<?xml version="1.0" encoding="UTF-8"?>
<testsuite xmlns:xsi="http://www.w3.org/2001/XMLSchema-instance" xsi:noNamespaceSchemaLocation="https://maven.apache.org/surefire/maven-surefire-plugin/xsd/surefire-test-report.xsd" name="org.apache.hadoop.ozone.client.rpc.Test2WayCommitInRatis" time="54.469" tests="1" errors="1" skipped="0" failures="0">
  <properties>
    <property name="awt.toolkit" value="sun.awt.X11.XToolkit"/>
    <property name="file.encoding.pkg" value="sun.io"/>
    <property name="java.specification.version" value="1.8"/>
    <property name="sun.cpu.isalist" value=""/>
    <property name="sun.jnu.encoding" value="UTF-8"/>
    <property name="java.class.path" value="/workdir/hadoop-ozone/integration-test/target/test-classes:/workdir/hadoop-ozone/integration-test/target/classes:/home/user/.m2/repository/org/apache/hadoop/hadoop-ozone-common/0.5.0-SNAPSHOT/hadoop-ozone-common-0.5.0-SNAPSHOT.jar:/home/user/.m2/repository/org/apache/commons/commons-compress/1.4.1/commons-compress-1.4.1.jar:/home/user/.m2/repository/org/tukaani/xz/1.0/xz-1.0.jar:/home/user/.m2/repository/org/apache/hadoop/hadoop-common/3.2.0/hadoop-common-3.2.0.jar:/home/user/.m2/repository/org/apache/hadoop/hadoop-hdfs/3.2.0/hadoop-hdfs-3.2.0.jar:/home/user/.m2/repository/org/apache/hadoop/hadoop-hdfs-client/3.2.0/hadoop-hdfs-client-3.2.0.jar:/home/user/.m2/repository/com/fasterxml/jackson/core/jackson-annotations/2.9.9/jackson-annotations-2.9.9.jar:/home/user/.m2/repository/org/apache/hadoop/hadoop-hdds-common/0.5.0-SNAPSHOT/hadoop-hdds-common-0.5.0-SNAPSHOT.jar:/home/user/.m2/repository/javax/annotation/javax.annotation-api/1.2/javax.annotation-api-1.2.jar:/home/user/.m2/repository/org/apache/ratis/ratis-server/0.4.0/ratis-server-0.4.0.jar:/home/user/.m2/repository/org/apache/ratis/ratis-thirdparty-misc/0.2.0/ratis-thirdparty-misc-0.2.0.jar:/home/user/.m2/repository/org/apache/ratis/ratis-proto/0.4.0/ratis-proto-0.4.0.jar:/home/user/.m2/repository/org/apache/ratis/ratis-common/0.4.0/ratis-common-0.4.0.jar:/home/user/.m2/repository/org/apache/ratis/ratis-client/0.4.0/ratis-client-0.4.0.jar:/home/user/.m2/repository/org/apache/ratis/ratis-metrics/0.4.0/ratis-metrics-0.4.0.jar:/home/user/.m2/repository/com/github/joshelser/dropwizard-metrics-hadoop-metrics2-reporter/0.1.2/dropwizard-metrics-hadoop-metrics2-reporter-0.1.2.jar:/home/user/.m2/repository/io/dropwizard/metrics/metrics-jvm/3.2.5/metrics-jvm-3.2.5.jar:/home/user/.m2/repository/io/dropwizard/metrics/metrics-ganglia/3.2.5/metrics-ganglia-3.2.5.jar:/home/user/.m2/repository/info/ganglia/gmetric4j/gmetric4j/1.0.7/gmetric4j-1.0.7.jar:/home/user/.m2/repository/org/apache/ratis/ratis-netty/0.4.0/ratis-netty-0.4.0.jar:/home/user/.m2/repository/org/apache/ratis/ratis-grpc/0.4.0/ratis-grpc-0.4.0.jar:/home/user/.m2/repository/org/rocksdb/rocksdbjni/6.0.1/rocksdbjni-6.0.1.jar:/home/user/.m2/repository/org/apache/logging/log4j/log4j-api/2.11.0/log4j-api-2.11.0.jar:/home/user/.m2/repository/org/apache/logging/log4j/log4j-core/2.11.0/log4j-core-2.11.0.jar:/home/user/.m2/repository/com/lmax/disruptor/3.4.2/disruptor-3.4.2.jar:/home/user/.m2/repository/org/apache/commons/commons-pool2/2.6.0/commons-pool2-2.6.0.jar:/home/user/.m2/repository/org/bouncycastle/bcpkix-jdk15on/1.60/bcpkix-jdk15on-1.60.jar:/home/user/.m2/repository/commons-validator/commons-validator/1.6/commons-validator-1.6.jar:/home/user/.m2/repository/commons-digester/commons-digester/1.8.1/commons-digester-1.8.1.jar:/home/user/.m2/repository/io/jaegertracing/jaeger-client/0.34.0/jaeger-client-0.34.0.jar:/home/user/.m2/repository/io/jaegertracing/jaeger-thrift/0.34.0/jaeger-thrift-0.34.0.jar:/home/user/.m2/repository/org/apache/thrift/libthrift/0.12.0/libthrift-0.12.0.jar:/home/user/.m2/repository/com/squareup/okhttp3/okhttp/3.9.0/okhttp-3.9.0.jar:/home/user/.m2/repository/com/squareup/okio/okio/1.13.0/okio-1.13.0.jar:/home/user/.m2/repository/io/jaegertracing/jaeger-core/0.34.0/jaeger-core-0.34.0.jar:/home/user/.m2/repository/io/jaegertracing/jaeger-tracerresolver/0.34.0/jaeger-tracerresolver-0.34.0.jar:/home/user/.m2/repository/io/opentracing/contrib/opentracing-tracerresolver/0.1.5/opentracing-tracerresolver-0.1.5.jar:/home/user/.m2/repository/io/opentracing/opentracing-util/0.31.0/opentracing-util-0.31.0.jar:/home/user/.m2/repository/io/opentracing/opentracing-api/0.31.0/opentracing-api-0.31.0.jar:/home/user/.m2/repository/io/opentracing/opentracing-noop/0.31.0/opentracing-noop-0.31.0.jar:/home/user/.m2/repository/org/apache/hadoop/hadoop-hdds-server-framework/0.5.0-SNAPSHOT/hadoop-hdds-server-framework-0.5.0-SNAPSHOT.jar:/home/user/.m2/repository/org/apache/hadoop/hadoop-hdds-container-service/0.5.0-SNAPSHOT/hadoop-hdds-container-service-0.5.0-SNAPSHOT.jar:/home/user/.m2/repository/org/apache/hadoop/hadoop-hdds-client/0.5.0-SNAPSHOT/hadoop-hdds-client-0.5.0-SNAPSHOT.jar:/home/user/.m2/repository/org/apache/hadoop/hadoop-hdds-tools/0.5.0-SNAPSHOT/hadoop-hdds-tools-0.5.0-SNAPSHOT.jar:/home/user/.m2/repository/org/apache/hadoop/hadoop-hdds-server-scm/0.5.0-SNAPSHOT/hadoop-hdds-server-scm-0.5.0-SNAPSHOT.jar:/home/user/.m2/repository/org/apache/hadoop/hadoop-hdds-docs/0.5.0-SNAPSHOT/hadoop-hdds-docs-0.5.0-SNAPSHOT.jar:/home/user/.m2/repository/io/dropwizard/metrics/metrics-core/3.2.4/metrics-core-3.2.4.jar:/home/user/.m2/repository/org/hamcrest/hamcrest-all/1.3/hamcrest-all-1.3.jar:/home/user/.m2/repository/org/bouncycastle/bcprov-jdk15on/1.60/bcprov-jdk15on-1.60.jar:/home/user/.m2/repository/info/picocli/picocli/3.9.6/picocli-3.9.6.jar:/home/user/.m2/repository/com/google/protobuf/protobuf-java/2.5.0/protobuf-java-2.5.0.jar:/home/user/.m2/repository/com/google/guava/guava/11.0.2/guava-11.0.2.jar:/home/user/.m2/repository/org/apache/hadoop/hadoop-ozone-ozone-manager/0.5.0-SNAPSHOT/hadoop-ozone-ozone-manager-0.5.0-SNAPSHOT.jar:/home/user/.m2/repository/org/apache/hadoop/hadoop-minikdc/3.2.0/hadoop-minikdc-3.2.0.jar:/home/user/.m2/repository/commons-io/commons-io/2.5/commons-io-2.5.jar:/home/user/.m2/repository/org/apache/kerby/kerb-simplekdc/1.0.1/kerb-simplekdc-1.0.1.jar:/home/user/.m2/repository/org/apache/kerby/kerb-client/1.0.1/kerb-client-1.0.1.jar:/home/user/.m2/repository/org/apache/kerby/kerby-config/1.0.1/kerby-config-1.0.1.jar:/home/user/.m2/repository/org/apache/kerby/kerb-core/1.0.1/kerb-core-1.0.1.jar:/home/user/.m2/repository/org/apache/kerby/kerby-pkix/1.0.1/kerby-pkix-1.0.1.jar:/home/user/.m2/repository/org/apache/kerby/kerby-asn1/1.0.1/kerby-asn1-1.0.1.jar:/home/user/.m2/repository/org/apache/kerby/kerby-util/1.0.1/kerby-util-1.0.1.jar:/home/user/.m2/repository/org/apache/kerby/kerb-common/1.0.1/kerb-common-1.0.1.jar:/home/user/.m2/repository/org/apache/kerby/kerb-crypto/1.0.1/kerb-crypto-1.0.1.jar:/home/user/.m2/repository/org/apache/kerby/kerb-util/1.0.1/kerb-util-1.0.1.jar:/home/user/.m2/repository/org/apache/kerby/token-provider/1.0.1/token-provider-1.0.1.jar:/home/user/.m2/repository/org/apache/kerby/kerb-admin/1.0.1/kerb-admin-1.0.1.jar:/home/user/.m2/repository/org/apache/kerby/kerb-server/1.0.1/kerb-server-1.0.1.jar:/home/user/.m2/repository/org/apache/kerby/kerb-identity/1.0.1/kerb-identity-1.0.1.jar:/home/user/.m2/repository/org/apache/kerby/kerby-xdr/1.0.1/kerby-xdr-1.0.1.jar:/home/user/.m2/repository/org/slf4j/slf4j-log4j12/1.7.25/slf4j-log4j12-1.7.25.jar:/home/user/.m2/repository/org/apache/hadoop/hadoop-ozone-s3gateway/0.5.0-SNAPSHOT/hadoop-ozone-s3gateway-0.5.0-SNAPSHOT.jar:/home/user/.m2/repository/org/jboss/weld/servlet/weld-servlet/2.4.7.Final/weld-servlet-2.4.7.Final.jar:/home/user/.m2/repository/org/glassfish/jersey/containers/jersey-container-servlet-core/2.27/jersey-container-servlet-core-2.27.jar:/home/user/.m2/repository/org/glassfish/hk2/external/javax.inject/2.5.0-b42/javax.inject-2.5.0-b42.jar:/home/user/.m2/repository/org/glassfish/jersey/core/jersey-common/2.27/jersey-common-2.27.jar:/home/user/.m2/repository/org/glassfish/hk2/osgi-resource-locator/1.0.1/osgi-resource-locator-1.0.1.jar:/home/user/.m2/repository/javax/ws/rs/javax.ws.rs-api/2.1/javax.ws.rs-api-2.1.jar:/home/user/.m2/repository/org/glassfish/jersey/ext/cdi/jersey-cdi1x/2.27/jersey-cdi1x-2.27.jar:/home/user/.m2/repository/org/glassfish/jersey/inject/jersey-hk2/2.27/jersey-hk2-2.27.jar:/home/user/.m2/repository/org/glassfish/hk2/hk2-locator/2.5.0-b42/hk2-locator-2.5.0-b42.jar:/home/user/.m2/repository/org/javassist/javassist/3.22.0-CR2/javassist-3.22.0-CR2.jar:/home/user/.m2/repository/org/glassfish/hk2/hk2-api/2.5.0/hk2-api-2.5.0.jar:/home/user/.m2/repository/org/glassfish/hk2/external/jakarta.inject/2.5.0/jakarta.inject-2.5.0.jar:/home/user/.m2/repository/org/glassfish/hk2/hk2-utils/2.5.0/hk2-utils-2.5.0.jar:/home/user/.m2/repository/jakarta/annotation/jakarta.annotation-api/1.3.4/jakarta.annotation-api-1.3.4.jar:/home/user/.m2/repository/org/glassfish/hk2/external/aopalliance-repackaged/2.5.0/aopalliance-repackaged-2.5.0.jar:/home/user/.m2/repository/com/fasterxml/jackson/dataformat/jackson-dataformat-xml/2.9.0/jackson-dataformat-xml-2.9.0.jar:/home/user/.m2/repository/com/fasterxml/jackson/core/jackson-core/2.9.9/jackson-core-2.9.9.jar:/home/user/.m2/repository/com/fasterxml/jackson/module/jackson-module-jaxb-annotations/2.9.9/jackson-module-jaxb-annotations-2.9.9.jar:/home/user/.m2/repository/javax/enterprise/cdi-api/1.2/cdi-api-1.2.jar:/home/user/.m2/repository/javax/el/javax.el-api/3.0.0/javax.el-api-3.0.0.jar:/home/user/.m2/repository/javax/interceptor/javax.interceptor-api/1.2/javax.interceptor-api-1.2.jar:/home/user/.m2/repository/javax/inject/javax.inject/1/javax.inject-1.jar:/home/user/.m2/repository/com/sun/xml/bind/jaxb-impl/2.3.0.1/jaxb-impl-2.3.0.1.jar:/home/user/.m2/repository/com/sun/xml/bind/jaxb-core/2.3.0.1/jaxb-core-2.3.0.1.jar:/home/user/.m2/repository/javax/xml/bind/jaxb-api/2.3.0/jaxb-api-2.3.0.jar:/home/user/.m2/repository/javax/activation/activation/1.1.1/activation-1.1.1.jar:/home/user/.m2/repository/org/apache/hadoop/hadoop-ozone-csi/0.5.0-SNAPSHOT/hadoop-ozone-csi-0.5.0-SNAPSHOT.jar:/home/user/.m2/repository/com/google/protobuf/protobuf-java-util/3.5.1/protobuf-java-util-3.5.1.jar:/home/user/.m2/repository/org/apache/hadoop/hadoop-hdds-config/0.5.0-SNAPSHOT/hadoop-hdds-config-0.5.0-SNAPSHOT.jar:/home/user/.m2/repository/io/grpc/grpc-netty/1.17.1/grpc-netty-1.17.1.jar:/home/user/.m2/repository/io/grpc/grpc-core/1.17.1/grpc-core-1.17.1.jar:/home/user/.m2/repository/io/grpc/grpc-context/1.17.1/grpc-context-1.17.1.jar:/home/user/.m2/repository/com/google/errorprone/error_prone_annotations/2.2.0/error_prone_annotations-2.2.0.jar:/home/user/.m2/repository/org/codehaus/mojo/animal-sniffer-annotations/1.17/animal-sniffer-annotations-1.17.jar:/home/user/.m2/repository/io/opencensus/opencensus-api/0.17.0/opencensus-api-0.17.0.jar:/home/user/.m2/repository/io/opencensus/opencensus-contrib-grpc-metrics/0.17.0/opencensus-contrib-grpc-metrics-0.17.0.jar:/home/user/.m2/repository/io/netty/netty-codec-http2/4.1.30.Final/netty-codec-http2-4.1.30.Final.jar:/home/user/.m2/repository/io/netty/netty-codec-http/4.1.30.Final/netty-codec-http-4.1.30.Final.jar:/home/user/.m2/repository/io/netty/netty-codec/4.1.30.Final/netty-codec-4.1.30.Final.jar:/home/user/.m2/repository/io/netty/netty-handler/4.1.30.Final/netty-handler-4.1.30.Final.jar:/home/user/.m2/repository/io/netty/netty-handler-proxy/4.1.30.Final/netty-handler-proxy-4.1.30.Final.jar:/home/user/.m2/repository/io/netty/netty-codec-socks/4.1.30.Final/netty-codec-socks-4.1.30.Final.jar:/home/user/.m2/repository/io/netty/netty-transport-native-epoll/4.1.30.Final/netty-transport-native-epoll-4.1.30.Final.jar:/home/user/.m2/repository/io/netty/netty-common/4.1.30.Final/netty-common-4.1.30.Final.jar:/home/user/.m2/repository/io/netty/netty-buffer/4.1.30.Final/netty-buffer-4.1.30.Final.jar:/home/user/.m2/repository/io/netty/netty-transport/4.1.30.Final/netty-transport-4.1.30.Final.jar:/home/user/.m2/repository/io/netty/netty-resolver/4.1.30.Final/netty-resolver-4.1.30.Final.jar:/home/user/.m2/repository/io/netty/netty-transport-native-unix-common/4.1.30.Final/netty-transport-native-unix-common-4.1.30.Final.jar:/home/user/.m2/repository/io/grpc/grpc-protobuf/1.17.1/grpc-protobuf-1.17.1.jar:/home/user/.m2/repository/com/google/api/grpc/proto-google-common-protos/1.0.0/proto-google-common-protos-1.0.0.jar:/home/user/.m2/repository/io/grpc/grpc-protobuf-lite/1.17.1/grpc-protobuf-lite-1.17.1.jar:/home/user/.m2/repository/io/grpc/grpc-stub/1.17.1/grpc-stub-1.17.1.jar:/home/user/.m2/repository/org/apache/hadoop/hadoop-ozone-recon/0.5.0-SNAPSHOT/hadoop-ozone-recon-0.5.0-SNAPSHOT.jar:/home/user/.m2/repository/org/apache/hadoop/hadoop-ozone-reconcodegen/0.5.0-SNAPSHOT/hadoop-ozone-reconcodegen-0.5.0-SNAPSHOT.jar:/home/user/.m2/repository/com/google/inject/extensions/guice-multibindings/4.0/guice-multibindings-4.0.jar:/home/user/.m2/repository/com/google/inject/guice/4.0/guice-4.0.jar:/home/user/.m2/repository/aopalliance/aopalliance/1.0/aopalliance-1.0.jar:/home/user/.m2/repository/com/google/inject/extensions/guice-servlet/4.0/guice-servlet-4.0.jar:/home/user/.m2/repository/org/glassfish/jersey/containers/jersey-container-servlet/2.27/jersey-container-servlet-2.27.jar:/home/user/.m2/repository/org/glassfish/hk2/guice-bridge/2.5.0/guice-bridge-2.5.0.jar:/home/user/.m2/repository/org/glassfish/jersey/core/jersey-server/2.27/jersey-server-2.27.jar:/home/user/.m2/repository/org/glassfish/jersey/core/jersey-client/2.27/jersey-client-2.27.jar:/home/user/.m2/repository/org/glassfish/jersey/media/jersey-media-jaxb/2.27/jersey-media-jaxb-2.27.jar:/home/user/.m2/repository/javax/validation/validation-api/1.1.0.Final/validation-api-1.1.0.Final.jar:/home/user/.m2/repository/org/glassfish/jersey/media/jersey-media-json-jackson/2.27/jersey-media-json-jackson-2.27.jar:/home/user/.m2/repository/org/glassfish/jersey/ext/jersey-entity-filtering/2.27/jersey-entity-filtering-2.27.jar:/home/user/.m2/repository/com/google/inject/extensions/guice-assistedinject/4.0/guice-assistedinject-4.0.jar:/home/user/.m2/repository/org/jooq/jooq/3.11.10/jooq-3.11.10.jar:/home/user/.m2/repository/org/jooq/jooq-meta/3.11.10/jooq-meta-3.11.10.jar:/home/user/.m2/repository/org/jooq/jooq-codegen/3.11.10/jooq-codegen-3.11.10.jar:/home/user/.m2/repository/com/jolbox/bonecp/0.8.0.RELEASE/bonecp-0.8.0.RELEASE.jar:/home/user/.m2/repository/org/xerial/sqlite-jdbc/3.25.2/sqlite-jdbc-3.25.2.jar:/home/user/.m2/repository/org/springframework/spring-jdbc/5.1.3.RELEASE/spring-jdbc-5.1.3.RELEASE.jar:/home/user/.m2/repository/org/springframework/spring-beans/5.1.3.RELEASE/spring-beans-5.1.3.RELEASE.jar:/home/user/.m2/repository/org/springframework/spring-core/5.1.3.RELEASE/spring-core-5.1.3.RELEASE.jar:/home/user/.m2/repository/org/springframework/spring-jcl/5.1.3.RELEASE/spring-jcl-5.1.3.RELEASE.jar:/home/user/.m2/repository/org/springframework/spring-tx/5.1.3.RELEASE/spring-tx-5.1.3.RELEASE.jar:/home/user/.m2/repository/org/apache/hadoop/hadoop-ozone-client/0.5.0-SNAPSHOT/hadoop-ozone-client-0.5.0-SNAPSHOT.jar:/home/user/.m2/repository/commons-lang/commons-lang/2.6/commons-lang-2.6.jar:/home/user/.m2/repository/org/apache/hadoop/hadoop-ozone-ozone-manager/0.5.0-SNAPSHOT/hadoop-ozone-ozone-manager-0.5.0-SNAPSHOT-tests.jar:/home/user/.m2/repository/junit/junit/4.11/junit-4.11.jar:/home/user/.m2/repository/org/hamcrest/hamcrest-core/1.3/hamcrest-core-1.3.jar:/home/user/.m2/repository/org/openjdk/jmh/jmh-core/1.19/jmh-core-1.19.jar:/home/user/.m2/repository/net/sf/jopt-simple/jopt-simple/4.6/jopt-simple-4.6.jar:/home/user/.m2/repository/org/apache/commons/commons-math3/3.1.1/commons-math3-3.1.1.jar:/home/user/.m2/repository/org/openjdk/jmh/jmh-generator-annprocess/1.19/jmh-generator-annprocess-1.19.jar:/home/user/.m2/repository/org/mockito/mockito-all/1.8.5/mockito-all-1.8.5.jar:/home/user/.m2/repository/org/apache/hadoop/hadoop-kms/3.2.0/hadoop-kms-3.2.0.jar:/home/user/.m2/repository/org/apache/hadoop/hadoop-auth/3.2.0/hadoop-auth-3.2.0.jar:/home/user/.m2/repository/com/nimbusds/nimbus-jose-jwt/4.41.1/nimbus-jose-jwt-4.41.1.jar:/home/user/.m2/repository/com/github/stephenc/jcip/jcip-annotations/1.0-1/jcip-annotations-1.0-1.jar:/home/user/.m2/repository/net/minidev/json-smart/2.3/json-smart-2.3.jar:/home/user/.m2/repository/net/minidev/accessors-smart/1.2/accessors-smart-1.2.jar:/home/user/.m2/repository/org/ow2/asm/asm/5.0.4/asm-5.0.4.jar:/home/user/.m2/repository/org/apache/curator/curator-framework/2.12.0/curator-framework-2.12.0.jar:/home/user/.m2/repository/com/sun/jersey/jersey-core/1.19/jersey-core-1.19.jar:/home/user/.m2/repository/javax/ws/rs/jsr311-api/1.1.1/jsr311-api-1.1.1.jar:/home/user/.m2/repository/com/sun/jersey/jersey-server/1.19/jersey-server-1.19.jar:/home/user/.m2/repository/javax/servlet/javax.servlet-api/3.1.0/javax.servlet-api-3.1.0.jar:/home/user/.m2/repository/org/eclipse/jetty/jetty-server/9.3.25.v20180904/jetty-server-9.3.25.v20180904.jar:/home/user/.m2/repository/org/eclipse/jetty/jetty-http/9.3.25.v20180904/jetty-http-9.3.25.v20180904.jar:/home/user/.m2/repository/org/eclipse/jetty/jetty-io/9.3.25.v20180904/jetty-io-9.3.25.v20180904.jar:/home/user/.m2/repository/org/eclipse/jetty/jetty-webapp/9.3.25.v20180904/jetty-webapp-9.3.25.v20180904.jar:/home/user/.m2/repository/org/eclipse/jetty/jetty-xml/9.3.25.v20180904/jetty-xml-9.3.25.v20180904.jar:/home/user/.m2/repository/log4j/log4j/1.2.17/log4j-1.2.17.jar:/home/user/.m2/repository/org/slf4j/slf4j-api/1.7.25/slf4j-api-1.7.25.jar:/home/user/.m2/repository/org/slf4j/jul-to-slf4j/1.7.25/jul-to-slf4j-1.7.25.jar:/home/user/.m2/repository/org/eclipse/jetty/jetty-util/9.3.25.v20180904/jetty-util-9.3.25.v20180904.jar:/home/user/.m2/repository/com/fasterxml/jackson/core/jackson-databind/2.9.9/jackson-databind-2.9.9.jar:/home/user/.m2/repository/org/apache/hadoop/hadoop-kms/3.2.0/hadoop-kms-3.2.0-tests.jar:/home/user/.m2/repository/org/apache/hadoop/hadoop-hdds-server-scm/0.5.0-SNAPSHOT/hadoop-hdds-server-scm-0.5.0-SNAPSHOT-tests.jar:/home/user/.m2/repository/org/apache/hadoop/hadoop-hdds-container-service/0.5.0-SNAPSHOT/hadoop-hdds-container-service-0.5.0-SNAPSHOT-tests.jar:/home/user/.m2/repository/org/yaml/snakeyaml/1.16/snakeyaml-1.16.jar:/home/user/.m2/repository/org/apache/hadoop/hadoop-common/3.2.0/hadoop-common-3.2.0-tests.jar:/home/user/.m2/repository/org/apache/hadoop/hadoop-annotations/3.2.0/hadoop-annotations-3.2.0.jar:/usr/lib/jvm/java-1.8-openjdk/jre/../lib/tools.jar:/home/user/.m2/repository/commons-cli/commons-cli/1.2/commons-cli-1.2.jar:/home/user/.m2/repository/org/apache/httpcomponents/httpclient/4.5.2/httpclient-4.5.2.jar:/home/user/.m2/repository/org/apache/httpcomponents/httpcore/4.4.4/httpcore-4.4.4.jar:/home/user/.m2/repository/commons-codec/commons-codec/1.11/commons-codec-1.11.jar:/home/user/.m2/repository/commons-net/commons-net/3.6/commons-net-3.6.jar:/home/user/.m2/repository/commons-collections/commons-collections/3.2.2/commons-collections-3.2.2.jar:/home/user/.m2/repository/org/eclipse/jetty/jetty-servlet/9.3.25.v20180904/jetty-servlet-9.3.25.v20180904.jar:/home/user/.m2/repository/org/eclipse/jetty/jetty-security/9.3.25.v20180904/jetty-security-9.3.25.v20180904.jar:/home/user/.m2/repository/javax/servlet/jsp/jsp-api/2.1/jsp-api-2.1.jar:/home/user/.m2/repository/com/sun/jersey/jersey-servlet/1.19/jersey-servlet-1.19.jar:/home/user/.m2/repository/com/sun/jersey/jersey-json/1.19/jersey-json-1.19.jar:/home/user/.m2/repository/org/codehaus/jettison/jettison/1.1/jettison-1.1.jar:/home/user/.m2/repository/org/codehaus/jackson/jackson-core-asl/1.9.13/jackson-core-asl-1.9.13.jar:/home/user/.m2/repository/org/codehaus/jackson/jackson-mapper-asl/1.9.13/jackson-mapper-asl-1.9.13.jar:/home/user/.m2/repository/org/codehaus/jackson/jackson-jaxrs/1.9.13/jackson-jaxrs-1.9.13.jar:/home/user/.m2/repository/org/codehaus/jackson/jackson-xc/1.9.13/jackson-xc-1.9.13.jar:/home/user/.m2/repository/commons-logging/commons-logging/1.1.3/commons-logging-1.1.3.jar:/home/user/.m2/repository/commons-beanutils/commons-beanutils/1.9.4/commons-beanutils-1.9.4.jar:/home/user/.m2/repository/org/apache/commons/commons-configuration2/2.1.1/commons-configuration2-2.1.1.jar:/home/user/.m2/repository/org/apache/commons/commons-lang3/3.7/commons-lang3-3.7.jar:/home/user/.m2/repository/org/apache/commons/commons-text/1.4/commons-text-1.4.jar:/home/user/.m2/repository/org/apache/avro/avro/1.7.7/avro-1.7.7.jar:/home/user/.m2/repository/com/thoughtworks/paranamer/paranamer/2.3/paranamer-2.3.jar:/home/user/.m2/repository/org/xerial/snappy/snappy-java/1.0.5/snappy-java-1.0.5.jar:/home/user/.m2/repository/com/google/re2j/re2j/1.1/re2j-1.1.jar:/home/user/.m2/repository/com/google/code/gson/gson/2.2.4/gson-2.2.4.jar:/home/user/.m2/repository/com/jcraft/jsch/0.1.54/jsch-0.1.54.jar:/home/user/.m2/repository/org/apache/curator/curator-client/2.12.0/curator-client-2.12.0.jar:/home/user/.m2/repository/org/apache/curator/curator-recipes/2.12.0/curator-recipes-2.12.0.jar:/home/user/.m2/repository/com/google/code/findbugs/jsr305/3.0.0/jsr305-3.0.0.jar:/home/user/.m2/repository/org/apache/htrace/htrace-core4/4.1.0-incubating/htrace-core4-4.1.0-incubating.jar:/home/user/.m2/repository/org/apache/zookeeper/zookeeper/3.4.13/zookeeper-3.4.13.jar:/home/user/.m2/repository/jline/jline/0.9.94/jline-0.9.94.jar:/home/user/.m2/repository/org/apache/yetus/audience-annotations/0.5.0/audience-annotations-0.5.0.jar:/home/user/.m2/repository/org/codehaus/woodstox/stax2-api/3.1.4/stax2-api-3.1.4.jar:/home/user/.m2/repository/com/fasterxml/woodstox/woodstox-core/5.0.3/woodstox-core-5.0.3.jar:/home/user/.m2/repository/dnsjava/dnsjava/2.1.7/dnsjava-2.1.7.jar:/home/user/.m2/repository/org/apache/hadoop/hadoop-hdfs/3.2.0/hadoop-hdfs-3.2.0-tests.jar:/home/user/.m2/repository/org/eclipse/jetty/jetty-util-ajax/9.3.25.v20180904/jetty-util-ajax-9.3.25.v20180904.jar:/home/user/.m2/repository/commons-daemon/commons-daemon/1.0.13/commons-daemon-1.0.13.jar:/home/user/.m2/repository/io/netty/netty/3.10.5.Final/netty-3.10.5.Final.jar:/home/user/.m2/repository/io/netty/netty-all/4.0.52.Final/netty-all-4.0.52.Final.jar:/home/user/.m2/repository/org/fusesource/leveldbjni/leveldbjni-all/1.8/leveldbjni-all-1.8.jar:"/>
    <property name="java.vm.vendor" value="IcedTea"/>
    <property name="sun.arch.data.model" value="64"/>
    <property name="test.build.dir" value="/workdir/hadoop-ozone/integration-test/target/test-dir"/>
    <property name="test.cache.data" value=""/>
    <property name="java.vendor.url" value="https://icedtea.classpath.org"/>
    <property name="user.timezone" value=""/>
    <property name="java.vm.specification.version" value="1.8"/>
    <property name="os.name" value="Linux"/>
    <property name="test.build.data" value="/workdir/hadoop-ozone/integration-test/target/test-dir"/>
    <property name="user.country" value="US"/>
    <property name="sun.java.launcher" value="SUN_STANDARD"/>
    <property name="sun.boot.library.path" value="/usr/lib/jvm/java-1.8-openjdk/jre/lib/amd64"/>
    <property name="sun.java.command" value="/workdir/hadoop-ozone/integration-test/target/surefire/surefirebooter5635343272495287952.jar /workdir/hadoop-ozone/integration-test/target/surefire 2019-09-25T03-07-58_965-jvmRun1 surefire9197699712847437816tmp surefire_496430620588378924848tmp"/>
    <property name="test" value="!TestMiniChaosOzoneCluster"/>
    <property name="surefire.test.class.path" value="/workdir/hadoop-ozone/integration-test/target/test-classes:/workdir/hadoop-ozone/integration-test/target/classes:/home/user/.m2/repository/org/apache/hadoop/hadoop-ozone-common/0.5.0-SNAPSHOT/hadoop-ozone-common-0.5.0-SNAPSHOT.jar:/home/user/.m2/repository/org/apache/commons/commons-compress/1.4.1/commons-compress-1.4.1.jar:/home/user/.m2/repository/org/tukaani/xz/1.0/xz-1.0.jar:/home/user/.m2/repository/org/apache/hadoop/hadoop-common/3.2.0/hadoop-common-3.2.0.jar:/home/user/.m2/repository/org/apache/hadoop/hadoop-hdfs/3.2.0/hadoop-hdfs-3.2.0.jar:/home/user/.m2/repository/org/apache/hadoop/hadoop-hdfs-client/3.2.0/hadoop-hdfs-client-3.2.0.jar:/home/user/.m2/repository/com/fasterxml/jackson/core/jackson-annotations/2.9.9/jackson-annotations-2.9.9.jar:/home/user/.m2/repository/org/apache/hadoop/hadoop-hdds-common/0.5.0-SNAPSHOT/hadoop-hdds-common-0.5.0-SNAPSHOT.jar:/home/user/.m2/repository/javax/annotation/javax.annotation-api/1.2/javax.annotation-api-1.2.jar:/home/user/.m2/repository/org/apache/ratis/ratis-server/0.4.0/ratis-server-0.4.0.jar:/home/user/.m2/repository/org/apache/ratis/ratis-thirdparty-misc/0.2.0/ratis-thirdparty-misc-0.2.0.jar:/home/user/.m2/repository/org/apache/ratis/ratis-proto/0.4.0/ratis-proto-0.4.0.jar:/home/user/.m2/repository/org/apache/ratis/ratis-common/0.4.0/ratis-common-0.4.0.jar:/home/user/.m2/repository/org/apache/ratis/ratis-client/0.4.0/ratis-client-0.4.0.jar:/home/user/.m2/repository/org/apache/ratis/ratis-metrics/0.4.0/ratis-metrics-0.4.0.jar:/home/user/.m2/repository/com/github/joshelser/dropwizard-metrics-hadoop-metrics2-reporter/0.1.2/dropwizard-metrics-hadoop-metrics2-reporter-0.1.2.jar:/home/user/.m2/repository/io/dropwizard/metrics/metrics-jvm/3.2.5/metrics-jvm-3.2.5.jar:/home/user/.m2/repository/io/dropwizard/metrics/metrics-ganglia/3.2.5/metrics-ganglia-3.2.5.jar:/home/user/.m2/repository/info/ganglia/gmetric4j/gmetric4j/1.0.7/gmetric4j-1.0.7.jar:/home/user/.m2/repository/org/apache/ratis/ratis-netty/0.4.0/ratis-netty-0.4.0.jar:/home/user/.m2/repository/org/apache/ratis/ratis-grpc/0.4.0/ratis-grpc-0.4.0.jar:/home/user/.m2/repository/org/rocksdb/rocksdbjni/6.0.1/rocksdbjni-6.0.1.jar:/home/user/.m2/repository/org/apache/logging/log4j/log4j-api/2.11.0/log4j-api-2.11.0.jar:/home/user/.m2/repository/org/apache/logging/log4j/log4j-core/2.11.0/log4j-core-2.11.0.jar:/home/user/.m2/repository/com/lmax/disruptor/3.4.2/disruptor-3.4.2.jar:/home/user/.m2/repository/org/apache/commons/commons-pool2/2.6.0/commons-pool2-2.6.0.jar:/home/user/.m2/repository/org/bouncycastle/bcpkix-jdk15on/1.60/bcpkix-jdk15on-1.60.jar:/home/user/.m2/repository/commons-validator/commons-validator/1.6/commons-validator-1.6.jar:/home/user/.m2/repository/commons-digester/commons-digester/1.8.1/commons-digester-1.8.1.jar:/home/user/.m2/repository/io/jaegertracing/jaeger-client/0.34.0/jaeger-client-0.34.0.jar:/home/user/.m2/repository/io/jaegertracing/jaeger-thrift/0.34.0/jaeger-thrift-0.34.0.jar:/home/user/.m2/repository/org/apache/thrift/libthrift/0.12.0/libthrift-0.12.0.jar:/home/user/.m2/repository/com/squareup/okhttp3/okhttp/3.9.0/okhttp-3.9.0.jar:/home/user/.m2/repository/com/squareup/okio/okio/1.13.0/okio-1.13.0.jar:/home/user/.m2/repository/io/jaegertracing/jaeger-core/0.34.0/jaeger-core-0.34.0.jar:/home/user/.m2/repository/io/jaegertracing/jaeger-tracerresolver/0.34.0/jaeger-tracerresolver-0.34.0.jar:/home/user/.m2/repository/io/opentracing/contrib/opentracing-tracerresolver/0.1.5/opentracing-tracerresolver-0.1.5.jar:/home/user/.m2/repository/io/opentracing/opentracing-util/0.31.0/opentracing-util-0.31.0.jar:/home/user/.m2/repository/io/opentracing/opentracing-api/0.31.0/opentracing-api-0.31.0.jar:/home/user/.m2/repository/io/opentracing/opentracing-noop/0.31.0/opentracing-noop-0.31.0.jar:/home/user/.m2/repository/org/apache/hadoop/hadoop-hdds-server-framework/0.5.0-SNAPSHOT/hadoop-hdds-server-framework-0.5.0-SNAPSHOT.jar:/home/user/.m2/repository/org/apache/hadoop/hadoop-hdds-container-service/0.5.0-SNAPSHOT/hadoop-hdds-container-service-0.5.0-SNAPSHOT.jar:/home/user/.m2/repository/org/apache/hadoop/hadoop-hdds-client/0.5.0-SNAPSHOT/hadoop-hdds-client-0.5.0-SNAPSHOT.jar:/home/user/.m2/repository/org/apache/hadoop/hadoop-hdds-tools/0.5.0-SNAPSHOT/hadoop-hdds-tools-0.5.0-SNAPSHOT.jar:/home/user/.m2/repository/org/apache/hadoop/hadoop-hdds-server-scm/0.5.0-SNAPSHOT/hadoop-hdds-server-scm-0.5.0-SNAPSHOT.jar:/home/user/.m2/repository/org/apache/hadoop/hadoop-hdds-docs/0.5.0-SNAPSHOT/hadoop-hdds-docs-0.5.0-SNAPSHOT.jar:/home/user/.m2/repository/io/dropwizard/metrics/metrics-core/3.2.4/metrics-core-3.2.4.jar:/home/user/.m2/repository/org/hamcrest/hamcrest-all/1.3/hamcrest-all-1.3.jar:/home/user/.m2/repository/org/bouncycastle/bcprov-jdk15on/1.60/bcprov-jdk15on-1.60.jar:/home/user/.m2/repository/info/picocli/picocli/3.9.6/picocli-3.9.6.jar:/home/user/.m2/repository/com/google/protobuf/protobuf-java/2.5.0/protobuf-java-2.5.0.jar:/home/user/.m2/repository/com/google/guava/guava/11.0.2/guava-11.0.2.jar:/home/user/.m2/repository/org/apache/hadoop/hadoop-ozone-ozone-manager/0.5.0-SNAPSHOT/hadoop-ozone-ozone-manager-0.5.0-SNAPSHOT.jar:/home/user/.m2/repository/org/apache/hadoop/hadoop-minikdc/3.2.0/hadoop-minikdc-3.2.0.jar:/home/user/.m2/repository/commons-io/commons-io/2.5/commons-io-2.5.jar:/home/user/.m2/repository/org/apache/kerby/kerb-simplekdc/1.0.1/kerb-simplekdc-1.0.1.jar:/home/user/.m2/repository/org/apache/kerby/kerb-client/1.0.1/kerb-client-1.0.1.jar:/home/user/.m2/repository/org/apache/kerby/kerby-config/1.0.1/kerby-config-1.0.1.jar:/home/user/.m2/repository/org/apache/kerby/kerb-core/1.0.1/kerb-core-1.0.1.jar:/home/user/.m2/repository/org/apache/kerby/kerby-pkix/1.0.1/kerby-pkix-1.0.1.jar:/home/user/.m2/repository/org/apache/kerby/kerby-asn1/1.0.1/kerby-asn1-1.0.1.jar:/home/user/.m2/repository/org/apache/kerby/kerby-util/1.0.1/kerby-util-1.0.1.jar:/home/user/.m2/repository/org/apache/kerby/kerb-common/1.0.1/kerb-common-1.0.1.jar:/home/user/.m2/repository/org/apache/kerby/kerb-crypto/1.0.1/kerb-crypto-1.0.1.jar:/home/user/.m2/repository/org/apache/kerby/kerb-util/1.0.1/kerb-util-1.0.1.jar:/home/user/.m2/repository/org/apache/kerby/token-provider/1.0.1/token-provider-1.0.1.jar:/home/user/.m2/repository/org/apache/kerby/kerb-admin/1.0.1/kerb-admin-1.0.1.jar:/home/user/.m2/repository/org/apache/kerby/kerb-server/1.0.1/kerb-server-1.0.1.jar:/home/user/.m2/repository/org/apache/kerby/kerb-identity/1.0.1/kerb-identity-1.0.1.jar:/home/user/.m2/repository/org/apache/kerby/kerby-xdr/1.0.1/kerby-xdr-1.0.1.jar:/home/user/.m2/repository/org/slf4j/slf4j-log4j12/1.7.25/slf4j-log4j12-1.7.25.jar:/home/user/.m2/repository/org/apache/hadoop/hadoop-ozone-s3gateway/0.5.0-SNAPSHOT/hadoop-ozone-s3gateway-0.5.0-SNAPSHOT.jar:/home/user/.m2/repository/org/jboss/weld/servlet/weld-servlet/2.4.7.Final/weld-servlet-2.4.7.Final.jar:/home/user/.m2/repository/org/glassfish/jersey/containers/jersey-container-servlet-core/2.27/jersey-container-servlet-core-2.27.jar:/home/user/.m2/repository/org/glassfish/hk2/external/javax.inject/2.5.0-b42/javax.inject-2.5.0-b42.jar:/home/user/.m2/repository/org/glassfish/jersey/core/jersey-common/2.27/jersey-common-2.27.jar:/home/user/.m2/repository/org/glassfish/hk2/osgi-resource-locator/1.0.1/osgi-resource-locator-1.0.1.jar:/home/user/.m2/repository/javax/ws/rs/javax.ws.rs-api/2.1/javax.ws.rs-api-2.1.jar:/home/user/.m2/repository/org/glassfish/jersey/ext/cdi/jersey-cdi1x/2.27/jersey-cdi1x-2.27.jar:/home/user/.m2/repository/org/glassfish/jersey/inject/jersey-hk2/2.27/jersey-hk2-2.27.jar:/home/user/.m2/repository/org/glassfish/hk2/hk2-locator/2.5.0-b42/hk2-locator-2.5.0-b42.jar:/home/user/.m2/repository/org/javassist/javassist/3.22.0-CR2/javassist-3.22.0-CR2.jar:/home/user/.m2/repository/org/glassfish/hk2/hk2-api/2.5.0/hk2-api-2.5.0.jar:/home/user/.m2/repository/org/glassfish/hk2/external/jakarta.inject/2.5.0/jakarta.inject-2.5.0.jar:/home/user/.m2/repository/org/glassfish/hk2/hk2-utils/2.5.0/hk2-utils-2.5.0.jar:/home/user/.m2/repository/jakarta/annotation/jakarta.annotation-api/1.3.4/jakarta.annotation-api-1.3.4.jar:/home/user/.m2/repository/org/glassfish/hk2/external/aopalliance-repackaged/2.5.0/aopalliance-repackaged-2.5.0.jar:/home/user/.m2/repository/com/fasterxml/jackson/dataformat/jackson-dataformat-xml/2.9.0/jackson-dataformat-xml-2.9.0.jar:/home/user/.m2/repository/com/fasterxml/jackson/core/jackson-core/2.9.9/jackson-core-2.9.9.jar:/home/user/.m2/repository/com/fasterxml/jackson/module/jackson-module-jaxb-annotations/2.9.9/jackson-module-jaxb-annotations-2.9.9.jar:/home/user/.m2/repository/javax/enterprise/cdi-api/1.2/cdi-api-1.2.jar:/home/user/.m2/repository/javax/el/javax.el-api/3.0.0/javax.el-api-3.0.0.jar:/home/user/.m2/repository/javax/interceptor/javax.interceptor-api/1.2/javax.interceptor-api-1.2.jar:/home/user/.m2/repository/javax/inject/javax.inject/1/javax.inject-1.jar:/home/user/.m2/repository/com/sun/xml/bind/jaxb-impl/2.3.0.1/jaxb-impl-2.3.0.1.jar:/home/user/.m2/repository/com/sun/xml/bind/jaxb-core/2.3.0.1/jaxb-core-2.3.0.1.jar:/home/user/.m2/repository/javax/xml/bind/jaxb-api/2.3.0/jaxb-api-2.3.0.jar:/home/user/.m2/repository/javax/activation/activation/1.1.1/activation-1.1.1.jar:/home/user/.m2/repository/org/apache/hadoop/hadoop-ozone-csi/0.5.0-SNAPSHOT/hadoop-ozone-csi-0.5.0-SNAPSHOT.jar:/home/user/.m2/repository/com/google/protobuf/protobuf-java-util/3.5.1/protobuf-java-util-3.5.1.jar:/home/user/.m2/repository/org/apache/hadoop/hadoop-hdds-config/0.5.0-SNAPSHOT/hadoop-hdds-config-0.5.0-SNAPSHOT.jar:/home/user/.m2/repository/io/grpc/grpc-netty/1.17.1/grpc-netty-1.17.1.jar:/home/user/.m2/repository/io/grpc/grpc-core/1.17.1/grpc-core-1.17.1.jar:/home/user/.m2/repository/io/grpc/grpc-context/1.17.1/grpc-context-1.17.1.jar:/home/user/.m2/repository/com/google/errorprone/error_prone_annotations/2.2.0/error_prone_annotations-2.2.0.jar:/home/user/.m2/repository/org/codehaus/mojo/animal-sniffer-annotations/1.17/animal-sniffer-annotations-1.17.jar:/home/user/.m2/repository/io/opencensus/opencensus-api/0.17.0/opencensus-api-0.17.0.jar:/home/user/.m2/repository/io/opencensus/opencensus-contrib-grpc-metrics/0.17.0/opencensus-contrib-grpc-metrics-0.17.0.jar:/home/user/.m2/repository/io/netty/netty-codec-http2/4.1.30.Final/netty-codec-http2-4.1.30.Final.jar:/home/user/.m2/repository/io/netty/netty-codec-http/4.1.30.Final/netty-codec-http-4.1.30.Final.jar:/home/user/.m2/repository/io/netty/netty-codec/4.1.30.Final/netty-codec-4.1.30.Final.jar:/home/user/.m2/repository/io/netty/netty-handler/4.1.30.Final/netty-handler-4.1.30.Final.jar:/home/user/.m2/repository/io/netty/netty-handler-proxy/4.1.30.Final/netty-handler-proxy-4.1.30.Final.jar:/home/user/.m2/repository/io/netty/netty-codec-socks/4.1.30.Final/netty-codec-socks-4.1.30.Final.jar:/home/user/.m2/repository/io/netty/netty-transport-native-epoll/4.1.30.Final/netty-transport-native-epoll-4.1.30.Final.jar:/home/user/.m2/repository/io/netty/netty-common/4.1.30.Final/netty-common-4.1.30.Final.jar:/home/user/.m2/repository/io/netty/netty-buffer/4.1.30.Final/netty-buffer-4.1.30.Final.jar:/home/user/.m2/repository/io/netty/netty-transport/4.1.30.Final/netty-transport-4.1.30.Final.jar:/home/user/.m2/repository/io/netty/netty-resolver/4.1.30.Final/netty-resolver-4.1.30.Final.jar:/home/user/.m2/repository/io/netty/netty-transport-native-unix-common/4.1.30.Final/netty-transport-native-unix-common-4.1.30.Final.jar:/home/user/.m2/repository/io/grpc/grpc-protobuf/1.17.1/grpc-protobuf-1.17.1.jar:/home/user/.m2/repository/com/google/api/grpc/proto-google-common-protos/1.0.0/proto-google-common-protos-1.0.0.jar:/home/user/.m2/repository/io/grpc/grpc-protobuf-lite/1.17.1/grpc-protobuf-lite-1.17.1.jar:/home/user/.m2/repository/io/grpc/grpc-stub/1.17.1/grpc-stub-1.17.1.jar:/home/user/.m2/repository/org/apache/hadoop/hadoop-ozone-recon/0.5.0-SNAPSHOT/hadoop-ozone-recon-0.5.0-SNAPSHOT.jar:/home/user/.m2/repository/org/apache/hadoop/hadoop-ozone-reconcodegen/0.5.0-SNAPSHOT/hadoop-ozone-reconcodegen-0.5.0-SNAPSHOT.jar:/home/user/.m2/repository/com/google/inject/extensions/guice-multibindings/4.0/guice-multibindings-4.0.jar:/home/user/.m2/repository/com/google/inject/guice/4.0/guice-4.0.jar:/home/user/.m2/repository/aopalliance/aopalliance/1.0/aopalliance-1.0.jar:/home/user/.m2/repository/com/google/inject/extensions/guice-servlet/4.0/guice-servlet-4.0.jar:/home/user/.m2/repository/org/glassfish/jersey/containers/jersey-container-servlet/2.27/jersey-container-servlet-2.27.jar:/home/user/.m2/repository/org/glassfish/hk2/guice-bridge/2.5.0/guice-bridge-2.5.0.jar:/home/user/.m2/repository/org/glassfish/jersey/core/jersey-server/2.27/jersey-server-2.27.jar:/home/user/.m2/repository/org/glassfish/jersey/core/jersey-client/2.27/jersey-client-2.27.jar:/home/user/.m2/repository/org/glassfish/jersey/media/jersey-media-jaxb/2.27/jersey-media-jaxb-2.27.jar:/home/user/.m2/repository/javax/validation/validation-api/1.1.0.Final/validation-api-1.1.0.Final.jar:/home/user/.m2/repository/org/glassfish/jersey/media/jersey-media-json-jackson/2.27/jersey-media-json-jackson-2.27.jar:/home/user/.m2/repository/org/glassfish/jersey/ext/jersey-entity-filtering/2.27/jersey-entity-filtering-2.27.jar:/home/user/.m2/repository/com/google/inject/extensions/guice-assistedinject/4.0/guice-assistedinject-4.0.jar:/home/user/.m2/repository/org/jooq/jooq/3.11.10/jooq-3.11.10.jar:/home/user/.m2/repository/org/jooq/jooq-meta/3.11.10/jooq-meta-3.11.10.jar:/home/user/.m2/repository/org/jooq/jooq-codegen/3.11.10/jooq-codegen-3.11.10.jar:/home/user/.m2/repository/com/jolbox/bonecp/0.8.0.RELEASE/bonecp-0.8.0.RELEASE.jar:/home/user/.m2/repository/org/xerial/sqlite-jdbc/3.25.2/sqlite-jdbc-3.25.2.jar:/home/user/.m2/repository/org/springframework/spring-jdbc/5.1.3.RELEASE/spring-jdbc-5.1.3.RELEASE.jar:/home/user/.m2/repository/org/springframework/spring-beans/5.1.3.RELEASE/spring-beans-5.1.3.RELEASE.jar:/home/user/.m2/repository/org/springframework/spring-core/5.1.3.RELEASE/spring-core-5.1.3.RELEASE.jar:/home/user/.m2/repository/org/springframework/spring-jcl/5.1.3.RELEASE/spring-jcl-5.1.3.RELEASE.jar:/home/user/.m2/repository/org/springframework/spring-tx/5.1.3.RELEASE/spring-tx-5.1.3.RELEASE.jar:/home/user/.m2/repository/org/apache/hadoop/hadoop-ozone-client/0.5.0-SNAPSHOT/hadoop-ozone-client-0.5.0-SNAPSHOT.jar:/home/user/.m2/repository/commons-lang/commons-lang/2.6/commons-lang-2.6.jar:/home/user/.m2/repository/org/apache/hadoop/hadoop-ozone-ozone-manager/0.5.0-SNAPSHOT/hadoop-ozone-ozone-manager-0.5.0-SNAPSHOT-tests.jar:/home/user/.m2/repository/junit/junit/4.11/junit-4.11.jar:/home/user/.m2/repository/org/hamcrest/hamcrest-core/1.3/hamcrest-core-1.3.jar:/home/user/.m2/repository/org/openjdk/jmh/jmh-core/1.19/jmh-core-1.19.jar:/home/user/.m2/repository/net/sf/jopt-simple/jopt-simple/4.6/jopt-simple-4.6.jar:/home/user/.m2/repository/org/apache/commons/commons-math3/3.1.1/commons-math3-3.1.1.jar:/home/user/.m2/repository/org/openjdk/jmh/jmh-generator-annprocess/1.19/jmh-generator-annprocess-1.19.jar:/home/user/.m2/repository/org/mockito/mockito-all/1.8.5/mockito-all-1.8.5.jar:/home/user/.m2/repository/org/apache/hadoop/hadoop-kms/3.2.0/hadoop-kms-3.2.0.jar:/home/user/.m2/repository/org/apache/hadoop/hadoop-auth/3.2.0/hadoop-auth-3.2.0.jar:/home/user/.m2/repository/com/nimbusds/nimbus-jose-jwt/4.41.1/nimbus-jose-jwt-4.41.1.jar:/home/user/.m2/repository/com/github/stephenc/jcip/jcip-annotations/1.0-1/jcip-annotations-1.0-1.jar:/home/user/.m2/repository/net/minidev/json-smart/2.3/json-smart-2.3.jar:/home/user/.m2/repository/net/minidev/accessors-smart/1.2/accessors-smart-1.2.jar:/home/user/.m2/repository/org/ow2/asm/asm/5.0.4/asm-5.0.4.jar:/home/user/.m2/repository/org/apache/curator/curator-framework/2.12.0/curator-framework-2.12.0.jar:/home/user/.m2/repository/com/sun/jersey/jersey-core/1.19/jersey-core-1.19.jar:/home/user/.m2/repository/javax/ws/rs/jsr311-api/1.1.1/jsr311-api-1.1.1.jar:/home/user/.m2/repository/com/sun/jersey/jersey-server/1.19/jersey-server-1.19.jar:/home/user/.m2/repository/javax/servlet/javax.servlet-api/3.1.0/javax.servlet-api-3.1.0.jar:/home/user/.m2/repository/org/eclipse/jetty/jetty-server/9.3.25.v20180904/jetty-server-9.3.25.v20180904.jar:/home/user/.m2/repository/org/eclipse/jetty/jetty-http/9.3.25.v20180904/jetty-http-9.3.25.v20180904.jar:/home/user/.m2/repository/org/eclipse/jetty/jetty-io/9.3.25.v20180904/jetty-io-9.3.25.v20180904.jar:/home/user/.m2/repository/org/eclipse/jetty/jetty-webapp/9.3.25.v20180904/jetty-webapp-9.3.25.v20180904.jar:/home/user/.m2/repository/org/eclipse/jetty/jetty-xml/9.3.25.v20180904/jetty-xml-9.3.25.v20180904.jar:/home/user/.m2/repository/log4j/log4j/1.2.17/log4j-1.2.17.jar:/home/user/.m2/repository/org/slf4j/slf4j-api/1.7.25/slf4j-api-1.7.25.jar:/home/user/.m2/repository/org/slf4j/jul-to-slf4j/1.7.25/jul-to-slf4j-1.7.25.jar:/home/user/.m2/repository/org/eclipse/jetty/jetty-util/9.3.25.v20180904/jetty-util-9.3.25.v20180904.jar:/home/user/.m2/repository/com/fasterxml/jackson/core/jackson-databind/2.9.9/jackson-databind-2.9.9.jar:/home/user/.m2/repository/org/apache/hadoop/hadoop-kms/3.2.0/hadoop-kms-3.2.0-tests.jar:/home/user/.m2/repository/org/apache/hadoop/hadoop-hdds-server-scm/0.5.0-SNAPSHOT/hadoop-hdds-server-scm-0.5.0-SNAPSHOT-tests.jar:/home/user/.m2/repository/org/apache/hadoop/hadoop-hdds-container-service/0.5.0-SNAPSHOT/hadoop-hdds-container-service-0.5.0-SNAPSHOT-tests.jar:/home/user/.m2/repository/org/yaml/snakeyaml/1.16/snakeyaml-1.16.jar:/home/user/.m2/repository/org/apache/hadoop/hadoop-common/3.2.0/hadoop-common-3.2.0-tests.jar:/home/user/.m2/repository/org/apache/hadoop/hadoop-annotations/3.2.0/hadoop-annotations-3.2.0.jar:/usr/lib/jvm/java-1.8-openjdk/jre/../lib/tools.jar:/home/user/.m2/repository/commons-cli/commons-cli/1.2/commons-cli-1.2.jar:/home/user/.m2/repository/org/apache/httpcomponents/httpclient/4.5.2/httpclient-4.5.2.jar:/home/user/.m2/repository/org/apache/httpcomponents/httpcore/4.4.4/httpcore-4.4.4.jar:/home/user/.m2/repository/commons-codec/commons-codec/1.11/commons-codec-1.11.jar:/home/user/.m2/repository/commons-net/commons-net/3.6/commons-net-3.6.jar:/home/user/.m2/repository/commons-collections/commons-collections/3.2.2/commons-collections-3.2.2.jar:/home/user/.m2/repository/org/eclipse/jetty/jetty-servlet/9.3.25.v20180904/jetty-servlet-9.3.25.v20180904.jar:/home/user/.m2/repository/org/eclipse/jetty/jetty-security/9.3.25.v20180904/jetty-security-9.3.25.v20180904.jar:/home/user/.m2/repository/javax/servlet/jsp/jsp-api/2.1/jsp-api-2.1.jar:/home/user/.m2/repository/com/sun/jersey/jersey-servlet/1.19/jersey-servlet-1.19.jar:/home/user/.m2/repository/com/sun/jersey/jersey-json/1.19/jersey-json-1.19.jar:/home/user/.m2/repository/org/codehaus/jettison/jettison/1.1/jettison-1.1.jar:/home/user/.m2/repository/org/codehaus/jackson/jackson-core-asl/1.9.13/jackson-core-asl-1.9.13.jar:/home/user/.m2/repository/org/codehaus/jackson/jackson-mapper-asl/1.9.13/jackson-mapper-asl-1.9.13.jar:/home/user/.m2/repository/org/codehaus/jackson/jackson-jaxrs/1.9.13/jackson-jaxrs-1.9.13.jar:/home/user/.m2/repository/org/codehaus/jackson/jackson-xc/1.9.13/jackson-xc-1.9.13.jar:/home/user/.m2/repository/commons-logging/commons-logging/1.1.3/commons-logging-1.1.3.jar:/home/user/.m2/repository/commons-beanutils/commons-beanutils/1.9.4/commons-beanutils-1.9.4.jar:/home/user/.m2/repository/org/apache/commons/commons-configuration2/2.1.1/commons-configuration2-2.1.1.jar:/home/user/.m2/repository/org/apache/commons/commons-lang3/3.7/commons-lang3-3.7.jar:/home/user/.m2/repository/org/apache/commons/commons-text/1.4/commons-text-1.4.jar:/home/user/.m2/repository/org/apache/avro/avro/1.7.7/avro-1.7.7.jar:/home/user/.m2/repository/com/thoughtworks/paranamer/paranamer/2.3/paranamer-2.3.jar:/home/user/.m2/repository/org/xerial/snappy/snappy-java/1.0.5/snappy-java-1.0.5.jar:/home/user/.m2/repository/com/google/re2j/re2j/1.1/re2j-1.1.jar:/home/user/.m2/repository/com/google/code/gson/gson/2.2.4/gson-2.2.4.jar:/home/user/.m2/repository/com/jcraft/jsch/0.1.54/jsch-0.1.54.jar:/home/user/.m2/repository/org/apache/curator/curator-client/2.12.0/curator-client-2.12.0.jar:/home/user/.m2/repository/org/apache/curator/curator-recipes/2.12.0/curator-recipes-2.12.0.jar:/home/user/.m2/repository/com/google/code/findbugs/jsr305/3.0.0/jsr305-3.0.0.jar:/home/user/.m2/repository/org/apache/htrace/htrace-core4/4.1.0-incubating/htrace-core4-4.1.0-incubating.jar:/home/user/.m2/repository/org/apache/zookeeper/zookeeper/3.4.13/zookeeper-3.4.13.jar:/home/user/.m2/repository/jline/jline/0.9.94/jline-0.9.94.jar:/home/user/.m2/repository/org/apache/yetus/audience-annotations/0.5.0/audience-annotations-0.5.0.jar:/home/user/.m2/repository/org/codehaus/woodstox/stax2-api/3.1.4/stax2-api-3.1.4.jar:/home/user/.m2/repository/com/fasterxml/woodstox/woodstox-core/5.0.3/woodstox-core-5.0.3.jar:/home/user/.m2/repository/dnsjava/dnsjava/2.1.7/dnsjava-2.1.7.jar:/home/user/.m2/repository/org/apache/hadoop/hadoop-hdfs/3.2.0/hadoop-hdfs-3.2.0-tests.jar:/home/user/.m2/repository/org/eclipse/jetty/jetty-util-ajax/9.3.25.v20180904/jetty-util-ajax-9.3.25.v20180904.jar:/home/user/.m2/repository/commons-daemon/commons-daemon/1.0.13/commons-daemon-1.0.13.jar:/home/user/.m2/repository/io/netty/netty/3.10.5.Final/netty-3.10.5.Final.jar:/home/user/.m2/repository/io/netty/netty-all/4.0.52.Final/netty-all-4.0.52.Final.jar:/home/user/.m2/repository/org/fusesource/leveldbjni/leveldbjni-all/1.8/leveldbjni-all-1.8.jar:"/>
    <property name="sun.cpu.endian" value="little"/>
    <property name="user.home" value="/home/user"/>
    <property name="user.language" value="en"/>
    <property name="java.specification.vendor" value="Oracle Corporation"/>
    <property name="java.home" value="/usr/lib/jvm/java-1.8-openjdk/jre"/>
    <property name="java.security.krb5.conf" value="/workdir/hadoop-ozone/integration-test/target/test-classes/krb5.conf"/>
    <property name="basedir" value="/workdir/hadoop-ozone/integration-test"/>
    <property name="file.separator" value="/"/>
    <property name="line.separator" value="&#10;"/>
    <property name="java.vm.specification.vendor" value="Oracle Corporation"/>
    <property name="java.specification.name" value="Java Platform API Specification"/>
    <property name="java.awt.graphicsenv" value="sun.awt.X11GraphicsEnvironment"/>
    <property name="surefire.real.class.path" value="/workdir/hadoop-ozone/integration-test/target/surefire/surefirebooter5635343272495287952.jar"/>
    <property name="hadoop.log.dir" value="/workdir/hadoop-ozone/integration-test/target/log"/>
    <property name="sun.boot.class.path" value="/usr/lib/jvm/java-1.8-openjdk/jre/lib/resources.jar:/usr/lib/jvm/java-1.8-openjdk/jre/lib/rt.jar:/usr/lib/jvm/java-1.8-openjdk/jre/lib/sunrsasign.jar:/usr/lib/jvm/java-1.8-openjdk/jre/lib/jsse.jar:/usr/lib/jvm/java-1.8-openjdk/jre/lib/jce.jar:/usr/lib/jvm/java-1.8-openjdk/jre/lib/charsets.jar:/usr/lib/jvm/java-1.8-openjdk/jre/lib/jfr.jar:/usr/lib/jvm/java-1.8-openjdk/jre/classes"/>
    <property name="sun.management.compiler" value="HotSpot 64-Bit Tiered Compilers"/>
    <property name="java.runtime.version" value="1.8.0_212-b04"/>
    <property name="java.net.preferIPv4Stack" value="true"/>
    <property name="user.name" value="jenkins1000"/>
    <property name="path.separator" value=":"/>
    <property name="java.security.egd" value="file:///dev/urandom"/>
    <property name="os.version" value="3.10.0-957.12.2.el7.x86_64"/>
    <property name="java.endorsed.dirs" value="/usr/lib/jvm/java-1.8-openjdk/jre/lib/endorsed"/>
    <property name="java.runtime.name" value="OpenJDK Runtime Environment"/>
    <property name="file.encoding" value="UTF-8"/>
    <property name="java.vm.name" value="OpenJDK 64-Bit Server VM"/>
    <property name="test.build.webapps" value=""/>
    <property name="localRepository" value="/home/user/.m2/repository"/>
    <property name="java.vendor.url.bug" value="https://icedtea.classpath.org/bugzilla"/>
    <property name="java.io.tmpdir" value="/tmp"/>
    <property name="require.test.libhadoop" value=""/>
    <property name="java.version" value="1.8.0_212"/>
    <property name="user.dir" value="/workdir/hadoop-ozone/integration-test"/>
    <property name="os.arch" value="amd64"/>
    <property name="java.vm.specification.name" value="Java Virtual Machine Specification"/>
    <property name="test.build.classes" value="/workdir/hadoop-ozone/integration-test/target/test-classes"/>
    <property name="java.awt.printerjob" value="sun.print.PSPrinterJob"/>
    <property name="sun.os.patch.level" value="unknown"/>
    <property name="hadoop.tmp.dir" value="/workdir/hadoop-ozone/integration-test/target/tmp"/>
    <property name="java.library.path" value="/usr/lib/jvm/java-1.8-openjdk/jre/lib/amd64/server:/usr/lib/jvm/java-1.8-openjdk/jre/lib/amd64:/usr/lib/jvm/java-1.8-openjdk/jre/../lib/amd64:/workdir/hadoop-ozone/integration-test/target/native/target/usr/local/lib:/workdir/hadoop-ozone/integration-test/../../hadoop-common-project/hadoop-common/target/native/target/usr/local/lib:/usr/java/packages/lib/amd64:/usr/lib64:/lib64:/lib:/usr/lib"/>
    <property name="java.vm.info" value="mixed mode"/>
    <property name="java.vendor" value="IcedTea"/>
    <property name="java.vm.version" value="25.212-b04"/>
    <property name="java.ext.dirs" value="/usr/lib/jvm/java-1.8-openjdk/jre/lib/ext:/usr/java/packages/lib/ext"/>
    <property name="sun.io.unicode.encoding" value="UnicodeLittle"/>
    <property name="java.class.version" value="52.0"/>
  </properties>
  <testcase name="test2WayCommitForRetryfailure" classname="org.apache.hadoop.ozone.client.rpc.Test2WayCommitInRatis" time="54.405">
    <error message="Could not allocate container. Cannot get any matching pipeline for Type:RATIS, Factor:THREE, State:PipelineState.OPEN&#10;	at org.apache.hadoop.hdds.scm.container.ContainerStateManager.allocateContainer(ContainerStateManager.java:260)&#10;	at org.apache.hadoop.hdds.scm.container.SCMContainerManager.allocateContainer(SCMContainerManager.java:247)&#10;	at org.apache.hadoop.hdds.scm.server.SCMClientProtocolServer.allocateContainer(SCMClientProtocolServer.java:186)&#10;	at org.apache.hadoop.ozone.protocolPB.StorageContainerLocationProtocolServerSideTranslatorPB.allocateContainer(StorageContainerLocationProtocolServerSideTranslatorPB.java:123)&#10;	at org.apache.hadoop.hdds.protocol.proto.StorageContainerLocationProtocolProtos$StorageContainerLocationProtocolService$2.callBlockingMethod(StorageContainerLocationProtocolProtos.java:21239)&#10;	at org.apache.hadoop.ipc.ProtobufRpcEngine$Server$ProtoBufRpcInvoker.call(ProtobufRpcEngine.java:524)&#10;	at org.apache.hadoop.ipc.RPC$Server.call(RPC.java:1025)&#10;	at org.apache.hadoop.ipc.Server$RpcCall.run(Server.java:876)&#10;	at org.apache.hadoop.ipc.Server$RpcCall.run(Server.java:822)&#10;	at java.security.AccessController.doPrivileged(Native Method)&#10;	at javax.security.auth.Subject.doAs(Subject.java:422)&#10;	at org.apache.hadoop.security.UserGroupInformation.doAs(UserGroupInformation.java:1730)&#10;	at org.apache.hadoop.ipc.Server$Handler.run(Server.java:2682)&#10;" type="org.apache.hadoop.ipc.RemoteException(java.io.IOException)">org.apache.hadoop.ipc.RemoteException(java.io.IOException): Could not allocate container. Cannot get any matching pipeline for Type:RATIS, Factor:THREE, State:PipelineState.OPEN
	at org.apache.hadoop.hdds.scm.container.ContainerStateManager.allocateContainer(ContainerStateManager.java:260)
	at org.apache.hadoop.hdds.scm.container.SCMContainerManager.allocateContainer(SCMContainerManager.java:247)
	at org.apache.hadoop.hdds.scm.server.SCMClientProtocolServer.allocateContainer(SCMClientProtocolServer.java:186)
	at org.apache.hadoop.ozone.protocolPB.StorageContainerLocationProtocolServerSideTranslatorPB.allocateContainer(StorageContainerLocationProtocolServerSideTranslatorPB.java:123)
	at org.apache.hadoop.hdds.protocol.proto.StorageContainerLocationProtocolProtos$StorageContainerLocationProtocolService$2.callBlockingMethod(StorageContainerLocationProtocolProtos.java:21239)
	at org.apache.hadoop.ipc.ProtobufRpcEngine$Server$ProtoBufRpcInvoker.call(ProtobufRpcEngine.java:524)
	at org.apache.hadoop.ipc.RPC$Server.call(RPC.java:1025)
	at org.apache.hadoop.ipc.Server$RpcCall.run(Server.java:876)
	at org.apache.hadoop.ipc.Server$RpcCall.run(Server.java:822)
	at java.security.AccessController.doPrivileged(Native Method)
	at javax.security.auth.Subject.doAs(Subject.java:422)
	at org.apache.hadoop.security.UserGroupInformation.doAs(UserGroupInformation.java:1730)
	at org.apache.hadoop.ipc.Server$Handler.run(Server.java:2682)

	at org.apache.hadoop.ipc.Client.getRpcResponse(Client.java:1511)
	at org.apache.hadoop.ipc.Client.call(Client.java:1457)
	at org.apache.hadoop.ipc.Client.call(Client.java:1367)
	at org.apache.hadoop.ipc.ProtobufRpcEngine$Invoker.invoke(ProtobufRpcEngine.java:228)
	at org.apache.hadoop.ipc.ProtobufRpcEngine$Invoker.invoke(ProtobufRpcEngine.java:116)
	at com.sun.proxy.$Proxy22.allocateContainer(Unknown Source)
	at org.apache.hadoop.hdds.scm.protocolPB.StorageContainerLocationProtocolClientSideTranslatorPB.allocateContainer(StorageContainerLocationProtocolClientSideTranslatorPB.java:127)
	at org.apache.hadoop.ozone.client.rpc.Test2WayCommitInRatis.test2WayCommitForRetryfailure(Test2WayCommitInRatis.java:126)
	at sun.reflect.NativeMethodAccessorImpl.invoke0(Native Method)
	at sun.reflect.NativeMethodAccessorImpl.invoke(NativeMethodAccessorImpl.java:62)
	at sun.reflect.DelegatingMethodAccessorImpl.invoke(DelegatingMethodAccessorImpl.java:43)
	at java.lang.reflect.Method.invoke(Method.java:498)
	at org.junit.runners.model.FrameworkMethod$1.runReflectiveCall(FrameworkMethod.java:47)
	at org.junit.internal.runners.model.ReflectiveCallable.run(ReflectiveCallable.java:12)
	at org.junit.runners.model.FrameworkMethod.invokeExplosively(FrameworkMethod.java:44)
	at org.junit.internal.runners.statements.InvokeMethod.evaluate(InvokeMethod.java:17)
	at org.junit.runners.ParentRunner.runLeaf(ParentRunner.java:271)
	at org.junit.runners.BlockJUnit4ClassRunner.runChild(BlockJUnit4ClassRunner.java:70)
	at org.junit.runners.BlockJUnit4ClassRunner.runChild(BlockJUnit4ClassRunner.java:50)
	at org.junit.runners.ParentRunner$3.run(ParentRunner.java:238)
	at org.junit.runners.ParentRunner$1.schedule(ParentRunner.java:63)
	at org.junit.runners.ParentRunner.runChildren(ParentRunner.java:236)
	at org.junit.runners.ParentRunner.access$000(ParentRunner.java:53)
	at org.junit.runners.ParentRunner$2.evaluate(ParentRunner.java:229)
	at org.junit.runners.ParentRunner.run(ParentRunner.java:309)
	at org.apache.maven.surefire.junit4.JUnit4Provider.execute(JUnit4Provider.java:365)
	at org.apache.maven.surefire.junit4.JUnit4Provider.executeWithRerun(JUnit4Provider.java:273)
	at org.apache.maven.surefire.junit4.JUnit4Provider.executeTestSet(JUnit4Provider.java:238)
	at org.apache.maven.surefire.junit4.JUnit4Provider.invoke(JUnit4Provider.java:159)
	at org.apache.maven.surefire.booter.ForkedBooter.invokeProviderInSameClassLoader(ForkedBooter.java:384)
	at org.apache.maven.surefire.booter.ForkedBooter.runSuitesInProcess(ForkedBooter.java:345)
	at org.apache.maven.surefire.booter.ForkedBooter.execute(ForkedBooter.java:126)
	at org.apache.maven.surefire.booter.ForkedBooter.main(ForkedBooter.java:418)
</error>
    <system-out><![CDATA[2019-09-25 05:05:57,268 [main] WARN  server.ServerUtils (ServerUtils.java:getScmDbDir(145)) - ozone.scm.db.dirs is not configured. We recommend adding this setting. Falling back to ozone.metadata.dirs instead.
2019-09-25 05:05:57,460 [main] WARN  server.ServerUtils (ServerUtils.java:getScmDbDir(145)) - ozone.scm.db.dirs is not configured. We recommend adding this setting. Falling back to ozone.metadata.dirs instead.
2019-09-25 05:05:57,464 [main] WARN  server.ServerUtils (ServerUtils.java:getScmDbDir(145)) - ozone.scm.db.dirs is not configured. We recommend adding this setting. Falling back to ozone.metadata.dirs instead.
2019-09-25 05:05:57,484 [main] INFO  util.log (Log.java:initialized(192)) - Logging initialized @999ms
2019-09-25 05:05:57,598 [main] INFO  db.DBStoreBuilder (DBStoreBuilder.java:addTable(110)) - using custom profile for table: deletedBlocks
2019-09-25 05:05:57,598 [main] INFO  db.DBStoreBuilder (DBStoreBuilder.java:processTables(161)) - Using default column profile:DBProfile.DISK for Table:deletedBlocks
2019-09-25 05:05:57,599 [main] INFO  db.DBStoreBuilder (DBStoreBuilder.java:addTable(110)) - using custom profile for table: validCerts
2019-09-25 05:05:57,599 [main] INFO  db.DBStoreBuilder (DBStoreBuilder.java:processTables(161)) - Using default column profile:DBProfile.DISK for Table:validCerts
2019-09-25 05:05:57,600 [main] INFO  db.DBStoreBuilder (DBStoreBuilder.java:addTable(110)) - using custom profile for table: revokedCerts
2019-09-25 05:05:57,600 [main] INFO  db.DBStoreBuilder (DBStoreBuilder.java:processTables(161)) - Using default column profile:DBProfile.DISK for Table:revokedCerts
2019-09-25 05:05:57,621 [main] INFO  db.DBStoreBuilder (DBStoreBuilder.java:addTable(110)) - using custom profile for table: default
2019-09-25 05:05:57,621 [main] INFO  db.DBStoreBuilder (DBStoreBuilder.java:processTables(167)) - Using default column profile:DBProfile.DISK for Table:default
2019-09-25 05:05:57,623 [main] INFO  db.DBStoreBuilder (DBStoreBuilder.java:getDbProfile(198)) - Using default options. DBProfile.DISK
2019-09-25 05:05:57,889 [main] INFO  net.NodeSchemaLoader (NodeSchemaLoader.java:loadSchemaFromFile(125)) - Loading file from sun.misc.CompoundEnumeration@73a1e9a9
2019-09-25 05:05:57,891 [main] INFO  net.NodeSchemaLoader (NodeSchemaLoader.java:loadSchema(171)) - Loading network topology layer schema file
2019-09-25 05:05:57,991 [main] WARN  server.ServerUtils (ServerUtils.java:sanitizeUserArgs(70)) - ozone.scm.stale.node.interval value = 300000 is larger than max = 100000 based on the key value of ozone.scm.heartbeat.thread.interval, reset to the max value 100000.
2019-09-25 05:05:57,993 [main] WARN  server.ServerUtils (ServerUtils.java:sanitizeUserArgs(70)) - ozone.scm.stale.node.interval value = 300000 is larger than max = 100000 based on the key value of ozone.scm.heartbeat.thread.interval, reset to the max value 100000.
2019-09-25 05:05:57,996 [main] INFO  node.SCMNodeManager (SCMNodeManager.java:<init>(114)) - Entering startup safe mode.
2019-09-25 05:05:58,070 [main] INFO  algorithms.ContainerPlacementPolicyFactory (ContainerPlacementPolicyFactory.java:getPolicy(59)) - Create container placement policy of type org.apache.hadoop.hdds.scm.container.placement.algorithms.SCMContainerPlacementRandom
2019-09-25 05:05:58,084 [main] WARN  server.ServerUtils (ServerUtils.java:getScmDbDir(145)) - ozone.scm.db.dirs is not configured. We recommend adding this setting. Falling back to ozone.metadata.dirs instead.
2019-09-25 05:05:58,150 [main] INFO  pipeline.SCMPipelineManager (SCMPipelineManager.java:initializePipelineState(132)) - No pipeline exists in current db
2019-09-25 05:05:58,152 [main] WARN  server.ServerUtils (ServerUtils.java:getScmDbDir(145)) - ozone.scm.db.dirs is not configured. We recommend adding this setting. Falling back to ozone.metadata.dirs instead.
2019-09-25 05:05:58,266 [main] WARN  events.EventQueue (EventQueue.java:fireEvent(183)) - No event handler registered for event TypedEvent{payloadType=SafeModeStatus, name='SafeModeStatus'}
2019-09-25 05:05:58,611 [main] INFO  ipc.CallQueueManager (CallQueueManager.java:<init>(84)) - Using callQueue: class java.util.concurrent.LinkedBlockingQueue, queueCapacity: 2000, scheduler: class org.apache.hadoop.ipc.DefaultRpcScheduler, ipcBackoff: false.
2019-09-25 05:05:58,646 [Socket Reader #1 for port 38836] INFO  ipc.Server (Server.java:run(1074)) - Starting Socket Reader #1 for port 38836
2019-09-25 05:05:58,776 [main] INFO  ipc.CallQueueManager (CallQueueManager.java:<init>(84)) - Using callQueue: class java.util.concurrent.LinkedBlockingQueue, queueCapacity: 2000, scheduler: class org.apache.hadoop.ipc.DefaultRpcScheduler, ipcBackoff: false.
2019-09-25 05:05:58,777 [Socket Reader #1 for port 39135] INFO  ipc.Server (Server.java:run(1074)) - Starting Socket Reader #1 for port 39135
2019-09-25 05:05:58,784 [main] INFO  ipc.CallQueueManager (CallQueueManager.java:<init>(84)) - Using callQueue: class java.util.concurrent.LinkedBlockingQueue, queueCapacity: 2000, scheduler: class org.apache.hadoop.ipc.DefaultRpcScheduler, ipcBackoff: false.
2019-09-25 05:05:58,785 [Socket Reader #1 for port 46459] INFO  ipc.Server (Server.java:run(1074)) - Starting Socket Reader #1 for port 46459
2019-09-25 05:05:58,805 [main] INFO  hdfs.DFSUtil (DFSUtil.java:httpServerTemplateForNNAndJN(1641)) - Starting Web-server for scm at: http://0.0.0.0:0
2019-09-25 05:05:58,962 [main] INFO  server.AuthenticationFilter (AuthenticationFilter.java:constructSecretProvider(240)) - Unable to initialize FileSignerSecretProvider, falling back to use random secrets.
2019-09-25 05:05:58,971 [main] WARN  http.HttpRequestLog (HttpRequestLog.java:getRequestLog(97)) - Jetty request log can only be enabled using Log4j
2019-09-25 05:05:58,979 [main] INFO  http.HttpServer2 (HttpServer2.java:addGlobalFilter(975)) - Added global filter 'safety' (class=org.apache.hadoop.http.HttpServer2$QuotingInputFilter)
2019-09-25 05:05:58,982 [main] INFO  http.HttpServer2 (HttpServer2.java:addFilter(948)) - Added filter static_user_filter (class=org.apache.hadoop.http.lib.StaticUserWebFilter$StaticUserFilter) to context scm
2019-09-25 05:05:58,982 [main] INFO  http.HttpServer2 (HttpServer2.java:addFilter(958)) - Added filter static_user_filter (class=org.apache.hadoop.http.lib.StaticUserWebFilter$StaticUserFilter) to context logs
2019-09-25 05:05:58,982 [main] INFO  http.HttpServer2 (HttpServer2.java:addFilter(958)) - Added filter static_user_filter (class=org.apache.hadoop.http.lib.StaticUserWebFilter$StaticUserFilter) to context static
2019-09-25 05:05:59,015 [main] INFO  server.StorageContainerManager (StorageContainerManager.java:start(770)) - StorageContainerLocationProtocol RPC server is listening at /0.0.0.0:46459
2019-09-25 05:05:59,078 [main] WARN  impl.MetricsConfig (MetricsConfig.java:loadFirst(134)) - Cannot locate configuration: tried hadoop-metrics2-storagecontainermanager.properties,hadoop-metrics2.properties
2019-09-25 05:05:59,090 [main] INFO  impl.MetricsSystemImpl (MetricsSystemImpl.java:startTimer(374)) - Scheduled Metric snapshot period at 10 second(s).
2019-09-25 05:05:59,091 [main] INFO  impl.MetricsSystemImpl (MetricsSystemImpl.java:start(191)) - StorageContainerManager metrics system started
2019-09-25 05:05:59,314 [main] INFO  server.SCMClientProtocolServer (SCMClientProtocolServer.java:start(151)) - RPC server for Client  is listening at /0.0.0.0:46459
2019-09-25 05:05:59,315 [IPC Server Responder] INFO  ipc.Server (Server.java:run(1314)) - IPC Server Responder: starting
2019-09-25 05:05:59,315 [IPC Server listener on 46459] INFO  ipc.Server (Server.java:run(1153)) - IPC Server listener on 46459: starting
2019-09-25 05:05:59,319 [main] INFO  server.StorageContainerManager (StorageContainerManager.java:start(780)) - ScmBlockLocationProtocol RPC server is listening at /0.0.0.0:39135
2019-09-25 05:05:59,321 [main] INFO  server.SCMBlockProtocolServer (SCMBlockProtocolServer.java:start(146)) - RPC server for Block Protocol is listening at /0.0.0.0:39135
2019-09-25 05:05:59,321 [IPC Server Responder] INFO  ipc.Server (Server.java:run(1314)) - IPC Server Responder: starting
2019-09-25 05:05:59,321 [IPC Server listener on 39135] INFO  ipc.Server (Server.java:run(1153)) - IPC Server listener on 39135: starting
2019-09-25 05:05:59,327 [main] INFO  server.StorageContainerManager (StorageContainerManager.java:start(784)) - ScmDatanodeProtocl RPC server is listening at /0.0.0.0:38836
2019-09-25 05:05:59,327 [main] INFO  server.SCMDatanodeProtocolServer (SCMDatanodeProtocolServer.java:start(191)) - RPC server for DataNodes is listening at /0.0.0.0:38836
2019-09-25 05:05:59,328 [IPC Server Responder] INFO  ipc.Server (Server.java:run(1314)) - IPC Server Responder: starting
2019-09-25 05:05:59,328 [IPC Server listener on 38836] INFO  ipc.Server (Server.java:run(1153)) - IPC Server listener on 38836: starting
2019-09-25 05:05:59,337 [main] INFO  http.HttpServer2 (HttpServer2.java:bindListener(1191)) - Jetty bound to port 38695
2019-09-25 05:05:59,339 [main] INFO  server.Server (Server.java:doStart(351)) - jetty-9.3.25.v20180904, build timestamp: 2018-09-04T21:11:46Z, git hash: 3ce520221d0240229c862b122d2b06c12a625732
2019-09-25 05:05:59,379 [main] INFO  handler.ContextHandler (ContextHandler.java:doStart(781)) - Started o.e.j.s.ServletContextHandler@1d131e1b{/logs,file:///workdir/hadoop-ozone/integration-test/target/log,AVAILABLE}
2019-09-25 05:05:59,380 [main] INFO  handler.ContextHandler (ContextHandler.java:doStart(781)) - Started o.e.j.s.ServletContextHandler@615091b8{/static,file:///workdir/hadoop-ozone/integration-test/target/test-classes/webapps/static,AVAILABLE}
2019-09-25 05:05:59,412 [main] INFO  handler.ContextHandler (ContextHandler.java:doStart(781)) - Started o.e.j.w.WebAppContext@9cd25ff{/,file:///workdir/hadoop-ozone/integration-test/target/test-classes/webapps/scm/,AVAILABLE}{/scm}
2019-09-25 05:05:59,418 [main] INFO  server.AbstractConnector (AbstractConnector.java:doStart(278)) - Started ServerConnector@1ac85b0c{HTTP/1.1,[http/1.1]}{0.0.0.0:38695}
2019-09-25 05:05:59,419 [main] INFO  server.Server (Server.java:doStart(419)) - Started @2933ms
2019-09-25 05:05:59,421 [main] INFO  impl.MetricsSinkAdapter (MetricsSinkAdapter.java:start(204)) - Sink prometheus started
2019-09-25 05:05:59,421 [main] INFO  impl.MetricsSystemImpl (MetricsSystemImpl.java:registerSink(301)) - Registered sink prometheus
2019-09-25 05:05:59,422 [main] INFO  server.BaseHttpServer (BaseHttpServer.java:updateConnectorAddress(215)) - HTTP server of SCM is listening at http://0.0.0.0:38695
2019-09-25 05:05:59,428 [org.apache.hadoop.util.JvmPauseMonitor$Monitor@410954b] INFO  util.JvmPauseMonitor (JvmPauseMonitor.java:run(188)) - Starting JVM pause monitor
2019-09-25 05:05:59,430 [main] WARN  server.ServerUtils (ServerUtils.java:getDBPath(222)) - ozone.om.db.dirs is not configured. We recommend adding this setting. Falling back to ozone.metadata.dirs instead.
2019-09-25 05:05:59,550 [main] WARN  server.ServerUtils (ServerUtils.java:getDBPath(222)) - ozone.om.db.dirs is not configured. We recommend adding this setting. Falling back to ozone.metadata.dirs instead.
2019-09-25 05:05:59,551 [main] WARN  server.ServerUtils (ServerUtils.java:getDBPath(222)) - ozone.om.db.dirs is not configured. We recommend adding this setting. Falling back to ozone.metadata.dirs instead.
2019-09-25 05:05:59,552 [main] INFO  om.OzoneManager (OzoneManager.java:setOMNodeDetails(652)) - OM Service ID is not set. Setting it to the default ID: omServiceIdDefault
2019-09-25 05:05:59,552 [main] INFO  om.OzoneManager (OzoneManager.java:setOMNodeDetails(658)) - OM Node ID is not set. Setting it to the OmStorage's OmID: c33b0390-6983-4f3a-a1a7-d2987f102f0a
2019-09-25 05:05:59,553 [main] INFO  om.OzoneManager (OzoneManager.java:loadOMHAConfigs(609)) - Found matching OM address with OMServiceId: null, OMNodeId: null, RPC Address: localhost:0 and Ratis port: 9872
2019-09-25 05:06:00,316 [main] WARN  server.ServerUtils (ServerUtils.java:getDBPath(222)) - ozone.om.db.dirs is not configured. We recommend adding this setting. Falling back to ozone.metadata.dirs instead.
2019-09-25 05:06:00,323 [main] INFO  db.DBStoreBuilder (DBStoreBuilder.java:addTable(110)) - using custom profile for table: userTable
2019-09-25 05:06:00,324 [main] INFO  db.DBStoreBuilder (DBStoreBuilder.java:processTables(161)) - Using default column profile:DBProfile.DISK for Table:userTable
2019-09-25 05:06:00,324 [main] INFO  db.DBStoreBuilder (DBStoreBuilder.java:addTable(110)) - using custom profile for table: volumeTable
2019-09-25 05:06:00,324 [main] INFO  db.DBStoreBuilder (DBStoreBuilder.java:processTables(161)) - Using default column profile:DBProfile.DISK for Table:volumeTable
2019-09-25 05:06:00,324 [main] INFO  db.DBStoreBuilder (DBStoreBuilder.java:addTable(110)) - using custom profile for table: bucketTable
2019-09-25 05:06:00,325 [main] INFO  db.DBStoreBuilder (DBStoreBuilder.java:processTables(161)) - Using default column profile:DBProfile.DISK for Table:bucketTable
2019-09-25 05:06:00,325 [main] INFO  db.DBStoreBuilder (DBStoreBuilder.java:addTable(110)) - using custom profile for table: keyTable
2019-09-25 05:06:00,325 [main] INFO  db.DBStoreBuilder (DBStoreBuilder.java:processTables(161)) - Using default column profile:DBProfile.DISK for Table:keyTable
2019-09-25 05:06:00,325 [main] INFO  db.DBStoreBuilder (DBStoreBuilder.java:addTable(110)) - using custom profile for table: deletedTable
2019-09-25 05:06:00,326 [main] INFO  db.DBStoreBuilder (DBStoreBuilder.java:processTables(161)) - Using default column profile:DBProfile.DISK for Table:deletedTable
2019-09-25 05:06:00,326 [main] INFO  db.DBStoreBuilder (DBStoreBuilder.java:addTable(110)) - using custom profile for table: openKeyTable
2019-09-25 05:06:00,326 [main] INFO  db.DBStoreBuilder (DBStoreBuilder.java:processTables(161)) - Using default column profile:DBProfile.DISK for Table:openKeyTable
2019-09-25 05:06:00,326 [main] INFO  db.DBStoreBuilder (DBStoreBuilder.java:addTable(110)) - using custom profile for table: s3Table
2019-09-25 05:06:00,327 [main] INFO  db.DBStoreBuilder (DBStoreBuilder.java:processTables(161)) - Using default column profile:DBProfile.DISK for Table:s3Table
2019-09-25 05:06:00,327 [main] INFO  db.DBStoreBuilder (DBStoreBuilder.java:addTable(110)) - using custom profile for table: multipartInfoTable
2019-09-25 05:06:00,327 [main] INFO  db.DBStoreBuilder (DBStoreBuilder.java:processTables(161)) - Using default column profile:DBProfile.DISK for Table:multipartInfoTable
2019-09-25 05:06:00,327 [main] INFO  db.DBStoreBuilder (DBStoreBuilder.java:addTable(110)) - using custom profile for table: dTokenTable
2019-09-25 05:06:00,328 [main] INFO  db.DBStoreBuilder (DBStoreBuilder.java:processTables(161)) - Using default column profile:DBProfile.DISK for Table:dTokenTable
2019-09-25 05:06:00,328 [main] INFO  db.DBStoreBuilder (DBStoreBuilder.java:addTable(110)) - using custom profile for table: s3SecretTable
2019-09-25 05:06:00,328 [main] INFO  db.DBStoreBuilder (DBStoreBuilder.java:processTables(161)) - Using default column profile:DBProfile.DISK for Table:s3SecretTable
2019-09-25 05:06:00,329 [main] INFO  db.DBStoreBuilder (DBStoreBuilder.java:addTable(110)) - using custom profile for table: prefixTable
2019-09-25 05:06:00,329 [main] INFO  db.DBStoreBuilder (DBStoreBuilder.java:processTables(161)) - Using default column profile:DBProfile.DISK for Table:prefixTable
2019-09-25 05:06:00,329 [main] INFO  db.DBStoreBuilder (DBStoreBuilder.java:addTable(110)) - using custom profile for table: default
2019-09-25 05:06:00,329 [main] INFO  db.DBStoreBuilder (DBStoreBuilder.java:processTables(167)) - Using default column profile:DBProfile.DISK for Table:default
2019-09-25 05:06:00,329 [main] INFO  db.DBStoreBuilder (DBStoreBuilder.java:getDbProfile(198)) - Using default options. DBProfile.DISK
2019-09-25 05:06:00,812 [main] INFO  ipc.CallQueueManager (CallQueueManager.java:<init>(84)) - Using callQueue: class java.util.concurrent.LinkedBlockingQueue, queueCapacity: 2000, scheduler: class org.apache.hadoop.ipc.DefaultRpcScheduler, ipcBackoff: false.
2019-09-25 05:06:00,813 [Socket Reader #1 for port 33377] INFO  ipc.Server (Server.java:run(1074)) - Starting Socket Reader #1 for port 33377
2019-09-25 05:06:00,835 [main] INFO  om.OzoneManager (OzoneManager.java:start(1243)) - OzoneManager RPC server is listening at localhost/127.0.0.1:33377
2019-09-25 05:06:00,835 [main] INFO  impl.MetricsSystemImpl (MetricsSystemImpl.java:init(158)) - OzoneManager metrics system started (again)
2019-09-25 05:06:00,836 [IPC Server Responder] INFO  ipc.Server (Server.java:run(1314)) - IPC Server Responder: starting
2019-09-25 05:06:00,836 [IPC Server listener on 33377] INFO  ipc.Server (Server.java:run(1153)) - IPC Server listener on 33377: starting
2019-09-25 05:06:00,841 [main] INFO  hdfs.DFSUtil (DFSUtil.java:httpServerTemplateForNNAndJN(1641)) - Starting Web-server for ozoneManager at: http://0.0.0.0:0
2019-09-25 05:06:00,843 [main] INFO  server.AuthenticationFilter (AuthenticationFilter.java:constructSecretProvider(240)) - Unable to initialize FileSignerSecretProvider, falling back to use random secrets.
2019-09-25 05:06:00,844 [main] WARN  http.HttpRequestLog (HttpRequestLog.java:getRequestLog(97)) - Jetty request log can only be enabled using Log4j
2019-09-25 05:06:00,846 [main] INFO  http.HttpServer2 (HttpServer2.java:addGlobalFilter(975)) - Added global filter 'safety' (class=org.apache.hadoop.http.HttpServer2$QuotingInputFilter)
2019-09-25 05:06:00,847 [main] INFO  http.HttpServer2 (HttpServer2.java:addFilter(948)) - Added filter static_user_filter (class=org.apache.hadoop.http.lib.StaticUserWebFilter$StaticUserFilter) to context ozoneManager
2019-09-25 05:06:00,847 [main] INFO  http.HttpServer2 (HttpServer2.java:addFilter(958)) - Added filter static_user_filter (class=org.apache.hadoop.http.lib.StaticUserWebFilter$StaticUserFilter) to context static
2019-09-25 05:06:00,847 [main] INFO  http.HttpServer2 (HttpServer2.java:addFilter(958)) - Added filter static_user_filter (class=org.apache.hadoop.http.lib.StaticUserWebFilter$StaticUserFilter) to context logs
2019-09-25 05:06:00,850 [main] INFO  http.HttpServer2 (HttpServer2.java:bindListener(1191)) - Jetty bound to port 35621
2019-09-25 05:06:00,850 [main] INFO  server.Server (Server.java:doStart(351)) - jetty-9.3.25.v20180904, build timestamp: 2018-09-04T21:11:46Z, git hash: 3ce520221d0240229c862b122d2b06c12a625732
2019-09-25 05:06:00,852 [main] INFO  handler.ContextHandler (ContextHandler.java:doStart(781)) - Started o.e.j.s.ServletContextHandler@67dba613{/logs,file:///workdir/hadoop-ozone/integration-test/target/log,AVAILABLE}
2019-09-25 05:06:00,852 [main] INFO  handler.ContextHandler (ContextHandler.java:doStart(781)) - Started o.e.j.s.ServletContextHandler@5cf8edcf{/static,file:///workdir/hadoop-ozone/integration-test/target/test-classes/webapps/static,AVAILABLE}
2019-09-25 05:06:00,857 [main] INFO  handler.ContextHandler (ContextHandler.java:doStart(781)) - Started o.e.j.w.WebAppContext@22d1886d{/,file:///workdir/hadoop-ozone/integration-test/target/test-classes/webapps/ozoneManager/,AVAILABLE}{/ozoneManager}
2019-09-25 05:06:00,859 [main] INFO  server.AbstractConnector (AbstractConnector.java:doStart(278)) - Started ServerConnector@7df60067{HTTP/1.1,[http/1.1]}{0.0.0.0:35621}
2019-09-25 05:06:00,859 [main] INFO  server.Server (Server.java:doStart(419)) - Started @4374ms
2019-09-25 05:06:00,860 [main] WARN  impl.MetricsSystemImpl (MetricsSystemImpl.java:register(276)) - Sink prometheus already exists!
2019-09-25 05:06:00,861 [main] INFO  server.BaseHttpServer (BaseHttpServer.java:updateConnectorAddress(215)) - HTTP server of OZONEMANAGER is listening at http://0.0.0.0:35621
2019-09-25 05:06:01,186 [main] INFO  impl.MetricsSystemImpl (MetricsSystemImpl.java:init(158)) - HddsDatanode metrics system started (again)
2019-09-25 05:06:01,247 [main] INFO  ozone.HddsDatanodeService (HddsDatanodeService.java:start(184)) - HddsDatanodeService host:pr-hdds-1569-s62bp-3040748787 ip:192.168.30.10
2019-09-25 05:06:01,284 [main] INFO  volume.HddsVolume (HddsVolume.java:<init>(176)) - Creating Volume: /workdir/hadoop-ozone/integration-test/target/test-dir/MiniOzoneClusterImpl-23306158-e895-4fc7-80df-ce6c264c388b/datanode-0/data/containers/hdds of  storage type : DISK and capacity : 1482555576320
2019-09-25 05:06:01,286 [main] INFO  volume.VolumeSet (VolumeSet.java:initializeVolumeSet(170)) - Added Volume : /workdir/hadoop-ozone/integration-test/target/test-dir/MiniOzoneClusterImpl-23306158-e895-4fc7-80df-ce6c264c388b/datanode-0/data/containers/hdds to VolumeSet
2019-09-25 05:06:01,289 [main] INFO  volume.ThrottledAsyncChecker (ThrottledAsyncChecker.java:schedule(139)) - Scheduling a check for org.apache.hadoop.ozone.container.common.volume.HddsVolume@5411dd90
2019-09-25 05:06:01,307 [main] INFO  volume.HddsVolumeChecker (HddsVolumeChecker.java:checkAllVolumes(202)) - Scheduled health check for volume org.apache.hadoop.ozone.container.common.volume.HddsVolume@5411dd90
2019-09-25 05:06:01,451 [main] INFO  impl.RaftServerProxy (ConfUtils.java:logGet(43)) - raft.rpc.type = GRPC (default)
2019-09-25 05:06:01,522 [main] INFO  grpc.GrpcFactory (GrpcFactory.java:checkPooledByteBufAllocatorUseCacheForAllThreads(45)) - PERFORMANCE WARNING: useCacheForAllThreads is true that may cause Netty to create a lot garbage objects and, as a result, trigger GC.
	It is recommended to disable useCacheForAllThreads by setting -Dorg.apache.ratis.thirdparty.io.netty.allocator.useCacheForAllThreads=false in command line.
2019-09-25 05:06:01,527 [main] INFO  grpc.GrpcConfigKeys$Server (ConfUtils.java:logGet(43)) - raft.grpc.server.port = 0 (default)
2019-09-25 05:06:01,528 [main] INFO  server.GrpcService (ConfUtils.java:logGet(43)) - raft.grpc.message.size.max = 33570816 (custom)
2019-09-25 05:06:01,529 [main] INFO  server.RaftServerConfigKeys (ConfUtils.java:logGet(43)) - raft.server.log.appender.buffer.byte-limit = 33554432 (custom)
2019-09-25 05:06:01,530 [main] INFO  server.GrpcService (ConfUtils.java:logGet(43)) - raft.grpc.flow.control.window = 1MB (=1048576) (default)
2019-09-25 05:06:01,531 [main] INFO  server.RaftServerConfigKeys (ConfUtils.java:logGet(43)) - raft.server.rpc.request.timeout = 3000ms (default)
2019-09-25 05:06:01,693 [main] INFO  server.RaftServerConfigKeys (ConfUtils.java:logGet(43)) - raft.server.storage.dir = [/workdir/hadoop-ozone/integration-test/target/test-dir/MiniOzoneClusterImpl-23306158-e895-4fc7-80df-ce6c264c388b/datanode-0/data/ratis] (custom)
2019-09-25 05:06:01,747 [main] INFO  hdfs.DFSUtil (DFSUtil.java:httpServerTemplateForNNAndJN(1641)) - Starting Web-server for hddsDatanode at: http://0.0.0.0:0
2019-09-25 05:06:01,750 [main] INFO  server.AuthenticationFilter (AuthenticationFilter.java:constructSecretProvider(240)) - Unable to initialize FileSignerSecretProvider, falling back to use random secrets.
2019-09-25 05:06:01,752 [main] WARN  http.HttpRequestLog (HttpRequestLog.java:getRequestLog(97)) - Jetty request log can only be enabled using Log4j
2019-09-25 05:06:01,755 [main] INFO  http.HttpServer2 (HttpServer2.java:addGlobalFilter(975)) - Added global filter 'safety' (class=org.apache.hadoop.http.HttpServer2$QuotingInputFilter)
2019-09-25 05:06:01,756 [main] INFO  http.HttpServer2 (HttpServer2.java:addFilter(948)) - Added filter static_user_filter (class=org.apache.hadoop.http.lib.StaticUserWebFilter$StaticUserFilter) to context hddsDatanode
2019-09-25 05:06:01,757 [main] INFO  http.HttpServer2 (HttpServer2.java:addFilter(958)) - Added filter static_user_filter (class=org.apache.hadoop.http.lib.StaticUserWebFilter$StaticUserFilter) to context static
2019-09-25 05:06:01,757 [main] INFO  http.HttpServer2 (HttpServer2.java:addFilter(958)) - Added filter static_user_filter (class=org.apache.hadoop.http.lib.StaticUserWebFilter$StaticUserFilter) to context logs
2019-09-25 05:06:01,759 [main] INFO  http.HttpServer2 (HttpServer2.java:bindListener(1191)) - Jetty bound to port 44474
2019-09-25 05:06:01,759 [main] INFO  server.Server (Server.java:doStart(351)) - jetty-9.3.25.v20180904, build timestamp: 2018-09-04T21:11:46Z, git hash: 3ce520221d0240229c862b122d2b06c12a625732
2019-09-25 05:06:01,762 [main] INFO  handler.ContextHandler (ContextHandler.java:doStart(781)) - Started o.e.j.s.ServletContextHandler@7ff35a3f{/logs,file:///workdir/hadoop-ozone/integration-test/target/log,AVAILABLE}
2019-09-25 05:06:01,763 [main] INFO  handler.ContextHandler (ContextHandler.java:doStart(781)) - Started o.e.j.s.ServletContextHandler@252dc8c4{/static,jar:file:/home/user/.m2/repository/org/apache/hadoop/hadoop-hdds-container-service/0.5.0-SNAPSHOT/hadoop-hdds-container-service-0.5.0-SNAPSHOT.jar!/webapps/static,AVAILABLE}
2019-09-25 05:06:01,827 [main] INFO  handler.ContextHandler (ContextHandler.java:doStart(781)) - Started o.e.j.w.WebAppContext@cdb2d95{/,file:///tmp/jetty-0.0.0.0-44474-hddsDatanode-_-any-2367330765174153604.dir/webapp/,AVAILABLE}{/hddsDatanode}
2019-09-25 05:06:01,828 [main] INFO  server.AbstractConnector (AbstractConnector.java:doStart(278)) - Started ServerConnector@122d6c22{HTTP/1.1,[http/1.1]}{0.0.0.0:44474}
2019-09-25 05:06:01,834 [main] INFO  server.Server (Server.java:doStart(419)) - Started @5348ms
2019-09-25 05:06:01,835 [main] WARN  impl.MetricsSystemImpl (MetricsSystemImpl.java:register(276)) - Sink prometheus already exists!
2019-09-25 05:06:01,837 [main] INFO  server.BaseHttpServer (BaseHttpServer.java:updateConnectorAddress(215)) - HTTP server of HDDSDATANODE is listening at http://0.0.0.0:44474
2019-09-25 05:06:01,841 [main] INFO  impl.MetricsSystemImpl (MetricsSystemImpl.java:init(158)) - HddsDatanode metrics system started (again)
2019-09-25 05:06:01,846 [main] INFO  ozone.HddsDatanodeService (HddsDatanodeService.java:start(184)) - HddsDatanodeService host:pr-hdds-1569-s62bp-3040748787 ip:192.168.30.10
2019-09-25 05:06:01,850 [org.apache.hadoop.util.JvmPauseMonitor$Monitor@793bea3e] INFO  util.JvmPauseMonitor (JvmPauseMonitor.java:run(188)) - Starting JVM pause monitor
2019-09-25 05:06:01,857 [main] INFO  volume.HddsVolume (HddsVolume.java:<init>(176)) - Creating Volume: /workdir/hadoop-ozone/integration-test/target/test-dir/MiniOzoneClusterImpl-23306158-e895-4fc7-80df-ce6c264c388b/datanode-1/data/containers/hdds of  storage type : DISK and capacity : 1482555576320
2019-09-25 05:06:01,859 [main] INFO  volume.VolumeSet (VolumeSet.java:initializeVolumeSet(170)) - Added Volume : /workdir/hadoop-ozone/integration-test/target/test-dir/MiniOzoneClusterImpl-23306158-e895-4fc7-80df-ce6c264c388b/datanode-1/data/containers/hdds to VolumeSet
2019-09-25 05:06:01,859 [main] INFO  volume.ThrottledAsyncChecker (ThrottledAsyncChecker.java:schedule(139)) - Scheduling a check for org.apache.hadoop.ozone.container.common.volume.HddsVolume@7e74a380
2019-09-25 05:06:01,860 [main] INFO  volume.HddsVolumeChecker (HddsVolumeChecker.java:checkAllVolumes(202)) - Scheduled health check for volume org.apache.hadoop.ozone.container.common.volume.HddsVolume@7e74a380
2019-09-25 05:06:01,875 [main] INFO  impl.RaftServerProxy (ConfUtils.java:logGet(43)) - raft.rpc.type = GRPC (default)
2019-09-25 05:06:01,875 [main] INFO  grpc.GrpcFactory (GrpcFactory.java:checkPooledByteBufAllocatorUseCacheForAllThreads(45)) - PERFORMANCE WARNING: useCacheForAllThreads is true that may cause Netty to create a lot garbage objects and, as a result, trigger GC.
	It is recommended to disable useCacheForAllThreads by setting -Dorg.apache.ratis.thirdparty.io.netty.allocator.useCacheForAllThreads=false in command line.
2019-09-25 05:06:01,876 [main] INFO  grpc.GrpcConfigKeys$Server (ConfUtils.java:logGet(43)) - raft.grpc.server.port = 0 (default)
2019-09-25 05:06:01,876 [main] INFO  server.GrpcService (ConfUtils.java:logGet(43)) - raft.grpc.message.size.max = 33570816 (custom)
2019-09-25 05:06:01,876 [main] INFO  server.RaftServerConfigKeys (ConfUtils.java:logGet(43)) - raft.server.log.appender.buffer.byte-limit = 33554432 (custom)
2019-09-25 05:06:01,877 [main] INFO  server.GrpcService (ConfUtils.java:logGet(43)) - raft.grpc.flow.control.window = 1MB (=1048576) (default)
2019-09-25 05:06:01,877 [main] INFO  server.RaftServerConfigKeys (ConfUtils.java:logGet(43)) - raft.server.rpc.request.timeout = 3000ms (default)
2019-09-25 05:06:01,878 [main] INFO  server.RaftServerConfigKeys (ConfUtils.java:logGet(43)) - raft.server.storage.dir = [/workdir/hadoop-ozone/integration-test/target/test-dir/MiniOzoneClusterImpl-23306158-e895-4fc7-80df-ce6c264c388b/datanode-1/data/ratis] (custom)
2019-09-25 05:06:01,879 [main] INFO  hdfs.DFSUtil (DFSUtil.java:httpServerTemplateForNNAndJN(1641)) - Starting Web-server for hddsDatanode at: http://0.0.0.0:0
2019-09-25 05:06:01,881 [main] INFO  server.AuthenticationFilter (AuthenticationFilter.java:constructSecretProvider(240)) - Unable to initialize FileSignerSecretProvider, falling back to use random secrets.
2019-09-25 05:06:01,882 [main] WARN  http.HttpRequestLog (HttpRequestLog.java:getRequestLog(97)) - Jetty request log can only be enabled using Log4j
2019-09-25 05:06:01,883 [main] INFO  http.HttpServer2 (HttpServer2.java:addGlobalFilter(975)) - Added global filter 'safety' (class=org.apache.hadoop.http.HttpServer2$QuotingInputFilter)
2019-09-25 05:06:01,884 [main] INFO  http.HttpServer2 (HttpServer2.java:addFilter(948)) - Added filter static_user_filter (class=org.apache.hadoop.http.lib.StaticUserWebFilter$StaticUserFilter) to context hddsDatanode
2019-09-25 05:06:01,884 [main] INFO  http.HttpServer2 (HttpServer2.java:addFilter(958)) - Added filter static_user_filter (class=org.apache.hadoop.http.lib.StaticUserWebFilter$StaticUserFilter) to context logs
2019-09-25 05:06:01,884 [main] INFO  http.HttpServer2 (HttpServer2.java:addFilter(958)) - Added filter static_user_filter (class=org.apache.hadoop.http.lib.StaticUserWebFilter$StaticUserFilter) to context static
2019-09-25 05:06:01,886 [main] INFO  http.HttpServer2 (HttpServer2.java:bindListener(1191)) - Jetty bound to port 46128
2019-09-25 05:06:01,886 [main] INFO  server.Server (Server.java:doStart(351)) - jetty-9.3.25.v20180904, build timestamp: 2018-09-04T21:11:46Z, git hash: 3ce520221d0240229c862b122d2b06c12a625732
2019-09-25 05:06:01,890 [main] INFO  handler.ContextHandler (ContextHandler.java:doStart(781)) - Started o.e.j.s.ServletContextHandler@2f1d0bbc{/logs,file:///workdir/hadoop-ozone/integration-test/target/log,AVAILABLE}
2019-09-25 05:06:01,891 [main] INFO  handler.ContextHandler (ContextHandler.java:doStart(781)) - Started o.e.j.s.ServletContextHandler@a9f023e{/static,jar:file:/home/user/.m2/repository/org/apache/hadoop/hadoop-hdds-container-service/0.5.0-SNAPSHOT/hadoop-hdds-container-service-0.5.0-SNAPSHOT.jar!/webapps/static,AVAILABLE}
2019-09-25 05:06:01,920 [main] INFO  handler.ContextHandler (ContextHandler.java:doStart(781)) - Started o.e.j.w.WebAppContext@a92be4f{/,file:///tmp/jetty-0.0.0.0-46128-hddsDatanode-_-any-171982849763370490.dir/webapp/,AVAILABLE}{/hddsDatanode}
2019-09-25 05:06:01,921 [main] INFO  server.AbstractConnector (AbstractConnector.java:doStart(278)) - Started ServerConnector@53e800f9{HTTP/1.1,[http/1.1]}{0.0.0.0:46128}
2019-09-25 05:06:01,921 [main] INFO  server.Server (Server.java:doStart(419)) - Started @5436ms
2019-09-25 05:06:01,922 [main] WARN  impl.MetricsSystemImpl (MetricsSystemImpl.java:register(276)) - Sink prometheus already exists!
2019-09-25 05:06:01,923 [main] INFO  server.BaseHttpServer (BaseHttpServer.java:updateConnectorAddress(215)) - HTTP server of HDDSDATANODE is listening at http://0.0.0.0:46128
2019-09-25 05:06:01,924 [main] INFO  impl.MetricsSystemImpl (MetricsSystemImpl.java:init(158)) - HddsDatanode metrics system started (again)
2019-09-25 05:06:01,927 [main] INFO  ozone.HddsDatanodeService (HddsDatanodeService.java:start(184)) - HddsDatanodeService host:pr-hdds-1569-s62bp-3040748787 ip:192.168.30.10
2019-09-25 05:06:01,927 [org.apache.hadoop.util.JvmPauseMonitor$Monitor@66ea3b37] INFO  util.JvmPauseMonitor (JvmPauseMonitor.java:run(188)) - Starting JVM pause monitor
2019-09-25 05:06:01,935 [main] INFO  volume.HddsVolume (HddsVolume.java:<init>(176)) - Creating Volume: /workdir/hadoop-ozone/integration-test/target/test-dir/MiniOzoneClusterImpl-23306158-e895-4fc7-80df-ce6c264c388b/datanode-2/data/containers/hdds of  storage type : DISK and capacity : 1482555576320
2019-09-25 05:06:01,936 [main] INFO  volume.VolumeSet (VolumeSet.java:initializeVolumeSet(170)) - Added Volume : /workdir/hadoop-ozone/integration-test/target/test-dir/MiniOzoneClusterImpl-23306158-e895-4fc7-80df-ce6c264c388b/datanode-2/data/containers/hdds to VolumeSet
2019-09-25 05:06:01,936 [main] INFO  volume.ThrottledAsyncChecker (ThrottledAsyncChecker.java:schedule(139)) - Scheduling a check for org.apache.hadoop.ozone.container.common.volume.HddsVolume@611a990b
2019-09-25 05:06:01,937 [main] INFO  volume.HddsVolumeChecker (HddsVolumeChecker.java:checkAllVolumes(202)) - Scheduled health check for volume org.apache.hadoop.ozone.container.common.volume.HddsVolume@611a990b
2019-09-25 05:06:01,951 [main] INFO  impl.RaftServerProxy (ConfUtils.java:logGet(43)) - raft.rpc.type = GRPC (default)
2019-09-25 05:06:01,951 [main] INFO  grpc.GrpcFactory (GrpcFactory.java:checkPooledByteBufAllocatorUseCacheForAllThreads(45)) - PERFORMANCE WARNING: useCacheForAllThreads is true that may cause Netty to create a lot garbage objects and, as a result, trigger GC.
	It is recommended to disable useCacheForAllThreads by setting -Dorg.apache.ratis.thirdparty.io.netty.allocator.useCacheForAllThreads=false in command line.
2019-09-25 05:06:01,951 [main] INFO  grpc.GrpcConfigKeys$Server (ConfUtils.java:logGet(43)) - raft.grpc.server.port = 0 (default)
2019-09-25 05:06:01,952 [main] INFO  server.GrpcService (ConfUtils.java:logGet(43)) - raft.grpc.message.size.max = 33570816 (custom)
2019-09-25 05:06:01,952 [main] INFO  server.RaftServerConfigKeys (ConfUtils.java:logGet(43)) - raft.server.log.appender.buffer.byte-limit = 33554432 (custom)
2019-09-25 05:06:01,952 [main] INFO  server.GrpcService (ConfUtils.java:logGet(43)) - raft.grpc.flow.control.window = 1MB (=1048576) (default)
2019-09-25 05:06:01,953 [main] INFO  server.RaftServerConfigKeys (ConfUtils.java:logGet(43)) - raft.server.rpc.request.timeout = 3000ms (default)
2019-09-25 05:06:01,953 [main] INFO  server.RaftServerConfigKeys (ConfUtils.java:logGet(43)) - raft.server.storage.dir = [/workdir/hadoop-ozone/integration-test/target/test-dir/MiniOzoneClusterImpl-23306158-e895-4fc7-80df-ce6c264c388b/datanode-2/data/ratis] (custom)
2019-09-25 05:06:01,955 [main] INFO  hdfs.DFSUtil (DFSUtil.java:httpServerTemplateForNNAndJN(1641)) - Starting Web-server for hddsDatanode at: http://0.0.0.0:0
2019-09-25 05:06:01,956 [main] INFO  server.AuthenticationFilter (AuthenticationFilter.java:constructSecretProvider(240)) - Unable to initialize FileSignerSecretProvider, falling back to use random secrets.
2019-09-25 05:06:01,957 [main] WARN  http.HttpRequestLog (HttpRequestLog.java:getRequestLog(97)) - Jetty request log can only be enabled using Log4j
2019-09-25 05:06:01,958 [main] INFO  http.HttpServer2 (HttpServer2.java:addGlobalFilter(975)) - Added global filter 'safety' (class=org.apache.hadoop.http.HttpServer2$QuotingInputFilter)
2019-09-25 05:06:01,959 [main] INFO  http.HttpServer2 (HttpServer2.java:addFilter(948)) - Added filter static_user_filter (class=org.apache.hadoop.http.lib.StaticUserWebFilter$StaticUserFilter) to context hddsDatanode
2019-09-25 05:06:01,959 [main] INFO  http.HttpServer2 (HttpServer2.java:addFilter(958)) - Added filter static_user_filter (class=org.apache.hadoop.http.lib.StaticUserWebFilter$StaticUserFilter) to context logs
2019-09-25 05:06:01,959 [main] INFO  http.HttpServer2 (HttpServer2.java:addFilter(958)) - Added filter static_user_filter (class=org.apache.hadoop.http.lib.StaticUserWebFilter$StaticUserFilter) to context static
2019-09-25 05:06:01,960 [main] INFO  http.HttpServer2 (HttpServer2.java:bindListener(1191)) - Jetty bound to port 37691
2019-09-25 05:06:01,960 [main] INFO  server.Server (Server.java:doStart(351)) - jetty-9.3.25.v20180904, build timestamp: 2018-09-04T21:11:46Z, git hash: 3ce520221d0240229c862b122d2b06c12a625732
2019-09-25 05:06:01,962 [main] INFO  handler.ContextHandler (ContextHandler.java:doStart(781)) - Started o.e.j.s.ServletContextHandler@5624657a{/logs,file:///workdir/hadoop-ozone/integration-test/target/log,AVAILABLE}
2019-09-25 05:06:01,963 [main] INFO  handler.ContextHandler (ContextHandler.java:doStart(781)) - Started o.e.j.s.ServletContextHandler@4d21c56e{/static,jar:file:/home/user/.m2/repository/org/apache/hadoop/hadoop-hdds-container-service/0.5.0-SNAPSHOT/hadoop-hdds-container-service-0.5.0-SNAPSHOT.jar!/webapps/static,AVAILABLE}
2019-09-25 05:06:01,972 [Datanode State Machine Thread - 0] INFO  datanode.InitDatanodeState (InitDatanodeState.java:persistContainerDatanodeDetails(140)) - DatanodeDetails is persisted to /workdir/hadoop-ozone/integration-test/target/test-dir/MiniOzoneClusterImpl-23306158-e895-4fc7-80df-ce6c264c388b/datanode-0/meta/datanode.id
2019-09-25 05:06:01,977 [Datanode State Machine Thread - 0] INFO  datanode.InitDatanodeState (InitDatanodeState.java:persistContainerDatanodeDetails(140)) - DatanodeDetails is persisted to /workdir/hadoop-ozone/integration-test/target/test-dir/MiniOzoneClusterImpl-23306158-e895-4fc7-80df-ce6c264c388b/datanode-1/meta/datanode.id
2019-09-25 05:06:01,994 [main] INFO  handler.ContextHandler (ContextHandler.java:doStart(781)) - Started o.e.j.w.WebAppContext@4a163575{/,file:///tmp/jetty-0.0.0.0-37691-hddsDatanode-_-any-296330615404375672.dir/webapp/,AVAILABLE}{/hddsDatanode}
2019-09-25 05:06:01,995 [main] INFO  server.AbstractConnector (AbstractConnector.java:doStart(278)) - Started ServerConnector@7e642b88{HTTP/1.1,[http/1.1]}{0.0.0.0:37691}
2019-09-25 05:06:01,996 [main] INFO  server.Server (Server.java:doStart(419)) - Started @5510ms
2019-09-25 05:06:01,996 [main] WARN  impl.MetricsSystemImpl (MetricsSystemImpl.java:register(276)) - Sink prometheus already exists!
2019-09-25 05:06:01,997 [main] INFO  server.BaseHttpServer (BaseHttpServer.java:updateConnectorAddress(215)) - HTTP server of HDDSDATANODE is listening at http://0.0.0.0:37691
2019-09-25 05:06:01,997 [main] INFO  impl.MetricsSystemImpl (MetricsSystemImpl.java:init(158)) - HddsDatanode metrics system started (again)
2019-09-25 05:06:02,000 [main] INFO  ozone.HddsDatanodeService (HddsDatanodeService.java:start(184)) - HddsDatanodeService host:pr-hdds-1569-s62bp-3040748787 ip:192.168.30.10
2019-09-25 05:06:02,000 [org.apache.hadoop.util.JvmPauseMonitor$Monitor@5479ba33] INFO  util.JvmPauseMonitor (JvmPauseMonitor.java:run(188)) - Starting JVM pause monitor
2019-09-25 05:06:02,003 [Datanode State Machine Thread - 0] INFO  datanode.InitDatanodeState (InitDatanodeState.java:persistContainerDatanodeDetails(140)) - DatanodeDetails is persisted to /workdir/hadoop-ozone/integration-test/target/test-dir/MiniOzoneClusterImpl-23306158-e895-4fc7-80df-ce6c264c388b/datanode-2/meta/datanode.id
2019-09-25 05:06:02,006 [main] INFO  volume.HddsVolume (HddsVolume.java:<init>(176)) - Creating Volume: /workdir/hadoop-ozone/integration-test/target/test-dir/MiniOzoneClusterImpl-23306158-e895-4fc7-80df-ce6c264c388b/datanode-3/data/containers/hdds of  storage type : DISK and capacity : 1482555576320
2019-09-25 05:06:02,008 [main] INFO  volume.VolumeSet (VolumeSet.java:initializeVolumeSet(170)) - Added Volume : /workdir/hadoop-ozone/integration-test/target/test-dir/MiniOzoneClusterImpl-23306158-e895-4fc7-80df-ce6c264c388b/datanode-3/data/containers/hdds to VolumeSet
2019-09-25 05:06:02,008 [main] INFO  volume.ThrottledAsyncChecker (ThrottledAsyncChecker.java:schedule(139)) - Scheduling a check for org.apache.hadoop.ozone.container.common.volume.HddsVolume@ec8f4b9
2019-09-25 05:06:02,009 [main] INFO  volume.HddsVolumeChecker (HddsVolumeChecker.java:checkAllVolumes(202)) - Scheduled health check for volume org.apache.hadoop.ozone.container.common.volume.HddsVolume@ec8f4b9
2019-09-25 05:06:02,023 [main] INFO  impl.RaftServerProxy (ConfUtils.java:logGet(43)) - raft.rpc.type = GRPC (default)
2019-09-25 05:06:02,023 [main] INFO  grpc.GrpcFactory (GrpcFactory.java:checkPooledByteBufAllocatorUseCacheForAllThreads(45)) - PERFORMANCE WARNING: useCacheForAllThreads is true that may cause Netty to create a lot garbage objects and, as a result, trigger GC.
	It is recommended to disable useCacheForAllThreads by setting -Dorg.apache.ratis.thirdparty.io.netty.allocator.useCacheForAllThreads=false in command line.
2019-09-25 05:06:02,024 [main] INFO  grpc.GrpcConfigKeys$Server (ConfUtils.java:logGet(43)) - raft.grpc.server.port = 0 (default)
2019-09-25 05:06:02,024 [main] INFO  server.GrpcService (ConfUtils.java:logGet(43)) - raft.grpc.message.size.max = 33570816 (custom)
2019-09-25 05:06:02,024 [main] INFO  server.RaftServerConfigKeys (ConfUtils.java:logGet(43)) - raft.server.log.appender.buffer.byte-limit = 33554432 (custom)
2019-09-25 05:06:02,024 [main] INFO  server.GrpcService (ConfUtils.java:logGet(43)) - raft.grpc.flow.control.window = 1MB (=1048576) (default)
2019-09-25 05:06:02,024 [main] INFO  server.RaftServerConfigKeys (ConfUtils.java:logGet(43)) - raft.server.rpc.request.timeout = 3000ms (default)
2019-09-25 05:06:02,025 [main] INFO  server.RaftServerConfigKeys (ConfUtils.java:logGet(43)) - raft.server.storage.dir = [/workdir/hadoop-ozone/integration-test/target/test-dir/MiniOzoneClusterImpl-23306158-e895-4fc7-80df-ce6c264c388b/datanode-3/data/ratis] (custom)
2019-09-25 05:06:02,026 [main] INFO  hdfs.DFSUtil (DFSUtil.java:httpServerTemplateForNNAndJN(1641)) - Starting Web-server for hddsDatanode at: http://0.0.0.0:0
2019-09-25 05:06:02,028 [main] INFO  server.AuthenticationFilter (AuthenticationFilter.java:constructSecretProvider(240)) - Unable to initialize FileSignerSecretProvider, falling back to use random secrets.
2019-09-25 05:06:02,028 [main] WARN  http.HttpRequestLog (HttpRequestLog.java:getRequestLog(97)) - Jetty request log can only be enabled using Log4j
2019-09-25 05:06:02,030 [main] INFO  http.HttpServer2 (HttpServer2.java:addGlobalFilter(975)) - Added global filter 'safety' (class=org.apache.hadoop.http.HttpServer2$QuotingInputFilter)
2019-09-25 05:06:02,030 [main] INFO  http.HttpServer2 (HttpServer2.java:addFilter(948)) - Added filter static_user_filter (class=org.apache.hadoop.http.lib.StaticUserWebFilter$StaticUserFilter) to context hddsDatanode
2019-09-25 05:06:02,030 [main] INFO  http.HttpServer2 (HttpServer2.java:addFilter(958)) - Added filter static_user_filter (class=org.apache.hadoop.http.lib.StaticUserWebFilter$StaticUserFilter) to context static
2019-09-25 05:06:02,031 [main] INFO  http.HttpServer2 (HttpServer2.java:addFilter(958)) - Added filter static_user_filter (class=org.apache.hadoop.http.lib.StaticUserWebFilter$StaticUserFilter) to context logs
2019-09-25 05:06:02,031 [main] INFO  http.HttpServer2 (HttpServer2.java:bindListener(1191)) - Jetty bound to port 46401
2019-09-25 05:06:02,032 [main] INFO  server.Server (Server.java:doStart(351)) - jetty-9.3.25.v20180904, build timestamp: 2018-09-04T21:11:46Z, git hash: 3ce520221d0240229c862b122d2b06c12a625732
2019-09-25 05:06:02,036 [main] INFO  handler.ContextHandler (ContextHandler.java:doStart(781)) - Started o.e.j.s.ServletContextHandler@97d0c06{/logs,file:///workdir/hadoop-ozone/integration-test/target/log,AVAILABLE}
2019-09-25 05:06:02,037 [main] INFO  handler.ContextHandler (ContextHandler.java:doStart(781)) - Started o.e.j.s.ServletContextHandler@43af351a{/static,jar:file:/home/user/.m2/repository/org/apache/hadoop/hadoop-hdds-container-service/0.5.0-SNAPSHOT/hadoop-hdds-container-service-0.5.0-SNAPSHOT.jar!/webapps/static,AVAILABLE}
2019-09-25 05:06:02,075 [main] INFO  handler.ContextHandler (ContextHandler.java:doStart(781)) - Started o.e.j.w.WebAppContext@15b642b9{/,file:///tmp/jetty-0.0.0.0-46401-hddsDatanode-_-any-3412799521508654746.dir/webapp/,AVAILABLE}{/hddsDatanode}
2019-09-25 05:06:02,076 [main] INFO  server.AbstractConnector (AbstractConnector.java:doStart(278)) - Started ServerConnector@518bfd90{HTTP/1.1,[http/1.1]}{0.0.0.0:46401}
2019-09-25 05:06:02,078 [main] INFO  server.Server (Server.java:doStart(419)) - Started @5592ms
2019-09-25 05:06:02,078 [main] WARN  impl.MetricsSystemImpl (MetricsSystemImpl.java:register(276)) - Sink prometheus already exists!
2019-09-25 05:06:02,079 [main] INFO  server.BaseHttpServer (BaseHttpServer.java:updateConnectorAddress(215)) - HTTP server of HDDSDATANODE is listening at http://0.0.0.0:46401
2019-09-25 05:06:02,079 [main] INFO  impl.MetricsSystemImpl (MetricsSystemImpl.java:init(158)) - HddsDatanode metrics system started (again)
2019-09-25 05:06:02,083 [main] INFO  ozone.HddsDatanodeService (HddsDatanodeService.java:start(184)) - HddsDatanodeService host:pr-hdds-1569-s62bp-3040748787 ip:192.168.30.10
2019-09-25 05:06:02,083 [org.apache.hadoop.util.JvmPauseMonitor$Monitor@29040281] INFO  util.JvmPauseMonitor (JvmPauseMonitor.java:run(188)) - Starting JVM pause monitor
2019-09-25 05:06:02,087 [Datanode State Machine Thread - 0] INFO  datanode.InitDatanodeState (InitDatanodeState.java:persistContainerDatanodeDetails(140)) - DatanodeDetails is persisted to /workdir/hadoop-ozone/integration-test/target/test-dir/MiniOzoneClusterImpl-23306158-e895-4fc7-80df-ce6c264c388b/datanode-3/meta/datanode.id
2019-09-25 05:06:02,092 [main] INFO  volume.HddsVolume (HddsVolume.java:<init>(176)) - Creating Volume: /workdir/hadoop-ozone/integration-test/target/test-dir/MiniOzoneClusterImpl-23306158-e895-4fc7-80df-ce6c264c388b/datanode-4/data/containers/hdds of  storage type : DISK and capacity : 1482555576320
2019-09-25 05:06:02,092 [main] INFO  volume.VolumeSet (VolumeSet.java:initializeVolumeSet(170)) - Added Volume : /workdir/hadoop-ozone/integration-test/target/test-dir/MiniOzoneClusterImpl-23306158-e895-4fc7-80df-ce6c264c388b/datanode-4/data/containers/hdds to VolumeSet
2019-09-25 05:06:02,092 [main] INFO  volume.ThrottledAsyncChecker (ThrottledAsyncChecker.java:schedule(139)) - Scheduling a check for org.apache.hadoop.ozone.container.common.volume.HddsVolume@2f897dab
2019-09-25 05:06:02,093 [main] INFO  volume.HddsVolumeChecker (HddsVolumeChecker.java:checkAllVolumes(202)) - Scheduled health check for volume org.apache.hadoop.ozone.container.common.volume.HddsVolume@2f897dab
2019-09-25 05:06:02,107 [main] INFO  impl.RaftServerProxy (ConfUtils.java:logGet(43)) - raft.rpc.type = GRPC (default)
2019-09-25 05:06:02,107 [main] INFO  grpc.GrpcFactory (GrpcFactory.java:checkPooledByteBufAllocatorUseCacheForAllThreads(45)) - PERFORMANCE WARNING: useCacheForAllThreads is true that may cause Netty to create a lot garbage objects and, as a result, trigger GC.
	It is recommended to disable useCacheForAllThreads by setting -Dorg.apache.ratis.thirdparty.io.netty.allocator.useCacheForAllThreads=false in command line.
2019-09-25 05:06:02,107 [main] INFO  grpc.GrpcConfigKeys$Server (ConfUtils.java:logGet(43)) - raft.grpc.server.port = 0 (default)
2019-09-25 05:06:02,107 [main] INFO  server.GrpcService (ConfUtils.java:logGet(43)) - raft.grpc.message.size.max = 33570816 (custom)
2019-09-25 05:06:02,108 [main] INFO  server.RaftServerConfigKeys (ConfUtils.java:logGet(43)) - raft.server.log.appender.buffer.byte-limit = 33554432 (custom)
2019-09-25 05:06:02,108 [main] INFO  server.GrpcService (ConfUtils.java:logGet(43)) - raft.grpc.flow.control.window = 1MB (=1048576) (default)
2019-09-25 05:06:02,108 [main] INFO  server.RaftServerConfigKeys (ConfUtils.java:logGet(43)) - raft.server.rpc.request.timeout = 3000ms (default)
2019-09-25 05:06:02,109 [main] INFO  server.RaftServerConfigKeys (ConfUtils.java:logGet(43)) - raft.server.storage.dir = [/workdir/hadoop-ozone/integration-test/target/test-dir/MiniOzoneClusterImpl-23306158-e895-4fc7-80df-ce6c264c388b/datanode-4/data/ratis] (custom)
2019-09-25 05:06:02,110 [main] INFO  hdfs.DFSUtil (DFSUtil.java:httpServerTemplateForNNAndJN(1641)) - Starting Web-server for hddsDatanode at: http://0.0.0.0:0
2019-09-25 05:06:02,111 [main] INFO  server.AuthenticationFilter (AuthenticationFilter.java:constructSecretProvider(240)) - Unable to initialize FileSignerSecretProvider, falling back to use random secrets.
2019-09-25 05:06:02,112 [main] WARN  http.HttpRequestLog (HttpRequestLog.java:getRequestLog(97)) - Jetty request log can only be enabled using Log4j
2019-09-25 05:06:02,114 [main] INFO  http.HttpServer2 (HttpServer2.java:addGlobalFilter(975)) - Added global filter 'safety' (class=org.apache.hadoop.http.HttpServer2$QuotingInputFilter)
2019-09-25 05:06:02,115 [main] INFO  http.HttpServer2 (HttpServer2.java:addFilter(948)) - Added filter static_user_filter (class=org.apache.hadoop.http.lib.StaticUserWebFilter$StaticUserFilter) to context hddsDatanode
2019-09-25 05:06:02,115 [main] INFO  http.HttpServer2 (HttpServer2.java:addFilter(958)) - Added filter static_user_filter (class=org.apache.hadoop.http.lib.StaticUserWebFilter$StaticUserFilter) to context logs
2019-09-25 05:06:02,115 [main] INFO  http.HttpServer2 (HttpServer2.java:addFilter(958)) - Added filter static_user_filter (class=org.apache.hadoop.http.lib.StaticUserWebFilter$StaticUserFilter) to context static
2019-09-25 05:06:02,116 [main] INFO  http.HttpServer2 (HttpServer2.java:bindListener(1191)) - Jetty bound to port 40116
2019-09-25 05:06:02,116 [main] INFO  server.Server (Server.java:doStart(351)) - jetty-9.3.25.v20180904, build timestamp: 2018-09-04T21:11:46Z, git hash: 3ce520221d0240229c862b122d2b06c12a625732
2019-09-25 05:06:02,118 [main] INFO  handler.ContextHandler (ContextHandler.java:doStart(781)) - Started o.e.j.s.ServletContextHandler@67e13bd0{/logs,file:///workdir/hadoop-ozone/integration-test/target/log,AVAILABLE}
2019-09-25 05:06:02,119 [main] INFO  handler.ContextHandler (ContextHandler.java:doStart(781)) - Started o.e.j.s.ServletContextHandler@2cae9b8{/static,jar:file:/home/user/.m2/repository/org/apache/hadoop/hadoop-hdds-container-service/0.5.0-SNAPSHOT/hadoop-hdds-container-service-0.5.0-SNAPSHOT.jar!/webapps/static,AVAILABLE}
2019-09-25 05:06:02,147 [main] INFO  handler.ContextHandler (ContextHandler.java:doStart(781)) - Started o.e.j.w.WebAppContext@53cf9c99{/,file:///tmp/jetty-0.0.0.0-40116-hddsDatanode-_-any-5696329216755542528.dir/webapp/,AVAILABLE}{/hddsDatanode}
2019-09-25 05:06:02,147 [main] INFO  server.AbstractConnector (AbstractConnector.java:doStart(278)) - Started ServerConnector@7b306b9f{HTTP/1.1,[http/1.1]}{0.0.0.0:40116}
2019-09-25 05:06:02,148 [main] INFO  server.Server (Server.java:doStart(419)) - Started @5663ms
2019-09-25 05:06:02,149 [main] WARN  impl.MetricsSystemImpl (MetricsSystemImpl.java:register(276)) - Sink prometheus already exists!
2019-09-25 05:06:02,153 [main] INFO  server.BaseHttpServer (BaseHttpServer.java:updateConnectorAddress(215)) - HTTP server of HDDSDATANODE is listening at http://0.0.0.0:40116
2019-09-25 05:06:02,153 [main] INFO  impl.MetricsSystemImpl (MetricsSystemImpl.java:init(158)) - HddsDatanode metrics system started (again)
2019-09-25 05:06:02,157 [main] INFO  ozone.HddsDatanodeService (HddsDatanodeService.java:start(184)) - HddsDatanodeService host:pr-hdds-1569-s62bp-3040748787 ip:192.168.30.10
2019-09-25 05:06:02,157 [org.apache.hadoop.util.JvmPauseMonitor$Monitor@695f5713] INFO  util.JvmPauseMonitor (JvmPauseMonitor.java:run(188)) - Starting JVM pause monitor
2019-09-25 05:06:02,161 [Datanode State Machine Thread - 0] INFO  datanode.InitDatanodeState (InitDatanodeState.java:persistContainerDatanodeDetails(140)) - DatanodeDetails is persisted to /workdir/hadoop-ozone/integration-test/target/test-dir/MiniOzoneClusterImpl-23306158-e895-4fc7-80df-ce6c264c388b/datanode-4/meta/datanode.id
2019-09-25 05:06:02,165 [main] INFO  volume.HddsVolume (HddsVolume.java:<init>(176)) - Creating Volume: /workdir/hadoop-ozone/integration-test/target/test-dir/MiniOzoneClusterImpl-23306158-e895-4fc7-80df-ce6c264c388b/datanode-5/data/containers/hdds of  storage type : DISK and capacity : 1482555576320
2019-09-25 05:06:02,165 [main] INFO  volume.VolumeSet (VolumeSet.java:initializeVolumeSet(170)) - Added Volume : /workdir/hadoop-ozone/integration-test/target/test-dir/MiniOzoneClusterImpl-23306158-e895-4fc7-80df-ce6c264c388b/datanode-5/data/containers/hdds to VolumeSet
2019-09-25 05:06:02,165 [main] INFO  volume.ThrottledAsyncChecker (ThrottledAsyncChecker.java:schedule(139)) - Scheduling a check for org.apache.hadoop.ozone.container.common.volume.HddsVolume@f1d0004
2019-09-25 05:06:02,166 [main] INFO  volume.HddsVolumeChecker (HddsVolumeChecker.java:checkAllVolumes(202)) - Scheduled health check for volume org.apache.hadoop.ozone.container.common.volume.HddsVolume@f1d0004
2019-09-25 05:06:02,183 [main] INFO  impl.RaftServerProxy (ConfUtils.java:logGet(43)) - raft.rpc.type = GRPC (default)
2019-09-25 05:06:02,183 [main] INFO  grpc.GrpcFactory (GrpcFactory.java:checkPooledByteBufAllocatorUseCacheForAllThreads(45)) - PERFORMANCE WARNING: useCacheForAllThreads is true that may cause Netty to create a lot garbage objects and, as a result, trigger GC.
	It is recommended to disable useCacheForAllThreads by setting -Dorg.apache.ratis.thirdparty.io.netty.allocator.useCacheForAllThreads=false in command line.
2019-09-25 05:06:02,183 [main] INFO  grpc.GrpcConfigKeys$Server (ConfUtils.java:logGet(43)) - raft.grpc.server.port = 0 (default)
2019-09-25 05:06:02,184 [main] INFO  server.GrpcService (ConfUtils.java:logGet(43)) - raft.grpc.message.size.max = 33570816 (custom)
2019-09-25 05:06:02,184 [main] INFO  server.RaftServerConfigKeys (ConfUtils.java:logGet(43)) - raft.server.log.appender.buffer.byte-limit = 33554432 (custom)
2019-09-25 05:06:02,184 [main] INFO  server.GrpcService (ConfUtils.java:logGet(43)) - raft.grpc.flow.control.window = 1MB (=1048576) (default)
2019-09-25 05:06:02,184 [main] INFO  server.RaftServerConfigKeys (ConfUtils.java:logGet(43)) - raft.server.rpc.request.timeout = 3000ms (default)
2019-09-25 05:06:02,185 [main] INFO  server.RaftServerConfigKeys (ConfUtils.java:logGet(43)) - raft.server.storage.dir = [/workdir/hadoop-ozone/integration-test/target/test-dir/MiniOzoneClusterImpl-23306158-e895-4fc7-80df-ce6c264c388b/datanode-5/data/ratis] (custom)
2019-09-25 05:06:02,186 [main] INFO  hdfs.DFSUtil (DFSUtil.java:httpServerTemplateForNNAndJN(1641)) - Starting Web-server for hddsDatanode at: http://0.0.0.0:0
2019-09-25 05:06:02,187 [main] INFO  server.AuthenticationFilter (AuthenticationFilter.java:constructSecretProvider(240)) - Unable to initialize FileSignerSecretProvider, falling back to use random secrets.
2019-09-25 05:06:02,188 [main] WARN  http.HttpRequestLog (HttpRequestLog.java:getRequestLog(97)) - Jetty request log can only be enabled using Log4j
2019-09-25 05:06:02,189 [main] INFO  http.HttpServer2 (HttpServer2.java:addGlobalFilter(975)) - Added global filter 'safety' (class=org.apache.hadoop.http.HttpServer2$QuotingInputFilter)
2019-09-25 05:06:02,190 [main] INFO  http.HttpServer2 (HttpServer2.java:addFilter(948)) - Added filter static_user_filter (class=org.apache.hadoop.http.lib.StaticUserWebFilter$StaticUserFilter) to context hddsDatanode
2019-09-25 05:06:02,190 [main] INFO  http.HttpServer2 (HttpServer2.java:addFilter(958)) - Added filter static_user_filter (class=org.apache.hadoop.http.lib.StaticUserWebFilter$StaticUserFilter) to context logs
2019-09-25 05:06:02,190 [main] INFO  http.HttpServer2 (HttpServer2.java:addFilter(958)) - Added filter static_user_filter (class=org.apache.hadoop.http.lib.StaticUserWebFilter$StaticUserFilter) to context static
2019-09-25 05:06:02,191 [main] INFO  http.HttpServer2 (HttpServer2.java:bindListener(1191)) - Jetty bound to port 38426
2019-09-25 05:06:02,191 [main] INFO  server.Server (Server.java:doStart(351)) - jetty-9.3.25.v20180904, build timestamp: 2018-09-04T21:11:46Z, git hash: 3ce520221d0240229c862b122d2b06c12a625732
2019-09-25 05:06:02,193 [main] INFO  handler.ContextHandler (ContextHandler.java:doStart(781)) - Started o.e.j.s.ServletContextHandler@21505815{/logs,file:///workdir/hadoop-ozone/integration-test/target/log,AVAILABLE}
2019-09-25 05:06:02,193 [main] INFO  handler.ContextHandler (ContextHandler.java:doStart(781)) - Started o.e.j.s.ServletContextHandler@58fef7f7{/static,jar:file:/home/user/.m2/repository/org/apache/hadoop/hadoop-hdds-container-service/0.5.0-SNAPSHOT/hadoop-hdds-container-service-0.5.0-SNAPSHOT.jar!/webapps/static,AVAILABLE}
2019-09-25 05:06:02,222 [main] INFO  handler.ContextHandler (ContextHandler.java:doStart(781)) - Started o.e.j.w.WebAppContext@100c8b75{/,file:///tmp/jetty-0.0.0.0-38426-hddsDatanode-_-any-8317600067474979630.dir/webapp/,AVAILABLE}{/hddsDatanode}
2019-09-25 05:06:02,222 [main] INFO  server.AbstractConnector (AbstractConnector.java:doStart(278)) - Started ServerConnector@2bc378f7{HTTP/1.1,[http/1.1]}{0.0.0.0:38426}
2019-09-25 05:06:02,223 [main] INFO  server.Server (Server.java:doStart(419)) - Started @5738ms
2019-09-25 05:06:02,223 [main] WARN  impl.MetricsSystemImpl (MetricsSystemImpl.java:register(276)) - Sink prometheus already exists!
2019-09-25 05:06:02,224 [main] INFO  server.BaseHttpServer (BaseHttpServer.java:updateConnectorAddress(215)) - HTTP server of HDDSDATANODE is listening at http://0.0.0.0:38426
2019-09-25 05:06:02,224 [main] INFO  impl.MetricsSystemImpl (MetricsSystemImpl.java:init(158)) - HddsDatanode metrics system started (again)
2019-09-25 05:06:02,229 [main] INFO  ozone.HddsDatanodeService (HddsDatanodeService.java:start(184)) - HddsDatanodeService host:pr-hdds-1569-s62bp-3040748787 ip:192.168.30.10
2019-09-25 05:06:02,229 [org.apache.hadoop.util.JvmPauseMonitor$Monitor@44b47225] INFO  util.JvmPauseMonitor (JvmPauseMonitor.java:run(188)) - Starting JVM pause monitor
2019-09-25 05:06:02,238 [Datanode State Machine Thread - 0] INFO  datanode.InitDatanodeState (InitDatanodeState.java:persistContainerDatanodeDetails(140)) - DatanodeDetails is persisted to /workdir/hadoop-ozone/integration-test/target/test-dir/MiniOzoneClusterImpl-23306158-e895-4fc7-80df-ce6c264c388b/datanode-5/meta/datanode.id
2019-09-25 05:06:02,238 [main] INFO  volume.HddsVolume (HddsVolume.java:<init>(176)) - Creating Volume: /workdir/hadoop-ozone/integration-test/target/test-dir/MiniOzoneClusterImpl-23306158-e895-4fc7-80df-ce6c264c388b/datanode-6/data/containers/hdds of  storage type : DISK and capacity : 1482555576320
2019-09-25 05:06:02,239 [main] INFO  volume.VolumeSet (VolumeSet.java:initializeVolumeSet(170)) - Added Volume : /workdir/hadoop-ozone/integration-test/target/test-dir/MiniOzoneClusterImpl-23306158-e895-4fc7-80df-ce6c264c388b/datanode-6/data/containers/hdds to VolumeSet
2019-09-25 05:06:02,239 [main] INFO  volume.ThrottledAsyncChecker (ThrottledAsyncChecker.java:schedule(139)) - Scheduling a check for org.apache.hadoop.ozone.container.common.volume.HddsVolume@363c4251
2019-09-25 05:06:02,240 [main] INFO  volume.HddsVolumeChecker (HddsVolumeChecker.java:checkAllVolumes(202)) - Scheduled health check for volume org.apache.hadoop.ozone.container.common.volume.HddsVolume@363c4251
2019-09-25 05:06:02,259 [main] INFO  impl.RaftServerProxy (ConfUtils.java:logGet(43)) - raft.rpc.type = GRPC (default)
2019-09-25 05:06:02,260 [main] INFO  grpc.GrpcFactory (GrpcFactory.java:checkPooledByteBufAllocatorUseCacheForAllThreads(45)) - PERFORMANCE WARNING: useCacheForAllThreads is true that may cause Netty to create a lot garbage objects and, as a result, trigger GC.
	It is recommended to disable useCacheForAllThreads by setting -Dorg.apache.ratis.thirdparty.io.netty.allocator.useCacheForAllThreads=false in command line.
2019-09-25 05:06:02,260 [main] INFO  grpc.GrpcConfigKeys$Server (ConfUtils.java:logGet(43)) - raft.grpc.server.port = 0 (default)
2019-09-25 05:06:02,260 [main] INFO  server.GrpcService (ConfUtils.java:logGet(43)) - raft.grpc.message.size.max = 33570816 (custom)
2019-09-25 05:06:02,261 [main] INFO  server.RaftServerConfigKeys (ConfUtils.java:logGet(43)) - raft.server.log.appender.buffer.byte-limit = 33554432 (custom)
2019-09-25 05:06:02,261 [main] INFO  server.GrpcService (ConfUtils.java:logGet(43)) - raft.grpc.flow.control.window = 1MB (=1048576) (default)
2019-09-25 05:06:02,261 [main] INFO  server.RaftServerConfigKeys (ConfUtils.java:logGet(43)) - raft.server.rpc.request.timeout = 3000ms (default)
2019-09-25 05:06:02,262 [main] INFO  server.RaftServerConfigKeys (ConfUtils.java:logGet(43)) - raft.server.storage.dir = [/workdir/hadoop-ozone/integration-test/target/test-dir/MiniOzoneClusterImpl-23306158-e895-4fc7-80df-ce6c264c388b/datanode-6/data/ratis] (custom)
2019-09-25 05:06:02,264 [main] INFO  hdfs.DFSUtil (DFSUtil.java:httpServerTemplateForNNAndJN(1641)) - Starting Web-server for hddsDatanode at: http://0.0.0.0:0
2019-09-25 05:06:02,265 [main] INFO  server.AuthenticationFilter (AuthenticationFilter.java:constructSecretProvider(240)) - Unable to initialize FileSignerSecretProvider, falling back to use random secrets.
2019-09-25 05:06:02,266 [main] WARN  http.HttpRequestLog (HttpRequestLog.java:getRequestLog(97)) - Jetty request log can only be enabled using Log4j
2019-09-25 05:06:02,267 [main] INFO  http.HttpServer2 (HttpServer2.java:addGlobalFilter(975)) - Added global filter 'safety' (class=org.apache.hadoop.http.HttpServer2$QuotingInputFilter)
2019-09-25 05:06:02,268 [main] INFO  http.HttpServer2 (HttpServer2.java:addFilter(948)) - Added filter static_user_filter (class=org.apache.hadoop.http.lib.StaticUserWebFilter$StaticUserFilter) to context hddsDatanode
2019-09-25 05:06:02,268 [main] INFO  http.HttpServer2 (HttpServer2.java:addFilter(958)) - Added filter static_user_filter (class=org.apache.hadoop.http.lib.StaticUserWebFilter$StaticUserFilter) to context logs
2019-09-25 05:06:02,268 [main] INFO  http.HttpServer2 (HttpServer2.java:addFilter(958)) - Added filter static_user_filter (class=org.apache.hadoop.http.lib.StaticUserWebFilter$StaticUserFilter) to context static
2019-09-25 05:06:02,269 [main] INFO  http.HttpServer2 (HttpServer2.java:bindListener(1191)) - Jetty bound to port 44857
2019-09-25 05:06:02,269 [main] INFO  server.Server (Server.java:doStart(351)) - jetty-9.3.25.v20180904, build timestamp: 2018-09-04T21:11:46Z, git hash: 3ce520221d0240229c862b122d2b06c12a625732
2019-09-25 05:06:02,271 [main] INFO  handler.ContextHandler (ContextHandler.java:doStart(781)) - Started o.e.j.s.ServletContextHandler@7c8c70d6{/logs,file:///workdir/hadoop-ozone/integration-test/target/log,AVAILABLE}
2019-09-25 05:06:02,271 [main] INFO  handler.ContextHandler (ContextHandler.java:doStart(781)) - Started o.e.j.s.ServletContextHandler@6edf29c1{/static,jar:file:/home/user/.m2/repository/org/apache/hadoop/hadoop-hdds-container-service/0.5.0-SNAPSHOT/hadoop-hdds-container-service-0.5.0-SNAPSHOT.jar!/webapps/static,AVAILABLE}
2019-09-25 05:06:02,299 [main] INFO  handler.ContextHandler (ContextHandler.java:doStart(781)) - Started o.e.j.w.WebAppContext@1e9469b8{/,file:///tmp/jetty-0.0.0.0-44857-hddsDatanode-_-any-1612892631057348222.dir/webapp/,AVAILABLE}{/hddsDatanode}
2019-09-25 05:06:02,299 [main] INFO  server.AbstractConnector (AbstractConnector.java:doStart(278)) - Started ServerConnector@5a08efdc{HTTP/1.1,[http/1.1]}{0.0.0.0:44857}
2019-09-25 05:06:02,300 [main] INFO  server.Server (Server.java:doStart(419)) - Started @5815ms
2019-09-25 05:06:02,300 [main] WARN  impl.MetricsSystemImpl (MetricsSystemImpl.java:register(276)) - Sink prometheus already exists!
2019-09-25 05:06:02,301 [main] INFO  server.BaseHttpServer (BaseHttpServer.java:updateConnectorAddress(215)) - HTTP server of HDDSDATANODE is listening at http://0.0.0.0:44857
2019-09-25 05:06:02,303 [main] INFO  ozone.MiniOzoneClusterImpl (MiniOzoneClusterImpl.java:lambda$waitForClusterToBeReady$0(147)) - Waiting for cluster to be ready. Got 0 of 7 DN Heartbeats.
2019-09-25 05:06:02,305 [org.apache.hadoop.util.JvmPauseMonitor$Monitor@1691f4bd] INFO  util.JvmPauseMonitor (JvmPauseMonitor.java:run(188)) - Starting JVM pause monitor
2019-09-25 05:06:02,307 [Datanode State Machine Thread - 0] INFO  datanode.InitDatanodeState (InitDatanodeState.java:persistContainerDatanodeDetails(140)) - DatanodeDetails is persisted to /workdir/hadoop-ozone/integration-test/target/test-dir/MiniOzoneClusterImpl-23306158-e895-4fc7-80df-ce6c264c388b/datanode-6/meta/datanode.id
2019-09-25 05:06:03,304 [main] INFO  ozone.MiniOzoneClusterImpl (MiniOzoneClusterImpl.java:lambda$waitForClusterToBeReady$0(147)) - Waiting for cluster to be ready. Got 0 of 7 DN Heartbeats.
2019-09-25 05:06:03,938 [Datanode State Machine Thread - 0] INFO  ozoneimpl.OzoneContainer (OzoneContainer.java:start(217)) - Attempting to start container services.
2019-09-25 05:06:03,941 [Datanode State Machine Thread - 0] INFO  ozoneimpl.OzoneContainer (OzoneContainer.java:start(217)) - Attempting to start container services.
2019-09-25 05:06:03,949 [Datanode State Machine Thread - 0] INFO  ozoneimpl.OzoneContainer (OzoneContainer.java:startContainerScrub(179)) - Background container scanner has been disabled.
2019-09-25 05:06:03,949 [Datanode State Machine Thread - 0] INFO  ozoneimpl.OzoneContainer (OzoneContainer.java:startContainerScrub(179)) - Background container scanner has been disabled.
2019-09-25 05:06:03,949 [Datanode State Machine Thread - 0] INFO  ratis.XceiverServerRatis (XceiverServerRatis.java:start(411)) - Starting XceiverServerRatis 36ac27b3-2f11-437d-8f1f-165306b0ff4a at port 0
2019-09-25 05:06:03,949 [Datanode State Machine Thread - 0] INFO  ratis.XceiverServerRatis (XceiverServerRatis.java:start(411)) - Starting XceiverServerRatis f77bfc29-6991-4b1d-a503-f706c83de4fc at port 0
2019-09-25 05:06:03,992 [Datanode State Machine Thread - 0] INFO  impl.RaftServerProxy (RaftServerProxy.java:lambda$start$3(299)) - 36ac27b3-2f11-437d-8f1f-165306b0ff4a: start RPC server
2019-09-25 05:06:03,992 [Datanode State Machine Thread - 0] INFO  impl.RaftServerProxy (RaftServerProxy.java:lambda$start$3(299)) - f77bfc29-6991-4b1d-a503-f706c83de4fc: start RPC server
2019-09-25 05:06:04,019 [Datanode State Machine Thread - 0] INFO  ozoneimpl.OzoneContainer (OzoneContainer.java:start(217)) - Attempting to start container services.
2019-09-25 05:06:04,024 [Datanode State Machine Thread - 0] INFO  ozoneimpl.OzoneContainer (OzoneContainer.java:startContainerScrub(179)) - Background container scanner has been disabled.
2019-09-25 05:06:04,024 [Datanode State Machine Thread - 0] INFO  ratis.XceiverServerRatis (XceiverServerRatis.java:start(411)) - Starting XceiverServerRatis c8798e02-7f0c-41f7-82c2-a17323bcf21e at port 0
2019-09-25 05:06:04,036 [Datanode State Machine Thread - 0] INFO  impl.RaftServerProxy (RaftServerProxy.java:lambda$start$3(299)) - c8798e02-7f0c-41f7-82c2-a17323bcf21e: start RPC server
2019-09-25 05:06:04,101 [Datanode State Machine Thread - 0] INFO  ozoneimpl.OzoneContainer (OzoneContainer.java:start(217)) - Attempting to start container services.
2019-09-25 05:06:04,101 [Datanode State Machine Thread - 0] INFO  ozoneimpl.OzoneContainer (OzoneContainer.java:startContainerScrub(179)) - Background container scanner has been disabled.
2019-09-25 05:06:04,101 [Datanode State Machine Thread - 0] INFO  ratis.XceiverServerRatis (XceiverServerRatis.java:start(411)) - Starting XceiverServerRatis de37f7a0-0375-40a9-a318-404478482fcb at port 0
2019-09-25 05:06:04,112 [Datanode State Machine Thread - 0] INFO  impl.RaftServerProxy (RaftServerProxy.java:lambda$start$3(299)) - de37f7a0-0375-40a9-a318-404478482fcb: start RPC server
2019-09-25 05:06:04,155 [Datanode State Machine Thread - 0] INFO  server.GrpcService (GrpcService.java:startImpl(158)) - 36ac27b3-2f11-437d-8f1f-165306b0ff4a: GrpcService started, listening on 0.0.0.0/0.0.0.0:45265
2019-09-25 05:06:04,155 [Datanode State Machine Thread - 0] INFO  server.GrpcService (GrpcService.java:startImpl(158)) - de37f7a0-0375-40a9-a318-404478482fcb: GrpcService started, listening on 0.0.0.0/0.0.0.0:44522
2019-09-25 05:06:04,155 [Datanode State Machine Thread - 0] INFO  server.GrpcService (GrpcService.java:startImpl(158)) - f77bfc29-6991-4b1d-a503-f706c83de4fc: GrpcService started, listening on 0.0.0.0/0.0.0.0:35112
2019-09-25 05:06:04,155 [Datanode State Machine Thread - 0] INFO  server.GrpcService (GrpcService.java:startImpl(158)) - c8798e02-7f0c-41f7-82c2-a17323bcf21e: GrpcService started, listening on 0.0.0.0/0.0.0.0:40603
2019-09-25 05:06:04,157 [Datanode State Machine Thread - 0] INFO  ratis.XceiverServerRatis (XceiverServerRatis.java:start(421)) - XceiverServerRatis f77bfc29-6991-4b1d-a503-f706c83de4fc is started using port 35112
2019-09-25 05:06:04,157 [Datanode State Machine Thread - 0] INFO  ratis.XceiverServerRatis (XceiverServerRatis.java:start(421)) - XceiverServerRatis de37f7a0-0375-40a9-a318-404478482fcb is started using port 44522
2019-09-25 05:06:04,157 [Datanode State Machine Thread - 0] INFO  ratis.XceiverServerRatis (XceiverServerRatis.java:start(421)) - XceiverServerRatis 36ac27b3-2f11-437d-8f1f-165306b0ff4a is started using port 45265
2019-09-25 05:06:04,157 [Datanode State Machine Thread - 0] INFO  ratis.XceiverServerRatis (XceiverServerRatis.java:start(421)) - XceiverServerRatis c8798e02-7f0c-41f7-82c2-a17323bcf21e is started using port 40603
2019-09-25 05:06:04,167 [Datanode State Machine Thread - 0] INFO  server.XceiverServerGrpc (XceiverServerGrpc.java:start(149)) - XceiverServerGrpc f77bfc29-6991-4b1d-a503-f706c83de4fc is started using port 35922
2019-09-25 05:06:04,168 [Datanode State Machine Thread - 0] INFO  server.XceiverServerGrpc (XceiverServerGrpc.java:start(149)) - XceiverServerGrpc 36ac27b3-2f11-437d-8f1f-165306b0ff4a is started using port 36440
2019-09-25 05:06:04,167 [Datanode State Machine Thread - 0] INFO  server.XceiverServerGrpc (XceiverServerGrpc.java:start(149)) - XceiverServerGrpc de37f7a0-0375-40a9-a318-404478482fcb is started using port 35093
2019-09-25 05:06:04,167 [Datanode State Machine Thread - 0] INFO  server.XceiverServerGrpc (XceiverServerGrpc.java:start(149)) - XceiverServerGrpc c8798e02-7f0c-41f7-82c2-a17323bcf21e is started using port 38504
2019-09-25 05:06:04,181 [Datanode State Machine Thread - 0] INFO  ozoneimpl.OzoneContainer (OzoneContainer.java:start(217)) - Attempting to start container services.
2019-09-25 05:06:04,182 [Datanode State Machine Thread - 0] INFO  ozoneimpl.OzoneContainer (OzoneContainer.java:startContainerScrub(179)) - Background container scanner has been disabled.
2019-09-25 05:06:04,182 [Datanode State Machine Thread - 0] INFO  ratis.XceiverServerRatis (XceiverServerRatis.java:start(411)) - Starting XceiverServerRatis 692224c4-5202-4921-98cc-04d5c60c79cc at port 0
2019-09-25 05:06:04,189 [Datanode State Machine Thread - 0] INFO  impl.RaftServerProxy (RaftServerProxy.java:lambda$start$3(299)) - 692224c4-5202-4921-98cc-04d5c60c79cc: start RPC server
2019-09-25 05:06:04,191 [Datanode State Machine Thread - 0] INFO  server.GrpcService (GrpcService.java:startImpl(158)) - 692224c4-5202-4921-98cc-04d5c60c79cc: GrpcService started, listening on 0.0.0.0/0.0.0.0:38144
2019-09-25 05:06:04,191 [Datanode State Machine Thread - 0] INFO  ratis.XceiverServerRatis (XceiverServerRatis.java:start(421)) - XceiverServerRatis 692224c4-5202-4921-98cc-04d5c60c79cc is started using port 38144
2019-09-25 05:06:04,193 [Datanode State Machine Thread - 0] INFO  server.XceiverServerGrpc (XceiverServerGrpc.java:start(149)) - XceiverServerGrpc 692224c4-5202-4921-98cc-04d5c60c79cc is started using port 35826
2019-09-25 05:06:04,246 [Datanode State Machine Thread - 0] INFO  ozoneimpl.OzoneContainer (OzoneContainer.java:start(217)) - Attempting to start container services.
2019-09-25 05:06:04,247 [Datanode State Machine Thread - 0] INFO  ozoneimpl.OzoneContainer (OzoneContainer.java:startContainerScrub(179)) - Background container scanner has been disabled.
2019-09-25 05:06:04,247 [Datanode State Machine Thread - 0] INFO  ratis.XceiverServerRatis (XceiverServerRatis.java:start(411)) - Starting XceiverServerRatis b4fa7d23-6606-45fd-9544-2b08ca3fa933 at port 0
2019-09-25 05:06:04,254 [Datanode State Machine Thread - 0] INFO  impl.RaftServerProxy (RaftServerProxy.java:lambda$start$3(299)) - b4fa7d23-6606-45fd-9544-2b08ca3fa933: start RPC server
2019-09-25 05:06:04,257 [Datanode State Machine Thread - 0] INFO  server.GrpcService (GrpcService.java:startImpl(158)) - b4fa7d23-6606-45fd-9544-2b08ca3fa933: GrpcService started, listening on 0.0.0.0/0.0.0.0:34493
2019-09-25 05:06:04,257 [Datanode State Machine Thread - 0] INFO  ratis.XceiverServerRatis (XceiverServerRatis.java:start(421)) - XceiverServerRatis b4fa7d23-6606-45fd-9544-2b08ca3fa933 is started using port 34493
2019-09-25 05:06:04,261 [Datanode State Machine Thread - 0] INFO  server.XceiverServerGrpc (XceiverServerGrpc.java:start(149)) - XceiverServerGrpc b4fa7d23-6606-45fd-9544-2b08ca3fa933 is started using port 44929
2019-09-25 05:06:04,305 [main] INFO  ozone.MiniOzoneClusterImpl (MiniOzoneClusterImpl.java:lambda$waitForClusterToBeReady$0(147)) - Waiting for cluster to be ready. Got 0 of 7 DN Heartbeats.
2019-09-25 05:06:04,322 [Datanode State Machine Thread - 0] INFO  ozoneimpl.OzoneContainer (OzoneContainer.java:start(217)) - Attempting to start container services.
2019-09-25 05:06:04,322 [Datanode State Machine Thread - 0] INFO  ozoneimpl.OzoneContainer (OzoneContainer.java:startContainerScrub(179)) - Background container scanner has been disabled.
2019-09-25 05:06:04,323 [Datanode State Machine Thread - 0] INFO  ratis.XceiverServerRatis (XceiverServerRatis.java:start(411)) - Starting XceiverServerRatis 56396258-65a3-478c-9482-0be0199dd49c at port 0
2019-09-25 05:06:04,333 [Datanode State Machine Thread - 0] INFO  impl.RaftServerProxy (RaftServerProxy.java:lambda$start$3(299)) - 56396258-65a3-478c-9482-0be0199dd49c: start RPC server
2019-09-25 05:06:04,337 [Datanode State Machine Thread - 0] INFO  server.GrpcService (GrpcService.java:startImpl(158)) - 56396258-65a3-478c-9482-0be0199dd49c: GrpcService started, listening on 0.0.0.0/0.0.0.0:41678
2019-09-25 05:06:04,337 [Datanode State Machine Thread - 0] INFO  ratis.XceiverServerRatis (XceiverServerRatis.java:start(421)) - XceiverServerRatis 56396258-65a3-478c-9482-0be0199dd49c is started using port 41678
2019-09-25 05:06:04,342 [Datanode State Machine Thread - 0] INFO  server.XceiverServerGrpc (XceiverServerGrpc.java:start(149)) - XceiverServerGrpc 56396258-65a3-478c-9482-0be0199dd49c is started using port 42052
2019-09-25 05:06:05,307 [main] INFO  ozone.MiniOzoneClusterImpl (MiniOzoneClusterImpl.java:lambda$waitForClusterToBeReady$0(147)) - Waiting for cluster to be ready. Got 0 of 7 DN Heartbeats.
2019-09-25 05:06:05,901 [IPC Server handler 1 on 38836] INFO  net.NetworkTopology (NetworkTopologyImpl.java:add(111)) - Added a new node: /default-rack/f77bfc29-6991-4b1d-a503-f706c83de4fc
2019-09-25 05:06:05,901 [IPC Server handler 1 on 38836] INFO  node.SCMNodeManager (SCMNodeManager.java:register(266)) - Registered Data node : f77bfc29-6991-4b1d-a503-f706c83de4fc{ip: 192.168.30.10, host: pr-hdds-1569-s62bp-3040748787, networkLocation: /default-rack, certSerialId: null}
2019-09-25 05:06:05,907 [EventQueue-NodeRegistrationContainerReportForDataNodeSafeModeRule] INFO  safemode.SCMSafeModeManager (DataNodeSafeModeRule.java:process(71)) - SCM in safe mode. 1 DataNodes registered, 1 required.
2019-09-25 05:06:05,907 [EventQueue-NodeRegistrationContainerReportForDataNodeSafeModeRule] INFO  safemode.SCMSafeModeManager (SCMSafeModeManager.java:validateSafeModeExitRules(177)) - ScmSafeModeManager, all rules are successfully validated
2019-09-25 05:06:05,907 [EventQueue-NodeRegistrationContainerReportForDataNodeSafeModeRule] INFO  safemode.SCMSafeModeManager (SCMSafeModeManager.java:exitSafeMode(193)) - SCM exiting safe mode.
2019-09-25 05:06:05,930 [IPC Server handler 2 on 38836] INFO  net.NetworkTopology (NetworkTopologyImpl.java:add(111)) - Added a new node: /default-rack/36ac27b3-2f11-437d-8f1f-165306b0ff4a
2019-09-25 05:06:05,930 [IPC Server handler 2 on 38836] INFO  node.SCMNodeManager (SCMNodeManager.java:register(266)) - Registered Data node : 36ac27b3-2f11-437d-8f1f-165306b0ff4a{ip: 192.168.30.10, host: pr-hdds-1569-s62bp-3040748787, networkLocation: /default-rack, certSerialId: null}
2019-09-25 05:06:06,004 [IPC Server handler 3 on 38836] INFO  net.NetworkTopology (NetworkTopologyImpl.java:add(111)) - Added a new node: /default-rack/c8798e02-7f0c-41f7-82c2-a17323bcf21e
2019-09-25 05:06:06,005 [IPC Server handler 3 on 38836] INFO  node.SCMNodeManager (SCMNodeManager.java:register(266)) - Registered Data node : c8798e02-7f0c-41f7-82c2-a17323bcf21e{ip: 192.168.30.10, host: pr-hdds-1569-s62bp-3040748787, networkLocation: /default-rack, certSerialId: null}
2019-09-25 05:06:06,087 [IPC Server handler 4 on 38836] INFO  net.NetworkTopology (NetworkTopologyImpl.java:add(111)) - Added a new node: /default-rack/de37f7a0-0375-40a9-a318-404478482fcb
2019-09-25 05:06:06,087 [IPC Server handler 4 on 38836] INFO  node.SCMNodeManager (SCMNodeManager.java:register(266)) - Registered Data node : de37f7a0-0375-40a9-a318-404478482fcb{ip: 192.168.30.10, host: pr-hdds-1569-s62bp-3040748787, networkLocation: /default-rack, certSerialId: null}
2019-09-25 05:06:06,162 [IPC Server handler 5 on 38836] INFO  net.NetworkTopology (NetworkTopologyImpl.java:add(111)) - Added a new node: /default-rack/692224c4-5202-4921-98cc-04d5c60c79cc
2019-09-25 05:06:06,162 [IPC Server handler 5 on 38836] INFO  node.SCMNodeManager (SCMNodeManager.java:register(266)) - Registered Data node : 692224c4-5202-4921-98cc-04d5c60c79cc{ip: 192.168.30.10, host: pr-hdds-1569-s62bp-3040748787, networkLocation: /default-rack, certSerialId: null}
2019-09-25 05:06:06,234 [IPC Server handler 6 on 38836] INFO  net.NetworkTopology (NetworkTopologyImpl.java:add(111)) - Added a new node: /default-rack/b4fa7d23-6606-45fd-9544-2b08ca3fa933
2019-09-25 05:06:06,234 [IPC Server handler 6 on 38836] INFO  node.SCMNodeManager (SCMNodeManager.java:register(266)) - Registered Data node : b4fa7d23-6606-45fd-9544-2b08ca3fa933{ip: 192.168.30.10, host: pr-hdds-1569-s62bp-3040748787, networkLocation: /default-rack, certSerialId: null}
2019-09-25 05:06:06,317 [main] INFO  ozone.MiniOzoneClusterImpl (MiniOzoneClusterImpl.java:lambda$waitForClusterToBeReady$0(147)) - Waiting for cluster to be ready. Got 6 of 7 DN Heartbeats.
2019-09-25 05:06:06,321 [IPC Server handler 10 on 38836] INFO  net.NetworkTopology (NetworkTopologyImpl.java:add(111)) - Added a new node: /default-rack/56396258-65a3-478c-9482-0be0199dd49c
2019-09-25 05:06:06,321 [IPC Server handler 10 on 38836] INFO  node.SCMNodeManager (SCMNodeManager.java:register(266)) - Registered Data node : 56396258-65a3-478c-9482-0be0199dd49c{ip: 192.168.30.10, host: pr-hdds-1569-s62bp-3040748787, networkLocation: /default-rack, certSerialId: null}
2019-09-25 05:06:06,478 [grpc-default-executor-0] INFO  impl.RaftServerProxy (RaftServerProxy.java:addNew(89)) - f77bfc29-6991-4b1d-a503-f706c83de4fc: addNew group-7144C9B9FADE:[f77bfc29-6991-4b1d-a503-f706c83de4fc:192.168.30.10:35112] returns group-7144C9B9FADE:java.util.concurrent.CompletableFuture@19eaa83c[Not completed]
2019-09-25 05:06:06,500 [pool-27-thread-1] INFO  impl.RaftServerImpl (RaftServerImpl.java:<init>(95)) - f77bfc29-6991-4b1d-a503-f706c83de4fc: new RaftServerImpl for group-7144C9B9FADE:[f77bfc29-6991-4b1d-a503-f706c83de4fc:192.168.30.10:35112] with ContainerStateMachine:uninitialized
2019-09-25 05:06:06,501 [pool-27-thread-1] INFO  server.RaftServerConfigKeys (ConfUtils.java:logGet(43)) - raft.server.rpc.timeout.min = 5s (custom)
2019-09-25 05:06:06,503 [pool-27-thread-1] INFO  server.RaftServerConfigKeys (ConfUtils.java:logGet(43)) - raft.server.rpc.timeout.max = 5200ms (custom)
2019-09-25 05:06:06,503 [pool-27-thread-1] INFO  server.RaftServerConfigKeys (ConfUtils.java:logGet(43)) - raft.server.rpcslowness.timeout = 120s (custom)
2019-09-25 05:06:06,504 [pool-27-thread-1] INFO  server.RaftServerConfigKeys (ConfUtils.java:logGet(43)) - raft.server.sleep.deviation.threshold = 300 (default)
2019-09-25 05:06:06,505 [pool-27-thread-1] INFO  server.RaftServerConfigKeys (ConfUtils.java:logGet(43)) - raft.server.log.appender.install.snapshot.enabled = false (custom)
2019-09-25 05:06:06,512 [pool-27-thread-1] INFO  impl.RaftServerImpl (ServerState.java:<init>(103)) - f77bfc29-6991-4b1d-a503-f706c83de4fc@group-7144C9B9FADE: ConfigurationManager, init=-1: [f77bfc29-6991-4b1d-a503-f706c83de4fc:192.168.30.10:35112], old=null, confs=<EMPTY_MAP>
2019-09-25 05:06:06,512 [pool-27-thread-1] INFO  server.RaftServerConfigKeys (ConfUtils.java:logGet(43)) - raft.server.storage.dir = [/workdir/hadoop-ozone/integration-test/target/test-dir/MiniOzoneClusterImpl-23306158-e895-4fc7-80df-ce6c264c388b/datanode-0/data/ratis] (custom)
2019-09-25 05:06:06,519 [pool-27-thread-1] INFO  storage.RaftStorageDirectory (RaftStorageDirectory.java:analyzeStorage(246)) - The storage directory /workdir/hadoop-ozone/integration-test/target/test-dir/MiniOzoneClusterImpl-23306158-e895-4fc7-80df-ce6c264c388b/datanode-0/data/ratis/dd97580f-89aa-435a-b6d3-7144c9b9fade does not exist. Creating ...
2019-09-25 05:06:06,536 [pool-27-thread-1] INFO  storage.RaftStorageDirectory (RaftStorageDirectory.java:tryLock(328)) - Lock on /workdir/hadoop-ozone/integration-test/target/test-dir/MiniOzoneClusterImpl-23306158-e895-4fc7-80df-ce6c264c388b/datanode-0/data/ratis/dd97580f-89aa-435a-b6d3-7144c9b9fade/in_use.lock acquired by nodename 25526@pr-hdds-1569-s62bp-3040748787
2019-09-25 05:06:06,553 [pool-27-thread-1] INFO  storage.RaftStorage (RaftStorage.java:format(72)) - Storage directory /workdir/hadoop-ozone/integration-test/target/test-dir/MiniOzoneClusterImpl-23306158-e895-4fc7-80df-ce6c264c388b/datanode-0/data/ratis/dd97580f-89aa-435a-b6d3-7144c9b9fade has been successfully formatted.
2019-09-25 05:06:06,557 [pool-27-thread-1] INFO  ratis.ContainerStateMachine (ContainerStateMachine.java:loadSnapshot(230)) - group-7144C9B9FADE: The snapshot info is null. Setting the last applied indexto:(t:0, i:~)
2019-09-25 05:06:06,557 [pool-27-thread-1] INFO  server.RaftServerConfigKeys (ConfUtils.java:logGet(43)) - raft.server.notification.no-leader.timeout = 120s (custom)
2019-09-25 05:06:06,561 [pool-27-thread-1] INFO  server.RaftServerConfigKeys (ConfUtils.java:logGet(43)) - raft.server.log.use.memory = false (default)
2019-09-25 05:06:06,570 [pool-27-thread-1] INFO  server.RaftServerConfigKeys (ConfUtils.java:logGet(43)) - raft.server.log.purge.gap = 1000000 (custom)
2019-09-25 05:06:06,570 [pool-27-thread-1] INFO  server.RaftServerConfigKeys (ConfUtils.java:logGet(43)) - raft.server.log.appender.buffer.byte-limit = 33554432 (custom)
2019-09-25 05:06:06,574 [pool-27-thread-1] INFO  server.RaftServerConfigKeys (ConfUtils.java:logGet(43)) - raft.server.log.segment.size.max = 1048576 (custom)
2019-09-25 05:06:06,581 [pool-27-thread-1] INFO  server.RaftServerConfigKeys (ConfUtils.java:logGet(43)) - raft.server.log.segment.cache.num.max = 2 (custom)
2019-09-25 05:06:06,589 [pool-27-thread-1] INFO  segmented.SegmentedRaftLogWorker (SegmentedRaftLogWorker.java:<init>(172)) - new f77bfc29-6991-4b1d-a503-f706c83de4fc@group-7144C9B9FADE-SegmentedRaftLogWorker for RaftStorage:Storage Directory /workdir/hadoop-ozone/integration-test/target/test-dir/MiniOzoneClusterImpl-23306158-e895-4fc7-80df-ce6c264c388b/datanode-0/data/ratis/dd97580f-89aa-435a-b6d3-7144c9b9fade
2019-09-25 05:06:06,592 [pool-27-thread-1] INFO  impl.MetricsSystemImpl (MetricsSystemImpl.java:init(158)) - ratis metrics system started (again)
2019-09-25 05:06:06,601 [pool-27-thread-1] INFO  metrics.MetricRegistries (MetricRegistriesLoader.java:load(64)) - Loaded MetricRegistries class org.apache.ratis.metrics.impl.MetricRegistriesImpl
2019-09-25 05:06:06,643 [pool-27-thread-1] INFO  server.RaftServerConfigKeys (ConfUtils.java:logGet(43)) - raft.server.log.queue.byte-limit = 2147483647 (custom)
2019-09-25 05:06:06,644 [pool-27-thread-1] INFO  server.RaftServerConfigKeys (ConfUtils.java:logGet(43)) - raft.server.log.queue.element-limit = 1024 (custom)
2019-09-25 05:06:06,648 [pool-27-thread-1] INFO  server.RaftServerConfigKeys (ConfUtils.java:logGet(43)) - raft.server.log.segment.size.max = 1048576 (custom)
2019-09-25 05:06:06,649 [pool-27-thread-1] INFO  server.RaftServerConfigKeys (ConfUtils.java:logGet(43)) - raft.server.log.preallocated.size = 16384 (custom)
2019-09-25 05:06:06,649 [pool-27-thread-1] INFO  server.RaftServerConfigKeys (ConfUtils.java:logGet(43)) - raft.server.log.write.buffer.size = 33554432 (custom)
2019-09-25 05:06:06,650 [pool-27-thread-1] INFO  server.RaftServerConfigKeys (ConfUtils.java:logGet(43)) - raft.server.log.force.sync.num = 128 (default)
2019-09-25 05:06:06,651 [pool-27-thread-1] INFO  server.RaftServerConfigKeys (ConfUtils.java:logGet(43)) - raft.server.log.statemachine.data.sync = true (default)
2019-09-25 05:06:06,651 [pool-27-thread-1] INFO  server.RaftServerConfigKeys (ConfUtils.java:logGet(43)) - raft.server.log.statemachine.data.sync.timeout = 10s (default)
2019-09-25 05:06:06,652 [pool-27-thread-1] INFO  server.RaftServerConfigKeys (ConfUtils.java:logGet(43)) - raft.server.log.statemachine.data.sync.timeout.retry = -1 (default)
2019-09-25 05:06:06,662 [pool-27-thread-1] INFO  server.RaftServerConfigKeys (ConfUtils.java:logGet(43)) - raft.server.log.statemachine.data.caching.enabled = true (custom)
2019-09-25 05:06:06,668 [pool-27-thread-1] INFO  segmented.SegmentedRaftLogWorker (SegmentedRaftLogWorker.java:lambda$new$0(132)) - f77bfc29-6991-4b1d-a503-f706c83de4fc@group-7144C9B9FADE-SegmentedRaftLogWorker: flushIndex: setUnconditionally 0 -> -1
2019-09-25 05:06:06,673 [pool-27-thread-1] INFO  server.RaftServerConfigKeys (ConfUtils.java:logGet(43)) - raft.server.snapshot.auto.trigger.enabled = true (custom)
2019-09-25 05:06:06,674 [pool-27-thread-1] INFO  server.RaftServerConfigKeys (ConfUtils.java:logGet(43)) - raft.server.snapshot.auto.trigger.threshold = 10000 (custom)
2019-09-25 05:06:06,674 [pool-27-thread-1] INFO  server.RaftServerConfigKeys (ConfUtils.java:logGet(43)) - raft.server.snapshot.retention.num.files = 5 (custom)
2019-09-25 05:06:06,675 [pool-27-thread-1] INFO  server.RaftServerConfigKeys (ConfUtils.java:logGet(43)) - raft.server.retrycache.expirytime = 600000ms (custom)
2019-09-25 05:06:06,704 [pool-27-thread-1] INFO  impl.RaftServerImpl (RaftServerImpl.java:start(185)) - f77bfc29-6991-4b1d-a503-f706c83de4fc@group-7144C9B9FADE: start as a follower, conf=-1: [f77bfc29-6991-4b1d-a503-f706c83de4fc:192.168.30.10:35112], old=null
2019-09-25 05:06:06,705 [pool-27-thread-1] INFO  impl.RaftServerImpl (RaftServerImpl.java:setRole(174)) - f77bfc29-6991-4b1d-a503-f706c83de4fc@group-7144C9B9FADE: changes role from      null to FOLLOWER at term 0 for startAsFollower
2019-09-25 05:06:06,707 [pool-27-thread-1] INFO  impl.RoleInfo (RoleInfo.java:updateAndGet(143)) - f77bfc29-6991-4b1d-a503-f706c83de4fc: start FollowerState
2019-09-25 05:06:06,708 [pool-27-thread-1] INFO  util.JmxRegister (JmxRegister.java:tryRegister(44)) - Successfully registered JMX Bean with object name Ratis:service=RaftServer,group=group-7144C9B9FADE,id=f77bfc29-6991-4b1d-a503-f706c83de4fc
2019-09-25 05:06:06,782 [RatisPipelineUtilsThread] INFO  pipeline.PipelineStateManager (PipelineStateManager.java:addPipeline(56)) - Created pipeline Pipeline[ Id: dd97580f-89aa-435a-b6d3-7144c9b9fade, Nodes: f77bfc29-6991-4b1d-a503-f706c83de4fc{ip: 192.168.30.10, host: pr-hdds-1569-s62bp-3040748787, networkLocation: /default-rack, certSerialId: null}, Type:RATIS, Factor:ONE, State:OPEN]
2019-09-25 05:06:06,813 [grpc-default-executor-0] INFO  impl.RaftServerProxy (RaftServerProxy.java:addNew(89)) - 56396258-65a3-478c-9482-0be0199dd49c: addNew group-0AB9C729307E:[56396258-65a3-478c-9482-0be0199dd49c:192.168.30.10:41678] returns group-0AB9C729307E:java.util.concurrent.CompletableFuture@284f48ac[Not completed]
2019-09-25 05:06:06,865 [pool-87-thread-1] INFO  impl.RaftServerImpl (RaftServerImpl.java:<init>(95)) - 56396258-65a3-478c-9482-0be0199dd49c: new RaftServerImpl for group-0AB9C729307E:[56396258-65a3-478c-9482-0be0199dd49c:192.168.30.10:41678] with ContainerStateMachine:uninitialized
2019-09-25 05:06:06,867 [pool-87-thread-1] INFO  server.RaftServerConfigKeys (ConfUtils.java:logGet(43)) - raft.server.rpc.timeout.min = 5s (custom)
2019-09-25 05:06:06,867 [pool-87-thread-1] INFO  server.RaftServerConfigKeys (ConfUtils.java:logGet(43)) - raft.server.rpc.timeout.max = 5200ms (custom)
2019-09-25 05:06:06,867 [pool-87-thread-1] INFO  server.RaftServerConfigKeys (ConfUtils.java:logGet(43)) - raft.server.rpcslowness.timeout = 120s (custom)
2019-09-25 05:06:06,867 [pool-87-thread-1] INFO  server.RaftServerConfigKeys (ConfUtils.java:logGet(43)) - raft.server.sleep.deviation.threshold = 300 (default)
2019-09-25 05:06:06,868 [pool-87-thread-1] INFO  server.RaftServerConfigKeys (ConfUtils.java:logGet(43)) - raft.server.log.appender.install.snapshot.enabled = false (custom)
2019-09-25 05:06:06,868 [pool-87-thread-1] INFO  impl.RaftServerImpl (ServerState.java:<init>(103)) - 56396258-65a3-478c-9482-0be0199dd49c@group-0AB9C729307E: ConfigurationManager, init=-1: [56396258-65a3-478c-9482-0be0199dd49c:192.168.30.10:41678], old=null, confs=<EMPTY_MAP>
2019-09-25 05:06:06,868 [pool-87-thread-1] INFO  server.RaftServerConfigKeys (ConfUtils.java:logGet(43)) - raft.server.storage.dir = [/workdir/hadoop-ozone/integration-test/target/test-dir/MiniOzoneClusterImpl-23306158-e895-4fc7-80df-ce6c264c388b/datanode-6/data/ratis] (custom)
2019-09-25 05:06:06,869 [pool-87-thread-1] INFO  storage.RaftStorageDirectory (RaftStorageDirectory.java:analyzeStorage(246)) - The storage directory /workdir/hadoop-ozone/integration-test/target/test-dir/MiniOzoneClusterImpl-23306158-e895-4fc7-80df-ce6c264c388b/datanode-6/data/ratis/f61987c8-06e7-4a4e-98c5-0ab9c729307e does not exist. Creating ...
2019-09-25 05:06:06,884 [pool-87-thread-1] INFO  storage.RaftStorageDirectory (RaftStorageDirectory.java:tryLock(328)) - Lock on /workdir/hadoop-ozone/integration-test/target/test-dir/MiniOzoneClusterImpl-23306158-e895-4fc7-80df-ce6c264c388b/datanode-6/data/ratis/f61987c8-06e7-4a4e-98c5-0ab9c729307e/in_use.lock acquired by nodename 25526@pr-hdds-1569-s62bp-3040748787
2019-09-25 05:06:06,898 [pool-87-thread-1] INFO  storage.RaftStorage (RaftStorage.java:format(72)) - Storage directory /workdir/hadoop-ozone/integration-test/target/test-dir/MiniOzoneClusterImpl-23306158-e895-4fc7-80df-ce6c264c388b/datanode-6/data/ratis/f61987c8-06e7-4a4e-98c5-0ab9c729307e has been successfully formatted.
2019-09-25 05:06:06,899 [pool-87-thread-1] INFO  ratis.ContainerStateMachine (ContainerStateMachine.java:loadSnapshot(230)) - group-0AB9C729307E: The snapshot info is null. Setting the last applied indexto:(t:0, i:~)
2019-09-25 05:06:06,901 [pool-87-thread-1] INFO  server.RaftServerConfigKeys (ConfUtils.java:logGet(43)) - raft.server.notification.no-leader.timeout = 120s (custom)
2019-09-25 05:06:06,901 [pool-87-thread-1] INFO  server.RaftServerConfigKeys (ConfUtils.java:logGet(43)) - raft.server.log.use.memory = false (default)
2019-09-25 05:06:06,901 [pool-87-thread-1] INFO  server.RaftServerConfigKeys (ConfUtils.java:logGet(43)) - raft.server.log.purge.gap = 1000000 (custom)
2019-09-25 05:06:06,901 [pool-87-thread-1] INFO  server.RaftServerConfigKeys (ConfUtils.java:logGet(43)) - raft.server.log.appender.buffer.byte-limit = 33554432 (custom)
2019-09-25 05:06:06,902 [pool-87-thread-1] INFO  server.RaftServerConfigKeys (ConfUtils.java:logGet(43)) - raft.server.log.segment.size.max = 1048576 (custom)
2019-09-25 05:06:06,902 [pool-87-thread-1] INFO  server.RaftServerConfigKeys (ConfUtils.java:logGet(43)) - raft.server.log.segment.cache.num.max = 2 (custom)
2019-09-25 05:06:06,902 [pool-87-thread-1] INFO  segmented.SegmentedRaftLogWorker (SegmentedRaftLogWorker.java:<init>(172)) - new 56396258-65a3-478c-9482-0be0199dd49c@group-0AB9C729307E-SegmentedRaftLogWorker for RaftStorage:Storage Directory /workdir/hadoop-ozone/integration-test/target/test-dir/MiniOzoneClusterImpl-23306158-e895-4fc7-80df-ce6c264c388b/datanode-6/data/ratis/f61987c8-06e7-4a4e-98c5-0ab9c729307e
2019-09-25 05:06:06,911 [pool-87-thread-1] INFO  server.RaftServerConfigKeys (ConfUtils.java:logGet(43)) - raft.server.log.queue.byte-limit = 2147483647 (custom)
2019-09-25 05:06:06,911 [pool-87-thread-1] INFO  server.RaftServerConfigKeys (ConfUtils.java:logGet(43)) - raft.server.log.queue.element-limit = 1024 (custom)
2019-09-25 05:06:06,911 [pool-87-thread-1] INFO  server.RaftServerConfigKeys (ConfUtils.java:logGet(43)) - raft.server.log.segment.size.max = 1048576 (custom)
2019-09-25 05:06:06,911 [pool-87-thread-1] INFO  server.RaftServerConfigKeys (ConfUtils.java:logGet(43)) - raft.server.log.preallocated.size = 16384 (custom)
2019-09-25 05:06:06,912 [pool-87-thread-1] INFO  server.RaftServerConfigKeys (ConfUtils.java:logGet(43)) - raft.server.log.write.buffer.size = 33554432 (custom)
2019-09-25 05:06:06,912 [pool-87-thread-1] INFO  server.RaftServerConfigKeys (ConfUtils.java:logGet(43)) - raft.server.log.force.sync.num = 128 (default)
2019-09-25 05:06:06,912 [pool-87-thread-1] INFO  server.RaftServerConfigKeys (ConfUtils.java:logGet(43)) - raft.server.log.statemachine.data.sync = true (default)
2019-09-25 05:06:06,912 [pool-87-thread-1] INFO  server.RaftServerConfigKeys (ConfUtils.java:logGet(43)) - raft.server.log.statemachine.data.sync.timeout = 10s (default)
2019-09-25 05:06:06,913 [pool-87-thread-1] INFO  server.RaftServerConfigKeys (ConfUtils.java:logGet(43)) - raft.server.log.statemachine.data.sync.timeout.retry = -1 (default)
2019-09-25 05:06:06,913 [pool-87-thread-1] INFO  server.RaftServerConfigKeys (ConfUtils.java:logGet(43)) - raft.server.log.statemachine.data.caching.enabled = true (custom)
2019-09-25 05:06:06,913 [pool-87-thread-1] INFO  segmented.SegmentedRaftLogWorker (SegmentedRaftLogWorker.java:lambda$new$0(132)) - 56396258-65a3-478c-9482-0be0199dd49c@group-0AB9C729307E-SegmentedRaftLogWorker: flushIndex: setUnconditionally 0 -> -1
2019-09-25 05:06:06,914 [pool-87-thread-1] INFO  server.RaftServerConfigKeys (ConfUtils.java:logGet(43)) - raft.server.snapshot.auto.trigger.enabled = true (custom)
2019-09-25 05:06:06,914 [pool-87-thread-1] INFO  server.RaftServerConfigKeys (ConfUtils.java:logGet(43)) - raft.server.snapshot.auto.trigger.threshold = 10000 (custom)
2019-09-25 05:06:06,914 [pool-87-thread-1] INFO  server.RaftServerConfigKeys (ConfUtils.java:logGet(43)) - raft.server.snapshot.retention.num.files = 5 (custom)
2019-09-25 05:06:06,915 [pool-87-thread-1] INFO  server.RaftServerConfigKeys (ConfUtils.java:logGet(43)) - raft.server.retrycache.expirytime = 600000ms (custom)
2019-09-25 05:06:06,922 [pool-87-thread-1] INFO  impl.RaftServerImpl (RaftServerImpl.java:start(185)) - 56396258-65a3-478c-9482-0be0199dd49c@group-0AB9C729307E: start as a follower, conf=-1: [56396258-65a3-478c-9482-0be0199dd49c:192.168.30.10:41678], old=null
2019-09-25 05:06:06,922 [pool-87-thread-1] INFO  impl.RaftServerImpl (RaftServerImpl.java:setRole(174)) - 56396258-65a3-478c-9482-0be0199dd49c@group-0AB9C729307E: changes role from      null to FOLLOWER at term 0 for startAsFollower
2019-09-25 05:06:06,922 [pool-87-thread-1] INFO  impl.RoleInfo (RoleInfo.java:updateAndGet(143)) - 56396258-65a3-478c-9482-0be0199dd49c: start FollowerState
2019-09-25 05:06:06,924 [pool-87-thread-1] INFO  util.JmxRegister (JmxRegister.java:tryRegister(44)) - Successfully registered JMX Bean with object name Ratis:service=RaftServer,group=group-0AB9C729307E,id=56396258-65a3-478c-9482-0be0199dd49c
2019-09-25 05:06:06,938 [RatisPipelineUtilsThread] INFO  pipeline.PipelineStateManager (PipelineStateManager.java:addPipeline(56)) - Created pipeline Pipeline[ Id: f61987c8-06e7-4a4e-98c5-0ab9c729307e, Nodes: 56396258-65a3-478c-9482-0be0199dd49c{ip: 192.168.30.10, host: pr-hdds-1569-s62bp-3040748787, networkLocation: /default-rack, certSerialId: null}, Type:RATIS, Factor:ONE, State:OPEN]
2019-09-25 05:06:06,962 [grpc-default-executor-0] INFO  impl.RaftServerProxy (RaftServerProxy.java:addNew(89)) - b4fa7d23-6606-45fd-9544-2b08ca3fa933: addNew group-70A7EE5CCF13:[b4fa7d23-6606-45fd-9544-2b08ca3fa933:192.168.30.10:34493] returns group-70A7EE5CCF13:java.util.concurrent.CompletableFuture@9e9b53b[Not completed]
2019-09-25 05:06:06,988 [pool-77-thread-1] INFO  impl.RaftServerImpl (RaftServerImpl.java:<init>(95)) - b4fa7d23-6606-45fd-9544-2b08ca3fa933: new RaftServerImpl for group-70A7EE5CCF13:[b4fa7d23-6606-45fd-9544-2b08ca3fa933:192.168.30.10:34493] with ContainerStateMachine:uninitialized
2019-09-25 05:06:06,988 [pool-77-thread-1] INFO  server.RaftServerConfigKeys (ConfUtils.java:logGet(43)) - raft.server.rpc.timeout.min = 5s (custom)
2019-09-25 05:06:06,988 [pool-77-thread-1] INFO  server.RaftServerConfigKeys (ConfUtils.java:logGet(43)) - raft.server.rpc.timeout.max = 5200ms (custom)
2019-09-25 05:06:06,989 [pool-77-thread-1] INFO  server.RaftServerConfigKeys (ConfUtils.java:logGet(43)) - raft.server.rpcslowness.timeout = 120s (custom)
2019-09-25 05:06:06,989 [pool-77-thread-1] INFO  server.RaftServerConfigKeys (ConfUtils.java:logGet(43)) - raft.server.sleep.deviation.threshold = 300 (default)
2019-09-25 05:06:06,989 [pool-77-thread-1] INFO  server.RaftServerConfigKeys (ConfUtils.java:logGet(43)) - raft.server.log.appender.install.snapshot.enabled = false (custom)
2019-09-25 05:06:06,989 [pool-77-thread-1] INFO  impl.RaftServerImpl (ServerState.java:<init>(103)) - b4fa7d23-6606-45fd-9544-2b08ca3fa933@group-70A7EE5CCF13: ConfigurationManager, init=-1: [b4fa7d23-6606-45fd-9544-2b08ca3fa933:192.168.30.10:34493], old=null, confs=<EMPTY_MAP>
2019-09-25 05:06:06,989 [pool-77-thread-1] INFO  server.RaftServerConfigKeys (ConfUtils.java:logGet(43)) - raft.server.storage.dir = [/workdir/hadoop-ozone/integration-test/target/test-dir/MiniOzoneClusterImpl-23306158-e895-4fc7-80df-ce6c264c388b/datanode-5/data/ratis] (custom)
2019-09-25 05:06:06,990 [pool-77-thread-1] INFO  storage.RaftStorageDirectory (RaftStorageDirectory.java:analyzeStorage(246)) - The storage directory /workdir/hadoop-ozone/integration-test/target/test-dir/MiniOzoneClusterImpl-23306158-e895-4fc7-80df-ce6c264c388b/datanode-5/data/ratis/39f1c3be-0852-44a3-8a03-70a7ee5ccf13 does not exist. Creating ...
2019-09-25 05:06:07,003 [pool-77-thread-1] INFO  storage.RaftStorageDirectory (RaftStorageDirectory.java:tryLock(328)) - Lock on /workdir/hadoop-ozone/integration-test/target/test-dir/MiniOzoneClusterImpl-23306158-e895-4fc7-80df-ce6c264c388b/datanode-5/data/ratis/39f1c3be-0852-44a3-8a03-70a7ee5ccf13/in_use.lock acquired by nodename 25526@pr-hdds-1569-s62bp-3040748787
2019-09-25 05:06:07,017 [pool-77-thread-1] INFO  storage.RaftStorage (RaftStorage.java:format(72)) - Storage directory /workdir/hadoop-ozone/integration-test/target/test-dir/MiniOzoneClusterImpl-23306158-e895-4fc7-80df-ce6c264c388b/datanode-5/data/ratis/39f1c3be-0852-44a3-8a03-70a7ee5ccf13 has been successfully formatted.
2019-09-25 05:06:07,017 [pool-77-thread-1] INFO  ratis.ContainerStateMachine (ContainerStateMachine.java:loadSnapshot(230)) - group-70A7EE5CCF13: The snapshot info is null. Setting the last applied indexto:(t:0, i:~)
2019-09-25 05:06:07,017 [pool-77-thread-1] INFO  server.RaftServerConfigKeys (ConfUtils.java:logGet(43)) - raft.server.notification.no-leader.timeout = 120s (custom)
2019-09-25 05:06:07,017 [pool-77-thread-1] INFO  server.RaftServerConfigKeys (ConfUtils.java:logGet(43)) - raft.server.log.use.memory = false (default)
2019-09-25 05:06:07,018 [pool-77-thread-1] INFO  server.RaftServerConfigKeys (ConfUtils.java:logGet(43)) - raft.server.log.purge.gap = 1000000 (custom)
2019-09-25 05:06:07,018 [pool-77-thread-1] INFO  server.RaftServerConfigKeys (ConfUtils.java:logGet(43)) - raft.server.log.appender.buffer.byte-limit = 33554432 (custom)
2019-09-25 05:06:07,018 [pool-77-thread-1] INFO  server.RaftServerConfigKeys (ConfUtils.java:logGet(43)) - raft.server.log.segment.size.max = 1048576 (custom)
2019-09-25 05:06:07,018 [pool-77-thread-1] INFO  server.RaftServerConfigKeys (ConfUtils.java:logGet(43)) - raft.server.log.segment.cache.num.max = 2 (custom)
2019-09-25 05:06:07,019 [pool-77-thread-1] INFO  segmented.SegmentedRaftLogWorker (SegmentedRaftLogWorker.java:<init>(172)) - new b4fa7d23-6606-45fd-9544-2b08ca3fa933@group-70A7EE5CCF13-SegmentedRaftLogWorker for RaftStorage:Storage Directory /workdir/hadoop-ozone/integration-test/target/test-dir/MiniOzoneClusterImpl-23306158-e895-4fc7-80df-ce6c264c388b/datanode-5/data/ratis/39f1c3be-0852-44a3-8a03-70a7ee5ccf13
2019-09-25 05:06:07,053 [pool-77-thread-1] INFO  server.RaftServerConfigKeys (ConfUtils.java:logGet(43)) - raft.server.log.queue.byte-limit = 2147483647 (custom)
2019-09-25 05:06:07,053 [pool-77-thread-1] INFO  server.RaftServerConfigKeys (ConfUtils.java:logGet(43)) - raft.server.log.queue.element-limit = 1024 (custom)
2019-09-25 05:06:07,053 [pool-77-thread-1] INFO  server.RaftServerConfigKeys (ConfUtils.java:logGet(43)) - raft.server.log.segment.size.max = 1048576 (custom)
2019-09-25 05:06:07,054 [pool-77-thread-1] INFO  server.RaftServerConfigKeys (ConfUtils.java:logGet(43)) - raft.server.log.preallocated.size = 16384 (custom)
2019-09-25 05:06:07,054 [pool-77-thread-1] INFO  server.RaftServerConfigKeys (ConfUtils.java:logGet(43)) - raft.server.log.write.buffer.size = 33554432 (custom)
2019-09-25 05:06:07,054 [pool-77-thread-1] INFO  server.RaftServerConfigKeys (ConfUtils.java:logGet(43)) - raft.server.log.force.sync.num = 128 (default)
2019-09-25 05:06:07,054 [pool-77-thread-1] INFO  server.RaftServerConfigKeys (ConfUtils.java:logGet(43)) - raft.server.log.statemachine.data.sync = true (default)
2019-09-25 05:06:07,054 [pool-77-thread-1] INFO  server.RaftServerConfigKeys (ConfUtils.java:logGet(43)) - raft.server.log.statemachine.data.sync.timeout = 10s (default)
2019-09-25 05:06:07,055 [pool-77-thread-1] INFO  server.RaftServerConfigKeys (ConfUtils.java:logGet(43)) - raft.server.log.statemachine.data.sync.timeout.retry = -1 (default)
2019-09-25 05:06:07,055 [pool-77-thread-1] INFO  server.RaftServerConfigKeys (ConfUtils.java:logGet(43)) - raft.server.log.statemachine.data.caching.enabled = true (custom)
2019-09-25 05:06:07,055 [pool-77-thread-1] INFO  segmented.SegmentedRaftLogWorker (SegmentedRaftLogWorker.java:lambda$new$0(132)) - b4fa7d23-6606-45fd-9544-2b08ca3fa933@group-70A7EE5CCF13-SegmentedRaftLogWorker: flushIndex: setUnconditionally 0 -> -1
2019-09-25 05:06:07,056 [pool-77-thread-1] INFO  server.RaftServerConfigKeys (ConfUtils.java:logGet(43)) - raft.server.snapshot.auto.trigger.enabled = true (custom)
2019-09-25 05:06:07,056 [pool-77-thread-1] INFO  server.RaftServerConfigKeys (ConfUtils.java:logGet(43)) - raft.server.snapshot.auto.trigger.threshold = 10000 (custom)
2019-09-25 05:06:07,056 [pool-77-thread-1] INFO  server.RaftServerConfigKeys (ConfUtils.java:logGet(43)) - raft.server.snapshot.retention.num.files = 5 (custom)
2019-09-25 05:06:07,056 [pool-77-thread-1] INFO  server.RaftServerConfigKeys (ConfUtils.java:logGet(43)) - raft.server.retrycache.expirytime = 600000ms (custom)
2019-09-25 05:06:07,061 [pool-77-thread-1] INFO  impl.RaftServerImpl (RaftServerImpl.java:start(185)) - b4fa7d23-6606-45fd-9544-2b08ca3fa933@group-70A7EE5CCF13: start as a follower, conf=-1: [b4fa7d23-6606-45fd-9544-2b08ca3fa933:192.168.30.10:34493], old=null
2019-09-25 05:06:07,061 [pool-77-thread-1] INFO  impl.RaftServerImpl (RaftServerImpl.java:setRole(174)) - b4fa7d23-6606-45fd-9544-2b08ca3fa933@group-70A7EE5CCF13: changes role from      null to FOLLOWER at term 0 for startAsFollower
2019-09-25 05:06:07,061 [pool-77-thread-1] INFO  impl.RoleInfo (RoleInfo.java:updateAndGet(143)) - b4fa7d23-6606-45fd-9544-2b08ca3fa933: start FollowerState
2019-09-25 05:06:07,062 [pool-77-thread-1] INFO  util.JmxRegister (JmxRegister.java:tryRegister(44)) - Successfully registered JMX Bean with object name Ratis:service=RaftServer,group=group-70A7EE5CCF13,id=b4fa7d23-6606-45fd-9544-2b08ca3fa933
2019-09-25 05:06:07,073 [RatisPipelineUtilsThread] INFO  pipeline.PipelineStateManager (PipelineStateManager.java:addPipeline(56)) - Created pipeline Pipeline[ Id: 39f1c3be-0852-44a3-8a03-70a7ee5ccf13, Nodes: b4fa7d23-6606-45fd-9544-2b08ca3fa933{ip: 192.168.30.10, host: pr-hdds-1569-s62bp-3040748787, networkLocation: /default-rack, certSerialId: null}, Type:RATIS, Factor:ONE, State:OPEN]
2019-09-25 05:06:07,095 [grpc-default-executor-0] INFO  impl.RaftServerProxy (RaftServerProxy.java:addNew(89)) - 36ac27b3-2f11-437d-8f1f-165306b0ff4a: addNew group-8681168FE507:[36ac27b3-2f11-437d-8f1f-165306b0ff4a:192.168.30.10:45265] returns group-8681168FE507:java.util.concurrent.CompletableFuture@6a78feff[Not completed]
2019-09-25 05:06:07,098 [pool-37-thread-1] INFO  impl.RaftServerImpl (RaftServerImpl.java:<init>(95)) - 36ac27b3-2f11-437d-8f1f-165306b0ff4a: new RaftServerImpl for group-8681168FE507:[36ac27b3-2f11-437d-8f1f-165306b0ff4a:192.168.30.10:45265] with ContainerStateMachine:uninitialized
2019-09-25 05:06:07,099 [pool-37-thread-1] INFO  server.RaftServerConfigKeys (ConfUtils.java:logGet(43)) - raft.server.rpc.timeout.min = 5s (custom)
2019-09-25 05:06:07,099 [pool-37-thread-1] INFO  server.RaftServerConfigKeys (ConfUtils.java:logGet(43)) - raft.server.rpc.timeout.max = 5200ms (custom)
2019-09-25 05:06:07,099 [pool-37-thread-1] INFO  server.RaftServerConfigKeys (ConfUtils.java:logGet(43)) - raft.server.rpcslowness.timeout = 120s (custom)
2019-09-25 05:06:07,099 [pool-37-thread-1] INFO  server.RaftServerConfigKeys (ConfUtils.java:logGet(43)) - raft.server.sleep.deviation.threshold = 300 (default)
2019-09-25 05:06:07,100 [pool-37-thread-1] INFO  server.RaftServerConfigKeys (ConfUtils.java:logGet(43)) - raft.server.log.appender.install.snapshot.enabled = false (custom)
2019-09-25 05:06:07,100 [pool-37-thread-1] INFO  impl.RaftServerImpl (ServerState.java:<init>(103)) - 36ac27b3-2f11-437d-8f1f-165306b0ff4a@group-8681168FE507: ConfigurationManager, init=-1: [36ac27b3-2f11-437d-8f1f-165306b0ff4a:192.168.30.10:45265], old=null, confs=<EMPTY_MAP>
2019-09-25 05:06:07,100 [pool-37-thread-1] INFO  server.RaftServerConfigKeys (ConfUtils.java:logGet(43)) - raft.server.storage.dir = [/workdir/hadoop-ozone/integration-test/target/test-dir/MiniOzoneClusterImpl-23306158-e895-4fc7-80df-ce6c264c388b/datanode-1/data/ratis] (custom)
2019-09-25 05:06:07,101 [pool-37-thread-1] INFO  storage.RaftStorageDirectory (RaftStorageDirectory.java:analyzeStorage(246)) - The storage directory /workdir/hadoop-ozone/integration-test/target/test-dir/MiniOzoneClusterImpl-23306158-e895-4fc7-80df-ce6c264c388b/datanode-1/data/ratis/67953f00-b5b0-4f98-b13d-8681168fe507 does not exist. Creating ...
2019-09-25 05:06:07,122 [pool-37-thread-1] INFO  storage.RaftStorageDirectory (RaftStorageDirectory.java:tryLock(328)) - Lock on /workdir/hadoop-ozone/integration-test/target/test-dir/MiniOzoneClusterImpl-23306158-e895-4fc7-80df-ce6c264c388b/datanode-1/data/ratis/67953f00-b5b0-4f98-b13d-8681168fe507/in_use.lock acquired by nodename 25526@pr-hdds-1569-s62bp-3040748787
2019-09-25 05:06:07,141 [pool-37-thread-1] INFO  storage.RaftStorage (RaftStorage.java:format(72)) - Storage directory /workdir/hadoop-ozone/integration-test/target/test-dir/MiniOzoneClusterImpl-23306158-e895-4fc7-80df-ce6c264c388b/datanode-1/data/ratis/67953f00-b5b0-4f98-b13d-8681168fe507 has been successfully formatted.
2019-09-25 05:06:07,141 [pool-37-thread-1] INFO  ratis.ContainerStateMachine (ContainerStateMachine.java:loadSnapshot(230)) - group-8681168FE507: The snapshot info is null. Setting the last applied indexto:(t:0, i:~)
2019-09-25 05:06:07,142 [pool-37-thread-1] INFO  server.RaftServerConfigKeys (ConfUtils.java:logGet(43)) - raft.server.notification.no-leader.timeout = 120s (custom)
2019-09-25 05:06:07,142 [pool-37-thread-1] INFO  server.RaftServerConfigKeys (ConfUtils.java:logGet(43)) - raft.server.log.use.memory = false (default)
2019-09-25 05:06:07,142 [pool-37-thread-1] INFO  server.RaftServerConfigKeys (ConfUtils.java:logGet(43)) - raft.server.log.purge.gap = 1000000 (custom)
2019-09-25 05:06:07,142 [pool-37-thread-1] INFO  server.RaftServerConfigKeys (ConfUtils.java:logGet(43)) - raft.server.log.appender.buffer.byte-limit = 33554432 (custom)
2019-09-25 05:06:07,143 [pool-37-thread-1] INFO  server.RaftServerConfigKeys (ConfUtils.java:logGet(43)) - raft.server.log.segment.size.max = 1048576 (custom)
2019-09-25 05:06:07,143 [pool-37-thread-1] INFO  server.RaftServerConfigKeys (ConfUtils.java:logGet(43)) - raft.server.log.segment.cache.num.max = 2 (custom)
2019-09-25 05:06:07,143 [pool-37-thread-1] INFO  segmented.SegmentedRaftLogWorker (SegmentedRaftLogWorker.java:<init>(172)) - new 36ac27b3-2f11-437d-8f1f-165306b0ff4a@group-8681168FE507-SegmentedRaftLogWorker for RaftStorage:Storage Directory /workdir/hadoop-ozone/integration-test/target/test-dir/MiniOzoneClusterImpl-23306158-e895-4fc7-80df-ce6c264c388b/datanode-1/data/ratis/67953f00-b5b0-4f98-b13d-8681168fe507
2019-09-25 05:06:07,150 [pool-37-thread-1] INFO  server.RaftServerConfigKeys (ConfUtils.java:logGet(43)) - raft.server.log.queue.byte-limit = 2147483647 (custom)
2019-09-25 05:06:07,150 [pool-37-thread-1] INFO  server.RaftServerConfigKeys (ConfUtils.java:logGet(43)) - raft.server.log.queue.element-limit = 1024 (custom)
2019-09-25 05:06:07,150 [pool-37-thread-1] INFO  server.RaftServerConfigKeys (ConfUtils.java:logGet(43)) - raft.server.log.segment.size.max = 1048576 (custom)
2019-09-25 05:06:07,150 [pool-37-thread-1] INFO  server.RaftServerConfigKeys (ConfUtils.java:logGet(43)) - raft.server.log.preallocated.size = 16384 (custom)
2019-09-25 05:06:07,151 [pool-37-thread-1] INFO  server.RaftServerConfigKeys (ConfUtils.java:logGet(43)) - raft.server.log.write.buffer.size = 33554432 (custom)
2019-09-25 05:06:07,151 [pool-37-thread-1] INFO  server.RaftServerConfigKeys (ConfUtils.java:logGet(43)) - raft.server.log.force.sync.num = 128 (default)
2019-09-25 05:06:07,151 [pool-37-thread-1] INFO  server.RaftServerConfigKeys (ConfUtils.java:logGet(43)) - raft.server.log.statemachine.data.sync = true (default)
2019-09-25 05:06:07,151 [pool-37-thread-1] INFO  server.RaftServerConfigKeys (ConfUtils.java:logGet(43)) - raft.server.log.statemachine.data.sync.timeout = 10s (default)
2019-09-25 05:06:07,151 [pool-37-thread-1] INFO  server.RaftServerConfigKeys (ConfUtils.java:logGet(43)) - raft.server.log.statemachine.data.sync.timeout.retry = -1 (default)
2019-09-25 05:06:07,152 [pool-37-thread-1] INFO  server.RaftServerConfigKeys (ConfUtils.java:logGet(43)) - raft.server.log.statemachine.data.caching.enabled = true (custom)
2019-09-25 05:06:07,152 [pool-37-thread-1] INFO  segmented.SegmentedRaftLogWorker (SegmentedRaftLogWorker.java:lambda$new$0(132)) - 36ac27b3-2f11-437d-8f1f-165306b0ff4a@group-8681168FE507-SegmentedRaftLogWorker: flushIndex: setUnconditionally 0 -> -1
2019-09-25 05:06:07,152 [pool-37-thread-1] INFO  server.RaftServerConfigKeys (ConfUtils.java:logGet(43)) - raft.server.snapshot.auto.trigger.enabled = true (custom)
2019-09-25 05:06:07,153 [pool-37-thread-1] INFO  server.RaftServerConfigKeys (ConfUtils.java:logGet(43)) - raft.server.snapshot.auto.trigger.threshold = 10000 (custom)
2019-09-25 05:06:07,153 [pool-37-thread-1] INFO  server.RaftServerConfigKeys (ConfUtils.java:logGet(43)) - raft.server.snapshot.retention.num.files = 5 (custom)
2019-09-25 05:06:07,153 [pool-37-thread-1] INFO  server.RaftServerConfigKeys (ConfUtils.java:logGet(43)) - raft.server.retrycache.expirytime = 600000ms (custom)
2019-09-25 05:06:07,160 [pool-37-thread-1] INFO  impl.RaftServerImpl (RaftServerImpl.java:start(185)) - 36ac27b3-2f11-437d-8f1f-165306b0ff4a@group-8681168FE507: start as a follower, conf=-1: [36ac27b3-2f11-437d-8f1f-165306b0ff4a:192.168.30.10:45265], old=null
2019-09-25 05:06:07,160 [pool-37-thread-1] INFO  impl.RaftServerImpl (RaftServerImpl.java:setRole(174)) - 36ac27b3-2f11-437d-8f1f-165306b0ff4a@group-8681168FE507: changes role from      null to FOLLOWER at term 0 for startAsFollower
2019-09-25 05:06:07,161 [pool-37-thread-1] INFO  impl.RoleInfo (RoleInfo.java:updateAndGet(143)) - 36ac27b3-2f11-437d-8f1f-165306b0ff4a: start FollowerState
2019-09-25 05:06:07,161 [pool-37-thread-1] INFO  util.JmxRegister (JmxRegister.java:tryRegister(44)) - Successfully registered JMX Bean with object name Ratis:service=RaftServer,group=group-8681168FE507,id=36ac27b3-2f11-437d-8f1f-165306b0ff4a
2019-09-25 05:06:07,178 [RatisPipelineUtilsThread] INFO  pipeline.PipelineStateManager (PipelineStateManager.java:addPipeline(56)) - Created pipeline Pipeline[ Id: 67953f00-b5b0-4f98-b13d-8681168fe507, Nodes: 36ac27b3-2f11-437d-8f1f-165306b0ff4a{ip: 192.168.30.10, host: pr-hdds-1569-s62bp-3040748787, networkLocation: /default-rack, certSerialId: null}, Type:RATIS, Factor:ONE, State:OPEN]
2019-09-25 05:06:07,206 [grpc-default-executor-0] INFO  impl.RaftServerProxy (RaftServerProxy.java:addNew(89)) - 692224c4-5202-4921-98cc-04d5c60c79cc: addNew group-14A5A3D2B63A:[692224c4-5202-4921-98cc-04d5c60c79cc:192.168.30.10:38144] returns group-14A5A3D2B63A:java.util.concurrent.CompletableFuture@7497623f[Not completed]
2019-09-25 05:06:07,213 [pool-67-thread-1] INFO  impl.RaftServerImpl (RaftServerImpl.java:<init>(95)) - 692224c4-5202-4921-98cc-04d5c60c79cc: new RaftServerImpl for group-14A5A3D2B63A:[692224c4-5202-4921-98cc-04d5c60c79cc:192.168.30.10:38144] with ContainerStateMachine:uninitialized
2019-09-25 05:06:07,213 [pool-67-thread-1] INFO  server.RaftServerConfigKeys (ConfUtils.java:logGet(43)) - raft.server.rpc.timeout.min = 5s (custom)
2019-09-25 05:06:07,213 [pool-67-thread-1] INFO  server.RaftServerConfigKeys (ConfUtils.java:logGet(43)) - raft.server.rpc.timeout.max = 5200ms (custom)
2019-09-25 05:06:07,213 [pool-67-thread-1] INFO  server.RaftServerConfigKeys (ConfUtils.java:logGet(43)) - raft.server.rpcslowness.timeout = 120s (custom)
2019-09-25 05:06:07,214 [pool-67-thread-1] INFO  server.RaftServerConfigKeys (ConfUtils.java:logGet(43)) - raft.server.sleep.deviation.threshold = 300 (default)
2019-09-25 05:06:07,214 [pool-67-thread-1] INFO  server.RaftServerConfigKeys (ConfUtils.java:logGet(43)) - raft.server.log.appender.install.snapshot.enabled = false (custom)
2019-09-25 05:06:07,214 [pool-67-thread-1] INFO  impl.RaftServerImpl (ServerState.java:<init>(103)) - 692224c4-5202-4921-98cc-04d5c60c79cc@group-14A5A3D2B63A: ConfigurationManager, init=-1: [692224c4-5202-4921-98cc-04d5c60c79cc:192.168.30.10:38144], old=null, confs=<EMPTY_MAP>
2019-09-25 05:06:07,214 [pool-67-thread-1] INFO  server.RaftServerConfigKeys (ConfUtils.java:logGet(43)) - raft.server.storage.dir = [/workdir/hadoop-ozone/integration-test/target/test-dir/MiniOzoneClusterImpl-23306158-e895-4fc7-80df-ce6c264c388b/datanode-4/data/ratis] (custom)
2019-09-25 05:06:07,215 [pool-67-thread-1] INFO  storage.RaftStorageDirectory (RaftStorageDirectory.java:analyzeStorage(246)) - The storage directory /workdir/hadoop-ozone/integration-test/target/test-dir/MiniOzoneClusterImpl-23306158-e895-4fc7-80df-ce6c264c388b/datanode-4/data/ratis/0811e92c-e99c-4e3b-a434-14a5a3d2b63a does not exist. Creating ...
2019-09-25 05:06:07,229 [pool-67-thread-1] INFO  storage.RaftStorageDirectory (RaftStorageDirectory.java:tryLock(328)) - Lock on /workdir/hadoop-ozone/integration-test/target/test-dir/MiniOzoneClusterImpl-23306158-e895-4fc7-80df-ce6c264c388b/datanode-4/data/ratis/0811e92c-e99c-4e3b-a434-14a5a3d2b63a/in_use.lock acquired by nodename 25526@pr-hdds-1569-s62bp-3040748787
2019-09-25 05:06:07,242 [pool-67-thread-1] INFO  storage.RaftStorage (RaftStorage.java:format(72)) - Storage directory /workdir/hadoop-ozone/integration-test/target/test-dir/MiniOzoneClusterImpl-23306158-e895-4fc7-80df-ce6c264c388b/datanode-4/data/ratis/0811e92c-e99c-4e3b-a434-14a5a3d2b63a has been successfully formatted.
2019-09-25 05:06:07,243 [pool-67-thread-1] INFO  ratis.ContainerStateMachine (ContainerStateMachine.java:loadSnapshot(230)) - group-14A5A3D2B63A: The snapshot info is null. Setting the last applied indexto:(t:0, i:~)
2019-09-25 05:06:07,243 [pool-67-thread-1] INFO  server.RaftServerConfigKeys (ConfUtils.java:logGet(43)) - raft.server.notification.no-leader.timeout = 120s (custom)
2019-09-25 05:06:07,243 [pool-67-thread-1] INFO  server.RaftServerConfigKeys (ConfUtils.java:logGet(43)) - raft.server.log.use.memory = false (default)
2019-09-25 05:06:07,243 [pool-67-thread-1] INFO  server.RaftServerConfigKeys (ConfUtils.java:logGet(43)) - raft.server.log.purge.gap = 1000000 (custom)
2019-09-25 05:06:07,243 [pool-67-thread-1] INFO  server.RaftServerConfigKeys (ConfUtils.java:logGet(43)) - raft.server.log.appender.buffer.byte-limit = 33554432 (custom)
2019-09-25 05:06:07,244 [pool-67-thread-1] INFO  server.RaftServerConfigKeys (ConfUtils.java:logGet(43)) - raft.server.log.segment.size.max = 1048576 (custom)
2019-09-25 05:06:07,244 [pool-67-thread-1] INFO  server.RaftServerConfigKeys (ConfUtils.java:logGet(43)) - raft.server.log.segment.cache.num.max = 2 (custom)
2019-09-25 05:06:07,244 [pool-67-thread-1] INFO  segmented.SegmentedRaftLogWorker (SegmentedRaftLogWorker.java:<init>(172)) - new 692224c4-5202-4921-98cc-04d5c60c79cc@group-14A5A3D2B63A-SegmentedRaftLogWorker for RaftStorage:Storage Directory /workdir/hadoop-ozone/integration-test/target/test-dir/MiniOzoneClusterImpl-23306158-e895-4fc7-80df-ce6c264c388b/datanode-4/data/ratis/0811e92c-e99c-4e3b-a434-14a5a3d2b63a
2019-09-25 05:06:07,249 [pool-67-thread-1] INFO  server.RaftServerConfigKeys (ConfUtils.java:logGet(43)) - raft.server.log.queue.byte-limit = 2147483647 (custom)
2019-09-25 05:06:07,250 [pool-67-thread-1] INFO  server.RaftServerConfigKeys (ConfUtils.java:logGet(43)) - raft.server.log.queue.element-limit = 1024 (custom)
2019-09-25 05:06:07,250 [pool-67-thread-1] INFO  server.RaftServerConfigKeys (ConfUtils.java:logGet(43)) - raft.server.log.segment.size.max = 1048576 (custom)
2019-09-25 05:06:07,250 [pool-67-thread-1] INFO  server.RaftServerConfigKeys (ConfUtils.java:logGet(43)) - raft.server.log.preallocated.size = 16384 (custom)
2019-09-25 05:06:07,250 [pool-67-thread-1] INFO  server.RaftServerConfigKeys (ConfUtils.java:logGet(43)) - raft.server.log.write.buffer.size = 33554432 (custom)
2019-09-25 05:06:07,250 [pool-67-thread-1] INFO  server.RaftServerConfigKeys (ConfUtils.java:logGet(43)) - raft.server.log.force.sync.num = 128 (default)
2019-09-25 05:06:07,251 [pool-67-thread-1] INFO  server.RaftServerConfigKeys (ConfUtils.java:logGet(43)) - raft.server.log.statemachine.data.sync = true (default)
2019-09-25 05:06:07,251 [pool-67-thread-1] INFO  server.RaftServerConfigKeys (ConfUtils.java:logGet(43)) - raft.server.log.statemachine.data.sync.timeout = 10s (default)
2019-09-25 05:06:07,251 [pool-67-thread-1] INFO  server.RaftServerConfigKeys (ConfUtils.java:logGet(43)) - raft.server.log.statemachine.data.sync.timeout.retry = -1 (default)
2019-09-25 05:06:07,251 [pool-67-thread-1] INFO  server.RaftServerConfigKeys (ConfUtils.java:logGet(43)) - raft.server.log.statemachine.data.caching.enabled = true (custom)
2019-09-25 05:06:07,252 [pool-67-thread-1] INFO  segmented.SegmentedRaftLogWorker (SegmentedRaftLogWorker.java:lambda$new$0(132)) - 692224c4-5202-4921-98cc-04d5c60c79cc@group-14A5A3D2B63A-SegmentedRaftLogWorker: flushIndex: setUnconditionally 0 -> -1
2019-09-25 05:06:07,252 [pool-67-thread-1] INFO  server.RaftServerConfigKeys (ConfUtils.java:logGet(43)) - raft.server.snapshot.auto.trigger.enabled = true (custom)
2019-09-25 05:06:07,253 [pool-67-thread-1] INFO  server.RaftServerConfigKeys (ConfUtils.java:logGet(43)) - raft.server.snapshot.auto.trigger.threshold = 10000 (custom)
2019-09-25 05:06:07,253 [pool-67-thread-1] INFO  server.RaftServerConfigKeys (ConfUtils.java:logGet(43)) - raft.server.snapshot.retention.num.files = 5 (custom)
2019-09-25 05:06:07,253 [pool-67-thread-1] INFO  server.RaftServerConfigKeys (ConfUtils.java:logGet(43)) - raft.server.retrycache.expirytime = 600000ms (custom)
2019-09-25 05:06:07,259 [pool-67-thread-1] INFO  impl.RaftServerImpl (RaftServerImpl.java:start(185)) - 692224c4-5202-4921-98cc-04d5c60c79cc@group-14A5A3D2B63A: start as a follower, conf=-1: [692224c4-5202-4921-98cc-04d5c60c79cc:192.168.30.10:38144], old=null
2019-09-25 05:06:07,259 [pool-67-thread-1] INFO  impl.RaftServerImpl (RaftServerImpl.java:setRole(174)) - 692224c4-5202-4921-98cc-04d5c60c79cc@group-14A5A3D2B63A: changes role from      null to FOLLOWER at term 0 for startAsFollower
2019-09-25 05:06:07,259 [pool-67-thread-1] INFO  impl.RoleInfo (RoleInfo.java:updateAndGet(143)) - 692224c4-5202-4921-98cc-04d5c60c79cc: start FollowerState
2019-09-25 05:06:07,260 [pool-67-thread-1] INFO  util.JmxRegister (JmxRegister.java:tryRegister(44)) - Successfully registered JMX Bean with object name Ratis:service=RaftServer,group=group-14A5A3D2B63A,id=692224c4-5202-4921-98cc-04d5c60c79cc
2019-09-25 05:06:07,276 [RatisPipelineUtilsThread] INFO  pipeline.PipelineStateManager (PipelineStateManager.java:addPipeline(56)) - Created pipeline Pipeline[ Id: 0811e92c-e99c-4e3b-a434-14a5a3d2b63a, Nodes: 692224c4-5202-4921-98cc-04d5c60c79cc{ip: 192.168.30.10, host: pr-hdds-1569-s62bp-3040748787, networkLocation: /default-rack, certSerialId: null}, Type:RATIS, Factor:ONE, State:OPEN]
2019-09-25 05:06:07,304 [grpc-default-executor-0] INFO  impl.RaftServerProxy (RaftServerProxy.java:addNew(89)) - f77bfc29-6991-4b1d-a503-f706c83de4fc: addNew group-D975513D96FD:[f77bfc29-6991-4b1d-a503-f706c83de4fc:192.168.30.10:35112] returns group-D975513D96FD:java.util.concurrent.CompletableFuture@11761b6a[Not completed]
2019-09-25 05:06:07,307 [pool-27-thread-1] INFO  impl.RaftServerImpl (RaftServerImpl.java:<init>(95)) - f77bfc29-6991-4b1d-a503-f706c83de4fc: new RaftServerImpl for group-D975513D96FD:[f77bfc29-6991-4b1d-a503-f706c83de4fc:192.168.30.10:35112] with ContainerStateMachine:uninitialized
2019-09-25 05:06:07,307 [pool-27-thread-1] INFO  server.RaftServerConfigKeys (ConfUtils.java:logGet(43)) - raft.server.rpc.timeout.min = 5s (custom)
2019-09-25 05:06:07,307 [pool-27-thread-1] INFO  server.RaftServerConfigKeys (ConfUtils.java:logGet(43)) - raft.server.rpc.timeout.max = 5200ms (custom)
2019-09-25 05:06:07,308 [pool-27-thread-1] INFO  server.RaftServerConfigKeys (ConfUtils.java:logGet(43)) - raft.server.rpcslowness.timeout = 120s (custom)
2019-09-25 05:06:07,308 [pool-27-thread-1] INFO  server.RaftServerConfigKeys (ConfUtils.java:logGet(43)) - raft.server.sleep.deviation.threshold = 300 (default)
2019-09-25 05:06:07,308 [pool-27-thread-1] INFO  server.RaftServerConfigKeys (ConfUtils.java:logGet(43)) - raft.server.log.appender.install.snapshot.enabled = false (custom)
2019-09-25 05:06:07,308 [pool-27-thread-1] INFO  impl.RaftServerImpl (ServerState.java:<init>(103)) - f77bfc29-6991-4b1d-a503-f706c83de4fc@group-D975513D96FD: ConfigurationManager, init=-1: [f77bfc29-6991-4b1d-a503-f706c83de4fc:192.168.30.10:35112], old=null, confs=<EMPTY_MAP>
2019-09-25 05:06:07,308 [pool-27-thread-1] INFO  server.RaftServerConfigKeys (ConfUtils.java:logGet(43)) - raft.server.storage.dir = [/workdir/hadoop-ozone/integration-test/target/test-dir/MiniOzoneClusterImpl-23306158-e895-4fc7-80df-ce6c264c388b/datanode-0/data/ratis] (custom)
2019-09-25 05:06:07,309 [pool-27-thread-1] INFO  storage.RaftStorageDirectory (RaftStorageDirectory.java:analyzeStorage(246)) - The storage directory /workdir/hadoop-ozone/integration-test/target/test-dir/MiniOzoneClusterImpl-23306158-e895-4fc7-80df-ce6c264c388b/datanode-0/data/ratis/3d663982-bd88-46f3-945e-d975513d96fd does not exist. Creating ...
2019-09-25 05:06:07,317 [main] INFO  ozone.MiniOzoneClusterImpl (MiniOzoneClusterImpl.java:lambda$waitForClusterToBeReady$0(147)) - Cluster is ready. Got 7 of 7 DN Heartbeats.
2019-09-25 05:06:07,323 [pool-27-thread-1] INFO  storage.RaftStorageDirectory (RaftStorageDirectory.java:tryLock(328)) - Lock on /workdir/hadoop-ozone/integration-test/target/test-dir/MiniOzoneClusterImpl-23306158-e895-4fc7-80df-ce6c264c388b/datanode-0/data/ratis/3d663982-bd88-46f3-945e-d975513d96fd/in_use.lock acquired by nodename 25526@pr-hdds-1569-s62bp-3040748787
2019-09-25 05:06:07,336 [pool-27-thread-1] INFO  storage.RaftStorage (RaftStorage.java:format(72)) - Storage directory /workdir/hadoop-ozone/integration-test/target/test-dir/MiniOzoneClusterImpl-23306158-e895-4fc7-80df-ce6c264c388b/datanode-0/data/ratis/3d663982-bd88-46f3-945e-d975513d96fd has been successfully formatted.
2019-09-25 05:06:07,337 [pool-27-thread-1] INFO  ratis.ContainerStateMachine (ContainerStateMachine.java:loadSnapshot(230)) - group-D975513D96FD: The snapshot info is null. Setting the last applied indexto:(t:0, i:~)
2019-09-25 05:06:07,337 [pool-27-thread-1] INFO  server.RaftServerConfigKeys (ConfUtils.java:logGet(43)) - raft.server.notification.no-leader.timeout = 120s (custom)
2019-09-25 05:06:07,337 [pool-27-thread-1] INFO  server.RaftServerConfigKeys (ConfUtils.java:logGet(43)) - raft.server.log.use.memory = false (default)
2019-09-25 05:06:07,337 [pool-27-thread-1] INFO  server.RaftServerConfigKeys (ConfUtils.java:logGet(43)) - raft.server.log.purge.gap = 1000000 (custom)
2019-09-25 05:06:07,338 [pool-27-thread-1] INFO  server.RaftServerConfigKeys (ConfUtils.java:logGet(43)) - raft.server.log.appender.buffer.byte-limit = 33554432 (custom)
2019-09-25 05:06:07,338 [pool-27-thread-1] INFO  server.RaftServerConfigKeys (ConfUtils.java:logGet(43)) - raft.server.log.segment.size.max = 1048576 (custom)
2019-09-25 05:06:07,338 [pool-27-thread-1] INFO  server.RaftServerConfigKeys (ConfUtils.java:logGet(43)) - raft.server.log.segment.cache.num.max = 2 (custom)
2019-09-25 05:06:07,338 [pool-27-thread-1] INFO  segmented.SegmentedRaftLogWorker (SegmentedRaftLogWorker.java:<init>(172)) - new f77bfc29-6991-4b1d-a503-f706c83de4fc@group-D975513D96FD-SegmentedRaftLogWorker for RaftStorage:Storage Directory /workdir/hadoop-ozone/integration-test/target/test-dir/MiniOzoneClusterImpl-23306158-e895-4fc7-80df-ce6c264c388b/datanode-0/data/ratis/3d663982-bd88-46f3-945e-d975513d96fd
2019-09-25 05:06:07,339 [pool-27-thread-1] INFO  server.RaftServerConfigKeys (ConfUtils.java:logGet(43)) - raft.server.log.queue.byte-limit = 2147483647 (custom)
2019-09-25 05:06:07,339 [pool-27-thread-1] INFO  server.RaftServerConfigKeys (ConfUtils.java:logGet(43)) - raft.server.log.queue.element-limit = 1024 (custom)
2019-09-25 05:06:07,339 [pool-27-thread-1] INFO  server.RaftServerConfigKeys (ConfUtils.java:logGet(43)) - raft.server.log.segment.size.max = 1048576 (custom)
2019-09-25 05:06:07,339 [pool-27-thread-1] INFO  server.RaftServerConfigKeys (ConfUtils.java:logGet(43)) - raft.server.log.preallocated.size = 16384 (custom)
2019-09-25 05:06:07,339 [pool-27-thread-1] INFO  server.RaftServerConfigKeys (ConfUtils.java:logGet(43)) - raft.server.log.write.buffer.size = 33554432 (custom)
2019-09-25 05:06:07,340 [pool-27-thread-1] INFO  server.RaftServerConfigKeys (ConfUtils.java:logGet(43)) - raft.server.log.force.sync.num = 128 (default)
2019-09-25 05:06:07,340 [pool-27-thread-1] INFO  server.RaftServerConfigKeys (ConfUtils.java:logGet(43)) - raft.server.log.statemachine.data.sync = true (default)
2019-09-25 05:06:07,340 [pool-27-thread-1] INFO  server.RaftServerConfigKeys (ConfUtils.java:logGet(43)) - raft.server.log.statemachine.data.sync.timeout = 10s (default)
2019-09-25 05:06:07,340 [pool-27-thread-1] INFO  server.RaftServerConfigKeys (ConfUtils.java:logGet(43)) - raft.server.log.statemachine.data.sync.timeout.retry = -1 (default)
2019-09-25 05:06:07,341 [pool-27-thread-1] INFO  server.RaftServerConfigKeys (ConfUtils.java:logGet(43)) - raft.server.log.statemachine.data.caching.enabled = true (custom)
2019-09-25 05:06:07,341 [pool-27-thread-1] INFO  segmented.SegmentedRaftLogWorker (SegmentedRaftLogWorker.java:lambda$new$0(132)) - f77bfc29-6991-4b1d-a503-f706c83de4fc@group-D975513D96FD-SegmentedRaftLogWorker: flushIndex: setUnconditionally 0 -> -1
2019-09-25 05:06:07,342 [pool-27-thread-1] INFO  server.RaftServerConfigKeys (ConfUtils.java:logGet(43)) - raft.server.snapshot.auto.trigger.enabled = true (custom)
2019-09-25 05:06:07,342 [pool-27-thread-1] INFO  server.RaftServerConfigKeys (ConfUtils.java:logGet(43)) - raft.server.snapshot.auto.trigger.threshold = 10000 (custom)
2019-09-25 05:06:07,342 [pool-27-thread-1] INFO  server.RaftServerConfigKeys (ConfUtils.java:logGet(43)) - raft.server.snapshot.retention.num.files = 5 (custom)
2019-09-25 05:06:07,342 [pool-27-thread-1] INFO  server.RaftServerConfigKeys (ConfUtils.java:logGet(43)) - raft.server.retrycache.expirytime = 600000ms (custom)
2019-09-25 05:06:07,348 [pool-27-thread-1] INFO  impl.RaftServerImpl (RaftServerImpl.java:start(185)) - f77bfc29-6991-4b1d-a503-f706c83de4fc@group-D975513D96FD: start as a follower, conf=-1: [f77bfc29-6991-4b1d-a503-f706c83de4fc:192.168.30.10:35112], old=null
2019-09-25 05:06:07,348 [pool-27-thread-1] INFO  impl.RaftServerImpl (RaftServerImpl.java:setRole(174)) - f77bfc29-6991-4b1d-a503-f706c83de4fc@group-D975513D96FD: changes role from      null to FOLLOWER at term 0 for startAsFollower
2019-09-25 05:06:07,348 [pool-27-thread-1] INFO  impl.RoleInfo (RoleInfo.java:updateAndGet(143)) - f77bfc29-6991-4b1d-a503-f706c83de4fc: start FollowerState
2019-09-25 05:06:07,349 [pool-27-thread-1] INFO  util.JmxRegister (JmxRegister.java:tryRegister(44)) - Successfully registered JMX Bean with object name Ratis:service=RaftServer,group=group-D975513D96FD,id=f77bfc29-6991-4b1d-a503-f706c83de4fc
2019-09-25 05:06:07,364 [RatisPipelineUtilsThread] INFO  pipeline.PipelineStateManager (PipelineStateManager.java:addPipeline(56)) - Created pipeline Pipeline[ Id: 3d663982-bd88-46f3-945e-d975513d96fd, Nodes: f77bfc29-6991-4b1d-a503-f706c83de4fc{ip: 192.168.30.10, host: pr-hdds-1569-s62bp-3040748787, networkLocation: /default-rack, certSerialId: null}, Type:RATIS, Factor:ONE, State:OPEN]
2019-09-25 05:06:07,382 [grpc-default-executor-0] INFO  impl.RaftServerProxy (RaftServerProxy.java:addNew(89)) - 692224c4-5202-4921-98cc-04d5c60c79cc: addNew group-286D06C06270:[692224c4-5202-4921-98cc-04d5c60c79cc:192.168.30.10:38144] returns group-286D06C06270:java.util.concurrent.CompletableFuture@555b59be[Not completed]
2019-09-25 05:06:07,384 [pool-67-thread-1] INFO  impl.RaftServerImpl (RaftServerImpl.java:<init>(95)) - 692224c4-5202-4921-98cc-04d5c60c79cc: new RaftServerImpl for group-286D06C06270:[692224c4-5202-4921-98cc-04d5c60c79cc:192.168.30.10:38144] with ContainerStateMachine:uninitialized
2019-09-25 05:06:07,384 [pool-67-thread-1] INFO  server.RaftServerConfigKeys (ConfUtils.java:logGet(43)) - raft.server.rpc.timeout.min = 5s (custom)
2019-09-25 05:06:07,385 [pool-67-thread-1] INFO  server.RaftServerConfigKeys (ConfUtils.java:logGet(43)) - raft.server.rpc.timeout.max = 5200ms (custom)
2019-09-25 05:06:07,385 [pool-67-thread-1] INFO  server.RaftServerConfigKeys (ConfUtils.java:logGet(43)) - raft.server.rpcslowness.timeout = 120s (custom)
2019-09-25 05:06:07,385 [pool-67-thread-1] INFO  server.RaftServerConfigKeys (ConfUtils.java:logGet(43)) - raft.server.sleep.deviation.threshold = 300 (default)
2019-09-25 05:06:07,385 [pool-67-thread-1] INFO  server.RaftServerConfigKeys (ConfUtils.java:logGet(43)) - raft.server.log.appender.install.snapshot.enabled = false (custom)
2019-09-25 05:06:07,385 [pool-67-thread-1] INFO  impl.RaftServerImpl (ServerState.java:<init>(103)) - 692224c4-5202-4921-98cc-04d5c60c79cc@group-286D06C06270: ConfigurationManager, init=-1: [692224c4-5202-4921-98cc-04d5c60c79cc:192.168.30.10:38144], old=null, confs=<EMPTY_MAP>
2019-09-25 05:06:07,386 [pool-67-thread-1] INFO  server.RaftServerConfigKeys (ConfUtils.java:logGet(43)) - raft.server.storage.dir = [/workdir/hadoop-ozone/integration-test/target/test-dir/MiniOzoneClusterImpl-23306158-e895-4fc7-80df-ce6c264c388b/datanode-4/data/ratis] (custom)
2019-09-25 05:06:07,386 [pool-67-thread-1] INFO  storage.RaftStorageDirectory (RaftStorageDirectory.java:analyzeStorage(246)) - The storage directory /workdir/hadoop-ozone/integration-test/target/test-dir/MiniOzoneClusterImpl-23306158-e895-4fc7-80df-ce6c264c388b/datanode-4/data/ratis/363b800b-e618-44bb-9c2e-286d06c06270 does not exist. Creating ...
2019-09-25 05:06:07,394 [pool-67-thread-1] INFO  storage.RaftStorageDirectory (RaftStorageDirectory.java:tryLock(328)) - Lock on /workdir/hadoop-ozone/integration-test/target/test-dir/MiniOzoneClusterImpl-23306158-e895-4fc7-80df-ce6c264c388b/datanode-4/data/ratis/363b800b-e618-44bb-9c2e-286d06c06270/in_use.lock acquired by nodename 25526@pr-hdds-1569-s62bp-3040748787
2019-09-25 05:06:07,407 [pool-67-thread-1] INFO  storage.RaftStorage (RaftStorage.java:format(72)) - Storage directory /workdir/hadoop-ozone/integration-test/target/test-dir/MiniOzoneClusterImpl-23306158-e895-4fc7-80df-ce6c264c388b/datanode-4/data/ratis/363b800b-e618-44bb-9c2e-286d06c06270 has been successfully formatted.
2019-09-25 05:06:07,408 [pool-67-thread-1] INFO  ratis.ContainerStateMachine (ContainerStateMachine.java:loadSnapshot(230)) - group-286D06C06270: The snapshot info is null. Setting the last applied indexto:(t:0, i:~)
2019-09-25 05:06:07,408 [pool-67-thread-1] INFO  server.RaftServerConfigKeys (ConfUtils.java:logGet(43)) - raft.server.notification.no-leader.timeout = 120s (custom)
2019-09-25 05:06:07,408 [pool-67-thread-1] INFO  server.RaftServerConfigKeys (ConfUtils.java:logGet(43)) - raft.server.log.use.memory = false (default)
2019-09-25 05:06:07,408 [pool-67-thread-1] INFO  server.RaftServerConfigKeys (ConfUtils.java:logGet(43)) - raft.server.log.purge.gap = 1000000 (custom)
2019-09-25 05:06:07,408 [pool-67-thread-1] INFO  server.RaftServerConfigKeys (ConfUtils.java:logGet(43)) - raft.server.log.appender.buffer.byte-limit = 33554432 (custom)
2019-09-25 05:06:07,409 [pool-67-thread-1] INFO  server.RaftServerConfigKeys (ConfUtils.java:logGet(43)) - raft.server.log.segment.size.max = 1048576 (custom)
2019-09-25 05:06:07,409 [pool-67-thread-1] INFO  server.RaftServerConfigKeys (ConfUtils.java:logGet(43)) - raft.server.log.segment.cache.num.max = 2 (custom)
2019-09-25 05:06:07,409 [pool-67-thread-1] INFO  segmented.SegmentedRaftLogWorker (SegmentedRaftLogWorker.java:<init>(172)) - new 692224c4-5202-4921-98cc-04d5c60c79cc@group-286D06C06270-SegmentedRaftLogWorker for RaftStorage:Storage Directory /workdir/hadoop-ozone/integration-test/target/test-dir/MiniOzoneClusterImpl-23306158-e895-4fc7-80df-ce6c264c388b/datanode-4/data/ratis/363b800b-e618-44bb-9c2e-286d06c06270
2019-09-25 05:06:07,409 [pool-67-thread-1] INFO  server.RaftServerConfigKeys (ConfUtils.java:logGet(43)) - raft.server.log.queue.byte-limit = 2147483647 (custom)
2019-09-25 05:06:07,409 [pool-67-thread-1] INFO  server.RaftServerConfigKeys (ConfUtils.java:logGet(43)) - raft.server.log.queue.element-limit = 1024 (custom)
2019-09-25 05:06:07,410 [pool-67-thread-1] INFO  server.RaftServerConfigKeys (ConfUtils.java:logGet(43)) - raft.server.log.segment.size.max = 1048576 (custom)
2019-09-25 05:06:07,410 [pool-67-thread-1] INFO  server.RaftServerConfigKeys (ConfUtils.java:logGet(43)) - raft.server.log.preallocated.size = 16384 (custom)
2019-09-25 05:06:07,410 [pool-67-thread-1] INFO  server.RaftServerConfigKeys (ConfUtils.java:logGet(43)) - raft.server.log.write.buffer.size = 33554432 (custom)
2019-09-25 05:06:07,410 [pool-67-thread-1] INFO  server.RaftServerConfigKeys (ConfUtils.java:logGet(43)) - raft.server.log.force.sync.num = 128 (default)
2019-09-25 05:06:07,410 [pool-67-thread-1] INFO  server.RaftServerConfigKeys (ConfUtils.java:logGet(43)) - raft.server.log.statemachine.data.sync = true (default)
2019-09-25 05:06:07,411 [pool-67-thread-1] INFO  server.RaftServerConfigKeys (ConfUtils.java:logGet(43)) - raft.server.log.statemachine.data.sync.timeout = 10s (default)
2019-09-25 05:06:07,411 [pool-67-thread-1] INFO  server.RaftServerConfigKeys (ConfUtils.java:logGet(43)) - raft.server.log.statemachine.data.sync.timeout.retry = -1 (default)
2019-09-25 05:06:07,411 [pool-67-thread-1] INFO  server.RaftServerConfigKeys (ConfUtils.java:logGet(43)) - raft.server.log.statemachine.data.caching.enabled = true (custom)
2019-09-25 05:06:07,412 [pool-67-thread-1] INFO  segmented.SegmentedRaftLogWorker (SegmentedRaftLogWorker.java:lambda$new$0(132)) - 692224c4-5202-4921-98cc-04d5c60c79cc@group-286D06C06270-SegmentedRaftLogWorker: flushIndex: setUnconditionally 0 -> -1
2019-09-25 05:06:07,412 [pool-67-thread-1] INFO  server.RaftServerConfigKeys (ConfUtils.java:logGet(43)) - raft.server.snapshot.auto.trigger.enabled = true (custom)
2019-09-25 05:06:07,412 [pool-67-thread-1] INFO  server.RaftServerConfigKeys (ConfUtils.java:logGet(43)) - raft.server.snapshot.auto.trigger.threshold = 10000 (custom)
2019-09-25 05:06:07,413 [pool-67-thread-1] INFO  server.RaftServerConfigKeys (ConfUtils.java:logGet(43)) - raft.server.snapshot.retention.num.files = 5 (custom)
2019-09-25 05:06:07,413 [pool-67-thread-1] INFO  server.RaftServerConfigKeys (ConfUtils.java:logGet(43)) - raft.server.retrycache.expirytime = 600000ms (custom)
2019-09-25 05:06:07,420 [pool-67-thread-1] INFO  impl.RaftServerImpl (RaftServerImpl.java:start(185)) - 692224c4-5202-4921-98cc-04d5c60c79cc@group-286D06C06270: start as a follower, conf=-1: [692224c4-5202-4921-98cc-04d5c60c79cc:192.168.30.10:38144], old=null
2019-09-25 05:06:07,420 [pool-67-thread-1] INFO  impl.RaftServerImpl (RaftServerImpl.java:setRole(174)) - 692224c4-5202-4921-98cc-04d5c60c79cc@group-286D06C06270: changes role from      null to FOLLOWER at term 0 for startAsFollower
2019-09-25 05:06:07,420 [pool-67-thread-1] INFO  impl.RoleInfo (RoleInfo.java:updateAndGet(143)) - 692224c4-5202-4921-98cc-04d5c60c79cc: start FollowerState
2019-09-25 05:06:07,421 [pool-67-thread-1] INFO  util.JmxRegister (JmxRegister.java:tryRegister(44)) - Successfully registered JMX Bean with object name Ratis:service=RaftServer,group=group-286D06C06270,id=692224c4-5202-4921-98cc-04d5c60c79cc
2019-09-25 05:06:07,441 [RatisPipelineUtilsThread] INFO  pipeline.PipelineStateManager (PipelineStateManager.java:addPipeline(56)) - Created pipeline Pipeline[ Id: 363b800b-e618-44bb-9c2e-286d06c06270, Nodes: 692224c4-5202-4921-98cc-04d5c60c79cc{ip: 192.168.30.10, host: pr-hdds-1569-s62bp-3040748787, networkLocation: /default-rack, certSerialId: null}, Type:RATIS, Factor:ONE, State:OPEN]
2019-09-25 05:06:07,458 [grpc-default-executor-0] INFO  impl.RaftServerProxy (RaftServerProxy.java:addNew(89)) - f77bfc29-6991-4b1d-a503-f706c83de4fc: addNew group-AE5757F1B605:[f77bfc29-6991-4b1d-a503-f706c83de4fc:192.168.30.10:35112] returns group-AE5757F1B605:java.util.concurrent.CompletableFuture@2befb53[Not completed]
2019-09-25 05:06:07,459 [pool-27-thread-1] INFO  impl.RaftServerImpl (RaftServerImpl.java:<init>(95)) - f77bfc29-6991-4b1d-a503-f706c83de4fc: new RaftServerImpl for group-AE5757F1B605:[f77bfc29-6991-4b1d-a503-f706c83de4fc:192.168.30.10:35112] with ContainerStateMachine:uninitialized
2019-09-25 05:06:07,460 [pool-27-thread-1] INFO  server.RaftServerConfigKeys (ConfUtils.java:logGet(43)) - raft.server.rpc.timeout.min = 5s (custom)
2019-09-25 05:06:07,460 [pool-27-thread-1] INFO  server.RaftServerConfigKeys (ConfUtils.java:logGet(43)) - raft.server.rpc.timeout.max = 5200ms (custom)
2019-09-25 05:06:07,460 [pool-27-thread-1] INFO  server.RaftServerConfigKeys (ConfUtils.java:logGet(43)) - raft.server.rpcslowness.timeout = 120s (custom)
2019-09-25 05:06:07,460 [pool-27-thread-1] INFO  server.RaftServerConfigKeys (ConfUtils.java:logGet(43)) - raft.server.sleep.deviation.threshold = 300 (default)
2019-09-25 05:06:07,460 [pool-27-thread-1] INFO  server.RaftServerConfigKeys (ConfUtils.java:logGet(43)) - raft.server.log.appender.install.snapshot.enabled = false (custom)
2019-09-25 05:06:07,460 [pool-27-thread-1] INFO  impl.RaftServerImpl (ServerState.java:<init>(103)) - f77bfc29-6991-4b1d-a503-f706c83de4fc@group-AE5757F1B605: ConfigurationManager, init=-1: [f77bfc29-6991-4b1d-a503-f706c83de4fc:192.168.30.10:35112], old=null, confs=<EMPTY_MAP>
2019-09-25 05:06:07,461 [pool-27-thread-1] INFO  server.RaftServerConfigKeys (ConfUtils.java:logGet(43)) - raft.server.storage.dir = [/workdir/hadoop-ozone/integration-test/target/test-dir/MiniOzoneClusterImpl-23306158-e895-4fc7-80df-ce6c264c388b/datanode-0/data/ratis] (custom)
2019-09-25 05:06:07,461 [pool-27-thread-1] INFO  storage.RaftStorageDirectory (RaftStorageDirectory.java:analyzeStorage(246)) - The storage directory /workdir/hadoop-ozone/integration-test/target/test-dir/MiniOzoneClusterImpl-23306158-e895-4fc7-80df-ce6c264c388b/datanode-0/data/ratis/69ca9052-811c-4b21-889d-ae5757f1b605 does not exist. Creating ...
2019-09-25 05:06:07,474 [pool-27-thread-1] INFO  storage.RaftStorageDirectory (RaftStorageDirectory.java:tryLock(328)) - Lock on /workdir/hadoop-ozone/integration-test/target/test-dir/MiniOzoneClusterImpl-23306158-e895-4fc7-80df-ce6c264c388b/datanode-0/data/ratis/69ca9052-811c-4b21-889d-ae5757f1b605/in_use.lock acquired by nodename 25526@pr-hdds-1569-s62bp-3040748787
2019-09-25 05:06:07,488 [pool-27-thread-1] INFO  storage.RaftStorage (RaftStorage.java:format(72)) - Storage directory /workdir/hadoop-ozone/integration-test/target/test-dir/MiniOzoneClusterImpl-23306158-e895-4fc7-80df-ce6c264c388b/datanode-0/data/ratis/69ca9052-811c-4b21-889d-ae5757f1b605 has been successfully formatted.
2019-09-25 05:06:07,488 [pool-27-thread-1] INFO  ratis.ContainerStateMachine (ContainerStateMachine.java:loadSnapshot(230)) - group-AE5757F1B605: The snapshot info is null. Setting the last applied indexto:(t:0, i:~)
2019-09-25 05:06:07,488 [pool-27-thread-1] INFO  server.RaftServerConfigKeys (ConfUtils.java:logGet(43)) - raft.server.notification.no-leader.timeout = 120s (custom)
2019-09-25 05:06:07,488 [pool-27-thread-1] INFO  server.RaftServerConfigKeys (ConfUtils.java:logGet(43)) - raft.server.log.use.memory = false (default)
2019-09-25 05:06:07,488 [pool-27-thread-1] INFO  server.RaftServerConfigKeys (ConfUtils.java:logGet(43)) - raft.server.log.purge.gap = 1000000 (custom)
2019-09-25 05:06:07,489 [pool-27-thread-1] INFO  server.RaftServerConfigKeys (ConfUtils.java:logGet(43)) - raft.server.log.appender.buffer.byte-limit = 33554432 (custom)
2019-09-25 05:06:07,489 [pool-27-thread-1] INFO  server.RaftServerConfigKeys (ConfUtils.java:logGet(43)) - raft.server.log.segment.size.max = 1048576 (custom)
2019-09-25 05:06:07,489 [pool-27-thread-1] INFO  server.RaftServerConfigKeys (ConfUtils.java:logGet(43)) - raft.server.log.segment.cache.num.max = 2 (custom)
2019-09-25 05:06:07,489 [pool-27-thread-1] INFO  segmented.SegmentedRaftLogWorker (SegmentedRaftLogWorker.java:<init>(172)) - new f77bfc29-6991-4b1d-a503-f706c83de4fc@group-AE5757F1B605-SegmentedRaftLogWorker for RaftStorage:Storage Directory /workdir/hadoop-ozone/integration-test/target/test-dir/MiniOzoneClusterImpl-23306158-e895-4fc7-80df-ce6c264c388b/datanode-0/data/ratis/69ca9052-811c-4b21-889d-ae5757f1b605
2019-09-25 05:06:07,489 [pool-27-thread-1] INFO  server.RaftServerConfigKeys (ConfUtils.java:logGet(43)) - raft.server.log.queue.byte-limit = 2147483647 (custom)
2019-09-25 05:06:07,489 [pool-27-thread-1] INFO  server.RaftServerConfigKeys (ConfUtils.java:logGet(43)) - raft.server.log.queue.element-limit = 1024 (custom)
2019-09-25 05:06:07,490 [pool-27-thread-1] INFO  server.RaftServerConfigKeys (ConfUtils.java:logGet(43)) - raft.server.log.segment.size.max = 1048576 (custom)
2019-09-25 05:06:07,490 [pool-27-thread-1] INFO  server.RaftServerConfigKeys (ConfUtils.java:logGet(43)) - raft.server.log.preallocated.size = 16384 (custom)
2019-09-25 05:06:07,490 [pool-27-thread-1] INFO  server.RaftServerConfigKeys (ConfUtils.java:logGet(43)) - raft.server.log.write.buffer.size = 33554432 (custom)
2019-09-25 05:06:07,490 [pool-27-thread-1] INFO  server.RaftServerConfigKeys (ConfUtils.java:logGet(43)) - raft.server.log.force.sync.num = 128 (default)
2019-09-25 05:06:07,490 [pool-27-thread-1] INFO  server.RaftServerConfigKeys (ConfUtils.java:logGet(43)) - raft.server.log.statemachine.data.sync = true (default)
2019-09-25 05:06:07,490 [pool-27-thread-1] INFO  server.RaftServerConfigKeys (ConfUtils.java:logGet(43)) - raft.server.log.statemachine.data.sync.timeout = 10s (default)
2019-09-25 05:06:07,490 [pool-27-thread-1] INFO  server.RaftServerConfigKeys (ConfUtils.java:logGet(43)) - raft.server.log.statemachine.data.sync.timeout.retry = -1 (default)
2019-09-25 05:06:07,491 [pool-27-thread-1] INFO  server.RaftServerConfigKeys (ConfUtils.java:logGet(43)) - raft.server.log.statemachine.data.caching.enabled = true (custom)
2019-09-25 05:06:07,491 [pool-27-thread-1] INFO  segmented.SegmentedRaftLogWorker (SegmentedRaftLogWorker.java:lambda$new$0(132)) - f77bfc29-6991-4b1d-a503-f706c83de4fc@group-AE5757F1B605-SegmentedRaftLogWorker: flushIndex: setUnconditionally 0 -> -1
2019-09-25 05:06:07,491 [pool-27-thread-1] INFO  server.RaftServerConfigKeys (ConfUtils.java:logGet(43)) - raft.server.snapshot.auto.trigger.enabled = true (custom)
2019-09-25 05:06:07,492 [pool-27-thread-1] INFO  server.RaftServerConfigKeys (ConfUtils.java:logGet(43)) - raft.server.snapshot.auto.trigger.threshold = 10000 (custom)
2019-09-25 05:06:07,492 [pool-27-thread-1] INFO  server.RaftServerConfigKeys (ConfUtils.java:logGet(43)) - raft.server.snapshot.retention.num.files = 5 (custom)
2019-09-25 05:06:07,492 [pool-27-thread-1] INFO  server.RaftServerConfigKeys (ConfUtils.java:logGet(43)) - raft.server.retrycache.expirytime = 600000ms (custom)
2019-09-25 05:06:07,496 [pool-27-thread-1] INFO  impl.RaftServerImpl (RaftServerImpl.java:start(185)) - f77bfc29-6991-4b1d-a503-f706c83de4fc@group-AE5757F1B605: start as a follower, conf=-1: [f77bfc29-6991-4b1d-a503-f706c83de4fc:192.168.30.10:35112], old=null
2019-09-25 05:06:07,496 [pool-27-thread-1] INFO  impl.RaftServerImpl (RaftServerImpl.java:setRole(174)) - f77bfc29-6991-4b1d-a503-f706c83de4fc@group-AE5757F1B605: changes role from      null to FOLLOWER at term 0 for startAsFollower
2019-09-25 05:06:07,496 [pool-27-thread-1] INFO  impl.RoleInfo (RoleInfo.java:updateAndGet(143)) - f77bfc29-6991-4b1d-a503-f706c83de4fc: start FollowerState
2019-09-25 05:06:07,496 [pool-27-thread-1] INFO  util.JmxRegister (JmxRegister.java:tryRegister(44)) - Successfully registered JMX Bean with object name Ratis:service=RaftServer,group=group-AE5757F1B605,id=f77bfc29-6991-4b1d-a503-f706c83de4fc
2019-09-25 05:06:07,511 [RatisPipelineUtilsThread] INFO  pipeline.PipelineStateManager (PipelineStateManager.java:addPipeline(56)) - Created pipeline Pipeline[ Id: 69ca9052-811c-4b21-889d-ae5757f1b605, Nodes: f77bfc29-6991-4b1d-a503-f706c83de4fc{ip: 192.168.30.10, host: pr-hdds-1569-s62bp-3040748787, networkLocation: /default-rack, certSerialId: null}, Type:RATIS, Factor:ONE, State:OPEN]
2019-09-25 05:06:07,528 [grpc-default-executor-0] INFO  impl.RaftServerProxy (RaftServerProxy.java:addNew(89)) - 36ac27b3-2f11-437d-8f1f-165306b0ff4a: addNew group-A3782729861B:[36ac27b3-2f11-437d-8f1f-165306b0ff4a:192.168.30.10:45265] returns group-A3782729861B:java.util.concurrent.CompletableFuture@58f7b86[Not completed]
2019-09-25 05:06:07,530 [pool-37-thread-1] INFO  impl.RaftServerImpl (RaftServerImpl.java:<init>(95)) - 36ac27b3-2f11-437d-8f1f-165306b0ff4a: new RaftServerImpl for group-A3782729861B:[36ac27b3-2f11-437d-8f1f-165306b0ff4a:192.168.30.10:45265] with ContainerStateMachine:uninitialized
2019-09-25 05:06:07,531 [pool-37-thread-1] INFO  server.RaftServerConfigKeys (ConfUtils.java:logGet(43)) - raft.server.rpc.timeout.min = 5s (custom)
2019-09-25 05:06:07,531 [pool-37-thread-1] INFO  server.RaftServerConfigKeys (ConfUtils.java:logGet(43)) - raft.server.rpc.timeout.max = 5200ms (custom)
2019-09-25 05:06:07,531 [pool-37-thread-1] INFO  server.RaftServerConfigKeys (ConfUtils.java:logGet(43)) - raft.server.rpcslowness.timeout = 120s (custom)
2019-09-25 05:06:07,531 [pool-37-thread-1] INFO  server.RaftServerConfigKeys (ConfUtils.java:logGet(43)) - raft.server.sleep.deviation.threshold = 300 (default)
2019-09-25 05:06:07,531 [pool-37-thread-1] INFO  server.RaftServerConfigKeys (ConfUtils.java:logGet(43)) - raft.server.log.appender.install.snapshot.enabled = false (custom)
2019-09-25 05:06:07,532 [pool-37-thread-1] INFO  impl.RaftServerImpl (ServerState.java:<init>(103)) - 36ac27b3-2f11-437d-8f1f-165306b0ff4a@group-A3782729861B: ConfigurationManager, init=-1: [36ac27b3-2f11-437d-8f1f-165306b0ff4a:192.168.30.10:45265], old=null, confs=<EMPTY_MAP>
2019-09-25 05:06:07,532 [pool-37-thread-1] INFO  server.RaftServerConfigKeys (ConfUtils.java:logGet(43)) - raft.server.storage.dir = [/workdir/hadoop-ozone/integration-test/target/test-dir/MiniOzoneClusterImpl-23306158-e895-4fc7-80df-ce6c264c388b/datanode-1/data/ratis] (custom)
2019-09-25 05:06:07,532 [pool-37-thread-1] INFO  storage.RaftStorageDirectory (RaftStorageDirectory.java:analyzeStorage(246)) - The storage directory /workdir/hadoop-ozone/integration-test/target/test-dir/MiniOzoneClusterImpl-23306158-e895-4fc7-80df-ce6c264c388b/datanode-1/data/ratis/db07bc35-bc39-4a88-bcd7-a3782729861b does not exist. Creating ...
2019-09-25 05:06:07,546 [pool-37-thread-1] INFO  storage.RaftStorageDirectory (RaftStorageDirectory.java:tryLock(328)) - Lock on /workdir/hadoop-ozone/integration-test/target/test-dir/MiniOzoneClusterImpl-23306158-e895-4fc7-80df-ce6c264c388b/datanode-1/data/ratis/db07bc35-bc39-4a88-bcd7-a3782729861b/in_use.lock acquired by nodename 25526@pr-hdds-1569-s62bp-3040748787
2019-09-25 05:06:07,559 [pool-37-thread-1] INFO  storage.RaftStorage (RaftStorage.java:format(72)) - Storage directory /workdir/hadoop-ozone/integration-test/target/test-dir/MiniOzoneClusterImpl-23306158-e895-4fc7-80df-ce6c264c388b/datanode-1/data/ratis/db07bc35-bc39-4a88-bcd7-a3782729861b has been successfully formatted.
2019-09-25 05:06:07,560 [pool-37-thread-1] INFO  ratis.ContainerStateMachine (ContainerStateMachine.java:loadSnapshot(230)) - group-A3782729861B: The snapshot info is null. Setting the last applied indexto:(t:0, i:~)
2019-09-25 05:06:07,560 [pool-37-thread-1] INFO  server.RaftServerConfigKeys (ConfUtils.java:logGet(43)) - raft.server.notification.no-leader.timeout = 120s (custom)
2019-09-25 05:06:07,560 [pool-37-thread-1] INFO  server.RaftServerConfigKeys (ConfUtils.java:logGet(43)) - raft.server.log.use.memory = false (default)
2019-09-25 05:06:07,560 [pool-37-thread-1] INFO  server.RaftServerConfigKeys (ConfUtils.java:logGet(43)) - raft.server.log.purge.gap = 1000000 (custom)
2019-09-25 05:06:07,560 [pool-37-thread-1] INFO  server.RaftServerConfigKeys (ConfUtils.java:logGet(43)) - raft.server.log.appender.buffer.byte-limit = 33554432 (custom)
2019-09-25 05:06:07,560 [pool-37-thread-1] INFO  server.RaftServerConfigKeys (ConfUtils.java:logGet(43)) - raft.server.log.segment.size.max = 1048576 (custom)
2019-09-25 05:06:07,561 [pool-37-thread-1] INFO  server.RaftServerConfigKeys (ConfUtils.java:logGet(43)) - raft.server.log.segment.cache.num.max = 2 (custom)
2019-09-25 05:06:07,561 [pool-37-thread-1] INFO  segmented.SegmentedRaftLogWorker (SegmentedRaftLogWorker.java:<init>(172)) - new 36ac27b3-2f11-437d-8f1f-165306b0ff4a@group-A3782729861B-SegmentedRaftLogWorker for RaftStorage:Storage Directory /workdir/hadoop-ozone/integration-test/target/test-dir/MiniOzoneClusterImpl-23306158-e895-4fc7-80df-ce6c264c388b/datanode-1/data/ratis/db07bc35-bc39-4a88-bcd7-a3782729861b
2019-09-25 05:06:07,561 [pool-37-thread-1] INFO  server.RaftServerConfigKeys (ConfUtils.java:logGet(43)) - raft.server.log.queue.byte-limit = 2147483647 (custom)
2019-09-25 05:06:07,561 [pool-37-thread-1] INFO  server.RaftServerConfigKeys (ConfUtils.java:logGet(43)) - raft.server.log.queue.element-limit = 1024 (custom)
2019-09-25 05:06:07,561 [pool-37-thread-1] INFO  server.RaftServerConfigKeys (ConfUtils.java:logGet(43)) - raft.server.log.segment.size.max = 1048576 (custom)
2019-09-25 05:06:07,562 [pool-37-thread-1] INFO  server.RaftServerConfigKeys (ConfUtils.java:logGet(43)) - raft.server.log.preallocated.size = 16384 (custom)
2019-09-25 05:06:07,562 [pool-37-thread-1] INFO  server.RaftServerConfigKeys (ConfUtils.java:logGet(43)) - raft.server.log.write.buffer.size = 33554432 (custom)
2019-09-25 05:06:07,562 [pool-37-thread-1] INFO  server.RaftServerConfigKeys (ConfUtils.java:logGet(43)) - raft.server.log.force.sync.num = 128 (default)
2019-09-25 05:06:07,562 [pool-37-thread-1] INFO  server.RaftServerConfigKeys (ConfUtils.java:logGet(43)) - raft.server.log.statemachine.data.sync = true (default)
2019-09-25 05:06:07,562 [pool-37-thread-1] INFO  server.RaftServerConfigKeys (ConfUtils.java:logGet(43)) - raft.server.log.statemachine.data.sync.timeout = 10s (default)
2019-09-25 05:06:07,562 [pool-37-thread-1] INFO  server.RaftServerConfigKeys (ConfUtils.java:logGet(43)) - raft.server.log.statemachine.data.sync.timeout.retry = -1 (default)
2019-09-25 05:06:07,563 [pool-37-thread-1] INFO  server.RaftServerConfigKeys (ConfUtils.java:logGet(43)) - raft.server.log.statemachine.data.caching.enabled = true (custom)
2019-09-25 05:06:07,563 [pool-37-thread-1] INFO  segmented.SegmentedRaftLogWorker (SegmentedRaftLogWorker.java:lambda$new$0(132)) - 36ac27b3-2f11-437d-8f1f-165306b0ff4a@group-A3782729861B-SegmentedRaftLogWorker: flushIndex: setUnconditionally 0 -> -1
2019-09-25 05:06:07,563 [pool-37-thread-1] INFO  server.RaftServerConfigKeys (ConfUtils.java:logGet(43)) - raft.server.snapshot.auto.trigger.enabled = true (custom)
2019-09-25 05:06:07,564 [pool-37-thread-1] INFO  server.RaftServerConfigKeys (ConfUtils.java:logGet(43)) - raft.server.snapshot.auto.trigger.threshold = 10000 (custom)
2019-09-25 05:06:07,564 [pool-37-thread-1] INFO  server.RaftServerConfigKeys (ConfUtils.java:logGet(43)) - raft.server.snapshot.retention.num.files = 5 (custom)
2019-09-25 05:06:07,564 [pool-37-thread-1] INFO  server.RaftServerConfigKeys (ConfUtils.java:logGet(43)) - raft.server.retrycache.expirytime = 600000ms (custom)
2019-09-25 05:06:07,568 [pool-37-thread-1] INFO  impl.RaftServerImpl (RaftServerImpl.java:start(185)) - 36ac27b3-2f11-437d-8f1f-165306b0ff4a@group-A3782729861B: start as a follower, conf=-1: [36ac27b3-2f11-437d-8f1f-165306b0ff4a:192.168.30.10:45265], old=null
2019-09-25 05:06:07,568 [pool-37-thread-1] INFO  impl.RaftServerImpl (RaftServerImpl.java:setRole(174)) - 36ac27b3-2f11-437d-8f1f-165306b0ff4a@group-A3782729861B: changes role from      null to FOLLOWER at term 0 for startAsFollower
2019-09-25 05:06:07,569 [pool-37-thread-1] INFO  impl.RoleInfo (RoleInfo.java:updateAndGet(143)) - 36ac27b3-2f11-437d-8f1f-165306b0ff4a: start FollowerState
2019-09-25 05:06:07,569 [pool-37-thread-1] INFO  util.JmxRegister (JmxRegister.java:tryRegister(44)) - Successfully registered JMX Bean with object name Ratis:service=RaftServer,group=group-A3782729861B,id=36ac27b3-2f11-437d-8f1f-165306b0ff4a
2019-09-25 05:06:07,585 [RatisPipelineUtilsThread] INFO  pipeline.PipelineStateManager (PipelineStateManager.java:addPipeline(56)) - Created pipeline Pipeline[ Id: db07bc35-bc39-4a88-bcd7-a3782729861b, Nodes: 36ac27b3-2f11-437d-8f1f-165306b0ff4a{ip: 192.168.30.10, host: pr-hdds-1569-s62bp-3040748787, networkLocation: /default-rack, certSerialId: null}, Type:RATIS, Factor:ONE, State:OPEN]
2019-09-25 05:06:07,602 [grpc-default-executor-0] INFO  impl.RaftServerProxy (RaftServerProxy.java:addNew(89)) - de37f7a0-0375-40a9-a318-404478482fcb: addNew group-D39DEE7A5527:[de37f7a0-0375-40a9-a318-404478482fcb:192.168.30.10:44522] returns group-D39DEE7A5527:java.util.concurrent.CompletableFuture@7bd7d496[Not completed]
2019-09-25 05:06:07,607 [pool-57-thread-1] INFO  impl.RaftServerImpl (RaftServerImpl.java:<init>(95)) - de37f7a0-0375-40a9-a318-404478482fcb: new RaftServerImpl for group-D39DEE7A5527:[de37f7a0-0375-40a9-a318-404478482fcb:192.168.30.10:44522] with ContainerStateMachine:uninitialized
2019-09-25 05:06:07,607 [pool-57-thread-1] INFO  server.RaftServerConfigKeys (ConfUtils.java:logGet(43)) - raft.server.rpc.timeout.min = 5s (custom)
2019-09-25 05:06:07,608 [pool-57-thread-1] INFO  server.RaftServerConfigKeys (ConfUtils.java:logGet(43)) - raft.server.rpc.timeout.max = 5200ms (custom)
2019-09-25 05:06:07,608 [pool-57-thread-1] INFO  server.RaftServerConfigKeys (ConfUtils.java:logGet(43)) - raft.server.rpcslowness.timeout = 120s (custom)
2019-09-25 05:06:07,608 [pool-57-thread-1] INFO  server.RaftServerConfigKeys (ConfUtils.java:logGet(43)) - raft.server.sleep.deviation.threshold = 300 (default)
2019-09-25 05:06:07,608 [pool-57-thread-1] INFO  server.RaftServerConfigKeys (ConfUtils.java:logGet(43)) - raft.server.log.appender.install.snapshot.enabled = false (custom)
2019-09-25 05:06:07,608 [pool-57-thread-1] INFO  impl.RaftServerImpl (ServerState.java:<init>(103)) - de37f7a0-0375-40a9-a318-404478482fcb@group-D39DEE7A5527: ConfigurationManager, init=-1: [de37f7a0-0375-40a9-a318-404478482fcb:192.168.30.10:44522], old=null, confs=<EMPTY_MAP>
2019-09-25 05:06:07,609 [pool-57-thread-1] INFO  server.RaftServerConfigKeys (ConfUtils.java:logGet(43)) - raft.server.storage.dir = [/workdir/hadoop-ozone/integration-test/target/test-dir/MiniOzoneClusterImpl-23306158-e895-4fc7-80df-ce6c264c388b/datanode-3/data/ratis] (custom)
2019-09-25 05:06:07,609 [pool-57-thread-1] INFO  storage.RaftStorageDirectory (RaftStorageDirectory.java:analyzeStorage(246)) - The storage directory /workdir/hadoop-ozone/integration-test/target/test-dir/MiniOzoneClusterImpl-23306158-e895-4fc7-80df-ce6c264c388b/datanode-3/data/ratis/7b4d7503-a7b9-4b77-8640-d39dee7a5527 does not exist. Creating ...
2019-09-25 05:06:07,623 [pool-57-thread-1] INFO  storage.RaftStorageDirectory (RaftStorageDirectory.java:tryLock(328)) - Lock on /workdir/hadoop-ozone/integration-test/target/test-dir/MiniOzoneClusterImpl-23306158-e895-4fc7-80df-ce6c264c388b/datanode-3/data/ratis/7b4d7503-a7b9-4b77-8640-d39dee7a5527/in_use.lock acquired by nodename 25526@pr-hdds-1569-s62bp-3040748787
2019-09-25 05:06:07,642 [pool-57-thread-1] INFO  storage.RaftStorage (RaftStorage.java:format(72)) - Storage directory /workdir/hadoop-ozone/integration-test/target/test-dir/MiniOzoneClusterImpl-23306158-e895-4fc7-80df-ce6c264c388b/datanode-3/data/ratis/7b4d7503-a7b9-4b77-8640-d39dee7a5527 has been successfully formatted.
2019-09-25 05:06:07,642 [pool-57-thread-1] INFO  ratis.ContainerStateMachine (ContainerStateMachine.java:loadSnapshot(230)) - group-D39DEE7A5527: The snapshot info is null. Setting the last applied indexto:(t:0, i:~)
2019-09-25 05:06:07,643 [pool-57-thread-1] INFO  server.RaftServerConfigKeys (ConfUtils.java:logGet(43)) - raft.server.notification.no-leader.timeout = 120s (custom)
2019-09-25 05:06:07,643 [pool-57-thread-1] INFO  server.RaftServerConfigKeys (ConfUtils.java:logGet(43)) - raft.server.log.use.memory = false (default)
2019-09-25 05:06:07,643 [pool-57-thread-1] INFO  server.RaftServerConfigKeys (ConfUtils.java:logGet(43)) - raft.server.log.purge.gap = 1000000 (custom)
2019-09-25 05:06:07,643 [pool-57-thread-1] INFO  server.RaftServerConfigKeys (ConfUtils.java:logGet(43)) - raft.server.log.appender.buffer.byte-limit = 33554432 (custom)
2019-09-25 05:06:07,643 [pool-57-thread-1] INFO  server.RaftServerConfigKeys (ConfUtils.java:logGet(43)) - raft.server.log.segment.size.max = 1048576 (custom)
2019-09-25 05:06:07,644 [pool-57-thread-1] INFO  server.RaftServerConfigKeys (ConfUtils.java:logGet(43)) - raft.server.log.segment.cache.num.max = 2 (custom)
2019-09-25 05:06:07,644 [pool-57-thread-1] INFO  segmented.SegmentedRaftLogWorker (SegmentedRaftLogWorker.java:<init>(172)) - new de37f7a0-0375-40a9-a318-404478482fcb@group-D39DEE7A5527-SegmentedRaftLogWorker for RaftStorage:Storage Directory /workdir/hadoop-ozone/integration-test/target/test-dir/MiniOzoneClusterImpl-23306158-e895-4fc7-80df-ce6c264c388b/datanode-3/data/ratis/7b4d7503-a7b9-4b77-8640-d39dee7a5527
2019-09-25 05:06:07,650 [pool-57-thread-1] INFO  server.RaftServerConfigKeys (ConfUtils.java:logGet(43)) - raft.server.log.queue.byte-limit = 2147483647 (custom)
2019-09-25 05:06:07,650 [pool-57-thread-1] INFO  server.RaftServerConfigKeys (ConfUtils.java:logGet(43)) - raft.server.log.queue.element-limit = 1024 (custom)
2019-09-25 05:06:07,650 [pool-57-thread-1] INFO  server.RaftServerConfigKeys (ConfUtils.java:logGet(43)) - raft.server.log.segment.size.max = 1048576 (custom)
2019-09-25 05:06:07,650 [pool-57-thread-1] INFO  server.RaftServerConfigKeys (ConfUtils.java:logGet(43)) - raft.server.log.preallocated.size = 16384 (custom)
2019-09-25 05:06:07,650 [pool-57-thread-1] INFO  server.RaftServerConfigKeys (ConfUtils.java:logGet(43)) - raft.server.log.write.buffer.size = 33554432 (custom)
2019-09-25 05:06:07,651 [pool-57-thread-1] INFO  server.RaftServerConfigKeys (ConfUtils.java:logGet(43)) - raft.server.log.force.sync.num = 128 (default)
2019-09-25 05:06:07,651 [pool-57-thread-1] INFO  server.RaftServerConfigKeys (ConfUtils.java:logGet(43)) - raft.server.log.statemachine.data.sync = true (default)
2019-09-25 05:06:07,651 [pool-57-thread-1] INFO  server.RaftServerConfigKeys (ConfUtils.java:logGet(43)) - raft.server.log.statemachine.data.sync.timeout = 10s (default)
2019-09-25 05:06:07,651 [pool-57-thread-1] INFO  server.RaftServerConfigKeys (ConfUtils.java:logGet(43)) - raft.server.log.statemachine.data.sync.timeout.retry = -1 (default)
2019-09-25 05:06:07,651 [pool-57-thread-1] INFO  server.RaftServerConfigKeys (ConfUtils.java:logGet(43)) - raft.server.log.statemachine.data.caching.enabled = true (custom)
2019-09-25 05:06:07,652 [pool-57-thread-1] INFO  segmented.SegmentedRaftLogWorker (SegmentedRaftLogWorker.java:lambda$new$0(132)) - de37f7a0-0375-40a9-a318-404478482fcb@group-D39DEE7A5527-SegmentedRaftLogWorker: flushIndex: setUnconditionally 0 -> -1
2019-09-25 05:06:07,652 [pool-57-thread-1] INFO  server.RaftServerConfigKeys (ConfUtils.java:logGet(43)) - raft.server.snapshot.auto.trigger.enabled = true (custom)
2019-09-25 05:06:07,652 [pool-57-thread-1] INFO  server.RaftServerConfigKeys (ConfUtils.java:logGet(43)) - raft.server.snapshot.auto.trigger.threshold = 10000 (custom)
2019-09-25 05:06:07,653 [pool-57-thread-1] INFO  server.RaftServerConfigKeys (ConfUtils.java:logGet(43)) - raft.server.snapshot.retention.num.files = 5 (custom)
2019-09-25 05:06:07,653 [pool-57-thread-1] INFO  server.RaftServerConfigKeys (ConfUtils.java:logGet(43)) - raft.server.retrycache.expirytime = 600000ms (custom)
2019-09-25 05:06:07,668 [pool-57-thread-1] INFO  impl.RaftServerImpl (RaftServerImpl.java:start(185)) - de37f7a0-0375-40a9-a318-404478482fcb@group-D39DEE7A5527: start as a follower, conf=-1: [de37f7a0-0375-40a9-a318-404478482fcb:192.168.30.10:44522], old=null
2019-09-25 05:06:07,668 [pool-57-thread-1] INFO  impl.RaftServerImpl (RaftServerImpl.java:setRole(174)) - de37f7a0-0375-40a9-a318-404478482fcb@group-D39DEE7A5527: changes role from      null to FOLLOWER at term 0 for startAsFollower
2019-09-25 05:06:07,668 [pool-57-thread-1] INFO  impl.RoleInfo (RoleInfo.java:updateAndGet(143)) - de37f7a0-0375-40a9-a318-404478482fcb: start FollowerState
2019-09-25 05:06:07,669 [pool-57-thread-1] INFO  util.JmxRegister (JmxRegister.java:tryRegister(44)) - Successfully registered JMX Bean with object name Ratis:service=RaftServer,group=group-D39DEE7A5527,id=de37f7a0-0375-40a9-a318-404478482fcb
2019-09-25 05:06:07,687 [RatisPipelineUtilsThread] INFO  pipeline.PipelineStateManager (PipelineStateManager.java:addPipeline(56)) - Created pipeline Pipeline[ Id: 7b4d7503-a7b9-4b77-8640-d39dee7a5527, Nodes: de37f7a0-0375-40a9-a318-404478482fcb{ip: 192.168.30.10, host: pr-hdds-1569-s62bp-3040748787, networkLocation: /default-rack, certSerialId: null}, Type:RATIS, Factor:ONE, State:OPEN]
2019-09-25 05:06:07,708 [grpc-default-executor-0] INFO  impl.RaftServerProxy (RaftServerProxy.java:addNew(89)) - de37f7a0-0375-40a9-a318-404478482fcb: addNew group-E5524B342943:[de37f7a0-0375-40a9-a318-404478482fcb:192.168.30.10:44522] returns group-E5524B342943:java.util.concurrent.CompletableFuture@2fb2dfc[Not completed]
2019-09-25 05:06:07,710 [pool-57-thread-1] INFO  impl.RaftServerImpl (RaftServerImpl.java:<init>(95)) - de37f7a0-0375-40a9-a318-404478482fcb: new RaftServerImpl for group-E5524B342943:[de37f7a0-0375-40a9-a318-404478482fcb:192.168.30.10:44522] with ContainerStateMachine:uninitialized
2019-09-25 05:06:07,710 [pool-57-thread-1] INFO  server.RaftServerConfigKeys (ConfUtils.java:logGet(43)) - raft.server.rpc.timeout.min = 5s (custom)
2019-09-25 05:06:07,710 [pool-57-thread-1] INFO  server.RaftServerConfigKeys (ConfUtils.java:logGet(43)) - raft.server.rpc.timeout.max = 5200ms (custom)
2019-09-25 05:06:07,711 [pool-57-thread-1] INFO  server.RaftServerConfigKeys (ConfUtils.java:logGet(43)) - raft.server.rpcslowness.timeout = 120s (custom)
2019-09-25 05:06:07,711 [pool-57-thread-1] INFO  server.RaftServerConfigKeys (ConfUtils.java:logGet(43)) - raft.server.sleep.deviation.threshold = 300 (default)
2019-09-25 05:06:07,711 [pool-57-thread-1] INFO  server.RaftServerConfigKeys (ConfUtils.java:logGet(43)) - raft.server.log.appender.install.snapshot.enabled = false (custom)
2019-09-25 05:06:07,711 [pool-57-thread-1] INFO  impl.RaftServerImpl (ServerState.java:<init>(103)) - de37f7a0-0375-40a9-a318-404478482fcb@group-E5524B342943: ConfigurationManager, init=-1: [de37f7a0-0375-40a9-a318-404478482fcb:192.168.30.10:44522], old=null, confs=<EMPTY_MAP>
2019-09-25 05:06:07,711 [pool-57-thread-1] INFO  server.RaftServerConfigKeys (ConfUtils.java:logGet(43)) - raft.server.storage.dir = [/workdir/hadoop-ozone/integration-test/target/test-dir/MiniOzoneClusterImpl-23306158-e895-4fc7-80df-ce6c264c388b/datanode-3/data/ratis] (custom)
2019-09-25 05:06:07,712 [pool-57-thread-1] INFO  storage.RaftStorageDirectory (RaftStorageDirectory.java:analyzeStorage(246)) - The storage directory /workdir/hadoop-ozone/integration-test/target/test-dir/MiniOzoneClusterImpl-23306158-e895-4fc7-80df-ce6c264c388b/datanode-3/data/ratis/5298202e-f6f3-4090-99ea-e5524b342943 does not exist. Creating ...
2019-09-25 05:06:07,725 [pool-57-thread-1] INFO  storage.RaftStorageDirectory (RaftStorageDirectory.java:tryLock(328)) - Lock on /workdir/hadoop-ozone/integration-test/target/test-dir/MiniOzoneClusterImpl-23306158-e895-4fc7-80df-ce6c264c388b/datanode-3/data/ratis/5298202e-f6f3-4090-99ea-e5524b342943/in_use.lock acquired by nodename 25526@pr-hdds-1569-s62bp-3040748787
2019-09-25 05:06:07,738 [pool-57-thread-1] INFO  storage.RaftStorage (RaftStorage.java:format(72)) - Storage directory /workdir/hadoop-ozone/integration-test/target/test-dir/MiniOzoneClusterImpl-23306158-e895-4fc7-80df-ce6c264c388b/datanode-3/data/ratis/5298202e-f6f3-4090-99ea-e5524b342943 has been successfully formatted.
2019-09-25 05:06:07,739 [pool-57-thread-1] INFO  ratis.ContainerStateMachine (ContainerStateMachine.java:loadSnapshot(230)) - group-E5524B342943: The snapshot info is null. Setting the last applied indexto:(t:0, i:~)
2019-09-25 05:06:07,739 [pool-57-thread-1] INFO  server.RaftServerConfigKeys (ConfUtils.java:logGet(43)) - raft.server.notification.no-leader.timeout = 120s (custom)
2019-09-25 05:06:07,739 [pool-57-thread-1] INFO  server.RaftServerConfigKeys (ConfUtils.java:logGet(43)) - raft.server.log.use.memory = false (default)
2019-09-25 05:06:07,739 [pool-57-thread-1] INFO  server.RaftServerConfigKeys (ConfUtils.java:logGet(43)) - raft.server.log.purge.gap = 1000000 (custom)
2019-09-25 05:06:07,739 [pool-57-thread-1] INFO  server.RaftServerConfigKeys (ConfUtils.java:logGet(43)) - raft.server.log.appender.buffer.byte-limit = 33554432 (custom)
2019-09-25 05:06:07,739 [pool-57-thread-1] INFO  server.RaftServerConfigKeys (ConfUtils.java:logGet(43)) - raft.server.log.segment.size.max = 1048576 (custom)
2019-09-25 05:06:07,739 [pool-57-thread-1] INFO  server.RaftServerConfigKeys (ConfUtils.java:logGet(43)) - raft.server.log.segment.cache.num.max = 2 (custom)
2019-09-25 05:06:07,740 [pool-57-thread-1] INFO  segmented.SegmentedRaftLogWorker (SegmentedRaftLogWorker.java:<init>(172)) - new de37f7a0-0375-40a9-a318-404478482fcb@group-E5524B342943-SegmentedRaftLogWorker for RaftStorage:Storage Directory /workdir/hadoop-ozone/integration-test/target/test-dir/MiniOzoneClusterImpl-23306158-e895-4fc7-80df-ce6c264c388b/datanode-3/data/ratis/5298202e-f6f3-4090-99ea-e5524b342943
2019-09-25 05:06:07,740 [pool-57-thread-1] INFO  server.RaftServerConfigKeys (ConfUtils.java:logGet(43)) - raft.server.log.queue.byte-limit = 2147483647 (custom)
2019-09-25 05:06:07,740 [pool-57-thread-1] INFO  server.RaftServerConfigKeys (ConfUtils.java:logGet(43)) - raft.server.log.queue.element-limit = 1024 (custom)
2019-09-25 05:06:07,740 [pool-57-thread-1] INFO  server.RaftServerConfigKeys (ConfUtils.java:logGet(43)) - raft.server.log.segment.size.max = 1048576 (custom)
2019-09-25 05:06:07,740 [pool-57-thread-1] INFO  server.RaftServerConfigKeys (ConfUtils.java:logGet(43)) - raft.server.log.preallocated.size = 16384 (custom)
2019-09-25 05:06:07,740 [pool-57-thread-1] INFO  server.RaftServerConfigKeys (ConfUtils.java:logGet(43)) - raft.server.log.write.buffer.size = 33554432 (custom)
2019-09-25 05:06:07,740 [pool-57-thread-1] INFO  server.RaftServerConfigKeys (ConfUtils.java:logGet(43)) - raft.server.log.force.sync.num = 128 (default)
2019-09-25 05:06:07,740 [pool-57-thread-1] INFO  server.RaftServerConfigKeys (ConfUtils.java:logGet(43)) - raft.server.log.statemachine.data.sync = true (default)
2019-09-25 05:06:07,741 [pool-57-thread-1] INFO  server.RaftServerConfigKeys (ConfUtils.java:logGet(43)) - raft.server.log.statemachine.data.sync.timeout = 10s (default)
2019-09-25 05:06:07,741 [pool-57-thread-1] INFO  server.RaftServerConfigKeys (ConfUtils.java:logGet(43)) - raft.server.log.statemachine.data.sync.timeout.retry = -1 (default)
2019-09-25 05:06:07,741 [pool-57-thread-1] INFO  server.RaftServerConfigKeys (ConfUtils.java:logGet(43)) - raft.server.log.statemachine.data.caching.enabled = true (custom)
2019-09-25 05:06:07,741 [pool-57-thread-1] INFO  segmented.SegmentedRaftLogWorker (SegmentedRaftLogWorker.java:lambda$new$0(132)) - de37f7a0-0375-40a9-a318-404478482fcb@group-E5524B342943-SegmentedRaftLogWorker: flushIndex: setUnconditionally 0 -> -1
2019-09-25 05:06:07,742 [pool-57-thread-1] INFO  server.RaftServerConfigKeys (ConfUtils.java:logGet(43)) - raft.server.snapshot.auto.trigger.enabled = true (custom)
2019-09-25 05:06:07,742 [pool-57-thread-1] INFO  server.RaftServerConfigKeys (ConfUtils.java:logGet(43)) - raft.server.snapshot.auto.trigger.threshold = 10000 (custom)
2019-09-25 05:06:07,742 [pool-57-thread-1] INFO  server.RaftServerConfigKeys (ConfUtils.java:logGet(43)) - raft.server.snapshot.retention.num.files = 5 (custom)
2019-09-25 05:06:07,742 [pool-57-thread-1] INFO  server.RaftServerConfigKeys (ConfUtils.java:logGet(43)) - raft.server.retrycache.expirytime = 600000ms (custom)
2019-09-25 05:06:07,744 [pool-57-thread-1] INFO  impl.RaftServerImpl (RaftServerImpl.java:start(185)) - de37f7a0-0375-40a9-a318-404478482fcb@group-E5524B342943: start as a follower, conf=-1: [de37f7a0-0375-40a9-a318-404478482fcb:192.168.30.10:44522], old=null
2019-09-25 05:06:07,745 [pool-57-thread-1] INFO  impl.RaftServerImpl (RaftServerImpl.java:setRole(174)) - de37f7a0-0375-40a9-a318-404478482fcb@group-E5524B342943: changes role from      null to FOLLOWER at term 0 for startAsFollower
2019-09-25 05:06:07,745 [pool-57-thread-1] INFO  impl.RoleInfo (RoleInfo.java:updateAndGet(143)) - de37f7a0-0375-40a9-a318-404478482fcb: start FollowerState
2019-09-25 05:06:07,745 [pool-57-thread-1] INFO  util.JmxRegister (JmxRegister.java:tryRegister(44)) - Successfully registered JMX Bean with object name Ratis:service=RaftServer,group=group-E5524B342943,id=de37f7a0-0375-40a9-a318-404478482fcb
2019-09-25 05:06:07,763 [RatisPipelineUtilsThread] INFO  pipeline.PipelineStateManager (PipelineStateManager.java:addPipeline(56)) - Created pipeline Pipeline[ Id: 5298202e-f6f3-4090-99ea-e5524b342943, Nodes: de37f7a0-0375-40a9-a318-404478482fcb{ip: 192.168.30.10, host: pr-hdds-1569-s62bp-3040748787, networkLocation: /default-rack, certSerialId: null}, Type:RATIS, Factor:ONE, State:OPEN]
2019-09-25 05:06:07,777 [grpc-default-executor-0] INFO  impl.RaftServerProxy (RaftServerProxy.java:addNew(89)) - f77bfc29-6991-4b1d-a503-f706c83de4fc: addNew group-A7F143AF9795:[f77bfc29-6991-4b1d-a503-f706c83de4fc:192.168.30.10:35112] returns group-A7F143AF9795:java.util.concurrent.CompletableFuture@3d2f9409[Not completed]
2019-09-25 05:06:07,780 [pool-27-thread-1] INFO  impl.RaftServerImpl (RaftServerImpl.java:<init>(95)) - f77bfc29-6991-4b1d-a503-f706c83de4fc: new RaftServerImpl for group-A7F143AF9795:[f77bfc29-6991-4b1d-a503-f706c83de4fc:192.168.30.10:35112] with ContainerStateMachine:uninitialized
2019-09-25 05:06:07,780 [pool-27-thread-1] INFO  server.RaftServerConfigKeys (ConfUtils.java:logGet(43)) - raft.server.rpc.timeout.min = 5s (custom)
2019-09-25 05:06:07,780 [pool-27-thread-1] INFO  server.RaftServerConfigKeys (ConfUtils.java:logGet(43)) - raft.server.rpc.timeout.max = 5200ms (custom)
2019-09-25 05:06:07,780 [pool-27-thread-1] INFO  server.RaftServerConfigKeys (ConfUtils.java:logGet(43)) - raft.server.rpcslowness.timeout = 120s (custom)
2019-09-25 05:06:07,780 [pool-27-thread-1] INFO  server.RaftServerConfigKeys (ConfUtils.java:logGet(43)) - raft.server.sleep.deviation.threshold = 300 (default)
2019-09-25 05:06:07,781 [pool-27-thread-1] INFO  server.RaftServerConfigKeys (ConfUtils.java:logGet(43)) - raft.server.log.appender.install.snapshot.enabled = false (custom)
2019-09-25 05:06:07,781 [pool-27-thread-1] INFO  impl.RaftServerImpl (ServerState.java:<init>(103)) - f77bfc29-6991-4b1d-a503-f706c83de4fc@group-A7F143AF9795: ConfigurationManager, init=-1: [f77bfc29-6991-4b1d-a503-f706c83de4fc:192.168.30.10:35112], old=null, confs=<EMPTY_MAP>
2019-09-25 05:06:07,781 [pool-27-thread-1] INFO  server.RaftServerConfigKeys (ConfUtils.java:logGet(43)) - raft.server.storage.dir = [/workdir/hadoop-ozone/integration-test/target/test-dir/MiniOzoneClusterImpl-23306158-e895-4fc7-80df-ce6c264c388b/datanode-0/data/ratis] (custom)
2019-09-25 05:06:07,782 [pool-27-thread-1] INFO  storage.RaftStorageDirectory (RaftStorageDirectory.java:analyzeStorage(246)) - The storage directory /workdir/hadoop-ozone/integration-test/target/test-dir/MiniOzoneClusterImpl-23306158-e895-4fc7-80df-ce6c264c388b/datanode-0/data/ratis/1170eaaf-d5a6-4a8d-bbd0-a7f143af9795 does not exist. Creating ...
2019-09-25 05:06:07,795 [pool-27-thread-1] INFO  storage.RaftStorageDirectory (RaftStorageDirectory.java:tryLock(328)) - Lock on /workdir/hadoop-ozone/integration-test/target/test-dir/MiniOzoneClusterImpl-23306158-e895-4fc7-80df-ce6c264c388b/datanode-0/data/ratis/1170eaaf-d5a6-4a8d-bbd0-a7f143af9795/in_use.lock acquired by nodename 25526@pr-hdds-1569-s62bp-3040748787
2019-09-25 05:06:07,809 [pool-27-thread-1] INFO  storage.RaftStorage (RaftStorage.java:format(72)) - Storage directory /workdir/hadoop-ozone/integration-test/target/test-dir/MiniOzoneClusterImpl-23306158-e895-4fc7-80df-ce6c264c388b/datanode-0/data/ratis/1170eaaf-d5a6-4a8d-bbd0-a7f143af9795 has been successfully formatted.
2019-09-25 05:06:07,810 [pool-27-thread-1] INFO  ratis.ContainerStateMachine (ContainerStateMachine.java:loadSnapshot(230)) - group-A7F143AF9795: The snapshot info is null. Setting the last applied indexto:(t:0, i:~)
2019-09-25 05:06:07,810 [pool-27-thread-1] INFO  server.RaftServerConfigKeys (ConfUtils.java:logGet(43)) - raft.server.notification.no-leader.timeout = 120s (custom)
2019-09-25 05:06:07,810 [pool-27-thread-1] INFO  server.RaftServerConfigKeys (ConfUtils.java:logGet(43)) - raft.server.log.use.memory = false (default)
2019-09-25 05:06:07,810 [pool-27-thread-1] INFO  server.RaftServerConfigKeys (ConfUtils.java:logGet(43)) - raft.server.log.purge.gap = 1000000 (custom)
2019-09-25 05:06:07,810 [pool-27-thread-1] INFO  server.RaftServerConfigKeys (ConfUtils.java:logGet(43)) - raft.server.log.appender.buffer.byte-limit = 33554432 (custom)
2019-09-25 05:06:07,811 [pool-27-thread-1] INFO  server.RaftServerConfigKeys (ConfUtils.java:logGet(43)) - raft.server.log.segment.size.max = 1048576 (custom)
2019-09-25 05:06:07,811 [pool-27-thread-1] INFO  server.RaftServerConfigKeys (ConfUtils.java:logGet(43)) - raft.server.log.segment.cache.num.max = 2 (custom)
2019-09-25 05:06:07,811 [pool-27-thread-1] INFO  segmented.SegmentedRaftLogWorker (SegmentedRaftLogWorker.java:<init>(172)) - new f77bfc29-6991-4b1d-a503-f706c83de4fc@group-A7F143AF9795-SegmentedRaftLogWorker for RaftStorage:Storage Directory /workdir/hadoop-ozone/integration-test/target/test-dir/MiniOzoneClusterImpl-23306158-e895-4fc7-80df-ce6c264c388b/datanode-0/data/ratis/1170eaaf-d5a6-4a8d-bbd0-a7f143af9795
2019-09-25 05:06:07,811 [pool-27-thread-1] INFO  server.RaftServerConfigKeys (ConfUtils.java:logGet(43)) - raft.server.log.queue.byte-limit = 2147483647 (custom)
2019-09-25 05:06:07,811 [pool-27-thread-1] INFO  server.RaftServerConfigKeys (ConfUtils.java:logGet(43)) - raft.server.log.queue.element-limit = 1024 (custom)
2019-09-25 05:06:07,812 [pool-27-thread-1] INFO  server.RaftServerConfigKeys (ConfUtils.java:logGet(43)) - raft.server.log.segment.size.max = 1048576 (custom)
2019-09-25 05:06:07,812 [pool-27-thread-1] INFO  server.RaftServerConfigKeys (ConfUtils.java:logGet(43)) - raft.server.log.preallocated.size = 16384 (custom)
2019-09-25 05:06:07,812 [pool-27-thread-1] INFO  server.RaftServerConfigKeys (ConfUtils.java:logGet(43)) - raft.server.log.write.buffer.size = 33554432 (custom)
2019-09-25 05:06:07,812 [pool-27-thread-1] INFO  server.RaftServerConfigKeys (ConfUtils.java:logGet(43)) - raft.server.log.force.sync.num = 128 (default)
2019-09-25 05:06:07,812 [pool-27-thread-1] INFO  server.RaftServerConfigKeys (ConfUtils.java:logGet(43)) - raft.server.log.statemachine.data.sync = true (default)
2019-09-25 05:06:07,813 [pool-27-thread-1] INFO  server.RaftServerConfigKeys (ConfUtils.java:logGet(43)) - raft.server.log.statemachine.data.sync.timeout = 10s (default)
2019-09-25 05:06:07,813 [pool-27-thread-1] INFO  server.RaftServerConfigKeys (ConfUtils.java:logGet(43)) - raft.server.log.statemachine.data.sync.timeout.retry = -1 (default)
2019-09-25 05:06:07,813 [pool-27-thread-1] INFO  server.RaftServerConfigKeys (ConfUtils.java:logGet(43)) - raft.server.log.statemachine.data.caching.enabled = true (custom)
2019-09-25 05:06:07,813 [pool-27-thread-1] INFO  segmented.SegmentedRaftLogWorker (SegmentedRaftLogWorker.java:lambda$new$0(132)) - f77bfc29-6991-4b1d-a503-f706c83de4fc@group-A7F143AF9795-SegmentedRaftLogWorker: flushIndex: setUnconditionally 0 -> -1
2019-09-25 05:06:07,814 [pool-27-thread-1] INFO  server.RaftServerConfigKeys (ConfUtils.java:logGet(43)) - raft.server.snapshot.auto.trigger.enabled = true (custom)
2019-09-25 05:06:07,814 [pool-27-thread-1] INFO  server.RaftServerConfigKeys (ConfUtils.java:logGet(43)) - raft.server.snapshot.auto.trigger.threshold = 10000 (custom)
2019-09-25 05:06:07,814 [pool-27-thread-1] INFO  server.RaftServerConfigKeys (ConfUtils.java:logGet(43)) - raft.server.snapshot.retention.num.files = 5 (custom)
2019-09-25 05:06:07,814 [pool-27-thread-1] INFO  server.RaftServerConfigKeys (ConfUtils.java:logGet(43)) - raft.server.retrycache.expirytime = 600000ms (custom)
2019-09-25 05:06:07,818 [pool-27-thread-1] INFO  impl.RaftServerImpl (RaftServerImpl.java:start(185)) - f77bfc29-6991-4b1d-a503-f706c83de4fc@group-A7F143AF9795: start as a follower, conf=-1: [f77bfc29-6991-4b1d-a503-f706c83de4fc:192.168.30.10:35112], old=null
2019-09-25 05:06:07,818 [pool-27-thread-1] INFO  impl.RaftServerImpl (RaftServerImpl.java:setRole(174)) - f77bfc29-6991-4b1d-a503-f706c83de4fc@group-A7F143AF9795: changes role from      null to FOLLOWER at term 0 for startAsFollower
2019-09-25 05:06:07,818 [pool-27-thread-1] INFO  impl.RoleInfo (RoleInfo.java:updateAndGet(143)) - f77bfc29-6991-4b1d-a503-f706c83de4fc: start FollowerState
2019-09-25 05:06:07,819 [pool-27-thread-1] INFO  util.JmxRegister (JmxRegister.java:tryRegister(44)) - Successfully registered JMX Bean with object name Ratis:service=RaftServer,group=group-A7F143AF9795,id=f77bfc29-6991-4b1d-a503-f706c83de4fc
2019-09-25 05:06:07,831 [RatisPipelineUtilsThread] INFO  pipeline.PipelineStateManager (PipelineStateManager.java:addPipeline(56)) - Created pipeline Pipeline[ Id: 1170eaaf-d5a6-4a8d-bbd0-a7f143af9795, Nodes: f77bfc29-6991-4b1d-a503-f706c83de4fc{ip: 192.168.30.10, host: pr-hdds-1569-s62bp-3040748787, networkLocation: /default-rack, certSerialId: null}, Type:RATIS, Factor:ONE, State:OPEN]
2019-09-25 05:06:07,854 [grpc-default-executor-0] INFO  impl.RaftServerProxy (RaftServerProxy.java:addNew(89)) - 692224c4-5202-4921-98cc-04d5c60c79cc: addNew group-78492EE265CE:[692224c4-5202-4921-98cc-04d5c60c79cc:192.168.30.10:38144] returns group-78492EE265CE:java.util.concurrent.CompletableFuture@35d0ffb4[Not completed]
2019-09-25 05:06:07,857 [pool-67-thread-1] INFO  impl.RaftServerImpl (RaftServerImpl.java:<init>(95)) - 692224c4-5202-4921-98cc-04d5c60c79cc: new RaftServerImpl for group-78492EE265CE:[692224c4-5202-4921-98cc-04d5c60c79cc:192.168.30.10:38144] with ContainerStateMachine:uninitialized
2019-09-25 05:06:07,857 [pool-67-thread-1] INFO  server.RaftServerConfigKeys (ConfUtils.java:logGet(43)) - raft.server.rpc.timeout.min = 5s (custom)
2019-09-25 05:06:07,857 [pool-67-thread-1] INFO  server.RaftServerConfigKeys (ConfUtils.java:logGet(43)) - raft.server.rpc.timeout.max = 5200ms (custom)
2019-09-25 05:06:07,858 [pool-67-thread-1] INFO  server.RaftServerConfigKeys (ConfUtils.java:logGet(43)) - raft.server.rpcslowness.timeout = 120s (custom)
2019-09-25 05:06:07,858 [pool-67-thread-1] INFO  server.RaftServerConfigKeys (ConfUtils.java:logGet(43)) - raft.server.sleep.deviation.threshold = 300 (default)
2019-09-25 05:06:07,858 [pool-67-thread-1] INFO  server.RaftServerConfigKeys (ConfUtils.java:logGet(43)) - raft.server.log.appender.install.snapshot.enabled = false (custom)
2019-09-25 05:06:07,858 [pool-67-thread-1] INFO  impl.RaftServerImpl (ServerState.java:<init>(103)) - 692224c4-5202-4921-98cc-04d5c60c79cc@group-78492EE265CE: ConfigurationManager, init=-1: [692224c4-5202-4921-98cc-04d5c60c79cc:192.168.30.10:38144], old=null, confs=<EMPTY_MAP>
2019-09-25 05:06:07,859 [pool-67-thread-1] INFO  server.RaftServerConfigKeys (ConfUtils.java:logGet(43)) - raft.server.storage.dir = [/workdir/hadoop-ozone/integration-test/target/test-dir/MiniOzoneClusterImpl-23306158-e895-4fc7-80df-ce6c264c388b/datanode-4/data/ratis] (custom)
2019-09-25 05:06:07,859 [pool-67-thread-1] INFO  storage.RaftStorageDirectory (RaftStorageDirectory.java:analyzeStorage(246)) - The storage directory /workdir/hadoop-ozone/integration-test/target/test-dir/MiniOzoneClusterImpl-23306158-e895-4fc7-80df-ce6c264c388b/datanode-4/data/ratis/ad65ea57-c683-4e93-8308-78492ee265ce does not exist. Creating ...
2019-09-25 05:06:07,872 [pool-67-thread-1] INFO  storage.RaftStorageDirectory (RaftStorageDirectory.java:tryLock(328)) - Lock on /workdir/hadoop-ozone/integration-test/target/test-dir/MiniOzoneClusterImpl-23306158-e895-4fc7-80df-ce6c264c388b/datanode-4/data/ratis/ad65ea57-c683-4e93-8308-78492ee265ce/in_use.lock acquired by nodename 25526@pr-hdds-1569-s62bp-3040748787
2019-09-25 05:06:07,886 [pool-67-thread-1] INFO  storage.RaftStorage (RaftStorage.java:format(72)) - Storage directory /workdir/hadoop-ozone/integration-test/target/test-dir/MiniOzoneClusterImpl-23306158-e895-4fc7-80df-ce6c264c388b/datanode-4/data/ratis/ad65ea57-c683-4e93-8308-78492ee265ce has been successfully formatted.
2019-09-25 05:06:07,886 [pool-67-thread-1] INFO  ratis.ContainerStateMachine (ContainerStateMachine.java:loadSnapshot(230)) - group-78492EE265CE: The snapshot info is null. Setting the last applied indexto:(t:0, i:~)
2019-09-25 05:06:07,886 [pool-67-thread-1] INFO  server.RaftServerConfigKeys (ConfUtils.java:logGet(43)) - raft.server.notification.no-leader.timeout = 120s (custom)
2019-09-25 05:06:07,887 [pool-67-thread-1] INFO  server.RaftServerConfigKeys (ConfUtils.java:logGet(43)) - raft.server.log.use.memory = false (default)
2019-09-25 05:06:07,887 [pool-67-thread-1] INFO  server.RaftServerConfigKeys (ConfUtils.java:logGet(43)) - raft.server.log.purge.gap = 1000000 (custom)
2019-09-25 05:06:07,887 [pool-67-thread-1] INFO  server.RaftServerConfigKeys (ConfUtils.java:logGet(43)) - raft.server.log.appender.buffer.byte-limit = 33554432 (custom)
2019-09-25 05:06:07,887 [pool-67-thread-1] INFO  server.RaftServerConfigKeys (ConfUtils.java:logGet(43)) - raft.server.log.segment.size.max = 1048576 (custom)
2019-09-25 05:06:07,887 [pool-67-thread-1] INFO  server.RaftServerConfigKeys (ConfUtils.java:logGet(43)) - raft.server.log.segment.cache.num.max = 2 (custom)
2019-09-25 05:06:07,887 [pool-67-thread-1] INFO  segmented.SegmentedRaftLogWorker (SegmentedRaftLogWorker.java:<init>(172)) - new 692224c4-5202-4921-98cc-04d5c60c79cc@group-78492EE265CE-SegmentedRaftLogWorker for RaftStorage:Storage Directory /workdir/hadoop-ozone/integration-test/target/test-dir/MiniOzoneClusterImpl-23306158-e895-4fc7-80df-ce6c264c388b/datanode-4/data/ratis/ad65ea57-c683-4e93-8308-78492ee265ce
2019-09-25 05:06:07,888 [pool-67-thread-1] INFO  server.RaftServerConfigKeys (ConfUtils.java:logGet(43)) - raft.server.log.queue.byte-limit = 2147483647 (custom)
2019-09-25 05:06:07,888 [pool-67-thread-1] INFO  server.RaftServerConfigKeys (ConfUtils.java:logGet(43)) - raft.server.log.queue.element-limit = 1024 (custom)
2019-09-25 05:06:07,888 [pool-67-thread-1] INFO  server.RaftServerConfigKeys (ConfUtils.java:logGet(43)) - raft.server.log.segment.size.max = 1048576 (custom)
2019-09-25 05:06:07,888 [pool-67-thread-1] INFO  server.RaftServerConfigKeys (ConfUtils.java:logGet(43)) - raft.server.log.preallocated.size = 16384 (custom)
2019-09-25 05:06:07,888 [pool-67-thread-1] INFO  server.RaftServerConfigKeys (ConfUtils.java:logGet(43)) - raft.server.log.write.buffer.size = 33554432 (custom)
2019-09-25 05:06:07,888 [pool-67-thread-1] INFO  server.RaftServerConfigKeys (ConfUtils.java:logGet(43)) - raft.server.log.force.sync.num = 128 (default)
2019-09-25 05:06:07,888 [pool-67-thread-1] INFO  server.RaftServerConfigKeys (ConfUtils.java:logGet(43)) - raft.server.log.statemachine.data.sync = true (default)
2019-09-25 05:06:07,889 [pool-67-thread-1] INFO  server.RaftServerConfigKeys (ConfUtils.java:logGet(43)) - raft.server.log.statemachine.data.sync.timeout = 10s (default)
2019-09-25 05:06:07,889 [pool-67-thread-1] INFO  server.RaftServerConfigKeys (ConfUtils.java:logGet(43)) - raft.server.log.statemachine.data.sync.timeout.retry = -1 (default)
2019-09-25 05:06:07,889 [pool-67-thread-1] INFO  server.RaftServerConfigKeys (ConfUtils.java:logGet(43)) - raft.server.log.statemachine.data.caching.enabled = true (custom)
2019-09-25 05:06:07,889 [pool-67-thread-1] INFO  segmented.SegmentedRaftLogWorker (SegmentedRaftLogWorker.java:lambda$new$0(132)) - 692224c4-5202-4921-98cc-04d5c60c79cc@group-78492EE265CE-SegmentedRaftLogWorker: flushIndex: setUnconditionally 0 -> -1
2019-09-25 05:06:07,890 [pool-67-thread-1] INFO  server.RaftServerConfigKeys (ConfUtils.java:logGet(43)) - raft.server.snapshot.auto.trigger.enabled = true (custom)
2019-09-25 05:06:07,890 [pool-67-thread-1] INFO  server.RaftServerConfigKeys (ConfUtils.java:logGet(43)) - raft.server.snapshot.auto.trigger.threshold = 10000 (custom)
2019-09-25 05:06:07,890 [pool-67-thread-1] INFO  server.RaftServerConfigKeys (ConfUtils.java:logGet(43)) - raft.server.snapshot.retention.num.files = 5 (custom)
2019-09-25 05:06:07,890 [pool-67-thread-1] INFO  server.RaftServerConfigKeys (ConfUtils.java:logGet(43)) - raft.server.retrycache.expirytime = 600000ms (custom)
2019-09-25 05:06:07,893 [pool-67-thread-1] INFO  impl.RaftServerImpl (RaftServerImpl.java:start(185)) - 692224c4-5202-4921-98cc-04d5c60c79cc@group-78492EE265CE: start as a follower, conf=-1: [692224c4-5202-4921-98cc-04d5c60c79cc:192.168.30.10:38144], old=null
2019-09-25 05:06:07,893 [pool-67-thread-1] INFO  impl.RaftServerImpl (RaftServerImpl.java:setRole(174)) - 692224c4-5202-4921-98cc-04d5c60c79cc@group-78492EE265CE: changes role from      null to FOLLOWER at term 0 for startAsFollower
2019-09-25 05:06:07,893 [pool-67-thread-1] INFO  impl.RoleInfo (RoleInfo.java:updateAndGet(143)) - 692224c4-5202-4921-98cc-04d5c60c79cc: start FollowerState
2019-09-25 05:06:07,894 [pool-67-thread-1] INFO  util.JmxRegister (JmxRegister.java:tryRegister(44)) - Successfully registered JMX Bean with object name Ratis:service=RaftServer,group=group-78492EE265CE,id=692224c4-5202-4921-98cc-04d5c60c79cc
2019-09-25 05:06:07,906 [RatisPipelineUtilsThread] INFO  pipeline.PipelineStateManager (PipelineStateManager.java:addPipeline(56)) - Created pipeline Pipeline[ Id: ad65ea57-c683-4e93-8308-78492ee265ce, Nodes: 692224c4-5202-4921-98cc-04d5c60c79cc{ip: 192.168.30.10, host: pr-hdds-1569-s62bp-3040748787, networkLocation: /default-rack, certSerialId: null}, Type:RATIS, Factor:ONE, State:OPEN]
2019-09-25 05:06:07,919 [grpc-default-executor-0] INFO  impl.RaftServerProxy (RaftServerProxy.java:addNew(89)) - de37f7a0-0375-40a9-a318-404478482fcb: addNew group-DE51A3B640F8:[de37f7a0-0375-40a9-a318-404478482fcb:192.168.30.10:44522] returns group-DE51A3B640F8:java.util.concurrent.CompletableFuture@405408dc[Not completed]
2019-09-25 05:06:07,921 [pool-57-thread-1] INFO  impl.RaftServerImpl (RaftServerImpl.java:<init>(95)) - de37f7a0-0375-40a9-a318-404478482fcb: new RaftServerImpl for group-DE51A3B640F8:[de37f7a0-0375-40a9-a318-404478482fcb:192.168.30.10:44522] with ContainerStateMachine:uninitialized
2019-09-25 05:06:07,922 [pool-57-thread-1] INFO  server.RaftServerConfigKeys (ConfUtils.java:logGet(43)) - raft.server.rpc.timeout.min = 5s (custom)
2019-09-25 05:06:07,922 [pool-57-thread-1] INFO  server.RaftServerConfigKeys (ConfUtils.java:logGet(43)) - raft.server.rpc.timeout.max = 5200ms (custom)
2019-09-25 05:06:07,922 [pool-57-thread-1] INFO  server.RaftServerConfigKeys (ConfUtils.java:logGet(43)) - raft.server.rpcslowness.timeout = 120s (custom)
2019-09-25 05:06:07,922 [pool-57-thread-1] INFO  server.RaftServerConfigKeys (ConfUtils.java:logGet(43)) - raft.server.sleep.deviation.threshold = 300 (default)
2019-09-25 05:06:07,922 [pool-57-thread-1] INFO  server.RaftServerConfigKeys (ConfUtils.java:logGet(43)) - raft.server.log.appender.install.snapshot.enabled = false (custom)
2019-09-25 05:06:07,922 [pool-57-thread-1] INFO  impl.RaftServerImpl (ServerState.java:<init>(103)) - de37f7a0-0375-40a9-a318-404478482fcb@group-DE51A3B640F8: ConfigurationManager, init=-1: [de37f7a0-0375-40a9-a318-404478482fcb:192.168.30.10:44522], old=null, confs=<EMPTY_MAP>
2019-09-25 05:06:07,923 [pool-57-thread-1] INFO  server.RaftServerConfigKeys (ConfUtils.java:logGet(43)) - raft.server.storage.dir = [/workdir/hadoop-ozone/integration-test/target/test-dir/MiniOzoneClusterImpl-23306158-e895-4fc7-80df-ce6c264c388b/datanode-3/data/ratis] (custom)
2019-09-25 05:06:07,923 [pool-57-thread-1] INFO  storage.RaftStorageDirectory (RaftStorageDirectory.java:analyzeStorage(246)) - The storage directory /workdir/hadoop-ozone/integration-test/target/test-dir/MiniOzoneClusterImpl-23306158-e895-4fc7-80df-ce6c264c388b/datanode-3/data/ratis/8e5d857f-97a2-4fd5-b154-de51a3b640f8 does not exist. Creating ...
2019-09-25 05:06:07,937 [pool-57-thread-1] INFO  storage.RaftStorageDirectory (RaftStorageDirectory.java:tryLock(328)) - Lock on /workdir/hadoop-ozone/integration-test/target/test-dir/MiniOzoneClusterImpl-23306158-e895-4fc7-80df-ce6c264c388b/datanode-3/data/ratis/8e5d857f-97a2-4fd5-b154-de51a3b640f8/in_use.lock acquired by nodename 25526@pr-hdds-1569-s62bp-3040748787
2019-09-25 05:06:07,950 [pool-57-thread-1] INFO  storage.RaftStorage (RaftStorage.java:format(72)) - Storage directory /workdir/hadoop-ozone/integration-test/target/test-dir/MiniOzoneClusterImpl-23306158-e895-4fc7-80df-ce6c264c388b/datanode-3/data/ratis/8e5d857f-97a2-4fd5-b154-de51a3b640f8 has been successfully formatted.
2019-09-25 05:06:07,953 [pool-57-thread-1] INFO  ratis.ContainerStateMachine (ContainerStateMachine.java:loadSnapshot(230)) - group-DE51A3B640F8: The snapshot info is null. Setting the last applied indexto:(t:0, i:~)
2019-09-25 05:06:07,958 [pool-57-thread-1] INFO  server.RaftServerConfigKeys (ConfUtils.java:logGet(43)) - raft.server.notification.no-leader.timeout = 120s (custom)
2019-09-25 05:06:07,958 [pool-57-thread-1] INFO  server.RaftServerConfigKeys (ConfUtils.java:logGet(43)) - raft.server.log.use.memory = false (default)
2019-09-25 05:06:07,958 [pool-57-thread-1] INFO  server.RaftServerConfigKeys (ConfUtils.java:logGet(43)) - raft.server.log.purge.gap = 1000000 (custom)
2019-09-25 05:06:07,959 [pool-57-thread-1] INFO  server.RaftServerConfigKeys (ConfUtils.java:logGet(43)) - raft.server.log.appender.buffer.byte-limit = 33554432 (custom)
2019-09-25 05:06:07,959 [pool-57-thread-1] INFO  server.RaftServerConfigKeys (ConfUtils.java:logGet(43)) - raft.server.log.segment.size.max = 1048576 (custom)
2019-09-25 05:06:07,959 [pool-57-thread-1] INFO  server.RaftServerConfigKeys (ConfUtils.java:logGet(43)) - raft.server.log.segment.cache.num.max = 2 (custom)
2019-09-25 05:06:07,959 [pool-57-thread-1] INFO  segmented.SegmentedRaftLogWorker (SegmentedRaftLogWorker.java:<init>(172)) - new de37f7a0-0375-40a9-a318-404478482fcb@group-DE51A3B640F8-SegmentedRaftLogWorker for RaftStorage:Storage Directory /workdir/hadoop-ozone/integration-test/target/test-dir/MiniOzoneClusterImpl-23306158-e895-4fc7-80df-ce6c264c388b/datanode-3/data/ratis/8e5d857f-97a2-4fd5-b154-de51a3b640f8
2019-09-25 05:06:07,960 [pool-57-thread-1] INFO  server.RaftServerConfigKeys (ConfUtils.java:logGet(43)) - raft.server.log.queue.byte-limit = 2147483647 (custom)
2019-09-25 05:06:07,960 [pool-57-thread-1] INFO  server.RaftServerConfigKeys (ConfUtils.java:logGet(43)) - raft.server.log.queue.element-limit = 1024 (custom)
2019-09-25 05:06:07,960 [pool-57-thread-1] INFO  server.RaftServerConfigKeys (ConfUtils.java:logGet(43)) - raft.server.log.segment.size.max = 1048576 (custom)
2019-09-25 05:06:07,960 [pool-57-thread-1] INFO  server.RaftServerConfigKeys (ConfUtils.java:logGet(43)) - raft.server.log.preallocated.size = 16384 (custom)
2019-09-25 05:06:07,960 [pool-57-thread-1] INFO  server.RaftServerConfigKeys (ConfUtils.java:logGet(43)) - raft.server.log.write.buffer.size = 33554432 (custom)
2019-09-25 05:06:07,961 [pool-57-thread-1] INFO  server.RaftServerConfigKeys (ConfUtils.java:logGet(43)) - raft.server.log.force.sync.num = 128 (default)
2019-09-25 05:06:07,961 [pool-57-thread-1] INFO  server.RaftServerConfigKeys (ConfUtils.java:logGet(43)) - raft.server.log.statemachine.data.sync = true (default)
2019-09-25 05:06:07,961 [pool-57-thread-1] INFO  server.RaftServerConfigKeys (ConfUtils.java:logGet(43)) - raft.server.log.statemachine.data.sync.timeout = 10s (default)
2019-09-25 05:06:07,961 [pool-57-thread-1] INFO  server.RaftServerConfigKeys (ConfUtils.java:logGet(43)) - raft.server.log.statemachine.data.sync.timeout.retry = -1 (default)
2019-09-25 05:06:07,962 [pool-57-thread-1] INFO  server.RaftServerConfigKeys (ConfUtils.java:logGet(43)) - raft.server.log.statemachine.data.caching.enabled = true (custom)
2019-09-25 05:06:07,962 [pool-57-thread-1] INFO  segmented.SegmentedRaftLogWorker (SegmentedRaftLogWorker.java:lambda$new$0(132)) - de37f7a0-0375-40a9-a318-404478482fcb@group-DE51A3B640F8-SegmentedRaftLogWorker: flushIndex: setUnconditionally 0 -> -1
2019-09-25 05:06:07,963 [pool-57-thread-1] INFO  server.RaftServerConfigKeys (ConfUtils.java:logGet(43)) - raft.server.snapshot.auto.trigger.enabled = true (custom)
2019-09-25 05:06:07,963 [pool-57-thread-1] INFO  server.RaftServerConfigKeys (ConfUtils.java:logGet(43)) - raft.server.snapshot.auto.trigger.threshold = 10000 (custom)
2019-09-25 05:06:07,963 [pool-57-thread-1] INFO  server.RaftServerConfigKeys (ConfUtils.java:logGet(43)) - raft.server.snapshot.retention.num.files = 5 (custom)
2019-09-25 05:06:07,963 [pool-57-thread-1] INFO  server.RaftServerConfigKeys (ConfUtils.java:logGet(43)) - raft.server.retrycache.expirytime = 600000ms (custom)
2019-09-25 05:06:07,967 [pool-57-thread-1] INFO  impl.RaftServerImpl (RaftServerImpl.java:start(185)) - de37f7a0-0375-40a9-a318-404478482fcb@group-DE51A3B640F8: start as a follower, conf=-1: [de37f7a0-0375-40a9-a318-404478482fcb:192.168.30.10:44522], old=null
2019-09-25 05:06:07,967 [pool-57-thread-1] INFO  impl.RaftServerImpl (RaftServerImpl.java:setRole(174)) - de37f7a0-0375-40a9-a318-404478482fcb@group-DE51A3B640F8: changes role from      null to FOLLOWER at term 0 for startAsFollower
2019-09-25 05:06:07,967 [pool-57-thread-1] INFO  impl.RoleInfo (RoleInfo.java:updateAndGet(143)) - de37f7a0-0375-40a9-a318-404478482fcb: start FollowerState
2019-09-25 05:06:07,968 [pool-57-thread-1] INFO  util.JmxRegister (JmxRegister.java:tryRegister(44)) - Successfully registered JMX Bean with object name Ratis:service=RaftServer,group=group-DE51A3B640F8,id=de37f7a0-0375-40a9-a318-404478482fcb
2019-09-25 05:06:07,982 [RatisPipelineUtilsThread] INFO  pipeline.PipelineStateManager (PipelineStateManager.java:addPipeline(56)) - Created pipeline Pipeline[ Id: 8e5d857f-97a2-4fd5-b154-de51a3b640f8, Nodes: de37f7a0-0375-40a9-a318-404478482fcb{ip: 192.168.30.10, host: pr-hdds-1569-s62bp-3040748787, networkLocation: /default-rack, certSerialId: null}, Type:RATIS, Factor:ONE, State:OPEN]
2019-09-25 05:06:08,000 [grpc-default-executor-0] INFO  impl.RaftServerProxy (RaftServerProxy.java:addNew(89)) - c8798e02-7f0c-41f7-82c2-a17323bcf21e: addNew group-0605C01870DE:[c8798e02-7f0c-41f7-82c2-a17323bcf21e:192.168.30.10:40603] returns group-0605C01870DE:java.util.concurrent.CompletableFuture@320d7212[Not completed]
2019-09-25 05:06:08,006 [pool-47-thread-1] INFO  impl.RaftServerImpl (RaftServerImpl.java:<init>(95)) - c8798e02-7f0c-41f7-82c2-a17323bcf21e: new RaftServerImpl for group-0605C01870DE:[c8798e02-7f0c-41f7-82c2-a17323bcf21e:192.168.30.10:40603] with ContainerStateMachine:uninitialized
2019-09-25 05:06:08,006 [pool-47-thread-1] INFO  server.RaftServerConfigKeys (ConfUtils.java:logGet(43)) - raft.server.rpc.timeout.min = 5s (custom)
2019-09-25 05:06:08,006 [pool-47-thread-1] INFO  server.RaftServerConfigKeys (ConfUtils.java:logGet(43)) - raft.server.rpc.timeout.max = 5200ms (custom)
2019-09-25 05:06:08,007 [pool-47-thread-1] INFO  server.RaftServerConfigKeys (ConfUtils.java:logGet(43)) - raft.server.rpcslowness.timeout = 120s (custom)
2019-09-25 05:06:08,007 [pool-47-thread-1] INFO  server.RaftServerConfigKeys (ConfUtils.java:logGet(43)) - raft.server.sleep.deviation.threshold = 300 (default)
2019-09-25 05:06:08,007 [pool-47-thread-1] INFO  server.RaftServerConfigKeys (ConfUtils.java:logGet(43)) - raft.server.log.appender.install.snapshot.enabled = false (custom)
2019-09-25 05:06:08,007 [pool-47-thread-1] INFO  impl.RaftServerImpl (ServerState.java:<init>(103)) - c8798e02-7f0c-41f7-82c2-a17323bcf21e@group-0605C01870DE: ConfigurationManager, init=-1: [c8798e02-7f0c-41f7-82c2-a17323bcf21e:192.168.30.10:40603], old=null, confs=<EMPTY_MAP>
2019-09-25 05:06:08,007 [pool-47-thread-1] INFO  server.RaftServerConfigKeys (ConfUtils.java:logGet(43)) - raft.server.storage.dir = [/workdir/hadoop-ozone/integration-test/target/test-dir/MiniOzoneClusterImpl-23306158-e895-4fc7-80df-ce6c264c388b/datanode-2/data/ratis] (custom)
2019-09-25 05:06:08,008 [pool-47-thread-1] INFO  storage.RaftStorageDirectory (RaftStorageDirectory.java:analyzeStorage(246)) - The storage directory /workdir/hadoop-ozone/integration-test/target/test-dir/MiniOzoneClusterImpl-23306158-e895-4fc7-80df-ce6c264c388b/datanode-2/data/ratis/c30a0226-8225-414b-a77f-0605c01870de does not exist. Creating ...
2019-09-25 05:06:08,025 [pool-47-thread-1] INFO  storage.RaftStorageDirectory (RaftStorageDirectory.java:tryLock(328)) - Lock on /workdir/hadoop-ozone/integration-test/target/test-dir/MiniOzoneClusterImpl-23306158-e895-4fc7-80df-ce6c264c388b/datanode-2/data/ratis/c30a0226-8225-414b-a77f-0605c01870de/in_use.lock acquired by nodename 25526@pr-hdds-1569-s62bp-3040748787
2019-09-25 05:06:08,039 [pool-47-thread-1] INFO  storage.RaftStorage (RaftStorage.java:format(72)) - Storage directory /workdir/hadoop-ozone/integration-test/target/test-dir/MiniOzoneClusterImpl-23306158-e895-4fc7-80df-ce6c264c388b/datanode-2/data/ratis/c30a0226-8225-414b-a77f-0605c01870de has been successfully formatted.
2019-09-25 05:06:08,039 [pool-47-thread-1] INFO  ratis.ContainerStateMachine (ContainerStateMachine.java:loadSnapshot(230)) - group-0605C01870DE: The snapshot info is null. Setting the last applied indexto:(t:0, i:~)
2019-09-25 05:06:08,040 [pool-47-thread-1] INFO  server.RaftServerConfigKeys (ConfUtils.java:logGet(43)) - raft.server.notification.no-leader.timeout = 120s (custom)
2019-09-25 05:06:08,040 [pool-47-thread-1] INFO  server.RaftServerConfigKeys (ConfUtils.java:logGet(43)) - raft.server.log.use.memory = false (default)
2019-09-25 05:06:08,040 [pool-47-thread-1] INFO  server.RaftServerConfigKeys (ConfUtils.java:logGet(43)) - raft.server.log.purge.gap = 1000000 (custom)
2019-09-25 05:06:08,040 [pool-47-thread-1] INFO  server.RaftServerConfigKeys (ConfUtils.java:logGet(43)) - raft.server.log.appender.buffer.byte-limit = 33554432 (custom)
2019-09-25 05:06:08,041 [pool-47-thread-1] INFO  server.RaftServerConfigKeys (ConfUtils.java:logGet(43)) - raft.server.log.segment.size.max = 1048576 (custom)
2019-09-25 05:06:08,041 [pool-47-thread-1] INFO  server.RaftServerConfigKeys (ConfUtils.java:logGet(43)) - raft.server.log.segment.cache.num.max = 2 (custom)
2019-09-25 05:06:08,041 [pool-47-thread-1] INFO  segmented.SegmentedRaftLogWorker (SegmentedRaftLogWorker.java:<init>(172)) - new c8798e02-7f0c-41f7-82c2-a17323bcf21e@group-0605C01870DE-SegmentedRaftLogWorker for RaftStorage:Storage Directory /workdir/hadoop-ozone/integration-test/target/test-dir/MiniOzoneClusterImpl-23306158-e895-4fc7-80df-ce6c264c388b/datanode-2/data/ratis/c30a0226-8225-414b-a77f-0605c01870de
2019-09-25 05:06:08,045 [pool-47-thread-1] INFO  server.RaftServerConfigKeys (ConfUtils.java:logGet(43)) - raft.server.log.queue.byte-limit = 2147483647 (custom)
2019-09-25 05:06:08,045 [pool-47-thread-1] INFO  server.RaftServerConfigKeys (ConfUtils.java:logGet(43)) - raft.server.log.queue.element-limit = 1024 (custom)
2019-09-25 05:06:08,045 [pool-47-thread-1] INFO  server.RaftServerConfigKeys (ConfUtils.java:logGet(43)) - raft.server.log.segment.size.max = 1048576 (custom)
2019-09-25 05:06:08,046 [pool-47-thread-1] INFO  server.RaftServerConfigKeys (ConfUtils.java:logGet(43)) - raft.server.log.preallocated.size = 16384 (custom)
2019-09-25 05:06:08,046 [pool-47-thread-1] INFO  server.RaftServerConfigKeys (ConfUtils.java:logGet(43)) - raft.server.log.write.buffer.size = 33554432 (custom)
2019-09-25 05:06:08,046 [pool-47-thread-1] INFO  server.RaftServerConfigKeys (ConfUtils.java:logGet(43)) - raft.server.log.force.sync.num = 128 (default)
2019-09-25 05:06:08,046 [pool-47-thread-1] INFO  server.RaftServerConfigKeys (ConfUtils.java:logGet(43)) - raft.server.log.statemachine.data.sync = true (default)
2019-09-25 05:06:08,047 [pool-47-thread-1] INFO  server.RaftServerConfigKeys (ConfUtils.java:logGet(43)) - raft.server.log.statemachine.data.sync.timeout = 10s (default)
2019-09-25 05:06:08,047 [pool-47-thread-1] INFO  server.RaftServerConfigKeys (ConfUtils.java:logGet(43)) - raft.server.log.statemachine.data.sync.timeout.retry = -1 (default)
2019-09-25 05:06:08,047 [pool-47-thread-1] INFO  server.RaftServerConfigKeys (ConfUtils.java:logGet(43)) - raft.server.log.statemachine.data.caching.enabled = true (custom)
2019-09-25 05:06:08,048 [pool-47-thread-1] INFO  segmented.SegmentedRaftLogWorker (SegmentedRaftLogWorker.java:lambda$new$0(132)) - c8798e02-7f0c-41f7-82c2-a17323bcf21e@group-0605C01870DE-SegmentedRaftLogWorker: flushIndex: setUnconditionally 0 -> -1
2019-09-25 05:06:08,048 [pool-47-thread-1] INFO  server.RaftServerConfigKeys (ConfUtils.java:logGet(43)) - raft.server.snapshot.auto.trigger.enabled = true (custom)
2019-09-25 05:06:08,048 [pool-47-thread-1] INFO  server.RaftServerConfigKeys (ConfUtils.java:logGet(43)) - raft.server.snapshot.auto.trigger.threshold = 10000 (custom)
2019-09-25 05:06:08,048 [pool-47-thread-1] INFO  server.RaftServerConfigKeys (ConfUtils.java:logGet(43)) - raft.server.snapshot.retention.num.files = 5 (custom)
2019-09-25 05:06:08,049 [pool-47-thread-1] INFO  server.RaftServerConfigKeys (ConfUtils.java:logGet(43)) - raft.server.retrycache.expirytime = 600000ms (custom)
2019-09-25 05:06:08,052 [pool-47-thread-1] INFO  impl.RaftServerImpl (RaftServerImpl.java:start(185)) - c8798e02-7f0c-41f7-82c2-a17323bcf21e@group-0605C01870DE: start as a follower, conf=-1: [c8798e02-7f0c-41f7-82c2-a17323bcf21e:192.168.30.10:40603], old=null
2019-09-25 05:06:08,053 [pool-47-thread-1] INFO  impl.RaftServerImpl (RaftServerImpl.java:setRole(174)) - c8798e02-7f0c-41f7-82c2-a17323bcf21e@group-0605C01870DE: changes role from      null to FOLLOWER at term 0 for startAsFollower
2019-09-25 05:06:08,053 [pool-47-thread-1] INFO  impl.RoleInfo (RoleInfo.java:updateAndGet(143)) - c8798e02-7f0c-41f7-82c2-a17323bcf21e: start FollowerState
2019-09-25 05:06:08,053 [pool-47-thread-1] INFO  util.JmxRegister (JmxRegister.java:tryRegister(44)) - Successfully registered JMX Bean with object name Ratis:service=RaftServer,group=group-0605C01870DE,id=c8798e02-7f0c-41f7-82c2-a17323bcf21e
2019-09-25 05:06:08,059 [RatisPipelineUtilsThread] INFO  pipeline.PipelineStateManager (PipelineStateManager.java:addPipeline(56)) - Created pipeline Pipeline[ Id: c30a0226-8225-414b-a77f-0605c01870de, Nodes: c8798e02-7f0c-41f7-82c2-a17323bcf21e{ip: 192.168.30.10, host: pr-hdds-1569-s62bp-3040748787, networkLocation: /default-rack, certSerialId: null}, Type:RATIS, Factor:ONE, State:OPEN]
2019-09-25 05:06:08,073 [grpc-default-executor-0] INFO  impl.RaftServerProxy (RaftServerProxy.java:addNew(89)) - c8798e02-7f0c-41f7-82c2-a17323bcf21e: addNew group-D74017033738:[c8798e02-7f0c-41f7-82c2-a17323bcf21e:192.168.30.10:40603] returns group-D74017033738:java.util.concurrent.CompletableFuture@42a911f7[Not completed]
2019-09-25 05:06:08,075 [pool-47-thread-1] INFO  impl.RaftServerImpl (RaftServerImpl.java:<init>(95)) - c8798e02-7f0c-41f7-82c2-a17323bcf21e: new RaftServerImpl for group-D74017033738:[c8798e02-7f0c-41f7-82c2-a17323bcf21e:192.168.30.10:40603] with ContainerStateMachine:uninitialized
2019-09-25 05:06:08,076 [pool-47-thread-1] INFO  server.RaftServerConfigKeys (ConfUtils.java:logGet(43)) - raft.server.rpc.timeout.min = 5s (custom)
2019-09-25 05:06:08,076 [pool-47-thread-1] INFO  server.RaftServerConfigKeys (ConfUtils.java:logGet(43)) - raft.server.rpc.timeout.max = 5200ms (custom)
2019-09-25 05:06:08,087 [pool-47-thread-1] INFO  server.RaftServerConfigKeys (ConfUtils.java:logGet(43)) - raft.server.rpcslowness.timeout = 120s (custom)
2019-09-25 05:06:08,087 [pool-47-thread-1] INFO  server.RaftServerConfigKeys (ConfUtils.java:logGet(43)) - raft.server.sleep.deviation.threshold = 300 (default)
2019-09-25 05:06:08,087 [pool-47-thread-1] INFO  server.RaftServerConfigKeys (ConfUtils.java:logGet(43)) - raft.server.log.appender.install.snapshot.enabled = false (custom)
2019-09-25 05:06:08,088 [pool-47-thread-1] INFO  impl.RaftServerImpl (ServerState.java:<init>(103)) - c8798e02-7f0c-41f7-82c2-a17323bcf21e@group-D74017033738: ConfigurationManager, init=-1: [c8798e02-7f0c-41f7-82c2-a17323bcf21e:192.168.30.10:40603], old=null, confs=<EMPTY_MAP>
2019-09-25 05:06:08,089 [pool-47-thread-1] INFO  server.RaftServerConfigKeys (ConfUtils.java:logGet(43)) - raft.server.storage.dir = [/workdir/hadoop-ozone/integration-test/target/test-dir/MiniOzoneClusterImpl-23306158-e895-4fc7-80df-ce6c264c388b/datanode-2/data/ratis] (custom)
2019-09-25 05:06:08,090 [pool-47-thread-1] INFO  storage.RaftStorageDirectory (RaftStorageDirectory.java:analyzeStorage(246)) - The storage directory /workdir/hadoop-ozone/integration-test/target/test-dir/MiniOzoneClusterImpl-23306158-e895-4fc7-80df-ce6c264c388b/datanode-2/data/ratis/916a26f1-ccd8-40e5-b643-d74017033738 does not exist. Creating ...
2019-09-25 05:06:08,094 [main] INFO  rpc.RpcClient (RpcClient.java:createVolume(276)) - Creating Volume: watchforcommithandlingtest, with jenkins1000 as owner.
2019-09-25 05:06:08,103 [pool-47-thread-1] INFO  storage.RaftStorageDirectory (RaftStorageDirectory.java:tryLock(328)) - Lock on /workdir/hadoop-ozone/integration-test/target/test-dir/MiniOzoneClusterImpl-23306158-e895-4fc7-80df-ce6c264c388b/datanode-2/data/ratis/916a26f1-ccd8-40e5-b643-d74017033738/in_use.lock acquired by nodename 25526@pr-hdds-1569-s62bp-3040748787
2019-09-25 05:06:08,123 [pool-47-thread-1] INFO  storage.RaftStorage (RaftStorage.java:format(72)) - Storage directory /workdir/hadoop-ozone/integration-test/target/test-dir/MiniOzoneClusterImpl-23306158-e895-4fc7-80df-ce6c264c388b/datanode-2/data/ratis/916a26f1-ccd8-40e5-b643-d74017033738 has been successfully formatted.
2019-09-25 05:06:08,123 [pool-47-thread-1] INFO  ratis.ContainerStateMachine (ContainerStateMachine.java:loadSnapshot(230)) - group-D74017033738: The snapshot info is null. Setting the last applied indexto:(t:0, i:~)
2019-09-25 05:06:08,124 [pool-47-thread-1] INFO  server.RaftServerConfigKeys (ConfUtils.java:logGet(43)) - raft.server.notification.no-leader.timeout = 120s (custom)
2019-09-25 05:06:08,124 [pool-47-thread-1] INFO  server.RaftServerConfigKeys (ConfUtils.java:logGet(43)) - raft.server.log.use.memory = false (default)
2019-09-25 05:06:08,124 [pool-47-thread-1] INFO  server.RaftServerConfigKeys (ConfUtils.java:logGet(43)) - raft.server.log.purge.gap = 1000000 (custom)
2019-09-25 05:06:08,124 [pool-47-thread-1] INFO  server.RaftServerConfigKeys (ConfUtils.java:logGet(43)) - raft.server.log.appender.buffer.byte-limit = 33554432 (custom)
2019-09-25 05:06:08,124 [pool-47-thread-1] INFO  server.RaftServerConfigKeys (ConfUtils.java:logGet(43)) - raft.server.log.segment.size.max = 1048576 (custom)
2019-09-25 05:06:08,124 [pool-47-thread-1] INFO  server.RaftServerConfigKeys (ConfUtils.java:logGet(43)) - raft.server.log.segment.cache.num.max = 2 (custom)
2019-09-25 05:06:08,125 [pool-47-thread-1] INFO  segmented.SegmentedRaftLogWorker (SegmentedRaftLogWorker.java:<init>(172)) - new c8798e02-7f0c-41f7-82c2-a17323bcf21e@group-D74017033738-SegmentedRaftLogWorker for RaftStorage:Storage Directory /workdir/hadoop-ozone/integration-test/target/test-dir/MiniOzoneClusterImpl-23306158-e895-4fc7-80df-ce6c264c388b/datanode-2/data/ratis/916a26f1-ccd8-40e5-b643-d74017033738
2019-09-25 05:06:08,125 [pool-47-thread-1] INFO  server.RaftServerConfigKeys (ConfUtils.java:logGet(43)) - raft.server.log.queue.byte-limit = 2147483647 (custom)
2019-09-25 05:06:08,125 [pool-47-thread-1] INFO  server.RaftServerConfigKeys (ConfUtils.java:logGet(43)) - raft.server.log.queue.element-limit = 1024 (custom)
2019-09-25 05:06:08,125 [pool-47-thread-1] INFO  server.RaftServerConfigKeys (ConfUtils.java:logGet(43)) - raft.server.log.segment.size.max = 1048576 (custom)
2019-09-25 05:06:08,125 [pool-47-thread-1] INFO  server.RaftServerConfigKeys (ConfUtils.java:logGet(43)) - raft.server.log.preallocated.size = 16384 (custom)
2019-09-25 05:06:08,125 [pool-47-thread-1] INFO  server.RaftServerConfigKeys (ConfUtils.java:logGet(43)) - raft.server.log.write.buffer.size = 33554432 (custom)
2019-09-25 05:06:08,126 [pool-47-thread-1] INFO  server.RaftServerConfigKeys (ConfUtils.java:logGet(43)) - raft.server.log.force.sync.num = 128 (default)
2019-09-25 05:06:08,126 [pool-47-thread-1] INFO  server.RaftServerConfigKeys (ConfUtils.java:logGet(43)) - raft.server.log.statemachine.data.sync = true (default)
2019-09-25 05:06:08,126 [pool-47-thread-1] INFO  server.RaftServerConfigKeys (ConfUtils.java:logGet(43)) - raft.server.log.statemachine.data.sync.timeout = 10s (default)
2019-09-25 05:06:08,126 [pool-47-thread-1] INFO  server.RaftServerConfigKeys (ConfUtils.java:logGet(43)) - raft.server.log.statemachine.data.sync.timeout.retry = -1 (default)
2019-09-25 05:06:08,126 [pool-47-thread-1] INFO  server.RaftServerConfigKeys (ConfUtils.java:logGet(43)) - raft.server.log.statemachine.data.caching.enabled = true (custom)
2019-09-25 05:06:08,127 [pool-47-thread-1] INFO  segmented.SegmentedRaftLogWorker (SegmentedRaftLogWorker.java:lambda$new$0(132)) - c8798e02-7f0c-41f7-82c2-a17323bcf21e@group-D74017033738-SegmentedRaftLogWorker: flushIndex: setUnconditionally 0 -> -1
2019-09-25 05:06:08,127 [pool-47-thread-1] INFO  server.RaftServerConfigKeys (ConfUtils.java:logGet(43)) - raft.server.snapshot.auto.trigger.enabled = true (custom)
2019-09-25 05:06:08,127 [pool-47-thread-1] INFO  server.RaftServerConfigKeys (ConfUtils.java:logGet(43)) - raft.server.snapshot.auto.trigger.threshold = 10000 (custom)
2019-09-25 05:06:08,127 [pool-47-thread-1] INFO  server.RaftServerConfigKeys (ConfUtils.java:logGet(43)) - raft.server.snapshot.retention.num.files = 5 (custom)
2019-09-25 05:06:08,128 [pool-47-thread-1] INFO  server.RaftServerConfigKeys (ConfUtils.java:logGet(43)) - raft.server.retrycache.expirytime = 600000ms (custom)
2019-09-25 05:06:08,131 [pool-47-thread-1] INFO  impl.RaftServerImpl (RaftServerImpl.java:start(185)) - c8798e02-7f0c-41f7-82c2-a17323bcf21e@group-D74017033738: start as a follower, conf=-1: [c8798e02-7f0c-41f7-82c2-a17323bcf21e:192.168.30.10:40603], old=null
2019-09-25 05:06:08,131 [pool-47-thread-1] INFO  impl.RaftServerImpl (RaftServerImpl.java:setRole(174)) - c8798e02-7f0c-41f7-82c2-a17323bcf21e@group-D74017033738: changes role from      null to FOLLOWER at term 0 for startAsFollower
2019-09-25 05:06:08,131 [pool-47-thread-1] INFO  impl.RoleInfo (RoleInfo.java:updateAndGet(143)) - c8798e02-7f0c-41f7-82c2-a17323bcf21e: start FollowerState
2019-09-25 05:06:08,132 [pool-47-thread-1] INFO  util.JmxRegister (JmxRegister.java:tryRegister(44)) - Successfully registered JMX Bean with object name Ratis:service=RaftServer,group=group-D74017033738,id=c8798e02-7f0c-41f7-82c2-a17323bcf21e
2019-09-25 05:06:08,138 [RatisPipelineUtilsThread] INFO  pipeline.PipelineStateManager (PipelineStateManager.java:addPipeline(56)) - Created pipeline Pipeline[ Id: 916a26f1-ccd8-40e5-b643-d74017033738, Nodes: c8798e02-7f0c-41f7-82c2-a17323bcf21e{ip: 192.168.30.10, host: pr-hdds-1569-s62bp-3040748787, networkLocation: /default-rack, certSerialId: null}, Type:RATIS, Factor:ONE, State:OPEN]
2019-09-25 05:06:08,152 [grpc-default-executor-0] INFO  impl.RaftServerProxy (RaftServerProxy.java:addNew(89)) - 56396258-65a3-478c-9482-0be0199dd49c: addNew group-633E6C54DE21:[56396258-65a3-478c-9482-0be0199dd49c:192.168.30.10:41678] returns group-633E6C54DE21:java.util.concurrent.CompletableFuture@1c32af8f[Not completed]
2019-09-25 05:06:08,156 [pool-87-thread-1] INFO  impl.RaftServerImpl (RaftServerImpl.java:<init>(95)) - 56396258-65a3-478c-9482-0be0199dd49c: new RaftServerImpl for group-633E6C54DE21:[56396258-65a3-478c-9482-0be0199dd49c:192.168.30.10:41678] with ContainerStateMachine:uninitialized
2019-09-25 05:06:08,156 [pool-87-thread-1] INFO  server.RaftServerConfigKeys (ConfUtils.java:logGet(43)) - raft.server.rpc.timeout.min = 5s (custom)
2019-09-25 05:06:08,156 [pool-87-thread-1] INFO  server.RaftServerConfigKeys (ConfUtils.java:logGet(43)) - raft.server.rpc.timeout.max = 5200ms (custom)
2019-09-25 05:06:08,156 [pool-87-thread-1] INFO  server.RaftServerConfigKeys (ConfUtils.java:logGet(43)) - raft.server.rpcslowness.timeout = 120s (custom)
2019-09-25 05:06:08,157 [pool-87-thread-1] INFO  server.RaftServerConfigKeys (ConfUtils.java:logGet(43)) - raft.server.sleep.deviation.threshold = 300 (default)
2019-09-25 05:06:08,157 [pool-87-thread-1] INFO  server.RaftServerConfigKeys (ConfUtils.java:logGet(43)) - raft.server.log.appender.install.snapshot.enabled = false (custom)
2019-09-25 05:06:08,157 [pool-87-thread-1] INFO  impl.RaftServerImpl (ServerState.java:<init>(103)) - 56396258-65a3-478c-9482-0be0199dd49c@group-633E6C54DE21: ConfigurationManager, init=-1: [56396258-65a3-478c-9482-0be0199dd49c:192.168.30.10:41678], old=null, confs=<EMPTY_MAP>
2019-09-25 05:06:08,157 [pool-87-thread-1] INFO  server.RaftServerConfigKeys (ConfUtils.java:logGet(43)) - raft.server.storage.dir = [/workdir/hadoop-ozone/integration-test/target/test-dir/MiniOzoneClusterImpl-23306158-e895-4fc7-80df-ce6c264c388b/datanode-6/data/ratis] (custom)
2019-09-25 05:06:08,158 [pool-87-thread-1] INFO  storage.RaftStorageDirectory (RaftStorageDirectory.java:analyzeStorage(246)) - The storage directory /workdir/hadoop-ozone/integration-test/target/test-dir/MiniOzoneClusterImpl-23306158-e895-4fc7-80df-ce6c264c388b/datanode-6/data/ratis/2c263872-fdd0-4f19-a23f-633e6c54de21 does not exist. Creating ...
2019-09-25 05:06:08,171 [pool-87-thread-1] INFO  storage.RaftStorageDirectory (RaftStorageDirectory.java:tryLock(328)) - Lock on /workdir/hadoop-ozone/integration-test/target/test-dir/MiniOzoneClusterImpl-23306158-e895-4fc7-80df-ce6c264c388b/datanode-6/data/ratis/2c263872-fdd0-4f19-a23f-633e6c54de21/in_use.lock acquired by nodename 25526@pr-hdds-1569-s62bp-3040748787
2019-09-25 05:06:08,188 [pool-87-thread-1] INFO  storage.RaftStorage (RaftStorage.java:format(72)) - Storage directory /workdir/hadoop-ozone/integration-test/target/test-dir/MiniOzoneClusterImpl-23306158-e895-4fc7-80df-ce6c264c388b/datanode-6/data/ratis/2c263872-fdd0-4f19-a23f-633e6c54de21 has been successfully formatted.
2019-09-25 05:06:08,189 [pool-87-thread-1] INFO  ratis.ContainerStateMachine (ContainerStateMachine.java:loadSnapshot(230)) - group-633E6C54DE21: The snapshot info is null. Setting the last applied indexto:(t:0, i:~)
2019-09-25 05:06:08,189 [pool-87-thread-1] INFO  server.RaftServerConfigKeys (ConfUtils.java:logGet(43)) - raft.server.notification.no-leader.timeout = 120s (custom)
2019-09-25 05:06:08,189 [pool-87-thread-1] INFO  server.RaftServerConfigKeys (ConfUtils.java:logGet(43)) - raft.server.log.use.memory = false (default)
2019-09-25 05:06:08,189 [pool-87-thread-1] INFO  server.RaftServerConfigKeys (ConfUtils.java:logGet(43)) - raft.server.log.purge.gap = 1000000 (custom)
2019-09-25 05:06:08,189 [pool-87-thread-1] INFO  server.RaftServerConfigKeys (ConfUtils.java:logGet(43)) - raft.server.log.appender.buffer.byte-limit = 33554432 (custom)
2019-09-25 05:06:08,189 [pool-87-thread-1] INFO  server.RaftServerConfigKeys (ConfUtils.java:logGet(43)) - raft.server.log.segment.size.max = 1048576 (custom)
2019-09-25 05:06:08,190 [pool-87-thread-1] INFO  server.RaftServerConfigKeys (ConfUtils.java:logGet(43)) - raft.server.log.segment.cache.num.max = 2 (custom)
2019-09-25 05:06:08,190 [pool-87-thread-1] INFO  segmented.SegmentedRaftLogWorker (SegmentedRaftLogWorker.java:<init>(172)) - new 56396258-65a3-478c-9482-0be0199dd49c@group-633E6C54DE21-SegmentedRaftLogWorker for RaftStorage:Storage Directory /workdir/hadoop-ozone/integration-test/target/test-dir/MiniOzoneClusterImpl-23306158-e895-4fc7-80df-ce6c264c388b/datanode-6/data/ratis/2c263872-fdd0-4f19-a23f-633e6c54de21
2019-09-25 05:06:08,190 [pool-87-thread-1] INFO  server.RaftServerConfigKeys (ConfUtils.java:logGet(43)) - raft.server.log.queue.byte-limit = 2147483647 (custom)
2019-09-25 05:06:08,190 [pool-87-thread-1] INFO  server.RaftServerConfigKeys (ConfUtils.java:logGet(43)) - raft.server.log.queue.element-limit = 1024 (custom)
2019-09-25 05:06:08,190 [pool-87-thread-1] INFO  server.RaftServerConfigKeys (ConfUtils.java:logGet(43)) - raft.server.log.segment.size.max = 1048576 (custom)
2019-09-25 05:06:08,190 [pool-87-thread-1] INFO  server.RaftServerConfigKeys (ConfUtils.java:logGet(43)) - raft.server.log.preallocated.size = 16384 (custom)
2019-09-25 05:06:08,190 [pool-87-thread-1] INFO  server.RaftServerConfigKeys (ConfUtils.java:logGet(43)) - raft.server.log.write.buffer.size = 33554432 (custom)
2019-09-25 05:06:08,191 [pool-87-thread-1] INFO  server.RaftServerConfigKeys (ConfUtils.java:logGet(43)) - raft.server.log.force.sync.num = 128 (default)
2019-09-25 05:06:08,191 [pool-87-thread-1] INFO  server.RaftServerConfigKeys (ConfUtils.java:logGet(43)) - raft.server.log.statemachine.data.sync = true (default)
2019-09-25 05:06:08,191 [pool-87-thread-1] INFO  server.RaftServerConfigKeys (ConfUtils.java:logGet(43)) - raft.server.log.statemachine.data.sync.timeout = 10s (default)
2019-09-25 05:06:08,191 [pool-87-thread-1] INFO  server.RaftServerConfigKeys (ConfUtils.java:logGet(43)) - raft.server.log.statemachine.data.sync.timeout.retry = -1 (default)
2019-09-25 05:06:08,191 [pool-87-thread-1] INFO  server.RaftServerConfigKeys (ConfUtils.java:logGet(43)) - raft.server.log.statemachine.data.caching.enabled = true (custom)
2019-09-25 05:06:08,192 [pool-87-thread-1] INFO  segmented.SegmentedRaftLogWorker (SegmentedRaftLogWorker.java:lambda$new$0(132)) - 56396258-65a3-478c-9482-0be0199dd49c@group-633E6C54DE21-SegmentedRaftLogWorker: flushIndex: setUnconditionally 0 -> -1
2019-09-25 05:06:08,192 [pool-87-thread-1] INFO  server.RaftServerConfigKeys (ConfUtils.java:logGet(43)) - raft.server.snapshot.auto.trigger.enabled = true (custom)
2019-09-25 05:06:08,192 [pool-87-thread-1] INFO  server.RaftServerConfigKeys (ConfUtils.java:logGet(43)) - raft.server.snapshot.auto.trigger.threshold = 10000 (custom)
2019-09-25 05:06:08,192 [pool-87-thread-1] INFO  server.RaftServerConfigKeys (ConfUtils.java:logGet(43)) - raft.server.snapshot.retention.num.files = 5 (custom)
2019-09-25 05:06:08,193 [pool-87-thread-1] INFO  server.RaftServerConfigKeys (ConfUtils.java:logGet(43)) - raft.server.retrycache.expirytime = 600000ms (custom)
2019-09-25 05:06:08,195 [pool-87-thread-1] INFO  impl.RaftServerImpl (RaftServerImpl.java:start(185)) - 56396258-65a3-478c-9482-0be0199dd49c@group-633E6C54DE21: start as a follower, conf=-1: [56396258-65a3-478c-9482-0be0199dd49c:192.168.30.10:41678], old=null
2019-09-25 05:06:08,195 [pool-87-thread-1] INFO  impl.RaftServerImpl (RaftServerImpl.java:setRole(174)) - 56396258-65a3-478c-9482-0be0199dd49c@group-633E6C54DE21: changes role from      null to FOLLOWER at term 0 for startAsFollower
2019-09-25 05:06:08,196 [pool-87-thread-1] INFO  impl.RoleInfo (RoleInfo.java:updateAndGet(143)) - 56396258-65a3-478c-9482-0be0199dd49c: start FollowerState
2019-09-25 05:06:08,196 [pool-87-thread-1] INFO  util.JmxRegister (JmxRegister.java:tryRegister(44)) - Successfully registered JMX Bean with object name Ratis:service=RaftServer,group=group-633E6C54DE21,id=56396258-65a3-478c-9482-0be0199dd49c
2019-09-25 05:06:08,202 [RatisPipelineUtilsThread] INFO  pipeline.PipelineStateManager (PipelineStateManager.java:addPipeline(56)) - Created pipeline Pipeline[ Id: 2c263872-fdd0-4f19-a23f-633e6c54de21, Nodes: 56396258-65a3-478c-9482-0be0199dd49c{ip: 192.168.30.10, host: pr-hdds-1569-s62bp-3040748787, networkLocation: /default-rack, certSerialId: null}, Type:RATIS, Factor:ONE, State:OPEN]
2019-09-25 05:06:08,213 [grpc-default-executor-0] INFO  impl.RaftServerProxy (RaftServerProxy.java:addNew(89)) - b4fa7d23-6606-45fd-9544-2b08ca3fa933: addNew group-72352576E1E8:[b4fa7d23-6606-45fd-9544-2b08ca3fa933:192.168.30.10:34493] returns group-72352576E1E8:java.util.concurrent.CompletableFuture@66681508[Not completed]
2019-09-25 05:06:08,216 [pool-77-thread-1] INFO  impl.RaftServerImpl (RaftServerImpl.java:<init>(95)) - b4fa7d23-6606-45fd-9544-2b08ca3fa933: new RaftServerImpl for group-72352576E1E8:[b4fa7d23-6606-45fd-9544-2b08ca3fa933:192.168.30.10:34493] with ContainerStateMachine:uninitialized
2019-09-25 05:06:08,216 [pool-77-thread-1] INFO  server.RaftServerConfigKeys (ConfUtils.java:logGet(43)) - raft.server.rpc.timeout.min = 5s (custom)
2019-09-25 05:06:08,216 [pool-77-thread-1] INFO  server.RaftServerConfigKeys (ConfUtils.java:logGet(43)) - raft.server.rpc.timeout.max = 5200ms (custom)
2019-09-25 05:06:08,216 [pool-77-thread-1] INFO  server.RaftServerConfigKeys (ConfUtils.java:logGet(43)) - raft.server.rpcslowness.timeout = 120s (custom)
2019-09-25 05:06:08,216 [pool-77-thread-1] INFO  server.RaftServerConfigKeys (ConfUtils.java:logGet(43)) - raft.server.sleep.deviation.threshold = 300 (default)
2019-09-25 05:06:08,216 [pool-77-thread-1] INFO  server.RaftServerConfigKeys (ConfUtils.java:logGet(43)) - raft.server.log.appender.install.snapshot.enabled = false (custom)
2019-09-25 05:06:08,217 [pool-77-thread-1] INFO  impl.RaftServerImpl (ServerState.java:<init>(103)) - b4fa7d23-6606-45fd-9544-2b08ca3fa933@group-72352576E1E8: ConfigurationManager, init=-1: [b4fa7d23-6606-45fd-9544-2b08ca3fa933:192.168.30.10:34493], old=null, confs=<EMPTY_MAP>
2019-09-25 05:06:08,217 [pool-77-thread-1] INFO  server.RaftServerConfigKeys (ConfUtils.java:logGet(43)) - raft.server.storage.dir = [/workdir/hadoop-ozone/integration-test/target/test-dir/MiniOzoneClusterImpl-23306158-e895-4fc7-80df-ce6c264c388b/datanode-5/data/ratis] (custom)
2019-09-25 05:06:08,217 [pool-77-thread-1] INFO  storage.RaftStorageDirectory (RaftStorageDirectory.java:analyzeStorage(246)) - The storage directory /workdir/hadoop-ozone/integration-test/target/test-dir/MiniOzoneClusterImpl-23306158-e895-4fc7-80df-ce6c264c388b/datanode-5/data/ratis/da1cf1a3-0029-4dd8-8886-72352576e1e8 does not exist. Creating ...
2019-09-25 05:06:08,231 [pool-77-thread-1] INFO  storage.RaftStorageDirectory (RaftStorageDirectory.java:tryLock(328)) - Lock on /workdir/hadoop-ozone/integration-test/target/test-dir/MiniOzoneClusterImpl-23306158-e895-4fc7-80df-ce6c264c388b/datanode-5/data/ratis/da1cf1a3-0029-4dd8-8886-72352576e1e8/in_use.lock acquired by nodename 25526@pr-hdds-1569-s62bp-3040748787
2019-09-25 05:06:08,245 [pool-77-thread-1] INFO  storage.RaftStorage (RaftStorage.java:format(72)) - Storage directory /workdir/hadoop-ozone/integration-test/target/test-dir/MiniOzoneClusterImpl-23306158-e895-4fc7-80df-ce6c264c388b/datanode-5/data/ratis/da1cf1a3-0029-4dd8-8886-72352576e1e8 has been successfully formatted.
2019-09-25 05:06:08,245 [pool-77-thread-1] INFO  ratis.ContainerStateMachine (ContainerStateMachine.java:loadSnapshot(230)) - group-72352576E1E8: The snapshot info is null. Setting the last applied indexto:(t:0, i:~)
2019-09-25 05:06:08,246 [pool-77-thread-1] INFO  server.RaftServerConfigKeys (ConfUtils.java:logGet(43)) - raft.server.notification.no-leader.timeout = 120s (custom)
2019-09-25 05:06:08,246 [pool-77-thread-1] INFO  server.RaftServerConfigKeys (ConfUtils.java:logGet(43)) - raft.server.log.use.memory = false (default)
2019-09-25 05:06:08,246 [pool-77-thread-1] INFO  server.RaftServerConfigKeys (ConfUtils.java:logGet(43)) - raft.server.log.purge.gap = 1000000 (custom)
2019-09-25 05:06:08,246 [pool-77-thread-1] INFO  server.RaftServerConfigKeys (ConfUtils.java:logGet(43)) - raft.server.log.appender.buffer.byte-limit = 33554432 (custom)
2019-09-25 05:06:08,246 [pool-77-thread-1] INFO  server.RaftServerConfigKeys (ConfUtils.java:logGet(43)) - raft.server.log.segment.size.max = 1048576 (custom)
2019-09-25 05:06:08,246 [pool-77-thread-1] INFO  server.RaftServerConfigKeys (ConfUtils.java:logGet(43)) - raft.server.log.segment.cache.num.max = 2 (custom)
2019-09-25 05:06:08,247 [pool-77-thread-1] INFO  segmented.SegmentedRaftLogWorker (SegmentedRaftLogWorker.java:<init>(172)) - new b4fa7d23-6606-45fd-9544-2b08ca3fa933@group-72352576E1E8-SegmentedRaftLogWorker for RaftStorage:Storage Directory /workdir/hadoop-ozone/integration-test/target/test-dir/MiniOzoneClusterImpl-23306158-e895-4fc7-80df-ce6c264c388b/datanode-5/data/ratis/da1cf1a3-0029-4dd8-8886-72352576e1e8
2019-09-25 05:06:08,247 [pool-77-thread-1] INFO  server.RaftServerConfigKeys (ConfUtils.java:logGet(43)) - raft.server.log.queue.byte-limit = 2147483647 (custom)
2019-09-25 05:06:08,247 [pool-77-thread-1] INFO  server.RaftServerConfigKeys (ConfUtils.java:logGet(43)) - raft.server.log.queue.element-limit = 1024 (custom)
2019-09-25 05:06:08,247 [pool-77-thread-1] INFO  server.RaftServerConfigKeys (ConfUtils.java:logGet(43)) - raft.server.log.segment.size.max = 1048576 (custom)
2019-09-25 05:06:08,247 [pool-77-thread-1] INFO  server.RaftServerConfigKeys (ConfUtils.java:logGet(43)) - raft.server.log.preallocated.size = 16384 (custom)
2019-09-25 05:06:08,247 [pool-77-thread-1] INFO  server.RaftServerConfigKeys (ConfUtils.java:logGet(43)) - raft.server.log.write.buffer.size = 33554432 (custom)
2019-09-25 05:06:08,247 [IPC Server handler 0 on 33377] INFO  volume.OMVolumeCreateRequest (OMVolumeCreateRequest.java:validateAndUpdateCache(189)) - created volume:watchforcommithandlingtest for user:jenkins1000
2019-09-25 05:06:08,247 [pool-77-thread-1] INFO  server.RaftServerConfigKeys (ConfUtils.java:logGet(43)) - raft.server.log.force.sync.num = 128 (default)
2019-09-25 05:06:08,248 [pool-77-thread-1] INFO  server.RaftServerConfigKeys (ConfUtils.java:logGet(43)) - raft.server.log.statemachine.data.sync = true (default)
2019-09-25 05:06:08,248 [pool-77-thread-1] INFO  server.RaftServerConfigKeys (ConfUtils.java:logGet(43)) - raft.server.log.statemachine.data.sync.timeout = 10s (default)
2019-09-25 05:06:08,248 [pool-77-thread-1] INFO  server.RaftServerConfigKeys (ConfUtils.java:logGet(43)) - raft.server.log.statemachine.data.sync.timeout.retry = -1 (default)
2019-09-25 05:06:08,248 [pool-77-thread-1] INFO  server.RaftServerConfigKeys (ConfUtils.java:logGet(43)) - raft.server.log.statemachine.data.caching.enabled = true (custom)
2019-09-25 05:06:08,249 [pool-77-thread-1] INFO  segmented.SegmentedRaftLogWorker (SegmentedRaftLogWorker.java:lambda$new$0(132)) - b4fa7d23-6606-45fd-9544-2b08ca3fa933@group-72352576E1E8-SegmentedRaftLogWorker: flushIndex: setUnconditionally 0 -> -1
2019-09-25 05:06:08,249 [pool-77-thread-1] INFO  server.RaftServerConfigKeys (ConfUtils.java:logGet(43)) - raft.server.snapshot.auto.trigger.enabled = true (custom)
2019-09-25 05:06:08,249 [pool-77-thread-1] INFO  server.RaftServerConfigKeys (ConfUtils.java:logGet(43)) - raft.server.snapshot.auto.trigger.threshold = 10000 (custom)
2019-09-25 05:06:08,249 [pool-77-thread-1] INFO  server.RaftServerConfigKeys (ConfUtils.java:logGet(43)) - raft.server.snapshot.retention.num.files = 5 (custom)
2019-09-25 05:06:08,250 [pool-77-thread-1] INFO  server.RaftServerConfigKeys (ConfUtils.java:logGet(43)) - raft.server.retrycache.expirytime = 600000ms (custom)
2019-09-25 05:06:08,255 [pool-77-thread-1] INFO  impl.RaftServerImpl (RaftServerImpl.java:start(185)) - b4fa7d23-6606-45fd-9544-2b08ca3fa933@group-72352576E1E8: start as a follower, conf=-1: [b4fa7d23-6606-45fd-9544-2b08ca3fa933:192.168.30.10:34493], old=null
2019-09-25 05:06:08,255 [pool-77-thread-1] INFO  impl.RaftServerImpl (RaftServerImpl.java:setRole(174)) - b4fa7d23-6606-45fd-9544-2b08ca3fa933@group-72352576E1E8: changes role from      null to FOLLOWER at term 0 for startAsFollower
2019-09-25 05:06:08,256 [pool-77-thread-1] INFO  impl.RoleInfo (RoleInfo.java:updateAndGet(143)) - b4fa7d23-6606-45fd-9544-2b08ca3fa933: start FollowerState
2019-09-25 05:06:08,256 [pool-77-thread-1] INFO  util.JmxRegister (JmxRegister.java:tryRegister(44)) - Successfully registered JMX Bean with object name Ratis:service=RaftServer,group=group-72352576E1E8,id=b4fa7d23-6606-45fd-9544-2b08ca3fa933
2019-09-25 05:06:08,265 [RatisPipelineUtilsThread] INFO  pipeline.PipelineStateManager (PipelineStateManager.java:addPipeline(56)) - Created pipeline Pipeline[ Id: da1cf1a3-0029-4dd8-8886-72352576e1e8, Nodes: b4fa7d23-6606-45fd-9544-2b08ca3fa933{ip: 192.168.30.10, host: pr-hdds-1569-s62bp-3040748787, networkLocation: /default-rack, certSerialId: null}, Type:RATIS, Factor:ONE, State:OPEN]
2019-09-25 05:06:08,274 [main] INFO  rpc.RpcClient (RpcClient.java:createBucket(415)) - Creating Bucket: watchforcommithandlingtest/watchforcommithandlingtest, with Versioning false and Storage Type set to DISK and Encryption set to false 
2019-09-25 05:06:08,277 [grpc-default-executor-0] INFO  impl.RaftServerProxy (RaftServerProxy.java:addNew(89)) - b4fa7d23-6606-45fd-9544-2b08ca3fa933: addNew group-AB7F80480CEC:[b4fa7d23-6606-45fd-9544-2b08ca3fa933:192.168.30.10:34493] returns group-AB7F80480CEC:java.util.concurrent.CompletableFuture@5a8ab1bc[Not completed]
2019-09-25 05:06:08,278 [pool-77-thread-1] INFO  impl.RaftServerImpl (RaftServerImpl.java:<init>(95)) - b4fa7d23-6606-45fd-9544-2b08ca3fa933: new RaftServerImpl for group-AB7F80480CEC:[b4fa7d23-6606-45fd-9544-2b08ca3fa933:192.168.30.10:34493] with ContainerStateMachine:uninitialized
2019-09-25 05:06:08,279 [pool-77-thread-1] INFO  server.RaftServerConfigKeys (ConfUtils.java:logGet(43)) - raft.server.rpc.timeout.min = 5s (custom)
2019-09-25 05:06:08,279 [pool-77-thread-1] INFO  server.RaftServerConfigKeys (ConfUtils.java:logGet(43)) - raft.server.rpc.timeout.max = 5200ms (custom)
2019-09-25 05:06:08,279 [pool-77-thread-1] INFO  server.RaftServerConfigKeys (ConfUtils.java:logGet(43)) - raft.server.rpcslowness.timeout = 120s (custom)
2019-09-25 05:06:08,279 [pool-77-thread-1] INFO  server.RaftServerConfigKeys (ConfUtils.java:logGet(43)) - raft.server.sleep.deviation.threshold = 300 (default)
2019-09-25 05:06:08,279 [pool-77-thread-1] INFO  server.RaftServerConfigKeys (ConfUtils.java:logGet(43)) - raft.server.log.appender.install.snapshot.enabled = false (custom)
2019-09-25 05:06:08,279 [pool-77-thread-1] INFO  impl.RaftServerImpl (ServerState.java:<init>(103)) - b4fa7d23-6606-45fd-9544-2b08ca3fa933@group-AB7F80480CEC: ConfigurationManager, init=-1: [b4fa7d23-6606-45fd-9544-2b08ca3fa933:192.168.30.10:34493], old=null, confs=<EMPTY_MAP>
2019-09-25 05:06:08,279 [pool-77-thread-1] INFO  server.RaftServerConfigKeys (ConfUtils.java:logGet(43)) - raft.server.storage.dir = [/workdir/hadoop-ozone/integration-test/target/test-dir/MiniOzoneClusterImpl-23306158-e895-4fc7-80df-ce6c264c388b/datanode-5/data/ratis] (custom)
2019-09-25 05:06:08,280 [pool-77-thread-1] INFO  storage.RaftStorageDirectory (RaftStorageDirectory.java:analyzeStorage(246)) - The storage directory /workdir/hadoop-ozone/integration-test/target/test-dir/MiniOzoneClusterImpl-23306158-e895-4fc7-80df-ce6c264c388b/datanode-5/data/ratis/75e7df02-0a3c-470b-a44b-ab7f80480cec does not exist. Creating ...
2019-09-25 05:06:08,293 [pool-77-thread-1] INFO  storage.RaftStorageDirectory (RaftStorageDirectory.java:tryLock(328)) - Lock on /workdir/hadoop-ozone/integration-test/target/test-dir/MiniOzoneClusterImpl-23306158-e895-4fc7-80df-ce6c264c388b/datanode-5/data/ratis/75e7df02-0a3c-470b-a44b-ab7f80480cec/in_use.lock acquired by nodename 25526@pr-hdds-1569-s62bp-3040748787
2019-09-25 05:06:08,296 [main] INFO  ozone.MiniOzoneClusterImpl (MiniOzoneClusterImpl.java:getStorageContainerLocationClient(234)) - Creating StorageContainerLocationProtocol RPC client with address /0.0.0.0:46459
2019-09-25 05:06:08,306 [pool-77-thread-1] INFO  storage.RaftStorage (RaftStorage.java:format(72)) - Storage directory /workdir/hadoop-ozone/integration-test/target/test-dir/MiniOzoneClusterImpl-23306158-e895-4fc7-80df-ce6c264c388b/datanode-5/data/ratis/75e7df02-0a3c-470b-a44b-ab7f80480cec has been successfully formatted.
2019-09-25 05:06:08,306 [pool-77-thread-1] INFO  ratis.ContainerStateMachine (ContainerStateMachine.java:loadSnapshot(230)) - group-AB7F80480CEC: The snapshot info is null. Setting the last applied indexto:(t:0, i:~)
2019-09-25 05:06:08,307 [pool-77-thread-1] INFO  server.RaftServerConfigKeys (ConfUtils.java:logGet(43)) - raft.server.notification.no-leader.timeout = 120s (custom)
2019-09-25 05:06:08,307 [pool-77-thread-1] INFO  server.RaftServerConfigKeys (ConfUtils.java:logGet(43)) - raft.server.log.use.memory = false (default)
2019-09-25 05:06:08,307 [pool-77-thread-1] INFO  server.RaftServerConfigKeys (ConfUtils.java:logGet(43)) - raft.server.log.purge.gap = 1000000 (custom)
2019-09-25 05:06:08,307 [pool-77-thread-1] INFO  server.RaftServerConfigKeys (ConfUtils.java:logGet(43)) - raft.server.log.appender.buffer.byte-limit = 33554432 (custom)
2019-09-25 05:06:08,307 [pool-77-thread-1] INFO  server.RaftServerConfigKeys (ConfUtils.java:logGet(43)) - raft.server.log.segment.size.max = 1048576 (custom)
2019-09-25 05:06:08,307 [pool-77-thread-1] INFO  server.RaftServerConfigKeys (ConfUtils.java:logGet(43)) - raft.server.log.segment.cache.num.max = 2 (custom)
2019-09-25 05:06:08,308 [pool-77-thread-1] INFO  segmented.SegmentedRaftLogWorker (SegmentedRaftLogWorker.java:<init>(172)) - new b4fa7d23-6606-45fd-9544-2b08ca3fa933@group-AB7F80480CEC-SegmentedRaftLogWorker for RaftStorage:Storage Directory /workdir/hadoop-ozone/integration-test/target/test-dir/MiniOzoneClusterImpl-23306158-e895-4fc7-80df-ce6c264c388b/datanode-5/data/ratis/75e7df02-0a3c-470b-a44b-ab7f80480cec
2019-09-25 05:06:08,308 [pool-77-thread-1] INFO  server.RaftServerConfigKeys (ConfUtils.java:logGet(43)) - raft.server.log.queue.byte-limit = 2147483647 (custom)
2019-09-25 05:06:08,308 [pool-77-thread-1] INFO  server.RaftServerConfigKeys (ConfUtils.java:logGet(43)) - raft.server.log.queue.element-limit = 1024 (custom)
2019-09-25 05:06:08,308 [pool-77-thread-1] INFO  server.RaftServerConfigKeys (ConfUtils.java:logGet(43)) - raft.server.log.segment.size.max = 1048576 (custom)
2019-09-25 05:06:08,308 [pool-77-thread-1] INFO  server.RaftServerConfigKeys (ConfUtils.java:logGet(43)) - raft.server.log.preallocated.size = 16384 (custom)
2019-09-25 05:06:08,308 [pool-77-thread-1] INFO  server.RaftServerConfigKeys (ConfUtils.java:logGet(43)) - raft.server.log.write.buffer.size = 33554432 (custom)
2019-09-25 05:06:08,308 [pool-77-thread-1] INFO  server.RaftServerConfigKeys (ConfUtils.java:logGet(43)) - raft.server.log.force.sync.num = 128 (default)
2019-09-25 05:06:08,309 [pool-77-thread-1] INFO  server.RaftServerConfigKeys (ConfUtils.java:logGet(43)) - raft.server.log.statemachine.data.sync = true (default)
2019-09-25 05:06:08,309 [pool-77-thread-1] INFO  server.RaftServerConfigKeys (ConfUtils.java:logGet(43)) - raft.server.log.statemachine.data.sync.timeout = 10s (default)
2019-09-25 05:06:08,309 [pool-77-thread-1] INFO  server.RaftServerConfigKeys (ConfUtils.java:logGet(43)) - raft.server.log.statemachine.data.sync.timeout.retry = -1 (default)
2019-09-25 05:06:08,309 [pool-77-thread-1] INFO  server.RaftServerConfigKeys (ConfUtils.java:logGet(43)) - raft.server.log.statemachine.data.caching.enabled = true (custom)
2019-09-25 05:06:08,309 [pool-77-thread-1] INFO  segmented.SegmentedRaftLogWorker (SegmentedRaftLogWorker.java:lambda$new$0(132)) - b4fa7d23-6606-45fd-9544-2b08ca3fa933@group-AB7F80480CEC-SegmentedRaftLogWorker: flushIndex: setUnconditionally 0 -> -1
2019-09-25 05:06:08,310 [pool-77-thread-1] INFO  server.RaftServerConfigKeys (ConfUtils.java:logGet(43)) - raft.server.snapshot.auto.trigger.enabled = true (custom)
2019-09-25 05:06:08,310 [pool-77-thread-1] INFO  server.RaftServerConfigKeys (ConfUtils.java:logGet(43)) - raft.server.snapshot.auto.trigger.threshold = 10000 (custom)
2019-09-25 05:06:08,310 [pool-77-thread-1] INFO  server.RaftServerConfigKeys (ConfUtils.java:logGet(43)) - raft.server.snapshot.retention.num.files = 5 (custom)
2019-09-25 05:06:08,310 [pool-77-thread-1] INFO  server.RaftServerConfigKeys (ConfUtils.java:logGet(43)) - raft.server.retrycache.expirytime = 600000ms (custom)
2019-09-25 05:06:08,313 [pool-77-thread-1] INFO  impl.RaftServerImpl (RaftServerImpl.java:start(185)) - b4fa7d23-6606-45fd-9544-2b08ca3fa933@group-AB7F80480CEC: start as a follower, conf=-1: [b4fa7d23-6606-45fd-9544-2b08ca3fa933:192.168.30.10:34493], old=null
2019-09-25 05:06:08,313 [pool-77-thread-1] INFO  impl.RaftServerImpl (RaftServerImpl.java:setRole(174)) - b4fa7d23-6606-45fd-9544-2b08ca3fa933@group-AB7F80480CEC: changes role from      null to FOLLOWER at term 0 for startAsFollower
2019-09-25 05:06:08,313 [pool-77-thread-1] INFO  impl.RoleInfo (RoleInfo.java:updateAndGet(143)) - b4fa7d23-6606-45fd-9544-2b08ca3fa933: start FollowerState
2019-09-25 05:06:08,313 [pool-77-thread-1] INFO  util.JmxRegister (JmxRegister.java:tryRegister(44)) - Successfully registered JMX Bean with object name Ratis:service=RaftServer,group=group-AB7F80480CEC,id=b4fa7d23-6606-45fd-9544-2b08ca3fa933
2019-09-25 05:06:08,321 [RatisPipelineUtilsThread] INFO  pipeline.PipelineStateManager (PipelineStateManager.java:addPipeline(56)) - Created pipeline Pipeline[ Id: 75e7df02-0a3c-470b-a44b-ab7f80480cec, Nodes: b4fa7d23-6606-45fd-9544-2b08ca3fa933{ip: 192.168.30.10, host: pr-hdds-1569-s62bp-3040748787, networkLocation: /default-rack, certSerialId: null}, Type:RATIS, Factor:ONE, State:OPEN]
2019-09-25 05:06:08,343 [grpc-default-executor-0] INFO  impl.RaftServerProxy (RaftServerProxy.java:addNew(89)) - b4fa7d23-6606-45fd-9544-2b08ca3fa933: addNew group-175BF6F548F6:[b4fa7d23-6606-45fd-9544-2b08ca3fa933:192.168.30.10:34493] returns group-175BF6F548F6:java.util.concurrent.CompletableFuture@345e30de[Not completed]
2019-09-25 05:06:08,345 [pool-77-thread-1] INFO  impl.RaftServerImpl (RaftServerImpl.java:<init>(95)) - b4fa7d23-6606-45fd-9544-2b08ca3fa933: new RaftServerImpl for group-175BF6F548F6:[b4fa7d23-6606-45fd-9544-2b08ca3fa933:192.168.30.10:34493] with ContainerStateMachine:uninitialized
2019-09-25 05:06:08,345 [pool-77-thread-1] INFO  server.RaftServerConfigKeys (ConfUtils.java:logGet(43)) - raft.server.rpc.timeout.min = 5s (custom)
2019-09-25 05:06:08,345 [pool-77-thread-1] INFO  server.RaftServerConfigKeys (ConfUtils.java:logGet(43)) - raft.server.rpc.timeout.max = 5200ms (custom)
2019-09-25 05:06:08,346 [pool-77-thread-1] INFO  server.RaftServerConfigKeys (ConfUtils.java:logGet(43)) - raft.server.rpcslowness.timeout = 120s (custom)
2019-09-25 05:06:08,346 [pool-77-thread-1] INFO  server.RaftServerConfigKeys (ConfUtils.java:logGet(43)) - raft.server.sleep.deviation.threshold = 300 (default)
2019-09-25 05:06:08,346 [pool-77-thread-1] INFO  server.RaftServerConfigKeys (ConfUtils.java:logGet(43)) - raft.server.log.appender.install.snapshot.enabled = false (custom)
2019-09-25 05:06:08,346 [pool-77-thread-1] INFO  impl.RaftServerImpl (ServerState.java:<init>(103)) - b4fa7d23-6606-45fd-9544-2b08ca3fa933@group-175BF6F548F6: ConfigurationManager, init=-1: [b4fa7d23-6606-45fd-9544-2b08ca3fa933:192.168.30.10:34493], old=null, confs=<EMPTY_MAP>
2019-09-25 05:06:08,346 [pool-77-thread-1] INFO  server.RaftServerConfigKeys (ConfUtils.java:logGet(43)) - raft.server.storage.dir = [/workdir/hadoop-ozone/integration-test/target/test-dir/MiniOzoneClusterImpl-23306158-e895-4fc7-80df-ce6c264c388b/datanode-5/data/ratis] (custom)
2019-09-25 05:06:08,347 [pool-77-thread-1] INFO  storage.RaftStorageDirectory (RaftStorageDirectory.java:analyzeStorage(246)) - The storage directory /workdir/hadoop-ozone/integration-test/target/test-dir/MiniOzoneClusterImpl-23306158-e895-4fc7-80df-ce6c264c388b/datanode-5/data/ratis/d84d2ac0-7551-467f-a8f0-175bf6f548f6 does not exist. Creating ...
2019-09-25 05:06:08,360 [pool-77-thread-1] INFO  storage.RaftStorageDirectory (RaftStorageDirectory.java:tryLock(328)) - Lock on /workdir/hadoop-ozone/integration-test/target/test-dir/MiniOzoneClusterImpl-23306158-e895-4fc7-80df-ce6c264c388b/datanode-5/data/ratis/d84d2ac0-7551-467f-a8f0-175bf6f548f6/in_use.lock acquired by nodename 25526@pr-hdds-1569-s62bp-3040748787
2019-09-25 05:06:08,374 [pool-77-thread-1] INFO  storage.RaftStorage (RaftStorage.java:format(72)) - Storage directory /workdir/hadoop-ozone/integration-test/target/test-dir/MiniOzoneClusterImpl-23306158-e895-4fc7-80df-ce6c264c388b/datanode-5/data/ratis/d84d2ac0-7551-467f-a8f0-175bf6f548f6 has been successfully formatted.
2019-09-25 05:06:08,374 [pool-77-thread-1] INFO  ratis.ContainerStateMachine (ContainerStateMachine.java:loadSnapshot(230)) - group-175BF6F548F6: The snapshot info is null. Setting the last applied indexto:(t:0, i:~)
2019-09-25 05:06:08,374 [pool-77-thread-1] INFO  server.RaftServerConfigKeys (ConfUtils.java:logGet(43)) - raft.server.notification.no-leader.timeout = 120s (custom)
2019-09-25 05:06:08,375 [pool-77-thread-1] INFO  server.RaftServerConfigKeys (ConfUtils.java:logGet(43)) - raft.server.log.use.memory = false (default)
2019-09-25 05:06:08,375 [pool-77-thread-1] INFO  server.RaftServerConfigKeys (ConfUtils.java:logGet(43)) - raft.server.log.purge.gap = 1000000 (custom)
2019-09-25 05:06:08,375 [pool-77-thread-1] INFO  server.RaftServerConfigKeys (ConfUtils.java:logGet(43)) - raft.server.log.appender.buffer.byte-limit = 33554432 (custom)
2019-09-25 05:06:08,375 [pool-77-thread-1] INFO  server.RaftServerConfigKeys (ConfUtils.java:logGet(43)) - raft.server.log.segment.size.max = 1048576 (custom)
2019-09-25 05:06:08,375 [pool-77-thread-1] INFO  server.RaftServerConfigKeys (ConfUtils.java:logGet(43)) - raft.server.log.segment.cache.num.max = 2 (custom)
2019-09-25 05:06:08,375 [pool-77-thread-1] INFO  segmented.SegmentedRaftLogWorker (SegmentedRaftLogWorker.java:<init>(172)) - new b4fa7d23-6606-45fd-9544-2b08ca3fa933@group-175BF6F548F6-SegmentedRaftLogWorker for RaftStorage:Storage Directory /workdir/hadoop-ozone/integration-test/target/test-dir/MiniOzoneClusterImpl-23306158-e895-4fc7-80df-ce6c264c388b/datanode-5/data/ratis/d84d2ac0-7551-467f-a8f0-175bf6f548f6
2019-09-25 05:06:08,376 [pool-77-thread-1] INFO  server.RaftServerConfigKeys (ConfUtils.java:logGet(43)) - raft.server.log.queue.byte-limit = 2147483647 (custom)
2019-09-25 05:06:08,376 [pool-77-thread-1] INFO  server.RaftServerConfigKeys (ConfUtils.java:logGet(43)) - raft.server.log.queue.element-limit = 1024 (custom)
2019-09-25 05:06:08,376 [pool-77-thread-1] INFO  server.RaftServerConfigKeys (ConfUtils.java:logGet(43)) - raft.server.log.segment.size.max = 1048576 (custom)
2019-09-25 05:06:08,376 [pool-77-thread-1] INFO  server.RaftServerConfigKeys (ConfUtils.java:logGet(43)) - raft.server.log.preallocated.size = 16384 (custom)
2019-09-25 05:06:08,376 [pool-77-thread-1] INFO  server.RaftServerConfigKeys (ConfUtils.java:logGet(43)) - raft.server.log.write.buffer.size = 33554432 (custom)
2019-09-25 05:06:08,376 [pool-77-thread-1] INFO  server.RaftServerConfigKeys (ConfUtils.java:logGet(43)) - raft.server.log.force.sync.num = 128 (default)
2019-09-25 05:06:08,376 [pool-77-thread-1] INFO  server.RaftServerConfigKeys (ConfUtils.java:logGet(43)) - raft.server.log.statemachine.data.sync = true (default)
2019-09-25 05:06:08,377 [pool-77-thread-1] INFO  server.RaftServerConfigKeys (ConfUtils.java:logGet(43)) - raft.server.log.statemachine.data.sync.timeout = 10s (default)
2019-09-25 05:06:08,377 [pool-77-thread-1] INFO  server.RaftServerConfigKeys (ConfUtils.java:logGet(43)) - raft.server.log.statemachine.data.sync.timeout.retry = -1 (default)
2019-09-25 05:06:08,377 [pool-77-thread-1] INFO  server.RaftServerConfigKeys (ConfUtils.java:logGet(43)) - raft.server.log.statemachine.data.caching.enabled = true (custom)
2019-09-25 05:06:08,377 [pool-77-thread-1] INFO  segmented.SegmentedRaftLogWorker (SegmentedRaftLogWorker.java:lambda$new$0(132)) - b4fa7d23-6606-45fd-9544-2b08ca3fa933@group-175BF6F548F6-SegmentedRaftLogWorker: flushIndex: setUnconditionally 0 -> -1
2019-09-25 05:06:08,378 [pool-77-thread-1] INFO  server.RaftServerConfigKeys (ConfUtils.java:logGet(43)) - raft.server.snapshot.auto.trigger.enabled = true (custom)
2019-09-25 05:06:08,378 [pool-77-thread-1] INFO  server.RaftServerConfigKeys (ConfUtils.java:logGet(43)) - raft.server.snapshot.auto.trigger.threshold = 10000 (custom)
2019-09-25 05:06:08,378 [pool-77-thread-1] INFO  server.RaftServerConfigKeys (ConfUtils.java:logGet(43)) - raft.server.snapshot.retention.num.files = 5 (custom)
2019-09-25 05:06:08,378 [pool-77-thread-1] INFO  server.RaftServerConfigKeys (ConfUtils.java:logGet(43)) - raft.server.retrycache.expirytime = 600000ms (custom)
2019-09-25 05:06:08,381 [pool-77-thread-1] INFO  impl.RaftServerImpl (RaftServerImpl.java:start(185)) - b4fa7d23-6606-45fd-9544-2b08ca3fa933@group-175BF6F548F6: start as a follower, conf=-1: [b4fa7d23-6606-45fd-9544-2b08ca3fa933:192.168.30.10:34493], old=null
2019-09-25 05:06:08,381 [pool-77-thread-1] INFO  impl.RaftServerImpl (RaftServerImpl.java:setRole(174)) - b4fa7d23-6606-45fd-9544-2b08ca3fa933@group-175BF6F548F6: changes role from      null to FOLLOWER at term 0 for startAsFollower
2019-09-25 05:06:08,381 [pool-77-thread-1] INFO  impl.RoleInfo (RoleInfo.java:updateAndGet(143)) - b4fa7d23-6606-45fd-9544-2b08ca3fa933: start FollowerState
2019-09-25 05:06:08,388 [pool-77-thread-1] INFO  util.JmxRegister (JmxRegister.java:tryRegister(44)) - Successfully registered JMX Bean with object name Ratis:service=RaftServer,group=group-175BF6F548F6,id=b4fa7d23-6606-45fd-9544-2b08ca3fa933
2019-09-25 05:06:08,408 [RatisPipelineUtilsThread] INFO  pipeline.PipelineStateManager (PipelineStateManager.java:addPipeline(56)) - Created pipeline Pipeline[ Id: d84d2ac0-7551-467f-a8f0-175bf6f548f6, Nodes: b4fa7d23-6606-45fd-9544-2b08ca3fa933{ip: 192.168.30.10, host: pr-hdds-1569-s62bp-3040748787, networkLocation: /default-rack, certSerialId: null}, Type:RATIS, Factor:ONE, State:OPEN]
2019-09-25 05:06:08,420 [grpc-default-executor-0] INFO  impl.RaftServerProxy (RaftServerProxy.java:addNew(89)) - f77bfc29-6991-4b1d-a503-f706c83de4fc: addNew group-AA2D3410AA81:[f77bfc29-6991-4b1d-a503-f706c83de4fc:192.168.30.10:35112] returns group-AA2D3410AA81:java.util.concurrent.CompletableFuture@135f228[Not completed]
2019-09-25 05:06:08,508 [pool-27-thread-1] INFO  impl.RaftServerImpl (RaftServerImpl.java:<init>(95)) - f77bfc29-6991-4b1d-a503-f706c83de4fc: new RaftServerImpl for group-AA2D3410AA81:[f77bfc29-6991-4b1d-a503-f706c83de4fc:192.168.30.10:35112] with ContainerStateMachine:uninitialized
2019-09-25 05:06:08,511 [pool-27-thread-1] INFO  server.RaftServerConfigKeys (ConfUtils.java:logGet(43)) - raft.server.rpc.timeout.min = 5s (custom)
2019-09-25 05:06:08,511 [pool-27-thread-1] INFO  server.RaftServerConfigKeys (ConfUtils.java:logGet(43)) - raft.server.rpc.timeout.max = 5200ms (custom)
2019-09-25 05:06:08,511 [pool-27-thread-1] INFO  server.RaftServerConfigKeys (ConfUtils.java:logGet(43)) - raft.server.rpcslowness.timeout = 120s (custom)
2019-09-25 05:06:08,511 [pool-27-thread-1] INFO  server.RaftServerConfigKeys (ConfUtils.java:logGet(43)) - raft.server.sleep.deviation.threshold = 300 (default)
2019-09-25 05:06:08,511 [pool-27-thread-1] INFO  server.RaftServerConfigKeys (ConfUtils.java:logGet(43)) - raft.server.log.appender.install.snapshot.enabled = false (custom)
2019-09-25 05:06:08,512 [pool-27-thread-1] INFO  impl.RaftServerImpl (ServerState.java:<init>(103)) - f77bfc29-6991-4b1d-a503-f706c83de4fc@group-AA2D3410AA81: ConfigurationManager, init=-1: [f77bfc29-6991-4b1d-a503-f706c83de4fc:192.168.30.10:35112], old=null, confs=<EMPTY_MAP>
2019-09-25 05:06:08,512 [pool-27-thread-1] INFO  server.RaftServerConfigKeys (ConfUtils.java:logGet(43)) - raft.server.storage.dir = [/workdir/hadoop-ozone/integration-test/target/test-dir/MiniOzoneClusterImpl-23306158-e895-4fc7-80df-ce6c264c388b/datanode-0/data/ratis] (custom)
2019-09-25 05:06:08,512 [pool-27-thread-1] INFO  storage.RaftStorageDirectory (RaftStorageDirectory.java:analyzeStorage(246)) - The storage directory /workdir/hadoop-ozone/integration-test/target/test-dir/MiniOzoneClusterImpl-23306158-e895-4fc7-80df-ce6c264c388b/datanode-0/data/ratis/4fc5a509-02b1-415e-88ea-aa2d3410aa81 does not exist. Creating ...
2019-09-25 05:06:08,526 [pool-27-thread-1] INFO  storage.RaftStorageDirectory (RaftStorageDirectory.java:tryLock(328)) - Lock on /workdir/hadoop-ozone/integration-test/target/test-dir/MiniOzoneClusterImpl-23306158-e895-4fc7-80df-ce6c264c388b/datanode-0/data/ratis/4fc5a509-02b1-415e-88ea-aa2d3410aa81/in_use.lock acquired by nodename 25526@pr-hdds-1569-s62bp-3040748787
2019-09-25 05:06:08,553 [pool-27-thread-1] INFO  storage.RaftStorage (RaftStorage.java:format(72)) - Storage directory /workdir/hadoop-ozone/integration-test/target/test-dir/MiniOzoneClusterImpl-23306158-e895-4fc7-80df-ce6c264c388b/datanode-0/data/ratis/4fc5a509-02b1-415e-88ea-aa2d3410aa81 has been successfully formatted.
2019-09-25 05:06:08,553 [pool-27-thread-1] INFO  ratis.ContainerStateMachine (ContainerStateMachine.java:loadSnapshot(230)) - group-AA2D3410AA81: The snapshot info is null. Setting the last applied indexto:(t:0, i:~)
2019-09-25 05:06:08,553 [pool-27-thread-1] INFO  server.RaftServerConfigKeys (ConfUtils.java:logGet(43)) - raft.server.notification.no-leader.timeout = 120s (custom)
2019-09-25 05:06:08,554 [pool-27-thread-1] INFO  server.RaftServerConfigKeys (ConfUtils.java:logGet(43)) - raft.server.log.use.memory = false (default)
2019-09-25 05:06:08,554 [pool-27-thread-1] INFO  server.RaftServerConfigKeys (ConfUtils.java:logGet(43)) - raft.server.log.purge.gap = 1000000 (custom)
2019-09-25 05:06:08,554 [pool-27-thread-1] INFO  server.RaftServerConfigKeys (ConfUtils.java:logGet(43)) - raft.server.log.appender.buffer.byte-limit = 33554432 (custom)
2019-09-25 05:06:08,554 [pool-27-thread-1] INFO  server.RaftServerConfigKeys (ConfUtils.java:logGet(43)) - raft.server.log.segment.size.max = 1048576 (custom)
2019-09-25 05:06:08,555 [pool-27-thread-1] INFO  server.RaftServerConfigKeys (ConfUtils.java:logGet(43)) - raft.server.log.segment.cache.num.max = 2 (custom)
2019-09-25 05:06:08,555 [pool-27-thread-1] INFO  segmented.SegmentedRaftLogWorker (SegmentedRaftLogWorker.java:<init>(172)) - new f77bfc29-6991-4b1d-a503-f706c83de4fc@group-AA2D3410AA81-SegmentedRaftLogWorker for RaftStorage:Storage Directory /workdir/hadoop-ozone/integration-test/target/test-dir/MiniOzoneClusterImpl-23306158-e895-4fc7-80df-ce6c264c388b/datanode-0/data/ratis/4fc5a509-02b1-415e-88ea-aa2d3410aa81
2019-09-25 05:06:08,555 [pool-27-thread-1] INFO  server.RaftServerConfigKeys (ConfUtils.java:logGet(43)) - raft.server.log.queue.byte-limit = 2147483647 (custom)
2019-09-25 05:06:08,555 [pool-27-thread-1] INFO  server.RaftServerConfigKeys (ConfUtils.java:logGet(43)) - raft.server.log.queue.element-limit = 1024 (custom)
2019-09-25 05:06:08,556 [pool-27-thread-1] INFO  server.RaftServerConfigKeys (ConfUtils.java:logGet(43)) - raft.server.log.segment.size.max = 1048576 (custom)
2019-09-25 05:06:08,556 [pool-27-thread-1] INFO  server.RaftServerConfigKeys (ConfUtils.java:logGet(43)) - raft.server.log.preallocated.size = 16384 (custom)
2019-09-25 05:06:08,556 [pool-27-thread-1] INFO  server.RaftServerConfigKeys (ConfUtils.java:logGet(43)) - raft.server.log.write.buffer.size = 33554432 (custom)
2019-09-25 05:06:08,556 [pool-27-thread-1] INFO  server.RaftServerConfigKeys (ConfUtils.java:logGet(43)) - raft.server.log.force.sync.num = 128 (default)
2019-09-25 05:06:08,556 [pool-27-thread-1] INFO  server.RaftServerConfigKeys (ConfUtils.java:logGet(43)) - raft.server.log.statemachine.data.sync = true (default)
2019-09-25 05:06:08,557 [pool-27-thread-1] INFO  server.RaftServerConfigKeys (ConfUtils.java:logGet(43)) - raft.server.log.statemachine.data.sync.timeout = 10s (default)
2019-09-25 05:06:08,557 [pool-27-thread-1] INFO  server.RaftServerConfigKeys (ConfUtils.java:logGet(43)) - raft.server.log.statemachine.data.sync.timeout.retry = -1 (default)
2019-09-25 05:06:08,557 [pool-27-thread-1] INFO  server.RaftServerConfigKeys (ConfUtils.java:logGet(43)) - raft.server.log.statemachine.data.caching.enabled = true (custom)
2019-09-25 05:06:08,558 [pool-27-thread-1] INFO  segmented.SegmentedRaftLogWorker (SegmentedRaftLogWorker.java:lambda$new$0(132)) - f77bfc29-6991-4b1d-a503-f706c83de4fc@group-AA2D3410AA81-SegmentedRaftLogWorker: flushIndex: setUnconditionally 0 -> -1
2019-09-25 05:06:08,558 [pool-27-thread-1] INFO  server.RaftServerConfigKeys (ConfUtils.java:logGet(43)) - raft.server.snapshot.auto.trigger.enabled = true (custom)
2019-09-25 05:06:08,558 [pool-27-thread-1] INFO  server.RaftServerConfigKeys (ConfUtils.java:logGet(43)) - raft.server.snapshot.auto.trigger.threshold = 10000 (custom)
2019-09-25 05:06:08,558 [pool-27-thread-1] INFO  server.RaftServerConfigKeys (ConfUtils.java:logGet(43)) - raft.server.snapshot.retention.num.files = 5 (custom)
2019-09-25 05:06:08,559 [pool-27-thread-1] INFO  server.RaftServerConfigKeys (ConfUtils.java:logGet(43)) - raft.server.retrycache.expirytime = 600000ms (custom)
2019-09-25 05:06:08,562 [pool-27-thread-1] INFO  impl.RaftServerImpl (RaftServerImpl.java:start(185)) - f77bfc29-6991-4b1d-a503-f706c83de4fc@group-AA2D3410AA81: start as a follower, conf=-1: [f77bfc29-6991-4b1d-a503-f706c83de4fc:192.168.30.10:35112], old=null
2019-09-25 05:06:08,562 [pool-27-thread-1] INFO  impl.RaftServerImpl (RaftServerImpl.java:setRole(174)) - f77bfc29-6991-4b1d-a503-f706c83de4fc@group-AA2D3410AA81: changes role from      null to FOLLOWER at term 0 for startAsFollower
2019-09-25 05:06:08,562 [pool-27-thread-1] INFO  impl.RoleInfo (RoleInfo.java:updateAndGet(143)) - f77bfc29-6991-4b1d-a503-f706c83de4fc: start FollowerState
2019-09-25 05:06:08,562 [pool-27-thread-1] INFO  util.JmxRegister (JmxRegister.java:tryRegister(44)) - Successfully registered JMX Bean with object name Ratis:service=RaftServer,group=group-AA2D3410AA81,id=f77bfc29-6991-4b1d-a503-f706c83de4fc
2019-09-25 05:06:08,571 [RatisPipelineUtilsThread] INFO  pipeline.PipelineStateManager (PipelineStateManager.java:addPipeline(56)) - Created pipeline Pipeline[ Id: 4fc5a509-02b1-415e-88ea-aa2d3410aa81, Nodes: f77bfc29-6991-4b1d-a503-f706c83de4fc{ip: 192.168.30.10, host: pr-hdds-1569-s62bp-3040748787, networkLocation: /default-rack, certSerialId: null}, Type:RATIS, Factor:ONE, State:OPEN]
2019-09-25 05:06:08,583 [grpc-default-executor-0] INFO  impl.RaftServerProxy (RaftServerProxy.java:addNew(89)) - 36ac27b3-2f11-437d-8f1f-165306b0ff4a: addNew group-94DEA437B035:[36ac27b3-2f11-437d-8f1f-165306b0ff4a:192.168.30.10:45265] returns group-94DEA437B035:java.util.concurrent.CompletableFuture@1379710f[Not completed]
2019-09-25 05:06:08,585 [pool-37-thread-1] INFO  impl.RaftServerImpl (RaftServerImpl.java:<init>(95)) - 36ac27b3-2f11-437d-8f1f-165306b0ff4a: new RaftServerImpl for group-94DEA437B035:[36ac27b3-2f11-437d-8f1f-165306b0ff4a:192.168.30.10:45265] with ContainerStateMachine:uninitialized
2019-09-25 05:06:08,585 [pool-37-thread-1] INFO  server.RaftServerConfigKeys (ConfUtils.java:logGet(43)) - raft.server.rpc.timeout.min = 5s (custom)
2019-09-25 05:06:08,585 [pool-37-thread-1] INFO  server.RaftServerConfigKeys (ConfUtils.java:logGet(43)) - raft.server.rpc.timeout.max = 5200ms (custom)
2019-09-25 05:06:08,585 [pool-37-thread-1] INFO  server.RaftServerConfigKeys (ConfUtils.java:logGet(43)) - raft.server.rpcslowness.timeout = 120s (custom)
2019-09-25 05:06:08,586 [pool-37-thread-1] INFO  server.RaftServerConfigKeys (ConfUtils.java:logGet(43)) - raft.server.sleep.deviation.threshold = 300 (default)
2019-09-25 05:06:08,586 [pool-37-thread-1] INFO  server.RaftServerConfigKeys (ConfUtils.java:logGet(43)) - raft.server.log.appender.install.snapshot.enabled = false (custom)
2019-09-25 05:06:08,586 [pool-37-thread-1] INFO  impl.RaftServerImpl (ServerState.java:<init>(103)) - 36ac27b3-2f11-437d-8f1f-165306b0ff4a@group-94DEA437B035: ConfigurationManager, init=-1: [36ac27b3-2f11-437d-8f1f-165306b0ff4a:192.168.30.10:45265], old=null, confs=<EMPTY_MAP>
2019-09-25 05:06:08,586 [pool-37-thread-1] INFO  server.RaftServerConfigKeys (ConfUtils.java:logGet(43)) - raft.server.storage.dir = [/workdir/hadoop-ozone/integration-test/target/test-dir/MiniOzoneClusterImpl-23306158-e895-4fc7-80df-ce6c264c388b/datanode-1/data/ratis] (custom)
2019-09-25 05:06:08,587 [pool-37-thread-1] INFO  storage.RaftStorageDirectory (RaftStorageDirectory.java:analyzeStorage(246)) - The storage directory /workdir/hadoop-ozone/integration-test/target/test-dir/MiniOzoneClusterImpl-23306158-e895-4fc7-80df-ce6c264c388b/datanode-1/data/ratis/a9824620-31ca-440b-b239-94dea437b035 does not exist. Creating ...
2019-09-25 05:06:08,600 [pool-37-thread-1] INFO  storage.RaftStorageDirectory (RaftStorageDirectory.java:tryLock(328)) - Lock on /workdir/hadoop-ozone/integration-test/target/test-dir/MiniOzoneClusterImpl-23306158-e895-4fc7-80df-ce6c264c388b/datanode-1/data/ratis/a9824620-31ca-440b-b239-94dea437b035/in_use.lock acquired by nodename 25526@pr-hdds-1569-s62bp-3040748787
2019-09-25 05:06:08,613 [pool-37-thread-1] INFO  storage.RaftStorage (RaftStorage.java:format(72)) - Storage directory /workdir/hadoop-ozone/integration-test/target/test-dir/MiniOzoneClusterImpl-23306158-e895-4fc7-80df-ce6c264c388b/datanode-1/data/ratis/a9824620-31ca-440b-b239-94dea437b035 has been successfully formatted.
2019-09-25 05:06:08,614 [pool-37-thread-1] INFO  ratis.ContainerStateMachine (ContainerStateMachine.java:loadSnapshot(230)) - group-94DEA437B035: The snapshot info is null. Setting the last applied indexto:(t:0, i:~)
2019-09-25 05:06:08,614 [pool-37-thread-1] INFO  server.RaftServerConfigKeys (ConfUtils.java:logGet(43)) - raft.server.notification.no-leader.timeout = 120s (custom)
2019-09-25 05:06:08,614 [pool-37-thread-1] INFO  server.RaftServerConfigKeys (ConfUtils.java:logGet(43)) - raft.server.log.use.memory = false (default)
2019-09-25 05:06:08,614 [pool-37-thread-1] INFO  server.RaftServerConfigKeys (ConfUtils.java:logGet(43)) - raft.server.log.purge.gap = 1000000 (custom)
2019-09-25 05:06:08,615 [pool-37-thread-1] INFO  server.RaftServerConfigKeys (ConfUtils.java:logGet(43)) - raft.server.log.appender.buffer.byte-limit = 33554432 (custom)
2019-09-25 05:06:08,615 [pool-37-thread-1] INFO  server.RaftServerConfigKeys (ConfUtils.java:logGet(43)) - raft.server.log.segment.size.max = 1048576 (custom)
2019-09-25 05:06:08,615 [pool-37-thread-1] INFO  server.RaftServerConfigKeys (ConfUtils.java:logGet(43)) - raft.server.log.segment.cache.num.max = 2 (custom)
2019-09-25 05:06:08,615 [pool-37-thread-1] INFO  segmented.SegmentedRaftLogWorker (SegmentedRaftLogWorker.java:<init>(172)) - new 36ac27b3-2f11-437d-8f1f-165306b0ff4a@group-94DEA437B035-SegmentedRaftLogWorker for RaftStorage:Storage Directory /workdir/hadoop-ozone/integration-test/target/test-dir/MiniOzoneClusterImpl-23306158-e895-4fc7-80df-ce6c264c388b/datanode-1/data/ratis/a9824620-31ca-440b-b239-94dea437b035
2019-09-25 05:06:08,615 [pool-37-thread-1] INFO  server.RaftServerConfigKeys (ConfUtils.java:logGet(43)) - raft.server.log.queue.byte-limit = 2147483647 (custom)
2019-09-25 05:06:08,615 [pool-37-thread-1] INFO  server.RaftServerConfigKeys (ConfUtils.java:logGet(43)) - raft.server.log.queue.element-limit = 1024 (custom)
2019-09-25 05:06:08,615 [pool-37-thread-1] INFO  server.RaftServerConfigKeys (ConfUtils.java:logGet(43)) - raft.server.log.segment.size.max = 1048576 (custom)
2019-09-25 05:06:08,615 [pool-37-thread-1] INFO  server.RaftServerConfigKeys (ConfUtils.java:logGet(43)) - raft.server.log.preallocated.size = 16384 (custom)
2019-09-25 05:06:08,616 [pool-37-thread-1] INFO  server.RaftServerConfigKeys (ConfUtils.java:logGet(43)) - raft.server.log.write.buffer.size = 33554432 (custom)
2019-09-25 05:06:08,616 [pool-37-thread-1] INFO  server.RaftServerConfigKeys (ConfUtils.java:logGet(43)) - raft.server.log.force.sync.num = 128 (default)
2019-09-25 05:06:08,616 [pool-37-thread-1] INFO  server.RaftServerConfigKeys (ConfUtils.java:logGet(43)) - raft.server.log.statemachine.data.sync = true (default)
2019-09-25 05:06:08,616 [pool-37-thread-1] INFO  server.RaftServerConfigKeys (ConfUtils.java:logGet(43)) - raft.server.log.statemachine.data.sync.timeout = 10s (default)
2019-09-25 05:06:08,616 [pool-37-thread-1] INFO  server.RaftServerConfigKeys (ConfUtils.java:logGet(43)) - raft.server.log.statemachine.data.sync.timeout.retry = -1 (default)
2019-09-25 05:06:08,616 [pool-37-thread-1] INFO  server.RaftServerConfigKeys (ConfUtils.java:logGet(43)) - raft.server.log.statemachine.data.caching.enabled = true (custom)
2019-09-25 05:06:08,617 [pool-37-thread-1] INFO  segmented.SegmentedRaftLogWorker (SegmentedRaftLogWorker.java:lambda$new$0(132)) - 36ac27b3-2f11-437d-8f1f-165306b0ff4a@group-94DEA437B035-SegmentedRaftLogWorker: flushIndex: setUnconditionally 0 -> -1
2019-09-25 05:06:08,617 [pool-37-thread-1] INFO  server.RaftServerConfigKeys (ConfUtils.java:logGet(43)) - raft.server.snapshot.auto.trigger.enabled = true (custom)
2019-09-25 05:06:08,617 [pool-37-thread-1] INFO  server.RaftServerConfigKeys (ConfUtils.java:logGet(43)) - raft.server.snapshot.auto.trigger.threshold = 10000 (custom)
2019-09-25 05:06:08,617 [pool-37-thread-1] INFO  server.RaftServerConfigKeys (ConfUtils.java:logGet(43)) - raft.server.snapshot.retention.num.files = 5 (custom)
2019-09-25 05:06:08,617 [pool-37-thread-1] INFO  server.RaftServerConfigKeys (ConfUtils.java:logGet(43)) - raft.server.retrycache.expirytime = 600000ms (custom)
2019-09-25 05:06:08,620 [pool-37-thread-1] INFO  impl.RaftServerImpl (RaftServerImpl.java:start(185)) - 36ac27b3-2f11-437d-8f1f-165306b0ff4a@group-94DEA437B035: start as a follower, conf=-1: [36ac27b3-2f11-437d-8f1f-165306b0ff4a:192.168.30.10:45265], old=null
2019-09-25 05:06:08,620 [pool-37-thread-1] INFO  impl.RaftServerImpl (RaftServerImpl.java:setRole(174)) - 36ac27b3-2f11-437d-8f1f-165306b0ff4a@group-94DEA437B035: changes role from      null to FOLLOWER at term 0 for startAsFollower
2019-09-25 05:06:08,621 [pool-37-thread-1] INFO  impl.RoleInfo (RoleInfo.java:updateAndGet(143)) - 36ac27b3-2f11-437d-8f1f-165306b0ff4a: start FollowerState
2019-09-25 05:06:08,621 [pool-37-thread-1] INFO  util.JmxRegister (JmxRegister.java:tryRegister(44)) - Successfully registered JMX Bean with object name Ratis:service=RaftServer,group=group-94DEA437B035,id=36ac27b3-2f11-437d-8f1f-165306b0ff4a
2019-09-25 05:06:08,627 [RatisPipelineUtilsThread] INFO  pipeline.PipelineStateManager (PipelineStateManager.java:addPipeline(56)) - Created pipeline Pipeline[ Id: a9824620-31ca-440b-b239-94dea437b035, Nodes: 36ac27b3-2f11-437d-8f1f-165306b0ff4a{ip: 192.168.30.10, host: pr-hdds-1569-s62bp-3040748787, networkLocation: /default-rack, certSerialId: null}, Type:RATIS, Factor:ONE, State:OPEN]
2019-09-25 05:06:08,637 [grpc-default-executor-0] INFO  impl.RaftServerProxy (RaftServerProxy.java:addNew(89)) - f77bfc29-6991-4b1d-a503-f706c83de4fc: addNew group-EC9747DEA868:[f77bfc29-6991-4b1d-a503-f706c83de4fc:192.168.30.10:35112] returns group-EC9747DEA868:java.util.concurrent.CompletableFuture@5e055bcc[Not completed]
2019-09-25 05:06:08,638 [pool-27-thread-1] INFO  impl.RaftServerImpl (RaftServerImpl.java:<init>(95)) - f77bfc29-6991-4b1d-a503-f706c83de4fc: new RaftServerImpl for group-EC9747DEA868:[f77bfc29-6991-4b1d-a503-f706c83de4fc:192.168.30.10:35112] with ContainerStateMachine:uninitialized
2019-09-25 05:06:08,638 [pool-27-thread-1] INFO  server.RaftServerConfigKeys (ConfUtils.java:logGet(43)) - raft.server.rpc.timeout.min = 5s (custom)
2019-09-25 05:06:08,639 [pool-27-thread-1] INFO  server.RaftServerConfigKeys (ConfUtils.java:logGet(43)) - raft.server.rpc.timeout.max = 5200ms (custom)
2019-09-25 05:06:08,639 [pool-27-thread-1] INFO  server.RaftServerConfigKeys (ConfUtils.java:logGet(43)) - raft.server.rpcslowness.timeout = 120s (custom)
2019-09-25 05:06:08,639 [pool-27-thread-1] INFO  server.RaftServerConfigKeys (ConfUtils.java:logGet(43)) - raft.server.sleep.deviation.threshold = 300 (default)
2019-09-25 05:06:08,639 [pool-27-thread-1] INFO  server.RaftServerConfigKeys (ConfUtils.java:logGet(43)) - raft.server.log.appender.install.snapshot.enabled = false (custom)
2019-09-25 05:06:08,639 [pool-27-thread-1] INFO  impl.RaftServerImpl (ServerState.java:<init>(103)) - f77bfc29-6991-4b1d-a503-f706c83de4fc@group-EC9747DEA868: ConfigurationManager, init=-1: [f77bfc29-6991-4b1d-a503-f706c83de4fc:192.168.30.10:35112], old=null, confs=<EMPTY_MAP>
2019-09-25 05:06:08,639 [pool-27-thread-1] INFO  server.RaftServerConfigKeys (ConfUtils.java:logGet(43)) - raft.server.storage.dir = [/workdir/hadoop-ozone/integration-test/target/test-dir/MiniOzoneClusterImpl-23306158-e895-4fc7-80df-ce6c264c388b/datanode-0/data/ratis] (custom)
2019-09-25 05:06:08,639 [pool-27-thread-1] INFO  storage.RaftStorageDirectory (RaftStorageDirectory.java:analyzeStorage(246)) - The storage directory /workdir/hadoop-ozone/integration-test/target/test-dir/MiniOzoneClusterImpl-23306158-e895-4fc7-80df-ce6c264c388b/datanode-0/data/ratis/9ef699ff-0c77-4f0d-98dd-ec9747dea868 does not exist. Creating ...
2019-09-25 05:06:08,652 [pool-27-thread-1] INFO  storage.RaftStorageDirectory (RaftStorageDirectory.java:tryLock(328)) - Lock on /workdir/hadoop-ozone/integration-test/target/test-dir/MiniOzoneClusterImpl-23306158-e895-4fc7-80df-ce6c264c388b/datanode-0/data/ratis/9ef699ff-0c77-4f0d-98dd-ec9747dea868/in_use.lock acquired by nodename 25526@pr-hdds-1569-s62bp-3040748787
2019-09-25 05:06:08,666 [pool-27-thread-1] INFO  storage.RaftStorage (RaftStorage.java:format(72)) - Storage directory /workdir/hadoop-ozone/integration-test/target/test-dir/MiniOzoneClusterImpl-23306158-e895-4fc7-80df-ce6c264c388b/datanode-0/data/ratis/9ef699ff-0c77-4f0d-98dd-ec9747dea868 has been successfully formatted.
2019-09-25 05:06:08,667 [pool-27-thread-1] INFO  ratis.ContainerStateMachine (ContainerStateMachine.java:loadSnapshot(230)) - group-EC9747DEA868: The snapshot info is null. Setting the last applied indexto:(t:0, i:~)
2019-09-25 05:06:08,667 [pool-27-thread-1] INFO  server.RaftServerConfigKeys (ConfUtils.java:logGet(43)) - raft.server.notification.no-leader.timeout = 120s (custom)
2019-09-25 05:06:08,667 [pool-27-thread-1] INFO  server.RaftServerConfigKeys (ConfUtils.java:logGet(43)) - raft.server.log.use.memory = false (default)
2019-09-25 05:06:08,667 [pool-27-thread-1] INFO  server.RaftServerConfigKeys (ConfUtils.java:logGet(43)) - raft.server.log.purge.gap = 1000000 (custom)
2019-09-25 05:06:08,668 [pool-27-thread-1] INFO  server.RaftServerConfigKeys (ConfUtils.java:logGet(43)) - raft.server.log.appender.buffer.byte-limit = 33554432 (custom)
2019-09-25 05:06:08,668 [pool-27-thread-1] INFO  server.RaftServerConfigKeys (ConfUtils.java:logGet(43)) - raft.server.log.segment.size.max = 1048576 (custom)
2019-09-25 05:06:08,668 [pool-27-thread-1] INFO  server.RaftServerConfigKeys (ConfUtils.java:logGet(43)) - raft.server.log.segment.cache.num.max = 2 (custom)
2019-09-25 05:06:08,668 [pool-27-thread-1] INFO  segmented.SegmentedRaftLogWorker (SegmentedRaftLogWorker.java:<init>(172)) - new f77bfc29-6991-4b1d-a503-f706c83de4fc@group-EC9747DEA868-SegmentedRaftLogWorker for RaftStorage:Storage Directory /workdir/hadoop-ozone/integration-test/target/test-dir/MiniOzoneClusterImpl-23306158-e895-4fc7-80df-ce6c264c388b/datanode-0/data/ratis/9ef699ff-0c77-4f0d-98dd-ec9747dea868
2019-09-25 05:06:08,668 [pool-27-thread-1] INFO  server.RaftServerConfigKeys (ConfUtils.java:logGet(43)) - raft.server.log.queue.byte-limit = 2147483647 (custom)
2019-09-25 05:06:08,669 [pool-27-thread-1] INFO  server.RaftServerConfigKeys (ConfUtils.java:logGet(43)) - raft.server.log.queue.element-limit = 1024 (custom)
2019-09-25 05:06:08,669 [pool-27-thread-1] INFO  server.RaftServerConfigKeys (ConfUtils.java:logGet(43)) - raft.server.log.segment.size.max = 1048576 (custom)
2019-09-25 05:06:08,669 [pool-27-thread-1] INFO  server.RaftServerConfigKeys (ConfUtils.java:logGet(43)) - raft.server.log.preallocated.size = 16384 (custom)
2019-09-25 05:06:08,669 [pool-27-thread-1] INFO  server.RaftServerConfigKeys (ConfUtils.java:logGet(43)) - raft.server.log.write.buffer.size = 33554432 (custom)
2019-09-25 05:06:08,669 [pool-27-thread-1] INFO  server.RaftServerConfigKeys (ConfUtils.java:logGet(43)) - raft.server.log.force.sync.num = 128 (default)
2019-09-25 05:06:08,669 [pool-27-thread-1] INFO  server.RaftServerConfigKeys (ConfUtils.java:logGet(43)) - raft.server.log.statemachine.data.sync = true (default)
2019-09-25 05:06:08,670 [pool-27-thread-1] INFO  server.RaftServerConfigKeys (ConfUtils.java:logGet(43)) - raft.server.log.statemachine.data.sync.timeout = 10s (default)
2019-09-25 05:06:08,670 [pool-27-thread-1] INFO  server.RaftServerConfigKeys (ConfUtils.java:logGet(43)) - raft.server.log.statemachine.data.sync.timeout.retry = -1 (default)
2019-09-25 05:06:08,670 [pool-27-thread-1] INFO  server.RaftServerConfigKeys (ConfUtils.java:logGet(43)) - raft.server.log.statemachine.data.caching.enabled = true (custom)
2019-09-25 05:06:08,671 [pool-27-thread-1] INFO  segmented.SegmentedRaftLogWorker (SegmentedRaftLogWorker.java:lambda$new$0(132)) - f77bfc29-6991-4b1d-a503-f706c83de4fc@group-EC9747DEA868-SegmentedRaftLogWorker: flushIndex: setUnconditionally 0 -> -1
2019-09-25 05:06:08,671 [pool-27-thread-1] INFO  server.RaftServerConfigKeys (ConfUtils.java:logGet(43)) - raft.server.snapshot.auto.trigger.enabled = true (custom)
2019-09-25 05:06:08,671 [pool-27-thread-1] INFO  server.RaftServerConfigKeys (ConfUtils.java:logGet(43)) - raft.server.snapshot.auto.trigger.threshold = 10000 (custom)
2019-09-25 05:06:08,671 [pool-27-thread-1] INFO  server.RaftServerConfigKeys (ConfUtils.java:logGet(43)) - raft.server.snapshot.retention.num.files = 5 (custom)
2019-09-25 05:06:08,672 [pool-27-thread-1] INFO  server.RaftServerConfigKeys (ConfUtils.java:logGet(43)) - raft.server.retrycache.expirytime = 600000ms (custom)
2019-09-25 05:06:08,675 [pool-27-thread-1] INFO  impl.RaftServerImpl (RaftServerImpl.java:start(185)) - f77bfc29-6991-4b1d-a503-f706c83de4fc@group-EC9747DEA868: start as a follower, conf=-1: [f77bfc29-6991-4b1d-a503-f706c83de4fc:192.168.30.10:35112], old=null
2019-09-25 05:06:08,675 [pool-27-thread-1] INFO  impl.RaftServerImpl (RaftServerImpl.java:setRole(174)) - f77bfc29-6991-4b1d-a503-f706c83de4fc@group-EC9747DEA868: changes role from      null to FOLLOWER at term 0 for startAsFollower
2019-09-25 05:06:08,675 [pool-27-thread-1] INFO  impl.RoleInfo (RoleInfo.java:updateAndGet(143)) - f77bfc29-6991-4b1d-a503-f706c83de4fc: start FollowerState
2019-09-25 05:06:08,676 [pool-27-thread-1] INFO  util.JmxRegister (JmxRegister.java:tryRegister(44)) - Successfully registered JMX Bean with object name Ratis:service=RaftServer,group=group-EC9747DEA868,id=f77bfc29-6991-4b1d-a503-f706c83de4fc
2019-09-25 05:06:08,681 [RatisPipelineUtilsThread] INFO  pipeline.PipelineStateManager (PipelineStateManager.java:addPipeline(56)) - Created pipeline Pipeline[ Id: 9ef699ff-0c77-4f0d-98dd-ec9747dea868, Nodes: f77bfc29-6991-4b1d-a503-f706c83de4fc{ip: 192.168.30.10, host: pr-hdds-1569-s62bp-3040748787, networkLocation: /default-rack, certSerialId: null}, Type:RATIS, Factor:ONE, State:OPEN]
2019-09-25 05:06:09,004 [grpc-default-executor-0] INFO  impl.RaftServerProxy (RaftServerProxy.java:addNew(89)) - b4fa7d23-6606-45fd-9544-2b08ca3fa933: addNew group-F1A86D7C53CD:[b4fa7d23-6606-45fd-9544-2b08ca3fa933:192.168.30.10:34493] returns group-F1A86D7C53CD:java.util.concurrent.CompletableFuture@7323dc2d[Not completed]
2019-09-25 05:06:09,007 [Thread-238] INFO  container.ReplicationManager (ReplicationManager.java:start(163)) - Starting Replication Monitor Thread.
2019-09-25 05:06:09,008 [pool-77-thread-1] INFO  impl.RaftServerImpl (RaftServerImpl.java:<init>(95)) - b4fa7d23-6606-45fd-9544-2b08ca3fa933: new RaftServerImpl for group-F1A86D7C53CD:[b4fa7d23-6606-45fd-9544-2b08ca3fa933:192.168.30.10:34493] with ContainerStateMachine:uninitialized
2019-09-25 05:06:09,008 [pool-77-thread-1] INFO  server.RaftServerConfigKeys (ConfUtils.java:logGet(43)) - raft.server.rpc.timeout.min = 5s (custom)
2019-09-25 05:06:09,009 [pool-77-thread-1] INFO  server.RaftServerConfigKeys (ConfUtils.java:logGet(43)) - raft.server.rpc.timeout.max = 5200ms (custom)
2019-09-25 05:06:09,009 [pool-77-thread-1] INFO  server.RaftServerConfigKeys (ConfUtils.java:logGet(43)) - raft.server.rpcslowness.timeout = 120s (custom)
2019-09-25 05:06:09,009 [pool-77-thread-1] INFO  server.RaftServerConfigKeys (ConfUtils.java:logGet(43)) - raft.server.sleep.deviation.threshold = 300 (default)
2019-09-25 05:06:09,009 [pool-77-thread-1] INFO  server.RaftServerConfigKeys (ConfUtils.java:logGet(43)) - raft.server.log.appender.install.snapshot.enabled = false (custom)
2019-09-25 05:06:09,009 [pool-77-thread-1] INFO  impl.RaftServerImpl (ServerState.java:<init>(103)) - b4fa7d23-6606-45fd-9544-2b08ca3fa933@group-F1A86D7C53CD: ConfigurationManager, init=-1: [b4fa7d23-6606-45fd-9544-2b08ca3fa933:192.168.30.10:34493], old=null, confs=<EMPTY_MAP>
2019-09-25 05:06:09,010 [pool-77-thread-1] INFO  server.RaftServerConfigKeys (ConfUtils.java:logGet(43)) - raft.server.storage.dir = [/workdir/hadoop-ozone/integration-test/target/test-dir/MiniOzoneClusterImpl-23306158-e895-4fc7-80df-ce6c264c388b/datanode-5/data/ratis] (custom)
2019-09-25 05:06:09,010 [pool-77-thread-1] INFO  storage.RaftStorageDirectory (RaftStorageDirectory.java:analyzeStorage(246)) - The storage directory /workdir/hadoop-ozone/integration-test/target/test-dir/MiniOzoneClusterImpl-23306158-e895-4fc7-80df-ce6c264c388b/datanode-5/data/ratis/fe15b438-38ba-4654-bef6-f1a86d7c53cd does not exist. Creating ...
2019-09-25 05:06:09,024 [pool-77-thread-1] INFO  storage.RaftStorageDirectory (RaftStorageDirectory.java:tryLock(328)) - Lock on /workdir/hadoop-ozone/integration-test/target/test-dir/MiniOzoneClusterImpl-23306158-e895-4fc7-80df-ce6c264c388b/datanode-5/data/ratis/fe15b438-38ba-4654-bef6-f1a86d7c53cd/in_use.lock acquired by nodename 25526@pr-hdds-1569-s62bp-3040748787
2019-09-25 05:06:09,036 [pool-77-thread-1] INFO  storage.RaftStorage (RaftStorage.java:format(72)) - Storage directory /workdir/hadoop-ozone/integration-test/target/test-dir/MiniOzoneClusterImpl-23306158-e895-4fc7-80df-ce6c264c388b/datanode-5/data/ratis/fe15b438-38ba-4654-bef6-f1a86d7c53cd has been successfully formatted.
2019-09-25 05:06:09,036 [pool-77-thread-1] INFO  ratis.ContainerStateMachine (ContainerStateMachine.java:loadSnapshot(230)) - group-F1A86D7C53CD: The snapshot info is null. Setting the last applied indexto:(t:0, i:~)
2019-09-25 05:06:09,036 [pool-77-thread-1] INFO  server.RaftServerConfigKeys (ConfUtils.java:logGet(43)) - raft.server.notification.no-leader.timeout = 120s (custom)
2019-09-25 05:06:09,036 [pool-77-thread-1] INFO  server.RaftServerConfigKeys (ConfUtils.java:logGet(43)) - raft.server.log.use.memory = false (default)
2019-09-25 05:06:09,037 [pool-77-thread-1] INFO  server.RaftServerConfigKeys (ConfUtils.java:logGet(43)) - raft.server.log.purge.gap = 1000000 (custom)
2019-09-25 05:06:09,037 [pool-77-thread-1] INFO  server.RaftServerConfigKeys (ConfUtils.java:logGet(43)) - raft.server.log.appender.buffer.byte-limit = 33554432 (custom)
2019-09-25 05:06:09,037 [pool-77-thread-1] INFO  server.RaftServerConfigKeys (ConfUtils.java:logGet(43)) - raft.server.log.segment.size.max = 1048576 (custom)
2019-09-25 05:06:09,037 [pool-77-thread-1] INFO  server.RaftServerConfigKeys (ConfUtils.java:logGet(43)) - raft.server.log.segment.cache.num.max = 2 (custom)
2019-09-25 05:06:09,037 [pool-77-thread-1] INFO  segmented.SegmentedRaftLogWorker (SegmentedRaftLogWorker.java:<init>(172)) - new b4fa7d23-6606-45fd-9544-2b08ca3fa933@group-F1A86D7C53CD-SegmentedRaftLogWorker for RaftStorage:Storage Directory /workdir/hadoop-ozone/integration-test/target/test-dir/MiniOzoneClusterImpl-23306158-e895-4fc7-80df-ce6c264c388b/datanode-5/data/ratis/fe15b438-38ba-4654-bef6-f1a86d7c53cd
2019-09-25 05:06:09,038 [pool-77-thread-1] INFO  server.RaftServerConfigKeys (ConfUtils.java:logGet(43)) - raft.server.log.queue.byte-limit = 2147483647 (custom)
2019-09-25 05:06:09,038 [pool-77-thread-1] INFO  server.RaftServerConfigKeys (ConfUtils.java:logGet(43)) - raft.server.log.queue.element-limit = 1024 (custom)
2019-09-25 05:06:09,038 [pool-77-thread-1] INFO  server.RaftServerConfigKeys (ConfUtils.java:logGet(43)) - raft.server.log.segment.size.max = 1048576 (custom)
2019-09-25 05:06:09,038 [pool-77-thread-1] INFO  server.RaftServerConfigKeys (ConfUtils.java:logGet(43)) - raft.server.log.preallocated.size = 16384 (custom)
2019-09-25 05:06:09,038 [pool-77-thread-1] INFO  server.RaftServerConfigKeys (ConfUtils.java:logGet(43)) - raft.server.log.write.buffer.size = 33554432 (custom)
2019-09-25 05:06:09,038 [pool-77-thread-1] INFO  server.RaftServerConfigKeys (ConfUtils.java:logGet(43)) - raft.server.log.force.sync.num = 128 (default)
2019-09-25 05:06:09,039 [pool-77-thread-1] INFO  server.RaftServerConfigKeys (ConfUtils.java:logGet(43)) - raft.server.log.statemachine.data.sync = true (default)
2019-09-25 05:06:09,039 [pool-77-thread-1] INFO  server.RaftServerConfigKeys (ConfUtils.java:logGet(43)) - raft.server.log.statemachine.data.sync.timeout = 10s (default)
2019-09-25 05:06:09,039 [pool-77-thread-1] INFO  server.RaftServerConfigKeys (ConfUtils.java:logGet(43)) - raft.server.log.statemachine.data.sync.timeout.retry = -1 (default)
2019-09-25 05:06:09,039 [pool-77-thread-1] INFO  server.RaftServerConfigKeys (ConfUtils.java:logGet(43)) - raft.server.log.statemachine.data.caching.enabled = true (custom)
2019-09-25 05:06:09,040 [pool-77-thread-1] INFO  segmented.SegmentedRaftLogWorker (SegmentedRaftLogWorker.java:lambda$new$0(132)) - b4fa7d23-6606-45fd-9544-2b08ca3fa933@group-F1A86D7C53CD-SegmentedRaftLogWorker: flushIndex: setUnconditionally 0 -> -1
2019-09-25 05:06:09,040 [pool-77-thread-1] INFO  server.RaftServerConfigKeys (ConfUtils.java:logGet(43)) - raft.server.snapshot.auto.trigger.enabled = true (custom)
2019-09-25 05:06:09,040 [pool-77-thread-1] INFO  server.RaftServerConfigKeys (ConfUtils.java:logGet(43)) - raft.server.snapshot.auto.trigger.threshold = 10000 (custom)
2019-09-25 05:06:09,040 [pool-77-thread-1] INFO  server.RaftServerConfigKeys (ConfUtils.java:logGet(43)) - raft.server.snapshot.retention.num.files = 5 (custom)
2019-09-25 05:06:09,041 [pool-77-thread-1] INFO  server.RaftServerConfigKeys (ConfUtils.java:logGet(43)) - raft.server.retrycache.expirytime = 600000ms (custom)
2019-09-25 05:06:09,045 [pool-77-thread-1] INFO  impl.RaftServerImpl (RaftServerImpl.java:start(185)) - b4fa7d23-6606-45fd-9544-2b08ca3fa933@group-F1A86D7C53CD: start as a follower, conf=-1: [b4fa7d23-6606-45fd-9544-2b08ca3fa933:192.168.30.10:34493], old=null
2019-09-25 05:06:09,045 [pool-77-thread-1] INFO  impl.RaftServerImpl (RaftServerImpl.java:setRole(174)) - b4fa7d23-6606-45fd-9544-2b08ca3fa933@group-F1A86D7C53CD: changes role from      null to FOLLOWER at term 0 for startAsFollower
2019-09-25 05:06:09,045 [pool-77-thread-1] INFO  impl.RoleInfo (RoleInfo.java:updateAndGet(143)) - b4fa7d23-6606-45fd-9544-2b08ca3fa933: start FollowerState
2019-09-25 05:06:09,046 [pool-77-thread-1] INFO  util.JmxRegister (JmxRegister.java:tryRegister(44)) - Successfully registered JMX Bean with object name Ratis:service=RaftServer,group=group-F1A86D7C53CD,id=b4fa7d23-6606-45fd-9544-2b08ca3fa933
2019-09-25 05:06:09,052 [RatisPipelineUtilsThread] INFO  pipeline.PipelineStateManager (PipelineStateManager.java:addPipeline(56)) - Created pipeline Pipeline[ Id: fe15b438-38ba-4654-bef6-f1a86d7c53cd, Nodes: b4fa7d23-6606-45fd-9544-2b08ca3fa933{ip: 192.168.30.10, host: pr-hdds-1569-s62bp-3040748787, networkLocation: /default-rack, certSerialId: null}, Type:RATIS, Factor:ONE, State:OPEN]
2019-09-25 05:06:09,066 [grpc-default-executor-0] INFO  impl.RaftServerProxy (RaftServerProxy.java:addNew(89)) - f77bfc29-6991-4b1d-a503-f706c83de4fc: addNew group-4FB62CA5F41C:[f77bfc29-6991-4b1d-a503-f706c83de4fc:192.168.30.10:35112] returns group-4FB62CA5F41C:java.util.concurrent.CompletableFuture@d13d335[Not completed]
2019-09-25 05:06:09,068 [pool-27-thread-1] INFO  impl.RaftServerImpl (RaftServerImpl.java:<init>(95)) - f77bfc29-6991-4b1d-a503-f706c83de4fc: new RaftServerImpl for group-4FB62CA5F41C:[f77bfc29-6991-4b1d-a503-f706c83de4fc:192.168.30.10:35112] with ContainerStateMachine:uninitialized
2019-09-25 05:06:09,069 [pool-27-thread-1] INFO  server.RaftServerConfigKeys (ConfUtils.java:logGet(43)) - raft.server.rpc.timeout.min = 5s (custom)
2019-09-25 05:06:09,069 [pool-27-thread-1] INFO  server.RaftServerConfigKeys (ConfUtils.java:logGet(43)) - raft.server.rpc.timeout.max = 5200ms (custom)
2019-09-25 05:06:09,069 [pool-27-thread-1] INFO  server.RaftServerConfigKeys (ConfUtils.java:logGet(43)) - raft.server.rpcslowness.timeout = 120s (custom)
2019-09-25 05:06:09,069 [pool-27-thread-1] INFO  server.RaftServerConfigKeys (ConfUtils.java:logGet(43)) - raft.server.sleep.deviation.threshold = 300 (default)
2019-09-25 05:06:09,069 [pool-27-thread-1] INFO  server.RaftServerConfigKeys (ConfUtils.java:logGet(43)) - raft.server.log.appender.install.snapshot.enabled = false (custom)
2019-09-25 05:06:09,070 [pool-27-thread-1] INFO  impl.RaftServerImpl (ServerState.java:<init>(103)) - f77bfc29-6991-4b1d-a503-f706c83de4fc@group-4FB62CA5F41C: ConfigurationManager, init=-1: [f77bfc29-6991-4b1d-a503-f706c83de4fc:192.168.30.10:35112], old=null, confs=<EMPTY_MAP>
2019-09-25 05:06:09,070 [pool-27-thread-1] INFO  server.RaftServerConfigKeys (ConfUtils.java:logGet(43)) - raft.server.storage.dir = [/workdir/hadoop-ozone/integration-test/target/test-dir/MiniOzoneClusterImpl-23306158-e895-4fc7-80df-ce6c264c388b/datanode-0/data/ratis] (custom)
2019-09-25 05:06:09,070 [pool-27-thread-1] INFO  storage.RaftStorageDirectory (RaftStorageDirectory.java:analyzeStorage(246)) - The storage directory /workdir/hadoop-ozone/integration-test/target/test-dir/MiniOzoneClusterImpl-23306158-e895-4fc7-80df-ce6c264c388b/datanode-0/data/ratis/e8fd31af-faff-45f6-8a44-4fb62ca5f41c does not exist. Creating ...
2019-09-25 05:06:09,083 [pool-27-thread-1] INFO  storage.RaftStorageDirectory (RaftStorageDirectory.java:tryLock(328)) - Lock on /workdir/hadoop-ozone/integration-test/target/test-dir/MiniOzoneClusterImpl-23306158-e895-4fc7-80df-ce6c264c388b/datanode-0/data/ratis/e8fd31af-faff-45f6-8a44-4fb62ca5f41c/in_use.lock acquired by nodename 25526@pr-hdds-1569-s62bp-3040748787
2019-09-25 05:06:09,098 [pool-27-thread-1] INFO  storage.RaftStorage (RaftStorage.java:format(72)) - Storage directory /workdir/hadoop-ozone/integration-test/target/test-dir/MiniOzoneClusterImpl-23306158-e895-4fc7-80df-ce6c264c388b/datanode-0/data/ratis/e8fd31af-faff-45f6-8a44-4fb62ca5f41c has been successfully formatted.
2019-09-25 05:06:09,140 [pool-27-thread-1] INFO  ratis.ContainerStateMachine (ContainerStateMachine.java:loadSnapshot(230)) - group-4FB62CA5F41C: The snapshot info is null. Setting the last applied indexto:(t:0, i:~)
2019-09-25 05:06:09,140 [pool-27-thread-1] INFO  server.RaftServerConfigKeys (ConfUtils.java:logGet(43)) - raft.server.notification.no-leader.timeout = 120s (custom)
2019-09-25 05:06:09,140 [pool-27-thread-1] INFO  server.RaftServerConfigKeys (ConfUtils.java:logGet(43)) - raft.server.log.use.memory = false (default)
2019-09-25 05:06:09,140 [pool-27-thread-1] INFO  server.RaftServerConfigKeys (ConfUtils.java:logGet(43)) - raft.server.log.purge.gap = 1000000 (custom)
2019-09-25 05:06:09,140 [pool-27-thread-1] INFO  server.RaftServerConfigKeys (ConfUtils.java:logGet(43)) - raft.server.log.appender.buffer.byte-limit = 33554432 (custom)
2019-09-25 05:06:09,141 [pool-27-thread-1] INFO  server.RaftServerConfigKeys (ConfUtils.java:logGet(43)) - raft.server.log.segment.size.max = 1048576 (custom)
2019-09-25 05:06:09,141 [pool-27-thread-1] INFO  server.RaftServerConfigKeys (ConfUtils.java:logGet(43)) - raft.server.log.segment.cache.num.max = 2 (custom)
2019-09-25 05:06:09,141 [pool-27-thread-1] INFO  segmented.SegmentedRaftLogWorker (SegmentedRaftLogWorker.java:<init>(172)) - new f77bfc29-6991-4b1d-a503-f706c83de4fc@group-4FB62CA5F41C-SegmentedRaftLogWorker for RaftStorage:Storage Directory /workdir/hadoop-ozone/integration-test/target/test-dir/MiniOzoneClusterImpl-23306158-e895-4fc7-80df-ce6c264c388b/datanode-0/data/ratis/e8fd31af-faff-45f6-8a44-4fb62ca5f41c
2019-09-25 05:06:09,141 [pool-27-thread-1] INFO  server.RaftServerConfigKeys (ConfUtils.java:logGet(43)) - raft.server.log.queue.byte-limit = 2147483647 (custom)
2019-09-25 05:06:09,142 [pool-27-thread-1] INFO  server.RaftServerConfigKeys (ConfUtils.java:logGet(43)) - raft.server.log.queue.element-limit = 1024 (custom)
2019-09-25 05:06:09,142 [pool-27-thread-1] INFO  server.RaftServerConfigKeys (ConfUtils.java:logGet(43)) - raft.server.log.segment.size.max = 1048576 (custom)
2019-09-25 05:06:09,142 [pool-27-thread-1] INFO  server.RaftServerConfigKeys (ConfUtils.java:logGet(43)) - raft.server.log.preallocated.size = 16384 (custom)
2019-09-25 05:06:09,142 [pool-27-thread-1] INFO  server.RaftServerConfigKeys (ConfUtils.java:logGet(43)) - raft.server.log.write.buffer.size = 33554432 (custom)
2019-09-25 05:06:09,142 [pool-27-thread-1] INFO  server.RaftServerConfigKeys (ConfUtils.java:logGet(43)) - raft.server.log.force.sync.num = 128 (default)
2019-09-25 05:06:09,143 [pool-27-thread-1] INFO  server.RaftServerConfigKeys (ConfUtils.java:logGet(43)) - raft.server.log.statemachine.data.sync = true (default)
2019-09-25 05:06:09,143 [pool-27-thread-1] INFO  server.RaftServerConfigKeys (ConfUtils.java:logGet(43)) - raft.server.log.statemachine.data.sync.timeout = 10s (default)
2019-09-25 05:06:09,143 [pool-27-thread-1] INFO  server.RaftServerConfigKeys (ConfUtils.java:logGet(43)) - raft.server.log.statemachine.data.sync.timeout.retry = -1 (default)
2019-09-25 05:06:09,143 [pool-27-thread-1] INFO  server.RaftServerConfigKeys (ConfUtils.java:logGet(43)) - raft.server.log.statemachine.data.caching.enabled = true (custom)
2019-09-25 05:06:09,144 [pool-27-thread-1] INFO  segmented.SegmentedRaftLogWorker (SegmentedRaftLogWorker.java:lambda$new$0(132)) - f77bfc29-6991-4b1d-a503-f706c83de4fc@group-4FB62CA5F41C-SegmentedRaftLogWorker: flushIndex: setUnconditionally 0 -> -1
2019-09-25 05:06:09,165 [pool-27-thread-1] INFO  server.RaftServerConfigKeys (ConfUtils.java:logGet(43)) - raft.server.snapshot.auto.trigger.enabled = true (custom)
2019-09-25 05:06:09,165 [pool-27-thread-1] INFO  server.RaftServerConfigKeys (ConfUtils.java:logGet(43)) - raft.server.snapshot.auto.trigger.threshold = 10000 (custom)
2019-09-25 05:06:09,166 [pool-27-thread-1] INFO  server.RaftServerConfigKeys (ConfUtils.java:logGet(43)) - raft.server.snapshot.retention.num.files = 5 (custom)
2019-09-25 05:06:09,168 [pool-27-thread-1] INFO  server.RaftServerConfigKeys (ConfUtils.java:logGet(43)) - raft.server.retrycache.expirytime = 600000ms (custom)
2019-09-25 05:06:09,379 [pool-27-thread-1] INFO  impl.RaftServerImpl (RaftServerImpl.java:start(185)) - f77bfc29-6991-4b1d-a503-f706c83de4fc@group-4FB62CA5F41C: start as a follower, conf=-1: [f77bfc29-6991-4b1d-a503-f706c83de4fc:192.168.30.10:35112], old=null
2019-09-25 05:06:09,379 [pool-27-thread-1] INFO  impl.RaftServerImpl (RaftServerImpl.java:setRole(174)) - f77bfc29-6991-4b1d-a503-f706c83de4fc@group-4FB62CA5F41C: changes role from      null to FOLLOWER at term 0 for startAsFollower
2019-09-25 05:06:09,379 [pool-27-thread-1] INFO  impl.RoleInfo (RoleInfo.java:updateAndGet(143)) - f77bfc29-6991-4b1d-a503-f706c83de4fc: start FollowerState
2019-09-25 05:06:09,380 [pool-27-thread-1] INFO  util.JmxRegister (JmxRegister.java:tryRegister(44)) - Successfully registered JMX Bean with object name Ratis:service=RaftServer,group=group-4FB62CA5F41C,id=f77bfc29-6991-4b1d-a503-f706c83de4fc
2019-09-25 05:06:09,386 [RatisPipelineUtilsThread] INFO  pipeline.PipelineStateManager (PipelineStateManager.java:addPipeline(56)) - Created pipeline Pipeline[ Id: e8fd31af-faff-45f6-8a44-4fb62ca5f41c, Nodes: f77bfc29-6991-4b1d-a503-f706c83de4fc{ip: 192.168.30.10, host: pr-hdds-1569-s62bp-3040748787, networkLocation: /default-rack, certSerialId: null}, Type:RATIS, Factor:ONE, State:OPEN]
2019-09-25 05:06:09,397 [grpc-default-executor-0] INFO  impl.RaftServerProxy (RaftServerProxy.java:addNew(89)) - f77bfc29-6991-4b1d-a503-f706c83de4fc: addNew group-41EE765DF4CD:[f77bfc29-6991-4b1d-a503-f706c83de4fc:192.168.30.10:35112] returns group-41EE765DF4CD:java.util.concurrent.CompletableFuture@1a46dbd8[Not completed]
2019-09-25 05:06:09,399 [pool-27-thread-1] INFO  impl.RaftServerImpl (RaftServerImpl.java:<init>(95)) - f77bfc29-6991-4b1d-a503-f706c83de4fc: new RaftServerImpl for group-41EE765DF4CD:[f77bfc29-6991-4b1d-a503-f706c83de4fc:192.168.30.10:35112] with ContainerStateMachine:uninitialized
2019-09-25 05:06:09,399 [pool-27-thread-1] INFO  server.RaftServerConfigKeys (ConfUtils.java:logGet(43)) - raft.server.rpc.timeout.min = 5s (custom)
2019-09-25 05:06:09,399 [pool-27-thread-1] INFO  server.RaftServerConfigKeys (ConfUtils.java:logGet(43)) - raft.server.rpc.timeout.max = 5200ms (custom)
2019-09-25 05:06:09,399 [pool-27-thread-1] INFO  server.RaftServerConfigKeys (ConfUtils.java:logGet(43)) - raft.server.rpcslowness.timeout = 120s (custom)
2019-09-25 05:06:09,400 [pool-27-thread-1] INFO  server.RaftServerConfigKeys (ConfUtils.java:logGet(43)) - raft.server.sleep.deviation.threshold = 300 (default)
2019-09-25 05:06:09,400 [pool-27-thread-1] INFO  server.RaftServerConfigKeys (ConfUtils.java:logGet(43)) - raft.server.log.appender.install.snapshot.enabled = false (custom)
2019-09-25 05:06:09,400 [pool-27-thread-1] INFO  impl.RaftServerImpl (ServerState.java:<init>(103)) - f77bfc29-6991-4b1d-a503-f706c83de4fc@group-41EE765DF4CD: ConfigurationManager, init=-1: [f77bfc29-6991-4b1d-a503-f706c83de4fc:192.168.30.10:35112], old=null, confs=<EMPTY_MAP>
2019-09-25 05:06:09,400 [pool-27-thread-1] INFO  server.RaftServerConfigKeys (ConfUtils.java:logGet(43)) - raft.server.storage.dir = [/workdir/hadoop-ozone/integration-test/target/test-dir/MiniOzoneClusterImpl-23306158-e895-4fc7-80df-ce6c264c388b/datanode-0/data/ratis] (custom)
2019-09-25 05:06:09,401 [pool-27-thread-1] INFO  storage.RaftStorageDirectory (RaftStorageDirectory.java:analyzeStorage(246)) - The storage directory /workdir/hadoop-ozone/integration-test/target/test-dir/MiniOzoneClusterImpl-23306158-e895-4fc7-80df-ce6c264c388b/datanode-0/data/ratis/8b675488-b361-4b0c-bc73-41ee765df4cd does not exist. Creating ...
2019-09-25 05:06:09,414 [pool-27-thread-1] INFO  storage.RaftStorageDirectory (RaftStorageDirectory.java:tryLock(328)) - Lock on /workdir/hadoop-ozone/integration-test/target/test-dir/MiniOzoneClusterImpl-23306158-e895-4fc7-80df-ce6c264c388b/datanode-0/data/ratis/8b675488-b361-4b0c-bc73-41ee765df4cd/in_use.lock acquired by nodename 25526@pr-hdds-1569-s62bp-3040748787
2019-09-25 05:06:09,427 [pool-27-thread-1] INFO  storage.RaftStorage (RaftStorage.java:format(72)) - Storage directory /workdir/hadoop-ozone/integration-test/target/test-dir/MiniOzoneClusterImpl-23306158-e895-4fc7-80df-ce6c264c388b/datanode-0/data/ratis/8b675488-b361-4b0c-bc73-41ee765df4cd has been successfully formatted.
2019-09-25 05:06:09,428 [pool-27-thread-1] INFO  ratis.ContainerStateMachine (ContainerStateMachine.java:loadSnapshot(230)) - group-41EE765DF4CD: The snapshot info is null. Setting the last applied indexto:(t:0, i:~)
2019-09-25 05:06:09,428 [pool-27-thread-1] INFO  server.RaftServerConfigKeys (ConfUtils.java:logGet(43)) - raft.server.notification.no-leader.timeout = 120s (custom)
2019-09-25 05:06:09,428 [pool-27-thread-1] INFO  server.RaftServerConfigKeys (ConfUtils.java:logGet(43)) - raft.server.log.use.memory = false (default)
2019-09-25 05:06:09,428 [pool-27-thread-1] INFO  server.RaftServerConfigKeys (ConfUtils.java:logGet(43)) - raft.server.log.purge.gap = 1000000 (custom)
2019-09-25 05:06:09,428 [pool-27-thread-1] INFO  server.RaftServerConfigKeys (ConfUtils.java:logGet(43)) - raft.server.log.appender.buffer.byte-limit = 33554432 (custom)
2019-09-25 05:06:09,428 [pool-27-thread-1] INFO  server.RaftServerConfigKeys (ConfUtils.java:logGet(43)) - raft.server.log.segment.size.max = 1048576 (custom)
2019-09-25 05:06:09,429 [pool-27-thread-1] INFO  server.RaftServerConfigKeys (ConfUtils.java:logGet(43)) - raft.server.log.segment.cache.num.max = 2 (custom)
2019-09-25 05:06:09,429 [pool-27-thread-1] INFO  segmented.SegmentedRaftLogWorker (SegmentedRaftLogWorker.java:<init>(172)) - new f77bfc29-6991-4b1d-a503-f706c83de4fc@group-41EE765DF4CD-SegmentedRaftLogWorker for RaftStorage:Storage Directory /workdir/hadoop-ozone/integration-test/target/test-dir/MiniOzoneClusterImpl-23306158-e895-4fc7-80df-ce6c264c388b/datanode-0/data/ratis/8b675488-b361-4b0c-bc73-41ee765df4cd
2019-09-25 05:06:09,429 [pool-27-thread-1] INFO  server.RaftServerConfigKeys (ConfUtils.java:logGet(43)) - raft.server.log.queue.byte-limit = 2147483647 (custom)
2019-09-25 05:06:09,429 [pool-27-thread-1] INFO  server.RaftServerConfigKeys (ConfUtils.java:logGet(43)) - raft.server.log.queue.element-limit = 1024 (custom)
2019-09-25 05:06:09,429 [pool-27-thread-1] INFO  server.RaftServerConfigKeys (ConfUtils.java:logGet(43)) - raft.server.log.segment.size.max = 1048576 (custom)
2019-09-25 05:06:09,429 [pool-27-thread-1] INFO  server.RaftServerConfigKeys (ConfUtils.java:logGet(43)) - raft.server.log.preallocated.size = 16384 (custom)
2019-09-25 05:06:09,430 [pool-27-thread-1] INFO  server.RaftServerConfigKeys (ConfUtils.java:logGet(43)) - raft.server.log.write.buffer.size = 33554432 (custom)
2019-09-25 05:06:09,430 [pool-27-thread-1] INFO  server.RaftServerConfigKeys (ConfUtils.java:logGet(43)) - raft.server.log.force.sync.num = 128 (default)
2019-09-25 05:06:09,430 [pool-27-thread-1] INFO  server.RaftServerConfigKeys (ConfUtils.java:logGet(43)) - raft.server.log.statemachine.data.sync = true (default)
2019-09-25 05:06:09,430 [pool-27-thread-1] INFO  server.RaftServerConfigKeys (ConfUtils.java:logGet(43)) - raft.server.log.statemachine.data.sync.timeout = 10s (default)
2019-09-25 05:06:09,430 [pool-27-thread-1] INFO  server.RaftServerConfigKeys (ConfUtils.java:logGet(43)) - raft.server.log.statemachine.data.sync.timeout.retry = -1 (default)
2019-09-25 05:06:09,430 [pool-27-thread-1] INFO  server.RaftServerConfigKeys (ConfUtils.java:logGet(43)) - raft.server.log.statemachine.data.caching.enabled = true (custom)
2019-09-25 05:06:09,431 [pool-27-thread-1] INFO  segmented.SegmentedRaftLogWorker (SegmentedRaftLogWorker.java:lambda$new$0(132)) - f77bfc29-6991-4b1d-a503-f706c83de4fc@group-41EE765DF4CD-SegmentedRaftLogWorker: flushIndex: setUnconditionally 0 -> -1
2019-09-25 05:06:09,431 [pool-27-thread-1] INFO  server.RaftServerConfigKeys (ConfUtils.java:logGet(43)) - raft.server.snapshot.auto.trigger.enabled = true (custom)
2019-09-25 05:06:09,431 [pool-27-thread-1] INFO  server.RaftServerConfigKeys (ConfUtils.java:logGet(43)) - raft.server.snapshot.auto.trigger.threshold = 10000 (custom)
2019-09-25 05:06:09,431 [pool-27-thread-1] INFO  server.RaftServerConfigKeys (ConfUtils.java:logGet(43)) - raft.server.snapshot.retention.num.files = 5 (custom)
2019-09-25 05:06:09,432 [pool-27-thread-1] INFO  server.RaftServerConfigKeys (ConfUtils.java:logGet(43)) - raft.server.retrycache.expirytime = 600000ms (custom)
2019-09-25 05:06:09,434 [pool-27-thread-1] INFO  impl.RaftServerImpl (RaftServerImpl.java:start(185)) - f77bfc29-6991-4b1d-a503-f706c83de4fc@group-41EE765DF4CD: start as a follower, conf=-1: [f77bfc29-6991-4b1d-a503-f706c83de4fc:192.168.30.10:35112], old=null
2019-09-25 05:06:09,434 [pool-27-thread-1] INFO  impl.RaftServerImpl (RaftServerImpl.java:setRole(174)) - f77bfc29-6991-4b1d-a503-f706c83de4fc@group-41EE765DF4CD: changes role from      null to FOLLOWER at term 0 for startAsFollower
2019-09-25 05:06:09,434 [pool-27-thread-1] INFO  impl.RoleInfo (RoleInfo.java:updateAndGet(143)) - f77bfc29-6991-4b1d-a503-f706c83de4fc: start FollowerState
2019-09-25 05:06:09,435 [pool-27-thread-1] INFO  util.JmxRegister (JmxRegister.java:tryRegister(44)) - Successfully registered JMX Bean with object name Ratis:service=RaftServer,group=group-41EE765DF4CD,id=f77bfc29-6991-4b1d-a503-f706c83de4fc
2019-09-25 05:06:09,440 [RatisPipelineUtilsThread] INFO  pipeline.PipelineStateManager (PipelineStateManager.java:addPipeline(56)) - Created pipeline Pipeline[ Id: 8b675488-b361-4b0c-bc73-41ee765df4cd, Nodes: f77bfc29-6991-4b1d-a503-f706c83de4fc{ip: 192.168.30.10, host: pr-hdds-1569-s62bp-3040748787, networkLocation: /default-rack, certSerialId: null}, Type:RATIS, Factor:ONE, State:OPEN]
2019-09-25 05:06:09,451 [grpc-default-executor-0] INFO  impl.RaftServerProxy (RaftServerProxy.java:addNew(89)) - 692224c4-5202-4921-98cc-04d5c60c79cc: addNew group-53C29FC60ACD:[692224c4-5202-4921-98cc-04d5c60c79cc:192.168.30.10:38144] returns group-53C29FC60ACD:java.util.concurrent.CompletableFuture@111c767f[Not completed]
2019-09-25 05:06:09,453 [pool-67-thread-1] INFO  impl.RaftServerImpl (RaftServerImpl.java:<init>(95)) - 692224c4-5202-4921-98cc-04d5c60c79cc: new RaftServerImpl for group-53C29FC60ACD:[692224c4-5202-4921-98cc-04d5c60c79cc:192.168.30.10:38144] with ContainerStateMachine:uninitialized
2019-09-25 05:06:09,453 [pool-67-thread-1] INFO  server.RaftServerConfigKeys (ConfUtils.java:logGet(43)) - raft.server.rpc.timeout.min = 5s (custom)
2019-09-25 05:06:09,453 [pool-67-thread-1] INFO  server.RaftServerConfigKeys (ConfUtils.java:logGet(43)) - raft.server.rpc.timeout.max = 5200ms (custom)
2019-09-25 05:06:09,453 [pool-67-thread-1] INFO  server.RaftServerConfigKeys (ConfUtils.java:logGet(43)) - raft.server.rpcslowness.timeout = 120s (custom)
2019-09-25 05:06:09,453 [pool-67-thread-1] INFO  server.RaftServerConfigKeys (ConfUtils.java:logGet(43)) - raft.server.sleep.deviation.threshold = 300 (default)
2019-09-25 05:06:09,453 [pool-67-thread-1] INFO  server.RaftServerConfigKeys (ConfUtils.java:logGet(43)) - raft.server.log.appender.install.snapshot.enabled = false (custom)
2019-09-25 05:06:09,454 [pool-67-thread-1] INFO  impl.RaftServerImpl (ServerState.java:<init>(103)) - 692224c4-5202-4921-98cc-04d5c60c79cc@group-53C29FC60ACD: ConfigurationManager, init=-1: [692224c4-5202-4921-98cc-04d5c60c79cc:192.168.30.10:38144], old=null, confs=<EMPTY_MAP>
2019-09-25 05:06:09,454 [pool-67-thread-1] INFO  server.RaftServerConfigKeys (ConfUtils.java:logGet(43)) - raft.server.storage.dir = [/workdir/hadoop-ozone/integration-test/target/test-dir/MiniOzoneClusterImpl-23306158-e895-4fc7-80df-ce6c264c388b/datanode-4/data/ratis] (custom)
2019-09-25 05:06:09,454 [pool-67-thread-1] INFO  storage.RaftStorageDirectory (RaftStorageDirectory.java:analyzeStorage(246)) - The storage directory /workdir/hadoop-ozone/integration-test/target/test-dir/MiniOzoneClusterImpl-23306158-e895-4fc7-80df-ce6c264c388b/datanode-4/data/ratis/dca83c41-8bc3-46f2-9a44-53c29fc60acd does not exist. Creating ...
2019-09-25 05:06:09,468 [pool-67-thread-1] INFO  storage.RaftStorageDirectory (RaftStorageDirectory.java:tryLock(328)) - Lock on /workdir/hadoop-ozone/integration-test/target/test-dir/MiniOzoneClusterImpl-23306158-e895-4fc7-80df-ce6c264c388b/datanode-4/data/ratis/dca83c41-8bc3-46f2-9a44-53c29fc60acd/in_use.lock acquired by nodename 25526@pr-hdds-1569-s62bp-3040748787
2019-09-25 05:06:09,481 [pool-67-thread-1] INFO  storage.RaftStorage (RaftStorage.java:format(72)) - Storage directory /workdir/hadoop-ozone/integration-test/target/test-dir/MiniOzoneClusterImpl-23306158-e895-4fc7-80df-ce6c264c388b/datanode-4/data/ratis/dca83c41-8bc3-46f2-9a44-53c29fc60acd has been successfully formatted.
2019-09-25 05:06:09,481 [pool-67-thread-1] INFO  ratis.ContainerStateMachine (ContainerStateMachine.java:loadSnapshot(230)) - group-53C29FC60ACD: The snapshot info is null. Setting the last applied indexto:(t:0, i:~)
2019-09-25 05:06:09,482 [pool-67-thread-1] INFO  server.RaftServerConfigKeys (ConfUtils.java:logGet(43)) - raft.server.notification.no-leader.timeout = 120s (custom)
2019-09-25 05:06:09,482 [pool-67-thread-1] INFO  server.RaftServerConfigKeys (ConfUtils.java:logGet(43)) - raft.server.log.use.memory = false (default)
2019-09-25 05:06:09,482 [pool-67-thread-1] INFO  server.RaftServerConfigKeys (ConfUtils.java:logGet(43)) - raft.server.log.purge.gap = 1000000 (custom)
2019-09-25 05:06:09,482 [pool-67-thread-1] INFO  server.RaftServerConfigKeys (ConfUtils.java:logGet(43)) - raft.server.log.appender.buffer.byte-limit = 33554432 (custom)
2019-09-25 05:06:09,482 [pool-67-thread-1] INFO  server.RaftServerConfigKeys (ConfUtils.java:logGet(43)) - raft.server.log.segment.size.max = 1048576 (custom)
2019-09-25 05:06:09,482 [pool-67-thread-1] INFO  server.RaftServerConfigKeys (ConfUtils.java:logGet(43)) - raft.server.log.segment.cache.num.max = 2 (custom)
2019-09-25 05:06:09,483 [pool-67-thread-1] INFO  segmented.SegmentedRaftLogWorker (SegmentedRaftLogWorker.java:<init>(172)) - new 692224c4-5202-4921-98cc-04d5c60c79cc@group-53C29FC60ACD-SegmentedRaftLogWorker for RaftStorage:Storage Directory /workdir/hadoop-ozone/integration-test/target/test-dir/MiniOzoneClusterImpl-23306158-e895-4fc7-80df-ce6c264c388b/datanode-4/data/ratis/dca83c41-8bc3-46f2-9a44-53c29fc60acd
2019-09-25 05:06:09,483 [pool-67-thread-1] INFO  server.RaftServerConfigKeys (ConfUtils.java:logGet(43)) - raft.server.log.queue.byte-limit = 2147483647 (custom)
2019-09-25 05:06:09,483 [pool-67-thread-1] INFO  server.RaftServerConfigKeys (ConfUtils.java:logGet(43)) - raft.server.log.queue.element-limit = 1024 (custom)
2019-09-25 05:06:09,483 [pool-67-thread-1] INFO  server.RaftServerConfigKeys (ConfUtils.java:logGet(43)) - raft.server.log.segment.size.max = 1048576 (custom)
2019-09-25 05:06:09,483 [pool-67-thread-1] INFO  server.RaftServerConfigKeys (ConfUtils.java:logGet(43)) - raft.server.log.preallocated.size = 16384 (custom)
2019-09-25 05:06:09,483 [pool-67-thread-1] INFO  server.RaftServerConfigKeys (ConfUtils.java:logGet(43)) - raft.server.log.write.buffer.size = 33554432 (custom)
2019-09-25 05:06:09,484 [pool-67-thread-1] INFO  server.RaftServerConfigKeys (ConfUtils.java:logGet(43)) - raft.server.log.force.sync.num = 128 (default)
2019-09-25 05:06:09,484 [pool-67-thread-1] INFO  server.RaftServerConfigKeys (ConfUtils.java:logGet(43)) - raft.server.log.statemachine.data.sync = true (default)
2019-09-25 05:06:09,484 [pool-67-thread-1] INFO  server.RaftServerConfigKeys (ConfUtils.java:logGet(43)) - raft.server.log.statemachine.data.sync.timeout = 10s (default)
2019-09-25 05:06:09,484 [pool-67-thread-1] INFO  server.RaftServerConfigKeys (ConfUtils.java:logGet(43)) - raft.server.log.statemachine.data.sync.timeout.retry = -1 (default)
2019-09-25 05:06:09,484 [pool-67-thread-1] INFO  server.RaftServerConfigKeys (ConfUtils.java:logGet(43)) - raft.server.log.statemachine.data.caching.enabled = true (custom)
2019-09-25 05:06:09,485 [pool-67-thread-1] INFO  segmented.SegmentedRaftLogWorker (SegmentedRaftLogWorker.java:lambda$new$0(132)) - 692224c4-5202-4921-98cc-04d5c60c79cc@group-53C29FC60ACD-SegmentedRaftLogWorker: flushIndex: setUnconditionally 0 -> -1
2019-09-25 05:06:09,485 [pool-67-thread-1] INFO  server.RaftServerConfigKeys (ConfUtils.java:logGet(43)) - raft.server.snapshot.auto.trigger.enabled = true (custom)
2019-09-25 05:06:09,485 [pool-67-thread-1] INFO  server.RaftServerConfigKeys (ConfUtils.java:logGet(43)) - raft.server.snapshot.auto.trigger.threshold = 10000 (custom)
2019-09-25 05:06:09,485 [pool-67-thread-1] INFO  server.RaftServerConfigKeys (ConfUtils.java:logGet(43)) - raft.server.snapshot.retention.num.files = 5 (custom)
2019-09-25 05:06:09,486 [pool-67-thread-1] INFO  server.RaftServerConfigKeys (ConfUtils.java:logGet(43)) - raft.server.retrycache.expirytime = 600000ms (custom)
2019-09-25 05:06:09,489 [pool-67-thread-1] INFO  impl.RaftServerImpl (RaftServerImpl.java:start(185)) - 692224c4-5202-4921-98cc-04d5c60c79cc@group-53C29FC60ACD: start as a follower, conf=-1: [692224c4-5202-4921-98cc-04d5c60c79cc:192.168.30.10:38144], old=null
2019-09-25 05:06:09,489 [pool-67-thread-1] INFO  impl.RaftServerImpl (RaftServerImpl.java:setRole(174)) - 692224c4-5202-4921-98cc-04d5c60c79cc@group-53C29FC60ACD: changes role from      null to FOLLOWER at term 0 for startAsFollower
2019-09-25 05:06:09,489 [pool-67-thread-1] INFO  impl.RoleInfo (RoleInfo.java:updateAndGet(143)) - 692224c4-5202-4921-98cc-04d5c60c79cc: start FollowerState
2019-09-25 05:06:09,490 [pool-67-thread-1] INFO  util.JmxRegister (JmxRegister.java:tryRegister(44)) - Successfully registered JMX Bean with object name Ratis:service=RaftServer,group=group-53C29FC60ACD,id=692224c4-5202-4921-98cc-04d5c60c79cc
2019-09-25 05:06:09,496 [RatisPipelineUtilsThread] INFO  pipeline.PipelineStateManager (PipelineStateManager.java:addPipeline(56)) - Created pipeline Pipeline[ Id: dca83c41-8bc3-46f2-9a44-53c29fc60acd, Nodes: 692224c4-5202-4921-98cc-04d5c60c79cc{ip: 192.168.30.10, host: pr-hdds-1569-s62bp-3040748787, networkLocation: /default-rack, certSerialId: null}, Type:RATIS, Factor:ONE, State:OPEN]
2019-09-25 05:06:09,507 [grpc-default-executor-0] INFO  impl.RaftServerProxy (RaftServerProxy.java:addNew(89)) - 56396258-65a3-478c-9482-0be0199dd49c: addNew group-68B67EA8261C:[56396258-65a3-478c-9482-0be0199dd49c:192.168.30.10:41678] returns group-68B67EA8261C:java.util.concurrent.CompletableFuture@766459a[Not completed]
2019-09-25 05:06:09,509 [pool-87-thread-1] INFO  impl.RaftServerImpl (RaftServerImpl.java:<init>(95)) - 56396258-65a3-478c-9482-0be0199dd49c: new RaftServerImpl for group-68B67EA8261C:[56396258-65a3-478c-9482-0be0199dd49c:192.168.30.10:41678] with ContainerStateMachine:uninitialized
2019-09-25 05:06:09,510 [pool-87-thread-1] INFO  server.RaftServerConfigKeys (ConfUtils.java:logGet(43)) - raft.server.rpc.timeout.min = 5s (custom)
2019-09-25 05:06:09,510 [pool-87-thread-1] INFO  server.RaftServerConfigKeys (ConfUtils.java:logGet(43)) - raft.server.rpc.timeout.max = 5200ms (custom)
2019-09-25 05:06:09,510 [pool-87-thread-1] INFO  server.RaftServerConfigKeys (ConfUtils.java:logGet(43)) - raft.server.rpcslowness.timeout = 120s (custom)
2019-09-25 05:06:09,510 [pool-87-thread-1] INFO  server.RaftServerConfigKeys (ConfUtils.java:logGet(43)) - raft.server.sleep.deviation.threshold = 300 (default)
2019-09-25 05:06:09,510 [pool-87-thread-1] INFO  server.RaftServerConfigKeys (ConfUtils.java:logGet(43)) - raft.server.log.appender.install.snapshot.enabled = false (custom)
2019-09-25 05:06:09,511 [pool-87-thread-1] INFO  impl.RaftServerImpl (ServerState.java:<init>(103)) - 56396258-65a3-478c-9482-0be0199dd49c@group-68B67EA8261C: ConfigurationManager, init=-1: [56396258-65a3-478c-9482-0be0199dd49c:192.168.30.10:41678], old=null, confs=<EMPTY_MAP>
2019-09-25 05:06:09,511 [pool-87-thread-1] INFO  server.RaftServerConfigKeys (ConfUtils.java:logGet(43)) - raft.server.storage.dir = [/workdir/hadoop-ozone/integration-test/target/test-dir/MiniOzoneClusterImpl-23306158-e895-4fc7-80df-ce6c264c388b/datanode-6/data/ratis] (custom)
2019-09-25 05:06:09,512 [pool-87-thread-1] INFO  storage.RaftStorageDirectory (RaftStorageDirectory.java:analyzeStorage(246)) - The storage directory /workdir/hadoop-ozone/integration-test/target/test-dir/MiniOzoneClusterImpl-23306158-e895-4fc7-80df-ce6c264c388b/datanode-6/data/ratis/072f9408-42ca-4a03-97c8-68b67ea8261c does not exist. Creating ...
2019-09-25 05:06:09,525 [pool-87-thread-1] INFO  storage.RaftStorageDirectory (RaftStorageDirectory.java:tryLock(328)) - Lock on /workdir/hadoop-ozone/integration-test/target/test-dir/MiniOzoneClusterImpl-23306158-e895-4fc7-80df-ce6c264c388b/datanode-6/data/ratis/072f9408-42ca-4a03-97c8-68b67ea8261c/in_use.lock acquired by nodename 25526@pr-hdds-1569-s62bp-3040748787
2019-09-25 05:06:09,546 [pool-87-thread-1] INFO  storage.RaftStorage (RaftStorage.java:format(72)) - Storage directory /workdir/hadoop-ozone/integration-test/target/test-dir/MiniOzoneClusterImpl-23306158-e895-4fc7-80df-ce6c264c388b/datanode-6/data/ratis/072f9408-42ca-4a03-97c8-68b67ea8261c has been successfully formatted.
2019-09-25 05:06:09,547 [pool-87-thread-1] INFO  ratis.ContainerStateMachine (ContainerStateMachine.java:loadSnapshot(230)) - group-68B67EA8261C: The snapshot info is null. Setting the last applied indexto:(t:0, i:~)
2019-09-25 05:06:09,547 [pool-87-thread-1] INFO  server.RaftServerConfigKeys (ConfUtils.java:logGet(43)) - raft.server.notification.no-leader.timeout = 120s (custom)
2019-09-25 05:06:09,547 [pool-87-thread-1] INFO  server.RaftServerConfigKeys (ConfUtils.java:logGet(43)) - raft.server.log.use.memory = false (default)
2019-09-25 05:06:09,547 [pool-87-thread-1] INFO  server.RaftServerConfigKeys (ConfUtils.java:logGet(43)) - raft.server.log.purge.gap = 1000000 (custom)
2019-09-25 05:06:09,547 [pool-87-thread-1] INFO  server.RaftServerConfigKeys (ConfUtils.java:logGet(43)) - raft.server.log.appender.buffer.byte-limit = 33554432 (custom)
2019-09-25 05:06:09,548 [pool-87-thread-1] INFO  server.RaftServerConfigKeys (ConfUtils.java:logGet(43)) - raft.server.log.segment.size.max = 1048576 (custom)
2019-09-25 05:06:09,548 [pool-87-thread-1] INFO  server.RaftServerConfigKeys (ConfUtils.java:logGet(43)) - raft.server.log.segment.cache.num.max = 2 (custom)
2019-09-25 05:06:09,548 [pool-87-thread-1] INFO  segmented.SegmentedRaftLogWorker (SegmentedRaftLogWorker.java:<init>(172)) - new 56396258-65a3-478c-9482-0be0199dd49c@group-68B67EA8261C-SegmentedRaftLogWorker for RaftStorage:Storage Directory /workdir/hadoop-ozone/integration-test/target/test-dir/MiniOzoneClusterImpl-23306158-e895-4fc7-80df-ce6c264c388b/datanode-6/data/ratis/072f9408-42ca-4a03-97c8-68b67ea8261c
2019-09-25 05:06:09,548 [pool-87-thread-1] INFO  server.RaftServerConfigKeys (ConfUtils.java:logGet(43)) - raft.server.log.queue.byte-limit = 2147483647 (custom)
2019-09-25 05:06:09,548 [pool-87-thread-1] INFO  server.RaftServerConfigKeys (ConfUtils.java:logGet(43)) - raft.server.log.queue.element-limit = 1024 (custom)
2019-09-25 05:06:09,549 [pool-87-thread-1] INFO  server.RaftServerConfigKeys (ConfUtils.java:logGet(43)) - raft.server.log.segment.size.max = 1048576 (custom)
2019-09-25 05:06:09,549 [pool-87-thread-1] INFO  server.RaftServerConfigKeys (ConfUtils.java:logGet(43)) - raft.server.log.preallocated.size = 16384 (custom)
2019-09-25 05:06:09,549 [pool-87-thread-1] INFO  server.RaftServerConfigKeys (ConfUtils.java:logGet(43)) - raft.server.log.write.buffer.size = 33554432 (custom)
2019-09-25 05:06:09,549 [pool-87-thread-1] INFO  server.RaftServerConfigKeys (ConfUtils.java:logGet(43)) - raft.server.log.force.sync.num = 128 (default)
2019-09-25 05:06:09,549 [pool-87-thread-1] INFO  server.RaftServerConfigKeys (ConfUtils.java:logGet(43)) - raft.server.log.statemachine.data.sync = true (default)
2019-09-25 05:06:09,549 [pool-87-thread-1] INFO  server.RaftServerConfigKeys (ConfUtils.java:logGet(43)) - raft.server.log.statemachine.data.sync.timeout = 10s (default)
2019-09-25 05:06:09,550 [pool-87-thread-1] INFO  server.RaftServerConfigKeys (ConfUtils.java:logGet(43)) - raft.server.log.statemachine.data.sync.timeout.retry = -1 (default)
2019-09-25 05:06:09,550 [pool-87-thread-1] INFO  server.RaftServerConfigKeys (ConfUtils.java:logGet(43)) - raft.server.log.statemachine.data.caching.enabled = true (custom)
2019-09-25 05:06:09,550 [pool-87-thread-1] INFO  segmented.SegmentedRaftLogWorker (SegmentedRaftLogWorker.java:lambda$new$0(132)) - 56396258-65a3-478c-9482-0be0199dd49c@group-68B67EA8261C-SegmentedRaftLogWorker: flushIndex: setUnconditionally 0 -> -1
2019-09-25 05:06:09,551 [pool-87-thread-1] INFO  server.RaftServerConfigKeys (ConfUtils.java:logGet(43)) - raft.server.snapshot.auto.trigger.enabled = true (custom)
2019-09-25 05:06:09,551 [pool-87-thread-1] INFO  server.RaftServerConfigKeys (ConfUtils.java:logGet(43)) - raft.server.snapshot.auto.trigger.threshold = 10000 (custom)
2019-09-25 05:06:09,551 [pool-87-thread-1] INFO  server.RaftServerConfigKeys (ConfUtils.java:logGet(43)) - raft.server.snapshot.retention.num.files = 5 (custom)
2019-09-25 05:06:09,551 [pool-87-thread-1] INFO  server.RaftServerConfigKeys (ConfUtils.java:logGet(43)) - raft.server.retrycache.expirytime = 600000ms (custom)
2019-09-25 05:06:09,555 [pool-87-thread-1] INFO  impl.RaftServerImpl (RaftServerImpl.java:start(185)) - 56396258-65a3-478c-9482-0be0199dd49c@group-68B67EA8261C: start as a follower, conf=-1: [56396258-65a3-478c-9482-0be0199dd49c:192.168.30.10:41678], old=null
2019-09-25 05:06:09,555 [pool-87-thread-1] INFO  impl.RaftServerImpl (RaftServerImpl.java:setRole(174)) - 56396258-65a3-478c-9482-0be0199dd49c@group-68B67EA8261C: changes role from      null to FOLLOWER at term 0 for startAsFollower
2019-09-25 05:06:09,555 [pool-87-thread-1] INFO  impl.RoleInfo (RoleInfo.java:updateAndGet(143)) - 56396258-65a3-478c-9482-0be0199dd49c: start FollowerState
2019-09-25 05:06:09,556 [pool-87-thread-1] INFO  util.JmxRegister (JmxRegister.java:tryRegister(44)) - Successfully registered JMX Bean with object name Ratis:service=RaftServer,group=group-68B67EA8261C,id=56396258-65a3-478c-9482-0be0199dd49c
2019-09-25 05:06:09,562 [RatisPipelineUtilsThread] INFO  pipeline.PipelineStateManager (PipelineStateManager.java:addPipeline(56)) - Created pipeline Pipeline[ Id: 072f9408-42ca-4a03-97c8-68b67ea8261c, Nodes: 56396258-65a3-478c-9482-0be0199dd49c{ip: 192.168.30.10, host: pr-hdds-1569-s62bp-3040748787, networkLocation: /default-rack, certSerialId: null}, Type:RATIS, Factor:ONE, State:OPEN]
2019-09-25 05:06:09,572 [grpc-default-executor-0] INFO  impl.RaftServerProxy (RaftServerProxy.java:addNew(89)) - de37f7a0-0375-40a9-a318-404478482fcb: addNew group-425C7683A454:[de37f7a0-0375-40a9-a318-404478482fcb:192.168.30.10:44522] returns group-425C7683A454:java.util.concurrent.CompletableFuture@5b2bd0c7[Not completed]
2019-09-25 05:06:09,574 [pool-57-thread-1] INFO  impl.RaftServerImpl (RaftServerImpl.java:<init>(95)) - de37f7a0-0375-40a9-a318-404478482fcb: new RaftServerImpl for group-425C7683A454:[de37f7a0-0375-40a9-a318-404478482fcb:192.168.30.10:44522] with ContainerStateMachine:uninitialized
2019-09-25 05:06:09,574 [pool-57-thread-1] INFO  server.RaftServerConfigKeys (ConfUtils.java:logGet(43)) - raft.server.rpc.timeout.min = 5s (custom)
2019-09-25 05:06:09,574 [pool-57-thread-1] INFO  server.RaftServerConfigKeys (ConfUtils.java:logGet(43)) - raft.server.rpc.timeout.max = 5200ms (custom)
2019-09-25 05:06:09,574 [pool-57-thread-1] INFO  server.RaftServerConfigKeys (ConfUtils.java:logGet(43)) - raft.server.rpcslowness.timeout = 120s (custom)
2019-09-25 05:06:09,574 [pool-57-thread-1] INFO  server.RaftServerConfigKeys (ConfUtils.java:logGet(43)) - raft.server.sleep.deviation.threshold = 300 (default)
2019-09-25 05:06:09,574 [pool-57-thread-1] INFO  server.RaftServerConfigKeys (ConfUtils.java:logGet(43)) - raft.server.log.appender.install.snapshot.enabled = false (custom)
2019-09-25 05:06:09,575 [pool-57-thread-1] INFO  impl.RaftServerImpl (ServerState.java:<init>(103)) - de37f7a0-0375-40a9-a318-404478482fcb@group-425C7683A454: ConfigurationManager, init=-1: [de37f7a0-0375-40a9-a318-404478482fcb:192.168.30.10:44522], old=null, confs=<EMPTY_MAP>
2019-09-25 05:06:09,575 [pool-57-thread-1] INFO  server.RaftServerConfigKeys (ConfUtils.java:logGet(43)) - raft.server.storage.dir = [/workdir/hadoop-ozone/integration-test/target/test-dir/MiniOzoneClusterImpl-23306158-e895-4fc7-80df-ce6c264c388b/datanode-3/data/ratis] (custom)
2019-09-25 05:06:09,575 [pool-57-thread-1] INFO  storage.RaftStorageDirectory (RaftStorageDirectory.java:analyzeStorage(246)) - The storage directory /workdir/hadoop-ozone/integration-test/target/test-dir/MiniOzoneClusterImpl-23306158-e895-4fc7-80df-ce6c264c388b/datanode-3/data/ratis/7186ecf4-4719-4dbc-bd22-425c7683a454 does not exist. Creating ...
2019-09-25 05:06:09,589 [pool-57-thread-1] INFO  storage.RaftStorageDirectory (RaftStorageDirectory.java:tryLock(328)) - Lock on /workdir/hadoop-ozone/integration-test/target/test-dir/MiniOzoneClusterImpl-23306158-e895-4fc7-80df-ce6c264c388b/datanode-3/data/ratis/7186ecf4-4719-4dbc-bd22-425c7683a454/in_use.lock acquired by nodename 25526@pr-hdds-1569-s62bp-3040748787
2019-09-25 05:06:09,602 [pool-57-thread-1] INFO  storage.RaftStorage (RaftStorage.java:format(72)) - Storage directory /workdir/hadoop-ozone/integration-test/target/test-dir/MiniOzoneClusterImpl-23306158-e895-4fc7-80df-ce6c264c388b/datanode-3/data/ratis/7186ecf4-4719-4dbc-bd22-425c7683a454 has been successfully formatted.
2019-09-25 05:06:09,603 [pool-57-thread-1] INFO  ratis.ContainerStateMachine (ContainerStateMachine.java:loadSnapshot(230)) - group-425C7683A454: The snapshot info is null. Setting the last applied indexto:(t:0, i:~)
2019-09-25 05:06:09,603 [pool-57-thread-1] INFO  server.RaftServerConfigKeys (ConfUtils.java:logGet(43)) - raft.server.notification.no-leader.timeout = 120s (custom)
2019-09-25 05:06:09,603 [pool-57-thread-1] INFO  server.RaftServerConfigKeys (ConfUtils.java:logGet(43)) - raft.server.log.use.memory = false (default)
2019-09-25 05:06:09,603 [pool-57-thread-1] INFO  server.RaftServerConfigKeys (ConfUtils.java:logGet(43)) - raft.server.log.purge.gap = 1000000 (custom)
2019-09-25 05:06:09,603 [pool-57-thread-1] INFO  server.RaftServerConfigKeys (ConfUtils.java:logGet(43)) - raft.server.log.appender.buffer.byte-limit = 33554432 (custom)
2019-09-25 05:06:09,603 [pool-57-thread-1] INFO  server.RaftServerConfigKeys (ConfUtils.java:logGet(43)) - raft.server.log.segment.size.max = 1048576 (custom)
2019-09-25 05:06:09,604 [pool-57-thread-1] INFO  server.RaftServerConfigKeys (ConfUtils.java:logGet(43)) - raft.server.log.segment.cache.num.max = 2 (custom)
2019-09-25 05:06:09,604 [pool-57-thread-1] INFO  segmented.SegmentedRaftLogWorker (SegmentedRaftLogWorker.java:<init>(172)) - new de37f7a0-0375-40a9-a318-404478482fcb@group-425C7683A454-SegmentedRaftLogWorker for RaftStorage:Storage Directory /workdir/hadoop-ozone/integration-test/target/test-dir/MiniOzoneClusterImpl-23306158-e895-4fc7-80df-ce6c264c388b/datanode-3/data/ratis/7186ecf4-4719-4dbc-bd22-425c7683a454
2019-09-25 05:06:09,604 [pool-57-thread-1] INFO  server.RaftServerConfigKeys (ConfUtils.java:logGet(43)) - raft.server.log.queue.byte-limit = 2147483647 (custom)
2019-09-25 05:06:09,604 [pool-57-thread-1] INFO  server.RaftServerConfigKeys (ConfUtils.java:logGet(43)) - raft.server.log.queue.element-limit = 1024 (custom)
2019-09-25 05:06:09,604 [pool-57-thread-1] INFO  server.RaftServerConfigKeys (ConfUtils.java:logGet(43)) - raft.server.log.segment.size.max = 1048576 (custom)
2019-09-25 05:06:09,604 [pool-57-thread-1] INFO  server.RaftServerConfigKeys (ConfUtils.java:logGet(43)) - raft.server.log.preallocated.size = 16384 (custom)
2019-09-25 05:06:09,605 [pool-57-thread-1] INFO  server.RaftServerConfigKeys (ConfUtils.java:logGet(43)) - raft.server.log.write.buffer.size = 33554432 (custom)
2019-09-25 05:06:09,605 [pool-57-thread-1] INFO  server.RaftServerConfigKeys (ConfUtils.java:logGet(43)) - raft.server.log.force.sync.num = 128 (default)
2019-09-25 05:06:09,605 [pool-57-thread-1] INFO  server.RaftServerConfigKeys (ConfUtils.java:logGet(43)) - raft.server.log.statemachine.data.sync = true (default)
2019-09-25 05:06:09,605 [pool-57-thread-1] INFO  server.RaftServerConfigKeys (ConfUtils.java:logGet(43)) - raft.server.log.statemachine.data.sync.timeout = 10s (default)
2019-09-25 05:06:09,605 [pool-57-thread-1] INFO  server.RaftServerConfigKeys (ConfUtils.java:logGet(43)) - raft.server.log.statemachine.data.sync.timeout.retry = -1 (default)
2019-09-25 05:06:09,606 [pool-57-thread-1] INFO  server.RaftServerConfigKeys (ConfUtils.java:logGet(43)) - raft.server.log.statemachine.data.caching.enabled = true (custom)
2019-09-25 05:06:09,606 [pool-57-thread-1] INFO  segmented.SegmentedRaftLogWorker (SegmentedRaftLogWorker.java:lambda$new$0(132)) - de37f7a0-0375-40a9-a318-404478482fcb@group-425C7683A454-SegmentedRaftLogWorker: flushIndex: setUnconditionally 0 -> -1
2019-09-25 05:06:09,606 [pool-57-thread-1] INFO  server.RaftServerConfigKeys (ConfUtils.java:logGet(43)) - raft.server.snapshot.auto.trigger.enabled = true (custom)
2019-09-25 05:06:09,606 [pool-57-thread-1] INFO  server.RaftServerConfigKeys (ConfUtils.java:logGet(43)) - raft.server.snapshot.auto.trigger.threshold = 10000 (custom)
2019-09-25 05:06:09,607 [pool-57-thread-1] INFO  server.RaftServerConfigKeys (ConfUtils.java:logGet(43)) - raft.server.snapshot.retention.num.files = 5 (custom)
2019-09-25 05:06:09,607 [pool-57-thread-1] INFO  server.RaftServerConfigKeys (ConfUtils.java:logGet(43)) - raft.server.retrycache.expirytime = 600000ms (custom)
2019-09-25 05:06:09,610 [pool-57-thread-1] INFO  impl.RaftServerImpl (RaftServerImpl.java:start(185)) - de37f7a0-0375-40a9-a318-404478482fcb@group-425C7683A454: start as a follower, conf=-1: [de37f7a0-0375-40a9-a318-404478482fcb:192.168.30.10:44522], old=null
2019-09-25 05:06:09,610 [pool-57-thread-1] INFO  impl.RaftServerImpl (RaftServerImpl.java:setRole(174)) - de37f7a0-0375-40a9-a318-404478482fcb@group-425C7683A454: changes role from      null to FOLLOWER at term 0 for startAsFollower
2019-09-25 05:06:09,610 [pool-57-thread-1] INFO  impl.RoleInfo (RoleInfo.java:updateAndGet(143)) - de37f7a0-0375-40a9-a318-404478482fcb: start FollowerState
2019-09-25 05:06:09,610 [pool-57-thread-1] INFO  util.JmxRegister (JmxRegister.java:tryRegister(44)) - Successfully registered JMX Bean with object name Ratis:service=RaftServer,group=group-425C7683A454,id=de37f7a0-0375-40a9-a318-404478482fcb
2019-09-25 05:06:09,615 [RatisPipelineUtilsThread] INFO  pipeline.PipelineStateManager (PipelineStateManager.java:addPipeline(56)) - Created pipeline Pipeline[ Id: 7186ecf4-4719-4dbc-bd22-425c7683a454, Nodes: de37f7a0-0375-40a9-a318-404478482fcb{ip: 192.168.30.10, host: pr-hdds-1569-s62bp-3040748787, networkLocation: /default-rack, certSerialId: null}, Type:RATIS, Factor:ONE, State:OPEN]
2019-09-25 05:06:09,625 [grpc-default-executor-0] INFO  impl.RaftServerProxy (RaftServerProxy.java:addNew(89)) - de37f7a0-0375-40a9-a318-404478482fcb: addNew group-AEE9C1DD2D17:[de37f7a0-0375-40a9-a318-404478482fcb:192.168.30.10:44522] returns group-AEE9C1DD2D17:java.util.concurrent.CompletableFuture@5322081e[Not completed]
2019-09-25 05:06:09,626 [pool-57-thread-1] INFO  impl.RaftServerImpl (RaftServerImpl.java:<init>(95)) - de37f7a0-0375-40a9-a318-404478482fcb: new RaftServerImpl for group-AEE9C1DD2D17:[de37f7a0-0375-40a9-a318-404478482fcb:192.168.30.10:44522] with ContainerStateMachine:uninitialized
2019-09-25 05:06:09,626 [pool-57-thread-1] INFO  server.RaftServerConfigKeys (ConfUtils.java:logGet(43)) - raft.server.rpc.timeout.min = 5s (custom)
2019-09-25 05:06:09,626 [pool-57-thread-1] INFO  server.RaftServerConfigKeys (ConfUtils.java:logGet(43)) - raft.server.rpc.timeout.max = 5200ms (custom)
2019-09-25 05:06:09,626 [pool-57-thread-1] INFO  server.RaftServerConfigKeys (ConfUtils.java:logGet(43)) - raft.server.rpcslowness.timeout = 120s (custom)
2019-09-25 05:06:09,627 [pool-57-thread-1] INFO  server.RaftServerConfigKeys (ConfUtils.java:logGet(43)) - raft.server.sleep.deviation.threshold = 300 (default)
2019-09-25 05:06:09,627 [pool-57-thread-1] INFO  server.RaftServerConfigKeys (ConfUtils.java:logGet(43)) - raft.server.log.appender.install.snapshot.enabled = false (custom)
2019-09-25 05:06:09,627 [pool-57-thread-1] INFO  impl.RaftServerImpl (ServerState.java:<init>(103)) - de37f7a0-0375-40a9-a318-404478482fcb@group-AEE9C1DD2D17: ConfigurationManager, init=-1: [de37f7a0-0375-40a9-a318-404478482fcb:192.168.30.10:44522], old=null, confs=<EMPTY_MAP>
2019-09-25 05:06:09,627 [pool-57-thread-1] INFO  server.RaftServerConfigKeys (ConfUtils.java:logGet(43)) - raft.server.storage.dir = [/workdir/hadoop-ozone/integration-test/target/test-dir/MiniOzoneClusterImpl-23306158-e895-4fc7-80df-ce6c264c388b/datanode-3/data/ratis] (custom)
2019-09-25 05:06:09,627 [pool-57-thread-1] INFO  storage.RaftStorageDirectory (RaftStorageDirectory.java:analyzeStorage(246)) - The storage directory /workdir/hadoop-ozone/integration-test/target/test-dir/MiniOzoneClusterImpl-23306158-e895-4fc7-80df-ce6c264c388b/datanode-3/data/ratis/14e9e602-348f-4507-b06f-aee9c1dd2d17 does not exist. Creating ...
2019-09-25 05:06:09,641 [pool-57-thread-1] INFO  storage.RaftStorageDirectory (RaftStorageDirectory.java:tryLock(328)) - Lock on /workdir/hadoop-ozone/integration-test/target/test-dir/MiniOzoneClusterImpl-23306158-e895-4fc7-80df-ce6c264c388b/datanode-3/data/ratis/14e9e602-348f-4507-b06f-aee9c1dd2d17/in_use.lock acquired by nodename 25526@pr-hdds-1569-s62bp-3040748787
2019-09-25 05:06:09,654 [pool-57-thread-1] INFO  storage.RaftStorage (RaftStorage.java:format(72)) - Storage directory /workdir/hadoop-ozone/integration-test/target/test-dir/MiniOzoneClusterImpl-23306158-e895-4fc7-80df-ce6c264c388b/datanode-3/data/ratis/14e9e602-348f-4507-b06f-aee9c1dd2d17 has been successfully formatted.
2019-09-25 05:06:09,654 [pool-57-thread-1] INFO  ratis.ContainerStateMachine (ContainerStateMachine.java:loadSnapshot(230)) - group-AEE9C1DD2D17: The snapshot info is null. Setting the last applied indexto:(t:0, i:~)
2019-09-25 05:06:09,654 [pool-57-thread-1] INFO  server.RaftServerConfigKeys (ConfUtils.java:logGet(43)) - raft.server.notification.no-leader.timeout = 120s (custom)
2019-09-25 05:06:09,655 [pool-57-thread-1] INFO  server.RaftServerConfigKeys (ConfUtils.java:logGet(43)) - raft.server.log.use.memory = false (default)
2019-09-25 05:06:09,655 [pool-57-thread-1] INFO  server.RaftServerConfigKeys (ConfUtils.java:logGet(43)) - raft.server.log.purge.gap = 1000000 (custom)
2019-09-25 05:06:09,655 [pool-57-thread-1] INFO  server.RaftServerConfigKeys (ConfUtils.java:logGet(43)) - raft.server.log.appender.buffer.byte-limit = 33554432 (custom)
2019-09-25 05:06:09,655 [pool-57-thread-1] INFO  server.RaftServerConfigKeys (ConfUtils.java:logGet(43)) - raft.server.log.segment.size.max = 1048576 (custom)
2019-09-25 05:06:09,655 [pool-57-thread-1] INFO  server.RaftServerConfigKeys (ConfUtils.java:logGet(43)) - raft.server.log.segment.cache.num.max = 2 (custom)
2019-09-25 05:06:09,655 [pool-57-thread-1] INFO  segmented.SegmentedRaftLogWorker (SegmentedRaftLogWorker.java:<init>(172)) - new de37f7a0-0375-40a9-a318-404478482fcb@group-AEE9C1DD2D17-SegmentedRaftLogWorker for RaftStorage:Storage Directory /workdir/hadoop-ozone/integration-test/target/test-dir/MiniOzoneClusterImpl-23306158-e895-4fc7-80df-ce6c264c388b/datanode-3/data/ratis/14e9e602-348f-4507-b06f-aee9c1dd2d17
2019-09-25 05:06:09,655 [pool-57-thread-1] INFO  server.RaftServerConfigKeys (ConfUtils.java:logGet(43)) - raft.server.log.queue.byte-limit = 2147483647 (custom)
2019-09-25 05:06:09,655 [pool-57-thread-1] INFO  server.RaftServerConfigKeys (ConfUtils.java:logGet(43)) - raft.server.log.queue.element-limit = 1024 (custom)
2019-09-25 05:06:09,656 [pool-57-thread-1] INFO  server.RaftServerConfigKeys (ConfUtils.java:logGet(43)) - raft.server.log.segment.size.max = 1048576 (custom)
2019-09-25 05:06:09,656 [pool-57-thread-1] INFO  server.RaftServerConfigKeys (ConfUtils.java:logGet(43)) - raft.server.log.preallocated.size = 16384 (custom)
2019-09-25 05:06:09,656 [pool-57-thread-1] INFO  server.RaftServerConfigKeys (ConfUtils.java:logGet(43)) - raft.server.log.write.buffer.size = 33554432 (custom)
2019-09-25 05:06:09,656 [pool-57-thread-1] INFO  server.RaftServerConfigKeys (ConfUtils.java:logGet(43)) - raft.server.log.force.sync.num = 128 (default)
2019-09-25 05:06:09,656 [pool-57-thread-1] INFO  server.RaftServerConfigKeys (ConfUtils.java:logGet(43)) - raft.server.log.statemachine.data.sync = true (default)
2019-09-25 05:06:09,656 [pool-57-thread-1] INFO  server.RaftServerConfigKeys (ConfUtils.java:logGet(43)) - raft.server.log.statemachine.data.sync.timeout = 10s (default)
2019-09-25 05:06:09,656 [pool-57-thread-1] INFO  server.RaftServerConfigKeys (ConfUtils.java:logGet(43)) - raft.server.log.statemachine.data.sync.timeout.retry = -1 (default)
2019-09-25 05:06:09,656 [pool-57-thread-1] INFO  server.RaftServerConfigKeys (ConfUtils.java:logGet(43)) - raft.server.log.statemachine.data.caching.enabled = true (custom)
2019-09-25 05:06:09,657 [pool-57-thread-1] INFO  segmented.SegmentedRaftLogWorker (SegmentedRaftLogWorker.java:lambda$new$0(132)) - de37f7a0-0375-40a9-a318-404478482fcb@group-AEE9C1DD2D17-SegmentedRaftLogWorker: flushIndex: setUnconditionally 0 -> -1
2019-09-25 05:06:09,657 [pool-57-thread-1] INFO  server.RaftServerConfigKeys (ConfUtils.java:logGet(43)) - raft.server.snapshot.auto.trigger.enabled = true (custom)
2019-09-25 05:06:09,657 [pool-57-thread-1] INFO  server.RaftServerConfigKeys (ConfUtils.java:logGet(43)) - raft.server.snapshot.auto.trigger.threshold = 10000 (custom)
2019-09-25 05:06:09,657 [pool-57-thread-1] INFO  server.RaftServerConfigKeys (ConfUtils.java:logGet(43)) - raft.server.snapshot.retention.num.files = 5 (custom)
2019-09-25 05:06:09,657 [pool-57-thread-1] INFO  server.RaftServerConfigKeys (ConfUtils.java:logGet(43)) - raft.server.retrycache.expirytime = 600000ms (custom)
2019-09-25 05:06:09,659 [pool-57-thread-1] INFO  impl.RaftServerImpl (RaftServerImpl.java:start(185)) - de37f7a0-0375-40a9-a318-404478482fcb@group-AEE9C1DD2D17: start as a follower, conf=-1: [de37f7a0-0375-40a9-a318-404478482fcb:192.168.30.10:44522], old=null
2019-09-25 05:06:09,659 [pool-57-thread-1] INFO  impl.RaftServerImpl (RaftServerImpl.java:setRole(174)) - de37f7a0-0375-40a9-a318-404478482fcb@group-AEE9C1DD2D17: changes role from      null to FOLLOWER at term 0 for startAsFollower
2019-09-25 05:06:09,659 [pool-57-thread-1] INFO  impl.RoleInfo (RoleInfo.java:updateAndGet(143)) - de37f7a0-0375-40a9-a318-404478482fcb: start FollowerState
2019-09-25 05:06:09,660 [pool-57-thread-1] INFO  util.JmxRegister (JmxRegister.java:tryRegister(44)) - Successfully registered JMX Bean with object name Ratis:service=RaftServer,group=group-AEE9C1DD2D17,id=de37f7a0-0375-40a9-a318-404478482fcb
2019-09-25 05:06:09,665 [RatisPipelineUtilsThread] INFO  pipeline.PipelineStateManager (PipelineStateManager.java:addPipeline(56)) - Created pipeline Pipeline[ Id: 14e9e602-348f-4507-b06f-aee9c1dd2d17, Nodes: de37f7a0-0375-40a9-a318-404478482fcb{ip: 192.168.30.10, host: pr-hdds-1569-s62bp-3040748787, networkLocation: /default-rack, certSerialId: null}, Type:RATIS, Factor:ONE, State:OPEN]
2019-09-25 05:06:09,675 [grpc-default-executor-0] INFO  impl.RaftServerProxy (RaftServerProxy.java:addNew(89)) - c8798e02-7f0c-41f7-82c2-a17323bcf21e: addNew group-ACC343760D01:[c8798e02-7f0c-41f7-82c2-a17323bcf21e:192.168.30.10:40603] returns group-ACC343760D01:java.util.concurrent.CompletableFuture@4842bcd4[Not completed]
2019-09-25 05:06:09,676 [pool-47-thread-1] INFO  impl.RaftServerImpl (RaftServerImpl.java:<init>(95)) - c8798e02-7f0c-41f7-82c2-a17323bcf21e: new RaftServerImpl for group-ACC343760D01:[c8798e02-7f0c-41f7-82c2-a17323bcf21e:192.168.30.10:40603] with ContainerStateMachine:uninitialized
2019-09-25 05:06:09,676 [pool-47-thread-1] INFO  server.RaftServerConfigKeys (ConfUtils.java:logGet(43)) - raft.server.rpc.timeout.min = 5s (custom)
2019-09-25 05:06:09,676 [pool-47-thread-1] INFO  server.RaftServerConfigKeys (ConfUtils.java:logGet(43)) - raft.server.rpc.timeout.max = 5200ms (custom)
2019-09-25 05:06:09,676 [pool-47-thread-1] INFO  server.RaftServerConfigKeys (ConfUtils.java:logGet(43)) - raft.server.rpcslowness.timeout = 120s (custom)
2019-09-25 05:06:09,676 [pool-47-thread-1] INFO  server.RaftServerConfigKeys (ConfUtils.java:logGet(43)) - raft.server.sleep.deviation.threshold = 300 (default)
2019-09-25 05:06:09,676 [pool-47-thread-1] INFO  server.RaftServerConfigKeys (ConfUtils.java:logGet(43)) - raft.server.log.appender.install.snapshot.enabled = false (custom)
2019-09-25 05:06:09,676 [pool-47-thread-1] INFO  impl.RaftServerImpl (ServerState.java:<init>(103)) - c8798e02-7f0c-41f7-82c2-a17323bcf21e@group-ACC343760D01: ConfigurationManager, init=-1: [c8798e02-7f0c-41f7-82c2-a17323bcf21e:192.168.30.10:40603], old=null, confs=<EMPTY_MAP>
2019-09-25 05:06:09,677 [pool-47-thread-1] INFO  server.RaftServerConfigKeys (ConfUtils.java:logGet(43)) - raft.server.storage.dir = [/workdir/hadoop-ozone/integration-test/target/test-dir/MiniOzoneClusterImpl-23306158-e895-4fc7-80df-ce6c264c388b/datanode-2/data/ratis] (custom)
2019-09-25 05:06:09,677 [pool-47-thread-1] INFO  storage.RaftStorageDirectory (RaftStorageDirectory.java:analyzeStorage(246)) - The storage directory /workdir/hadoop-ozone/integration-test/target/test-dir/MiniOzoneClusterImpl-23306158-e895-4fc7-80df-ce6c264c388b/datanode-2/data/ratis/becf101d-308d-4fd2-bef2-acc343760d01 does not exist. Creating ...
2019-09-25 05:06:09,690 [pool-47-thread-1] INFO  storage.RaftStorageDirectory (RaftStorageDirectory.java:tryLock(328)) - Lock on /workdir/hadoop-ozone/integration-test/target/test-dir/MiniOzoneClusterImpl-23306158-e895-4fc7-80df-ce6c264c388b/datanode-2/data/ratis/becf101d-308d-4fd2-bef2-acc343760d01/in_use.lock acquired by nodename 25526@pr-hdds-1569-s62bp-3040748787
2019-09-25 05:06:09,704 [pool-47-thread-1] INFO  storage.RaftStorage (RaftStorage.java:format(72)) - Storage directory /workdir/hadoop-ozone/integration-test/target/test-dir/MiniOzoneClusterImpl-23306158-e895-4fc7-80df-ce6c264c388b/datanode-2/data/ratis/becf101d-308d-4fd2-bef2-acc343760d01 has been successfully formatted.
2019-09-25 05:06:09,704 [pool-47-thread-1] INFO  ratis.ContainerStateMachine (ContainerStateMachine.java:loadSnapshot(230)) - group-ACC343760D01: The snapshot info is null. Setting the last applied indexto:(t:0, i:~)
2019-09-25 05:06:09,704 [pool-47-thread-1] INFO  server.RaftServerConfigKeys (ConfUtils.java:logGet(43)) - raft.server.notification.no-leader.timeout = 120s (custom)
2019-09-25 05:06:09,704 [pool-47-thread-1] INFO  server.RaftServerConfigKeys (ConfUtils.java:logGet(43)) - raft.server.log.use.memory = false (default)
2019-09-25 05:06:09,704 [pool-47-thread-1] INFO  server.RaftServerConfigKeys (ConfUtils.java:logGet(43)) - raft.server.log.purge.gap = 1000000 (custom)
2019-09-25 05:06:09,704 [pool-47-thread-1] INFO  server.RaftServerConfigKeys (ConfUtils.java:logGet(43)) - raft.server.log.appender.buffer.byte-limit = 33554432 (custom)
2019-09-25 05:06:09,704 [pool-47-thread-1] INFO  server.RaftServerConfigKeys (ConfUtils.java:logGet(43)) - raft.server.log.segment.size.max = 1048576 (custom)
2019-09-25 05:06:09,705 [pool-47-thread-1] INFO  server.RaftServerConfigKeys (ConfUtils.java:logGet(43)) - raft.server.log.segment.cache.num.max = 2 (custom)
2019-09-25 05:06:09,705 [pool-47-thread-1] INFO  segmented.SegmentedRaftLogWorker (SegmentedRaftLogWorker.java:<init>(172)) - new c8798e02-7f0c-41f7-82c2-a17323bcf21e@group-ACC343760D01-SegmentedRaftLogWorker for RaftStorage:Storage Directory /workdir/hadoop-ozone/integration-test/target/test-dir/MiniOzoneClusterImpl-23306158-e895-4fc7-80df-ce6c264c388b/datanode-2/data/ratis/becf101d-308d-4fd2-bef2-acc343760d01
2019-09-25 05:06:09,705 [pool-47-thread-1] INFO  server.RaftServerConfigKeys (ConfUtils.java:logGet(43)) - raft.server.log.queue.byte-limit = 2147483647 (custom)
2019-09-25 05:06:09,705 [pool-47-thread-1] INFO  server.RaftServerConfigKeys (ConfUtils.java:logGet(43)) - raft.server.log.queue.element-limit = 1024 (custom)
2019-09-25 05:06:09,705 [pool-47-thread-1] INFO  server.RaftServerConfigKeys (ConfUtils.java:logGet(43)) - raft.server.log.segment.size.max = 1048576 (custom)
2019-09-25 05:06:09,705 [pool-47-thread-1] INFO  server.RaftServerConfigKeys (ConfUtils.java:logGet(43)) - raft.server.log.preallocated.size = 16384 (custom)
2019-09-25 05:06:09,705 [pool-47-thread-1] INFO  server.RaftServerConfigKeys (ConfUtils.java:logGet(43)) - raft.server.log.write.buffer.size = 33554432 (custom)
2019-09-25 05:06:09,705 [pool-47-thread-1] INFO  server.RaftServerConfigKeys (ConfUtils.java:logGet(43)) - raft.server.log.force.sync.num = 128 (default)
2019-09-25 05:06:09,705 [pool-47-thread-1] INFO  server.RaftServerConfigKeys (ConfUtils.java:logGet(43)) - raft.server.log.statemachine.data.sync = true (default)
2019-09-25 05:06:09,706 [pool-47-thread-1] INFO  server.RaftServerConfigKeys (ConfUtils.java:logGet(43)) - raft.server.log.statemachine.data.sync.timeout = 10s (default)
2019-09-25 05:06:09,706 [pool-47-thread-1] INFO  server.RaftServerConfigKeys (ConfUtils.java:logGet(43)) - raft.server.log.statemachine.data.sync.timeout.retry = -1 (default)
2019-09-25 05:06:09,706 [pool-47-thread-1] INFO  server.RaftServerConfigKeys (ConfUtils.java:logGet(43)) - raft.server.log.statemachine.data.caching.enabled = true (custom)
2019-09-25 05:06:09,706 [pool-47-thread-1] INFO  segmented.SegmentedRaftLogWorker (SegmentedRaftLogWorker.java:lambda$new$0(132)) - c8798e02-7f0c-41f7-82c2-a17323bcf21e@group-ACC343760D01-SegmentedRaftLogWorker: flushIndex: setUnconditionally 0 -> -1
2019-09-25 05:06:09,706 [pool-47-thread-1] INFO  server.RaftServerConfigKeys (ConfUtils.java:logGet(43)) - raft.server.snapshot.auto.trigger.enabled = true (custom)
2019-09-25 05:06:09,706 [pool-47-thread-1] INFO  server.RaftServerConfigKeys (ConfUtils.java:logGet(43)) - raft.server.snapshot.auto.trigger.threshold = 10000 (custom)
2019-09-25 05:06:09,707 [pool-47-thread-1] INFO  server.RaftServerConfigKeys (ConfUtils.java:logGet(43)) - raft.server.snapshot.retention.num.files = 5 (custom)
2019-09-25 05:06:09,707 [pool-47-thread-1] INFO  server.RaftServerConfigKeys (ConfUtils.java:logGet(43)) - raft.server.retrycache.expirytime = 600000ms (custom)
2019-09-25 05:06:09,709 [pool-47-thread-1] INFO  impl.RaftServerImpl (RaftServerImpl.java:start(185)) - c8798e02-7f0c-41f7-82c2-a17323bcf21e@group-ACC343760D01: start as a follower, conf=-1: [c8798e02-7f0c-41f7-82c2-a17323bcf21e:192.168.30.10:40603], old=null
2019-09-25 05:06:09,710 [pool-47-thread-1] INFO  impl.RaftServerImpl (RaftServerImpl.java:setRole(174)) - c8798e02-7f0c-41f7-82c2-a17323bcf21e@group-ACC343760D01: changes role from      null to FOLLOWER at term 0 for startAsFollower
2019-09-25 05:06:09,710 [pool-47-thread-1] INFO  impl.RoleInfo (RoleInfo.java:updateAndGet(143)) - c8798e02-7f0c-41f7-82c2-a17323bcf21e: start FollowerState
2019-09-25 05:06:09,710 [pool-47-thread-1] INFO  util.JmxRegister (JmxRegister.java:tryRegister(44)) - Successfully registered JMX Bean with object name Ratis:service=RaftServer,group=group-ACC343760D01,id=c8798e02-7f0c-41f7-82c2-a17323bcf21e
2019-09-25 05:06:09,717 [RatisPipelineUtilsThread] INFO  pipeline.PipelineStateManager (PipelineStateManager.java:addPipeline(56)) - Created pipeline Pipeline[ Id: becf101d-308d-4fd2-bef2-acc343760d01, Nodes: c8798e02-7f0c-41f7-82c2-a17323bcf21e{ip: 192.168.30.10, host: pr-hdds-1569-s62bp-3040748787, networkLocation: /default-rack, certSerialId: null}, Type:RATIS, Factor:ONE, State:OPEN]
2019-09-25 05:06:09,728 [grpc-default-executor-0] INFO  impl.RaftServerProxy (RaftServerProxy.java:addNew(89)) - de37f7a0-0375-40a9-a318-404478482fcb: addNew group-390278B89204:[de37f7a0-0375-40a9-a318-404478482fcb:192.168.30.10:44522] returns group-390278B89204:java.util.concurrent.CompletableFuture@368bf62[Not completed]
2019-09-25 05:06:09,730 [pool-57-thread-1] INFO  impl.RaftServerImpl (RaftServerImpl.java:<init>(95)) - de37f7a0-0375-40a9-a318-404478482fcb: new RaftServerImpl for group-390278B89204:[de37f7a0-0375-40a9-a318-404478482fcb:192.168.30.10:44522] with ContainerStateMachine:uninitialized
2019-09-25 05:06:09,730 [pool-57-thread-1] INFO  server.RaftServerConfigKeys (ConfUtils.java:logGet(43)) - raft.server.rpc.timeout.min = 5s (custom)
2019-09-25 05:06:09,730 [pool-57-thread-1] INFO  server.RaftServerConfigKeys (ConfUtils.java:logGet(43)) - raft.server.rpc.timeout.max = 5200ms (custom)
2019-09-25 05:06:09,730 [pool-57-thread-1] INFO  server.RaftServerConfigKeys (ConfUtils.java:logGet(43)) - raft.server.rpcslowness.timeout = 120s (custom)
2019-09-25 05:06:09,730 [pool-57-thread-1] INFO  server.RaftServerConfigKeys (ConfUtils.java:logGet(43)) - raft.server.sleep.deviation.threshold = 300 (default)
2019-09-25 05:06:09,730 [pool-57-thread-1] INFO  server.RaftServerConfigKeys (ConfUtils.java:logGet(43)) - raft.server.log.appender.install.snapshot.enabled = false (custom)
2019-09-25 05:06:09,730 [pool-57-thread-1] INFO  impl.RaftServerImpl (ServerState.java:<init>(103)) - de37f7a0-0375-40a9-a318-404478482fcb@group-390278B89204: ConfigurationManager, init=-1: [de37f7a0-0375-40a9-a318-404478482fcb:192.168.30.10:44522], old=null, confs=<EMPTY_MAP>
2019-09-25 05:06:09,731 [pool-57-thread-1] INFO  server.RaftServerConfigKeys (ConfUtils.java:logGet(43)) - raft.server.storage.dir = [/workdir/hadoop-ozone/integration-test/target/test-dir/MiniOzoneClusterImpl-23306158-e895-4fc7-80df-ce6c264c388b/datanode-3/data/ratis] (custom)
2019-09-25 05:06:09,731 [pool-57-thread-1] INFO  storage.RaftStorageDirectory (RaftStorageDirectory.java:analyzeStorage(246)) - The storage directory /workdir/hadoop-ozone/integration-test/target/test-dir/MiniOzoneClusterImpl-23306158-e895-4fc7-80df-ce6c264c388b/datanode-3/data/ratis/522fdb7a-77f8-44b6-8237-390278b89204 does not exist. Creating ...
2019-09-25 05:06:09,744 [pool-57-thread-1] INFO  storage.RaftStorageDirectory (RaftStorageDirectory.java:tryLock(328)) - Lock on /workdir/hadoop-ozone/integration-test/target/test-dir/MiniOzoneClusterImpl-23306158-e895-4fc7-80df-ce6c264c388b/datanode-3/data/ratis/522fdb7a-77f8-44b6-8237-390278b89204/in_use.lock acquired by nodename 25526@pr-hdds-1569-s62bp-3040748787
2019-09-25 05:06:09,757 [pool-57-thread-1] INFO  storage.RaftStorage (RaftStorage.java:format(72)) - Storage directory /workdir/hadoop-ozone/integration-test/target/test-dir/MiniOzoneClusterImpl-23306158-e895-4fc7-80df-ce6c264c388b/datanode-3/data/ratis/522fdb7a-77f8-44b6-8237-390278b89204 has been successfully formatted.
2019-09-25 05:06:09,758 [pool-57-thread-1] INFO  ratis.ContainerStateMachine (ContainerStateMachine.java:loadSnapshot(230)) - group-390278B89204: The snapshot info is null. Setting the last applied indexto:(t:0, i:~)
2019-09-25 05:06:09,758 [pool-57-thread-1] INFO  server.RaftServerConfigKeys (ConfUtils.java:logGet(43)) - raft.server.notification.no-leader.timeout = 120s (custom)
2019-09-25 05:06:09,758 [pool-57-thread-1] INFO  server.RaftServerConfigKeys (ConfUtils.java:logGet(43)) - raft.server.log.use.memory = false (default)
2019-09-25 05:06:09,758 [pool-57-thread-1] INFO  server.RaftServerConfigKeys (ConfUtils.java:logGet(43)) - raft.server.log.purge.gap = 1000000 (custom)
2019-09-25 05:06:09,758 [pool-57-thread-1] INFO  server.RaftServerConfigKeys (ConfUtils.java:logGet(43)) - raft.server.log.appender.buffer.byte-limit = 33554432 (custom)
2019-09-25 05:06:09,758 [pool-57-thread-1] INFO  server.RaftServerConfigKeys (ConfUtils.java:logGet(43)) - raft.server.log.segment.size.max = 1048576 (custom)
2019-09-25 05:06:09,758 [pool-57-thread-1] INFO  server.RaftServerConfigKeys (ConfUtils.java:logGet(43)) - raft.server.log.segment.cache.num.max = 2 (custom)
2019-09-25 05:06:09,758 [pool-57-thread-1] INFO  segmented.SegmentedRaftLogWorker (SegmentedRaftLogWorker.java:<init>(172)) - new de37f7a0-0375-40a9-a318-404478482fcb@group-390278B89204-SegmentedRaftLogWorker for RaftStorage:Storage Directory /workdir/hadoop-ozone/integration-test/target/test-dir/MiniOzoneClusterImpl-23306158-e895-4fc7-80df-ce6c264c388b/datanode-3/data/ratis/522fdb7a-77f8-44b6-8237-390278b89204
2019-09-25 05:06:09,759 [pool-57-thread-1] INFO  server.RaftServerConfigKeys (ConfUtils.java:logGet(43)) - raft.server.log.queue.byte-limit = 2147483647 (custom)
2019-09-25 05:06:09,759 [pool-57-thread-1] INFO  server.RaftServerConfigKeys (ConfUtils.java:logGet(43)) - raft.server.log.queue.element-limit = 1024 (custom)
2019-09-25 05:06:09,759 [pool-57-thread-1] INFO  server.RaftServerConfigKeys (ConfUtils.java:logGet(43)) - raft.server.log.segment.size.max = 1048576 (custom)
2019-09-25 05:06:09,759 [pool-57-thread-1] INFO  server.RaftServerConfigKeys (ConfUtils.java:logGet(43)) - raft.server.log.preallocated.size = 16384 (custom)
2019-09-25 05:06:09,759 [pool-57-thread-1] INFO  server.RaftServerConfigKeys (ConfUtils.java:logGet(43)) - raft.server.log.write.buffer.size = 33554432 (custom)
2019-09-25 05:06:09,759 [pool-57-thread-1] INFO  server.RaftServerConfigKeys (ConfUtils.java:logGet(43)) - raft.server.log.force.sync.num = 128 (default)
2019-09-25 05:06:09,759 [pool-57-thread-1] INFO  server.RaftServerConfigKeys (ConfUtils.java:logGet(43)) - raft.server.log.statemachine.data.sync = true (default)
2019-09-25 05:06:09,759 [pool-57-thread-1] INFO  server.RaftServerConfigKeys (ConfUtils.java:logGet(43)) - raft.server.log.statemachine.data.sync.timeout = 10s (default)
2019-09-25 05:06:09,759 [pool-57-thread-1] INFO  server.RaftServerConfigKeys (ConfUtils.java:logGet(43)) - raft.server.log.statemachine.data.sync.timeout.retry = -1 (default)
2019-09-25 05:06:09,760 [pool-57-thread-1] INFO  server.RaftServerConfigKeys (ConfUtils.java:logGet(43)) - raft.server.log.statemachine.data.caching.enabled = true (custom)
2019-09-25 05:06:09,760 [pool-57-thread-1] INFO  segmented.SegmentedRaftLogWorker (SegmentedRaftLogWorker.java:lambda$new$0(132)) - de37f7a0-0375-40a9-a318-404478482fcb@group-390278B89204-SegmentedRaftLogWorker: flushIndex: setUnconditionally 0 -> -1
2019-09-25 05:06:09,760 [pool-57-thread-1] INFO  server.RaftServerConfigKeys (ConfUtils.java:logGet(43)) - raft.server.snapshot.auto.trigger.enabled = true (custom)
2019-09-25 05:06:09,760 [pool-57-thread-1] INFO  server.RaftServerConfigKeys (ConfUtils.java:logGet(43)) - raft.server.snapshot.auto.trigger.threshold = 10000 (custom)
2019-09-25 05:06:09,760 [pool-57-thread-1] INFO  server.RaftServerConfigKeys (ConfUtils.java:logGet(43)) - raft.server.snapshot.retention.num.files = 5 (custom)
2019-09-25 05:06:09,761 [pool-57-thread-1] INFO  server.RaftServerConfigKeys (ConfUtils.java:logGet(43)) - raft.server.retrycache.expirytime = 600000ms (custom)
2019-09-25 05:06:09,763 [pool-57-thread-1] INFO  impl.RaftServerImpl (RaftServerImpl.java:start(185)) - de37f7a0-0375-40a9-a318-404478482fcb@group-390278B89204: start as a follower, conf=-1: [de37f7a0-0375-40a9-a318-404478482fcb:192.168.30.10:44522], old=null
2019-09-25 05:06:09,764 [pool-57-thread-1] INFO  impl.RaftServerImpl (RaftServerImpl.java:setRole(174)) - de37f7a0-0375-40a9-a318-404478482fcb@group-390278B89204: changes role from      null to FOLLOWER at term 0 for startAsFollower
2019-09-25 05:06:09,764 [pool-57-thread-1] INFO  impl.RoleInfo (RoleInfo.java:updateAndGet(143)) - de37f7a0-0375-40a9-a318-404478482fcb: start FollowerState
2019-09-25 05:06:09,764 [pool-57-thread-1] INFO  util.JmxRegister (JmxRegister.java:tryRegister(44)) - Successfully registered JMX Bean with object name Ratis:service=RaftServer,group=group-390278B89204,id=de37f7a0-0375-40a9-a318-404478482fcb
2019-09-25 05:06:09,770 [RatisPipelineUtilsThread] INFO  pipeline.PipelineStateManager (PipelineStateManager.java:addPipeline(56)) - Created pipeline Pipeline[ Id: 522fdb7a-77f8-44b6-8237-390278b89204, Nodes: de37f7a0-0375-40a9-a318-404478482fcb{ip: 192.168.30.10, host: pr-hdds-1569-s62bp-3040748787, networkLocation: /default-rack, certSerialId: null}, Type:RATIS, Factor:ONE, State:OPEN]
2019-09-25 05:06:09,781 [grpc-default-executor-0] INFO  impl.RaftServerProxy (RaftServerProxy.java:addNew(89)) - 36ac27b3-2f11-437d-8f1f-165306b0ff4a: addNew group-C22D7FCA2ACA:[36ac27b3-2f11-437d-8f1f-165306b0ff4a:192.168.30.10:45265] returns group-C22D7FCA2ACA:java.util.concurrent.CompletableFuture@44e3ace2[Not completed]
2019-09-25 05:06:09,782 [pool-37-thread-1] INFO  impl.RaftServerImpl (RaftServerImpl.java:<init>(95)) - 36ac27b3-2f11-437d-8f1f-165306b0ff4a: new RaftServerImpl for group-C22D7FCA2ACA:[36ac27b3-2f11-437d-8f1f-165306b0ff4a:192.168.30.10:45265] with ContainerStateMachine:uninitialized
2019-09-25 05:06:09,783 [pool-37-thread-1] INFO  server.RaftServerConfigKeys (ConfUtils.java:logGet(43)) - raft.server.rpc.timeout.min = 5s (custom)
2019-09-25 05:06:09,783 [pool-37-thread-1] INFO  server.RaftServerConfigKeys (ConfUtils.java:logGet(43)) - raft.server.rpc.timeout.max = 5200ms (custom)
2019-09-25 05:06:09,783 [pool-37-thread-1] INFO  server.RaftServerConfigKeys (ConfUtils.java:logGet(43)) - raft.server.rpcslowness.timeout = 120s (custom)
2019-09-25 05:06:09,783 [pool-37-thread-1] INFO  server.RaftServerConfigKeys (ConfUtils.java:logGet(43)) - raft.server.sleep.deviation.threshold = 300 (default)
2019-09-25 05:06:09,783 [pool-37-thread-1] INFO  server.RaftServerConfigKeys (ConfUtils.java:logGet(43)) - raft.server.log.appender.install.snapshot.enabled = false (custom)
2019-09-25 05:06:09,783 [pool-37-thread-1] INFO  impl.RaftServerImpl (ServerState.java:<init>(103)) - 36ac27b3-2f11-437d-8f1f-165306b0ff4a@group-C22D7FCA2ACA: ConfigurationManager, init=-1: [36ac27b3-2f11-437d-8f1f-165306b0ff4a:192.168.30.10:45265], old=null, confs=<EMPTY_MAP>
2019-09-25 05:06:09,784 [pool-37-thread-1] INFO  server.RaftServerConfigKeys (ConfUtils.java:logGet(43)) - raft.server.storage.dir = [/workdir/hadoop-ozone/integration-test/target/test-dir/MiniOzoneClusterImpl-23306158-e895-4fc7-80df-ce6c264c388b/datanode-1/data/ratis] (custom)
2019-09-25 05:06:09,784 [pool-37-thread-1] INFO  storage.RaftStorageDirectory (RaftStorageDirectory.java:analyzeStorage(246)) - The storage directory /workdir/hadoop-ozone/integration-test/target/test-dir/MiniOzoneClusterImpl-23306158-e895-4fc7-80df-ce6c264c388b/datanode-1/data/ratis/54763a94-2738-412a-99d2-c22d7fca2aca does not exist. Creating ...
2019-09-25 05:06:09,797 [pool-37-thread-1] INFO  storage.RaftStorageDirectory (RaftStorageDirectory.java:tryLock(328)) - Lock on /workdir/hadoop-ozone/integration-test/target/test-dir/MiniOzoneClusterImpl-23306158-e895-4fc7-80df-ce6c264c388b/datanode-1/data/ratis/54763a94-2738-412a-99d2-c22d7fca2aca/in_use.lock acquired by nodename 25526@pr-hdds-1569-s62bp-3040748787
2019-09-25 05:06:09,819 [pool-37-thread-1] INFO  storage.RaftStorage (RaftStorage.java:format(72)) - Storage directory /workdir/hadoop-ozone/integration-test/target/test-dir/MiniOzoneClusterImpl-23306158-e895-4fc7-80df-ce6c264c388b/datanode-1/data/ratis/54763a94-2738-412a-99d2-c22d7fca2aca has been successfully formatted.
2019-09-25 05:06:09,820 [pool-37-thread-1] INFO  ratis.ContainerStateMachine (ContainerStateMachine.java:loadSnapshot(230)) - group-C22D7FCA2ACA: The snapshot info is null. Setting the last applied indexto:(t:0, i:~)
2019-09-25 05:06:09,820 [pool-37-thread-1] INFO  server.RaftServerConfigKeys (ConfUtils.java:logGet(43)) - raft.server.notification.no-leader.timeout = 120s (custom)
2019-09-25 05:06:09,820 [pool-37-thread-1] INFO  server.RaftServerConfigKeys (ConfUtils.java:logGet(43)) - raft.server.log.use.memory = false (default)
2019-09-25 05:06:09,820 [pool-37-thread-1] INFO  server.RaftServerConfigKeys (ConfUtils.java:logGet(43)) - raft.server.log.purge.gap = 1000000 (custom)
2019-09-25 05:06:09,820 [pool-37-thread-1] INFO  server.RaftServerConfigKeys (ConfUtils.java:logGet(43)) - raft.server.log.appender.buffer.byte-limit = 33554432 (custom)
2019-09-25 05:06:09,820 [pool-37-thread-1] INFO  server.RaftServerConfigKeys (ConfUtils.java:logGet(43)) - raft.server.log.segment.size.max = 1048576 (custom)
2019-09-25 05:06:09,821 [pool-37-thread-1] INFO  server.RaftServerConfigKeys (ConfUtils.java:logGet(43)) - raft.server.log.segment.cache.num.max = 2 (custom)
2019-09-25 05:06:09,821 [pool-37-thread-1] INFO  segmented.SegmentedRaftLogWorker (SegmentedRaftLogWorker.java:<init>(172)) - new 36ac27b3-2f11-437d-8f1f-165306b0ff4a@group-C22D7FCA2ACA-SegmentedRaftLogWorker for RaftStorage:Storage Directory /workdir/hadoop-ozone/integration-test/target/test-dir/MiniOzoneClusterImpl-23306158-e895-4fc7-80df-ce6c264c388b/datanode-1/data/ratis/54763a94-2738-412a-99d2-c22d7fca2aca
2019-09-25 05:06:09,821 [pool-37-thread-1] INFO  server.RaftServerConfigKeys (ConfUtils.java:logGet(43)) - raft.server.log.queue.byte-limit = 2147483647 (custom)
2019-09-25 05:06:09,821 [pool-37-thread-1] INFO  server.RaftServerConfigKeys (ConfUtils.java:logGet(43)) - raft.server.log.queue.element-limit = 1024 (custom)
2019-09-25 05:06:09,821 [pool-37-thread-1] INFO  server.RaftServerConfigKeys (ConfUtils.java:logGet(43)) - raft.server.log.segment.size.max = 1048576 (custom)
2019-09-25 05:06:09,822 [pool-37-thread-1] INFO  server.RaftServerConfigKeys (ConfUtils.java:logGet(43)) - raft.server.log.preallocated.size = 16384 (custom)
2019-09-25 05:06:09,822 [pool-37-thread-1] INFO  server.RaftServerConfigKeys (ConfUtils.java:logGet(43)) - raft.server.log.write.buffer.size = 33554432 (custom)
2019-09-25 05:06:09,822 [pool-37-thread-1] INFO  server.RaftServerConfigKeys (ConfUtils.java:logGet(43)) - raft.server.log.force.sync.num = 128 (default)
2019-09-25 05:06:09,822 [pool-37-thread-1] INFO  server.RaftServerConfigKeys (ConfUtils.java:logGet(43)) - raft.server.log.statemachine.data.sync = true (default)
2019-09-25 05:06:09,822 [pool-37-thread-1] INFO  server.RaftServerConfigKeys (ConfUtils.java:logGet(43)) - raft.server.log.statemachine.data.sync.timeout = 10s (default)
2019-09-25 05:06:09,822 [pool-37-thread-1] INFO  server.RaftServerConfigKeys (ConfUtils.java:logGet(43)) - raft.server.log.statemachine.data.sync.timeout.retry = -1 (default)
2019-09-25 05:06:09,823 [pool-37-thread-1] INFO  server.RaftServerConfigKeys (ConfUtils.java:logGet(43)) - raft.server.log.statemachine.data.caching.enabled = true (custom)
2019-09-25 05:06:09,823 [pool-37-thread-1] INFO  segmented.SegmentedRaftLogWorker (SegmentedRaftLogWorker.java:lambda$new$0(132)) - 36ac27b3-2f11-437d-8f1f-165306b0ff4a@group-C22D7FCA2ACA-SegmentedRaftLogWorker: flushIndex: setUnconditionally 0 -> -1
2019-09-25 05:06:09,823 [pool-37-thread-1] INFO  server.RaftServerConfigKeys (ConfUtils.java:logGet(43)) - raft.server.snapshot.auto.trigger.enabled = true (custom)
2019-09-25 05:06:09,824 [pool-37-thread-1] INFO  server.RaftServerConfigKeys (ConfUtils.java:logGet(43)) - raft.server.snapshot.auto.trigger.threshold = 10000 (custom)
2019-09-25 05:06:09,824 [pool-37-thread-1] INFO  server.RaftServerConfigKeys (ConfUtils.java:logGet(43)) - raft.server.snapshot.retention.num.files = 5 (custom)
2019-09-25 05:06:09,824 [pool-37-thread-1] INFO  server.RaftServerConfigKeys (ConfUtils.java:logGet(43)) - raft.server.retrycache.expirytime = 600000ms (custom)
2019-09-25 05:06:09,827 [pool-37-thread-1] INFO  impl.RaftServerImpl (RaftServerImpl.java:start(185)) - 36ac27b3-2f11-437d-8f1f-165306b0ff4a@group-C22D7FCA2ACA: start as a follower, conf=-1: [36ac27b3-2f11-437d-8f1f-165306b0ff4a:192.168.30.10:45265], old=null
2019-09-25 05:06:09,827 [pool-37-thread-1] INFO  impl.RaftServerImpl (RaftServerImpl.java:setRole(174)) - 36ac27b3-2f11-437d-8f1f-165306b0ff4a@group-C22D7FCA2ACA: changes role from      null to FOLLOWER at term 0 for startAsFollower
2019-09-25 05:06:09,827 [pool-37-thread-1] INFO  impl.RoleInfo (RoleInfo.java:updateAndGet(143)) - 36ac27b3-2f11-437d-8f1f-165306b0ff4a: start FollowerState
2019-09-25 05:06:09,828 [pool-37-thread-1] INFO  util.JmxRegister (JmxRegister.java:tryRegister(44)) - Successfully registered JMX Bean with object name Ratis:service=RaftServer,group=group-C22D7FCA2ACA,id=36ac27b3-2f11-437d-8f1f-165306b0ff4a
2019-09-25 05:06:09,833 [RatisPipelineUtilsThread] INFO  pipeline.PipelineStateManager (PipelineStateManager.java:addPipeline(56)) - Created pipeline Pipeline[ Id: 54763a94-2738-412a-99d2-c22d7fca2aca, Nodes: 36ac27b3-2f11-437d-8f1f-165306b0ff4a{ip: 192.168.30.10, host: pr-hdds-1569-s62bp-3040748787, networkLocation: /default-rack, certSerialId: null}, Type:RATIS, Factor:ONE, State:OPEN]
2019-09-25 05:06:09,845 [grpc-default-executor-0] INFO  impl.RaftServerProxy (RaftServerProxy.java:addNew(89)) - c8798e02-7f0c-41f7-82c2-a17323bcf21e: addNew group-6937FD35780D:[c8798e02-7f0c-41f7-82c2-a17323bcf21e:192.168.30.10:40603] returns group-6937FD35780D:java.util.concurrent.CompletableFuture@b1af142[Not completed]
2019-09-25 05:06:09,846 [pool-47-thread-1] INFO  impl.RaftServerImpl (RaftServerImpl.java:<init>(95)) - c8798e02-7f0c-41f7-82c2-a17323bcf21e: new RaftServerImpl for group-6937FD35780D:[c8798e02-7f0c-41f7-82c2-a17323bcf21e:192.168.30.10:40603] with ContainerStateMachine:uninitialized
2019-09-25 05:06:09,847 [pool-47-thread-1] INFO  server.RaftServerConfigKeys (ConfUtils.java:logGet(43)) - raft.server.rpc.timeout.min = 5s (custom)
2019-09-25 05:06:09,847 [pool-47-thread-1] INFO  server.RaftServerConfigKeys (ConfUtils.java:logGet(43)) - raft.server.rpc.timeout.max = 5200ms (custom)
2019-09-25 05:06:09,847 [pool-47-thread-1] INFO  server.RaftServerConfigKeys (ConfUtils.java:logGet(43)) - raft.server.rpcslowness.timeout = 120s (custom)
2019-09-25 05:06:09,847 [pool-47-thread-1] INFO  server.RaftServerConfigKeys (ConfUtils.java:logGet(43)) - raft.server.sleep.deviation.threshold = 300 (default)
2019-09-25 05:06:09,847 [pool-47-thread-1] INFO  server.RaftServerConfigKeys (ConfUtils.java:logGet(43)) - raft.server.log.appender.install.snapshot.enabled = false (custom)
2019-09-25 05:06:09,847 [pool-47-thread-1] INFO  impl.RaftServerImpl (ServerState.java:<init>(103)) - c8798e02-7f0c-41f7-82c2-a17323bcf21e@group-6937FD35780D: ConfigurationManager, init=-1: [c8798e02-7f0c-41f7-82c2-a17323bcf21e:192.168.30.10:40603], old=null, confs=<EMPTY_MAP>
2019-09-25 05:06:09,848 [pool-47-thread-1] INFO  server.RaftServerConfigKeys (ConfUtils.java:logGet(43)) - raft.server.storage.dir = [/workdir/hadoop-ozone/integration-test/target/test-dir/MiniOzoneClusterImpl-23306158-e895-4fc7-80df-ce6c264c388b/datanode-2/data/ratis] (custom)
2019-09-25 05:06:09,848 [pool-47-thread-1] INFO  storage.RaftStorageDirectory (RaftStorageDirectory.java:analyzeStorage(246)) - The storage directory /workdir/hadoop-ozone/integration-test/target/test-dir/MiniOzoneClusterImpl-23306158-e895-4fc7-80df-ce6c264c388b/datanode-2/data/ratis/b10f2885-52c2-4005-af3f-6937fd35780d does not exist. Creating ...
2019-09-25 05:06:09,861 [pool-47-thread-1] INFO  storage.RaftStorageDirectory (RaftStorageDirectory.java:tryLock(328)) - Lock on /workdir/hadoop-ozone/integration-test/target/test-dir/MiniOzoneClusterImpl-23306158-e895-4fc7-80df-ce6c264c388b/datanode-2/data/ratis/b10f2885-52c2-4005-af3f-6937fd35780d/in_use.lock acquired by nodename 25526@pr-hdds-1569-s62bp-3040748787
2019-09-25 05:06:09,875 [pool-47-thread-1] INFO  storage.RaftStorage (RaftStorage.java:format(72)) - Storage directory /workdir/hadoop-ozone/integration-test/target/test-dir/MiniOzoneClusterImpl-23306158-e895-4fc7-80df-ce6c264c388b/datanode-2/data/ratis/b10f2885-52c2-4005-af3f-6937fd35780d has been successfully formatted.
2019-09-25 05:06:09,875 [pool-47-thread-1] INFO  ratis.ContainerStateMachine (ContainerStateMachine.java:loadSnapshot(230)) - group-6937FD35780D: The snapshot info is null. Setting the last applied indexto:(t:0, i:~)
2019-09-25 05:06:09,875 [pool-47-thread-1] INFO  server.RaftServerConfigKeys (ConfUtils.java:logGet(43)) - raft.server.notification.no-leader.timeout = 120s (custom)
2019-09-25 05:06:09,875 [pool-47-thread-1] INFO  server.RaftServerConfigKeys (ConfUtils.java:logGet(43)) - raft.server.log.use.memory = false (default)
2019-09-25 05:06:09,876 [pool-47-thread-1] INFO  server.RaftServerConfigKeys (ConfUtils.java:logGet(43)) - raft.server.log.purge.gap = 1000000 (custom)
2019-09-25 05:06:09,876 [pool-47-thread-1] INFO  server.RaftServerConfigKeys (ConfUtils.java:logGet(43)) - raft.server.log.appender.buffer.byte-limit = 33554432 (custom)
2019-09-25 05:06:09,876 [pool-47-thread-1] INFO  server.RaftServerConfigKeys (ConfUtils.java:logGet(43)) - raft.server.log.segment.size.max = 1048576 (custom)
2019-09-25 05:06:09,876 [pool-47-thread-1] INFO  server.RaftServerConfigKeys (ConfUtils.java:logGet(43)) - raft.server.log.segment.cache.num.max = 2 (custom)
2019-09-25 05:06:09,876 [pool-47-thread-1] INFO  segmented.SegmentedRaftLogWorker (SegmentedRaftLogWorker.java:<init>(172)) - new c8798e02-7f0c-41f7-82c2-a17323bcf21e@group-6937FD35780D-SegmentedRaftLogWorker for RaftStorage:Storage Directory /workdir/hadoop-ozone/integration-test/target/test-dir/MiniOzoneClusterImpl-23306158-e895-4fc7-80df-ce6c264c388b/datanode-2/data/ratis/b10f2885-52c2-4005-af3f-6937fd35780d
2019-09-25 05:06:09,876 [pool-47-thread-1] INFO  server.RaftServerConfigKeys (ConfUtils.java:logGet(43)) - raft.server.log.queue.byte-limit = 2147483647 (custom)
2019-09-25 05:06:09,879 [pool-47-thread-1] INFO  server.RaftServerConfigKeys (ConfUtils.java:logGet(43)) - raft.server.log.queue.element-limit = 1024 (custom)
2019-09-25 05:06:09,879 [pool-47-thread-1] INFO  server.RaftServerConfigKeys (ConfUtils.java:logGet(43)) - raft.server.log.segment.size.max = 1048576 (custom)
2019-09-25 05:06:09,879 [pool-47-thread-1] INFO  server.RaftServerConfigKeys (ConfUtils.java:logGet(43)) - raft.server.log.preallocated.size = 16384 (custom)
2019-09-25 05:06:09,879 [pool-47-thread-1] INFO  server.RaftServerConfigKeys (ConfUtils.java:logGet(43)) - raft.server.log.write.buffer.size = 33554432 (custom)
2019-09-25 05:06:09,879 [pool-47-thread-1] INFO  server.RaftServerConfigKeys (ConfUtils.java:logGet(43)) - raft.server.log.force.sync.num = 128 (default)
2019-09-25 05:06:09,879 [pool-47-thread-1] INFO  server.RaftServerConfigKeys (ConfUtils.java:logGet(43)) - raft.server.log.statemachine.data.sync = true (default)
2019-09-25 05:06:09,880 [pool-47-thread-1] INFO  server.RaftServerConfigKeys (ConfUtils.java:logGet(43)) - raft.server.log.statemachine.data.sync.timeout = 10s (default)
2019-09-25 05:06:09,880 [pool-47-thread-1] INFO  server.RaftServerConfigKeys (ConfUtils.java:logGet(43)) - raft.server.log.statemachine.data.sync.timeout.retry = -1 (default)
2019-09-25 05:06:09,880 [pool-47-thread-1] INFO  server.RaftServerConfigKeys (ConfUtils.java:logGet(43)) - raft.server.log.statemachine.data.caching.enabled = true (custom)
2019-09-25 05:06:09,880 [pool-47-thread-1] INFO  segmented.SegmentedRaftLogWorker (SegmentedRaftLogWorker.java:lambda$new$0(132)) - c8798e02-7f0c-41f7-82c2-a17323bcf21e@group-6937FD35780D-SegmentedRaftLogWorker: flushIndex: setUnconditionally 0 -> -1
2019-09-25 05:06:09,881 [pool-47-thread-1] INFO  server.RaftServerConfigKeys (ConfUtils.java:logGet(43)) - raft.server.snapshot.auto.trigger.enabled = true (custom)
2019-09-25 05:06:09,881 [pool-47-thread-1] INFO  server.RaftServerConfigKeys (ConfUtils.java:logGet(43)) - raft.server.snapshot.auto.trigger.threshold = 10000 (custom)
2019-09-25 05:06:09,881 [pool-47-thread-1] INFO  server.RaftServerConfigKeys (ConfUtils.java:logGet(43)) - raft.server.snapshot.retention.num.files = 5 (custom)
2019-09-25 05:06:09,881 [pool-47-thread-1] INFO  server.RaftServerConfigKeys (ConfUtils.java:logGet(43)) - raft.server.retrycache.expirytime = 600000ms (custom)
2019-09-25 05:06:09,884 [pool-47-thread-1] INFO  impl.RaftServerImpl (RaftServerImpl.java:start(185)) - c8798e02-7f0c-41f7-82c2-a17323bcf21e@group-6937FD35780D: start as a follower, conf=-1: [c8798e02-7f0c-41f7-82c2-a17323bcf21e:192.168.30.10:40603], old=null
2019-09-25 05:06:09,884 [pool-47-thread-1] INFO  impl.RaftServerImpl (RaftServerImpl.java:setRole(174)) - c8798e02-7f0c-41f7-82c2-a17323bcf21e@group-6937FD35780D: changes role from      null to FOLLOWER at term 0 for startAsFollower
2019-09-25 05:06:09,884 [pool-47-thread-1] INFO  impl.RoleInfo (RoleInfo.java:updateAndGet(143)) - c8798e02-7f0c-41f7-82c2-a17323bcf21e: start FollowerState
2019-09-25 05:06:09,884 [pool-47-thread-1] INFO  util.JmxRegister (JmxRegister.java:tryRegister(44)) - Successfully registered JMX Bean with object name Ratis:service=RaftServer,group=group-6937FD35780D,id=c8798e02-7f0c-41f7-82c2-a17323bcf21e
2019-09-25 05:06:09,890 [RatisPipelineUtilsThread] INFO  pipeline.PipelineStateManager (PipelineStateManager.java:addPipeline(56)) - Created pipeline Pipeline[ Id: b10f2885-52c2-4005-af3f-6937fd35780d, Nodes: c8798e02-7f0c-41f7-82c2-a17323bcf21e{ip: 192.168.30.10, host: pr-hdds-1569-s62bp-3040748787, networkLocation: /default-rack, certSerialId: null}, Type:RATIS, Factor:ONE, State:OPEN]
2019-09-25 05:06:09,900 [grpc-default-executor-0] INFO  impl.RaftServerProxy (RaftServerProxy.java:addNew(89)) - c8798e02-7f0c-41f7-82c2-a17323bcf21e: addNew group-0E265053BB0C:[c8798e02-7f0c-41f7-82c2-a17323bcf21e:192.168.30.10:40603] returns group-0E265053BB0C:java.util.concurrent.CompletableFuture@1b2cadf7[Not completed]
2019-09-25 05:06:09,901 [pool-47-thread-1] INFO  impl.RaftServerImpl (RaftServerImpl.java:<init>(95)) - c8798e02-7f0c-41f7-82c2-a17323bcf21e: new RaftServerImpl for group-0E265053BB0C:[c8798e02-7f0c-41f7-82c2-a17323bcf21e:192.168.30.10:40603] with ContainerStateMachine:uninitialized
2019-09-25 05:06:09,902 [pool-47-thread-1] INFO  server.RaftServerConfigKeys (ConfUtils.java:logGet(43)) - raft.server.rpc.timeout.min = 5s (custom)
2019-09-25 05:06:09,902 [pool-47-thread-1] INFO  server.RaftServerConfigKeys (ConfUtils.java:logGet(43)) - raft.server.rpc.timeout.max = 5200ms (custom)
2019-09-25 05:06:09,902 [pool-47-thread-1] INFO  server.RaftServerConfigKeys (ConfUtils.java:logGet(43)) - raft.server.rpcslowness.timeout = 120s (custom)
2019-09-25 05:06:09,902 [pool-47-thread-1] INFO  server.RaftServerConfigKeys (ConfUtils.java:logGet(43)) - raft.server.sleep.deviation.threshold = 300 (default)
2019-09-25 05:06:09,902 [pool-47-thread-1] INFO  server.RaftServerConfigKeys (ConfUtils.java:logGet(43)) - raft.server.log.appender.install.snapshot.enabled = false (custom)
2019-09-25 05:06:09,902 [pool-47-thread-1] INFO  impl.RaftServerImpl (ServerState.java:<init>(103)) - c8798e02-7f0c-41f7-82c2-a17323bcf21e@group-0E265053BB0C: ConfigurationManager, init=-1: [c8798e02-7f0c-41f7-82c2-a17323bcf21e:192.168.30.10:40603], old=null, confs=<EMPTY_MAP>
2019-09-25 05:06:09,903 [pool-47-thread-1] INFO  server.RaftServerConfigKeys (ConfUtils.java:logGet(43)) - raft.server.storage.dir = [/workdir/hadoop-ozone/integration-test/target/test-dir/MiniOzoneClusterImpl-23306158-e895-4fc7-80df-ce6c264c388b/datanode-2/data/ratis] (custom)
2019-09-25 05:06:09,903 [pool-47-thread-1] INFO  storage.RaftStorageDirectory (RaftStorageDirectory.java:analyzeStorage(246)) - The storage directory /workdir/hadoop-ozone/integration-test/target/test-dir/MiniOzoneClusterImpl-23306158-e895-4fc7-80df-ce6c264c388b/datanode-2/data/ratis/92090f63-a025-42cf-9ec0-0e265053bb0c does not exist. Creating ...
2019-09-25 05:06:09,916 [pool-47-thread-1] INFO  storage.RaftStorageDirectory (RaftStorageDirectory.java:tryLock(328)) - Lock on /workdir/hadoop-ozone/integration-test/target/test-dir/MiniOzoneClusterImpl-23306158-e895-4fc7-80df-ce6c264c388b/datanode-2/data/ratis/92090f63-a025-42cf-9ec0-0e265053bb0c/in_use.lock acquired by nodename 25526@pr-hdds-1569-s62bp-3040748787
2019-09-25 05:06:09,930 [pool-47-thread-1] INFO  storage.RaftStorage (RaftStorage.java:format(72)) - Storage directory /workdir/hadoop-ozone/integration-test/target/test-dir/MiniOzoneClusterImpl-23306158-e895-4fc7-80df-ce6c264c388b/datanode-2/data/ratis/92090f63-a025-42cf-9ec0-0e265053bb0c has been successfully formatted.
2019-09-25 05:06:09,930 [pool-47-thread-1] INFO  ratis.ContainerStateMachine (ContainerStateMachine.java:loadSnapshot(230)) - group-0E265053BB0C: The snapshot info is null. Setting the last applied indexto:(t:0, i:~)
2019-09-25 05:06:09,930 [pool-47-thread-1] INFO  server.RaftServerConfigKeys (ConfUtils.java:logGet(43)) - raft.server.notification.no-leader.timeout = 120s (custom)
2019-09-25 05:06:09,931 [pool-47-thread-1] INFO  server.RaftServerConfigKeys (ConfUtils.java:logGet(43)) - raft.server.log.use.memory = false (default)
2019-09-25 05:06:09,931 [pool-47-thread-1] INFO  server.RaftServerConfigKeys (ConfUtils.java:logGet(43)) - raft.server.log.purge.gap = 1000000 (custom)
2019-09-25 05:06:09,931 [pool-47-thread-1] INFO  server.RaftServerConfigKeys (ConfUtils.java:logGet(43)) - raft.server.log.appender.buffer.byte-limit = 33554432 (custom)
2019-09-25 05:06:09,931 [pool-47-thread-1] INFO  server.RaftServerConfigKeys (ConfUtils.java:logGet(43)) - raft.server.log.segment.size.max = 1048576 (custom)
2019-09-25 05:06:09,931 [pool-47-thread-1] INFO  server.RaftServerConfigKeys (ConfUtils.java:logGet(43)) - raft.server.log.segment.cache.num.max = 2 (custom)
2019-09-25 05:06:09,931 [pool-47-thread-1] INFO  segmented.SegmentedRaftLogWorker (SegmentedRaftLogWorker.java:<init>(172)) - new c8798e02-7f0c-41f7-82c2-a17323bcf21e@group-0E265053BB0C-SegmentedRaftLogWorker for RaftStorage:Storage Directory /workdir/hadoop-ozone/integration-test/target/test-dir/MiniOzoneClusterImpl-23306158-e895-4fc7-80df-ce6c264c388b/datanode-2/data/ratis/92090f63-a025-42cf-9ec0-0e265053bb0c
2019-09-25 05:06:09,932 [pool-47-thread-1] INFO  server.RaftServerConfigKeys (ConfUtils.java:logGet(43)) - raft.server.log.queue.byte-limit = 2147483647 (custom)
2019-09-25 05:06:09,932 [pool-47-thread-1] INFO  server.RaftServerConfigKeys (ConfUtils.java:logGet(43)) - raft.server.log.queue.element-limit = 1024 (custom)
2019-09-25 05:06:09,932 [pool-47-thread-1] INFO  server.RaftServerConfigKeys (ConfUtils.java:logGet(43)) - raft.server.log.segment.size.max = 1048576 (custom)
2019-09-25 05:06:09,932 [pool-47-thread-1] INFO  server.RaftServerConfigKeys (ConfUtils.java:logGet(43)) - raft.server.log.preallocated.size = 16384 (custom)
2019-09-25 05:06:09,932 [pool-47-thread-1] INFO  server.RaftServerConfigKeys (ConfUtils.java:logGet(43)) - raft.server.log.write.buffer.size = 33554432 (custom)
2019-09-25 05:06:09,935 [pool-47-thread-1] INFO  server.RaftServerConfigKeys (ConfUtils.java:logGet(43)) - raft.server.log.force.sync.num = 128 (default)
2019-09-25 05:06:09,935 [pool-47-thread-1] INFO  server.RaftServerConfigKeys (ConfUtils.java:logGet(43)) - raft.server.log.statemachine.data.sync = true (default)
2019-09-25 05:06:09,935 [pool-47-thread-1] INFO  server.RaftServerConfigKeys (ConfUtils.java:logGet(43)) - raft.server.log.statemachine.data.sync.timeout = 10s (default)
2019-09-25 05:06:09,935 [pool-47-thread-1] INFO  server.RaftServerConfigKeys (ConfUtils.java:logGet(43)) - raft.server.log.statemachine.data.sync.timeout.retry = -1 (default)
2019-09-25 05:06:09,935 [pool-47-thread-1] INFO  server.RaftServerConfigKeys (ConfUtils.java:logGet(43)) - raft.server.log.statemachine.data.caching.enabled = true (custom)
2019-09-25 05:06:09,936 [pool-47-thread-1] INFO  segmented.SegmentedRaftLogWorker (SegmentedRaftLogWorker.java:lambda$new$0(132)) - c8798e02-7f0c-41f7-82c2-a17323bcf21e@group-0E265053BB0C-SegmentedRaftLogWorker: flushIndex: setUnconditionally 0 -> -1
2019-09-25 05:06:09,936 [pool-47-thread-1] INFO  server.RaftServerConfigKeys (ConfUtils.java:logGet(43)) - raft.server.snapshot.auto.trigger.enabled = true (custom)
2019-09-25 05:06:09,936 [pool-47-thread-1] INFO  server.RaftServerConfigKeys (ConfUtils.java:logGet(43)) - raft.server.snapshot.auto.trigger.threshold = 10000 (custom)
2019-09-25 05:06:09,937 [pool-47-thread-1] INFO  server.RaftServerConfigKeys (ConfUtils.java:logGet(43)) - raft.server.snapshot.retention.num.files = 5 (custom)
2019-09-25 05:06:09,937 [pool-47-thread-1] INFO  server.RaftServerConfigKeys (ConfUtils.java:logGet(43)) - raft.server.retrycache.expirytime = 600000ms (custom)
2019-09-25 05:06:09,939 [pool-47-thread-1] INFO  impl.RaftServerImpl (RaftServerImpl.java:start(185)) - c8798e02-7f0c-41f7-82c2-a17323bcf21e@group-0E265053BB0C: start as a follower, conf=-1: [c8798e02-7f0c-41f7-82c2-a17323bcf21e:192.168.30.10:40603], old=null
2019-09-25 05:06:09,940 [pool-47-thread-1] INFO  impl.RaftServerImpl (RaftServerImpl.java:setRole(174)) - c8798e02-7f0c-41f7-82c2-a17323bcf21e@group-0E265053BB0C: changes role from      null to FOLLOWER at term 0 for startAsFollower
2019-09-25 05:06:09,940 [pool-47-thread-1] INFO  impl.RoleInfo (RoleInfo.java:updateAndGet(143)) - c8798e02-7f0c-41f7-82c2-a17323bcf21e: start FollowerState
2019-09-25 05:06:09,940 [pool-47-thread-1] INFO  util.JmxRegister (JmxRegister.java:tryRegister(44)) - Successfully registered JMX Bean with object name Ratis:service=RaftServer,group=group-0E265053BB0C,id=c8798e02-7f0c-41f7-82c2-a17323bcf21e
2019-09-25 05:06:09,945 [RatisPipelineUtilsThread] INFO  pipeline.PipelineStateManager (PipelineStateManager.java:addPipeline(56)) - Created pipeline Pipeline[ Id: 92090f63-a025-42cf-9ec0-0e265053bb0c, Nodes: c8798e02-7f0c-41f7-82c2-a17323bcf21e{ip: 192.168.30.10, host: pr-hdds-1569-s62bp-3040748787, networkLocation: /default-rack, certSerialId: null}, Type:RATIS, Factor:ONE, State:OPEN]
2019-09-25 05:06:09,956 [grpc-default-executor-0] INFO  impl.RaftServerProxy (RaftServerProxy.java:addNew(89)) - c8798e02-7f0c-41f7-82c2-a17323bcf21e: addNew group-C92D60047F69:[c8798e02-7f0c-41f7-82c2-a17323bcf21e:192.168.30.10:40603] returns group-C92D60047F69:java.util.concurrent.CompletableFuture@74bd40ed[Not completed]
2019-09-25 05:06:09,957 [pool-47-thread-1] INFO  impl.RaftServerImpl (RaftServerImpl.java:<init>(95)) - c8798e02-7f0c-41f7-82c2-a17323bcf21e: new RaftServerImpl for group-C92D60047F69:[c8798e02-7f0c-41f7-82c2-a17323bcf21e:192.168.30.10:40603] with ContainerStateMachine:uninitialized
2019-09-25 05:06:09,957 [pool-47-thread-1] INFO  server.RaftServerConfigKeys (ConfUtils.java:logGet(43)) - raft.server.rpc.timeout.min = 5s (custom)
2019-09-25 05:06:09,957 [pool-47-thread-1] INFO  server.RaftServerConfigKeys (ConfUtils.java:logGet(43)) - raft.server.rpc.timeout.max = 5200ms (custom)
2019-09-25 05:06:09,957 [pool-47-thread-1] INFO  server.RaftServerConfigKeys (ConfUtils.java:logGet(43)) - raft.server.rpcslowness.timeout = 120s (custom)
2019-09-25 05:06:09,957 [pool-47-thread-1] INFO  server.RaftServerConfigKeys (ConfUtils.java:logGet(43)) - raft.server.sleep.deviation.threshold = 300 (default)
2019-09-25 05:06:09,958 [pool-47-thread-1] INFO  server.RaftServerConfigKeys (ConfUtils.java:logGet(43)) - raft.server.log.appender.install.snapshot.enabled = false (custom)
2019-09-25 05:06:09,958 [pool-47-thread-1] INFO  impl.RaftServerImpl (ServerState.java:<init>(103)) - c8798e02-7f0c-41f7-82c2-a17323bcf21e@group-C92D60047F69: ConfigurationManager, init=-1: [c8798e02-7f0c-41f7-82c2-a17323bcf21e:192.168.30.10:40603], old=null, confs=<EMPTY_MAP>
2019-09-25 05:06:09,958 [pool-47-thread-1] INFO  server.RaftServerConfigKeys (ConfUtils.java:logGet(43)) - raft.server.storage.dir = [/workdir/hadoop-ozone/integration-test/target/test-dir/MiniOzoneClusterImpl-23306158-e895-4fc7-80df-ce6c264c388b/datanode-2/data/ratis] (custom)
2019-09-25 05:06:09,958 [pool-47-thread-1] INFO  storage.RaftStorageDirectory (RaftStorageDirectory.java:analyzeStorage(246)) - The storage directory /workdir/hadoop-ozone/integration-test/target/test-dir/MiniOzoneClusterImpl-23306158-e895-4fc7-80df-ce6c264c388b/datanode-2/data/ratis/1e0b92e0-4298-43f5-93db-c92d60047f69 does not exist. Creating ...
2019-09-25 05:06:09,972 [pool-47-thread-1] INFO  storage.RaftStorageDirectory (RaftStorageDirectory.java:tryLock(328)) - Lock on /workdir/hadoop-ozone/integration-test/target/test-dir/MiniOzoneClusterImpl-23306158-e895-4fc7-80df-ce6c264c388b/datanode-2/data/ratis/1e0b92e0-4298-43f5-93db-c92d60047f69/in_use.lock acquired by nodename 25526@pr-hdds-1569-s62bp-3040748787
2019-09-25 05:06:09,985 [pool-47-thread-1] INFO  storage.RaftStorage (RaftStorage.java:format(72)) - Storage directory /workdir/hadoop-ozone/integration-test/target/test-dir/MiniOzoneClusterImpl-23306158-e895-4fc7-80df-ce6c264c388b/datanode-2/data/ratis/1e0b92e0-4298-43f5-93db-c92d60047f69 has been successfully formatted.
2019-09-25 05:06:09,986 [pool-47-thread-1] INFO  ratis.ContainerStateMachine (ContainerStateMachine.java:loadSnapshot(230)) - group-C92D60047F69: The snapshot info is null. Setting the last applied indexto:(t:0, i:~)
2019-09-25 05:06:09,986 [pool-47-thread-1] INFO  server.RaftServerConfigKeys (ConfUtils.java:logGet(43)) - raft.server.notification.no-leader.timeout = 120s (custom)
2019-09-25 05:06:09,986 [pool-47-thread-1] INFO  server.RaftServerConfigKeys (ConfUtils.java:logGet(43)) - raft.server.log.use.memory = false (default)
2019-09-25 05:06:09,986 [pool-47-thread-1] INFO  server.RaftServerConfigKeys (ConfUtils.java:logGet(43)) - raft.server.log.purge.gap = 1000000 (custom)
2019-09-25 05:06:09,986 [pool-47-thread-1] INFO  server.RaftServerConfigKeys (ConfUtils.java:logGet(43)) - raft.server.log.appender.buffer.byte-limit = 33554432 (custom)
2019-09-25 05:06:09,986 [pool-47-thread-1] INFO  server.RaftServerConfigKeys (ConfUtils.java:logGet(43)) - raft.server.log.segment.size.max = 1048576 (custom)
2019-09-25 05:06:09,987 [pool-47-thread-1] INFO  server.RaftServerConfigKeys (ConfUtils.java:logGet(43)) - raft.server.log.segment.cache.num.max = 2 (custom)
2019-09-25 05:06:09,987 [pool-47-thread-1] INFO  segmented.SegmentedRaftLogWorker (SegmentedRaftLogWorker.java:<init>(172)) - new c8798e02-7f0c-41f7-82c2-a17323bcf21e@group-C92D60047F69-SegmentedRaftLogWorker for RaftStorage:Storage Directory /workdir/hadoop-ozone/integration-test/target/test-dir/MiniOzoneClusterImpl-23306158-e895-4fc7-80df-ce6c264c388b/datanode-2/data/ratis/1e0b92e0-4298-43f5-93db-c92d60047f69
2019-09-25 05:06:09,987 [pool-47-thread-1] INFO  server.RaftServerConfigKeys (ConfUtils.java:logGet(43)) - raft.server.log.queue.byte-limit = 2147483647 (custom)
2019-09-25 05:06:09,989 [pool-47-thread-1] INFO  server.RaftServerConfigKeys (ConfUtils.java:logGet(43)) - raft.server.log.queue.element-limit = 1024 (custom)
2019-09-25 05:06:09,989 [pool-47-thread-1] INFO  server.RaftServerConfigKeys (ConfUtils.java:logGet(43)) - raft.server.log.segment.size.max = 1048576 (custom)
2019-09-25 05:06:09,990 [pool-47-thread-1] INFO  server.RaftServerConfigKeys (ConfUtils.java:logGet(43)) - raft.server.log.preallocated.size = 16384 (custom)
2019-09-25 05:06:09,990 [pool-47-thread-1] INFO  server.RaftServerConfigKeys (ConfUtils.java:logGet(43)) - raft.server.log.write.buffer.size = 33554432 (custom)
2019-09-25 05:06:09,990 [pool-47-thread-1] INFO  server.RaftServerConfigKeys (ConfUtils.java:logGet(43)) - raft.server.log.force.sync.num = 128 (default)
2019-09-25 05:06:09,990 [pool-47-thread-1] INFO  server.RaftServerConfigKeys (ConfUtils.java:logGet(43)) - raft.server.log.statemachine.data.sync = true (default)
2019-09-25 05:06:09,990 [pool-47-thread-1] INFO  server.RaftServerConfigKeys (ConfUtils.java:logGet(43)) - raft.server.log.statemachine.data.sync.timeout = 10s (default)
2019-09-25 05:06:09,990 [pool-47-thread-1] INFO  server.RaftServerConfigKeys (ConfUtils.java:logGet(43)) - raft.server.log.statemachine.data.sync.timeout.retry = -1 (default)
2019-09-25 05:06:09,991 [pool-47-thread-1] INFO  server.RaftServerConfigKeys (ConfUtils.java:logGet(43)) - raft.server.log.statemachine.data.caching.enabled = true (custom)
2019-09-25 05:06:09,991 [pool-47-thread-1] INFO  segmented.SegmentedRaftLogWorker (SegmentedRaftLogWorker.java:lambda$new$0(132)) - c8798e02-7f0c-41f7-82c2-a17323bcf21e@group-C92D60047F69-SegmentedRaftLogWorker: flushIndex: setUnconditionally 0 -> -1
2019-09-25 05:06:09,991 [pool-47-thread-1] INFO  server.RaftServerConfigKeys (ConfUtils.java:logGet(43)) - raft.server.snapshot.auto.trigger.enabled = true (custom)
2019-09-25 05:06:09,992 [pool-47-thread-1] INFO  server.RaftServerConfigKeys (ConfUtils.java:logGet(43)) - raft.server.snapshot.auto.trigger.threshold = 10000 (custom)
2019-09-25 05:06:09,992 [pool-47-thread-1] INFO  server.RaftServerConfigKeys (ConfUtils.java:logGet(43)) - raft.server.snapshot.retention.num.files = 5 (custom)
2019-09-25 05:06:09,992 [pool-47-thread-1] INFO  server.RaftServerConfigKeys (ConfUtils.java:logGet(43)) - raft.server.retrycache.expirytime = 600000ms (custom)
2019-09-25 05:06:09,999 [pool-47-thread-1] INFO  impl.RaftServerImpl (RaftServerImpl.java:start(185)) - c8798e02-7f0c-41f7-82c2-a17323bcf21e@group-C92D60047F69: start as a follower, conf=-1: [c8798e02-7f0c-41f7-82c2-a17323bcf21e:192.168.30.10:40603], old=null
2019-09-25 05:06:10,000 [pool-47-thread-1] INFO  impl.RaftServerImpl (RaftServerImpl.java:setRole(174)) - c8798e02-7f0c-41f7-82c2-a17323bcf21e@group-C92D60047F69: changes role from      null to FOLLOWER at term 0 for startAsFollower
2019-09-25 05:06:10,000 [pool-47-thread-1] INFO  impl.RoleInfo (RoleInfo.java:updateAndGet(143)) - c8798e02-7f0c-41f7-82c2-a17323bcf21e: start FollowerState
2019-09-25 05:06:10,000 [pool-47-thread-1] INFO  util.JmxRegister (JmxRegister.java:tryRegister(44)) - Successfully registered JMX Bean with object name Ratis:service=RaftServer,group=group-C92D60047F69,id=c8798e02-7f0c-41f7-82c2-a17323bcf21e
2019-09-25 05:06:10,008 [RatisPipelineUtilsThread] INFO  pipeline.PipelineStateManager (PipelineStateManager.java:addPipeline(56)) - Created pipeline Pipeline[ Id: 1e0b92e0-4298-43f5-93db-c92d60047f69, Nodes: c8798e02-7f0c-41f7-82c2-a17323bcf21e{ip: 192.168.30.10, host: pr-hdds-1569-s62bp-3040748787, networkLocation: /default-rack, certSerialId: null}, Type:RATIS, Factor:ONE, State:OPEN]
2019-09-25 05:06:10,019 [grpc-default-executor-0] INFO  impl.RaftServerProxy (RaftServerProxy.java:addNew(89)) - 56396258-65a3-478c-9482-0be0199dd49c: addNew group-296957284DBC:[56396258-65a3-478c-9482-0be0199dd49c:192.168.30.10:41678] returns group-296957284DBC:java.util.concurrent.CompletableFuture@44d0b417[Not completed]
2019-09-25 05:06:10,020 [pool-87-thread-1] INFO  impl.RaftServerImpl (RaftServerImpl.java:<init>(95)) - 56396258-65a3-478c-9482-0be0199dd49c: new RaftServerImpl for group-296957284DBC:[56396258-65a3-478c-9482-0be0199dd49c:192.168.30.10:41678] with ContainerStateMachine:uninitialized
2019-09-25 05:06:10,020 [pool-87-thread-1] INFO  server.RaftServerConfigKeys (ConfUtils.java:logGet(43)) - raft.server.rpc.timeout.min = 5s (custom)
2019-09-25 05:06:10,020 [pool-87-thread-1] INFO  server.RaftServerConfigKeys (ConfUtils.java:logGet(43)) - raft.server.rpc.timeout.max = 5200ms (custom)
2019-09-25 05:06:10,021 [pool-87-thread-1] INFO  server.RaftServerConfigKeys (ConfUtils.java:logGet(43)) - raft.server.rpcslowness.timeout = 120s (custom)
2019-09-25 05:06:10,021 [pool-87-thread-1] INFO  server.RaftServerConfigKeys (ConfUtils.java:logGet(43)) - raft.server.sleep.deviation.threshold = 300 (default)
2019-09-25 05:06:10,021 [pool-87-thread-1] INFO  server.RaftServerConfigKeys (ConfUtils.java:logGet(43)) - raft.server.log.appender.install.snapshot.enabled = false (custom)
2019-09-25 05:06:10,021 [pool-87-thread-1] INFO  impl.RaftServerImpl (ServerState.java:<init>(103)) - 56396258-65a3-478c-9482-0be0199dd49c@group-296957284DBC: ConfigurationManager, init=-1: [56396258-65a3-478c-9482-0be0199dd49c:192.168.30.10:41678], old=null, confs=<EMPTY_MAP>
2019-09-25 05:06:10,021 [pool-87-thread-1] INFO  server.RaftServerConfigKeys (ConfUtils.java:logGet(43)) - raft.server.storage.dir = [/workdir/hadoop-ozone/integration-test/target/test-dir/MiniOzoneClusterImpl-23306158-e895-4fc7-80df-ce6c264c388b/datanode-6/data/ratis] (custom)
2019-09-25 05:06:10,022 [pool-87-thread-1] INFO  storage.RaftStorageDirectory (RaftStorageDirectory.java:analyzeStorage(246)) - The storage directory /workdir/hadoop-ozone/integration-test/target/test-dir/MiniOzoneClusterImpl-23306158-e895-4fc7-80df-ce6c264c388b/datanode-6/data/ratis/21efbea7-4618-4ae0-93cf-296957284dbc does not exist. Creating ...
2019-09-25 05:06:10,035 [pool-87-thread-1] INFO  storage.RaftStorageDirectory (RaftStorageDirectory.java:tryLock(328)) - Lock on /workdir/hadoop-ozone/integration-test/target/test-dir/MiniOzoneClusterImpl-23306158-e895-4fc7-80df-ce6c264c388b/datanode-6/data/ratis/21efbea7-4618-4ae0-93cf-296957284dbc/in_use.lock acquired by nodename 25526@pr-hdds-1569-s62bp-3040748787
2019-09-25 05:06:10,059 [pool-87-thread-1] INFO  storage.RaftStorage (RaftStorage.java:format(72)) - Storage directory /workdir/hadoop-ozone/integration-test/target/test-dir/MiniOzoneClusterImpl-23306158-e895-4fc7-80df-ce6c264c388b/datanode-6/data/ratis/21efbea7-4618-4ae0-93cf-296957284dbc has been successfully formatted.
2019-09-25 05:06:10,059 [pool-87-thread-1] INFO  ratis.ContainerStateMachine (ContainerStateMachine.java:loadSnapshot(230)) - group-296957284DBC: The snapshot info is null. Setting the last applied indexto:(t:0, i:~)
2019-09-25 05:06:10,059 [pool-87-thread-1] INFO  server.RaftServerConfigKeys (ConfUtils.java:logGet(43)) - raft.server.notification.no-leader.timeout = 120s (custom)
2019-09-25 05:06:10,060 [pool-87-thread-1] INFO  server.RaftServerConfigKeys (ConfUtils.java:logGet(43)) - raft.server.log.use.memory = false (default)
2019-09-25 05:06:10,060 [pool-87-thread-1] INFO  server.RaftServerConfigKeys (ConfUtils.java:logGet(43)) - raft.server.log.purge.gap = 1000000 (custom)
2019-09-25 05:06:10,060 [pool-87-thread-1] INFO  server.RaftServerConfigKeys (ConfUtils.java:logGet(43)) - raft.server.log.appender.buffer.byte-limit = 33554432 (custom)
2019-09-25 05:06:10,060 [pool-87-thread-1] INFO  server.RaftServerConfigKeys (ConfUtils.java:logGet(43)) - raft.server.log.segment.size.max = 1048576 (custom)
2019-09-25 05:06:10,060 [pool-87-thread-1] INFO  server.RaftServerConfigKeys (ConfUtils.java:logGet(43)) - raft.server.log.segment.cache.num.max = 2 (custom)
2019-09-25 05:06:10,061 [pool-87-thread-1] INFO  segmented.SegmentedRaftLogWorker (SegmentedRaftLogWorker.java:<init>(172)) - new 56396258-65a3-478c-9482-0be0199dd49c@group-296957284DBC-SegmentedRaftLogWorker for RaftStorage:Storage Directory /workdir/hadoop-ozone/integration-test/target/test-dir/MiniOzoneClusterImpl-23306158-e895-4fc7-80df-ce6c264c388b/datanode-6/data/ratis/21efbea7-4618-4ae0-93cf-296957284dbc
2019-09-25 05:06:10,061 [pool-87-thread-1] INFO  server.RaftServerConfigKeys (ConfUtils.java:logGet(43)) - raft.server.log.queue.byte-limit = 2147483647 (custom)
2019-09-25 05:06:10,061 [pool-87-thread-1] INFO  server.RaftServerConfigKeys (ConfUtils.java:logGet(43)) - raft.server.log.queue.element-limit = 1024 (custom)
2019-09-25 05:06:10,061 [pool-87-thread-1] INFO  server.RaftServerConfigKeys (ConfUtils.java:logGet(43)) - raft.server.log.segment.size.max = 1048576 (custom)
2019-09-25 05:06:10,061 [pool-87-thread-1] INFO  server.RaftServerConfigKeys (ConfUtils.java:logGet(43)) - raft.server.log.preallocated.size = 16384 (custom)
2019-09-25 05:06:10,062 [pool-87-thread-1] INFO  server.RaftServerConfigKeys (ConfUtils.java:logGet(43)) - raft.server.log.write.buffer.size = 33554432 (custom)
2019-09-25 05:06:10,062 [pool-87-thread-1] INFO  server.RaftServerConfigKeys (ConfUtils.java:logGet(43)) - raft.server.log.force.sync.num = 128 (default)
2019-09-25 05:06:10,062 [pool-87-thread-1] INFO  server.RaftServerConfigKeys (ConfUtils.java:logGet(43)) - raft.server.log.statemachine.data.sync = true (default)
2019-09-25 05:06:10,062 [pool-87-thread-1] INFO  server.RaftServerConfigKeys (ConfUtils.java:logGet(43)) - raft.server.log.statemachine.data.sync.timeout = 10s (default)
2019-09-25 05:06:10,062 [pool-87-thread-1] INFO  server.RaftServerConfigKeys (ConfUtils.java:logGet(43)) - raft.server.log.statemachine.data.sync.timeout.retry = -1 (default)
2019-09-25 05:06:10,063 [pool-87-thread-1] INFO  server.RaftServerConfigKeys (ConfUtils.java:logGet(43)) - raft.server.log.statemachine.data.caching.enabled = true (custom)
2019-09-25 05:06:10,063 [pool-87-thread-1] INFO  segmented.SegmentedRaftLogWorker (SegmentedRaftLogWorker.java:lambda$new$0(132)) - 56396258-65a3-478c-9482-0be0199dd49c@group-296957284DBC-SegmentedRaftLogWorker: flushIndex: setUnconditionally 0 -> -1
2019-09-25 05:06:10,064 [pool-87-thread-1] INFO  server.RaftServerConfigKeys (ConfUtils.java:logGet(43)) - raft.server.snapshot.auto.trigger.enabled = true (custom)
2019-09-25 05:06:10,064 [pool-87-thread-1] INFO  server.RaftServerConfigKeys (ConfUtils.java:logGet(43)) - raft.server.snapshot.auto.trigger.threshold = 10000 (custom)
2019-09-25 05:06:10,064 [pool-87-thread-1] INFO  server.RaftServerConfigKeys (ConfUtils.java:logGet(43)) - raft.server.snapshot.retention.num.files = 5 (custom)
2019-09-25 05:06:10,064 [pool-87-thread-1] INFO  server.RaftServerConfigKeys (ConfUtils.java:logGet(43)) - raft.server.retrycache.expirytime = 600000ms (custom)
2019-09-25 05:06:10,067 [pool-87-thread-1] INFO  impl.RaftServerImpl (RaftServerImpl.java:start(185)) - 56396258-65a3-478c-9482-0be0199dd49c@group-296957284DBC: start as a follower, conf=-1: [56396258-65a3-478c-9482-0be0199dd49c:192.168.30.10:41678], old=null
2019-09-25 05:06:10,068 [pool-87-thread-1] INFO  impl.RaftServerImpl (RaftServerImpl.java:setRole(174)) - 56396258-65a3-478c-9482-0be0199dd49c@group-296957284DBC: changes role from      null to FOLLOWER at term 0 for startAsFollower
2019-09-25 05:06:10,068 [pool-87-thread-1] INFO  impl.RoleInfo (RoleInfo.java:updateAndGet(143)) - 56396258-65a3-478c-9482-0be0199dd49c: start FollowerState
2019-09-25 05:06:10,068 [pool-87-thread-1] INFO  util.JmxRegister (JmxRegister.java:tryRegister(44)) - Successfully registered JMX Bean with object name Ratis:service=RaftServer,group=group-296957284DBC,id=56396258-65a3-478c-9482-0be0199dd49c
2019-09-25 05:06:10,074 [RatisPipelineUtilsThread] INFO  pipeline.PipelineStateManager (PipelineStateManager.java:addPipeline(56)) - Created pipeline Pipeline[ Id: 21efbea7-4618-4ae0-93cf-296957284dbc, Nodes: 56396258-65a3-478c-9482-0be0199dd49c{ip: 192.168.30.10, host: pr-hdds-1569-s62bp-3040748787, networkLocation: /default-rack, certSerialId: null}, Type:RATIS, Factor:ONE, State:OPEN]
2019-09-25 05:06:10,085 [grpc-default-executor-0] INFO  impl.RaftServerProxy (RaftServerProxy.java:addNew(89)) - b4fa7d23-6606-45fd-9544-2b08ca3fa933: addNew group-70215CD899DC:[b4fa7d23-6606-45fd-9544-2b08ca3fa933:192.168.30.10:34493] returns group-70215CD899DC:java.util.concurrent.CompletableFuture@7b065598[Not completed]
2019-09-25 05:06:10,089 [pool-77-thread-1] INFO  impl.RaftServerImpl (RaftServerImpl.java:<init>(95)) - b4fa7d23-6606-45fd-9544-2b08ca3fa933: new RaftServerImpl for group-70215CD899DC:[b4fa7d23-6606-45fd-9544-2b08ca3fa933:192.168.30.10:34493] with ContainerStateMachine:uninitialized
2019-09-25 05:06:10,089 [pool-77-thread-1] INFO  server.RaftServerConfigKeys (ConfUtils.java:logGet(43)) - raft.server.rpc.timeout.min = 5s (custom)
2019-09-25 05:06:10,089 [pool-77-thread-1] INFO  server.RaftServerConfigKeys (ConfUtils.java:logGet(43)) - raft.server.rpc.timeout.max = 5200ms (custom)
2019-09-25 05:06:10,089 [pool-77-thread-1] INFO  server.RaftServerConfigKeys (ConfUtils.java:logGet(43)) - raft.server.rpcslowness.timeout = 120s (custom)
2019-09-25 05:06:10,089 [pool-77-thread-1] INFO  server.RaftServerConfigKeys (ConfUtils.java:logGet(43)) - raft.server.sleep.deviation.threshold = 300 (default)
2019-09-25 05:06:10,089 [pool-77-thread-1] INFO  server.RaftServerConfigKeys (ConfUtils.java:logGet(43)) - raft.server.log.appender.install.snapshot.enabled = false (custom)
2019-09-25 05:06:10,089 [pool-77-thread-1] INFO  impl.RaftServerImpl (ServerState.java:<init>(103)) - b4fa7d23-6606-45fd-9544-2b08ca3fa933@group-70215CD899DC: ConfigurationManager, init=-1: [b4fa7d23-6606-45fd-9544-2b08ca3fa933:192.168.30.10:34493], old=null, confs=<EMPTY_MAP>
2019-09-25 05:06:10,090 [pool-77-thread-1] INFO  server.RaftServerConfigKeys (ConfUtils.java:logGet(43)) - raft.server.storage.dir = [/workdir/hadoop-ozone/integration-test/target/test-dir/MiniOzoneClusterImpl-23306158-e895-4fc7-80df-ce6c264c388b/datanode-5/data/ratis] (custom)
2019-09-25 05:06:10,090 [pool-77-thread-1] INFO  storage.RaftStorageDirectory (RaftStorageDirectory.java:analyzeStorage(246)) - The storage directory /workdir/hadoop-ozone/integration-test/target/test-dir/MiniOzoneClusterImpl-23306158-e895-4fc7-80df-ce6c264c388b/datanode-5/data/ratis/37306cc7-62fa-4568-b42b-70215cd899dc does not exist. Creating ...
2019-09-25 05:06:10,104 [pool-77-thread-1] INFO  storage.RaftStorageDirectory (RaftStorageDirectory.java:tryLock(328)) - Lock on /workdir/hadoop-ozone/integration-test/target/test-dir/MiniOzoneClusterImpl-23306158-e895-4fc7-80df-ce6c264c388b/datanode-5/data/ratis/37306cc7-62fa-4568-b42b-70215cd899dc/in_use.lock acquired by nodename 25526@pr-hdds-1569-s62bp-3040748787
2019-09-25 05:06:10,117 [pool-77-thread-1] INFO  storage.RaftStorage (RaftStorage.java:format(72)) - Storage directory /workdir/hadoop-ozone/integration-test/target/test-dir/MiniOzoneClusterImpl-23306158-e895-4fc7-80df-ce6c264c388b/datanode-5/data/ratis/37306cc7-62fa-4568-b42b-70215cd899dc has been successfully formatted.
2019-09-25 05:06:10,118 [pool-77-thread-1] INFO  ratis.ContainerStateMachine (ContainerStateMachine.java:loadSnapshot(230)) - group-70215CD899DC: The snapshot info is null. Setting the last applied indexto:(t:0, i:~)
2019-09-25 05:06:10,118 [pool-77-thread-1] INFO  server.RaftServerConfigKeys (ConfUtils.java:logGet(43)) - raft.server.notification.no-leader.timeout = 120s (custom)
2019-09-25 05:06:10,118 [pool-77-thread-1] INFO  server.RaftServerConfigKeys (ConfUtils.java:logGet(43)) - raft.server.log.use.memory = false (default)
2019-09-25 05:06:10,118 [pool-77-thread-1] INFO  server.RaftServerConfigKeys (ConfUtils.java:logGet(43)) - raft.server.log.purge.gap = 1000000 (custom)
2019-09-25 05:06:10,118 [pool-77-thread-1] INFO  server.RaftServerConfigKeys (ConfUtils.java:logGet(43)) - raft.server.log.appender.buffer.byte-limit = 33554432 (custom)
2019-09-25 05:06:10,119 [pool-77-thread-1] INFO  server.RaftServerConfigKeys (ConfUtils.java:logGet(43)) - raft.server.log.segment.size.max = 1048576 (custom)
2019-09-25 05:06:10,119 [pool-77-thread-1] INFO  server.RaftServerConfigKeys (ConfUtils.java:logGet(43)) - raft.server.log.segment.cache.num.max = 2 (custom)
2019-09-25 05:06:10,119 [pool-77-thread-1] INFO  segmented.SegmentedRaftLogWorker (SegmentedRaftLogWorker.java:<init>(172)) - new b4fa7d23-6606-45fd-9544-2b08ca3fa933@group-70215CD899DC-SegmentedRaftLogWorker for RaftStorage:Storage Directory /workdir/hadoop-ozone/integration-test/target/test-dir/MiniOzoneClusterImpl-23306158-e895-4fc7-80df-ce6c264c388b/datanode-5/data/ratis/37306cc7-62fa-4568-b42b-70215cd899dc
2019-09-25 05:06:10,119 [pool-77-thread-1] INFO  server.RaftServerConfigKeys (ConfUtils.java:logGet(43)) - raft.server.log.queue.byte-limit = 2147483647 (custom)
2019-09-25 05:06:10,119 [pool-77-thread-1] INFO  server.RaftServerConfigKeys (ConfUtils.java:logGet(43)) - raft.server.log.queue.element-limit = 1024 (custom)
2019-09-25 05:06:10,119 [pool-77-thread-1] INFO  server.RaftServerConfigKeys (ConfUtils.java:logGet(43)) - raft.server.log.segment.size.max = 1048576 (custom)
2019-09-25 05:06:10,120 [pool-77-thread-1] INFO  server.RaftServerConfigKeys (ConfUtils.java:logGet(43)) - raft.server.log.preallocated.size = 16384 (custom)
2019-09-25 05:06:10,120 [pool-77-thread-1] INFO  server.RaftServerConfigKeys (ConfUtils.java:logGet(43)) - raft.server.log.write.buffer.size = 33554432 (custom)
2019-09-25 05:06:10,120 [pool-77-thread-1] INFO  server.RaftServerConfigKeys (ConfUtils.java:logGet(43)) - raft.server.log.force.sync.num = 128 (default)
2019-09-25 05:06:10,120 [pool-77-thread-1] INFO  server.RaftServerConfigKeys (ConfUtils.java:logGet(43)) - raft.server.log.statemachine.data.sync = true (default)
2019-09-25 05:06:10,120 [pool-77-thread-1] INFO  server.RaftServerConfigKeys (ConfUtils.java:logGet(43)) - raft.server.log.statemachine.data.sync.timeout = 10s (default)
2019-09-25 05:06:10,120 [pool-77-thread-1] INFO  server.RaftServerConfigKeys (ConfUtils.java:logGet(43)) - raft.server.log.statemachine.data.sync.timeout.retry = -1 (default)
2019-09-25 05:06:10,121 [pool-77-thread-1] INFO  server.RaftServerConfigKeys (ConfUtils.java:logGet(43)) - raft.server.log.statemachine.data.caching.enabled = true (custom)
2019-09-25 05:06:10,121 [pool-77-thread-1] INFO  segmented.SegmentedRaftLogWorker (SegmentedRaftLogWorker.java:lambda$new$0(132)) - b4fa7d23-6606-45fd-9544-2b08ca3fa933@group-70215CD899DC-SegmentedRaftLogWorker: flushIndex: setUnconditionally 0 -> -1
2019-09-25 05:06:10,121 [pool-77-thread-1] INFO  server.RaftServerConfigKeys (ConfUtils.java:logGet(43)) - raft.server.snapshot.auto.trigger.enabled = true (custom)
2019-09-25 05:06:10,121 [pool-77-thread-1] INFO  server.RaftServerConfigKeys (ConfUtils.java:logGet(43)) - raft.server.snapshot.auto.trigger.threshold = 10000 (custom)
2019-09-25 05:06:10,122 [pool-77-thread-1] INFO  server.RaftServerConfigKeys (ConfUtils.java:logGet(43)) - raft.server.snapshot.retention.num.files = 5 (custom)
2019-09-25 05:06:10,122 [pool-77-thread-1] INFO  server.RaftServerConfigKeys (ConfUtils.java:logGet(43)) - raft.server.retrycache.expirytime = 600000ms (custom)
2019-09-25 05:06:10,125 [pool-77-thread-1] INFO  impl.RaftServerImpl (RaftServerImpl.java:start(185)) - b4fa7d23-6606-45fd-9544-2b08ca3fa933@group-70215CD899DC: start as a follower, conf=-1: [b4fa7d23-6606-45fd-9544-2b08ca3fa933:192.168.30.10:34493], old=null
2019-09-25 05:06:10,125 [pool-77-thread-1] INFO  impl.RaftServerImpl (RaftServerImpl.java:setRole(174)) - b4fa7d23-6606-45fd-9544-2b08ca3fa933@group-70215CD899DC: changes role from      null to FOLLOWER at term 0 for startAsFollower
2019-09-25 05:06:10,125 [pool-77-thread-1] INFO  impl.RoleInfo (RoleInfo.java:updateAndGet(143)) - b4fa7d23-6606-45fd-9544-2b08ca3fa933: start FollowerState
2019-09-25 05:06:10,126 [pool-77-thread-1] INFO  util.JmxRegister (JmxRegister.java:tryRegister(44)) - Successfully registered JMX Bean with object name Ratis:service=RaftServer,group=group-70215CD899DC,id=b4fa7d23-6606-45fd-9544-2b08ca3fa933
2019-09-25 05:06:10,131 [RatisPipelineUtilsThread] INFO  pipeline.PipelineStateManager (PipelineStateManager.java:addPipeline(56)) - Created pipeline Pipeline[ Id: 37306cc7-62fa-4568-b42b-70215cd899dc, Nodes: b4fa7d23-6606-45fd-9544-2b08ca3fa933{ip: 192.168.30.10, host: pr-hdds-1569-s62bp-3040748787, networkLocation: /default-rack, certSerialId: null}, Type:RATIS, Factor:ONE, State:OPEN]
2019-09-25 05:06:10,150 [grpc-default-executor-0] INFO  impl.RaftServerProxy (RaftServerProxy.java:addNew(89)) - b4fa7d23-6606-45fd-9544-2b08ca3fa933: addNew group-FC18559676CF:[b4fa7d23-6606-45fd-9544-2b08ca3fa933:192.168.30.10:34493] returns group-FC18559676CF:java.util.concurrent.CompletableFuture@6fa2c6ac[Not completed]
2019-09-25 05:06:10,152 [pool-77-thread-1] INFO  impl.RaftServerImpl (RaftServerImpl.java:<init>(95)) - b4fa7d23-6606-45fd-9544-2b08ca3fa933: new RaftServerImpl for group-FC18559676CF:[b4fa7d23-6606-45fd-9544-2b08ca3fa933:192.168.30.10:34493] with ContainerStateMachine:uninitialized
2019-09-25 05:06:10,152 [pool-77-thread-1] INFO  server.RaftServerConfigKeys (ConfUtils.java:logGet(43)) - raft.server.rpc.timeout.min = 5s (custom)
2019-09-25 05:06:10,152 [pool-77-thread-1] INFO  server.RaftServerConfigKeys (ConfUtils.java:logGet(43)) - raft.server.rpc.timeout.max = 5200ms (custom)
2019-09-25 05:06:10,152 [pool-77-thread-1] INFO  server.RaftServerConfigKeys (ConfUtils.java:logGet(43)) - raft.server.rpcslowness.timeout = 120s (custom)
2019-09-25 05:06:10,152 [pool-77-thread-1] INFO  server.RaftServerConfigKeys (ConfUtils.java:logGet(43)) - raft.server.sleep.deviation.threshold = 300 (default)
2019-09-25 05:06:10,152 [pool-77-thread-1] INFO  server.RaftServerConfigKeys (ConfUtils.java:logGet(43)) - raft.server.log.appender.install.snapshot.enabled = false (custom)
2019-09-25 05:06:10,153 [pool-77-thread-1] INFO  impl.RaftServerImpl (ServerState.java:<init>(103)) - b4fa7d23-6606-45fd-9544-2b08ca3fa933@group-FC18559676CF: ConfigurationManager, init=-1: [b4fa7d23-6606-45fd-9544-2b08ca3fa933:192.168.30.10:34493], old=null, confs=<EMPTY_MAP>
2019-09-25 05:06:10,153 [pool-77-thread-1] INFO  server.RaftServerConfigKeys (ConfUtils.java:logGet(43)) - raft.server.storage.dir = [/workdir/hadoop-ozone/integration-test/target/test-dir/MiniOzoneClusterImpl-23306158-e895-4fc7-80df-ce6c264c388b/datanode-5/data/ratis] (custom)
2019-09-25 05:06:10,153 [pool-77-thread-1] INFO  storage.RaftStorageDirectory (RaftStorageDirectory.java:analyzeStorage(246)) - The storage directory /workdir/hadoop-ozone/integration-test/target/test-dir/MiniOzoneClusterImpl-23306158-e895-4fc7-80df-ce6c264c388b/datanode-5/data/ratis/f6476a40-7b66-415d-8644-fc18559676cf does not exist. Creating ...
2019-09-25 05:06:10,168 [pool-77-thread-1] INFO  storage.RaftStorageDirectory (RaftStorageDirectory.java:tryLock(328)) - Lock on /workdir/hadoop-ozone/integration-test/target/test-dir/MiniOzoneClusterImpl-23306158-e895-4fc7-80df-ce6c264c388b/datanode-5/data/ratis/f6476a40-7b66-415d-8644-fc18559676cf/in_use.lock acquired by nodename 25526@pr-hdds-1569-s62bp-3040748787
2019-09-25 05:06:10,196 [pool-77-thread-1] INFO  storage.RaftStorage (RaftStorage.java:format(72)) - Storage directory /workdir/hadoop-ozone/integration-test/target/test-dir/MiniOzoneClusterImpl-23306158-e895-4fc7-80df-ce6c264c388b/datanode-5/data/ratis/f6476a40-7b66-415d-8644-fc18559676cf has been successfully formatted.
2019-09-25 05:06:10,197 [pool-77-thread-1] INFO  ratis.ContainerStateMachine (ContainerStateMachine.java:loadSnapshot(230)) - group-FC18559676CF: The snapshot info is null. Setting the last applied indexto:(t:0, i:~)
2019-09-25 05:06:10,197 [pool-77-thread-1] INFO  server.RaftServerConfigKeys (ConfUtils.java:logGet(43)) - raft.server.notification.no-leader.timeout = 120s (custom)
2019-09-25 05:06:10,197 [pool-77-thread-1] INFO  server.RaftServerConfigKeys (ConfUtils.java:logGet(43)) - raft.server.log.use.memory = false (default)
2019-09-25 05:06:10,197 [pool-77-thread-1] INFO  server.RaftServerConfigKeys (ConfUtils.java:logGet(43)) - raft.server.log.purge.gap = 1000000 (custom)
2019-09-25 05:06:10,197 [pool-77-thread-1] INFO  server.RaftServerConfigKeys (ConfUtils.java:logGet(43)) - raft.server.log.appender.buffer.byte-limit = 33554432 (custom)
2019-09-25 05:06:10,198 [pool-77-thread-1] INFO  server.RaftServerConfigKeys (ConfUtils.java:logGet(43)) - raft.server.log.segment.size.max = 1048576 (custom)
2019-09-25 05:06:10,198 [pool-77-thread-1] INFO  server.RaftServerConfigKeys (ConfUtils.java:logGet(43)) - raft.server.log.segment.cache.num.max = 2 (custom)
2019-09-25 05:06:10,198 [pool-77-thread-1] INFO  segmented.SegmentedRaftLogWorker (SegmentedRaftLogWorker.java:<init>(172)) - new b4fa7d23-6606-45fd-9544-2b08ca3fa933@group-FC18559676CF-SegmentedRaftLogWorker for RaftStorage:Storage Directory /workdir/hadoop-ozone/integration-test/target/test-dir/MiniOzoneClusterImpl-23306158-e895-4fc7-80df-ce6c264c388b/datanode-5/data/ratis/f6476a40-7b66-415d-8644-fc18559676cf
2019-09-25 05:06:10,198 [pool-77-thread-1] INFO  server.RaftServerConfigKeys (ConfUtils.java:logGet(43)) - raft.server.log.queue.byte-limit = 2147483647 (custom)
2019-09-25 05:06:10,198 [pool-77-thread-1] INFO  server.RaftServerConfigKeys (ConfUtils.java:logGet(43)) - raft.server.log.queue.element-limit = 1024 (custom)
2019-09-25 05:06:10,199 [pool-77-thread-1] INFO  server.RaftServerConfigKeys (ConfUtils.java:logGet(43)) - raft.server.log.segment.size.max = 1048576 (custom)
2019-09-25 05:06:10,199 [pool-77-thread-1] INFO  server.RaftServerConfigKeys (ConfUtils.java:logGet(43)) - raft.server.log.preallocated.size = 16384 (custom)
2019-09-25 05:06:10,199 [pool-77-thread-1] INFO  server.RaftServerConfigKeys (ConfUtils.java:logGet(43)) - raft.server.log.write.buffer.size = 33554432 (custom)
2019-09-25 05:06:10,199 [pool-77-thread-1] INFO  server.RaftServerConfigKeys (ConfUtils.java:logGet(43)) - raft.server.log.force.sync.num = 128 (default)
2019-09-25 05:06:10,199 [pool-77-thread-1] INFO  server.RaftServerConfigKeys (ConfUtils.java:logGet(43)) - raft.server.log.statemachine.data.sync = true (default)
2019-09-25 05:06:10,199 [pool-77-thread-1] INFO  server.RaftServerConfigKeys (ConfUtils.java:logGet(43)) - raft.server.log.statemachine.data.sync.timeout = 10s (default)
2019-09-25 05:06:10,200 [pool-77-thread-1] INFO  server.RaftServerConfigKeys (ConfUtils.java:logGet(43)) - raft.server.log.statemachine.data.sync.timeout.retry = -1 (default)
2019-09-25 05:06:10,200 [pool-77-thread-1] INFO  server.RaftServerConfigKeys (ConfUtils.java:logGet(43)) - raft.server.log.statemachine.data.caching.enabled = true (custom)
2019-09-25 05:06:10,200 [pool-77-thread-1] INFO  segmented.SegmentedRaftLogWorker (SegmentedRaftLogWorker.java:lambda$new$0(132)) - b4fa7d23-6606-45fd-9544-2b08ca3fa933@group-FC18559676CF-SegmentedRaftLogWorker: flushIndex: setUnconditionally 0 -> -1
2019-09-25 05:06:10,201 [pool-77-thread-1] INFO  server.RaftServerConfigKeys (ConfUtils.java:logGet(43)) - raft.server.snapshot.auto.trigger.enabled = true (custom)
2019-09-25 05:06:10,201 [pool-77-thread-1] INFO  server.RaftServerConfigKeys (ConfUtils.java:logGet(43)) - raft.server.snapshot.auto.trigger.threshold = 10000 (custom)
2019-09-25 05:06:10,201 [pool-77-thread-1] INFO  server.RaftServerConfigKeys (ConfUtils.java:logGet(43)) - raft.server.snapshot.retention.num.files = 5 (custom)
2019-09-25 05:06:10,201 [pool-77-thread-1] INFO  server.RaftServerConfigKeys (ConfUtils.java:logGet(43)) - raft.server.retrycache.expirytime = 600000ms (custom)
2019-09-25 05:06:10,204 [pool-77-thread-1] INFO  impl.RaftServerImpl (RaftServerImpl.java:start(185)) - b4fa7d23-6606-45fd-9544-2b08ca3fa933@group-FC18559676CF: start as a follower, conf=-1: [b4fa7d23-6606-45fd-9544-2b08ca3fa933:192.168.30.10:34493], old=null
2019-09-25 05:06:10,204 [pool-77-thread-1] INFO  impl.RaftServerImpl (RaftServerImpl.java:setRole(174)) - b4fa7d23-6606-45fd-9544-2b08ca3fa933@group-FC18559676CF: changes role from      null to FOLLOWER at term 0 for startAsFollower
2019-09-25 05:06:10,205 [pool-77-thread-1] INFO  impl.RoleInfo (RoleInfo.java:updateAndGet(143)) - b4fa7d23-6606-45fd-9544-2b08ca3fa933: start FollowerState
2019-09-25 05:06:10,205 [pool-77-thread-1] INFO  util.JmxRegister (JmxRegister.java:tryRegister(44)) - Successfully registered JMX Bean with object name Ratis:service=RaftServer,group=group-FC18559676CF,id=b4fa7d23-6606-45fd-9544-2b08ca3fa933
2019-09-25 05:06:10,213 [RatisPipelineUtilsThread] INFO  pipeline.PipelineStateManager (PipelineStateManager.java:addPipeline(56)) - Created pipeline Pipeline[ Id: f6476a40-7b66-415d-8644-fc18559676cf, Nodes: b4fa7d23-6606-45fd-9544-2b08ca3fa933{ip: 192.168.30.10, host: pr-hdds-1569-s62bp-3040748787, networkLocation: /default-rack, certSerialId: null}, Type:RATIS, Factor:ONE, State:OPEN]
2019-09-25 05:06:10,235 [grpc-default-executor-0] INFO  impl.RaftServerProxy (RaftServerProxy.java:addNew(89)) - c8798e02-7f0c-41f7-82c2-a17323bcf21e: addNew group-35DC9DFD5600:[c8798e02-7f0c-41f7-82c2-a17323bcf21e:192.168.30.10:40603] returns group-35DC9DFD5600:java.util.concurrent.CompletableFuture@55cf89ba[Not completed]
2019-09-25 05:06:10,237 [pool-47-thread-1] INFO  impl.RaftServerImpl (RaftServerImpl.java:<init>(95)) - c8798e02-7f0c-41f7-82c2-a17323bcf21e: new RaftServerImpl for group-35DC9DFD5600:[c8798e02-7f0c-41f7-82c2-a17323bcf21e:192.168.30.10:40603] with ContainerStateMachine:uninitialized
2019-09-25 05:06:10,238 [pool-47-thread-1] INFO  server.RaftServerConfigKeys (ConfUtils.java:logGet(43)) - raft.server.rpc.timeout.min = 5s (custom)
2019-09-25 05:06:10,238 [pool-47-thread-1] INFO  server.RaftServerConfigKeys (ConfUtils.java:logGet(43)) - raft.server.rpc.timeout.max = 5200ms (custom)
2019-09-25 05:06:10,238 [pool-47-thread-1] INFO  server.RaftServerConfigKeys (ConfUtils.java:logGet(43)) - raft.server.rpcslowness.timeout = 120s (custom)
2019-09-25 05:06:10,238 [pool-47-thread-1] INFO  server.RaftServerConfigKeys (ConfUtils.java:logGet(43)) - raft.server.sleep.deviation.threshold = 300 (default)
2019-09-25 05:06:10,238 [pool-47-thread-1] INFO  server.RaftServerConfigKeys (ConfUtils.java:logGet(43)) - raft.server.log.appender.install.snapshot.enabled = false (custom)
2019-09-25 05:06:10,238 [pool-47-thread-1] INFO  impl.RaftServerImpl (ServerState.java:<init>(103)) - c8798e02-7f0c-41f7-82c2-a17323bcf21e@group-35DC9DFD5600: ConfigurationManager, init=-1: [c8798e02-7f0c-41f7-82c2-a17323bcf21e:192.168.30.10:40603], old=null, confs=<EMPTY_MAP>
2019-09-25 05:06:10,239 [pool-47-thread-1] INFO  server.RaftServerConfigKeys (ConfUtils.java:logGet(43)) - raft.server.storage.dir = [/workdir/hadoop-ozone/integration-test/target/test-dir/MiniOzoneClusterImpl-23306158-e895-4fc7-80df-ce6c264c388b/datanode-2/data/ratis] (custom)
2019-09-25 05:06:10,239 [pool-47-thread-1] INFO  storage.RaftStorageDirectory (RaftStorageDirectory.java:analyzeStorage(246)) - The storage directory /workdir/hadoop-ozone/integration-test/target/test-dir/MiniOzoneClusterImpl-23306158-e895-4fc7-80df-ce6c264c388b/datanode-2/data/ratis/084b289e-103b-4d84-9142-35dc9dfd5600 does not exist. Creating ...
2019-09-25 05:06:10,253 [pool-47-thread-1] INFO  storage.RaftStorageDirectory (RaftStorageDirectory.java:tryLock(328)) - Lock on /workdir/hadoop-ozone/integration-test/target/test-dir/MiniOzoneClusterImpl-23306158-e895-4fc7-80df-ce6c264c388b/datanode-2/data/ratis/084b289e-103b-4d84-9142-35dc9dfd5600/in_use.lock acquired by nodename 25526@pr-hdds-1569-s62bp-3040748787
2019-09-25 05:06:10,270 [pool-47-thread-1] INFO  storage.RaftStorage (RaftStorage.java:format(72)) - Storage directory /workdir/hadoop-ozone/integration-test/target/test-dir/MiniOzoneClusterImpl-23306158-e895-4fc7-80df-ce6c264c388b/datanode-2/data/ratis/084b289e-103b-4d84-9142-35dc9dfd5600 has been successfully formatted.
2019-09-25 05:06:10,270 [pool-47-thread-1] INFO  ratis.ContainerStateMachine (ContainerStateMachine.java:loadSnapshot(230)) - group-35DC9DFD5600: The snapshot info is null. Setting the last applied indexto:(t:0, i:~)
2019-09-25 05:06:10,270 [pool-47-thread-1] INFO  server.RaftServerConfigKeys (ConfUtils.java:logGet(43)) - raft.server.notification.no-leader.timeout = 120s (custom)
2019-09-25 05:06:10,271 [pool-47-thread-1] INFO  server.RaftServerConfigKeys (ConfUtils.java:logGet(43)) - raft.server.log.use.memory = false (default)
2019-09-25 05:06:10,271 [pool-47-thread-1] INFO  server.RaftServerConfigKeys (ConfUtils.java:logGet(43)) - raft.server.log.purge.gap = 1000000 (custom)
2019-09-25 05:06:10,271 [pool-47-thread-1] INFO  server.RaftServerConfigKeys (ConfUtils.java:logGet(43)) - raft.server.log.appender.buffer.byte-limit = 33554432 (custom)
2019-09-25 05:06:10,271 [pool-47-thread-1] INFO  server.RaftServerConfigKeys (ConfUtils.java:logGet(43)) - raft.server.log.segment.size.max = 1048576 (custom)
2019-09-25 05:06:10,271 [pool-47-thread-1] INFO  server.RaftServerConfigKeys (ConfUtils.java:logGet(43)) - raft.server.log.segment.cache.num.max = 2 (custom)
2019-09-25 05:06:10,272 [pool-47-thread-1] INFO  segmented.SegmentedRaftLogWorker (SegmentedRaftLogWorker.java:<init>(172)) - new c8798e02-7f0c-41f7-82c2-a17323bcf21e@group-35DC9DFD5600-SegmentedRaftLogWorker for RaftStorage:Storage Directory /workdir/hadoop-ozone/integration-test/target/test-dir/MiniOzoneClusterImpl-23306158-e895-4fc7-80df-ce6c264c388b/datanode-2/data/ratis/084b289e-103b-4d84-9142-35dc9dfd5600
2019-09-25 05:06:10,272 [pool-47-thread-1] INFO  server.RaftServerConfigKeys (ConfUtils.java:logGet(43)) - raft.server.log.queue.byte-limit = 2147483647 (custom)
2019-09-25 05:06:10,272 [pool-47-thread-1] INFO  server.RaftServerConfigKeys (ConfUtils.java:logGet(43)) - raft.server.log.queue.element-limit = 1024 (custom)
2019-09-25 05:06:10,272 [pool-47-thread-1] INFO  server.RaftServerConfigKeys (ConfUtils.java:logGet(43)) - raft.server.log.segment.size.max = 1048576 (custom)
2019-09-25 05:06:10,272 [pool-47-thread-1] INFO  server.RaftServerConfigKeys (ConfUtils.java:logGet(43)) - raft.server.log.preallocated.size = 16384 (custom)
2019-09-25 05:06:10,272 [pool-47-thread-1] INFO  server.RaftServerConfigKeys (ConfUtils.java:logGet(43)) - raft.server.log.write.buffer.size = 33554432 (custom)
2019-09-25 05:06:10,273 [pool-47-thread-1] INFO  server.RaftServerConfigKeys (ConfUtils.java:logGet(43)) - raft.server.log.force.sync.num = 128 (default)
2019-09-25 05:06:10,273 [pool-47-thread-1] INFO  server.RaftServerConfigKeys (ConfUtils.java:logGet(43)) - raft.server.log.statemachine.data.sync = true (default)
2019-09-25 05:06:10,273 [pool-47-thread-1] INFO  server.RaftServerConfigKeys (ConfUtils.java:logGet(43)) - raft.server.log.statemachine.data.sync.timeout = 10s (default)
2019-09-25 05:06:10,273 [pool-47-thread-1] INFO  server.RaftServerConfigKeys (ConfUtils.java:logGet(43)) - raft.server.log.statemachine.data.sync.timeout.retry = -1 (default)
2019-09-25 05:06:10,273 [pool-47-thread-1] INFO  server.RaftServerConfigKeys (ConfUtils.java:logGet(43)) - raft.server.log.statemachine.data.caching.enabled = true (custom)
2019-09-25 05:06:10,274 [pool-47-thread-1] INFO  segmented.SegmentedRaftLogWorker (SegmentedRaftLogWorker.java:lambda$new$0(132)) - c8798e02-7f0c-41f7-82c2-a17323bcf21e@group-35DC9DFD5600-SegmentedRaftLogWorker: flushIndex: setUnconditionally 0 -> -1
2019-09-25 05:06:10,274 [pool-47-thread-1] INFO  server.RaftServerConfigKeys (ConfUtils.java:logGet(43)) - raft.server.snapshot.auto.trigger.enabled = true (custom)
2019-09-25 05:06:10,274 [pool-47-thread-1] INFO  server.RaftServerConfigKeys (ConfUtils.java:logGet(43)) - raft.server.snapshot.auto.trigger.threshold = 10000 (custom)
2019-09-25 05:06:10,275 [pool-47-thread-1] INFO  server.RaftServerConfigKeys (ConfUtils.java:logGet(43)) - raft.server.snapshot.retention.num.files = 5 (custom)
2019-09-25 05:06:10,275 [pool-47-thread-1] INFO  server.RaftServerConfigKeys (ConfUtils.java:logGet(43)) - raft.server.retrycache.expirytime = 600000ms (custom)
2019-09-25 05:06:10,278 [pool-47-thread-1] INFO  impl.RaftServerImpl (RaftServerImpl.java:start(185)) - c8798e02-7f0c-41f7-82c2-a17323bcf21e@group-35DC9DFD5600: start as a follower, conf=-1: [c8798e02-7f0c-41f7-82c2-a17323bcf21e:192.168.30.10:40603], old=null
2019-09-25 05:06:10,278 [pool-47-thread-1] INFO  impl.RaftServerImpl (RaftServerImpl.java:setRole(174)) - c8798e02-7f0c-41f7-82c2-a17323bcf21e@group-35DC9DFD5600: changes role from      null to FOLLOWER at term 0 for startAsFollower
2019-09-25 05:06:10,278 [pool-47-thread-1] INFO  impl.RoleInfo (RoleInfo.java:updateAndGet(143)) - c8798e02-7f0c-41f7-82c2-a17323bcf21e: start FollowerState
2019-09-25 05:06:10,286 [pool-47-thread-1] INFO  util.JmxRegister (JmxRegister.java:tryRegister(44)) - Successfully registered JMX Bean with object name Ratis:service=RaftServer,group=group-35DC9DFD5600,id=c8798e02-7f0c-41f7-82c2-a17323bcf21e
2019-09-25 05:06:10,303 [RatisPipelineUtilsThread] INFO  pipeline.PipelineStateManager (PipelineStateManager.java:addPipeline(56)) - Created pipeline Pipeline[ Id: 084b289e-103b-4d84-9142-35dc9dfd5600, Nodes: c8798e02-7f0c-41f7-82c2-a17323bcf21e{ip: 192.168.30.10, host: pr-hdds-1569-s62bp-3040748787, networkLocation: /default-rack, certSerialId: null}, Type:RATIS, Factor:ONE, State:OPEN]
2019-09-25 05:06:10,310 [grpc-default-executor-0] INFO  impl.RaftServerProxy (RaftServerProxy.java:addNew(89)) - b4fa7d23-6606-45fd-9544-2b08ca3fa933: addNew group-40E46CED5385:[b4fa7d23-6606-45fd-9544-2b08ca3fa933:192.168.30.10:34493] returns group-40E46CED5385:java.util.concurrent.CompletableFuture@1f7ad1a9[Not completed]
2019-09-25 05:06:10,313 [pool-77-thread-1] INFO  impl.RaftServerImpl (RaftServerImpl.java:<init>(95)) - b4fa7d23-6606-45fd-9544-2b08ca3fa933: new RaftServerImpl for group-40E46CED5385:[b4fa7d23-6606-45fd-9544-2b08ca3fa933:192.168.30.10:34493] with ContainerStateMachine:uninitialized
2019-09-25 05:06:10,313 [pool-77-thread-1] INFO  server.RaftServerConfigKeys (ConfUtils.java:logGet(43)) - raft.server.rpc.timeout.min = 5s (custom)
2019-09-25 05:06:10,313 [pool-77-thread-1] INFO  server.RaftServerConfigKeys (ConfUtils.java:logGet(43)) - raft.server.rpc.timeout.max = 5200ms (custom)
2019-09-25 05:06:10,313 [pool-77-thread-1] INFO  server.RaftServerConfigKeys (ConfUtils.java:logGet(43)) - raft.server.rpcslowness.timeout = 120s (custom)
2019-09-25 05:06:10,313 [pool-77-thread-1] INFO  server.RaftServerConfigKeys (ConfUtils.java:logGet(43)) - raft.server.sleep.deviation.threshold = 300 (default)
2019-09-25 05:06:10,314 [pool-77-thread-1] INFO  server.RaftServerConfigKeys (ConfUtils.java:logGet(43)) - raft.server.log.appender.install.snapshot.enabled = false (custom)
2019-09-25 05:06:10,314 [pool-77-thread-1] INFO  impl.RaftServerImpl (ServerState.java:<init>(103)) - b4fa7d23-6606-45fd-9544-2b08ca3fa933@group-40E46CED5385: ConfigurationManager, init=-1: [b4fa7d23-6606-45fd-9544-2b08ca3fa933:192.168.30.10:34493], old=null, confs=<EMPTY_MAP>
2019-09-25 05:06:10,314 [pool-77-thread-1] INFO  server.RaftServerConfigKeys (ConfUtils.java:logGet(43)) - raft.server.storage.dir = [/workdir/hadoop-ozone/integration-test/target/test-dir/MiniOzoneClusterImpl-23306158-e895-4fc7-80df-ce6c264c388b/datanode-5/data/ratis] (custom)
2019-09-25 05:06:10,315 [pool-77-thread-1] INFO  storage.RaftStorageDirectory (RaftStorageDirectory.java:analyzeStorage(246)) - The storage directory /workdir/hadoop-ozone/integration-test/target/test-dir/MiniOzoneClusterImpl-23306158-e895-4fc7-80df-ce6c264c388b/datanode-5/data/ratis/7987372e-b724-48ad-81b7-40e46ced5385 does not exist. Creating ...
2019-09-25 05:06:10,328 [pool-77-thread-1] INFO  storage.RaftStorageDirectory (RaftStorageDirectory.java:tryLock(328)) - Lock on /workdir/hadoop-ozone/integration-test/target/test-dir/MiniOzoneClusterImpl-23306158-e895-4fc7-80df-ce6c264c388b/datanode-5/data/ratis/7987372e-b724-48ad-81b7-40e46ced5385/in_use.lock acquired by nodename 25526@pr-hdds-1569-s62bp-3040748787
2019-09-25 05:06:10,351 [pool-77-thread-1] INFO  storage.RaftStorage (RaftStorage.java:format(72)) - Storage directory /workdir/hadoop-ozone/integration-test/target/test-dir/MiniOzoneClusterImpl-23306158-e895-4fc7-80df-ce6c264c388b/datanode-5/data/ratis/7987372e-b724-48ad-81b7-40e46ced5385 has been successfully formatted.
2019-09-25 05:06:10,351 [pool-77-thread-1] INFO  ratis.ContainerStateMachine (ContainerStateMachine.java:loadSnapshot(230)) - group-40E46CED5385: The snapshot info is null. Setting the last applied indexto:(t:0, i:~)
2019-09-25 05:06:10,352 [pool-77-thread-1] INFO  server.RaftServerConfigKeys (ConfUtils.java:logGet(43)) - raft.server.notification.no-leader.timeout = 120s (custom)
2019-09-25 05:06:10,352 [pool-77-thread-1] INFO  server.RaftServerConfigKeys (ConfUtils.java:logGet(43)) - raft.server.log.use.memory = false (default)
2019-09-25 05:06:10,352 [pool-77-thread-1] INFO  server.RaftServerConfigKeys (ConfUtils.java:logGet(43)) - raft.server.log.purge.gap = 1000000 (custom)
2019-09-25 05:06:10,352 [pool-77-thread-1] INFO  server.RaftServerConfigKeys (ConfUtils.java:logGet(43)) - raft.server.log.appender.buffer.byte-limit = 33554432 (custom)
2019-09-25 05:06:10,352 [pool-77-thread-1] INFO  server.RaftServerConfigKeys (ConfUtils.java:logGet(43)) - raft.server.log.segment.size.max = 1048576 (custom)
2019-09-25 05:06:10,352 [pool-77-thread-1] INFO  server.RaftServerConfigKeys (ConfUtils.java:logGet(43)) - raft.server.log.segment.cache.num.max = 2 (custom)
2019-09-25 05:06:10,353 [pool-77-thread-1] INFO  segmented.SegmentedRaftLogWorker (SegmentedRaftLogWorker.java:<init>(172)) - new b4fa7d23-6606-45fd-9544-2b08ca3fa933@group-40E46CED5385-SegmentedRaftLogWorker for RaftStorage:Storage Directory /workdir/hadoop-ozone/integration-test/target/test-dir/MiniOzoneClusterImpl-23306158-e895-4fc7-80df-ce6c264c388b/datanode-5/data/ratis/7987372e-b724-48ad-81b7-40e46ced5385
2019-09-25 05:06:10,353 [pool-77-thread-1] INFO  server.RaftServerConfigKeys (ConfUtils.java:logGet(43)) - raft.server.log.queue.byte-limit = 2147483647 (custom)
2019-09-25 05:06:10,353 [pool-77-thread-1] INFO  server.RaftServerConfigKeys (ConfUtils.java:logGet(43)) - raft.server.log.queue.element-limit = 1024 (custom)
2019-09-25 05:06:10,353 [pool-77-thread-1] INFO  server.RaftServerConfigKeys (ConfUtils.java:logGet(43)) - raft.server.log.segment.size.max = 1048576 (custom)
2019-09-25 05:06:10,353 [pool-77-thread-1] INFO  server.RaftServerConfigKeys (ConfUtils.java:logGet(43)) - raft.server.log.preallocated.size = 16384 (custom)
2019-09-25 05:06:10,354 [pool-77-thread-1] INFO  server.RaftServerConfigKeys (ConfUtils.java:logGet(43)) - raft.server.log.write.buffer.size = 33554432 (custom)
2019-09-25 05:06:10,354 [pool-77-thread-1] INFO  server.RaftServerConfigKeys (ConfUtils.java:logGet(43)) - raft.server.log.force.sync.num = 128 (default)
2019-09-25 05:06:10,354 [pool-77-thread-1] INFO  server.RaftServerConfigKeys (ConfUtils.java:logGet(43)) - raft.server.log.statemachine.data.sync = true (default)
2019-09-25 05:06:10,354 [pool-77-thread-1] INFO  server.RaftServerConfigKeys (ConfUtils.java:logGet(43)) - raft.server.log.statemachine.data.sync.timeout = 10s (default)
2019-09-25 05:06:10,354 [pool-77-thread-1] INFO  server.RaftServerConfigKeys (ConfUtils.java:logGet(43)) - raft.server.log.statemachine.data.sync.timeout.retry = -1 (default)
2019-09-25 05:06:10,355 [pool-77-thread-1] INFO  server.RaftServerConfigKeys (ConfUtils.java:logGet(43)) - raft.server.log.statemachine.data.caching.enabled = true (custom)
2019-09-25 05:06:10,355 [pool-77-thread-1] INFO  segmented.SegmentedRaftLogWorker (SegmentedRaftLogWorker.java:lambda$new$0(132)) - b4fa7d23-6606-45fd-9544-2b08ca3fa933@group-40E46CED5385-SegmentedRaftLogWorker: flushIndex: setUnconditionally 0 -> -1
2019-09-25 05:06:10,355 [pool-77-thread-1] INFO  server.RaftServerConfigKeys (ConfUtils.java:logGet(43)) - raft.server.snapshot.auto.trigger.enabled = true (custom)
2019-09-25 05:06:10,356 [pool-77-thread-1] INFO  server.RaftServerConfigKeys (ConfUtils.java:logGet(43)) - raft.server.snapshot.auto.trigger.threshold = 10000 (custom)
2019-09-25 05:06:10,356 [pool-77-thread-1] INFO  server.RaftServerConfigKeys (ConfUtils.java:logGet(43)) - raft.server.snapshot.retention.num.files = 5 (custom)
2019-09-25 05:06:10,356 [pool-77-thread-1] INFO  server.RaftServerConfigKeys (ConfUtils.java:logGet(43)) - raft.server.retrycache.expirytime = 600000ms (custom)
2019-09-25 05:06:10,359 [pool-77-thread-1] INFO  impl.RaftServerImpl (RaftServerImpl.java:start(185)) - b4fa7d23-6606-45fd-9544-2b08ca3fa933@group-40E46CED5385: start as a follower, conf=-1: [b4fa7d23-6606-45fd-9544-2b08ca3fa933:192.168.30.10:34493], old=null
2019-09-25 05:06:10,359 [pool-77-thread-1] INFO  impl.RaftServerImpl (RaftServerImpl.java:setRole(174)) - b4fa7d23-6606-45fd-9544-2b08ca3fa933@group-40E46CED5385: changes role from      null to FOLLOWER at term 0 for startAsFollower
2019-09-25 05:06:10,359 [pool-77-thread-1] INFO  impl.RoleInfo (RoleInfo.java:updateAndGet(143)) - b4fa7d23-6606-45fd-9544-2b08ca3fa933: start FollowerState
2019-09-25 05:06:10,360 [pool-77-thread-1] INFO  util.JmxRegister (JmxRegister.java:tryRegister(44)) - Successfully registered JMX Bean with object name Ratis:service=RaftServer,group=group-40E46CED5385,id=b4fa7d23-6606-45fd-9544-2b08ca3fa933
2019-09-25 05:06:10,363 [RatisPipelineUtilsThread] INFO  pipeline.PipelineStateManager (PipelineStateManager.java:addPipeline(56)) - Created pipeline Pipeline[ Id: 7987372e-b724-48ad-81b7-40e46ced5385, Nodes: b4fa7d23-6606-45fd-9544-2b08ca3fa933{ip: 192.168.30.10, host: pr-hdds-1569-s62bp-3040748787, networkLocation: /default-rack, certSerialId: null}, Type:RATIS, Factor:ONE, State:OPEN]
2019-09-25 05:06:10,370 [grpc-default-executor-0] INFO  impl.RaftServerProxy (RaftServerProxy.java:addNew(89)) - b4fa7d23-6606-45fd-9544-2b08ca3fa933: addNew group-327B1C401A0D:[b4fa7d23-6606-45fd-9544-2b08ca3fa933:192.168.30.10:34493] returns group-327B1C401A0D:java.util.concurrent.CompletableFuture@4f2da562[Not completed]
2019-09-25 05:06:10,371 [pool-77-thread-1] INFO  impl.RaftServerImpl (RaftServerImpl.java:<init>(95)) - b4fa7d23-6606-45fd-9544-2b08ca3fa933: new RaftServerImpl for group-327B1C401A0D:[b4fa7d23-6606-45fd-9544-2b08ca3fa933:192.168.30.10:34493] with ContainerStateMachine:uninitialized
2019-09-25 05:06:10,371 [pool-77-thread-1] INFO  server.RaftServerConfigKeys (ConfUtils.java:logGet(43)) - raft.server.rpc.timeout.min = 5s (custom)
2019-09-25 05:06:10,371 [pool-77-thread-1] INFO  server.RaftServerConfigKeys (ConfUtils.java:logGet(43)) - raft.server.rpc.timeout.max = 5200ms (custom)
2019-09-25 05:06:10,371 [pool-77-thread-1] INFO  server.RaftServerConfigKeys (ConfUtils.java:logGet(43)) - raft.server.rpcslowness.timeout = 120s (custom)
2019-09-25 05:06:10,372 [pool-77-thread-1] INFO  server.RaftServerConfigKeys (ConfUtils.java:logGet(43)) - raft.server.sleep.deviation.threshold = 300 (default)
2019-09-25 05:06:10,372 [pool-77-thread-1] INFO  server.RaftServerConfigKeys (ConfUtils.java:logGet(43)) - raft.server.log.appender.install.snapshot.enabled = false (custom)
2019-09-25 05:06:10,372 [pool-77-thread-1] INFO  impl.RaftServerImpl (ServerState.java:<init>(103)) - b4fa7d23-6606-45fd-9544-2b08ca3fa933@group-327B1C401A0D: ConfigurationManager, init=-1: [b4fa7d23-6606-45fd-9544-2b08ca3fa933:192.168.30.10:34493], old=null, confs=<EMPTY_MAP>
2019-09-25 05:06:10,372 [pool-77-thread-1] INFO  server.RaftServerConfigKeys (ConfUtils.java:logGet(43)) - raft.server.storage.dir = [/workdir/hadoop-ozone/integration-test/target/test-dir/MiniOzoneClusterImpl-23306158-e895-4fc7-80df-ce6c264c388b/datanode-5/data/ratis] (custom)
2019-09-25 05:06:10,372 [pool-77-thread-1] INFO  storage.RaftStorageDirectory (RaftStorageDirectory.java:analyzeStorage(246)) - The storage directory /workdir/hadoop-ozone/integration-test/target/test-dir/MiniOzoneClusterImpl-23306158-e895-4fc7-80df-ce6c264c388b/datanode-5/data/ratis/28a611c7-193c-49db-a304-327b1c401a0d does not exist. Creating ...
2019-09-25 05:06:10,386 [pool-77-thread-1] INFO  storage.RaftStorageDirectory (RaftStorageDirectory.java:tryLock(328)) - Lock on /workdir/hadoop-ozone/integration-test/target/test-dir/MiniOzoneClusterImpl-23306158-e895-4fc7-80df-ce6c264c388b/datanode-5/data/ratis/28a611c7-193c-49db-a304-327b1c401a0d/in_use.lock acquired by nodename 25526@pr-hdds-1569-s62bp-3040748787
2019-09-25 05:06:10,399 [pool-77-thread-1] INFO  storage.RaftStorage (RaftStorage.java:format(72)) - Storage directory /workdir/hadoop-ozone/integration-test/target/test-dir/MiniOzoneClusterImpl-23306158-e895-4fc7-80df-ce6c264c388b/datanode-5/data/ratis/28a611c7-193c-49db-a304-327b1c401a0d has been successfully formatted.
2019-09-25 05:06:10,399 [pool-77-thread-1] INFO  ratis.ContainerStateMachine (ContainerStateMachine.java:loadSnapshot(230)) - group-327B1C401A0D: The snapshot info is null. Setting the last applied indexto:(t:0, i:~)
2019-09-25 05:06:10,399 [pool-77-thread-1] INFO  server.RaftServerConfigKeys (ConfUtils.java:logGet(43)) - raft.server.notification.no-leader.timeout = 120s (custom)
2019-09-25 05:06:10,399 [pool-77-thread-1] INFO  server.RaftServerConfigKeys (ConfUtils.java:logGet(43)) - raft.server.log.use.memory = false (default)
2019-09-25 05:06:10,400 [pool-77-thread-1] INFO  server.RaftServerConfigKeys (ConfUtils.java:logGet(43)) - raft.server.log.purge.gap = 1000000 (custom)
2019-09-25 05:06:10,400 [pool-77-thread-1] INFO  server.RaftServerConfigKeys (ConfUtils.java:logGet(43)) - raft.server.log.appender.buffer.byte-limit = 33554432 (custom)
2019-09-25 05:06:10,400 [pool-77-thread-1] INFO  server.RaftServerConfigKeys (ConfUtils.java:logGet(43)) - raft.server.log.segment.size.max = 1048576 (custom)
2019-09-25 05:06:10,400 [pool-77-thread-1] INFO  server.RaftServerConfigKeys (ConfUtils.java:logGet(43)) - raft.server.log.segment.cache.num.max = 2 (custom)
2019-09-25 05:06:10,400 [pool-77-thread-1] INFO  segmented.SegmentedRaftLogWorker (SegmentedRaftLogWorker.java:<init>(172)) - new b4fa7d23-6606-45fd-9544-2b08ca3fa933@group-327B1C401A0D-SegmentedRaftLogWorker for RaftStorage:Storage Directory /workdir/hadoop-ozone/integration-test/target/test-dir/MiniOzoneClusterImpl-23306158-e895-4fc7-80df-ce6c264c388b/datanode-5/data/ratis/28a611c7-193c-49db-a304-327b1c401a0d
2019-09-25 05:06:10,400 [pool-77-thread-1] INFO  server.RaftServerConfigKeys (ConfUtils.java:logGet(43)) - raft.server.log.queue.byte-limit = 2147483647 (custom)
2019-09-25 05:06:10,401 [pool-77-thread-1] INFO  server.RaftServerConfigKeys (ConfUtils.java:logGet(43)) - raft.server.log.queue.element-limit = 1024 (custom)
2019-09-25 05:06:10,401 [pool-77-thread-1] INFO  server.RaftServerConfigKeys (ConfUtils.java:logGet(43)) - raft.server.log.segment.size.max = 1048576 (custom)
2019-09-25 05:06:10,401 [pool-77-thread-1] INFO  server.RaftServerConfigKeys (ConfUtils.java:logGet(43)) - raft.server.log.preallocated.size = 16384 (custom)
2019-09-25 05:06:10,401 [pool-77-thread-1] INFO  server.RaftServerConfigKeys (ConfUtils.java:logGet(43)) - raft.server.log.write.buffer.size = 33554432 (custom)
2019-09-25 05:06:10,401 [pool-77-thread-1] INFO  server.RaftServerConfigKeys (ConfUtils.java:logGet(43)) - raft.server.log.force.sync.num = 128 (default)
2019-09-25 05:06:10,401 [pool-77-thread-1] INFO  server.RaftServerConfigKeys (ConfUtils.java:logGet(43)) - raft.server.log.statemachine.data.sync = true (default)
2019-09-25 05:06:10,402 [pool-77-thread-1] INFO  server.RaftServerConfigKeys (ConfUtils.java:logGet(43)) - raft.server.log.statemachine.data.sync.timeout = 10s (default)
2019-09-25 05:06:10,402 [pool-77-thread-1] INFO  server.RaftServerConfigKeys (ConfUtils.java:logGet(43)) - raft.server.log.statemachine.data.sync.timeout.retry = -1 (default)
2019-09-25 05:06:10,402 [pool-77-thread-1] INFO  server.RaftServerConfigKeys (ConfUtils.java:logGet(43)) - raft.server.log.statemachine.data.caching.enabled = true (custom)
2019-09-25 05:06:10,402 [pool-77-thread-1] INFO  segmented.SegmentedRaftLogWorker (SegmentedRaftLogWorker.java:lambda$new$0(132)) - b4fa7d23-6606-45fd-9544-2b08ca3fa933@group-327B1C401A0D-SegmentedRaftLogWorker: flushIndex: setUnconditionally 0 -> -1
2019-09-25 05:06:10,403 [pool-77-thread-1] INFO  server.RaftServerConfigKeys (ConfUtils.java:logGet(43)) - raft.server.snapshot.auto.trigger.enabled = true (custom)
2019-09-25 05:06:10,403 [pool-77-thread-1] INFO  server.RaftServerConfigKeys (ConfUtils.java:logGet(43)) - raft.server.snapshot.auto.trigger.threshold = 10000 (custom)
2019-09-25 05:06:10,403 [pool-77-thread-1] INFO  server.RaftServerConfigKeys (ConfUtils.java:logGet(43)) - raft.server.snapshot.retention.num.files = 5 (custom)
2019-09-25 05:06:10,403 [pool-77-thread-1] INFO  server.RaftServerConfigKeys (ConfUtils.java:logGet(43)) - raft.server.retrycache.expirytime = 600000ms (custom)
2019-09-25 05:06:10,406 [pool-77-thread-1] INFO  impl.RaftServerImpl (RaftServerImpl.java:start(185)) - b4fa7d23-6606-45fd-9544-2b08ca3fa933@group-327B1C401A0D: start as a follower, conf=-1: [b4fa7d23-6606-45fd-9544-2b08ca3fa933:192.168.30.10:34493], old=null
2019-09-25 05:06:10,406 [pool-77-thread-1] INFO  impl.RaftServerImpl (RaftServerImpl.java:setRole(174)) - b4fa7d23-6606-45fd-9544-2b08ca3fa933@group-327B1C401A0D: changes role from      null to FOLLOWER at term 0 for startAsFollower
2019-09-25 05:06:10,406 [pool-77-thread-1] INFO  impl.RoleInfo (RoleInfo.java:updateAndGet(143)) - b4fa7d23-6606-45fd-9544-2b08ca3fa933: start FollowerState
2019-09-25 05:06:10,407 [pool-77-thread-1] INFO  util.JmxRegister (JmxRegister.java:tryRegister(44)) - Successfully registered JMX Bean with object name Ratis:service=RaftServer,group=group-327B1C401A0D,id=b4fa7d23-6606-45fd-9544-2b08ca3fa933
2019-09-25 05:06:10,410 [RatisPipelineUtilsThread] INFO  pipeline.PipelineStateManager (PipelineStateManager.java:addPipeline(56)) - Created pipeline Pipeline[ Id: 28a611c7-193c-49db-a304-327b1c401a0d, Nodes: b4fa7d23-6606-45fd-9544-2b08ca3fa933{ip: 192.168.30.10, host: pr-hdds-1569-s62bp-3040748787, networkLocation: /default-rack, certSerialId: null}, Type:RATIS, Factor:ONE, State:OPEN]
2019-09-25 05:06:10,417 [grpc-default-executor-0] INFO  impl.RaftServerProxy (RaftServerProxy.java:addNew(89)) - c8798e02-7f0c-41f7-82c2-a17323bcf21e: addNew group-4067BFE406B7:[c8798e02-7f0c-41f7-82c2-a17323bcf21e:192.168.30.10:40603] returns group-4067BFE406B7:java.util.concurrent.CompletableFuture@47254061[Not completed]
2019-09-25 05:06:10,418 [pool-47-thread-1] INFO  impl.RaftServerImpl (RaftServerImpl.java:<init>(95)) - c8798e02-7f0c-41f7-82c2-a17323bcf21e: new RaftServerImpl for group-4067BFE406B7:[c8798e02-7f0c-41f7-82c2-a17323bcf21e:192.168.30.10:40603] with ContainerStateMachine:uninitialized
2019-09-25 05:06:10,419 [pool-47-thread-1] INFO  server.RaftServerConfigKeys (ConfUtils.java:logGet(43)) - raft.server.rpc.timeout.min = 5s (custom)
2019-09-25 05:06:10,419 [pool-47-thread-1] INFO  server.RaftServerConfigKeys (ConfUtils.java:logGet(43)) - raft.server.rpc.timeout.max = 5200ms (custom)
2019-09-25 05:06:10,419 [pool-47-thread-1] INFO  server.RaftServerConfigKeys (ConfUtils.java:logGet(43)) - raft.server.rpcslowness.timeout = 120s (custom)
2019-09-25 05:06:10,419 [pool-47-thread-1] INFO  server.RaftServerConfigKeys (ConfUtils.java:logGet(43)) - raft.server.sleep.deviation.threshold = 300 (default)
2019-09-25 05:06:10,419 [pool-47-thread-1] INFO  server.RaftServerConfigKeys (ConfUtils.java:logGet(43)) - raft.server.log.appender.install.snapshot.enabled = false (custom)
2019-09-25 05:06:10,419 [pool-47-thread-1] INFO  impl.RaftServerImpl (ServerState.java:<init>(103)) - c8798e02-7f0c-41f7-82c2-a17323bcf21e@group-4067BFE406B7: ConfigurationManager, init=-1: [c8798e02-7f0c-41f7-82c2-a17323bcf21e:192.168.30.10:40603], old=null, confs=<EMPTY_MAP>
2019-09-25 05:06:10,420 [pool-47-thread-1] INFO  server.RaftServerConfigKeys (ConfUtils.java:logGet(43)) - raft.server.storage.dir = [/workdir/hadoop-ozone/integration-test/target/test-dir/MiniOzoneClusterImpl-23306158-e895-4fc7-80df-ce6c264c388b/datanode-2/data/ratis] (custom)
2019-09-25 05:06:10,420 [pool-47-thread-1] INFO  storage.RaftStorageDirectory (RaftStorageDirectory.java:analyzeStorage(246)) - The storage directory /workdir/hadoop-ozone/integration-test/target/test-dir/MiniOzoneClusterImpl-23306158-e895-4fc7-80df-ce6c264c388b/datanode-2/data/ratis/6acb3a47-2557-425a-a838-4067bfe406b7 does not exist. Creating ...
2019-09-25 05:06:10,433 [pool-47-thread-1] INFO  storage.RaftStorageDirectory (RaftStorageDirectory.java:tryLock(328)) - Lock on /workdir/hadoop-ozone/integration-test/target/test-dir/MiniOzoneClusterImpl-23306158-e895-4fc7-80df-ce6c264c388b/datanode-2/data/ratis/6acb3a47-2557-425a-a838-4067bfe406b7/in_use.lock acquired by nodename 25526@pr-hdds-1569-s62bp-3040748787
2019-09-25 05:06:10,447 [pool-47-thread-1] INFO  storage.RaftStorage (RaftStorage.java:format(72)) - Storage directory /workdir/hadoop-ozone/integration-test/target/test-dir/MiniOzoneClusterImpl-23306158-e895-4fc7-80df-ce6c264c388b/datanode-2/data/ratis/6acb3a47-2557-425a-a838-4067bfe406b7 has been successfully formatted.
2019-09-25 05:06:10,448 [pool-47-thread-1] INFO  ratis.ContainerStateMachine (ContainerStateMachine.java:loadSnapshot(230)) - group-4067BFE406B7: The snapshot info is null. Setting the last applied indexto:(t:0, i:~)
2019-09-25 05:06:10,448 [pool-47-thread-1] INFO  server.RaftServerConfigKeys (ConfUtils.java:logGet(43)) - raft.server.notification.no-leader.timeout = 120s (custom)
2019-09-25 05:06:10,448 [pool-47-thread-1] INFO  server.RaftServerConfigKeys (ConfUtils.java:logGet(43)) - raft.server.log.use.memory = false (default)
2019-09-25 05:06:10,448 [pool-47-thread-1] INFO  server.RaftServerConfigKeys (ConfUtils.java:logGet(43)) - raft.server.log.purge.gap = 1000000 (custom)
2019-09-25 05:06:10,448 [pool-47-thread-1] INFO  server.RaftServerConfigKeys (ConfUtils.java:logGet(43)) - raft.server.log.appender.buffer.byte-limit = 33554432 (custom)
2019-09-25 05:06:10,449 [pool-47-thread-1] INFO  server.RaftServerConfigKeys (ConfUtils.java:logGet(43)) - raft.server.log.segment.size.max = 1048576 (custom)
2019-09-25 05:06:10,449 [pool-47-thread-1] INFO  server.RaftServerConfigKeys (ConfUtils.java:logGet(43)) - raft.server.log.segment.cache.num.max = 2 (custom)
2019-09-25 05:06:10,449 [pool-47-thread-1] INFO  segmented.SegmentedRaftLogWorker (SegmentedRaftLogWorker.java:<init>(172)) - new c8798e02-7f0c-41f7-82c2-a17323bcf21e@group-4067BFE406B7-SegmentedRaftLogWorker for RaftStorage:Storage Directory /workdir/hadoop-ozone/integration-test/target/test-dir/MiniOzoneClusterImpl-23306158-e895-4fc7-80df-ce6c264c388b/datanode-2/data/ratis/6acb3a47-2557-425a-a838-4067bfe406b7
2019-09-25 05:06:10,449 [pool-47-thread-1] INFO  server.RaftServerConfigKeys (ConfUtils.java:logGet(43)) - raft.server.log.queue.byte-limit = 2147483647 (custom)
2019-09-25 05:06:10,449 [pool-47-thread-1] INFO  server.RaftServerConfigKeys (ConfUtils.java:logGet(43)) - raft.server.log.queue.element-limit = 1024 (custom)
2019-09-25 05:06:10,449 [pool-47-thread-1] INFO  server.RaftServerConfigKeys (ConfUtils.java:logGet(43)) - raft.server.log.segment.size.max = 1048576 (custom)
2019-09-25 05:06:10,450 [pool-47-thread-1] INFO  server.RaftServerConfigKeys (ConfUtils.java:logGet(43)) - raft.server.log.preallocated.size = 16384 (custom)
2019-09-25 05:06:10,450 [pool-47-thread-1] INFO  server.RaftServerConfigKeys (ConfUtils.java:logGet(43)) - raft.server.log.write.buffer.size = 33554432 (custom)
2019-09-25 05:06:10,450 [pool-47-thread-1] INFO  server.RaftServerConfigKeys (ConfUtils.java:logGet(43)) - raft.server.log.force.sync.num = 128 (default)
2019-09-25 05:06:10,450 [pool-47-thread-1] INFO  server.RaftServerConfigKeys (ConfUtils.java:logGet(43)) - raft.server.log.statemachine.data.sync = true (default)
2019-09-25 05:06:10,450 [pool-47-thread-1] INFO  server.RaftServerConfigKeys (ConfUtils.java:logGet(43)) - raft.server.log.statemachine.data.sync.timeout = 10s (default)
2019-09-25 05:06:10,450 [pool-47-thread-1] INFO  server.RaftServerConfigKeys (ConfUtils.java:logGet(43)) - raft.server.log.statemachine.data.sync.timeout.retry = -1 (default)
2019-09-25 05:06:10,451 [pool-47-thread-1] INFO  server.RaftServerConfigKeys (ConfUtils.java:logGet(43)) - raft.server.log.statemachine.data.caching.enabled = true (custom)
2019-09-25 05:06:10,451 [pool-47-thread-1] INFO  segmented.SegmentedRaftLogWorker (SegmentedRaftLogWorker.java:lambda$new$0(132)) - c8798e02-7f0c-41f7-82c2-a17323bcf21e@group-4067BFE406B7-SegmentedRaftLogWorker: flushIndex: setUnconditionally 0 -> -1
2019-09-25 05:06:10,452 [pool-47-thread-1] INFO  server.RaftServerConfigKeys (ConfUtils.java:logGet(43)) - raft.server.snapshot.auto.trigger.enabled = true (custom)
2019-09-25 05:06:10,452 [pool-47-thread-1] INFO  server.RaftServerConfigKeys (ConfUtils.java:logGet(43)) - raft.server.snapshot.auto.trigger.threshold = 10000 (custom)
2019-09-25 05:06:10,452 [pool-47-thread-1] INFO  server.RaftServerConfigKeys (ConfUtils.java:logGet(43)) - raft.server.snapshot.retention.num.files = 5 (custom)
2019-09-25 05:06:10,452 [pool-47-thread-1] INFO  server.RaftServerConfigKeys (ConfUtils.java:logGet(43)) - raft.server.retrycache.expirytime = 600000ms (custom)
2019-09-25 05:06:10,455 [pool-47-thread-1] INFO  impl.RaftServerImpl (RaftServerImpl.java:start(185)) - c8798e02-7f0c-41f7-82c2-a17323bcf21e@group-4067BFE406B7: start as a follower, conf=-1: [c8798e02-7f0c-41f7-82c2-a17323bcf21e:192.168.30.10:40603], old=null
2019-09-25 05:06:10,455 [pool-47-thread-1] INFO  impl.RaftServerImpl (RaftServerImpl.java:setRole(174)) - c8798e02-7f0c-41f7-82c2-a17323bcf21e@group-4067BFE406B7: changes role from      null to FOLLOWER at term 0 for startAsFollower
2019-09-25 05:06:10,455 [pool-47-thread-1] INFO  impl.RoleInfo (RoleInfo.java:updateAndGet(143)) - c8798e02-7f0c-41f7-82c2-a17323bcf21e: start FollowerState
2019-09-25 05:06:10,456 [pool-47-thread-1] INFO  util.JmxRegister (JmxRegister.java:tryRegister(44)) - Successfully registered JMX Bean with object name Ratis:service=RaftServer,group=group-4067BFE406B7,id=c8798e02-7f0c-41f7-82c2-a17323bcf21e
2019-09-25 05:06:10,460 [RatisPipelineUtilsThread] INFO  pipeline.PipelineStateManager (PipelineStateManager.java:addPipeline(56)) - Created pipeline Pipeline[ Id: 6acb3a47-2557-425a-a838-4067bfe406b7, Nodes: c8798e02-7f0c-41f7-82c2-a17323bcf21e{ip: 192.168.30.10, host: pr-hdds-1569-s62bp-3040748787, networkLocation: /default-rack, certSerialId: null}, Type:RATIS, Factor:ONE, State:OPEN]
2019-09-25 05:06:10,466 [grpc-default-executor-0] INFO  impl.RaftServerProxy (RaftServerProxy.java:addNew(89)) - de37f7a0-0375-40a9-a318-404478482fcb: addNew group-D63755BA076A:[de37f7a0-0375-40a9-a318-404478482fcb:192.168.30.10:44522] returns group-D63755BA076A:java.util.concurrent.CompletableFuture@304017b5[Not completed]
2019-09-25 05:06:10,467 [pool-57-thread-1] INFO  impl.RaftServerImpl (RaftServerImpl.java:<init>(95)) - de37f7a0-0375-40a9-a318-404478482fcb: new RaftServerImpl for group-D63755BA076A:[de37f7a0-0375-40a9-a318-404478482fcb:192.168.30.10:44522] with ContainerStateMachine:uninitialized
2019-09-25 05:06:10,467 [pool-57-thread-1] INFO  server.RaftServerConfigKeys (ConfUtils.java:logGet(43)) - raft.server.rpc.timeout.min = 5s (custom)
2019-09-25 05:06:10,468 [pool-57-thread-1] INFO  server.RaftServerConfigKeys (ConfUtils.java:logGet(43)) - raft.server.rpc.timeout.max = 5200ms (custom)
2019-09-25 05:06:10,468 [pool-57-thread-1] INFO  server.RaftServerConfigKeys (ConfUtils.java:logGet(43)) - raft.server.rpcslowness.timeout = 120s (custom)
2019-09-25 05:06:10,468 [pool-57-thread-1] INFO  server.RaftServerConfigKeys (ConfUtils.java:logGet(43)) - raft.server.sleep.deviation.threshold = 300 (default)
2019-09-25 05:06:10,468 [pool-57-thread-1] INFO  server.RaftServerConfigKeys (ConfUtils.java:logGet(43)) - raft.server.log.appender.install.snapshot.enabled = false (custom)
2019-09-25 05:06:10,468 [pool-57-thread-1] INFO  impl.RaftServerImpl (ServerState.java:<init>(103)) - de37f7a0-0375-40a9-a318-404478482fcb@group-D63755BA076A: ConfigurationManager, init=-1: [de37f7a0-0375-40a9-a318-404478482fcb:192.168.30.10:44522], old=null, confs=<EMPTY_MAP>
2019-09-25 05:06:10,468 [pool-57-thread-1] INFO  server.RaftServerConfigKeys (ConfUtils.java:logGet(43)) - raft.server.storage.dir = [/workdir/hadoop-ozone/integration-test/target/test-dir/MiniOzoneClusterImpl-23306158-e895-4fc7-80df-ce6c264c388b/datanode-3/data/ratis] (custom)
2019-09-25 05:06:10,469 [pool-57-thread-1] INFO  storage.RaftStorageDirectory (RaftStorageDirectory.java:analyzeStorage(246)) - The storage directory /workdir/hadoop-ozone/integration-test/target/test-dir/MiniOzoneClusterImpl-23306158-e895-4fc7-80df-ce6c264c388b/datanode-3/data/ratis/30f50d32-b1c5-46f2-a661-d63755ba076a does not exist. Creating ...
2019-09-25 05:06:10,482 [pool-57-thread-1] INFO  storage.RaftStorageDirectory (RaftStorageDirectory.java:tryLock(328)) - Lock on /workdir/hadoop-ozone/integration-test/target/test-dir/MiniOzoneClusterImpl-23306158-e895-4fc7-80df-ce6c264c388b/datanode-3/data/ratis/30f50d32-b1c5-46f2-a661-d63755ba076a/in_use.lock acquired by nodename 25526@pr-hdds-1569-s62bp-3040748787
2019-09-25 05:06:10,496 [pool-57-thread-1] INFO  storage.RaftStorage (RaftStorage.java:format(72)) - Storage directory /workdir/hadoop-ozone/integration-test/target/test-dir/MiniOzoneClusterImpl-23306158-e895-4fc7-80df-ce6c264c388b/datanode-3/data/ratis/30f50d32-b1c5-46f2-a661-d63755ba076a has been successfully formatted.
2019-09-25 05:06:10,496 [pool-57-thread-1] INFO  ratis.ContainerStateMachine (ContainerStateMachine.java:loadSnapshot(230)) - group-D63755BA076A: The snapshot info is null. Setting the last applied indexto:(t:0, i:~)
2019-09-25 05:06:10,496 [pool-57-thread-1] INFO  server.RaftServerConfigKeys (ConfUtils.java:logGet(43)) - raft.server.notification.no-leader.timeout = 120s (custom)
2019-09-25 05:06:10,496 [pool-57-thread-1] INFO  server.RaftServerConfigKeys (ConfUtils.java:logGet(43)) - raft.server.log.use.memory = false (default)
2019-09-25 05:06:10,497 [pool-57-thread-1] INFO  server.RaftServerConfigKeys (ConfUtils.java:logGet(43)) - raft.server.log.purge.gap = 1000000 (custom)
2019-09-25 05:06:10,497 [pool-57-thread-1] INFO  server.RaftServerConfigKeys (ConfUtils.java:logGet(43)) - raft.server.log.appender.buffer.byte-limit = 33554432 (custom)
2019-09-25 05:06:10,497 [pool-57-thread-1] INFO  server.RaftServerConfigKeys (ConfUtils.java:logGet(43)) - raft.server.log.segment.size.max = 1048576 (custom)
2019-09-25 05:06:10,497 [pool-57-thread-1] INFO  server.RaftServerConfigKeys (ConfUtils.java:logGet(43)) - raft.server.log.segment.cache.num.max = 2 (custom)
2019-09-25 05:06:10,497 [pool-57-thread-1] INFO  segmented.SegmentedRaftLogWorker (SegmentedRaftLogWorker.java:<init>(172)) - new de37f7a0-0375-40a9-a318-404478482fcb@group-D63755BA076A-SegmentedRaftLogWorker for RaftStorage:Storage Directory /workdir/hadoop-ozone/integration-test/target/test-dir/MiniOzoneClusterImpl-23306158-e895-4fc7-80df-ce6c264c388b/datanode-3/data/ratis/30f50d32-b1c5-46f2-a661-d63755ba076a
2019-09-25 05:06:10,498 [pool-57-thread-1] INFO  server.RaftServerConfigKeys (ConfUtils.java:logGet(43)) - raft.server.log.queue.byte-limit = 2147483647 (custom)
2019-09-25 05:06:10,498 [pool-57-thread-1] INFO  server.RaftServerConfigKeys (ConfUtils.java:logGet(43)) - raft.server.log.queue.element-limit = 1024 (custom)
2019-09-25 05:06:10,498 [pool-57-thread-1] INFO  server.RaftServerConfigKeys (ConfUtils.java:logGet(43)) - raft.server.log.segment.size.max = 1048576 (custom)
2019-09-25 05:06:10,498 [pool-57-thread-1] INFO  server.RaftServerConfigKeys (ConfUtils.java:logGet(43)) - raft.server.log.preallocated.size = 16384 (custom)
2019-09-25 05:06:10,498 [pool-57-thread-1] INFO  server.RaftServerConfigKeys (ConfUtils.java:logGet(43)) - raft.server.log.write.buffer.size = 33554432 (custom)
2019-09-25 05:06:10,498 [pool-57-thread-1] INFO  server.RaftServerConfigKeys (ConfUtils.java:logGet(43)) - raft.server.log.force.sync.num = 128 (default)
2019-09-25 05:06:10,499 [pool-57-thread-1] INFO  server.RaftServerConfigKeys (ConfUtils.java:logGet(43)) - raft.server.log.statemachine.data.sync = true (default)
2019-09-25 05:06:10,499 [pool-57-thread-1] INFO  server.RaftServerConfigKeys (ConfUtils.java:logGet(43)) - raft.server.log.statemachine.data.sync.timeout = 10s (default)
2019-09-25 05:06:10,499 [pool-57-thread-1] INFO  server.RaftServerConfigKeys (ConfUtils.java:logGet(43)) - raft.server.log.statemachine.data.sync.timeout.retry = -1 (default)
2019-09-25 05:06:10,499 [pool-57-thread-1] INFO  server.RaftServerConfigKeys (ConfUtils.java:logGet(43)) - raft.server.log.statemachine.data.caching.enabled = true (custom)
2019-09-25 05:06:10,500 [pool-57-thread-1] INFO  segmented.SegmentedRaftLogWorker (SegmentedRaftLogWorker.java:lambda$new$0(132)) - de37f7a0-0375-40a9-a318-404478482fcb@group-D63755BA076A-SegmentedRaftLogWorker: flushIndex: setUnconditionally 0 -> -1
2019-09-25 05:06:10,500 [pool-57-thread-1] INFO  server.RaftServerConfigKeys (ConfUtils.java:logGet(43)) - raft.server.snapshot.auto.trigger.enabled = true (custom)
2019-09-25 05:06:10,500 [pool-57-thread-1] INFO  server.RaftServerConfigKeys (ConfUtils.java:logGet(43)) - raft.server.snapshot.auto.trigger.threshold = 10000 (custom)
2019-09-25 05:06:10,501 [pool-57-thread-1] INFO  server.RaftServerConfigKeys (ConfUtils.java:logGet(43)) - raft.server.snapshot.retention.num.files = 5 (custom)
2019-09-25 05:06:10,501 [pool-57-thread-1] INFO  server.RaftServerConfigKeys (ConfUtils.java:logGet(43)) - raft.server.retrycache.expirytime = 600000ms (custom)
2019-09-25 05:06:10,504 [pool-57-thread-1] INFO  impl.RaftServerImpl (RaftServerImpl.java:start(185)) - de37f7a0-0375-40a9-a318-404478482fcb@group-D63755BA076A: start as a follower, conf=-1: [de37f7a0-0375-40a9-a318-404478482fcb:192.168.30.10:44522], old=null
2019-09-25 05:06:10,504 [pool-57-thread-1] INFO  impl.RaftServerImpl (RaftServerImpl.java:setRole(174)) - de37f7a0-0375-40a9-a318-404478482fcb@group-D63755BA076A: changes role from      null to FOLLOWER at term 0 for startAsFollower
2019-09-25 05:06:10,504 [pool-57-thread-1] INFO  impl.RoleInfo (RoleInfo.java:updateAndGet(143)) - de37f7a0-0375-40a9-a318-404478482fcb: start FollowerState
2019-09-25 05:06:10,505 [pool-57-thread-1] INFO  util.JmxRegister (JmxRegister.java:tryRegister(44)) - Successfully registered JMX Bean with object name Ratis:service=RaftServer,group=group-D63755BA076A,id=de37f7a0-0375-40a9-a318-404478482fcb
2019-09-25 05:06:10,508 [RatisPipelineUtilsThread] INFO  pipeline.PipelineStateManager (PipelineStateManager.java:addPipeline(56)) - Created pipeline Pipeline[ Id: 30f50d32-b1c5-46f2-a661-d63755ba076a, Nodes: de37f7a0-0375-40a9-a318-404478482fcb{ip: 192.168.30.10, host: pr-hdds-1569-s62bp-3040748787, networkLocation: /default-rack, certSerialId: null}, Type:RATIS, Factor:ONE, State:OPEN]
2019-09-25 05:06:10,514 [grpc-default-executor-0] INFO  impl.RaftServerProxy (RaftServerProxy.java:addNew(89)) - f77bfc29-6991-4b1d-a503-f706c83de4fc: addNew group-2AF180BA5DDD:[f77bfc29-6991-4b1d-a503-f706c83de4fc:192.168.30.10:35112] returns group-2AF180BA5DDD:java.util.concurrent.CompletableFuture@abb3b57[Not completed]
2019-09-25 05:06:10,516 [pool-27-thread-1] INFO  impl.RaftServerImpl (RaftServerImpl.java:<init>(95)) - f77bfc29-6991-4b1d-a503-f706c83de4fc: new RaftServerImpl for group-2AF180BA5DDD:[f77bfc29-6991-4b1d-a503-f706c83de4fc:192.168.30.10:35112] with ContainerStateMachine:uninitialized
2019-09-25 05:06:10,516 [pool-27-thread-1] INFO  server.RaftServerConfigKeys (ConfUtils.java:logGet(43)) - raft.server.rpc.timeout.min = 5s (custom)
2019-09-25 05:06:10,516 [pool-27-thread-1] INFO  server.RaftServerConfigKeys (ConfUtils.java:logGet(43)) - raft.server.rpc.timeout.max = 5200ms (custom)
2019-09-25 05:06:10,516 [pool-27-thread-1] INFO  server.RaftServerConfigKeys (ConfUtils.java:logGet(43)) - raft.server.rpcslowness.timeout = 120s (custom)
2019-09-25 05:06:10,516 [pool-27-thread-1] INFO  server.RaftServerConfigKeys (ConfUtils.java:logGet(43)) - raft.server.sleep.deviation.threshold = 300 (default)
2019-09-25 05:06:10,517 [pool-27-thread-1] INFO  server.RaftServerConfigKeys (ConfUtils.java:logGet(43)) - raft.server.log.appender.install.snapshot.enabled = false (custom)
2019-09-25 05:06:10,517 [pool-27-thread-1] INFO  impl.RaftServerImpl (ServerState.java:<init>(103)) - f77bfc29-6991-4b1d-a503-f706c83de4fc@group-2AF180BA5DDD: ConfigurationManager, init=-1: [f77bfc29-6991-4b1d-a503-f706c83de4fc:192.168.30.10:35112], old=null, confs=<EMPTY_MAP>
2019-09-25 05:06:10,517 [pool-27-thread-1] INFO  server.RaftServerConfigKeys (ConfUtils.java:logGet(43)) - raft.server.storage.dir = [/workdir/hadoop-ozone/integration-test/target/test-dir/MiniOzoneClusterImpl-23306158-e895-4fc7-80df-ce6c264c388b/datanode-0/data/ratis] (custom)
2019-09-25 05:06:10,518 [pool-27-thread-1] INFO  storage.RaftStorageDirectory (RaftStorageDirectory.java:analyzeStorage(246)) - The storage directory /workdir/hadoop-ozone/integration-test/target/test-dir/MiniOzoneClusterImpl-23306158-e895-4fc7-80df-ce6c264c388b/datanode-0/data/ratis/29588c07-c80f-4a76-9e1f-2af180ba5ddd does not exist. Creating ...
2019-09-25 05:06:10,531 [pool-27-thread-1] INFO  storage.RaftStorageDirectory (RaftStorageDirectory.java:tryLock(328)) - Lock on /workdir/hadoop-ozone/integration-test/target/test-dir/MiniOzoneClusterImpl-23306158-e895-4fc7-80df-ce6c264c388b/datanode-0/data/ratis/29588c07-c80f-4a76-9e1f-2af180ba5ddd/in_use.lock acquired by nodename 25526@pr-hdds-1569-s62bp-3040748787
2019-09-25 05:06:10,545 [pool-27-thread-1] INFO  storage.RaftStorage (RaftStorage.java:format(72)) - Storage directory /workdir/hadoop-ozone/integration-test/target/test-dir/MiniOzoneClusterImpl-23306158-e895-4fc7-80df-ce6c264c388b/datanode-0/data/ratis/29588c07-c80f-4a76-9e1f-2af180ba5ddd has been successfully formatted.
2019-09-25 05:06:10,545 [pool-27-thread-1] INFO  ratis.ContainerStateMachine (ContainerStateMachine.java:loadSnapshot(230)) - group-2AF180BA5DDD: The snapshot info is null. Setting the last applied indexto:(t:0, i:~)
2019-09-25 05:06:10,545 [pool-27-thread-1] INFO  server.RaftServerConfigKeys (ConfUtils.java:logGet(43)) - raft.server.notification.no-leader.timeout = 120s (custom)
2019-09-25 05:06:10,545 [pool-27-thread-1] INFO  server.RaftServerConfigKeys (ConfUtils.java:logGet(43)) - raft.server.log.use.memory = false (default)
2019-09-25 05:06:10,546 [pool-27-thread-1] INFO  server.RaftServerConfigKeys (ConfUtils.java:logGet(43)) - raft.server.log.purge.gap = 1000000 (custom)
2019-09-25 05:06:10,546 [pool-27-thread-1] INFO  server.RaftServerConfigKeys (ConfUtils.java:logGet(43)) - raft.server.log.appender.buffer.byte-limit = 33554432 (custom)
2019-09-25 05:06:10,546 [pool-27-thread-1] INFO  server.RaftServerConfigKeys (ConfUtils.java:logGet(43)) - raft.server.log.segment.size.max = 1048576 (custom)
2019-09-25 05:06:10,546 [pool-27-thread-1] INFO  server.RaftServerConfigKeys (ConfUtils.java:logGet(43)) - raft.server.log.segment.cache.num.max = 2 (custom)
2019-09-25 05:06:10,546 [pool-27-thread-1] INFO  segmented.SegmentedRaftLogWorker (SegmentedRaftLogWorker.java:<init>(172)) - new f77bfc29-6991-4b1d-a503-f706c83de4fc@group-2AF180BA5DDD-SegmentedRaftLogWorker for RaftStorage:Storage Directory /workdir/hadoop-ozone/integration-test/target/test-dir/MiniOzoneClusterImpl-23306158-e895-4fc7-80df-ce6c264c388b/datanode-0/data/ratis/29588c07-c80f-4a76-9e1f-2af180ba5ddd
2019-09-25 05:06:10,546 [pool-27-thread-1] INFO  server.RaftServerConfigKeys (ConfUtils.java:logGet(43)) - raft.server.log.queue.byte-limit = 2147483647 (custom)
2019-09-25 05:06:10,547 [pool-27-thread-1] INFO  server.RaftServerConfigKeys (ConfUtils.java:logGet(43)) - raft.server.log.queue.element-limit = 1024 (custom)
2019-09-25 05:06:10,547 [pool-27-thread-1] INFO  server.RaftServerConfigKeys (ConfUtils.java:logGet(43)) - raft.server.log.segment.size.max = 1048576 (custom)
2019-09-25 05:06:10,547 [pool-27-thread-1] INFO  server.RaftServerConfigKeys (ConfUtils.java:logGet(43)) - raft.server.log.preallocated.size = 16384 (custom)
2019-09-25 05:06:10,547 [pool-27-thread-1] INFO  server.RaftServerConfigKeys (ConfUtils.java:logGet(43)) - raft.server.log.write.buffer.size = 33554432 (custom)
2019-09-25 05:06:10,547 [pool-27-thread-1] INFO  server.RaftServerConfigKeys (ConfUtils.java:logGet(43)) - raft.server.log.force.sync.num = 128 (default)
2019-09-25 05:06:10,548 [pool-27-thread-1] INFO  server.RaftServerConfigKeys (ConfUtils.java:logGet(43)) - raft.server.log.statemachine.data.sync = true (default)
2019-09-25 05:06:10,548 [pool-27-thread-1] INFO  server.RaftServerConfigKeys (ConfUtils.java:logGet(43)) - raft.server.log.statemachine.data.sync.timeout = 10s (default)
2019-09-25 05:06:10,548 [pool-27-thread-1] INFO  server.RaftServerConfigKeys (ConfUtils.java:logGet(43)) - raft.server.log.statemachine.data.sync.timeout.retry = -1 (default)
2019-09-25 05:06:10,548 [pool-27-thread-1] INFO  server.RaftServerConfigKeys (ConfUtils.java:logGet(43)) - raft.server.log.statemachine.data.caching.enabled = true (custom)
2019-09-25 05:06:10,549 [pool-27-thread-1] INFO  segmented.SegmentedRaftLogWorker (SegmentedRaftLogWorker.java:lambda$new$0(132)) - f77bfc29-6991-4b1d-a503-f706c83de4fc@group-2AF180BA5DDD-SegmentedRaftLogWorker: flushIndex: setUnconditionally 0 -> -1
2019-09-25 05:06:10,549 [pool-27-thread-1] INFO  server.RaftServerConfigKeys (ConfUtils.java:logGet(43)) - raft.server.snapshot.auto.trigger.enabled = true (custom)
2019-09-25 05:06:10,549 [pool-27-thread-1] INFO  server.RaftServerConfigKeys (ConfUtils.java:logGet(43)) - raft.server.snapshot.auto.trigger.threshold = 10000 (custom)
2019-09-25 05:06:10,549 [pool-27-thread-1] INFO  server.RaftServerConfigKeys (ConfUtils.java:logGet(43)) - raft.server.snapshot.retention.num.files = 5 (custom)
2019-09-25 05:06:10,550 [pool-27-thread-1] INFO  server.RaftServerConfigKeys (ConfUtils.java:logGet(43)) - raft.server.retrycache.expirytime = 600000ms (custom)
2019-09-25 05:06:10,552 [pool-27-thread-1] INFO  impl.RaftServerImpl (RaftServerImpl.java:start(185)) - f77bfc29-6991-4b1d-a503-f706c83de4fc@group-2AF180BA5DDD: start as a follower, conf=-1: [f77bfc29-6991-4b1d-a503-f706c83de4fc:192.168.30.10:35112], old=null
2019-09-25 05:06:10,552 [pool-27-thread-1] INFO  impl.RaftServerImpl (RaftServerImpl.java:setRole(174)) - f77bfc29-6991-4b1d-a503-f706c83de4fc@group-2AF180BA5DDD: changes role from      null to FOLLOWER at term 0 for startAsFollower
2019-09-25 05:06:10,552 [pool-27-thread-1] INFO  impl.RoleInfo (RoleInfo.java:updateAndGet(143)) - f77bfc29-6991-4b1d-a503-f706c83de4fc: start FollowerState
2019-09-25 05:06:10,553 [pool-27-thread-1] INFO  util.JmxRegister (JmxRegister.java:tryRegister(44)) - Successfully registered JMX Bean with object name Ratis:service=RaftServer,group=group-2AF180BA5DDD,id=f77bfc29-6991-4b1d-a503-f706c83de4fc
2019-09-25 05:06:10,556 [RatisPipelineUtilsThread] INFO  pipeline.PipelineStateManager (PipelineStateManager.java:addPipeline(56)) - Created pipeline Pipeline[ Id: 29588c07-c80f-4a76-9e1f-2af180ba5ddd, Nodes: f77bfc29-6991-4b1d-a503-f706c83de4fc{ip: 192.168.30.10, host: pr-hdds-1569-s62bp-3040748787, networkLocation: /default-rack, certSerialId: null}, Type:RATIS, Factor:ONE, State:OPEN]
2019-09-25 05:06:10,562 [grpc-default-executor-0] INFO  impl.RaftServerProxy (RaftServerProxy.java:addNew(89)) - 692224c4-5202-4921-98cc-04d5c60c79cc: addNew group-3858593256A9:[692224c4-5202-4921-98cc-04d5c60c79cc:192.168.30.10:38144] returns group-3858593256A9:java.util.concurrent.CompletableFuture@d14fc49[Not completed]
2019-09-25 05:06:10,564 [pool-67-thread-1] INFO  impl.RaftServerImpl (RaftServerImpl.java:<init>(95)) - 692224c4-5202-4921-98cc-04d5c60c79cc: new RaftServerImpl for group-3858593256A9:[692224c4-5202-4921-98cc-04d5c60c79cc:192.168.30.10:38144] with ContainerStateMachine:uninitialized
2019-09-25 05:06:10,564 [pool-67-thread-1] INFO  server.RaftServerConfigKeys (ConfUtils.java:logGet(43)) - raft.server.rpc.timeout.min = 5s (custom)
2019-09-25 05:06:10,564 [pool-67-thread-1] INFO  server.RaftServerConfigKeys (ConfUtils.java:logGet(43)) - raft.server.rpc.timeout.max = 5200ms (custom)
2019-09-25 05:06:10,564 [pool-67-thread-1] INFO  server.RaftServerConfigKeys (ConfUtils.java:logGet(43)) - raft.server.rpcslowness.timeout = 120s (custom)
2019-09-25 05:06:10,565 [pool-67-thread-1] INFO  server.RaftServerConfigKeys (ConfUtils.java:logGet(43)) - raft.server.sleep.deviation.threshold = 300 (default)
2019-09-25 05:06:10,565 [pool-67-thread-1] INFO  server.RaftServerConfigKeys (ConfUtils.java:logGet(43)) - raft.server.log.appender.install.snapshot.enabled = false (custom)
2019-09-25 05:06:10,565 [pool-67-thread-1] INFO  impl.RaftServerImpl (ServerState.java:<init>(103)) - 692224c4-5202-4921-98cc-04d5c60c79cc@group-3858593256A9: ConfigurationManager, init=-1: [692224c4-5202-4921-98cc-04d5c60c79cc:192.168.30.10:38144], old=null, confs=<EMPTY_MAP>
2019-09-25 05:06:10,565 [pool-67-thread-1] INFO  server.RaftServerConfigKeys (ConfUtils.java:logGet(43)) - raft.server.storage.dir = [/workdir/hadoop-ozone/integration-test/target/test-dir/MiniOzoneClusterImpl-23306158-e895-4fc7-80df-ce6c264c388b/datanode-4/data/ratis] (custom)
2019-09-25 05:06:10,566 [pool-67-thread-1] INFO  storage.RaftStorageDirectory (RaftStorageDirectory.java:analyzeStorage(246)) - The storage directory /workdir/hadoop-ozone/integration-test/target/test-dir/MiniOzoneClusterImpl-23306158-e895-4fc7-80df-ce6c264c388b/datanode-4/data/ratis/3283d671-852d-4b33-8cac-3858593256a9 does not exist. Creating ...
2019-09-25 05:06:10,579 [pool-67-thread-1] INFO  storage.RaftStorageDirectory (RaftStorageDirectory.java:tryLock(328)) - Lock on /workdir/hadoop-ozone/integration-test/target/test-dir/MiniOzoneClusterImpl-23306158-e895-4fc7-80df-ce6c264c388b/datanode-4/data/ratis/3283d671-852d-4b33-8cac-3858593256a9/in_use.lock acquired by nodename 25526@pr-hdds-1569-s62bp-3040748787
2019-09-25 05:06:10,601 [pool-67-thread-1] INFO  storage.RaftStorage (RaftStorage.java:format(72)) - Storage directory /workdir/hadoop-ozone/integration-test/target/test-dir/MiniOzoneClusterImpl-23306158-e895-4fc7-80df-ce6c264c388b/datanode-4/data/ratis/3283d671-852d-4b33-8cac-3858593256a9 has been successfully formatted.
2019-09-25 05:06:10,601 [pool-67-thread-1] INFO  ratis.ContainerStateMachine (ContainerStateMachine.java:loadSnapshot(230)) - group-3858593256A9: The snapshot info is null. Setting the last applied indexto:(t:0, i:~)
2019-09-25 05:06:10,601 [pool-67-thread-1] INFO  server.RaftServerConfigKeys (ConfUtils.java:logGet(43)) - raft.server.notification.no-leader.timeout = 120s (custom)
2019-09-25 05:06:10,602 [pool-67-thread-1] INFO  server.RaftServerConfigKeys (ConfUtils.java:logGet(43)) - raft.server.log.use.memory = false (default)
2019-09-25 05:06:10,602 [pool-67-thread-1] INFO  server.RaftServerConfigKeys (ConfUtils.java:logGet(43)) - raft.server.log.purge.gap = 1000000 (custom)
2019-09-25 05:06:10,602 [pool-67-thread-1] INFO  server.RaftServerConfigKeys (ConfUtils.java:logGet(43)) - raft.server.log.appender.buffer.byte-limit = 33554432 (custom)
2019-09-25 05:06:10,602 [pool-67-thread-1] INFO  server.RaftServerConfigKeys (ConfUtils.java:logGet(43)) - raft.server.log.segment.size.max = 1048576 (custom)
2019-09-25 05:06:10,602 [pool-67-thread-1] INFO  server.RaftServerConfigKeys (ConfUtils.java:logGet(43)) - raft.server.log.segment.cache.num.max = 2 (custom)
2019-09-25 05:06:10,603 [pool-67-thread-1] INFO  segmented.SegmentedRaftLogWorker (SegmentedRaftLogWorker.java:<init>(172)) - new 692224c4-5202-4921-98cc-04d5c60c79cc@group-3858593256A9-SegmentedRaftLogWorker for RaftStorage:Storage Directory /workdir/hadoop-ozone/integration-test/target/test-dir/MiniOzoneClusterImpl-23306158-e895-4fc7-80df-ce6c264c388b/datanode-4/data/ratis/3283d671-852d-4b33-8cac-3858593256a9
2019-09-25 05:06:10,603 [pool-67-thread-1] INFO  server.RaftServerConfigKeys (ConfUtils.java:logGet(43)) - raft.server.log.queue.byte-limit = 2147483647 (custom)
2019-09-25 05:06:10,603 [pool-67-thread-1] INFO  server.RaftServerConfigKeys (ConfUtils.java:logGet(43)) - raft.server.log.queue.element-limit = 1024 (custom)
2019-09-25 05:06:10,603 [pool-67-thread-1] INFO  server.RaftServerConfigKeys (ConfUtils.java:logGet(43)) - raft.server.log.segment.size.max = 1048576 (custom)
2019-09-25 05:06:10,603 [pool-67-thread-1] INFO  server.RaftServerConfigKeys (ConfUtils.java:logGet(43)) - raft.server.log.preallocated.size = 16384 (custom)
2019-09-25 05:06:10,603 [pool-67-thread-1] INFO  server.RaftServerConfigKeys (ConfUtils.java:logGet(43)) - raft.server.log.write.buffer.size = 33554432 (custom)
2019-09-25 05:06:10,604 [pool-67-thread-1] INFO  server.RaftServerConfigKeys (ConfUtils.java:logGet(43)) - raft.server.log.force.sync.num = 128 (default)
2019-09-25 05:06:10,604 [pool-67-thread-1] INFO  server.RaftServerConfigKeys (ConfUtils.java:logGet(43)) - raft.server.log.statemachine.data.sync = true (default)
2019-09-25 05:06:10,604 [pool-67-thread-1] INFO  server.RaftServerConfigKeys (ConfUtils.java:logGet(43)) - raft.server.log.statemachine.data.sync.timeout = 10s (default)
2019-09-25 05:06:10,604 [pool-67-thread-1] INFO  server.RaftServerConfigKeys (ConfUtils.java:logGet(43)) - raft.server.log.statemachine.data.sync.timeout.retry = -1 (default)
2019-09-25 05:06:10,604 [pool-67-thread-1] INFO  server.RaftServerConfigKeys (ConfUtils.java:logGet(43)) - raft.server.log.statemachine.data.caching.enabled = true (custom)
2019-09-25 05:06:10,605 [pool-67-thread-1] INFO  segmented.SegmentedRaftLogWorker (SegmentedRaftLogWorker.java:lambda$new$0(132)) - 692224c4-5202-4921-98cc-04d5c60c79cc@group-3858593256A9-SegmentedRaftLogWorker: flushIndex: setUnconditionally 0 -> -1
2019-09-25 05:06:10,605 [pool-67-thread-1] INFO  server.RaftServerConfigKeys (ConfUtils.java:logGet(43)) - raft.server.snapshot.auto.trigger.enabled = true (custom)
2019-09-25 05:06:10,605 [pool-67-thread-1] INFO  server.RaftServerConfigKeys (ConfUtils.java:logGet(43)) - raft.server.snapshot.auto.trigger.threshold = 10000 (custom)
2019-09-25 05:06:10,605 [pool-67-thread-1] INFO  server.RaftServerConfigKeys (ConfUtils.java:logGet(43)) - raft.server.snapshot.retention.num.files = 5 (custom)
2019-09-25 05:06:10,606 [pool-67-thread-1] INFO  server.RaftServerConfigKeys (ConfUtils.java:logGet(43)) - raft.server.retrycache.expirytime = 600000ms (custom)
2019-09-25 05:06:10,609 [pool-67-thread-1] INFO  impl.RaftServerImpl (RaftServerImpl.java:start(185)) - 692224c4-5202-4921-98cc-04d5c60c79cc@group-3858593256A9: start as a follower, conf=-1: [692224c4-5202-4921-98cc-04d5c60c79cc:192.168.30.10:38144], old=null
2019-09-25 05:06:10,610 [pool-67-thread-1] INFO  impl.RaftServerImpl (RaftServerImpl.java:setRole(174)) - 692224c4-5202-4921-98cc-04d5c60c79cc@group-3858593256A9: changes role from      null to FOLLOWER at term 0 for startAsFollower
2019-09-25 05:06:10,610 [pool-67-thread-1] INFO  impl.RoleInfo (RoleInfo.java:updateAndGet(143)) - 692224c4-5202-4921-98cc-04d5c60c79cc: start FollowerState
2019-09-25 05:06:10,610 [pool-67-thread-1] INFO  util.JmxRegister (JmxRegister.java:tryRegister(44)) - Successfully registered JMX Bean with object name Ratis:service=RaftServer,group=group-3858593256A9,id=692224c4-5202-4921-98cc-04d5c60c79cc
2019-09-25 05:06:10,614 [RatisPipelineUtilsThread] INFO  pipeline.PipelineStateManager (PipelineStateManager.java:addPipeline(56)) - Created pipeline Pipeline[ Id: 3283d671-852d-4b33-8cac-3858593256a9, Nodes: 692224c4-5202-4921-98cc-04d5c60c79cc{ip: 192.168.30.10, host: pr-hdds-1569-s62bp-3040748787, networkLocation: /default-rack, certSerialId: null}, Type:RATIS, Factor:ONE, State:OPEN]
2019-09-25 05:06:10,622 [grpc-default-executor-0] INFO  impl.RaftServerProxy (RaftServerProxy.java:addNew(89)) - 56396258-65a3-478c-9482-0be0199dd49c: addNew group-1FF669CBC6AD:[56396258-65a3-478c-9482-0be0199dd49c:192.168.30.10:41678] returns group-1FF669CBC6AD:java.util.concurrent.CompletableFuture@3b7f67ff[Not completed]
2019-09-25 05:06:10,623 [pool-87-thread-1] INFO  impl.RaftServerImpl (RaftServerImpl.java:<init>(95)) - 56396258-65a3-478c-9482-0be0199dd49c: new RaftServerImpl for group-1FF669CBC6AD:[56396258-65a3-478c-9482-0be0199dd49c:192.168.30.10:41678] with ContainerStateMachine:uninitialized
2019-09-25 05:06:10,623 [pool-87-thread-1] INFO  server.RaftServerConfigKeys (ConfUtils.java:logGet(43)) - raft.server.rpc.timeout.min = 5s (custom)
2019-09-25 05:06:10,624 [pool-87-thread-1] INFO  server.RaftServerConfigKeys (ConfUtils.java:logGet(43)) - raft.server.rpc.timeout.max = 5200ms (custom)
2019-09-25 05:06:10,624 [pool-87-thread-1] INFO  server.RaftServerConfigKeys (ConfUtils.java:logGet(43)) - raft.server.rpcslowness.timeout = 120s (custom)
2019-09-25 05:06:10,624 [pool-87-thread-1] INFO  server.RaftServerConfigKeys (ConfUtils.java:logGet(43)) - raft.server.sleep.deviation.threshold = 300 (default)
2019-09-25 05:06:10,624 [pool-87-thread-1] INFO  server.RaftServerConfigKeys (ConfUtils.java:logGet(43)) - raft.server.log.appender.install.snapshot.enabled = false (custom)
2019-09-25 05:06:10,624 [pool-87-thread-1] INFO  impl.RaftServerImpl (ServerState.java:<init>(103)) - 56396258-65a3-478c-9482-0be0199dd49c@group-1FF669CBC6AD: ConfigurationManager, init=-1: [56396258-65a3-478c-9482-0be0199dd49c:192.168.30.10:41678], old=null, confs=<EMPTY_MAP>
2019-09-25 05:06:10,624 [pool-87-thread-1] INFO  server.RaftServerConfigKeys (ConfUtils.java:logGet(43)) - raft.server.storage.dir = [/workdir/hadoop-ozone/integration-test/target/test-dir/MiniOzoneClusterImpl-23306158-e895-4fc7-80df-ce6c264c388b/datanode-6/data/ratis] (custom)
2019-09-25 05:06:10,625 [pool-87-thread-1] INFO  storage.RaftStorageDirectory (RaftStorageDirectory.java:analyzeStorage(246)) - The storage directory /workdir/hadoop-ozone/integration-test/target/test-dir/MiniOzoneClusterImpl-23306158-e895-4fc7-80df-ce6c264c388b/datanode-6/data/ratis/32da970e-2d61-4bc9-aaae-1ff669cbc6ad does not exist. Creating ...
2019-09-25 05:06:10,639 [pool-87-thread-1] INFO  storage.RaftStorageDirectory (RaftStorageDirectory.java:tryLock(328)) - Lock on /workdir/hadoop-ozone/integration-test/target/test-dir/MiniOzoneClusterImpl-23306158-e895-4fc7-80df-ce6c264c388b/datanode-6/data/ratis/32da970e-2d61-4bc9-aaae-1ff669cbc6ad/in_use.lock acquired by nodename 25526@pr-hdds-1569-s62bp-3040748787
2019-09-25 05:06:10,652 [pool-87-thread-1] INFO  storage.RaftStorage (RaftStorage.java:format(72)) - Storage directory /workdir/hadoop-ozone/integration-test/target/test-dir/MiniOzoneClusterImpl-23306158-e895-4fc7-80df-ce6c264c388b/datanode-6/data/ratis/32da970e-2d61-4bc9-aaae-1ff669cbc6ad has been successfully formatted.
2019-09-25 05:06:10,653 [pool-87-thread-1] INFO  ratis.ContainerStateMachine (ContainerStateMachine.java:loadSnapshot(230)) - group-1FF669CBC6AD: The snapshot info is null. Setting the last applied indexto:(t:0, i:~)
2019-09-25 05:06:10,653 [pool-87-thread-1] INFO  server.RaftServerConfigKeys (ConfUtils.java:logGet(43)) - raft.server.notification.no-leader.timeout = 120s (custom)
2019-09-25 05:06:10,653 [pool-87-thread-1] INFO  server.RaftServerConfigKeys (ConfUtils.java:logGet(43)) - raft.server.log.use.memory = false (default)
2019-09-25 05:06:10,654 [pool-87-thread-1] INFO  server.RaftServerConfigKeys (ConfUtils.java:logGet(43)) - raft.server.log.purge.gap = 1000000 (custom)
2019-09-25 05:06:10,654 [pool-87-thread-1] INFO  server.RaftServerConfigKeys (ConfUtils.java:logGet(43)) - raft.server.log.appender.buffer.byte-limit = 33554432 (custom)
2019-09-25 05:06:10,654 [pool-87-thread-1] INFO  server.RaftServerConfigKeys (ConfUtils.java:logGet(43)) - raft.server.log.segment.size.max = 1048576 (custom)
2019-09-25 05:06:10,654 [pool-87-thread-1] INFO  server.RaftServerConfigKeys (ConfUtils.java:logGet(43)) - raft.server.log.segment.cache.num.max = 2 (custom)
2019-09-25 05:06:10,654 [pool-87-thread-1] INFO  segmented.SegmentedRaftLogWorker (SegmentedRaftLogWorker.java:<init>(172)) - new 56396258-65a3-478c-9482-0be0199dd49c@group-1FF669CBC6AD-SegmentedRaftLogWorker for RaftStorage:Storage Directory /workdir/hadoop-ozone/integration-test/target/test-dir/MiniOzoneClusterImpl-23306158-e895-4fc7-80df-ce6c264c388b/datanode-6/data/ratis/32da970e-2d61-4bc9-aaae-1ff669cbc6ad
2019-09-25 05:06:10,654 [pool-87-thread-1] INFO  server.RaftServerConfigKeys (ConfUtils.java:logGet(43)) - raft.server.log.queue.byte-limit = 2147483647 (custom)
2019-09-25 05:06:10,655 [pool-87-thread-1] INFO  server.RaftServerConfigKeys (ConfUtils.java:logGet(43)) - raft.server.log.queue.element-limit = 1024 (custom)
2019-09-25 05:06:10,655 [pool-87-thread-1] INFO  server.RaftServerConfigKeys (ConfUtils.java:logGet(43)) - raft.server.log.segment.size.max = 1048576 (custom)
2019-09-25 05:06:10,655 [pool-87-thread-1] INFO  server.RaftServerConfigKeys (ConfUtils.java:logGet(43)) - raft.server.log.preallocated.size = 16384 (custom)
2019-09-25 05:06:10,655 [pool-87-thread-1] INFO  server.RaftServerConfigKeys (ConfUtils.java:logGet(43)) - raft.server.log.write.buffer.size = 33554432 (custom)
2019-09-25 05:06:10,655 [pool-87-thread-1] INFO  server.RaftServerConfigKeys (ConfUtils.java:logGet(43)) - raft.server.log.force.sync.num = 128 (default)
2019-09-25 05:06:10,655 [pool-87-thread-1] INFO  server.RaftServerConfigKeys (ConfUtils.java:logGet(43)) - raft.server.log.statemachine.data.sync = true (default)
2019-09-25 05:06:10,656 [pool-87-thread-1] INFO  server.RaftServerConfigKeys (ConfUtils.java:logGet(43)) - raft.server.log.statemachine.data.sync.timeout = 10s (default)
2019-09-25 05:06:10,656 [pool-87-thread-1] INFO  server.RaftServerConfigKeys (ConfUtils.java:logGet(43)) - raft.server.log.statemachine.data.sync.timeout.retry = -1 (default)
2019-09-25 05:06:10,656 [pool-87-thread-1] INFO  server.RaftServerConfigKeys (ConfUtils.java:logGet(43)) - raft.server.log.statemachine.data.caching.enabled = true (custom)
2019-09-25 05:06:10,656 [pool-87-thread-1] INFO  segmented.SegmentedRaftLogWorker (SegmentedRaftLogWorker.java:lambda$new$0(132)) - 56396258-65a3-478c-9482-0be0199dd49c@group-1FF669CBC6AD-SegmentedRaftLogWorker: flushIndex: setUnconditionally 0 -> -1
2019-09-25 05:06:10,657 [pool-87-thread-1] INFO  server.RaftServerConfigKeys (ConfUtils.java:logGet(43)) - raft.server.snapshot.auto.trigger.enabled = true (custom)
2019-09-25 05:06:10,657 [pool-87-thread-1] INFO  server.RaftServerConfigKeys (ConfUtils.java:logGet(43)) - raft.server.snapshot.auto.trigger.threshold = 10000 (custom)
2019-09-25 05:06:10,657 [pool-87-thread-1] INFO  server.RaftServerConfigKeys (ConfUtils.java:logGet(43)) - raft.server.snapshot.retention.num.files = 5 (custom)
2019-09-25 05:06:10,657 [pool-87-thread-1] INFO  server.RaftServerConfigKeys (ConfUtils.java:logGet(43)) - raft.server.retrycache.expirytime = 600000ms (custom)
2019-09-25 05:06:10,660 [pool-87-thread-1] INFO  impl.RaftServerImpl (RaftServerImpl.java:start(185)) - 56396258-65a3-478c-9482-0be0199dd49c@group-1FF669CBC6AD: start as a follower, conf=-1: [56396258-65a3-478c-9482-0be0199dd49c:192.168.30.10:41678], old=null
2019-09-25 05:06:10,660 [pool-87-thread-1] INFO  impl.RaftServerImpl (RaftServerImpl.java:setRole(174)) - 56396258-65a3-478c-9482-0be0199dd49c@group-1FF669CBC6AD: changes role from      null to FOLLOWER at term 0 for startAsFollower
2019-09-25 05:06:10,660 [pool-87-thread-1] INFO  impl.RoleInfo (RoleInfo.java:updateAndGet(143)) - 56396258-65a3-478c-9482-0be0199dd49c: start FollowerState
2019-09-25 05:06:10,661 [pool-87-thread-1] INFO  util.JmxRegister (JmxRegister.java:tryRegister(44)) - Successfully registered JMX Bean with object name Ratis:service=RaftServer,group=group-1FF669CBC6AD,id=56396258-65a3-478c-9482-0be0199dd49c
2019-09-25 05:06:10,664 [RatisPipelineUtilsThread] INFO  pipeline.PipelineStateManager (PipelineStateManager.java:addPipeline(56)) - Created pipeline Pipeline[ Id: 32da970e-2d61-4bc9-aaae-1ff669cbc6ad, Nodes: 56396258-65a3-478c-9482-0be0199dd49c{ip: 192.168.30.10, host: pr-hdds-1569-s62bp-3040748787, networkLocation: /default-rack, certSerialId: null}, Type:RATIS, Factor:ONE, State:OPEN]
2019-09-25 05:06:10,671 [grpc-default-executor-0] INFO  impl.RaftServerProxy (RaftServerProxy.java:addNew(89)) - f77bfc29-6991-4b1d-a503-f706c83de4fc: addNew group-B29604E7736B:[f77bfc29-6991-4b1d-a503-f706c83de4fc:192.168.30.10:35112] returns group-B29604E7736B:java.util.concurrent.CompletableFuture@61c5549f[Not completed]
2019-09-25 05:06:10,672 [pool-27-thread-1] INFO  impl.RaftServerImpl (RaftServerImpl.java:<init>(95)) - f77bfc29-6991-4b1d-a503-f706c83de4fc: new RaftServerImpl for group-B29604E7736B:[f77bfc29-6991-4b1d-a503-f706c83de4fc:192.168.30.10:35112] with ContainerStateMachine:uninitialized
2019-09-25 05:06:10,672 [pool-27-thread-1] INFO  server.RaftServerConfigKeys (ConfUtils.java:logGet(43)) - raft.server.rpc.timeout.min = 5s (custom)
2019-09-25 05:06:10,673 [pool-27-thread-1] INFO  server.RaftServerConfigKeys (ConfUtils.java:logGet(43)) - raft.server.rpc.timeout.max = 5200ms (custom)
2019-09-25 05:06:10,673 [pool-27-thread-1] INFO  server.RaftServerConfigKeys (ConfUtils.java:logGet(43)) - raft.server.rpcslowness.timeout = 120s (custom)
2019-09-25 05:06:10,673 [pool-27-thread-1] INFO  server.RaftServerConfigKeys (ConfUtils.java:logGet(43)) - raft.server.sleep.deviation.threshold = 300 (default)
2019-09-25 05:06:10,673 [pool-27-thread-1] INFO  server.RaftServerConfigKeys (ConfUtils.java:logGet(43)) - raft.server.log.appender.install.snapshot.enabled = false (custom)
2019-09-25 05:06:10,673 [pool-27-thread-1] INFO  impl.RaftServerImpl (ServerState.java:<init>(103)) - f77bfc29-6991-4b1d-a503-f706c83de4fc@group-B29604E7736B: ConfigurationManager, init=-1: [f77bfc29-6991-4b1d-a503-f706c83de4fc:192.168.30.10:35112], old=null, confs=<EMPTY_MAP>
2019-09-25 05:06:10,673 [pool-27-thread-1] INFO  server.RaftServerConfigKeys (ConfUtils.java:logGet(43)) - raft.server.storage.dir = [/workdir/hadoop-ozone/integration-test/target/test-dir/MiniOzoneClusterImpl-23306158-e895-4fc7-80df-ce6c264c388b/datanode-0/data/ratis] (custom)
2019-09-25 05:06:10,674 [pool-27-thread-1] INFO  storage.RaftStorageDirectory (RaftStorageDirectory.java:analyzeStorage(246)) - The storage directory /workdir/hadoop-ozone/integration-test/target/test-dir/MiniOzoneClusterImpl-23306158-e895-4fc7-80df-ce6c264c388b/datanode-0/data/ratis/4925ae78-791a-4372-9bd6-b29604e7736b does not exist. Creating ...
2019-09-25 05:06:10,688 [pool-27-thread-1] INFO  storage.RaftStorageDirectory (RaftStorageDirectory.java:tryLock(328)) - Lock on /workdir/hadoop-ozone/integration-test/target/test-dir/MiniOzoneClusterImpl-23306158-e895-4fc7-80df-ce6c264c388b/datanode-0/data/ratis/4925ae78-791a-4372-9bd6-b29604e7736b/in_use.lock acquired by nodename 25526@pr-hdds-1569-s62bp-3040748787
2019-09-25 05:06:10,701 [pool-27-thread-1] INFO  storage.RaftStorage (RaftStorage.java:format(72)) - Storage directory /workdir/hadoop-ozone/integration-test/target/test-dir/MiniOzoneClusterImpl-23306158-e895-4fc7-80df-ce6c264c388b/datanode-0/data/ratis/4925ae78-791a-4372-9bd6-b29604e7736b has been successfully formatted.
2019-09-25 05:06:10,701 [pool-27-thread-1] INFO  ratis.ContainerStateMachine (ContainerStateMachine.java:loadSnapshot(230)) - group-B29604E7736B: The snapshot info is null. Setting the last applied indexto:(t:0, i:~)
2019-09-25 05:06:10,701 [pool-27-thread-1] INFO  server.RaftServerConfigKeys (ConfUtils.java:logGet(43)) - raft.server.notification.no-leader.timeout = 120s (custom)
2019-09-25 05:06:10,701 [pool-27-thread-1] INFO  server.RaftServerConfigKeys (ConfUtils.java:logGet(43)) - raft.server.log.use.memory = false (default)
2019-09-25 05:06:10,701 [pool-27-thread-1] INFO  server.RaftServerConfigKeys (ConfUtils.java:logGet(43)) - raft.server.log.purge.gap = 1000000 (custom)
2019-09-25 05:06:10,702 [pool-27-thread-1] INFO  server.RaftServerConfigKeys (ConfUtils.java:logGet(43)) - raft.server.log.appender.buffer.byte-limit = 33554432 (custom)
2019-09-25 05:06:10,702 [pool-27-thread-1] INFO  server.RaftServerConfigKeys (ConfUtils.java:logGet(43)) - raft.server.log.segment.size.max = 1048576 (custom)
2019-09-25 05:06:10,702 [pool-27-thread-1] INFO  server.RaftServerConfigKeys (ConfUtils.java:logGet(43)) - raft.server.log.segment.cache.num.max = 2 (custom)
2019-09-25 05:06:10,702 [pool-27-thread-1] INFO  segmented.SegmentedRaftLogWorker (SegmentedRaftLogWorker.java:<init>(172)) - new f77bfc29-6991-4b1d-a503-f706c83de4fc@group-B29604E7736B-SegmentedRaftLogWorker for RaftStorage:Storage Directory /workdir/hadoop-ozone/integration-test/target/test-dir/MiniOzoneClusterImpl-23306158-e895-4fc7-80df-ce6c264c388b/datanode-0/data/ratis/4925ae78-791a-4372-9bd6-b29604e7736b
2019-09-25 05:06:10,702 [pool-27-thread-1] INFO  server.RaftServerConfigKeys (ConfUtils.java:logGet(43)) - raft.server.log.queue.byte-limit = 2147483647 (custom)
2019-09-25 05:06:10,702 [pool-27-thread-1] INFO  server.RaftServerConfigKeys (ConfUtils.java:logGet(43)) - raft.server.log.queue.element-limit = 1024 (custom)
2019-09-25 05:06:10,702 [pool-27-thread-1] INFO  server.RaftServerConfigKeys (ConfUtils.java:logGet(43)) - raft.server.log.segment.size.max = 1048576 (custom)
2019-09-25 05:06:10,703 [pool-27-thread-1] INFO  server.RaftServerConfigKeys (ConfUtils.java:logGet(43)) - raft.server.log.preallocated.size = 16384 (custom)
2019-09-25 05:06:10,703 [pool-27-thread-1] INFO  server.RaftServerConfigKeys (ConfUtils.java:logGet(43)) - raft.server.log.write.buffer.size = 33554432 (custom)
2019-09-25 05:06:10,703 [pool-27-thread-1] INFO  server.RaftServerConfigKeys (ConfUtils.java:logGet(43)) - raft.server.log.force.sync.num = 128 (default)
2019-09-25 05:06:10,703 [pool-27-thread-1] INFO  server.RaftServerConfigKeys (ConfUtils.java:logGet(43)) - raft.server.log.statemachine.data.sync = true (default)
2019-09-25 05:06:10,703 [pool-27-thread-1] INFO  server.RaftServerConfigKeys (ConfUtils.java:logGet(43)) - raft.server.log.statemachine.data.sync.timeout = 10s (default)
2019-09-25 05:06:10,703 [pool-27-thread-1] INFO  server.RaftServerConfigKeys (ConfUtils.java:logGet(43)) - raft.server.log.statemachine.data.sync.timeout.retry = -1 (default)
2019-09-25 05:06:10,704 [pool-27-thread-1] INFO  server.RaftServerConfigKeys (ConfUtils.java:logGet(43)) - raft.server.log.statemachine.data.caching.enabled = true (custom)
2019-09-25 05:06:10,704 [pool-27-thread-1] INFO  segmented.SegmentedRaftLogWorker (SegmentedRaftLogWorker.java:lambda$new$0(132)) - f77bfc29-6991-4b1d-a503-f706c83de4fc@group-B29604E7736B-SegmentedRaftLogWorker: flushIndex: setUnconditionally 0 -> -1
2019-09-25 05:06:10,704 [pool-27-thread-1] INFO  server.RaftServerConfigKeys (ConfUtils.java:logGet(43)) - raft.server.snapshot.auto.trigger.enabled = true (custom)
2019-09-25 05:06:10,704 [pool-27-thread-1] INFO  server.RaftServerConfigKeys (ConfUtils.java:logGet(43)) - raft.server.snapshot.auto.trigger.threshold = 10000 (custom)
2019-09-25 05:06:10,705 [pool-27-thread-1] INFO  server.RaftServerConfigKeys (ConfUtils.java:logGet(43)) - raft.server.snapshot.retention.num.files = 5 (custom)
2019-09-25 05:06:10,705 [pool-27-thread-1] INFO  server.RaftServerConfigKeys (ConfUtils.java:logGet(43)) - raft.server.retrycache.expirytime = 600000ms (custom)
2019-09-25 05:06:10,707 [pool-27-thread-1] INFO  impl.RaftServerImpl (RaftServerImpl.java:start(185)) - f77bfc29-6991-4b1d-a503-f706c83de4fc@group-B29604E7736B: start as a follower, conf=-1: [f77bfc29-6991-4b1d-a503-f706c83de4fc:192.168.30.10:35112], old=null
2019-09-25 05:06:10,707 [pool-27-thread-1] INFO  impl.RaftServerImpl (RaftServerImpl.java:setRole(174)) - f77bfc29-6991-4b1d-a503-f706c83de4fc@group-B29604E7736B: changes role from      null to FOLLOWER at term 0 for startAsFollower
2019-09-25 05:06:10,708 [pool-27-thread-1] INFO  impl.RoleInfo (RoleInfo.java:updateAndGet(143)) - f77bfc29-6991-4b1d-a503-f706c83de4fc: start FollowerState
2019-09-25 05:06:10,708 [pool-27-thread-1] INFO  util.JmxRegister (JmxRegister.java:tryRegister(44)) - Successfully registered JMX Bean with object name Ratis:service=RaftServer,group=group-B29604E7736B,id=f77bfc29-6991-4b1d-a503-f706c83de4fc
2019-09-25 05:06:10,711 [RatisPipelineUtilsThread] INFO  pipeline.PipelineStateManager (PipelineStateManager.java:addPipeline(56)) - Created pipeline Pipeline[ Id: 4925ae78-791a-4372-9bd6-b29604e7736b, Nodes: f77bfc29-6991-4b1d-a503-f706c83de4fc{ip: 192.168.30.10, host: pr-hdds-1569-s62bp-3040748787, networkLocation: /default-rack, certSerialId: null}, Type:RATIS, Factor:ONE, State:OPEN]
2019-09-25 05:06:10,717 [grpc-default-executor-0] INFO  impl.RaftServerProxy (RaftServerProxy.java:addNew(89)) - de37f7a0-0375-40a9-a318-404478482fcb: addNew group-DA833B40C239:[de37f7a0-0375-40a9-a318-404478482fcb:192.168.30.10:44522] returns group-DA833B40C239:java.util.concurrent.CompletableFuture@25cd9f54[Not completed]
2019-09-25 05:06:10,719 [pool-57-thread-1] INFO  impl.RaftServerImpl (RaftServerImpl.java:<init>(95)) - de37f7a0-0375-40a9-a318-404478482fcb: new RaftServerImpl for group-DA833B40C239:[de37f7a0-0375-40a9-a318-404478482fcb:192.168.30.10:44522] with ContainerStateMachine:uninitialized
2019-09-25 05:06:10,719 [pool-57-thread-1] INFO  server.RaftServerConfigKeys (ConfUtils.java:logGet(43)) - raft.server.rpc.timeout.min = 5s (custom)
2019-09-25 05:06:10,719 [pool-57-thread-1] INFO  server.RaftServerConfigKeys (ConfUtils.java:logGet(43)) - raft.server.rpc.timeout.max = 5200ms (custom)
2019-09-25 05:06:10,719 [pool-57-thread-1] INFO  server.RaftServerConfigKeys (ConfUtils.java:logGet(43)) - raft.server.rpcslowness.timeout = 120s (custom)
2019-09-25 05:06:10,719 [pool-57-thread-1] INFO  server.RaftServerConfigKeys (ConfUtils.java:logGet(43)) - raft.server.sleep.deviation.threshold = 300 (default)
2019-09-25 05:06:10,719 [pool-57-thread-1] INFO  server.RaftServerConfigKeys (ConfUtils.java:logGet(43)) - raft.server.log.appender.install.snapshot.enabled = false (custom)
2019-09-25 05:06:10,720 [pool-57-thread-1] INFO  impl.RaftServerImpl (ServerState.java:<init>(103)) - de37f7a0-0375-40a9-a318-404478482fcb@group-DA833B40C239: ConfigurationManager, init=-1: [de37f7a0-0375-40a9-a318-404478482fcb:192.168.30.10:44522], old=null, confs=<EMPTY_MAP>
2019-09-25 05:06:10,720 [pool-57-thread-1] INFO  server.RaftServerConfigKeys (ConfUtils.java:logGet(43)) - raft.server.storage.dir = [/workdir/hadoop-ozone/integration-test/target/test-dir/MiniOzoneClusterImpl-23306158-e895-4fc7-80df-ce6c264c388b/datanode-3/data/ratis] (custom)
2019-09-25 05:06:10,720 [pool-57-thread-1] INFO  storage.RaftStorageDirectory (RaftStorageDirectory.java:analyzeStorage(246)) - The storage directory /workdir/hadoop-ozone/integration-test/target/test-dir/MiniOzoneClusterImpl-23306158-e895-4fc7-80df-ce6c264c388b/datanode-3/data/ratis/0f2c1e4e-fc7b-40ea-bdd2-da833b40c239 does not exist. Creating ...
2019-09-25 05:06:10,733 [pool-57-thread-1] INFO  storage.RaftStorageDirectory (RaftStorageDirectory.java:tryLock(328)) - Lock on /workdir/hadoop-ozone/integration-test/target/test-dir/MiniOzoneClusterImpl-23306158-e895-4fc7-80df-ce6c264c388b/datanode-3/data/ratis/0f2c1e4e-fc7b-40ea-bdd2-da833b40c239/in_use.lock acquired by nodename 25526@pr-hdds-1569-s62bp-3040748787
2019-09-25 05:06:10,747 [pool-57-thread-1] INFO  storage.RaftStorage (RaftStorage.java:format(72)) - Storage directory /workdir/hadoop-ozone/integration-test/target/test-dir/MiniOzoneClusterImpl-23306158-e895-4fc7-80df-ce6c264c388b/datanode-3/data/ratis/0f2c1e4e-fc7b-40ea-bdd2-da833b40c239 has been successfully formatted.
2019-09-25 05:06:10,747 [pool-57-thread-1] INFO  ratis.ContainerStateMachine (ContainerStateMachine.java:loadSnapshot(230)) - group-DA833B40C239: The snapshot info is null. Setting the last applied indexto:(t:0, i:~)
2019-09-25 05:06:10,747 [pool-57-thread-1] INFO  server.RaftServerConfigKeys (ConfUtils.java:logGet(43)) - raft.server.notification.no-leader.timeout = 120s (custom)
2019-09-25 05:06:10,748 [pool-57-thread-1] INFO  server.RaftServerConfigKeys (ConfUtils.java:logGet(43)) - raft.server.log.use.memory = false (default)
2019-09-25 05:06:10,748 [pool-57-thread-1] INFO  server.RaftServerConfigKeys (ConfUtils.java:logGet(43)) - raft.server.log.purge.gap = 1000000 (custom)
2019-09-25 05:06:10,748 [pool-57-thread-1] INFO  server.RaftServerConfigKeys (ConfUtils.java:logGet(43)) - raft.server.log.appender.buffer.byte-limit = 33554432 (custom)
2019-09-25 05:06:10,748 [pool-57-thread-1] INFO  server.RaftServerConfigKeys (ConfUtils.java:logGet(43)) - raft.server.log.segment.size.max = 1048576 (custom)
2019-09-25 05:06:10,748 [pool-57-thread-1] INFO  server.RaftServerConfigKeys (ConfUtils.java:logGet(43)) - raft.server.log.segment.cache.num.max = 2 (custom)
2019-09-25 05:06:10,748 [pool-57-thread-1] INFO  segmented.SegmentedRaftLogWorker (SegmentedRaftLogWorker.java:<init>(172)) - new de37f7a0-0375-40a9-a318-404478482fcb@group-DA833B40C239-SegmentedRaftLogWorker for RaftStorage:Storage Directory /workdir/hadoop-ozone/integration-test/target/test-dir/MiniOzoneClusterImpl-23306158-e895-4fc7-80df-ce6c264c388b/datanode-3/data/ratis/0f2c1e4e-fc7b-40ea-bdd2-da833b40c239
2019-09-25 05:06:10,749 [pool-57-thread-1] INFO  server.RaftServerConfigKeys (ConfUtils.java:logGet(43)) - raft.server.log.queue.byte-limit = 2147483647 (custom)
2019-09-25 05:06:10,749 [pool-57-thread-1] INFO  server.RaftServerConfigKeys (ConfUtils.java:logGet(43)) - raft.server.log.queue.element-limit = 1024 (custom)
2019-09-25 05:06:10,749 [pool-57-thread-1] INFO  server.RaftServerConfigKeys (ConfUtils.java:logGet(43)) - raft.server.log.segment.size.max = 1048576 (custom)
2019-09-25 05:06:10,749 [pool-57-thread-1] INFO  server.RaftServerConfigKeys (ConfUtils.java:logGet(43)) - raft.server.log.preallocated.size = 16384 (custom)
2019-09-25 05:06:10,749 [pool-57-thread-1] INFO  server.RaftServerConfigKeys (ConfUtils.java:logGet(43)) - raft.server.log.write.buffer.size = 33554432 (custom)
2019-09-25 05:06:10,749 [pool-57-thread-1] INFO  server.RaftServerConfigKeys (ConfUtils.java:logGet(43)) - raft.server.log.force.sync.num = 128 (default)
2019-09-25 05:06:10,750 [pool-57-thread-1] INFO  server.RaftServerConfigKeys (ConfUtils.java:logGet(43)) - raft.server.log.statemachine.data.sync = true (default)
2019-09-25 05:06:10,750 [pool-57-thread-1] INFO  server.RaftServerConfigKeys (ConfUtils.java:logGet(43)) - raft.server.log.statemachine.data.sync.timeout = 10s (default)
2019-09-25 05:06:10,750 [pool-57-thread-1] INFO  server.RaftServerConfigKeys (ConfUtils.java:logGet(43)) - raft.server.log.statemachine.data.sync.timeout.retry = -1 (default)
2019-09-25 05:06:10,750 [pool-57-thread-1] INFO  server.RaftServerConfigKeys (ConfUtils.java:logGet(43)) - raft.server.log.statemachine.data.caching.enabled = true (custom)
2019-09-25 05:06:10,751 [pool-57-thread-1] INFO  segmented.SegmentedRaftLogWorker (SegmentedRaftLogWorker.java:lambda$new$0(132)) - de37f7a0-0375-40a9-a318-404478482fcb@group-DA833B40C239-SegmentedRaftLogWorker: flushIndex: setUnconditionally 0 -> -1
2019-09-25 05:06:10,751 [pool-57-thread-1] INFO  server.RaftServerConfigKeys (ConfUtils.java:logGet(43)) - raft.server.snapshot.auto.trigger.enabled = true (custom)
2019-09-25 05:06:10,751 [pool-57-thread-1] INFO  server.RaftServerConfigKeys (ConfUtils.java:logGet(43)) - raft.server.snapshot.auto.trigger.threshold = 10000 (custom)
2019-09-25 05:06:10,751 [pool-57-thread-1] INFO  server.RaftServerConfigKeys (ConfUtils.java:logGet(43)) - raft.server.snapshot.retention.num.files = 5 (custom)
2019-09-25 05:06:10,752 [pool-57-thread-1] INFO  server.RaftServerConfigKeys (ConfUtils.java:logGet(43)) - raft.server.retrycache.expirytime = 600000ms (custom)
2019-09-25 05:06:10,754 [pool-57-thread-1] INFO  impl.RaftServerImpl (RaftServerImpl.java:start(185)) - de37f7a0-0375-40a9-a318-404478482fcb@group-DA833B40C239: start as a follower, conf=-1: [de37f7a0-0375-40a9-a318-404478482fcb:192.168.30.10:44522], old=null
2019-09-25 05:06:10,754 [pool-57-thread-1] INFO  impl.RaftServerImpl (RaftServerImpl.java:setRole(174)) - de37f7a0-0375-40a9-a318-404478482fcb@group-DA833B40C239: changes role from      null to FOLLOWER at term 0 for startAsFollower
2019-09-25 05:06:10,755 [pool-57-thread-1] INFO  impl.RoleInfo (RoleInfo.java:updateAndGet(143)) - de37f7a0-0375-40a9-a318-404478482fcb: start FollowerState
2019-09-25 05:06:10,755 [pool-57-thread-1] INFO  util.JmxRegister (JmxRegister.java:tryRegister(44)) - Successfully registered JMX Bean with object name Ratis:service=RaftServer,group=group-DA833B40C239,id=de37f7a0-0375-40a9-a318-404478482fcb
2019-09-25 05:06:10,758 [RatisPipelineUtilsThread] INFO  pipeline.PipelineStateManager (PipelineStateManager.java:addPipeline(56)) - Created pipeline Pipeline[ Id: 0f2c1e4e-fc7b-40ea-bdd2-da833b40c239, Nodes: de37f7a0-0375-40a9-a318-404478482fcb{ip: 192.168.30.10, host: pr-hdds-1569-s62bp-3040748787, networkLocation: /default-rack, certSerialId: null}, Type:RATIS, Factor:ONE, State:OPEN]
2019-09-25 05:06:10,763 [grpc-default-executor-0] INFO  impl.RaftServerProxy (RaftServerProxy.java:addNew(89)) - b4fa7d23-6606-45fd-9544-2b08ca3fa933: addNew group-C8EC9B2AFEFB:[b4fa7d23-6606-45fd-9544-2b08ca3fa933:192.168.30.10:34493] returns group-C8EC9B2AFEFB:java.util.concurrent.CompletableFuture@6d05348d[Not completed]
2019-09-25 05:06:10,764 [pool-77-thread-1] INFO  impl.RaftServerImpl (RaftServerImpl.java:<init>(95)) - b4fa7d23-6606-45fd-9544-2b08ca3fa933: new RaftServerImpl for group-C8EC9B2AFEFB:[b4fa7d23-6606-45fd-9544-2b08ca3fa933:192.168.30.10:34493] with ContainerStateMachine:uninitialized
2019-09-25 05:06:10,764 [pool-77-thread-1] INFO  server.RaftServerConfigKeys (ConfUtils.java:logGet(43)) - raft.server.rpc.timeout.min = 5s (custom)
2019-09-25 05:06:10,764 [pool-77-thread-1] INFO  server.RaftServerConfigKeys (ConfUtils.java:logGet(43)) - raft.server.rpc.timeout.max = 5200ms (custom)
2019-09-25 05:06:10,764 [pool-77-thread-1] INFO  server.RaftServerConfigKeys (ConfUtils.java:logGet(43)) - raft.server.rpcslowness.timeout = 120s (custom)
2019-09-25 05:06:10,764 [pool-77-thread-1] INFO  server.RaftServerConfigKeys (ConfUtils.java:logGet(43)) - raft.server.sleep.deviation.threshold = 300 (default)
2019-09-25 05:06:10,765 [pool-77-thread-1] INFO  server.RaftServerConfigKeys (ConfUtils.java:logGet(43)) - raft.server.log.appender.install.snapshot.enabled = false (custom)
2019-09-25 05:06:10,765 [pool-77-thread-1] INFO  impl.RaftServerImpl (ServerState.java:<init>(103)) - b4fa7d23-6606-45fd-9544-2b08ca3fa933@group-C8EC9B2AFEFB: ConfigurationManager, init=-1: [b4fa7d23-6606-45fd-9544-2b08ca3fa933:192.168.30.10:34493], old=null, confs=<EMPTY_MAP>
2019-09-25 05:06:10,765 [pool-77-thread-1] INFO  server.RaftServerConfigKeys (ConfUtils.java:logGet(43)) - raft.server.storage.dir = [/workdir/hadoop-ozone/integration-test/target/test-dir/MiniOzoneClusterImpl-23306158-e895-4fc7-80df-ce6c264c388b/datanode-5/data/ratis] (custom)
2019-09-25 05:06:10,765 [pool-77-thread-1] INFO  storage.RaftStorageDirectory (RaftStorageDirectory.java:analyzeStorage(246)) - The storage directory /workdir/hadoop-ozone/integration-test/target/test-dir/MiniOzoneClusterImpl-23306158-e895-4fc7-80df-ce6c264c388b/datanode-5/data/ratis/7cbab48f-db0a-40af-bab0-c8ec9b2afefb does not exist. Creating ...
2019-09-25 05:06:10,778 [pool-77-thread-1] INFO  storage.RaftStorageDirectory (RaftStorageDirectory.java:tryLock(328)) - Lock on /workdir/hadoop-ozone/integration-test/target/test-dir/MiniOzoneClusterImpl-23306158-e895-4fc7-80df-ce6c264c388b/datanode-5/data/ratis/7cbab48f-db0a-40af-bab0-c8ec9b2afefb/in_use.lock acquired by nodename 25526@pr-hdds-1569-s62bp-3040748787
2019-09-25 05:06:10,791 [pool-77-thread-1] INFO  storage.RaftStorage (RaftStorage.java:format(72)) - Storage directory /workdir/hadoop-ozone/integration-test/target/test-dir/MiniOzoneClusterImpl-23306158-e895-4fc7-80df-ce6c264c388b/datanode-5/data/ratis/7cbab48f-db0a-40af-bab0-c8ec9b2afefb has been successfully formatted.
2019-09-25 05:06:10,791 [pool-77-thread-1] INFO  ratis.ContainerStateMachine (ContainerStateMachine.java:loadSnapshot(230)) - group-C8EC9B2AFEFB: The snapshot info is null. Setting the last applied indexto:(t:0, i:~)
2019-09-25 05:06:10,791 [pool-77-thread-1] INFO  server.RaftServerConfigKeys (ConfUtils.java:logGet(43)) - raft.server.notification.no-leader.timeout = 120s (custom)
2019-09-25 05:06:10,792 [pool-77-thread-1] INFO  server.RaftServerConfigKeys (ConfUtils.java:logGet(43)) - raft.server.log.use.memory = false (default)
2019-09-25 05:06:10,792 [pool-77-thread-1] INFO  server.RaftServerConfigKeys (ConfUtils.java:logGet(43)) - raft.server.log.purge.gap = 1000000 (custom)
2019-09-25 05:06:10,792 [pool-77-thread-1] INFO  server.RaftServerConfigKeys (ConfUtils.java:logGet(43)) - raft.server.log.appender.buffer.byte-limit = 33554432 (custom)
2019-09-25 05:06:10,792 [pool-77-thread-1] INFO  server.RaftServerConfigKeys (ConfUtils.java:logGet(43)) - raft.server.log.segment.size.max = 1048576 (custom)
2019-09-25 05:06:10,792 [pool-77-thread-1] INFO  server.RaftServerConfigKeys (ConfUtils.java:logGet(43)) - raft.server.log.segment.cache.num.max = 2 (custom)
2019-09-25 05:06:10,792 [pool-77-thread-1] INFO  segmented.SegmentedRaftLogWorker (SegmentedRaftLogWorker.java:<init>(172)) - new b4fa7d23-6606-45fd-9544-2b08ca3fa933@group-C8EC9B2AFEFB-SegmentedRaftLogWorker for RaftStorage:Storage Directory /workdir/hadoop-ozone/integration-test/target/test-dir/MiniOzoneClusterImpl-23306158-e895-4fc7-80df-ce6c264c388b/datanode-5/data/ratis/7cbab48f-db0a-40af-bab0-c8ec9b2afefb
2019-09-25 05:06:10,792 [pool-77-thread-1] INFO  server.RaftServerConfigKeys (ConfUtils.java:logGet(43)) - raft.server.log.queue.byte-limit = 2147483647 (custom)
2019-09-25 05:06:10,792 [pool-77-thread-1] INFO  server.RaftServerConfigKeys (ConfUtils.java:logGet(43)) - raft.server.log.queue.element-limit = 1024 (custom)
2019-09-25 05:06:10,792 [pool-77-thread-1] INFO  server.RaftServerConfigKeys (ConfUtils.java:logGet(43)) - raft.server.log.segment.size.max = 1048576 (custom)
2019-09-25 05:06:10,793 [pool-77-thread-1] INFO  server.RaftServerConfigKeys (ConfUtils.java:logGet(43)) - raft.server.log.preallocated.size = 16384 (custom)
2019-09-25 05:06:10,793 [pool-77-thread-1] INFO  server.RaftServerConfigKeys (ConfUtils.java:logGet(43)) - raft.server.log.write.buffer.size = 33554432 (custom)
2019-09-25 05:06:10,793 [pool-77-thread-1] INFO  server.RaftServerConfigKeys (ConfUtils.java:logGet(43)) - raft.server.log.force.sync.num = 128 (default)
2019-09-25 05:06:10,793 [pool-77-thread-1] INFO  server.RaftServerConfigKeys (ConfUtils.java:logGet(43)) - raft.server.log.statemachine.data.sync = true (default)
2019-09-25 05:06:10,793 [pool-77-thread-1] INFO  server.RaftServerConfigKeys (ConfUtils.java:logGet(43)) - raft.server.log.statemachine.data.sync.timeout = 10s (default)
2019-09-25 05:06:10,793 [pool-77-thread-1] INFO  server.RaftServerConfigKeys (ConfUtils.java:logGet(43)) - raft.server.log.statemachine.data.sync.timeout.retry = -1 (default)
2019-09-25 05:06:10,793 [pool-77-thread-1] INFO  server.RaftServerConfigKeys (ConfUtils.java:logGet(43)) - raft.server.log.statemachine.data.caching.enabled = true (custom)
2019-09-25 05:06:10,794 [pool-77-thread-1] INFO  segmented.SegmentedRaftLogWorker (SegmentedRaftLogWorker.java:lambda$new$0(132)) - b4fa7d23-6606-45fd-9544-2b08ca3fa933@group-C8EC9B2AFEFB-SegmentedRaftLogWorker: flushIndex: setUnconditionally 0 -> -1
2019-09-25 05:06:10,794 [pool-77-thread-1] INFO  server.RaftServerConfigKeys (ConfUtils.java:logGet(43)) - raft.server.snapshot.auto.trigger.enabled = true (custom)
2019-09-25 05:06:10,794 [pool-77-thread-1] INFO  server.RaftServerConfigKeys (ConfUtils.java:logGet(43)) - raft.server.snapshot.auto.trigger.threshold = 10000 (custom)
2019-09-25 05:06:10,794 [pool-77-thread-1] INFO  server.RaftServerConfigKeys (ConfUtils.java:logGet(43)) - raft.server.snapshot.retention.num.files = 5 (custom)
2019-09-25 05:06:10,794 [pool-77-thread-1] INFO  server.RaftServerConfigKeys (ConfUtils.java:logGet(43)) - raft.server.retrycache.expirytime = 600000ms (custom)
2019-09-25 05:06:10,796 [pool-77-thread-1] INFO  impl.RaftServerImpl (RaftServerImpl.java:start(185)) - b4fa7d23-6606-45fd-9544-2b08ca3fa933@group-C8EC9B2AFEFB: start as a follower, conf=-1: [b4fa7d23-6606-45fd-9544-2b08ca3fa933:192.168.30.10:34493], old=null
2019-09-25 05:06:10,796 [pool-77-thread-1] INFO  impl.RaftServerImpl (RaftServerImpl.java:setRole(174)) - b4fa7d23-6606-45fd-9544-2b08ca3fa933@group-C8EC9B2AFEFB: changes role from      null to FOLLOWER at term 0 for startAsFollower
2019-09-25 05:06:10,796 [pool-77-thread-1] INFO  impl.RoleInfo (RoleInfo.java:updateAndGet(143)) - b4fa7d23-6606-45fd-9544-2b08ca3fa933: start FollowerState
2019-09-25 05:06:10,797 [pool-77-thread-1] INFO  util.JmxRegister (JmxRegister.java:tryRegister(44)) - Successfully registered JMX Bean with object name Ratis:service=RaftServer,group=group-C8EC9B2AFEFB,id=b4fa7d23-6606-45fd-9544-2b08ca3fa933
2019-09-25 05:06:10,799 [RatisPipelineUtilsThread] INFO  pipeline.PipelineStateManager (PipelineStateManager.java:addPipeline(56)) - Created pipeline Pipeline[ Id: 7cbab48f-db0a-40af-bab0-c8ec9b2afefb, Nodes: b4fa7d23-6606-45fd-9544-2b08ca3fa933{ip: 192.168.30.10, host: pr-hdds-1569-s62bp-3040748787, networkLocation: /default-rack, certSerialId: null}, Type:RATIS, Factor:ONE, State:OPEN]
2019-09-25 05:06:10,805 [grpc-default-executor-0] INFO  impl.RaftServerProxy (RaftServerProxy.java:addNew(89)) - 36ac27b3-2f11-437d-8f1f-165306b0ff4a: addNew group-27819B640204:[36ac27b3-2f11-437d-8f1f-165306b0ff4a:192.168.30.10:45265] returns group-27819B640204:java.util.concurrent.CompletableFuture@2b5d302b[Not completed]
2019-09-25 05:06:10,806 [pool-37-thread-1] INFO  impl.RaftServerImpl (RaftServerImpl.java:<init>(95)) - 36ac27b3-2f11-437d-8f1f-165306b0ff4a: new RaftServerImpl for group-27819B640204:[36ac27b3-2f11-437d-8f1f-165306b0ff4a:192.168.30.10:45265] with ContainerStateMachine:uninitialized
2019-09-25 05:06:10,806 [pool-37-thread-1] INFO  server.RaftServerConfigKeys (ConfUtils.java:logGet(43)) - raft.server.rpc.timeout.min = 5s (custom)
2019-09-25 05:06:10,806 [pool-37-thread-1] INFO  server.RaftServerConfigKeys (ConfUtils.java:logGet(43)) - raft.server.rpc.timeout.max = 5200ms (custom)
2019-09-25 05:06:10,806 [pool-37-thread-1] INFO  server.RaftServerConfigKeys (ConfUtils.java:logGet(43)) - raft.server.rpcslowness.timeout = 120s (custom)
2019-09-25 05:06:10,806 [pool-37-thread-1] INFO  server.RaftServerConfigKeys (ConfUtils.java:logGet(43)) - raft.server.sleep.deviation.threshold = 300 (default)
2019-09-25 05:06:10,806 [pool-37-thread-1] INFO  server.RaftServerConfigKeys (ConfUtils.java:logGet(43)) - raft.server.log.appender.install.snapshot.enabled = false (custom)
2019-09-25 05:06:10,807 [pool-37-thread-1] INFO  impl.RaftServerImpl (ServerState.java:<init>(103)) - 36ac27b3-2f11-437d-8f1f-165306b0ff4a@group-27819B640204: ConfigurationManager, init=-1: [36ac27b3-2f11-437d-8f1f-165306b0ff4a:192.168.30.10:45265], old=null, confs=<EMPTY_MAP>
2019-09-25 05:06:10,807 [pool-37-thread-1] INFO  server.RaftServerConfigKeys (ConfUtils.java:logGet(43)) - raft.server.storage.dir = [/workdir/hadoop-ozone/integration-test/target/test-dir/MiniOzoneClusterImpl-23306158-e895-4fc7-80df-ce6c264c388b/datanode-1/data/ratis] (custom)
2019-09-25 05:06:10,807 [pool-37-thread-1] INFO  storage.RaftStorageDirectory (RaftStorageDirectory.java:analyzeStorage(246)) - The storage directory /workdir/hadoop-ozone/integration-test/target/test-dir/MiniOzoneClusterImpl-23306158-e895-4fc7-80df-ce6c264c388b/datanode-1/data/ratis/6113f12d-842f-4892-aa1c-27819b640204 does not exist. Creating ...
2019-09-25 05:06:10,820 [pool-37-thread-1] INFO  storage.RaftStorageDirectory (RaftStorageDirectory.java:tryLock(328)) - Lock on /workdir/hadoop-ozone/integration-test/target/test-dir/MiniOzoneClusterImpl-23306158-e895-4fc7-80df-ce6c264c388b/datanode-1/data/ratis/6113f12d-842f-4892-aa1c-27819b640204/in_use.lock acquired by nodename 25526@pr-hdds-1569-s62bp-3040748787
2019-09-25 05:06:10,861 [pool-37-thread-1] INFO  storage.RaftStorage (RaftStorage.java:format(72)) - Storage directory /workdir/hadoop-ozone/integration-test/target/test-dir/MiniOzoneClusterImpl-23306158-e895-4fc7-80df-ce6c264c388b/datanode-1/data/ratis/6113f12d-842f-4892-aa1c-27819b640204 has been successfully formatted.
2019-09-25 05:06:10,862 [pool-37-thread-1] INFO  ratis.ContainerStateMachine (ContainerStateMachine.java:loadSnapshot(230)) - group-27819B640204: The snapshot info is null. Setting the last applied indexto:(t:0, i:~)
2019-09-25 05:06:10,862 [pool-37-thread-1] INFO  server.RaftServerConfigKeys (ConfUtils.java:logGet(43)) - raft.server.notification.no-leader.timeout = 120s (custom)
2019-09-25 05:06:10,862 [pool-37-thread-1] INFO  server.RaftServerConfigKeys (ConfUtils.java:logGet(43)) - raft.server.log.use.memory = false (default)
2019-09-25 05:06:10,862 [pool-37-thread-1] INFO  server.RaftServerConfigKeys (ConfUtils.java:logGet(43)) - raft.server.log.purge.gap = 1000000 (custom)
2019-09-25 05:06:10,862 [pool-37-thread-1] INFO  server.RaftServerConfigKeys (ConfUtils.java:logGet(43)) - raft.server.log.appender.buffer.byte-limit = 33554432 (custom)
2019-09-25 05:06:10,863 [pool-37-thread-1] INFO  server.RaftServerConfigKeys (ConfUtils.java:logGet(43)) - raft.server.log.segment.size.max = 1048576 (custom)
2019-09-25 05:06:10,863 [pool-37-thread-1] INFO  server.RaftServerConfigKeys (ConfUtils.java:logGet(43)) - raft.server.log.segment.cache.num.max = 2 (custom)
2019-09-25 05:06:10,863 [pool-37-thread-1] INFO  segmented.SegmentedRaftLogWorker (SegmentedRaftLogWorker.java:<init>(172)) - new 36ac27b3-2f11-437d-8f1f-165306b0ff4a@group-27819B640204-SegmentedRaftLogWorker for RaftStorage:Storage Directory /workdir/hadoop-ozone/integration-test/target/test-dir/MiniOzoneClusterImpl-23306158-e895-4fc7-80df-ce6c264c388b/datanode-1/data/ratis/6113f12d-842f-4892-aa1c-27819b640204
2019-09-25 05:06:10,863 [pool-37-thread-1] INFO  server.RaftServerConfigKeys (ConfUtils.java:logGet(43)) - raft.server.log.queue.byte-limit = 2147483647 (custom)
2019-09-25 05:06:10,863 [pool-37-thread-1] INFO  server.RaftServerConfigKeys (ConfUtils.java:logGet(43)) - raft.server.log.queue.element-limit = 1024 (custom)
2019-09-25 05:06:10,863 [pool-37-thread-1] INFO  server.RaftServerConfigKeys (ConfUtils.java:logGet(43)) - raft.server.log.segment.size.max = 1048576 (custom)
2019-09-25 05:06:10,863 [pool-37-thread-1] INFO  server.RaftServerConfigKeys (ConfUtils.java:logGet(43)) - raft.server.log.preallocated.size = 16384 (custom)
2019-09-25 05:06:10,863 [pool-37-thread-1] INFO  server.RaftServerConfigKeys (ConfUtils.java:logGet(43)) - raft.server.log.write.buffer.size = 33554432 (custom)
2019-09-25 05:06:10,863 [pool-37-thread-1] INFO  server.RaftServerConfigKeys (ConfUtils.java:logGet(43)) - raft.server.log.force.sync.num = 128 (default)
2019-09-25 05:06:10,863 [pool-37-thread-1] INFO  server.RaftServerConfigKeys (ConfUtils.java:logGet(43)) - raft.server.log.statemachine.data.sync = true (default)
2019-09-25 05:06:10,863 [pool-37-thread-1] INFO  server.RaftServerConfigKeys (ConfUtils.java:logGet(43)) - raft.server.log.statemachine.data.sync.timeout = 10s (default)
2019-09-25 05:06:10,864 [pool-37-thread-1] INFO  server.RaftServerConfigKeys (ConfUtils.java:logGet(43)) - raft.server.log.statemachine.data.sync.timeout.retry = -1 (default)
2019-09-25 05:06:10,864 [pool-37-thread-1] INFO  server.RaftServerConfigKeys (ConfUtils.java:logGet(43)) - raft.server.log.statemachine.data.caching.enabled = true (custom)
2019-09-25 05:06:10,864 [pool-37-thread-1] INFO  segmented.SegmentedRaftLogWorker (SegmentedRaftLogWorker.java:lambda$new$0(132)) - 36ac27b3-2f11-437d-8f1f-165306b0ff4a@group-27819B640204-SegmentedRaftLogWorker: flushIndex: setUnconditionally 0 -> -1
2019-09-25 05:06:10,864 [pool-37-thread-1] INFO  server.RaftServerConfigKeys (ConfUtils.java:logGet(43)) - raft.server.snapshot.auto.trigger.enabled = true (custom)
2019-09-25 05:06:10,864 [pool-37-thread-1] INFO  server.RaftServerConfigKeys (ConfUtils.java:logGet(43)) - raft.server.snapshot.auto.trigger.threshold = 10000 (custom)
2019-09-25 05:06:10,864 [pool-37-thread-1] INFO  server.RaftServerConfigKeys (ConfUtils.java:logGet(43)) - raft.server.snapshot.retention.num.files = 5 (custom)
2019-09-25 05:06:10,865 [pool-37-thread-1] INFO  server.RaftServerConfigKeys (ConfUtils.java:logGet(43)) - raft.server.retrycache.expirytime = 600000ms (custom)
2019-09-25 05:06:10,867 [pool-37-thread-1] INFO  impl.RaftServerImpl (RaftServerImpl.java:start(185)) - 36ac27b3-2f11-437d-8f1f-165306b0ff4a@group-27819B640204: start as a follower, conf=-1: [36ac27b3-2f11-437d-8f1f-165306b0ff4a:192.168.30.10:45265], old=null
2019-09-25 05:06:10,867 [pool-37-thread-1] INFO  impl.RaftServerImpl (RaftServerImpl.java:setRole(174)) - 36ac27b3-2f11-437d-8f1f-165306b0ff4a@group-27819B640204: changes role from      null to FOLLOWER at term 0 for startAsFollower
2019-09-25 05:06:10,867 [pool-37-thread-1] INFO  impl.RoleInfo (RoleInfo.java:updateAndGet(143)) - 36ac27b3-2f11-437d-8f1f-165306b0ff4a: start FollowerState
2019-09-25 05:06:10,868 [pool-37-thread-1] INFO  util.JmxRegister (JmxRegister.java:tryRegister(44)) - Successfully registered JMX Bean with object name Ratis:service=RaftServer,group=group-27819B640204,id=36ac27b3-2f11-437d-8f1f-165306b0ff4a
2019-09-25 05:06:10,870 [RatisPipelineUtilsThread] INFO  pipeline.PipelineStateManager (PipelineStateManager.java:addPipeline(56)) - Created pipeline Pipeline[ Id: 6113f12d-842f-4892-aa1c-27819b640204, Nodes: 36ac27b3-2f11-437d-8f1f-165306b0ff4a{ip: 192.168.30.10, host: pr-hdds-1569-s62bp-3040748787, networkLocation: /default-rack, certSerialId: null}, Type:RATIS, Factor:ONE, State:OPEN]
2019-09-25 05:06:10,877 [grpc-default-executor-0] INFO  impl.RaftServerProxy (RaftServerProxy.java:addNew(89)) - 36ac27b3-2f11-437d-8f1f-165306b0ff4a: addNew group-9746B58965F9:[36ac27b3-2f11-437d-8f1f-165306b0ff4a:192.168.30.10:45265] returns group-9746B58965F9:java.util.concurrent.CompletableFuture@36252797[Not completed]
2019-09-25 05:06:10,878 [pool-37-thread-1] INFO  impl.RaftServerImpl (RaftServerImpl.java:<init>(95)) - 36ac27b3-2f11-437d-8f1f-165306b0ff4a: new RaftServerImpl for group-9746B58965F9:[36ac27b3-2f11-437d-8f1f-165306b0ff4a:192.168.30.10:45265] with ContainerStateMachine:uninitialized
2019-09-25 05:06:10,878 [pool-37-thread-1] INFO  server.RaftServerConfigKeys (ConfUtils.java:logGet(43)) - raft.server.rpc.timeout.min = 5s (custom)
2019-09-25 05:06:10,878 [pool-37-thread-1] INFO  server.RaftServerConfigKeys (ConfUtils.java:logGet(43)) - raft.server.rpc.timeout.max = 5200ms (custom)
2019-09-25 05:06:10,878 [pool-37-thread-1] INFO  server.RaftServerConfigKeys (ConfUtils.java:logGet(43)) - raft.server.rpcslowness.timeout = 120s (custom)
2019-09-25 05:06:10,878 [pool-37-thread-1] INFO  server.RaftServerConfigKeys (ConfUtils.java:logGet(43)) - raft.server.sleep.deviation.threshold = 300 (default)
2019-09-25 05:06:10,878 [pool-37-thread-1] INFO  server.RaftServerConfigKeys (ConfUtils.java:logGet(43)) - raft.server.log.appender.install.snapshot.enabled = false (custom)
2019-09-25 05:06:10,878 [pool-37-thread-1] INFO  impl.RaftServerImpl (ServerState.java:<init>(103)) - 36ac27b3-2f11-437d-8f1f-165306b0ff4a@group-9746B58965F9: ConfigurationManager, init=-1: [36ac27b3-2f11-437d-8f1f-165306b0ff4a:192.168.30.10:45265], old=null, confs=<EMPTY_MAP>
2019-09-25 05:06:10,879 [pool-37-thread-1] INFO  server.RaftServerConfigKeys (ConfUtils.java:logGet(43)) - raft.server.storage.dir = [/workdir/hadoop-ozone/integration-test/target/test-dir/MiniOzoneClusterImpl-23306158-e895-4fc7-80df-ce6c264c388b/datanode-1/data/ratis] (custom)
2019-09-25 05:06:10,879 [pool-37-thread-1] INFO  storage.RaftStorageDirectory (RaftStorageDirectory.java:analyzeStorage(246)) - The storage directory /workdir/hadoop-ozone/integration-test/target/test-dir/MiniOzoneClusterImpl-23306158-e895-4fc7-80df-ce6c264c388b/datanode-1/data/ratis/4dd754c6-efd6-479e-9521-9746b58965f9 does not exist. Creating ...
2019-09-25 05:06:10,886 [pool-37-thread-1] INFO  storage.RaftStorageDirectory (RaftStorageDirectory.java:tryLock(328)) - Lock on /workdir/hadoop-ozone/integration-test/target/test-dir/MiniOzoneClusterImpl-23306158-e895-4fc7-80df-ce6c264c388b/datanode-1/data/ratis/4dd754c6-efd6-479e-9521-9746b58965f9/in_use.lock acquired by nodename 25526@pr-hdds-1569-s62bp-3040748787
2019-09-25 05:06:10,899 [pool-37-thread-1] INFO  storage.RaftStorage (RaftStorage.java:format(72)) - Storage directory /workdir/hadoop-ozone/integration-test/target/test-dir/MiniOzoneClusterImpl-23306158-e895-4fc7-80df-ce6c264c388b/datanode-1/data/ratis/4dd754c6-efd6-479e-9521-9746b58965f9 has been successfully formatted.
2019-09-25 05:06:10,899 [pool-37-thread-1] INFO  ratis.ContainerStateMachine (ContainerStateMachine.java:loadSnapshot(230)) - group-9746B58965F9: The snapshot info is null. Setting the last applied indexto:(t:0, i:~)
2019-09-25 05:06:10,900 [pool-37-thread-1] INFO  server.RaftServerConfigKeys (ConfUtils.java:logGet(43)) - raft.server.notification.no-leader.timeout = 120s (custom)
2019-09-25 05:06:10,900 [pool-37-thread-1] INFO  server.RaftServerConfigKeys (ConfUtils.java:logGet(43)) - raft.server.log.use.memory = false (default)
2019-09-25 05:06:10,900 [pool-37-thread-1] INFO  server.RaftServerConfigKeys (ConfUtils.java:logGet(43)) - raft.server.log.purge.gap = 1000000 (custom)
2019-09-25 05:06:10,900 [pool-37-thread-1] INFO  server.RaftServerConfigKeys (ConfUtils.java:logGet(43)) - raft.server.log.appender.buffer.byte-limit = 33554432 (custom)
2019-09-25 05:06:10,900 [pool-37-thread-1] INFO  server.RaftServerConfigKeys (ConfUtils.java:logGet(43)) - raft.server.log.segment.size.max = 1048576 (custom)
2019-09-25 05:06:10,900 [pool-37-thread-1] INFO  server.RaftServerConfigKeys (ConfUtils.java:logGet(43)) - raft.server.log.segment.cache.num.max = 2 (custom)
2019-09-25 05:06:10,900 [pool-37-thread-1] INFO  segmented.SegmentedRaftLogWorker (SegmentedRaftLogWorker.java:<init>(172)) - new 36ac27b3-2f11-437d-8f1f-165306b0ff4a@group-9746B58965F9-SegmentedRaftLogWorker for RaftStorage:Storage Directory /workdir/hadoop-ozone/integration-test/target/test-dir/MiniOzoneClusterImpl-23306158-e895-4fc7-80df-ce6c264c388b/datanode-1/data/ratis/4dd754c6-efd6-479e-9521-9746b58965f9
2019-09-25 05:06:10,900 [pool-37-thread-1] INFO  server.RaftServerConfigKeys (ConfUtils.java:logGet(43)) - raft.server.log.queue.byte-limit = 2147483647 (custom)
2019-09-25 05:06:10,900 [pool-37-thread-1] INFO  server.RaftServerConfigKeys (ConfUtils.java:logGet(43)) - raft.server.log.queue.element-limit = 1024 (custom)
2019-09-25 05:06:10,901 [pool-37-thread-1] INFO  server.RaftServerConfigKeys (ConfUtils.java:logGet(43)) - raft.server.log.segment.size.max = 1048576 (custom)
2019-09-25 05:06:10,901 [pool-37-thread-1] INFO  server.RaftServerConfigKeys (ConfUtils.java:logGet(43)) - raft.server.log.preallocated.size = 16384 (custom)
2019-09-25 05:06:10,901 [pool-37-thread-1] INFO  server.RaftServerConfigKeys (ConfUtils.java:logGet(43)) - raft.server.log.write.buffer.size = 33554432 (custom)
2019-09-25 05:06:10,901 [pool-37-thread-1] INFO  server.RaftServerConfigKeys (ConfUtils.java:logGet(43)) - raft.server.log.force.sync.num = 128 (default)
2019-09-25 05:06:10,901 [pool-37-thread-1] INFO  server.RaftServerConfigKeys (ConfUtils.java:logGet(43)) - raft.server.log.statemachine.data.sync = true (default)
2019-09-25 05:06:10,901 [pool-37-thread-1] INFO  server.RaftServerConfigKeys (ConfUtils.java:logGet(43)) - raft.server.log.statemachine.data.sync.timeout = 10s (default)
2019-09-25 05:06:10,901 [pool-37-thread-1] INFO  server.RaftServerConfigKeys (ConfUtils.java:logGet(43)) - raft.server.log.statemachine.data.sync.timeout.retry = -1 (default)
2019-09-25 05:06:10,901 [pool-37-thread-1] INFO  server.RaftServerConfigKeys (ConfUtils.java:logGet(43)) - raft.server.log.statemachine.data.caching.enabled = true (custom)
2019-09-25 05:06:10,902 [pool-37-thread-1] INFO  segmented.SegmentedRaftLogWorker (SegmentedRaftLogWorker.java:lambda$new$0(132)) - 36ac27b3-2f11-437d-8f1f-165306b0ff4a@group-9746B58965F9-SegmentedRaftLogWorker: flushIndex: setUnconditionally 0 -> -1
2019-09-25 05:06:10,902 [pool-37-thread-1] INFO  server.RaftServerConfigKeys (ConfUtils.java:logGet(43)) - raft.server.snapshot.auto.trigger.enabled = true (custom)
2019-09-25 05:06:10,902 [pool-37-thread-1] INFO  server.RaftServerConfigKeys (ConfUtils.java:logGet(43)) - raft.server.snapshot.auto.trigger.threshold = 10000 (custom)
2019-09-25 05:06:10,902 [pool-37-thread-1] INFO  server.RaftServerConfigKeys (ConfUtils.java:logGet(43)) - raft.server.snapshot.retention.num.files = 5 (custom)
2019-09-25 05:06:10,902 [pool-37-thread-1] INFO  server.RaftServerConfigKeys (ConfUtils.java:logGet(43)) - raft.server.retrycache.expirytime = 600000ms (custom)
2019-09-25 05:06:10,904 [pool-37-thread-1] INFO  impl.RaftServerImpl (RaftServerImpl.java:start(185)) - 36ac27b3-2f11-437d-8f1f-165306b0ff4a@group-9746B58965F9: start as a follower, conf=-1: [36ac27b3-2f11-437d-8f1f-165306b0ff4a:192.168.30.10:45265], old=null
2019-09-25 05:06:10,904 [pool-37-thread-1] INFO  impl.RaftServerImpl (RaftServerImpl.java:setRole(174)) - 36ac27b3-2f11-437d-8f1f-165306b0ff4a@group-9746B58965F9: changes role from      null to FOLLOWER at term 0 for startAsFollower
2019-09-25 05:06:10,904 [pool-37-thread-1] INFO  impl.RoleInfo (RoleInfo.java:updateAndGet(143)) - 36ac27b3-2f11-437d-8f1f-165306b0ff4a: start FollowerState
2019-09-25 05:06:10,905 [pool-37-thread-1] INFO  util.JmxRegister (JmxRegister.java:tryRegister(44)) - Successfully registered JMX Bean with object name Ratis:service=RaftServer,group=group-9746B58965F9,id=36ac27b3-2f11-437d-8f1f-165306b0ff4a
2019-09-25 05:06:10,908 [RatisPipelineUtilsThread] INFO  pipeline.PipelineStateManager (PipelineStateManager.java:addPipeline(56)) - Created pipeline Pipeline[ Id: 4dd754c6-efd6-479e-9521-9746b58965f9, Nodes: 36ac27b3-2f11-437d-8f1f-165306b0ff4a{ip: 192.168.30.10, host: pr-hdds-1569-s62bp-3040748787, networkLocation: /default-rack, certSerialId: null}, Type:RATIS, Factor:ONE, State:OPEN]
2019-09-25 05:06:10,914 [grpc-default-executor-0] INFO  impl.RaftServerProxy (RaftServerProxy.java:addNew(89)) - de37f7a0-0375-40a9-a318-404478482fcb: addNew group-D6F3D5D8A6CE:[de37f7a0-0375-40a9-a318-404478482fcb:192.168.30.10:44522] returns group-D6F3D5D8A6CE:java.util.concurrent.CompletableFuture@f438bab[Not completed]
2019-09-25 05:06:10,915 [pool-57-thread-1] INFO  impl.RaftServerImpl (RaftServerImpl.java:<init>(95)) - de37f7a0-0375-40a9-a318-404478482fcb: new RaftServerImpl for group-D6F3D5D8A6CE:[de37f7a0-0375-40a9-a318-404478482fcb:192.168.30.10:44522] with ContainerStateMachine:uninitialized
2019-09-25 05:06:10,915 [pool-57-thread-1] INFO  server.RaftServerConfigKeys (ConfUtils.java:logGet(43)) - raft.server.rpc.timeout.min = 5s (custom)
2019-09-25 05:06:10,915 [pool-57-thread-1] INFO  server.RaftServerConfigKeys (ConfUtils.java:logGet(43)) - raft.server.rpc.timeout.max = 5200ms (custom)
2019-09-25 05:06:10,915 [pool-57-thread-1] INFO  server.RaftServerConfigKeys (ConfUtils.java:logGet(43)) - raft.server.rpcslowness.timeout = 120s (custom)
2019-09-25 05:06:10,915 [pool-57-thread-1] INFO  server.RaftServerConfigKeys (ConfUtils.java:logGet(43)) - raft.server.sleep.deviation.threshold = 300 (default)
2019-09-25 05:06:10,915 [pool-57-thread-1] INFO  server.RaftServerConfigKeys (ConfUtils.java:logGet(43)) - raft.server.log.appender.install.snapshot.enabled = false (custom)
2019-09-25 05:06:10,915 [pool-57-thread-1] INFO  impl.RaftServerImpl (ServerState.java:<init>(103)) - de37f7a0-0375-40a9-a318-404478482fcb@group-D6F3D5D8A6CE: ConfigurationManager, init=-1: [de37f7a0-0375-40a9-a318-404478482fcb:192.168.30.10:44522], old=null, confs=<EMPTY_MAP>
2019-09-25 05:06:10,916 [pool-57-thread-1] INFO  server.RaftServerConfigKeys (ConfUtils.java:logGet(43)) - raft.server.storage.dir = [/workdir/hadoop-ozone/integration-test/target/test-dir/MiniOzoneClusterImpl-23306158-e895-4fc7-80df-ce6c264c388b/datanode-3/data/ratis] (custom)
2019-09-25 05:06:10,916 [pool-57-thread-1] INFO  storage.RaftStorageDirectory (RaftStorageDirectory.java:analyzeStorage(246)) - The storage directory /workdir/hadoop-ozone/integration-test/target/test-dir/MiniOzoneClusterImpl-23306158-e895-4fc7-80df-ce6c264c388b/datanode-3/data/ratis/ab871825-8d63-4e40-9d90-d6f3d5d8a6ce does not exist. Creating ...
2019-09-25 05:06:10,929 [pool-57-thread-1] INFO  storage.RaftStorageDirectory (RaftStorageDirectory.java:tryLock(328)) - Lock on /workdir/hadoop-ozone/integration-test/target/test-dir/MiniOzoneClusterImpl-23306158-e895-4fc7-80df-ce6c264c388b/datanode-3/data/ratis/ab871825-8d63-4e40-9d90-d6f3d5d8a6ce/in_use.lock acquired by nodename 25526@pr-hdds-1569-s62bp-3040748787
2019-09-25 05:06:10,942 [pool-57-thread-1] INFO  storage.RaftStorage (RaftStorage.java:format(72)) - Storage directory /workdir/hadoop-ozone/integration-test/target/test-dir/MiniOzoneClusterImpl-23306158-e895-4fc7-80df-ce6c264c388b/datanode-3/data/ratis/ab871825-8d63-4e40-9d90-d6f3d5d8a6ce has been successfully formatted.
2019-09-25 05:06:10,943 [pool-57-thread-1] INFO  ratis.ContainerStateMachine (ContainerStateMachine.java:loadSnapshot(230)) - group-D6F3D5D8A6CE: The snapshot info is null. Setting the last applied indexto:(t:0, i:~)
2019-09-25 05:06:10,943 [pool-57-thread-1] INFO  server.RaftServerConfigKeys (ConfUtils.java:logGet(43)) - raft.server.notification.no-leader.timeout = 120s (custom)
2019-09-25 05:06:10,943 [pool-57-thread-1] INFO  server.RaftServerConfigKeys (ConfUtils.java:logGet(43)) - raft.server.log.use.memory = false (default)
2019-09-25 05:06:10,943 [pool-57-thread-1] INFO  server.RaftServerConfigKeys (ConfUtils.java:logGet(43)) - raft.server.log.purge.gap = 1000000 (custom)
2019-09-25 05:06:10,943 [pool-57-thread-1] INFO  server.RaftServerConfigKeys (ConfUtils.java:logGet(43)) - raft.server.log.appender.buffer.byte-limit = 33554432 (custom)
2019-09-25 05:06:10,943 [pool-57-thread-1] INFO  server.RaftServerConfigKeys (ConfUtils.java:logGet(43)) - raft.server.log.segment.size.max = 1048576 (custom)
2019-09-25 05:06:10,943 [pool-57-thread-1] INFO  server.RaftServerConfigKeys (ConfUtils.java:logGet(43)) - raft.server.log.segment.cache.num.max = 2 (custom)
2019-09-25 05:06:10,943 [pool-57-thread-1] INFO  segmented.SegmentedRaftLogWorker (SegmentedRaftLogWorker.java:<init>(172)) - new de37f7a0-0375-40a9-a318-404478482fcb@group-D6F3D5D8A6CE-SegmentedRaftLogWorker for RaftStorage:Storage Directory /workdir/hadoop-ozone/integration-test/target/test-dir/MiniOzoneClusterImpl-23306158-e895-4fc7-80df-ce6c264c388b/datanode-3/data/ratis/ab871825-8d63-4e40-9d90-d6f3d5d8a6ce
2019-09-25 05:06:10,944 [pool-57-thread-1] INFO  server.RaftServerConfigKeys (ConfUtils.java:logGet(43)) - raft.server.log.queue.byte-limit = 2147483647 (custom)
2019-09-25 05:06:10,944 [pool-57-thread-1] INFO  server.RaftServerConfigKeys (ConfUtils.java:logGet(43)) - raft.server.log.queue.element-limit = 1024 (custom)
2019-09-25 05:06:10,944 [pool-57-thread-1] INFO  server.RaftServerConfigKeys (ConfUtils.java:logGet(43)) - raft.server.log.segment.size.max = 1048576 (custom)
2019-09-25 05:06:10,944 [pool-57-thread-1] INFO  server.RaftServerConfigKeys (ConfUtils.java:logGet(43)) - raft.server.log.preallocated.size = 16384 (custom)
2019-09-25 05:06:10,944 [pool-57-thread-1] INFO  server.RaftServerConfigKeys (ConfUtils.java:logGet(43)) - raft.server.log.write.buffer.size = 33554432 (custom)
2019-09-25 05:06:10,944 [pool-57-thread-1] INFO  server.RaftServerConfigKeys (ConfUtils.java:logGet(43)) - raft.server.log.force.sync.num = 128 (default)
2019-09-25 05:06:10,944 [pool-57-thread-1] INFO  server.RaftServerConfigKeys (ConfUtils.java:logGet(43)) - raft.server.log.statemachine.data.sync = true (default)
2019-09-25 05:06:10,944 [pool-57-thread-1] INFO  server.RaftServerConfigKeys (ConfUtils.java:logGet(43)) - raft.server.log.statemachine.data.sync.timeout = 10s (default)
2019-09-25 05:06:10,944 [pool-57-thread-1] INFO  server.RaftServerConfigKeys (ConfUtils.java:logGet(43)) - raft.server.log.statemachine.data.sync.timeout.retry = -1 (default)
2019-09-25 05:06:10,945 [pool-57-thread-1] INFO  server.RaftServerConfigKeys (ConfUtils.java:logGet(43)) - raft.server.log.statemachine.data.caching.enabled = true (custom)
2019-09-25 05:06:10,945 [pool-57-thread-1] INFO  segmented.SegmentedRaftLogWorker (SegmentedRaftLogWorker.java:lambda$new$0(132)) - de37f7a0-0375-40a9-a318-404478482fcb@group-D6F3D5D8A6CE-SegmentedRaftLogWorker: flushIndex: setUnconditionally 0 -> -1
2019-09-25 05:06:10,945 [pool-57-thread-1] INFO  server.RaftServerConfigKeys (ConfUtils.java:logGet(43)) - raft.server.snapshot.auto.trigger.enabled = true (custom)
2019-09-25 05:06:10,945 [pool-57-thread-1] INFO  server.RaftServerConfigKeys (ConfUtils.java:logGet(43)) - raft.server.snapshot.auto.trigger.threshold = 10000 (custom)
2019-09-25 05:06:10,945 [pool-57-thread-1] INFO  server.RaftServerConfigKeys (ConfUtils.java:logGet(43)) - raft.server.snapshot.retention.num.files = 5 (custom)
2019-09-25 05:06:10,946 [pool-57-thread-1] INFO  server.RaftServerConfigKeys (ConfUtils.java:logGet(43)) - raft.server.retrycache.expirytime = 600000ms (custom)
2019-09-25 05:06:10,948 [pool-57-thread-1] INFO  impl.RaftServerImpl (RaftServerImpl.java:start(185)) - de37f7a0-0375-40a9-a318-404478482fcb@group-D6F3D5D8A6CE: start as a follower, conf=-1: [de37f7a0-0375-40a9-a318-404478482fcb:192.168.30.10:44522], old=null
2019-09-25 05:06:10,948 [pool-57-thread-1] INFO  impl.RaftServerImpl (RaftServerImpl.java:setRole(174)) - de37f7a0-0375-40a9-a318-404478482fcb@group-D6F3D5D8A6CE: changes role from      null to FOLLOWER at term 0 for startAsFollower
2019-09-25 05:06:10,948 [pool-57-thread-1] INFO  impl.RoleInfo (RoleInfo.java:updateAndGet(143)) - de37f7a0-0375-40a9-a318-404478482fcb: start FollowerState
2019-09-25 05:06:10,948 [pool-57-thread-1] INFO  util.JmxRegister (JmxRegister.java:tryRegister(44)) - Successfully registered JMX Bean with object name Ratis:service=RaftServer,group=group-D6F3D5D8A6CE,id=de37f7a0-0375-40a9-a318-404478482fcb
2019-09-25 05:06:10,951 [RatisPipelineUtilsThread] INFO  pipeline.PipelineStateManager (PipelineStateManager.java:addPipeline(56)) - Created pipeline Pipeline[ Id: ab871825-8d63-4e40-9d90-d6f3d5d8a6ce, Nodes: de37f7a0-0375-40a9-a318-404478482fcb{ip: 192.168.30.10, host: pr-hdds-1569-s62bp-3040748787, networkLocation: /default-rack, certSerialId: null}, Type:RATIS, Factor:ONE, State:OPEN]
2019-09-25 05:06:10,957 [grpc-default-executor-0] INFO  impl.RaftServerProxy (RaftServerProxy.java:addNew(89)) - f77bfc29-6991-4b1d-a503-f706c83de4fc: addNew group-B8B3EB4B22B0:[f77bfc29-6991-4b1d-a503-f706c83de4fc:192.168.30.10:35112] returns group-B8B3EB4B22B0:java.util.concurrent.CompletableFuture@64d1c70b[Not completed]
2019-09-25 05:06:10,958 [pool-27-thread-1] INFO  impl.RaftServerImpl (RaftServerImpl.java:<init>(95)) - f77bfc29-6991-4b1d-a503-f706c83de4fc: new RaftServerImpl for group-B8B3EB4B22B0:[f77bfc29-6991-4b1d-a503-f706c83de4fc:192.168.30.10:35112] with ContainerStateMachine:uninitialized
2019-09-25 05:06:10,958 [pool-27-thread-1] INFO  server.RaftServerConfigKeys (ConfUtils.java:logGet(43)) - raft.server.rpc.timeout.min = 5s (custom)
2019-09-25 05:06:10,958 [pool-27-thread-1] INFO  server.RaftServerConfigKeys (ConfUtils.java:logGet(43)) - raft.server.rpc.timeout.max = 5200ms (custom)
2019-09-25 05:06:10,958 [pool-27-thread-1] INFO  server.RaftServerConfigKeys (ConfUtils.java:logGet(43)) - raft.server.rpcslowness.timeout = 120s (custom)
2019-09-25 05:06:10,958 [pool-27-thread-1] INFO  server.RaftServerConfigKeys (ConfUtils.java:logGet(43)) - raft.server.sleep.deviation.threshold = 300 (default)
2019-09-25 05:06:10,958 [pool-27-thread-1] INFO  server.RaftServerConfigKeys (ConfUtils.java:logGet(43)) - raft.server.log.appender.install.snapshot.enabled = false (custom)
2019-09-25 05:06:10,959 [pool-27-thread-1] INFO  impl.RaftServerImpl (ServerState.java:<init>(103)) - f77bfc29-6991-4b1d-a503-f706c83de4fc@group-B8B3EB4B22B0: ConfigurationManager, init=-1: [f77bfc29-6991-4b1d-a503-f706c83de4fc:192.168.30.10:35112], old=null, confs=<EMPTY_MAP>
2019-09-25 05:06:10,959 [pool-27-thread-1] INFO  server.RaftServerConfigKeys (ConfUtils.java:logGet(43)) - raft.server.storage.dir = [/workdir/hadoop-ozone/integration-test/target/test-dir/MiniOzoneClusterImpl-23306158-e895-4fc7-80df-ce6c264c388b/datanode-0/data/ratis] (custom)
2019-09-25 05:06:10,959 [pool-27-thread-1] INFO  storage.RaftStorageDirectory (RaftStorageDirectory.java:analyzeStorage(246)) - The storage directory /workdir/hadoop-ozone/integration-test/target/test-dir/MiniOzoneClusterImpl-23306158-e895-4fc7-80df-ce6c264c388b/datanode-0/data/ratis/aef6021b-786e-4871-a132-b8b3eb4b22b0 does not exist. Creating ...
2019-09-25 05:06:10,963 [pool-27-thread-1] INFO  storage.RaftStorageDirectory (RaftStorageDirectory.java:tryLock(328)) - Lock on /workdir/hadoop-ozone/integration-test/target/test-dir/MiniOzoneClusterImpl-23306158-e895-4fc7-80df-ce6c264c388b/datanode-0/data/ratis/aef6021b-786e-4871-a132-b8b3eb4b22b0/in_use.lock acquired by nodename 25526@pr-hdds-1569-s62bp-3040748787
2019-09-25 05:06:10,966 [pool-27-thread-1] INFO  storage.RaftStorage (RaftStorage.java:format(72)) - Storage directory /workdir/hadoop-ozone/integration-test/target/test-dir/MiniOzoneClusterImpl-23306158-e895-4fc7-80df-ce6c264c388b/datanode-0/data/ratis/aef6021b-786e-4871-a132-b8b3eb4b22b0 has been successfully formatted.
2019-09-25 05:06:10,966 [pool-27-thread-1] INFO  ratis.ContainerStateMachine (ContainerStateMachine.java:loadSnapshot(230)) - group-B8B3EB4B22B0: The snapshot info is null. Setting the last applied indexto:(t:0, i:~)
2019-09-25 05:06:10,966 [pool-27-thread-1] INFO  server.RaftServerConfigKeys (ConfUtils.java:logGet(43)) - raft.server.notification.no-leader.timeout = 120s (custom)
2019-09-25 05:06:10,966 [pool-27-thread-1] INFO  server.RaftServerConfigKeys (ConfUtils.java:logGet(43)) - raft.server.log.use.memory = false (default)
2019-09-25 05:06:10,967 [pool-27-thread-1] INFO  server.RaftServerConfigKeys (ConfUtils.java:logGet(43)) - raft.server.log.purge.gap = 1000000 (custom)
2019-09-25 05:06:10,967 [pool-27-thread-1] INFO  server.RaftServerConfigKeys (ConfUtils.java:logGet(43)) - raft.server.log.appender.buffer.byte-limit = 33554432 (custom)
2019-09-25 05:06:10,967 [pool-27-thread-1] INFO  server.RaftServerConfigKeys (ConfUtils.java:logGet(43)) - raft.server.log.segment.size.max = 1048576 (custom)
2019-09-25 05:06:10,967 [pool-27-thread-1] INFO  server.RaftServerConfigKeys (ConfUtils.java:logGet(43)) - raft.server.log.segment.cache.num.max = 2 (custom)
2019-09-25 05:06:10,967 [pool-27-thread-1] INFO  segmented.SegmentedRaftLogWorker (SegmentedRaftLogWorker.java:<init>(172)) - new f77bfc29-6991-4b1d-a503-f706c83de4fc@group-B8B3EB4B22B0-SegmentedRaftLogWorker for RaftStorage:Storage Directory /workdir/hadoop-ozone/integration-test/target/test-dir/MiniOzoneClusterImpl-23306158-e895-4fc7-80df-ce6c264c388b/datanode-0/data/ratis/aef6021b-786e-4871-a132-b8b3eb4b22b0
2019-09-25 05:06:10,967 [pool-27-thread-1] INFO  server.RaftServerConfigKeys (ConfUtils.java:logGet(43)) - raft.server.log.queue.byte-limit = 2147483647 (custom)
2019-09-25 05:06:10,967 [pool-27-thread-1] INFO  server.RaftServerConfigKeys (ConfUtils.java:logGet(43)) - raft.server.log.queue.element-limit = 1024 (custom)
2019-09-25 05:06:10,967 [pool-27-thread-1] INFO  server.RaftServerConfigKeys (ConfUtils.java:logGet(43)) - raft.server.log.segment.size.max = 1048576 (custom)
2019-09-25 05:06:10,967 [pool-27-thread-1] INFO  server.RaftServerConfigKeys (ConfUtils.java:logGet(43)) - raft.server.log.preallocated.size = 16384 (custom)
2019-09-25 05:06:10,967 [pool-27-thread-1] INFO  server.RaftServerConfigKeys (ConfUtils.java:logGet(43)) - raft.server.log.write.buffer.size = 33554432 (custom)
2019-09-25 05:06:10,968 [pool-27-thread-1] INFO  server.RaftServerConfigKeys (ConfUtils.java:logGet(43)) - raft.server.log.force.sync.num = 128 (default)
2019-09-25 05:06:10,968 [pool-27-thread-1] INFO  server.RaftServerConfigKeys (ConfUtils.java:logGet(43)) - raft.server.log.statemachine.data.sync = true (default)
2019-09-25 05:06:10,968 [pool-27-thread-1] INFO  server.RaftServerConfigKeys (ConfUtils.java:logGet(43)) - raft.server.log.statemachine.data.sync.timeout = 10s (default)
2019-09-25 05:06:10,968 [pool-27-thread-1] INFO  server.RaftServerConfigKeys (ConfUtils.java:logGet(43)) - raft.server.log.statemachine.data.sync.timeout.retry = -1 (default)
2019-09-25 05:06:10,968 [pool-27-thread-1] INFO  server.RaftServerConfigKeys (ConfUtils.java:logGet(43)) - raft.server.log.statemachine.data.caching.enabled = true (custom)
2019-09-25 05:06:10,968 [pool-27-thread-1] INFO  segmented.SegmentedRaftLogWorker (SegmentedRaftLogWorker.java:lambda$new$0(132)) - f77bfc29-6991-4b1d-a503-f706c83de4fc@group-B8B3EB4B22B0-SegmentedRaftLogWorker: flushIndex: setUnconditionally 0 -> -1
2019-09-25 05:06:10,969 [pool-27-thread-1] INFO  server.RaftServerConfigKeys (ConfUtils.java:logGet(43)) - raft.server.snapshot.auto.trigger.enabled = true (custom)
2019-09-25 05:06:10,969 [pool-27-thread-1] INFO  server.RaftServerConfigKeys (ConfUtils.java:logGet(43)) - raft.server.snapshot.auto.trigger.threshold = 10000 (custom)
2019-09-25 05:06:10,969 [pool-27-thread-1] INFO  server.RaftServerConfigKeys (ConfUtils.java:logGet(43)) - raft.server.snapshot.retention.num.files = 5 (custom)
2019-09-25 05:06:10,969 [pool-27-thread-1] INFO  server.RaftServerConfigKeys (ConfUtils.java:logGet(43)) - raft.server.retrycache.expirytime = 600000ms (custom)
2019-09-25 05:06:10,971 [pool-27-thread-1] INFO  impl.RaftServerImpl (RaftServerImpl.java:start(185)) - f77bfc29-6991-4b1d-a503-f706c83de4fc@group-B8B3EB4B22B0: start as a follower, conf=-1: [f77bfc29-6991-4b1d-a503-f706c83de4fc:192.168.30.10:35112], old=null
2019-09-25 05:06:10,971 [pool-27-thread-1] INFO  impl.RaftServerImpl (RaftServerImpl.java:setRole(174)) - f77bfc29-6991-4b1d-a503-f706c83de4fc@group-B8B3EB4B22B0: changes role from      null to FOLLOWER at term 0 for startAsFollower
2019-09-25 05:06:10,971 [pool-27-thread-1] INFO  impl.RoleInfo (RoleInfo.java:updateAndGet(143)) - f77bfc29-6991-4b1d-a503-f706c83de4fc: start FollowerState
2019-09-25 05:06:10,971 [pool-27-thread-1] INFO  util.JmxRegister (JmxRegister.java:tryRegister(44)) - Successfully registered JMX Bean with object name Ratis:service=RaftServer,group=group-B8B3EB4B22B0,id=f77bfc29-6991-4b1d-a503-f706c83de4fc
2019-09-25 05:06:10,973 [RatisPipelineUtilsThread] INFO  pipeline.PipelineStateManager (PipelineStateManager.java:addPipeline(56)) - Created pipeline Pipeline[ Id: aef6021b-786e-4871-a132-b8b3eb4b22b0, Nodes: f77bfc29-6991-4b1d-a503-f706c83de4fc{ip: 192.168.30.10, host: pr-hdds-1569-s62bp-3040748787, networkLocation: /default-rack, certSerialId: null}, Type:RATIS, Factor:ONE, State:OPEN]
2019-09-25 05:06:10,978 [grpc-default-executor-0] INFO  impl.RaftServerProxy (RaftServerProxy.java:addNew(89)) - 36ac27b3-2f11-437d-8f1f-165306b0ff4a: addNew group-8DD546A9EBD0:[36ac27b3-2f11-437d-8f1f-165306b0ff4a:192.168.30.10:45265] returns group-8DD546A9EBD0:java.util.concurrent.CompletableFuture@5317df17[Not completed]
2019-09-25 05:06:10,979 [pool-37-thread-1] INFO  impl.RaftServerImpl (RaftServerImpl.java:<init>(95)) - 36ac27b3-2f11-437d-8f1f-165306b0ff4a: new RaftServerImpl for group-8DD546A9EBD0:[36ac27b3-2f11-437d-8f1f-165306b0ff4a:192.168.30.10:45265] with ContainerStateMachine:uninitialized
2019-09-25 05:06:10,979 [pool-37-thread-1] INFO  server.RaftServerConfigKeys (ConfUtils.java:logGet(43)) - raft.server.rpc.timeout.min = 5s (custom)
2019-09-25 05:06:10,979 [pool-37-thread-1] INFO  server.RaftServerConfigKeys (ConfUtils.java:logGet(43)) - raft.server.rpc.timeout.max = 5200ms (custom)
2019-09-25 05:06:10,979 [pool-37-thread-1] INFO  server.RaftServerConfigKeys (ConfUtils.java:logGet(43)) - raft.server.rpcslowness.timeout = 120s (custom)
2019-09-25 05:06:10,980 [pool-37-thread-1] INFO  server.RaftServerConfigKeys (ConfUtils.java:logGet(43)) - raft.server.sleep.deviation.threshold = 300 (default)
2019-09-25 05:06:10,980 [pool-37-thread-1] INFO  server.RaftServerConfigKeys (ConfUtils.java:logGet(43)) - raft.server.log.appender.install.snapshot.enabled = false (custom)
2019-09-25 05:06:10,980 [pool-37-thread-1] INFO  impl.RaftServerImpl (ServerState.java:<init>(103)) - 36ac27b3-2f11-437d-8f1f-165306b0ff4a@group-8DD546A9EBD0: ConfigurationManager, init=-1: [36ac27b3-2f11-437d-8f1f-165306b0ff4a:192.168.30.10:45265], old=null, confs=<EMPTY_MAP>
2019-09-25 05:06:10,980 [pool-37-thread-1] INFO  server.RaftServerConfigKeys (ConfUtils.java:logGet(43)) - raft.server.storage.dir = [/workdir/hadoop-ozone/integration-test/target/test-dir/MiniOzoneClusterImpl-23306158-e895-4fc7-80df-ce6c264c388b/datanode-1/data/ratis] (custom)
2019-09-25 05:06:10,981 [pool-37-thread-1] INFO  storage.RaftStorageDirectory (RaftStorageDirectory.java:analyzeStorage(246)) - The storage directory /workdir/hadoop-ozone/integration-test/target/test-dir/MiniOzoneClusterImpl-23306158-e895-4fc7-80df-ce6c264c388b/datanode-1/data/ratis/dee54bc9-e5b2-4a15-9794-8dd546a9ebd0 does not exist. Creating ...
2019-09-25 05:06:10,984 [pool-37-thread-1] INFO  storage.RaftStorageDirectory (RaftStorageDirectory.java:tryLock(328)) - Lock on /workdir/hadoop-ozone/integration-test/target/test-dir/MiniOzoneClusterImpl-23306158-e895-4fc7-80df-ce6c264c388b/datanode-1/data/ratis/dee54bc9-e5b2-4a15-9794-8dd546a9ebd0/in_use.lock acquired by nodename 25526@pr-hdds-1569-s62bp-3040748787
2019-09-25 05:06:10,988 [pool-37-thread-1] INFO  storage.RaftStorage (RaftStorage.java:format(72)) - Storage directory /workdir/hadoop-ozone/integration-test/target/test-dir/MiniOzoneClusterImpl-23306158-e895-4fc7-80df-ce6c264c388b/datanode-1/data/ratis/dee54bc9-e5b2-4a15-9794-8dd546a9ebd0 has been successfully formatted.
2019-09-25 05:06:10,989 [pool-37-thread-1] INFO  ratis.ContainerStateMachine (ContainerStateMachine.java:loadSnapshot(230)) - group-8DD546A9EBD0: The snapshot info is null. Setting the last applied indexto:(t:0, i:~)
2019-09-25 05:06:10,989 [pool-37-thread-1] INFO  server.RaftServerConfigKeys (ConfUtils.java:logGet(43)) - raft.server.notification.no-leader.timeout = 120s (custom)
2019-09-25 05:06:10,989 [pool-37-thread-1] INFO  server.RaftServerConfigKeys (ConfUtils.java:logGet(43)) - raft.server.log.use.memory = false (default)
2019-09-25 05:06:10,989 [pool-37-thread-1] INFO  server.RaftServerConfigKeys (ConfUtils.java:logGet(43)) - raft.server.log.purge.gap = 1000000 (custom)
2019-09-25 05:06:10,989 [pool-37-thread-1] INFO  server.RaftServerConfigKeys (ConfUtils.java:logGet(43)) - raft.server.log.appender.buffer.byte-limit = 33554432 (custom)
2019-09-25 05:06:10,989 [pool-37-thread-1] INFO  server.RaftServerConfigKeys (ConfUtils.java:logGet(43)) - raft.server.log.segment.size.max = 1048576 (custom)
2019-09-25 05:06:10,990 [pool-37-thread-1] INFO  server.RaftServerConfigKeys (ConfUtils.java:logGet(43)) - raft.server.log.segment.cache.num.max = 2 (custom)
2019-09-25 05:06:10,990 [pool-37-thread-1] INFO  segmented.SegmentedRaftLogWorker (SegmentedRaftLogWorker.java:<init>(172)) - new 36ac27b3-2f11-437d-8f1f-165306b0ff4a@group-8DD546A9EBD0-SegmentedRaftLogWorker for RaftStorage:Storage Directory /workdir/hadoop-ozone/integration-test/target/test-dir/MiniOzoneClusterImpl-23306158-e895-4fc7-80df-ce6c264c388b/datanode-1/data/ratis/dee54bc9-e5b2-4a15-9794-8dd546a9ebd0
2019-09-25 05:06:10,990 [pool-37-thread-1] INFO  server.RaftServerConfigKeys (ConfUtils.java:logGet(43)) - raft.server.log.queue.byte-limit = 2147483647 (custom)
2019-09-25 05:06:10,990 [pool-37-thread-1] INFO  server.RaftServerConfigKeys (ConfUtils.java:logGet(43)) - raft.server.log.queue.element-limit = 1024 (custom)
2019-09-25 05:06:10,990 [pool-37-thread-1] INFO  server.RaftServerConfigKeys (ConfUtils.java:logGet(43)) - raft.server.log.segment.size.max = 1048576 (custom)
2019-09-25 05:06:10,991 [pool-37-thread-1] INFO  server.RaftServerConfigKeys (ConfUtils.java:logGet(43)) - raft.server.log.preallocated.size = 16384 (custom)
2019-09-25 05:06:10,991 [pool-37-thread-1] INFO  server.RaftServerConfigKeys (ConfUtils.java:logGet(43)) - raft.server.log.write.buffer.size = 33554432 (custom)
2019-09-25 05:06:10,991 [pool-37-thread-1] INFO  server.RaftServerConfigKeys (ConfUtils.java:logGet(43)) - raft.server.log.force.sync.num = 128 (default)
2019-09-25 05:06:10,991 [pool-37-thread-1] INFO  server.RaftServerConfigKeys (ConfUtils.java:logGet(43)) - raft.server.log.statemachine.data.sync = true (default)
2019-09-25 05:06:10,991 [pool-37-thread-1] INFO  server.RaftServerConfigKeys (ConfUtils.java:logGet(43)) - raft.server.log.statemachine.data.sync.timeout = 10s (default)
2019-09-25 05:06:10,991 [pool-37-thread-1] INFO  server.RaftServerConfigKeys (ConfUtils.java:logGet(43)) - raft.server.log.statemachine.data.sync.timeout.retry = -1 (default)
2019-09-25 05:06:10,992 [pool-37-thread-1] INFO  server.RaftServerConfigKeys (ConfUtils.java:logGet(43)) - raft.server.log.statemachine.data.caching.enabled = true (custom)
2019-09-25 05:06:10,992 [pool-37-thread-1] INFO  segmented.SegmentedRaftLogWorker (SegmentedRaftLogWorker.java:lambda$new$0(132)) - 36ac27b3-2f11-437d-8f1f-165306b0ff4a@group-8DD546A9EBD0-SegmentedRaftLogWorker: flushIndex: setUnconditionally 0 -> -1
2019-09-25 05:06:10,992 [pool-37-thread-1] INFO  server.RaftServerConfigKeys (ConfUtils.java:logGet(43)) - raft.server.snapshot.auto.trigger.enabled = true (custom)
2019-09-25 05:06:10,992 [pool-37-thread-1] INFO  server.RaftServerConfigKeys (ConfUtils.java:logGet(43)) - raft.server.snapshot.auto.trigger.threshold = 10000 (custom)
2019-09-25 05:06:10,993 [pool-37-thread-1] INFO  server.RaftServerConfigKeys (ConfUtils.java:logGet(43)) - raft.server.snapshot.retention.num.files = 5 (custom)
2019-09-25 05:06:10,993 [pool-37-thread-1] INFO  server.RaftServerConfigKeys (ConfUtils.java:logGet(43)) - raft.server.retrycache.expirytime = 600000ms (custom)
2019-09-25 05:06:10,995 [pool-37-thread-1] INFO  impl.RaftServerImpl (RaftServerImpl.java:start(185)) - 36ac27b3-2f11-437d-8f1f-165306b0ff4a@group-8DD546A9EBD0: start as a follower, conf=-1: [36ac27b3-2f11-437d-8f1f-165306b0ff4a:192.168.30.10:45265], old=null
2019-09-25 05:06:10,995 [pool-37-thread-1] INFO  impl.RaftServerImpl (RaftServerImpl.java:setRole(174)) - 36ac27b3-2f11-437d-8f1f-165306b0ff4a@group-8DD546A9EBD0: changes role from      null to FOLLOWER at term 0 for startAsFollower
2019-09-25 05:06:10,995 [pool-37-thread-1] INFO  impl.RoleInfo (RoleInfo.java:updateAndGet(143)) - 36ac27b3-2f11-437d-8f1f-165306b0ff4a: start FollowerState
2019-09-25 05:06:10,996 [pool-37-thread-1] INFO  util.JmxRegister (JmxRegister.java:tryRegister(44)) - Successfully registered JMX Bean with object name Ratis:service=RaftServer,group=group-8DD546A9EBD0,id=36ac27b3-2f11-437d-8f1f-165306b0ff4a
2019-09-25 05:06:10,998 [RatisPipelineUtilsThread] INFO  pipeline.PipelineStateManager (PipelineStateManager.java:addPipeline(56)) - Created pipeline Pipeline[ Id: dee54bc9-e5b2-4a15-9794-8dd546a9ebd0, Nodes: 36ac27b3-2f11-437d-8f1f-165306b0ff4a{ip: 192.168.30.10, host: pr-hdds-1569-s62bp-3040748787, networkLocation: /default-rack, certSerialId: null}, Type:RATIS, Factor:ONE, State:OPEN]
2019-09-25 05:06:11,003 [grpc-default-executor-0] INFO  impl.RaftServerProxy (RaftServerProxy.java:addNew(89)) - c8798e02-7f0c-41f7-82c2-a17323bcf21e: addNew group-9DDFBFE6AEF6:[c8798e02-7f0c-41f7-82c2-a17323bcf21e:192.168.30.10:40603] returns group-9DDFBFE6AEF6:java.util.concurrent.CompletableFuture@78f113c0[Not completed]
2019-09-25 05:06:11,004 [pool-47-thread-1] INFO  impl.RaftServerImpl (RaftServerImpl.java:<init>(95)) - c8798e02-7f0c-41f7-82c2-a17323bcf21e: new RaftServerImpl for group-9DDFBFE6AEF6:[c8798e02-7f0c-41f7-82c2-a17323bcf21e:192.168.30.10:40603] with ContainerStateMachine:uninitialized
2019-09-25 05:06:11,004 [pool-47-thread-1] INFO  server.RaftServerConfigKeys (ConfUtils.java:logGet(43)) - raft.server.rpc.timeout.min = 5s (custom)
2019-09-25 05:06:11,004 [pool-47-thread-1] INFO  server.RaftServerConfigKeys (ConfUtils.java:logGet(43)) - raft.server.rpc.timeout.max = 5200ms (custom)
2019-09-25 05:06:11,004 [pool-47-thread-1] INFO  server.RaftServerConfigKeys (ConfUtils.java:logGet(43)) - raft.server.rpcslowness.timeout = 120s (custom)
2019-09-25 05:06:11,004 [pool-47-thread-1] INFO  server.RaftServerConfigKeys (ConfUtils.java:logGet(43)) - raft.server.sleep.deviation.threshold = 300 (default)
2019-09-25 05:06:11,004 [pool-47-thread-1] INFO  server.RaftServerConfigKeys (ConfUtils.java:logGet(43)) - raft.server.log.appender.install.snapshot.enabled = false (custom)
2019-09-25 05:06:11,005 [pool-47-thread-1] INFO  impl.RaftServerImpl (ServerState.java:<init>(103)) - c8798e02-7f0c-41f7-82c2-a17323bcf21e@group-9DDFBFE6AEF6: ConfigurationManager, init=-1: [c8798e02-7f0c-41f7-82c2-a17323bcf21e:192.168.30.10:40603], old=null, confs=<EMPTY_MAP>
2019-09-25 05:06:11,005 [pool-47-thread-1] INFO  server.RaftServerConfigKeys (ConfUtils.java:logGet(43)) - raft.server.storage.dir = [/workdir/hadoop-ozone/integration-test/target/test-dir/MiniOzoneClusterImpl-23306158-e895-4fc7-80df-ce6c264c388b/datanode-2/data/ratis] (custom)
2019-09-25 05:06:11,005 [pool-47-thread-1] INFO  storage.RaftStorageDirectory (RaftStorageDirectory.java:analyzeStorage(246)) - The storage directory /workdir/hadoop-ozone/integration-test/target/test-dir/MiniOzoneClusterImpl-23306158-e895-4fc7-80df-ce6c264c388b/datanode-2/data/ratis/3e10d832-d85c-41bd-9f63-9ddfbfe6aef6 does not exist. Creating ...
2019-09-25 05:06:11,010 [pool-47-thread-1] INFO  storage.RaftStorageDirectory (RaftStorageDirectory.java:tryLock(328)) - Lock on /workdir/hadoop-ozone/integration-test/target/test-dir/MiniOzoneClusterImpl-23306158-e895-4fc7-80df-ce6c264c388b/datanode-2/data/ratis/3e10d832-d85c-41bd-9f63-9ddfbfe6aef6/in_use.lock acquired by nodename 25526@pr-hdds-1569-s62bp-3040748787
2019-09-25 05:06:11,013 [pool-47-thread-1] INFO  storage.RaftStorage (RaftStorage.java:format(72)) - Storage directory /workdir/hadoop-ozone/integration-test/target/test-dir/MiniOzoneClusterImpl-23306158-e895-4fc7-80df-ce6c264c388b/datanode-2/data/ratis/3e10d832-d85c-41bd-9f63-9ddfbfe6aef6 has been successfully formatted.
2019-09-25 05:06:11,014 [pool-47-thread-1] INFO  ratis.ContainerStateMachine (ContainerStateMachine.java:loadSnapshot(230)) - group-9DDFBFE6AEF6: The snapshot info is null. Setting the last applied indexto:(t:0, i:~)
2019-09-25 05:06:11,014 [pool-47-thread-1] INFO  server.RaftServerConfigKeys (ConfUtils.java:logGet(43)) - raft.server.notification.no-leader.timeout = 120s (custom)
2019-09-25 05:06:11,014 [pool-47-thread-1] INFO  server.RaftServerConfigKeys (ConfUtils.java:logGet(43)) - raft.server.log.use.memory = false (default)
2019-09-25 05:06:11,014 [pool-47-thread-1] INFO  server.RaftServerConfigKeys (ConfUtils.java:logGet(43)) - raft.server.log.purge.gap = 1000000 (custom)
2019-09-25 05:06:11,014 [pool-47-thread-1] INFO  server.RaftServerConfigKeys (ConfUtils.java:logGet(43)) - raft.server.log.appender.buffer.byte-limit = 33554432 (custom)
2019-09-25 05:06:11,014 [pool-47-thread-1] INFO  server.RaftServerConfigKeys (ConfUtils.java:logGet(43)) - raft.server.log.segment.size.max = 1048576 (custom)
2019-09-25 05:06:11,014 [pool-47-thread-1] INFO  server.RaftServerConfigKeys (ConfUtils.java:logGet(43)) - raft.server.log.segment.cache.num.max = 2 (custom)
2019-09-25 05:06:11,015 [pool-47-thread-1] INFO  segmented.SegmentedRaftLogWorker (SegmentedRaftLogWorker.java:<init>(172)) - new c8798e02-7f0c-41f7-82c2-a17323bcf21e@group-9DDFBFE6AEF6-SegmentedRaftLogWorker for RaftStorage:Storage Directory /workdir/hadoop-ozone/integration-test/target/test-dir/MiniOzoneClusterImpl-23306158-e895-4fc7-80df-ce6c264c388b/datanode-2/data/ratis/3e10d832-d85c-41bd-9f63-9ddfbfe6aef6
2019-09-25 05:06:11,015 [pool-47-thread-1] INFO  server.RaftServerConfigKeys (ConfUtils.java:logGet(43)) - raft.server.log.queue.byte-limit = 2147483647 (custom)
2019-09-25 05:06:11,015 [pool-47-thread-1] INFO  server.RaftServerConfigKeys (ConfUtils.java:logGet(43)) - raft.server.log.queue.element-limit = 1024 (custom)
2019-09-25 05:06:11,015 [pool-47-thread-1] INFO  server.RaftServerConfigKeys (ConfUtils.java:logGet(43)) - raft.server.log.segment.size.max = 1048576 (custom)
2019-09-25 05:06:11,015 [pool-47-thread-1] INFO  server.RaftServerConfigKeys (ConfUtils.java:logGet(43)) - raft.server.log.preallocated.size = 16384 (custom)
2019-09-25 05:06:11,015 [pool-47-thread-1] INFO  server.RaftServerConfigKeys (ConfUtils.java:logGet(43)) - raft.server.log.write.buffer.size = 33554432 (custom)
2019-09-25 05:06:11,015 [pool-47-thread-1] INFO  server.RaftServerConfigKeys (ConfUtils.java:logGet(43)) - raft.server.log.force.sync.num = 128 (default)
2019-09-25 05:06:11,015 [pool-47-thread-1] INFO  server.RaftServerConfigKeys (ConfUtils.java:logGet(43)) - raft.server.log.statemachine.data.sync = true (default)
2019-09-25 05:06:11,015 [pool-47-thread-1] INFO  server.RaftServerConfigKeys (ConfUtils.java:logGet(43)) - raft.server.log.statemachine.data.sync.timeout = 10s (default)
2019-09-25 05:06:11,015 [pool-47-thread-1] INFO  server.RaftServerConfigKeys (ConfUtils.java:logGet(43)) - raft.server.log.statemachine.data.sync.timeout.retry = -1 (default)
2019-09-25 05:06:11,016 [pool-47-thread-1] INFO  server.RaftServerConfigKeys (ConfUtils.java:logGet(43)) - raft.server.log.statemachine.data.caching.enabled = true (custom)
2019-09-25 05:06:11,016 [pool-47-thread-1] INFO  segmented.SegmentedRaftLogWorker (SegmentedRaftLogWorker.java:lambda$new$0(132)) - c8798e02-7f0c-41f7-82c2-a17323bcf21e@group-9DDFBFE6AEF6-SegmentedRaftLogWorker: flushIndex: setUnconditionally 0 -> -1
2019-09-25 05:06:11,016 [pool-47-thread-1] INFO  server.RaftServerConfigKeys (ConfUtils.java:logGet(43)) - raft.server.snapshot.auto.trigger.enabled = true (custom)
2019-09-25 05:06:11,016 [pool-47-thread-1] INFO  server.RaftServerConfigKeys (ConfUtils.java:logGet(43)) - raft.server.snapshot.auto.trigger.threshold = 10000 (custom)
2019-09-25 05:06:11,016 [pool-47-thread-1] INFO  server.RaftServerConfigKeys (ConfUtils.java:logGet(43)) - raft.server.snapshot.retention.num.files = 5 (custom)
2019-09-25 05:06:11,016 [pool-47-thread-1] INFO  server.RaftServerConfigKeys (ConfUtils.java:logGet(43)) - raft.server.retrycache.expirytime = 600000ms (custom)
2019-09-25 05:06:11,018 [pool-47-thread-1] INFO  impl.RaftServerImpl (RaftServerImpl.java:start(185)) - c8798e02-7f0c-41f7-82c2-a17323bcf21e@group-9DDFBFE6AEF6: start as a follower, conf=-1: [c8798e02-7f0c-41f7-82c2-a17323bcf21e:192.168.30.10:40603], old=null
2019-09-25 05:06:11,018 [pool-47-thread-1] INFO  impl.RaftServerImpl (RaftServerImpl.java:setRole(174)) - c8798e02-7f0c-41f7-82c2-a17323bcf21e@group-9DDFBFE6AEF6: changes role from      null to FOLLOWER at term 0 for startAsFollower
2019-09-25 05:06:11,018 [pool-47-thread-1] INFO  impl.RoleInfo (RoleInfo.java:updateAndGet(143)) - c8798e02-7f0c-41f7-82c2-a17323bcf21e: start FollowerState
2019-09-25 05:06:11,019 [pool-47-thread-1] INFO  util.JmxRegister (JmxRegister.java:tryRegister(44)) - Successfully registered JMX Bean with object name Ratis:service=RaftServer,group=group-9DDFBFE6AEF6,id=c8798e02-7f0c-41f7-82c2-a17323bcf21e
2019-09-25 05:06:11,021 [RatisPipelineUtilsThread] INFO  pipeline.PipelineStateManager (PipelineStateManager.java:addPipeline(56)) - Created pipeline Pipeline[ Id: 3e10d832-d85c-41bd-9f63-9ddfbfe6aef6, Nodes: c8798e02-7f0c-41f7-82c2-a17323bcf21e{ip: 192.168.30.10, host: pr-hdds-1569-s62bp-3040748787, networkLocation: /default-rack, certSerialId: null}, Type:RATIS, Factor:ONE, State:OPEN]
2019-09-25 05:06:11,026 [grpc-default-executor-0] INFO  impl.RaftServerProxy (RaftServerProxy.java:addNew(89)) - de37f7a0-0375-40a9-a318-404478482fcb: addNew group-A1620A7450E6:[de37f7a0-0375-40a9-a318-404478482fcb:192.168.30.10:44522] returns group-A1620A7450E6:java.util.concurrent.CompletableFuture@52ababd[Not completed]
2019-09-25 05:06:11,028 [pool-57-thread-1] INFO  impl.RaftServerImpl (RaftServerImpl.java:<init>(95)) - de37f7a0-0375-40a9-a318-404478482fcb: new RaftServerImpl for group-A1620A7450E6:[de37f7a0-0375-40a9-a318-404478482fcb:192.168.30.10:44522] with ContainerStateMachine:uninitialized
2019-09-25 05:06:11,028 [pool-57-thread-1] INFO  server.RaftServerConfigKeys (ConfUtils.java:logGet(43)) - raft.server.rpc.timeout.min = 5s (custom)
2019-09-25 05:06:11,028 [pool-57-thread-1] INFO  server.RaftServerConfigKeys (ConfUtils.java:logGet(43)) - raft.server.rpc.timeout.max = 5200ms (custom)
2019-09-25 05:06:11,028 [pool-57-thread-1] INFO  server.RaftServerConfigKeys (ConfUtils.java:logGet(43)) - raft.server.rpcslowness.timeout = 120s (custom)
2019-09-25 05:06:11,028 [pool-57-thread-1] INFO  server.RaftServerConfigKeys (ConfUtils.java:logGet(43)) - raft.server.sleep.deviation.threshold = 300 (default)
2019-09-25 05:06:11,028 [pool-57-thread-1] INFO  server.RaftServerConfigKeys (ConfUtils.java:logGet(43)) - raft.server.log.appender.install.snapshot.enabled = false (custom)
2019-09-25 05:06:11,028 [pool-57-thread-1] INFO  impl.RaftServerImpl (ServerState.java:<init>(103)) - de37f7a0-0375-40a9-a318-404478482fcb@group-A1620A7450E6: ConfigurationManager, init=-1: [de37f7a0-0375-40a9-a318-404478482fcb:192.168.30.10:44522], old=null, confs=<EMPTY_MAP>
2019-09-25 05:06:11,028 [pool-57-thread-1] INFO  server.RaftServerConfigKeys (ConfUtils.java:logGet(43)) - raft.server.storage.dir = [/workdir/hadoop-ozone/integration-test/target/test-dir/MiniOzoneClusterImpl-23306158-e895-4fc7-80df-ce6c264c388b/datanode-3/data/ratis] (custom)
2019-09-25 05:06:11,029 [pool-57-thread-1] INFO  storage.RaftStorageDirectory (RaftStorageDirectory.java:analyzeStorage(246)) - The storage directory /workdir/hadoop-ozone/integration-test/target/test-dir/MiniOzoneClusterImpl-23306158-e895-4fc7-80df-ce6c264c388b/datanode-3/data/ratis/f6cf22b8-f8a5-4656-b0bf-a1620a7450e6 does not exist. Creating ...
2019-09-25 05:06:11,032 [pool-57-thread-1] INFO  storage.RaftStorageDirectory (RaftStorageDirectory.java:tryLock(328)) - Lock on /workdir/hadoop-ozone/integration-test/target/test-dir/MiniOzoneClusterImpl-23306158-e895-4fc7-80df-ce6c264c388b/datanode-3/data/ratis/f6cf22b8-f8a5-4656-b0bf-a1620a7450e6/in_use.lock acquired by nodename 25526@pr-hdds-1569-s62bp-3040748787
2019-09-25 05:06:11,036 [pool-57-thread-1] INFO  storage.RaftStorage (RaftStorage.java:format(72)) - Storage directory /workdir/hadoop-ozone/integration-test/target/test-dir/MiniOzoneClusterImpl-23306158-e895-4fc7-80df-ce6c264c388b/datanode-3/data/ratis/f6cf22b8-f8a5-4656-b0bf-a1620a7450e6 has been successfully formatted.
2019-09-25 05:06:11,036 [pool-57-thread-1] INFO  ratis.ContainerStateMachine (ContainerStateMachine.java:loadSnapshot(230)) - group-A1620A7450E6: The snapshot info is null. Setting the last applied indexto:(t:0, i:~)
2019-09-25 05:06:11,037 [pool-57-thread-1] INFO  server.RaftServerConfigKeys (ConfUtils.java:logGet(43)) - raft.server.notification.no-leader.timeout = 120s (custom)
2019-09-25 05:06:11,037 [pool-57-thread-1] INFO  server.RaftServerConfigKeys (ConfUtils.java:logGet(43)) - raft.server.log.use.memory = false (default)
2019-09-25 05:06:11,037 [pool-57-thread-1] INFO  server.RaftServerConfigKeys (ConfUtils.java:logGet(43)) - raft.server.log.purge.gap = 1000000 (custom)
2019-09-25 05:06:11,037 [pool-57-thread-1] INFO  server.RaftServerConfigKeys (ConfUtils.java:logGet(43)) - raft.server.log.appender.buffer.byte-limit = 33554432 (custom)
2019-09-25 05:06:11,037 [pool-57-thread-1] INFO  server.RaftServerConfigKeys (ConfUtils.java:logGet(43)) - raft.server.log.segment.size.max = 1048576 (custom)
2019-09-25 05:06:11,037 [pool-57-thread-1] INFO  server.RaftServerConfigKeys (ConfUtils.java:logGet(43)) - raft.server.log.segment.cache.num.max = 2 (custom)
2019-09-25 05:06:11,037 [pool-57-thread-1] INFO  segmented.SegmentedRaftLogWorker (SegmentedRaftLogWorker.java:<init>(172)) - new de37f7a0-0375-40a9-a318-404478482fcb@group-A1620A7450E6-SegmentedRaftLogWorker for RaftStorage:Storage Directory /workdir/hadoop-ozone/integration-test/target/test-dir/MiniOzoneClusterImpl-23306158-e895-4fc7-80df-ce6c264c388b/datanode-3/data/ratis/f6cf22b8-f8a5-4656-b0bf-a1620a7450e6
2019-09-25 05:06:11,037 [pool-57-thread-1] INFO  server.RaftServerConfigKeys (ConfUtils.java:logGet(43)) - raft.server.log.queue.byte-limit = 2147483647 (custom)
2019-09-25 05:06:11,038 [pool-57-thread-1] INFO  server.RaftServerConfigKeys (ConfUtils.java:logGet(43)) - raft.server.log.queue.element-limit = 1024 (custom)
2019-09-25 05:06:11,038 [pool-57-thread-1] INFO  server.RaftServerConfigKeys (ConfUtils.java:logGet(43)) - raft.server.log.segment.size.max = 1048576 (custom)
2019-09-25 05:06:11,038 [pool-57-thread-1] INFO  server.RaftServerConfigKeys (ConfUtils.java:logGet(43)) - raft.server.log.preallocated.size = 16384 (custom)
2019-09-25 05:06:11,038 [pool-57-thread-1] INFO  server.RaftServerConfigKeys (ConfUtils.java:logGet(43)) - raft.server.log.write.buffer.size = 33554432 (custom)
2019-09-25 05:06:11,038 [pool-57-thread-1] INFO  server.RaftServerConfigKeys (ConfUtils.java:logGet(43)) - raft.server.log.force.sync.num = 128 (default)
2019-09-25 05:06:11,038 [pool-57-thread-1] INFO  server.RaftServerConfigKeys (ConfUtils.java:logGet(43)) - raft.server.log.statemachine.data.sync = true (default)
2019-09-25 05:06:11,038 [pool-57-thread-1] INFO  server.RaftServerConfigKeys (ConfUtils.java:logGet(43)) - raft.server.log.statemachine.data.sync.timeout = 10s (default)
2019-09-25 05:06:11,038 [pool-57-thread-1] INFO  server.RaftServerConfigKeys (ConfUtils.java:logGet(43)) - raft.server.log.statemachine.data.sync.timeout.retry = -1 (default)
2019-09-25 05:06:11,039 [pool-57-thread-1] INFO  server.RaftServerConfigKeys (ConfUtils.java:logGet(43)) - raft.server.log.statemachine.data.caching.enabled = true (custom)
2019-09-25 05:06:11,039 [pool-57-thread-1] INFO  segmented.SegmentedRaftLogWorker (SegmentedRaftLogWorker.java:lambda$new$0(132)) - de37f7a0-0375-40a9-a318-404478482fcb@group-A1620A7450E6-SegmentedRaftLogWorker: flushIndex: setUnconditionally 0 -> -1
2019-09-25 05:06:11,039 [pool-57-thread-1] INFO  server.RaftServerConfigKeys (ConfUtils.java:logGet(43)) - raft.server.snapshot.auto.trigger.enabled = true (custom)
2019-09-25 05:06:11,039 [pool-57-thread-1] INFO  server.RaftServerConfigKeys (ConfUtils.java:logGet(43)) - raft.server.snapshot.auto.trigger.threshold = 10000 (custom)
2019-09-25 05:06:11,040 [pool-57-thread-1] INFO  server.RaftServerConfigKeys (ConfUtils.java:logGet(43)) - raft.server.snapshot.retention.num.files = 5 (custom)
2019-09-25 05:06:11,040 [pool-57-thread-1] INFO  server.RaftServerConfigKeys (ConfUtils.java:logGet(43)) - raft.server.retrycache.expirytime = 600000ms (custom)
2019-09-25 05:06:11,042 [pool-57-thread-1] INFO  impl.RaftServerImpl (RaftServerImpl.java:start(185)) - de37f7a0-0375-40a9-a318-404478482fcb@group-A1620A7450E6: start as a follower, conf=-1: [de37f7a0-0375-40a9-a318-404478482fcb:192.168.30.10:44522], old=null
2019-09-25 05:06:11,042 [pool-57-thread-1] INFO  impl.RaftServerImpl (RaftServerImpl.java:setRole(174)) - de37f7a0-0375-40a9-a318-404478482fcb@group-A1620A7450E6: changes role from      null to FOLLOWER at term 0 for startAsFollower
2019-09-25 05:06:11,042 [pool-57-thread-1] INFO  impl.RoleInfo (RoleInfo.java:updateAndGet(143)) - de37f7a0-0375-40a9-a318-404478482fcb: start FollowerState
2019-09-25 05:06:11,043 [pool-57-thread-1] INFO  util.JmxRegister (JmxRegister.java:tryRegister(44)) - Successfully registered JMX Bean with object name Ratis:service=RaftServer,group=group-A1620A7450E6,id=de37f7a0-0375-40a9-a318-404478482fcb
2019-09-25 05:06:11,045 [RatisPipelineUtilsThread] INFO  pipeline.PipelineStateManager (PipelineStateManager.java:addPipeline(56)) - Created pipeline Pipeline[ Id: f6cf22b8-f8a5-4656-b0bf-a1620a7450e6, Nodes: de37f7a0-0375-40a9-a318-404478482fcb{ip: 192.168.30.10, host: pr-hdds-1569-s62bp-3040748787, networkLocation: /default-rack, certSerialId: null}, Type:RATIS, Factor:ONE, State:OPEN]
2019-09-25 05:06:11,051 [grpc-default-executor-0] INFO  impl.RaftServerProxy (RaftServerProxy.java:addNew(89)) - de37f7a0-0375-40a9-a318-404478482fcb: addNew group-0E3BCDB4BC6F:[de37f7a0-0375-40a9-a318-404478482fcb:192.168.30.10:44522] returns group-0E3BCDB4BC6F:java.util.concurrent.CompletableFuture@74feab6a[Not completed]
2019-09-25 05:06:11,052 [pool-57-thread-1] INFO  impl.RaftServerImpl (RaftServerImpl.java:<init>(95)) - de37f7a0-0375-40a9-a318-404478482fcb: new RaftServerImpl for group-0E3BCDB4BC6F:[de37f7a0-0375-40a9-a318-404478482fcb:192.168.30.10:44522] with ContainerStateMachine:uninitialized
2019-09-25 05:06:11,052 [pool-57-thread-1] INFO  server.RaftServerConfigKeys (ConfUtils.java:logGet(43)) - raft.server.rpc.timeout.min = 5s (custom)
2019-09-25 05:06:11,052 [pool-57-thread-1] INFO  server.RaftServerConfigKeys (ConfUtils.java:logGet(43)) - raft.server.rpc.timeout.max = 5200ms (custom)
2019-09-25 05:06:11,052 [pool-57-thread-1] INFO  server.RaftServerConfigKeys (ConfUtils.java:logGet(43)) - raft.server.rpcslowness.timeout = 120s (custom)
2019-09-25 05:06:11,052 [pool-57-thread-1] INFO  server.RaftServerConfigKeys (ConfUtils.java:logGet(43)) - raft.server.sleep.deviation.threshold = 300 (default)
2019-09-25 05:06:11,052 [pool-57-thread-1] INFO  server.RaftServerConfigKeys (ConfUtils.java:logGet(43)) - raft.server.log.appender.install.snapshot.enabled = false (custom)
2019-09-25 05:06:11,053 [pool-57-thread-1] INFO  impl.RaftServerImpl (ServerState.java:<init>(103)) - de37f7a0-0375-40a9-a318-404478482fcb@group-0E3BCDB4BC6F: ConfigurationManager, init=-1: [de37f7a0-0375-40a9-a318-404478482fcb:192.168.30.10:44522], old=null, confs=<EMPTY_MAP>
2019-09-25 05:06:11,053 [pool-57-thread-1] INFO  server.RaftServerConfigKeys (ConfUtils.java:logGet(43)) - raft.server.storage.dir = [/workdir/hadoop-ozone/integration-test/target/test-dir/MiniOzoneClusterImpl-23306158-e895-4fc7-80df-ce6c264c388b/datanode-3/data/ratis] (custom)
2019-09-25 05:06:11,053 [pool-57-thread-1] INFO  storage.RaftStorageDirectory (RaftStorageDirectory.java:analyzeStorage(246)) - The storage directory /workdir/hadoop-ozone/integration-test/target/test-dir/MiniOzoneClusterImpl-23306158-e895-4fc7-80df-ce6c264c388b/datanode-3/data/ratis/e2d1847f-095a-4402-a70d-0e3bcdb4bc6f does not exist. Creating ...
2019-09-25 05:06:11,056 [pool-57-thread-1] INFO  storage.RaftStorageDirectory (RaftStorageDirectory.java:tryLock(328)) - Lock on /workdir/hadoop-ozone/integration-test/target/test-dir/MiniOzoneClusterImpl-23306158-e895-4fc7-80df-ce6c264c388b/datanode-3/data/ratis/e2d1847f-095a-4402-a70d-0e3bcdb4bc6f/in_use.lock acquired by nodename 25526@pr-hdds-1569-s62bp-3040748787
2019-09-25 05:06:11,062 [pool-57-thread-1] INFO  storage.RaftStorage (RaftStorage.java:format(72)) - Storage directory /workdir/hadoop-ozone/integration-test/target/test-dir/MiniOzoneClusterImpl-23306158-e895-4fc7-80df-ce6c264c388b/datanode-3/data/ratis/e2d1847f-095a-4402-a70d-0e3bcdb4bc6f has been successfully formatted.
2019-09-25 05:06:11,062 [pool-57-thread-1] INFO  ratis.ContainerStateMachine (ContainerStateMachine.java:loadSnapshot(230)) - group-0E3BCDB4BC6F: The snapshot info is null. Setting the last applied indexto:(t:0, i:~)
2019-09-25 05:06:11,062 [pool-57-thread-1] INFO  server.RaftServerConfigKeys (ConfUtils.java:logGet(43)) - raft.server.notification.no-leader.timeout = 120s (custom)
2019-09-25 05:06:11,062 [pool-57-thread-1] INFO  server.RaftServerConfigKeys (ConfUtils.java:logGet(43)) - raft.server.log.use.memory = false (default)
2019-09-25 05:06:11,062 [pool-57-thread-1] INFO  server.RaftServerConfigKeys (ConfUtils.java:logGet(43)) - raft.server.log.purge.gap = 1000000 (custom)
2019-09-25 05:06:11,063 [pool-57-thread-1] INFO  server.RaftServerConfigKeys (ConfUtils.java:logGet(43)) - raft.server.log.appender.buffer.byte-limit = 33554432 (custom)
2019-09-25 05:06:11,063 [pool-57-thread-1] INFO  server.RaftServerConfigKeys (ConfUtils.java:logGet(43)) - raft.server.log.segment.size.max = 1048576 (custom)
2019-09-25 05:06:11,063 [pool-57-thread-1] INFO  server.RaftServerConfigKeys (ConfUtils.java:logGet(43)) - raft.server.log.segment.cache.num.max = 2 (custom)
2019-09-25 05:06:11,063 [pool-57-thread-1] INFO  segmented.SegmentedRaftLogWorker (SegmentedRaftLogWorker.java:<init>(172)) - new de37f7a0-0375-40a9-a318-404478482fcb@group-0E3BCDB4BC6F-SegmentedRaftLogWorker for RaftStorage:Storage Directory /workdir/hadoop-ozone/integration-test/target/test-dir/MiniOzoneClusterImpl-23306158-e895-4fc7-80df-ce6c264c388b/datanode-3/data/ratis/e2d1847f-095a-4402-a70d-0e3bcdb4bc6f
2019-09-25 05:06:11,063 [pool-57-thread-1] INFO  server.RaftServerConfigKeys (ConfUtils.java:logGet(43)) - raft.server.log.queue.byte-limit = 2147483647 (custom)
2019-09-25 05:06:11,063 [pool-57-thread-1] INFO  server.RaftServerConfigKeys (ConfUtils.java:logGet(43)) - raft.server.log.queue.element-limit = 1024 (custom)
2019-09-25 05:06:11,063 [pool-57-thread-1] INFO  server.RaftServerConfigKeys (ConfUtils.java:logGet(43)) - raft.server.log.segment.size.max = 1048576 (custom)
2019-09-25 05:06:11,063 [pool-57-thread-1] INFO  server.RaftServerConfigKeys (ConfUtils.java:logGet(43)) - raft.server.log.preallocated.size = 16384 (custom)
2019-09-25 05:06:11,064 [pool-57-thread-1] INFO  server.RaftServerConfigKeys (ConfUtils.java:logGet(43)) - raft.server.log.write.buffer.size = 33554432 (custom)
2019-09-25 05:06:11,064 [pool-57-thread-1] INFO  server.RaftServerConfigKeys (ConfUtils.java:logGet(43)) - raft.server.log.force.sync.num = 128 (default)
2019-09-25 05:06:11,064 [pool-57-thread-1] INFO  server.RaftServerConfigKeys (ConfUtils.java:logGet(43)) - raft.server.log.statemachine.data.sync = true (default)
2019-09-25 05:06:11,064 [pool-57-thread-1] INFO  server.RaftServerConfigKeys (ConfUtils.java:logGet(43)) - raft.server.log.statemachine.data.sync.timeout = 10s (default)
2019-09-25 05:06:11,064 [pool-57-thread-1] INFO  server.RaftServerConfigKeys (ConfUtils.java:logGet(43)) - raft.server.log.statemachine.data.sync.timeout.retry = -1 (default)
2019-09-25 05:06:11,064 [pool-57-thread-1] INFO  server.RaftServerConfigKeys (ConfUtils.java:logGet(43)) - raft.server.log.statemachine.data.caching.enabled = true (custom)
2019-09-25 05:06:11,065 [pool-57-thread-1] INFO  segmented.SegmentedRaftLogWorker (SegmentedRaftLogWorker.java:lambda$new$0(132)) - de37f7a0-0375-40a9-a318-404478482fcb@group-0E3BCDB4BC6F-SegmentedRaftLogWorker: flushIndex: setUnconditionally 0 -> -1
2019-09-25 05:06:11,065 [pool-57-thread-1] INFO  server.RaftServerConfigKeys (ConfUtils.java:logGet(43)) - raft.server.snapshot.auto.trigger.enabled = true (custom)
2019-09-25 05:06:11,065 [pool-57-thread-1] INFO  server.RaftServerConfigKeys (ConfUtils.java:logGet(43)) - raft.server.snapshot.auto.trigger.threshold = 10000 (custom)
2019-09-25 05:06:11,065 [pool-57-thread-1] INFO  server.RaftServerConfigKeys (ConfUtils.java:logGet(43)) - raft.server.snapshot.retention.num.files = 5 (custom)
2019-09-25 05:06:11,065 [pool-57-thread-1] INFO  server.RaftServerConfigKeys (ConfUtils.java:logGet(43)) - raft.server.retrycache.expirytime = 600000ms (custom)
2019-09-25 05:06:11,067 [pool-57-thread-1] INFO  impl.RaftServerImpl (RaftServerImpl.java:start(185)) - de37f7a0-0375-40a9-a318-404478482fcb@group-0E3BCDB4BC6F: start as a follower, conf=-1: [de37f7a0-0375-40a9-a318-404478482fcb:192.168.30.10:44522], old=null
2019-09-25 05:06:11,067 [pool-57-thread-1] INFO  impl.RaftServerImpl (RaftServerImpl.java:setRole(174)) - de37f7a0-0375-40a9-a318-404478482fcb@group-0E3BCDB4BC6F: changes role from      null to FOLLOWER at term 0 for startAsFollower
2019-09-25 05:06:11,068 [pool-57-thread-1] INFO  impl.RoleInfo (RoleInfo.java:updateAndGet(143)) - de37f7a0-0375-40a9-a318-404478482fcb: start FollowerState
2019-09-25 05:06:11,068 [pool-57-thread-1] INFO  util.JmxRegister (JmxRegister.java:tryRegister(44)) - Successfully registered JMX Bean with object name Ratis:service=RaftServer,group=group-0E3BCDB4BC6F,id=de37f7a0-0375-40a9-a318-404478482fcb
2019-09-25 05:06:11,070 [RatisPipelineUtilsThread] INFO  pipeline.PipelineStateManager (PipelineStateManager.java:addPipeline(56)) - Created pipeline Pipeline[ Id: e2d1847f-095a-4402-a70d-0e3bcdb4bc6f, Nodes: de37f7a0-0375-40a9-a318-404478482fcb{ip: 192.168.30.10, host: pr-hdds-1569-s62bp-3040748787, networkLocation: /default-rack, certSerialId: null}, Type:RATIS, Factor:ONE, State:OPEN]
2019-09-25 05:06:11,075 [grpc-default-executor-0] INFO  impl.RaftServerProxy (RaftServerProxy.java:addNew(89)) - 36ac27b3-2f11-437d-8f1f-165306b0ff4a: addNew group-77822DFAEBE8:[36ac27b3-2f11-437d-8f1f-165306b0ff4a:192.168.30.10:45265] returns group-77822DFAEBE8:java.util.concurrent.CompletableFuture@d2eaa8d[Not completed]
2019-09-25 05:06:11,076 [pool-37-thread-1] INFO  impl.RaftServerImpl (RaftServerImpl.java:<init>(95)) - 36ac27b3-2f11-437d-8f1f-165306b0ff4a: new RaftServerImpl for group-77822DFAEBE8:[36ac27b3-2f11-437d-8f1f-165306b0ff4a:192.168.30.10:45265] with ContainerStateMachine:uninitialized
2019-09-25 05:06:11,076 [pool-37-thread-1] INFO  server.RaftServerConfigKeys (ConfUtils.java:logGet(43)) - raft.server.rpc.timeout.min = 5s (custom)
2019-09-25 05:06:11,076 [pool-37-thread-1] INFO  server.RaftServerConfigKeys (ConfUtils.java:logGet(43)) - raft.server.rpc.timeout.max = 5200ms (custom)
2019-09-25 05:06:11,076 [pool-37-thread-1] INFO  server.RaftServerConfigKeys (ConfUtils.java:logGet(43)) - raft.server.rpcslowness.timeout = 120s (custom)
2019-09-25 05:06:11,077 [pool-37-thread-1] INFO  server.RaftServerConfigKeys (ConfUtils.java:logGet(43)) - raft.server.sleep.deviation.threshold = 300 (default)
2019-09-25 05:06:11,077 [pool-37-thread-1] INFO  server.RaftServerConfigKeys (ConfUtils.java:logGet(43)) - raft.server.log.appender.install.snapshot.enabled = false (custom)
2019-09-25 05:06:11,077 [pool-37-thread-1] INFO  impl.RaftServerImpl (ServerState.java:<init>(103)) - 36ac27b3-2f11-437d-8f1f-165306b0ff4a@group-77822DFAEBE8: ConfigurationManager, init=-1: [36ac27b3-2f11-437d-8f1f-165306b0ff4a:192.168.30.10:45265], old=null, confs=<EMPTY_MAP>
2019-09-25 05:06:11,077 [pool-37-thread-1] INFO  server.RaftServerConfigKeys (ConfUtils.java:logGet(43)) - raft.server.storage.dir = [/workdir/hadoop-ozone/integration-test/target/test-dir/MiniOzoneClusterImpl-23306158-e895-4fc7-80df-ce6c264c388b/datanode-1/data/ratis] (custom)
2019-09-25 05:06:11,106 [pool-37-thread-1] INFO  storage.RaftStorageDirectory (RaftStorageDirectory.java:analyzeStorage(246)) - The storage directory /workdir/hadoop-ozone/integration-test/target/test-dir/MiniOzoneClusterImpl-23306158-e895-4fc7-80df-ce6c264c388b/datanode-1/data/ratis/736e7459-5bb8-48fa-971d-77822dfaebe8 does not exist. Creating ...
2019-09-25 05:06:11,273 [pool-37-thread-1] INFO  storage.RaftStorageDirectory (RaftStorageDirectory.java:tryLock(328)) - Lock on /workdir/hadoop-ozone/integration-test/target/test-dir/MiniOzoneClusterImpl-23306158-e895-4fc7-80df-ce6c264c388b/datanode-1/data/ratis/736e7459-5bb8-48fa-971d-77822dfaebe8/in_use.lock acquired by nodename 25526@pr-hdds-1569-s62bp-3040748787
2019-09-25 05:06:11,291 [pool-37-thread-1] INFO  storage.RaftStorage (RaftStorage.java:format(72)) - Storage directory /workdir/hadoop-ozone/integration-test/target/test-dir/MiniOzoneClusterImpl-23306158-e895-4fc7-80df-ce6c264c388b/datanode-1/data/ratis/736e7459-5bb8-48fa-971d-77822dfaebe8 has been successfully formatted.
2019-09-25 05:06:11,292 [pool-37-thread-1] INFO  ratis.ContainerStateMachine (ContainerStateMachine.java:loadSnapshot(230)) - group-77822DFAEBE8: The snapshot info is null. Setting the last applied indexto:(t:0, i:~)
2019-09-25 05:06:11,292 [pool-37-thread-1] INFO  server.RaftServerConfigKeys (ConfUtils.java:logGet(43)) - raft.server.notification.no-leader.timeout = 120s (custom)
2019-09-25 05:06:11,292 [pool-37-thread-1] INFO  server.RaftServerConfigKeys (ConfUtils.java:logGet(43)) - raft.server.log.use.memory = false (default)
2019-09-25 05:06:11,292 [pool-37-thread-1] INFO  server.RaftServerConfigKeys (ConfUtils.java:logGet(43)) - raft.server.log.purge.gap = 1000000 (custom)
2019-09-25 05:06:11,292 [pool-37-thread-1] INFO  server.RaftServerConfigKeys (ConfUtils.java:logGet(43)) - raft.server.log.appender.buffer.byte-limit = 33554432 (custom)
2019-09-25 05:06:11,293 [pool-37-thread-1] INFO  server.RaftServerConfigKeys (ConfUtils.java:logGet(43)) - raft.server.log.segment.size.max = 1048576 (custom)
2019-09-25 05:06:11,293 [pool-37-thread-1] INFO  server.RaftServerConfigKeys (ConfUtils.java:logGet(43)) - raft.server.log.segment.cache.num.max = 2 (custom)
2019-09-25 05:06:11,293 [pool-37-thread-1] INFO  segmented.SegmentedRaftLogWorker (SegmentedRaftLogWorker.java:<init>(172)) - new 36ac27b3-2f11-437d-8f1f-165306b0ff4a@group-77822DFAEBE8-SegmentedRaftLogWorker for RaftStorage:Storage Directory /workdir/hadoop-ozone/integration-test/target/test-dir/MiniOzoneClusterImpl-23306158-e895-4fc7-80df-ce6c264c388b/datanode-1/data/ratis/736e7459-5bb8-48fa-971d-77822dfaebe8
2019-09-25 05:06:11,293 [pool-37-thread-1] INFO  server.RaftServerConfigKeys (ConfUtils.java:logGet(43)) - raft.server.log.queue.byte-limit = 2147483647 (custom)
2019-09-25 05:06:11,293 [pool-37-thread-1] INFO  server.RaftServerConfigKeys (ConfUtils.java:logGet(43)) - raft.server.log.queue.element-limit = 1024 (custom)
2019-09-25 05:06:11,293 [pool-37-thread-1] INFO  server.RaftServerConfigKeys (ConfUtils.java:logGet(43)) - raft.server.log.segment.size.max = 1048576 (custom)
2019-09-25 05:06:11,294 [pool-37-thread-1] INFO  server.RaftServerConfigKeys (ConfUtils.java:logGet(43)) - raft.server.log.preallocated.size = 16384 (custom)
2019-09-25 05:06:11,294 [pool-37-thread-1] INFO  server.RaftServerConfigKeys (ConfUtils.java:logGet(43)) - raft.server.log.write.buffer.size = 33554432 (custom)
2019-09-25 05:06:11,294 [pool-37-thread-1] INFO  server.RaftServerConfigKeys (ConfUtils.java:logGet(43)) - raft.server.log.force.sync.num = 128 (default)
2019-09-25 05:06:11,294 [pool-37-thread-1] INFO  server.RaftServerConfigKeys (ConfUtils.java:logGet(43)) - raft.server.log.statemachine.data.sync = true (default)
2019-09-25 05:06:11,294 [pool-37-thread-1] INFO  server.RaftServerConfigKeys (ConfUtils.java:logGet(43)) - raft.server.log.statemachine.data.sync.timeout = 10s (default)
2019-09-25 05:06:11,294 [pool-37-thread-1] INFO  server.RaftServerConfigKeys (ConfUtils.java:logGet(43)) - raft.server.log.statemachine.data.sync.timeout.retry = -1 (default)
2019-09-25 05:06:11,295 [pool-37-thread-1] INFO  server.RaftServerConfigKeys (ConfUtils.java:logGet(43)) - raft.server.log.statemachine.data.caching.enabled = true (custom)
2019-09-25 05:06:11,295 [pool-37-thread-1] INFO  segmented.SegmentedRaftLogWorker (SegmentedRaftLogWorker.java:lambda$new$0(132)) - 36ac27b3-2f11-437d-8f1f-165306b0ff4a@group-77822DFAEBE8-SegmentedRaftLogWorker: flushIndex: setUnconditionally 0 -> -1
2019-09-25 05:06:11,295 [pool-37-thread-1] INFO  server.RaftServerConfigKeys (ConfUtils.java:logGet(43)) - raft.server.snapshot.auto.trigger.enabled = true (custom)
2019-09-25 05:06:11,296 [pool-37-thread-1] INFO  server.RaftServerConfigKeys (ConfUtils.java:logGet(43)) - raft.server.snapshot.auto.trigger.threshold = 10000 (custom)
2019-09-25 05:06:11,296 [pool-37-thread-1] INFO  server.RaftServerConfigKeys (ConfUtils.java:logGet(43)) - raft.server.snapshot.retention.num.files = 5 (custom)
2019-09-25 05:06:11,296 [pool-37-thread-1] INFO  server.RaftServerConfigKeys (ConfUtils.java:logGet(43)) - raft.server.retrycache.expirytime = 600000ms (custom)
2019-09-25 05:06:11,299 [pool-37-thread-1] INFO  impl.RaftServerImpl (RaftServerImpl.java:start(185)) - 36ac27b3-2f11-437d-8f1f-165306b0ff4a@group-77822DFAEBE8: start as a follower, conf=-1: [36ac27b3-2f11-437d-8f1f-165306b0ff4a:192.168.30.10:45265], old=null
2019-09-25 05:06:11,299 [pool-37-thread-1] INFO  impl.RaftServerImpl (RaftServerImpl.java:setRole(174)) - 36ac27b3-2f11-437d-8f1f-165306b0ff4a@group-77822DFAEBE8: changes role from      null to FOLLOWER at term 0 for startAsFollower
2019-09-25 05:06:11,299 [pool-37-thread-1] INFO  impl.RoleInfo (RoleInfo.java:updateAndGet(143)) - 36ac27b3-2f11-437d-8f1f-165306b0ff4a: start FollowerState
2019-09-25 05:06:11,300 [pool-37-thread-1] INFO  util.JmxRegister (JmxRegister.java:tryRegister(44)) - Successfully registered JMX Bean with object name Ratis:service=RaftServer,group=group-77822DFAEBE8,id=36ac27b3-2f11-437d-8f1f-165306b0ff4a
2019-09-25 05:06:11,303 [RatisPipelineUtilsThread] INFO  pipeline.PipelineStateManager (PipelineStateManager.java:addPipeline(56)) - Created pipeline Pipeline[ Id: 736e7459-5bb8-48fa-971d-77822dfaebe8, Nodes: 36ac27b3-2f11-437d-8f1f-165306b0ff4a{ip: 192.168.30.10, host: pr-hdds-1569-s62bp-3040748787, networkLocation: /default-rack, certSerialId: null}, Type:RATIS, Factor:ONE, State:OPEN]
2019-09-25 05:06:11,311 [grpc-default-executor-0] INFO  impl.RaftServerProxy (RaftServerProxy.java:addNew(89)) - c8798e02-7f0c-41f7-82c2-a17323bcf21e: addNew group-C7571FF4FA4B:[c8798e02-7f0c-41f7-82c2-a17323bcf21e:192.168.30.10:40603] returns group-C7571FF4FA4B:java.util.concurrent.CompletableFuture@658520c[Not completed]
2019-09-25 05:06:11,312 [pool-47-thread-1] INFO  impl.RaftServerImpl (RaftServerImpl.java:<init>(95)) - c8798e02-7f0c-41f7-82c2-a17323bcf21e: new RaftServerImpl for group-C7571FF4FA4B:[c8798e02-7f0c-41f7-82c2-a17323bcf21e:192.168.30.10:40603] with ContainerStateMachine:uninitialized
2019-09-25 05:06:11,313 [pool-47-thread-1] INFO  server.RaftServerConfigKeys (ConfUtils.java:logGet(43)) - raft.server.rpc.timeout.min = 5s (custom)
2019-09-25 05:06:11,313 [pool-47-thread-1] INFO  server.RaftServerConfigKeys (ConfUtils.java:logGet(43)) - raft.server.rpc.timeout.max = 5200ms (custom)
2019-09-25 05:06:11,313 [pool-47-thread-1] INFO  server.RaftServerConfigKeys (ConfUtils.java:logGet(43)) - raft.server.rpcslowness.timeout = 120s (custom)
2019-09-25 05:06:11,313 [pool-47-thread-1] INFO  server.RaftServerConfigKeys (ConfUtils.java:logGet(43)) - raft.server.sleep.deviation.threshold = 300 (default)
2019-09-25 05:06:11,313 [pool-47-thread-1] INFO  server.RaftServerConfigKeys (ConfUtils.java:logGet(43)) - raft.server.log.appender.install.snapshot.enabled = false (custom)
2019-09-25 05:06:11,313 [pool-47-thread-1] INFO  impl.RaftServerImpl (ServerState.java:<init>(103)) - c8798e02-7f0c-41f7-82c2-a17323bcf21e@group-C7571FF4FA4B: ConfigurationManager, init=-1: [c8798e02-7f0c-41f7-82c2-a17323bcf21e:192.168.30.10:40603], old=null, confs=<EMPTY_MAP>
2019-09-25 05:06:11,314 [pool-47-thread-1] INFO  server.RaftServerConfigKeys (ConfUtils.java:logGet(43)) - raft.server.storage.dir = [/workdir/hadoop-ozone/integration-test/target/test-dir/MiniOzoneClusterImpl-23306158-e895-4fc7-80df-ce6c264c388b/datanode-2/data/ratis] (custom)
2019-09-25 05:06:11,314 [pool-47-thread-1] INFO  storage.RaftStorageDirectory (RaftStorageDirectory.java:analyzeStorage(246)) - The storage directory /workdir/hadoop-ozone/integration-test/target/test-dir/MiniOzoneClusterImpl-23306158-e895-4fc7-80df-ce6c264c388b/datanode-2/data/ratis/0df4715d-67c3-4962-acd2-c7571ff4fa4b does not exist. Creating ...
2019-09-25 05:06:11,325 [pool-47-thread-1] INFO  storage.RaftStorageDirectory (RaftStorageDirectory.java:tryLock(328)) - Lock on /workdir/hadoop-ozone/integration-test/target/test-dir/MiniOzoneClusterImpl-23306158-e895-4fc7-80df-ce6c264c388b/datanode-2/data/ratis/0df4715d-67c3-4962-acd2-c7571ff4fa4b/in_use.lock acquired by nodename 25526@pr-hdds-1569-s62bp-3040748787
2019-09-25 05:06:11,335 [pool-47-thread-1] INFO  storage.RaftStorage (RaftStorage.java:format(72)) - Storage directory /workdir/hadoop-ozone/integration-test/target/test-dir/MiniOzoneClusterImpl-23306158-e895-4fc7-80df-ce6c264c388b/datanode-2/data/ratis/0df4715d-67c3-4962-acd2-c7571ff4fa4b has been successfully formatted.
2019-09-25 05:06:11,335 [pool-47-thread-1] INFO  ratis.ContainerStateMachine (ContainerStateMachine.java:loadSnapshot(230)) - group-C7571FF4FA4B: The snapshot info is null. Setting the last applied indexto:(t:0, i:~)
2019-09-25 05:06:11,335 [pool-47-thread-1] INFO  server.RaftServerConfigKeys (ConfUtils.java:logGet(43)) - raft.server.notification.no-leader.timeout = 120s (custom)
2019-09-25 05:06:11,336 [pool-47-thread-1] INFO  server.RaftServerConfigKeys (ConfUtils.java:logGet(43)) - raft.server.log.use.memory = false (default)
2019-09-25 05:06:11,336 [pool-47-thread-1] INFO  server.RaftServerConfigKeys (ConfUtils.java:logGet(43)) - raft.server.log.purge.gap = 1000000 (custom)
2019-09-25 05:06:11,336 [pool-47-thread-1] INFO  server.RaftServerConfigKeys (ConfUtils.java:logGet(43)) - raft.server.log.appender.buffer.byte-limit = 33554432 (custom)
2019-09-25 05:06:11,336 [pool-47-thread-1] INFO  server.RaftServerConfigKeys (ConfUtils.java:logGet(43)) - raft.server.log.segment.size.max = 1048576 (custom)
2019-09-25 05:06:11,336 [pool-47-thread-1] INFO  server.RaftServerConfigKeys (ConfUtils.java:logGet(43)) - raft.server.log.segment.cache.num.max = 2 (custom)
2019-09-25 05:06:11,336 [pool-47-thread-1] INFO  segmented.SegmentedRaftLogWorker (SegmentedRaftLogWorker.java:<init>(172)) - new c8798e02-7f0c-41f7-82c2-a17323bcf21e@group-C7571FF4FA4B-SegmentedRaftLogWorker for RaftStorage:Storage Directory /workdir/hadoop-ozone/integration-test/target/test-dir/MiniOzoneClusterImpl-23306158-e895-4fc7-80df-ce6c264c388b/datanode-2/data/ratis/0df4715d-67c3-4962-acd2-c7571ff4fa4b
2019-09-25 05:06:11,337 [pool-47-thread-1] INFO  server.RaftServerConfigKeys (ConfUtils.java:logGet(43)) - raft.server.log.queue.byte-limit = 2147483647 (custom)
2019-09-25 05:06:11,337 [pool-47-thread-1] INFO  server.RaftServerConfigKeys (ConfUtils.java:logGet(43)) - raft.server.log.queue.element-limit = 1024 (custom)
2019-09-25 05:06:11,337 [pool-47-thread-1] INFO  server.RaftServerConfigKeys (ConfUtils.java:logGet(43)) - raft.server.log.segment.size.max = 1048576 (custom)
2019-09-25 05:06:11,337 [pool-47-thread-1] INFO  server.RaftServerConfigKeys (ConfUtils.java:logGet(43)) - raft.server.log.preallocated.size = 16384 (custom)
2019-09-25 05:06:11,337 [pool-47-thread-1] INFO  server.RaftServerConfigKeys (ConfUtils.java:logGet(43)) - raft.server.log.write.buffer.size = 33554432 (custom)
2019-09-25 05:06:11,337 [pool-47-thread-1] INFO  server.RaftServerConfigKeys (ConfUtils.java:logGet(43)) - raft.server.log.force.sync.num = 128 (default)
2019-09-25 05:06:11,337 [pool-47-thread-1] INFO  server.RaftServerConfigKeys (ConfUtils.java:logGet(43)) - raft.server.log.statemachine.data.sync = true (default)
2019-09-25 05:06:11,338 [pool-47-thread-1] INFO  server.RaftServerConfigKeys (ConfUtils.java:logGet(43)) - raft.server.log.statemachine.data.sync.timeout = 10s (default)
2019-09-25 05:06:11,338 [pool-47-thread-1] INFO  server.RaftServerConfigKeys (ConfUtils.java:logGet(43)) - raft.server.log.statemachine.data.sync.timeout.retry = -1 (default)
2019-09-25 05:06:11,338 [pool-47-thread-1] INFO  server.RaftServerConfigKeys (ConfUtils.java:logGet(43)) - raft.server.log.statemachine.data.caching.enabled = true (custom)
2019-09-25 05:06:11,338 [pool-47-thread-1] INFO  segmented.SegmentedRaftLogWorker (SegmentedRaftLogWorker.java:lambda$new$0(132)) - c8798e02-7f0c-41f7-82c2-a17323bcf21e@group-C7571FF4FA4B-SegmentedRaftLogWorker: flushIndex: setUnconditionally 0 -> -1
2019-09-25 05:06:11,339 [pool-47-thread-1] INFO  server.RaftServerConfigKeys (ConfUtils.java:logGet(43)) - raft.server.snapshot.auto.trigger.enabled = true (custom)
2019-09-25 05:06:11,339 [pool-47-thread-1] INFO  server.RaftServerConfigKeys (ConfUtils.java:logGet(43)) - raft.server.snapshot.auto.trigger.threshold = 10000 (custom)
2019-09-25 05:06:11,339 [pool-47-thread-1] INFO  server.RaftServerConfigKeys (ConfUtils.java:logGet(43)) - raft.server.snapshot.retention.num.files = 5 (custom)
2019-09-25 05:06:11,339 [pool-47-thread-1] INFO  server.RaftServerConfigKeys (ConfUtils.java:logGet(43)) - raft.server.retrycache.expirytime = 600000ms (custom)
2019-09-25 05:06:11,342 [pool-47-thread-1] INFO  impl.RaftServerImpl (RaftServerImpl.java:start(185)) - c8798e02-7f0c-41f7-82c2-a17323bcf21e@group-C7571FF4FA4B: start as a follower, conf=-1: [c8798e02-7f0c-41f7-82c2-a17323bcf21e:192.168.30.10:40603], old=null
2019-09-25 05:06:11,342 [pool-47-thread-1] INFO  impl.RaftServerImpl (RaftServerImpl.java:setRole(174)) - c8798e02-7f0c-41f7-82c2-a17323bcf21e@group-C7571FF4FA4B: changes role from      null to FOLLOWER at term 0 for startAsFollower
2019-09-25 05:06:11,342 [pool-47-thread-1] INFO  impl.RoleInfo (RoleInfo.java:updateAndGet(143)) - c8798e02-7f0c-41f7-82c2-a17323bcf21e: start FollowerState
2019-09-25 05:06:11,343 [pool-47-thread-1] INFO  util.JmxRegister (JmxRegister.java:tryRegister(44)) - Successfully registered JMX Bean with object name Ratis:service=RaftServer,group=group-C7571FF4FA4B,id=c8798e02-7f0c-41f7-82c2-a17323bcf21e
2019-09-25 05:06:11,345 [RatisPipelineUtilsThread] INFO  pipeline.PipelineStateManager (PipelineStateManager.java:addPipeline(56)) - Created pipeline Pipeline[ Id: 0df4715d-67c3-4962-acd2-c7571ff4fa4b, Nodes: c8798e02-7f0c-41f7-82c2-a17323bcf21e{ip: 192.168.30.10, host: pr-hdds-1569-s62bp-3040748787, networkLocation: /default-rack, certSerialId: null}, Type:RATIS, Factor:ONE, State:OPEN]
2019-09-25 05:06:11,351 [grpc-default-executor-0] INFO  impl.RaftServerProxy (RaftServerProxy.java:addNew(89)) - b4fa7d23-6606-45fd-9544-2b08ca3fa933: addNew group-824B5A6112AE:[b4fa7d23-6606-45fd-9544-2b08ca3fa933:192.168.30.10:34493] returns group-824B5A6112AE:java.util.concurrent.CompletableFuture@2b681bab[Not completed]
2019-09-25 05:06:11,352 [pool-77-thread-1] INFO  impl.RaftServerImpl (RaftServerImpl.java:<init>(95)) - b4fa7d23-6606-45fd-9544-2b08ca3fa933: new RaftServerImpl for group-824B5A6112AE:[b4fa7d23-6606-45fd-9544-2b08ca3fa933:192.168.30.10:34493] with ContainerStateMachine:uninitialized
2019-09-25 05:06:11,352 [pool-77-thread-1] INFO  server.RaftServerConfigKeys (ConfUtils.java:logGet(43)) - raft.server.rpc.timeout.min = 5s (custom)
2019-09-25 05:06:11,353 [pool-77-thread-1] INFO  server.RaftServerConfigKeys (ConfUtils.java:logGet(43)) - raft.server.rpc.timeout.max = 5200ms (custom)
2019-09-25 05:06:11,353 [pool-77-thread-1] INFO  server.RaftServerConfigKeys (ConfUtils.java:logGet(43)) - raft.server.rpcslowness.timeout = 120s (custom)
2019-09-25 05:06:11,353 [pool-77-thread-1] INFO  server.RaftServerConfigKeys (ConfUtils.java:logGet(43)) - raft.server.sleep.deviation.threshold = 300 (default)
2019-09-25 05:06:11,353 [pool-77-thread-1] INFO  server.RaftServerConfigKeys (ConfUtils.java:logGet(43)) - raft.server.log.appender.install.snapshot.enabled = false (custom)
2019-09-25 05:06:11,353 [pool-77-thread-1] INFO  impl.RaftServerImpl (ServerState.java:<init>(103)) - b4fa7d23-6606-45fd-9544-2b08ca3fa933@group-824B5A6112AE: ConfigurationManager, init=-1: [b4fa7d23-6606-45fd-9544-2b08ca3fa933:192.168.30.10:34493], old=null, confs=<EMPTY_MAP>
2019-09-25 05:06:11,353 [pool-77-thread-1] INFO  server.RaftServerConfigKeys (ConfUtils.java:logGet(43)) - raft.server.storage.dir = [/workdir/hadoop-ozone/integration-test/target/test-dir/MiniOzoneClusterImpl-23306158-e895-4fc7-80df-ce6c264c388b/datanode-5/data/ratis] (custom)
2019-09-25 05:06:11,354 [pool-77-thread-1] INFO  storage.RaftStorageDirectory (RaftStorageDirectory.java:analyzeStorage(246)) - The storage directory /workdir/hadoop-ozone/integration-test/target/test-dir/MiniOzoneClusterImpl-23306158-e895-4fc7-80df-ce6c264c388b/datanode-5/data/ratis/7cda0412-8e1a-4f6f-9f52-824b5a6112ae does not exist. Creating ...
2019-09-25 05:06:11,360 [pool-77-thread-1] INFO  storage.RaftStorageDirectory (RaftStorageDirectory.java:tryLock(328)) - Lock on /workdir/hadoop-ozone/integration-test/target/test-dir/MiniOzoneClusterImpl-23306158-e895-4fc7-80df-ce6c264c388b/datanode-5/data/ratis/7cda0412-8e1a-4f6f-9f52-824b5a6112ae/in_use.lock acquired by nodename 25526@pr-hdds-1569-s62bp-3040748787
2019-09-25 05:06:11,374 [pool-77-thread-1] INFO  storage.RaftStorage (RaftStorage.java:format(72)) - Storage directory /workdir/hadoop-ozone/integration-test/target/test-dir/MiniOzoneClusterImpl-23306158-e895-4fc7-80df-ce6c264c388b/datanode-5/data/ratis/7cda0412-8e1a-4f6f-9f52-824b5a6112ae has been successfully formatted.
2019-09-25 05:06:11,375 [pool-77-thread-1] INFO  ratis.ContainerStateMachine (ContainerStateMachine.java:loadSnapshot(230)) - group-824B5A6112AE: The snapshot info is null. Setting the last applied indexto:(t:0, i:~)
2019-09-25 05:06:11,375 [pool-77-thread-1] INFO  server.RaftServerConfigKeys (ConfUtils.java:logGet(43)) - raft.server.notification.no-leader.timeout = 120s (custom)
2019-09-25 05:06:11,375 [pool-77-thread-1] INFO  server.RaftServerConfigKeys (ConfUtils.java:logGet(43)) - raft.server.log.use.memory = false (default)
2019-09-25 05:06:11,375 [pool-77-thread-1] INFO  server.RaftServerConfigKeys (ConfUtils.java:logGet(43)) - raft.server.log.purge.gap = 1000000 (custom)
2019-09-25 05:06:11,375 [pool-77-thread-1] INFO  server.RaftServerConfigKeys (ConfUtils.java:logGet(43)) - raft.server.log.appender.buffer.byte-limit = 33554432 (custom)
2019-09-25 05:06:11,375 [pool-77-thread-1] INFO  server.RaftServerConfigKeys (ConfUtils.java:logGet(43)) - raft.server.log.segment.size.max = 1048576 (custom)
2019-09-25 05:06:11,375 [pool-77-thread-1] INFO  server.RaftServerConfigKeys (ConfUtils.java:logGet(43)) - raft.server.log.segment.cache.num.max = 2 (custom)
2019-09-25 05:06:11,376 [pool-77-thread-1] INFO  segmented.SegmentedRaftLogWorker (SegmentedRaftLogWorker.java:<init>(172)) - new b4fa7d23-6606-45fd-9544-2b08ca3fa933@group-824B5A6112AE-SegmentedRaftLogWorker for RaftStorage:Storage Directory /workdir/hadoop-ozone/integration-test/target/test-dir/MiniOzoneClusterImpl-23306158-e895-4fc7-80df-ce6c264c388b/datanode-5/data/ratis/7cda0412-8e1a-4f6f-9f52-824b5a6112ae
2019-09-25 05:06:11,376 [pool-77-thread-1] INFO  server.RaftServerConfigKeys (ConfUtils.java:logGet(43)) - raft.server.log.queue.byte-limit = 2147483647 (custom)
2019-09-25 05:06:11,376 [pool-77-thread-1] INFO  server.RaftServerConfigKeys (ConfUtils.java:logGet(43)) - raft.server.log.queue.element-limit = 1024 (custom)
2019-09-25 05:06:11,376 [pool-77-thread-1] INFO  server.RaftServerConfigKeys (ConfUtils.java:logGet(43)) - raft.server.log.segment.size.max = 1048576 (custom)
2019-09-25 05:06:11,376 [pool-77-thread-1] INFO  server.RaftServerConfigKeys (ConfUtils.java:logGet(43)) - raft.server.log.preallocated.size = 16384 (custom)
2019-09-25 05:06:11,376 [pool-77-thread-1] INFO  server.RaftServerConfigKeys (ConfUtils.java:logGet(43)) - raft.server.log.write.buffer.size = 33554432 (custom)
2019-09-25 05:06:11,376 [pool-77-thread-1] INFO  server.RaftServerConfigKeys (ConfUtils.java:logGet(43)) - raft.server.log.force.sync.num = 128 (default)
2019-09-25 05:06:11,377 [pool-77-thread-1] INFO  server.RaftServerConfigKeys (ConfUtils.java:logGet(43)) - raft.server.log.statemachine.data.sync = true (default)
2019-09-25 05:06:11,377 [pool-77-thread-1] INFO  server.RaftServerConfigKeys (ConfUtils.java:logGet(43)) - raft.server.log.statemachine.data.sync.timeout = 10s (default)
2019-09-25 05:06:11,377 [pool-77-thread-1] INFO  server.RaftServerConfigKeys (ConfUtils.java:logGet(43)) - raft.server.log.statemachine.data.sync.timeout.retry = -1 (default)
2019-09-25 05:06:11,377 [pool-77-thread-1] INFO  server.RaftServerConfigKeys (ConfUtils.java:logGet(43)) - raft.server.log.statemachine.data.caching.enabled = true (custom)
2019-09-25 05:06:11,377 [pool-77-thread-1] INFO  segmented.SegmentedRaftLogWorker (SegmentedRaftLogWorker.java:lambda$new$0(132)) - b4fa7d23-6606-45fd-9544-2b08ca3fa933@group-824B5A6112AE-SegmentedRaftLogWorker: flushIndex: setUnconditionally 0 -> -1
2019-09-25 05:06:11,378 [pool-77-thread-1] INFO  server.RaftServerConfigKeys (ConfUtils.java:logGet(43)) - raft.server.snapshot.auto.trigger.enabled = true (custom)
2019-09-25 05:06:11,378 [pool-77-thread-1] INFO  server.RaftServerConfigKeys (ConfUtils.java:logGet(43)) - raft.server.snapshot.auto.trigger.threshold = 10000 (custom)
2019-09-25 05:06:11,378 [pool-77-thread-1] INFO  server.RaftServerConfigKeys (ConfUtils.java:logGet(43)) - raft.server.snapshot.retention.num.files = 5 (custom)
2019-09-25 05:06:11,378 [pool-77-thread-1] INFO  server.RaftServerConfigKeys (ConfUtils.java:logGet(43)) - raft.server.retrycache.expirytime = 600000ms (custom)
2019-09-25 05:06:11,380 [pool-77-thread-1] INFO  impl.RaftServerImpl (RaftServerImpl.java:start(185)) - b4fa7d23-6606-45fd-9544-2b08ca3fa933@group-824B5A6112AE: start as a follower, conf=-1: [b4fa7d23-6606-45fd-9544-2b08ca3fa933:192.168.30.10:34493], old=null
2019-09-25 05:06:11,380 [pool-77-thread-1] INFO  impl.RaftServerImpl (RaftServerImpl.java:setRole(174)) - b4fa7d23-6606-45fd-9544-2b08ca3fa933@group-824B5A6112AE: changes role from      null to FOLLOWER at term 0 for startAsFollower
2019-09-25 05:06:11,381 [pool-77-thread-1] INFO  impl.RoleInfo (RoleInfo.java:updateAndGet(143)) - b4fa7d23-6606-45fd-9544-2b08ca3fa933: start FollowerState
2019-09-25 05:06:11,381 [pool-77-thread-1] INFO  util.JmxRegister (JmxRegister.java:tryRegister(44)) - Successfully registered JMX Bean with object name Ratis:service=RaftServer,group=group-824B5A6112AE,id=b4fa7d23-6606-45fd-9544-2b08ca3fa933
2019-09-25 05:06:11,384 [RatisPipelineUtilsThread] INFO  pipeline.PipelineStateManager (PipelineStateManager.java:addPipeline(56)) - Created pipeline Pipeline[ Id: 7cda0412-8e1a-4f6f-9f52-824b5a6112ae, Nodes: b4fa7d23-6606-45fd-9544-2b08ca3fa933{ip: 192.168.30.10, host: pr-hdds-1569-s62bp-3040748787, networkLocation: /default-rack, certSerialId: null}, Type:RATIS, Factor:ONE, State:OPEN]
2019-09-25 05:06:11,389 [grpc-default-executor-0] INFO  impl.RaftServerProxy (RaftServerProxy.java:addNew(89)) - c8798e02-7f0c-41f7-82c2-a17323bcf21e: addNew group-9A8116F4FD4E:[c8798e02-7f0c-41f7-82c2-a17323bcf21e:192.168.30.10:40603] returns group-9A8116F4FD4E:java.util.concurrent.CompletableFuture@89cfe14[Not completed]
2019-09-25 05:06:11,390 [pool-47-thread-1] INFO  impl.RaftServerImpl (RaftServerImpl.java:<init>(95)) - c8798e02-7f0c-41f7-82c2-a17323bcf21e: new RaftServerImpl for group-9A8116F4FD4E:[c8798e02-7f0c-41f7-82c2-a17323bcf21e:192.168.30.10:40603] with ContainerStateMachine:uninitialized
2019-09-25 05:06:11,390 [pool-47-thread-1] INFO  server.RaftServerConfigKeys (ConfUtils.java:logGet(43)) - raft.server.rpc.timeout.min = 5s (custom)
2019-09-25 05:06:11,390 [pool-47-thread-1] INFO  server.RaftServerConfigKeys (ConfUtils.java:logGet(43)) - raft.server.rpc.timeout.max = 5200ms (custom)
2019-09-25 05:06:11,391 [pool-47-thread-1] INFO  server.RaftServerConfigKeys (ConfUtils.java:logGet(43)) - raft.server.rpcslowness.timeout = 120s (custom)
2019-09-25 05:06:11,391 [pool-47-thread-1] INFO  server.RaftServerConfigKeys (ConfUtils.java:logGet(43)) - raft.server.sleep.deviation.threshold = 300 (default)
2019-09-25 05:06:11,391 [pool-47-thread-1] INFO  server.RaftServerConfigKeys (ConfUtils.java:logGet(43)) - raft.server.log.appender.install.snapshot.enabled = false (custom)
2019-09-25 05:06:11,391 [pool-47-thread-1] INFO  impl.RaftServerImpl (ServerState.java:<init>(103)) - c8798e02-7f0c-41f7-82c2-a17323bcf21e@group-9A8116F4FD4E: ConfigurationManager, init=-1: [c8798e02-7f0c-41f7-82c2-a17323bcf21e:192.168.30.10:40603], old=null, confs=<EMPTY_MAP>
2019-09-25 05:06:11,391 [pool-47-thread-1] INFO  server.RaftServerConfigKeys (ConfUtils.java:logGet(43)) - raft.server.storage.dir = [/workdir/hadoop-ozone/integration-test/target/test-dir/MiniOzoneClusterImpl-23306158-e895-4fc7-80df-ce6c264c388b/datanode-2/data/ratis] (custom)
2019-09-25 05:06:11,391 [pool-47-thread-1] INFO  storage.RaftStorageDirectory (RaftStorageDirectory.java:analyzeStorage(246)) - The storage directory /workdir/hadoop-ozone/integration-test/target/test-dir/MiniOzoneClusterImpl-23306158-e895-4fc7-80df-ce6c264c388b/datanode-2/data/ratis/e40f4a2e-0d62-4404-8281-9a8116f4fd4e does not exist. Creating ...
2019-09-25 05:06:11,407 [pool-47-thread-1] INFO  storage.RaftStorageDirectory (RaftStorageDirectory.java:tryLock(328)) - Lock on /workdir/hadoop-ozone/integration-test/target/test-dir/MiniOzoneClusterImpl-23306158-e895-4fc7-80df-ce6c264c388b/datanode-2/data/ratis/e40f4a2e-0d62-4404-8281-9a8116f4fd4e/in_use.lock acquired by nodename 25526@pr-hdds-1569-s62bp-3040748787
2019-09-25 05:06:11,420 [pool-47-thread-1] INFO  storage.RaftStorage (RaftStorage.java:format(72)) - Storage directory /workdir/hadoop-ozone/integration-test/target/test-dir/MiniOzoneClusterImpl-23306158-e895-4fc7-80df-ce6c264c388b/datanode-2/data/ratis/e40f4a2e-0d62-4404-8281-9a8116f4fd4e has been successfully formatted.
2019-09-25 05:06:11,421 [pool-47-thread-1] INFO  ratis.ContainerStateMachine (ContainerStateMachine.java:loadSnapshot(230)) - group-9A8116F4FD4E: The snapshot info is null. Setting the last applied indexto:(t:0, i:~)
2019-09-25 05:06:11,421 [pool-47-thread-1] INFO  server.RaftServerConfigKeys (ConfUtils.java:logGet(43)) - raft.server.notification.no-leader.timeout = 120s (custom)
2019-09-25 05:06:11,421 [pool-47-thread-1] INFO  server.RaftServerConfigKeys (ConfUtils.java:logGet(43)) - raft.server.log.use.memory = false (default)
2019-09-25 05:06:11,421 [pool-47-thread-1] INFO  server.RaftServerConfigKeys (ConfUtils.java:logGet(43)) - raft.server.log.purge.gap = 1000000 (custom)
2019-09-25 05:06:11,421 [pool-47-thread-1] INFO  server.RaftServerConfigKeys (ConfUtils.java:logGet(43)) - raft.server.log.appender.buffer.byte-limit = 33554432 (custom)
2019-09-25 05:06:11,421 [pool-47-thread-1] INFO  server.RaftServerConfigKeys (ConfUtils.java:logGet(43)) - raft.server.log.segment.size.max = 1048576 (custom)
2019-09-25 05:06:11,421 [pool-47-thread-1] INFO  server.RaftServerConfigKeys (ConfUtils.java:logGet(43)) - raft.server.log.segment.cache.num.max = 2 (custom)
2019-09-25 05:06:11,422 [pool-47-thread-1] INFO  segmented.SegmentedRaftLogWorker (SegmentedRaftLogWorker.java:<init>(172)) - new c8798e02-7f0c-41f7-82c2-a17323bcf21e@group-9A8116F4FD4E-SegmentedRaftLogWorker for RaftStorage:Storage Directory /workdir/hadoop-ozone/integration-test/target/test-dir/MiniOzoneClusterImpl-23306158-e895-4fc7-80df-ce6c264c388b/datanode-2/data/ratis/e40f4a2e-0d62-4404-8281-9a8116f4fd4e
2019-09-25 05:06:11,422 [pool-47-thread-1] INFO  server.RaftServerConfigKeys (ConfUtils.java:logGet(43)) - raft.server.log.queue.byte-limit = 2147483647 (custom)
2019-09-25 05:06:11,422 [pool-47-thread-1] INFO  server.RaftServerConfigKeys (ConfUtils.java:logGet(43)) - raft.server.log.queue.element-limit = 1024 (custom)
2019-09-25 05:06:11,422 [pool-47-thread-1] INFO  server.RaftServerConfigKeys (ConfUtils.java:logGet(43)) - raft.server.log.segment.size.max = 1048576 (custom)
2019-09-25 05:06:11,422 [pool-47-thread-1] INFO  server.RaftServerConfigKeys (ConfUtils.java:logGet(43)) - raft.server.log.preallocated.size = 16384 (custom)
2019-09-25 05:06:11,422 [pool-47-thread-1] INFO  server.RaftServerConfigKeys (ConfUtils.java:logGet(43)) - raft.server.log.write.buffer.size = 33554432 (custom)
2019-09-25 05:06:11,422 [pool-47-thread-1] INFO  server.RaftServerConfigKeys (ConfUtils.java:logGet(43)) - raft.server.log.force.sync.num = 128 (default)
2019-09-25 05:06:11,423 [pool-47-thread-1] INFO  server.RaftServerConfigKeys (ConfUtils.java:logGet(43)) - raft.server.log.statemachine.data.sync = true (default)
2019-09-25 05:06:11,423 [pool-47-thread-1] INFO  server.RaftServerConfigKeys (ConfUtils.java:logGet(43)) - raft.server.log.statemachine.data.sync.timeout = 10s (default)
2019-09-25 05:06:11,423 [pool-47-thread-1] INFO  server.RaftServerConfigKeys (ConfUtils.java:logGet(43)) - raft.server.log.statemachine.data.sync.timeout.retry = -1 (default)
2019-09-25 05:06:11,423 [pool-47-thread-1] INFO  server.RaftServerConfigKeys (ConfUtils.java:logGet(43)) - raft.server.log.statemachine.data.caching.enabled = true (custom)
2019-09-25 05:06:11,423 [pool-47-thread-1] INFO  segmented.SegmentedRaftLogWorker (SegmentedRaftLogWorker.java:lambda$new$0(132)) - c8798e02-7f0c-41f7-82c2-a17323bcf21e@group-9A8116F4FD4E-SegmentedRaftLogWorker: flushIndex: setUnconditionally 0 -> -1
2019-09-25 05:06:11,424 [pool-47-thread-1] INFO  server.RaftServerConfigKeys (ConfUtils.java:logGet(43)) - raft.server.snapshot.auto.trigger.enabled = true (custom)
2019-09-25 05:06:11,424 [pool-47-thread-1] INFO  server.RaftServerConfigKeys (ConfUtils.java:logGet(43)) - raft.server.snapshot.auto.trigger.threshold = 10000 (custom)
2019-09-25 05:06:11,424 [pool-47-thread-1] INFO  server.RaftServerConfigKeys (ConfUtils.java:logGet(43)) - raft.server.snapshot.retention.num.files = 5 (custom)
2019-09-25 05:06:11,424 [pool-47-thread-1] INFO  server.RaftServerConfigKeys (ConfUtils.java:logGet(43)) - raft.server.retrycache.expirytime = 600000ms (custom)
2019-09-25 05:06:11,427 [pool-47-thread-1] INFO  impl.RaftServerImpl (RaftServerImpl.java:start(185)) - c8798e02-7f0c-41f7-82c2-a17323bcf21e@group-9A8116F4FD4E: start as a follower, conf=-1: [c8798e02-7f0c-41f7-82c2-a17323bcf21e:192.168.30.10:40603], old=null
2019-09-25 05:06:11,427 [pool-47-thread-1] INFO  impl.RaftServerImpl (RaftServerImpl.java:setRole(174)) - c8798e02-7f0c-41f7-82c2-a17323bcf21e@group-9A8116F4FD4E: changes role from      null to FOLLOWER at term 0 for startAsFollower
2019-09-25 05:06:11,427 [pool-47-thread-1] INFO  impl.RoleInfo (RoleInfo.java:updateAndGet(143)) - c8798e02-7f0c-41f7-82c2-a17323bcf21e: start FollowerState
2019-09-25 05:06:11,427 [pool-47-thread-1] INFO  util.JmxRegister (JmxRegister.java:tryRegister(44)) - Successfully registered JMX Bean with object name Ratis:service=RaftServer,group=group-9A8116F4FD4E,id=c8798e02-7f0c-41f7-82c2-a17323bcf21e
2019-09-25 05:06:11,430 [RatisPipelineUtilsThread] INFO  pipeline.PipelineStateManager (PipelineStateManager.java:addPipeline(56)) - Created pipeline Pipeline[ Id: e40f4a2e-0d62-4404-8281-9a8116f4fd4e, Nodes: c8798e02-7f0c-41f7-82c2-a17323bcf21e{ip: 192.168.30.10, host: pr-hdds-1569-s62bp-3040748787, networkLocation: /default-rack, certSerialId: null}, Type:RATIS, Factor:ONE, State:OPEN]
2019-09-25 05:06:11,436 [grpc-default-executor-0] INFO  impl.RaftServerProxy (RaftServerProxy.java:addNew(89)) - b4fa7d23-6606-45fd-9544-2b08ca3fa933: addNew group-875B6BD28FE6:[b4fa7d23-6606-45fd-9544-2b08ca3fa933:192.168.30.10:34493] returns group-875B6BD28FE6:java.util.concurrent.CompletableFuture@6562cfd0[Not completed]
2019-09-25 05:06:11,437 [pool-77-thread-1] INFO  impl.RaftServerImpl (RaftServerImpl.java:<init>(95)) - b4fa7d23-6606-45fd-9544-2b08ca3fa933: new RaftServerImpl for group-875B6BD28FE6:[b4fa7d23-6606-45fd-9544-2b08ca3fa933:192.168.30.10:34493] with ContainerStateMachine:uninitialized
2019-09-25 05:06:11,437 [pool-77-thread-1] INFO  server.RaftServerConfigKeys (ConfUtils.java:logGet(43)) - raft.server.rpc.timeout.min = 5s (custom)
2019-09-25 05:06:11,437 [pool-77-thread-1] INFO  server.RaftServerConfigKeys (ConfUtils.java:logGet(43)) - raft.server.rpc.timeout.max = 5200ms (custom)
2019-09-25 05:06:11,437 [pool-77-thread-1] INFO  server.RaftServerConfigKeys (ConfUtils.java:logGet(43)) - raft.server.rpcslowness.timeout = 120s (custom)
2019-09-25 05:06:11,437 [pool-77-thread-1] INFO  server.RaftServerConfigKeys (ConfUtils.java:logGet(43)) - raft.server.sleep.deviation.threshold = 300 (default)
2019-09-25 05:06:11,437 [pool-77-thread-1] INFO  server.RaftServerConfigKeys (ConfUtils.java:logGet(43)) - raft.server.log.appender.install.snapshot.enabled = false (custom)
2019-09-25 05:06:11,438 [pool-77-thread-1] INFO  impl.RaftServerImpl (ServerState.java:<init>(103)) - b4fa7d23-6606-45fd-9544-2b08ca3fa933@group-875B6BD28FE6: ConfigurationManager, init=-1: [b4fa7d23-6606-45fd-9544-2b08ca3fa933:192.168.30.10:34493], old=null, confs=<EMPTY_MAP>
2019-09-25 05:06:11,438 [pool-77-thread-1] INFO  server.RaftServerConfigKeys (ConfUtils.java:logGet(43)) - raft.server.storage.dir = [/workdir/hadoop-ozone/integration-test/target/test-dir/MiniOzoneClusterImpl-23306158-e895-4fc7-80df-ce6c264c388b/datanode-5/data/ratis] (custom)
2019-09-25 05:06:11,438 [pool-77-thread-1] INFO  storage.RaftStorageDirectory (RaftStorageDirectory.java:analyzeStorage(246)) - The storage directory /workdir/hadoop-ozone/integration-test/target/test-dir/MiniOzoneClusterImpl-23306158-e895-4fc7-80df-ce6c264c388b/datanode-5/data/ratis/b66bee0c-fc89-4b4d-a83b-875b6bd28fe6 does not exist. Creating ...
2019-09-25 05:06:11,444 [pool-77-thread-1] INFO  storage.RaftStorageDirectory (RaftStorageDirectory.java:tryLock(328)) - Lock on /workdir/hadoop-ozone/integration-test/target/test-dir/MiniOzoneClusterImpl-23306158-e895-4fc7-80df-ce6c264c388b/datanode-5/data/ratis/b66bee0c-fc89-4b4d-a83b-875b6bd28fe6/in_use.lock acquired by nodename 25526@pr-hdds-1569-s62bp-3040748787
2019-09-25 05:06:11,458 [pool-77-thread-1] INFO  storage.RaftStorage (RaftStorage.java:format(72)) - Storage directory /workdir/hadoop-ozone/integration-test/target/test-dir/MiniOzoneClusterImpl-23306158-e895-4fc7-80df-ce6c264c388b/datanode-5/data/ratis/b66bee0c-fc89-4b4d-a83b-875b6bd28fe6 has been successfully formatted.
2019-09-25 05:06:11,459 [pool-77-thread-1] INFO  ratis.ContainerStateMachine (ContainerStateMachine.java:loadSnapshot(230)) - group-875B6BD28FE6: The snapshot info is null. Setting the last applied indexto:(t:0, i:~)
2019-09-25 05:06:11,459 [pool-77-thread-1] INFO  server.RaftServerConfigKeys (ConfUtils.java:logGet(43)) - raft.server.notification.no-leader.timeout = 120s (custom)
2019-09-25 05:06:11,459 [pool-77-thread-1] INFO  server.RaftServerConfigKeys (ConfUtils.java:logGet(43)) - raft.server.log.use.memory = false (default)
2019-09-25 05:06:11,459 [pool-77-thread-1] INFO  server.RaftServerConfigKeys (ConfUtils.java:logGet(43)) - raft.server.log.purge.gap = 1000000 (custom)
2019-09-25 05:06:11,459 [pool-77-thread-1] INFO  server.RaftServerConfigKeys (ConfUtils.java:logGet(43)) - raft.server.log.appender.buffer.byte-limit = 33554432 (custom)
2019-09-25 05:06:11,460 [pool-77-thread-1] INFO  server.RaftServerConfigKeys (ConfUtils.java:logGet(43)) - raft.server.log.segment.size.max = 1048576 (custom)
2019-09-25 05:06:11,460 [pool-77-thread-1] INFO  server.RaftServerConfigKeys (ConfUtils.java:logGet(43)) - raft.server.log.segment.cache.num.max = 2 (custom)
2019-09-25 05:06:11,460 [pool-77-thread-1] INFO  segmented.SegmentedRaftLogWorker (SegmentedRaftLogWorker.java:<init>(172)) - new b4fa7d23-6606-45fd-9544-2b08ca3fa933@group-875B6BD28FE6-SegmentedRaftLogWorker for RaftStorage:Storage Directory /workdir/hadoop-ozone/integration-test/target/test-dir/MiniOzoneClusterImpl-23306158-e895-4fc7-80df-ce6c264c388b/datanode-5/data/ratis/b66bee0c-fc89-4b4d-a83b-875b6bd28fe6
2019-09-25 05:06:11,460 [pool-77-thread-1] INFO  server.RaftServerConfigKeys (ConfUtils.java:logGet(43)) - raft.server.log.queue.byte-limit = 2147483647 (custom)
2019-09-25 05:06:11,460 [pool-77-thread-1] INFO  server.RaftServerConfigKeys (ConfUtils.java:logGet(43)) - raft.server.log.queue.element-limit = 1024 (custom)
2019-09-25 05:06:11,460 [pool-77-thread-1] INFO  server.RaftServerConfigKeys (ConfUtils.java:logGet(43)) - raft.server.log.segment.size.max = 1048576 (custom)
2019-09-25 05:06:11,461 [pool-77-thread-1] INFO  server.RaftServerConfigKeys (ConfUtils.java:logGet(43)) - raft.server.log.preallocated.size = 16384 (custom)
2019-09-25 05:06:11,461 [pool-77-thread-1] INFO  server.RaftServerConfigKeys (ConfUtils.java:logGet(43)) - raft.server.log.write.buffer.size = 33554432 (custom)
2019-09-25 05:06:11,461 [pool-77-thread-1] INFO  server.RaftServerConfigKeys (ConfUtils.java:logGet(43)) - raft.server.log.force.sync.num = 128 (default)
2019-09-25 05:06:11,461 [pool-77-thread-1] INFO  server.RaftServerConfigKeys (ConfUtils.java:logGet(43)) - raft.server.log.statemachine.data.sync = true (default)
2019-09-25 05:06:11,461 [pool-77-thread-1] INFO  server.RaftServerConfigKeys (ConfUtils.java:logGet(43)) - raft.server.log.statemachine.data.sync.timeout = 10s (default)
2019-09-25 05:06:11,461 [pool-77-thread-1] INFO  server.RaftServerConfigKeys (ConfUtils.java:logGet(43)) - raft.server.log.statemachine.data.sync.timeout.retry = -1 (default)
2019-09-25 05:06:11,461 [pool-77-thread-1] INFO  server.RaftServerConfigKeys (ConfUtils.java:logGet(43)) - raft.server.log.statemachine.data.caching.enabled = true (custom)
2019-09-25 05:06:11,462 [pool-77-thread-1] INFO  segmented.SegmentedRaftLogWorker (SegmentedRaftLogWorker.java:lambda$new$0(132)) - b4fa7d23-6606-45fd-9544-2b08ca3fa933@group-875B6BD28FE6-SegmentedRaftLogWorker: flushIndex: setUnconditionally 0 -> -1
2019-09-25 05:06:11,462 [pool-77-thread-1] INFO  server.RaftServerConfigKeys (ConfUtils.java:logGet(43)) - raft.server.snapshot.auto.trigger.enabled = true (custom)
2019-09-25 05:06:11,462 [pool-77-thread-1] INFO  server.RaftServerConfigKeys (ConfUtils.java:logGet(43)) - raft.server.snapshot.auto.trigger.threshold = 10000 (custom)
2019-09-25 05:06:11,463 [pool-77-thread-1] INFO  server.RaftServerConfigKeys (ConfUtils.java:logGet(43)) - raft.server.snapshot.retention.num.files = 5 (custom)
2019-09-25 05:06:11,463 [pool-77-thread-1] INFO  server.RaftServerConfigKeys (ConfUtils.java:logGet(43)) - raft.server.retrycache.expirytime = 600000ms (custom)
2019-09-25 05:06:11,465 [pool-77-thread-1] INFO  impl.RaftServerImpl (RaftServerImpl.java:start(185)) - b4fa7d23-6606-45fd-9544-2b08ca3fa933@group-875B6BD28FE6: start as a follower, conf=-1: [b4fa7d23-6606-45fd-9544-2b08ca3fa933:192.168.30.10:34493], old=null
2019-09-25 05:06:11,465 [pool-77-thread-1] INFO  impl.RaftServerImpl (RaftServerImpl.java:setRole(174)) - b4fa7d23-6606-45fd-9544-2b08ca3fa933@group-875B6BD28FE6: changes role from      null to FOLLOWER at term 0 for startAsFollower
2019-09-25 05:06:11,465 [pool-77-thread-1] INFO  impl.RoleInfo (RoleInfo.java:updateAndGet(143)) - b4fa7d23-6606-45fd-9544-2b08ca3fa933: start FollowerState
2019-09-25 05:06:11,466 [pool-77-thread-1] INFO  util.JmxRegister (JmxRegister.java:tryRegister(44)) - Successfully registered JMX Bean with object name Ratis:service=RaftServer,group=group-875B6BD28FE6,id=b4fa7d23-6606-45fd-9544-2b08ca3fa933
2019-09-25 05:06:11,469 [RatisPipelineUtilsThread] INFO  pipeline.PipelineStateManager (PipelineStateManager.java:addPipeline(56)) - Created pipeline Pipeline[ Id: b66bee0c-fc89-4b4d-a83b-875b6bd28fe6, Nodes: b4fa7d23-6606-45fd-9544-2b08ca3fa933{ip: 192.168.30.10, host: pr-hdds-1569-s62bp-3040748787, networkLocation: /default-rack, certSerialId: null}, Type:RATIS, Factor:ONE, State:OPEN]
2019-09-25 05:06:11,476 [grpc-default-executor-0] INFO  impl.RaftServerProxy (RaftServerProxy.java:addNew(89)) - 692224c4-5202-4921-98cc-04d5c60c79cc: addNew group-C8AC12423563:[692224c4-5202-4921-98cc-04d5c60c79cc:192.168.30.10:38144] returns group-C8AC12423563:java.util.concurrent.CompletableFuture@46d054f9[Not completed]
2019-09-25 05:06:11,477 [pool-67-thread-1] INFO  impl.RaftServerImpl (RaftServerImpl.java:<init>(95)) - 692224c4-5202-4921-98cc-04d5c60c79cc: new RaftServerImpl for group-C8AC12423563:[692224c4-5202-4921-98cc-04d5c60c79cc:192.168.30.10:38144] with ContainerStateMachine:uninitialized
2019-09-25 05:06:11,477 [pool-67-thread-1] INFO  server.RaftServerConfigKeys (ConfUtils.java:logGet(43)) - raft.server.rpc.timeout.min = 5s (custom)
2019-09-25 05:06:11,477 [pool-67-thread-1] INFO  server.RaftServerConfigKeys (ConfUtils.java:logGet(43)) - raft.server.rpc.timeout.max = 5200ms (custom)
2019-09-25 05:06:11,477 [pool-67-thread-1] INFO  server.RaftServerConfigKeys (ConfUtils.java:logGet(43)) - raft.server.rpcslowness.timeout = 120s (custom)
2019-09-25 05:06:11,477 [pool-67-thread-1] INFO  server.RaftServerConfigKeys (ConfUtils.java:logGet(43)) - raft.server.sleep.deviation.threshold = 300 (default)
2019-09-25 05:06:11,478 [pool-67-thread-1] INFO  server.RaftServerConfigKeys (ConfUtils.java:logGet(43)) - raft.server.log.appender.install.snapshot.enabled = false (custom)
2019-09-25 05:06:11,478 [pool-67-thread-1] INFO  impl.RaftServerImpl (ServerState.java:<init>(103)) - 692224c4-5202-4921-98cc-04d5c60c79cc@group-C8AC12423563: ConfigurationManager, init=-1: [692224c4-5202-4921-98cc-04d5c60c79cc:192.168.30.10:38144], old=null, confs=<EMPTY_MAP>
2019-09-25 05:06:11,478 [pool-67-thread-1] INFO  server.RaftServerConfigKeys (ConfUtils.java:logGet(43)) - raft.server.storage.dir = [/workdir/hadoop-ozone/integration-test/target/test-dir/MiniOzoneClusterImpl-23306158-e895-4fc7-80df-ce6c264c388b/datanode-4/data/ratis] (custom)
2019-09-25 05:06:11,478 [pool-67-thread-1] INFO  storage.RaftStorageDirectory (RaftStorageDirectory.java:analyzeStorage(246)) - The storage directory /workdir/hadoop-ozone/integration-test/target/test-dir/MiniOzoneClusterImpl-23306158-e895-4fc7-80df-ce6c264c388b/datanode-4/data/ratis/f204846e-7375-4d7a-9958-c8ac12423563 does not exist. Creating ...
2019-09-25 05:06:11,484 [pool-67-thread-1] INFO  storage.RaftStorageDirectory (RaftStorageDirectory.java:tryLock(328)) - Lock on /workdir/hadoop-ozone/integration-test/target/test-dir/MiniOzoneClusterImpl-23306158-e895-4fc7-80df-ce6c264c388b/datanode-4/data/ratis/f204846e-7375-4d7a-9958-c8ac12423563/in_use.lock acquired by nodename 25526@pr-hdds-1569-s62bp-3040748787
2019-09-25 05:06:11,509 [pool-67-thread-1] INFO  storage.RaftStorage (RaftStorage.java:format(72)) - Storage directory /workdir/hadoop-ozone/integration-test/target/test-dir/MiniOzoneClusterImpl-23306158-e895-4fc7-80df-ce6c264c388b/datanode-4/data/ratis/f204846e-7375-4d7a-9958-c8ac12423563 has been successfully formatted.
2019-09-25 05:06:11,510 [pool-67-thread-1] INFO  ratis.ContainerStateMachine (ContainerStateMachine.java:loadSnapshot(230)) - group-C8AC12423563: The snapshot info is null. Setting the last applied indexto:(t:0, i:~)
2019-09-25 05:06:11,510 [pool-67-thread-1] INFO  server.RaftServerConfigKeys (ConfUtils.java:logGet(43)) - raft.server.notification.no-leader.timeout = 120s (custom)
2019-09-25 05:06:11,510 [pool-67-thread-1] INFO  server.RaftServerConfigKeys (ConfUtils.java:logGet(43)) - raft.server.log.use.memory = false (default)
2019-09-25 05:06:11,510 [pool-67-thread-1] INFO  server.RaftServerConfigKeys (ConfUtils.java:logGet(43)) - raft.server.log.purge.gap = 1000000 (custom)
2019-09-25 05:06:11,511 [pool-67-thread-1] INFO  server.RaftServerConfigKeys (ConfUtils.java:logGet(43)) - raft.server.log.appender.buffer.byte-limit = 33554432 (custom)
2019-09-25 05:06:11,511 [pool-67-thread-1] INFO  server.RaftServerConfigKeys (ConfUtils.java:logGet(43)) - raft.server.log.segment.size.max = 1048576 (custom)
2019-09-25 05:06:11,511 [pool-67-thread-1] INFO  server.RaftServerConfigKeys (ConfUtils.java:logGet(43)) - raft.server.log.segment.cache.num.max = 2 (custom)
2019-09-25 05:06:11,511 [pool-67-thread-1] INFO  segmented.SegmentedRaftLogWorker (SegmentedRaftLogWorker.java:<init>(172)) - new 692224c4-5202-4921-98cc-04d5c60c79cc@group-C8AC12423563-SegmentedRaftLogWorker for RaftStorage:Storage Directory /workdir/hadoop-ozone/integration-test/target/test-dir/MiniOzoneClusterImpl-23306158-e895-4fc7-80df-ce6c264c388b/datanode-4/data/ratis/f204846e-7375-4d7a-9958-c8ac12423563
2019-09-25 05:06:11,511 [pool-67-thread-1] INFO  server.RaftServerConfigKeys (ConfUtils.java:logGet(43)) - raft.server.log.queue.byte-limit = 2147483647 (custom)
2019-09-25 05:06:11,511 [pool-67-thread-1] INFO  server.RaftServerConfigKeys (ConfUtils.java:logGet(43)) - raft.server.log.queue.element-limit = 1024 (custom)
2019-09-25 05:06:11,512 [pool-67-thread-1] INFO  server.RaftServerConfigKeys (ConfUtils.java:logGet(43)) - raft.server.log.segment.size.max = 1048576 (custom)
2019-09-25 05:06:11,512 [pool-67-thread-1] INFO  server.RaftServerConfigKeys (ConfUtils.java:logGet(43)) - raft.server.log.preallocated.size = 16384 (custom)
2019-09-25 05:06:11,512 [pool-67-thread-1] INFO  server.RaftServerConfigKeys (ConfUtils.java:logGet(43)) - raft.server.log.write.buffer.size = 33554432 (custom)
2019-09-25 05:06:11,512 [pool-67-thread-1] INFO  server.RaftServerConfigKeys (ConfUtils.java:logGet(43)) - raft.server.log.force.sync.num = 128 (default)
2019-09-25 05:06:11,512 [pool-67-thread-1] INFO  server.RaftServerConfigKeys (ConfUtils.java:logGet(43)) - raft.server.log.statemachine.data.sync = true (default)
2019-09-25 05:06:11,512 [pool-67-thread-1] INFO  server.RaftServerConfigKeys (ConfUtils.java:logGet(43)) - raft.server.log.statemachine.data.sync.timeout = 10s (default)
2019-09-25 05:06:11,513 [pool-67-thread-1] INFO  server.RaftServerConfigKeys (ConfUtils.java:logGet(43)) - raft.server.log.statemachine.data.sync.timeout.retry = -1 (default)
2019-09-25 05:06:11,513 [pool-67-thread-1] INFO  server.RaftServerConfigKeys (ConfUtils.java:logGet(43)) - raft.server.log.statemachine.data.caching.enabled = true (custom)
2019-09-25 05:06:11,513 [pool-67-thread-1] INFO  segmented.SegmentedRaftLogWorker (SegmentedRaftLogWorker.java:lambda$new$0(132)) - 692224c4-5202-4921-98cc-04d5c60c79cc@group-C8AC12423563-SegmentedRaftLogWorker: flushIndex: setUnconditionally 0 -> -1
2019-09-25 05:06:11,514 [pool-67-thread-1] INFO  server.RaftServerConfigKeys (ConfUtils.java:logGet(43)) - raft.server.snapshot.auto.trigger.enabled = true (custom)
2019-09-25 05:06:11,514 [pool-67-thread-1] INFO  server.RaftServerConfigKeys (ConfUtils.java:logGet(43)) - raft.server.snapshot.auto.trigger.threshold = 10000 (custom)
2019-09-25 05:06:11,514 [pool-67-thread-1] INFO  server.RaftServerConfigKeys (ConfUtils.java:logGet(43)) - raft.server.snapshot.retention.num.files = 5 (custom)
2019-09-25 05:06:11,514 [pool-67-thread-1] INFO  server.RaftServerConfigKeys (ConfUtils.java:logGet(43)) - raft.server.retrycache.expirytime = 600000ms (custom)
2019-09-25 05:06:11,517 [pool-67-thread-1] INFO  impl.RaftServerImpl (RaftServerImpl.java:start(185)) - 692224c4-5202-4921-98cc-04d5c60c79cc@group-C8AC12423563: start as a follower, conf=-1: [692224c4-5202-4921-98cc-04d5c60c79cc:192.168.30.10:38144], old=null
2019-09-25 05:06:11,517 [pool-67-thread-1] INFO  impl.RaftServerImpl (RaftServerImpl.java:setRole(174)) - 692224c4-5202-4921-98cc-04d5c60c79cc@group-C8AC12423563: changes role from      null to FOLLOWER at term 0 for startAsFollower
2019-09-25 05:06:11,517 [pool-67-thread-1] INFO  impl.RoleInfo (RoleInfo.java:updateAndGet(143)) - 692224c4-5202-4921-98cc-04d5c60c79cc: start FollowerState
2019-09-25 05:06:11,518 [pool-67-thread-1] INFO  util.JmxRegister (JmxRegister.java:tryRegister(44)) - Successfully registered JMX Bean with object name Ratis:service=RaftServer,group=group-C8AC12423563,id=692224c4-5202-4921-98cc-04d5c60c79cc
2019-09-25 05:06:11,521 [RatisPipelineUtilsThread] INFO  pipeline.PipelineStateManager (PipelineStateManager.java:addPipeline(56)) - Created pipeline Pipeline[ Id: f204846e-7375-4d7a-9958-c8ac12423563, Nodes: 692224c4-5202-4921-98cc-04d5c60c79cc{ip: 192.168.30.10, host: pr-hdds-1569-s62bp-3040748787, networkLocation: /default-rack, certSerialId: null}, Type:RATIS, Factor:ONE, State:OPEN]
2019-09-25 05:06:11,527 [grpc-default-executor-0] INFO  impl.RaftServerProxy (RaftServerProxy.java:addNew(89)) - 692224c4-5202-4921-98cc-04d5c60c79cc: addNew group-1DA465D771D0:[692224c4-5202-4921-98cc-04d5c60c79cc:192.168.30.10:38144] returns group-1DA465D771D0:java.util.concurrent.CompletableFuture@5aaba1ab[Not completed]
2019-09-25 05:06:11,528 [pool-67-thread-1] INFO  impl.RaftServerImpl (RaftServerImpl.java:<init>(95)) - 692224c4-5202-4921-98cc-04d5c60c79cc: new RaftServerImpl for group-1DA465D771D0:[692224c4-5202-4921-98cc-04d5c60c79cc:192.168.30.10:38144] with ContainerStateMachine:uninitialized
2019-09-25 05:06:11,528 [pool-67-thread-1] INFO  server.RaftServerConfigKeys (ConfUtils.java:logGet(43)) - raft.server.rpc.timeout.min = 5s (custom)
2019-09-25 05:06:11,529 [pool-67-thread-1] INFO  server.RaftServerConfigKeys (ConfUtils.java:logGet(43)) - raft.server.rpc.timeout.max = 5200ms (custom)
2019-09-25 05:06:11,529 [pool-67-thread-1] INFO  server.RaftServerConfigKeys (ConfUtils.java:logGet(43)) - raft.server.rpcslowness.timeout = 120s (custom)
2019-09-25 05:06:11,529 [pool-67-thread-1] INFO  server.RaftServerConfigKeys (ConfUtils.java:logGet(43)) - raft.server.sleep.deviation.threshold = 300 (default)
2019-09-25 05:06:11,529 [pool-67-thread-1] INFO  server.RaftServerConfigKeys (ConfUtils.java:logGet(43)) - raft.server.log.appender.install.snapshot.enabled = false (custom)
2019-09-25 05:06:11,529 [pool-67-thread-1] INFO  impl.RaftServerImpl (ServerState.java:<init>(103)) - 692224c4-5202-4921-98cc-04d5c60c79cc@group-1DA465D771D0: ConfigurationManager, init=-1: [692224c4-5202-4921-98cc-04d5c60c79cc:192.168.30.10:38144], old=null, confs=<EMPTY_MAP>
2019-09-25 05:06:11,530 [pool-67-thread-1] INFO  server.RaftServerConfigKeys (ConfUtils.java:logGet(43)) - raft.server.storage.dir = [/workdir/hadoop-ozone/integration-test/target/test-dir/MiniOzoneClusterImpl-23306158-e895-4fc7-80df-ce6c264c388b/datanode-4/data/ratis] (custom)
2019-09-25 05:06:11,530 [pool-67-thread-1] INFO  storage.RaftStorageDirectory (RaftStorageDirectory.java:analyzeStorage(246)) - The storage directory /workdir/hadoop-ozone/integration-test/target/test-dir/MiniOzoneClusterImpl-23306158-e895-4fc7-80df-ce6c264c388b/datanode-4/data/ratis/cbe7bf93-762b-417a-ac5c-1da465d771d0 does not exist. Creating ...
2019-09-25 05:06:11,546 [pool-67-thread-1] INFO  storage.RaftStorageDirectory (RaftStorageDirectory.java:tryLock(328)) - Lock on /workdir/hadoop-ozone/integration-test/target/test-dir/MiniOzoneClusterImpl-23306158-e895-4fc7-80df-ce6c264c388b/datanode-4/data/ratis/cbe7bf93-762b-417a-ac5c-1da465d771d0/in_use.lock acquired by nodename 25526@pr-hdds-1569-s62bp-3040748787
2019-09-25 05:06:11,559 [pool-67-thread-1] INFO  storage.RaftStorage (RaftStorage.java:format(72)) - Storage directory /workdir/hadoop-ozone/integration-test/target/test-dir/MiniOzoneClusterImpl-23306158-e895-4fc7-80df-ce6c264c388b/datanode-4/data/ratis/cbe7bf93-762b-417a-ac5c-1da465d771d0 has been successfully formatted.
2019-09-25 05:06:11,559 [pool-67-thread-1] INFO  ratis.ContainerStateMachine (ContainerStateMachine.java:loadSnapshot(230)) - group-1DA465D771D0: The snapshot info is null. Setting the last applied indexto:(t:0, i:~)
2019-09-25 05:06:11,560 [pool-67-thread-1] INFO  server.RaftServerConfigKeys (ConfUtils.java:logGet(43)) - raft.server.notification.no-leader.timeout = 120s (custom)
2019-09-25 05:06:11,560 [pool-67-thread-1] INFO  server.RaftServerConfigKeys (ConfUtils.java:logGet(43)) - raft.server.log.use.memory = false (default)
2019-09-25 05:06:11,560 [pool-67-thread-1] INFO  server.RaftServerConfigKeys (ConfUtils.java:logGet(43)) - raft.server.log.purge.gap = 1000000 (custom)
2019-09-25 05:06:11,560 [pool-67-thread-1] INFO  server.RaftServerConfigKeys (ConfUtils.java:logGet(43)) - raft.server.log.appender.buffer.byte-limit = 33554432 (custom)
2019-09-25 05:06:11,560 [pool-67-thread-1] INFO  server.RaftServerConfigKeys (ConfUtils.java:logGet(43)) - raft.server.log.segment.size.max = 1048576 (custom)
2019-09-25 05:06:11,561 [pool-67-thread-1] INFO  server.RaftServerConfigKeys (ConfUtils.java:logGet(43)) - raft.server.log.segment.cache.num.max = 2 (custom)
2019-09-25 05:06:11,561 [pool-67-thread-1] INFO  segmented.SegmentedRaftLogWorker (SegmentedRaftLogWorker.java:<init>(172)) - new 692224c4-5202-4921-98cc-04d5c60c79cc@group-1DA465D771D0-SegmentedRaftLogWorker for RaftStorage:Storage Directory /workdir/hadoop-ozone/integration-test/target/test-dir/MiniOzoneClusterImpl-23306158-e895-4fc7-80df-ce6c264c388b/datanode-4/data/ratis/cbe7bf93-762b-417a-ac5c-1da465d771d0
2019-09-25 05:06:11,561 [pool-67-thread-1] INFO  server.RaftServerConfigKeys (ConfUtils.java:logGet(43)) - raft.server.log.queue.byte-limit = 2147483647 (custom)
2019-09-25 05:06:11,561 [pool-67-thread-1] INFO  server.RaftServerConfigKeys (ConfUtils.java:logGet(43)) - raft.server.log.queue.element-limit = 1024 (custom)
2019-09-25 05:06:11,561 [pool-67-thread-1] INFO  server.RaftServerConfigKeys (ConfUtils.java:logGet(43)) - raft.server.log.segment.size.max = 1048576 (custom)
2019-09-25 05:06:11,561 [pool-67-thread-1] INFO  server.RaftServerConfigKeys (ConfUtils.java:logGet(43)) - raft.server.log.preallocated.size = 16384 (custom)
2019-09-25 05:06:11,562 [pool-67-thread-1] INFO  server.RaftServerConfigKeys (ConfUtils.java:logGet(43)) - raft.server.log.write.buffer.size = 33554432 (custom)
2019-09-25 05:06:11,562 [pool-67-thread-1] INFO  server.RaftServerConfigKeys (ConfUtils.java:logGet(43)) - raft.server.log.force.sync.num = 128 (default)
2019-09-25 05:06:11,562 [pool-67-thread-1] INFO  server.RaftServerConfigKeys (ConfUtils.java:logGet(43)) - raft.server.log.statemachine.data.sync = true (default)
2019-09-25 05:06:11,562 [pool-67-thread-1] INFO  server.RaftServerConfigKeys (ConfUtils.java:logGet(43)) - raft.server.log.statemachine.data.sync.timeout = 10s (default)
2019-09-25 05:06:11,562 [pool-67-thread-1] INFO  server.RaftServerConfigKeys (ConfUtils.java:logGet(43)) - raft.server.log.statemachine.data.sync.timeout.retry = -1 (default)
2019-09-25 05:06:11,563 [pool-67-thread-1] INFO  server.RaftServerConfigKeys (ConfUtils.java:logGet(43)) - raft.server.log.statemachine.data.caching.enabled = true (custom)
2019-09-25 05:06:11,563 [pool-67-thread-1] INFO  segmented.SegmentedRaftLogWorker (SegmentedRaftLogWorker.java:lambda$new$0(132)) - 692224c4-5202-4921-98cc-04d5c60c79cc@group-1DA465D771D0-SegmentedRaftLogWorker: flushIndex: setUnconditionally 0 -> -1
2019-09-25 05:06:11,563 [pool-67-thread-1] INFO  server.RaftServerConfigKeys (ConfUtils.java:logGet(43)) - raft.server.snapshot.auto.trigger.enabled = true (custom)
2019-09-25 05:06:11,563 [pool-67-thread-1] INFO  server.RaftServerConfigKeys (ConfUtils.java:logGet(43)) - raft.server.snapshot.auto.trigger.threshold = 10000 (custom)
2019-09-25 05:06:11,564 [pool-67-thread-1] INFO  server.RaftServerConfigKeys (ConfUtils.java:logGet(43)) - raft.server.snapshot.retention.num.files = 5 (custom)
2019-09-25 05:06:11,564 [pool-67-thread-1] INFO  server.RaftServerConfigKeys (ConfUtils.java:logGet(43)) - raft.server.retrycache.expirytime = 600000ms (custom)
2019-09-25 05:06:11,567 [pool-67-thread-1] INFO  impl.RaftServerImpl (RaftServerImpl.java:start(185)) - 692224c4-5202-4921-98cc-04d5c60c79cc@group-1DA465D771D0: start as a follower, conf=-1: [692224c4-5202-4921-98cc-04d5c60c79cc:192.168.30.10:38144], old=null
2019-09-25 05:06:11,567 [pool-67-thread-1] INFO  impl.RaftServerImpl (RaftServerImpl.java:setRole(174)) - 692224c4-5202-4921-98cc-04d5c60c79cc@group-1DA465D771D0: changes role from      null to FOLLOWER at term 0 for startAsFollower
2019-09-25 05:06:11,567 [pool-67-thread-1] INFO  impl.RoleInfo (RoleInfo.java:updateAndGet(143)) - 692224c4-5202-4921-98cc-04d5c60c79cc: start FollowerState
2019-09-25 05:06:11,568 [pool-67-thread-1] INFO  util.JmxRegister (JmxRegister.java:tryRegister(44)) - Successfully registered JMX Bean with object name Ratis:service=RaftServer,group=group-1DA465D771D0,id=692224c4-5202-4921-98cc-04d5c60c79cc
2019-09-25 05:06:11,570 [RatisPipelineUtilsThread] INFO  pipeline.PipelineStateManager (PipelineStateManager.java:addPipeline(56)) - Created pipeline Pipeline[ Id: cbe7bf93-762b-417a-ac5c-1da465d771d0, Nodes: 692224c4-5202-4921-98cc-04d5c60c79cc{ip: 192.168.30.10, host: pr-hdds-1569-s62bp-3040748787, networkLocation: /default-rack, certSerialId: null}, Type:RATIS, Factor:ONE, State:OPEN]
2019-09-25 05:06:11,576 [grpc-default-executor-0] INFO  impl.RaftServerProxy (RaftServerProxy.java:addNew(89)) - 56396258-65a3-478c-9482-0be0199dd49c: addNew group-53B2AC795339:[56396258-65a3-478c-9482-0be0199dd49c:192.168.30.10:41678] returns group-53B2AC795339:java.util.concurrent.CompletableFuture@2c65b823[Not completed]
2019-09-25 05:06:11,577 [pool-87-thread-1] INFO  impl.RaftServerImpl (RaftServerImpl.java:<init>(95)) - 56396258-65a3-478c-9482-0be0199dd49c: new RaftServerImpl for group-53B2AC795339:[56396258-65a3-478c-9482-0be0199dd49c:192.168.30.10:41678] with ContainerStateMachine:uninitialized
2019-09-25 05:06:11,577 [pool-87-thread-1] INFO  server.RaftServerConfigKeys (ConfUtils.java:logGet(43)) - raft.server.rpc.timeout.min = 5s (custom)
2019-09-25 05:06:11,577 [pool-87-thread-1] INFO  server.RaftServerConfigKeys (ConfUtils.java:logGet(43)) - raft.server.rpc.timeout.max = 5200ms (custom)
2019-09-25 05:06:11,577 [pool-87-thread-1] INFO  server.RaftServerConfigKeys (ConfUtils.java:logGet(43)) - raft.server.rpcslowness.timeout = 120s (custom)
2019-09-25 05:06:11,578 [pool-87-thread-1] INFO  server.RaftServerConfigKeys (ConfUtils.java:logGet(43)) - raft.server.sleep.deviation.threshold = 300 (default)
2019-09-25 05:06:11,578 [pool-87-thread-1] INFO  server.RaftServerConfigKeys (ConfUtils.java:logGet(43)) - raft.server.log.appender.install.snapshot.enabled = false (custom)
2019-09-25 05:06:11,578 [pool-87-thread-1] INFO  impl.RaftServerImpl (ServerState.java:<init>(103)) - 56396258-65a3-478c-9482-0be0199dd49c@group-53B2AC795339: ConfigurationManager, init=-1: [56396258-65a3-478c-9482-0be0199dd49c:192.168.30.10:41678], old=null, confs=<EMPTY_MAP>
2019-09-25 05:06:11,578 [pool-87-thread-1] INFO  server.RaftServerConfigKeys (ConfUtils.java:logGet(43)) - raft.server.storage.dir = [/workdir/hadoop-ozone/integration-test/target/test-dir/MiniOzoneClusterImpl-23306158-e895-4fc7-80df-ce6c264c388b/datanode-6/data/ratis] (custom)
2019-09-25 05:06:11,579 [pool-87-thread-1] INFO  storage.RaftStorageDirectory (RaftStorageDirectory.java:analyzeStorage(246)) - The storage directory /workdir/hadoop-ozone/integration-test/target/test-dir/MiniOzoneClusterImpl-23306158-e895-4fc7-80df-ce6c264c388b/datanode-6/data/ratis/52fbd5a2-e06d-4f92-ab1e-53b2ac795339 does not exist. Creating ...
2019-09-25 05:06:11,584 [pool-87-thread-1] INFO  storage.RaftStorageDirectory (RaftStorageDirectory.java:tryLock(328)) - Lock on /workdir/hadoop-ozone/integration-test/target/test-dir/MiniOzoneClusterImpl-23306158-e895-4fc7-80df-ce6c264c388b/datanode-6/data/ratis/52fbd5a2-e06d-4f92-ab1e-53b2ac795339/in_use.lock acquired by nodename 25526@pr-hdds-1569-s62bp-3040748787
2019-09-25 05:06:11,594 [pool-87-thread-1] INFO  storage.RaftStorage (RaftStorage.java:format(72)) - Storage directory /workdir/hadoop-ozone/integration-test/target/test-dir/MiniOzoneClusterImpl-23306158-e895-4fc7-80df-ce6c264c388b/datanode-6/data/ratis/52fbd5a2-e06d-4f92-ab1e-53b2ac795339 has been successfully formatted.
2019-09-25 05:06:11,594 [pool-87-thread-1] INFO  ratis.ContainerStateMachine (ContainerStateMachine.java:loadSnapshot(230)) - group-53B2AC795339: The snapshot info is null. Setting the last applied indexto:(t:0, i:~)
2019-09-25 05:06:11,594 [pool-87-thread-1] INFO  server.RaftServerConfigKeys (ConfUtils.java:logGet(43)) - raft.server.notification.no-leader.timeout = 120s (custom)
2019-09-25 05:06:11,594 [pool-87-thread-1] INFO  server.RaftServerConfigKeys (ConfUtils.java:logGet(43)) - raft.server.log.use.memory = false (default)
2019-09-25 05:06:11,594 [pool-87-thread-1] INFO  server.RaftServerConfigKeys (ConfUtils.java:logGet(43)) - raft.server.log.purge.gap = 1000000 (custom)
2019-09-25 05:06:11,595 [pool-87-thread-1] INFO  server.RaftServerConfigKeys (ConfUtils.java:logGet(43)) - raft.server.log.appender.buffer.byte-limit = 33554432 (custom)
2019-09-25 05:06:11,595 [pool-87-thread-1] INFO  server.RaftServerConfigKeys (ConfUtils.java:logGet(43)) - raft.server.log.segment.size.max = 1048576 (custom)
2019-09-25 05:06:11,595 [pool-87-thread-1] INFO  server.RaftServerConfigKeys (ConfUtils.java:logGet(43)) - raft.server.log.segment.cache.num.max = 2 (custom)
2019-09-25 05:06:11,595 [pool-87-thread-1] INFO  segmented.SegmentedRaftLogWorker (SegmentedRaftLogWorker.java:<init>(172)) - new 56396258-65a3-478c-9482-0be0199dd49c@group-53B2AC795339-SegmentedRaftLogWorker for RaftStorage:Storage Directory /workdir/hadoop-ozone/integration-test/target/test-dir/MiniOzoneClusterImpl-23306158-e895-4fc7-80df-ce6c264c388b/datanode-6/data/ratis/52fbd5a2-e06d-4f92-ab1e-53b2ac795339
2019-09-25 05:06:11,595 [pool-87-thread-1] INFO  server.RaftServerConfigKeys (ConfUtils.java:logGet(43)) - raft.server.log.queue.byte-limit = 2147483647 (custom)
2019-09-25 05:06:11,595 [pool-87-thread-1] INFO  server.RaftServerConfigKeys (ConfUtils.java:logGet(43)) - raft.server.log.queue.element-limit = 1024 (custom)
2019-09-25 05:06:11,596 [pool-87-thread-1] INFO  server.RaftServerConfigKeys (ConfUtils.java:logGet(43)) - raft.server.log.segment.size.max = 1048576 (custom)
2019-09-25 05:06:11,596 [pool-87-thread-1] INFO  server.RaftServerConfigKeys (ConfUtils.java:logGet(43)) - raft.server.log.preallocated.size = 16384 (custom)
2019-09-25 05:06:11,596 [pool-87-thread-1] INFO  server.RaftServerConfigKeys (ConfUtils.java:logGet(43)) - raft.server.log.write.buffer.size = 33554432 (custom)
2019-09-25 05:06:11,596 [pool-87-thread-1] INFO  server.RaftServerConfigKeys (ConfUtils.java:logGet(43)) - raft.server.log.force.sync.num = 128 (default)
2019-09-25 05:06:11,596 [pool-87-thread-1] INFO  server.RaftServerConfigKeys (ConfUtils.java:logGet(43)) - raft.server.log.statemachine.data.sync = true (default)
2019-09-25 05:06:11,596 [pool-87-thread-1] INFO  server.RaftServerConfigKeys (ConfUtils.java:logGet(43)) - raft.server.log.statemachine.data.sync.timeout = 10s (default)
2019-09-25 05:06:11,597 [pool-87-thread-1] INFO  server.RaftServerConfigKeys (ConfUtils.java:logGet(43)) - raft.server.log.statemachine.data.sync.timeout.retry = -1 (default)
2019-09-25 05:06:11,597 [pool-87-thread-1] INFO  server.RaftServerConfigKeys (ConfUtils.java:logGet(43)) - raft.server.log.statemachine.data.caching.enabled = true (custom)
2019-09-25 05:06:11,597 [pool-87-thread-1] INFO  segmented.SegmentedRaftLogWorker (SegmentedRaftLogWorker.java:lambda$new$0(132)) - 56396258-65a3-478c-9482-0be0199dd49c@group-53B2AC795339-SegmentedRaftLogWorker: flushIndex: setUnconditionally 0 -> -1
2019-09-25 05:06:11,598 [pool-87-thread-1] INFO  server.RaftServerConfigKeys (ConfUtils.java:logGet(43)) - raft.server.snapshot.auto.trigger.enabled = true (custom)
2019-09-25 05:06:11,598 [pool-87-thread-1] INFO  server.RaftServerConfigKeys (ConfUtils.java:logGet(43)) - raft.server.snapshot.auto.trigger.threshold = 10000 (custom)
2019-09-25 05:06:11,598 [pool-87-thread-1] INFO  server.RaftServerConfigKeys (ConfUtils.java:logGet(43)) - raft.server.snapshot.retention.num.files = 5 (custom)
2019-09-25 05:06:11,598 [pool-87-thread-1] INFO  server.RaftServerConfigKeys (ConfUtils.java:logGet(43)) - raft.server.retrycache.expirytime = 600000ms (custom)
2019-09-25 05:06:11,600 [pool-87-thread-1] INFO  impl.RaftServerImpl (RaftServerImpl.java:start(185)) - 56396258-65a3-478c-9482-0be0199dd49c@group-53B2AC795339: start as a follower, conf=-1: [56396258-65a3-478c-9482-0be0199dd49c:192.168.30.10:41678], old=null
2019-09-25 05:06:11,601 [pool-87-thread-1] INFO  impl.RaftServerImpl (RaftServerImpl.java:setRole(174)) - 56396258-65a3-478c-9482-0be0199dd49c@group-53B2AC795339: changes role from      null to FOLLOWER at term 0 for startAsFollower
2019-09-25 05:06:11,601 [pool-87-thread-1] INFO  impl.RoleInfo (RoleInfo.java:updateAndGet(143)) - 56396258-65a3-478c-9482-0be0199dd49c: start FollowerState
2019-09-25 05:06:11,601 [pool-87-thread-1] INFO  util.JmxRegister (JmxRegister.java:tryRegister(44)) - Successfully registered JMX Bean with object name Ratis:service=RaftServer,group=group-53B2AC795339,id=56396258-65a3-478c-9482-0be0199dd49c
2019-09-25 05:06:11,604 [RatisPipelineUtilsThread] INFO  pipeline.PipelineStateManager (PipelineStateManager.java:addPipeline(56)) - Created pipeline Pipeline[ Id: 52fbd5a2-e06d-4f92-ab1e-53b2ac795339, Nodes: 56396258-65a3-478c-9482-0be0199dd49c{ip: 192.168.30.10, host: pr-hdds-1569-s62bp-3040748787, networkLocation: /default-rack, certSerialId: null}, Type:RATIS, Factor:ONE, State:OPEN]
2019-09-25 05:06:11,610 [grpc-default-executor-0] INFO  impl.RaftServerProxy (RaftServerProxy.java:addNew(89)) - 56396258-65a3-478c-9482-0be0199dd49c: addNew group-2D2A6A1AC4E2:[56396258-65a3-478c-9482-0be0199dd49c:192.168.30.10:41678] returns group-2D2A6A1AC4E2:java.util.concurrent.CompletableFuture@25b60d24[Not completed]
2019-09-25 05:06:11,610 [pool-87-thread-1] INFO  impl.RaftServerImpl (RaftServerImpl.java:<init>(95)) - 56396258-65a3-478c-9482-0be0199dd49c: new RaftServerImpl for group-2D2A6A1AC4E2:[56396258-65a3-478c-9482-0be0199dd49c:192.168.30.10:41678] with ContainerStateMachine:uninitialized
2019-09-25 05:06:11,611 [pool-87-thread-1] INFO  server.RaftServerConfigKeys (ConfUtils.java:logGet(43)) - raft.server.rpc.timeout.min = 5s (custom)
2019-09-25 05:06:11,611 [pool-87-thread-1] INFO  server.RaftServerConfigKeys (ConfUtils.java:logGet(43)) - raft.server.rpc.timeout.max = 5200ms (custom)
2019-09-25 05:06:11,611 [pool-87-thread-1] INFO  server.RaftServerConfigKeys (ConfUtils.java:logGet(43)) - raft.server.rpcslowness.timeout = 120s (custom)
2019-09-25 05:06:11,611 [pool-87-thread-1] INFO  server.RaftServerConfigKeys (ConfUtils.java:logGet(43)) - raft.server.sleep.deviation.threshold = 300 (default)
2019-09-25 05:06:11,611 [pool-87-thread-1] INFO  server.RaftServerConfigKeys (ConfUtils.java:logGet(43)) - raft.server.log.appender.install.snapshot.enabled = false (custom)
2019-09-25 05:06:11,611 [pool-87-thread-1] INFO  impl.RaftServerImpl (ServerState.java:<init>(103)) - 56396258-65a3-478c-9482-0be0199dd49c@group-2D2A6A1AC4E2: ConfigurationManager, init=-1: [56396258-65a3-478c-9482-0be0199dd49c:192.168.30.10:41678], old=null, confs=<EMPTY_MAP>
2019-09-25 05:06:11,612 [pool-87-thread-1] INFO  server.RaftServerConfigKeys (ConfUtils.java:logGet(43)) - raft.server.storage.dir = [/workdir/hadoop-ozone/integration-test/target/test-dir/MiniOzoneClusterImpl-23306158-e895-4fc7-80df-ce6c264c388b/datanode-6/data/ratis] (custom)
2019-09-25 05:06:11,612 [pool-87-thread-1] INFO  storage.RaftStorageDirectory (RaftStorageDirectory.java:analyzeStorage(246)) - The storage directory /workdir/hadoop-ozone/integration-test/target/test-dir/MiniOzoneClusterImpl-23306158-e895-4fc7-80df-ce6c264c388b/datanode-6/data/ratis/38663d97-dec3-4064-88a9-2d2a6a1ac4e2 does not exist. Creating ...
2019-09-25 05:06:11,630 [pool-87-thread-1] INFO  storage.RaftStorageDirectory (RaftStorageDirectory.java:tryLock(328)) - Lock on /workdir/hadoop-ozone/integration-test/target/test-dir/MiniOzoneClusterImpl-23306158-e895-4fc7-80df-ce6c264c388b/datanode-6/data/ratis/38663d97-dec3-4064-88a9-2d2a6a1ac4e2/in_use.lock acquired by nodename 25526@pr-hdds-1569-s62bp-3040748787
2019-09-25 05:06:11,642 [pool-87-thread-1] INFO  storage.RaftStorage (RaftStorage.java:format(72)) - Storage directory /workdir/hadoop-ozone/integration-test/target/test-dir/MiniOzoneClusterImpl-23306158-e895-4fc7-80df-ce6c264c388b/datanode-6/data/ratis/38663d97-dec3-4064-88a9-2d2a6a1ac4e2 has been successfully formatted.
2019-09-25 05:06:11,642 [pool-87-thread-1] INFO  ratis.ContainerStateMachine (ContainerStateMachine.java:loadSnapshot(230)) - group-2D2A6A1AC4E2: The snapshot info is null. Setting the last applied indexto:(t:0, i:~)
2019-09-25 05:06:11,643 [pool-87-thread-1] INFO  server.RaftServerConfigKeys (ConfUtils.java:logGet(43)) - raft.server.notification.no-leader.timeout = 120s (custom)
2019-09-25 05:06:11,643 [pool-87-thread-1] INFO  server.RaftServerConfigKeys (ConfUtils.java:logGet(43)) - raft.server.log.use.memory = false (default)
2019-09-25 05:06:11,643 [pool-87-thread-1] INFO  server.RaftServerConfigKeys (ConfUtils.java:logGet(43)) - raft.server.log.purge.gap = 1000000 (custom)
2019-09-25 05:06:11,643 [pool-87-thread-1] INFO  server.RaftServerConfigKeys (ConfUtils.java:logGet(43)) - raft.server.log.appender.buffer.byte-limit = 33554432 (custom)
2019-09-25 05:06:11,643 [pool-87-thread-1] INFO  server.RaftServerConfigKeys (ConfUtils.java:logGet(43)) - raft.server.log.segment.size.max = 1048576 (custom)
2019-09-25 05:06:11,643 [pool-87-thread-1] INFO  server.RaftServerConfigKeys (ConfUtils.java:logGet(43)) - raft.server.log.segment.cache.num.max = 2 (custom)
2019-09-25 05:06:11,644 [pool-87-thread-1] INFO  segmented.SegmentedRaftLogWorker (SegmentedRaftLogWorker.java:<init>(172)) - new 56396258-65a3-478c-9482-0be0199dd49c@group-2D2A6A1AC4E2-SegmentedRaftLogWorker for RaftStorage:Storage Directory /workdir/hadoop-ozone/integration-test/target/test-dir/MiniOzoneClusterImpl-23306158-e895-4fc7-80df-ce6c264c388b/datanode-6/data/ratis/38663d97-dec3-4064-88a9-2d2a6a1ac4e2
2019-09-25 05:06:11,644 [pool-87-thread-1] INFO  server.RaftServerConfigKeys (ConfUtils.java:logGet(43)) - raft.server.log.queue.byte-limit = 2147483647 (custom)
2019-09-25 05:06:11,644 [pool-87-thread-1] INFO  server.RaftServerConfigKeys (ConfUtils.java:logGet(43)) - raft.server.log.queue.element-limit = 1024 (custom)
2019-09-25 05:06:11,644 [pool-87-thread-1] INFO  server.RaftServerConfigKeys (ConfUtils.java:logGet(43)) - raft.server.log.segment.size.max = 1048576 (custom)
2019-09-25 05:06:11,644 [pool-87-thread-1] INFO  server.RaftServerConfigKeys (ConfUtils.java:logGet(43)) - raft.server.log.preallocated.size = 16384 (custom)
2019-09-25 05:06:11,644 [pool-87-thread-1] INFO  server.RaftServerConfigKeys (ConfUtils.java:logGet(43)) - raft.server.log.write.buffer.size = 33554432 (custom)
2019-09-25 05:06:11,644 [pool-87-thread-1] INFO  server.RaftServerConfigKeys (ConfUtils.java:logGet(43)) - raft.server.log.force.sync.num = 128 (default)
2019-09-25 05:06:11,645 [pool-87-thread-1] INFO  server.RaftServerConfigKeys (ConfUtils.java:logGet(43)) - raft.server.log.statemachine.data.sync = true (default)
2019-09-25 05:06:11,645 [pool-87-thread-1] INFO  server.RaftServerConfigKeys (ConfUtils.java:logGet(43)) - raft.server.log.statemachine.data.sync.timeout = 10s (default)
2019-09-25 05:06:11,645 [pool-87-thread-1] INFO  server.RaftServerConfigKeys (ConfUtils.java:logGet(43)) - raft.server.log.statemachine.data.sync.timeout.retry = -1 (default)
2019-09-25 05:06:11,645 [pool-87-thread-1] INFO  server.RaftServerConfigKeys (ConfUtils.java:logGet(43)) - raft.server.log.statemachine.data.caching.enabled = true (custom)
2019-09-25 05:06:11,645 [pool-87-thread-1] INFO  segmented.SegmentedRaftLogWorker (SegmentedRaftLogWorker.java:lambda$new$0(132)) - 56396258-65a3-478c-9482-0be0199dd49c@group-2D2A6A1AC4E2-SegmentedRaftLogWorker: flushIndex: setUnconditionally 0 -> -1
2019-09-25 05:06:11,646 [pool-87-thread-1] INFO  server.RaftServerConfigKeys (ConfUtils.java:logGet(43)) - raft.server.snapshot.auto.trigger.enabled = true (custom)
2019-09-25 05:06:11,646 [pool-87-thread-1] INFO  server.RaftServerConfigKeys (ConfUtils.java:logGet(43)) - raft.server.snapshot.auto.trigger.threshold = 10000 (custom)
2019-09-25 05:06:11,646 [pool-87-thread-1] INFO  server.RaftServerConfigKeys (ConfUtils.java:logGet(43)) - raft.server.snapshot.retention.num.files = 5 (custom)
2019-09-25 05:06:11,646 [pool-87-thread-1] INFO  server.RaftServerConfigKeys (ConfUtils.java:logGet(43)) - raft.server.retrycache.expirytime = 600000ms (custom)
2019-09-25 05:06:11,649 [pool-87-thread-1] INFO  impl.RaftServerImpl (RaftServerImpl.java:start(185)) - 56396258-65a3-478c-9482-0be0199dd49c@group-2D2A6A1AC4E2: start as a follower, conf=-1: [56396258-65a3-478c-9482-0be0199dd49c:192.168.30.10:41678], old=null
2019-09-25 05:06:11,649 [pool-87-thread-1] INFO  impl.RaftServerImpl (RaftServerImpl.java:setRole(174)) - 56396258-65a3-478c-9482-0be0199dd49c@group-2D2A6A1AC4E2: changes role from      null to FOLLOWER at term 0 for startAsFollower
2019-09-25 05:06:11,649 [pool-87-thread-1] INFO  impl.RoleInfo (RoleInfo.java:updateAndGet(143)) - 56396258-65a3-478c-9482-0be0199dd49c: start FollowerState
2019-09-25 05:06:11,649 [pool-87-thread-1] INFO  util.JmxRegister (JmxRegister.java:tryRegister(44)) - Successfully registered JMX Bean with object name Ratis:service=RaftServer,group=group-2D2A6A1AC4E2,id=56396258-65a3-478c-9482-0be0199dd49c
2019-09-25 05:06:11,652 [RatisPipelineUtilsThread] INFO  pipeline.PipelineStateManager (PipelineStateManager.java:addPipeline(56)) - Created pipeline Pipeline[ Id: 38663d97-dec3-4064-88a9-2d2a6a1ac4e2, Nodes: 56396258-65a3-478c-9482-0be0199dd49c{ip: 192.168.30.10, host: pr-hdds-1569-s62bp-3040748787, networkLocation: /default-rack, certSerialId: null}, Type:RATIS, Factor:ONE, State:OPEN]
2019-09-25 05:06:11,658 [grpc-default-executor-0] INFO  impl.RaftServerProxy (RaftServerProxy.java:addNew(89)) - b4fa7d23-6606-45fd-9544-2b08ca3fa933: addNew group-27932BCF031D:[b4fa7d23-6606-45fd-9544-2b08ca3fa933:192.168.30.10:34493] returns group-27932BCF031D:java.util.concurrent.CompletableFuture@7eed080a[Not completed]
2019-09-25 05:06:11,659 [pool-77-thread-1] INFO  impl.RaftServerImpl (RaftServerImpl.java:<init>(95)) - b4fa7d23-6606-45fd-9544-2b08ca3fa933: new RaftServerImpl for group-27932BCF031D:[b4fa7d23-6606-45fd-9544-2b08ca3fa933:192.168.30.10:34493] with ContainerStateMachine:uninitialized
2019-09-25 05:06:11,659 [pool-77-thread-1] INFO  server.RaftServerConfigKeys (ConfUtils.java:logGet(43)) - raft.server.rpc.timeout.min = 5s (custom)
2019-09-25 05:06:11,660 [pool-77-thread-1] INFO  server.RaftServerConfigKeys (ConfUtils.java:logGet(43)) - raft.server.rpc.timeout.max = 5200ms (custom)
2019-09-25 05:06:11,660 [pool-77-thread-1] INFO  server.RaftServerConfigKeys (ConfUtils.java:logGet(43)) - raft.server.rpcslowness.timeout = 120s (custom)
2019-09-25 05:06:11,660 [pool-77-thread-1] INFO  server.RaftServerConfigKeys (ConfUtils.java:logGet(43)) - raft.server.sleep.deviation.threshold = 300 (default)
2019-09-25 05:06:11,660 [pool-77-thread-1] INFO  server.RaftServerConfigKeys (ConfUtils.java:logGet(43)) - raft.server.log.appender.install.snapshot.enabled = false (custom)
2019-09-25 05:06:11,660 [pool-77-thread-1] INFO  impl.RaftServerImpl (ServerState.java:<init>(103)) - b4fa7d23-6606-45fd-9544-2b08ca3fa933@group-27932BCF031D: ConfigurationManager, init=-1: [b4fa7d23-6606-45fd-9544-2b08ca3fa933:192.168.30.10:34493], old=null, confs=<EMPTY_MAP>
2019-09-25 05:06:11,660 [pool-77-thread-1] INFO  server.RaftServerConfigKeys (ConfUtils.java:logGet(43)) - raft.server.storage.dir = [/workdir/hadoop-ozone/integration-test/target/test-dir/MiniOzoneClusterImpl-23306158-e895-4fc7-80df-ce6c264c388b/datanode-5/data/ratis] (custom)
2019-09-25 05:06:11,661 [pool-77-thread-1] INFO  storage.RaftStorageDirectory (RaftStorageDirectory.java:analyzeStorage(246)) - The storage directory /workdir/hadoop-ozone/integration-test/target/test-dir/MiniOzoneClusterImpl-23306158-e895-4fc7-80df-ce6c264c388b/datanode-5/data/ratis/409b773b-46be-4ec0-9df4-27932bcf031d does not exist. Creating ...
2019-09-25 05:06:11,675 [pool-77-thread-1] INFO  storage.RaftStorageDirectory (RaftStorageDirectory.java:tryLock(328)) - Lock on /workdir/hadoop-ozone/integration-test/target/test-dir/MiniOzoneClusterImpl-23306158-e895-4fc7-80df-ce6c264c388b/datanode-5/data/ratis/409b773b-46be-4ec0-9df4-27932bcf031d/in_use.lock acquired by nodename 25526@pr-hdds-1569-s62bp-3040748787
2019-09-25 05:06:11,705 [pool-77-thread-1] INFO  storage.RaftStorage (RaftStorage.java:format(72)) - Storage directory /workdir/hadoop-ozone/integration-test/target/test-dir/MiniOzoneClusterImpl-23306158-e895-4fc7-80df-ce6c264c388b/datanode-5/data/ratis/409b773b-46be-4ec0-9df4-27932bcf031d has been successfully formatted.
2019-09-25 05:06:11,705 [pool-77-thread-1] INFO  ratis.ContainerStateMachine (ContainerStateMachine.java:loadSnapshot(230)) - group-27932BCF031D: The snapshot info is null. Setting the last applied indexto:(t:0, i:~)
2019-09-25 05:06:11,705 [pool-77-thread-1] INFO  server.RaftServerConfigKeys (ConfUtils.java:logGet(43)) - raft.server.notification.no-leader.timeout = 120s (custom)
2019-09-25 05:06:11,705 [pool-77-thread-1] INFO  server.RaftServerConfigKeys (ConfUtils.java:logGet(43)) - raft.server.log.use.memory = false (default)
2019-09-25 05:06:11,706 [pool-77-thread-1] INFO  server.RaftServerConfigKeys (ConfUtils.java:logGet(43)) - raft.server.log.purge.gap = 1000000 (custom)
2019-09-25 05:06:11,706 [pool-77-thread-1] INFO  server.RaftServerConfigKeys (ConfUtils.java:logGet(43)) - raft.server.log.appender.buffer.byte-limit = 33554432 (custom)
2019-09-25 05:06:11,706 [pool-77-thread-1] INFO  server.RaftServerConfigKeys (ConfUtils.java:logGet(43)) - raft.server.log.segment.size.max = 1048576 (custom)
2019-09-25 05:06:11,706 [pool-77-thread-1] INFO  server.RaftServerConfigKeys (ConfUtils.java:logGet(43)) - raft.server.log.segment.cache.num.max = 2 (custom)
2019-09-25 05:06:11,706 [pool-77-thread-1] INFO  segmented.SegmentedRaftLogWorker (SegmentedRaftLogWorker.java:<init>(172)) - new b4fa7d23-6606-45fd-9544-2b08ca3fa933@group-27932BCF031D-SegmentedRaftLogWorker for RaftStorage:Storage Directory /workdir/hadoop-ozone/integration-test/target/test-dir/MiniOzoneClusterImpl-23306158-e895-4fc7-80df-ce6c264c388b/datanode-5/data/ratis/409b773b-46be-4ec0-9df4-27932bcf031d
2019-09-25 05:06:11,707 [pool-77-thread-1] INFO  server.RaftServerConfigKeys (ConfUtils.java:logGet(43)) - raft.server.log.queue.byte-limit = 2147483647 (custom)
2019-09-25 05:06:11,707 [pool-77-thread-1] INFO  server.RaftServerConfigKeys (ConfUtils.java:logGet(43)) - raft.server.log.queue.element-limit = 1024 (custom)
2019-09-25 05:06:11,707 [pool-77-thread-1] INFO  server.RaftServerConfigKeys (ConfUtils.java:logGet(43)) - raft.server.log.segment.size.max = 1048576 (custom)
2019-09-25 05:06:11,707 [pool-77-thread-1] INFO  server.RaftServerConfigKeys (ConfUtils.java:logGet(43)) - raft.server.log.preallocated.size = 16384 (custom)
2019-09-25 05:06:11,707 [pool-77-thread-1] INFO  server.RaftServerConfigKeys (ConfUtils.java:logGet(43)) - raft.server.log.write.buffer.size = 33554432 (custom)
2019-09-25 05:06:11,707 [pool-77-thread-1] INFO  server.RaftServerConfigKeys (ConfUtils.java:logGet(43)) - raft.server.log.force.sync.num = 128 (default)
2019-09-25 05:06:11,708 [pool-77-thread-1] INFO  server.RaftServerConfigKeys (ConfUtils.java:logGet(43)) - raft.server.log.statemachine.data.sync = true (default)
2019-09-25 05:06:11,708 [pool-77-thread-1] INFO  server.RaftServerConfigKeys (ConfUtils.java:logGet(43)) - raft.server.log.statemachine.data.sync.timeout = 10s (default)
2019-09-25 05:06:11,708 [pool-77-thread-1] INFO  server.RaftServerConfigKeys (ConfUtils.java:logGet(43)) - raft.server.log.statemachine.data.sync.timeout.retry = -1 (default)
2019-09-25 05:06:11,708 [pool-77-thread-1] INFO  server.RaftServerConfigKeys (ConfUtils.java:logGet(43)) - raft.server.log.statemachine.data.caching.enabled = true (custom)
2019-09-25 05:06:11,709 [pool-77-thread-1] INFO  segmented.SegmentedRaftLogWorker (SegmentedRaftLogWorker.java:lambda$new$0(132)) - b4fa7d23-6606-45fd-9544-2b08ca3fa933@group-27932BCF031D-SegmentedRaftLogWorker: flushIndex: setUnconditionally 0 -> -1
2019-09-25 05:06:11,709 [pool-77-thread-1] INFO  server.RaftServerConfigKeys (ConfUtils.java:logGet(43)) - raft.server.snapshot.auto.trigger.enabled = true (custom)
2019-09-25 05:06:11,709 [pool-77-thread-1] INFO  server.RaftServerConfigKeys (ConfUtils.java:logGet(43)) - raft.server.snapshot.auto.trigger.threshold = 10000 (custom)
2019-09-25 05:06:11,709 [pool-77-thread-1] INFO  server.RaftServerConfigKeys (ConfUtils.java:logGet(43)) - raft.server.snapshot.retention.num.files = 5 (custom)
2019-09-25 05:06:11,710 [pool-77-thread-1] INFO  server.RaftServerConfigKeys (ConfUtils.java:logGet(43)) - raft.server.retrycache.expirytime = 600000ms (custom)
2019-09-25 05:06:11,712 [pool-77-thread-1] INFO  impl.RaftServerImpl (RaftServerImpl.java:start(185)) - b4fa7d23-6606-45fd-9544-2b08ca3fa933@group-27932BCF031D: start as a follower, conf=-1: [b4fa7d23-6606-45fd-9544-2b08ca3fa933:192.168.30.10:34493], old=null
2019-09-25 05:06:11,712 [pool-77-thread-1] INFO  impl.RaftServerImpl (RaftServerImpl.java:setRole(174)) - b4fa7d23-6606-45fd-9544-2b08ca3fa933@group-27932BCF031D: changes role from      null to FOLLOWER at term 0 for startAsFollower
2019-09-25 05:06:11,713 [pool-77-thread-1] INFO  impl.RoleInfo (RoleInfo.java:updateAndGet(143)) - b4fa7d23-6606-45fd-9544-2b08ca3fa933: start FollowerState
2019-09-25 05:06:11,713 [pool-77-thread-1] INFO  util.JmxRegister (JmxRegister.java:tryRegister(44)) - Successfully registered JMX Bean with object name Ratis:service=RaftServer,group=group-27932BCF031D,id=b4fa7d23-6606-45fd-9544-2b08ca3fa933
2019-09-25 05:06:11,716 [RatisPipelineUtilsThread] INFO  pipeline.PipelineStateManager (PipelineStateManager.java:addPipeline(56)) - Created pipeline Pipeline[ Id: 409b773b-46be-4ec0-9df4-27932bcf031d, Nodes: b4fa7d23-6606-45fd-9544-2b08ca3fa933{ip: 192.168.30.10, host: pr-hdds-1569-s62bp-3040748787, networkLocation: /default-rack, certSerialId: null}, Type:RATIS, Factor:ONE, State:OPEN]
2019-09-25 05:06:11,722 [grpc-default-executor-0] INFO  impl.RaftServerProxy (RaftServerProxy.java:addNew(89)) - b4fa7d23-6606-45fd-9544-2b08ca3fa933: addNew group-D609AED0D3DE:[b4fa7d23-6606-45fd-9544-2b08ca3fa933:192.168.30.10:34493] returns group-D609AED0D3DE:java.util.concurrent.CompletableFuture@7399b9c6[Not completed]
2019-09-25 05:06:11,723 [pool-77-thread-1] INFO  impl.RaftServerImpl (RaftServerImpl.java:<init>(95)) - b4fa7d23-6606-45fd-9544-2b08ca3fa933: new RaftServerImpl for group-D609AED0D3DE:[b4fa7d23-6606-45fd-9544-2b08ca3fa933:192.168.30.10:34493] with ContainerStateMachine:uninitialized
2019-09-25 05:06:11,723 [pool-77-thread-1] INFO  server.RaftServerConfigKeys (ConfUtils.java:logGet(43)) - raft.server.rpc.timeout.min = 5s (custom)
2019-09-25 05:06:11,723 [pool-77-thread-1] INFO  server.RaftServerConfigKeys (ConfUtils.java:logGet(43)) - raft.server.rpc.timeout.max = 5200ms (custom)
2019-09-25 05:06:11,723 [pool-77-thread-1] INFO  server.RaftServerConfigKeys (ConfUtils.java:logGet(43)) - raft.server.rpcslowness.timeout = 120s (custom)
2019-09-25 05:06:11,723 [pool-77-thread-1] INFO  server.RaftServerConfigKeys (ConfUtils.java:logGet(43)) - raft.server.sleep.deviation.threshold = 300 (default)
2019-09-25 05:06:11,723 [pool-77-thread-1] INFO  server.RaftServerConfigKeys (ConfUtils.java:logGet(43)) - raft.server.log.appender.install.snapshot.enabled = false (custom)
2019-09-25 05:06:11,724 [pool-77-thread-1] INFO  impl.RaftServerImpl (ServerState.java:<init>(103)) - b4fa7d23-6606-45fd-9544-2b08ca3fa933@group-D609AED0D3DE: ConfigurationManager, init=-1: [b4fa7d23-6606-45fd-9544-2b08ca3fa933:192.168.30.10:34493], old=null, confs=<EMPTY_MAP>
2019-09-25 05:06:11,724 [pool-77-thread-1] INFO  server.RaftServerConfigKeys (ConfUtils.java:logGet(43)) - raft.server.storage.dir = [/workdir/hadoop-ozone/integration-test/target/test-dir/MiniOzoneClusterImpl-23306158-e895-4fc7-80df-ce6c264c388b/datanode-5/data/ratis] (custom)
2019-09-25 05:06:11,724 [pool-77-thread-1] INFO  storage.RaftStorageDirectory (RaftStorageDirectory.java:analyzeStorage(246)) - The storage directory /workdir/hadoop-ozone/integration-test/target/test-dir/MiniOzoneClusterImpl-23306158-e895-4fc7-80df-ce6c264c388b/datanode-5/data/ratis/4889eaec-7cce-451b-ae28-d609aed0d3de does not exist. Creating ...
2019-09-25 05:06:11,730 [pool-77-thread-1] INFO  storage.RaftStorageDirectory (RaftStorageDirectory.java:tryLock(328)) - Lock on /workdir/hadoop-ozone/integration-test/target/test-dir/MiniOzoneClusterImpl-23306158-e895-4fc7-80df-ce6c264c388b/datanode-5/data/ratis/4889eaec-7cce-451b-ae28-d609aed0d3de/in_use.lock acquired by nodename 25526@pr-hdds-1569-s62bp-3040748787
2019-09-25 05:06:11,738 [pool-77-thread-1] INFO  storage.RaftStorage (RaftStorage.java:format(72)) - Storage directory /workdir/hadoop-ozone/integration-test/target/test-dir/MiniOzoneClusterImpl-23306158-e895-4fc7-80df-ce6c264c388b/datanode-5/data/ratis/4889eaec-7cce-451b-ae28-d609aed0d3de has been successfully formatted.
2019-09-25 05:06:11,738 [pool-77-thread-1] INFO  ratis.ContainerStateMachine (ContainerStateMachine.java:loadSnapshot(230)) - group-D609AED0D3DE: The snapshot info is null. Setting the last applied indexto:(t:0, i:~)
2019-09-25 05:06:11,738 [pool-77-thread-1] INFO  server.RaftServerConfigKeys (ConfUtils.java:logGet(43)) - raft.server.notification.no-leader.timeout = 120s (custom)
2019-09-25 05:06:11,738 [pool-77-thread-1] INFO  server.RaftServerConfigKeys (ConfUtils.java:logGet(43)) - raft.server.log.use.memory = false (default)
2019-09-25 05:06:11,738 [pool-77-thread-1] INFO  server.RaftServerConfigKeys (ConfUtils.java:logGet(43)) - raft.server.log.purge.gap = 1000000 (custom)
2019-09-25 05:06:11,739 [pool-77-thread-1] INFO  server.RaftServerConfigKeys (ConfUtils.java:logGet(43)) - raft.server.log.appender.buffer.byte-limit = 33554432 (custom)
2019-09-25 05:06:11,739 [pool-77-thread-1] INFO  server.RaftServerConfigKeys (ConfUtils.java:logGet(43)) - raft.server.log.segment.size.max = 1048576 (custom)
2019-09-25 05:06:11,739 [pool-77-thread-1] INFO  server.RaftServerConfigKeys (ConfUtils.java:logGet(43)) - raft.server.log.segment.cache.num.max = 2 (custom)
2019-09-25 05:06:11,739 [pool-77-thread-1] INFO  segmented.SegmentedRaftLogWorker (SegmentedRaftLogWorker.java:<init>(172)) - new b4fa7d23-6606-45fd-9544-2b08ca3fa933@group-D609AED0D3DE-SegmentedRaftLogWorker for RaftStorage:Storage Directory /workdir/hadoop-ozone/integration-test/target/test-dir/MiniOzoneClusterImpl-23306158-e895-4fc7-80df-ce6c264c388b/datanode-5/data/ratis/4889eaec-7cce-451b-ae28-d609aed0d3de
2019-09-25 05:06:11,739 [pool-77-thread-1] INFO  server.RaftServerConfigKeys (ConfUtils.java:logGet(43)) - raft.server.log.queue.byte-limit = 2147483647 (custom)
2019-09-25 05:06:11,739 [pool-77-thread-1] INFO  server.RaftServerConfigKeys (ConfUtils.java:logGet(43)) - raft.server.log.queue.element-limit = 1024 (custom)
2019-09-25 05:06:11,739 [pool-77-thread-1] INFO  server.RaftServerConfigKeys (ConfUtils.java:logGet(43)) - raft.server.log.segment.size.max = 1048576 (custom)
2019-09-25 05:06:11,740 [pool-77-thread-1] INFO  server.RaftServerConfigKeys (ConfUtils.java:logGet(43)) - raft.server.log.preallocated.size = 16384 (custom)
2019-09-25 05:06:11,740 [pool-77-thread-1] INFO  server.RaftServerConfigKeys (ConfUtils.java:logGet(43)) - raft.server.log.write.buffer.size = 33554432 (custom)
2019-09-25 05:06:11,740 [pool-77-thread-1] INFO  server.RaftServerConfigKeys (ConfUtils.java:logGet(43)) - raft.server.log.force.sync.num = 128 (default)
2019-09-25 05:06:11,740 [pool-77-thread-1] INFO  server.RaftServerConfigKeys (ConfUtils.java:logGet(43)) - raft.server.log.statemachine.data.sync = true (default)
2019-09-25 05:06:11,740 [pool-77-thread-1] INFO  server.RaftServerConfigKeys (ConfUtils.java:logGet(43)) - raft.server.log.statemachine.data.sync.timeout = 10s (default)
2019-09-25 05:06:11,740 [pool-77-thread-1] INFO  server.RaftServerConfigKeys (ConfUtils.java:logGet(43)) - raft.server.log.statemachine.data.sync.timeout.retry = -1 (default)
2019-09-25 05:06:11,741 [pool-77-thread-1] INFO  server.RaftServerConfigKeys (ConfUtils.java:logGet(43)) - raft.server.log.statemachine.data.caching.enabled = true (custom)
2019-09-25 05:06:11,741 [pool-77-thread-1] INFO  segmented.SegmentedRaftLogWorker (SegmentedRaftLogWorker.java:lambda$new$0(132)) - b4fa7d23-6606-45fd-9544-2b08ca3fa933@group-D609AED0D3DE-SegmentedRaftLogWorker: flushIndex: setUnconditionally 0 -> -1
2019-09-25 05:06:11,741 [pool-77-thread-1] INFO  server.RaftServerConfigKeys (ConfUtils.java:logGet(43)) - raft.server.snapshot.auto.trigger.enabled = true (custom)
2019-09-25 05:06:11,741 [pool-77-thread-1] INFO  server.RaftServerConfigKeys (ConfUtils.java:logGet(43)) - raft.server.snapshot.auto.trigger.threshold = 10000 (custom)
2019-09-25 05:06:11,741 [pool-77-thread-1] INFO  server.RaftServerConfigKeys (ConfUtils.java:logGet(43)) - raft.server.snapshot.retention.num.files = 5 (custom)
2019-09-25 05:06:11,742 [pool-77-thread-1] INFO  server.RaftServerConfigKeys (ConfUtils.java:logGet(43)) - raft.server.retrycache.expirytime = 600000ms (custom)
2019-09-25 05:06:11,744 [pool-77-thread-1] INFO  impl.RaftServerImpl (RaftServerImpl.java:start(185)) - b4fa7d23-6606-45fd-9544-2b08ca3fa933@group-D609AED0D3DE: start as a follower, conf=-1: [b4fa7d23-6606-45fd-9544-2b08ca3fa933:192.168.30.10:34493], old=null
2019-09-25 05:06:11,744 [pool-77-thread-1] INFO  impl.RaftServerImpl (RaftServerImpl.java:setRole(174)) - b4fa7d23-6606-45fd-9544-2b08ca3fa933@group-D609AED0D3DE: changes role from      null to FOLLOWER at term 0 for startAsFollower
2019-09-25 05:06:11,744 [pool-77-thread-1] INFO  impl.RoleInfo (RoleInfo.java:updateAndGet(143)) - b4fa7d23-6606-45fd-9544-2b08ca3fa933: start FollowerState
2019-09-25 05:06:11,745 [pool-77-thread-1] INFO  util.JmxRegister (JmxRegister.java:tryRegister(44)) - Successfully registered JMX Bean with object name Ratis:service=RaftServer,group=group-D609AED0D3DE,id=b4fa7d23-6606-45fd-9544-2b08ca3fa933
2019-09-25 05:06:11,747 [RatisPipelineUtilsThread] INFO  pipeline.PipelineStateManager (PipelineStateManager.java:addPipeline(56)) - Created pipeline Pipeline[ Id: 4889eaec-7cce-451b-ae28-d609aed0d3de, Nodes: b4fa7d23-6606-45fd-9544-2b08ca3fa933{ip: 192.168.30.10, host: pr-hdds-1569-s62bp-3040748787, networkLocation: /default-rack, certSerialId: null}, Type:RATIS, Factor:ONE, State:OPEN]
2019-09-25 05:06:11,753 [grpc-default-executor-0] INFO  impl.RaftServerProxy (RaftServerProxy.java:addNew(89)) - b4fa7d23-6606-45fd-9544-2b08ca3fa933: addNew group-0A9B9BA38ADE:[b4fa7d23-6606-45fd-9544-2b08ca3fa933:192.168.30.10:34493] returns group-0A9B9BA38ADE:java.util.concurrent.CompletableFuture@5a4e1b1a[Not completed]
2019-09-25 05:06:11,754 [pool-77-thread-1] INFO  impl.RaftServerImpl (RaftServerImpl.java:<init>(95)) - b4fa7d23-6606-45fd-9544-2b08ca3fa933: new RaftServerImpl for group-0A9B9BA38ADE:[b4fa7d23-6606-45fd-9544-2b08ca3fa933:192.168.30.10:34493] with ContainerStateMachine:uninitialized
2019-09-25 05:06:11,754 [pool-77-thread-1] INFO  server.RaftServerConfigKeys (ConfUtils.java:logGet(43)) - raft.server.rpc.timeout.min = 5s (custom)
2019-09-25 05:06:11,755 [pool-77-thread-1] INFO  server.RaftServerConfigKeys (ConfUtils.java:logGet(43)) - raft.server.rpc.timeout.max = 5200ms (custom)
2019-09-25 05:06:11,755 [pool-77-thread-1] INFO  server.RaftServerConfigKeys (ConfUtils.java:logGet(43)) - raft.server.rpcslowness.timeout = 120s (custom)
2019-09-25 05:06:11,755 [pool-77-thread-1] INFO  server.RaftServerConfigKeys (ConfUtils.java:logGet(43)) - raft.server.sleep.deviation.threshold = 300 (default)
2019-09-25 05:06:11,755 [pool-77-thread-1] INFO  server.RaftServerConfigKeys (ConfUtils.java:logGet(43)) - raft.server.log.appender.install.snapshot.enabled = false (custom)
2019-09-25 05:06:11,755 [pool-77-thread-1] INFO  impl.RaftServerImpl (ServerState.java:<init>(103)) - b4fa7d23-6606-45fd-9544-2b08ca3fa933@group-0A9B9BA38ADE: ConfigurationManager, init=-1: [b4fa7d23-6606-45fd-9544-2b08ca3fa933:192.168.30.10:34493], old=null, confs=<EMPTY_MAP>
2019-09-25 05:06:11,755 [pool-77-thread-1] INFO  server.RaftServerConfigKeys (ConfUtils.java:logGet(43)) - raft.server.storage.dir = [/workdir/hadoop-ozone/integration-test/target/test-dir/MiniOzoneClusterImpl-23306158-e895-4fc7-80df-ce6c264c388b/datanode-5/data/ratis] (custom)
2019-09-25 05:06:11,756 [pool-77-thread-1] INFO  storage.RaftStorageDirectory (RaftStorageDirectory.java:analyzeStorage(246)) - The storage directory /workdir/hadoop-ozone/integration-test/target/test-dir/MiniOzoneClusterImpl-23306158-e895-4fc7-80df-ce6c264c388b/datanode-5/data/ratis/dff0aa5f-e173-4328-86db-0a9b9ba38ade does not exist. Creating ...
2019-09-25 05:06:11,763 [pool-77-thread-1] INFO  storage.RaftStorageDirectory (RaftStorageDirectory.java:tryLock(328)) - Lock on /workdir/hadoop-ozone/integration-test/target/test-dir/MiniOzoneClusterImpl-23306158-e895-4fc7-80df-ce6c264c388b/datanode-5/data/ratis/dff0aa5f-e173-4328-86db-0a9b9ba38ade/in_use.lock acquired by nodename 25526@pr-hdds-1569-s62bp-3040748787
2019-09-25 05:06:11,772 [pool-77-thread-1] INFO  storage.RaftStorage (RaftStorage.java:format(72)) - Storage directory /workdir/hadoop-ozone/integration-test/target/test-dir/MiniOzoneClusterImpl-23306158-e895-4fc7-80df-ce6c264c388b/datanode-5/data/ratis/dff0aa5f-e173-4328-86db-0a9b9ba38ade has been successfully formatted.
2019-09-25 05:06:11,772 [pool-77-thread-1] INFO  ratis.ContainerStateMachine (ContainerStateMachine.java:loadSnapshot(230)) - group-0A9B9BA38ADE: The snapshot info is null. Setting the last applied indexto:(t:0, i:~)
2019-09-25 05:06:11,772 [pool-77-thread-1] INFO  server.RaftServerConfigKeys (ConfUtils.java:logGet(43)) - raft.server.notification.no-leader.timeout = 120s (custom)
2019-09-25 05:06:11,772 [pool-77-thread-1] INFO  server.RaftServerConfigKeys (ConfUtils.java:logGet(43)) - raft.server.log.use.memory = false (default)
2019-09-25 05:06:11,772 [pool-77-thread-1] INFO  server.RaftServerConfigKeys (ConfUtils.java:logGet(43)) - raft.server.log.purge.gap = 1000000 (custom)
2019-09-25 05:06:11,773 [pool-77-thread-1] INFO  server.RaftServerConfigKeys (ConfUtils.java:logGet(43)) - raft.server.log.appender.buffer.byte-limit = 33554432 (custom)
2019-09-25 05:06:11,773 [pool-77-thread-1] INFO  server.RaftServerConfigKeys (ConfUtils.java:logGet(43)) - raft.server.log.segment.size.max = 1048576 (custom)
2019-09-25 05:06:11,773 [pool-77-thread-1] INFO  server.RaftServerConfigKeys (ConfUtils.java:logGet(43)) - raft.server.log.segment.cache.num.max = 2 (custom)
2019-09-25 05:06:11,773 [pool-77-thread-1] INFO  segmented.SegmentedRaftLogWorker (SegmentedRaftLogWorker.java:<init>(172)) - new b4fa7d23-6606-45fd-9544-2b08ca3fa933@group-0A9B9BA38ADE-SegmentedRaftLogWorker for RaftStorage:Storage Directory /workdir/hadoop-ozone/integration-test/target/test-dir/MiniOzoneClusterImpl-23306158-e895-4fc7-80df-ce6c264c388b/datanode-5/data/ratis/dff0aa5f-e173-4328-86db-0a9b9ba38ade
2019-09-25 05:06:11,773 [pool-77-thread-1] INFO  server.RaftServerConfigKeys (ConfUtils.java:logGet(43)) - raft.server.log.queue.byte-limit = 2147483647 (custom)
2019-09-25 05:06:11,773 [pool-77-thread-1] INFO  server.RaftServerConfigKeys (ConfUtils.java:logGet(43)) - raft.server.log.queue.element-limit = 1024 (custom)
2019-09-25 05:06:11,774 [pool-77-thread-1] INFO  server.RaftServerConfigKeys (ConfUtils.java:logGet(43)) - raft.server.log.segment.size.max = 1048576 (custom)
2019-09-25 05:06:11,774 [pool-77-thread-1] INFO  server.RaftServerConfigKeys (ConfUtils.java:logGet(43)) - raft.server.log.preallocated.size = 16384 (custom)
2019-09-25 05:06:11,774 [pool-77-thread-1] INFO  server.RaftServerConfigKeys (ConfUtils.java:logGet(43)) - raft.server.log.write.buffer.size = 33554432 (custom)
2019-09-25 05:06:11,774 [pool-77-thread-1] INFO  server.RaftServerConfigKeys (ConfUtils.java:logGet(43)) - raft.server.log.force.sync.num = 128 (default)
2019-09-25 05:06:11,774 [pool-77-thread-1] INFO  server.RaftServerConfigKeys (ConfUtils.java:logGet(43)) - raft.server.log.statemachine.data.sync = true (default)
2019-09-25 05:06:11,774 [pool-77-thread-1] INFO  server.RaftServerConfigKeys (ConfUtils.java:logGet(43)) - raft.server.log.statemachine.data.sync.timeout = 10s (default)
2019-09-25 05:06:11,774 [pool-77-thread-1] INFO  server.RaftServerConfigKeys (ConfUtils.java:logGet(43)) - raft.server.log.statemachine.data.sync.timeout.retry = -1 (default)
2019-09-25 05:06:11,775 [pool-77-thread-1] INFO  server.RaftServerConfigKeys (ConfUtils.java:logGet(43)) - raft.server.log.statemachine.data.caching.enabled = true (custom)
2019-09-25 05:06:11,775 [pool-77-thread-1] INFO  segmented.SegmentedRaftLogWorker (SegmentedRaftLogWorker.java:lambda$new$0(132)) - b4fa7d23-6606-45fd-9544-2b08ca3fa933@group-0A9B9BA38ADE-SegmentedRaftLogWorker: flushIndex: setUnconditionally 0 -> -1
2019-09-25 05:06:11,775 [pool-77-thread-1] INFO  server.RaftServerConfigKeys (ConfUtils.java:logGet(43)) - raft.server.snapshot.auto.trigger.enabled = true (custom)
2019-09-25 05:06:11,775 [pool-77-thread-1] INFO  server.RaftServerConfigKeys (ConfUtils.java:logGet(43)) - raft.server.snapshot.auto.trigger.threshold = 10000 (custom)
2019-09-25 05:06:11,775 [pool-77-thread-1] INFO  server.RaftServerConfigKeys (ConfUtils.java:logGet(43)) - raft.server.snapshot.retention.num.files = 5 (custom)
2019-09-25 05:06:11,776 [pool-77-thread-1] INFO  server.RaftServerConfigKeys (ConfUtils.java:logGet(43)) - raft.server.retrycache.expirytime = 600000ms (custom)
2019-09-25 05:06:11,778 [pool-77-thread-1] INFO  impl.RaftServerImpl (RaftServerImpl.java:start(185)) - b4fa7d23-6606-45fd-9544-2b08ca3fa933@group-0A9B9BA38ADE: start as a follower, conf=-1: [b4fa7d23-6606-45fd-9544-2b08ca3fa933:192.168.30.10:34493], old=null
2019-09-25 05:06:11,778 [pool-77-thread-1] INFO  impl.RaftServerImpl (RaftServerImpl.java:setRole(174)) - b4fa7d23-6606-45fd-9544-2b08ca3fa933@group-0A9B9BA38ADE: changes role from      null to FOLLOWER at term 0 for startAsFollower
2019-09-25 05:06:11,778 [pool-77-thread-1] INFO  impl.RoleInfo (RoleInfo.java:updateAndGet(143)) - b4fa7d23-6606-45fd-9544-2b08ca3fa933: start FollowerState
2019-09-25 05:06:11,778 [pool-77-thread-1] INFO  util.JmxRegister (JmxRegister.java:tryRegister(44)) - Successfully registered JMX Bean with object name Ratis:service=RaftServer,group=group-0A9B9BA38ADE,id=b4fa7d23-6606-45fd-9544-2b08ca3fa933
2019-09-25 05:06:11,781 [RatisPipelineUtilsThread] INFO  pipeline.PipelineStateManager (PipelineStateManager.java:addPipeline(56)) - Created pipeline Pipeline[ Id: dff0aa5f-e173-4328-86db-0a9b9ba38ade, Nodes: b4fa7d23-6606-45fd-9544-2b08ca3fa933{ip: 192.168.30.10, host: pr-hdds-1569-s62bp-3040748787, networkLocation: /default-rack, certSerialId: null}, Type:RATIS, Factor:ONE, State:OPEN]
2019-09-25 05:06:11,787 [grpc-default-executor-0] INFO  impl.RaftServerProxy (RaftServerProxy.java:addNew(89)) - c8798e02-7f0c-41f7-82c2-a17323bcf21e: addNew group-6449F1848DD2:[c8798e02-7f0c-41f7-82c2-a17323bcf21e:192.168.30.10:40603] returns group-6449F1848DD2:java.util.concurrent.CompletableFuture@18b05e3d[Not completed]
2019-09-25 05:06:11,788 [pool-47-thread-1] INFO  impl.RaftServerImpl (RaftServerImpl.java:<init>(95)) - c8798e02-7f0c-41f7-82c2-a17323bcf21e: new RaftServerImpl for group-6449F1848DD2:[c8798e02-7f0c-41f7-82c2-a17323bcf21e:192.168.30.10:40603] with ContainerStateMachine:uninitialized
2019-09-25 05:06:11,788 [pool-47-thread-1] INFO  server.RaftServerConfigKeys (ConfUtils.java:logGet(43)) - raft.server.rpc.timeout.min = 5s (custom)
2019-09-25 05:06:11,789 [pool-47-thread-1] INFO  server.RaftServerConfigKeys (ConfUtils.java:logGet(43)) - raft.server.rpc.timeout.max = 5200ms (custom)
2019-09-25 05:06:11,789 [pool-47-thread-1] INFO  server.RaftServerConfigKeys (ConfUtils.java:logGet(43)) - raft.server.rpcslowness.timeout = 120s (custom)
2019-09-25 05:06:11,789 [pool-47-thread-1] INFO  server.RaftServerConfigKeys (ConfUtils.java:logGet(43)) - raft.server.sleep.deviation.threshold = 300 (default)
2019-09-25 05:06:11,789 [pool-47-thread-1] INFO  server.RaftServerConfigKeys (ConfUtils.java:logGet(43)) - raft.server.log.appender.install.snapshot.enabled = false (custom)
2019-09-25 05:06:11,789 [pool-47-thread-1] INFO  impl.RaftServerImpl (ServerState.java:<init>(103)) - c8798e02-7f0c-41f7-82c2-a17323bcf21e@group-6449F1848DD2: ConfigurationManager, init=-1: [c8798e02-7f0c-41f7-82c2-a17323bcf21e:192.168.30.10:40603], old=null, confs=<EMPTY_MAP>
2019-09-25 05:06:11,789 [pool-47-thread-1] INFO  server.RaftServerConfigKeys (ConfUtils.java:logGet(43)) - raft.server.storage.dir = [/workdir/hadoop-ozone/integration-test/target/test-dir/MiniOzoneClusterImpl-23306158-e895-4fc7-80df-ce6c264c388b/datanode-2/data/ratis] (custom)
2019-09-25 05:06:11,790 [pool-47-thread-1] INFO  storage.RaftStorageDirectory (RaftStorageDirectory.java:analyzeStorage(246)) - The storage directory /workdir/hadoop-ozone/integration-test/target/test-dir/MiniOzoneClusterImpl-23306158-e895-4fc7-80df-ce6c264c388b/datanode-2/data/ratis/35481f59-a6ff-478d-a9bf-6449f1848dd2 does not exist. Creating ...
2019-09-25 05:06:11,796 [pool-47-thread-1] INFO  storage.RaftStorageDirectory (RaftStorageDirectory.java:tryLock(328)) - Lock on /workdir/hadoop-ozone/integration-test/target/test-dir/MiniOzoneClusterImpl-23306158-e895-4fc7-80df-ce6c264c388b/datanode-2/data/ratis/35481f59-a6ff-478d-a9bf-6449f1848dd2/in_use.lock acquired by nodename 25526@pr-hdds-1569-s62bp-3040748787
2019-09-25 05:06:11,805 [pool-47-thread-1] INFO  storage.RaftStorage (RaftStorage.java:format(72)) - Storage directory /workdir/hadoop-ozone/integration-test/target/test-dir/MiniOzoneClusterImpl-23306158-e895-4fc7-80df-ce6c264c388b/datanode-2/data/ratis/35481f59-a6ff-478d-a9bf-6449f1848dd2 has been successfully formatted.
2019-09-25 05:06:11,805 [pool-47-thread-1] INFO  ratis.ContainerStateMachine (ContainerStateMachine.java:loadSnapshot(230)) - group-6449F1848DD2: The snapshot info is null. Setting the last applied indexto:(t:0, i:~)
2019-09-25 05:06:11,805 [pool-47-thread-1] INFO  server.RaftServerConfigKeys (ConfUtils.java:logGet(43)) - raft.server.notification.no-leader.timeout = 120s (custom)
2019-09-25 05:06:11,806 [pool-47-thread-1] INFO  server.RaftServerConfigKeys (ConfUtils.java:logGet(43)) - raft.server.log.use.memory = false (default)
2019-09-25 05:06:11,806 [pool-47-thread-1] INFO  server.RaftServerConfigKeys (ConfUtils.java:logGet(43)) - raft.server.log.purge.gap = 1000000 (custom)
2019-09-25 05:06:11,806 [pool-47-thread-1] INFO  server.RaftServerConfigKeys (ConfUtils.java:logGet(43)) - raft.server.log.appender.buffer.byte-limit = 33554432 (custom)
2019-09-25 05:06:11,806 [pool-47-thread-1] INFO  server.RaftServerConfigKeys (ConfUtils.java:logGet(43)) - raft.server.log.segment.size.max = 1048576 (custom)
2019-09-25 05:06:11,806 [pool-47-thread-1] INFO  server.RaftServerConfigKeys (ConfUtils.java:logGet(43)) - raft.server.log.segment.cache.num.max = 2 (custom)
2019-09-25 05:06:11,806 [pool-47-thread-1] INFO  segmented.SegmentedRaftLogWorker (SegmentedRaftLogWorker.java:<init>(172)) - new c8798e02-7f0c-41f7-82c2-a17323bcf21e@group-6449F1848DD2-SegmentedRaftLogWorker for RaftStorage:Storage Directory /workdir/hadoop-ozone/integration-test/target/test-dir/MiniOzoneClusterImpl-23306158-e895-4fc7-80df-ce6c264c388b/datanode-2/data/ratis/35481f59-a6ff-478d-a9bf-6449f1848dd2
2019-09-25 05:06:11,807 [pool-47-thread-1] INFO  server.RaftServerConfigKeys (ConfUtils.java:logGet(43)) - raft.server.log.queue.byte-limit = 2147483647 (custom)
2019-09-25 05:06:11,807 [pool-47-thread-1] INFO  server.RaftServerConfigKeys (ConfUtils.java:logGet(43)) - raft.server.log.queue.element-limit = 1024 (custom)
2019-09-25 05:06:11,807 [pool-47-thread-1] INFO  server.RaftServerConfigKeys (ConfUtils.java:logGet(43)) - raft.server.log.segment.size.max = 1048576 (custom)
2019-09-25 05:06:11,807 [pool-47-thread-1] INFO  server.RaftServerConfigKeys (ConfUtils.java:logGet(43)) - raft.server.log.preallocated.size = 16384 (custom)
2019-09-25 05:06:11,807 [pool-47-thread-1] INFO  server.RaftServerConfigKeys (ConfUtils.java:logGet(43)) - raft.server.log.write.buffer.size = 33554432 (custom)
2019-09-25 05:06:11,807 [pool-47-thread-1] INFO  server.RaftServerConfigKeys (ConfUtils.java:logGet(43)) - raft.server.log.force.sync.num = 128 (default)
2019-09-25 05:06:11,807 [pool-47-thread-1] INFO  server.RaftServerConfigKeys (ConfUtils.java:logGet(43)) - raft.server.log.statemachine.data.sync = true (default)
2019-09-25 05:06:11,808 [pool-47-thread-1] INFO  server.RaftServerConfigKeys (ConfUtils.java:logGet(43)) - raft.server.log.statemachine.data.sync.timeout = 10s (default)
2019-09-25 05:06:11,808 [pool-47-thread-1] INFO  server.RaftServerConfigKeys (ConfUtils.java:logGet(43)) - raft.server.log.statemachine.data.sync.timeout.retry = -1 (default)
2019-09-25 05:06:11,808 [pool-47-thread-1] INFO  server.RaftServerConfigKeys (ConfUtils.java:logGet(43)) - raft.server.log.statemachine.data.caching.enabled = true (custom)
2019-09-25 05:06:11,808 [pool-47-thread-1] INFO  segmented.SegmentedRaftLogWorker (SegmentedRaftLogWorker.java:lambda$new$0(132)) - c8798e02-7f0c-41f7-82c2-a17323bcf21e@group-6449F1848DD2-SegmentedRaftLogWorker: flushIndex: setUnconditionally 0 -> -1
2019-09-25 05:06:11,809 [pool-47-thread-1] INFO  server.RaftServerConfigKeys (ConfUtils.java:logGet(43)) - raft.server.snapshot.auto.trigger.enabled = true (custom)
2019-09-25 05:06:11,809 [pool-47-thread-1] INFO  server.RaftServerConfigKeys (ConfUtils.java:logGet(43)) - raft.server.snapshot.auto.trigger.threshold = 10000 (custom)
2019-09-25 05:06:11,809 [pool-47-thread-1] INFO  server.RaftServerConfigKeys (ConfUtils.java:logGet(43)) - raft.server.snapshot.retention.num.files = 5 (custom)
2019-09-25 05:06:11,809 [pool-47-thread-1] INFO  server.RaftServerConfigKeys (ConfUtils.java:logGet(43)) - raft.server.retrycache.expirytime = 600000ms (custom)
2019-09-25 05:06:11,812 [pool-47-thread-1] INFO  impl.RaftServerImpl (RaftServerImpl.java:start(185)) - c8798e02-7f0c-41f7-82c2-a17323bcf21e@group-6449F1848DD2: start as a follower, conf=-1: [c8798e02-7f0c-41f7-82c2-a17323bcf21e:192.168.30.10:40603], old=null
2019-09-25 05:06:11,812 [pool-47-thread-1] INFO  impl.RaftServerImpl (RaftServerImpl.java:setRole(174)) - c8798e02-7f0c-41f7-82c2-a17323bcf21e@group-6449F1848DD2: changes role from      null to FOLLOWER at term 0 for startAsFollower
2019-09-25 05:06:11,812 [pool-47-thread-1] INFO  impl.RoleInfo (RoleInfo.java:updateAndGet(143)) - c8798e02-7f0c-41f7-82c2-a17323bcf21e: start FollowerState
2019-09-25 05:06:11,812 [pool-47-thread-1] INFO  util.JmxRegister (JmxRegister.java:tryRegister(44)) - Successfully registered JMX Bean with object name Ratis:service=RaftServer,group=group-6449F1848DD2,id=c8798e02-7f0c-41f7-82c2-a17323bcf21e
2019-09-25 05:06:11,815 [RatisPipelineUtilsThread] INFO  pipeline.PipelineStateManager (PipelineStateManager.java:addPipeline(56)) - Created pipeline Pipeline[ Id: 35481f59-a6ff-478d-a9bf-6449f1848dd2, Nodes: c8798e02-7f0c-41f7-82c2-a17323bcf21e{ip: 192.168.30.10, host: pr-hdds-1569-s62bp-3040748787, networkLocation: /default-rack, certSerialId: null}, Type:RATIS, Factor:ONE, State:OPEN]
2019-09-25 05:06:11,815 [Thread-240] INFO  impl.FollowerState (FollowerState.java:run(106)) - f77bfc29-6991-4b1d-a503-f706c83de4fc:group-7144C9B9FADE changes to CANDIDATE, lastRpcTime:5109, electionTimeout:5108ms
2019-09-25 05:06:11,821 [Thread-240] INFO  impl.RoleInfo (RoleInfo.java:shutdownFollowerState(121)) - f77bfc29-6991-4b1d-a503-f706c83de4fc: shutdown FollowerState
2019-09-25 05:06:11,821 [Thread-240] INFO  impl.RaftServerImpl (RaftServerImpl.java:setRole(174)) - f77bfc29-6991-4b1d-a503-f706c83de4fc@group-7144C9B9FADE: changes role from  FOLLOWER to CANDIDATE at term 0 for changeToCandidate
2019-09-25 05:06:11,824 [grpc-default-executor-0] INFO  impl.RaftServerProxy (RaftServerProxy.java:addNew(89)) - b4fa7d23-6606-45fd-9544-2b08ca3fa933: addNew group-2B9C53276FBE:[b4fa7d23-6606-45fd-9544-2b08ca3fa933:192.168.30.10:34493] returns group-2B9C53276FBE:java.util.concurrent.CompletableFuture@51248308[Not completed]
2019-09-25 05:06:11,825 [pool-77-thread-1] INFO  impl.RaftServerImpl (RaftServerImpl.java:<init>(95)) - b4fa7d23-6606-45fd-9544-2b08ca3fa933: new RaftServerImpl for group-2B9C53276FBE:[b4fa7d23-6606-45fd-9544-2b08ca3fa933:192.168.30.10:34493] with ContainerStateMachine:uninitialized
2019-09-25 05:06:11,825 [pool-77-thread-1] INFO  server.RaftServerConfigKeys (ConfUtils.java:logGet(43)) - raft.server.rpc.timeout.min = 5s (custom)
2019-09-25 05:06:11,830 [pool-77-thread-1] INFO  server.RaftServerConfigKeys (ConfUtils.java:logGet(43)) - raft.server.rpc.timeout.max = 5200ms (custom)
2019-09-25 05:06:11,830 [Thread-240] INFO  impl.RoleInfo (RoleInfo.java:updateAndGet(143)) - f77bfc29-6991-4b1d-a503-f706c83de4fc: start LeaderElection
2019-09-25 05:06:11,830 [pool-77-thread-1] INFO  server.RaftServerConfigKeys (ConfUtils.java:logGet(43)) - raft.server.rpcslowness.timeout = 120s (custom)
2019-09-25 05:06:11,831 [pool-77-thread-1] INFO  server.RaftServerConfigKeys (ConfUtils.java:logGet(43)) - raft.server.sleep.deviation.threshold = 300 (default)
2019-09-25 05:06:11,831 [pool-77-thread-1] INFO  server.RaftServerConfigKeys (ConfUtils.java:logGet(43)) - raft.server.log.appender.install.snapshot.enabled = false (custom)
2019-09-25 05:06:11,835 [pool-77-thread-1] INFO  impl.RaftServerImpl (ServerState.java:<init>(103)) - b4fa7d23-6606-45fd-9544-2b08ca3fa933@group-2B9C53276FBE: ConfigurationManager, init=-1: [b4fa7d23-6606-45fd-9544-2b08ca3fa933:192.168.30.10:34493], old=null, confs=<EMPTY_MAP>
2019-09-25 05:06:11,838 [pool-77-thread-1] INFO  server.RaftServerConfigKeys (ConfUtils.java:logGet(43)) - raft.server.storage.dir = [/workdir/hadoop-ozone/integration-test/target/test-dir/MiniOzoneClusterImpl-23306158-e895-4fc7-80df-ce6c264c388b/datanode-5/data/ratis] (custom)
2019-09-25 05:06:11,838 [pool-77-thread-1] INFO  storage.RaftStorageDirectory (RaftStorageDirectory.java:analyzeStorage(246)) - The storage directory /workdir/hadoop-ozone/integration-test/target/test-dir/MiniOzoneClusterImpl-23306158-e895-4fc7-80df-ce6c264c388b/datanode-5/data/ratis/32593abc-c4b6-4672-93c7-2b9c53276fbe does not exist. Creating ...
2019-09-25 05:06:11,845 [pool-77-thread-1] INFO  storage.RaftStorageDirectory (RaftStorageDirectory.java:tryLock(328)) - Lock on /workdir/hadoop-ozone/integration-test/target/test-dir/MiniOzoneClusterImpl-23306158-e895-4fc7-80df-ce6c264c388b/datanode-5/data/ratis/32593abc-c4b6-4672-93c7-2b9c53276fbe/in_use.lock acquired by nodename 25526@pr-hdds-1569-s62bp-3040748787
2019-09-25 05:06:11,845 [f77bfc29-6991-4b1d-a503-f706c83de4fc@group-7144C9B9FADE:LeaderElection1] INFO  impl.LeaderElection (LeaderElection.java:askForVotes(182)) - f77bfc29-6991-4b1d-a503-f706c83de4fc@group-7144C9B9FADE:LeaderElection1: begin an election at term 1 for -1: [f77bfc29-6991-4b1d-a503-f706c83de4fc:192.168.30.10:35112], old=null
2019-09-25 05:06:11,847 [f77bfc29-6991-4b1d-a503-f706c83de4fc@group-7144C9B9FADE:LeaderElection1] INFO  impl.RoleInfo (RoleInfo.java:shutdownLeaderElection(134)) - f77bfc29-6991-4b1d-a503-f706c83de4fc: shutdown LeaderElection
2019-09-25 05:06:11,848 [f77bfc29-6991-4b1d-a503-f706c83de4fc@group-7144C9B9FADE:LeaderElection1] INFO  impl.RaftServerImpl (RaftServerImpl.java:setRole(174)) - f77bfc29-6991-4b1d-a503-f706c83de4fc@group-7144C9B9FADE: changes role from CANDIDATE to LEADER at term 1 for changeToLeader
2019-09-25 05:06:11,848 [f77bfc29-6991-4b1d-a503-f706c83de4fc@group-7144C9B9FADE:LeaderElection1] INFO  impl.RaftServerImpl (ServerState.java:setLeader(253)) - f77bfc29-6991-4b1d-a503-f706c83de4fc@group-7144C9B9FADE: change Leader from null to f77bfc29-6991-4b1d-a503-f706c83de4fc at term 1 for becomeLeader, leader elected after 5290ms
2019-09-25 05:06:11,853 [pool-77-thread-1] INFO  storage.RaftStorage (RaftStorage.java:format(72)) - Storage directory /workdir/hadoop-ozone/integration-test/target/test-dir/MiniOzoneClusterImpl-23306158-e895-4fc7-80df-ce6c264c388b/datanode-5/data/ratis/32593abc-c4b6-4672-93c7-2b9c53276fbe has been successfully formatted.
2019-09-25 05:06:11,853 [pool-77-thread-1] INFO  ratis.ContainerStateMachine (ContainerStateMachine.java:loadSnapshot(230)) - group-2B9C53276FBE: The snapshot info is null. Setting the last applied indexto:(t:0, i:~)
2019-09-25 05:06:11,854 [pool-77-thread-1] INFO  server.RaftServerConfigKeys (ConfUtils.java:logGet(43)) - raft.server.notification.no-leader.timeout = 120s (custom)
2019-09-25 05:06:11,854 [pool-77-thread-1] INFO  server.RaftServerConfigKeys (ConfUtils.java:logGet(43)) - raft.server.log.use.memory = false (default)
2019-09-25 05:06:11,854 [pool-77-thread-1] INFO  server.RaftServerConfigKeys (ConfUtils.java:logGet(43)) - raft.server.log.purge.gap = 1000000 (custom)
2019-09-25 05:06:11,854 [pool-77-thread-1] INFO  server.RaftServerConfigKeys (ConfUtils.java:logGet(43)) - raft.server.log.appender.buffer.byte-limit = 33554432 (custom)
2019-09-25 05:06:11,854 [pool-77-thread-1] INFO  server.RaftServerConfigKeys (ConfUtils.java:logGet(43)) - raft.server.log.segment.size.max = 1048576 (custom)
2019-09-25 05:06:11,855 [pool-77-thread-1] INFO  server.RaftServerConfigKeys (ConfUtils.java:logGet(43)) - raft.server.log.segment.cache.num.max = 2 (custom)
2019-09-25 05:06:11,855 [pool-77-thread-1] INFO  segmented.SegmentedRaftLogWorker (SegmentedRaftLogWorker.java:<init>(172)) - new b4fa7d23-6606-45fd-9544-2b08ca3fa933@group-2B9C53276FBE-SegmentedRaftLogWorker for RaftStorage:Storage Directory /workdir/hadoop-ozone/integration-test/target/test-dir/MiniOzoneClusterImpl-23306158-e895-4fc7-80df-ce6c264c388b/datanode-5/data/ratis/32593abc-c4b6-4672-93c7-2b9c53276fbe
2019-09-25 05:06:11,855 [pool-77-thread-1] INFO  server.RaftServerConfigKeys (ConfUtils.java:logGet(43)) - raft.server.log.queue.byte-limit = 2147483647 (custom)
2019-09-25 05:06:11,855 [pool-77-thread-1] INFO  server.RaftServerConfigKeys (ConfUtils.java:logGet(43)) - raft.server.log.queue.element-limit = 1024 (custom)
2019-09-25 05:06:11,855 [pool-77-thread-1] INFO  server.RaftServerConfigKeys (ConfUtils.java:logGet(43)) - raft.server.log.segment.size.max = 1048576 (custom)
2019-09-25 05:06:11,855 [pool-77-thread-1] INFO  server.RaftServerConfigKeys (ConfUtils.java:logGet(43)) - raft.server.log.preallocated.size = 16384 (custom)
2019-09-25 05:06:11,856 [pool-77-thread-1] INFO  server.RaftServerConfigKeys (ConfUtils.java:logGet(43)) - raft.server.log.write.buffer.size = 33554432 (custom)
2019-09-25 05:06:11,856 [pool-77-thread-1] INFO  server.RaftServerConfigKeys (ConfUtils.java:logGet(43)) - raft.server.log.force.sync.num = 128 (default)
2019-09-25 05:06:11,856 [pool-77-thread-1] INFO  server.RaftServerConfigKeys (ConfUtils.java:logGet(43)) - raft.server.log.statemachine.data.sync = true (default)
2019-09-25 05:06:11,858 [f77bfc29-6991-4b1d-a503-f706c83de4fc@group-7144C9B9FADE:LeaderElection1] INFO  server.RaftServerConfigKeys (ConfUtils.java:logGet(43)) - raft.server.staging.catchup.gap = 1000 (default)
2019-09-25 05:06:11,858 [pool-77-thread-1] INFO  server.RaftServerConfigKeys (ConfUtils.java:logGet(43)) - raft.server.log.statemachine.data.sync.timeout = 10s (default)
2019-09-25 05:06:11,859 [f77bfc29-6991-4b1d-a503-f706c83de4fc@group-7144C9B9FADE:LeaderElection1] INFO  server.RaftServerConfigKeys (ConfUtils.java:logGet(43)) - raft.server.rpc.sleep.time = 25ms (default)
2019-09-25 05:06:11,859 [pool-77-thread-1] INFO  server.RaftServerConfigKeys (ConfUtils.java:logGet(43)) - raft.server.log.statemachine.data.sync.timeout.retry = -1 (default)
2019-09-25 05:06:11,859 [pool-77-thread-1] INFO  server.RaftServerConfigKeys (ConfUtils.java:logGet(43)) - raft.server.log.statemachine.data.caching.enabled = true (custom)
2019-09-25 05:06:11,860 [pool-77-thread-1] INFO  segmented.SegmentedRaftLogWorker (SegmentedRaftLogWorker.java:lambda$new$0(132)) - b4fa7d23-6606-45fd-9544-2b08ca3fa933@group-2B9C53276FBE-SegmentedRaftLogWorker: flushIndex: setUnconditionally 0 -> -1
2019-09-25 05:06:11,860 [pool-77-thread-1] INFO  server.RaftServerConfigKeys (ConfUtils.java:logGet(43)) - raft.server.snapshot.auto.trigger.enabled = true (custom)
2019-09-25 05:06:11,860 [pool-77-thread-1] INFO  server.RaftServerConfigKeys (ConfUtils.java:logGet(43)) - raft.server.snapshot.auto.trigger.threshold = 10000 (custom)
2019-09-25 05:06:11,860 [pool-77-thread-1] INFO  server.RaftServerConfigKeys (ConfUtils.java:logGet(43)) - raft.server.snapshot.retention.num.files = 5 (custom)
2019-09-25 05:06:11,860 [pool-77-thread-1] INFO  server.RaftServerConfigKeys (ConfUtils.java:logGet(43)) - raft.server.retrycache.expirytime = 600000ms (custom)
2019-09-25 05:06:11,862 [f77bfc29-6991-4b1d-a503-f706c83de4fc@group-7144C9B9FADE:LeaderElection1] INFO  server.RaftServerConfigKeys (ConfUtils.java:logGet(43)) - raft.server.write.element-limit = 4096 (default)
2019-09-25 05:06:11,863 [pool-77-thread-1] INFO  impl.RaftServerImpl (RaftServerImpl.java:start(185)) - b4fa7d23-6606-45fd-9544-2b08ca3fa933@group-2B9C53276FBE: start as a follower, conf=-1: [b4fa7d23-6606-45fd-9544-2b08ca3fa933:192.168.30.10:34493], old=null
2019-09-25 05:06:11,863 [pool-77-thread-1] INFO  impl.RaftServerImpl (RaftServerImpl.java:setRole(174)) - b4fa7d23-6606-45fd-9544-2b08ca3fa933@group-2B9C53276FBE: changes role from      null to FOLLOWER at term 0 for startAsFollower
2019-09-25 05:06:11,863 [pool-77-thread-1] INFO  impl.RoleInfo (RoleInfo.java:updateAndGet(143)) - b4fa7d23-6606-45fd-9544-2b08ca3fa933: start FollowerState
2019-09-25 05:06:11,864 [pool-77-thread-1] INFO  util.JmxRegister (JmxRegister.java:tryRegister(44)) - Successfully registered JMX Bean with object name Ratis:service=RaftServer,group=group-2B9C53276FBE,id=b4fa7d23-6606-45fd-9544-2b08ca3fa933
2019-09-25 05:06:11,866 [f77bfc29-6991-4b1d-a503-f706c83de4fc@group-7144C9B9FADE:LeaderElection1] INFO  server.RaftServerConfigKeys (ConfUtils.java:logGet(43)) - raft.server.watch.timeout = 10s (default)
2019-09-25 05:06:11,866 [f77bfc29-6991-4b1d-a503-f706c83de4fc@group-7144C9B9FADE:LeaderElection1] INFO  server.RaftServerConfigKeys (ConfUtils.java:logGet(43)) - raft.server.watch.timeout.denomination = 1s (default)
2019-09-25 05:06:11,866 [RatisPipelineUtilsThread] INFO  pipeline.PipelineStateManager (PipelineStateManager.java:addPipeline(56)) - Created pipeline Pipeline[ Id: 32593abc-c4b6-4672-93c7-2b9c53276fbe, Nodes: b4fa7d23-6606-45fd-9544-2b08ca3fa933{ip: 192.168.30.10, host: pr-hdds-1569-s62bp-3040748787, networkLocation: /default-rack, certSerialId: null}, Type:RATIS, Factor:ONE, State:OPEN]
2019-09-25 05:06:11,867 [f77bfc29-6991-4b1d-a503-f706c83de4fc@group-7144C9B9FADE:LeaderElection1] INFO  server.RaftServerConfigKeys (ConfUtils.java:logGet(43)) - raft.server.watch.element-limit = 65536 (default)
2019-09-25 05:06:11,872 [grpc-default-executor-0] INFO  impl.RaftServerProxy (RaftServerProxy.java:addNew(89)) - 36ac27b3-2f11-437d-8f1f-165306b0ff4a: addNew group-F3CD325C6D07:[36ac27b3-2f11-437d-8f1f-165306b0ff4a:192.168.30.10:45265] returns group-F3CD325C6D07:java.util.concurrent.CompletableFuture@21e95924[Not completed]
2019-09-25 05:06:11,873 [pool-37-thread-1] INFO  impl.RaftServerImpl (RaftServerImpl.java:<init>(95)) - 36ac27b3-2f11-437d-8f1f-165306b0ff4a: new RaftServerImpl for group-F3CD325C6D07:[36ac27b3-2f11-437d-8f1f-165306b0ff4a:192.168.30.10:45265] with ContainerStateMachine:uninitialized
2019-09-25 05:06:11,874 [pool-37-thread-1] INFO  server.RaftServerConfigKeys (ConfUtils.java:logGet(43)) - raft.server.rpc.timeout.min = 5s (custom)
2019-09-25 05:06:11,874 [pool-37-thread-1] INFO  server.RaftServerConfigKeys (ConfUtils.java:logGet(43)) - raft.server.rpc.timeout.max = 5200ms (custom)
2019-09-25 05:06:11,874 [pool-37-thread-1] INFO  server.RaftServerConfigKeys (ConfUtils.java:logGet(43)) - raft.server.rpcslowness.timeout = 120s (custom)
2019-09-25 05:06:11,874 [pool-37-thread-1] INFO  server.RaftServerConfigKeys (ConfUtils.java:logGet(43)) - raft.server.sleep.deviation.threshold = 300 (default)
2019-09-25 05:06:11,874 [pool-37-thread-1] INFO  server.RaftServerConfigKeys (ConfUtils.java:logGet(43)) - raft.server.log.appender.install.snapshot.enabled = false (custom)
2019-09-25 05:06:11,874 [pool-37-thread-1] INFO  impl.RaftServerImpl (ServerState.java:<init>(103)) - 36ac27b3-2f11-437d-8f1f-165306b0ff4a@group-F3CD325C6D07: ConfigurationManager, init=-1: [36ac27b3-2f11-437d-8f1f-165306b0ff4a:192.168.30.10:45265], old=null, confs=<EMPTY_MAP>
2019-09-25 05:06:11,874 [pool-37-thread-1] INFO  server.RaftServerConfigKeys (ConfUtils.java:logGet(43)) - raft.server.storage.dir = [/workdir/hadoop-ozone/integration-test/target/test-dir/MiniOzoneClusterImpl-23306158-e895-4fc7-80df-ce6c264c388b/datanode-1/data/ratis] (custom)
2019-09-25 05:06:11,875 [pool-37-thread-1] INFO  storage.RaftStorageDirectory (RaftStorageDirectory.java:analyzeStorage(246)) - The storage directory /workdir/hadoop-ozone/integration-test/target/test-dir/MiniOzoneClusterImpl-23306158-e895-4fc7-80df-ce6c264c388b/datanode-1/data/ratis/ce1960ec-7264-4b00-8787-f3cd325c6d07 does not exist. Creating ...
2019-09-25 05:06:11,880 [f77bfc29-6991-4b1d-a503-f706c83de4fc@group-7144C9B9FADE:LeaderElection1] INFO  impl.RoleInfo (RoleInfo.java:updateAndGet(143)) - f77bfc29-6991-4b1d-a503-f706c83de4fc: start LeaderState
2019-09-25 05:06:11,895 [pool-37-thread-1] INFO  storage.RaftStorageDirectory (RaftStorageDirectory.java:tryLock(328)) - Lock on /workdir/hadoop-ozone/integration-test/target/test-dir/MiniOzoneClusterImpl-23306158-e895-4fc7-80df-ce6c264c388b/datanode-1/data/ratis/ce1960ec-7264-4b00-8787-f3cd325c6d07/in_use.lock acquired by nodename 25526@pr-hdds-1569-s62bp-3040748787
2019-09-25 05:06:11,907 [pool-37-thread-1] INFO  storage.RaftStorage (RaftStorage.java:format(72)) - Storage directory /workdir/hadoop-ozone/integration-test/target/test-dir/MiniOzoneClusterImpl-23306158-e895-4fc7-80df-ce6c264c388b/datanode-1/data/ratis/ce1960ec-7264-4b00-8787-f3cd325c6d07 has been successfully formatted.
2019-09-25 05:06:11,907 [pool-37-thread-1] INFO  ratis.ContainerStateMachine (ContainerStateMachine.java:loadSnapshot(230)) - group-F3CD325C6D07: The snapshot info is null. Setting the last applied indexto:(t:0, i:~)
2019-09-25 05:06:11,908 [pool-37-thread-1] INFO  server.RaftServerConfigKeys (ConfUtils.java:logGet(43)) - raft.server.notification.no-leader.timeout = 120s (custom)
2019-09-25 05:06:11,908 [pool-37-thread-1] INFO  server.RaftServerConfigKeys (ConfUtils.java:logGet(43)) - raft.server.log.use.memory = false (default)
2019-09-25 05:06:11,908 [pool-37-thread-1] INFO  server.RaftServerConfigKeys (ConfUtils.java:logGet(43)) - raft.server.log.purge.gap = 1000000 (custom)
2019-09-25 05:06:11,908 [pool-37-thread-1] INFO  server.RaftServerConfigKeys (ConfUtils.java:logGet(43)) - raft.server.log.appender.buffer.byte-limit = 33554432 (custom)
2019-09-25 05:06:11,908 [f77bfc29-6991-4b1d-a503-f706c83de4fc@group-7144C9B9FADE:LeaderElection1] INFO  segmented.SegmentedRaftLogWorker (SegmentedRaftLogWorker.java:startLogSegment(380)) - f77bfc29-6991-4b1d-a503-f706c83de4fc@group-7144C9B9FADE-SegmentedRaftLogWorker: Starting segment from index:0
2019-09-25 05:06:11,908 [pool-37-thread-1] INFO  server.RaftServerConfigKeys (ConfUtils.java:logGet(43)) - raft.server.log.segment.size.max = 1048576 (custom)
2019-09-25 05:06:11,908 [pool-37-thread-1] INFO  server.RaftServerConfigKeys (ConfUtils.java:logGet(43)) - raft.server.log.segment.cache.num.max = 2 (custom)
2019-09-25 05:06:11,909 [pool-37-thread-1] INFO  segmented.SegmentedRaftLogWorker (SegmentedRaftLogWorker.java:<init>(172)) - new 36ac27b3-2f11-437d-8f1f-165306b0ff4a@group-F3CD325C6D07-SegmentedRaftLogWorker for RaftStorage:Storage Directory /workdir/hadoop-ozone/integration-test/target/test-dir/MiniOzoneClusterImpl-23306158-e895-4fc7-80df-ce6c264c388b/datanode-1/data/ratis/ce1960ec-7264-4b00-8787-f3cd325c6d07
2019-09-25 05:06:11,909 [pool-37-thread-1] INFO  server.RaftServerConfigKeys (ConfUtils.java:logGet(43)) - raft.server.log.queue.byte-limit = 2147483647 (custom)
2019-09-25 05:06:11,909 [pool-37-thread-1] INFO  server.RaftServerConfigKeys (ConfUtils.java:logGet(43)) - raft.server.log.queue.element-limit = 1024 (custom)
2019-09-25 05:06:11,909 [pool-37-thread-1] INFO  server.RaftServerConfigKeys (ConfUtils.java:logGet(43)) - raft.server.log.segment.size.max = 1048576 (custom)
2019-09-25 05:06:11,909 [pool-37-thread-1] INFO  server.RaftServerConfigKeys (ConfUtils.java:logGet(43)) - raft.server.log.preallocated.size = 16384 (custom)
2019-09-25 05:06:11,909 [pool-37-thread-1] INFO  server.RaftServerConfigKeys (ConfUtils.java:logGet(43)) - raft.server.log.write.buffer.size = 33554432 (custom)
2019-09-25 05:06:11,909 [pool-37-thread-1] INFO  server.RaftServerConfigKeys (ConfUtils.java:logGet(43)) - raft.server.log.force.sync.num = 128 (default)
2019-09-25 05:06:11,910 [pool-37-thread-1] INFO  server.RaftServerConfigKeys (ConfUtils.java:logGet(43)) - raft.server.log.statemachine.data.sync = true (default)
2019-09-25 05:06:11,910 [pool-37-thread-1] INFO  server.RaftServerConfigKeys (ConfUtils.java:logGet(43)) - raft.server.log.statemachine.data.sync.timeout = 10s (default)
2019-09-25 05:06:11,910 [pool-37-thread-1] INFO  server.RaftServerConfigKeys (ConfUtils.java:logGet(43)) - raft.server.log.statemachine.data.sync.timeout.retry = -1 (default)
2019-09-25 05:06:11,910 [pool-37-thread-1] INFO  server.RaftServerConfigKeys (ConfUtils.java:logGet(43)) - raft.server.log.statemachine.data.caching.enabled = true (custom)
2019-09-25 05:06:11,910 [pool-37-thread-1] INFO  segmented.SegmentedRaftLogWorker (SegmentedRaftLogWorker.java:lambda$new$0(132)) - 36ac27b3-2f11-437d-8f1f-165306b0ff4a@group-F3CD325C6D07-SegmentedRaftLogWorker: flushIndex: setUnconditionally 0 -> -1
2019-09-25 05:06:11,911 [pool-37-thread-1] INFO  server.RaftServerConfigKeys (ConfUtils.java:logGet(43)) - raft.server.snapshot.auto.trigger.enabled = true (custom)
2019-09-25 05:06:11,911 [pool-37-thread-1] INFO  server.RaftServerConfigKeys (ConfUtils.java:logGet(43)) - raft.server.snapshot.auto.trigger.threshold = 10000 (custom)
2019-09-25 05:06:11,911 [pool-37-thread-1] INFO  server.RaftServerConfigKeys (ConfUtils.java:logGet(43)) - raft.server.snapshot.retention.num.files = 5 (custom)
2019-09-25 05:06:11,911 [pool-37-thread-1] INFO  server.RaftServerConfigKeys (ConfUtils.java:logGet(43)) - raft.server.retrycache.expirytime = 600000ms (custom)
2019-09-25 05:06:11,914 [pool-37-thread-1] INFO  impl.RaftServerImpl (RaftServerImpl.java:start(185)) - 36ac27b3-2f11-437d-8f1f-165306b0ff4a@group-F3CD325C6D07: start as a follower, conf=-1: [36ac27b3-2f11-437d-8f1f-165306b0ff4a:192.168.30.10:45265], old=null
2019-09-25 05:06:11,914 [pool-37-thread-1] INFO  impl.RaftServerImpl (RaftServerImpl.java:setRole(174)) - 36ac27b3-2f11-437d-8f1f-165306b0ff4a@group-F3CD325C6D07: changes role from      null to FOLLOWER at term 0 for startAsFollower
2019-09-25 05:06:11,914 [pool-37-thread-1] INFO  impl.RoleInfo (RoleInfo.java:updateAndGet(143)) - 36ac27b3-2f11-437d-8f1f-165306b0ff4a: start FollowerState
2019-09-25 05:06:11,915 [pool-37-thread-1] INFO  util.JmxRegister (JmxRegister.java:tryRegister(44)) - Successfully registered JMX Bean with object name Ratis:service=RaftServer,group=group-F3CD325C6D07,id=36ac27b3-2f11-437d-8f1f-165306b0ff4a
2019-09-25 05:06:11,917 [RatisPipelineUtilsThread] INFO  pipeline.PipelineStateManager (PipelineStateManager.java:addPipeline(56)) - Created pipeline Pipeline[ Id: ce1960ec-7264-4b00-8787-f3cd325c6d07, Nodes: 36ac27b3-2f11-437d-8f1f-165306b0ff4a{ip: 192.168.30.10, host: pr-hdds-1569-s62bp-3040748787, networkLocation: /default-rack, certSerialId: null}, Type:RATIS, Factor:ONE, State:OPEN]
2019-09-25 05:06:11,918 [f77bfc29-6991-4b1d-a503-f706c83de4fc@group-7144C9B9FADE:LeaderElection1] INFO  impl.RaftServerImpl (ServerState.java:setRaftConf(354)) - f77bfc29-6991-4b1d-a503-f706c83de4fc@group-7144C9B9FADE: set configuration 0: [f77bfc29-6991-4b1d-a503-f706c83de4fc:192.168.30.10:35112], old=null at 0
2019-09-25 05:06:11,924 [grpc-default-executor-0] INFO  impl.RaftServerProxy (RaftServerProxy.java:addNew(89)) - 56396258-65a3-478c-9482-0be0199dd49c: addNew group-BF325A081794:[56396258-65a3-478c-9482-0be0199dd49c:192.168.30.10:41678] returns group-BF325A081794:java.util.concurrent.CompletableFuture@69082571[Not completed]
2019-09-25 05:06:11,926 [pool-87-thread-1] INFO  impl.RaftServerImpl (RaftServerImpl.java:<init>(95)) - 56396258-65a3-478c-9482-0be0199dd49c: new RaftServerImpl for group-BF325A081794:[56396258-65a3-478c-9482-0be0199dd49c:192.168.30.10:41678] with ContainerStateMachine:uninitialized
2019-09-25 05:06:11,926 [pool-87-thread-1] INFO  server.RaftServerConfigKeys (ConfUtils.java:logGet(43)) - raft.server.rpc.timeout.min = 5s (custom)
2019-09-25 05:06:11,926 [pool-87-thread-1] INFO  server.RaftServerConfigKeys (ConfUtils.java:logGet(43)) - raft.server.rpc.timeout.max = 5200ms (custom)
2019-09-25 05:06:11,926 [pool-87-thread-1] INFO  server.RaftServerConfigKeys (ConfUtils.java:logGet(43)) - raft.server.rpcslowness.timeout = 120s (custom)
2019-09-25 05:06:11,926 [pool-87-thread-1] INFO  server.RaftServerConfigKeys (ConfUtils.java:logGet(43)) - raft.server.sleep.deviation.threshold = 300 (default)
2019-09-25 05:06:11,926 [pool-87-thread-1] INFO  server.RaftServerConfigKeys (ConfUtils.java:logGet(43)) - raft.server.log.appender.install.snapshot.enabled = false (custom)
2019-09-25 05:06:11,926 [pool-87-thread-1] INFO  impl.RaftServerImpl (ServerState.java:<init>(103)) - 56396258-65a3-478c-9482-0be0199dd49c@group-BF325A081794: ConfigurationManager, init=-1: [56396258-65a3-478c-9482-0be0199dd49c:192.168.30.10:41678], old=null, confs=<EMPTY_MAP>
2019-09-25 05:06:11,926 [pool-87-thread-1] INFO  server.RaftServerConfigKeys (ConfUtils.java:logGet(43)) - raft.server.storage.dir = [/workdir/hadoop-ozone/integration-test/target/test-dir/MiniOzoneClusterImpl-23306158-e895-4fc7-80df-ce6c264c388b/datanode-6/data/ratis] (custom)
2019-09-25 05:06:11,927 [pool-87-thread-1] INFO  storage.RaftStorageDirectory (RaftStorageDirectory.java:analyzeStorage(246)) - The storage directory /workdir/hadoop-ozone/integration-test/target/test-dir/MiniOzoneClusterImpl-23306158-e895-4fc7-80df-ce6c264c388b/datanode-6/data/ratis/a80c94f2-6aa6-402c-8931-bf325a081794 does not exist. Creating ...
2019-09-25 05:06:11,929 [Thread-243] INFO  impl.FollowerState (FollowerState.java:run(106)) - 56396258-65a3-478c-9482-0be0199dd49c:group-0AB9C729307E changes to CANDIDATE, lastRpcTime:5006, electionTimeout:5005ms
2019-09-25 05:06:11,931 [Thread-243] INFO  impl.RoleInfo (RoleInfo.java:shutdownFollowerState(121)) - 56396258-65a3-478c-9482-0be0199dd49c: shutdown FollowerState
2019-09-25 05:06:11,931 [Thread-243] INFO  impl.RaftServerImpl (RaftServerImpl.java:setRole(174)) - 56396258-65a3-478c-9482-0be0199dd49c@group-0AB9C729307E: changes role from  FOLLOWER to CANDIDATE at term 0 for changeToCandidate
2019-09-25 05:06:11,931 [Thread-243] INFO  impl.RoleInfo (RoleInfo.java:updateAndGet(143)) - 56396258-65a3-478c-9482-0be0199dd49c: start LeaderElection
2019-09-25 05:06:11,938 [pool-87-thread-1] INFO  storage.RaftStorageDirectory (RaftStorageDirectory.java:tryLock(328)) - Lock on /workdir/hadoop-ozone/integration-test/target/test-dir/MiniOzoneClusterImpl-23306158-e895-4fc7-80df-ce6c264c388b/datanode-6/data/ratis/a80c94f2-6aa6-402c-8931-bf325a081794/in_use.lock acquired by nodename 25526@pr-hdds-1569-s62bp-3040748787
2019-09-25 05:06:11,946 [pool-87-thread-1] INFO  storage.RaftStorage (RaftStorage.java:format(72)) - Storage directory /workdir/hadoop-ozone/integration-test/target/test-dir/MiniOzoneClusterImpl-23306158-e895-4fc7-80df-ce6c264c388b/datanode-6/data/ratis/a80c94f2-6aa6-402c-8931-bf325a081794 has been successfully formatted.
2019-09-25 05:06:11,947 [56396258-65a3-478c-9482-0be0199dd49c@group-0AB9C729307E:LeaderElection2] INFO  impl.LeaderElection (LeaderElection.java:askForVotes(182)) - 56396258-65a3-478c-9482-0be0199dd49c@group-0AB9C729307E:LeaderElection2: begin an election at term 1 for -1: [56396258-65a3-478c-9482-0be0199dd49c:192.168.30.10:41678], old=null
2019-09-25 05:06:11,949 [pool-87-thread-1] INFO  ratis.ContainerStateMachine (ContainerStateMachine.java:loadSnapshot(230)) - group-BF325A081794: The snapshot info is null. Setting the last applied indexto:(t:0, i:~)
2019-09-25 05:06:11,949 [56396258-65a3-478c-9482-0be0199dd49c@group-0AB9C729307E:LeaderElection2] INFO  impl.RoleInfo (RoleInfo.java:shutdownLeaderElection(134)) - 56396258-65a3-478c-9482-0be0199dd49c: shutdown LeaderElection
2019-09-25 05:06:11,949 [pool-87-thread-1] INFO  server.RaftServerConfigKeys (ConfUtils.java:logGet(43)) - raft.server.notification.no-leader.timeout = 120s (custom)
2019-09-25 05:06:11,949 [56396258-65a3-478c-9482-0be0199dd49c@group-0AB9C729307E:LeaderElection2] INFO  impl.RaftServerImpl (RaftServerImpl.java:setRole(174)) - 56396258-65a3-478c-9482-0be0199dd49c@group-0AB9C729307E: changes role from CANDIDATE to LEADER at term 1 for changeToLeader
2019-09-25 05:06:11,949 [pool-87-thread-1] INFO  server.RaftServerConfigKeys (ConfUtils.java:logGet(43)) - raft.server.log.use.memory = false (default)
2019-09-25 05:06:11,949 [56396258-65a3-478c-9482-0be0199dd49c@group-0AB9C729307E:LeaderElection2] INFO  impl.RaftServerImpl (ServerState.java:setLeader(253)) - 56396258-65a3-478c-9482-0be0199dd49c@group-0AB9C729307E: change Leader from null to 56396258-65a3-478c-9482-0be0199dd49c at term 1 for becomeLeader, leader elected after 5048ms
2019-09-25 05:06:11,949 [pool-87-thread-1] INFO  server.RaftServerConfigKeys (ConfUtils.java:logGet(43)) - raft.server.log.purge.gap = 1000000 (custom)
2019-09-25 05:06:11,951 [56396258-65a3-478c-9482-0be0199dd49c@group-0AB9C729307E:LeaderElection2] INFO  server.RaftServerConfigKeys (ConfUtils.java:logGet(43)) - raft.server.staging.catchup.gap = 1000 (default)
2019-09-25 05:06:11,952 [pool-87-thread-1] INFO  server.RaftServerConfigKeys (ConfUtils.java:logGet(43)) - raft.server.log.appender.buffer.byte-limit = 33554432 (custom)
2019-09-25 05:06:11,952 [56396258-65a3-478c-9482-0be0199dd49c@group-0AB9C729307E:LeaderElection2] INFO  server.RaftServerConfigKeys (ConfUtils.java:logGet(43)) - raft.server.rpc.sleep.time = 25ms (default)
2019-09-25 05:06:11,952 [pool-87-thread-1] INFO  server.RaftServerConfigKeys (ConfUtils.java:logGet(43)) - raft.server.log.segment.size.max = 1048576 (custom)
2019-09-25 05:06:11,952 [56396258-65a3-478c-9482-0be0199dd49c@group-0AB9C729307E:LeaderElection2] INFO  server.RaftServerConfigKeys (ConfUtils.java:logGet(43)) - raft.server.write.element-limit = 4096 (default)
2019-09-25 05:06:11,952 [pool-87-thread-1] INFO  server.RaftServerConfigKeys (ConfUtils.java:logGet(43)) - raft.server.log.segment.cache.num.max = 2 (custom)
2019-09-25 05:06:11,952 [56396258-65a3-478c-9482-0be0199dd49c@group-0AB9C729307E:LeaderElection2] INFO  server.RaftServerConfigKeys (ConfUtils.java:logGet(43)) - raft.server.watch.timeout = 10s (default)
2019-09-25 05:06:11,952 [pool-87-thread-1] INFO  segmented.SegmentedRaftLogWorker (SegmentedRaftLogWorker.java:<init>(172)) - new 56396258-65a3-478c-9482-0be0199dd49c@group-BF325A081794-SegmentedRaftLogWorker for RaftStorage:Storage Directory /workdir/hadoop-ozone/integration-test/target/test-dir/MiniOzoneClusterImpl-23306158-e895-4fc7-80df-ce6c264c388b/datanode-6/data/ratis/a80c94f2-6aa6-402c-8931-bf325a081794
2019-09-25 05:06:11,953 [56396258-65a3-478c-9482-0be0199dd49c@group-0AB9C729307E:LeaderElection2] INFO  server.RaftServerConfigKeys (ConfUtils.java:logGet(43)) - raft.server.watch.timeout.denomination = 1s (default)
2019-09-25 05:06:11,953 [pool-87-thread-1] INFO  server.RaftServerConfigKeys (ConfUtils.java:logGet(43)) - raft.server.log.queue.byte-limit = 2147483647 (custom)
2019-09-25 05:06:11,953 [56396258-65a3-478c-9482-0be0199dd49c@group-0AB9C729307E:LeaderElection2] INFO  server.RaftServerConfigKeys (ConfUtils.java:logGet(43)) - raft.server.watch.element-limit = 65536 (default)
2019-09-25 05:06:11,953 [pool-87-thread-1] INFO  server.RaftServerConfigKeys (ConfUtils.java:logGet(43)) - raft.server.log.queue.element-limit = 1024 (custom)
2019-09-25 05:06:11,953 [pool-87-thread-1] INFO  server.RaftServerConfigKeys (ConfUtils.java:logGet(43)) - raft.server.log.segment.size.max = 1048576 (custom)
2019-09-25 05:06:11,953 [pool-87-thread-1] INFO  server.RaftServerConfigKeys (ConfUtils.java:logGet(43)) - raft.server.log.preallocated.size = 16384 (custom)
2019-09-25 05:06:11,954 [pool-87-thread-1] INFO  server.RaftServerConfigKeys (ConfUtils.java:logGet(43)) - raft.server.log.write.buffer.size = 33554432 (custom)
2019-09-25 05:06:11,954 [pool-87-thread-1] INFO  server.RaftServerConfigKeys (ConfUtils.java:logGet(43)) - raft.server.log.force.sync.num = 128 (default)
2019-09-25 05:06:11,954 [pool-87-thread-1] INFO  server.RaftServerConfigKeys (ConfUtils.java:logGet(43)) - raft.server.log.statemachine.data.sync = true (default)
2019-09-25 05:06:11,954 [pool-87-thread-1] INFO  server.RaftServerConfigKeys (ConfUtils.java:logGet(43)) - raft.server.log.statemachine.data.sync.timeout = 10s (default)
2019-09-25 05:06:11,954 [pool-87-thread-1] INFO  server.RaftServerConfigKeys (ConfUtils.java:logGet(43)) - raft.server.log.statemachine.data.sync.timeout.retry = -1 (default)
2019-09-25 05:06:11,954 [pool-87-thread-1] INFO  server.RaftServerConfigKeys (ConfUtils.java:logGet(43)) - raft.server.log.statemachine.data.caching.enabled = true (custom)
2019-09-25 05:06:11,955 [pool-87-thread-1] INFO  segmented.SegmentedRaftLogWorker (SegmentedRaftLogWorker.java:lambda$new$0(132)) - 56396258-65a3-478c-9482-0be0199dd49c@group-BF325A081794-SegmentedRaftLogWorker: flushIndex: setUnconditionally 0 -> -1
2019-09-25 05:06:11,955 [pool-87-thread-1] INFO  server.RaftServerConfigKeys (ConfUtils.java:logGet(43)) - raft.server.snapshot.auto.trigger.enabled = true (custom)
2019-09-25 05:06:11,955 [pool-87-thread-1] INFO  server.RaftServerConfigKeys (ConfUtils.java:logGet(43)) - raft.server.snapshot.auto.trigger.threshold = 10000 (custom)
2019-09-25 05:06:11,955 [pool-87-thread-1] INFO  server.RaftServerConfigKeys (ConfUtils.java:logGet(43)) - raft.server.snapshot.retention.num.files = 5 (custom)
2019-09-25 05:06:11,955 [pool-87-thread-1] INFO  server.RaftServerConfigKeys (ConfUtils.java:logGet(43)) - raft.server.retrycache.expirytime = 600000ms (custom)
2019-09-25 05:06:11,955 [56396258-65a3-478c-9482-0be0199dd49c@group-0AB9C729307E:LeaderElection2] INFO  impl.RoleInfo (RoleInfo.java:updateAndGet(143)) - 56396258-65a3-478c-9482-0be0199dd49c: start LeaderState
2019-09-25 05:06:11,956 [56396258-65a3-478c-9482-0be0199dd49c@group-0AB9C729307E:LeaderElection2] INFO  segmented.SegmentedRaftLogWorker (SegmentedRaftLogWorker.java:startLogSegment(380)) - 56396258-65a3-478c-9482-0be0199dd49c@group-0AB9C729307E-SegmentedRaftLogWorker: Starting segment from index:0
2019-09-25 05:06:11,956 [56396258-65a3-478c-9482-0be0199dd49c@group-0AB9C729307E:LeaderElection2] INFO  impl.RaftServerImpl (ServerState.java:setRaftConf(354)) - 56396258-65a3-478c-9482-0be0199dd49c@group-0AB9C729307E: set configuration 0: [56396258-65a3-478c-9482-0be0199dd49c:192.168.30.10:41678], old=null at 0
2019-09-25 05:06:11,959 [pool-87-thread-1] INFO  impl.RaftServerImpl (RaftServerImpl.java:start(185)) - 56396258-65a3-478c-9482-0be0199dd49c@group-BF325A081794: start as a follower, conf=-1: [56396258-65a3-478c-9482-0be0199dd49c:192.168.30.10:41678], old=null
2019-09-25 05:06:11,959 [pool-87-thread-1] INFO  impl.RaftServerImpl (RaftServerImpl.java:setRole(174)) - 56396258-65a3-478c-9482-0be0199dd49c@group-BF325A081794: changes role from      null to FOLLOWER at term 0 for startAsFollower
2019-09-25 05:06:11,959 [pool-87-thread-1] INFO  impl.RoleInfo (RoleInfo.java:updateAndGet(143)) - 56396258-65a3-478c-9482-0be0199dd49c: start FollowerState
2019-09-25 05:06:11,960 [pool-87-thread-1] INFO  util.JmxRegister (JmxRegister.java:tryRegister(44)) - Successfully registered JMX Bean with object name Ratis:service=RaftServer,group=group-BF325A081794,id=56396258-65a3-478c-9482-0be0199dd49c
2019-09-25 05:06:11,962 [RatisPipelineUtilsThread] INFO  pipeline.PipelineStateManager (PipelineStateManager.java:addPipeline(56)) - Created pipeline Pipeline[ Id: a80c94f2-6aa6-402c-8931-bf325a081794, Nodes: 56396258-65a3-478c-9482-0be0199dd49c{ip: 192.168.30.10, host: pr-hdds-1569-s62bp-3040748787, networkLocation: /default-rack, certSerialId: null}, Type:RATIS, Factor:ONE, State:OPEN]
2019-09-25 05:06:11,967 [grpc-default-executor-0] INFO  impl.RaftServerProxy (RaftServerProxy.java:addNew(89)) - f77bfc29-6991-4b1d-a503-f706c83de4fc: addNew group-775BA32C4D58:[f77bfc29-6991-4b1d-a503-f706c83de4fc:192.168.30.10:35112] returns group-775BA32C4D58:java.util.concurrent.CompletableFuture@2c91744e[Not completed]
2019-09-25 05:06:11,969 [pool-27-thread-1] INFO  impl.RaftServerImpl (RaftServerImpl.java:<init>(95)) - f77bfc29-6991-4b1d-a503-f706c83de4fc: new RaftServerImpl for group-775BA32C4D58:[f77bfc29-6991-4b1d-a503-f706c83de4fc:192.168.30.10:35112] with ContainerStateMachine:uninitialized
2019-09-25 05:06:11,969 [pool-27-thread-1] INFO  server.RaftServerConfigKeys (ConfUtils.java:logGet(43)) - raft.server.rpc.timeout.min = 5s (custom)
2019-09-25 05:06:11,969 [pool-27-thread-1] INFO  server.RaftServerConfigKeys (ConfUtils.java:logGet(43)) - raft.server.rpc.timeout.max = 5200ms (custom)
2019-09-25 05:06:11,969 [pool-27-thread-1] INFO  server.RaftServerConfigKeys (ConfUtils.java:logGet(43)) - raft.server.rpcslowness.timeout = 120s (custom)
2019-09-25 05:06:11,969 [pool-27-thread-1] INFO  server.RaftServerConfigKeys (ConfUtils.java:logGet(43)) - raft.server.sleep.deviation.threshold = 300 (default)
2019-09-25 05:06:11,969 [pool-27-thread-1] INFO  server.RaftServerConfigKeys (ConfUtils.java:logGet(43)) - raft.server.log.appender.install.snapshot.enabled = false (custom)
2019-09-25 05:06:11,970 [pool-27-thread-1] INFO  impl.RaftServerImpl (ServerState.java:<init>(103)) - f77bfc29-6991-4b1d-a503-f706c83de4fc@group-775BA32C4D58: ConfigurationManager, init=-1: [f77bfc29-6991-4b1d-a503-f706c83de4fc:192.168.30.10:35112], old=null, confs=<EMPTY_MAP>
2019-09-25 05:06:11,970 [pool-27-thread-1] INFO  server.RaftServerConfigKeys (ConfUtils.java:logGet(43)) - raft.server.storage.dir = [/workdir/hadoop-ozone/integration-test/target/test-dir/MiniOzoneClusterImpl-23306158-e895-4fc7-80df-ce6c264c388b/datanode-0/data/ratis] (custom)
2019-09-25 05:06:11,970 [pool-27-thread-1] INFO  storage.RaftStorageDirectory (RaftStorageDirectory.java:analyzeStorage(246)) - The storage directory /workdir/hadoop-ozone/integration-test/target/test-dir/MiniOzoneClusterImpl-23306158-e895-4fc7-80df-ce6c264c388b/datanode-0/data/ratis/4078a89e-d771-467d-a3a5-775ba32c4d58 does not exist. Creating ...
2019-09-25 05:06:11,982 [pool-27-thread-1] INFO  storage.RaftStorageDirectory (RaftStorageDirectory.java:tryLock(328)) - Lock on /workdir/hadoop-ozone/integration-test/target/test-dir/MiniOzoneClusterImpl-23306158-e895-4fc7-80df-ce6c264c388b/datanode-0/data/ratis/4078a89e-d771-467d-a3a5-775ba32c4d58/in_use.lock acquired by nodename 25526@pr-hdds-1569-s62bp-3040748787
2019-09-25 05:06:11,997 [pool-27-thread-1] INFO  storage.RaftStorage (RaftStorage.java:format(72)) - Storage directory /workdir/hadoop-ozone/integration-test/target/test-dir/MiniOzoneClusterImpl-23306158-e895-4fc7-80df-ce6c264c388b/datanode-0/data/ratis/4078a89e-d771-467d-a3a5-775ba32c4d58 has been successfully formatted.
2019-09-25 05:06:11,997 [pool-27-thread-1] INFO  ratis.ContainerStateMachine (ContainerStateMachine.java:loadSnapshot(230)) - group-775BA32C4D58: The snapshot info is null. Setting the last applied indexto:(t:0, i:~)
2019-09-25 05:06:11,997 [pool-27-thread-1] INFO  server.RaftServerConfigKeys (ConfUtils.java:logGet(43)) - raft.server.notification.no-leader.timeout = 120s (custom)
2019-09-25 05:06:11,998 [pool-27-thread-1] INFO  server.RaftServerConfigKeys (ConfUtils.java:logGet(43)) - raft.server.log.use.memory = false (default)
2019-09-25 05:06:11,998 [pool-27-thread-1] INFO  server.RaftServerConfigKeys (ConfUtils.java:logGet(43)) - raft.server.log.purge.gap = 1000000 (custom)
2019-09-25 05:06:11,998 [pool-27-thread-1] INFO  server.RaftServerConfigKeys (ConfUtils.java:logGet(43)) - raft.server.log.appender.buffer.byte-limit = 33554432 (custom)
2019-09-25 05:06:11,998 [pool-27-thread-1] INFO  server.RaftServerConfigKeys (ConfUtils.java:logGet(43)) - raft.server.log.segment.size.max = 1048576 (custom)
2019-09-25 05:06:11,998 [pool-27-thread-1] INFO  server.RaftServerConfigKeys (ConfUtils.java:logGet(43)) - raft.server.log.segment.cache.num.max = 2 (custom)
2019-09-25 05:06:11,998 [pool-27-thread-1] INFO  segmented.SegmentedRaftLogWorker (SegmentedRaftLogWorker.java:<init>(172)) - new f77bfc29-6991-4b1d-a503-f706c83de4fc@group-775BA32C4D58-SegmentedRaftLogWorker for RaftStorage:Storage Directory /workdir/hadoop-ozone/integration-test/target/test-dir/MiniOzoneClusterImpl-23306158-e895-4fc7-80df-ce6c264c388b/datanode-0/data/ratis/4078a89e-d771-467d-a3a5-775ba32c4d58
2019-09-25 05:06:11,998 [pool-27-thread-1] INFO  server.RaftServerConfigKeys (ConfUtils.java:logGet(43)) - raft.server.log.queue.byte-limit = 2147483647 (custom)
2019-09-25 05:06:11,999 [pool-27-thread-1] INFO  server.RaftServerConfigKeys (ConfUtils.java:logGet(43)) - raft.server.log.queue.element-limit = 1024 (custom)
2019-09-25 05:06:11,999 [pool-27-thread-1] INFO  server.RaftServerConfigKeys (ConfUtils.java:logGet(43)) - raft.server.log.segment.size.max = 1048576 (custom)
2019-09-25 05:06:11,999 [pool-27-thread-1] INFO  server.RaftServerConfigKeys (ConfUtils.java:logGet(43)) - raft.server.log.preallocated.size = 16384 (custom)
2019-09-25 05:06:11,999 [pool-27-thread-1] INFO  server.RaftServerConfigKeys (ConfUtils.java:logGet(43)) - raft.server.log.write.buffer.size = 33554432 (custom)
2019-09-25 05:06:11,999 [pool-27-thread-1] INFO  server.RaftServerConfigKeys (ConfUtils.java:logGet(43)) - raft.server.log.force.sync.num = 128 (default)
2019-09-25 05:06:11,999 [pool-27-thread-1] INFO  server.RaftServerConfigKeys (ConfUtils.java:logGet(43)) - raft.server.log.statemachine.data.sync = true (default)
2019-09-25 05:06:11,999 [pool-27-thread-1] INFO  server.RaftServerConfigKeys (ConfUtils.java:logGet(43)) - raft.server.log.statemachine.data.sync.timeout = 10s (default)
2019-09-25 05:06:12,000 [pool-27-thread-1] INFO  server.RaftServerConfigKeys (ConfUtils.java:logGet(43)) - raft.server.log.statemachine.data.sync.timeout.retry = -1 (default)
2019-09-25 05:06:12,000 [pool-27-thread-1] INFO  server.RaftServerConfigKeys (ConfUtils.java:logGet(43)) - raft.server.log.statemachine.data.caching.enabled = true (custom)
2019-09-25 05:06:12,000 [pool-27-thread-1] INFO  segmented.SegmentedRaftLogWorker (SegmentedRaftLogWorker.java:lambda$new$0(132)) - f77bfc29-6991-4b1d-a503-f706c83de4fc@group-775BA32C4D58-SegmentedRaftLogWorker: flushIndex: setUnconditionally 0 -> -1
2019-09-25 05:06:12,000 [pool-27-thread-1] INFO  server.RaftServerConfigKeys (ConfUtils.java:logGet(43)) - raft.server.snapshot.auto.trigger.enabled = true (custom)
2019-09-25 05:06:12,001 [pool-27-thread-1] INFO  server.RaftServerConfigKeys (ConfUtils.java:logGet(43)) - raft.server.snapshot.auto.trigger.threshold = 10000 (custom)
2019-09-25 05:06:12,001 [pool-27-thread-1] INFO  server.RaftServerConfigKeys (ConfUtils.java:logGet(43)) - raft.server.snapshot.retention.num.files = 5 (custom)
2019-09-25 05:06:12,001 [pool-27-thread-1] INFO  server.RaftServerConfigKeys (ConfUtils.java:logGet(43)) - raft.server.retrycache.expirytime = 600000ms (custom)
2019-09-25 05:06:12,003 [pool-27-thread-1] INFO  impl.RaftServerImpl (RaftServerImpl.java:start(185)) - f77bfc29-6991-4b1d-a503-f706c83de4fc@group-775BA32C4D58: start as a follower, conf=-1: [f77bfc29-6991-4b1d-a503-f706c83de4fc:192.168.30.10:35112], old=null
2019-09-25 05:06:12,003 [pool-27-thread-1] INFO  impl.RaftServerImpl (RaftServerImpl.java:setRole(174)) - f77bfc29-6991-4b1d-a503-f706c83de4fc@group-775BA32C4D58: changes role from      null to FOLLOWER at term 0 for startAsFollower
2019-09-25 05:06:12,003 [pool-27-thread-1] INFO  impl.RoleInfo (RoleInfo.java:updateAndGet(143)) - f77bfc29-6991-4b1d-a503-f706c83de4fc: start FollowerState
2019-09-25 05:06:12,004 [pool-27-thread-1] INFO  util.JmxRegister (JmxRegister.java:tryRegister(44)) - Successfully registered JMX Bean with object name Ratis:service=RaftServer,group=group-775BA32C4D58,id=f77bfc29-6991-4b1d-a503-f706c83de4fc
2019-09-25 05:06:12,007 [RatisPipelineUtilsThread] INFO  pipeline.PipelineStateManager (PipelineStateManager.java:addPipeline(56)) - Created pipeline Pipeline[ Id: 4078a89e-d771-467d-a3a5-775ba32c4d58, Nodes: f77bfc29-6991-4b1d-a503-f706c83de4fc{ip: 192.168.30.10, host: pr-hdds-1569-s62bp-3040748787, networkLocation: /default-rack, certSerialId: null}, Type:RATIS, Factor:ONE, State:OPEN]
2019-09-25 05:06:12,011 [grpc-default-executor-0] INFO  impl.RaftServerProxy (RaftServerProxy.java:addNew(89)) - 36ac27b3-2f11-437d-8f1f-165306b0ff4a: addNew group-14E3DEBF70FE:[36ac27b3-2f11-437d-8f1f-165306b0ff4a:192.168.30.10:45265] returns group-14E3DEBF70FE:java.util.concurrent.CompletableFuture@160039ba[Not completed]
2019-09-25 05:06:12,013 [pool-37-thread-1] INFO  impl.RaftServerImpl (RaftServerImpl.java:<init>(95)) - 36ac27b3-2f11-437d-8f1f-165306b0ff4a: new RaftServerImpl for group-14E3DEBF70FE:[36ac27b3-2f11-437d-8f1f-165306b0ff4a:192.168.30.10:45265] with ContainerStateMachine:uninitialized
2019-09-25 05:06:12,013 [pool-37-thread-1] INFO  server.RaftServerConfigKeys (ConfUtils.java:logGet(43)) - raft.server.rpc.timeout.min = 5s (custom)
2019-09-25 05:06:12,013 [pool-37-thread-1] INFO  server.RaftServerConfigKeys (ConfUtils.java:logGet(43)) - raft.server.rpc.timeout.max = 5200ms (custom)
2019-09-25 05:06:12,013 [pool-37-thread-1] INFO  server.RaftServerConfigKeys (ConfUtils.java:logGet(43)) - raft.server.rpcslowness.timeout = 120s (custom)
2019-09-25 05:06:12,013 [pool-37-thread-1] INFO  server.RaftServerConfigKeys (ConfUtils.java:logGet(43)) - raft.server.sleep.deviation.threshold = 300 (default)
2019-09-25 05:06:12,014 [pool-37-thread-1] INFO  server.RaftServerConfigKeys (ConfUtils.java:logGet(43)) - raft.server.log.appender.install.snapshot.enabled = false (custom)
2019-09-25 05:06:12,014 [pool-37-thread-1] INFO  impl.RaftServerImpl (ServerState.java:<init>(103)) - 36ac27b3-2f11-437d-8f1f-165306b0ff4a@group-14E3DEBF70FE: ConfigurationManager, init=-1: [36ac27b3-2f11-437d-8f1f-165306b0ff4a:192.168.30.10:45265], old=null, confs=<EMPTY_MAP>
2019-09-25 05:06:12,014 [pool-37-thread-1] INFO  server.RaftServerConfigKeys (ConfUtils.java:logGet(43)) - raft.server.storage.dir = [/workdir/hadoop-ozone/integration-test/target/test-dir/MiniOzoneClusterImpl-23306158-e895-4fc7-80df-ce6c264c388b/datanode-1/data/ratis] (custom)
2019-09-25 05:06:12,015 [pool-37-thread-1] INFO  storage.RaftStorageDirectory (RaftStorageDirectory.java:analyzeStorage(246)) - The storage directory /workdir/hadoop-ozone/integration-test/target/test-dir/MiniOzoneClusterImpl-23306158-e895-4fc7-80df-ce6c264c388b/datanode-1/data/ratis/be2a7b06-3852-4454-9a56-14e3debf70fe does not exist. Creating ...
2019-09-25 05:06:12,026 [pool-37-thread-1] INFO  storage.RaftStorageDirectory (RaftStorageDirectory.java:tryLock(328)) - Lock on /workdir/hadoop-ozone/integration-test/target/test-dir/MiniOzoneClusterImpl-23306158-e895-4fc7-80df-ce6c264c388b/datanode-1/data/ratis/be2a7b06-3852-4454-9a56-14e3debf70fe/in_use.lock acquired by nodename 25526@pr-hdds-1569-s62bp-3040748787
2019-09-25 05:06:12,035 [pool-37-thread-1] INFO  storage.RaftStorage (RaftStorage.java:format(72)) - Storage directory /workdir/hadoop-ozone/integration-test/target/test-dir/MiniOzoneClusterImpl-23306158-e895-4fc7-80df-ce6c264c388b/datanode-1/data/ratis/be2a7b06-3852-4454-9a56-14e3debf70fe has been successfully formatted.
2019-09-25 05:06:12,035 [pool-37-thread-1] INFO  ratis.ContainerStateMachine (ContainerStateMachine.java:loadSnapshot(230)) - group-14E3DEBF70FE: The snapshot info is null. Setting the last applied indexto:(t:0, i:~)
2019-09-25 05:06:12,036 [pool-37-thread-1] INFO  server.RaftServerConfigKeys (ConfUtils.java:logGet(43)) - raft.server.notification.no-leader.timeout = 120s (custom)
2019-09-25 05:06:12,036 [pool-37-thread-1] INFO  server.RaftServerConfigKeys (ConfUtils.java:logGet(43)) - raft.server.log.use.memory = false (default)
2019-09-25 05:06:12,036 [pool-37-thread-1] INFO  server.RaftServerConfigKeys (ConfUtils.java:logGet(43)) - raft.server.log.purge.gap = 1000000 (custom)
2019-09-25 05:06:12,036 [pool-37-thread-1] INFO  server.RaftServerConfigKeys (ConfUtils.java:logGet(43)) - raft.server.log.appender.buffer.byte-limit = 33554432 (custom)
2019-09-25 05:06:12,036 [pool-37-thread-1] INFO  server.RaftServerConfigKeys (ConfUtils.java:logGet(43)) - raft.server.log.segment.size.max = 1048576 (custom)
2019-09-25 05:06:12,036 [pool-37-thread-1] INFO  server.RaftServerConfigKeys (ConfUtils.java:logGet(43)) - raft.server.log.segment.cache.num.max = 2 (custom)
2019-09-25 05:06:12,037 [pool-37-thread-1] INFO  segmented.SegmentedRaftLogWorker (SegmentedRaftLogWorker.java:<init>(172)) - new 36ac27b3-2f11-437d-8f1f-165306b0ff4a@group-14E3DEBF70FE-SegmentedRaftLogWorker for RaftStorage:Storage Directory /workdir/hadoop-ozone/integration-test/target/test-dir/MiniOzoneClusterImpl-23306158-e895-4fc7-80df-ce6c264c388b/datanode-1/data/ratis/be2a7b06-3852-4454-9a56-14e3debf70fe
2019-09-25 05:06:12,037 [pool-37-thread-1] INFO  server.RaftServerConfigKeys (ConfUtils.java:logGet(43)) - raft.server.log.queue.byte-limit = 2147483647 (custom)
2019-09-25 05:06:12,037 [pool-37-thread-1] INFO  server.RaftServerConfigKeys (ConfUtils.java:logGet(43)) - raft.server.log.queue.element-limit = 1024 (custom)
2019-09-25 05:06:12,037 [pool-37-thread-1] INFO  server.RaftServerConfigKeys (ConfUtils.java:logGet(43)) - raft.server.log.segment.size.max = 1048576 (custom)
2019-09-25 05:06:12,037 [pool-37-thread-1] INFO  server.RaftServerConfigKeys (ConfUtils.java:logGet(43)) - raft.server.log.preallocated.size = 16384 (custom)
2019-09-25 05:06:12,037 [pool-37-thread-1] INFO  server.RaftServerConfigKeys (ConfUtils.java:logGet(43)) - raft.server.log.write.buffer.size = 33554432 (custom)
2019-09-25 05:06:12,037 [pool-37-thread-1] INFO  server.RaftServerConfigKeys (ConfUtils.java:logGet(43)) - raft.server.log.force.sync.num = 128 (default)
2019-09-25 05:06:12,038 [pool-37-thread-1] INFO  server.RaftServerConfigKeys (ConfUtils.java:logGet(43)) - raft.server.log.statemachine.data.sync = true (default)
2019-09-25 05:06:12,038 [pool-37-thread-1] INFO  server.RaftServerConfigKeys (ConfUtils.java:logGet(43)) - raft.server.log.statemachine.data.sync.timeout = 10s (default)
2019-09-25 05:06:12,038 [pool-37-thread-1] INFO  server.RaftServerConfigKeys (ConfUtils.java:logGet(43)) - raft.server.log.statemachine.data.sync.timeout.retry = -1 (default)
2019-09-25 05:06:12,038 [pool-37-thread-1] INFO  server.RaftServerConfigKeys (ConfUtils.java:logGet(43)) - raft.server.log.statemachine.data.caching.enabled = true (custom)
2019-09-25 05:06:12,038 [pool-37-thread-1] INFO  segmented.SegmentedRaftLogWorker (SegmentedRaftLogWorker.java:lambda$new$0(132)) - 36ac27b3-2f11-437d-8f1f-165306b0ff4a@group-14E3DEBF70FE-SegmentedRaftLogWorker: flushIndex: setUnconditionally 0 -> -1
2019-09-25 05:06:12,039 [pool-37-thread-1] INFO  server.RaftServerConfigKeys (ConfUtils.java:logGet(43)) - raft.server.snapshot.auto.trigger.enabled = true (custom)
2019-09-25 05:06:12,039 [pool-37-thread-1] INFO  server.RaftServerConfigKeys (ConfUtils.java:logGet(43)) - raft.server.snapshot.auto.trigger.threshold = 10000 (custom)
2019-09-25 05:06:12,039 [pool-37-thread-1] INFO  server.RaftServerConfigKeys (ConfUtils.java:logGet(43)) - raft.server.snapshot.retention.num.files = 5 (custom)
2019-09-25 05:06:12,039 [pool-37-thread-1] INFO  server.RaftServerConfigKeys (ConfUtils.java:logGet(43)) - raft.server.retrycache.expirytime = 600000ms (custom)
2019-09-25 05:06:12,042 [pool-37-thread-1] INFO  impl.RaftServerImpl (RaftServerImpl.java:start(185)) - 36ac27b3-2f11-437d-8f1f-165306b0ff4a@group-14E3DEBF70FE: start as a follower, conf=-1: [36ac27b3-2f11-437d-8f1f-165306b0ff4a:192.168.30.10:45265], old=null
2019-09-25 05:06:12,042 [pool-37-thread-1] INFO  impl.RaftServerImpl (RaftServerImpl.java:setRole(174)) - 36ac27b3-2f11-437d-8f1f-165306b0ff4a@group-14E3DEBF70FE: changes role from      null to FOLLOWER at term 0 for startAsFollower
2019-09-25 05:06:12,042 [pool-37-thread-1] INFO  impl.RoleInfo (RoleInfo.java:updateAndGet(143)) - 36ac27b3-2f11-437d-8f1f-165306b0ff4a: start FollowerState
2019-09-25 05:06:12,043 [pool-37-thread-1] INFO  util.JmxRegister (JmxRegister.java:tryRegister(44)) - Successfully registered JMX Bean with object name Ratis:service=RaftServer,group=group-14E3DEBF70FE,id=36ac27b3-2f11-437d-8f1f-165306b0ff4a
2019-09-25 05:06:12,045 [RatisPipelineUtilsThread] INFO  pipeline.PipelineStateManager (PipelineStateManager.java:addPipeline(56)) - Created pipeline Pipeline[ Id: be2a7b06-3852-4454-9a56-14e3debf70fe, Nodes: 36ac27b3-2f11-437d-8f1f-165306b0ff4a{ip: 192.168.30.10, host: pr-hdds-1569-s62bp-3040748787, networkLocation: /default-rack, certSerialId: null}, Type:RATIS, Factor:ONE, State:OPEN]
2019-09-25 05:06:12,050 [grpc-default-executor-0] INFO  impl.RaftServerProxy (RaftServerProxy.java:addNew(89)) - 692224c4-5202-4921-98cc-04d5c60c79cc: addNew group-6FAF7513986D:[692224c4-5202-4921-98cc-04d5c60c79cc:192.168.30.10:38144] returns group-6FAF7513986D:java.util.concurrent.CompletableFuture@27f78c31[Not completed]
2019-09-25 05:06:12,050 [pool-67-thread-1] INFO  impl.RaftServerImpl (RaftServerImpl.java:<init>(95)) - 692224c4-5202-4921-98cc-04d5c60c79cc: new RaftServerImpl for group-6FAF7513986D:[692224c4-5202-4921-98cc-04d5c60c79cc:192.168.30.10:38144] with ContainerStateMachine:uninitialized
2019-09-25 05:06:12,051 [pool-67-thread-1] INFO  server.RaftServerConfigKeys (ConfUtils.java:logGet(43)) - raft.server.rpc.timeout.min = 5s (custom)
2019-09-25 05:06:12,051 [pool-67-thread-1] INFO  server.RaftServerConfigKeys (ConfUtils.java:logGet(43)) - raft.server.rpc.timeout.max = 5200ms (custom)
2019-09-25 05:06:12,051 [pool-67-thread-1] INFO  server.RaftServerConfigKeys (ConfUtils.java:logGet(43)) - raft.server.rpcslowness.timeout = 120s (custom)
2019-09-25 05:06:12,051 [pool-67-thread-1] INFO  server.RaftServerConfigKeys (ConfUtils.java:logGet(43)) - raft.server.sleep.deviation.threshold = 300 (default)
2019-09-25 05:06:12,051 [pool-67-thread-1] INFO  server.RaftServerConfigKeys (ConfUtils.java:logGet(43)) - raft.server.log.appender.install.snapshot.enabled = false (custom)
2019-09-25 05:06:12,051 [pool-67-thread-1] INFO  impl.RaftServerImpl (ServerState.java:<init>(103)) - 692224c4-5202-4921-98cc-04d5c60c79cc@group-6FAF7513986D: ConfigurationManager, init=-1: [692224c4-5202-4921-98cc-04d5c60c79cc:192.168.30.10:38144], old=null, confs=<EMPTY_MAP>
2019-09-25 05:06:12,051 [pool-67-thread-1] INFO  server.RaftServerConfigKeys (ConfUtils.java:logGet(43)) - raft.server.storage.dir = [/workdir/hadoop-ozone/integration-test/target/test-dir/MiniOzoneClusterImpl-23306158-e895-4fc7-80df-ce6c264c388b/datanode-4/data/ratis] (custom)
2019-09-25 05:06:12,052 [pool-67-thread-1] INFO  storage.RaftStorageDirectory (RaftStorageDirectory.java:analyzeStorage(246)) - The storage directory /workdir/hadoop-ozone/integration-test/target/test-dir/MiniOzoneClusterImpl-23306158-e895-4fc7-80df-ce6c264c388b/datanode-4/data/ratis/2da0cde6-e5ca-485e-8960-6faf7513986d does not exist. Creating ...
2019-09-25 05:06:12,058 [pool-67-thread-1] INFO  storage.RaftStorageDirectory (RaftStorageDirectory.java:tryLock(328)) - Lock on /workdir/hadoop-ozone/integration-test/target/test-dir/MiniOzoneClusterImpl-23306158-e895-4fc7-80df-ce6c264c388b/datanode-4/data/ratis/2da0cde6-e5ca-485e-8960-6faf7513986d/in_use.lock acquired by nodename 25526@pr-hdds-1569-s62bp-3040748787
2019-09-25 05:06:12,071 [pool-67-thread-1] INFO  storage.RaftStorage (RaftStorage.java:format(72)) - Storage directory /workdir/hadoop-ozone/integration-test/target/test-dir/MiniOzoneClusterImpl-23306158-e895-4fc7-80df-ce6c264c388b/datanode-4/data/ratis/2da0cde6-e5ca-485e-8960-6faf7513986d has been successfully formatted.
2019-09-25 05:06:12,071 [pool-67-thread-1] INFO  ratis.ContainerStateMachine (ContainerStateMachine.java:loadSnapshot(230)) - group-6FAF7513986D: The snapshot info is null. Setting the last applied indexto:(t:0, i:~)
2019-09-25 05:06:12,071 [pool-67-thread-1] INFO  server.RaftServerConfigKeys (ConfUtils.java:logGet(43)) - raft.server.notification.no-leader.timeout = 120s (custom)
2019-09-25 05:06:12,071 [pool-67-thread-1] INFO  server.RaftServerConfigKeys (ConfUtils.java:logGet(43)) - raft.server.log.use.memory = false (default)
2019-09-25 05:06:12,071 [pool-67-thread-1] INFO  server.RaftServerConfigKeys (ConfUtils.java:logGet(43)) - raft.server.log.purge.gap = 1000000 (custom)
2019-09-25 05:06:12,071 [pool-67-thread-1] INFO  server.RaftServerConfigKeys (ConfUtils.java:logGet(43)) - raft.server.log.appender.buffer.byte-limit = 33554432 (custom)
2019-09-25 05:06:12,071 [pool-67-thread-1] INFO  server.RaftServerConfigKeys (ConfUtils.java:logGet(43)) - raft.server.log.segment.size.max = 1048576 (custom)
2019-09-25 05:06:12,071 [pool-67-thread-1] INFO  server.RaftServerConfigKeys (ConfUtils.java:logGet(43)) - raft.server.log.segment.cache.num.max = 2 (custom)
2019-09-25 05:06:12,072 [pool-67-thread-1] INFO  segmented.SegmentedRaftLogWorker (SegmentedRaftLogWorker.java:<init>(172)) - new 692224c4-5202-4921-98cc-04d5c60c79cc@group-6FAF7513986D-SegmentedRaftLogWorker for RaftStorage:Storage Directory /workdir/hadoop-ozone/integration-test/target/test-dir/MiniOzoneClusterImpl-23306158-e895-4fc7-80df-ce6c264c388b/datanode-4/data/ratis/2da0cde6-e5ca-485e-8960-6faf7513986d
2019-09-25 05:06:12,072 [pool-67-thread-1] INFO  server.RaftServerConfigKeys (ConfUtils.java:logGet(43)) - raft.server.log.queue.byte-limit = 2147483647 (custom)
2019-09-25 05:06:12,072 [pool-67-thread-1] INFO  server.RaftServerConfigKeys (ConfUtils.java:logGet(43)) - raft.server.log.queue.element-limit = 1024 (custom)
2019-09-25 05:06:12,072 [pool-67-thread-1] INFO  server.RaftServerConfigKeys (ConfUtils.java:logGet(43)) - raft.server.log.segment.size.max = 1048576 (custom)
2019-09-25 05:06:12,072 [pool-67-thread-1] INFO  server.RaftServerConfigKeys (ConfUtils.java:logGet(43)) - raft.server.log.preallocated.size = 16384 (custom)
2019-09-25 05:06:12,072 [pool-67-thread-1] INFO  server.RaftServerConfigKeys (ConfUtils.java:logGet(43)) - raft.server.log.write.buffer.size = 33554432 (custom)
2019-09-25 05:06:12,072 [pool-67-thread-1] INFO  server.RaftServerConfigKeys (ConfUtils.java:logGet(43)) - raft.server.log.force.sync.num = 128 (default)
2019-09-25 05:06:12,072 [pool-67-thread-1] INFO  server.RaftServerConfigKeys (ConfUtils.java:logGet(43)) - raft.server.log.statemachine.data.sync = true (default)
2019-09-25 05:06:12,072 [pool-67-thread-1] INFO  server.RaftServerConfigKeys (ConfUtils.java:logGet(43)) - raft.server.log.statemachine.data.sync.timeout = 10s (default)
2019-09-25 05:06:12,072 [pool-67-thread-1] INFO  server.RaftServerConfigKeys (ConfUtils.java:logGet(43)) - raft.server.log.statemachine.data.sync.timeout.retry = -1 (default)
2019-09-25 05:06:12,073 [pool-67-thread-1] INFO  server.RaftServerConfigKeys (ConfUtils.java:logGet(43)) - raft.server.log.statemachine.data.caching.enabled = true (custom)
2019-09-25 05:06:12,073 [pool-67-thread-1] INFO  segmented.SegmentedRaftLogWorker (SegmentedRaftLogWorker.java:lambda$new$0(132)) - 692224c4-5202-4921-98cc-04d5c60c79cc@group-6FAF7513986D-SegmentedRaftLogWorker: flushIndex: setUnconditionally 0 -> -1
2019-09-25 05:06:12,073 [pool-67-thread-1] INFO  server.RaftServerConfigKeys (ConfUtils.java:logGet(43)) - raft.server.snapshot.auto.trigger.enabled = true (custom)
2019-09-25 05:06:12,073 [pool-67-thread-1] INFO  server.RaftServerConfigKeys (ConfUtils.java:logGet(43)) - raft.server.snapshot.auto.trigger.threshold = 10000 (custom)
2019-09-25 05:06:12,073 [pool-67-thread-1] INFO  server.RaftServerConfigKeys (ConfUtils.java:logGet(43)) - raft.server.snapshot.retention.num.files = 5 (custom)
2019-09-25 05:06:12,073 [pool-67-thread-1] INFO  server.RaftServerConfigKeys (ConfUtils.java:logGet(43)) - raft.server.retrycache.expirytime = 600000ms (custom)
2019-09-25 05:06:12,075 [pool-67-thread-1] INFO  impl.RaftServerImpl (RaftServerImpl.java:start(185)) - 692224c4-5202-4921-98cc-04d5c60c79cc@group-6FAF7513986D: start as a follower, conf=-1: [692224c4-5202-4921-98cc-04d5c60c79cc:192.168.30.10:38144], old=null
2019-09-25 05:06:12,075 [pool-67-thread-1] INFO  impl.RaftServerImpl (RaftServerImpl.java:setRole(174)) - 692224c4-5202-4921-98cc-04d5c60c79cc@group-6FAF7513986D: changes role from      null to FOLLOWER at term 0 for startAsFollower
2019-09-25 05:06:12,075 [pool-67-thread-1] INFO  impl.RoleInfo (RoleInfo.java:updateAndGet(143)) - 692224c4-5202-4921-98cc-04d5c60c79cc: start FollowerState
2019-09-25 05:06:12,075 [pool-67-thread-1] INFO  util.JmxRegister (JmxRegister.java:tryRegister(44)) - Successfully registered JMX Bean with object name Ratis:service=RaftServer,group=group-6FAF7513986D,id=692224c4-5202-4921-98cc-04d5c60c79cc
2019-09-25 05:06:12,078 [RatisPipelineUtilsThread] INFO  pipeline.PipelineStateManager (PipelineStateManager.java:addPipeline(56)) - Created pipeline Pipeline[ Id: 2da0cde6-e5ca-485e-8960-6faf7513986d, Nodes: 692224c4-5202-4921-98cc-04d5c60c79cc{ip: 192.168.30.10, host: pr-hdds-1569-s62bp-3040748787, networkLocation: /default-rack, certSerialId: null}, Type:RATIS, Factor:ONE, State:OPEN]
2019-09-25 05:06:12,083 [grpc-default-executor-0] INFO  impl.RaftServerProxy (RaftServerProxy.java:addNew(89)) - 56396258-65a3-478c-9482-0be0199dd49c: addNew group-B8772713F5C4:[56396258-65a3-478c-9482-0be0199dd49c:192.168.30.10:41678] returns group-B8772713F5C4:java.util.concurrent.CompletableFuture@53402220[Not completed]
2019-09-25 05:06:12,084 [pool-87-thread-1] INFO  impl.RaftServerImpl (RaftServerImpl.java:<init>(95)) - 56396258-65a3-478c-9482-0be0199dd49c: new RaftServerImpl for group-B8772713F5C4:[56396258-65a3-478c-9482-0be0199dd49c:192.168.30.10:41678] with ContainerStateMachine:uninitialized
2019-09-25 05:06:12,085 [pool-87-thread-1] INFO  server.RaftServerConfigKeys (ConfUtils.java:logGet(43)) - raft.server.rpc.timeout.min = 5s (custom)
2019-09-25 05:06:12,085 [pool-87-thread-1] INFO  server.RaftServerConfigKeys (ConfUtils.java:logGet(43)) - raft.server.rpc.timeout.max = 5200ms (custom)
2019-09-25 05:06:12,085 [pool-87-thread-1] INFO  server.RaftServerConfigKeys (ConfUtils.java:logGet(43)) - raft.server.rpcslowness.timeout = 120s (custom)
2019-09-25 05:06:12,085 [pool-87-thread-1] INFO  server.RaftServerConfigKeys (ConfUtils.java:logGet(43)) - raft.server.sleep.deviation.threshold = 300 (default)
2019-09-25 05:06:12,085 [pool-87-thread-1] INFO  server.RaftServerConfigKeys (ConfUtils.java:logGet(43)) - raft.server.log.appender.install.snapshot.enabled = false (custom)
2019-09-25 05:06:12,085 [pool-87-thread-1] INFO  impl.RaftServerImpl (ServerState.java:<init>(103)) - 56396258-65a3-478c-9482-0be0199dd49c@group-B8772713F5C4: ConfigurationManager, init=-1: [56396258-65a3-478c-9482-0be0199dd49c:192.168.30.10:41678], old=null, confs=<EMPTY_MAP>
2019-09-25 05:06:12,086 [pool-87-thread-1] INFO  server.RaftServerConfigKeys (ConfUtils.java:logGet(43)) - raft.server.storage.dir = [/workdir/hadoop-ozone/integration-test/target/test-dir/MiniOzoneClusterImpl-23306158-e895-4fc7-80df-ce6c264c388b/datanode-6/data/ratis] (custom)
2019-09-25 05:06:12,086 [pool-87-thread-1] INFO  storage.RaftStorageDirectory (RaftStorageDirectory.java:analyzeStorage(246)) - The storage directory /workdir/hadoop-ozone/integration-test/target/test-dir/MiniOzoneClusterImpl-23306158-e895-4fc7-80df-ce6c264c388b/datanode-6/data/ratis/0e7ebc83-4b3b-4f5e-92b6-b8772713f5c4 does not exist. Creating ...
2019-09-25 05:06:12,099 [pool-87-thread-1] INFO  storage.RaftStorageDirectory (RaftStorageDirectory.java:tryLock(328)) - Lock on /workdir/hadoop-ozone/integration-test/target/test-dir/MiniOzoneClusterImpl-23306158-e895-4fc7-80df-ce6c264c388b/datanode-6/data/ratis/0e7ebc83-4b3b-4f5e-92b6-b8772713f5c4/in_use.lock acquired by nodename 25526@pr-hdds-1569-s62bp-3040748787
2019-09-25 05:06:12,112 [pool-87-thread-1] INFO  storage.RaftStorage (RaftStorage.java:format(72)) - Storage directory /workdir/hadoop-ozone/integration-test/target/test-dir/MiniOzoneClusterImpl-23306158-e895-4fc7-80df-ce6c264c388b/datanode-6/data/ratis/0e7ebc83-4b3b-4f5e-92b6-b8772713f5c4 has been successfully formatted.
2019-09-25 05:06:12,113 [pool-87-thread-1] INFO  ratis.ContainerStateMachine (ContainerStateMachine.java:loadSnapshot(230)) - group-B8772713F5C4: The snapshot info is null. Setting the last applied indexto:(t:0, i:~)
2019-09-25 05:06:12,113 [pool-87-thread-1] INFO  server.RaftServerConfigKeys (ConfUtils.java:logGet(43)) - raft.server.notification.no-leader.timeout = 120s (custom)
2019-09-25 05:06:12,113 [pool-87-thread-1] INFO  server.RaftServerConfigKeys (ConfUtils.java:logGet(43)) - raft.server.log.use.memory = false (default)
2019-09-25 05:06:12,113 [pool-87-thread-1] INFO  server.RaftServerConfigKeys (ConfUtils.java:logGet(43)) - raft.server.log.purge.gap = 1000000 (custom)
2019-09-25 05:06:12,113 [pool-87-thread-1] INFO  server.RaftServerConfigKeys (ConfUtils.java:logGet(43)) - raft.server.log.appender.buffer.byte-limit = 33554432 (custom)
2019-09-25 05:06:12,113 [pool-87-thread-1] INFO  server.RaftServerConfigKeys (ConfUtils.java:logGet(43)) - raft.server.log.segment.size.max = 1048576 (custom)
2019-09-25 05:06:12,114 [pool-87-thread-1] INFO  server.RaftServerConfigKeys (ConfUtils.java:logGet(43)) - raft.server.log.segment.cache.num.max = 2 (custom)
2019-09-25 05:06:12,114 [pool-87-thread-1] INFO  segmented.SegmentedRaftLogWorker (SegmentedRaftLogWorker.java:<init>(172)) - new 56396258-65a3-478c-9482-0be0199dd49c@group-B8772713F5C4-SegmentedRaftLogWorker for RaftStorage:Storage Directory /workdir/hadoop-ozone/integration-test/target/test-dir/MiniOzoneClusterImpl-23306158-e895-4fc7-80df-ce6c264c388b/datanode-6/data/ratis/0e7ebc83-4b3b-4f5e-92b6-b8772713f5c4
2019-09-25 05:06:12,114 [pool-87-thread-1] INFO  server.RaftServerConfigKeys (ConfUtils.java:logGet(43)) - raft.server.log.queue.byte-limit = 2147483647 (custom)
2019-09-25 05:06:12,114 [pool-87-thread-1] INFO  server.RaftServerConfigKeys (ConfUtils.java:logGet(43)) - raft.server.log.queue.element-limit = 1024 (custom)
2019-09-25 05:06:12,114 [pool-87-thread-1] INFO  server.RaftServerConfigKeys (ConfUtils.java:logGet(43)) - raft.server.log.segment.size.max = 1048576 (custom)
2019-09-25 05:06:12,114 [pool-87-thread-1] INFO  server.RaftServerConfigKeys (ConfUtils.java:logGet(43)) - raft.server.log.preallocated.size = 16384 (custom)
2019-09-25 05:06:12,115 [pool-87-thread-1] INFO  server.RaftServerConfigKeys (ConfUtils.java:logGet(43)) - raft.server.log.write.buffer.size = 33554432 (custom)
2019-09-25 05:06:12,115 [pool-87-thread-1] INFO  server.RaftServerConfigKeys (ConfUtils.java:logGet(43)) - raft.server.log.force.sync.num = 128 (default)
2019-09-25 05:06:12,115 [pool-87-thread-1] INFO  server.RaftServerConfigKeys (ConfUtils.java:logGet(43)) - raft.server.log.statemachine.data.sync = true (default)
2019-09-25 05:06:12,115 [pool-87-thread-1] INFO  server.RaftServerConfigKeys (ConfUtils.java:logGet(43)) - raft.server.log.statemachine.data.sync.timeout = 10s (default)
2019-09-25 05:06:12,115 [pool-87-thread-1] INFO  server.RaftServerConfigKeys (ConfUtils.java:logGet(43)) - raft.server.log.statemachine.data.sync.timeout.retry = -1 (default)
2019-09-25 05:06:12,115 [pool-87-thread-1] INFO  server.RaftServerConfigKeys (ConfUtils.java:logGet(43)) - raft.server.log.statemachine.data.caching.enabled = true (custom)
2019-09-25 05:06:12,116 [pool-87-thread-1] INFO  segmented.SegmentedRaftLogWorker (SegmentedRaftLogWorker.java:lambda$new$0(132)) - 56396258-65a3-478c-9482-0be0199dd49c@group-B8772713F5C4-SegmentedRaftLogWorker: flushIndex: setUnconditionally 0 -> -1
2019-09-25 05:06:12,116 [pool-87-thread-1] INFO  server.RaftServerConfigKeys (ConfUtils.java:logGet(43)) - raft.server.snapshot.auto.trigger.enabled = true (custom)
2019-09-25 05:06:12,116 [pool-87-thread-1] INFO  server.RaftServerConfigKeys (ConfUtils.java:logGet(43)) - raft.server.snapshot.auto.trigger.threshold = 10000 (custom)
2019-09-25 05:06:12,116 [pool-87-thread-1] INFO  server.RaftServerConfigKeys (ConfUtils.java:logGet(43)) - raft.server.snapshot.retention.num.files = 5 (custom)
2019-09-25 05:06:12,117 [pool-87-thread-1] INFO  server.RaftServerConfigKeys (ConfUtils.java:logGet(43)) - raft.server.retrycache.expirytime = 600000ms (custom)
2019-09-25 05:06:12,119 [pool-87-thread-1] INFO  impl.RaftServerImpl (RaftServerImpl.java:start(185)) - 56396258-65a3-478c-9482-0be0199dd49c@group-B8772713F5C4: start as a follower, conf=-1: [56396258-65a3-478c-9482-0be0199dd49c:192.168.30.10:41678], old=null
2019-09-25 05:06:12,119 [pool-87-thread-1] INFO  impl.RaftServerImpl (RaftServerImpl.java:setRole(174)) - 56396258-65a3-478c-9482-0be0199dd49c@group-B8772713F5C4: changes role from      null to FOLLOWER at term 0 for startAsFollower
2019-09-25 05:06:12,119 [pool-87-thread-1] INFO  impl.RoleInfo (RoleInfo.java:updateAndGet(143)) - 56396258-65a3-478c-9482-0be0199dd49c: start FollowerState
2019-09-25 05:06:12,120 [pool-87-thread-1] INFO  util.JmxRegister (JmxRegister.java:tryRegister(44)) - Successfully registered JMX Bean with object name Ratis:service=RaftServer,group=group-B8772713F5C4,id=56396258-65a3-478c-9482-0be0199dd49c
2019-09-25 05:06:12,122 [RatisPipelineUtilsThread] INFO  pipeline.PipelineStateManager (PipelineStateManager.java:addPipeline(56)) - Created pipeline Pipeline[ Id: 0e7ebc83-4b3b-4f5e-92b6-b8772713f5c4, Nodes: 56396258-65a3-478c-9482-0be0199dd49c{ip: 192.168.30.10, host: pr-hdds-1569-s62bp-3040748787, networkLocation: /default-rack, certSerialId: null}, Type:RATIS, Factor:ONE, State:OPEN]
2019-09-25 05:06:12,127 [grpc-default-executor-0] INFO  impl.RaftServerProxy (RaftServerProxy.java:addNew(89)) - c8798e02-7f0c-41f7-82c2-a17323bcf21e: addNew group-D18EEAF46E97:[c8798e02-7f0c-41f7-82c2-a17323bcf21e:192.168.30.10:40603] returns group-D18EEAF46E97:java.util.concurrent.CompletableFuture@55680855[Not completed]
2019-09-25 05:06:12,128 [pool-47-thread-1] INFO  impl.RaftServerImpl (RaftServerImpl.java:<init>(95)) - c8798e02-7f0c-41f7-82c2-a17323bcf21e: new RaftServerImpl for group-D18EEAF46E97:[c8798e02-7f0c-41f7-82c2-a17323bcf21e:192.168.30.10:40603] with ContainerStateMachine:uninitialized
2019-09-25 05:06:12,128 [pool-47-thread-1] INFO  server.RaftServerConfigKeys (ConfUtils.java:logGet(43)) - raft.server.rpc.timeout.min = 5s (custom)
2019-09-25 05:06:12,129 [pool-47-thread-1] INFO  server.RaftServerConfigKeys (ConfUtils.java:logGet(43)) - raft.server.rpc.timeout.max = 5200ms (custom)
2019-09-25 05:06:12,129 [pool-47-thread-1] INFO  server.RaftServerConfigKeys (ConfUtils.java:logGet(43)) - raft.server.rpcslowness.timeout = 120s (custom)
2019-09-25 05:06:12,129 [pool-47-thread-1] INFO  server.RaftServerConfigKeys (ConfUtils.java:logGet(43)) - raft.server.sleep.deviation.threshold = 300 (default)
2019-09-25 05:06:12,129 [pool-47-thread-1] INFO  server.RaftServerConfigKeys (ConfUtils.java:logGet(43)) - raft.server.log.appender.install.snapshot.enabled = false (custom)
2019-09-25 05:06:12,129 [pool-47-thread-1] INFO  impl.RaftServerImpl (ServerState.java:<init>(103)) - c8798e02-7f0c-41f7-82c2-a17323bcf21e@group-D18EEAF46E97: ConfigurationManager, init=-1: [c8798e02-7f0c-41f7-82c2-a17323bcf21e:192.168.30.10:40603], old=null, confs=<EMPTY_MAP>
2019-09-25 05:06:12,129 [pool-47-thread-1] INFO  server.RaftServerConfigKeys (ConfUtils.java:logGet(43)) - raft.server.storage.dir = [/workdir/hadoop-ozone/integration-test/target/test-dir/MiniOzoneClusterImpl-23306158-e895-4fc7-80df-ce6c264c388b/datanode-2/data/ratis] (custom)
2019-09-25 05:06:12,130 [pool-47-thread-1] INFO  storage.RaftStorageDirectory (RaftStorageDirectory.java:analyzeStorage(246)) - The storage directory /workdir/hadoop-ozone/integration-test/target/test-dir/MiniOzoneClusterImpl-23306158-e895-4fc7-80df-ce6c264c388b/datanode-2/data/ratis/57687187-fa8e-46c4-8b3c-d18eeaf46e97 does not exist. Creating ...
2019-09-25 05:06:12,130 [56396258-65a3-478c-9482-0be0199dd49c@group-0AB9C729307E-SegmentedRaftLogWorker] INFO  segmented.SegmentedRaftLogWorker (SegmentedRaftLogWorker.java:execute(569)) - 56396258-65a3-478c-9482-0be0199dd49c@group-0AB9C729307E-SegmentedRaftLogWorker: created new log segment /workdir/hadoop-ozone/integration-test/target/test-dir/MiniOzoneClusterImpl-23306158-e895-4fc7-80df-ce6c264c388b/datanode-6/data/ratis/f61987c8-06e7-4a4e-98c5-0ab9c729307e/current/log_inprogress_0
2019-09-25 05:06:12,130 [f77bfc29-6991-4b1d-a503-f706c83de4fc@group-7144C9B9FADE-SegmentedRaftLogWorker] INFO  segmented.SegmentedRaftLogWorker (SegmentedRaftLogWorker.java:execute(569)) - f77bfc29-6991-4b1d-a503-f706c83de4fc@group-7144C9B9FADE-SegmentedRaftLogWorker: created new log segment /workdir/hadoop-ozone/integration-test/target/test-dir/MiniOzoneClusterImpl-23306158-e895-4fc7-80df-ce6c264c388b/datanode-0/data/ratis/dd97580f-89aa-435a-b6d3-7144c9b9fade/current/log_inprogress_0
2019-09-25 05:06:12,132 [pool-47-thread-1] INFO  storage.RaftStorageDirectory (RaftStorageDirectory.java:tryLock(328)) - Lock on /workdir/hadoop-ozone/integration-test/target/test-dir/MiniOzoneClusterImpl-23306158-e895-4fc7-80df-ce6c264c388b/datanode-2/data/ratis/57687187-fa8e-46c4-8b3c-d18eeaf46e97/in_use.lock acquired by nodename 25526@pr-hdds-1569-s62bp-3040748787
2019-09-25 05:06:12,134 [Thread-246] INFO  impl.FollowerState (FollowerState.java:run(106)) - b4fa7d23-6606-45fd-9544-2b08ca3fa933:group-70A7EE5CCF13 changes to CANDIDATE, lastRpcTime:5072, electionTimeout:5072ms
2019-09-25 05:06:12,134 [Thread-246] INFO  impl.RoleInfo (RoleInfo.java:shutdownFollowerState(121)) - b4fa7d23-6606-45fd-9544-2b08ca3fa933: shutdown FollowerState
2019-09-25 05:06:12,134 [Thread-246] INFO  impl.RaftServerImpl (RaftServerImpl.java:setRole(174)) - b4fa7d23-6606-45fd-9544-2b08ca3fa933@group-70A7EE5CCF13: changes role from  FOLLOWER to CANDIDATE at term 0 for changeToCandidate
2019-09-25 05:06:12,134 [Thread-246] INFO  impl.RoleInfo (RoleInfo.java:updateAndGet(143)) - b4fa7d23-6606-45fd-9544-2b08ca3fa933: start LeaderElection
2019-09-25 05:06:12,151 [pool-47-thread-1] INFO  storage.RaftStorage (RaftStorage.java:format(72)) - Storage directory /workdir/hadoop-ozone/integration-test/target/test-dir/MiniOzoneClusterImpl-23306158-e895-4fc7-80df-ce6c264c388b/datanode-2/data/ratis/57687187-fa8e-46c4-8b3c-d18eeaf46e97 has been successfully formatted.
2019-09-25 05:06:12,152 [b4fa7d23-6606-45fd-9544-2b08ca3fa933@group-70A7EE5CCF13:LeaderElection3] INFO  impl.LeaderElection (LeaderElection.java:askForVotes(182)) - b4fa7d23-6606-45fd-9544-2b08ca3fa933@group-70A7EE5CCF13:LeaderElection3: begin an election at term 1 for -1: [b4fa7d23-6606-45fd-9544-2b08ca3fa933:192.168.30.10:34493], old=null
2019-09-25 05:06:12,152 [pool-47-thread-1] INFO  ratis.ContainerStateMachine (ContainerStateMachine.java:loadSnapshot(230)) - group-D18EEAF46E97: The snapshot info is null. Setting the last applied indexto:(t:0, i:~)
2019-09-25 05:06:12,152 [b4fa7d23-6606-45fd-9544-2b08ca3fa933@group-70A7EE5CCF13:LeaderElection3] INFO  impl.RoleInfo (RoleInfo.java:shutdownLeaderElection(134)) - b4fa7d23-6606-45fd-9544-2b08ca3fa933: shutdown LeaderElection
2019-09-25 05:06:12,152 [pool-47-thread-1] INFO  server.RaftServerConfigKeys (ConfUtils.java:logGet(43)) - raft.server.notification.no-leader.timeout = 120s (custom)
2019-09-25 05:06:12,152 [b4fa7d23-6606-45fd-9544-2b08ca3fa933@group-70A7EE5CCF13:LeaderElection3] INFO  impl.RaftServerImpl (RaftServerImpl.java:setRole(174)) - b4fa7d23-6606-45fd-9544-2b08ca3fa933@group-70A7EE5CCF13: changes role from CANDIDATE to LEADER at term 1 for changeToLeader
2019-09-25 05:06:12,152 [pool-47-thread-1] INFO  server.RaftServerConfigKeys (ConfUtils.java:logGet(43)) - raft.server.log.use.memory = false (default)
2019-09-25 05:06:12,152 [b4fa7d23-6606-45fd-9544-2b08ca3fa933@group-70A7EE5CCF13:LeaderElection3] INFO  impl.RaftServerImpl (ServerState.java:setLeader(253)) - b4fa7d23-6606-45fd-9544-2b08ca3fa933@group-70A7EE5CCF13: change Leader from null to b4fa7d23-6606-45fd-9544-2b08ca3fa933 at term 1 for becomeLeader, leader elected after 5135ms
2019-09-25 05:06:12,152 [pool-47-thread-1] INFO  server.RaftServerConfigKeys (ConfUtils.java:logGet(43)) - raft.server.log.purge.gap = 1000000 (custom)
2019-09-25 05:06:12,155 [b4fa7d23-6606-45fd-9544-2b08ca3fa933@group-70A7EE5CCF13:LeaderElection3] INFO  server.RaftServerConfigKeys (ConfUtils.java:logGet(43)) - raft.server.staging.catchup.gap = 1000 (default)
2019-09-25 05:06:12,155 [pool-47-thread-1] INFO  server.RaftServerConfigKeys (ConfUtils.java:logGet(43)) - raft.server.log.appender.buffer.byte-limit = 33554432 (custom)
2019-09-25 05:06:12,155 [b4fa7d23-6606-45fd-9544-2b08ca3fa933@group-70A7EE5CCF13:LeaderElection3] INFO  server.RaftServerConfigKeys (ConfUtils.java:logGet(43)) - raft.server.rpc.sleep.time = 25ms (default)
2019-09-25 05:06:12,155 [pool-47-thread-1] INFO  server.RaftServerConfigKeys (ConfUtils.java:logGet(43)) - raft.server.log.segment.size.max = 1048576 (custom)
2019-09-25 05:06:12,156 [b4fa7d23-6606-45fd-9544-2b08ca3fa933@group-70A7EE5CCF13:LeaderElection3] INFO  server.RaftServerConfigKeys (ConfUtils.java:logGet(43)) - raft.server.write.element-limit = 4096 (default)
2019-09-25 05:06:12,156 [pool-47-thread-1] INFO  server.RaftServerConfigKeys (ConfUtils.java:logGet(43)) - raft.server.log.segment.cache.num.max = 2 (custom)
2019-09-25 05:06:12,156 [b4fa7d23-6606-45fd-9544-2b08ca3fa933@group-70A7EE5CCF13:LeaderElection3] INFO  server.RaftServerConfigKeys (ConfUtils.java:logGet(43)) - raft.server.watch.timeout = 10s (default)
2019-09-25 05:06:12,156 [pool-47-thread-1] INFO  segmented.SegmentedRaftLogWorker (SegmentedRaftLogWorker.java:<init>(172)) - new c8798e02-7f0c-41f7-82c2-a17323bcf21e@group-D18EEAF46E97-SegmentedRaftLogWorker for RaftStorage:Storage Directory /workdir/hadoop-ozone/integration-test/target/test-dir/MiniOzoneClusterImpl-23306158-e895-4fc7-80df-ce6c264c388b/datanode-2/data/ratis/57687187-fa8e-46c4-8b3c-d18eeaf46e97
2019-09-25 05:06:12,156 [b4fa7d23-6606-45fd-9544-2b08ca3fa933@group-70A7EE5CCF13:LeaderElection3] INFO  server.RaftServerConfigKeys (ConfUtils.java:logGet(43)) - raft.server.watch.timeout.denomination = 1s (default)
2019-09-25 05:06:12,157 [pool-47-thread-1] INFO  server.RaftServerConfigKeys (ConfUtils.java:logGet(43)) - raft.server.log.queue.byte-limit = 2147483647 (custom)
2019-09-25 05:06:12,157 [b4fa7d23-6606-45fd-9544-2b08ca3fa933@group-70A7EE5CCF13:LeaderElection3] INFO  server.RaftServerConfigKeys (ConfUtils.java:logGet(43)) - raft.server.watch.element-limit = 65536 (default)
2019-09-25 05:06:12,157 [pool-47-thread-1] INFO  server.RaftServerConfigKeys (ConfUtils.java:logGet(43)) - raft.server.log.queue.element-limit = 1024 (custom)
2019-09-25 05:06:12,157 [pool-47-thread-1] INFO  server.RaftServerConfigKeys (ConfUtils.java:logGet(43)) - raft.server.log.segment.size.max = 1048576 (custom)
2019-09-25 05:06:12,157 [pool-47-thread-1] INFO  server.RaftServerConfigKeys (ConfUtils.java:logGet(43)) - raft.server.log.preallocated.size = 16384 (custom)
2019-09-25 05:06:12,158 [pool-47-thread-1] INFO  server.RaftServerConfigKeys (ConfUtils.java:logGet(43)) - raft.server.log.write.buffer.size = 33554432 (custom)
2019-09-25 05:06:12,158 [pool-47-thread-1] INFO  server.RaftServerConfigKeys (ConfUtils.java:logGet(43)) - raft.server.log.force.sync.num = 128 (default)
2019-09-25 05:06:12,158 [pool-47-thread-1] INFO  server.RaftServerConfigKeys (ConfUtils.java:logGet(43)) - raft.server.log.statemachine.data.sync = true (default)
2019-09-25 05:06:12,158 [pool-47-thread-1] INFO  server.RaftServerConfigKeys (ConfUtils.java:logGet(43)) - raft.server.log.statemachine.data.sync.timeout = 10s (default)
2019-09-25 05:06:12,158 [pool-47-thread-1] INFO  server.RaftServerConfigKeys (ConfUtils.java:logGet(43)) - raft.server.log.statemachine.data.sync.timeout.retry = -1 (default)
2019-09-25 05:06:12,158 [pool-47-thread-1] INFO  server.RaftServerConfigKeys (ConfUtils.java:logGet(43)) - raft.server.log.statemachine.data.caching.enabled = true (custom)
2019-09-25 05:06:12,159 [pool-47-thread-1] INFO  segmented.SegmentedRaftLogWorker (SegmentedRaftLogWorker.java:lambda$new$0(132)) - c8798e02-7f0c-41f7-82c2-a17323bcf21e@group-D18EEAF46E97-SegmentedRaftLogWorker: flushIndex: setUnconditionally 0 -> -1
2019-09-25 05:06:12,159 [pool-47-thread-1] INFO  server.RaftServerConfigKeys (ConfUtils.java:logGet(43)) - raft.server.snapshot.auto.trigger.enabled = true (custom)
2019-09-25 05:06:12,159 [pool-47-thread-1] INFO  server.RaftServerConfigKeys (ConfUtils.java:logGet(43)) - raft.server.snapshot.auto.trigger.threshold = 10000 (custom)
2019-09-25 05:06:12,159 [pool-47-thread-1] INFO  server.RaftServerConfigKeys (ConfUtils.java:logGet(43)) - raft.server.snapshot.retention.num.files = 5 (custom)
2019-09-25 05:06:12,159 [pool-47-thread-1] INFO  server.RaftServerConfigKeys (ConfUtils.java:logGet(43)) - raft.server.retrycache.expirytime = 600000ms (custom)
2019-09-25 05:06:12,161 [b4fa7d23-6606-45fd-9544-2b08ca3fa933@group-70A7EE5CCF13:LeaderElection3] INFO  impl.RoleInfo (RoleInfo.java:updateAndGet(143)) - b4fa7d23-6606-45fd-9544-2b08ca3fa933: start LeaderState
2019-09-25 05:06:12,161 [b4fa7d23-6606-45fd-9544-2b08ca3fa933@group-70A7EE5CCF13:LeaderElection3] INFO  segmented.SegmentedRaftLogWorker (SegmentedRaftLogWorker.java:startLogSegment(380)) - b4fa7d23-6606-45fd-9544-2b08ca3fa933@group-70A7EE5CCF13-SegmentedRaftLogWorker: Starting segment from index:0
2019-09-25 05:06:12,162 [b4fa7d23-6606-45fd-9544-2b08ca3fa933@group-70A7EE5CCF13:LeaderElection3] INFO  impl.RaftServerImpl (ServerState.java:setRaftConf(354)) - b4fa7d23-6606-45fd-9544-2b08ca3fa933@group-70A7EE5CCF13: set configuration 0: [b4fa7d23-6606-45fd-9544-2b08ca3fa933:192.168.30.10:34493], old=null at 0
2019-09-25 05:06:12,190 [pool-47-thread-1] INFO  impl.RaftServerImpl (RaftServerImpl.java:start(185)) - c8798e02-7f0c-41f7-82c2-a17323bcf21e@group-D18EEAF46E97: start as a follower, conf=-1: [c8798e02-7f0c-41f7-82c2-a17323bcf21e:192.168.30.10:40603], old=null
2019-09-25 05:06:12,190 [pool-47-thread-1] INFO  impl.RaftServerImpl (RaftServerImpl.java:setRole(174)) - c8798e02-7f0c-41f7-82c2-a17323bcf21e@group-D18EEAF46E97: changes role from      null to FOLLOWER at term 0 for startAsFollower
2019-09-25 05:06:12,190 [pool-47-thread-1] INFO  impl.RoleInfo (RoleInfo.java:updateAndGet(143)) - c8798e02-7f0c-41f7-82c2-a17323bcf21e: start FollowerState
2019-09-25 05:06:12,191 [pool-47-thread-1] INFO  util.JmxRegister (JmxRegister.java:tryRegister(44)) - Successfully registered JMX Bean with object name Ratis:service=RaftServer,group=group-D18EEAF46E97,id=c8798e02-7f0c-41f7-82c2-a17323bcf21e
2019-09-25 05:06:12,193 [RatisPipelineUtilsThread] INFO  pipeline.PipelineStateManager (PipelineStateManager.java:addPipeline(56)) - Created pipeline Pipeline[ Id: 57687187-fa8e-46c4-8b3c-d18eeaf46e97, Nodes: c8798e02-7f0c-41f7-82c2-a17323bcf21e{ip: 192.168.30.10, host: pr-hdds-1569-s62bp-3040748787, networkLocation: /default-rack, certSerialId: null}, Type:RATIS, Factor:ONE, State:OPEN]
2019-09-25 05:06:12,199 [grpc-default-executor-0] INFO  impl.RaftServerProxy (RaftServerProxy.java:addNew(89)) - 36ac27b3-2f11-437d-8f1f-165306b0ff4a: addNew group-855BA6FF8840:[36ac27b3-2f11-437d-8f1f-165306b0ff4a:192.168.30.10:45265] returns group-855BA6FF8840:java.util.concurrent.CompletableFuture@13920aa6[Not completed]
2019-09-25 05:06:12,200 [pool-37-thread-1] INFO  impl.RaftServerImpl (RaftServerImpl.java:<init>(95)) - 36ac27b3-2f11-437d-8f1f-165306b0ff4a: new RaftServerImpl for group-855BA6FF8840:[36ac27b3-2f11-437d-8f1f-165306b0ff4a:192.168.30.10:45265] with ContainerStateMachine:uninitialized
2019-09-25 05:06:12,201 [pool-37-thread-1] INFO  server.RaftServerConfigKeys (ConfUtils.java:logGet(43)) - raft.server.rpc.timeout.min = 5s (custom)
2019-09-25 05:06:12,201 [pool-37-thread-1] INFO  server.RaftServerConfigKeys (ConfUtils.java:logGet(43)) - raft.server.rpc.timeout.max = 5200ms (custom)
2019-09-25 05:06:12,201 [pool-37-thread-1] INFO  server.RaftServerConfigKeys (ConfUtils.java:logGet(43)) - raft.server.rpcslowness.timeout = 120s (custom)
2019-09-25 05:06:12,201 [pool-37-thread-1] INFO  server.RaftServerConfigKeys (ConfUtils.java:logGet(43)) - raft.server.sleep.deviation.threshold = 300 (default)
2019-09-25 05:06:12,201 [pool-37-thread-1] INFO  server.RaftServerConfigKeys (ConfUtils.java:logGet(43)) - raft.server.log.appender.install.snapshot.enabled = false (custom)
2019-09-25 05:06:12,201 [pool-37-thread-1] INFO  impl.RaftServerImpl (ServerState.java:<init>(103)) - 36ac27b3-2f11-437d-8f1f-165306b0ff4a@group-855BA6FF8840: ConfigurationManager, init=-1: [36ac27b3-2f11-437d-8f1f-165306b0ff4a:192.168.30.10:45265], old=null, confs=<EMPTY_MAP>
2019-09-25 05:06:12,202 [pool-37-thread-1] INFO  server.RaftServerConfigKeys (ConfUtils.java:logGet(43)) - raft.server.storage.dir = [/workdir/hadoop-ozone/integration-test/target/test-dir/MiniOzoneClusterImpl-23306158-e895-4fc7-80df-ce6c264c388b/datanode-1/data/ratis] (custom)
2019-09-25 05:06:12,202 [b4fa7d23-6606-45fd-9544-2b08ca3fa933@group-70A7EE5CCF13-SegmentedRaftLogWorker] INFO  segmented.SegmentedRaftLogWorker (SegmentedRaftLogWorker.java:execute(569)) - b4fa7d23-6606-45fd-9544-2b08ca3fa933@group-70A7EE5CCF13-SegmentedRaftLogWorker: created new log segment /workdir/hadoop-ozone/integration-test/target/test-dir/MiniOzoneClusterImpl-23306158-e895-4fc7-80df-ce6c264c388b/datanode-5/data/ratis/39f1c3be-0852-44a3-8a03-70a7ee5ccf13/current/log_inprogress_0
2019-09-25 05:06:12,202 [pool-37-thread-1] INFO  storage.RaftStorageDirectory (RaftStorageDirectory.java:analyzeStorage(246)) - The storage directory /workdir/hadoop-ozone/integration-test/target/test-dir/MiniOzoneClusterImpl-23306158-e895-4fc7-80df-ce6c264c388b/datanode-1/data/ratis/7cd3dab0-1284-45b1-9c14-855ba6ff8840 does not exist. Creating ...
2019-09-25 05:06:12,245 [pool-37-thread-1] INFO  storage.RaftStorageDirectory (RaftStorageDirectory.java:tryLock(328)) - Lock on /workdir/hadoop-ozone/integration-test/target/test-dir/MiniOzoneClusterImpl-23306158-e895-4fc7-80df-ce6c264c388b/datanode-1/data/ratis/7cd3dab0-1284-45b1-9c14-855ba6ff8840/in_use.lock acquired by nodename 25526@pr-hdds-1569-s62bp-3040748787
2019-09-25 05:06:12,259 [pool-37-thread-1] INFO  storage.RaftStorage (RaftStorage.java:format(72)) - Storage directory /workdir/hadoop-ozone/integration-test/target/test-dir/MiniOzoneClusterImpl-23306158-e895-4fc7-80df-ce6c264c388b/datanode-1/data/ratis/7cd3dab0-1284-45b1-9c14-855ba6ff8840 has been successfully formatted.
2019-09-25 05:06:12,260 [pool-37-thread-1] INFO  ratis.ContainerStateMachine (ContainerStateMachine.java:loadSnapshot(230)) - group-855BA6FF8840: The snapshot info is null. Setting the last applied indexto:(t:0, i:~)
2019-09-25 05:06:12,260 [pool-37-thread-1] INFO  server.RaftServerConfigKeys (ConfUtils.java:logGet(43)) - raft.server.notification.no-leader.timeout = 120s (custom)
2019-09-25 05:06:12,260 [pool-37-thread-1] INFO  server.RaftServerConfigKeys (ConfUtils.java:logGet(43)) - raft.server.log.use.memory = false (default)
2019-09-25 05:06:12,260 [pool-37-thread-1] INFO  server.RaftServerConfigKeys (ConfUtils.java:logGet(43)) - raft.server.log.purge.gap = 1000000 (custom)
2019-09-25 05:06:12,260 [pool-37-thread-1] INFO  server.RaftServerConfigKeys (ConfUtils.java:logGet(43)) - raft.server.log.appender.buffer.byte-limit = 33554432 (custom)
2019-09-25 05:06:12,261 [pool-37-thread-1] INFO  server.RaftServerConfigKeys (ConfUtils.java:logGet(43)) - raft.server.log.segment.size.max = 1048576 (custom)
2019-09-25 05:06:12,261 [pool-37-thread-1] INFO  server.RaftServerConfigKeys (ConfUtils.java:logGet(43)) - raft.server.log.segment.cache.num.max = 2 (custom)
2019-09-25 05:06:12,261 [pool-37-thread-1] INFO  segmented.SegmentedRaftLogWorker (SegmentedRaftLogWorker.java:<init>(172)) - new 36ac27b3-2f11-437d-8f1f-165306b0ff4a@group-855BA6FF8840-SegmentedRaftLogWorker for RaftStorage:Storage Directory /workdir/hadoop-ozone/integration-test/target/test-dir/MiniOzoneClusterImpl-23306158-e895-4fc7-80df-ce6c264c388b/datanode-1/data/ratis/7cd3dab0-1284-45b1-9c14-855ba6ff8840
2019-09-25 05:06:12,261 [pool-37-thread-1] INFO  server.RaftServerConfigKeys (ConfUtils.java:logGet(43)) - raft.server.log.queue.byte-limit = 2147483647 (custom)
2019-09-25 05:06:12,261 [pool-37-thread-1] INFO  server.RaftServerConfigKeys (ConfUtils.java:logGet(43)) - raft.server.log.queue.element-limit = 1024 (custom)
2019-09-25 05:06:12,262 [pool-37-thread-1] INFO  server.RaftServerConfigKeys (ConfUtils.java:logGet(43)) - raft.server.log.segment.size.max = 1048576 (custom)
2019-09-25 05:06:12,262 [pool-37-thread-1] INFO  server.RaftServerConfigKeys (ConfUtils.java:logGet(43)) - raft.server.log.preallocated.size = 16384 (custom)
2019-09-25 05:06:12,262 [pool-37-thread-1] INFO  server.RaftServerConfigKeys (ConfUtils.java:logGet(43)) - raft.server.log.write.buffer.size = 33554432 (custom)
2019-09-25 05:06:12,262 [pool-37-thread-1] INFO  server.RaftServerConfigKeys (ConfUtils.java:logGet(43)) - raft.server.log.force.sync.num = 128 (default)
2019-09-25 05:06:12,262 [pool-37-thread-1] INFO  server.RaftServerConfigKeys (ConfUtils.java:logGet(43)) - raft.server.log.statemachine.data.sync = true (default)
2019-09-25 05:06:12,262 [pool-37-thread-1] INFO  server.RaftServerConfigKeys (ConfUtils.java:logGet(43)) - raft.server.log.statemachine.data.sync.timeout = 10s (default)
2019-09-25 05:06:12,263 [pool-37-thread-1] INFO  server.RaftServerConfigKeys (ConfUtils.java:logGet(43)) - raft.server.log.statemachine.data.sync.timeout.retry = -1 (default)
2019-09-25 05:06:12,263 [pool-37-thread-1] INFO  server.RaftServerConfigKeys (ConfUtils.java:logGet(43)) - raft.server.log.statemachine.data.caching.enabled = true (custom)
2019-09-25 05:06:12,263 [pool-37-thread-1] INFO  segmented.SegmentedRaftLogWorker (SegmentedRaftLogWorker.java:lambda$new$0(132)) - 36ac27b3-2f11-437d-8f1f-165306b0ff4a@group-855BA6FF8840-SegmentedRaftLogWorker: flushIndex: setUnconditionally 0 -> -1
2019-09-25 05:06:12,264 [pool-37-thread-1] INFO  server.RaftServerConfigKeys (ConfUtils.java:logGet(43)) - raft.server.snapshot.auto.trigger.enabled = true (custom)
2019-09-25 05:06:12,264 [pool-37-thread-1] INFO  server.RaftServerConfigKeys (ConfUtils.java:logGet(43)) - raft.server.snapshot.auto.trigger.threshold = 10000 (custom)
2019-09-25 05:06:12,264 [pool-37-thread-1] INFO  server.RaftServerConfigKeys (ConfUtils.java:logGet(43)) - raft.server.snapshot.retention.num.files = 5 (custom)
2019-09-25 05:06:12,264 [pool-37-thread-1] INFO  server.RaftServerConfigKeys (ConfUtils.java:logGet(43)) - raft.server.retrycache.expirytime = 600000ms (custom)
2019-09-25 05:06:12,267 [pool-37-thread-1] INFO  impl.RaftServerImpl (RaftServerImpl.java:start(185)) - 36ac27b3-2f11-437d-8f1f-165306b0ff4a@group-855BA6FF8840: start as a follower, conf=-1: [36ac27b3-2f11-437d-8f1f-165306b0ff4a:192.168.30.10:45265], old=null
2019-09-25 05:06:12,267 [pool-37-thread-1] INFO  impl.RaftServerImpl (RaftServerImpl.java:setRole(174)) - 36ac27b3-2f11-437d-8f1f-165306b0ff4a@group-855BA6FF8840: changes role from      null to FOLLOWER at term 0 for startAsFollower
2019-09-25 05:06:12,268 [pool-37-thread-1] INFO  impl.RoleInfo (RoleInfo.java:updateAndGet(143)) - 36ac27b3-2f11-437d-8f1f-165306b0ff4a: start FollowerState
2019-09-25 05:06:12,268 [pool-37-thread-1] INFO  util.JmxRegister (JmxRegister.java:tryRegister(44)) - Successfully registered JMX Bean with object name Ratis:service=RaftServer,group=group-855BA6FF8840,id=36ac27b3-2f11-437d-8f1f-165306b0ff4a
2019-09-25 05:06:12,271 [RatisPipelineUtilsThread] INFO  pipeline.PipelineStateManager (PipelineStateManager.java:addPipeline(56)) - Created pipeline Pipeline[ Id: 7cd3dab0-1284-45b1-9c14-855ba6ff8840, Nodes: 36ac27b3-2f11-437d-8f1f-165306b0ff4a{ip: 192.168.30.10, host: pr-hdds-1569-s62bp-3040748787, networkLocation: /default-rack, certSerialId: null}, Type:RATIS, Factor:ONE, State:OPEN]
2019-09-25 05:06:12,278 [grpc-default-executor-0] INFO  impl.RaftServerProxy (RaftServerProxy.java:addNew(89)) - c8798e02-7f0c-41f7-82c2-a17323bcf21e: addNew group-7F09E26EF688:[c8798e02-7f0c-41f7-82c2-a17323bcf21e:192.168.30.10:40603] returns group-7F09E26EF688:java.util.concurrent.CompletableFuture@64b7875f[Not completed]
2019-09-25 05:06:12,280 [pool-47-thread-1] INFO  impl.RaftServerImpl (RaftServerImpl.java:<init>(95)) - c8798e02-7f0c-41f7-82c2-a17323bcf21e: new RaftServerImpl for group-7F09E26EF688:[c8798e02-7f0c-41f7-82c2-a17323bcf21e:192.168.30.10:40603] with ContainerStateMachine:uninitialized
2019-09-25 05:06:12,280 [pool-47-thread-1] INFO  server.RaftServerConfigKeys (ConfUtils.java:logGet(43)) - raft.server.rpc.timeout.min = 5s (custom)
2019-09-25 05:06:12,280 [pool-47-thread-1] INFO  server.RaftServerConfigKeys (ConfUtils.java:logGet(43)) - raft.server.rpc.timeout.max = 5200ms (custom)
2019-09-25 05:06:12,281 [pool-47-thread-1] INFO  server.RaftServerConfigKeys (ConfUtils.java:logGet(43)) - raft.server.rpcslowness.timeout = 120s (custom)
2019-09-25 05:06:12,281 [pool-47-thread-1] INFO  server.RaftServerConfigKeys (ConfUtils.java:logGet(43)) - raft.server.sleep.deviation.threshold = 300 (default)
2019-09-25 05:06:12,281 [pool-47-thread-1] INFO  server.RaftServerConfigKeys (ConfUtils.java:logGet(43)) - raft.server.log.appender.install.snapshot.enabled = false (custom)
2019-09-25 05:06:12,281 [pool-47-thread-1] INFO  impl.RaftServerImpl (ServerState.java:<init>(103)) - c8798e02-7f0c-41f7-82c2-a17323bcf21e@group-7F09E26EF688: ConfigurationManager, init=-1: [c8798e02-7f0c-41f7-82c2-a17323bcf21e:192.168.30.10:40603], old=null, confs=<EMPTY_MAP>
2019-09-25 05:06:12,281 [pool-47-thread-1] INFO  server.RaftServerConfigKeys (ConfUtils.java:logGet(43)) - raft.server.storage.dir = [/workdir/hadoop-ozone/integration-test/target/test-dir/MiniOzoneClusterImpl-23306158-e895-4fc7-80df-ce6c264c388b/datanode-2/data/ratis] (custom)
2019-09-25 05:06:12,282 [pool-47-thread-1] INFO  storage.RaftStorageDirectory (RaftStorageDirectory.java:analyzeStorage(246)) - The storage directory /workdir/hadoop-ozone/integration-test/target/test-dir/MiniOzoneClusterImpl-23306158-e895-4fc7-80df-ce6c264c388b/datanode-2/data/ratis/9b8cc2e5-609a-4b56-b94b-7f09e26ef688 does not exist. Creating ...
2019-09-25 05:06:12,295 [pool-47-thread-1] INFO  storage.RaftStorageDirectory (RaftStorageDirectory.java:tryLock(328)) - Lock on /workdir/hadoop-ozone/integration-test/target/test-dir/MiniOzoneClusterImpl-23306158-e895-4fc7-80df-ce6c264c388b/datanode-2/data/ratis/9b8cc2e5-609a-4b56-b94b-7f09e26ef688/in_use.lock acquired by nodename 25526@pr-hdds-1569-s62bp-3040748787
2019-09-25 05:06:12,300 [Thread-249] INFO  impl.FollowerState (FollowerState.java:run(106)) - 36ac27b3-2f11-437d-8f1f-165306b0ff4a:group-8681168FE507 changes to CANDIDATE, lastRpcTime:5139, electionTimeout:5139ms
2019-09-25 05:06:12,301 [Thread-249] INFO  impl.RoleInfo (RoleInfo.java:shutdownFollowerState(121)) - 36ac27b3-2f11-437d-8f1f-165306b0ff4a: shutdown FollowerState
2019-09-25 05:06:12,301 [Thread-249] INFO  impl.RaftServerImpl (RaftServerImpl.java:setRole(174)) - 36ac27b3-2f11-437d-8f1f-165306b0ff4a@group-8681168FE507: changes role from  FOLLOWER to CANDIDATE at term 0 for changeToCandidate
2019-09-25 05:06:12,301 [Thread-249] INFO  impl.RoleInfo (RoleInfo.java:updateAndGet(143)) - 36ac27b3-2f11-437d-8f1f-165306b0ff4a: start LeaderElection
2019-09-25 05:06:12,308 [pool-47-thread-1] INFO  storage.RaftStorage (RaftStorage.java:format(72)) - Storage directory /workdir/hadoop-ozone/integration-test/target/test-dir/MiniOzoneClusterImpl-23306158-e895-4fc7-80df-ce6c264c388b/datanode-2/data/ratis/9b8cc2e5-609a-4b56-b94b-7f09e26ef688 has been successfully formatted.
2019-09-25 05:06:12,308 [pool-47-thread-1] INFO  ratis.ContainerStateMachine (ContainerStateMachine.java:loadSnapshot(230)) - group-7F09E26EF688: The snapshot info is null. Setting the last applied indexto:(t:0, i:~)
2019-09-25 05:06:12,308 [pool-47-thread-1] INFO  server.RaftServerConfigKeys (ConfUtils.java:logGet(43)) - raft.server.notification.no-leader.timeout = 120s (custom)
2019-09-25 05:06:12,309 [pool-47-thread-1] INFO  server.RaftServerConfigKeys (ConfUtils.java:logGet(43)) - raft.server.log.use.memory = false (default)
2019-09-25 05:06:12,309 [pool-47-thread-1] INFO  server.RaftServerConfigKeys (ConfUtils.java:logGet(43)) - raft.server.log.purge.gap = 1000000 (custom)
2019-09-25 05:06:12,309 [pool-47-thread-1] INFO  server.RaftServerConfigKeys (ConfUtils.java:logGet(43)) - raft.server.log.appender.buffer.byte-limit = 33554432 (custom)
2019-09-25 05:06:12,309 [pool-47-thread-1] INFO  server.RaftServerConfigKeys (ConfUtils.java:logGet(43)) - raft.server.log.segment.size.max = 1048576 (custom)
2019-09-25 05:06:12,309 [pool-47-thread-1] INFO  server.RaftServerConfigKeys (ConfUtils.java:logGet(43)) - raft.server.log.segment.cache.num.max = 2 (custom)
2019-09-25 05:06:12,309 [pool-47-thread-1] INFO  segmented.SegmentedRaftLogWorker (SegmentedRaftLogWorker.java:<init>(172)) - new c8798e02-7f0c-41f7-82c2-a17323bcf21e@group-7F09E26EF688-SegmentedRaftLogWorker for RaftStorage:Storage Directory /workdir/hadoop-ozone/integration-test/target/test-dir/MiniOzoneClusterImpl-23306158-e895-4fc7-80df-ce6c264c388b/datanode-2/data/ratis/9b8cc2e5-609a-4b56-b94b-7f09e26ef688
2019-09-25 05:06:12,310 [pool-47-thread-1] INFO  server.RaftServerConfigKeys (ConfUtils.java:logGet(43)) - raft.server.log.queue.byte-limit = 2147483647 (custom)
2019-09-25 05:06:12,310 [36ac27b3-2f11-437d-8f1f-165306b0ff4a@group-8681168FE507:LeaderElection4] INFO  impl.LeaderElection (LeaderElection.java:askForVotes(182)) - 36ac27b3-2f11-437d-8f1f-165306b0ff4a@group-8681168FE507:LeaderElection4: begin an election at term 1 for -1: [36ac27b3-2f11-437d-8f1f-165306b0ff4a:192.168.30.10:45265], old=null
2019-09-25 05:06:12,310 [pool-47-thread-1] INFO  server.RaftServerConfigKeys (ConfUtils.java:logGet(43)) - raft.server.log.queue.element-limit = 1024 (custom)
2019-09-25 05:06:12,310 [36ac27b3-2f11-437d-8f1f-165306b0ff4a@group-8681168FE507:LeaderElection4] INFO  impl.RoleInfo (RoleInfo.java:shutdownLeaderElection(134)) - 36ac27b3-2f11-437d-8f1f-165306b0ff4a: shutdown LeaderElection
2019-09-25 05:06:12,310 [pool-47-thread-1] INFO  server.RaftServerConfigKeys (ConfUtils.java:logGet(43)) - raft.server.log.segment.size.max = 1048576 (custom)
2019-09-25 05:06:12,310 [36ac27b3-2f11-437d-8f1f-165306b0ff4a@group-8681168FE507:LeaderElection4] INFO  impl.RaftServerImpl (RaftServerImpl.java:setRole(174)) - 36ac27b3-2f11-437d-8f1f-165306b0ff4a@group-8681168FE507: changes role from CANDIDATE to LEADER at term 1 for changeToLeader
2019-09-25 05:06:12,311 [pool-47-thread-1] INFO  server.RaftServerConfigKeys (ConfUtils.java:logGet(43)) - raft.server.log.preallocated.size = 16384 (custom)
2019-09-25 05:06:12,311 [36ac27b3-2f11-437d-8f1f-165306b0ff4a@group-8681168FE507:LeaderElection4] INFO  impl.RaftServerImpl (ServerState.java:setLeader(253)) - 36ac27b3-2f11-437d-8f1f-165306b0ff4a@group-8681168FE507: change Leader from null to 36ac27b3-2f11-437d-8f1f-165306b0ff4a at term 1 for becomeLeader, leader elected after 5169ms
2019-09-25 05:06:12,311 [pool-47-thread-1] INFO  server.RaftServerConfigKeys (ConfUtils.java:logGet(43)) - raft.server.log.write.buffer.size = 33554432 (custom)
2019-09-25 05:06:12,313 [36ac27b3-2f11-437d-8f1f-165306b0ff4a@group-8681168FE507:LeaderElection4] INFO  server.RaftServerConfigKeys (ConfUtils.java:logGet(43)) - raft.server.staging.catchup.gap = 1000 (default)
2019-09-25 05:06:12,313 [pool-47-thread-1] INFO  server.RaftServerConfigKeys (ConfUtils.java:logGet(43)) - raft.server.log.force.sync.num = 128 (default)
2019-09-25 05:06:12,313 [36ac27b3-2f11-437d-8f1f-165306b0ff4a@group-8681168FE507:LeaderElection4] INFO  server.RaftServerConfigKeys (ConfUtils.java:logGet(43)) - raft.server.rpc.sleep.time = 25ms (default)
2019-09-25 05:06:12,313 [pool-47-thread-1] INFO  server.RaftServerConfigKeys (ConfUtils.java:logGet(43)) - raft.server.log.statemachine.data.sync = true (default)
2019-09-25 05:06:12,313 [36ac27b3-2f11-437d-8f1f-165306b0ff4a@group-8681168FE507:LeaderElection4] INFO  server.RaftServerConfigKeys (ConfUtils.java:logGet(43)) - raft.server.write.element-limit = 4096 (default)
2019-09-25 05:06:12,313 [pool-47-thread-1] INFO  server.RaftServerConfigKeys (ConfUtils.java:logGet(43)) - raft.server.log.statemachine.data.sync.timeout = 10s (default)
2019-09-25 05:06:12,314 [36ac27b3-2f11-437d-8f1f-165306b0ff4a@group-8681168FE507:LeaderElection4] INFO  server.RaftServerConfigKeys (ConfUtils.java:logGet(43)) - raft.server.watch.timeout = 10s (default)
2019-09-25 05:06:12,314 [pool-47-thread-1] INFO  server.RaftServerConfigKeys (ConfUtils.java:logGet(43)) - raft.server.log.statemachine.data.sync.timeout.retry = -1 (default)
2019-09-25 05:06:12,314 [36ac27b3-2f11-437d-8f1f-165306b0ff4a@group-8681168FE507:LeaderElection4] INFO  server.RaftServerConfigKeys (ConfUtils.java:logGet(43)) - raft.server.watch.timeout.denomination = 1s (default)
2019-09-25 05:06:12,314 [pool-47-thread-1] INFO  server.RaftServerConfigKeys (ConfUtils.java:logGet(43)) - raft.server.log.statemachine.data.caching.enabled = true (custom)
2019-09-25 05:06:12,314 [36ac27b3-2f11-437d-8f1f-165306b0ff4a@group-8681168FE507:LeaderElection4] INFO  server.RaftServerConfigKeys (ConfUtils.java:logGet(43)) - raft.server.watch.element-limit = 65536 (default)
2019-09-25 05:06:12,315 [pool-47-thread-1] INFO  segmented.SegmentedRaftLogWorker (SegmentedRaftLogWorker.java:lambda$new$0(132)) - c8798e02-7f0c-41f7-82c2-a17323bcf21e@group-7F09E26EF688-SegmentedRaftLogWorker: flushIndex: setUnconditionally 0 -> -1
2019-09-25 05:06:12,315 [pool-47-thread-1] INFO  server.RaftServerConfigKeys (ConfUtils.java:logGet(43)) - raft.server.snapshot.auto.trigger.enabled = true (custom)
2019-09-25 05:06:12,315 [pool-47-thread-1] INFO  server.RaftServerConfigKeys (ConfUtils.java:logGet(43)) - raft.server.snapshot.auto.trigger.threshold = 10000 (custom)
2019-09-25 05:06:12,315 [pool-47-thread-1] INFO  server.RaftServerConfigKeys (ConfUtils.java:logGet(43)) - raft.server.snapshot.retention.num.files = 5 (custom)
2019-09-25 05:06:12,316 [pool-47-thread-1] INFO  server.RaftServerConfigKeys (ConfUtils.java:logGet(43)) - raft.server.retrycache.expirytime = 600000ms (custom)
2019-09-25 05:06:12,318 [36ac27b3-2f11-437d-8f1f-165306b0ff4a@group-8681168FE507:LeaderElection4] INFO  impl.RoleInfo (RoleInfo.java:updateAndGet(143)) - 36ac27b3-2f11-437d-8f1f-165306b0ff4a: start LeaderState
2019-09-25 05:06:12,318 [36ac27b3-2f11-437d-8f1f-165306b0ff4a@group-8681168FE507:LeaderElection4] INFO  segmented.SegmentedRaftLogWorker (SegmentedRaftLogWorker.java:startLogSegment(380)) - 36ac27b3-2f11-437d-8f1f-165306b0ff4a@group-8681168FE507-SegmentedRaftLogWorker: Starting segment from index:0
2019-09-25 05:06:12,318 [36ac27b3-2f11-437d-8f1f-165306b0ff4a@group-8681168FE507:LeaderElection4] INFO  impl.RaftServerImpl (ServerState.java:setRaftConf(354)) - 36ac27b3-2f11-437d-8f1f-165306b0ff4a@group-8681168FE507: set configuration 0: [36ac27b3-2f11-437d-8f1f-165306b0ff4a:192.168.30.10:45265], old=null at 0
2019-09-25 05:06:12,357 [Thread-252] INFO  impl.FollowerState (FollowerState.java:run(106)) - 692224c4-5202-4921-98cc-04d5c60c79cc:group-14A5A3D2B63A changes to CANDIDATE, lastRpcTime:5098, electionTimeout:5082ms
2019-09-25 05:06:12,357 [Thread-252] INFO  impl.RoleInfo (RoleInfo.java:shutdownFollowerState(121)) - 692224c4-5202-4921-98cc-04d5c60c79cc: shutdown FollowerState
2019-09-25 05:06:12,357 [Thread-252] INFO  impl.RaftServerImpl (RaftServerImpl.java:setRole(174)) - 692224c4-5202-4921-98cc-04d5c60c79cc@group-14A5A3D2B63A: changes role from  FOLLOWER to CANDIDATE at term 0 for changeToCandidate
2019-09-25 05:06:12,358 [Thread-252] INFO  impl.RoleInfo (RoleInfo.java:updateAndGet(143)) - 692224c4-5202-4921-98cc-04d5c60c79cc: start LeaderElection
2019-09-25 05:06:12,360 [pool-47-thread-1] INFO  impl.RaftServerImpl (RaftServerImpl.java:start(185)) - c8798e02-7f0c-41f7-82c2-a17323bcf21e@group-7F09E26EF688: start as a follower, conf=-1: [c8798e02-7f0c-41f7-82c2-a17323bcf21e:192.168.30.10:40603], old=null
2019-09-25 05:06:12,363 [pool-47-thread-1] INFO  impl.RaftServerImpl (RaftServerImpl.java:setRole(174)) - c8798e02-7f0c-41f7-82c2-a17323bcf21e@group-7F09E26EF688: changes role from      null to FOLLOWER at term 0 for startAsFollower
2019-09-25 05:06:12,364 [pool-47-thread-1] INFO  impl.RoleInfo (RoleInfo.java:updateAndGet(143)) - c8798e02-7f0c-41f7-82c2-a17323bcf21e: start FollowerState
2019-09-25 05:06:12,364 [pool-47-thread-1] INFO  util.JmxRegister (JmxRegister.java:tryRegister(44)) - Successfully registered JMX Bean with object name Ratis:service=RaftServer,group=group-7F09E26EF688,id=c8798e02-7f0c-41f7-82c2-a17323bcf21e
2019-09-25 05:06:12,367 [RatisPipelineUtilsThread] INFO  pipeline.PipelineStateManager (PipelineStateManager.java:addPipeline(56)) - Created pipeline Pipeline[ Id: 9b8cc2e5-609a-4b56-b94b-7f09e26ef688, Nodes: c8798e02-7f0c-41f7-82c2-a17323bcf21e{ip: 192.168.30.10, host: pr-hdds-1569-s62bp-3040748787, networkLocation: /default-rack, certSerialId: null}, Type:RATIS, Factor:ONE, State:OPEN]
2019-09-25 05:06:12,370 [36ac27b3-2f11-437d-8f1f-165306b0ff4a@group-8681168FE507-SegmentedRaftLogWorker] INFO  segmented.SegmentedRaftLogWorker (SegmentedRaftLogWorker.java:execute(569)) - 36ac27b3-2f11-437d-8f1f-165306b0ff4a@group-8681168FE507-SegmentedRaftLogWorker: created new log segment /workdir/hadoop-ozone/integration-test/target/test-dir/MiniOzoneClusterImpl-23306158-e895-4fc7-80df-ce6c264c388b/datanode-1/data/ratis/67953f00-b5b0-4f98-b13d-8681168fe507/current/log_inprogress_0
2019-09-25 05:06:12,370 [692224c4-5202-4921-98cc-04d5c60c79cc@group-14A5A3D2B63A:LeaderElection5] INFO  impl.LeaderElection (LeaderElection.java:askForVotes(182)) - 692224c4-5202-4921-98cc-04d5c60c79cc@group-14A5A3D2B63A:LeaderElection5: begin an election at term 1 for -1: [692224c4-5202-4921-98cc-04d5c60c79cc:192.168.30.10:38144], old=null
2019-09-25 05:06:12,370 [692224c4-5202-4921-98cc-04d5c60c79cc@group-14A5A3D2B63A:LeaderElection5] INFO  impl.RoleInfo (RoleInfo.java:shutdownLeaderElection(134)) - 692224c4-5202-4921-98cc-04d5c60c79cc: shutdown LeaderElection
2019-09-25 05:06:12,370 [692224c4-5202-4921-98cc-04d5c60c79cc@group-14A5A3D2B63A:LeaderElection5] INFO  impl.RaftServerImpl (RaftServerImpl.java:setRole(174)) - 692224c4-5202-4921-98cc-04d5c60c79cc@group-14A5A3D2B63A: changes role from CANDIDATE to LEADER at term 1 for changeToLeader
2019-09-25 05:06:12,370 [692224c4-5202-4921-98cc-04d5c60c79cc@group-14A5A3D2B63A:LeaderElection5] INFO  impl.RaftServerImpl (ServerState.java:setLeader(253)) - 692224c4-5202-4921-98cc-04d5c60c79cc@group-14A5A3D2B63A: change Leader from null to 692224c4-5202-4921-98cc-04d5c60c79cc at term 1 for becomeLeader, leader elected after 5127ms
2019-09-25 05:06:12,372 [692224c4-5202-4921-98cc-04d5c60c79cc@group-14A5A3D2B63A:LeaderElection5] INFO  server.RaftServerConfigKeys (ConfUtils.java:logGet(43)) - raft.server.staging.catchup.gap = 1000 (default)
2019-09-25 05:06:12,372 [692224c4-5202-4921-98cc-04d5c60c79cc@group-14A5A3D2B63A:LeaderElection5] INFO  server.RaftServerConfigKeys (ConfUtils.java:logGet(43)) - raft.server.rpc.sleep.time = 25ms (default)
2019-09-25 05:06:12,373 [692224c4-5202-4921-98cc-04d5c60c79cc@group-14A5A3D2B63A:LeaderElection5] INFO  server.RaftServerConfigKeys (ConfUtils.java:logGet(43)) - raft.server.write.element-limit = 4096 (default)
2019-09-25 05:06:12,373 [692224c4-5202-4921-98cc-04d5c60c79cc@group-14A5A3D2B63A:LeaderElection5] INFO  server.RaftServerConfigKeys (ConfUtils.java:logGet(43)) - raft.server.watch.timeout = 10s (default)
2019-09-25 05:06:12,373 [692224c4-5202-4921-98cc-04d5c60c79cc@group-14A5A3D2B63A:LeaderElection5] INFO  server.RaftServerConfigKeys (ConfUtils.java:logGet(43)) - raft.server.watch.timeout.denomination = 1s (default)
2019-09-25 05:06:12,373 [692224c4-5202-4921-98cc-04d5c60c79cc@group-14A5A3D2B63A:LeaderElection5] INFO  server.RaftServerConfigKeys (ConfUtils.java:logGet(43)) - raft.server.watch.element-limit = 65536 (default)
2019-09-25 05:06:12,374 [grpc-default-executor-0] INFO  impl.RaftServerProxy (RaftServerProxy.java:addNew(89)) - 692224c4-5202-4921-98cc-04d5c60c79cc: addNew group-671CE9E71498:[692224c4-5202-4921-98cc-04d5c60c79cc:192.168.30.10:38144] returns group-671CE9E71498:java.util.concurrent.CompletableFuture@2da43fde[Not completed]
2019-09-25 05:06:12,376 [692224c4-5202-4921-98cc-04d5c60c79cc@group-14A5A3D2B63A:LeaderElection5] INFO  impl.RoleInfo (RoleInfo.java:updateAndGet(143)) - 692224c4-5202-4921-98cc-04d5c60c79cc: start LeaderState
2019-09-25 05:06:12,376 [pool-67-thread-1] INFO  impl.RaftServerImpl (RaftServerImpl.java:<init>(95)) - 692224c4-5202-4921-98cc-04d5c60c79cc: new RaftServerImpl for group-671CE9E71498:[692224c4-5202-4921-98cc-04d5c60c79cc:192.168.30.10:38144] with ContainerStateMachine:uninitialized
2019-09-25 05:06:12,376 [692224c4-5202-4921-98cc-04d5c60c79cc@group-14A5A3D2B63A:LeaderElection5] INFO  segmented.SegmentedRaftLogWorker (SegmentedRaftLogWorker.java:startLogSegment(380)) - 692224c4-5202-4921-98cc-04d5c60c79cc@group-14A5A3D2B63A-SegmentedRaftLogWorker: Starting segment from index:0
2019-09-25 05:06:12,376 [pool-67-thread-1] INFO  server.RaftServerConfigKeys (ConfUtils.java:logGet(43)) - raft.server.rpc.timeout.min = 5s (custom)
2019-09-25 05:06:12,377 [pool-67-thread-1] INFO  server.RaftServerConfigKeys (ConfUtils.java:logGet(43)) - raft.server.rpc.timeout.max = 5200ms (custom)
2019-09-25 05:06:12,377 [pool-67-thread-1] INFO  server.RaftServerConfigKeys (ConfUtils.java:logGet(43)) - raft.server.rpcslowness.timeout = 120s (custom)
2019-09-25 05:06:12,377 [692224c4-5202-4921-98cc-04d5c60c79cc@group-14A5A3D2B63A:LeaderElection5] INFO  impl.RaftServerImpl (ServerState.java:setRaftConf(354)) - 692224c4-5202-4921-98cc-04d5c60c79cc@group-14A5A3D2B63A: set configuration 0: [692224c4-5202-4921-98cc-04d5c60c79cc:192.168.30.10:38144], old=null at 0
2019-09-25 05:06:12,377 [pool-67-thread-1] INFO  server.RaftServerConfigKeys (ConfUtils.java:logGet(43)) - raft.server.sleep.deviation.threshold = 300 (default)
2019-09-25 05:06:12,405 [pool-67-thread-1] INFO  server.RaftServerConfigKeys (ConfUtils.java:logGet(43)) - raft.server.log.appender.install.snapshot.enabled = false (custom)
2019-09-25 05:06:12,405 [pool-67-thread-1] INFO  impl.RaftServerImpl (ServerState.java:<init>(103)) - 692224c4-5202-4921-98cc-04d5c60c79cc@group-671CE9E71498: ConfigurationManager, init=-1: [692224c4-5202-4921-98cc-04d5c60c79cc:192.168.30.10:38144], old=null, confs=<EMPTY_MAP>
2019-09-25 05:06:12,405 [pool-67-thread-1] INFO  server.RaftServerConfigKeys (ConfUtils.java:logGet(43)) - raft.server.storage.dir = [/workdir/hadoop-ozone/integration-test/target/test-dir/MiniOzoneClusterImpl-23306158-e895-4fc7-80df-ce6c264c388b/datanode-4/data/ratis] (custom)
2019-09-25 05:06:12,406 [pool-67-thread-1] INFO  storage.RaftStorageDirectory (RaftStorageDirectory.java:analyzeStorage(246)) - The storage directory /workdir/hadoop-ozone/integration-test/target/test-dir/MiniOzoneClusterImpl-23306158-e895-4fc7-80df-ce6c264c388b/datanode-4/data/ratis/7844c68e-74d3-4e95-84b9-671ce9e71498 does not exist. Creating ...
2019-09-25 05:06:12,417 [pool-67-thread-1] INFO  storage.RaftStorageDirectory (RaftStorageDirectory.java:tryLock(328)) - Lock on /workdir/hadoop-ozone/integration-test/target/test-dir/MiniOzoneClusterImpl-23306158-e895-4fc7-80df-ce6c264c388b/datanode-4/data/ratis/7844c68e-74d3-4e95-84b9-671ce9e71498/in_use.lock acquired by nodename 25526@pr-hdds-1569-s62bp-3040748787
2019-09-25 05:06:12,417 [692224c4-5202-4921-98cc-04d5c60c79cc@group-14A5A3D2B63A-SegmentedRaftLogWorker] INFO  segmented.SegmentedRaftLogWorker (SegmentedRaftLogWorker.java:execute(569)) - 692224c4-5202-4921-98cc-04d5c60c79cc@group-14A5A3D2B63A-SegmentedRaftLogWorker: created new log segment /workdir/hadoop-ozone/integration-test/target/test-dir/MiniOzoneClusterImpl-23306158-e895-4fc7-80df-ce6c264c388b/datanode-4/data/ratis/0811e92c-e99c-4e3b-a434-14a5a3d2b63a/current/log_inprogress_0
2019-09-25 05:06:12,423 [Thread-255] INFO  impl.FollowerState (FollowerState.java:run(106)) - f77bfc29-6991-4b1d-a503-f706c83de4fc:group-D975513D96FD changes to CANDIDATE, lastRpcTime:5074, electionTimeout:5074ms
2019-09-25 05:06:12,423 [Thread-255] INFO  impl.RoleInfo (RoleInfo.java:shutdownFollowerState(121)) - f77bfc29-6991-4b1d-a503-f706c83de4fc: shutdown FollowerState
2019-09-25 05:06:12,423 [Thread-255] INFO  impl.RaftServerImpl (RaftServerImpl.java:setRole(174)) - f77bfc29-6991-4b1d-a503-f706c83de4fc@group-D975513D96FD: changes role from  FOLLOWER to CANDIDATE at term 0 for changeToCandidate
2019-09-25 05:06:12,424 [Thread-255] INFO  impl.RoleInfo (RoleInfo.java:updateAndGet(143)) - f77bfc29-6991-4b1d-a503-f706c83de4fc: start LeaderElection
2019-09-25 05:06:12,431 [pool-67-thread-1] INFO  storage.RaftStorage (RaftStorage.java:format(72)) - Storage directory /workdir/hadoop-ozone/integration-test/target/test-dir/MiniOzoneClusterImpl-23306158-e895-4fc7-80df-ce6c264c388b/datanode-4/data/ratis/7844c68e-74d3-4e95-84b9-671ce9e71498 has been successfully formatted.
2019-09-25 05:06:12,431 [pool-67-thread-1] INFO  ratis.ContainerStateMachine (ContainerStateMachine.java:loadSnapshot(230)) - group-671CE9E71498: The snapshot info is null. Setting the last applied indexto:(t:0, i:~)
2019-09-25 05:06:12,431 [pool-67-thread-1] INFO  server.RaftServerConfigKeys (ConfUtils.java:logGet(43)) - raft.server.notification.no-leader.timeout = 120s (custom)
2019-09-25 05:06:12,431 [pool-67-thread-1] INFO  server.RaftServerConfigKeys (ConfUtils.java:logGet(43)) - raft.server.log.use.memory = false (default)
2019-09-25 05:06:12,431 [pool-67-thread-1] INFO  server.RaftServerConfigKeys (ConfUtils.java:logGet(43)) - raft.server.log.purge.gap = 1000000 (custom)
2019-09-25 05:06:12,432 [pool-67-thread-1] INFO  server.RaftServerConfigKeys (ConfUtils.java:logGet(43)) - raft.server.log.appender.buffer.byte-limit = 33554432 (custom)
2019-09-25 05:06:12,432 [pool-67-thread-1] INFO  server.RaftServerConfigKeys (ConfUtils.java:logGet(43)) - raft.server.log.segment.size.max = 1048576 (custom)
2019-09-25 05:06:12,432 [pool-67-thread-1] INFO  server.RaftServerConfigKeys (ConfUtils.java:logGet(43)) - raft.server.log.segment.cache.num.max = 2 (custom)
2019-09-25 05:06:12,432 [Thread-258] INFO  impl.FollowerState (FollowerState.java:run(106)) - 692224c4-5202-4921-98cc-04d5c60c79cc:group-286D06C06270 changes to CANDIDATE, lastRpcTime:5011, electionTimeout:5011ms
2019-09-25 05:06:12,432 [pool-67-thread-1] INFO  segmented.SegmentedRaftLogWorker (SegmentedRaftLogWorker.java:<init>(172)) - new 692224c4-5202-4921-98cc-04d5c60c79cc@group-671CE9E71498-SegmentedRaftLogWorker for RaftStorage:Storage Directory /workdir/hadoop-ozone/integration-test/target/test-dir/MiniOzoneClusterImpl-23306158-e895-4fc7-80df-ce6c264c388b/datanode-4/data/ratis/7844c68e-74d3-4e95-84b9-671ce9e71498
2019-09-25 05:06:12,432 [Thread-258] INFO  impl.RoleInfo (RoleInfo.java:shutdownFollowerState(121)) - 692224c4-5202-4921-98cc-04d5c60c79cc: shutdown FollowerState
2019-09-25 05:06:12,432 [pool-67-thread-1] INFO  server.RaftServerConfigKeys (ConfUtils.java:logGet(43)) - raft.server.log.queue.byte-limit = 2147483647 (custom)
2019-09-25 05:06:12,433 [Thread-258] INFO  impl.RaftServerImpl (RaftServerImpl.java:setRole(174)) - 692224c4-5202-4921-98cc-04d5c60c79cc@group-286D06C06270: changes role from  FOLLOWER to CANDIDATE at term 0 for changeToCandidate
2019-09-25 05:06:12,433 [pool-67-thread-1] INFO  server.RaftServerConfigKeys (ConfUtils.java:logGet(43)) - raft.server.log.queue.element-limit = 1024 (custom)
2019-09-25 05:06:12,433 [f77bfc29-6991-4b1d-a503-f706c83de4fc@group-D975513D96FD:LeaderElection6] INFO  impl.LeaderElection (LeaderElection.java:askForVotes(182)) - f77bfc29-6991-4b1d-a503-f706c83de4fc@group-D975513D96FD:LeaderElection6: begin an election at term 1 for -1: [f77bfc29-6991-4b1d-a503-f706c83de4fc:192.168.30.10:35112], old=null
2019-09-25 05:06:12,433 [pool-67-thread-1] INFO  server.RaftServerConfigKeys (ConfUtils.java:logGet(43)) - raft.server.log.segment.size.max = 1048576 (custom)
2019-09-25 05:06:12,433 [pool-67-thread-1] INFO  server.RaftServerConfigKeys (ConfUtils.java:logGet(43)) - raft.server.log.preallocated.size = 16384 (custom)
2019-09-25 05:06:12,433 [Thread-258] INFO  impl.RoleInfo (RoleInfo.java:updateAndGet(143)) - 692224c4-5202-4921-98cc-04d5c60c79cc: start LeaderElection
2019-09-25 05:06:12,433 [pool-67-thread-1] INFO  server.RaftServerConfigKeys (ConfUtils.java:logGet(43)) - raft.server.log.write.buffer.size = 33554432 (custom)
2019-09-25 05:06:12,434 [pool-67-thread-1] INFO  server.RaftServerConfigKeys (ConfUtils.java:logGet(43)) - raft.server.log.force.sync.num = 128 (default)
2019-09-25 05:06:12,433 [f77bfc29-6991-4b1d-a503-f706c83de4fc@group-D975513D96FD:LeaderElection6] INFO  impl.RoleInfo (RoleInfo.java:shutdownLeaderElection(134)) - f77bfc29-6991-4b1d-a503-f706c83de4fc: shutdown LeaderElection
2019-09-25 05:06:12,437 [pool-67-thread-1] INFO  server.RaftServerConfigKeys (ConfUtils.java:logGet(43)) - raft.server.log.statemachine.data.sync = true (default)
2019-09-25 05:06:12,437 [f77bfc29-6991-4b1d-a503-f706c83de4fc@group-D975513D96FD:LeaderElection6] INFO  impl.RaftServerImpl (RaftServerImpl.java:setRole(174)) - f77bfc29-6991-4b1d-a503-f706c83de4fc@group-D975513D96FD: changes role from CANDIDATE to LEADER at term 1 for changeToLeader
2019-09-25 05:06:12,437 [pool-67-thread-1] INFO  server.RaftServerConfigKeys (ConfUtils.java:logGet(43)) - raft.server.log.statemachine.data.sync.timeout = 10s (default)
2019-09-25 05:06:12,437 [f77bfc29-6991-4b1d-a503-f706c83de4fc@group-D975513D96FD:LeaderElection6] INFO  impl.RaftServerImpl (ServerState.java:setLeader(253)) - f77bfc29-6991-4b1d-a503-f706c83de4fc@group-D975513D96FD: change Leader from null to f77bfc29-6991-4b1d-a503-f706c83de4fc at term 1 for becomeLeader, leader elected after 5100ms
2019-09-25 05:06:12,437 [pool-67-thread-1] INFO  server.RaftServerConfigKeys (ConfUtils.java:logGet(43)) - raft.server.log.statemachine.data.sync.timeout.retry = -1 (default)
2019-09-25 05:06:12,437 [f77bfc29-6991-4b1d-a503-f706c83de4fc@group-D975513D96FD:LeaderElection6] INFO  server.RaftServerConfigKeys (ConfUtils.java:logGet(43)) - raft.server.staging.catchup.gap = 1000 (default)
2019-09-25 05:06:12,438 [pool-67-thread-1] INFO  server.RaftServerConfigKeys (ConfUtils.java:logGet(43)) - raft.server.log.statemachine.data.caching.enabled = true (custom)
2019-09-25 05:06:12,438 [f77bfc29-6991-4b1d-a503-f706c83de4fc@group-D975513D96FD:LeaderElection6] INFO  server.RaftServerConfigKeys (ConfUtils.java:logGet(43)) - raft.server.rpc.sleep.time = 25ms (default)
2019-09-25 05:06:12,438 [f77bfc29-6991-4b1d-a503-f706c83de4fc@group-D975513D96FD:LeaderElection6] INFO  server.RaftServerConfigKeys (ConfUtils.java:logGet(43)) - raft.server.write.element-limit = 4096 (default)
2019-09-25 05:06:12,438 [pool-67-thread-1] INFO  segmented.SegmentedRaftLogWorker (SegmentedRaftLogWorker.java:lambda$new$0(132)) - 692224c4-5202-4921-98cc-04d5c60c79cc@group-671CE9E71498-SegmentedRaftLogWorker: flushIndex: setUnconditionally 0 -> -1
2019-09-25 05:06:12,438 [f77bfc29-6991-4b1d-a503-f706c83de4fc@group-D975513D96FD:LeaderElection6] INFO  server.RaftServerConfigKeys (ConfUtils.java:logGet(43)) - raft.server.watch.timeout = 10s (default)
2019-09-25 05:06:12,438 [f77bfc29-6991-4b1d-a503-f706c83de4fc@group-D975513D96FD:LeaderElection6] INFO  server.RaftServerConfigKeys (ConfUtils.java:logGet(43)) - raft.server.watch.timeout.denomination = 1s (default)
2019-09-25 05:06:12,439 [pool-67-thread-1] INFO  server.RaftServerConfigKeys (ConfUtils.java:logGet(43)) - raft.server.snapshot.auto.trigger.enabled = true (custom)
2019-09-25 05:06:12,439 [f77bfc29-6991-4b1d-a503-f706c83de4fc@group-D975513D96FD:LeaderElection6] INFO  server.RaftServerConfigKeys (ConfUtils.java:logGet(43)) - raft.server.watch.element-limit = 65536 (default)
2019-09-25 05:06:12,439 [pool-67-thread-1] INFO  server.RaftServerConfigKeys (ConfUtils.java:logGet(43)) - raft.server.snapshot.auto.trigger.threshold = 10000 (custom)
2019-09-25 05:06:12,439 [pool-67-thread-1] INFO  server.RaftServerConfigKeys (ConfUtils.java:logGet(43)) - raft.server.snapshot.retention.num.files = 5 (custom)
2019-09-25 05:06:12,439 [pool-67-thread-1] INFO  server.RaftServerConfigKeys (ConfUtils.java:logGet(43)) - raft.server.retrycache.expirytime = 600000ms (custom)
2019-09-25 05:06:12,442 [f77bfc29-6991-4b1d-a503-f706c83de4fc@group-D975513D96FD:LeaderElection6] INFO  impl.RoleInfo (RoleInfo.java:updateAndGet(143)) - f77bfc29-6991-4b1d-a503-f706c83de4fc: start LeaderState
2019-09-25 05:06:12,442 [pool-67-thread-1] INFO  impl.RaftServerImpl (RaftServerImpl.java:start(185)) - 692224c4-5202-4921-98cc-04d5c60c79cc@group-671CE9E71498: start as a follower, conf=-1: [692224c4-5202-4921-98cc-04d5c60c79cc:192.168.30.10:38144], old=null
2019-09-25 05:06:12,442 [f77bfc29-6991-4b1d-a503-f706c83de4fc@group-D975513D96FD:LeaderElection6] INFO  segmented.SegmentedRaftLogWorker (SegmentedRaftLogWorker.java:startLogSegment(380)) - f77bfc29-6991-4b1d-a503-f706c83de4fc@group-D975513D96FD-SegmentedRaftLogWorker: Starting segment from index:0
2019-09-25 05:06:12,443 [pool-67-thread-1] INFO  impl.RaftServerImpl (RaftServerImpl.java:setRole(174)) - 692224c4-5202-4921-98cc-04d5c60c79cc@group-671CE9E71498: changes role from      null to FOLLOWER at term 0 for startAsFollower
2019-09-25 05:06:12,443 [pool-67-thread-1] INFO  impl.RoleInfo (RoleInfo.java:updateAndGet(143)) - 692224c4-5202-4921-98cc-04d5c60c79cc: start FollowerState
2019-09-25 05:06:12,443 [f77bfc29-6991-4b1d-a503-f706c83de4fc@group-D975513D96FD:LeaderElection6] INFO  impl.RaftServerImpl (ServerState.java:setRaftConf(354)) - f77bfc29-6991-4b1d-a503-f706c83de4fc@group-D975513D96FD: set configuration 0: [f77bfc29-6991-4b1d-a503-f706c83de4fc:192.168.30.10:35112], old=null at 0
2019-09-25 05:06:12,443 [pool-67-thread-1] INFO  util.JmxRegister (JmxRegister.java:tryRegister(44)) - Successfully registered JMX Bean with object name Ratis:service=RaftServer,group=group-671CE9E71498,id=692224c4-5202-4921-98cc-04d5c60c79cc
2019-09-25 05:06:12,481 [692224c4-5202-4921-98cc-04d5c60c79cc@group-286D06C06270:LeaderElection7] INFO  impl.LeaderElection (LeaderElection.java:askForVotes(182)) - 692224c4-5202-4921-98cc-04d5c60c79cc@group-286D06C06270:LeaderElection7: begin an election at term 1 for -1: [692224c4-5202-4921-98cc-04d5c60c79cc:192.168.30.10:38144], old=null
2019-09-25 05:06:12,482 [692224c4-5202-4921-98cc-04d5c60c79cc@group-286D06C06270:LeaderElection7] INFO  impl.RoleInfo (RoleInfo.java:shutdownLeaderElection(134)) - 692224c4-5202-4921-98cc-04d5c60c79cc: shutdown LeaderElection
2019-09-25 05:06:12,482 [692224c4-5202-4921-98cc-04d5c60c79cc@group-286D06C06270:LeaderElection7] INFO  impl.RaftServerImpl (RaftServerImpl.java:setRole(174)) - 692224c4-5202-4921-98cc-04d5c60c79cc@group-286D06C06270: changes role from CANDIDATE to LEADER at term 1 for changeToLeader
2019-09-25 05:06:12,482 [692224c4-5202-4921-98cc-04d5c60c79cc@group-286D06C06270:LeaderElection7] INFO  impl.RaftServerImpl (ServerState.java:setLeader(253)) - 692224c4-5202-4921-98cc-04d5c60c79cc@group-286D06C06270: change Leader from null to 692224c4-5202-4921-98cc-04d5c60c79cc at term 1 for becomeLeader, leader elected after 5074ms
2019-09-25 05:06:12,482 [692224c4-5202-4921-98cc-04d5c60c79cc@group-286D06C06270:LeaderElection7] INFO  server.RaftServerConfigKeys (ConfUtils.java:logGet(43)) - raft.server.staging.catchup.gap = 1000 (default)
2019-09-25 05:06:12,482 [692224c4-5202-4921-98cc-04d5c60c79cc@group-286D06C06270:LeaderElection7] INFO  server.RaftServerConfigKeys (ConfUtils.java:logGet(43)) - raft.server.rpc.sleep.time = 25ms (default)
2019-09-25 05:06:12,482 [692224c4-5202-4921-98cc-04d5c60c79cc@group-286D06C06270:LeaderElection7] INFO  server.RaftServerConfigKeys (ConfUtils.java:logGet(43)) - raft.server.write.element-limit = 4096 (default)
2019-09-25 05:06:12,483 [692224c4-5202-4921-98cc-04d5c60c79cc@group-286D06C06270:LeaderElection7] INFO  server.RaftServerConfigKeys (ConfUtils.java:logGet(43)) - raft.server.watch.timeout = 10s (default)
2019-09-25 05:06:12,483 [692224c4-5202-4921-98cc-04d5c60c79cc@group-286D06C06270:LeaderElection7] INFO  server.RaftServerConfigKeys (ConfUtils.java:logGet(43)) - raft.server.watch.timeout.denomination = 1s (default)
2019-09-25 05:06:12,483 [692224c4-5202-4921-98cc-04d5c60c79cc@group-286D06C06270:LeaderElection7] INFO  server.RaftServerConfigKeys (ConfUtils.java:logGet(43)) - raft.server.watch.element-limit = 65536 (default)
2019-09-25 05:06:12,485 [RatisPipelineUtilsThread] INFO  pipeline.PipelineStateManager (PipelineStateManager.java:addPipeline(56)) - Created pipeline Pipeline[ Id: 7844c68e-74d3-4e95-84b9-671ce9e71498, Nodes: 692224c4-5202-4921-98cc-04d5c60c79cc{ip: 192.168.30.10, host: pr-hdds-1569-s62bp-3040748787, networkLocation: /default-rack, certSerialId: null}, Type:RATIS, Factor:ONE, State:OPEN]
2019-09-25 05:06:12,486 [692224c4-5202-4921-98cc-04d5c60c79cc@group-286D06C06270:LeaderElection7] INFO  impl.RoleInfo (RoleInfo.java:updateAndGet(143)) - 692224c4-5202-4921-98cc-04d5c60c79cc: start LeaderState
2019-09-25 05:06:12,486 [692224c4-5202-4921-98cc-04d5c60c79cc@group-286D06C06270:LeaderElection7] INFO  segmented.SegmentedRaftLogWorker (SegmentedRaftLogWorker.java:startLogSegment(380)) - 692224c4-5202-4921-98cc-04d5c60c79cc@group-286D06C06270-SegmentedRaftLogWorker: Starting segment from index:0
2019-09-25 05:06:12,487 [692224c4-5202-4921-98cc-04d5c60c79cc@group-286D06C06270:LeaderElection7] INFO  impl.RaftServerImpl (ServerState.java:setRaftConf(354)) - 692224c4-5202-4921-98cc-04d5c60c79cc@group-286D06C06270: set configuration 0: [692224c4-5202-4921-98cc-04d5c60c79cc:192.168.30.10:38144], old=null at 0
2019-09-25 05:06:12,519 [f77bfc29-6991-4b1d-a503-f706c83de4fc@group-D975513D96FD-SegmentedRaftLogWorker] INFO  segmented.SegmentedRaftLogWorker (SegmentedRaftLogWorker.java:execute(569)) - f77bfc29-6991-4b1d-a503-f706c83de4fc@group-D975513D96FD-SegmentedRaftLogWorker: created new log segment /workdir/hadoop-ozone/integration-test/target/test-dir/MiniOzoneClusterImpl-23306158-e895-4fc7-80df-ce6c264c388b/datanode-0/data/ratis/3d663982-bd88-46f3-945e-d975513d96fd/current/log_inprogress_0
2019-09-25 05:06:12,523 [grpc-default-executor-0] INFO  impl.RaftServerProxy (RaftServerProxy.java:addNew(89)) - 692224c4-5202-4921-98cc-04d5c60c79cc: addNew group-619497721A04:[692224c4-5202-4921-98cc-04d5c60c79cc:192.168.30.10:38144] returns group-619497721A04:java.util.concurrent.CompletableFuture@44d4041a[Not completed]
2019-09-25 05:06:12,524 [pool-67-thread-1] INFO  impl.RaftServerImpl (RaftServerImpl.java:<init>(95)) - 692224c4-5202-4921-98cc-04d5c60c79cc: new RaftServerImpl for group-619497721A04:[692224c4-5202-4921-98cc-04d5c60c79cc:192.168.30.10:38144] with ContainerStateMachine:uninitialized
2019-09-25 05:06:12,524 [pool-67-thread-1] INFO  server.RaftServerConfigKeys (ConfUtils.java:logGet(43)) - raft.server.rpc.timeout.min = 5s (custom)
2019-09-25 05:06:12,524 [692224c4-5202-4921-98cc-04d5c60c79cc@group-286D06C06270-SegmentedRaftLogWorker] INFO  segmented.SegmentedRaftLogWorker (SegmentedRaftLogWorker.java:execute(569)) - 692224c4-5202-4921-98cc-04d5c60c79cc@group-286D06C06270-SegmentedRaftLogWorker: created new log segment /workdir/hadoop-ozone/integration-test/target/test-dir/MiniOzoneClusterImpl-23306158-e895-4fc7-80df-ce6c264c388b/datanode-4/data/ratis/363b800b-e618-44bb-9c2e-286d06c06270/current/log_inprogress_0
2019-09-25 05:06:12,524 [pool-67-thread-1] INFO  server.RaftServerConfigKeys (ConfUtils.java:logGet(43)) - raft.server.rpc.timeout.max = 5200ms (custom)
2019-09-25 05:06:12,525 [pool-67-thread-1] INFO  server.RaftServerConfigKeys (ConfUtils.java:logGet(43)) - raft.server.rpcslowness.timeout = 120s (custom)
2019-09-25 05:06:12,525 [pool-67-thread-1] INFO  server.RaftServerConfigKeys (ConfUtils.java:logGet(43)) - raft.server.sleep.deviation.threshold = 300 (default)
2019-09-25 05:06:12,525 [pool-67-thread-1] INFO  server.RaftServerConfigKeys (ConfUtils.java:logGet(43)) - raft.server.log.appender.install.snapshot.enabled = false (custom)
2019-09-25 05:06:12,525 [pool-67-thread-1] INFO  impl.RaftServerImpl (ServerState.java:<init>(103)) - 692224c4-5202-4921-98cc-04d5c60c79cc@group-619497721A04: ConfigurationManager, init=-1: [692224c4-5202-4921-98cc-04d5c60c79cc:192.168.30.10:38144], old=null, confs=<EMPTY_MAP>
2019-09-25 05:06:12,525 [pool-67-thread-1] INFO  server.RaftServerConfigKeys (ConfUtils.java:logGet(43)) - raft.server.storage.dir = [/workdir/hadoop-ozone/integration-test/target/test-dir/MiniOzoneClusterImpl-23306158-e895-4fc7-80df-ce6c264c388b/datanode-4/data/ratis] (custom)
2019-09-25 05:06:12,526 [pool-67-thread-1] INFO  storage.RaftStorageDirectory (RaftStorageDirectory.java:analyzeStorage(246)) - The storage directory /workdir/hadoop-ozone/integration-test/target/test-dir/MiniOzoneClusterImpl-23306158-e895-4fc7-80df-ce6c264c388b/datanode-4/data/ratis/65f5cdf5-edd2-4711-b89e-619497721a04 does not exist. Creating ...
2019-09-25 05:06:12,539 [pool-67-thread-1] INFO  storage.RaftStorageDirectory (RaftStorageDirectory.java:tryLock(328)) - Lock on /workdir/hadoop-ozone/integration-test/target/test-dir/MiniOzoneClusterImpl-23306158-e895-4fc7-80df-ce6c264c388b/datanode-4/data/ratis/65f5cdf5-edd2-4711-b89e-619497721a04/in_use.lock acquired by nodename 25526@pr-hdds-1569-s62bp-3040748787
2019-09-25 05:06:12,552 [pool-67-thread-1] INFO  storage.RaftStorage (RaftStorage.java:format(72)) - Storage directory /workdir/hadoop-ozone/integration-test/target/test-dir/MiniOzoneClusterImpl-23306158-e895-4fc7-80df-ce6c264c388b/datanode-4/data/ratis/65f5cdf5-edd2-4711-b89e-619497721a04 has been successfully formatted.
2019-09-25 05:06:12,553 [pool-67-thread-1] INFO  ratis.ContainerStateMachine (ContainerStateMachine.java:loadSnapshot(230)) - group-619497721A04: The snapshot info is null. Setting the last applied indexto:(t:0, i:~)
2019-09-25 05:06:12,553 [pool-67-thread-1] INFO  server.RaftServerConfigKeys (ConfUtils.java:logGet(43)) - raft.server.notification.no-leader.timeout = 120s (custom)
2019-09-25 05:06:12,553 [pool-67-thread-1] INFO  server.RaftServerConfigKeys (ConfUtils.java:logGet(43)) - raft.server.log.use.memory = false (default)
2019-09-25 05:06:12,553 [pool-67-thread-1] INFO  server.RaftServerConfigKeys (ConfUtils.java:logGet(43)) - raft.server.log.purge.gap = 1000000 (custom)
2019-09-25 05:06:12,553 [pool-67-thread-1] INFO  server.RaftServerConfigKeys (ConfUtils.java:logGet(43)) - raft.server.log.appender.buffer.byte-limit = 33554432 (custom)
2019-09-25 05:06:12,554 [pool-67-thread-1] INFO  server.RaftServerConfigKeys (ConfUtils.java:logGet(43)) - raft.server.log.segment.size.max = 1048576 (custom)
2019-09-25 05:06:12,554 [pool-67-thread-1] INFO  server.RaftServerConfigKeys (ConfUtils.java:logGet(43)) - raft.server.log.segment.cache.num.max = 2 (custom)
2019-09-25 05:06:12,554 [pool-67-thread-1] INFO  segmented.SegmentedRaftLogWorker (SegmentedRaftLogWorker.java:<init>(172)) - new 692224c4-5202-4921-98cc-04d5c60c79cc@group-619497721A04-SegmentedRaftLogWorker for RaftStorage:Storage Directory /workdir/hadoop-ozone/integration-test/target/test-dir/MiniOzoneClusterImpl-23306158-e895-4fc7-80df-ce6c264c388b/datanode-4/data/ratis/65f5cdf5-edd2-4711-b89e-619497721a04
2019-09-25 05:06:12,554 [pool-67-thread-1] INFO  server.RaftServerConfigKeys (ConfUtils.java:logGet(43)) - raft.server.log.queue.byte-limit = 2147483647 (custom)
2019-09-25 05:06:12,554 [pool-67-thread-1] INFO  server.RaftServerConfigKeys (ConfUtils.java:logGet(43)) - raft.server.log.queue.element-limit = 1024 (custom)
2019-09-25 05:06:12,554 [pool-67-thread-1] INFO  server.RaftServerConfigKeys (ConfUtils.java:logGet(43)) - raft.server.log.segment.size.max = 1048576 (custom)
2019-09-25 05:06:12,555 [pool-67-thread-1] INFO  server.RaftServerConfigKeys (ConfUtils.java:logGet(43)) - raft.server.log.preallocated.size = 16384 (custom)
2019-09-25 05:06:12,555 [pool-67-thread-1] INFO  server.RaftServerConfigKeys (ConfUtils.java:logGet(43)) - raft.server.log.write.buffer.size = 33554432 (custom)
2019-09-25 05:06:12,555 [pool-67-thread-1] INFO  server.RaftServerConfigKeys (ConfUtils.java:logGet(43)) - raft.server.log.force.sync.num = 128 (default)
2019-09-25 05:06:12,555 [pool-67-thread-1] INFO  server.RaftServerConfigKeys (ConfUtils.java:logGet(43)) - raft.server.log.statemachine.data.sync = true (default)
2019-09-25 05:06:12,555 [pool-67-thread-1] INFO  server.RaftServerConfigKeys (ConfUtils.java:logGet(43)) - raft.server.log.statemachine.data.sync.timeout = 10s (default)
2019-09-25 05:06:12,555 [pool-67-thread-1] INFO  server.RaftServerConfigKeys (ConfUtils.java:logGet(43)) - raft.server.log.statemachine.data.sync.timeout.retry = -1 (default)
2019-09-25 05:06:12,556 [pool-67-thread-1] INFO  server.RaftServerConfigKeys (ConfUtils.java:logGet(43)) - raft.server.log.statemachine.data.caching.enabled = true (custom)
2019-09-25 05:06:12,556 [pool-67-thread-1] INFO  segmented.SegmentedRaftLogWorker (SegmentedRaftLogWorker.java:lambda$new$0(132)) - 692224c4-5202-4921-98cc-04d5c60c79cc@group-619497721A04-SegmentedRaftLogWorker: flushIndex: setUnconditionally 0 -> -1
2019-09-25 05:06:12,556 [pool-67-thread-1] INFO  server.RaftServerConfigKeys (ConfUtils.java:logGet(43)) - raft.server.snapshot.auto.trigger.enabled = true (custom)
2019-09-25 05:06:12,557 [pool-67-thread-1] INFO  server.RaftServerConfigKeys (ConfUtils.java:logGet(43)) - raft.server.snapshot.auto.trigger.threshold = 10000 (custom)
2019-09-25 05:06:12,557 [pool-67-thread-1] INFO  server.RaftServerConfigKeys (ConfUtils.java:logGet(43)) - raft.server.snapshot.retention.num.files = 5 (custom)
2019-09-25 05:06:12,557 [pool-67-thread-1] INFO  server.RaftServerConfigKeys (ConfUtils.java:logGet(43)) - raft.server.retrycache.expirytime = 600000ms (custom)
2019-09-25 05:06:12,560 [pool-67-thread-1] INFO  impl.RaftServerImpl (RaftServerImpl.java:start(185)) - 692224c4-5202-4921-98cc-04d5c60c79cc@group-619497721A04: start as a follower, conf=-1: [692224c4-5202-4921-98cc-04d5c60c79cc:192.168.30.10:38144], old=null
2019-09-25 05:06:12,560 [pool-67-thread-1] INFO  impl.RaftServerImpl (RaftServerImpl.java:setRole(174)) - 692224c4-5202-4921-98cc-04d5c60c79cc@group-619497721A04: changes role from      null to FOLLOWER at term 0 for startAsFollower
2019-09-25 05:06:12,560 [pool-67-thread-1] INFO  impl.RoleInfo (RoleInfo.java:updateAndGet(143)) - 692224c4-5202-4921-98cc-04d5c60c79cc: start FollowerState
2019-09-25 05:06:12,560 [pool-67-thread-1] INFO  util.JmxRegister (JmxRegister.java:tryRegister(44)) - Successfully registered JMX Bean with object name Ratis:service=RaftServer,group=group-619497721A04,id=692224c4-5202-4921-98cc-04d5c60c79cc
2019-09-25 05:06:12,563 [RatisPipelineUtilsThread] INFO  pipeline.PipelineStateManager (PipelineStateManager.java:addPipeline(56)) - Created pipeline Pipeline[ Id: 65f5cdf5-edd2-4711-b89e-619497721a04, Nodes: 692224c4-5202-4921-98cc-04d5c60c79cc{ip: 192.168.30.10, host: pr-hdds-1569-s62bp-3040748787, networkLocation: /default-rack, certSerialId: null}, Type:RATIS, Factor:ONE, State:OPEN]
2019-09-25 05:06:12,569 [grpc-default-executor-0] INFO  impl.RaftServerProxy (RaftServerProxy.java:addNew(89)) - de37f7a0-0375-40a9-a318-404478482fcb: addNew group-4CF977ABCA41:[de37f7a0-0375-40a9-a318-404478482fcb:192.168.30.10:44522] returns group-4CF977ABCA41:java.util.concurrent.CompletableFuture@60f67f3c[Not completed]
2019-09-25 05:06:12,571 [pool-57-thread-1] INFO  impl.RaftServerImpl (RaftServerImpl.java:<init>(95)) - de37f7a0-0375-40a9-a318-404478482fcb: new RaftServerImpl for group-4CF977ABCA41:[de37f7a0-0375-40a9-a318-404478482fcb:192.168.30.10:44522] with ContainerStateMachine:uninitialized
2019-09-25 05:06:12,571 [pool-57-thread-1] INFO  server.RaftServerConfigKeys (ConfUtils.java:logGet(43)) - raft.server.rpc.timeout.min = 5s (custom)
2019-09-25 05:06:12,571 [pool-57-thread-1] INFO  server.RaftServerConfigKeys (ConfUtils.java:logGet(43)) - raft.server.rpc.timeout.max = 5200ms (custom)
2019-09-25 05:06:12,571 [pool-57-thread-1] INFO  server.RaftServerConfigKeys (ConfUtils.java:logGet(43)) - raft.server.rpcslowness.timeout = 120s (custom)
2019-09-25 05:06:12,571 [pool-57-thread-1] INFO  server.RaftServerConfigKeys (ConfUtils.java:logGet(43)) - raft.server.sleep.deviation.threshold = 300 (default)
2019-09-25 05:06:12,571 [pool-57-thread-1] INFO  server.RaftServerConfigKeys (ConfUtils.java:logGet(43)) - raft.server.log.appender.install.snapshot.enabled = false (custom)
2019-09-25 05:06:12,572 [pool-57-thread-1] INFO  impl.RaftServerImpl (ServerState.java:<init>(103)) - de37f7a0-0375-40a9-a318-404478482fcb@group-4CF977ABCA41: ConfigurationManager, init=-1: [de37f7a0-0375-40a9-a318-404478482fcb:192.168.30.10:44522], old=null, confs=<EMPTY_MAP>
2019-09-25 05:06:12,572 [pool-57-thread-1] INFO  server.RaftServerConfigKeys (ConfUtils.java:logGet(43)) - raft.server.storage.dir = [/workdir/hadoop-ozone/integration-test/target/test-dir/MiniOzoneClusterImpl-23306158-e895-4fc7-80df-ce6c264c388b/datanode-3/data/ratis] (custom)
2019-09-25 05:06:12,572 [pool-57-thread-1] INFO  storage.RaftStorageDirectory (RaftStorageDirectory.java:analyzeStorage(246)) - The storage directory /workdir/hadoop-ozone/integration-test/target/test-dir/MiniOzoneClusterImpl-23306158-e895-4fc7-80df-ce6c264c388b/datanode-3/data/ratis/0a6f50fb-2d2b-47b2-9c54-4cf977abca41 does not exist. Creating ...
2019-09-25 05:06:12,585 [pool-57-thread-1] INFO  storage.RaftStorageDirectory (RaftStorageDirectory.java:tryLock(328)) - Lock on /workdir/hadoop-ozone/integration-test/target/test-dir/MiniOzoneClusterImpl-23306158-e895-4fc7-80df-ce6c264c388b/datanode-3/data/ratis/0a6f50fb-2d2b-47b2-9c54-4cf977abca41/in_use.lock acquired by nodename 25526@pr-hdds-1569-s62bp-3040748787
2019-09-25 05:06:12,598 [pool-57-thread-1] INFO  storage.RaftStorage (RaftStorage.java:format(72)) - Storage directory /workdir/hadoop-ozone/integration-test/target/test-dir/MiniOzoneClusterImpl-23306158-e895-4fc7-80df-ce6c264c388b/datanode-3/data/ratis/0a6f50fb-2d2b-47b2-9c54-4cf977abca41 has been successfully formatted.
2019-09-25 05:06:12,598 [pool-57-thread-1] INFO  ratis.ContainerStateMachine (ContainerStateMachine.java:loadSnapshot(230)) - group-4CF977ABCA41: The snapshot info is null. Setting the last applied indexto:(t:0, i:~)
2019-09-25 05:06:12,599 [pool-57-thread-1] INFO  server.RaftServerConfigKeys (ConfUtils.java:logGet(43)) - raft.server.notification.no-leader.timeout = 120s (custom)
2019-09-25 05:06:12,599 [pool-57-thread-1] INFO  server.RaftServerConfigKeys (ConfUtils.java:logGet(43)) - raft.server.log.use.memory = false (default)
2019-09-25 05:06:12,599 [pool-57-thread-1] INFO  server.RaftServerConfigKeys (ConfUtils.java:logGet(43)) - raft.server.log.purge.gap = 1000000 (custom)
2019-09-25 05:06:12,599 [pool-57-thread-1] INFO  server.RaftServerConfigKeys (ConfUtils.java:logGet(43)) - raft.server.log.appender.buffer.byte-limit = 33554432 (custom)
2019-09-25 05:06:12,599 [pool-57-thread-1] INFO  server.RaftServerConfigKeys (ConfUtils.java:logGet(43)) - raft.server.log.segment.size.max = 1048576 (custom)
2019-09-25 05:06:12,599 [pool-57-thread-1] INFO  server.RaftServerConfigKeys (ConfUtils.java:logGet(43)) - raft.server.log.segment.cache.num.max = 2 (custom)
2019-09-25 05:06:12,599 [pool-57-thread-1] INFO  segmented.SegmentedRaftLogWorker (SegmentedRaftLogWorker.java:<init>(172)) - new de37f7a0-0375-40a9-a318-404478482fcb@group-4CF977ABCA41-SegmentedRaftLogWorker for RaftStorage:Storage Directory /workdir/hadoop-ozone/integration-test/target/test-dir/MiniOzoneClusterImpl-23306158-e895-4fc7-80df-ce6c264c388b/datanode-3/data/ratis/0a6f50fb-2d2b-47b2-9c54-4cf977abca41
2019-09-25 05:06:12,600 [pool-57-thread-1] INFO  server.RaftServerConfigKeys (ConfUtils.java:logGet(43)) - raft.server.log.queue.byte-limit = 2147483647 (custom)
2019-09-25 05:06:12,600 [pool-57-thread-1] INFO  server.RaftServerConfigKeys (ConfUtils.java:logGet(43)) - raft.server.log.queue.element-limit = 1024 (custom)
2019-09-25 05:06:12,600 [pool-57-thread-1] INFO  server.RaftServerConfigKeys (ConfUtils.java:logGet(43)) - raft.server.log.segment.size.max = 1048576 (custom)
2019-09-25 05:06:12,600 [pool-57-thread-1] INFO  server.RaftServerConfigKeys (ConfUtils.java:logGet(43)) - raft.server.log.preallocated.size = 16384 (custom)
2019-09-25 05:06:12,600 [pool-57-thread-1] INFO  server.RaftServerConfigKeys (ConfUtils.java:logGet(43)) - raft.server.log.write.buffer.size = 33554432 (custom)
2019-09-25 05:06:12,600 [pool-57-thread-1] INFO  server.RaftServerConfigKeys (ConfUtils.java:logGet(43)) - raft.server.log.force.sync.num = 128 (default)
2019-09-25 05:06:12,600 [pool-57-thread-1] INFO  server.RaftServerConfigKeys (ConfUtils.java:logGet(43)) - raft.server.log.statemachine.data.sync = true (default)
2019-09-25 05:06:12,601 [pool-57-thread-1] INFO  server.RaftServerConfigKeys (ConfUtils.java:logGet(43)) - raft.server.log.statemachine.data.sync.timeout = 10s (default)
2019-09-25 05:06:12,601 [pool-57-thread-1] INFO  server.RaftServerConfigKeys (ConfUtils.java:logGet(43)) - raft.server.log.statemachine.data.sync.timeout.retry = -1 (default)
2019-09-25 05:06:12,601 [pool-57-thread-1] INFO  server.RaftServerConfigKeys (ConfUtils.java:logGet(43)) - raft.server.log.statemachine.data.caching.enabled = true (custom)
2019-09-25 05:06:12,601 [pool-57-thread-1] INFO  segmented.SegmentedRaftLogWorker (SegmentedRaftLogWorker.java:lambda$new$0(132)) - de37f7a0-0375-40a9-a318-404478482fcb@group-4CF977ABCA41-SegmentedRaftLogWorker: flushIndex: setUnconditionally 0 -> -1
2019-09-25 05:06:12,602 [pool-57-thread-1] INFO  server.RaftServerConfigKeys (ConfUtils.java:logGet(43)) - raft.server.snapshot.auto.trigger.enabled = true (custom)
2019-09-25 05:06:12,602 [pool-57-thread-1] INFO  server.RaftServerConfigKeys (ConfUtils.java:logGet(43)) - raft.server.snapshot.auto.trigger.threshold = 10000 (custom)
2019-09-25 05:06:12,602 [pool-57-thread-1] INFO  server.RaftServerConfigKeys (ConfUtils.java:logGet(43)) - raft.server.snapshot.retention.num.files = 5 (custom)
2019-09-25 05:06:12,602 [pool-57-thread-1] INFO  server.RaftServerConfigKeys (ConfUtils.java:logGet(43)) - raft.server.retrycache.expirytime = 600000ms (custom)
2019-09-25 05:06:12,605 [pool-57-thread-1] INFO  impl.RaftServerImpl (RaftServerImpl.java:start(185)) - de37f7a0-0375-40a9-a318-404478482fcb@group-4CF977ABCA41: start as a follower, conf=-1: [de37f7a0-0375-40a9-a318-404478482fcb:192.168.30.10:44522], old=null
2019-09-25 05:06:12,605 [pool-57-thread-1] INFO  impl.RaftServerImpl (RaftServerImpl.java:setRole(174)) - de37f7a0-0375-40a9-a318-404478482fcb@group-4CF977ABCA41: changes role from      null to FOLLOWER at term 0 for startAsFollower
2019-09-25 05:06:12,605 [pool-57-thread-1] INFO  impl.RoleInfo (RoleInfo.java:updateAndGet(143)) - de37f7a0-0375-40a9-a318-404478482fcb: start FollowerState
2019-09-25 05:06:12,605 [pool-57-thread-1] INFO  util.JmxRegister (JmxRegister.java:tryRegister(44)) - Successfully registered JMX Bean with object name Ratis:service=RaftServer,group=group-4CF977ABCA41,id=de37f7a0-0375-40a9-a318-404478482fcb
2019-09-25 05:06:12,608 [RatisPipelineUtilsThread] INFO  pipeline.PipelineStateManager (PipelineStateManager.java:addPipeline(56)) - Created pipeline Pipeline[ Id: 0a6f50fb-2d2b-47b2-9c54-4cf977abca41, Nodes: de37f7a0-0375-40a9-a318-404478482fcb{ip: 192.168.30.10, host: pr-hdds-1569-s62bp-3040748787, networkLocation: /default-rack, certSerialId: null}, Type:RATIS, Factor:ONE, State:OPEN]
2019-09-25 05:06:12,613 [grpc-default-executor-0] INFO  impl.RaftServerProxy (RaftServerProxy.java:addNew(89)) - 36ac27b3-2f11-437d-8f1f-165306b0ff4a: addNew group-F5C962B5449B:[36ac27b3-2f11-437d-8f1f-165306b0ff4a:192.168.30.10:45265] returns group-F5C962B5449B:java.util.concurrent.CompletableFuture@17d9548a[Not completed]
2019-09-25 05:06:12,614 [pool-37-thread-1] INFO  impl.RaftServerImpl (RaftServerImpl.java:<init>(95)) - 36ac27b3-2f11-437d-8f1f-165306b0ff4a: new RaftServerImpl for group-F5C962B5449B:[36ac27b3-2f11-437d-8f1f-165306b0ff4a:192.168.30.10:45265] with ContainerStateMachine:uninitialized
2019-09-25 05:06:12,614 [pool-37-thread-1] INFO  server.RaftServerConfigKeys (ConfUtils.java:logGet(43)) - raft.server.rpc.timeout.min = 5s (custom)
2019-09-25 05:06:12,614 [pool-37-thread-1] INFO  server.RaftServerConfigKeys (ConfUtils.java:logGet(43)) - raft.server.rpc.timeout.max = 5200ms (custom)
2019-09-25 05:06:12,614 [pool-37-thread-1] INFO  server.RaftServerConfigKeys (ConfUtils.java:logGet(43)) - raft.server.rpcslowness.timeout = 120s (custom)
2019-09-25 05:06:12,615 [pool-37-thread-1] INFO  server.RaftServerConfigKeys (ConfUtils.java:logGet(43)) - raft.server.sleep.deviation.threshold = 300 (default)
2019-09-25 05:06:12,615 [pool-37-thread-1] INFO  server.RaftServerConfigKeys (ConfUtils.java:logGet(43)) - raft.server.log.appender.install.snapshot.enabled = false (custom)
2019-09-25 05:06:12,615 [pool-37-thread-1] INFO  impl.RaftServerImpl (ServerState.java:<init>(103)) - 36ac27b3-2f11-437d-8f1f-165306b0ff4a@group-F5C962B5449B: ConfigurationManager, init=-1: [36ac27b3-2f11-437d-8f1f-165306b0ff4a:192.168.30.10:45265], old=null, confs=<EMPTY_MAP>
2019-09-25 05:06:12,615 [pool-37-thread-1] INFO  server.RaftServerConfigKeys (ConfUtils.java:logGet(43)) - raft.server.storage.dir = [/workdir/hadoop-ozone/integration-test/target/test-dir/MiniOzoneClusterImpl-23306158-e895-4fc7-80df-ce6c264c388b/datanode-1/data/ratis] (custom)
2019-09-25 05:06:12,615 [pool-37-thread-1] INFO  storage.RaftStorageDirectory (RaftStorageDirectory.java:analyzeStorage(246)) - The storage directory /workdir/hadoop-ozone/integration-test/target/test-dir/MiniOzoneClusterImpl-23306158-e895-4fc7-80df-ce6c264c388b/datanode-1/data/ratis/8f123a64-e5dd-4d4c-ad71-f5c962b5449b does not exist. Creating ...
2019-09-25 05:06:12,629 [pool-37-thread-1] INFO  storage.RaftStorageDirectory (RaftStorageDirectory.java:tryLock(328)) - Lock on /workdir/hadoop-ozone/integration-test/target/test-dir/MiniOzoneClusterImpl-23306158-e895-4fc7-80df-ce6c264c388b/datanode-1/data/ratis/8f123a64-e5dd-4d4c-ad71-f5c962b5449b/in_use.lock acquired by nodename 25526@pr-hdds-1569-s62bp-3040748787
2019-09-25 05:06:12,635 [Thread-264] INFO  impl.FollowerState (FollowerState.java:run(106)) - 36ac27b3-2f11-437d-8f1f-165306b0ff4a:group-A3782729861B changes to CANDIDATE, lastRpcTime:5066, electionTimeout:5066ms
2019-09-25 05:06:12,635 [Thread-264] INFO  impl.RoleInfo (RoleInfo.java:shutdownFollowerState(121)) - 36ac27b3-2f11-437d-8f1f-165306b0ff4a: shutdown FollowerState
2019-09-25 05:06:12,636 [Thread-264] INFO  impl.RaftServerImpl (RaftServerImpl.java:setRole(174)) - 36ac27b3-2f11-437d-8f1f-165306b0ff4a@group-A3782729861B: changes role from  FOLLOWER to CANDIDATE at term 0 for changeToCandidate
2019-09-25 05:06:12,636 [Thread-264] INFO  impl.RoleInfo (RoleInfo.java:updateAndGet(143)) - 36ac27b3-2f11-437d-8f1f-165306b0ff4a: start LeaderElection
2019-09-25 05:06:12,642 [pool-37-thread-1] INFO  storage.RaftStorage (RaftStorage.java:format(72)) - Storage directory /workdir/hadoop-ozone/integration-test/target/test-dir/MiniOzoneClusterImpl-23306158-e895-4fc7-80df-ce6c264c388b/datanode-1/data/ratis/8f123a64-e5dd-4d4c-ad71-f5c962b5449b has been successfully formatted.
2019-09-25 05:06:12,642 [pool-37-thread-1] INFO  ratis.ContainerStateMachine (ContainerStateMachine.java:loadSnapshot(230)) - group-F5C962B5449B: The snapshot info is null. Setting the last applied indexto:(t:0, i:~)
2019-09-25 05:06:12,643 [pool-37-thread-1] INFO  server.RaftServerConfigKeys (ConfUtils.java:logGet(43)) - raft.server.notification.no-leader.timeout = 120s (custom)
2019-09-25 05:06:12,643 [pool-37-thread-1] INFO  server.RaftServerConfigKeys (ConfUtils.java:logGet(43)) - raft.server.log.use.memory = false (default)
2019-09-25 05:06:12,643 [pool-37-thread-1] INFO  server.RaftServerConfigKeys (ConfUtils.java:logGet(43)) - raft.server.log.purge.gap = 1000000 (custom)
2019-09-25 05:06:12,643 [pool-37-thread-1] INFO  server.RaftServerConfigKeys (ConfUtils.java:logGet(43)) - raft.server.log.appender.buffer.byte-limit = 33554432 (custom)
2019-09-25 05:06:12,643 [pool-37-thread-1] INFO  server.RaftServerConfigKeys (ConfUtils.java:logGet(43)) - raft.server.log.segment.size.max = 1048576 (custom)
2019-09-25 05:06:12,643 [pool-37-thread-1] INFO  server.RaftServerConfigKeys (ConfUtils.java:logGet(43)) - raft.server.log.segment.cache.num.max = 2 (custom)
2019-09-25 05:06:12,644 [pool-37-thread-1] INFO  segmented.SegmentedRaftLogWorker (SegmentedRaftLogWorker.java:<init>(172)) - new 36ac27b3-2f11-437d-8f1f-165306b0ff4a@group-F5C962B5449B-SegmentedRaftLogWorker for RaftStorage:Storage Directory /workdir/hadoop-ozone/integration-test/target/test-dir/MiniOzoneClusterImpl-23306158-e895-4fc7-80df-ce6c264c388b/datanode-1/data/ratis/8f123a64-e5dd-4d4c-ad71-f5c962b5449b
2019-09-25 05:06:12,644 [pool-37-thread-1] INFO  server.RaftServerConfigKeys (ConfUtils.java:logGet(43)) - raft.server.log.queue.byte-limit = 2147483647 (custom)
2019-09-25 05:06:12,644 [pool-37-thread-1] INFO  server.RaftServerConfigKeys (ConfUtils.java:logGet(43)) - raft.server.log.queue.element-limit = 1024 (custom)
2019-09-25 05:06:12,644 [pool-37-thread-1] INFO  server.RaftServerConfigKeys (ConfUtils.java:logGet(43)) - raft.server.log.segment.size.max = 1048576 (custom)
2019-09-25 05:06:12,644 [pool-37-thread-1] INFO  server.RaftServerConfigKeys (ConfUtils.java:logGet(43)) - raft.server.log.preallocated.size = 16384 (custom)
2019-09-25 05:06:12,644 [pool-37-thread-1] INFO  server.RaftServerConfigKeys (ConfUtils.java:logGet(43)) - raft.server.log.write.buffer.size = 33554432 (custom)
2019-09-25 05:06:12,644 [pool-37-thread-1] INFO  server.RaftServerConfigKeys (ConfUtils.java:logGet(43)) - raft.server.log.force.sync.num = 128 (default)
2019-09-25 05:06:12,645 [pool-37-thread-1] INFO  server.RaftServerConfigKeys (ConfUtils.java:logGet(43)) - raft.server.log.statemachine.data.sync = true (default)
2019-09-25 05:06:12,645 [pool-37-thread-1] INFO  server.RaftServerConfigKeys (ConfUtils.java:logGet(43)) - raft.server.log.statemachine.data.sync.timeout = 10s (default)
2019-09-25 05:06:12,645 [pool-37-thread-1] INFO  server.RaftServerConfigKeys (ConfUtils.java:logGet(43)) - raft.server.log.statemachine.data.sync.timeout.retry = -1 (default)
2019-09-25 05:06:12,645 [pool-37-thread-1] INFO  server.RaftServerConfigKeys (ConfUtils.java:logGet(43)) - raft.server.log.statemachine.data.caching.enabled = true (custom)
2019-09-25 05:06:12,645 [pool-37-thread-1] INFO  segmented.SegmentedRaftLogWorker (SegmentedRaftLogWorker.java:lambda$new$0(132)) - 36ac27b3-2f11-437d-8f1f-165306b0ff4a@group-F5C962B5449B-SegmentedRaftLogWorker: flushIndex: setUnconditionally 0 -> -1
2019-09-25 05:06:12,646 [pool-37-thread-1] INFO  server.RaftServerConfigKeys (ConfUtils.java:logGet(43)) - raft.server.snapshot.auto.trigger.enabled = true (custom)
2019-09-25 05:06:12,646 [pool-37-thread-1] INFO  server.RaftServerConfigKeys (ConfUtils.java:logGet(43)) - raft.server.snapshot.auto.trigger.threshold = 10000 (custom)
2019-09-25 05:06:12,646 [pool-37-thread-1] INFO  server.RaftServerConfigKeys (ConfUtils.java:logGet(43)) - raft.server.snapshot.retention.num.files = 5 (custom)
2019-09-25 05:06:12,646 [pool-37-thread-1] INFO  server.RaftServerConfigKeys (ConfUtils.java:logGet(43)) - raft.server.retrycache.expirytime = 600000ms (custom)
2019-09-25 05:06:12,649 [pool-37-thread-1] INFO  impl.RaftServerImpl (RaftServerImpl.java:start(185)) - 36ac27b3-2f11-437d-8f1f-165306b0ff4a@group-F5C962B5449B: start as a follower, conf=-1: [36ac27b3-2f11-437d-8f1f-165306b0ff4a:192.168.30.10:45265], old=null
2019-09-25 05:06:12,649 [pool-37-thread-1] INFO  impl.RaftServerImpl (RaftServerImpl.java:setRole(174)) - 36ac27b3-2f11-437d-8f1f-165306b0ff4a@group-F5C962B5449B: changes role from      null to FOLLOWER at term 0 for startAsFollower
2019-09-25 05:06:12,649 [pool-37-thread-1] INFO  impl.RoleInfo (RoleInfo.java:updateAndGet(143)) - 36ac27b3-2f11-437d-8f1f-165306b0ff4a: start FollowerState
2019-09-25 05:06:12,649 [pool-37-thread-1] INFO  util.JmxRegister (JmxRegister.java:tryRegister(44)) - Successfully registered JMX Bean with object name Ratis:service=RaftServer,group=group-F5C962B5449B,id=36ac27b3-2f11-437d-8f1f-165306b0ff4a
2019-09-25 05:06:12,652 [RatisPipelineUtilsThread] INFO  pipeline.PipelineStateManager (PipelineStateManager.java:addPipeline(56)) - Created pipeline Pipeline[ Id: 8f123a64-e5dd-4d4c-ad71-f5c962b5449b, Nodes: 36ac27b3-2f11-437d-8f1f-165306b0ff4a{ip: 192.168.30.10, host: pr-hdds-1569-s62bp-3040748787, networkLocation: /default-rack, certSerialId: null}, Type:RATIS, Factor:ONE, State:OPEN]
2019-09-25 05:06:12,655 [36ac27b3-2f11-437d-8f1f-165306b0ff4a@group-A3782729861B:LeaderElection8] INFO  impl.LeaderElection (LeaderElection.java:askForVotes(182)) - 36ac27b3-2f11-437d-8f1f-165306b0ff4a@group-A3782729861B:LeaderElection8: begin an election at term 1 for -1: [36ac27b3-2f11-437d-8f1f-165306b0ff4a:192.168.30.10:45265], old=null
2019-09-25 05:06:12,655 [36ac27b3-2f11-437d-8f1f-165306b0ff4a@group-A3782729861B:LeaderElection8] INFO  impl.RoleInfo (RoleInfo.java:shutdownLeaderElection(134)) - 36ac27b3-2f11-437d-8f1f-165306b0ff4a: shutdown LeaderElection
2019-09-25 05:06:12,655 [36ac27b3-2f11-437d-8f1f-165306b0ff4a@group-A3782729861B:LeaderElection8] INFO  impl.RaftServerImpl (RaftServerImpl.java:setRole(174)) - 36ac27b3-2f11-437d-8f1f-165306b0ff4a@group-A3782729861B: changes role from CANDIDATE to LEADER at term 1 for changeToLeader
2019-09-25 05:06:12,656 [36ac27b3-2f11-437d-8f1f-165306b0ff4a@group-A3782729861B:LeaderElection8] INFO  impl.RaftServerImpl (ServerState.java:setLeader(253)) - 36ac27b3-2f11-437d-8f1f-165306b0ff4a@group-A3782729861B: change Leader from null to 36ac27b3-2f11-437d-8f1f-165306b0ff4a at term 1 for becomeLeader, leader elected after 5095ms
2019-09-25 05:06:12,656 [36ac27b3-2f11-437d-8f1f-165306b0ff4a@group-A3782729861B:LeaderElection8] INFO  server.RaftServerConfigKeys (ConfUtils.java:logGet(43)) - raft.server.staging.catchup.gap = 1000 (default)
2019-09-25 05:06:12,656 [36ac27b3-2f11-437d-8f1f-165306b0ff4a@group-A3782729861B:LeaderElection8] INFO  server.RaftServerConfigKeys (ConfUtils.java:logGet(43)) - raft.server.rpc.sleep.time = 25ms (default)
2019-09-25 05:06:12,656 [36ac27b3-2f11-437d-8f1f-165306b0ff4a@group-A3782729861B:LeaderElection8] INFO  server.RaftServerConfigKeys (ConfUtils.java:logGet(43)) - raft.server.write.element-limit = 4096 (default)
2019-09-25 05:06:12,656 [36ac27b3-2f11-437d-8f1f-165306b0ff4a@group-A3782729861B:LeaderElection8] INFO  server.RaftServerConfigKeys (ConfUtils.java:logGet(43)) - raft.server.watch.timeout = 10s (default)
2019-09-25 05:06:12,656 [36ac27b3-2f11-437d-8f1f-165306b0ff4a@group-A3782729861B:LeaderElection8] INFO  server.RaftServerConfigKeys (ConfUtils.java:logGet(43)) - raft.server.watch.timeout.denomination = 1s (default)
2019-09-25 05:06:12,656 [36ac27b3-2f11-437d-8f1f-165306b0ff4a@group-A3782729861B:LeaderElection8] INFO  server.RaftServerConfigKeys (ConfUtils.java:logGet(43)) - raft.server.watch.element-limit = 65536 (default)
2019-09-25 05:06:12,658 [grpc-default-executor-0] INFO  impl.RaftServerProxy (RaftServerProxy.java:addNew(89)) - f77bfc29-6991-4b1d-a503-f706c83de4fc: addNew group-0224D9BF4A68:[f77bfc29-6991-4b1d-a503-f706c83de4fc:192.168.30.10:35112] returns group-0224D9BF4A68:java.util.concurrent.CompletableFuture@2ff37bc1[Not completed]
2019-09-25 05:06:12,658 [36ac27b3-2f11-437d-8f1f-165306b0ff4a@group-A3782729861B:LeaderElection8] INFO  impl.RoleInfo (RoleInfo.java:updateAndGet(143)) - 36ac27b3-2f11-437d-8f1f-165306b0ff4a: start LeaderState
2019-09-25 05:06:12,658 [36ac27b3-2f11-437d-8f1f-165306b0ff4a@group-A3782729861B:LeaderElection8] INFO  segmented.SegmentedRaftLogWorker (SegmentedRaftLogWorker.java:startLogSegment(380)) - 36ac27b3-2f11-437d-8f1f-165306b0ff4a@group-A3782729861B-SegmentedRaftLogWorker: Starting segment from index:0
2019-09-25 05:06:12,659 [36ac27b3-2f11-437d-8f1f-165306b0ff4a@group-A3782729861B:LeaderElection8] INFO  impl.RaftServerImpl (ServerState.java:setRaftConf(354)) - 36ac27b3-2f11-437d-8f1f-165306b0ff4a@group-A3782729861B: set configuration 0: [36ac27b3-2f11-437d-8f1f-165306b0ff4a:192.168.30.10:45265], old=null at 0
2019-09-25 05:06:12,662 [pool-27-thread-1] INFO  impl.RaftServerImpl (RaftServerImpl.java:<init>(95)) - f77bfc29-6991-4b1d-a503-f706c83de4fc: new RaftServerImpl for group-0224D9BF4A68:[f77bfc29-6991-4b1d-a503-f706c83de4fc:192.168.30.10:35112] with ContainerStateMachine:uninitialized
2019-09-25 05:06:12,662 [pool-27-thread-1] INFO  server.RaftServerConfigKeys (ConfUtils.java:logGet(43)) - raft.server.rpc.timeout.min = 5s (custom)
2019-09-25 05:06:12,663 [pool-27-thread-1] INFO  server.RaftServerConfigKeys (ConfUtils.java:logGet(43)) - raft.server.rpc.timeout.max = 5200ms (custom)
2019-09-25 05:06:12,663 [pool-27-thread-1] INFO  server.RaftServerConfigKeys (ConfUtils.java:logGet(43)) - raft.server.rpcslowness.timeout = 120s (custom)
2019-09-25 05:06:12,663 [pool-27-thread-1] INFO  server.RaftServerConfigKeys (ConfUtils.java:logGet(43)) - raft.server.sleep.deviation.threshold = 300 (default)
2019-09-25 05:06:12,663 [pool-27-thread-1] INFO  server.RaftServerConfigKeys (ConfUtils.java:logGet(43)) - raft.server.log.appender.install.snapshot.enabled = false (custom)
2019-09-25 05:06:12,663 [pool-27-thread-1] INFO  impl.RaftServerImpl (ServerState.java:<init>(103)) - f77bfc29-6991-4b1d-a503-f706c83de4fc@group-0224D9BF4A68: ConfigurationManager, init=-1: [f77bfc29-6991-4b1d-a503-f706c83de4fc:192.168.30.10:35112], old=null, confs=<EMPTY_MAP>
2019-09-25 05:06:12,663 [pool-27-thread-1] INFO  server.RaftServerConfigKeys (ConfUtils.java:logGet(43)) - raft.server.storage.dir = [/workdir/hadoop-ozone/integration-test/target/test-dir/MiniOzoneClusterImpl-23306158-e895-4fc7-80df-ce6c264c388b/datanode-0/data/ratis] (custom)
2019-09-25 05:06:12,664 [pool-27-thread-1] INFO  storage.RaftStorageDirectory (RaftStorageDirectory.java:analyzeStorage(246)) - The storage directory /workdir/hadoop-ozone/integration-test/target/test-dir/MiniOzoneClusterImpl-23306158-e895-4fc7-80df-ce6c264c388b/datanode-0/data/ratis/07fcf79d-71a6-466e-9ec5-0224d9bf4a68 does not exist. Creating ...
2019-09-25 05:06:12,677 [pool-27-thread-1] INFO  storage.RaftStorageDirectory (RaftStorageDirectory.java:tryLock(328)) - Lock on /workdir/hadoop-ozone/integration-test/target/test-dir/MiniOzoneClusterImpl-23306158-e895-4fc7-80df-ce6c264c388b/datanode-0/data/ratis/07fcf79d-71a6-466e-9ec5-0224d9bf4a68/in_use.lock acquired by nodename 25526@pr-hdds-1569-s62bp-3040748787
2019-09-25 05:06:12,682 [Thread-261] INFO  impl.FollowerState (FollowerState.java:run(106)) - f77bfc29-6991-4b1d-a503-f706c83de4fc:group-AE5757F1B605 changes to CANDIDATE, lastRpcTime:5185, electionTimeout:5185ms
2019-09-25 05:06:12,682 [Thread-261] INFO  impl.RoleInfo (RoleInfo.java:shutdownFollowerState(121)) - f77bfc29-6991-4b1d-a503-f706c83de4fc: shutdown FollowerState
2019-09-25 05:06:12,682 [Thread-261] INFO  impl.RaftServerImpl (RaftServerImpl.java:setRole(174)) - f77bfc29-6991-4b1d-a503-f706c83de4fc@group-AE5757F1B605: changes role from  FOLLOWER to CANDIDATE at term 0 for changeToCandidate
2019-09-25 05:06:12,682 [Thread-261] INFO  impl.RoleInfo (RoleInfo.java:updateAndGet(143)) - f77bfc29-6991-4b1d-a503-f706c83de4fc: start LeaderElection
2019-09-25 05:06:12,703 [pool-27-thread-1] INFO  storage.RaftStorage (RaftStorage.java:format(72)) - Storage directory /workdir/hadoop-ozone/integration-test/target/test-dir/MiniOzoneClusterImpl-23306158-e895-4fc7-80df-ce6c264c388b/datanode-0/data/ratis/07fcf79d-71a6-466e-9ec5-0224d9bf4a68 has been successfully formatted.
2019-09-25 05:06:12,704 [pool-27-thread-1] INFO  ratis.ContainerStateMachine (ContainerStateMachine.java:loadSnapshot(230)) - group-0224D9BF4A68: The snapshot info is null. Setting the last applied indexto:(t:0, i:~)
2019-09-25 05:06:12,704 [pool-27-thread-1] INFO  server.RaftServerConfigKeys (ConfUtils.java:logGet(43)) - raft.server.notification.no-leader.timeout = 120s (custom)
2019-09-25 05:06:12,704 [pool-27-thread-1] INFO  server.RaftServerConfigKeys (ConfUtils.java:logGet(43)) - raft.server.log.use.memory = false (default)
2019-09-25 05:06:12,704 [pool-27-thread-1] INFO  server.RaftServerConfigKeys (ConfUtils.java:logGet(43)) - raft.server.log.purge.gap = 1000000 (custom)
2019-09-25 05:06:12,704 [pool-27-thread-1] INFO  server.RaftServerConfigKeys (ConfUtils.java:logGet(43)) - raft.server.log.appender.buffer.byte-limit = 33554432 (custom)
2019-09-25 05:06:12,704 [pool-27-thread-1] INFO  server.RaftServerConfigKeys (ConfUtils.java:logGet(43)) - raft.server.log.segment.size.max = 1048576 (custom)
2019-09-25 05:06:12,705 [pool-27-thread-1] INFO  server.RaftServerConfigKeys (ConfUtils.java:logGet(43)) - raft.server.log.segment.cache.num.max = 2 (custom)
2019-09-25 05:06:12,705 [pool-27-thread-1] INFO  segmented.SegmentedRaftLogWorker (SegmentedRaftLogWorker.java:<init>(172)) - new f77bfc29-6991-4b1d-a503-f706c83de4fc@group-0224D9BF4A68-SegmentedRaftLogWorker for RaftStorage:Storage Directory /workdir/hadoop-ozone/integration-test/target/test-dir/MiniOzoneClusterImpl-23306158-e895-4fc7-80df-ce6c264c388b/datanode-0/data/ratis/07fcf79d-71a6-466e-9ec5-0224d9bf4a68
2019-09-25 05:06:12,705 [pool-27-thread-1] INFO  server.RaftServerConfigKeys (ConfUtils.java:logGet(43)) - raft.server.log.queue.byte-limit = 2147483647 (custom)
2019-09-25 05:06:12,705 [pool-27-thread-1] INFO  server.RaftServerConfigKeys (ConfUtils.java:logGet(43)) - raft.server.log.queue.element-limit = 1024 (custom)
2019-09-25 05:06:12,705 [pool-27-thread-1] INFO  server.RaftServerConfigKeys (ConfUtils.java:logGet(43)) - raft.server.log.segment.size.max = 1048576 (custom)
2019-09-25 05:06:12,705 [pool-27-thread-1] INFO  server.RaftServerConfigKeys (ConfUtils.java:logGet(43)) - raft.server.log.preallocated.size = 16384 (custom)
2019-09-25 05:06:12,706 [pool-27-thread-1] INFO  server.RaftServerConfigKeys (ConfUtils.java:logGet(43)) - raft.server.log.write.buffer.size = 33554432 (custom)
2019-09-25 05:06:12,706 [pool-27-thread-1] INFO  server.RaftServerConfigKeys (ConfUtils.java:logGet(43)) - raft.server.log.force.sync.num = 128 (default)
2019-09-25 05:06:12,706 [pool-27-thread-1] INFO  server.RaftServerConfigKeys (ConfUtils.java:logGet(43)) - raft.server.log.statemachine.data.sync = true (default)
2019-09-25 05:06:12,706 [pool-27-thread-1] INFO  server.RaftServerConfigKeys (ConfUtils.java:logGet(43)) - raft.server.log.statemachine.data.sync.timeout = 10s (default)
2019-09-25 05:06:12,706 [pool-27-thread-1] INFO  server.RaftServerConfigKeys (ConfUtils.java:logGet(43)) - raft.server.log.statemachine.data.sync.timeout.retry = -1 (default)
2019-09-25 05:06:12,706 [pool-27-thread-1] INFO  server.RaftServerConfigKeys (ConfUtils.java:logGet(43)) - raft.server.log.statemachine.data.caching.enabled = true (custom)
2019-09-25 05:06:12,707 [pool-27-thread-1] INFO  segmented.SegmentedRaftLogWorker (SegmentedRaftLogWorker.java:lambda$new$0(132)) - f77bfc29-6991-4b1d-a503-f706c83de4fc@group-0224D9BF4A68-SegmentedRaftLogWorker: flushIndex: setUnconditionally 0 -> -1
2019-09-25 05:06:12,707 [pool-27-thread-1] INFO  server.RaftServerConfigKeys (ConfUtils.java:logGet(43)) - raft.server.snapshot.auto.trigger.enabled = true (custom)
2019-09-25 05:06:12,707 [pool-27-thread-1] INFO  server.RaftServerConfigKeys (ConfUtils.java:logGet(43)) - raft.server.snapshot.auto.trigger.threshold = 10000 (custom)
2019-09-25 05:06:12,707 [pool-27-thread-1] INFO  server.RaftServerConfigKeys (ConfUtils.java:logGet(43)) - raft.server.snapshot.retention.num.files = 5 (custom)
2019-09-25 05:06:12,708 [pool-27-thread-1] INFO  server.RaftServerConfigKeys (ConfUtils.java:logGet(43)) - raft.server.retrycache.expirytime = 600000ms (custom)
2019-09-25 05:06:12,711 [pool-27-thread-1] INFO  impl.RaftServerImpl (RaftServerImpl.java:start(185)) - f77bfc29-6991-4b1d-a503-f706c83de4fc@group-0224D9BF4A68: start as a follower, conf=-1: [f77bfc29-6991-4b1d-a503-f706c83de4fc:192.168.30.10:35112], old=null
2019-09-25 05:06:12,711 [pool-27-thread-1] INFO  impl.RaftServerImpl (RaftServerImpl.java:setRole(174)) - f77bfc29-6991-4b1d-a503-f706c83de4fc@group-0224D9BF4A68: changes role from      null to FOLLOWER at term 0 for startAsFollower
2019-09-25 05:06:12,711 [pool-27-thread-1] INFO  impl.RoleInfo (RoleInfo.java:updateAndGet(143)) - f77bfc29-6991-4b1d-a503-f706c83de4fc: start FollowerState
2019-09-25 05:06:12,711 [pool-27-thread-1] INFO  util.JmxRegister (JmxRegister.java:tryRegister(44)) - Successfully registered JMX Bean with object name Ratis:service=RaftServer,group=group-0224D9BF4A68,id=f77bfc29-6991-4b1d-a503-f706c83de4fc
2019-09-25 05:06:12,712 [36ac27b3-2f11-437d-8f1f-165306b0ff4a@group-A3782729861B-SegmentedRaftLogWorker] INFO  segmented.SegmentedRaftLogWorker (SegmentedRaftLogWorker.java:execute(569)) - 36ac27b3-2f11-437d-8f1f-165306b0ff4a@group-A3782729861B-SegmentedRaftLogWorker: created new log segment /workdir/hadoop-ozone/integration-test/target/test-dir/MiniOzoneClusterImpl-23306158-e895-4fc7-80df-ce6c264c388b/datanode-1/data/ratis/db07bc35-bc39-4a88-bcd7-a3782729861b/current/log_inprogress_0
2019-09-25 05:06:12,712 [f77bfc29-6991-4b1d-a503-f706c83de4fc@group-AE5757F1B605:LeaderElection9] INFO  impl.LeaderElection (LeaderElection.java:askForVotes(182)) - f77bfc29-6991-4b1d-a503-f706c83de4fc@group-AE5757F1B605:LeaderElection9: begin an election at term 1 for -1: [f77bfc29-6991-4b1d-a503-f706c83de4fc:192.168.30.10:35112], old=null
2019-09-25 05:06:12,713 [f77bfc29-6991-4b1d-a503-f706c83de4fc@group-AE5757F1B605:LeaderElection9] INFO  impl.RoleInfo (RoleInfo.java:shutdownLeaderElection(134)) - f77bfc29-6991-4b1d-a503-f706c83de4fc: shutdown LeaderElection
2019-09-25 05:06:12,713 [f77bfc29-6991-4b1d-a503-f706c83de4fc@group-AE5757F1B605:LeaderElection9] INFO  impl.RaftServerImpl (RaftServerImpl.java:setRole(174)) - f77bfc29-6991-4b1d-a503-f706c83de4fc@group-AE5757F1B605: changes role from CANDIDATE to LEADER at term 1 for changeToLeader
2019-09-25 05:06:12,713 [f77bfc29-6991-4b1d-a503-f706c83de4fc@group-AE5757F1B605:LeaderElection9] INFO  impl.RaftServerImpl (ServerState.java:setLeader(253)) - f77bfc29-6991-4b1d-a503-f706c83de4fc@group-AE5757F1B605: change Leader from null to f77bfc29-6991-4b1d-a503-f706c83de4fc at term 1 for becomeLeader, leader elected after 5224ms
2019-09-25 05:06:12,713 [f77bfc29-6991-4b1d-a503-f706c83de4fc@group-AE5757F1B605:LeaderElection9] INFO  server.RaftServerConfigKeys (ConfUtils.java:logGet(43)) - raft.server.staging.catchup.gap = 1000 (default)
2019-09-25 05:06:12,713 [f77bfc29-6991-4b1d-a503-f706c83de4fc@group-AE5757F1B605:LeaderElection9] INFO  server.RaftServerConfigKeys (ConfUtils.java:logGet(43)) - raft.server.rpc.sleep.time = 25ms (default)
2019-09-25 05:06:12,714 [f77bfc29-6991-4b1d-a503-f706c83de4fc@group-AE5757F1B605:LeaderElection9] INFO  server.RaftServerConfigKeys (ConfUtils.java:logGet(43)) - raft.server.write.element-limit = 4096 (default)
2019-09-25 05:06:12,714 [f77bfc29-6991-4b1d-a503-f706c83de4fc@group-AE5757F1B605:LeaderElection9] INFO  server.RaftServerConfigKeys (ConfUtils.java:logGet(43)) - raft.server.watch.timeout = 10s (default)
2019-09-25 05:06:12,714 [f77bfc29-6991-4b1d-a503-f706c83de4fc@group-AE5757F1B605:LeaderElection9] INFO  server.RaftServerConfigKeys (ConfUtils.java:logGet(43)) - raft.server.watch.timeout.denomination = 1s (default)
2019-09-25 05:06:12,714 [f77bfc29-6991-4b1d-a503-f706c83de4fc@group-AE5757F1B605:LeaderElection9] INFO  server.RaftServerConfigKeys (ConfUtils.java:logGet(43)) - raft.server.watch.element-limit = 65536 (default)
2019-09-25 05:06:12,714 [RatisPipelineUtilsThread] INFO  pipeline.PipelineStateManager (PipelineStateManager.java:addPipeline(56)) - Created pipeline Pipeline[ Id: 07fcf79d-71a6-466e-9ec5-0224d9bf4a68, Nodes: f77bfc29-6991-4b1d-a503-f706c83de4fc{ip: 192.168.30.10, host: pr-hdds-1569-s62bp-3040748787, networkLocation: /default-rack, certSerialId: null}, Type:RATIS, Factor:ONE, State:OPEN]
2019-09-25 05:06:12,716 [f77bfc29-6991-4b1d-a503-f706c83de4fc@group-AE5757F1B605:LeaderElection9] INFO  impl.RoleInfo (RoleInfo.java:updateAndGet(143)) - f77bfc29-6991-4b1d-a503-f706c83de4fc: start LeaderState
2019-09-25 05:06:12,717 [f77bfc29-6991-4b1d-a503-f706c83de4fc@group-AE5757F1B605:LeaderElection9] INFO  segmented.SegmentedRaftLogWorker (SegmentedRaftLogWorker.java:startLogSegment(380)) - f77bfc29-6991-4b1d-a503-f706c83de4fc@group-AE5757F1B605-SegmentedRaftLogWorker: Starting segment from index:0
2019-09-25 05:06:12,717 [f77bfc29-6991-4b1d-a503-f706c83de4fc@group-AE5757F1B605:LeaderElection9] INFO  impl.RaftServerImpl (ServerState.java:setRaftConf(354)) - f77bfc29-6991-4b1d-a503-f706c83de4fc@group-AE5757F1B605: set configuration 0: [f77bfc29-6991-4b1d-a503-f706c83de4fc:192.168.30.10:35112], old=null at 0
2019-09-25 05:06:12,749 [Thread-267] INFO  impl.FollowerState (FollowerState.java:run(106)) - de37f7a0-0375-40a9-a318-404478482fcb:group-D39DEE7A5527 changes to CANDIDATE, lastRpcTime:5080, electionTimeout:5059ms
2019-09-25 05:06:12,749 [Thread-267] INFO  impl.RoleInfo (RoleInfo.java:shutdownFollowerState(121)) - de37f7a0-0375-40a9-a318-404478482fcb: shutdown FollowerState
2019-09-25 05:06:12,749 [Thread-267] INFO  impl.RaftServerImpl (RaftServerImpl.java:setRole(174)) - de37f7a0-0375-40a9-a318-404478482fcb@group-D39DEE7A5527: changes role from  FOLLOWER to CANDIDATE at term 0 for changeToCandidate
2019-09-25 05:06:12,749 [Thread-267] INFO  impl.RoleInfo (RoleInfo.java:updateAndGet(143)) - de37f7a0-0375-40a9-a318-404478482fcb: start LeaderElection
2019-09-25 05:06:12,752 [f77bfc29-6991-4b1d-a503-f706c83de4fc@group-AE5757F1B605-SegmentedRaftLogWorker] INFO  segmented.SegmentedRaftLogWorker (SegmentedRaftLogWorker.java:execute(569)) - f77bfc29-6991-4b1d-a503-f706c83de4fc@group-AE5757F1B605-SegmentedRaftLogWorker: created new log segment /workdir/hadoop-ozone/integration-test/target/test-dir/MiniOzoneClusterImpl-23306158-e895-4fc7-80df-ce6c264c388b/datanode-0/data/ratis/69ca9052-811c-4b21-889d-ae5757f1b605/current/log_inprogress_0
2019-09-25 05:06:12,759 [grpc-default-executor-0] INFO  impl.RaftServerProxy (RaftServerProxy.java:addNew(89)) - 692224c4-5202-4921-98cc-04d5c60c79cc: addNew group-BA4E288B6498:[692224c4-5202-4921-98cc-04d5c60c79cc:192.168.30.10:38144] returns group-BA4E288B6498:java.util.concurrent.CompletableFuture@4a730ff4[Not completed]
2019-09-25 05:06:12,760 [pool-67-thread-1] INFO  impl.RaftServerImpl (RaftServerImpl.java:<init>(95)) - 692224c4-5202-4921-98cc-04d5c60c79cc: new RaftServerImpl for group-BA4E288B6498:[692224c4-5202-4921-98cc-04d5c60c79cc:192.168.30.10:38144] with ContainerStateMachine:uninitialized
2019-09-25 05:06:12,761 [pool-67-thread-1] INFO  server.RaftServerConfigKeys (ConfUtils.java:logGet(43)) - raft.server.rpc.timeout.min = 5s (custom)
2019-09-25 05:06:12,761 [pool-67-thread-1] INFO  server.RaftServerConfigKeys (ConfUtils.java:logGet(43)) - raft.server.rpc.timeout.max = 5200ms (custom)
2019-09-25 05:06:12,761 [pool-67-thread-1] INFO  server.RaftServerConfigKeys (ConfUtils.java:logGet(43)) - raft.server.rpcslowness.timeout = 120s (custom)
2019-09-25 05:06:12,761 [pool-67-thread-1] INFO  server.RaftServerConfigKeys (ConfUtils.java:logGet(43)) - raft.server.sleep.deviation.threshold = 300 (default)
2019-09-25 05:06:12,761 [pool-67-thread-1] INFO  server.RaftServerConfigKeys (ConfUtils.java:logGet(43)) - raft.server.log.appender.install.snapshot.enabled = false (custom)
2019-09-25 05:06:12,761 [pool-67-thread-1] INFO  impl.RaftServerImpl (ServerState.java:<init>(103)) - 692224c4-5202-4921-98cc-04d5c60c79cc@group-BA4E288B6498: ConfigurationManager, init=-1: [692224c4-5202-4921-98cc-04d5c60c79cc:192.168.30.10:38144], old=null, confs=<EMPTY_MAP>
2019-09-25 05:06:12,762 [pool-67-thread-1] INFO  server.RaftServerConfigKeys (ConfUtils.java:logGet(43)) - raft.server.storage.dir = [/workdir/hadoop-ozone/integration-test/target/test-dir/MiniOzoneClusterImpl-23306158-e895-4fc7-80df-ce6c264c388b/datanode-4/data/ratis] (custom)
2019-09-25 05:06:12,762 [pool-67-thread-1] INFO  storage.RaftStorageDirectory (RaftStorageDirectory.java:analyzeStorage(246)) - The storage directory /workdir/hadoop-ozone/integration-test/target/test-dir/MiniOzoneClusterImpl-23306158-e895-4fc7-80df-ce6c264c388b/datanode-4/data/ratis/4a6cf090-b78f-4d67-8423-ba4e288b6498 does not exist. Creating ...
2019-09-25 05:06:12,772 [pool-67-thread-1] INFO  storage.RaftStorageDirectory (RaftStorageDirectory.java:tryLock(328)) - Lock on /workdir/hadoop-ozone/integration-test/target/test-dir/MiniOzoneClusterImpl-23306158-e895-4fc7-80df-ce6c264c388b/datanode-4/data/ratis/4a6cf090-b78f-4d67-8423-ba4e288b6498/in_use.lock acquired by nodename 25526@pr-hdds-1569-s62bp-3040748787
2019-09-25 05:06:12,772 [de37f7a0-0375-40a9-a318-404478482fcb@group-D39DEE7A5527:LeaderElection10] INFO  impl.LeaderElection (LeaderElection.java:askForVotes(182)) - de37f7a0-0375-40a9-a318-404478482fcb@group-D39DEE7A5527:LeaderElection10: begin an election at term 1 for -1: [de37f7a0-0375-40a9-a318-404478482fcb:192.168.30.10:44522], old=null
2019-09-25 05:06:12,773 [de37f7a0-0375-40a9-a318-404478482fcb@group-D39DEE7A5527:LeaderElection10] INFO  impl.RoleInfo (RoleInfo.java:shutdownLeaderElection(134)) - de37f7a0-0375-40a9-a318-404478482fcb: shutdown LeaderElection
2019-09-25 05:06:12,773 [de37f7a0-0375-40a9-a318-404478482fcb@group-D39DEE7A5527:LeaderElection10] INFO  impl.RaftServerImpl (RaftServerImpl.java:setRole(174)) - de37f7a0-0375-40a9-a318-404478482fcb@group-D39DEE7A5527: changes role from CANDIDATE to LEADER at term 1 for changeToLeader
2019-09-25 05:06:12,773 [de37f7a0-0375-40a9-a318-404478482fcb@group-D39DEE7A5527:LeaderElection10] INFO  impl.RaftServerImpl (ServerState.java:setLeader(253)) - de37f7a0-0375-40a9-a318-404478482fcb@group-D39DEE7A5527: change Leader from null to de37f7a0-0375-40a9-a318-404478482fcb at term 1 for becomeLeader, leader elected after 5130ms
2019-09-25 05:06:12,776 [de37f7a0-0375-40a9-a318-404478482fcb@group-D39DEE7A5527:LeaderElection10] INFO  server.RaftServerConfigKeys (ConfUtils.java:logGet(43)) - raft.server.staging.catchup.gap = 1000 (default)
2019-09-25 05:06:12,776 [de37f7a0-0375-40a9-a318-404478482fcb@group-D39DEE7A5527:LeaderElection10] INFO  server.RaftServerConfigKeys (ConfUtils.java:logGet(43)) - raft.server.rpc.sleep.time = 25ms (default)
2019-09-25 05:06:12,776 [de37f7a0-0375-40a9-a318-404478482fcb@group-D39DEE7A5527:LeaderElection10] INFO  server.RaftServerConfigKeys (ConfUtils.java:logGet(43)) - raft.server.write.element-limit = 4096 (default)
2019-09-25 05:06:12,776 [de37f7a0-0375-40a9-a318-404478482fcb@group-D39DEE7A5527:LeaderElection10] INFO  server.RaftServerConfigKeys (ConfUtils.java:logGet(43)) - raft.server.watch.timeout = 10s (default)
2019-09-25 05:06:12,776 [de37f7a0-0375-40a9-a318-404478482fcb@group-D39DEE7A5527:LeaderElection10] INFO  server.RaftServerConfigKeys (ConfUtils.java:logGet(43)) - raft.server.watch.timeout.denomination = 1s (default)
2019-09-25 05:06:12,776 [de37f7a0-0375-40a9-a318-404478482fcb@group-D39DEE7A5527:LeaderElection10] INFO  server.RaftServerConfigKeys (ConfUtils.java:logGet(43)) - raft.server.watch.element-limit = 65536 (default)
2019-09-25 05:06:12,779 [de37f7a0-0375-40a9-a318-404478482fcb@group-D39DEE7A5527:LeaderElection10] INFO  impl.RoleInfo (RoleInfo.java:updateAndGet(143)) - de37f7a0-0375-40a9-a318-404478482fcb: start LeaderState
2019-09-25 05:06:12,779 [de37f7a0-0375-40a9-a318-404478482fcb@group-D39DEE7A5527:LeaderElection10] INFO  segmented.SegmentedRaftLogWorker (SegmentedRaftLogWorker.java:startLogSegment(380)) - de37f7a0-0375-40a9-a318-404478482fcb@group-D39DEE7A5527-SegmentedRaftLogWorker: Starting segment from index:0
2019-09-25 05:06:12,779 [de37f7a0-0375-40a9-a318-404478482fcb@group-D39DEE7A5527:LeaderElection10] INFO  impl.RaftServerImpl (ServerState.java:setRaftConf(354)) - de37f7a0-0375-40a9-a318-404478482fcb@group-D39DEE7A5527: set configuration 0: [de37f7a0-0375-40a9-a318-404478482fcb:192.168.30.10:44522], old=null at 0
2019-09-25 05:06:12,822 [pool-67-thread-1] INFO  storage.RaftStorage (RaftStorage.java:format(72)) - Storage directory /workdir/hadoop-ozone/integration-test/target/test-dir/MiniOzoneClusterImpl-23306158-e895-4fc7-80df-ce6c264c388b/datanode-4/data/ratis/4a6cf090-b78f-4d67-8423-ba4e288b6498 has been successfully formatted.
2019-09-25 05:06:12,822 [pool-67-thread-1] INFO  ratis.ContainerStateMachine (ContainerStateMachine.java:loadSnapshot(230)) - group-BA4E288B6498: The snapshot info is null. Setting the last applied indexto:(t:0, i:~)
2019-09-25 05:06:12,823 [pool-67-thread-1] INFO  server.RaftServerConfigKeys (ConfUtils.java:logGet(43)) - raft.server.notification.no-leader.timeout = 120s (custom)
2019-09-25 05:06:12,823 [pool-67-thread-1] INFO  server.RaftServerConfigKeys (ConfUtils.java:logGet(43)) - raft.server.log.use.memory = false (default)
2019-09-25 05:06:12,823 [pool-67-thread-1] INFO  server.RaftServerConfigKeys (ConfUtils.java:logGet(43)) - raft.server.log.purge.gap = 1000000 (custom)
2019-09-25 05:06:12,823 [pool-67-thread-1] INFO  server.RaftServerConfigKeys (ConfUtils.java:logGet(43)) - raft.server.log.appender.buffer.byte-limit = 33554432 (custom)
2019-09-25 05:06:12,823 [pool-67-thread-1] INFO  server.RaftServerConfigKeys (ConfUtils.java:logGet(43)) - raft.server.log.segment.size.max = 1048576 (custom)
2019-09-25 05:06:12,823 [pool-67-thread-1] INFO  server.RaftServerConfigKeys (ConfUtils.java:logGet(43)) - raft.server.log.segment.cache.num.max = 2 (custom)
2019-09-25 05:06:12,824 [pool-67-thread-1] INFO  segmented.SegmentedRaftLogWorker (SegmentedRaftLogWorker.java:<init>(172)) - new 692224c4-5202-4921-98cc-04d5c60c79cc@group-BA4E288B6498-SegmentedRaftLogWorker for RaftStorage:Storage Directory /workdir/hadoop-ozone/integration-test/target/test-dir/MiniOzoneClusterImpl-23306158-e895-4fc7-80df-ce6c264c388b/datanode-4/data/ratis/4a6cf090-b78f-4d67-8423-ba4e288b6498
2019-09-25 05:06:12,824 [pool-67-thread-1] INFO  server.RaftServerConfigKeys (ConfUtils.java:logGet(43)) - raft.server.log.queue.byte-limit = 2147483647 (custom)
2019-09-25 05:06:12,824 [pool-67-thread-1] INFO  server.RaftServerConfigKeys (ConfUtils.java:logGet(43)) - raft.server.log.queue.element-limit = 1024 (custom)
2019-09-25 05:06:12,824 [pool-67-thread-1] INFO  server.RaftServerConfigKeys (ConfUtils.java:logGet(43)) - raft.server.log.segment.size.max = 1048576 (custom)
2019-09-25 05:06:12,824 [pool-67-thread-1] INFO  server.RaftServerConfigKeys (ConfUtils.java:logGet(43)) - raft.server.log.preallocated.size = 16384 (custom)
2019-09-25 05:06:12,824 [pool-67-thread-1] INFO  server.RaftServerConfigKeys (ConfUtils.java:logGet(43)) - raft.server.log.write.buffer.size = 33554432 (custom)
2019-09-25 05:06:12,824 [pool-67-thread-1] INFO  server.RaftServerConfigKeys (ConfUtils.java:logGet(43)) - raft.server.log.force.sync.num = 128 (default)
2019-09-25 05:06:12,825 [pool-67-thread-1] INFO  server.RaftServerConfigKeys (ConfUtils.java:logGet(43)) - raft.server.log.statemachine.data.sync = true (default)
2019-09-25 05:06:12,825 [pool-67-thread-1] INFO  server.RaftServerConfigKeys (ConfUtils.java:logGet(43)) - raft.server.log.statemachine.data.sync.timeout = 10s (default)
2019-09-25 05:06:12,825 [pool-67-thread-1] INFO  server.RaftServerConfigKeys (ConfUtils.java:logGet(43)) - raft.server.log.statemachine.data.sync.timeout.retry = -1 (default)
2019-09-25 05:06:12,825 [pool-67-thread-1] INFO  server.RaftServerConfigKeys (ConfUtils.java:logGet(43)) - raft.server.log.statemachine.data.caching.enabled = true (custom)
2019-09-25 05:06:12,825 [pool-67-thread-1] INFO  segmented.SegmentedRaftLogWorker (SegmentedRaftLogWorker.java:lambda$new$0(132)) - 692224c4-5202-4921-98cc-04d5c60c79cc@group-BA4E288B6498-SegmentedRaftLogWorker: flushIndex: setUnconditionally 0 -> -1
2019-09-25 05:06:12,826 [pool-67-thread-1] INFO  server.RaftServerConfigKeys (ConfUtils.java:logGet(43)) - raft.server.snapshot.auto.trigger.enabled = true (custom)
2019-09-25 05:06:12,826 [pool-67-thread-1] INFO  server.RaftServerConfigKeys (ConfUtils.java:logGet(43)) - raft.server.snapshot.auto.trigger.threshold = 10000 (custom)
2019-09-25 05:06:12,826 [pool-67-thread-1] INFO  server.RaftServerConfigKeys (ConfUtils.java:logGet(43)) - raft.server.snapshot.retention.num.files = 5 (custom)
2019-09-25 05:06:12,826 [pool-67-thread-1] INFO  server.RaftServerConfigKeys (ConfUtils.java:logGet(43)) - raft.server.retrycache.expirytime = 600000ms (custom)
2019-09-25 05:06:12,829 [pool-67-thread-1] INFO  impl.RaftServerImpl (RaftServerImpl.java:start(185)) - 692224c4-5202-4921-98cc-04d5c60c79cc@group-BA4E288B6498: start as a follower, conf=-1: [692224c4-5202-4921-98cc-04d5c60c79cc:192.168.30.10:38144], old=null
2019-09-25 05:06:12,829 [pool-67-thread-1] INFO  impl.RaftServerImpl (RaftServerImpl.java:setRole(174)) - 692224c4-5202-4921-98cc-04d5c60c79cc@group-BA4E288B6498: changes role from      null to FOLLOWER at term 0 for startAsFollower
2019-09-25 05:06:12,829 [pool-67-thread-1] INFO  impl.RoleInfo (RoleInfo.java:updateAndGet(143)) - 692224c4-5202-4921-98cc-04d5c60c79cc: start FollowerState
2019-09-25 05:06:12,830 [pool-67-thread-1] INFO  util.JmxRegister (JmxRegister.java:tryRegister(44)) - Successfully registered JMX Bean with object name Ratis:service=RaftServer,group=group-BA4E288B6498,id=692224c4-5202-4921-98cc-04d5c60c79cc
2019-09-25 05:06:12,833 [RatisPipelineUtilsThread] INFO  pipeline.PipelineStateManager (PipelineStateManager.java:addPipeline(56)) - Created pipeline Pipeline[ Id: 4a6cf090-b78f-4d67-8423-ba4e288b6498, Nodes: 692224c4-5202-4921-98cc-04d5c60c79cc{ip: 192.168.30.10, host: pr-hdds-1569-s62bp-3040748787, networkLocation: /default-rack, certSerialId: null}, Type:RATIS, Factor:ONE, State:OPEN]
2019-09-25 05:06:12,834 [de37f7a0-0375-40a9-a318-404478482fcb@group-D39DEE7A5527-SegmentedRaftLogWorker] INFO  segmented.SegmentedRaftLogWorker (SegmentedRaftLogWorker.java:execute(569)) - de37f7a0-0375-40a9-a318-404478482fcb@group-D39DEE7A5527-SegmentedRaftLogWorker: created new log segment /workdir/hadoop-ozone/integration-test/target/test-dir/MiniOzoneClusterImpl-23306158-e895-4fc7-80df-ce6c264c388b/datanode-3/data/ratis/7b4d7503-a7b9-4b77-8640-d39dee7a5527/current/log_inprogress_0
2019-09-25 05:06:12,837 [Thread-271] INFO  impl.FollowerState (FollowerState.java:run(106)) - de37f7a0-0375-40a9-a318-404478482fcb:group-E5524B342943 changes to CANDIDATE, lastRpcTime:5092, electionTimeout:5090ms
2019-09-25 05:06:12,838 [Thread-271] INFO  impl.RoleInfo (RoleInfo.java:shutdownFollowerState(121)) - de37f7a0-0375-40a9-a318-404478482fcb: shutdown FollowerState
2019-09-25 05:06:12,838 [Thread-271] INFO  impl.RaftServerImpl (RaftServerImpl.java:setRole(174)) - de37f7a0-0375-40a9-a318-404478482fcb@group-E5524B342943: changes role from  FOLLOWER to CANDIDATE at term 0 for changeToCandidate
2019-09-25 05:06:12,838 [Thread-271] INFO  impl.RoleInfo (RoleInfo.java:updateAndGet(143)) - de37f7a0-0375-40a9-a318-404478482fcb: start LeaderElection
2019-09-25 05:06:12,849 [grpc-default-executor-0] INFO  impl.RaftServerProxy (RaftServerProxy.java:addNew(89)) - f77bfc29-6991-4b1d-a503-f706c83de4fc: addNew group-DD47C436208F:[f77bfc29-6991-4b1d-a503-f706c83de4fc:192.168.30.10:35112] returns group-DD47C436208F:java.util.concurrent.CompletableFuture@7d61851c[Not completed]
2019-09-25 05:06:12,850 [pool-27-thread-1] INFO  impl.RaftServerImpl (RaftServerImpl.java:<init>(95)) - f77bfc29-6991-4b1d-a503-f706c83de4fc: new RaftServerImpl for group-DD47C436208F:[f77bfc29-6991-4b1d-a503-f706c83de4fc:192.168.30.10:35112] with ContainerStateMachine:uninitialized
2019-09-25 05:06:12,850 [pool-27-thread-1] INFO  server.RaftServerConfigKeys (ConfUtils.java:logGet(43)) - raft.server.rpc.timeout.min = 5s (custom)
2019-09-25 05:06:12,851 [pool-27-thread-1] INFO  server.RaftServerConfigKeys (ConfUtils.java:logGet(43)) - raft.server.rpc.timeout.max = 5200ms (custom)
2019-09-25 05:06:12,851 [pool-27-thread-1] INFO  server.RaftServerConfigKeys (ConfUtils.java:logGet(43)) - raft.server.rpcslowness.timeout = 120s (custom)
2019-09-25 05:06:12,851 [pool-27-thread-1] INFO  server.RaftServerConfigKeys (ConfUtils.java:logGet(43)) - raft.server.sleep.deviation.threshold = 300 (default)
2019-09-25 05:06:12,851 [pool-27-thread-1] INFO  server.RaftServerConfigKeys (ConfUtils.java:logGet(43)) - raft.server.log.appender.install.snapshot.enabled = false (custom)
2019-09-25 05:06:12,851 [pool-27-thread-1] INFO  impl.RaftServerImpl (ServerState.java:<init>(103)) - f77bfc29-6991-4b1d-a503-f706c83de4fc@group-DD47C436208F: ConfigurationManager, init=-1: [f77bfc29-6991-4b1d-a503-f706c83de4fc:192.168.30.10:35112], old=null, confs=<EMPTY_MAP>
2019-09-25 05:06:12,851 [pool-27-thread-1] INFO  server.RaftServerConfigKeys (ConfUtils.java:logGet(43)) - raft.server.storage.dir = [/workdir/hadoop-ozone/integration-test/target/test-dir/MiniOzoneClusterImpl-23306158-e895-4fc7-80df-ce6c264c388b/datanode-0/data/ratis] (custom)
2019-09-25 05:06:12,852 [pool-27-thread-1] INFO  storage.RaftStorageDirectory (RaftStorageDirectory.java:analyzeStorage(246)) - The storage directory /workdir/hadoop-ozone/integration-test/target/test-dir/MiniOzoneClusterImpl-23306158-e895-4fc7-80df-ce6c264c388b/datanode-0/data/ratis/4f87a9c9-754b-4223-976c-dd47c436208f does not exist. Creating ...
2019-09-25 05:06:12,861 [pool-27-thread-1] INFO  storage.RaftStorageDirectory (RaftStorageDirectory.java:tryLock(328)) - Lock on /workdir/hadoop-ozone/integration-test/target/test-dir/MiniOzoneClusterImpl-23306158-e895-4fc7-80df-ce6c264c388b/datanode-0/data/ratis/4f87a9c9-754b-4223-976c-dd47c436208f/in_use.lock acquired by nodename 25526@pr-hdds-1569-s62bp-3040748787
2019-09-25 05:06:12,861 [de37f7a0-0375-40a9-a318-404478482fcb@group-E5524B342943:LeaderElection11] INFO  impl.LeaderElection (LeaderElection.java:askForVotes(182)) - de37f7a0-0375-40a9-a318-404478482fcb@group-E5524B342943:LeaderElection11: begin an election at term 1 for -1: [de37f7a0-0375-40a9-a318-404478482fcb:192.168.30.10:44522], old=null
2019-09-25 05:06:12,861 [de37f7a0-0375-40a9-a318-404478482fcb@group-E5524B342943:LeaderElection11] INFO  impl.RoleInfo (RoleInfo.java:shutdownLeaderElection(134)) - de37f7a0-0375-40a9-a318-404478482fcb: shutdown LeaderElection
2019-09-25 05:06:12,861 [de37f7a0-0375-40a9-a318-404478482fcb@group-E5524B342943:LeaderElection11] INFO  impl.RaftServerImpl (RaftServerImpl.java:setRole(174)) - de37f7a0-0375-40a9-a318-404478482fcb@group-E5524B342943: changes role from CANDIDATE to LEADER at term 1 for changeToLeader
2019-09-25 05:06:12,862 [de37f7a0-0375-40a9-a318-404478482fcb@group-E5524B342943:LeaderElection11] INFO  impl.RaftServerImpl (ServerState.java:setLeader(253)) - de37f7a0-0375-40a9-a318-404478482fcb@group-E5524B342943: change Leader from null to de37f7a0-0375-40a9-a318-404478482fcb at term 1 for becomeLeader, leader elected after 5122ms
2019-09-25 05:06:12,862 [de37f7a0-0375-40a9-a318-404478482fcb@group-E5524B342943:LeaderElection11] INFO  server.RaftServerConfigKeys (ConfUtils.java:logGet(43)) - raft.server.staging.catchup.gap = 1000 (default)
2019-09-25 05:06:12,862 [de37f7a0-0375-40a9-a318-404478482fcb@group-E5524B342943:LeaderElection11] INFO  server.RaftServerConfigKeys (ConfUtils.java:logGet(43)) - raft.server.rpc.sleep.time = 25ms (default)
2019-09-25 05:06:12,862 [de37f7a0-0375-40a9-a318-404478482fcb@group-E5524B342943:LeaderElection11] INFO  server.RaftServerConfigKeys (ConfUtils.java:logGet(43)) - raft.server.write.element-limit = 4096 (default)
2019-09-25 05:06:12,862 [de37f7a0-0375-40a9-a318-404478482fcb@group-E5524B342943:LeaderElection11] INFO  server.RaftServerConfigKeys (ConfUtils.java:logGet(43)) - raft.server.watch.timeout = 10s (default)
2019-09-25 05:06:12,862 [de37f7a0-0375-40a9-a318-404478482fcb@group-E5524B342943:LeaderElection11] INFO  server.RaftServerConfigKeys (ConfUtils.java:logGet(43)) - raft.server.watch.timeout.denomination = 1s (default)
2019-09-25 05:06:12,862 [de37f7a0-0375-40a9-a318-404478482fcb@group-E5524B342943:LeaderElection11] INFO  server.RaftServerConfigKeys (ConfUtils.java:logGet(43)) - raft.server.watch.element-limit = 65536 (default)
2019-09-25 05:06:12,865 [de37f7a0-0375-40a9-a318-404478482fcb@group-E5524B342943:LeaderElection11] INFO  impl.RoleInfo (RoleInfo.java:updateAndGet(143)) - de37f7a0-0375-40a9-a318-404478482fcb: start LeaderState
2019-09-25 05:06:12,865 [de37f7a0-0375-40a9-a318-404478482fcb@group-E5524B342943:LeaderElection11] INFO  segmented.SegmentedRaftLogWorker (SegmentedRaftLogWorker.java:startLogSegment(380)) - de37f7a0-0375-40a9-a318-404478482fcb@group-E5524B342943-SegmentedRaftLogWorker: Starting segment from index:0
2019-09-25 05:06:12,866 [de37f7a0-0375-40a9-a318-404478482fcb@group-E5524B342943:LeaderElection11] INFO  impl.RaftServerImpl (ServerState.java:setRaftConf(354)) - de37f7a0-0375-40a9-a318-404478482fcb@group-E5524B342943: set configuration 0: [de37f7a0-0375-40a9-a318-404478482fcb:192.168.30.10:44522], old=null at 0
2019-09-25 05:06:12,905 [Thread-274] INFO  impl.FollowerState (FollowerState.java:run(106)) - f77bfc29-6991-4b1d-a503-f706c83de4fc:group-A7F143AF9795 changes to CANDIDATE, lastRpcTime:5086, electionTimeout:5062ms
2019-09-25 05:06:12,905 [Thread-274] INFO  impl.RoleInfo (RoleInfo.java:shutdownFollowerState(121)) - f77bfc29-6991-4b1d-a503-f706c83de4fc: shutdown FollowerState
2019-09-25 05:06:12,905 [pool-27-thread-1] INFO  storage.RaftStorage (RaftStorage.java:format(72)) - Storage directory /workdir/hadoop-ozone/integration-test/target/test-dir/MiniOzoneClusterImpl-23306158-e895-4fc7-80df-ce6c264c388b/datanode-0/data/ratis/4f87a9c9-754b-4223-976c-dd47c436208f has been successfully formatted.
2019-09-25 05:06:12,905 [Thread-274] INFO  impl.RaftServerImpl (RaftServerImpl.java:setRole(174)) - f77bfc29-6991-4b1d-a503-f706c83de4fc@group-A7F143AF9795: changes role from  FOLLOWER to CANDIDATE at term 0 for changeToCandidate
2019-09-25 05:06:12,906 [Thread-274] INFO  impl.RoleInfo (RoleInfo.java:updateAndGet(143)) - f77bfc29-6991-4b1d-a503-f706c83de4fc: start LeaderElection
2019-09-25 05:06:12,906 [pool-27-thread-1] INFO  ratis.ContainerStateMachine (ContainerStateMachine.java:loadSnapshot(230)) - group-DD47C436208F: The snapshot info is null. Setting the last applied indexto:(t:0, i:~)
2019-09-25 05:06:12,906 [pool-27-thread-1] INFO  server.RaftServerConfigKeys (ConfUtils.java:logGet(43)) - raft.server.notification.no-leader.timeout = 120s (custom)
2019-09-25 05:06:12,909 [pool-27-thread-1] INFO  server.RaftServerConfigKeys (ConfUtils.java:logGet(43)) - raft.server.log.use.memory = false (default)
2019-09-25 05:06:12,913 [pool-27-thread-1] INFO  server.RaftServerConfigKeys (ConfUtils.java:logGet(43)) - raft.server.log.purge.gap = 1000000 (custom)
2019-09-25 05:06:12,913 [pool-27-thread-1] INFO  server.RaftServerConfigKeys (ConfUtils.java:logGet(43)) - raft.server.log.appender.buffer.byte-limit = 33554432 (custom)
2019-09-25 05:06:12,913 [pool-27-thread-1] INFO  server.RaftServerConfigKeys (ConfUtils.java:logGet(43)) - raft.server.log.segment.size.max = 1048576 (custom)
2019-09-25 05:06:12,913 [pool-27-thread-1] INFO  server.RaftServerConfigKeys (ConfUtils.java:logGet(43)) - raft.server.log.segment.cache.num.max = 2 (custom)
2019-09-25 05:06:12,914 [pool-27-thread-1] INFO  segmented.SegmentedRaftLogWorker (SegmentedRaftLogWorker.java:<init>(172)) - new f77bfc29-6991-4b1d-a503-f706c83de4fc@group-DD47C436208F-SegmentedRaftLogWorker for RaftStorage:Storage Directory /workdir/hadoop-ozone/integration-test/target/test-dir/MiniOzoneClusterImpl-23306158-e895-4fc7-80df-ce6c264c388b/datanode-0/data/ratis/4f87a9c9-754b-4223-976c-dd47c436208f
2019-09-25 05:06:12,914 [pool-27-thread-1] INFO  server.RaftServerConfigKeys (ConfUtils.java:logGet(43)) - raft.server.log.queue.byte-limit = 2147483647 (custom)
2019-09-25 05:06:12,914 [pool-27-thread-1] INFO  server.RaftServerConfigKeys (ConfUtils.java:logGet(43)) - raft.server.log.queue.element-limit = 1024 (custom)
2019-09-25 05:06:12,914 [pool-27-thread-1] INFO  server.RaftServerConfigKeys (ConfUtils.java:logGet(43)) - raft.server.log.segment.size.max = 1048576 (custom)
2019-09-25 05:06:12,914 [pool-27-thread-1] INFO  server.RaftServerConfigKeys (ConfUtils.java:logGet(43)) - raft.server.log.preallocated.size = 16384 (custom)
2019-09-25 05:06:12,914 [pool-27-thread-1] INFO  server.RaftServerConfigKeys (ConfUtils.java:logGet(43)) - raft.server.log.write.buffer.size = 33554432 (custom)
2019-09-25 05:06:12,914 [pool-27-thread-1] INFO  server.RaftServerConfigKeys (ConfUtils.java:logGet(43)) - raft.server.log.force.sync.num = 128 (default)
2019-09-25 05:06:12,914 [pool-27-thread-1] INFO  server.RaftServerConfigKeys (ConfUtils.java:logGet(43)) - raft.server.log.statemachine.data.sync = true (default)
2019-09-25 05:06:12,915 [pool-27-thread-1] INFO  server.RaftServerConfigKeys (ConfUtils.java:logGet(43)) - raft.server.log.statemachine.data.sync.timeout = 10s (default)
2019-09-25 05:06:12,915 [pool-27-thread-1] INFO  server.RaftServerConfigKeys (ConfUtils.java:logGet(43)) - raft.server.log.statemachine.data.sync.timeout.retry = -1 (default)
2019-09-25 05:06:12,915 [pool-27-thread-1] INFO  server.RaftServerConfigKeys (ConfUtils.java:logGet(43)) - raft.server.log.statemachine.data.caching.enabled = true (custom)
2019-09-25 05:06:12,915 [pool-27-thread-1] INFO  segmented.SegmentedRaftLogWorker (SegmentedRaftLogWorker.java:lambda$new$0(132)) - f77bfc29-6991-4b1d-a503-f706c83de4fc@group-DD47C436208F-SegmentedRaftLogWorker: flushIndex: setUnconditionally 0 -> -1
2019-09-25 05:06:12,916 [pool-27-thread-1] INFO  server.RaftServerConfigKeys (ConfUtils.java:logGet(43)) - raft.server.snapshot.auto.trigger.enabled = true (custom)
2019-09-25 05:06:12,916 [pool-27-thread-1] INFO  server.RaftServerConfigKeys (ConfUtils.java:logGet(43)) - raft.server.snapshot.auto.trigger.threshold = 10000 (custom)
2019-09-25 05:06:12,916 [pool-27-thread-1] INFO  server.RaftServerConfigKeys (ConfUtils.java:logGet(43)) - raft.server.snapshot.retention.num.files = 5 (custom)
2019-09-25 05:06:12,916 [pool-27-thread-1] INFO  server.RaftServerConfigKeys (ConfUtils.java:logGet(43)) - raft.server.retrycache.expirytime = 600000ms (custom)
2019-09-25 05:06:12,918 [pool-27-thread-1] INFO  impl.RaftServerImpl (RaftServerImpl.java:start(185)) - f77bfc29-6991-4b1d-a503-f706c83de4fc@group-DD47C436208F: start as a follower, conf=-1: [f77bfc29-6991-4b1d-a503-f706c83de4fc:192.168.30.10:35112], old=null
2019-09-25 05:06:12,918 [pool-27-thread-1] INFO  impl.RaftServerImpl (RaftServerImpl.java:setRole(174)) - f77bfc29-6991-4b1d-a503-f706c83de4fc@group-DD47C436208F: changes role from      null to FOLLOWER at term 0 for startAsFollower
2019-09-25 05:06:12,918 [pool-27-thread-1] INFO  impl.RoleInfo (RoleInfo.java:updateAndGet(143)) - f77bfc29-6991-4b1d-a503-f706c83de4fc: start FollowerState
2019-09-25 05:06:12,919 [pool-27-thread-1] INFO  util.JmxRegister (JmxRegister.java:tryRegister(44)) - Successfully registered JMX Bean with object name Ratis:service=RaftServer,group=group-DD47C436208F,id=f77bfc29-6991-4b1d-a503-f706c83de4fc
2019-09-25 05:06:12,919 [de37f7a0-0375-40a9-a318-404478482fcb@group-E5524B342943-SegmentedRaftLogWorker] INFO  segmented.SegmentedRaftLogWorker (SegmentedRaftLogWorker.java:execute(569)) - de37f7a0-0375-40a9-a318-404478482fcb@group-E5524B342943-SegmentedRaftLogWorker: created new log segment /workdir/hadoop-ozone/integration-test/target/test-dir/MiniOzoneClusterImpl-23306158-e895-4fc7-80df-ce6c264c388b/datanode-3/data/ratis/5298202e-f6f3-4090-99ea-e5524b342943/current/log_inprogress_0
2019-09-25 05:06:12,919 [f77bfc29-6991-4b1d-a503-f706c83de4fc@group-A7F143AF9795:LeaderElection12] INFO  impl.LeaderElection (LeaderElection.java:askForVotes(182)) - f77bfc29-6991-4b1d-a503-f706c83de4fc@group-A7F143AF9795:LeaderElection12: begin an election at term 1 for -1: [f77bfc29-6991-4b1d-a503-f706c83de4fc:192.168.30.10:35112], old=null
2019-09-25 05:06:12,919 [f77bfc29-6991-4b1d-a503-f706c83de4fc@group-A7F143AF9795:LeaderElection12] INFO  impl.RoleInfo (RoleInfo.java:shutdownLeaderElection(134)) - f77bfc29-6991-4b1d-a503-f706c83de4fc: shutdown LeaderElection
2019-09-25 05:06:12,919 [f77bfc29-6991-4b1d-a503-f706c83de4fc@group-A7F143AF9795:LeaderElection12] INFO  impl.RaftServerImpl (RaftServerImpl.java:setRole(174)) - f77bfc29-6991-4b1d-a503-f706c83de4fc@group-A7F143AF9795: changes role from CANDIDATE to LEADER at term 1 for changeToLeader
2019-09-25 05:06:12,919 [f77bfc29-6991-4b1d-a503-f706c83de4fc@group-A7F143AF9795:LeaderElection12] INFO  impl.RaftServerImpl (ServerState.java:setLeader(253)) - f77bfc29-6991-4b1d-a503-f706c83de4fc@group-A7F143AF9795: change Leader from null to f77bfc29-6991-4b1d-a503-f706c83de4fc at term 1 for becomeLeader, leader elected after 5109ms
2019-09-25 05:06:12,919 [f77bfc29-6991-4b1d-a503-f706c83de4fc@group-A7F143AF9795:LeaderElection12] INFO  server.RaftServerConfigKeys (ConfUtils.java:logGet(43)) - raft.server.staging.catchup.gap = 1000 (default)
2019-09-25 05:06:12,919 [f77bfc29-6991-4b1d-a503-f706c83de4fc@group-A7F143AF9795:LeaderElection12] INFO  server.RaftServerConfigKeys (ConfUtils.java:logGet(43)) - raft.server.rpc.sleep.time = 25ms (default)
2019-09-25 05:06:12,919 [f77bfc29-6991-4b1d-a503-f706c83de4fc@group-A7F143AF9795:LeaderElection12] INFO  server.RaftServerConfigKeys (ConfUtils.java:logGet(43)) - raft.server.write.element-limit = 4096 (default)
2019-09-25 05:06:12,920 [f77bfc29-6991-4b1d-a503-f706c83de4fc@group-A7F143AF9795:LeaderElection12] INFO  server.RaftServerConfigKeys (ConfUtils.java:logGet(43)) - raft.server.watch.timeout = 10s (default)
2019-09-25 05:06:12,920 [f77bfc29-6991-4b1d-a503-f706c83de4fc@group-A7F143AF9795:LeaderElection12] INFO  server.RaftServerConfigKeys (ConfUtils.java:logGet(43)) - raft.server.watch.timeout.denomination = 1s (default)
2019-09-25 05:06:12,920 [f77bfc29-6991-4b1d-a503-f706c83de4fc@group-A7F143AF9795:LeaderElection12] INFO  server.RaftServerConfigKeys (ConfUtils.java:logGet(43)) - raft.server.watch.element-limit = 65536 (default)
2019-09-25 05:06:12,921 [f77bfc29-6991-4b1d-a503-f706c83de4fc@group-A7F143AF9795:LeaderElection12] INFO  impl.RoleInfo (RoleInfo.java:updateAndGet(143)) - f77bfc29-6991-4b1d-a503-f706c83de4fc: start LeaderState
2019-09-25 05:06:12,921 [RatisPipelineUtilsThread] INFO  pipeline.PipelineStateManager (PipelineStateManager.java:addPipeline(56)) - Created pipeline Pipeline[ Id: 4f87a9c9-754b-4223-976c-dd47c436208f, Nodes: f77bfc29-6991-4b1d-a503-f706c83de4fc{ip: 192.168.30.10, host: pr-hdds-1569-s62bp-3040748787, networkLocation: /default-rack, certSerialId: null}, Type:RATIS, Factor:ONE, State:OPEN]
2019-09-25 05:06:12,921 [f77bfc29-6991-4b1d-a503-f706c83de4fc@group-A7F143AF9795:LeaderElection12] INFO  segmented.SegmentedRaftLogWorker (SegmentedRaftLogWorker.java:startLogSegment(380)) - f77bfc29-6991-4b1d-a503-f706c83de4fc@group-A7F143AF9795-SegmentedRaftLogWorker: Starting segment from index:0
2019-09-25 05:06:12,922 [f77bfc29-6991-4b1d-a503-f706c83de4fc@group-A7F143AF9795:LeaderElection12] INFO  impl.RaftServerImpl (ServerState.java:setRaftConf(354)) - f77bfc29-6991-4b1d-a503-f706c83de4fc@group-A7F143AF9795: set configuration 0: [f77bfc29-6991-4b1d-a503-f706c83de4fc:192.168.30.10:35112], old=null at 0
2019-09-25 05:06:12,967 [grpc-default-executor-0] INFO  impl.RaftServerProxy (RaftServerProxy.java:addNew(89)) - 56396258-65a3-478c-9482-0be0199dd49c: addNew group-B63E6DF1E8D2:[56396258-65a3-478c-9482-0be0199dd49c:192.168.30.10:41678] returns group-B63E6DF1E8D2:java.util.concurrent.CompletableFuture@23c4342c[Not completed]
2019-09-25 05:06:12,968 [pool-87-thread-1] INFO  impl.RaftServerImpl (RaftServerImpl.java:<init>(95)) - 56396258-65a3-478c-9482-0be0199dd49c: new RaftServerImpl for group-B63E6DF1E8D2:[56396258-65a3-478c-9482-0be0199dd49c:192.168.30.10:41678] with ContainerStateMachine:uninitialized
2019-09-25 05:06:12,968 [pool-87-thread-1] INFO  server.RaftServerConfigKeys (ConfUtils.java:logGet(43)) - raft.server.rpc.timeout.min = 5s (custom)
2019-09-25 05:06:12,968 [pool-87-thread-1] INFO  server.RaftServerConfigKeys (ConfUtils.java:logGet(43)) - raft.server.rpc.timeout.max = 5200ms (custom)
2019-09-25 05:06:12,969 [pool-87-thread-1] INFO  server.RaftServerConfigKeys (ConfUtils.java:logGet(43)) - raft.server.rpcslowness.timeout = 120s (custom)
2019-09-25 05:06:12,969 [pool-87-thread-1] INFO  server.RaftServerConfigKeys (ConfUtils.java:logGet(43)) - raft.server.sleep.deviation.threshold = 300 (default)
2019-09-25 05:06:12,969 [pool-87-thread-1] INFO  server.RaftServerConfigKeys (ConfUtils.java:logGet(43)) - raft.server.log.appender.install.snapshot.enabled = false (custom)
2019-09-25 05:06:12,969 [pool-87-thread-1] INFO  impl.RaftServerImpl (ServerState.java:<init>(103)) - 56396258-65a3-478c-9482-0be0199dd49c@group-B63E6DF1E8D2: ConfigurationManager, init=-1: [56396258-65a3-478c-9482-0be0199dd49c:192.168.30.10:41678], old=null, confs=<EMPTY_MAP>
2019-09-25 05:06:12,969 [pool-87-thread-1] INFO  server.RaftServerConfigKeys (ConfUtils.java:logGet(43)) - raft.server.storage.dir = [/workdir/hadoop-ozone/integration-test/target/test-dir/MiniOzoneClusterImpl-23306158-e895-4fc7-80df-ce6c264c388b/datanode-6/data/ratis] (custom)
2019-09-25 05:06:12,970 [pool-87-thread-1] INFO  storage.RaftStorageDirectory (RaftStorageDirectory.java:analyzeStorage(246)) - The storage directory /workdir/hadoop-ozone/integration-test/target/test-dir/MiniOzoneClusterImpl-23306158-e895-4fc7-80df-ce6c264c388b/datanode-6/data/ratis/7e8d5ff4-7704-4a83-8047-b63e6df1e8d2 does not exist. Creating ...
2019-09-25 05:06:12,973 [pool-87-thread-1] INFO  storage.RaftStorageDirectory (RaftStorageDirectory.java:tryLock(328)) - Lock on /workdir/hadoop-ozone/integration-test/target/test-dir/MiniOzoneClusterImpl-23306158-e895-4fc7-80df-ce6c264c388b/datanode-6/data/ratis/7e8d5ff4-7704-4a83-8047-b63e6df1e8d2/in_use.lock acquired by nodename 25526@pr-hdds-1569-s62bp-3040748787
2019-09-25 05:06:12,973 [f77bfc29-6991-4b1d-a503-f706c83de4fc@group-A7F143AF9795-SegmentedRaftLogWorker] INFO  segmented.SegmentedRaftLogWorker (SegmentedRaftLogWorker.java:execute(569)) - f77bfc29-6991-4b1d-a503-f706c83de4fc@group-A7F143AF9795-SegmentedRaftLogWorker: created new log segment /workdir/hadoop-ozone/integration-test/target/test-dir/MiniOzoneClusterImpl-23306158-e895-4fc7-80df-ce6c264c388b/datanode-0/data/ratis/1170eaaf-d5a6-4a8d-bbd0-a7f143af9795/current/log_inprogress_0
2019-09-25 05:06:12,987 [pool-87-thread-1] INFO  storage.RaftStorage (RaftStorage.java:format(72)) - Storage directory /workdir/hadoop-ozone/integration-test/target/test-dir/MiniOzoneClusterImpl-23306158-e895-4fc7-80df-ce6c264c388b/datanode-6/data/ratis/7e8d5ff4-7704-4a83-8047-b63e6df1e8d2 has been successfully formatted.
2019-09-25 05:06:12,987 [pool-87-thread-1] INFO  ratis.ContainerStateMachine (ContainerStateMachine.java:loadSnapshot(230)) - group-B63E6DF1E8D2: The snapshot info is null. Setting the last applied indexto:(t:0, i:~)
2019-09-25 05:06:12,987 [pool-87-thread-1] INFO  server.RaftServerConfigKeys (ConfUtils.java:logGet(43)) - raft.server.notification.no-leader.timeout = 120s (custom)
2019-09-25 05:06:12,988 [pool-87-thread-1] INFO  server.RaftServerConfigKeys (ConfUtils.java:logGet(43)) - raft.server.log.use.memory = false (default)
2019-09-25 05:06:12,988 [pool-87-thread-1] INFO  server.RaftServerConfigKeys (ConfUtils.java:logGet(43)) - raft.server.log.purge.gap = 1000000 (custom)
2019-09-25 05:06:12,988 [pool-87-thread-1] INFO  server.RaftServerConfigKeys (ConfUtils.java:logGet(43)) - raft.server.log.appender.buffer.byte-limit = 33554432 (custom)
2019-09-25 05:06:12,988 [pool-87-thread-1] INFO  server.RaftServerConfigKeys (ConfUtils.java:logGet(43)) - raft.server.log.segment.size.max = 1048576 (custom)
2019-09-25 05:06:12,988 [pool-87-thread-1] INFO  server.RaftServerConfigKeys (ConfUtils.java:logGet(43)) - raft.server.log.segment.cache.num.max = 2 (custom)
2019-09-25 05:06:12,988 [pool-87-thread-1] INFO  segmented.SegmentedRaftLogWorker (SegmentedRaftLogWorker.java:<init>(172)) - new 56396258-65a3-478c-9482-0be0199dd49c@group-B63E6DF1E8D2-SegmentedRaftLogWorker for RaftStorage:Storage Directory /workdir/hadoop-ozone/integration-test/target/test-dir/MiniOzoneClusterImpl-23306158-e895-4fc7-80df-ce6c264c388b/datanode-6/data/ratis/7e8d5ff4-7704-4a83-8047-b63e6df1e8d2
2019-09-25 05:06:12,989 [pool-87-thread-1] INFO  server.RaftServerConfigKeys (ConfUtils.java:logGet(43)) - raft.server.log.queue.byte-limit = 2147483647 (custom)
2019-09-25 05:06:12,989 [pool-87-thread-1] INFO  server.RaftServerConfigKeys (ConfUtils.java:logGet(43)) - raft.server.log.queue.element-limit = 1024 (custom)
2019-09-25 05:06:12,989 [pool-87-thread-1] INFO  server.RaftServerConfigKeys (ConfUtils.java:logGet(43)) - raft.server.log.segment.size.max = 1048576 (custom)
2019-09-25 05:06:12,989 [pool-87-thread-1] INFO  server.RaftServerConfigKeys (ConfUtils.java:logGet(43)) - raft.server.log.preallocated.size = 16384 (custom)
2019-09-25 05:06:12,989 [pool-87-thread-1] INFO  server.RaftServerConfigKeys (ConfUtils.java:logGet(43)) - raft.server.log.write.buffer.size = 33554432 (custom)
2019-09-25 05:06:12,989 [pool-87-thread-1] INFO  server.RaftServerConfigKeys (ConfUtils.java:logGet(43)) - raft.server.log.force.sync.num = 128 (default)
2019-09-25 05:06:12,990 [pool-87-thread-1] INFO  server.RaftServerConfigKeys (ConfUtils.java:logGet(43)) - raft.server.log.statemachine.data.sync = true (default)
2019-09-25 05:06:12,990 [pool-87-thread-1] INFO  server.RaftServerConfigKeys (ConfUtils.java:logGet(43)) - raft.server.log.statemachine.data.sync.timeout = 10s (default)
2019-09-25 05:06:12,990 [pool-87-thread-1] INFO  server.RaftServerConfigKeys (ConfUtils.java:logGet(43)) - raft.server.log.statemachine.data.sync.timeout.retry = -1 (default)
2019-09-25 05:06:12,990 [pool-87-thread-1] INFO  server.RaftServerConfigKeys (ConfUtils.java:logGet(43)) - raft.server.log.statemachine.data.caching.enabled = true (custom)
2019-09-25 05:06:12,990 [pool-87-thread-1] INFO  segmented.SegmentedRaftLogWorker (SegmentedRaftLogWorker.java:lambda$new$0(132)) - 56396258-65a3-478c-9482-0be0199dd49c@group-B63E6DF1E8D2-SegmentedRaftLogWorker: flushIndex: setUnconditionally 0 -> -1
2019-09-25 05:06:12,991 [pool-87-thread-1] INFO  server.RaftServerConfigKeys (ConfUtils.java:logGet(43)) - raft.server.snapshot.auto.trigger.enabled = true (custom)
2019-09-25 05:06:12,991 [pool-87-thread-1] INFO  server.RaftServerConfigKeys (ConfUtils.java:logGet(43)) - raft.server.snapshot.auto.trigger.threshold = 10000 (custom)
2019-09-25 05:06:12,991 [pool-87-thread-1] INFO  server.RaftServerConfigKeys (ConfUtils.java:logGet(43)) - raft.server.snapshot.retention.num.files = 5 (custom)
2019-09-25 05:06:12,991 [pool-87-thread-1] INFO  server.RaftServerConfigKeys (ConfUtils.java:logGet(43)) - raft.server.retrycache.expirytime = 600000ms (custom)
2019-09-25 05:06:12,994 [pool-87-thread-1] INFO  impl.RaftServerImpl (RaftServerImpl.java:start(185)) - 56396258-65a3-478c-9482-0be0199dd49c@group-B63E6DF1E8D2: start as a follower, conf=-1: [56396258-65a3-478c-9482-0be0199dd49c:192.168.30.10:41678], old=null
2019-09-25 05:06:12,995 [pool-87-thread-1] INFO  impl.RaftServerImpl (RaftServerImpl.java:setRole(174)) - 56396258-65a3-478c-9482-0be0199dd49c@group-B63E6DF1E8D2: changes role from      null to FOLLOWER at term 0 for startAsFollower
2019-09-25 05:06:12,995 [pool-87-thread-1] INFO  impl.RoleInfo (RoleInfo.java:updateAndGet(143)) - 56396258-65a3-478c-9482-0be0199dd49c: start FollowerState
2019-09-25 05:06:12,995 [pool-87-thread-1] INFO  util.JmxRegister (JmxRegister.java:tryRegister(44)) - Successfully registered JMX Bean with object name Ratis:service=RaftServer,group=group-B63E6DF1E8D2,id=56396258-65a3-478c-9482-0be0199dd49c
2019-09-25 05:06:12,999 [RatisPipelineUtilsThread] INFO  pipeline.PipelineStateManager (PipelineStateManager.java:addPipeline(56)) - Created pipeline Pipeline[ Id: 7e8d5ff4-7704-4a83-8047-b63e6df1e8d2, Nodes: 56396258-65a3-478c-9482-0be0199dd49c{ip: 192.168.30.10, host: pr-hdds-1569-s62bp-3040748787, networkLocation: /default-rack, certSerialId: null}, Type:RATIS, Factor:ONE, State:OPEN]
2019-09-25 05:06:13,005 [grpc-default-executor-0] INFO  impl.RaftServerProxy (RaftServerProxy.java:addNew(89)) - f77bfc29-6991-4b1d-a503-f706c83de4fc: addNew group-FD68C919D676:[f77bfc29-6991-4b1d-a503-f706c83de4fc:192.168.30.10:35112] returns group-FD68C919D676:java.util.concurrent.CompletableFuture@5d1fbff2[Not completed]
2019-09-25 05:06:13,006 [pool-27-thread-1] INFO  impl.RaftServerImpl (RaftServerImpl.java:<init>(95)) - f77bfc29-6991-4b1d-a503-f706c83de4fc: new RaftServerImpl for group-FD68C919D676:[f77bfc29-6991-4b1d-a503-f706c83de4fc:192.168.30.10:35112] with ContainerStateMachine:uninitialized
2019-09-25 05:06:13,006 [pool-27-thread-1] INFO  server.RaftServerConfigKeys (ConfUtils.java:logGet(43)) - raft.server.rpc.timeout.min = 5s (custom)
2019-09-25 05:06:13,006 [pool-27-thread-1] INFO  server.RaftServerConfigKeys (ConfUtils.java:logGet(43)) - raft.server.rpc.timeout.max = 5200ms (custom)
2019-09-25 05:06:13,007 [pool-27-thread-1] INFO  server.RaftServerConfigKeys (ConfUtils.java:logGet(43)) - raft.server.rpcslowness.timeout = 120s (custom)
2019-09-25 05:06:13,007 [pool-27-thread-1] INFO  server.RaftServerConfigKeys (ConfUtils.java:logGet(43)) - raft.server.sleep.deviation.threshold = 300 (default)
2019-09-25 05:06:13,007 [pool-27-thread-1] INFO  server.RaftServerConfigKeys (ConfUtils.java:logGet(43)) - raft.server.log.appender.install.snapshot.enabled = false (custom)
2019-09-25 05:06:13,007 [pool-27-thread-1] INFO  impl.RaftServerImpl (ServerState.java:<init>(103)) - f77bfc29-6991-4b1d-a503-f706c83de4fc@group-FD68C919D676: ConfigurationManager, init=-1: [f77bfc29-6991-4b1d-a503-f706c83de4fc:192.168.30.10:35112], old=null, confs=<EMPTY_MAP>
2019-09-25 05:06:13,007 [pool-27-thread-1] INFO  server.RaftServerConfigKeys (ConfUtils.java:logGet(43)) - raft.server.storage.dir = [/workdir/hadoop-ozone/integration-test/target/test-dir/MiniOzoneClusterImpl-23306158-e895-4fc7-80df-ce6c264c388b/datanode-0/data/ratis] (custom)
2019-09-25 05:06:13,008 [pool-27-thread-1] INFO  storage.RaftStorageDirectory (RaftStorageDirectory.java:analyzeStorage(246)) - The storage directory /workdir/hadoop-ozone/integration-test/target/test-dir/MiniOzoneClusterImpl-23306158-e895-4fc7-80df-ce6c264c388b/datanode-0/data/ratis/ecc0c3ea-0d1a-415a-9922-fd68c919d676 does not exist. Creating ...
2019-09-25 05:06:13,017 [pool-27-thread-1] INFO  storage.RaftStorageDirectory (RaftStorageDirectory.java:tryLock(328)) - Lock on /workdir/hadoop-ozone/integration-test/target/test-dir/MiniOzoneClusterImpl-23306158-e895-4fc7-80df-ce6c264c388b/datanode-0/data/ratis/ecc0c3ea-0d1a-415a-9922-fd68c919d676/in_use.lock acquired by nodename 25526@pr-hdds-1569-s62bp-3040748787
2019-09-25 05:06:13,032 [pool-27-thread-1] INFO  storage.RaftStorage (RaftStorage.java:format(72)) - Storage directory /workdir/hadoop-ozone/integration-test/target/test-dir/MiniOzoneClusterImpl-23306158-e895-4fc7-80df-ce6c264c388b/datanode-0/data/ratis/ecc0c3ea-0d1a-415a-9922-fd68c919d676 has been successfully formatted.
2019-09-25 05:06:13,032 [pool-27-thread-1] INFO  ratis.ContainerStateMachine (ContainerStateMachine.java:loadSnapshot(230)) - group-FD68C919D676: The snapshot info is null. Setting the last applied indexto:(t:0, i:~)
2019-09-25 05:06:13,032 [pool-27-thread-1] INFO  server.RaftServerConfigKeys (ConfUtils.java:logGet(43)) - raft.server.notification.no-leader.timeout = 120s (custom)
2019-09-25 05:06:13,032 [pool-27-thread-1] INFO  server.RaftServerConfigKeys (ConfUtils.java:logGet(43)) - raft.server.log.use.memory = false (default)
2019-09-25 05:06:13,032 [pool-27-thread-1] INFO  server.RaftServerConfigKeys (ConfUtils.java:logGet(43)) - raft.server.log.purge.gap = 1000000 (custom)
2019-09-25 05:06:13,033 [pool-27-thread-1] INFO  server.RaftServerConfigKeys (ConfUtils.java:logGet(43)) - raft.server.log.appender.buffer.byte-limit = 33554432 (custom)
2019-09-25 05:06:13,033 [pool-27-thread-1] INFO  server.RaftServerConfigKeys (ConfUtils.java:logGet(43)) - raft.server.log.segment.size.max = 1048576 (custom)
2019-09-25 05:06:13,033 [pool-27-thread-1] INFO  server.RaftServerConfigKeys (ConfUtils.java:logGet(43)) - raft.server.log.segment.cache.num.max = 2 (custom)
2019-09-25 05:06:13,033 [pool-27-thread-1] INFO  segmented.SegmentedRaftLogWorker (SegmentedRaftLogWorker.java:<init>(172)) - new f77bfc29-6991-4b1d-a503-f706c83de4fc@group-FD68C919D676-SegmentedRaftLogWorker for RaftStorage:Storage Directory /workdir/hadoop-ozone/integration-test/target/test-dir/MiniOzoneClusterImpl-23306158-e895-4fc7-80df-ce6c264c388b/datanode-0/data/ratis/ecc0c3ea-0d1a-415a-9922-fd68c919d676
2019-09-25 05:06:13,033 [pool-27-thread-1] INFO  server.RaftServerConfigKeys (ConfUtils.java:logGet(43)) - raft.server.log.queue.byte-limit = 2147483647 (custom)
2019-09-25 05:06:13,033 [pool-27-thread-1] INFO  server.RaftServerConfigKeys (ConfUtils.java:logGet(43)) - raft.server.log.queue.element-limit = 1024 (custom)
2019-09-25 05:06:13,034 [pool-27-thread-1] INFO  server.RaftServerConfigKeys (ConfUtils.java:logGet(43)) - raft.server.log.segment.size.max = 1048576 (custom)
2019-09-25 05:06:13,034 [pool-27-thread-1] INFO  server.RaftServerConfigKeys (ConfUtils.java:logGet(43)) - raft.server.log.preallocated.size = 16384 (custom)
2019-09-25 05:06:13,034 [pool-27-thread-1] INFO  server.RaftServerConfigKeys (ConfUtils.java:logGet(43)) - raft.server.log.write.buffer.size = 33554432 (custom)
2019-09-25 05:06:13,034 [pool-27-thread-1] INFO  server.RaftServerConfigKeys (ConfUtils.java:logGet(43)) - raft.server.log.force.sync.num = 128 (default)
2019-09-25 05:06:13,034 [pool-27-thread-1] INFO  server.RaftServerConfigKeys (ConfUtils.java:logGet(43)) - raft.server.log.statemachine.data.sync = true (default)
2019-09-25 05:06:13,034 [pool-27-thread-1] INFO  server.RaftServerConfigKeys (ConfUtils.java:logGet(43)) - raft.server.log.statemachine.data.sync.timeout = 10s (default)
2019-09-25 05:06:13,035 [pool-27-thread-1] INFO  server.RaftServerConfigKeys (ConfUtils.java:logGet(43)) - raft.server.log.statemachine.data.sync.timeout.retry = -1 (default)
2019-09-25 05:06:13,035 [pool-27-thread-1] INFO  server.RaftServerConfigKeys (ConfUtils.java:logGet(43)) - raft.server.log.statemachine.data.caching.enabled = true (custom)
2019-09-25 05:06:13,035 [pool-27-thread-1] INFO  segmented.SegmentedRaftLogWorker (SegmentedRaftLogWorker.java:lambda$new$0(132)) - f77bfc29-6991-4b1d-a503-f706c83de4fc@group-FD68C919D676-SegmentedRaftLogWorker: flushIndex: setUnconditionally 0 -> -1
2019-09-25 05:06:13,036 [pool-27-thread-1] INFO  server.RaftServerConfigKeys (ConfUtils.java:logGet(43)) - raft.server.snapshot.auto.trigger.enabled = true (custom)
2019-09-25 05:06:13,036 [pool-27-thread-1] INFO  server.RaftServerConfigKeys (ConfUtils.java:logGet(43)) - raft.server.snapshot.auto.trigger.threshold = 10000 (custom)
2019-09-25 05:06:13,036 [pool-27-thread-1] INFO  server.RaftServerConfigKeys (ConfUtils.java:logGet(43)) - raft.server.snapshot.retention.num.files = 5 (custom)
2019-09-25 05:06:13,036 [pool-27-thread-1] INFO  server.RaftServerConfigKeys (ConfUtils.java:logGet(43)) - raft.server.retrycache.expirytime = 600000ms (custom)
2019-09-25 05:06:13,039 [pool-27-thread-1] INFO  impl.RaftServerImpl (RaftServerImpl.java:start(185)) - f77bfc29-6991-4b1d-a503-f706c83de4fc@group-FD68C919D676: start as a follower, conf=-1: [f77bfc29-6991-4b1d-a503-f706c83de4fc:192.168.30.10:35112], old=null
2019-09-25 05:06:13,039 [pool-27-thread-1] INFO  impl.RaftServerImpl (RaftServerImpl.java:setRole(174)) - f77bfc29-6991-4b1d-a503-f706c83de4fc@group-FD68C919D676: changes role from      null to FOLLOWER at term 0 for startAsFollower
2019-09-25 05:06:13,039 [pool-27-thread-1] INFO  impl.RoleInfo (RoleInfo.java:updateAndGet(143)) - f77bfc29-6991-4b1d-a503-f706c83de4fc: start FollowerState
2019-09-25 05:06:13,039 [pool-27-thread-1] INFO  util.JmxRegister (JmxRegister.java:tryRegister(44)) - Successfully registered JMX Bean with object name Ratis:service=RaftServer,group=group-FD68C919D676,id=f77bfc29-6991-4b1d-a503-f706c83de4fc
2019-09-25 05:06:13,042 [RatisPipelineUtilsThread] INFO  pipeline.PipelineStateManager (PipelineStateManager.java:addPipeline(56)) - Created pipeline Pipeline[ Id: ecc0c3ea-0d1a-415a-9922-fd68c919d676, Nodes: f77bfc29-6991-4b1d-a503-f706c83de4fc{ip: 192.168.30.10, host: pr-hdds-1569-s62bp-3040748787, networkLocation: /default-rack, certSerialId: null}, Type:RATIS, Factor:ONE, State:OPEN]
2019-09-25 05:06:13,048 [grpc-default-executor-0] INFO  impl.RaftServerProxy (RaftServerProxy.java:addNew(89)) - de37f7a0-0375-40a9-a318-404478482fcb: addNew group-42158A371DC1:[de37f7a0-0375-40a9-a318-404478482fcb:192.168.30.10:44522] returns group-42158A371DC1:java.util.concurrent.CompletableFuture@7a8d73c9[Not completed]
2019-09-25 05:06:13,049 [pool-57-thread-1] INFO  impl.RaftServerImpl (RaftServerImpl.java:<init>(95)) - de37f7a0-0375-40a9-a318-404478482fcb: new RaftServerImpl for group-42158A371DC1:[de37f7a0-0375-40a9-a318-404478482fcb:192.168.30.10:44522] with ContainerStateMachine:uninitialized
2019-09-25 05:06:13,050 [pool-57-thread-1] INFO  server.RaftServerConfigKeys (ConfUtils.java:logGet(43)) - raft.server.rpc.timeout.min = 5s (custom)
2019-09-25 05:06:13,050 [pool-57-thread-1] INFO  server.RaftServerConfigKeys (ConfUtils.java:logGet(43)) - raft.server.rpc.timeout.max = 5200ms (custom)
2019-09-25 05:06:13,050 [pool-57-thread-1] INFO  server.RaftServerConfigKeys (ConfUtils.java:logGet(43)) - raft.server.rpcslowness.timeout = 120s (custom)
2019-09-25 05:06:13,050 [pool-57-thread-1] INFO  server.RaftServerConfigKeys (ConfUtils.java:logGet(43)) - raft.server.sleep.deviation.threshold = 300 (default)
2019-09-25 05:06:13,050 [pool-57-thread-1] INFO  server.RaftServerConfigKeys (ConfUtils.java:logGet(43)) - raft.server.log.appender.install.snapshot.enabled = false (custom)
2019-09-25 05:06:13,050 [pool-57-thread-1] INFO  impl.RaftServerImpl (ServerState.java:<init>(103)) - de37f7a0-0375-40a9-a318-404478482fcb@group-42158A371DC1: ConfigurationManager, init=-1: [de37f7a0-0375-40a9-a318-404478482fcb:192.168.30.10:44522], old=null, confs=<EMPTY_MAP>
2019-09-25 05:06:13,051 [pool-57-thread-1] INFO  server.RaftServerConfigKeys (ConfUtils.java:logGet(43)) - raft.server.storage.dir = [/workdir/hadoop-ozone/integration-test/target/test-dir/MiniOzoneClusterImpl-23306158-e895-4fc7-80df-ce6c264c388b/datanode-3/data/ratis] (custom)
2019-09-25 05:06:13,051 [pool-57-thread-1] INFO  storage.RaftStorageDirectory (RaftStorageDirectory.java:analyzeStorage(246)) - The storage directory /workdir/hadoop-ozone/integration-test/target/test-dir/MiniOzoneClusterImpl-23306158-e895-4fc7-80df-ce6c264c388b/datanode-3/data/ratis/1764c23a-e951-4522-9892-42158a371dc1 does not exist. Creating ...
2019-09-25 05:06:13,064 [pool-57-thread-1] INFO  storage.RaftStorageDirectory (RaftStorageDirectory.java:tryLock(328)) - Lock on /workdir/hadoop-ozone/integration-test/target/test-dir/MiniOzoneClusterImpl-23306158-e895-4fc7-80df-ce6c264c388b/datanode-3/data/ratis/1764c23a-e951-4522-9892-42158a371dc1/in_use.lock acquired by nodename 25526@pr-hdds-1569-s62bp-3040748787
2019-09-25 05:06:13,077 [Thread-277] INFO  impl.FollowerState (FollowerState.java:run(106)) - 692224c4-5202-4921-98cc-04d5c60c79cc:group-78492EE265CE changes to CANDIDATE, lastRpcTime:5183, electionTimeout:5183ms
2019-09-25 05:06:13,077 [Thread-277] INFO  impl.RoleInfo (RoleInfo.java:shutdownFollowerState(121)) - 692224c4-5202-4921-98cc-04d5c60c79cc: shutdown FollowerState
2019-09-25 05:06:13,077 [Thread-277] INFO  impl.RaftServerImpl (RaftServerImpl.java:setRole(174)) - 692224c4-5202-4921-98cc-04d5c60c79cc@group-78492EE265CE: changes role from  FOLLOWER to CANDIDATE at term 0 for changeToCandidate
2019-09-25 05:06:13,078 [Thread-277] INFO  impl.RoleInfo (RoleInfo.java:updateAndGet(143)) - 692224c4-5202-4921-98cc-04d5c60c79cc: start LeaderElection
2019-09-25 05:06:13,088 [pool-57-thread-1] INFO  storage.RaftStorage (RaftStorage.java:format(72)) - Storage directory /workdir/hadoop-ozone/integration-test/target/test-dir/MiniOzoneClusterImpl-23306158-e895-4fc7-80df-ce6c264c388b/datanode-3/data/ratis/1764c23a-e951-4522-9892-42158a371dc1 has been successfully formatted.
2019-09-25 05:06:13,088 [pool-57-thread-1] INFO  ratis.ContainerStateMachine (ContainerStateMachine.java:loadSnapshot(230)) - group-42158A371DC1: The snapshot info is null. Setting the last applied indexto:(t:0, i:~)
2019-09-25 05:06:13,088 [pool-57-thread-1] INFO  server.RaftServerConfigKeys (ConfUtils.java:logGet(43)) - raft.server.notification.no-leader.timeout = 120s (custom)
2019-09-25 05:06:13,088 [pool-57-thread-1] INFO  server.RaftServerConfigKeys (ConfUtils.java:logGet(43)) - raft.server.log.use.memory = false (default)
2019-09-25 05:06:13,089 [pool-57-thread-1] INFO  server.RaftServerConfigKeys (ConfUtils.java:logGet(43)) - raft.server.log.purge.gap = 1000000 (custom)
2019-09-25 05:06:13,089 [pool-57-thread-1] INFO  server.RaftServerConfigKeys (ConfUtils.java:logGet(43)) - raft.server.log.appender.buffer.byte-limit = 33554432 (custom)
2019-09-25 05:06:13,089 [pool-57-thread-1] INFO  server.RaftServerConfigKeys (ConfUtils.java:logGet(43)) - raft.server.log.segment.size.max = 1048576 (custom)
2019-09-25 05:06:13,089 [pool-57-thread-1] INFO  server.RaftServerConfigKeys (ConfUtils.java:logGet(43)) - raft.server.log.segment.cache.num.max = 2 (custom)
2019-09-25 05:06:13,089 [pool-57-thread-1] INFO  segmented.SegmentedRaftLogWorker (SegmentedRaftLogWorker.java:<init>(172)) - new de37f7a0-0375-40a9-a318-404478482fcb@group-42158A371DC1-SegmentedRaftLogWorker for RaftStorage:Storage Directory /workdir/hadoop-ozone/integration-test/target/test-dir/MiniOzoneClusterImpl-23306158-e895-4fc7-80df-ce6c264c388b/datanode-3/data/ratis/1764c23a-e951-4522-9892-42158a371dc1
2019-09-25 05:06:13,089 [pool-57-thread-1] INFO  server.RaftServerConfigKeys (ConfUtils.java:logGet(43)) - raft.server.log.queue.byte-limit = 2147483647 (custom)
2019-09-25 05:06:13,090 [pool-57-thread-1] INFO  server.RaftServerConfigKeys (ConfUtils.java:logGet(43)) - raft.server.log.queue.element-limit = 1024 (custom)
2019-09-25 05:06:13,090 [pool-57-thread-1] INFO  server.RaftServerConfigKeys (ConfUtils.java:logGet(43)) - raft.server.log.segment.size.max = 1048576 (custom)
2019-09-25 05:06:13,090 [pool-57-thread-1] INFO  server.RaftServerConfigKeys (ConfUtils.java:logGet(43)) - raft.server.log.preallocated.size = 16384 (custom)
2019-09-25 05:06:13,090 [pool-57-thread-1] INFO  server.RaftServerConfigKeys (ConfUtils.java:logGet(43)) - raft.server.log.write.buffer.size = 33554432 (custom)
2019-09-25 05:06:13,090 [pool-57-thread-1] INFO  server.RaftServerConfigKeys (ConfUtils.java:logGet(43)) - raft.server.log.force.sync.num = 128 (default)
2019-09-25 05:06:13,090 [pool-57-thread-1] INFO  server.RaftServerConfigKeys (ConfUtils.java:logGet(43)) - raft.server.log.statemachine.data.sync = true (default)
2019-09-25 05:06:13,090 [pool-57-thread-1] INFO  server.RaftServerConfigKeys (ConfUtils.java:logGet(43)) - raft.server.log.statemachine.data.sync.timeout = 10s (default)
2019-09-25 05:06:13,091 [pool-57-thread-1] INFO  server.RaftServerConfigKeys (ConfUtils.java:logGet(43)) - raft.server.log.statemachine.data.sync.timeout.retry = -1 (default)
2019-09-25 05:06:13,091 [pool-57-thread-1] INFO  server.RaftServerConfigKeys (ConfUtils.java:logGet(43)) - raft.server.log.statemachine.data.caching.enabled = true (custom)
2019-09-25 05:06:13,091 [pool-57-thread-1] INFO  segmented.SegmentedRaftLogWorker (SegmentedRaftLogWorker.java:lambda$new$0(132)) - de37f7a0-0375-40a9-a318-404478482fcb@group-42158A371DC1-SegmentedRaftLogWorker: flushIndex: setUnconditionally 0 -> -1
2019-09-25 05:06:13,092 [pool-57-thread-1] INFO  server.RaftServerConfigKeys (ConfUtils.java:logGet(43)) - raft.server.snapshot.auto.trigger.enabled = true (custom)
2019-09-25 05:06:13,092 [pool-57-thread-1] INFO  server.RaftServerConfigKeys (ConfUtils.java:logGet(43)) - raft.server.snapshot.auto.trigger.threshold = 10000 (custom)
2019-09-25 05:06:13,092 [pool-57-thread-1] INFO  server.RaftServerConfigKeys (ConfUtils.java:logGet(43)) - raft.server.snapshot.retention.num.files = 5 (custom)
2019-09-25 05:06:13,092 [pool-57-thread-1] INFO  server.RaftServerConfigKeys (ConfUtils.java:logGet(43)) - raft.server.retrycache.expirytime = 600000ms (custom)
2019-09-25 05:06:13,095 [pool-57-thread-1] INFO  impl.RaftServerImpl (RaftServerImpl.java:start(185)) - de37f7a0-0375-40a9-a318-404478482fcb@group-42158A371DC1: start as a follower, conf=-1: [de37f7a0-0375-40a9-a318-404478482fcb:192.168.30.10:44522], old=null
2019-09-25 05:06:13,095 [pool-57-thread-1] INFO  impl.RaftServerImpl (RaftServerImpl.java:setRole(174)) - de37f7a0-0375-40a9-a318-404478482fcb@group-42158A371DC1: changes role from      null to FOLLOWER at term 0 for startAsFollower
2019-09-25 05:06:13,095 [pool-57-thread-1] INFO  impl.RoleInfo (RoleInfo.java:updateAndGet(143)) - de37f7a0-0375-40a9-a318-404478482fcb: start FollowerState
2019-09-25 05:06:13,095 [pool-57-thread-1] INFO  util.JmxRegister (JmxRegister.java:tryRegister(44)) - Successfully registered JMX Bean with object name Ratis:service=RaftServer,group=group-42158A371DC1,id=de37f7a0-0375-40a9-a318-404478482fcb
2019-09-25 05:06:13,098 [RatisPipelineUtilsThread] INFO  pipeline.PipelineStateManager (PipelineStateManager.java:addPipeline(56)) - Created pipeline Pipeline[ Id: 1764c23a-e951-4522-9892-42158a371dc1, Nodes: de37f7a0-0375-40a9-a318-404478482fcb{ip: 192.168.30.10, host: pr-hdds-1569-s62bp-3040748787, networkLocation: /default-rack, certSerialId: null}, Type:RATIS, Factor:ONE, State:OPEN]
2019-09-25 05:06:13,101 [692224c4-5202-4921-98cc-04d5c60c79cc@group-78492EE265CE:LeaderElection13] INFO  impl.LeaderElection (LeaderElection.java:askForVotes(182)) - 692224c4-5202-4921-98cc-04d5c60c79cc@group-78492EE265CE:LeaderElection13: begin an election at term 1 for -1: [692224c4-5202-4921-98cc-04d5c60c79cc:192.168.30.10:38144], old=null
2019-09-25 05:06:13,101 [692224c4-5202-4921-98cc-04d5c60c79cc@group-78492EE265CE:LeaderElection13] INFO  impl.RoleInfo (RoleInfo.java:shutdownLeaderElection(134)) - 692224c4-5202-4921-98cc-04d5c60c79cc: shutdown LeaderElection
2019-09-25 05:06:13,101 [692224c4-5202-4921-98cc-04d5c60c79cc@group-78492EE265CE:LeaderElection13] INFO  impl.RaftServerImpl (RaftServerImpl.java:setRole(174)) - 692224c4-5202-4921-98cc-04d5c60c79cc@group-78492EE265CE: changes role from CANDIDATE to LEADER at term 1 for changeToLeader
2019-09-25 05:06:13,102 [692224c4-5202-4921-98cc-04d5c60c79cc@group-78492EE265CE:LeaderElection13] INFO  impl.RaftServerImpl (ServerState.java:setLeader(253)) - 692224c4-5202-4921-98cc-04d5c60c79cc@group-78492EE265CE: change Leader from null to 692224c4-5202-4921-98cc-04d5c60c79cc at term 1 for becomeLeader, leader elected after 5215ms
2019-09-25 05:06:13,102 [692224c4-5202-4921-98cc-04d5c60c79cc@group-78492EE265CE:LeaderElection13] INFO  server.RaftServerConfigKeys (ConfUtils.java:logGet(43)) - raft.server.staging.catchup.gap = 1000 (default)
2019-09-25 05:06:13,102 [692224c4-5202-4921-98cc-04d5c60c79cc@group-78492EE265CE:LeaderElection13] INFO  server.RaftServerConfigKeys (ConfUtils.java:logGet(43)) - raft.server.rpc.sleep.time = 25ms (default)
2019-09-25 05:06:13,102 [692224c4-5202-4921-98cc-04d5c60c79cc@group-78492EE265CE:LeaderElection13] INFO  server.RaftServerConfigKeys (ConfUtils.java:logGet(43)) - raft.server.write.element-limit = 4096 (default)
2019-09-25 05:06:13,103 [692224c4-5202-4921-98cc-04d5c60c79cc@group-78492EE265CE:LeaderElection13] INFO  server.RaftServerConfigKeys (ConfUtils.java:logGet(43)) - raft.server.watch.timeout = 10s (default)
2019-09-25 05:06:13,103 [692224c4-5202-4921-98cc-04d5c60c79cc@group-78492EE265CE:LeaderElection13] INFO  server.RaftServerConfigKeys (ConfUtils.java:logGet(43)) - raft.server.watch.timeout.denomination = 1s (default)
2019-09-25 05:06:13,103 [692224c4-5202-4921-98cc-04d5c60c79cc@group-78492EE265CE:LeaderElection13] INFO  server.RaftServerConfigKeys (ConfUtils.java:logGet(43)) - raft.server.watch.element-limit = 65536 (default)
2019-09-25 05:06:13,104 [Thread-284] INFO  impl.FollowerState (FollowerState.java:run(106)) - c8798e02-7f0c-41f7-82c2-a17323bcf21e:group-0605C01870DE changes to CANDIDATE, lastRpcTime:5051, electionTimeout:5051ms
2019-09-25 05:06:13,105 [grpc-default-executor-0] INFO  impl.RaftServerProxy (RaftServerProxy.java:addNew(89)) - 56396258-65a3-478c-9482-0be0199dd49c: addNew group-5767B56274DA:[56396258-65a3-478c-9482-0be0199dd49c:192.168.30.10:41678] returns group-5767B56274DA:java.util.concurrent.CompletableFuture@4a4ac765[Not completed]
2019-09-25 05:06:13,105 [Thread-284] INFO  impl.RoleInfo (RoleInfo.java:shutdownFollowerState(121)) - c8798e02-7f0c-41f7-82c2-a17323bcf21e: shutdown FollowerState
2019-09-25 05:06:13,105 [Thread-284] INFO  impl.RaftServerImpl (RaftServerImpl.java:setRole(174)) - c8798e02-7f0c-41f7-82c2-a17323bcf21e@group-0605C01870DE: changes role from  FOLLOWER to CANDIDATE at term 0 for changeToCandidate
2019-09-25 05:06:13,105 [Thread-284] INFO  impl.RoleInfo (RoleInfo.java:updateAndGet(143)) - c8798e02-7f0c-41f7-82c2-a17323bcf21e: start LeaderElection
2019-09-25 05:06:13,114 [pool-87-thread-1] INFO  impl.RaftServerImpl (RaftServerImpl.java:<init>(95)) - 56396258-65a3-478c-9482-0be0199dd49c: new RaftServerImpl for group-5767B56274DA:[56396258-65a3-478c-9482-0be0199dd49c:192.168.30.10:41678] with ContainerStateMachine:uninitialized
2019-09-25 05:06:13,114 [692224c4-5202-4921-98cc-04d5c60c79cc@group-78492EE265CE:LeaderElection13] INFO  impl.RoleInfo (RoleInfo.java:updateAndGet(143)) - 692224c4-5202-4921-98cc-04d5c60c79cc: start LeaderState
2019-09-25 05:06:13,114 [pool-87-thread-1] INFO  server.RaftServerConfigKeys (ConfUtils.java:logGet(43)) - raft.server.rpc.timeout.min = 5s (custom)
2019-09-25 05:06:13,115 [pool-87-thread-1] INFO  server.RaftServerConfigKeys (ConfUtils.java:logGet(43)) - raft.server.rpc.timeout.max = 5200ms (custom)
2019-09-25 05:06:13,115 [692224c4-5202-4921-98cc-04d5c60c79cc@group-78492EE265CE:LeaderElection13] INFO  segmented.SegmentedRaftLogWorker (SegmentedRaftLogWorker.java:startLogSegment(380)) - 692224c4-5202-4921-98cc-04d5c60c79cc@group-78492EE265CE-SegmentedRaftLogWorker: Starting segment from index:0
2019-09-25 05:06:13,115 [pool-87-thread-1] INFO  server.RaftServerConfigKeys (ConfUtils.java:logGet(43)) - raft.server.rpcslowness.timeout = 120s (custom)
2019-09-25 05:06:13,115 [pool-87-thread-1] INFO  server.RaftServerConfigKeys (ConfUtils.java:logGet(43)) - raft.server.sleep.deviation.threshold = 300 (default)
2019-09-25 05:06:13,115 [pool-87-thread-1] INFO  server.RaftServerConfigKeys (ConfUtils.java:logGet(43)) - raft.server.log.appender.install.snapshot.enabled = false (custom)
2019-09-25 05:06:13,115 [692224c4-5202-4921-98cc-04d5c60c79cc@group-78492EE265CE:LeaderElection13] INFO  impl.RaftServerImpl (ServerState.java:setRaftConf(354)) - 692224c4-5202-4921-98cc-04d5c60c79cc@group-78492EE265CE: set configuration 0: [692224c4-5202-4921-98cc-04d5c60c79cc:192.168.30.10:38144], old=null at 0
2019-09-25 05:06:13,115 [pool-87-thread-1] INFO  impl.RaftServerImpl (ServerState.java:<init>(103)) - 56396258-65a3-478c-9482-0be0199dd49c@group-5767B56274DA: ConfigurationManager, init=-1: [56396258-65a3-478c-9482-0be0199dd49c:192.168.30.10:41678], old=null, confs=<EMPTY_MAP>
2019-09-25 05:06:13,155 [c8798e02-7f0c-41f7-82c2-a17323bcf21e@group-0605C01870DE:LeaderElection14] INFO  impl.LeaderElection (LeaderElection.java:askForVotes(182)) - c8798e02-7f0c-41f7-82c2-a17323bcf21e@group-0605C01870DE:LeaderElection14: begin an election at term 1 for -1: [c8798e02-7f0c-41f7-82c2-a17323bcf21e:192.168.30.10:40603], old=null
2019-09-25 05:06:13,155 [Thread-281] INFO  impl.FollowerState (FollowerState.java:run(106)) - de37f7a0-0375-40a9-a318-404478482fcb:group-DE51A3B640F8 changes to CANDIDATE, lastRpcTime:5187, electionTimeout:5185ms
2019-09-25 05:06:13,155 [pool-87-thread-1] INFO  server.RaftServerConfigKeys (ConfUtils.java:logGet(43)) - raft.server.storage.dir = [/workdir/hadoop-ozone/integration-test/target/test-dir/MiniOzoneClusterImpl-23306158-e895-4fc7-80df-ce6c264c388b/datanode-6/data/ratis] (custom)
2019-09-25 05:06:13,155 [c8798e02-7f0c-41f7-82c2-a17323bcf21e@group-0605C01870DE:LeaderElection14] INFO  impl.RoleInfo (RoleInfo.java:shutdownLeaderElection(134)) - c8798e02-7f0c-41f7-82c2-a17323bcf21e: shutdown LeaderElection
2019-09-25 05:06:13,156 [Thread-281] INFO  impl.RoleInfo (RoleInfo.java:shutdownFollowerState(121)) - de37f7a0-0375-40a9-a318-404478482fcb: shutdown FollowerState
2019-09-25 05:06:13,156 [c8798e02-7f0c-41f7-82c2-a17323bcf21e@group-0605C01870DE:LeaderElection14] INFO  impl.RaftServerImpl (RaftServerImpl.java:setRole(174)) - c8798e02-7f0c-41f7-82c2-a17323bcf21e@group-0605C01870DE: changes role from CANDIDATE to LEADER at term 1 for changeToLeader
2019-09-25 05:06:13,156 [pool-87-thread-1] INFO  storage.RaftStorageDirectory (RaftStorageDirectory.java:analyzeStorage(246)) - The storage directory /workdir/hadoop-ozone/integration-test/target/test-dir/MiniOzoneClusterImpl-23306158-e895-4fc7-80df-ce6c264c388b/datanode-6/data/ratis/08394ab9-9acc-4eea-b37c-5767b56274da does not exist. Creating ...
2019-09-25 05:06:13,156 [Thread-281] INFO  impl.RaftServerImpl (RaftServerImpl.java:setRole(174)) - de37f7a0-0375-40a9-a318-404478482fcb@group-DE51A3B640F8: changes role from  FOLLOWER to CANDIDATE at term 0 for changeToCandidate
2019-09-25 05:06:13,156 [c8798e02-7f0c-41f7-82c2-a17323bcf21e@group-0605C01870DE:LeaderElection14] INFO  impl.RaftServerImpl (ServerState.java:setLeader(253)) - c8798e02-7f0c-41f7-82c2-a17323bcf21e@group-0605C01870DE: change Leader from null to c8798e02-7f0c-41f7-82c2-a17323bcf21e at term 1 for becomeLeader, leader elected after 5116ms
2019-09-25 05:06:13,157 [Thread-281] INFO  impl.RoleInfo (RoleInfo.java:updateAndGet(143)) - de37f7a0-0375-40a9-a318-404478482fcb: start LeaderElection
2019-09-25 05:06:13,160 [c8798e02-7f0c-41f7-82c2-a17323bcf21e@group-0605C01870DE:LeaderElection14] INFO  server.RaftServerConfigKeys (ConfUtils.java:logGet(43)) - raft.server.staging.catchup.gap = 1000 (default)
2019-09-25 05:06:13,160 [c8798e02-7f0c-41f7-82c2-a17323bcf21e@group-0605C01870DE:LeaderElection14] INFO  server.RaftServerConfigKeys (ConfUtils.java:logGet(43)) - raft.server.rpc.sleep.time = 25ms (default)
2019-09-25 05:06:13,167 [c8798e02-7f0c-41f7-82c2-a17323bcf21e@group-0605C01870DE:LeaderElection14] INFO  server.RaftServerConfigKeys (ConfUtils.java:logGet(43)) - raft.server.write.element-limit = 4096 (default)
2019-09-25 05:06:13,167 [c8798e02-7f0c-41f7-82c2-a17323bcf21e@group-0605C01870DE:LeaderElection14] INFO  server.RaftServerConfigKeys (ConfUtils.java:logGet(43)) - raft.server.watch.timeout = 10s (default)
2019-09-25 05:06:13,167 [c8798e02-7f0c-41f7-82c2-a17323bcf21e@group-0605C01870DE:LeaderElection14] INFO  server.RaftServerConfigKeys (ConfUtils.java:logGet(43)) - raft.server.watch.timeout.denomination = 1s (default)
2019-09-25 05:06:13,167 [c8798e02-7f0c-41f7-82c2-a17323bcf21e@group-0605C01870DE:LeaderElection14] INFO  server.RaftServerConfigKeys (ConfUtils.java:logGet(43)) - raft.server.watch.element-limit = 65536 (default)
2019-09-25 05:06:13,167 [pool-87-thread-1] INFO  storage.RaftStorageDirectory (RaftStorageDirectory.java:tryLock(328)) - Lock on /workdir/hadoop-ozone/integration-test/target/test-dir/MiniOzoneClusterImpl-23306158-e895-4fc7-80df-ce6c264c388b/datanode-6/data/ratis/08394ab9-9acc-4eea-b37c-5767b56274da/in_use.lock acquired by nodename 25526@pr-hdds-1569-s62bp-3040748787
2019-09-25 05:06:13,167 [692224c4-5202-4921-98cc-04d5c60c79cc@group-78492EE265CE-SegmentedRaftLogWorker] INFO  segmented.SegmentedRaftLogWorker (SegmentedRaftLogWorker.java:execute(569)) - 692224c4-5202-4921-98cc-04d5c60c79cc@group-78492EE265CE-SegmentedRaftLogWorker: created new log segment /workdir/hadoop-ozone/integration-test/target/test-dir/MiniOzoneClusterImpl-23306158-e895-4fc7-80df-ce6c264c388b/datanode-4/data/ratis/ad65ea57-c683-4e93-8308-78492ee265ce/current/log_inprogress_0
2019-09-25 05:06:13,169 [c8798e02-7f0c-41f7-82c2-a17323bcf21e@group-0605C01870DE:LeaderElection14] INFO  impl.RoleInfo (RoleInfo.java:updateAndGet(143)) - c8798e02-7f0c-41f7-82c2-a17323bcf21e: start LeaderState
2019-09-25 05:06:13,170 [c8798e02-7f0c-41f7-82c2-a17323bcf21e@group-0605C01870DE:LeaderElection14] INFO  segmented.SegmentedRaftLogWorker (SegmentedRaftLogWorker.java:startLogSegment(380)) - c8798e02-7f0c-41f7-82c2-a17323bcf21e@group-0605C01870DE-SegmentedRaftLogWorker: Starting segment from index:0
2019-09-25 05:06:13,170 [c8798e02-7f0c-41f7-82c2-a17323bcf21e@group-0605C01870DE:LeaderElection14] INFO  impl.RaftServerImpl (ServerState.java:setRaftConf(354)) - c8798e02-7f0c-41f7-82c2-a17323bcf21e@group-0605C01870DE: set configuration 0: [c8798e02-7f0c-41f7-82c2-a17323bcf21e:192.168.30.10:40603], old=null at 0
2019-09-25 05:06:13,209 [de37f7a0-0375-40a9-a318-404478482fcb@group-DE51A3B640F8:LeaderElection15] INFO  impl.LeaderElection (LeaderElection.java:askForVotes(182)) - de37f7a0-0375-40a9-a318-404478482fcb@group-DE51A3B640F8:LeaderElection15: begin an election at term 1 for -1: [de37f7a0-0375-40a9-a318-404478482fcb:192.168.30.10:44522], old=null
2019-09-25 05:06:13,209 [pool-87-thread-1] INFO  storage.RaftStorage (RaftStorage.java:format(72)) - Storage directory /workdir/hadoop-ozone/integration-test/target/test-dir/MiniOzoneClusterImpl-23306158-e895-4fc7-80df-ce6c264c388b/datanode-6/data/ratis/08394ab9-9acc-4eea-b37c-5767b56274da has been successfully formatted.
2019-09-25 05:06:13,209 [de37f7a0-0375-40a9-a318-404478482fcb@group-DE51A3B640F8:LeaderElection15] INFO  impl.RoleInfo (RoleInfo.java:shutdownLeaderElection(134)) - de37f7a0-0375-40a9-a318-404478482fcb: shutdown LeaderElection
2019-09-25 05:06:13,209 [de37f7a0-0375-40a9-a318-404478482fcb@group-DE51A3B640F8:LeaderElection15] INFO  impl.RaftServerImpl (RaftServerImpl.java:setRole(174)) - de37f7a0-0375-40a9-a318-404478482fcb@group-DE51A3B640F8: changes role from CANDIDATE to LEADER at term 1 for changeToLeader
2019-09-25 05:06:13,209 [pool-87-thread-1] INFO  ratis.ContainerStateMachine (ContainerStateMachine.java:loadSnapshot(230)) - group-5767B56274DA: The snapshot info is null. Setting the last applied indexto:(t:0, i:~)
2019-09-25 05:06:13,209 [de37f7a0-0375-40a9-a318-404478482fcb@group-DE51A3B640F8:LeaderElection15] INFO  impl.RaftServerImpl (ServerState.java:setLeader(253)) - de37f7a0-0375-40a9-a318-404478482fcb@group-DE51A3B640F8: change Leader from null to de37f7a0-0375-40a9-a318-404478482fcb at term 1 for becomeLeader, leader elected after 5251ms
2019-09-25 05:06:13,210 [pool-87-thread-1] INFO  server.RaftServerConfigKeys (ConfUtils.java:logGet(43)) - raft.server.notification.no-leader.timeout = 120s (custom)
2019-09-25 05:06:13,210 [de37f7a0-0375-40a9-a318-404478482fcb@group-DE51A3B640F8:LeaderElection15] INFO  server.RaftServerConfigKeys (ConfUtils.java:logGet(43)) - raft.server.staging.catchup.gap = 1000 (default)
2019-09-25 05:06:13,210 [pool-87-thread-1] INFO  server.RaftServerConfigKeys (ConfUtils.java:logGet(43)) - raft.server.log.use.memory = false (default)
2019-09-25 05:06:13,210 [de37f7a0-0375-40a9-a318-404478482fcb@group-DE51A3B640F8:LeaderElection15] INFO  server.RaftServerConfigKeys (ConfUtils.java:logGet(43)) - raft.server.rpc.sleep.time = 25ms (default)
2019-09-25 05:06:13,210 [pool-87-thread-1] INFO  server.RaftServerConfigKeys (ConfUtils.java:logGet(43)) - raft.server.log.purge.gap = 1000000 (custom)
2019-09-25 05:06:13,210 [de37f7a0-0375-40a9-a318-404478482fcb@group-DE51A3B640F8:LeaderElection15] INFO  server.RaftServerConfigKeys (ConfUtils.java:logGet(43)) - raft.server.write.element-limit = 4096 (default)
2019-09-25 05:06:13,210 [pool-87-thread-1] INFO  server.RaftServerConfigKeys (ConfUtils.java:logGet(43)) - raft.server.log.appender.buffer.byte-limit = 33554432 (custom)
2019-09-25 05:06:13,211 [de37f7a0-0375-40a9-a318-404478482fcb@group-DE51A3B640F8:LeaderElection15] INFO  server.RaftServerConfigKeys (ConfUtils.java:logGet(43)) - raft.server.watch.timeout = 10s (default)
2019-09-25 05:06:13,211 [pool-87-thread-1] INFO  server.RaftServerConfigKeys (ConfUtils.java:logGet(43)) - raft.server.log.segment.size.max = 1048576 (custom)
2019-09-25 05:06:13,211 [de37f7a0-0375-40a9-a318-404478482fcb@group-DE51A3B640F8:LeaderElection15] INFO  server.RaftServerConfigKeys (ConfUtils.java:logGet(43)) - raft.server.watch.timeout.denomination = 1s (default)
2019-09-25 05:06:13,211 [pool-87-thread-1] INFO  server.RaftServerConfigKeys (ConfUtils.java:logGet(43)) - raft.server.log.segment.cache.num.max = 2 (custom)
2019-09-25 05:06:13,211 [de37f7a0-0375-40a9-a318-404478482fcb@group-DE51A3B640F8:LeaderElection15] INFO  server.RaftServerConfigKeys (ConfUtils.java:logGet(43)) - raft.server.watch.element-limit = 65536 (default)
2019-09-25 05:06:13,211 [pool-87-thread-1] INFO  segmented.SegmentedRaftLogWorker (SegmentedRaftLogWorker.java:<init>(172)) - new 56396258-65a3-478c-9482-0be0199dd49c@group-5767B56274DA-SegmentedRaftLogWorker for RaftStorage:Storage Directory /workdir/hadoop-ozone/integration-test/target/test-dir/MiniOzoneClusterImpl-23306158-e895-4fc7-80df-ce6c264c388b/datanode-6/data/ratis/08394ab9-9acc-4eea-b37c-5767b56274da
2019-09-25 05:06:13,212 [pool-87-thread-1] INFO  server.RaftServerConfigKeys (ConfUtils.java:logGet(43)) - raft.server.log.queue.byte-limit = 2147483647 (custom)
2019-09-25 05:06:13,212 [pool-87-thread-1] INFO  server.RaftServerConfigKeys (ConfUtils.java:logGet(43)) - raft.server.log.queue.element-limit = 1024 (custom)
2019-09-25 05:06:13,212 [pool-87-thread-1] INFO  server.RaftServerConfigKeys (ConfUtils.java:logGet(43)) - raft.server.log.segment.size.max = 1048576 (custom)
2019-09-25 05:06:13,212 [pool-87-thread-1] INFO  server.RaftServerConfigKeys (ConfUtils.java:logGet(43)) - raft.server.log.preallocated.size = 16384 (custom)
2019-09-25 05:06:13,212 [pool-87-thread-1] INFO  server.RaftServerConfigKeys (ConfUtils.java:logGet(43)) - raft.server.log.write.buffer.size = 33554432 (custom)
2019-09-25 05:06:13,212 [pool-87-thread-1] INFO  server.RaftServerConfigKeys (ConfUtils.java:logGet(43)) - raft.server.log.force.sync.num = 128 (default)
2019-09-25 05:06:13,213 [pool-87-thread-1] INFO  server.RaftServerConfigKeys (ConfUtils.java:logGet(43)) - raft.server.log.statemachine.data.sync = true (default)
2019-09-25 05:06:13,213 [pool-87-thread-1] INFO  server.RaftServerConfigKeys (ConfUtils.java:logGet(43)) - raft.server.log.statemachine.data.sync.timeout = 10s (default)
2019-09-25 05:06:13,213 [pool-87-thread-1] INFO  server.RaftServerConfigKeys (ConfUtils.java:logGet(43)) - raft.server.log.statemachine.data.sync.timeout.retry = -1 (default)
2019-09-25 05:06:13,213 [pool-87-thread-1] INFO  server.RaftServerConfigKeys (ConfUtils.java:logGet(43)) - raft.server.log.statemachine.data.caching.enabled = true (custom)
2019-09-25 05:06:13,213 [de37f7a0-0375-40a9-a318-404478482fcb@group-DE51A3B640F8:LeaderElection15] INFO  impl.RoleInfo (RoleInfo.java:updateAndGet(143)) - de37f7a0-0375-40a9-a318-404478482fcb: start LeaderState
2019-09-25 05:06:13,213 [pool-87-thread-1] INFO  segmented.SegmentedRaftLogWorker (SegmentedRaftLogWorker.java:lambda$new$0(132)) - 56396258-65a3-478c-9482-0be0199dd49c@group-5767B56274DA-SegmentedRaftLogWorker: flushIndex: setUnconditionally 0 -> -1
2019-09-25 05:06:13,214 [de37f7a0-0375-40a9-a318-404478482fcb@group-DE51A3B640F8:LeaderElection15] INFO  segmented.SegmentedRaftLogWorker (SegmentedRaftLogWorker.java:startLogSegment(380)) - de37f7a0-0375-40a9-a318-404478482fcb@group-DE51A3B640F8-SegmentedRaftLogWorker: Starting segment from index:0
2019-09-25 05:06:13,214 [pool-87-thread-1] INFO  server.RaftServerConfigKeys (ConfUtils.java:logGet(43)) - raft.server.snapshot.auto.trigger.enabled = true (custom)
2019-09-25 05:06:13,214 [pool-87-thread-1] INFO  server.RaftServerConfigKeys (ConfUtils.java:logGet(43)) - raft.server.snapshot.auto.trigger.threshold = 10000 (custom)
2019-09-25 05:06:13,214 [de37f7a0-0375-40a9-a318-404478482fcb@group-DE51A3B640F8:LeaderElection15] INFO  impl.RaftServerImpl (ServerState.java:setRaftConf(354)) - de37f7a0-0375-40a9-a318-404478482fcb@group-DE51A3B640F8: set configuration 0: [de37f7a0-0375-40a9-a318-404478482fcb:192.168.30.10:44522], old=null at 0
2019-09-25 05:06:13,214 [pool-87-thread-1] INFO  server.RaftServerConfigKeys (ConfUtils.java:logGet(43)) - raft.server.snapshot.retention.num.files = 5 (custom)
2019-09-25 05:06:13,252 [c8798e02-7f0c-41f7-82c2-a17323bcf21e@group-0605C01870DE-SegmentedRaftLogWorker] INFO  segmented.SegmentedRaftLogWorker (SegmentedRaftLogWorker.java:execute(569)) - c8798e02-7f0c-41f7-82c2-a17323bcf21e@group-0605C01870DE-SegmentedRaftLogWorker: created new log segment /workdir/hadoop-ozone/integration-test/target/test-dir/MiniOzoneClusterImpl-23306158-e895-4fc7-80df-ce6c264c388b/datanode-2/data/ratis/c30a0226-8225-414b-a77f-0605c01870de/current/log_inprogress_0
2019-09-25 05:06:13,252 [pool-87-thread-1] INFO  server.RaftServerConfigKeys (ConfUtils.java:logGet(43)) - raft.server.retrycache.expirytime = 600000ms (custom)
2019-09-25 05:06:13,254 [pool-87-thread-1] INFO  impl.RaftServerImpl (RaftServerImpl.java:start(185)) - 56396258-65a3-478c-9482-0be0199dd49c@group-5767B56274DA: start as a follower, conf=-1: [56396258-65a3-478c-9482-0be0199dd49c:192.168.30.10:41678], old=null
2019-09-25 05:06:13,255 [pool-87-thread-1] INFO  impl.RaftServerImpl (RaftServerImpl.java:setRole(174)) - 56396258-65a3-478c-9482-0be0199dd49c@group-5767B56274DA: changes role from      null to FOLLOWER at term 0 for startAsFollower
2019-09-25 05:06:13,255 [pool-87-thread-1] INFO  impl.RoleInfo (RoleInfo.java:updateAndGet(143)) - 56396258-65a3-478c-9482-0be0199dd49c: start FollowerState
2019-09-25 05:06:13,255 [pool-87-thread-1] INFO  util.JmxRegister (JmxRegister.java:tryRegister(44)) - Successfully registered JMX Bean with object name Ratis:service=RaftServer,group=group-5767B56274DA,id=56396258-65a3-478c-9482-0be0199dd49c
2019-09-25 05:06:13,258 [RatisPipelineUtilsThread] INFO  pipeline.PipelineStateManager (PipelineStateManager.java:addPipeline(56)) - Created pipeline Pipeline[ Id: 08394ab9-9acc-4eea-b37c-5767b56274da, Nodes: 56396258-65a3-478c-9482-0be0199dd49c{ip: 192.168.30.10, host: pr-hdds-1569-s62bp-3040748787, networkLocation: /default-rack, certSerialId: null}, Type:RATIS, Factor:ONE, State:OPEN]
2019-09-25 05:06:13,259 [Thread-294] INFO  impl.FollowerState (FollowerState.java:run(106)) - b4fa7d23-6606-45fd-9544-2b08ca3fa933:group-72352576E1E8 changes to CANDIDATE, lastRpcTime:5003, electionTimeout:5003ms
2019-09-25 05:06:13,259 [Thread-294] INFO  impl.RoleInfo (RoleInfo.java:shutdownFollowerState(121)) - b4fa7d23-6606-45fd-9544-2b08ca3fa933: shutdown FollowerState
2019-09-25 05:06:13,259 [Thread-294] INFO  impl.RaftServerImpl (RaftServerImpl.java:setRole(174)) - b4fa7d23-6606-45fd-9544-2b08ca3fa933@group-72352576E1E8: changes role from  FOLLOWER to CANDIDATE at term 0 for changeToCandidate
2019-09-25 05:06:13,259 [Thread-294] INFO  impl.RoleInfo (RoleInfo.java:updateAndGet(143)) - b4fa7d23-6606-45fd-9544-2b08ca3fa933: start LeaderElection
2019-09-25 05:06:13,267 [Thread-288] INFO  impl.FollowerState (FollowerState.java:run(106)) - c8798e02-7f0c-41f7-82c2-a17323bcf21e:group-D74017033738 changes to CANDIDATE, lastRpcTime:5135, electionTimeout:5128ms
2019-09-25 05:06:13,269 [de37f7a0-0375-40a9-a318-404478482fcb@group-DE51A3B640F8-SegmentedRaftLogWorker] INFO  segmented.SegmentedRaftLogWorker (SegmentedRaftLogWorker.java:execute(569)) - de37f7a0-0375-40a9-a318-404478482fcb@group-DE51A3B640F8-SegmentedRaftLogWorker: created new log segment /workdir/hadoop-ozone/integration-test/target/test-dir/MiniOzoneClusterImpl-23306158-e895-4fc7-80df-ce6c264c388b/datanode-3/data/ratis/8e5d857f-97a2-4fd5-b154-de51a3b640f8/current/log_inprogress_0
2019-09-25 05:06:13,274 [Thread-288] INFO  impl.RoleInfo (RoleInfo.java:shutdownFollowerState(121)) - c8798e02-7f0c-41f7-82c2-a17323bcf21e: shutdown FollowerState
2019-09-25 05:06:13,272 [Thread-291] INFO  impl.FollowerState (FollowerState.java:run(106)) - 56396258-65a3-478c-9482-0be0199dd49c:group-633E6C54DE21 changes to CANDIDATE, lastRpcTime:5076, electionTimeout:5075ms
2019-09-25 05:06:13,274 [Thread-288] INFO  impl.RaftServerImpl (RaftServerImpl.java:setRole(174)) - c8798e02-7f0c-41f7-82c2-a17323bcf21e@group-D74017033738: changes role from  FOLLOWER to CANDIDATE at term 0 for changeToCandidate
2019-09-25 05:06:13,274 [Thread-291] INFO  impl.RoleInfo (RoleInfo.java:shutdownFollowerState(121)) - 56396258-65a3-478c-9482-0be0199dd49c: shutdown FollowerState
2019-09-25 05:06:13,274 [Thread-288] INFO  impl.RoleInfo (RoleInfo.java:updateAndGet(143)) - c8798e02-7f0c-41f7-82c2-a17323bcf21e: start LeaderElection
2019-09-25 05:06:13,274 [Thread-291] INFO  impl.RaftServerImpl (RaftServerImpl.java:setRole(174)) - 56396258-65a3-478c-9482-0be0199dd49c@group-633E6C54DE21: changes role from  FOLLOWER to CANDIDATE at term 0 for changeToCandidate
2019-09-25 05:06:13,275 [Thread-291] INFO  impl.RoleInfo (RoleInfo.java:updateAndGet(143)) - 56396258-65a3-478c-9482-0be0199dd49c: start LeaderElection
2019-09-25 05:06:13,286 [grpc-default-executor-0] INFO  impl.RaftServerProxy (RaftServerProxy.java:addNew(89)) - 692224c4-5202-4921-98cc-04d5c60c79cc: addNew group-A3AB95F92ABD:[692224c4-5202-4921-98cc-04d5c60c79cc:192.168.30.10:38144] returns group-A3AB95F92ABD:java.util.concurrent.CompletableFuture@71e54043[Not completed]
2019-09-25 05:06:13,287 [pool-67-thread-1] INFO  impl.RaftServerImpl (RaftServerImpl.java:<init>(95)) - 692224c4-5202-4921-98cc-04d5c60c79cc: new RaftServerImpl for group-A3AB95F92ABD:[692224c4-5202-4921-98cc-04d5c60c79cc:192.168.30.10:38144] with ContainerStateMachine:uninitialized
2019-09-25 05:06:13,287 [pool-67-thread-1] INFO  server.RaftServerConfigKeys (ConfUtils.java:logGet(43)) - raft.server.rpc.timeout.min = 5s (custom)
2019-09-25 05:06:13,287 [pool-67-thread-1] INFO  server.RaftServerConfigKeys (ConfUtils.java:logGet(43)) - raft.server.rpc.timeout.max = 5200ms (custom)
2019-09-25 05:06:13,287 [c8798e02-7f0c-41f7-82c2-a17323bcf21e@group-D74017033738:LeaderElection17] INFO  impl.LeaderElection (LeaderElection.java:askForVotes(182)) - c8798e02-7f0c-41f7-82c2-a17323bcf21e@group-D74017033738:LeaderElection17: begin an election at term 1 for -1: [c8798e02-7f0c-41f7-82c2-a17323bcf21e:192.168.30.10:40603], old=null
2019-09-25 05:06:13,287 [pool-67-thread-1] INFO  server.RaftServerConfigKeys (ConfUtils.java:logGet(43)) - raft.server.rpcslowness.timeout = 120s (custom)
2019-09-25 05:06:13,287 [b4fa7d23-6606-45fd-9544-2b08ca3fa933@group-72352576E1E8:LeaderElection16] INFO  impl.LeaderElection (LeaderElection.java:askForVotes(182)) - b4fa7d23-6606-45fd-9544-2b08ca3fa933@group-72352576E1E8:LeaderElection16: begin an election at term 1 for -1: [b4fa7d23-6606-45fd-9544-2b08ca3fa933:192.168.30.10:34493], old=null
2019-09-25 05:06:13,287 [56396258-65a3-478c-9482-0be0199dd49c@group-633E6C54DE21:LeaderElection18] INFO  impl.LeaderElection (LeaderElection.java:askForVotes(182)) - 56396258-65a3-478c-9482-0be0199dd49c@group-633E6C54DE21:LeaderElection18: begin an election at term 1 for -1: [56396258-65a3-478c-9482-0be0199dd49c:192.168.30.10:41678], old=null
2019-09-25 05:06:13,287 [b4fa7d23-6606-45fd-9544-2b08ca3fa933@group-72352576E1E8:LeaderElection16] INFO  impl.RoleInfo (RoleInfo.java:shutdownLeaderElection(134)) - b4fa7d23-6606-45fd-9544-2b08ca3fa933: shutdown LeaderElection
2019-09-25 05:06:13,287 [pool-67-thread-1] INFO  server.RaftServerConfigKeys (ConfUtils.java:logGet(43)) - raft.server.sleep.deviation.threshold = 300 (default)
2019-09-25 05:06:13,287 [c8798e02-7f0c-41f7-82c2-a17323bcf21e@group-D74017033738:LeaderElection17] INFO  impl.RoleInfo (RoleInfo.java:shutdownLeaderElection(134)) - c8798e02-7f0c-41f7-82c2-a17323bcf21e: shutdown LeaderElection
2019-09-25 05:06:13,288 [pool-67-thread-1] INFO  server.RaftServerConfigKeys (ConfUtils.java:logGet(43)) - raft.server.log.appender.install.snapshot.enabled = false (custom)
2019-09-25 05:06:13,288 [b4fa7d23-6606-45fd-9544-2b08ca3fa933@group-72352576E1E8:LeaderElection16] INFO  impl.RaftServerImpl (RaftServerImpl.java:setRole(174)) - b4fa7d23-6606-45fd-9544-2b08ca3fa933@group-72352576E1E8: changes role from CANDIDATE to LEADER at term 1 for changeToLeader
2019-09-25 05:06:13,287 [56396258-65a3-478c-9482-0be0199dd49c@group-633E6C54DE21:LeaderElection18] INFO  impl.RoleInfo (RoleInfo.java:shutdownLeaderElection(134)) - 56396258-65a3-478c-9482-0be0199dd49c: shutdown LeaderElection
2019-09-25 05:06:13,288 [b4fa7d23-6606-45fd-9544-2b08ca3fa933@group-72352576E1E8:LeaderElection16] INFO  impl.RaftServerImpl (ServerState.java:setLeader(253)) - b4fa7d23-6606-45fd-9544-2b08ca3fa933@group-72352576E1E8: change Leader from null to b4fa7d23-6606-45fd-9544-2b08ca3fa933 at term 1 for becomeLeader, leader elected after 5042ms
2019-09-25 05:06:13,288 [pool-67-thread-1] INFO  impl.RaftServerImpl (ServerState.java:<init>(103)) - 692224c4-5202-4921-98cc-04d5c60c79cc@group-A3AB95F92ABD: ConfigurationManager, init=-1: [692224c4-5202-4921-98cc-04d5c60c79cc:192.168.30.10:38144], old=null, confs=<EMPTY_MAP>
2019-09-25 05:06:13,288 [c8798e02-7f0c-41f7-82c2-a17323bcf21e@group-D74017033738:LeaderElection17] INFO  impl.RaftServerImpl (RaftServerImpl.java:setRole(174)) - c8798e02-7f0c-41f7-82c2-a17323bcf21e@group-D74017033738: changes role from CANDIDATE to LEADER at term 1 for changeToLeader
2019-09-25 05:06:13,289 [pool-67-thread-1] INFO  server.RaftServerConfigKeys (ConfUtils.java:logGet(43)) - raft.server.storage.dir = [/workdir/hadoop-ozone/integration-test/target/test-dir/MiniOzoneClusterImpl-23306158-e895-4fc7-80df-ce6c264c388b/datanode-4/data/ratis] (custom)
2019-09-25 05:06:13,288 [b4fa7d23-6606-45fd-9544-2b08ca3fa933@group-72352576E1E8:LeaderElection16] INFO  server.RaftServerConfigKeys (ConfUtils.java:logGet(43)) - raft.server.staging.catchup.gap = 1000 (default)
2019-09-25 05:06:13,288 [56396258-65a3-478c-9482-0be0199dd49c@group-633E6C54DE21:LeaderElection18] INFO  impl.RaftServerImpl (RaftServerImpl.java:setRole(174)) - 56396258-65a3-478c-9482-0be0199dd49c@group-633E6C54DE21: changes role from CANDIDATE to LEADER at term 1 for changeToLeader
2019-09-25 05:06:13,289 [b4fa7d23-6606-45fd-9544-2b08ca3fa933@group-72352576E1E8:LeaderElection16] INFO  server.RaftServerConfigKeys (ConfUtils.java:logGet(43)) - raft.server.rpc.sleep.time = 25ms (default)
2019-09-25 05:06:13,289 [c8798e02-7f0c-41f7-82c2-a17323bcf21e@group-D74017033738:LeaderElection17] INFO  impl.RaftServerImpl (ServerState.java:setLeader(253)) - c8798e02-7f0c-41f7-82c2-a17323bcf21e@group-D74017033738: change Leader from null to c8798e02-7f0c-41f7-82c2-a17323bcf21e at term 1 for becomeLeader, leader elected after 5165ms
2019-09-25 05:06:13,289 [b4fa7d23-6606-45fd-9544-2b08ca3fa933@group-72352576E1E8:LeaderElection16] INFO  server.RaftServerConfigKeys (ConfUtils.java:logGet(43)) - raft.server.write.element-limit = 4096 (default)
2019-09-25 05:06:13,289 [pool-67-thread-1] INFO  storage.RaftStorageDirectory (RaftStorageDirectory.java:analyzeStorage(246)) - The storage directory /workdir/hadoop-ozone/integration-test/target/test-dir/MiniOzoneClusterImpl-23306158-e895-4fc7-80df-ce6c264c388b/datanode-4/data/ratis/31ff7a91-a273-4be7-bb42-a3ab95f92abd does not exist. Creating ...
2019-09-25 05:06:13,289 [56396258-65a3-478c-9482-0be0199dd49c@group-633E6C54DE21:LeaderElection18] INFO  impl.RaftServerImpl (ServerState.java:setLeader(253)) - 56396258-65a3-478c-9482-0be0199dd49c@group-633E6C54DE21: change Leader from null to 56396258-65a3-478c-9482-0be0199dd49c at term 1 for becomeLeader, leader elected after 5100ms
2019-09-25 05:06:13,289 [b4fa7d23-6606-45fd-9544-2b08ca3fa933@group-72352576E1E8:LeaderElection16] INFO  server.RaftServerConfigKeys (ConfUtils.java:logGet(43)) - raft.server.watch.timeout = 10s (default)
2019-09-25 05:06:13,289 [c8798e02-7f0c-41f7-82c2-a17323bcf21e@group-D74017033738:LeaderElection17] INFO  server.RaftServerConfigKeys (ConfUtils.java:logGet(43)) - raft.server.staging.catchup.gap = 1000 (default)
2019-09-25 05:06:13,290 [b4fa7d23-6606-45fd-9544-2b08ca3fa933@group-72352576E1E8:LeaderElection16] INFO  server.RaftServerConfigKeys (ConfUtils.java:logGet(43)) - raft.server.watch.timeout.denomination = 1s (default)
2019-09-25 05:06:13,290 [56396258-65a3-478c-9482-0be0199dd49c@group-633E6C54DE21:LeaderElection18] INFO  server.RaftServerConfigKeys (ConfUtils.java:logGet(43)) - raft.server.staging.catchup.gap = 1000 (default)
2019-09-25 05:06:13,290 [b4fa7d23-6606-45fd-9544-2b08ca3fa933@group-72352576E1E8:LeaderElection16] INFO  server.RaftServerConfigKeys (ConfUtils.java:logGet(43)) - raft.server.watch.element-limit = 65536 (default)
2019-09-25 05:06:13,290 [c8798e02-7f0c-41f7-82c2-a17323bcf21e@group-D74017033738:LeaderElection17] INFO  server.RaftServerConfigKeys (ConfUtils.java:logGet(43)) - raft.server.rpc.sleep.time = 25ms (default)
2019-09-25 05:06:13,290 [56396258-65a3-478c-9482-0be0199dd49c@group-633E6C54DE21:LeaderElection18] INFO  server.RaftServerConfigKeys (ConfUtils.java:logGet(43)) - raft.server.rpc.sleep.time = 25ms (default)
2019-09-25 05:06:13,290 [c8798e02-7f0c-41f7-82c2-a17323bcf21e@group-D74017033738:LeaderElection17] INFO  server.RaftServerConfigKeys (ConfUtils.java:logGet(43)) - raft.server.write.element-limit = 4096 (default)
2019-09-25 05:06:13,291 [56396258-65a3-478c-9482-0be0199dd49c@group-633E6C54DE21:LeaderElection18] INFO  server.RaftServerConfigKeys (ConfUtils.java:logGet(43)) - raft.server.write.element-limit = 4096 (default)
2019-09-25 05:06:13,291 [c8798e02-7f0c-41f7-82c2-a17323bcf21e@group-D74017033738:LeaderElection17] INFO  server.RaftServerConfigKeys (ConfUtils.java:logGet(43)) - raft.server.watch.timeout = 10s (default)
2019-09-25 05:06:13,291 [56396258-65a3-478c-9482-0be0199dd49c@group-633E6C54DE21:LeaderElection18] INFO  server.RaftServerConfigKeys (ConfUtils.java:logGet(43)) - raft.server.watch.timeout = 10s (default)
2019-09-25 05:06:13,291 [c8798e02-7f0c-41f7-82c2-a17323bcf21e@group-D74017033738:LeaderElection17] INFO  server.RaftServerConfigKeys (ConfUtils.java:logGet(43)) - raft.server.watch.timeout.denomination = 1s (default)
2019-09-25 05:06:13,291 [56396258-65a3-478c-9482-0be0199dd49c@group-633E6C54DE21:LeaderElection18] INFO  server.RaftServerConfigKeys (ConfUtils.java:logGet(43)) - raft.server.watch.timeout.denomination = 1s (default)
2019-09-25 05:06:13,291 [c8798e02-7f0c-41f7-82c2-a17323bcf21e@group-D74017033738:LeaderElection17] INFO  server.RaftServerConfigKeys (ConfUtils.java:logGet(43)) - raft.server.watch.element-limit = 65536 (default)
2019-09-25 05:06:13,291 [56396258-65a3-478c-9482-0be0199dd49c@group-633E6C54DE21:LeaderElection18] INFO  server.RaftServerConfigKeys (ConfUtils.java:logGet(43)) - raft.server.watch.element-limit = 65536 (default)
2019-09-25 05:06:13,293 [b4fa7d23-6606-45fd-9544-2b08ca3fa933@group-72352576E1E8:LeaderElection16] INFO  impl.RoleInfo (RoleInfo.java:updateAndGet(143)) - b4fa7d23-6606-45fd-9544-2b08ca3fa933: start LeaderState
2019-09-25 05:06:13,294 [b4fa7d23-6606-45fd-9544-2b08ca3fa933@group-72352576E1E8:LeaderElection16] INFO  segmented.SegmentedRaftLogWorker (SegmentedRaftLogWorker.java:startLogSegment(380)) - b4fa7d23-6606-45fd-9544-2b08ca3fa933@group-72352576E1E8-SegmentedRaftLogWorker: Starting segment from index:0
2019-09-25 05:06:13,294 [b4fa7d23-6606-45fd-9544-2b08ca3fa933@group-72352576E1E8:LeaderElection16] INFO  impl.RaftServerImpl (ServerState.java:setRaftConf(354)) - b4fa7d23-6606-45fd-9544-2b08ca3fa933@group-72352576E1E8: set configuration 0: [b4fa7d23-6606-45fd-9544-2b08ca3fa933:192.168.30.10:34493], old=null at 0
2019-09-25 05:06:13,326 [pool-67-thread-1] INFO  storage.RaftStorageDirectory (RaftStorageDirectory.java:tryLock(328)) - Lock on /workdir/hadoop-ozone/integration-test/target/test-dir/MiniOzoneClusterImpl-23306158-e895-4fc7-80df-ce6c264c388b/datanode-4/data/ratis/31ff7a91-a273-4be7-bb42-a3ab95f92abd/in_use.lock acquired by nodename 25526@pr-hdds-1569-s62bp-3040748787
2019-09-25 05:06:13,326 [c8798e02-7f0c-41f7-82c2-a17323bcf21e@group-D74017033738:LeaderElection17] INFO  impl.RoleInfo (RoleInfo.java:updateAndGet(143)) - c8798e02-7f0c-41f7-82c2-a17323bcf21e: start LeaderState
2019-09-25 05:06:13,327 [c8798e02-7f0c-41f7-82c2-a17323bcf21e@group-D74017033738:LeaderElection17] INFO  segmented.SegmentedRaftLogWorker (SegmentedRaftLogWorker.java:startLogSegment(380)) - c8798e02-7f0c-41f7-82c2-a17323bcf21e@group-D74017033738-SegmentedRaftLogWorker: Starting segment from index:0
2019-09-25 05:06:13,327 [56396258-65a3-478c-9482-0be0199dd49c@group-633E6C54DE21:LeaderElection18] INFO  impl.RoleInfo (RoleInfo.java:updateAndGet(143)) - 56396258-65a3-478c-9482-0be0199dd49c: start LeaderState
2019-09-25 05:06:13,327 [56396258-65a3-478c-9482-0be0199dd49c@group-633E6C54DE21:LeaderElection18] INFO  segmented.SegmentedRaftLogWorker (SegmentedRaftLogWorker.java:startLogSegment(380)) - 56396258-65a3-478c-9482-0be0199dd49c@group-633E6C54DE21-SegmentedRaftLogWorker: Starting segment from index:0
2019-09-25 05:06:13,327 [c8798e02-7f0c-41f7-82c2-a17323bcf21e@group-D74017033738:LeaderElection17] INFO  impl.RaftServerImpl (ServerState.java:setRaftConf(354)) - c8798e02-7f0c-41f7-82c2-a17323bcf21e@group-D74017033738: set configuration 0: [c8798e02-7f0c-41f7-82c2-a17323bcf21e:192.168.30.10:40603], old=null at 0
2019-09-25 05:06:13,358 [pool-67-thread-1] INFO  storage.RaftStorage (RaftStorage.java:format(72)) - Storage directory /workdir/hadoop-ozone/integration-test/target/test-dir/MiniOzoneClusterImpl-23306158-e895-4fc7-80df-ce6c264c388b/datanode-4/data/ratis/31ff7a91-a273-4be7-bb42-a3ab95f92abd has been successfully formatted.
2019-09-25 05:06:13,358 [56396258-65a3-478c-9482-0be0199dd49c@group-633E6C54DE21:LeaderElection18] INFO  impl.RaftServerImpl (ServerState.java:setRaftConf(354)) - 56396258-65a3-478c-9482-0be0199dd49c@group-633E6C54DE21: set configuration 0: [56396258-65a3-478c-9482-0be0199dd49c:192.168.30.10:41678], old=null at 0
2019-09-25 05:06:13,359 [pool-67-thread-1] INFO  ratis.ContainerStateMachine (ContainerStateMachine.java:loadSnapshot(230)) - group-A3AB95F92ABD: The snapshot info is null. Setting the last applied indexto:(t:0, i:~)
2019-09-25 05:06:13,358 [b4fa7d23-6606-45fd-9544-2b08ca3fa933@group-72352576E1E8-SegmentedRaftLogWorker] INFO  segmented.SegmentedRaftLogWorker (SegmentedRaftLogWorker.java:execute(569)) - b4fa7d23-6606-45fd-9544-2b08ca3fa933@group-72352576E1E8-SegmentedRaftLogWorker: created new log segment /workdir/hadoop-ozone/integration-test/target/test-dir/MiniOzoneClusterImpl-23306158-e895-4fc7-80df-ce6c264c388b/datanode-5/data/ratis/da1cf1a3-0029-4dd8-8886-72352576e1e8/current/log_inprogress_0
2019-09-25 05:06:13,399 [pool-67-thread-1] INFO  server.RaftServerConfigKeys (ConfUtils.java:logGet(43)) - raft.server.notification.no-leader.timeout = 120s (custom)
2019-09-25 05:06:13,399 [pool-67-thread-1] INFO  server.RaftServerConfigKeys (ConfUtils.java:logGet(43)) - raft.server.log.use.memory = false (default)
2019-09-25 05:06:13,398 [c8798e02-7f0c-41f7-82c2-a17323bcf21e@group-D74017033738-SegmentedRaftLogWorker] INFO  segmented.SegmentedRaftLogWorker (SegmentedRaftLogWorker.java:execute(569)) - c8798e02-7f0c-41f7-82c2-a17323bcf21e@group-D74017033738-SegmentedRaftLogWorker: created new log segment /workdir/hadoop-ozone/integration-test/target/test-dir/MiniOzoneClusterImpl-23306158-e895-4fc7-80df-ce6c264c388b/datanode-2/data/ratis/916a26f1-ccd8-40e5-b643-d74017033738/current/log_inprogress_0
2019-09-25 05:06:13,399 [pool-67-thread-1] INFO  server.RaftServerConfigKeys (ConfUtils.java:logGet(43)) - raft.server.log.purge.gap = 1000000 (custom)
2019-09-25 05:06:13,400 [pool-67-thread-1] INFO  server.RaftServerConfigKeys (ConfUtils.java:logGet(43)) - raft.server.log.appender.buffer.byte-limit = 33554432 (custom)
2019-09-25 05:06:13,400 [pool-67-thread-1] INFO  server.RaftServerConfigKeys (ConfUtils.java:logGet(43)) - raft.server.log.segment.size.max = 1048576 (custom)
2019-09-25 05:06:13,400 [pool-67-thread-1] INFO  server.RaftServerConfigKeys (ConfUtils.java:logGet(43)) - raft.server.log.segment.cache.num.max = 2 (custom)
2019-09-25 05:06:13,400 [pool-67-thread-1] INFO  segmented.SegmentedRaftLogWorker (SegmentedRaftLogWorker.java:<init>(172)) - new 692224c4-5202-4921-98cc-04d5c60c79cc@group-A3AB95F92ABD-SegmentedRaftLogWorker for RaftStorage:Storage Directory /workdir/hadoop-ozone/integration-test/target/test-dir/MiniOzoneClusterImpl-23306158-e895-4fc7-80df-ce6c264c388b/datanode-4/data/ratis/31ff7a91-a273-4be7-bb42-a3ab95f92abd
2019-09-25 05:06:13,400 [pool-67-thread-1] INFO  server.RaftServerConfigKeys (ConfUtils.java:logGet(43)) - raft.server.log.queue.byte-limit = 2147483647 (custom)
2019-09-25 05:06:13,401 [pool-67-thread-1] INFO  server.RaftServerConfigKeys (ConfUtils.java:logGet(43)) - raft.server.log.queue.element-limit = 1024 (custom)
2019-09-25 05:06:13,401 [pool-67-thread-1] INFO  server.RaftServerConfigKeys (ConfUtils.java:logGet(43)) - raft.server.log.segment.size.max = 1048576 (custom)
2019-09-25 05:06:13,401 [pool-67-thread-1] INFO  server.RaftServerConfigKeys (ConfUtils.java:logGet(43)) - raft.server.log.preallocated.size = 16384 (custom)
2019-09-25 05:06:13,401 [pool-67-thread-1] INFO  server.RaftServerConfigKeys (ConfUtils.java:logGet(43)) - raft.server.log.write.buffer.size = 33554432 (custom)
2019-09-25 05:06:13,401 [pool-67-thread-1] INFO  server.RaftServerConfigKeys (ConfUtils.java:logGet(43)) - raft.server.log.force.sync.num = 128 (default)
2019-09-25 05:06:13,401 [pool-67-thread-1] INFO  server.RaftServerConfigKeys (ConfUtils.java:logGet(43)) - raft.server.log.statemachine.data.sync = true (default)
2019-09-25 05:06:13,402 [pool-67-thread-1] INFO  server.RaftServerConfigKeys (ConfUtils.java:logGet(43)) - raft.server.log.statemachine.data.sync.timeout = 10s (default)
2019-09-25 05:06:13,402 [pool-67-thread-1] INFO  server.RaftServerConfigKeys (ConfUtils.java:logGet(43)) - raft.server.log.statemachine.data.sync.timeout.retry = -1 (default)
2019-09-25 05:06:13,402 [pool-67-thread-1] INFO  server.RaftServerConfigKeys (ConfUtils.java:logGet(43)) - raft.server.log.statemachine.data.caching.enabled = true (custom)
2019-09-25 05:06:13,402 [pool-67-thread-1] INFO  segmented.SegmentedRaftLogWorker (SegmentedRaftLogWorker.java:lambda$new$0(132)) - 692224c4-5202-4921-98cc-04d5c60c79cc@group-A3AB95F92ABD-SegmentedRaftLogWorker: flushIndex: setUnconditionally 0 -> -1
2019-09-25 05:06:13,403 [Thread-300] INFO  impl.FollowerState (FollowerState.java:run(106)) - b4fa7d23-6606-45fd-9544-2b08ca3fa933:group-175BF6F548F6 changes to CANDIDATE, lastRpcTime:5021, electionTimeout:5021ms
2019-09-25 05:06:13,403 [pool-67-thread-1] INFO  server.RaftServerConfigKeys (ConfUtils.java:logGet(43)) - raft.server.snapshot.auto.trigger.enabled = true (custom)
2019-09-25 05:06:13,403 [Thread-300] INFO  impl.RoleInfo (RoleInfo.java:shutdownFollowerState(121)) - b4fa7d23-6606-45fd-9544-2b08ca3fa933: shutdown FollowerState
2019-09-25 05:06:13,403 [pool-67-thread-1] INFO  server.RaftServerConfigKeys (ConfUtils.java:logGet(43)) - raft.server.snapshot.auto.trigger.threshold = 10000 (custom)
2019-09-25 05:06:13,403 [Thread-300] INFO  impl.RaftServerImpl (RaftServerImpl.java:setRole(174)) - b4fa7d23-6606-45fd-9544-2b08ca3fa933@group-175BF6F548F6: changes role from  FOLLOWER to CANDIDATE at term 0 for changeToCandidate
2019-09-25 05:06:13,403 [pool-67-thread-1] INFO  server.RaftServerConfigKeys (ConfUtils.java:logGet(43)) - raft.server.snapshot.retention.num.files = 5 (custom)
2019-09-25 05:06:13,404 [Thread-300] INFO  impl.RoleInfo (RoleInfo.java:updateAndGet(143)) - b4fa7d23-6606-45fd-9544-2b08ca3fa933: start LeaderElection
2019-09-25 05:06:13,404 [pool-67-thread-1] INFO  server.RaftServerConfigKeys (ConfUtils.java:logGet(43)) - raft.server.retrycache.expirytime = 600000ms (custom)
2019-09-25 05:06:13,412 [56396258-65a3-478c-9482-0be0199dd49c@group-633E6C54DE21-SegmentedRaftLogWorker] INFO  segmented.SegmentedRaftLogWorker (SegmentedRaftLogWorker.java:execute(569)) - 56396258-65a3-478c-9482-0be0199dd49c@group-633E6C54DE21-SegmentedRaftLogWorker: created new log segment /workdir/hadoop-ozone/integration-test/target/test-dir/MiniOzoneClusterImpl-23306158-e895-4fc7-80df-ce6c264c388b/datanode-6/data/ratis/2c263872-fdd0-4f19-a23f-633e6c54de21/current/log_inprogress_0
2019-09-25 05:06:13,415 [pool-67-thread-1] INFO  impl.RaftServerImpl (RaftServerImpl.java:start(185)) - 692224c4-5202-4921-98cc-04d5c60c79cc@group-A3AB95F92ABD: start as a follower, conf=-1: [692224c4-5202-4921-98cc-04d5c60c79cc:192.168.30.10:38144], old=null
2019-09-25 05:06:13,415 [pool-67-thread-1] INFO  impl.RaftServerImpl (RaftServerImpl.java:setRole(174)) - 692224c4-5202-4921-98cc-04d5c60c79cc@group-A3AB95F92ABD: changes role from      null to FOLLOWER at term 0 for startAsFollower
2019-09-25 05:06:13,415 [pool-67-thread-1] INFO  impl.RoleInfo (RoleInfo.java:updateAndGet(143)) - 692224c4-5202-4921-98cc-04d5c60c79cc: start FollowerState
2019-09-25 05:06:13,415 [pool-67-thread-1] INFO  util.JmxRegister (JmxRegister.java:tryRegister(44)) - Successfully registered JMX Bean with object name Ratis:service=RaftServer,group=group-A3AB95F92ABD,id=692224c4-5202-4921-98cc-04d5c60c79cc
2019-09-25 05:06:13,418 [RatisPipelineUtilsThread] INFO  pipeline.PipelineStateManager (PipelineStateManager.java:addPipeline(56)) - Created pipeline Pipeline[ Id: 31ff7a91-a273-4be7-bb42-a3ab95f92abd, Nodes: 692224c4-5202-4921-98cc-04d5c60c79cc{ip: 192.168.30.10, host: pr-hdds-1569-s62bp-3040748787, networkLocation: /default-rack, certSerialId: null}, Type:RATIS, Factor:ONE, State:OPEN]
2019-09-25 05:06:13,421 [Thread-297] INFO  impl.FollowerState (FollowerState.java:run(106)) - b4fa7d23-6606-45fd-9544-2b08ca3fa933:group-AB7F80480CEC changes to CANDIDATE, lastRpcTime:5108, electionTimeout:5108ms
2019-09-25 05:06:13,421 [Thread-297] INFO  impl.RoleInfo (RoleInfo.java:shutdownFollowerState(121)) - b4fa7d23-6606-45fd-9544-2b08ca3fa933: shutdown FollowerState
2019-09-25 05:06:13,421 [Thread-297] INFO  impl.RaftServerImpl (RaftServerImpl.java:setRole(174)) - b4fa7d23-6606-45fd-9544-2b08ca3fa933@group-AB7F80480CEC: changes role from  FOLLOWER to CANDIDATE at term 0 for changeToCandidate
2019-09-25 05:06:13,422 [Thread-297] INFO  impl.RoleInfo (RoleInfo.java:updateAndGet(143)) - b4fa7d23-6606-45fd-9544-2b08ca3fa933: start LeaderElection
2019-09-25 05:06:13,453 [b4fa7d23-6606-45fd-9544-2b08ca3fa933@group-175BF6F548F6:LeaderElection19] INFO  impl.LeaderElection (LeaderElection.java:askForVotes(182)) - b4fa7d23-6606-45fd-9544-2b08ca3fa933@group-175BF6F548F6:LeaderElection19: begin an election at term 1 for -1: [b4fa7d23-6606-45fd-9544-2b08ca3fa933:192.168.30.10:34493], old=null
2019-09-25 05:06:13,453 [b4fa7d23-6606-45fd-9544-2b08ca3fa933@group-175BF6F548F6:LeaderElection19] INFO  impl.RoleInfo (RoleInfo.java:shutdownLeaderElection(134)) - b4fa7d23-6606-45fd-9544-2b08ca3fa933: shutdown LeaderElection
2019-09-25 05:06:13,454 [b4fa7d23-6606-45fd-9544-2b08ca3fa933@group-175BF6F548F6:LeaderElection19] INFO  impl.RaftServerImpl (RaftServerImpl.java:setRole(174)) - b4fa7d23-6606-45fd-9544-2b08ca3fa933@group-175BF6F548F6: changes role from CANDIDATE to LEADER at term 1 for changeToLeader
2019-09-25 05:06:13,454 [b4fa7d23-6606-45fd-9544-2b08ca3fa933@group-175BF6F548F6:LeaderElection19] INFO  impl.RaftServerImpl (ServerState.java:setLeader(253)) - b4fa7d23-6606-45fd-9544-2b08ca3fa933@group-175BF6F548F6: change Leader from null to b4fa7d23-6606-45fd-9544-2b08ca3fa933 at term 1 for becomeLeader, leader elected after 5079ms
2019-09-25 05:06:13,454 [b4fa7d23-6606-45fd-9544-2b08ca3fa933@group-175BF6F548F6:LeaderElection19] INFO  server.RaftServerConfigKeys (ConfUtils.java:logGet(43)) - raft.server.staging.catchup.gap = 1000 (default)
2019-09-25 05:06:13,454 [b4fa7d23-6606-45fd-9544-2b08ca3fa933@group-175BF6F548F6:LeaderElection19] INFO  server.RaftServerConfigKeys (ConfUtils.java:logGet(43)) - raft.server.rpc.sleep.time = 25ms (default)
2019-09-25 05:06:13,454 [b4fa7d23-6606-45fd-9544-2b08ca3fa933@group-175BF6F548F6:LeaderElection19] INFO  server.RaftServerConfigKeys (ConfUtils.java:logGet(43)) - raft.server.write.element-limit = 4096 (default)
2019-09-25 05:06:13,454 [b4fa7d23-6606-45fd-9544-2b08ca3fa933@group-175BF6F548F6:LeaderElection19] INFO  server.RaftServerConfigKeys (ConfUtils.java:logGet(43)) - raft.server.watch.timeout = 10s (default)
2019-09-25 05:06:13,455 [b4fa7d23-6606-45fd-9544-2b08ca3fa933@group-175BF6F548F6:LeaderElection19] INFO  server.RaftServerConfigKeys (ConfUtils.java:logGet(43)) - raft.server.watch.timeout.denomination = 1s (default)
2019-09-25 05:06:13,455 [b4fa7d23-6606-45fd-9544-2b08ca3fa933@group-175BF6F548F6:LeaderElection19] INFO  server.RaftServerConfigKeys (ConfUtils.java:logGet(43)) - raft.server.watch.element-limit = 65536 (default)
2019-09-25 05:06:13,457 [grpc-default-executor-0] INFO  impl.RaftServerProxy (RaftServerProxy.java:addNew(89)) - 56396258-65a3-478c-9482-0be0199dd49c: addNew group-78B68D5662A6:[56396258-65a3-478c-9482-0be0199dd49c:192.168.30.10:41678] returns group-78B68D5662A6:java.util.concurrent.CompletableFuture@5717313e[Not completed]
2019-09-25 05:06:13,457 [b4fa7d23-6606-45fd-9544-2b08ca3fa933@group-175BF6F548F6:LeaderElection19] INFO  impl.RoleInfo (RoleInfo.java:updateAndGet(143)) - b4fa7d23-6606-45fd-9544-2b08ca3fa933: start LeaderState
2019-09-25 05:06:13,457 [b4fa7d23-6606-45fd-9544-2b08ca3fa933@group-175BF6F548F6:LeaderElection19] INFO  segmented.SegmentedRaftLogWorker (SegmentedRaftLogWorker.java:startLogSegment(380)) - b4fa7d23-6606-45fd-9544-2b08ca3fa933@group-175BF6F548F6-SegmentedRaftLogWorker: Starting segment from index:0
2019-09-25 05:06:13,458 [pool-87-thread-1] INFO  impl.RaftServerImpl (RaftServerImpl.java:<init>(95)) - 56396258-65a3-478c-9482-0be0199dd49c: new RaftServerImpl for group-78B68D5662A6:[56396258-65a3-478c-9482-0be0199dd49c:192.168.30.10:41678] with ContainerStateMachine:uninitialized
2019-09-25 05:06:13,458 [b4fa7d23-6606-45fd-9544-2b08ca3fa933@group-175BF6F548F6:LeaderElection19] INFO  impl.RaftServerImpl (ServerState.java:setRaftConf(354)) - b4fa7d23-6606-45fd-9544-2b08ca3fa933@group-175BF6F548F6: set configuration 0: [b4fa7d23-6606-45fd-9544-2b08ca3fa933:192.168.30.10:34493], old=null at 0
2019-09-25 05:06:13,458 [pool-87-thread-1] INFO  server.RaftServerConfigKeys (ConfUtils.java:logGet(43)) - raft.server.rpc.timeout.min = 5s (custom)
2019-09-25 05:06:13,495 [b4fa7d23-6606-45fd-9544-2b08ca3fa933@group-AB7F80480CEC:LeaderElection20] INFO  impl.LeaderElection (LeaderElection.java:askForVotes(182)) - b4fa7d23-6606-45fd-9544-2b08ca3fa933@group-AB7F80480CEC:LeaderElection20: begin an election at term 1 for -1: [b4fa7d23-6606-45fd-9544-2b08ca3fa933:192.168.30.10:34493], old=null
2019-09-25 05:06:13,495 [pool-87-thread-1] INFO  server.RaftServerConfigKeys (ConfUtils.java:logGet(43)) - raft.server.rpc.timeout.max = 5200ms (custom)
2019-09-25 05:06:13,495 [b4fa7d23-6606-45fd-9544-2b08ca3fa933@group-AB7F80480CEC:LeaderElection20] INFO  impl.RoleInfo (RoleInfo.java:shutdownLeaderElection(134)) - b4fa7d23-6606-45fd-9544-2b08ca3fa933: shutdown LeaderElection
2019-09-25 05:06:13,495 [pool-87-thread-1] INFO  server.RaftServerConfigKeys (ConfUtils.java:logGet(43)) - raft.server.rpcslowness.timeout = 120s (custom)
2019-09-25 05:06:13,495 [b4fa7d23-6606-45fd-9544-2b08ca3fa933@group-AB7F80480CEC:LeaderElection20] INFO  impl.RaftServerImpl (RaftServerImpl.java:setRole(174)) - b4fa7d23-6606-45fd-9544-2b08ca3fa933@group-AB7F80480CEC: changes role from CANDIDATE to LEADER at term 1 for changeToLeader
2019-09-25 05:06:13,495 [pool-87-thread-1] INFO  server.RaftServerConfigKeys (ConfUtils.java:logGet(43)) - raft.server.sleep.deviation.threshold = 300 (default)
2019-09-25 05:06:13,496 [b4fa7d23-6606-45fd-9544-2b08ca3fa933@group-AB7F80480CEC:LeaderElection20] INFO  impl.RaftServerImpl (ServerState.java:setLeader(253)) - b4fa7d23-6606-45fd-9544-2b08ca3fa933@group-AB7F80480CEC: change Leader from null to b4fa7d23-6606-45fd-9544-2b08ca3fa933 at term 1 for becomeLeader, leader elected after 5188ms
2019-09-25 05:06:13,496 [pool-87-thread-1] INFO  server.RaftServerConfigKeys (ConfUtils.java:logGet(43)) - raft.server.log.appender.install.snapshot.enabled = false (custom)
2019-09-25 05:06:13,496 [b4fa7d23-6606-45fd-9544-2b08ca3fa933@group-AB7F80480CEC:LeaderElection20] INFO  server.RaftServerConfigKeys (ConfUtils.java:logGet(43)) - raft.server.staging.catchup.gap = 1000 (default)
2019-09-25 05:06:13,496 [pool-87-thread-1] INFO  impl.RaftServerImpl (ServerState.java:<init>(103)) - 56396258-65a3-478c-9482-0be0199dd49c@group-78B68D5662A6: ConfigurationManager, init=-1: [56396258-65a3-478c-9482-0be0199dd49c:192.168.30.10:41678], old=null, confs=<EMPTY_MAP>
2019-09-25 05:06:13,496 [b4fa7d23-6606-45fd-9544-2b08ca3fa933@group-AB7F80480CEC:LeaderElection20] INFO  server.RaftServerConfigKeys (ConfUtils.java:logGet(43)) - raft.server.rpc.sleep.time = 25ms (default)
2019-09-25 05:06:13,496 [pool-87-thread-1] INFO  server.RaftServerConfigKeys (ConfUtils.java:logGet(43)) - raft.server.storage.dir = [/workdir/hadoop-ozone/integration-test/target/test-dir/MiniOzoneClusterImpl-23306158-e895-4fc7-80df-ce6c264c388b/datanode-6/data/ratis] (custom)
2019-09-25 05:06:13,497 [b4fa7d23-6606-45fd-9544-2b08ca3fa933@group-AB7F80480CEC:LeaderElection20] INFO  server.RaftServerConfigKeys (ConfUtils.java:logGet(43)) - raft.server.write.element-limit = 4096 (default)
2019-09-25 05:06:13,497 [b4fa7d23-6606-45fd-9544-2b08ca3fa933@group-AB7F80480CEC:LeaderElection20] INFO  server.RaftServerConfigKeys (ConfUtils.java:logGet(43)) - raft.server.watch.timeout = 10s (default)
2019-09-25 05:06:13,497 [pool-87-thread-1] INFO  storage.RaftStorageDirectory (RaftStorageDirectory.java:analyzeStorage(246)) - The storage directory /workdir/hadoop-ozone/integration-test/target/test-dir/MiniOzoneClusterImpl-23306158-e895-4fc7-80df-ce6c264c388b/datanode-6/data/ratis/75750839-9af6-4a15-802f-78b68d5662a6 does not exist. Creating ...
2019-09-25 05:06:13,497 [b4fa7d23-6606-45fd-9544-2b08ca3fa933@group-AB7F80480CEC:LeaderElection20] INFO  server.RaftServerConfigKeys (ConfUtils.java:logGet(43)) - raft.server.watch.timeout.denomination = 1s (default)
2019-09-25 05:06:13,497 [b4fa7d23-6606-45fd-9544-2b08ca3fa933@group-AB7F80480CEC:LeaderElection20] INFO  server.RaftServerConfigKeys (ConfUtils.java:logGet(43)) - raft.server.watch.element-limit = 65536 (default)
2019-09-25 05:06:13,500 [b4fa7d23-6606-45fd-9544-2b08ca3fa933@group-AB7F80480CEC:LeaderElection20] INFO  impl.RoleInfo (RoleInfo.java:updateAndGet(143)) - b4fa7d23-6606-45fd-9544-2b08ca3fa933: start LeaderState
2019-09-25 05:06:13,500 [b4fa7d23-6606-45fd-9544-2b08ca3fa933@group-AB7F80480CEC:LeaderElection20] INFO  segmented.SegmentedRaftLogWorker (SegmentedRaftLogWorker.java:startLogSegment(380)) - b4fa7d23-6606-45fd-9544-2b08ca3fa933@group-AB7F80480CEC-SegmentedRaftLogWorker: Starting segment from index:0
2019-09-25 05:06:13,501 [b4fa7d23-6606-45fd-9544-2b08ca3fa933@group-AB7F80480CEC:LeaderElection20] INFO  impl.RaftServerImpl (ServerState.java:setRaftConf(354)) - b4fa7d23-6606-45fd-9544-2b08ca3fa933@group-AB7F80480CEC: set configuration 0: [b4fa7d23-6606-45fd-9544-2b08ca3fa933:192.168.30.10:34493], old=null at 0
2019-09-25 05:06:13,548 [pool-87-thread-1] INFO  storage.RaftStorageDirectory (RaftStorageDirectory.java:tryLock(328)) - Lock on /workdir/hadoop-ozone/integration-test/target/test-dir/MiniOzoneClusterImpl-23306158-e895-4fc7-80df-ce6c264c388b/datanode-6/data/ratis/75750839-9af6-4a15-802f-78b68d5662a6/in_use.lock acquired by nodename 25526@pr-hdds-1569-s62bp-3040748787
2019-09-25 05:06:13,548 [b4fa7d23-6606-45fd-9544-2b08ca3fa933@group-175BF6F548F6-SegmentedRaftLogWorker] INFO  segmented.SegmentedRaftLogWorker (SegmentedRaftLogWorker.java:execute(569)) - b4fa7d23-6606-45fd-9544-2b08ca3fa933@group-175BF6F548F6-SegmentedRaftLogWorker: created new log segment /workdir/hadoop-ozone/integration-test/target/test-dir/MiniOzoneClusterImpl-23306158-e895-4fc7-80df-ce6c264c388b/datanode-5/data/ratis/d84d2ac0-7551-467f-a8f0-175bf6f548f6/current/log_inprogress_0
2019-09-25 05:06:13,560 [b4fa7d23-6606-45fd-9544-2b08ca3fa933@group-AB7F80480CEC-SegmentedRaftLogWorker] INFO  segmented.SegmentedRaftLogWorker (SegmentedRaftLogWorker.java:execute(569)) - b4fa7d23-6606-45fd-9544-2b08ca3fa933@group-AB7F80480CEC-SegmentedRaftLogWorker: created new log segment /workdir/hadoop-ozone/integration-test/target/test-dir/MiniOzoneClusterImpl-23306158-e895-4fc7-80df-ce6c264c388b/datanode-5/data/ratis/75e7df02-0a3c-470b-a44b-ab7f80480cec/current/log_inprogress_0
2019-09-25 05:06:13,574 [pool-87-thread-1] INFO  storage.RaftStorage (RaftStorage.java:format(72)) - Storage directory /workdir/hadoop-ozone/integration-test/target/test-dir/MiniOzoneClusterImpl-23306158-e895-4fc7-80df-ce6c264c388b/datanode-6/data/ratis/75750839-9af6-4a15-802f-78b68d5662a6 has been successfully formatted.
2019-09-25 05:06:13,575 [pool-87-thread-1] INFO  ratis.ContainerStateMachine (ContainerStateMachine.java:loadSnapshot(230)) - group-78B68D5662A6: The snapshot info is null. Setting the last applied indexto:(t:0, i:~)
2019-09-25 05:06:13,575 [pool-87-thread-1] INFO  server.RaftServerConfigKeys (ConfUtils.java:logGet(43)) - raft.server.notification.no-leader.timeout = 120s (custom)
2019-09-25 05:06:13,575 [pool-87-thread-1] INFO  server.RaftServerConfigKeys (ConfUtils.java:logGet(43)) - raft.server.log.use.memory = false (default)
2019-09-25 05:06:13,575 [pool-87-thread-1] INFO  server.RaftServerConfigKeys (ConfUtils.java:logGet(43)) - raft.server.log.purge.gap = 1000000 (custom)
2019-09-25 05:06:13,575 [pool-87-thread-1] INFO  server.RaftServerConfigKeys (ConfUtils.java:logGet(43)) - raft.server.log.appender.buffer.byte-limit = 33554432 (custom)
2019-09-25 05:06:13,576 [pool-87-thread-1] INFO  server.RaftServerConfigKeys (ConfUtils.java:logGet(43)) - raft.server.log.segment.size.max = 1048576 (custom)
2019-09-25 05:06:13,576 [pool-87-thread-1] INFO  server.RaftServerConfigKeys (ConfUtils.java:logGet(43)) - raft.server.log.segment.cache.num.max = 2 (custom)
2019-09-25 05:06:13,576 [pool-87-thread-1] INFO  segmented.SegmentedRaftLogWorker (SegmentedRaftLogWorker.java:<init>(172)) - new 56396258-65a3-478c-9482-0be0199dd49c@group-78B68D5662A6-SegmentedRaftLogWorker for RaftStorage:Storage Directory /workdir/hadoop-ozone/integration-test/target/test-dir/MiniOzoneClusterImpl-23306158-e895-4fc7-80df-ce6c264c388b/datanode-6/data/ratis/75750839-9af6-4a15-802f-78b68d5662a6
2019-09-25 05:06:13,576 [pool-87-thread-1] INFO  server.RaftServerConfigKeys (ConfUtils.java:logGet(43)) - raft.server.log.queue.byte-limit = 2147483647 (custom)
2019-09-25 05:06:13,576 [pool-87-thread-1] INFO  server.RaftServerConfigKeys (ConfUtils.java:logGet(43)) - raft.server.log.queue.element-limit = 1024 (custom)
2019-09-25 05:06:13,576 [pool-87-thread-1] INFO  server.RaftServerConfigKeys (ConfUtils.java:logGet(43)) - raft.server.log.segment.size.max = 1048576 (custom)
2019-09-25 05:06:13,577 [pool-87-thread-1] INFO  server.RaftServerConfigKeys (ConfUtils.java:logGet(43)) - raft.server.log.preallocated.size = 16384 (custom)
2019-09-25 05:06:13,577 [pool-87-thread-1] INFO  server.RaftServerConfigKeys (ConfUtils.java:logGet(43)) - raft.server.log.write.buffer.size = 33554432 (custom)
2019-09-25 05:06:13,577 [pool-87-thread-1] INFO  server.RaftServerConfigKeys (ConfUtils.java:logGet(43)) - raft.server.log.force.sync.num = 128 (default)
2019-09-25 05:06:13,577 [pool-87-thread-1] INFO  server.RaftServerConfigKeys (ConfUtils.java:logGet(43)) - raft.server.log.statemachine.data.sync = true (default)
2019-09-25 05:06:13,577 [pool-87-thread-1] INFO  server.RaftServerConfigKeys (ConfUtils.java:logGet(43)) - raft.server.log.statemachine.data.sync.timeout = 10s (default)
2019-09-25 05:06:13,577 [pool-87-thread-1] INFO  server.RaftServerConfigKeys (ConfUtils.java:logGet(43)) - raft.server.log.statemachine.data.sync.timeout.retry = -1 (default)
2019-09-25 05:06:13,578 [pool-87-thread-1] INFO  server.RaftServerConfigKeys (ConfUtils.java:logGet(43)) - raft.server.log.statemachine.data.caching.enabled = true (custom)
2019-09-25 05:06:13,578 [pool-87-thread-1] INFO  segmented.SegmentedRaftLogWorker (SegmentedRaftLogWorker.java:lambda$new$0(132)) - 56396258-65a3-478c-9482-0be0199dd49c@group-78B68D5662A6-SegmentedRaftLogWorker: flushIndex: setUnconditionally 0 -> -1
2019-09-25 05:06:13,578 [pool-87-thread-1] INFO  server.RaftServerConfigKeys (ConfUtils.java:logGet(43)) - raft.server.snapshot.auto.trigger.enabled = true (custom)
2019-09-25 05:06:13,579 [pool-87-thread-1] INFO  server.RaftServerConfigKeys (ConfUtils.java:logGet(43)) - raft.server.snapshot.auto.trigger.threshold = 10000 (custom)
2019-09-25 05:06:13,579 [pool-87-thread-1] INFO  server.RaftServerConfigKeys (ConfUtils.java:logGet(43)) - raft.server.snapshot.retention.num.files = 5 (custom)
2019-09-25 05:06:13,579 [pool-87-thread-1] INFO  server.RaftServerConfigKeys (ConfUtils.java:logGet(43)) - raft.server.retrycache.expirytime = 600000ms (custom)
2019-09-25 05:06:13,582 [pool-87-thread-1] INFO  impl.RaftServerImpl (RaftServerImpl.java:start(185)) - 56396258-65a3-478c-9482-0be0199dd49c@group-78B68D5662A6: start as a follower, conf=-1: [56396258-65a3-478c-9482-0be0199dd49c:192.168.30.10:41678], old=null
2019-09-25 05:06:13,582 [pool-87-thread-1] INFO  impl.RaftServerImpl (RaftServerImpl.java:setRole(174)) - 56396258-65a3-478c-9482-0be0199dd49c@group-78B68D5662A6: changes role from      null to FOLLOWER at term 0 for startAsFollower
2019-09-25 05:06:13,582 [pool-87-thread-1] INFO  impl.RoleInfo (RoleInfo.java:updateAndGet(143)) - 56396258-65a3-478c-9482-0be0199dd49c: start FollowerState
2019-09-25 05:06:13,582 [pool-87-thread-1] INFO  util.JmxRegister (JmxRegister.java:tryRegister(44)) - Successfully registered JMX Bean with object name Ratis:service=RaftServer,group=group-78B68D5662A6,id=56396258-65a3-478c-9482-0be0199dd49c
2019-09-25 05:06:13,586 [RatisPipelineUtilsThread] INFO  pipeline.PipelineStateManager (PipelineStateManager.java:addPipeline(56)) - Created pipeline Pipeline[ Id: 75750839-9af6-4a15-802f-78b68d5662a6, Nodes: 56396258-65a3-478c-9482-0be0199dd49c{ip: 192.168.30.10, host: pr-hdds-1569-s62bp-3040748787, networkLocation: /default-rack, certSerialId: null}, Type:RATIS, Factor:ONE, State:OPEN]
2019-09-25 05:06:13,593 [grpc-default-executor-0] INFO  impl.RaftServerProxy (RaftServerProxy.java:addNew(89)) - b4fa7d23-6606-45fd-9544-2b08ca3fa933: addNew group-64E57C267E0E:[b4fa7d23-6606-45fd-9544-2b08ca3fa933:192.168.30.10:34493] returns group-64E57C267E0E:java.util.concurrent.CompletableFuture@57324bf7[Not completed]
2019-09-25 05:06:13,594 [pool-77-thread-1] INFO  impl.RaftServerImpl (RaftServerImpl.java:<init>(95)) - b4fa7d23-6606-45fd-9544-2b08ca3fa933: new RaftServerImpl for group-64E57C267E0E:[b4fa7d23-6606-45fd-9544-2b08ca3fa933:192.168.30.10:34493] with ContainerStateMachine:uninitialized
2019-09-25 05:06:13,594 [pool-77-thread-1] INFO  server.RaftServerConfigKeys (ConfUtils.java:logGet(43)) - raft.server.rpc.timeout.min = 5s (custom)
2019-09-25 05:06:13,594 [pool-77-thread-1] INFO  server.RaftServerConfigKeys (ConfUtils.java:logGet(43)) - raft.server.rpc.timeout.max = 5200ms (custom)
2019-09-25 05:06:13,594 [pool-77-thread-1] INFO  server.RaftServerConfigKeys (ConfUtils.java:logGet(43)) - raft.server.rpcslowness.timeout = 120s (custom)
2019-09-25 05:06:13,595 [pool-77-thread-1] INFO  server.RaftServerConfigKeys (ConfUtils.java:logGet(43)) - raft.server.sleep.deviation.threshold = 300 (default)
2019-09-25 05:06:13,595 [pool-77-thread-1] INFO  server.RaftServerConfigKeys (ConfUtils.java:logGet(43)) - raft.server.log.appender.install.snapshot.enabled = false (custom)
2019-09-25 05:06:13,595 [pool-77-thread-1] INFO  impl.RaftServerImpl (ServerState.java:<init>(103)) - b4fa7d23-6606-45fd-9544-2b08ca3fa933@group-64E57C267E0E: ConfigurationManager, init=-1: [b4fa7d23-6606-45fd-9544-2b08ca3fa933:192.168.30.10:34493], old=null, confs=<EMPTY_MAP>
2019-09-25 05:06:13,595 [pool-77-thread-1] INFO  server.RaftServerConfigKeys (ConfUtils.java:logGet(43)) - raft.server.storage.dir = [/workdir/hadoop-ozone/integration-test/target/test-dir/MiniOzoneClusterImpl-23306158-e895-4fc7-80df-ce6c264c388b/datanode-5/data/ratis] (custom)
2019-09-25 05:06:13,596 [pool-77-thread-1] INFO  storage.RaftStorageDirectory (RaftStorageDirectory.java:analyzeStorage(246)) - The storage directory /workdir/hadoop-ozone/integration-test/target/test-dir/MiniOzoneClusterImpl-23306158-e895-4fc7-80df-ce6c264c388b/datanode-5/data/ratis/26ecd273-4a19-4a29-8e7e-64e57c267e0e does not exist. Creating ...
2019-09-25 05:06:13,600 [Thread-303] INFO  impl.FollowerState (FollowerState.java:run(106)) - f77bfc29-6991-4b1d-a503-f706c83de4fc:group-AA2D3410AA81 changes to CANDIDATE, lastRpcTime:5037, electionTimeout:5037ms
2019-09-25 05:06:13,600 [Thread-303] INFO  impl.RoleInfo (RoleInfo.java:shutdownFollowerState(121)) - f77bfc29-6991-4b1d-a503-f706c83de4fc: shutdown FollowerState
2019-09-25 05:06:13,600 [Thread-303] INFO  impl.RaftServerImpl (RaftServerImpl.java:setRole(174)) - f77bfc29-6991-4b1d-a503-f706c83de4fc@group-AA2D3410AA81: changes role from  FOLLOWER to CANDIDATE at term 0 for changeToCandidate
2019-09-25 05:06:13,600 [Thread-303] INFO  impl.RoleInfo (RoleInfo.java:updateAndGet(143)) - f77bfc29-6991-4b1d-a503-f706c83de4fc: start LeaderElection
2019-09-25 05:06:13,609 [pool-77-thread-1] INFO  storage.RaftStorageDirectory (RaftStorageDirectory.java:tryLock(328)) - Lock on /workdir/hadoop-ozone/integration-test/target/test-dir/MiniOzoneClusterImpl-23306158-e895-4fc7-80df-ce6c264c388b/datanode-5/data/ratis/26ecd273-4a19-4a29-8e7e-64e57c267e0e/in_use.lock acquired by nodename 25526@pr-hdds-1569-s62bp-3040748787
2019-09-25 05:06:13,609 [f77bfc29-6991-4b1d-a503-f706c83de4fc@group-AA2D3410AA81:LeaderElection21] INFO  impl.LeaderElection (LeaderElection.java:askForVotes(182)) - f77bfc29-6991-4b1d-a503-f706c83de4fc@group-AA2D3410AA81:LeaderElection21: begin an election at term 1 for -1: [f77bfc29-6991-4b1d-a503-f706c83de4fc:192.168.30.10:35112], old=null
2019-09-25 05:06:13,609 [f77bfc29-6991-4b1d-a503-f706c83de4fc@group-AA2D3410AA81:LeaderElection21] INFO  impl.RoleInfo (RoleInfo.java:shutdownLeaderElection(134)) - f77bfc29-6991-4b1d-a503-f706c83de4fc: shutdown LeaderElection
2019-09-25 05:06:13,609 [f77bfc29-6991-4b1d-a503-f706c83de4fc@group-AA2D3410AA81:LeaderElection21] INFO  impl.RaftServerImpl (RaftServerImpl.java:setRole(174)) - f77bfc29-6991-4b1d-a503-f706c83de4fc@group-AA2D3410AA81: changes role from CANDIDATE to LEADER at term 1 for changeToLeader
2019-09-25 05:06:13,609 [f77bfc29-6991-4b1d-a503-f706c83de4fc@group-AA2D3410AA81:LeaderElection21] INFO  impl.RaftServerImpl (ServerState.java:setLeader(253)) - f77bfc29-6991-4b1d-a503-f706c83de4fc@group-AA2D3410AA81: change Leader from null to f77bfc29-6991-4b1d-a503-f706c83de4fc at term 1 for becomeLeader, leader elected after 5055ms
2019-09-25 05:06:13,610 [f77bfc29-6991-4b1d-a503-f706c83de4fc@group-AA2D3410AA81:LeaderElection21] INFO  server.RaftServerConfigKeys (ConfUtils.java:logGet(43)) - raft.server.staging.catchup.gap = 1000 (default)
2019-09-25 05:06:13,610 [f77bfc29-6991-4b1d-a503-f706c83de4fc@group-AA2D3410AA81:LeaderElection21] INFO  server.RaftServerConfigKeys (ConfUtils.java:logGet(43)) - raft.server.rpc.sleep.time = 25ms (default)
2019-09-25 05:06:13,610 [f77bfc29-6991-4b1d-a503-f706c83de4fc@group-AA2D3410AA81:LeaderElection21] INFO  server.RaftServerConfigKeys (ConfUtils.java:logGet(43)) - raft.server.write.element-limit = 4096 (default)
2019-09-25 05:06:13,610 [f77bfc29-6991-4b1d-a503-f706c83de4fc@group-AA2D3410AA81:LeaderElection21] INFO  server.RaftServerConfigKeys (ConfUtils.java:logGet(43)) - raft.server.watch.timeout = 10s (default)
2019-09-25 05:06:13,610 [f77bfc29-6991-4b1d-a503-f706c83de4fc@group-AA2D3410AA81:LeaderElection21] INFO  server.RaftServerConfigKeys (ConfUtils.java:logGet(43)) - raft.server.watch.timeout.denomination = 1s (default)
2019-09-25 05:06:13,610 [f77bfc29-6991-4b1d-a503-f706c83de4fc@group-AA2D3410AA81:LeaderElection21] INFO  server.RaftServerConfigKeys (ConfUtils.java:logGet(43)) - raft.server.watch.element-limit = 65536 (default)
2019-09-25 05:06:13,613 [f77bfc29-6991-4b1d-a503-f706c83de4fc@group-AA2D3410AA81:LeaderElection21] INFO  impl.RoleInfo (RoleInfo.java:updateAndGet(143)) - f77bfc29-6991-4b1d-a503-f706c83de4fc: start LeaderState
2019-09-25 05:06:13,613 [f77bfc29-6991-4b1d-a503-f706c83de4fc@group-AA2D3410AA81:LeaderElection21] INFO  segmented.SegmentedRaftLogWorker (SegmentedRaftLogWorker.java:startLogSegment(380)) - f77bfc29-6991-4b1d-a503-f706c83de4fc@group-AA2D3410AA81-SegmentedRaftLogWorker: Starting segment from index:0
2019-09-25 05:06:13,613 [f77bfc29-6991-4b1d-a503-f706c83de4fc@group-AA2D3410AA81:LeaderElection21] INFO  impl.RaftServerImpl (ServerState.java:setRaftConf(354)) - f77bfc29-6991-4b1d-a503-f706c83de4fc@group-AA2D3410AA81: set configuration 0: [f77bfc29-6991-4b1d-a503-f706c83de4fc:192.168.30.10:35112], old=null at 0
2019-09-25 05:06:13,650 [pool-77-thread-1] INFO  storage.RaftStorage (RaftStorage.java:format(72)) - Storage directory /workdir/hadoop-ozone/integration-test/target/test-dir/MiniOzoneClusterImpl-23306158-e895-4fc7-80df-ce6c264c388b/datanode-5/data/ratis/26ecd273-4a19-4a29-8e7e-64e57c267e0e has been successfully formatted.
2019-09-25 05:06:13,651 [pool-77-thread-1] INFO  ratis.ContainerStateMachine (ContainerStateMachine.java:loadSnapshot(230)) - group-64E57C267E0E: The snapshot info is null. Setting the last applied indexto:(t:0, i:~)
2019-09-25 05:06:13,651 [pool-77-thread-1] INFO  server.RaftServerConfigKeys (ConfUtils.java:logGet(43)) - raft.server.notification.no-leader.timeout = 120s (custom)
2019-09-25 05:06:13,651 [pool-77-thread-1] INFO  server.RaftServerConfigKeys (ConfUtils.java:logGet(43)) - raft.server.log.use.memory = false (default)
2019-09-25 05:06:13,651 [pool-77-thread-1] INFO  server.RaftServerConfigKeys (ConfUtils.java:logGet(43)) - raft.server.log.purge.gap = 1000000 (custom)
2019-09-25 05:06:13,651 [pool-77-thread-1] INFO  server.RaftServerConfigKeys (ConfUtils.java:logGet(43)) - raft.server.log.appender.buffer.byte-limit = 33554432 (custom)
2019-09-25 05:06:13,652 [pool-77-thread-1] INFO  server.RaftServerConfigKeys (ConfUtils.java:logGet(43)) - raft.server.log.segment.size.max = 1048576 (custom)
2019-09-25 05:06:13,652 [pool-77-thread-1] INFO  server.RaftServerConfigKeys (ConfUtils.java:logGet(43)) - raft.server.log.segment.cache.num.max = 2 (custom)
2019-09-25 05:06:13,652 [pool-77-thread-1] INFO  segmented.SegmentedRaftLogWorker (SegmentedRaftLogWorker.java:<init>(172)) - new b4fa7d23-6606-45fd-9544-2b08ca3fa933@group-64E57C267E0E-SegmentedRaftLogWorker for RaftStorage:Storage Directory /workdir/hadoop-ozone/integration-test/target/test-dir/MiniOzoneClusterImpl-23306158-e895-4fc7-80df-ce6c264c388b/datanode-5/data/ratis/26ecd273-4a19-4a29-8e7e-64e57c267e0e
2019-09-25 05:06:13,652 [pool-77-thread-1] INFO  server.RaftServerConfigKeys (ConfUtils.java:logGet(43)) - raft.server.log.queue.byte-limit = 2147483647 (custom)
2019-09-25 05:06:13,652 [pool-77-thread-1] INFO  server.RaftServerConfigKeys (ConfUtils.java:logGet(43)) - raft.server.log.queue.element-limit = 1024 (custom)
2019-09-25 05:06:13,652 [pool-77-thread-1] INFO  server.RaftServerConfigKeys (ConfUtils.java:logGet(43)) - raft.server.log.segment.size.max = 1048576 (custom)
2019-09-25 05:06:13,653 [pool-77-thread-1] INFO  server.RaftServerConfigKeys (ConfUtils.java:logGet(43)) - raft.server.log.preallocated.size = 16384 (custom)
2019-09-25 05:06:13,653 [pool-77-thread-1] INFO  server.RaftServerConfigKeys (ConfUtils.java:logGet(43)) - raft.server.log.write.buffer.size = 33554432 (custom)
2019-09-25 05:06:13,653 [pool-77-thread-1] INFO  server.RaftServerConfigKeys (ConfUtils.java:logGet(43)) - raft.server.log.force.sync.num = 128 (default)
2019-09-25 05:06:13,653 [pool-77-thread-1] INFO  server.RaftServerConfigKeys (ConfUtils.java:logGet(43)) - raft.server.log.statemachine.data.sync = true (default)
2019-09-25 05:06:13,653 [pool-77-thread-1] INFO  server.RaftServerConfigKeys (ConfUtils.java:logGet(43)) - raft.server.log.statemachine.data.sync.timeout = 10s (default)
2019-09-25 05:06:13,653 [pool-77-thread-1] INFO  server.RaftServerConfigKeys (ConfUtils.java:logGet(43)) - raft.server.log.statemachine.data.sync.timeout.retry = -1 (default)
2019-09-25 05:06:13,653 [pool-77-thread-1] INFO  server.RaftServerConfigKeys (ConfUtils.java:logGet(43)) - raft.server.log.statemachine.data.caching.enabled = true (custom)
2019-09-25 05:06:13,654 [pool-77-thread-1] INFO  segmented.SegmentedRaftLogWorker (SegmentedRaftLogWorker.java:lambda$new$0(132)) - b4fa7d23-6606-45fd-9544-2b08ca3fa933@group-64E57C267E0E-SegmentedRaftLogWorker: flushIndex: setUnconditionally 0 -> -1
2019-09-25 05:06:13,654 [pool-77-thread-1] INFO  server.RaftServerConfigKeys (ConfUtils.java:logGet(43)) - raft.server.snapshot.auto.trigger.enabled = true (custom)
2019-09-25 05:06:13,654 [pool-77-thread-1] INFO  server.RaftServerConfigKeys (ConfUtils.java:logGet(43)) - raft.server.snapshot.auto.trigger.threshold = 10000 (custom)
2019-09-25 05:06:13,654 [pool-77-thread-1] INFO  server.RaftServerConfigKeys (ConfUtils.java:logGet(43)) - raft.server.snapshot.retention.num.files = 5 (custom)
2019-09-25 05:06:13,655 [pool-77-thread-1] INFO  server.RaftServerConfigKeys (ConfUtils.java:logGet(43)) - raft.server.retrycache.expirytime = 600000ms (custom)
2019-09-25 05:06:13,657 [pool-77-thread-1] INFO  impl.RaftServerImpl (RaftServerImpl.java:start(185)) - b4fa7d23-6606-45fd-9544-2b08ca3fa933@group-64E57C267E0E: start as a follower, conf=-1: [b4fa7d23-6606-45fd-9544-2b08ca3fa933:192.168.30.10:34493], old=null
2019-09-25 05:06:13,657 [pool-77-thread-1] INFO  impl.RaftServerImpl (RaftServerImpl.java:setRole(174)) - b4fa7d23-6606-45fd-9544-2b08ca3fa933@group-64E57C267E0E: changes role from      null to FOLLOWER at term 0 for startAsFollower
2019-09-25 05:06:13,658 [pool-77-thread-1] INFO  impl.RoleInfo (RoleInfo.java:updateAndGet(143)) - b4fa7d23-6606-45fd-9544-2b08ca3fa933: start FollowerState
2019-09-25 05:06:13,658 [pool-77-thread-1] INFO  util.JmxRegister (JmxRegister.java:tryRegister(44)) - Successfully registered JMX Bean with object name Ratis:service=RaftServer,group=group-64E57C267E0E,id=b4fa7d23-6606-45fd-9544-2b08ca3fa933
2019-09-25 05:06:13,661 [RatisPipelineUtilsThread] INFO  pipeline.PipelineStateManager (PipelineStateManager.java:addPipeline(56)) - Created pipeline Pipeline[ Id: 26ecd273-4a19-4a29-8e7e-64e57c267e0e, Nodes: b4fa7d23-6606-45fd-9544-2b08ca3fa933{ip: 192.168.30.10, host: pr-hdds-1569-s62bp-3040748787, networkLocation: /default-rack, certSerialId: null}, Type:RATIS, Factor:ONE, State:OPEN]
2019-09-25 05:06:13,662 [f77bfc29-6991-4b1d-a503-f706c83de4fc@group-AA2D3410AA81-SegmentedRaftLogWorker] INFO  segmented.SegmentedRaftLogWorker (SegmentedRaftLogWorker.java:execute(569)) - f77bfc29-6991-4b1d-a503-f706c83de4fc@group-AA2D3410AA81-SegmentedRaftLogWorker: created new log segment /workdir/hadoop-ozone/integration-test/target/test-dir/MiniOzoneClusterImpl-23306158-e895-4fc7-80df-ce6c264c388b/datanode-0/data/ratis/4fc5a509-02b1-415e-88ea-aa2d3410aa81/current/log_inprogress_0
2019-09-25 05:06:13,667 [grpc-default-executor-0] INFO  impl.RaftServerProxy (RaftServerProxy.java:addNew(89)) - 56396258-65a3-478c-9482-0be0199dd49c: addNew group-73E62750B93A:[56396258-65a3-478c-9482-0be0199dd49c:192.168.30.10:41678] returns group-73E62750B93A:java.util.concurrent.CompletableFuture@27903577[Not completed]
2019-09-25 05:06:13,667 [Thread-306] INFO  impl.FollowerState (FollowerState.java:run(106)) - 36ac27b3-2f11-437d-8f1f-165306b0ff4a:group-94DEA437B035 changes to CANDIDATE, lastRpcTime:5046, electionTimeout:5046ms
2019-09-25 05:06:13,667 [Thread-306] INFO  impl.RoleInfo (RoleInfo.java:shutdownFollowerState(121)) - 36ac27b3-2f11-437d-8f1f-165306b0ff4a: shutdown FollowerState
2019-09-25 05:06:13,667 [Thread-306] INFO  impl.RaftServerImpl (RaftServerImpl.java:setRole(174)) - 36ac27b3-2f11-437d-8f1f-165306b0ff4a@group-94DEA437B035: changes role from  FOLLOWER to CANDIDATE at term 0 for changeToCandidate
2019-09-25 05:06:13,668 [Thread-306] INFO  impl.RoleInfo (RoleInfo.java:updateAndGet(143)) - 36ac27b3-2f11-437d-8f1f-165306b0ff4a: start LeaderElection
2019-09-25 05:06:13,668 [pool-87-thread-1] INFO  impl.RaftServerImpl (RaftServerImpl.java:<init>(95)) - 56396258-65a3-478c-9482-0be0199dd49c: new RaftServerImpl for group-73E62750B93A:[56396258-65a3-478c-9482-0be0199dd49c:192.168.30.10:41678] with ContainerStateMachine:uninitialized
2019-09-25 05:06:13,668 [pool-87-thread-1] INFO  server.RaftServerConfigKeys (ConfUtils.java:logGet(43)) - raft.server.rpc.timeout.min = 5s (custom)
2019-09-25 05:06:13,671 [pool-87-thread-1] INFO  server.RaftServerConfigKeys (ConfUtils.java:logGet(43)) - raft.server.rpc.timeout.max = 5200ms (custom)
2019-09-25 05:06:13,671 [pool-87-thread-1] INFO  server.RaftServerConfigKeys (ConfUtils.java:logGet(43)) - raft.server.rpcslowness.timeout = 120s (custom)
2019-09-25 05:06:13,671 [pool-87-thread-1] INFO  server.RaftServerConfigKeys (ConfUtils.java:logGet(43)) - raft.server.sleep.deviation.threshold = 300 (default)
2019-09-25 05:06:13,671 [pool-87-thread-1] INFO  server.RaftServerConfigKeys (ConfUtils.java:logGet(43)) - raft.server.log.appender.install.snapshot.enabled = false (custom)
2019-09-25 05:06:13,671 [pool-87-thread-1] INFO  impl.RaftServerImpl (ServerState.java:<init>(103)) - 56396258-65a3-478c-9482-0be0199dd49c@group-73E62750B93A: ConfigurationManager, init=-1: [56396258-65a3-478c-9482-0be0199dd49c:192.168.30.10:41678], old=null, confs=<EMPTY_MAP>
2019-09-25 05:06:13,672 [pool-87-thread-1] INFO  server.RaftServerConfigKeys (ConfUtils.java:logGet(43)) - raft.server.storage.dir = [/workdir/hadoop-ozone/integration-test/target/test-dir/MiniOzoneClusterImpl-23306158-e895-4fc7-80df-ce6c264c388b/datanode-6/data/ratis] (custom)
2019-09-25 05:06:13,672 [pool-87-thread-1] INFO  storage.RaftStorageDirectory (RaftStorageDirectory.java:analyzeStorage(246)) - The storage directory /workdir/hadoop-ozone/integration-test/target/test-dir/MiniOzoneClusterImpl-23306158-e895-4fc7-80df-ce6c264c388b/datanode-6/data/ratis/5f763696-1f18-4e5c-a26c-73e62750b93a does not exist. Creating ...
2019-09-25 05:06:13,684 [Thread-309] INFO  impl.FollowerState (FollowerState.java:run(106)) - f77bfc29-6991-4b1d-a503-f706c83de4fc:group-EC9747DEA868 changes to CANDIDATE, lastRpcTime:5008, electionTimeout:5008ms
2019-09-25 05:06:13,684 [Thread-309] INFO  impl.RoleInfo (RoleInfo.java:shutdownFollowerState(121)) - f77bfc29-6991-4b1d-a503-f706c83de4fc: shutdown FollowerState
2019-09-25 05:06:13,684 [pool-87-thread-1] INFO  storage.RaftStorageDirectory (RaftStorageDirectory.java:tryLock(328)) - Lock on /workdir/hadoop-ozone/integration-test/target/test-dir/MiniOzoneClusterImpl-23306158-e895-4fc7-80df-ce6c264c388b/datanode-6/data/ratis/5f763696-1f18-4e5c-a26c-73e62750b93a/in_use.lock acquired by nodename 25526@pr-hdds-1569-s62bp-3040748787
2019-09-25 05:06:13,684 [36ac27b3-2f11-437d-8f1f-165306b0ff4a@group-94DEA437B035:LeaderElection22] INFO  impl.LeaderElection (LeaderElection.java:askForVotes(182)) - 36ac27b3-2f11-437d-8f1f-165306b0ff4a@group-94DEA437B035:LeaderElection22: begin an election at term 1 for -1: [36ac27b3-2f11-437d-8f1f-165306b0ff4a:192.168.30.10:45265], old=null
2019-09-25 05:06:13,684 [Thread-309] INFO  impl.RaftServerImpl (RaftServerImpl.java:setRole(174)) - f77bfc29-6991-4b1d-a503-f706c83de4fc@group-EC9747DEA868: changes role from  FOLLOWER to CANDIDATE at term 0 for changeToCandidate
2019-09-25 05:06:13,684 [36ac27b3-2f11-437d-8f1f-165306b0ff4a@group-94DEA437B035:LeaderElection22] INFO  impl.RoleInfo (RoleInfo.java:shutdownLeaderElection(134)) - 36ac27b3-2f11-437d-8f1f-165306b0ff4a: shutdown LeaderElection
2019-09-25 05:06:13,685 [Thread-309] INFO  impl.RoleInfo (RoleInfo.java:updateAndGet(143)) - f77bfc29-6991-4b1d-a503-f706c83de4fc: start LeaderElection
2019-09-25 05:06:13,685 [36ac27b3-2f11-437d-8f1f-165306b0ff4a@group-94DEA437B035:LeaderElection22] INFO  impl.RaftServerImpl (RaftServerImpl.java:setRole(174)) - 36ac27b3-2f11-437d-8f1f-165306b0ff4a@group-94DEA437B035: changes role from CANDIDATE to LEADER at term 1 for changeToLeader
2019-09-25 05:06:13,685 [36ac27b3-2f11-437d-8f1f-165306b0ff4a@group-94DEA437B035:LeaderElection22] INFO  impl.RaftServerImpl (ServerState.java:setLeader(253)) - 36ac27b3-2f11-437d-8f1f-165306b0ff4a@group-94DEA437B035: change Leader from null to 36ac27b3-2f11-437d-8f1f-165306b0ff4a at term 1 for becomeLeader, leader elected after 5070ms
2019-09-25 05:06:13,685 [36ac27b3-2f11-437d-8f1f-165306b0ff4a@group-94DEA437B035:LeaderElection22] INFO  server.RaftServerConfigKeys (ConfUtils.java:logGet(43)) - raft.server.staging.catchup.gap = 1000 (default)
2019-09-25 05:06:13,685 [36ac27b3-2f11-437d-8f1f-165306b0ff4a@group-94DEA437B035:LeaderElection22] INFO  server.RaftServerConfigKeys (ConfUtils.java:logGet(43)) - raft.server.rpc.sleep.time = 25ms (default)
2019-09-25 05:06:13,688 [36ac27b3-2f11-437d-8f1f-165306b0ff4a@group-94DEA437B035:LeaderElection22] INFO  server.RaftServerConfigKeys (ConfUtils.java:logGet(43)) - raft.server.write.element-limit = 4096 (default)
2019-09-25 05:06:13,688 [36ac27b3-2f11-437d-8f1f-165306b0ff4a@group-94DEA437B035:LeaderElection22] INFO  server.RaftServerConfigKeys (ConfUtils.java:logGet(43)) - raft.server.watch.timeout = 10s (default)
2019-09-25 05:06:13,688 [36ac27b3-2f11-437d-8f1f-165306b0ff4a@group-94DEA437B035:LeaderElection22] INFO  server.RaftServerConfigKeys (ConfUtils.java:logGet(43)) - raft.server.watch.timeout.denomination = 1s (default)
2019-09-25 05:06:13,688 [36ac27b3-2f11-437d-8f1f-165306b0ff4a@group-94DEA437B035:LeaderElection22] INFO  server.RaftServerConfigKeys (ConfUtils.java:logGet(43)) - raft.server.watch.element-limit = 65536 (default)
2019-09-25 05:06:13,690 [36ac27b3-2f11-437d-8f1f-165306b0ff4a@group-94DEA437B035:LeaderElection22] INFO  impl.RoleInfo (RoleInfo.java:updateAndGet(143)) - 36ac27b3-2f11-437d-8f1f-165306b0ff4a: start LeaderState
2019-09-25 05:06:13,690 [36ac27b3-2f11-437d-8f1f-165306b0ff4a@group-94DEA437B035:LeaderElection22] INFO  segmented.SegmentedRaftLogWorker (SegmentedRaftLogWorker.java:startLogSegment(380)) - 36ac27b3-2f11-437d-8f1f-165306b0ff4a@group-94DEA437B035-SegmentedRaftLogWorker: Starting segment from index:0
2019-09-25 05:06:13,690 [36ac27b3-2f11-437d-8f1f-165306b0ff4a@group-94DEA437B035:LeaderElection22] INFO  impl.RaftServerImpl (ServerState.java:setRaftConf(354)) - 36ac27b3-2f11-437d-8f1f-165306b0ff4a@group-94DEA437B035: set configuration 0: [36ac27b3-2f11-437d-8f1f-165306b0ff4a:192.168.30.10:45265], old=null at 0
2019-09-25 05:06:13,720 [pool-87-thread-1] INFO  storage.RaftStorage (RaftStorage.java:format(72)) - Storage directory /workdir/hadoop-ozone/integration-test/target/test-dir/MiniOzoneClusterImpl-23306158-e895-4fc7-80df-ce6c264c388b/datanode-6/data/ratis/5f763696-1f18-4e5c-a26c-73e62750b93a has been successfully formatted.
2019-09-25 05:06:13,721 [f77bfc29-6991-4b1d-a503-f706c83de4fc@group-EC9747DEA868:LeaderElection23] INFO  impl.LeaderElection (LeaderElection.java:askForVotes(182)) - f77bfc29-6991-4b1d-a503-f706c83de4fc@group-EC9747DEA868:LeaderElection23: begin an election at term 1 for -1: [f77bfc29-6991-4b1d-a503-f706c83de4fc:192.168.30.10:35112], old=null
2019-09-25 05:06:13,721 [f77bfc29-6991-4b1d-a503-f706c83de4fc@group-EC9747DEA868:LeaderElection23] INFO  impl.RoleInfo (RoleInfo.java:shutdownLeaderElection(134)) - f77bfc29-6991-4b1d-a503-f706c83de4fc: shutdown LeaderElection
2019-09-25 05:06:13,721 [pool-87-thread-1] INFO  ratis.ContainerStateMachine (ContainerStateMachine.java:loadSnapshot(230)) - group-73E62750B93A: The snapshot info is null. Setting the last applied indexto:(t:0, i:~)
2019-09-25 05:06:13,721 [f77bfc29-6991-4b1d-a503-f706c83de4fc@group-EC9747DEA868:LeaderElection23] INFO  impl.RaftServerImpl (RaftServerImpl.java:setRole(174)) - f77bfc29-6991-4b1d-a503-f706c83de4fc@group-EC9747DEA868: changes role from CANDIDATE to LEADER at term 1 for changeToLeader
2019-09-25 05:06:13,721 [pool-87-thread-1] INFO  server.RaftServerConfigKeys (ConfUtils.java:logGet(43)) - raft.server.notification.no-leader.timeout = 120s (custom)
2019-09-25 05:06:13,721 [f77bfc29-6991-4b1d-a503-f706c83de4fc@group-EC9747DEA868:LeaderElection23] INFO  impl.RaftServerImpl (ServerState.java:setLeader(253)) - f77bfc29-6991-4b1d-a503-f706c83de4fc@group-EC9747DEA868: change Leader from null to f77bfc29-6991-4b1d-a503-f706c83de4fc at term 1 for becomeLeader, leader elected after 5054ms
2019-09-25 05:06:13,721 [pool-87-thread-1] INFO  server.RaftServerConfigKeys (ConfUtils.java:logGet(43)) - raft.server.log.use.memory = false (default)
2019-09-25 05:06:13,722 [f77bfc29-6991-4b1d-a503-f706c83de4fc@group-EC9747DEA868:LeaderElection23] INFO  server.RaftServerConfigKeys (ConfUtils.java:logGet(43)) - raft.server.staging.catchup.gap = 1000 (default)
2019-09-25 05:06:13,722 [pool-87-thread-1] INFO  server.RaftServerConfigKeys (ConfUtils.java:logGet(43)) - raft.server.log.purge.gap = 1000000 (custom)
2019-09-25 05:06:13,722 [f77bfc29-6991-4b1d-a503-f706c83de4fc@group-EC9747DEA868:LeaderElection23] INFO  server.RaftServerConfigKeys (ConfUtils.java:logGet(43)) - raft.server.rpc.sleep.time = 25ms (default)
2019-09-25 05:06:13,722 [pool-87-thread-1] INFO  server.RaftServerConfigKeys (ConfUtils.java:logGet(43)) - raft.server.log.appender.buffer.byte-limit = 33554432 (custom)
2019-09-25 05:06:13,722 [f77bfc29-6991-4b1d-a503-f706c83de4fc@group-EC9747DEA868:LeaderElection23] INFO  server.RaftServerConfigKeys (ConfUtils.java:logGet(43)) - raft.server.write.element-limit = 4096 (default)
2019-09-25 05:06:13,722 [pool-87-thread-1] INFO  server.RaftServerConfigKeys (ConfUtils.java:logGet(43)) - raft.server.log.segment.size.max = 1048576 (custom)
2019-09-25 05:06:13,722 [f77bfc29-6991-4b1d-a503-f706c83de4fc@group-EC9747DEA868:LeaderElection23] INFO  server.RaftServerConfigKeys (ConfUtils.java:logGet(43)) - raft.server.watch.timeout = 10s (default)
2019-09-25 05:06:13,723 [pool-87-thread-1] INFO  server.RaftServerConfigKeys (ConfUtils.java:logGet(43)) - raft.server.log.segment.cache.num.max = 2 (custom)
2019-09-25 05:06:13,723 [f77bfc29-6991-4b1d-a503-f706c83de4fc@group-EC9747DEA868:LeaderElection23] INFO  server.RaftServerConfigKeys (ConfUtils.java:logGet(43)) - raft.server.watch.timeout.denomination = 1s (default)
2019-09-25 05:06:13,723 [pool-87-thread-1] INFO  segmented.SegmentedRaftLogWorker (SegmentedRaftLogWorker.java:<init>(172)) - new 56396258-65a3-478c-9482-0be0199dd49c@group-73E62750B93A-SegmentedRaftLogWorker for RaftStorage:Storage Directory /workdir/hadoop-ozone/integration-test/target/test-dir/MiniOzoneClusterImpl-23306158-e895-4fc7-80df-ce6c264c388b/datanode-6/data/ratis/5f763696-1f18-4e5c-a26c-73e62750b93a
2019-09-25 05:06:13,723 [f77bfc29-6991-4b1d-a503-f706c83de4fc@group-EC9747DEA868:LeaderElection23] INFO  server.RaftServerConfigKeys (ConfUtils.java:logGet(43)) - raft.server.watch.element-limit = 65536 (default)
2019-09-25 05:06:13,723 [pool-87-thread-1] INFO  server.RaftServerConfigKeys (ConfUtils.java:logGet(43)) - raft.server.log.queue.byte-limit = 2147483647 (custom)
2019-09-25 05:06:13,723 [pool-87-thread-1] INFO  server.RaftServerConfigKeys (ConfUtils.java:logGet(43)) - raft.server.log.queue.element-limit = 1024 (custom)
2019-09-25 05:06:13,724 [pool-87-thread-1] INFO  server.RaftServerConfigKeys (ConfUtils.java:logGet(43)) - raft.server.log.segment.size.max = 1048576 (custom)
2019-09-25 05:06:13,724 [pool-87-thread-1] INFO  server.RaftServerConfigKeys (ConfUtils.java:logGet(43)) - raft.server.log.preallocated.size = 16384 (custom)
2019-09-25 05:06:13,724 [pool-87-thread-1] INFO  server.RaftServerConfigKeys (ConfUtils.java:logGet(43)) - raft.server.log.write.buffer.size = 33554432 (custom)
2019-09-25 05:06:13,724 [pool-87-thread-1] INFO  server.RaftServerConfigKeys (ConfUtils.java:logGet(43)) - raft.server.log.force.sync.num = 128 (default)
2019-09-25 05:06:13,724 [pool-87-thread-1] INFO  server.RaftServerConfigKeys (ConfUtils.java:logGet(43)) - raft.server.log.statemachine.data.sync = true (default)
2019-09-25 05:06:13,724 [pool-87-thread-1] INFO  server.RaftServerConfigKeys (ConfUtils.java:logGet(43)) - raft.server.log.statemachine.data.sync.timeout = 10s (default)
2019-09-25 05:06:13,725 [pool-87-thread-1] INFO  server.RaftServerConfigKeys (ConfUtils.java:logGet(43)) - raft.server.log.statemachine.data.sync.timeout.retry = -1 (default)
2019-09-25 05:06:13,725 [pool-87-thread-1] INFO  server.RaftServerConfigKeys (ConfUtils.java:logGet(43)) - raft.server.log.statemachine.data.caching.enabled = true (custom)
2019-09-25 05:06:13,725 [pool-87-thread-1] INFO  segmented.SegmentedRaftLogWorker (SegmentedRaftLogWorker.java:lambda$new$0(132)) - 56396258-65a3-478c-9482-0be0199dd49c@group-73E62750B93A-SegmentedRaftLogWorker: flushIndex: setUnconditionally 0 -> -1
2019-09-25 05:06:13,726 [pool-87-thread-1] INFO  server.RaftServerConfigKeys (ConfUtils.java:logGet(43)) - raft.server.snapshot.auto.trigger.enabled = true (custom)
2019-09-25 05:06:13,726 [f77bfc29-6991-4b1d-a503-f706c83de4fc@group-EC9747DEA868:LeaderElection23] INFO  impl.RoleInfo (RoleInfo.java:updateAndGet(143)) - f77bfc29-6991-4b1d-a503-f706c83de4fc: start LeaderState
2019-09-25 05:06:13,726 [pool-87-thread-1] INFO  server.RaftServerConfigKeys (ConfUtils.java:logGet(43)) - raft.server.snapshot.auto.trigger.threshold = 10000 (custom)
2019-09-25 05:06:13,726 [pool-87-thread-1] INFO  server.RaftServerConfigKeys (ConfUtils.java:logGet(43)) - raft.server.snapshot.retention.num.files = 5 (custom)
2019-09-25 05:06:13,726 [f77bfc29-6991-4b1d-a503-f706c83de4fc@group-EC9747DEA868:LeaderElection23] INFO  segmented.SegmentedRaftLogWorker (SegmentedRaftLogWorker.java:startLogSegment(380)) - f77bfc29-6991-4b1d-a503-f706c83de4fc@group-EC9747DEA868-SegmentedRaftLogWorker: Starting segment from index:0
2019-09-25 05:06:13,726 [pool-87-thread-1] INFO  server.RaftServerConfigKeys (ConfUtils.java:logGet(43)) - raft.server.retrycache.expirytime = 600000ms (custom)
2019-09-25 05:06:13,727 [f77bfc29-6991-4b1d-a503-f706c83de4fc@group-EC9747DEA868:LeaderElection23] INFO  impl.RaftServerImpl (ServerState.java:setRaftConf(354)) - f77bfc29-6991-4b1d-a503-f706c83de4fc@group-EC9747DEA868: set configuration 0: [f77bfc29-6991-4b1d-a503-f706c83de4fc:192.168.30.10:35112], old=null at 0
2019-09-25 05:06:13,764 [36ac27b3-2f11-437d-8f1f-165306b0ff4a@group-94DEA437B035-SegmentedRaftLogWorker] INFO  segmented.SegmentedRaftLogWorker (SegmentedRaftLogWorker.java:execute(569)) - 36ac27b3-2f11-437d-8f1f-165306b0ff4a@group-94DEA437B035-SegmentedRaftLogWorker: created new log segment /workdir/hadoop-ozone/integration-test/target/test-dir/MiniOzoneClusterImpl-23306158-e895-4fc7-80df-ce6c264c388b/datanode-1/data/ratis/a9824620-31ca-440b-b239-94dea437b035/current/log_inprogress_0
2019-09-25 05:06:13,766 [pool-87-thread-1] INFO  impl.RaftServerImpl (RaftServerImpl.java:start(185)) - 56396258-65a3-478c-9482-0be0199dd49c@group-73E62750B93A: start as a follower, conf=-1: [56396258-65a3-478c-9482-0be0199dd49c:192.168.30.10:41678], old=null
2019-09-25 05:06:13,766 [pool-87-thread-1] INFO  impl.RaftServerImpl (RaftServerImpl.java:setRole(174)) - 56396258-65a3-478c-9482-0be0199dd49c@group-73E62750B93A: changes role from      null to FOLLOWER at term 0 for startAsFollower
2019-09-25 05:06:13,766 [pool-87-thread-1] INFO  impl.RoleInfo (RoleInfo.java:updateAndGet(143)) - 56396258-65a3-478c-9482-0be0199dd49c: start FollowerState
2019-09-25 05:06:13,767 [pool-87-thread-1] INFO  util.JmxRegister (JmxRegister.java:tryRegister(44)) - Successfully registered JMX Bean with object name Ratis:service=RaftServer,group=group-73E62750B93A,id=56396258-65a3-478c-9482-0be0199dd49c
2019-09-25 05:06:13,770 [RatisPipelineUtilsThread] INFO  pipeline.PipelineStateManager (PipelineStateManager.java:addPipeline(56)) - Created pipeline Pipeline[ Id: 5f763696-1f18-4e5c-a26c-73e62750b93a, Nodes: 56396258-65a3-478c-9482-0be0199dd49c{ip: 192.168.30.10, host: pr-hdds-1569-s62bp-3040748787, networkLocation: /default-rack, certSerialId: null}, Type:RATIS, Factor:ONE, State:OPEN]
2019-09-25 05:06:13,777 [grpc-default-executor-0] INFO  impl.RaftServerProxy (RaftServerProxy.java:addNew(89)) - f77bfc29-6991-4b1d-a503-f706c83de4fc: addNew group-896477D705A3:[f77bfc29-6991-4b1d-a503-f706c83de4fc:192.168.30.10:35112] returns group-896477D705A3:java.util.concurrent.CompletableFuture@19669c78[Not completed]
2019-09-25 05:06:13,777 [f77bfc29-6991-4b1d-a503-f706c83de4fc@group-EC9747DEA868-SegmentedRaftLogWorker] INFO  segmented.SegmentedRaftLogWorker (SegmentedRaftLogWorker.java:execute(569)) - f77bfc29-6991-4b1d-a503-f706c83de4fc@group-EC9747DEA868-SegmentedRaftLogWorker: created new log segment /workdir/hadoop-ozone/integration-test/target/test-dir/MiniOzoneClusterImpl-23306158-e895-4fc7-80df-ce6c264c388b/datanode-0/data/ratis/9ef699ff-0c77-4f0d-98dd-ec9747dea868/current/log_inprogress_0
2019-09-25 05:06:13,778 [pool-27-thread-1] INFO  impl.RaftServerImpl (RaftServerImpl.java:<init>(95)) - f77bfc29-6991-4b1d-a503-f706c83de4fc: new RaftServerImpl for group-896477D705A3:[f77bfc29-6991-4b1d-a503-f706c83de4fc:192.168.30.10:35112] with ContainerStateMachine:uninitialized
2019-09-25 05:06:13,779 [pool-27-thread-1] INFO  server.RaftServerConfigKeys (ConfUtils.java:logGet(43)) - raft.server.rpc.timeout.min = 5s (custom)
2019-09-25 05:06:13,779 [pool-27-thread-1] INFO  server.RaftServerConfigKeys (ConfUtils.java:logGet(43)) - raft.server.rpc.timeout.max = 5200ms (custom)
2019-09-25 05:06:13,779 [pool-27-thread-1] INFO  server.RaftServerConfigKeys (ConfUtils.java:logGet(43)) - raft.server.rpcslowness.timeout = 120s (custom)
2019-09-25 05:06:13,779 [pool-27-thread-1] INFO  server.RaftServerConfigKeys (ConfUtils.java:logGet(43)) - raft.server.sleep.deviation.threshold = 300 (default)
2019-09-25 05:06:13,779 [pool-27-thread-1] INFO  server.RaftServerConfigKeys (ConfUtils.java:logGet(43)) - raft.server.log.appender.install.snapshot.enabled = false (custom)
2019-09-25 05:06:13,779 [pool-27-thread-1] INFO  impl.RaftServerImpl (ServerState.java:<init>(103)) - f77bfc29-6991-4b1d-a503-f706c83de4fc@group-896477D705A3: ConfigurationManager, init=-1: [f77bfc29-6991-4b1d-a503-f706c83de4fc:192.168.30.10:35112], old=null, confs=<EMPTY_MAP>
2019-09-25 05:06:13,779 [pool-27-thread-1] INFO  server.RaftServerConfigKeys (ConfUtils.java:logGet(43)) - raft.server.storage.dir = [/workdir/hadoop-ozone/integration-test/target/test-dir/MiniOzoneClusterImpl-23306158-e895-4fc7-80df-ce6c264c388b/datanode-0/data/ratis] (custom)
2019-09-25 05:06:13,780 [pool-27-thread-1] INFO  storage.RaftStorageDirectory (RaftStorageDirectory.java:analyzeStorage(246)) - The storage directory /workdir/hadoop-ozone/integration-test/target/test-dir/MiniOzoneClusterImpl-23306158-e895-4fc7-80df-ce6c264c388b/datanode-0/data/ratis/241377db-35bf-4ec4-8a29-896477d705a3 does not exist. Creating ...
2019-09-25 05:06:13,793 [pool-27-thread-1] INFO  storage.RaftStorageDirectory (RaftStorageDirectory.java:tryLock(328)) - Lock on /workdir/hadoop-ozone/integration-test/target/test-dir/MiniOzoneClusterImpl-23306158-e895-4fc7-80df-ce6c264c388b/datanode-0/data/ratis/241377db-35bf-4ec4-8a29-896477d705a3/in_use.lock acquired by nodename 25526@pr-hdds-1569-s62bp-3040748787
2019-09-25 05:06:13,806 [pool-27-thread-1] INFO  storage.RaftStorage (RaftStorage.java:format(72)) - Storage directory /workdir/hadoop-ozone/integration-test/target/test-dir/MiniOzoneClusterImpl-23306158-e895-4fc7-80df-ce6c264c388b/datanode-0/data/ratis/241377db-35bf-4ec4-8a29-896477d705a3 has been successfully formatted.
2019-09-25 05:06:13,807 [pool-27-thread-1] INFO  ratis.ContainerStateMachine (ContainerStateMachine.java:loadSnapshot(230)) - group-896477D705A3: The snapshot info is null. Setting the last applied indexto:(t:0, i:~)
2019-09-25 05:06:13,807 [pool-27-thread-1] INFO  server.RaftServerConfigKeys (ConfUtils.java:logGet(43)) - raft.server.notification.no-leader.timeout = 120s (custom)
2019-09-25 05:06:13,807 [pool-27-thread-1] INFO  server.RaftServerConfigKeys (ConfUtils.java:logGet(43)) - raft.server.log.use.memory = false (default)
2019-09-25 05:06:13,807 [pool-27-thread-1] INFO  server.RaftServerConfigKeys (ConfUtils.java:logGet(43)) - raft.server.log.purge.gap = 1000000 (custom)
2019-09-25 05:06:13,807 [pool-27-thread-1] INFO  server.RaftServerConfigKeys (ConfUtils.java:logGet(43)) - raft.server.log.appender.buffer.byte-limit = 33554432 (custom)
2019-09-25 05:06:13,808 [pool-27-thread-1] INFO  server.RaftServerConfigKeys (ConfUtils.java:logGet(43)) - raft.server.log.segment.size.max = 1048576 (custom)
2019-09-25 05:06:13,808 [pool-27-thread-1] INFO  server.RaftServerConfigKeys (ConfUtils.java:logGet(43)) - raft.server.log.segment.cache.num.max = 2 (custom)
2019-09-25 05:06:13,808 [pool-27-thread-1] INFO  segmented.SegmentedRaftLogWorker (SegmentedRaftLogWorker.java:<init>(172)) - new f77bfc29-6991-4b1d-a503-f706c83de4fc@group-896477D705A3-SegmentedRaftLogWorker for RaftStorage:Storage Directory /workdir/hadoop-ozone/integration-test/target/test-dir/MiniOzoneClusterImpl-23306158-e895-4fc7-80df-ce6c264c388b/datanode-0/data/ratis/241377db-35bf-4ec4-8a29-896477d705a3
2019-09-25 05:06:13,808 [pool-27-thread-1] INFO  server.RaftServerConfigKeys (ConfUtils.java:logGet(43)) - raft.server.log.queue.byte-limit = 2147483647 (custom)
2019-09-25 05:06:13,808 [pool-27-thread-1] INFO  server.RaftServerConfigKeys (ConfUtils.java:logGet(43)) - raft.server.log.queue.element-limit = 1024 (custom)
2019-09-25 05:06:13,808 [pool-27-thread-1] INFO  server.RaftServerConfigKeys (ConfUtils.java:logGet(43)) - raft.server.log.segment.size.max = 1048576 (custom)
2019-09-25 05:06:13,809 [pool-27-thread-1] INFO  server.RaftServerConfigKeys (ConfUtils.java:logGet(43)) - raft.server.log.preallocated.size = 16384 (custom)
2019-09-25 05:06:13,809 [pool-27-thread-1] INFO  server.RaftServerConfigKeys (ConfUtils.java:logGet(43)) - raft.server.log.write.buffer.size = 33554432 (custom)
2019-09-25 05:06:13,809 [pool-27-thread-1] INFO  server.RaftServerConfigKeys (ConfUtils.java:logGet(43)) - raft.server.log.force.sync.num = 128 (default)
2019-09-25 05:06:13,809 [pool-27-thread-1] INFO  server.RaftServerConfigKeys (ConfUtils.java:logGet(43)) - raft.server.log.statemachine.data.sync = true (default)
2019-09-25 05:06:13,809 [pool-27-thread-1] INFO  server.RaftServerConfigKeys (ConfUtils.java:logGet(43)) - raft.server.log.statemachine.data.sync.timeout = 10s (default)
2019-09-25 05:06:13,809 [pool-27-thread-1] INFO  server.RaftServerConfigKeys (ConfUtils.java:logGet(43)) - raft.server.log.statemachine.data.sync.timeout.retry = -1 (default)
2019-09-25 05:06:13,810 [pool-27-thread-1] INFO  server.RaftServerConfigKeys (ConfUtils.java:logGet(43)) - raft.server.log.statemachine.data.caching.enabled = true (custom)
2019-09-25 05:06:13,810 [pool-27-thread-1] INFO  segmented.SegmentedRaftLogWorker (SegmentedRaftLogWorker.java:lambda$new$0(132)) - f77bfc29-6991-4b1d-a503-f706c83de4fc@group-896477D705A3-SegmentedRaftLogWorker: flushIndex: setUnconditionally 0 -> -1
2019-09-25 05:06:13,810 [pool-27-thread-1] INFO  server.RaftServerConfigKeys (ConfUtils.java:logGet(43)) - raft.server.snapshot.auto.trigger.enabled = true (custom)
2019-09-25 05:06:13,810 [pool-27-thread-1] INFO  server.RaftServerConfigKeys (ConfUtils.java:logGet(43)) - raft.server.snapshot.auto.trigger.threshold = 10000 (custom)
2019-09-25 05:06:13,811 [pool-27-thread-1] INFO  server.RaftServerConfigKeys (ConfUtils.java:logGet(43)) - raft.server.snapshot.retention.num.files = 5 (custom)
2019-09-25 05:06:13,811 [pool-27-thread-1] INFO  server.RaftServerConfigKeys (ConfUtils.java:logGet(43)) - raft.server.retrycache.expirytime = 600000ms (custom)
2019-09-25 05:06:13,813 [pool-27-thread-1] INFO  impl.RaftServerImpl (RaftServerImpl.java:start(185)) - f77bfc29-6991-4b1d-a503-f706c83de4fc@group-896477D705A3: start as a follower, conf=-1: [f77bfc29-6991-4b1d-a503-f706c83de4fc:192.168.30.10:35112], old=null
2019-09-25 05:06:13,813 [pool-27-thread-1] INFO  impl.RaftServerImpl (RaftServerImpl.java:setRole(174)) - f77bfc29-6991-4b1d-a503-f706c83de4fc@group-896477D705A3: changes role from      null to FOLLOWER at term 0 for startAsFollower
2019-09-25 05:06:13,814 [pool-27-thread-1] INFO  impl.RoleInfo (RoleInfo.java:updateAndGet(143)) - f77bfc29-6991-4b1d-a503-f706c83de4fc: start FollowerState
2019-09-25 05:06:13,814 [pool-27-thread-1] INFO  util.JmxRegister (JmxRegister.java:tryRegister(44)) - Successfully registered JMX Bean with object name Ratis:service=RaftServer,group=group-896477D705A3,id=f77bfc29-6991-4b1d-a503-f706c83de4fc
2019-09-25 05:06:13,817 [RatisPipelineUtilsThread] INFO  pipeline.PipelineStateManager (PipelineStateManager.java:addPipeline(56)) - Created pipeline Pipeline[ Id: 241377db-35bf-4ec4-8a29-896477d705a3, Nodes: f77bfc29-6991-4b1d-a503-f706c83de4fc{ip: 192.168.30.10, host: pr-hdds-1569-s62bp-3040748787, networkLocation: /default-rack, certSerialId: null}, Type:RATIS, Factor:ONE, State:OPEN]
2019-09-25 05:06:13,823 [grpc-default-executor-0] INFO  impl.RaftServerProxy (RaftServerProxy.java:addNew(89)) - de37f7a0-0375-40a9-a318-404478482fcb: addNew group-E6C1EF877494:[de37f7a0-0375-40a9-a318-404478482fcb:192.168.30.10:44522] returns group-E6C1EF877494:java.util.concurrent.CompletableFuture@754c9db3[Not completed]
2019-09-25 05:06:13,824 [pool-57-thread-1] INFO  impl.RaftServerImpl (RaftServerImpl.java:<init>(95)) - de37f7a0-0375-40a9-a318-404478482fcb: new RaftServerImpl for group-E6C1EF877494:[de37f7a0-0375-40a9-a318-404478482fcb:192.168.30.10:44522] with ContainerStateMachine:uninitialized
2019-09-25 05:06:13,824 [pool-57-thread-1] INFO  server.RaftServerConfigKeys (ConfUtils.java:logGet(43)) - raft.server.rpc.timeout.min = 5s (custom)
2019-09-25 05:06:13,825 [pool-57-thread-1] INFO  server.RaftServerConfigKeys (ConfUtils.java:logGet(43)) - raft.server.rpc.timeout.max = 5200ms (custom)
2019-09-25 05:06:13,825 [pool-57-thread-1] INFO  server.RaftServerConfigKeys (ConfUtils.java:logGet(43)) - raft.server.rpcslowness.timeout = 120s (custom)
2019-09-25 05:06:13,825 [pool-57-thread-1] INFO  server.RaftServerConfigKeys (ConfUtils.java:logGet(43)) - raft.server.sleep.deviation.threshold = 300 (default)
2019-09-25 05:06:13,825 [pool-57-thread-1] INFO  server.RaftServerConfigKeys (ConfUtils.java:logGet(43)) - raft.server.log.appender.install.snapshot.enabled = false (custom)
2019-09-25 05:06:13,825 [pool-57-thread-1] INFO  impl.RaftServerImpl (ServerState.java:<init>(103)) - de37f7a0-0375-40a9-a318-404478482fcb@group-E6C1EF877494: ConfigurationManager, init=-1: [de37f7a0-0375-40a9-a318-404478482fcb:192.168.30.10:44522], old=null, confs=<EMPTY_MAP>
2019-09-25 05:06:13,826 [pool-57-thread-1] INFO  server.RaftServerConfigKeys (ConfUtils.java:logGet(43)) - raft.server.storage.dir = [/workdir/hadoop-ozone/integration-test/target/test-dir/MiniOzoneClusterImpl-23306158-e895-4fc7-80df-ce6c264c388b/datanode-3/data/ratis] (custom)
2019-09-25 05:06:13,826 [pool-57-thread-1] INFO  storage.RaftStorageDirectory (RaftStorageDirectory.java:analyzeStorage(246)) - The storage directory /workdir/hadoop-ozone/integration-test/target/test-dir/MiniOzoneClusterImpl-23306158-e895-4fc7-80df-ce6c264c388b/datanode-3/data/ratis/1a41d345-74cc-4763-8aa7-e6c1ef877494 does not exist. Creating ...
2019-09-25 05:06:13,839 [pool-57-thread-1] INFO  storage.RaftStorageDirectory (RaftStorageDirectory.java:tryLock(328)) - Lock on /workdir/hadoop-ozone/integration-test/target/test-dir/MiniOzoneClusterImpl-23306158-e895-4fc7-80df-ce6c264c388b/datanode-3/data/ratis/1a41d345-74cc-4763-8aa7-e6c1ef877494/in_use.lock acquired by nodename 25526@pr-hdds-1569-s62bp-3040748787
2019-09-25 05:06:13,853 [pool-57-thread-1] INFO  storage.RaftStorage (RaftStorage.java:format(72)) - Storage directory /workdir/hadoop-ozone/integration-test/target/test-dir/MiniOzoneClusterImpl-23306158-e895-4fc7-80df-ce6c264c388b/datanode-3/data/ratis/1a41d345-74cc-4763-8aa7-e6c1ef877494 has been successfully formatted.
2019-09-25 05:06:13,853 [pool-57-thread-1] INFO  ratis.ContainerStateMachine (ContainerStateMachine.java:loadSnapshot(230)) - group-E6C1EF877494: The snapshot info is null. Setting the last applied indexto:(t:0, i:~)
2019-09-25 05:06:13,853 [pool-57-thread-1] INFO  server.RaftServerConfigKeys (ConfUtils.java:logGet(43)) - raft.server.notification.no-leader.timeout = 120s (custom)
2019-09-25 05:06:13,853 [pool-57-thread-1] INFO  server.RaftServerConfigKeys (ConfUtils.java:logGet(43)) - raft.server.log.use.memory = false (default)
2019-09-25 05:06:13,853 [pool-57-thread-1] INFO  server.RaftServerConfigKeys (ConfUtils.java:logGet(43)) - raft.server.log.purge.gap = 1000000 (custom)
2019-09-25 05:06:13,854 [pool-57-thread-1] INFO  server.RaftServerConfigKeys (ConfUtils.java:logGet(43)) - raft.server.log.appender.buffer.byte-limit = 33554432 (custom)
2019-09-25 05:06:13,854 [pool-57-thread-1] INFO  server.RaftServerConfigKeys (ConfUtils.java:logGet(43)) - raft.server.log.segment.size.max = 1048576 (custom)
2019-09-25 05:06:13,854 [pool-57-thread-1] INFO  server.RaftServerConfigKeys (ConfUtils.java:logGet(43)) - raft.server.log.segment.cache.num.max = 2 (custom)
2019-09-25 05:06:13,854 [pool-57-thread-1] INFO  segmented.SegmentedRaftLogWorker (SegmentedRaftLogWorker.java:<init>(172)) - new de37f7a0-0375-40a9-a318-404478482fcb@group-E6C1EF877494-SegmentedRaftLogWorker for RaftStorage:Storage Directory /workdir/hadoop-ozone/integration-test/target/test-dir/MiniOzoneClusterImpl-23306158-e895-4fc7-80df-ce6c264c388b/datanode-3/data/ratis/1a41d345-74cc-4763-8aa7-e6c1ef877494
2019-09-25 05:06:13,854 [pool-57-thread-1] INFO  server.RaftServerConfigKeys (ConfUtils.java:logGet(43)) - raft.server.log.queue.byte-limit = 2147483647 (custom)
2019-09-25 05:06:13,854 [pool-57-thread-1] INFO  server.RaftServerConfigKeys (ConfUtils.java:logGet(43)) - raft.server.log.queue.element-limit = 1024 (custom)
2019-09-25 05:06:13,855 [pool-57-thread-1] INFO  server.RaftServerConfigKeys (ConfUtils.java:logGet(43)) - raft.server.log.segment.size.max = 1048576 (custom)
2019-09-25 05:06:13,855 [pool-57-thread-1] INFO  server.RaftServerConfigKeys (ConfUtils.java:logGet(43)) - raft.server.log.preallocated.size = 16384 (custom)
2019-09-25 05:06:13,855 [pool-57-thread-1] INFO  server.RaftServerConfigKeys (ConfUtils.java:logGet(43)) - raft.server.log.write.buffer.size = 33554432 (custom)
2019-09-25 05:06:13,855 [pool-57-thread-1] INFO  server.RaftServerConfigKeys (ConfUtils.java:logGet(43)) - raft.server.log.force.sync.num = 128 (default)
2019-09-25 05:06:13,855 [pool-57-thread-1] INFO  server.RaftServerConfigKeys (ConfUtils.java:logGet(43)) - raft.server.log.statemachine.data.sync = true (default)
2019-09-25 05:06:13,856 [pool-57-thread-1] INFO  server.RaftServerConfigKeys (ConfUtils.java:logGet(43)) - raft.server.log.statemachine.data.sync.timeout = 10s (default)
2019-09-25 05:06:13,856 [pool-57-thread-1] INFO  server.RaftServerConfigKeys (ConfUtils.java:logGet(43)) - raft.server.log.statemachine.data.sync.timeout.retry = -1 (default)
2019-09-25 05:06:13,856 [pool-57-thread-1] INFO  server.RaftServerConfigKeys (ConfUtils.java:logGet(43)) - raft.server.log.statemachine.data.caching.enabled = true (custom)
2019-09-25 05:06:13,856 [pool-57-thread-1] INFO  segmented.SegmentedRaftLogWorker (SegmentedRaftLogWorker.java:lambda$new$0(132)) - de37f7a0-0375-40a9-a318-404478482fcb@group-E6C1EF877494-SegmentedRaftLogWorker: flushIndex: setUnconditionally 0 -> -1
2019-09-25 05:06:13,857 [pool-57-thread-1] INFO  server.RaftServerConfigKeys (ConfUtils.java:logGet(43)) - raft.server.snapshot.auto.trigger.enabled = true (custom)
2019-09-25 05:06:13,857 [pool-57-thread-1] INFO  server.RaftServerConfigKeys (ConfUtils.java:logGet(43)) - raft.server.snapshot.auto.trigger.threshold = 10000 (custom)
2019-09-25 05:06:13,857 [pool-57-thread-1] INFO  server.RaftServerConfigKeys (ConfUtils.java:logGet(43)) - raft.server.snapshot.retention.num.files = 5 (custom)
2019-09-25 05:06:13,857 [pool-57-thread-1] INFO  server.RaftServerConfigKeys (ConfUtils.java:logGet(43)) - raft.server.retrycache.expirytime = 600000ms (custom)
2019-09-25 05:06:13,862 [pool-57-thread-1] INFO  impl.RaftServerImpl (RaftServerImpl.java:start(185)) - de37f7a0-0375-40a9-a318-404478482fcb@group-E6C1EF877494: start as a follower, conf=-1: [de37f7a0-0375-40a9-a318-404478482fcb:192.168.30.10:44522], old=null
2019-09-25 05:06:13,862 [pool-57-thread-1] INFO  impl.RaftServerImpl (RaftServerImpl.java:setRole(174)) - de37f7a0-0375-40a9-a318-404478482fcb@group-E6C1EF877494: changes role from      null to FOLLOWER at term 0 for startAsFollower
2019-09-25 05:06:13,862 [pool-57-thread-1] INFO  impl.RoleInfo (RoleInfo.java:updateAndGet(143)) - de37f7a0-0375-40a9-a318-404478482fcb: start FollowerState
2019-09-25 05:06:13,863 [pool-57-thread-1] INFO  util.JmxRegister (JmxRegister.java:tryRegister(44)) - Successfully registered JMX Bean with object name Ratis:service=RaftServer,group=group-E6C1EF877494,id=de37f7a0-0375-40a9-a318-404478482fcb
2019-09-25 05:06:13,866 [RatisPipelineUtilsThread] INFO  pipeline.PipelineStateManager (PipelineStateManager.java:addPipeline(56)) - Created pipeline Pipeline[ Id: 1a41d345-74cc-4763-8aa7-e6c1ef877494, Nodes: de37f7a0-0375-40a9-a318-404478482fcb{ip: 192.168.30.10, host: pr-hdds-1569-s62bp-3040748787, networkLocation: /default-rack, certSerialId: null}, Type:RATIS, Factor:ONE, State:OPEN]
2019-09-25 05:06:13,871 [grpc-default-executor-0] INFO  impl.RaftServerProxy (RaftServerProxy.java:addNew(89)) - b4fa7d23-6606-45fd-9544-2b08ca3fa933: addNew group-24A5F312D09B:[b4fa7d23-6606-45fd-9544-2b08ca3fa933:192.168.30.10:34493] returns group-24A5F312D09B:java.util.concurrent.CompletableFuture@74c9e1c6[Not completed]
2019-09-25 05:06:13,873 [pool-77-thread-1] INFO  impl.RaftServerImpl (RaftServerImpl.java:<init>(95)) - b4fa7d23-6606-45fd-9544-2b08ca3fa933: new RaftServerImpl for group-24A5F312D09B:[b4fa7d23-6606-45fd-9544-2b08ca3fa933:192.168.30.10:34493] with ContainerStateMachine:uninitialized
2019-09-25 05:06:13,873 [pool-77-thread-1] INFO  server.RaftServerConfigKeys (ConfUtils.java:logGet(43)) - raft.server.rpc.timeout.min = 5s (custom)
2019-09-25 05:06:13,873 [pool-77-thread-1] INFO  server.RaftServerConfigKeys (ConfUtils.java:logGet(43)) - raft.server.rpc.timeout.max = 5200ms (custom)
2019-09-25 05:06:13,873 [pool-77-thread-1] INFO  server.RaftServerConfigKeys (ConfUtils.java:logGet(43)) - raft.server.rpcslowness.timeout = 120s (custom)
2019-09-25 05:06:13,873 [pool-77-thread-1] INFO  server.RaftServerConfigKeys (ConfUtils.java:logGet(43)) - raft.server.sleep.deviation.threshold = 300 (default)
2019-09-25 05:06:13,873 [pool-77-thread-1] INFO  server.RaftServerConfigKeys (ConfUtils.java:logGet(43)) - raft.server.log.appender.install.snapshot.enabled = false (custom)
2019-09-25 05:06:13,874 [pool-77-thread-1] INFO  impl.RaftServerImpl (ServerState.java:<init>(103)) - b4fa7d23-6606-45fd-9544-2b08ca3fa933@group-24A5F312D09B: ConfigurationManager, init=-1: [b4fa7d23-6606-45fd-9544-2b08ca3fa933:192.168.30.10:34493], old=null, confs=<EMPTY_MAP>
2019-09-25 05:06:13,874 [pool-77-thread-1] INFO  server.RaftServerConfigKeys (ConfUtils.java:logGet(43)) - raft.server.storage.dir = [/workdir/hadoop-ozone/integration-test/target/test-dir/MiniOzoneClusterImpl-23306158-e895-4fc7-80df-ce6c264c388b/datanode-5/data/ratis] (custom)
2019-09-25 05:06:13,874 [pool-77-thread-1] INFO  storage.RaftStorageDirectory (RaftStorageDirectory.java:analyzeStorage(246)) - The storage directory /workdir/hadoop-ozone/integration-test/target/test-dir/MiniOzoneClusterImpl-23306158-e895-4fc7-80df-ce6c264c388b/datanode-5/data/ratis/1ac27a18-c494-4e4a-b102-24a5f312d09b does not exist. Creating ...
2019-09-25 05:06:13,888 [pool-77-thread-1] INFO  storage.RaftStorageDirectory (RaftStorageDirectory.java:tryLock(328)) - Lock on /workdir/hadoop-ozone/integration-test/target/test-dir/MiniOzoneClusterImpl-23306158-e895-4fc7-80df-ce6c264c388b/datanode-5/data/ratis/1ac27a18-c494-4e4a-b102-24a5f312d09b/in_use.lock acquired by nodename 25526@pr-hdds-1569-s62bp-3040748787
2019-09-25 05:06:13,901 [pool-77-thread-1] INFO  storage.RaftStorage (RaftStorage.java:format(72)) - Storage directory /workdir/hadoop-ozone/integration-test/target/test-dir/MiniOzoneClusterImpl-23306158-e895-4fc7-80df-ce6c264c388b/datanode-5/data/ratis/1ac27a18-c494-4e4a-b102-24a5f312d09b has been successfully formatted.
2019-09-25 05:06:13,902 [pool-77-thread-1] INFO  ratis.ContainerStateMachine (ContainerStateMachine.java:loadSnapshot(230)) - group-24A5F312D09B: The snapshot info is null. Setting the last applied indexto:(t:0, i:~)
2019-09-25 05:06:13,902 [pool-77-thread-1] INFO  server.RaftServerConfigKeys (ConfUtils.java:logGet(43)) - raft.server.notification.no-leader.timeout = 120s (custom)
2019-09-25 05:06:13,902 [pool-77-thread-1] INFO  server.RaftServerConfigKeys (ConfUtils.java:logGet(43)) - raft.server.log.use.memory = false (default)
2019-09-25 05:06:13,902 [pool-77-thread-1] INFO  server.RaftServerConfigKeys (ConfUtils.java:logGet(43)) - raft.server.log.purge.gap = 1000000 (custom)
2019-09-25 05:06:13,902 [pool-77-thread-1] INFO  server.RaftServerConfigKeys (ConfUtils.java:logGet(43)) - raft.server.log.appender.buffer.byte-limit = 33554432 (custom)
2019-09-25 05:06:13,902 [pool-77-thread-1] INFO  server.RaftServerConfigKeys (ConfUtils.java:logGet(43)) - raft.server.log.segment.size.max = 1048576 (custom)
2019-09-25 05:06:13,903 [pool-77-thread-1] INFO  server.RaftServerConfigKeys (ConfUtils.java:logGet(43)) - raft.server.log.segment.cache.num.max = 2 (custom)
2019-09-25 05:06:13,903 [pool-77-thread-1] INFO  segmented.SegmentedRaftLogWorker (SegmentedRaftLogWorker.java:<init>(172)) - new b4fa7d23-6606-45fd-9544-2b08ca3fa933@group-24A5F312D09B-SegmentedRaftLogWorker for RaftStorage:Storage Directory /workdir/hadoop-ozone/integration-test/target/test-dir/MiniOzoneClusterImpl-23306158-e895-4fc7-80df-ce6c264c388b/datanode-5/data/ratis/1ac27a18-c494-4e4a-b102-24a5f312d09b
2019-09-25 05:06:13,903 [pool-77-thread-1] INFO  server.RaftServerConfigKeys (ConfUtils.java:logGet(43)) - raft.server.log.queue.byte-limit = 2147483647 (custom)
2019-09-25 05:06:13,903 [pool-77-thread-1] INFO  server.RaftServerConfigKeys (ConfUtils.java:logGet(43)) - raft.server.log.queue.element-limit = 1024 (custom)
2019-09-25 05:06:13,903 [pool-77-thread-1] INFO  server.RaftServerConfigKeys (ConfUtils.java:logGet(43)) - raft.server.log.segment.size.max = 1048576 (custom)
2019-09-25 05:06:13,903 [pool-77-thread-1] INFO  server.RaftServerConfigKeys (ConfUtils.java:logGet(43)) - raft.server.log.preallocated.size = 16384 (custom)
2019-09-25 05:06:13,904 [pool-77-thread-1] INFO  server.RaftServerConfigKeys (ConfUtils.java:logGet(43)) - raft.server.log.write.buffer.size = 33554432 (custom)
2019-09-25 05:06:13,904 [pool-77-thread-1] INFO  server.RaftServerConfigKeys (ConfUtils.java:logGet(43)) - raft.server.log.force.sync.num = 128 (default)
2019-09-25 05:06:13,904 [pool-77-thread-1] INFO  server.RaftServerConfigKeys (ConfUtils.java:logGet(43)) - raft.server.log.statemachine.data.sync = true (default)
2019-09-25 05:06:13,904 [pool-77-thread-1] INFO  server.RaftServerConfigKeys (ConfUtils.java:logGet(43)) - raft.server.log.statemachine.data.sync.timeout = 10s (default)
2019-09-25 05:06:13,904 [pool-77-thread-1] INFO  server.RaftServerConfigKeys (ConfUtils.java:logGet(43)) - raft.server.log.statemachine.data.sync.timeout.retry = -1 (default)
2019-09-25 05:06:13,904 [pool-77-thread-1] INFO  server.RaftServerConfigKeys (ConfUtils.java:logGet(43)) - raft.server.log.statemachine.data.caching.enabled = true (custom)
2019-09-25 05:06:13,905 [pool-77-thread-1] INFO  segmented.SegmentedRaftLogWorker (SegmentedRaftLogWorker.java:lambda$new$0(132)) - b4fa7d23-6606-45fd-9544-2b08ca3fa933@group-24A5F312D09B-SegmentedRaftLogWorker: flushIndex: setUnconditionally 0 -> -1
2019-09-25 05:06:13,905 [pool-77-thread-1] INFO  server.RaftServerConfigKeys (ConfUtils.java:logGet(43)) - raft.server.snapshot.auto.trigger.enabled = true (custom)
2019-09-25 05:06:13,905 [pool-77-thread-1] INFO  server.RaftServerConfigKeys (ConfUtils.java:logGet(43)) - raft.server.snapshot.auto.trigger.threshold = 10000 (custom)
2019-09-25 05:06:13,905 [pool-77-thread-1] INFO  server.RaftServerConfigKeys (ConfUtils.java:logGet(43)) - raft.server.snapshot.retention.num.files = 5 (custom)
2019-09-25 05:06:13,906 [pool-77-thread-1] INFO  server.RaftServerConfigKeys (ConfUtils.java:logGet(43)) - raft.server.retrycache.expirytime = 600000ms (custom)
2019-09-25 05:06:13,908 [pool-77-thread-1] INFO  impl.RaftServerImpl (RaftServerImpl.java:start(185)) - b4fa7d23-6606-45fd-9544-2b08ca3fa933@group-24A5F312D09B: start as a follower, conf=-1: [b4fa7d23-6606-45fd-9544-2b08ca3fa933:192.168.30.10:34493], old=null
2019-09-25 05:06:13,908 [pool-77-thread-1] INFO  impl.RaftServerImpl (RaftServerImpl.java:setRole(174)) - b4fa7d23-6606-45fd-9544-2b08ca3fa933@group-24A5F312D09B: changes role from      null to FOLLOWER at term 0 for startAsFollower
2019-09-25 05:06:13,908 [pool-77-thread-1] INFO  impl.RoleInfo (RoleInfo.java:updateAndGet(143)) - b4fa7d23-6606-45fd-9544-2b08ca3fa933: start FollowerState
2019-09-25 05:06:13,909 [pool-77-thread-1] INFO  util.JmxRegister (JmxRegister.java:tryRegister(44)) - Successfully registered JMX Bean with object name Ratis:service=RaftServer,group=group-24A5F312D09B,id=b4fa7d23-6606-45fd-9544-2b08ca3fa933
2019-09-25 05:06:13,911 [RatisPipelineUtilsThread] INFO  pipeline.PipelineStateManager (PipelineStateManager.java:addPipeline(56)) - Created pipeline Pipeline[ Id: 1ac27a18-c494-4e4a-b102-24a5f312d09b, Nodes: b4fa7d23-6606-45fd-9544-2b08ca3fa933{ip: 192.168.30.10, host: pr-hdds-1569-s62bp-3040748787, networkLocation: /default-rack, certSerialId: null}, Type:RATIS, Factor:ONE, State:OPEN]
2019-09-25 05:06:13,917 [grpc-default-executor-0] INFO  impl.RaftServerProxy (RaftServerProxy.java:addNew(89)) - 56396258-65a3-478c-9482-0be0199dd49c: addNew group-33166F81F61A:[56396258-65a3-478c-9482-0be0199dd49c:192.168.30.10:41678] returns group-33166F81F61A:java.util.concurrent.CompletableFuture@3ffb3fba[Not completed]
2019-09-25 05:06:13,918 [pool-87-thread-1] INFO  impl.RaftServerImpl (RaftServerImpl.java:<init>(95)) - 56396258-65a3-478c-9482-0be0199dd49c: new RaftServerImpl for group-33166F81F61A:[56396258-65a3-478c-9482-0be0199dd49c:192.168.30.10:41678] with ContainerStateMachine:uninitialized
2019-09-25 05:06:13,918 [pool-87-thread-1] INFO  server.RaftServerConfigKeys (ConfUtils.java:logGet(43)) - raft.server.rpc.timeout.min = 5s (custom)
2019-09-25 05:06:13,918 [pool-87-thread-1] INFO  server.RaftServerConfigKeys (ConfUtils.java:logGet(43)) - raft.server.rpc.timeout.max = 5200ms (custom)
2019-09-25 05:06:13,918 [pool-87-thread-1] INFO  server.RaftServerConfigKeys (ConfUtils.java:logGet(43)) - raft.server.rpcslowness.timeout = 120s (custom)
2019-09-25 05:06:13,918 [pool-87-thread-1] INFO  server.RaftServerConfigKeys (ConfUtils.java:logGet(43)) - raft.server.sleep.deviation.threshold = 300 (default)
2019-09-25 05:06:13,919 [pool-87-thread-1] INFO  server.RaftServerConfigKeys (ConfUtils.java:logGet(43)) - raft.server.log.appender.install.snapshot.enabled = false (custom)
2019-09-25 05:06:13,919 [pool-87-thread-1] INFO  impl.RaftServerImpl (ServerState.java:<init>(103)) - 56396258-65a3-478c-9482-0be0199dd49c@group-33166F81F61A: ConfigurationManager, init=-1: [56396258-65a3-478c-9482-0be0199dd49c:192.168.30.10:41678], old=null, confs=<EMPTY_MAP>
2019-09-25 05:06:13,919 [pool-87-thread-1] INFO  server.RaftServerConfigKeys (ConfUtils.java:logGet(43)) - raft.server.storage.dir = [/workdir/hadoop-ozone/integration-test/target/test-dir/MiniOzoneClusterImpl-23306158-e895-4fc7-80df-ce6c264c388b/datanode-6/data/ratis] (custom)
2019-09-25 05:06:13,919 [pool-87-thread-1] INFO  storage.RaftStorageDirectory (RaftStorageDirectory.java:analyzeStorage(246)) - The storage directory /workdir/hadoop-ozone/integration-test/target/test-dir/MiniOzoneClusterImpl-23306158-e895-4fc7-80df-ce6c264c388b/datanode-6/data/ratis/5d1a74f2-877a-4042-a108-33166f81f61a does not exist. Creating ...
2019-09-25 05:06:13,932 [pool-87-thread-1] INFO  storage.RaftStorageDirectory (RaftStorageDirectory.java:tryLock(328)) - Lock on /workdir/hadoop-ozone/integration-test/target/test-dir/MiniOzoneClusterImpl-23306158-e895-4fc7-80df-ce6c264c388b/datanode-6/data/ratis/5d1a74f2-877a-4042-a108-33166f81f61a/in_use.lock acquired by nodename 25526@pr-hdds-1569-s62bp-3040748787
2019-09-25 05:06:13,945 [pool-87-thread-1] INFO  storage.RaftStorage (RaftStorage.java:format(72)) - Storage directory /workdir/hadoop-ozone/integration-test/target/test-dir/MiniOzoneClusterImpl-23306158-e895-4fc7-80df-ce6c264c388b/datanode-6/data/ratis/5d1a74f2-877a-4042-a108-33166f81f61a has been successfully formatted.
2019-09-25 05:06:13,945 [pool-87-thread-1] INFO  ratis.ContainerStateMachine (ContainerStateMachine.java:loadSnapshot(230)) - group-33166F81F61A: The snapshot info is null. Setting the last applied indexto:(t:0, i:~)
2019-09-25 05:06:13,946 [pool-87-thread-1] INFO  server.RaftServerConfigKeys (ConfUtils.java:logGet(43)) - raft.server.notification.no-leader.timeout = 120s (custom)
2019-09-25 05:06:13,946 [pool-87-thread-1] INFO  server.RaftServerConfigKeys (ConfUtils.java:logGet(43)) - raft.server.log.use.memory = false (default)
2019-09-25 05:06:13,946 [pool-87-thread-1] INFO  server.RaftServerConfigKeys (ConfUtils.java:logGet(43)) - raft.server.log.purge.gap = 1000000 (custom)
2019-09-25 05:06:13,946 [pool-87-thread-1] INFO  server.RaftServerConfigKeys (ConfUtils.java:logGet(43)) - raft.server.log.appender.buffer.byte-limit = 33554432 (custom)
2019-09-25 05:06:13,946 [pool-87-thread-1] INFO  server.RaftServerConfigKeys (ConfUtils.java:logGet(43)) - raft.server.log.segment.size.max = 1048576 (custom)
2019-09-25 05:06:13,946 [pool-87-thread-1] INFO  server.RaftServerConfigKeys (ConfUtils.java:logGet(43)) - raft.server.log.segment.cache.num.max = 2 (custom)
2019-09-25 05:06:13,946 [pool-87-thread-1] INFO  segmented.SegmentedRaftLogWorker (SegmentedRaftLogWorker.java:<init>(172)) - new 56396258-65a3-478c-9482-0be0199dd49c@group-33166F81F61A-SegmentedRaftLogWorker for RaftStorage:Storage Directory /workdir/hadoop-ozone/integration-test/target/test-dir/MiniOzoneClusterImpl-23306158-e895-4fc7-80df-ce6c264c388b/datanode-6/data/ratis/5d1a74f2-877a-4042-a108-33166f81f61a
2019-09-25 05:06:13,947 [pool-87-thread-1] INFO  server.RaftServerConfigKeys (ConfUtils.java:logGet(43)) - raft.server.log.queue.byte-limit = 2147483647 (custom)
2019-09-25 05:06:13,947 [pool-87-thread-1] INFO  server.RaftServerConfigKeys (ConfUtils.java:logGet(43)) - raft.server.log.queue.element-limit = 1024 (custom)
2019-09-25 05:06:13,947 [pool-87-thread-1] INFO  server.RaftServerConfigKeys (ConfUtils.java:logGet(43)) - raft.server.log.segment.size.max = 1048576 (custom)
2019-09-25 05:06:13,947 [pool-87-thread-1] INFO  server.RaftServerConfigKeys (ConfUtils.java:logGet(43)) - raft.server.log.preallocated.size = 16384 (custom)
2019-09-25 05:06:13,947 [pool-87-thread-1] INFO  server.RaftServerConfigKeys (ConfUtils.java:logGet(43)) - raft.server.log.write.buffer.size = 33554432 (custom)
2019-09-25 05:06:13,947 [pool-87-thread-1] INFO  server.RaftServerConfigKeys (ConfUtils.java:logGet(43)) - raft.server.log.force.sync.num = 128 (default)
2019-09-25 05:06:13,947 [pool-87-thread-1] INFO  server.RaftServerConfigKeys (ConfUtils.java:logGet(43)) - raft.server.log.statemachine.data.sync = true (default)
2019-09-25 05:06:13,948 [pool-87-thread-1] INFO  server.RaftServerConfigKeys (ConfUtils.java:logGet(43)) - raft.server.log.statemachine.data.sync.timeout = 10s (default)
2019-09-25 05:06:13,948 [pool-87-thread-1] INFO  server.RaftServerConfigKeys (ConfUtils.java:logGet(43)) - raft.server.log.statemachine.data.sync.timeout.retry = -1 (default)
2019-09-25 05:06:13,948 [pool-87-thread-1] INFO  server.RaftServerConfigKeys (ConfUtils.java:logGet(43)) - raft.server.log.statemachine.data.caching.enabled = true (custom)
2019-09-25 05:06:13,948 [pool-87-thread-1] INFO  segmented.SegmentedRaftLogWorker (SegmentedRaftLogWorker.java:lambda$new$0(132)) - 56396258-65a3-478c-9482-0be0199dd49c@group-33166F81F61A-SegmentedRaftLogWorker: flushIndex: setUnconditionally 0 -> -1
2019-09-25 05:06:13,949 [pool-87-thread-1] INFO  server.RaftServerConfigKeys (ConfUtils.java:logGet(43)) - raft.server.snapshot.auto.trigger.enabled = true (custom)
2019-09-25 05:06:13,949 [pool-87-thread-1] INFO  server.RaftServerConfigKeys (ConfUtils.java:logGet(43)) - raft.server.snapshot.auto.trigger.threshold = 10000 (custom)
2019-09-25 05:06:13,949 [pool-87-thread-1] INFO  server.RaftServerConfigKeys (ConfUtils.java:logGet(43)) - raft.server.snapshot.retention.num.files = 5 (custom)
2019-09-25 05:06:13,949 [pool-87-thread-1] INFO  server.RaftServerConfigKeys (ConfUtils.java:logGet(43)) - raft.server.retrycache.expirytime = 600000ms (custom)
2019-09-25 05:06:13,951 [pool-87-thread-1] INFO  impl.RaftServerImpl (RaftServerImpl.java:start(185)) - 56396258-65a3-478c-9482-0be0199dd49c@group-33166F81F61A: start as a follower, conf=-1: [56396258-65a3-478c-9482-0be0199dd49c:192.168.30.10:41678], old=null
2019-09-25 05:06:13,951 [pool-87-thread-1] INFO  impl.RaftServerImpl (RaftServerImpl.java:setRole(174)) - 56396258-65a3-478c-9482-0be0199dd49c@group-33166F81F61A: changes role from      null to FOLLOWER at term 0 for startAsFollower
2019-09-25 05:06:13,951 [pool-87-thread-1] INFO  impl.RoleInfo (RoleInfo.java:updateAndGet(143)) - 56396258-65a3-478c-9482-0be0199dd49c: start FollowerState
2019-09-25 05:06:13,952 [pool-87-thread-1] INFO  util.JmxRegister (JmxRegister.java:tryRegister(44)) - Successfully registered JMX Bean with object name Ratis:service=RaftServer,group=group-33166F81F61A,id=56396258-65a3-478c-9482-0be0199dd49c
2019-09-25 05:06:13,955 [RatisPipelineUtilsThread] INFO  pipeline.PipelineStateManager (PipelineStateManager.java:addPipeline(56)) - Created pipeline Pipeline[ Id: 5d1a74f2-877a-4042-a108-33166f81f61a, Nodes: 56396258-65a3-478c-9482-0be0199dd49c{ip: 192.168.30.10, host: pr-hdds-1569-s62bp-3040748787, networkLocation: /default-rack, certSerialId: null}, Type:RATIS, Factor:ONE, State:OPEN]
2019-09-25 05:06:13,961 [grpc-default-executor-0] INFO  impl.RaftServerProxy (RaftServerProxy.java:addNew(89)) - 692224c4-5202-4921-98cc-04d5c60c79cc: addNew group-3F1DA00B5D4A:[692224c4-5202-4921-98cc-04d5c60c79cc:192.168.30.10:38144] returns group-3F1DA00B5D4A:java.util.concurrent.CompletableFuture@54281fa5[Not completed]
2019-09-25 05:06:13,962 [pool-67-thread-1] INFO  impl.RaftServerImpl (RaftServerImpl.java:<init>(95)) - 692224c4-5202-4921-98cc-04d5c60c79cc: new RaftServerImpl for group-3F1DA00B5D4A:[692224c4-5202-4921-98cc-04d5c60c79cc:192.168.30.10:38144] with ContainerStateMachine:uninitialized
2019-09-25 05:06:13,962 [pool-67-thread-1] INFO  server.RaftServerConfigKeys (ConfUtils.java:logGet(43)) - raft.server.rpc.timeout.min = 5s (custom)
2019-09-25 05:06:13,962 [pool-67-thread-1] INFO  server.RaftServerConfigKeys (ConfUtils.java:logGet(43)) - raft.server.rpc.timeout.max = 5200ms (custom)
2019-09-25 05:06:13,962 [pool-67-thread-1] INFO  server.RaftServerConfigKeys (ConfUtils.java:logGet(43)) - raft.server.rpcslowness.timeout = 120s (custom)
2019-09-25 05:06:13,962 [pool-67-thread-1] INFO  server.RaftServerConfigKeys (ConfUtils.java:logGet(43)) - raft.server.sleep.deviation.threshold = 300 (default)
2019-09-25 05:06:13,962 [pool-67-thread-1] INFO  server.RaftServerConfigKeys (ConfUtils.java:logGet(43)) - raft.server.log.appender.install.snapshot.enabled = false (custom)
2019-09-25 05:06:13,962 [pool-67-thread-1] INFO  impl.RaftServerImpl (ServerState.java:<init>(103)) - 692224c4-5202-4921-98cc-04d5c60c79cc@group-3F1DA00B5D4A: ConfigurationManager, init=-1: [692224c4-5202-4921-98cc-04d5c60c79cc:192.168.30.10:38144], old=null, confs=<EMPTY_MAP>
2019-09-25 05:06:13,963 [pool-67-thread-1] INFO  server.RaftServerConfigKeys (ConfUtils.java:logGet(43)) - raft.server.storage.dir = [/workdir/hadoop-ozone/integration-test/target/test-dir/MiniOzoneClusterImpl-23306158-e895-4fc7-80df-ce6c264c388b/datanode-4/data/ratis] (custom)
2019-09-25 05:06:13,963 [pool-67-thread-1] INFO  storage.RaftStorageDirectory (RaftStorageDirectory.java:analyzeStorage(246)) - The storage directory /workdir/hadoop-ozone/integration-test/target/test-dir/MiniOzoneClusterImpl-23306158-e895-4fc7-80df-ce6c264c388b/datanode-4/data/ratis/98adba4e-37d0-43d7-91b0-3f1da00b5d4a does not exist. Creating ...
2019-09-25 05:06:13,976 [pool-67-thread-1] INFO  storage.RaftStorageDirectory (RaftStorageDirectory.java:tryLock(328)) - Lock on /workdir/hadoop-ozone/integration-test/target/test-dir/MiniOzoneClusterImpl-23306158-e895-4fc7-80df-ce6c264c388b/datanode-4/data/ratis/98adba4e-37d0-43d7-91b0-3f1da00b5d4a/in_use.lock acquired by nodename 25526@pr-hdds-1569-s62bp-3040748787
2019-09-25 05:06:13,996 [pool-67-thread-1] INFO  storage.RaftStorage (RaftStorage.java:format(72)) - Storage directory /workdir/hadoop-ozone/integration-test/target/test-dir/MiniOzoneClusterImpl-23306158-e895-4fc7-80df-ce6c264c388b/datanode-4/data/ratis/98adba4e-37d0-43d7-91b0-3f1da00b5d4a has been successfully formatted.
2019-09-25 05:06:13,996 [pool-67-thread-1] INFO  ratis.ContainerStateMachine (ContainerStateMachine.java:loadSnapshot(230)) - group-3F1DA00B5D4A: The snapshot info is null. Setting the last applied indexto:(t:0, i:~)
2019-09-25 05:06:13,997 [pool-67-thread-1] INFO  server.RaftServerConfigKeys (ConfUtils.java:logGet(43)) - raft.server.notification.no-leader.timeout = 120s (custom)
2019-09-25 05:06:13,997 [pool-67-thread-1] INFO  server.RaftServerConfigKeys (ConfUtils.java:logGet(43)) - raft.server.log.use.memory = false (default)
2019-09-25 05:06:13,997 [pool-67-thread-1] INFO  server.RaftServerConfigKeys (ConfUtils.java:logGet(43)) - raft.server.log.purge.gap = 1000000 (custom)
2019-09-25 05:06:13,997 [pool-67-thread-1] INFO  server.RaftServerConfigKeys (ConfUtils.java:logGet(43)) - raft.server.log.appender.buffer.byte-limit = 33554432 (custom)
2019-09-25 05:06:13,997 [pool-67-thread-1] INFO  server.RaftServerConfigKeys (ConfUtils.java:logGet(43)) - raft.server.log.segment.size.max = 1048576 (custom)
2019-09-25 05:06:13,997 [pool-67-thread-1] INFO  server.RaftServerConfigKeys (ConfUtils.java:logGet(43)) - raft.server.log.segment.cache.num.max = 2 (custom)
2019-09-25 05:06:13,998 [pool-67-thread-1] INFO  segmented.SegmentedRaftLogWorker (SegmentedRaftLogWorker.java:<init>(172)) - new 692224c4-5202-4921-98cc-04d5c60c79cc@group-3F1DA00B5D4A-SegmentedRaftLogWorker for RaftStorage:Storage Directory /workdir/hadoop-ozone/integration-test/target/test-dir/MiniOzoneClusterImpl-23306158-e895-4fc7-80df-ce6c264c388b/datanode-4/data/ratis/98adba4e-37d0-43d7-91b0-3f1da00b5d4a
2019-09-25 05:06:13,998 [pool-67-thread-1] INFO  server.RaftServerConfigKeys (ConfUtils.java:logGet(43)) - raft.server.log.queue.byte-limit = 2147483647 (custom)
2019-09-25 05:06:13,998 [pool-67-thread-1] INFO  server.RaftServerConfigKeys (ConfUtils.java:logGet(43)) - raft.server.log.queue.element-limit = 1024 (custom)
2019-09-25 05:06:13,998 [pool-67-thread-1] INFO  server.RaftServerConfigKeys (ConfUtils.java:logGet(43)) - raft.server.log.segment.size.max = 1048576 (custom)
2019-09-25 05:06:13,998 [pool-67-thread-1] INFO  server.RaftServerConfigKeys (ConfUtils.java:logGet(43)) - raft.server.log.preallocated.size = 16384 (custom)
2019-09-25 05:06:13,998 [pool-67-thread-1] INFO  server.RaftServerConfigKeys (ConfUtils.java:logGet(43)) - raft.server.log.write.buffer.size = 33554432 (custom)
2019-09-25 05:06:13,998 [pool-67-thread-1] INFO  server.RaftServerConfigKeys (ConfUtils.java:logGet(43)) - raft.server.log.force.sync.num = 128 (default)
2019-09-25 05:06:13,999 [pool-67-thread-1] INFO  server.RaftServerConfigKeys (ConfUtils.java:logGet(43)) - raft.server.log.statemachine.data.sync = true (default)
2019-09-25 05:06:13,999 [pool-67-thread-1] INFO  server.RaftServerConfigKeys (ConfUtils.java:logGet(43)) - raft.server.log.statemachine.data.sync.timeout = 10s (default)
2019-09-25 05:06:13,999 [pool-67-thread-1] INFO  server.RaftServerConfigKeys (ConfUtils.java:logGet(43)) - raft.server.log.statemachine.data.sync.timeout.retry = -1 (default)
2019-09-25 05:06:13,999 [pool-67-thread-1] INFO  server.RaftServerConfigKeys (ConfUtils.java:logGet(43)) - raft.server.log.statemachine.data.caching.enabled = true (custom)
2019-09-25 05:06:13,999 [pool-67-thread-1] INFO  segmented.SegmentedRaftLogWorker (SegmentedRaftLogWorker.java:lambda$new$0(132)) - 692224c4-5202-4921-98cc-04d5c60c79cc@group-3F1DA00B5D4A-SegmentedRaftLogWorker: flushIndex: setUnconditionally 0 -> -1
2019-09-25 05:06:14,000 [pool-67-thread-1] INFO  server.RaftServerConfigKeys (ConfUtils.java:logGet(43)) - raft.server.snapshot.auto.trigger.enabled = true (custom)
2019-09-25 05:06:14,000 [pool-67-thread-1] INFO  server.RaftServerConfigKeys (ConfUtils.java:logGet(43)) - raft.server.snapshot.auto.trigger.threshold = 10000 (custom)
2019-09-25 05:06:14,000 [pool-67-thread-1] INFO  server.RaftServerConfigKeys (ConfUtils.java:logGet(43)) - raft.server.snapshot.retention.num.files = 5 (custom)
2019-09-25 05:06:14,000 [pool-67-thread-1] INFO  server.RaftServerConfigKeys (ConfUtils.java:logGet(43)) - raft.server.retrycache.expirytime = 600000ms (custom)
2019-09-25 05:06:14,003 [pool-67-thread-1] INFO  impl.RaftServerImpl (RaftServerImpl.java:start(185)) - 692224c4-5202-4921-98cc-04d5c60c79cc@group-3F1DA00B5D4A: start as a follower, conf=-1: [692224c4-5202-4921-98cc-04d5c60c79cc:192.168.30.10:38144], old=null
2019-09-25 05:06:14,003 [pool-67-thread-1] INFO  impl.RaftServerImpl (RaftServerImpl.java:setRole(174)) - 692224c4-5202-4921-98cc-04d5c60c79cc@group-3F1DA00B5D4A: changes role from      null to FOLLOWER at term 0 for startAsFollower
2019-09-25 05:06:14,003 [pool-67-thread-1] INFO  impl.RoleInfo (RoleInfo.java:updateAndGet(143)) - 692224c4-5202-4921-98cc-04d5c60c79cc: start FollowerState
2019-09-25 05:06:14,003 [pool-67-thread-1] INFO  util.JmxRegister (JmxRegister.java:tryRegister(44)) - Successfully registered JMX Bean with object name Ratis:service=RaftServer,group=group-3F1DA00B5D4A,id=692224c4-5202-4921-98cc-04d5c60c79cc
2019-09-25 05:06:14,006 [RatisPipelineUtilsThread] INFO  pipeline.PipelineStateManager (PipelineStateManager.java:addPipeline(56)) - Created pipeline Pipeline[ Id: 98adba4e-37d0-43d7-91b0-3f1da00b5d4a, Nodes: 692224c4-5202-4921-98cc-04d5c60c79cc{ip: 192.168.30.10, host: pr-hdds-1569-s62bp-3040748787, networkLocation: /default-rack, certSerialId: null}, Type:RATIS, Factor:ONE, State:OPEN]
2019-09-25 05:06:14,011 [grpc-default-executor-0] INFO  impl.RaftServerProxy (RaftServerProxy.java:addNew(89)) - c8798e02-7f0c-41f7-82c2-a17323bcf21e: addNew group-07BF07F1A4A3:[c8798e02-7f0c-41f7-82c2-a17323bcf21e:192.168.30.10:40603] returns group-07BF07F1A4A3:java.util.concurrent.CompletableFuture@4087734a[Not completed]
2019-09-25 05:06:14,013 [pool-47-thread-1] INFO  impl.RaftServerImpl (RaftServerImpl.java:<init>(95)) - c8798e02-7f0c-41f7-82c2-a17323bcf21e: new RaftServerImpl for group-07BF07F1A4A3:[c8798e02-7f0c-41f7-82c2-a17323bcf21e:192.168.30.10:40603] with ContainerStateMachine:uninitialized
2019-09-25 05:06:14,013 [pool-47-thread-1] INFO  server.RaftServerConfigKeys (ConfUtils.java:logGet(43)) - raft.server.rpc.timeout.min = 5s (custom)
2019-09-25 05:06:14,013 [pool-47-thread-1] INFO  server.RaftServerConfigKeys (ConfUtils.java:logGet(43)) - raft.server.rpc.timeout.max = 5200ms (custom)
2019-09-25 05:06:14,013 [pool-47-thread-1] INFO  server.RaftServerConfigKeys (ConfUtils.java:logGet(43)) - raft.server.rpcslowness.timeout = 120s (custom)
2019-09-25 05:06:14,013 [pool-47-thread-1] INFO  server.RaftServerConfigKeys (ConfUtils.java:logGet(43)) - raft.server.sleep.deviation.threshold = 300 (default)
2019-09-25 05:06:14,014 [pool-47-thread-1] INFO  server.RaftServerConfigKeys (ConfUtils.java:logGet(43)) - raft.server.log.appender.install.snapshot.enabled = false (custom)
2019-09-25 05:06:14,014 [pool-47-thread-1] INFO  impl.RaftServerImpl (ServerState.java:<init>(103)) - c8798e02-7f0c-41f7-82c2-a17323bcf21e@group-07BF07F1A4A3: ConfigurationManager, init=-1: [c8798e02-7f0c-41f7-82c2-a17323bcf21e:192.168.30.10:40603], old=null, confs=<EMPTY_MAP>
2019-09-25 05:06:14,014 [pool-47-thread-1] INFO  server.RaftServerConfigKeys (ConfUtils.java:logGet(43)) - raft.server.storage.dir = [/workdir/hadoop-ozone/integration-test/target/test-dir/MiniOzoneClusterImpl-23306158-e895-4fc7-80df-ce6c264c388b/datanode-2/data/ratis] (custom)
2019-09-25 05:06:14,014 [pool-47-thread-1] INFO  storage.RaftStorageDirectory (RaftStorageDirectory.java:analyzeStorage(246)) - The storage directory /workdir/hadoop-ozone/integration-test/target/test-dir/MiniOzoneClusterImpl-23306158-e895-4fc7-80df-ce6c264c388b/datanode-2/data/ratis/f456d20b-7850-4e72-aaf3-07bf07f1a4a3 does not exist. Creating ...
2019-09-25 05:06:14,031 [pool-47-thread-1] INFO  storage.RaftStorageDirectory (RaftStorageDirectory.java:tryLock(328)) - Lock on /workdir/hadoop-ozone/integration-test/target/test-dir/MiniOzoneClusterImpl-23306158-e895-4fc7-80df-ce6c264c388b/datanode-2/data/ratis/f456d20b-7850-4e72-aaf3-07bf07f1a4a3/in_use.lock acquired by nodename 25526@pr-hdds-1569-s62bp-3040748787
2019-09-25 05:06:14,045 [pool-47-thread-1] INFO  storage.RaftStorage (RaftStorage.java:format(72)) - Storage directory /workdir/hadoop-ozone/integration-test/target/test-dir/MiniOzoneClusterImpl-23306158-e895-4fc7-80df-ce6c264c388b/datanode-2/data/ratis/f456d20b-7850-4e72-aaf3-07bf07f1a4a3 has been successfully formatted.
2019-09-25 05:06:14,045 [pool-47-thread-1] INFO  ratis.ContainerStateMachine (ContainerStateMachine.java:loadSnapshot(230)) - group-07BF07F1A4A3: The snapshot info is null. Setting the last applied indexto:(t:0, i:~)
2019-09-25 05:06:14,045 [pool-47-thread-1] INFO  server.RaftServerConfigKeys (ConfUtils.java:logGet(43)) - raft.server.notification.no-leader.timeout = 120s (custom)
2019-09-25 05:06:14,046 [pool-47-thread-1] INFO  server.RaftServerConfigKeys (ConfUtils.java:logGet(43)) - raft.server.log.use.memory = false (default)
2019-09-25 05:06:14,046 [pool-47-thread-1] INFO  server.RaftServerConfigKeys (ConfUtils.java:logGet(43)) - raft.server.log.purge.gap = 1000000 (custom)
2019-09-25 05:06:14,046 [pool-47-thread-1] INFO  server.RaftServerConfigKeys (ConfUtils.java:logGet(43)) - raft.server.log.appender.buffer.byte-limit = 33554432 (custom)
2019-09-25 05:06:14,046 [pool-47-thread-1] INFO  server.RaftServerConfigKeys (ConfUtils.java:logGet(43)) - raft.server.log.segment.size.max = 1048576 (custom)
2019-09-25 05:06:14,046 [pool-47-thread-1] INFO  server.RaftServerConfigKeys (ConfUtils.java:logGet(43)) - raft.server.log.segment.cache.num.max = 2 (custom)
2019-09-25 05:06:14,047 [pool-47-thread-1] INFO  segmented.SegmentedRaftLogWorker (SegmentedRaftLogWorker.java:<init>(172)) - new c8798e02-7f0c-41f7-82c2-a17323bcf21e@group-07BF07F1A4A3-SegmentedRaftLogWorker for RaftStorage:Storage Directory /workdir/hadoop-ozone/integration-test/target/test-dir/MiniOzoneClusterImpl-23306158-e895-4fc7-80df-ce6c264c388b/datanode-2/data/ratis/f456d20b-7850-4e72-aaf3-07bf07f1a4a3
2019-09-25 05:06:14,047 [pool-47-thread-1] INFO  server.RaftServerConfigKeys (ConfUtils.java:logGet(43)) - raft.server.log.queue.byte-limit = 2147483647 (custom)
2019-09-25 05:06:14,047 [pool-47-thread-1] INFO  server.RaftServerConfigKeys (ConfUtils.java:logGet(43)) - raft.server.log.queue.element-limit = 1024 (custom)
2019-09-25 05:06:14,047 [pool-47-thread-1] INFO  server.RaftServerConfigKeys (ConfUtils.java:logGet(43)) - raft.server.log.segment.size.max = 1048576 (custom)
2019-09-25 05:06:14,047 [pool-47-thread-1] INFO  server.RaftServerConfigKeys (ConfUtils.java:logGet(43)) - raft.server.log.preallocated.size = 16384 (custom)
2019-09-25 05:06:14,047 [pool-47-thread-1] INFO  server.RaftServerConfigKeys (ConfUtils.java:logGet(43)) - raft.server.log.write.buffer.size = 33554432 (custom)
2019-09-25 05:06:14,048 [pool-47-thread-1] INFO  server.RaftServerConfigKeys (ConfUtils.java:logGet(43)) - raft.server.log.force.sync.num = 128 (default)
2019-09-25 05:06:14,048 [pool-47-thread-1] INFO  server.RaftServerConfigKeys (ConfUtils.java:logGet(43)) - raft.server.log.statemachine.data.sync = true (default)
2019-09-25 05:06:14,048 [pool-47-thread-1] INFO  server.RaftServerConfigKeys (ConfUtils.java:logGet(43)) - raft.server.log.statemachine.data.sync.timeout = 10s (default)
2019-09-25 05:06:14,048 [pool-47-thread-1] INFO  server.RaftServerConfigKeys (ConfUtils.java:logGet(43)) - raft.server.log.statemachine.data.sync.timeout.retry = -1 (default)
2019-09-25 05:06:14,048 [pool-47-thread-1] INFO  server.RaftServerConfigKeys (ConfUtils.java:logGet(43)) - raft.server.log.statemachine.data.caching.enabled = true (custom)
2019-09-25 05:06:14,049 [pool-47-thread-1] INFO  segmented.SegmentedRaftLogWorker (SegmentedRaftLogWorker.java:lambda$new$0(132)) - c8798e02-7f0c-41f7-82c2-a17323bcf21e@group-07BF07F1A4A3-SegmentedRaftLogWorker: flushIndex: setUnconditionally 0 -> -1
2019-09-25 05:06:14,049 [pool-47-thread-1] INFO  server.RaftServerConfigKeys (ConfUtils.java:logGet(43)) - raft.server.snapshot.auto.trigger.enabled = true (custom)
2019-09-25 05:06:14,049 [pool-47-thread-1] INFO  server.RaftServerConfigKeys (ConfUtils.java:logGet(43)) - raft.server.snapshot.auto.trigger.threshold = 10000 (custom)
2019-09-25 05:06:14,049 [pool-47-thread-1] INFO  server.RaftServerConfigKeys (ConfUtils.java:logGet(43)) - raft.server.snapshot.retention.num.files = 5 (custom)
2019-09-25 05:06:14,050 [pool-47-thread-1] INFO  server.RaftServerConfigKeys (ConfUtils.java:logGet(43)) - raft.server.retrycache.expirytime = 600000ms (custom)
2019-09-25 05:06:14,052 [pool-47-thread-1] INFO  impl.RaftServerImpl (RaftServerImpl.java:start(185)) - c8798e02-7f0c-41f7-82c2-a17323bcf21e@group-07BF07F1A4A3: start as a follower, conf=-1: [c8798e02-7f0c-41f7-82c2-a17323bcf21e:192.168.30.10:40603], old=null
2019-09-25 05:06:14,052 [pool-47-thread-1] INFO  impl.RaftServerImpl (RaftServerImpl.java:setRole(174)) - c8798e02-7f0c-41f7-82c2-a17323bcf21e@group-07BF07F1A4A3: changes role from      null to FOLLOWER at term 0 for startAsFollower
2019-09-25 05:06:14,053 [pool-47-thread-1] INFO  impl.RoleInfo (RoleInfo.java:updateAndGet(143)) - c8798e02-7f0c-41f7-82c2-a17323bcf21e: start FollowerState
2019-09-25 05:06:14,053 [pool-47-thread-1] INFO  util.JmxRegister (JmxRegister.java:tryRegister(44)) - Successfully registered JMX Bean with object name Ratis:service=RaftServer,group=group-07BF07F1A4A3,id=c8798e02-7f0c-41f7-82c2-a17323bcf21e
2019-09-25 05:06:14,056 [RatisPipelineUtilsThread] INFO  pipeline.PipelineStateManager (PipelineStateManager.java:addPipeline(56)) - Created pipeline Pipeline[ Id: f456d20b-7850-4e72-aaf3-07bf07f1a4a3, Nodes: c8798e02-7f0c-41f7-82c2-a17323bcf21e{ip: 192.168.30.10, host: pr-hdds-1569-s62bp-3040748787, networkLocation: /default-rack, certSerialId: null}, Type:RATIS, Factor:ONE, State:OPEN]
2019-09-25 05:06:14,062 [grpc-default-executor-0] INFO  impl.RaftServerProxy (RaftServerProxy.java:addNew(89)) - b4fa7d23-6606-45fd-9544-2b08ca3fa933: addNew group-82B6D9F84BDB:[b4fa7d23-6606-45fd-9544-2b08ca3fa933:192.168.30.10:34493] returns group-82B6D9F84BDB:java.util.concurrent.CompletableFuture@1bffba23[Not completed]
2019-09-25 05:06:14,064 [pool-77-thread-1] INFO  impl.RaftServerImpl (RaftServerImpl.java:<init>(95)) - b4fa7d23-6606-45fd-9544-2b08ca3fa933: new RaftServerImpl for group-82B6D9F84BDB:[b4fa7d23-6606-45fd-9544-2b08ca3fa933:192.168.30.10:34493] with ContainerStateMachine:uninitialized
2019-09-25 05:06:14,064 [pool-77-thread-1] INFO  server.RaftServerConfigKeys (ConfUtils.java:logGet(43)) - raft.server.rpc.timeout.min = 5s (custom)
2019-09-25 05:06:14,064 [pool-77-thread-1] INFO  server.RaftServerConfigKeys (ConfUtils.java:logGet(43)) - raft.server.rpc.timeout.max = 5200ms (custom)
2019-09-25 05:06:14,064 [pool-77-thread-1] INFO  server.RaftServerConfigKeys (ConfUtils.java:logGet(43)) - raft.server.rpcslowness.timeout = 120s (custom)
2019-09-25 05:06:14,064 [pool-77-thread-1] INFO  server.RaftServerConfigKeys (ConfUtils.java:logGet(43)) - raft.server.sleep.deviation.threshold = 300 (default)
2019-09-25 05:06:14,065 [pool-77-thread-1] INFO  server.RaftServerConfigKeys (ConfUtils.java:logGet(43)) - raft.server.log.appender.install.snapshot.enabled = false (custom)
2019-09-25 05:06:14,065 [pool-77-thread-1] INFO  impl.RaftServerImpl (ServerState.java:<init>(103)) - b4fa7d23-6606-45fd-9544-2b08ca3fa933@group-82B6D9F84BDB: ConfigurationManager, init=-1: [b4fa7d23-6606-45fd-9544-2b08ca3fa933:192.168.30.10:34493], old=null, confs=<EMPTY_MAP>
2019-09-25 05:06:14,065 [pool-77-thread-1] INFO  server.RaftServerConfigKeys (ConfUtils.java:logGet(43)) - raft.server.storage.dir = [/workdir/hadoop-ozone/integration-test/target/test-dir/MiniOzoneClusterImpl-23306158-e895-4fc7-80df-ce6c264c388b/datanode-5/data/ratis] (custom)
2019-09-25 05:06:14,066 [pool-77-thread-1] INFO  storage.RaftStorageDirectory (RaftStorageDirectory.java:analyzeStorage(246)) - The storage directory /workdir/hadoop-ozone/integration-test/target/test-dir/MiniOzoneClusterImpl-23306158-e895-4fc7-80df-ce6c264c388b/datanode-5/data/ratis/8c23d720-f9d9-44b1-a047-82b6d9f84bdb does not exist. Creating ...
2019-09-25 05:06:14,079 [pool-77-thread-1] INFO  storage.RaftStorageDirectory (RaftStorageDirectory.java:tryLock(328)) - Lock on /workdir/hadoop-ozone/integration-test/target/test-dir/MiniOzoneClusterImpl-23306158-e895-4fc7-80df-ce6c264c388b/datanode-5/data/ratis/8c23d720-f9d9-44b1-a047-82b6d9f84bdb/in_use.lock acquired by nodename 25526@pr-hdds-1569-s62bp-3040748787
2019-09-25 05:06:14,092 [pool-77-thread-1] INFO  storage.RaftStorage (RaftStorage.java:format(72)) - Storage directory /workdir/hadoop-ozone/integration-test/target/test-dir/MiniOzoneClusterImpl-23306158-e895-4fc7-80df-ce6c264c388b/datanode-5/data/ratis/8c23d720-f9d9-44b1-a047-82b6d9f84bdb has been successfully formatted.
2019-09-25 05:06:14,092 [pool-77-thread-1] INFO  ratis.ContainerStateMachine (ContainerStateMachine.java:loadSnapshot(230)) - group-82B6D9F84BDB: The snapshot info is null. Setting the last applied indexto:(t:0, i:~)
2019-09-25 05:06:14,093 [pool-77-thread-1] INFO  server.RaftServerConfigKeys (ConfUtils.java:logGet(43)) - raft.server.notification.no-leader.timeout = 120s (custom)
2019-09-25 05:06:14,093 [pool-77-thread-1] INFO  server.RaftServerConfigKeys (ConfUtils.java:logGet(43)) - raft.server.log.use.memory = false (default)
2019-09-25 05:06:14,093 [pool-77-thread-1] INFO  server.RaftServerConfigKeys (ConfUtils.java:logGet(43)) - raft.server.log.purge.gap = 1000000 (custom)
2019-09-25 05:06:14,093 [pool-77-thread-1] INFO  server.RaftServerConfigKeys (ConfUtils.java:logGet(43)) - raft.server.log.appender.buffer.byte-limit = 33554432 (custom)
2019-09-25 05:06:14,093 [pool-77-thread-1] INFO  server.RaftServerConfigKeys (ConfUtils.java:logGet(43)) - raft.server.log.segment.size.max = 1048576 (custom)
2019-09-25 05:06:14,093 [pool-77-thread-1] INFO  server.RaftServerConfigKeys (ConfUtils.java:logGet(43)) - raft.server.log.segment.cache.num.max = 2 (custom)
2019-09-25 05:06:14,093 [pool-77-thread-1] INFO  segmented.SegmentedRaftLogWorker (SegmentedRaftLogWorker.java:<init>(172)) - new b4fa7d23-6606-45fd-9544-2b08ca3fa933@group-82B6D9F84BDB-SegmentedRaftLogWorker for RaftStorage:Storage Directory /workdir/hadoop-ozone/integration-test/target/test-dir/MiniOzoneClusterImpl-23306158-e895-4fc7-80df-ce6c264c388b/datanode-5/data/ratis/8c23d720-f9d9-44b1-a047-82b6d9f84bdb
2019-09-25 05:06:14,094 [pool-77-thread-1] INFO  server.RaftServerConfigKeys (ConfUtils.java:logGet(43)) - raft.server.log.queue.byte-limit = 2147483647 (custom)
2019-09-25 05:06:14,094 [pool-77-thread-1] INFO  server.RaftServerConfigKeys (ConfUtils.java:logGet(43)) - raft.server.log.queue.element-limit = 1024 (custom)
2019-09-25 05:06:14,094 [pool-77-thread-1] INFO  server.RaftServerConfigKeys (ConfUtils.java:logGet(43)) - raft.server.log.segment.size.max = 1048576 (custom)
2019-09-25 05:06:14,094 [pool-77-thread-1] INFO  server.RaftServerConfigKeys (ConfUtils.java:logGet(43)) - raft.server.log.preallocated.size = 16384 (custom)
2019-09-25 05:06:14,094 [pool-77-thread-1] INFO  server.RaftServerConfigKeys (ConfUtils.java:logGet(43)) - raft.server.log.write.buffer.size = 33554432 (custom)
2019-09-25 05:06:14,094 [pool-77-thread-1] INFO  server.RaftServerConfigKeys (ConfUtils.java:logGet(43)) - raft.server.log.force.sync.num = 128 (default)
2019-09-25 05:06:14,095 [pool-77-thread-1] INFO  server.RaftServerConfigKeys (ConfUtils.java:logGet(43)) - raft.server.log.statemachine.data.sync = true (default)
2019-09-25 05:06:14,095 [pool-77-thread-1] INFO  server.RaftServerConfigKeys (ConfUtils.java:logGet(43)) - raft.server.log.statemachine.data.sync.timeout = 10s (default)
2019-09-25 05:06:14,095 [pool-77-thread-1] INFO  server.RaftServerConfigKeys (ConfUtils.java:logGet(43)) - raft.server.log.statemachine.data.sync.timeout.retry = -1 (default)
2019-09-25 05:06:14,095 [pool-77-thread-1] INFO  server.RaftServerConfigKeys (ConfUtils.java:logGet(43)) - raft.server.log.statemachine.data.caching.enabled = true (custom)
2019-09-25 05:06:14,095 [pool-77-thread-1] INFO  segmented.SegmentedRaftLogWorker (SegmentedRaftLogWorker.java:lambda$new$0(132)) - b4fa7d23-6606-45fd-9544-2b08ca3fa933@group-82B6D9F84BDB-SegmentedRaftLogWorker: flushIndex: setUnconditionally 0 -> -1
2019-09-25 05:06:14,096 [pool-77-thread-1] INFO  server.RaftServerConfigKeys (ConfUtils.java:logGet(43)) - raft.server.snapshot.auto.trigger.enabled = true (custom)
2019-09-25 05:06:14,096 [pool-77-thread-1] INFO  server.RaftServerConfigKeys (ConfUtils.java:logGet(43)) - raft.server.snapshot.auto.trigger.threshold = 10000 (custom)
2019-09-25 05:06:14,096 [pool-77-thread-1] INFO  server.RaftServerConfigKeys (ConfUtils.java:logGet(43)) - raft.server.snapshot.retention.num.files = 5 (custom)
2019-09-25 05:06:14,096 [pool-77-thread-1] INFO  server.RaftServerConfigKeys (ConfUtils.java:logGet(43)) - raft.server.retrycache.expirytime = 600000ms (custom)
2019-09-25 05:06:14,098 [pool-77-thread-1] INFO  impl.RaftServerImpl (RaftServerImpl.java:start(185)) - b4fa7d23-6606-45fd-9544-2b08ca3fa933@group-82B6D9F84BDB: start as a follower, conf=-1: [b4fa7d23-6606-45fd-9544-2b08ca3fa933:192.168.30.10:34493], old=null
2019-09-25 05:06:14,099 [pool-77-thread-1] INFO  impl.RaftServerImpl (RaftServerImpl.java:setRole(174)) - b4fa7d23-6606-45fd-9544-2b08ca3fa933@group-82B6D9F84BDB: changes role from      null to FOLLOWER at term 0 for startAsFollower
2019-09-25 05:06:14,099 [pool-77-thread-1] INFO  impl.RoleInfo (RoleInfo.java:updateAndGet(143)) - b4fa7d23-6606-45fd-9544-2b08ca3fa933: start FollowerState
2019-09-25 05:06:14,099 [pool-77-thread-1] INFO  util.JmxRegister (JmxRegister.java:tryRegister(44)) - Successfully registered JMX Bean with object name Ratis:service=RaftServer,group=group-82B6D9F84BDB,id=b4fa7d23-6606-45fd-9544-2b08ca3fa933
2019-09-25 05:06:14,102 [RatisPipelineUtilsThread] INFO  pipeline.PipelineStateManager (PipelineStateManager.java:addPipeline(56)) - Created pipeline Pipeline[ Id: 8c23d720-f9d9-44b1-a047-82b6d9f84bdb, Nodes: b4fa7d23-6606-45fd-9544-2b08ca3fa933{ip: 192.168.30.10, host: pr-hdds-1569-s62bp-3040748787, networkLocation: /default-rack, certSerialId: null}, Type:RATIS, Factor:ONE, State:OPEN]
2019-09-25 05:06:14,107 [grpc-default-executor-0] INFO  impl.RaftServerProxy (RaftServerProxy.java:addNew(89)) - f77bfc29-6991-4b1d-a503-f706c83de4fc: addNew group-4DD93346DA3C:[f77bfc29-6991-4b1d-a503-f706c83de4fc:192.168.30.10:35112] returns group-4DD93346DA3C:java.util.concurrent.CompletableFuture@7a9210ce[Not completed]
2019-09-25 05:06:14,108 [pool-27-thread-1] INFO  impl.RaftServerImpl (RaftServerImpl.java:<init>(95)) - f77bfc29-6991-4b1d-a503-f706c83de4fc: new RaftServerImpl for group-4DD93346DA3C:[f77bfc29-6991-4b1d-a503-f706c83de4fc:192.168.30.10:35112] with ContainerStateMachine:uninitialized
2019-09-25 05:06:14,108 [pool-27-thread-1] INFO  server.RaftServerConfigKeys (ConfUtils.java:logGet(43)) - raft.server.rpc.timeout.min = 5s (custom)
2019-09-25 05:06:14,109 [pool-27-thread-1] INFO  server.RaftServerConfigKeys (ConfUtils.java:logGet(43)) - raft.server.rpc.timeout.max = 5200ms (custom)
2019-09-25 05:06:14,109 [pool-27-thread-1] INFO  server.RaftServerConfigKeys (ConfUtils.java:logGet(43)) - raft.server.rpcslowness.timeout = 120s (custom)
2019-09-25 05:06:14,109 [pool-27-thread-1] INFO  server.RaftServerConfigKeys (ConfUtils.java:logGet(43)) - raft.server.sleep.deviation.threshold = 300 (default)
2019-09-25 05:06:14,109 [pool-27-thread-1] INFO  server.RaftServerConfigKeys (ConfUtils.java:logGet(43)) - raft.server.log.appender.install.snapshot.enabled = false (custom)
2019-09-25 05:06:14,109 [pool-27-thread-1] INFO  impl.RaftServerImpl (ServerState.java:<init>(103)) - f77bfc29-6991-4b1d-a503-f706c83de4fc@group-4DD93346DA3C: ConfigurationManager, init=-1: [f77bfc29-6991-4b1d-a503-f706c83de4fc:192.168.30.10:35112], old=null, confs=<EMPTY_MAP>
2019-09-25 05:06:14,109 [pool-27-thread-1] INFO  server.RaftServerConfigKeys (ConfUtils.java:logGet(43)) - raft.server.storage.dir = [/workdir/hadoop-ozone/integration-test/target/test-dir/MiniOzoneClusterImpl-23306158-e895-4fc7-80df-ce6c264c388b/datanode-0/data/ratis] (custom)
2019-09-25 05:06:14,110 [pool-27-thread-1] INFO  storage.RaftStorageDirectory (RaftStorageDirectory.java:analyzeStorage(246)) - The storage directory /workdir/hadoop-ozone/integration-test/target/test-dir/MiniOzoneClusterImpl-23306158-e895-4fc7-80df-ce6c264c388b/datanode-0/data/ratis/668d57b8-b04c-40e0-92a5-4dd93346da3c does not exist. Creating ...
2019-09-25 05:06:14,123 [pool-27-thread-1] INFO  storage.RaftStorageDirectory (RaftStorageDirectory.java:tryLock(328)) - Lock on /workdir/hadoop-ozone/integration-test/target/test-dir/MiniOzoneClusterImpl-23306158-e895-4fc7-80df-ce6c264c388b/datanode-0/data/ratis/668d57b8-b04c-40e0-92a5-4dd93346da3c/in_use.lock acquired by nodename 25526@pr-hdds-1569-s62bp-3040748787
2019-09-25 05:06:14,137 [pool-27-thread-1] INFO  storage.RaftStorage (RaftStorage.java:format(72)) - Storage directory /workdir/hadoop-ozone/integration-test/target/test-dir/MiniOzoneClusterImpl-23306158-e895-4fc7-80df-ce6c264c388b/datanode-0/data/ratis/668d57b8-b04c-40e0-92a5-4dd93346da3c has been successfully formatted.
2019-09-25 05:06:14,137 [pool-27-thread-1] INFO  ratis.ContainerStateMachine (ContainerStateMachine.java:loadSnapshot(230)) - group-4DD93346DA3C: The snapshot info is null. Setting the last applied indexto:(t:0, i:~)
2019-09-25 05:06:14,137 [pool-27-thread-1] INFO  server.RaftServerConfigKeys (ConfUtils.java:logGet(43)) - raft.server.notification.no-leader.timeout = 120s (custom)
2019-09-25 05:06:14,137 [pool-27-thread-1] INFO  server.RaftServerConfigKeys (ConfUtils.java:logGet(43)) - raft.server.log.use.memory = false (default)
2019-09-25 05:06:14,138 [pool-27-thread-1] INFO  server.RaftServerConfigKeys (ConfUtils.java:logGet(43)) - raft.server.log.purge.gap = 1000000 (custom)
2019-09-25 05:06:14,138 [pool-27-thread-1] INFO  server.RaftServerConfigKeys (ConfUtils.java:logGet(43)) - raft.server.log.appender.buffer.byte-limit = 33554432 (custom)
2019-09-25 05:06:14,138 [pool-27-thread-1] INFO  server.RaftServerConfigKeys (ConfUtils.java:logGet(43)) - raft.server.log.segment.size.max = 1048576 (custom)
2019-09-25 05:06:14,138 [pool-27-thread-1] INFO  server.RaftServerConfigKeys (ConfUtils.java:logGet(43)) - raft.server.log.segment.cache.num.max = 2 (custom)
2019-09-25 05:06:14,138 [pool-27-thread-1] INFO  segmented.SegmentedRaftLogWorker (SegmentedRaftLogWorker.java:<init>(172)) - new f77bfc29-6991-4b1d-a503-f706c83de4fc@group-4DD93346DA3C-SegmentedRaftLogWorker for RaftStorage:Storage Directory /workdir/hadoop-ozone/integration-test/target/test-dir/MiniOzoneClusterImpl-23306158-e895-4fc7-80df-ce6c264c388b/datanode-0/data/ratis/668d57b8-b04c-40e0-92a5-4dd93346da3c
2019-09-25 05:06:14,138 [pool-27-thread-1] INFO  server.RaftServerConfigKeys (ConfUtils.java:logGet(43)) - raft.server.log.queue.byte-limit = 2147483647 (custom)
2019-09-25 05:06:14,139 [pool-27-thread-1] INFO  server.RaftServerConfigKeys (ConfUtils.java:logGet(43)) - raft.server.log.queue.element-limit = 1024 (custom)
2019-09-25 05:06:14,139 [pool-27-thread-1] INFO  server.RaftServerConfigKeys (ConfUtils.java:logGet(43)) - raft.server.log.segment.size.max = 1048576 (custom)
2019-09-25 05:06:14,139 [pool-27-thread-1] INFO  server.RaftServerConfigKeys (ConfUtils.java:logGet(43)) - raft.server.log.preallocated.size = 16384 (custom)
2019-09-25 05:06:14,139 [pool-27-thread-1] INFO  server.RaftServerConfigKeys (ConfUtils.java:logGet(43)) - raft.server.log.write.buffer.size = 33554432 (custom)
2019-09-25 05:06:14,139 [pool-27-thread-1] INFO  server.RaftServerConfigKeys (ConfUtils.java:logGet(43)) - raft.server.log.force.sync.num = 128 (default)
2019-09-25 05:06:14,139 [pool-27-thread-1] INFO  server.RaftServerConfigKeys (ConfUtils.java:logGet(43)) - raft.server.log.statemachine.data.sync = true (default)
2019-09-25 05:06:14,139 [pool-27-thread-1] INFO  server.RaftServerConfigKeys (ConfUtils.java:logGet(43)) - raft.server.log.statemachine.data.sync.timeout = 10s (default)
2019-09-25 05:06:14,140 [pool-27-thread-1] INFO  server.RaftServerConfigKeys (ConfUtils.java:logGet(43)) - raft.server.log.statemachine.data.sync.timeout.retry = -1 (default)
2019-09-25 05:06:14,140 [pool-27-thread-1] INFO  server.RaftServerConfigKeys (ConfUtils.java:logGet(43)) - raft.server.log.statemachine.data.caching.enabled = true (custom)
2019-09-25 05:06:14,140 [pool-27-thread-1] INFO  segmented.SegmentedRaftLogWorker (SegmentedRaftLogWorker.java:lambda$new$0(132)) - f77bfc29-6991-4b1d-a503-f706c83de4fc@group-4DD93346DA3C-SegmentedRaftLogWorker: flushIndex: setUnconditionally 0 -> -1
2019-09-25 05:06:14,140 [pool-27-thread-1] INFO  server.RaftServerConfigKeys (ConfUtils.java:logGet(43)) - raft.server.snapshot.auto.trigger.enabled = true (custom)
2019-09-25 05:06:14,141 [pool-27-thread-1] INFO  server.RaftServerConfigKeys (ConfUtils.java:logGet(43)) - raft.server.snapshot.auto.trigger.threshold = 10000 (custom)
2019-09-25 05:06:14,141 [pool-27-thread-1] INFO  server.RaftServerConfigKeys (ConfUtils.java:logGet(43)) - raft.server.snapshot.retention.num.files = 5 (custom)
2019-09-25 05:06:14,141 [pool-27-thread-1] INFO  server.RaftServerConfigKeys (ConfUtils.java:logGet(43)) - raft.server.retrycache.expirytime = 600000ms (custom)
2019-09-25 05:06:14,143 [pool-27-thread-1] INFO  impl.RaftServerImpl (RaftServerImpl.java:start(185)) - f77bfc29-6991-4b1d-a503-f706c83de4fc@group-4DD93346DA3C: start as a follower, conf=-1: [f77bfc29-6991-4b1d-a503-f706c83de4fc:192.168.30.10:35112], old=null
2019-09-25 05:06:14,143 [pool-27-thread-1] INFO  impl.RaftServerImpl (RaftServerImpl.java:setRole(174)) - f77bfc29-6991-4b1d-a503-f706c83de4fc@group-4DD93346DA3C: changes role from      null to FOLLOWER at term 0 for startAsFollower
2019-09-25 05:06:14,143 [pool-27-thread-1] INFO  impl.RoleInfo (RoleInfo.java:updateAndGet(143)) - f77bfc29-6991-4b1d-a503-f706c83de4fc: start FollowerState
2019-09-25 05:06:14,144 [pool-27-thread-1] INFO  util.JmxRegister (JmxRegister.java:tryRegister(44)) - Successfully registered JMX Bean with object name Ratis:service=RaftServer,group=group-4DD93346DA3C,id=f77bfc29-6991-4b1d-a503-f706c83de4fc
2019-09-25 05:06:14,146 [RatisPipelineUtilsThread] INFO  pipeline.PipelineStateManager (PipelineStateManager.java:addPipeline(56)) - Created pipeline Pipeline[ Id: 668d57b8-b04c-40e0-92a5-4dd93346da3c, Nodes: f77bfc29-6991-4b1d-a503-f706c83de4fc{ip: 192.168.30.10, host: pr-hdds-1569-s62bp-3040748787, networkLocation: /default-rack, certSerialId: null}, Type:RATIS, Factor:ONE, State:OPEN]
2019-09-25 05:06:14,151 [grpc-default-executor-0] INFO  impl.RaftServerProxy (RaftServerProxy.java:addNew(89)) - f77bfc29-6991-4b1d-a503-f706c83de4fc: addNew group-FF5A2CCB1E57:[f77bfc29-6991-4b1d-a503-f706c83de4fc:192.168.30.10:35112] returns group-FF5A2CCB1E57:java.util.concurrent.CompletableFuture@61d31ec1[Not completed]
2019-09-25 05:06:14,152 [pool-27-thread-1] INFO  impl.RaftServerImpl (RaftServerImpl.java:<init>(95)) - f77bfc29-6991-4b1d-a503-f706c83de4fc: new RaftServerImpl for group-FF5A2CCB1E57:[f77bfc29-6991-4b1d-a503-f706c83de4fc:192.168.30.10:35112] with ContainerStateMachine:uninitialized
2019-09-25 05:06:14,152 [pool-27-thread-1] INFO  server.RaftServerConfigKeys (ConfUtils.java:logGet(43)) - raft.server.rpc.timeout.min = 5s (custom)
2019-09-25 05:06:14,152 [pool-27-thread-1] INFO  server.RaftServerConfigKeys (ConfUtils.java:logGet(43)) - raft.server.rpc.timeout.max = 5200ms (custom)
2019-09-25 05:06:14,152 [pool-27-thread-1] INFO  server.RaftServerConfigKeys (ConfUtils.java:logGet(43)) - raft.server.rpcslowness.timeout = 120s (custom)
2019-09-25 05:06:14,152 [pool-27-thread-1] INFO  server.RaftServerConfigKeys (ConfUtils.java:logGet(43)) - raft.server.sleep.deviation.threshold = 300 (default)
2019-09-25 05:06:14,152 [pool-27-thread-1] INFO  server.RaftServerConfigKeys (ConfUtils.java:logGet(43)) - raft.server.log.appender.install.snapshot.enabled = false (custom)
2019-09-25 05:06:14,153 [pool-27-thread-1] INFO  impl.RaftServerImpl (ServerState.java:<init>(103)) - f77bfc29-6991-4b1d-a503-f706c83de4fc@group-FF5A2CCB1E57: ConfigurationManager, init=-1: [f77bfc29-6991-4b1d-a503-f706c83de4fc:192.168.30.10:35112], old=null, confs=<EMPTY_MAP>
2019-09-25 05:06:14,153 [pool-27-thread-1] INFO  server.RaftServerConfigKeys (ConfUtils.java:logGet(43)) - raft.server.storage.dir = [/workdir/hadoop-ozone/integration-test/target/test-dir/MiniOzoneClusterImpl-23306158-e895-4fc7-80df-ce6c264c388b/datanode-0/data/ratis] (custom)
2019-09-25 05:06:14,153 [pool-27-thread-1] INFO  storage.RaftStorageDirectory (RaftStorageDirectory.java:analyzeStorage(246)) - The storage directory /workdir/hadoop-ozone/integration-test/target/test-dir/MiniOzoneClusterImpl-23306158-e895-4fc7-80df-ce6c264c388b/datanode-0/data/ratis/6892ebb5-9caa-45ec-af7a-ff5a2ccb1e57 does not exist. Creating ...
2019-09-25 05:06:14,154 [Thread-313] INFO  impl.FollowerState (FollowerState.java:run(106)) - b4fa7d23-6606-45fd-9544-2b08ca3fa933:group-F1A86D7C53CD changes to CANDIDATE, lastRpcTime:5108, electionTimeout:5108ms
2019-09-25 05:06:14,154 [Thread-313] INFO  impl.RoleInfo (RoleInfo.java:shutdownFollowerState(121)) - b4fa7d23-6606-45fd-9544-2b08ca3fa933: shutdown FollowerState
2019-09-25 05:06:14,155 [Thread-313] INFO  impl.RaftServerImpl (RaftServerImpl.java:setRole(174)) - b4fa7d23-6606-45fd-9544-2b08ca3fa933@group-F1A86D7C53CD: changes role from  FOLLOWER to CANDIDATE at term 0 for changeToCandidate
2019-09-25 05:06:14,155 [Thread-313] INFO  impl.RoleInfo (RoleInfo.java:updateAndGet(143)) - b4fa7d23-6606-45fd-9544-2b08ca3fa933: start LeaderElection
2019-09-25 05:06:14,167 [pool-27-thread-1] INFO  storage.RaftStorageDirectory (RaftStorageDirectory.java:tryLock(328)) - Lock on /workdir/hadoop-ozone/integration-test/target/test-dir/MiniOzoneClusterImpl-23306158-e895-4fc7-80df-ce6c264c388b/datanode-0/data/ratis/6892ebb5-9caa-45ec-af7a-ff5a2ccb1e57/in_use.lock acquired by nodename 25526@pr-hdds-1569-s62bp-3040748787
2019-09-25 05:06:14,167 [b4fa7d23-6606-45fd-9544-2b08ca3fa933@group-F1A86D7C53CD:LeaderElection24] INFO  impl.LeaderElection (LeaderElection.java:askForVotes(182)) - b4fa7d23-6606-45fd-9544-2b08ca3fa933@group-F1A86D7C53CD:LeaderElection24: begin an election at term 1 for -1: [b4fa7d23-6606-45fd-9544-2b08ca3fa933:192.168.30.10:34493], old=null
2019-09-25 05:06:14,167 [b4fa7d23-6606-45fd-9544-2b08ca3fa933@group-F1A86D7C53CD:LeaderElection24] INFO  impl.RoleInfo (RoleInfo.java:shutdownLeaderElection(134)) - b4fa7d23-6606-45fd-9544-2b08ca3fa933: shutdown LeaderElection
2019-09-25 05:06:14,167 [b4fa7d23-6606-45fd-9544-2b08ca3fa933@group-F1A86D7C53CD:LeaderElection24] INFO  impl.RaftServerImpl (RaftServerImpl.java:setRole(174)) - b4fa7d23-6606-45fd-9544-2b08ca3fa933@group-F1A86D7C53CD: changes role from CANDIDATE to LEADER at term 1 for changeToLeader
2019-09-25 05:06:14,167 [b4fa7d23-6606-45fd-9544-2b08ca3fa933@group-F1A86D7C53CD:LeaderElection24] INFO  impl.RaftServerImpl (ServerState.java:setLeader(253)) - b4fa7d23-6606-45fd-9544-2b08ca3fa933@group-F1A86D7C53CD: change Leader from null to b4fa7d23-6606-45fd-9544-2b08ca3fa933 at term 1 for becomeLeader, leader elected after 5130ms
2019-09-25 05:06:14,167 [b4fa7d23-6606-45fd-9544-2b08ca3fa933@group-F1A86D7C53CD:LeaderElection24] INFO  server.RaftServerConfigKeys (ConfUtils.java:logGet(43)) - raft.server.staging.catchup.gap = 1000 (default)
2019-09-25 05:06:14,168 [b4fa7d23-6606-45fd-9544-2b08ca3fa933@group-F1A86D7C53CD:LeaderElection24] INFO  server.RaftServerConfigKeys (ConfUtils.java:logGet(43)) - raft.server.rpc.sleep.time = 25ms (default)
2019-09-25 05:06:14,168 [b4fa7d23-6606-45fd-9544-2b08ca3fa933@group-F1A86D7C53CD:LeaderElection24] INFO  server.RaftServerConfigKeys (ConfUtils.java:logGet(43)) - raft.server.write.element-limit = 4096 (default)
2019-09-25 05:06:14,168 [b4fa7d23-6606-45fd-9544-2b08ca3fa933@group-F1A86D7C53CD:LeaderElection24] INFO  server.RaftServerConfigKeys (ConfUtils.java:logGet(43)) - raft.server.watch.timeout = 10s (default)
2019-09-25 05:06:14,168 [b4fa7d23-6606-45fd-9544-2b08ca3fa933@group-F1A86D7C53CD:LeaderElection24] INFO  server.RaftServerConfigKeys (ConfUtils.java:logGet(43)) - raft.server.watch.timeout.denomination = 1s (default)
2019-09-25 05:06:14,168 [b4fa7d23-6606-45fd-9544-2b08ca3fa933@group-F1A86D7C53CD:LeaderElection24] INFO  server.RaftServerConfigKeys (ConfUtils.java:logGet(43)) - raft.server.watch.element-limit = 65536 (default)
2019-09-25 05:06:14,171 [b4fa7d23-6606-45fd-9544-2b08ca3fa933@group-F1A86D7C53CD:LeaderElection24] INFO  impl.RoleInfo (RoleInfo.java:updateAndGet(143)) - b4fa7d23-6606-45fd-9544-2b08ca3fa933: start LeaderState
2019-09-25 05:06:14,171 [b4fa7d23-6606-45fd-9544-2b08ca3fa933@group-F1A86D7C53CD:LeaderElection24] INFO  segmented.SegmentedRaftLogWorker (SegmentedRaftLogWorker.java:startLogSegment(380)) - b4fa7d23-6606-45fd-9544-2b08ca3fa933@group-F1A86D7C53CD-SegmentedRaftLogWorker: Starting segment from index:0
2019-09-25 05:06:14,172 [b4fa7d23-6606-45fd-9544-2b08ca3fa933@group-F1A86D7C53CD:LeaderElection24] INFO  impl.RaftServerImpl (ServerState.java:setRaftConf(354)) - b4fa7d23-6606-45fd-9544-2b08ca3fa933@group-F1A86D7C53CD: set configuration 0: [b4fa7d23-6606-45fd-9544-2b08ca3fa933:192.168.30.10:34493], old=null at 0
2019-09-25 05:06:14,211 [pool-27-thread-1] INFO  storage.RaftStorage (RaftStorage.java:format(72)) - Storage directory /workdir/hadoop-ozone/integration-test/target/test-dir/MiniOzoneClusterImpl-23306158-e895-4fc7-80df-ce6c264c388b/datanode-0/data/ratis/6892ebb5-9caa-45ec-af7a-ff5a2ccb1e57 has been successfully formatted.
2019-09-25 05:06:14,212 [pool-27-thread-1] INFO  ratis.ContainerStateMachine (ContainerStateMachine.java:loadSnapshot(230)) - group-FF5A2CCB1E57: The snapshot info is null. Setting the last applied indexto:(t:0, i:~)
2019-09-25 05:06:14,212 [pool-27-thread-1] INFO  server.RaftServerConfigKeys (ConfUtils.java:logGet(43)) - raft.server.notification.no-leader.timeout = 120s (custom)
2019-09-25 05:06:14,212 [pool-27-thread-1] INFO  server.RaftServerConfigKeys (ConfUtils.java:logGet(43)) - raft.server.log.use.memory = false (default)
2019-09-25 05:06:14,212 [pool-27-thread-1] INFO  server.RaftServerConfigKeys (ConfUtils.java:logGet(43)) - raft.server.log.purge.gap = 1000000 (custom)
2019-09-25 05:06:14,212 [pool-27-thread-1] INFO  server.RaftServerConfigKeys (ConfUtils.java:logGet(43)) - raft.server.log.appender.buffer.byte-limit = 33554432 (custom)
2019-09-25 05:06:14,213 [pool-27-thread-1] INFO  server.RaftServerConfigKeys (ConfUtils.java:logGet(43)) - raft.server.log.segment.size.max = 1048576 (custom)
2019-09-25 05:06:14,213 [pool-27-thread-1] INFO  server.RaftServerConfigKeys (ConfUtils.java:logGet(43)) - raft.server.log.segment.cache.num.max = 2 (custom)
2019-09-25 05:06:14,213 [pool-27-thread-1] INFO  segmented.SegmentedRaftLogWorker (SegmentedRaftLogWorker.java:<init>(172)) - new f77bfc29-6991-4b1d-a503-f706c83de4fc@group-FF5A2CCB1E57-SegmentedRaftLogWorker for RaftStorage:Storage Directory /workdir/hadoop-ozone/integration-test/target/test-dir/MiniOzoneClusterImpl-23306158-e895-4fc7-80df-ce6c264c388b/datanode-0/data/ratis/6892ebb5-9caa-45ec-af7a-ff5a2ccb1e57
2019-09-25 05:06:14,213 [pool-27-thread-1] INFO  server.RaftServerConfigKeys (ConfUtils.java:logGet(43)) - raft.server.log.queue.byte-limit = 2147483647 (custom)
2019-09-25 05:06:14,213 [pool-27-thread-1] INFO  server.RaftServerConfigKeys (ConfUtils.java:logGet(43)) - raft.server.log.queue.element-limit = 1024 (custom)
2019-09-25 05:06:14,213 [pool-27-thread-1] INFO  server.RaftServerConfigKeys (ConfUtils.java:logGet(43)) - raft.server.log.segment.size.max = 1048576 (custom)
2019-09-25 05:06:14,214 [pool-27-thread-1] INFO  server.RaftServerConfigKeys (ConfUtils.java:logGet(43)) - raft.server.log.preallocated.size = 16384 (custom)
2019-09-25 05:06:14,214 [pool-27-thread-1] INFO  server.RaftServerConfigKeys (ConfUtils.java:logGet(43)) - raft.server.log.write.buffer.size = 33554432 (custom)
2019-09-25 05:06:14,214 [pool-27-thread-1] INFO  server.RaftServerConfigKeys (ConfUtils.java:logGet(43)) - raft.server.log.force.sync.num = 128 (default)
2019-09-25 05:06:14,214 [pool-27-thread-1] INFO  server.RaftServerConfigKeys (ConfUtils.java:logGet(43)) - raft.server.log.statemachine.data.sync = true (default)
2019-09-25 05:06:14,214 [pool-27-thread-1] INFO  server.RaftServerConfigKeys (ConfUtils.java:logGet(43)) - raft.server.log.statemachine.data.sync.timeout = 10s (default)
2019-09-25 05:06:14,214 [pool-27-thread-1] INFO  server.RaftServerConfigKeys (ConfUtils.java:logGet(43)) - raft.server.log.statemachine.data.sync.timeout.retry = -1 (default)
2019-09-25 05:06:14,215 [pool-27-thread-1] INFO  server.RaftServerConfigKeys (ConfUtils.java:logGet(43)) - raft.server.log.statemachine.data.caching.enabled = true (custom)
2019-09-25 05:06:14,215 [pool-27-thread-1] INFO  segmented.SegmentedRaftLogWorker (SegmentedRaftLogWorker.java:lambda$new$0(132)) - f77bfc29-6991-4b1d-a503-f706c83de4fc@group-FF5A2CCB1E57-SegmentedRaftLogWorker: flushIndex: setUnconditionally 0 -> -1
2019-09-25 05:06:14,215 [pool-27-thread-1] INFO  server.RaftServerConfigKeys (ConfUtils.java:logGet(43)) - raft.server.snapshot.auto.trigger.enabled = true (custom)
2019-09-25 05:06:14,215 [pool-27-thread-1] INFO  server.RaftServerConfigKeys (ConfUtils.java:logGet(43)) - raft.server.snapshot.auto.trigger.threshold = 10000 (custom)
2019-09-25 05:06:14,216 [pool-27-thread-1] INFO  server.RaftServerConfigKeys (ConfUtils.java:logGet(43)) - raft.server.snapshot.retention.num.files = 5 (custom)
2019-09-25 05:06:14,216 [pool-27-thread-1] INFO  server.RaftServerConfigKeys (ConfUtils.java:logGet(43)) - raft.server.retrycache.expirytime = 600000ms (custom)
2019-09-25 05:06:14,218 [pool-27-thread-1] INFO  impl.RaftServerImpl (RaftServerImpl.java:start(185)) - f77bfc29-6991-4b1d-a503-f706c83de4fc@group-FF5A2CCB1E57: start as a follower, conf=-1: [f77bfc29-6991-4b1d-a503-f706c83de4fc:192.168.30.10:35112], old=null
2019-09-25 05:06:14,218 [pool-27-thread-1] INFO  impl.RaftServerImpl (RaftServerImpl.java:setRole(174)) - f77bfc29-6991-4b1d-a503-f706c83de4fc@group-FF5A2CCB1E57: changes role from      null to FOLLOWER at term 0 for startAsFollower
2019-09-25 05:06:14,219 [pool-27-thread-1] INFO  impl.RoleInfo (RoleInfo.java:updateAndGet(143)) - f77bfc29-6991-4b1d-a503-f706c83de4fc: start FollowerState
2019-09-25 05:06:14,219 [pool-27-thread-1] INFO  util.JmxRegister (JmxRegister.java:tryRegister(44)) - Successfully registered JMX Bean with object name Ratis:service=RaftServer,group=group-FF5A2CCB1E57,id=f77bfc29-6991-4b1d-a503-f706c83de4fc
2019-09-25 05:06:14,222 [RatisPipelineUtilsThread] INFO  pipeline.PipelineStateManager (PipelineStateManager.java:addPipeline(56)) - Created pipeline Pipeline[ Id: 6892ebb5-9caa-45ec-af7a-ff5a2ccb1e57, Nodes: f77bfc29-6991-4b1d-a503-f706c83de4fc{ip: 192.168.30.10, host: pr-hdds-1569-s62bp-3040748787, networkLocation: /default-rack, certSerialId: null}, Type:RATIS, Factor:ONE, State:OPEN]
2019-09-25 05:06:14,223 [b4fa7d23-6606-45fd-9544-2b08ca3fa933@group-F1A86D7C53CD-SegmentedRaftLogWorker] INFO  segmented.SegmentedRaftLogWorker (SegmentedRaftLogWorker.java:execute(569)) - b4fa7d23-6606-45fd-9544-2b08ca3fa933@group-F1A86D7C53CD-SegmentedRaftLogWorker: created new log segment /workdir/hadoop-ozone/integration-test/target/test-dir/MiniOzoneClusterImpl-23306158-e895-4fc7-80df-ce6c264c388b/datanode-5/data/ratis/fe15b438-38ba-4654-bef6-f1a86d7c53cd/current/log_inprogress_0
2019-09-25 05:06:14,227 [grpc-default-executor-0] INFO  impl.RaftServerProxy (RaftServerProxy.java:addNew(89)) - c8798e02-7f0c-41f7-82c2-a17323bcf21e: addNew group-D47F200B6179:[c8798e02-7f0c-41f7-82c2-a17323bcf21e:192.168.30.10:40603] returns group-D47F200B6179:java.util.concurrent.CompletableFuture@2b0d1894[Not completed]
2019-09-25 05:06:14,229 [pool-47-thread-1] INFO  impl.RaftServerImpl (RaftServerImpl.java:<init>(95)) - c8798e02-7f0c-41f7-82c2-a17323bcf21e: new RaftServerImpl for group-D47F200B6179:[c8798e02-7f0c-41f7-82c2-a17323bcf21e:192.168.30.10:40603] with ContainerStateMachine:uninitialized
2019-09-25 05:06:14,229 [pool-47-thread-1] INFO  server.RaftServerConfigKeys (ConfUtils.java:logGet(43)) - raft.server.rpc.timeout.min = 5s (custom)
2019-09-25 05:06:14,229 [pool-47-thread-1] INFO  server.RaftServerConfigKeys (ConfUtils.java:logGet(43)) - raft.server.rpc.timeout.max = 5200ms (custom)
2019-09-25 05:06:14,229 [pool-47-thread-1] INFO  server.RaftServerConfigKeys (ConfUtils.java:logGet(43)) - raft.server.rpcslowness.timeout = 120s (custom)
2019-09-25 05:06:14,229 [pool-47-thread-1] INFO  server.RaftServerConfigKeys (ConfUtils.java:logGet(43)) - raft.server.sleep.deviation.threshold = 300 (default)
2019-09-25 05:06:14,230 [pool-47-thread-1] INFO  server.RaftServerConfigKeys (ConfUtils.java:logGet(43)) - raft.server.log.appender.install.snapshot.enabled = false (custom)
2019-09-25 05:06:14,230 [pool-47-thread-1] INFO  impl.RaftServerImpl (ServerState.java:<init>(103)) - c8798e02-7f0c-41f7-82c2-a17323bcf21e@group-D47F200B6179: ConfigurationManager, init=-1: [c8798e02-7f0c-41f7-82c2-a17323bcf21e:192.168.30.10:40603], old=null, confs=<EMPTY_MAP>
2019-09-25 05:06:14,230 [pool-47-thread-1] INFO  server.RaftServerConfigKeys (ConfUtils.java:logGet(43)) - raft.server.storage.dir = [/workdir/hadoop-ozone/integration-test/target/test-dir/MiniOzoneClusterImpl-23306158-e895-4fc7-80df-ce6c264c388b/datanode-2/data/ratis] (custom)
2019-09-25 05:06:14,230 [pool-47-thread-1] INFO  storage.RaftStorageDirectory (RaftStorageDirectory.java:analyzeStorage(246)) - The storage directory /workdir/hadoop-ozone/integration-test/target/test-dir/MiniOzoneClusterImpl-23306158-e895-4fc7-80df-ce6c264c388b/datanode-2/data/ratis/1ecbd824-4503-414a-9f62-d47f200b6179 does not exist. Creating ...
2019-09-25 05:06:14,246 [pool-47-thread-1] INFO  storage.RaftStorageDirectory (RaftStorageDirectory.java:tryLock(328)) - Lock on /workdir/hadoop-ozone/integration-test/target/test-dir/MiniOzoneClusterImpl-23306158-e895-4fc7-80df-ce6c264c388b/datanode-2/data/ratis/1ecbd824-4503-414a-9f62-d47f200b6179/in_use.lock acquired by nodename 25526@pr-hdds-1569-s62bp-3040748787
2019-09-25 05:06:14,260 [pool-47-thread-1] INFO  storage.RaftStorage (RaftStorage.java:format(72)) - Storage directory /workdir/hadoop-ozone/integration-test/target/test-dir/MiniOzoneClusterImpl-23306158-e895-4fc7-80df-ce6c264c388b/datanode-2/data/ratis/1ecbd824-4503-414a-9f62-d47f200b6179 has been successfully formatted.
2019-09-25 05:06:14,260 [pool-47-thread-1] INFO  ratis.ContainerStateMachine (ContainerStateMachine.java:loadSnapshot(230)) - group-D47F200B6179: The snapshot info is null. Setting the last applied indexto:(t:0, i:~)
2019-09-25 05:06:14,260 [pool-47-thread-1] INFO  server.RaftServerConfigKeys (ConfUtils.java:logGet(43)) - raft.server.notification.no-leader.timeout = 120s (custom)
2019-09-25 05:06:14,260 [pool-47-thread-1] INFO  server.RaftServerConfigKeys (ConfUtils.java:logGet(43)) - raft.server.log.use.memory = false (default)
2019-09-25 05:06:14,261 [pool-47-thread-1] INFO  server.RaftServerConfigKeys (ConfUtils.java:logGet(43)) - raft.server.log.purge.gap = 1000000 (custom)
2019-09-25 05:06:14,261 [pool-47-thread-1] INFO  server.RaftServerConfigKeys (ConfUtils.java:logGet(43)) - raft.server.log.appender.buffer.byte-limit = 33554432 (custom)
2019-09-25 05:06:14,261 [pool-47-thread-1] INFO  server.RaftServerConfigKeys (ConfUtils.java:logGet(43)) - raft.server.log.segment.size.max = 1048576 (custom)
2019-09-25 05:06:14,261 [pool-47-thread-1] INFO  server.RaftServerConfigKeys (ConfUtils.java:logGet(43)) - raft.server.log.segment.cache.num.max = 2 (custom)
2019-09-25 05:06:14,261 [pool-47-thread-1] INFO  segmented.SegmentedRaftLogWorker (SegmentedRaftLogWorker.java:<init>(172)) - new c8798e02-7f0c-41f7-82c2-a17323bcf21e@group-D47F200B6179-SegmentedRaftLogWorker for RaftStorage:Storage Directory /workdir/hadoop-ozone/integration-test/target/test-dir/MiniOzoneClusterImpl-23306158-e895-4fc7-80df-ce6c264c388b/datanode-2/data/ratis/1ecbd824-4503-414a-9f62-d47f200b6179
2019-09-25 05:06:14,261 [pool-47-thread-1] INFO  server.RaftServerConfigKeys (ConfUtils.java:logGet(43)) - raft.server.log.queue.byte-limit = 2147483647 (custom)
2019-09-25 05:06:14,262 [pool-47-thread-1] INFO  server.RaftServerConfigKeys (ConfUtils.java:logGet(43)) - raft.server.log.queue.element-limit = 1024 (custom)
2019-09-25 05:06:14,262 [pool-47-thread-1] INFO  server.RaftServerConfigKeys (ConfUtils.java:logGet(43)) - raft.server.log.segment.size.max = 1048576 (custom)
2019-09-25 05:06:14,262 [pool-47-thread-1] INFO  server.RaftServerConfigKeys (ConfUtils.java:logGet(43)) - raft.server.log.preallocated.size = 16384 (custom)
2019-09-25 05:06:14,262 [pool-47-thread-1] INFO  server.RaftServerConfigKeys (ConfUtils.java:logGet(43)) - raft.server.log.write.buffer.size = 33554432 (custom)
2019-09-25 05:06:14,262 [pool-47-thread-1] INFO  server.RaftServerConfigKeys (ConfUtils.java:logGet(43)) - raft.server.log.force.sync.num = 128 (default)
2019-09-25 05:06:14,262 [pool-47-thread-1] INFO  server.RaftServerConfigKeys (ConfUtils.java:logGet(43)) - raft.server.log.statemachine.data.sync = true (default)
2019-09-25 05:06:14,263 [pool-47-thread-1] INFO  server.RaftServerConfigKeys (ConfUtils.java:logGet(43)) - raft.server.log.statemachine.data.sync.timeout = 10s (default)
2019-09-25 05:06:14,263 [pool-47-thread-1] INFO  server.RaftServerConfigKeys (ConfUtils.java:logGet(43)) - raft.server.log.statemachine.data.sync.timeout.retry = -1 (default)
2019-09-25 05:06:14,263 [pool-47-thread-1] INFO  server.RaftServerConfigKeys (ConfUtils.java:logGet(43)) - raft.server.log.statemachine.data.caching.enabled = true (custom)
2019-09-25 05:06:14,263 [pool-47-thread-1] INFO  segmented.SegmentedRaftLogWorker (SegmentedRaftLogWorker.java:lambda$new$0(132)) - c8798e02-7f0c-41f7-82c2-a17323bcf21e@group-D47F200B6179-SegmentedRaftLogWorker: flushIndex: setUnconditionally 0 -> -1
2019-09-25 05:06:14,264 [pool-47-thread-1] INFO  server.RaftServerConfigKeys (ConfUtils.java:logGet(43)) - raft.server.snapshot.auto.trigger.enabled = true (custom)
2019-09-25 05:06:14,264 [pool-47-thread-1] INFO  server.RaftServerConfigKeys (ConfUtils.java:logGet(43)) - raft.server.snapshot.auto.trigger.threshold = 10000 (custom)
2019-09-25 05:06:14,264 [pool-47-thread-1] INFO  server.RaftServerConfigKeys (ConfUtils.java:logGet(43)) - raft.server.snapshot.retention.num.files = 5 (custom)
2019-09-25 05:06:14,264 [pool-47-thread-1] INFO  server.RaftServerConfigKeys (ConfUtils.java:logGet(43)) - raft.server.retrycache.expirytime = 600000ms (custom)
2019-09-25 05:06:14,267 [pool-47-thread-1] INFO  impl.RaftServerImpl (RaftServerImpl.java:start(185)) - c8798e02-7f0c-41f7-82c2-a17323bcf21e@group-D47F200B6179: start as a follower, conf=-1: [c8798e02-7f0c-41f7-82c2-a17323bcf21e:192.168.30.10:40603], old=null
2019-09-25 05:06:14,267 [pool-47-thread-1] INFO  impl.RaftServerImpl (RaftServerImpl.java:setRole(174)) - c8798e02-7f0c-41f7-82c2-a17323bcf21e@group-D47F200B6179: changes role from      null to FOLLOWER at term 0 for startAsFollower
2019-09-25 05:06:14,267 [pool-47-thread-1] INFO  impl.RoleInfo (RoleInfo.java:updateAndGet(143)) - c8798e02-7f0c-41f7-82c2-a17323bcf21e: start FollowerState
2019-09-25 05:06:14,267 [pool-47-thread-1] INFO  util.JmxRegister (JmxRegister.java:tryRegister(44)) - Successfully registered JMX Bean with object name Ratis:service=RaftServer,group=group-D47F200B6179,id=c8798e02-7f0c-41f7-82c2-a17323bcf21e
2019-09-25 05:06:14,270 [RatisPipelineUtilsThread] INFO  pipeline.PipelineStateManager (PipelineStateManager.java:addPipeline(56)) - Created pipeline Pipeline[ Id: 1ecbd824-4503-414a-9f62-d47f200b6179, Nodes: c8798e02-7f0c-41f7-82c2-a17323bcf21e{ip: 192.168.30.10, host: pr-hdds-1569-s62bp-3040748787, networkLocation: /default-rack, certSerialId: null}, Type:RATIS, Factor:ONE, State:OPEN]
2019-09-25 05:06:14,275 [grpc-default-executor-0] INFO  impl.RaftServerProxy (RaftServerProxy.java:addNew(89)) - 692224c4-5202-4921-98cc-04d5c60c79cc: addNew group-B76D1F0B6CD7:[692224c4-5202-4921-98cc-04d5c60c79cc:192.168.30.10:38144] returns group-B76D1F0B6CD7:java.util.concurrent.CompletableFuture@984b410[Not completed]
2019-09-25 05:06:14,277 [pool-67-thread-1] INFO  impl.RaftServerImpl (RaftServerImpl.java:<init>(95)) - 692224c4-5202-4921-98cc-04d5c60c79cc: new RaftServerImpl for group-B76D1F0B6CD7:[692224c4-5202-4921-98cc-04d5c60c79cc:192.168.30.10:38144] with ContainerStateMachine:uninitialized
2019-09-25 05:06:14,277 [pool-67-thread-1] INFO  server.RaftServerConfigKeys (ConfUtils.java:logGet(43)) - raft.server.rpc.timeout.min = 5s (custom)
2019-09-25 05:06:14,277 [pool-67-thread-1] INFO  server.RaftServerConfigKeys (ConfUtils.java:logGet(43)) - raft.server.rpc.timeout.max = 5200ms (custom)
2019-09-25 05:06:14,277 [pool-67-thread-1] INFO  server.RaftServerConfigKeys (ConfUtils.java:logGet(43)) - raft.server.rpcslowness.timeout = 120s (custom)
2019-09-25 05:06:14,277 [pool-67-thread-1] INFO  server.RaftServerConfigKeys (ConfUtils.java:logGet(43)) - raft.server.sleep.deviation.threshold = 300 (default)
2019-09-25 05:06:14,277 [pool-67-thread-1] INFO  server.RaftServerConfigKeys (ConfUtils.java:logGet(43)) - raft.server.log.appender.install.snapshot.enabled = false (custom)
2019-09-25 05:06:14,278 [pool-67-thread-1] INFO  impl.RaftServerImpl (ServerState.java:<init>(103)) - 692224c4-5202-4921-98cc-04d5c60c79cc@group-B76D1F0B6CD7: ConfigurationManager, init=-1: [692224c4-5202-4921-98cc-04d5c60c79cc:192.168.30.10:38144], old=null, confs=<EMPTY_MAP>
2019-09-25 05:06:14,278 [pool-67-thread-1] INFO  server.RaftServerConfigKeys (ConfUtils.java:logGet(43)) - raft.server.storage.dir = [/workdir/hadoop-ozone/integration-test/target/test-dir/MiniOzoneClusterImpl-23306158-e895-4fc7-80df-ce6c264c388b/datanode-4/data/ratis] (custom)
2019-09-25 05:06:14,278 [pool-67-thread-1] INFO  storage.RaftStorageDirectory (RaftStorageDirectory.java:analyzeStorage(246)) - The storage directory /workdir/hadoop-ozone/integration-test/target/test-dir/MiniOzoneClusterImpl-23306158-e895-4fc7-80df-ce6c264c388b/datanode-4/data/ratis/3ffd4b2e-2008-421d-9028-b76d1f0b6cd7 does not exist. Creating ...
2019-09-25 05:06:14,291 [pool-67-thread-1] INFO  storage.RaftStorageDirectory (RaftStorageDirectory.java:tryLock(328)) - Lock on /workdir/hadoop-ozone/integration-test/target/test-dir/MiniOzoneClusterImpl-23306158-e895-4fc7-80df-ce6c264c388b/datanode-4/data/ratis/3ffd4b2e-2008-421d-9028-b76d1f0b6cd7/in_use.lock acquired by nodename 25526@pr-hdds-1569-s62bp-3040748787
2019-09-25 05:06:14,305 [pool-67-thread-1] INFO  storage.RaftStorage (RaftStorage.java:format(72)) - Storage directory /workdir/hadoop-ozone/integration-test/target/test-dir/MiniOzoneClusterImpl-23306158-e895-4fc7-80df-ce6c264c388b/datanode-4/data/ratis/3ffd4b2e-2008-421d-9028-b76d1f0b6cd7 has been successfully formatted.
2019-09-25 05:06:14,305 [pool-67-thread-1] INFO  ratis.ContainerStateMachine (ContainerStateMachine.java:loadSnapshot(230)) - group-B76D1F0B6CD7: The snapshot info is null. Setting the last applied indexto:(t:0, i:~)
2019-09-25 05:06:14,305 [pool-67-thread-1] INFO  server.RaftServerConfigKeys (ConfUtils.java:logGet(43)) - raft.server.notification.no-leader.timeout = 120s (custom)
2019-09-25 05:06:14,305 [pool-67-thread-1] INFO  server.RaftServerConfigKeys (ConfUtils.java:logGet(43)) - raft.server.log.use.memory = false (default)
2019-09-25 05:06:14,305 [pool-67-thread-1] INFO  server.RaftServerConfigKeys (ConfUtils.java:logGet(43)) - raft.server.log.purge.gap = 1000000 (custom)
2019-09-25 05:06:14,306 [pool-67-thread-1] INFO  server.RaftServerConfigKeys (ConfUtils.java:logGet(43)) - raft.server.log.appender.buffer.byte-limit = 33554432 (custom)
2019-09-25 05:06:14,306 [pool-67-thread-1] INFO  server.RaftServerConfigKeys (ConfUtils.java:logGet(43)) - raft.server.log.segment.size.max = 1048576 (custom)
2019-09-25 05:06:14,306 [pool-67-thread-1] INFO  server.RaftServerConfigKeys (ConfUtils.java:logGet(43)) - raft.server.log.segment.cache.num.max = 2 (custom)
2019-09-25 05:06:14,306 [pool-67-thread-1] INFO  segmented.SegmentedRaftLogWorker (SegmentedRaftLogWorker.java:<init>(172)) - new 692224c4-5202-4921-98cc-04d5c60c79cc@group-B76D1F0B6CD7-SegmentedRaftLogWorker for RaftStorage:Storage Directory /workdir/hadoop-ozone/integration-test/target/test-dir/MiniOzoneClusterImpl-23306158-e895-4fc7-80df-ce6c264c388b/datanode-4/data/ratis/3ffd4b2e-2008-421d-9028-b76d1f0b6cd7
2019-09-25 05:06:14,306 [pool-67-thread-1] INFO  server.RaftServerConfigKeys (ConfUtils.java:logGet(43)) - raft.server.log.queue.byte-limit = 2147483647 (custom)
2019-09-25 05:06:14,306 [pool-67-thread-1] INFO  server.RaftServerConfigKeys (ConfUtils.java:logGet(43)) - raft.server.log.queue.element-limit = 1024 (custom)
2019-09-25 05:06:14,307 [pool-67-thread-1] INFO  server.RaftServerConfigKeys (ConfUtils.java:logGet(43)) - raft.server.log.segment.size.max = 1048576 (custom)
2019-09-25 05:06:14,307 [pool-67-thread-1] INFO  server.RaftServerConfigKeys (ConfUtils.java:logGet(43)) - raft.server.log.preallocated.size = 16384 (custom)
2019-09-25 05:06:14,307 [pool-67-thread-1] INFO  server.RaftServerConfigKeys (ConfUtils.java:logGet(43)) - raft.server.log.write.buffer.size = 33554432 (custom)
2019-09-25 05:06:14,307 [pool-67-thread-1] INFO  server.RaftServerConfigKeys (ConfUtils.java:logGet(43)) - raft.server.log.force.sync.num = 128 (default)
2019-09-25 05:06:14,307 [pool-67-thread-1] INFO  server.RaftServerConfigKeys (ConfUtils.java:logGet(43)) - raft.server.log.statemachine.data.sync = true (default)
2019-09-25 05:06:14,307 [pool-67-thread-1] INFO  server.RaftServerConfigKeys (ConfUtils.java:logGet(43)) - raft.server.log.statemachine.data.sync.timeout = 10s (default)
2019-09-25 05:06:14,308 [pool-67-thread-1] INFO  server.RaftServerConfigKeys (ConfUtils.java:logGet(43)) - raft.server.log.statemachine.data.sync.timeout.retry = -1 (default)
2019-09-25 05:06:14,308 [pool-67-thread-1] INFO  server.RaftServerConfigKeys (ConfUtils.java:logGet(43)) - raft.server.log.statemachine.data.caching.enabled = true (custom)
2019-09-25 05:06:14,308 [pool-67-thread-1] INFO  segmented.SegmentedRaftLogWorker (SegmentedRaftLogWorker.java:lambda$new$0(132)) - 692224c4-5202-4921-98cc-04d5c60c79cc@group-B76D1F0B6CD7-SegmentedRaftLogWorker: flushIndex: setUnconditionally 0 -> -1
2019-09-25 05:06:14,308 [pool-67-thread-1] INFO  server.RaftServerConfigKeys (ConfUtils.java:logGet(43)) - raft.server.snapshot.auto.trigger.enabled = true (custom)
2019-09-25 05:06:14,309 [pool-67-thread-1] INFO  server.RaftServerConfigKeys (ConfUtils.java:logGet(43)) - raft.server.snapshot.auto.trigger.threshold = 10000 (custom)
2019-09-25 05:06:14,309 [pool-67-thread-1] INFO  server.RaftServerConfigKeys (ConfUtils.java:logGet(43)) - raft.server.snapshot.retention.num.files = 5 (custom)
2019-09-25 05:06:14,309 [pool-67-thread-1] INFO  server.RaftServerConfigKeys (ConfUtils.java:logGet(43)) - raft.server.retrycache.expirytime = 600000ms (custom)
2019-09-25 05:06:14,311 [pool-67-thread-1] INFO  impl.RaftServerImpl (RaftServerImpl.java:start(185)) - 692224c4-5202-4921-98cc-04d5c60c79cc@group-B76D1F0B6CD7: start as a follower, conf=-1: [692224c4-5202-4921-98cc-04d5c60c79cc:192.168.30.10:38144], old=null
2019-09-25 05:06:14,312 [pool-67-thread-1] INFO  impl.RaftServerImpl (RaftServerImpl.java:setRole(174)) - 692224c4-5202-4921-98cc-04d5c60c79cc@group-B76D1F0B6CD7: changes role from      null to FOLLOWER at term 0 for startAsFollower
2019-09-25 05:06:14,312 [pool-67-thread-1] INFO  impl.RoleInfo (RoleInfo.java:updateAndGet(143)) - 692224c4-5202-4921-98cc-04d5c60c79cc: start FollowerState
2019-09-25 05:06:14,312 [pool-67-thread-1] INFO  util.JmxRegister (JmxRegister.java:tryRegister(44)) - Successfully registered JMX Bean with object name Ratis:service=RaftServer,group=group-B76D1F0B6CD7,id=692224c4-5202-4921-98cc-04d5c60c79cc
2019-09-25 05:06:14,315 [RatisPipelineUtilsThread] INFO  pipeline.PipelineStateManager (PipelineStateManager.java:addPipeline(56)) - Created pipeline Pipeline[ Id: 3ffd4b2e-2008-421d-9028-b76d1f0b6cd7, Nodes: 692224c4-5202-4921-98cc-04d5c60c79cc{ip: 192.168.30.10, host: pr-hdds-1569-s62bp-3040748787, networkLocation: /default-rack, certSerialId: null}, Type:RATIS, Factor:ONE, State:OPEN]
2019-09-25 05:06:14,321 [grpc-default-executor-0] INFO  impl.RaftServerProxy (RaftServerProxy.java:addNew(89)) - c8798e02-7f0c-41f7-82c2-a17323bcf21e: addNew group-CF3265719ADC:[c8798e02-7f0c-41f7-82c2-a17323bcf21e:192.168.30.10:40603] returns group-CF3265719ADC:java.util.concurrent.CompletableFuture@1007c9ad[Not completed]
2019-09-25 05:06:14,322 [pool-47-thread-1] INFO  impl.RaftServerImpl (RaftServerImpl.java:<init>(95)) - c8798e02-7f0c-41f7-82c2-a17323bcf21e: new RaftServerImpl for group-CF3265719ADC:[c8798e02-7f0c-41f7-82c2-a17323bcf21e:192.168.30.10:40603] with ContainerStateMachine:uninitialized
2019-09-25 05:06:14,323 [pool-47-thread-1] INFO  server.RaftServerConfigKeys (ConfUtils.java:logGet(43)) - raft.server.rpc.timeout.min = 5s (custom)
2019-09-25 05:06:14,323 [pool-47-thread-1] INFO  server.RaftServerConfigKeys (ConfUtils.java:logGet(43)) - raft.server.rpc.timeout.max = 5200ms (custom)
2019-09-25 05:06:14,323 [pool-47-thread-1] INFO  server.RaftServerConfigKeys (ConfUtils.java:logGet(43)) - raft.server.rpcslowness.timeout = 120s (custom)
2019-09-25 05:06:14,323 [pool-47-thread-1] INFO  server.RaftServerConfigKeys (ConfUtils.java:logGet(43)) - raft.server.sleep.deviation.threshold = 300 (default)
2019-09-25 05:06:14,323 [pool-47-thread-1] INFO  server.RaftServerConfigKeys (ConfUtils.java:logGet(43)) - raft.server.log.appender.install.snapshot.enabled = false (custom)
2019-09-25 05:06:14,323 [pool-47-thread-1] INFO  impl.RaftServerImpl (ServerState.java:<init>(103)) - c8798e02-7f0c-41f7-82c2-a17323bcf21e@group-CF3265719ADC: ConfigurationManager, init=-1: [c8798e02-7f0c-41f7-82c2-a17323bcf21e:192.168.30.10:40603], old=null, confs=<EMPTY_MAP>
2019-09-25 05:06:14,324 [pool-47-thread-1] INFO  server.RaftServerConfigKeys (ConfUtils.java:logGet(43)) - raft.server.storage.dir = [/workdir/hadoop-ozone/integration-test/target/test-dir/MiniOzoneClusterImpl-23306158-e895-4fc7-80df-ce6c264c388b/datanode-2/data/ratis] (custom)
2019-09-25 05:06:14,324 [pool-47-thread-1] INFO  storage.RaftStorageDirectory (RaftStorageDirectory.java:analyzeStorage(246)) - The storage directory /workdir/hadoop-ozone/integration-test/target/test-dir/MiniOzoneClusterImpl-23306158-e895-4fc7-80df-ce6c264c388b/datanode-2/data/ratis/0768d5fb-77dd-4e96-9304-cf3265719adc does not exist. Creating ...
2019-09-25 05:06:14,337 [pool-47-thread-1] INFO  storage.RaftStorageDirectory (RaftStorageDirectory.java:tryLock(328)) - Lock on /workdir/hadoop-ozone/integration-test/target/test-dir/MiniOzoneClusterImpl-23306158-e895-4fc7-80df-ce6c264c388b/datanode-2/data/ratis/0768d5fb-77dd-4e96-9304-cf3265719adc/in_use.lock acquired by nodename 25526@pr-hdds-1569-s62bp-3040748787
2019-09-25 05:06:14,351 [pool-47-thread-1] INFO  storage.RaftStorage (RaftStorage.java:format(72)) - Storage directory /workdir/hadoop-ozone/integration-test/target/test-dir/MiniOzoneClusterImpl-23306158-e895-4fc7-80df-ce6c264c388b/datanode-2/data/ratis/0768d5fb-77dd-4e96-9304-cf3265719adc has been successfully formatted.
2019-09-25 05:06:14,351 [pool-47-thread-1] INFO  ratis.ContainerStateMachine (ContainerStateMachine.java:loadSnapshot(230)) - group-CF3265719ADC: The snapshot info is null. Setting the last applied indexto:(t:0, i:~)
2019-09-25 05:06:14,351 [pool-47-thread-1] INFO  server.RaftServerConfigKeys (ConfUtils.java:logGet(43)) - raft.server.notification.no-leader.timeout = 120s (custom)
2019-09-25 05:06:14,351 [pool-47-thread-1] INFO  server.RaftServerConfigKeys (ConfUtils.java:logGet(43)) - raft.server.log.use.memory = false (default)
2019-09-25 05:06:14,351 [pool-47-thread-1] INFO  server.RaftServerConfigKeys (ConfUtils.java:logGet(43)) - raft.server.log.purge.gap = 1000000 (custom)
2019-09-25 05:06:14,352 [pool-47-thread-1] INFO  server.RaftServerConfigKeys (ConfUtils.java:logGet(43)) - raft.server.log.appender.buffer.byte-limit = 33554432 (custom)
2019-09-25 05:06:14,352 [pool-47-thread-1] INFO  server.RaftServerConfigKeys (ConfUtils.java:logGet(43)) - raft.server.log.segment.size.max = 1048576 (custom)
2019-09-25 05:06:14,352 [pool-47-thread-1] INFO  server.RaftServerConfigKeys (ConfUtils.java:logGet(43)) - raft.server.log.segment.cache.num.max = 2 (custom)
2019-09-25 05:06:14,352 [pool-47-thread-1] INFO  segmented.SegmentedRaftLogWorker (SegmentedRaftLogWorker.java:<init>(172)) - new c8798e02-7f0c-41f7-82c2-a17323bcf21e@group-CF3265719ADC-SegmentedRaftLogWorker for RaftStorage:Storage Directory /workdir/hadoop-ozone/integration-test/target/test-dir/MiniOzoneClusterImpl-23306158-e895-4fc7-80df-ce6c264c388b/datanode-2/data/ratis/0768d5fb-77dd-4e96-9304-cf3265719adc
2019-09-25 05:06:14,352 [pool-47-thread-1] INFO  server.RaftServerConfigKeys (ConfUtils.java:logGet(43)) - raft.server.log.queue.byte-limit = 2147483647 (custom)
2019-09-25 05:06:14,352 [pool-47-thread-1] INFO  server.RaftServerConfigKeys (ConfUtils.java:logGet(43)) - raft.server.log.queue.element-limit = 1024 (custom)
2019-09-25 05:06:14,353 [pool-47-thread-1] INFO  server.RaftServerConfigKeys (ConfUtils.java:logGet(43)) - raft.server.log.segment.size.max = 1048576 (custom)
2019-09-25 05:06:14,353 [pool-47-thread-1] INFO  server.RaftServerConfigKeys (ConfUtils.java:logGet(43)) - raft.server.log.preallocated.size = 16384 (custom)
2019-09-25 05:06:14,353 [pool-47-thread-1] INFO  server.RaftServerConfigKeys (ConfUtils.java:logGet(43)) - raft.server.log.write.buffer.size = 33554432 (custom)
2019-09-25 05:06:14,353 [pool-47-thread-1] INFO  server.RaftServerConfigKeys (ConfUtils.java:logGet(43)) - raft.server.log.force.sync.num = 128 (default)
2019-09-25 05:06:14,353 [pool-47-thread-1] INFO  server.RaftServerConfigKeys (ConfUtils.java:logGet(43)) - raft.server.log.statemachine.data.sync = true (default)
2019-09-25 05:06:14,353 [pool-47-thread-1] INFO  server.RaftServerConfigKeys (ConfUtils.java:logGet(43)) - raft.server.log.statemachine.data.sync.timeout = 10s (default)
2019-09-25 05:06:14,353 [pool-47-thread-1] INFO  server.RaftServerConfigKeys (ConfUtils.java:logGet(43)) - raft.server.log.statemachine.data.sync.timeout.retry = -1 (default)
2019-09-25 05:06:14,354 [pool-47-thread-1] INFO  server.RaftServerConfigKeys (ConfUtils.java:logGet(43)) - raft.server.log.statemachine.data.caching.enabled = true (custom)
2019-09-25 05:06:14,354 [pool-47-thread-1] INFO  segmented.SegmentedRaftLogWorker (SegmentedRaftLogWorker.java:lambda$new$0(132)) - c8798e02-7f0c-41f7-82c2-a17323bcf21e@group-CF3265719ADC-SegmentedRaftLogWorker: flushIndex: setUnconditionally 0 -> -1
2019-09-25 05:06:14,354 [pool-47-thread-1] INFO  server.RaftServerConfigKeys (ConfUtils.java:logGet(43)) - raft.server.snapshot.auto.trigger.enabled = true (custom)
2019-09-25 05:06:14,355 [pool-47-thread-1] INFO  server.RaftServerConfigKeys (ConfUtils.java:logGet(43)) - raft.server.snapshot.auto.trigger.threshold = 10000 (custom)
2019-09-25 05:06:14,355 [pool-47-thread-1] INFO  server.RaftServerConfigKeys (ConfUtils.java:logGet(43)) - raft.server.snapshot.retention.num.files = 5 (custom)
2019-09-25 05:06:14,355 [pool-47-thread-1] INFO  server.RaftServerConfigKeys (ConfUtils.java:logGet(43)) - raft.server.retrycache.expirytime = 600000ms (custom)
2019-09-25 05:06:14,357 [pool-47-thread-1] INFO  impl.RaftServerImpl (RaftServerImpl.java:start(185)) - c8798e02-7f0c-41f7-82c2-a17323bcf21e@group-CF3265719ADC: start as a follower, conf=-1: [c8798e02-7f0c-41f7-82c2-a17323bcf21e:192.168.30.10:40603], old=null
2019-09-25 05:06:14,358 [pool-47-thread-1] INFO  impl.RaftServerImpl (RaftServerImpl.java:setRole(174)) - c8798e02-7f0c-41f7-82c2-a17323bcf21e@group-CF3265719ADC: changes role from      null to FOLLOWER at term 0 for startAsFollower
2019-09-25 05:06:14,358 [pool-47-thread-1] INFO  impl.RoleInfo (RoleInfo.java:updateAndGet(143)) - c8798e02-7f0c-41f7-82c2-a17323bcf21e: start FollowerState
2019-09-25 05:06:14,358 [pool-47-thread-1] INFO  util.JmxRegister (JmxRegister.java:tryRegister(44)) - Successfully registered JMX Bean with object name Ratis:service=RaftServer,group=group-CF3265719ADC,id=c8798e02-7f0c-41f7-82c2-a17323bcf21e
2019-09-25 05:06:14,361 [RatisPipelineUtilsThread] INFO  pipeline.PipelineStateManager (PipelineStateManager.java:addPipeline(56)) - Created pipeline Pipeline[ Id: 0768d5fb-77dd-4e96-9304-cf3265719adc, Nodes: c8798e02-7f0c-41f7-82c2-a17323bcf21e{ip: 192.168.30.10, host: pr-hdds-1569-s62bp-3040748787, networkLocation: /default-rack, certSerialId: null}, Type:RATIS, Factor:ONE, State:OPEN]
2019-09-25 05:06:14,367 [grpc-default-executor-0] INFO  impl.RaftServerProxy (RaftServerProxy.java:addNew(89)) - de37f7a0-0375-40a9-a318-404478482fcb: addNew group-E3167D8B2B86:[de37f7a0-0375-40a9-a318-404478482fcb:192.168.30.10:44522] returns group-E3167D8B2B86:java.util.concurrent.CompletableFuture@8adb028[Not completed]
2019-09-25 05:06:14,368 [pool-57-thread-1] INFO  impl.RaftServerImpl (RaftServerImpl.java:<init>(95)) - de37f7a0-0375-40a9-a318-404478482fcb: new RaftServerImpl for group-E3167D8B2B86:[de37f7a0-0375-40a9-a318-404478482fcb:192.168.30.10:44522] with ContainerStateMachine:uninitialized
2019-09-25 05:06:14,368 [pool-57-thread-1] INFO  server.RaftServerConfigKeys (ConfUtils.java:logGet(43)) - raft.server.rpc.timeout.min = 5s (custom)
2019-09-25 05:06:14,368 [pool-57-thread-1] INFO  server.RaftServerConfigKeys (ConfUtils.java:logGet(43)) - raft.server.rpc.timeout.max = 5200ms (custom)
2019-09-25 05:06:14,369 [pool-57-thread-1] INFO  server.RaftServerConfigKeys (ConfUtils.java:logGet(43)) - raft.server.rpcslowness.timeout = 120s (custom)
2019-09-25 05:06:14,369 [pool-57-thread-1] INFO  server.RaftServerConfigKeys (ConfUtils.java:logGet(43)) - raft.server.sleep.deviation.threshold = 300 (default)
2019-09-25 05:06:14,369 [pool-57-thread-1] INFO  server.RaftServerConfigKeys (ConfUtils.java:logGet(43)) - raft.server.log.appender.install.snapshot.enabled = false (custom)
2019-09-25 05:06:14,369 [pool-57-thread-1] INFO  impl.RaftServerImpl (ServerState.java:<init>(103)) - de37f7a0-0375-40a9-a318-404478482fcb@group-E3167D8B2B86: ConfigurationManager, init=-1: [de37f7a0-0375-40a9-a318-404478482fcb:192.168.30.10:44522], old=null, confs=<EMPTY_MAP>
2019-09-25 05:06:14,369 [pool-57-thread-1] INFO  server.RaftServerConfigKeys (ConfUtils.java:logGet(43)) - raft.server.storage.dir = [/workdir/hadoop-ozone/integration-test/target/test-dir/MiniOzoneClusterImpl-23306158-e895-4fc7-80df-ce6c264c388b/datanode-3/data/ratis] (custom)
2019-09-25 05:06:14,370 [pool-57-thread-1] INFO  storage.RaftStorageDirectory (RaftStorageDirectory.java:analyzeStorage(246)) - The storage directory /workdir/hadoop-ozone/integration-test/target/test-dir/MiniOzoneClusterImpl-23306158-e895-4fc7-80df-ce6c264c388b/datanode-3/data/ratis/5dce2280-06a2-47d7-917f-e3167d8b2b86 does not exist. Creating ...
2019-09-25 05:06:14,382 [pool-57-thread-1] INFO  storage.RaftStorageDirectory (RaftStorageDirectory.java:tryLock(328)) - Lock on /workdir/hadoop-ozone/integration-test/target/test-dir/MiniOzoneClusterImpl-23306158-e895-4fc7-80df-ce6c264c388b/datanode-3/data/ratis/5dce2280-06a2-47d7-917f-e3167d8b2b86/in_use.lock acquired by nodename 25526@pr-hdds-1569-s62bp-3040748787
2019-09-25 05:06:14,385 [Thread-316] INFO  impl.FollowerState (FollowerState.java:run(106)) - f77bfc29-6991-4b1d-a503-f706c83de4fc:group-4FB62CA5F41C changes to CANDIDATE, lastRpcTime:5005, electionTimeout:5005ms
2019-09-25 05:06:14,385 [Thread-316] INFO  impl.RoleInfo (RoleInfo.java:shutdownFollowerState(121)) - f77bfc29-6991-4b1d-a503-f706c83de4fc: shutdown FollowerState
2019-09-25 05:06:14,385 [Thread-316] INFO  impl.RaftServerImpl (RaftServerImpl.java:setRole(174)) - f77bfc29-6991-4b1d-a503-f706c83de4fc@group-4FB62CA5F41C: changes role from  FOLLOWER to CANDIDATE at term 0 for changeToCandidate
2019-09-25 05:06:14,385 [Thread-316] INFO  impl.RoleInfo (RoleInfo.java:updateAndGet(143)) - f77bfc29-6991-4b1d-a503-f706c83de4fc: start LeaderElection
2019-09-25 05:06:14,396 [pool-57-thread-1] INFO  storage.RaftStorage (RaftStorage.java:format(72)) - Storage directory /workdir/hadoop-ozone/integration-test/target/test-dir/MiniOzoneClusterImpl-23306158-e895-4fc7-80df-ce6c264c388b/datanode-3/data/ratis/5dce2280-06a2-47d7-917f-e3167d8b2b86 has been successfully formatted.
2019-09-25 05:06:14,396 [f77bfc29-6991-4b1d-a503-f706c83de4fc@group-4FB62CA5F41C:LeaderElection25] INFO  impl.LeaderElection (LeaderElection.java:askForVotes(182)) - f77bfc29-6991-4b1d-a503-f706c83de4fc@group-4FB62CA5F41C:LeaderElection25: begin an election at term 1 for -1: [f77bfc29-6991-4b1d-a503-f706c83de4fc:192.168.30.10:35112], old=null
2019-09-25 05:06:14,397 [pool-57-thread-1] INFO  ratis.ContainerStateMachine (ContainerStateMachine.java:loadSnapshot(230)) - group-E3167D8B2B86: The snapshot info is null. Setting the last applied indexto:(t:0, i:~)
2019-09-25 05:06:14,397 [f77bfc29-6991-4b1d-a503-f706c83de4fc@group-4FB62CA5F41C:LeaderElection25] INFO  impl.RoleInfo (RoleInfo.java:shutdownLeaderElection(134)) - f77bfc29-6991-4b1d-a503-f706c83de4fc: shutdown LeaderElection
2019-09-25 05:06:14,397 [pool-57-thread-1] INFO  server.RaftServerConfigKeys (ConfUtils.java:logGet(43)) - raft.server.notification.no-leader.timeout = 120s (custom)
2019-09-25 05:06:14,397 [f77bfc29-6991-4b1d-a503-f706c83de4fc@group-4FB62CA5F41C:LeaderElection25] INFO  impl.RaftServerImpl (RaftServerImpl.java:setRole(174)) - f77bfc29-6991-4b1d-a503-f706c83de4fc@group-4FB62CA5F41C: changes role from CANDIDATE to LEADER at term 1 for changeToLeader
2019-09-25 05:06:14,397 [pool-57-thread-1] INFO  server.RaftServerConfigKeys (ConfUtils.java:logGet(43)) - raft.server.log.use.memory = false (default)
2019-09-25 05:06:14,397 [f77bfc29-6991-4b1d-a503-f706c83de4fc@group-4FB62CA5F41C:LeaderElection25] INFO  impl.RaftServerImpl (ServerState.java:setLeader(253)) - f77bfc29-6991-4b1d-a503-f706c83de4fc@group-4FB62CA5F41C: change Leader from null to f77bfc29-6991-4b1d-a503-f706c83de4fc at term 1 for becomeLeader, leader elected after 5257ms
2019-09-25 05:06:14,397 [pool-57-thread-1] INFO  server.RaftServerConfigKeys (ConfUtils.java:logGet(43)) - raft.server.log.purge.gap = 1000000 (custom)
2019-09-25 05:06:14,398 [f77bfc29-6991-4b1d-a503-f706c83de4fc@group-4FB62CA5F41C:LeaderElection25] INFO  server.RaftServerConfigKeys (ConfUtils.java:logGet(43)) - raft.server.staging.catchup.gap = 1000 (default)
2019-09-25 05:06:14,398 [pool-57-thread-1] INFO  server.RaftServerConfigKeys (ConfUtils.java:logGet(43)) - raft.server.log.appender.buffer.byte-limit = 33554432 (custom)
2019-09-25 05:06:14,398 [f77bfc29-6991-4b1d-a503-f706c83de4fc@group-4FB62CA5F41C:LeaderElection25] INFO  server.RaftServerConfigKeys (ConfUtils.java:logGet(43)) - raft.server.rpc.sleep.time = 25ms (default)
2019-09-25 05:06:14,398 [pool-57-thread-1] INFO  server.RaftServerConfigKeys (ConfUtils.java:logGet(43)) - raft.server.log.segment.size.max = 1048576 (custom)
2019-09-25 05:06:14,398 [f77bfc29-6991-4b1d-a503-f706c83de4fc@group-4FB62CA5F41C:LeaderElection25] INFO  server.RaftServerConfigKeys (ConfUtils.java:logGet(43)) - raft.server.write.element-limit = 4096 (default)
2019-09-25 05:06:14,398 [pool-57-thread-1] INFO  server.RaftServerConfigKeys (ConfUtils.java:logGet(43)) - raft.server.log.segment.cache.num.max = 2 (custom)
2019-09-25 05:06:14,398 [f77bfc29-6991-4b1d-a503-f706c83de4fc@group-4FB62CA5F41C:LeaderElection25] INFO  server.RaftServerConfigKeys (ConfUtils.java:logGet(43)) - raft.server.watch.timeout = 10s (default)
2019-09-25 05:06:14,399 [pool-57-thread-1] INFO  segmented.SegmentedRaftLogWorker (SegmentedRaftLogWorker.java:<init>(172)) - new de37f7a0-0375-40a9-a318-404478482fcb@group-E3167D8B2B86-SegmentedRaftLogWorker for RaftStorage:Storage Directory /workdir/hadoop-ozone/integration-test/target/test-dir/MiniOzoneClusterImpl-23306158-e895-4fc7-80df-ce6c264c388b/datanode-3/data/ratis/5dce2280-06a2-47d7-917f-e3167d8b2b86
2019-09-25 05:06:14,399 [f77bfc29-6991-4b1d-a503-f706c83de4fc@group-4FB62CA5F41C:LeaderElection25] INFO  server.RaftServerConfigKeys (ConfUtils.java:logGet(43)) - raft.server.watch.timeout.denomination = 1s (default)
2019-09-25 05:06:14,399 [pool-57-thread-1] INFO  server.RaftServerConfigKeys (ConfUtils.java:logGet(43)) - raft.server.log.queue.byte-limit = 2147483647 (custom)
2019-09-25 05:06:14,399 [f77bfc29-6991-4b1d-a503-f706c83de4fc@group-4FB62CA5F41C:LeaderElection25] INFO  server.RaftServerConfigKeys (ConfUtils.java:logGet(43)) - raft.server.watch.element-limit = 65536 (default)
2019-09-25 05:06:14,399 [pool-57-thread-1] INFO  server.RaftServerConfigKeys (ConfUtils.java:logGet(43)) - raft.server.log.queue.element-limit = 1024 (custom)
2019-09-25 05:06:14,399 [pool-57-thread-1] INFO  server.RaftServerConfigKeys (ConfUtils.java:logGet(43)) - raft.server.log.segment.size.max = 1048576 (custom)
2019-09-25 05:06:14,400 [pool-57-thread-1] INFO  server.RaftServerConfigKeys (ConfUtils.java:logGet(43)) - raft.server.log.preallocated.size = 16384 (custom)
2019-09-25 05:06:14,400 [pool-57-thread-1] INFO  server.RaftServerConfigKeys (ConfUtils.java:logGet(43)) - raft.server.log.write.buffer.size = 33554432 (custom)
2019-09-25 05:06:14,400 [pool-57-thread-1] INFO  server.RaftServerConfigKeys (ConfUtils.java:logGet(43)) - raft.server.log.force.sync.num = 128 (default)
2019-09-25 05:06:14,400 [pool-57-thread-1] INFO  server.RaftServerConfigKeys (ConfUtils.java:logGet(43)) - raft.server.log.statemachine.data.sync = true (default)
2019-09-25 05:06:14,400 [pool-57-thread-1] INFO  server.RaftServerConfigKeys (ConfUtils.java:logGet(43)) - raft.server.log.statemachine.data.sync.timeout = 10s (default)
2019-09-25 05:06:14,400 [pool-57-thread-1] INFO  server.RaftServerConfigKeys (ConfUtils.java:logGet(43)) - raft.server.log.statemachine.data.sync.timeout.retry = -1 (default)
2019-09-25 05:06:14,401 [pool-57-thread-1] INFO  server.RaftServerConfigKeys (ConfUtils.java:logGet(43)) - raft.server.log.statemachine.data.caching.enabled = true (custom)
2019-09-25 05:06:14,401 [pool-57-thread-1] INFO  segmented.SegmentedRaftLogWorker (SegmentedRaftLogWorker.java:lambda$new$0(132)) - de37f7a0-0375-40a9-a318-404478482fcb@group-E3167D8B2B86-SegmentedRaftLogWorker: flushIndex: setUnconditionally 0 -> -1
2019-09-25 05:06:14,401 [pool-57-thread-1] INFO  server.RaftServerConfigKeys (ConfUtils.java:logGet(43)) - raft.server.snapshot.auto.trigger.enabled = true (custom)
2019-09-25 05:06:14,401 [pool-57-thread-1] INFO  server.RaftServerConfigKeys (ConfUtils.java:logGet(43)) - raft.server.snapshot.auto.trigger.threshold = 10000 (custom)
2019-09-25 05:06:14,401 [pool-57-thread-1] INFO  server.RaftServerConfigKeys (ConfUtils.java:logGet(43)) - raft.server.snapshot.retention.num.files = 5 (custom)
2019-09-25 05:06:14,402 [pool-57-thread-1] INFO  server.RaftServerConfigKeys (ConfUtils.java:logGet(43)) - raft.server.retrycache.expirytime = 600000ms (custom)
2019-09-25 05:06:14,402 [f77bfc29-6991-4b1d-a503-f706c83de4fc@group-4FB62CA5F41C:LeaderElection25] INFO  impl.RoleInfo (RoleInfo.java:updateAndGet(143)) - f77bfc29-6991-4b1d-a503-f706c83de4fc: start LeaderState
2019-09-25 05:06:14,402 [f77bfc29-6991-4b1d-a503-f706c83de4fc@group-4FB62CA5F41C:LeaderElection25] INFO  segmented.SegmentedRaftLogWorker (SegmentedRaftLogWorker.java:startLogSegment(380)) - f77bfc29-6991-4b1d-a503-f706c83de4fc@group-4FB62CA5F41C-SegmentedRaftLogWorker: Starting segment from index:0
2019-09-25 05:06:14,403 [f77bfc29-6991-4b1d-a503-f706c83de4fc@group-4FB62CA5F41C:LeaderElection25] INFO  impl.RaftServerImpl (ServerState.java:setRaftConf(354)) - f77bfc29-6991-4b1d-a503-f706c83de4fc@group-4FB62CA5F41C: set configuration 0: [f77bfc29-6991-4b1d-a503-f706c83de4fc:192.168.30.10:35112], old=null at 0
2019-09-25 05:06:14,446 [pool-57-thread-1] INFO  impl.RaftServerImpl (RaftServerImpl.java:start(185)) - de37f7a0-0375-40a9-a318-404478482fcb@group-E3167D8B2B86: start as a follower, conf=-1: [de37f7a0-0375-40a9-a318-404478482fcb:192.168.30.10:44522], old=null
2019-09-25 05:06:14,446 [pool-57-thread-1] INFO  impl.RaftServerImpl (RaftServerImpl.java:setRole(174)) - de37f7a0-0375-40a9-a318-404478482fcb@group-E3167D8B2B86: changes role from      null to FOLLOWER at term 0 for startAsFollower
2019-09-25 05:06:14,446 [pool-57-thread-1] INFO  impl.RoleInfo (RoleInfo.java:updateAndGet(143)) - de37f7a0-0375-40a9-a318-404478482fcb: start FollowerState
2019-09-25 05:06:14,446 [pool-57-thread-1] INFO  util.JmxRegister (JmxRegister.java:tryRegister(44)) - Successfully registered JMX Bean with object name Ratis:service=RaftServer,group=group-E3167D8B2B86,id=de37f7a0-0375-40a9-a318-404478482fcb
2019-09-25 05:06:14,450 [RatisPipelineUtilsThread] INFO  pipeline.PipelineStateManager (PipelineStateManager.java:addPipeline(56)) - Created pipeline Pipeline[ Id: 5dce2280-06a2-47d7-917f-e3167d8b2b86, Nodes: de37f7a0-0375-40a9-a318-404478482fcb{ip: 192.168.30.10, host: pr-hdds-1569-s62bp-3040748787, networkLocation: /default-rack, certSerialId: null}, Type:RATIS, Factor:ONE, State:OPEN]
2019-09-25 05:06:14,456 [grpc-default-executor-0] INFO  impl.RaftServerProxy (RaftServerProxy.java:addNew(89)) - de37f7a0-0375-40a9-a318-404478482fcb: addNew group-20CAD8A90CD6:[de37f7a0-0375-40a9-a318-404478482fcb:192.168.30.10:44522] returns group-20CAD8A90CD6:java.util.concurrent.CompletableFuture@18ed74a2[Not completed]
2019-09-25 05:06:14,457 [f77bfc29-6991-4b1d-a503-f706c83de4fc@group-4FB62CA5F41C-SegmentedRaftLogWorker] INFO  segmented.SegmentedRaftLogWorker (SegmentedRaftLogWorker.java:execute(569)) - f77bfc29-6991-4b1d-a503-f706c83de4fc@group-4FB62CA5F41C-SegmentedRaftLogWorker: created new log segment /workdir/hadoop-ozone/integration-test/target/test-dir/MiniOzoneClusterImpl-23306158-e895-4fc7-80df-ce6c264c388b/datanode-0/data/ratis/e8fd31af-faff-45f6-8a44-4fb62ca5f41c/current/log_inprogress_0
2019-09-25 05:06:14,457 [pool-57-thread-1] INFO  impl.RaftServerImpl (RaftServerImpl.java:<init>(95)) - de37f7a0-0375-40a9-a318-404478482fcb: new RaftServerImpl for group-20CAD8A90CD6:[de37f7a0-0375-40a9-a318-404478482fcb:192.168.30.10:44522] with ContainerStateMachine:uninitialized
2019-09-25 05:06:14,458 [pool-57-thread-1] INFO  server.RaftServerConfigKeys (ConfUtils.java:logGet(43)) - raft.server.rpc.timeout.min = 5s (custom)
2019-09-25 05:06:14,458 [pool-57-thread-1] INFO  server.RaftServerConfigKeys (ConfUtils.java:logGet(43)) - raft.server.rpc.timeout.max = 5200ms (custom)
2019-09-25 05:06:14,458 [pool-57-thread-1] INFO  server.RaftServerConfigKeys (ConfUtils.java:logGet(43)) - raft.server.rpcslowness.timeout = 120s (custom)
2019-09-25 05:06:14,458 [pool-57-thread-1] INFO  server.RaftServerConfigKeys (ConfUtils.java:logGet(43)) - raft.server.sleep.deviation.threshold = 300 (default)
2019-09-25 05:06:14,458 [pool-57-thread-1] INFO  server.RaftServerConfigKeys (ConfUtils.java:logGet(43)) - raft.server.log.appender.install.snapshot.enabled = false (custom)
2019-09-25 05:06:14,458 [pool-57-thread-1] INFO  impl.RaftServerImpl (ServerState.java:<init>(103)) - de37f7a0-0375-40a9-a318-404478482fcb@group-20CAD8A90CD6: ConfigurationManager, init=-1: [de37f7a0-0375-40a9-a318-404478482fcb:192.168.30.10:44522], old=null, confs=<EMPTY_MAP>
2019-09-25 05:06:14,458 [pool-57-thread-1] INFO  server.RaftServerConfigKeys (ConfUtils.java:logGet(43)) - raft.server.storage.dir = [/workdir/hadoop-ozone/integration-test/target/test-dir/MiniOzoneClusterImpl-23306158-e895-4fc7-80df-ce6c264c388b/datanode-3/data/ratis] (custom)
2019-09-25 05:06:14,459 [pool-57-thread-1] INFO  storage.RaftStorageDirectory (RaftStorageDirectory.java:analyzeStorage(246)) - The storage directory /workdir/hadoop-ozone/integration-test/target/test-dir/MiniOzoneClusterImpl-23306158-e895-4fc7-80df-ce6c264c388b/datanode-3/data/ratis/d297f75f-eb29-43e0-b653-20cad8a90cd6 does not exist. Creating ...
2019-09-25 05:06:14,470 [pool-57-thread-1] INFO  storage.RaftStorageDirectory (RaftStorageDirectory.java:tryLock(328)) - Lock on /workdir/hadoop-ozone/integration-test/target/test-dir/MiniOzoneClusterImpl-23306158-e895-4fc7-80df-ce6c264c388b/datanode-3/data/ratis/d297f75f-eb29-43e0-b653-20cad8a90cd6/in_use.lock acquired by nodename 25526@pr-hdds-1569-s62bp-3040748787
2019-09-25 05:06:14,484 [pool-57-thread-1] INFO  storage.RaftStorage (RaftStorage.java:format(72)) - Storage directory /workdir/hadoop-ozone/integration-test/target/test-dir/MiniOzoneClusterImpl-23306158-e895-4fc7-80df-ce6c264c388b/datanode-3/data/ratis/d297f75f-eb29-43e0-b653-20cad8a90cd6 has been successfully formatted.
2019-09-25 05:06:14,484 [pool-57-thread-1] INFO  ratis.ContainerStateMachine (ContainerStateMachine.java:loadSnapshot(230)) - group-20CAD8A90CD6: The snapshot info is null. Setting the last applied indexto:(t:0, i:~)
2019-09-25 05:06:14,484 [pool-57-thread-1] INFO  server.RaftServerConfigKeys (ConfUtils.java:logGet(43)) - raft.server.notification.no-leader.timeout = 120s (custom)
2019-09-25 05:06:14,484 [pool-57-thread-1] INFO  server.RaftServerConfigKeys (ConfUtils.java:logGet(43)) - raft.server.log.use.memory = false (default)
2019-09-25 05:06:14,485 [pool-57-thread-1] INFO  server.RaftServerConfigKeys (ConfUtils.java:logGet(43)) - raft.server.log.purge.gap = 1000000 (custom)
2019-09-25 05:06:14,485 [pool-57-thread-1] INFO  server.RaftServerConfigKeys (ConfUtils.java:logGet(43)) - raft.server.log.appender.buffer.byte-limit = 33554432 (custom)
2019-09-25 05:06:14,485 [pool-57-thread-1] INFO  server.RaftServerConfigKeys (ConfUtils.java:logGet(43)) - raft.server.log.segment.size.max = 1048576 (custom)
2019-09-25 05:06:14,485 [pool-57-thread-1] INFO  server.RaftServerConfigKeys (ConfUtils.java:logGet(43)) - raft.server.log.segment.cache.num.max = 2 (custom)
2019-09-25 05:06:14,485 [pool-57-thread-1] INFO  segmented.SegmentedRaftLogWorker (SegmentedRaftLogWorker.java:<init>(172)) - new de37f7a0-0375-40a9-a318-404478482fcb@group-20CAD8A90CD6-SegmentedRaftLogWorker for RaftStorage:Storage Directory /workdir/hadoop-ozone/integration-test/target/test-dir/MiniOzoneClusterImpl-23306158-e895-4fc7-80df-ce6c264c388b/datanode-3/data/ratis/d297f75f-eb29-43e0-b653-20cad8a90cd6
2019-09-25 05:06:14,485 [pool-57-thread-1] INFO  server.RaftServerConfigKeys (ConfUtils.java:logGet(43)) - raft.server.log.queue.byte-limit = 2147483647 (custom)
2019-09-25 05:06:14,486 [pool-57-thread-1] INFO  server.RaftServerConfigKeys (ConfUtils.java:logGet(43)) - raft.server.log.queue.element-limit = 1024 (custom)
2019-09-25 05:06:14,486 [pool-57-thread-1] INFO  server.RaftServerConfigKeys (ConfUtils.java:logGet(43)) - raft.server.log.segment.size.max = 1048576 (custom)
2019-09-25 05:06:14,486 [pool-57-thread-1] INFO  server.RaftServerConfigKeys (ConfUtils.java:logGet(43)) - raft.server.log.preallocated.size = 16384 (custom)
2019-09-25 05:06:14,486 [pool-57-thread-1] INFO  server.RaftServerConfigKeys (ConfUtils.java:logGet(43)) - raft.server.log.write.buffer.size = 33554432 (custom)
2019-09-25 05:06:14,486 [pool-57-thread-1] INFO  server.RaftServerConfigKeys (ConfUtils.java:logGet(43)) - raft.server.log.force.sync.num = 128 (default)
2019-09-25 05:06:14,486 [pool-57-thread-1] INFO  server.RaftServerConfigKeys (ConfUtils.java:logGet(43)) - raft.server.log.statemachine.data.sync = true (default)
2019-09-25 05:06:14,487 [pool-57-thread-1] INFO  server.RaftServerConfigKeys (ConfUtils.java:logGet(43)) - raft.server.log.statemachine.data.sync.timeout = 10s (default)
2019-09-25 05:06:14,487 [pool-57-thread-1] INFO  server.RaftServerConfigKeys (ConfUtils.java:logGet(43)) - raft.server.log.statemachine.data.sync.timeout.retry = -1 (default)
2019-09-25 05:06:14,487 [pool-57-thread-1] INFO  server.RaftServerConfigKeys (ConfUtils.java:logGet(43)) - raft.server.log.statemachine.data.caching.enabled = true (custom)
2019-09-25 05:06:14,487 [pool-57-thread-1] INFO  segmented.SegmentedRaftLogWorker (SegmentedRaftLogWorker.java:lambda$new$0(132)) - de37f7a0-0375-40a9-a318-404478482fcb@group-20CAD8A90CD6-SegmentedRaftLogWorker: flushIndex: setUnconditionally 0 -> -1
2019-09-25 05:06:14,488 [pool-57-thread-1] INFO  server.RaftServerConfigKeys (ConfUtils.java:logGet(43)) - raft.server.snapshot.auto.trigger.enabled = true (custom)
2019-09-25 05:06:14,488 [pool-57-thread-1] INFO  server.RaftServerConfigKeys (ConfUtils.java:logGet(43)) - raft.server.snapshot.auto.trigger.threshold = 10000 (custom)
2019-09-25 05:06:14,488 [pool-57-thread-1] INFO  server.RaftServerConfigKeys (ConfUtils.java:logGet(43)) - raft.server.snapshot.retention.num.files = 5 (custom)
2019-09-25 05:06:14,488 [pool-57-thread-1] INFO  server.RaftServerConfigKeys (ConfUtils.java:logGet(43)) - raft.server.retrycache.expirytime = 600000ms (custom)
2019-09-25 05:06:14,490 [pool-57-thread-1] INFO  impl.RaftServerImpl (RaftServerImpl.java:start(185)) - de37f7a0-0375-40a9-a318-404478482fcb@group-20CAD8A90CD6: start as a follower, conf=-1: [de37f7a0-0375-40a9-a318-404478482fcb:192.168.30.10:44522], old=null
2019-09-25 05:06:14,490 [pool-57-thread-1] INFO  impl.RaftServerImpl (RaftServerImpl.java:setRole(174)) - de37f7a0-0375-40a9-a318-404478482fcb@group-20CAD8A90CD6: changes role from      null to FOLLOWER at term 0 for startAsFollower
2019-09-25 05:06:14,490 [pool-57-thread-1] INFO  impl.RoleInfo (RoleInfo.java:updateAndGet(143)) - de37f7a0-0375-40a9-a318-404478482fcb: start FollowerState
2019-09-25 05:06:14,491 [pool-57-thread-1] INFO  util.JmxRegister (JmxRegister.java:tryRegister(44)) - Successfully registered JMX Bean with object name Ratis:service=RaftServer,group=group-20CAD8A90CD6,id=de37f7a0-0375-40a9-a318-404478482fcb
2019-09-25 05:06:14,494 [RatisPipelineUtilsThread] INFO  pipeline.PipelineStateManager (PipelineStateManager.java:addPipeline(56)) - Created pipeline Pipeline[ Id: d297f75f-eb29-43e0-b653-20cad8a90cd6, Nodes: de37f7a0-0375-40a9-a318-404478482fcb{ip: 192.168.30.10, host: pr-hdds-1569-s62bp-3040748787, networkLocation: /default-rack, certSerialId: null}, Type:RATIS, Factor:ONE, State:OPEN]
2019-09-25 05:06:14,500 [grpc-default-executor-0] INFO  impl.RaftServerProxy (RaftServerProxy.java:addNew(89)) - f77bfc29-6991-4b1d-a503-f706c83de4fc: addNew group-9013CD353F35:[f77bfc29-6991-4b1d-a503-f706c83de4fc:192.168.30.10:35112] returns group-9013CD353F35:java.util.concurrent.CompletableFuture@74accca7[Not completed]
2019-09-25 05:06:14,501 [pool-27-thread-1] INFO  impl.RaftServerImpl (RaftServerImpl.java:<init>(95)) - f77bfc29-6991-4b1d-a503-f706c83de4fc: new RaftServerImpl for group-9013CD353F35:[f77bfc29-6991-4b1d-a503-f706c83de4fc:192.168.30.10:35112] with ContainerStateMachine:uninitialized
2019-09-25 05:06:14,501 [pool-27-thread-1] INFO  server.RaftServerConfigKeys (ConfUtils.java:logGet(43)) - raft.server.rpc.timeout.min = 5s (custom)
2019-09-25 05:06:14,501 [pool-27-thread-1] INFO  server.RaftServerConfigKeys (ConfUtils.java:logGet(43)) - raft.server.rpc.timeout.max = 5200ms (custom)
2019-09-25 05:06:14,502 [pool-27-thread-1] INFO  server.RaftServerConfigKeys (ConfUtils.java:logGet(43)) - raft.server.rpcslowness.timeout = 120s (custom)
2019-09-25 05:06:14,502 [pool-27-thread-1] INFO  server.RaftServerConfigKeys (ConfUtils.java:logGet(43)) - raft.server.sleep.deviation.threshold = 300 (default)
2019-09-25 05:06:14,502 [pool-27-thread-1] INFO  server.RaftServerConfigKeys (ConfUtils.java:logGet(43)) - raft.server.log.appender.install.snapshot.enabled = false (custom)
2019-09-25 05:06:14,502 [pool-27-thread-1] INFO  impl.RaftServerImpl (ServerState.java:<init>(103)) - f77bfc29-6991-4b1d-a503-f706c83de4fc@group-9013CD353F35: ConfigurationManager, init=-1: [f77bfc29-6991-4b1d-a503-f706c83de4fc:192.168.30.10:35112], old=null, confs=<EMPTY_MAP>
2019-09-25 05:06:14,502 [pool-27-thread-1] INFO  server.RaftServerConfigKeys (ConfUtils.java:logGet(43)) - raft.server.storage.dir = [/workdir/hadoop-ozone/integration-test/target/test-dir/MiniOzoneClusterImpl-23306158-e895-4fc7-80df-ce6c264c388b/datanode-0/data/ratis] (custom)
2019-09-25 05:06:14,503 [pool-27-thread-1] INFO  storage.RaftStorageDirectory (RaftStorageDirectory.java:analyzeStorage(246)) - The storage directory /workdir/hadoop-ozone/integration-test/target/test-dir/MiniOzoneClusterImpl-23306158-e895-4fc7-80df-ce6c264c388b/datanode-0/data/ratis/be9ca13e-03e1-4383-89aa-9013cd353f35 does not exist. Creating ...
2019-09-25 05:06:14,509 [pool-27-thread-1] INFO  storage.RaftStorageDirectory (RaftStorageDirectory.java:tryLock(328)) - Lock on /workdir/hadoop-ozone/integration-test/target/test-dir/MiniOzoneClusterImpl-23306158-e895-4fc7-80df-ce6c264c388b/datanode-0/data/ratis/be9ca13e-03e1-4383-89aa-9013cd353f35/in_use.lock acquired by nodename 25526@pr-hdds-1569-s62bp-3040748787
2019-09-25 05:06:14,522 [pool-27-thread-1] INFO  storage.RaftStorage (RaftStorage.java:format(72)) - Storage directory /workdir/hadoop-ozone/integration-test/target/test-dir/MiniOzoneClusterImpl-23306158-e895-4fc7-80df-ce6c264c388b/datanode-0/data/ratis/be9ca13e-03e1-4383-89aa-9013cd353f35 has been successfully formatted.
2019-09-25 05:06:14,523 [pool-27-thread-1] INFO  ratis.ContainerStateMachine (ContainerStateMachine.java:loadSnapshot(230)) - group-9013CD353F35: The snapshot info is null. Setting the last applied indexto:(t:0, i:~)
2019-09-25 05:06:14,523 [pool-27-thread-1] INFO  server.RaftServerConfigKeys (ConfUtils.java:logGet(43)) - raft.server.notification.no-leader.timeout = 120s (custom)
2019-09-25 05:06:14,523 [pool-27-thread-1] INFO  server.RaftServerConfigKeys (ConfUtils.java:logGet(43)) - raft.server.log.use.memory = false (default)
2019-09-25 05:06:14,523 [pool-27-thread-1] INFO  server.RaftServerConfigKeys (ConfUtils.java:logGet(43)) - raft.server.log.purge.gap = 1000000 (custom)
2019-09-25 05:06:14,523 [pool-27-thread-1] INFO  server.RaftServerConfigKeys (ConfUtils.java:logGet(43)) - raft.server.log.appender.buffer.byte-limit = 33554432 (custom)
2019-09-25 05:06:14,523 [pool-27-thread-1] INFO  server.RaftServerConfigKeys (ConfUtils.java:logGet(43)) - raft.server.log.segment.size.max = 1048576 (custom)
2019-09-25 05:06:14,524 [pool-27-thread-1] INFO  server.RaftServerConfigKeys (ConfUtils.java:logGet(43)) - raft.server.log.segment.cache.num.max = 2 (custom)
2019-09-25 05:06:14,524 [pool-27-thread-1] INFO  segmented.SegmentedRaftLogWorker (SegmentedRaftLogWorker.java:<init>(172)) - new f77bfc29-6991-4b1d-a503-f706c83de4fc@group-9013CD353F35-SegmentedRaftLogWorker for RaftStorage:Storage Directory /workdir/hadoop-ozone/integration-test/target/test-dir/MiniOzoneClusterImpl-23306158-e895-4fc7-80df-ce6c264c388b/datanode-0/data/ratis/be9ca13e-03e1-4383-89aa-9013cd353f35
2019-09-25 05:06:14,524 [pool-27-thread-1] INFO  server.RaftServerConfigKeys (ConfUtils.java:logGet(43)) - raft.server.log.queue.byte-limit = 2147483647 (custom)
2019-09-25 05:06:14,524 [pool-27-thread-1] INFO  server.RaftServerConfigKeys (ConfUtils.java:logGet(43)) - raft.server.log.queue.element-limit = 1024 (custom)
2019-09-25 05:06:14,524 [pool-27-thread-1] INFO  server.RaftServerConfigKeys (ConfUtils.java:logGet(43)) - raft.server.log.segment.size.max = 1048576 (custom)
2019-09-25 05:06:14,524 [pool-27-thread-1] INFO  server.RaftServerConfigKeys (ConfUtils.java:logGet(43)) - raft.server.log.preallocated.size = 16384 (custom)
2019-09-25 05:06:14,524 [pool-27-thread-1] INFO  server.RaftServerConfigKeys (ConfUtils.java:logGet(43)) - raft.server.log.write.buffer.size = 33554432 (custom)
2019-09-25 05:06:14,525 [pool-27-thread-1] INFO  server.RaftServerConfigKeys (ConfUtils.java:logGet(43)) - raft.server.log.force.sync.num = 128 (default)
2019-09-25 05:06:14,525 [pool-27-thread-1] INFO  server.RaftServerConfigKeys (ConfUtils.java:logGet(43)) - raft.server.log.statemachine.data.sync = true (default)
2019-09-25 05:06:14,525 [pool-27-thread-1] INFO  server.RaftServerConfigKeys (ConfUtils.java:logGet(43)) - raft.server.log.statemachine.data.sync.timeout = 10s (default)
2019-09-25 05:06:14,525 [pool-27-thread-1] INFO  server.RaftServerConfigKeys (ConfUtils.java:logGet(43)) - raft.server.log.statemachine.data.sync.timeout.retry = -1 (default)
2019-09-25 05:06:14,525 [pool-27-thread-1] INFO  server.RaftServerConfigKeys (ConfUtils.java:logGet(43)) - raft.server.log.statemachine.data.caching.enabled = true (custom)
2019-09-25 05:06:14,526 [pool-27-thread-1] INFO  segmented.SegmentedRaftLogWorker (SegmentedRaftLogWorker.java:lambda$new$0(132)) - f77bfc29-6991-4b1d-a503-f706c83de4fc@group-9013CD353F35-SegmentedRaftLogWorker: flushIndex: setUnconditionally 0 -> -1
2019-09-25 05:06:14,526 [pool-27-thread-1] INFO  server.RaftServerConfigKeys (ConfUtils.java:logGet(43)) - raft.server.snapshot.auto.trigger.enabled = true (custom)
2019-09-25 05:06:14,526 [Thread-319] INFO  impl.FollowerState (FollowerState.java:run(106)) - f77bfc29-6991-4b1d-a503-f706c83de4fc:group-41EE765DF4CD changes to CANDIDATE, lastRpcTime:5091, electionTimeout:5091ms
2019-09-25 05:06:14,526 [pool-27-thread-1] INFO  server.RaftServerConfigKeys (ConfUtils.java:logGet(43)) - raft.server.snapshot.auto.trigger.threshold = 10000 (custom)
2019-09-25 05:06:14,526 [pool-27-thread-1] INFO  server.RaftServerConfigKeys (ConfUtils.java:logGet(43)) - raft.server.snapshot.retention.num.files = 5 (custom)
2019-09-25 05:06:14,526 [Thread-319] INFO  impl.RoleInfo (RoleInfo.java:shutdownFollowerState(121)) - f77bfc29-6991-4b1d-a503-f706c83de4fc: shutdown FollowerState
2019-09-25 05:06:14,527 [pool-27-thread-1] INFO  server.RaftServerConfigKeys (ConfUtils.java:logGet(43)) - raft.server.retrycache.expirytime = 600000ms (custom)
2019-09-25 05:06:14,527 [Thread-319] INFO  impl.RaftServerImpl (RaftServerImpl.java:setRole(174)) - f77bfc29-6991-4b1d-a503-f706c83de4fc@group-41EE765DF4CD: changes role from  FOLLOWER to CANDIDATE at term 0 for changeToCandidate
2019-09-25 05:06:14,527 [Thread-319] INFO  impl.RoleInfo (RoleInfo.java:updateAndGet(143)) - f77bfc29-6991-4b1d-a503-f706c83de4fc: start LeaderElection
2019-09-25 05:06:14,532 [pool-27-thread-1] INFO  impl.RaftServerImpl (RaftServerImpl.java:start(185)) - f77bfc29-6991-4b1d-a503-f706c83de4fc@group-9013CD353F35: start as a follower, conf=-1: [f77bfc29-6991-4b1d-a503-f706c83de4fc:192.168.30.10:35112], old=null
2019-09-25 05:06:14,532 [pool-27-thread-1] INFO  impl.RaftServerImpl (RaftServerImpl.java:setRole(174)) - f77bfc29-6991-4b1d-a503-f706c83de4fc@group-9013CD353F35: changes role from      null to FOLLOWER at term 0 for startAsFollower
2019-09-25 05:06:14,533 [pool-27-thread-1] INFO  impl.RoleInfo (RoleInfo.java:updateAndGet(143)) - f77bfc29-6991-4b1d-a503-f706c83de4fc: start FollowerState
2019-09-25 05:06:14,533 [pool-27-thread-1] INFO  util.JmxRegister (JmxRegister.java:tryRegister(44)) - Successfully registered JMX Bean with object name Ratis:service=RaftServer,group=group-9013CD353F35,id=f77bfc29-6991-4b1d-a503-f706c83de4fc
2019-09-25 05:06:14,536 [RatisPipelineUtilsThread] INFO  pipeline.PipelineStateManager (PipelineStateManager.java:addPipeline(56)) - Created pipeline Pipeline[ Id: be9ca13e-03e1-4383-89aa-9013cd353f35, Nodes: f77bfc29-6991-4b1d-a503-f706c83de4fc{ip: 192.168.30.10, host: pr-hdds-1569-s62bp-3040748787, networkLocation: /default-rack, certSerialId: null}, Type:RATIS, Factor:ONE, State:OPEN]
2019-09-25 05:06:14,540 [Thread-322] INFO  impl.FollowerState (FollowerState.java:run(106)) - 692224c4-5202-4921-98cc-04d5c60c79cc:group-53C29FC60ACD changes to CANDIDATE, lastRpcTime:5050, electionTimeout:5050ms
2019-09-25 05:06:14,540 [Thread-322] INFO  impl.RoleInfo (RoleInfo.java:shutdownFollowerState(121)) - 692224c4-5202-4921-98cc-04d5c60c79cc: shutdown FollowerState
2019-09-25 05:06:14,540 [Thread-322] INFO  impl.RaftServerImpl (RaftServerImpl.java:setRole(174)) - 692224c4-5202-4921-98cc-04d5c60c79cc@group-53C29FC60ACD: changes role from  FOLLOWER to CANDIDATE at term 0 for changeToCandidate
2019-09-25 05:06:14,540 [Thread-322] INFO  impl.RoleInfo (RoleInfo.java:updateAndGet(143)) - 692224c4-5202-4921-98cc-04d5c60c79cc: start LeaderElection
2019-09-25 05:06:14,545 [f77bfc29-6991-4b1d-a503-f706c83de4fc@group-41EE765DF4CD:LeaderElection26] INFO  impl.LeaderElection (LeaderElection.java:askForVotes(182)) - f77bfc29-6991-4b1d-a503-f706c83de4fc@group-41EE765DF4CD:LeaderElection26: begin an election at term 1 for -1: [f77bfc29-6991-4b1d-a503-f706c83de4fc:192.168.30.10:35112], old=null
2019-09-25 05:06:14,545 [f77bfc29-6991-4b1d-a503-f706c83de4fc@group-41EE765DF4CD:LeaderElection26] INFO  impl.RoleInfo (RoleInfo.java:shutdownLeaderElection(134)) - f77bfc29-6991-4b1d-a503-f706c83de4fc: shutdown LeaderElection
2019-09-25 05:06:14,545 [f77bfc29-6991-4b1d-a503-f706c83de4fc@group-41EE765DF4CD:LeaderElection26] INFO  impl.RaftServerImpl (RaftServerImpl.java:setRole(174)) - f77bfc29-6991-4b1d-a503-f706c83de4fc@group-41EE765DF4CD: changes role from CANDIDATE to LEADER at term 1 for changeToLeader
2019-09-25 05:06:14,546 [grpc-default-executor-0] INFO  impl.RaftServerProxy (RaftServerProxy.java:addNew(89)) - 692224c4-5202-4921-98cc-04d5c60c79cc: addNew group-92384AFA5BB1:[692224c4-5202-4921-98cc-04d5c60c79cc:192.168.30.10:38144] returns group-92384AFA5BB1:java.util.concurrent.CompletableFuture@7d2f4ca8[Not completed]
2019-09-25 05:06:14,546 [f77bfc29-6991-4b1d-a503-f706c83de4fc@group-41EE765DF4CD:LeaderElection26] INFO  impl.RaftServerImpl (ServerState.java:setLeader(253)) - f77bfc29-6991-4b1d-a503-f706c83de4fc@group-41EE765DF4CD: change Leader from null to f77bfc29-6991-4b1d-a503-f706c83de4fc at term 1 for becomeLeader, leader elected after 5117ms
2019-09-25 05:06:14,546 [f77bfc29-6991-4b1d-a503-f706c83de4fc@group-41EE765DF4CD:LeaderElection26] INFO  server.RaftServerConfigKeys (ConfUtils.java:logGet(43)) - raft.server.staging.catchup.gap = 1000 (default)
2019-09-25 05:06:14,546 [f77bfc29-6991-4b1d-a503-f706c83de4fc@group-41EE765DF4CD:LeaderElection26] INFO  server.RaftServerConfigKeys (ConfUtils.java:logGet(43)) - raft.server.rpc.sleep.time = 25ms (default)
2019-09-25 05:06:14,546 [f77bfc29-6991-4b1d-a503-f706c83de4fc@group-41EE765DF4CD:LeaderElection26] INFO  server.RaftServerConfigKeys (ConfUtils.java:logGet(43)) - raft.server.write.element-limit = 4096 (default)
2019-09-25 05:06:14,546 [f77bfc29-6991-4b1d-a503-f706c83de4fc@group-41EE765DF4CD:LeaderElection26] INFO  server.RaftServerConfigKeys (ConfUtils.java:logGet(43)) - raft.server.watch.timeout = 10s (default)
2019-09-25 05:06:14,547 [pool-67-thread-1] INFO  impl.RaftServerImpl (RaftServerImpl.java:<init>(95)) - 692224c4-5202-4921-98cc-04d5c60c79cc: new RaftServerImpl for group-92384AFA5BB1:[692224c4-5202-4921-98cc-04d5c60c79cc:192.168.30.10:38144] with ContainerStateMachine:uninitialized
2019-09-25 05:06:14,547 [f77bfc29-6991-4b1d-a503-f706c83de4fc@group-41EE765DF4CD:LeaderElection26] INFO  server.RaftServerConfigKeys (ConfUtils.java:logGet(43)) - raft.server.watch.timeout.denomination = 1s (default)
2019-09-25 05:06:14,547 [pool-67-thread-1] INFO  server.RaftServerConfigKeys (ConfUtils.java:logGet(43)) - raft.server.rpc.timeout.min = 5s (custom)
2019-09-25 05:06:14,547 [f77bfc29-6991-4b1d-a503-f706c83de4fc@group-41EE765DF4CD:LeaderElection26] INFO  server.RaftServerConfigKeys (ConfUtils.java:logGet(43)) - raft.server.watch.element-limit = 65536 (default)
2019-09-25 05:06:14,547 [pool-67-thread-1] INFO  server.RaftServerConfigKeys (ConfUtils.java:logGet(43)) - raft.server.rpc.timeout.max = 5200ms (custom)
2019-09-25 05:06:14,547 [pool-67-thread-1] INFO  server.RaftServerConfigKeys (ConfUtils.java:logGet(43)) - raft.server.rpcslowness.timeout = 120s (custom)
2019-09-25 05:06:14,547 [pool-67-thread-1] INFO  server.RaftServerConfigKeys (ConfUtils.java:logGet(43)) - raft.server.sleep.deviation.threshold = 300 (default)
2019-09-25 05:06:14,547 [pool-67-thread-1] INFO  server.RaftServerConfigKeys (ConfUtils.java:logGet(43)) - raft.server.log.appender.install.snapshot.enabled = false (custom)
2019-09-25 05:06:14,548 [692224c4-5202-4921-98cc-04d5c60c79cc@group-53C29FC60ACD:LeaderElection27] INFO  impl.LeaderElection (LeaderElection.java:askForVotes(182)) - 692224c4-5202-4921-98cc-04d5c60c79cc@group-53C29FC60ACD:LeaderElection27: begin an election at term 1 for -1: [692224c4-5202-4921-98cc-04d5c60c79cc:192.168.30.10:38144], old=null
2019-09-25 05:06:14,548 [pool-67-thread-1] INFO  impl.RaftServerImpl (ServerState.java:<init>(103)) - 692224c4-5202-4921-98cc-04d5c60c79cc@group-92384AFA5BB1: ConfigurationManager, init=-1: [692224c4-5202-4921-98cc-04d5c60c79cc:192.168.30.10:38144], old=null, confs=<EMPTY_MAP>
2019-09-25 05:06:14,548 [692224c4-5202-4921-98cc-04d5c60c79cc@group-53C29FC60ACD:LeaderElection27] INFO  impl.RoleInfo (RoleInfo.java:shutdownLeaderElection(134)) - 692224c4-5202-4921-98cc-04d5c60c79cc: shutdown LeaderElection
2019-09-25 05:06:14,548 [pool-67-thread-1] INFO  server.RaftServerConfigKeys (ConfUtils.java:logGet(43)) - raft.server.storage.dir = [/workdir/hadoop-ozone/integration-test/target/test-dir/MiniOzoneClusterImpl-23306158-e895-4fc7-80df-ce6c264c388b/datanode-4/data/ratis] (custom)
2019-09-25 05:06:14,548 [692224c4-5202-4921-98cc-04d5c60c79cc@group-53C29FC60ACD:LeaderElection27] INFO  impl.RaftServerImpl (RaftServerImpl.java:setRole(174)) - 692224c4-5202-4921-98cc-04d5c60c79cc@group-53C29FC60ACD: changes role from CANDIDATE to LEADER at term 1 for changeToLeader
2019-09-25 05:06:14,548 [692224c4-5202-4921-98cc-04d5c60c79cc@group-53C29FC60ACD:LeaderElection27] INFO  impl.RaftServerImpl (ServerState.java:setLeader(253)) - 692224c4-5202-4921-98cc-04d5c60c79cc@group-53C29FC60ACD: change Leader from null to 692224c4-5202-4921-98cc-04d5c60c79cc at term 1 for becomeLeader, leader elected after 5066ms
2019-09-25 05:06:14,548 [pool-67-thread-1] INFO  storage.RaftStorageDirectory (RaftStorageDirectory.java:analyzeStorage(246)) - The storage directory /workdir/hadoop-ozone/integration-test/target/test-dir/MiniOzoneClusterImpl-23306158-e895-4fc7-80df-ce6c264c388b/datanode-4/data/ratis/b7b0afbb-141f-49c7-b17f-92384afa5bb1 does not exist. Creating ...
2019-09-25 05:06:14,549 [692224c4-5202-4921-98cc-04d5c60c79cc@group-53C29FC60ACD:LeaderElection27] INFO  server.RaftServerConfigKeys (ConfUtils.java:logGet(43)) - raft.server.staging.catchup.gap = 1000 (default)
2019-09-25 05:06:14,549 [692224c4-5202-4921-98cc-04d5c60c79cc@group-53C29FC60ACD:LeaderElection27] INFO  server.RaftServerConfigKeys (ConfUtils.java:logGet(43)) - raft.server.rpc.sleep.time = 25ms (default)
2019-09-25 05:06:14,549 [692224c4-5202-4921-98cc-04d5c60c79cc@group-53C29FC60ACD:LeaderElection27] INFO  server.RaftServerConfigKeys (ConfUtils.java:logGet(43)) - raft.server.write.element-limit = 4096 (default)
2019-09-25 05:06:14,549 [f77bfc29-6991-4b1d-a503-f706c83de4fc@group-41EE765DF4CD:LeaderElection26] INFO  impl.RoleInfo (RoleInfo.java:updateAndGet(143)) - f77bfc29-6991-4b1d-a503-f706c83de4fc: start LeaderState
2019-09-25 05:06:14,549 [692224c4-5202-4921-98cc-04d5c60c79cc@group-53C29FC60ACD:LeaderElection27] INFO  server.RaftServerConfigKeys (ConfUtils.java:logGet(43)) - raft.server.watch.timeout = 10s (default)
2019-09-25 05:06:14,550 [f77bfc29-6991-4b1d-a503-f706c83de4fc@group-41EE765DF4CD:LeaderElection26] INFO  segmented.SegmentedRaftLogWorker (SegmentedRaftLogWorker.java:startLogSegment(380)) - f77bfc29-6991-4b1d-a503-f706c83de4fc@group-41EE765DF4CD-SegmentedRaftLogWorker: Starting segment from index:0
2019-09-25 05:06:14,550 [692224c4-5202-4921-98cc-04d5c60c79cc@group-53C29FC60ACD:LeaderElection27] INFO  server.RaftServerConfigKeys (ConfUtils.java:logGet(43)) - raft.server.watch.timeout.denomination = 1s (default)
2019-09-25 05:06:14,550 [692224c4-5202-4921-98cc-04d5c60c79cc@group-53C29FC60ACD:LeaderElection27] INFO  server.RaftServerConfigKeys (ConfUtils.java:logGet(43)) - raft.server.watch.element-limit = 65536 (default)
2019-09-25 05:06:14,550 [f77bfc29-6991-4b1d-a503-f706c83de4fc@group-41EE765DF4CD:LeaderElection26] INFO  impl.RaftServerImpl (ServerState.java:setRaftConf(354)) - f77bfc29-6991-4b1d-a503-f706c83de4fc@group-41EE765DF4CD: set configuration 0: [f77bfc29-6991-4b1d-a503-f706c83de4fc:192.168.30.10:35112], old=null at 0
2019-09-25 05:06:14,590 [pool-67-thread-1] INFO  storage.RaftStorageDirectory (RaftStorageDirectory.java:tryLock(328)) - Lock on /workdir/hadoop-ozone/integration-test/target/test-dir/MiniOzoneClusterImpl-23306158-e895-4fc7-80df-ce6c264c388b/datanode-4/data/ratis/b7b0afbb-141f-49c7-b17f-92384afa5bb1/in_use.lock acquired by nodename 25526@pr-hdds-1569-s62bp-3040748787
2019-09-25 05:06:14,593 [692224c4-5202-4921-98cc-04d5c60c79cc@group-53C29FC60ACD:LeaderElection27] INFO  impl.RoleInfo (RoleInfo.java:updateAndGet(143)) - 692224c4-5202-4921-98cc-04d5c60c79cc: start LeaderState
2019-09-25 05:06:14,593 [692224c4-5202-4921-98cc-04d5c60c79cc@group-53C29FC60ACD:LeaderElection27] INFO  segmented.SegmentedRaftLogWorker (SegmentedRaftLogWorker.java:startLogSegment(380)) - 692224c4-5202-4921-98cc-04d5c60c79cc@group-53C29FC60ACD-SegmentedRaftLogWorker: Starting segment from index:0
2019-09-25 05:06:14,594 [692224c4-5202-4921-98cc-04d5c60c79cc@group-53C29FC60ACD:LeaderElection27] INFO  impl.RaftServerImpl (ServerState.java:setRaftConf(354)) - 692224c4-5202-4921-98cc-04d5c60c79cc@group-53C29FC60ACD: set configuration 0: [692224c4-5202-4921-98cc-04d5c60c79cc:192.168.30.10:38144], old=null at 0
2019-09-25 05:06:14,637 [f77bfc29-6991-4b1d-a503-f706c83de4fc@group-41EE765DF4CD-SegmentedRaftLogWorker] INFO  segmented.SegmentedRaftLogWorker (SegmentedRaftLogWorker.java:execute(569)) - f77bfc29-6991-4b1d-a503-f706c83de4fc@group-41EE765DF4CD-SegmentedRaftLogWorker: created new log segment /workdir/hadoop-ozone/integration-test/target/test-dir/MiniOzoneClusterImpl-23306158-e895-4fc7-80df-ce6c264c388b/datanode-0/data/ratis/8b675488-b361-4b0c-bc73-41ee765df4cd/current/log_inprogress_0
2019-09-25 05:06:14,637 [pool-67-thread-1] INFO  storage.RaftStorage (RaftStorage.java:format(72)) - Storage directory /workdir/hadoop-ozone/integration-test/target/test-dir/MiniOzoneClusterImpl-23306158-e895-4fc7-80df-ce6c264c388b/datanode-4/data/ratis/b7b0afbb-141f-49c7-b17f-92384afa5bb1 has been successfully formatted.
2019-09-25 05:06:14,638 [pool-67-thread-1] INFO  ratis.ContainerStateMachine (ContainerStateMachine.java:loadSnapshot(230)) - group-92384AFA5BB1: The snapshot info is null. Setting the last applied indexto:(t:0, i:~)
2019-09-25 05:06:14,638 [pool-67-thread-1] INFO  server.RaftServerConfigKeys (ConfUtils.java:logGet(43)) - raft.server.notification.no-leader.timeout = 120s (custom)
2019-09-25 05:06:14,638 [pool-67-thread-1] INFO  server.RaftServerConfigKeys (ConfUtils.java:logGet(43)) - raft.server.log.use.memory = false (default)
2019-09-25 05:06:14,638 [pool-67-thread-1] INFO  server.RaftServerConfigKeys (ConfUtils.java:logGet(43)) - raft.server.log.purge.gap = 1000000 (custom)
2019-09-25 05:06:14,639 [pool-67-thread-1] INFO  server.RaftServerConfigKeys (ConfUtils.java:logGet(43)) - raft.server.log.appender.buffer.byte-limit = 33554432 (custom)
2019-09-25 05:06:14,639 [pool-67-thread-1] INFO  server.RaftServerConfigKeys (ConfUtils.java:logGet(43)) - raft.server.log.segment.size.max = 1048576 (custom)
2019-09-25 05:06:14,639 [pool-67-thread-1] INFO  server.RaftServerConfigKeys (ConfUtils.java:logGet(43)) - raft.server.log.segment.cache.num.max = 2 (custom)
2019-09-25 05:06:14,639 [pool-67-thread-1] INFO  segmented.SegmentedRaftLogWorker (SegmentedRaftLogWorker.java:<init>(172)) - new 692224c4-5202-4921-98cc-04d5c60c79cc@group-92384AFA5BB1-SegmentedRaftLogWorker for RaftStorage:Storage Directory /workdir/hadoop-ozone/integration-test/target/test-dir/MiniOzoneClusterImpl-23306158-e895-4fc7-80df-ce6c264c388b/datanode-4/data/ratis/b7b0afbb-141f-49c7-b17f-92384afa5bb1
2019-09-25 05:06:14,639 [pool-67-thread-1] INFO  server.RaftServerConfigKeys (ConfUtils.java:logGet(43)) - raft.server.log.queue.byte-limit = 2147483647 (custom)
2019-09-25 05:06:14,640 [pool-67-thread-1] INFO  server.RaftServerConfigKeys (ConfUtils.java:logGet(43)) - raft.server.log.queue.element-limit = 1024 (custom)
2019-09-25 05:06:14,640 [pool-67-thread-1] INFO  server.RaftServerConfigKeys (ConfUtils.java:logGet(43)) - raft.server.log.segment.size.max = 1048576 (custom)
2019-09-25 05:06:14,640 [pool-67-thread-1] INFO  server.RaftServerConfigKeys (ConfUtils.java:logGet(43)) - raft.server.log.preallocated.size = 16384 (custom)
2019-09-25 05:06:14,640 [pool-67-thread-1] INFO  server.RaftServerConfigKeys (ConfUtils.java:logGet(43)) - raft.server.log.write.buffer.size = 33554432 (custom)
2019-09-25 05:06:14,640 [pool-67-thread-1] INFO  server.RaftServerConfigKeys (ConfUtils.java:logGet(43)) - raft.server.log.force.sync.num = 128 (default)
2019-09-25 05:06:14,640 [pool-67-thread-1] INFO  server.RaftServerConfigKeys (ConfUtils.java:logGet(43)) - raft.server.log.statemachine.data.sync = true (default)
2019-09-25 05:06:14,640 [pool-67-thread-1] INFO  server.RaftServerConfigKeys (ConfUtils.java:logGet(43)) - raft.server.log.statemachine.data.sync.timeout = 10s (default)
2019-09-25 05:06:14,641 [pool-67-thread-1] INFO  server.RaftServerConfigKeys (ConfUtils.java:logGet(43)) - raft.server.log.statemachine.data.sync.timeout.retry = -1 (default)
2019-09-25 05:06:14,641 [pool-67-thread-1] INFO  server.RaftServerConfigKeys (ConfUtils.java:logGet(43)) - raft.server.log.statemachine.data.caching.enabled = true (custom)
2019-09-25 05:06:14,641 [pool-67-thread-1] INFO  segmented.SegmentedRaftLogWorker (SegmentedRaftLogWorker.java:lambda$new$0(132)) - 692224c4-5202-4921-98cc-04d5c60c79cc@group-92384AFA5BB1-SegmentedRaftLogWorker: flushIndex: setUnconditionally 0 -> -1
2019-09-25 05:06:14,642 [pool-67-thread-1] INFO  server.RaftServerConfigKeys (ConfUtils.java:logGet(43)) - raft.server.snapshot.auto.trigger.enabled = true (custom)
2019-09-25 05:06:14,642 [pool-67-thread-1] INFO  server.RaftServerConfigKeys (ConfUtils.java:logGet(43)) - raft.server.snapshot.auto.trigger.threshold = 10000 (custom)
2019-09-25 05:06:14,642 [pool-67-thread-1] INFO  server.RaftServerConfigKeys (ConfUtils.java:logGet(43)) - raft.server.snapshot.retention.num.files = 5 (custom)
2019-09-25 05:06:14,642 [pool-67-thread-1] INFO  server.RaftServerConfigKeys (ConfUtils.java:logGet(43)) - raft.server.retrycache.expirytime = 600000ms (custom)
2019-09-25 05:06:14,645 [pool-67-thread-1] INFO  impl.RaftServerImpl (RaftServerImpl.java:start(185)) - 692224c4-5202-4921-98cc-04d5c60c79cc@group-92384AFA5BB1: start as a follower, conf=-1: [692224c4-5202-4921-98cc-04d5c60c79cc:192.168.30.10:38144], old=null
2019-09-25 05:06:14,645 [pool-67-thread-1] INFO  impl.RaftServerImpl (RaftServerImpl.java:setRole(174)) - 692224c4-5202-4921-98cc-04d5c60c79cc@group-92384AFA5BB1: changes role from      null to FOLLOWER at term 0 for startAsFollower
2019-09-25 05:06:14,645 [pool-67-thread-1] INFO  impl.RoleInfo (RoleInfo.java:updateAndGet(143)) - 692224c4-5202-4921-98cc-04d5c60c79cc: start FollowerState
2019-09-25 05:06:14,645 [pool-67-thread-1] INFO  util.JmxRegister (JmxRegister.java:tryRegister(44)) - Successfully registered JMX Bean with object name Ratis:service=RaftServer,group=group-92384AFA5BB1,id=692224c4-5202-4921-98cc-04d5c60c79cc
2019-09-25 05:06:14,650 [692224c4-5202-4921-98cc-04d5c60c79cc@group-53C29FC60ACD-SegmentedRaftLogWorker] INFO  segmented.SegmentedRaftLogWorker (SegmentedRaftLogWorker.java:execute(569)) - 692224c4-5202-4921-98cc-04d5c60c79cc@group-53C29FC60ACD-SegmentedRaftLogWorker: created new log segment /workdir/hadoop-ozone/integration-test/target/test-dir/MiniOzoneClusterImpl-23306158-e895-4fc7-80df-ce6c264c388b/datanode-4/data/ratis/dca83c41-8bc3-46f2-9a44-53c29fc60acd/current/log_inprogress_0
2019-09-25 05:06:14,650 [RatisPipelineUtilsThread] INFO  pipeline.PipelineStateManager (PipelineStateManager.java:addPipeline(56)) - Created pipeline Pipeline[ Id: b7b0afbb-141f-49c7-b17f-92384afa5bb1, Nodes: 692224c4-5202-4921-98cc-04d5c60c79cc{ip: 192.168.30.10, host: pr-hdds-1569-s62bp-3040748787, networkLocation: /default-rack, certSerialId: null}, Type:RATIS, Factor:ONE, State:OPEN]
2019-09-25 05:06:14,657 [grpc-default-executor-0] INFO  impl.RaftServerProxy (RaftServerProxy.java:addNew(89)) - b4fa7d23-6606-45fd-9544-2b08ca3fa933: addNew group-6413F98F8F54:[b4fa7d23-6606-45fd-9544-2b08ca3fa933:192.168.30.10:34493] returns group-6413F98F8F54:java.util.concurrent.CompletableFuture@563a8b0b[Not completed]
2019-09-25 05:06:14,659 [pool-77-thread-1] INFO  impl.RaftServerImpl (RaftServerImpl.java:<init>(95)) - b4fa7d23-6606-45fd-9544-2b08ca3fa933: new RaftServerImpl for group-6413F98F8F54:[b4fa7d23-6606-45fd-9544-2b08ca3fa933:192.168.30.10:34493] with ContainerStateMachine:uninitialized
2019-09-25 05:06:14,659 [pool-77-thread-1] INFO  server.RaftServerConfigKeys (ConfUtils.java:logGet(43)) - raft.server.rpc.timeout.min = 5s (custom)
2019-09-25 05:06:14,659 [pool-77-thread-1] INFO  server.RaftServerConfigKeys (ConfUtils.java:logGet(43)) - raft.server.rpc.timeout.max = 5200ms (custom)
2019-09-25 05:06:14,659 [pool-77-thread-1] INFO  server.RaftServerConfigKeys (ConfUtils.java:logGet(43)) - raft.server.rpcslowness.timeout = 120s (custom)
2019-09-25 05:06:14,659 [pool-77-thread-1] INFO  server.RaftServerConfigKeys (ConfUtils.java:logGet(43)) - raft.server.sleep.deviation.threshold = 300 (default)
2019-09-25 05:06:14,659 [pool-77-thread-1] INFO  server.RaftServerConfigKeys (ConfUtils.java:logGet(43)) - raft.server.log.appender.install.snapshot.enabled = false (custom)
2019-09-25 05:06:14,660 [pool-77-thread-1] INFO  impl.RaftServerImpl (ServerState.java:<init>(103)) - b4fa7d23-6606-45fd-9544-2b08ca3fa933@group-6413F98F8F54: ConfigurationManager, init=-1: [b4fa7d23-6606-45fd-9544-2b08ca3fa933:192.168.30.10:34493], old=null, confs=<EMPTY_MAP>
2019-09-25 05:06:14,660 [pool-77-thread-1] INFO  server.RaftServerConfigKeys (ConfUtils.java:logGet(43)) - raft.server.storage.dir = [/workdir/hadoop-ozone/integration-test/target/test-dir/MiniOzoneClusterImpl-23306158-e895-4fc7-80df-ce6c264c388b/datanode-5/data/ratis] (custom)
2019-09-25 05:06:14,660 [pool-77-thread-1] INFO  storage.RaftStorageDirectory (RaftStorageDirectory.java:analyzeStorage(246)) - The storage directory /workdir/hadoop-ozone/integration-test/target/test-dir/MiniOzoneClusterImpl-23306158-e895-4fc7-80df-ce6c264c388b/datanode-5/data/ratis/67fbf981-ddd6-4b0f-90b6-6413f98f8f54 does not exist. Creating ...
2019-09-25 05:06:14,664 [pool-77-thread-1] INFO  storage.RaftStorageDirectory (RaftStorageDirectory.java:tryLock(328)) - Lock on /workdir/hadoop-ozone/integration-test/target/test-dir/MiniOzoneClusterImpl-23306158-e895-4fc7-80df-ce6c264c388b/datanode-5/data/ratis/67fbf981-ddd6-4b0f-90b6-6413f98f8f54/in_use.lock acquired by nodename 25526@pr-hdds-1569-s62bp-3040748787
2019-09-25 05:06:14,677 [pool-77-thread-1] INFO  storage.RaftStorage (RaftStorage.java:format(72)) - Storage directory /workdir/hadoop-ozone/integration-test/target/test-dir/MiniOzoneClusterImpl-23306158-e895-4fc7-80df-ce6c264c388b/datanode-5/data/ratis/67fbf981-ddd6-4b0f-90b6-6413f98f8f54 has been successfully formatted.
2019-09-25 05:06:14,678 [pool-77-thread-1] INFO  ratis.ContainerStateMachine (ContainerStateMachine.java:loadSnapshot(230)) - group-6413F98F8F54: The snapshot info is null. Setting the last applied indexto:(t:0, i:~)
2019-09-25 05:06:14,678 [pool-77-thread-1] INFO  server.RaftServerConfigKeys (ConfUtils.java:logGet(43)) - raft.server.notification.no-leader.timeout = 120s (custom)
2019-09-25 05:06:14,678 [pool-77-thread-1] INFO  server.RaftServerConfigKeys (ConfUtils.java:logGet(43)) - raft.server.log.use.memory = false (default)
2019-09-25 05:06:14,678 [pool-77-thread-1] INFO  server.RaftServerConfigKeys (ConfUtils.java:logGet(43)) - raft.server.log.purge.gap = 1000000 (custom)
2019-09-25 05:06:14,678 [pool-77-thread-1] INFO  server.RaftServerConfigKeys (ConfUtils.java:logGet(43)) - raft.server.log.appender.buffer.byte-limit = 33554432 (custom)
2019-09-25 05:06:14,679 [pool-77-thread-1] INFO  server.RaftServerConfigKeys (ConfUtils.java:logGet(43)) - raft.server.log.segment.size.max = 1048576 (custom)
2019-09-25 05:06:14,679 [pool-77-thread-1] INFO  server.RaftServerConfigKeys (ConfUtils.java:logGet(43)) - raft.server.log.segment.cache.num.max = 2 (custom)
2019-09-25 05:06:14,679 [pool-77-thread-1] INFO  segmented.SegmentedRaftLogWorker (SegmentedRaftLogWorker.java:<init>(172)) - new b4fa7d23-6606-45fd-9544-2b08ca3fa933@group-6413F98F8F54-SegmentedRaftLogWorker for RaftStorage:Storage Directory /workdir/hadoop-ozone/integration-test/target/test-dir/MiniOzoneClusterImpl-23306158-e895-4fc7-80df-ce6c264c388b/datanode-5/data/ratis/67fbf981-ddd6-4b0f-90b6-6413f98f8f54
2019-09-25 05:06:14,679 [pool-77-thread-1] INFO  server.RaftServerConfigKeys (ConfUtils.java:logGet(43)) - raft.server.log.queue.byte-limit = 2147483647 (custom)
2019-09-25 05:06:14,679 [pool-77-thread-1] INFO  server.RaftServerConfigKeys (ConfUtils.java:logGet(43)) - raft.server.log.queue.element-limit = 1024 (custom)
2019-09-25 05:06:14,679 [pool-77-thread-1] INFO  server.RaftServerConfigKeys (ConfUtils.java:logGet(43)) - raft.server.log.segment.size.max = 1048576 (custom)
2019-09-25 05:06:14,679 [pool-77-thread-1] INFO  server.RaftServerConfigKeys (ConfUtils.java:logGet(43)) - raft.server.log.preallocated.size = 16384 (custom)
2019-09-25 05:06:14,680 [pool-77-thread-1] INFO  server.RaftServerConfigKeys (ConfUtils.java:logGet(43)) - raft.server.log.write.buffer.size = 33554432 (custom)
2019-09-25 05:06:14,680 [pool-77-thread-1] INFO  server.RaftServerConfigKeys (ConfUtils.java:logGet(43)) - raft.server.log.force.sync.num = 128 (default)
2019-09-25 05:06:14,680 [pool-77-thread-1] INFO  server.RaftServerConfigKeys (ConfUtils.java:logGet(43)) - raft.server.log.statemachine.data.sync = true (default)
2019-09-25 05:06:14,680 [pool-77-thread-1] INFO  server.RaftServerConfigKeys (ConfUtils.java:logGet(43)) - raft.server.log.statemachine.data.sync.timeout = 10s (default)
2019-09-25 05:06:14,680 [pool-77-thread-1] INFO  server.RaftServerConfigKeys (ConfUtils.java:logGet(43)) - raft.server.log.statemachine.data.sync.timeout.retry = -1 (default)
2019-09-25 05:06:14,680 [pool-77-thread-1] INFO  server.RaftServerConfigKeys (ConfUtils.java:logGet(43)) - raft.server.log.statemachine.data.caching.enabled = true (custom)
2019-09-25 05:06:14,681 [pool-77-thread-1] INFO  segmented.SegmentedRaftLogWorker (SegmentedRaftLogWorker.java:lambda$new$0(132)) - b4fa7d23-6606-45fd-9544-2b08ca3fa933@group-6413F98F8F54-SegmentedRaftLogWorker: flushIndex: setUnconditionally 0 -> -1
2019-09-25 05:06:14,681 [pool-77-thread-1] INFO  server.RaftServerConfigKeys (ConfUtils.java:logGet(43)) - raft.server.snapshot.auto.trigger.enabled = true (custom)
2019-09-25 05:06:14,681 [pool-77-thread-1] INFO  server.RaftServerConfigKeys (ConfUtils.java:logGet(43)) - raft.server.snapshot.auto.trigger.threshold = 10000 (custom)
2019-09-25 05:06:14,681 [pool-77-thread-1] INFO  server.RaftServerConfigKeys (ConfUtils.java:logGet(43)) - raft.server.snapshot.retention.num.files = 5 (custom)
2019-09-25 05:06:14,682 [pool-77-thread-1] INFO  server.RaftServerConfigKeys (ConfUtils.java:logGet(43)) - raft.server.retrycache.expirytime = 600000ms (custom)
2019-09-25 05:06:14,684 [pool-77-thread-1] INFO  impl.RaftServerImpl (RaftServerImpl.java:start(185)) - b4fa7d23-6606-45fd-9544-2b08ca3fa933@group-6413F98F8F54: start as a follower, conf=-1: [b4fa7d23-6606-45fd-9544-2b08ca3fa933:192.168.30.10:34493], old=null
2019-09-25 05:06:14,684 [pool-77-thread-1] INFO  impl.RaftServerImpl (RaftServerImpl.java:setRole(174)) - b4fa7d23-6606-45fd-9544-2b08ca3fa933@group-6413F98F8F54: changes role from      null to FOLLOWER at term 0 for startAsFollower
2019-09-25 05:06:14,684 [pool-77-thread-1] INFO  impl.RoleInfo (RoleInfo.java:updateAndGet(143)) - b4fa7d23-6606-45fd-9544-2b08ca3fa933: start FollowerState
2019-09-25 05:06:14,684 [pool-77-thread-1] INFO  util.JmxRegister (JmxRegister.java:tryRegister(44)) - Successfully registered JMX Bean with object name Ratis:service=RaftServer,group=group-6413F98F8F54,id=b4fa7d23-6606-45fd-9544-2b08ca3fa933
2019-09-25 05:06:14,687 [RatisPipelineUtilsThread] INFO  pipeline.PipelineStateManager (PipelineStateManager.java:addPipeline(56)) - Created pipeline Pipeline[ Id: 67fbf981-ddd6-4b0f-90b6-6413f98f8f54, Nodes: b4fa7d23-6606-45fd-9544-2b08ca3fa933{ip: 192.168.30.10, host: pr-hdds-1569-s62bp-3040748787, networkLocation: /default-rack, certSerialId: null}, Type:RATIS, Factor:ONE, State:OPEN]
2019-09-25 05:06:14,692 [grpc-default-executor-0] INFO  impl.RaftServerProxy (RaftServerProxy.java:addNew(89)) - 692224c4-5202-4921-98cc-04d5c60c79cc: addNew group-C6BB86E2A863:[692224c4-5202-4921-98cc-04d5c60c79cc:192.168.30.10:38144] returns group-C6BB86E2A863:java.util.concurrent.CompletableFuture@7c4340a4[Not completed]
2019-09-25 05:06:14,694 [pool-67-thread-1] INFO  impl.RaftServerImpl (RaftServerImpl.java:<init>(95)) - 692224c4-5202-4921-98cc-04d5c60c79cc: new RaftServerImpl for group-C6BB86E2A863:[692224c4-5202-4921-98cc-04d5c60c79cc:192.168.30.10:38144] with ContainerStateMachine:uninitialized
2019-09-25 05:06:14,694 [pool-67-thread-1] INFO  server.RaftServerConfigKeys (ConfUtils.java:logGet(43)) - raft.server.rpc.timeout.min = 5s (custom)
2019-09-25 05:06:14,694 [pool-67-thread-1] INFO  server.RaftServerConfigKeys (ConfUtils.java:logGet(43)) - raft.server.rpc.timeout.max = 5200ms (custom)
2019-09-25 05:06:14,694 [pool-67-thread-1] INFO  server.RaftServerConfigKeys (ConfUtils.java:logGet(43)) - raft.server.rpcslowness.timeout = 120s (custom)
2019-09-25 05:06:14,695 [pool-67-thread-1] INFO  server.RaftServerConfigKeys (ConfUtils.java:logGet(43)) - raft.server.sleep.deviation.threshold = 300 (default)
2019-09-25 05:06:14,695 [pool-67-thread-1] INFO  server.RaftServerConfigKeys (ConfUtils.java:logGet(43)) - raft.server.log.appender.install.snapshot.enabled = false (custom)
2019-09-25 05:06:14,695 [pool-67-thread-1] INFO  impl.RaftServerImpl (ServerState.java:<init>(103)) - 692224c4-5202-4921-98cc-04d5c60c79cc@group-C6BB86E2A863: ConfigurationManager, init=-1: [692224c4-5202-4921-98cc-04d5c60c79cc:192.168.30.10:38144], old=null, confs=<EMPTY_MAP>
2019-09-25 05:06:14,695 [pool-67-thread-1] INFO  server.RaftServerConfigKeys (ConfUtils.java:logGet(43)) - raft.server.storage.dir = [/workdir/hadoop-ozone/integration-test/target/test-dir/MiniOzoneClusterImpl-23306158-e895-4fc7-80df-ce6c264c388b/datanode-4/data/ratis] (custom)
2019-09-25 05:06:14,696 [pool-67-thread-1] INFO  storage.RaftStorageDirectory (RaftStorageDirectory.java:analyzeStorage(246)) - The storage directory /workdir/hadoop-ozone/integration-test/target/test-dir/MiniOzoneClusterImpl-23306158-e895-4fc7-80df-ce6c264c388b/datanode-4/data/ratis/b7c5eeda-5f4e-4f84-b527-c6bb86e2a863 does not exist. Creating ...
2019-09-25 05:06:14,709 [pool-67-thread-1] INFO  storage.RaftStorageDirectory (RaftStorageDirectory.java:tryLock(328)) - Lock on /workdir/hadoop-ozone/integration-test/target/test-dir/MiniOzoneClusterImpl-23306158-e895-4fc7-80df-ce6c264c388b/datanode-4/data/ratis/b7c5eeda-5f4e-4f84-b527-c6bb86e2a863/in_use.lock acquired by nodename 25526@pr-hdds-1569-s62bp-3040748787
2019-09-25 05:06:14,714 [Thread-334] INFO  impl.FollowerState (FollowerState.java:run(106)) - c8798e02-7f0c-41f7-82c2-a17323bcf21e:group-ACC343760D01 changes to CANDIDATE, lastRpcTime:5004, electionTimeout:5004ms
2019-09-25 05:06:14,715 [Thread-334] INFO  impl.RoleInfo (RoleInfo.java:shutdownFollowerState(121)) - c8798e02-7f0c-41f7-82c2-a17323bcf21e: shutdown FollowerState
2019-09-25 05:06:14,715 [Thread-334] INFO  impl.RaftServerImpl (RaftServerImpl.java:setRole(174)) - c8798e02-7f0c-41f7-82c2-a17323bcf21e@group-ACC343760D01: changes role from  FOLLOWER to CANDIDATE at term 0 for changeToCandidate
2019-09-25 05:06:14,715 [Thread-334] INFO  impl.RoleInfo (RoleInfo.java:updateAndGet(143)) - c8798e02-7f0c-41f7-82c2-a17323bcf21e: start LeaderElection
2019-09-25 05:06:14,724 [pool-67-thread-1] INFO  storage.RaftStorage (RaftStorage.java:format(72)) - Storage directory /workdir/hadoop-ozone/integration-test/target/test-dir/MiniOzoneClusterImpl-23306158-e895-4fc7-80df-ce6c264c388b/datanode-4/data/ratis/b7c5eeda-5f4e-4f84-b527-c6bb86e2a863 has been successfully formatted.
2019-09-25 05:06:14,724 [c8798e02-7f0c-41f7-82c2-a17323bcf21e@group-ACC343760D01:LeaderElection28] INFO  impl.LeaderElection (LeaderElection.java:askForVotes(182)) - c8798e02-7f0c-41f7-82c2-a17323bcf21e@group-ACC343760D01:LeaderElection28: begin an election at term 1 for -1: [c8798e02-7f0c-41f7-82c2-a17323bcf21e:192.168.30.10:40603], old=null
2019-09-25 05:06:14,724 [pool-67-thread-1] INFO  ratis.ContainerStateMachine (ContainerStateMachine.java:loadSnapshot(230)) - group-C6BB86E2A863: The snapshot info is null. Setting the last applied indexto:(t:0, i:~)
2019-09-25 05:06:14,724 [c8798e02-7f0c-41f7-82c2-a17323bcf21e@group-ACC343760D01:LeaderElection28] INFO  impl.RoleInfo (RoleInfo.java:shutdownLeaderElection(134)) - c8798e02-7f0c-41f7-82c2-a17323bcf21e: shutdown LeaderElection
2019-09-25 05:06:14,725 [pool-67-thread-1] INFO  server.RaftServerConfigKeys (ConfUtils.java:logGet(43)) - raft.server.notification.no-leader.timeout = 120s (custom)
2019-09-25 05:06:14,725 [c8798e02-7f0c-41f7-82c2-a17323bcf21e@group-ACC343760D01:LeaderElection28] INFO  impl.RaftServerImpl (RaftServerImpl.java:setRole(174)) - c8798e02-7f0c-41f7-82c2-a17323bcf21e@group-ACC343760D01: changes role from CANDIDATE to LEADER at term 1 for changeToLeader
2019-09-25 05:06:14,725 [pool-67-thread-1] INFO  server.RaftServerConfigKeys (ConfUtils.java:logGet(43)) - raft.server.log.use.memory = false (default)
2019-09-25 05:06:14,725 [c8798e02-7f0c-41f7-82c2-a17323bcf21e@group-ACC343760D01:LeaderElection28] INFO  impl.RaftServerImpl (ServerState.java:setLeader(253)) - c8798e02-7f0c-41f7-82c2-a17323bcf21e@group-ACC343760D01: change Leader from null to c8798e02-7f0c-41f7-82c2-a17323bcf21e at term 1 for becomeLeader, leader elected after 5021ms
2019-09-25 05:06:14,725 [pool-67-thread-1] INFO  server.RaftServerConfigKeys (ConfUtils.java:logGet(43)) - raft.server.log.purge.gap = 1000000 (custom)
2019-09-25 05:06:14,725 [c8798e02-7f0c-41f7-82c2-a17323bcf21e@group-ACC343760D01:LeaderElection28] INFO  server.RaftServerConfigKeys (ConfUtils.java:logGet(43)) - raft.server.staging.catchup.gap = 1000 (default)
2019-09-25 05:06:14,725 [pool-67-thread-1] INFO  server.RaftServerConfigKeys (ConfUtils.java:logGet(43)) - raft.server.log.appender.buffer.byte-limit = 33554432 (custom)
2019-09-25 05:06:14,726 [c8798e02-7f0c-41f7-82c2-a17323bcf21e@group-ACC343760D01:LeaderElection28] INFO  server.RaftServerConfigKeys (ConfUtils.java:logGet(43)) - raft.server.rpc.sleep.time = 25ms (default)
2019-09-25 05:06:14,726 [pool-67-thread-1] INFO  server.RaftServerConfigKeys (ConfUtils.java:logGet(43)) - raft.server.log.segment.size.max = 1048576 (custom)
2019-09-25 05:06:14,726 [c8798e02-7f0c-41f7-82c2-a17323bcf21e@group-ACC343760D01:LeaderElection28] INFO  server.RaftServerConfigKeys (ConfUtils.java:logGet(43)) - raft.server.write.element-limit = 4096 (default)
2019-09-25 05:06:14,726 [pool-67-thread-1] INFO  server.RaftServerConfigKeys (ConfUtils.java:logGet(43)) - raft.server.log.segment.cache.num.max = 2 (custom)
2019-09-25 05:06:14,726 [c8798e02-7f0c-41f7-82c2-a17323bcf21e@group-ACC343760D01:LeaderElection28] INFO  server.RaftServerConfigKeys (ConfUtils.java:logGet(43)) - raft.server.watch.timeout = 10s (default)
2019-09-25 05:06:14,726 [pool-67-thread-1] INFO  segmented.SegmentedRaftLogWorker (SegmentedRaftLogWorker.java:<init>(172)) - new 692224c4-5202-4921-98cc-04d5c60c79cc@group-C6BB86E2A863-SegmentedRaftLogWorker for RaftStorage:Storage Directory /workdir/hadoop-ozone/integration-test/target/test-dir/MiniOzoneClusterImpl-23306158-e895-4fc7-80df-ce6c264c388b/datanode-4/data/ratis/b7c5eeda-5f4e-4f84-b527-c6bb86e2a863
2019-09-25 05:06:14,726 [c8798e02-7f0c-41f7-82c2-a17323bcf21e@group-ACC343760D01:LeaderElection28] INFO  server.RaftServerConfigKeys (ConfUtils.java:logGet(43)) - raft.server.watch.timeout.denomination = 1s (default)
2019-09-25 05:06:14,727 [pool-67-thread-1] INFO  server.RaftServerConfigKeys (ConfUtils.java:logGet(43)) - raft.server.log.queue.byte-limit = 2147483647 (custom)
2019-09-25 05:06:14,727 [c8798e02-7f0c-41f7-82c2-a17323bcf21e@group-ACC343760D01:LeaderElection28] INFO  server.RaftServerConfigKeys (ConfUtils.java:logGet(43)) - raft.server.watch.element-limit = 65536 (default)
2019-09-25 05:06:14,727 [pool-67-thread-1] INFO  server.RaftServerConfigKeys (ConfUtils.java:logGet(43)) - raft.server.log.queue.element-limit = 1024 (custom)
2019-09-25 05:06:14,727 [pool-67-thread-1] INFO  server.RaftServerConfigKeys (ConfUtils.java:logGet(43)) - raft.server.log.segment.size.max = 1048576 (custom)
2019-09-25 05:06:14,727 [pool-67-thread-1] INFO  server.RaftServerConfigKeys (ConfUtils.java:logGet(43)) - raft.server.log.preallocated.size = 16384 (custom)
2019-09-25 05:06:14,727 [pool-67-thread-1] INFO  server.RaftServerConfigKeys (ConfUtils.java:logGet(43)) - raft.server.log.write.buffer.size = 33554432 (custom)
2019-09-25 05:06:14,728 [pool-67-thread-1] INFO  server.RaftServerConfigKeys (ConfUtils.java:logGet(43)) - raft.server.log.force.sync.num = 128 (default)
2019-09-25 05:06:14,728 [pool-67-thread-1] INFO  server.RaftServerConfigKeys (ConfUtils.java:logGet(43)) - raft.server.log.statemachine.data.sync = true (default)
2019-09-25 05:06:14,728 [pool-67-thread-1] INFO  server.RaftServerConfigKeys (ConfUtils.java:logGet(43)) - raft.server.log.statemachine.data.sync.timeout = 10s (default)
2019-09-25 05:06:14,728 [pool-67-thread-1] INFO  server.RaftServerConfigKeys (ConfUtils.java:logGet(43)) - raft.server.log.statemachine.data.sync.timeout.retry = -1 (default)
2019-09-25 05:06:14,728 [pool-67-thread-1] INFO  server.RaftServerConfigKeys (ConfUtils.java:logGet(43)) - raft.server.log.statemachine.data.caching.enabled = true (custom)
2019-09-25 05:06:14,729 [pool-67-thread-1] INFO  segmented.SegmentedRaftLogWorker (SegmentedRaftLogWorker.java:lambda$new$0(132)) - 692224c4-5202-4921-98cc-04d5c60c79cc@group-C6BB86E2A863-SegmentedRaftLogWorker: flushIndex: setUnconditionally 0 -> -1
2019-09-25 05:06:14,729 [pool-67-thread-1] INFO  server.RaftServerConfigKeys (ConfUtils.java:logGet(43)) - raft.server.snapshot.auto.trigger.enabled = true (custom)
2019-09-25 05:06:14,729 [c8798e02-7f0c-41f7-82c2-a17323bcf21e@group-ACC343760D01:LeaderElection28] INFO  impl.RoleInfo (RoleInfo.java:updateAndGet(143)) - c8798e02-7f0c-41f7-82c2-a17323bcf21e: start LeaderState
2019-09-25 05:06:14,729 [pool-67-thread-1] INFO  server.RaftServerConfigKeys (ConfUtils.java:logGet(43)) - raft.server.snapshot.auto.trigger.threshold = 10000 (custom)
2019-09-25 05:06:14,730 [pool-67-thread-1] INFO  server.RaftServerConfigKeys (ConfUtils.java:logGet(43)) - raft.server.snapshot.retention.num.files = 5 (custom)
2019-09-25 05:06:14,730 [c8798e02-7f0c-41f7-82c2-a17323bcf21e@group-ACC343760D01:LeaderElection28] INFO  segmented.SegmentedRaftLogWorker (SegmentedRaftLogWorker.java:startLogSegment(380)) - c8798e02-7f0c-41f7-82c2-a17323bcf21e@group-ACC343760D01-SegmentedRaftLogWorker: Starting segment from index:0
2019-09-25 05:06:14,730 [pool-67-thread-1] INFO  server.RaftServerConfigKeys (ConfUtils.java:logGet(43)) - raft.server.retrycache.expirytime = 600000ms (custom)
2019-09-25 05:06:14,730 [c8798e02-7f0c-41f7-82c2-a17323bcf21e@group-ACC343760D01:LeaderElection28] INFO  impl.RaftServerImpl (ServerState.java:setRaftConf(354)) - c8798e02-7f0c-41f7-82c2-a17323bcf21e@group-ACC343760D01: set configuration 0: [c8798e02-7f0c-41f7-82c2-a17323bcf21e:192.168.30.10:40603], old=null at 0
2019-09-25 05:06:14,769 [Thread-328] INFO  impl.FollowerState (FollowerState.java:run(106)) - de37f7a0-0375-40a9-a318-404478482fcb:group-425C7683A454 changes to CANDIDATE, lastRpcTime:5159, electionTimeout:5132ms
2019-09-25 05:06:14,769 [Thread-325] INFO  impl.FollowerState (FollowerState.java:run(106)) - 56396258-65a3-478c-9482-0be0199dd49c:group-68B67EA8261C changes to CANDIDATE, lastRpcTime:5213, electionTimeout:5181ms
2019-09-25 05:06:14,770 [Thread-328] INFO  impl.RoleInfo (RoleInfo.java:shutdownFollowerState(121)) - de37f7a0-0375-40a9-a318-404478482fcb: shutdown FollowerState
2019-09-25 05:06:14,770 [Thread-325] INFO  impl.RoleInfo (RoleInfo.java:shutdownFollowerState(121)) - 56396258-65a3-478c-9482-0be0199dd49c: shutdown FollowerState
2019-09-25 05:06:14,770 [Thread-328] INFO  impl.RaftServerImpl (RaftServerImpl.java:setRole(174)) - de37f7a0-0375-40a9-a318-404478482fcb@group-425C7683A454: changes role from  FOLLOWER to CANDIDATE at term 0 for changeToCandidate
2019-09-25 05:06:14,770 [Thread-325] INFO  impl.RaftServerImpl (RaftServerImpl.java:setRole(174)) - 56396258-65a3-478c-9482-0be0199dd49c@group-68B67EA8261C: changes role from  FOLLOWER to CANDIDATE at term 0 for changeToCandidate
2019-09-25 05:06:14,770 [Thread-328] INFO  impl.RoleInfo (RoleInfo.java:updateAndGet(143)) - de37f7a0-0375-40a9-a318-404478482fcb: start LeaderElection
2019-09-25 05:06:14,770 [Thread-325] INFO  impl.RoleInfo (RoleInfo.java:updateAndGet(143)) - 56396258-65a3-478c-9482-0be0199dd49c: start LeaderElection
2019-09-25 05:06:14,775 [pool-67-thread-1] INFO  impl.RaftServerImpl (RaftServerImpl.java:start(185)) - 692224c4-5202-4921-98cc-04d5c60c79cc@group-C6BB86E2A863: start as a follower, conf=-1: [692224c4-5202-4921-98cc-04d5c60c79cc:192.168.30.10:38144], old=null
2019-09-25 05:06:14,775 [pool-67-thread-1] INFO  impl.RaftServerImpl (RaftServerImpl.java:setRole(174)) - 692224c4-5202-4921-98cc-04d5c60c79cc@group-C6BB86E2A863: changes role from      null to FOLLOWER at term 0 for startAsFollower
2019-09-25 05:06:14,775 [pool-67-thread-1] INFO  impl.RoleInfo (RoleInfo.java:updateAndGet(143)) - 692224c4-5202-4921-98cc-04d5c60c79cc: start FollowerState
2019-09-25 05:06:14,775 [pool-67-thread-1] INFO  util.JmxRegister (JmxRegister.java:tryRegister(44)) - Successfully registered JMX Bean with object name Ratis:service=RaftServer,group=group-C6BB86E2A863,id=692224c4-5202-4921-98cc-04d5c60c79cc
2019-09-25 05:06:14,778 [RatisPipelineUtilsThread] INFO  pipeline.PipelineStateManager (PipelineStateManager.java:addPipeline(56)) - Created pipeline Pipeline[ Id: b7c5eeda-5f4e-4f84-b527-c6bb86e2a863, Nodes: 692224c4-5202-4921-98cc-04d5c60c79cc{ip: 192.168.30.10, host: pr-hdds-1569-s62bp-3040748787, networkLocation: /default-rack, certSerialId: null}, Type:RATIS, Factor:ONE, State:OPEN]
2019-09-25 05:06:14,782 [c8798e02-7f0c-41f7-82c2-a17323bcf21e@group-ACC343760D01-SegmentedRaftLogWorker] INFO  segmented.SegmentedRaftLogWorker (SegmentedRaftLogWorker.java:execute(569)) - c8798e02-7f0c-41f7-82c2-a17323bcf21e@group-ACC343760D01-SegmentedRaftLogWorker: created new log segment /workdir/hadoop-ozone/integration-test/target/test-dir/MiniOzoneClusterImpl-23306158-e895-4fc7-80df-ce6c264c388b/datanode-2/data/ratis/becf101d-308d-4fd2-bef2-acc343760d01/current/log_inprogress_0
2019-09-25 05:06:14,782 [de37f7a0-0375-40a9-a318-404478482fcb@group-425C7683A454:LeaderElection29] INFO  impl.LeaderElection (LeaderElection.java:askForVotes(182)) - de37f7a0-0375-40a9-a318-404478482fcb@group-425C7683A454:LeaderElection29: begin an election at term 1 for -1: [de37f7a0-0375-40a9-a318-404478482fcb:192.168.30.10:44522], old=null
2019-09-25 05:06:14,782 [56396258-65a3-478c-9482-0be0199dd49c@group-68B67EA8261C:LeaderElection30] INFO  impl.LeaderElection (LeaderElection.java:askForVotes(182)) - 56396258-65a3-478c-9482-0be0199dd49c@group-68B67EA8261C:LeaderElection30: begin an election at term 1 for -1: [56396258-65a3-478c-9482-0be0199dd49c:192.168.30.10:41678], old=null
2019-09-25 05:06:14,782 [de37f7a0-0375-40a9-a318-404478482fcb@group-425C7683A454:LeaderElection29] INFO  impl.RoleInfo (RoleInfo.java:shutdownLeaderElection(134)) - de37f7a0-0375-40a9-a318-404478482fcb: shutdown LeaderElection
2019-09-25 05:06:14,782 [56396258-65a3-478c-9482-0be0199dd49c@group-68B67EA8261C:LeaderElection30] INFO  impl.RoleInfo (RoleInfo.java:shutdownLeaderElection(134)) - 56396258-65a3-478c-9482-0be0199dd49c: shutdown LeaderElection
2019-09-25 05:06:14,782 [de37f7a0-0375-40a9-a318-404478482fcb@group-425C7683A454:LeaderElection29] INFO  impl.RaftServerImpl (RaftServerImpl.java:setRole(174)) - de37f7a0-0375-40a9-a318-404478482fcb@group-425C7683A454: changes role from CANDIDATE to LEADER at term 1 for changeToLeader
2019-09-25 05:06:14,783 [56396258-65a3-478c-9482-0be0199dd49c@group-68B67EA8261C:LeaderElection30] INFO  impl.RaftServerImpl (RaftServerImpl.java:setRole(174)) - 56396258-65a3-478c-9482-0be0199dd49c@group-68B67EA8261C: changes role from CANDIDATE to LEADER at term 1 for changeToLeader
2019-09-25 05:06:14,783 [de37f7a0-0375-40a9-a318-404478482fcb@group-425C7683A454:LeaderElection29] INFO  impl.RaftServerImpl (ServerState.java:setLeader(253)) - de37f7a0-0375-40a9-a318-404478482fcb@group-425C7683A454: change Leader from null to de37f7a0-0375-40a9-a318-404478482fcb at term 1 for becomeLeader, leader elected after 5180ms
2019-09-25 05:06:14,783 [56396258-65a3-478c-9482-0be0199dd49c@group-68B67EA8261C:LeaderElection30] INFO  impl.RaftServerImpl (ServerState.java:setLeader(253)) - 56396258-65a3-478c-9482-0be0199dd49c@group-68B67EA8261C: change Leader from null to 56396258-65a3-478c-9482-0be0199dd49c at term 1 for becomeLeader, leader elected after 5236ms
2019-09-25 05:06:14,783 [de37f7a0-0375-40a9-a318-404478482fcb@group-425C7683A454:LeaderElection29] INFO  server.RaftServerConfigKeys (ConfUtils.java:logGet(43)) - raft.server.staging.catchup.gap = 1000 (default)
2019-09-25 05:06:14,783 [56396258-65a3-478c-9482-0be0199dd49c@group-68B67EA8261C:LeaderElection30] INFO  server.RaftServerConfigKeys (ConfUtils.java:logGet(43)) - raft.server.staging.catchup.gap = 1000 (default)
2019-09-25 05:06:14,783 [de37f7a0-0375-40a9-a318-404478482fcb@group-425C7683A454:LeaderElection29] INFO  server.RaftServerConfigKeys (ConfUtils.java:logGet(43)) - raft.server.rpc.sleep.time = 25ms (default)
2019-09-25 05:06:14,783 [56396258-65a3-478c-9482-0be0199dd49c@group-68B67EA8261C:LeaderElection30] INFO  server.RaftServerConfigKeys (ConfUtils.java:logGet(43)) - raft.server.rpc.sleep.time = 25ms (default)
2019-09-25 05:06:14,783 [grpc-default-executor-0] INFO  impl.RaftServerProxy (RaftServerProxy.java:addNew(89)) - 692224c4-5202-4921-98cc-04d5c60c79cc: addNew group-9D2E271A9E0B:[692224c4-5202-4921-98cc-04d5c60c79cc:192.168.30.10:38144] returns group-9D2E271A9E0B:java.util.concurrent.CompletableFuture@37fd710d[Not completed]
2019-09-25 05:06:14,784 [56396258-65a3-478c-9482-0be0199dd49c@group-68B67EA8261C:LeaderElection30] INFO  server.RaftServerConfigKeys (ConfUtils.java:logGet(43)) - raft.server.write.element-limit = 4096 (default)
2019-09-25 05:06:14,784 [de37f7a0-0375-40a9-a318-404478482fcb@group-425C7683A454:LeaderElection29] INFO  server.RaftServerConfigKeys (ConfUtils.java:logGet(43)) - raft.server.write.element-limit = 4096 (default)
2019-09-25 05:06:14,784 [56396258-65a3-478c-9482-0be0199dd49c@group-68B67EA8261C:LeaderElection30] INFO  server.RaftServerConfigKeys (ConfUtils.java:logGet(43)) - raft.server.watch.timeout = 10s (default)
2019-09-25 05:06:14,784 [de37f7a0-0375-40a9-a318-404478482fcb@group-425C7683A454:LeaderElection29] INFO  server.RaftServerConfigKeys (ConfUtils.java:logGet(43)) - raft.server.watch.timeout = 10s (default)
2019-09-25 05:06:14,785 [56396258-65a3-478c-9482-0be0199dd49c@group-68B67EA8261C:LeaderElection30] INFO  server.RaftServerConfigKeys (ConfUtils.java:logGet(43)) - raft.server.watch.timeout.denomination = 1s (default)
2019-09-25 05:06:14,785 [de37f7a0-0375-40a9-a318-404478482fcb@group-425C7683A454:LeaderElection29] INFO  server.RaftServerConfigKeys (ConfUtils.java:logGet(43)) - raft.server.watch.timeout.denomination = 1s (default)
2019-09-25 05:06:14,785 [pool-67-thread-1] INFO  impl.RaftServerImpl (RaftServerImpl.java:<init>(95)) - 692224c4-5202-4921-98cc-04d5c60c79cc: new RaftServerImpl for group-9D2E271A9E0B:[692224c4-5202-4921-98cc-04d5c60c79cc:192.168.30.10:38144] with ContainerStateMachine:uninitialized
2019-09-25 05:06:14,785 [de37f7a0-0375-40a9-a318-404478482fcb@group-425C7683A454:LeaderElection29] INFO  server.RaftServerConfigKeys (ConfUtils.java:logGet(43)) - raft.server.watch.element-limit = 65536 (default)
2019-09-25 05:06:14,785 [56396258-65a3-478c-9482-0be0199dd49c@group-68B67EA8261C:LeaderElection30] INFO  server.RaftServerConfigKeys (ConfUtils.java:logGet(43)) - raft.server.watch.element-limit = 65536 (default)
2019-09-25 05:06:14,785 [pool-67-thread-1] INFO  server.RaftServerConfigKeys (ConfUtils.java:logGet(43)) - raft.server.rpc.timeout.min = 5s (custom)
2019-09-25 05:06:14,786 [pool-67-thread-1] INFO  server.RaftServerConfigKeys (ConfUtils.java:logGet(43)) - raft.server.rpc.timeout.max = 5200ms (custom)
2019-09-25 05:06:14,786 [pool-67-thread-1] INFO  server.RaftServerConfigKeys (ConfUtils.java:logGet(43)) - raft.server.rpcslowness.timeout = 120s (custom)
2019-09-25 05:06:14,786 [pool-67-thread-1] INFO  server.RaftServerConfigKeys (ConfUtils.java:logGet(43)) - raft.server.sleep.deviation.threshold = 300 (default)
2019-09-25 05:06:14,786 [pool-67-thread-1] INFO  server.RaftServerConfigKeys (ConfUtils.java:logGet(43)) - raft.server.log.appender.install.snapshot.enabled = false (custom)
2019-09-25 05:06:14,786 [pool-67-thread-1] INFO  impl.RaftServerImpl (ServerState.java:<init>(103)) - 692224c4-5202-4921-98cc-04d5c60c79cc@group-9D2E271A9E0B: ConfigurationManager, init=-1: [692224c4-5202-4921-98cc-04d5c60c79cc:192.168.30.10:38144], old=null, confs=<EMPTY_MAP>
2019-09-25 05:06:14,786 [pool-67-thread-1] INFO  server.RaftServerConfigKeys (ConfUtils.java:logGet(43)) - raft.server.storage.dir = [/workdir/hadoop-ozone/integration-test/target/test-dir/MiniOzoneClusterImpl-23306158-e895-4fc7-80df-ce6c264c388b/datanode-4/data/ratis] (custom)
2019-09-25 05:06:14,787 [pool-67-thread-1] INFO  storage.RaftStorageDirectory (RaftStorageDirectory.java:analyzeStorage(246)) - The storage directory /workdir/hadoop-ozone/integration-test/target/test-dir/MiniOzoneClusterImpl-23306158-e895-4fc7-80df-ce6c264c388b/datanode-4/data/ratis/8be1fd80-fa77-44ef-91d3-9d2e271a9e0b does not exist. Creating ...
2019-09-25 05:06:14,788 [de37f7a0-0375-40a9-a318-404478482fcb@group-425C7683A454:LeaderElection29] INFO  impl.RoleInfo (RoleInfo.java:updateAndGet(143)) - de37f7a0-0375-40a9-a318-404478482fcb: start LeaderState
2019-09-25 05:06:14,789 [de37f7a0-0375-40a9-a318-404478482fcb@group-425C7683A454:LeaderElection29] INFO  segmented.SegmentedRaftLogWorker (SegmentedRaftLogWorker.java:startLogSegment(380)) - de37f7a0-0375-40a9-a318-404478482fcb@group-425C7683A454-SegmentedRaftLogWorker: Starting segment from index:0
2019-09-25 05:06:14,789 [56396258-65a3-478c-9482-0be0199dd49c@group-68B67EA8261C:LeaderElection30] INFO  impl.RoleInfo (RoleInfo.java:updateAndGet(143)) - 56396258-65a3-478c-9482-0be0199dd49c: start LeaderState
2019-09-25 05:06:14,789 [de37f7a0-0375-40a9-a318-404478482fcb@group-425C7683A454:LeaderElection29] INFO  impl.RaftServerImpl (ServerState.java:setRaftConf(354)) - de37f7a0-0375-40a9-a318-404478482fcb@group-425C7683A454: set configuration 0: [de37f7a0-0375-40a9-a318-404478482fcb:192.168.30.10:44522], old=null at 0
2019-09-25 05:06:14,789 [56396258-65a3-478c-9482-0be0199dd49c@group-68B67EA8261C:LeaderElection30] INFO  segmented.SegmentedRaftLogWorker (SegmentedRaftLogWorker.java:startLogSegment(380)) - 56396258-65a3-478c-9482-0be0199dd49c@group-68B67EA8261C-SegmentedRaftLogWorker: Starting segment from index:0
2019-09-25 05:06:14,820 [pool-67-thread-1] INFO  storage.RaftStorageDirectory (RaftStorageDirectory.java:tryLock(328)) - Lock on /workdir/hadoop-ozone/integration-test/target/test-dir/MiniOzoneClusterImpl-23306158-e895-4fc7-80df-ce6c264c388b/datanode-4/data/ratis/8be1fd80-fa77-44ef-91d3-9d2e271a9e0b/in_use.lock acquired by nodename 25526@pr-hdds-1569-s62bp-3040748787
2019-09-25 05:06:14,820 [56396258-65a3-478c-9482-0be0199dd49c@group-68B67EA8261C:LeaderElection30] INFO  impl.RaftServerImpl (ServerState.java:setRaftConf(354)) - 56396258-65a3-478c-9482-0be0199dd49c@group-68B67EA8261C: set configuration 0: [56396258-65a3-478c-9482-0be0199dd49c:192.168.30.10:41678], old=null at 0
2019-09-25 05:06:14,861 [de37f7a0-0375-40a9-a318-404478482fcb@group-425C7683A454-SegmentedRaftLogWorker] INFO  segmented.SegmentedRaftLogWorker (SegmentedRaftLogWorker.java:execute(569)) - de37f7a0-0375-40a9-a318-404478482fcb@group-425C7683A454-SegmentedRaftLogWorker: created new log segment /workdir/hadoop-ozone/integration-test/target/test-dir/MiniOzoneClusterImpl-23306158-e895-4fc7-80df-ce6c264c388b/datanode-3/data/ratis/7186ecf4-4719-4dbc-bd22-425c7683a454/current/log_inprogress_0
2019-09-25 05:06:14,861 [Thread-331] INFO  impl.FollowerState (FollowerState.java:run(106)) - de37f7a0-0375-40a9-a318-404478482fcb:group-AEE9C1DD2D17 changes to CANDIDATE, lastRpcTime:5201, electionTimeout:5174ms
2019-09-25 05:06:14,861 [Thread-337] INFO  impl.FollowerState (FollowerState.java:run(106)) - de37f7a0-0375-40a9-a318-404478482fcb:group-390278B89204 changes to CANDIDATE, lastRpcTime:5097, electionTimeout:5072ms
2019-09-25 05:06:14,861 [Thread-331] INFO  impl.RoleInfo (RoleInfo.java:shutdownFollowerState(121)) - de37f7a0-0375-40a9-a318-404478482fcb: shutdown FollowerState
2019-09-25 05:06:14,861 [Thread-337] INFO  impl.RoleInfo (RoleInfo.java:shutdownFollowerState(121)) - de37f7a0-0375-40a9-a318-404478482fcb: shutdown FollowerState
2019-09-25 05:06:14,861 [Thread-331] INFO  impl.RaftServerImpl (RaftServerImpl.java:setRole(174)) - de37f7a0-0375-40a9-a318-404478482fcb@group-AEE9C1DD2D17: changes role from  FOLLOWER to CANDIDATE at term 0 for changeToCandidate
2019-09-25 05:06:14,862 [Thread-337] INFO  impl.RaftServerImpl (RaftServerImpl.java:setRole(174)) - de37f7a0-0375-40a9-a318-404478482fcb@group-390278B89204: changes role from  FOLLOWER to CANDIDATE at term 0 for changeToCandidate
2019-09-25 05:06:14,862 [Thread-331] INFO  impl.RoleInfo (RoleInfo.java:updateAndGet(143)) - de37f7a0-0375-40a9-a318-404478482fcb: start LeaderElection
2019-09-25 05:06:14,862 [Thread-337] INFO  impl.RoleInfo (RoleInfo.java:updateAndGet(143)) - de37f7a0-0375-40a9-a318-404478482fcb: start LeaderElection
2019-09-25 05:06:14,874 [56396258-65a3-478c-9482-0be0199dd49c@group-68B67EA8261C-SegmentedRaftLogWorker] INFO  segmented.SegmentedRaftLogWorker (SegmentedRaftLogWorker.java:execute(569)) - 56396258-65a3-478c-9482-0be0199dd49c@group-68B67EA8261C-SegmentedRaftLogWorker: created new log segment /workdir/hadoop-ozone/integration-test/target/test-dir/MiniOzoneClusterImpl-23306158-e895-4fc7-80df-ce6c264c388b/datanode-6/data/ratis/072f9408-42ca-4a03-97c8-68b67ea8261c/current/log_inprogress_0
2019-09-25 05:06:14,874 [pool-67-thread-1] INFO  storage.RaftStorage (RaftStorage.java:format(72)) - Storage directory /workdir/hadoop-ozone/integration-test/target/test-dir/MiniOzoneClusterImpl-23306158-e895-4fc7-80df-ce6c264c388b/datanode-4/data/ratis/8be1fd80-fa77-44ef-91d3-9d2e271a9e0b has been successfully formatted.
2019-09-25 05:06:14,874 [pool-67-thread-1] INFO  ratis.ContainerStateMachine (ContainerStateMachine.java:loadSnapshot(230)) - group-9D2E271A9E0B: The snapshot info is null. Setting the last applied indexto:(t:0, i:~)
2019-09-25 05:06:14,875 [pool-67-thread-1] INFO  server.RaftServerConfigKeys (ConfUtils.java:logGet(43)) - raft.server.notification.no-leader.timeout = 120s (custom)
2019-09-25 05:06:14,875 [pool-67-thread-1] INFO  server.RaftServerConfigKeys (ConfUtils.java:logGet(43)) - raft.server.log.use.memory = false (default)
2019-09-25 05:06:14,875 [pool-67-thread-1] INFO  server.RaftServerConfigKeys (ConfUtils.java:logGet(43)) - raft.server.log.purge.gap = 1000000 (custom)
2019-09-25 05:06:14,875 [pool-67-thread-1] INFO  server.RaftServerConfigKeys (ConfUtils.java:logGet(43)) - raft.server.log.appender.buffer.byte-limit = 33554432 (custom)
2019-09-25 05:06:14,875 [pool-67-thread-1] INFO  server.RaftServerConfigKeys (ConfUtils.java:logGet(43)) - raft.server.log.segment.size.max = 1048576 (custom)
2019-09-25 05:06:14,875 [pool-67-thread-1] INFO  server.RaftServerConfigKeys (ConfUtils.java:logGet(43)) - raft.server.log.segment.cache.num.max = 2 (custom)
2019-09-25 05:06:14,876 [pool-67-thread-1] INFO  segmented.SegmentedRaftLogWorker (SegmentedRaftLogWorker.java:<init>(172)) - new 692224c4-5202-4921-98cc-04d5c60c79cc@group-9D2E271A9E0B-SegmentedRaftLogWorker for RaftStorage:Storage Directory /workdir/hadoop-ozone/integration-test/target/test-dir/MiniOzoneClusterImpl-23306158-e895-4fc7-80df-ce6c264c388b/datanode-4/data/ratis/8be1fd80-fa77-44ef-91d3-9d2e271a9e0b
2019-09-25 05:06:14,876 [pool-67-thread-1] INFO  server.RaftServerConfigKeys (ConfUtils.java:logGet(43)) - raft.server.log.queue.byte-limit = 2147483647 (custom)
2019-09-25 05:06:14,876 [pool-67-thread-1] INFO  server.RaftServerConfigKeys (ConfUtils.java:logGet(43)) - raft.server.log.queue.element-limit = 1024 (custom)
2019-09-25 05:06:14,876 [pool-67-thread-1] INFO  server.RaftServerConfigKeys (ConfUtils.java:logGet(43)) - raft.server.log.segment.size.max = 1048576 (custom)
2019-09-25 05:06:14,876 [pool-67-thread-1] INFO  server.RaftServerConfigKeys (ConfUtils.java:logGet(43)) - raft.server.log.preallocated.size = 16384 (custom)
2019-09-25 05:06:14,876 [pool-67-thread-1] INFO  server.RaftServerConfigKeys (ConfUtils.java:logGet(43)) - raft.server.log.write.buffer.size = 33554432 (custom)
2019-09-25 05:06:14,877 [pool-67-thread-1] INFO  server.RaftServerConfigKeys (ConfUtils.java:logGet(43)) - raft.server.log.force.sync.num = 128 (default)
2019-09-25 05:06:14,877 [pool-67-thread-1] INFO  server.RaftServerConfigKeys (ConfUtils.java:logGet(43)) - raft.server.log.statemachine.data.sync = true (default)
2019-09-25 05:06:14,877 [de37f7a0-0375-40a9-a318-404478482fcb@group-AEE9C1DD2D17:LeaderElection31] INFO  impl.LeaderElection (LeaderElection.java:askForVotes(182)) - de37f7a0-0375-40a9-a318-404478482fcb@group-AEE9C1DD2D17:LeaderElection31: begin an election at term 1 for -1: [de37f7a0-0375-40a9-a318-404478482fcb:192.168.30.10:44522], old=null
2019-09-25 05:06:14,877 [de37f7a0-0375-40a9-a318-404478482fcb@group-390278B89204:LeaderElection32] INFO  impl.LeaderElection (LeaderElection.java:askForVotes(182)) - de37f7a0-0375-40a9-a318-404478482fcb@group-390278B89204:LeaderElection32: begin an election at term 1 for -1: [de37f7a0-0375-40a9-a318-404478482fcb:192.168.30.10:44522], old=null
2019-09-25 05:06:14,877 [de37f7a0-0375-40a9-a318-404478482fcb@group-AEE9C1DD2D17:LeaderElection31] INFO  impl.RoleInfo (RoleInfo.java:shutdownLeaderElection(134)) - de37f7a0-0375-40a9-a318-404478482fcb: shutdown LeaderElection
2019-09-25 05:06:14,877 [pool-67-thread-1] INFO  server.RaftServerConfigKeys (ConfUtils.java:logGet(43)) - raft.server.log.statemachine.data.sync.timeout = 10s (default)
2019-09-25 05:06:14,877 [de37f7a0-0375-40a9-a318-404478482fcb@group-AEE9C1DD2D17:LeaderElection31] INFO  impl.RaftServerImpl (RaftServerImpl.java:setRole(174)) - de37f7a0-0375-40a9-a318-404478482fcb@group-AEE9C1DD2D17: changes role from CANDIDATE to LEADER at term 1 for changeToLeader
2019-09-25 05:06:14,877 [de37f7a0-0375-40a9-a318-404478482fcb@group-390278B89204:LeaderElection32] INFO  impl.RoleInfo (RoleInfo.java:shutdownLeaderElection(134)) - de37f7a0-0375-40a9-a318-404478482fcb: shutdown LeaderElection
2019-09-25 05:06:14,878 [de37f7a0-0375-40a9-a318-404478482fcb@group-AEE9C1DD2D17:LeaderElection31] INFO  impl.RaftServerImpl (ServerState.java:setLeader(253)) - de37f7a0-0375-40a9-a318-404478482fcb@group-AEE9C1DD2D17: change Leader from null to de37f7a0-0375-40a9-a318-404478482fcb at term 1 for becomeLeader, leader elected after 5223ms
2019-09-25 05:06:14,878 [pool-67-thread-1] INFO  server.RaftServerConfigKeys (ConfUtils.java:logGet(43)) - raft.server.log.statemachine.data.sync.timeout.retry = -1 (default)
2019-09-25 05:06:14,878 [de37f7a0-0375-40a9-a318-404478482fcb@group-AEE9C1DD2D17:LeaderElection31] INFO  server.RaftServerConfigKeys (ConfUtils.java:logGet(43)) - raft.server.staging.catchup.gap = 1000 (default)
2019-09-25 05:06:14,878 [de37f7a0-0375-40a9-a318-404478482fcb@group-390278B89204:LeaderElection32] INFO  impl.RaftServerImpl (RaftServerImpl.java:setRole(174)) - de37f7a0-0375-40a9-a318-404478482fcb@group-390278B89204: changes role from CANDIDATE to LEADER at term 1 for changeToLeader
2019-09-25 05:06:14,878 [de37f7a0-0375-40a9-a318-404478482fcb@group-AEE9C1DD2D17:LeaderElection31] INFO  server.RaftServerConfigKeys (ConfUtils.java:logGet(43)) - raft.server.rpc.sleep.time = 25ms (default)
2019-09-25 05:06:14,878 [pool-67-thread-1] INFO  server.RaftServerConfigKeys (ConfUtils.java:logGet(43)) - raft.server.log.statemachine.data.caching.enabled = true (custom)
2019-09-25 05:06:14,878 [de37f7a0-0375-40a9-a318-404478482fcb@group-390278B89204:LeaderElection32] INFO  impl.RaftServerImpl (ServerState.java:setLeader(253)) - de37f7a0-0375-40a9-a318-404478482fcb@group-390278B89204: change Leader from null to de37f7a0-0375-40a9-a318-404478482fcb at term 1 for becomeLeader, leader elected after 5120ms
2019-09-25 05:06:14,879 [de37f7a0-0375-40a9-a318-404478482fcb@group-AEE9C1DD2D17:LeaderElection31] INFO  server.RaftServerConfigKeys (ConfUtils.java:logGet(43)) - raft.server.write.element-limit = 4096 (default)
2019-09-25 05:06:14,879 [pool-67-thread-1] INFO  segmented.SegmentedRaftLogWorker (SegmentedRaftLogWorker.java:lambda$new$0(132)) - 692224c4-5202-4921-98cc-04d5c60c79cc@group-9D2E271A9E0B-SegmentedRaftLogWorker: flushIndex: setUnconditionally 0 -> -1
2019-09-25 05:06:14,879 [de37f7a0-0375-40a9-a318-404478482fcb@group-390278B89204:LeaderElection32] INFO  server.RaftServerConfigKeys (ConfUtils.java:logGet(43)) - raft.server.staging.catchup.gap = 1000 (default)
2019-09-25 05:06:14,879 [de37f7a0-0375-40a9-a318-404478482fcb@group-390278B89204:LeaderElection32] INFO  server.RaftServerConfigKeys (ConfUtils.java:logGet(43)) - raft.server.rpc.sleep.time = 25ms (default)
2019-09-25 05:06:14,879 [de37f7a0-0375-40a9-a318-404478482fcb@group-AEE9C1DD2D17:LeaderElection31] INFO  server.RaftServerConfigKeys (ConfUtils.java:logGet(43)) - raft.server.watch.timeout = 10s (default)
2019-09-25 05:06:14,880 [de37f7a0-0375-40a9-a318-404478482fcb@group-390278B89204:LeaderElection32] INFO  server.RaftServerConfigKeys (ConfUtils.java:logGet(43)) - raft.server.write.element-limit = 4096 (default)
2019-09-25 05:06:14,879 [pool-67-thread-1] INFO  server.RaftServerConfigKeys (ConfUtils.java:logGet(43)) - raft.server.snapshot.auto.trigger.enabled = true (custom)
2019-09-25 05:06:14,880 [de37f7a0-0375-40a9-a318-404478482fcb@group-390278B89204:LeaderElection32] INFO  server.RaftServerConfigKeys (ConfUtils.java:logGet(43)) - raft.server.watch.timeout = 10s (default)
2019-09-25 05:06:14,880 [de37f7a0-0375-40a9-a318-404478482fcb@group-390278B89204:LeaderElection32] INFO  server.RaftServerConfigKeys (ConfUtils.java:logGet(43)) - raft.server.watch.timeout.denomination = 1s (default)
2019-09-25 05:06:14,880 [de37f7a0-0375-40a9-a318-404478482fcb@group-AEE9C1DD2D17:LeaderElection31] INFO  server.RaftServerConfigKeys (ConfUtils.java:logGet(43)) - raft.server.watch.timeout.denomination = 1s (default)
2019-09-25 05:06:14,880 [de37f7a0-0375-40a9-a318-404478482fcb@group-390278B89204:LeaderElection32] INFO  server.RaftServerConfigKeys (ConfUtils.java:logGet(43)) - raft.server.watch.element-limit = 65536 (default)
2019-09-25 05:06:14,880 [pool-67-thread-1] INFO  server.RaftServerConfigKeys (ConfUtils.java:logGet(43)) - raft.server.snapshot.auto.trigger.threshold = 10000 (custom)
2019-09-25 05:06:14,881 [de37f7a0-0375-40a9-a318-404478482fcb@group-AEE9C1DD2D17:LeaderElection31] INFO  server.RaftServerConfigKeys (ConfUtils.java:logGet(43)) - raft.server.watch.element-limit = 65536 (default)
2019-09-25 05:06:14,881 [pool-67-thread-1] INFO  server.RaftServerConfigKeys (ConfUtils.java:logGet(43)) - raft.server.snapshot.retention.num.files = 5 (custom)
2019-09-25 05:06:14,881 [pool-67-thread-1] INFO  server.RaftServerConfigKeys (ConfUtils.java:logGet(43)) - raft.server.retrycache.expirytime = 600000ms (custom)
2019-09-25 05:06:14,885 [de37f7a0-0375-40a9-a318-404478482fcb@group-390278B89204:LeaderElection32] INFO  impl.RoleInfo (RoleInfo.java:updateAndGet(143)) - de37f7a0-0375-40a9-a318-404478482fcb: start LeaderState
2019-09-25 05:06:14,885 [de37f7a0-0375-40a9-a318-404478482fcb@group-390278B89204:LeaderElection32] INFO  segmented.SegmentedRaftLogWorker (SegmentedRaftLogWorker.java:startLogSegment(380)) - de37f7a0-0375-40a9-a318-404478482fcb@group-390278B89204-SegmentedRaftLogWorker: Starting segment from index:0
2019-09-25 05:06:14,885 [de37f7a0-0375-40a9-a318-404478482fcb@group-390278B89204:LeaderElection32] INFO  impl.RaftServerImpl (ServerState.java:setRaftConf(354)) - de37f7a0-0375-40a9-a318-404478482fcb@group-390278B89204: set configuration 0: [de37f7a0-0375-40a9-a318-404478482fcb:192.168.30.10:44522], old=null at 0
2019-09-25 05:06:14,923 [Thread-343] INFO  impl.FollowerState (FollowerState.java:run(106)) - c8798e02-7f0c-41f7-82c2-a17323bcf21e:group-6937FD35780D changes to CANDIDATE, lastRpcTime:5039, electionTimeout:5009ms
2019-09-25 05:06:14,923 [Thread-343] INFO  impl.RoleInfo (RoleInfo.java:shutdownFollowerState(121)) - c8798e02-7f0c-41f7-82c2-a17323bcf21e: shutdown FollowerState
2019-09-25 05:06:14,923 [Thread-343] INFO  impl.RaftServerImpl (RaftServerImpl.java:setRole(174)) - c8798e02-7f0c-41f7-82c2-a17323bcf21e@group-6937FD35780D: changes role from  FOLLOWER to CANDIDATE at term 0 for changeToCandidate
2019-09-25 05:06:14,923 [pool-67-thread-1] INFO  impl.RaftServerImpl (RaftServerImpl.java:start(185)) - 692224c4-5202-4921-98cc-04d5c60c79cc@group-9D2E271A9E0B: start as a follower, conf=-1: [692224c4-5202-4921-98cc-04d5c60c79cc:192.168.30.10:38144], old=null
2019-09-25 05:06:14,924 [Thread-343] INFO  impl.RoleInfo (RoleInfo.java:updateAndGet(143)) - c8798e02-7f0c-41f7-82c2-a17323bcf21e: start LeaderElection
2019-09-25 05:06:14,923 [de37f7a0-0375-40a9-a318-404478482fcb@group-AEE9C1DD2D17:LeaderElection31] INFO  impl.RoleInfo (RoleInfo.java:updateAndGet(143)) - de37f7a0-0375-40a9-a318-404478482fcb: start LeaderState
2019-09-25 05:06:14,924 [pool-67-thread-1] INFO  impl.RaftServerImpl (RaftServerImpl.java:setRole(174)) - 692224c4-5202-4921-98cc-04d5c60c79cc@group-9D2E271A9E0B: changes role from      null to FOLLOWER at term 0 for startAsFollower
2019-09-25 05:06:14,927 [de37f7a0-0375-40a9-a318-404478482fcb@group-AEE9C1DD2D17:LeaderElection31] INFO  segmented.SegmentedRaftLogWorker (SegmentedRaftLogWorker.java:startLogSegment(380)) - de37f7a0-0375-40a9-a318-404478482fcb@group-AEE9C1DD2D17-SegmentedRaftLogWorker: Starting segment from index:0
2019-09-25 05:06:14,927 [pool-67-thread-1] INFO  impl.RoleInfo (RoleInfo.java:updateAndGet(143)) - 692224c4-5202-4921-98cc-04d5c60c79cc: start FollowerState
2019-09-25 05:06:14,928 [de37f7a0-0375-40a9-a318-404478482fcb@group-AEE9C1DD2D17:LeaderElection31] INFO  impl.RaftServerImpl (ServerState.java:setRaftConf(354)) - de37f7a0-0375-40a9-a318-404478482fcb@group-AEE9C1DD2D17: set configuration 0: [de37f7a0-0375-40a9-a318-404478482fcb:192.168.30.10:44522], old=null at 0
2019-09-25 05:06:14,928 [pool-67-thread-1] INFO  util.JmxRegister (JmxRegister.java:tryRegister(44)) - Successfully registered JMX Bean with object name Ratis:service=RaftServer,group=group-9D2E271A9E0B,id=692224c4-5202-4921-98cc-04d5c60c79cc
2019-09-25 05:06:14,969 [c8798e02-7f0c-41f7-82c2-a17323bcf21e@group-6937FD35780D:LeaderElection33] INFO  impl.LeaderElection (LeaderElection.java:askForVotes(182)) - c8798e02-7f0c-41f7-82c2-a17323bcf21e@group-6937FD35780D:LeaderElection33: begin an election at term 1 for -1: [c8798e02-7f0c-41f7-82c2-a17323bcf21e:192.168.30.10:40603], old=null
2019-09-25 05:06:14,969 [de37f7a0-0375-40a9-a318-404478482fcb@group-390278B89204-SegmentedRaftLogWorker] INFO  segmented.SegmentedRaftLogWorker (SegmentedRaftLogWorker.java:execute(569)) - de37f7a0-0375-40a9-a318-404478482fcb@group-390278B89204-SegmentedRaftLogWorker: created new log segment /workdir/hadoop-ozone/integration-test/target/test-dir/MiniOzoneClusterImpl-23306158-e895-4fc7-80df-ce6c264c388b/datanode-3/data/ratis/522fdb7a-77f8-44b6-8237-390278b89204/current/log_inprogress_0
2019-09-25 05:06:14,969 [Thread-346] INFO  impl.FollowerState (FollowerState.java:run(106)) - c8798e02-7f0c-41f7-82c2-a17323bcf21e:group-0E265053BB0C changes to CANDIDATE, lastRpcTime:5028, electionTimeout:5001ms
2019-09-25 05:06:14,969 [c8798e02-7f0c-41f7-82c2-a17323bcf21e@group-6937FD35780D:LeaderElection33] INFO  impl.RoleInfo (RoleInfo.java:shutdownLeaderElection(134)) - c8798e02-7f0c-41f7-82c2-a17323bcf21e: shutdown LeaderElection
2019-09-25 05:06:14,970 [Thread-346] INFO  impl.RoleInfo (RoleInfo.java:shutdownFollowerState(121)) - c8798e02-7f0c-41f7-82c2-a17323bcf21e: shutdown FollowerState
2019-09-25 05:06:14,970 [c8798e02-7f0c-41f7-82c2-a17323bcf21e@group-6937FD35780D:LeaderElection33] INFO  impl.RaftServerImpl (RaftServerImpl.java:setRole(174)) - c8798e02-7f0c-41f7-82c2-a17323bcf21e@group-6937FD35780D: changes role from CANDIDATE to LEADER at term 1 for changeToLeader
2019-09-25 05:06:14,970 [Thread-346] INFO  impl.RaftServerImpl (RaftServerImpl.java:setRole(174)) - c8798e02-7f0c-41f7-82c2-a17323bcf21e@group-0E265053BB0C: changes role from  FOLLOWER to CANDIDATE at term 0 for changeToCandidate
2019-09-25 05:06:14,970 [c8798e02-7f0c-41f7-82c2-a17323bcf21e@group-6937FD35780D:LeaderElection33] INFO  impl.RaftServerImpl (ServerState.java:setLeader(253)) - c8798e02-7f0c-41f7-82c2-a17323bcf21e@group-6937FD35780D: change Leader from null to c8798e02-7f0c-41f7-82c2-a17323bcf21e at term 1 for becomeLeader, leader elected after 5095ms
2019-09-25 05:06:14,970 [Thread-346] INFO  impl.RoleInfo (RoleInfo.java:updateAndGet(143)) - c8798e02-7f0c-41f7-82c2-a17323bcf21e: start LeaderElection
2019-09-25 05:06:14,971 [c8798e02-7f0c-41f7-82c2-a17323bcf21e@group-6937FD35780D:LeaderElection33] INFO  server.RaftServerConfigKeys (ConfUtils.java:logGet(43)) - raft.server.staging.catchup.gap = 1000 (default)
2019-09-25 05:06:14,971 [c8798e02-7f0c-41f7-82c2-a17323bcf21e@group-6937FD35780D:LeaderElection33] INFO  server.RaftServerConfigKeys (ConfUtils.java:logGet(43)) - raft.server.rpc.sleep.time = 25ms (default)
2019-09-25 05:06:14,971 [c8798e02-7f0c-41f7-82c2-a17323bcf21e@group-6937FD35780D:LeaderElection33] INFO  server.RaftServerConfigKeys (ConfUtils.java:logGet(43)) - raft.server.write.element-limit = 4096 (default)
2019-09-25 05:06:14,974 [c8798e02-7f0c-41f7-82c2-a17323bcf21e@group-6937FD35780D:LeaderElection33] INFO  server.RaftServerConfigKeys (ConfUtils.java:logGet(43)) - raft.server.watch.timeout = 10s (default)
2019-09-25 05:06:14,974 [c8798e02-7f0c-41f7-82c2-a17323bcf21e@group-6937FD35780D:LeaderElection33] INFO  server.RaftServerConfigKeys (ConfUtils.java:logGet(43)) - raft.server.watch.timeout.denomination = 1s (default)
2019-09-25 05:06:14,974 [c8798e02-7f0c-41f7-82c2-a17323bcf21e@group-6937FD35780D:LeaderElection33] INFO  server.RaftServerConfigKeys (ConfUtils.java:logGet(43)) - raft.server.watch.element-limit = 65536 (default)
2019-09-25 05:06:14,976 [c8798e02-7f0c-41f7-82c2-a17323bcf21e@group-6937FD35780D:LeaderElection33] INFO  impl.RoleInfo (RoleInfo.java:updateAndGet(143)) - c8798e02-7f0c-41f7-82c2-a17323bcf21e: start LeaderState
2019-09-25 05:06:14,976 [c8798e02-7f0c-41f7-82c2-a17323bcf21e@group-6937FD35780D:LeaderElection33] INFO  segmented.SegmentedRaftLogWorker (SegmentedRaftLogWorker.java:startLogSegment(380)) - c8798e02-7f0c-41f7-82c2-a17323bcf21e@group-6937FD35780D-SegmentedRaftLogWorker: Starting segment from index:0
2019-09-25 05:06:14,977 [RatisPipelineUtilsThread] INFO  pipeline.PipelineStateManager (PipelineStateManager.java:addPipeline(56)) - Created pipeline Pipeline[ Id: 8be1fd80-fa77-44ef-91d3-9d2e271a9e0b, Nodes: 692224c4-5202-4921-98cc-04d5c60c79cc{ip: 192.168.30.10, host: pr-hdds-1569-s62bp-3040748787, networkLocation: /default-rack, certSerialId: null}, Type:RATIS, Factor:ONE, State:OPEN]
2019-09-25 05:06:14,977 [c8798e02-7f0c-41f7-82c2-a17323bcf21e@group-6937FD35780D:LeaderElection33] INFO  impl.RaftServerImpl (ServerState.java:setRaftConf(354)) - c8798e02-7f0c-41f7-82c2-a17323bcf21e@group-6937FD35780D: set configuration 0: [c8798e02-7f0c-41f7-82c2-a17323bcf21e:192.168.30.10:40603], old=null at 0
2019-09-25 05:06:15,011 [Thread-340] INFO  impl.FollowerState (FollowerState.java:run(106)) - 36ac27b3-2f11-437d-8f1f-165306b0ff4a:group-C22D7FCA2ACA changes to CANDIDATE, lastRpcTime:5183, electionTimeout:5181ms
2019-09-25 05:06:15,011 [Thread-340] INFO  impl.RoleInfo (RoleInfo.java:shutdownFollowerState(121)) - 36ac27b3-2f11-437d-8f1f-165306b0ff4a: shutdown FollowerState
2019-09-25 05:06:15,011 [Thread-340] INFO  impl.RaftServerImpl (RaftServerImpl.java:setRole(174)) - 36ac27b3-2f11-437d-8f1f-165306b0ff4a@group-C22D7FCA2ACA: changes role from  FOLLOWER to CANDIDATE at term 0 for changeToCandidate
2019-09-25 05:06:15,011 [Thread-340] INFO  impl.RoleInfo (RoleInfo.java:updateAndGet(143)) - 36ac27b3-2f11-437d-8f1f-165306b0ff4a: start LeaderElection
2019-09-25 05:06:15,016 [de37f7a0-0375-40a9-a318-404478482fcb@group-AEE9C1DD2D17-SegmentedRaftLogWorker] INFO  segmented.SegmentedRaftLogWorker (SegmentedRaftLogWorker.java:execute(569)) - de37f7a0-0375-40a9-a318-404478482fcb@group-AEE9C1DD2D17-SegmentedRaftLogWorker: created new log segment /workdir/hadoop-ozone/integration-test/target/test-dir/MiniOzoneClusterImpl-23306158-e895-4fc7-80df-ce6c264c388b/datanode-3/data/ratis/14e9e602-348f-4507-b06f-aee9c1dd2d17/current/log_inprogress_0
2019-09-25 05:06:15,016 [c8798e02-7f0c-41f7-82c2-a17323bcf21e@group-0E265053BB0C:LeaderElection34] INFO  impl.LeaderElection (LeaderElection.java:askForVotes(182)) - c8798e02-7f0c-41f7-82c2-a17323bcf21e@group-0E265053BB0C:LeaderElection34: begin an election at term 1 for -1: [c8798e02-7f0c-41f7-82c2-a17323bcf21e:192.168.30.10:40603], old=null
2019-09-25 05:06:15,016 [c8798e02-7f0c-41f7-82c2-a17323bcf21e@group-0E265053BB0C:LeaderElection34] INFO  impl.RoleInfo (RoleInfo.java:shutdownLeaderElection(134)) - c8798e02-7f0c-41f7-82c2-a17323bcf21e: shutdown LeaderElection
2019-09-25 05:06:15,016 [c8798e02-7f0c-41f7-82c2-a17323bcf21e@group-0E265053BB0C:LeaderElection34] INFO  impl.RaftServerImpl (RaftServerImpl.java:setRole(174)) - c8798e02-7f0c-41f7-82c2-a17323bcf21e@group-0E265053BB0C: changes role from CANDIDATE to LEADER at term 1 for changeToLeader
2019-09-25 05:06:15,016 [c8798e02-7f0c-41f7-82c2-a17323bcf21e@group-0E265053BB0C:LeaderElection34] INFO  impl.RaftServerImpl (ServerState.java:setLeader(253)) - c8798e02-7f0c-41f7-82c2-a17323bcf21e@group-0E265053BB0C: change Leader from null to c8798e02-7f0c-41f7-82c2-a17323bcf21e at term 1 for becomeLeader, leader elected after 5086ms
2019-09-25 05:06:15,017 [c8798e02-7f0c-41f7-82c2-a17323bcf21e@group-0E265053BB0C:LeaderElection34] INFO  server.RaftServerConfigKeys (ConfUtils.java:logGet(43)) - raft.server.staging.catchup.gap = 1000 (default)
2019-09-25 05:06:15,017 [c8798e02-7f0c-41f7-82c2-a17323bcf21e@group-0E265053BB0C:LeaderElection34] INFO  server.RaftServerConfigKeys (ConfUtils.java:logGet(43)) - raft.server.rpc.sleep.time = 25ms (default)
2019-09-25 05:06:15,017 [c8798e02-7f0c-41f7-82c2-a17323bcf21e@group-0E265053BB0C:LeaderElection34] INFO  server.RaftServerConfigKeys (ConfUtils.java:logGet(43)) - raft.server.write.element-limit = 4096 (default)
2019-09-25 05:06:15,017 [c8798e02-7f0c-41f7-82c2-a17323bcf21e@group-0E265053BB0C:LeaderElection34] INFO  server.RaftServerConfigKeys (ConfUtils.java:logGet(43)) - raft.server.watch.timeout = 10s (default)
2019-09-25 05:06:15,018 [c8798e02-7f0c-41f7-82c2-a17323bcf21e@group-0E265053BB0C:LeaderElection34] INFO  server.RaftServerConfigKeys (ConfUtils.java:logGet(43)) - raft.server.watch.timeout.denomination = 1s (default)
2019-09-25 05:06:15,018 [c8798e02-7f0c-41f7-82c2-a17323bcf21e@group-0E265053BB0C:LeaderElection34] INFO  server.RaftServerConfigKeys (ConfUtils.java:logGet(43)) - raft.server.watch.element-limit = 65536 (default)
2019-09-25 05:06:15,020 [c8798e02-7f0c-41f7-82c2-a17323bcf21e@group-0E265053BB0C:LeaderElection34] INFO  impl.RoleInfo (RoleInfo.java:updateAndGet(143)) - c8798e02-7f0c-41f7-82c2-a17323bcf21e: start LeaderState
2019-09-25 05:06:15,020 [c8798e02-7f0c-41f7-82c2-a17323bcf21e@group-0E265053BB0C:LeaderElection34] INFO  segmented.SegmentedRaftLogWorker (SegmentedRaftLogWorker.java:startLogSegment(380)) - c8798e02-7f0c-41f7-82c2-a17323bcf21e@group-0E265053BB0C-SegmentedRaftLogWorker: Starting segment from index:0
2019-09-25 05:06:15,021 [c8798e02-7f0c-41f7-82c2-a17323bcf21e@group-0E265053BB0C:LeaderElection34] INFO  impl.RaftServerImpl (ServerState.java:setRaftConf(354)) - c8798e02-7f0c-41f7-82c2-a17323bcf21e@group-0E265053BB0C: set configuration 0: [c8798e02-7f0c-41f7-82c2-a17323bcf21e:192.168.30.10:40603], old=null at 0
2019-09-25 05:06:15,051 [c8798e02-7f0c-41f7-82c2-a17323bcf21e@group-6937FD35780D-SegmentedRaftLogWorker] INFO  segmented.SegmentedRaftLogWorker (SegmentedRaftLogWorker.java:execute(569)) - c8798e02-7f0c-41f7-82c2-a17323bcf21e@group-6937FD35780D-SegmentedRaftLogWorker: created new log segment /workdir/hadoop-ozone/integration-test/target/test-dir/MiniOzoneClusterImpl-23306158-e895-4fc7-80df-ce6c264c388b/datanode-2/data/ratis/b10f2885-52c2-4005-af3f-6937fd35780d/current/log_inprogress_0
2019-09-25 05:06:15,051 [36ac27b3-2f11-437d-8f1f-165306b0ff4a@group-C22D7FCA2ACA:LeaderElection35] INFO  impl.LeaderElection (LeaderElection.java:askForVotes(182)) - 36ac27b3-2f11-437d-8f1f-165306b0ff4a@group-C22D7FCA2ACA:LeaderElection35: begin an election at term 1 for -1: [36ac27b3-2f11-437d-8f1f-165306b0ff4a:192.168.30.10:45265], old=null
2019-09-25 05:06:15,051 [36ac27b3-2f11-437d-8f1f-165306b0ff4a@group-C22D7FCA2ACA:LeaderElection35] INFO  impl.RoleInfo (RoleInfo.java:shutdownLeaderElection(134)) - 36ac27b3-2f11-437d-8f1f-165306b0ff4a: shutdown LeaderElection
2019-09-25 05:06:15,051 [36ac27b3-2f11-437d-8f1f-165306b0ff4a@group-C22D7FCA2ACA:LeaderElection35] INFO  impl.RaftServerImpl (RaftServerImpl.java:setRole(174)) - 36ac27b3-2f11-437d-8f1f-165306b0ff4a@group-C22D7FCA2ACA: changes role from CANDIDATE to LEADER at term 1 for changeToLeader
2019-09-25 05:06:15,051 [36ac27b3-2f11-437d-8f1f-165306b0ff4a@group-C22D7FCA2ACA:LeaderElection35] INFO  impl.RaftServerImpl (ServerState.java:setLeader(253)) - 36ac27b3-2f11-437d-8f1f-165306b0ff4a@group-C22D7FCA2ACA: change Leader from null to 36ac27b3-2f11-437d-8f1f-165306b0ff4a at term 1 for becomeLeader, leader elected after 5231ms
2019-09-25 05:06:15,052 [36ac27b3-2f11-437d-8f1f-165306b0ff4a@group-C22D7FCA2ACA:LeaderElection35] INFO  server.RaftServerConfigKeys (ConfUtils.java:logGet(43)) - raft.server.staging.catchup.gap = 1000 (default)
2019-09-25 05:06:15,052 [36ac27b3-2f11-437d-8f1f-165306b0ff4a@group-C22D7FCA2ACA:LeaderElection35] INFO  server.RaftServerConfigKeys (ConfUtils.java:logGet(43)) - raft.server.rpc.sleep.time = 25ms (default)
2019-09-25 05:06:15,052 [36ac27b3-2f11-437d-8f1f-165306b0ff4a@group-C22D7FCA2ACA:LeaderElection35] INFO  server.RaftServerConfigKeys (ConfUtils.java:logGet(43)) - raft.server.write.element-limit = 4096 (default)
2019-09-25 05:06:15,052 [36ac27b3-2f11-437d-8f1f-165306b0ff4a@group-C22D7FCA2ACA:LeaderElection35] INFO  server.RaftServerConfigKeys (ConfUtils.java:logGet(43)) - raft.server.watch.timeout = 10s (default)
2019-09-25 05:06:15,052 [36ac27b3-2f11-437d-8f1f-165306b0ff4a@group-C22D7FCA2ACA:LeaderElection35] INFO  server.RaftServerConfigKeys (ConfUtils.java:logGet(43)) - raft.server.watch.timeout.denomination = 1s (default)
2019-09-25 05:06:15,052 [36ac27b3-2f11-437d-8f1f-165306b0ff4a@group-C22D7FCA2ACA:LeaderElection35] INFO  server.RaftServerConfigKeys (ConfUtils.java:logGet(43)) - raft.server.watch.element-limit = 65536 (default)
2019-09-25 05:06:15,053 [grpc-default-executor-0] INFO  impl.RaftServerProxy (RaftServerProxy.java:addNew(89)) - b4fa7d23-6606-45fd-9544-2b08ca3fa933: addNew group-7943F034B0F3:[b4fa7d23-6606-45fd-9544-2b08ca3fa933:192.168.30.10:34493] returns group-7943F034B0F3:java.util.concurrent.CompletableFuture@5a931240[Not completed]
2019-09-25 05:06:15,054 [pool-77-thread-1] INFO  impl.RaftServerImpl (RaftServerImpl.java:<init>(95)) - b4fa7d23-6606-45fd-9544-2b08ca3fa933: new RaftServerImpl for group-7943F034B0F3:[b4fa7d23-6606-45fd-9544-2b08ca3fa933:192.168.30.10:34493] with ContainerStateMachine:uninitialized
2019-09-25 05:06:15,054 [pool-77-thread-1] INFO  server.RaftServerConfigKeys (ConfUtils.java:logGet(43)) - raft.server.rpc.timeout.min = 5s (custom)
2019-09-25 05:06:15,055 [pool-77-thread-1] INFO  server.RaftServerConfigKeys (ConfUtils.java:logGet(43)) - raft.server.rpc.timeout.max = 5200ms (custom)
2019-09-25 05:06:15,055 [pool-77-thread-1] INFO  server.RaftServerConfigKeys (ConfUtils.java:logGet(43)) - raft.server.rpcslowness.timeout = 120s (custom)
2019-09-25 05:06:15,055 [pool-77-thread-1] INFO  server.RaftServerConfigKeys (ConfUtils.java:logGet(43)) - raft.server.sleep.deviation.threshold = 300 (default)
2019-09-25 05:06:15,055 [pool-77-thread-1] INFO  server.RaftServerConfigKeys (ConfUtils.java:logGet(43)) - raft.server.log.appender.install.snapshot.enabled = false (custom)
2019-09-25 05:06:15,055 [36ac27b3-2f11-437d-8f1f-165306b0ff4a@group-C22D7FCA2ACA:LeaderElection35] INFO  impl.RoleInfo (RoleInfo.java:updateAndGet(143)) - 36ac27b3-2f11-437d-8f1f-165306b0ff4a: start LeaderState
2019-09-25 05:06:15,055 [pool-77-thread-1] INFO  impl.RaftServerImpl (ServerState.java:<init>(103)) - b4fa7d23-6606-45fd-9544-2b08ca3fa933@group-7943F034B0F3: ConfigurationManager, init=-1: [b4fa7d23-6606-45fd-9544-2b08ca3fa933:192.168.30.10:34493], old=null, confs=<EMPTY_MAP>
2019-09-25 05:06:15,055 [pool-77-thread-1] INFO  server.RaftServerConfigKeys (ConfUtils.java:logGet(43)) - raft.server.storage.dir = [/workdir/hadoop-ozone/integration-test/target/test-dir/MiniOzoneClusterImpl-23306158-e895-4fc7-80df-ce6c264c388b/datanode-5/data/ratis] (custom)
2019-09-25 05:06:15,055 [36ac27b3-2f11-437d-8f1f-165306b0ff4a@group-C22D7FCA2ACA:LeaderElection35] INFO  segmented.SegmentedRaftLogWorker (SegmentedRaftLogWorker.java:startLogSegment(380)) - 36ac27b3-2f11-437d-8f1f-165306b0ff4a@group-C22D7FCA2ACA-SegmentedRaftLogWorker: Starting segment from index:0
2019-09-25 05:06:15,056 [pool-77-thread-1] INFO  storage.RaftStorageDirectory (RaftStorageDirectory.java:analyzeStorage(246)) - The storage directory /workdir/hadoop-ozone/integration-test/target/test-dir/MiniOzoneClusterImpl-23306158-e895-4fc7-80df-ce6c264c388b/datanode-5/data/ratis/e2d0ff02-42d3-4e93-8042-7943f034b0f3 does not exist. Creating ...
2019-09-25 05:06:15,056 [36ac27b3-2f11-437d-8f1f-165306b0ff4a@group-C22D7FCA2ACA:LeaderElection35] INFO  impl.RaftServerImpl (ServerState.java:setRaftConf(354)) - 36ac27b3-2f11-437d-8f1f-165306b0ff4a@group-C22D7FCA2ACA: set configuration 0: [36ac27b3-2f11-437d-8f1f-165306b0ff4a:192.168.30.10:45265], old=null at 0
2019-09-25 05:06:15,096 [Thread-352] INFO  impl.FollowerState (FollowerState.java:run(106)) - 56396258-65a3-478c-9482-0be0199dd49c:group-296957284DBC changes to CANDIDATE, lastRpcTime:5027, electionTimeout:5026ms
2019-09-25 05:06:15,096 [Thread-352] INFO  impl.RoleInfo (RoleInfo.java:shutdownFollowerState(121)) - 56396258-65a3-478c-9482-0be0199dd49c: shutdown FollowerState
2019-09-25 05:06:15,096 [Thread-352] INFO  impl.RaftServerImpl (RaftServerImpl.java:setRole(174)) - 56396258-65a3-478c-9482-0be0199dd49c@group-296957284DBC: changes role from  FOLLOWER to CANDIDATE at term 0 for changeToCandidate
2019-09-25 05:06:15,096 [pool-77-thread-1] INFO  storage.RaftStorageDirectory (RaftStorageDirectory.java:tryLock(328)) - Lock on /workdir/hadoop-ozone/integration-test/target/test-dir/MiniOzoneClusterImpl-23306158-e895-4fc7-80df-ce6c264c388b/datanode-5/data/ratis/e2d0ff02-42d3-4e93-8042-7943f034b0f3/in_use.lock acquired by nodename 25526@pr-hdds-1569-s62bp-3040748787
2019-09-25 05:06:15,096 [Thread-352] INFO  impl.RoleInfo (RoleInfo.java:updateAndGet(143)) - 56396258-65a3-478c-9482-0be0199dd49c: start LeaderElection
2019-09-25 05:06:15,096 [c8798e02-7f0c-41f7-82c2-a17323bcf21e@group-0E265053BB0C-SegmentedRaftLogWorker] INFO  segmented.SegmentedRaftLogWorker (SegmentedRaftLogWorker.java:execute(569)) - c8798e02-7f0c-41f7-82c2-a17323bcf21e@group-0E265053BB0C-SegmentedRaftLogWorker: created new log segment /workdir/hadoop-ozone/integration-test/target/test-dir/MiniOzoneClusterImpl-23306158-e895-4fc7-80df-ce6c264c388b/datanode-2/data/ratis/92090f63-a025-42cf-9ec0-0e265053bb0c/current/log_inprogress_0
2019-09-25 05:06:15,109 [36ac27b3-2f11-437d-8f1f-165306b0ff4a@group-C22D7FCA2ACA-SegmentedRaftLogWorker] INFO  segmented.SegmentedRaftLogWorker (SegmentedRaftLogWorker.java:execute(569)) - 36ac27b3-2f11-437d-8f1f-165306b0ff4a@group-C22D7FCA2ACA-SegmentedRaftLogWorker: created new log segment /workdir/hadoop-ozone/integration-test/target/test-dir/MiniOzoneClusterImpl-23306158-e895-4fc7-80df-ce6c264c388b/datanode-1/data/ratis/54763a94-2738-412a-99d2-c22d7fca2aca/current/log_inprogress_0
2019-09-25 05:06:15,110 [56396258-65a3-478c-9482-0be0199dd49c@group-296957284DBC:LeaderElection36] INFO  impl.LeaderElection (LeaderElection.java:askForVotes(182)) - 56396258-65a3-478c-9482-0be0199dd49c@group-296957284DBC:LeaderElection36: begin an election at term 1 for -1: [56396258-65a3-478c-9482-0be0199dd49c:192.168.30.10:41678], old=null
2019-09-25 05:06:15,109 [pool-77-thread-1] INFO  storage.RaftStorage (RaftStorage.java:format(72)) - Storage directory /workdir/hadoop-ozone/integration-test/target/test-dir/MiniOzoneClusterImpl-23306158-e895-4fc7-80df-ce6c264c388b/datanode-5/data/ratis/e2d0ff02-42d3-4e93-8042-7943f034b0f3 has been successfully formatted.
2019-09-25 05:06:15,110 [56396258-65a3-478c-9482-0be0199dd49c@group-296957284DBC:LeaderElection36] INFO  impl.RoleInfo (RoleInfo.java:shutdownLeaderElection(134)) - 56396258-65a3-478c-9482-0be0199dd49c: shutdown LeaderElection
2019-09-25 05:06:15,110 [56396258-65a3-478c-9482-0be0199dd49c@group-296957284DBC:LeaderElection36] INFO  impl.RaftServerImpl (RaftServerImpl.java:setRole(174)) - 56396258-65a3-478c-9482-0be0199dd49c@group-296957284DBC: changes role from CANDIDATE to LEADER at term 1 for changeToLeader
2019-09-25 05:06:15,110 [pool-77-thread-1] INFO  ratis.ContainerStateMachine (ContainerStateMachine.java:loadSnapshot(230)) - group-7943F034B0F3: The snapshot info is null. Setting the last applied indexto:(t:0, i:~)
2019-09-25 05:06:15,110 [56396258-65a3-478c-9482-0be0199dd49c@group-296957284DBC:LeaderElection36] INFO  impl.RaftServerImpl (ServerState.java:setLeader(253)) - 56396258-65a3-478c-9482-0be0199dd49c@group-296957284DBC: change Leader from null to 56396258-65a3-478c-9482-0be0199dd49c at term 1 for becomeLeader, leader elected after 5050ms
2019-09-25 05:06:15,110 [pool-77-thread-1] INFO  server.RaftServerConfigKeys (ConfUtils.java:logGet(43)) - raft.server.notification.no-leader.timeout = 120s (custom)
2019-09-25 05:06:15,111 [56396258-65a3-478c-9482-0be0199dd49c@group-296957284DBC:LeaderElection36] INFO  server.RaftServerConfigKeys (ConfUtils.java:logGet(43)) - raft.server.staging.catchup.gap = 1000 (default)
2019-09-25 05:06:15,111 [pool-77-thread-1] INFO  server.RaftServerConfigKeys (ConfUtils.java:logGet(43)) - raft.server.log.use.memory = false (default)
2019-09-25 05:06:15,111 [56396258-65a3-478c-9482-0be0199dd49c@group-296957284DBC:LeaderElection36] INFO  server.RaftServerConfigKeys (ConfUtils.java:logGet(43)) - raft.server.rpc.sleep.time = 25ms (default)
2019-09-25 05:06:15,111 [pool-77-thread-1] INFO  server.RaftServerConfigKeys (ConfUtils.java:logGet(43)) - raft.server.log.purge.gap = 1000000 (custom)
2019-09-25 05:06:15,111 [56396258-65a3-478c-9482-0be0199dd49c@group-296957284DBC:LeaderElection36] INFO  server.RaftServerConfigKeys (ConfUtils.java:logGet(43)) - raft.server.write.element-limit = 4096 (default)
2019-09-25 05:06:15,111 [pool-77-thread-1] INFO  server.RaftServerConfigKeys (ConfUtils.java:logGet(43)) - raft.server.log.appender.buffer.byte-limit = 33554432 (custom)
2019-09-25 05:06:15,112 [56396258-65a3-478c-9482-0be0199dd49c@group-296957284DBC:LeaderElection36] INFO  server.RaftServerConfigKeys (ConfUtils.java:logGet(43)) - raft.server.watch.timeout = 10s (default)
2019-09-25 05:06:15,112 [pool-77-thread-1] INFO  server.RaftServerConfigKeys (ConfUtils.java:logGet(43)) - raft.server.log.segment.size.max = 1048576 (custom)
2019-09-25 05:06:15,112 [56396258-65a3-478c-9482-0be0199dd49c@group-296957284DBC:LeaderElection36] INFO  server.RaftServerConfigKeys (ConfUtils.java:logGet(43)) - raft.server.watch.timeout.denomination = 1s (default)
2019-09-25 05:06:15,112 [pool-77-thread-1] INFO  server.RaftServerConfigKeys (ConfUtils.java:logGet(43)) - raft.server.log.segment.cache.num.max = 2 (custom)
2019-09-25 05:06:15,112 [56396258-65a3-478c-9482-0be0199dd49c@group-296957284DBC:LeaderElection36] INFO  server.RaftServerConfigKeys (ConfUtils.java:logGet(43)) - raft.server.watch.element-limit = 65536 (default)
2019-09-25 05:06:15,112 [pool-77-thread-1] INFO  segmented.SegmentedRaftLogWorker (SegmentedRaftLogWorker.java:<init>(172)) - new b4fa7d23-6606-45fd-9544-2b08ca3fa933@group-7943F034B0F3-SegmentedRaftLogWorker for RaftStorage:Storage Directory /workdir/hadoop-ozone/integration-test/target/test-dir/MiniOzoneClusterImpl-23306158-e895-4fc7-80df-ce6c264c388b/datanode-5/data/ratis/e2d0ff02-42d3-4e93-8042-7943f034b0f3
2019-09-25 05:06:15,113 [pool-77-thread-1] INFO  server.RaftServerConfigKeys (ConfUtils.java:logGet(43)) - raft.server.log.queue.byte-limit = 2147483647 (custom)
2019-09-25 05:06:15,113 [pool-77-thread-1] INFO  server.RaftServerConfigKeys (ConfUtils.java:logGet(43)) - raft.server.log.queue.element-limit = 1024 (custom)
2019-09-25 05:06:15,113 [pool-77-thread-1] INFO  server.RaftServerConfigKeys (ConfUtils.java:logGet(43)) - raft.server.log.segment.size.max = 1048576 (custom)
2019-09-25 05:06:15,113 [pool-77-thread-1] INFO  server.RaftServerConfigKeys (ConfUtils.java:logGet(43)) - raft.server.log.preallocated.size = 16384 (custom)
2019-09-25 05:06:15,113 [pool-77-thread-1] INFO  server.RaftServerConfigKeys (ConfUtils.java:logGet(43)) - raft.server.log.write.buffer.size = 33554432 (custom)
2019-09-25 05:06:15,113 [pool-77-thread-1] INFO  server.RaftServerConfigKeys (ConfUtils.java:logGet(43)) - raft.server.log.force.sync.num = 128 (default)
2019-09-25 05:06:15,114 [pool-77-thread-1] INFO  server.RaftServerConfigKeys (ConfUtils.java:logGet(43)) - raft.server.log.statemachine.data.sync = true (default)
2019-09-25 05:06:15,114 [pool-77-thread-1] INFO  server.RaftServerConfigKeys (ConfUtils.java:logGet(43)) - raft.server.log.statemachine.data.sync.timeout = 10s (default)
2019-09-25 05:06:15,114 [pool-77-thread-1] INFO  server.RaftServerConfigKeys (ConfUtils.java:logGet(43)) - raft.server.log.statemachine.data.sync.timeout.retry = -1 (default)
2019-09-25 05:06:15,114 [pool-77-thread-1] INFO  server.RaftServerConfigKeys (ConfUtils.java:logGet(43)) - raft.server.log.statemachine.data.caching.enabled = true (custom)
2019-09-25 05:06:15,115 [pool-77-thread-1] INFO  segmented.SegmentedRaftLogWorker (SegmentedRaftLogWorker.java:lambda$new$0(132)) - b4fa7d23-6606-45fd-9544-2b08ca3fa933@group-7943F034B0F3-SegmentedRaftLogWorker: flushIndex: setUnconditionally 0 -> -1
2019-09-25 05:06:15,115 [56396258-65a3-478c-9482-0be0199dd49c@group-296957284DBC:LeaderElection36] INFO  impl.RoleInfo (RoleInfo.java:updateAndGet(143)) - 56396258-65a3-478c-9482-0be0199dd49c: start LeaderState
2019-09-25 05:06:15,115 [pool-77-thread-1] INFO  server.RaftServerConfigKeys (ConfUtils.java:logGet(43)) - raft.server.snapshot.auto.trigger.enabled = true (custom)
2019-09-25 05:06:15,115 [56396258-65a3-478c-9482-0be0199dd49c@group-296957284DBC:LeaderElection36] INFO  segmented.SegmentedRaftLogWorker (SegmentedRaftLogWorker.java:startLogSegment(380)) - 56396258-65a3-478c-9482-0be0199dd49c@group-296957284DBC-SegmentedRaftLogWorker: Starting segment from index:0
2019-09-25 05:06:15,115 [pool-77-thread-1] INFO  server.RaftServerConfigKeys (ConfUtils.java:logGet(43)) - raft.server.snapshot.auto.trigger.threshold = 10000 (custom)
2019-09-25 05:06:15,116 [pool-77-thread-1] INFO  server.RaftServerConfigKeys (ConfUtils.java:logGet(43)) - raft.server.snapshot.retention.num.files = 5 (custom)
2019-09-25 05:06:15,116 [56396258-65a3-478c-9482-0be0199dd49c@group-296957284DBC:LeaderElection36] INFO  impl.RaftServerImpl (ServerState.java:setRaftConf(354)) - 56396258-65a3-478c-9482-0be0199dd49c@group-296957284DBC: set configuration 0: [56396258-65a3-478c-9482-0be0199dd49c:192.168.30.10:41678], old=null at 0
2019-09-25 05:06:15,116 [pool-77-thread-1] INFO  server.RaftServerConfigKeys (ConfUtils.java:logGet(43)) - raft.server.retrycache.expirytime = 600000ms (custom)
2019-09-25 05:06:15,159 [pool-77-thread-1] INFO  impl.RaftServerImpl (RaftServerImpl.java:start(185)) - b4fa7d23-6606-45fd-9544-2b08ca3fa933@group-7943F034B0F3: start as a follower, conf=-1: [b4fa7d23-6606-45fd-9544-2b08ca3fa933:192.168.30.10:34493], old=null
2019-09-25 05:06:15,159 [pool-77-thread-1] INFO  impl.RaftServerImpl (RaftServerImpl.java:setRole(174)) - b4fa7d23-6606-45fd-9544-2b08ca3fa933@group-7943F034B0F3: changes role from      null to FOLLOWER at term 0 for startAsFollower
2019-09-25 05:06:15,159 [pool-77-thread-1] INFO  impl.RoleInfo (RoleInfo.java:updateAndGet(143)) - b4fa7d23-6606-45fd-9544-2b08ca3fa933: start FollowerState
2019-09-25 05:06:15,160 [pool-77-thread-1] INFO  util.JmxRegister (JmxRegister.java:tryRegister(44)) - Successfully registered JMX Bean with object name Ratis:service=RaftServer,group=group-7943F034B0F3,id=b4fa7d23-6606-45fd-9544-2b08ca3fa933
2019-09-25 05:06:15,163 [RatisPipelineUtilsThread] INFO  pipeline.PipelineStateManager (PipelineStateManager.java:addPipeline(56)) - Created pipeline Pipeline[ Id: e2d0ff02-42d3-4e93-8042-7943f034b0f3, Nodes: b4fa7d23-6606-45fd-9544-2b08ca3fa933{ip: 192.168.30.10, host: pr-hdds-1569-s62bp-3040748787, networkLocation: /default-rack, certSerialId: null}, Type:RATIS, Factor:ONE, State:OPEN]
2019-09-25 05:06:15,169 [56396258-65a3-478c-9482-0be0199dd49c@group-296957284DBC-SegmentedRaftLogWorker] INFO  segmented.SegmentedRaftLogWorker (SegmentedRaftLogWorker.java:execute(569)) - 56396258-65a3-478c-9482-0be0199dd49c@group-296957284DBC-SegmentedRaftLogWorker: created new log segment /workdir/hadoop-ozone/integration-test/target/test-dir/MiniOzoneClusterImpl-23306158-e895-4fc7-80df-ce6c264c388b/datanode-6/data/ratis/21efbea7-4618-4ae0-93cf-296957284dbc/current/log_inprogress_0
2019-09-25 05:06:15,169 [grpc-default-executor-0] INFO  impl.RaftServerProxy (RaftServerProxy.java:addNew(89)) - f77bfc29-6991-4b1d-a503-f706c83de4fc: addNew group-D1E4F48C375A:[f77bfc29-6991-4b1d-a503-f706c83de4fc:192.168.30.10:35112] returns group-D1E4F48C375A:java.util.concurrent.CompletableFuture@5dcfbd3a[Not completed]
2019-09-25 05:06:15,171 [pool-27-thread-1] INFO  impl.RaftServerImpl (RaftServerImpl.java:<init>(95)) - f77bfc29-6991-4b1d-a503-f706c83de4fc: new RaftServerImpl for group-D1E4F48C375A:[f77bfc29-6991-4b1d-a503-f706c83de4fc:192.168.30.10:35112] with ContainerStateMachine:uninitialized
2019-09-25 05:06:15,171 [pool-27-thread-1] INFO  server.RaftServerConfigKeys (ConfUtils.java:logGet(43)) - raft.server.rpc.timeout.min = 5s (custom)
2019-09-25 05:06:15,171 [pool-27-thread-1] INFO  server.RaftServerConfigKeys (ConfUtils.java:logGet(43)) - raft.server.rpc.timeout.max = 5200ms (custom)
2019-09-25 05:06:15,171 [pool-27-thread-1] INFO  server.RaftServerConfigKeys (ConfUtils.java:logGet(43)) - raft.server.rpcslowness.timeout = 120s (custom)
2019-09-25 05:06:15,171 [pool-27-thread-1] INFO  server.RaftServerConfigKeys (ConfUtils.java:logGet(43)) - raft.server.sleep.deviation.threshold = 300 (default)
2019-09-25 05:06:15,172 [pool-27-thread-1] INFO  server.RaftServerConfigKeys (ConfUtils.java:logGet(43)) - raft.server.log.appender.install.snapshot.enabled = false (custom)
2019-09-25 05:06:15,172 [Thread-349] INFO  impl.FollowerState (FollowerState.java:run(106)) - c8798e02-7f0c-41f7-82c2-a17323bcf21e:group-C92D60047F69 changes to CANDIDATE, lastRpcTime:5171, electionTimeout:5171ms
2019-09-25 05:06:15,172 [pool-27-thread-1] INFO  impl.RaftServerImpl (ServerState.java:<init>(103)) - f77bfc29-6991-4b1d-a503-f706c83de4fc@group-D1E4F48C375A: ConfigurationManager, init=-1: [f77bfc29-6991-4b1d-a503-f706c83de4fc:192.168.30.10:35112], old=null, confs=<EMPTY_MAP>
2019-09-25 05:06:15,172 [Thread-349] INFO  impl.RoleInfo (RoleInfo.java:shutdownFollowerState(121)) - c8798e02-7f0c-41f7-82c2-a17323bcf21e: shutdown FollowerState
2019-09-25 05:06:15,172 [pool-27-thread-1] INFO  server.RaftServerConfigKeys (ConfUtils.java:logGet(43)) - raft.server.storage.dir = [/workdir/hadoop-ozone/integration-test/target/test-dir/MiniOzoneClusterImpl-23306158-e895-4fc7-80df-ce6c264c388b/datanode-0/data/ratis] (custom)
2019-09-25 05:06:15,172 [Thread-349] INFO  impl.RaftServerImpl (RaftServerImpl.java:setRole(174)) - c8798e02-7f0c-41f7-82c2-a17323bcf21e@group-C92D60047F69: changes role from  FOLLOWER to CANDIDATE at term 0 for changeToCandidate
2019-09-25 05:06:15,172 [Thread-349] INFO  impl.RoleInfo (RoleInfo.java:updateAndGet(143)) - c8798e02-7f0c-41f7-82c2-a17323bcf21e: start LeaderElection
2019-09-25 05:06:15,173 [pool-27-thread-1] INFO  storage.RaftStorageDirectory (RaftStorageDirectory.java:analyzeStorage(246)) - The storage directory /workdir/hadoop-ozone/integration-test/target/test-dir/MiniOzoneClusterImpl-23306158-e895-4fc7-80df-ce6c264c388b/datanode-0/data/ratis/77b8d50e-d45d-4ffd-b460-d1e4f48c375a does not exist. Creating ...
2019-09-25 05:06:15,182 [pool-27-thread-1] INFO  storage.RaftStorageDirectory (RaftStorageDirectory.java:tryLock(328)) - Lock on /workdir/hadoop-ozone/integration-test/target/test-dir/MiniOzoneClusterImpl-23306158-e895-4fc7-80df-ce6c264c388b/datanode-0/data/ratis/77b8d50e-d45d-4ffd-b460-d1e4f48c375a/in_use.lock acquired by nodename 25526@pr-hdds-1569-s62bp-3040748787
2019-09-25 05:06:15,182 [c8798e02-7f0c-41f7-82c2-a17323bcf21e@group-C92D60047F69:LeaderElection37] INFO  impl.LeaderElection (LeaderElection.java:askForVotes(182)) - c8798e02-7f0c-41f7-82c2-a17323bcf21e@group-C92D60047F69:LeaderElection37: begin an election at term 1 for -1: [c8798e02-7f0c-41f7-82c2-a17323bcf21e:192.168.30.10:40603], old=null
2019-09-25 05:06:15,182 [c8798e02-7f0c-41f7-82c2-a17323bcf21e@group-C92D60047F69:LeaderElection37] INFO  impl.RoleInfo (RoleInfo.java:shutdownLeaderElection(134)) - c8798e02-7f0c-41f7-82c2-a17323bcf21e: shutdown LeaderElection
2019-09-25 05:06:15,183 [c8798e02-7f0c-41f7-82c2-a17323bcf21e@group-C92D60047F69:LeaderElection37] INFO  impl.RaftServerImpl (RaftServerImpl.java:setRole(174)) - c8798e02-7f0c-41f7-82c2-a17323bcf21e@group-C92D60047F69: changes role from CANDIDATE to LEADER at term 1 for changeToLeader
2019-09-25 05:06:15,183 [c8798e02-7f0c-41f7-82c2-a17323bcf21e@group-C92D60047F69:LeaderElection37] INFO  impl.RaftServerImpl (ServerState.java:setLeader(253)) - c8798e02-7f0c-41f7-82c2-a17323bcf21e@group-C92D60047F69: change Leader from null to c8798e02-7f0c-41f7-82c2-a17323bcf21e at term 1 for becomeLeader, leader elected after 5197ms
2019-09-25 05:06:15,183 [c8798e02-7f0c-41f7-82c2-a17323bcf21e@group-C92D60047F69:LeaderElection37] INFO  server.RaftServerConfigKeys (ConfUtils.java:logGet(43)) - raft.server.staging.catchup.gap = 1000 (default)
2019-09-25 05:06:15,183 [c8798e02-7f0c-41f7-82c2-a17323bcf21e@group-C92D60047F69:LeaderElection37] INFO  server.RaftServerConfigKeys (ConfUtils.java:logGet(43)) - raft.server.rpc.sleep.time = 25ms (default)
2019-09-25 05:06:15,183 [c8798e02-7f0c-41f7-82c2-a17323bcf21e@group-C92D60047F69:LeaderElection37] INFO  server.RaftServerConfigKeys (ConfUtils.java:logGet(43)) - raft.server.write.element-limit = 4096 (default)
2019-09-25 05:06:15,184 [c8798e02-7f0c-41f7-82c2-a17323bcf21e@group-C92D60047F69:LeaderElection37] INFO  server.RaftServerConfigKeys (ConfUtils.java:logGet(43)) - raft.server.watch.timeout = 10s (default)
2019-09-25 05:06:15,184 [c8798e02-7f0c-41f7-82c2-a17323bcf21e@group-C92D60047F69:LeaderElection37] INFO  server.RaftServerConfigKeys (ConfUtils.java:logGet(43)) - raft.server.watch.timeout.denomination = 1s (default)
2019-09-25 05:06:15,184 [c8798e02-7f0c-41f7-82c2-a17323bcf21e@group-C92D60047F69:LeaderElection37] INFO  server.RaftServerConfigKeys (ConfUtils.java:logGet(43)) - raft.server.watch.element-limit = 65536 (default)
2019-09-25 05:06:15,186 [c8798e02-7f0c-41f7-82c2-a17323bcf21e@group-C92D60047F69:LeaderElection37] INFO  impl.RoleInfo (RoleInfo.java:updateAndGet(143)) - c8798e02-7f0c-41f7-82c2-a17323bcf21e: start LeaderState
2019-09-25 05:06:15,187 [c8798e02-7f0c-41f7-82c2-a17323bcf21e@group-C92D60047F69:LeaderElection37] INFO  segmented.SegmentedRaftLogWorker (SegmentedRaftLogWorker.java:startLogSegment(380)) - c8798e02-7f0c-41f7-82c2-a17323bcf21e@group-C92D60047F69-SegmentedRaftLogWorker: Starting segment from index:0
2019-09-25 05:06:15,187 [c8798e02-7f0c-41f7-82c2-a17323bcf21e@group-C92D60047F69:LeaderElection37] INFO  impl.RaftServerImpl (ServerState.java:setRaftConf(354)) - c8798e02-7f0c-41f7-82c2-a17323bcf21e@group-C92D60047F69: set configuration 0: [c8798e02-7f0c-41f7-82c2-a17323bcf21e:192.168.30.10:40603], old=null at 0
2019-09-25 05:06:15,225 [pool-27-thread-1] INFO  storage.RaftStorage (RaftStorage.java:format(72)) - Storage directory /workdir/hadoop-ozone/integration-test/target/test-dir/MiniOzoneClusterImpl-23306158-e895-4fc7-80df-ce6c264c388b/datanode-0/data/ratis/77b8d50e-d45d-4ffd-b460-d1e4f48c375a has been successfully formatted.
2019-09-25 05:06:15,226 [pool-27-thread-1] INFO  ratis.ContainerStateMachine (ContainerStateMachine.java:loadSnapshot(230)) - group-D1E4F48C375A: The snapshot info is null. Setting the last applied indexto:(t:0, i:~)
2019-09-25 05:06:15,226 [pool-27-thread-1] INFO  server.RaftServerConfigKeys (ConfUtils.java:logGet(43)) - raft.server.notification.no-leader.timeout = 120s (custom)
2019-09-25 05:06:15,226 [pool-27-thread-1] INFO  server.RaftServerConfigKeys (ConfUtils.java:logGet(43)) - raft.server.log.use.memory = false (default)
2019-09-25 05:06:15,226 [pool-27-thread-1] INFO  server.RaftServerConfigKeys (ConfUtils.java:logGet(43)) - raft.server.log.purge.gap = 1000000 (custom)
2019-09-25 05:06:15,226 [pool-27-thread-1] INFO  server.RaftServerConfigKeys (ConfUtils.java:logGet(43)) - raft.server.log.appender.buffer.byte-limit = 33554432 (custom)
2019-09-25 05:06:15,226 [pool-27-thread-1] INFO  server.RaftServerConfigKeys (ConfUtils.java:logGet(43)) - raft.server.log.segment.size.max = 1048576 (custom)
2019-09-25 05:06:15,227 [pool-27-thread-1] INFO  server.RaftServerConfigKeys (ConfUtils.java:logGet(43)) - raft.server.log.segment.cache.num.max = 2 (custom)
2019-09-25 05:06:15,227 [pool-27-thread-1] INFO  segmented.SegmentedRaftLogWorker (SegmentedRaftLogWorker.java:<init>(172)) - new f77bfc29-6991-4b1d-a503-f706c83de4fc@group-D1E4F48C375A-SegmentedRaftLogWorker for RaftStorage:Storage Directory /workdir/hadoop-ozone/integration-test/target/test-dir/MiniOzoneClusterImpl-23306158-e895-4fc7-80df-ce6c264c388b/datanode-0/data/ratis/77b8d50e-d45d-4ffd-b460-d1e4f48c375a
2019-09-25 05:06:15,227 [pool-27-thread-1] INFO  server.RaftServerConfigKeys (ConfUtils.java:logGet(43)) - raft.server.log.queue.byte-limit = 2147483647 (custom)
2019-09-25 05:06:15,227 [pool-27-thread-1] INFO  server.RaftServerConfigKeys (ConfUtils.java:logGet(43)) - raft.server.log.queue.element-limit = 1024 (custom)
2019-09-25 05:06:15,227 [pool-27-thread-1] INFO  server.RaftServerConfigKeys (ConfUtils.java:logGet(43)) - raft.server.log.segment.size.max = 1048576 (custom)
2019-09-25 05:06:15,228 [pool-27-thread-1] INFO  server.RaftServerConfigKeys (ConfUtils.java:logGet(43)) - raft.server.log.preallocated.size = 16384 (custom)
2019-09-25 05:06:15,228 [pool-27-thread-1] INFO  server.RaftServerConfigKeys (ConfUtils.java:logGet(43)) - raft.server.log.write.buffer.size = 33554432 (custom)
2019-09-25 05:06:15,228 [pool-27-thread-1] INFO  server.RaftServerConfigKeys (ConfUtils.java:logGet(43)) - raft.server.log.force.sync.num = 128 (default)
2019-09-25 05:06:15,228 [pool-27-thread-1] INFO  server.RaftServerConfigKeys (ConfUtils.java:logGet(43)) - raft.server.log.statemachine.data.sync = true (default)
2019-09-25 05:06:15,228 [pool-27-thread-1] INFO  server.RaftServerConfigKeys (ConfUtils.java:logGet(43)) - raft.server.log.statemachine.data.sync.timeout = 10s (default)
2019-09-25 05:06:15,228 [pool-27-thread-1] INFO  server.RaftServerConfigKeys (ConfUtils.java:logGet(43)) - raft.server.log.statemachine.data.sync.timeout.retry = -1 (default)
2019-09-25 05:06:15,229 [pool-27-thread-1] INFO  server.RaftServerConfigKeys (ConfUtils.java:logGet(43)) - raft.server.log.statemachine.data.caching.enabled = true (custom)
2019-09-25 05:06:15,229 [pool-27-thread-1] INFO  segmented.SegmentedRaftLogWorker (SegmentedRaftLogWorker.java:lambda$new$0(132)) - f77bfc29-6991-4b1d-a503-f706c83de4fc@group-D1E4F48C375A-SegmentedRaftLogWorker: flushIndex: setUnconditionally 0 -> -1
2019-09-25 05:06:15,230 [pool-27-thread-1] INFO  server.RaftServerConfigKeys (ConfUtils.java:logGet(43)) - raft.server.snapshot.auto.trigger.enabled = true (custom)
2019-09-25 05:06:15,230 [pool-27-thread-1] INFO  server.RaftServerConfigKeys (ConfUtils.java:logGet(43)) - raft.server.snapshot.auto.trigger.threshold = 10000 (custom)
2019-09-25 05:06:15,230 [pool-27-thread-1] INFO  server.RaftServerConfigKeys (ConfUtils.java:logGet(43)) - raft.server.snapshot.retention.num.files = 5 (custom)
2019-09-25 05:06:15,230 [pool-27-thread-1] INFO  server.RaftServerConfigKeys (ConfUtils.java:logGet(43)) - raft.server.retrycache.expirytime = 600000ms (custom)
2019-09-25 05:06:15,233 [pool-27-thread-1] INFO  impl.RaftServerImpl (RaftServerImpl.java:start(185)) - f77bfc29-6991-4b1d-a503-f706c83de4fc@group-D1E4F48C375A: start as a follower, conf=-1: [f77bfc29-6991-4b1d-a503-f706c83de4fc:192.168.30.10:35112], old=null
2019-09-25 05:06:15,233 [pool-27-thread-1] INFO  impl.RaftServerImpl (RaftServerImpl.java:setRole(174)) - f77bfc29-6991-4b1d-a503-f706c83de4fc@group-D1E4F48C375A: changes role from      null to FOLLOWER at term 0 for startAsFollower
2019-09-25 05:06:15,233 [pool-27-thread-1] INFO  impl.RoleInfo (RoleInfo.java:updateAndGet(143)) - f77bfc29-6991-4b1d-a503-f706c83de4fc: start FollowerState
2019-09-25 05:06:15,233 [pool-27-thread-1] INFO  util.JmxRegister (JmxRegister.java:tryRegister(44)) - Successfully registered JMX Bean with object name Ratis:service=RaftServer,group=group-D1E4F48C375A,id=f77bfc29-6991-4b1d-a503-f706c83de4fc
2019-09-25 05:06:15,235 [Thread-355] INFO  impl.FollowerState (FollowerState.java:run(106)) - b4fa7d23-6606-45fd-9544-2b08ca3fa933:group-70215CD899DC changes to CANDIDATE, lastRpcTime:5109, electionTimeout:5109ms
2019-09-25 05:06:15,235 [Thread-355] INFO  impl.RoleInfo (RoleInfo.java:shutdownFollowerState(121)) - b4fa7d23-6606-45fd-9544-2b08ca3fa933: shutdown FollowerState
2019-09-25 05:06:15,235 [Thread-355] INFO  impl.RaftServerImpl (RaftServerImpl.java:setRole(174)) - b4fa7d23-6606-45fd-9544-2b08ca3fa933@group-70215CD899DC: changes role from  FOLLOWER to CANDIDATE at term 0 for changeToCandidate
2019-09-25 05:06:15,235 [Thread-355] INFO  impl.RoleInfo (RoleInfo.java:updateAndGet(143)) - b4fa7d23-6606-45fd-9544-2b08ca3fa933: start LeaderElection
2019-09-25 05:06:15,240 [c8798e02-7f0c-41f7-82c2-a17323bcf21e@group-C92D60047F69-SegmentedRaftLogWorker] INFO  segmented.SegmentedRaftLogWorker (SegmentedRaftLogWorker.java:execute(569)) - c8798e02-7f0c-41f7-82c2-a17323bcf21e@group-C92D60047F69-SegmentedRaftLogWorker: created new log segment /workdir/hadoop-ozone/integration-test/target/test-dir/MiniOzoneClusterImpl-23306158-e895-4fc7-80df-ce6c264c388b/datanode-2/data/ratis/1e0b92e0-4298-43f5-93db-c92d60047f69/current/log_inprogress_0
2019-09-25 05:06:15,241 [RatisPipelineUtilsThread] INFO  pipeline.PipelineStateManager (PipelineStateManager.java:addPipeline(56)) - Created pipeline Pipeline[ Id: 77b8d50e-d45d-4ffd-b460-d1e4f48c375a, Nodes: f77bfc29-6991-4b1d-a503-f706c83de4fc{ip: 192.168.30.10, host: pr-hdds-1569-s62bp-3040748787, networkLocation: /default-rack, certSerialId: null}, Type:RATIS, Factor:ONE, State:OPEN]
2019-09-25 05:06:15,247 [grpc-default-executor-0] INFO  impl.RaftServerProxy (RaftServerProxy.java:addNew(89)) - 36ac27b3-2f11-437d-8f1f-165306b0ff4a: addNew group-9D3FBAA3679F:[36ac27b3-2f11-437d-8f1f-165306b0ff4a:192.168.30.10:45265] returns group-9D3FBAA3679F:java.util.concurrent.CompletableFuture@3a8232e8[Not completed]
2019-09-25 05:06:15,249 [pool-37-thread-1] INFO  impl.RaftServerImpl (RaftServerImpl.java:<init>(95)) - 36ac27b3-2f11-437d-8f1f-165306b0ff4a: new RaftServerImpl for group-9D3FBAA3679F:[36ac27b3-2f11-437d-8f1f-165306b0ff4a:192.168.30.10:45265] with ContainerStateMachine:uninitialized
2019-09-25 05:06:15,249 [pool-37-thread-1] INFO  server.RaftServerConfigKeys (ConfUtils.java:logGet(43)) - raft.server.rpc.timeout.min = 5s (custom)
2019-09-25 05:06:15,250 [pool-37-thread-1] INFO  server.RaftServerConfigKeys (ConfUtils.java:logGet(43)) - raft.server.rpc.timeout.max = 5200ms (custom)
2019-09-25 05:06:15,250 [pool-37-thread-1] INFO  server.RaftServerConfigKeys (ConfUtils.java:logGet(43)) - raft.server.rpcslowness.timeout = 120s (custom)
2019-09-25 05:06:15,250 [pool-37-thread-1] INFO  server.RaftServerConfigKeys (ConfUtils.java:logGet(43)) - raft.server.sleep.deviation.threshold = 300 (default)
2019-09-25 05:06:15,250 [pool-37-thread-1] INFO  server.RaftServerConfigKeys (ConfUtils.java:logGet(43)) - raft.server.log.appender.install.snapshot.enabled = false (custom)
2019-09-25 05:06:15,250 [pool-37-thread-1] INFO  impl.RaftServerImpl (ServerState.java:<init>(103)) - 36ac27b3-2f11-437d-8f1f-165306b0ff4a@group-9D3FBAA3679F: ConfigurationManager, init=-1: [36ac27b3-2f11-437d-8f1f-165306b0ff4a:192.168.30.10:45265], old=null, confs=<EMPTY_MAP>
2019-09-25 05:06:15,251 [pool-37-thread-1] INFO  server.RaftServerConfigKeys (ConfUtils.java:logGet(43)) - raft.server.storage.dir = [/workdir/hadoop-ozone/integration-test/target/test-dir/MiniOzoneClusterImpl-23306158-e895-4fc7-80df-ce6c264c388b/datanode-1/data/ratis] (custom)
2019-09-25 05:06:15,251 [pool-37-thread-1] INFO  storage.RaftStorageDirectory (RaftStorageDirectory.java:analyzeStorage(246)) - The storage directory /workdir/hadoop-ozone/integration-test/target/test-dir/MiniOzoneClusterImpl-23306158-e895-4fc7-80df-ce6c264c388b/datanode-1/data/ratis/adf26645-dba5-4acd-8dea-9d3fbaa3679f does not exist. Creating ...
2019-09-25 05:06:15,253 [b4fa7d23-6606-45fd-9544-2b08ca3fa933@group-70215CD899DC:LeaderElection38] INFO  impl.LeaderElection (LeaderElection.java:askForVotes(182)) - b4fa7d23-6606-45fd-9544-2b08ca3fa933@group-70215CD899DC:LeaderElection38: begin an election at term 1 for -1: [b4fa7d23-6606-45fd-9544-2b08ca3fa933:192.168.30.10:34493], old=null
2019-09-25 05:06:15,253 [b4fa7d23-6606-45fd-9544-2b08ca3fa933@group-70215CD899DC:LeaderElection38] INFO  impl.RoleInfo (RoleInfo.java:shutdownLeaderElection(134)) - b4fa7d23-6606-45fd-9544-2b08ca3fa933: shutdown LeaderElection
2019-09-25 05:06:15,253 [b4fa7d23-6606-45fd-9544-2b08ca3fa933@group-70215CD899DC:LeaderElection38] INFO  impl.RaftServerImpl (RaftServerImpl.java:setRole(174)) - b4fa7d23-6606-45fd-9544-2b08ca3fa933@group-70215CD899DC: changes role from CANDIDATE to LEADER at term 1 for changeToLeader
2019-09-25 05:06:15,253 [b4fa7d23-6606-45fd-9544-2b08ca3fa933@group-70215CD899DC:LeaderElection38] INFO  impl.RaftServerImpl (ServerState.java:setLeader(253)) - b4fa7d23-6606-45fd-9544-2b08ca3fa933@group-70215CD899DC: change Leader from null to b4fa7d23-6606-45fd-9544-2b08ca3fa933 at term 1 for becomeLeader, leader elected after 5135ms
2019-09-25 05:06:15,254 [b4fa7d23-6606-45fd-9544-2b08ca3fa933@group-70215CD899DC:LeaderElection38] INFO  server.RaftServerConfigKeys (ConfUtils.java:logGet(43)) - raft.server.staging.catchup.gap = 1000 (default)
2019-09-25 05:06:15,254 [b4fa7d23-6606-45fd-9544-2b08ca3fa933@group-70215CD899DC:LeaderElection38] INFO  server.RaftServerConfigKeys (ConfUtils.java:logGet(43)) - raft.server.rpc.sleep.time = 25ms (default)
2019-09-25 05:06:15,254 [b4fa7d23-6606-45fd-9544-2b08ca3fa933@group-70215CD899DC:LeaderElection38] INFO  server.RaftServerConfigKeys (ConfUtils.java:logGet(43)) - raft.server.write.element-limit = 4096 (default)
2019-09-25 05:06:15,254 [b4fa7d23-6606-45fd-9544-2b08ca3fa933@group-70215CD899DC:LeaderElection38] INFO  server.RaftServerConfigKeys (ConfUtils.java:logGet(43)) - raft.server.watch.timeout = 10s (default)
2019-09-25 05:06:15,254 [b4fa7d23-6606-45fd-9544-2b08ca3fa933@group-70215CD899DC:LeaderElection38] INFO  server.RaftServerConfigKeys (ConfUtils.java:logGet(43)) - raft.server.watch.timeout.denomination = 1s (default)
2019-09-25 05:06:15,254 [b4fa7d23-6606-45fd-9544-2b08ca3fa933@group-70215CD899DC:LeaderElection38] INFO  server.RaftServerConfigKeys (ConfUtils.java:logGet(43)) - raft.server.watch.element-limit = 65536 (default)
2019-09-25 05:06:15,255 [pool-37-thread-1] INFO  storage.RaftStorageDirectory (RaftStorageDirectory.java:tryLock(328)) - Lock on /workdir/hadoop-ozone/integration-test/target/test-dir/MiniOzoneClusterImpl-23306158-e895-4fc7-80df-ce6c264c388b/datanode-1/data/ratis/adf26645-dba5-4acd-8dea-9d3fbaa3679f/in_use.lock acquired by nodename 25526@pr-hdds-1569-s62bp-3040748787
2019-09-25 05:06:15,256 [b4fa7d23-6606-45fd-9544-2b08ca3fa933@group-70215CD899DC:LeaderElection38] INFO  impl.RoleInfo (RoleInfo.java:updateAndGet(143)) - b4fa7d23-6606-45fd-9544-2b08ca3fa933: start LeaderState
2019-09-25 05:06:15,257 [b4fa7d23-6606-45fd-9544-2b08ca3fa933@group-70215CD899DC:LeaderElection38] INFO  segmented.SegmentedRaftLogWorker (SegmentedRaftLogWorker.java:startLogSegment(380)) - b4fa7d23-6606-45fd-9544-2b08ca3fa933@group-70215CD899DC-SegmentedRaftLogWorker: Starting segment from index:0
2019-09-25 05:06:15,257 [b4fa7d23-6606-45fd-9544-2b08ca3fa933@group-70215CD899DC:LeaderElection38] INFO  impl.RaftServerImpl (ServerState.java:setRaftConf(354)) - b4fa7d23-6606-45fd-9544-2b08ca3fa933@group-70215CD899DC: set configuration 0: [b4fa7d23-6606-45fd-9544-2b08ca3fa933:192.168.30.10:34493], old=null at 0
2019-09-25 05:06:15,296 [pool-37-thread-1] INFO  storage.RaftStorage (RaftStorage.java:format(72)) - Storage directory /workdir/hadoop-ozone/integration-test/target/test-dir/MiniOzoneClusterImpl-23306158-e895-4fc7-80df-ce6c264c388b/datanode-1/data/ratis/adf26645-dba5-4acd-8dea-9d3fbaa3679f has been successfully formatted.
2019-09-25 05:06:15,297 [pool-37-thread-1] INFO  ratis.ContainerStateMachine (ContainerStateMachine.java:loadSnapshot(230)) - group-9D3FBAA3679F: The snapshot info is null. Setting the last applied indexto:(t:0, i:~)
2019-09-25 05:06:15,297 [pool-37-thread-1] INFO  server.RaftServerConfigKeys (ConfUtils.java:logGet(43)) - raft.server.notification.no-leader.timeout = 120s (custom)
2019-09-25 05:06:15,297 [pool-37-thread-1] INFO  server.RaftServerConfigKeys (ConfUtils.java:logGet(43)) - raft.server.log.use.memory = false (default)
2019-09-25 05:06:15,297 [pool-37-thread-1] INFO  server.RaftServerConfigKeys (ConfUtils.java:logGet(43)) - raft.server.log.purge.gap = 1000000 (custom)
2019-09-25 05:06:15,297 [pool-37-thread-1] INFO  server.RaftServerConfigKeys (ConfUtils.java:logGet(43)) - raft.server.log.appender.buffer.byte-limit = 33554432 (custom)
2019-09-25 05:06:15,298 [pool-37-thread-1] INFO  server.RaftServerConfigKeys (ConfUtils.java:logGet(43)) - raft.server.log.segment.size.max = 1048576 (custom)
2019-09-25 05:06:15,298 [pool-37-thread-1] INFO  server.RaftServerConfigKeys (ConfUtils.java:logGet(43)) - raft.server.log.segment.cache.num.max = 2 (custom)
2019-09-25 05:06:15,298 [pool-37-thread-1] INFO  segmented.SegmentedRaftLogWorker (SegmentedRaftLogWorker.java:<init>(172)) - new 36ac27b3-2f11-437d-8f1f-165306b0ff4a@group-9D3FBAA3679F-SegmentedRaftLogWorker for RaftStorage:Storage Directory /workdir/hadoop-ozone/integration-test/target/test-dir/MiniOzoneClusterImpl-23306158-e895-4fc7-80df-ce6c264c388b/datanode-1/data/ratis/adf26645-dba5-4acd-8dea-9d3fbaa3679f
2019-09-25 05:06:15,298 [pool-37-thread-1] INFO  server.RaftServerConfigKeys (ConfUtils.java:logGet(43)) - raft.server.log.queue.byte-limit = 2147483647 (custom)
2019-09-25 05:06:15,298 [pool-37-thread-1] INFO  server.RaftServerConfigKeys (ConfUtils.java:logGet(43)) - raft.server.log.queue.element-limit = 1024 (custom)
2019-09-25 05:06:15,299 [pool-37-thread-1] INFO  server.RaftServerConfigKeys (ConfUtils.java:logGet(43)) - raft.server.log.segment.size.max = 1048576 (custom)
2019-09-25 05:06:15,299 [pool-37-thread-1] INFO  server.RaftServerConfigKeys (ConfUtils.java:logGet(43)) - raft.server.log.preallocated.size = 16384 (custom)
2019-09-25 05:06:15,299 [pool-37-thread-1] INFO  server.RaftServerConfigKeys (ConfUtils.java:logGet(43)) - raft.server.log.write.buffer.size = 33554432 (custom)
2019-09-25 05:06:15,299 [pool-37-thread-1] INFO  server.RaftServerConfigKeys (ConfUtils.java:logGet(43)) - raft.server.log.force.sync.num = 128 (default)
2019-09-25 05:06:15,300 [pool-37-thread-1] INFO  server.RaftServerConfigKeys (ConfUtils.java:logGet(43)) - raft.server.log.statemachine.data.sync = true (default)
2019-09-25 05:06:15,300 [pool-37-thread-1] INFO  server.RaftServerConfigKeys (ConfUtils.java:logGet(43)) - raft.server.log.statemachine.data.sync.timeout = 10s (default)
2019-09-25 05:06:15,300 [pool-37-thread-1] INFO  server.RaftServerConfigKeys (ConfUtils.java:logGet(43)) - raft.server.log.statemachine.data.sync.timeout.retry = -1 (default)
2019-09-25 05:06:15,300 [pool-37-thread-1] INFO  server.RaftServerConfigKeys (ConfUtils.java:logGet(43)) - raft.server.log.statemachine.data.caching.enabled = true (custom)
2019-09-25 05:06:15,301 [pool-37-thread-1] INFO  segmented.SegmentedRaftLogWorker (SegmentedRaftLogWorker.java:lambda$new$0(132)) - 36ac27b3-2f11-437d-8f1f-165306b0ff4a@group-9D3FBAA3679F-SegmentedRaftLogWorker: flushIndex: setUnconditionally 0 -> -1
2019-09-25 05:06:15,301 [pool-37-thread-1] INFO  server.RaftServerConfigKeys (ConfUtils.java:logGet(43)) - raft.server.snapshot.auto.trigger.enabled = true (custom)
2019-09-25 05:06:15,301 [pool-37-thread-1] INFO  server.RaftServerConfigKeys (ConfUtils.java:logGet(43)) - raft.server.snapshot.auto.trigger.threshold = 10000 (custom)
2019-09-25 05:06:15,301 [pool-37-thread-1] INFO  server.RaftServerConfigKeys (ConfUtils.java:logGet(43)) - raft.server.snapshot.retention.num.files = 5 (custom)
2019-09-25 05:06:15,302 [pool-37-thread-1] INFO  server.RaftServerConfigKeys (ConfUtils.java:logGet(43)) - raft.server.retrycache.expirytime = 600000ms (custom)
2019-09-25 05:06:15,305 [pool-37-thread-1] INFO  impl.RaftServerImpl (RaftServerImpl.java:start(185)) - 36ac27b3-2f11-437d-8f1f-165306b0ff4a@group-9D3FBAA3679F: start as a follower, conf=-1: [36ac27b3-2f11-437d-8f1f-165306b0ff4a:192.168.30.10:45265], old=null
2019-09-25 05:06:15,305 [pool-37-thread-1] INFO  impl.RaftServerImpl (RaftServerImpl.java:setRole(174)) - 36ac27b3-2f11-437d-8f1f-165306b0ff4a@group-9D3FBAA3679F: changes role from      null to FOLLOWER at term 0 for startAsFollower
2019-09-25 05:06:15,305 [pool-37-thread-1] INFO  impl.RoleInfo (RoleInfo.java:updateAndGet(143)) - 36ac27b3-2f11-437d-8f1f-165306b0ff4a: start FollowerState
2019-09-25 05:06:15,309 [b4fa7d23-6606-45fd-9544-2b08ca3fa933@group-70215CD899DC-SegmentedRaftLogWorker] INFO  segmented.SegmentedRaftLogWorker (SegmentedRaftLogWorker.java:execute(569)) - b4fa7d23-6606-45fd-9544-2b08ca3fa933@group-70215CD899DC-SegmentedRaftLogWorker: created new log segment /workdir/hadoop-ozone/integration-test/target/test-dir/MiniOzoneClusterImpl-23306158-e895-4fc7-80df-ce6c264c388b/datanode-5/data/ratis/37306cc7-62fa-4568-b42b-70215cd899dc/current/log_inprogress_0
2019-09-25 05:06:15,313 [pool-37-thread-1] INFO  util.JmxRegister (JmxRegister.java:tryRegister(44)) - Successfully registered JMX Bean with object name Ratis:service=RaftServer,group=group-9D3FBAA3679F,id=36ac27b3-2f11-437d-8f1f-165306b0ff4a
2019-09-25 05:06:15,316 [RatisPipelineUtilsThread] INFO  pipeline.PipelineStateManager (PipelineStateManager.java:addPipeline(56)) - Created pipeline Pipeline[ Id: adf26645-dba5-4acd-8dea-9d3fbaa3679f, Nodes: 36ac27b3-2f11-437d-8f1f-165306b0ff4a{ip: 192.168.30.10, host: pr-hdds-1569-s62bp-3040748787, networkLocation: /default-rack, certSerialId: null}, Type:RATIS, Factor:ONE, State:OPEN]
2019-09-25 05:06:15,322 [grpc-default-executor-0] INFO  impl.RaftServerProxy (RaftServerProxy.java:addNew(89)) - 56396258-65a3-478c-9482-0be0199dd49c: addNew group-2570D1B685B2:[56396258-65a3-478c-9482-0be0199dd49c:192.168.30.10:41678] returns group-2570D1B685B2:java.util.concurrent.CompletableFuture@2d5dd097[Not completed]
2019-09-25 05:06:15,324 [pool-87-thread-1] INFO  impl.RaftServerImpl (RaftServerImpl.java:<init>(95)) - 56396258-65a3-478c-9482-0be0199dd49c: new RaftServerImpl for group-2570D1B685B2:[56396258-65a3-478c-9482-0be0199dd49c:192.168.30.10:41678] with ContainerStateMachine:uninitialized
2019-09-25 05:06:15,324 [pool-87-thread-1] INFO  server.RaftServerConfigKeys (ConfUtils.java:logGet(43)) - raft.server.rpc.timeout.min = 5s (custom)
2019-09-25 05:06:15,324 [pool-87-thread-1] INFO  server.RaftServerConfigKeys (ConfUtils.java:logGet(43)) - raft.server.rpc.timeout.max = 5200ms (custom)
2019-09-25 05:06:15,325 [pool-87-thread-1] INFO  server.RaftServerConfigKeys (ConfUtils.java:logGet(43)) - raft.server.rpcslowness.timeout = 120s (custom)
2019-09-25 05:06:15,325 [pool-87-thread-1] INFO  server.RaftServerConfigKeys (ConfUtils.java:logGet(43)) - raft.server.sleep.deviation.threshold = 300 (default)
2019-09-25 05:06:15,325 [pool-87-thread-1] INFO  server.RaftServerConfigKeys (ConfUtils.java:logGet(43)) - raft.server.log.appender.install.snapshot.enabled = false (custom)
2019-09-25 05:06:15,325 [pool-87-thread-1] INFO  impl.RaftServerImpl (ServerState.java:<init>(103)) - 56396258-65a3-478c-9482-0be0199dd49c@group-2570D1B685B2: ConfigurationManager, init=-1: [56396258-65a3-478c-9482-0be0199dd49c:192.168.30.10:41678], old=null, confs=<EMPTY_MAP>
2019-09-25 05:06:15,325 [pool-87-thread-1] INFO  server.RaftServerConfigKeys (ConfUtils.java:logGet(43)) - raft.server.storage.dir = [/workdir/hadoop-ozone/integration-test/target/test-dir/MiniOzoneClusterImpl-23306158-e895-4fc7-80df-ce6c264c388b/datanode-6/data/ratis] (custom)
2019-09-25 05:06:15,326 [pool-87-thread-1] INFO  storage.RaftStorageDirectory (RaftStorageDirectory.java:analyzeStorage(246)) - The storage directory /workdir/hadoop-ozone/integration-test/target/test-dir/MiniOzoneClusterImpl-23306158-e895-4fc7-80df-ce6c264c388b/datanode-6/data/ratis/ed03ac38-a0a2-4b8f-9359-2570d1b685b2 does not exist. Creating ...
2019-09-25 05:06:15,329 [pool-87-thread-1] INFO  storage.RaftStorageDirectory (RaftStorageDirectory.java:tryLock(328)) - Lock on /workdir/hadoop-ozone/integration-test/target/test-dir/MiniOzoneClusterImpl-23306158-e895-4fc7-80df-ce6c264c388b/datanode-6/data/ratis/ed03ac38-a0a2-4b8f-9359-2570d1b685b2/in_use.lock acquired by nodename 25526@pr-hdds-1569-s62bp-3040748787
2019-09-25 05:06:15,338 [pool-87-thread-1] INFO  storage.RaftStorage (RaftStorage.java:format(72)) - Storage directory /workdir/hadoop-ozone/integration-test/target/test-dir/MiniOzoneClusterImpl-23306158-e895-4fc7-80df-ce6c264c388b/datanode-6/data/ratis/ed03ac38-a0a2-4b8f-9359-2570d1b685b2 has been successfully formatted.
2019-09-25 05:06:15,339 [pool-87-thread-1] INFO  ratis.ContainerStateMachine (ContainerStateMachine.java:loadSnapshot(230)) - group-2570D1B685B2: The snapshot info is null. Setting the last applied indexto:(t:0, i:~)
2019-09-25 05:06:15,339 [pool-87-thread-1] INFO  server.RaftServerConfigKeys (ConfUtils.java:logGet(43)) - raft.server.notification.no-leader.timeout = 120s (custom)
2019-09-25 05:06:15,339 [pool-87-thread-1] INFO  server.RaftServerConfigKeys (ConfUtils.java:logGet(43)) - raft.server.log.use.memory = false (default)
2019-09-25 05:06:15,339 [pool-87-thread-1] INFO  server.RaftServerConfigKeys (ConfUtils.java:logGet(43)) - raft.server.log.purge.gap = 1000000 (custom)
2019-09-25 05:06:15,339 [pool-87-thread-1] INFO  server.RaftServerConfigKeys (ConfUtils.java:logGet(43)) - raft.server.log.appender.buffer.byte-limit = 33554432 (custom)
2019-09-25 05:06:15,340 [pool-87-thread-1] INFO  server.RaftServerConfigKeys (ConfUtils.java:logGet(43)) - raft.server.log.segment.size.max = 1048576 (custom)
2019-09-25 05:06:15,340 [pool-87-thread-1] INFO  server.RaftServerConfigKeys (ConfUtils.java:logGet(43)) - raft.server.log.segment.cache.num.max = 2 (custom)
2019-09-25 05:06:15,340 [pool-87-thread-1] INFO  segmented.SegmentedRaftLogWorker (SegmentedRaftLogWorker.java:<init>(172)) - new 56396258-65a3-478c-9482-0be0199dd49c@group-2570D1B685B2-SegmentedRaftLogWorker for RaftStorage:Storage Directory /workdir/hadoop-ozone/integration-test/target/test-dir/MiniOzoneClusterImpl-23306158-e895-4fc7-80df-ce6c264c388b/datanode-6/data/ratis/ed03ac38-a0a2-4b8f-9359-2570d1b685b2
2019-09-25 05:06:15,340 [pool-87-thread-1] INFO  server.RaftServerConfigKeys (ConfUtils.java:logGet(43)) - raft.server.log.queue.byte-limit = 2147483647 (custom)
2019-09-25 05:06:15,340 [pool-87-thread-1] INFO  server.RaftServerConfigKeys (ConfUtils.java:logGet(43)) - raft.server.log.queue.element-limit = 1024 (custom)
2019-09-25 05:06:15,341 [pool-87-thread-1] INFO  server.RaftServerConfigKeys (ConfUtils.java:logGet(43)) - raft.server.log.segment.size.max = 1048576 (custom)
2019-09-25 05:06:15,341 [pool-87-thread-1] INFO  server.RaftServerConfigKeys (ConfUtils.java:logGet(43)) - raft.server.log.preallocated.size = 16384 (custom)
2019-09-25 05:06:15,341 [pool-87-thread-1] INFO  server.RaftServerConfigKeys (ConfUtils.java:logGet(43)) - raft.server.log.write.buffer.size = 33554432 (custom)
2019-09-25 05:06:15,341 [pool-87-thread-1] INFO  server.RaftServerConfigKeys (ConfUtils.java:logGet(43)) - raft.server.log.force.sync.num = 128 (default)
2019-09-25 05:06:15,341 [pool-87-thread-1] INFO  server.RaftServerConfigKeys (ConfUtils.java:logGet(43)) - raft.server.log.statemachine.data.sync = true (default)
2019-09-25 05:06:15,341 [pool-87-thread-1] INFO  server.RaftServerConfigKeys (ConfUtils.java:logGet(43)) - raft.server.log.statemachine.data.sync.timeout = 10s (default)
2019-09-25 05:06:15,342 [pool-87-thread-1] INFO  server.RaftServerConfigKeys (ConfUtils.java:logGet(43)) - raft.server.log.statemachine.data.sync.timeout.retry = -1 (default)
2019-09-25 05:06:15,342 [pool-87-thread-1] INFO  server.RaftServerConfigKeys (ConfUtils.java:logGet(43)) - raft.server.log.statemachine.data.caching.enabled = true (custom)
2019-09-25 05:06:15,342 [pool-87-thread-1] INFO  segmented.SegmentedRaftLogWorker (SegmentedRaftLogWorker.java:lambda$new$0(132)) - 56396258-65a3-478c-9482-0be0199dd49c@group-2570D1B685B2-SegmentedRaftLogWorker: flushIndex: setUnconditionally 0 -> -1
2019-09-25 05:06:15,343 [pool-87-thread-1] INFO  server.RaftServerConfigKeys (ConfUtils.java:logGet(43)) - raft.server.snapshot.auto.trigger.enabled = true (custom)
2019-09-25 05:06:15,343 [pool-87-thread-1] INFO  server.RaftServerConfigKeys (ConfUtils.java:logGet(43)) - raft.server.snapshot.auto.trigger.threshold = 10000 (custom)
2019-09-25 05:06:15,343 [pool-87-thread-1] INFO  server.RaftServerConfigKeys (ConfUtils.java:logGet(43)) - raft.server.snapshot.retention.num.files = 5 (custom)
2019-09-25 05:06:15,343 [pool-87-thread-1] INFO  server.RaftServerConfigKeys (ConfUtils.java:logGet(43)) - raft.server.retrycache.expirytime = 600000ms (custom)
2019-09-25 05:06:15,345 [pool-87-thread-1] INFO  impl.RaftServerImpl (RaftServerImpl.java:start(185)) - 56396258-65a3-478c-9482-0be0199dd49c@group-2570D1B685B2: start as a follower, conf=-1: [56396258-65a3-478c-9482-0be0199dd49c:192.168.30.10:41678], old=null
2019-09-25 05:06:15,345 [pool-87-thread-1] INFO  impl.RaftServerImpl (RaftServerImpl.java:setRole(174)) - 56396258-65a3-478c-9482-0be0199dd49c@group-2570D1B685B2: changes role from      null to FOLLOWER at term 0 for startAsFollower
2019-09-25 05:06:15,345 [pool-87-thread-1] INFO  impl.RoleInfo (RoleInfo.java:updateAndGet(143)) - 56396258-65a3-478c-9482-0be0199dd49c: start FollowerState
2019-09-25 05:06:15,346 [pool-87-thread-1] INFO  util.JmxRegister (JmxRegister.java:tryRegister(44)) - Successfully registered JMX Bean with object name Ratis:service=RaftServer,group=group-2570D1B685B2,id=56396258-65a3-478c-9482-0be0199dd49c
2019-09-25 05:06:15,348 [RatisPipelineUtilsThread] INFO  pipeline.PipelineStateManager (PipelineStateManager.java:addPipeline(56)) - Created pipeline Pipeline[ Id: ed03ac38-a0a2-4b8f-9359-2570d1b685b2, Nodes: 56396258-65a3-478c-9482-0be0199dd49c{ip: 192.168.30.10, host: pr-hdds-1569-s62bp-3040748787, networkLocation: /default-rack, certSerialId: null}, Type:RATIS, Factor:ONE, State:OPEN]
2019-09-25 05:06:15,354 [grpc-default-executor-0] INFO  impl.RaftServerProxy (RaftServerProxy.java:addNew(89)) - b4fa7d23-6606-45fd-9544-2b08ca3fa933: addNew group-490C88226581:[b4fa7d23-6606-45fd-9544-2b08ca3fa933:192.168.30.10:34493] returns group-490C88226581:java.util.concurrent.CompletableFuture@7726b3b9[Not completed]
2019-09-25 05:06:15,356 [pool-77-thread-1] INFO  impl.RaftServerImpl (RaftServerImpl.java:<init>(95)) - b4fa7d23-6606-45fd-9544-2b08ca3fa933: new RaftServerImpl for group-490C88226581:[b4fa7d23-6606-45fd-9544-2b08ca3fa933:192.168.30.10:34493] with ContainerStateMachine:uninitialized
2019-09-25 05:06:15,356 [pool-77-thread-1] INFO  server.RaftServerConfigKeys (ConfUtils.java:logGet(43)) - raft.server.rpc.timeout.min = 5s (custom)
2019-09-25 05:06:15,356 [pool-77-thread-1] INFO  server.RaftServerConfigKeys (ConfUtils.java:logGet(43)) - raft.server.rpc.timeout.max = 5200ms (custom)
2019-09-25 05:06:15,356 [pool-77-thread-1] INFO  server.RaftServerConfigKeys (ConfUtils.java:logGet(43)) - raft.server.rpcslowness.timeout = 120s (custom)
2019-09-25 05:06:15,356 [pool-77-thread-1] INFO  server.RaftServerConfigKeys (ConfUtils.java:logGet(43)) - raft.server.sleep.deviation.threshold = 300 (default)
2019-09-25 05:06:15,356 [pool-77-thread-1] INFO  server.RaftServerConfigKeys (ConfUtils.java:logGet(43)) - raft.server.log.appender.install.snapshot.enabled = false (custom)
2019-09-25 05:06:15,357 [pool-77-thread-1] INFO  impl.RaftServerImpl (ServerState.java:<init>(103)) - b4fa7d23-6606-45fd-9544-2b08ca3fa933@group-490C88226581: ConfigurationManager, init=-1: [b4fa7d23-6606-45fd-9544-2b08ca3fa933:192.168.30.10:34493], old=null, confs=<EMPTY_MAP>
2019-09-25 05:06:15,357 [pool-77-thread-1] INFO  server.RaftServerConfigKeys (ConfUtils.java:logGet(43)) - raft.server.storage.dir = [/workdir/hadoop-ozone/integration-test/target/test-dir/MiniOzoneClusterImpl-23306158-e895-4fc7-80df-ce6c264c388b/datanode-5/data/ratis] (custom)
2019-09-25 05:06:15,357 [Thread-358] INFO  impl.FollowerState (FollowerState.java:run(106)) - b4fa7d23-6606-45fd-9544-2b08ca3fa933:group-FC18559676CF changes to CANDIDATE, lastRpcTime:5152, electionTimeout:5152ms
2019-09-25 05:06:15,358 [Thread-358] INFO  impl.RoleInfo (RoleInfo.java:shutdownFollowerState(121)) - b4fa7d23-6606-45fd-9544-2b08ca3fa933: shutdown FollowerState
2019-09-25 05:06:15,358 [pool-77-thread-1] INFO  storage.RaftStorageDirectory (RaftStorageDirectory.java:analyzeStorage(246)) - The storage directory /workdir/hadoop-ozone/integration-test/target/test-dir/MiniOzoneClusterImpl-23306158-e895-4fc7-80df-ce6c264c388b/datanode-5/data/ratis/bfc6f6d3-34fd-47e5-9c18-490c88226581 does not exist. Creating ...
2019-09-25 05:06:15,358 [Thread-358] INFO  impl.RaftServerImpl (RaftServerImpl.java:setRole(174)) - b4fa7d23-6606-45fd-9544-2b08ca3fa933@group-FC18559676CF: changes role from  FOLLOWER to CANDIDATE at term 0 for changeToCandidate
2019-09-25 05:06:15,358 [Thread-358] INFO  impl.RoleInfo (RoleInfo.java:updateAndGet(143)) - b4fa7d23-6606-45fd-9544-2b08ca3fa933: start LeaderElection
2019-09-25 05:06:15,372 [pool-77-thread-1] INFO  storage.RaftStorageDirectory (RaftStorageDirectory.java:tryLock(328)) - Lock on /workdir/hadoop-ozone/integration-test/target/test-dir/MiniOzoneClusterImpl-23306158-e895-4fc7-80df-ce6c264c388b/datanode-5/data/ratis/bfc6f6d3-34fd-47e5-9c18-490c88226581/in_use.lock acquired by nodename 25526@pr-hdds-1569-s62bp-3040748787
2019-09-25 05:06:15,385 [pool-77-thread-1] INFO  storage.RaftStorage (RaftStorage.java:format(72)) - Storage directory /workdir/hadoop-ozone/integration-test/target/test-dir/MiniOzoneClusterImpl-23306158-e895-4fc7-80df-ce6c264c388b/datanode-5/data/ratis/bfc6f6d3-34fd-47e5-9c18-490c88226581 has been successfully formatted.
2019-09-25 05:06:15,386 [b4fa7d23-6606-45fd-9544-2b08ca3fa933@group-FC18559676CF:LeaderElection39] INFO  impl.LeaderElection (LeaderElection.java:askForVotes(182)) - b4fa7d23-6606-45fd-9544-2b08ca3fa933@group-FC18559676CF:LeaderElection39: begin an election at term 1 for -1: [b4fa7d23-6606-45fd-9544-2b08ca3fa933:192.168.30.10:34493], old=null
2019-09-25 05:06:15,386 [b4fa7d23-6606-45fd-9544-2b08ca3fa933@group-FC18559676CF:LeaderElection39] INFO  impl.RoleInfo (RoleInfo.java:shutdownLeaderElection(134)) - b4fa7d23-6606-45fd-9544-2b08ca3fa933: shutdown LeaderElection
2019-09-25 05:06:15,386 [pool-77-thread-1] INFO  ratis.ContainerStateMachine (ContainerStateMachine.java:loadSnapshot(230)) - group-490C88226581: The snapshot info is null. Setting the last applied indexto:(t:0, i:~)
2019-09-25 05:06:15,386 [b4fa7d23-6606-45fd-9544-2b08ca3fa933@group-FC18559676CF:LeaderElection39] INFO  impl.RaftServerImpl (RaftServerImpl.java:setRole(174)) - b4fa7d23-6606-45fd-9544-2b08ca3fa933@group-FC18559676CF: changes role from CANDIDATE to LEADER at term 1 for changeToLeader
2019-09-25 05:06:15,386 [pool-77-thread-1] INFO  server.RaftServerConfigKeys (ConfUtils.java:logGet(43)) - raft.server.notification.no-leader.timeout = 120s (custom)
2019-09-25 05:06:15,386 [b4fa7d23-6606-45fd-9544-2b08ca3fa933@group-FC18559676CF:LeaderElection39] INFO  impl.RaftServerImpl (ServerState.java:setLeader(253)) - b4fa7d23-6606-45fd-9544-2b08ca3fa933@group-FC18559676CF: change Leader from null to b4fa7d23-6606-45fd-9544-2b08ca3fa933 at term 1 for becomeLeader, leader elected after 5189ms
2019-09-25 05:06:15,386 [pool-77-thread-1] INFO  server.RaftServerConfigKeys (ConfUtils.java:logGet(43)) - raft.server.log.use.memory = false (default)
2019-09-25 05:06:15,387 [b4fa7d23-6606-45fd-9544-2b08ca3fa933@group-FC18559676CF:LeaderElection39] INFO  server.RaftServerConfigKeys (ConfUtils.java:logGet(43)) - raft.server.staging.catchup.gap = 1000 (default)
2019-09-25 05:06:15,387 [pool-77-thread-1] INFO  server.RaftServerConfigKeys (ConfUtils.java:logGet(43)) - raft.server.log.purge.gap = 1000000 (custom)
2019-09-25 05:06:15,387 [b4fa7d23-6606-45fd-9544-2b08ca3fa933@group-FC18559676CF:LeaderElection39] INFO  server.RaftServerConfigKeys (ConfUtils.java:logGet(43)) - raft.server.rpc.sleep.time = 25ms (default)
2019-09-25 05:06:15,387 [pool-77-thread-1] INFO  server.RaftServerConfigKeys (ConfUtils.java:logGet(43)) - raft.server.log.appender.buffer.byte-limit = 33554432 (custom)
2019-09-25 05:06:15,387 [b4fa7d23-6606-45fd-9544-2b08ca3fa933@group-FC18559676CF:LeaderElection39] INFO  server.RaftServerConfigKeys (ConfUtils.java:logGet(43)) - raft.server.write.element-limit = 4096 (default)
2019-09-25 05:06:15,387 [pool-77-thread-1] INFO  server.RaftServerConfigKeys (ConfUtils.java:logGet(43)) - raft.server.log.segment.size.max = 1048576 (custom)
2019-09-25 05:06:15,388 [b4fa7d23-6606-45fd-9544-2b08ca3fa933@group-FC18559676CF:LeaderElection39] INFO  server.RaftServerConfigKeys (ConfUtils.java:logGet(43)) - raft.server.watch.timeout = 10s (default)
2019-09-25 05:06:15,388 [pool-77-thread-1] INFO  server.RaftServerConfigKeys (ConfUtils.java:logGet(43)) - raft.server.log.segment.cache.num.max = 2 (custom)
2019-09-25 05:06:15,388 [b4fa7d23-6606-45fd-9544-2b08ca3fa933@group-FC18559676CF:LeaderElection39] INFO  server.RaftServerConfigKeys (ConfUtils.java:logGet(43)) - raft.server.watch.timeout.denomination = 1s (default)
2019-09-25 05:06:15,388 [pool-77-thread-1] INFO  segmented.SegmentedRaftLogWorker (SegmentedRaftLogWorker.java:<init>(172)) - new b4fa7d23-6606-45fd-9544-2b08ca3fa933@group-490C88226581-SegmentedRaftLogWorker for RaftStorage:Storage Directory /workdir/hadoop-ozone/integration-test/target/test-dir/MiniOzoneClusterImpl-23306158-e895-4fc7-80df-ce6c264c388b/datanode-5/data/ratis/bfc6f6d3-34fd-47e5-9c18-490c88226581
2019-09-25 05:06:15,388 [b4fa7d23-6606-45fd-9544-2b08ca3fa933@group-FC18559676CF:LeaderElection39] INFO  server.RaftServerConfigKeys (ConfUtils.java:logGet(43)) - raft.server.watch.element-limit = 65536 (default)
2019-09-25 05:06:15,388 [pool-77-thread-1] INFO  server.RaftServerConfigKeys (ConfUtils.java:logGet(43)) - raft.server.log.queue.byte-limit = 2147483647 (custom)
2019-09-25 05:06:15,389 [pool-77-thread-1] INFO  server.RaftServerConfigKeys (ConfUtils.java:logGet(43)) - raft.server.log.queue.element-limit = 1024 (custom)
2019-09-25 05:06:15,389 [pool-77-thread-1] INFO  server.RaftServerConfigKeys (ConfUtils.java:logGet(43)) - raft.server.log.segment.size.max = 1048576 (custom)
2019-09-25 05:06:15,389 [pool-77-thread-1] INFO  server.RaftServerConfigKeys (ConfUtils.java:logGet(43)) - raft.server.log.preallocated.size = 16384 (custom)
2019-09-25 05:06:15,389 [pool-77-thread-1] INFO  server.RaftServerConfigKeys (ConfUtils.java:logGet(43)) - raft.server.log.write.buffer.size = 33554432 (custom)
2019-09-25 05:06:15,389 [pool-77-thread-1] INFO  server.RaftServerConfigKeys (ConfUtils.java:logGet(43)) - raft.server.log.force.sync.num = 128 (default)
2019-09-25 05:06:15,390 [pool-77-thread-1] INFO  server.RaftServerConfigKeys (ConfUtils.java:logGet(43)) - raft.server.log.statemachine.data.sync = true (default)
2019-09-25 05:06:15,390 [pool-77-thread-1] INFO  server.RaftServerConfigKeys (ConfUtils.java:logGet(43)) - raft.server.log.statemachine.data.sync.timeout = 10s (default)
2019-09-25 05:06:15,390 [pool-77-thread-1] INFO  server.RaftServerConfigKeys (ConfUtils.java:logGet(43)) - raft.server.log.statemachine.data.sync.timeout.retry = -1 (default)
2019-09-25 05:06:15,390 [pool-77-thread-1] INFO  server.RaftServerConfigKeys (ConfUtils.java:logGet(43)) - raft.server.log.statemachine.data.caching.enabled = true (custom)
2019-09-25 05:06:15,391 [pool-77-thread-1] INFO  segmented.SegmentedRaftLogWorker (SegmentedRaftLogWorker.java:lambda$new$0(132)) - b4fa7d23-6606-45fd-9544-2b08ca3fa933@group-490C88226581-SegmentedRaftLogWorker: flushIndex: setUnconditionally 0 -> -1
2019-09-25 05:06:15,391 [b4fa7d23-6606-45fd-9544-2b08ca3fa933@group-FC18559676CF:LeaderElection39] INFO  impl.RoleInfo (RoleInfo.java:updateAndGet(143)) - b4fa7d23-6606-45fd-9544-2b08ca3fa933: start LeaderState
2019-09-25 05:06:15,391 [pool-77-thread-1] INFO  server.RaftServerConfigKeys (ConfUtils.java:logGet(43)) - raft.server.snapshot.auto.trigger.enabled = true (custom)
2019-09-25 05:06:15,391 [b4fa7d23-6606-45fd-9544-2b08ca3fa933@group-FC18559676CF:LeaderElection39] INFO  segmented.SegmentedRaftLogWorker (SegmentedRaftLogWorker.java:startLogSegment(380)) - b4fa7d23-6606-45fd-9544-2b08ca3fa933@group-FC18559676CF-SegmentedRaftLogWorker: Starting segment from index:0
2019-09-25 05:06:15,391 [pool-77-thread-1] INFO  server.RaftServerConfigKeys (ConfUtils.java:logGet(43)) - raft.server.snapshot.auto.trigger.threshold = 10000 (custom)
2019-09-25 05:06:15,392 [pool-77-thread-1] INFO  server.RaftServerConfigKeys (ConfUtils.java:logGet(43)) - raft.server.snapshot.retention.num.files = 5 (custom)
2019-09-25 05:06:15,392 [b4fa7d23-6606-45fd-9544-2b08ca3fa933@group-FC18559676CF:LeaderElection39] INFO  impl.RaftServerImpl (ServerState.java:setRaftConf(354)) - b4fa7d23-6606-45fd-9544-2b08ca3fa933@group-FC18559676CF: set configuration 0: [b4fa7d23-6606-45fd-9544-2b08ca3fa933:192.168.30.10:34493], old=null at 0
2019-09-25 05:06:15,392 [pool-77-thread-1] INFO  server.RaftServerConfigKeys (ConfUtils.java:logGet(43)) - raft.server.retrycache.expirytime = 600000ms (custom)
2019-09-25 05:06:15,441 [Thread-361] INFO  impl.FollowerState (FollowerState.java:run(106)) - c8798e02-7f0c-41f7-82c2-a17323bcf21e:group-35DC9DFD5600 changes to CANDIDATE, lastRpcTime:5162, electionTimeout:5150ms
2019-09-25 05:06:15,443 [Thread-361] INFO  impl.RoleInfo (RoleInfo.java:shutdownFollowerState(121)) - c8798e02-7f0c-41f7-82c2-a17323bcf21e: shutdown FollowerState
2019-09-25 05:06:15,443 [Thread-361] INFO  impl.RaftServerImpl (RaftServerImpl.java:setRole(174)) - c8798e02-7f0c-41f7-82c2-a17323bcf21e@group-35DC9DFD5600: changes role from  FOLLOWER to CANDIDATE at term 0 for changeToCandidate
2019-09-25 05:06:15,443 [Thread-361] INFO  impl.RoleInfo (RoleInfo.java:updateAndGet(143)) - c8798e02-7f0c-41f7-82c2-a17323bcf21e: start LeaderElection
2019-09-25 05:06:15,445 [pool-77-thread-1] INFO  impl.RaftServerImpl (RaftServerImpl.java:start(185)) - b4fa7d23-6606-45fd-9544-2b08ca3fa933@group-490C88226581: start as a follower, conf=-1: [b4fa7d23-6606-45fd-9544-2b08ca3fa933:192.168.30.10:34493], old=null
2019-09-25 05:06:15,445 [pool-77-thread-1] INFO  impl.RaftServerImpl (RaftServerImpl.java:setRole(174)) - b4fa7d23-6606-45fd-9544-2b08ca3fa933@group-490C88226581: changes role from      null to FOLLOWER at term 0 for startAsFollower
2019-09-25 05:06:15,445 [pool-77-thread-1] INFO  impl.RoleInfo (RoleInfo.java:updateAndGet(143)) - b4fa7d23-6606-45fd-9544-2b08ca3fa933: start FollowerState
2019-09-25 05:06:15,445 [pool-77-thread-1] INFO  util.JmxRegister (JmxRegister.java:tryRegister(44)) - Successfully registered JMX Bean with object name Ratis:service=RaftServer,group=group-490C88226581,id=b4fa7d23-6606-45fd-9544-2b08ca3fa933
2019-09-25 05:06:15,449 [RatisPipelineUtilsThread] INFO  pipeline.PipelineStateManager (PipelineStateManager.java:addPipeline(56)) - Created pipeline Pipeline[ Id: bfc6f6d3-34fd-47e5-9c18-490c88226581, Nodes: b4fa7d23-6606-45fd-9544-2b08ca3fa933{ip: 192.168.30.10, host: pr-hdds-1569-s62bp-3040748787, networkLocation: /default-rack, certSerialId: null}, Type:RATIS, Factor:ONE, State:OPEN]
2019-09-25 05:06:15,454 [b4fa7d23-6606-45fd-9544-2b08ca3fa933@group-FC18559676CF-SegmentedRaftLogWorker] INFO  segmented.SegmentedRaftLogWorker (SegmentedRaftLogWorker.java:execute(569)) - b4fa7d23-6606-45fd-9544-2b08ca3fa933@group-FC18559676CF-SegmentedRaftLogWorker: created new log segment /workdir/hadoop-ozone/integration-test/target/test-dir/MiniOzoneClusterImpl-23306158-e895-4fc7-80df-ce6c264c388b/datanode-5/data/ratis/f6476a40-7b66-415d-8644-fc18559676cf/current/log_inprogress_0
2019-09-25 05:06:15,454 [c8798e02-7f0c-41f7-82c2-a17323bcf21e@group-35DC9DFD5600:LeaderElection40] INFO  impl.LeaderElection (LeaderElection.java:askForVotes(182)) - c8798e02-7f0c-41f7-82c2-a17323bcf21e@group-35DC9DFD5600:LeaderElection40: begin an election at term 1 for -1: [c8798e02-7f0c-41f7-82c2-a17323bcf21e:192.168.30.10:40603], old=null
2019-09-25 05:06:15,455 [grpc-default-executor-0] INFO  impl.RaftServerProxy (RaftServerProxy.java:addNew(89)) - c8798e02-7f0c-41f7-82c2-a17323bcf21e: addNew group-0D663BBCA5B4:[c8798e02-7f0c-41f7-82c2-a17323bcf21e:192.168.30.10:40603] returns group-0D663BBCA5B4:java.util.concurrent.CompletableFuture@656552c4[Not completed]
2019-09-25 05:06:15,455 [c8798e02-7f0c-41f7-82c2-a17323bcf21e@group-35DC9DFD5600:LeaderElection40] INFO  impl.RoleInfo (RoleInfo.java:shutdownLeaderElection(134)) - c8798e02-7f0c-41f7-82c2-a17323bcf21e: shutdown LeaderElection
2019-09-25 05:06:15,455 [c8798e02-7f0c-41f7-82c2-a17323bcf21e@group-35DC9DFD5600:LeaderElection40] INFO  impl.RaftServerImpl (RaftServerImpl.java:setRole(174)) - c8798e02-7f0c-41f7-82c2-a17323bcf21e@group-35DC9DFD5600: changes role from CANDIDATE to LEADER at term 1 for changeToLeader
2019-09-25 05:06:15,455 [c8798e02-7f0c-41f7-82c2-a17323bcf21e@group-35DC9DFD5600:LeaderElection40] INFO  impl.RaftServerImpl (ServerState.java:setLeader(253)) - c8798e02-7f0c-41f7-82c2-a17323bcf21e@group-35DC9DFD5600: change Leader from null to c8798e02-7f0c-41f7-82c2-a17323bcf21e at term 1 for becomeLeader, leader elected after 5184ms
2019-09-25 05:06:15,455 [c8798e02-7f0c-41f7-82c2-a17323bcf21e@group-35DC9DFD5600:LeaderElection40] INFO  server.RaftServerConfigKeys (ConfUtils.java:logGet(43)) - raft.server.staging.catchup.gap = 1000 (default)
2019-09-25 05:06:15,456 [c8798e02-7f0c-41f7-82c2-a17323bcf21e@group-35DC9DFD5600:LeaderElection40] INFO  server.RaftServerConfigKeys (ConfUtils.java:logGet(43)) - raft.server.rpc.sleep.time = 25ms (default)
2019-09-25 05:06:15,456 [c8798e02-7f0c-41f7-82c2-a17323bcf21e@group-35DC9DFD5600:LeaderElection40] INFO  server.RaftServerConfigKeys (ConfUtils.java:logGet(43)) - raft.server.write.element-limit = 4096 (default)
2019-09-25 05:06:15,456 [c8798e02-7f0c-41f7-82c2-a17323bcf21e@group-35DC9DFD5600:LeaderElection40] INFO  server.RaftServerConfigKeys (ConfUtils.java:logGet(43)) - raft.server.watch.timeout = 10s (default)
2019-09-25 05:06:15,456 [c8798e02-7f0c-41f7-82c2-a17323bcf21e@group-35DC9DFD5600:LeaderElection40] INFO  server.RaftServerConfigKeys (ConfUtils.java:logGet(43)) - raft.server.watch.timeout.denomination = 1s (default)
2019-09-25 05:06:15,456 [pool-47-thread-1] INFO  impl.RaftServerImpl (RaftServerImpl.java:<init>(95)) - c8798e02-7f0c-41f7-82c2-a17323bcf21e: new RaftServerImpl for group-0D663BBCA5B4:[c8798e02-7f0c-41f7-82c2-a17323bcf21e:192.168.30.10:40603] with ContainerStateMachine:uninitialized
2019-09-25 05:06:15,456 [c8798e02-7f0c-41f7-82c2-a17323bcf21e@group-35DC9DFD5600:LeaderElection40] INFO  server.RaftServerConfigKeys (ConfUtils.java:logGet(43)) - raft.server.watch.element-limit = 65536 (default)
2019-09-25 05:06:15,456 [pool-47-thread-1] INFO  server.RaftServerConfigKeys (ConfUtils.java:logGet(43)) - raft.server.rpc.timeout.min = 5s (custom)
2019-09-25 05:06:15,457 [pool-47-thread-1] INFO  server.RaftServerConfigKeys (ConfUtils.java:logGet(43)) - raft.server.rpc.timeout.max = 5200ms (custom)
2019-09-25 05:06:15,457 [pool-47-thread-1] INFO  server.RaftServerConfigKeys (ConfUtils.java:logGet(43)) - raft.server.rpcslowness.timeout = 120s (custom)
2019-09-25 05:06:15,457 [pool-47-thread-1] INFO  server.RaftServerConfigKeys (ConfUtils.java:logGet(43)) - raft.server.sleep.deviation.threshold = 300 (default)
2019-09-25 05:06:15,457 [pool-47-thread-1] INFO  server.RaftServerConfigKeys (ConfUtils.java:logGet(43)) - raft.server.log.appender.install.snapshot.enabled = false (custom)
2019-09-25 05:06:15,457 [pool-47-thread-1] INFO  impl.RaftServerImpl (ServerState.java:<init>(103)) - c8798e02-7f0c-41f7-82c2-a17323bcf21e@group-0D663BBCA5B4: ConfigurationManager, init=-1: [c8798e02-7f0c-41f7-82c2-a17323bcf21e:192.168.30.10:40603], old=null, confs=<EMPTY_MAP>
2019-09-25 05:06:15,457 [pool-47-thread-1] INFO  server.RaftServerConfigKeys (ConfUtils.java:logGet(43)) - raft.server.storage.dir = [/workdir/hadoop-ozone/integration-test/target/test-dir/MiniOzoneClusterImpl-23306158-e895-4fc7-80df-ce6c264c388b/datanode-2/data/ratis] (custom)
2019-09-25 05:06:15,458 [pool-47-thread-1] INFO  storage.RaftStorageDirectory (RaftStorageDirectory.java:analyzeStorage(246)) - The storage directory /workdir/hadoop-ozone/integration-test/target/test-dir/MiniOzoneClusterImpl-23306158-e895-4fc7-80df-ce6c264c388b/datanode-2/data/ratis/d746aa34-833b-4607-836e-0d663bbca5b4 does not exist. Creating ...
2019-09-25 05:06:15,459 [c8798e02-7f0c-41f7-82c2-a17323bcf21e@group-35DC9DFD5600:LeaderElection40] INFO  impl.RoleInfo (RoleInfo.java:updateAndGet(143)) - c8798e02-7f0c-41f7-82c2-a17323bcf21e: start LeaderState
2019-09-25 05:06:15,459 [c8798e02-7f0c-41f7-82c2-a17323bcf21e@group-35DC9DFD5600:LeaderElection40] INFO  segmented.SegmentedRaftLogWorker (SegmentedRaftLogWorker.java:startLogSegment(380)) - c8798e02-7f0c-41f7-82c2-a17323bcf21e@group-35DC9DFD5600-SegmentedRaftLogWorker: Starting segment from index:0
2019-09-25 05:06:15,460 [c8798e02-7f0c-41f7-82c2-a17323bcf21e@group-35DC9DFD5600:LeaderElection40] INFO  impl.RaftServerImpl (ServerState.java:setRaftConf(354)) - c8798e02-7f0c-41f7-82c2-a17323bcf21e@group-35DC9DFD5600: set configuration 0: [c8798e02-7f0c-41f7-82c2-a17323bcf21e:192.168.30.10:40603], old=null at 0
2019-09-25 05:06:15,510 [Thread-364] INFO  impl.FollowerState (FollowerState.java:run(106)) - b4fa7d23-6606-45fd-9544-2b08ca3fa933:group-40E46CED5385 changes to CANDIDATE, lastRpcTime:5150, electionTimeout:5139ms
2019-09-25 05:06:15,510 [Thread-364] INFO  impl.RoleInfo (RoleInfo.java:shutdownFollowerState(121)) - b4fa7d23-6606-45fd-9544-2b08ca3fa933: shutdown FollowerState
2019-09-25 05:06:15,510 [pool-47-thread-1] INFO  storage.RaftStorageDirectory (RaftStorageDirectory.java:tryLock(328)) - Lock on /workdir/hadoop-ozone/integration-test/target/test-dir/MiniOzoneClusterImpl-23306158-e895-4fc7-80df-ce6c264c388b/datanode-2/data/ratis/d746aa34-833b-4607-836e-0d663bbca5b4/in_use.lock acquired by nodename 25526@pr-hdds-1569-s62bp-3040748787
2019-09-25 05:06:15,511 [Thread-364] INFO  impl.RaftServerImpl (RaftServerImpl.java:setRole(174)) - b4fa7d23-6606-45fd-9544-2b08ca3fa933@group-40E46CED5385: changes role from  FOLLOWER to CANDIDATE at term 0 for changeToCandidate
2019-09-25 05:06:15,511 [Thread-364] INFO  impl.RoleInfo (RoleInfo.java:updateAndGet(143)) - b4fa7d23-6606-45fd-9544-2b08ca3fa933: start LeaderElection
2019-09-25 05:06:15,524 [c8798e02-7f0c-41f7-82c2-a17323bcf21e@group-35DC9DFD5600-SegmentedRaftLogWorker] INFO  segmented.SegmentedRaftLogWorker (SegmentedRaftLogWorker.java:execute(569)) - c8798e02-7f0c-41f7-82c2-a17323bcf21e@group-35DC9DFD5600-SegmentedRaftLogWorker: created new log segment /workdir/hadoop-ozone/integration-test/target/test-dir/MiniOzoneClusterImpl-23306158-e895-4fc7-80df-ce6c264c388b/datanode-2/data/ratis/084b289e-103b-4d84-9142-35dc9dfd5600/current/log_inprogress_0
2019-09-25 05:06:15,524 [b4fa7d23-6606-45fd-9544-2b08ca3fa933@group-40E46CED5385:LeaderElection41] INFO  impl.LeaderElection (LeaderElection.java:askForVotes(182)) - b4fa7d23-6606-45fd-9544-2b08ca3fa933@group-40E46CED5385:LeaderElection41: begin an election at term 1 for -1: [b4fa7d23-6606-45fd-9544-2b08ca3fa933:192.168.30.10:34493], old=null
2019-09-25 05:06:15,524 [pool-47-thread-1] INFO  storage.RaftStorage (RaftStorage.java:format(72)) - Storage directory /workdir/hadoop-ozone/integration-test/target/test-dir/MiniOzoneClusterImpl-23306158-e895-4fc7-80df-ce6c264c388b/datanode-2/data/ratis/d746aa34-833b-4607-836e-0d663bbca5b4 has been successfully formatted.
2019-09-25 05:06:15,524 [b4fa7d23-6606-45fd-9544-2b08ca3fa933@group-40E46CED5385:LeaderElection41] INFO  impl.RoleInfo (RoleInfo.java:shutdownLeaderElection(134)) - b4fa7d23-6606-45fd-9544-2b08ca3fa933: shutdown LeaderElection
2019-09-25 05:06:15,525 [b4fa7d23-6606-45fd-9544-2b08ca3fa933@group-40E46CED5385:LeaderElection41] INFO  impl.RaftServerImpl (RaftServerImpl.java:setRole(174)) - b4fa7d23-6606-45fd-9544-2b08ca3fa933@group-40E46CED5385: changes role from CANDIDATE to LEADER at term 1 for changeToLeader
2019-09-25 05:06:15,525 [pool-47-thread-1] INFO  ratis.ContainerStateMachine (ContainerStateMachine.java:loadSnapshot(230)) - group-0D663BBCA5B4: The snapshot info is null. Setting the last applied indexto:(t:0, i:~)
2019-09-25 05:06:15,525 [b4fa7d23-6606-45fd-9544-2b08ca3fa933@group-40E46CED5385:LeaderElection41] INFO  impl.RaftServerImpl (ServerState.java:setLeader(253)) - b4fa7d23-6606-45fd-9544-2b08ca3fa933@group-40E46CED5385: change Leader from null to b4fa7d23-6606-45fd-9544-2b08ca3fa933 at term 1 for becomeLeader, leader elected after 5173ms
2019-09-25 05:06:15,525 [pool-47-thread-1] INFO  server.RaftServerConfigKeys (ConfUtils.java:logGet(43)) - raft.server.notification.no-leader.timeout = 120s (custom)
2019-09-25 05:06:15,525 [b4fa7d23-6606-45fd-9544-2b08ca3fa933@group-40E46CED5385:LeaderElection41] INFO  server.RaftServerConfigKeys (ConfUtils.java:logGet(43)) - raft.server.staging.catchup.gap = 1000 (default)
2019-09-25 05:06:15,525 [pool-47-thread-1] INFO  server.RaftServerConfigKeys (ConfUtils.java:logGet(43)) - raft.server.log.use.memory = false (default)
2019-09-25 05:06:15,526 [b4fa7d23-6606-45fd-9544-2b08ca3fa933@group-40E46CED5385:LeaderElection41] INFO  server.RaftServerConfigKeys (ConfUtils.java:logGet(43)) - raft.server.rpc.sleep.time = 25ms (default)
2019-09-25 05:06:15,526 [pool-47-thread-1] INFO  server.RaftServerConfigKeys (ConfUtils.java:logGet(43)) - raft.server.log.purge.gap = 1000000 (custom)
2019-09-25 05:06:15,526 [Thread-373] INFO  impl.FollowerState (FollowerState.java:run(106)) - de37f7a0-0375-40a9-a318-404478482fcb:group-D63755BA076A changes to CANDIDATE, lastRpcTime:5021, electionTimeout:5021ms
2019-09-25 05:06:15,526 [pool-47-thread-1] INFO  server.RaftServerConfigKeys (ConfUtils.java:logGet(43)) - raft.server.log.appender.buffer.byte-limit = 33554432 (custom)
2019-09-25 05:06:15,526 [b4fa7d23-6606-45fd-9544-2b08ca3fa933@group-40E46CED5385:LeaderElection41] INFO  server.RaftServerConfigKeys (ConfUtils.java:logGet(43)) - raft.server.write.element-limit = 4096 (default)
2019-09-25 05:06:15,526 [pool-47-thread-1] INFO  server.RaftServerConfigKeys (ConfUtils.java:logGet(43)) - raft.server.log.segment.size.max = 1048576 (custom)
2019-09-25 05:06:15,526 [Thread-373] INFO  impl.RoleInfo (RoleInfo.java:shutdownFollowerState(121)) - de37f7a0-0375-40a9-a318-404478482fcb: shutdown FollowerState
2019-09-25 05:06:15,527 [pool-47-thread-1] INFO  server.RaftServerConfigKeys (ConfUtils.java:logGet(43)) - raft.server.log.segment.cache.num.max = 2 (custom)
2019-09-25 05:06:15,527 [b4fa7d23-6606-45fd-9544-2b08ca3fa933@group-40E46CED5385:LeaderElection41] INFO  server.RaftServerConfigKeys (ConfUtils.java:logGet(43)) - raft.server.watch.timeout = 10s (default)
2019-09-25 05:06:15,527 [pool-47-thread-1] INFO  segmented.SegmentedRaftLogWorker (SegmentedRaftLogWorker.java:<init>(172)) - new c8798e02-7f0c-41f7-82c2-a17323bcf21e@group-0D663BBCA5B4-SegmentedRaftLogWorker for RaftStorage:Storage Directory /workdir/hadoop-ozone/integration-test/target/test-dir/MiniOzoneClusterImpl-23306158-e895-4fc7-80df-ce6c264c388b/datanode-2/data/ratis/d746aa34-833b-4607-836e-0d663bbca5b4
2019-09-25 05:06:15,527 [Thread-373] INFO  impl.RaftServerImpl (RaftServerImpl.java:setRole(174)) - de37f7a0-0375-40a9-a318-404478482fcb@group-D63755BA076A: changes role from  FOLLOWER to CANDIDATE at term 0 for changeToCandidate
2019-09-25 05:06:15,527 [pool-47-thread-1] INFO  server.RaftServerConfigKeys (ConfUtils.java:logGet(43)) - raft.server.log.queue.byte-limit = 2147483647 (custom)
2019-09-25 05:06:15,527 [b4fa7d23-6606-45fd-9544-2b08ca3fa933@group-40E46CED5385:LeaderElection41] INFO  server.RaftServerConfigKeys (ConfUtils.java:logGet(43)) - raft.server.watch.timeout.denomination = 1s (default)
2019-09-25 05:06:15,528 [pool-47-thread-1] INFO  server.RaftServerConfigKeys (ConfUtils.java:logGet(43)) - raft.server.log.queue.element-limit = 1024 (custom)
2019-09-25 05:06:15,528 [Thread-373] INFO  impl.RoleInfo (RoleInfo.java:updateAndGet(143)) - de37f7a0-0375-40a9-a318-404478482fcb: start LeaderElection
2019-09-25 05:06:15,528 [pool-47-thread-1] INFO  server.RaftServerConfigKeys (ConfUtils.java:logGet(43)) - raft.server.log.segment.size.max = 1048576 (custom)
2019-09-25 05:06:15,528 [b4fa7d23-6606-45fd-9544-2b08ca3fa933@group-40E46CED5385:LeaderElection41] INFO  server.RaftServerConfigKeys (ConfUtils.java:logGet(43)) - raft.server.watch.element-limit = 65536 (default)
2019-09-25 05:06:15,528 [pool-47-thread-1] INFO  server.RaftServerConfigKeys (ConfUtils.java:logGet(43)) - raft.server.log.preallocated.size = 16384 (custom)
2019-09-25 05:06:15,529 [pool-47-thread-1] INFO  server.RaftServerConfigKeys (ConfUtils.java:logGet(43)) - raft.server.log.write.buffer.size = 33554432 (custom)
2019-09-25 05:06:15,529 [pool-47-thread-1] INFO  server.RaftServerConfigKeys (ConfUtils.java:logGet(43)) - raft.server.log.force.sync.num = 128 (default)
2019-09-25 05:06:15,529 [pool-47-thread-1] INFO  server.RaftServerConfigKeys (ConfUtils.java:logGet(43)) - raft.server.log.statemachine.data.sync = true (default)
2019-09-25 05:06:15,529 [pool-47-thread-1] INFO  server.RaftServerConfigKeys (ConfUtils.java:logGet(43)) - raft.server.log.statemachine.data.sync.timeout = 10s (default)
2019-09-25 05:06:15,529 [pool-47-thread-1] INFO  server.RaftServerConfigKeys (ConfUtils.java:logGet(43)) - raft.server.log.statemachine.data.sync.timeout.retry = -1 (default)
2019-09-25 05:06:15,530 [pool-47-thread-1] INFO  server.RaftServerConfigKeys (ConfUtils.java:logGet(43)) - raft.server.log.statemachine.data.caching.enabled = true (custom)
2019-09-25 05:06:15,530 [pool-47-thread-1] INFO  segmented.SegmentedRaftLogWorker (SegmentedRaftLogWorker.java:lambda$new$0(132)) - c8798e02-7f0c-41f7-82c2-a17323bcf21e@group-0D663BBCA5B4-SegmentedRaftLogWorker: flushIndex: setUnconditionally 0 -> -1
2019-09-25 05:06:15,530 [pool-47-thread-1] INFO  server.RaftServerConfigKeys (ConfUtils.java:logGet(43)) - raft.server.snapshot.auto.trigger.enabled = true (custom)
2019-09-25 05:06:15,531 [pool-47-thread-1] INFO  server.RaftServerConfigKeys (ConfUtils.java:logGet(43)) - raft.server.snapshot.auto.trigger.threshold = 10000 (custom)
2019-09-25 05:06:15,531 [pool-47-thread-1] INFO  server.RaftServerConfigKeys (ConfUtils.java:logGet(43)) - raft.server.snapshot.retention.num.files = 5 (custom)
2019-09-25 05:06:15,531 [pool-47-thread-1] INFO  server.RaftServerConfigKeys (ConfUtils.java:logGet(43)) - raft.server.retrycache.expirytime = 600000ms (custom)
2019-09-25 05:06:15,531 [b4fa7d23-6606-45fd-9544-2b08ca3fa933@group-40E46CED5385:LeaderElection41] INFO  impl.RoleInfo (RoleInfo.java:updateAndGet(143)) - b4fa7d23-6606-45fd-9544-2b08ca3fa933: start LeaderState
2019-09-25 05:06:15,531 [b4fa7d23-6606-45fd-9544-2b08ca3fa933@group-40E46CED5385:LeaderElection41] INFO  segmented.SegmentedRaftLogWorker (SegmentedRaftLogWorker.java:startLogSegment(380)) - b4fa7d23-6606-45fd-9544-2b08ca3fa933@group-40E46CED5385-SegmentedRaftLogWorker: Starting segment from index:0
2019-09-25 05:06:15,532 [b4fa7d23-6606-45fd-9544-2b08ca3fa933@group-40E46CED5385:LeaderElection41] INFO  impl.RaftServerImpl (ServerState.java:setRaftConf(354)) - b4fa7d23-6606-45fd-9544-2b08ca3fa933@group-40E46CED5385: set configuration 0: [b4fa7d23-6606-45fd-9544-2b08ca3fa933:192.168.30.10:34493], old=null at 0
2019-09-25 05:06:15,533 [pool-47-thread-1] INFO  impl.RaftServerImpl (RaftServerImpl.java:start(185)) - c8798e02-7f0c-41f7-82c2-a17323bcf21e@group-0D663BBCA5B4: start as a follower, conf=-1: [c8798e02-7f0c-41f7-82c2-a17323bcf21e:192.168.30.10:40603], old=null
2019-09-25 05:06:15,533 [pool-47-thread-1] INFO  impl.RaftServerImpl (RaftServerImpl.java:setRole(174)) - c8798e02-7f0c-41f7-82c2-a17323bcf21e@group-0D663BBCA5B4: changes role from      null to FOLLOWER at term 0 for startAsFollower
2019-09-25 05:06:15,533 [pool-47-thread-1] INFO  impl.RoleInfo (RoleInfo.java:updateAndGet(143)) - c8798e02-7f0c-41f7-82c2-a17323bcf21e: start FollowerState
2019-09-25 05:06:15,534 [pool-47-thread-1] INFO  util.JmxRegister (JmxRegister.java:tryRegister(44)) - Successfully registered JMX Bean with object name Ratis:service=RaftServer,group=group-0D663BBCA5B4,id=c8798e02-7f0c-41f7-82c2-a17323bcf21e
2019-09-25 05:06:15,538 [RatisPipelineUtilsThread] INFO  pipeline.PipelineStateManager (PipelineStateManager.java:addPipeline(56)) - Created pipeline Pipeline[ Id: d746aa34-833b-4607-836e-0d663bbca5b4, Nodes: c8798e02-7f0c-41f7-82c2-a17323bcf21e{ip: 192.168.30.10, host: pr-hdds-1569-s62bp-3040748787, networkLocation: /default-rack, certSerialId: null}, Type:RATIS, Factor:ONE, State:OPEN]
2019-09-25 05:06:15,542 [de37f7a0-0375-40a9-a318-404478482fcb@group-D63755BA076A:LeaderElection42] INFO  impl.LeaderElection (LeaderElection.java:askForVotes(182)) - de37f7a0-0375-40a9-a318-404478482fcb@group-D63755BA076A:LeaderElection42: begin an election at term 1 for -1: [de37f7a0-0375-40a9-a318-404478482fcb:192.168.30.10:44522], old=null
2019-09-25 05:06:15,542 [de37f7a0-0375-40a9-a318-404478482fcb@group-D63755BA076A:LeaderElection42] INFO  impl.RoleInfo (RoleInfo.java:shutdownLeaderElection(134)) - de37f7a0-0375-40a9-a318-404478482fcb: shutdown LeaderElection
2019-09-25 05:06:15,542 [de37f7a0-0375-40a9-a318-404478482fcb@group-D63755BA076A:LeaderElection42] INFO  impl.RaftServerImpl (RaftServerImpl.java:setRole(174)) - de37f7a0-0375-40a9-a318-404478482fcb@group-D63755BA076A: changes role from CANDIDATE to LEADER at term 1 for changeToLeader
2019-09-25 05:06:15,542 [de37f7a0-0375-40a9-a318-404478482fcb@group-D63755BA076A:LeaderElection42] INFO  impl.RaftServerImpl (ServerState.java:setLeader(253)) - de37f7a0-0375-40a9-a318-404478482fcb@group-D63755BA076A: change Leader from null to de37f7a0-0375-40a9-a318-404478482fcb at term 1 for becomeLeader, leader elected after 5046ms
2019-09-25 05:06:15,543 [de37f7a0-0375-40a9-a318-404478482fcb@group-D63755BA076A:LeaderElection42] INFO  server.RaftServerConfigKeys (ConfUtils.java:logGet(43)) - raft.server.staging.catchup.gap = 1000 (default)
2019-09-25 05:06:15,543 [de37f7a0-0375-40a9-a318-404478482fcb@group-D63755BA076A:LeaderElection42] INFO  server.RaftServerConfigKeys (ConfUtils.java:logGet(43)) - raft.server.rpc.sleep.time = 25ms (default)
2019-09-25 05:06:15,543 [de37f7a0-0375-40a9-a318-404478482fcb@group-D63755BA076A:LeaderElection42] INFO  server.RaftServerConfigKeys (ConfUtils.java:logGet(43)) - raft.server.write.element-limit = 4096 (default)
2019-09-25 05:06:15,543 [de37f7a0-0375-40a9-a318-404478482fcb@group-D63755BA076A:LeaderElection42] INFO  server.RaftServerConfigKeys (ConfUtils.java:logGet(43)) - raft.server.watch.timeout = 10s (default)
2019-09-25 05:06:15,543 [grpc-default-executor-0] INFO  impl.RaftServerProxy (RaftServerProxy.java:addNew(89)) - 36ac27b3-2f11-437d-8f1f-165306b0ff4a: addNew group-25E3748DE4E7:[36ac27b3-2f11-437d-8f1f-165306b0ff4a:192.168.30.10:45265] returns group-25E3748DE4E7:java.util.concurrent.CompletableFuture@3d633ba6[Not completed]
2019-09-25 05:06:15,543 [de37f7a0-0375-40a9-a318-404478482fcb@group-D63755BA076A:LeaderElection42] INFO  server.RaftServerConfigKeys (ConfUtils.java:logGet(43)) - raft.server.watch.timeout.denomination = 1s (default)
2019-09-25 05:06:15,544 [de37f7a0-0375-40a9-a318-404478482fcb@group-D63755BA076A:LeaderElection42] INFO  server.RaftServerConfigKeys (ConfUtils.java:logGet(43)) - raft.server.watch.element-limit = 65536 (default)
2019-09-25 05:06:15,545 [pool-37-thread-1] INFO  impl.RaftServerImpl (RaftServerImpl.java:<init>(95)) - 36ac27b3-2f11-437d-8f1f-165306b0ff4a: new RaftServerImpl for group-25E3748DE4E7:[36ac27b3-2f11-437d-8f1f-165306b0ff4a:192.168.30.10:45265] with ContainerStateMachine:uninitialized
2019-09-25 05:06:15,545 [pool-37-thread-1] INFO  server.RaftServerConfigKeys (ConfUtils.java:logGet(43)) - raft.server.rpc.timeout.min = 5s (custom)
2019-09-25 05:06:15,545 [pool-37-thread-1] INFO  server.RaftServerConfigKeys (ConfUtils.java:logGet(43)) - raft.server.rpc.timeout.max = 5200ms (custom)
2019-09-25 05:06:15,545 [pool-37-thread-1] INFO  server.RaftServerConfigKeys (ConfUtils.java:logGet(43)) - raft.server.rpcslowness.timeout = 120s (custom)
2019-09-25 05:06:15,545 [pool-37-thread-1] INFO  server.RaftServerConfigKeys (ConfUtils.java:logGet(43)) - raft.server.sleep.deviation.threshold = 300 (default)
2019-09-25 05:06:15,545 [pool-37-thread-1] INFO  server.RaftServerConfigKeys (ConfUtils.java:logGet(43)) - raft.server.log.appender.install.snapshot.enabled = false (custom)
2019-09-25 05:06:15,546 [pool-37-thread-1] INFO  impl.RaftServerImpl (ServerState.java:<init>(103)) - 36ac27b3-2f11-437d-8f1f-165306b0ff4a@group-25E3748DE4E7: ConfigurationManager, init=-1: [36ac27b3-2f11-437d-8f1f-165306b0ff4a:192.168.30.10:45265], old=null, confs=<EMPTY_MAP>
2019-09-25 05:06:15,546 [pool-37-thread-1] INFO  server.RaftServerConfigKeys (ConfUtils.java:logGet(43)) - raft.server.storage.dir = [/workdir/hadoop-ozone/integration-test/target/test-dir/MiniOzoneClusterImpl-23306158-e895-4fc7-80df-ce6c264c388b/datanode-1/data/ratis] (custom)
2019-09-25 05:06:15,546 [pool-37-thread-1] INFO  storage.RaftStorageDirectory (RaftStorageDirectory.java:analyzeStorage(246)) - The storage directory /workdir/hadoop-ozone/integration-test/target/test-dir/MiniOzoneClusterImpl-23306158-e895-4fc7-80df-ce6c264c388b/datanode-1/data/ratis/fb0fe731-aa9c-407d-8186-25e3748de4e7 does not exist. Creating ...
2019-09-25 05:06:15,547 [de37f7a0-0375-40a9-a318-404478482fcb@group-D63755BA076A:LeaderElection42] INFO  impl.RoleInfo (RoleInfo.java:updateAndGet(143)) - de37f7a0-0375-40a9-a318-404478482fcb: start LeaderState
2019-09-25 05:06:15,547 [de37f7a0-0375-40a9-a318-404478482fcb@group-D63755BA076A:LeaderElection42] INFO  segmented.SegmentedRaftLogWorker (SegmentedRaftLogWorker.java:startLogSegment(380)) - de37f7a0-0375-40a9-a318-404478482fcb@group-D63755BA076A-SegmentedRaftLogWorker: Starting segment from index:0
2019-09-25 05:06:15,548 [de37f7a0-0375-40a9-a318-404478482fcb@group-D63755BA076A:LeaderElection42] INFO  impl.RaftServerImpl (ServerState.java:setRaftConf(354)) - de37f7a0-0375-40a9-a318-404478482fcb@group-D63755BA076A: set configuration 0: [de37f7a0-0375-40a9-a318-404478482fcb:192.168.30.10:44522], old=null at 0
2019-09-25 05:06:15,560 [pool-37-thread-1] INFO  storage.RaftStorageDirectory (RaftStorageDirectory.java:tryLock(328)) - Lock on /workdir/hadoop-ozone/integration-test/target/test-dir/MiniOzoneClusterImpl-23306158-e895-4fc7-80df-ce6c264c388b/datanode-1/data/ratis/fb0fe731-aa9c-407d-8186-25e3748de4e7/in_use.lock acquired by nodename 25526@pr-hdds-1569-s62bp-3040748787
2019-09-25 05:06:15,563 [b4fa7d23-6606-45fd-9544-2b08ca3fa933@group-40E46CED5385-SegmentedRaftLogWorker] INFO  segmented.SegmentedRaftLogWorker (SegmentedRaftLogWorker.java:execute(569)) - b4fa7d23-6606-45fd-9544-2b08ca3fa933@group-40E46CED5385-SegmentedRaftLogWorker: created new log segment /workdir/hadoop-ozone/integration-test/target/test-dir/MiniOzoneClusterImpl-23306158-e895-4fc7-80df-ce6c264c388b/datanode-5/data/ratis/7987372e-b724-48ad-81b7-40e46ced5385/current/log_inprogress_0
2019-09-25 05:06:15,565 [pool-37-thread-1] INFO  storage.RaftStorage (RaftStorage.java:format(72)) - Storage directory /workdir/hadoop-ozone/integration-test/target/test-dir/MiniOzoneClusterImpl-23306158-e895-4fc7-80df-ce6c264c388b/datanode-1/data/ratis/fb0fe731-aa9c-407d-8186-25e3748de4e7 has been successfully formatted.
2019-09-25 05:06:15,566 [pool-37-thread-1] INFO  ratis.ContainerStateMachine (ContainerStateMachine.java:loadSnapshot(230)) - group-25E3748DE4E7: The snapshot info is null. Setting the last applied indexto:(t:0, i:~)
2019-09-25 05:06:15,566 [pool-37-thread-1] INFO  server.RaftServerConfigKeys (ConfUtils.java:logGet(43)) - raft.server.notification.no-leader.timeout = 120s (custom)
2019-09-25 05:06:15,566 [pool-37-thread-1] INFO  server.RaftServerConfigKeys (ConfUtils.java:logGet(43)) - raft.server.log.use.memory = false (default)
2019-09-25 05:06:15,566 [pool-37-thread-1] INFO  server.RaftServerConfigKeys (ConfUtils.java:logGet(43)) - raft.server.log.purge.gap = 1000000 (custom)
2019-09-25 05:06:15,566 [pool-37-thread-1] INFO  server.RaftServerConfigKeys (ConfUtils.java:logGet(43)) - raft.server.log.appender.buffer.byte-limit = 33554432 (custom)
2019-09-25 05:06:15,566 [pool-37-thread-1] INFO  server.RaftServerConfigKeys (ConfUtils.java:logGet(43)) - raft.server.log.segment.size.max = 1048576 (custom)
2019-09-25 05:06:15,566 [pool-37-thread-1] INFO  server.RaftServerConfigKeys (ConfUtils.java:logGet(43)) - raft.server.log.segment.cache.num.max = 2 (custom)
2019-09-25 05:06:15,567 [pool-37-thread-1] INFO  segmented.SegmentedRaftLogWorker (SegmentedRaftLogWorker.java:<init>(172)) - new 36ac27b3-2f11-437d-8f1f-165306b0ff4a@group-25E3748DE4E7-SegmentedRaftLogWorker for RaftStorage:Storage Directory /workdir/hadoop-ozone/integration-test/target/test-dir/MiniOzoneClusterImpl-23306158-e895-4fc7-80df-ce6c264c388b/datanode-1/data/ratis/fb0fe731-aa9c-407d-8186-25e3748de4e7
2019-09-25 05:06:15,567 [pool-37-thread-1] INFO  server.RaftServerConfigKeys (ConfUtils.java:logGet(43)) - raft.server.log.queue.byte-limit = 2147483647 (custom)
2019-09-25 05:06:15,567 [pool-37-thread-1] INFO  server.RaftServerConfigKeys (ConfUtils.java:logGet(43)) - raft.server.log.queue.element-limit = 1024 (custom)
2019-09-25 05:06:15,567 [pool-37-thread-1] INFO  server.RaftServerConfigKeys (ConfUtils.java:logGet(43)) - raft.server.log.segment.size.max = 1048576 (custom)
2019-09-25 05:06:15,567 [pool-37-thread-1] INFO  server.RaftServerConfigKeys (ConfUtils.java:logGet(43)) - raft.server.log.preallocated.size = 16384 (custom)
2019-09-25 05:06:15,567 [pool-37-thread-1] INFO  server.RaftServerConfigKeys (ConfUtils.java:logGet(43)) - raft.server.log.write.buffer.size = 33554432 (custom)
2019-09-25 05:06:15,567 [pool-37-thread-1] INFO  server.RaftServerConfigKeys (ConfUtils.java:logGet(43)) - raft.server.log.force.sync.num = 128 (default)
2019-09-25 05:06:15,567 [pool-37-thread-1] INFO  server.RaftServerConfigKeys (ConfUtils.java:logGet(43)) - raft.server.log.statemachine.data.sync = true (default)
2019-09-25 05:06:15,568 [pool-37-thread-1] INFO  server.RaftServerConfigKeys (ConfUtils.java:logGet(43)) - raft.server.log.statemachine.data.sync.timeout = 10s (default)
2019-09-25 05:06:15,568 [pool-37-thread-1] INFO  server.RaftServerConfigKeys (ConfUtils.java:logGet(43)) - raft.server.log.statemachine.data.sync.timeout.retry = -1 (default)
2019-09-25 05:06:15,568 [pool-37-thread-1] INFO  server.RaftServerConfigKeys (ConfUtils.java:logGet(43)) - raft.server.log.statemachine.data.caching.enabled = true (custom)
2019-09-25 05:06:15,568 [pool-37-thread-1] INFO  segmented.SegmentedRaftLogWorker (SegmentedRaftLogWorker.java:lambda$new$0(132)) - 36ac27b3-2f11-437d-8f1f-165306b0ff4a@group-25E3748DE4E7-SegmentedRaftLogWorker: flushIndex: setUnconditionally 0 -> -1
2019-09-25 05:06:15,568 [pool-37-thread-1] INFO  server.RaftServerConfigKeys (ConfUtils.java:logGet(43)) - raft.server.snapshot.auto.trigger.enabled = true (custom)
2019-09-25 05:06:15,569 [pool-37-thread-1] INFO  server.RaftServerConfigKeys (ConfUtils.java:logGet(43)) - raft.server.snapshot.auto.trigger.threshold = 10000 (custom)
2019-09-25 05:06:15,569 [pool-37-thread-1] INFO  server.RaftServerConfigKeys (ConfUtils.java:logGet(43)) - raft.server.snapshot.retention.num.files = 5 (custom)
2019-09-25 05:06:15,569 [pool-37-thread-1] INFO  server.RaftServerConfigKeys (ConfUtils.java:logGet(43)) - raft.server.retrycache.expirytime = 600000ms (custom)
2019-09-25 05:06:15,570 [pool-37-thread-1] INFO  impl.RaftServerImpl (RaftServerImpl.java:start(185)) - 36ac27b3-2f11-437d-8f1f-165306b0ff4a@group-25E3748DE4E7: start as a follower, conf=-1: [36ac27b3-2f11-437d-8f1f-165306b0ff4a:192.168.30.10:45265], old=null
2019-09-25 05:06:15,571 [pool-37-thread-1] INFO  impl.RaftServerImpl (RaftServerImpl.java:setRole(174)) - 36ac27b3-2f11-437d-8f1f-165306b0ff4a@group-25E3748DE4E7: changes role from      null to FOLLOWER at term 0 for startAsFollower
2019-09-25 05:06:15,571 [pool-37-thread-1] INFO  impl.RoleInfo (RoleInfo.java:updateAndGet(143)) - 36ac27b3-2f11-437d-8f1f-165306b0ff4a: start FollowerState
2019-09-25 05:06:15,571 [pool-37-thread-1] INFO  util.JmxRegister (JmxRegister.java:tryRegister(44)) - Successfully registered JMX Bean with object name Ratis:service=RaftServer,group=group-25E3748DE4E7,id=36ac27b3-2f11-437d-8f1f-165306b0ff4a
2019-09-25 05:06:15,574 [RatisPipelineUtilsThread] INFO  pipeline.PipelineStateManager (PipelineStateManager.java:addPipeline(56)) - Created pipeline Pipeline[ Id: fb0fe731-aa9c-407d-8186-25e3748de4e7, Nodes: 36ac27b3-2f11-437d-8f1f-165306b0ff4a{ip: 192.168.30.10, host: pr-hdds-1569-s62bp-3040748787, networkLocation: /default-rack, certSerialId: null}, Type:RATIS, Factor:ONE, State:OPEN]
2019-09-25 05:06:15,585 [grpc-default-executor-0] INFO  impl.RaftServerProxy (RaftServerProxy.java:addNew(89)) - 692224c4-5202-4921-98cc-04d5c60c79cc: addNew group-4EBFA92A4DF4:[692224c4-5202-4921-98cc-04d5c60c79cc:192.168.30.10:38144] returns group-4EBFA92A4DF4:java.util.concurrent.CompletableFuture@2b462680[Not completed]
2019-09-25 05:06:15,587 [pool-67-thread-1] INFO  impl.RaftServerImpl (RaftServerImpl.java:<init>(95)) - 692224c4-5202-4921-98cc-04d5c60c79cc: new RaftServerImpl for group-4EBFA92A4DF4:[692224c4-5202-4921-98cc-04d5c60c79cc:192.168.30.10:38144] with ContainerStateMachine:uninitialized
2019-09-25 05:06:15,587 [pool-67-thread-1] INFO  server.RaftServerConfigKeys (ConfUtils.java:logGet(43)) - raft.server.rpc.timeout.min = 5s (custom)
2019-09-25 05:06:15,587 [pool-67-thread-1] INFO  server.RaftServerConfigKeys (ConfUtils.java:logGet(43)) - raft.server.rpc.timeout.max = 5200ms (custom)
2019-09-25 05:06:15,587 [pool-67-thread-1] INFO  server.RaftServerConfigKeys (ConfUtils.java:logGet(43)) - raft.server.rpcslowness.timeout = 120s (custom)
2019-09-25 05:06:15,588 [pool-67-thread-1] INFO  server.RaftServerConfigKeys (ConfUtils.java:logGet(43)) - raft.server.sleep.deviation.threshold = 300 (default)
2019-09-25 05:06:15,588 [pool-67-thread-1] INFO  server.RaftServerConfigKeys (ConfUtils.java:logGet(43)) - raft.server.log.appender.install.snapshot.enabled = false (custom)
2019-09-25 05:06:15,588 [pool-67-thread-1] INFO  impl.RaftServerImpl (ServerState.java:<init>(103)) - 692224c4-5202-4921-98cc-04d5c60c79cc@group-4EBFA92A4DF4: ConfigurationManager, init=-1: [692224c4-5202-4921-98cc-04d5c60c79cc:192.168.30.10:38144], old=null, confs=<EMPTY_MAP>
2019-09-25 05:06:15,588 [pool-67-thread-1] INFO  server.RaftServerConfigKeys (ConfUtils.java:logGet(43)) - raft.server.storage.dir = [/workdir/hadoop-ozone/integration-test/target/test-dir/MiniOzoneClusterImpl-23306158-e895-4fc7-80df-ce6c264c388b/datanode-4/data/ratis] (custom)
2019-09-25 05:06:15,589 [pool-67-thread-1] INFO  storage.RaftStorageDirectory (RaftStorageDirectory.java:analyzeStorage(246)) - The storage directory /workdir/hadoop-ozone/integration-test/target/test-dir/MiniOzoneClusterImpl-23306158-e895-4fc7-80df-ce6c264c388b/datanode-4/data/ratis/8ee5e1f9-8929-4fc6-8e0b-4ebfa92a4df4 does not exist. Creating ...
2019-09-25 05:06:15,598 [Thread-367] INFO  impl.FollowerState (FollowerState.java:run(106)) - b4fa7d23-6606-45fd-9544-2b08ca3fa933:group-327B1C401A0D changes to CANDIDATE, lastRpcTime:5191, electionTimeout:5191ms
2019-09-25 05:06:15,598 [Thread-367] INFO  impl.RoleInfo (RoleInfo.java:shutdownFollowerState(121)) - b4fa7d23-6606-45fd-9544-2b08ca3fa933: shutdown FollowerState
2019-09-25 05:06:15,598 [Thread-367] INFO  impl.RaftServerImpl (RaftServerImpl.java:setRole(174)) - b4fa7d23-6606-45fd-9544-2b08ca3fa933@group-327B1C401A0D: changes role from  FOLLOWER to CANDIDATE at term 0 for changeToCandidate
2019-09-25 05:06:15,599 [Thread-367] INFO  impl.RoleInfo (RoleInfo.java:updateAndGet(143)) - b4fa7d23-6606-45fd-9544-2b08ca3fa933: start LeaderElection
2019-09-25 05:06:15,603 [Thread-370] INFO  impl.FollowerState (FollowerState.java:run(106)) - c8798e02-7f0c-41f7-82c2-a17323bcf21e:group-4067BFE406B7 changes to CANDIDATE, lastRpcTime:5147, electionTimeout:5147ms
2019-09-25 05:06:15,603 [Thread-370] INFO  impl.RoleInfo (RoleInfo.java:shutdownFollowerState(121)) - c8798e02-7f0c-41f7-82c2-a17323bcf21e: shutdown FollowerState
2019-09-25 05:06:15,603 [Thread-370] INFO  impl.RaftServerImpl (RaftServerImpl.java:setRole(174)) - c8798e02-7f0c-41f7-82c2-a17323bcf21e@group-4067BFE406B7: changes role from  FOLLOWER to CANDIDATE at term 0 for changeToCandidate
2019-09-25 05:06:15,603 [Thread-370] INFO  impl.RoleInfo (RoleInfo.java:updateAndGet(143)) - c8798e02-7f0c-41f7-82c2-a17323bcf21e: start LeaderElection
2019-09-25 05:06:15,615 [pool-67-thread-1] INFO  storage.RaftStorageDirectory (RaftStorageDirectory.java:tryLock(328)) - Lock on /workdir/hadoop-ozone/integration-test/target/test-dir/MiniOzoneClusterImpl-23306158-e895-4fc7-80df-ce6c264c388b/datanode-4/data/ratis/8ee5e1f9-8929-4fc6-8e0b-4ebfa92a4df4/in_use.lock acquired by nodename 25526@pr-hdds-1569-s62bp-3040748787
2019-09-25 05:06:15,616 [de37f7a0-0375-40a9-a318-404478482fcb@group-D63755BA076A-SegmentedRaftLogWorker] INFO  segmented.SegmentedRaftLogWorker (SegmentedRaftLogWorker.java:execute(569)) - de37f7a0-0375-40a9-a318-404478482fcb@group-D63755BA076A-SegmentedRaftLogWorker: created new log segment /workdir/hadoop-ozone/integration-test/target/test-dir/MiniOzoneClusterImpl-23306158-e895-4fc7-80df-ce6c264c388b/datanode-3/data/ratis/30f50d32-b1c5-46f2-a661-d63755ba076a/current/log_inprogress_0
2019-09-25 05:06:15,616 [c8798e02-7f0c-41f7-82c2-a17323bcf21e@group-4067BFE406B7:LeaderElection44] INFO  impl.LeaderElection (LeaderElection.java:askForVotes(182)) - c8798e02-7f0c-41f7-82c2-a17323bcf21e@group-4067BFE406B7:LeaderElection44: begin an election at term 1 for -1: [c8798e02-7f0c-41f7-82c2-a17323bcf21e:192.168.30.10:40603], old=null
2019-09-25 05:06:15,616 [b4fa7d23-6606-45fd-9544-2b08ca3fa933@group-327B1C401A0D:LeaderElection43] INFO  impl.LeaderElection (LeaderElection.java:askForVotes(182)) - b4fa7d23-6606-45fd-9544-2b08ca3fa933@group-327B1C401A0D:LeaderElection43: begin an election at term 1 for -1: [b4fa7d23-6606-45fd-9544-2b08ca3fa933:192.168.30.10:34493], old=null
2019-09-25 05:06:15,616 [c8798e02-7f0c-41f7-82c2-a17323bcf21e@group-4067BFE406B7:LeaderElection44] INFO  impl.RoleInfo (RoleInfo.java:shutdownLeaderElection(134)) - c8798e02-7f0c-41f7-82c2-a17323bcf21e: shutdown LeaderElection
2019-09-25 05:06:15,616 [b4fa7d23-6606-45fd-9544-2b08ca3fa933@group-327B1C401A0D:LeaderElection43] INFO  impl.RoleInfo (RoleInfo.java:shutdownLeaderElection(134)) - b4fa7d23-6606-45fd-9544-2b08ca3fa933: shutdown LeaderElection
2019-09-25 05:06:15,616 [c8798e02-7f0c-41f7-82c2-a17323bcf21e@group-4067BFE406B7:LeaderElection44] INFO  impl.RaftServerImpl (RaftServerImpl.java:setRole(174)) - c8798e02-7f0c-41f7-82c2-a17323bcf21e@group-4067BFE406B7: changes role from CANDIDATE to LEADER at term 1 for changeToLeader
2019-09-25 05:06:15,616 [b4fa7d23-6606-45fd-9544-2b08ca3fa933@group-327B1C401A0D:LeaderElection43] INFO  impl.RaftServerImpl (RaftServerImpl.java:setRole(174)) - b4fa7d23-6606-45fd-9544-2b08ca3fa933@group-327B1C401A0D: changes role from CANDIDATE to LEADER at term 1 for changeToLeader
2019-09-25 05:06:15,617 [c8798e02-7f0c-41f7-82c2-a17323bcf21e@group-4067BFE406B7:LeaderElection44] INFO  impl.RaftServerImpl (ServerState.java:setLeader(253)) - c8798e02-7f0c-41f7-82c2-a17323bcf21e@group-4067BFE406B7: change Leader from null to c8798e02-7f0c-41f7-82c2-a17323bcf21e at term 1 for becomeLeader, leader elected after 5168ms
2019-09-25 05:06:15,617 [b4fa7d23-6606-45fd-9544-2b08ca3fa933@group-327B1C401A0D:LeaderElection43] INFO  impl.RaftServerImpl (ServerState.java:setLeader(253)) - b4fa7d23-6606-45fd-9544-2b08ca3fa933@group-327B1C401A0D: change Leader from null to b4fa7d23-6606-45fd-9544-2b08ca3fa933 at term 1 for becomeLeader, leader elected after 5217ms
2019-09-25 05:06:15,617 [c8798e02-7f0c-41f7-82c2-a17323bcf21e@group-4067BFE406B7:LeaderElection44] INFO  server.RaftServerConfigKeys (ConfUtils.java:logGet(43)) - raft.server.staging.catchup.gap = 1000 (default)
2019-09-25 05:06:15,617 [b4fa7d23-6606-45fd-9544-2b08ca3fa933@group-327B1C401A0D:LeaderElection43] INFO  server.RaftServerConfigKeys (ConfUtils.java:logGet(43)) - raft.server.staging.catchup.gap = 1000 (default)
2019-09-25 05:06:15,617 [c8798e02-7f0c-41f7-82c2-a17323bcf21e@group-4067BFE406B7:LeaderElection44] INFO  server.RaftServerConfigKeys (ConfUtils.java:logGet(43)) - raft.server.rpc.sleep.time = 25ms (default)
2019-09-25 05:06:15,617 [b4fa7d23-6606-45fd-9544-2b08ca3fa933@group-327B1C401A0D:LeaderElection43] INFO  server.RaftServerConfigKeys (ConfUtils.java:logGet(43)) - raft.server.rpc.sleep.time = 25ms (default)
2019-09-25 05:06:15,617 [c8798e02-7f0c-41f7-82c2-a17323bcf21e@group-4067BFE406B7:LeaderElection44] INFO  server.RaftServerConfigKeys (ConfUtils.java:logGet(43)) - raft.server.write.element-limit = 4096 (default)
2019-09-25 05:06:15,618 [b4fa7d23-6606-45fd-9544-2b08ca3fa933@group-327B1C401A0D:LeaderElection43] INFO  server.RaftServerConfigKeys (ConfUtils.java:logGet(43)) - raft.server.write.element-limit = 4096 (default)
2019-09-25 05:06:15,618 [c8798e02-7f0c-41f7-82c2-a17323bcf21e@group-4067BFE406B7:LeaderElection44] INFO  server.RaftServerConfigKeys (ConfUtils.java:logGet(43)) - raft.server.watch.timeout = 10s (default)
2019-09-25 05:06:15,618 [b4fa7d23-6606-45fd-9544-2b08ca3fa933@group-327B1C401A0D:LeaderElection43] INFO  server.RaftServerConfigKeys (ConfUtils.java:logGet(43)) - raft.server.watch.timeout = 10s (default)
2019-09-25 05:06:15,618 [c8798e02-7f0c-41f7-82c2-a17323bcf21e@group-4067BFE406B7:LeaderElection44] INFO  server.RaftServerConfigKeys (ConfUtils.java:logGet(43)) - raft.server.watch.timeout.denomination = 1s (default)
2019-09-25 05:06:15,618 [b4fa7d23-6606-45fd-9544-2b08ca3fa933@group-327B1C401A0D:LeaderElection43] INFO  server.RaftServerConfigKeys (ConfUtils.java:logGet(43)) - raft.server.watch.timeout.denomination = 1s (default)
2019-09-25 05:06:15,618 [c8798e02-7f0c-41f7-82c2-a17323bcf21e@group-4067BFE406B7:LeaderElection44] INFO  server.RaftServerConfigKeys (ConfUtils.java:logGet(43)) - raft.server.watch.element-limit = 65536 (default)
2019-09-25 05:06:15,618 [b4fa7d23-6606-45fd-9544-2b08ca3fa933@group-327B1C401A0D:LeaderElection43] INFO  server.RaftServerConfigKeys (ConfUtils.java:logGet(43)) - raft.server.watch.element-limit = 65536 (default)
2019-09-25 05:06:15,621 [c8798e02-7f0c-41f7-82c2-a17323bcf21e@group-4067BFE406B7:LeaderElection44] INFO  impl.RoleInfo (RoleInfo.java:updateAndGet(143)) - c8798e02-7f0c-41f7-82c2-a17323bcf21e: start LeaderState
2019-09-25 05:06:15,621 [c8798e02-7f0c-41f7-82c2-a17323bcf21e@group-4067BFE406B7:LeaderElection44] INFO  segmented.SegmentedRaftLogWorker (SegmentedRaftLogWorker.java:startLogSegment(380)) - c8798e02-7f0c-41f7-82c2-a17323bcf21e@group-4067BFE406B7-SegmentedRaftLogWorker: Starting segment from index:0
2019-09-25 05:06:15,621 [b4fa7d23-6606-45fd-9544-2b08ca3fa933@group-327B1C401A0D:LeaderElection43] INFO  impl.RoleInfo (RoleInfo.java:updateAndGet(143)) - b4fa7d23-6606-45fd-9544-2b08ca3fa933: start LeaderState
2019-09-25 05:06:15,621 [b4fa7d23-6606-45fd-9544-2b08ca3fa933@group-327B1C401A0D:LeaderElection43] INFO  segmented.SegmentedRaftLogWorker (SegmentedRaftLogWorker.java:startLogSegment(380)) - b4fa7d23-6606-45fd-9544-2b08ca3fa933@group-327B1C401A0D-SegmentedRaftLogWorker: Starting segment from index:0
2019-09-25 05:06:15,621 [c8798e02-7f0c-41f7-82c2-a17323bcf21e@group-4067BFE406B7:LeaderElection44] INFO  impl.RaftServerImpl (ServerState.java:setRaftConf(354)) - c8798e02-7f0c-41f7-82c2-a17323bcf21e@group-4067BFE406B7: set configuration 0: [c8798e02-7f0c-41f7-82c2-a17323bcf21e:192.168.30.10:40603], old=null at 0
2019-09-25 05:06:15,622 [b4fa7d23-6606-45fd-9544-2b08ca3fa933@group-327B1C401A0D:LeaderElection43] INFO  impl.RaftServerImpl (ServerState.java:setRaftConf(354)) - b4fa7d23-6606-45fd-9544-2b08ca3fa933@group-327B1C401A0D: set configuration 0: [b4fa7d23-6606-45fd-9544-2b08ca3fa933:192.168.30.10:34493], old=null at 0
2019-09-25 05:06:15,630 [pool-67-thread-1] INFO  storage.RaftStorage (RaftStorage.java:format(72)) - Storage directory /workdir/hadoop-ozone/integration-test/target/test-dir/MiniOzoneClusterImpl-23306158-e895-4fc7-80df-ce6c264c388b/datanode-4/data/ratis/8ee5e1f9-8929-4fc6-8e0b-4ebfa92a4df4 has been successfully formatted.
2019-09-25 05:06:15,630 [pool-67-thread-1] INFO  ratis.ContainerStateMachine (ContainerStateMachine.java:loadSnapshot(230)) - group-4EBFA92A4DF4: The snapshot info is null. Setting the last applied indexto:(t:0, i:~)
2019-09-25 05:06:15,630 [pool-67-thread-1] INFO  server.RaftServerConfigKeys (ConfUtils.java:logGet(43)) - raft.server.notification.no-leader.timeout = 120s (custom)
2019-09-25 05:06:15,630 [pool-67-thread-1] INFO  server.RaftServerConfigKeys (ConfUtils.java:logGet(43)) - raft.server.log.use.memory = false (default)
2019-09-25 05:06:15,631 [pool-67-thread-1] INFO  server.RaftServerConfigKeys (ConfUtils.java:logGet(43)) - raft.server.log.purge.gap = 1000000 (custom)
2019-09-25 05:06:15,631 [pool-67-thread-1] INFO  server.RaftServerConfigKeys (ConfUtils.java:logGet(43)) - raft.server.log.appender.buffer.byte-limit = 33554432 (custom)
2019-09-25 05:06:15,631 [pool-67-thread-1] INFO  server.RaftServerConfigKeys (ConfUtils.java:logGet(43)) - raft.server.log.segment.size.max = 1048576 (custom)
2019-09-25 05:06:15,631 [pool-67-thread-1] INFO  server.RaftServerConfigKeys (ConfUtils.java:logGet(43)) - raft.server.log.segment.cache.num.max = 2 (custom)
2019-09-25 05:06:15,631 [pool-67-thread-1] INFO  segmented.SegmentedRaftLogWorker (SegmentedRaftLogWorker.java:<init>(172)) - new 692224c4-5202-4921-98cc-04d5c60c79cc@group-4EBFA92A4DF4-SegmentedRaftLogWorker for RaftStorage:Storage Directory /workdir/hadoop-ozone/integration-test/target/test-dir/MiniOzoneClusterImpl-23306158-e895-4fc7-80df-ce6c264c388b/datanode-4/data/ratis/8ee5e1f9-8929-4fc6-8e0b-4ebfa92a4df4
2019-09-25 05:06:15,631 [pool-67-thread-1] INFO  server.RaftServerConfigKeys (ConfUtils.java:logGet(43)) - raft.server.log.queue.byte-limit = 2147483647 (custom)
2019-09-25 05:06:15,632 [pool-67-thread-1] INFO  server.RaftServerConfigKeys (ConfUtils.java:logGet(43)) - raft.server.log.queue.element-limit = 1024 (custom)
2019-09-25 05:06:15,632 [pool-67-thread-1] INFO  server.RaftServerConfigKeys (ConfUtils.java:logGet(43)) - raft.server.log.segment.size.max = 1048576 (custom)
2019-09-25 05:06:15,632 [pool-67-thread-1] INFO  server.RaftServerConfigKeys (ConfUtils.java:logGet(43)) - raft.server.log.preallocated.size = 16384 (custom)
2019-09-25 05:06:15,632 [pool-67-thread-1] INFO  server.RaftServerConfigKeys (ConfUtils.java:logGet(43)) - raft.server.log.write.buffer.size = 33554432 (custom)
2019-09-25 05:06:15,632 [pool-67-thread-1] INFO  server.RaftServerConfigKeys (ConfUtils.java:logGet(43)) - raft.server.log.force.sync.num = 128 (default)
2019-09-25 05:06:15,632 [pool-67-thread-1] INFO  server.RaftServerConfigKeys (ConfUtils.java:logGet(43)) - raft.server.log.statemachine.data.sync = true (default)
2019-09-25 05:06:15,632 [pool-67-thread-1] INFO  server.RaftServerConfigKeys (ConfUtils.java:logGet(43)) - raft.server.log.statemachine.data.sync.timeout = 10s (default)
2019-09-25 05:06:15,633 [pool-67-thread-1] INFO  server.RaftServerConfigKeys (ConfUtils.java:logGet(43)) - raft.server.log.statemachine.data.sync.timeout.retry = -1 (default)
2019-09-25 05:06:15,633 [pool-67-thread-1] INFO  server.RaftServerConfigKeys (ConfUtils.java:logGet(43)) - raft.server.log.statemachine.data.caching.enabled = true (custom)
2019-09-25 05:06:15,633 [pool-67-thread-1] INFO  segmented.SegmentedRaftLogWorker (SegmentedRaftLogWorker.java:lambda$new$0(132)) - 692224c4-5202-4921-98cc-04d5c60c79cc@group-4EBFA92A4DF4-SegmentedRaftLogWorker: flushIndex: setUnconditionally 0 -> -1
2019-09-25 05:06:15,633 [pool-67-thread-1] INFO  server.RaftServerConfigKeys (ConfUtils.java:logGet(43)) - raft.server.snapshot.auto.trigger.enabled = true (custom)
2019-09-25 05:06:15,634 [pool-67-thread-1] INFO  server.RaftServerConfigKeys (ConfUtils.java:logGet(43)) - raft.server.snapshot.auto.trigger.threshold = 10000 (custom)
2019-09-25 05:06:15,634 [pool-67-thread-1] INFO  server.RaftServerConfigKeys (ConfUtils.java:logGet(43)) - raft.server.snapshot.retention.num.files = 5 (custom)
2019-09-25 05:06:15,634 [pool-67-thread-1] INFO  server.RaftServerConfigKeys (ConfUtils.java:logGet(43)) - raft.server.retrycache.expirytime = 600000ms (custom)
2019-09-25 05:06:15,636 [pool-67-thread-1] INFO  impl.RaftServerImpl (RaftServerImpl.java:start(185)) - 692224c4-5202-4921-98cc-04d5c60c79cc@group-4EBFA92A4DF4: start as a follower, conf=-1: [692224c4-5202-4921-98cc-04d5c60c79cc:192.168.30.10:38144], old=null
2019-09-25 05:06:15,636 [pool-67-thread-1] INFO  impl.RaftServerImpl (RaftServerImpl.java:setRole(174)) - 692224c4-5202-4921-98cc-04d5c60c79cc@group-4EBFA92A4DF4: changes role from      null to FOLLOWER at term 0 for startAsFollower
2019-09-25 05:06:15,636 [pool-67-thread-1] INFO  impl.RoleInfo (RoleInfo.java:updateAndGet(143)) - 692224c4-5202-4921-98cc-04d5c60c79cc: start FollowerState
2019-09-25 05:06:15,637 [pool-67-thread-1] INFO  util.JmxRegister (JmxRegister.java:tryRegister(44)) - Successfully registered JMX Bean with object name Ratis:service=RaftServer,group=group-4EBFA92A4DF4,id=692224c4-5202-4921-98cc-04d5c60c79cc
2019-09-25 05:06:15,640 [RatisPipelineUtilsThread] INFO  pipeline.PipelineStateManager (PipelineStateManager.java:addPipeline(56)) - Created pipeline Pipeline[ Id: 8ee5e1f9-8929-4fc6-8e0b-4ebfa92a4df4, Nodes: 692224c4-5202-4921-98cc-04d5c60c79cc{ip: 192.168.30.10, host: pr-hdds-1569-s62bp-3040748787, networkLocation: /default-rack, certSerialId: null}, Type:RATIS, Factor:ONE, State:OPEN]
2019-09-25 05:06:15,646 [grpc-default-executor-0] INFO  impl.RaftServerProxy (RaftServerProxy.java:addNew(89)) - f77bfc29-6991-4b1d-a503-f706c83de4fc: addNew group-B866544E1229:[f77bfc29-6991-4b1d-a503-f706c83de4fc:192.168.30.10:35112] returns group-B866544E1229:java.util.concurrent.CompletableFuture@274af4e4[Not completed]
2019-09-25 05:06:15,648 [pool-27-thread-1] INFO  impl.RaftServerImpl (RaftServerImpl.java:<init>(95)) - f77bfc29-6991-4b1d-a503-f706c83de4fc: new RaftServerImpl for group-B866544E1229:[f77bfc29-6991-4b1d-a503-f706c83de4fc:192.168.30.10:35112] with ContainerStateMachine:uninitialized
2019-09-25 05:06:15,648 [pool-27-thread-1] INFO  server.RaftServerConfigKeys (ConfUtils.java:logGet(43)) - raft.server.rpc.timeout.min = 5s (custom)
2019-09-25 05:06:15,648 [pool-27-thread-1] INFO  server.RaftServerConfigKeys (ConfUtils.java:logGet(43)) - raft.server.rpc.timeout.max = 5200ms (custom)
2019-09-25 05:06:15,648 [pool-27-thread-1] INFO  server.RaftServerConfigKeys (ConfUtils.java:logGet(43)) - raft.server.rpcslowness.timeout = 120s (custom)
2019-09-25 05:06:15,648 [pool-27-thread-1] INFO  server.RaftServerConfigKeys (ConfUtils.java:logGet(43)) - raft.server.sleep.deviation.threshold = 300 (default)
2019-09-25 05:06:15,648 [pool-27-thread-1] INFO  server.RaftServerConfigKeys (ConfUtils.java:logGet(43)) - raft.server.log.appender.install.snapshot.enabled = false (custom)
2019-09-25 05:06:15,648 [pool-27-thread-1] INFO  impl.RaftServerImpl (ServerState.java:<init>(103)) - f77bfc29-6991-4b1d-a503-f706c83de4fc@group-B866544E1229: ConfigurationManager, init=-1: [f77bfc29-6991-4b1d-a503-f706c83de4fc:192.168.30.10:35112], old=null, confs=<EMPTY_MAP>
2019-09-25 05:06:15,649 [pool-27-thread-1] INFO  server.RaftServerConfigKeys (ConfUtils.java:logGet(43)) - raft.server.storage.dir = [/workdir/hadoop-ozone/integration-test/target/test-dir/MiniOzoneClusterImpl-23306158-e895-4fc7-80df-ce6c264c388b/datanode-0/data/ratis] (custom)
2019-09-25 05:06:15,649 [pool-27-thread-1] INFO  storage.RaftStorageDirectory (RaftStorageDirectory.java:analyzeStorage(246)) - The storage directory /workdir/hadoop-ozone/integration-test/target/test-dir/MiniOzoneClusterImpl-23306158-e895-4fc7-80df-ce6c264c388b/datanode-0/data/ratis/0906fb37-f50c-42f5-9eb9-b866544e1229 does not exist. Creating ...
2019-09-25 05:06:15,663 [pool-27-thread-1] INFO  storage.RaftStorageDirectory (RaftStorageDirectory.java:tryLock(328)) - Lock on /workdir/hadoop-ozone/integration-test/target/test-dir/MiniOzoneClusterImpl-23306158-e895-4fc7-80df-ce6c264c388b/datanode-0/data/ratis/0906fb37-f50c-42f5-9eb9-b866544e1229/in_use.lock acquired by nodename 25526@pr-hdds-1569-s62bp-3040748787
2019-09-25 05:06:15,663 [b4fa7d23-6606-45fd-9544-2b08ca3fa933@group-327B1C401A0D-SegmentedRaftLogWorker] INFO  segmented.SegmentedRaftLogWorker (SegmentedRaftLogWorker.java:execute(569)) - b4fa7d23-6606-45fd-9544-2b08ca3fa933@group-327B1C401A0D-SegmentedRaftLogWorker: created new log segment /workdir/hadoop-ozone/integration-test/target/test-dir/MiniOzoneClusterImpl-23306158-e895-4fc7-80df-ce6c264c388b/datanode-5/data/ratis/28a611c7-193c-49db-a304-327b1c401a0d/current/log_inprogress_0
2019-09-25 05:06:15,665 [c8798e02-7f0c-41f7-82c2-a17323bcf21e@group-4067BFE406B7-SegmentedRaftLogWorker] INFO  segmented.SegmentedRaftLogWorker (SegmentedRaftLogWorker.java:execute(569)) - c8798e02-7f0c-41f7-82c2-a17323bcf21e@group-4067BFE406B7-SegmentedRaftLogWorker: created new log segment /workdir/hadoop-ozone/integration-test/target/test-dir/MiniOzoneClusterImpl-23306158-e895-4fc7-80df-ce6c264c388b/datanode-2/data/ratis/6acb3a47-2557-425a-a838-4067bfe406b7/current/log_inprogress_0
2019-09-25 05:06:15,667 [pool-27-thread-1] INFO  storage.RaftStorage (RaftStorage.java:format(72)) - Storage directory /workdir/hadoop-ozone/integration-test/target/test-dir/MiniOzoneClusterImpl-23306158-e895-4fc7-80df-ce6c264c388b/datanode-0/data/ratis/0906fb37-f50c-42f5-9eb9-b866544e1229 has been successfully formatted.
2019-09-25 05:06:15,667 [pool-27-thread-1] INFO  ratis.ContainerStateMachine (ContainerStateMachine.java:loadSnapshot(230)) - group-B866544E1229: The snapshot info is null. Setting the last applied indexto:(t:0, i:~)
2019-09-25 05:06:15,667 [pool-27-thread-1] INFO  server.RaftServerConfigKeys (ConfUtils.java:logGet(43)) - raft.server.notification.no-leader.timeout = 120s (custom)
2019-09-25 05:06:15,667 [pool-27-thread-1] INFO  server.RaftServerConfigKeys (ConfUtils.java:logGet(43)) - raft.server.log.use.memory = false (default)
2019-09-25 05:06:15,667 [pool-27-thread-1] INFO  server.RaftServerConfigKeys (ConfUtils.java:logGet(43)) - raft.server.log.purge.gap = 1000000 (custom)
2019-09-25 05:06:15,667 [pool-27-thread-1] INFO  server.RaftServerConfigKeys (ConfUtils.java:logGet(43)) - raft.server.log.appender.buffer.byte-limit = 33554432 (custom)
2019-09-25 05:06:15,667 [pool-27-thread-1] INFO  server.RaftServerConfigKeys (ConfUtils.java:logGet(43)) - raft.server.log.segment.size.max = 1048576 (custom)
2019-09-25 05:06:15,668 [pool-27-thread-1] INFO  server.RaftServerConfigKeys (ConfUtils.java:logGet(43)) - raft.server.log.segment.cache.num.max = 2 (custom)
2019-09-25 05:06:15,668 [pool-27-thread-1] INFO  segmented.SegmentedRaftLogWorker (SegmentedRaftLogWorker.java:<init>(172)) - new f77bfc29-6991-4b1d-a503-f706c83de4fc@group-B866544E1229-SegmentedRaftLogWorker for RaftStorage:Storage Directory /workdir/hadoop-ozone/integration-test/target/test-dir/MiniOzoneClusterImpl-23306158-e895-4fc7-80df-ce6c264c388b/datanode-0/data/ratis/0906fb37-f50c-42f5-9eb9-b866544e1229
2019-09-25 05:06:15,668 [pool-27-thread-1] INFO  server.RaftServerConfigKeys (ConfUtils.java:logGet(43)) - raft.server.log.queue.byte-limit = 2147483647 (custom)
2019-09-25 05:06:15,668 [pool-27-thread-1] INFO  server.RaftServerConfigKeys (ConfUtils.java:logGet(43)) - raft.server.log.queue.element-limit = 1024 (custom)
2019-09-25 05:06:15,668 [pool-27-thread-1] INFO  server.RaftServerConfigKeys (ConfUtils.java:logGet(43)) - raft.server.log.segment.size.max = 1048576 (custom)
2019-09-25 05:06:15,668 [pool-27-thread-1] INFO  server.RaftServerConfigKeys (ConfUtils.java:logGet(43)) - raft.server.log.preallocated.size = 16384 (custom)
2019-09-25 05:06:15,668 [pool-27-thread-1] INFO  server.RaftServerConfigKeys (ConfUtils.java:logGet(43)) - raft.server.log.write.buffer.size = 33554432 (custom)
2019-09-25 05:06:15,668 [pool-27-thread-1] INFO  server.RaftServerConfigKeys (ConfUtils.java:logGet(43)) - raft.server.log.force.sync.num = 128 (default)
2019-09-25 05:06:15,668 [pool-27-thread-1] INFO  server.RaftServerConfigKeys (ConfUtils.java:logGet(43)) - raft.server.log.statemachine.data.sync = true (default)
2019-09-25 05:06:15,668 [pool-27-thread-1] INFO  server.RaftServerConfigKeys (ConfUtils.java:logGet(43)) - raft.server.log.statemachine.data.sync.timeout = 10s (default)
2019-09-25 05:06:15,669 [pool-27-thread-1] INFO  server.RaftServerConfigKeys (ConfUtils.java:logGet(43)) - raft.server.log.statemachine.data.sync.timeout.retry = -1 (default)
2019-09-25 05:06:15,669 [pool-27-thread-1] INFO  server.RaftServerConfigKeys (ConfUtils.java:logGet(43)) - raft.server.log.statemachine.data.caching.enabled = true (custom)
2019-09-25 05:06:15,669 [pool-27-thread-1] INFO  segmented.SegmentedRaftLogWorker (SegmentedRaftLogWorker.java:lambda$new$0(132)) - f77bfc29-6991-4b1d-a503-f706c83de4fc@group-B866544E1229-SegmentedRaftLogWorker: flushIndex: setUnconditionally 0 -> -1
2019-09-25 05:06:15,669 [pool-27-thread-1] INFO  server.RaftServerConfigKeys (ConfUtils.java:logGet(43)) - raft.server.snapshot.auto.trigger.enabled = true (custom)
2019-09-25 05:06:15,669 [pool-27-thread-1] INFO  server.RaftServerConfigKeys (ConfUtils.java:logGet(43)) - raft.server.snapshot.auto.trigger.threshold = 10000 (custom)
2019-09-25 05:06:15,669 [pool-27-thread-1] INFO  server.RaftServerConfigKeys (ConfUtils.java:logGet(43)) - raft.server.snapshot.retention.num.files = 5 (custom)
2019-09-25 05:06:15,670 [pool-27-thread-1] INFO  server.RaftServerConfigKeys (ConfUtils.java:logGet(43)) - raft.server.retrycache.expirytime = 600000ms (custom)
2019-09-25 05:06:15,671 [pool-27-thread-1] INFO  impl.RaftServerImpl (RaftServerImpl.java:start(185)) - f77bfc29-6991-4b1d-a503-f706c83de4fc@group-B866544E1229: start as a follower, conf=-1: [f77bfc29-6991-4b1d-a503-f706c83de4fc:192.168.30.10:35112], old=null
2019-09-25 05:06:15,671 [pool-27-thread-1] INFO  impl.RaftServerImpl (RaftServerImpl.java:setRole(174)) - f77bfc29-6991-4b1d-a503-f706c83de4fc@group-B866544E1229: changes role from      null to FOLLOWER at term 0 for startAsFollower
2019-09-25 05:06:15,671 [pool-27-thread-1] INFO  impl.RoleInfo (RoleInfo.java:updateAndGet(143)) - f77bfc29-6991-4b1d-a503-f706c83de4fc: start FollowerState
2019-09-25 05:06:15,672 [pool-27-thread-1] INFO  util.JmxRegister (JmxRegister.java:tryRegister(44)) - Successfully registered JMX Bean with object name Ratis:service=RaftServer,group=group-B866544E1229,id=f77bfc29-6991-4b1d-a503-f706c83de4fc
2019-09-25 05:06:15,675 [RatisPipelineUtilsThread] INFO  pipeline.PipelineStateManager (PipelineStateManager.java:addPipeline(56)) - Created pipeline Pipeline[ Id: 0906fb37-f50c-42f5-9eb9-b866544e1229, Nodes: f77bfc29-6991-4b1d-a503-f706c83de4fc{ip: 192.168.30.10, host: pr-hdds-1569-s62bp-3040748787, networkLocation: /default-rack, certSerialId: null}, Type:RATIS, Factor:ONE, State:OPEN]
2019-09-25 05:06:15,680 [grpc-default-executor-0] INFO  impl.RaftServerProxy (RaftServerProxy.java:addNew(89)) - 36ac27b3-2f11-437d-8f1f-165306b0ff4a: addNew group-5080C272BC14:[36ac27b3-2f11-437d-8f1f-165306b0ff4a:192.168.30.10:45265] returns group-5080C272BC14:java.util.concurrent.CompletableFuture@c34f22a[Not completed]
2019-09-25 05:06:15,681 [pool-37-thread-1] INFO  impl.RaftServerImpl (RaftServerImpl.java:<init>(95)) - 36ac27b3-2f11-437d-8f1f-165306b0ff4a: new RaftServerImpl for group-5080C272BC14:[36ac27b3-2f11-437d-8f1f-165306b0ff4a:192.168.30.10:45265] with ContainerStateMachine:uninitialized
2019-09-25 05:06:15,681 [pool-37-thread-1] INFO  server.RaftServerConfigKeys (ConfUtils.java:logGet(43)) - raft.server.rpc.timeout.min = 5s (custom)
2019-09-25 05:06:15,681 [pool-37-thread-1] INFO  server.RaftServerConfigKeys (ConfUtils.java:logGet(43)) - raft.server.rpc.timeout.max = 5200ms (custom)
2019-09-25 05:06:15,681 [pool-37-thread-1] INFO  server.RaftServerConfigKeys (ConfUtils.java:logGet(43)) - raft.server.rpcslowness.timeout = 120s (custom)
2019-09-25 05:06:15,681 [pool-37-thread-1] INFO  server.RaftServerConfigKeys (ConfUtils.java:logGet(43)) - raft.server.sleep.deviation.threshold = 300 (default)
2019-09-25 05:06:15,681 [pool-37-thread-1] INFO  server.RaftServerConfigKeys (ConfUtils.java:logGet(43)) - raft.server.log.appender.install.snapshot.enabled = false (custom)
2019-09-25 05:06:15,681 [pool-37-thread-1] INFO  impl.RaftServerImpl (ServerState.java:<init>(103)) - 36ac27b3-2f11-437d-8f1f-165306b0ff4a@group-5080C272BC14: ConfigurationManager, init=-1: [36ac27b3-2f11-437d-8f1f-165306b0ff4a:192.168.30.10:45265], old=null, confs=<EMPTY_MAP>
2019-09-25 05:06:15,681 [pool-37-thread-1] INFO  server.RaftServerConfigKeys (ConfUtils.java:logGet(43)) - raft.server.storage.dir = [/workdir/hadoop-ozone/integration-test/target/test-dir/MiniOzoneClusterImpl-23306158-e895-4fc7-80df-ce6c264c388b/datanode-1/data/ratis] (custom)
2019-09-25 05:06:15,682 [pool-37-thread-1] INFO  storage.RaftStorageDirectory (RaftStorageDirectory.java:analyzeStorage(246)) - The storage directory /workdir/hadoop-ozone/integration-test/target/test-dir/MiniOzoneClusterImpl-23306158-e895-4fc7-80df-ce6c264c388b/datanode-1/data/ratis/c6e8a767-414f-4239-bd33-5080c272bc14 does not exist. Creating ...
2019-09-25 05:06:15,695 [pool-37-thread-1] INFO  storage.RaftStorageDirectory (RaftStorageDirectory.java:tryLock(328)) - Lock on /workdir/hadoop-ozone/integration-test/target/test-dir/MiniOzoneClusterImpl-23306158-e895-4fc7-80df-ce6c264c388b/datanode-1/data/ratis/c6e8a767-414f-4239-bd33-5080c272bc14/in_use.lock acquired by nodename 25526@pr-hdds-1569-s62bp-3040748787
2019-09-25 05:06:15,708 [pool-37-thread-1] INFO  storage.RaftStorage (RaftStorage.java:format(72)) - Storage directory /workdir/hadoop-ozone/integration-test/target/test-dir/MiniOzoneClusterImpl-23306158-e895-4fc7-80df-ce6c264c388b/datanode-1/data/ratis/c6e8a767-414f-4239-bd33-5080c272bc14 has been successfully formatted.
2019-09-25 05:06:15,708 [pool-37-thread-1] INFO  ratis.ContainerStateMachine (ContainerStateMachine.java:loadSnapshot(230)) - group-5080C272BC14: The snapshot info is null. Setting the last applied indexto:(t:0, i:~)
2019-09-25 05:06:15,708 [pool-37-thread-1] INFO  server.RaftServerConfigKeys (ConfUtils.java:logGet(43)) - raft.server.notification.no-leader.timeout = 120s (custom)
2019-09-25 05:06:15,709 [pool-37-thread-1] INFO  server.RaftServerConfigKeys (ConfUtils.java:logGet(43)) - raft.server.log.use.memory = false (default)
2019-09-25 05:06:15,709 [pool-37-thread-1] INFO  server.RaftServerConfigKeys (ConfUtils.java:logGet(43)) - raft.server.log.purge.gap = 1000000 (custom)
2019-09-25 05:06:15,709 [pool-37-thread-1] INFO  server.RaftServerConfigKeys (ConfUtils.java:logGet(43)) - raft.server.log.appender.buffer.byte-limit = 33554432 (custom)
2019-09-25 05:06:15,709 [pool-37-thread-1] INFO  server.RaftServerConfigKeys (ConfUtils.java:logGet(43)) - raft.server.log.segment.size.max = 1048576 (custom)
2019-09-25 05:06:15,709 [pool-37-thread-1] INFO  server.RaftServerConfigKeys (ConfUtils.java:logGet(43)) - raft.server.log.segment.cache.num.max = 2 (custom)
2019-09-25 05:06:15,709 [pool-37-thread-1] INFO  segmented.SegmentedRaftLogWorker (SegmentedRaftLogWorker.java:<init>(172)) - new 36ac27b3-2f11-437d-8f1f-165306b0ff4a@group-5080C272BC14-SegmentedRaftLogWorker for RaftStorage:Storage Directory /workdir/hadoop-ozone/integration-test/target/test-dir/MiniOzoneClusterImpl-23306158-e895-4fc7-80df-ce6c264c388b/datanode-1/data/ratis/c6e8a767-414f-4239-bd33-5080c272bc14
2019-09-25 05:06:15,709 [pool-37-thread-1] INFO  server.RaftServerConfigKeys (ConfUtils.java:logGet(43)) - raft.server.log.queue.byte-limit = 2147483647 (custom)
2019-09-25 05:06:15,709 [pool-37-thread-1] INFO  server.RaftServerConfigKeys (ConfUtils.java:logGet(43)) - raft.server.log.queue.element-limit = 1024 (custom)
2019-09-25 05:06:15,709 [pool-37-thread-1] INFO  server.RaftServerConfigKeys (ConfUtils.java:logGet(43)) - raft.server.log.segment.size.max = 1048576 (custom)
2019-09-25 05:06:15,709 [pool-37-thread-1] INFO  server.RaftServerConfigKeys (ConfUtils.java:logGet(43)) - raft.server.log.preallocated.size = 16384 (custom)
2019-09-25 05:06:15,710 [pool-37-thread-1] INFO  server.RaftServerConfigKeys (ConfUtils.java:logGet(43)) - raft.server.log.write.buffer.size = 33554432 (custom)
2019-09-25 05:06:15,710 [pool-37-thread-1] INFO  server.RaftServerConfigKeys (ConfUtils.java:logGet(43)) - raft.server.log.force.sync.num = 128 (default)
2019-09-25 05:06:15,710 [pool-37-thread-1] INFO  server.RaftServerConfigKeys (ConfUtils.java:logGet(43)) - raft.server.log.statemachine.data.sync = true (default)
2019-09-25 05:06:15,710 [pool-37-thread-1] INFO  server.RaftServerConfigKeys (ConfUtils.java:logGet(43)) - raft.server.log.statemachine.data.sync.timeout = 10s (default)
2019-09-25 05:06:15,710 [pool-37-thread-1] INFO  server.RaftServerConfigKeys (ConfUtils.java:logGet(43)) - raft.server.log.statemachine.data.sync.timeout.retry = -1 (default)
2019-09-25 05:06:15,710 [pool-37-thread-1] INFO  server.RaftServerConfigKeys (ConfUtils.java:logGet(43)) - raft.server.log.statemachine.data.caching.enabled = true (custom)
2019-09-25 05:06:15,710 [pool-37-thread-1] INFO  segmented.SegmentedRaftLogWorker (SegmentedRaftLogWorker.java:lambda$new$0(132)) - 36ac27b3-2f11-437d-8f1f-165306b0ff4a@group-5080C272BC14-SegmentedRaftLogWorker: flushIndex: setUnconditionally 0 -> -1
2019-09-25 05:06:15,711 [pool-37-thread-1] INFO  server.RaftServerConfigKeys (ConfUtils.java:logGet(43)) - raft.server.snapshot.auto.trigger.enabled = true (custom)
2019-09-25 05:06:15,711 [pool-37-thread-1] INFO  server.RaftServerConfigKeys (ConfUtils.java:logGet(43)) - raft.server.snapshot.auto.trigger.threshold = 10000 (custom)
2019-09-25 05:06:15,711 [pool-37-thread-1] INFO  server.RaftServerConfigKeys (ConfUtils.java:logGet(43)) - raft.server.snapshot.retention.num.files = 5 (custom)
2019-09-25 05:06:15,711 [pool-37-thread-1] INFO  server.RaftServerConfigKeys (ConfUtils.java:logGet(43)) - raft.server.retrycache.expirytime = 600000ms (custom)
2019-09-25 05:06:15,712 [Thread-382] INFO  impl.FollowerState (FollowerState.java:run(106)) - 56396258-65a3-478c-9482-0be0199dd49c:group-1FF669CBC6AD changes to CANDIDATE, lastRpcTime:5051, electionTimeout:5051ms
2019-09-25 05:06:15,712 [Thread-382] INFO  impl.RoleInfo (RoleInfo.java:shutdownFollowerState(121)) - 56396258-65a3-478c-9482-0be0199dd49c: shutdown FollowerState
2019-09-25 05:06:15,712 [pool-37-thread-1] INFO  impl.RaftServerImpl (RaftServerImpl.java:start(185)) - 36ac27b3-2f11-437d-8f1f-165306b0ff4a@group-5080C272BC14: start as a follower, conf=-1: [36ac27b3-2f11-437d-8f1f-165306b0ff4a:192.168.30.10:45265], old=null
2019-09-25 05:06:15,712 [Thread-382] INFO  impl.RaftServerImpl (RaftServerImpl.java:setRole(174)) - 56396258-65a3-478c-9482-0be0199dd49c@group-1FF669CBC6AD: changes role from  FOLLOWER to CANDIDATE at term 0 for changeToCandidate
2019-09-25 05:06:15,713 [pool-37-thread-1] INFO  impl.RaftServerImpl (RaftServerImpl.java:setRole(174)) - 36ac27b3-2f11-437d-8f1f-165306b0ff4a@group-5080C272BC14: changes role from      null to FOLLOWER at term 0 for startAsFollower
2019-09-25 05:06:15,713 [Thread-382] INFO  impl.RoleInfo (RoleInfo.java:updateAndGet(143)) - 56396258-65a3-478c-9482-0be0199dd49c: start LeaderElection
2019-09-25 05:06:15,713 [pool-37-thread-1] INFO  impl.RoleInfo (RoleInfo.java:updateAndGet(143)) - 36ac27b3-2f11-437d-8f1f-165306b0ff4a: start FollowerState
2019-09-25 05:06:15,713 [pool-37-thread-1] INFO  util.JmxRegister (JmxRegister.java:tryRegister(44)) - Successfully registered JMX Bean with object name Ratis:service=RaftServer,group=group-5080C272BC14,id=36ac27b3-2f11-437d-8f1f-165306b0ff4a
2019-09-25 05:06:15,717 [RatisPipelineUtilsThread] INFO  pipeline.PipelineStateManager (PipelineStateManager.java:addPipeline(56)) - Created pipeline Pipeline[ Id: c6e8a767-414f-4239-bd33-5080c272bc14, Nodes: 36ac27b3-2f11-437d-8f1f-165306b0ff4a{ip: 192.168.30.10, host: pr-hdds-1569-s62bp-3040748787, networkLocation: /default-rack, certSerialId: null}, Type:RATIS, Factor:ONE, State:OPEN]
2019-09-25 05:06:15,722 [grpc-default-executor-0] INFO  impl.RaftServerProxy (RaftServerProxy.java:addNew(89)) - f77bfc29-6991-4b1d-a503-f706c83de4fc: addNew group-F2D9B87A111F:[f77bfc29-6991-4b1d-a503-f706c83de4fc:192.168.30.10:35112] returns group-F2D9B87A111F:java.util.concurrent.CompletableFuture@7d715bcb[Not completed]
2019-09-25 05:06:15,723 [pool-27-thread-1] INFO  impl.RaftServerImpl (RaftServerImpl.java:<init>(95)) - f77bfc29-6991-4b1d-a503-f706c83de4fc: new RaftServerImpl for group-F2D9B87A111F:[f77bfc29-6991-4b1d-a503-f706c83de4fc:192.168.30.10:35112] with ContainerStateMachine:uninitialized
2019-09-25 05:06:15,724 [pool-27-thread-1] INFO  server.RaftServerConfigKeys (ConfUtils.java:logGet(43)) - raft.server.rpc.timeout.min = 5s (custom)
2019-09-25 05:06:15,724 [pool-27-thread-1] INFO  server.RaftServerConfigKeys (ConfUtils.java:logGet(43)) - raft.server.rpc.timeout.max = 5200ms (custom)
2019-09-25 05:06:15,724 [pool-27-thread-1] INFO  server.RaftServerConfigKeys (ConfUtils.java:logGet(43)) - raft.server.rpcslowness.timeout = 120s (custom)
2019-09-25 05:06:15,724 [pool-27-thread-1] INFO  server.RaftServerConfigKeys (ConfUtils.java:logGet(43)) - raft.server.sleep.deviation.threshold = 300 (default)
2019-09-25 05:06:15,724 [pool-27-thread-1] INFO  server.RaftServerConfigKeys (ConfUtils.java:logGet(43)) - raft.server.log.appender.install.snapshot.enabled = false (custom)
2019-09-25 05:06:15,724 [pool-27-thread-1] INFO  impl.RaftServerImpl (ServerState.java:<init>(103)) - f77bfc29-6991-4b1d-a503-f706c83de4fc@group-F2D9B87A111F: ConfigurationManager, init=-1: [f77bfc29-6991-4b1d-a503-f706c83de4fc:192.168.30.10:35112], old=null, confs=<EMPTY_MAP>
2019-09-25 05:06:15,724 [pool-27-thread-1] INFO  server.RaftServerConfigKeys (ConfUtils.java:logGet(43)) - raft.server.storage.dir = [/workdir/hadoop-ozone/integration-test/target/test-dir/MiniOzoneClusterImpl-23306158-e895-4fc7-80df-ce6c264c388b/datanode-0/data/ratis] (custom)
2019-09-25 05:06:15,725 [pool-27-thread-1] INFO  storage.RaftStorageDirectory (RaftStorageDirectory.java:analyzeStorage(246)) - The storage directory /workdir/hadoop-ozone/integration-test/target/test-dir/MiniOzoneClusterImpl-23306158-e895-4fc7-80df-ce6c264c388b/datanode-0/data/ratis/c8147bed-940d-4c8a-bf84-f2d9b87a111f does not exist. Creating ...
2019-09-25 05:06:15,728 [56396258-65a3-478c-9482-0be0199dd49c@group-1FF669CBC6AD:LeaderElection45] INFO  impl.LeaderElection (LeaderElection.java:askForVotes(182)) - 56396258-65a3-478c-9482-0be0199dd49c@group-1FF669CBC6AD:LeaderElection45: begin an election at term 1 for -1: [56396258-65a3-478c-9482-0be0199dd49c:192.168.30.10:41678], old=null
2019-09-25 05:06:15,728 [56396258-65a3-478c-9482-0be0199dd49c@group-1FF669CBC6AD:LeaderElection45] INFO  impl.RoleInfo (RoleInfo.java:shutdownLeaderElection(134)) - 56396258-65a3-478c-9482-0be0199dd49c: shutdown LeaderElection
2019-09-25 05:06:15,728 [56396258-65a3-478c-9482-0be0199dd49c@group-1FF669CBC6AD:LeaderElection45] INFO  impl.RaftServerImpl (RaftServerImpl.java:setRole(174)) - 56396258-65a3-478c-9482-0be0199dd49c@group-1FF669CBC6AD: changes role from CANDIDATE to LEADER at term 1 for changeToLeader
2019-09-25 05:06:15,728 [56396258-65a3-478c-9482-0be0199dd49c@group-1FF669CBC6AD:LeaderElection45] INFO  impl.RaftServerImpl (ServerState.java:setLeader(253)) - 56396258-65a3-478c-9482-0be0199dd49c@group-1FF669CBC6AD: change Leader from null to 56396258-65a3-478c-9482-0be0199dd49c at term 1 for becomeLeader, leader elected after 5075ms
2019-09-25 05:06:15,729 [56396258-65a3-478c-9482-0be0199dd49c@group-1FF669CBC6AD:LeaderElection45] INFO  server.RaftServerConfigKeys (ConfUtils.java:logGet(43)) - raft.server.staging.catchup.gap = 1000 (default)
2019-09-25 05:06:15,729 [56396258-65a3-478c-9482-0be0199dd49c@group-1FF669CBC6AD:LeaderElection45] INFO  server.RaftServerConfigKeys (ConfUtils.java:logGet(43)) - raft.server.rpc.sleep.time = 25ms (default)
2019-09-25 05:06:15,729 [56396258-65a3-478c-9482-0be0199dd49c@group-1FF669CBC6AD:LeaderElection45] INFO  server.RaftServerConfigKeys (ConfUtils.java:logGet(43)) - raft.server.write.element-limit = 4096 (default)
2019-09-25 05:06:15,729 [56396258-65a3-478c-9482-0be0199dd49c@group-1FF669CBC6AD:LeaderElection45] INFO  server.RaftServerConfigKeys (ConfUtils.java:logGet(43)) - raft.server.watch.timeout = 10s (default)
2019-09-25 05:06:15,729 [56396258-65a3-478c-9482-0be0199dd49c@group-1FF669CBC6AD:LeaderElection45] INFO  server.RaftServerConfigKeys (ConfUtils.java:logGet(43)) - raft.server.watch.timeout.denomination = 1s (default)
2019-09-25 05:06:15,729 [56396258-65a3-478c-9482-0be0199dd49c@group-1FF669CBC6AD:LeaderElection45] INFO  server.RaftServerConfigKeys (ConfUtils.java:logGet(43)) - raft.server.watch.element-limit = 65536 (default)
2019-09-25 05:06:15,731 [pool-27-thread-1] INFO  storage.RaftStorageDirectory (RaftStorageDirectory.java:tryLock(328)) - Lock on /workdir/hadoop-ozone/integration-test/target/test-dir/MiniOzoneClusterImpl-23306158-e895-4fc7-80df-ce6c264c388b/datanode-0/data/ratis/c8147bed-940d-4c8a-bf84-f2d9b87a111f/in_use.lock acquired by nodename 25526@pr-hdds-1569-s62bp-3040748787
2019-09-25 05:06:15,731 [Thread-376] INFO  impl.FollowerState (FollowerState.java:run(106)) - f77bfc29-6991-4b1d-a503-f706c83de4fc:group-2AF180BA5DDD changes to CANDIDATE, lastRpcTime:5178, electionTimeout:5178ms
2019-09-25 05:06:15,731 [Thread-376] INFO  impl.RoleInfo (RoleInfo.java:shutdownFollowerState(121)) - f77bfc29-6991-4b1d-a503-f706c83de4fc: shutdown FollowerState
2019-09-25 05:06:15,732 [Thread-376] INFO  impl.RaftServerImpl (RaftServerImpl.java:setRole(174)) - f77bfc29-6991-4b1d-a503-f706c83de4fc@group-2AF180BA5DDD: changes role from  FOLLOWER to CANDIDATE at term 0 for changeToCandidate
2019-09-25 05:06:15,732 [Thread-376] INFO  impl.RoleInfo (RoleInfo.java:updateAndGet(143)) - f77bfc29-6991-4b1d-a503-f706c83de4fc: start LeaderElection
2019-09-25 05:06:15,732 [56396258-65a3-478c-9482-0be0199dd49c@group-1FF669CBC6AD:LeaderElection45] INFO  impl.RoleInfo (RoleInfo.java:updateAndGet(143)) - 56396258-65a3-478c-9482-0be0199dd49c: start LeaderState
2019-09-25 05:06:15,733 [56396258-65a3-478c-9482-0be0199dd49c@group-1FF669CBC6AD:LeaderElection45] INFO  segmented.SegmentedRaftLogWorker (SegmentedRaftLogWorker.java:startLogSegment(380)) - 56396258-65a3-478c-9482-0be0199dd49c@group-1FF669CBC6AD-SegmentedRaftLogWorker: Starting segment from index:0
2019-09-25 05:06:15,733 [56396258-65a3-478c-9482-0be0199dd49c@group-1FF669CBC6AD:LeaderElection45] INFO  impl.RaftServerImpl (ServerState.java:setRaftConf(354)) - 56396258-65a3-478c-9482-0be0199dd49c@group-1FF669CBC6AD: set configuration 0: [56396258-65a3-478c-9482-0be0199dd49c:192.168.30.10:41678], old=null at 0
2019-09-25 05:06:15,745 [pool-27-thread-1] INFO  storage.RaftStorage (RaftStorage.java:format(72)) - Storage directory /workdir/hadoop-ozone/integration-test/target/test-dir/MiniOzoneClusterImpl-23306158-e895-4fc7-80df-ce6c264c388b/datanode-0/data/ratis/c8147bed-940d-4c8a-bf84-f2d9b87a111f has been successfully formatted.
2019-09-25 05:06:15,745 [f77bfc29-6991-4b1d-a503-f706c83de4fc@group-2AF180BA5DDD:LeaderElection46] INFO  impl.LeaderElection (LeaderElection.java:askForVotes(182)) - f77bfc29-6991-4b1d-a503-f706c83de4fc@group-2AF180BA5DDD:LeaderElection46: begin an election at term 1 for -1: [f77bfc29-6991-4b1d-a503-f706c83de4fc:192.168.30.10:35112], old=null
2019-09-25 05:06:15,745 [pool-27-thread-1] INFO  ratis.ContainerStateMachine (ContainerStateMachine.java:loadSnapshot(230)) - group-F2D9B87A111F: The snapshot info is null. Setting the last applied indexto:(t:0, i:~)
2019-09-25 05:06:15,745 [f77bfc29-6991-4b1d-a503-f706c83de4fc@group-2AF180BA5DDD:LeaderElection46] INFO  impl.RoleInfo (RoleInfo.java:shutdownLeaderElection(134)) - f77bfc29-6991-4b1d-a503-f706c83de4fc: shutdown LeaderElection
2019-09-25 05:06:15,746 [pool-27-thread-1] INFO  server.RaftServerConfigKeys (ConfUtils.java:logGet(43)) - raft.server.notification.no-leader.timeout = 120s (custom)
2019-09-25 05:06:15,746 [f77bfc29-6991-4b1d-a503-f706c83de4fc@group-2AF180BA5DDD:LeaderElection46] INFO  impl.RaftServerImpl (RaftServerImpl.java:setRole(174)) - f77bfc29-6991-4b1d-a503-f706c83de4fc@group-2AF180BA5DDD: changes role from CANDIDATE to LEADER at term 1 for changeToLeader
2019-09-25 05:06:15,747 [pool-27-thread-1] INFO  server.RaftServerConfigKeys (ConfUtils.java:logGet(43)) - raft.server.log.use.memory = false (default)
2019-09-25 05:06:15,747 [f77bfc29-6991-4b1d-a503-f706c83de4fc@group-2AF180BA5DDD:LeaderElection46] INFO  impl.RaftServerImpl (ServerState.java:setLeader(253)) - f77bfc29-6991-4b1d-a503-f706c83de4fc@group-2AF180BA5DDD: change Leader from null to f77bfc29-6991-4b1d-a503-f706c83de4fc at term 1 for becomeLeader, leader elected after 5201ms
2019-09-25 05:06:15,747 [pool-27-thread-1] INFO  server.RaftServerConfigKeys (ConfUtils.java:logGet(43)) - raft.server.log.purge.gap = 1000000 (custom)
2019-09-25 05:06:15,747 [f77bfc29-6991-4b1d-a503-f706c83de4fc@group-2AF180BA5DDD:LeaderElection46] INFO  server.RaftServerConfigKeys (ConfUtils.java:logGet(43)) - raft.server.staging.catchup.gap = 1000 (default)
2019-09-25 05:06:15,747 [pool-27-thread-1] INFO  server.RaftServerConfigKeys (ConfUtils.java:logGet(43)) - raft.server.log.appender.buffer.byte-limit = 33554432 (custom)
2019-09-25 05:06:15,747 [f77bfc29-6991-4b1d-a503-f706c83de4fc@group-2AF180BA5DDD:LeaderElection46] INFO  server.RaftServerConfigKeys (ConfUtils.java:logGet(43)) - raft.server.rpc.sleep.time = 25ms (default)
2019-09-25 05:06:15,747 [pool-27-thread-1] INFO  server.RaftServerConfigKeys (ConfUtils.java:logGet(43)) - raft.server.log.segment.size.max = 1048576 (custom)
2019-09-25 05:06:15,747 [f77bfc29-6991-4b1d-a503-f706c83de4fc@group-2AF180BA5DDD:LeaderElection46] INFO  server.RaftServerConfigKeys (ConfUtils.java:logGet(43)) - raft.server.write.element-limit = 4096 (default)
2019-09-25 05:06:15,748 [pool-27-thread-1] INFO  server.RaftServerConfigKeys (ConfUtils.java:logGet(43)) - raft.server.log.segment.cache.num.max = 2 (custom)
2019-09-25 05:06:15,748 [f77bfc29-6991-4b1d-a503-f706c83de4fc@group-2AF180BA5DDD:LeaderElection46] INFO  server.RaftServerConfigKeys (ConfUtils.java:logGet(43)) - raft.server.watch.timeout = 10s (default)
2019-09-25 05:06:15,748 [pool-27-thread-1] INFO  segmented.SegmentedRaftLogWorker (SegmentedRaftLogWorker.java:<init>(172)) - new f77bfc29-6991-4b1d-a503-f706c83de4fc@group-F2D9B87A111F-SegmentedRaftLogWorker for RaftStorage:Storage Directory /workdir/hadoop-ozone/integration-test/target/test-dir/MiniOzoneClusterImpl-23306158-e895-4fc7-80df-ce6c264c388b/datanode-0/data/ratis/c8147bed-940d-4c8a-bf84-f2d9b87a111f
2019-09-25 05:06:15,748 [f77bfc29-6991-4b1d-a503-f706c83de4fc@group-2AF180BA5DDD:LeaderElection46] INFO  server.RaftServerConfigKeys (ConfUtils.java:logGet(43)) - raft.server.watch.timeout.denomination = 1s (default)
2019-09-25 05:06:15,748 [pool-27-thread-1] INFO  server.RaftServerConfigKeys (ConfUtils.java:logGet(43)) - raft.server.log.queue.byte-limit = 2147483647 (custom)
2019-09-25 05:06:15,748 [f77bfc29-6991-4b1d-a503-f706c83de4fc@group-2AF180BA5DDD:LeaderElection46] INFO  server.RaftServerConfigKeys (ConfUtils.java:logGet(43)) - raft.server.watch.element-limit = 65536 (default)
2019-09-25 05:06:15,748 [pool-27-thread-1] INFO  server.RaftServerConfigKeys (ConfUtils.java:logGet(43)) - raft.server.log.queue.element-limit = 1024 (custom)
2019-09-25 05:06:15,749 [pool-27-thread-1] INFO  server.RaftServerConfigKeys (ConfUtils.java:logGet(43)) - raft.server.log.segment.size.max = 1048576 (custom)
2019-09-25 05:06:15,749 [pool-27-thread-1] INFO  server.RaftServerConfigKeys (ConfUtils.java:logGet(43)) - raft.server.log.preallocated.size = 16384 (custom)
2019-09-25 05:06:15,749 [pool-27-thread-1] INFO  server.RaftServerConfigKeys (ConfUtils.java:logGet(43)) - raft.server.log.write.buffer.size = 33554432 (custom)
2019-09-25 05:06:15,749 [pool-27-thread-1] INFO  server.RaftServerConfigKeys (ConfUtils.java:logGet(43)) - raft.server.log.force.sync.num = 128 (default)
2019-09-25 05:06:15,749 [pool-27-thread-1] INFO  server.RaftServerConfigKeys (ConfUtils.java:logGet(43)) - raft.server.log.statemachine.data.sync = true (default)
2019-09-25 05:06:15,749 [pool-27-thread-1] INFO  server.RaftServerConfigKeys (ConfUtils.java:logGet(43)) - raft.server.log.statemachine.data.sync.timeout = 10s (default)
2019-09-25 05:06:15,749 [pool-27-thread-1] INFO  server.RaftServerConfigKeys (ConfUtils.java:logGet(43)) - raft.server.log.statemachine.data.sync.timeout.retry = -1 (default)
2019-09-25 05:06:15,750 [pool-27-thread-1] INFO  server.RaftServerConfigKeys (ConfUtils.java:logGet(43)) - raft.server.log.statemachine.data.caching.enabled = true (custom)
2019-09-25 05:06:15,750 [pool-27-thread-1] INFO  segmented.SegmentedRaftLogWorker (SegmentedRaftLogWorker.java:lambda$new$0(132)) - f77bfc29-6991-4b1d-a503-f706c83de4fc@group-F2D9B87A111F-SegmentedRaftLogWorker: flushIndex: setUnconditionally 0 -> -1
2019-09-25 05:06:15,750 [f77bfc29-6991-4b1d-a503-f706c83de4fc@group-2AF180BA5DDD:LeaderElection46] INFO  impl.RoleInfo (RoleInfo.java:updateAndGet(143)) - f77bfc29-6991-4b1d-a503-f706c83de4fc: start LeaderState
2019-09-25 05:06:15,750 [pool-27-thread-1] INFO  server.RaftServerConfigKeys (ConfUtils.java:logGet(43)) - raft.server.snapshot.auto.trigger.enabled = true (custom)
2019-09-25 05:06:15,750 [f77bfc29-6991-4b1d-a503-f706c83de4fc@group-2AF180BA5DDD:LeaderElection46] INFO  segmented.SegmentedRaftLogWorker (SegmentedRaftLogWorker.java:startLogSegment(380)) - f77bfc29-6991-4b1d-a503-f706c83de4fc@group-2AF180BA5DDD-SegmentedRaftLogWorker: Starting segment from index:0
2019-09-25 05:06:15,751 [pool-27-thread-1] INFO  server.RaftServerConfigKeys (ConfUtils.java:logGet(43)) - raft.server.snapshot.auto.trigger.threshold = 10000 (custom)
2019-09-25 05:06:15,751 [pool-27-thread-1] INFO  server.RaftServerConfigKeys (ConfUtils.java:logGet(43)) - raft.server.snapshot.retention.num.files = 5 (custom)
2019-09-25 05:06:15,751 [pool-27-thread-1] INFO  server.RaftServerConfigKeys (ConfUtils.java:logGet(43)) - raft.server.retrycache.expirytime = 600000ms (custom)
2019-09-25 05:06:15,751 [f77bfc29-6991-4b1d-a503-f706c83de4fc@group-2AF180BA5DDD:LeaderElection46] INFO  impl.RaftServerImpl (ServerState.java:setRaftConf(354)) - f77bfc29-6991-4b1d-a503-f706c83de4fc@group-2AF180BA5DDD: set configuration 0: [f77bfc29-6991-4b1d-a503-f706c83de4fc:192.168.30.10:35112], old=null at 0
2019-09-25 05:06:15,753 [pool-27-thread-1] INFO  impl.RaftServerImpl (RaftServerImpl.java:start(185)) - f77bfc29-6991-4b1d-a503-f706c83de4fc@group-F2D9B87A111F: start as a follower, conf=-1: [f77bfc29-6991-4b1d-a503-f706c83de4fc:192.168.30.10:35112], old=null
2019-09-25 05:06:15,753 [pool-27-thread-1] INFO  impl.RaftServerImpl (RaftServerImpl.java:setRole(174)) - f77bfc29-6991-4b1d-a503-f706c83de4fc@group-F2D9B87A111F: changes role from      null to FOLLOWER at term 0 for startAsFollower
2019-09-25 05:06:15,753 [pool-27-thread-1] INFO  impl.RoleInfo (RoleInfo.java:updateAndGet(143)) - f77bfc29-6991-4b1d-a503-f706c83de4fc: start FollowerState
2019-09-25 05:06:15,754 [pool-27-thread-1] INFO  util.JmxRegister (JmxRegister.java:tryRegister(44)) - Successfully registered JMX Bean with object name Ratis:service=RaftServer,group=group-F2D9B87A111F,id=f77bfc29-6991-4b1d-a503-f706c83de4fc
2019-09-25 05:06:15,757 [Thread-379] INFO  impl.FollowerState (FollowerState.java:run(106)) - 692224c4-5202-4921-98cc-04d5c60c79cc:group-3858593256A9 changes to CANDIDATE, lastRpcTime:5147, electionTimeout:5147ms
2019-09-25 05:06:15,758 [RatisPipelineUtilsThread] INFO  pipeline.PipelineStateManager (PipelineStateManager.java:addPipeline(56)) - Created pipeline Pipeline[ Id: c8147bed-940d-4c8a-bf84-f2d9b87a111f, Nodes: f77bfc29-6991-4b1d-a503-f706c83de4fc{ip: 192.168.30.10, host: pr-hdds-1569-s62bp-3040748787, networkLocation: /default-rack, certSerialId: null}, Type:RATIS, Factor:ONE, State:OPEN]
2019-09-25 05:06:15,758 [Thread-379] INFO  impl.RoleInfo (RoleInfo.java:shutdownFollowerState(121)) - 692224c4-5202-4921-98cc-04d5c60c79cc: shutdown FollowerState
2019-09-25 05:06:15,758 [Thread-379] INFO  impl.RaftServerImpl (RaftServerImpl.java:setRole(174)) - 692224c4-5202-4921-98cc-04d5c60c79cc@group-3858593256A9: changes role from  FOLLOWER to CANDIDATE at term 0 for changeToCandidate
2019-09-25 05:06:15,758 [Thread-379] INFO  impl.RoleInfo (RoleInfo.java:updateAndGet(143)) - 692224c4-5202-4921-98cc-04d5c60c79cc: start LeaderElection
2019-09-25 05:06:15,764 [grpc-default-executor-0] INFO  impl.RaftServerProxy (RaftServerProxy.java:addNew(89)) - b4fa7d23-6606-45fd-9544-2b08ca3fa933: addNew group-0EE8D742F083:[b4fa7d23-6606-45fd-9544-2b08ca3fa933:192.168.30.10:34493] returns group-0EE8D742F083:java.util.concurrent.CompletableFuture@25f2a0e9[Not completed]
2019-09-25 05:06:15,765 [pool-77-thread-1] INFO  impl.RaftServerImpl (RaftServerImpl.java:<init>(95)) - b4fa7d23-6606-45fd-9544-2b08ca3fa933: new RaftServerImpl for group-0EE8D742F083:[b4fa7d23-6606-45fd-9544-2b08ca3fa933:192.168.30.10:34493] with ContainerStateMachine:uninitialized
2019-09-25 05:06:15,765 [pool-77-thread-1] INFO  server.RaftServerConfigKeys (ConfUtils.java:logGet(43)) - raft.server.rpc.timeout.min = 5s (custom)
2019-09-25 05:06:15,765 [pool-77-thread-1] INFO  server.RaftServerConfigKeys (ConfUtils.java:logGet(43)) - raft.server.rpc.timeout.max = 5200ms (custom)
2019-09-25 05:06:15,765 [pool-77-thread-1] INFO  server.RaftServerConfigKeys (ConfUtils.java:logGet(43)) - raft.server.rpcslowness.timeout = 120s (custom)
2019-09-25 05:06:15,765 [pool-77-thread-1] INFO  server.RaftServerConfigKeys (ConfUtils.java:logGet(43)) - raft.server.sleep.deviation.threshold = 300 (default)
2019-09-25 05:06:15,766 [pool-77-thread-1] INFO  server.RaftServerConfigKeys (ConfUtils.java:logGet(43)) - raft.server.log.appender.install.snapshot.enabled = false (custom)
2019-09-25 05:06:15,766 [pool-77-thread-1] INFO  impl.RaftServerImpl (ServerState.java:<init>(103)) - b4fa7d23-6606-45fd-9544-2b08ca3fa933@group-0EE8D742F083: ConfigurationManager, init=-1: [b4fa7d23-6606-45fd-9544-2b08ca3fa933:192.168.30.10:34493], old=null, confs=<EMPTY_MAP>
2019-09-25 05:06:15,766 [pool-77-thread-1] INFO  server.RaftServerConfigKeys (ConfUtils.java:logGet(43)) - raft.server.storage.dir = [/workdir/hadoop-ozone/integration-test/target/test-dir/MiniOzoneClusterImpl-23306158-e895-4fc7-80df-ce6c264c388b/datanode-5/data/ratis] (custom)
2019-09-25 05:06:15,767 [pool-77-thread-1] INFO  storage.RaftStorageDirectory (RaftStorageDirectory.java:analyzeStorage(246)) - The storage directory /workdir/hadoop-ozone/integration-test/target/test-dir/MiniOzoneClusterImpl-23306158-e895-4fc7-80df-ce6c264c388b/datanode-5/data/ratis/02939fea-96a9-4dbb-a094-0ee8d742f083 does not exist. Creating ...
2019-09-25 05:06:15,774 [pool-77-thread-1] INFO  storage.RaftStorageDirectory (RaftStorageDirectory.java:tryLock(328)) - Lock on /workdir/hadoop-ozone/integration-test/target/test-dir/MiniOzoneClusterImpl-23306158-e895-4fc7-80df-ce6c264c388b/datanode-5/data/ratis/02939fea-96a9-4dbb-a094-0ee8d742f083/in_use.lock acquired by nodename 25526@pr-hdds-1569-s62bp-3040748787
2019-09-25 05:06:15,774 [56396258-65a3-478c-9482-0be0199dd49c@group-1FF669CBC6AD-SegmentedRaftLogWorker] INFO  segmented.SegmentedRaftLogWorker (SegmentedRaftLogWorker.java:execute(569)) - 56396258-65a3-478c-9482-0be0199dd49c@group-1FF669CBC6AD-SegmentedRaftLogWorker: created new log segment /workdir/hadoop-ozone/integration-test/target/test-dir/MiniOzoneClusterImpl-23306158-e895-4fc7-80df-ce6c264c388b/datanode-6/data/ratis/32da970e-2d61-4bc9-aaae-1ff669cbc6ad/current/log_inprogress_0
2019-09-25 05:06:15,774 [692224c4-5202-4921-98cc-04d5c60c79cc@group-3858593256A9:LeaderElection47] INFO  impl.LeaderElection (LeaderElection.java:askForVotes(182)) - 692224c4-5202-4921-98cc-04d5c60c79cc@group-3858593256A9:LeaderElection47: begin an election at term 1 for -1: [692224c4-5202-4921-98cc-04d5c60c79cc:192.168.30.10:38144], old=null
2019-09-25 05:06:15,774 [692224c4-5202-4921-98cc-04d5c60c79cc@group-3858593256A9:LeaderElection47] INFO  impl.RoleInfo (RoleInfo.java:shutdownLeaderElection(134)) - 692224c4-5202-4921-98cc-04d5c60c79cc: shutdown LeaderElection
2019-09-25 05:06:15,774 [692224c4-5202-4921-98cc-04d5c60c79cc@group-3858593256A9:LeaderElection47] INFO  impl.RaftServerImpl (RaftServerImpl.java:setRole(174)) - 692224c4-5202-4921-98cc-04d5c60c79cc@group-3858593256A9: changes role from CANDIDATE to LEADER at term 1 for changeToLeader
2019-09-25 05:06:15,774 [692224c4-5202-4921-98cc-04d5c60c79cc@group-3858593256A9:LeaderElection47] INFO  impl.RaftServerImpl (ServerState.java:setLeader(253)) - 692224c4-5202-4921-98cc-04d5c60c79cc@group-3858593256A9: change Leader from null to 692224c4-5202-4921-98cc-04d5c60c79cc at term 1 for becomeLeader, leader elected after 5173ms
2019-09-25 05:06:15,775 [692224c4-5202-4921-98cc-04d5c60c79cc@group-3858593256A9:LeaderElection47] INFO  server.RaftServerConfigKeys (ConfUtils.java:logGet(43)) - raft.server.staging.catchup.gap = 1000 (default)
2019-09-25 05:06:15,775 [692224c4-5202-4921-98cc-04d5c60c79cc@group-3858593256A9:LeaderElection47] INFO  server.RaftServerConfigKeys (ConfUtils.java:logGet(43)) - raft.server.rpc.sleep.time = 25ms (default)
2019-09-25 05:06:15,775 [692224c4-5202-4921-98cc-04d5c60c79cc@group-3858593256A9:LeaderElection47] INFO  server.RaftServerConfigKeys (ConfUtils.java:logGet(43)) - raft.server.write.element-limit = 4096 (default)
2019-09-25 05:06:15,775 [692224c4-5202-4921-98cc-04d5c60c79cc@group-3858593256A9:LeaderElection47] INFO  server.RaftServerConfigKeys (ConfUtils.java:logGet(43)) - raft.server.watch.timeout = 10s (default)
2019-09-25 05:06:15,775 [692224c4-5202-4921-98cc-04d5c60c79cc@group-3858593256A9:LeaderElection47] INFO  server.RaftServerConfigKeys (ConfUtils.java:logGet(43)) - raft.server.watch.timeout.denomination = 1s (default)
2019-09-25 05:06:15,776 [692224c4-5202-4921-98cc-04d5c60c79cc@group-3858593256A9:LeaderElection47] INFO  server.RaftServerConfigKeys (ConfUtils.java:logGet(43)) - raft.server.watch.element-limit = 65536 (default)
2019-09-25 05:06:15,777 [692224c4-5202-4921-98cc-04d5c60c79cc@group-3858593256A9:LeaderElection47] INFO  impl.RoleInfo (RoleInfo.java:updateAndGet(143)) - 692224c4-5202-4921-98cc-04d5c60c79cc: start LeaderState
2019-09-25 05:06:15,778 [692224c4-5202-4921-98cc-04d5c60c79cc@group-3858593256A9:LeaderElection47] INFO  segmented.SegmentedRaftLogWorker (SegmentedRaftLogWorker.java:startLogSegment(380)) - 692224c4-5202-4921-98cc-04d5c60c79cc@group-3858593256A9-SegmentedRaftLogWorker: Starting segment from index:0
2019-09-25 05:06:15,778 [692224c4-5202-4921-98cc-04d5c60c79cc@group-3858593256A9:LeaderElection47] INFO  impl.RaftServerImpl (ServerState.java:setRaftConf(354)) - 692224c4-5202-4921-98cc-04d5c60c79cc@group-3858593256A9: set configuration 0: [692224c4-5202-4921-98cc-04d5c60c79cc:192.168.30.10:38144], old=null at 0
2019-09-25 05:06:15,784 [Thread-385] INFO  impl.FollowerState (FollowerState.java:run(106)) - f77bfc29-6991-4b1d-a503-f706c83de4fc:group-B29604E7736B changes to CANDIDATE, lastRpcTime:5076, electionTimeout:5076ms
2019-09-25 05:06:15,784 [Thread-385] INFO  impl.RoleInfo (RoleInfo.java:shutdownFollowerState(121)) - f77bfc29-6991-4b1d-a503-f706c83de4fc: shutdown FollowerState
2019-09-25 05:06:15,785 [Thread-385] INFO  impl.RaftServerImpl (RaftServerImpl.java:setRole(174)) - f77bfc29-6991-4b1d-a503-f706c83de4fc@group-B29604E7736B: changes role from  FOLLOWER to CANDIDATE at term 0 for changeToCandidate
2019-09-25 05:06:15,785 [Thread-385] INFO  impl.RoleInfo (RoleInfo.java:updateAndGet(143)) - f77bfc29-6991-4b1d-a503-f706c83de4fc: start LeaderElection
2019-09-25 05:06:15,787 [pool-77-thread-1] INFO  storage.RaftStorage (RaftStorage.java:format(72)) - Storage directory /workdir/hadoop-ozone/integration-test/target/test-dir/MiniOzoneClusterImpl-23306158-e895-4fc7-80df-ce6c264c388b/datanode-5/data/ratis/02939fea-96a9-4dbb-a094-0ee8d742f083 has been successfully formatted.
2019-09-25 05:06:15,787 [pool-77-thread-1] INFO  ratis.ContainerStateMachine (ContainerStateMachine.java:loadSnapshot(230)) - group-0EE8D742F083: The snapshot info is null. Setting the last applied indexto:(t:0, i:~)
2019-09-25 05:06:15,787 [pool-77-thread-1] INFO  server.RaftServerConfigKeys (ConfUtils.java:logGet(43)) - raft.server.notification.no-leader.timeout = 120s (custom)
2019-09-25 05:06:15,787 [pool-77-thread-1] INFO  server.RaftServerConfigKeys (ConfUtils.java:logGet(43)) - raft.server.log.use.memory = false (default)
2019-09-25 05:06:15,787 [pool-77-thread-1] INFO  server.RaftServerConfigKeys (ConfUtils.java:logGet(43)) - raft.server.log.purge.gap = 1000000 (custom)
2019-09-25 05:06:15,788 [pool-77-thread-1] INFO  server.RaftServerConfigKeys (ConfUtils.java:logGet(43)) - raft.server.log.appender.buffer.byte-limit = 33554432 (custom)
2019-09-25 05:06:15,788 [pool-77-thread-1] INFO  server.RaftServerConfigKeys (ConfUtils.java:logGet(43)) - raft.server.log.segment.size.max = 1048576 (custom)
2019-09-25 05:06:15,788 [pool-77-thread-1] INFO  server.RaftServerConfigKeys (ConfUtils.java:logGet(43)) - raft.server.log.segment.cache.num.max = 2 (custom)
2019-09-25 05:06:15,788 [pool-77-thread-1] INFO  segmented.SegmentedRaftLogWorker (SegmentedRaftLogWorker.java:<init>(172)) - new b4fa7d23-6606-45fd-9544-2b08ca3fa933@group-0EE8D742F083-SegmentedRaftLogWorker for RaftStorage:Storage Directory /workdir/hadoop-ozone/integration-test/target/test-dir/MiniOzoneClusterImpl-23306158-e895-4fc7-80df-ce6c264c388b/datanode-5/data/ratis/02939fea-96a9-4dbb-a094-0ee8d742f083
2019-09-25 05:06:15,788 [pool-77-thread-1] INFO  server.RaftServerConfigKeys (ConfUtils.java:logGet(43)) - raft.server.log.queue.byte-limit = 2147483647 (custom)
2019-09-25 05:06:15,788 [pool-77-thread-1] INFO  server.RaftServerConfigKeys (ConfUtils.java:logGet(43)) - raft.server.log.queue.element-limit = 1024 (custom)
2019-09-25 05:06:15,788 [pool-77-thread-1] INFO  server.RaftServerConfigKeys (ConfUtils.java:logGet(43)) - raft.server.log.segment.size.max = 1048576 (custom)
2019-09-25 05:06:15,788 [pool-77-thread-1] INFO  server.RaftServerConfigKeys (ConfUtils.java:logGet(43)) - raft.server.log.preallocated.size = 16384 (custom)
2019-09-25 05:06:15,788 [pool-77-thread-1] INFO  server.RaftServerConfigKeys (ConfUtils.java:logGet(43)) - raft.server.log.write.buffer.size = 33554432 (custom)
2019-09-25 05:06:15,788 [pool-77-thread-1] INFO  server.RaftServerConfigKeys (ConfUtils.java:logGet(43)) - raft.server.log.force.sync.num = 128 (default)
2019-09-25 05:06:15,789 [pool-77-thread-1] INFO  server.RaftServerConfigKeys (ConfUtils.java:logGet(43)) - raft.server.log.statemachine.data.sync = true (default)
2019-09-25 05:06:15,789 [pool-77-thread-1] INFO  server.RaftServerConfigKeys (ConfUtils.java:logGet(43)) - raft.server.log.statemachine.data.sync.timeout = 10s (default)
2019-09-25 05:06:15,789 [pool-77-thread-1] INFO  server.RaftServerConfigKeys (ConfUtils.java:logGet(43)) - raft.server.log.statemachine.data.sync.timeout.retry = -1 (default)
2019-09-25 05:06:15,789 [pool-77-thread-1] INFO  server.RaftServerConfigKeys (ConfUtils.java:logGet(43)) - raft.server.log.statemachine.data.caching.enabled = true (custom)
2019-09-25 05:06:15,789 [f77bfc29-6991-4b1d-a503-f706c83de4fc@group-B29604E7736B:LeaderElection48] INFO  impl.LeaderElection (LeaderElection.java:askForVotes(182)) - f77bfc29-6991-4b1d-a503-f706c83de4fc@group-B29604E7736B:LeaderElection48: begin an election at term 1 for -1: [f77bfc29-6991-4b1d-a503-f706c83de4fc:192.168.30.10:35112], old=null
2019-09-25 05:06:15,789 [f77bfc29-6991-4b1d-a503-f706c83de4fc@group-B29604E7736B:LeaderElection48] INFO  impl.RoleInfo (RoleInfo.java:shutdownLeaderElection(134)) - f77bfc29-6991-4b1d-a503-f706c83de4fc: shutdown LeaderElection
2019-09-25 05:06:15,790 [f77bfc29-6991-4b1d-a503-f706c83de4fc@group-B29604E7736B:LeaderElection48] INFO  impl.RaftServerImpl (RaftServerImpl.java:setRole(174)) - f77bfc29-6991-4b1d-a503-f706c83de4fc@group-B29604E7736B: changes role from CANDIDATE to LEADER at term 1 for changeToLeader
2019-09-25 05:06:15,790 [pool-77-thread-1] INFO  segmented.SegmentedRaftLogWorker (SegmentedRaftLogWorker.java:lambda$new$0(132)) - b4fa7d23-6606-45fd-9544-2b08ca3fa933@group-0EE8D742F083-SegmentedRaftLogWorker: flushIndex: setUnconditionally 0 -> -1
2019-09-25 05:06:15,790 [f77bfc29-6991-4b1d-a503-f706c83de4fc@group-B29604E7736B:LeaderElection48] INFO  impl.RaftServerImpl (ServerState.java:setLeader(253)) - f77bfc29-6991-4b1d-a503-f706c83de4fc@group-B29604E7736B: change Leader from null to f77bfc29-6991-4b1d-a503-f706c83de4fc at term 1 for becomeLeader, leader elected after 5088ms
2019-09-25 05:06:15,790 [f77bfc29-6991-4b1d-a503-f706c83de4fc@group-B29604E7736B:LeaderElection48] INFO  server.RaftServerConfigKeys (ConfUtils.java:logGet(43)) - raft.server.staging.catchup.gap = 1000 (default)
2019-09-25 05:06:15,790 [pool-77-thread-1] INFO  server.RaftServerConfigKeys (ConfUtils.java:logGet(43)) - raft.server.snapshot.auto.trigger.enabled = true (custom)
2019-09-25 05:06:15,790 [f77bfc29-6991-4b1d-a503-f706c83de4fc@group-B29604E7736B:LeaderElection48] INFO  server.RaftServerConfigKeys (ConfUtils.java:logGet(43)) - raft.server.rpc.sleep.time = 25ms (default)
2019-09-25 05:06:15,790 [pool-77-thread-1] INFO  server.RaftServerConfigKeys (ConfUtils.java:logGet(43)) - raft.server.snapshot.auto.trigger.threshold = 10000 (custom)
2019-09-25 05:06:15,791 [f77bfc29-6991-4b1d-a503-f706c83de4fc@group-B29604E7736B:LeaderElection48] INFO  server.RaftServerConfigKeys (ConfUtils.java:logGet(43)) - raft.server.write.element-limit = 4096 (default)
2019-09-25 05:06:15,791 [pool-77-thread-1] INFO  server.RaftServerConfigKeys (ConfUtils.java:logGet(43)) - raft.server.snapshot.retention.num.files = 5 (custom)
2019-09-25 05:06:15,791 [f77bfc29-6991-4b1d-a503-f706c83de4fc@group-B29604E7736B:LeaderElection48] INFO  server.RaftServerConfigKeys (ConfUtils.java:logGet(43)) - raft.server.watch.timeout = 10s (default)
2019-09-25 05:06:15,791 [pool-77-thread-1] INFO  server.RaftServerConfigKeys (ConfUtils.java:logGet(43)) - raft.server.retrycache.expirytime = 600000ms (custom)
2019-09-25 05:06:15,791 [f77bfc29-6991-4b1d-a503-f706c83de4fc@group-B29604E7736B:LeaderElection48] INFO  server.RaftServerConfigKeys (ConfUtils.java:logGet(43)) - raft.server.watch.timeout.denomination = 1s (default)
2019-09-25 05:06:15,791 [f77bfc29-6991-4b1d-a503-f706c83de4fc@group-B29604E7736B:LeaderElection48] INFO  server.RaftServerConfigKeys (ConfUtils.java:logGet(43)) - raft.server.watch.element-limit = 65536 (default)
2019-09-25 05:06:15,792 [f77bfc29-6991-4b1d-a503-f706c83de4fc@group-2AF180BA5DDD-SegmentedRaftLogWorker] INFO  segmented.SegmentedRaftLogWorker (SegmentedRaftLogWorker.java:execute(569)) - f77bfc29-6991-4b1d-a503-f706c83de4fc@group-2AF180BA5DDD-SegmentedRaftLogWorker: created new log segment /workdir/hadoop-ozone/integration-test/target/test-dir/MiniOzoneClusterImpl-23306158-e895-4fc7-80df-ce6c264c388b/datanode-0/data/ratis/29588c07-c80f-4a76-9e1f-2af180ba5ddd/current/log_inprogress_0
2019-09-25 05:06:15,794 [pool-77-thread-1] INFO  impl.RaftServerImpl (RaftServerImpl.java:start(185)) - b4fa7d23-6606-45fd-9544-2b08ca3fa933@group-0EE8D742F083: start as a follower, conf=-1: [b4fa7d23-6606-45fd-9544-2b08ca3fa933:192.168.30.10:34493], old=null
2019-09-25 05:06:15,794 [pool-77-thread-1] INFO  impl.RaftServerImpl (RaftServerImpl.java:setRole(174)) - b4fa7d23-6606-45fd-9544-2b08ca3fa933@group-0EE8D742F083: changes role from      null to FOLLOWER at term 0 for startAsFollower
2019-09-25 05:06:15,794 [f77bfc29-6991-4b1d-a503-f706c83de4fc@group-B29604E7736B:LeaderElection48] INFO  impl.RoleInfo (RoleInfo.java:updateAndGet(143)) - f77bfc29-6991-4b1d-a503-f706c83de4fc: start LeaderState
2019-09-25 05:06:15,795 [pool-77-thread-1] INFO  impl.RoleInfo (RoleInfo.java:updateAndGet(143)) - b4fa7d23-6606-45fd-9544-2b08ca3fa933: start FollowerState
2019-09-25 05:06:15,795 [f77bfc29-6991-4b1d-a503-f706c83de4fc@group-B29604E7736B:LeaderElection48] INFO  segmented.SegmentedRaftLogWorker (SegmentedRaftLogWorker.java:startLogSegment(380)) - f77bfc29-6991-4b1d-a503-f706c83de4fc@group-B29604E7736B-SegmentedRaftLogWorker: Starting segment from index:0
2019-09-25 05:06:15,795 [pool-77-thread-1] INFO  util.JmxRegister (JmxRegister.java:tryRegister(44)) - Successfully registered JMX Bean with object name Ratis:service=RaftServer,group=group-0EE8D742F083,id=b4fa7d23-6606-45fd-9544-2b08ca3fa933
2019-09-25 05:06:15,795 [f77bfc29-6991-4b1d-a503-f706c83de4fc@group-B29604E7736B:LeaderElection48] INFO  impl.RaftServerImpl (ServerState.java:setRaftConf(354)) - f77bfc29-6991-4b1d-a503-f706c83de4fc@group-B29604E7736B: set configuration 0: [f77bfc29-6991-4b1d-a503-f706c83de4fc:192.168.30.10:35112], old=null at 0
2019-09-25 05:06:15,799 [RatisPipelineUtilsThread] INFO  pipeline.PipelineStateManager (PipelineStateManager.java:addPipeline(56)) - Created pipeline Pipeline[ Id: 02939fea-96a9-4dbb-a094-0ee8d742f083, Nodes: b4fa7d23-6606-45fd-9544-2b08ca3fa933{ip: 192.168.30.10, host: pr-hdds-1569-s62bp-3040748787, networkLocation: /default-rack, certSerialId: null}, Type:RATIS, Factor:ONE, State:OPEN]
2019-09-25 05:06:15,808 [grpc-default-executor-0] INFO  impl.RaftServerProxy (RaftServerProxy.java:addNew(89)) - f77bfc29-6991-4b1d-a503-f706c83de4fc: addNew group-35F023F29269:[f77bfc29-6991-4b1d-a503-f706c83de4fc:192.168.30.10:35112] returns group-35F023F29269:java.util.concurrent.CompletableFuture@3c32a467[Not completed]
2019-09-25 05:06:15,809 [pool-27-thread-1] INFO  impl.RaftServerImpl (RaftServerImpl.java:<init>(95)) - f77bfc29-6991-4b1d-a503-f706c83de4fc: new RaftServerImpl for group-35F023F29269:[f77bfc29-6991-4b1d-a503-f706c83de4fc:192.168.30.10:35112] with ContainerStateMachine:uninitialized
2019-09-25 05:06:15,809 [pool-27-thread-1] INFO  server.RaftServerConfigKeys (ConfUtils.java:logGet(43)) - raft.server.rpc.timeout.min = 5s (custom)
2019-09-25 05:06:15,809 [pool-27-thread-1] INFO  server.RaftServerConfigKeys (ConfUtils.java:logGet(43)) - raft.server.rpc.timeout.max = 5200ms (custom)
2019-09-25 05:06:15,809 [pool-27-thread-1] INFO  server.RaftServerConfigKeys (ConfUtils.java:logGet(43)) - raft.server.rpcslowness.timeout = 120s (custom)
2019-09-25 05:06:15,809 [pool-27-thread-1] INFO  server.RaftServerConfigKeys (ConfUtils.java:logGet(43)) - raft.server.sleep.deviation.threshold = 300 (default)
2019-09-25 05:06:15,809 [pool-27-thread-1] INFO  server.RaftServerConfigKeys (ConfUtils.java:logGet(43)) - raft.server.log.appender.install.snapshot.enabled = false (custom)
2019-09-25 05:06:15,809 [pool-27-thread-1] INFO  impl.RaftServerImpl (ServerState.java:<init>(103)) - f77bfc29-6991-4b1d-a503-f706c83de4fc@group-35F023F29269: ConfigurationManager, init=-1: [f77bfc29-6991-4b1d-a503-f706c83de4fc:192.168.30.10:35112], old=null, confs=<EMPTY_MAP>
2019-09-25 05:06:15,809 [pool-27-thread-1] INFO  server.RaftServerConfigKeys (ConfUtils.java:logGet(43)) - raft.server.storage.dir = [/workdir/hadoop-ozone/integration-test/target/test-dir/MiniOzoneClusterImpl-23306158-e895-4fc7-80df-ce6c264c388b/datanode-0/data/ratis] (custom)
2019-09-25 05:06:15,810 [pool-27-thread-1] INFO  storage.RaftStorageDirectory (RaftStorageDirectory.java:analyzeStorage(246)) - The storage directory /workdir/hadoop-ozone/integration-test/target/test-dir/MiniOzoneClusterImpl-23306158-e895-4fc7-80df-ce6c264c388b/datanode-0/data/ratis/754aba87-3a69-42fa-8123-35f023f29269 does not exist. Creating ...
2019-09-25 05:06:15,813 [Thread-391] INFO  impl.FollowerState (FollowerState.java:run(106)) - b4fa7d23-6606-45fd-9544-2b08ca3fa933:group-C8EC9B2AFEFB changes to CANDIDATE, lastRpcTime:5016, electionTimeout:5016ms
2019-09-25 05:06:15,813 [Thread-391] INFO  impl.RoleInfo (RoleInfo.java:shutdownFollowerState(121)) - b4fa7d23-6606-45fd-9544-2b08ca3fa933: shutdown FollowerState
2019-09-25 05:06:15,813 [Thread-391] INFO  impl.RaftServerImpl (RaftServerImpl.java:setRole(174)) - b4fa7d23-6606-45fd-9544-2b08ca3fa933@group-C8EC9B2AFEFB: changes role from  FOLLOWER to CANDIDATE at term 0 for changeToCandidate
2019-09-25 05:06:15,813 [Thread-391] INFO  impl.RoleInfo (RoleInfo.java:updateAndGet(143)) - b4fa7d23-6606-45fd-9544-2b08ca3fa933: start LeaderElection
2019-09-25 05:06:15,821 [pool-27-thread-1] INFO  storage.RaftStorageDirectory (RaftStorageDirectory.java:tryLock(328)) - Lock on /workdir/hadoop-ozone/integration-test/target/test-dir/MiniOzoneClusterImpl-23306158-e895-4fc7-80df-ce6c264c388b/datanode-0/data/ratis/754aba87-3a69-42fa-8123-35f023f29269/in_use.lock acquired by nodename 25526@pr-hdds-1569-s62bp-3040748787
2019-09-25 05:06:15,821 [692224c4-5202-4921-98cc-04d5c60c79cc@group-3858593256A9-SegmentedRaftLogWorker] INFO  segmented.SegmentedRaftLogWorker (SegmentedRaftLogWorker.java:execute(569)) - 692224c4-5202-4921-98cc-04d5c60c79cc@group-3858593256A9-SegmentedRaftLogWorker: created new log segment /workdir/hadoop-ozone/integration-test/target/test-dir/MiniOzoneClusterImpl-23306158-e895-4fc7-80df-ce6c264c388b/datanode-4/data/ratis/3283d671-852d-4b33-8cac-3858593256a9/current/log_inprogress_0
2019-09-25 05:06:15,821 [b4fa7d23-6606-45fd-9544-2b08ca3fa933@group-C8EC9B2AFEFB:LeaderElection49] INFO  impl.LeaderElection (LeaderElection.java:askForVotes(182)) - b4fa7d23-6606-45fd-9544-2b08ca3fa933@group-C8EC9B2AFEFB:LeaderElection49: begin an election at term 1 for -1: [b4fa7d23-6606-45fd-9544-2b08ca3fa933:192.168.30.10:34493], old=null
2019-09-25 05:06:15,822 [b4fa7d23-6606-45fd-9544-2b08ca3fa933@group-C8EC9B2AFEFB:LeaderElection49] INFO  impl.RoleInfo (RoleInfo.java:shutdownLeaderElection(134)) - b4fa7d23-6606-45fd-9544-2b08ca3fa933: shutdown LeaderElection
2019-09-25 05:06:15,822 [b4fa7d23-6606-45fd-9544-2b08ca3fa933@group-C8EC9B2AFEFB:LeaderElection49] INFO  impl.RaftServerImpl (RaftServerImpl.java:setRole(174)) - b4fa7d23-6606-45fd-9544-2b08ca3fa933@group-C8EC9B2AFEFB: changes role from CANDIDATE to LEADER at term 1 for changeToLeader
2019-09-25 05:06:15,822 [b4fa7d23-6606-45fd-9544-2b08ca3fa933@group-C8EC9B2AFEFB:LeaderElection49] INFO  impl.RaftServerImpl (ServerState.java:setLeader(253)) - b4fa7d23-6606-45fd-9544-2b08ca3fa933@group-C8EC9B2AFEFB: change Leader from null to b4fa7d23-6606-45fd-9544-2b08ca3fa933 at term 1 for becomeLeader, leader elected after 5030ms
2019-09-25 05:06:15,822 [b4fa7d23-6606-45fd-9544-2b08ca3fa933@group-C8EC9B2AFEFB:LeaderElection49] INFO  server.RaftServerConfigKeys (ConfUtils.java:logGet(43)) - raft.server.staging.catchup.gap = 1000 (default)
2019-09-25 05:06:15,822 [b4fa7d23-6606-45fd-9544-2b08ca3fa933@group-C8EC9B2AFEFB:LeaderElection49] INFO  server.RaftServerConfigKeys (ConfUtils.java:logGet(43)) - raft.server.rpc.sleep.time = 25ms (default)
2019-09-25 05:06:15,823 [b4fa7d23-6606-45fd-9544-2b08ca3fa933@group-C8EC9B2AFEFB:LeaderElection49] INFO  server.RaftServerConfigKeys (ConfUtils.java:logGet(43)) - raft.server.write.element-limit = 4096 (default)
2019-09-25 05:06:15,823 [b4fa7d23-6606-45fd-9544-2b08ca3fa933@group-C8EC9B2AFEFB:LeaderElection49] INFO  server.RaftServerConfigKeys (ConfUtils.java:logGet(43)) - raft.server.watch.timeout = 10s (default)
2019-09-25 05:06:15,823 [b4fa7d23-6606-45fd-9544-2b08ca3fa933@group-C8EC9B2AFEFB:LeaderElection49] INFO  server.RaftServerConfigKeys (ConfUtils.java:logGet(43)) - raft.server.watch.timeout.denomination = 1s (default)
2019-09-25 05:06:15,823 [b4fa7d23-6606-45fd-9544-2b08ca3fa933@group-C8EC9B2AFEFB:LeaderElection49] INFO  server.RaftServerConfigKeys (ConfUtils.java:logGet(43)) - raft.server.watch.element-limit = 65536 (default)
2019-09-25 05:06:15,825 [pool-27-thread-1] INFO  storage.RaftStorage (RaftStorage.java:format(72)) - Storage directory /workdir/hadoop-ozone/integration-test/target/test-dir/MiniOzoneClusterImpl-23306158-e895-4fc7-80df-ce6c264c388b/datanode-0/data/ratis/754aba87-3a69-42fa-8123-35f023f29269 has been successfully formatted.
2019-09-25 05:06:15,825 [pool-27-thread-1] INFO  ratis.ContainerStateMachine (ContainerStateMachine.java:loadSnapshot(230)) - group-35F023F29269: The snapshot info is null. Setting the last applied indexto:(t:0, i:~)
2019-09-25 05:06:15,825 [pool-27-thread-1] INFO  server.RaftServerConfigKeys (ConfUtils.java:logGet(43)) - raft.server.notification.no-leader.timeout = 120s (custom)
2019-09-25 05:06:15,825 [pool-27-thread-1] INFO  server.RaftServerConfigKeys (ConfUtils.java:logGet(43)) - raft.server.log.use.memory = false (default)
2019-09-25 05:06:15,825 [pool-27-thread-1] INFO  server.RaftServerConfigKeys (ConfUtils.java:logGet(43)) - raft.server.log.purge.gap = 1000000 (custom)
2019-09-25 05:06:15,825 [pool-27-thread-1] INFO  server.RaftServerConfigKeys (ConfUtils.java:logGet(43)) - raft.server.log.appender.buffer.byte-limit = 33554432 (custom)
2019-09-25 05:06:15,825 [pool-27-thread-1] INFO  server.RaftServerConfigKeys (ConfUtils.java:logGet(43)) - raft.server.log.segment.size.max = 1048576 (custom)
2019-09-25 05:06:15,826 [pool-27-thread-1] INFO  server.RaftServerConfigKeys (ConfUtils.java:logGet(43)) - raft.server.log.segment.cache.num.max = 2 (custom)
2019-09-25 05:06:15,826 [pool-27-thread-1] INFO  segmented.SegmentedRaftLogWorker (SegmentedRaftLogWorker.java:<init>(172)) - new f77bfc29-6991-4b1d-a503-f706c83de4fc@group-35F023F29269-SegmentedRaftLogWorker for RaftStorage:Storage Directory /workdir/hadoop-ozone/integration-test/target/test-dir/MiniOzoneClusterImpl-23306158-e895-4fc7-80df-ce6c264c388b/datanode-0/data/ratis/754aba87-3a69-42fa-8123-35f023f29269
2019-09-25 05:06:15,826 [pool-27-thread-1] INFO  server.RaftServerConfigKeys (ConfUtils.java:logGet(43)) - raft.server.log.queue.byte-limit = 2147483647 (custom)
2019-09-25 05:06:15,826 [b4fa7d23-6606-45fd-9544-2b08ca3fa933@group-C8EC9B2AFEFB:LeaderElection49] INFO  impl.RoleInfo (RoleInfo.java:updateAndGet(143)) - b4fa7d23-6606-45fd-9544-2b08ca3fa933: start LeaderState
2019-09-25 05:06:15,826 [pool-27-thread-1] INFO  server.RaftServerConfigKeys (ConfUtils.java:logGet(43)) - raft.server.log.queue.element-limit = 1024 (custom)
2019-09-25 05:06:15,826 [pool-27-thread-1] INFO  server.RaftServerConfigKeys (ConfUtils.java:logGet(43)) - raft.server.log.segment.size.max = 1048576 (custom)
2019-09-25 05:06:15,826 [b4fa7d23-6606-45fd-9544-2b08ca3fa933@group-C8EC9B2AFEFB:LeaderElection49] INFO  segmented.SegmentedRaftLogWorker (SegmentedRaftLogWorker.java:startLogSegment(380)) - b4fa7d23-6606-45fd-9544-2b08ca3fa933@group-C8EC9B2AFEFB-SegmentedRaftLogWorker: Starting segment from index:0
2019-09-25 05:06:15,826 [pool-27-thread-1] INFO  server.RaftServerConfigKeys (ConfUtils.java:logGet(43)) - raft.server.log.preallocated.size = 16384 (custom)
2019-09-25 05:06:15,826 [pool-27-thread-1] INFO  server.RaftServerConfigKeys (ConfUtils.java:logGet(43)) - raft.server.log.write.buffer.size = 33554432 (custom)
2019-09-25 05:06:15,827 [pool-27-thread-1] INFO  server.RaftServerConfigKeys (ConfUtils.java:logGet(43)) - raft.server.log.force.sync.num = 128 (default)
2019-09-25 05:06:15,827 [pool-27-thread-1] INFO  server.RaftServerConfigKeys (ConfUtils.java:logGet(43)) - raft.server.log.statemachine.data.sync = true (default)
2019-09-25 05:06:15,827 [b4fa7d23-6606-45fd-9544-2b08ca3fa933@group-C8EC9B2AFEFB:LeaderElection49] INFO  impl.RaftServerImpl (ServerState.java:setRaftConf(354)) - b4fa7d23-6606-45fd-9544-2b08ca3fa933@group-C8EC9B2AFEFB: set configuration 0: [b4fa7d23-6606-45fd-9544-2b08ca3fa933:192.168.30.10:34493], old=null at 0
2019-09-25 05:06:15,827 [pool-27-thread-1] INFO  server.RaftServerConfigKeys (ConfUtils.java:logGet(43)) - raft.server.log.statemachine.data.sync.timeout = 10s (default)
2019-09-25 05:06:15,827 [pool-27-thread-1] INFO  server.RaftServerConfigKeys (ConfUtils.java:logGet(43)) - raft.server.log.statemachine.data.sync.timeout.retry = -1 (default)
2019-09-25 05:06:15,827 [pool-27-thread-1] INFO  server.RaftServerConfigKeys (ConfUtils.java:logGet(43)) - raft.server.log.statemachine.data.caching.enabled = true (custom)
2019-09-25 05:06:15,827 [pool-27-thread-1] INFO  segmented.SegmentedRaftLogWorker (SegmentedRaftLogWorker.java:lambda$new$0(132)) - f77bfc29-6991-4b1d-a503-f706c83de4fc@group-35F023F29269-SegmentedRaftLogWorker: flushIndex: setUnconditionally 0 -> -1
2019-09-25 05:06:15,828 [pool-27-thread-1] INFO  server.RaftServerConfigKeys (ConfUtils.java:logGet(43)) - raft.server.snapshot.auto.trigger.enabled = true (custom)
2019-09-25 05:06:15,828 [pool-27-thread-1] INFO  server.RaftServerConfigKeys (ConfUtils.java:logGet(43)) - raft.server.snapshot.auto.trigger.threshold = 10000 (custom)
2019-09-25 05:06:15,828 [pool-27-thread-1] INFO  server.RaftServerConfigKeys (ConfUtils.java:logGet(43)) - raft.server.snapshot.retention.num.files = 5 (custom)
2019-09-25 05:06:15,828 [pool-27-thread-1] INFO  server.RaftServerConfigKeys (ConfUtils.java:logGet(43)) - raft.server.retrycache.expirytime = 600000ms (custom)
2019-09-25 05:06:15,830 [pool-27-thread-1] INFO  impl.RaftServerImpl (RaftServerImpl.java:start(185)) - f77bfc29-6991-4b1d-a503-f706c83de4fc@group-35F023F29269: start as a follower, conf=-1: [f77bfc29-6991-4b1d-a503-f706c83de4fc:192.168.30.10:35112], old=null
2019-09-25 05:06:15,830 [pool-27-thread-1] INFO  impl.RaftServerImpl (RaftServerImpl.java:setRole(174)) - f77bfc29-6991-4b1d-a503-f706c83de4fc@group-35F023F29269: changes role from      null to FOLLOWER at term 0 for startAsFollower
2019-09-25 05:06:15,830 [pool-27-thread-1] INFO  impl.RoleInfo (RoleInfo.java:updateAndGet(143)) - f77bfc29-6991-4b1d-a503-f706c83de4fc: start FollowerState
2019-09-25 05:06:15,830 [pool-27-thread-1] INFO  util.JmxRegister (JmxRegister.java:tryRegister(44)) - Successfully registered JMX Bean with object name Ratis:service=RaftServer,group=group-35F023F29269,id=f77bfc29-6991-4b1d-a503-f706c83de4fc
2019-09-25 05:06:15,835 [RatisPipelineUtilsThread] INFO  pipeline.PipelineStateManager (PipelineStateManager.java:addPipeline(56)) - Created pipeline Pipeline[ Id: 754aba87-3a69-42fa-8123-35f023f29269, Nodes: f77bfc29-6991-4b1d-a503-f706c83de4fc{ip: 192.168.30.10, host: pr-hdds-1569-s62bp-3040748787, networkLocation: /default-rack, certSerialId: null}, Type:RATIS, Factor:ONE, State:OPEN]
2019-09-25 05:06:15,840 [grpc-default-executor-0] INFO  impl.RaftServerProxy (RaftServerProxy.java:addNew(89)) - 36ac27b3-2f11-437d-8f1f-165306b0ff4a: addNew group-6E6AA1FC98DD:[36ac27b3-2f11-437d-8f1f-165306b0ff4a:192.168.30.10:45265] returns group-6E6AA1FC98DD:java.util.concurrent.CompletableFuture@67d53bea[Not completed]
2019-09-25 05:06:15,841 [pool-37-thread-1] INFO  impl.RaftServerImpl (RaftServerImpl.java:<init>(95)) - 36ac27b3-2f11-437d-8f1f-165306b0ff4a: new RaftServerImpl for group-6E6AA1FC98DD:[36ac27b3-2f11-437d-8f1f-165306b0ff4a:192.168.30.10:45265] with ContainerStateMachine:uninitialized
2019-09-25 05:06:15,841 [pool-37-thread-1] INFO  server.RaftServerConfigKeys (ConfUtils.java:logGet(43)) - raft.server.rpc.timeout.min = 5s (custom)
2019-09-25 05:06:15,841 [pool-37-thread-1] INFO  server.RaftServerConfigKeys (ConfUtils.java:logGet(43)) - raft.server.rpc.timeout.max = 5200ms (custom)
2019-09-25 05:06:15,841 [pool-37-thread-1] INFO  server.RaftServerConfigKeys (ConfUtils.java:logGet(43)) - raft.server.rpcslowness.timeout = 120s (custom)
2019-09-25 05:06:15,841 [pool-37-thread-1] INFO  server.RaftServerConfigKeys (ConfUtils.java:logGet(43)) - raft.server.sleep.deviation.threshold = 300 (default)
2019-09-25 05:06:15,841 [pool-37-thread-1] INFO  server.RaftServerConfigKeys (ConfUtils.java:logGet(43)) - raft.server.log.appender.install.snapshot.enabled = false (custom)
2019-09-25 05:06:15,842 [pool-37-thread-1] INFO  impl.RaftServerImpl (ServerState.java:<init>(103)) - 36ac27b3-2f11-437d-8f1f-165306b0ff4a@group-6E6AA1FC98DD: ConfigurationManager, init=-1: [36ac27b3-2f11-437d-8f1f-165306b0ff4a:192.168.30.10:45265], old=null, confs=<EMPTY_MAP>
2019-09-25 05:06:15,842 [pool-37-thread-1] INFO  server.RaftServerConfigKeys (ConfUtils.java:logGet(43)) - raft.server.storage.dir = [/workdir/hadoop-ozone/integration-test/target/test-dir/MiniOzoneClusterImpl-23306158-e895-4fc7-80df-ce6c264c388b/datanode-1/data/ratis] (custom)
2019-09-25 05:06:15,842 [pool-37-thread-1] INFO  storage.RaftStorageDirectory (RaftStorageDirectory.java:analyzeStorage(246)) - The storage directory /workdir/hadoop-ozone/integration-test/target/test-dir/MiniOzoneClusterImpl-23306158-e895-4fc7-80df-ce6c264c388b/datanode-1/data/ratis/7306de9d-ccf7-43a9-abe4-6e6aa1fc98dd does not exist. Creating ...
2019-09-25 05:06:15,847 [pool-37-thread-1] INFO  storage.RaftStorageDirectory (RaftStorageDirectory.java:tryLock(328)) - Lock on /workdir/hadoop-ozone/integration-test/target/test-dir/MiniOzoneClusterImpl-23306158-e895-4fc7-80df-ce6c264c388b/datanode-1/data/ratis/7306de9d-ccf7-43a9-abe4-6e6aa1fc98dd/in_use.lock acquired by nodename 25526@pr-hdds-1569-s62bp-3040748787
2019-09-25 05:06:15,848 [f77bfc29-6991-4b1d-a503-f706c83de4fc@group-B29604E7736B-SegmentedRaftLogWorker] INFO  segmented.SegmentedRaftLogWorker (SegmentedRaftLogWorker.java:execute(569)) - f77bfc29-6991-4b1d-a503-f706c83de4fc@group-B29604E7736B-SegmentedRaftLogWorker: created new log segment /workdir/hadoop-ozone/integration-test/target/test-dir/MiniOzoneClusterImpl-23306158-e895-4fc7-80df-ce6c264c388b/datanode-0/data/ratis/4925ae78-791a-4372-9bd6-b29604e7736b/current/log_inprogress_0
2019-09-25 05:06:15,861 [pool-37-thread-1] INFO  storage.RaftStorage (RaftStorage.java:format(72)) - Storage directory /workdir/hadoop-ozone/integration-test/target/test-dir/MiniOzoneClusterImpl-23306158-e895-4fc7-80df-ce6c264c388b/datanode-1/data/ratis/7306de9d-ccf7-43a9-abe4-6e6aa1fc98dd has been successfully formatted.
2019-09-25 05:06:15,861 [pool-37-thread-1] INFO  ratis.ContainerStateMachine (ContainerStateMachine.java:loadSnapshot(230)) - group-6E6AA1FC98DD: The snapshot info is null. Setting the last applied indexto:(t:0, i:~)
2019-09-25 05:06:15,861 [pool-37-thread-1] INFO  server.RaftServerConfigKeys (ConfUtils.java:logGet(43)) - raft.server.notification.no-leader.timeout = 120s (custom)
2019-09-25 05:06:15,861 [pool-37-thread-1] INFO  server.RaftServerConfigKeys (ConfUtils.java:logGet(43)) - raft.server.log.use.memory = false (default)
2019-09-25 05:06:15,862 [pool-37-thread-1] INFO  server.RaftServerConfigKeys (ConfUtils.java:logGet(43)) - raft.server.log.purge.gap = 1000000 (custom)
2019-09-25 05:06:15,862 [pool-37-thread-1] INFO  server.RaftServerConfigKeys (ConfUtils.java:logGet(43)) - raft.server.log.appender.buffer.byte-limit = 33554432 (custom)
2019-09-25 05:06:15,862 [pool-37-thread-1] INFO  server.RaftServerConfigKeys (ConfUtils.java:logGet(43)) - raft.server.log.segment.size.max = 1048576 (custom)
2019-09-25 05:06:15,862 [pool-37-thread-1] INFO  server.RaftServerConfigKeys (ConfUtils.java:logGet(43)) - raft.server.log.segment.cache.num.max = 2 (custom)
2019-09-25 05:06:15,862 [pool-37-thread-1] INFO  segmented.SegmentedRaftLogWorker (SegmentedRaftLogWorker.java:<init>(172)) - new 36ac27b3-2f11-437d-8f1f-165306b0ff4a@group-6E6AA1FC98DD-SegmentedRaftLogWorker for RaftStorage:Storage Directory /workdir/hadoop-ozone/integration-test/target/test-dir/MiniOzoneClusterImpl-23306158-e895-4fc7-80df-ce6c264c388b/datanode-1/data/ratis/7306de9d-ccf7-43a9-abe4-6e6aa1fc98dd
2019-09-25 05:06:15,862 [pool-37-thread-1] INFO  server.RaftServerConfigKeys (ConfUtils.java:logGet(43)) - raft.server.log.queue.byte-limit = 2147483647 (custom)
2019-09-25 05:06:15,862 [pool-37-thread-1] INFO  server.RaftServerConfigKeys (ConfUtils.java:logGet(43)) - raft.server.log.queue.element-limit = 1024 (custom)
2019-09-25 05:06:15,862 [pool-37-thread-1] INFO  server.RaftServerConfigKeys (ConfUtils.java:logGet(43)) - raft.server.log.segment.size.max = 1048576 (custom)
2019-09-25 05:06:15,862 [pool-37-thread-1] INFO  server.RaftServerConfigKeys (ConfUtils.java:logGet(43)) - raft.server.log.preallocated.size = 16384 (custom)
2019-09-25 05:06:15,863 [pool-37-thread-1] INFO  server.RaftServerConfigKeys (ConfUtils.java:logGet(43)) - raft.server.log.write.buffer.size = 33554432 (custom)
2019-09-25 05:06:15,863 [pool-37-thread-1] INFO  server.RaftServerConfigKeys (ConfUtils.java:logGet(43)) - raft.server.log.force.sync.num = 128 (default)
2019-09-25 05:06:15,863 [pool-37-thread-1] INFO  server.RaftServerConfigKeys (ConfUtils.java:logGet(43)) - raft.server.log.statemachine.data.sync = true (default)
2019-09-25 05:06:15,863 [pool-37-thread-1] INFO  server.RaftServerConfigKeys (ConfUtils.java:logGet(43)) - raft.server.log.statemachine.data.sync.timeout = 10s (default)
2019-09-25 05:06:15,863 [pool-37-thread-1] INFO  server.RaftServerConfigKeys (ConfUtils.java:logGet(43)) - raft.server.log.statemachine.data.sync.timeout.retry = -1 (default)
2019-09-25 05:06:15,863 [pool-37-thread-1] INFO  server.RaftServerConfigKeys (ConfUtils.java:logGet(43)) - raft.server.log.statemachine.data.caching.enabled = true (custom)
2019-09-25 05:06:15,863 [pool-37-thread-1] INFO  segmented.SegmentedRaftLogWorker (SegmentedRaftLogWorker.java:lambda$new$0(132)) - 36ac27b3-2f11-437d-8f1f-165306b0ff4a@group-6E6AA1FC98DD-SegmentedRaftLogWorker: flushIndex: setUnconditionally 0 -> -1
2019-09-25 05:06:15,864 [pool-37-thread-1] INFO  server.RaftServerConfigKeys (ConfUtils.java:logGet(43)) - raft.server.snapshot.auto.trigger.enabled = true (custom)
2019-09-25 05:06:15,864 [pool-37-thread-1] INFO  server.RaftServerConfigKeys (ConfUtils.java:logGet(43)) - raft.server.snapshot.auto.trigger.threshold = 10000 (custom)
2019-09-25 05:06:15,864 [pool-37-thread-1] INFO  server.RaftServerConfigKeys (ConfUtils.java:logGet(43)) - raft.server.snapshot.retention.num.files = 5 (custom)
2019-09-25 05:06:15,864 [pool-37-thread-1] INFO  server.RaftServerConfigKeys (ConfUtils.java:logGet(43)) - raft.server.retrycache.expirytime = 600000ms (custom)
2019-09-25 05:06:15,866 [pool-37-thread-1] INFO  impl.RaftServerImpl (RaftServerImpl.java:start(185)) - 36ac27b3-2f11-437d-8f1f-165306b0ff4a@group-6E6AA1FC98DD: start as a follower, conf=-1: [36ac27b3-2f11-437d-8f1f-165306b0ff4a:192.168.30.10:45265], old=null
2019-09-25 05:06:15,867 [pool-37-thread-1] INFO  impl.RaftServerImpl (RaftServerImpl.java:setRole(174)) - 36ac27b3-2f11-437d-8f1f-165306b0ff4a@group-6E6AA1FC98DD: changes role from      null to FOLLOWER at term 0 for startAsFollower
2019-09-25 05:06:15,867 [pool-37-thread-1] INFO  impl.RoleInfo (RoleInfo.java:updateAndGet(143)) - 36ac27b3-2f11-437d-8f1f-165306b0ff4a: start FollowerState
2019-09-25 05:06:15,867 [pool-37-thread-1] INFO  util.JmxRegister (JmxRegister.java:tryRegister(44)) - Successfully registered JMX Bean with object name Ratis:service=RaftServer,group=group-6E6AA1FC98DD,id=36ac27b3-2f11-437d-8f1f-165306b0ff4a
2019-09-25 05:06:15,870 [RatisPipelineUtilsThread] INFO  pipeline.PipelineStateManager (PipelineStateManager.java:addPipeline(56)) - Created pipeline Pipeline[ Id: 7306de9d-ccf7-43a9-abe4-6e6aa1fc98dd, Nodes: 36ac27b3-2f11-437d-8f1f-165306b0ff4a{ip: 192.168.30.10, host: pr-hdds-1569-s62bp-3040748787, networkLocation: /default-rack, certSerialId: null}, Type:RATIS, Factor:ONE, State:OPEN]
2019-09-25 05:06:15,875 [grpc-default-executor-0] INFO  impl.RaftServerProxy (RaftServerProxy.java:addNew(89)) - 36ac27b3-2f11-437d-8f1f-165306b0ff4a: addNew group-40FA5C7FE322:[36ac27b3-2f11-437d-8f1f-165306b0ff4a:192.168.30.10:45265] returns group-40FA5C7FE322:java.util.concurrent.CompletableFuture@5512403d[Not completed]
2019-09-25 05:06:15,875 [b4fa7d23-6606-45fd-9544-2b08ca3fa933@group-C8EC9B2AFEFB-SegmentedRaftLogWorker] INFO  segmented.SegmentedRaftLogWorker (SegmentedRaftLogWorker.java:execute(569)) - b4fa7d23-6606-45fd-9544-2b08ca3fa933@group-C8EC9B2AFEFB-SegmentedRaftLogWorker: created new log segment /workdir/hadoop-ozone/integration-test/target/test-dir/MiniOzoneClusterImpl-23306158-e895-4fc7-80df-ce6c264c388b/datanode-5/data/ratis/7cbab48f-db0a-40af-bab0-c8ec9b2afefb/current/log_inprogress_0
2019-09-25 05:06:15,876 [pool-37-thread-1] INFO  impl.RaftServerImpl (RaftServerImpl.java:<init>(95)) - 36ac27b3-2f11-437d-8f1f-165306b0ff4a: new RaftServerImpl for group-40FA5C7FE322:[36ac27b3-2f11-437d-8f1f-165306b0ff4a:192.168.30.10:45265] with ContainerStateMachine:uninitialized
2019-09-25 05:06:15,876 [pool-37-thread-1] INFO  server.RaftServerConfigKeys (ConfUtils.java:logGet(43)) - raft.server.rpc.timeout.min = 5s (custom)
2019-09-25 05:06:15,876 [pool-37-thread-1] INFO  server.RaftServerConfigKeys (ConfUtils.java:logGet(43)) - raft.server.rpc.timeout.max = 5200ms (custom)
2019-09-25 05:06:15,876 [pool-37-thread-1] INFO  server.RaftServerConfigKeys (ConfUtils.java:logGet(43)) - raft.server.rpcslowness.timeout = 120s (custom)
2019-09-25 05:06:15,876 [pool-37-thread-1] INFO  server.RaftServerConfigKeys (ConfUtils.java:logGet(43)) - raft.server.sleep.deviation.threshold = 300 (default)
2019-09-25 05:06:15,876 [pool-37-thread-1] INFO  server.RaftServerConfigKeys (ConfUtils.java:logGet(43)) - raft.server.log.appender.install.snapshot.enabled = false (custom)
2019-09-25 05:06:15,876 [pool-37-thread-1] INFO  impl.RaftServerImpl (ServerState.java:<init>(103)) - 36ac27b3-2f11-437d-8f1f-165306b0ff4a@group-40FA5C7FE322: ConfigurationManager, init=-1: [36ac27b3-2f11-437d-8f1f-165306b0ff4a:192.168.30.10:45265], old=null, confs=<EMPTY_MAP>
2019-09-25 05:06:15,877 [pool-37-thread-1] INFO  server.RaftServerConfigKeys (ConfUtils.java:logGet(43)) - raft.server.storage.dir = [/workdir/hadoop-ozone/integration-test/target/test-dir/MiniOzoneClusterImpl-23306158-e895-4fc7-80df-ce6c264c388b/datanode-1/data/ratis] (custom)
2019-09-25 05:06:15,877 [pool-37-thread-1] INFO  storage.RaftStorageDirectory (RaftStorageDirectory.java:analyzeStorage(246)) - The storage directory /workdir/hadoop-ozone/integration-test/target/test-dir/MiniOzoneClusterImpl-23306158-e895-4fc7-80df-ce6c264c388b/datanode-1/data/ratis/f59e4228-5059-4f51-bf5a-40fa5c7fe322 does not exist. Creating ...
2019-09-25 05:06:15,886 [Thread-394] INFO  impl.FollowerState (FollowerState.java:run(106)) - 36ac27b3-2f11-437d-8f1f-165306b0ff4a:group-27819B640204 changes to CANDIDATE, lastRpcTime:5018, electionTimeout:5018ms
2019-09-25 05:06:15,886 [Thread-394] INFO  impl.RoleInfo (RoleInfo.java:shutdownFollowerState(121)) - 36ac27b3-2f11-437d-8f1f-165306b0ff4a: shutdown FollowerState
2019-09-25 05:06:15,886 [Thread-394] INFO  impl.RaftServerImpl (RaftServerImpl.java:setRole(174)) - 36ac27b3-2f11-437d-8f1f-165306b0ff4a@group-27819B640204: changes role from  FOLLOWER to CANDIDATE at term 0 for changeToCandidate
2019-09-25 05:06:15,886 [Thread-394] INFO  impl.RoleInfo (RoleInfo.java:updateAndGet(143)) - 36ac27b3-2f11-437d-8f1f-165306b0ff4a: start LeaderElection
2019-09-25 05:06:15,890 [pool-37-thread-1] INFO  storage.RaftStorageDirectory (RaftStorageDirectory.java:tryLock(328)) - Lock on /workdir/hadoop-ozone/integration-test/target/test-dir/MiniOzoneClusterImpl-23306158-e895-4fc7-80df-ce6c264c388b/datanode-1/data/ratis/f59e4228-5059-4f51-bf5a-40fa5c7fe322/in_use.lock acquired by nodename 25526@pr-hdds-1569-s62bp-3040748787
2019-09-25 05:06:15,890 [36ac27b3-2f11-437d-8f1f-165306b0ff4a@group-27819B640204:LeaderElection50] INFO  impl.LeaderElection (LeaderElection.java:askForVotes(182)) - 36ac27b3-2f11-437d-8f1f-165306b0ff4a@group-27819B640204:LeaderElection50: begin an election at term 1 for -1: [36ac27b3-2f11-437d-8f1f-165306b0ff4a:192.168.30.10:45265], old=null
2019-09-25 05:06:15,890 [36ac27b3-2f11-437d-8f1f-165306b0ff4a@group-27819B640204:LeaderElection50] INFO  impl.RoleInfo (RoleInfo.java:shutdownLeaderElection(134)) - 36ac27b3-2f11-437d-8f1f-165306b0ff4a: shutdown LeaderElection
2019-09-25 05:06:15,891 [36ac27b3-2f11-437d-8f1f-165306b0ff4a@group-27819B640204:LeaderElection50] INFO  impl.RaftServerImpl (RaftServerImpl.java:setRole(174)) - 36ac27b3-2f11-437d-8f1f-165306b0ff4a@group-27819B640204: changes role from CANDIDATE to LEADER at term 1 for changeToLeader
2019-09-25 05:06:15,891 [36ac27b3-2f11-437d-8f1f-165306b0ff4a@group-27819B640204:LeaderElection50] INFO  impl.RaftServerImpl (ServerState.java:setLeader(253)) - 36ac27b3-2f11-437d-8f1f-165306b0ff4a@group-27819B640204: change Leader from null to 36ac27b3-2f11-437d-8f1f-165306b0ff4a at term 1 for becomeLeader, leader elected after 5028ms
2019-09-25 05:06:15,891 [36ac27b3-2f11-437d-8f1f-165306b0ff4a@group-27819B640204:LeaderElection50] INFO  server.RaftServerConfigKeys (ConfUtils.java:logGet(43)) - raft.server.staging.catchup.gap = 1000 (default)
2019-09-25 05:06:15,891 [36ac27b3-2f11-437d-8f1f-165306b0ff4a@group-27819B640204:LeaderElection50] INFO  server.RaftServerConfigKeys (ConfUtils.java:logGet(43)) - raft.server.rpc.sleep.time = 25ms (default)
2019-09-25 05:06:15,891 [36ac27b3-2f11-437d-8f1f-165306b0ff4a@group-27819B640204:LeaderElection50] INFO  server.RaftServerConfigKeys (ConfUtils.java:logGet(43)) - raft.server.write.element-limit = 4096 (default)
2019-09-25 05:06:15,891 [36ac27b3-2f11-437d-8f1f-165306b0ff4a@group-27819B640204:LeaderElection50] INFO  server.RaftServerConfigKeys (ConfUtils.java:logGet(43)) - raft.server.watch.timeout = 10s (default)
2019-09-25 05:06:15,891 [36ac27b3-2f11-437d-8f1f-165306b0ff4a@group-27819B640204:LeaderElection50] INFO  server.RaftServerConfigKeys (ConfUtils.java:logGet(43)) - raft.server.watch.timeout.denomination = 1s (default)
2019-09-25 05:06:15,891 [36ac27b3-2f11-437d-8f1f-165306b0ff4a@group-27819B640204:LeaderElection50] INFO  server.RaftServerConfigKeys (ConfUtils.java:logGet(43)) - raft.server.watch.element-limit = 65536 (default)
2019-09-25 05:06:15,893 [36ac27b3-2f11-437d-8f1f-165306b0ff4a@group-27819B640204:LeaderElection50] INFO  impl.RoleInfo (RoleInfo.java:updateAndGet(143)) - 36ac27b3-2f11-437d-8f1f-165306b0ff4a: start LeaderState
2019-09-25 05:06:15,893 [36ac27b3-2f11-437d-8f1f-165306b0ff4a@group-27819B640204:LeaderElection50] INFO  segmented.SegmentedRaftLogWorker (SegmentedRaftLogWorker.java:startLogSegment(380)) - 36ac27b3-2f11-437d-8f1f-165306b0ff4a@group-27819B640204-SegmentedRaftLogWorker: Starting segment from index:0
2019-09-25 05:06:15,893 [36ac27b3-2f11-437d-8f1f-165306b0ff4a@group-27819B640204:LeaderElection50] INFO  impl.RaftServerImpl (ServerState.java:setRaftConf(354)) - 36ac27b3-2f11-437d-8f1f-165306b0ff4a@group-27819B640204: set configuration 0: [36ac27b3-2f11-437d-8f1f-165306b0ff4a:192.168.30.10:45265], old=null at 0
2019-09-25 05:06:15,903 [pool-37-thread-1] INFO  storage.RaftStorage (RaftStorage.java:format(72)) - Storage directory /workdir/hadoop-ozone/integration-test/target/test-dir/MiniOzoneClusterImpl-23306158-e895-4fc7-80df-ce6c264c388b/datanode-1/data/ratis/f59e4228-5059-4f51-bf5a-40fa5c7fe322 has been successfully formatted.
2019-09-25 05:06:15,903 [pool-37-thread-1] INFO  ratis.ContainerStateMachine (ContainerStateMachine.java:loadSnapshot(230)) - group-40FA5C7FE322: The snapshot info is null. Setting the last applied indexto:(t:0, i:~)
2019-09-25 05:06:15,903 [pool-37-thread-1] INFO  server.RaftServerConfigKeys (ConfUtils.java:logGet(43)) - raft.server.notification.no-leader.timeout = 120s (custom)
2019-09-25 05:06:15,904 [pool-37-thread-1] INFO  server.RaftServerConfigKeys (ConfUtils.java:logGet(43)) - raft.server.log.use.memory = false (default)
2019-09-25 05:06:15,904 [pool-37-thread-1] INFO  server.RaftServerConfigKeys (ConfUtils.java:logGet(43)) - raft.server.log.purge.gap = 1000000 (custom)
2019-09-25 05:06:15,904 [pool-37-thread-1] INFO  server.RaftServerConfigKeys (ConfUtils.java:logGet(43)) - raft.server.log.appender.buffer.byte-limit = 33554432 (custom)
2019-09-25 05:06:15,904 [pool-37-thread-1] INFO  server.RaftServerConfigKeys (ConfUtils.java:logGet(43)) - raft.server.log.segment.size.max = 1048576 (custom)
2019-09-25 05:06:15,904 [pool-37-thread-1] INFO  server.RaftServerConfigKeys (ConfUtils.java:logGet(43)) - raft.server.log.segment.cache.num.max = 2 (custom)
2019-09-25 05:06:15,904 [pool-37-thread-1] INFO  segmented.SegmentedRaftLogWorker (SegmentedRaftLogWorker.java:<init>(172)) - new 36ac27b3-2f11-437d-8f1f-165306b0ff4a@group-40FA5C7FE322-SegmentedRaftLogWorker for RaftStorage:Storage Directory /workdir/hadoop-ozone/integration-test/target/test-dir/MiniOzoneClusterImpl-23306158-e895-4fc7-80df-ce6c264c388b/datanode-1/data/ratis/f59e4228-5059-4f51-bf5a-40fa5c7fe322
2019-09-25 05:06:15,904 [pool-37-thread-1] INFO  server.RaftServerConfigKeys (ConfUtils.java:logGet(43)) - raft.server.log.queue.byte-limit = 2147483647 (custom)
2019-09-25 05:06:15,904 [pool-37-thread-1] INFO  server.RaftServerConfigKeys (ConfUtils.java:logGet(43)) - raft.server.log.queue.element-limit = 1024 (custom)
2019-09-25 05:06:15,904 [pool-37-thread-1] INFO  server.RaftServerConfigKeys (ConfUtils.java:logGet(43)) - raft.server.log.segment.size.max = 1048576 (custom)
2019-09-25 05:06:15,904 [pool-37-thread-1] INFO  server.RaftServerConfigKeys (ConfUtils.java:logGet(43)) - raft.server.log.preallocated.size = 16384 (custom)
2019-09-25 05:06:15,905 [pool-37-thread-1] INFO  server.RaftServerConfigKeys (ConfUtils.java:logGet(43)) - raft.server.log.write.buffer.size = 33554432 (custom)
2019-09-25 05:06:15,905 [pool-37-thread-1] INFO  server.RaftServerConfigKeys (ConfUtils.java:logGet(43)) - raft.server.log.force.sync.num = 128 (default)
2019-09-25 05:06:15,905 [pool-37-thread-1] INFO  server.RaftServerConfigKeys (ConfUtils.java:logGet(43)) - raft.server.log.statemachine.data.sync = true (default)
2019-09-25 05:06:15,905 [pool-37-thread-1] INFO  server.RaftServerConfigKeys (ConfUtils.java:logGet(43)) - raft.server.log.statemachine.data.sync.timeout = 10s (default)
2019-09-25 05:06:15,905 [pool-37-thread-1] INFO  server.RaftServerConfigKeys (ConfUtils.java:logGet(43)) - raft.server.log.statemachine.data.sync.timeout.retry = -1 (default)
2019-09-25 05:06:15,905 [pool-37-thread-1] INFO  server.RaftServerConfigKeys (ConfUtils.java:logGet(43)) - raft.server.log.statemachine.data.caching.enabled = true (custom)
2019-09-25 05:06:15,905 [pool-37-thread-1] INFO  segmented.SegmentedRaftLogWorker (SegmentedRaftLogWorker.java:lambda$new$0(132)) - 36ac27b3-2f11-437d-8f1f-165306b0ff4a@group-40FA5C7FE322-SegmentedRaftLogWorker: flushIndex: setUnconditionally 0 -> -1
2019-09-25 05:06:15,906 [pool-37-thread-1] INFO  server.RaftServerConfigKeys (ConfUtils.java:logGet(43)) - raft.server.snapshot.auto.trigger.enabled = true (custom)
2019-09-25 05:06:15,906 [pool-37-thread-1] INFO  server.RaftServerConfigKeys (ConfUtils.java:logGet(43)) - raft.server.snapshot.auto.trigger.threshold = 10000 (custom)
2019-09-25 05:06:15,906 [pool-37-thread-1] INFO  server.RaftServerConfigKeys (ConfUtils.java:logGet(43)) - raft.server.snapshot.retention.num.files = 5 (custom)
2019-09-25 05:06:15,906 [pool-37-thread-1] INFO  server.RaftServerConfigKeys (ConfUtils.java:logGet(43)) - raft.server.retrycache.expirytime = 600000ms (custom)
2019-09-25 05:06:15,907 [pool-37-thread-1] INFO  impl.RaftServerImpl (RaftServerImpl.java:start(185)) - 36ac27b3-2f11-437d-8f1f-165306b0ff4a@group-40FA5C7FE322: start as a follower, conf=-1: [36ac27b3-2f11-437d-8f1f-165306b0ff4a:192.168.30.10:45265], old=null
2019-09-25 05:06:15,907 [pool-37-thread-1] INFO  impl.RaftServerImpl (RaftServerImpl.java:setRole(174)) - 36ac27b3-2f11-437d-8f1f-165306b0ff4a@group-40FA5C7FE322: changes role from      null to FOLLOWER at term 0 for startAsFollower
2019-09-25 05:06:15,907 [pool-37-thread-1] INFO  impl.RoleInfo (RoleInfo.java:updateAndGet(143)) - 36ac27b3-2f11-437d-8f1f-165306b0ff4a: start FollowerState
2019-09-25 05:06:15,908 [pool-37-thread-1] INFO  util.JmxRegister (JmxRegister.java:tryRegister(44)) - Successfully registered JMX Bean with object name Ratis:service=RaftServer,group=group-40FA5C7FE322,id=36ac27b3-2f11-437d-8f1f-165306b0ff4a
2019-09-25 05:06:15,910 [RatisPipelineUtilsThread] INFO  pipeline.PipelineStateManager (PipelineStateManager.java:addPipeline(56)) - Created pipeline Pipeline[ Id: f59e4228-5059-4f51-bf5a-40fa5c7fe322, Nodes: 36ac27b3-2f11-437d-8f1f-165306b0ff4a{ip: 192.168.30.10, host: pr-hdds-1569-s62bp-3040748787, networkLocation: /default-rack, certSerialId: null}, Type:RATIS, Factor:ONE, State:OPEN]
2019-09-25 05:06:15,915 [grpc-default-executor-0] INFO  impl.RaftServerProxy (RaftServerProxy.java:addNew(89)) - 692224c4-5202-4921-98cc-04d5c60c79cc: addNew group-3853F77ACA4A:[692224c4-5202-4921-98cc-04d5c60c79cc:192.168.30.10:38144] returns group-3853F77ACA4A:java.util.concurrent.CompletableFuture@4d702f05[Not completed]
2019-09-25 05:06:15,916 [pool-67-thread-1] INFO  impl.RaftServerImpl (RaftServerImpl.java:<init>(95)) - 692224c4-5202-4921-98cc-04d5c60c79cc: new RaftServerImpl for group-3853F77ACA4A:[692224c4-5202-4921-98cc-04d5c60c79cc:192.168.30.10:38144] with ContainerStateMachine:uninitialized
2019-09-25 05:06:15,916 [pool-67-thread-1] INFO  server.RaftServerConfigKeys (ConfUtils.java:logGet(43)) - raft.server.rpc.timeout.min = 5s (custom)
2019-09-25 05:06:15,916 [pool-67-thread-1] INFO  server.RaftServerConfigKeys (ConfUtils.java:logGet(43)) - raft.server.rpc.timeout.max = 5200ms (custom)
2019-09-25 05:06:15,916 [pool-67-thread-1] INFO  server.RaftServerConfigKeys (ConfUtils.java:logGet(43)) - raft.server.rpcslowness.timeout = 120s (custom)
2019-09-25 05:06:15,916 [pool-67-thread-1] INFO  server.RaftServerConfigKeys (ConfUtils.java:logGet(43)) - raft.server.sleep.deviation.threshold = 300 (default)
2019-09-25 05:06:15,916 [pool-67-thread-1] INFO  server.RaftServerConfigKeys (ConfUtils.java:logGet(43)) - raft.server.log.appender.install.snapshot.enabled = false (custom)
2019-09-25 05:06:15,916 [pool-67-thread-1] INFO  impl.RaftServerImpl (ServerState.java:<init>(103)) - 692224c4-5202-4921-98cc-04d5c60c79cc@group-3853F77ACA4A: ConfigurationManager, init=-1: [692224c4-5202-4921-98cc-04d5c60c79cc:192.168.30.10:38144], old=null, confs=<EMPTY_MAP>
2019-09-25 05:06:15,917 [pool-67-thread-1] INFO  server.RaftServerConfigKeys (ConfUtils.java:logGet(43)) - raft.server.storage.dir = [/workdir/hadoop-ozone/integration-test/target/test-dir/MiniOzoneClusterImpl-23306158-e895-4fc7-80df-ce6c264c388b/datanode-4/data/ratis] (custom)
2019-09-25 05:06:15,917 [pool-67-thread-1] INFO  storage.RaftStorageDirectory (RaftStorageDirectory.java:analyzeStorage(246)) - The storage directory /workdir/hadoop-ozone/integration-test/target/test-dir/MiniOzoneClusterImpl-23306158-e895-4fc7-80df-ce6c264c388b/datanode-4/data/ratis/b6339f74-0941-4e0a-b751-3853f77aca4a does not exist. Creating ...
2019-09-25 05:06:15,931 [pool-67-thread-1] INFO  storage.RaftStorageDirectory (RaftStorageDirectory.java:tryLock(328)) - Lock on /workdir/hadoop-ozone/integration-test/target/test-dir/MiniOzoneClusterImpl-23306158-e895-4fc7-80df-ce6c264c388b/datanode-4/data/ratis/b6339f74-0941-4e0a-b751-3853f77aca4a/in_use.lock acquired by nodename 25526@pr-hdds-1569-s62bp-3040748787
2019-09-25 05:06:15,931 [36ac27b3-2f11-437d-8f1f-165306b0ff4a@group-27819B640204-SegmentedRaftLogWorker] INFO  segmented.SegmentedRaftLogWorker (SegmentedRaftLogWorker.java:execute(569)) - 36ac27b3-2f11-437d-8f1f-165306b0ff4a@group-27819B640204-SegmentedRaftLogWorker: created new log segment /workdir/hadoop-ozone/integration-test/target/test-dir/MiniOzoneClusterImpl-23306158-e895-4fc7-80df-ce6c264c388b/datanode-1/data/ratis/6113f12d-842f-4892-aa1c-27819b640204/current/log_inprogress_0
2019-09-25 05:06:15,941 [Thread-388] INFO  impl.FollowerState (FollowerState.java:run(106)) - de37f7a0-0375-40a9-a318-404478482fcb:group-DA833B40C239 changes to CANDIDATE, lastRpcTime:5186, electionTimeout:5186ms
2019-09-25 05:06:15,941 [Thread-388] INFO  impl.RoleInfo (RoleInfo.java:shutdownFollowerState(121)) - de37f7a0-0375-40a9-a318-404478482fcb: shutdown FollowerState
2019-09-25 05:06:15,942 [Thread-388] INFO  impl.RaftServerImpl (RaftServerImpl.java:setRole(174)) - de37f7a0-0375-40a9-a318-404478482fcb@group-DA833B40C239: changes role from  FOLLOWER to CANDIDATE at term 0 for changeToCandidate
2019-09-25 05:06:15,942 [Thread-388] INFO  impl.RoleInfo (RoleInfo.java:updateAndGet(143)) - de37f7a0-0375-40a9-a318-404478482fcb: start LeaderElection
2019-09-25 05:06:15,945 [pool-67-thread-1] INFO  storage.RaftStorage (RaftStorage.java:format(72)) - Storage directory /workdir/hadoop-ozone/integration-test/target/test-dir/MiniOzoneClusterImpl-23306158-e895-4fc7-80df-ce6c264c388b/datanode-4/data/ratis/b6339f74-0941-4e0a-b751-3853f77aca4a has been successfully formatted.
2019-09-25 05:06:15,945 [de37f7a0-0375-40a9-a318-404478482fcb@group-DA833B40C239:LeaderElection51] INFO  impl.LeaderElection (LeaderElection.java:askForVotes(182)) - de37f7a0-0375-40a9-a318-404478482fcb@group-DA833B40C239:LeaderElection51: begin an election at term 1 for -1: [de37f7a0-0375-40a9-a318-404478482fcb:192.168.30.10:44522], old=null
2019-09-25 05:06:15,946 [de37f7a0-0375-40a9-a318-404478482fcb@group-DA833B40C239:LeaderElection51] INFO  impl.RoleInfo (RoleInfo.java:shutdownLeaderElection(134)) - de37f7a0-0375-40a9-a318-404478482fcb: shutdown LeaderElection
2019-09-25 05:06:15,946 [pool-67-thread-1] INFO  ratis.ContainerStateMachine (ContainerStateMachine.java:loadSnapshot(230)) - group-3853F77ACA4A: The snapshot info is null. Setting the last applied indexto:(t:0, i:~)
2019-09-25 05:06:15,946 [de37f7a0-0375-40a9-a318-404478482fcb@group-DA833B40C239:LeaderElection51] INFO  impl.RaftServerImpl (RaftServerImpl.java:setRole(174)) - de37f7a0-0375-40a9-a318-404478482fcb@group-DA833B40C239: changes role from CANDIDATE to LEADER at term 1 for changeToLeader
2019-09-25 05:06:15,946 [pool-67-thread-1] INFO  server.RaftServerConfigKeys (ConfUtils.java:logGet(43)) - raft.server.notification.no-leader.timeout = 120s (custom)
2019-09-25 05:06:15,946 [de37f7a0-0375-40a9-a318-404478482fcb@group-DA833B40C239:LeaderElection51] INFO  impl.RaftServerImpl (ServerState.java:setLeader(253)) - de37f7a0-0375-40a9-a318-404478482fcb@group-DA833B40C239: change Leader from null to de37f7a0-0375-40a9-a318-404478482fcb at term 1 for becomeLeader, leader elected after 5198ms
2019-09-25 05:06:15,946 [pool-67-thread-1] INFO  server.RaftServerConfigKeys (ConfUtils.java:logGet(43)) - raft.server.log.use.memory = false (default)
2019-09-25 05:06:15,946 [de37f7a0-0375-40a9-a318-404478482fcb@group-DA833B40C239:LeaderElection51] INFO  server.RaftServerConfigKeys (ConfUtils.java:logGet(43)) - raft.server.staging.catchup.gap = 1000 (default)
2019-09-25 05:06:15,946 [pool-67-thread-1] INFO  server.RaftServerConfigKeys (ConfUtils.java:logGet(43)) - raft.server.log.purge.gap = 1000000 (custom)
2019-09-25 05:06:15,946 [de37f7a0-0375-40a9-a318-404478482fcb@group-DA833B40C239:LeaderElection51] INFO  server.RaftServerConfigKeys (ConfUtils.java:logGet(43)) - raft.server.rpc.sleep.time = 25ms (default)
2019-09-25 05:06:15,947 [pool-67-thread-1] INFO  server.RaftServerConfigKeys (ConfUtils.java:logGet(43)) - raft.server.log.appender.buffer.byte-limit = 33554432 (custom)
2019-09-25 05:06:15,947 [de37f7a0-0375-40a9-a318-404478482fcb@group-DA833B40C239:LeaderElection51] INFO  server.RaftServerConfigKeys (ConfUtils.java:logGet(43)) - raft.server.write.element-limit = 4096 (default)
2019-09-25 05:06:15,947 [pool-67-thread-1] INFO  server.RaftServerConfigKeys (ConfUtils.java:logGet(43)) - raft.server.log.segment.size.max = 1048576 (custom)
2019-09-25 05:06:15,947 [de37f7a0-0375-40a9-a318-404478482fcb@group-DA833B40C239:LeaderElection51] INFO  server.RaftServerConfigKeys (ConfUtils.java:logGet(43)) - raft.server.watch.timeout = 10s (default)
2019-09-25 05:06:15,947 [pool-67-thread-1] INFO  server.RaftServerConfigKeys (ConfUtils.java:logGet(43)) - raft.server.log.segment.cache.num.max = 2 (custom)
2019-09-25 05:06:15,947 [de37f7a0-0375-40a9-a318-404478482fcb@group-DA833B40C239:LeaderElection51] INFO  server.RaftServerConfigKeys (ConfUtils.java:logGet(43)) - raft.server.watch.timeout.denomination = 1s (default)
2019-09-25 05:06:15,947 [pool-67-thread-1] INFO  segmented.SegmentedRaftLogWorker (SegmentedRaftLogWorker.java:<init>(172)) - new 692224c4-5202-4921-98cc-04d5c60c79cc@group-3853F77ACA4A-SegmentedRaftLogWorker for RaftStorage:Storage Directory /workdir/hadoop-ozone/integration-test/target/test-dir/MiniOzoneClusterImpl-23306158-e895-4fc7-80df-ce6c264c388b/datanode-4/data/ratis/b6339f74-0941-4e0a-b751-3853f77aca4a
2019-09-25 05:06:15,947 [de37f7a0-0375-40a9-a318-404478482fcb@group-DA833B40C239:LeaderElection51] INFO  server.RaftServerConfigKeys (ConfUtils.java:logGet(43)) - raft.server.watch.element-limit = 65536 (default)
2019-09-25 05:06:15,947 [pool-67-thread-1] INFO  server.RaftServerConfigKeys (ConfUtils.java:logGet(43)) - raft.server.log.queue.byte-limit = 2147483647 (custom)
2019-09-25 05:06:15,948 [pool-67-thread-1] INFO  server.RaftServerConfigKeys (ConfUtils.java:logGet(43)) - raft.server.log.queue.element-limit = 1024 (custom)
2019-09-25 05:06:15,948 [pool-67-thread-1] INFO  server.RaftServerConfigKeys (ConfUtils.java:logGet(43)) - raft.server.log.segment.size.max = 1048576 (custom)
2019-09-25 05:06:15,948 [pool-67-thread-1] INFO  server.RaftServerConfigKeys (ConfUtils.java:logGet(43)) - raft.server.log.preallocated.size = 16384 (custom)
2019-09-25 05:06:15,948 [pool-67-thread-1] INFO  server.RaftServerConfigKeys (ConfUtils.java:logGet(43)) - raft.server.log.write.buffer.size = 33554432 (custom)
2019-09-25 05:06:15,948 [pool-67-thread-1] INFO  server.RaftServerConfigKeys (ConfUtils.java:logGet(43)) - raft.server.log.force.sync.num = 128 (default)
2019-09-25 05:06:15,948 [pool-67-thread-1] INFO  server.RaftServerConfigKeys (ConfUtils.java:logGet(43)) - raft.server.log.statemachine.data.sync = true (default)
2019-09-25 05:06:15,948 [pool-67-thread-1] INFO  server.RaftServerConfigKeys (ConfUtils.java:logGet(43)) - raft.server.log.statemachine.data.sync.timeout = 10s (default)
2019-09-25 05:06:15,949 [pool-67-thread-1] INFO  server.RaftServerConfigKeys (ConfUtils.java:logGet(43)) - raft.server.log.statemachine.data.sync.timeout.retry = -1 (default)
2019-09-25 05:06:15,949 [pool-67-thread-1] INFO  server.RaftServerConfigKeys (ConfUtils.java:logGet(43)) - raft.server.log.statemachine.data.caching.enabled = true (custom)
2019-09-25 05:06:15,949 [pool-67-thread-1] INFO  segmented.SegmentedRaftLogWorker (SegmentedRaftLogWorker.java:lambda$new$0(132)) - 692224c4-5202-4921-98cc-04d5c60c79cc@group-3853F77ACA4A-SegmentedRaftLogWorker: flushIndex: setUnconditionally 0 -> -1
2019-09-25 05:06:15,949 [de37f7a0-0375-40a9-a318-404478482fcb@group-DA833B40C239:LeaderElection51] INFO  impl.RoleInfo (RoleInfo.java:updateAndGet(143)) - de37f7a0-0375-40a9-a318-404478482fcb: start LeaderState
2019-09-25 05:06:15,949 [pool-67-thread-1] INFO  server.RaftServerConfigKeys (ConfUtils.java:logGet(43)) - raft.server.snapshot.auto.trigger.enabled = true (custom)
2019-09-25 05:06:15,950 [de37f7a0-0375-40a9-a318-404478482fcb@group-DA833B40C239:LeaderElection51] INFO  segmented.SegmentedRaftLogWorker (SegmentedRaftLogWorker.java:startLogSegment(380)) - de37f7a0-0375-40a9-a318-404478482fcb@group-DA833B40C239-SegmentedRaftLogWorker: Starting segment from index:0
2019-09-25 05:06:15,950 [pool-67-thread-1] INFO  server.RaftServerConfigKeys (ConfUtils.java:logGet(43)) - raft.server.snapshot.auto.trigger.threshold = 10000 (custom)
2019-09-25 05:06:15,950 [pool-67-thread-1] INFO  server.RaftServerConfigKeys (ConfUtils.java:logGet(43)) - raft.server.snapshot.retention.num.files = 5 (custom)
2019-09-25 05:06:15,950 [de37f7a0-0375-40a9-a318-404478482fcb@group-DA833B40C239:LeaderElection51] INFO  impl.RaftServerImpl (ServerState.java:setRaftConf(354)) - de37f7a0-0375-40a9-a318-404478482fcb@group-DA833B40C239: set configuration 0: [de37f7a0-0375-40a9-a318-404478482fcb:192.168.30.10:44522], old=null at 0
2019-09-25 05:06:15,950 [pool-67-thread-1] INFO  server.RaftServerConfigKeys (ConfUtils.java:logGet(43)) - raft.server.retrycache.expirytime = 600000ms (custom)
2019-09-25 05:06:15,952 [pool-67-thread-1] INFO  impl.RaftServerImpl (RaftServerImpl.java:start(185)) - 692224c4-5202-4921-98cc-04d5c60c79cc@group-3853F77ACA4A: start as a follower, conf=-1: [692224c4-5202-4921-98cc-04d5c60c79cc:192.168.30.10:38144], old=null
2019-09-25 05:06:15,952 [pool-67-thread-1] INFO  impl.RaftServerImpl (RaftServerImpl.java:setRole(174)) - 692224c4-5202-4921-98cc-04d5c60c79cc@group-3853F77ACA4A: changes role from      null to FOLLOWER at term 0 for startAsFollower
2019-09-25 05:06:15,952 [pool-67-thread-1] INFO  impl.RoleInfo (RoleInfo.java:updateAndGet(143)) - 692224c4-5202-4921-98cc-04d5c60c79cc: start FollowerState
2019-09-25 05:06:15,952 [pool-67-thread-1] INFO  util.JmxRegister (JmxRegister.java:tryRegister(44)) - Successfully registered JMX Bean with object name Ratis:service=RaftServer,group=group-3853F77ACA4A,id=692224c4-5202-4921-98cc-04d5c60c79cc
2019-09-25 05:06:15,955 [RatisPipelineUtilsThread] INFO  pipeline.PipelineStateManager (PipelineStateManager.java:addPipeline(56)) - Created pipeline Pipeline[ Id: b6339f74-0941-4e0a-b751-3853f77aca4a, Nodes: 692224c4-5202-4921-98cc-04d5c60c79cc{ip: 192.168.30.10, host: pr-hdds-1569-s62bp-3040748787, networkLocation: /default-rack, certSerialId: null}, Type:RATIS, Factor:ONE, State:OPEN]
2019-09-25 05:06:15,960 [grpc-default-executor-0] INFO  impl.RaftServerProxy (RaftServerProxy.java:addNew(89)) - 56396258-65a3-478c-9482-0be0199dd49c: addNew group-E36E29956034:[56396258-65a3-478c-9482-0be0199dd49c:192.168.30.10:41678] returns group-E36E29956034:java.util.concurrent.CompletableFuture@2036f35b[Not completed]
2019-09-25 05:06:15,962 [pool-87-thread-1] INFO  impl.RaftServerImpl (RaftServerImpl.java:<init>(95)) - 56396258-65a3-478c-9482-0be0199dd49c: new RaftServerImpl for group-E36E29956034:[56396258-65a3-478c-9482-0be0199dd49c:192.168.30.10:41678] with ContainerStateMachine:uninitialized
2019-09-25 05:06:15,962 [pool-87-thread-1] INFO  server.RaftServerConfigKeys (ConfUtils.java:logGet(43)) - raft.server.rpc.timeout.min = 5s (custom)
2019-09-25 05:06:15,962 [pool-87-thread-1] INFO  server.RaftServerConfigKeys (ConfUtils.java:logGet(43)) - raft.server.rpc.timeout.max = 5200ms (custom)
2019-09-25 05:06:15,962 [pool-87-thread-1] INFO  server.RaftServerConfigKeys (ConfUtils.java:logGet(43)) - raft.server.rpcslowness.timeout = 120s (custom)
2019-09-25 05:06:15,963 [pool-87-thread-1] INFO  server.RaftServerConfigKeys (ConfUtils.java:logGet(43)) - raft.server.sleep.deviation.threshold = 300 (default)
2019-09-25 05:06:15,963 [pool-87-thread-1] INFO  server.RaftServerConfigKeys (ConfUtils.java:logGet(43)) - raft.server.log.appender.install.snapshot.enabled = false (custom)
2019-09-25 05:06:15,963 [pool-87-thread-1] INFO  impl.RaftServerImpl (ServerState.java:<init>(103)) - 56396258-65a3-478c-9482-0be0199dd49c@group-E36E29956034: ConfigurationManager, init=-1: [56396258-65a3-478c-9482-0be0199dd49c:192.168.30.10:41678], old=null, confs=<EMPTY_MAP>
2019-09-25 05:06:15,963 [pool-87-thread-1] INFO  server.RaftServerConfigKeys (ConfUtils.java:logGet(43)) - raft.server.storage.dir = [/workdir/hadoop-ozone/integration-test/target/test-dir/MiniOzoneClusterImpl-23306158-e895-4fc7-80df-ce6c264c388b/datanode-6/data/ratis] (custom)
2019-09-25 05:06:15,964 [pool-87-thread-1] INFO  storage.RaftStorageDirectory (RaftStorageDirectory.java:analyzeStorage(246)) - The storage directory /workdir/hadoop-ozone/integration-test/target/test-dir/MiniOzoneClusterImpl-23306158-e895-4fc7-80df-ce6c264c388b/datanode-6/data/ratis/5e15f5bb-4f89-4c66-8847-e36e29956034 does not exist. Creating ...
2019-09-25 05:06:15,977 [pool-87-thread-1] INFO  storage.RaftStorageDirectory (RaftStorageDirectory.java:tryLock(328)) - Lock on /workdir/hadoop-ozone/integration-test/target/test-dir/MiniOzoneClusterImpl-23306158-e895-4fc7-80df-ce6c264c388b/datanode-6/data/ratis/5e15f5bb-4f89-4c66-8847-e36e29956034/in_use.lock acquired by nodename 25526@pr-hdds-1569-s62bp-3040748787
2019-09-25 05:06:15,991 [de37f7a0-0375-40a9-a318-404478482fcb@group-DA833B40C239-SegmentedRaftLogWorker] INFO  segmented.SegmentedRaftLogWorker (SegmentedRaftLogWorker.java:execute(569)) - de37f7a0-0375-40a9-a318-404478482fcb@group-DA833B40C239-SegmentedRaftLogWorker: created new log segment /workdir/hadoop-ozone/integration-test/target/test-dir/MiniOzoneClusterImpl-23306158-e895-4fc7-80df-ce6c264c388b/datanode-3/data/ratis/0f2c1e4e-fc7b-40ea-bdd2-da833b40c239/current/log_inprogress_0
2019-09-25 05:06:15,991 [pool-87-thread-1] INFO  storage.RaftStorage (RaftStorage.java:format(72)) - Storage directory /workdir/hadoop-ozone/integration-test/target/test-dir/MiniOzoneClusterImpl-23306158-e895-4fc7-80df-ce6c264c388b/datanode-6/data/ratis/5e15f5bb-4f89-4c66-8847-e36e29956034 has been successfully formatted.
2019-09-25 05:06:15,991 [pool-87-thread-1] INFO  ratis.ContainerStateMachine (ContainerStateMachine.java:loadSnapshot(230)) - group-E36E29956034: The snapshot info is null. Setting the last applied indexto:(t:0, i:~)
2019-09-25 05:06:15,991 [pool-87-thread-1] INFO  server.RaftServerConfigKeys (ConfUtils.java:logGet(43)) - raft.server.notification.no-leader.timeout = 120s (custom)
2019-09-25 05:06:15,991 [pool-87-thread-1] INFO  server.RaftServerConfigKeys (ConfUtils.java:logGet(43)) - raft.server.log.use.memory = false (default)
2019-09-25 05:06:15,992 [pool-87-thread-1] INFO  server.RaftServerConfigKeys (ConfUtils.java:logGet(43)) - raft.server.log.purge.gap = 1000000 (custom)
2019-09-25 05:06:15,992 [pool-87-thread-1] INFO  server.RaftServerConfigKeys (ConfUtils.java:logGet(43)) - raft.server.log.appender.buffer.byte-limit = 33554432 (custom)
2019-09-25 05:06:15,992 [pool-87-thread-1] INFO  server.RaftServerConfigKeys (ConfUtils.java:logGet(43)) - raft.server.log.segment.size.max = 1048576 (custom)
2019-09-25 05:06:15,992 [pool-87-thread-1] INFO  server.RaftServerConfigKeys (ConfUtils.java:logGet(43)) - raft.server.log.segment.cache.num.max = 2 (custom)
2019-09-25 05:06:15,992 [pool-87-thread-1] INFO  segmented.SegmentedRaftLogWorker (SegmentedRaftLogWorker.java:<init>(172)) - new 56396258-65a3-478c-9482-0be0199dd49c@group-E36E29956034-SegmentedRaftLogWorker for RaftStorage:Storage Directory /workdir/hadoop-ozone/integration-test/target/test-dir/MiniOzoneClusterImpl-23306158-e895-4fc7-80df-ce6c264c388b/datanode-6/data/ratis/5e15f5bb-4f89-4c66-8847-e36e29956034
2019-09-25 05:06:15,993 [pool-87-thread-1] INFO  server.RaftServerConfigKeys (ConfUtils.java:logGet(43)) - raft.server.log.queue.byte-limit = 2147483647 (custom)
2019-09-25 05:06:15,993 [pool-87-thread-1] INFO  server.RaftServerConfigKeys (ConfUtils.java:logGet(43)) - raft.server.log.queue.element-limit = 1024 (custom)
2019-09-25 05:06:15,993 [pool-87-thread-1] INFO  server.RaftServerConfigKeys (ConfUtils.java:logGet(43)) - raft.server.log.segment.size.max = 1048576 (custom)
2019-09-25 05:06:15,993 [pool-87-thread-1] INFO  server.RaftServerConfigKeys (ConfUtils.java:logGet(43)) - raft.server.log.preallocated.size = 16384 (custom)
2019-09-25 05:06:15,993 [pool-87-thread-1] INFO  server.RaftServerConfigKeys (ConfUtils.java:logGet(43)) - raft.server.log.write.buffer.size = 33554432 (custom)
2019-09-25 05:06:15,993 [pool-87-thread-1] INFO  server.RaftServerConfigKeys (ConfUtils.java:logGet(43)) - raft.server.log.force.sync.num = 128 (default)
2019-09-25 05:06:15,993 [pool-87-thread-1] INFO  server.RaftServerConfigKeys (ConfUtils.java:logGet(43)) - raft.server.log.statemachine.data.sync = true (default)
2019-09-25 05:06:15,994 [pool-87-thread-1] INFO  server.RaftServerConfigKeys (ConfUtils.java:logGet(43)) - raft.server.log.statemachine.data.sync.timeout = 10s (default)
2019-09-25 05:06:15,994 [pool-87-thread-1] INFO  server.RaftServerConfigKeys (ConfUtils.java:logGet(43)) - raft.server.log.statemachine.data.sync.timeout.retry = -1 (default)
2019-09-25 05:06:15,994 [pool-87-thread-1] INFO  server.RaftServerConfigKeys (ConfUtils.java:logGet(43)) - raft.server.log.statemachine.data.caching.enabled = true (custom)
2019-09-25 05:06:15,994 [pool-87-thread-1] INFO  segmented.SegmentedRaftLogWorker (SegmentedRaftLogWorker.java:lambda$new$0(132)) - 56396258-65a3-478c-9482-0be0199dd49c@group-E36E29956034-SegmentedRaftLogWorker: flushIndex: setUnconditionally 0 -> -1
2019-09-25 05:06:15,995 [pool-87-thread-1] INFO  server.RaftServerConfigKeys (ConfUtils.java:logGet(43)) - raft.server.snapshot.auto.trigger.enabled = true (custom)
2019-09-25 05:06:15,995 [pool-87-thread-1] INFO  server.RaftServerConfigKeys (ConfUtils.java:logGet(43)) - raft.server.snapshot.auto.trigger.threshold = 10000 (custom)
2019-09-25 05:06:15,995 [pool-87-thread-1] INFO  server.RaftServerConfigKeys (ConfUtils.java:logGet(43)) - raft.server.snapshot.retention.num.files = 5 (custom)
2019-09-25 05:06:15,995 [pool-87-thread-1] INFO  server.RaftServerConfigKeys (ConfUtils.java:logGet(43)) - raft.server.retrycache.expirytime = 600000ms (custom)
2019-09-25 05:06:15,998 [pool-87-thread-1] INFO  impl.RaftServerImpl (RaftServerImpl.java:start(185)) - 56396258-65a3-478c-9482-0be0199dd49c@group-E36E29956034: start as a follower, conf=-1: [56396258-65a3-478c-9482-0be0199dd49c:192.168.30.10:41678], old=null
2019-09-25 05:06:15,998 [pool-87-thread-1] INFO  impl.RaftServerImpl (RaftServerImpl.java:setRole(174)) - 56396258-65a3-478c-9482-0be0199dd49c@group-E36E29956034: changes role from      null to FOLLOWER at term 0 for startAsFollower
2019-09-25 05:06:15,998 [pool-87-thread-1] INFO  impl.RoleInfo (RoleInfo.java:updateAndGet(143)) - 56396258-65a3-478c-9482-0be0199dd49c: start FollowerState
2019-09-25 05:06:15,998 [pool-87-thread-1] INFO  util.JmxRegister (JmxRegister.java:tryRegister(44)) - Successfully registered JMX Bean with object name Ratis:service=RaftServer,group=group-E36E29956034,id=56396258-65a3-478c-9482-0be0199dd49c
2019-09-25 05:06:16,000 [Thread-403] INFO  impl.FollowerState (FollowerState.java:run(106)) - f77bfc29-6991-4b1d-a503-f706c83de4fc:group-B8B3EB4B22B0 changes to CANDIDATE, lastRpcTime:5029, electionTimeout:5029ms
2019-09-25 05:06:16,000 [Thread-403] INFO  impl.RoleInfo (RoleInfo.java:shutdownFollowerState(121)) - f77bfc29-6991-4b1d-a503-f706c83de4fc: shutdown FollowerState
2019-09-25 05:06:16,001 [Thread-403] INFO  impl.RaftServerImpl (RaftServerImpl.java:setRole(174)) - f77bfc29-6991-4b1d-a503-f706c83de4fc@group-B8B3EB4B22B0: changes role from  FOLLOWER to CANDIDATE at term 0 for changeToCandidate
2019-09-25 05:06:16,001 [Thread-403] INFO  impl.RoleInfo (RoleInfo.java:updateAndGet(143)) - f77bfc29-6991-4b1d-a503-f706c83de4fc: start LeaderElection
2019-09-25 05:06:16,002 [RatisPipelineUtilsThread] INFO  pipeline.PipelineStateManager (PipelineStateManager.java:addPipeline(56)) - Created pipeline Pipeline[ Id: 5e15f5bb-4f89-4c66-8847-e36e29956034, Nodes: 56396258-65a3-478c-9482-0be0199dd49c{ip: 192.168.30.10, host: pr-hdds-1569-s62bp-3040748787, networkLocation: /default-rack, certSerialId: null}, Type:RATIS, Factor:ONE, State:OPEN]
2019-09-25 05:06:16,007 [grpc-default-executor-0] INFO  impl.RaftServerProxy (RaftServerProxy.java:addNew(89)) - c8798e02-7f0c-41f7-82c2-a17323bcf21e: addNew group-82E6436EE4C4:[c8798e02-7f0c-41f7-82c2-a17323bcf21e:192.168.30.10:40603] returns group-82E6436EE4C4:java.util.concurrent.CompletableFuture@4d10f559[Not completed]
2019-09-25 05:06:16,009 [pool-47-thread-1] INFO  impl.RaftServerImpl (RaftServerImpl.java:<init>(95)) - c8798e02-7f0c-41f7-82c2-a17323bcf21e: new RaftServerImpl for group-82E6436EE4C4:[c8798e02-7f0c-41f7-82c2-a17323bcf21e:192.168.30.10:40603] with ContainerStateMachine:uninitialized
2019-09-25 05:06:16,009 [pool-47-thread-1] INFO  server.RaftServerConfigKeys (ConfUtils.java:logGet(43)) - raft.server.rpc.timeout.min = 5s (custom)
2019-09-25 05:06:16,009 [pool-47-thread-1] INFO  server.RaftServerConfigKeys (ConfUtils.java:logGet(43)) - raft.server.rpc.timeout.max = 5200ms (custom)
2019-09-25 05:06:16,009 [pool-47-thread-1] INFO  server.RaftServerConfigKeys (ConfUtils.java:logGet(43)) - raft.server.rpcslowness.timeout = 120s (custom)
2019-09-25 05:06:16,009 [pool-47-thread-1] INFO  server.RaftServerConfigKeys (ConfUtils.java:logGet(43)) - raft.server.sleep.deviation.threshold = 300 (default)
2019-09-25 05:06:16,009 [pool-47-thread-1] INFO  server.RaftServerConfigKeys (ConfUtils.java:logGet(43)) - raft.server.log.appender.install.snapshot.enabled = false (custom)
2019-09-25 05:06:16,009 [pool-47-thread-1] INFO  impl.RaftServerImpl (ServerState.java:<init>(103)) - c8798e02-7f0c-41f7-82c2-a17323bcf21e@group-82E6436EE4C4: ConfigurationManager, init=-1: [c8798e02-7f0c-41f7-82c2-a17323bcf21e:192.168.30.10:40603], old=null, confs=<EMPTY_MAP>
2019-09-25 05:06:16,010 [pool-47-thread-1] INFO  server.RaftServerConfigKeys (ConfUtils.java:logGet(43)) - raft.server.storage.dir = [/workdir/hadoop-ozone/integration-test/target/test-dir/MiniOzoneClusterImpl-23306158-e895-4fc7-80df-ce6c264c388b/datanode-2/data/ratis] (custom)
2019-09-25 05:06:16,010 [pool-47-thread-1] INFO  storage.RaftStorageDirectory (RaftStorageDirectory.java:analyzeStorage(246)) - The storage directory /workdir/hadoop-ozone/integration-test/target/test-dir/MiniOzoneClusterImpl-23306158-e895-4fc7-80df-ce6c264c388b/datanode-2/data/ratis/dcfdd3bd-823e-4274-841f-82e6436ee4c4 does not exist. Creating ...
2019-09-25 05:06:16,015 [pool-47-thread-1] INFO  storage.RaftStorageDirectory (RaftStorageDirectory.java:tryLock(328)) - Lock on /workdir/hadoop-ozone/integration-test/target/test-dir/MiniOzoneClusterImpl-23306158-e895-4fc7-80df-ce6c264c388b/datanode-2/data/ratis/dcfdd3bd-823e-4274-841f-82e6436ee4c4/in_use.lock acquired by nodename 25526@pr-hdds-1569-s62bp-3040748787
2019-09-25 05:06:16,015 [f77bfc29-6991-4b1d-a503-f706c83de4fc@group-B8B3EB4B22B0:LeaderElection52] INFO  impl.LeaderElection (LeaderElection.java:askForVotes(182)) - f77bfc29-6991-4b1d-a503-f706c83de4fc@group-B8B3EB4B22B0:LeaderElection52: begin an election at term 1 for -1: [f77bfc29-6991-4b1d-a503-f706c83de4fc:192.168.30.10:35112], old=null
2019-09-25 05:06:16,016 [f77bfc29-6991-4b1d-a503-f706c83de4fc@group-B8B3EB4B22B0:LeaderElection52] INFO  impl.RoleInfo (RoleInfo.java:shutdownLeaderElection(134)) - f77bfc29-6991-4b1d-a503-f706c83de4fc: shutdown LeaderElection
2019-09-25 05:06:16,016 [f77bfc29-6991-4b1d-a503-f706c83de4fc@group-B8B3EB4B22B0:LeaderElection52] INFO  impl.RaftServerImpl (RaftServerImpl.java:setRole(174)) - f77bfc29-6991-4b1d-a503-f706c83de4fc@group-B8B3EB4B22B0: changes role from CANDIDATE to LEADER at term 1 for changeToLeader
2019-09-25 05:06:16,016 [f77bfc29-6991-4b1d-a503-f706c83de4fc@group-B8B3EB4B22B0:LeaderElection52] INFO  impl.RaftServerImpl (ServerState.java:setLeader(253)) - f77bfc29-6991-4b1d-a503-f706c83de4fc@group-B8B3EB4B22B0: change Leader from null to f77bfc29-6991-4b1d-a503-f706c83de4fc at term 1 for becomeLeader, leader elected after 5049ms
2019-09-25 05:06:16,016 [f77bfc29-6991-4b1d-a503-f706c83de4fc@group-B8B3EB4B22B0:LeaderElection52] INFO  server.RaftServerConfigKeys (ConfUtils.java:logGet(43)) - raft.server.staging.catchup.gap = 1000 (default)
2019-09-25 05:06:16,016 [f77bfc29-6991-4b1d-a503-f706c83de4fc@group-B8B3EB4B22B0:LeaderElection52] INFO  server.RaftServerConfigKeys (ConfUtils.java:logGet(43)) - raft.server.rpc.sleep.time = 25ms (default)
2019-09-25 05:06:16,016 [f77bfc29-6991-4b1d-a503-f706c83de4fc@group-B8B3EB4B22B0:LeaderElection52] INFO  server.RaftServerConfigKeys (ConfUtils.java:logGet(43)) - raft.server.write.element-limit = 4096 (default)
2019-09-25 05:06:16,017 [f77bfc29-6991-4b1d-a503-f706c83de4fc@group-B8B3EB4B22B0:LeaderElection52] INFO  server.RaftServerConfigKeys (ConfUtils.java:logGet(43)) - raft.server.watch.timeout = 10s (default)
2019-09-25 05:06:16,017 [f77bfc29-6991-4b1d-a503-f706c83de4fc@group-B8B3EB4B22B0:LeaderElection52] INFO  server.RaftServerConfigKeys (ConfUtils.java:logGet(43)) - raft.server.watch.timeout.denomination = 1s (default)
2019-09-25 05:06:16,017 [f77bfc29-6991-4b1d-a503-f706c83de4fc@group-B8B3EB4B22B0:LeaderElection52] INFO  server.RaftServerConfigKeys (ConfUtils.java:logGet(43)) - raft.server.watch.element-limit = 65536 (default)
2019-09-25 05:06:16,021 [f77bfc29-6991-4b1d-a503-f706c83de4fc@group-B8B3EB4B22B0:LeaderElection52] INFO  impl.RoleInfo (RoleInfo.java:updateAndGet(143)) - f77bfc29-6991-4b1d-a503-f706c83de4fc: start LeaderState
2019-09-25 05:06:16,022 [f77bfc29-6991-4b1d-a503-f706c83de4fc@group-B8B3EB4B22B0:LeaderElection52] INFO  segmented.SegmentedRaftLogWorker (SegmentedRaftLogWorker.java:startLogSegment(380)) - f77bfc29-6991-4b1d-a503-f706c83de4fc@group-B8B3EB4B22B0-SegmentedRaftLogWorker: Starting segment from index:0
2019-09-25 05:06:16,022 [f77bfc29-6991-4b1d-a503-f706c83de4fc@group-B8B3EB4B22B0:LeaderElection52] INFO  impl.RaftServerImpl (ServerState.java:setRaftConf(354)) - f77bfc29-6991-4b1d-a503-f706c83de4fc@group-B8B3EB4B22B0: set configuration 0: [f77bfc29-6991-4b1d-a503-f706c83de4fc:192.168.30.10:35112], old=null at 0
2019-09-25 05:06:16,024 [Thread-400] INFO  impl.FollowerState (FollowerState.java:run(106)) - de37f7a0-0375-40a9-a318-404478482fcb:group-D6F3D5D8A6CE changes to CANDIDATE, lastRpcTime:5076, electionTimeout:5076ms
2019-09-25 05:06:16,025 [Thread-400] INFO  impl.RoleInfo (RoleInfo.java:shutdownFollowerState(121)) - de37f7a0-0375-40a9-a318-404478482fcb: shutdown FollowerState
2019-09-25 05:06:16,025 [Thread-400] INFO  impl.RaftServerImpl (RaftServerImpl.java:setRole(174)) - de37f7a0-0375-40a9-a318-404478482fcb@group-D6F3D5D8A6CE: changes role from  FOLLOWER to CANDIDATE at term 0 for changeToCandidate
2019-09-25 05:06:16,025 [Thread-400] INFO  impl.RoleInfo (RoleInfo.java:updateAndGet(143)) - de37f7a0-0375-40a9-a318-404478482fcb: start LeaderElection
2019-09-25 05:06:16,030 [pool-47-thread-1] INFO  storage.RaftStorage (RaftStorage.java:format(72)) - Storage directory /workdir/hadoop-ozone/integration-test/target/test-dir/MiniOzoneClusterImpl-23306158-e895-4fc7-80df-ce6c264c388b/datanode-2/data/ratis/dcfdd3bd-823e-4274-841f-82e6436ee4c4 has been successfully formatted.
2019-09-25 05:06:16,030 [de37f7a0-0375-40a9-a318-404478482fcb@group-D6F3D5D8A6CE:LeaderElection53] INFO  impl.LeaderElection (LeaderElection.java:askForVotes(182)) - de37f7a0-0375-40a9-a318-404478482fcb@group-D6F3D5D8A6CE:LeaderElection53: begin an election at term 1 for -1: [de37f7a0-0375-40a9-a318-404478482fcb:192.168.30.10:44522], old=null
2019-09-25 05:06:16,030 [de37f7a0-0375-40a9-a318-404478482fcb@group-D6F3D5D8A6CE:LeaderElection53] INFO  impl.RoleInfo (RoleInfo.java:shutdownLeaderElection(134)) - de37f7a0-0375-40a9-a318-404478482fcb: shutdown LeaderElection
2019-09-25 05:06:16,030 [pool-47-thread-1] INFO  ratis.ContainerStateMachine (ContainerStateMachine.java:loadSnapshot(230)) - group-82E6436EE4C4: The snapshot info is null. Setting the last applied indexto:(t:0, i:~)
2019-09-25 05:06:16,030 [de37f7a0-0375-40a9-a318-404478482fcb@group-D6F3D5D8A6CE:LeaderElection53] INFO  impl.RaftServerImpl (RaftServerImpl.java:setRole(174)) - de37f7a0-0375-40a9-a318-404478482fcb@group-D6F3D5D8A6CE: changes role from CANDIDATE to LEADER at term 1 for changeToLeader
2019-09-25 05:06:16,030 [pool-47-thread-1] INFO  server.RaftServerConfigKeys (ConfUtils.java:logGet(43)) - raft.server.notification.no-leader.timeout = 120s (custom)
2019-09-25 05:06:16,030 [de37f7a0-0375-40a9-a318-404478482fcb@group-D6F3D5D8A6CE:LeaderElection53] INFO  impl.RaftServerImpl (ServerState.java:setLeader(253)) - de37f7a0-0375-40a9-a318-404478482fcb@group-D6F3D5D8A6CE: change Leader from null to de37f7a0-0375-40a9-a318-404478482fcb at term 1 for becomeLeader, leader elected after 5087ms
2019-09-25 05:06:16,030 [pool-47-thread-1] INFO  server.RaftServerConfigKeys (ConfUtils.java:logGet(43)) - raft.server.log.use.memory = false (default)
2019-09-25 05:06:16,030 [de37f7a0-0375-40a9-a318-404478482fcb@group-D6F3D5D8A6CE:LeaderElection53] INFO  server.RaftServerConfigKeys (ConfUtils.java:logGet(43)) - raft.server.staging.catchup.gap = 1000 (default)
2019-09-25 05:06:16,030 [pool-47-thread-1] INFO  server.RaftServerConfigKeys (ConfUtils.java:logGet(43)) - raft.server.log.purge.gap = 1000000 (custom)
2019-09-25 05:06:16,031 [de37f7a0-0375-40a9-a318-404478482fcb@group-D6F3D5D8A6CE:LeaderElection53] INFO  server.RaftServerConfigKeys (ConfUtils.java:logGet(43)) - raft.server.rpc.sleep.time = 25ms (default)
2019-09-25 05:06:16,031 [pool-47-thread-1] INFO  server.RaftServerConfigKeys (ConfUtils.java:logGet(43)) - raft.server.log.appender.buffer.byte-limit = 33554432 (custom)
2019-09-25 05:06:16,031 [de37f7a0-0375-40a9-a318-404478482fcb@group-D6F3D5D8A6CE:LeaderElection53] INFO  server.RaftServerConfigKeys (ConfUtils.java:logGet(43)) - raft.server.write.element-limit = 4096 (default)
2019-09-25 05:06:16,031 [pool-47-thread-1] INFO  server.RaftServerConfigKeys (ConfUtils.java:logGet(43)) - raft.server.log.segment.size.max = 1048576 (custom)
2019-09-25 05:06:16,031 [de37f7a0-0375-40a9-a318-404478482fcb@group-D6F3D5D8A6CE:LeaderElection53] INFO  server.RaftServerConfigKeys (ConfUtils.java:logGet(43)) - raft.server.watch.timeout = 10s (default)
2019-09-25 05:06:16,031 [pool-47-thread-1] INFO  server.RaftServerConfigKeys (ConfUtils.java:logGet(43)) - raft.server.log.segment.cache.num.max = 2 (custom)
2019-09-25 05:06:16,031 [de37f7a0-0375-40a9-a318-404478482fcb@group-D6F3D5D8A6CE:LeaderElection53] INFO  server.RaftServerConfigKeys (ConfUtils.java:logGet(43)) - raft.server.watch.timeout.denomination = 1s (default)
2019-09-25 05:06:16,031 [pool-47-thread-1] INFO  segmented.SegmentedRaftLogWorker (SegmentedRaftLogWorker.java:<init>(172)) - new c8798e02-7f0c-41f7-82c2-a17323bcf21e@group-82E6436EE4C4-SegmentedRaftLogWorker for RaftStorage:Storage Directory /workdir/hadoop-ozone/integration-test/target/test-dir/MiniOzoneClusterImpl-23306158-e895-4fc7-80df-ce6c264c388b/datanode-2/data/ratis/dcfdd3bd-823e-4274-841f-82e6436ee4c4
2019-09-25 05:06:16,031 [de37f7a0-0375-40a9-a318-404478482fcb@group-D6F3D5D8A6CE:LeaderElection53] INFO  server.RaftServerConfigKeys (ConfUtils.java:logGet(43)) - raft.server.watch.element-limit = 65536 (default)
2019-09-25 05:06:16,032 [pool-47-thread-1] INFO  server.RaftServerConfigKeys (ConfUtils.java:logGet(43)) - raft.server.log.queue.byte-limit = 2147483647 (custom)
2019-09-25 05:06:16,032 [pool-47-thread-1] INFO  server.RaftServerConfigKeys (ConfUtils.java:logGet(43)) - raft.server.log.queue.element-limit = 1024 (custom)
2019-09-25 05:06:16,032 [pool-47-thread-1] INFO  server.RaftServerConfigKeys (ConfUtils.java:logGet(43)) - raft.server.log.segment.size.max = 1048576 (custom)
2019-09-25 05:06:16,032 [pool-47-thread-1] INFO  server.RaftServerConfigKeys (ConfUtils.java:logGet(43)) - raft.server.log.preallocated.size = 16384 (custom)
2019-09-25 05:06:16,032 [pool-47-thread-1] INFO  server.RaftServerConfigKeys (ConfUtils.java:logGet(43)) - raft.server.log.write.buffer.size = 33554432 (custom)
2019-09-25 05:06:16,032 [pool-47-thread-1] INFO  server.RaftServerConfigKeys (ConfUtils.java:logGet(43)) - raft.server.log.force.sync.num = 128 (default)
2019-09-25 05:06:16,032 [pool-47-thread-1] INFO  server.RaftServerConfigKeys (ConfUtils.java:logGet(43)) - raft.server.log.statemachine.data.sync = true (default)
2019-09-25 05:06:16,032 [pool-47-thread-1] INFO  server.RaftServerConfigKeys (ConfUtils.java:logGet(43)) - raft.server.log.statemachine.data.sync.timeout = 10s (default)
2019-09-25 05:06:16,033 [pool-47-thread-1] INFO  server.RaftServerConfigKeys (ConfUtils.java:logGet(43)) - raft.server.log.statemachine.data.sync.timeout.retry = -1 (default)
2019-09-25 05:06:16,033 [pool-47-thread-1] INFO  server.RaftServerConfigKeys (ConfUtils.java:logGet(43)) - raft.server.log.statemachine.data.caching.enabled = true (custom)
2019-09-25 05:06:16,033 [pool-47-thread-1] INFO  segmented.SegmentedRaftLogWorker (SegmentedRaftLogWorker.java:lambda$new$0(132)) - c8798e02-7f0c-41f7-82c2-a17323bcf21e@group-82E6436EE4C4-SegmentedRaftLogWorker: flushIndex: setUnconditionally 0 -> -1
2019-09-25 05:06:16,033 [de37f7a0-0375-40a9-a318-404478482fcb@group-D6F3D5D8A6CE:LeaderElection53] INFO  impl.RoleInfo (RoleInfo.java:updateAndGet(143)) - de37f7a0-0375-40a9-a318-404478482fcb: start LeaderState
2019-09-25 05:06:16,033 [pool-47-thread-1] INFO  server.RaftServerConfigKeys (ConfUtils.java:logGet(43)) - raft.server.snapshot.auto.trigger.enabled = true (custom)
2019-09-25 05:06:16,033 [de37f7a0-0375-40a9-a318-404478482fcb@group-D6F3D5D8A6CE:LeaderElection53] INFO  segmented.SegmentedRaftLogWorker (SegmentedRaftLogWorker.java:startLogSegment(380)) - de37f7a0-0375-40a9-a318-404478482fcb@group-D6F3D5D8A6CE-SegmentedRaftLogWorker: Starting segment from index:0
2019-09-25 05:06:16,033 [pool-47-thread-1] INFO  server.RaftServerConfigKeys (ConfUtils.java:logGet(43)) - raft.server.snapshot.auto.trigger.threshold = 10000 (custom)
2019-09-25 05:06:16,034 [pool-47-thread-1] INFO  server.RaftServerConfigKeys (ConfUtils.java:logGet(43)) - raft.server.snapshot.retention.num.files = 5 (custom)
2019-09-25 05:06:16,034 [de37f7a0-0375-40a9-a318-404478482fcb@group-D6F3D5D8A6CE:LeaderElection53] INFO  impl.RaftServerImpl (ServerState.java:setRaftConf(354)) - de37f7a0-0375-40a9-a318-404478482fcb@group-D6F3D5D8A6CE: set configuration 0: [de37f7a0-0375-40a9-a318-404478482fcb:192.168.30.10:44522], old=null at 0
2019-09-25 05:06:16,034 [pool-47-thread-1] INFO  server.RaftServerConfigKeys (ConfUtils.java:logGet(43)) - raft.server.retrycache.expirytime = 600000ms (custom)
2019-09-25 05:06:16,036 [pool-47-thread-1] INFO  impl.RaftServerImpl (RaftServerImpl.java:start(185)) - c8798e02-7f0c-41f7-82c2-a17323bcf21e@group-82E6436EE4C4: start as a follower, conf=-1: [c8798e02-7f0c-41f7-82c2-a17323bcf21e:192.168.30.10:40603], old=null
2019-09-25 05:06:16,036 [pool-47-thread-1] INFO  impl.RaftServerImpl (RaftServerImpl.java:setRole(174)) - c8798e02-7f0c-41f7-82c2-a17323bcf21e@group-82E6436EE4C4: changes role from      null to FOLLOWER at term 0 for startAsFollower
2019-09-25 05:06:16,036 [pool-47-thread-1] INFO  impl.RoleInfo (RoleInfo.java:updateAndGet(143)) - c8798e02-7f0c-41f7-82c2-a17323bcf21e: start FollowerState
2019-09-25 05:06:16,036 [pool-47-thread-1] INFO  util.JmxRegister (JmxRegister.java:tryRegister(44)) - Successfully registered JMX Bean with object name Ratis:service=RaftServer,group=group-82E6436EE4C4,id=c8798e02-7f0c-41f7-82c2-a17323bcf21e
2019-09-25 05:06:16,039 [RatisPipelineUtilsThread] INFO  pipeline.PipelineStateManager (PipelineStateManager.java:addPipeline(56)) - Created pipeline Pipeline[ Id: dcfdd3bd-823e-4274-841f-82e6436ee4c4, Nodes: c8798e02-7f0c-41f7-82c2-a17323bcf21e{ip: 192.168.30.10, host: pr-hdds-1569-s62bp-3040748787, networkLocation: /default-rack, certSerialId: null}, Type:RATIS, Factor:ONE, State:OPEN]
2019-09-25 05:06:16,045 [grpc-default-executor-0] INFO  impl.RaftServerProxy (RaftServerProxy.java:addNew(89)) - b4fa7d23-6606-45fd-9544-2b08ca3fa933: addNew group-A43BB86F38DC:[b4fa7d23-6606-45fd-9544-2b08ca3fa933:192.168.30.10:34493] returns group-A43BB86F38DC:java.util.concurrent.CompletableFuture@2f1d6bf9[Not completed]
2019-09-25 05:06:16,046 [pool-77-thread-1] INFO  impl.RaftServerImpl (RaftServerImpl.java:<init>(95)) - b4fa7d23-6606-45fd-9544-2b08ca3fa933: new RaftServerImpl for group-A43BB86F38DC:[b4fa7d23-6606-45fd-9544-2b08ca3fa933:192.168.30.10:34493] with ContainerStateMachine:uninitialized
2019-09-25 05:06:16,046 [pool-77-thread-1] INFO  server.RaftServerConfigKeys (ConfUtils.java:logGet(43)) - raft.server.rpc.timeout.min = 5s (custom)
2019-09-25 05:06:16,046 [pool-77-thread-1] INFO  server.RaftServerConfigKeys (ConfUtils.java:logGet(43)) - raft.server.rpc.timeout.max = 5200ms (custom)
2019-09-25 05:06:16,046 [pool-77-thread-1] INFO  server.RaftServerConfigKeys (ConfUtils.java:logGet(43)) - raft.server.rpcslowness.timeout = 120s (custom)
2019-09-25 05:06:16,046 [pool-77-thread-1] INFO  server.RaftServerConfigKeys (ConfUtils.java:logGet(43)) - raft.server.sleep.deviation.threshold = 300 (default)
2019-09-25 05:06:16,046 [pool-77-thread-1] INFO  server.RaftServerConfigKeys (ConfUtils.java:logGet(43)) - raft.server.log.appender.install.snapshot.enabled = false (custom)
2019-09-25 05:06:16,047 [pool-77-thread-1] INFO  impl.RaftServerImpl (ServerState.java:<init>(103)) - b4fa7d23-6606-45fd-9544-2b08ca3fa933@group-A43BB86F38DC: ConfigurationManager, init=-1: [b4fa7d23-6606-45fd-9544-2b08ca3fa933:192.168.30.10:34493], old=null, confs=<EMPTY_MAP>
2019-09-25 05:06:16,047 [pool-77-thread-1] INFO  server.RaftServerConfigKeys (ConfUtils.java:logGet(43)) - raft.server.storage.dir = [/workdir/hadoop-ozone/integration-test/target/test-dir/MiniOzoneClusterImpl-23306158-e895-4fc7-80df-ce6c264c388b/datanode-5/data/ratis] (custom)
2019-09-25 05:06:16,047 [pool-77-thread-1] INFO  storage.RaftStorageDirectory (RaftStorageDirectory.java:analyzeStorage(246)) - The storage directory /workdir/hadoop-ozone/integration-test/target/test-dir/MiniOzoneClusterImpl-23306158-e895-4fc7-80df-ce6c264c388b/datanode-5/data/ratis/b011ba1a-6c93-4076-acbd-a43bb86f38dc does not exist. Creating ...
2019-09-25 05:06:16,061 [pool-77-thread-1] INFO  storage.RaftStorageDirectory (RaftStorageDirectory.java:tryLock(328)) - Lock on /workdir/hadoop-ozone/integration-test/target/test-dir/MiniOzoneClusterImpl-23306158-e895-4fc7-80df-ce6c264c388b/datanode-5/data/ratis/b011ba1a-6c93-4076-acbd-a43bb86f38dc/in_use.lock acquired by nodename 25526@pr-hdds-1569-s62bp-3040748787
2019-09-25 05:06:16,061 [f77bfc29-6991-4b1d-a503-f706c83de4fc@group-B8B3EB4B22B0-SegmentedRaftLogWorker] INFO  segmented.SegmentedRaftLogWorker (SegmentedRaftLogWorker.java:execute(569)) - f77bfc29-6991-4b1d-a503-f706c83de4fc@group-B8B3EB4B22B0-SegmentedRaftLogWorker: created new log segment /workdir/hadoop-ozone/integration-test/target/test-dir/MiniOzoneClusterImpl-23306158-e895-4fc7-80df-ce6c264c388b/datanode-0/data/ratis/aef6021b-786e-4871-a132-b8b3eb4b22b0/current/log_inprogress_0
2019-09-25 05:06:16,075 [de37f7a0-0375-40a9-a318-404478482fcb@group-D6F3D5D8A6CE-SegmentedRaftLogWorker] INFO  segmented.SegmentedRaftLogWorker (SegmentedRaftLogWorker.java:execute(569)) - de37f7a0-0375-40a9-a318-404478482fcb@group-D6F3D5D8A6CE-SegmentedRaftLogWorker: created new log segment /workdir/hadoop-ozone/integration-test/target/test-dir/MiniOzoneClusterImpl-23306158-e895-4fc7-80df-ce6c264c388b/datanode-3/data/ratis/ab871825-8d63-4e40-9d90-d6f3d5d8a6ce/current/log_inprogress_0
2019-09-25 05:06:16,075 [pool-77-thread-1] INFO  storage.RaftStorage (RaftStorage.java:format(72)) - Storage directory /workdir/hadoop-ozone/integration-test/target/test-dir/MiniOzoneClusterImpl-23306158-e895-4fc7-80df-ce6c264c388b/datanode-5/data/ratis/b011ba1a-6c93-4076-acbd-a43bb86f38dc has been successfully formatted.
2019-09-25 05:06:16,075 [pool-77-thread-1] INFO  ratis.ContainerStateMachine (ContainerStateMachine.java:loadSnapshot(230)) - group-A43BB86F38DC: The snapshot info is null. Setting the last applied indexto:(t:0, i:~)
2019-09-25 05:06:16,076 [pool-77-thread-1] INFO  server.RaftServerConfigKeys (ConfUtils.java:logGet(43)) - raft.server.notification.no-leader.timeout = 120s (custom)
2019-09-25 05:06:16,076 [pool-77-thread-1] INFO  server.RaftServerConfigKeys (ConfUtils.java:logGet(43)) - raft.server.log.use.memory = false (default)
2019-09-25 05:06:16,076 [pool-77-thread-1] INFO  server.RaftServerConfigKeys (ConfUtils.java:logGet(43)) - raft.server.log.purge.gap = 1000000 (custom)
2019-09-25 05:06:16,076 [pool-77-thread-1] INFO  server.RaftServerConfigKeys (ConfUtils.java:logGet(43)) - raft.server.log.appender.buffer.byte-limit = 33554432 (custom)
2019-09-25 05:06:16,076 [pool-77-thread-1] INFO  server.RaftServerConfigKeys (ConfUtils.java:logGet(43)) - raft.server.log.segment.size.max = 1048576 (custom)
2019-09-25 05:06:16,076 [pool-77-thread-1] INFO  server.RaftServerConfigKeys (ConfUtils.java:logGet(43)) - raft.server.log.segment.cache.num.max = 2 (custom)
2019-09-25 05:06:16,076 [pool-77-thread-1] INFO  segmented.SegmentedRaftLogWorker (SegmentedRaftLogWorker.java:<init>(172)) - new b4fa7d23-6606-45fd-9544-2b08ca3fa933@group-A43BB86F38DC-SegmentedRaftLogWorker for RaftStorage:Storage Directory /workdir/hadoop-ozone/integration-test/target/test-dir/MiniOzoneClusterImpl-23306158-e895-4fc7-80df-ce6c264c388b/datanode-5/data/ratis/b011ba1a-6c93-4076-acbd-a43bb86f38dc
2019-09-25 05:06:16,076 [pool-77-thread-1] INFO  server.RaftServerConfigKeys (ConfUtils.java:logGet(43)) - raft.server.log.queue.byte-limit = 2147483647 (custom)
2019-09-25 05:06:16,076 [pool-77-thread-1] INFO  server.RaftServerConfigKeys (ConfUtils.java:logGet(43)) - raft.server.log.queue.element-limit = 1024 (custom)
2019-09-25 05:06:16,077 [pool-77-thread-1] INFO  server.RaftServerConfigKeys (ConfUtils.java:logGet(43)) - raft.server.log.segment.size.max = 1048576 (custom)
2019-09-25 05:06:16,077 [pool-77-thread-1] INFO  server.RaftServerConfigKeys (ConfUtils.java:logGet(43)) - raft.server.log.preallocated.size = 16384 (custom)
2019-09-25 05:06:16,077 [pool-77-thread-1] INFO  server.RaftServerConfigKeys (ConfUtils.java:logGet(43)) - raft.server.log.write.buffer.size = 33554432 (custom)
2019-09-25 05:06:16,077 [pool-77-thread-1] INFO  server.RaftServerConfigKeys (ConfUtils.java:logGet(43)) - raft.server.log.force.sync.num = 128 (default)
2019-09-25 05:06:16,077 [pool-77-thread-1] INFO  server.RaftServerConfigKeys (ConfUtils.java:logGet(43)) - raft.server.log.statemachine.data.sync = true (default)
2019-09-25 05:06:16,077 [pool-77-thread-1] INFO  server.RaftServerConfigKeys (ConfUtils.java:logGet(43)) - raft.server.log.statemachine.data.sync.timeout = 10s (default)
2019-09-25 05:06:16,077 [pool-77-thread-1] INFO  server.RaftServerConfigKeys (ConfUtils.java:logGet(43)) - raft.server.log.statemachine.data.sync.timeout.retry = -1 (default)
2019-09-25 05:06:16,077 [pool-77-thread-1] INFO  server.RaftServerConfigKeys (ConfUtils.java:logGet(43)) - raft.server.log.statemachine.data.caching.enabled = true (custom)
2019-09-25 05:06:16,077 [pool-77-thread-1] INFO  segmented.SegmentedRaftLogWorker (SegmentedRaftLogWorker.java:lambda$new$0(132)) - b4fa7d23-6606-45fd-9544-2b08ca3fa933@group-A43BB86F38DC-SegmentedRaftLogWorker: flushIndex: setUnconditionally 0 -> -1
2019-09-25 05:06:16,078 [pool-77-thread-1] INFO  server.RaftServerConfigKeys (ConfUtils.java:logGet(43)) - raft.server.snapshot.auto.trigger.enabled = true (custom)
2019-09-25 05:06:16,078 [pool-77-thread-1] INFO  server.RaftServerConfigKeys (ConfUtils.java:logGet(43)) - raft.server.snapshot.auto.trigger.threshold = 10000 (custom)
2019-09-25 05:06:16,078 [pool-77-thread-1] INFO  server.RaftServerConfigKeys (ConfUtils.java:logGet(43)) - raft.server.snapshot.retention.num.files = 5 (custom)
2019-09-25 05:06:16,078 [pool-77-thread-1] INFO  server.RaftServerConfigKeys (ConfUtils.java:logGet(43)) - raft.server.retrycache.expirytime = 600000ms (custom)
2019-09-25 05:06:16,080 [pool-77-thread-1] INFO  impl.RaftServerImpl (RaftServerImpl.java:start(185)) - b4fa7d23-6606-45fd-9544-2b08ca3fa933@group-A43BB86F38DC: start as a follower, conf=-1: [b4fa7d23-6606-45fd-9544-2b08ca3fa933:192.168.30.10:34493], old=null
2019-09-25 05:06:16,080 [pool-77-thread-1] INFO  impl.RaftServerImpl (RaftServerImpl.java:setRole(174)) - b4fa7d23-6606-45fd-9544-2b08ca3fa933@group-A43BB86F38DC: changes role from      null to FOLLOWER at term 0 for startAsFollower
2019-09-25 05:06:16,080 [pool-77-thread-1] INFO  impl.RoleInfo (RoleInfo.java:updateAndGet(143)) - b4fa7d23-6606-45fd-9544-2b08ca3fa933: start FollowerState
2019-09-25 05:06:16,080 [pool-77-thread-1] INFO  util.JmxRegister (JmxRegister.java:tryRegister(44)) - Successfully registered JMX Bean with object name Ratis:service=RaftServer,group=group-A43BB86F38DC,id=b4fa7d23-6606-45fd-9544-2b08ca3fa933
2019-09-25 05:06:16,083 [RatisPipelineUtilsThread] INFO  pipeline.PipelineStateManager (PipelineStateManager.java:addPipeline(56)) - Created pipeline Pipeline[ Id: b011ba1a-6c93-4076-acbd-a43bb86f38dc, Nodes: b4fa7d23-6606-45fd-9544-2b08ca3fa933{ip: 192.168.30.10, host: pr-hdds-1569-s62bp-3040748787, networkLocation: /default-rack, certSerialId: null}, Type:RATIS, Factor:ONE, State:OPEN]
2019-09-25 05:06:16,084 [Thread-397] INFO  impl.FollowerState (FollowerState.java:run(106)) - 36ac27b3-2f11-437d-8f1f-165306b0ff4a:group-9746B58965F9 changes to CANDIDATE, lastRpcTime:5179, electionTimeout:5179ms
2019-09-25 05:06:16,084 [Thread-397] INFO  impl.RoleInfo (RoleInfo.java:shutdownFollowerState(121)) - 36ac27b3-2f11-437d-8f1f-165306b0ff4a: shutdown FollowerState
2019-09-25 05:06:16,084 [Thread-397] INFO  impl.RaftServerImpl (RaftServerImpl.java:setRole(174)) - 36ac27b3-2f11-437d-8f1f-165306b0ff4a@group-9746B58965F9: changes role from  FOLLOWER to CANDIDATE at term 0 for changeToCandidate
2019-09-25 05:06:16,084 [Thread-397] INFO  impl.RoleInfo (RoleInfo.java:updateAndGet(143)) - 36ac27b3-2f11-437d-8f1f-165306b0ff4a: start LeaderElection
2019-09-25 05:06:16,089 [grpc-default-executor-0] INFO  impl.RaftServerProxy (RaftServerProxy.java:addNew(89)) - f77bfc29-6991-4b1d-a503-f706c83de4fc: addNew group-40FD7941FFE1:[f77bfc29-6991-4b1d-a503-f706c83de4fc:192.168.30.10:35112] returns group-40FD7941FFE1:java.util.concurrent.CompletableFuture@43cc8d4a[Not completed]
2019-09-25 05:06:16,090 [pool-27-thread-1] INFO  impl.RaftServerImpl (RaftServerImpl.java:<init>(95)) - f77bfc29-6991-4b1d-a503-f706c83de4fc: new RaftServerImpl for group-40FD7941FFE1:[f77bfc29-6991-4b1d-a503-f706c83de4fc:192.168.30.10:35112] with ContainerStateMachine:uninitialized
2019-09-25 05:06:16,090 [pool-27-thread-1] INFO  server.RaftServerConfigKeys (ConfUtils.java:logGet(43)) - raft.server.rpc.timeout.min = 5s (custom)
2019-09-25 05:06:16,091 [pool-27-thread-1] INFO  server.RaftServerConfigKeys (ConfUtils.java:logGet(43)) - raft.server.rpc.timeout.max = 5200ms (custom)
2019-09-25 05:06:16,091 [pool-27-thread-1] INFO  server.RaftServerConfigKeys (ConfUtils.java:logGet(43)) - raft.server.rpcslowness.timeout = 120s (custom)
2019-09-25 05:06:16,091 [pool-27-thread-1] INFO  server.RaftServerConfigKeys (ConfUtils.java:logGet(43)) - raft.server.sleep.deviation.threshold = 300 (default)
2019-09-25 05:06:16,091 [pool-27-thread-1] INFO  server.RaftServerConfigKeys (ConfUtils.java:logGet(43)) - raft.server.log.appender.install.snapshot.enabled = false (custom)
2019-09-25 05:06:16,091 [pool-27-thread-1] INFO  impl.RaftServerImpl (ServerState.java:<init>(103)) - f77bfc29-6991-4b1d-a503-f706c83de4fc@group-40FD7941FFE1: ConfigurationManager, init=-1: [f77bfc29-6991-4b1d-a503-f706c83de4fc:192.168.30.10:35112], old=null, confs=<EMPTY_MAP>
2019-09-25 05:06:16,091 [pool-27-thread-1] INFO  server.RaftServerConfigKeys (ConfUtils.java:logGet(43)) - raft.server.storage.dir = [/workdir/hadoop-ozone/integration-test/target/test-dir/MiniOzoneClusterImpl-23306158-e895-4fc7-80df-ce6c264c388b/datanode-0/data/ratis] (custom)
2019-09-25 05:06:16,092 [pool-27-thread-1] INFO  storage.RaftStorageDirectory (RaftStorageDirectory.java:analyzeStorage(246)) - The storage directory /workdir/hadoop-ozone/integration-test/target/test-dir/MiniOzoneClusterImpl-23306158-e895-4fc7-80df-ce6c264c388b/datanode-0/data/ratis/c1ac29e4-1602-46c6-95fb-40fd7941ffe1 does not exist. Creating ...
2019-09-25 05:06:16,118 [pool-27-thread-1] INFO  storage.RaftStorageDirectory (RaftStorageDirectory.java:tryLock(328)) - Lock on /workdir/hadoop-ozone/integration-test/target/test-dir/MiniOzoneClusterImpl-23306158-e895-4fc7-80df-ce6c264c388b/datanode-0/data/ratis/c1ac29e4-1602-46c6-95fb-40fd7941ffe1/in_use.lock acquired by nodename 25526@pr-hdds-1569-s62bp-3040748787
2019-09-25 05:06:16,119 [36ac27b3-2f11-437d-8f1f-165306b0ff4a@group-9746B58965F9:LeaderElection54] INFO  impl.LeaderElection (LeaderElection.java:askForVotes(182)) - 36ac27b3-2f11-437d-8f1f-165306b0ff4a@group-9746B58965F9:LeaderElection54: begin an election at term 1 for -1: [36ac27b3-2f11-437d-8f1f-165306b0ff4a:192.168.30.10:45265], old=null
2019-09-25 05:06:16,119 [36ac27b3-2f11-437d-8f1f-165306b0ff4a@group-9746B58965F9:LeaderElection54] INFO  impl.RoleInfo (RoleInfo.java:shutdownLeaderElection(134)) - 36ac27b3-2f11-437d-8f1f-165306b0ff4a: shutdown LeaderElection
2019-09-25 05:06:16,119 [36ac27b3-2f11-437d-8f1f-165306b0ff4a@group-9746B58965F9:LeaderElection54] INFO  impl.RaftServerImpl (RaftServerImpl.java:setRole(174)) - 36ac27b3-2f11-437d-8f1f-165306b0ff4a@group-9746B58965F9: changes role from CANDIDATE to LEADER at term 1 for changeToLeader
2019-09-25 05:06:16,119 [36ac27b3-2f11-437d-8f1f-165306b0ff4a@group-9746B58965F9:LeaderElection54] INFO  impl.RaftServerImpl (ServerState.java:setLeader(253)) - 36ac27b3-2f11-437d-8f1f-165306b0ff4a@group-9746B58965F9: change Leader from null to 36ac27b3-2f11-437d-8f1f-165306b0ff4a at term 1 for becomeLeader, leader elected after 5219ms
2019-09-25 05:06:16,119 [36ac27b3-2f11-437d-8f1f-165306b0ff4a@group-9746B58965F9:LeaderElection54] INFO  server.RaftServerConfigKeys (ConfUtils.java:logGet(43)) - raft.server.staging.catchup.gap = 1000 (default)
2019-09-25 05:06:16,120 [36ac27b3-2f11-437d-8f1f-165306b0ff4a@group-9746B58965F9:LeaderElection54] INFO  server.RaftServerConfigKeys (ConfUtils.java:logGet(43)) - raft.server.rpc.sleep.time = 25ms (default)
2019-09-25 05:06:16,120 [36ac27b3-2f11-437d-8f1f-165306b0ff4a@group-9746B58965F9:LeaderElection54] INFO  server.RaftServerConfigKeys (ConfUtils.java:logGet(43)) - raft.server.write.element-limit = 4096 (default)
2019-09-25 05:06:16,120 [36ac27b3-2f11-437d-8f1f-165306b0ff4a@group-9746B58965F9:LeaderElection54] INFO  server.RaftServerConfigKeys (ConfUtils.java:logGet(43)) - raft.server.watch.timeout = 10s (default)
2019-09-25 05:06:16,120 [36ac27b3-2f11-437d-8f1f-165306b0ff4a@group-9746B58965F9:LeaderElection54] INFO  server.RaftServerConfigKeys (ConfUtils.java:logGet(43)) - raft.server.watch.timeout.denomination = 1s (default)
2019-09-25 05:06:16,120 [36ac27b3-2f11-437d-8f1f-165306b0ff4a@group-9746B58965F9:LeaderElection54] INFO  server.RaftServerConfigKeys (ConfUtils.java:logGet(43)) - raft.server.watch.element-limit = 65536 (default)
2019-09-25 05:06:16,122 [36ac27b3-2f11-437d-8f1f-165306b0ff4a@group-9746B58965F9:LeaderElection54] INFO  impl.RoleInfo (RoleInfo.java:updateAndGet(143)) - 36ac27b3-2f11-437d-8f1f-165306b0ff4a: start LeaderState
2019-09-25 05:06:16,123 [36ac27b3-2f11-437d-8f1f-165306b0ff4a@group-9746B58965F9:LeaderElection54] INFO  segmented.SegmentedRaftLogWorker (SegmentedRaftLogWorker.java:startLogSegment(380)) - 36ac27b3-2f11-437d-8f1f-165306b0ff4a@group-9746B58965F9-SegmentedRaftLogWorker: Starting segment from index:0
2019-09-25 05:06:16,123 [36ac27b3-2f11-437d-8f1f-165306b0ff4a@group-9746B58965F9:LeaderElection54] INFO  impl.RaftServerImpl (ServerState.java:setRaftConf(354)) - 36ac27b3-2f11-437d-8f1f-165306b0ff4a@group-9746B58965F9: set configuration 0: [36ac27b3-2f11-437d-8f1f-165306b0ff4a:192.168.30.10:45265], old=null at 0
2019-09-25 05:06:16,132 [pool-27-thread-1] INFO  storage.RaftStorage (RaftStorage.java:format(72)) - Storage directory /workdir/hadoop-ozone/integration-test/target/test-dir/MiniOzoneClusterImpl-23306158-e895-4fc7-80df-ce6c264c388b/datanode-0/data/ratis/c1ac29e4-1602-46c6-95fb-40fd7941ffe1 has been successfully formatted.
2019-09-25 05:06:16,132 [pool-27-thread-1] INFO  ratis.ContainerStateMachine (ContainerStateMachine.java:loadSnapshot(230)) - group-40FD7941FFE1: The snapshot info is null. Setting the last applied indexto:(t:0, i:~)
2019-09-25 05:06:16,132 [pool-27-thread-1] INFO  server.RaftServerConfigKeys (ConfUtils.java:logGet(43)) - raft.server.notification.no-leader.timeout = 120s (custom)
2019-09-25 05:06:16,132 [pool-27-thread-1] INFO  server.RaftServerConfigKeys (ConfUtils.java:logGet(43)) - raft.server.log.use.memory = false (default)
2019-09-25 05:06:16,132 [pool-27-thread-1] INFO  server.RaftServerConfigKeys (ConfUtils.java:logGet(43)) - raft.server.log.purge.gap = 1000000 (custom)
2019-09-25 05:06:16,132 [pool-27-thread-1] INFO  server.RaftServerConfigKeys (ConfUtils.java:logGet(43)) - raft.server.log.appender.buffer.byte-limit = 33554432 (custom)
2019-09-25 05:06:16,132 [pool-27-thread-1] INFO  server.RaftServerConfigKeys (ConfUtils.java:logGet(43)) - raft.server.log.segment.size.max = 1048576 (custom)
2019-09-25 05:06:16,132 [pool-27-thread-1] INFO  server.RaftServerConfigKeys (ConfUtils.java:logGet(43)) - raft.server.log.segment.cache.num.max = 2 (custom)
2019-09-25 05:06:16,132 [pool-27-thread-1] INFO  segmented.SegmentedRaftLogWorker (SegmentedRaftLogWorker.java:<init>(172)) - new f77bfc29-6991-4b1d-a503-f706c83de4fc@group-40FD7941FFE1-SegmentedRaftLogWorker for RaftStorage:Storage Directory /workdir/hadoop-ozone/integration-test/target/test-dir/MiniOzoneClusterImpl-23306158-e895-4fc7-80df-ce6c264c388b/datanode-0/data/ratis/c1ac29e4-1602-46c6-95fb-40fd7941ffe1
2019-09-25 05:06:16,133 [pool-27-thread-1] INFO  server.RaftServerConfigKeys (ConfUtils.java:logGet(43)) - raft.server.log.queue.byte-limit = 2147483647 (custom)
2019-09-25 05:06:16,133 [pool-27-thread-1] INFO  server.RaftServerConfigKeys (ConfUtils.java:logGet(43)) - raft.server.log.queue.element-limit = 1024 (custom)
2019-09-25 05:06:16,133 [pool-27-thread-1] INFO  server.RaftServerConfigKeys (ConfUtils.java:logGet(43)) - raft.server.log.segment.size.max = 1048576 (custom)
2019-09-25 05:06:16,133 [pool-27-thread-1] INFO  server.RaftServerConfigKeys (ConfUtils.java:logGet(43)) - raft.server.log.preallocated.size = 16384 (custom)
2019-09-25 05:06:16,133 [pool-27-thread-1] INFO  server.RaftServerConfigKeys (ConfUtils.java:logGet(43)) - raft.server.log.write.buffer.size = 33554432 (custom)
2019-09-25 05:06:16,133 [pool-27-thread-1] INFO  server.RaftServerConfigKeys (ConfUtils.java:logGet(43)) - raft.server.log.force.sync.num = 128 (default)
2019-09-25 05:06:16,133 [pool-27-thread-1] INFO  server.RaftServerConfigKeys (ConfUtils.java:logGet(43)) - raft.server.log.statemachine.data.sync = true (default)
2019-09-25 05:06:16,133 [pool-27-thread-1] INFO  server.RaftServerConfigKeys (ConfUtils.java:logGet(43)) - raft.server.log.statemachine.data.sync.timeout = 10s (default)
2019-09-25 05:06:16,133 [pool-27-thread-1] INFO  server.RaftServerConfigKeys (ConfUtils.java:logGet(43)) - raft.server.log.statemachine.data.sync.timeout.retry = -1 (default)
2019-09-25 05:06:16,133 [pool-27-thread-1] INFO  server.RaftServerConfigKeys (ConfUtils.java:logGet(43)) - raft.server.log.statemachine.data.caching.enabled = true (custom)
2019-09-25 05:06:16,134 [pool-27-thread-1] INFO  segmented.SegmentedRaftLogWorker (SegmentedRaftLogWorker.java:lambda$new$0(132)) - f77bfc29-6991-4b1d-a503-f706c83de4fc@group-40FD7941FFE1-SegmentedRaftLogWorker: flushIndex: setUnconditionally 0 -> -1
2019-09-25 05:06:16,134 [pool-27-thread-1] INFO  server.RaftServerConfigKeys (ConfUtils.java:logGet(43)) - raft.server.snapshot.auto.trigger.enabled = true (custom)
2019-09-25 05:06:16,134 [pool-27-thread-1] INFO  server.RaftServerConfigKeys (ConfUtils.java:logGet(43)) - raft.server.snapshot.auto.trigger.threshold = 10000 (custom)
2019-09-25 05:06:16,134 [pool-27-thread-1] INFO  server.RaftServerConfigKeys (ConfUtils.java:logGet(43)) - raft.server.snapshot.retention.num.files = 5 (custom)
2019-09-25 05:06:16,134 [pool-27-thread-1] INFO  server.RaftServerConfigKeys (ConfUtils.java:logGet(43)) - raft.server.retrycache.expirytime = 600000ms (custom)
2019-09-25 05:06:16,135 [pool-27-thread-1] INFO  impl.RaftServerImpl (RaftServerImpl.java:start(185)) - f77bfc29-6991-4b1d-a503-f706c83de4fc@group-40FD7941FFE1: start as a follower, conf=-1: [f77bfc29-6991-4b1d-a503-f706c83de4fc:192.168.30.10:35112], old=null
2019-09-25 05:06:16,136 [pool-27-thread-1] INFO  impl.RaftServerImpl (RaftServerImpl.java:setRole(174)) - f77bfc29-6991-4b1d-a503-f706c83de4fc@group-40FD7941FFE1: changes role from      null to FOLLOWER at term 0 for startAsFollower
2019-09-25 05:06:16,136 [pool-27-thread-1] INFO  impl.RoleInfo (RoleInfo.java:updateAndGet(143)) - f77bfc29-6991-4b1d-a503-f706c83de4fc: start FollowerState
2019-09-25 05:06:16,136 [pool-27-thread-1] INFO  util.JmxRegister (JmxRegister.java:tryRegister(44)) - Successfully registered JMX Bean with object name Ratis:service=RaftServer,group=group-40FD7941FFE1,id=f77bfc29-6991-4b1d-a503-f706c83de4fc
2019-09-25 05:06:16,139 [RatisPipelineUtilsThread] INFO  pipeline.PipelineStateManager (PipelineStateManager.java:addPipeline(56)) - Created pipeline Pipeline[ Id: c1ac29e4-1602-46c6-95fb-40fd7941ffe1, Nodes: f77bfc29-6991-4b1d-a503-f706c83de4fc{ip: 192.168.30.10, host: pr-hdds-1569-s62bp-3040748787, networkLocation: /default-rack, certSerialId: null}, Type:RATIS, Factor:ONE, State:OPEN]
2019-09-25 05:06:16,143 [Thread-409] INFO  impl.FollowerState (FollowerState.java:run(106)) - c8798e02-7f0c-41f7-82c2-a17323bcf21e:group-9DDFBFE6AEF6 changes to CANDIDATE, lastRpcTime:5124, electionTimeout:5124ms
2019-09-25 05:06:16,143 [Thread-409] INFO  impl.RoleInfo (RoleInfo.java:shutdownFollowerState(121)) - c8798e02-7f0c-41f7-82c2-a17323bcf21e: shutdown FollowerState
2019-09-25 05:06:16,143 [Thread-409] INFO  impl.RaftServerImpl (RaftServerImpl.java:setRole(174)) - c8798e02-7f0c-41f7-82c2-a17323bcf21e@group-9DDFBFE6AEF6: changes role from  FOLLOWER to CANDIDATE at term 0 for changeToCandidate
2019-09-25 05:06:16,143 [Thread-409] INFO  impl.RoleInfo (RoleInfo.java:updateAndGet(143)) - c8798e02-7f0c-41f7-82c2-a17323bcf21e: start LeaderElection
2019-09-25 05:06:16,148 [grpc-default-executor-0] INFO  impl.RaftServerProxy (RaftServerProxy.java:addNew(89)) - b4fa7d23-6606-45fd-9544-2b08ca3fa933: addNew group-184F6EE9DFE2:[b4fa7d23-6606-45fd-9544-2b08ca3fa933:192.168.30.10:34493] returns group-184F6EE9DFE2:java.util.concurrent.CompletableFuture@83f14e0[Not completed]
2019-09-25 05:06:16,149 [c8798e02-7f0c-41f7-82c2-a17323bcf21e@group-9DDFBFE6AEF6:LeaderElection55] INFO  impl.LeaderElection (LeaderElection.java:askForVotes(182)) - c8798e02-7f0c-41f7-82c2-a17323bcf21e@group-9DDFBFE6AEF6:LeaderElection55: begin an election at term 1 for -1: [c8798e02-7f0c-41f7-82c2-a17323bcf21e:192.168.30.10:40603], old=null
2019-09-25 05:06:16,149 [c8798e02-7f0c-41f7-82c2-a17323bcf21e@group-9DDFBFE6AEF6:LeaderElection55] INFO  impl.RoleInfo (RoleInfo.java:shutdownLeaderElection(134)) - c8798e02-7f0c-41f7-82c2-a17323bcf21e: shutdown LeaderElection
2019-09-25 05:06:16,149 [c8798e02-7f0c-41f7-82c2-a17323bcf21e@group-9DDFBFE6AEF6:LeaderElection55] INFO  impl.RaftServerImpl (RaftServerImpl.java:setRole(174)) - c8798e02-7f0c-41f7-82c2-a17323bcf21e@group-9DDFBFE6AEF6: changes role from CANDIDATE to LEADER at term 1 for changeToLeader
2019-09-25 05:06:16,149 [pool-77-thread-1] INFO  impl.RaftServerImpl (RaftServerImpl.java:<init>(95)) - b4fa7d23-6606-45fd-9544-2b08ca3fa933: new RaftServerImpl for group-184F6EE9DFE2:[b4fa7d23-6606-45fd-9544-2b08ca3fa933:192.168.30.10:34493] with ContainerStateMachine:uninitialized
2019-09-25 05:06:16,150 [c8798e02-7f0c-41f7-82c2-a17323bcf21e@group-9DDFBFE6AEF6:LeaderElection55] INFO  impl.RaftServerImpl (ServerState.java:setLeader(253)) - c8798e02-7f0c-41f7-82c2-a17323bcf21e@group-9DDFBFE6AEF6: change Leader from null to c8798e02-7f0c-41f7-82c2-a17323bcf21e at term 1 for becomeLeader, leader elected after 5135ms
2019-09-25 05:06:16,150 [pool-77-thread-1] INFO  server.RaftServerConfigKeys (ConfUtils.java:logGet(43)) - raft.server.rpc.timeout.min = 5s (custom)
2019-09-25 05:06:16,150 [c8798e02-7f0c-41f7-82c2-a17323bcf21e@group-9DDFBFE6AEF6:LeaderElection55] INFO  server.RaftServerConfigKeys (ConfUtils.java:logGet(43)) - raft.server.staging.catchup.gap = 1000 (default)
2019-09-25 05:06:16,150 [pool-77-thread-1] INFO  server.RaftServerConfigKeys (ConfUtils.java:logGet(43)) - raft.server.rpc.timeout.max = 5200ms (custom)
2019-09-25 05:06:16,150 [c8798e02-7f0c-41f7-82c2-a17323bcf21e@group-9DDFBFE6AEF6:LeaderElection55] INFO  server.RaftServerConfigKeys (ConfUtils.java:logGet(43)) - raft.server.rpc.sleep.time = 25ms (default)
2019-09-25 05:06:16,150 [pool-77-thread-1] INFO  server.RaftServerConfigKeys (ConfUtils.java:logGet(43)) - raft.server.rpcslowness.timeout = 120s (custom)
2019-09-25 05:06:16,150 [c8798e02-7f0c-41f7-82c2-a17323bcf21e@group-9DDFBFE6AEF6:LeaderElection55] INFO  server.RaftServerConfigKeys (ConfUtils.java:logGet(43)) - raft.server.write.element-limit = 4096 (default)
2019-09-25 05:06:16,150 [pool-77-thread-1] INFO  server.RaftServerConfigKeys (ConfUtils.java:logGet(43)) - raft.server.sleep.deviation.threshold = 300 (default)
2019-09-25 05:06:16,150 [c8798e02-7f0c-41f7-82c2-a17323bcf21e@group-9DDFBFE6AEF6:LeaderElection55] INFO  server.RaftServerConfigKeys (ConfUtils.java:logGet(43)) - raft.server.watch.timeout = 10s (default)
2019-09-25 05:06:16,150 [pool-77-thread-1] INFO  server.RaftServerConfigKeys (ConfUtils.java:logGet(43)) - raft.server.log.appender.install.snapshot.enabled = false (custom)
2019-09-25 05:06:16,150 [c8798e02-7f0c-41f7-82c2-a17323bcf21e@group-9DDFBFE6AEF6:LeaderElection55] INFO  server.RaftServerConfigKeys (ConfUtils.java:logGet(43)) - raft.server.watch.timeout.denomination = 1s (default)
2019-09-25 05:06:16,151 [pool-77-thread-1] INFO  impl.RaftServerImpl (ServerState.java:<init>(103)) - b4fa7d23-6606-45fd-9544-2b08ca3fa933@group-184F6EE9DFE2: ConfigurationManager, init=-1: [b4fa7d23-6606-45fd-9544-2b08ca3fa933:192.168.30.10:34493], old=null, confs=<EMPTY_MAP>
2019-09-25 05:06:16,151 [c8798e02-7f0c-41f7-82c2-a17323bcf21e@group-9DDFBFE6AEF6:LeaderElection55] INFO  server.RaftServerConfigKeys (ConfUtils.java:logGet(43)) - raft.server.watch.element-limit = 65536 (default)
2019-09-25 05:06:16,151 [pool-77-thread-1] INFO  server.RaftServerConfigKeys (ConfUtils.java:logGet(43)) - raft.server.storage.dir = [/workdir/hadoop-ozone/integration-test/target/test-dir/MiniOzoneClusterImpl-23306158-e895-4fc7-80df-ce6c264c388b/datanode-5/data/ratis] (custom)
2019-09-25 05:06:16,151 [pool-77-thread-1] INFO  storage.RaftStorageDirectory (RaftStorageDirectory.java:analyzeStorage(246)) - The storage directory /workdir/hadoop-ozone/integration-test/target/test-dir/MiniOzoneClusterImpl-23306158-e895-4fc7-80df-ce6c264c388b/datanode-5/data/ratis/07265c90-ee23-45f9-ab1c-184f6ee9dfe2 does not exist. Creating ...
2019-09-25 05:06:16,152 [c8798e02-7f0c-41f7-82c2-a17323bcf21e@group-9DDFBFE6AEF6:LeaderElection55] INFO  impl.RoleInfo (RoleInfo.java:updateAndGet(143)) - c8798e02-7f0c-41f7-82c2-a17323bcf21e: start LeaderState
2019-09-25 05:06:16,152 [c8798e02-7f0c-41f7-82c2-a17323bcf21e@group-9DDFBFE6AEF6:LeaderElection55] INFO  segmented.SegmentedRaftLogWorker (SegmentedRaftLogWorker.java:startLogSegment(380)) - c8798e02-7f0c-41f7-82c2-a17323bcf21e@group-9DDFBFE6AEF6-SegmentedRaftLogWorker: Starting segment from index:0
2019-09-25 05:06:16,153 [c8798e02-7f0c-41f7-82c2-a17323bcf21e@group-9DDFBFE6AEF6:LeaderElection55] INFO  impl.RaftServerImpl (ServerState.java:setRaftConf(354)) - c8798e02-7f0c-41f7-82c2-a17323bcf21e@group-9DDFBFE6AEF6: set configuration 0: [c8798e02-7f0c-41f7-82c2-a17323bcf21e:192.168.30.10:40603], old=null at 0
2019-09-25 05:06:16,157 [Thread-406] INFO  impl.FollowerState (FollowerState.java:run(106)) - 36ac27b3-2f11-437d-8f1f-165306b0ff4a:group-8DD546A9EBD0 changes to CANDIDATE, lastRpcTime:5161, electionTimeout:5161ms
2019-09-25 05:06:16,157 [Thread-406] INFO  impl.RoleInfo (RoleInfo.java:shutdownFollowerState(121)) - 36ac27b3-2f11-437d-8f1f-165306b0ff4a: shutdown FollowerState
2019-09-25 05:06:16,157 [Thread-406] INFO  impl.RaftServerImpl (RaftServerImpl.java:setRole(174)) - 36ac27b3-2f11-437d-8f1f-165306b0ff4a@group-8DD546A9EBD0: changes role from  FOLLOWER to CANDIDATE at term 0 for changeToCandidate
2019-09-25 05:06:16,157 [Thread-406] INFO  impl.RoleInfo (RoleInfo.java:updateAndGet(143)) - 36ac27b3-2f11-437d-8f1f-165306b0ff4a: start LeaderElection
2019-09-25 05:06:16,166 [pool-77-thread-1] INFO  storage.RaftStorageDirectory (RaftStorageDirectory.java:tryLock(328)) - Lock on /workdir/hadoop-ozone/integration-test/target/test-dir/MiniOzoneClusterImpl-23306158-e895-4fc7-80df-ce6c264c388b/datanode-5/data/ratis/07265c90-ee23-45f9-ab1c-184f6ee9dfe2/in_use.lock acquired by nodename 25526@pr-hdds-1569-s62bp-3040748787
2019-09-25 05:06:16,166 [36ac27b3-2f11-437d-8f1f-165306b0ff4a@group-9746B58965F9-SegmentedRaftLogWorker] INFO  segmented.SegmentedRaftLogWorker (SegmentedRaftLogWorker.java:execute(569)) - 36ac27b3-2f11-437d-8f1f-165306b0ff4a@group-9746B58965F9-SegmentedRaftLogWorker: created new log segment /workdir/hadoop-ozone/integration-test/target/test-dir/MiniOzoneClusterImpl-23306158-e895-4fc7-80df-ce6c264c388b/datanode-1/data/ratis/4dd754c6-efd6-479e-9521-9746b58965f9/current/log_inprogress_0
2019-09-25 05:06:16,166 [36ac27b3-2f11-437d-8f1f-165306b0ff4a@group-8DD546A9EBD0:LeaderElection56] INFO  impl.LeaderElection (LeaderElection.java:askForVotes(182)) - 36ac27b3-2f11-437d-8f1f-165306b0ff4a@group-8DD546A9EBD0:LeaderElection56: begin an election at term 1 for -1: [36ac27b3-2f11-437d-8f1f-165306b0ff4a:192.168.30.10:45265], old=null
2019-09-25 05:06:16,166 [36ac27b3-2f11-437d-8f1f-165306b0ff4a@group-8DD546A9EBD0:LeaderElection56] INFO  impl.RoleInfo (RoleInfo.java:shutdownLeaderElection(134)) - 36ac27b3-2f11-437d-8f1f-165306b0ff4a: shutdown LeaderElection
2019-09-25 05:06:16,166 [36ac27b3-2f11-437d-8f1f-165306b0ff4a@group-8DD546A9EBD0:LeaderElection56] INFO  impl.RaftServerImpl (RaftServerImpl.java:setRole(174)) - 36ac27b3-2f11-437d-8f1f-165306b0ff4a@group-8DD546A9EBD0: changes role from CANDIDATE to LEADER at term 1 for changeToLeader
2019-09-25 05:06:16,166 [36ac27b3-2f11-437d-8f1f-165306b0ff4a@group-8DD546A9EBD0:LeaderElection56] INFO  impl.RaftServerImpl (ServerState.java:setLeader(253)) - 36ac27b3-2f11-437d-8f1f-165306b0ff4a@group-8DD546A9EBD0: change Leader from null to 36ac27b3-2f11-437d-8f1f-165306b0ff4a at term 1 for becomeLeader, leader elected after 5177ms
2019-09-25 05:06:16,166 [36ac27b3-2f11-437d-8f1f-165306b0ff4a@group-8DD546A9EBD0:LeaderElection56] INFO  server.RaftServerConfigKeys (ConfUtils.java:logGet(43)) - raft.server.staging.catchup.gap = 1000 (default)
2019-09-25 05:06:16,166 [36ac27b3-2f11-437d-8f1f-165306b0ff4a@group-8DD546A9EBD0:LeaderElection56] INFO  server.RaftServerConfigKeys (ConfUtils.java:logGet(43)) - raft.server.rpc.sleep.time = 25ms (default)
2019-09-25 05:06:16,167 [36ac27b3-2f11-437d-8f1f-165306b0ff4a@group-8DD546A9EBD0:LeaderElection56] INFO  server.RaftServerConfigKeys (ConfUtils.java:logGet(43)) - raft.server.write.element-limit = 4096 (default)
2019-09-25 05:06:16,167 [36ac27b3-2f11-437d-8f1f-165306b0ff4a@group-8DD546A9EBD0:LeaderElection56] INFO  server.RaftServerConfigKeys (ConfUtils.java:logGet(43)) - raft.server.watch.timeout = 10s (default)
2019-09-25 05:06:16,167 [36ac27b3-2f11-437d-8f1f-165306b0ff4a@group-8DD546A9EBD0:LeaderElection56] INFO  server.RaftServerConfigKeys (ConfUtils.java:logGet(43)) - raft.server.watch.timeout.denomination = 1s (default)
2019-09-25 05:06:16,167 [36ac27b3-2f11-437d-8f1f-165306b0ff4a@group-8DD546A9EBD0:LeaderElection56] INFO  server.RaftServerConfigKeys (ConfUtils.java:logGet(43)) - raft.server.watch.element-limit = 65536 (default)
2019-09-25 05:06:16,169 [36ac27b3-2f11-437d-8f1f-165306b0ff4a@group-8DD546A9EBD0:LeaderElection56] INFO  impl.RoleInfo (RoleInfo.java:updateAndGet(143)) - 36ac27b3-2f11-437d-8f1f-165306b0ff4a: start LeaderState
2019-09-25 05:06:16,169 [36ac27b3-2f11-437d-8f1f-165306b0ff4a@group-8DD546A9EBD0:LeaderElection56] INFO  segmented.SegmentedRaftLogWorker (SegmentedRaftLogWorker.java:startLogSegment(380)) - 36ac27b3-2f11-437d-8f1f-165306b0ff4a@group-8DD546A9EBD0-SegmentedRaftLogWorker: Starting segment from index:0
2019-09-25 05:06:16,170 [36ac27b3-2f11-437d-8f1f-165306b0ff4a@group-8DD546A9EBD0:LeaderElection56] INFO  impl.RaftServerImpl (ServerState.java:setRaftConf(354)) - 36ac27b3-2f11-437d-8f1f-165306b0ff4a@group-8DD546A9EBD0: set configuration 0: [36ac27b3-2f11-437d-8f1f-165306b0ff4a:192.168.30.10:45265], old=null at 0
2019-09-25 05:06:16,180 [pool-77-thread-1] INFO  storage.RaftStorage (RaftStorage.java:format(72)) - Storage directory /workdir/hadoop-ozone/integration-test/target/test-dir/MiniOzoneClusterImpl-23306158-e895-4fc7-80df-ce6c264c388b/datanode-5/data/ratis/07265c90-ee23-45f9-ab1c-184f6ee9dfe2 has been successfully formatted.
2019-09-25 05:06:16,180 [pool-77-thread-1] INFO  ratis.ContainerStateMachine (ContainerStateMachine.java:loadSnapshot(230)) - group-184F6EE9DFE2: The snapshot info is null. Setting the last applied indexto:(t:0, i:~)
2019-09-25 05:06:16,180 [pool-77-thread-1] INFO  server.RaftServerConfigKeys (ConfUtils.java:logGet(43)) - raft.server.notification.no-leader.timeout = 120s (custom)
2019-09-25 05:06:16,180 [pool-77-thread-1] INFO  server.RaftServerConfigKeys (ConfUtils.java:logGet(43)) - raft.server.log.use.memory = false (default)
2019-09-25 05:06:16,181 [pool-77-thread-1] INFO  server.RaftServerConfigKeys (ConfUtils.java:logGet(43)) - raft.server.log.purge.gap = 1000000 (custom)
2019-09-25 05:06:16,181 [pool-77-thread-1] INFO  server.RaftServerConfigKeys (ConfUtils.java:logGet(43)) - raft.server.log.appender.buffer.byte-limit = 33554432 (custom)
2019-09-25 05:06:16,181 [pool-77-thread-1] INFO  server.RaftServerConfigKeys (ConfUtils.java:logGet(43)) - raft.server.log.segment.size.max = 1048576 (custom)
2019-09-25 05:06:16,181 [pool-77-thread-1] INFO  server.RaftServerConfigKeys (ConfUtils.java:logGet(43)) - raft.server.log.segment.cache.num.max = 2 (custom)
2019-09-25 05:06:16,181 [pool-77-thread-1] INFO  segmented.SegmentedRaftLogWorker (SegmentedRaftLogWorker.java:<init>(172)) - new b4fa7d23-6606-45fd-9544-2b08ca3fa933@group-184F6EE9DFE2-SegmentedRaftLogWorker for RaftStorage:Storage Directory /workdir/hadoop-ozone/integration-test/target/test-dir/MiniOzoneClusterImpl-23306158-e895-4fc7-80df-ce6c264c388b/datanode-5/data/ratis/07265c90-ee23-45f9-ab1c-184f6ee9dfe2
2019-09-25 05:06:16,181 [pool-77-thread-1] INFO  server.RaftServerConfigKeys (ConfUtils.java:logGet(43)) - raft.server.log.queue.byte-limit = 2147483647 (custom)
2019-09-25 05:06:16,182 [pool-77-thread-1] INFO  server.RaftServerConfigKeys (ConfUtils.java:logGet(43)) - raft.server.log.queue.element-limit = 1024 (custom)
2019-09-25 05:06:16,182 [pool-77-thread-1] INFO  server.RaftServerConfigKeys (ConfUtils.java:logGet(43)) - raft.server.log.segment.size.max = 1048576 (custom)
2019-09-25 05:06:16,182 [pool-77-thread-1] INFO  server.RaftServerConfigKeys (ConfUtils.java:logGet(43)) - raft.server.log.preallocated.size = 16384 (custom)
2019-09-25 05:06:16,182 [pool-77-thread-1] INFO  server.RaftServerConfigKeys (ConfUtils.java:logGet(43)) - raft.server.log.write.buffer.size = 33554432 (custom)
2019-09-25 05:06:16,182 [pool-77-thread-1] INFO  server.RaftServerConfigKeys (ConfUtils.java:logGet(43)) - raft.server.log.force.sync.num = 128 (default)
2019-09-25 05:06:16,182 [pool-77-thread-1] INFO  server.RaftServerConfigKeys (ConfUtils.java:logGet(43)) - raft.server.log.statemachine.data.sync = true (default)
2019-09-25 05:06:16,183 [pool-77-thread-1] INFO  server.RaftServerConfigKeys (ConfUtils.java:logGet(43)) - raft.server.log.statemachine.data.sync.timeout = 10s (default)
2019-09-25 05:06:16,183 [pool-77-thread-1] INFO  server.RaftServerConfigKeys (ConfUtils.java:logGet(43)) - raft.server.log.statemachine.data.sync.timeout.retry = -1 (default)
2019-09-25 05:06:16,183 [pool-77-thread-1] INFO  server.RaftServerConfigKeys (ConfUtils.java:logGet(43)) - raft.server.log.statemachine.data.caching.enabled = true (custom)
2019-09-25 05:06:16,183 [pool-77-thread-1] INFO  segmented.SegmentedRaftLogWorker (SegmentedRaftLogWorker.java:lambda$new$0(132)) - b4fa7d23-6606-45fd-9544-2b08ca3fa933@group-184F6EE9DFE2-SegmentedRaftLogWorker: flushIndex: setUnconditionally 0 -> -1
2019-09-25 05:06:16,184 [pool-77-thread-1] INFO  server.RaftServerConfigKeys (ConfUtils.java:logGet(43)) - raft.server.snapshot.auto.trigger.enabled = true (custom)
2019-09-25 05:06:16,184 [pool-77-thread-1] INFO  server.RaftServerConfigKeys (ConfUtils.java:logGet(43)) - raft.server.snapshot.auto.trigger.threshold = 10000 (custom)
2019-09-25 05:06:16,184 [pool-77-thread-1] INFO  server.RaftServerConfigKeys (ConfUtils.java:logGet(43)) - raft.server.snapshot.retention.num.files = 5 (custom)
2019-09-25 05:06:16,184 [pool-77-thread-1] INFO  server.RaftServerConfigKeys (ConfUtils.java:logGet(43)) - raft.server.retrycache.expirytime = 600000ms (custom)
2019-09-25 05:06:16,187 [pool-77-thread-1] INFO  impl.RaftServerImpl (RaftServerImpl.java:start(185)) - b4fa7d23-6606-45fd-9544-2b08ca3fa933@group-184F6EE9DFE2: start as a follower, conf=-1: [b4fa7d23-6606-45fd-9544-2b08ca3fa933:192.168.30.10:34493], old=null
2019-09-25 05:06:16,187 [pool-77-thread-1] INFO  impl.RaftServerImpl (RaftServerImpl.java:setRole(174)) - b4fa7d23-6606-45fd-9544-2b08ca3fa933@group-184F6EE9DFE2: changes role from      null to FOLLOWER at term 0 for startAsFollower
2019-09-25 05:06:16,187 [pool-77-thread-1] INFO  impl.RoleInfo (RoleInfo.java:updateAndGet(143)) - b4fa7d23-6606-45fd-9544-2b08ca3fa933: start FollowerState
2019-09-25 05:06:16,187 [pool-77-thread-1] INFO  util.JmxRegister (JmxRegister.java:tryRegister(44)) - Successfully registered JMX Bean with object name Ratis:service=RaftServer,group=group-184F6EE9DFE2,id=b4fa7d23-6606-45fd-9544-2b08ca3fa933
2019-09-25 05:06:16,190 [RatisPipelineUtilsThread] INFO  pipeline.PipelineStateManager (PipelineStateManager.java:addPipeline(56)) - Created pipeline Pipeline[ Id: 07265c90-ee23-45f9-ab1c-184f6ee9dfe2, Nodes: b4fa7d23-6606-45fd-9544-2b08ca3fa933{ip: 192.168.30.10, host: pr-hdds-1569-s62bp-3040748787, networkLocation: /default-rack, certSerialId: null}, Type:RATIS, Factor:ONE, State:OPEN]
2019-09-25 05:06:16,194 [c8798e02-7f0c-41f7-82c2-a17323bcf21e@group-9DDFBFE6AEF6-SegmentedRaftLogWorker] INFO  segmented.SegmentedRaftLogWorker (SegmentedRaftLogWorker.java:execute(569)) - c8798e02-7f0c-41f7-82c2-a17323bcf21e@group-9DDFBFE6AEF6-SegmentedRaftLogWorker: created new log segment /workdir/hadoop-ozone/integration-test/target/test-dir/MiniOzoneClusterImpl-23306158-e895-4fc7-80df-ce6c264c388b/datanode-2/data/ratis/3e10d832-d85c-41bd-9f63-9ddfbfe6aef6/current/log_inprogress_0
2019-09-25 05:06:16,194 [grpc-default-executor-0] INFO  impl.RaftServerProxy (RaftServerProxy.java:addNew(89)) - de37f7a0-0375-40a9-a318-404478482fcb: addNew group-B581BAE74188:[de37f7a0-0375-40a9-a318-404478482fcb:192.168.30.10:44522] returns group-B581BAE74188:java.util.concurrent.CompletableFuture@4633550c[Not completed]
2019-09-25 05:06:16,195 [pool-57-thread-1] INFO  impl.RaftServerImpl (RaftServerImpl.java:<init>(95)) - de37f7a0-0375-40a9-a318-404478482fcb: new RaftServerImpl for group-B581BAE74188:[de37f7a0-0375-40a9-a318-404478482fcb:192.168.30.10:44522] with ContainerStateMachine:uninitialized
2019-09-25 05:06:16,195 [pool-57-thread-1] INFO  server.RaftServerConfigKeys (ConfUtils.java:logGet(43)) - raft.server.rpc.timeout.min = 5s (custom)
2019-09-25 05:06:16,196 [pool-57-thread-1] INFO  server.RaftServerConfigKeys (ConfUtils.java:logGet(43)) - raft.server.rpc.timeout.max = 5200ms (custom)
2019-09-25 05:06:16,196 [pool-57-thread-1] INFO  server.RaftServerConfigKeys (ConfUtils.java:logGet(43)) - raft.server.rpcslowness.timeout = 120s (custom)
2019-09-25 05:06:16,196 [pool-57-thread-1] INFO  server.RaftServerConfigKeys (ConfUtils.java:logGet(43)) - raft.server.sleep.deviation.threshold = 300 (default)
2019-09-25 05:06:16,196 [pool-57-thread-1] INFO  server.RaftServerConfigKeys (ConfUtils.java:logGet(43)) - raft.server.log.appender.install.snapshot.enabled = false (custom)
2019-09-25 05:06:16,196 [pool-57-thread-1] INFO  impl.RaftServerImpl (ServerState.java:<init>(103)) - de37f7a0-0375-40a9-a318-404478482fcb@group-B581BAE74188: ConfigurationManager, init=-1: [de37f7a0-0375-40a9-a318-404478482fcb:192.168.30.10:44522], old=null, confs=<EMPTY_MAP>
2019-09-25 05:06:16,196 [pool-57-thread-1] INFO  server.RaftServerConfigKeys (ConfUtils.java:logGet(43)) - raft.server.storage.dir = [/workdir/hadoop-ozone/integration-test/target/test-dir/MiniOzoneClusterImpl-23306158-e895-4fc7-80df-ce6c264c388b/datanode-3/data/ratis] (custom)
2019-09-25 05:06:16,196 [pool-57-thread-1] INFO  storage.RaftStorageDirectory (RaftStorageDirectory.java:analyzeStorage(246)) - The storage directory /workdir/hadoop-ozone/integration-test/target/test-dir/MiniOzoneClusterImpl-23306158-e895-4fc7-80df-ce6c264c388b/datanode-3/data/ratis/90e84f7d-8cf7-449d-8efb-b581bae74188 does not exist. Creating ...
2019-09-25 05:06:16,210 [pool-57-thread-1] INFO  storage.RaftStorageDirectory (RaftStorageDirectory.java:tryLock(328)) - Lock on /workdir/hadoop-ozone/integration-test/target/test-dir/MiniOzoneClusterImpl-23306158-e895-4fc7-80df-ce6c264c388b/datanode-3/data/ratis/90e84f7d-8cf7-449d-8efb-b581bae74188/in_use.lock acquired by nodename 25526@pr-hdds-1569-s62bp-3040748787
2019-09-25 05:06:16,210 [36ac27b3-2f11-437d-8f1f-165306b0ff4a@group-8DD546A9EBD0-SegmentedRaftLogWorker] INFO  segmented.SegmentedRaftLogWorker (SegmentedRaftLogWorker.java:execute(569)) - 36ac27b3-2f11-437d-8f1f-165306b0ff4a@group-8DD546A9EBD0-SegmentedRaftLogWorker: created new log segment /workdir/hadoop-ozone/integration-test/target/test-dir/MiniOzoneClusterImpl-23306158-e895-4fc7-80df-ce6c264c388b/datanode-1/data/ratis/dee54bc9-e5b2-4a15-9794-8dd546a9ebd0/current/log_inprogress_0
2019-09-25 05:06:16,220 [Thread-415] INFO  impl.FollowerState (FollowerState.java:run(106)) - de37f7a0-0375-40a9-a318-404478482fcb:group-0E3BCDB4BC6F changes to CANDIDATE, lastRpcTime:5152, electionTimeout:5152ms
2019-09-25 05:06:16,220 [Thread-415] INFO  impl.RoleInfo (RoleInfo.java:shutdownFollowerState(121)) - de37f7a0-0375-40a9-a318-404478482fcb: shutdown FollowerState
2019-09-25 05:06:16,220 [Thread-415] INFO  impl.RaftServerImpl (RaftServerImpl.java:setRole(174)) - de37f7a0-0375-40a9-a318-404478482fcb@group-0E3BCDB4BC6F: changes role from  FOLLOWER to CANDIDATE at term 0 for changeToCandidate
2019-09-25 05:06:16,220 [Thread-415] INFO  impl.RoleInfo (RoleInfo.java:updateAndGet(143)) - de37f7a0-0375-40a9-a318-404478482fcb: start LeaderElection
2019-09-25 05:06:16,221 [Thread-412] INFO  impl.FollowerState (FollowerState.java:run(106)) - de37f7a0-0375-40a9-a318-404478482fcb:group-A1620A7450E6 changes to CANDIDATE, lastRpcTime:5178, electionTimeout:5178ms
2019-09-25 05:06:16,221 [Thread-412] INFO  impl.RoleInfo (RoleInfo.java:shutdownFollowerState(121)) - de37f7a0-0375-40a9-a318-404478482fcb: shutdown FollowerState
2019-09-25 05:06:16,221 [Thread-412] INFO  impl.RaftServerImpl (RaftServerImpl.java:setRole(174)) - de37f7a0-0375-40a9-a318-404478482fcb@group-A1620A7450E6: changes role from  FOLLOWER to CANDIDATE at term 0 for changeToCandidate
2019-09-25 05:06:16,221 [Thread-412] INFO  impl.RoleInfo (RoleInfo.java:updateAndGet(143)) - de37f7a0-0375-40a9-a318-404478482fcb: start LeaderElection
2019-09-25 05:06:16,225 [pool-57-thread-1] INFO  storage.RaftStorage (RaftStorage.java:format(72)) - Storage directory /workdir/hadoop-ozone/integration-test/target/test-dir/MiniOzoneClusterImpl-23306158-e895-4fc7-80df-ce6c264c388b/datanode-3/data/ratis/90e84f7d-8cf7-449d-8efb-b581bae74188 has been successfully formatted.
2019-09-25 05:06:16,225 [de37f7a0-0375-40a9-a318-404478482fcb@group-0E3BCDB4BC6F:LeaderElection57] INFO  impl.LeaderElection (LeaderElection.java:askForVotes(182)) - de37f7a0-0375-40a9-a318-404478482fcb@group-0E3BCDB4BC6F:LeaderElection57: begin an election at term 1 for -1: [de37f7a0-0375-40a9-a318-404478482fcb:192.168.30.10:44522], old=null
2019-09-25 05:06:16,225 [de37f7a0-0375-40a9-a318-404478482fcb@group-A1620A7450E6:LeaderElection58] INFO  impl.LeaderElection (LeaderElection.java:askForVotes(182)) - de37f7a0-0375-40a9-a318-404478482fcb@group-A1620A7450E6:LeaderElection58: begin an election at term 1 for -1: [de37f7a0-0375-40a9-a318-404478482fcb:192.168.30.10:44522], old=null
2019-09-25 05:06:16,225 [pool-57-thread-1] INFO  ratis.ContainerStateMachine (ContainerStateMachine.java:loadSnapshot(230)) - group-B581BAE74188: The snapshot info is null. Setting the last applied indexto:(t:0, i:~)
2019-09-25 05:06:16,225 [de37f7a0-0375-40a9-a318-404478482fcb@group-A1620A7450E6:LeaderElection58] INFO  impl.RoleInfo (RoleInfo.java:shutdownLeaderElection(134)) - de37f7a0-0375-40a9-a318-404478482fcb: shutdown LeaderElection
2019-09-25 05:06:16,225 [de37f7a0-0375-40a9-a318-404478482fcb@group-0E3BCDB4BC6F:LeaderElection57] INFO  impl.RoleInfo (RoleInfo.java:shutdownLeaderElection(134)) - de37f7a0-0375-40a9-a318-404478482fcb: shutdown LeaderElection
2019-09-25 05:06:16,225 [de37f7a0-0375-40a9-a318-404478482fcb@group-A1620A7450E6:LeaderElection58] INFO  impl.RaftServerImpl (RaftServerImpl.java:setRole(174)) - de37f7a0-0375-40a9-a318-404478482fcb@group-A1620A7450E6: changes role from CANDIDATE to LEADER at term 1 for changeToLeader
2019-09-25 05:06:16,225 [de37f7a0-0375-40a9-a318-404478482fcb@group-A1620A7450E6:LeaderElection58] INFO  impl.RaftServerImpl (ServerState.java:setLeader(253)) - de37f7a0-0375-40a9-a318-404478482fcb@group-A1620A7450E6: change Leader from null to de37f7a0-0375-40a9-a318-404478482fcb at term 1 for becomeLeader, leader elected after 5188ms
2019-09-25 05:06:16,225 [pool-57-thread-1] INFO  server.RaftServerConfigKeys (ConfUtils.java:logGet(43)) - raft.server.notification.no-leader.timeout = 120s (custom)
2019-09-25 05:06:16,226 [de37f7a0-0375-40a9-a318-404478482fcb@group-A1620A7450E6:LeaderElection58] INFO  server.RaftServerConfigKeys (ConfUtils.java:logGet(43)) - raft.server.staging.catchup.gap = 1000 (default)
2019-09-25 05:06:16,226 [de37f7a0-0375-40a9-a318-404478482fcb@group-A1620A7450E6:LeaderElection58] INFO  server.RaftServerConfigKeys (ConfUtils.java:logGet(43)) - raft.server.rpc.sleep.time = 25ms (default)
2019-09-25 05:06:16,225 [de37f7a0-0375-40a9-a318-404478482fcb@group-0E3BCDB4BC6F:LeaderElection57] INFO  impl.RaftServerImpl (RaftServerImpl.java:setRole(174)) - de37f7a0-0375-40a9-a318-404478482fcb@group-0E3BCDB4BC6F: changes role from CANDIDATE to LEADER at term 1 for changeToLeader
2019-09-25 05:06:16,226 [de37f7a0-0375-40a9-a318-404478482fcb@group-A1620A7450E6:LeaderElection58] INFO  server.RaftServerConfigKeys (ConfUtils.java:logGet(43)) - raft.server.write.element-limit = 4096 (default)
2019-09-25 05:06:16,226 [pool-57-thread-1] INFO  server.RaftServerConfigKeys (ConfUtils.java:logGet(43)) - raft.server.log.use.memory = false (default)
2019-09-25 05:06:16,226 [de37f7a0-0375-40a9-a318-404478482fcb@group-A1620A7450E6:LeaderElection58] INFO  server.RaftServerConfigKeys (ConfUtils.java:logGet(43)) - raft.server.watch.timeout = 10s (default)
2019-09-25 05:06:16,226 [de37f7a0-0375-40a9-a318-404478482fcb@group-0E3BCDB4BC6F:LeaderElection57] INFO  impl.RaftServerImpl (ServerState.java:setLeader(253)) - de37f7a0-0375-40a9-a318-404478482fcb@group-0E3BCDB4BC6F: change Leader from null to de37f7a0-0375-40a9-a318-404478482fcb at term 1 for becomeLeader, leader elected after 5163ms
2019-09-25 05:06:16,226 [de37f7a0-0375-40a9-a318-404478482fcb@group-A1620A7450E6:LeaderElection58] INFO  server.RaftServerConfigKeys (ConfUtils.java:logGet(43)) - raft.server.watch.timeout.denomination = 1s (default)
2019-09-25 05:06:16,226 [pool-57-thread-1] INFO  server.RaftServerConfigKeys (ConfUtils.java:logGet(43)) - raft.server.log.purge.gap = 1000000 (custom)
2019-09-25 05:06:16,227 [de37f7a0-0375-40a9-a318-404478482fcb@group-A1620A7450E6:LeaderElection58] INFO  server.RaftServerConfigKeys (ConfUtils.java:logGet(43)) - raft.server.watch.element-limit = 65536 (default)
2019-09-25 05:06:16,227 [de37f7a0-0375-40a9-a318-404478482fcb@group-0E3BCDB4BC6F:LeaderElection57] INFO  server.RaftServerConfigKeys (ConfUtils.java:logGet(43)) - raft.server.staging.catchup.gap = 1000 (default)
2019-09-25 05:06:16,227 [pool-57-thread-1] INFO  server.RaftServerConfigKeys (ConfUtils.java:logGet(43)) - raft.server.log.appender.buffer.byte-limit = 33554432 (custom)
2019-09-25 05:06:16,227 [de37f7a0-0375-40a9-a318-404478482fcb@group-0E3BCDB4BC6F:LeaderElection57] INFO  server.RaftServerConfigKeys (ConfUtils.java:logGet(43)) - raft.server.rpc.sleep.time = 25ms (default)
2019-09-25 05:06:16,227 [pool-57-thread-1] INFO  server.RaftServerConfigKeys (ConfUtils.java:logGet(43)) - raft.server.log.segment.size.max = 1048576 (custom)
2019-09-25 05:06:16,227 [de37f7a0-0375-40a9-a318-404478482fcb@group-0E3BCDB4BC6F:LeaderElection57] INFO  server.RaftServerConfigKeys (ConfUtils.java:logGet(43)) - raft.server.write.element-limit = 4096 (default)
2019-09-25 05:06:16,227 [pool-57-thread-1] INFO  server.RaftServerConfigKeys (ConfUtils.java:logGet(43)) - raft.server.log.segment.cache.num.max = 2 (custom)
2019-09-25 05:06:16,227 [de37f7a0-0375-40a9-a318-404478482fcb@group-0E3BCDB4BC6F:LeaderElection57] INFO  server.RaftServerConfigKeys (ConfUtils.java:logGet(43)) - raft.server.watch.timeout = 10s (default)
2019-09-25 05:06:16,228 [pool-57-thread-1] INFO  segmented.SegmentedRaftLogWorker (SegmentedRaftLogWorker.java:<init>(172)) - new de37f7a0-0375-40a9-a318-404478482fcb@group-B581BAE74188-SegmentedRaftLogWorker for RaftStorage:Storage Directory /workdir/hadoop-ozone/integration-test/target/test-dir/MiniOzoneClusterImpl-23306158-e895-4fc7-80df-ce6c264c388b/datanode-3/data/ratis/90e84f7d-8cf7-449d-8efb-b581bae74188
2019-09-25 05:06:16,228 [de37f7a0-0375-40a9-a318-404478482fcb@group-0E3BCDB4BC6F:LeaderElection57] INFO  server.RaftServerConfigKeys (ConfUtils.java:logGet(43)) - raft.server.watch.timeout.denomination = 1s (default)
2019-09-25 05:06:16,228 [pool-57-thread-1] INFO  server.RaftServerConfigKeys (ConfUtils.java:logGet(43)) - raft.server.log.queue.byte-limit = 2147483647 (custom)
2019-09-25 05:06:16,228 [de37f7a0-0375-40a9-a318-404478482fcb@group-0E3BCDB4BC6F:LeaderElection57] INFO  server.RaftServerConfigKeys (ConfUtils.java:logGet(43)) - raft.server.watch.element-limit = 65536 (default)
2019-09-25 05:06:16,228 [pool-57-thread-1] INFO  server.RaftServerConfigKeys (ConfUtils.java:logGet(43)) - raft.server.log.queue.element-limit = 1024 (custom)
2019-09-25 05:06:16,228 [pool-57-thread-1] INFO  server.RaftServerConfigKeys (ConfUtils.java:logGet(43)) - raft.server.log.segment.size.max = 1048576 (custom)
2019-09-25 05:06:16,228 [pool-57-thread-1] INFO  server.RaftServerConfigKeys (ConfUtils.java:logGet(43)) - raft.server.log.preallocated.size = 16384 (custom)
2019-09-25 05:06:16,229 [pool-57-thread-1] INFO  server.RaftServerConfigKeys (ConfUtils.java:logGet(43)) - raft.server.log.write.buffer.size = 33554432 (custom)
2019-09-25 05:06:16,229 [pool-57-thread-1] INFO  server.RaftServerConfigKeys (ConfUtils.java:logGet(43)) - raft.server.log.force.sync.num = 128 (default)
2019-09-25 05:06:16,229 [pool-57-thread-1] INFO  server.RaftServerConfigKeys (ConfUtils.java:logGet(43)) - raft.server.log.statemachine.data.sync = true (default)
2019-09-25 05:06:16,229 [pool-57-thread-1] INFO  server.RaftServerConfigKeys (ConfUtils.java:logGet(43)) - raft.server.log.statemachine.data.sync.timeout = 10s (default)
2019-09-25 05:06:16,229 [pool-57-thread-1] INFO  server.RaftServerConfigKeys (ConfUtils.java:logGet(43)) - raft.server.log.statemachine.data.sync.timeout.retry = -1 (default)
2019-09-25 05:06:16,229 [de37f7a0-0375-40a9-a318-404478482fcb@group-A1620A7450E6:LeaderElection58] INFO  impl.RoleInfo (RoleInfo.java:updateAndGet(143)) - de37f7a0-0375-40a9-a318-404478482fcb: start LeaderState
2019-09-25 05:06:16,229 [pool-57-thread-1] INFO  server.RaftServerConfigKeys (ConfUtils.java:logGet(43)) - raft.server.log.statemachine.data.caching.enabled = true (custom)
2019-09-25 05:06:16,229 [de37f7a0-0375-40a9-a318-404478482fcb@group-A1620A7450E6:LeaderElection58] INFO  segmented.SegmentedRaftLogWorker (SegmentedRaftLogWorker.java:startLogSegment(380)) - de37f7a0-0375-40a9-a318-404478482fcb@group-A1620A7450E6-SegmentedRaftLogWorker: Starting segment from index:0
2019-09-25 05:06:16,230 [pool-57-thread-1] INFO  segmented.SegmentedRaftLogWorker (SegmentedRaftLogWorker.java:lambda$new$0(132)) - de37f7a0-0375-40a9-a318-404478482fcb@group-B581BAE74188-SegmentedRaftLogWorker: flushIndex: setUnconditionally 0 -> -1
2019-09-25 05:06:16,230 [de37f7a0-0375-40a9-a318-404478482fcb@group-0E3BCDB4BC6F:LeaderElection57] INFO  impl.RoleInfo (RoleInfo.java:updateAndGet(143)) - de37f7a0-0375-40a9-a318-404478482fcb: start LeaderState
2019-09-25 05:06:16,230 [de37f7a0-0375-40a9-a318-404478482fcb@group-A1620A7450E6:LeaderElection58] INFO  impl.RaftServerImpl (ServerState.java:setRaftConf(354)) - de37f7a0-0375-40a9-a318-404478482fcb@group-A1620A7450E6: set configuration 0: [de37f7a0-0375-40a9-a318-404478482fcb:192.168.30.10:44522], old=null at 0
2019-09-25 05:06:16,230 [de37f7a0-0375-40a9-a318-404478482fcb@group-0E3BCDB4BC6F:LeaderElection57] INFO  segmented.SegmentedRaftLogWorker (SegmentedRaftLogWorker.java:startLogSegment(380)) - de37f7a0-0375-40a9-a318-404478482fcb@group-0E3BCDB4BC6F-SegmentedRaftLogWorker: Starting segment from index:0
2019-09-25 05:06:16,230 [pool-57-thread-1] INFO  server.RaftServerConfigKeys (ConfUtils.java:logGet(43)) - raft.server.snapshot.auto.trigger.enabled = true (custom)
2019-09-25 05:06:16,230 [pool-57-thread-1] INFO  server.RaftServerConfigKeys (ConfUtils.java:logGet(43)) - raft.server.snapshot.auto.trigger.threshold = 10000 (custom)
2019-09-25 05:06:16,231 [de37f7a0-0375-40a9-a318-404478482fcb@group-0E3BCDB4BC6F:LeaderElection57] INFO  impl.RaftServerImpl (ServerState.java:setRaftConf(354)) - de37f7a0-0375-40a9-a318-404478482fcb@group-0E3BCDB4BC6F: set configuration 0: [de37f7a0-0375-40a9-a318-404478482fcb:192.168.30.10:44522], old=null at 0
2019-09-25 05:06:16,231 [pool-57-thread-1] INFO  server.RaftServerConfigKeys (ConfUtils.java:logGet(43)) - raft.server.snapshot.retention.num.files = 5 (custom)
2019-09-25 05:06:16,231 [pool-57-thread-1] INFO  server.RaftServerConfigKeys (ConfUtils.java:logGet(43)) - raft.server.retrycache.expirytime = 600000ms (custom)
2019-09-25 05:06:16,232 [pool-57-thread-1] INFO  impl.RaftServerImpl (RaftServerImpl.java:start(185)) - de37f7a0-0375-40a9-a318-404478482fcb@group-B581BAE74188: start as a follower, conf=-1: [de37f7a0-0375-40a9-a318-404478482fcb:192.168.30.10:44522], old=null
2019-09-25 05:06:16,232 [pool-57-thread-1] INFO  impl.RaftServerImpl (RaftServerImpl.java:setRole(174)) - de37f7a0-0375-40a9-a318-404478482fcb@group-B581BAE74188: changes role from      null to FOLLOWER at term 0 for startAsFollower
2019-09-25 05:06:16,232 [pool-57-thread-1] INFO  impl.RoleInfo (RoleInfo.java:updateAndGet(143)) - de37f7a0-0375-40a9-a318-404478482fcb: start FollowerState
2019-09-25 05:06:16,233 [pool-57-thread-1] INFO  util.JmxRegister (JmxRegister.java:tryRegister(44)) - Successfully registered JMX Bean with object name Ratis:service=RaftServer,group=group-B581BAE74188,id=de37f7a0-0375-40a9-a318-404478482fcb
2019-09-25 05:06:16,235 [RatisPipelineUtilsThread] INFO  pipeline.PipelineStateManager (PipelineStateManager.java:addPipeline(56)) - Created pipeline Pipeline[ Id: 90e84f7d-8cf7-449d-8efb-b581bae74188, Nodes: de37f7a0-0375-40a9-a318-404478482fcb{ip: 192.168.30.10, host: pr-hdds-1569-s62bp-3040748787, networkLocation: /default-rack, certSerialId: null}, Type:RATIS, Factor:ONE, State:OPEN]
2019-09-25 05:06:16,241 [grpc-default-executor-0] INFO  impl.RaftServerProxy (RaftServerProxy.java:addNew(89)) - b4fa7d23-6606-45fd-9544-2b08ca3fa933: addNew group-57C0E81ED09A:[b4fa7d23-6606-45fd-9544-2b08ca3fa933:192.168.30.10:34493] returns group-57C0E81ED09A:java.util.concurrent.CompletableFuture@3580852a[Not completed]
2019-09-25 05:06:16,242 [pool-77-thread-1] INFO  impl.RaftServerImpl (RaftServerImpl.java:<init>(95)) - b4fa7d23-6606-45fd-9544-2b08ca3fa933: new RaftServerImpl for group-57C0E81ED09A:[b4fa7d23-6606-45fd-9544-2b08ca3fa933:192.168.30.10:34493] with ContainerStateMachine:uninitialized
2019-09-25 05:06:16,242 [pool-77-thread-1] INFO  server.RaftServerConfigKeys (ConfUtils.java:logGet(43)) - raft.server.rpc.timeout.min = 5s (custom)
2019-09-25 05:06:16,243 [pool-77-thread-1] INFO  server.RaftServerConfigKeys (ConfUtils.java:logGet(43)) - raft.server.rpc.timeout.max = 5200ms (custom)
2019-09-25 05:06:16,243 [pool-77-thread-1] INFO  server.RaftServerConfigKeys (ConfUtils.java:logGet(43)) - raft.server.rpcslowness.timeout = 120s (custom)
2019-09-25 05:06:16,243 [pool-77-thread-1] INFO  server.RaftServerConfigKeys (ConfUtils.java:logGet(43)) - raft.server.sleep.deviation.threshold = 300 (default)
2019-09-25 05:06:16,243 [pool-77-thread-1] INFO  server.RaftServerConfigKeys (ConfUtils.java:logGet(43)) - raft.server.log.appender.install.snapshot.enabled = false (custom)
2019-09-25 05:06:16,243 [pool-77-thread-1] INFO  impl.RaftServerImpl (ServerState.java:<init>(103)) - b4fa7d23-6606-45fd-9544-2b08ca3fa933@group-57C0E81ED09A: ConfigurationManager, init=-1: [b4fa7d23-6606-45fd-9544-2b08ca3fa933:192.168.30.10:34493], old=null, confs=<EMPTY_MAP>
2019-09-25 05:06:16,243 [pool-77-thread-1] INFO  server.RaftServerConfigKeys (ConfUtils.java:logGet(43)) - raft.server.storage.dir = [/workdir/hadoop-ozone/integration-test/target/test-dir/MiniOzoneClusterImpl-23306158-e895-4fc7-80df-ce6c264c388b/datanode-5/data/ratis] (custom)
2019-09-25 05:06:16,243 [pool-77-thread-1] INFO  storage.RaftStorageDirectory (RaftStorageDirectory.java:analyzeStorage(246)) - The storage directory /workdir/hadoop-ozone/integration-test/target/test-dir/MiniOzoneClusterImpl-23306158-e895-4fc7-80df-ce6c264c388b/datanode-5/data/ratis/e2df5489-d149-41e4-add0-57c0e81ed09a does not exist. Creating ...
2019-09-25 05:06:16,256 [pool-77-thread-1] INFO  storage.RaftStorageDirectory (RaftStorageDirectory.java:tryLock(328)) - Lock on /workdir/hadoop-ozone/integration-test/target/test-dir/MiniOzoneClusterImpl-23306158-e895-4fc7-80df-ce6c264c388b/datanode-5/data/ratis/e2df5489-d149-41e4-add0-57c0e81ed09a/in_use.lock acquired by nodename 25526@pr-hdds-1569-s62bp-3040748787
2019-09-25 05:06:16,269 [de37f7a0-0375-40a9-a318-404478482fcb@group-A1620A7450E6-SegmentedRaftLogWorker] INFO  segmented.SegmentedRaftLogWorker (SegmentedRaftLogWorker.java:execute(569)) - de37f7a0-0375-40a9-a318-404478482fcb@group-A1620A7450E6-SegmentedRaftLogWorker: created new log segment /workdir/hadoop-ozone/integration-test/target/test-dir/MiniOzoneClusterImpl-23306158-e895-4fc7-80df-ce6c264c388b/datanode-3/data/ratis/f6cf22b8-f8a5-4656-b0bf-a1620a7450e6/current/log_inprogress_0
2019-09-25 05:06:16,269 [pool-77-thread-1] INFO  storage.RaftStorage (RaftStorage.java:format(72)) - Storage directory /workdir/hadoop-ozone/integration-test/target/test-dir/MiniOzoneClusterImpl-23306158-e895-4fc7-80df-ce6c264c388b/datanode-5/data/ratis/e2df5489-d149-41e4-add0-57c0e81ed09a has been successfully formatted.
2019-09-25 05:06:16,270 [pool-77-thread-1] INFO  ratis.ContainerStateMachine (ContainerStateMachine.java:loadSnapshot(230)) - group-57C0E81ED09A: The snapshot info is null. Setting the last applied indexto:(t:0, i:~)
2019-09-25 05:06:16,270 [pool-77-thread-1] INFO  server.RaftServerConfigKeys (ConfUtils.java:logGet(43)) - raft.server.notification.no-leader.timeout = 120s (custom)
2019-09-25 05:06:16,270 [pool-77-thread-1] INFO  server.RaftServerConfigKeys (ConfUtils.java:logGet(43)) - raft.server.log.use.memory = false (default)
2019-09-25 05:06:16,270 [pool-77-thread-1] INFO  server.RaftServerConfigKeys (ConfUtils.java:logGet(43)) - raft.server.log.purge.gap = 1000000 (custom)
2019-09-25 05:06:16,270 [pool-77-thread-1] INFO  server.RaftServerConfigKeys (ConfUtils.java:logGet(43)) - raft.server.log.appender.buffer.byte-limit = 33554432 (custom)
2019-09-25 05:06:16,270 [pool-77-thread-1] INFO  server.RaftServerConfigKeys (ConfUtils.java:logGet(43)) - raft.server.log.segment.size.max = 1048576 (custom)
2019-09-25 05:06:16,270 [pool-77-thread-1] INFO  server.RaftServerConfigKeys (ConfUtils.java:logGet(43)) - raft.server.log.segment.cache.num.max = 2 (custom)
2019-09-25 05:06:16,270 [pool-77-thread-1] INFO  segmented.SegmentedRaftLogWorker (SegmentedRaftLogWorker.java:<init>(172)) - new b4fa7d23-6606-45fd-9544-2b08ca3fa933@group-57C0E81ED09A-SegmentedRaftLogWorker for RaftStorage:Storage Directory /workdir/hadoop-ozone/integration-test/target/test-dir/MiniOzoneClusterImpl-23306158-e895-4fc7-80df-ce6c264c388b/datanode-5/data/ratis/e2df5489-d149-41e4-add0-57c0e81ed09a
2019-09-25 05:06:16,270 [pool-77-thread-1] INFO  server.RaftServerConfigKeys (ConfUtils.java:logGet(43)) - raft.server.log.queue.byte-limit = 2147483647 (custom)
2019-09-25 05:06:16,270 [pool-77-thread-1] INFO  server.RaftServerConfigKeys (ConfUtils.java:logGet(43)) - raft.server.log.queue.element-limit = 1024 (custom)
2019-09-25 05:06:16,271 [pool-77-thread-1] INFO  server.RaftServerConfigKeys (ConfUtils.java:logGet(43)) - raft.server.log.segment.size.max = 1048576 (custom)
2019-09-25 05:06:16,271 [pool-77-thread-1] INFO  server.RaftServerConfigKeys (ConfUtils.java:logGet(43)) - raft.server.log.preallocated.size = 16384 (custom)
2019-09-25 05:06:16,271 [pool-77-thread-1] INFO  server.RaftServerConfigKeys (ConfUtils.java:logGet(43)) - raft.server.log.write.buffer.size = 33554432 (custom)
2019-09-25 05:06:16,271 [pool-77-thread-1] INFO  server.RaftServerConfigKeys (ConfUtils.java:logGet(43)) - raft.server.log.force.sync.num = 128 (default)
2019-09-25 05:06:16,271 [pool-77-thread-1] INFO  server.RaftServerConfigKeys (ConfUtils.java:logGet(43)) - raft.server.log.statemachine.data.sync = true (default)
2019-09-25 05:06:16,271 [pool-77-thread-1] INFO  server.RaftServerConfigKeys (ConfUtils.java:logGet(43)) - raft.server.log.statemachine.data.sync.timeout = 10s (default)
2019-09-25 05:06:16,271 [pool-77-thread-1] INFO  server.RaftServerConfigKeys (ConfUtils.java:logGet(43)) - raft.server.log.statemachine.data.sync.timeout.retry = -1 (default)
2019-09-25 05:06:16,271 [pool-77-thread-1] INFO  server.RaftServerConfigKeys (ConfUtils.java:logGet(43)) - raft.server.log.statemachine.data.caching.enabled = true (custom)
2019-09-25 05:06:16,272 [pool-77-thread-1] INFO  segmented.SegmentedRaftLogWorker (SegmentedRaftLogWorker.java:lambda$new$0(132)) - b4fa7d23-6606-45fd-9544-2b08ca3fa933@group-57C0E81ED09A-SegmentedRaftLogWorker: flushIndex: setUnconditionally 0 -> -1
2019-09-25 05:06:16,272 [de37f7a0-0375-40a9-a318-404478482fcb@group-0E3BCDB4BC6F-SegmentedRaftLogWorker] INFO  segmented.SegmentedRaftLogWorker (SegmentedRaftLogWorker.java:execute(569)) - de37f7a0-0375-40a9-a318-404478482fcb@group-0E3BCDB4BC6F-SegmentedRaftLogWorker: created new log segment /workdir/hadoop-ozone/integration-test/target/test-dir/MiniOzoneClusterImpl-23306158-e895-4fc7-80df-ce6c264c388b/datanode-3/data/ratis/e2d1847f-095a-4402-a70d-0e3bcdb4bc6f/current/log_inprogress_0
2019-09-25 05:06:16,272 [pool-77-thread-1] INFO  server.RaftServerConfigKeys (ConfUtils.java:logGet(43)) - raft.server.snapshot.auto.trigger.enabled = true (custom)
2019-09-25 05:06:16,272 [pool-77-thread-1] INFO  server.RaftServerConfigKeys (ConfUtils.java:logGet(43)) - raft.server.snapshot.auto.trigger.threshold = 10000 (custom)
2019-09-25 05:06:16,272 [pool-77-thread-1] INFO  server.RaftServerConfigKeys (ConfUtils.java:logGet(43)) - raft.server.snapshot.retention.num.files = 5 (custom)
2019-09-25 05:06:16,272 [pool-77-thread-1] INFO  server.RaftServerConfigKeys (ConfUtils.java:logGet(43)) - raft.server.retrycache.expirytime = 600000ms (custom)
2019-09-25 05:06:16,273 [pool-77-thread-1] INFO  impl.RaftServerImpl (RaftServerImpl.java:start(185)) - b4fa7d23-6606-45fd-9544-2b08ca3fa933@group-57C0E81ED09A: start as a follower, conf=-1: [b4fa7d23-6606-45fd-9544-2b08ca3fa933:192.168.30.10:34493], old=null
2019-09-25 05:06:16,273 [pool-77-thread-1] INFO  impl.RaftServerImpl (RaftServerImpl.java:setRole(174)) - b4fa7d23-6606-45fd-9544-2b08ca3fa933@group-57C0E81ED09A: changes role from      null to FOLLOWER at term 0 for startAsFollower
2019-09-25 05:06:16,274 [pool-77-thread-1] INFO  impl.RoleInfo (RoleInfo.java:updateAndGet(143)) - b4fa7d23-6606-45fd-9544-2b08ca3fa933: start FollowerState
2019-09-25 05:06:16,274 [pool-77-thread-1] INFO  util.JmxRegister (JmxRegister.java:tryRegister(44)) - Successfully registered JMX Bean with object name Ratis:service=RaftServer,group=group-57C0E81ED09A,id=b4fa7d23-6606-45fd-9544-2b08ca3fa933
2019-09-25 05:06:16,277 [RatisPipelineUtilsThread] INFO  pipeline.PipelineStateManager (PipelineStateManager.java:addPipeline(56)) - Created pipeline Pipeline[ Id: e2df5489-d149-41e4-add0-57c0e81ed09a, Nodes: b4fa7d23-6606-45fd-9544-2b08ca3fa933{ip: 192.168.30.10, host: pr-hdds-1569-s62bp-3040748787, networkLocation: /default-rack, certSerialId: null}, Type:RATIS, Factor:ONE, State:OPEN]
2019-09-25 05:06:16,282 [grpc-default-executor-0] INFO  impl.RaftServerProxy (RaftServerProxy.java:addNew(89)) - b4fa7d23-6606-45fd-9544-2b08ca3fa933: addNew group-E09D7EF96C33:[b4fa7d23-6606-45fd-9544-2b08ca3fa933:192.168.30.10:34493] returns group-E09D7EF96C33:java.util.concurrent.CompletableFuture@191058ee[Not completed]
2019-09-25 05:06:16,283 [pool-77-thread-1] INFO  impl.RaftServerImpl (RaftServerImpl.java:<init>(95)) - b4fa7d23-6606-45fd-9544-2b08ca3fa933: new RaftServerImpl for group-E09D7EF96C33:[b4fa7d23-6606-45fd-9544-2b08ca3fa933:192.168.30.10:34493] with ContainerStateMachine:uninitialized
2019-09-25 05:06:16,283 [pool-77-thread-1] INFO  server.RaftServerConfigKeys (ConfUtils.java:logGet(43)) - raft.server.rpc.timeout.min = 5s (custom)
2019-09-25 05:06:16,283 [pool-77-thread-1] INFO  server.RaftServerConfigKeys (ConfUtils.java:logGet(43)) - raft.server.rpc.timeout.max = 5200ms (custom)
2019-09-25 05:06:16,283 [pool-77-thread-1] INFO  server.RaftServerConfigKeys (ConfUtils.java:logGet(43)) - raft.server.rpcslowness.timeout = 120s (custom)
2019-09-25 05:06:16,283 [pool-77-thread-1] INFO  server.RaftServerConfigKeys (ConfUtils.java:logGet(43)) - raft.server.sleep.deviation.threshold = 300 (default)
2019-09-25 05:06:16,283 [pool-77-thread-1] INFO  server.RaftServerConfigKeys (ConfUtils.java:logGet(43)) - raft.server.log.appender.install.snapshot.enabled = false (custom)
2019-09-25 05:06:16,284 [pool-77-thread-1] INFO  impl.RaftServerImpl (ServerState.java:<init>(103)) - b4fa7d23-6606-45fd-9544-2b08ca3fa933@group-E09D7EF96C33: ConfigurationManager, init=-1: [b4fa7d23-6606-45fd-9544-2b08ca3fa933:192.168.30.10:34493], old=null, confs=<EMPTY_MAP>
2019-09-25 05:06:16,284 [pool-77-thread-1] INFO  server.RaftServerConfigKeys (ConfUtils.java:logGet(43)) - raft.server.storage.dir = [/workdir/hadoop-ozone/integration-test/target/test-dir/MiniOzoneClusterImpl-23306158-e895-4fc7-80df-ce6c264c388b/datanode-5/data/ratis] (custom)
2019-09-25 05:06:16,284 [pool-77-thread-1] INFO  storage.RaftStorageDirectory (RaftStorageDirectory.java:analyzeStorage(246)) - The storage directory /workdir/hadoop-ozone/integration-test/target/test-dir/MiniOzoneClusterImpl-23306158-e895-4fc7-80df-ce6c264c388b/datanode-5/data/ratis/a4e391d5-9548-40cd-896d-e09d7ef96c33 does not exist. Creating ...
2019-09-25 05:06:16,297 [pool-77-thread-1] INFO  storage.RaftStorageDirectory (RaftStorageDirectory.java:tryLock(328)) - Lock on /workdir/hadoop-ozone/integration-test/target/test-dir/MiniOzoneClusterImpl-23306158-e895-4fc7-80df-ce6c264c388b/datanode-5/data/ratis/a4e391d5-9548-40cd-896d-e09d7ef96c33/in_use.lock acquired by nodename 25526@pr-hdds-1569-s62bp-3040748787
2019-09-25 05:06:16,310 [pool-77-thread-1] INFO  storage.RaftStorage (RaftStorage.java:format(72)) - Storage directory /workdir/hadoop-ozone/integration-test/target/test-dir/MiniOzoneClusterImpl-23306158-e895-4fc7-80df-ce6c264c388b/datanode-5/data/ratis/a4e391d5-9548-40cd-896d-e09d7ef96c33 has been successfully formatted.
2019-09-25 05:06:16,310 [pool-77-thread-1] INFO  ratis.ContainerStateMachine (ContainerStateMachine.java:loadSnapshot(230)) - group-E09D7EF96C33: The snapshot info is null. Setting the last applied indexto:(t:0, i:~)
2019-09-25 05:06:16,310 [pool-77-thread-1] INFO  server.RaftServerConfigKeys (ConfUtils.java:logGet(43)) - raft.server.notification.no-leader.timeout = 120s (custom)
2019-09-25 05:06:16,310 [pool-77-thread-1] INFO  server.RaftServerConfigKeys (ConfUtils.java:logGet(43)) - raft.server.log.use.memory = false (default)
2019-09-25 05:06:16,310 [pool-77-thread-1] INFO  server.RaftServerConfigKeys (ConfUtils.java:logGet(43)) - raft.server.log.purge.gap = 1000000 (custom)
2019-09-25 05:06:16,311 [pool-77-thread-1] INFO  server.RaftServerConfigKeys (ConfUtils.java:logGet(43)) - raft.server.log.appender.buffer.byte-limit = 33554432 (custom)
2019-09-25 05:06:16,311 [pool-77-thread-1] INFO  server.RaftServerConfigKeys (ConfUtils.java:logGet(43)) - raft.server.log.segment.size.max = 1048576 (custom)
2019-09-25 05:06:16,311 [pool-77-thread-1] INFO  server.RaftServerConfigKeys (ConfUtils.java:logGet(43)) - raft.server.log.segment.cache.num.max = 2 (custom)
2019-09-25 05:06:16,311 [pool-77-thread-1] INFO  segmented.SegmentedRaftLogWorker (SegmentedRaftLogWorker.java:<init>(172)) - new b4fa7d23-6606-45fd-9544-2b08ca3fa933@group-E09D7EF96C33-SegmentedRaftLogWorker for RaftStorage:Storage Directory /workdir/hadoop-ozone/integration-test/target/test-dir/MiniOzoneClusterImpl-23306158-e895-4fc7-80df-ce6c264c388b/datanode-5/data/ratis/a4e391d5-9548-40cd-896d-e09d7ef96c33
2019-09-25 05:06:16,311 [pool-77-thread-1] INFO  server.RaftServerConfigKeys (ConfUtils.java:logGet(43)) - raft.server.log.queue.byte-limit = 2147483647 (custom)
2019-09-25 05:06:16,311 [pool-77-thread-1] INFO  server.RaftServerConfigKeys (ConfUtils.java:logGet(43)) - raft.server.log.queue.element-limit = 1024 (custom)
2019-09-25 05:06:16,311 [pool-77-thread-1] INFO  server.RaftServerConfigKeys (ConfUtils.java:logGet(43)) - raft.server.log.segment.size.max = 1048576 (custom)
2019-09-25 05:06:16,311 [pool-77-thread-1] INFO  server.RaftServerConfigKeys (ConfUtils.java:logGet(43)) - raft.server.log.preallocated.size = 16384 (custom)
2019-09-25 05:06:16,311 [pool-77-thread-1] INFO  server.RaftServerConfigKeys (ConfUtils.java:logGet(43)) - raft.server.log.write.buffer.size = 33554432 (custom)
2019-09-25 05:06:16,312 [pool-77-thread-1] INFO  server.RaftServerConfigKeys (ConfUtils.java:logGet(43)) - raft.server.log.force.sync.num = 128 (default)
2019-09-25 05:06:16,312 [pool-77-thread-1] INFO  server.RaftServerConfigKeys (ConfUtils.java:logGet(43)) - raft.server.log.statemachine.data.sync = true (default)
2019-09-25 05:06:16,312 [pool-77-thread-1] INFO  server.RaftServerConfigKeys (ConfUtils.java:logGet(43)) - raft.server.log.statemachine.data.sync.timeout = 10s (default)
2019-09-25 05:06:16,312 [pool-77-thread-1] INFO  server.RaftServerConfigKeys (ConfUtils.java:logGet(43)) - raft.server.log.statemachine.data.sync.timeout.retry = -1 (default)
2019-09-25 05:06:16,312 [pool-77-thread-1] INFO  server.RaftServerConfigKeys (ConfUtils.java:logGet(43)) - raft.server.log.statemachine.data.caching.enabled = true (custom)
2019-09-25 05:06:16,312 [pool-77-thread-1] INFO  segmented.SegmentedRaftLogWorker (SegmentedRaftLogWorker.java:lambda$new$0(132)) - b4fa7d23-6606-45fd-9544-2b08ca3fa933@group-E09D7EF96C33-SegmentedRaftLogWorker: flushIndex: setUnconditionally 0 -> -1
2019-09-25 05:06:16,313 [pool-77-thread-1] INFO  server.RaftServerConfigKeys (ConfUtils.java:logGet(43)) - raft.server.snapshot.auto.trigger.enabled = true (custom)
2019-09-25 05:06:16,313 [pool-77-thread-1] INFO  server.RaftServerConfigKeys (ConfUtils.java:logGet(43)) - raft.server.snapshot.auto.trigger.threshold = 10000 (custom)
2019-09-25 05:06:16,313 [pool-77-thread-1] INFO  server.RaftServerConfigKeys (ConfUtils.java:logGet(43)) - raft.server.snapshot.retention.num.files = 5 (custom)
2019-09-25 05:06:16,313 [pool-77-thread-1] INFO  server.RaftServerConfigKeys (ConfUtils.java:logGet(43)) - raft.server.retrycache.expirytime = 600000ms (custom)
2019-09-25 05:06:16,315 [pool-77-thread-1] INFO  impl.RaftServerImpl (RaftServerImpl.java:start(185)) - b4fa7d23-6606-45fd-9544-2b08ca3fa933@group-E09D7EF96C33: start as a follower, conf=-1: [b4fa7d23-6606-45fd-9544-2b08ca3fa933:192.168.30.10:34493], old=null
2019-09-25 05:06:16,315 [pool-77-thread-1] INFO  impl.RaftServerImpl (RaftServerImpl.java:setRole(174)) - b4fa7d23-6606-45fd-9544-2b08ca3fa933@group-E09D7EF96C33: changes role from      null to FOLLOWER at term 0 for startAsFollower
2019-09-25 05:06:16,315 [pool-77-thread-1] INFO  impl.RoleInfo (RoleInfo.java:updateAndGet(143)) - b4fa7d23-6606-45fd-9544-2b08ca3fa933: start FollowerState
2019-09-25 05:06:16,315 [pool-77-thread-1] INFO  util.JmxRegister (JmxRegister.java:tryRegister(44)) - Successfully registered JMX Bean with object name Ratis:service=RaftServer,group=group-E09D7EF96C33,id=b4fa7d23-6606-45fd-9544-2b08ca3fa933
2019-09-25 05:06:16,334 [RatisPipelineUtilsThread] INFO  pipeline.PipelineStateManager (PipelineStateManager.java:addPipeline(56)) - Created pipeline Pipeline[ Id: a4e391d5-9548-40cd-896d-e09d7ef96c33, Nodes: b4fa7d23-6606-45fd-9544-2b08ca3fa933{ip: 192.168.30.10, host: pr-hdds-1569-s62bp-3040748787, networkLocation: /default-rack, certSerialId: null}, Type:RATIS, Factor:ONE, State:OPEN]
2019-09-25 05:06:16,340 [grpc-default-executor-0] INFO  impl.RaftServerProxy (RaftServerProxy.java:addNew(89)) - 692224c4-5202-4921-98cc-04d5c60c79cc: addNew group-7A27D85A9D2A:[692224c4-5202-4921-98cc-04d5c60c79cc:192.168.30.10:38144] returns group-7A27D85A9D2A:java.util.concurrent.CompletableFuture@2d6e5ec7[Not completed]
2019-09-25 05:06:16,341 [pool-67-thread-1] INFO  impl.RaftServerImpl (RaftServerImpl.java:<init>(95)) - 692224c4-5202-4921-98cc-04d5c60c79cc: new RaftServerImpl for group-7A27D85A9D2A:[692224c4-5202-4921-98cc-04d5c60c79cc:192.168.30.10:38144] with ContainerStateMachine:uninitialized
2019-09-25 05:06:16,341 [pool-67-thread-1] INFO  server.RaftServerConfigKeys (ConfUtils.java:logGet(43)) - raft.server.rpc.timeout.min = 5s (custom)
2019-09-25 05:06:16,341 [pool-67-thread-1] INFO  server.RaftServerConfigKeys (ConfUtils.java:logGet(43)) - raft.server.rpc.timeout.max = 5200ms (custom)
2019-09-25 05:06:16,341 [pool-67-thread-1] INFO  server.RaftServerConfigKeys (ConfUtils.java:logGet(43)) - raft.server.rpcslowness.timeout = 120s (custom)
2019-09-25 05:06:16,341 [pool-67-thread-1] INFO  server.RaftServerConfigKeys (ConfUtils.java:logGet(43)) - raft.server.sleep.deviation.threshold = 300 (default)
2019-09-25 05:06:16,341 [pool-67-thread-1] INFO  server.RaftServerConfigKeys (ConfUtils.java:logGet(43)) - raft.server.log.appender.install.snapshot.enabled = false (custom)
2019-09-25 05:06:16,341 [pool-67-thread-1] INFO  impl.RaftServerImpl (ServerState.java:<init>(103)) - 692224c4-5202-4921-98cc-04d5c60c79cc@group-7A27D85A9D2A: ConfigurationManager, init=-1: [692224c4-5202-4921-98cc-04d5c60c79cc:192.168.30.10:38144], old=null, confs=<EMPTY_MAP>
2019-09-25 05:06:16,341 [pool-67-thread-1] INFO  server.RaftServerConfigKeys (ConfUtils.java:logGet(43)) - raft.server.storage.dir = [/workdir/hadoop-ozone/integration-test/target/test-dir/MiniOzoneClusterImpl-23306158-e895-4fc7-80df-ce6c264c388b/datanode-4/data/ratis] (custom)
2019-09-25 05:06:16,342 [pool-67-thread-1] INFO  storage.RaftStorageDirectory (RaftStorageDirectory.java:analyzeStorage(246)) - The storage directory /workdir/hadoop-ozone/integration-test/target/test-dir/MiniOzoneClusterImpl-23306158-e895-4fc7-80df-ce6c264c388b/datanode-4/data/ratis/2be87897-663c-4fd3-aa41-7a27d85a9d2a does not exist. Creating ...
2019-09-25 05:06:16,349 [pool-67-thread-1] INFO  storage.RaftStorageDirectory (RaftStorageDirectory.java:tryLock(328)) - Lock on /workdir/hadoop-ozone/integration-test/target/test-dir/MiniOzoneClusterImpl-23306158-e895-4fc7-80df-ce6c264c388b/datanode-4/data/ratis/2be87897-663c-4fd3-aa41-7a27d85a9d2a/in_use.lock acquired by nodename 25526@pr-hdds-1569-s62bp-3040748787
2019-09-25 05:06:16,361 [Thread-418] INFO  impl.FollowerState (FollowerState.java:run(106)) - 36ac27b3-2f11-437d-8f1f-165306b0ff4a:group-77822DFAEBE8 changes to CANDIDATE, lastRpcTime:5061, electionTimeout:5061ms
2019-09-25 05:06:16,361 [Thread-418] INFO  impl.RoleInfo (RoleInfo.java:shutdownFollowerState(121)) - 36ac27b3-2f11-437d-8f1f-165306b0ff4a: shutdown FollowerState
2019-09-25 05:06:16,361 [Thread-418] INFO  impl.RaftServerImpl (RaftServerImpl.java:setRole(174)) - 36ac27b3-2f11-437d-8f1f-165306b0ff4a@group-77822DFAEBE8: changes role from  FOLLOWER to CANDIDATE at term 0 for changeToCandidate
2019-09-25 05:06:16,361 [Thread-418] INFO  impl.RoleInfo (RoleInfo.java:updateAndGet(143)) - 36ac27b3-2f11-437d-8f1f-165306b0ff4a: start LeaderElection
2019-09-25 05:06:16,363 [pool-67-thread-1] INFO  storage.RaftStorage (RaftStorage.java:format(72)) - Storage directory /workdir/hadoop-ozone/integration-test/target/test-dir/MiniOzoneClusterImpl-23306158-e895-4fc7-80df-ce6c264c388b/datanode-4/data/ratis/2be87897-663c-4fd3-aa41-7a27d85a9d2a has been successfully formatted.
2019-09-25 05:06:16,363 [pool-67-thread-1] INFO  ratis.ContainerStateMachine (ContainerStateMachine.java:loadSnapshot(230)) - group-7A27D85A9D2A: The snapshot info is null. Setting the last applied indexto:(t:0, i:~)
2019-09-25 05:06:16,364 [pool-67-thread-1] INFO  server.RaftServerConfigKeys (ConfUtils.java:logGet(43)) - raft.server.notification.no-leader.timeout = 120s (custom)
2019-09-25 05:06:16,364 [pool-67-thread-1] INFO  server.RaftServerConfigKeys (ConfUtils.java:logGet(43)) - raft.server.log.use.memory = false (default)
2019-09-25 05:06:16,364 [pool-67-thread-1] INFO  server.RaftServerConfigKeys (ConfUtils.java:logGet(43)) - raft.server.log.purge.gap = 1000000 (custom)
2019-09-25 05:06:16,364 [pool-67-thread-1] INFO  server.RaftServerConfigKeys (ConfUtils.java:logGet(43)) - raft.server.log.appender.buffer.byte-limit = 33554432 (custom)
2019-09-25 05:06:16,364 [pool-67-thread-1] INFO  server.RaftServerConfigKeys (ConfUtils.java:logGet(43)) - raft.server.log.segment.size.max = 1048576 (custom)
2019-09-25 05:06:16,364 [pool-67-thread-1] INFO  server.RaftServerConfigKeys (ConfUtils.java:logGet(43)) - raft.server.log.segment.cache.num.max = 2 (custom)
2019-09-25 05:06:16,364 [pool-67-thread-1] INFO  segmented.SegmentedRaftLogWorker (SegmentedRaftLogWorker.java:<init>(172)) - new 692224c4-5202-4921-98cc-04d5c60c79cc@group-7A27D85A9D2A-SegmentedRaftLogWorker for RaftStorage:Storage Directory /workdir/hadoop-ozone/integration-test/target/test-dir/MiniOzoneClusterImpl-23306158-e895-4fc7-80df-ce6c264c388b/datanode-4/data/ratis/2be87897-663c-4fd3-aa41-7a27d85a9d2a
2019-09-25 05:06:16,364 [pool-67-thread-1] INFO  server.RaftServerConfigKeys (ConfUtils.java:logGet(43)) - raft.server.log.queue.byte-limit = 2147483647 (custom)
2019-09-25 05:06:16,365 [pool-67-thread-1] INFO  server.RaftServerConfigKeys (ConfUtils.java:logGet(43)) - raft.server.log.queue.element-limit = 1024 (custom)
2019-09-25 05:06:16,365 [pool-67-thread-1] INFO  server.RaftServerConfigKeys (ConfUtils.java:logGet(43)) - raft.server.log.segment.size.max = 1048576 (custom)
2019-09-25 05:06:16,365 [pool-67-thread-1] INFO  server.RaftServerConfigKeys (ConfUtils.java:logGet(43)) - raft.server.log.preallocated.size = 16384 (custom)
2019-09-25 05:06:16,365 [pool-67-thread-1] INFO  server.RaftServerConfigKeys (ConfUtils.java:logGet(43)) - raft.server.log.write.buffer.size = 33554432 (custom)
2019-09-25 05:06:16,365 [pool-67-thread-1] INFO  server.RaftServerConfigKeys (ConfUtils.java:logGet(43)) - raft.server.log.force.sync.num = 128 (default)
2019-09-25 05:06:16,365 [pool-67-thread-1] INFO  server.RaftServerConfigKeys (ConfUtils.java:logGet(43)) - raft.server.log.statemachine.data.sync = true (default)
2019-09-25 05:06:16,365 [pool-67-thread-1] INFO  server.RaftServerConfigKeys (ConfUtils.java:logGet(43)) - raft.server.log.statemachine.data.sync.timeout = 10s (default)
2019-09-25 05:06:16,365 [pool-67-thread-1] INFO  server.RaftServerConfigKeys (ConfUtils.java:logGet(43)) - raft.server.log.statemachine.data.sync.timeout.retry = -1 (default)
2019-09-25 05:06:16,366 [pool-67-thread-1] INFO  server.RaftServerConfigKeys (ConfUtils.java:logGet(43)) - raft.server.log.statemachine.data.caching.enabled = true (custom)
2019-09-25 05:06:16,366 [pool-67-thread-1] INFO  segmented.SegmentedRaftLogWorker (SegmentedRaftLogWorker.java:lambda$new$0(132)) - 692224c4-5202-4921-98cc-04d5c60c79cc@group-7A27D85A9D2A-SegmentedRaftLogWorker: flushIndex: setUnconditionally 0 -> -1
2019-09-25 05:06:16,367 [pool-67-thread-1] INFO  server.RaftServerConfigKeys (ConfUtils.java:logGet(43)) - raft.server.snapshot.auto.trigger.enabled = true (custom)
2019-09-25 05:06:16,367 [pool-67-thread-1] INFO  server.RaftServerConfigKeys (ConfUtils.java:logGet(43)) - raft.server.snapshot.auto.trigger.threshold = 10000 (custom)
2019-09-25 05:06:16,367 [pool-67-thread-1] INFO  server.RaftServerConfigKeys (ConfUtils.java:logGet(43)) - raft.server.snapshot.retention.num.files = 5 (custom)
2019-09-25 05:06:16,367 [pool-67-thread-1] INFO  server.RaftServerConfigKeys (ConfUtils.java:logGet(43)) - raft.server.retrycache.expirytime = 600000ms (custom)
2019-09-25 05:06:16,367 [36ac27b3-2f11-437d-8f1f-165306b0ff4a@group-77822DFAEBE8:LeaderElection59] INFO  impl.LeaderElection (LeaderElection.java:askForVotes(182)) - 36ac27b3-2f11-437d-8f1f-165306b0ff4a@group-77822DFAEBE8:LeaderElection59: begin an election at term 1 for -1: [36ac27b3-2f11-437d-8f1f-165306b0ff4a:192.168.30.10:45265], old=null
2019-09-25 05:06:16,367 [36ac27b3-2f11-437d-8f1f-165306b0ff4a@group-77822DFAEBE8:LeaderElection59] INFO  impl.RoleInfo (RoleInfo.java:shutdownLeaderElection(134)) - 36ac27b3-2f11-437d-8f1f-165306b0ff4a: shutdown LeaderElection
2019-09-25 05:06:16,368 [36ac27b3-2f11-437d-8f1f-165306b0ff4a@group-77822DFAEBE8:LeaderElection59] INFO  impl.RaftServerImpl (RaftServerImpl.java:setRole(174)) - 36ac27b3-2f11-437d-8f1f-165306b0ff4a@group-77822DFAEBE8: changes role from CANDIDATE to LEADER at term 1 for changeToLeader
2019-09-25 05:06:16,368 [36ac27b3-2f11-437d-8f1f-165306b0ff4a@group-77822DFAEBE8:LeaderElection59] INFO  impl.RaftServerImpl (ServerState.java:setLeader(253)) - 36ac27b3-2f11-437d-8f1f-165306b0ff4a@group-77822DFAEBE8: change Leader from null to 36ac27b3-2f11-437d-8f1f-165306b0ff4a at term 1 for becomeLeader, leader elected after 5075ms
2019-09-25 05:06:16,368 [36ac27b3-2f11-437d-8f1f-165306b0ff4a@group-77822DFAEBE8:LeaderElection59] INFO  server.RaftServerConfigKeys (ConfUtils.java:logGet(43)) - raft.server.staging.catchup.gap = 1000 (default)
2019-09-25 05:06:16,368 [36ac27b3-2f11-437d-8f1f-165306b0ff4a@group-77822DFAEBE8:LeaderElection59] INFO  server.RaftServerConfigKeys (ConfUtils.java:logGet(43)) - raft.server.rpc.sleep.time = 25ms (default)
2019-09-25 05:06:16,369 [36ac27b3-2f11-437d-8f1f-165306b0ff4a@group-77822DFAEBE8:LeaderElection59] INFO  server.RaftServerConfigKeys (ConfUtils.java:logGet(43)) - raft.server.write.element-limit = 4096 (default)
2019-09-25 05:06:16,369 [36ac27b3-2f11-437d-8f1f-165306b0ff4a@group-77822DFAEBE8:LeaderElection59] INFO  server.RaftServerConfigKeys (ConfUtils.java:logGet(43)) - raft.server.watch.timeout = 10s (default)
2019-09-25 05:06:16,369 [pool-67-thread-1] INFO  impl.RaftServerImpl (RaftServerImpl.java:start(185)) - 692224c4-5202-4921-98cc-04d5c60c79cc@group-7A27D85A9D2A: start as a follower, conf=-1: [692224c4-5202-4921-98cc-04d5c60c79cc:192.168.30.10:38144], old=null
2019-09-25 05:06:16,369 [36ac27b3-2f11-437d-8f1f-165306b0ff4a@group-77822DFAEBE8:LeaderElection59] INFO  server.RaftServerConfigKeys (ConfUtils.java:logGet(43)) - raft.server.watch.timeout.denomination = 1s (default)
2019-09-25 05:06:16,369 [pool-67-thread-1] INFO  impl.RaftServerImpl (RaftServerImpl.java:setRole(174)) - 692224c4-5202-4921-98cc-04d5c60c79cc@group-7A27D85A9D2A: changes role from      null to FOLLOWER at term 0 for startAsFollower
2019-09-25 05:06:16,369 [36ac27b3-2f11-437d-8f1f-165306b0ff4a@group-77822DFAEBE8:LeaderElection59] INFO  server.RaftServerConfigKeys (ConfUtils.java:logGet(43)) - raft.server.watch.element-limit = 65536 (default)
2019-09-25 05:06:16,369 [pool-67-thread-1] INFO  impl.RoleInfo (RoleInfo.java:updateAndGet(143)) - 692224c4-5202-4921-98cc-04d5c60c79cc: start FollowerState
2019-09-25 05:06:16,370 [pool-67-thread-1] INFO  util.JmxRegister (JmxRegister.java:tryRegister(44)) - Successfully registered JMX Bean with object name Ratis:service=RaftServer,group=group-7A27D85A9D2A,id=692224c4-5202-4921-98cc-04d5c60c79cc
2019-09-25 05:06:16,373 [36ac27b3-2f11-437d-8f1f-165306b0ff4a@group-77822DFAEBE8:LeaderElection59] INFO  impl.RoleInfo (RoleInfo.java:updateAndGet(143)) - 36ac27b3-2f11-437d-8f1f-165306b0ff4a: start LeaderState
2019-09-25 05:06:16,373 [36ac27b3-2f11-437d-8f1f-165306b0ff4a@group-77822DFAEBE8:LeaderElection59] INFO  segmented.SegmentedRaftLogWorker (SegmentedRaftLogWorker.java:startLogSegment(380)) - 36ac27b3-2f11-437d-8f1f-165306b0ff4a@group-77822DFAEBE8-SegmentedRaftLogWorker: Starting segment from index:0
2019-09-25 05:06:16,374 [RatisPipelineUtilsThread] INFO  pipeline.PipelineStateManager (PipelineStateManager.java:addPipeline(56)) - Created pipeline Pipeline[ Id: 2be87897-663c-4fd3-aa41-7a27d85a9d2a, Nodes: 692224c4-5202-4921-98cc-04d5c60c79cc{ip: 192.168.30.10, host: pr-hdds-1569-s62bp-3040748787, networkLocation: /default-rack, certSerialId: null}, Type:RATIS, Factor:ONE, State:OPEN]
2019-09-25 05:06:16,374 [36ac27b3-2f11-437d-8f1f-165306b0ff4a@group-77822DFAEBE8:LeaderElection59] INFO  impl.RaftServerImpl (ServerState.java:setRaftConf(354)) - 36ac27b3-2f11-437d-8f1f-165306b0ff4a@group-77822DFAEBE8: set configuration 0: [36ac27b3-2f11-437d-8f1f-165306b0ff4a:192.168.30.10:45265], old=null at 0
2019-09-25 05:06:16,379 [grpc-default-executor-0] INFO  impl.RaftServerProxy (RaftServerProxy.java:addNew(89)) - 56396258-65a3-478c-9482-0be0199dd49c: addNew group-D960DA882FC6:[56396258-65a3-478c-9482-0be0199dd49c:192.168.30.10:41678] returns group-D960DA882FC6:java.util.concurrent.CompletableFuture@4cfc0ca1[Not completed]
2019-09-25 05:06:16,380 [pool-87-thread-1] INFO  impl.RaftServerImpl (RaftServerImpl.java:<init>(95)) - 56396258-65a3-478c-9482-0be0199dd49c: new RaftServerImpl for group-D960DA882FC6:[56396258-65a3-478c-9482-0be0199dd49c:192.168.30.10:41678] with ContainerStateMachine:uninitialized
2019-09-25 05:06:16,380 [pool-87-thread-1] INFO  server.RaftServerConfigKeys (ConfUtils.java:logGet(43)) - raft.server.rpc.timeout.min = 5s (custom)
2019-09-25 05:06:16,380 [pool-87-thread-1] INFO  server.RaftServerConfigKeys (ConfUtils.java:logGet(43)) - raft.server.rpc.timeout.max = 5200ms (custom)
2019-09-25 05:06:16,380 [pool-87-thread-1] INFO  server.RaftServerConfigKeys (ConfUtils.java:logGet(43)) - raft.server.rpcslowness.timeout = 120s (custom)
2019-09-25 05:06:16,380 [pool-87-thread-1] INFO  server.RaftServerConfigKeys (ConfUtils.java:logGet(43)) - raft.server.sleep.deviation.threshold = 300 (default)
2019-09-25 05:06:16,380 [pool-87-thread-1] INFO  server.RaftServerConfigKeys (ConfUtils.java:logGet(43)) - raft.server.log.appender.install.snapshot.enabled = false (custom)
2019-09-25 05:06:16,381 [pool-87-thread-1] INFO  impl.RaftServerImpl (ServerState.java:<init>(103)) - 56396258-65a3-478c-9482-0be0199dd49c@group-D960DA882FC6: ConfigurationManager, init=-1: [56396258-65a3-478c-9482-0be0199dd49c:192.168.30.10:41678], old=null, confs=<EMPTY_MAP>
2019-09-25 05:06:16,381 [pool-87-thread-1] INFO  server.RaftServerConfigKeys (ConfUtils.java:logGet(43)) - raft.server.storage.dir = [/workdir/hadoop-ozone/integration-test/target/test-dir/MiniOzoneClusterImpl-23306158-e895-4fc7-80df-ce6c264c388b/datanode-6/data/ratis] (custom)
2019-09-25 05:06:16,382 [pool-87-thread-1] INFO  storage.RaftStorageDirectory (RaftStorageDirectory.java:analyzeStorage(246)) - The storage directory /workdir/hadoop-ozone/integration-test/target/test-dir/MiniOzoneClusterImpl-23306158-e895-4fc7-80df-ce6c264c388b/datanode-6/data/ratis/faad6b4c-db0a-4c43-b140-d960da882fc6 does not exist. Creating ...
2019-09-25 05:06:16,396 [pool-87-thread-1] INFO  storage.RaftStorageDirectory (RaftStorageDirectory.java:tryLock(328)) - Lock on /workdir/hadoop-ozone/integration-test/target/test-dir/MiniOzoneClusterImpl-23306158-e895-4fc7-80df-ce6c264c388b/datanode-6/data/ratis/faad6b4c-db0a-4c43-b140-d960da882fc6/in_use.lock acquired by nodename 25526@pr-hdds-1569-s62bp-3040748787
2019-09-25 05:06:16,410 [36ac27b3-2f11-437d-8f1f-165306b0ff4a@group-77822DFAEBE8-SegmentedRaftLogWorker] INFO  segmented.SegmentedRaftLogWorker (SegmentedRaftLogWorker.java:execute(569)) - 36ac27b3-2f11-437d-8f1f-165306b0ff4a@group-77822DFAEBE8-SegmentedRaftLogWorker: created new log segment /workdir/hadoop-ozone/integration-test/target/test-dir/MiniOzoneClusterImpl-23306158-e895-4fc7-80df-ce6c264c388b/datanode-1/data/ratis/736e7459-5bb8-48fa-971d-77822dfaebe8/current/log_inprogress_0
2019-09-25 05:06:16,410 [pool-87-thread-1] INFO  storage.RaftStorage (RaftStorage.java:format(72)) - Storage directory /workdir/hadoop-ozone/integration-test/target/test-dir/MiniOzoneClusterImpl-23306158-e895-4fc7-80df-ce6c264c388b/datanode-6/data/ratis/faad6b4c-db0a-4c43-b140-d960da882fc6 has been successfully formatted.
2019-09-25 05:06:16,410 [pool-87-thread-1] INFO  ratis.ContainerStateMachine (ContainerStateMachine.java:loadSnapshot(230)) - group-D960DA882FC6: The snapshot info is null. Setting the last applied indexto:(t:0, i:~)
2019-09-25 05:06:16,410 [pool-87-thread-1] INFO  server.RaftServerConfigKeys (ConfUtils.java:logGet(43)) - raft.server.notification.no-leader.timeout = 120s (custom)
2019-09-25 05:06:16,410 [pool-87-thread-1] INFO  server.RaftServerConfigKeys (ConfUtils.java:logGet(43)) - raft.server.log.use.memory = false (default)
2019-09-25 05:06:16,410 [pool-87-thread-1] INFO  server.RaftServerConfigKeys (ConfUtils.java:logGet(43)) - raft.server.log.purge.gap = 1000000 (custom)
2019-09-25 05:06:16,411 [pool-87-thread-1] INFO  server.RaftServerConfigKeys (ConfUtils.java:logGet(43)) - raft.server.log.appender.buffer.byte-limit = 33554432 (custom)
2019-09-25 05:06:16,411 [pool-87-thread-1] INFO  server.RaftServerConfigKeys (ConfUtils.java:logGet(43)) - raft.server.log.segment.size.max = 1048576 (custom)
2019-09-25 05:06:16,411 [pool-87-thread-1] INFO  server.RaftServerConfigKeys (ConfUtils.java:logGet(43)) - raft.server.log.segment.cache.num.max = 2 (custom)
2019-09-25 05:06:16,411 [pool-87-thread-1] INFO  segmented.SegmentedRaftLogWorker (SegmentedRaftLogWorker.java:<init>(172)) - new 56396258-65a3-478c-9482-0be0199dd49c@group-D960DA882FC6-SegmentedRaftLogWorker for RaftStorage:Storage Directory /workdir/hadoop-ozone/integration-test/target/test-dir/MiniOzoneClusterImpl-23306158-e895-4fc7-80df-ce6c264c388b/datanode-6/data/ratis/faad6b4c-db0a-4c43-b140-d960da882fc6
2019-09-25 05:06:16,411 [pool-87-thread-1] INFO  server.RaftServerConfigKeys (ConfUtils.java:logGet(43)) - raft.server.log.queue.byte-limit = 2147483647 (custom)
2019-09-25 05:06:16,411 [pool-87-thread-1] INFO  server.RaftServerConfigKeys (ConfUtils.java:logGet(43)) - raft.server.log.queue.element-limit = 1024 (custom)
2019-09-25 05:06:16,411 [pool-87-thread-1] INFO  server.RaftServerConfigKeys (ConfUtils.java:logGet(43)) - raft.server.log.segment.size.max = 1048576 (custom)
2019-09-25 05:06:16,411 [pool-87-thread-1] INFO  server.RaftServerConfigKeys (ConfUtils.java:logGet(43)) - raft.server.log.preallocated.size = 16384 (custom)
2019-09-25 05:06:16,411 [pool-87-thread-1] INFO  server.RaftServerConfigKeys (ConfUtils.java:logGet(43)) - raft.server.log.write.buffer.size = 33554432 (custom)
2019-09-25 05:06:16,412 [pool-87-thread-1] INFO  server.RaftServerConfigKeys (ConfUtils.java:logGet(43)) - raft.server.log.force.sync.num = 128 (default)
2019-09-25 05:06:16,412 [pool-87-thread-1] INFO  server.RaftServerConfigKeys (ConfUtils.java:logGet(43)) - raft.server.log.statemachine.data.sync = true (default)
2019-09-25 05:06:16,412 [pool-87-thread-1] INFO  server.RaftServerConfigKeys (ConfUtils.java:logGet(43)) - raft.server.log.statemachine.data.sync.timeout = 10s (default)
2019-09-25 05:06:16,412 [pool-87-thread-1] INFO  server.RaftServerConfigKeys (ConfUtils.java:logGet(43)) - raft.server.log.statemachine.data.sync.timeout.retry = -1 (default)
2019-09-25 05:06:16,412 [pool-87-thread-1] INFO  server.RaftServerConfigKeys (ConfUtils.java:logGet(43)) - raft.server.log.statemachine.data.caching.enabled = true (custom)
2019-09-25 05:06:16,412 [pool-87-thread-1] INFO  segmented.SegmentedRaftLogWorker (SegmentedRaftLogWorker.java:lambda$new$0(132)) - 56396258-65a3-478c-9482-0be0199dd49c@group-D960DA882FC6-SegmentedRaftLogWorker: flushIndex: setUnconditionally 0 -> -1
2019-09-25 05:06:16,413 [pool-87-thread-1] INFO  server.RaftServerConfigKeys (ConfUtils.java:logGet(43)) - raft.server.snapshot.auto.trigger.enabled = true (custom)
2019-09-25 05:06:16,413 [pool-87-thread-1] INFO  server.RaftServerConfigKeys (ConfUtils.java:logGet(43)) - raft.server.snapshot.auto.trigger.threshold = 10000 (custom)
2019-09-25 05:06:16,413 [pool-87-thread-1] INFO  server.RaftServerConfigKeys (ConfUtils.java:logGet(43)) - raft.server.snapshot.retention.num.files = 5 (custom)
2019-09-25 05:06:16,413 [pool-87-thread-1] INFO  server.RaftServerConfigKeys (ConfUtils.java:logGet(43)) - raft.server.retrycache.expirytime = 600000ms (custom)
2019-09-25 05:06:16,415 [pool-87-thread-1] INFO  impl.RaftServerImpl (RaftServerImpl.java:start(185)) - 56396258-65a3-478c-9482-0be0199dd49c@group-D960DA882FC6: start as a follower, conf=-1: [56396258-65a3-478c-9482-0be0199dd49c:192.168.30.10:41678], old=null
2019-09-25 05:06:16,415 [pool-87-thread-1] INFO  impl.RaftServerImpl (RaftServerImpl.java:setRole(174)) - 56396258-65a3-478c-9482-0be0199dd49c@group-D960DA882FC6: changes role from      null to FOLLOWER at term 0 for startAsFollower
2019-09-25 05:06:16,415 [pool-87-thread-1] INFO  impl.RoleInfo (RoleInfo.java:updateAndGet(143)) - 56396258-65a3-478c-9482-0be0199dd49c: start FollowerState
2019-09-25 05:06:16,415 [pool-87-thread-1] INFO  util.JmxRegister (JmxRegister.java:tryRegister(44)) - Successfully registered JMX Bean with object name Ratis:service=RaftServer,group=group-D960DA882FC6,id=56396258-65a3-478c-9482-0be0199dd49c
2019-09-25 05:06:16,418 [RatisPipelineUtilsThread] INFO  pipeline.PipelineStateManager (PipelineStateManager.java:addPipeline(56)) - Created pipeline Pipeline[ Id: faad6b4c-db0a-4c43-b140-d960da882fc6, Nodes: 56396258-65a3-478c-9482-0be0199dd49c{ip: 192.168.30.10, host: pr-hdds-1569-s62bp-3040748787, networkLocation: /default-rack, certSerialId: null}, Type:RATIS, Factor:ONE, State:OPEN]
2019-09-25 05:06:16,423 [grpc-default-executor-0] INFO  impl.RaftServerProxy (RaftServerProxy.java:addNew(89)) - 56396258-65a3-478c-9482-0be0199dd49c: addNew group-FC5E68C66751:[56396258-65a3-478c-9482-0be0199dd49c:192.168.30.10:41678] returns group-FC5E68C66751:java.util.concurrent.CompletableFuture@3eed8d0d[Not completed]
2019-09-25 05:06:16,424 [pool-87-thread-1] INFO  impl.RaftServerImpl (RaftServerImpl.java:<init>(95)) - 56396258-65a3-478c-9482-0be0199dd49c: new RaftServerImpl for group-FC5E68C66751:[56396258-65a3-478c-9482-0be0199dd49c:192.168.30.10:41678] with ContainerStateMachine:uninitialized
2019-09-25 05:06:16,424 [pool-87-thread-1] INFO  server.RaftServerConfigKeys (ConfUtils.java:logGet(43)) - raft.server.rpc.timeout.min = 5s (custom)
2019-09-25 05:06:16,424 [pool-87-thread-1] INFO  server.RaftServerConfigKeys (ConfUtils.java:logGet(43)) - raft.server.rpc.timeout.max = 5200ms (custom)
2019-09-25 05:06:16,424 [pool-87-thread-1] INFO  server.RaftServerConfigKeys (ConfUtils.java:logGet(43)) - raft.server.rpcslowness.timeout = 120s (custom)
2019-09-25 05:06:16,424 [pool-87-thread-1] INFO  server.RaftServerConfigKeys (ConfUtils.java:logGet(43)) - raft.server.sleep.deviation.threshold = 300 (default)
2019-09-25 05:06:16,424 [pool-87-thread-1] INFO  server.RaftServerConfigKeys (ConfUtils.java:logGet(43)) - raft.server.log.appender.install.snapshot.enabled = false (custom)
2019-09-25 05:06:16,424 [pool-87-thread-1] INFO  impl.RaftServerImpl (ServerState.java:<init>(103)) - 56396258-65a3-478c-9482-0be0199dd49c@group-FC5E68C66751: ConfigurationManager, init=-1: [56396258-65a3-478c-9482-0be0199dd49c:192.168.30.10:41678], old=null, confs=<EMPTY_MAP>
2019-09-25 05:06:16,425 [pool-87-thread-1] INFO  server.RaftServerConfigKeys (ConfUtils.java:logGet(43)) - raft.server.storage.dir = [/workdir/hadoop-ozone/integration-test/target/test-dir/MiniOzoneClusterImpl-23306158-e895-4fc7-80df-ce6c264c388b/datanode-6/data/ratis] (custom)
2019-09-25 05:06:16,425 [pool-87-thread-1] INFO  storage.RaftStorageDirectory (RaftStorageDirectory.java:analyzeStorage(246)) - The storage directory /workdir/hadoop-ozone/integration-test/target/test-dir/MiniOzoneClusterImpl-23306158-e895-4fc7-80df-ce6c264c388b/datanode-6/data/ratis/cefed521-d28c-4489-808c-fc5e68c66751 does not exist. Creating ...
2019-09-25 05:06:16,438 [pool-87-thread-1] INFO  storage.RaftStorageDirectory (RaftStorageDirectory.java:tryLock(328)) - Lock on /workdir/hadoop-ozone/integration-test/target/test-dir/MiniOzoneClusterImpl-23306158-e895-4fc7-80df-ce6c264c388b/datanode-6/data/ratis/cefed521-d28c-4489-808c-fc5e68c66751/in_use.lock acquired by nodename 25526@pr-hdds-1569-s62bp-3040748787
2019-09-25 05:06:16,452 [pool-87-thread-1] INFO  storage.RaftStorage (RaftStorage.java:format(72)) - Storage directory /workdir/hadoop-ozone/integration-test/target/test-dir/MiniOzoneClusterImpl-23306158-e895-4fc7-80df-ce6c264c388b/datanode-6/data/ratis/cefed521-d28c-4489-808c-fc5e68c66751 has been successfully formatted.
2019-09-25 05:06:16,452 [pool-87-thread-1] INFO  ratis.ContainerStateMachine (ContainerStateMachine.java:loadSnapshot(230)) - group-FC5E68C66751: The snapshot info is null. Setting the last applied indexto:(t:0, i:~)
2019-09-25 05:06:16,452 [pool-87-thread-1] INFO  server.RaftServerConfigKeys (ConfUtils.java:logGet(43)) - raft.server.notification.no-leader.timeout = 120s (custom)
2019-09-25 05:06:16,452 [pool-87-thread-1] INFO  server.RaftServerConfigKeys (ConfUtils.java:logGet(43)) - raft.server.log.use.memory = false (default)
2019-09-25 05:06:16,453 [pool-87-thread-1] INFO  server.RaftServerConfigKeys (ConfUtils.java:logGet(43)) - raft.server.log.purge.gap = 1000000 (custom)
2019-09-25 05:06:16,453 [pool-87-thread-1] INFO  server.RaftServerConfigKeys (ConfUtils.java:logGet(43)) - raft.server.log.appender.buffer.byte-limit = 33554432 (custom)
2019-09-25 05:06:16,453 [pool-87-thread-1] INFO  server.RaftServerConfigKeys (ConfUtils.java:logGet(43)) - raft.server.log.segment.size.max = 1048576 (custom)
2019-09-25 05:06:16,453 [pool-87-thread-1] INFO  server.RaftServerConfigKeys (ConfUtils.java:logGet(43)) - raft.server.log.segment.cache.num.max = 2 (custom)
2019-09-25 05:06:16,453 [pool-87-thread-1] INFO  segmented.SegmentedRaftLogWorker (SegmentedRaftLogWorker.java:<init>(172)) - new 56396258-65a3-478c-9482-0be0199dd49c@group-FC5E68C66751-SegmentedRaftLogWorker for RaftStorage:Storage Directory /workdir/hadoop-ozone/integration-test/target/test-dir/MiniOzoneClusterImpl-23306158-e895-4fc7-80df-ce6c264c388b/datanode-6/data/ratis/cefed521-d28c-4489-808c-fc5e68c66751
2019-09-25 05:06:16,453 [pool-87-thread-1] INFO  server.RaftServerConfigKeys (ConfUtils.java:logGet(43)) - raft.server.log.queue.byte-limit = 2147483647 (custom)
2019-09-25 05:06:16,454 [pool-87-thread-1] INFO  server.RaftServerConfigKeys (ConfUtils.java:logGet(43)) - raft.server.log.queue.element-limit = 1024 (custom)
2019-09-25 05:06:16,454 [pool-87-thread-1] INFO  server.RaftServerConfigKeys (ConfUtils.java:logGet(43)) - raft.server.log.segment.size.max = 1048576 (custom)
2019-09-25 05:06:16,454 [pool-87-thread-1] INFO  server.RaftServerConfigKeys (ConfUtils.java:logGet(43)) - raft.server.log.preallocated.size = 16384 (custom)
2019-09-25 05:06:16,454 [pool-87-thread-1] INFO  server.RaftServerConfigKeys (ConfUtils.java:logGet(43)) - raft.server.log.write.buffer.size = 33554432 (custom)
2019-09-25 05:06:16,454 [pool-87-thread-1] INFO  server.RaftServerConfigKeys (ConfUtils.java:logGet(43)) - raft.server.log.force.sync.num = 128 (default)
2019-09-25 05:06:16,454 [pool-87-thread-1] INFO  server.RaftServerConfigKeys (ConfUtils.java:logGet(43)) - raft.server.log.statemachine.data.sync = true (default)
2019-09-25 05:06:16,454 [pool-87-thread-1] INFO  server.RaftServerConfigKeys (ConfUtils.java:logGet(43)) - raft.server.log.statemachine.data.sync.timeout = 10s (default)
2019-09-25 05:06:16,455 [pool-87-thread-1] INFO  server.RaftServerConfigKeys (ConfUtils.java:logGet(43)) - raft.server.log.statemachine.data.sync.timeout.retry = -1 (default)
2019-09-25 05:06:16,455 [pool-87-thread-1] INFO  server.RaftServerConfigKeys (ConfUtils.java:logGet(43)) - raft.server.log.statemachine.data.caching.enabled = true (custom)
2019-09-25 05:06:16,455 [pool-87-thread-1] INFO  segmented.SegmentedRaftLogWorker (SegmentedRaftLogWorker.java:lambda$new$0(132)) - 56396258-65a3-478c-9482-0be0199dd49c@group-FC5E68C66751-SegmentedRaftLogWorker: flushIndex: setUnconditionally 0 -> -1
2019-09-25 05:06:16,456 [pool-87-thread-1] INFO  server.RaftServerConfigKeys (ConfUtils.java:logGet(43)) - raft.server.snapshot.auto.trigger.enabled = true (custom)
2019-09-25 05:06:16,456 [pool-87-thread-1] INFO  server.RaftServerConfigKeys (ConfUtils.java:logGet(43)) - raft.server.snapshot.auto.trigger.threshold = 10000 (custom)
2019-09-25 05:06:16,456 [pool-87-thread-1] INFO  server.RaftServerConfigKeys (ConfUtils.java:logGet(43)) - raft.server.snapshot.retention.num.files = 5 (custom)
2019-09-25 05:06:16,456 [pool-87-thread-1] INFO  server.RaftServerConfigKeys (ConfUtils.java:logGet(43)) - raft.server.retrycache.expirytime = 600000ms (custom)
2019-09-25 05:06:16,458 [pool-87-thread-1] INFO  impl.RaftServerImpl (RaftServerImpl.java:start(185)) - 56396258-65a3-478c-9482-0be0199dd49c@group-FC5E68C66751: start as a follower, conf=-1: [56396258-65a3-478c-9482-0be0199dd49c:192.168.30.10:41678], old=null
2019-09-25 05:06:16,458 [pool-87-thread-1] INFO  impl.RaftServerImpl (RaftServerImpl.java:setRole(174)) - 56396258-65a3-478c-9482-0be0199dd49c@group-FC5E68C66751: changes role from      null to FOLLOWER at term 0 for startAsFollower
2019-09-25 05:06:16,458 [pool-87-thread-1] INFO  impl.RoleInfo (RoleInfo.java:updateAndGet(143)) - 56396258-65a3-478c-9482-0be0199dd49c: start FollowerState
2019-09-25 05:06:16,459 [pool-87-thread-1] INFO  util.JmxRegister (JmxRegister.java:tryRegister(44)) - Successfully registered JMX Bean with object name Ratis:service=RaftServer,group=group-FC5E68C66751,id=56396258-65a3-478c-9482-0be0199dd49c
2019-09-25 05:06:16,461 [RatisPipelineUtilsThread] INFO  pipeline.PipelineStateManager (PipelineStateManager.java:addPipeline(56)) - Created pipeline Pipeline[ Id: cefed521-d28c-4489-808c-fc5e68c66751, Nodes: 56396258-65a3-478c-9482-0be0199dd49c{ip: 192.168.30.10, host: pr-hdds-1569-s62bp-3040748787, networkLocation: /default-rack, certSerialId: null}, Type:RATIS, Factor:ONE, State:OPEN]
2019-09-25 05:06:16,466 [Thread-430] INFO  impl.FollowerState (FollowerState.java:run(106)) - b4fa7d23-6606-45fd-9544-2b08ca3fa933:group-875B6BD28FE6 changes to CANDIDATE, lastRpcTime:5000, electionTimeout:5000ms
2019-09-25 05:06:16,466 [Thread-430] INFO  impl.RoleInfo (RoleInfo.java:shutdownFollowerState(121)) - b4fa7d23-6606-45fd-9544-2b08ca3fa933: shutdown FollowerState
2019-09-25 05:06:16,467 [grpc-default-executor-0] INFO  impl.RaftServerProxy (RaftServerProxy.java:addNew(89)) - de37f7a0-0375-40a9-a318-404478482fcb: addNew group-C088ACFB0C23:[de37f7a0-0375-40a9-a318-404478482fcb:192.168.30.10:44522] returns group-C088ACFB0C23:java.util.concurrent.CompletableFuture@42f4075d[Not completed]
2019-09-25 05:06:16,467 [Thread-430] INFO  impl.RaftServerImpl (RaftServerImpl.java:setRole(174)) - b4fa7d23-6606-45fd-9544-2b08ca3fa933@group-875B6BD28FE6: changes role from  FOLLOWER to CANDIDATE at term 0 for changeToCandidate
2019-09-25 05:06:16,467 [Thread-430] INFO  impl.RoleInfo (RoleInfo.java:updateAndGet(143)) - b4fa7d23-6606-45fd-9544-2b08ca3fa933: start LeaderElection
2019-09-25 05:06:16,468 [pool-57-thread-1] INFO  impl.RaftServerImpl (RaftServerImpl.java:<init>(95)) - de37f7a0-0375-40a9-a318-404478482fcb: new RaftServerImpl for group-C088ACFB0C23:[de37f7a0-0375-40a9-a318-404478482fcb:192.168.30.10:44522] with ContainerStateMachine:uninitialized
2019-09-25 05:06:16,468 [pool-57-thread-1] INFO  server.RaftServerConfigKeys (ConfUtils.java:logGet(43)) - raft.server.rpc.timeout.min = 5s (custom)
2019-09-25 05:06:16,468 [pool-57-thread-1] INFO  server.RaftServerConfigKeys (ConfUtils.java:logGet(43)) - raft.server.rpc.timeout.max = 5200ms (custom)
2019-09-25 05:06:16,468 [pool-57-thread-1] INFO  server.RaftServerConfigKeys (ConfUtils.java:logGet(43)) - raft.server.rpcslowness.timeout = 120s (custom)
2019-09-25 05:06:16,468 [pool-57-thread-1] INFO  server.RaftServerConfigKeys (ConfUtils.java:logGet(43)) - raft.server.sleep.deviation.threshold = 300 (default)
2019-09-25 05:06:16,468 [pool-57-thread-1] INFO  server.RaftServerConfigKeys (ConfUtils.java:logGet(43)) - raft.server.log.appender.install.snapshot.enabled = false (custom)
2019-09-25 05:06:16,469 [pool-57-thread-1] INFO  impl.RaftServerImpl (ServerState.java:<init>(103)) - de37f7a0-0375-40a9-a318-404478482fcb@group-C088ACFB0C23: ConfigurationManager, init=-1: [de37f7a0-0375-40a9-a318-404478482fcb:192.168.30.10:44522], old=null, confs=<EMPTY_MAP>
2019-09-25 05:06:16,469 [pool-57-thread-1] INFO  server.RaftServerConfigKeys (ConfUtils.java:logGet(43)) - raft.server.storage.dir = [/workdir/hadoop-ozone/integration-test/target/test-dir/MiniOzoneClusterImpl-23306158-e895-4fc7-80df-ce6c264c388b/datanode-3/data/ratis] (custom)
2019-09-25 05:06:16,469 [pool-57-thread-1] INFO  storage.RaftStorageDirectory (RaftStorageDirectory.java:analyzeStorage(246)) - The storage directory /workdir/hadoop-ozone/integration-test/target/test-dir/MiniOzoneClusterImpl-23306158-e895-4fc7-80df-ce6c264c388b/datanode-3/data/ratis/66537903-e4fa-4929-8e50-c088acfb0c23 does not exist. Creating ...
2019-09-25 05:06:16,479 [Thread-424] INFO  impl.FollowerState (FollowerState.java:run(106)) - b4fa7d23-6606-45fd-9544-2b08ca3fa933:group-824B5A6112AE changes to CANDIDATE, lastRpcTime:5098, electionTimeout:5098ms
2019-09-25 05:06:16,479 [Thread-424] INFO  impl.RoleInfo (RoleInfo.java:shutdownFollowerState(121)) - b4fa7d23-6606-45fd-9544-2b08ca3fa933: shutdown FollowerState
2019-09-25 05:06:16,479 [Thread-424] INFO  impl.RaftServerImpl (RaftServerImpl.java:setRole(174)) - b4fa7d23-6606-45fd-9544-2b08ca3fa933@group-824B5A6112AE: changes role from  FOLLOWER to CANDIDATE at term 0 for changeToCandidate
2019-09-25 05:06:16,480 [Thread-424] INFO  impl.RoleInfo (RoleInfo.java:updateAndGet(143)) - b4fa7d23-6606-45fd-9544-2b08ca3fa933: start LeaderElection
2019-09-25 05:06:16,482 [pool-57-thread-1] INFO  storage.RaftStorageDirectory (RaftStorageDirectory.java:tryLock(328)) - Lock on /workdir/hadoop-ozone/integration-test/target/test-dir/MiniOzoneClusterImpl-23306158-e895-4fc7-80df-ce6c264c388b/datanode-3/data/ratis/66537903-e4fa-4929-8e50-c088acfb0c23/in_use.lock acquired by nodename 25526@pr-hdds-1569-s62bp-3040748787
2019-09-25 05:06:16,482 [b4fa7d23-6606-45fd-9544-2b08ca3fa933@group-875B6BD28FE6:LeaderElection60] INFO  impl.LeaderElection (LeaderElection.java:askForVotes(182)) - b4fa7d23-6606-45fd-9544-2b08ca3fa933@group-875B6BD28FE6:LeaderElection60: begin an election at term 1 for -1: [b4fa7d23-6606-45fd-9544-2b08ca3fa933:192.168.30.10:34493], old=null
2019-09-25 05:06:16,482 [b4fa7d23-6606-45fd-9544-2b08ca3fa933@group-875B6BD28FE6:LeaderElection60] INFO  impl.RoleInfo (RoleInfo.java:shutdownLeaderElection(134)) - b4fa7d23-6606-45fd-9544-2b08ca3fa933: shutdown LeaderElection
2019-09-25 05:06:16,482 [b4fa7d23-6606-45fd-9544-2b08ca3fa933@group-875B6BD28FE6:LeaderElection60] INFO  impl.RaftServerImpl (RaftServerImpl.java:setRole(174)) - b4fa7d23-6606-45fd-9544-2b08ca3fa933@group-875B6BD28FE6: changes role from CANDIDATE to LEADER at term 1 for changeToLeader
2019-09-25 05:06:16,482 [b4fa7d23-6606-45fd-9544-2b08ca3fa933@group-875B6BD28FE6:LeaderElection60] INFO  impl.RaftServerImpl (ServerState.java:setLeader(253)) - b4fa7d23-6606-45fd-9544-2b08ca3fa933@group-875B6BD28FE6: change Leader from null to b4fa7d23-6606-45fd-9544-2b08ca3fa933 at term 1 for becomeLeader, leader elected after 5023ms
2019-09-25 05:06:16,482 [b4fa7d23-6606-45fd-9544-2b08ca3fa933@group-875B6BD28FE6:LeaderElection60] INFO  server.RaftServerConfigKeys (ConfUtils.java:logGet(43)) - raft.server.staging.catchup.gap = 1000 (default)
2019-09-25 05:06:16,482 [b4fa7d23-6606-45fd-9544-2b08ca3fa933@group-875B6BD28FE6:LeaderElection60] INFO  server.RaftServerConfigKeys (ConfUtils.java:logGet(43)) - raft.server.rpc.sleep.time = 25ms (default)
2019-09-25 05:06:16,482 [b4fa7d23-6606-45fd-9544-2b08ca3fa933@group-875B6BD28FE6:LeaderElection60] INFO  server.RaftServerConfigKeys (ConfUtils.java:logGet(43)) - raft.server.write.element-limit = 4096 (default)
2019-09-25 05:06:16,483 [b4fa7d23-6606-45fd-9544-2b08ca3fa933@group-875B6BD28FE6:LeaderElection60] INFO  server.RaftServerConfigKeys (ConfUtils.java:logGet(43)) - raft.server.watch.timeout = 10s (default)
2019-09-25 05:06:16,483 [b4fa7d23-6606-45fd-9544-2b08ca3fa933@group-875B6BD28FE6:LeaderElection60] INFO  server.RaftServerConfigKeys (ConfUtils.java:logGet(43)) - raft.server.watch.timeout.denomination = 1s (default)
2019-09-25 05:06:16,483 [b4fa7d23-6606-45fd-9544-2b08ca3fa933@group-875B6BD28FE6:LeaderElection60] INFO  server.RaftServerConfigKeys (ConfUtils.java:logGet(43)) - raft.server.watch.element-limit = 65536 (default)
2019-09-25 05:06:16,484 [b4fa7d23-6606-45fd-9544-2b08ca3fa933@group-824B5A6112AE:LeaderElection61] INFO  impl.LeaderElection (LeaderElection.java:askForVotes(182)) - b4fa7d23-6606-45fd-9544-2b08ca3fa933@group-824B5A6112AE:LeaderElection61: begin an election at term 1 for -1: [b4fa7d23-6606-45fd-9544-2b08ca3fa933:192.168.30.10:34493], old=null
2019-09-25 05:06:16,484 [b4fa7d23-6606-45fd-9544-2b08ca3fa933@group-824B5A6112AE:LeaderElection61] INFO  impl.RoleInfo (RoleInfo.java:shutdownLeaderElection(134)) - b4fa7d23-6606-45fd-9544-2b08ca3fa933: shutdown LeaderElection
2019-09-25 05:06:16,484 [b4fa7d23-6606-45fd-9544-2b08ca3fa933@group-824B5A6112AE:LeaderElection61] INFO  impl.RaftServerImpl (RaftServerImpl.java:setRole(174)) - b4fa7d23-6606-45fd-9544-2b08ca3fa933@group-824B5A6112AE: changes role from CANDIDATE to LEADER at term 1 for changeToLeader
2019-09-25 05:06:16,484 [b4fa7d23-6606-45fd-9544-2b08ca3fa933@group-824B5A6112AE:LeaderElection61] INFO  impl.RaftServerImpl (ServerState.java:setLeader(253)) - b4fa7d23-6606-45fd-9544-2b08ca3fa933@group-824B5A6112AE: change Leader from null to b4fa7d23-6606-45fd-9544-2b08ca3fa933 at term 1 for becomeLeader, leader elected after 5109ms
2019-09-25 05:06:16,485 [b4fa7d23-6606-45fd-9544-2b08ca3fa933@group-875B6BD28FE6:LeaderElection60] INFO  impl.RoleInfo (RoleInfo.java:updateAndGet(143)) - b4fa7d23-6606-45fd-9544-2b08ca3fa933: start LeaderState
2019-09-25 05:06:16,485 [b4fa7d23-6606-45fd-9544-2b08ca3fa933@group-824B5A6112AE:LeaderElection61] INFO  server.RaftServerConfigKeys (ConfUtils.java:logGet(43)) - raft.server.staging.catchup.gap = 1000 (default)
2019-09-25 05:06:16,485 [b4fa7d23-6606-45fd-9544-2b08ca3fa933@group-875B6BD28FE6:LeaderElection60] INFO  segmented.SegmentedRaftLogWorker (SegmentedRaftLogWorker.java:startLogSegment(380)) - b4fa7d23-6606-45fd-9544-2b08ca3fa933@group-875B6BD28FE6-SegmentedRaftLogWorker: Starting segment from index:0
2019-09-25 05:06:16,485 [b4fa7d23-6606-45fd-9544-2b08ca3fa933@group-824B5A6112AE:LeaderElection61] INFO  server.RaftServerConfigKeys (ConfUtils.java:logGet(43)) - raft.server.rpc.sleep.time = 25ms (default)
2019-09-25 05:06:16,485 [b4fa7d23-6606-45fd-9544-2b08ca3fa933@group-824B5A6112AE:LeaderElection61] INFO  server.RaftServerConfigKeys (ConfUtils.java:logGet(43)) - raft.server.write.element-limit = 4096 (default)
2019-09-25 05:06:16,485 [b4fa7d23-6606-45fd-9544-2b08ca3fa933@group-875B6BD28FE6:LeaderElection60] INFO  impl.RaftServerImpl (ServerState.java:setRaftConf(354)) - b4fa7d23-6606-45fd-9544-2b08ca3fa933@group-875B6BD28FE6: set configuration 0: [b4fa7d23-6606-45fd-9544-2b08ca3fa933:192.168.30.10:34493], old=null at 0
2019-09-25 05:06:16,485 [b4fa7d23-6606-45fd-9544-2b08ca3fa933@group-824B5A6112AE:LeaderElection61] INFO  server.RaftServerConfigKeys (ConfUtils.java:logGet(43)) - raft.server.watch.timeout = 10s (default)
2019-09-25 05:06:16,486 [b4fa7d23-6606-45fd-9544-2b08ca3fa933@group-824B5A6112AE:LeaderElection61] INFO  server.RaftServerConfigKeys (ConfUtils.java:logGet(43)) - raft.server.watch.timeout.denomination = 1s (default)
2019-09-25 05:06:16,486 [b4fa7d23-6606-45fd-9544-2b08ca3fa933@group-824B5A6112AE:LeaderElection61] INFO  server.RaftServerConfigKeys (ConfUtils.java:logGet(43)) - raft.server.watch.element-limit = 65536 (default)
2019-09-25 05:06:16,486 [pool-57-thread-1] INFO  storage.RaftStorage (RaftStorage.java:format(72)) - Storage directory /workdir/hadoop-ozone/integration-test/target/test-dir/MiniOzoneClusterImpl-23306158-e895-4fc7-80df-ce6c264c388b/datanode-3/data/ratis/66537903-e4fa-4929-8e50-c088acfb0c23 has been successfully formatted.
2019-09-25 05:06:16,487 [pool-57-thread-1] INFO  ratis.ContainerStateMachine (ContainerStateMachine.java:loadSnapshot(230)) - group-C088ACFB0C23: The snapshot info is null. Setting the last applied indexto:(t:0, i:~)
2019-09-25 05:06:16,487 [pool-57-thread-1] INFO  server.RaftServerConfigKeys (ConfUtils.java:logGet(43)) - raft.server.notification.no-leader.timeout = 120s (custom)
2019-09-25 05:06:16,487 [pool-57-thread-1] INFO  server.RaftServerConfigKeys (ConfUtils.java:logGet(43)) - raft.server.log.use.memory = false (default)
2019-09-25 05:06:16,487 [pool-57-thread-1] INFO  server.RaftServerConfigKeys (ConfUtils.java:logGet(43)) - raft.server.log.purge.gap = 1000000 (custom)
2019-09-25 05:06:16,487 [pool-57-thread-1] INFO  server.RaftServerConfigKeys (ConfUtils.java:logGet(43)) - raft.server.log.appender.buffer.byte-limit = 33554432 (custom)
2019-09-25 05:06:16,487 [pool-57-thread-1] INFO  server.RaftServerConfigKeys (ConfUtils.java:logGet(43)) - raft.server.log.segment.size.max = 1048576 (custom)
2019-09-25 05:06:16,488 [pool-57-thread-1] INFO  server.RaftServerConfigKeys (ConfUtils.java:logGet(43)) - raft.server.log.segment.cache.num.max = 2 (custom)
2019-09-25 05:06:16,488 [b4fa7d23-6606-45fd-9544-2b08ca3fa933@group-824B5A6112AE:LeaderElection61] INFO  impl.RoleInfo (RoleInfo.java:updateAndGet(143)) - b4fa7d23-6606-45fd-9544-2b08ca3fa933: start LeaderState
2019-09-25 05:06:16,488 [pool-57-thread-1] INFO  segmented.SegmentedRaftLogWorker (SegmentedRaftLogWorker.java:<init>(172)) - new de37f7a0-0375-40a9-a318-404478482fcb@group-C088ACFB0C23-SegmentedRaftLogWorker for RaftStorage:Storage Directory /workdir/hadoop-ozone/integration-test/target/test-dir/MiniOzoneClusterImpl-23306158-e895-4fc7-80df-ce6c264c388b/datanode-3/data/ratis/66537903-e4fa-4929-8e50-c088acfb0c23
2019-09-25 05:06:16,488 [b4fa7d23-6606-45fd-9544-2b08ca3fa933@group-824B5A6112AE:LeaderElection61] INFO  segmented.SegmentedRaftLogWorker (SegmentedRaftLogWorker.java:startLogSegment(380)) - b4fa7d23-6606-45fd-9544-2b08ca3fa933@group-824B5A6112AE-SegmentedRaftLogWorker: Starting segment from index:0
2019-09-25 05:06:16,488 [pool-57-thread-1] INFO  server.RaftServerConfigKeys (ConfUtils.java:logGet(43)) - raft.server.log.queue.byte-limit = 2147483647 (custom)
2019-09-25 05:06:16,488 [pool-57-thread-1] INFO  server.RaftServerConfigKeys (ConfUtils.java:logGet(43)) - raft.server.log.queue.element-limit = 1024 (custom)
2019-09-25 05:06:16,489 [b4fa7d23-6606-45fd-9544-2b08ca3fa933@group-824B5A6112AE:LeaderElection61] INFO  impl.RaftServerImpl (ServerState.java:setRaftConf(354)) - b4fa7d23-6606-45fd-9544-2b08ca3fa933@group-824B5A6112AE: set configuration 0: [b4fa7d23-6606-45fd-9544-2b08ca3fa933:192.168.30.10:34493], old=null at 0
2019-09-25 05:06:16,489 [pool-57-thread-1] INFO  server.RaftServerConfigKeys (ConfUtils.java:logGet(43)) - raft.server.log.segment.size.max = 1048576 (custom)
2019-09-25 05:06:16,489 [pool-57-thread-1] INFO  server.RaftServerConfigKeys (ConfUtils.java:logGet(43)) - raft.server.log.preallocated.size = 16384 (custom)
2019-09-25 05:06:16,489 [pool-57-thread-1] INFO  server.RaftServerConfigKeys (ConfUtils.java:logGet(43)) - raft.server.log.write.buffer.size = 33554432 (custom)
2019-09-25 05:06:16,489 [pool-57-thread-1] INFO  server.RaftServerConfigKeys (ConfUtils.java:logGet(43)) - raft.server.log.force.sync.num = 128 (default)
2019-09-25 05:06:16,489 [pool-57-thread-1] INFO  server.RaftServerConfigKeys (ConfUtils.java:logGet(43)) - raft.server.log.statemachine.data.sync = true (default)
2019-09-25 05:06:16,490 [pool-57-thread-1] INFO  server.RaftServerConfigKeys (ConfUtils.java:logGet(43)) - raft.server.log.statemachine.data.sync.timeout = 10s (default)
2019-09-25 05:06:16,490 [pool-57-thread-1] INFO  server.RaftServerConfigKeys (ConfUtils.java:logGet(43)) - raft.server.log.statemachine.data.sync.timeout.retry = -1 (default)
2019-09-25 05:06:16,490 [pool-57-thread-1] INFO  server.RaftServerConfigKeys (ConfUtils.java:logGet(43)) - raft.server.log.statemachine.data.caching.enabled = true (custom)
2019-09-25 05:06:16,490 [pool-57-thread-1] INFO  segmented.SegmentedRaftLogWorker (SegmentedRaftLogWorker.java:lambda$new$0(132)) - de37f7a0-0375-40a9-a318-404478482fcb@group-C088ACFB0C23-SegmentedRaftLogWorker: flushIndex: setUnconditionally 0 -> -1
2019-09-25 05:06:16,491 [pool-57-thread-1] INFO  server.RaftServerConfigKeys (ConfUtils.java:logGet(43)) - raft.server.snapshot.auto.trigger.enabled = true (custom)
2019-09-25 05:06:16,491 [pool-57-thread-1] INFO  server.RaftServerConfigKeys (ConfUtils.java:logGet(43)) - raft.server.snapshot.auto.trigger.threshold = 10000 (custom)
2019-09-25 05:06:16,491 [pool-57-thread-1] INFO  server.RaftServerConfigKeys (ConfUtils.java:logGet(43)) - raft.server.snapshot.retention.num.files = 5 (custom)
2019-09-25 05:06:16,491 [pool-57-thread-1] INFO  server.RaftServerConfigKeys (ConfUtils.java:logGet(43)) - raft.server.retrycache.expirytime = 600000ms (custom)
2019-09-25 05:06:16,493 [pool-57-thread-1] INFO  impl.RaftServerImpl (RaftServerImpl.java:start(185)) - de37f7a0-0375-40a9-a318-404478482fcb@group-C088ACFB0C23: start as a follower, conf=-1: [de37f7a0-0375-40a9-a318-404478482fcb:192.168.30.10:44522], old=null
2019-09-25 05:06:16,494 [pool-57-thread-1] INFO  impl.RaftServerImpl (RaftServerImpl.java:setRole(174)) - de37f7a0-0375-40a9-a318-404478482fcb@group-C088ACFB0C23: changes role from      null to FOLLOWER at term 0 for startAsFollower
2019-09-25 05:06:16,494 [pool-57-thread-1] INFO  impl.RoleInfo (RoleInfo.java:updateAndGet(143)) - de37f7a0-0375-40a9-a318-404478482fcb: start FollowerState
2019-09-25 05:06:16,494 [pool-57-thread-1] INFO  util.JmxRegister (JmxRegister.java:tryRegister(44)) - Successfully registered JMX Bean with object name Ratis:service=RaftServer,group=group-C088ACFB0C23,id=de37f7a0-0375-40a9-a318-404478482fcb
2019-09-25 05:06:16,497 [RatisPipelineUtilsThread] INFO  pipeline.PipelineStateManager (PipelineStateManager.java:addPipeline(56)) - Created pipeline Pipeline[ Id: 66537903-e4fa-4929-8e50-c088acfb0c23, Nodes: de37f7a0-0375-40a9-a318-404478482fcb{ip: 192.168.30.10, host: pr-hdds-1569-s62bp-3040748787, networkLocation: /default-rack, certSerialId: null}, Type:RATIS, Factor:ONE, State:OPEN]
2019-09-25 05:06:16,502 [grpc-default-executor-0] INFO  impl.RaftServerProxy (RaftServerProxy.java:addNew(89)) - 36ac27b3-2f11-437d-8f1f-165306b0ff4a: addNew group-84CDB88FD1B0:[36ac27b3-2f11-437d-8f1f-165306b0ff4a:192.168.30.10:45265] returns group-84CDB88FD1B0:java.util.concurrent.CompletableFuture@224700c7[Not completed]
2019-09-25 05:06:16,503 [pool-37-thread-1] INFO  impl.RaftServerImpl (RaftServerImpl.java:<init>(95)) - 36ac27b3-2f11-437d-8f1f-165306b0ff4a: new RaftServerImpl for group-84CDB88FD1B0:[36ac27b3-2f11-437d-8f1f-165306b0ff4a:192.168.30.10:45265] with ContainerStateMachine:uninitialized
2019-09-25 05:06:16,504 [pool-37-thread-1] INFO  server.RaftServerConfigKeys (ConfUtils.java:logGet(43)) - raft.server.rpc.timeout.min = 5s (custom)
2019-09-25 05:06:16,504 [pool-37-thread-1] INFO  server.RaftServerConfigKeys (ConfUtils.java:logGet(43)) - raft.server.rpc.timeout.max = 5200ms (custom)
2019-09-25 05:06:16,504 [pool-37-thread-1] INFO  server.RaftServerConfigKeys (ConfUtils.java:logGet(43)) - raft.server.rpcslowness.timeout = 120s (custom)
2019-09-25 05:06:16,504 [pool-37-thread-1] INFO  server.RaftServerConfigKeys (ConfUtils.java:logGet(43)) - raft.server.sleep.deviation.threshold = 300 (default)
2019-09-25 05:06:16,504 [pool-37-thread-1] INFO  server.RaftServerConfigKeys (ConfUtils.java:logGet(43)) - raft.server.log.appender.install.snapshot.enabled = false (custom)
2019-09-25 05:06:16,504 [pool-37-thread-1] INFO  impl.RaftServerImpl (ServerState.java:<init>(103)) - 36ac27b3-2f11-437d-8f1f-165306b0ff4a@group-84CDB88FD1B0: ConfigurationManager, init=-1: [36ac27b3-2f11-437d-8f1f-165306b0ff4a:192.168.30.10:45265], old=null, confs=<EMPTY_MAP>
2019-09-25 05:06:16,505 [pool-37-thread-1] INFO  server.RaftServerConfigKeys (ConfUtils.java:logGet(43)) - raft.server.storage.dir = [/workdir/hadoop-ozone/integration-test/target/test-dir/MiniOzoneClusterImpl-23306158-e895-4fc7-80df-ce6c264c388b/datanode-1/data/ratis] (custom)
2019-09-25 05:06:16,505 [pool-37-thread-1] INFO  storage.RaftStorageDirectory (RaftStorageDirectory.java:analyzeStorage(246)) - The storage directory /workdir/hadoop-ozone/integration-test/target/test-dir/MiniOzoneClusterImpl-23306158-e895-4fc7-80df-ce6c264c388b/datanode-1/data/ratis/19892880-1560-4bfe-bd99-84cdb88fd1b0 does not exist. Creating ...
2019-09-25 05:06:16,515 [Thread-421] INFO  impl.FollowerState (FollowerState.java:run(106)) - c8798e02-7f0c-41f7-82c2-a17323bcf21e:group-C7571FF4FA4B changes to CANDIDATE, lastRpcTime:5172, electionTimeout:5172ms
2019-09-25 05:06:16,515 [Thread-421] INFO  impl.RoleInfo (RoleInfo.java:shutdownFollowerState(121)) - c8798e02-7f0c-41f7-82c2-a17323bcf21e: shutdown FollowerState
2019-09-25 05:06:16,515 [Thread-421] INFO  impl.RaftServerImpl (RaftServerImpl.java:setRole(174)) - c8798e02-7f0c-41f7-82c2-a17323bcf21e@group-C7571FF4FA4B: changes role from  FOLLOWER to CANDIDATE at term 0 for changeToCandidate
2019-09-25 05:06:16,515 [Thread-421] INFO  impl.RoleInfo (RoleInfo.java:updateAndGet(143)) - c8798e02-7f0c-41f7-82c2-a17323bcf21e: start LeaderElection
2019-09-25 05:06:16,519 [pool-37-thread-1] INFO  storage.RaftStorageDirectory (RaftStorageDirectory.java:tryLock(328)) - Lock on /workdir/hadoop-ozone/integration-test/target/test-dir/MiniOzoneClusterImpl-23306158-e895-4fc7-80df-ce6c264c388b/datanode-1/data/ratis/19892880-1560-4bfe-bd99-84cdb88fd1b0/in_use.lock acquired by nodename 25526@pr-hdds-1569-s62bp-3040748787
2019-09-25 05:06:16,519 [c8798e02-7f0c-41f7-82c2-a17323bcf21e@group-C7571FF4FA4B:LeaderElection62] INFO  impl.LeaderElection (LeaderElection.java:askForVotes(182)) - c8798e02-7f0c-41f7-82c2-a17323bcf21e@group-C7571FF4FA4B:LeaderElection62: begin an election at term 1 for -1: [c8798e02-7f0c-41f7-82c2-a17323bcf21e:192.168.30.10:40603], old=null
2019-09-25 05:06:16,519 [c8798e02-7f0c-41f7-82c2-a17323bcf21e@group-C7571FF4FA4B:LeaderElection62] INFO  impl.RoleInfo (RoleInfo.java:shutdownLeaderElection(134)) - c8798e02-7f0c-41f7-82c2-a17323bcf21e: shutdown LeaderElection
2019-09-25 05:06:16,519 [c8798e02-7f0c-41f7-82c2-a17323bcf21e@group-C7571FF4FA4B:LeaderElection62] INFO  impl.RaftServerImpl (RaftServerImpl.java:setRole(174)) - c8798e02-7f0c-41f7-82c2-a17323bcf21e@group-C7571FF4FA4B: changes role from CANDIDATE to LEADER at term 1 for changeToLeader
2019-09-25 05:06:16,519 [c8798e02-7f0c-41f7-82c2-a17323bcf21e@group-C7571FF4FA4B:LeaderElection62] INFO  impl.RaftServerImpl (ServerState.java:setLeader(253)) - c8798e02-7f0c-41f7-82c2-a17323bcf21e@group-C7571FF4FA4B: change Leader from null to c8798e02-7f0c-41f7-82c2-a17323bcf21e at term 1 for becomeLeader, leader elected after 5183ms
2019-09-25 05:06:16,520 [c8798e02-7f0c-41f7-82c2-a17323bcf21e@group-C7571FF4FA4B:LeaderElection62] INFO  server.RaftServerConfigKeys (ConfUtils.java:logGet(43)) - raft.server.staging.catchup.gap = 1000 (default)
2019-09-25 05:06:16,520 [c8798e02-7f0c-41f7-82c2-a17323bcf21e@group-C7571FF4FA4B:LeaderElection62] INFO  server.RaftServerConfigKeys (ConfUtils.java:logGet(43)) - raft.server.rpc.sleep.time = 25ms (default)
2019-09-25 05:06:16,520 [c8798e02-7f0c-41f7-82c2-a17323bcf21e@group-C7571FF4FA4B:LeaderElection62] INFO  server.RaftServerConfigKeys (ConfUtils.java:logGet(43)) - raft.server.write.element-limit = 4096 (default)
2019-09-25 05:06:16,520 [c8798e02-7f0c-41f7-82c2-a17323bcf21e@group-C7571FF4FA4B:LeaderElection62] INFO  server.RaftServerConfigKeys (ConfUtils.java:logGet(43)) - raft.server.watch.timeout = 10s (default)
2019-09-25 05:06:16,520 [c8798e02-7f0c-41f7-82c2-a17323bcf21e@group-C7571FF4FA4B:LeaderElection62] INFO  server.RaftServerConfigKeys (ConfUtils.java:logGet(43)) - raft.server.watch.timeout.denomination = 1s (default)
2019-09-25 05:06:16,520 [c8798e02-7f0c-41f7-82c2-a17323bcf21e@group-C7571FF4FA4B:LeaderElection62] INFO  server.RaftServerConfigKeys (ConfUtils.java:logGet(43)) - raft.server.watch.element-limit = 65536 (default)
2019-09-25 05:06:16,523 [c8798e02-7f0c-41f7-82c2-a17323bcf21e@group-C7571FF4FA4B:LeaderElection62] INFO  impl.RoleInfo (RoleInfo.java:updateAndGet(143)) - c8798e02-7f0c-41f7-82c2-a17323bcf21e: start LeaderState
2019-09-25 05:06:16,523 [c8798e02-7f0c-41f7-82c2-a17323bcf21e@group-C7571FF4FA4B:LeaderElection62] INFO  segmented.SegmentedRaftLogWorker (SegmentedRaftLogWorker.java:startLogSegment(380)) - c8798e02-7f0c-41f7-82c2-a17323bcf21e@group-C7571FF4FA4B-SegmentedRaftLogWorker: Starting segment from index:0
2019-09-25 05:06:16,523 [c8798e02-7f0c-41f7-82c2-a17323bcf21e@group-C7571FF4FA4B:LeaderElection62] INFO  impl.RaftServerImpl (ServerState.java:setRaftConf(354)) - c8798e02-7f0c-41f7-82c2-a17323bcf21e@group-C7571FF4FA4B: set configuration 0: [c8798e02-7f0c-41f7-82c2-a17323bcf21e:192.168.30.10:40603], old=null at 0
2019-09-25 05:06:16,995 [Thread-427] WARN  util.JavaUtils (JavaUtils.java:sleep(250)) - Unexpected long sleep: sleep(5151ms) actually took 5567ms which is over the threshold 300ms
2019-09-25 05:06:16,995 [Thread-433] WARN  util.JavaUtils (JavaUtils.java:sleep(250)) - Unexpected long sleep: sleep(5071ms) actually took 5477ms which is over the threshold 300ms
2019-09-25 05:06:16,994 [Thread-442] WARN  util.JavaUtils (JavaUtils.java:sleep(250)) - Unexpected long sleep: sleep(5039ms) actually took 5344ms which is over the threshold 300ms
2019-09-25 05:06:16,993 [Thread-445] INFO  impl.FollowerState (FollowerState.java:run(106)) - b4fa7d23-6606-45fd-9544-2b08ca3fa933:group-27932BCF031D changes to CANDIDATE, lastRpcTime:5280, electionTimeout:5010ms
2019-09-25 05:06:16,993 [Thread-439] INFO  impl.FollowerState (FollowerState.java:run(106)) - 56396258-65a3-478c-9482-0be0199dd49c:group-53B2AC795339 changes to CANDIDATE, lastRpcTime:5391, electionTimeout:5139ms
2019-09-25 05:06:16,992 [Thread-436] INFO  impl.FollowerState (FollowerState.java:run(106)) - 692224c4-5202-4921-98cc-04d5c60c79cc:group-1DA465D771D0 changes to CANDIDATE, lastRpcTime:5425, electionTimeout:5186ms
2019-09-25 05:06:16,990 [Thread-459] INFO  impl.FollowerState (FollowerState.java:run(106)) - b4fa7d23-6606-45fd-9544-2b08ca3fa933:group-2B9C53276FBE changes to CANDIDATE, lastRpcTime:5127, electionTimeout:5020ms
2019-09-25 05:06:16,990 [Thread-451] INFO  impl.FollowerState (FollowerState.java:run(106)) - b4fa7d23-6606-45fd-9544-2b08ca3fa933:group-0A9B9BA38ADE changes to CANDIDATE, lastRpcTime:5211, electionTimeout:5132ms
2019-09-25 05:06:17,002 [Thread-451] INFO  impl.RoleInfo (RoleInfo.java:shutdownFollowerState(121)) - b4fa7d23-6606-45fd-9544-2b08ca3fa933: shutdown FollowerState
2019-09-25 05:06:16,990 [Thread-448] INFO  impl.FollowerState (FollowerState.java:run(106)) - b4fa7d23-6606-45fd-9544-2b08ca3fa933:group-D609AED0D3DE changes to CANDIDATE, lastRpcTime:5245, electionTimeout:5171ms
2019-09-25 05:06:16,990 [Thread-462] INFO  impl.FollowerState (FollowerState.java:run(106)) - 36ac27b3-2f11-437d-8f1f-165306b0ff4a:group-F3CD325C6D07 changes to CANDIDATE, lastRpcTime:5075, electionTimeout:5009ms
2019-09-25 05:06:17,002 [Thread-448] INFO  impl.RoleInfo (RoleInfo.java:shutdownFollowerState(121)) - b4fa7d23-6606-45fd-9544-2b08ca3fa933: shutdown FollowerState
2019-09-25 05:06:17,002 [Thread-451] INFO  impl.RaftServerImpl (RaftServerImpl.java:setRole(174)) - b4fa7d23-6606-45fd-9544-2b08ca3fa933@group-0A9B9BA38ADE: changes role from  FOLLOWER to CANDIDATE at term 0 for changeToCandidate
2019-09-25 05:06:17,002 [Thread-459] INFO  impl.RoleInfo (RoleInfo.java:shutdownFollowerState(121)) - b4fa7d23-6606-45fd-9544-2b08ca3fa933: shutdown FollowerState
2019-09-25 05:06:17,002 [Thread-436] INFO  impl.RoleInfo (RoleInfo.java:shutdownFollowerState(121)) - 692224c4-5202-4921-98cc-04d5c60c79cc: shutdown FollowerState
2019-09-25 05:06:17,003 [Thread-436] INFO  impl.RaftServerImpl (RaftServerImpl.java:setRole(174)) - 692224c4-5202-4921-98cc-04d5c60c79cc@group-1DA465D771D0: changes role from  FOLLOWER to CANDIDATE at term 0 for changeToCandidate
2019-09-25 05:06:17,002 [Thread-445] INFO  impl.RoleInfo (RoleInfo.java:shutdownFollowerState(121)) - b4fa7d23-6606-45fd-9544-2b08ca3fa933: shutdown FollowerState
2019-09-25 05:06:17,002 [Thread-439] INFO  impl.RoleInfo (RoleInfo.java:shutdownFollowerState(121)) - 56396258-65a3-478c-9482-0be0199dd49c: shutdown FollowerState
2019-09-25 05:06:17,003 [Thread-439] INFO  impl.RaftServerImpl (RaftServerImpl.java:setRole(174)) - 56396258-65a3-478c-9482-0be0199dd49c@group-53B2AC795339: changes role from  FOLLOWER to CANDIDATE at term 0 for changeToCandidate
2019-09-25 05:06:17,001 [pool-37-thread-1] INFO  storage.RaftStorage (RaftStorage.java:format(72)) - Storage directory /workdir/hadoop-ozone/integration-test/target/test-dir/MiniOzoneClusterImpl-23306158-e895-4fc7-80df-ce6c264c388b/datanode-1/data/ratis/19892880-1560-4bfe-bd99-84cdb88fd1b0 has been successfully formatted.
2019-09-25 05:06:17,004 [Thread-439] INFO  impl.RoleInfo (RoleInfo.java:updateAndGet(143)) - 56396258-65a3-478c-9482-0be0199dd49c: start LeaderElection
2019-09-25 05:06:17,003 [Thread-445] INFO  impl.RaftServerImpl (RaftServerImpl.java:setRole(174)) - b4fa7d23-6606-45fd-9544-2b08ca3fa933@group-27932BCF031D: changes role from  FOLLOWER to CANDIDATE at term 0 for changeToCandidate
2019-09-25 05:06:17,003 [Thread-436] INFO  impl.RoleInfo (RoleInfo.java:updateAndGet(143)) - 692224c4-5202-4921-98cc-04d5c60c79cc: start LeaderElection
2019-09-25 05:06:17,003 [Thread-451] INFO  impl.RoleInfo (RoleInfo.java:updateAndGet(143)) - b4fa7d23-6606-45fd-9544-2b08ca3fa933: start LeaderElection
2019-09-25 05:06:17,003 [Thread-459] INFO  impl.RaftServerImpl (RaftServerImpl.java:setRole(174)) - b4fa7d23-6606-45fd-9544-2b08ca3fa933@group-2B9C53276FBE: changes role from  FOLLOWER to CANDIDATE at term 0 for changeToCandidate
2019-09-25 05:06:17,003 [Thread-448] INFO  impl.RaftServerImpl (RaftServerImpl.java:setRole(174)) - b4fa7d23-6606-45fd-9544-2b08ca3fa933@group-D609AED0D3DE: changes role from  FOLLOWER to CANDIDATE at term 0 for changeToCandidate
2019-09-25 05:06:17,003 [Thread-462] INFO  impl.RoleInfo (RoleInfo.java:shutdownFollowerState(121)) - 36ac27b3-2f11-437d-8f1f-165306b0ff4a: shutdown FollowerState
2019-09-25 05:06:17,005 [Thread-448] INFO  impl.RoleInfo (RoleInfo.java:updateAndGet(143)) - b4fa7d23-6606-45fd-9544-2b08ca3fa933: start LeaderElection
2019-09-25 05:06:17,004 [Thread-445] INFO  impl.RoleInfo (RoleInfo.java:updateAndGet(143)) - b4fa7d23-6606-45fd-9544-2b08ca3fa933: start LeaderElection
2019-09-25 05:06:17,004 [pool-37-thread-1] INFO  ratis.ContainerStateMachine (ContainerStateMachine.java:loadSnapshot(230)) - group-84CDB88FD1B0: The snapshot info is null. Setting the last applied indexto:(t:0, i:~)
2019-09-25 05:06:17,005 [Thread-462] INFO  impl.RaftServerImpl (RaftServerImpl.java:setRole(174)) - 36ac27b3-2f11-437d-8f1f-165306b0ff4a@group-F3CD325C6D07: changes role from  FOLLOWER to CANDIDATE at term 0 for changeToCandidate
2019-09-25 05:06:17,005 [Thread-459] INFO  impl.RoleInfo (RoleInfo.java:updateAndGet(143)) - b4fa7d23-6606-45fd-9544-2b08ca3fa933: start LeaderElection
2019-09-25 05:06:17,005 [pool-37-thread-1] INFO  server.RaftServerConfigKeys (ConfUtils.java:logGet(43)) - raft.server.notification.no-leader.timeout = 120s (custom)
2019-09-25 05:06:17,005 [pool-37-thread-1] INFO  server.RaftServerConfigKeys (ConfUtils.java:logGet(43)) - raft.server.log.use.memory = false (default)
2019-09-25 05:06:17,005 [Thread-462] INFO  impl.RoleInfo (RoleInfo.java:updateAndGet(143)) - 36ac27b3-2f11-437d-8f1f-165306b0ff4a: start LeaderElection
2019-09-25 05:06:17,006 [pool-37-thread-1] INFO  server.RaftServerConfigKeys (ConfUtils.java:logGet(43)) - raft.server.log.purge.gap = 1000000 (custom)
2019-09-25 05:06:17,006 [pool-37-thread-1] INFO  server.RaftServerConfigKeys (ConfUtils.java:logGet(43)) - raft.server.log.appender.buffer.byte-limit = 33554432 (custom)
2019-09-25 05:06:17,006 [pool-37-thread-1] INFO  server.RaftServerConfigKeys (ConfUtils.java:logGet(43)) - raft.server.log.segment.size.max = 1048576 (custom)
2019-09-25 05:06:17,006 [pool-37-thread-1] INFO  server.RaftServerConfigKeys (ConfUtils.java:logGet(43)) - raft.server.log.segment.cache.num.max = 2 (custom)
2019-09-25 05:06:17,006 [pool-37-thread-1] INFO  segmented.SegmentedRaftLogWorker (SegmentedRaftLogWorker.java:<init>(172)) - new 36ac27b3-2f11-437d-8f1f-165306b0ff4a@group-84CDB88FD1B0-SegmentedRaftLogWorker for RaftStorage:Storage Directory /workdir/hadoop-ozone/integration-test/target/test-dir/MiniOzoneClusterImpl-23306158-e895-4fc7-80df-ce6c264c388b/datanode-1/data/ratis/19892880-1560-4bfe-bd99-84cdb88fd1b0
2019-09-25 05:06:17,006 [pool-37-thread-1] INFO  server.RaftServerConfigKeys (ConfUtils.java:logGet(43)) - raft.server.log.queue.byte-limit = 2147483647 (custom)
2019-09-25 05:06:17,006 [pool-37-thread-1] INFO  server.RaftServerConfigKeys (ConfUtils.java:logGet(43)) - raft.server.log.queue.element-limit = 1024 (custom)
2019-09-25 05:06:17,006 [pool-37-thread-1] INFO  server.RaftServerConfigKeys (ConfUtils.java:logGet(43)) - raft.server.log.segment.size.max = 1048576 (custom)
2019-09-25 05:06:17,007 [pool-37-thread-1] INFO  server.RaftServerConfigKeys (ConfUtils.java:logGet(43)) - raft.server.log.preallocated.size = 16384 (custom)
2019-09-25 05:06:17,007 [pool-37-thread-1] INFO  server.RaftServerConfigKeys (ConfUtils.java:logGet(43)) - raft.server.log.write.buffer.size = 33554432 (custom)
2019-09-25 05:06:17,007 [pool-37-thread-1] INFO  server.RaftServerConfigKeys (ConfUtils.java:logGet(43)) - raft.server.log.force.sync.num = 128 (default)
2019-09-25 05:06:17,007 [pool-37-thread-1] INFO  server.RaftServerConfigKeys (ConfUtils.java:logGet(43)) - raft.server.log.statemachine.data.sync = true (default)
2019-09-25 05:06:17,007 [pool-37-thread-1] INFO  server.RaftServerConfigKeys (ConfUtils.java:logGet(43)) - raft.server.log.statemachine.data.sync.timeout = 10s (default)
2019-09-25 05:06:17,007 [pool-37-thread-1] INFO  server.RaftServerConfigKeys (ConfUtils.java:logGet(43)) - raft.server.log.statemachine.data.sync.timeout.retry = -1 (default)
2019-09-25 05:06:17,007 [pool-37-thread-1] INFO  server.RaftServerConfigKeys (ConfUtils.java:logGet(43)) - raft.server.log.statemachine.data.caching.enabled = true (custom)
2019-09-25 05:06:17,007 [pool-37-thread-1] INFO  segmented.SegmentedRaftLogWorker (SegmentedRaftLogWorker.java:lambda$new$0(132)) - 36ac27b3-2f11-437d-8f1f-165306b0ff4a@group-84CDB88FD1B0-SegmentedRaftLogWorker: flushIndex: setUnconditionally 0 -> -1
2019-09-25 05:06:17,008 [pool-37-thread-1] INFO  server.RaftServerConfigKeys (ConfUtils.java:logGet(43)) - raft.server.snapshot.auto.trigger.enabled = true (custom)
2019-09-25 05:06:17,008 [pool-37-thread-1] INFO  server.RaftServerConfigKeys (ConfUtils.java:logGet(43)) - raft.server.snapshot.auto.trigger.threshold = 10000 (custom)
2019-09-25 05:06:17,008 [pool-37-thread-1] INFO  server.RaftServerConfigKeys (ConfUtils.java:logGet(43)) - raft.server.snapshot.retention.num.files = 5 (custom)
2019-09-25 05:06:17,008 [pool-37-thread-1] INFO  server.RaftServerConfigKeys (ConfUtils.java:logGet(43)) - raft.server.retrycache.expirytime = 600000ms (custom)
2019-09-25 05:06:17,009 [Thread-454] INFO  impl.FollowerState (FollowerState.java:run(106)) - c8798e02-7f0c-41f7-82c2-a17323bcf21e:group-6449F1848DD2 changes to CANDIDATE, lastRpcTime:5197, electionTimeout:5197ms
2019-09-25 05:06:17,010 [Thread-454] INFO  impl.RoleInfo (RoleInfo.java:shutdownFollowerState(121)) - c8798e02-7f0c-41f7-82c2-a17323bcf21e: shutdown FollowerState
2019-09-25 05:06:17,010 [pool-37-thread-1] INFO  impl.RaftServerImpl (RaftServerImpl.java:start(185)) - 36ac27b3-2f11-437d-8f1f-165306b0ff4a@group-84CDB88FD1B0: start as a follower, conf=-1: [36ac27b3-2f11-437d-8f1f-165306b0ff4a:192.168.30.10:45265], old=null
2019-09-25 05:06:17,010 [Thread-454] INFO  impl.RaftServerImpl (RaftServerImpl.java:setRole(174)) - c8798e02-7f0c-41f7-82c2-a17323bcf21e@group-6449F1848DD2: changes role from  FOLLOWER to CANDIDATE at term 0 for changeToCandidate
2019-09-25 05:06:17,010 [pool-37-thread-1] INFO  impl.RaftServerImpl (RaftServerImpl.java:setRole(174)) - 36ac27b3-2f11-437d-8f1f-165306b0ff4a@group-84CDB88FD1B0: changes role from      null to FOLLOWER at term 0 for startAsFollower
2019-09-25 05:06:17,010 [Thread-454] INFO  impl.RoleInfo (RoleInfo.java:updateAndGet(143)) - c8798e02-7f0c-41f7-82c2-a17323bcf21e: start LeaderElection
2019-09-25 05:06:17,010 [pool-37-thread-1] INFO  impl.RoleInfo (RoleInfo.java:updateAndGet(143)) - 36ac27b3-2f11-437d-8f1f-165306b0ff4a: start FollowerState
2019-09-25 05:06:17,010 [pool-37-thread-1] INFO  util.JmxRegister (JmxRegister.java:tryRegister(44)) - Successfully registered JMX Bean with object name Ratis:service=RaftServer,group=group-84CDB88FD1B0,id=36ac27b3-2f11-437d-8f1f-165306b0ff4a
2019-09-25 05:06:17,015 [RatisPipelineUtilsThread] INFO  pipeline.PipelineStateManager (PipelineStateManager.java:addPipeline(56)) - Created pipeline Pipeline[ Id: 19892880-1560-4bfe-bd99-84cdb88fd1b0, Nodes: 36ac27b3-2f11-437d-8f1f-165306b0ff4a{ip: 192.168.30.10, host: pr-hdds-1569-s62bp-3040748787, networkLocation: /default-rack, certSerialId: null}, Type:RATIS, Factor:ONE, State:OPEN]
2019-09-25 05:06:17,024 [b4fa7d23-6606-45fd-9544-2b08ca3fa933@group-824B5A6112AE-SegmentedRaftLogWorker] INFO  segmented.SegmentedRaftLogWorker (SegmentedRaftLogWorker.java:execute(569)) - b4fa7d23-6606-45fd-9544-2b08ca3fa933@group-824B5A6112AE-SegmentedRaftLogWorker: created new log segment /workdir/hadoop-ozone/integration-test/target/test-dir/MiniOzoneClusterImpl-23306158-e895-4fc7-80df-ce6c264c388b/datanode-5/data/ratis/7cda0412-8e1a-4f6f-9f52-824b5a6112ae/current/log_inprogress_0
2019-09-25 05:06:17,024 [56396258-65a3-478c-9482-0be0199dd49c@group-53B2AC795339:LeaderElection65] INFO  impl.LeaderElection (LeaderElection.java:askForVotes(182)) - 56396258-65a3-478c-9482-0be0199dd49c@group-53B2AC795339:LeaderElection65: begin an election at term 1 for -1: [56396258-65a3-478c-9482-0be0199dd49c:192.168.30.10:41678], old=null
2019-09-25 05:06:17,024 [b4fa7d23-6606-45fd-9544-2b08ca3fa933@group-0A9B9BA38ADE:LeaderElection63] INFO  impl.LeaderElection (LeaderElection.java:askForVotes(182)) - b4fa7d23-6606-45fd-9544-2b08ca3fa933@group-0A9B9BA38ADE:LeaderElection63: begin an election at term 1 for -1: [b4fa7d23-6606-45fd-9544-2b08ca3fa933:192.168.30.10:34493], old=null
2019-09-25 05:06:17,024 [692224c4-5202-4921-98cc-04d5c60c79cc@group-1DA465D771D0:LeaderElection64] INFO  impl.LeaderElection (LeaderElection.java:askForVotes(182)) - 692224c4-5202-4921-98cc-04d5c60c79cc@group-1DA465D771D0:LeaderElection64: begin an election at term 1 for -1: [692224c4-5202-4921-98cc-04d5c60c79cc:192.168.30.10:38144], old=null
2019-09-25 05:06:17,024 [56396258-65a3-478c-9482-0be0199dd49c@group-53B2AC795339:LeaderElection65] INFO  impl.RoleInfo (RoleInfo.java:shutdownLeaderElection(134)) - 56396258-65a3-478c-9482-0be0199dd49c: shutdown LeaderElection
2019-09-25 05:06:17,024 [b4fa7d23-6606-45fd-9544-2b08ca3fa933@group-875B6BD28FE6-SegmentedRaftLogWorker] INFO  segmented.SegmentedRaftLogWorker (SegmentedRaftLogWorker.java:execute(569)) - b4fa7d23-6606-45fd-9544-2b08ca3fa933@group-875B6BD28FE6-SegmentedRaftLogWorker: created new log segment /workdir/hadoop-ozone/integration-test/target/test-dir/MiniOzoneClusterImpl-23306158-e895-4fc7-80df-ce6c264c388b/datanode-5/data/ratis/b66bee0c-fc89-4b4d-a83b-875b6bd28fe6/current/log_inprogress_0
2019-09-25 05:06:17,024 [b4fa7d23-6606-45fd-9544-2b08ca3fa933@group-27932BCF031D:LeaderElection66] INFO  impl.LeaderElection (LeaderElection.java:askForVotes(182)) - b4fa7d23-6606-45fd-9544-2b08ca3fa933@group-27932BCF031D:LeaderElection66: begin an election at term 1 for -1: [b4fa7d23-6606-45fd-9544-2b08ca3fa933:192.168.30.10:34493], old=null
2019-09-25 05:06:17,024 [36ac27b3-2f11-437d-8f1f-165306b0ff4a@group-F3CD325C6D07:LeaderElection69] INFO  impl.LeaderElection (LeaderElection.java:askForVotes(182)) - 36ac27b3-2f11-437d-8f1f-165306b0ff4a@group-F3CD325C6D07:LeaderElection69: begin an election at term 1 for -1: [36ac27b3-2f11-437d-8f1f-165306b0ff4a:192.168.30.10:45265], old=null
2019-09-25 05:06:17,024 [b4fa7d23-6606-45fd-9544-2b08ca3fa933@group-2B9C53276FBE:LeaderElection67] INFO  impl.LeaderElection (LeaderElection.java:askForVotes(182)) - b4fa7d23-6606-45fd-9544-2b08ca3fa933@group-2B9C53276FBE:LeaderElection67: begin an election at term 1 for -1: [b4fa7d23-6606-45fd-9544-2b08ca3fa933:192.168.30.10:34493], old=null
2019-09-25 05:06:17,024 [c8798e02-7f0c-41f7-82c2-a17323bcf21e@group-6449F1848DD2:LeaderElection70] INFO  impl.LeaderElection (LeaderElection.java:askForVotes(182)) - c8798e02-7f0c-41f7-82c2-a17323bcf21e@group-6449F1848DD2:LeaderElection70: begin an election at term 1 for -1: [c8798e02-7f0c-41f7-82c2-a17323bcf21e:192.168.30.10:40603], old=null
2019-09-25 05:06:17,024 [b4fa7d23-6606-45fd-9544-2b08ca3fa933@group-D609AED0D3DE:LeaderElection68] INFO  impl.LeaderElection (LeaderElection.java:askForVotes(182)) - b4fa7d23-6606-45fd-9544-2b08ca3fa933@group-D609AED0D3DE:LeaderElection68: begin an election at term 1 for -1: [b4fa7d23-6606-45fd-9544-2b08ca3fa933:192.168.30.10:34493], old=null
2019-09-25 05:06:17,025 [c8798e02-7f0c-41f7-82c2-a17323bcf21e@group-6449F1848DD2:LeaderElection70] INFO  impl.RoleInfo (RoleInfo.java:shutdownLeaderElection(134)) - c8798e02-7f0c-41f7-82c2-a17323bcf21e: shutdown LeaderElection
2019-09-25 05:06:17,025 [b4fa7d23-6606-45fd-9544-2b08ca3fa933@group-2B9C53276FBE:LeaderElection67] INFO  impl.RoleInfo (RoleInfo.java:shutdownLeaderElection(134)) - b4fa7d23-6606-45fd-9544-2b08ca3fa933: shutdown LeaderElection
2019-09-25 05:06:17,025 [36ac27b3-2f11-437d-8f1f-165306b0ff4a@group-F3CD325C6D07:LeaderElection69] INFO  impl.RoleInfo (RoleInfo.java:shutdownLeaderElection(134)) - 36ac27b3-2f11-437d-8f1f-165306b0ff4a: shutdown LeaderElection
2019-09-25 05:06:17,025 [b4fa7d23-6606-45fd-9544-2b08ca3fa933@group-27932BCF031D:LeaderElection66] INFO  impl.RoleInfo (RoleInfo.java:shutdownLeaderElection(134)) - b4fa7d23-6606-45fd-9544-2b08ca3fa933: shutdown LeaderElection
2019-09-25 05:06:17,025 [56396258-65a3-478c-9482-0be0199dd49c@group-53B2AC795339:LeaderElection65] INFO  impl.RaftServerImpl (RaftServerImpl.java:setRole(174)) - 56396258-65a3-478c-9482-0be0199dd49c@group-53B2AC795339: changes role from CANDIDATE to LEADER at term 1 for changeToLeader
2019-09-25 05:06:17,024 [692224c4-5202-4921-98cc-04d5c60c79cc@group-1DA465D771D0:LeaderElection64] INFO  impl.RoleInfo (RoleInfo.java:shutdownLeaderElection(134)) - 692224c4-5202-4921-98cc-04d5c60c79cc: shutdown LeaderElection
2019-09-25 05:06:17,024 [b4fa7d23-6606-45fd-9544-2b08ca3fa933@group-0A9B9BA38ADE:LeaderElection63] INFO  impl.RoleInfo (RoleInfo.java:shutdownLeaderElection(134)) - b4fa7d23-6606-45fd-9544-2b08ca3fa933: shutdown LeaderElection
2019-09-25 05:06:17,026 [692224c4-5202-4921-98cc-04d5c60c79cc@group-1DA465D771D0:LeaderElection64] INFO  impl.RaftServerImpl (RaftServerImpl.java:setRole(174)) - 692224c4-5202-4921-98cc-04d5c60c79cc@group-1DA465D771D0: changes role from CANDIDATE to LEADER at term 1 for changeToLeader
2019-09-25 05:06:17,026 [56396258-65a3-478c-9482-0be0199dd49c@group-53B2AC795339:LeaderElection65] INFO  impl.RaftServerImpl (ServerState.java:setLeader(253)) - 56396258-65a3-478c-9482-0be0199dd49c@group-53B2AC795339: change Leader from null to 56396258-65a3-478c-9482-0be0199dd49c at term 1 for becomeLeader, leader elected after 5431ms
2019-09-25 05:06:17,026 [b4fa7d23-6606-45fd-9544-2b08ca3fa933@group-27932BCF031D:LeaderElection66] INFO  impl.RaftServerImpl (RaftServerImpl.java:setRole(174)) - b4fa7d23-6606-45fd-9544-2b08ca3fa933@group-27932BCF031D: changes role from CANDIDATE to LEADER at term 1 for changeToLeader
2019-09-25 05:06:17,027 [b4fa7d23-6606-45fd-9544-2b08ca3fa933@group-27932BCF031D:LeaderElection66] INFO  impl.RaftServerImpl (ServerState.java:setLeader(253)) - b4fa7d23-6606-45fd-9544-2b08ca3fa933@group-27932BCF031D: change Leader from null to b4fa7d23-6606-45fd-9544-2b08ca3fa933 at term 1 for becomeLeader, leader elected after 5321ms
2019-09-25 05:06:17,026 [36ac27b3-2f11-437d-8f1f-165306b0ff4a@group-F3CD325C6D07:LeaderElection69] INFO  impl.RaftServerImpl (RaftServerImpl.java:setRole(174)) - 36ac27b3-2f11-437d-8f1f-165306b0ff4a@group-F3CD325C6D07: changes role from CANDIDATE to LEADER at term 1 for changeToLeader
2019-09-25 05:06:17,027 [36ac27b3-2f11-437d-8f1f-165306b0ff4a@group-F3CD325C6D07:LeaderElection69] INFO  impl.RaftServerImpl (ServerState.java:setLeader(253)) - 36ac27b3-2f11-437d-8f1f-165306b0ff4a@group-F3CD325C6D07: change Leader from null to 36ac27b3-2f11-437d-8f1f-165306b0ff4a at term 1 for becomeLeader, leader elected after 5119ms
2019-09-25 05:06:17,026 [b4fa7d23-6606-45fd-9544-2b08ca3fa933@group-2B9C53276FBE:LeaderElection67] INFO  impl.RaftServerImpl (RaftServerImpl.java:setRole(174)) - b4fa7d23-6606-45fd-9544-2b08ca3fa933@group-2B9C53276FBE: changes role from CANDIDATE to LEADER at term 1 for changeToLeader
2019-09-25 05:06:17,026 [grpc-default-executor-0] INFO  impl.RaftServerProxy (RaftServerProxy.java:addNew(89)) - 36ac27b3-2f11-437d-8f1f-165306b0ff4a: addNew group-13A24F8F0DC7:[36ac27b3-2f11-437d-8f1f-165306b0ff4a:192.168.30.10:45265] returns group-13A24F8F0DC7:java.util.concurrent.CompletableFuture@22714211[Not completed]
2019-09-25 05:06:17,026 [c8798e02-7f0c-41f7-82c2-a17323bcf21e@group-6449F1848DD2:LeaderElection70] INFO  impl.RaftServerImpl (RaftServerImpl.java:setRole(174)) - c8798e02-7f0c-41f7-82c2-a17323bcf21e@group-6449F1848DD2: changes role from CANDIDATE to LEADER at term 1 for changeToLeader
2019-09-25 05:06:17,025 [b4fa7d23-6606-45fd-9544-2b08ca3fa933@group-D609AED0D3DE:LeaderElection68] INFO  impl.RoleInfo (RoleInfo.java:shutdownLeaderElection(134)) - b4fa7d23-6606-45fd-9544-2b08ca3fa933: shutdown LeaderElection
2019-09-25 05:06:17,028 [c8798e02-7f0c-41f7-82c2-a17323bcf21e@group-6449F1848DD2:LeaderElection70] INFO  impl.RaftServerImpl (ServerState.java:setLeader(253)) - c8798e02-7f0c-41f7-82c2-a17323bcf21e@group-6449F1848DD2: change Leader from null to c8798e02-7f0c-41f7-82c2-a17323bcf21e at term 1 for becomeLeader, leader elected after 5222ms
2019-09-25 05:06:17,027 [b4fa7d23-6606-45fd-9544-2b08ca3fa933@group-2B9C53276FBE:LeaderElection67] INFO  impl.RaftServerImpl (ServerState.java:setLeader(253)) - b4fa7d23-6606-45fd-9544-2b08ca3fa933@group-2B9C53276FBE: change Leader from null to b4fa7d23-6606-45fd-9544-2b08ca3fa933 at term 1 for becomeLeader, leader elected after 5173ms
2019-09-25 05:06:17,027 [36ac27b3-2f11-437d-8f1f-165306b0ff4a@group-F3CD325C6D07:LeaderElection69] INFO  server.RaftServerConfigKeys (ConfUtils.java:logGet(43)) - raft.server.staging.catchup.gap = 1000 (default)
2019-09-25 05:06:17,028 [36ac27b3-2f11-437d-8f1f-165306b0ff4a@group-F3CD325C6D07:LeaderElection69] INFO  server.RaftServerConfigKeys (ConfUtils.java:logGet(43)) - raft.server.rpc.sleep.time = 25ms (default)
2019-09-25 05:06:17,027 [b4fa7d23-6606-45fd-9544-2b08ca3fa933@group-27932BCF031D:LeaderElection66] INFO  server.RaftServerConfigKeys (ConfUtils.java:logGet(43)) - raft.server.staging.catchup.gap = 1000 (default)
2019-09-25 05:06:17,027 [pool-37-thread-1] INFO  impl.RaftServerImpl (RaftServerImpl.java:<init>(95)) - 36ac27b3-2f11-437d-8f1f-165306b0ff4a: new RaftServerImpl for group-13A24F8F0DC7:[36ac27b3-2f11-437d-8f1f-165306b0ff4a:192.168.30.10:45265] with ContainerStateMachine:uninitialized
2019-09-25 05:06:17,027 [56396258-65a3-478c-9482-0be0199dd49c@group-53B2AC795339:LeaderElection65] INFO  server.RaftServerConfigKeys (ConfUtils.java:logGet(43)) - raft.server.staging.catchup.gap = 1000 (default)
2019-09-25 05:06:17,027 [692224c4-5202-4921-98cc-04d5c60c79cc@group-1DA465D771D0:LeaderElection64] INFO  impl.RaftServerImpl (ServerState.java:setLeader(253)) - 692224c4-5202-4921-98cc-04d5c60c79cc@group-1DA465D771D0: change Leader from null to 692224c4-5202-4921-98cc-04d5c60c79cc at term 1 for becomeLeader, leader elected after 5466ms
2019-09-25 05:06:17,026 [b4fa7d23-6606-45fd-9544-2b08ca3fa933@group-0A9B9BA38ADE:LeaderElection63] INFO  impl.RaftServerImpl (RaftServerImpl.java:setRole(174)) - b4fa7d23-6606-45fd-9544-2b08ca3fa933@group-0A9B9BA38ADE: changes role from CANDIDATE to LEADER at term 1 for changeToLeader
2019-09-25 05:06:17,029 [692224c4-5202-4921-98cc-04d5c60c79cc@group-1DA465D771D0:LeaderElection64] INFO  server.RaftServerConfigKeys (ConfUtils.java:logGet(43)) - raft.server.staging.catchup.gap = 1000 (default)
2019-09-25 05:06:17,029 [56396258-65a3-478c-9482-0be0199dd49c@group-53B2AC795339:LeaderElection65] INFO  server.RaftServerConfigKeys (ConfUtils.java:logGet(43)) - raft.server.rpc.sleep.time = 25ms (default)
2019-09-25 05:06:17,029 [pool-37-thread-1] INFO  server.RaftServerConfigKeys (ConfUtils.java:logGet(43)) - raft.server.rpc.timeout.min = 5s (custom)
2019-09-25 05:06:17,029 [b4fa7d23-6606-45fd-9544-2b08ca3fa933@group-27932BCF031D:LeaderElection66] INFO  server.RaftServerConfigKeys (ConfUtils.java:logGet(43)) - raft.server.rpc.sleep.time = 25ms (default)
2019-09-25 05:06:17,028 [36ac27b3-2f11-437d-8f1f-165306b0ff4a@group-F3CD325C6D07:LeaderElection69] INFO  server.RaftServerConfigKeys (ConfUtils.java:logGet(43)) - raft.server.write.element-limit = 4096 (default)
2019-09-25 05:06:17,028 [b4fa7d23-6606-45fd-9544-2b08ca3fa933@group-2B9C53276FBE:LeaderElection67] INFO  server.RaftServerConfigKeys (ConfUtils.java:logGet(43)) - raft.server.staging.catchup.gap = 1000 (default)
2019-09-25 05:06:17,028 [c8798e02-7f0c-41f7-82c2-a17323bcf21e@group-6449F1848DD2:LeaderElection70] INFO  server.RaftServerConfigKeys (ConfUtils.java:logGet(43)) - raft.server.staging.catchup.gap = 1000 (default)
2019-09-25 05:06:17,030 [c8798e02-7f0c-41f7-82c2-a17323bcf21e@group-6449F1848DD2:LeaderElection70] INFO  server.RaftServerConfigKeys (ConfUtils.java:logGet(43)) - raft.server.rpc.sleep.time = 25ms (default)
2019-09-25 05:06:17,028 [b4fa7d23-6606-45fd-9544-2b08ca3fa933@group-D609AED0D3DE:LeaderElection68] INFO  impl.RaftServerImpl (RaftServerImpl.java:setRole(174)) - b4fa7d23-6606-45fd-9544-2b08ca3fa933@group-D609AED0D3DE: changes role from CANDIDATE to LEADER at term 1 for changeToLeader
2019-09-25 05:06:17,030 [c8798e02-7f0c-41f7-82c2-a17323bcf21e@group-6449F1848DD2:LeaderElection70] INFO  server.RaftServerConfigKeys (ConfUtils.java:logGet(43)) - raft.server.write.element-limit = 4096 (default)
2019-09-25 05:06:17,030 [b4fa7d23-6606-45fd-9544-2b08ca3fa933@group-2B9C53276FBE:LeaderElection67] INFO  server.RaftServerConfigKeys (ConfUtils.java:logGet(43)) - raft.server.rpc.sleep.time = 25ms (default)
2019-09-25 05:06:17,030 [36ac27b3-2f11-437d-8f1f-165306b0ff4a@group-F3CD325C6D07:LeaderElection69] INFO  server.RaftServerConfigKeys (ConfUtils.java:logGet(43)) - raft.server.watch.timeout = 10s (default)
2019-09-25 05:06:17,030 [b4fa7d23-6606-45fd-9544-2b08ca3fa933@group-27932BCF031D:LeaderElection66] INFO  server.RaftServerConfigKeys (ConfUtils.java:logGet(43)) - raft.server.write.element-limit = 4096 (default)
2019-09-25 05:06:17,029 [pool-37-thread-1] INFO  server.RaftServerConfigKeys (ConfUtils.java:logGet(43)) - raft.server.rpc.timeout.max = 5200ms (custom)
2019-09-25 05:06:17,029 [56396258-65a3-478c-9482-0be0199dd49c@group-53B2AC795339:LeaderElection65] INFO  server.RaftServerConfigKeys (ConfUtils.java:logGet(43)) - raft.server.write.element-limit = 4096 (default)
2019-09-25 05:06:17,029 [692224c4-5202-4921-98cc-04d5c60c79cc@group-1DA465D771D0:LeaderElection64] INFO  server.RaftServerConfigKeys (ConfUtils.java:logGet(43)) - raft.server.rpc.sleep.time = 25ms (default)
2019-09-25 05:06:17,029 [b4fa7d23-6606-45fd-9544-2b08ca3fa933@group-0A9B9BA38ADE:LeaderElection63] INFO  impl.RaftServerImpl (ServerState.java:setLeader(253)) - b4fa7d23-6606-45fd-9544-2b08ca3fa933@group-0A9B9BA38ADE: change Leader from null to b4fa7d23-6606-45fd-9544-2b08ca3fa933 at term 1 for becomeLeader, leader elected after 5256ms
2019-09-25 05:06:17,031 [692224c4-5202-4921-98cc-04d5c60c79cc@group-1DA465D771D0:LeaderElection64] INFO  server.RaftServerConfigKeys (ConfUtils.java:logGet(43)) - raft.server.write.element-limit = 4096 (default)
2019-09-25 05:06:17,031 [56396258-65a3-478c-9482-0be0199dd49c@group-53B2AC795339:LeaderElection65] INFO  server.RaftServerConfigKeys (ConfUtils.java:logGet(43)) - raft.server.watch.timeout = 10s (default)
2019-09-25 05:06:17,032 [56396258-65a3-478c-9482-0be0199dd49c@group-53B2AC795339:LeaderElection65] INFO  server.RaftServerConfigKeys (ConfUtils.java:logGet(43)) - raft.server.watch.timeout.denomination = 1s (default)
2019-09-25 05:06:17,031 [pool-37-thread-1] INFO  server.RaftServerConfigKeys (ConfUtils.java:logGet(43)) - raft.server.rpcslowness.timeout = 120s (custom)
2019-09-25 05:06:17,032 [pool-37-thread-1] INFO  server.RaftServerConfigKeys (ConfUtils.java:logGet(43)) - raft.server.sleep.deviation.threshold = 300 (default)
2019-09-25 05:06:17,031 [b4fa7d23-6606-45fd-9544-2b08ca3fa933@group-27932BCF031D:LeaderElection66] INFO  server.RaftServerConfigKeys (ConfUtils.java:logGet(43)) - raft.server.watch.timeout = 10s (default)
2019-09-25 05:06:17,032 [b4fa7d23-6606-45fd-9544-2b08ca3fa933@group-27932BCF031D:LeaderElection66] INFO  server.RaftServerConfigKeys (ConfUtils.java:logGet(43)) - raft.server.watch.timeout.denomination = 1s (default)
2019-09-25 05:06:17,031 [36ac27b3-2f11-437d-8f1f-165306b0ff4a@group-F3CD325C6D07:LeaderElection69] INFO  server.RaftServerConfigKeys (ConfUtils.java:logGet(43)) - raft.server.watch.timeout.denomination = 1s (default)
2019-09-25 05:06:17,031 [b4fa7d23-6606-45fd-9544-2b08ca3fa933@group-2B9C53276FBE:LeaderElection67] INFO  server.RaftServerConfigKeys (ConfUtils.java:logGet(43)) - raft.server.write.element-limit = 4096 (default)
2019-09-25 05:06:17,031 [c8798e02-7f0c-41f7-82c2-a17323bcf21e@group-6449F1848DD2:LeaderElection70] INFO  server.RaftServerConfigKeys (ConfUtils.java:logGet(43)) - raft.server.watch.timeout = 10s (default)
2019-09-25 05:06:17,033 [c8798e02-7f0c-41f7-82c2-a17323bcf21e@group-6449F1848DD2:LeaderElection70] INFO  server.RaftServerConfigKeys (ConfUtils.java:logGet(43)) - raft.server.watch.timeout.denomination = 1s (default)
2019-09-25 05:06:17,030 [b4fa7d23-6606-45fd-9544-2b08ca3fa933@group-D609AED0D3DE:LeaderElection68] INFO  impl.RaftServerImpl (ServerState.java:setLeader(253)) - b4fa7d23-6606-45fd-9544-2b08ca3fa933@group-D609AED0D3DE: change Leader from null to b4fa7d23-6606-45fd-9544-2b08ca3fa933 at term 1 for becomeLeader, leader elected after 5292ms
2019-09-25 05:06:17,033 [c8798e02-7f0c-41f7-82c2-a17323bcf21e@group-6449F1848DD2:LeaderElection70] INFO  server.RaftServerConfigKeys (ConfUtils.java:logGet(43)) - raft.server.watch.element-limit = 65536 (default)
2019-09-25 05:06:17,033 [b4fa7d23-6606-45fd-9544-2b08ca3fa933@group-2B9C53276FBE:LeaderElection67] INFO  server.RaftServerConfigKeys (ConfUtils.java:logGet(43)) - raft.server.watch.timeout = 10s (default)
2019-09-25 05:06:17,033 [36ac27b3-2f11-437d-8f1f-165306b0ff4a@group-F3CD325C6D07:LeaderElection69] INFO  server.RaftServerConfigKeys (ConfUtils.java:logGet(43)) - raft.server.watch.element-limit = 65536 (default)
2019-09-25 05:06:17,032 [b4fa7d23-6606-45fd-9544-2b08ca3fa933@group-27932BCF031D:LeaderElection66] INFO  server.RaftServerConfigKeys (ConfUtils.java:logGet(43)) - raft.server.watch.element-limit = 65536 (default)
2019-09-25 05:06:17,032 [pool-37-thread-1] INFO  server.RaftServerConfigKeys (ConfUtils.java:logGet(43)) - raft.server.log.appender.install.snapshot.enabled = false (custom)
2019-09-25 05:06:17,032 [56396258-65a3-478c-9482-0be0199dd49c@group-53B2AC795339:LeaderElection65] INFO  server.RaftServerConfigKeys (ConfUtils.java:logGet(43)) - raft.server.watch.element-limit = 65536 (default)
2019-09-25 05:06:17,032 [692224c4-5202-4921-98cc-04d5c60c79cc@group-1DA465D771D0:LeaderElection64] INFO  server.RaftServerConfigKeys (ConfUtils.java:logGet(43)) - raft.server.watch.timeout = 10s (default)
2019-09-25 05:06:17,034 [692224c4-5202-4921-98cc-04d5c60c79cc@group-1DA465D771D0:LeaderElection64] INFO  server.RaftServerConfigKeys (ConfUtils.java:logGet(43)) - raft.server.watch.timeout.denomination = 1s (default)
2019-09-25 05:06:17,032 [b4fa7d23-6606-45fd-9544-2b08ca3fa933@group-0A9B9BA38ADE:LeaderElection63] INFO  server.RaftServerConfigKeys (ConfUtils.java:logGet(43)) - raft.server.staging.catchup.gap = 1000 (default)
2019-09-25 05:06:17,034 [692224c4-5202-4921-98cc-04d5c60c79cc@group-1DA465D771D0:LeaderElection64] INFO  server.RaftServerConfigKeys (ConfUtils.java:logGet(43)) - raft.server.watch.element-limit = 65536 (default)
2019-09-25 05:06:17,034 [pool-37-thread-1] INFO  impl.RaftServerImpl (ServerState.java:<init>(103)) - 36ac27b3-2f11-437d-8f1f-165306b0ff4a@group-13A24F8F0DC7: ConfigurationManager, init=-1: [36ac27b3-2f11-437d-8f1f-165306b0ff4a:192.168.30.10:45265], old=null, confs=<EMPTY_MAP>
2019-09-25 05:06:17,033 [b4fa7d23-6606-45fd-9544-2b08ca3fa933@group-2B9C53276FBE:LeaderElection67] INFO  server.RaftServerConfigKeys (ConfUtils.java:logGet(43)) - raft.server.watch.timeout.denomination = 1s (default)
2019-09-25 05:06:17,033 [b4fa7d23-6606-45fd-9544-2b08ca3fa933@group-D609AED0D3DE:LeaderElection68] INFO  server.RaftServerConfigKeys (ConfUtils.java:logGet(43)) - raft.server.staging.catchup.gap = 1000 (default)
2019-09-25 05:06:17,035 [b4fa7d23-6606-45fd-9544-2b08ca3fa933@group-2B9C53276FBE:LeaderElection67] INFO  server.RaftServerConfigKeys (ConfUtils.java:logGet(43)) - raft.server.watch.element-limit = 65536 (default)
2019-09-25 05:06:17,035 [pool-37-thread-1] INFO  server.RaftServerConfigKeys (ConfUtils.java:logGet(43)) - raft.server.storage.dir = [/workdir/hadoop-ozone/integration-test/target/test-dir/MiniOzoneClusterImpl-23306158-e895-4fc7-80df-ce6c264c388b/datanode-1/data/ratis] (custom)
2019-09-25 05:06:17,035 [b4fa7d23-6606-45fd-9544-2b08ca3fa933@group-0A9B9BA38ADE:LeaderElection63] INFO  server.RaftServerConfigKeys (ConfUtils.java:logGet(43)) - raft.server.rpc.sleep.time = 25ms (default)
2019-09-25 05:06:17,035 [b4fa7d23-6606-45fd-9544-2b08ca3fa933@group-D609AED0D3DE:LeaderElection68] INFO  server.RaftServerConfigKeys (ConfUtils.java:logGet(43)) - raft.server.rpc.sleep.time = 25ms (default)
2019-09-25 05:06:17,036 [b4fa7d23-6606-45fd-9544-2b08ca3fa933@group-0A9B9BA38ADE:LeaderElection63] INFO  server.RaftServerConfigKeys (ConfUtils.java:logGet(43)) - raft.server.write.element-limit = 4096 (default)
2019-09-25 05:06:17,036 [pool-37-thread-1] INFO  storage.RaftStorageDirectory (RaftStorageDirectory.java:analyzeStorage(246)) - The storage directory /workdir/hadoop-ozone/integration-test/target/test-dir/MiniOzoneClusterImpl-23306158-e895-4fc7-80df-ce6c264c388b/datanode-1/data/ratis/dc526887-302f-4301-aa76-13a24f8f0dc7 does not exist. Creating ...
2019-09-25 05:06:17,036 [b4fa7d23-6606-45fd-9544-2b08ca3fa933@group-D609AED0D3DE:LeaderElection68] INFO  server.RaftServerConfigKeys (ConfUtils.java:logGet(43)) - raft.server.write.element-limit = 4096 (default)
2019-09-25 05:06:17,036 [b4fa7d23-6606-45fd-9544-2b08ca3fa933@group-0A9B9BA38ADE:LeaderElection63] INFO  server.RaftServerConfigKeys (ConfUtils.java:logGet(43)) - raft.server.watch.timeout = 10s (default)
2019-09-25 05:06:17,036 [b4fa7d23-6606-45fd-9544-2b08ca3fa933@group-D609AED0D3DE:LeaderElection68] INFO  server.RaftServerConfigKeys (ConfUtils.java:logGet(43)) - raft.server.watch.timeout = 10s (default)
2019-09-25 05:06:17,036 [b4fa7d23-6606-45fd-9544-2b08ca3fa933@group-0A9B9BA38ADE:LeaderElection63] INFO  server.RaftServerConfigKeys (ConfUtils.java:logGet(43)) - raft.server.watch.timeout.denomination = 1s (default)
2019-09-25 05:06:17,036 [b4fa7d23-6606-45fd-9544-2b08ca3fa933@group-D609AED0D3DE:LeaderElection68] INFO  server.RaftServerConfigKeys (ConfUtils.java:logGet(43)) - raft.server.watch.timeout.denomination = 1s (default)
2019-09-25 05:06:17,036 [b4fa7d23-6606-45fd-9544-2b08ca3fa933@group-0A9B9BA38ADE:LeaderElection63] INFO  server.RaftServerConfigKeys (ConfUtils.java:logGet(43)) - raft.server.watch.element-limit = 65536 (default)
2019-09-25 05:06:17,036 [b4fa7d23-6606-45fd-9544-2b08ca3fa933@group-D609AED0D3DE:LeaderElection68] INFO  server.RaftServerConfigKeys (ConfUtils.java:logGet(43)) - raft.server.watch.element-limit = 65536 (default)
2019-09-25 05:06:17,043 [c8798e02-7f0c-41f7-82c2-a17323bcf21e@group-6449F1848DD2:LeaderElection70] INFO  impl.RoleInfo (RoleInfo.java:updateAndGet(143)) - c8798e02-7f0c-41f7-82c2-a17323bcf21e: start LeaderState
2019-09-25 05:06:17,044 [c8798e02-7f0c-41f7-82c2-a17323bcf21e@group-6449F1848DD2:LeaderElection70] INFO  segmented.SegmentedRaftLogWorker (SegmentedRaftLogWorker.java:startLogSegment(380)) - c8798e02-7f0c-41f7-82c2-a17323bcf21e@group-6449F1848DD2-SegmentedRaftLogWorker: Starting segment from index:0
2019-09-25 05:06:17,044 [c8798e02-7f0c-41f7-82c2-a17323bcf21e@group-6449F1848DD2:LeaderElection70] INFO  impl.RaftServerImpl (ServerState.java:setRaftConf(354)) - c8798e02-7f0c-41f7-82c2-a17323bcf21e@group-6449F1848DD2: set configuration 0: [c8798e02-7f0c-41f7-82c2-a17323bcf21e:192.168.30.10:40603], old=null at 0
2019-09-25 05:06:17,317 [pool-37-thread-1] INFO  storage.RaftStorageDirectory (RaftStorageDirectory.java:tryLock(328)) - Lock on /workdir/hadoop-ozone/integration-test/target/test-dir/MiniOzoneClusterImpl-23306158-e895-4fc7-80df-ce6c264c388b/datanode-1/data/ratis/dc526887-302f-4301-aa76-13a24f8f0dc7/in_use.lock acquired by nodename 25526@pr-hdds-1569-s62bp-3040748787
2019-09-25 05:06:17,317 [Thread-473] INFO  impl.FollowerState (FollowerState.java:run(106)) - 36ac27b3-2f11-437d-8f1f-165306b0ff4a:group-14E3DEBF70FE changes to CANDIDATE, lastRpcTime:5274, electionTimeout:5021ms
2019-09-25 05:06:17,317 [Thread-470] INFO  impl.FollowerState (FollowerState.java:run(106)) - f77bfc29-6991-4b1d-a503-f706c83de4fc:group-775BA32C4D58 changes to CANDIDATE, lastRpcTime:5313, electionTimeout:5069ms
2019-09-25 05:06:17,317 [Thread-467] INFO  impl.FollowerState (FollowerState.java:run(106)) - 56396258-65a3-478c-9482-0be0199dd49c:group-BF325A081794 changes to CANDIDATE, lastRpcTime:5357, electionTimeout:5130ms
2019-09-25 05:06:17,316 [Thread-479] INFO  impl.FollowerState (FollowerState.java:run(106)) - 56396258-65a3-478c-9482-0be0199dd49c:group-B8772713F5C4 changes to CANDIDATE, lastRpcTime:5196, electionTimeout:5022ms
2019-09-25 05:06:17,313 [Thread-476] INFO  impl.FollowerState (FollowerState.java:run(106)) - 692224c4-5202-4921-98cc-04d5c60c79cc:group-6FAF7513986D changes to CANDIDATE, lastRpcTime:5238, electionTimeout:5197ms
2019-09-25 05:06:17,313 [Thread-487] INFO  impl.FollowerState (FollowerState.java:run(106)) - 36ac27b3-2f11-437d-8f1f-165306b0ff4a:group-855BA6FF8840 changes to CANDIDATE, lastRpcTime:5045, electionTimeout:5007ms
2019-09-25 05:06:17,319 [Thread-467] INFO  impl.RoleInfo (RoleInfo.java:shutdownFollowerState(121)) - 56396258-65a3-478c-9482-0be0199dd49c: shutdown FollowerState
2019-09-25 05:06:17,319 [Thread-470] INFO  impl.RoleInfo (RoleInfo.java:shutdownFollowerState(121)) - f77bfc29-6991-4b1d-a503-f706c83de4fc: shutdown FollowerState
2019-09-25 05:06:17,319 [Thread-470] INFO  impl.RaftServerImpl (RaftServerImpl.java:setRole(174)) - f77bfc29-6991-4b1d-a503-f706c83de4fc@group-775BA32C4D58: changes role from  FOLLOWER to CANDIDATE at term 0 for changeToCandidate
2019-09-25 05:06:17,318 [b4fa7d23-6606-45fd-9544-2b08ca3fa933@group-27932BCF031D:LeaderElection66] INFO  impl.RoleInfo (RoleInfo.java:updateAndGet(143)) - b4fa7d23-6606-45fd-9544-2b08ca3fa933: start LeaderState
2019-09-25 05:06:17,318 [Thread-473] INFO  impl.RoleInfo (RoleInfo.java:shutdownFollowerState(121)) - 36ac27b3-2f11-437d-8f1f-165306b0ff4a: shutdown FollowerState
2019-09-25 05:06:17,319 [Thread-470] INFO  impl.RoleInfo (RoleInfo.java:updateAndGet(143)) - f77bfc29-6991-4b1d-a503-f706c83de4fc: start LeaderElection
2019-09-25 05:06:17,320 [b4fa7d23-6606-45fd-9544-2b08ca3fa933@group-27932BCF031D:LeaderElection66] INFO  segmented.SegmentedRaftLogWorker (SegmentedRaftLogWorker.java:startLogSegment(380)) - b4fa7d23-6606-45fd-9544-2b08ca3fa933@group-27932BCF031D-SegmentedRaftLogWorker: Starting segment from index:0
2019-09-25 05:06:17,319 [Thread-487] INFO  impl.RoleInfo (RoleInfo.java:shutdownFollowerState(121)) - 36ac27b3-2f11-437d-8f1f-165306b0ff4a: shutdown FollowerState
2019-09-25 05:06:17,319 [Thread-476] INFO  impl.RoleInfo (RoleInfo.java:shutdownFollowerState(121)) - 692224c4-5202-4921-98cc-04d5c60c79cc: shutdown FollowerState
2019-09-25 05:06:17,319 [Thread-467] INFO  impl.RaftServerImpl (RaftServerImpl.java:setRole(174)) - 56396258-65a3-478c-9482-0be0199dd49c@group-BF325A081794: changes role from  FOLLOWER to CANDIDATE at term 0 for changeToCandidate
2019-09-25 05:06:17,320 [56396258-65a3-478c-9482-0be0199dd49c@group-53B2AC795339:LeaderElection65] INFO  impl.RoleInfo (RoleInfo.java:updateAndGet(143)) - 56396258-65a3-478c-9482-0be0199dd49c: start LeaderState
2019-09-25 05:06:17,319 [Thread-479] INFO  impl.RoleInfo (RoleInfo.java:shutdownFollowerState(121)) - 56396258-65a3-478c-9482-0be0199dd49c: shutdown FollowerState
2019-09-25 05:06:17,320 [b4fa7d23-6606-45fd-9544-2b08ca3fa933@group-27932BCF031D:LeaderElection66] INFO  impl.RaftServerImpl (ServerState.java:setRaftConf(354)) - b4fa7d23-6606-45fd-9544-2b08ca3fa933@group-27932BCF031D: set configuration 0: [b4fa7d23-6606-45fd-9544-2b08ca3fa933:192.168.30.10:34493], old=null at 0
2019-09-25 05:06:17,320 [Thread-467] INFO  impl.RoleInfo (RoleInfo.java:updateAndGet(143)) - 56396258-65a3-478c-9482-0be0199dd49c: start LeaderElection
2019-09-25 05:06:17,320 [Thread-476] INFO  impl.RaftServerImpl (RaftServerImpl.java:setRole(174)) - 692224c4-5202-4921-98cc-04d5c60c79cc@group-6FAF7513986D: changes role from  FOLLOWER to CANDIDATE at term 0 for changeToCandidate
2019-09-25 05:06:17,572 [b4fa7d23-6606-45fd-9544-2b08ca3fa933@group-2B9C53276FBE:LeaderElection67] INFO  impl.RoleInfo (RoleInfo.java:updateAndGet(143)) - b4fa7d23-6606-45fd-9544-2b08ca3fa933: start LeaderState
2019-09-25 05:06:17,320 [Thread-487] INFO  impl.RaftServerImpl (RaftServerImpl.java:setRole(174)) - 36ac27b3-2f11-437d-8f1f-165306b0ff4a@group-855BA6FF8840: changes role from  FOLLOWER to CANDIDATE at term 0 for changeToCandidate
2019-09-25 05:06:17,573 [b4fa7d23-6606-45fd-9544-2b08ca3fa933@group-2B9C53276FBE:LeaderElection67] INFO  segmented.SegmentedRaftLogWorker (SegmentedRaftLogWorker.java:startLogSegment(380)) - b4fa7d23-6606-45fd-9544-2b08ca3fa933@group-2B9C53276FBE-SegmentedRaftLogWorker: Starting segment from index:0
2019-09-25 05:06:17,319 [36ac27b3-2f11-437d-8f1f-165306b0ff4a@group-F3CD325C6D07:LeaderElection69] INFO  impl.RoleInfo (RoleInfo.java:updateAndGet(143)) - 36ac27b3-2f11-437d-8f1f-165306b0ff4a: start LeaderState
2019-09-25 05:06:17,319 [Thread-473] INFO  impl.RaftServerImpl (RaftServerImpl.java:setRole(174)) - 36ac27b3-2f11-437d-8f1f-165306b0ff4a@group-14E3DEBF70FE: changes role from  FOLLOWER to CANDIDATE at term 0 for changeToCandidate
2019-09-25 05:06:17,573 [Thread-487] INFO  impl.RoleInfo (RoleInfo.java:updateAndGet(143)) - 36ac27b3-2f11-437d-8f1f-165306b0ff4a: start LeaderElection
2019-09-25 05:06:17,573 [b4fa7d23-6606-45fd-9544-2b08ca3fa933@group-D609AED0D3DE:LeaderElection68] INFO  impl.RoleInfo (RoleInfo.java:updateAndGet(143)) - b4fa7d23-6606-45fd-9544-2b08ca3fa933: start LeaderState
2019-09-25 05:06:17,573 [b4fa7d23-6606-45fd-9544-2b08ca3fa933@group-0A9B9BA38ADE:LeaderElection63] INFO  impl.RoleInfo (RoleInfo.java:updateAndGet(143)) - b4fa7d23-6606-45fd-9544-2b08ca3fa933: start LeaderState
2019-09-25 05:06:17,845 [b4fa7d23-6606-45fd-9544-2b08ca3fa933@group-D609AED0D3DE:LeaderElection68] INFO  segmented.SegmentedRaftLogWorker (SegmentedRaftLogWorker.java:startLogSegment(380)) - b4fa7d23-6606-45fd-9544-2b08ca3fa933@group-D609AED0D3DE-SegmentedRaftLogWorker: Starting segment from index:0
2019-09-25 05:06:17,573 [Thread-476] INFO  impl.RoleInfo (RoleInfo.java:updateAndGet(143)) - 692224c4-5202-4921-98cc-04d5c60c79cc: start LeaderElection
2019-09-25 05:06:17,572 [692224c4-5202-4921-98cc-04d5c60c79cc@group-1DA465D771D0:LeaderElection64] INFO  impl.RoleInfo (RoleInfo.java:updateAndGet(143)) - 692224c4-5202-4921-98cc-04d5c60c79cc: start LeaderState
2019-09-25 05:06:17,846 [b4fa7d23-6606-45fd-9544-2b08ca3fa933@group-D609AED0D3DE:LeaderElection68] INFO  impl.RaftServerImpl (ServerState.java:setRaftConf(354)) - b4fa7d23-6606-45fd-9544-2b08ca3fa933@group-D609AED0D3DE: set configuration 0: [b4fa7d23-6606-45fd-9544-2b08ca3fa933:192.168.30.10:34493], old=null at 0
2019-09-25 05:06:17,572 [Thread-479] INFO  impl.RaftServerImpl (RaftServerImpl.java:setRole(174)) - 56396258-65a3-478c-9482-0be0199dd49c@group-B8772713F5C4: changes role from  FOLLOWER to CANDIDATE at term 0 for changeToCandidate
2019-09-25 05:06:17,320 [56396258-65a3-478c-9482-0be0199dd49c@group-53B2AC795339:LeaderElection65] INFO  segmented.SegmentedRaftLogWorker (SegmentedRaftLogWorker.java:startLogSegment(380)) - 56396258-65a3-478c-9482-0be0199dd49c@group-53B2AC795339-SegmentedRaftLogWorker: Starting segment from index:0
2019-09-25 05:06:17,571 [pool-37-thread-1] INFO  storage.RaftStorage (RaftStorage.java:format(72)) - Storage directory /workdir/hadoop-ozone/integration-test/target/test-dir/MiniOzoneClusterImpl-23306158-e895-4fc7-80df-ce6c264c388b/datanode-1/data/ratis/dc526887-302f-4301-aa76-13a24f8f0dc7 has been successfully formatted.
2019-09-25 05:06:17,571 [Thread-484] INFO  impl.FollowerState (FollowerState.java:run(106)) - c8798e02-7f0c-41f7-82c2-a17323bcf21e:group-D18EEAF46E97 changes to CANDIDATE, lastRpcTime:5380, electionTimeout:5148ms
2019-09-25 05:06:17,569 [Thread-493] INFO  impl.FollowerState (FollowerState.java:run(106)) - c8798e02-7f0c-41f7-82c2-a17323bcf21e:group-7F09E26EF688 changes to CANDIDATE, lastRpcTime:5205, electionTimeout:5018ms
2019-09-25 05:06:17,567 [Thread-504] INFO  impl.FollowerState (FollowerState.java:run(106)) - 692224c4-5202-4921-98cc-04d5c60c79cc:group-619497721A04 changes to CANDIDATE, lastRpcTime:5007, electionTimeout:5007ms
2019-09-25 05:06:17,566 [Thread-500] INFO  impl.FollowerState (FollowerState.java:run(106)) - 692224c4-5202-4921-98cc-04d5c60c79cc:group-671CE9E71498 changes to CANDIDATE, lastRpcTime:5122, electionTimeout:5077ms
2019-09-25 05:06:18,293 [Thread-504] INFO  impl.RoleInfo (RoleInfo.java:shutdownFollowerState(121)) - 692224c4-5202-4921-98cc-04d5c60c79cc: shutdown FollowerState
2019-09-25 05:06:18,293 [Thread-493] INFO  impl.RoleInfo (RoleInfo.java:shutdownFollowerState(121)) - c8798e02-7f0c-41f7-82c2-a17323bcf21e: shutdown FollowerState
2019-09-25 05:06:18,292 [Thread-484] INFO  impl.RoleInfo (RoleInfo.java:shutdownFollowerState(121)) - c8798e02-7f0c-41f7-82c2-a17323bcf21e: shutdown FollowerState
2019-09-25 05:06:18,294 [Thread-484] INFO  impl.RaftServerImpl (RaftServerImpl.java:setRole(174)) - c8798e02-7f0c-41f7-82c2-a17323bcf21e@group-D18EEAF46E97: changes role from  FOLLOWER to CANDIDATE at term 0 for changeToCandidate
2019-09-25 05:06:18,292 [56396258-65a3-478c-9482-0be0199dd49c@group-53B2AC795339:LeaderElection65] INFO  impl.RaftServerImpl (ServerState.java:setRaftConf(354)) - 56396258-65a3-478c-9482-0be0199dd49c@group-53B2AC795339: set configuration 0: [56396258-65a3-478c-9482-0be0199dd49c:192.168.30.10:41678], old=null at 0
2019-09-25 05:06:18,292 [36ac27b3-2f11-437d-8f1f-165306b0ff4a@group-855BA6FF8840:LeaderElection74] INFO  impl.LeaderElection (LeaderElection.java:askForVotes(182)) - 36ac27b3-2f11-437d-8f1f-165306b0ff4a@group-855BA6FF8840:LeaderElection74: begin an election at term 1 for -1: [36ac27b3-2f11-437d-8f1f-165306b0ff4a:192.168.30.10:45265], old=null
2019-09-25 05:06:18,292 [Thread-528] INFO  impl.FollowerState (FollowerState.java:run(106)) - f77bfc29-6991-4b1d-a503-f706c83de4fc:group-DD47C436208F changes to CANDIDATE, lastRpcTime:5373, electionTimeout:5169ms
2019-09-25 05:06:18,294 [c8798e02-7f0c-41f7-82c2-a17323bcf21e@group-C7571FF4FA4B-SegmentedRaftLogWorker] ERROR segmented.SegmentedRaftLogWorker (SegmentedRaftLogWorker.java:run(323)) - c8798e02-7f0c-41f7-82c2-a17323bcf21e@group-C7571FF4FA4B-SegmentedRaftLogWorker hit exception
java.lang.OutOfMemoryError: Direct buffer memory
	at java.nio.Bits.reserveMemory(Bits.java:666)
	at java.nio.DirectByteBuffer.<init>(DirectByteBuffer.java:123)
	at java.nio.ByteBuffer.allocateDirect(ByteBuffer.java:311)
	at org.apache.ratis.server.raftlog.segmented.BufferedWriteChannel.<init>(BufferedWriteChannel.java:41)
	at org.apache.ratis.server.raftlog.segmented.SegmentedRaftLogOutputStream.<init>(SegmentedRaftLogOutputStream.java:72)
	at org.apache.ratis.server.raftlog.segmented.SegmentedRaftLogWorker$StartLogSegment.execute(SegmentedRaftLogWorker.java:566)
	at org.apache.ratis.server.raftlog.segmented.SegmentedRaftLogWorker.run(SegmentedRaftLogWorker.java:289)
	at java.lang.Thread.run(Thread.java:748)
2019-09-25 05:06:18,291 [Thread-535] INFO  impl.FollowerState (FollowerState.java:run(106)) - f77bfc29-6991-4b1d-a503-f706c83de4fc:group-FD68C919D676 changes to CANDIDATE, lastRpcTime:5252, electionTimeout:5063ms
2019-09-25 05:06:18,290 [Thread-539] INFO  impl.FollowerState (FollowerState.java:run(106)) - de37f7a0-0375-40a9-a318-404478482fcb:group-42158A371DC1 changes to CANDIDATE, lastRpcTime:5195, electionTimeout:5097ms
2019-09-25 05:06:18,045 [pool-37-thread-1] INFO  ratis.ContainerStateMachine (ContainerStateMachine.java:loadSnapshot(230)) - group-13A24F8F0DC7: The snapshot info is null. Setting the last applied indexto:(t:0, i:~)
2019-09-25 05:06:18,044 [Thread-479] INFO  impl.RoleInfo (RoleInfo.java:updateAndGet(143)) - 56396258-65a3-478c-9482-0be0199dd49c: start LeaderElection
2019-09-25 05:06:18,044 [56396258-65a3-478c-9482-0be0199dd49c@group-BF325A081794:LeaderElection72] INFO  impl.LeaderElection (LeaderElection.java:askForVotes(182)) - 56396258-65a3-478c-9482-0be0199dd49c@group-BF325A081794:LeaderElection72: begin an election at term 1 for -1: [56396258-65a3-478c-9482-0be0199dd49c:192.168.30.10:41678], old=null
2019-09-25 05:06:17,846 [692224c4-5202-4921-98cc-04d5c60c79cc@group-1DA465D771D0:LeaderElection64] INFO  segmented.SegmentedRaftLogWorker (SegmentedRaftLogWorker.java:startLogSegment(380)) - 692224c4-5202-4921-98cc-04d5c60c79cc@group-1DA465D771D0-SegmentedRaftLogWorker: Starting segment from index:0
2019-09-25 05:06:18,043 [Thread-522] INFO  impl.FollowerState (FollowerState.java:run(106)) - 692224c4-5202-4921-98cc-04d5c60c79cc:group-BA4E288B6498 changes to CANDIDATE, lastRpcTime:5214, electionTimeout:5067ms
2019-09-25 05:06:18,041 [Thread-532] INFO  impl.FollowerState (FollowerState.java:run(106)) - 56396258-65a3-478c-9482-0be0199dd49c:group-B63E6DF1E8D2 changes to CANDIDATE, lastRpcTime:5045, electionTimeout:5003ms
2019-09-25 05:06:17,845 [b4fa7d23-6606-45fd-9544-2b08ca3fa933@group-0A9B9BA38ADE:LeaderElection63] INFO  segmented.SegmentedRaftLogWorker (SegmentedRaftLogWorker.java:startLogSegment(380)) - b4fa7d23-6606-45fd-9544-2b08ca3fa933@group-0A9B9BA38ADE-SegmentedRaftLogWorker: Starting segment from index:0
2019-09-25 05:06:17,845 [f77bfc29-6991-4b1d-a503-f706c83de4fc@group-775BA32C4D58:LeaderElection71] INFO  impl.LeaderElection (LeaderElection.java:askForVotes(182)) - f77bfc29-6991-4b1d-a503-f706c83de4fc@group-775BA32C4D58:LeaderElection71: begin an election at term 1 for -1: [f77bfc29-6991-4b1d-a503-f706c83de4fc:192.168.30.10:35112], old=null
2019-09-25 05:06:17,845 [Thread-473] INFO  impl.RoleInfo (RoleInfo.java:updateAndGet(143)) - 36ac27b3-2f11-437d-8f1f-165306b0ff4a: start LeaderElection
2019-09-25 05:06:17,845 [b4fa7d23-6606-45fd-9544-2b08ca3fa933@group-2B9C53276FBE:LeaderElection67] INFO  impl.RaftServerImpl (ServerState.java:setRaftConf(354)) - b4fa7d23-6606-45fd-9544-2b08ca3fa933@group-2B9C53276FBE: set configuration 0: [b4fa7d23-6606-45fd-9544-2b08ca3fa933:192.168.30.10:34493], old=null at 0
2019-09-25 05:06:17,845 [36ac27b3-2f11-437d-8f1f-165306b0ff4a@group-F3CD325C6D07:LeaderElection69] INFO  segmented.SegmentedRaftLogWorker (SegmentedRaftLogWorker.java:startLogSegment(380)) - 36ac27b3-2f11-437d-8f1f-165306b0ff4a@group-F3CD325C6D07-SegmentedRaftLogWorker: Starting segment from index:0
2019-09-25 05:06:17,843 [Thread-507] INFO  impl.FollowerState (FollowerState.java:run(106)) - de37f7a0-0375-40a9-a318-404478482fcb:group-4CF977ABCA41 changes to CANDIDATE, lastRpcTime:5237, electionTimeout:5105ms
2019-09-25 05:06:17,841 [Thread-511] INFO  impl.FollowerState (FollowerState.java:run(106)) - 36ac27b3-2f11-437d-8f1f-165306b0ff4a:group-F5C962B5449B changes to CANDIDATE, lastRpcTime:5192, electionTimeout:5156ms
2019-09-25 05:06:18,875 [Thread-507] INFO  impl.RoleInfo (RoleInfo.java:shutdownFollowerState(121)) - de37f7a0-0375-40a9-a318-404478482fcb: shutdown FollowerState
2019-09-25 05:06:17,841 [Thread-516] INFO  impl.FollowerState (FollowerState.java:run(106)) - f77bfc29-6991-4b1d-a503-f706c83de4fc:group-0224D9BF4A68 changes to CANDIDATE, lastRpcTime:5129, electionTimeout:5125ms
2019-09-25 05:06:19,117 [Thread-507] INFO  impl.RaftServerImpl (RaftServerImpl.java:setRole(174)) - de37f7a0-0375-40a9-a318-404478482fcb@group-4CF977ABCA41: changes role from  FOLLOWER to CANDIDATE at term 0 for changeToCandidate
2019-09-25 05:06:19,115 [Thread-578] INFO  impl.FollowerState (FollowerState.java:run(106)) - f77bfc29-6991-4b1d-a503-f706c83de4fc:group-896477D705A3 changes to CANDIDATE, lastRpcTime:5301, electionTimeout:5101ms
2019-09-25 05:06:19,118 [Thread-507] INFO  impl.RoleInfo (RoleInfo.java:updateAndGet(143)) - de37f7a0-0375-40a9-a318-404478482fcb: start LeaderElection
2019-09-25 05:06:19,092 [Thread-587] INFO  impl.FollowerState (FollowerState.java:run(106)) - 56396258-65a3-478c-9482-0be0199dd49c:group-33166F81F61A changes to CANDIDATE, lastRpcTime:5140, electionTimeout:5051ms
2019-09-25 05:06:19,088 [Thread-584] INFO  impl.FollowerState (FollowerState.java:run(106)) - b4fa7d23-6606-45fd-9544-2b08ca3fa933:group-24A5F312D09B changes to CANDIDATE, lastRpcTime:5179, electionTimeout:5144ms
2019-09-25 05:06:18,875 [36ac27b3-2f11-437d-8f1f-165306b0ff4a@group-F3CD325C6D07:LeaderElection69] INFO  impl.RaftServerImpl (ServerState.java:setRaftConf(354)) - 36ac27b3-2f11-437d-8f1f-165306b0ff4a@group-F3CD325C6D07: set configuration 0: [36ac27b3-2f11-437d-8f1f-165306b0ff4a:192.168.30.10:45265], old=null at 0
2019-09-25 05:06:18,875 [Thread-511] INFO  impl.RoleInfo (RoleInfo.java:shutdownFollowerState(121)) - 36ac27b3-2f11-437d-8f1f-165306b0ff4a: shutdown FollowerState
2019-09-25 05:06:18,875 [b4fa7d23-6606-45fd-9544-2b08ca3fa933@group-0A9B9BA38ADE:LeaderElection63] INFO  impl.RaftServerImpl (ServerState.java:setRaftConf(354)) - b4fa7d23-6606-45fd-9544-2b08ca3fa933@group-0A9B9BA38ADE: set configuration 0: [b4fa7d23-6606-45fd-9544-2b08ca3fa933:192.168.30.10:34493], old=null at 0
2019-09-25 05:06:18,874 [56396258-65a3-478c-9482-0be0199dd49c@group-B8772713F5C4:LeaderElection76] INFO  impl.LeaderElection (LeaderElection.java:askForVotes(182)) - 56396258-65a3-478c-9482-0be0199dd49c@group-B8772713F5C4:LeaderElection76: begin an election at term 1 for -1: [56396258-65a3-478c-9482-0be0199dd49c:192.168.30.10:41678], old=null
2019-09-25 05:06:18,874 [Thread-563] INFO  impl.FollowerState (FollowerState.java:run(106)) - 56396258-65a3-478c-9482-0be0199dd49c:group-78B68D5662A6 changes to CANDIDATE, lastRpcTime:5292, electionTimeout:5018ms
2019-09-25 05:06:19,135 [56396258-65a3-478c-9482-0be0199dd49c@group-B8772713F5C4:LeaderElection76] INFO  impl.RoleInfo (RoleInfo.java:shutdownLeaderElection(134)) - 56396258-65a3-478c-9482-0be0199dd49c: shutdown LeaderElection
2019-09-25 05:06:18,871 [c8798e02-7f0c-41f7-82c2-a17323bcf21e@group-6449F1848DD2-SegmentedRaftLogWorker] ERROR segmented.SegmentedRaftLogWorker (SegmentedRaftLogWorker.java:run(323)) - c8798e02-7f0c-41f7-82c2-a17323bcf21e@group-6449F1848DD2-SegmentedRaftLogWorker hit exception
java.lang.OutOfMemoryError: Direct buffer memory
	at java.nio.Bits.reserveMemory(Bits.java:666)
	at java.nio.DirectByteBuffer.<init>(DirectByteBuffer.java:123)
	at java.nio.ByteBuffer.allocateDirect(ByteBuffer.java:311)
	at org.apache.ratis.server.raftlog.segmented.BufferedWriteChannel.<init>(BufferedWriteChannel.java:41)
	at org.apache.ratis.server.raftlog.segmented.SegmentedRaftLogOutputStream.<init>(SegmentedRaftLogOutputStream.java:72)
	at org.apache.ratis.server.raftlog.segmented.SegmentedRaftLogWorker$StartLogSegment.execute(SegmentedRaftLogWorker.java:566)
	at org.apache.ratis.server.raftlog.segmented.SegmentedRaftLogWorker.run(SegmentedRaftLogWorker.java:289)
	at java.lang.Thread.run(Thread.java:748)
2019-09-25 05:06:18,871 [b4fa7d23-6606-45fd-9544-2b08ca3fa933@group-27932BCF031D-SegmentedRaftLogWorker] ERROR segmented.SegmentedRaftLogWorker (SegmentedRaftLogWorker.java:run(323)) - b4fa7d23-6606-45fd-9544-2b08ca3fa933@group-27932BCF031D-SegmentedRaftLogWorker hit exception
java.lang.OutOfMemoryError: Direct buffer memory
	at java.nio.Bits.reserveMemory(Bits.java:666)
	at java.nio.DirectByteBuffer.<init>(DirectByteBuffer.java:123)
	at java.nio.ByteBuffer.allocateDirect(ByteBuffer.java:311)
	at org.apache.ratis.server.raftlog.segmented.BufferedWriteChannel.<init>(BufferedWriteChannel.java:41)
	at org.apache.ratis.server.raftlog.segmented.SegmentedRaftLogOutputStream.<init>(SegmentedRaftLogOutputStream.java:72)
	at org.apache.ratis.server.raftlog.segmented.SegmentedRaftLogWorker$StartLogSegment.execute(SegmentedRaftLogWorker.java:566)
	at org.apache.ratis.server.raftlog.segmented.SegmentedRaftLogWorker.run(SegmentedRaftLogWorker.java:289)
	at java.lang.Thread.run(Thread.java:748)
2019-09-25 05:06:18,871 [Thread-568] INFO  impl.FollowerState (FollowerState.java:run(106)) - b4fa7d23-6606-45fd-9544-2b08ca3fa933:group-64E57C267E0E changes to CANDIDATE, lastRpcTime:5213, electionTimeout:5176ms
2019-09-25 05:06:18,871 [Thread-575] INFO  impl.FollowerState (FollowerState.java:run(106)) - 56396258-65a3-478c-9482-0be0199dd49c:group-73E62750B93A changes to CANDIDATE, lastRpcTime:5104, electionTimeout:5098ms
2019-09-25 05:06:18,577 [f77bfc29-6991-4b1d-a503-f706c83de4fc@group-775BA32C4D58:LeaderElection71] INFO  impl.RoleInfo (RoleInfo.java:shutdownLeaderElection(134)) - f77bfc29-6991-4b1d-a503-f706c83de4fc: shutdown LeaderElection
2019-09-25 05:06:18,577 [c8798e02-7f0c-41f7-82c2-a17323bcf21e@group-C7571FF4FA4B-SegmentedRaftLogWorker] INFO  impl.RaftServerImpl (RaftServerImpl.java:lambda$shutdown$3(251)) - c8798e02-7f0c-41f7-82c2-a17323bcf21e@group-C7571FF4FA4B: shutdown
2019-09-25 05:06:18,577 [692224c4-5202-4921-98cc-04d5c60c79cc@group-1DA465D771D0:LeaderElection64] INFO  impl.RaftServerImpl (ServerState.java:setRaftConf(354)) - 692224c4-5202-4921-98cc-04d5c60c79cc@group-1DA465D771D0: set configuration 0: [692224c4-5202-4921-98cc-04d5c60c79cc:192.168.30.10:38144], old=null at 0
2019-09-25 05:06:19,137 [c8798e02-7f0c-41f7-82c2-a17323bcf21e@group-C7571FF4FA4B-SegmentedRaftLogWorker] INFO  util.JmxRegister (JmxRegister.java:unregister(73)) - Successfully un-registered JMX Bean with object name Ratis:service=RaftServer,group=group-C7571FF4FA4B,id=c8798e02-7f0c-41f7-82c2-a17323bcf21e
2019-09-25 05:06:18,577 [692224c4-5202-4921-98cc-04d5c60c79cc@group-6FAF7513986D:LeaderElection73] INFO  impl.LeaderElection (LeaderElection.java:askForVotes(182)) - 692224c4-5202-4921-98cc-04d5c60c79cc@group-6FAF7513986D:LeaderElection73: begin an election at term 1 for -1: [692224c4-5202-4921-98cc-04d5c60c79cc:192.168.30.10:38144], old=null
2019-09-25 05:06:18,575 [Thread-547] INFO  impl.FollowerState (FollowerState.java:run(106)) - 56396258-65a3-478c-9482-0be0199dd49c:group-5767B56274DA changes to CANDIDATE, lastRpcTime:5319, electionTimeout:5085ms
2019-09-25 05:06:18,574 [Thread-557] INFO  impl.FollowerState (FollowerState.java:run(106)) - 692224c4-5202-4921-98cc-04d5c60c79cc:group-A3AB95F92ABD changes to CANDIDATE, lastRpcTime:5158, electionTimeout:5002ms
2019-09-25 05:06:18,298 [Thread-532] INFO  impl.RoleInfo (RoleInfo.java:shutdownFollowerState(121)) - 56396258-65a3-478c-9482-0be0199dd49c: shutdown FollowerState
2019-09-25 05:06:18,298 [Thread-522] INFO  impl.RoleInfo (RoleInfo.java:shutdownFollowerState(121)) - 692224c4-5202-4921-98cc-04d5c60c79cc: shutdown FollowerState
2019-09-25 05:06:18,298 [56396258-65a3-478c-9482-0be0199dd49c@group-BF325A081794:LeaderElection72] INFO  impl.RoleInfo (RoleInfo.java:shutdownLeaderElection(134)) - 56396258-65a3-478c-9482-0be0199dd49c: shutdown LeaderElection
2019-09-25 05:06:18,298 [pool-37-thread-1] INFO  server.RaftServerConfigKeys (ConfUtils.java:logGet(43)) - raft.server.notification.no-leader.timeout = 120s (custom)
2019-09-25 05:06:18,297 [Thread-539] INFO  impl.RoleInfo (RoleInfo.java:shutdownFollowerState(121)) - de37f7a0-0375-40a9-a318-404478482fcb: shutdown FollowerState
2019-09-25 05:06:18,297 [Thread-535] INFO  impl.RoleInfo (RoleInfo.java:shutdownFollowerState(121)) - f77bfc29-6991-4b1d-a503-f706c83de4fc: shutdown FollowerState
2019-09-25 05:06:18,294 [Thread-528] INFO  impl.RoleInfo (RoleInfo.java:shutdownFollowerState(121)) - f77bfc29-6991-4b1d-a503-f706c83de4fc: shutdown FollowerState
2019-09-25 05:06:19,140 [Thread-528] INFO  impl.RaftServerImpl (RaftServerImpl.java:setRole(174)) - f77bfc29-6991-4b1d-a503-f706c83de4fc@group-DD47C436208F: changes role from  FOLLOWER to CANDIDATE at term 0 for changeToCandidate
2019-09-25 05:06:18,294 [36ac27b3-2f11-437d-8f1f-165306b0ff4a@group-855BA6FF8840:LeaderElection74] INFO  impl.RoleInfo (RoleInfo.java:shutdownLeaderElection(134)) - 36ac27b3-2f11-437d-8f1f-165306b0ff4a: shutdown LeaderElection
2019-09-25 05:06:19,140 [36ac27b3-2f11-437d-8f1f-165306b0ff4a@group-855BA6FF8840:LeaderElection74] INFO  impl.RaftServerImpl (RaftServerImpl.java:setRole(174)) - 36ac27b3-2f11-437d-8f1f-165306b0ff4a@group-855BA6FF8840: changes role from CANDIDATE to LEADER at term 1 for changeToLeader
2019-09-25 05:06:18,294 [Thread-484] INFO  impl.RoleInfo (RoleInfo.java:updateAndGet(143)) - c8798e02-7f0c-41f7-82c2-a17323bcf21e: start LeaderElection
2019-09-25 05:06:18,294 [Thread-493] INFO  impl.RaftServerImpl (RaftServerImpl.java:setRole(174)) - c8798e02-7f0c-41f7-82c2-a17323bcf21e@group-7F09E26EF688: changes role from  FOLLOWER to CANDIDATE at term 0 for changeToCandidate
2019-09-25 05:06:18,293 [Thread-500] INFO  impl.RoleInfo (RoleInfo.java:shutdownFollowerState(121)) - 692224c4-5202-4921-98cc-04d5c60c79cc: shutdown FollowerState
2019-09-25 05:06:19,141 [Thread-500] INFO  impl.RaftServerImpl (RaftServerImpl.java:setRole(174)) - 692224c4-5202-4921-98cc-04d5c60c79cc@group-671CE9E71498: changes role from  FOLLOWER to CANDIDATE at term 0 for changeToCandidate
2019-09-25 05:06:18,293 [Thread-504] INFO  impl.RaftServerImpl (RaftServerImpl.java:setRole(174)) - 692224c4-5202-4921-98cc-04d5c60c79cc@group-619497721A04: changes role from  FOLLOWER to CANDIDATE at term 0 for changeToCandidate
2019-09-25 05:06:19,141 [36ac27b3-2f11-437d-8f1f-165306b0ff4a@group-855BA6FF8840:LeaderElection74] INFO  impl.RaftServerImpl (ServerState.java:setLeader(253)) - 36ac27b3-2f11-437d-8f1f-165306b0ff4a@group-855BA6FF8840: change Leader from null to 36ac27b3-2f11-437d-8f1f-165306b0ff4a at term 1 for becomeLeader, leader elected after 6880ms
2019-09-25 05:06:19,139 [Thread-535] INFO  impl.RaftServerImpl (RaftServerImpl.java:setRole(174)) - f77bfc29-6991-4b1d-a503-f706c83de4fc@group-FD68C919D676: changes role from  FOLLOWER to CANDIDATE at term 0 for changeToCandidate
2019-09-25 05:06:19,139 [Thread-539] INFO  impl.RaftServerImpl (RaftServerImpl.java:setRole(174)) - de37f7a0-0375-40a9-a318-404478482fcb@group-42158A371DC1: changes role from  FOLLOWER to CANDIDATE at term 0 for changeToCandidate
2019-09-25 05:06:19,139 [pool-37-thread-1] INFO  server.RaftServerConfigKeys (ConfUtils.java:logGet(43)) - raft.server.log.use.memory = false (default)
2019-09-25 05:06:19,139 [56396258-65a3-478c-9482-0be0199dd49c@group-BF325A081794:LeaderElection72] INFO  impl.RaftServerImpl (RaftServerImpl.java:setRole(174)) - 56396258-65a3-478c-9482-0be0199dd49c@group-BF325A081794: changes role from CANDIDATE to LEADER at term 1 for changeToLeader
2019-09-25 05:06:19,138 [Thread-522] INFO  impl.RaftServerImpl (RaftServerImpl.java:setRole(174)) - 692224c4-5202-4921-98cc-04d5c60c79cc@group-BA4E288B6498: changes role from  FOLLOWER to CANDIDATE at term 0 for changeToCandidate
2019-09-25 05:06:19,138 [Thread-532] INFO  impl.RaftServerImpl (RaftServerImpl.java:setRole(174)) - 56396258-65a3-478c-9482-0be0199dd49c@group-B63E6DF1E8D2: changes role from  FOLLOWER to CANDIDATE at term 0 for changeToCandidate
2019-09-25 05:06:19,138 [Thread-557] INFO  impl.RoleInfo (RoleInfo.java:shutdownFollowerState(121)) - 692224c4-5202-4921-98cc-04d5c60c79cc: shutdown FollowerState
2019-09-25 05:06:19,138 [Thread-547] INFO  impl.RoleInfo (RoleInfo.java:shutdownFollowerState(121)) - 56396258-65a3-478c-9482-0be0199dd49c: shutdown FollowerState
2019-09-25 05:06:19,138 [692224c4-5202-4921-98cc-04d5c60c79cc@group-6FAF7513986D:LeaderElection73] INFO  impl.RoleInfo (RoleInfo.java:shutdownLeaderElection(134)) - 692224c4-5202-4921-98cc-04d5c60c79cc: shutdown LeaderElection
2019-09-25 05:06:19,137 [c8798e02-7f0c-41f7-82c2-a17323bcf21e@group-C7571FF4FA4B-SegmentedRaftLogWorker] INFO  impl.RoleInfo (RoleInfo.java:shutdownLeaderState(104)) - c8798e02-7f0c-41f7-82c2-a17323bcf21e: shutdown LeaderState
2019-09-25 05:06:19,137 [f77bfc29-6991-4b1d-a503-f706c83de4fc@group-775BA32C4D58:LeaderElection71] INFO  impl.RaftServerImpl (RaftServerImpl.java:setRole(174)) - f77bfc29-6991-4b1d-a503-f706c83de4fc@group-775BA32C4D58: changes role from CANDIDATE to LEADER at term 1 for changeToLeader
2019-09-25 05:06:19,137 [Thread-575] INFO  impl.RoleInfo (RoleInfo.java:shutdownFollowerState(121)) - 56396258-65a3-478c-9482-0be0199dd49c: shutdown FollowerState
2019-09-25 05:06:19,144 [Thread-575] INFO  impl.RaftServerImpl (RaftServerImpl.java:setRole(174)) - 56396258-65a3-478c-9482-0be0199dd49c@group-73E62750B93A: changes role from  FOLLOWER to CANDIDATE at term 0 for changeToCandidate
2019-09-25 05:06:19,137 [Thread-568] INFO  impl.RoleInfo (RoleInfo.java:shutdownFollowerState(121)) - b4fa7d23-6606-45fd-9544-2b08ca3fa933: shutdown FollowerState
2019-09-25 05:06:19,144 [Thread-568] INFO  impl.RaftServerImpl (RaftServerImpl.java:setRole(174)) - b4fa7d23-6606-45fd-9544-2b08ca3fa933@group-64E57C267E0E: changes role from  FOLLOWER to CANDIDATE at term 0 for changeToCandidate
2019-09-25 05:06:19,136 [b4fa7d23-6606-45fd-9544-2b08ca3fa933@group-27932BCF031D-SegmentedRaftLogWorker] INFO  impl.RaftServerImpl (RaftServerImpl.java:lambda$shutdown$3(251)) - b4fa7d23-6606-45fd-9544-2b08ca3fa933@group-27932BCF031D: shutdown
2019-09-25 05:06:19,136 [c8798e02-7f0c-41f7-82c2-a17323bcf21e@group-6449F1848DD2-SegmentedRaftLogWorker] INFO  impl.RaftServerImpl (RaftServerImpl.java:lambda$shutdown$3(251)) - c8798e02-7f0c-41f7-82c2-a17323bcf21e@group-6449F1848DD2: shutdown
2019-09-25 05:06:19,135 [56396258-65a3-478c-9482-0be0199dd49c@group-B8772713F5C4:LeaderElection76] INFO  impl.RaftServerImpl (RaftServerImpl.java:setRole(174)) - 56396258-65a3-478c-9482-0be0199dd49c@group-B8772713F5C4: changes role from CANDIDATE to LEADER at term 1 for changeToLeader
2019-09-25 05:06:19,135 [Thread-563] INFO  impl.RoleInfo (RoleInfo.java:shutdownFollowerState(121)) - 56396258-65a3-478c-9482-0be0199dd49c: shutdown FollowerState
2019-09-25 05:06:19,134 [Thread-511] INFO  impl.RaftServerImpl (RaftServerImpl.java:setRole(174)) - 36ac27b3-2f11-437d-8f1f-165306b0ff4a@group-F5C962B5449B: changes role from  FOLLOWER to CANDIDATE at term 0 for changeToCandidate
2019-09-25 05:06:19,131 [Thread-584] INFO  impl.RoleInfo (RoleInfo.java:shutdownFollowerState(121)) - b4fa7d23-6606-45fd-9544-2b08ca3fa933: shutdown FollowerState
2019-09-25 05:06:19,131 [36ac27b3-2f11-437d-8f1f-165306b0ff4a@group-14E3DEBF70FE:LeaderElection75] INFO  impl.LeaderElection (LeaderElection.java:askForVotes(182)) - 36ac27b3-2f11-437d-8f1f-165306b0ff4a@group-14E3DEBF70FE:LeaderElection75: begin an election at term 1 for -1: [36ac27b3-2f11-437d-8f1f-165306b0ff4a:192.168.30.10:45265], old=null
2019-09-25 05:06:19,130 [Thread-587] INFO  impl.RoleInfo (RoleInfo.java:shutdownFollowerState(121)) - 56396258-65a3-478c-9482-0be0199dd49c: shutdown FollowerState
2019-09-25 05:06:19,118 [Thread-578] INFO  impl.RoleInfo (RoleInfo.java:shutdownFollowerState(121)) - f77bfc29-6991-4b1d-a503-f706c83de4fc: shutdown FollowerState
2019-09-25 05:06:19,117 [Thread-590] INFO  impl.FollowerState (FollowerState.java:run(106)) - 692224c4-5202-4921-98cc-04d5c60c79cc:group-3F1DA00B5D4A changes to CANDIDATE, lastRpcTime:5114, electionTimeout:5092ms
2019-09-25 05:06:19,117 [Thread-516] INFO  impl.RoleInfo (RoleInfo.java:shutdownFollowerState(121)) - f77bfc29-6991-4b1d-a503-f706c83de4fc: shutdown FollowerState
2019-09-25 05:06:19,117 [Thread-581] INFO  impl.FollowerState (FollowerState.java:run(106)) - de37f7a0-0375-40a9-a318-404478482fcb:group-E6C1EF877494 changes to CANDIDATE, lastRpcTime:5254, electionTimeout:5054ms
2019-09-25 05:06:19,146 [Thread-516] INFO  impl.RaftServerImpl (RaftServerImpl.java:setRole(174)) - f77bfc29-6991-4b1d-a503-f706c83de4fc@group-0224D9BF4A68: changes role from  FOLLOWER to CANDIDATE at term 0 for changeToCandidate
2019-09-25 05:06:19,146 [Thread-590] INFO  impl.RoleInfo (RoleInfo.java:shutdownFollowerState(121)) - 692224c4-5202-4921-98cc-04d5c60c79cc: shutdown FollowerState
2019-09-25 05:06:19,146 [Thread-578] INFO  impl.RaftServerImpl (RaftServerImpl.java:setRole(174)) - f77bfc29-6991-4b1d-a503-f706c83de4fc@group-896477D705A3: changes role from  FOLLOWER to CANDIDATE at term 0 for changeToCandidate
2019-09-25 05:06:19,145 [Thread-587] INFO  impl.RaftServerImpl (RaftServerImpl.java:setRole(174)) - 56396258-65a3-478c-9482-0be0199dd49c@group-33166F81F61A: changes role from  FOLLOWER to CANDIDATE at term 0 for changeToCandidate
2019-09-25 05:06:19,145 [36ac27b3-2f11-437d-8f1f-165306b0ff4a@group-14E3DEBF70FE:LeaderElection75] INFO  impl.RoleInfo (RoleInfo.java:shutdownLeaderElection(134)) - 36ac27b3-2f11-437d-8f1f-165306b0ff4a: shutdown LeaderElection
2019-09-25 05:06:19,145 [c8798e02-7f0c-41f7-82c2-a17323bcf21e@group-C7571FF4FA4B-SegmentedRaftLogWorker] INFO  impl.PendingRequests (PendingRequests.java:sendNotLeaderResponses(202)) - c8798e02-7f0c-41f7-82c2-a17323bcf21e-PendingRequests: sendNotLeaderResponses
2019-09-25 05:06:19,145 [Thread-584] INFO  impl.RaftServerImpl (RaftServerImpl.java:setRole(174)) - b4fa7d23-6606-45fd-9544-2b08ca3fa933@group-24A5F312D09B: changes role from  FOLLOWER to CANDIDATE at term 0 for changeToCandidate
2019-09-25 05:06:19,145 [Thread-563] INFO  impl.RaftServerImpl (RaftServerImpl.java:setRole(174)) - 56396258-65a3-478c-9482-0be0199dd49c@group-78B68D5662A6: changes role from  FOLLOWER to CANDIDATE at term 0 for changeToCandidate
2019-09-25 05:06:19,145 [56396258-65a3-478c-9482-0be0199dd49c@group-B8772713F5C4:LeaderElection76] INFO  impl.RaftServerImpl (ServerState.java:setLeader(253)) - 56396258-65a3-478c-9482-0be0199dd49c@group-B8772713F5C4: change Leader from null to 56396258-65a3-478c-9482-0be0199dd49c at term 1 for becomeLeader, leader elected after 7031ms
2019-09-25 05:06:19,145 [c8798e02-7f0c-41f7-82c2-a17323bcf21e@group-6449F1848DD2-SegmentedRaftLogWorker] INFO  util.JmxRegister (JmxRegister.java:unregister(73)) - Successfully un-registered JMX Bean with object name Ratis:service=RaftServer,group=group-6449F1848DD2,id=c8798e02-7f0c-41f7-82c2-a17323bcf21e
2019-09-25 05:06:19,144 [b4fa7d23-6606-45fd-9544-2b08ca3fa933@group-27932BCF031D-SegmentedRaftLogWorker] INFO  util.JmxRegister (JmxRegister.java:unregister(73)) - Successfully un-registered JMX Bean with object name Ratis:service=RaftServer,group=group-27932BCF031D,id=b4fa7d23-6606-45fd-9544-2b08ca3fa933
2019-09-25 05:06:19,144 [f77bfc29-6991-4b1d-a503-f706c83de4fc@group-775BA32C4D58:LeaderElection71] INFO  impl.RaftServerImpl (ServerState.java:setLeader(253)) - f77bfc29-6991-4b1d-a503-f706c83de4fc@group-775BA32C4D58: change Leader from null to f77bfc29-6991-4b1d-a503-f706c83de4fc at term 1 for becomeLeader, leader elected after 7146ms
2019-09-25 05:06:19,143 [692224c4-5202-4921-98cc-04d5c60c79cc@group-6FAF7513986D:LeaderElection73] INFO  impl.RaftServerImpl (RaftServerImpl.java:setRole(174)) - 692224c4-5202-4921-98cc-04d5c60c79cc@group-6FAF7513986D: changes role from CANDIDATE to LEADER at term 1 for changeToLeader
2019-09-25 05:06:19,143 [Thread-547] INFO  impl.RaftServerImpl (RaftServerImpl.java:setRole(174)) - 56396258-65a3-478c-9482-0be0199dd49c@group-5767B56274DA: changes role from  FOLLOWER to CANDIDATE at term 0 for changeToCandidate
2019-09-25 05:06:19,143 [Thread-557] INFO  impl.RaftServerImpl (RaftServerImpl.java:setRole(174)) - 692224c4-5202-4921-98cc-04d5c60c79cc@group-A3AB95F92ABD: changes role from  FOLLOWER to CANDIDATE at term 0 for changeToCandidate
2019-09-25 05:06:19,142 [56396258-65a3-478c-9482-0be0199dd49c@group-BF325A081794:LeaderElection72] INFO  impl.RaftServerImpl (ServerState.java:setLeader(253)) - 56396258-65a3-478c-9482-0be0199dd49c@group-BF325A081794: change Leader from null to 56396258-65a3-478c-9482-0be0199dd49c at term 1 for becomeLeader, leader elected after 7193ms
2019-09-25 05:06:19,142 [pool-37-thread-1] INFO  server.RaftServerConfigKeys (ConfUtils.java:logGet(43)) - raft.server.log.purge.gap = 1000000 (custom)
2019-09-25 05:06:19,142 [36ac27b3-2f11-437d-8f1f-165306b0ff4a@group-855BA6FF8840:LeaderElection74] INFO  server.RaftServerConfigKeys (ConfUtils.java:logGet(43)) - raft.server.staging.catchup.gap = 1000 (default)
2019-09-25 05:06:19,149 [pool-37-thread-1] INFO  server.RaftServerConfigKeys (ConfUtils.java:logGet(43)) - raft.server.log.appender.buffer.byte-limit = 33554432 (custom)
2019-09-25 05:06:19,149 [c8798e02-7f0c-41f7-82c2-a17323bcf21e@group-C7571FF4FA4B-SegmentedRaftLogWorker] INFO  impl.StateMachineUpdater (StateMachineUpdater.java:stopAndJoin(125)) - c8798e02-7f0c-41f7-82c2-a17323bcf21e@group-C7571FF4FA4B-StateMachineUpdater: set stopIndex = -1
2019-09-25 05:06:19,148 [56396258-65a3-478c-9482-0be0199dd49c@group-BF325A081794:LeaderElection72] INFO  server.RaftServerConfigKeys (ConfUtils.java:logGet(43)) - raft.server.staging.catchup.gap = 1000 (default)
2019-09-25 05:06:19,148 [de37f7a0-0375-40a9-a318-404478482fcb@group-4CF977ABCA41:LeaderElection78] INFO  impl.LeaderElection (LeaderElection.java:askForVotes(182)) - de37f7a0-0375-40a9-a318-404478482fcb@group-4CF977ABCA41:LeaderElection78: begin an election at term 1 for -1: [de37f7a0-0375-40a9-a318-404478482fcb:192.168.30.10:44522], old=null
2019-09-25 05:06:19,148 [692224c4-5202-4921-98cc-04d5c60c79cc@group-6FAF7513986D:LeaderElection73] INFO  impl.RaftServerImpl (ServerState.java:setLeader(253)) - 692224c4-5202-4921-98cc-04d5c60c79cc@group-6FAF7513986D: change Leader from null to 692224c4-5202-4921-98cc-04d5c60c79cc at term 1 for becomeLeader, leader elected after 7076ms
2019-09-25 05:06:19,148 [f77bfc29-6991-4b1d-a503-f706c83de4fc@group-775BA32C4D58:LeaderElection71] INFO  server.RaftServerConfigKeys (ConfUtils.java:logGet(43)) - raft.server.staging.catchup.gap = 1000 (default)
2019-09-25 05:06:19,148 [b4fa7d23-6606-45fd-9544-2b08ca3fa933@group-27932BCF031D-SegmentedRaftLogWorker] INFO  impl.RoleInfo (RoleInfo.java:shutdownLeaderState(104)) - b4fa7d23-6606-45fd-9544-2b08ca3fa933: shutdown LeaderState
2019-09-25 05:06:19,147 [c8798e02-7f0c-41f7-82c2-a17323bcf21e@group-6449F1848DD2-SegmentedRaftLogWorker] INFO  impl.RoleInfo (RoleInfo.java:shutdownLeaderState(104)) - c8798e02-7f0c-41f7-82c2-a17323bcf21e: shutdown LeaderState
2019-09-25 05:06:19,147 [56396258-65a3-478c-9482-0be0199dd49c@group-B8772713F5C4:LeaderElection76] INFO  server.RaftServerConfigKeys (ConfUtils.java:logGet(43)) - raft.server.staging.catchup.gap = 1000 (default)
2019-09-25 05:06:19,147 [36ac27b3-2f11-437d-8f1f-165306b0ff4a@group-14E3DEBF70FE:LeaderElection75] INFO  impl.RaftServerImpl (RaftServerImpl.java:setRole(174)) - 36ac27b3-2f11-437d-8f1f-165306b0ff4a@group-14E3DEBF70FE: changes role from CANDIDATE to LEADER at term 1 for changeToLeader
2019-09-25 05:06:19,151 [36ac27b3-2f11-437d-8f1f-165306b0ff4a@group-14E3DEBF70FE:LeaderElection75] INFO  impl.RaftServerImpl (ServerState.java:setLeader(253)) - 36ac27b3-2f11-437d-8f1f-165306b0ff4a@group-14E3DEBF70FE: change Leader from null to 36ac27b3-2f11-437d-8f1f-165306b0ff4a at term 1 for becomeLeader, leader elected after 7115ms
2019-09-25 05:06:19,146 [Thread-590] INFO  impl.RaftServerImpl (RaftServerImpl.java:setRole(174)) - 692224c4-5202-4921-98cc-04d5c60c79cc@group-3F1DA00B5D4A: changes role from  FOLLOWER to CANDIDATE at term 0 for changeToCandidate
2019-09-25 05:06:19,146 [Thread-581] INFO  impl.RoleInfo (RoleInfo.java:shutdownFollowerState(121)) - de37f7a0-0375-40a9-a318-404478482fcb: shutdown FollowerState
2019-09-25 05:06:19,151 [36ac27b3-2f11-437d-8f1f-165306b0ff4a@group-14E3DEBF70FE:LeaderElection75] INFO  server.RaftServerConfigKeys (ConfUtils.java:logGet(43)) - raft.server.staging.catchup.gap = 1000 (default)
2019-09-25 05:06:19,151 [56396258-65a3-478c-9482-0be0199dd49c@group-B8772713F5C4:LeaderElection76] INFO  server.RaftServerConfigKeys (ConfUtils.java:logGet(43)) - raft.server.rpc.sleep.time = 25ms (default)
2019-09-25 05:06:19,150 [f77bfc29-6991-4b1d-a503-f706c83de4fc@group-775BA32C4D58:LeaderElection71] INFO  server.RaftServerConfigKeys (ConfUtils.java:logGet(43)) - raft.server.rpc.sleep.time = 25ms (default)
2019-09-25 05:06:19,150 [692224c4-5202-4921-98cc-04d5c60c79cc@group-6FAF7513986D:LeaderElection73] INFO  server.RaftServerConfigKeys (ConfUtils.java:logGet(43)) - raft.server.staging.catchup.gap = 1000 (default)
2019-09-25 05:06:19,150 [de37f7a0-0375-40a9-a318-404478482fcb@group-4CF977ABCA41:LeaderElection78] INFO  impl.RoleInfo (RoleInfo.java:shutdownLeaderElection(134)) - de37f7a0-0375-40a9-a318-404478482fcb: shutdown LeaderElection
2019-09-25 05:06:19,150 [56396258-65a3-478c-9482-0be0199dd49c@group-BF325A081794:LeaderElection72] INFO  server.RaftServerConfigKeys (ConfUtils.java:logGet(43)) - raft.server.rpc.sleep.time = 25ms (default)
2019-09-25 05:06:19,149 [c8798e02-7f0c-41f7-82c2-a17323bcf21e@group-C7571FF4FA4B-SegmentedRaftLogWorker] INFO  impl.RaftServerImpl (ServerState.java:close(385)) - c8798e02-7f0c-41f7-82c2-a17323bcf21e@group-C7571FF4FA4B: closes. applyIndex: -1
2019-09-25 05:06:19,149 [pool-37-thread-1] INFO  server.RaftServerConfigKeys (ConfUtils.java:logGet(43)) - raft.server.log.segment.size.max = 1048576 (custom)
2019-09-25 05:06:19,149 [36ac27b3-2f11-437d-8f1f-165306b0ff4a@group-855BA6FF8840:LeaderElection74] INFO  server.RaftServerConfigKeys (ConfUtils.java:logGet(43)) - raft.server.rpc.sleep.time = 25ms (default)
2019-09-25 05:06:19,149 [Thread-599] INFO  impl.FollowerState (FollowerState.java:run(106)) - f77bfc29-6991-4b1d-a503-f706c83de4fc:group-4DD93346DA3C changes to CANDIDATE, lastRpcTime:5005, electionTimeout:5005ms
2019-09-25 05:06:19,153 [pool-37-thread-1] INFO  server.RaftServerConfigKeys (ConfUtils.java:logGet(43)) - raft.server.log.segment.cache.num.max = 2 (custom)
2019-09-25 05:06:19,152 [de37f7a0-0375-40a9-a318-404478482fcb@group-4CF977ABCA41:LeaderElection78] INFO  impl.RaftServerImpl (RaftServerImpl.java:setRole(174)) - de37f7a0-0375-40a9-a318-404478482fcb@group-4CF977ABCA41: changes role from CANDIDATE to LEADER at term 1 for changeToLeader
2019-09-25 05:06:19,152 [692224c4-5202-4921-98cc-04d5c60c79cc@group-6FAF7513986D:LeaderElection73] INFO  server.RaftServerConfigKeys (ConfUtils.java:logGet(43)) - raft.server.rpc.sleep.time = 25ms (default)
2019-09-25 05:06:19,151 [36ac27b3-2f11-437d-8f1f-165306b0ff4a@group-14E3DEBF70FE:LeaderElection75] INFO  server.RaftServerConfigKeys (ConfUtils.java:logGet(43)) - raft.server.rpc.sleep.time = 25ms (default)
2019-09-25 05:06:19,151 [Thread-581] INFO  impl.RaftServerImpl (RaftServerImpl.java:setRole(174)) - de37f7a0-0375-40a9-a318-404478482fcb@group-E6C1EF877494: changes role from  FOLLOWER to CANDIDATE at term 0 for changeToCandidate
2019-09-25 05:06:19,153 [de37f7a0-0375-40a9-a318-404478482fcb@group-4CF977ABCA41:LeaderElection78] INFO  impl.RaftServerImpl (ServerState.java:setLeader(253)) - de37f7a0-0375-40a9-a318-404478482fcb@group-4CF977ABCA41: change Leader from null to de37f7a0-0375-40a9-a318-404478482fcb at term 1 for becomeLeader, leader elected after 6554ms
2019-09-25 05:06:19,153 [pool-37-thread-1] INFO  segmented.SegmentedRaftLogWorker (SegmentedRaftLogWorker.java:<init>(172)) - new 36ac27b3-2f11-437d-8f1f-165306b0ff4a@group-13A24F8F0DC7-SegmentedRaftLogWorker for RaftStorage:Storage Directory /workdir/hadoop-ozone/integration-test/target/test-dir/MiniOzoneClusterImpl-23306158-e895-4fc7-80df-ce6c264c388b/datanode-1/data/ratis/dc526887-302f-4301-aa76-13a24f8f0dc7
2019-09-25 05:06:19,153 [Thread-599] INFO  impl.RoleInfo (RoleInfo.java:shutdownFollowerState(121)) - f77bfc29-6991-4b1d-a503-f706c83de4fc: shutdown FollowerState
2019-09-25 05:06:19,154 [pool-37-thread-1] INFO  server.RaftServerConfigKeys (ConfUtils.java:logGet(43)) - raft.server.log.queue.byte-limit = 2147483647 (custom)
2019-09-25 05:06:19,154 [c8798e02-7f0c-41f7-82c2-a17323bcf21e@group-C7571FF4FA4B-SegmentedRaftLogWorker] INFO  segmented.SegmentedRaftLogWorker (SegmentedRaftLogWorker.java:close(228)) - c8798e02-7f0c-41f7-82c2-a17323bcf21e@group-C7571FF4FA4B-SegmentedRaftLogWorker close()
2019-09-25 05:06:19,154 [de37f7a0-0375-40a9-a318-404478482fcb@group-4CF977ABCA41:LeaderElection78] INFO  server.RaftServerConfigKeys (ConfUtils.java:logGet(43)) - raft.server.staging.catchup.gap = 1000 (default)
2019-09-25 05:06:19,155 [pool-37-thread-1] INFO  server.RaftServerConfigKeys (ConfUtils.java:logGet(43)) - raft.server.log.queue.element-limit = 1024 (custom)
2019-09-25 05:06:19,154 [Thread-599] INFO  impl.RaftServerImpl (RaftServerImpl.java:setRole(174)) - f77bfc29-6991-4b1d-a503-f706c83de4fc@group-4DD93346DA3C: changes role from  FOLLOWER to CANDIDATE at term 0 for changeToCandidate
2019-09-25 05:06:19,155 [pool-37-thread-1] INFO  server.RaftServerConfigKeys (ConfUtils.java:logGet(43)) - raft.server.log.segment.size.max = 1048576 (custom)
2019-09-25 05:06:19,155 [de37f7a0-0375-40a9-a318-404478482fcb@group-4CF977ABCA41:LeaderElection78] INFO  server.RaftServerConfigKeys (ConfUtils.java:logGet(43)) - raft.server.rpc.sleep.time = 25ms (default)
2019-09-25 05:06:19,156 [pool-37-thread-1] INFO  server.RaftServerConfigKeys (ConfUtils.java:logGet(43)) - raft.server.log.preallocated.size = 16384 (custom)
2019-09-25 05:06:19,156 [pool-37-thread-1] INFO  server.RaftServerConfigKeys (ConfUtils.java:logGet(43)) - raft.server.log.write.buffer.size = 33554432 (custom)
2019-09-25 05:06:19,156 [pool-37-thread-1] INFO  server.RaftServerConfigKeys (ConfUtils.java:logGet(43)) - raft.server.log.force.sync.num = 128 (default)
2019-09-25 05:06:19,156 [pool-37-thread-1] INFO  server.RaftServerConfigKeys (ConfUtils.java:logGet(43)) - raft.server.log.statemachine.data.sync = true (default)
2019-09-25 05:06:19,156 [pool-37-thread-1] INFO  server.RaftServerConfigKeys (ConfUtils.java:logGet(43)) - raft.server.log.statemachine.data.sync.timeout = 10s (default)
2019-09-25 05:06:19,157 [pool-37-thread-1] INFO  server.RaftServerConfigKeys (ConfUtils.java:logGet(43)) - raft.server.log.statemachine.data.sync.timeout.retry = -1 (default)
2019-09-25 05:06:19,193 [pool-37-thread-1] INFO  server.RaftServerConfigKeys (ConfUtils.java:logGet(43)) - raft.server.log.statemachine.data.caching.enabled = true (custom)
2019-09-25 05:06:19,193 [36ac27b3-2f11-437d-8f1f-165306b0ff4a@group-14E3DEBF70FE:LeaderElection75] INFO  server.RaftServerConfigKeys (ConfUtils.java:logGet(43)) - raft.server.write.element-limit = 4096 (default)
2019-09-25 05:06:19,227 [Thread-590] INFO  impl.RoleInfo (RoleInfo.java:updateAndGet(143)) - 692224c4-5202-4921-98cc-04d5c60c79cc: start LeaderElection
2019-09-25 05:06:19,227 [pool-37-thread-1] INFO  segmented.SegmentedRaftLogWorker (SegmentedRaftLogWorker.java:lambda$new$0(132)) - 36ac27b3-2f11-437d-8f1f-165306b0ff4a@group-13A24F8F0DC7-SegmentedRaftLogWorker: flushIndex: setUnconditionally 0 -> -1
2019-09-25 05:06:19,193 [Thread-581] INFO  impl.RoleInfo (RoleInfo.java:updateAndGet(143)) - de37f7a0-0375-40a9-a318-404478482fcb: start LeaderElection
2019-09-25 05:06:19,193 [Thread-599] INFO  impl.RoleInfo (RoleInfo.java:updateAndGet(143)) - f77bfc29-6991-4b1d-a503-f706c83de4fc: start LeaderElection
2019-09-25 05:06:19,193 [de37f7a0-0375-40a9-a318-404478482fcb@group-4CF977ABCA41:LeaderElection78] INFO  server.RaftServerConfigKeys (ConfUtils.java:logGet(43)) - raft.server.write.element-limit = 4096 (default)
2019-09-25 05:06:19,230 [Thread-593] INFO  impl.FollowerState (FollowerState.java:run(106)) - c8798e02-7f0c-41f7-82c2-a17323bcf21e:group-07BF07F1A4A3 changes to CANDIDATE, lastRpcTime:5177, electionTimeout:5176ms
2019-09-25 05:06:19,227 [36ac27b3-2f11-437d-8f1f-165306b0ff4a@group-14E3DEBF70FE:LeaderElection75] INFO  server.RaftServerConfigKeys (ConfUtils.java:logGet(43)) - raft.server.watch.timeout = 10s (default)
2019-09-25 05:06:19,193 [56396258-65a3-478c-9482-0be0199dd49c@group-B8772713F5C4:LeaderElection76] INFO  server.RaftServerConfigKeys (ConfUtils.java:logGet(43)) - raft.server.write.element-limit = 4096 (default)
2019-09-25 05:06:19,226 [Thread-575] INFO  impl.RoleInfo (RoleInfo.java:updateAndGet(143)) - 56396258-65a3-478c-9482-0be0199dd49c: start LeaderElection
2019-09-25 05:06:19,226 [Thread-528] INFO  impl.RoleInfo (RoleInfo.java:updateAndGet(143)) - f77bfc29-6991-4b1d-a503-f706c83de4fc: start LeaderElection
2019-09-25 05:06:19,226 [Thread-493] INFO  impl.RoleInfo (RoleInfo.java:updateAndGet(143)) - c8798e02-7f0c-41f7-82c2-a17323bcf21e: start LeaderElection
2019-09-25 05:06:19,226 [Thread-500] INFO  impl.RoleInfo (RoleInfo.java:updateAndGet(143)) - 692224c4-5202-4921-98cc-04d5c60c79cc: start LeaderElection
2019-09-25 05:06:19,226 [Thread-504] INFO  impl.RoleInfo (RoleInfo.java:updateAndGet(143)) - 692224c4-5202-4921-98cc-04d5c60c79cc: start LeaderElection
2019-09-25 05:06:19,226 [Thread-535] INFO  impl.RoleInfo (RoleInfo.java:updateAndGet(143)) - f77bfc29-6991-4b1d-a503-f706c83de4fc: start LeaderElection
2019-09-25 05:06:19,223 [Thread-539] INFO  impl.RoleInfo (RoleInfo.java:updateAndGet(143)) - de37f7a0-0375-40a9-a318-404478482fcb: start LeaderElection
2019-09-25 05:06:19,223 [Thread-522] INFO  impl.RoleInfo (RoleInfo.java:updateAndGet(143)) - 692224c4-5202-4921-98cc-04d5c60c79cc: start LeaderElection
2019-09-25 05:06:19,223 [Thread-532] INFO  impl.RoleInfo (RoleInfo.java:updateAndGet(143)) - 56396258-65a3-478c-9482-0be0199dd49c: start LeaderElection
2019-09-25 05:06:19,219 [Thread-568] INFO  impl.RoleInfo (RoleInfo.java:updateAndGet(143)) - b4fa7d23-6606-45fd-9544-2b08ca3fa933: start LeaderElection
2019-09-25 05:06:19,219 [Thread-511] INFO  impl.RoleInfo (RoleInfo.java:updateAndGet(143)) - 36ac27b3-2f11-437d-8f1f-165306b0ff4a: start LeaderElection
2019-09-25 05:06:19,219 [Thread-516] INFO  impl.RoleInfo (RoleInfo.java:updateAndGet(143)) - f77bfc29-6991-4b1d-a503-f706c83de4fc: start LeaderElection
2019-09-25 05:06:19,219 [Thread-578] INFO  impl.RoleInfo (RoleInfo.java:updateAndGet(143)) - f77bfc29-6991-4b1d-a503-f706c83de4fc: start LeaderElection
2019-09-25 05:06:19,219 [Thread-587] INFO  impl.RoleInfo (RoleInfo.java:updateAndGet(143)) - 56396258-65a3-478c-9482-0be0199dd49c: start LeaderElection
2019-09-25 05:06:19,219 [Thread-584] INFO  impl.RoleInfo (RoleInfo.java:updateAndGet(143)) - b4fa7d23-6606-45fd-9544-2b08ca3fa933: start LeaderElection
2019-09-25 05:06:19,219 [Thread-563] INFO  impl.RoleInfo (RoleInfo.java:updateAndGet(143)) - 56396258-65a3-478c-9482-0be0199dd49c: start LeaderElection
2019-09-25 05:06:19,219 [Thread-547] INFO  impl.RoleInfo (RoleInfo.java:updateAndGet(143)) - 56396258-65a3-478c-9482-0be0199dd49c: start LeaderElection
2019-09-25 05:06:19,218 [Thread-557] INFO  impl.RoleInfo (RoleInfo.java:updateAndGet(143)) - 692224c4-5202-4921-98cc-04d5c60c79cc: start LeaderElection
2019-09-25 05:06:19,150 [c8798e02-7f0c-41f7-82c2-a17323bcf21e@group-6449F1848DD2-SegmentedRaftLogWorker] INFO  impl.PendingRequests (PendingRequests.java:sendNotLeaderResponses(202)) - c8798e02-7f0c-41f7-82c2-a17323bcf21e-PendingRequests: sendNotLeaderResponses
2019-09-25 05:06:19,150 [b4fa7d23-6606-45fd-9544-2b08ca3fa933@group-27932BCF031D-SegmentedRaftLogWorker] INFO  impl.PendingRequests (PendingRequests.java:sendNotLeaderResponses(202)) - b4fa7d23-6606-45fd-9544-2b08ca3fa933-PendingRequests: sendNotLeaderResponses
2019-09-25 05:06:19,193 [f77bfc29-6991-4b1d-a503-f706c83de4fc@group-775BA32C4D58:LeaderElection71] INFO  server.RaftServerConfigKeys (ConfUtils.java:logGet(43)) - raft.server.write.element-limit = 4096 (default)
2019-09-25 05:06:19,193 [56396258-65a3-478c-9482-0be0199dd49c@group-BF325A081794:LeaderElection72] INFO  server.RaftServerConfigKeys (ConfUtils.java:logGet(43)) - raft.server.write.element-limit = 4096 (default)
2019-09-25 05:06:19,193 [36ac27b3-2f11-437d-8f1f-165306b0ff4a@group-855BA6FF8840:LeaderElection74] INFO  server.RaftServerConfigKeys (ConfUtils.java:logGet(43)) - raft.server.write.element-limit = 4096 (default)
2019-09-25 05:06:19,193 [692224c4-5202-4921-98cc-04d5c60c79cc@group-6FAF7513986D:LeaderElection73] INFO  server.RaftServerConfigKeys (ConfUtils.java:logGet(43)) - raft.server.write.element-limit = 4096 (default)
2019-09-25 05:06:19,251 [36ac27b3-2f11-437d-8f1f-165306b0ff4a@group-855BA6FF8840:LeaderElection74] INFO  server.RaftServerConfigKeys (ConfUtils.java:logGet(43)) - raft.server.watch.timeout = 10s (default)
2019-09-25 05:06:19,244 [56396258-65a3-478c-9482-0be0199dd49c@group-BF325A081794:LeaderElection72] INFO  server.RaftServerConfigKeys (ConfUtils.java:logGet(43)) - raft.server.watch.timeout = 10s (default)
2019-09-25 05:06:19,251 [c8798e02-7f0c-41f7-82c2-a17323bcf21e@group-D18EEAF46E97:LeaderElection77] INFO  impl.LeaderElection (LeaderElection.java:askForVotes(182)) - c8798e02-7f0c-41f7-82c2-a17323bcf21e@group-D18EEAF46E97:LeaderElection77: begin an election at term 1 for -1: [c8798e02-7f0c-41f7-82c2-a17323bcf21e:192.168.30.10:40603], old=null
2019-09-25 05:06:19,251 [f77bfc29-6991-4b1d-a503-f706c83de4fc@group-4DD93346DA3C:LeaderElection99] INFO  impl.LeaderElection (LeaderElection.java:askForVotes(182)) - f77bfc29-6991-4b1d-a503-f706c83de4fc@group-4DD93346DA3C:LeaderElection99: begin an election at term 1 for -1: [f77bfc29-6991-4b1d-a503-f706c83de4fc:192.168.30.10:35112], old=null
2019-09-25 05:06:19,251 [f77bfc29-6991-4b1d-a503-f706c83de4fc@group-DD47C436208F:LeaderElection79] INFO  impl.LeaderElection (LeaderElection.java:askForVotes(182)) - f77bfc29-6991-4b1d-a503-f706c83de4fc@group-DD47C436208F:LeaderElection79: begin an election at term 1 for -1: [f77bfc29-6991-4b1d-a503-f706c83de4fc:192.168.30.10:35112], old=null
2019-09-25 05:06:19,251 [de37f7a0-0375-40a9-a318-404478482fcb@group-E6C1EF877494:LeaderElection98] INFO  impl.LeaderElection (LeaderElection.java:askForVotes(182)) - de37f7a0-0375-40a9-a318-404478482fcb@group-E6C1EF877494:LeaderElection98: begin an election at term 1 for -1: [de37f7a0-0375-40a9-a318-404478482fcb:192.168.30.10:44522], old=null
2019-09-25 05:06:19,251 [56396258-65a3-478c-9482-0be0199dd49c@group-73E62750B93A:LeaderElection87] INFO  impl.LeaderElection (LeaderElection.java:askForVotes(182)) - 56396258-65a3-478c-9482-0be0199dd49c@group-73E62750B93A:LeaderElection87: begin an election at term 1 for -1: [56396258-65a3-478c-9482-0be0199dd49c:192.168.30.10:41678], old=null
2019-09-25 05:06:19,251 [692224c4-5202-4921-98cc-04d5c60c79cc@group-3F1DA00B5D4A:LeaderElection97] INFO  impl.LeaderElection (LeaderElection.java:askForVotes(182)) - 692224c4-5202-4921-98cc-04d5c60c79cc@group-3F1DA00B5D4A:LeaderElection97: begin an election at term 1 for -1: [692224c4-5202-4921-98cc-04d5c60c79cc:192.168.30.10:38144], old=null
2019-09-25 05:06:19,244 [b4fa7d23-6606-45fd-9544-2b08ca3fa933@group-27932BCF031D-SegmentedRaftLogWorker] INFO  impl.StateMachineUpdater (StateMachineUpdater.java:stopAndJoin(125)) - b4fa7d23-6606-45fd-9544-2b08ca3fa933@group-27932BCF031D-StateMachineUpdater: set stopIndex = -1
2019-09-25 05:06:19,244 [f77bfc29-6991-4b1d-a503-f706c83de4fc@group-775BA32C4D58:LeaderElection71] INFO  server.RaftServerConfigKeys (ConfUtils.java:logGet(43)) - raft.server.watch.timeout = 10s (default)
2019-09-25 05:06:19,243 [c8798e02-7f0c-41f7-82c2-a17323bcf21e@group-6449F1848DD2-SegmentedRaftLogWorker] INFO  impl.StateMachineUpdater (StateMachineUpdater.java:stopAndJoin(125)) - c8798e02-7f0c-41f7-82c2-a17323bcf21e@group-6449F1848DD2-StateMachineUpdater: set stopIndex = -1
2019-09-25 05:06:19,237 [56396258-65a3-478c-9482-0be0199dd49c@group-B8772713F5C4:LeaderElection76] INFO  server.RaftServerConfigKeys (ConfUtils.java:logGet(43)) - raft.server.watch.timeout = 10s (default)
2019-09-25 05:06:19,311 [56396258-65a3-478c-9482-0be0199dd49c@group-B8772713F5C4:LeaderElection76] INFO  server.RaftServerConfigKeys (ConfUtils.java:logGet(43)) - raft.server.watch.timeout.denomination = 1s (default)
2019-09-25 05:06:19,237 [36ac27b3-2f11-437d-8f1f-165306b0ff4a@group-14E3DEBF70FE:LeaderElection75] INFO  server.RaftServerConfigKeys (ConfUtils.java:logGet(43)) - raft.server.watch.timeout.denomination = 1s (default)
2019-09-25 05:06:19,237 [Thread-593] INFO  impl.RoleInfo (RoleInfo.java:shutdownFollowerState(121)) - c8798e02-7f0c-41f7-82c2-a17323bcf21e: shutdown FollowerState
2019-09-25 05:06:19,234 [de37f7a0-0375-40a9-a318-404478482fcb@group-4CF977ABCA41:LeaderElection78] INFO  server.RaftServerConfigKeys (ConfUtils.java:logGet(43)) - raft.server.watch.timeout = 10s (default)
2019-09-25 05:06:19,231 [pool-37-thread-1] INFO  server.RaftServerConfigKeys (ConfUtils.java:logGet(43)) - raft.server.snapshot.auto.trigger.enabled = true (custom)
2019-09-25 05:06:19,311 [de37f7a0-0375-40a9-a318-404478482fcb@group-4CF977ABCA41:LeaderElection78] INFO  server.RaftServerConfigKeys (ConfUtils.java:logGet(43)) - raft.server.watch.timeout.denomination = 1s (default)
2019-09-25 05:06:19,311 [Thread-593] INFO  impl.RaftServerImpl (RaftServerImpl.java:setRole(174)) - c8798e02-7f0c-41f7-82c2-a17323bcf21e@group-07BF07F1A4A3: changes role from  FOLLOWER to CANDIDATE at term 0 for changeToCandidate
2019-09-25 05:06:19,311 [36ac27b3-2f11-437d-8f1f-165306b0ff4a@group-14E3DEBF70FE:LeaderElection75] INFO  server.RaftServerConfigKeys (ConfUtils.java:logGet(43)) - raft.server.watch.element-limit = 65536 (default)
2019-09-25 05:06:19,311 [56396258-65a3-478c-9482-0be0199dd49c@group-B8772713F5C4:LeaderElection76] INFO  server.RaftServerConfigKeys (ConfUtils.java:logGet(43)) - raft.server.watch.element-limit = 65536 (default)
2019-09-25 05:06:19,310 [c8798e02-7f0c-41f7-82c2-a17323bcf21e@group-6449F1848DD2-SegmentedRaftLogWorker] INFO  impl.RaftServerImpl (ServerState.java:close(385)) - c8798e02-7f0c-41f7-82c2-a17323bcf21e@group-6449F1848DD2: closes. applyIndex: -1
2019-09-25 05:06:19,310 [f77bfc29-6991-4b1d-a503-f706c83de4fc@group-775BA32C4D58:LeaderElection71] INFO  server.RaftServerConfigKeys (ConfUtils.java:logGet(43)) - raft.server.watch.timeout.denomination = 1s (default)
2019-09-25 05:06:19,312 [c8798e02-7f0c-41f7-82c2-a17323bcf21e@group-6449F1848DD2-SegmentedRaftLogWorker] INFO  segmented.SegmentedRaftLogWorker (SegmentedRaftLogWorker.java:close(228)) - c8798e02-7f0c-41f7-82c2-a17323bcf21e@group-6449F1848DD2-SegmentedRaftLogWorker close()
2019-09-25 05:06:19,310 [b4fa7d23-6606-45fd-9544-2b08ca3fa933@group-27932BCF031D-SegmentedRaftLogWorker] INFO  impl.RaftServerImpl (ServerState.java:close(385)) - b4fa7d23-6606-45fd-9544-2b08ca3fa933@group-27932BCF031D: closes. applyIndex: -1
2019-09-25 05:06:19,310 [692224c4-5202-4921-98cc-04d5c60c79cc@group-3F1DA00B5D4A:LeaderElection97] INFO  impl.RoleInfo (RoleInfo.java:shutdownLeaderElection(134)) - 692224c4-5202-4921-98cc-04d5c60c79cc: shutdown LeaderElection
2019-09-25 05:06:19,310 [56396258-65a3-478c-9482-0be0199dd49c@group-73E62750B93A:LeaderElection87] INFO  impl.RoleInfo (RoleInfo.java:shutdownLeaderElection(134)) - 56396258-65a3-478c-9482-0be0199dd49c: shutdown LeaderElection
2019-09-25 05:06:19,310 [de37f7a0-0375-40a9-a318-404478482fcb@group-E6C1EF877494:LeaderElection98] INFO  impl.RoleInfo (RoleInfo.java:shutdownLeaderElection(134)) - de37f7a0-0375-40a9-a318-404478482fcb: shutdown LeaderElection
2019-09-25 05:06:19,309 [f77bfc29-6991-4b1d-a503-f706c83de4fc@group-DD47C436208F:LeaderElection79] INFO  impl.RoleInfo (RoleInfo.java:shutdownLeaderElection(134)) - f77bfc29-6991-4b1d-a503-f706c83de4fc: shutdown LeaderElection
2019-09-25 05:06:19,309 [c8798e02-7f0c-41f7-82c2-a17323bcf21e@group-7F09E26EF688:LeaderElection80] INFO  impl.LeaderElection (LeaderElection.java:askForVotes(182)) - c8798e02-7f0c-41f7-82c2-a17323bcf21e@group-7F09E26EF688:LeaderElection80: begin an election at term 1 for -1: [c8798e02-7f0c-41f7-82c2-a17323bcf21e:192.168.30.10:40603], old=null
2019-09-25 05:06:19,309 [f77bfc29-6991-4b1d-a503-f706c83de4fc@group-4DD93346DA3C:LeaderElection99] INFO  impl.RoleInfo (RoleInfo.java:shutdownLeaderElection(134)) - f77bfc29-6991-4b1d-a503-f706c83de4fc: shutdown LeaderElection
2019-09-25 05:06:19,309 [692224c4-5202-4921-98cc-04d5c60c79cc@group-619497721A04:LeaderElection82] INFO  impl.LeaderElection (LeaderElection.java:askForVotes(182)) - 692224c4-5202-4921-98cc-04d5c60c79cc@group-619497721A04:LeaderElection82: begin an election at term 1 for -1: [692224c4-5202-4921-98cc-04d5c60c79cc:192.168.30.10:38144], old=null
2019-09-25 05:06:19,309 [c8798e02-7f0c-41f7-82c2-a17323bcf21e@group-D18EEAF46E97:LeaderElection77] INFO  impl.RoleInfo (RoleInfo.java:shutdownLeaderElection(134)) - c8798e02-7f0c-41f7-82c2-a17323bcf21e: shutdown LeaderElection
2019-09-25 05:06:19,309 [56396258-65a3-478c-9482-0be0199dd49c@group-BF325A081794:LeaderElection72] INFO  server.RaftServerConfigKeys (ConfUtils.java:logGet(43)) - raft.server.watch.timeout.denomination = 1s (default)
2019-09-25 05:06:19,309 [36ac27b3-2f11-437d-8f1f-165306b0ff4a@group-855BA6FF8840:LeaderElection74] INFO  server.RaftServerConfigKeys (ConfUtils.java:logGet(43)) - raft.server.watch.timeout.denomination = 1s (default)
2019-09-25 05:06:19,279 [Thread-596] INFO  impl.FollowerState (FollowerState.java:run(106)) - b4fa7d23-6606-45fd-9544-2b08ca3fa933:group-82B6D9F84BDB changes to CANDIDATE, lastRpcTime:5180, electionTimeout:5180ms
2019-09-25 05:06:19,252 [692224c4-5202-4921-98cc-04d5c60c79cc@group-671CE9E71498:LeaderElection81] INFO  impl.LeaderElection (LeaderElection.java:askForVotes(182)) - 692224c4-5202-4921-98cc-04d5c60c79cc@group-671CE9E71498:LeaderElection81: begin an election at term 1 for -1: [692224c4-5202-4921-98cc-04d5c60c79cc:192.168.30.10:38144], old=null
2019-09-25 05:06:19,251 [692224c4-5202-4921-98cc-04d5c60c79cc@group-6FAF7513986D:LeaderElection73] INFO  server.RaftServerConfigKeys (ConfUtils.java:logGet(43)) - raft.server.watch.timeout = 10s (default)
2019-09-25 05:06:19,315 [692224c4-5202-4921-98cc-04d5c60c79cc@group-671CE9E71498:LeaderElection81] INFO  impl.RoleInfo (RoleInfo.java:shutdownLeaderElection(134)) - 692224c4-5202-4921-98cc-04d5c60c79cc: shutdown LeaderElection
2019-09-25 05:06:19,315 [Thread-596] INFO  impl.RoleInfo (RoleInfo.java:shutdownFollowerState(121)) - b4fa7d23-6606-45fd-9544-2b08ca3fa933: shutdown FollowerState
2019-09-25 05:06:19,314 [36ac27b3-2f11-437d-8f1f-165306b0ff4a@group-855BA6FF8840:LeaderElection74] INFO  server.RaftServerConfigKeys (ConfUtils.java:logGet(43)) - raft.server.watch.element-limit = 65536 (default)
2019-09-25 05:06:19,314 [56396258-65a3-478c-9482-0be0199dd49c@group-BF325A081794:LeaderElection72] INFO  server.RaftServerConfigKeys (ConfUtils.java:logGet(43)) - raft.server.watch.element-limit = 65536 (default)
2019-09-25 05:06:19,314 [c8798e02-7f0c-41f7-82c2-a17323bcf21e@group-D18EEAF46E97:LeaderElection77] INFO  impl.RaftServerImpl (RaftServerImpl.java:setRole(174)) - c8798e02-7f0c-41f7-82c2-a17323bcf21e@group-D18EEAF46E97: changes role from CANDIDATE to LEADER at term 1 for changeToLeader
2019-09-25 05:06:19,316 [c8798e02-7f0c-41f7-82c2-a17323bcf21e@group-D18EEAF46E97:LeaderElection77] INFO  impl.RaftServerImpl (ServerState.java:setLeader(253)) - c8798e02-7f0c-41f7-82c2-a17323bcf21e@group-D18EEAF46E97: change Leader from null to c8798e02-7f0c-41f7-82c2-a17323bcf21e at term 1 for becomeLeader, leader elected after 7163ms
2019-09-25 05:06:19,314 [692224c4-5202-4921-98cc-04d5c60c79cc@group-619497721A04:LeaderElection82] INFO  impl.RoleInfo (RoleInfo.java:shutdownLeaderElection(134)) - 692224c4-5202-4921-98cc-04d5c60c79cc: shutdown LeaderElection
2019-09-25 05:06:19,314 [f77bfc29-6991-4b1d-a503-f706c83de4fc@group-4DD93346DA3C:LeaderElection99] INFO  impl.RaftServerImpl (RaftServerImpl.java:setRole(174)) - f77bfc29-6991-4b1d-a503-f706c83de4fc@group-4DD93346DA3C: changes role from CANDIDATE to LEADER at term 1 for changeToLeader
2019-09-25 05:06:19,314 [c8798e02-7f0c-41f7-82c2-a17323bcf21e@group-7F09E26EF688:LeaderElection80] INFO  impl.RoleInfo (RoleInfo.java:shutdownLeaderElection(134)) - c8798e02-7f0c-41f7-82c2-a17323bcf21e: shutdown LeaderElection
2019-09-25 05:06:19,313 [f77bfc29-6991-4b1d-a503-f706c83de4fc@group-DD47C436208F:LeaderElection79] INFO  impl.RaftServerImpl (RaftServerImpl.java:setRole(174)) - f77bfc29-6991-4b1d-a503-f706c83de4fc@group-DD47C436208F: changes role from CANDIDATE to LEADER at term 1 for changeToLeader
2019-09-25 05:06:19,313 [de37f7a0-0375-40a9-a318-404478482fcb@group-E6C1EF877494:LeaderElection98] INFO  impl.RaftServerImpl (RaftServerImpl.java:setRole(174)) - de37f7a0-0375-40a9-a318-404478482fcb@group-E6C1EF877494: changes role from CANDIDATE to LEADER at term 1 for changeToLeader
2019-09-25 05:06:19,313 [56396258-65a3-478c-9482-0be0199dd49c@group-73E62750B93A:LeaderElection87] INFO  impl.RaftServerImpl (RaftServerImpl.java:setRole(174)) - 56396258-65a3-478c-9482-0be0199dd49c@group-73E62750B93A: changes role from CANDIDATE to LEADER at term 1 for changeToLeader
2019-09-25 05:06:19,317 [56396258-65a3-478c-9482-0be0199dd49c@group-73E62750B93A:LeaderElection87] INFO  impl.RaftServerImpl (ServerState.java:setLeader(253)) - 56396258-65a3-478c-9482-0be0199dd49c@group-73E62750B93A: change Leader from null to 56396258-65a3-478c-9482-0be0199dd49c at term 1 for becomeLeader, leader elected after 5595ms
2019-09-25 05:06:19,313 [692224c4-5202-4921-98cc-04d5c60c79cc@group-3F1DA00B5D4A:LeaderElection97] INFO  impl.RaftServerImpl (RaftServerImpl.java:setRole(174)) - 692224c4-5202-4921-98cc-04d5c60c79cc@group-3F1DA00B5D4A: changes role from CANDIDATE to LEADER at term 1 for changeToLeader
2019-09-25 05:06:19,317 [692224c4-5202-4921-98cc-04d5c60c79cc@group-3F1DA00B5D4A:LeaderElection97] INFO  impl.RaftServerImpl (ServerState.java:setLeader(253)) - 692224c4-5202-4921-98cc-04d5c60c79cc@group-3F1DA00B5D4A: change Leader from null to 692224c4-5202-4921-98cc-04d5c60c79cc at term 1 for becomeLeader, leader elected after 5320ms
2019-09-25 05:06:19,313 [b4fa7d23-6606-45fd-9544-2b08ca3fa933@group-27932BCF031D-SegmentedRaftLogWorker] INFO  segmented.SegmentedRaftLogWorker (SegmentedRaftLogWorker.java:close(228)) - b4fa7d23-6606-45fd-9544-2b08ca3fa933@group-27932BCF031D-SegmentedRaftLogWorker close()
2019-09-25 05:06:19,312 [f77bfc29-6991-4b1d-a503-f706c83de4fc@group-775BA32C4D58:LeaderElection71] INFO  server.RaftServerConfigKeys (ConfUtils.java:logGet(43)) - raft.server.watch.element-limit = 65536 (default)
2019-09-25 05:06:19,312 [de37f7a0-0375-40a9-a318-404478482fcb@group-4CF977ABCA41:LeaderElection78] INFO  server.RaftServerConfigKeys (ConfUtils.java:logGet(43)) - raft.server.watch.element-limit = 65536 (default)
2019-09-25 05:06:19,311 [pool-37-thread-1] INFO  server.RaftServerConfigKeys (ConfUtils.java:logGet(43)) - raft.server.snapshot.auto.trigger.threshold = 10000 (custom)
2019-09-25 05:06:19,317 [692224c4-5202-4921-98cc-04d5c60c79cc@group-3F1DA00B5D4A:LeaderElection97] INFO  server.RaftServerConfigKeys (ConfUtils.java:logGet(43)) - raft.server.staging.catchup.gap = 1000 (default)
2019-09-25 05:06:19,317 [56396258-65a3-478c-9482-0be0199dd49c@group-73E62750B93A:LeaderElection87] INFO  server.RaftServerConfigKeys (ConfUtils.java:logGet(43)) - raft.server.staging.catchup.gap = 1000 (default)
2019-09-25 05:06:19,317 [de37f7a0-0375-40a9-a318-404478482fcb@group-E6C1EF877494:LeaderElection98] INFO  impl.RaftServerImpl (ServerState.java:setLeader(253)) - de37f7a0-0375-40a9-a318-404478482fcb@group-E6C1EF877494: change Leader from null to de37f7a0-0375-40a9-a318-404478482fcb at term 1 for becomeLeader, leader elected after 5463ms
2019-09-25 05:06:19,317 [f77bfc29-6991-4b1d-a503-f706c83de4fc@group-DD47C436208F:LeaderElection79] INFO  impl.RaftServerImpl (ServerState.java:setLeader(253)) - f77bfc29-6991-4b1d-a503-f706c83de4fc@group-DD47C436208F: change Leader from null to f77bfc29-6991-4b1d-a503-f706c83de4fc at term 1 for becomeLeader, leader elected after 6410ms
2019-09-25 05:06:19,316 [c8798e02-7f0c-41f7-82c2-a17323bcf21e@group-7F09E26EF688:LeaderElection80] INFO  impl.RaftServerImpl (RaftServerImpl.java:setRole(174)) - c8798e02-7f0c-41f7-82c2-a17323bcf21e@group-7F09E26EF688: changes role from CANDIDATE to LEADER at term 1 for changeToLeader
2019-09-25 05:06:19,319 [c8798e02-7f0c-41f7-82c2-a17323bcf21e@group-7F09E26EF688:LeaderElection80] INFO  impl.RaftServerImpl (ServerState.java:setLeader(253)) - c8798e02-7f0c-41f7-82c2-a17323bcf21e@group-7F09E26EF688: change Leader from null to c8798e02-7f0c-41f7-82c2-a17323bcf21e at term 1 for becomeLeader, leader elected after 7010ms
2019-09-25 05:06:19,316 [f77bfc29-6991-4b1d-a503-f706c83de4fc@group-4DD93346DA3C:LeaderElection99] INFO  impl.RaftServerImpl (ServerState.java:setLeader(253)) - f77bfc29-6991-4b1d-a503-f706c83de4fc@group-4DD93346DA3C: change Leader from null to f77bfc29-6991-4b1d-a503-f706c83de4fc at term 1 for becomeLeader, leader elected after 5178ms
2019-09-25 05:06:19,319 [f77bfc29-6991-4b1d-a503-f706c83de4fc@group-4DD93346DA3C:LeaderElection99] INFO  server.RaftServerConfigKeys (ConfUtils.java:logGet(43)) - raft.server.staging.catchup.gap = 1000 (default)
2019-09-25 05:06:19,316 [692224c4-5202-4921-98cc-04d5c60c79cc@group-619497721A04:LeaderElection82] INFO  impl.RaftServerImpl (RaftServerImpl.java:setRole(174)) - 692224c4-5202-4921-98cc-04d5c60c79cc@group-619497721A04: changes role from CANDIDATE to LEADER at term 1 for changeToLeader
2019-09-25 05:06:19,319 [692224c4-5202-4921-98cc-04d5c60c79cc@group-619497721A04:LeaderElection82] INFO  impl.RaftServerImpl (ServerState.java:setLeader(253)) - 692224c4-5202-4921-98cc-04d5c60c79cc@group-619497721A04: change Leader from null to 692224c4-5202-4921-98cc-04d5c60c79cc at term 1 for becomeLeader, leader elected after 6766ms
2019-09-25 05:06:19,316 [c8798e02-7f0c-41f7-82c2-a17323bcf21e@group-D18EEAF46E97:LeaderElection77] INFO  server.RaftServerConfigKeys (ConfUtils.java:logGet(43)) - raft.server.staging.catchup.gap = 1000 (default)
2019-09-25 05:06:19,315 [Thread-596] INFO  impl.RaftServerImpl (RaftServerImpl.java:setRole(174)) - b4fa7d23-6606-45fd-9544-2b08ca3fa933@group-82B6D9F84BDB: changes role from  FOLLOWER to CANDIDATE at term 0 for changeToCandidate
2019-09-25 05:06:19,315 [692224c4-5202-4921-98cc-04d5c60c79cc@group-671CE9E71498:LeaderElection81] INFO  impl.RaftServerImpl (RaftServerImpl.java:setRole(174)) - 692224c4-5202-4921-98cc-04d5c60c79cc@group-671CE9E71498: changes role from CANDIDATE to LEADER at term 1 for changeToLeader
2019-09-25 05:06:19,320 [692224c4-5202-4921-98cc-04d5c60c79cc@group-671CE9E71498:LeaderElection81] INFO  impl.RaftServerImpl (ServerState.java:setLeader(253)) - 692224c4-5202-4921-98cc-04d5c60c79cc@group-671CE9E71498: change Leader from null to 692224c4-5202-4921-98cc-04d5c60c79cc at term 1 for becomeLeader, leader elected after 6888ms
2019-09-25 05:06:19,315 [692224c4-5202-4921-98cc-04d5c60c79cc@group-6FAF7513986D:LeaderElection73] INFO  server.RaftServerConfigKeys (ConfUtils.java:logGet(43)) - raft.server.watch.timeout.denomination = 1s (default)
2019-09-25 05:06:19,320 [692224c4-5202-4921-98cc-04d5c60c79cc@group-671CE9E71498:LeaderElection81] INFO  server.RaftServerConfigKeys (ConfUtils.java:logGet(43)) - raft.server.staging.catchup.gap = 1000 (default)
2019-09-25 05:06:19,320 [c8798e02-7f0c-41f7-82c2-a17323bcf21e@group-D18EEAF46E97:LeaderElection77] INFO  server.RaftServerConfigKeys (ConfUtils.java:logGet(43)) - raft.server.rpc.sleep.time = 25ms (default)
2019-09-25 05:06:19,319 [692224c4-5202-4921-98cc-04d5c60c79cc@group-619497721A04:LeaderElection82] INFO  server.RaftServerConfigKeys (ConfUtils.java:logGet(43)) - raft.server.staging.catchup.gap = 1000 (default)
2019-09-25 05:06:19,319 [f77bfc29-6991-4b1d-a503-f706c83de4fc@group-4DD93346DA3C:LeaderElection99] INFO  server.RaftServerConfigKeys (ConfUtils.java:logGet(43)) - raft.server.rpc.sleep.time = 25ms (default)
2019-09-25 05:06:19,319 [c8798e02-7f0c-41f7-82c2-a17323bcf21e@group-7F09E26EF688:LeaderElection80] INFO  server.RaftServerConfigKeys (ConfUtils.java:logGet(43)) - raft.server.staging.catchup.gap = 1000 (default)
2019-09-25 05:06:19,319 [f77bfc29-6991-4b1d-a503-f706c83de4fc@group-DD47C436208F:LeaderElection79] INFO  server.RaftServerConfigKeys (ConfUtils.java:logGet(43)) - raft.server.staging.catchup.gap = 1000 (default)
2019-09-25 05:06:19,318 [de37f7a0-0375-40a9-a318-404478482fcb@group-E6C1EF877494:LeaderElection98] INFO  server.RaftServerConfigKeys (ConfUtils.java:logGet(43)) - raft.server.staging.catchup.gap = 1000 (default)
2019-09-25 05:06:19,321 [de37f7a0-0375-40a9-a318-404478482fcb@group-E6C1EF877494:LeaderElection98] INFO  server.RaftServerConfigKeys (ConfUtils.java:logGet(43)) - raft.server.rpc.sleep.time = 25ms (default)
2019-09-25 05:06:19,318 [56396258-65a3-478c-9482-0be0199dd49c@group-73E62750B93A:LeaderElection87] INFO  server.RaftServerConfigKeys (ConfUtils.java:logGet(43)) - raft.server.rpc.sleep.time = 25ms (default)
2019-09-25 05:06:19,318 [692224c4-5202-4921-98cc-04d5c60c79cc@group-3F1DA00B5D4A:LeaderElection97] INFO  server.RaftServerConfigKeys (ConfUtils.java:logGet(43)) - raft.server.rpc.sleep.time = 25ms (default)
2019-09-25 05:06:19,318 [pool-37-thread-1] INFO  server.RaftServerConfigKeys (ConfUtils.java:logGet(43)) - raft.server.snapshot.retention.num.files = 5 (custom)
2019-09-25 05:06:19,321 [f77bfc29-6991-4b1d-a503-f706c83de4fc@group-DD47C436208F:LeaderElection79] INFO  server.RaftServerConfigKeys (ConfUtils.java:logGet(43)) - raft.server.rpc.sleep.time = 25ms (default)
2019-09-25 05:06:19,321 [c8798e02-7f0c-41f7-82c2-a17323bcf21e@group-7F09E26EF688:LeaderElection80] INFO  server.RaftServerConfigKeys (ConfUtils.java:logGet(43)) - raft.server.rpc.sleep.time = 25ms (default)
2019-09-25 05:06:19,321 [692224c4-5202-4921-98cc-04d5c60c79cc@group-619497721A04:LeaderElection82] INFO  server.RaftServerConfigKeys (ConfUtils.java:logGet(43)) - raft.server.rpc.sleep.time = 25ms (default)
2019-09-25 05:06:19,320 [692224c4-5202-4921-98cc-04d5c60c79cc@group-671CE9E71498:LeaderElection81] INFO  server.RaftServerConfigKeys (ConfUtils.java:logGet(43)) - raft.server.rpc.sleep.time = 25ms (default)
2019-09-25 05:06:19,320 [692224c4-5202-4921-98cc-04d5c60c79cc@group-6FAF7513986D:LeaderElection73] INFO  server.RaftServerConfigKeys (ConfUtils.java:logGet(43)) - raft.server.watch.element-limit = 65536 (default)
2019-09-25 05:06:19,325 [56396258-65a3-478c-9482-0be0199dd49c@group-33166F81F61A:LeaderElection92] INFO  impl.LeaderElection (LeaderElection.java:askForVotes(182)) - 56396258-65a3-478c-9482-0be0199dd49c@group-33166F81F61A:LeaderElection92: begin an election at term 1 for -1: [56396258-65a3-478c-9482-0be0199dd49c:192.168.30.10:41678], old=null
2019-09-25 05:06:19,325 [36ac27b3-2f11-437d-8f1f-165306b0ff4a@group-F5C962B5449B:LeaderElection89] INFO  impl.LeaderElection (LeaderElection.java:askForVotes(182)) - 36ac27b3-2f11-437d-8f1f-165306b0ff4a@group-F5C962B5449B:LeaderElection89: begin an election at term 1 for -1: [36ac27b3-2f11-437d-8f1f-165306b0ff4a:192.168.30.10:45265], old=null
2019-09-25 05:06:19,325 [f77bfc29-6991-4b1d-a503-f706c83de4fc@group-896477D705A3:LeaderElection91] INFO  impl.LeaderElection (LeaderElection.java:askForVotes(182)) - f77bfc29-6991-4b1d-a503-f706c83de4fc@group-896477D705A3:LeaderElection91: begin an election at term 1 for -1: [f77bfc29-6991-4b1d-a503-f706c83de4fc:192.168.30.10:35112], old=null
2019-09-25 05:06:19,325 [f77bfc29-6991-4b1d-a503-f706c83de4fc@group-896477D705A3:LeaderElection91] INFO  impl.RoleInfo (RoleInfo.java:shutdownLeaderElection(134)) - f77bfc29-6991-4b1d-a503-f706c83de4fc: shutdown LeaderElection
2019-09-25 05:06:19,325 [692224c4-5202-4921-98cc-04d5c60c79cc@group-BA4E288B6498:LeaderElection85] INFO  impl.LeaderElection (LeaderElection.java:askForVotes(182)) - 692224c4-5202-4921-98cc-04d5c60c79cc@group-BA4E288B6498:LeaderElection85: begin an election at term 1 for -1: [692224c4-5202-4921-98cc-04d5c60c79cc:192.168.30.10:38144], old=null
2019-09-25 05:06:19,325 [f77bfc29-6991-4b1d-a503-f706c83de4fc@group-0224D9BF4A68:LeaderElection90] INFO  impl.LeaderElection (LeaderElection.java:askForVotes(182)) - f77bfc29-6991-4b1d-a503-f706c83de4fc@group-0224D9BF4A68:LeaderElection90: begin an election at term 1 for -1: [f77bfc29-6991-4b1d-a503-f706c83de4fc:192.168.30.10:35112], old=null
2019-09-25 05:06:19,325 [56396258-65a3-478c-9482-0be0199dd49c@group-78B68D5662A6:LeaderElection94] INFO  impl.LeaderElection (LeaderElection.java:askForVotes(182)) - 56396258-65a3-478c-9482-0be0199dd49c@group-78B68D5662A6:LeaderElection94: begin an election at term 1 for -1: [56396258-65a3-478c-9482-0be0199dd49c:192.168.30.10:41678], old=null
2019-09-25 05:06:19,325 [56396258-65a3-478c-9482-0be0199dd49c@group-B63E6DF1E8D2:LeaderElection86] INFO  impl.LeaderElection (LeaderElection.java:askForVotes(182)) - 56396258-65a3-478c-9482-0be0199dd49c@group-B63E6DF1E8D2:LeaderElection86: begin an election at term 1 for -1: [56396258-65a3-478c-9482-0be0199dd49c:192.168.30.10:41678], old=null
2019-09-25 05:06:19,325 [b4fa7d23-6606-45fd-9544-2b08ca3fa933@group-24A5F312D09B:LeaderElection93] INFO  impl.LeaderElection (LeaderElection.java:askForVotes(182)) - b4fa7d23-6606-45fd-9544-2b08ca3fa933@group-24A5F312D09B:LeaderElection93: begin an election at term 1 for -1: [b4fa7d23-6606-45fd-9544-2b08ca3fa933:192.168.30.10:34493], old=null
2019-09-25 05:06:19,325 [de37f7a0-0375-40a9-a318-404478482fcb@group-42158A371DC1:LeaderElection84] INFO  impl.LeaderElection (LeaderElection.java:askForVotes(182)) - de37f7a0-0375-40a9-a318-404478482fcb@group-42158A371DC1:LeaderElection84: begin an election at term 1 for -1: [de37f7a0-0375-40a9-a318-404478482fcb:192.168.30.10:44522], old=null
2019-09-25 05:06:19,326 [de37f7a0-0375-40a9-a318-404478482fcb@group-42158A371DC1:LeaderElection84] INFO  impl.RoleInfo (RoleInfo.java:shutdownLeaderElection(134)) - de37f7a0-0375-40a9-a318-404478482fcb: shutdown LeaderElection
2019-09-25 05:06:19,325 [56396258-65a3-478c-9482-0be0199dd49c@group-5767B56274DA:LeaderElection95] INFO  impl.LeaderElection (LeaderElection.java:askForVotes(182)) - 56396258-65a3-478c-9482-0be0199dd49c@group-5767B56274DA:LeaderElection95: begin an election at term 1 for -1: [56396258-65a3-478c-9482-0be0199dd49c:192.168.30.10:41678], old=null
2019-09-25 05:06:19,325 [f77bfc29-6991-4b1d-a503-f706c83de4fc@group-FD68C919D676:LeaderElection83] INFO  impl.LeaderElection (LeaderElection.java:askForVotes(182)) - f77bfc29-6991-4b1d-a503-f706c83de4fc@group-FD68C919D676:LeaderElection83: begin an election at term 1 for -1: [f77bfc29-6991-4b1d-a503-f706c83de4fc:192.168.30.10:35112], old=null
2019-09-25 05:06:19,325 [b4fa7d23-6606-45fd-9544-2b08ca3fa933@group-64E57C267E0E:LeaderElection88] INFO  impl.LeaderElection (LeaderElection.java:askForVotes(182)) - b4fa7d23-6606-45fd-9544-2b08ca3fa933@group-64E57C267E0E:LeaderElection88: begin an election at term 1 for -1: [b4fa7d23-6606-45fd-9544-2b08ca3fa933:192.168.30.10:34493], old=null
2019-09-25 05:06:19,325 [692224c4-5202-4921-98cc-04d5c60c79cc@group-A3AB95F92ABD:LeaderElection96] INFO  impl.LeaderElection (LeaderElection.java:askForVotes(182)) - 692224c4-5202-4921-98cc-04d5c60c79cc@group-A3AB95F92ABD:LeaderElection96: begin an election at term 1 for -1: [692224c4-5202-4921-98cc-04d5c60c79cc:192.168.30.10:38144], old=null
2019-09-25 05:06:19,327 [b4fa7d23-6606-45fd-9544-2b08ca3fa933@group-64E57C267E0E:LeaderElection88] INFO  impl.RoleInfo (RoleInfo.java:shutdownLeaderElection(134)) - b4fa7d23-6606-45fd-9544-2b08ca3fa933: shutdown LeaderElection
2019-09-25 05:06:19,326 [f77bfc29-6991-4b1d-a503-f706c83de4fc@group-FD68C919D676:LeaderElection83] INFO  impl.RoleInfo (RoleInfo.java:shutdownLeaderElection(134)) - f77bfc29-6991-4b1d-a503-f706c83de4fc: shutdown LeaderElection
2019-09-25 05:06:19,326 [56396258-65a3-478c-9482-0be0199dd49c@group-5767B56274DA:LeaderElection95] INFO  impl.RoleInfo (RoleInfo.java:shutdownLeaderElection(134)) - 56396258-65a3-478c-9482-0be0199dd49c: shutdown LeaderElection
2019-09-25 05:06:19,326 [de37f7a0-0375-40a9-a318-404478482fcb@group-42158A371DC1:LeaderElection84] INFO  impl.RaftServerImpl (RaftServerImpl.java:setRole(174)) - de37f7a0-0375-40a9-a318-404478482fcb@group-42158A371DC1: changes role from CANDIDATE to LEADER at term 1 for changeToLeader
2019-09-25 05:06:19,327 [de37f7a0-0375-40a9-a318-404478482fcb@group-42158A371DC1:LeaderElection84] INFO  impl.RaftServerImpl (ServerState.java:setLeader(253)) - de37f7a0-0375-40a9-a318-404478482fcb@group-42158A371DC1: change Leader from null to de37f7a0-0375-40a9-a318-404478482fcb at term 1 for becomeLeader, leader elected after 6238ms
2019-09-25 05:06:19,326 [b4fa7d23-6606-45fd-9544-2b08ca3fa933@group-24A5F312D09B:LeaderElection93] INFO  impl.RoleInfo (RoleInfo.java:shutdownLeaderElection(134)) - b4fa7d23-6606-45fd-9544-2b08ca3fa933: shutdown LeaderElection
2019-09-25 05:06:19,326 [56396258-65a3-478c-9482-0be0199dd49c@group-B63E6DF1E8D2:LeaderElection86] INFO  impl.RoleInfo (RoleInfo.java:shutdownLeaderElection(134)) - 56396258-65a3-478c-9482-0be0199dd49c: shutdown LeaderElection
2019-09-25 05:06:19,326 [56396258-65a3-478c-9482-0be0199dd49c@group-78B68D5662A6:LeaderElection94] INFO  impl.RoleInfo (RoleInfo.java:shutdownLeaderElection(134)) - 56396258-65a3-478c-9482-0be0199dd49c: shutdown LeaderElection
2019-09-25 05:06:19,326 [f77bfc29-6991-4b1d-a503-f706c83de4fc@group-0224D9BF4A68:LeaderElection90] INFO  impl.RoleInfo (RoleInfo.java:shutdownLeaderElection(134)) - f77bfc29-6991-4b1d-a503-f706c83de4fc: shutdown LeaderElection
2019-09-25 05:06:19,328 [f77bfc29-6991-4b1d-a503-f706c83de4fc@group-0224D9BF4A68:LeaderElection90] INFO  impl.RaftServerImpl (RaftServerImpl.java:setRole(174)) - f77bfc29-6991-4b1d-a503-f706c83de4fc@group-0224D9BF4A68: changes role from CANDIDATE to LEADER at term 1 for changeToLeader
2019-09-25 05:06:19,325 [692224c4-5202-4921-98cc-04d5c60c79cc@group-BA4E288B6498:LeaderElection85] INFO  impl.RoleInfo (RoleInfo.java:shutdownLeaderElection(134)) - 692224c4-5202-4921-98cc-04d5c60c79cc: shutdown LeaderElection
2019-09-25 05:06:19,325 [f77bfc29-6991-4b1d-a503-f706c83de4fc@group-896477D705A3:LeaderElection91] INFO  impl.RaftServerImpl (RaftServerImpl.java:setRole(174)) - f77bfc29-6991-4b1d-a503-f706c83de4fc@group-896477D705A3: changes role from CANDIDATE to LEADER at term 1 for changeToLeader
2019-09-25 05:06:19,328 [f77bfc29-6991-4b1d-a503-f706c83de4fc@group-896477D705A3:LeaderElection91] INFO  impl.RaftServerImpl (ServerState.java:setLeader(253)) - f77bfc29-6991-4b1d-a503-f706c83de4fc@group-896477D705A3: change Leader from null to f77bfc29-6991-4b1d-a503-f706c83de4fc at term 1 for becomeLeader, leader elected after 5521ms
2019-09-25 05:06:19,325 [36ac27b3-2f11-437d-8f1f-165306b0ff4a@group-F5C962B5449B:LeaderElection89] INFO  impl.RoleInfo (RoleInfo.java:shutdownLeaderElection(134)) - 36ac27b3-2f11-437d-8f1f-165306b0ff4a: shutdown LeaderElection
2019-09-25 05:06:19,325 [56396258-65a3-478c-9482-0be0199dd49c@group-33166F81F61A:LeaderElection92] INFO  impl.RoleInfo (RoleInfo.java:shutdownLeaderElection(134)) - 56396258-65a3-478c-9482-0be0199dd49c: shutdown LeaderElection
2019-09-25 05:06:19,329 [36ac27b3-2f11-437d-8f1f-165306b0ff4a@group-F5C962B5449B:LeaderElection89] INFO  impl.RaftServerImpl (RaftServerImpl.java:setRole(174)) - 36ac27b3-2f11-437d-8f1f-165306b0ff4a@group-F5C962B5449B: changes role from CANDIDATE to LEADER at term 1 for changeToLeader
2019-09-25 05:06:19,329 [36ac27b3-2f11-437d-8f1f-165306b0ff4a@group-F5C962B5449B:LeaderElection89] INFO  impl.RaftServerImpl (ServerState.java:setLeader(253)) - 36ac27b3-2f11-437d-8f1f-165306b0ff4a@group-F5C962B5449B: change Leader from null to 36ac27b3-2f11-437d-8f1f-165306b0ff4a at term 1 for becomeLeader, leader elected after 6686ms
2019-09-25 05:06:19,328 [f77bfc29-6991-4b1d-a503-f706c83de4fc@group-896477D705A3:LeaderElection91] INFO  server.RaftServerConfigKeys (ConfUtils.java:logGet(43)) - raft.server.staging.catchup.gap = 1000 (default)
2019-09-25 05:06:19,329 [f77bfc29-6991-4b1d-a503-f706c83de4fc@group-896477D705A3:LeaderElection91] INFO  server.RaftServerConfigKeys (ConfUtils.java:logGet(43)) - raft.server.rpc.sleep.time = 25ms (default)
2019-09-25 05:06:19,328 [692224c4-5202-4921-98cc-04d5c60c79cc@group-BA4E288B6498:LeaderElection85] INFO  impl.RaftServerImpl (RaftServerImpl.java:setRole(174)) - 692224c4-5202-4921-98cc-04d5c60c79cc@group-BA4E288B6498: changes role from CANDIDATE to LEADER at term 1 for changeToLeader
2019-09-25 05:06:19,329 [692224c4-5202-4921-98cc-04d5c60c79cc@group-BA4E288B6498:LeaderElection85] INFO  impl.RaftServerImpl (ServerState.java:setLeader(253)) - 692224c4-5202-4921-98cc-04d5c60c79cc@group-BA4E288B6498: change Leader from null to 692224c4-5202-4921-98cc-04d5c60c79cc at term 1 for becomeLeader, leader elected after 6506ms
2019-09-25 05:06:19,328 [f77bfc29-6991-4b1d-a503-f706c83de4fc@group-0224D9BF4A68:LeaderElection90] INFO  impl.RaftServerImpl (ServerState.java:setLeader(253)) - f77bfc29-6991-4b1d-a503-f706c83de4fc@group-0224D9BF4A68: change Leader from null to f77bfc29-6991-4b1d-a503-f706c83de4fc at term 1 for becomeLeader, leader elected after 6624ms
2019-09-25 05:06:19,328 [56396258-65a3-478c-9482-0be0199dd49c@group-78B68D5662A6:LeaderElection94] INFO  impl.RaftServerImpl (RaftServerImpl.java:setRole(174)) - 56396258-65a3-478c-9482-0be0199dd49c@group-78B68D5662A6: changes role from CANDIDATE to LEADER at term 1 for changeToLeader
2019-09-25 05:06:19,328 [56396258-65a3-478c-9482-0be0199dd49c@group-B63E6DF1E8D2:LeaderElection86] INFO  impl.RaftServerImpl (RaftServerImpl.java:setRole(174)) - 56396258-65a3-478c-9482-0be0199dd49c@group-B63E6DF1E8D2: changes role from CANDIDATE to LEADER at term 1 for changeToLeader
2019-09-25 05:06:19,327 [b4fa7d23-6606-45fd-9544-2b08ca3fa933@group-24A5F312D09B:LeaderElection93] INFO  impl.RaftServerImpl (RaftServerImpl.java:setRole(174)) - b4fa7d23-6606-45fd-9544-2b08ca3fa933@group-24A5F312D09B: changes role from CANDIDATE to LEADER at term 1 for changeToLeader
2019-09-25 05:06:19,330 [b4fa7d23-6606-45fd-9544-2b08ca3fa933@group-24A5F312D09B:LeaderElection93] INFO  impl.RaftServerImpl (ServerState.java:setLeader(253)) - b4fa7d23-6606-45fd-9544-2b08ca3fa933@group-24A5F312D09B: change Leader from null to b4fa7d23-6606-45fd-9544-2b08ca3fa933 at term 1 for becomeLeader, leader elected after 5428ms
2019-09-25 05:06:19,327 [de37f7a0-0375-40a9-a318-404478482fcb@group-42158A371DC1:LeaderElection84] INFO  server.RaftServerConfigKeys (ConfUtils.java:logGet(43)) - raft.server.staging.catchup.gap = 1000 (default)
2019-09-25 05:06:19,330 [de37f7a0-0375-40a9-a318-404478482fcb@group-42158A371DC1:LeaderElection84] INFO  server.RaftServerConfigKeys (ConfUtils.java:logGet(43)) - raft.server.rpc.sleep.time = 25ms (default)
2019-09-25 05:06:19,327 [56396258-65a3-478c-9482-0be0199dd49c@group-5767B56274DA:LeaderElection95] INFO  impl.RaftServerImpl (RaftServerImpl.java:setRole(174)) - 56396258-65a3-478c-9482-0be0199dd49c@group-5767B56274DA: changes role from CANDIDATE to LEADER at term 1 for changeToLeader
2019-09-25 05:06:19,327 [f77bfc29-6991-4b1d-a503-f706c83de4fc@group-FD68C919D676:LeaderElection83] INFO  impl.RaftServerImpl (RaftServerImpl.java:setRole(174)) - f77bfc29-6991-4b1d-a503-f706c83de4fc@group-FD68C919D676: changes role from CANDIDATE to LEADER at term 1 for changeToLeader
2019-09-25 05:06:19,327 [b4fa7d23-6606-45fd-9544-2b08ca3fa933@group-64E57C267E0E:LeaderElection88] INFO  impl.RaftServerImpl (RaftServerImpl.java:setRole(174)) - b4fa7d23-6606-45fd-9544-2b08ca3fa933@group-64E57C267E0E: changes role from CANDIDATE to LEADER at term 1 for changeToLeader
2019-09-25 05:06:19,331 [b4fa7d23-6606-45fd-9544-2b08ca3fa933@group-64E57C267E0E:LeaderElection88] INFO  impl.RaftServerImpl (ServerState.java:setLeader(253)) - b4fa7d23-6606-45fd-9544-2b08ca3fa933@group-64E57C267E0E: change Leader from null to b4fa7d23-6606-45fd-9544-2b08ca3fa933 at term 1 for becomeLeader, leader elected after 5679ms
2019-09-25 05:06:19,327 [692224c4-5202-4921-98cc-04d5c60c79cc@group-A3AB95F92ABD:LeaderElection96] INFO  impl.RoleInfo (RoleInfo.java:shutdownLeaderElection(134)) - 692224c4-5202-4921-98cc-04d5c60c79cc: shutdown LeaderElection
2019-09-25 05:06:19,331 [b4fa7d23-6606-45fd-9544-2b08ca3fa933@group-64E57C267E0E:LeaderElection88] INFO  server.RaftServerConfigKeys (ConfUtils.java:logGet(43)) - raft.server.staging.catchup.gap = 1000 (default)
2019-09-25 05:06:19,331 [b4fa7d23-6606-45fd-9544-2b08ca3fa933@group-64E57C267E0E:LeaderElection88] INFO  server.RaftServerConfigKeys (ConfUtils.java:logGet(43)) - raft.server.rpc.sleep.time = 25ms (default)
2019-09-25 05:06:19,331 [f77bfc29-6991-4b1d-a503-f706c83de4fc@group-FD68C919D676:LeaderElection83] INFO  impl.RaftServerImpl (ServerState.java:setLeader(253)) - f77bfc29-6991-4b1d-a503-f706c83de4fc@group-FD68C919D676: change Leader from null to f77bfc29-6991-4b1d-a503-f706c83de4fc at term 1 for becomeLeader, leader elected after 6298ms
2019-09-25 05:06:19,331 [56396258-65a3-478c-9482-0be0199dd49c@group-5767B56274DA:LeaderElection95] INFO  impl.RaftServerImpl (ServerState.java:setLeader(253)) - 56396258-65a3-478c-9482-0be0199dd49c@group-5767B56274DA: change Leader from null to 56396258-65a3-478c-9482-0be0199dd49c at term 1 for becomeLeader, leader elected after 6121ms
2019-09-25 05:06:19,330 [b4fa7d23-6606-45fd-9544-2b08ca3fa933@group-24A5F312D09B:LeaderElection93] INFO  server.RaftServerConfigKeys (ConfUtils.java:logGet(43)) - raft.server.staging.catchup.gap = 1000 (default)
2019-09-25 05:06:19,330 [56396258-65a3-478c-9482-0be0199dd49c@group-B63E6DF1E8D2:LeaderElection86] INFO  impl.RaftServerImpl (ServerState.java:setLeader(253)) - 56396258-65a3-478c-9482-0be0199dd49c@group-B63E6DF1E8D2: change Leader from null to 56396258-65a3-478c-9482-0be0199dd49c at term 1 for becomeLeader, leader elected after 6342ms
2019-09-25 05:06:19,330 [56396258-65a3-478c-9482-0be0199dd49c@group-78B68D5662A6:LeaderElection94] INFO  impl.RaftServerImpl (ServerState.java:setLeader(253)) - 56396258-65a3-478c-9482-0be0199dd49c@group-78B68D5662A6: change Leader from null to 56396258-65a3-478c-9482-0be0199dd49c at term 1 for becomeLeader, leader elected after 5754ms
2019-09-25 05:06:19,330 [f77bfc29-6991-4b1d-a503-f706c83de4fc@group-0224D9BF4A68:LeaderElection90] INFO  server.RaftServerConfigKeys (ConfUtils.java:logGet(43)) - raft.server.staging.catchup.gap = 1000 (default)
2019-09-25 05:06:19,332 [f77bfc29-6991-4b1d-a503-f706c83de4fc@group-0224D9BF4A68:LeaderElection90] INFO  server.RaftServerConfigKeys (ConfUtils.java:logGet(43)) - raft.server.rpc.sleep.time = 25ms (default)
2019-09-25 05:06:19,329 [692224c4-5202-4921-98cc-04d5c60c79cc@group-BA4E288B6498:LeaderElection85] INFO  server.RaftServerConfigKeys (ConfUtils.java:logGet(43)) - raft.server.staging.catchup.gap = 1000 (default)
2019-09-25 05:06:19,332 [692224c4-5202-4921-98cc-04d5c60c79cc@group-BA4E288B6498:LeaderElection85] INFO  server.RaftServerConfigKeys (ConfUtils.java:logGet(43)) - raft.server.rpc.sleep.time = 25ms (default)
2019-09-25 05:06:19,329 [36ac27b3-2f11-437d-8f1f-165306b0ff4a@group-F5C962B5449B:LeaderElection89] INFO  server.RaftServerConfigKeys (ConfUtils.java:logGet(43)) - raft.server.staging.catchup.gap = 1000 (default)
2019-09-25 05:06:19,333 [36ac27b3-2f11-437d-8f1f-165306b0ff4a@group-F5C962B5449B:LeaderElection89] INFO  server.RaftServerConfigKeys (ConfUtils.java:logGet(43)) - raft.server.rpc.sleep.time = 25ms (default)
2019-09-25 05:06:19,329 [56396258-65a3-478c-9482-0be0199dd49c@group-33166F81F61A:LeaderElection92] INFO  impl.RaftServerImpl (RaftServerImpl.java:setRole(174)) - 56396258-65a3-478c-9482-0be0199dd49c@group-33166F81F61A: changes role from CANDIDATE to LEADER at term 1 for changeToLeader
2019-09-25 05:06:19,333 [56396258-65a3-478c-9482-0be0199dd49c@group-33166F81F61A:LeaderElection92] INFO  impl.RaftServerImpl (ServerState.java:setLeader(253)) - 56396258-65a3-478c-9482-0be0199dd49c@group-33166F81F61A: change Leader from null to 56396258-65a3-478c-9482-0be0199dd49c at term 1 for becomeLeader, leader elected after 5387ms
2019-09-25 05:06:19,332 [56396258-65a3-478c-9482-0be0199dd49c@group-78B68D5662A6:LeaderElection94] INFO  server.RaftServerConfigKeys (ConfUtils.java:logGet(43)) - raft.server.staging.catchup.gap = 1000 (default)
2019-09-25 05:06:19,332 [56396258-65a3-478c-9482-0be0199dd49c@group-B63E6DF1E8D2:LeaderElection86] INFO  server.RaftServerConfigKeys (ConfUtils.java:logGet(43)) - raft.server.staging.catchup.gap = 1000 (default)
2019-09-25 05:06:19,332 [b4fa7d23-6606-45fd-9544-2b08ca3fa933@group-24A5F312D09B:LeaderElection93] INFO  server.RaftServerConfigKeys (ConfUtils.java:logGet(43)) - raft.server.rpc.sleep.time = 25ms (default)
2019-09-25 05:06:19,332 [56396258-65a3-478c-9482-0be0199dd49c@group-5767B56274DA:LeaderElection95] INFO  server.RaftServerConfigKeys (ConfUtils.java:logGet(43)) - raft.server.staging.catchup.gap = 1000 (default)
2019-09-25 05:06:19,331 [f77bfc29-6991-4b1d-a503-f706c83de4fc@group-FD68C919D676:LeaderElection83] INFO  server.RaftServerConfigKeys (ConfUtils.java:logGet(43)) - raft.server.staging.catchup.gap = 1000 (default)
2019-09-25 05:06:19,331 [692224c4-5202-4921-98cc-04d5c60c79cc@group-A3AB95F92ABD:LeaderElection96] INFO  impl.RaftServerImpl (RaftServerImpl.java:setRole(174)) - 692224c4-5202-4921-98cc-04d5c60c79cc@group-A3AB95F92ABD: changes role from CANDIDATE to LEADER at term 1 for changeToLeader
2019-09-25 05:06:19,334 [f77bfc29-6991-4b1d-a503-f706c83de4fc@group-FD68C919D676:LeaderElection83] INFO  server.RaftServerConfigKeys (ConfUtils.java:logGet(43)) - raft.server.rpc.sleep.time = 25ms (default)
2019-09-25 05:06:19,334 [56396258-65a3-478c-9482-0be0199dd49c@group-5767B56274DA:LeaderElection95] INFO  server.RaftServerConfigKeys (ConfUtils.java:logGet(43)) - raft.server.rpc.sleep.time = 25ms (default)
2019-09-25 05:06:19,333 [56396258-65a3-478c-9482-0be0199dd49c@group-B63E6DF1E8D2:LeaderElection86] INFO  server.RaftServerConfigKeys (ConfUtils.java:logGet(43)) - raft.server.rpc.sleep.time = 25ms (default)
2019-09-25 05:06:19,333 [56396258-65a3-478c-9482-0be0199dd49c@group-78B68D5662A6:LeaderElection94] INFO  server.RaftServerConfigKeys (ConfUtils.java:logGet(43)) - raft.server.rpc.sleep.time = 25ms (default)
2019-09-25 05:06:19,333 [56396258-65a3-478c-9482-0be0199dd49c@group-33166F81F61A:LeaderElection92] INFO  server.RaftServerConfigKeys (ConfUtils.java:logGet(43)) - raft.server.staging.catchup.gap = 1000 (default)
2019-09-25 05:06:19,334 [Thread-604] INFO  impl.FollowerState (FollowerState.java:run(106)) - f77bfc29-6991-4b1d-a503-f706c83de4fc:group-FF5A2CCB1E57 changes to CANDIDATE, lastRpcTime:5115, electionTimeout:5115ms
2019-09-25 05:06:19,334 [692224c4-5202-4921-98cc-04d5c60c79cc@group-A3AB95F92ABD:LeaderElection96] INFO  impl.RaftServerImpl (ServerState.java:setLeader(253)) - 692224c4-5202-4921-98cc-04d5c60c79cc@group-A3AB95F92ABD: change Leader from null to 692224c4-5202-4921-98cc-04d5c60c79cc at term 1 for becomeLeader, leader elected after 5935ms
2019-09-25 05:06:19,335 [Thread-604] INFO  impl.RoleInfo (RoleInfo.java:shutdownFollowerState(121)) - f77bfc29-6991-4b1d-a503-f706c83de4fc: shutdown FollowerState
2019-09-25 05:06:19,335 [56396258-65a3-478c-9482-0be0199dd49c@group-33166F81F61A:LeaderElection92] INFO  server.RaftServerConfigKeys (ConfUtils.java:logGet(43)) - raft.server.rpc.sleep.time = 25ms (default)
2019-09-25 05:06:19,335 [Thread-604] INFO  impl.RaftServerImpl (RaftServerImpl.java:setRole(174)) - f77bfc29-6991-4b1d-a503-f706c83de4fc@group-FF5A2CCB1E57: changes role from  FOLLOWER to CANDIDATE at term 0 for changeToCandidate
2019-09-25 05:06:19,335 [692224c4-5202-4921-98cc-04d5c60c79cc@group-A3AB95F92ABD:LeaderElection96] INFO  server.RaftServerConfigKeys (ConfUtils.java:logGet(43)) - raft.server.staging.catchup.gap = 1000 (default)
2019-09-25 05:06:19,335 [692224c4-5202-4921-98cc-04d5c60c79cc@group-A3AB95F92ABD:LeaderElection96] INFO  server.RaftServerConfigKeys (ConfUtils.java:logGet(43)) - raft.server.rpc.sleep.time = 25ms (default)
2019-09-25 05:06:19,347 [Thread-607] INFO  impl.FollowerState (FollowerState.java:run(106)) - c8798e02-7f0c-41f7-82c2-a17323bcf21e:group-D47F200B6179 changes to CANDIDATE, lastRpcTime:5079, electionTimeout:5079ms
2019-09-25 05:06:19,347 [Thread-607] INFO  impl.RoleInfo (RoleInfo.java:shutdownFollowerState(121)) - c8798e02-7f0c-41f7-82c2-a17323bcf21e: shutdown FollowerState
2019-09-25 05:06:19,347 [Thread-607] INFO  impl.RaftServerImpl (RaftServerImpl.java:setRole(174)) - c8798e02-7f0c-41f7-82c2-a17323bcf21e@group-D47F200B6179: changes role from  FOLLOWER to CANDIDATE at term 0 for changeToCandidate
2019-09-25 05:06:19,375 [Thread-607] INFO  impl.RoleInfo (RoleInfo.java:updateAndGet(143)) - c8798e02-7f0c-41f7-82c2-a17323bcf21e: start LeaderElection
2019-09-25 05:06:19,375 [Thread-604] INFO  impl.RoleInfo (RoleInfo.java:updateAndGet(143)) - f77bfc29-6991-4b1d-a503-f706c83de4fc: start LeaderElection
2019-09-25 05:06:19,375 [692224c4-5202-4921-98cc-04d5c60c79cc@group-A3AB95F92ABD:LeaderElection96] INFO  server.RaftServerConfigKeys (ConfUtils.java:logGet(43)) - raft.server.write.element-limit = 4096 (default)
2019-09-25 05:06:19,375 [56396258-65a3-478c-9482-0be0199dd49c@group-78B68D5662A6:LeaderElection94] INFO  server.RaftServerConfigKeys (ConfUtils.java:logGet(43)) - raft.server.write.element-limit = 4096 (default)
2019-09-25 05:06:19,375 [56396258-65a3-478c-9482-0be0199dd49c@group-5767B56274DA:LeaderElection95] INFO  server.RaftServerConfigKeys (ConfUtils.java:logGet(43)) - raft.server.write.element-limit = 4096 (default)
2019-09-25 05:06:19,375 [56396258-65a3-478c-9482-0be0199dd49c@group-B63E6DF1E8D2:LeaderElection86] INFO  server.RaftServerConfigKeys (ConfUtils.java:logGet(43)) - raft.server.write.element-limit = 4096 (default)
2019-09-25 05:06:19,375 [56396258-65a3-478c-9482-0be0199dd49c@group-33166F81F61A:LeaderElection92] INFO  server.RaftServerConfigKeys (ConfUtils.java:logGet(43)) - raft.server.write.element-limit = 4096 (default)
2019-09-25 05:06:19,375 [692224c4-5202-4921-98cc-04d5c60c79cc@group-A3AB95F92ABD:LeaderElection96] INFO  server.RaftServerConfigKeys (ConfUtils.java:logGet(43)) - raft.server.watch.timeout = 10s (default)
2019-09-25 05:06:19,384 [56396258-65a3-478c-9482-0be0199dd49c@group-33166F81F61A:LeaderElection92] INFO  server.RaftServerConfigKeys (ConfUtils.java:logGet(43)) - raft.server.watch.timeout = 10s (default)
2019-09-25 05:06:19,387 [56396258-65a3-478c-9482-0be0199dd49c@group-33166F81F61A:LeaderElection92] INFO  server.RaftServerConfigKeys (ConfUtils.java:logGet(43)) - raft.server.watch.timeout.denomination = 1s (default)
2019-09-25 05:06:19,380 [Thread-593] INFO  impl.RoleInfo (RoleInfo.java:updateAndGet(143)) - c8798e02-7f0c-41f7-82c2-a17323bcf21e: start LeaderElection
2019-09-25 05:06:19,376 [Thread-596] INFO  impl.RoleInfo (RoleInfo.java:updateAndGet(143)) - b4fa7d23-6606-45fd-9544-2b08ca3fa933: start LeaderElection
2019-09-25 05:06:19,376 [56396258-65a3-478c-9482-0be0199dd49c@group-B63E6DF1E8D2:LeaderElection86] INFO  server.RaftServerConfigKeys (ConfUtils.java:logGet(43)) - raft.server.watch.timeout = 10s (default)
2019-09-25 05:06:19,391 [56396258-65a3-478c-9482-0be0199dd49c@group-B63E6DF1E8D2:LeaderElection86] INFO  server.RaftServerConfigKeys (ConfUtils.java:logGet(43)) - raft.server.watch.timeout.denomination = 1s (default)
2019-09-25 05:06:19,376 [c8798e02-7f0c-41f7-82c2-a17323bcf21e@group-D18EEAF46E97:LeaderElection77] INFO  server.RaftServerConfigKeys (ConfUtils.java:logGet(43)) - raft.server.write.element-limit = 4096 (default)
2019-09-25 05:06:19,376 [de37f7a0-0375-40a9-a318-404478482fcb@group-E6C1EF877494:LeaderElection98] INFO  server.RaftServerConfigKeys (ConfUtils.java:logGet(43)) - raft.server.write.element-limit = 4096 (default)
2019-09-25 05:06:19,376 [f77bfc29-6991-4b1d-a503-f706c83de4fc@group-4DD93346DA3C:LeaderElection99] INFO  server.RaftServerConfigKeys (ConfUtils.java:logGet(43)) - raft.server.write.element-limit = 4096 (default)
2019-09-25 05:06:19,376 [56396258-65a3-478c-9482-0be0199dd49c@group-73E62750B93A:LeaderElection87] INFO  server.RaftServerConfigKeys (ConfUtils.java:logGet(43)) - raft.server.write.element-limit = 4096 (default)
2019-09-25 05:06:19,376 [692224c4-5202-4921-98cc-04d5c60c79cc@group-3F1DA00B5D4A:LeaderElection97] INFO  server.RaftServerConfigKeys (ConfUtils.java:logGet(43)) - raft.server.write.element-limit = 4096 (default)
2019-09-25 05:06:19,376 [pool-37-thread-1] INFO  server.RaftServerConfigKeys (ConfUtils.java:logGet(43)) - raft.server.retrycache.expirytime = 600000ms (custom)
2019-09-25 05:06:19,376 [f77bfc29-6991-4b1d-a503-f706c83de4fc@group-DD47C436208F:LeaderElection79] INFO  server.RaftServerConfigKeys (ConfUtils.java:logGet(43)) - raft.server.write.element-limit = 4096 (default)
2019-09-25 05:06:19,376 [c8798e02-7f0c-41f7-82c2-a17323bcf21e@group-7F09E26EF688:LeaderElection80] INFO  server.RaftServerConfigKeys (ConfUtils.java:logGet(43)) - raft.server.write.element-limit = 4096 (default)
2019-09-25 05:06:19,376 [692224c4-5202-4921-98cc-04d5c60c79cc@group-619497721A04:LeaderElection82] INFO  server.RaftServerConfigKeys (ConfUtils.java:logGet(43)) - raft.server.write.element-limit = 4096 (default)
2019-09-25 05:06:19,376 [56396258-65a3-478c-9482-0be0199dd49c@group-5767B56274DA:LeaderElection95] INFO  server.RaftServerConfigKeys (ConfUtils.java:logGet(43)) - raft.server.watch.timeout = 10s (default)
2019-09-25 05:06:19,376 [f77bfc29-6991-4b1d-a503-f706c83de4fc@group-896477D705A3:LeaderElection91] INFO  server.RaftServerConfigKeys (ConfUtils.java:logGet(43)) - raft.server.write.element-limit = 4096 (default)
2019-09-25 05:06:19,376 [692224c4-5202-4921-98cc-04d5c60c79cc@group-671CE9E71498:LeaderElection81] INFO  server.RaftServerConfigKeys (ConfUtils.java:logGet(43)) - raft.server.write.element-limit = 4096 (default)
2019-09-25 05:06:19,376 [de37f7a0-0375-40a9-a318-404478482fcb@group-42158A371DC1:LeaderElection84] INFO  server.RaftServerConfigKeys (ConfUtils.java:logGet(43)) - raft.server.write.element-limit = 4096 (default)
2019-09-25 05:06:19,376 [b4fa7d23-6606-45fd-9544-2b08ca3fa933@group-64E57C267E0E:LeaderElection88] INFO  server.RaftServerConfigKeys (ConfUtils.java:logGet(43)) - raft.server.write.element-limit = 4096 (default)
2019-09-25 05:06:19,376 [f77bfc29-6991-4b1d-a503-f706c83de4fc@group-0224D9BF4A68:LeaderElection90] INFO  server.RaftServerConfigKeys (ConfUtils.java:logGet(43)) - raft.server.write.element-limit = 4096 (default)
2019-09-25 05:06:19,398 [f77bfc29-6991-4b1d-a503-f706c83de4fc@group-0224D9BF4A68:LeaderElection90] INFO  server.RaftServerConfigKeys (ConfUtils.java:logGet(43)) - raft.server.watch.timeout = 10s (default)
2019-09-25 05:06:19,375 [36ac27b3-2f11-437d-8f1f-165306b0ff4a@group-F5C962B5449B:LeaderElection89] INFO  server.RaftServerConfigKeys (ConfUtils.java:logGet(43)) - raft.server.write.element-limit = 4096 (default)
2019-09-25 05:06:19,375 [692224c4-5202-4921-98cc-04d5c60c79cc@group-BA4E288B6498:LeaderElection85] INFO  server.RaftServerConfigKeys (ConfUtils.java:logGet(43)) - raft.server.write.element-limit = 4096 (default)
2019-09-25 05:06:19,375 [56396258-65a3-478c-9482-0be0199dd49c@group-78B68D5662A6:LeaderElection94] INFO  server.RaftServerConfigKeys (ConfUtils.java:logGet(43)) - raft.server.watch.timeout = 10s (default)
2019-09-25 05:06:19,398 [56396258-65a3-478c-9482-0be0199dd49c@group-78B68D5662A6:LeaderElection94] INFO  server.RaftServerConfigKeys (ConfUtils.java:logGet(43)) - raft.server.watch.timeout.denomination = 1s (default)
2019-09-25 05:06:19,375 [b4fa7d23-6606-45fd-9544-2b08ca3fa933@group-24A5F312D09B:LeaderElection93] INFO  server.RaftServerConfigKeys (ConfUtils.java:logGet(43)) - raft.server.write.element-limit = 4096 (default)
2019-09-25 05:06:19,375 [f77bfc29-6991-4b1d-a503-f706c83de4fc@group-FD68C919D676:LeaderElection83] INFO  server.RaftServerConfigKeys (ConfUtils.java:logGet(43)) - raft.server.write.element-limit = 4096 (default)
2019-09-25 05:06:19,399 [b4fa7d23-6606-45fd-9544-2b08ca3fa933@group-24A5F312D09B:LeaderElection93] INFO  server.RaftServerConfigKeys (ConfUtils.java:logGet(43)) - raft.server.watch.timeout = 10s (default)
2019-09-25 05:06:19,399 [b4fa7d23-6606-45fd-9544-2b08ca3fa933@group-24A5F312D09B:LeaderElection93] INFO  server.RaftServerConfigKeys (ConfUtils.java:logGet(43)) - raft.server.watch.timeout.denomination = 1s (default)
2019-09-25 05:06:19,398 [56396258-65a3-478c-9482-0be0199dd49c@group-78B68D5662A6:LeaderElection94] INFO  server.RaftServerConfigKeys (ConfUtils.java:logGet(43)) - raft.server.watch.element-limit = 65536 (default)
2019-09-25 05:06:19,398 [692224c4-5202-4921-98cc-04d5c60c79cc@group-BA4E288B6498:LeaderElection85] INFO  server.RaftServerConfigKeys (ConfUtils.java:logGet(43)) - raft.server.watch.timeout = 10s (default)
2019-09-25 05:06:19,399 [692224c4-5202-4921-98cc-04d5c60c79cc@group-BA4E288B6498:LeaderElection85] INFO  server.RaftServerConfigKeys (ConfUtils.java:logGet(43)) - raft.server.watch.timeout.denomination = 1s (default)
2019-09-25 05:06:19,398 [36ac27b3-2f11-437d-8f1f-165306b0ff4a@group-F5C962B5449B:LeaderElection89] INFO  server.RaftServerConfigKeys (ConfUtils.java:logGet(43)) - raft.server.watch.timeout = 10s (default)
2019-09-25 05:06:19,398 [f77bfc29-6991-4b1d-a503-f706c83de4fc@group-0224D9BF4A68:LeaderElection90] INFO  server.RaftServerConfigKeys (ConfUtils.java:logGet(43)) - raft.server.watch.timeout.denomination = 1s (default)
2019-09-25 05:06:19,397 [b4fa7d23-6606-45fd-9544-2b08ca3fa933@group-64E57C267E0E:LeaderElection88] INFO  server.RaftServerConfigKeys (ConfUtils.java:logGet(43)) - raft.server.watch.timeout = 10s (default)
2019-09-25 05:06:19,400 [b4fa7d23-6606-45fd-9544-2b08ca3fa933@group-64E57C267E0E:LeaderElection88] INFO  server.RaftServerConfigKeys (ConfUtils.java:logGet(43)) - raft.server.watch.timeout.denomination = 1s (default)
2019-09-25 05:06:19,397 [de37f7a0-0375-40a9-a318-404478482fcb@group-42158A371DC1:LeaderElection84] INFO  server.RaftServerConfigKeys (ConfUtils.java:logGet(43)) - raft.server.watch.timeout = 10s (default)
2019-09-25 05:06:19,397 [692224c4-5202-4921-98cc-04d5c60c79cc@group-671CE9E71498:LeaderElection81] INFO  server.RaftServerConfigKeys (ConfUtils.java:logGet(43)) - raft.server.watch.timeout = 10s (default)
2019-09-25 05:06:19,400 [692224c4-5202-4921-98cc-04d5c60c79cc@group-671CE9E71498:LeaderElection81] INFO  server.RaftServerConfigKeys (ConfUtils.java:logGet(43)) - raft.server.watch.timeout.denomination = 1s (default)
2019-09-25 05:06:19,397 [f77bfc29-6991-4b1d-a503-f706c83de4fc@group-896477D705A3:LeaderElection91] INFO  server.RaftServerConfigKeys (ConfUtils.java:logGet(43)) - raft.server.watch.timeout = 10s (default)
2019-09-25 05:06:19,401 [f77bfc29-6991-4b1d-a503-f706c83de4fc@group-896477D705A3:LeaderElection91] INFO  server.RaftServerConfigKeys (ConfUtils.java:logGet(43)) - raft.server.watch.timeout.denomination = 1s (default)
2019-09-25 05:06:19,397 [56396258-65a3-478c-9482-0be0199dd49c@group-5767B56274DA:LeaderElection95] INFO  server.RaftServerConfigKeys (ConfUtils.java:logGet(43)) - raft.server.watch.timeout.denomination = 1s (default)
2019-09-25 05:06:19,397 [692224c4-5202-4921-98cc-04d5c60c79cc@group-619497721A04:LeaderElection82] INFO  server.RaftServerConfigKeys (ConfUtils.java:logGet(43)) - raft.server.watch.timeout = 10s (default)
2019-09-25 05:06:19,396 [c8798e02-7f0c-41f7-82c2-a17323bcf21e@group-7F09E26EF688:LeaderElection80] INFO  server.RaftServerConfigKeys (ConfUtils.java:logGet(43)) - raft.server.watch.timeout = 10s (default)
2019-09-25 05:06:19,401 [c8798e02-7f0c-41f7-82c2-a17323bcf21e@group-7F09E26EF688:LeaderElection80] INFO  server.RaftServerConfigKeys (ConfUtils.java:logGet(43)) - raft.server.watch.timeout.denomination = 1s (default)
2019-09-25 05:06:19,396 [f77bfc29-6991-4b1d-a503-f706c83de4fc@group-DD47C436208F:LeaderElection79] INFO  server.RaftServerConfigKeys (ConfUtils.java:logGet(43)) - raft.server.watch.timeout = 10s (default)
2019-09-25 05:06:19,396 [692224c4-5202-4921-98cc-04d5c60c79cc@group-3F1DA00B5D4A:LeaderElection97] INFO  server.RaftServerConfigKeys (ConfUtils.java:logGet(43)) - raft.server.watch.timeout = 10s (default)
2019-09-25 05:06:19,396 [56396258-65a3-478c-9482-0be0199dd49c@group-73E62750B93A:LeaderElection87] INFO  server.RaftServerConfigKeys (ConfUtils.java:logGet(43)) - raft.server.watch.timeout = 10s (default)
2019-09-25 05:06:19,402 [56396258-65a3-478c-9482-0be0199dd49c@group-73E62750B93A:LeaderElection87] INFO  server.RaftServerConfigKeys (ConfUtils.java:logGet(43)) - raft.server.watch.timeout.denomination = 1s (default)
2019-09-25 05:06:19,395 [f77bfc29-6991-4b1d-a503-f706c83de4fc@group-4DD93346DA3C:LeaderElection99] INFO  server.RaftServerConfigKeys (ConfUtils.java:logGet(43)) - raft.server.watch.timeout = 10s (default)
2019-09-25 05:06:19,402 [f77bfc29-6991-4b1d-a503-f706c83de4fc@group-4DD93346DA3C:LeaderElection99] INFO  server.RaftServerConfigKeys (ConfUtils.java:logGet(43)) - raft.server.watch.timeout.denomination = 1s (default)
2019-09-25 05:06:19,395 [de37f7a0-0375-40a9-a318-404478482fcb@group-E6C1EF877494:LeaderElection98] INFO  server.RaftServerConfigKeys (ConfUtils.java:logGet(43)) - raft.server.watch.timeout = 10s (default)
2019-09-25 05:06:19,403 [de37f7a0-0375-40a9-a318-404478482fcb@group-E6C1EF877494:LeaderElection98] INFO  server.RaftServerConfigKeys (ConfUtils.java:logGet(43)) - raft.server.watch.timeout.denomination = 1s (default)
2019-09-25 05:06:19,395 [c8798e02-7f0c-41f7-82c2-a17323bcf21e@group-D18EEAF46E97:LeaderElection77] INFO  server.RaftServerConfigKeys (ConfUtils.java:logGet(43)) - raft.server.watch.timeout = 10s (default)
2019-09-25 05:06:19,403 [c8798e02-7f0c-41f7-82c2-a17323bcf21e@group-D18EEAF46E97:LeaderElection77] INFO  server.RaftServerConfigKeys (ConfUtils.java:logGet(43)) - raft.server.watch.timeout.denomination = 1s (default)
2019-09-25 05:06:19,395 [56396258-65a3-478c-9482-0be0199dd49c@group-B63E6DF1E8D2:LeaderElection86] INFO  server.RaftServerConfigKeys (ConfUtils.java:logGet(43)) - raft.server.watch.element-limit = 65536 (default)
2019-09-25 05:06:19,391 [56396258-65a3-478c-9482-0be0199dd49c@group-33166F81F61A:LeaderElection92] INFO  server.RaftServerConfigKeys (ConfUtils.java:logGet(43)) - raft.server.watch.element-limit = 65536 (default)
2019-09-25 05:06:19,384 [692224c4-5202-4921-98cc-04d5c60c79cc@group-A3AB95F92ABD:LeaderElection96] INFO  server.RaftServerConfigKeys (ConfUtils.java:logGet(43)) - raft.server.watch.timeout.denomination = 1s (default)
2019-09-25 05:06:19,403 [c8798e02-7f0c-41f7-82c2-a17323bcf21e@group-D18EEAF46E97:LeaderElection77] INFO  server.RaftServerConfigKeys (ConfUtils.java:logGet(43)) - raft.server.watch.element-limit = 65536 (default)
2019-09-25 05:06:19,403 [de37f7a0-0375-40a9-a318-404478482fcb@group-E6C1EF877494:LeaderElection98] INFO  server.RaftServerConfigKeys (ConfUtils.java:logGet(43)) - raft.server.watch.element-limit = 65536 (default)
2019-09-25 05:06:19,402 [f77bfc29-6991-4b1d-a503-f706c83de4fc@group-4DD93346DA3C:LeaderElection99] INFO  server.RaftServerConfigKeys (ConfUtils.java:logGet(43)) - raft.server.watch.element-limit = 65536 (default)
2019-09-25 05:06:19,402 [56396258-65a3-478c-9482-0be0199dd49c@group-73E62750B93A:LeaderElection87] INFO  server.RaftServerConfigKeys (ConfUtils.java:logGet(43)) - raft.server.watch.element-limit = 65536 (default)
2019-09-25 05:06:19,402 [692224c4-5202-4921-98cc-04d5c60c79cc@group-3F1DA00B5D4A:LeaderElection97] INFO  server.RaftServerConfigKeys (ConfUtils.java:logGet(43)) - raft.server.watch.timeout.denomination = 1s (default)
2019-09-25 05:06:19,402 [f77bfc29-6991-4b1d-a503-f706c83de4fc@group-DD47C436208F:LeaderElection79] INFO  server.RaftServerConfigKeys (ConfUtils.java:logGet(43)) - raft.server.watch.timeout.denomination = 1s (default)
2019-09-25 05:06:19,401 [c8798e02-7f0c-41f7-82c2-a17323bcf21e@group-7F09E26EF688:LeaderElection80] INFO  server.RaftServerConfigKeys (ConfUtils.java:logGet(43)) - raft.server.watch.element-limit = 65536 (default)
2019-09-25 05:06:19,401 [692224c4-5202-4921-98cc-04d5c60c79cc@group-619497721A04:LeaderElection82] INFO  server.RaftServerConfigKeys (ConfUtils.java:logGet(43)) - raft.server.watch.timeout.denomination = 1s (default)
2019-09-25 05:06:19,405 [f77bfc29-6991-4b1d-a503-f706c83de4fc@group-FF5A2CCB1E57:LeaderElection102] INFO  impl.LeaderElection (LeaderElection.java:askForVotes(182)) - f77bfc29-6991-4b1d-a503-f706c83de4fc@group-FF5A2CCB1E57:LeaderElection102: begin an election at term 1 for -1: [f77bfc29-6991-4b1d-a503-f706c83de4fc:192.168.30.10:35112], old=null
2019-09-25 05:06:19,401 [56396258-65a3-478c-9482-0be0199dd49c@group-5767B56274DA:LeaderElection95] INFO  server.RaftServerConfigKeys (ConfUtils.java:logGet(43)) - raft.server.watch.element-limit = 65536 (default)
2019-09-25 05:06:19,401 [f77bfc29-6991-4b1d-a503-f706c83de4fc@group-896477D705A3:LeaderElection91] INFO  server.RaftServerConfigKeys (ConfUtils.java:logGet(43)) - raft.server.watch.element-limit = 65536 (default)
2019-09-25 05:06:19,400 [692224c4-5202-4921-98cc-04d5c60c79cc@group-671CE9E71498:LeaderElection81] INFO  server.RaftServerConfigKeys (ConfUtils.java:logGet(43)) - raft.server.watch.element-limit = 65536 (default)
2019-09-25 05:06:19,400 [de37f7a0-0375-40a9-a318-404478482fcb@group-42158A371DC1:LeaderElection84] INFO  server.RaftServerConfigKeys (ConfUtils.java:logGet(43)) - raft.server.watch.timeout.denomination = 1s (default)
2019-09-25 05:06:19,400 [b4fa7d23-6606-45fd-9544-2b08ca3fa933@group-64E57C267E0E:LeaderElection88] INFO  server.RaftServerConfigKeys (ConfUtils.java:logGet(43)) - raft.server.watch.element-limit = 65536 (default)
2019-09-25 05:06:19,400 [f77bfc29-6991-4b1d-a503-f706c83de4fc@group-0224D9BF4A68:LeaderElection90] INFO  server.RaftServerConfigKeys (ConfUtils.java:logGet(43)) - raft.server.watch.element-limit = 65536 (default)
2019-09-25 05:06:19,400 [36ac27b3-2f11-437d-8f1f-165306b0ff4a@group-F5C962B5449B:LeaderElection89] INFO  server.RaftServerConfigKeys (ConfUtils.java:logGet(43)) - raft.server.watch.timeout.denomination = 1s (default)
2019-09-25 05:06:19,399 [692224c4-5202-4921-98cc-04d5c60c79cc@group-BA4E288B6498:LeaderElection85] INFO  server.RaftServerConfigKeys (ConfUtils.java:logGet(43)) - raft.server.watch.element-limit = 65536 (default)
2019-09-25 05:06:19,399 [b4fa7d23-6606-45fd-9544-2b08ca3fa933@group-24A5F312D09B:LeaderElection93] INFO  server.RaftServerConfigKeys (ConfUtils.java:logGet(43)) - raft.server.watch.element-limit = 65536 (default)
2019-09-25 05:06:19,399 [f77bfc29-6991-4b1d-a503-f706c83de4fc@group-FD68C919D676:LeaderElection83] INFO  server.RaftServerConfigKeys (ConfUtils.java:logGet(43)) - raft.server.watch.timeout = 10s (default)
2019-09-25 05:06:19,407 [36ac27b3-2f11-437d-8f1f-165306b0ff4a@group-F5C962B5449B:LeaderElection89] INFO  server.RaftServerConfigKeys (ConfUtils.java:logGet(43)) - raft.server.watch.element-limit = 65536 (default)
2019-09-25 05:06:19,406 [de37f7a0-0375-40a9-a318-404478482fcb@group-42158A371DC1:LeaderElection84] INFO  server.RaftServerConfigKeys (ConfUtils.java:logGet(43)) - raft.server.watch.element-limit = 65536 (default)
2019-09-25 05:06:19,405 [f77bfc29-6991-4b1d-a503-f706c83de4fc@group-FF5A2CCB1E57:LeaderElection102] INFO  impl.RoleInfo (RoleInfo.java:shutdownLeaderElection(134)) - f77bfc29-6991-4b1d-a503-f706c83de4fc: shutdown LeaderElection
2019-09-25 05:06:19,405 [692224c4-5202-4921-98cc-04d5c60c79cc@group-619497721A04:LeaderElection82] INFO  server.RaftServerConfigKeys (ConfUtils.java:logGet(43)) - raft.server.watch.element-limit = 65536 (default)
2019-09-25 05:06:19,405 [c8798e02-7f0c-41f7-82c2-a17323bcf21e@group-07BF07F1A4A3:LeaderElection100] INFO  impl.LeaderElection (LeaderElection.java:askForVotes(182)) - c8798e02-7f0c-41f7-82c2-a17323bcf21e@group-07BF07F1A4A3:LeaderElection100: begin an election at term 1 for -1: [c8798e02-7f0c-41f7-82c2-a17323bcf21e:192.168.30.10:40603], old=null
2019-09-25 05:06:19,405 [c8798e02-7f0c-41f7-82c2-a17323bcf21e@group-D47F200B6179:LeaderElection103] INFO  impl.LeaderElection (LeaderElection.java:askForVotes(182)) - c8798e02-7f0c-41f7-82c2-a17323bcf21e@group-D47F200B6179:LeaderElection103: begin an election at term 1 for -1: [c8798e02-7f0c-41f7-82c2-a17323bcf21e:192.168.30.10:40603], old=null
2019-09-25 05:06:19,405 [b4fa7d23-6606-45fd-9544-2b08ca3fa933@group-82B6D9F84BDB:LeaderElection101] INFO  impl.LeaderElection (LeaderElection.java:askForVotes(182)) - b4fa7d23-6606-45fd-9544-2b08ca3fa933@group-82B6D9F84BDB:LeaderElection101: begin an election at term 1 for -1: [b4fa7d23-6606-45fd-9544-2b08ca3fa933:192.168.30.10:34493], old=null
2019-09-25 05:06:19,405 [f77bfc29-6991-4b1d-a503-f706c83de4fc@group-DD47C436208F:LeaderElection79] INFO  server.RaftServerConfigKeys (ConfUtils.java:logGet(43)) - raft.server.watch.element-limit = 65536 (default)
2019-09-25 05:06:19,405 [692224c4-5202-4921-98cc-04d5c60c79cc@group-3F1DA00B5D4A:LeaderElection97] INFO  server.RaftServerConfigKeys (ConfUtils.java:logGet(43)) - raft.server.watch.element-limit = 65536 (default)
2019-09-25 05:06:19,404 [692224c4-5202-4921-98cc-04d5c60c79cc@group-A3AB95F92ABD:LeaderElection96] INFO  server.RaftServerConfigKeys (ConfUtils.java:logGet(43)) - raft.server.watch.element-limit = 65536 (default)
2019-09-25 05:06:19,408 [b4fa7d23-6606-45fd-9544-2b08ca3fa933@group-82B6D9F84BDB:LeaderElection101] INFO  impl.RoleInfo (RoleInfo.java:shutdownLeaderElection(134)) - b4fa7d23-6606-45fd-9544-2b08ca3fa933: shutdown LeaderElection
2019-09-25 05:06:19,408 [c8798e02-7f0c-41f7-82c2-a17323bcf21e@group-D47F200B6179:LeaderElection103] INFO  impl.RoleInfo (RoleInfo.java:shutdownLeaderElection(134)) - c8798e02-7f0c-41f7-82c2-a17323bcf21e: shutdown LeaderElection
2019-09-25 05:06:19,408 [c8798e02-7f0c-41f7-82c2-a17323bcf21e@group-07BF07F1A4A3:LeaderElection100] INFO  impl.RoleInfo (RoleInfo.java:shutdownLeaderElection(134)) - c8798e02-7f0c-41f7-82c2-a17323bcf21e: shutdown LeaderElection
2019-09-25 05:06:19,408 [f77bfc29-6991-4b1d-a503-f706c83de4fc@group-FF5A2CCB1E57:LeaderElection102] INFO  impl.RaftServerImpl (RaftServerImpl.java:setRole(174)) - f77bfc29-6991-4b1d-a503-f706c83de4fc@group-FF5A2CCB1E57: changes role from CANDIDATE to LEADER at term 1 for changeToLeader
2019-09-25 05:06:19,410 [f77bfc29-6991-4b1d-a503-f706c83de4fc@group-FF5A2CCB1E57:LeaderElection102] INFO  impl.RaftServerImpl (ServerState.java:setLeader(253)) - f77bfc29-6991-4b1d-a503-f706c83de4fc@group-FF5A2CCB1E57: change Leader from null to f77bfc29-6991-4b1d-a503-f706c83de4fc at term 1 for becomeLeader, leader elected after 5197ms
2019-09-25 05:06:19,407 [f77bfc29-6991-4b1d-a503-f706c83de4fc@group-FD68C919D676:LeaderElection83] INFO  server.RaftServerConfigKeys (ConfUtils.java:logGet(43)) - raft.server.watch.timeout.denomination = 1s (default)
2019-09-25 05:06:19,410 [f77bfc29-6991-4b1d-a503-f706c83de4fc@group-FF5A2CCB1E57:LeaderElection102] INFO  server.RaftServerConfigKeys (ConfUtils.java:logGet(43)) - raft.server.staging.catchup.gap = 1000 (default)
2019-09-25 05:06:19,410 [f77bfc29-6991-4b1d-a503-f706c83de4fc@group-FF5A2CCB1E57:LeaderElection102] INFO  server.RaftServerConfigKeys (ConfUtils.java:logGet(43)) - raft.server.rpc.sleep.time = 25ms (default)
2019-09-25 05:06:19,409 [c8798e02-7f0c-41f7-82c2-a17323bcf21e@group-07BF07F1A4A3:LeaderElection100] INFO  impl.RaftServerImpl (RaftServerImpl.java:setRole(174)) - c8798e02-7f0c-41f7-82c2-a17323bcf21e@group-07BF07F1A4A3: changes role from CANDIDATE to LEADER at term 1 for changeToLeader
2019-09-25 05:06:19,409 [c8798e02-7f0c-41f7-82c2-a17323bcf21e@group-D47F200B6179:LeaderElection103] INFO  impl.RaftServerImpl (RaftServerImpl.java:setRole(174)) - c8798e02-7f0c-41f7-82c2-a17323bcf21e@group-D47F200B6179: changes role from CANDIDATE to LEADER at term 1 for changeToLeader
2019-09-25 05:06:19,410 [c8798e02-7f0c-41f7-82c2-a17323bcf21e@group-D47F200B6179:LeaderElection103] INFO  impl.RaftServerImpl (ServerState.java:setLeader(253)) - c8798e02-7f0c-41f7-82c2-a17323bcf21e@group-D47F200B6179: change Leader from null to c8798e02-7f0c-41f7-82c2-a17323bcf21e at term 1 for becomeLeader, leader elected after 5150ms
2019-09-25 05:06:19,409 [b4fa7d23-6606-45fd-9544-2b08ca3fa933@group-82B6D9F84BDB:LeaderElection101] INFO  impl.RaftServerImpl (RaftServerImpl.java:setRole(174)) - b4fa7d23-6606-45fd-9544-2b08ca3fa933@group-82B6D9F84BDB: changes role from CANDIDATE to LEADER at term 1 for changeToLeader
2019-09-25 05:06:19,411 [c8798e02-7f0c-41f7-82c2-a17323bcf21e@group-D47F200B6179:LeaderElection103] INFO  server.RaftServerConfigKeys (ConfUtils.java:logGet(43)) - raft.server.staging.catchup.gap = 1000 (default)
2019-09-25 05:06:19,411 [c8798e02-7f0c-41f7-82c2-a17323bcf21e@group-D47F200B6179:LeaderElection103] INFO  server.RaftServerConfigKeys (ConfUtils.java:logGet(43)) - raft.server.rpc.sleep.time = 25ms (default)
2019-09-25 05:06:19,410 [c8798e02-7f0c-41f7-82c2-a17323bcf21e@group-07BF07F1A4A3:LeaderElection100] INFO  impl.RaftServerImpl (ServerState.java:setLeader(253)) - c8798e02-7f0c-41f7-82c2-a17323bcf21e@group-07BF07F1A4A3: change Leader from null to c8798e02-7f0c-41f7-82c2-a17323bcf21e at term 1 for becomeLeader, leader elected after 5364ms
2019-09-25 05:06:19,410 [f77bfc29-6991-4b1d-a503-f706c83de4fc@group-FD68C919D676:LeaderElection83] INFO  server.RaftServerConfigKeys (ConfUtils.java:logGet(43)) - raft.server.watch.element-limit = 65536 (default)
2019-09-25 05:06:19,411 [c8798e02-7f0c-41f7-82c2-a17323bcf21e@group-07BF07F1A4A3:LeaderElection100] INFO  server.RaftServerConfigKeys (ConfUtils.java:logGet(43)) - raft.server.staging.catchup.gap = 1000 (default)
2019-09-25 05:06:19,411 [b4fa7d23-6606-45fd-9544-2b08ca3fa933@group-82B6D9F84BDB:LeaderElection101] INFO  impl.RaftServerImpl (ServerState.java:setLeader(253)) - b4fa7d23-6606-45fd-9544-2b08ca3fa933@group-82B6D9F84BDB: change Leader from null to b4fa7d23-6606-45fd-9544-2b08ca3fa933 at term 1 for becomeLeader, leader elected after 5318ms
2019-09-25 05:06:19,412 [c8798e02-7f0c-41f7-82c2-a17323bcf21e@group-07BF07F1A4A3:LeaderElection100] INFO  server.RaftServerConfigKeys (ConfUtils.java:logGet(43)) - raft.server.rpc.sleep.time = 25ms (default)
2019-09-25 05:06:19,412 [b4fa7d23-6606-45fd-9544-2b08ca3fa933@group-82B6D9F84BDB:LeaderElection101] INFO  server.RaftServerConfigKeys (ConfUtils.java:logGet(43)) - raft.server.staging.catchup.gap = 1000 (default)
2019-09-25 05:06:19,412 [b4fa7d23-6606-45fd-9544-2b08ca3fa933@group-82B6D9F84BDB:LeaderElection101] INFO  server.RaftServerConfigKeys (ConfUtils.java:logGet(43)) - raft.server.rpc.sleep.time = 25ms (default)
2019-09-25 05:06:19,432 [Thread-610] INFO  impl.FollowerState (FollowerState.java:run(106)) - 692224c4-5202-4921-98cc-04d5c60c79cc:group-B76D1F0B6CD7 changes to CANDIDATE, lastRpcTime:5119, electionTimeout:5119ms
2019-09-25 05:06:19,432 [Thread-610] INFO  impl.RoleInfo (RoleInfo.java:shutdownFollowerState(121)) - 692224c4-5202-4921-98cc-04d5c60c79cc: shutdown FollowerState
2019-09-25 05:06:19,432 [Thread-610] INFO  impl.RaftServerImpl (RaftServerImpl.java:setRole(174)) - 692224c4-5202-4921-98cc-04d5c60c79cc@group-B76D1F0B6CD7: changes role from  FOLLOWER to CANDIDATE at term 0 for changeToCandidate
2019-09-25 05:06:19,439 [Thread-610] INFO  impl.RoleInfo (RoleInfo.java:updateAndGet(143)) - 692224c4-5202-4921-98cc-04d5c60c79cc: start LeaderElection
2019-09-25 05:06:19,439 [c8798e02-7f0c-41f7-82c2-a17323bcf21e@group-D47F200B6179:LeaderElection103] INFO  server.RaftServerConfigKeys (ConfUtils.java:logGet(43)) - raft.server.write.element-limit = 4096 (default)
2019-09-25 05:06:19,439 [c8798e02-7f0c-41f7-82c2-a17323bcf21e@group-07BF07F1A4A3:LeaderElection100] INFO  server.RaftServerConfigKeys (ConfUtils.java:logGet(43)) - raft.server.write.element-limit = 4096 (default)
2019-09-25 05:06:19,439 [b4fa7d23-6606-45fd-9544-2b08ca3fa933@group-82B6D9F84BDB:LeaderElection101] INFO  server.RaftServerConfigKeys (ConfUtils.java:logGet(43)) - raft.server.write.element-limit = 4096 (default)
2019-09-25 05:06:19,448 [c8798e02-7f0c-41f7-82c2-a17323bcf21e@group-07BF07F1A4A3:LeaderElection100] INFO  server.RaftServerConfigKeys (ConfUtils.java:logGet(43)) - raft.server.watch.timeout = 10s (default)
2019-09-25 05:06:19,448 [c8798e02-7f0c-41f7-82c2-a17323bcf21e@group-07BF07F1A4A3:LeaderElection100] INFO  server.RaftServerConfigKeys (ConfUtils.java:logGet(43)) - raft.server.watch.timeout.denomination = 1s (default)
2019-09-25 05:06:19,444 [c8798e02-7f0c-41f7-82c2-a17323bcf21e@group-D47F200B6179:LeaderElection103] INFO  server.RaftServerConfigKeys (ConfUtils.java:logGet(43)) - raft.server.watch.timeout = 10s (default)
2019-09-25 05:06:19,439 [f77bfc29-6991-4b1d-a503-f706c83de4fc@group-FF5A2CCB1E57:LeaderElection102] INFO  server.RaftServerConfigKeys (ConfUtils.java:logGet(43)) - raft.server.write.element-limit = 4096 (default)
2019-09-25 05:06:19,448 [c8798e02-7f0c-41f7-82c2-a17323bcf21e@group-D47F200B6179:LeaderElection103] INFO  server.RaftServerConfigKeys (ConfUtils.java:logGet(43)) - raft.server.watch.timeout.denomination = 1s (default)
2019-09-25 05:06:19,448 [c8798e02-7f0c-41f7-82c2-a17323bcf21e@group-07BF07F1A4A3:LeaderElection100] INFO  server.RaftServerConfigKeys (ConfUtils.java:logGet(43)) - raft.server.watch.element-limit = 65536 (default)
2019-09-25 05:06:19,448 [b4fa7d23-6606-45fd-9544-2b08ca3fa933@group-82B6D9F84BDB:LeaderElection101] INFO  server.RaftServerConfigKeys (ConfUtils.java:logGet(43)) - raft.server.watch.timeout = 10s (default)
2019-09-25 05:06:19,449 [b4fa7d23-6606-45fd-9544-2b08ca3fa933@group-82B6D9F84BDB:LeaderElection101] INFO  server.RaftServerConfigKeys (ConfUtils.java:logGet(43)) - raft.server.watch.timeout.denomination = 1s (default)
2019-09-25 05:06:19,449 [c8798e02-7f0c-41f7-82c2-a17323bcf21e@group-D47F200B6179:LeaderElection103] INFO  server.RaftServerConfigKeys (ConfUtils.java:logGet(43)) - raft.server.watch.element-limit = 65536 (default)
2019-09-25 05:06:19,448 [f77bfc29-6991-4b1d-a503-f706c83de4fc@group-FF5A2CCB1E57:LeaderElection102] INFO  server.RaftServerConfigKeys (ConfUtils.java:logGet(43)) - raft.server.watch.timeout = 10s (default)
2019-09-25 05:06:19,449 [f77bfc29-6991-4b1d-a503-f706c83de4fc@group-FF5A2CCB1E57:LeaderElection102] INFO  server.RaftServerConfigKeys (ConfUtils.java:logGet(43)) - raft.server.watch.timeout.denomination = 1s (default)
2019-09-25 05:06:19,449 [b4fa7d23-6606-45fd-9544-2b08ca3fa933@group-82B6D9F84BDB:LeaderElection101] INFO  server.RaftServerConfigKeys (ConfUtils.java:logGet(43)) - raft.server.watch.element-limit = 65536 (default)
2019-09-25 05:06:19,449 [f77bfc29-6991-4b1d-a503-f706c83de4fc@group-FF5A2CCB1E57:LeaderElection102] INFO  server.RaftServerConfigKeys (ConfUtils.java:logGet(43)) - raft.server.watch.element-limit = 65536 (default)
2019-09-25 05:06:19,462 [692224c4-5202-4921-98cc-04d5c60c79cc@group-B76D1F0B6CD7:LeaderElection104] INFO  impl.LeaderElection (LeaderElection.java:askForVotes(182)) - 692224c4-5202-4921-98cc-04d5c60c79cc@group-B76D1F0B6CD7:LeaderElection104: begin an election at term 1 for -1: [692224c4-5202-4921-98cc-04d5c60c79cc:192.168.30.10:38144], old=null
2019-09-25 05:06:19,462 [692224c4-5202-4921-98cc-04d5c60c79cc@group-B76D1F0B6CD7:LeaderElection104] INFO  impl.RoleInfo (RoleInfo.java:shutdownLeaderElection(134)) - 692224c4-5202-4921-98cc-04d5c60c79cc: shutdown LeaderElection
2019-09-25 05:06:19,462 [692224c4-5202-4921-98cc-04d5c60c79cc@group-B76D1F0B6CD7:LeaderElection104] INFO  impl.RaftServerImpl (RaftServerImpl.java:setRole(174)) - 692224c4-5202-4921-98cc-04d5c60c79cc@group-B76D1F0B6CD7: changes role from CANDIDATE to LEADER at term 1 for changeToLeader
2019-09-25 05:06:19,462 [692224c4-5202-4921-98cc-04d5c60c79cc@group-B76D1F0B6CD7:LeaderElection104] INFO  impl.RaftServerImpl (ServerState.java:setLeader(253)) - 692224c4-5202-4921-98cc-04d5c60c79cc@group-B76D1F0B6CD7: change Leader from null to 692224c4-5202-4921-98cc-04d5c60c79cc at term 1 for becomeLeader, leader elected after 5157ms
2019-09-25 05:06:19,462 [692224c4-5202-4921-98cc-04d5c60c79cc@group-B76D1F0B6CD7:LeaderElection104] INFO  server.RaftServerConfigKeys (ConfUtils.java:logGet(43)) - raft.server.staging.catchup.gap = 1000 (default)
2019-09-25 05:06:19,463 [692224c4-5202-4921-98cc-04d5c60c79cc@group-B76D1F0B6CD7:LeaderElection104] INFO  server.RaftServerConfigKeys (ConfUtils.java:logGet(43)) - raft.server.rpc.sleep.time = 25ms (default)
2019-09-25 05:06:19,490 [692224c4-5202-4921-98cc-04d5c60c79cc@group-B76D1F0B6CD7:LeaderElection104] INFO  server.RaftServerConfigKeys (ConfUtils.java:logGet(43)) - raft.server.write.element-limit = 4096 (default)
2019-09-25 05:06:19,490 [692224c4-5202-4921-98cc-04d5c60c79cc@group-B76D1F0B6CD7:LeaderElection104] INFO  server.RaftServerConfigKeys (ConfUtils.java:logGet(43)) - raft.server.watch.timeout = 10s (default)
2019-09-25 05:06:19,490 [692224c4-5202-4921-98cc-04d5c60c79cc@group-B76D1F0B6CD7:LeaderElection104] INFO  server.RaftServerConfigKeys (ConfUtils.java:logGet(43)) - raft.server.watch.timeout.denomination = 1s (default)
2019-09-25 05:06:19,491 [692224c4-5202-4921-98cc-04d5c60c79cc@group-B76D1F0B6CD7:LeaderElection104] INFO  server.RaftServerConfigKeys (ConfUtils.java:logGet(43)) - raft.server.watch.element-limit = 65536 (default)
2019-09-25 05:06:19,493 [Thread-613] INFO  impl.FollowerState (FollowerState.java:run(106)) - c8798e02-7f0c-41f7-82c2-a17323bcf21e:group-CF3265719ADC changes to CANDIDATE, lastRpcTime:5135, electionTimeout:5135ms
2019-09-25 05:06:19,494 [Thread-613] INFO  impl.RoleInfo (RoleInfo.java:shutdownFollowerState(121)) - c8798e02-7f0c-41f7-82c2-a17323bcf21e: shutdown FollowerState
2019-09-25 05:06:19,494 [Thread-613] INFO  impl.RaftServerImpl (RaftServerImpl.java:setRole(174)) - c8798e02-7f0c-41f7-82c2-a17323bcf21e@group-CF3265719ADC: changes role from  FOLLOWER to CANDIDATE at term 0 for changeToCandidate
2019-09-25 05:06:19,507 [b4fa7d23-6606-45fd-9544-2b08ca3fa933@group-2B9C53276FBE-SegmentedRaftLogWorker] ERROR segmented.SegmentedRaftLogWorker (SegmentedRaftLogWorker.java:run(323)) - b4fa7d23-6606-45fd-9544-2b08ca3fa933@group-2B9C53276FBE-SegmentedRaftLogWorker hit exception
java.lang.OutOfMemoryError: Direct buffer memory
	at java.nio.Bits.reserveMemory(Bits.java:666)
	at java.nio.DirectByteBuffer.<init>(DirectByteBuffer.java:123)
	at java.nio.ByteBuffer.allocateDirect(ByteBuffer.java:311)
	at org.apache.ratis.server.raftlog.segmented.BufferedWriteChannel.<init>(BufferedWriteChannel.java:41)
	at org.apache.ratis.server.raftlog.segmented.SegmentedRaftLogOutputStream.<init>(SegmentedRaftLogOutputStream.java:72)
	at org.apache.ratis.server.raftlog.segmented.SegmentedRaftLogWorker$StartLogSegment.execute(SegmentedRaftLogWorker.java:566)
	at org.apache.ratis.server.raftlog.segmented.SegmentedRaftLogWorker.run(SegmentedRaftLogWorker.java:289)
	at java.lang.Thread.run(Thread.java:748)
2019-09-25 05:06:19,507 [b4fa7d23-6606-45fd-9544-2b08ca3fa933@group-2B9C53276FBE-SegmentedRaftLogWorker] INFO  impl.RaftServerImpl (RaftServerImpl.java:lambda$shutdown$3(251)) - b4fa7d23-6606-45fd-9544-2b08ca3fa933@group-2B9C53276FBE: shutdown
2019-09-25 05:06:19,507 [b4fa7d23-6606-45fd-9544-2b08ca3fa933@group-2B9C53276FBE-SegmentedRaftLogWorker] INFO  util.JmxRegister (JmxRegister.java:unregister(73)) - Successfully un-registered JMX Bean with object name Ratis:service=RaftServer,group=group-2B9C53276FBE,id=b4fa7d23-6606-45fd-9544-2b08ca3fa933
2019-09-25 05:06:19,508 [b4fa7d23-6606-45fd-9544-2b08ca3fa933@group-2B9C53276FBE-SegmentedRaftLogWorker] INFO  impl.RoleInfo (RoleInfo.java:shutdownLeaderState(104)) - b4fa7d23-6606-45fd-9544-2b08ca3fa933: shutdown LeaderState
2019-09-25 05:06:19,508 [b4fa7d23-6606-45fd-9544-2b08ca3fa933@group-2B9C53276FBE-SegmentedRaftLogWorker] INFO  impl.PendingRequests (PendingRequests.java:sendNotLeaderResponses(202)) - b4fa7d23-6606-45fd-9544-2b08ca3fa933-PendingRequests: sendNotLeaderResponses
2019-09-25 05:06:19,508 [b4fa7d23-6606-45fd-9544-2b08ca3fa933@group-2B9C53276FBE-SegmentedRaftLogWorker] INFO  impl.StateMachineUpdater (StateMachineUpdater.java:stopAndJoin(125)) - b4fa7d23-6606-45fd-9544-2b08ca3fa933@group-2B9C53276FBE-StateMachineUpdater: set stopIndex = -1
2019-09-25 05:06:19,509 [b4fa7d23-6606-45fd-9544-2b08ca3fa933@group-2B9C53276FBE-SegmentedRaftLogWorker] INFO  impl.RaftServerImpl (ServerState.java:close(385)) - b4fa7d23-6606-45fd-9544-2b08ca3fa933@group-2B9C53276FBE: closes. applyIndex: -1
2019-09-25 05:06:19,509 [b4fa7d23-6606-45fd-9544-2b08ca3fa933@group-2B9C53276FBE-SegmentedRaftLogWorker] INFO  segmented.SegmentedRaftLogWorker (SegmentedRaftLogWorker.java:close(228)) - b4fa7d23-6606-45fd-9544-2b08ca3fa933@group-2B9C53276FBE-SegmentedRaftLogWorker close()
2019-09-25 05:06:19,541 [Thread-613] INFO  impl.RoleInfo (RoleInfo.java:updateAndGet(143)) - c8798e02-7f0c-41f7-82c2-a17323bcf21e: start LeaderElection
2019-09-25 05:06:19,558 [c8798e02-7f0c-41f7-82c2-a17323bcf21e@group-CF3265719ADC:LeaderElection105] INFO  impl.LeaderElection (LeaderElection.java:askForVotes(182)) - c8798e02-7f0c-41f7-82c2-a17323bcf21e@group-CF3265719ADC:LeaderElection105: begin an election at term 1 for -1: [c8798e02-7f0c-41f7-82c2-a17323bcf21e:192.168.30.10:40603], old=null
2019-09-25 05:06:19,559 [c8798e02-7f0c-41f7-82c2-a17323bcf21e@group-CF3265719ADC:LeaderElection105] INFO  impl.RoleInfo (RoleInfo.java:shutdownLeaderElection(134)) - c8798e02-7f0c-41f7-82c2-a17323bcf21e: shutdown LeaderElection
2019-09-25 05:06:19,559 [c8798e02-7f0c-41f7-82c2-a17323bcf21e@group-CF3265719ADC:LeaderElection105] INFO  impl.RaftServerImpl (RaftServerImpl.java:setRole(174)) - c8798e02-7f0c-41f7-82c2-a17323bcf21e@group-CF3265719ADC: changes role from CANDIDATE to LEADER at term 1 for changeToLeader
2019-09-25 05:06:19,559 [c8798e02-7f0c-41f7-82c2-a17323bcf21e@group-CF3265719ADC:LeaderElection105] INFO  impl.RaftServerImpl (ServerState.java:setLeader(253)) - c8798e02-7f0c-41f7-82c2-a17323bcf21e@group-CF3265719ADC: change Leader from null to c8798e02-7f0c-41f7-82c2-a17323bcf21e at term 1 for becomeLeader, leader elected after 5207ms
2019-09-25 05:06:19,559 [c8798e02-7f0c-41f7-82c2-a17323bcf21e@group-CF3265719ADC:LeaderElection105] INFO  server.RaftServerConfigKeys (ConfUtils.java:logGet(43)) - raft.server.staging.catchup.gap = 1000 (default)
2019-09-25 05:06:19,559 [c8798e02-7f0c-41f7-82c2-a17323bcf21e@group-CF3265719ADC:LeaderElection105] INFO  server.RaftServerConfigKeys (ConfUtils.java:logGet(43)) - raft.server.rpc.sleep.time = 25ms (default)
2019-09-25 05:06:19,564 [56396258-65a3-478c-9482-0be0199dd49c@group-53B2AC795339-SegmentedRaftLogWorker] ERROR segmented.SegmentedRaftLogWorker (SegmentedRaftLogWorker.java:run(323)) - 56396258-65a3-478c-9482-0be0199dd49c@group-53B2AC795339-SegmentedRaftLogWorker hit exception
java.lang.OutOfMemoryError: Direct buffer memory
	at java.nio.Bits.reserveMemory(Bits.java:666)
	at java.nio.DirectByteBuffer.<init>(DirectByteBuffer.java:123)
	at java.nio.ByteBuffer.allocateDirect(ByteBuffer.java:311)
	at org.apache.ratis.server.raftlog.segmented.BufferedWriteChannel.<init>(BufferedWriteChannel.java:41)
	at org.apache.ratis.server.raftlog.segmented.SegmentedRaftLogOutputStream.<init>(SegmentedRaftLogOutputStream.java:72)
	at org.apache.ratis.server.raftlog.segmented.SegmentedRaftLogWorker$StartLogSegment.execute(SegmentedRaftLogWorker.java:566)
	at org.apache.ratis.server.raftlog.segmented.SegmentedRaftLogWorker.run(SegmentedRaftLogWorker.java:289)
	at java.lang.Thread.run(Thread.java:748)
2019-09-25 05:06:19,564 [b4fa7d23-6606-45fd-9544-2b08ca3fa933@group-D609AED0D3DE-SegmentedRaftLogWorker] ERROR segmented.SegmentedRaftLogWorker (SegmentedRaftLogWorker.java:run(323)) - b4fa7d23-6606-45fd-9544-2b08ca3fa933@group-D609AED0D3DE-SegmentedRaftLogWorker hit exception
java.lang.OutOfMemoryError: Direct buffer memory
	at java.nio.Bits.reserveMemory(Bits.java:666)
	at java.nio.DirectByteBuffer.<init>(DirectByteBuffer.java:123)
	at java.nio.ByteBuffer.allocateDirect(ByteBuffer.java:311)
	at org.apache.ratis.server.raftlog.segmented.BufferedWriteChannel.<init>(BufferedWriteChannel.java:41)
	at org.apache.ratis.server.raftlog.segmented.SegmentedRaftLogOutputStream.<init>(SegmentedRaftLogOutputStream.java:72)
	at org.apache.ratis.server.raftlog.segmented.SegmentedRaftLogWorker$StartLogSegment.execute(SegmentedRaftLogWorker.java:566)
	at org.apache.ratis.server.raftlog.segmented.SegmentedRaftLogWorker.run(SegmentedRaftLogWorker.java:289)
	at java.lang.Thread.run(Thread.java:748)
2019-09-25 05:06:19,565 [b4fa7d23-6606-45fd-9544-2b08ca3fa933@group-D609AED0D3DE-SegmentedRaftLogWorker] INFO  impl.RaftServerImpl (RaftServerImpl.java:lambda$shutdown$3(251)) - b4fa7d23-6606-45fd-9544-2b08ca3fa933@group-D609AED0D3DE: shutdown
2019-09-25 05:06:19,564 [56396258-65a3-478c-9482-0be0199dd49c@group-53B2AC795339-SegmentedRaftLogWorker] INFO  impl.RaftServerImpl (RaftServerImpl.java:lambda$shutdown$3(251)) - 56396258-65a3-478c-9482-0be0199dd49c@group-53B2AC795339: shutdown
2019-09-25 05:06:19,565 [b4fa7d23-6606-45fd-9544-2b08ca3fa933@group-D609AED0D3DE-SegmentedRaftLogWorker] INFO  util.JmxRegister (JmxRegister.java:unregister(73)) - Successfully un-registered JMX Bean with object name Ratis:service=RaftServer,group=group-D609AED0D3DE,id=b4fa7d23-6606-45fd-9544-2b08ca3fa933
2019-09-25 05:06:19,565 [56396258-65a3-478c-9482-0be0199dd49c@group-53B2AC795339-SegmentedRaftLogWorker] INFO  util.JmxRegister (JmxRegister.java:unregister(73)) - Successfully un-registered JMX Bean with object name Ratis:service=RaftServer,group=group-53B2AC795339,id=56396258-65a3-478c-9482-0be0199dd49c
2019-09-25 05:06:19,565 [b4fa7d23-6606-45fd-9544-2b08ca3fa933@group-D609AED0D3DE-SegmentedRaftLogWorker] INFO  impl.RoleInfo (RoleInfo.java:shutdownLeaderState(104)) - b4fa7d23-6606-45fd-9544-2b08ca3fa933: shutdown LeaderState
2019-09-25 05:06:19,565 [56396258-65a3-478c-9482-0be0199dd49c@group-53B2AC795339-SegmentedRaftLogWorker] INFO  impl.RoleInfo (RoleInfo.java:shutdownLeaderState(104)) - 56396258-65a3-478c-9482-0be0199dd49c: shutdown LeaderState
2019-09-25 05:06:19,566 [b4fa7d23-6606-45fd-9544-2b08ca3fa933@group-D609AED0D3DE-SegmentedRaftLogWorker] INFO  impl.PendingRequests (PendingRequests.java:sendNotLeaderResponses(202)) - b4fa7d23-6606-45fd-9544-2b08ca3fa933-PendingRequests: sendNotLeaderResponses
2019-09-25 05:06:19,566 [56396258-65a3-478c-9482-0be0199dd49c@group-53B2AC795339-SegmentedRaftLogWorker] INFO  impl.PendingRequests (PendingRequests.java:sendNotLeaderResponses(202)) - 56396258-65a3-478c-9482-0be0199dd49c-PendingRequests: sendNotLeaderResponses
2019-09-25 05:06:19,566 [b4fa7d23-6606-45fd-9544-2b08ca3fa933@group-D609AED0D3DE-SegmentedRaftLogWorker] INFO  impl.StateMachineUpdater (StateMachineUpdater.java:stopAndJoin(125)) - b4fa7d23-6606-45fd-9544-2b08ca3fa933@group-D609AED0D3DE-StateMachineUpdater: set stopIndex = -1
2019-09-25 05:06:19,566 [56396258-65a3-478c-9482-0be0199dd49c@group-53B2AC795339-SegmentedRaftLogWorker] INFO  impl.StateMachineUpdater (StateMachineUpdater.java:stopAndJoin(125)) - 56396258-65a3-478c-9482-0be0199dd49c@group-53B2AC795339-StateMachineUpdater: set stopIndex = -1
2019-09-25 05:06:19,566 [56396258-65a3-478c-9482-0be0199dd49c@group-53B2AC795339-SegmentedRaftLogWorker] INFO  impl.RaftServerImpl (ServerState.java:close(385)) - 56396258-65a3-478c-9482-0be0199dd49c@group-53B2AC795339: closes. applyIndex: -1
2019-09-25 05:06:19,566 [b4fa7d23-6606-45fd-9544-2b08ca3fa933@group-D609AED0D3DE-SegmentedRaftLogWorker] INFO  impl.RaftServerImpl (ServerState.java:close(385)) - b4fa7d23-6606-45fd-9544-2b08ca3fa933@group-D609AED0D3DE: closes. applyIndex: -1
2019-09-25 05:06:19,567 [56396258-65a3-478c-9482-0be0199dd49c@group-53B2AC795339-SegmentedRaftLogWorker] INFO  segmented.SegmentedRaftLogWorker (SegmentedRaftLogWorker.java:close(228)) - 56396258-65a3-478c-9482-0be0199dd49c@group-53B2AC795339-SegmentedRaftLogWorker close()
2019-09-25 05:06:19,567 [b4fa7d23-6606-45fd-9544-2b08ca3fa933@group-D609AED0D3DE-SegmentedRaftLogWorker] INFO  segmented.SegmentedRaftLogWorker (SegmentedRaftLogWorker.java:close(228)) - b4fa7d23-6606-45fd-9544-2b08ca3fa933@group-D609AED0D3DE-SegmentedRaftLogWorker close()
2019-09-25 05:06:19,602 [c8798e02-7f0c-41f7-82c2-a17323bcf21e@group-CF3265719ADC:LeaderElection105] INFO  server.RaftServerConfigKeys (ConfUtils.java:logGet(43)) - raft.server.write.element-limit = 4096 (default)
2019-09-25 05:06:19,602 [Thread-618] INFO  impl.FollowerState (FollowerState.java:run(106)) - de37f7a0-0375-40a9-a318-404478482fcb:group-E3167D8B2B86 changes to CANDIDATE, lastRpcTime:5155, electionTimeout:5152ms
2019-09-25 05:06:19,606 [c8798e02-7f0c-41f7-82c2-a17323bcf21e@group-CF3265719ADC:LeaderElection105] INFO  server.RaftServerConfigKeys (ConfUtils.java:logGet(43)) - raft.server.watch.timeout = 10s (default)
2019-09-25 05:06:19,606 [c8798e02-7f0c-41f7-82c2-a17323bcf21e@group-CF3265719ADC:LeaderElection105] INFO  server.RaftServerConfigKeys (ConfUtils.java:logGet(43)) - raft.server.watch.timeout.denomination = 1s (default)
2019-09-25 05:06:19,606 [Thread-618] INFO  impl.RoleInfo (RoleInfo.java:shutdownFollowerState(121)) - de37f7a0-0375-40a9-a318-404478482fcb: shutdown FollowerState
2019-09-25 05:06:19,607 [c8798e02-7f0c-41f7-82c2-a17323bcf21e@group-CF3265719ADC:LeaderElection105] INFO  server.RaftServerConfigKeys (ConfUtils.java:logGet(43)) - raft.server.watch.element-limit = 65536 (default)
2019-09-25 05:06:19,607 [Thread-618] INFO  impl.RaftServerImpl (RaftServerImpl.java:setRole(174)) - de37f7a0-0375-40a9-a318-404478482fcb@group-E3167D8B2B86: changes role from  FOLLOWER to CANDIDATE at term 0 for changeToCandidate
2019-09-25 05:06:19,607 [Thread-618] INFO  impl.RoleInfo (RoleInfo.java:updateAndGet(143)) - de37f7a0-0375-40a9-a318-404478482fcb: start LeaderElection
2019-09-25 05:06:19,614 [692224c4-5202-4921-98cc-04d5c60c79cc@group-1DA465D771D0-SegmentedRaftLogWorker] ERROR segmented.SegmentedRaftLogWorker (SegmentedRaftLogWorker.java:run(323)) - 692224c4-5202-4921-98cc-04d5c60c79cc@group-1DA465D771D0-SegmentedRaftLogWorker hit exception
java.lang.OutOfMemoryError: Direct buffer memory
	at java.nio.Bits.reserveMemory(Bits.java:666)
	at java.nio.DirectByteBuffer.<init>(DirectByteBuffer.java:123)
	at java.nio.ByteBuffer.allocateDirect(ByteBuffer.java:311)
	at org.apache.ratis.server.raftlog.segmented.BufferedWriteChannel.<init>(BufferedWriteChannel.java:41)
	at org.apache.ratis.server.raftlog.segmented.SegmentedRaftLogOutputStream.<init>(SegmentedRaftLogOutputStream.java:72)
	at org.apache.ratis.server.raftlog.segmented.SegmentedRaftLogWorker$StartLogSegment.execute(SegmentedRaftLogWorker.java:566)
	at org.apache.ratis.server.raftlog.segmented.SegmentedRaftLogWorker.run(SegmentedRaftLogWorker.java:289)
	at java.lang.Thread.run(Thread.java:748)
2019-09-25 05:06:19,615 [692224c4-5202-4921-98cc-04d5c60c79cc@group-1DA465D771D0-SegmentedRaftLogWorker] INFO  impl.RaftServerImpl (RaftServerImpl.java:lambda$shutdown$3(251)) - 692224c4-5202-4921-98cc-04d5c60c79cc@group-1DA465D771D0: shutdown
2019-09-25 05:06:19,615 [692224c4-5202-4921-98cc-04d5c60c79cc@group-1DA465D771D0-SegmentedRaftLogWorker] INFO  util.JmxRegister (JmxRegister.java:unregister(73)) - Successfully un-registered JMX Bean with object name Ratis:service=RaftServer,group=group-1DA465D771D0,id=692224c4-5202-4921-98cc-04d5c60c79cc
2019-09-25 05:06:19,615 [692224c4-5202-4921-98cc-04d5c60c79cc@group-1DA465D771D0-SegmentedRaftLogWorker] INFO  impl.RoleInfo (RoleInfo.java:shutdownLeaderState(104)) - 692224c4-5202-4921-98cc-04d5c60c79cc: shutdown LeaderState
2019-09-25 05:06:19,616 [692224c4-5202-4921-98cc-04d5c60c79cc@group-1DA465D771D0-SegmentedRaftLogWorker] INFO  impl.PendingRequests (PendingRequests.java:sendNotLeaderResponses(202)) - 692224c4-5202-4921-98cc-04d5c60c79cc-PendingRequests: sendNotLeaderResponses
2019-09-25 05:06:19,616 [692224c4-5202-4921-98cc-04d5c60c79cc@group-1DA465D771D0-SegmentedRaftLogWorker] INFO  impl.StateMachineUpdater (StateMachineUpdater.java:stopAndJoin(125)) - 692224c4-5202-4921-98cc-04d5c60c79cc@group-1DA465D771D0-StateMachineUpdater: set stopIndex = -1
2019-09-25 05:06:19,617 [692224c4-5202-4921-98cc-04d5c60c79cc@group-1DA465D771D0-SegmentedRaftLogWorker] INFO  impl.RaftServerImpl (ServerState.java:close(385)) - 692224c4-5202-4921-98cc-04d5c60c79cc@group-1DA465D771D0: closes. applyIndex: -1
2019-09-25 05:06:19,617 [692224c4-5202-4921-98cc-04d5c60c79cc@group-1DA465D771D0-SegmentedRaftLogWorker] INFO  segmented.SegmentedRaftLogWorker (SegmentedRaftLogWorker.java:close(228)) - 692224c4-5202-4921-98cc-04d5c60c79cc@group-1DA465D771D0-SegmentedRaftLogWorker close()
2019-09-25 05:06:19,621 [b4fa7d23-6606-45fd-9544-2b08ca3fa933@group-0A9B9BA38ADE-SegmentedRaftLogWorker] ERROR segmented.SegmentedRaftLogWorker (SegmentedRaftLogWorker.java:run(323)) - b4fa7d23-6606-45fd-9544-2b08ca3fa933@group-0A9B9BA38ADE-SegmentedRaftLogWorker hit exception
java.lang.OutOfMemoryError: Direct buffer memory
	at java.nio.Bits.reserveMemory(Bits.java:666)
	at java.nio.DirectByteBuffer.<init>(DirectByteBuffer.java:123)
	at java.nio.ByteBuffer.allocateDirect(ByteBuffer.java:311)
	at org.apache.ratis.server.raftlog.segmented.BufferedWriteChannel.<init>(BufferedWriteChannel.java:41)
	at org.apache.ratis.server.raftlog.segmented.SegmentedRaftLogOutputStream.<init>(SegmentedRaftLogOutputStream.java:72)
	at org.apache.ratis.server.raftlog.segmented.SegmentedRaftLogWorker$StartLogSegment.execute(SegmentedRaftLogWorker.java:566)
	at org.apache.ratis.server.raftlog.segmented.SegmentedRaftLogWorker.run(SegmentedRaftLogWorker.java:289)
	at java.lang.Thread.run(Thread.java:748)
2019-09-25 05:06:19,622 [b4fa7d23-6606-45fd-9544-2b08ca3fa933@group-0A9B9BA38ADE-SegmentedRaftLogWorker] INFO  impl.RaftServerImpl (RaftServerImpl.java:lambda$shutdown$3(251)) - b4fa7d23-6606-45fd-9544-2b08ca3fa933@group-0A9B9BA38ADE: shutdown
2019-09-25 05:06:19,622 [b4fa7d23-6606-45fd-9544-2b08ca3fa933@group-0A9B9BA38ADE-SegmentedRaftLogWorker] INFO  util.JmxRegister (JmxRegister.java:unregister(73)) - Successfully un-registered JMX Bean with object name Ratis:service=RaftServer,group=group-0A9B9BA38ADE,id=b4fa7d23-6606-45fd-9544-2b08ca3fa933
2019-09-25 05:06:19,622 [b4fa7d23-6606-45fd-9544-2b08ca3fa933@group-0A9B9BA38ADE-SegmentedRaftLogWorker] INFO  impl.RoleInfo (RoleInfo.java:shutdownLeaderState(104)) - b4fa7d23-6606-45fd-9544-2b08ca3fa933: shutdown LeaderState
2019-09-25 05:06:19,622 [b4fa7d23-6606-45fd-9544-2b08ca3fa933@group-0A9B9BA38ADE-SegmentedRaftLogWorker] INFO  impl.PendingRequests (PendingRequests.java:sendNotLeaderResponses(202)) - b4fa7d23-6606-45fd-9544-2b08ca3fa933-PendingRequests: sendNotLeaderResponses
2019-09-25 05:06:19,622 [b4fa7d23-6606-45fd-9544-2b08ca3fa933@group-0A9B9BA38ADE-SegmentedRaftLogWorker] INFO  impl.StateMachineUpdater (StateMachineUpdater.java:stopAndJoin(125)) - b4fa7d23-6606-45fd-9544-2b08ca3fa933@group-0A9B9BA38ADE-StateMachineUpdater: set stopIndex = -1
2019-09-25 05:06:19,622 [b4fa7d23-6606-45fd-9544-2b08ca3fa933@group-0A9B9BA38ADE-SegmentedRaftLogWorker] INFO  impl.RaftServerImpl (ServerState.java:close(385)) - b4fa7d23-6606-45fd-9544-2b08ca3fa933@group-0A9B9BA38ADE: closes. applyIndex: -1
2019-09-25 05:06:19,623 [b4fa7d23-6606-45fd-9544-2b08ca3fa933@group-0A9B9BA38ADE-SegmentedRaftLogWorker] INFO  segmented.SegmentedRaftLogWorker (SegmentedRaftLogWorker.java:close(228)) - b4fa7d23-6606-45fd-9544-2b08ca3fa933@group-0A9B9BA38ADE-SegmentedRaftLogWorker close()
2019-09-25 05:06:19,625 [de37f7a0-0375-40a9-a318-404478482fcb@group-E3167D8B2B86:LeaderElection106] INFO  impl.LeaderElection (LeaderElection.java:askForVotes(182)) - de37f7a0-0375-40a9-a318-404478482fcb@group-E3167D8B2B86:LeaderElection106: begin an election at term 1 for -1: [de37f7a0-0375-40a9-a318-404478482fcb:192.168.30.10:44522], old=null
2019-09-25 05:06:19,625 [de37f7a0-0375-40a9-a318-404478482fcb@group-E3167D8B2B86:LeaderElection106] INFO  impl.RoleInfo (RoleInfo.java:shutdownLeaderElection(134)) - de37f7a0-0375-40a9-a318-404478482fcb: shutdown LeaderElection
2019-09-25 05:06:19,626 [de37f7a0-0375-40a9-a318-404478482fcb@group-E3167D8B2B86:LeaderElection106] INFO  impl.RaftServerImpl (RaftServerImpl.java:setRole(174)) - de37f7a0-0375-40a9-a318-404478482fcb@group-E3167D8B2B86: changes role from CANDIDATE to LEADER at term 1 for changeToLeader
2019-09-25 05:06:19,626 [de37f7a0-0375-40a9-a318-404478482fcb@group-E3167D8B2B86:LeaderElection106] INFO  impl.RaftServerImpl (ServerState.java:setLeader(253)) - de37f7a0-0375-40a9-a318-404478482fcb@group-E3167D8B2B86: change Leader from null to de37f7a0-0375-40a9-a318-404478482fcb at term 1 for becomeLeader, leader elected after 5228ms
2019-09-25 05:06:19,626 [de37f7a0-0375-40a9-a318-404478482fcb@group-E3167D8B2B86:LeaderElection106] INFO  server.RaftServerConfigKeys (ConfUtils.java:logGet(43)) - raft.server.staging.catchup.gap = 1000 (default)
2019-09-25 05:06:19,626 [de37f7a0-0375-40a9-a318-404478482fcb@group-E3167D8B2B86:LeaderElection106] INFO  server.RaftServerConfigKeys (ConfUtils.java:logGet(43)) - raft.server.rpc.sleep.time = 25ms (default)
2019-09-25 05:06:19,627 [36ac27b3-2f11-437d-8f1f-165306b0ff4a@group-F3CD325C6D07-SegmentedRaftLogWorker] ERROR segmented.SegmentedRaftLogWorker (SegmentedRaftLogWorker.java:run(323)) - 36ac27b3-2f11-437d-8f1f-165306b0ff4a@group-F3CD325C6D07-SegmentedRaftLogWorker hit exception
java.lang.OutOfMemoryError: Direct buffer memory
	at java.nio.Bits.reserveMemory(Bits.java:666)
	at java.nio.DirectByteBuffer.<init>(DirectByteBuffer.java:123)
	at java.nio.ByteBuffer.allocateDirect(ByteBuffer.java:311)
	at org.apache.ratis.server.raftlog.segmented.BufferedWriteChannel.<init>(BufferedWriteChannel.java:41)
	at org.apache.ratis.server.raftlog.segmented.SegmentedRaftLogOutputStream.<init>(SegmentedRaftLogOutputStream.java:72)
	at org.apache.ratis.server.raftlog.segmented.SegmentedRaftLogWorker$StartLogSegment.execute(SegmentedRaftLogWorker.java:566)
	at org.apache.ratis.server.raftlog.segmented.SegmentedRaftLogWorker.run(SegmentedRaftLogWorker.java:289)
	at java.lang.Thread.run(Thread.java:748)
2019-09-25 05:06:19,627 [36ac27b3-2f11-437d-8f1f-165306b0ff4a@group-F3CD325C6D07-SegmentedRaftLogWorker] INFO  impl.RaftServerImpl (RaftServerImpl.java:lambda$shutdown$3(251)) - 36ac27b3-2f11-437d-8f1f-165306b0ff4a@group-F3CD325C6D07: shutdown
2019-09-25 05:06:19,628 [36ac27b3-2f11-437d-8f1f-165306b0ff4a@group-F3CD325C6D07-SegmentedRaftLogWorker] INFO  util.JmxRegister (JmxRegister.java:unregister(73)) - Successfully un-registered JMX Bean with object name Ratis:service=RaftServer,group=group-F3CD325C6D07,id=36ac27b3-2f11-437d-8f1f-165306b0ff4a
2019-09-25 05:06:19,628 [36ac27b3-2f11-437d-8f1f-165306b0ff4a@group-F3CD325C6D07-SegmentedRaftLogWorker] INFO  impl.RoleInfo (RoleInfo.java:shutdownLeaderState(104)) - 36ac27b3-2f11-437d-8f1f-165306b0ff4a: shutdown LeaderState
2019-09-25 05:06:19,628 [36ac27b3-2f11-437d-8f1f-165306b0ff4a@group-F3CD325C6D07-SegmentedRaftLogWorker] INFO  impl.PendingRequests (PendingRequests.java:sendNotLeaderResponses(202)) - 36ac27b3-2f11-437d-8f1f-165306b0ff4a-PendingRequests: sendNotLeaderResponses
2019-09-25 05:06:19,628 [36ac27b3-2f11-437d-8f1f-165306b0ff4a@group-F3CD325C6D07-SegmentedRaftLogWorker] INFO  impl.StateMachineUpdater (StateMachineUpdater.java:stopAndJoin(125)) - 36ac27b3-2f11-437d-8f1f-165306b0ff4a@group-F3CD325C6D07-StateMachineUpdater: set stopIndex = -1
2019-09-25 05:06:19,628 [36ac27b3-2f11-437d-8f1f-165306b0ff4a@group-F3CD325C6D07-SegmentedRaftLogWorker] INFO  impl.RaftServerImpl (ServerState.java:close(385)) - 36ac27b3-2f11-437d-8f1f-165306b0ff4a@group-F3CD325C6D07: closes. applyIndex: -1
2019-09-25 05:06:19,629 [36ac27b3-2f11-437d-8f1f-165306b0ff4a@group-F3CD325C6D07-SegmentedRaftLogWorker] INFO  segmented.SegmentedRaftLogWorker (SegmentedRaftLogWorker.java:close(228)) - 36ac27b3-2f11-437d-8f1f-165306b0ff4a@group-F3CD325C6D07-SegmentedRaftLogWorker close()
2019-09-25 05:06:19,648 [Thread-631] INFO  impl.FollowerState (FollowerState.java:run(106)) - 692224c4-5202-4921-98cc-04d5c60c79cc:group-92384AFA5BB1 changes to CANDIDATE, lastRpcTime:5002, electionTimeout:5002ms
2019-09-25 05:06:19,648 [Thread-631] INFO  impl.RoleInfo (RoleInfo.java:shutdownFollowerState(121)) - 692224c4-5202-4921-98cc-04d5c60c79cc: shutdown FollowerState
2019-09-25 05:06:19,648 [Thread-631] INFO  impl.RaftServerImpl (RaftServerImpl.java:setRole(174)) - 692224c4-5202-4921-98cc-04d5c60c79cc@group-92384AFA5BB1: changes role from  FOLLOWER to CANDIDATE at term 0 for changeToCandidate
2019-09-25 05:06:19,669 [Thread-625] INFO  impl.FollowerState (FollowerState.java:run(106)) - f77bfc29-6991-4b1d-a503-f706c83de4fc:group-9013CD353F35 changes to CANDIDATE, lastRpcTime:5136, electionTimeout:5136ms
2019-09-25 05:06:19,669 [Thread-625] INFO  impl.RoleInfo (RoleInfo.java:shutdownFollowerState(121)) - f77bfc29-6991-4b1d-a503-f706c83de4fc: shutdown FollowerState
2019-09-25 05:06:19,669 [Thread-625] INFO  impl.RaftServerImpl (RaftServerImpl.java:setRole(174)) - f77bfc29-6991-4b1d-a503-f706c83de4fc@group-9013CD353F35: changes role from  FOLLOWER to CANDIDATE at term 0 for changeToCandidate
2019-09-25 05:06:19,671 [Thread-625] INFO  impl.RoleInfo (RoleInfo.java:updateAndGet(143)) - f77bfc29-6991-4b1d-a503-f706c83de4fc: start LeaderElection
2019-09-25 05:06:19,671 [Thread-631] INFO  impl.RoleInfo (RoleInfo.java:updateAndGet(143)) - 692224c4-5202-4921-98cc-04d5c60c79cc: start LeaderElection
2019-09-25 05:06:19,672 [de37f7a0-0375-40a9-a318-404478482fcb@group-E3167D8B2B86:LeaderElection106] INFO  server.RaftServerConfigKeys (ConfUtils.java:logGet(43)) - raft.server.write.element-limit = 4096 (default)
2019-09-25 05:06:19,679 [de37f7a0-0375-40a9-a318-404478482fcb@group-E3167D8B2B86:LeaderElection106] INFO  server.RaftServerConfigKeys (ConfUtils.java:logGet(43)) - raft.server.watch.timeout = 10s (default)
2019-09-25 05:06:19,679 [de37f7a0-0375-40a9-a318-404478482fcb@group-E3167D8B2B86:LeaderElection106] INFO  server.RaftServerConfigKeys (ConfUtils.java:logGet(43)) - raft.server.watch.timeout.denomination = 1s (default)
2019-09-25 05:06:19,679 [de37f7a0-0375-40a9-a318-404478482fcb@group-E3167D8B2B86:LeaderElection106] INFO  server.RaftServerConfigKeys (ConfUtils.java:logGet(43)) - raft.server.watch.element-limit = 65536 (default)
2019-09-25 05:06:19,679 [Thread-621] INFO  impl.FollowerState (FollowerState.java:run(106)) - de37f7a0-0375-40a9-a318-404478482fcb:group-20CAD8A90CD6 changes to CANDIDATE, lastRpcTime:5188, electionTimeout:5186ms
2019-09-25 05:06:19,698 [Thread-621] INFO  impl.RoleInfo (RoleInfo.java:shutdownFollowerState(121)) - de37f7a0-0375-40a9-a318-404478482fcb: shutdown FollowerState
2019-09-25 05:06:19,698 [Thread-621] INFO  impl.RaftServerImpl (RaftServerImpl.java:setRole(174)) - de37f7a0-0375-40a9-a318-404478482fcb@group-20CAD8A90CD6: changes role from  FOLLOWER to CANDIDATE at term 0 for changeToCandidate
2019-09-25 05:06:19,698 [Thread-621] INFO  impl.RoleInfo (RoleInfo.java:updateAndGet(143)) - de37f7a0-0375-40a9-a318-404478482fcb: start LeaderElection
2019-09-25 05:06:19,737 [692224c4-5202-4921-98cc-04d5c60c79cc@group-92384AFA5BB1:LeaderElection107] INFO  impl.LeaderElection (LeaderElection.java:askForVotes(182)) - 692224c4-5202-4921-98cc-04d5c60c79cc@group-92384AFA5BB1:LeaderElection107: begin an election at term 1 for -1: [692224c4-5202-4921-98cc-04d5c60c79cc:192.168.30.10:38144], old=null
2019-09-25 05:06:19,753 [f77bfc29-6991-4b1d-a503-f706c83de4fc@group-9013CD353F35:LeaderElection108] INFO  impl.LeaderElection (LeaderElection.java:askForVotes(182)) - f77bfc29-6991-4b1d-a503-f706c83de4fc@group-9013CD353F35:LeaderElection108: begin an election at term 1 for -1: [f77bfc29-6991-4b1d-a503-f706c83de4fc:192.168.30.10:35112], old=null
2019-09-25 05:06:19,811 [f77bfc29-6991-4b1d-a503-f706c83de4fc@group-9013CD353F35:LeaderElection108] INFO  impl.RoleInfo (RoleInfo.java:shutdownLeaderElection(134)) - f77bfc29-6991-4b1d-a503-f706c83de4fc: shutdown LeaderElection
2019-09-25 05:06:19,756 [de37f7a0-0375-40a9-a318-404478482fcb@group-20CAD8A90CD6:LeaderElection109] INFO  impl.LeaderElection (LeaderElection.java:askForVotes(182)) - de37f7a0-0375-40a9-a318-404478482fcb@group-20CAD8A90CD6:LeaderElection109: begin an election at term 1 for -1: [de37f7a0-0375-40a9-a318-404478482fcb:192.168.30.10:44522], old=null
2019-09-25 05:06:19,811 [f77bfc29-6991-4b1d-a503-f706c83de4fc@group-9013CD353F35:LeaderElection108] INFO  impl.RaftServerImpl (RaftServerImpl.java:setRole(174)) - f77bfc29-6991-4b1d-a503-f706c83de4fc@group-9013CD353F35: changes role from CANDIDATE to LEADER at term 1 for changeToLeader
2019-09-25 05:06:19,811 [692224c4-5202-4921-98cc-04d5c60c79cc@group-92384AFA5BB1:LeaderElection107] INFO  impl.RoleInfo (RoleInfo.java:shutdownLeaderElection(134)) - 692224c4-5202-4921-98cc-04d5c60c79cc: shutdown LeaderElection
2019-09-25 05:06:19,812 [f77bfc29-6991-4b1d-a503-f706c83de4fc@group-9013CD353F35:LeaderElection108] INFO  impl.RaftServerImpl (ServerState.java:setLeader(253)) - f77bfc29-6991-4b1d-a503-f706c83de4fc@group-9013CD353F35: change Leader from null to f77bfc29-6991-4b1d-a503-f706c83de4fc at term 1 for becomeLeader, leader elected after 5288ms
2019-09-25 05:06:19,811 [de37f7a0-0375-40a9-a318-404478482fcb@group-20CAD8A90CD6:LeaderElection109] INFO  impl.RoleInfo (RoleInfo.java:shutdownLeaderElection(134)) - de37f7a0-0375-40a9-a318-404478482fcb: shutdown LeaderElection
2019-09-25 05:06:19,812 [f77bfc29-6991-4b1d-a503-f706c83de4fc@group-9013CD353F35:LeaderElection108] INFO  server.RaftServerConfigKeys (ConfUtils.java:logGet(43)) - raft.server.staging.catchup.gap = 1000 (default)
2019-09-25 05:06:19,812 [692224c4-5202-4921-98cc-04d5c60c79cc@group-92384AFA5BB1:LeaderElection107] INFO  impl.RaftServerImpl (RaftServerImpl.java:setRole(174)) - 692224c4-5202-4921-98cc-04d5c60c79cc@group-92384AFA5BB1: changes role from CANDIDATE to LEADER at term 1 for changeToLeader
2019-09-25 05:06:19,812 [f77bfc29-6991-4b1d-a503-f706c83de4fc@group-9013CD353F35:LeaderElection108] INFO  server.RaftServerConfigKeys (ConfUtils.java:logGet(43)) - raft.server.rpc.sleep.time = 25ms (default)
2019-09-25 05:06:19,812 [de37f7a0-0375-40a9-a318-404478482fcb@group-20CAD8A90CD6:LeaderElection109] INFO  impl.RaftServerImpl (RaftServerImpl.java:setRole(174)) - de37f7a0-0375-40a9-a318-404478482fcb@group-20CAD8A90CD6: changes role from CANDIDATE to LEADER at term 1 for changeToLeader
2019-09-25 05:06:19,812 [f77bfc29-6991-4b1d-a503-f706c83de4fc@group-9013CD353F35:LeaderElection108] INFO  server.RaftServerConfigKeys (ConfUtils.java:logGet(43)) - raft.server.write.element-limit = 4096 (default)
2019-09-25 05:06:19,812 [692224c4-5202-4921-98cc-04d5c60c79cc@group-92384AFA5BB1:LeaderElection107] INFO  impl.RaftServerImpl (ServerState.java:setLeader(253)) - 692224c4-5202-4921-98cc-04d5c60c79cc@group-92384AFA5BB1: change Leader from null to 692224c4-5202-4921-98cc-04d5c60c79cc at term 1 for becomeLeader, leader elected after 5174ms
2019-09-25 05:06:19,813 [f77bfc29-6991-4b1d-a503-f706c83de4fc@group-9013CD353F35:LeaderElection108] INFO  server.RaftServerConfigKeys (ConfUtils.java:logGet(43)) - raft.server.watch.timeout = 10s (default)
2019-09-25 05:06:19,813 [f77bfc29-6991-4b1d-a503-f706c83de4fc@group-9013CD353F35:LeaderElection108] INFO  server.RaftServerConfigKeys (ConfUtils.java:logGet(43)) - raft.server.watch.timeout.denomination = 1s (default)
2019-09-25 05:06:19,813 [de37f7a0-0375-40a9-a318-404478482fcb@group-20CAD8A90CD6:LeaderElection109] INFO  impl.RaftServerImpl (ServerState.java:setLeader(253)) - de37f7a0-0375-40a9-a318-404478482fcb@group-20CAD8A90CD6: change Leader from null to de37f7a0-0375-40a9-a318-404478482fcb at term 1 for becomeLeader, leader elected after 5328ms
2019-09-25 05:06:19,813 [f77bfc29-6991-4b1d-a503-f706c83de4fc@group-9013CD353F35:LeaderElection108] INFO  server.RaftServerConfigKeys (ConfUtils.java:logGet(43)) - raft.server.watch.element-limit = 65536 (default)
2019-09-25 05:06:19,813 [692224c4-5202-4921-98cc-04d5c60c79cc@group-92384AFA5BB1:LeaderElection107] INFO  server.RaftServerConfigKeys (ConfUtils.java:logGet(43)) - raft.server.staging.catchup.gap = 1000 (default)
2019-09-25 05:06:19,813 [de37f7a0-0375-40a9-a318-404478482fcb@group-20CAD8A90CD6:LeaderElection109] INFO  server.RaftServerConfigKeys (ConfUtils.java:logGet(43)) - raft.server.staging.catchup.gap = 1000 (default)
2019-09-25 05:06:19,813 [692224c4-5202-4921-98cc-04d5c60c79cc@group-92384AFA5BB1:LeaderElection107] INFO  server.RaftServerConfigKeys (ConfUtils.java:logGet(43)) - raft.server.rpc.sleep.time = 25ms (default)
2019-09-25 05:06:19,814 [de37f7a0-0375-40a9-a318-404478482fcb@group-20CAD8A90CD6:LeaderElection109] INFO  server.RaftServerConfigKeys (ConfUtils.java:logGet(43)) - raft.server.rpc.sleep.time = 25ms (default)
2019-09-25 05:06:19,814 [692224c4-5202-4921-98cc-04d5c60c79cc@group-92384AFA5BB1:LeaderElection107] INFO  server.RaftServerConfigKeys (ConfUtils.java:logGet(43)) - raft.server.write.element-limit = 4096 (default)
2019-09-25 05:06:19,814 [de37f7a0-0375-40a9-a318-404478482fcb@group-20CAD8A90CD6:LeaderElection109] INFO  server.RaftServerConfigKeys (ConfUtils.java:logGet(43)) - raft.server.write.element-limit = 4096 (default)
2019-09-25 05:06:19,814 [692224c4-5202-4921-98cc-04d5c60c79cc@group-92384AFA5BB1:LeaderElection107] INFO  server.RaftServerConfigKeys (ConfUtils.java:logGet(43)) - raft.server.watch.timeout = 10s (default)
2019-09-25 05:06:19,814 [de37f7a0-0375-40a9-a318-404478482fcb@group-20CAD8A90CD6:LeaderElection109] INFO  server.RaftServerConfigKeys (ConfUtils.java:logGet(43)) - raft.server.watch.timeout = 10s (default)
2019-09-25 05:06:19,814 [692224c4-5202-4921-98cc-04d5c60c79cc@group-92384AFA5BB1:LeaderElection107] INFO  server.RaftServerConfigKeys (ConfUtils.java:logGet(43)) - raft.server.watch.timeout.denomination = 1s (default)
2019-09-25 05:06:19,814 [de37f7a0-0375-40a9-a318-404478482fcb@group-20CAD8A90CD6:LeaderElection109] INFO  server.RaftServerConfigKeys (ConfUtils.java:logGet(43)) - raft.server.watch.timeout.denomination = 1s (default)
2019-09-25 05:06:19,814 [692224c4-5202-4921-98cc-04d5c60c79cc@group-92384AFA5BB1:LeaderElection107] INFO  server.RaftServerConfigKeys (ConfUtils.java:logGet(43)) - raft.server.watch.element-limit = 65536 (default)
2019-09-25 05:06:19,815 [de37f7a0-0375-40a9-a318-404478482fcb@group-20CAD8A90CD6:LeaderElection109] INFO  server.RaftServerConfigKeys (ConfUtils.java:logGet(43)) - raft.server.watch.element-limit = 65536 (default)
2019-09-25 05:06:19,820 [Thread-634] INFO  impl.FollowerState (FollowerState.java:run(106)) - b4fa7d23-6606-45fd-9544-2b08ca3fa933:group-6413F98F8F54 changes to CANDIDATE, lastRpcTime:5135, electionTimeout:5135ms
2019-09-25 05:06:19,820 [Thread-634] INFO  impl.RoleInfo (RoleInfo.java:shutdownFollowerState(121)) - b4fa7d23-6606-45fd-9544-2b08ca3fa933: shutdown FollowerState
2019-09-25 05:06:19,820 [Thread-634] INFO  impl.RaftServerImpl (RaftServerImpl.java:setRole(174)) - b4fa7d23-6606-45fd-9544-2b08ca3fa933@group-6413F98F8F54: changes role from  FOLLOWER to CANDIDATE at term 0 for changeToCandidate
2019-09-25 05:06:19,820 [Thread-634] INFO  impl.RoleInfo (RoleInfo.java:updateAndGet(143)) - b4fa7d23-6606-45fd-9544-2b08ca3fa933: start LeaderElection
2019-09-25 05:06:19,844 [b4fa7d23-6606-45fd-9544-2b08ca3fa933@group-6413F98F8F54:LeaderElection110] INFO  impl.LeaderElection (LeaderElection.java:askForVotes(182)) - b4fa7d23-6606-45fd-9544-2b08ca3fa933@group-6413F98F8F54:LeaderElection110: begin an election at term 1 for -1: [b4fa7d23-6606-45fd-9544-2b08ca3fa933:192.168.30.10:34493], old=null
2019-09-25 05:06:19,844 [b4fa7d23-6606-45fd-9544-2b08ca3fa933@group-6413F98F8F54:LeaderElection110] INFO  impl.RoleInfo (RoleInfo.java:shutdownLeaderElection(134)) - b4fa7d23-6606-45fd-9544-2b08ca3fa933: shutdown LeaderElection
2019-09-25 05:06:19,844 [b4fa7d23-6606-45fd-9544-2b08ca3fa933@group-6413F98F8F54:LeaderElection110] INFO  impl.RaftServerImpl (RaftServerImpl.java:setRole(174)) - b4fa7d23-6606-45fd-9544-2b08ca3fa933@group-6413F98F8F54: changes role from CANDIDATE to LEADER at term 1 for changeToLeader
2019-09-25 05:06:19,844 [b4fa7d23-6606-45fd-9544-2b08ca3fa933@group-6413F98F8F54:LeaderElection110] INFO  impl.RaftServerImpl (ServerState.java:setLeader(253)) - b4fa7d23-6606-45fd-9544-2b08ca3fa933@group-6413F98F8F54: change Leader from null to b4fa7d23-6606-45fd-9544-2b08ca3fa933 at term 1 for becomeLeader, leader elected after 5166ms
2019-09-25 05:06:19,845 [b4fa7d23-6606-45fd-9544-2b08ca3fa933@group-6413F98F8F54:LeaderElection110] INFO  server.RaftServerConfigKeys (ConfUtils.java:logGet(43)) - raft.server.staging.catchup.gap = 1000 (default)
2019-09-25 05:06:19,845 [b4fa7d23-6606-45fd-9544-2b08ca3fa933@group-6413F98F8F54:LeaderElection110] INFO  server.RaftServerConfigKeys (ConfUtils.java:logGet(43)) - raft.server.rpc.sleep.time = 25ms (default)
2019-09-25 05:06:19,845 [b4fa7d23-6606-45fd-9544-2b08ca3fa933@group-6413F98F8F54:LeaderElection110] INFO  server.RaftServerConfigKeys (ConfUtils.java:logGet(43)) - raft.server.write.element-limit = 4096 (default)
2019-09-25 05:06:19,845 [b4fa7d23-6606-45fd-9544-2b08ca3fa933@group-6413F98F8F54:LeaderElection110] INFO  server.RaftServerConfigKeys (ConfUtils.java:logGet(43)) - raft.server.watch.timeout = 10s (default)
2019-09-25 05:06:19,845 [b4fa7d23-6606-45fd-9544-2b08ca3fa933@group-6413F98F8F54:LeaderElection110] INFO  server.RaftServerConfigKeys (ConfUtils.java:logGet(43)) - raft.server.watch.timeout.denomination = 1s (default)
2019-09-25 05:06:19,845 [b4fa7d23-6606-45fd-9544-2b08ca3fa933@group-6413F98F8F54:LeaderElection110] INFO  server.RaftServerConfigKeys (ConfUtils.java:logGet(43)) - raft.server.watch.element-limit = 65536 (default)
2019-09-25 05:06:19,850 [de37f7a0-0375-40a9-a318-404478482fcb@group-20CAD8A90CD6:LeaderElection109] INFO  impl.RoleInfo (RoleInfo.java:updateAndGet(143)) - de37f7a0-0375-40a9-a318-404478482fcb: start LeaderState
2019-09-25 05:06:19,850 [de37f7a0-0375-40a9-a318-404478482fcb@group-20CAD8A90CD6:LeaderElection109] INFO  segmented.SegmentedRaftLogWorker (SegmentedRaftLogWorker.java:startLogSegment(380)) - de37f7a0-0375-40a9-a318-404478482fcb@group-20CAD8A90CD6-SegmentedRaftLogWorker: Starting segment from index:0
2019-09-25 05:06:20,132 [Thread-651] INFO  impl.FollowerState (FollowerState.java:run(106)) - 692224c4-5202-4921-98cc-04d5c60c79cc:group-9D2E271A9E0B changes to CANDIDATE, lastRpcTime:5205, electionTimeout:5157ms
2019-09-25 05:06:20,137 [Thread-641] INFO  impl.FollowerState (FollowerState.java:run(106)) - 692224c4-5202-4921-98cc-04d5c60c79cc:group-C6BB86E2A863 changes to CANDIDATE, lastRpcTime:5362, electionTimeout:5159ms
2019-09-25 05:06:20,139 [de37f7a0-0375-40a9-a318-404478482fcb@group-20CAD8A90CD6:LeaderElection109] INFO  impl.RaftServerImpl (ServerState.java:setRaftConf(354)) - de37f7a0-0375-40a9-a318-404478482fcb@group-20CAD8A90CD6: set configuration 0: [de37f7a0-0375-40a9-a318-404478482fcb:192.168.30.10:44522], old=null at 0
2019-09-25 05:06:20,140 [Thread-651] INFO  impl.RoleInfo (RoleInfo.java:shutdownFollowerState(121)) - 692224c4-5202-4921-98cc-04d5c60c79cc: shutdown FollowerState
2019-09-25 05:06:20,140 [Thread-641] INFO  impl.RoleInfo (RoleInfo.java:shutdownFollowerState(121)) - 692224c4-5202-4921-98cc-04d5c60c79cc: shutdown FollowerState
2019-09-25 05:06:20,140 [Thread-651] INFO  impl.RaftServerImpl (RaftServerImpl.java:setRole(174)) - 692224c4-5202-4921-98cc-04d5c60c79cc@group-9D2E271A9E0B: changes role from  FOLLOWER to CANDIDATE at term 0 for changeToCandidate
2019-09-25 05:06:20,140 [Thread-641] INFO  impl.RaftServerImpl (RaftServerImpl.java:setRole(174)) - 692224c4-5202-4921-98cc-04d5c60c79cc@group-C6BB86E2A863: changes role from  FOLLOWER to CANDIDATE at term 0 for changeToCandidate
2019-09-25 05:06:20,141 [Thread-651] INFO  impl.RoleInfo (RoleInfo.java:updateAndGet(143)) - 692224c4-5202-4921-98cc-04d5c60c79cc: start LeaderElection
2019-09-25 05:06:20,141 [Thread-641] INFO  impl.RoleInfo (RoleInfo.java:updateAndGet(143)) - 692224c4-5202-4921-98cc-04d5c60c79cc: start LeaderElection
2019-09-25 05:06:20,154 [RATISCREATEPIPELINE1] ERROR pipeline.RatisPipelineProvider (RatisPipelineProvider.java:lambda$null$2(181)) - Failed invoke Ratis rpc org.apache.hadoop.hdds.scm.pipeline.RatisPipelineProvider$$Lambda$186/166636373@7885c09c for 36ac27b3-2f11-437d-8f1f-165306b0ff4a
org.apache.ratis.protocol.TimeoutIOException: deadline exceeded after 2999756730ns
	at org.apache.ratis.grpc.GrpcUtil.tryUnwrapException(GrpcUtil.java:82)
	at org.apache.ratis.grpc.GrpcUtil.unwrapException(GrpcUtil.java:75)
	at org.apache.ratis.grpc.client.GrpcClientProtocolClient.blockingCall(GrpcClientProtocolClient.java:178)
	at org.apache.ratis.grpc.client.GrpcClientProtocolClient.groupAdd(GrpcClientProtocolClient.java:147)
	at org.apache.ratis.grpc.client.GrpcClientRpc.sendRequest(GrpcClientRpc.java:94)
	at org.apache.ratis.client.impl.RaftClientImpl.sendRequest(RaftClientImpl.java:278)
	at org.apache.ratis.client.impl.RaftClientImpl.groupAdd(RaftClientImpl.java:205)
	at org.apache.hadoop.hdds.scm.pipeline.RatisPipelineProvider.lambda$initializePipeline$1(RatisPipelineProvider.java:142)
	at org.apache.hadoop.hdds.scm.pipeline.RatisPipelineProvider.lambda$null$2(RatisPipelineProvider.java:177)
	at java.util.stream.ForEachOps$ForEachOp$OfRef.accept(ForEachOps.java:184)
	at java.util.ArrayList$ArrayListSpliterator.forEachRemaining(ArrayList.java:1382)
	at java.util.stream.AbstractPipeline.copyInto(AbstractPipeline.java:482)
	at java.util.stream.ForEachOps$ForEachTask.compute(ForEachOps.java:291)
	at java.util.concurrent.CountedCompleter.exec(CountedCompleter.java:731)
	at java.util.concurrent.ForkJoinTask.doExec(ForkJoinTask.java:289)
	at java.util.concurrent.ForkJoinTask.doInvoke(ForkJoinTask.java:401)
	at java.util.concurrent.ForkJoinTask.invoke(ForkJoinTask.java:734)
	at java.util.stream.ForEachOps$ForEachOp.evaluateParallel(ForEachOps.java:160)
	at java.util.stream.ForEachOps$ForEachOp$OfRef.evaluateParallel(ForEachOps.java:174)
	at java.util.stream.AbstractPipeline.evaluate(AbstractPipeline.java:233)
	at java.util.stream.ReferencePipeline.forEach(ReferencePipeline.java:418)
	at java.util.stream.ReferencePipeline$Head.forEach(ReferencePipeline.java:583)
	at org.apache.hadoop.hdds.scm.pipeline.RatisPipelineProvider.lambda$callRatisRpc$3(RatisPipelineProvider.java:171)
	at java.util.concurrent.ForkJoinTask$AdaptedRunnableAction.exec(ForkJoinTask.java:1386)
	at java.util.concurrent.ForkJoinTask.doExec(ForkJoinTask.java:289)
	at java.util.concurrent.ForkJoinPool$WorkQueue.runTask(ForkJoinPool.java:1056)
	at java.util.concurrent.ForkJoinPool.runWorker(ForkJoinPool.java:1692)
	at java.util.concurrent.ForkJoinWorkerThread.run(ForkJoinWorkerThread.java:157)
Caused by: org.apache.ratis.thirdparty.io.grpc.StatusRuntimeException: DEADLINE_EXCEEDED: deadline exceeded after 2999756730ns
	at org.apache.ratis.thirdparty.io.grpc.stub.ClientCalls.toStatusRuntimeException(ClientCalls.java:233)
	at org.apache.ratis.thirdparty.io.grpc.stub.ClientCalls.getUnchecked(ClientCalls.java:214)
	at org.apache.ratis.thirdparty.io.grpc.stub.ClientCalls.blockingUnaryCall(ClientCalls.java:139)
	at org.apache.ratis.proto.grpc.AdminProtocolServiceGrpc$AdminProtocolServiceBlockingStub.groupManagement(AdminProtocolServiceGrpc.java:274)
	at org.apache.ratis.grpc.client.GrpcClientProtocolClient.lambda$groupAdd$3(GrpcClientProtocolClient.java:149)
	at org.apache.ratis.grpc.client.GrpcClientProtocolClient.blockingCall(GrpcClientProtocolClient.java:176)
	... 25 more
2019-09-25 05:06:20,159 [692224c4-5202-4921-98cc-04d5c60c79cc@group-C6BB86E2A863:LeaderElection112] INFO  impl.LeaderElection (LeaderElection.java:askForVotes(182)) - 692224c4-5202-4921-98cc-04d5c60c79cc@group-C6BB86E2A863:LeaderElection112: begin an election at term 1 for -1: [692224c4-5202-4921-98cc-04d5c60c79cc:192.168.30.10:38144], old=null
2019-09-25 05:06:20,159 [692224c4-5202-4921-98cc-04d5c60c79cc@group-9D2E271A9E0B:LeaderElection111] INFO  impl.LeaderElection (LeaderElection.java:askForVotes(182)) - 692224c4-5202-4921-98cc-04d5c60c79cc@group-9D2E271A9E0B:LeaderElection111: begin an election at term 1 for -1: [692224c4-5202-4921-98cc-04d5c60c79cc:192.168.30.10:38144], old=null
2019-09-25 05:06:20,159 [692224c4-5202-4921-98cc-04d5c60c79cc@group-C6BB86E2A863:LeaderElection112] INFO  impl.RoleInfo (RoleInfo.java:shutdownLeaderElection(134)) - 692224c4-5202-4921-98cc-04d5c60c79cc: shutdown LeaderElection
2019-09-25 05:06:20,159 [RatisPipelineUtilsThread] ERROR pipeline.SCMPipelineManager (SCMPipelineManager.java:createPipeline(167)) - Pipeline creation failed due to exception: Failed invoke Ratis rpc org.apache.hadoop.hdds.scm.pipeline.RatisPipelineProvider$$Lambda$186/166636373@7885c09c for 36ac27b3-2f11-437d-8f1f-165306b0ff4a
2019-09-25 05:06:20,159 [692224c4-5202-4921-98cc-04d5c60c79cc@group-9D2E271A9E0B:LeaderElection111] INFO  impl.RoleInfo (RoleInfo.java:shutdownLeaderElection(134)) - 692224c4-5202-4921-98cc-04d5c60c79cc: shutdown LeaderElection
2019-09-25 05:06:20,159 [692224c4-5202-4921-98cc-04d5c60c79cc@group-C6BB86E2A863:LeaderElection112] INFO  impl.RaftServerImpl (RaftServerImpl.java:setRole(174)) - 692224c4-5202-4921-98cc-04d5c60c79cc@group-C6BB86E2A863: changes role from CANDIDATE to LEADER at term 1 for changeToLeader
2019-09-25 05:06:20,159 [692224c4-5202-4921-98cc-04d5c60c79cc@group-9D2E271A9E0B:LeaderElection111] INFO  impl.RaftServerImpl (RaftServerImpl.java:setRole(174)) - 692224c4-5202-4921-98cc-04d5c60c79cc@group-9D2E271A9E0B: changes role from CANDIDATE to LEADER at term 1 for changeToLeader
2019-09-25 05:06:20,159 [692224c4-5202-4921-98cc-04d5c60c79cc@group-C6BB86E2A863:LeaderElection112] INFO  impl.RaftServerImpl (ServerState.java:setLeader(253)) - 692224c4-5202-4921-98cc-04d5c60c79cc@group-C6BB86E2A863: change Leader from null to 692224c4-5202-4921-98cc-04d5c60c79cc at term 1 for becomeLeader, leader elected after 5434ms
2019-09-25 05:06:20,160 [692224c4-5202-4921-98cc-04d5c60c79cc@group-9D2E271A9E0B:LeaderElection111] INFO  impl.RaftServerImpl (ServerState.java:setLeader(253)) - 692224c4-5202-4921-98cc-04d5c60c79cc@group-9D2E271A9E0B: change Leader from null to 692224c4-5202-4921-98cc-04d5c60c79cc at term 1 for becomeLeader, leader elected after 5285ms
2019-09-25 05:06:20,160 [692224c4-5202-4921-98cc-04d5c60c79cc@group-C6BB86E2A863:LeaderElection112] INFO  server.RaftServerConfigKeys (ConfUtils.java:logGet(43)) - raft.server.staging.catchup.gap = 1000 (default)
2019-09-25 05:06:20,160 [692224c4-5202-4921-98cc-04d5c60c79cc@group-9D2E271A9E0B:LeaderElection111] INFO  server.RaftServerConfigKeys (ConfUtils.java:logGet(43)) - raft.server.staging.catchup.gap = 1000 (default)
2019-09-25 05:06:20,160 [692224c4-5202-4921-98cc-04d5c60c79cc@group-C6BB86E2A863:LeaderElection112] INFO  server.RaftServerConfigKeys (ConfUtils.java:logGet(43)) - raft.server.rpc.sleep.time = 25ms (default)
2019-09-25 05:06:20,160 [692224c4-5202-4921-98cc-04d5c60c79cc@group-9D2E271A9E0B:LeaderElection111] INFO  server.RaftServerConfigKeys (ConfUtils.java:logGet(43)) - raft.server.rpc.sleep.time = 25ms (default)
2019-09-25 05:06:20,160 [692224c4-5202-4921-98cc-04d5c60c79cc@group-C6BB86E2A863:LeaderElection112] INFO  server.RaftServerConfigKeys (ConfUtils.java:logGet(43)) - raft.server.write.element-limit = 4096 (default)
2019-09-25 05:06:20,161 [692224c4-5202-4921-98cc-04d5c60c79cc@group-C6BB86E2A863:LeaderElection112] INFO  server.RaftServerConfigKeys (ConfUtils.java:logGet(43)) - raft.server.watch.timeout = 10s (default)
2019-09-25 05:06:20,161 [692224c4-5202-4921-98cc-04d5c60c79cc@group-9D2E271A9E0B:LeaderElection111] INFO  server.RaftServerConfigKeys (ConfUtils.java:logGet(43)) - raft.server.write.element-limit = 4096 (default)
2019-09-25 05:06:20,161 [692224c4-5202-4921-98cc-04d5c60c79cc@group-C6BB86E2A863:LeaderElection112] INFO  server.RaftServerConfigKeys (ConfUtils.java:logGet(43)) - raft.server.watch.timeout.denomination = 1s (default)
2019-09-25 05:06:20,161 [692224c4-5202-4921-98cc-04d5c60c79cc@group-9D2E271A9E0B:LeaderElection111] INFO  server.RaftServerConfigKeys (ConfUtils.java:logGet(43)) - raft.server.watch.timeout = 10s (default)
2019-09-25 05:06:20,161 [692224c4-5202-4921-98cc-04d5c60c79cc@group-C6BB86E2A863:LeaderElection112] INFO  server.RaftServerConfigKeys (ConfUtils.java:logGet(43)) - raft.server.watch.element-limit = 65536 (default)
2019-09-25 05:06:20,161 [692224c4-5202-4921-98cc-04d5c60c79cc@group-9D2E271A9E0B:LeaderElection111] INFO  server.RaftServerConfigKeys (ConfUtils.java:logGet(43)) - raft.server.watch.timeout.denomination = 1s (default)
2019-09-25 05:06:20,162 [692224c4-5202-4921-98cc-04d5c60c79cc@group-9D2E271A9E0B:LeaderElection111] INFO  server.RaftServerConfigKeys (ConfUtils.java:logGet(43)) - raft.server.watch.element-limit = 65536 (default)
2019-09-25 05:06:20,192 [grpc-default-executor-1] INFO  impl.RaftServerProxy (RaftServerProxy.java:addNew(89)) - f77bfc29-6991-4b1d-a503-f706c83de4fc: addNew group-91F3DF1D9994:[36ac27b3-2f11-437d-8f1f-165306b0ff4a:192.168.30.10:45265, 56396258-65a3-478c-9482-0be0199dd49c:192.168.30.10:41678, f77bfc29-6991-4b1d-a503-f706c83de4fc:192.168.30.10:35112] returns group-91F3DF1D9994:java.util.concurrent.CompletableFuture@56bdcc17[Not completed]
2019-09-25 05:06:20,192 [692224c4-5202-4921-98cc-04d5c60c79cc@group-92384AFA5BB1:LeaderElection107] INFO  impl.RoleInfo (RoleInfo.java:updateAndGet(143)) - 692224c4-5202-4921-98cc-04d5c60c79cc: start LeaderState
2019-09-25 05:06:20,192 [grpc-default-executor-2] INFO  impl.RaftServerProxy (RaftServerProxy.java:addNew(89)) - 36ac27b3-2f11-437d-8f1f-165306b0ff4a: addNew group-91F3DF1D9994:[36ac27b3-2f11-437d-8f1f-165306b0ff4a:192.168.30.10:45265, 56396258-65a3-478c-9482-0be0199dd49c:192.168.30.10:41678, f77bfc29-6991-4b1d-a503-f706c83de4fc:192.168.30.10:35112] returns group-91F3DF1D9994:java.util.concurrent.CompletableFuture@4d9a264f[Not completed]
2019-09-25 05:06:20,192 [grpc-default-executor-0] INFO  impl.RaftServerProxy (RaftServerProxy.java:addNew(89)) - 56396258-65a3-478c-9482-0be0199dd49c: addNew group-91F3DF1D9994:[36ac27b3-2f11-437d-8f1f-165306b0ff4a:192.168.30.10:45265, 56396258-65a3-478c-9482-0be0199dd49c:192.168.30.10:41678, f77bfc29-6991-4b1d-a503-f706c83de4fc:192.168.30.10:35112] returns group-91F3DF1D9994:java.util.concurrent.CompletableFuture@4b384237[Not completed]
2019-09-25 05:06:20,193 [692224c4-5202-4921-98cc-04d5c60c79cc@group-92384AFA5BB1:LeaderElection107] INFO  segmented.SegmentedRaftLogWorker (SegmentedRaftLogWorker.java:startLogSegment(380)) - 692224c4-5202-4921-98cc-04d5c60c79cc@group-92384AFA5BB1-SegmentedRaftLogWorker: Starting segment from index:0
2019-09-25 05:06:20,193 [692224c4-5202-4921-98cc-04d5c60c79cc@group-92384AFA5BB1:LeaderElection107] INFO  impl.RaftServerImpl (ServerState.java:setRaftConf(354)) - 692224c4-5202-4921-98cc-04d5c60c79cc@group-92384AFA5BB1: set configuration 0: [692224c4-5202-4921-98cc-04d5c60c79cc:192.168.30.10:38144], old=null at 0
2019-09-25 05:06:20,471 [Thread-661] INFO  impl.FollowerState (FollowerState.java:run(106)) - b4fa7d23-6606-45fd-9544-2b08ca3fa933:group-7943F034B0F3 changes to CANDIDATE, lastRpcTime:5311, electionTimeout:5131ms
2019-09-25 05:06:20,470 [Thread-666] INFO  impl.FollowerState (FollowerState.java:run(106)) - f77bfc29-6991-4b1d-a503-f706c83de4fc:group-D1E4F48C375A changes to CANDIDATE, lastRpcTime:5236, electionTimeout:5117ms
2019-09-25 05:06:20,469 [Thread-671] INFO  impl.FollowerState (FollowerState.java:run(106)) - 36ac27b3-2f11-437d-8f1f-165306b0ff4a:group-9D3FBAA3679F changes to CANDIDATE, lastRpcTime:5163, electionTimeout:5103ms
2019-09-25 05:06:20,478 [Thread-661] INFO  impl.RoleInfo (RoleInfo.java:shutdownFollowerState(121)) - b4fa7d23-6606-45fd-9544-2b08ca3fa933: shutdown FollowerState
2019-09-25 05:06:20,478 [Thread-666] INFO  impl.RoleInfo (RoleInfo.java:shutdownFollowerState(121)) - f77bfc29-6991-4b1d-a503-f706c83de4fc: shutdown FollowerState
2019-09-25 05:06:20,478 [Thread-671] INFO  impl.RoleInfo (RoleInfo.java:shutdownFollowerState(121)) - 36ac27b3-2f11-437d-8f1f-165306b0ff4a: shutdown FollowerState
2019-09-25 05:06:20,478 [Thread-661] INFO  impl.RaftServerImpl (RaftServerImpl.java:setRole(174)) - b4fa7d23-6606-45fd-9544-2b08ca3fa933@group-7943F034B0F3: changes role from  FOLLOWER to CANDIDATE at term 0 for changeToCandidate
2019-09-25 05:06:20,478 [Thread-671] INFO  impl.RaftServerImpl (RaftServerImpl.java:setRole(174)) - 36ac27b3-2f11-437d-8f1f-165306b0ff4a@group-9D3FBAA3679F: changes role from  FOLLOWER to CANDIDATE at term 0 for changeToCandidate
2019-09-25 05:06:20,478 [Thread-666] INFO  impl.RaftServerImpl (RaftServerImpl.java:setRole(174)) - f77bfc29-6991-4b1d-a503-f706c83de4fc@group-D1E4F48C375A: changes role from  FOLLOWER to CANDIDATE at term 0 for changeToCandidate
2019-09-25 05:06:20,479 [Thread-661] INFO  impl.RoleInfo (RoleInfo.java:updateAndGet(143)) - b4fa7d23-6606-45fd-9544-2b08ca3fa933: start LeaderElection
2019-09-25 05:06:20,479 [Thread-671] INFO  impl.RoleInfo (RoleInfo.java:updateAndGet(143)) - 36ac27b3-2f11-437d-8f1f-165306b0ff4a: start LeaderElection
2019-09-25 05:06:20,479 [Thread-666] INFO  impl.RoleInfo (RoleInfo.java:updateAndGet(143)) - f77bfc29-6991-4b1d-a503-f706c83de4fc: start LeaderElection
2019-09-25 05:06:20,480 [f77bfc29-6991-4b1d-a503-f706c83de4fc@group-9013CD353F35:LeaderElection108] INFO  impl.RoleInfo (RoleInfo.java:updateAndGet(143)) - f77bfc29-6991-4b1d-a503-f706c83de4fc: start LeaderState
2019-09-25 05:06:20,480 [f77bfc29-6991-4b1d-a503-f706c83de4fc@group-9013CD353F35:LeaderElection108] INFO  segmented.SegmentedRaftLogWorker (SegmentedRaftLogWorker.java:startLogSegment(380)) - f77bfc29-6991-4b1d-a503-f706c83de4fc@group-9013CD353F35-SegmentedRaftLogWorker: Starting segment from index:0
2019-09-25 05:06:20,481 [f77bfc29-6991-4b1d-a503-f706c83de4fc@group-9013CD353F35:LeaderElection108] INFO  impl.RaftServerImpl (ServerState.java:setRaftConf(354)) - f77bfc29-6991-4b1d-a503-f706c83de4fc@group-9013CD353F35: set configuration 0: [f77bfc29-6991-4b1d-a503-f706c83de4fc:192.168.30.10:35112], old=null at 0
2019-09-25 05:06:20,707 [Thread-698] INFO  impl.FollowerState (FollowerState.java:run(106)) - 692224c4-5202-4921-98cc-04d5c60c79cc:group-4EBFA92A4DF4 changes to CANDIDATE, lastRpcTime:5070, electionTimeout:5058ms
2019-09-25 05:06:20,708 [Thread-680] INFO  impl.FollowerState (FollowerState.java:run(106)) - b4fa7d23-6606-45fd-9544-2b08ca3fa933:group-490C88226581 changes to CANDIDATE, lastRpcTime:5263, electionTimeout:5150ms
2019-09-25 05:06:20,712 [Thread-674] INFO  impl.FollowerState (FollowerState.java:run(106)) - 56396258-65a3-478c-9482-0be0199dd49c:group-2570D1B685B2 changes to CANDIDATE, lastRpcTime:5366, electionTimeout:5177ms
2019-09-25 05:06:20,714 [Thread-698] INFO  impl.RoleInfo (RoleInfo.java:shutdownFollowerState(121)) - 692224c4-5202-4921-98cc-04d5c60c79cc: shutdown FollowerState
2019-09-25 05:06:20,714 [Thread-680] INFO  impl.RoleInfo (RoleInfo.java:shutdownFollowerState(121)) - b4fa7d23-6606-45fd-9544-2b08ca3fa933: shutdown FollowerState
2019-09-25 05:06:20,714 [Thread-674] INFO  impl.RoleInfo (RoleInfo.java:shutdownFollowerState(121)) - 56396258-65a3-478c-9482-0be0199dd49c: shutdown FollowerState
2019-09-25 05:06:20,714 [Thread-680] INFO  impl.RaftServerImpl (RaftServerImpl.java:setRole(174)) - b4fa7d23-6606-45fd-9544-2b08ca3fa933@group-490C88226581: changes role from  FOLLOWER to CANDIDATE at term 0 for changeToCandidate
2019-09-25 05:06:20,714 [Thread-698] INFO  impl.RaftServerImpl (RaftServerImpl.java:setRole(174)) - 692224c4-5202-4921-98cc-04d5c60c79cc@group-4EBFA92A4DF4: changes role from  FOLLOWER to CANDIDATE at term 0 for changeToCandidate
2019-09-25 05:06:20,715 [Thread-680] INFO  impl.RoleInfo (RoleInfo.java:updateAndGet(143)) - b4fa7d23-6606-45fd-9544-2b08ca3fa933: start LeaderElection
2019-09-25 05:06:20,715 [Thread-674] INFO  impl.RaftServerImpl (RaftServerImpl.java:setRole(174)) - 56396258-65a3-478c-9482-0be0199dd49c@group-2570D1B685B2: changes role from  FOLLOWER to CANDIDATE at term 0 for changeToCandidate
2019-09-25 05:06:20,715 [Thread-698] INFO  impl.RoleInfo (RoleInfo.java:updateAndGet(143)) - 692224c4-5202-4921-98cc-04d5c60c79cc: start LeaderElection
2019-09-25 05:06:20,715 [Thread-674] INFO  impl.RoleInfo (RoleInfo.java:updateAndGet(143)) - 56396258-65a3-478c-9482-0be0199dd49c: start LeaderElection
2019-09-25 05:06:20,718 [pool-87-thread-1] INFO  impl.RaftServerImpl (RaftServerImpl.java:<init>(95)) - 56396258-65a3-478c-9482-0be0199dd49c: new RaftServerImpl for group-91F3DF1D9994:[36ac27b3-2f11-437d-8f1f-165306b0ff4a:192.168.30.10:45265, 56396258-65a3-478c-9482-0be0199dd49c:192.168.30.10:41678, f77bfc29-6991-4b1d-a503-f706c83de4fc:192.168.30.10:35112] with ContainerStateMachine:uninitialized
2019-09-25 05:06:20,718 [pool-87-thread-1] INFO  server.RaftServerConfigKeys (ConfUtils.java:logGet(43)) - raft.server.rpc.timeout.min = 5s (custom)
2019-09-25 05:06:20,718 [pool-87-thread-1] INFO  server.RaftServerConfigKeys (ConfUtils.java:logGet(43)) - raft.server.rpc.timeout.max = 5200ms (custom)
2019-09-25 05:06:20,719 [pool-87-thread-1] INFO  server.RaftServerConfigKeys (ConfUtils.java:logGet(43)) - raft.server.rpcslowness.timeout = 120s (custom)
2019-09-25 05:06:20,719 [pool-87-thread-1] INFO  server.RaftServerConfigKeys (ConfUtils.java:logGet(43)) - raft.server.sleep.deviation.threshold = 300 (default)
2019-09-25 05:06:20,719 [pool-87-thread-1] INFO  server.RaftServerConfigKeys (ConfUtils.java:logGet(43)) - raft.server.log.appender.install.snapshot.enabled = false (custom)
2019-09-25 05:06:20,719 [pool-87-thread-1] INFO  impl.RaftServerImpl (ServerState.java:<init>(103)) - 56396258-65a3-478c-9482-0be0199dd49c@group-91F3DF1D9994: ConfigurationManager, init=-1: [36ac27b3-2f11-437d-8f1f-165306b0ff4a:192.168.30.10:45265, 56396258-65a3-478c-9482-0be0199dd49c:192.168.30.10:41678, f77bfc29-6991-4b1d-a503-f706c83de4fc:192.168.30.10:35112], old=null, confs=<EMPTY_MAP>
2019-09-25 05:06:20,719 [pool-87-thread-1] INFO  server.RaftServerConfigKeys (ConfUtils.java:logGet(43)) - raft.server.storage.dir = [/workdir/hadoop-ozone/integration-test/target/test-dir/MiniOzoneClusterImpl-23306158-e895-4fc7-80df-ce6c264c388b/datanode-6/data/ratis] (custom)
2019-09-25 05:06:20,720 [pool-27-thread-1] INFO  impl.RaftServerImpl (RaftServerImpl.java:<init>(95)) - f77bfc29-6991-4b1d-a503-f706c83de4fc: new RaftServerImpl for group-91F3DF1D9994:[36ac27b3-2f11-437d-8f1f-165306b0ff4a:192.168.30.10:45265, 56396258-65a3-478c-9482-0be0199dd49c:192.168.30.10:41678, f77bfc29-6991-4b1d-a503-f706c83de4fc:192.168.30.10:35112] with ContainerStateMachine:uninitialized
2019-09-25 05:06:20,720 [pool-87-thread-1] INFO  storage.RaftStorageDirectory (RaftStorageDirectory.java:analyzeStorage(246)) - The storage directory /workdir/hadoop-ozone/integration-test/target/test-dir/MiniOzoneClusterImpl-23306158-e895-4fc7-80df-ce6c264c388b/datanode-6/data/ratis/0c00dc2e-d966-4b5f-ad7b-91f3df1d9994 does not exist. Creating ...
2019-09-25 05:06:20,720 [pool-27-thread-1] INFO  server.RaftServerConfigKeys (ConfUtils.java:logGet(43)) - raft.server.rpc.timeout.min = 5s (custom)
2019-09-25 05:06:20,720 [de37f7a0-0375-40a9-a318-404478482fcb@group-E3167D8B2B86:LeaderElection106] INFO  impl.RoleInfo (RoleInfo.java:updateAndGet(143)) - de37f7a0-0375-40a9-a318-404478482fcb: start LeaderState
2019-09-25 05:06:20,720 [pool-27-thread-1] INFO  server.RaftServerConfigKeys (ConfUtils.java:logGet(43)) - raft.server.rpc.timeout.max = 5200ms (custom)
2019-09-25 05:06:20,720 [pool-27-thread-1] INFO  server.RaftServerConfigKeys (ConfUtils.java:logGet(43)) - raft.server.rpcslowness.timeout = 120s (custom)
2019-09-25 05:06:20,720 [de37f7a0-0375-40a9-a318-404478482fcb@group-E3167D8B2B86:LeaderElection106] INFO  segmented.SegmentedRaftLogWorker (SegmentedRaftLogWorker.java:startLogSegment(380)) - de37f7a0-0375-40a9-a318-404478482fcb@group-E3167D8B2B86-SegmentedRaftLogWorker: Starting segment from index:0
2019-09-25 05:06:20,720 [pool-27-thread-1] INFO  server.RaftServerConfigKeys (ConfUtils.java:logGet(43)) - raft.server.sleep.deviation.threshold = 300 (default)
2019-09-25 05:06:20,721 [pool-27-thread-1] INFO  server.RaftServerConfigKeys (ConfUtils.java:logGet(43)) - raft.server.log.appender.install.snapshot.enabled = false (custom)
2019-09-25 05:06:20,721 [pool-27-thread-1] INFO  impl.RaftServerImpl (ServerState.java:<init>(103)) - f77bfc29-6991-4b1d-a503-f706c83de4fc@group-91F3DF1D9994: ConfigurationManager, init=-1: [36ac27b3-2f11-437d-8f1f-165306b0ff4a:192.168.30.10:45265, 56396258-65a3-478c-9482-0be0199dd49c:192.168.30.10:41678, f77bfc29-6991-4b1d-a503-f706c83de4fc:192.168.30.10:35112], old=null, confs=<EMPTY_MAP>
2019-09-25 05:06:20,903 [de37f7a0-0375-40a9-a318-404478482fcb@group-E3167D8B2B86:LeaderElection106] INFO  impl.RaftServerImpl (ServerState.java:setRaftConf(354)) - de37f7a0-0375-40a9-a318-404478482fcb@group-E3167D8B2B86: set configuration 0: [de37f7a0-0375-40a9-a318-404478482fcb:192.168.30.10:44522], old=null at 0
2019-09-25 05:06:20,903 [Thread-687] INFO  impl.FollowerState (FollowerState.java:run(106)) - c8798e02-7f0c-41f7-82c2-a17323bcf21e:group-0D663BBCA5B4 changes to CANDIDATE, lastRpcTime:5369, electionTimeout:5190ms
2019-09-25 05:06:20,903 [b4fa7d23-6606-45fd-9544-2b08ca3fa933@group-490C88226581:LeaderElection116] INFO  impl.LeaderElection (LeaderElection.java:askForVotes(182)) - b4fa7d23-6606-45fd-9544-2b08ca3fa933@group-490C88226581:LeaderElection116: begin an election at term 1 for -1: [b4fa7d23-6606-45fd-9544-2b08ca3fa933:192.168.30.10:34493], old=null
2019-09-25 05:06:20,903 [36ac27b3-2f11-437d-8f1f-165306b0ff4a@group-9D3FBAA3679F:LeaderElection114] INFO  impl.LeaderElection (LeaderElection.java:askForVotes(182)) - 36ac27b3-2f11-437d-8f1f-165306b0ff4a@group-9D3FBAA3679F:LeaderElection114: begin an election at term 1 for -1: [36ac27b3-2f11-437d-8f1f-165306b0ff4a:192.168.30.10:45265], old=null
2019-09-25 05:06:20,905 [b4fa7d23-6606-45fd-9544-2b08ca3fa933@group-490C88226581:LeaderElection116] INFO  impl.RoleInfo (RoleInfo.java:shutdownLeaderElection(134)) - b4fa7d23-6606-45fd-9544-2b08ca3fa933: shutdown LeaderElection
2019-09-25 05:06:20,903 [56396258-65a3-478c-9482-0be0199dd49c@group-2570D1B685B2:LeaderElection118] INFO  impl.LeaderElection (LeaderElection.java:askForVotes(182)) - 56396258-65a3-478c-9482-0be0199dd49c@group-2570D1B685B2:LeaderElection118: begin an election at term 1 for -1: [56396258-65a3-478c-9482-0be0199dd49c:192.168.30.10:41678], old=null
2019-09-25 05:06:20,903 [b4fa7d23-6606-45fd-9544-2b08ca3fa933@group-7943F034B0F3:LeaderElection113] INFO  impl.LeaderElection (LeaderElection.java:askForVotes(182)) - b4fa7d23-6606-45fd-9544-2b08ca3fa933@group-7943F034B0F3:LeaderElection113: begin an election at term 1 for -1: [b4fa7d23-6606-45fd-9544-2b08ca3fa933:192.168.30.10:34493], old=null
2019-09-25 05:06:20,903 [f77bfc29-6991-4b1d-a503-f706c83de4fc@group-D1E4F48C375A:LeaderElection115] INFO  impl.LeaderElection (LeaderElection.java:askForVotes(182)) - f77bfc29-6991-4b1d-a503-f706c83de4fc@group-D1E4F48C375A:LeaderElection115: begin an election at term 1 for -1: [f77bfc29-6991-4b1d-a503-f706c83de4fc:192.168.30.10:35112], old=null
2019-09-25 05:06:20,903 [692224c4-5202-4921-98cc-04d5c60c79cc@group-4EBFA92A4DF4:LeaderElection117] INFO  impl.LeaderElection (LeaderElection.java:askForVotes(182)) - 692224c4-5202-4921-98cc-04d5c60c79cc@group-4EBFA92A4DF4:LeaderElection117: begin an election at term 1 for -1: [692224c4-5202-4921-98cc-04d5c60c79cc:192.168.30.10:38144], old=null
2019-09-25 05:06:20,903 [pool-87-thread-1] INFO  storage.RaftStorageDirectory (RaftStorageDirectory.java:tryLock(328)) - Lock on /workdir/hadoop-ozone/integration-test/target/test-dir/MiniOzoneClusterImpl-23306158-e895-4fc7-80df-ce6c264c388b/datanode-6/data/ratis/0c00dc2e-d966-4b5f-ad7b-91f3df1d9994/in_use.lock acquired by nodename 25526@pr-hdds-1569-s62bp-3040748787
2019-09-25 05:06:20,903 [Thread-691] INFO  impl.FollowerState (FollowerState.java:run(106)) - 36ac27b3-2f11-437d-8f1f-165306b0ff4a:group-25E3748DE4E7 changes to CANDIDATE, lastRpcTime:5331, electionTimeout:5183ms
2019-09-25 05:06:20,902 [Thread-705] INFO  impl.FollowerState (FollowerState.java:run(106)) - 36ac27b3-2f11-437d-8f1f-165306b0ff4a:group-5080C272BC14 changes to CANDIDATE, lastRpcTime:5189, electionTimeout:5065ms
2019-09-25 05:06:20,902 [Thread-701] INFO  impl.FollowerState (FollowerState.java:run(106)) - f77bfc29-6991-4b1d-a503-f706c83de4fc:group-B866544E1229 changes to CANDIDATE, lastRpcTime:5231, electionTimeout:5109ms
2019-09-25 05:06:20,902 [Thread-711] INFO  impl.FollowerState (FollowerState.java:run(106)) - f77bfc29-6991-4b1d-a503-f706c83de4fc:group-F2D9B87A111F changes to CANDIDATE, lastRpcTime:5148, electionTimeout:5061ms
2019-09-25 05:06:20,901 [Thread-723] INFO  impl.FollowerState (FollowerState.java:run(106)) - f77bfc29-6991-4b1d-a503-f706c83de4fc:group-35F023F29269 changes to CANDIDATE, lastRpcTime:5071, electionTimeout:5022ms
2019-09-25 05:06:20,901 [Thread-726] INFO  impl.FollowerState (FollowerState.java:run(106)) - 36ac27b3-2f11-437d-8f1f-165306b0ff4a:group-6E6AA1FC98DD changes to CANDIDATE, lastRpcTime:5033, electionTimeout:5005ms
2019-09-25 05:06:20,906 [Thread-687] INFO  impl.RoleInfo (RoleInfo.java:shutdownFollowerState(121)) - c8798e02-7f0c-41f7-82c2-a17323bcf21e: shutdown FollowerState
2019-09-25 05:06:20,905 [692224c4-5202-4921-98cc-04d5c60c79cc@group-4EBFA92A4DF4:LeaderElection117] INFO  impl.RoleInfo (RoleInfo.java:shutdownLeaderElection(134)) - 692224c4-5202-4921-98cc-04d5c60c79cc: shutdown LeaderElection
2019-09-25 05:06:20,905 [f77bfc29-6991-4b1d-a503-f706c83de4fc@group-D1E4F48C375A:LeaderElection115] INFO  impl.RoleInfo (RoleInfo.java:shutdownLeaderElection(134)) - f77bfc29-6991-4b1d-a503-f706c83de4fc: shutdown LeaderElection
2019-09-25 05:06:20,905 [b4fa7d23-6606-45fd-9544-2b08ca3fa933@group-7943F034B0F3:LeaderElection113] INFO  impl.RoleInfo (RoleInfo.java:shutdownLeaderElection(134)) - b4fa7d23-6606-45fd-9544-2b08ca3fa933: shutdown LeaderElection
2019-09-25 05:06:20,905 [56396258-65a3-478c-9482-0be0199dd49c@group-2570D1B685B2:LeaderElection118] INFO  impl.RoleInfo (RoleInfo.java:shutdownLeaderElection(134)) - 56396258-65a3-478c-9482-0be0199dd49c: shutdown LeaderElection
2019-09-25 05:06:20,905 [b4fa7d23-6606-45fd-9544-2b08ca3fa933@group-490C88226581:LeaderElection116] INFO  impl.RaftServerImpl (RaftServerImpl.java:setRole(174)) - b4fa7d23-6606-45fd-9544-2b08ca3fa933@group-490C88226581: changes role from CANDIDATE to LEADER at term 1 for changeToLeader
2019-09-25 05:06:20,905 [36ac27b3-2f11-437d-8f1f-165306b0ff4a@group-9D3FBAA3679F:LeaderElection114] INFO  impl.RoleInfo (RoleInfo.java:shutdownLeaderElection(134)) - 36ac27b3-2f11-437d-8f1f-165306b0ff4a: shutdown LeaderElection
2019-09-25 05:06:20,904 [pool-27-thread-1] INFO  server.RaftServerConfigKeys (ConfUtils.java:logGet(43)) - raft.server.storage.dir = [/workdir/hadoop-ozone/integration-test/target/test-dir/MiniOzoneClusterImpl-23306158-e895-4fc7-80df-ce6c264c388b/datanode-0/data/ratis] (custom)
2019-09-25 05:06:20,907 [Thread-711] INFO  impl.RoleInfo (RoleInfo.java:shutdownFollowerState(121)) - f77bfc29-6991-4b1d-a503-f706c83de4fc: shutdown FollowerState
2019-09-25 05:06:20,907 [Thread-701] INFO  impl.RoleInfo (RoleInfo.java:shutdownFollowerState(121)) - f77bfc29-6991-4b1d-a503-f706c83de4fc: shutdown FollowerState
2019-09-25 05:06:20,907 [36ac27b3-2f11-437d-8f1f-165306b0ff4a@group-9D3FBAA3679F:LeaderElection114] INFO  impl.RaftServerImpl (RaftServerImpl.java:setRole(174)) - 36ac27b3-2f11-437d-8f1f-165306b0ff4a@group-9D3FBAA3679F: changes role from CANDIDATE to LEADER at term 1 for changeToLeader
2019-09-25 05:06:20,907 [Thread-723] INFO  impl.RoleInfo (RoleInfo.java:shutdownFollowerState(121)) - f77bfc29-6991-4b1d-a503-f706c83de4fc: shutdown FollowerState
2019-09-25 05:06:20,907 [Thread-691] INFO  impl.RoleInfo (RoleInfo.java:shutdownFollowerState(121)) - 36ac27b3-2f11-437d-8f1f-165306b0ff4a: shutdown FollowerState
2019-09-25 05:06:20,907 [b4fa7d23-6606-45fd-9544-2b08ca3fa933@group-490C88226581:LeaderElection116] INFO  impl.RaftServerImpl (ServerState.java:setLeader(253)) - b4fa7d23-6606-45fd-9544-2b08ca3fa933@group-490C88226581: change Leader from null to b4fa7d23-6606-45fd-9544-2b08ca3fa933 at term 1 for becomeLeader, leader elected after 5520ms
2019-09-25 05:06:20,907 [Thread-705] INFO  impl.RoleInfo (RoleInfo.java:shutdownFollowerState(121)) - 36ac27b3-2f11-437d-8f1f-165306b0ff4a: shutdown FollowerState
2019-09-25 05:06:20,907 [56396258-65a3-478c-9482-0be0199dd49c@group-2570D1B685B2:LeaderElection118] INFO  impl.RaftServerImpl (RaftServerImpl.java:setRole(174)) - 56396258-65a3-478c-9482-0be0199dd49c@group-2570D1B685B2: changes role from CANDIDATE to LEADER at term 1 for changeToLeader
2019-09-25 05:06:20,907 [b4fa7d23-6606-45fd-9544-2b08ca3fa933@group-7943F034B0F3:LeaderElection113] INFO  impl.RaftServerImpl (RaftServerImpl.java:setRole(174)) - b4fa7d23-6606-45fd-9544-2b08ca3fa933@group-7943F034B0F3: changes role from CANDIDATE to LEADER at term 1 for changeToLeader
2019-09-25 05:06:20,907 [f77bfc29-6991-4b1d-a503-f706c83de4fc@group-D1E4F48C375A:LeaderElection115] INFO  impl.RaftServerImpl (RaftServerImpl.java:setRole(174)) - f77bfc29-6991-4b1d-a503-f706c83de4fc@group-D1E4F48C375A: changes role from CANDIDATE to LEADER at term 1 for changeToLeader
2019-09-25 05:06:20,906 [692224c4-5202-4921-98cc-04d5c60c79cc@group-4EBFA92A4DF4:LeaderElection117] INFO  impl.RaftServerImpl (RaftServerImpl.java:setRole(174)) - 692224c4-5202-4921-98cc-04d5c60c79cc@group-4EBFA92A4DF4: changes role from CANDIDATE to LEADER at term 1 for changeToLeader
2019-09-25 05:06:20,906 [Thread-687] INFO  impl.RaftServerImpl (RaftServerImpl.java:setRole(174)) - c8798e02-7f0c-41f7-82c2-a17323bcf21e@group-0D663BBCA5B4: changes role from  FOLLOWER to CANDIDATE at term 0 for changeToCandidate
2019-09-25 05:06:20,908 [692224c4-5202-4921-98cc-04d5c60c79cc@group-4EBFA92A4DF4:LeaderElection117] INFO  impl.RaftServerImpl (ServerState.java:setLeader(253)) - 692224c4-5202-4921-98cc-04d5c60c79cc@group-4EBFA92A4DF4: change Leader from null to 692224c4-5202-4921-98cc-04d5c60c79cc at term 1 for becomeLeader, leader elected after 5278ms
2019-09-25 05:06:20,908 [f77bfc29-6991-4b1d-a503-f706c83de4fc@group-D1E4F48C375A:LeaderElection115] INFO  impl.RaftServerImpl (ServerState.java:setLeader(253)) - f77bfc29-6991-4b1d-a503-f706c83de4fc@group-D1E4F48C375A: change Leader from null to f77bfc29-6991-4b1d-a503-f706c83de4fc at term 1 for becomeLeader, leader elected after 5682ms
2019-09-25 05:06:20,908 [b4fa7d23-6606-45fd-9544-2b08ca3fa933@group-7943F034B0F3:LeaderElection113] INFO  impl.RaftServerImpl (ServerState.java:setLeader(253)) - b4fa7d23-6606-45fd-9544-2b08ca3fa933@group-7943F034B0F3: change Leader from null to b4fa7d23-6606-45fd-9544-2b08ca3fa933 at term 1 for becomeLeader, leader elected after 5797ms
2019-09-25 05:06:20,908 [56396258-65a3-478c-9482-0be0199dd49c@group-2570D1B685B2:LeaderElection118] INFO  impl.RaftServerImpl (ServerState.java:setLeader(253)) - 56396258-65a3-478c-9482-0be0199dd49c@group-2570D1B685B2: change Leader from null to 56396258-65a3-478c-9482-0be0199dd49c at term 1 for becomeLeader, leader elected after 5569ms
2019-09-25 05:06:20,908 [Thread-705] INFO  impl.RaftServerImpl (RaftServerImpl.java:setRole(174)) - 36ac27b3-2f11-437d-8f1f-165306b0ff4a@group-5080C272BC14: changes role from  FOLLOWER to CANDIDATE at term 0 for changeToCandidate
2019-09-25 05:06:20,908 [b4fa7d23-6606-45fd-9544-2b08ca3fa933@group-490C88226581:LeaderElection116] INFO  server.RaftServerConfigKeys (ConfUtils.java:logGet(43)) - raft.server.staging.catchup.gap = 1000 (default)
2019-09-25 05:06:20,908 [Thread-691] INFO  impl.RaftServerImpl (RaftServerImpl.java:setRole(174)) - 36ac27b3-2f11-437d-8f1f-165306b0ff4a@group-25E3748DE4E7: changes role from  FOLLOWER to CANDIDATE at term 0 for changeToCandidate
2019-09-25 05:06:20,908 [pool-27-thread-1] INFO  storage.RaftStorageDirectory (RaftStorageDirectory.java:analyzeStorage(246)) - The storage directory /workdir/hadoop-ozone/integration-test/target/test-dir/MiniOzoneClusterImpl-23306158-e895-4fc7-80df-ce6c264c388b/datanode-0/data/ratis/0c00dc2e-d966-4b5f-ad7b-91f3df1d9994 does not exist. Creating ...
2019-09-25 05:06:20,908 [Thread-723] INFO  impl.RaftServerImpl (RaftServerImpl.java:setRole(174)) - f77bfc29-6991-4b1d-a503-f706c83de4fc@group-35F023F29269: changes role from  FOLLOWER to CANDIDATE at term 0 for changeToCandidate
2019-09-25 05:06:20,907 [Thread-726] INFO  impl.RoleInfo (RoleInfo.java:shutdownFollowerState(121)) - 36ac27b3-2f11-437d-8f1f-165306b0ff4a: shutdown FollowerState
2019-09-25 05:06:20,910 [Thread-723] INFO  impl.RoleInfo (RoleInfo.java:updateAndGet(143)) - f77bfc29-6991-4b1d-a503-f706c83de4fc: start LeaderElection
2019-09-25 05:06:20,907 [36ac27b3-2f11-437d-8f1f-165306b0ff4a@group-9D3FBAA3679F:LeaderElection114] INFO  impl.RaftServerImpl (ServerState.java:setLeader(253)) - 36ac27b3-2f11-437d-8f1f-165306b0ff4a@group-9D3FBAA3679F: change Leader from null to 36ac27b3-2f11-437d-8f1f-165306b0ff4a at term 1 for becomeLeader, leader elected after 5610ms
2019-09-25 05:06:20,907 [Thread-701] INFO  impl.RaftServerImpl (RaftServerImpl.java:setRole(174)) - f77bfc29-6991-4b1d-a503-f706c83de4fc@group-B866544E1229: changes role from  FOLLOWER to CANDIDATE at term 0 for changeToCandidate
2019-09-25 05:06:20,907 [Thread-711] INFO  impl.RaftServerImpl (RaftServerImpl.java:setRole(174)) - f77bfc29-6991-4b1d-a503-f706c83de4fc@group-F2D9B87A111F: changes role from  FOLLOWER to CANDIDATE at term 0 for changeToCandidate
2019-09-25 05:06:20,910 [Thread-701] INFO  impl.RoleInfo (RoleInfo.java:updateAndGet(143)) - f77bfc29-6991-4b1d-a503-f706c83de4fc: start LeaderElection
2019-09-25 05:06:20,910 [36ac27b3-2f11-437d-8f1f-165306b0ff4a@group-9D3FBAA3679F:LeaderElection114] INFO  server.RaftServerConfigKeys (ConfUtils.java:logGet(43)) - raft.server.staging.catchup.gap = 1000 (default)
2019-09-25 05:06:20,910 [Thread-726] INFO  impl.RaftServerImpl (RaftServerImpl.java:setRole(174)) - 36ac27b3-2f11-437d-8f1f-165306b0ff4a@group-6E6AA1FC98DD: changes role from  FOLLOWER to CANDIDATE at term 0 for changeToCandidate
2019-09-25 05:06:20,909 [Thread-691] INFO  impl.RoleInfo (RoleInfo.java:updateAndGet(143)) - 36ac27b3-2f11-437d-8f1f-165306b0ff4a: start LeaderElection
2019-09-25 05:06:20,909 [c8798e02-7f0c-41f7-82c2-a17323bcf21e@group-CF3265719ADC:LeaderElection105] INFO  impl.RoleInfo (RoleInfo.java:updateAndGet(143)) - c8798e02-7f0c-41f7-82c2-a17323bcf21e: start LeaderState
2019-09-25 05:06:20,909 [b4fa7d23-6606-45fd-9544-2b08ca3fa933@group-490C88226581:LeaderElection116] INFO  server.RaftServerConfigKeys (ConfUtils.java:logGet(43)) - raft.server.rpc.sleep.time = 25ms (default)
2019-09-25 05:06:20,911 [c8798e02-7f0c-41f7-82c2-a17323bcf21e@group-CF3265719ADC:LeaderElection105] INFO  segmented.SegmentedRaftLogWorker (SegmentedRaftLogWorker.java:startLogSegment(380)) - c8798e02-7f0c-41f7-82c2-a17323bcf21e@group-CF3265719ADC-SegmentedRaftLogWorker: Starting segment from index:0
2019-09-25 05:06:20,911 [b4fa7d23-6606-45fd-9544-2b08ca3fa933@group-490C88226581:LeaderElection116] INFO  server.RaftServerConfigKeys (ConfUtils.java:logGet(43)) - raft.server.write.element-limit = 4096 (default)
2019-09-25 05:06:20,909 [Thread-705] INFO  impl.RoleInfo (RoleInfo.java:updateAndGet(143)) - 36ac27b3-2f11-437d-8f1f-165306b0ff4a: start LeaderElection
2019-09-25 05:06:20,911 [b4fa7d23-6606-45fd-9544-2b08ca3fa933@group-490C88226581:LeaderElection116] INFO  server.RaftServerConfigKeys (ConfUtils.java:logGet(43)) - raft.server.watch.timeout = 10s (default)
2019-09-25 05:06:20,909 [56396258-65a3-478c-9482-0be0199dd49c@group-2570D1B685B2:LeaderElection118] INFO  server.RaftServerConfigKeys (ConfUtils.java:logGet(43)) - raft.server.staging.catchup.gap = 1000 (default)
2019-09-25 05:06:20,909 [b4fa7d23-6606-45fd-9544-2b08ca3fa933@group-7943F034B0F3:LeaderElection113] INFO  server.RaftServerConfigKeys (ConfUtils.java:logGet(43)) - raft.server.staging.catchup.gap = 1000 (default)
2019-09-25 05:06:20,909 [f77bfc29-6991-4b1d-a503-f706c83de4fc@group-D1E4F48C375A:LeaderElection115] INFO  server.RaftServerConfigKeys (ConfUtils.java:logGet(43)) - raft.server.staging.catchup.gap = 1000 (default)
2019-09-25 05:06:20,909 [Thread-687] INFO  impl.RoleInfo (RoleInfo.java:updateAndGet(143)) - c8798e02-7f0c-41f7-82c2-a17323bcf21e: start LeaderElection
2019-09-25 05:06:20,909 [692224c4-5202-4921-98cc-04d5c60c79cc@group-4EBFA92A4DF4:LeaderElection117] INFO  server.RaftServerConfigKeys (ConfUtils.java:logGet(43)) - raft.server.staging.catchup.gap = 1000 (default)
2019-09-25 05:06:21,140 [f77bfc29-6991-4b1d-a503-f706c83de4fc@group-D1E4F48C375A:LeaderElection115] INFO  server.RaftServerConfigKeys (ConfUtils.java:logGet(43)) - raft.server.rpc.sleep.time = 25ms (default)
2019-09-25 05:06:21,139 [b4fa7d23-6606-45fd-9544-2b08ca3fa933@group-7943F034B0F3:LeaderElection113] INFO  server.RaftServerConfigKeys (ConfUtils.java:logGet(43)) - raft.server.rpc.sleep.time = 25ms (default)
2019-09-25 05:06:21,139 [56396258-65a3-478c-9482-0be0199dd49c@group-2570D1B685B2:LeaderElection118] INFO  server.RaftServerConfigKeys (ConfUtils.java:logGet(43)) - raft.server.rpc.sleep.time = 25ms (default)
2019-09-25 05:06:21,139 [pool-87-thread-1] INFO  storage.RaftStorage (RaftStorage.java:format(72)) - Storage directory /workdir/hadoop-ozone/integration-test/target/test-dir/MiniOzoneClusterImpl-23306158-e895-4fc7-80df-ce6c264c388b/datanode-6/data/ratis/0c00dc2e-d966-4b5f-ad7b-91f3df1d9994 has been successfully formatted.
2019-09-25 05:06:21,139 [pool-27-thread-1] INFO  storage.RaftStorageDirectory (RaftStorageDirectory.java:tryLock(328)) - Lock on /workdir/hadoop-ozone/integration-test/target/test-dir/MiniOzoneClusterImpl-23306158-e895-4fc7-80df-ce6c264c388b/datanode-0/data/ratis/0c00dc2e-d966-4b5f-ad7b-91f3df1d9994/in_use.lock acquired by nodename 25526@pr-hdds-1569-s62bp-3040748787
2019-09-25 05:06:21,138 [Thread-718] INFO  impl.FollowerState (FollowerState.java:run(106)) - b4fa7d23-6606-45fd-9544-2b08ca3fa933:group-0EE8D742F083 changes to CANDIDATE, lastRpcTime:5343, electionTimeout:5187ms
2019-09-25 05:06:21,137 [Thread-739] INFO  impl.FollowerState (FollowerState.java:run(106)) - 56396258-65a3-478c-9482-0be0199dd49c:group-E36E29956034 changes to CANDIDATE, lastRpcTime:5138, electionTimeout:5088ms
2019-09-25 05:06:21,136 [Thread-731] INFO  impl.FollowerState (FollowerState.java:run(106)) - 36ac27b3-2f11-437d-8f1f-165306b0ff4a:group-40FA5C7FE322 changes to CANDIDATE, lastRpcTime:5228, electionTimeout:5190ms
2019-09-25 05:06:21,136 [Thread-749] INFO  impl.FollowerState (FollowerState.java:run(106)) - b4fa7d23-6606-45fd-9544-2b08ca3fa933:group-A43BB86F38DC changes to CANDIDATE, lastRpcTime:5056, electionTimeout:5041ms
2019-09-25 05:06:20,911 [c8798e02-7f0c-41f7-82c2-a17323bcf21e@group-CF3265719ADC:LeaderElection105] INFO  impl.RaftServerImpl (ServerState.java:setRaftConf(354)) - c8798e02-7f0c-41f7-82c2-a17323bcf21e@group-CF3265719ADC: set configuration 0: [c8798e02-7f0c-41f7-82c2-a17323bcf21e:192.168.30.10:40603], old=null at 0
2019-09-25 05:06:20,911 [b4fa7d23-6606-45fd-9544-2b08ca3fa933@group-490C88226581:LeaderElection116] INFO  server.RaftServerConfigKeys (ConfUtils.java:logGet(43)) - raft.server.watch.timeout.denomination = 1s (default)
2019-09-25 05:06:20,910 [Thread-726] INFO  impl.RoleInfo (RoleInfo.java:updateAndGet(143)) - 36ac27b3-2f11-437d-8f1f-165306b0ff4a: start LeaderElection
2019-09-25 05:06:20,910 [36ac27b3-2f11-437d-8f1f-165306b0ff4a@group-9D3FBAA3679F:LeaderElection114] INFO  server.RaftServerConfigKeys (ConfUtils.java:logGet(43)) - raft.server.rpc.sleep.time = 25ms (default)
2019-09-25 05:06:20,910 [Thread-711] INFO  impl.RoleInfo (RoleInfo.java:updateAndGet(143)) - f77bfc29-6991-4b1d-a503-f706c83de4fc: start LeaderElection
2019-09-25 05:06:21,142 [36ac27b3-2f11-437d-8f1f-165306b0ff4a@group-9D3FBAA3679F:LeaderElection114] INFO  server.RaftServerConfigKeys (ConfUtils.java:logGet(43)) - raft.server.write.element-limit = 4096 (default)
2019-09-25 05:06:21,142 [b4fa7d23-6606-45fd-9544-2b08ca3fa933@group-490C88226581:LeaderElection116] INFO  server.RaftServerConfigKeys (ConfUtils.java:logGet(43)) - raft.server.watch.element-limit = 65536 (default)
2019-09-25 05:06:21,141 [pool-87-thread-1] INFO  ratis.ContainerStateMachine (ContainerStateMachine.java:loadSnapshot(230)) - group-91F3DF1D9994: The snapshot info is null. Setting the last applied indexto:(t:0, i:~)
2019-09-25 05:06:21,141 [56396258-65a3-478c-9482-0be0199dd49c@group-2570D1B685B2:LeaderElection118] INFO  server.RaftServerConfigKeys (ConfUtils.java:logGet(43)) - raft.server.write.element-limit = 4096 (default)
2019-09-25 05:06:21,143 [56396258-65a3-478c-9482-0be0199dd49c@group-2570D1B685B2:LeaderElection118] INFO  server.RaftServerConfigKeys (ConfUtils.java:logGet(43)) - raft.server.watch.timeout = 10s (default)
2019-09-25 05:06:21,140 [b4fa7d23-6606-45fd-9544-2b08ca3fa933@group-7943F034B0F3:LeaderElection113] INFO  server.RaftServerConfigKeys (ConfUtils.java:logGet(43)) - raft.server.write.element-limit = 4096 (default)
2019-09-25 05:06:21,140 [f77bfc29-6991-4b1d-a503-f706c83de4fc@group-D1E4F48C375A:LeaderElection115] INFO  server.RaftServerConfigKeys (ConfUtils.java:logGet(43)) - raft.server.write.element-limit = 4096 (default)
2019-09-25 05:06:21,140 [692224c4-5202-4921-98cc-04d5c60c79cc@group-4EBFA92A4DF4:LeaderElection117] INFO  server.RaftServerConfigKeys (ConfUtils.java:logGet(43)) - raft.server.rpc.sleep.time = 25ms (default)
2019-09-25 05:06:21,143 [f77bfc29-6991-4b1d-a503-f706c83de4fc@group-D1E4F48C375A:LeaderElection115] INFO  server.RaftServerConfigKeys (ConfUtils.java:logGet(43)) - raft.server.watch.timeout = 10s (default)
2019-09-25 05:06:21,143 [Thread-749] INFO  impl.RoleInfo (RoleInfo.java:shutdownFollowerState(121)) - b4fa7d23-6606-45fd-9544-2b08ca3fa933: shutdown FollowerState
2019-09-25 05:06:21,143 [Thread-739] INFO  impl.RoleInfo (RoleInfo.java:shutdownFollowerState(121)) - 56396258-65a3-478c-9482-0be0199dd49c: shutdown FollowerState
2019-09-25 05:06:21,143 [Thread-731] INFO  impl.RoleInfo (RoleInfo.java:shutdownFollowerState(121)) - 36ac27b3-2f11-437d-8f1f-165306b0ff4a: shutdown FollowerState
2019-09-25 05:06:21,143 [b4fa7d23-6606-45fd-9544-2b08ca3fa933@group-7943F034B0F3:LeaderElection113] INFO  server.RaftServerConfigKeys (ConfUtils.java:logGet(43)) - raft.server.watch.timeout = 10s (default)
2019-09-25 05:06:21,143 [Thread-718] INFO  impl.RoleInfo (RoleInfo.java:shutdownFollowerState(121)) - b4fa7d23-6606-45fd-9544-2b08ca3fa933: shutdown FollowerState
2019-09-25 05:06:21,143 [56396258-65a3-478c-9482-0be0199dd49c@group-2570D1B685B2:LeaderElection118] INFO  server.RaftServerConfigKeys (ConfUtils.java:logGet(43)) - raft.server.watch.timeout.denomination = 1s (default)
2019-09-25 05:06:21,143 [pool-87-thread-1] INFO  server.RaftServerConfigKeys (ConfUtils.java:logGet(43)) - raft.server.notification.no-leader.timeout = 120s (custom)
2019-09-25 05:06:21,142 [36ac27b3-2f11-437d-8f1f-165306b0ff4a@group-9D3FBAA3679F:LeaderElection114] INFO  server.RaftServerConfigKeys (ConfUtils.java:logGet(43)) - raft.server.watch.timeout = 10s (default)
2019-09-25 05:06:21,144 [pool-87-thread-1] INFO  server.RaftServerConfigKeys (ConfUtils.java:logGet(43)) - raft.server.log.use.memory = false (default)
2019-09-25 05:06:21,144 [56396258-65a3-478c-9482-0be0199dd49c@group-2570D1B685B2:LeaderElection118] INFO  server.RaftServerConfigKeys (ConfUtils.java:logGet(43)) - raft.server.watch.element-limit = 65536 (default)
2019-09-25 05:06:21,144 [Thread-718] INFO  impl.RaftServerImpl (RaftServerImpl.java:setRole(174)) - b4fa7d23-6606-45fd-9544-2b08ca3fa933@group-0EE8D742F083: changes role from  FOLLOWER to CANDIDATE at term 0 for changeToCandidate
2019-09-25 05:06:21,144 [b4fa7d23-6606-45fd-9544-2b08ca3fa933@group-7943F034B0F3:LeaderElection113] INFO  server.RaftServerConfigKeys (ConfUtils.java:logGet(43)) - raft.server.watch.timeout.denomination = 1s (default)
2019-09-25 05:06:21,144 [Thread-731] INFO  impl.RaftServerImpl (RaftServerImpl.java:setRole(174)) - 36ac27b3-2f11-437d-8f1f-165306b0ff4a@group-40FA5C7FE322: changes role from  FOLLOWER to CANDIDATE at term 0 for changeToCandidate
2019-09-25 05:06:21,144 [Thread-739] INFO  impl.RaftServerImpl (RaftServerImpl.java:setRole(174)) - 56396258-65a3-478c-9482-0be0199dd49c@group-E36E29956034: changes role from  FOLLOWER to CANDIDATE at term 0 for changeToCandidate
2019-09-25 05:06:21,144 [692224c4-5202-4921-98cc-04d5c60c79cc@group-B76D1F0B6CD7:LeaderElection104] INFO  impl.RoleInfo (RoleInfo.java:updateAndGet(143)) - 692224c4-5202-4921-98cc-04d5c60c79cc: start LeaderState
2019-09-25 05:06:21,145 [Thread-739] INFO  impl.RoleInfo (RoleInfo.java:updateAndGet(143)) - 56396258-65a3-478c-9482-0be0199dd49c: start LeaderElection
2019-09-25 05:06:21,146 [692224c4-5202-4921-98cc-04d5c60c79cc@group-B76D1F0B6CD7:LeaderElection104] INFO  segmented.SegmentedRaftLogWorker (SegmentedRaftLogWorker.java:startLogSegment(380)) - 692224c4-5202-4921-98cc-04d5c60c79cc@group-B76D1F0B6CD7-SegmentedRaftLogWorker: Starting segment from index:0
2019-09-25 05:06:21,144 [Thread-749] INFO  impl.RaftServerImpl (RaftServerImpl.java:setRole(174)) - b4fa7d23-6606-45fd-9544-2b08ca3fa933@group-A43BB86F38DC: changes role from  FOLLOWER to CANDIDATE at term 0 for changeToCandidate
2019-09-25 05:06:21,144 [Thread-736] INFO  impl.FollowerState (FollowerState.java:run(106)) - 692224c4-5202-4921-98cc-04d5c60c79cc:group-3853F77ACA4A changes to CANDIDATE, lastRpcTime:5191, electionTimeout:5191ms
2019-09-25 05:06:21,144 [f77bfc29-6991-4b1d-a503-f706c83de4fc@group-D1E4F48C375A:LeaderElection115] INFO  server.RaftServerConfigKeys (ConfUtils.java:logGet(43)) - raft.server.watch.timeout.denomination = 1s (default)
2019-09-25 05:06:21,143 [692224c4-5202-4921-98cc-04d5c60c79cc@group-4EBFA92A4DF4:LeaderElection117] INFO  server.RaftServerConfigKeys (ConfUtils.java:logGet(43)) - raft.server.write.element-limit = 4096 (default)
2019-09-25 05:06:21,394 [de37f7a0-0375-40a9-a318-404478482fcb@group-20CAD8A90CD6-SegmentedRaftLogWorker] ERROR segmented.SegmentedRaftLogWorker (SegmentedRaftLogWorker.java:run(323)) - de37f7a0-0375-40a9-a318-404478482fcb@group-20CAD8A90CD6-SegmentedRaftLogWorker hit exception
java.lang.OutOfMemoryError: Direct buffer memory
	at java.nio.Bits.reserveMemory(Bits.java:666)
	at java.nio.DirectByteBuffer.<init>(DirectByteBuffer.java:123)
	at java.nio.ByteBuffer.allocateDirect(ByteBuffer.java:311)
	at org.apache.ratis.server.raftlog.segmented.BufferedWriteChannel.<init>(BufferedWriteChannel.java:41)
	at org.apache.ratis.server.raftlog.segmented.SegmentedRaftLogOutputStream.<init>(SegmentedRaftLogOutputStream.java:72)
	at org.apache.ratis.server.raftlog.segmented.SegmentedRaftLogWorker$StartLogSegment.execute(SegmentedRaftLogWorker.java:566)
	at org.apache.ratis.server.raftlog.segmented.SegmentedRaftLogWorker.run(SegmentedRaftLogWorker.java:289)
	at java.lang.Thread.run(Thread.java:748)
2019-09-25 05:06:21,394 [36ac27b3-2f11-437d-8f1f-165306b0ff4a@group-6E6AA1FC98DD:LeaderElection125] INFO  impl.LeaderElection (LeaderElection.java:askForVotes(182)) - 36ac27b3-2f11-437d-8f1f-165306b0ff4a@group-6E6AA1FC98DD:LeaderElection125: begin an election at term 1 for -1: [36ac27b3-2f11-437d-8f1f-165306b0ff4a:192.168.30.10:45265], old=null
2019-09-25 05:06:21,394 [f77bfc29-6991-4b1d-a503-f706c83de4fc@group-B866544E1229:LeaderElection123] INFO  impl.LeaderElection (LeaderElection.java:askForVotes(182)) - f77bfc29-6991-4b1d-a503-f706c83de4fc@group-B866544E1229:LeaderElection123: begin an election at term 1 for -1: [f77bfc29-6991-4b1d-a503-f706c83de4fc:192.168.30.10:35112], old=null
2019-09-25 05:06:21,393 [f77bfc29-6991-4b1d-a503-f706c83de4fc@group-35F023F29269:LeaderElection122] INFO  impl.LeaderElection (LeaderElection.java:askForVotes(182)) - f77bfc29-6991-4b1d-a503-f706c83de4fc@group-35F023F29269:LeaderElection122: begin an election at term 1 for -1: [f77bfc29-6991-4b1d-a503-f706c83de4fc:192.168.30.10:35112], old=null
2019-09-25 05:06:21,393 [36ac27b3-2f11-437d-8f1f-165306b0ff4a@group-25E3748DE4E7:LeaderElection121] INFO  impl.LeaderElection (LeaderElection.java:askForVotes(182)) - 36ac27b3-2f11-437d-8f1f-165306b0ff4a@group-25E3748DE4E7:LeaderElection121: begin an election at term 1 for -1: [36ac27b3-2f11-437d-8f1f-165306b0ff4a:192.168.30.10:45265], old=null
2019-09-25 05:06:21,393 [f77bfc29-6991-4b1d-a503-f706c83de4fc@group-F2D9B87A111F:LeaderElection124] INFO  impl.LeaderElection (LeaderElection.java:askForVotes(182)) - f77bfc29-6991-4b1d-a503-f706c83de4fc@group-F2D9B87A111F:LeaderElection124: begin an election at term 1 for -1: [f77bfc29-6991-4b1d-a503-f706c83de4fc:192.168.30.10:35112], old=null
2019-09-25 05:06:21,395 [f77bfc29-6991-4b1d-a503-f706c83de4fc@group-F2D9B87A111F:LeaderElection124] INFO  impl.RoleInfo (RoleInfo.java:shutdownLeaderElection(134)) - f77bfc29-6991-4b1d-a503-f706c83de4fc: shutdown LeaderElection
2019-09-25 05:06:21,393 [c8798e02-7f0c-41f7-82c2-a17323bcf21e@group-0D663BBCA5B4:LeaderElection119] INFO  impl.LeaderElection (LeaderElection.java:askForVotes(182)) - c8798e02-7f0c-41f7-82c2-a17323bcf21e@group-0D663BBCA5B4:LeaderElection119: begin an election at term 1 for -1: [c8798e02-7f0c-41f7-82c2-a17323bcf21e:192.168.30.10:40603], old=null
2019-09-25 05:06:21,396 [c8798e02-7f0c-41f7-82c2-a17323bcf21e@group-0D663BBCA5B4:LeaderElection119] INFO  impl.RoleInfo (RoleInfo.java:shutdownLeaderElection(134)) - c8798e02-7f0c-41f7-82c2-a17323bcf21e: shutdown LeaderElection
2019-09-25 05:06:21,393 [36ac27b3-2f11-437d-8f1f-165306b0ff4a@group-5080C272BC14:LeaderElection120] INFO  impl.LeaderElection (LeaderElection.java:askForVotes(182)) - 36ac27b3-2f11-437d-8f1f-165306b0ff4a@group-5080C272BC14:LeaderElection120: begin an election at term 1 for -1: [36ac27b3-2f11-437d-8f1f-165306b0ff4a:192.168.30.10:45265], old=null
2019-09-25 05:06:21,393 [pool-27-thread-1] INFO  storage.RaftStorage (RaftStorage.java:format(72)) - Storage directory /workdir/hadoop-ozone/integration-test/target/test-dir/MiniOzoneClusterImpl-23306158-e895-4fc7-80df-ce6c264c388b/datanode-0/data/ratis/0c00dc2e-d966-4b5f-ad7b-91f3df1d9994 has been successfully formatted.
2019-09-25 05:06:21,393 [Thread-746] INFO  impl.FollowerState (FollowerState.java:run(106)) - c8798e02-7f0c-41f7-82c2-a17323bcf21e:group-82E6436EE4C4 changes to CANDIDATE, lastRpcTime:5356, electionTimeout:5140ms
2019-09-25 05:06:21,391 [Thread-754] INFO  impl.FollowerState (FollowerState.java:run(106)) - f77bfc29-6991-4b1d-a503-f706c83de4fc:group-40FD7941FFE1 changes to CANDIDATE, lastRpcTime:5255, electionTimeout:5140ms
2019-09-25 05:06:21,390 [Thread-771] INFO  impl.FollowerState (FollowerState.java:run(106)) - b4fa7d23-6606-45fd-9544-2b08ca3fa933:group-57C0E81ED09A changes to CANDIDATE, lastRpcTime:5116, electionTimeout:5065ms
2019-09-25 05:06:21,389 [Thread-774] INFO  impl.FollowerState (FollowerState.java:run(106)) - b4fa7d23-6606-45fd-9544-2b08ca3fa933:group-E09D7EF96C33 changes to CANDIDATE, lastRpcTime:5073, electionTimeout:5062ms
2019-09-25 05:06:21,388 [Thread-761] INFO  impl.FollowerState (FollowerState.java:run(106)) - b4fa7d23-6606-45fd-9544-2b08ca3fa933:group-184F6EE9DFE2 changes to CANDIDATE, lastRpcTime:5201, electionTimeout:5197ms
2019-09-25 05:06:21,146 [f77bfc29-6991-4b1d-a503-f706c83de4fc@group-D1E4F48C375A:LeaderElection115] INFO  server.RaftServerConfigKeys (ConfUtils.java:logGet(43)) - raft.server.watch.element-limit = 65536 (default)
2019-09-25 05:06:21,146 [692224c4-5202-4921-98cc-04d5c60c79cc@group-B76D1F0B6CD7:LeaderElection104] INFO  impl.RaftServerImpl (ServerState.java:setRaftConf(354)) - 692224c4-5202-4921-98cc-04d5c60c79cc@group-B76D1F0B6CD7: set configuration 0: [692224c4-5202-4921-98cc-04d5c60c79cc:192.168.30.10:38144], old=null at 0
2019-09-25 05:06:21,146 [Thread-749] INFO  impl.RoleInfo (RoleInfo.java:updateAndGet(143)) - b4fa7d23-6606-45fd-9544-2b08ca3fa933: start LeaderElection
2019-09-25 05:06:21,145 [Thread-731] INFO  impl.RoleInfo (RoleInfo.java:updateAndGet(143)) - 36ac27b3-2f11-437d-8f1f-165306b0ff4a: start LeaderElection
2019-09-25 05:06:21,145 [b4fa7d23-6606-45fd-9544-2b08ca3fa933@group-7943F034B0F3:LeaderElection113] INFO  server.RaftServerConfigKeys (ConfUtils.java:logGet(43)) - raft.server.watch.element-limit = 65536 (default)
2019-09-25 05:06:21,145 [Thread-718] INFO  impl.RoleInfo (RoleInfo.java:updateAndGet(143)) - b4fa7d23-6606-45fd-9544-2b08ca3fa933: start LeaderElection
2019-09-25 05:06:21,145 [pool-87-thread-1] INFO  server.RaftServerConfigKeys (ConfUtils.java:logGet(43)) - raft.server.log.purge.gap = 1000000 (custom)
2019-09-25 05:06:21,145 [36ac27b3-2f11-437d-8f1f-165306b0ff4a@group-9D3FBAA3679F:LeaderElection114] INFO  server.RaftServerConfigKeys (ConfUtils.java:logGet(43)) - raft.server.watch.timeout.denomination = 1s (default)
2019-09-25 05:06:21,398 [Thread-754] INFO  impl.RoleInfo (RoleInfo.java:shutdownFollowerState(121)) - f77bfc29-6991-4b1d-a503-f706c83de4fc: shutdown FollowerState
2019-09-25 05:06:21,398 [Thread-746] INFO  impl.RoleInfo (RoleInfo.java:shutdownFollowerState(121)) - c8798e02-7f0c-41f7-82c2-a17323bcf21e: shutdown FollowerState
2019-09-25 05:06:21,398 [Thread-774] INFO  impl.RoleInfo (RoleInfo.java:shutdownFollowerState(121)) - b4fa7d23-6606-45fd-9544-2b08ca3fa933: shutdown FollowerState
2019-09-25 05:06:21,398 [pool-87-thread-1] INFO  server.RaftServerConfigKeys (ConfUtils.java:logGet(43)) - raft.server.log.appender.buffer.byte-limit = 33554432 (custom)
2019-09-25 05:06:21,397 [f77bfc29-6991-4b1d-a503-f706c83de4fc@group-FF5A2CCB1E57:LeaderElection102] INFO  impl.RoleInfo (RoleInfo.java:updateAndGet(143)) - f77bfc29-6991-4b1d-a503-f706c83de4fc: start LeaderState
2019-09-25 05:06:21,396 [pool-27-thread-1] INFO  ratis.ContainerStateMachine (ContainerStateMachine.java:loadSnapshot(230)) - group-91F3DF1D9994: The snapshot info is null. Setting the last applied indexto:(t:0, i:~)
2019-09-25 05:06:21,399 [f77bfc29-6991-4b1d-a503-f706c83de4fc@group-FF5A2CCB1E57:LeaderElection102] INFO  segmented.SegmentedRaftLogWorker (SegmentedRaftLogWorker.java:startLogSegment(380)) - f77bfc29-6991-4b1d-a503-f706c83de4fc@group-FF5A2CCB1E57-SegmentedRaftLogWorker: Starting segment from index:0
2019-09-25 05:06:21,396 [36ac27b3-2f11-437d-8f1f-165306b0ff4a@group-5080C272BC14:LeaderElection120] INFO  impl.RoleInfo (RoleInfo.java:shutdownLeaderElection(134)) - 36ac27b3-2f11-437d-8f1f-165306b0ff4a: shutdown LeaderElection
2019-09-25 05:06:21,396 [Thread-736] INFO  impl.RoleInfo (RoleInfo.java:shutdownFollowerState(121)) - 692224c4-5202-4921-98cc-04d5c60c79cc: shutdown FollowerState
2019-09-25 05:06:21,396 [c8798e02-7f0c-41f7-82c2-a17323bcf21e@group-0D663BBCA5B4:LeaderElection119] INFO  impl.RaftServerImpl (RaftServerImpl.java:setRole(174)) - c8798e02-7f0c-41f7-82c2-a17323bcf21e@group-0D663BBCA5B4: changes role from CANDIDATE to LEADER at term 1 for changeToLeader
2019-09-25 05:06:21,396 [f77bfc29-6991-4b1d-a503-f706c83de4fc@group-F2D9B87A111F:LeaderElection124] INFO  impl.RaftServerImpl (RaftServerImpl.java:setRole(174)) - f77bfc29-6991-4b1d-a503-f706c83de4fc@group-F2D9B87A111F: changes role from CANDIDATE to LEADER at term 1 for changeToLeader
2019-09-25 05:06:21,395 [36ac27b3-2f11-437d-8f1f-165306b0ff4a@group-25E3748DE4E7:LeaderElection121] INFO  impl.RoleInfo (RoleInfo.java:shutdownLeaderElection(134)) - 36ac27b3-2f11-437d-8f1f-165306b0ff4a: shutdown LeaderElection
2019-09-25 05:06:21,395 [f77bfc29-6991-4b1d-a503-f706c83de4fc@group-35F023F29269:LeaderElection122] INFO  impl.RoleInfo (RoleInfo.java:shutdownLeaderElection(134)) - f77bfc29-6991-4b1d-a503-f706c83de4fc: shutdown LeaderElection
2019-09-25 05:06:21,395 [f77bfc29-6991-4b1d-a503-f706c83de4fc@group-B866544E1229:LeaderElection123] INFO  impl.RoleInfo (RoleInfo.java:shutdownLeaderElection(134)) - f77bfc29-6991-4b1d-a503-f706c83de4fc: shutdown LeaderElection
2019-09-25 05:06:21,395 [36ac27b3-2f11-437d-8f1f-165306b0ff4a@group-6E6AA1FC98DD:LeaderElection125] INFO  impl.RoleInfo (RoleInfo.java:shutdownLeaderElection(134)) - 36ac27b3-2f11-437d-8f1f-165306b0ff4a: shutdown LeaderElection
2019-09-25 05:06:21,395 [de37f7a0-0375-40a9-a318-404478482fcb@group-20CAD8A90CD6-SegmentedRaftLogWorker] INFO  impl.RaftServerImpl (RaftServerImpl.java:lambda$shutdown$3(251)) - de37f7a0-0375-40a9-a318-404478482fcb@group-20CAD8A90CD6: shutdown
2019-09-25 05:06:21,394 [692224c4-5202-4921-98cc-04d5c60c79cc@group-4EBFA92A4DF4:LeaderElection117] INFO  server.RaftServerConfigKeys (ConfUtils.java:logGet(43)) - raft.server.watch.timeout = 10s (default)
2019-09-25 05:06:21,615 [36ac27b3-2f11-437d-8f1f-165306b0ff4a@group-6E6AA1FC98DD:LeaderElection125] INFO  impl.RaftServerImpl (RaftServerImpl.java:setRole(174)) - 36ac27b3-2f11-437d-8f1f-165306b0ff4a@group-6E6AA1FC98DD: changes role from CANDIDATE to LEADER at term 1 for changeToLeader
2019-09-25 05:06:21,615 [f77bfc29-6991-4b1d-a503-f706c83de4fc@group-B866544E1229:LeaderElection123] INFO  impl.RaftServerImpl (RaftServerImpl.java:setRole(174)) - f77bfc29-6991-4b1d-a503-f706c83de4fc@group-B866544E1229: changes role from CANDIDATE to LEADER at term 1 for changeToLeader
2019-09-25 05:06:21,615 [f77bfc29-6991-4b1d-a503-f706c83de4fc@group-35F023F29269:LeaderElection122] INFO  impl.RaftServerImpl (RaftServerImpl.java:setRole(174)) - f77bfc29-6991-4b1d-a503-f706c83de4fc@group-35F023F29269: changes role from CANDIDATE to LEADER at term 1 for changeToLeader
2019-09-25 05:06:21,616 [f77bfc29-6991-4b1d-a503-f706c83de4fc@group-35F023F29269:LeaderElection122] INFO  impl.RaftServerImpl (ServerState.java:setLeader(253)) - f77bfc29-6991-4b1d-a503-f706c83de4fc@group-35F023F29269: change Leader from null to f77bfc29-6991-4b1d-a503-f706c83de4fc at term 1 for becomeLeader, leader elected after 5791ms
2019-09-25 05:06:21,615 [36ac27b3-2f11-437d-8f1f-165306b0ff4a@group-25E3748DE4E7:LeaderElection121] INFO  impl.RaftServerImpl (RaftServerImpl.java:setRole(174)) - 36ac27b3-2f11-437d-8f1f-165306b0ff4a@group-25E3748DE4E7: changes role from CANDIDATE to LEADER at term 1 for changeToLeader
2019-09-25 05:06:21,615 [f77bfc29-6991-4b1d-a503-f706c83de4fc@group-F2D9B87A111F:LeaderElection124] INFO  impl.RaftServerImpl (ServerState.java:setLeader(253)) - f77bfc29-6991-4b1d-a503-f706c83de4fc@group-F2D9B87A111F: change Leader from null to f77bfc29-6991-4b1d-a503-f706c83de4fc at term 1 for becomeLeader, leader elected after 5868ms
2019-09-25 05:06:21,614 [c8798e02-7f0c-41f7-82c2-a17323bcf21e@group-0D663BBCA5B4:LeaderElection119] INFO  impl.RaftServerImpl (ServerState.java:setLeader(253)) - c8798e02-7f0c-41f7-82c2-a17323bcf21e@group-0D663BBCA5B4: change Leader from null to c8798e02-7f0c-41f7-82c2-a17323bcf21e at term 1 for becomeLeader, leader elected after 6086ms
2019-09-25 05:06:21,608 [56396258-65a3-478c-9482-0be0199dd49c@group-E36E29956034:LeaderElection128] INFO  impl.LeaderElection (LeaderElection.java:askForVotes(182)) - 56396258-65a3-478c-9482-0be0199dd49c@group-E36E29956034:LeaderElection128: begin an election at term 1 for -1: [56396258-65a3-478c-9482-0be0199dd49c:192.168.30.10:41678], old=null
2019-09-25 05:06:21,611 [f77bfc29-6991-4b1d-a503-f706c83de4fc@group-FF5A2CCB1E57:LeaderElection102] INFO  impl.RaftServerImpl (ServerState.java:setRaftConf(354)) - f77bfc29-6991-4b1d-a503-f706c83de4fc@group-FF5A2CCB1E57: set configuration 0: [f77bfc29-6991-4b1d-a503-f706c83de4fc:192.168.30.10:35112], old=null at 0
2019-09-25 05:06:21,607 [Thread-768] INFO  impl.FollowerState (FollowerState.java:run(106)) - de37f7a0-0375-40a9-a318-404478482fcb:group-B581BAE74188 changes to CANDIDATE, lastRpcTime:5374, electionTimeout:5185ms
2019-09-25 05:06:21,605 [Thread-782] INFO  impl.FollowerState (FollowerState.java:run(106)) - 56396258-65a3-478c-9482-0be0199dd49c:group-D960DA882FC6 changes to CANDIDATE, lastRpcTime:5190, electionTimeout:5089ms
2019-09-25 05:06:21,605 [Thread-792] INFO  impl.FollowerState (FollowerState.java:run(106)) - de37f7a0-0375-40a9-a318-404478482fcb:group-C088ACFB0C23 changes to CANDIDATE, lastRpcTime:5110, electionTimeout:5043ms
2019-09-25 05:06:21,605 [Thread-779] INFO  impl.FollowerState (FollowerState.java:run(106)) - 692224c4-5202-4921-98cc-04d5c60c79cc:group-7A27D85A9D2A changes to CANDIDATE, lastRpcTime:5235, electionTimeout:5170ms
2019-09-25 05:06:21,604 [Thread-785] INFO  impl.FollowerState (FollowerState.java:run(106)) - 56396258-65a3-478c-9482-0be0199dd49c:group-FC5E68C66751 changes to CANDIDATE, lastRpcTime:5145, electionTimeout:5127ms
2019-09-25 05:06:21,399 [Thread-736] INFO  impl.RaftServerImpl (RaftServerImpl.java:setRole(174)) - 692224c4-5202-4921-98cc-04d5c60c79cc@group-3853F77ACA4A: changes role from  FOLLOWER to CANDIDATE at term 0 for changeToCandidate
2019-09-25 05:06:21,399 [36ac27b3-2f11-437d-8f1f-165306b0ff4a@group-5080C272BC14:LeaderElection120] INFO  impl.RaftServerImpl (RaftServerImpl.java:setRole(174)) - 36ac27b3-2f11-437d-8f1f-165306b0ff4a@group-5080C272BC14: changes role from CANDIDATE to LEADER at term 1 for changeToLeader
2019-09-25 05:06:21,399 [pool-27-thread-1] INFO  server.RaftServerConfigKeys (ConfUtils.java:logGet(43)) - raft.server.notification.no-leader.timeout = 120s (custom)
2019-09-25 05:06:21,399 [pool-87-thread-1] INFO  server.RaftServerConfigKeys (ConfUtils.java:logGet(43)) - raft.server.log.segment.size.max = 1048576 (custom)
2019-09-25 05:06:21,399 [Thread-761] INFO  impl.RoleInfo (RoleInfo.java:shutdownFollowerState(121)) - b4fa7d23-6606-45fd-9544-2b08ca3fa933: shutdown FollowerState
2019-09-25 05:06:21,399 [Thread-774] INFO  impl.RaftServerImpl (RaftServerImpl.java:setRole(174)) - b4fa7d23-6606-45fd-9544-2b08ca3fa933@group-E09D7EF96C33: changes role from  FOLLOWER to CANDIDATE at term 0 for changeToCandidate
2019-09-25 05:06:21,398 [Thread-746] INFO  impl.RaftServerImpl (RaftServerImpl.java:setRole(174)) - c8798e02-7f0c-41f7-82c2-a17323bcf21e@group-82E6436EE4C4: changes role from  FOLLOWER to CANDIDATE at term 0 for changeToCandidate
2019-09-25 05:06:21,398 [Thread-771] INFO  impl.RoleInfo (RoleInfo.java:shutdownFollowerState(121)) - b4fa7d23-6606-45fd-9544-2b08ca3fa933: shutdown FollowerState
2019-09-25 05:06:21,398 [Thread-754] INFO  impl.RaftServerImpl (RaftServerImpl.java:setRole(174)) - f77bfc29-6991-4b1d-a503-f706c83de4fc@group-40FD7941FFE1: changes role from  FOLLOWER to CANDIDATE at term 0 for changeToCandidate
2019-09-25 05:06:21,398 [36ac27b3-2f11-437d-8f1f-165306b0ff4a@group-9D3FBAA3679F:LeaderElection114] INFO  server.RaftServerConfigKeys (ConfUtils.java:logGet(43)) - raft.server.watch.element-limit = 65536 (default)
2019-09-25 05:06:21,619 [Thread-779] INFO  impl.RoleInfo (RoleInfo.java:shutdownFollowerState(121)) - 692224c4-5202-4921-98cc-04d5c60c79cc: shutdown FollowerState
2019-09-25 05:06:21,619 [Thread-754] INFO  impl.RoleInfo (RoleInfo.java:updateAndGet(143)) - f77bfc29-6991-4b1d-a503-f706c83de4fc: start LeaderElection
2019-09-25 05:06:21,619 [Thread-792] INFO  impl.RoleInfo (RoleInfo.java:shutdownFollowerState(121)) - de37f7a0-0375-40a9-a318-404478482fcb: shutdown FollowerState
2019-09-25 05:06:21,619 [Thread-792] INFO  impl.RaftServerImpl (RaftServerImpl.java:setRole(174)) - de37f7a0-0375-40a9-a318-404478482fcb@group-C088ACFB0C23: changes role from  FOLLOWER to CANDIDATE at term 0 for changeToCandidate
2019-09-25 05:06:21,619 [Thread-771] INFO  impl.RaftServerImpl (RaftServerImpl.java:setRole(174)) - b4fa7d23-6606-45fd-9544-2b08ca3fa933@group-57C0E81ED09A: changes role from  FOLLOWER to CANDIDATE at term 0 for changeToCandidate
2019-09-25 05:06:21,619 [Thread-782] INFO  impl.RoleInfo (RoleInfo.java:shutdownFollowerState(121)) - 56396258-65a3-478c-9482-0be0199dd49c: shutdown FollowerState
2019-09-25 05:06:21,619 [Thread-746] INFO  impl.RoleInfo (RoleInfo.java:updateAndGet(143)) - c8798e02-7f0c-41f7-82c2-a17323bcf21e: start LeaderElection
2019-09-25 05:06:21,618 [Thread-768] INFO  impl.RoleInfo (RoleInfo.java:shutdownFollowerState(121)) - de37f7a0-0375-40a9-a318-404478482fcb: shutdown FollowerState
2019-09-25 05:06:21,618 [Thread-774] INFO  impl.RoleInfo (RoleInfo.java:updateAndGet(143)) - b4fa7d23-6606-45fd-9544-2b08ca3fa933: start LeaderElection
2019-09-25 05:06:21,618 [Thread-761] INFO  impl.RaftServerImpl (RaftServerImpl.java:setRole(174)) - b4fa7d23-6606-45fd-9544-2b08ca3fa933@group-184F6EE9DFE2: changes role from  FOLLOWER to CANDIDATE at term 0 for changeToCandidate
2019-09-25 05:06:21,618 [pool-87-thread-1] INFO  server.RaftServerConfigKeys (ConfUtils.java:logGet(43)) - raft.server.log.segment.cache.num.max = 2 (custom)
2019-09-25 05:06:21,618 [pool-27-thread-1] INFO  server.RaftServerConfigKeys (ConfUtils.java:logGet(43)) - raft.server.log.use.memory = false (default)
2019-09-25 05:06:21,618 [36ac27b3-2f11-437d-8f1f-165306b0ff4a@group-5080C272BC14:LeaderElection120] INFO  impl.RaftServerImpl (ServerState.java:setLeader(253)) - 36ac27b3-2f11-437d-8f1f-165306b0ff4a@group-5080C272BC14: change Leader from null to 36ac27b3-2f11-437d-8f1f-165306b0ff4a at term 1 for becomeLeader, leader elected after 5909ms
2019-09-25 05:06:21,618 [Thread-736] INFO  impl.RoleInfo (RoleInfo.java:updateAndGet(143)) - 692224c4-5202-4921-98cc-04d5c60c79cc: start LeaderElection
2019-09-25 05:06:21,618 [b4fa7d23-6606-45fd-9544-2b08ca3fa933@group-82B6D9F84BDB:LeaderElection101] INFO  impl.RoleInfo (RoleInfo.java:updateAndGet(143)) - b4fa7d23-6606-45fd-9544-2b08ca3fa933: start LeaderState
2019-09-25 05:06:21,617 [56396258-65a3-478c-9482-0be0199dd49c@group-E36E29956034:LeaderElection128] INFO  impl.RoleInfo (RoleInfo.java:shutdownLeaderElection(134)) - 56396258-65a3-478c-9482-0be0199dd49c: shutdown LeaderElection
2019-09-25 05:06:21,617 [c8798e02-7f0c-41f7-82c2-a17323bcf21e@group-0D663BBCA5B4:LeaderElection119] INFO  server.RaftServerConfigKeys (ConfUtils.java:logGet(43)) - raft.server.staging.catchup.gap = 1000 (default)
2019-09-25 05:06:21,616 [f77bfc29-6991-4b1d-a503-f706c83de4fc@group-F2D9B87A111F:LeaderElection124] INFO  server.RaftServerConfigKeys (ConfUtils.java:logGet(43)) - raft.server.staging.catchup.gap = 1000 (default)
2019-09-25 05:06:21,616 [36ac27b3-2f11-437d-8f1f-165306b0ff4a@group-25E3748DE4E7:LeaderElection121] INFO  impl.RaftServerImpl (ServerState.java:setLeader(253)) - 36ac27b3-2f11-437d-8f1f-165306b0ff4a@group-25E3748DE4E7: change Leader from null to 36ac27b3-2f11-437d-8f1f-165306b0ff4a at term 1 for becomeLeader, leader elected after 6050ms
2019-09-25 05:06:21,616 [f77bfc29-6991-4b1d-a503-f706c83de4fc@group-35F023F29269:LeaderElection122] INFO  server.RaftServerConfigKeys (ConfUtils.java:logGet(43)) - raft.server.staging.catchup.gap = 1000 (default)
2019-09-25 05:06:21,616 [f77bfc29-6991-4b1d-a503-f706c83de4fc@group-B866544E1229:LeaderElection123] INFO  impl.RaftServerImpl (ServerState.java:setLeader(253)) - f77bfc29-6991-4b1d-a503-f706c83de4fc@group-B866544E1229: change Leader from null to f77bfc29-6991-4b1d-a503-f706c83de4fc at term 1 for becomeLeader, leader elected after 5948ms
2019-09-25 05:06:21,616 [36ac27b3-2f11-437d-8f1f-165306b0ff4a@group-6E6AA1FC98DD:LeaderElection125] INFO  impl.RaftServerImpl (ServerState.java:setLeader(253)) - 36ac27b3-2f11-437d-8f1f-165306b0ff4a@group-6E6AA1FC98DD: change Leader from null to 36ac27b3-2f11-437d-8f1f-165306b0ff4a at term 1 for becomeLeader, leader elected after 5754ms
2019-09-25 05:06:21,616 [692224c4-5202-4921-98cc-04d5c60c79cc@group-4EBFA92A4DF4:LeaderElection117] INFO  server.RaftServerConfigKeys (ConfUtils.java:logGet(43)) - raft.server.watch.timeout.denomination = 1s (default)
2019-09-25 05:06:21,622 [36ac27b3-2f11-437d-8f1f-165306b0ff4a@group-6E6AA1FC98DD:LeaderElection125] INFO  server.RaftServerConfigKeys (ConfUtils.java:logGet(43)) - raft.server.staging.catchup.gap = 1000 (default)
2019-09-25 05:06:21,622 [f77bfc29-6991-4b1d-a503-f706c83de4fc@group-B866544E1229:LeaderElection123] INFO  server.RaftServerConfigKeys (ConfUtils.java:logGet(43)) - raft.server.staging.catchup.gap = 1000 (default)
2019-09-25 05:06:21,622 [f77bfc29-6991-4b1d-a503-f706c83de4fc@group-35F023F29269:LeaderElection122] INFO  server.RaftServerConfigKeys (ConfUtils.java:logGet(43)) - raft.server.rpc.sleep.time = 25ms (default)
2019-09-25 05:06:21,621 [36ac27b3-2f11-437d-8f1f-165306b0ff4a@group-25E3748DE4E7:LeaderElection121] INFO  server.RaftServerConfigKeys (ConfUtils.java:logGet(43)) - raft.server.staging.catchup.gap = 1000 (default)
2019-09-25 05:06:21,621 [f77bfc29-6991-4b1d-a503-f706c83de4fc@group-F2D9B87A111F:LeaderElection124] INFO  server.RaftServerConfigKeys (ConfUtils.java:logGet(43)) - raft.server.rpc.sleep.time = 25ms (default)
2019-09-25 05:06:21,621 [c8798e02-7f0c-41f7-82c2-a17323bcf21e@group-D47F200B6179:LeaderElection103] INFO  impl.RoleInfo (RoleInfo.java:updateAndGet(143)) - c8798e02-7f0c-41f7-82c2-a17323bcf21e: start LeaderState
2019-09-25 05:06:21,621 [c8798e02-7f0c-41f7-82c2-a17323bcf21e@group-0D663BBCA5B4:LeaderElection119] INFO  server.RaftServerConfigKeys (ConfUtils.java:logGet(43)) - raft.server.rpc.sleep.time = 25ms (default)
2019-09-25 05:06:21,621 [b4fa7d23-6606-45fd-9544-2b08ca3fa933@group-82B6D9F84BDB:LeaderElection101] INFO  segmented.SegmentedRaftLogWorker (SegmentedRaftLogWorker.java:startLogSegment(380)) - b4fa7d23-6606-45fd-9544-2b08ca3fa933@group-82B6D9F84BDB-SegmentedRaftLogWorker: Starting segment from index:0
2019-09-25 05:06:21,621 [56396258-65a3-478c-9482-0be0199dd49c@group-E36E29956034:LeaderElection128] INFO  impl.RaftServerImpl (RaftServerImpl.java:setRole(174)) - 56396258-65a3-478c-9482-0be0199dd49c@group-E36E29956034: changes role from CANDIDATE to LEADER at term 1 for changeToLeader
2019-09-25 05:06:21,621 [36ac27b3-2f11-437d-8f1f-165306b0ff4a@group-5080C272BC14:LeaderElection120] INFO  server.RaftServerConfigKeys (ConfUtils.java:logGet(43)) - raft.server.staging.catchup.gap = 1000 (default)
2019-09-25 05:06:21,621 [pool-27-thread-1] INFO  server.RaftServerConfigKeys (ConfUtils.java:logGet(43)) - raft.server.log.purge.gap = 1000000 (custom)
2019-09-25 05:06:21,620 [pool-87-thread-1] INFO  segmented.SegmentedRaftLogWorker (SegmentedRaftLogWorker.java:<init>(172)) - new 56396258-65a3-478c-9482-0be0199dd49c@group-91F3DF1D9994-SegmentedRaftLogWorker for RaftStorage:Storage Directory /workdir/hadoop-ozone/integration-test/target/test-dir/MiniOzoneClusterImpl-23306158-e895-4fc7-80df-ce6c264c388b/datanode-6/data/ratis/0c00dc2e-d966-4b5f-ad7b-91f3df1d9994
2019-09-25 05:06:21,620 [Thread-761] INFO  impl.RoleInfo (RoleInfo.java:updateAndGet(143)) - b4fa7d23-6606-45fd-9544-2b08ca3fa933: start LeaderElection
2019-09-25 05:06:21,620 [Thread-768] INFO  impl.RaftServerImpl (RaftServerImpl.java:setRole(174)) - de37f7a0-0375-40a9-a318-404478482fcb@group-B581BAE74188: changes role from  FOLLOWER to CANDIDATE at term 0 for changeToCandidate
2019-09-25 05:06:21,620 [Thread-782] INFO  impl.RaftServerImpl (RaftServerImpl.java:setRole(174)) - 56396258-65a3-478c-9482-0be0199dd49c@group-D960DA882FC6: changes role from  FOLLOWER to CANDIDATE at term 0 for changeToCandidate
2019-09-25 05:06:21,893 [Thread-768] INFO  impl.RoleInfo (RoleInfo.java:updateAndGet(143)) - de37f7a0-0375-40a9-a318-404478482fcb: start LeaderElection
2019-09-25 05:06:21,620 [Thread-771] INFO  impl.RoleInfo (RoleInfo.java:updateAndGet(143)) - b4fa7d23-6606-45fd-9544-2b08ca3fa933: start LeaderElection
2019-09-25 05:06:21,620 [Thread-792] INFO  impl.RoleInfo (RoleInfo.java:updateAndGet(143)) - de37f7a0-0375-40a9-a318-404478482fcb: start LeaderElection
2019-09-25 05:06:21,619 [Thread-779] INFO  impl.RaftServerImpl (RaftServerImpl.java:setRole(174)) - 692224c4-5202-4921-98cc-04d5c60c79cc@group-7A27D85A9D2A: changes role from  FOLLOWER to CANDIDATE at term 0 for changeToCandidate
2019-09-25 05:06:21,619 [Thread-785] INFO  impl.RoleInfo (RoleInfo.java:shutdownFollowerState(121)) - 56396258-65a3-478c-9482-0be0199dd49c: shutdown FollowerState
2019-09-25 05:06:21,619 [de37f7a0-0375-40a9-a318-404478482fcb@group-20CAD8A90CD6-SegmentedRaftLogWorker] INFO  util.JmxRegister (JmxRegister.java:unregister(73)) - Successfully un-registered JMX Bean with object name Ratis:service=RaftServer,group=group-20CAD8A90CD6,id=de37f7a0-0375-40a9-a318-404478482fcb
2019-09-25 05:06:21,894 [de37f7a0-0375-40a9-a318-404478482fcb@group-20CAD8A90CD6-SegmentedRaftLogWorker] INFO  impl.RoleInfo (RoleInfo.java:shutdownLeaderState(104)) - de37f7a0-0375-40a9-a318-404478482fcb: shutdown LeaderState
2019-09-25 05:06:21,893 [Thread-785] INFO  impl.RaftServerImpl (RaftServerImpl.java:setRole(174)) - 56396258-65a3-478c-9482-0be0199dd49c@group-FC5E68C66751: changes role from  FOLLOWER to CANDIDATE at term 0 for changeToCandidate
2019-09-25 05:06:21,893 [Thread-779] INFO  impl.RoleInfo (RoleInfo.java:updateAndGet(143)) - 692224c4-5202-4921-98cc-04d5c60c79cc: start LeaderElection
2019-09-25 05:06:21,893 [Thread-782] INFO  impl.RoleInfo (RoleInfo.java:updateAndGet(143)) - 56396258-65a3-478c-9482-0be0199dd49c: start LeaderElection
2019-09-25 05:06:21,893 [c8798e02-7f0c-41f7-82c2-a17323bcf21e@group-07BF07F1A4A3:LeaderElection100] INFO  impl.RoleInfo (RoleInfo.java:updateAndGet(143)) - c8798e02-7f0c-41f7-82c2-a17323bcf21e: start LeaderState
2019-09-25 05:06:21,892 [pool-87-thread-1] INFO  server.RaftServerConfigKeys (ConfUtils.java:logGet(43)) - raft.server.log.queue.byte-limit = 2147483647 (custom)
2019-09-25 05:06:21,892 [36ac27b3-2f11-437d-8f1f-165306b0ff4a@group-40FA5C7FE322:LeaderElection127] INFO  impl.LeaderElection (LeaderElection.java:askForVotes(182)) - 36ac27b3-2f11-437d-8f1f-165306b0ff4a@group-40FA5C7FE322:LeaderElection127: begin an election at term 1 for -1: [36ac27b3-2f11-437d-8f1f-165306b0ff4a:192.168.30.10:45265], old=null
2019-09-25 05:06:21,892 [f77bfc29-6991-4b1d-a503-f706c83de4fc@group-40FD7941FFE1:LeaderElection133] INFO  impl.LeaderElection (LeaderElection.java:askForVotes(182)) - f77bfc29-6991-4b1d-a503-f706c83de4fc@group-40FD7941FFE1:LeaderElection133: begin an election at term 1 for -1: [f77bfc29-6991-4b1d-a503-f706c83de4fc:192.168.30.10:35112], old=null
2019-09-25 05:06:21,892 [b4fa7d23-6606-45fd-9544-2b08ca3fa933@group-E09D7EF96C33:LeaderElection131] INFO  impl.LeaderElection (LeaderElection.java:askForVotes(182)) - b4fa7d23-6606-45fd-9544-2b08ca3fa933@group-E09D7EF96C33:LeaderElection131: begin an election at term 1 for -1: [b4fa7d23-6606-45fd-9544-2b08ca3fa933:192.168.30.10:34493], old=null
2019-09-25 05:06:21,895 [b4fa7d23-6606-45fd-9544-2b08ca3fa933@group-E09D7EF96C33:LeaderElection131] INFO  impl.RoleInfo (RoleInfo.java:shutdownLeaderElection(134)) - b4fa7d23-6606-45fd-9544-2b08ca3fa933: shutdown LeaderElection
2019-09-25 05:06:21,895 [b4fa7d23-6606-45fd-9544-2b08ca3fa933@group-E09D7EF96C33:LeaderElection131] INFO  impl.RaftServerImpl (RaftServerImpl.java:setRole(174)) - b4fa7d23-6606-45fd-9544-2b08ca3fa933@group-E09D7EF96C33: changes role from CANDIDATE to LEADER at term 1 for changeToLeader
2019-09-25 05:06:21,892 [b4fa7d23-6606-45fd-9544-2b08ca3fa933@group-0EE8D742F083:LeaderElection126] INFO  impl.LeaderElection (LeaderElection.java:askForVotes(182)) - b4fa7d23-6606-45fd-9544-2b08ca3fa933@group-0EE8D742F083:LeaderElection126: begin an election at term 1 for -1: [b4fa7d23-6606-45fd-9544-2b08ca3fa933:192.168.30.10:34493], old=null
2019-09-25 05:06:21,892 [c8798e02-7f0c-41f7-82c2-a17323bcf21e@group-82E6436EE4C4:LeaderElection132] INFO  impl.LeaderElection (LeaderElection.java:askForVotes(182)) - c8798e02-7f0c-41f7-82c2-a17323bcf21e@group-82E6436EE4C4:LeaderElection132: begin an election at term 1 for -1: [c8798e02-7f0c-41f7-82c2-a17323bcf21e:192.168.30.10:40603], old=null
2019-09-25 05:06:21,892 [692224c4-5202-4921-98cc-04d5c60c79cc@group-3853F77ACA4A:LeaderElection130] INFO  impl.LeaderElection (LeaderElection.java:askForVotes(182)) - 692224c4-5202-4921-98cc-04d5c60c79cc@group-3853F77ACA4A:LeaderElection130: begin an election at term 1 for -1: [692224c4-5202-4921-98cc-04d5c60c79cc:192.168.30.10:38144], old=null
2019-09-25 05:06:21,892 [b4fa7d23-6606-45fd-9544-2b08ca3fa933@group-A43BB86F38DC:LeaderElection129] INFO  impl.LeaderElection (LeaderElection.java:askForVotes(182)) - b4fa7d23-6606-45fd-9544-2b08ca3fa933@group-A43BB86F38DC:LeaderElection129: begin an election at term 1 for -1: [b4fa7d23-6606-45fd-9544-2b08ca3fa933:192.168.30.10:34493], old=null
2019-09-25 05:06:21,624 [pool-27-thread-1] INFO  server.RaftServerConfigKeys (ConfUtils.java:logGet(43)) - raft.server.log.appender.buffer.byte-limit = 33554432 (custom)
2019-09-25 05:06:21,887 [692224c4-5202-4921-98cc-04d5c60c79cc@group-92384AFA5BB1-SegmentedRaftLogWorker] ERROR segmented.SegmentedRaftLogWorker (SegmentedRaftLogWorker.java:run(323)) - 692224c4-5202-4921-98cc-04d5c60c79cc@group-92384AFA5BB1-SegmentedRaftLogWorker hit exception
java.lang.OutOfMemoryError: Direct buffer memory
	at java.nio.Bits.reserveMemory(Bits.java:666)
	at java.nio.DirectByteBuffer.<init>(DirectByteBuffer.java:123)
	at java.nio.ByteBuffer.allocateDirect(ByteBuffer.java:311)
	at org.apache.ratis.server.raftlog.segmented.BufferedWriteChannel.<init>(BufferedWriteChannel.java:41)
	at org.apache.ratis.server.raftlog.segmented.SegmentedRaftLogOutputStream.<init>(SegmentedRaftLogOutputStream.java:72)
	at org.apache.ratis.server.raftlog.segmented.SegmentedRaftLogWorker$StartLogSegment.execute(SegmentedRaftLogWorker.java:566)
	at org.apache.ratis.server.raftlog.segmented.SegmentedRaftLogWorker.run(SegmentedRaftLogWorker.java:289)
	at java.lang.Thread.run(Thread.java:748)
2019-09-25 05:06:21,624 [b4fa7d23-6606-45fd-9544-2b08ca3fa933@group-82B6D9F84BDB:LeaderElection101] INFO  impl.RaftServerImpl (ServerState.java:setRaftConf(354)) - b4fa7d23-6606-45fd-9544-2b08ca3fa933@group-82B6D9F84BDB: set configuration 0: [b4fa7d23-6606-45fd-9544-2b08ca3fa933:192.168.30.10:34493], old=null at 0
2019-09-25 05:06:21,624 [36ac27b3-2f11-437d-8f1f-165306b0ff4a@group-5080C272BC14:LeaderElection120] INFO  server.RaftServerConfigKeys (ConfUtils.java:logGet(43)) - raft.server.rpc.sleep.time = 25ms (default)
2019-09-25 05:06:21,623 [56396258-65a3-478c-9482-0be0199dd49c@group-E36E29956034:LeaderElection128] INFO  impl.RaftServerImpl (ServerState.java:setLeader(253)) - 56396258-65a3-478c-9482-0be0199dd49c@group-E36E29956034: change Leader from null to 56396258-65a3-478c-9482-0be0199dd49c at term 1 for becomeLeader, leader elected after 5632ms
2019-09-25 05:06:21,623 [c8798e02-7f0c-41f7-82c2-a17323bcf21e@group-0D663BBCA5B4:LeaderElection119] INFO  server.RaftServerConfigKeys (ConfUtils.java:logGet(43)) - raft.server.write.element-limit = 4096 (default)
2019-09-25 05:06:21,623 [c8798e02-7f0c-41f7-82c2-a17323bcf21e@group-D47F200B6179:LeaderElection103] INFO  segmented.SegmentedRaftLogWorker (SegmentedRaftLogWorker.java:startLogSegment(380)) - c8798e02-7f0c-41f7-82c2-a17323bcf21e@group-D47F200B6179-SegmentedRaftLogWorker: Starting segment from index:0
2019-09-25 05:06:21,623 [f77bfc29-6991-4b1d-a503-f706c83de4fc@group-F2D9B87A111F:LeaderElection124] INFO  server.RaftServerConfigKeys (ConfUtils.java:logGet(43)) - raft.server.write.element-limit = 4096 (default)
2019-09-25 05:06:21,623 [36ac27b3-2f11-437d-8f1f-165306b0ff4a@group-25E3748DE4E7:LeaderElection121] INFO  server.RaftServerConfigKeys (ConfUtils.java:logGet(43)) - raft.server.rpc.sleep.time = 25ms (default)
2019-09-25 05:06:21,623 [f77bfc29-6991-4b1d-a503-f706c83de4fc@group-35F023F29269:LeaderElection122] INFO  server.RaftServerConfigKeys (ConfUtils.java:logGet(43)) - raft.server.write.element-limit = 4096 (default)
2019-09-25 05:06:21,622 [f77bfc29-6991-4b1d-a503-f706c83de4fc@group-B866544E1229:LeaderElection123] INFO  server.RaftServerConfigKeys (ConfUtils.java:logGet(43)) - raft.server.rpc.sleep.time = 25ms (default)
2019-09-25 05:06:21,622 [36ac27b3-2f11-437d-8f1f-165306b0ff4a@group-6E6AA1FC98DD:LeaderElection125] INFO  server.RaftServerConfigKeys (ConfUtils.java:logGet(43)) - raft.server.rpc.sleep.time = 25ms (default)
2019-09-25 05:06:21,622 [692224c4-5202-4921-98cc-04d5c60c79cc@group-4EBFA92A4DF4:LeaderElection117] INFO  server.RaftServerConfigKeys (ConfUtils.java:logGet(43)) - raft.server.watch.element-limit = 65536 (default)
2019-09-25 05:06:22,124 [36ac27b3-2f11-437d-8f1f-165306b0ff4a@group-6E6AA1FC98DD:LeaderElection125] INFO  server.RaftServerConfigKeys (ConfUtils.java:logGet(43)) - raft.server.write.element-limit = 4096 (default)
2019-09-25 05:06:22,124 [f77bfc29-6991-4b1d-a503-f706c83de4fc@group-B866544E1229:LeaderElection123] INFO  server.RaftServerConfigKeys (ConfUtils.java:logGet(43)) - raft.server.write.element-limit = 4096 (default)
2019-09-25 05:06:22,124 [b4fa7d23-6606-45fd-9544-2b08ca3fa933@group-57C0E81ED09A:LeaderElection135] INFO  impl.LeaderElection (LeaderElection.java:askForVotes(182)) - b4fa7d23-6606-45fd-9544-2b08ca3fa933@group-57C0E81ED09A:LeaderElection135: begin an election at term 1 for -1: [b4fa7d23-6606-45fd-9544-2b08ca3fa933:192.168.30.10:34493], old=null
2019-09-25 05:06:22,124 [de37f7a0-0375-40a9-a318-404478482fcb@group-C088ACFB0C23:LeaderElection134] INFO  impl.LeaderElection (LeaderElection.java:askForVotes(182)) - de37f7a0-0375-40a9-a318-404478482fcb@group-C088ACFB0C23:LeaderElection134: begin an election at term 1 for -1: [de37f7a0-0375-40a9-a318-404478482fcb:192.168.30.10:44522], old=null
2019-09-25 05:06:22,124 [692224c4-5202-4921-98cc-04d5c60c79cc@group-7A27D85A9D2A:LeaderElection139] INFO  impl.LeaderElection (LeaderElection.java:askForVotes(182)) - 692224c4-5202-4921-98cc-04d5c60c79cc@group-7A27D85A9D2A:LeaderElection139: begin an election at term 1 for -1: [692224c4-5202-4921-98cc-04d5c60c79cc:192.168.30.10:38144], old=null
2019-09-25 05:06:22,124 [de37f7a0-0375-40a9-a318-404478482fcb@group-B581BAE74188:LeaderElection137] INFO  impl.LeaderElection (LeaderElection.java:askForVotes(182)) - de37f7a0-0375-40a9-a318-404478482fcb@group-B581BAE74188:LeaderElection137: begin an election at term 1 for -1: [de37f7a0-0375-40a9-a318-404478482fcb:192.168.30.10:44522], old=null
2019-09-25 05:06:22,124 [56396258-65a3-478c-9482-0be0199dd49c@group-D960DA882FC6:LeaderElection138] INFO  impl.LeaderElection (LeaderElection.java:askForVotes(182)) - 56396258-65a3-478c-9482-0be0199dd49c@group-D960DA882FC6:LeaderElection138: begin an election at term 1 for -1: [56396258-65a3-478c-9482-0be0199dd49c:192.168.30.10:41678], old=null
2019-09-25 05:06:22,124 [b4fa7d23-6606-45fd-9544-2b08ca3fa933@group-184F6EE9DFE2:LeaderElection136] INFO  impl.LeaderElection (LeaderElection.java:askForVotes(182)) - b4fa7d23-6606-45fd-9544-2b08ca3fa933@group-184F6EE9DFE2:LeaderElection136: begin an election at term 1 for -1: [b4fa7d23-6606-45fd-9544-2b08ca3fa933:192.168.30.10:34493], old=null
2019-09-25 05:06:22,120 [Thread-427] INFO  impl.FollowerState (FollowerState.java:run(106)) - c8798e02-7f0c-41f7-82c2-a17323bcf21e:group-9A8116F4FD4E changes to CANDIDATE, lastRpcTime:10693, electionTimeout:5101ms
2019-09-25 05:06:21,897 [f77bfc29-6991-4b1d-a503-f706c83de4fc@group-35F023F29269:LeaderElection122] INFO  server.RaftServerConfigKeys (ConfUtils.java:logGet(43)) - raft.server.watch.timeout = 10s (default)
2019-09-25 05:06:21,897 [36ac27b3-2f11-437d-8f1f-165306b0ff4a@group-25E3748DE4E7:LeaderElection121] INFO  server.RaftServerConfigKeys (ConfUtils.java:logGet(43)) - raft.server.write.element-limit = 4096 (default)
2019-09-25 05:06:21,897 [692224c4-5202-4921-98cc-04d5c60c79cc@group-A3AB95F92ABD:LeaderElection96] INFO  impl.RoleInfo (RoleInfo.java:updateAndGet(143)) - 692224c4-5202-4921-98cc-04d5c60c79cc: start LeaderState
2019-09-25 05:06:21,897 [c8798e02-7f0c-41f7-82c2-a17323bcf21e@group-D47F200B6179:LeaderElection103] INFO  impl.RaftServerImpl (ServerState.java:setRaftConf(354)) - c8798e02-7f0c-41f7-82c2-a17323bcf21e@group-D47F200B6179: set configuration 0: [c8798e02-7f0c-41f7-82c2-a17323bcf21e:192.168.30.10:40603], old=null at 0
2019-09-25 05:06:22,127 [692224c4-5202-4921-98cc-04d5c60c79cc@group-A3AB95F92ABD:LeaderElection96] INFO  segmented.SegmentedRaftLogWorker (SegmentedRaftLogWorker.java:startLogSegment(380)) - 692224c4-5202-4921-98cc-04d5c60c79cc@group-A3AB95F92ABD-SegmentedRaftLogWorker: Starting segment from index:0
2019-09-25 05:06:21,896 [f77bfc29-6991-4b1d-a503-f706c83de4fc@group-F2D9B87A111F:LeaderElection124] INFO  server.RaftServerConfigKeys (ConfUtils.java:logGet(43)) - raft.server.watch.timeout = 10s (default)
2019-09-25 05:06:21,896 [c8798e02-7f0c-41f7-82c2-a17323bcf21e@group-0D663BBCA5B4:LeaderElection119] INFO  server.RaftServerConfigKeys (ConfUtils.java:logGet(43)) - raft.server.watch.timeout = 10s (default)
2019-09-25 05:06:21,896 [56396258-65a3-478c-9482-0be0199dd49c@group-E36E29956034:LeaderElection128] INFO  server.RaftServerConfigKeys (ConfUtils.java:logGet(43)) - raft.server.staging.catchup.gap = 1000 (default)
2019-09-25 05:06:21,896 [36ac27b3-2f11-437d-8f1f-165306b0ff4a@group-5080C272BC14:LeaderElection120] INFO  server.RaftServerConfigKeys (ConfUtils.java:logGet(43)) - raft.server.write.element-limit = 4096 (default)
2019-09-25 05:06:21,896 [692224c4-5202-4921-98cc-04d5c60c79cc@group-92384AFA5BB1-SegmentedRaftLogWorker] INFO  impl.RaftServerImpl (RaftServerImpl.java:lambda$shutdown$3(251)) - 692224c4-5202-4921-98cc-04d5c60c79cc@group-92384AFA5BB1: shutdown
2019-09-25 05:06:21,895 [pool-27-thread-1] INFO  server.RaftServerConfigKeys (ConfUtils.java:logGet(43)) - raft.server.log.segment.size.max = 1048576 (custom)
2019-09-25 05:06:21,895 [f77bfc29-6991-4b1d-a503-f706c83de4fc@group-FD68C919D676:LeaderElection83] INFO  impl.RoleInfo (RoleInfo.java:updateAndGet(143)) - f77bfc29-6991-4b1d-a503-f706c83de4fc: start LeaderState
2019-09-25 05:06:21,895 [b4fa7d23-6606-45fd-9544-2b08ca3fa933@group-A43BB86F38DC:LeaderElection129] INFO  impl.RoleInfo (RoleInfo.java:shutdownLeaderElection(134)) - b4fa7d23-6606-45fd-9544-2b08ca3fa933: shutdown LeaderElection
2019-09-25 05:06:21,895 [692224c4-5202-4921-98cc-04d5c60c79cc@group-3853F77ACA4A:LeaderElection130] INFO  impl.RoleInfo (RoleInfo.java:shutdownLeaderElection(134)) - 692224c4-5202-4921-98cc-04d5c60c79cc: shutdown LeaderElection
2019-09-25 05:06:21,895 [c8798e02-7f0c-41f7-82c2-a17323bcf21e@group-82E6436EE4C4:LeaderElection132] INFO  impl.RoleInfo (RoleInfo.java:shutdownLeaderElection(134)) - c8798e02-7f0c-41f7-82c2-a17323bcf21e: shutdown LeaderElection
2019-09-25 05:06:22,332 [c8798e02-7f0c-41f7-82c2-a17323bcf21e@group-82E6436EE4C4:LeaderElection132] INFO  impl.RaftServerImpl (RaftServerImpl.java:setRole(174)) - c8798e02-7f0c-41f7-82c2-a17323bcf21e@group-82E6436EE4C4: changes role from CANDIDATE to LEADER at term 1 for changeToLeader
2019-09-25 05:06:21,895 [b4fa7d23-6606-45fd-9544-2b08ca3fa933@group-0EE8D742F083:LeaderElection126] INFO  impl.RoleInfo (RoleInfo.java:shutdownLeaderElection(134)) - b4fa7d23-6606-45fd-9544-2b08ca3fa933: shutdown LeaderElection
2019-09-25 05:06:21,895 [b4fa7d23-6606-45fd-9544-2b08ca3fa933@group-E09D7EF96C33:LeaderElection131] INFO  impl.RaftServerImpl (ServerState.java:setLeader(253)) - b4fa7d23-6606-45fd-9544-2b08ca3fa933@group-E09D7EF96C33: change Leader from null to b4fa7d23-6606-45fd-9544-2b08ca3fa933 at term 1 for becomeLeader, leader elected after 5584ms
2019-09-25 05:06:21,895 [f77bfc29-6991-4b1d-a503-f706c83de4fc@group-40FD7941FFE1:LeaderElection133] INFO  impl.RoleInfo (RoleInfo.java:shutdownLeaderElection(134)) - f77bfc29-6991-4b1d-a503-f706c83de4fc: shutdown LeaderElection
2019-09-25 05:06:21,894 [36ac27b3-2f11-437d-8f1f-165306b0ff4a@group-40FA5C7FE322:LeaderElection127] INFO  impl.RoleInfo (RoleInfo.java:shutdownLeaderElection(134)) - 36ac27b3-2f11-437d-8f1f-165306b0ff4a: shutdown LeaderElection
2019-09-25 05:06:21,894 [pool-87-thread-1] INFO  server.RaftServerConfigKeys (ConfUtils.java:logGet(43)) - raft.server.log.queue.element-limit = 1024 (custom)
2019-09-25 05:06:21,894 [c8798e02-7f0c-41f7-82c2-a17323bcf21e@group-07BF07F1A4A3:LeaderElection100] INFO  segmented.SegmentedRaftLogWorker (SegmentedRaftLogWorker.java:startLogSegment(380)) - c8798e02-7f0c-41f7-82c2-a17323bcf21e@group-07BF07F1A4A3-SegmentedRaftLogWorker: Starting segment from index:0
2019-09-25 05:06:21,894 [Thread-785] INFO  impl.RoleInfo (RoleInfo.java:updateAndGet(143)) - 56396258-65a3-478c-9482-0be0199dd49c: start LeaderElection
2019-09-25 05:06:21,894 [de37f7a0-0375-40a9-a318-404478482fcb@group-20CAD8A90CD6-SegmentedRaftLogWorker] INFO  impl.PendingRequests (PendingRequests.java:sendNotLeaderResponses(202)) - de37f7a0-0375-40a9-a318-404478482fcb-PendingRequests: sendNotLeaderResponses
2019-09-25 05:06:22,333 [pool-87-thread-1] INFO  server.RaftServerConfigKeys (ConfUtils.java:logGet(43)) - raft.server.log.segment.size.max = 1048576 (custom)
2019-09-25 05:06:22,559 [de37f7a0-0375-40a9-a318-404478482fcb@group-20CAD8A90CD6-SegmentedRaftLogWorker] INFO  impl.StateMachineUpdater (StateMachineUpdater.java:stopAndJoin(125)) - de37f7a0-0375-40a9-a318-404478482fcb@group-20CAD8A90CD6-StateMachineUpdater: set stopIndex = -1
2019-09-25 05:06:22,333 [36ac27b3-2f11-437d-8f1f-165306b0ff4a@group-40FA5C7FE322:LeaderElection127] INFO  impl.RaftServerImpl (RaftServerImpl.java:setRole(174)) - 36ac27b3-2f11-437d-8f1f-165306b0ff4a@group-40FA5C7FE322: changes role from CANDIDATE to LEADER at term 1 for changeToLeader
2019-09-25 05:06:22,333 [f77bfc29-6991-4b1d-a503-f706c83de4fc@group-40FD7941FFE1:LeaderElection133] INFO  impl.RaftServerImpl (RaftServerImpl.java:setRole(174)) - f77bfc29-6991-4b1d-a503-f706c83de4fc@group-40FD7941FFE1: changes role from CANDIDATE to LEADER at term 1 for changeToLeader
2019-09-25 05:06:22,333 [b4fa7d23-6606-45fd-9544-2b08ca3fa933@group-E09D7EF96C33:LeaderElection131] INFO  server.RaftServerConfigKeys (ConfUtils.java:logGet(43)) - raft.server.staging.catchup.gap = 1000 (default)
2019-09-25 05:06:22,560 [b4fa7d23-6606-45fd-9544-2b08ca3fa933@group-E09D7EF96C33:LeaderElection131] INFO  server.RaftServerConfigKeys (ConfUtils.java:logGet(43)) - raft.server.rpc.sleep.time = 25ms (default)
2019-09-25 05:06:22,333 [b4fa7d23-6606-45fd-9544-2b08ca3fa933@group-0EE8D742F083:LeaderElection126] INFO  impl.RaftServerImpl (RaftServerImpl.java:setRole(174)) - b4fa7d23-6606-45fd-9544-2b08ca3fa933@group-0EE8D742F083: changes role from CANDIDATE to LEADER at term 1 for changeToLeader
2019-09-25 05:06:22,333 [c8798e02-7f0c-41f7-82c2-a17323bcf21e@group-82E6436EE4C4:LeaderElection132] INFO  impl.RaftServerImpl (ServerState.java:setLeader(253)) - c8798e02-7f0c-41f7-82c2-a17323bcf21e@group-82E6436EE4C4: change Leader from null to c8798e02-7f0c-41f7-82c2-a17323bcf21e at term 1 for becomeLeader, leader elected after 6302ms
2019-09-25 05:06:22,332 [692224c4-5202-4921-98cc-04d5c60c79cc@group-3853F77ACA4A:LeaderElection130] INFO  impl.RaftServerImpl (RaftServerImpl.java:setRole(174)) - 692224c4-5202-4921-98cc-04d5c60c79cc@group-3853F77ACA4A: changes role from CANDIDATE to LEADER at term 1 for changeToLeader
2019-09-25 05:06:22,561 [692224c4-5202-4921-98cc-04d5c60c79cc@group-3853F77ACA4A:LeaderElection130] INFO  impl.RaftServerImpl (ServerState.java:setLeader(253)) - 692224c4-5202-4921-98cc-04d5c60c79cc@group-3853F77ACA4A: change Leader from null to 692224c4-5202-4921-98cc-04d5c60c79cc at term 1 for becomeLeader, leader elected after 6615ms
2019-09-25 05:06:22,332 [b4fa7d23-6606-45fd-9544-2b08ca3fa933@group-A43BB86F38DC:LeaderElection129] INFO  impl.RaftServerImpl (RaftServerImpl.java:setRole(174)) - b4fa7d23-6606-45fd-9544-2b08ca3fa933@group-A43BB86F38DC: changes role from CANDIDATE to LEADER at term 1 for changeToLeader
2019-09-25 05:06:22,561 [b4fa7d23-6606-45fd-9544-2b08ca3fa933@group-A43BB86F38DC:LeaderElection129] INFO  impl.RaftServerImpl (ServerState.java:setLeader(253)) - b4fa7d23-6606-45fd-9544-2b08ca3fa933@group-A43BB86F38DC: change Leader from null to b4fa7d23-6606-45fd-9544-2b08ca3fa933 at term 1 for becomeLeader, leader elected after 6485ms
2019-09-25 05:06:22,332 [f77bfc29-6991-4b1d-a503-f706c83de4fc@group-FD68C919D676:LeaderElection83] INFO  segmented.SegmentedRaftLogWorker (SegmentedRaftLogWorker.java:startLogSegment(380)) - f77bfc29-6991-4b1d-a503-f706c83de4fc@group-FD68C919D676-SegmentedRaftLogWorker: Starting segment from index:0
2019-09-25 05:06:22,331 [pool-27-thread-1] INFO  server.RaftServerConfigKeys (ConfUtils.java:logGet(43)) - raft.server.log.segment.cache.num.max = 2 (custom)
2019-09-25 05:06:22,331 [Thread-427] INFO  impl.RoleInfo (RoleInfo.java:shutdownFollowerState(121)) - c8798e02-7f0c-41f7-82c2-a17323bcf21e: shutdown FollowerState
2019-09-25 05:06:22,331 [36ac27b3-2f11-437d-8f1f-165306b0ff4a@group-5080C272BC14:LeaderElection120] INFO  server.RaftServerConfigKeys (ConfUtils.java:logGet(43)) - raft.server.watch.timeout = 10s (default)
2019-09-25 05:06:22,330 [56396258-65a3-478c-9482-0be0199dd49c@group-E36E29956034:LeaderElection128] INFO  server.RaftServerConfigKeys (ConfUtils.java:logGet(43)) - raft.server.rpc.sleep.time = 25ms (default)
2019-09-25 05:06:22,327 [f77bfc29-6991-4b1d-a503-f706c83de4fc@group-9013CD353F35-SegmentedRaftLogWorker] ERROR segmented.SegmentedRaftLogWorker (SegmentedRaftLogWorker.java:run(323)) - f77bfc29-6991-4b1d-a503-f706c83de4fc@group-9013CD353F35-SegmentedRaftLogWorker hit exception
java.lang.OutOfMemoryError: Direct buffer memory
	at java.nio.Bits.reserveMemory(Bits.java:666)
	at java.nio.DirectByteBuffer.<init>(DirectByteBuffer.java:123)
	at java.nio.ByteBuffer.allocateDirect(ByteBuffer.java:311)
	at org.apache.ratis.server.raftlog.segmented.BufferedWriteChannel.<init>(BufferedWriteChannel.java:41)
	at org.apache.ratis.server.raftlog.segmented.SegmentedRaftLogOutputStream.<init>(SegmentedRaftLogOutputStream.java:72)
	at org.apache.ratis.server.raftlog.segmented.SegmentedRaftLogWorker$StartLogSegment.execute(SegmentedRaftLogWorker.java:566)
	at org.apache.ratis.server.raftlog.segmented.SegmentedRaftLogWorker.run(SegmentedRaftLogWorker.java:289)
	at java.lang.Thread.run(Thread.java:748)
2019-09-25 05:06:22,327 [Thread-805] INFO  impl.FollowerState (FollowerState.java:run(106)) - 36ac27b3-2f11-437d-8f1f-165306b0ff4a:group-84CDB88FD1B0 changes to CANDIDATE, lastRpcTime:5316, electionTimeout:5137ms
2019-09-25 05:06:22,326 [Thread-442] INFO  impl.FollowerState (FollowerState.java:run(106)) - 56396258-65a3-478c-9482-0be0199dd49c:group-2D2A6A1AC4E2 changes to CANDIDATE, lastRpcTime:10676, electionTimeout:5169ms
2019-09-25 05:06:22,326 [Thread-433] INFO  impl.FollowerState (FollowerState.java:run(106)) - 692224c4-5202-4921-98cc-04d5c60c79cc:group-C8AC12423563 changes to CANDIDATE, lastRpcTime:10808, electionTimeout:5185ms
2019-09-25 05:06:22,128 [692224c4-5202-4921-98cc-04d5c60c79cc@group-A3AB95F92ABD:LeaderElection96] INFO  impl.RaftServerImpl (ServerState.java:setRaftConf(354)) - 692224c4-5202-4921-98cc-04d5c60c79cc@group-A3AB95F92ABD: set configuration 0: [692224c4-5202-4921-98cc-04d5c60c79cc:192.168.30.10:38144], old=null at 0
2019-09-25 05:06:22,128 [c8798e02-7f0c-41f7-82c2-a17323bcf21e@group-0D663BBCA5B4:LeaderElection119] INFO  server.RaftServerConfigKeys (ConfUtils.java:logGet(43)) - raft.server.watch.timeout.denomination = 1s (default)
2019-09-25 05:06:22,128 [f77bfc29-6991-4b1d-a503-f706c83de4fc@group-F2D9B87A111F:LeaderElection124] INFO  server.RaftServerConfigKeys (ConfUtils.java:logGet(43)) - raft.server.watch.timeout.denomination = 1s (default)
2019-09-25 05:06:22,127 [692224c4-5202-4921-98cc-04d5c60c79cc@group-3F1DA00B5D4A:LeaderElection97] INFO  impl.RoleInfo (RoleInfo.java:updateAndGet(143)) - 692224c4-5202-4921-98cc-04d5c60c79cc: start LeaderState
2019-09-25 05:06:22,127 [36ac27b3-2f11-437d-8f1f-165306b0ff4a@group-25E3748DE4E7:LeaderElection121] INFO  server.RaftServerConfigKeys (ConfUtils.java:logGet(43)) - raft.server.watch.timeout = 10s (default)
2019-09-25 05:06:22,127 [f77bfc29-6991-4b1d-a503-f706c83de4fc@group-35F023F29269:LeaderElection122] INFO  server.RaftServerConfigKeys (ConfUtils.java:logGet(43)) - raft.server.watch.timeout.denomination = 1s (default)
2019-09-25 05:06:22,126 [b4fa7d23-6606-45fd-9544-2b08ca3fa933@group-184F6EE9DFE2:LeaderElection136] INFO  impl.RoleInfo (RoleInfo.java:shutdownLeaderElection(134)) - b4fa7d23-6606-45fd-9544-2b08ca3fa933: shutdown LeaderElection
2019-09-25 05:06:22,126 [56396258-65a3-478c-9482-0be0199dd49c@group-D960DA882FC6:LeaderElection138] INFO  impl.RoleInfo (RoleInfo.java:shutdownLeaderElection(134)) - 56396258-65a3-478c-9482-0be0199dd49c: shutdown LeaderElection
2019-09-25 05:06:22,126 [de37f7a0-0375-40a9-a318-404478482fcb@group-B581BAE74188:LeaderElection137] INFO  impl.RoleInfo (RoleInfo.java:shutdownLeaderElection(134)) - de37f7a0-0375-40a9-a318-404478482fcb: shutdown LeaderElection
2019-09-25 05:06:22,801 [de37f7a0-0375-40a9-a318-404478482fcb@group-B581BAE74188:LeaderElection137] INFO  impl.RaftServerImpl (RaftServerImpl.java:setRole(174)) - de37f7a0-0375-40a9-a318-404478482fcb@group-B581BAE74188: changes role from CANDIDATE to LEADER at term 1 for changeToLeader
2019-09-25 05:06:22,126 [692224c4-5202-4921-98cc-04d5c60c79cc@group-7A27D85A9D2A:LeaderElection139] INFO  impl.RoleInfo (RoleInfo.java:shutdownLeaderElection(134)) - 692224c4-5202-4921-98cc-04d5c60c79cc: shutdown LeaderElection
2019-09-25 05:06:22,126 [de37f7a0-0375-40a9-a318-404478482fcb@group-C088ACFB0C23:LeaderElection134] INFO  impl.RoleInfo (RoleInfo.java:shutdownLeaderElection(134)) - de37f7a0-0375-40a9-a318-404478482fcb: shutdown LeaderElection
2019-09-25 05:06:22,125 [b4fa7d23-6606-45fd-9544-2b08ca3fa933@group-57C0E81ED09A:LeaderElection135] INFO  impl.RoleInfo (RoleInfo.java:shutdownLeaderElection(134)) - b4fa7d23-6606-45fd-9544-2b08ca3fa933: shutdown LeaderElection
2019-09-25 05:06:22,125 [f77bfc29-6991-4b1d-a503-f706c83de4fc@group-B866544E1229:LeaderElection123] INFO  server.RaftServerConfigKeys (ConfUtils.java:logGet(43)) - raft.server.watch.timeout = 10s (default)
2019-09-25 05:06:22,125 [36ac27b3-2f11-437d-8f1f-165306b0ff4a@group-6E6AA1FC98DD:LeaderElection125] INFO  server.RaftServerConfigKeys (ConfUtils.java:logGet(43)) - raft.server.watch.timeout = 10s (default)
2019-09-25 05:06:22,802 [f77bfc29-6991-4b1d-a503-f706c83de4fc@group-B866544E1229:LeaderElection123] INFO  server.RaftServerConfigKeys (ConfUtils.java:logGet(43)) - raft.server.watch.timeout.denomination = 1s (default)
2019-09-25 05:06:22,802 [de37f7a0-0375-40a9-a318-404478482fcb@group-42158A371DC1:LeaderElection84] INFO  impl.RoleInfo (RoleInfo.java:updateAndGet(143)) - de37f7a0-0375-40a9-a318-404478482fcb: start LeaderState
2019-09-25 05:06:22,802 [b4fa7d23-6606-45fd-9544-2b08ca3fa933@group-57C0E81ED09A:LeaderElection135] INFO  impl.RaftServerImpl (RaftServerImpl.java:setRole(174)) - b4fa7d23-6606-45fd-9544-2b08ca3fa933@group-57C0E81ED09A: changes role from CANDIDATE to LEADER at term 1 for changeToLeader
2019-09-25 05:06:22,803 [b4fa7d23-6606-45fd-9544-2b08ca3fa933@group-57C0E81ED09A:LeaderElection135] INFO  impl.RaftServerImpl (ServerState.java:setLeader(253)) - b4fa7d23-6606-45fd-9544-2b08ca3fa933@group-57C0E81ED09A: change Leader from null to b4fa7d23-6606-45fd-9544-2b08ca3fa933 at term 1 for becomeLeader, leader elected after 6532ms
2019-09-25 05:06:22,802 [Thread-433] INFO  impl.RoleInfo (RoleInfo.java:shutdownFollowerState(121)) - 692224c4-5202-4921-98cc-04d5c60c79cc: shutdown FollowerState
2019-09-25 05:06:22,802 [Thread-442] INFO  impl.RoleInfo (RoleInfo.java:shutdownFollowerState(121)) - 56396258-65a3-478c-9482-0be0199dd49c: shutdown FollowerState
2019-09-25 05:06:22,802 [Thread-805] INFO  impl.RoleInfo (RoleInfo.java:shutdownFollowerState(121)) - 36ac27b3-2f11-437d-8f1f-165306b0ff4a: shutdown FollowerState
2019-09-25 05:06:22,802 [de37f7a0-0375-40a9-a318-404478482fcb@group-C088ACFB0C23:LeaderElection134] INFO  impl.RaftServerImpl (RaftServerImpl.java:setRole(174)) - de37f7a0-0375-40a9-a318-404478482fcb@group-C088ACFB0C23: changes role from CANDIDATE to LEADER at term 1 for changeToLeader
2019-09-25 05:06:22,803 [de37f7a0-0375-40a9-a318-404478482fcb@group-C088ACFB0C23:LeaderElection134] INFO  impl.RaftServerImpl (ServerState.java:setLeader(253)) - de37f7a0-0375-40a9-a318-404478482fcb@group-C088ACFB0C23: change Leader from null to de37f7a0-0375-40a9-a318-404478482fcb at term 1 for becomeLeader, leader elected after 6316ms
2019-09-25 05:06:22,801 [692224c4-5202-4921-98cc-04d5c60c79cc@group-7A27D85A9D2A:LeaderElection139] INFO  impl.RaftServerImpl (RaftServerImpl.java:setRole(174)) - 692224c4-5202-4921-98cc-04d5c60c79cc@group-7A27D85A9D2A: changes role from CANDIDATE to LEADER at term 1 for changeToLeader
2019-09-25 05:06:22,801 [de37f7a0-0375-40a9-a318-404478482fcb@group-B581BAE74188:LeaderElection137] INFO  impl.RaftServerImpl (ServerState.java:setLeader(253)) - de37f7a0-0375-40a9-a318-404478482fcb@group-B581BAE74188: change Leader from null to de37f7a0-0375-40a9-a318-404478482fcb at term 1 for becomeLeader, leader elected after 6576ms
2019-09-25 05:06:22,801 [56396258-65a3-478c-9482-0be0199dd49c@group-D960DA882FC6:LeaderElection138] INFO  impl.RaftServerImpl (RaftServerImpl.java:setRole(174)) - 56396258-65a3-478c-9482-0be0199dd49c@group-D960DA882FC6: changes role from CANDIDATE to LEADER at term 1 for changeToLeader
2019-09-25 05:06:22,801 [b4fa7d23-6606-45fd-9544-2b08ca3fa933@group-184F6EE9DFE2:LeaderElection136] INFO  impl.RaftServerImpl (RaftServerImpl.java:setRole(174)) - b4fa7d23-6606-45fd-9544-2b08ca3fa933@group-184F6EE9DFE2: changes role from CANDIDATE to LEADER at term 1 for changeToLeader
2019-09-25 05:06:22,804 [b4fa7d23-6606-45fd-9544-2b08ca3fa933@group-184F6EE9DFE2:LeaderElection136] INFO  impl.RaftServerImpl (ServerState.java:setLeader(253)) - b4fa7d23-6606-45fd-9544-2b08ca3fa933@group-184F6EE9DFE2: change Leader from null to b4fa7d23-6606-45fd-9544-2b08ca3fa933 at term 1 for becomeLeader, leader elected after 6623ms
2019-09-25 05:06:22,801 [f77bfc29-6991-4b1d-a503-f706c83de4fc@group-35F023F29269:LeaderElection122] INFO  server.RaftServerConfigKeys (ConfUtils.java:logGet(43)) - raft.server.watch.element-limit = 65536 (default)
2019-09-25 05:06:22,801 [36ac27b3-2f11-437d-8f1f-165306b0ff4a@group-25E3748DE4E7:LeaderElection121] INFO  server.RaftServerConfigKeys (ConfUtils.java:logGet(43)) - raft.server.watch.timeout.denomination = 1s (default)
2019-09-25 05:06:22,801 [692224c4-5202-4921-98cc-04d5c60c79cc@group-3F1DA00B5D4A:LeaderElection97] INFO  segmented.SegmentedRaftLogWorker (SegmentedRaftLogWorker.java:startLogSegment(380)) - 692224c4-5202-4921-98cc-04d5c60c79cc@group-3F1DA00B5D4A-SegmentedRaftLogWorker: Starting segment from index:0
2019-09-25 05:06:22,800 [f77bfc29-6991-4b1d-a503-f706c83de4fc@group-F2D9B87A111F:LeaderElection124] INFO  server.RaftServerConfigKeys (ConfUtils.java:logGet(43)) - raft.server.watch.element-limit = 65536 (default)
2019-09-25 05:06:22,800 [c8798e02-7f0c-41f7-82c2-a17323bcf21e@group-0D663BBCA5B4:LeaderElection119] INFO  server.RaftServerConfigKeys (ConfUtils.java:logGet(43)) - raft.server.watch.element-limit = 65536 (default)
2019-09-25 05:06:22,800 [692224c4-5202-4921-98cc-04d5c60c79cc@group-619497721A04:LeaderElection82] INFO  impl.RoleInfo (RoleInfo.java:updateAndGet(143)) - 692224c4-5202-4921-98cc-04d5c60c79cc: start LeaderState
2019-09-25 05:06:22,800 [f77bfc29-6991-4b1d-a503-f706c83de4fc@group-9013CD353F35-SegmentedRaftLogWorker] INFO  impl.RaftServerImpl (RaftServerImpl.java:lambda$shutdown$3(251)) - f77bfc29-6991-4b1d-a503-f706c83de4fc@group-9013CD353F35: shutdown
2019-09-25 05:06:22,799 [56396258-65a3-478c-9482-0be0199dd49c@group-E36E29956034:LeaderElection128] INFO  server.RaftServerConfigKeys (ConfUtils.java:logGet(43)) - raft.server.write.element-limit = 4096 (default)
2019-09-25 05:06:22,799 [36ac27b3-2f11-437d-8f1f-165306b0ff4a@group-5080C272BC14:LeaderElection120] INFO  server.RaftServerConfigKeys (ConfUtils.java:logGet(43)) - raft.server.watch.timeout.denomination = 1s (default)
2019-09-25 05:06:22,799 [f77bfc29-6991-4b1d-a503-f706c83de4fc@group-FD68C919D676:LeaderElection83] INFO  impl.RaftServerImpl (ServerState.java:setRaftConf(354)) - f77bfc29-6991-4b1d-a503-f706c83de4fc@group-FD68C919D676: set configuration 0: [f77bfc29-6991-4b1d-a503-f706c83de4fc:192.168.30.10:35112], old=null at 0
2019-09-25 05:06:22,798 [692224c4-5202-4921-98cc-04d5c60c79cc@group-B76D1F0B6CD7-SegmentedRaftLogWorker] ERROR segmented.SegmentedRaftLogWorker (SegmentedRaftLogWorker.java:run(323)) - 692224c4-5202-4921-98cc-04d5c60c79cc@group-B76D1F0B6CD7-SegmentedRaftLogWorker hit exception
java.lang.OutOfMemoryError: Direct buffer memory
	at java.nio.Bits.reserveMemory(Bits.java:666)
	at java.nio.DirectByteBuffer.<init>(DirectByteBuffer.java:123)
	at java.nio.ByteBuffer.allocateDirect(ByteBuffer.java:311)
	at org.apache.ratis.server.raftlog.segmented.BufferedWriteChannel.<init>(BufferedWriteChannel.java:41)
	at org.apache.ratis.server.raftlog.segmented.SegmentedRaftLogOutputStream.<init>(SegmentedRaftLogOutputStream.java:72)
	at org.apache.ratis.server.raftlog.segmented.SegmentedRaftLogWorker$StartLogSegment.execute(SegmentedRaftLogWorker.java:566)
	at org.apache.ratis.server.raftlog.segmented.SegmentedRaftLogWorker.run(SegmentedRaftLogWorker.java:289)
	at java.lang.Thread.run(Thread.java:748)
2019-09-25 05:06:23,031 [692224c4-5202-4921-98cc-04d5c60c79cc@group-B76D1F0B6CD7-SegmentedRaftLogWorker] INFO  impl.RaftServerImpl (RaftServerImpl.java:lambda$shutdown$3(251)) - 692224c4-5202-4921-98cc-04d5c60c79cc@group-B76D1F0B6CD7: shutdown
2019-09-25 05:06:22,798 [c8798e02-7f0c-41f7-82c2-a17323bcf21e@group-CF3265719ADC-SegmentedRaftLogWorker] ERROR segmented.SegmentedRaftLogWorker (SegmentedRaftLogWorker.java:run(323)) - c8798e02-7f0c-41f7-82c2-a17323bcf21e@group-CF3265719ADC-SegmentedRaftLogWorker hit exception
java.lang.OutOfMemoryError: Direct buffer memory
	at java.nio.Bits.reserveMemory(Bits.java:666)
	at java.nio.DirectByteBuffer.<init>(DirectByteBuffer.java:123)
	at java.nio.ByteBuffer.allocateDirect(ByteBuffer.java:311)
	at org.apache.ratis.server.raftlog.segmented.BufferedWriteChannel.<init>(BufferedWriteChannel.java:41)
	at org.apache.ratis.server.raftlog.segmented.SegmentedRaftLogOutputStream.<init>(SegmentedRaftLogOutputStream.java:72)
	at org.apache.ratis.server.raftlog.segmented.SegmentedRaftLogWorker$StartLogSegment.execute(SegmentedRaftLogWorker.java:566)
	at org.apache.ratis.server.raftlog.segmented.SegmentedRaftLogWorker.run(SegmentedRaftLogWorker.java:289)
	at java.lang.Thread.run(Thread.java:748)
2019-09-25 05:06:22,562 [Thread-427] INFO  impl.RaftServerImpl (RaftServerImpl.java:setRole(174)) - c8798e02-7f0c-41f7-82c2-a17323bcf21e@group-9A8116F4FD4E: changes role from  FOLLOWER to CANDIDATE at term 0 for changeToCandidate
2019-09-25 05:06:22,562 [pool-27-thread-1] INFO  segmented.SegmentedRaftLogWorker (SegmentedRaftLogWorker.java:<init>(172)) - new f77bfc29-6991-4b1d-a503-f706c83de4fc@group-91F3DF1D9994-SegmentedRaftLogWorker for RaftStorage:Storage Directory /workdir/hadoop-ozone/integration-test/target/test-dir/MiniOzoneClusterImpl-23306158-e895-4fc7-80df-ce6c264c388b/datanode-0/data/ratis/0c00dc2e-d966-4b5f-ad7b-91f3df1d9994
2019-09-25 05:06:22,561 [b4fa7d23-6606-45fd-9544-2b08ca3fa933@group-A43BB86F38DC:LeaderElection129] INFO  server.RaftServerConfigKeys (ConfUtils.java:logGet(43)) - raft.server.staging.catchup.gap = 1000 (default)
2019-09-25 05:06:23,032 [b4fa7d23-6606-45fd-9544-2b08ca3fa933@group-A43BB86F38DC:LeaderElection129] INFO  server.RaftServerConfigKeys (ConfUtils.java:logGet(43)) - raft.server.rpc.sleep.time = 25ms (default)
2019-09-25 05:06:22,561 [692224c4-5202-4921-98cc-04d5c60c79cc@group-3853F77ACA4A:LeaderElection130] INFO  server.RaftServerConfigKeys (ConfUtils.java:logGet(43)) - raft.server.staging.catchup.gap = 1000 (default)
2019-09-25 05:06:23,033 [692224c4-5202-4921-98cc-04d5c60c79cc@group-3853F77ACA4A:LeaderElection130] INFO  server.RaftServerConfigKeys (ConfUtils.java:logGet(43)) - raft.server.rpc.sleep.time = 25ms (default)
2019-09-25 05:06:22,561 [c8798e02-7f0c-41f7-82c2-a17323bcf21e@group-82E6436EE4C4:LeaderElection132] INFO  server.RaftServerConfigKeys (ConfUtils.java:logGet(43)) - raft.server.staging.catchup.gap = 1000 (default)
2019-09-25 05:06:23,033 [c8798e02-7f0c-41f7-82c2-a17323bcf21e@group-82E6436EE4C4:LeaderElection132] INFO  server.RaftServerConfigKeys (ConfUtils.java:logGet(43)) - raft.server.rpc.sleep.time = 25ms (default)
2019-09-25 05:06:22,561 [692224c4-5202-4921-98cc-04d5c60c79cc@group-92384AFA5BB1-SegmentedRaftLogWorker] INFO  util.JmxRegister (JmxRegister.java:unregister(73)) - Successfully un-registered JMX Bean with object name Ratis:service=RaftServer,group=group-92384AFA5BB1,id=692224c4-5202-4921-98cc-04d5c60c79cc
2019-09-25 05:06:22,561 [b4fa7d23-6606-45fd-9544-2b08ca3fa933@group-0EE8D742F083:LeaderElection126] INFO  impl.RaftServerImpl (ServerState.java:setLeader(253)) - b4fa7d23-6606-45fd-9544-2b08ca3fa933@group-0EE8D742F083: change Leader from null to b4fa7d23-6606-45fd-9544-2b08ca3fa933 at term 1 for becomeLeader, leader elected after 6773ms
2019-09-25 05:06:22,560 [b4fa7d23-6606-45fd-9544-2b08ca3fa933@group-E09D7EF96C33:LeaderElection131] INFO  server.RaftServerConfigKeys (ConfUtils.java:logGet(43)) - raft.server.write.element-limit = 4096 (default)
2019-09-25 05:06:22,560 [f77bfc29-6991-4b1d-a503-f706c83de4fc@group-40FD7941FFE1:LeaderElection133] INFO  impl.RaftServerImpl (ServerState.java:setLeader(253)) - f77bfc29-6991-4b1d-a503-f706c83de4fc@group-40FD7941FFE1: change Leader from null to f77bfc29-6991-4b1d-a503-f706c83de4fc at term 1 for becomeLeader, leader elected after 6428ms
2019-09-25 05:06:22,560 [36ac27b3-2f11-437d-8f1f-165306b0ff4a@group-40FA5C7FE322:LeaderElection127] INFO  impl.RaftServerImpl (ServerState.java:setLeader(253)) - 36ac27b3-2f11-437d-8f1f-165306b0ff4a@group-40FA5C7FE322: change Leader from null to 36ac27b3-2f11-437d-8f1f-165306b0ff4a at term 1 for becomeLeader, leader elected after 6656ms
2019-09-25 05:06:22,560 [de37f7a0-0375-40a9-a318-404478482fcb@group-20CAD8A90CD6-SegmentedRaftLogWorker] INFO  impl.RaftServerImpl (ServerState.java:close(385)) - de37f7a0-0375-40a9-a318-404478482fcb@group-20CAD8A90CD6: closes. applyIndex: -1
2019-09-25 05:06:22,559 [pool-87-thread-1] INFO  server.RaftServerConfigKeys (ConfUtils.java:logGet(43)) - raft.server.log.preallocated.size = 16384 (custom)
2019-09-25 05:06:22,558 [de37f7a0-0375-40a9-a318-404478482fcb@group-E3167D8B2B86-SegmentedRaftLogWorker] ERROR segmented.SegmentedRaftLogWorker (SegmentedRaftLogWorker.java:run(323)) - de37f7a0-0375-40a9-a318-404478482fcb@group-E3167D8B2B86-SegmentedRaftLogWorker hit exception
java.lang.OutOfMemoryError: Direct buffer memory
	at java.nio.Bits.reserveMemory(Bits.java:666)
	at java.nio.DirectByteBuffer.<init>(DirectByteBuffer.java:123)
	at java.nio.ByteBuffer.allocateDirect(ByteBuffer.java:311)
	at org.apache.ratis.server.raftlog.segmented.BufferedWriteChannel.<init>(BufferedWriteChannel.java:41)
	at org.apache.ratis.server.raftlog.segmented.SegmentedRaftLogOutputStream.<init>(SegmentedRaftLogOutputStream.java:72)
	at org.apache.ratis.server.raftlog.segmented.SegmentedRaftLogWorker$StartLogSegment.execute(SegmentedRaftLogWorker.java:566)
	at org.apache.ratis.server.raftlog.segmented.SegmentedRaftLogWorker.run(SegmentedRaftLogWorker.java:289)
	at java.lang.Thread.run(Thread.java:748)
2019-09-25 05:06:22,334 [f77bfc29-6991-4b1d-a503-f706c83de4fc@group-DD47C436208F:LeaderElection79] INFO  impl.RoleInfo (RoleInfo.java:updateAndGet(143)) - f77bfc29-6991-4b1d-a503-f706c83de4fc: start LeaderState
2019-09-25 05:06:22,334 [c8798e02-7f0c-41f7-82c2-a17323bcf21e@group-07BF07F1A4A3:LeaderElection100] INFO  impl.RaftServerImpl (ServerState.java:setRaftConf(354)) - c8798e02-7f0c-41f7-82c2-a17323bcf21e@group-07BF07F1A4A3: set configuration 0: [c8798e02-7f0c-41f7-82c2-a17323bcf21e:192.168.30.10:40603], old=null at 0
2019-09-25 05:06:23,035 [f77bfc29-6991-4b1d-a503-f706c83de4fc@group-DD47C436208F:LeaderElection79] INFO  segmented.SegmentedRaftLogWorker (SegmentedRaftLogWorker.java:startLogSegment(380)) - f77bfc29-6991-4b1d-a503-f706c83de4fc@group-DD47C436208F-SegmentedRaftLogWorker: Starting segment from index:0
2019-09-25 05:06:23,035 [692224c4-5202-4921-98cc-04d5c60c79cc@group-BA4E288B6498:LeaderElection85] INFO  impl.RoleInfo (RoleInfo.java:updateAndGet(143)) - 692224c4-5202-4921-98cc-04d5c60c79cc: start LeaderState
2019-09-25 05:06:23,035 [de37f7a0-0375-40a9-a318-404478482fcb@group-E3167D8B2B86-SegmentedRaftLogWorker] INFO  impl.RaftServerImpl (RaftServerImpl.java:lambda$shutdown$3(251)) - de37f7a0-0375-40a9-a318-404478482fcb@group-E3167D8B2B86: shutdown
2019-09-25 05:06:23,036 [f77bfc29-6991-4b1d-a503-f706c83de4fc@group-DD47C436208F:LeaderElection79] INFO  impl.RaftServerImpl (ServerState.java:setRaftConf(354)) - f77bfc29-6991-4b1d-a503-f706c83de4fc@group-DD47C436208F: set configuration 0: [f77bfc29-6991-4b1d-a503-f706c83de4fc:192.168.30.10:35112], old=null at 0
2019-09-25 05:06:23,035 [pool-87-thread-1] INFO  server.RaftServerConfigKeys (ConfUtils.java:logGet(43)) - raft.server.log.write.buffer.size = 33554432 (custom)
2019-09-25 05:06:23,035 [de37f7a0-0375-40a9-a318-404478482fcb@group-20CAD8A90CD6-SegmentedRaftLogWorker] INFO  segmented.SegmentedRaftLogWorker (SegmentedRaftLogWorker.java:close(228)) - de37f7a0-0375-40a9-a318-404478482fcb@group-20CAD8A90CD6-SegmentedRaftLogWorker close()
2019-09-25 05:06:23,239 [RATISCREATEPIPELINE3] ERROR pipeline.RatisPipelineProvider (RatisPipelineProvider.java:lambda$null$2(181)) - Failed invoke Ratis rpc org.apache.hadoop.hdds.scm.pipeline.RatisPipelineProvider$$Lambda$186/166636373@477e9bf7 for 56396258-65a3-478c-9482-0be0199dd49c
org.apache.ratis.protocol.TimeoutIOException: deadline exceeded after 2999741291ns
	at org.apache.ratis.grpc.GrpcUtil.tryUnwrapException(GrpcUtil.java:82)
	at org.apache.ratis.grpc.GrpcUtil.unwrapException(GrpcUtil.java:75)
	at org.apache.ratis.grpc.client.GrpcClientProtocolClient.blockingCall(GrpcClientProtocolClient.java:178)
	at org.apache.ratis.grpc.client.GrpcClientProtocolClient.groupAdd(GrpcClientProtocolClient.java:147)
	at org.apache.ratis.grpc.client.GrpcClientRpc.sendRequest(GrpcClientRpc.java:94)
	at org.apache.ratis.client.impl.RaftClientImpl.sendRequest(RaftClientImpl.java:278)
	at org.apache.ratis.client.impl.RaftClientImpl.groupAdd(RaftClientImpl.java:205)
	at org.apache.hadoop.hdds.scm.pipeline.RatisPipelineProvider.lambda$initializePipeline$1(RatisPipelineProvider.java:142)
	at org.apache.hadoop.hdds.scm.pipeline.RatisPipelineProvider.lambda$null$2(RatisPipelineProvider.java:177)
	at java.util.stream.ForEachOps$ForEachOp$OfRef.accept(ForEachOps.java:184)
	at java.util.ArrayList$ArrayListSpliterator.forEachRemaining(ArrayList.java:1382)
	at java.util.stream.AbstractPipeline.copyInto(AbstractPipeline.java:482)
	at java.util.stream.ForEachOps$ForEachTask.compute(ForEachOps.java:291)
	at java.util.concurrent.CountedCompleter.exec(CountedCompleter.java:731)
	at java.util.concurrent.ForkJoinTask.doExec(ForkJoinTask.java:289)
	at java.util.concurrent.ForkJoinPool$WorkQueue.runTask(ForkJoinPool.java:1056)
	at java.util.concurrent.ForkJoinPool.runWorker(ForkJoinPool.java:1692)
	at java.util.concurrent.ForkJoinWorkerThread.run(ForkJoinWorkerThread.java:157)
Caused by: org.apache.ratis.thirdparty.io.grpc.StatusRuntimeException: DEADLINE_EXCEEDED: deadline exceeded after 2999741291ns
	at org.apache.ratis.thirdparty.io.grpc.stub.ClientCalls.toStatusRuntimeException(ClientCalls.java:233)
	at org.apache.ratis.thirdparty.io.grpc.stub.ClientCalls.getUnchecked(ClientCalls.java:214)
	at org.apache.ratis.thirdparty.io.grpc.stub.ClientCalls.blockingUnaryCall(ClientCalls.java:139)
	at org.apache.ratis.proto.grpc.AdminProtocolServiceGrpc$AdminProtocolServiceBlockingStub.groupManagement(AdminProtocolServiceGrpc.java:274)
	at org.apache.ratis.grpc.client.GrpcClientProtocolClient.lambda$groupAdd$3(GrpcClientProtocolClient.java:149)
	at org.apache.ratis.grpc.client.GrpcClientProtocolClient.blockingCall(GrpcClientProtocolClient.java:176)
	... 15 more
2019-09-25 05:06:23,035 [692224c4-5202-4921-98cc-04d5c60c79cc@group-B76D1F0B6CD7-SegmentedRaftLogWorker] INFO  util.JmxRegister (JmxRegister.java:unregister(73)) - Successfully un-registered JMX Bean with object name Ratis:service=RaftServer,group=group-B76D1F0B6CD7,id=692224c4-5202-4921-98cc-04d5c60c79cc
2019-09-25 05:06:23,034 [36ac27b3-2f11-437d-8f1f-165306b0ff4a@group-40FA5C7FE322:LeaderElection127] INFO  server.RaftServerConfigKeys (ConfUtils.java:logGet(43)) - raft.server.staging.catchup.gap = 1000 (default)
2019-09-25 05:06:23,034 [f77bfc29-6991-4b1d-a503-f706c83de4fc@group-40FD7941FFE1:LeaderElection133] INFO  server.RaftServerConfigKeys (ConfUtils.java:logGet(43)) - raft.server.staging.catchup.gap = 1000 (default)
2019-09-25 05:06:23,034 [b4fa7d23-6606-45fd-9544-2b08ca3fa933@group-E09D7EF96C33:LeaderElection131] INFO  server.RaftServerConfigKeys (ConfUtils.java:logGet(43)) - raft.server.watch.timeout = 10s (default)
2019-09-25 05:06:23,249 [b4fa7d23-6606-45fd-9544-2b08ca3fa933@group-E09D7EF96C33:LeaderElection131] INFO  server.RaftServerConfigKeys (ConfUtils.java:logGet(43)) - raft.server.watch.timeout.denomination = 1s (default)
2019-09-25 05:06:23,034 [b4fa7d23-6606-45fd-9544-2b08ca3fa933@group-0EE8D742F083:LeaderElection126] INFO  server.RaftServerConfigKeys (ConfUtils.java:logGet(43)) - raft.server.staging.catchup.gap = 1000 (default)
2019-09-25 05:06:23,034 [f77bfc29-6991-4b1d-a503-f706c83de4fc@group-9013CD353F35-SegmentedRaftLogWorker] INFO  util.JmxRegister (JmxRegister.java:unregister(73)) - Successfully un-registered JMX Bean with object name Ratis:service=RaftServer,group=group-9013CD353F35,id=f77bfc29-6991-4b1d-a503-f706c83de4fc
2019-09-25 05:06:23,249 [f77bfc29-6991-4b1d-a503-f706c83de4fc@group-9013CD353F35-SegmentedRaftLogWorker] INFO  impl.RoleInfo (RoleInfo.java:shutdownLeaderState(104)) - f77bfc29-6991-4b1d-a503-f706c83de4fc: shutdown LeaderState
2019-09-25 05:06:23,034 [692224c4-5202-4921-98cc-04d5c60c79cc@group-92384AFA5BB1-SegmentedRaftLogWorker] INFO  impl.RoleInfo (RoleInfo.java:shutdownLeaderState(104)) - 692224c4-5202-4921-98cc-04d5c60c79cc: shutdown LeaderState
2019-09-25 05:06:23,033 [c8798e02-7f0c-41f7-82c2-a17323bcf21e@group-82E6436EE4C4:LeaderElection132] INFO  server.RaftServerConfigKeys (ConfUtils.java:logGet(43)) - raft.server.write.element-limit = 4096 (default)
2019-09-25 05:06:23,033 [b4fa7d23-6606-45fd-9544-2b08ca3fa933@group-24A5F312D09B:LeaderElection93] INFO  impl.RoleInfo (RoleInfo.java:updateAndGet(143)) - b4fa7d23-6606-45fd-9544-2b08ca3fa933: start LeaderState
2019-09-25 05:06:23,033 [692224c4-5202-4921-98cc-04d5c60c79cc@group-3853F77ACA4A:LeaderElection130] INFO  server.RaftServerConfigKeys (ConfUtils.java:logGet(43)) - raft.server.write.element-limit = 4096 (default)
2019-09-25 05:06:23,033 [b4fa7d23-6606-45fd-9544-2b08ca3fa933@group-A43BB86F38DC:LeaderElection129] INFO  server.RaftServerConfigKeys (ConfUtils.java:logGet(43)) - raft.server.write.element-limit = 4096 (default)
2019-09-25 05:06:23,032 [pool-27-thread-1] INFO  server.RaftServerConfigKeys (ConfUtils.java:logGet(43)) - raft.server.log.queue.byte-limit = 2147483647 (custom)
2019-09-25 05:06:23,032 [Thread-427] INFO  impl.RoleInfo (RoleInfo.java:updateAndGet(143)) - c8798e02-7f0c-41f7-82c2-a17323bcf21e: start LeaderElection
2019-09-25 05:06:23,032 [c8798e02-7f0c-41f7-82c2-a17323bcf21e@group-CF3265719ADC-SegmentedRaftLogWorker] INFO  impl.RaftServerImpl (RaftServerImpl.java:lambda$shutdown$3(251)) - c8798e02-7f0c-41f7-82c2-a17323bcf21e@group-CF3265719ADC: shutdown
2019-09-25 05:06:23,031 [36ac27b3-2f11-437d-8f1f-165306b0ff4a@group-5080C272BC14:LeaderElection120] INFO  server.RaftServerConfigKeys (ConfUtils.java:logGet(43)) - raft.server.watch.element-limit = 65536 (default)
2019-09-25 05:06:23,030 [56396258-65a3-478c-9482-0be0199dd49c@group-E36E29956034:LeaderElection128] INFO  server.RaftServerConfigKeys (ConfUtils.java:logGet(43)) - raft.server.watch.timeout = 10s (default)
2019-09-25 05:06:23,250 [56396258-65a3-478c-9482-0be0199dd49c@group-E36E29956034:LeaderElection128] INFO  server.RaftServerConfigKeys (ConfUtils.java:logGet(43)) - raft.server.watch.timeout.denomination = 1s (default)
2019-09-25 05:06:23,026 [692224c4-5202-4921-98cc-04d5c60c79cc@group-619497721A04:LeaderElection82] INFO  segmented.SegmentedRaftLogWorker (SegmentedRaftLogWorker.java:startLogSegment(380)) - 692224c4-5202-4921-98cc-04d5c60c79cc@group-619497721A04-SegmentedRaftLogWorker: Starting segment from index:0
2019-09-25 05:06:23,022 [56396258-65a3-478c-9482-0be0199dd49c@group-FC5E68C66751:LeaderElection140] INFO  impl.LeaderElection (LeaderElection.java:askForVotes(182)) - 56396258-65a3-478c-9482-0be0199dd49c@group-FC5E68C66751:LeaderElection140: begin an election at term 1 for -1: [56396258-65a3-478c-9482-0be0199dd49c:192.168.30.10:41678], old=null
2019-09-25 05:06:23,022 [f77bfc29-6991-4b1d-a503-f706c83de4fc@group-FF5A2CCB1E57-SegmentedRaftLogWorker] ERROR segmented.SegmentedRaftLogWorker (SegmentedRaftLogWorker.java:run(323)) - f77bfc29-6991-4b1d-a503-f706c83de4fc@group-FF5A2CCB1E57-SegmentedRaftLogWorker hit exception
java.lang.OutOfMemoryError: Direct buffer memory
	at java.nio.Bits.reserveMemory(Bits.java:666)
	at java.nio.DirectByteBuffer.<init>(DirectByteBuffer.java:123)
	at java.nio.ByteBuffer.allocateDirect(ByteBuffer.java:311)
	at org.apache.ratis.server.raftlog.segmented.BufferedWriteChannel.<init>(BufferedWriteChannel.java:41)
	at org.apache.ratis.server.raftlog.segmented.SegmentedRaftLogOutputStream.<init>(SegmentedRaftLogOutputStream.java:72)
	at org.apache.ratis.server.raftlog.segmented.SegmentedRaftLogWorker$StartLogSegment.execute(SegmentedRaftLogWorker.java:566)
	at org.apache.ratis.server.raftlog.segmented.SegmentedRaftLogWorker.run(SegmentedRaftLogWorker.java:289)
	at java.lang.Thread.run(Thread.java:748)
2019-09-25 05:06:22,805 [692224c4-5202-4921-98cc-04d5c60c79cc@group-3F1DA00B5D4A:LeaderElection97] INFO  impl.RaftServerImpl (ServerState.java:setRaftConf(354)) - 692224c4-5202-4921-98cc-04d5c60c79cc@group-3F1DA00B5D4A: set configuration 0: [692224c4-5202-4921-98cc-04d5c60c79cc:192.168.30.10:38144], old=null at 0
2019-09-25 05:06:22,805 [36ac27b3-2f11-437d-8f1f-165306b0ff4a@group-F5C962B5449B:LeaderElection89] INFO  impl.RoleInfo (RoleInfo.java:updateAndGet(143)) - 36ac27b3-2f11-437d-8f1f-165306b0ff4a: start LeaderState
2019-09-25 05:06:22,804 [36ac27b3-2f11-437d-8f1f-165306b0ff4a@group-25E3748DE4E7:LeaderElection121] INFO  server.RaftServerConfigKeys (ConfUtils.java:logGet(43)) - raft.server.watch.element-limit = 65536 (default)
2019-09-25 05:06:22,804 [b4fa7d23-6606-45fd-9544-2b08ca3fa933@group-184F6EE9DFE2:LeaderElection136] INFO  server.RaftServerConfigKeys (ConfUtils.java:logGet(43)) - raft.server.staging.catchup.gap = 1000 (default)
2019-09-25 05:06:22,804 [56396258-65a3-478c-9482-0be0199dd49c@group-D960DA882FC6:LeaderElection138] INFO  impl.RaftServerImpl (ServerState.java:setLeader(253)) - 56396258-65a3-478c-9482-0be0199dd49c@group-D960DA882FC6: change Leader from null to 56396258-65a3-478c-9482-0be0199dd49c at term 1 for becomeLeader, leader elected after 6393ms
2019-09-25 05:06:22,804 [de37f7a0-0375-40a9-a318-404478482fcb@group-B581BAE74188:LeaderElection137] INFO  server.RaftServerConfigKeys (ConfUtils.java:logGet(43)) - raft.server.staging.catchup.gap = 1000 (default)
2019-09-25 05:06:23,487 [c8798e02-7f0c-41f7-82c2-a17323bcf21e@group-CF3265719ADC-SegmentedRaftLogWorker] INFO  util.JmxRegister (JmxRegister.java:unregister(73)) - Successfully un-registered JMX Bean with object name Ratis:service=RaftServer,group=group-CF3265719ADC,id=c8798e02-7f0c-41f7-82c2-a17323bcf21e
2019-09-25 05:06:22,804 [692224c4-5202-4921-98cc-04d5c60c79cc@group-7A27D85A9D2A:LeaderElection139] INFO  impl.RaftServerImpl (ServerState.java:setLeader(253)) - 692224c4-5202-4921-98cc-04d5c60c79cc@group-7A27D85A9D2A: change Leader from null to 692224c4-5202-4921-98cc-04d5c60c79cc at term 1 for becomeLeader, leader elected after 6440ms
2019-09-25 05:06:23,488 [c8798e02-7f0c-41f7-82c2-a17323bcf21e@group-D47F200B6179-SegmentedRaftLogWorker] ERROR segmented.SegmentedRaftLogWorker (SegmentedRaftLogWorker.java:run(323)) - c8798e02-7f0c-41f7-82c2-a17323bcf21e@group-D47F200B6179-SegmentedRaftLogWorker hit exception
java.lang.OutOfMemoryError: Direct buffer memory
	at java.nio.Bits.reserveMemory(Bits.java:666)
	at java.nio.DirectByteBuffer.<init>(DirectByteBuffer.java:123)
	at java.nio.ByteBuffer.allocateDirect(ByteBuffer.java:311)
	at org.apache.ratis.server.raftlog.segmented.BufferedWriteChannel.<init>(BufferedWriteChannel.java:41)
	at org.apache.ratis.server.raftlog.segmented.SegmentedRaftLogOutputStream.<init>(SegmentedRaftLogOutputStream.java:72)
	at org.apache.ratis.server.raftlog.segmented.SegmentedRaftLogWorker$StartLogSegment.execute(SegmentedRaftLogWorker.java:566)
	at org.apache.ratis.server.raftlog.segmented.SegmentedRaftLogWorker.run(SegmentedRaftLogWorker.java:289)
	at java.lang.Thread.run(Thread.java:748)
2019-09-25 05:06:22,803 [de37f7a0-0375-40a9-a318-404478482fcb@group-C088ACFB0C23:LeaderElection134] INFO  server.RaftServerConfigKeys (ConfUtils.java:logGet(43)) - raft.server.staging.catchup.gap = 1000 (default)
2019-09-25 05:06:22,803 [Thread-805] INFO  impl.RaftServerImpl (RaftServerImpl.java:setRole(174)) - 36ac27b3-2f11-437d-8f1f-165306b0ff4a@group-84CDB88FD1B0: changes role from  FOLLOWER to CANDIDATE at term 0 for changeToCandidate
2019-09-25 05:06:22,803 [Thread-442] INFO  impl.RaftServerImpl (RaftServerImpl.java:setRole(174)) - 56396258-65a3-478c-9482-0be0199dd49c@group-2D2A6A1AC4E2: changes role from  FOLLOWER to CANDIDATE at term 0 for changeToCandidate
2019-09-25 05:06:22,803 [Thread-433] INFO  impl.RaftServerImpl (RaftServerImpl.java:setRole(174)) - 692224c4-5202-4921-98cc-04d5c60c79cc@group-C8AC12423563: changes role from  FOLLOWER to CANDIDATE at term 0 for changeToCandidate
2019-09-25 05:06:23,489 [Thread-442] INFO  impl.RoleInfo (RoleInfo.java:updateAndGet(143)) - 56396258-65a3-478c-9482-0be0199dd49c: start LeaderElection
2019-09-25 05:06:22,803 [b4fa7d23-6606-45fd-9544-2b08ca3fa933@group-57C0E81ED09A:LeaderElection135] INFO  server.RaftServerConfigKeys (ConfUtils.java:logGet(43)) - raft.server.staging.catchup.gap = 1000 (default)
2019-09-25 05:06:23,489 [b4fa7d23-6606-45fd-9544-2b08ca3fa933@group-57C0E81ED09A:LeaderElection135] INFO  server.RaftServerConfigKeys (ConfUtils.java:logGet(43)) - raft.server.rpc.sleep.time = 25ms (default)
2019-09-25 05:06:22,802 [de37f7a0-0375-40a9-a318-404478482fcb@group-42158A371DC1:LeaderElection84] INFO  segmented.SegmentedRaftLogWorker (SegmentedRaftLogWorker.java:startLogSegment(380)) - de37f7a0-0375-40a9-a318-404478482fcb@group-42158A371DC1-SegmentedRaftLogWorker: Starting segment from index:0
2019-09-25 05:06:22,802 [f77bfc29-6991-4b1d-a503-f706c83de4fc@group-B866544E1229:LeaderElection123] INFO  server.RaftServerConfigKeys (ConfUtils.java:logGet(43)) - raft.server.watch.element-limit = 65536 (default)
2019-09-25 05:06:22,802 [36ac27b3-2f11-437d-8f1f-165306b0ff4a@group-6E6AA1FC98DD:LeaderElection125] INFO  server.RaftServerConfigKeys (ConfUtils.java:logGet(43)) - raft.server.watch.timeout.denomination = 1s (default)
2019-09-25 05:06:23,718 [de37f7a0-0375-40a9-a318-404478482fcb@group-42158A371DC1:LeaderElection84] INFO  impl.RaftServerImpl (ServerState.java:setRaftConf(354)) - de37f7a0-0375-40a9-a318-404478482fcb@group-42158A371DC1: set configuration 0: [de37f7a0-0375-40a9-a318-404478482fcb:192.168.30.10:44522], old=null at 0
2019-09-25 05:06:23,489 [b4fa7d23-6606-45fd-9544-2b08ca3fa933@group-57C0E81ED09A:LeaderElection135] INFO  server.RaftServerConfigKeys (ConfUtils.java:logGet(43)) - raft.server.write.element-limit = 4096 (default)
2019-09-25 05:06:23,489 [Thread-433] INFO  impl.RoleInfo (RoleInfo.java:updateAndGet(143)) - 692224c4-5202-4921-98cc-04d5c60c79cc: start LeaderElection
2019-09-25 05:06:23,719 [c8798e02-7f0c-41f7-82c2-a17323bcf21e@group-7F09E26EF688:LeaderElection80] INFO  impl.RoleInfo (RoleInfo.java:updateAndGet(143)) - c8798e02-7f0c-41f7-82c2-a17323bcf21e: start LeaderState
2019-09-25 05:06:23,488 [Thread-805] INFO  impl.RoleInfo (RoleInfo.java:updateAndGet(143)) - 36ac27b3-2f11-437d-8f1f-165306b0ff4a: start LeaderElection
2019-09-25 05:06:23,488 [56396258-65a3-478c-9482-0be0199dd49c@group-5767B56274DA:LeaderElection95] INFO  impl.RoleInfo (RoleInfo.java:updateAndGet(143)) - 56396258-65a3-478c-9482-0be0199dd49c: start LeaderState
2019-09-25 05:06:23,488 [de37f7a0-0375-40a9-a318-404478482fcb@group-C088ACFB0C23:LeaderElection134] INFO  server.RaftServerConfigKeys (ConfUtils.java:logGet(43)) - raft.server.rpc.sleep.time = 25ms (default)
2019-09-25 05:06:23,488 [c8798e02-7f0c-41f7-82c2-a17323bcf21e@group-D47F200B6179-SegmentedRaftLogWorker] INFO  impl.RaftServerImpl (RaftServerImpl.java:lambda$shutdown$3(251)) - c8798e02-7f0c-41f7-82c2-a17323bcf21e@group-D47F200B6179: shutdown
2019-09-25 05:06:23,488 [692224c4-5202-4921-98cc-04d5c60c79cc@group-7A27D85A9D2A:LeaderElection139] INFO  server.RaftServerConfigKeys (ConfUtils.java:logGet(43)) - raft.server.staging.catchup.gap = 1000 (default)
2019-09-25 05:06:23,488 [c8798e02-7f0c-41f7-82c2-a17323bcf21e@group-CF3265719ADC-SegmentedRaftLogWorker] INFO  impl.RoleInfo (RoleInfo.java:shutdownLeaderState(104)) - c8798e02-7f0c-41f7-82c2-a17323bcf21e: shutdown LeaderState
2019-09-25 05:06:23,487 [de37f7a0-0375-40a9-a318-404478482fcb@group-B581BAE74188:LeaderElection137] INFO  server.RaftServerConfigKeys (ConfUtils.java:logGet(43)) - raft.server.rpc.sleep.time = 25ms (default)
2019-09-25 05:06:23,487 [56396258-65a3-478c-9482-0be0199dd49c@group-D960DA882FC6:LeaderElection138] INFO  server.RaftServerConfigKeys (ConfUtils.java:logGet(43)) - raft.server.staging.catchup.gap = 1000 (default)
2019-09-25 05:06:23,721 [56396258-65a3-478c-9482-0be0199dd49c@group-D960DA882FC6:LeaderElection138] INFO  server.RaftServerConfigKeys (ConfUtils.java:logGet(43)) - raft.server.rpc.sleep.time = 25ms (default)
2019-09-25 05:06:23,487 [b4fa7d23-6606-45fd-9544-2b08ca3fa933@group-184F6EE9DFE2:LeaderElection136] INFO  server.RaftServerConfigKeys (ConfUtils.java:logGet(43)) - raft.server.rpc.sleep.time = 25ms (default)
2019-09-25 05:06:23,721 [b4fa7d23-6606-45fd-9544-2b08ca3fa933@group-184F6EE9DFE2:LeaderElection136] INFO  server.RaftServerConfigKeys (ConfUtils.java:logGet(43)) - raft.server.write.element-limit = 4096 (default)
2019-09-25 05:06:23,487 [36ac27b3-2f11-437d-8f1f-165306b0ff4a@group-F5C962B5449B:LeaderElection89] INFO  segmented.SegmentedRaftLogWorker (SegmentedRaftLogWorker.java:startLogSegment(380)) - 36ac27b3-2f11-437d-8f1f-165306b0ff4a@group-F5C962B5449B-SegmentedRaftLogWorker: Starting segment from index:0
2019-09-25 05:06:23,487 [f77bfc29-6991-4b1d-a503-f706c83de4fc@group-896477D705A3:LeaderElection91] INFO  impl.RoleInfo (RoleInfo.java:updateAndGet(143)) - f77bfc29-6991-4b1d-a503-f706c83de4fc: start LeaderState
2019-09-25 05:06:23,486 [b4fa7d23-6606-45fd-9544-2b08ca3fa933@group-82B6D9F84BDB-SegmentedRaftLogWorker] ERROR segmented.SegmentedRaftLogWorker (SegmentedRaftLogWorker.java:run(323)) - b4fa7d23-6606-45fd-9544-2b08ca3fa933@group-82B6D9F84BDB-SegmentedRaftLogWorker hit exception
java.lang.OutOfMemoryError: Direct buffer memory
	at java.nio.Bits.reserveMemory(Bits.java:666)
	at java.nio.DirectByteBuffer.<init>(DirectByteBuffer.java:123)
	at java.nio.ByteBuffer.allocateDirect(ByteBuffer.java:311)
	at org.apache.ratis.server.raftlog.segmented.BufferedWriteChannel.<init>(BufferedWriteChannel.java:41)
	at org.apache.ratis.server.raftlog.segmented.SegmentedRaftLogOutputStream.<init>(SegmentedRaftLogOutputStream.java:72)
	at org.apache.ratis.server.raftlog.segmented.SegmentedRaftLogWorker$StartLogSegment.execute(SegmentedRaftLogWorker.java:566)
	at org.apache.ratis.server.raftlog.segmented.SegmentedRaftLogWorker.run(SegmentedRaftLogWorker.java:289)
	at java.lang.Thread.run(Thread.java:748)
2019-09-25 05:06:23,934 [b4fa7d23-6606-45fd-9544-2b08ca3fa933@group-82B6D9F84BDB-SegmentedRaftLogWorker] INFO  impl.RaftServerImpl (RaftServerImpl.java:lambda$shutdown$3(251)) - b4fa7d23-6606-45fd-9544-2b08ca3fa933@group-82B6D9F84BDB: shutdown
2019-09-25 05:06:23,251 [f77bfc29-6991-4b1d-a503-f706c83de4fc@group-FF5A2CCB1E57-SegmentedRaftLogWorker] INFO  impl.RaftServerImpl (RaftServerImpl.java:lambda$shutdown$3(251)) - f77bfc29-6991-4b1d-a503-f706c83de4fc@group-FF5A2CCB1E57: shutdown
2019-09-25 05:06:23,251 [692224c4-5202-4921-98cc-04d5c60c79cc@group-619497721A04:LeaderElection82] INFO  impl.RaftServerImpl (ServerState.java:setRaftConf(354)) - 692224c4-5202-4921-98cc-04d5c60c79cc@group-619497721A04: set configuration 0: [692224c4-5202-4921-98cc-04d5c60c79cc:192.168.30.10:38144], old=null at 0
2019-09-25 05:06:23,251 [56396258-65a3-478c-9482-0be0199dd49c@group-FC5E68C66751:LeaderElection140] INFO  impl.RoleInfo (RoleInfo.java:shutdownLeaderElection(134)) - 56396258-65a3-478c-9482-0be0199dd49c: shutdown LeaderElection
2019-09-25 05:06:23,251 [692224c4-5202-4921-98cc-04d5c60c79cc@group-671CE9E71498:LeaderElection81] INFO  impl.RoleInfo (RoleInfo.java:updateAndGet(143)) - 692224c4-5202-4921-98cc-04d5c60c79cc: start LeaderState
2019-09-25 05:06:23,251 [56396258-65a3-478c-9482-0be0199dd49c@group-E36E29956034:LeaderElection128] INFO  server.RaftServerConfigKeys (ConfUtils.java:logGet(43)) - raft.server.watch.element-limit = 65536 (default)
2019-09-25 05:06:23,250 [pool-27-thread-1] INFO  server.RaftServerConfigKeys (ConfUtils.java:logGet(43)) - raft.server.log.queue.element-limit = 1024 (custom)
2019-09-25 05:06:23,250 [b4fa7d23-6606-45fd-9544-2b08ca3fa933@group-A43BB86F38DC:LeaderElection129] INFO  server.RaftServerConfigKeys (ConfUtils.java:logGet(43)) - raft.server.watch.timeout = 10s (default)
2019-09-25 05:06:23,250 [b4fa7d23-6606-45fd-9544-2b08ca3fa933@group-64E57C267E0E:LeaderElection88] INFO  impl.RoleInfo (RoleInfo.java:updateAndGet(143)) - b4fa7d23-6606-45fd-9544-2b08ca3fa933: start LeaderState
2019-09-25 05:06:23,250 [692224c4-5202-4921-98cc-04d5c60c79cc@group-3853F77ACA4A:LeaderElection130] INFO  server.RaftServerConfigKeys (ConfUtils.java:logGet(43)) - raft.server.watch.timeout = 10s (default)
2019-09-25 05:06:23,250 [b4fa7d23-6606-45fd-9544-2b08ca3fa933@group-24A5F312D09B:LeaderElection93] INFO  segmented.SegmentedRaftLogWorker (SegmentedRaftLogWorker.java:startLogSegment(380)) - b4fa7d23-6606-45fd-9544-2b08ca3fa933@group-24A5F312D09B-SegmentedRaftLogWorker: Starting segment from index:0
2019-09-25 05:06:23,250 [de37f7a0-0375-40a9-a318-404478482fcb@group-E3167D8B2B86-SegmentedRaftLogWorker] INFO  util.JmxRegister (JmxRegister.java:unregister(73)) - Successfully un-registered JMX Bean with object name Ratis:service=RaftServer,group=group-E3167D8B2B86,id=de37f7a0-0375-40a9-a318-404478482fcb
2019-09-25 05:06:23,936 [de37f7a0-0375-40a9-a318-404478482fcb@group-E6C1EF877494:LeaderElection98] INFO  impl.RoleInfo (RoleInfo.java:updateAndGet(143)) - de37f7a0-0375-40a9-a318-404478482fcb: start LeaderState
2019-09-25 05:06:23,249 [c8798e02-7f0c-41f7-82c2-a17323bcf21e@group-82E6436EE4C4:LeaderElection132] INFO  server.RaftServerConfigKeys (ConfUtils.java:logGet(43)) - raft.server.watch.timeout = 10s (default)
2019-09-25 05:06:23,936 [b4fa7d23-6606-45fd-9544-2b08ca3fa933@group-24A5F312D09B:LeaderElection93] INFO  impl.RaftServerImpl (ServerState.java:setRaftConf(354)) - b4fa7d23-6606-45fd-9544-2b08ca3fa933@group-24A5F312D09B: set configuration 0: [b4fa7d23-6606-45fd-9544-2b08ca3fa933:192.168.30.10:34493], old=null at 0
2019-09-25 05:06:23,249 [692224c4-5202-4921-98cc-04d5c60c79cc@group-92384AFA5BB1-SegmentedRaftLogWorker] INFO  impl.PendingRequests (PendingRequests.java:sendNotLeaderResponses(202)) - 692224c4-5202-4921-98cc-04d5c60c79cc-PendingRequests: sendNotLeaderResponses
2019-09-25 05:06:23,249 [f77bfc29-6991-4b1d-a503-f706c83de4fc@group-9013CD353F35-SegmentedRaftLogWorker] INFO  impl.PendingRequests (PendingRequests.java:sendNotLeaderResponses(202)) - f77bfc29-6991-4b1d-a503-f706c83de4fc-PendingRequests: sendNotLeaderResponses
2019-09-25 05:06:23,249 [b4fa7d23-6606-45fd-9544-2b08ca3fa933@group-0EE8D742F083:LeaderElection126] INFO  server.RaftServerConfigKeys (ConfUtils.java:logGet(43)) - raft.server.rpc.sleep.time = 25ms (default)
2019-09-25 05:06:24,152 [f77bfc29-6991-4b1d-a503-f706c83de4fc@group-9013CD353F35-SegmentedRaftLogWorker] INFO  impl.StateMachineUpdater (StateMachineUpdater.java:stopAndJoin(125)) - f77bfc29-6991-4b1d-a503-f706c83de4fc@group-9013CD353F35-StateMachineUpdater: set stopIndex = -1
2019-09-25 05:06:23,249 [b4fa7d23-6606-45fd-9544-2b08ca3fa933@group-E09D7EF96C33:LeaderElection131] INFO  server.RaftServerConfigKeys (ConfUtils.java:logGet(43)) - raft.server.watch.element-limit = 65536 (default)
2019-09-25 05:06:23,249 [f77bfc29-6991-4b1d-a503-f706c83de4fc@group-0224D9BF4A68:LeaderElection90] INFO  impl.RoleInfo (RoleInfo.java:updateAndGet(143)) - f77bfc29-6991-4b1d-a503-f706c83de4fc: start LeaderState
2019-09-25 05:06:23,248 [f77bfc29-6991-4b1d-a503-f706c83de4fc@group-40FD7941FFE1:LeaderElection133] INFO  server.RaftServerConfigKeys (ConfUtils.java:logGet(43)) - raft.server.rpc.sleep.time = 25ms (default)
2019-09-25 05:06:23,248 [36ac27b3-2f11-437d-8f1f-165306b0ff4a@group-40FA5C7FE322:LeaderElection127] INFO  server.RaftServerConfigKeys (ConfUtils.java:logGet(43)) - raft.server.rpc.sleep.time = 25ms (default)
2019-09-25 05:06:23,248 [692224c4-5202-4921-98cc-04d5c60c79cc@group-B76D1F0B6CD7-SegmentedRaftLogWorker] INFO  impl.RoleInfo (RoleInfo.java:shutdownLeaderState(104)) - 692224c4-5202-4921-98cc-04d5c60c79cc: shutdown LeaderState
2019-09-25 05:06:23,247 [RATISCREATEPIPELINE1] ERROR pipeline.RatisPipelineProvider (RatisPipelineProvider.java:lambda$null$2(181)) - Failed invoke Ratis rpc org.apache.hadoop.hdds.scm.pipeline.RatisPipelineProvider$$Lambda$186/166636373@477e9bf7 for f77bfc29-6991-4b1d-a503-f706c83de4fc
org.apache.ratis.protocol.TimeoutIOException: deadline exceeded after 2996514740ns
	at org.apache.ratis.grpc.GrpcUtil.tryUnwrapException(GrpcUtil.java:82)
	at org.apache.ratis.grpc.GrpcUtil.unwrapException(GrpcUtil.java:75)
	at org.apache.ratis.grpc.client.GrpcClientProtocolClient.blockingCall(GrpcClientProtocolClient.java:178)
	at org.apache.ratis.grpc.client.GrpcClientProtocolClient.groupAdd(GrpcClientProtocolClient.java:147)
	at org.apache.ratis.grpc.client.GrpcClientRpc.sendRequest(GrpcClientRpc.java:94)
	at org.apache.ratis.client.impl.RaftClientImpl.sendRequest(RaftClientImpl.java:278)
	at org.apache.ratis.client.impl.RaftClientImpl.groupAdd(RaftClientImpl.java:205)
	at org.apache.hadoop.hdds.scm.pipeline.RatisPipelineProvider.lambda$initializePipeline$1(RatisPipelineProvider.java:142)
	at org.apache.hadoop.hdds.scm.pipeline.RatisPipelineProvider.lambda$null$2(RatisPipelineProvider.java:177)
	at java.util.stream.ForEachOps$ForEachOp$OfRef.accept(ForEachOps.java:184)
	at java.util.ArrayList$ArrayListSpliterator.forEachRemaining(ArrayList.java:1382)
	at java.util.stream.AbstractPipeline.copyInto(AbstractPipeline.java:482)
	at java.util.stream.ForEachOps$ForEachTask.compute(ForEachOps.java:291)
	at java.util.concurrent.CountedCompleter.exec(CountedCompleter.java:731)
	at java.util.concurrent.ForkJoinTask.doExec(ForkJoinTask.java:289)
	at java.util.concurrent.ForkJoinTask.doInvoke(ForkJoinTask.java:401)
	at java.util.concurrent.ForkJoinTask.invoke(ForkJoinTask.java:734)
	at java.util.stream.ForEachOps$ForEachOp.evaluateParallel(ForEachOps.java:160)
	at java.util.stream.ForEachOps$ForEachOp$OfRef.evaluateParallel(ForEachOps.java:174)
	at java.util.stream.AbstractPipeline.evaluate(AbstractPipeline.java:233)
	at java.util.stream.ReferencePipeline.forEach(ReferencePipeline.java:418)
	at java.util.stream.ReferencePipeline$Head.forEach(ReferencePipeline.java:583)
	at org.apache.hadoop.hdds.scm.pipeline.RatisPipelineProvider.lambda$callRatisRpc$3(RatisPipelineProvider.java:171)
	at java.util.concurrent.ForkJoinTask$AdaptedRunnableAction.exec(ForkJoinTask.java:1386)
	at java.util.concurrent.ForkJoinTask.doExec(ForkJoinTask.java:289)
	at java.util.concurrent.ForkJoinPool$WorkQueue.runTask(ForkJoinPool.java:1056)
	at java.util.concurrent.ForkJoinPool.runWorker(ForkJoinPool.java:1692)
	at java.util.concurrent.ForkJoinWorkerThread.run(ForkJoinWorkerThread.java:157)
Caused by: org.apache.ratis.thirdparty.io.grpc.StatusRuntimeException: DEADLINE_EXCEEDED: deadline exceeded after 2996514740ns
	at org.apache.ratis.thirdparty.io.grpc.stub.ClientCalls.toStatusRuntimeException(ClientCalls.java:233)
	at org.apache.ratis.thirdparty.io.grpc.stub.ClientCalls.getUnchecked(ClientCalls.java:214)
	at org.apache.ratis.thirdparty.io.grpc.stub.ClientCalls.blockingUnaryCall(ClientCalls.java:139)
	at org.apache.ratis.proto.grpc.AdminProtocolServiceGrpc$AdminProtocolServiceBlockingStub.groupManagement(AdminProtocolServiceGrpc.java:274)
	at org.apache.ratis.grpc.client.GrpcClientProtocolClient.lambda$groupAdd$3(GrpcClientProtocolClient.java:149)
	at org.apache.ratis.grpc.client.GrpcClientProtocolClient.blockingCall(GrpcClientProtocolClient.java:176)
	... 25 more
2019-09-25 05:06:23,239 [pool-87-thread-1] INFO  server.RaftServerConfigKeys (ConfUtils.java:logGet(43)) - raft.server.log.force.sync.num = 128 (default)
2019-09-25 05:06:23,239 [RATISCREATEPIPELINE2] ERROR pipeline.RatisPipelineProvider (RatisPipelineProvider.java:lambda$null$2(181)) - Failed invoke Ratis rpc org.apache.hadoop.hdds.scm.pipeline.RatisPipelineProvider$$Lambda$186/166636373@477e9bf7 for 36ac27b3-2f11-437d-8f1f-165306b0ff4a
org.apache.ratis.protocol.TimeoutIOException: deadline exceeded after 2999747689ns
	at org.apache.ratis.grpc.GrpcUtil.tryUnwrapException(GrpcUtil.java:82)
	at org.apache.ratis.grpc.GrpcUtil.unwrapException(GrpcUtil.java:75)
	at org.apache.ratis.grpc.client.GrpcClientProtocolClient.blockingCall(GrpcClientProtocolClient.java:178)
	at org.apache.ratis.grpc.client.GrpcClientProtocolClient.groupAdd(GrpcClientProtocolClient.java:147)
	at org.apache.ratis.grpc.client.GrpcClientRpc.sendRequest(GrpcClientRpc.java:94)
	at org.apache.ratis.client.impl.RaftClientImpl.sendRequest(RaftClientImpl.java:278)
	at org.apache.ratis.client.impl.RaftClientImpl.groupAdd(RaftClientImpl.java:205)
	at org.apache.hadoop.hdds.scm.pipeline.RatisPipelineProvider.lambda$initializePipeline$1(RatisPipelineProvider.java:142)
	at org.apache.hadoop.hdds.scm.pipeline.RatisPipelineProvider.lambda$null$2(RatisPipelineProvider.java:177)
	at java.util.stream.ForEachOps$ForEachOp$OfRef.accept(ForEachOps.java:184)
	at java.util.ArrayList$ArrayListSpliterator.forEachRemaining(ArrayList.java:1382)
	at java.util.stream.AbstractPipeline.copyInto(AbstractPipeline.java:482)
	at java.util.stream.ForEachOps$ForEachTask.compute(ForEachOps.java:291)
	at java.util.concurrent.CountedCompleter.exec(CountedCompleter.java:731)
	at java.util.concurrent.ForkJoinTask.doExec(ForkJoinTask.java:289)
	at java.util.concurrent.ForkJoinPool$WorkQueue.runTask(ForkJoinPool.java:1056)
	at java.util.concurrent.ForkJoinPool.runWorker(ForkJoinPool.java:1692)
	at java.util.concurrent.ForkJoinWorkerThread.run(ForkJoinWorkerThread.java:157)
Caused by: org.apache.ratis.thirdparty.io.grpc.StatusRuntimeException: DEADLINE_EXCEEDED: deadline exceeded after 2999747689ns
	at org.apache.ratis.thirdparty.io.grpc.stub.ClientCalls.toStatusRuntimeException(ClientCalls.java:233)
	at org.apache.ratis.thirdparty.io.grpc.stub.ClientCalls.getUnchecked(ClientCalls.java:214)
	at org.apache.ratis.thirdparty.io.grpc.stub.ClientCalls.blockingUnaryCall(ClientCalls.java:139)
	at org.apache.ratis.proto.grpc.AdminProtocolServiceGrpc$AdminProtocolServiceBlockingStub.groupManagement(AdminProtocolServiceGrpc.java:274)
	at org.apache.ratis.grpc.client.GrpcClientProtocolClient.lambda$groupAdd$3(GrpcClientProtocolClient.java:149)
	at org.apache.ratis.grpc.client.GrpcClientProtocolClient.blockingCall(GrpcClientProtocolClient.java:176)
	... 15 more
2019-09-25 05:06:23,036 [692224c4-5202-4921-98cc-04d5c60c79cc@group-BA4E288B6498:LeaderElection85] INFO  segmented.SegmentedRaftLogWorker (SegmentedRaftLogWorker.java:startLogSegment(380)) - 692224c4-5202-4921-98cc-04d5c60c79cc@group-BA4E288B6498-SegmentedRaftLogWorker: Starting segment from index:0
2019-09-25 05:06:24,163 [pool-87-thread-1] INFO  server.RaftServerConfigKeys (ConfUtils.java:logGet(43)) - raft.server.log.statemachine.data.sync = true (default)
2019-09-25 05:06:24,164 [56396258-65a3-478c-9482-0be0199dd49c@group-B63E6DF1E8D2:LeaderElection86] INFO  impl.RoleInfo (RoleInfo.java:updateAndGet(143)) - 56396258-65a3-478c-9482-0be0199dd49c: start LeaderState
2019-09-25 05:06:24,154 [56396258-65a3-478c-9482-0be0199dd49c@group-33166F81F61A:LeaderElection92] INFO  impl.RoleInfo (RoleInfo.java:updateAndGet(143)) - 56396258-65a3-478c-9482-0be0199dd49c: start LeaderState
2019-09-25 05:06:24,153 [692224c4-5202-4921-98cc-04d5c60c79cc@group-B76D1F0B6CD7-SegmentedRaftLogWorker] INFO  impl.PendingRequests (PendingRequests.java:sendNotLeaderResponses(202)) - 692224c4-5202-4921-98cc-04d5c60c79cc-PendingRequests: sendNotLeaderResponses
2019-09-25 05:06:24,153 [36ac27b3-2f11-437d-8f1f-165306b0ff4a@group-40FA5C7FE322:LeaderElection127] INFO  server.RaftServerConfigKeys (ConfUtils.java:logGet(43)) - raft.server.write.element-limit = 4096 (default)
2019-09-25 05:06:24,407 [692224c4-5202-4921-98cc-04d5c60c79cc@group-B76D1F0B6CD7-SegmentedRaftLogWorker] INFO  impl.StateMachineUpdater (StateMachineUpdater.java:stopAndJoin(125)) - 692224c4-5202-4921-98cc-04d5c60c79cc@group-B76D1F0B6CD7-StateMachineUpdater: set stopIndex = -1
2019-09-25 05:06:24,153 [f77bfc29-6991-4b1d-a503-f706c83de4fc@group-40FD7941FFE1:LeaderElection133] INFO  server.RaftServerConfigKeys (ConfUtils.java:logGet(43)) - raft.server.write.element-limit = 4096 (default)
2019-09-25 05:06:24,153 [f77bfc29-6991-4b1d-a503-f706c83de4fc@group-0224D9BF4A68:LeaderElection90] INFO  segmented.SegmentedRaftLogWorker (SegmentedRaftLogWorker.java:startLogSegment(380)) - f77bfc29-6991-4b1d-a503-f706c83de4fc@group-0224D9BF4A68-SegmentedRaftLogWorker: Starting segment from index:0
2019-09-25 05:06:24,153 [c8798e02-7f0c-41f7-82c2-a17323bcf21e@group-D18EEAF46E97:LeaderElection77] INFO  impl.RoleInfo (RoleInfo.java:updateAndGet(143)) - c8798e02-7f0c-41f7-82c2-a17323bcf21e: start LeaderState
2019-09-25 05:06:24,152 [f77bfc29-6991-4b1d-a503-f706c83de4fc@group-9013CD353F35-SegmentedRaftLogWorker] INFO  impl.RaftServerImpl (ServerState.java:close(385)) - f77bfc29-6991-4b1d-a503-f706c83de4fc@group-9013CD353F35: closes. applyIndex: -1
2019-09-25 05:06:24,408 [c8798e02-7f0c-41f7-82c2-a17323bcf21e@group-D18EEAF46E97:LeaderElection77] INFO  segmented.SegmentedRaftLogWorker (SegmentedRaftLogWorker.java:startLogSegment(380)) - c8798e02-7f0c-41f7-82c2-a17323bcf21e@group-D18EEAF46E97-SegmentedRaftLogWorker: Starting segment from index:0
2019-09-25 05:06:24,408 [f77bfc29-6991-4b1d-a503-f706c83de4fc@group-9013CD353F35-SegmentedRaftLogWorker] INFO  segmented.SegmentedRaftLogWorker (SegmentedRaftLogWorker.java:close(228)) - f77bfc29-6991-4b1d-a503-f706c83de4fc@group-9013CD353F35-SegmentedRaftLogWorker close()
2019-09-25 05:06:24,408 [56396258-65a3-478c-9482-0be0199dd49c@group-78B68D5662A6:LeaderElection94] INFO  impl.RoleInfo (RoleInfo.java:updateAndGet(143)) - 56396258-65a3-478c-9482-0be0199dd49c: start LeaderState
2019-09-25 05:06:24,152 [b4fa7d23-6606-45fd-9544-2b08ca3fa933@group-0EE8D742F083:LeaderElection126] INFO  server.RaftServerConfigKeys (ConfUtils.java:logGet(43)) - raft.server.write.element-limit = 4096 (default)
2019-09-25 05:06:24,627 [c8798e02-7f0c-41f7-82c2-a17323bcf21e@group-D18EEAF46E97:LeaderElection77] INFO  impl.RaftServerImpl (ServerState.java:setRaftConf(354)) - c8798e02-7f0c-41f7-82c2-a17323bcf21e@group-D18EEAF46E97: set configuration 0: [c8798e02-7f0c-41f7-82c2-a17323bcf21e:192.168.30.10:40603], old=null at 0
2019-09-25 05:06:24,152 [f77bfc29-6991-4b1d-a503-f706c83de4fc@group-FF5A2CCB1E57-SegmentedRaftLogWorker] INFO  util.JmxRegister (JmxRegister.java:unregister(73)) - Successfully un-registered JMX Bean with object name Ratis:service=RaftServer,group=group-FF5A2CCB1E57,id=f77bfc29-6991-4b1d-a503-f706c83de4fc
2019-09-25 05:06:24,852 [f77bfc29-6991-4b1d-a503-f706c83de4fc@group-FF5A2CCB1E57-SegmentedRaftLogWorker] INFO  impl.RoleInfo (RoleInfo.java:shutdownLeaderState(104)) - f77bfc29-6991-4b1d-a503-f706c83de4fc: shutdown LeaderState
2019-09-25 05:06:24,152 [b4fa7d23-6606-45fd-9544-2b08ca3fa933@group-82B6D9F84BDB-SegmentedRaftLogWorker] INFO  util.JmxRegister (JmxRegister.java:unregister(73)) - Successfully un-registered JMX Bean with object name Ratis:service=RaftServer,group=group-82B6D9F84BDB,id=b4fa7d23-6606-45fd-9544-2b08ca3fa933
2019-09-25 05:06:24,852 [b4fa7d23-6606-45fd-9544-2b08ca3fa933@group-82B6D9F84BDB-SegmentedRaftLogWorker] INFO  impl.RoleInfo (RoleInfo.java:shutdownLeaderState(104)) - b4fa7d23-6606-45fd-9544-2b08ca3fa933: shutdown LeaderState
2019-09-25 05:06:24,151 [692224c4-5202-4921-98cc-04d5c60c79cc@group-92384AFA5BB1-SegmentedRaftLogWorker] INFO  impl.StateMachineUpdater (StateMachineUpdater.java:stopAndJoin(125)) - 692224c4-5202-4921-98cc-04d5c60c79cc@group-92384AFA5BB1-StateMachineUpdater: set stopIndex = -1
2019-09-25 05:06:24,852 [692224c4-5202-4921-98cc-04d5c60c79cc@group-92384AFA5BB1-SegmentedRaftLogWorker] INFO  impl.RaftServerImpl (ServerState.java:close(385)) - 692224c4-5202-4921-98cc-04d5c60c79cc@group-92384AFA5BB1: closes. applyIndex: -1
2019-09-25 05:06:24,151 [c8798e02-7f0c-41f7-82c2-a17323bcf21e@group-82E6436EE4C4:LeaderElection132] INFO  server.RaftServerConfigKeys (ConfUtils.java:logGet(43)) - raft.server.watch.timeout.denomination = 1s (default)
2019-09-25 05:06:24,151 [36ac27b3-2f11-437d-8f1f-165306b0ff4a@group-84CDB88FD1B0:LeaderElection142] INFO  impl.LeaderElection (LeaderElection.java:askForVotes(182)) - 36ac27b3-2f11-437d-8f1f-165306b0ff4a@group-84CDB88FD1B0:LeaderElection142: begin an election at term 1 for -1: [36ac27b3-2f11-437d-8f1f-165306b0ff4a:192.168.30.10:45265], old=null
2019-09-25 05:06:24,150 [692224c4-5202-4921-98cc-04d5c60c79cc@group-A3AB95F92ABD-SegmentedRaftLogWorker] ERROR segmented.SegmentedRaftLogWorker (SegmentedRaftLogWorker.java:run(323)) - 692224c4-5202-4921-98cc-04d5c60c79cc@group-A3AB95F92ABD-SegmentedRaftLogWorker hit exception
java.lang.OutOfMemoryError: Direct buffer memory
	at java.nio.Bits.reserveMemory(Bits.java:666)
	at java.nio.DirectByteBuffer.<init>(DirectByteBuffer.java:123)
	at java.nio.ByteBuffer.allocateDirect(ByteBuffer.java:311)
	at org.apache.ratis.server.raftlog.segmented.BufferedWriteChannel.<init>(BufferedWriteChannel.java:41)
	at org.apache.ratis.server.raftlog.segmented.SegmentedRaftLogOutputStream.<init>(SegmentedRaftLogOutputStream.java:72)
	at org.apache.ratis.server.raftlog.segmented.SegmentedRaftLogWorker$StartLogSegment.execute(SegmentedRaftLogWorker.java:566)
	at org.apache.ratis.server.raftlog.segmented.SegmentedRaftLogWorker.run(SegmentedRaftLogWorker.java:289)
	at java.lang.Thread.run(Thread.java:748)
2019-09-25 05:06:23,936 [de37f7a0-0375-40a9-a318-404478482fcb@group-E6C1EF877494:LeaderElection98] INFO  segmented.SegmentedRaftLogWorker (SegmentedRaftLogWorker.java:startLogSegment(380)) - de37f7a0-0375-40a9-a318-404478482fcb@group-E6C1EF877494-SegmentedRaftLogWorker: Starting segment from index:0
2019-09-25 05:06:23,936 [de37f7a0-0375-40a9-a318-404478482fcb@group-E3167D8B2B86-SegmentedRaftLogWorker] INFO  impl.RoleInfo (RoleInfo.java:shutdownLeaderState(104)) - de37f7a0-0375-40a9-a318-404478482fcb: shutdown LeaderState
2019-09-25 05:06:23,936 [692224c4-5202-4921-98cc-04d5c60c79cc@group-3853F77ACA4A:LeaderElection130] INFO  server.RaftServerConfigKeys (ConfUtils.java:logGet(43)) - raft.server.watch.timeout.denomination = 1s (default)
2019-09-25 05:06:23,936 [b4fa7d23-6606-45fd-9544-2b08ca3fa933@group-64E57C267E0E:LeaderElection88] INFO  segmented.SegmentedRaftLogWorker (SegmentedRaftLogWorker.java:startLogSegment(380)) - b4fa7d23-6606-45fd-9544-2b08ca3fa933@group-64E57C267E0E-SegmentedRaftLogWorker: Starting segment from index:0
2019-09-25 05:06:23,935 [b4fa7d23-6606-45fd-9544-2b08ca3fa933@group-A43BB86F38DC:LeaderElection129] INFO  server.RaftServerConfigKeys (ConfUtils.java:logGet(43)) - raft.server.watch.timeout.denomination = 1s (default)
2019-09-25 05:06:23,935 [pool-27-thread-1] INFO  server.RaftServerConfigKeys (ConfUtils.java:logGet(43)) - raft.server.log.segment.size.max = 1048576 (custom)
2019-09-25 05:06:23,935 [692224c4-5202-4921-98cc-04d5c60c79cc@group-671CE9E71498:LeaderElection81] INFO  segmented.SegmentedRaftLogWorker (SegmentedRaftLogWorker.java:startLogSegment(380)) - 692224c4-5202-4921-98cc-04d5c60c79cc@group-671CE9E71498-SegmentedRaftLogWorker: Starting segment from index:0
2019-09-25 05:06:23,935 [56396258-65a3-478c-9482-0be0199dd49c@group-FC5E68C66751:LeaderElection140] INFO  impl.RaftServerImpl (RaftServerImpl.java:setRole(174)) - 56396258-65a3-478c-9482-0be0199dd49c@group-FC5E68C66751: changes role from CANDIDATE to LEADER at term 1 for changeToLeader
2019-09-25 05:06:23,935 [c8798e02-7f0c-41f7-82c2-a17323bcf21e@group-D47F200B6179-SegmentedRaftLogWorker] INFO  util.JmxRegister (JmxRegister.java:unregister(73)) - Successfully un-registered JMX Bean with object name Ratis:service=RaftServer,group=group-D47F200B6179,id=c8798e02-7f0c-41f7-82c2-a17323bcf21e
2019-09-25 05:06:23,934 [f77bfc29-6991-4b1d-a503-f706c83de4fc@group-4DD93346DA3C:LeaderElection99] INFO  impl.RoleInfo (RoleInfo.java:updateAndGet(143)) - f77bfc29-6991-4b1d-a503-f706c83de4fc: start LeaderState
2019-09-25 05:06:23,933 [36ac27b3-2f11-437d-8f1f-165306b0ff4a@group-F5C962B5449B:LeaderElection89] INFO  impl.RaftServerImpl (ServerState.java:setRaftConf(354)) - 36ac27b3-2f11-437d-8f1f-165306b0ff4a@group-F5C962B5449B: set configuration 0: [36ac27b3-2f11-437d-8f1f-165306b0ff4a:192.168.30.10:45265], old=null at 0
2019-09-25 05:06:23,933 [56396258-65a3-478c-9482-0be0199dd49c@group-2D2A6A1AC4E2:LeaderElection143] INFO  impl.LeaderElection (LeaderElection.java:askForVotes(182)) - 56396258-65a3-478c-9482-0be0199dd49c@group-2D2A6A1AC4E2:LeaderElection143: begin an election at term 1 for -1: [56396258-65a3-478c-9482-0be0199dd49c:192.168.30.10:41678], old=null
2019-09-25 05:06:23,933 [692224c4-5202-4921-98cc-04d5c60c79cc@group-C8AC12423563:LeaderElection144] INFO  impl.LeaderElection (LeaderElection.java:askForVotes(182)) - 692224c4-5202-4921-98cc-04d5c60c79cc@group-C8AC12423563:LeaderElection144: begin an election at term 1 for -1: [692224c4-5202-4921-98cc-04d5c60c79cc:192.168.30.10:38144], old=null
2019-09-25 05:06:23,722 [f77bfc29-6991-4b1d-a503-f706c83de4fc@group-896477D705A3:LeaderElection91] INFO  segmented.SegmentedRaftLogWorker (SegmentedRaftLogWorker.java:startLogSegment(380)) - f77bfc29-6991-4b1d-a503-f706c83de4fc@group-896477D705A3-SegmentedRaftLogWorker: Starting segment from index:0
2019-09-25 05:06:23,721 [b4fa7d23-6606-45fd-9544-2b08ca3fa933@group-184F6EE9DFE2:LeaderElection136] INFO  server.RaftServerConfigKeys (ConfUtils.java:logGet(43)) - raft.server.watch.timeout = 10s (default)
2019-09-25 05:06:23,721 [56396258-65a3-478c-9482-0be0199dd49c@group-73E62750B93A:LeaderElection87] INFO  impl.RoleInfo (RoleInfo.java:updateAndGet(143)) - 56396258-65a3-478c-9482-0be0199dd49c: start LeaderState
2019-09-25 05:06:23,721 [56396258-65a3-478c-9482-0be0199dd49c@group-D960DA882FC6:LeaderElection138] INFO  server.RaftServerConfigKeys (ConfUtils.java:logGet(43)) - raft.server.write.element-limit = 4096 (default)
2019-09-25 05:06:25,272 [56396258-65a3-478c-9482-0be0199dd49c@group-73E62750B93A:LeaderElection87] INFO  segmented.SegmentedRaftLogWorker (SegmentedRaftLogWorker.java:startLogSegment(380)) - 56396258-65a3-478c-9482-0be0199dd49c@group-73E62750B93A-SegmentedRaftLogWorker: Starting segment from index:0
2019-09-25 05:06:23,720 [de37f7a0-0375-40a9-a318-404478482fcb@group-B581BAE74188:LeaderElection137] INFO  server.RaftServerConfigKeys (ConfUtils.java:logGet(43)) - raft.server.write.element-limit = 4096 (default)
2019-09-25 05:06:23,720 [c8798e02-7f0c-41f7-82c2-a17323bcf21e@group-CF3265719ADC-SegmentedRaftLogWorker] INFO  impl.PendingRequests (PendingRequests.java:sendNotLeaderResponses(202)) - c8798e02-7f0c-41f7-82c2-a17323bcf21e-PendingRequests: sendNotLeaderResponses
2019-09-25 05:06:23,720 [692224c4-5202-4921-98cc-04d5c60c79cc@group-7A27D85A9D2A:LeaderElection139] INFO  server.RaftServerConfigKeys (ConfUtils.java:logGet(43)) - raft.server.rpc.sleep.time = 25ms (default)
2019-09-25 05:06:23,720 [de37f7a0-0375-40a9-a318-404478482fcb@group-C088ACFB0C23:LeaderElection134] INFO  server.RaftServerConfigKeys (ConfUtils.java:logGet(43)) - raft.server.write.element-limit = 4096 (default)
2019-09-25 05:06:23,720 [56396258-65a3-478c-9482-0be0199dd49c@group-5767B56274DA:LeaderElection95] INFO  segmented.SegmentedRaftLogWorker (SegmentedRaftLogWorker.java:startLogSegment(380)) - 56396258-65a3-478c-9482-0be0199dd49c@group-5767B56274DA-SegmentedRaftLogWorker: Starting segment from index:0
2019-09-25 05:06:23,720 [c8798e02-7f0c-41f7-82c2-a17323bcf21e@group-7F09E26EF688:LeaderElection80] INFO  segmented.SegmentedRaftLogWorker (SegmentedRaftLogWorker.java:startLogSegment(380)) - c8798e02-7f0c-41f7-82c2-a17323bcf21e@group-7F09E26EF688-SegmentedRaftLogWorker: Starting segment from index:0
2019-09-25 05:06:23,719 [b4fa7d23-6606-45fd-9544-2b08ca3fa933@group-57C0E81ED09A:LeaderElection135] INFO  server.RaftServerConfigKeys (ConfUtils.java:logGet(43)) - raft.server.watch.timeout = 10s (default)
2019-09-25 05:06:23,719 [c8798e02-7f0c-41f7-82c2-a17323bcf21e@group-9A8116F4FD4E:LeaderElection141] INFO  impl.LeaderElection (LeaderElection.java:askForVotes(182)) - c8798e02-7f0c-41f7-82c2-a17323bcf21e@group-9A8116F4FD4E:LeaderElection141: begin an election at term 1 for -1: [c8798e02-7f0c-41f7-82c2-a17323bcf21e:192.168.30.10:40603], old=null
2019-09-25 05:06:26,127 [56396258-65a3-478c-9482-0be0199dd49c@group-5767B56274DA:LeaderElection95] INFO  impl.RaftServerImpl (ServerState.java:setRaftConf(354)) - 56396258-65a3-478c-9482-0be0199dd49c@group-5767B56274DA: set configuration 0: [56396258-65a3-478c-9482-0be0199dd49c:192.168.30.10:41678], old=null at 0
2019-09-25 05:06:23,719 [36ac27b3-2f11-437d-8f1f-165306b0ff4a@group-6E6AA1FC98DD:LeaderElection125] INFO  server.RaftServerConfigKeys (ConfUtils.java:logGet(43)) - raft.server.watch.element-limit = 65536 (default)
2019-09-25 05:06:26,127 [c8798e02-7f0c-41f7-82c2-a17323bcf21e@group-7F09E26EF688:LeaderElection80] INFO  impl.RaftServerImpl (ServerState.java:setRaftConf(354)) - c8798e02-7f0c-41f7-82c2-a17323bcf21e@group-7F09E26EF688: set configuration 0: [c8798e02-7f0c-41f7-82c2-a17323bcf21e:192.168.30.10:40603], old=null at 0
2019-09-25 05:06:26,127 [c8798e02-7f0c-41f7-82c2-a17323bcf21e@group-9A8116F4FD4E:LeaderElection141] INFO  impl.RoleInfo (RoleInfo.java:shutdownLeaderElection(134)) - c8798e02-7f0c-41f7-82c2-a17323bcf21e: shutdown LeaderElection
2019-09-25 05:06:26,126 [b4fa7d23-6606-45fd-9544-2b08ca3fa933@group-57C0E81ED09A:LeaderElection135] INFO  server.RaftServerConfigKeys (ConfUtils.java:logGet(43)) - raft.server.watch.timeout.denomination = 1s (default)
2019-09-25 05:06:26,122 [b4fa7d23-6606-45fd-9544-2b08ca3fa933@group-24A5F312D09B-SegmentedRaftLogWorker] ERROR segmented.SegmentedRaftLogWorker (SegmentedRaftLogWorker.java:run(323)) - b4fa7d23-6606-45fd-9544-2b08ca3fa933@group-24A5F312D09B-SegmentedRaftLogWorker hit exception
java.lang.OutOfMemoryError: Direct buffer memory
	at java.nio.Bits.reserveMemory(Bits.java:666)
	at java.nio.DirectByteBuffer.<init>(DirectByteBuffer.java:123)
	at java.nio.ByteBuffer.allocateDirect(ByteBuffer.java:311)
	at org.apache.ratis.server.raftlog.segmented.BufferedWriteChannel.<init>(BufferedWriteChannel.java:41)
	at org.apache.ratis.server.raftlog.segmented.SegmentedRaftLogOutputStream.<init>(SegmentedRaftLogOutputStream.java:72)
	at org.apache.ratis.server.raftlog.segmented.SegmentedRaftLogWorker$StartLogSegment.execute(SegmentedRaftLogWorker.java:566)
	at org.apache.ratis.server.raftlog.segmented.SegmentedRaftLogWorker.run(SegmentedRaftLogWorker.java:289)
	at java.lang.Thread.run(Thread.java:748)
2019-09-25 05:06:26,353 [b4fa7d23-6606-45fd-9544-2b08ca3fa933@group-24A5F312D09B-SegmentedRaftLogWorker] INFO  impl.RaftServerImpl (RaftServerImpl.java:lambda$shutdown$3(251)) - b4fa7d23-6606-45fd-9544-2b08ca3fa933@group-24A5F312D09B: shutdown
2019-09-25 05:06:25,897 [56396258-65a3-478c-9482-0be0199dd49c@group-BF325A081794:LeaderElection72] INFO  impl.RoleInfo (RoleInfo.java:updateAndGet(143)) - 56396258-65a3-478c-9482-0be0199dd49c: start LeaderState
2019-09-25 05:06:25,897 [de37f7a0-0375-40a9-a318-404478482fcb@group-C088ACFB0C23:LeaderElection134] INFO  server.RaftServerConfigKeys (ConfUtils.java:logGet(43)) - raft.server.watch.timeout = 10s (default)
2019-09-25 05:06:26,357 [56396258-65a3-478c-9482-0be0199dd49c@group-BF325A081794:LeaderElection72] INFO  segmented.SegmentedRaftLogWorker (SegmentedRaftLogWorker.java:startLogSegment(380)) - 56396258-65a3-478c-9482-0be0199dd49c@group-BF325A081794-SegmentedRaftLogWorker: Starting segment from index:0
2019-09-25 05:06:25,897 [692224c4-5202-4921-98cc-04d5c60c79cc@group-7A27D85A9D2A:LeaderElection139] INFO  server.RaftServerConfigKeys (ConfUtils.java:logGet(43)) - raft.server.write.element-limit = 4096 (default)
2019-09-25 05:06:25,897 [c8798e02-7f0c-41f7-82c2-a17323bcf21e@group-CF3265719ADC-SegmentedRaftLogWorker] INFO  impl.StateMachineUpdater (StateMachineUpdater.java:stopAndJoin(125)) - c8798e02-7f0c-41f7-82c2-a17323bcf21e@group-CF3265719ADC-StateMachineUpdater: set stopIndex = -1
2019-09-25 05:06:25,897 [pool-37-thread-1] INFO  impl.RaftServerImpl (RaftServerImpl.java:<init>(95)) - 36ac27b3-2f11-437d-8f1f-165306b0ff4a: new RaftServerImpl for group-91F3DF1D9994:[36ac27b3-2f11-437d-8f1f-165306b0ff4a:192.168.30.10:45265, 56396258-65a3-478c-9482-0be0199dd49c:192.168.30.10:41678, f77bfc29-6991-4b1d-a503-f706c83de4fc:192.168.30.10:35112] with ContainerStateMachine:uninitialized
2019-09-25 05:06:25,892 [56396258-65a3-478c-9482-0be0199dd49c@group-73E62750B93A:LeaderElection87] INFO  impl.RaftServerImpl (ServerState.java:setRaftConf(354)) - 56396258-65a3-478c-9482-0be0199dd49c@group-73E62750B93A: set configuration 0: [56396258-65a3-478c-9482-0be0199dd49c:192.168.30.10:41678], old=null at 0
2019-09-25 05:06:25,676 [de37f7a0-0375-40a9-a318-404478482fcb@group-B581BAE74188:LeaderElection137] INFO  server.RaftServerConfigKeys (ConfUtils.java:logGet(43)) - raft.server.watch.timeout = 10s (default)
2019-09-25 05:06:25,676 [56396258-65a3-478c-9482-0be0199dd49c@group-D960DA882FC6:LeaderElection138] INFO  server.RaftServerConfigKeys (ConfUtils.java:logGet(43)) - raft.server.watch.timeout = 10s (default)
2019-09-25 05:06:25,666 [36ac27b3-2f11-437d-8f1f-165306b0ff4a@group-F5C962B5449B-SegmentedRaftLogWorker] ERROR segmented.SegmentedRaftLogWorker (SegmentedRaftLogWorker.java:run(323)) - 36ac27b3-2f11-437d-8f1f-165306b0ff4a@group-F5C962B5449B-SegmentedRaftLogWorker hit exception
java.lang.OutOfMemoryError: Direct buffer memory
	at java.nio.Bits.reserveMemory(Bits.java:666)
	at java.nio.DirectByteBuffer.<init>(DirectByteBuffer.java:123)
	at java.nio.ByteBuffer.allocateDirect(ByteBuffer.java:311)
	at org.apache.ratis.server.raftlog.segmented.BufferedWriteChannel.<init>(BufferedWriteChannel.java:41)
	at org.apache.ratis.server.raftlog.segmented.SegmentedRaftLogOutputStream.<init>(SegmentedRaftLogOutputStream.java:72)
	at org.apache.ratis.server.raftlog.segmented.SegmentedRaftLogWorker$StartLogSegment.execute(SegmentedRaftLogWorker.java:566)
	at org.apache.ratis.server.raftlog.segmented.SegmentedRaftLogWorker.run(SegmentedRaftLogWorker.java:289)
	at java.lang.Thread.run(Thread.java:748)
2019-09-25 05:06:26,575 [36ac27b3-2f11-437d-8f1f-165306b0ff4a@group-14E3DEBF70FE:LeaderElection75] INFO  impl.RoleInfo (RoleInfo.java:updateAndGet(143)) - 36ac27b3-2f11-437d-8f1f-165306b0ff4a: start LeaderState
2019-09-25 05:06:25,661 [de37f7a0-0375-40a9-a318-404478482fcb@group-42158A371DC1-SegmentedRaftLogWorker] ERROR segmented.SegmentedRaftLogWorker (SegmentedRaftLogWorker.java:run(323)) - de37f7a0-0375-40a9-a318-404478482fcb@group-42158A371DC1-SegmentedRaftLogWorker hit exception
java.lang.OutOfMemoryError: Direct buffer memory
	at java.nio.Bits.reserveMemory(Bits.java:666)
	at java.nio.DirectByteBuffer.<init>(DirectByteBuffer.java:123)
	at java.nio.ByteBuffer.allocateDirect(ByteBuffer.java:311)
	at org.apache.ratis.server.raftlog.segmented.BufferedWriteChannel.<init>(BufferedWriteChannel.java:41)
	at org.apache.ratis.server.raftlog.segmented.SegmentedRaftLogOutputStream.<init>(SegmentedRaftLogOutputStream.java:72)
	at org.apache.ratis.server.raftlog.segmented.SegmentedRaftLogWorker$StartLogSegment.execute(SegmentedRaftLogWorker.java:566)
	at org.apache.ratis.server.raftlog.segmented.SegmentedRaftLogWorker.run(SegmentedRaftLogWorker.java:289)
	at java.lang.Thread.run(Thread.java:748)
2019-09-25 05:06:25,272 [f77bfc29-6991-4b1d-a503-f706c83de4fc@group-896477D705A3:LeaderElection91] INFO  impl.RaftServerImpl (ServerState.java:setRaftConf(354)) - f77bfc29-6991-4b1d-a503-f706c83de4fc@group-896477D705A3: set configuration 0: [f77bfc29-6991-4b1d-a503-f706c83de4fc:192.168.30.10:35112], old=null at 0
2019-09-25 05:06:25,272 [f77bfc29-6991-4b1d-a503-f706c83de4fc@group-775BA32C4D58:LeaderElection71] INFO  impl.RoleInfo (RoleInfo.java:updateAndGet(143)) - f77bfc29-6991-4b1d-a503-f706c83de4fc: start LeaderState
2019-09-25 05:06:25,272 [b4fa7d23-6606-45fd-9544-2b08ca3fa933@group-184F6EE9DFE2:LeaderElection136] INFO  server.RaftServerConfigKeys (ConfUtils.java:logGet(43)) - raft.server.watch.timeout.denomination = 1s (default)
2019-09-25 05:06:25,272 [692224c4-5202-4921-98cc-04d5c60c79cc@group-C8AC12423563:LeaderElection144] INFO  impl.RoleInfo (RoleInfo.java:shutdownLeaderElection(134)) - 692224c4-5202-4921-98cc-04d5c60c79cc: shutdown LeaderElection
2019-09-25 05:06:25,272 [56396258-65a3-478c-9482-0be0199dd49c@group-2D2A6A1AC4E2:LeaderElection143] INFO  impl.RoleInfo (RoleInfo.java:shutdownLeaderElection(134)) - 56396258-65a3-478c-9482-0be0199dd49c: shutdown LeaderElection
2019-09-25 05:06:26,577 [56396258-65a3-478c-9482-0be0199dd49c@group-2D2A6A1AC4E2:LeaderElection143] INFO  impl.RaftServerImpl (RaftServerImpl.java:setRole(174)) - 56396258-65a3-478c-9482-0be0199dd49c@group-2D2A6A1AC4E2: changes role from CANDIDATE to LEADER at term 1 for changeToLeader
2019-09-25 05:06:25,271 [f77bfc29-6991-4b1d-a503-f706c83de4fc@group-4DD93346DA3C:LeaderElection99] INFO  segmented.SegmentedRaftLogWorker (SegmentedRaftLogWorker.java:startLogSegment(380)) - f77bfc29-6991-4b1d-a503-f706c83de4fc@group-4DD93346DA3C-SegmentedRaftLogWorker: Starting segment from index:0
2019-09-25 05:06:25,271 [de37f7a0-0375-40a9-a318-404478482fcb@group-4CF977ABCA41:LeaderElection78] INFO  impl.RoleInfo (RoleInfo.java:updateAndGet(143)) - de37f7a0-0375-40a9-a318-404478482fcb: start LeaderState
2019-09-25 05:06:25,271 [692224c4-5202-4921-98cc-04d5c60c79cc@group-671CE9E71498:LeaderElection81] INFO  impl.RaftServerImpl (ServerState.java:setRaftConf(354)) - 692224c4-5202-4921-98cc-04d5c60c79cc@group-671CE9E71498: set configuration 0: [692224c4-5202-4921-98cc-04d5c60c79cc:192.168.30.10:38144], old=null at 0
2019-09-25 05:06:26,578 [f77bfc29-6991-4b1d-a503-f706c83de4fc@group-4DD93346DA3C:LeaderElection99] INFO  impl.RaftServerImpl (ServerState.java:setRaftConf(354)) - f77bfc29-6991-4b1d-a503-f706c83de4fc@group-4DD93346DA3C: set configuration 0: [f77bfc29-6991-4b1d-a503-f706c83de4fc:192.168.30.10:35112], old=null at 0
2019-09-25 05:06:25,271 [c8798e02-7f0c-41f7-82c2-a17323bcf21e@group-D47F200B6179-SegmentedRaftLogWorker] INFO  impl.RoleInfo (RoleInfo.java:shutdownLeaderState(104)) - c8798e02-7f0c-41f7-82c2-a17323bcf21e: shutdown LeaderState
2019-09-25 05:06:25,271 [56396258-65a3-478c-9482-0be0199dd49c@group-FC5E68C66751:LeaderElection140] INFO  impl.RaftServerImpl (ServerState.java:setLeader(253)) - 56396258-65a3-478c-9482-0be0199dd49c@group-FC5E68C66751: change Leader from null to 56396258-65a3-478c-9482-0be0199dd49c at term 1 for becomeLeader, leader elected after 8818ms
2019-09-25 05:06:25,270 [pool-27-thread-1] INFO  server.RaftServerConfigKeys (ConfUtils.java:logGet(43)) - raft.server.log.preallocated.size = 16384 (custom)
2019-09-25 05:06:26,752 [56396258-65a3-478c-9482-0be0199dd49c@group-FC5E68C66751:LeaderElection140] INFO  server.RaftServerConfigKeys (ConfUtils.java:logGet(43)) - raft.server.staging.catchup.gap = 1000 (default)
2019-09-25 05:06:25,270 [692224c4-5202-4921-98cc-04d5c60c79cc@group-619497721A04-SegmentedRaftLogWorker] ERROR segmented.SegmentedRaftLogWorker (SegmentedRaftLogWorker.java:run(323)) - 692224c4-5202-4921-98cc-04d5c60c79cc@group-619497721A04-SegmentedRaftLogWorker hit exception
java.lang.OutOfMemoryError: Direct buffer memory
	at java.nio.Bits.reserveMemory(Bits.java:666)
	at java.nio.DirectByteBuffer.<init>(DirectByteBuffer.java:123)
	at java.nio.ByteBuffer.allocateDirect(ByteBuffer.java:311)
	at org.apache.ratis.server.raftlog.segmented.BufferedWriteChannel.<init>(BufferedWriteChannel.java:41)
	at org.apache.ratis.server.raftlog.segmented.SegmentedRaftLogOutputStream.<init>(SegmentedRaftLogOutputStream.java:72)
	at org.apache.ratis.server.raftlog.segmented.SegmentedRaftLogWorker$StartLogSegment.execute(SegmentedRaftLogWorker.java:566)
	at org.apache.ratis.server.raftlog.segmented.SegmentedRaftLogWorker.run(SegmentedRaftLogWorker.java:289)
	at java.lang.Thread.run(Thread.java:748)
2019-09-25 05:06:26,752 [692224c4-5202-4921-98cc-04d5c60c79cc@group-619497721A04-SegmentedRaftLogWorker] INFO  impl.RaftServerImpl (RaftServerImpl.java:lambda$shutdown$3(251)) - 692224c4-5202-4921-98cc-04d5c60c79cc@group-619497721A04: shutdown
2019-09-25 05:06:24,854 [b4fa7d23-6606-45fd-9544-2b08ca3fa933@group-64E57C267E0E:LeaderElection88] INFO  impl.RaftServerImpl (ServerState.java:setRaftConf(354)) - b4fa7d23-6606-45fd-9544-2b08ca3fa933@group-64E57C267E0E: set configuration 0: [b4fa7d23-6606-45fd-9544-2b08ca3fa933:192.168.30.10:34493], old=null at 0
2019-09-25 05:06:24,854 [b4fa7d23-6606-45fd-9544-2b08ca3fa933@group-A43BB86F38DC:LeaderElection129] INFO  server.RaftServerConfigKeys (ConfUtils.java:logGet(43)) - raft.server.watch.element-limit = 65536 (default)
2019-09-25 05:06:24,854 [de37f7a0-0375-40a9-a318-404478482fcb@group-E6C1EF877494:LeaderElection98] INFO  impl.RaftServerImpl (ServerState.java:setRaftConf(354)) - de37f7a0-0375-40a9-a318-404478482fcb@group-E6C1EF877494: set configuration 0: [de37f7a0-0375-40a9-a318-404478482fcb:192.168.30.10:44522], old=null at 0
2019-09-25 05:06:24,854 [692224c4-5202-4921-98cc-04d5c60c79cc@group-6FAF7513986D:LeaderElection73] INFO  impl.RoleInfo (RoleInfo.java:updateAndGet(143)) - 692224c4-5202-4921-98cc-04d5c60c79cc: start LeaderState
2019-09-25 05:06:24,854 [692224c4-5202-4921-98cc-04d5c60c79cc@group-3853F77ACA4A:LeaderElection130] INFO  server.RaftServerConfigKeys (ConfUtils.java:logGet(43)) - raft.server.watch.element-limit = 65536 (default)
2019-09-25 05:06:26,753 [692224c4-5202-4921-98cc-04d5c60c79cc@group-6FAF7513986D:LeaderElection73] INFO  segmented.SegmentedRaftLogWorker (SegmentedRaftLogWorker.java:startLogSegment(380)) - 692224c4-5202-4921-98cc-04d5c60c79cc@group-6FAF7513986D-SegmentedRaftLogWorker: Starting segment from index:0
2019-09-25 05:06:24,854 [de37f7a0-0375-40a9-a318-404478482fcb@group-E3167D8B2B86-SegmentedRaftLogWorker] INFO  impl.PendingRequests (PendingRequests.java:sendNotLeaderResponses(202)) - de37f7a0-0375-40a9-a318-404478482fcb-PendingRequests: sendNotLeaderResponses
2019-09-25 05:06:24,853 [692224c4-5202-4921-98cc-04d5c60c79cc@group-A3AB95F92ABD-SegmentedRaftLogWorker] INFO  impl.RaftServerImpl (RaftServerImpl.java:lambda$shutdown$3(251)) - 692224c4-5202-4921-98cc-04d5c60c79cc@group-A3AB95F92ABD: shutdown
2019-09-25 05:06:24,853 [36ac27b3-2f11-437d-8f1f-165306b0ff4a@group-84CDB88FD1B0:LeaderElection142] INFO  impl.RoleInfo (RoleInfo.java:shutdownLeaderElection(134)) - 36ac27b3-2f11-437d-8f1f-165306b0ff4a: shutdown LeaderElection
2019-09-25 05:06:24,853 [c8798e02-7f0c-41f7-82c2-a17323bcf21e@group-82E6436EE4C4:LeaderElection132] INFO  server.RaftServerConfigKeys (ConfUtils.java:logGet(43)) - raft.server.watch.element-limit = 65536 (default)
2019-09-25 05:06:24,853 [692224c4-5202-4921-98cc-04d5c60c79cc@group-92384AFA5BB1-SegmentedRaftLogWorker] INFO  segmented.SegmentedRaftLogWorker (SegmentedRaftLogWorker.java:close(228)) - 692224c4-5202-4921-98cc-04d5c60c79cc@group-92384AFA5BB1-SegmentedRaftLogWorker close()
2019-09-25 05:06:24,852 [b4fa7d23-6606-45fd-9544-2b08ca3fa933@group-82B6D9F84BDB-SegmentedRaftLogWorker] INFO  impl.PendingRequests (PendingRequests.java:sendNotLeaderResponses(202)) - b4fa7d23-6606-45fd-9544-2b08ca3fa933-PendingRequests: sendNotLeaderResponses
2019-09-25 05:06:24,852 [f77bfc29-6991-4b1d-a503-f706c83de4fc@group-FF5A2CCB1E57-SegmentedRaftLogWorker] INFO  impl.PendingRequests (PendingRequests.java:sendNotLeaderResponses(202)) - f77bfc29-6991-4b1d-a503-f706c83de4fc-PendingRequests: sendNotLeaderResponses
2019-09-25 05:06:24,851 [b4fa7d23-6606-45fd-9544-2b08ca3fa933@group-0EE8D742F083:LeaderElection126] INFO  server.RaftServerConfigKeys (ConfUtils.java:logGet(43)) - raft.server.watch.timeout = 10s (default)
2019-09-25 05:06:24,850 [f77bfc29-6991-4b1d-a503-f706c83de4fc@group-DD47C436208F-SegmentedRaftLogWorker] ERROR segmented.SegmentedRaftLogWorker (SegmentedRaftLogWorker.java:run(323)) - f77bfc29-6991-4b1d-a503-f706c83de4fc@group-DD47C436208F-SegmentedRaftLogWorker hit exception
java.lang.OutOfMemoryError: Direct buffer memory
	at java.nio.Bits.reserveMemory(Bits.java:666)
	at java.nio.DirectByteBuffer.<init>(DirectByteBuffer.java:123)
	at java.nio.ByteBuffer.allocateDirect(ByteBuffer.java:311)
	at org.apache.ratis.server.raftlog.segmented.BufferedWriteChannel.<init>(BufferedWriteChannel.java:41)
	at org.apache.ratis.server.raftlog.segmented.SegmentedRaftLogOutputStream.<init>(SegmentedRaftLogOutputStream.java:72)
	at org.apache.ratis.server.raftlog.segmented.SegmentedRaftLogWorker$StartLogSegment.execute(SegmentedRaftLogWorker.java:566)
	at org.apache.ratis.server.raftlog.segmented.SegmentedRaftLogWorker.run(SegmentedRaftLogWorker.java:289)
	at java.lang.Thread.run(Thread.java:748)
2019-09-25 05:06:24,627 [56396258-65a3-478c-9482-0be0199dd49c@group-78B68D5662A6:LeaderElection94] INFO  segmented.SegmentedRaftLogWorker (SegmentedRaftLogWorker.java:startLogSegment(380)) - 56396258-65a3-478c-9482-0be0199dd49c@group-78B68D5662A6-SegmentedRaftLogWorker: Starting segment from index:0
2019-09-25 05:06:24,408 [f77bfc29-6991-4b1d-a503-f706c83de4fc@group-0224D9BF4A68:LeaderElection90] INFO  impl.RaftServerImpl (ServerState.java:setRaftConf(354)) - f77bfc29-6991-4b1d-a503-f706c83de4fc@group-0224D9BF4A68: set configuration 0: [f77bfc29-6991-4b1d-a503-f706c83de4fc:192.168.30.10:35112], old=null at 0
2019-09-25 05:06:24,407 [f77bfc29-6991-4b1d-a503-f706c83de4fc@group-40FD7941FFE1:LeaderElection133] INFO  server.RaftServerConfigKeys (ConfUtils.java:logGet(43)) - raft.server.watch.timeout = 10s (default)
2019-09-25 05:06:24,407 [692224c4-5202-4921-98cc-04d5c60c79cc@group-B76D1F0B6CD7-SegmentedRaftLogWorker] INFO  impl.RaftServerImpl (ServerState.java:close(385)) - 692224c4-5202-4921-98cc-04d5c60c79cc@group-B76D1F0B6CD7: closes. applyIndex: -1
2019-09-25 05:06:24,407 [36ac27b3-2f11-437d-8f1f-165306b0ff4a@group-40FA5C7FE322:LeaderElection127] INFO  server.RaftServerConfigKeys (ConfUtils.java:logGet(43)) - raft.server.watch.timeout = 10s (default)
2019-09-25 05:06:24,402 [56396258-65a3-478c-9482-0be0199dd49c@group-33166F81F61A:LeaderElection92] INFO  segmented.SegmentedRaftLogWorker (SegmentedRaftLogWorker.java:startLogSegment(380)) - 56396258-65a3-478c-9482-0be0199dd49c@group-33166F81F61A-SegmentedRaftLogWorker: Starting segment from index:0
2019-09-25 05:06:24,402 [f77bfc29-6991-4b1d-a503-f706c83de4fc@group-FD68C919D676-SegmentedRaftLogWorker] ERROR segmented.SegmentedRaftLogWorker (SegmentedRaftLogWorker.java:run(323)) - f77bfc29-6991-4b1d-a503-f706c83de4fc@group-FD68C919D676-SegmentedRaftLogWorker hit exception
java.lang.OutOfMemoryError: Direct buffer memory
	at java.nio.Bits.reserveMemory(Bits.java:666)
	at java.nio.DirectByteBuffer.<init>(DirectByteBuffer.java:123)
	at java.nio.ByteBuffer.allocateDirect(ByteBuffer.java:311)
	at org.apache.ratis.server.raftlog.segmented.BufferedWriteChannel.<init>(BufferedWriteChannel.java:41)
	at org.apache.ratis.server.raftlog.segmented.SegmentedRaftLogOutputStream.<init>(SegmentedRaftLogOutputStream.java:72)
	at org.apache.ratis.server.raftlog.segmented.SegmentedRaftLogWorker$StartLogSegment.execute(SegmentedRaftLogWorker.java:566)
	at org.apache.ratis.server.raftlog.segmented.SegmentedRaftLogWorker.run(SegmentedRaftLogWorker.java:289)
	at java.lang.Thread.run(Thread.java:748)
2019-09-25 05:06:24,402 [c8798e02-7f0c-41f7-82c2-a17323bcf21e@group-07BF07F1A4A3-SegmentedRaftLogWorker] ERROR segmented.SegmentedRaftLogWorker (SegmentedRaftLogWorker.java:run(323)) - c8798e02-7f0c-41f7-82c2-a17323bcf21e@group-07BF07F1A4A3-SegmentedRaftLogWorker hit exception
java.lang.OutOfMemoryError: Direct buffer memory
	at java.nio.Bits.reserveMemory(Bits.java:666)
	at java.nio.DirectByteBuffer.<init>(DirectByteBuffer.java:123)
	at java.nio.ByteBuffer.allocateDirect(ByteBuffer.java:311)
	at org.apache.ratis.server.raftlog.segmented.BufferedWriteChannel.<init>(BufferedWriteChannel.java:41)
	at org.apache.ratis.server.raftlog.segmented.SegmentedRaftLogOutputStream.<init>(SegmentedRaftLogOutputStream.java:72)
	at org.apache.ratis.server.raftlog.segmented.SegmentedRaftLogWorker$StartLogSegment.execute(SegmentedRaftLogWorker.java:566)
	at org.apache.ratis.server.raftlog.segmented.SegmentedRaftLogWorker.run(SegmentedRaftLogWorker.java:289)
	at java.lang.Thread.run(Thread.java:748)
2019-09-25 05:06:27,332 [c8798e02-7f0c-41f7-82c2-a17323bcf21e@group-07BF07F1A4A3-SegmentedRaftLogWorker] INFO  impl.RaftServerImpl (RaftServerImpl.java:lambda$shutdown$3(251)) - c8798e02-7f0c-41f7-82c2-a17323bcf21e@group-07BF07F1A4A3: shutdown
2019-09-25 05:06:24,402 [692224c4-5202-4921-98cc-04d5c60c79cc@group-3F1DA00B5D4A-SegmentedRaftLogWorker] ERROR segmented.SegmentedRaftLogWorker (SegmentedRaftLogWorker.java:run(323)) - 692224c4-5202-4921-98cc-04d5c60c79cc@group-3F1DA00B5D4A-SegmentedRaftLogWorker hit exception
java.lang.OutOfMemoryError: Direct buffer memory
	at java.nio.Bits.reserveMemory(Bits.java:666)
	at java.nio.DirectByteBuffer.<init>(DirectByteBuffer.java:123)
	at java.nio.ByteBuffer.allocateDirect(ByteBuffer.java:311)
	at org.apache.ratis.server.raftlog.segmented.BufferedWriteChannel.<init>(BufferedWriteChannel.java:41)
	at org.apache.ratis.server.raftlog.segmented.SegmentedRaftLogOutputStream.<init>(SegmentedRaftLogOutputStream.java:72)
	at org.apache.ratis.server.raftlog.segmented.SegmentedRaftLogWorker$StartLogSegment.execute(SegmentedRaftLogWorker.java:566)
	at org.apache.ratis.server.raftlog.segmented.SegmentedRaftLogWorker.run(SegmentedRaftLogWorker.java:289)
	at java.lang.Thread.run(Thread.java:748)
2019-09-25 05:06:27,335 [692224c4-5202-4921-98cc-04d5c60c79cc@group-3F1DA00B5D4A-SegmentedRaftLogWorker] INFO  impl.RaftServerImpl (RaftServerImpl.java:lambda$shutdown$3(251)) - 692224c4-5202-4921-98cc-04d5c60c79cc@group-3F1DA00B5D4A: shutdown
2019-09-25 05:06:24,164 [56396258-65a3-478c-9482-0be0199dd49c@group-B63E6DF1E8D2:LeaderElection86] INFO  segmented.SegmentedRaftLogWorker (SegmentedRaftLogWorker.java:startLogSegment(380)) - 56396258-65a3-478c-9482-0be0199dd49c@group-B63E6DF1E8D2-SegmentedRaftLogWorker: Starting segment from index:0
2019-09-25 05:06:24,164 [692224c4-5202-4921-98cc-04d5c60c79cc@group-BA4E288B6498:LeaderElection85] INFO  impl.RaftServerImpl (ServerState.java:setRaftConf(354)) - 692224c4-5202-4921-98cc-04d5c60c79cc@group-BA4E288B6498: set configuration 0: [692224c4-5202-4921-98cc-04d5c60c79cc:192.168.30.10:38144], old=null at 0
2019-09-25 05:06:24,164 [pool-87-thread-1] INFO  server.RaftServerConfigKeys (ConfUtils.java:logGet(43)) - raft.server.log.statemachine.data.sync.timeout = 10s (default)
2019-09-25 05:06:24,164 [RatisPipelineUtilsThread] ERROR pipeline.SCMPipelineManager (SCMPipelineManager.java:createPipeline(167)) - Pipeline creation failed due to exception: 3 exceptions [java.io.IOException: Failed invoke Ratis rpc org.apache.hadoop.hdds.scm.pipeline.RatisPipelineProvider$$Lambda$186/166636373@477e9bf7 for 56396258-65a3-478c-9482-0be0199dd49c, java.io.IOException: Failed invoke Ratis rpc org.apache.hadoop.hdds.scm.pipeline.RatisPipelineProvider$$Lambda$186/166636373@477e9bf7 for f77bfc29-6991-4b1d-a503-f706c83de4fc, java.io.IOException: Failed invoke Ratis rpc org.apache.hadoop.hdds.scm.pipeline.RatisPipelineProvider$$Lambda$186/166636373@477e9bf7 for 36ac27b3-2f11-437d-8f1f-165306b0ff4a]
2019-09-25 05:06:27,533 [pool-87-thread-1] INFO  server.RaftServerConfigKeys (ConfUtils.java:logGet(43)) - raft.server.log.statemachine.data.sync.timeout.retry = -1 (default)
2019-09-25 05:06:27,533 [56396258-65a3-478c-9482-0be0199dd49c@group-B63E6DF1E8D2:LeaderElection86] INFO  impl.RaftServerImpl (ServerState.java:setRaftConf(354)) - 56396258-65a3-478c-9482-0be0199dd49c@group-B63E6DF1E8D2: set configuration 0: [56396258-65a3-478c-9482-0be0199dd49c:192.168.30.10:41678], old=null at 0
2019-09-25 05:06:27,331 [56396258-65a3-478c-9482-0be0199dd49c@group-33166F81F61A:LeaderElection92] INFO  impl.RaftServerImpl (ServerState.java:setRaftConf(354)) - 56396258-65a3-478c-9482-0be0199dd49c@group-33166F81F61A: set configuration 0: [56396258-65a3-478c-9482-0be0199dd49c:192.168.30.10:41678], old=null at 0
2019-09-25 05:06:27,331 [56396258-65a3-478c-9482-0be0199dd49c@group-73E62750B93A-SegmentedRaftLogWorker] ERROR segmented.SegmentedRaftLogWorker (SegmentedRaftLogWorker.java:run(323)) - 56396258-65a3-478c-9482-0be0199dd49c@group-73E62750B93A-SegmentedRaftLogWorker hit exception
java.lang.OutOfMemoryError: Direct buffer memory
	at java.nio.Bits.reserveMemory(Bits.java:666)
	at java.nio.DirectByteBuffer.<init>(DirectByteBuffer.java:123)
	at java.nio.ByteBuffer.allocateDirect(ByteBuffer.java:311)
	at org.apache.ratis.server.raftlog.segmented.BufferedWriteChannel.<init>(BufferedWriteChannel.java:41)
	at org.apache.ratis.server.raftlog.segmented.SegmentedRaftLogOutputStream.<init>(SegmentedRaftLogOutputStream.java:72)
	at org.apache.ratis.server.raftlog.segmented.SegmentedRaftLogWorker$StartLogSegment.execute(SegmentedRaftLogWorker.java:566)
	at org.apache.ratis.server.raftlog.segmented.SegmentedRaftLogWorker.run(SegmentedRaftLogWorker.java:289)
	at java.lang.Thread.run(Thread.java:748)
2019-09-25 05:06:27,543 [56396258-65a3-478c-9482-0be0199dd49c@group-73E62750B93A-SegmentedRaftLogWorker] INFO  impl.RaftServerImpl (RaftServerImpl.java:lambda$shutdown$3(251)) - 56396258-65a3-478c-9482-0be0199dd49c@group-73E62750B93A: shutdown
2019-09-25 05:06:27,137 [f77bfc29-6991-4b1d-a503-f706c83de4fc@group-FD68C919D676-SegmentedRaftLogWorker] INFO  impl.RaftServerImpl (RaftServerImpl.java:lambda$shutdown$3(251)) - f77bfc29-6991-4b1d-a503-f706c83de4fc@group-FD68C919D676: shutdown
2019-09-25 05:06:27,136 [36ac27b3-2f11-437d-8f1f-165306b0ff4a@group-40FA5C7FE322:LeaderElection127] INFO  server.RaftServerConfigKeys (ConfUtils.java:logGet(43)) - raft.server.watch.timeout.denomination = 1s (default)
2019-09-25 05:06:27,133 [56396258-65a3-478c-9482-0be0199dd49c@group-78B68D5662A6:LeaderElection94] INFO  impl.RaftServerImpl (ServerState.java:setRaftConf(354)) - 56396258-65a3-478c-9482-0be0199dd49c@group-78B68D5662A6: set configuration 0: [56396258-65a3-478c-9482-0be0199dd49c:192.168.30.10:41678], old=null at 0
2019-09-25 05:06:27,121 [f77bfc29-6991-4b1d-a503-f706c83de4fc@group-896477D705A3-SegmentedRaftLogWorker] ERROR segmented.SegmentedRaftLogWorker (SegmentedRaftLogWorker.java:run(323)) - f77bfc29-6991-4b1d-a503-f706c83de4fc@group-896477D705A3-SegmentedRaftLogWorker hit exception
java.lang.OutOfMemoryError: Direct buffer memory
	at java.nio.Bits.reserveMemory(Bits.java:666)
	at java.nio.DirectByteBuffer.<init>(DirectByteBuffer.java:123)
	at java.nio.ByteBuffer.allocateDirect(ByteBuffer.java:311)
	at org.apache.ratis.server.raftlog.segmented.BufferedWriteChannel.<init>(BufferedWriteChannel.java:41)
	at org.apache.ratis.server.raftlog.segmented.SegmentedRaftLogOutputStream.<init>(SegmentedRaftLogOutputStream.java:72)
	at org.apache.ratis.server.raftlog.segmented.SegmentedRaftLogWorker$StartLogSegment.execute(SegmentedRaftLogWorker.java:566)
	at org.apache.ratis.server.raftlog.segmented.SegmentedRaftLogWorker.run(SegmentedRaftLogWorker.java:289)
	at java.lang.Thread.run(Thread.java:748)
2019-09-25 05:06:27,121 [b4fa7d23-6606-45fd-9544-2b08ca3fa933@group-64E57C267E0E-SegmentedRaftLogWorker] ERROR segmented.SegmentedRaftLogWorker (SegmentedRaftLogWorker.java:run(323)) - b4fa7d23-6606-45fd-9544-2b08ca3fa933@group-64E57C267E0E-SegmentedRaftLogWorker hit exception
java.lang.OutOfMemoryError: Direct buffer memory
	at java.nio.Bits.reserveMemory(Bits.java:666)
	at java.nio.DirectByteBuffer.<init>(DirectByteBuffer.java:123)
	at java.nio.ByteBuffer.allocateDirect(ByteBuffer.java:311)
	at org.apache.ratis.server.raftlog.segmented.BufferedWriteChannel.<init>(BufferedWriteChannel.java:41)
	at org.apache.ratis.server.raftlog.segmented.SegmentedRaftLogOutputStream.<init>(SegmentedRaftLogOutputStream.java:72)
	at org.apache.ratis.server.raftlog.segmented.SegmentedRaftLogWorker$StartLogSegment.execute(SegmentedRaftLogWorker.java:566)
	at org.apache.ratis.server.raftlog.segmented.SegmentedRaftLogWorker.run(SegmentedRaftLogWorker.java:289)
	at java.lang.Thread.run(Thread.java:748)
2019-09-25 05:06:26,905 [692224c4-5202-4921-98cc-04d5c60c79cc@group-B76D1F0B6CD7-SegmentedRaftLogWorker] INFO  segmented.SegmentedRaftLogWorker (SegmentedRaftLogWorker.java:close(228)) - 692224c4-5202-4921-98cc-04d5c60c79cc@group-B76D1F0B6CD7-SegmentedRaftLogWorker close()
2019-09-25 05:06:26,905 [f77bfc29-6991-4b1d-a503-f706c83de4fc@group-40FD7941FFE1:LeaderElection133] INFO  server.RaftServerConfigKeys (ConfUtils.java:logGet(43)) - raft.server.watch.timeout.denomination = 1s (default)
2019-09-25 05:06:27,552 [f77bfc29-6991-4b1d-a503-f706c83de4fc@group-40FD7941FFE1:LeaderElection133] INFO  server.RaftServerConfigKeys (ConfUtils.java:logGet(43)) - raft.server.watch.element-limit = 65536 (default)
2019-09-25 05:06:26,905 [692224c4-5202-4921-98cc-04d5c60c79cc@group-A3AB95F92ABD-SegmentedRaftLogWorker] INFO  util.JmxRegister (JmxRegister.java:unregister(73)) - Successfully un-registered JMX Bean with object name Ratis:service=RaftServer,group=group-A3AB95F92ABD,id=692224c4-5202-4921-98cc-04d5c60c79cc
2019-09-25 05:06:26,905 [f77bfc29-6991-4b1d-a503-f706c83de4fc@group-DD47C436208F-SegmentedRaftLogWorker] INFO  impl.RaftServerImpl (RaftServerImpl.java:lambda$shutdown$3(251)) - f77bfc29-6991-4b1d-a503-f706c83de4fc@group-DD47C436208F: shutdown
2019-09-25 05:06:26,904 [b4fa7d23-6606-45fd-9544-2b08ca3fa933@group-0EE8D742F083:LeaderElection126] INFO  server.RaftServerConfigKeys (ConfUtils.java:logGet(43)) - raft.server.watch.timeout.denomination = 1s (default)
2019-09-25 05:06:26,904 [b4fa7d23-6606-45fd-9544-2b08ca3fa933@group-6413F98F8F54:LeaderElection110] INFO  impl.RoleInfo (RoleInfo.java:updateAndGet(143)) - b4fa7d23-6606-45fd-9544-2b08ca3fa933: start LeaderState
2019-09-25 05:06:26,904 [f77bfc29-6991-4b1d-a503-f706c83de4fc@group-FF5A2CCB1E57-SegmentedRaftLogWorker] INFO  impl.StateMachineUpdater (StateMachineUpdater.java:stopAndJoin(125)) - f77bfc29-6991-4b1d-a503-f706c83de4fc@group-FF5A2CCB1E57-StateMachineUpdater: set stopIndex = -1
2019-09-25 05:06:27,554 [f77bfc29-6991-4b1d-a503-f706c83de4fc@group-FF5A2CCB1E57-SegmentedRaftLogWorker] INFO  impl.RaftServerImpl (ServerState.java:close(385)) - f77bfc29-6991-4b1d-a503-f706c83de4fc@group-FF5A2CCB1E57: closes. applyIndex: -1
2019-09-25 05:06:26,904 [b4fa7d23-6606-45fd-9544-2b08ca3fa933@group-82B6D9F84BDB-SegmentedRaftLogWorker] INFO  impl.StateMachineUpdater (StateMachineUpdater.java:stopAndJoin(125)) - b4fa7d23-6606-45fd-9544-2b08ca3fa933@group-82B6D9F84BDB-StateMachineUpdater: set stopIndex = -1
2019-09-25 05:06:26,900 [692224c4-5202-4921-98cc-04d5c60c79cc@group-619497721A04-SegmentedRaftLogWorker] INFO  util.JmxRegister (JmxRegister.java:unregister(73)) - Successfully un-registered JMX Bean with object name Ratis:service=RaftServer,group=group-619497721A04,id=692224c4-5202-4921-98cc-04d5c60c79cc
2019-09-25 05:06:27,558 [692224c4-5202-4921-98cc-04d5c60c79cc@group-619497721A04-SegmentedRaftLogWorker] INFO  impl.RoleInfo (RoleInfo.java:shutdownLeaderState(104)) - 692224c4-5202-4921-98cc-04d5c60c79cc: shutdown LeaderState
2019-09-25 05:06:26,900 [36ac27b3-2f11-437d-8f1f-165306b0ff4a@group-84CDB88FD1B0:LeaderElection142] INFO  impl.RaftServerImpl (RaftServerImpl.java:setRole(174)) - 36ac27b3-2f11-437d-8f1f-165306b0ff4a@group-84CDB88FD1B0: changes role from CANDIDATE to LEADER at term 1 for changeToLeader
2019-09-25 05:06:26,896 [692224c4-5202-4921-98cc-04d5c60c79cc@group-671CE9E71498-SegmentedRaftLogWorker] ERROR segmented.SegmentedRaftLogWorker (SegmentedRaftLogWorker.java:run(323)) - 692224c4-5202-4921-98cc-04d5c60c79cc@group-671CE9E71498-SegmentedRaftLogWorker hit exception
java.lang.OutOfMemoryError: Direct buffer memory
	at java.nio.Bits.reserveMemory(Bits.java:666)
	at java.nio.DirectByteBuffer.<init>(DirectByteBuffer.java:123)
	at java.nio.ByteBuffer.allocateDirect(ByteBuffer.java:311)
	at org.apache.ratis.server.raftlog.segmented.BufferedWriteChannel.<init>(BufferedWriteChannel.java:41)
	at org.apache.ratis.server.raftlog.segmented.SegmentedRaftLogOutputStream.<init>(SegmentedRaftLogOutputStream.java:72)
	at org.apache.ratis.server.raftlog.segmented.SegmentedRaftLogWorker$StartLogSegment.execute(SegmentedRaftLogWorker.java:566)
	at org.apache.ratis.server.raftlog.segmented.SegmentedRaftLogWorker.run(SegmentedRaftLogWorker.java:289)
	at java.lang.Thread.run(Thread.java:748)
2019-09-25 05:06:26,896 [de37f7a0-0375-40a9-a318-404478482fcb@group-E6C1EF877494-SegmentedRaftLogWorker] ERROR segmented.SegmentedRaftLogWorker (SegmentedRaftLogWorker.java:run(323)) - de37f7a0-0375-40a9-a318-404478482fcb@group-E6C1EF877494-SegmentedRaftLogWorker hit exception
java.lang.OutOfMemoryError: Direct buffer memory
	at java.nio.Bits.reserveMemory(Bits.java:666)
	at java.nio.DirectByteBuffer.<init>(DirectByteBuffer.java:123)
	at java.nio.ByteBuffer.allocateDirect(ByteBuffer.java:311)
	at org.apache.ratis.server.raftlog.segmented.BufferedWriteChannel.<init>(BufferedWriteChannel.java:41)
	at org.apache.ratis.server.raftlog.segmented.SegmentedRaftLogOutputStream.<init>(SegmentedRaftLogOutputStream.java:72)
	at org.apache.ratis.server.raftlog.segmented.SegmentedRaftLogWorker$StartLogSegment.execute(SegmentedRaftLogWorker.java:566)
	at org.apache.ratis.server.raftlog.segmented.SegmentedRaftLogWorker.run(SegmentedRaftLogWorker.java:289)
	at java.lang.Thread.run(Thread.java:748)
2019-09-25 05:06:27,559 [b4fa7d23-6606-45fd-9544-2b08ca3fa933@group-7943F034B0F3:LeaderElection113] INFO  impl.RoleInfo (RoleInfo.java:updateAndGet(143)) - b4fa7d23-6606-45fd-9544-2b08ca3fa933: start LeaderState
2019-09-25 05:06:26,754 [de37f7a0-0375-40a9-a318-404478482fcb@group-E3167D8B2B86-SegmentedRaftLogWorker] INFO  impl.StateMachineUpdater (StateMachineUpdater.java:stopAndJoin(125)) - de37f7a0-0375-40a9-a318-404478482fcb@group-E3167D8B2B86-StateMachineUpdater: set stopIndex = -1
2019-09-25 05:06:26,754 [692224c4-5202-4921-98cc-04d5c60c79cc@group-6FAF7513986D:LeaderElection73] INFO  impl.RaftServerImpl (ServerState.java:setRaftConf(354)) - 692224c4-5202-4921-98cc-04d5c60c79cc@group-6FAF7513986D: set configuration 0: [692224c4-5202-4921-98cc-04d5c60c79cc:192.168.30.10:38144], old=null at 0
2019-09-25 05:06:26,754 [692224c4-5202-4921-98cc-04d5c60c79cc@group-C6BB86E2A863:LeaderElection112] INFO  impl.RoleInfo (RoleInfo.java:updateAndGet(143)) - 692224c4-5202-4921-98cc-04d5c60c79cc: start LeaderState
2019-09-25 05:06:26,753 [692224c4-5202-4921-98cc-04d5c60c79cc@group-9D2E271A9E0B:LeaderElection111] INFO  impl.RoleInfo (RoleInfo.java:updateAndGet(143)) - 692224c4-5202-4921-98cc-04d5c60c79cc: start LeaderState
2019-09-25 05:06:26,752 [56396258-65a3-478c-9482-0be0199dd49c@group-FC5E68C66751:LeaderElection140] INFO  server.RaftServerConfigKeys (ConfUtils.java:logGet(43)) - raft.server.rpc.sleep.time = 25ms (default)
2019-09-25 05:06:26,752 [pool-27-thread-1] INFO  server.RaftServerConfigKeys (ConfUtils.java:logGet(43)) - raft.server.log.write.buffer.size = 33554432 (custom)
2019-09-25 05:06:26,752 [c8798e02-7f0c-41f7-82c2-a17323bcf21e@group-D18EEAF46E97-SegmentedRaftLogWorker] ERROR segmented.SegmentedRaftLogWorker (SegmentedRaftLogWorker.java:run(323)) - c8798e02-7f0c-41f7-82c2-a17323bcf21e@group-D18EEAF46E97-SegmentedRaftLogWorker hit exception
java.lang.OutOfMemoryError: Direct buffer memory
	at java.nio.Bits.reserveMemory(Bits.java:666)
	at java.nio.DirectByteBuffer.<init>(DirectByteBuffer.java:123)
	at java.nio.ByteBuffer.allocateDirect(ByteBuffer.java:311)
	at org.apache.ratis.server.raftlog.segmented.BufferedWriteChannel.<init>(BufferedWriteChannel.java:41)
	at org.apache.ratis.server.raftlog.segmented.SegmentedRaftLogOutputStream.<init>(SegmentedRaftLogOutputStream.java:72)
	at org.apache.ratis.server.raftlog.segmented.SegmentedRaftLogWorker$StartLogSegment.execute(SegmentedRaftLogWorker.java:566)
	at org.apache.ratis.server.raftlog.segmented.SegmentedRaftLogWorker.run(SegmentedRaftLogWorker.java:289)
	at java.lang.Thread.run(Thread.java:748)
2019-09-25 05:06:27,561 [c8798e02-7f0c-41f7-82c2-a17323bcf21e@group-D18EEAF46E97-SegmentedRaftLogWorker] INFO  impl.RaftServerImpl (RaftServerImpl.java:lambda$shutdown$3(251)) - c8798e02-7f0c-41f7-82c2-a17323bcf21e@group-D18EEAF46E97: shutdown
2019-09-25 05:06:26,578 [c8798e02-7f0c-41f7-82c2-a17323bcf21e@group-D47F200B6179-SegmentedRaftLogWorker] INFO  impl.PendingRequests (PendingRequests.java:sendNotLeaderResponses(202)) - c8798e02-7f0c-41f7-82c2-a17323bcf21e-PendingRequests: sendNotLeaderResponses
2019-09-25 05:06:26,577 [de37f7a0-0375-40a9-a318-404478482fcb@group-4CF977ABCA41:LeaderElection78] INFO  segmented.SegmentedRaftLogWorker (SegmentedRaftLogWorker.java:startLogSegment(380)) - de37f7a0-0375-40a9-a318-404478482fcb@group-4CF977ABCA41-SegmentedRaftLogWorker: Starting segment from index:0
2019-09-25 05:06:26,577 [56396258-65a3-478c-9482-0be0199dd49c@group-2D2A6A1AC4E2:LeaderElection143] INFO  impl.RaftServerImpl (ServerState.java:setLeader(253)) - 56396258-65a3-478c-9482-0be0199dd49c@group-2D2A6A1AC4E2: change Leader from null to 56396258-65a3-478c-9482-0be0199dd49c at term 1 for becomeLeader, leader elected after 14934ms
2019-09-25 05:06:26,577 [692224c4-5202-4921-98cc-04d5c60c79cc@group-C8AC12423563:LeaderElection144] INFO  impl.RaftServerImpl (RaftServerImpl.java:setRole(174)) - 692224c4-5202-4921-98cc-04d5c60c79cc@group-C8AC12423563: changes role from CANDIDATE to LEADER at term 1 for changeToLeader
2019-09-25 05:06:26,576 [b4fa7d23-6606-45fd-9544-2b08ca3fa933@group-184F6EE9DFE2:LeaderElection136] INFO  server.RaftServerConfigKeys (ConfUtils.java:logGet(43)) - raft.server.watch.element-limit = 65536 (default)
2019-09-25 05:06:26,576 [f77bfc29-6991-4b1d-a503-f706c83de4fc@group-775BA32C4D58:LeaderElection71] INFO  segmented.SegmentedRaftLogWorker (SegmentedRaftLogWorker.java:startLogSegment(380)) - f77bfc29-6991-4b1d-a503-f706c83de4fc@group-775BA32C4D58-SegmentedRaftLogWorker: Starting segment from index:0
2019-09-25 05:06:26,576 [de37f7a0-0375-40a9-a318-404478482fcb@group-42158A371DC1-SegmentedRaftLogWorker] INFO  impl.RaftServerImpl (RaftServerImpl.java:lambda$shutdown$3(251)) - de37f7a0-0375-40a9-a318-404478482fcb@group-42158A371DC1: shutdown
2019-09-25 05:06:26,576 [36ac27b3-2f11-437d-8f1f-165306b0ff4a@group-14E3DEBF70FE:LeaderElection75] INFO  segmented.SegmentedRaftLogWorker (SegmentedRaftLogWorker.java:startLogSegment(380)) - 36ac27b3-2f11-437d-8f1f-165306b0ff4a@group-14E3DEBF70FE-SegmentedRaftLogWorker: Starting segment from index:0
2019-09-25 05:06:26,575 [b4fa7d23-6606-45fd-9544-2b08ca3fa933@group-24A5F312D09B-SegmentedRaftLogWorker] INFO  util.JmxRegister (JmxRegister.java:unregister(73)) - Successfully un-registered JMX Bean with object name Ratis:service=RaftServer,group=group-24A5F312D09B,id=b4fa7d23-6606-45fd-9544-2b08ca3fa933
2019-09-25 05:06:26,575 [36ac27b3-2f11-437d-8f1f-165306b0ff4a@group-F5C962B5449B-SegmentedRaftLogWorker] INFO  impl.RaftServerImpl (RaftServerImpl.java:lambda$shutdown$3(251)) - 36ac27b3-2f11-437d-8f1f-165306b0ff4a@group-F5C962B5449B: shutdown
2019-09-25 05:06:26,575 [56396258-65a3-478c-9482-0be0199dd49c@group-D960DA882FC6:LeaderElection138] INFO  server.RaftServerConfigKeys (ConfUtils.java:logGet(43)) - raft.server.watch.timeout.denomination = 1s (default)
2019-09-25 05:06:26,575 [de37f7a0-0375-40a9-a318-404478482fcb@group-B581BAE74188:LeaderElection137] INFO  server.RaftServerConfigKeys (ConfUtils.java:logGet(43)) - raft.server.watch.timeout.denomination = 1s (default)
2019-09-25 05:06:26,574 [pool-37-thread-1] INFO  server.RaftServerConfigKeys (ConfUtils.java:logGet(43)) - raft.server.rpc.timeout.min = 5s (custom)
2019-09-25 05:06:28,355 [pool-37-thread-1] INFO  server.RaftServerConfigKeys (ConfUtils.java:logGet(43)) - raft.server.rpc.timeout.max = 5200ms (custom)
2019-09-25 05:06:26,574 [f77bfc29-6991-4b1d-a503-f706c83de4fc@group-0224D9BF4A68-SegmentedRaftLogWorker] ERROR segmented.SegmentedRaftLogWorker (SegmentedRaftLogWorker.java:run(323)) - f77bfc29-6991-4b1d-a503-f706c83de4fc@group-0224D9BF4A68-SegmentedRaftLogWorker hit exception
java.lang.OutOfMemoryError: Direct buffer memory
	at java.nio.Bits.reserveMemory(Bits.java:666)
	at java.nio.DirectByteBuffer.<init>(DirectByteBuffer.java:123)
	at java.nio.ByteBuffer.allocateDirect(ByteBuffer.java:311)
	at org.apache.ratis.server.raftlog.segmented.BufferedWriteChannel.<init>(BufferedWriteChannel.java:41)
	at org.apache.ratis.server.raftlog.segmented.SegmentedRaftLogOutputStream.<init>(SegmentedRaftLogOutputStream.java:72)
	at org.apache.ratis.server.raftlog.segmented.SegmentedRaftLogWorker$StartLogSegment.execute(SegmentedRaftLogWorker.java:566)
	at org.apache.ratis.server.raftlog.segmented.SegmentedRaftLogWorker.run(SegmentedRaftLogWorker.java:289)
	at java.lang.Thread.run(Thread.java:748)
2019-09-25 05:06:26,358 [56396258-65a3-478c-9482-0be0199dd49c@group-BF325A081794:LeaderElection72] INFO  impl.RaftServerImpl (ServerState.java:setRaftConf(354)) - 56396258-65a3-478c-9482-0be0199dd49c@group-BF325A081794: set configuration 0: [56396258-65a3-478c-9482-0be0199dd49c:192.168.30.10:41678], old=null at 0
2019-09-25 05:06:26,358 [c8798e02-7f0c-41f7-82c2-a17323bcf21e@group-CF3265719ADC-SegmentedRaftLogWorker] INFO  impl.RaftServerImpl (ServerState.java:close(385)) - c8798e02-7f0c-41f7-82c2-a17323bcf21e@group-CF3265719ADC: closes. applyIndex: -1
2019-09-25 05:06:28,356 [36ac27b3-2f11-437d-8f1f-165306b0ff4a@group-F5C962B5449B-SegmentedRaftLogWorker] INFO  util.JmxRegister (JmxRegister.java:unregister(73)) - Successfully un-registered JMX Bean with object name Ratis:service=RaftServer,group=group-F5C962B5449B,id=36ac27b3-2f11-437d-8f1f-165306b0ff4a
2019-09-25 05:06:26,358 [56396258-65a3-478c-9482-0be0199dd49c@group-B8772713F5C4:LeaderElection76] INFO  impl.RoleInfo (RoleInfo.java:updateAndGet(143)) - 56396258-65a3-478c-9482-0be0199dd49c: start LeaderState
2019-09-25 05:06:26,358 [692224c4-5202-4921-98cc-04d5c60c79cc@group-7A27D85A9D2A:LeaderElection139] INFO  server.RaftServerConfigKeys (ConfUtils.java:logGet(43)) - raft.server.watch.timeout = 10s (default)
2019-09-25 05:06:28,357 [56396258-65a3-478c-9482-0be0199dd49c@group-B8772713F5C4:LeaderElection76] INFO  segmented.SegmentedRaftLogWorker (SegmentedRaftLogWorker.java:startLogSegment(380)) - 56396258-65a3-478c-9482-0be0199dd49c@group-B8772713F5C4-SegmentedRaftLogWorker: Starting segment from index:0
2019-09-25 05:06:26,357 [de37f7a0-0375-40a9-a318-404478482fcb@group-C088ACFB0C23:LeaderElection134] INFO  server.RaftServerConfigKeys (ConfUtils.java:logGet(43)) - raft.server.watch.timeout.denomination = 1s (default)
2019-09-25 05:06:26,337 [b4fa7d23-6606-45fd-9544-2b08ca3fa933@group-57C0E81ED09A:LeaderElection135] INFO  server.RaftServerConfigKeys (ConfUtils.java:logGet(43)) - raft.server.watch.element-limit = 65536 (default)
2019-09-25 05:06:26,337 [36ac27b3-2f11-437d-8f1f-165306b0ff4a@group-855BA6FF8840:LeaderElection74] INFO  impl.RoleInfo (RoleInfo.java:updateAndGet(143)) - 36ac27b3-2f11-437d-8f1f-165306b0ff4a: start LeaderState
2019-09-25 05:06:26,337 [c8798e02-7f0c-41f7-82c2-a17323bcf21e@group-9A8116F4FD4E:LeaderElection141] INFO  impl.RaftServerImpl (RaftServerImpl.java:setRole(174)) - c8798e02-7f0c-41f7-82c2-a17323bcf21e@group-9A8116F4FD4E: changes role from CANDIDATE to LEADER at term 1 for changeToLeader
2019-09-25 05:06:26,336 [692224c4-5202-4921-98cc-04d5c60c79cc@group-BA4E288B6498-SegmentedRaftLogWorker] ERROR segmented.SegmentedRaftLogWorker (SegmentedRaftLogWorker.java:run(323)) - 692224c4-5202-4921-98cc-04d5c60c79cc@group-BA4E288B6498-SegmentedRaftLogWorker hit exception
java.lang.OutOfMemoryError: Direct buffer memory
	at java.nio.Bits.reserveMemory(Bits.java:666)
	at java.nio.DirectByteBuffer.<init>(DirectByteBuffer.java:123)
	at java.nio.ByteBuffer.allocateDirect(ByteBuffer.java:311)
	at org.apache.ratis.server.raftlog.segmented.BufferedWriteChannel.<init>(BufferedWriteChannel.java:41)
	at org.apache.ratis.server.raftlog.segmented.SegmentedRaftLogOutputStream.<init>(SegmentedRaftLogOutputStream.java:72)
	at org.apache.ratis.server.raftlog.segmented.SegmentedRaftLogWorker$StartLogSegment.execute(SegmentedRaftLogWorker.java:566)
	at org.apache.ratis.server.raftlog.segmented.SegmentedRaftLogWorker.run(SegmentedRaftLogWorker.java:289)
	at java.lang.Thread.run(Thread.java:748)
2019-09-25 05:06:28,591 [36ac27b3-2f11-437d-8f1f-165306b0ff4a@group-855BA6FF8840:LeaderElection74] INFO  segmented.SegmentedRaftLogWorker (SegmentedRaftLogWorker.java:startLogSegment(380)) - 36ac27b3-2f11-437d-8f1f-165306b0ff4a@group-855BA6FF8840-SegmentedRaftLogWorker: Starting segment from index:0
2019-09-25 05:06:28,591 [c8798e02-7f0c-41f7-82c2-a17323bcf21e@group-9A8116F4FD4E:LeaderElection141] INFO  impl.RaftServerImpl (ServerState.java:setLeader(253)) - c8798e02-7f0c-41f7-82c2-a17323bcf21e@group-9A8116F4FD4E: change Leader from null to c8798e02-7f0c-41f7-82c2-a17323bcf21e at term 1 for becomeLeader, leader elected after 17170ms
2019-09-25 05:06:28,589 [692224c4-5202-4921-98cc-04d5c60c79cc@group-6FAF7513986D-SegmentedRaftLogWorker] ERROR segmented.SegmentedRaftLogWorker (SegmentedRaftLogWorker.java:run(323)) - 692224c4-5202-4921-98cc-04d5c60c79cc@group-6FAF7513986D-SegmentedRaftLogWorker hit exception
java.lang.OutOfMemoryError: Direct buffer memory
	at java.nio.Bits.reserveMemory(Bits.java:666)
	at java.nio.DirectByteBuffer.<init>(DirectByteBuffer.java:123)
	at java.nio.ByteBuffer.allocateDirect(ByteBuffer.java:311)
	at org.apache.ratis.server.raftlog.segmented.BufferedWriteChannel.<init>(BufferedWriteChannel.java:41)
	at org.apache.ratis.server.raftlog.segmented.SegmentedRaftLogOutputStream.<init>(SegmentedRaftLogOutputStream.java:72)
	at org.apache.ratis.server.raftlog.segmented.SegmentedRaftLogWorker$StartLogSegment.execute(SegmentedRaftLogWorker.java:566)
	at org.apache.ratis.server.raftlog.segmented.SegmentedRaftLogWorker.run(SegmentedRaftLogWorker.java:289)
	at java.lang.Thread.run(Thread.java:748)
2019-09-25 05:06:28,597 [36ac27b3-2f11-437d-8f1f-165306b0ff4a@group-855BA6FF8840:LeaderElection74] INFO  impl.RaftServerImpl (ServerState.java:setRaftConf(354)) - 36ac27b3-2f11-437d-8f1f-165306b0ff4a@group-855BA6FF8840: set configuration 0: [36ac27b3-2f11-437d-8f1f-165306b0ff4a:192.168.30.10:45265], old=null at 0
2019-09-25 05:06:28,357 [56396258-65a3-478c-9482-0be0199dd49c@group-B8772713F5C4:LeaderElection76] INFO  impl.RaftServerImpl (ServerState.java:setRaftConf(354)) - 56396258-65a3-478c-9482-0be0199dd49c@group-B8772713F5C4: set configuration 0: [56396258-65a3-478c-9482-0be0199dd49c:192.168.30.10:41678], old=null at 0
2019-09-25 05:06:28,357 [de37f7a0-0375-40a9-a318-404478482fcb@group-C088ACFB0C23:LeaderElection134] INFO  server.RaftServerConfigKeys (ConfUtils.java:logGet(43)) - raft.server.watch.element-limit = 65536 (default)
2019-09-25 05:06:28,357 [692224c4-5202-4921-98cc-04d5c60c79cc@group-4EBFA92A4DF4:LeaderElection117] INFO  impl.RoleInfo (RoleInfo.java:updateAndGet(143)) - 692224c4-5202-4921-98cc-04d5c60c79cc: start LeaderState
2019-09-25 05:06:28,357 [692224c4-5202-4921-98cc-04d5c60c79cc@group-7A27D85A9D2A:LeaderElection139] INFO  server.RaftServerConfigKeys (ConfUtils.java:logGet(43)) - raft.server.watch.timeout.denomination = 1s (default)
2019-09-25 05:06:28,356 [36ac27b3-2f11-437d-8f1f-165306b0ff4a@group-F5C962B5449B-SegmentedRaftLogWorker] INFO  impl.RoleInfo (RoleInfo.java:shutdownLeaderState(104)) - 36ac27b3-2f11-437d-8f1f-165306b0ff4a: shutdown LeaderState
2019-09-25 05:06:28,356 [c8798e02-7f0c-41f7-82c2-a17323bcf21e@group-CF3265719ADC-SegmentedRaftLogWorker] INFO  segmented.SegmentedRaftLogWorker (SegmentedRaftLogWorker.java:close(228)) - c8798e02-7f0c-41f7-82c2-a17323bcf21e@group-CF3265719ADC-SegmentedRaftLogWorker close()
2019-09-25 05:06:28,355 [f77bfc29-6991-4b1d-a503-f706c83de4fc@group-0224D9BF4A68-SegmentedRaftLogWorker] INFO  impl.RaftServerImpl (RaftServerImpl.java:lambda$shutdown$3(251)) - f77bfc29-6991-4b1d-a503-f706c83de4fc@group-0224D9BF4A68: shutdown
2019-09-25 05:06:28,355 [de37f7a0-0375-40a9-a318-404478482fcb@group-42158A371DC1-SegmentedRaftLogWorker] INFO  util.JmxRegister (JmxRegister.java:unregister(73)) - Successfully un-registered JMX Bean with object name Ratis:service=RaftServer,group=group-42158A371DC1,id=de37f7a0-0375-40a9-a318-404478482fcb
2019-09-25 05:06:28,355 [pool-77-thread-1] INFO  impl.RaftServerImpl (RaftServerImpl.java:<init>(95)) - b4fa7d23-6606-45fd-9544-2b08ca3fa933: new RaftServerImpl for group-2B0CB06791EF:[b4fa7d23-6606-45fd-9544-2b08ca3fa933:192.168.30.10:34493, 56396258-65a3-478c-9482-0be0199dd49c:192.168.30.10:41678, 36ac27b3-2f11-437d-8f1f-165306b0ff4a:192.168.30.10:45265] with ContainerStateMachine:uninitialized
2019-09-25 05:06:28,355 [pool-37-thread-1] INFO  server.RaftServerConfigKeys (ConfUtils.java:logGet(43)) - raft.server.rpcslowness.timeout = 120s (custom)
2019-09-25 05:06:28,355 [de37f7a0-0375-40a9-a318-404478482fcb@group-B581BAE74188:LeaderElection137] INFO  server.RaftServerConfigKeys (ConfUtils.java:logGet(43)) - raft.server.watch.element-limit = 65536 (default)
2019-09-25 05:06:28,354 [56396258-65a3-478c-9482-0be0199dd49c@group-D960DA882FC6:LeaderElection138] INFO  server.RaftServerConfigKeys (ConfUtils.java:logGet(43)) - raft.server.watch.element-limit = 65536 (default)
2019-09-25 05:06:28,130 [36ac27b3-2f11-437d-8f1f-165306b0ff4a@group-14E3DEBF70FE:LeaderElection75] INFO  impl.RaftServerImpl (ServerState.java:setRaftConf(354)) - 36ac27b3-2f11-437d-8f1f-165306b0ff4a@group-14E3DEBF70FE: set configuration 0: [36ac27b3-2f11-437d-8f1f-165306b0ff4a:192.168.30.10:45265], old=null at 0
2019-09-25 05:06:28,354 [f77bfc29-6991-4b1d-a503-f706c83de4fc@group-4DD93346DA3C-SegmentedRaftLogWorker] ERROR segmented.SegmentedRaftLogWorker (SegmentedRaftLogWorker.java:run(323)) - f77bfc29-6991-4b1d-a503-f706c83de4fc@group-4DD93346DA3C-SegmentedRaftLogWorker hit exception
java.lang.OutOfMemoryError: Direct buffer memory
	at java.nio.Bits.reserveMemory(Bits.java:666)
	at java.nio.DirectByteBuffer.<init>(DirectByteBuffer.java:123)
	at java.nio.ByteBuffer.allocateDirect(ByteBuffer.java:311)
	at org.apache.ratis.server.raftlog.segmented.BufferedWriteChannel.<init>(BufferedWriteChannel.java:41)
	at org.apache.ratis.server.raftlog.segmented.SegmentedRaftLogOutputStream.<init>(SegmentedRaftLogOutputStream.java:72)
	at org.apache.ratis.server.raftlog.segmented.SegmentedRaftLogWorker$StartLogSegment.execute(SegmentedRaftLogWorker.java:566)
	at org.apache.ratis.server.raftlog.segmented.SegmentedRaftLogWorker.run(SegmentedRaftLogWorker.java:289)
	at java.lang.Thread.run(Thread.java:748)
2019-09-25 05:06:28,130 [b4fa7d23-6606-45fd-9544-2b08ca3fa933@group-24A5F312D09B-SegmentedRaftLogWorker] INFO  impl.RoleInfo (RoleInfo.java:shutdownLeaderState(104)) - b4fa7d23-6606-45fd-9544-2b08ca3fa933: shutdown LeaderState
2019-09-25 05:06:28,821 [f77bfc29-6991-4b1d-a503-f706c83de4fc@group-0224D9BF4A68-SegmentedRaftLogWorker] INFO  util.JmxRegister (JmxRegister.java:unregister(73)) - Successfully un-registered JMX Bean with object name Ratis:service=RaftServer,group=group-0224D9BF4A68,id=f77bfc29-6991-4b1d-a503-f706c83de4fc
2019-09-25 05:06:27,882 [f77bfc29-6991-4b1d-a503-f706c83de4fc@group-775BA32C4D58:LeaderElection71] INFO  impl.RaftServerImpl (ServerState.java:setRaftConf(354)) - f77bfc29-6991-4b1d-a503-f706c83de4fc@group-775BA32C4D58: set configuration 0: [f77bfc29-6991-4b1d-a503-f706c83de4fc:192.168.30.10:35112], old=null at 0
2019-09-25 05:06:27,881 [c8798e02-7f0c-41f7-82c2-a17323bcf21e@group-D18EEAF46E97-SegmentedRaftLogWorker] INFO  util.JmxRegister (JmxRegister.java:unregister(73)) - Successfully un-registered JMX Bean with object name Ratis:service=RaftServer,group=group-D18EEAF46E97,id=c8798e02-7f0c-41f7-82c2-a17323bcf21e
2019-09-25 05:06:27,879 [56396258-65a3-478c-9482-0be0199dd49c@group-5767B56274DA-SegmentedRaftLogWorker] ERROR segmented.SegmentedRaftLogWorker (SegmentedRaftLogWorker.java:run(323)) - 56396258-65a3-478c-9482-0be0199dd49c@group-5767B56274DA-SegmentedRaftLogWorker hit exception
java.lang.OutOfMemoryError: Direct buffer memory
	at java.nio.Bits.reserveMemory(Bits.java:666)
	at java.nio.DirectByteBuffer.<init>(DirectByteBuffer.java:123)
	at java.nio.ByteBuffer.allocateDirect(ByteBuffer.java:311)
	at org.apache.ratis.server.raftlog.segmented.BufferedWriteChannel.<init>(BufferedWriteChannel.java:41)
	at org.apache.ratis.server.raftlog.segmented.SegmentedRaftLogOutputStream.<init>(SegmentedRaftLogOutputStream.java:72)
	at org.apache.ratis.server.raftlog.segmented.SegmentedRaftLogWorker$StartLogSegment.execute(SegmentedRaftLogWorker.java:566)
	at org.apache.ratis.server.raftlog.segmented.SegmentedRaftLogWorker.run(SegmentedRaftLogWorker.java:289)
	at java.lang.Thread.run(Thread.java:748)
2019-09-25 05:06:27,879 [c8798e02-7f0c-41f7-82c2-a17323bcf21e@group-7F09E26EF688-SegmentedRaftLogWorker] ERROR segmented.SegmentedRaftLogWorker (SegmentedRaftLogWorker.java:run(323)) - c8798e02-7f0c-41f7-82c2-a17323bcf21e@group-7F09E26EF688-SegmentedRaftLogWorker hit exception
java.lang.OutOfMemoryError: Direct buffer memory
	at java.nio.Bits.reserveMemory(Bits.java:666)
	at java.nio.DirectByteBuffer.<init>(DirectByteBuffer.java:123)
	at java.nio.ByteBuffer.allocateDirect(ByteBuffer.java:311)
	at org.apache.ratis.server.raftlog.segmented.BufferedWriteChannel.<init>(BufferedWriteChannel.java:41)
	at org.apache.ratis.server.raftlog.segmented.SegmentedRaftLogOutputStream.<init>(SegmentedRaftLogOutputStream.java:72)
	at org.apache.ratis.server.raftlog.segmented.SegmentedRaftLogWorker$StartLogSegment.execute(SegmentedRaftLogWorker.java:566)
	at org.apache.ratis.server.raftlog.segmented.SegmentedRaftLogWorker.run(SegmentedRaftLogWorker.java:289)
	at java.lang.Thread.run(Thread.java:748)
2019-09-25 05:06:27,873 [56396258-65a3-478c-9482-0be0199dd49c@group-BF325A081794-SegmentedRaftLogWorker] ERROR segmented.SegmentedRaftLogWorker (SegmentedRaftLogWorker.java:run(323)) - 56396258-65a3-478c-9482-0be0199dd49c@group-BF325A081794-SegmentedRaftLogWorker hit exception
java.lang.OutOfMemoryError: Direct buffer memory
	at java.nio.Bits.reserveMemory(Bits.java:666)
	at java.nio.DirectByteBuffer.<init>(DirectByteBuffer.java:123)
	at java.nio.ByteBuffer.allocateDirect(ByteBuffer.java:311)
	at org.apache.ratis.server.raftlog.segmented.BufferedWriteChannel.<init>(BufferedWriteChannel.java:41)
	at org.apache.ratis.server.raftlog.segmented.SegmentedRaftLogOutputStream.<init>(SegmentedRaftLogOutputStream.java:72)
	at org.apache.ratis.server.raftlog.segmented.SegmentedRaftLogWorker$StartLogSegment.execute(SegmentedRaftLogWorker.java:566)
	at org.apache.ratis.server.raftlog.segmented.SegmentedRaftLogWorker.run(SegmentedRaftLogWorker.java:289)
	at java.lang.Thread.run(Thread.java:748)
2019-09-25 05:06:27,562 [692224c4-5202-4921-98cc-04d5c60c79cc@group-C8AC12423563:LeaderElection144] INFO  impl.RaftServerImpl (ServerState.java:setLeader(253)) - 692224c4-5202-4921-98cc-04d5c60c79cc@group-C8AC12423563: change Leader from null to 692224c4-5202-4921-98cc-04d5c60c79cc at term 1 for becomeLeader, leader elected after 16051ms
2019-09-25 05:06:27,562 [de37f7a0-0375-40a9-a318-404478482fcb@group-4CF977ABCA41:LeaderElection78] INFO  impl.RaftServerImpl (ServerState.java:setRaftConf(354)) - de37f7a0-0375-40a9-a318-404478482fcb@group-4CF977ABCA41: set configuration 0: [de37f7a0-0375-40a9-a318-404478482fcb:192.168.30.10:44522], old=null at 0
2019-09-25 05:06:27,562 [56396258-65a3-478c-9482-0be0199dd49c@group-2D2A6A1AC4E2:LeaderElection143] INFO  server.RaftServerConfigKeys (ConfUtils.java:logGet(43)) - raft.server.staging.catchup.gap = 1000 (default)
2019-09-25 05:06:27,561 [c8798e02-7f0c-41f7-82c2-a17323bcf21e@group-D47F200B6179-SegmentedRaftLogWorker] INFO  impl.StateMachineUpdater (StateMachineUpdater.java:stopAndJoin(125)) - c8798e02-7f0c-41f7-82c2-a17323bcf21e@group-D47F200B6179-StateMachineUpdater: set stopIndex = -1
2019-09-25 05:06:28,823 [c8798e02-7f0c-41f7-82c2-a17323bcf21e@group-D47F200B6179-SegmentedRaftLogWorker] INFO  impl.RaftServerImpl (ServerState.java:close(385)) - c8798e02-7f0c-41f7-82c2-a17323bcf21e@group-D47F200B6179: closes. applyIndex: -1
2019-09-25 05:06:27,561 [grpc-default-executor-0] INFO  impl.RaftServerProxy (RaftServerProxy.java:addNew(89)) - b4fa7d23-6606-45fd-9544-2b08ca3fa933: addNew group-2B0CB06791EF:[b4fa7d23-6606-45fd-9544-2b08ca3fa933:192.168.30.10:34493, 56396258-65a3-478c-9482-0be0199dd49c:192.168.30.10:41678, 36ac27b3-2f11-437d-8f1f-165306b0ff4a:192.168.30.10:45265] returns group-2B0CB06791EF:java.util.concurrent.CompletableFuture@485a578a[Not completed]
2019-09-25 05:06:27,561 [grpc-default-executor-1] INFO  impl.RaftServerProxy (RaftServerProxy.java:addNew(89)) - 56396258-65a3-478c-9482-0be0199dd49c: addNew group-2B0CB06791EF:[b4fa7d23-6606-45fd-9544-2b08ca3fa933:192.168.30.10:34493, 56396258-65a3-478c-9482-0be0199dd49c:192.168.30.10:41678, 36ac27b3-2f11-437d-8f1f-165306b0ff4a:192.168.30.10:45265] returns group-2B0CB06791EF:java.util.concurrent.CompletableFuture@1780c62c[Not completed]
2019-09-25 05:06:27,561 [grpc-default-executor-2] INFO  impl.RaftServerProxy (RaftServerProxy.java:addNew(89)) - 36ac27b3-2f11-437d-8f1f-165306b0ff4a: addNew group-2B0CB06791EF:[b4fa7d23-6606-45fd-9544-2b08ca3fa933:192.168.30.10:34493, 56396258-65a3-478c-9482-0be0199dd49c:192.168.30.10:41678, 36ac27b3-2f11-437d-8f1f-165306b0ff4a:192.168.30.10:45265] returns group-2B0CB06791EF:java.util.concurrent.CompletableFuture@5d461e01[Not completed]
2019-09-25 05:06:27,561 [36ac27b3-2f11-437d-8f1f-165306b0ff4a@group-9D3FBAA3679F:LeaderElection114] INFO  impl.RoleInfo (RoleInfo.java:updateAndGet(143)) - 36ac27b3-2f11-437d-8f1f-165306b0ff4a: start LeaderState
2019-09-25 05:06:27,560 [pool-27-thread-1] INFO  server.RaftServerConfigKeys (ConfUtils.java:logGet(43)) - raft.server.log.force.sync.num = 128 (default)
2019-09-25 05:06:28,824 [36ac27b3-2f11-437d-8f1f-165306b0ff4a@group-9D3FBAA3679F:LeaderElection114] INFO  segmented.SegmentedRaftLogWorker (SegmentedRaftLogWorker.java:startLogSegment(380)) - 36ac27b3-2f11-437d-8f1f-165306b0ff4a@group-9D3FBAA3679F-SegmentedRaftLogWorker: Starting segment from index:0
2019-09-25 05:06:27,560 [56396258-65a3-478c-9482-0be0199dd49c@group-FC5E68C66751:LeaderElection140] INFO  server.RaftServerConfigKeys (ConfUtils.java:logGet(43)) - raft.server.write.element-limit = 4096 (default)
2019-09-25 05:06:27,560 [692224c4-5202-4921-98cc-04d5c60c79cc@group-9D2E271A9E0B:LeaderElection111] INFO  segmented.SegmentedRaftLogWorker (SegmentedRaftLogWorker.java:startLogSegment(380)) - 692224c4-5202-4921-98cc-04d5c60c79cc@group-9D2E271A9E0B-SegmentedRaftLogWorker: Starting segment from index:0
2019-09-25 05:06:27,560 [692224c4-5202-4921-98cc-04d5c60c79cc@group-C6BB86E2A863:LeaderElection112] INFO  segmented.SegmentedRaftLogWorker (SegmentedRaftLogWorker.java:startLogSegment(380)) - 692224c4-5202-4921-98cc-04d5c60c79cc@group-C6BB86E2A863-SegmentedRaftLogWorker: Starting segment from index:0
2019-09-25 05:06:27,559 [de37f7a0-0375-40a9-a318-404478482fcb@group-E3167D8B2B86-SegmentedRaftLogWorker] INFO  impl.RaftServerImpl (ServerState.java:close(385)) - de37f7a0-0375-40a9-a318-404478482fcb@group-E3167D8B2B86: closes. applyIndex: -1
2019-09-25 05:06:27,559 [b4fa7d23-6606-45fd-9544-2b08ca3fa933@group-7943F034B0F3:LeaderElection113] INFO  segmented.SegmentedRaftLogWorker (SegmentedRaftLogWorker.java:startLogSegment(380)) - b4fa7d23-6606-45fd-9544-2b08ca3fa933@group-7943F034B0F3-SegmentedRaftLogWorker: Starting segment from index:0
2019-09-25 05:06:27,559 [de37f7a0-0375-40a9-a318-404478482fcb@group-E6C1EF877494-SegmentedRaftLogWorker] INFO  impl.RaftServerImpl (RaftServerImpl.java:lambda$shutdown$3(251)) - de37f7a0-0375-40a9-a318-404478482fcb@group-E6C1EF877494: shutdown
2019-09-25 05:06:27,559 [692224c4-5202-4921-98cc-04d5c60c79cc@group-671CE9E71498-SegmentedRaftLogWorker] INFO  impl.RaftServerImpl (RaftServerImpl.java:lambda$shutdown$3(251)) - 692224c4-5202-4921-98cc-04d5c60c79cc@group-671CE9E71498: shutdown
2019-09-25 05:06:29,452 [b4fa7d23-6606-45fd-9544-2b08ca3fa933@group-7943F034B0F3:LeaderElection113] INFO  impl.RaftServerImpl (ServerState.java:setRaftConf(354)) - b4fa7d23-6606-45fd-9544-2b08ca3fa933@group-7943F034B0F3: set configuration 0: [b4fa7d23-6606-45fd-9544-2b08ca3fa933:192.168.30.10:34493], old=null at 0
2019-09-25 05:06:27,558 [36ac27b3-2f11-437d-8f1f-165306b0ff4a@group-84CDB88FD1B0:LeaderElection142] INFO  impl.RaftServerImpl (ServerState.java:setLeader(253)) - 36ac27b3-2f11-437d-8f1f-165306b0ff4a@group-84CDB88FD1B0: change Leader from null to 36ac27b3-2f11-437d-8f1f-165306b0ff4a at term 1 for becomeLeader, leader elected after 10553ms
2019-09-25 05:06:27,558 [692224c4-5202-4921-98cc-04d5c60c79cc@group-619497721A04-SegmentedRaftLogWorker] INFO  impl.PendingRequests (PendingRequests.java:sendNotLeaderResponses(202)) - 692224c4-5202-4921-98cc-04d5c60c79cc-PendingRequests: sendNotLeaderResponses
2019-09-25 05:06:27,558 [f77bfc29-6991-4b1d-a503-f706c83de4fc@group-D1E4F48C375A:LeaderElection115] INFO  impl.RoleInfo (RoleInfo.java:updateAndGet(143)) - f77bfc29-6991-4b1d-a503-f706c83de4fc: start LeaderState
2019-09-25 05:06:29,677 [692224c4-5202-4921-98cc-04d5c60c79cc@group-619497721A04-SegmentedRaftLogWorker] INFO  impl.StateMachineUpdater (StateMachineUpdater.java:stopAndJoin(125)) - 692224c4-5202-4921-98cc-04d5c60c79cc@group-619497721A04-StateMachineUpdater: set stopIndex = -1
2019-09-25 05:06:27,558 [f77bfc29-6991-4b1d-a503-f706c83de4fc@group-DD47C436208F-SegmentedRaftLogWorker] INFO  util.JmxRegister (JmxRegister.java:unregister(73)) - Successfully un-registered JMX Bean with object name Ratis:service=RaftServer,group=group-DD47C436208F,id=f77bfc29-6991-4b1d-a503-f706c83de4fc
2019-09-25 05:06:27,558 [b4fa7d23-6606-45fd-9544-2b08ca3fa933@group-82B6D9F84BDB-SegmentedRaftLogWorker] INFO  impl.RaftServerImpl (ServerState.java:close(385)) - b4fa7d23-6606-45fd-9544-2b08ca3fa933@group-82B6D9F84BDB: closes. applyIndex: -1
2019-09-25 05:06:27,554 [f77bfc29-6991-4b1d-a503-f706c83de4fc@group-FF5A2CCB1E57-SegmentedRaftLogWorker] INFO  segmented.SegmentedRaftLogWorker (SegmentedRaftLogWorker.java:close(228)) - f77bfc29-6991-4b1d-a503-f706c83de4fc@group-FF5A2CCB1E57-SegmentedRaftLogWorker close()
2019-09-25 05:06:27,554 [b4fa7d23-6606-45fd-9544-2b08ca3fa933@group-6413F98F8F54:LeaderElection110] INFO  segmented.SegmentedRaftLogWorker (SegmentedRaftLogWorker.java:startLogSegment(380)) - b4fa7d23-6606-45fd-9544-2b08ca3fa933@group-6413F98F8F54-SegmentedRaftLogWorker: Starting segment from index:0
2019-09-25 05:06:27,553 [b4fa7d23-6606-45fd-9544-2b08ca3fa933@group-0EE8D742F083:LeaderElection126] INFO  server.RaftServerConfigKeys (ConfUtils.java:logGet(43)) - raft.server.watch.element-limit = 65536 (default)
2019-09-25 05:06:27,553 [f77bfc29-6991-4b1d-a503-f706c83de4fc@group-FD68C919D676-SegmentedRaftLogWorker] INFO  util.JmxRegister (JmxRegister.java:unregister(73)) - Successfully un-registered JMX Bean with object name Ratis:service=RaftServer,group=group-FD68C919D676,id=f77bfc29-6991-4b1d-a503-f706c83de4fc
2019-09-25 05:06:27,553 [56396258-65a3-478c-9482-0be0199dd49c@group-2570D1B685B2:LeaderElection118] INFO  impl.RoleInfo (RoleInfo.java:updateAndGet(143)) - 56396258-65a3-478c-9482-0be0199dd49c: start LeaderState
2019-09-25 05:06:27,553 [56396258-65a3-478c-9482-0be0199dd49c@group-73E62750B93A-SegmentedRaftLogWorker] INFO  util.JmxRegister (JmxRegister.java:unregister(73)) - Successfully un-registered JMX Bean with object name Ratis:service=RaftServer,group=group-73E62750B93A,id=56396258-65a3-478c-9482-0be0199dd49c
2019-09-25 05:06:29,709 [56396258-65a3-478c-9482-0be0199dd49c@group-2570D1B685B2:LeaderElection118] INFO  segmented.SegmentedRaftLogWorker (SegmentedRaftLogWorker.java:startLogSegment(380)) - 56396258-65a3-478c-9482-0be0199dd49c@group-2570D1B685B2-SegmentedRaftLogWorker: Starting segment from index:0
2019-09-25 05:06:29,979 [36ac27b3-2f11-437d-8f1f-165306b0ff4a@group-5080C272BC14:LeaderElection120] INFO  impl.RoleInfo (RoleInfo.java:updateAndGet(143)) - 36ac27b3-2f11-437d-8f1f-165306b0ff4a: start LeaderState
2019-09-25 05:06:27,553 [692224c4-5202-4921-98cc-04d5c60c79cc@group-A3AB95F92ABD-SegmentedRaftLogWorker] INFO  impl.RoleInfo (RoleInfo.java:shutdownLeaderState(104)) - 692224c4-5202-4921-98cc-04d5c60c79cc: shutdown LeaderState
2019-09-25 05:06:29,979 [56396258-65a3-478c-9482-0be0199dd49c@group-2570D1B685B2:LeaderElection118] INFO  impl.RaftServerImpl (ServerState.java:setRaftConf(354)) - 56396258-65a3-478c-9482-0be0199dd49c@group-2570D1B685B2: set configuration 0: [56396258-65a3-478c-9482-0be0199dd49c:192.168.30.10:41678], old=null at 0
2019-09-25 05:06:27,545 [b4fa7d23-6606-45fd-9544-2b08ca3fa933@group-64E57C267E0E-SegmentedRaftLogWorker] INFO  impl.RaftServerImpl (RaftServerImpl.java:lambda$shutdown$3(251)) - b4fa7d23-6606-45fd-9544-2b08ca3fa933@group-64E57C267E0E: shutdown
2019-09-25 05:06:27,544 [f77bfc29-6991-4b1d-a503-f706c83de4fc@group-896477D705A3-SegmentedRaftLogWorker] INFO  impl.RaftServerImpl (RaftServerImpl.java:lambda$shutdown$3(251)) - f77bfc29-6991-4b1d-a503-f706c83de4fc@group-896477D705A3: shutdown
2019-09-25 05:06:27,544 [b4fa7d23-6606-45fd-9544-2b08ca3fa933@group-490C88226581:LeaderElection116] INFO  impl.RoleInfo (RoleInfo.java:updateAndGet(143)) - b4fa7d23-6606-45fd-9544-2b08ca3fa933: start LeaderState
2019-09-25 05:06:27,544 [36ac27b3-2f11-437d-8f1f-165306b0ff4a@group-40FA5C7FE322:LeaderElection127] INFO  server.RaftServerConfigKeys (ConfUtils.java:logGet(43)) - raft.server.watch.element-limit = 65536 (default)
2019-09-25 05:06:27,543 [692224c4-5202-4921-98cc-04d5c60c79cc@group-3F1DA00B5D4A-SegmentedRaftLogWorker] INFO  util.JmxRegister (JmxRegister.java:unregister(73)) - Successfully un-registered JMX Bean with object name Ratis:service=RaftServer,group=group-3F1DA00B5D4A,id=692224c4-5202-4921-98cc-04d5c60c79cc
2019-09-25 05:06:27,539 [c8798e02-7f0c-41f7-82c2-a17323bcf21e@group-07BF07F1A4A3-SegmentedRaftLogWorker] INFO  util.JmxRegister (JmxRegister.java:unregister(73)) - Successfully un-registered JMX Bean with object name Ratis:service=RaftServer,group=group-07BF07F1A4A3,id=c8798e02-7f0c-41f7-82c2-a17323bcf21e
2019-09-25 05:06:30,170 [c8798e02-7f0c-41f7-82c2-a17323bcf21e@group-07BF07F1A4A3-SegmentedRaftLogWorker] INFO  impl.RoleInfo (RoleInfo.java:shutdownLeaderState(104)) - c8798e02-7f0c-41f7-82c2-a17323bcf21e: shutdown LeaderState
2019-09-25 05:06:27,534 [pool-87-thread-1] INFO  server.RaftServerConfigKeys (ConfUtils.java:logGet(43)) - raft.server.log.statemachine.data.caching.enabled = true (custom)
2019-09-25 05:06:30,171 [f77bfc29-6991-4b1d-a503-f706c83de4fc@group-896477D705A3-SegmentedRaftLogWorker] INFO  util.JmxRegister (JmxRegister.java:unregister(73)) - Successfully un-registered JMX Bean with object name Ratis:service=RaftServer,group=group-896477D705A3,id=f77bfc29-6991-4b1d-a503-f706c83de4fc
2019-09-25 05:06:30,171 [b4fa7d23-6606-45fd-9544-2b08ca3fa933@group-64E57C267E0E-SegmentedRaftLogWorker] INFO  util.JmxRegister (JmxRegister.java:unregister(73)) - Successfully un-registered JMX Bean with object name Ratis:service=RaftServer,group=group-64E57C267E0E,id=b4fa7d23-6606-45fd-9544-2b08ca3fa933
2019-09-25 05:06:30,171 [c8798e02-7f0c-41f7-82c2-a17323bcf21e@group-07BF07F1A4A3-SegmentedRaftLogWorker] INFO  impl.PendingRequests (PendingRequests.java:sendNotLeaderResponses(202)) - c8798e02-7f0c-41f7-82c2-a17323bcf21e-PendingRequests: sendNotLeaderResponses
2019-09-25 05:06:30,170 [692224c4-5202-4921-98cc-04d5c60c79cc@group-3F1DA00B5D4A-SegmentedRaftLogWorker] INFO  impl.RoleInfo (RoleInfo.java:shutdownLeaderState(104)) - 692224c4-5202-4921-98cc-04d5c60c79cc: shutdown LeaderState
2019-09-25 05:06:30,170 [b4fa7d23-6606-45fd-9544-2b08ca3fa933@group-490C88226581:LeaderElection116] INFO  segmented.SegmentedRaftLogWorker (SegmentedRaftLogWorker.java:startLogSegment(380)) - b4fa7d23-6606-45fd-9544-2b08ca3fa933@group-490C88226581-SegmentedRaftLogWorker: Starting segment from index:0
2019-09-25 05:06:30,170 [36ac27b3-2f11-437d-8f1f-165306b0ff4a@group-25E3748DE4E7:LeaderElection121] INFO  impl.RoleInfo (RoleInfo.java:updateAndGet(143)) - 36ac27b3-2f11-437d-8f1f-165306b0ff4a: start LeaderState
2019-09-25 05:06:29,979 [692224c4-5202-4921-98cc-04d5c60c79cc@group-A3AB95F92ABD-SegmentedRaftLogWorker] INFO  impl.PendingRequests (PendingRequests.java:sendNotLeaderResponses(202)) - 692224c4-5202-4921-98cc-04d5c60c79cc-PendingRequests: sendNotLeaderResponses
2019-09-25 05:06:29,979 [36ac27b3-2f11-437d-8f1f-165306b0ff4a@group-5080C272BC14:LeaderElection120] INFO  segmented.SegmentedRaftLogWorker (SegmentedRaftLogWorker.java:startLogSegment(380)) - 36ac27b3-2f11-437d-8f1f-165306b0ff4a@group-5080C272BC14-SegmentedRaftLogWorker: Starting segment from index:0
2019-09-25 05:06:29,709 [56396258-65a3-478c-9482-0be0199dd49c@group-73E62750B93A-SegmentedRaftLogWorker] INFO  impl.RoleInfo (RoleInfo.java:shutdownLeaderState(104)) - 56396258-65a3-478c-9482-0be0199dd49c: shutdown LeaderState
2019-09-25 05:06:29,974 [f77bfc29-6991-4b1d-a503-f706c83de4fc@group-775BA32C4D58-SegmentedRaftLogWorker] ERROR segmented.SegmentedRaftLogWorker (SegmentedRaftLogWorker.java:run(323)) - f77bfc29-6991-4b1d-a503-f706c83de4fc@group-775BA32C4D58-SegmentedRaftLogWorker hit exception
java.lang.OutOfMemoryError: Direct buffer memory
	at java.nio.Bits.reserveMemory(Bits.java:666)
	at java.nio.DirectByteBuffer.<init>(DirectByteBuffer.java:123)
	at java.nio.ByteBuffer.allocateDirect(ByteBuffer.java:311)
	at org.apache.ratis.server.raftlog.segmented.BufferedWriteChannel.<init>(BufferedWriteChannel.java:41)
	at org.apache.ratis.server.raftlog.segmented.SegmentedRaftLogOutputStream.<init>(SegmentedRaftLogOutputStream.java:72)
	at org.apache.ratis.server.raftlog.segmented.SegmentedRaftLogWorker$StartLogSegment.execute(SegmentedRaftLogWorker.java:566)
	at org.apache.ratis.server.raftlog.segmented.SegmentedRaftLogWorker.run(SegmentedRaftLogWorker.java:289)
	at java.lang.Thread.run(Thread.java:748)
2019-09-25 05:06:29,974 [36ac27b3-2f11-437d-8f1f-165306b0ff4a@group-14E3DEBF70FE-SegmentedRaftLogWorker] ERROR segmented.SegmentedRaftLogWorker (SegmentedRaftLogWorker.java:run(323)) - 36ac27b3-2f11-437d-8f1f-165306b0ff4a@group-14E3DEBF70FE-SegmentedRaftLogWorker hit exception
java.lang.OutOfMemoryError: Direct buffer memory
	at java.nio.Bits.reserveMemory(Bits.java:666)
	at java.nio.DirectByteBuffer.<init>(DirectByteBuffer.java:123)
	at java.nio.ByteBuffer.allocateDirect(ByteBuffer.java:311)
	at org.apache.ratis.server.raftlog.segmented.BufferedWriteChannel.<init>(BufferedWriteChannel.java:41)
	at org.apache.ratis.server.raftlog.segmented.SegmentedRaftLogOutputStream.<init>(SegmentedRaftLogOutputStream.java:72)
	at org.apache.ratis.server.raftlog.segmented.SegmentedRaftLogWorker$StartLogSegment.execute(SegmentedRaftLogWorker.java:566)
	at org.apache.ratis.server.raftlog.segmented.SegmentedRaftLogWorker.run(SegmentedRaftLogWorker.java:289)
	at java.lang.Thread.run(Thread.java:748)
2019-09-25 05:06:29,709 [692224c4-5202-4921-98cc-04d5c60c79cc@group-671CE9E71498-SegmentedRaftLogWorker] INFO  util.JmxRegister (JmxRegister.java:unregister(73)) - Successfully un-registered JMX Bean with object name Ratis:service=RaftServer,group=group-671CE9E71498,id=692224c4-5202-4921-98cc-04d5c60c79cc
2019-09-25 05:06:29,709 [de37f7a0-0375-40a9-a318-404478482fcb@group-E6C1EF877494-SegmentedRaftLogWorker] INFO  util.JmxRegister (JmxRegister.java:unregister(73)) - Successfully un-registered JMX Bean with object name Ratis:service=RaftServer,group=group-E6C1EF877494,id=de37f7a0-0375-40a9-a318-404478482fcb
2019-09-25 05:06:30,173 [de37f7a0-0375-40a9-a318-404478482fcb@group-E6C1EF877494-SegmentedRaftLogWorker] INFO  impl.RoleInfo (RoleInfo.java:shutdownLeaderState(104)) - de37f7a0-0375-40a9-a318-404478482fcb: shutdown LeaderState
2019-09-25 05:06:29,709 [b4fa7d23-6606-45fd-9544-2b08ca3fa933@group-6413F98F8F54:LeaderElection110] INFO  impl.RaftServerImpl (ServerState.java:setRaftConf(354)) - b4fa7d23-6606-45fd-9544-2b08ca3fa933@group-6413F98F8F54: set configuration 0: [b4fa7d23-6606-45fd-9544-2b08ca3fa933:192.168.30.10:34493], old=null at 0
2019-09-25 05:06:29,709 [f77bfc29-6991-4b1d-a503-f706c83de4fc@group-FD68C919D676-SegmentedRaftLogWorker] INFO  impl.RoleInfo (RoleInfo.java:shutdownLeaderState(104)) - f77bfc29-6991-4b1d-a503-f706c83de4fc: shutdown LeaderState
2019-09-25 05:06:29,697 [b4fa7d23-6606-45fd-9544-2b08ca3fa933@group-82B6D9F84BDB-SegmentedRaftLogWorker] INFO  segmented.SegmentedRaftLogWorker (SegmentedRaftLogWorker.java:close(228)) - b4fa7d23-6606-45fd-9544-2b08ca3fa933@group-82B6D9F84BDB-SegmentedRaftLogWorker close()
2019-09-25 05:06:29,678 [f77bfc29-6991-4b1d-a503-f706c83de4fc@group-DD47C436208F-SegmentedRaftLogWorker] INFO  impl.RoleInfo (RoleInfo.java:shutdownLeaderState(104)) - f77bfc29-6991-4b1d-a503-f706c83de4fc: shutdown LeaderState
2019-09-25 05:06:29,678 [692224c4-5202-4921-98cc-04d5c60c79cc@group-619497721A04-SegmentedRaftLogWorker] INFO  impl.RaftServerImpl (ServerState.java:close(385)) - 692224c4-5202-4921-98cc-04d5c60c79cc@group-619497721A04: closes. applyIndex: -1
2019-09-25 05:06:29,678 [f77bfc29-6991-4b1d-a503-f706c83de4fc@group-D1E4F48C375A:LeaderElection115] INFO  segmented.SegmentedRaftLogWorker (SegmentedRaftLogWorker.java:startLogSegment(380)) - f77bfc29-6991-4b1d-a503-f706c83de4fc@group-D1E4F48C375A-SegmentedRaftLogWorker: Starting segment from index:0
2019-09-25 05:06:29,677 [36ac27b3-2f11-437d-8f1f-165306b0ff4a@group-84CDB88FD1B0:LeaderElection142] INFO  server.RaftServerConfigKeys (ConfUtils.java:logGet(43)) - raft.server.staging.catchup.gap = 1000 (default)
2019-09-25 05:06:29,672 [692224c4-5202-4921-98cc-04d5c60c79cc@group-C6BB86E2A863:LeaderElection112] INFO  impl.RaftServerImpl (ServerState.java:setRaftConf(354)) - 692224c4-5202-4921-98cc-04d5c60c79cc@group-C6BB86E2A863: set configuration 0: [692224c4-5202-4921-98cc-04d5c60c79cc:192.168.30.10:38144], old=null at 0
2019-09-25 05:06:29,672 [de37f7a0-0375-40a9-a318-404478482fcb@group-4CF977ABCA41-SegmentedRaftLogWorker] ERROR segmented.SegmentedRaftLogWorker (SegmentedRaftLogWorker.java:run(323)) - de37f7a0-0375-40a9-a318-404478482fcb@group-4CF977ABCA41-SegmentedRaftLogWorker hit exception
java.lang.OutOfMemoryError: Direct buffer memory
	at java.nio.Bits.reserveMemory(Bits.java:666)
	at java.nio.DirectByteBuffer.<init>(DirectByteBuffer.java:123)
	at java.nio.ByteBuffer.allocateDirect(ByteBuffer.java:311)
	at org.apache.ratis.server.raftlog.segmented.BufferedWriteChannel.<init>(BufferedWriteChannel.java:41)
	at org.apache.ratis.server.raftlog.segmented.SegmentedRaftLogOutputStream.<init>(SegmentedRaftLogOutputStream.java:72)
	at org.apache.ratis.server.raftlog.segmented.SegmentedRaftLogWorker$StartLogSegment.execute(SegmentedRaftLogWorker.java:566)
	at org.apache.ratis.server.raftlog.segmented.SegmentedRaftLogWorker.run(SegmentedRaftLogWorker.java:289)
	at java.lang.Thread.run(Thread.java:748)
2019-09-25 05:06:29,452 [692224c4-5202-4921-98cc-04d5c60c79cc@group-9D2E271A9E0B:LeaderElection111] INFO  impl.RaftServerImpl (ServerState.java:setRaftConf(354)) - 692224c4-5202-4921-98cc-04d5c60c79cc@group-9D2E271A9E0B: set configuration 0: [692224c4-5202-4921-98cc-04d5c60c79cc:192.168.30.10:38144], old=null at 0
2019-09-25 05:06:29,452 [de37f7a0-0375-40a9-a318-404478482fcb@group-E3167D8B2B86-SegmentedRaftLogWorker] INFO  segmented.SegmentedRaftLogWorker (SegmentedRaftLogWorker.java:close(228)) - de37f7a0-0375-40a9-a318-404478482fcb@group-E3167D8B2B86-SegmentedRaftLogWorker close()
2019-09-25 05:06:29,056 [56396258-65a3-478c-9482-0be0199dd49c@group-B63E6DF1E8D2-SegmentedRaftLogWorker] ERROR segmented.SegmentedRaftLogWorker (SegmentedRaftLogWorker.java:run(323)) - 56396258-65a3-478c-9482-0be0199dd49c@group-B63E6DF1E8D2-SegmentedRaftLogWorker hit exception
java.lang.OutOfMemoryError: Direct buffer memory
	at java.nio.Bits.reserveMemory(Bits.java:666)
	at java.nio.DirectByteBuffer.<init>(DirectByteBuffer.java:123)
	at java.nio.ByteBuffer.allocateDirect(ByteBuffer.java:311)
	at org.apache.ratis.server.raftlog.segmented.BufferedWriteChannel.<init>(BufferedWriteChannel.java:41)
	at org.apache.ratis.server.raftlog.segmented.SegmentedRaftLogOutputStream.<init>(SegmentedRaftLogOutputStream.java:72)
	at org.apache.ratis.server.raftlog.segmented.SegmentedRaftLogWorker$StartLogSegment.execute(SegmentedRaftLogWorker.java:566)
	at org.apache.ratis.server.raftlog.segmented.SegmentedRaftLogWorker.run(SegmentedRaftLogWorker.java:289)
	at java.lang.Thread.run(Thread.java:748)
2019-09-25 05:06:30,176 [56396258-65a3-478c-9482-0be0199dd49c@group-B63E6DF1E8D2-SegmentedRaftLogWorker] INFO  impl.RaftServerImpl (RaftServerImpl.java:lambda$shutdown$3(251)) - 56396258-65a3-478c-9482-0be0199dd49c@group-B63E6DF1E8D2: shutdown
2019-09-25 05:06:28,825 [36ac27b3-2f11-437d-8f1f-165306b0ff4a@group-9D3FBAA3679F:LeaderElection114] INFO  impl.RaftServerImpl (ServerState.java:setRaftConf(354)) - 36ac27b3-2f11-437d-8f1f-165306b0ff4a@group-9D3FBAA3679F: set configuration 0: [36ac27b3-2f11-437d-8f1f-165306b0ff4a:192.168.30.10:45265], old=null at 0
2019-09-25 05:06:28,825 [56396258-65a3-478c-9482-0be0199dd49c@group-FC5E68C66751:LeaderElection140] INFO  server.RaftServerConfigKeys (ConfUtils.java:logGet(43)) - raft.server.watch.timeout = 10s (default)
2019-09-25 05:06:28,824 [pool-27-thread-1] INFO  server.RaftServerConfigKeys (ConfUtils.java:logGet(43)) - raft.server.log.statemachine.data.sync = true (default)
2019-09-25 05:06:30,176 [36ac27b3-2f11-437d-8f1f-165306b0ff4a@group-6E6AA1FC98DD:LeaderElection125] INFO  impl.RoleInfo (RoleInfo.java:updateAndGet(143)) - 36ac27b3-2f11-437d-8f1f-165306b0ff4a: start LeaderState
2019-09-25 05:06:28,824 [f77bfc29-6991-4b1d-a503-f706c83de4fc@group-F2D9B87A111F:LeaderElection124] INFO  impl.RoleInfo (RoleInfo.java:updateAndGet(143)) - f77bfc29-6991-4b1d-a503-f706c83de4fc: start LeaderState
2019-09-25 05:06:28,823 [c8798e02-7f0c-41f7-82c2-a17323bcf21e@group-D47F200B6179-SegmentedRaftLogWorker] INFO  segmented.SegmentedRaftLogWorker (SegmentedRaftLogWorker.java:close(228)) - c8798e02-7f0c-41f7-82c2-a17323bcf21e@group-D47F200B6179-SegmentedRaftLogWorker close()
2019-09-25 05:06:28,823 [c8798e02-7f0c-41f7-82c2-a17323bcf21e@group-0D663BBCA5B4:LeaderElection119] INFO  impl.RoleInfo (RoleInfo.java:updateAndGet(143)) - c8798e02-7f0c-41f7-82c2-a17323bcf21e: start LeaderState
2019-09-25 05:06:28,823 [56396258-65a3-478c-9482-0be0199dd49c@group-2D2A6A1AC4E2:LeaderElection143] INFO  server.RaftServerConfigKeys (ConfUtils.java:logGet(43)) - raft.server.rpc.sleep.time = 25ms (default)
2019-09-25 05:06:28,823 [692224c4-5202-4921-98cc-04d5c60c79cc@group-C8AC12423563:LeaderElection144] INFO  server.RaftServerConfigKeys (ConfUtils.java:logGet(43)) - raft.server.staging.catchup.gap = 1000 (default)
2019-09-25 05:06:28,822 [56396258-65a3-478c-9482-0be0199dd49c@group-BF325A081794-SegmentedRaftLogWorker] INFO  impl.RaftServerImpl (RaftServerImpl.java:lambda$shutdown$3(251)) - 56396258-65a3-478c-9482-0be0199dd49c@group-BF325A081794: shutdown
2019-09-25 05:06:28,822 [c8798e02-7f0c-41f7-82c2-a17323bcf21e@group-7F09E26EF688-SegmentedRaftLogWorker] INFO  impl.RaftServerImpl (RaftServerImpl.java:lambda$shutdown$3(251)) - c8798e02-7f0c-41f7-82c2-a17323bcf21e@group-7F09E26EF688: shutdown
2019-09-25 05:06:28,822 [f77bfc29-6991-4b1d-a503-f706c83de4fc@group-35F023F29269:LeaderElection122] INFO  impl.RoleInfo (RoleInfo.java:updateAndGet(143)) - f77bfc29-6991-4b1d-a503-f706c83de4fc: start LeaderState
2019-09-25 05:06:28,822 [56396258-65a3-478c-9482-0be0199dd49c@group-5767B56274DA-SegmentedRaftLogWorker] INFO  impl.RaftServerImpl (RaftServerImpl.java:lambda$shutdown$3(251)) - 56396258-65a3-478c-9482-0be0199dd49c@group-5767B56274DA: shutdown
2019-09-25 05:06:28,821 [c8798e02-7f0c-41f7-82c2-a17323bcf21e@group-D18EEAF46E97-SegmentedRaftLogWorker] INFO  impl.RoleInfo (RoleInfo.java:shutdownLeaderState(104)) - c8798e02-7f0c-41f7-82c2-a17323bcf21e: shutdown LeaderState
2019-09-25 05:06:28,821 [f77bfc29-6991-4b1d-a503-f706c83de4fc@group-0224D9BF4A68-SegmentedRaftLogWorker] INFO  impl.RoleInfo (RoleInfo.java:shutdownLeaderState(104)) - f77bfc29-6991-4b1d-a503-f706c83de4fc: shutdown LeaderState
2019-09-25 05:06:28,821 [b4fa7d23-6606-45fd-9544-2b08ca3fa933@group-24A5F312D09B-SegmentedRaftLogWorker] INFO  impl.PendingRequests (PendingRequests.java:sendNotLeaderResponses(202)) - b4fa7d23-6606-45fd-9544-2b08ca3fa933-PendingRequests: sendNotLeaderResponses
2019-09-25 05:06:28,821 [f77bfc29-6991-4b1d-a503-f706c83de4fc@group-4DD93346DA3C-SegmentedRaftLogWorker] INFO  impl.RaftServerImpl (RaftServerImpl.java:lambda$shutdown$3(251)) - f77bfc29-6991-4b1d-a503-f706c83de4fc@group-4DD93346DA3C: shutdown
2019-09-25 05:06:28,820 [pool-37-thread-1] INFO  server.RaftServerConfigKeys (ConfUtils.java:logGet(43)) - raft.server.sleep.deviation.threshold = 300 (default)
2019-09-25 05:06:30,179 [692224c4-5202-4921-98cc-04d5c60c79cc@group-3853F77ACA4A:LeaderElection130] INFO  impl.RoleInfo (RoleInfo.java:updateAndGet(143)) - 692224c4-5202-4921-98cc-04d5c60c79cc: start LeaderState
2019-09-25 05:06:28,819 [pool-77-thread-1] INFO  server.RaftServerConfigKeys (ConfUtils.java:logGet(43)) - raft.server.rpc.timeout.min = 5s (custom)
2019-09-25 05:06:28,819 [de37f7a0-0375-40a9-a318-404478482fcb@group-42158A371DC1-SegmentedRaftLogWorker] INFO  impl.RoleInfo (RoleInfo.java:shutdownLeaderState(104)) - de37f7a0-0375-40a9-a318-404478482fcb: shutdown LeaderState
2019-09-25 05:06:28,811 [36ac27b3-2f11-437d-8f1f-165306b0ff4a@group-F5C962B5449B-SegmentedRaftLogWorker] INFO  impl.PendingRequests (PendingRequests.java:sendNotLeaderResponses(202)) - 36ac27b3-2f11-437d-8f1f-165306b0ff4a-PendingRequests: sendNotLeaderResponses
2019-09-25 05:06:28,811 [692224c4-5202-4921-98cc-04d5c60c79cc@group-7A27D85A9D2A:LeaderElection139] INFO  server.RaftServerConfigKeys (ConfUtils.java:logGet(43)) - raft.server.watch.element-limit = 65536 (default)
2019-09-25 05:06:28,811 [692224c4-5202-4921-98cc-04d5c60c79cc@group-4EBFA92A4DF4:LeaderElection117] INFO  segmented.SegmentedRaftLogWorker (SegmentedRaftLogWorker.java:startLogSegment(380)) - 692224c4-5202-4921-98cc-04d5c60c79cc@group-4EBFA92A4DF4-SegmentedRaftLogWorker: Starting segment from index:0
2019-09-25 05:06:28,810 [56396258-65a3-478c-9482-0be0199dd49c@group-78B68D5662A6-SegmentedRaftLogWorker] ERROR segmented.SegmentedRaftLogWorker (SegmentedRaftLogWorker.java:run(323)) - 56396258-65a3-478c-9482-0be0199dd49c@group-78B68D5662A6-SegmentedRaftLogWorker hit exception
java.lang.OutOfMemoryError: Direct buffer memory
	at java.nio.Bits.reserveMemory(Bits.java:666)
	at java.nio.DirectByteBuffer.<init>(DirectByteBuffer.java:123)
	at java.nio.ByteBuffer.allocateDirect(ByteBuffer.java:311)
	at org.apache.ratis.server.raftlog.segmented.BufferedWriteChannel.<init>(BufferedWriteChannel.java:41)
	at org.apache.ratis.server.raftlog.segmented.SegmentedRaftLogOutputStream.<init>(SegmentedRaftLogOutputStream.java:72)
	at org.apache.ratis.server.raftlog.segmented.SegmentedRaftLogWorker$StartLogSegment.execute(SegmentedRaftLogWorker.java:566)
	at org.apache.ratis.server.raftlog.segmented.SegmentedRaftLogWorker.run(SegmentedRaftLogWorker.java:289)
	at java.lang.Thread.run(Thread.java:748)
2019-09-25 05:06:28,810 [56396258-65a3-478c-9482-0be0199dd49c@group-33166F81F61A-SegmentedRaftLogWorker] ERROR segmented.SegmentedRaftLogWorker (SegmentedRaftLogWorker.java:run(323)) - 56396258-65a3-478c-9482-0be0199dd49c@group-33166F81F61A-SegmentedRaftLogWorker hit exception
java.lang.OutOfMemoryError: Direct buffer memory
	at java.nio.Bits.reserveMemory(Bits.java:666)
	at java.nio.DirectByteBuffer.<init>(DirectByteBuffer.java:123)
	at java.nio.ByteBuffer.allocateDirect(ByteBuffer.java:311)
	at org.apache.ratis.server.raftlog.segmented.BufferedWriteChannel.<init>(BufferedWriteChannel.java:41)
	at org.apache.ratis.server.raftlog.segmented.SegmentedRaftLogOutputStream.<init>(SegmentedRaftLogOutputStream.java:72)
	at org.apache.ratis.server.raftlog.segmented.SegmentedRaftLogWorker$StartLogSegment.execute(SegmentedRaftLogWorker.java:566)
	at org.apache.ratis.server.raftlog.segmented.SegmentedRaftLogWorker.run(SegmentedRaftLogWorker.java:289)
	at java.lang.Thread.run(Thread.java:748)
2019-09-25 05:06:28,597 [692224c4-5202-4921-98cc-04d5c60c79cc@group-6FAF7513986D-SegmentedRaftLogWorker] INFO  impl.RaftServerImpl (RaftServerImpl.java:lambda$shutdown$3(251)) - 692224c4-5202-4921-98cc-04d5c60c79cc@group-6FAF7513986D: shutdown
2019-09-25 05:06:28,592 [c8798e02-7f0c-41f7-82c2-a17323bcf21e@group-9A8116F4FD4E:LeaderElection141] INFO  server.RaftServerConfigKeys (ConfUtils.java:logGet(43)) - raft.server.staging.catchup.gap = 1000 (default)
2019-09-25 05:06:28,591 [692224c4-5202-4921-98cc-04d5c60c79cc@group-BA4E288B6498-SegmentedRaftLogWorker] INFO  impl.RaftServerImpl (RaftServerImpl.java:lambda$shutdown$3(251)) - 692224c4-5202-4921-98cc-04d5c60c79cc@group-BA4E288B6498: shutdown
2019-09-25 05:06:30,181 [c8798e02-7f0c-41f7-82c2-a17323bcf21e@group-9A8116F4FD4E:LeaderElection141] INFO  server.RaftServerConfigKeys (ConfUtils.java:logGet(43)) - raft.server.rpc.sleep.time = 25ms (default)
2019-09-25 05:06:30,180 [56396258-65a3-478c-9482-0be0199dd49c@group-33166F81F61A-SegmentedRaftLogWorker] INFO  impl.RaftServerImpl (RaftServerImpl.java:lambda$shutdown$3(251)) - 56396258-65a3-478c-9482-0be0199dd49c@group-33166F81F61A: shutdown
2019-09-25 05:06:30,180 [f77bfc29-6991-4b1d-a503-f706c83de4fc@group-40FD7941FFE1:LeaderElection133] INFO  impl.RoleInfo (RoleInfo.java:updateAndGet(143)) - f77bfc29-6991-4b1d-a503-f706c83de4fc: start LeaderState
2019-09-25 05:06:30,180 [56396258-65a3-478c-9482-0be0199dd49c@group-78B68D5662A6-SegmentedRaftLogWorker] INFO  impl.RaftServerImpl (RaftServerImpl.java:lambda$shutdown$3(251)) - 56396258-65a3-478c-9482-0be0199dd49c@group-78B68D5662A6: shutdown
2019-09-25 05:06:30,179 [36ac27b3-2f11-437d-8f1f-165306b0ff4a@group-F5C962B5449B-SegmentedRaftLogWorker] INFO  impl.StateMachineUpdater (StateMachineUpdater.java:stopAndJoin(125)) - 36ac27b3-2f11-437d-8f1f-165306b0ff4a@group-F5C962B5449B-StateMachineUpdater: set stopIndex = -1
2019-09-25 05:06:30,179 [de37f7a0-0375-40a9-a318-404478482fcb@group-42158A371DC1-SegmentedRaftLogWorker] INFO  impl.PendingRequests (PendingRequests.java:sendNotLeaderResponses(202)) - de37f7a0-0375-40a9-a318-404478482fcb-PendingRequests: sendNotLeaderResponses
2019-09-25 05:06:30,179 [c8798e02-7f0c-41f7-82c2-a17323bcf21e@group-82E6436EE4C4:LeaderElection132] INFO  impl.RoleInfo (RoleInfo.java:updateAndGet(143)) - c8798e02-7f0c-41f7-82c2-a17323bcf21e: start LeaderState
2019-09-25 05:06:30,182 [de37f7a0-0375-40a9-a318-404478482fcb@group-42158A371DC1-SegmentedRaftLogWorker] INFO  impl.StateMachineUpdater (StateMachineUpdater.java:stopAndJoin(125)) - de37f7a0-0375-40a9-a318-404478482fcb@group-42158A371DC1-StateMachineUpdater: set stopIndex = -1
2019-09-25 05:06:30,179 [pool-77-thread-1] INFO  server.RaftServerConfigKeys (ConfUtils.java:logGet(43)) - raft.server.rpc.timeout.max = 5200ms (custom)
2019-09-25 05:06:30,182 [b4fa7d23-6606-45fd-9544-2b08ca3fa933@group-57C0E81ED09A:LeaderElection135] INFO  impl.RoleInfo (RoleInfo.java:updateAndGet(143)) - b4fa7d23-6606-45fd-9544-2b08ca3fa933: start LeaderState
2019-09-25 05:06:30,179 [f77bfc29-6991-4b1d-a503-f706c83de4fc@group-4DD93346DA3C-SegmentedRaftLogWorker] INFO  util.JmxRegister (JmxRegister.java:unregister(73)) - Successfully un-registered JMX Bean with object name Ratis:service=RaftServer,group=group-4DD93346DA3C,id=f77bfc29-6991-4b1d-a503-f706c83de4fc
2019-09-25 05:06:30,179 [692224c4-5202-4921-98cc-04d5c60c79cc@group-3853F77ACA4A:LeaderElection130] INFO  segmented.SegmentedRaftLogWorker (SegmentedRaftLogWorker.java:startLogSegment(380)) - 692224c4-5202-4921-98cc-04d5c60c79cc@group-3853F77ACA4A-SegmentedRaftLogWorker: Starting segment from index:0
2019-09-25 05:06:30,179 [pool-37-thread-1] INFO  server.RaftServerConfigKeys (ConfUtils.java:logGet(43)) - raft.server.log.appender.install.snapshot.enabled = false (custom)
2019-09-25 05:06:30,178 [56396258-65a3-478c-9482-0be0199dd49c@group-5767B56274DA-SegmentedRaftLogWorker] INFO  util.JmxRegister (JmxRegister.java:unregister(73)) - Successfully un-registered JMX Bean with object name Ratis:service=RaftServer,group=group-5767B56274DA,id=56396258-65a3-478c-9482-0be0199dd49c
2019-09-25 05:06:30,178 [b4fa7d23-6606-45fd-9544-2b08ca3fa933@group-24A5F312D09B-SegmentedRaftLogWorker] INFO  impl.StateMachineUpdater (StateMachineUpdater.java:stopAndJoin(125)) - b4fa7d23-6606-45fd-9544-2b08ca3fa933@group-24A5F312D09B-StateMachineUpdater: set stopIndex = -1
2019-09-25 05:06:30,183 [b4fa7d23-6606-45fd-9544-2b08ca3fa933@group-24A5F312D09B-SegmentedRaftLogWorker] INFO  impl.RaftServerImpl (ServerState.java:close(385)) - b4fa7d23-6606-45fd-9544-2b08ca3fa933@group-24A5F312D09B: closes. applyIndex: -1
2019-09-25 05:06:30,178 [b4fa7d23-6606-45fd-9544-2b08ca3fa933@group-A43BB86F38DC:LeaderElection129] INFO  impl.RoleInfo (RoleInfo.java:updateAndGet(143)) - b4fa7d23-6606-45fd-9544-2b08ca3fa933: start LeaderState
2019-09-25 05:06:30,178 [f77bfc29-6991-4b1d-a503-f706c83de4fc@group-0224D9BF4A68-SegmentedRaftLogWorker] INFO  impl.PendingRequests (PendingRequests.java:sendNotLeaderResponses(202)) - f77bfc29-6991-4b1d-a503-f706c83de4fc-PendingRequests: sendNotLeaderResponses
2019-09-25 05:06:30,178 [c8798e02-7f0c-41f7-82c2-a17323bcf21e@group-7F09E26EF688-SegmentedRaftLogWorker] INFO  util.JmxRegister (JmxRegister.java:unregister(73)) - Successfully un-registered JMX Bean with object name Ratis:service=RaftServer,group=group-7F09E26EF688,id=c8798e02-7f0c-41f7-82c2-a17323bcf21e
2019-09-25 05:06:30,178 [c8798e02-7f0c-41f7-82c2-a17323bcf21e@group-D18EEAF46E97-SegmentedRaftLogWorker] INFO  impl.PendingRequests (PendingRequests.java:sendNotLeaderResponses(202)) - c8798e02-7f0c-41f7-82c2-a17323bcf21e-PendingRequests: sendNotLeaderResponses
2019-09-25 05:06:30,178 [56396258-65a3-478c-9482-0be0199dd49c@group-BF325A081794-SegmentedRaftLogWorker] INFO  util.JmxRegister (JmxRegister.java:unregister(73)) - Successfully un-registered JMX Bean with object name Ratis:service=RaftServer,group=group-BF325A081794,id=56396258-65a3-478c-9482-0be0199dd49c
2019-09-25 05:06:30,184 [56396258-65a3-478c-9482-0be0199dd49c@group-BF325A081794-SegmentedRaftLogWorker] INFO  impl.RoleInfo (RoleInfo.java:shutdownLeaderState(104)) - 56396258-65a3-478c-9482-0be0199dd49c: shutdown LeaderState
2019-09-25 05:06:30,178 [f77bfc29-6991-4b1d-a503-f706c83de4fc@group-35F023F29269:LeaderElection122] INFO  segmented.SegmentedRaftLogWorker (SegmentedRaftLogWorker.java:startLogSegment(380)) - f77bfc29-6991-4b1d-a503-f706c83de4fc@group-35F023F29269-SegmentedRaftLogWorker: Starting segment from index:0
2019-09-25 05:06:30,177 [692224c4-5202-4921-98cc-04d5c60c79cc@group-C8AC12423563:LeaderElection144] INFO  server.RaftServerConfigKeys (ConfUtils.java:logGet(43)) - raft.server.rpc.sleep.time = 25ms (default)
2019-09-25 05:06:30,177 [c8798e02-7f0c-41f7-82c2-a17323bcf21e@group-0D663BBCA5B4:LeaderElection119] INFO  segmented.SegmentedRaftLogWorker (SegmentedRaftLogWorker.java:startLogSegment(380)) - c8798e02-7f0c-41f7-82c2-a17323bcf21e@group-0D663BBCA5B4-SegmentedRaftLogWorker: Starting segment from index:0
2019-09-25 05:06:30,177 [f77bfc29-6991-4b1d-a503-f706c83de4fc@group-F2D9B87A111F:LeaderElection124] INFO  segmented.SegmentedRaftLogWorker (SegmentedRaftLogWorker.java:startLogSegment(380)) - f77bfc29-6991-4b1d-a503-f706c83de4fc@group-F2D9B87A111F-SegmentedRaftLogWorker: Starting segment from index:0
2019-09-25 05:06:30,177 [36ac27b3-2f11-437d-8f1f-165306b0ff4a@group-6E6AA1FC98DD:LeaderElection125] INFO  segmented.SegmentedRaftLogWorker (SegmentedRaftLogWorker.java:startLogSegment(380)) - 36ac27b3-2f11-437d-8f1f-165306b0ff4a@group-6E6AA1FC98DD-SegmentedRaftLogWorker: Starting segment from index:0
2019-09-25 05:06:30,177 [56396258-65a3-478c-9482-0be0199dd49c@group-B63E6DF1E8D2-SegmentedRaftLogWorker] INFO  util.JmxRegister (JmxRegister.java:unregister(73)) - Successfully un-registered JMX Bean with object name Ratis:service=RaftServer,group=group-B63E6DF1E8D2,id=56396258-65a3-478c-9482-0be0199dd49c
2019-09-25 05:06:30,176 [pool-27-thread-1] INFO  server.RaftServerConfigKeys (ConfUtils.java:logGet(43)) - raft.server.log.statemachine.data.sync.timeout = 10s (default)
2019-09-25 05:06:30,176 [56396258-65a3-478c-9482-0be0199dd49c@group-FC5E68C66751:LeaderElection140] INFO  server.RaftServerConfigKeys (ConfUtils.java:logGet(43)) - raft.server.watch.timeout.denomination = 1s (default)
2019-09-25 05:06:30,175 [de37f7a0-0375-40a9-a318-404478482fcb@group-4CF977ABCA41-SegmentedRaftLogWorker] INFO  impl.RaftServerImpl (RaftServerImpl.java:lambda$shutdown$3(251)) - de37f7a0-0375-40a9-a318-404478482fcb@group-4CF977ABCA41: shutdown
2019-09-25 05:06:30,175 [36ac27b3-2f11-437d-8f1f-165306b0ff4a@group-84CDB88FD1B0:LeaderElection142] INFO  server.RaftServerConfigKeys (ConfUtils.java:logGet(43)) - raft.server.rpc.sleep.time = 25ms (default)
2019-09-25 05:06:30,174 [692224c4-5202-4921-98cc-04d5c60c79cc@group-619497721A04-SegmentedRaftLogWorker] INFO  segmented.SegmentedRaftLogWorker (SegmentedRaftLogWorker.java:close(228)) - 692224c4-5202-4921-98cc-04d5c60c79cc@group-619497721A04-SegmentedRaftLogWorker close()
2019-09-25 05:06:30,174 [f77bfc29-6991-4b1d-a503-f706c83de4fc@group-DD47C436208F-SegmentedRaftLogWorker] INFO  impl.PendingRequests (PendingRequests.java:sendNotLeaderResponses(202)) - f77bfc29-6991-4b1d-a503-f706c83de4fc-PendingRequests: sendNotLeaderResponses
2019-09-25 05:06:30,174 [f77bfc29-6991-4b1d-a503-f706c83de4fc@group-FD68C919D676-SegmentedRaftLogWorker] INFO  impl.PendingRequests (PendingRequests.java:sendNotLeaderResponses(202)) - f77bfc29-6991-4b1d-a503-f706c83de4fc-PendingRequests: sendNotLeaderResponses
2019-09-25 05:06:30,174 [de37f7a0-0375-40a9-a318-404478482fcb@group-E6C1EF877494-SegmentedRaftLogWorker] INFO  impl.PendingRequests (PendingRequests.java:sendNotLeaderResponses(202)) - de37f7a0-0375-40a9-a318-404478482fcb-PendingRequests: sendNotLeaderResponses
2019-09-25 05:06:30,173 [692224c4-5202-4921-98cc-04d5c60c79cc@group-671CE9E71498-SegmentedRaftLogWorker] INFO  impl.RoleInfo (RoleInfo.java:shutdownLeaderState(104)) - 692224c4-5202-4921-98cc-04d5c60c79cc: shutdown LeaderState
2019-09-25 05:06:30,173 [36ac27b3-2f11-437d-8f1f-165306b0ff4a@group-14E3DEBF70FE-SegmentedRaftLogWorker] INFO  impl.RaftServerImpl (RaftServerImpl.java:lambda$shutdown$3(251)) - 36ac27b3-2f11-437d-8f1f-165306b0ff4a@group-14E3DEBF70FE: shutdown
2019-09-25 05:06:30,173 [b4fa7d23-6606-45fd-9544-2b08ca3fa933@group-E09D7EF96C33:LeaderElection131] INFO  impl.RoleInfo (RoleInfo.java:updateAndGet(143)) - b4fa7d23-6606-45fd-9544-2b08ca3fa933: start LeaderState
2019-09-25 05:06:30,173 [f77bfc29-6991-4b1d-a503-f706c83de4fc@group-775BA32C4D58-SegmentedRaftLogWorker] INFO  impl.RaftServerImpl (RaftServerImpl.java:lambda$shutdown$3(251)) - f77bfc29-6991-4b1d-a503-f706c83de4fc@group-775BA32C4D58: shutdown
2019-09-25 05:06:30,172 [56396258-65a3-478c-9482-0be0199dd49c@group-73E62750B93A-SegmentedRaftLogWorker] INFO  impl.PendingRequests (PendingRequests.java:sendNotLeaderResponses(202)) - 56396258-65a3-478c-9482-0be0199dd49c-PendingRequests: sendNotLeaderResponses
2019-09-25 05:06:30,172 [56396258-65a3-478c-9482-0be0199dd49c@group-E36E29956034:LeaderElection128] INFO  impl.RoleInfo (RoleInfo.java:updateAndGet(143)) - 56396258-65a3-478c-9482-0be0199dd49c: start LeaderState
2019-09-25 05:06:30,172 [692224c4-5202-4921-98cc-04d5c60c79cc@group-A3AB95F92ABD-SegmentedRaftLogWorker] INFO  impl.StateMachineUpdater (StateMachineUpdater.java:stopAndJoin(125)) - 692224c4-5202-4921-98cc-04d5c60c79cc@group-A3AB95F92ABD-StateMachineUpdater: set stopIndex = -1
2019-09-25 05:06:30,172 [36ac27b3-2f11-437d-8f1f-165306b0ff4a@group-25E3748DE4E7:LeaderElection121] INFO  segmented.SegmentedRaftLogWorker (SegmentedRaftLogWorker.java:startLogSegment(380)) - 36ac27b3-2f11-437d-8f1f-165306b0ff4a@group-25E3748DE4E7-SegmentedRaftLogWorker: Starting segment from index:0
2019-09-25 05:06:30,172 [692224c4-5202-4921-98cc-04d5c60c79cc@group-3F1DA00B5D4A-SegmentedRaftLogWorker] INFO  impl.PendingRequests (PendingRequests.java:sendNotLeaderResponses(202)) - 692224c4-5202-4921-98cc-04d5c60c79cc-PendingRequests: sendNotLeaderResponses
2019-09-25 05:06:30,171 [c8798e02-7f0c-41f7-82c2-a17323bcf21e@group-07BF07F1A4A3-SegmentedRaftLogWorker] INFO  impl.StateMachineUpdater (StateMachineUpdater.java:stopAndJoin(125)) - c8798e02-7f0c-41f7-82c2-a17323bcf21e@group-07BF07F1A4A3-StateMachineUpdater: set stopIndex = -1
2019-09-25 05:06:30,187 [c8798e02-7f0c-41f7-82c2-a17323bcf21e@group-07BF07F1A4A3-SegmentedRaftLogWorker] INFO  impl.RaftServerImpl (ServerState.java:close(385)) - c8798e02-7f0c-41f7-82c2-a17323bcf21e@group-07BF07F1A4A3: closes. applyIndex: -1
2019-09-25 05:06:30,171 [b4fa7d23-6606-45fd-9544-2b08ca3fa933@group-64E57C267E0E-SegmentedRaftLogWorker] INFO  impl.RoleInfo (RoleInfo.java:shutdownLeaderState(104)) - b4fa7d23-6606-45fd-9544-2b08ca3fa933: shutdown LeaderState
2019-09-25 05:06:30,171 [pool-87-thread-1] INFO  segmented.SegmentedRaftLogWorker (SegmentedRaftLogWorker.java:lambda$new$0(132)) - 56396258-65a3-478c-9482-0be0199dd49c@group-91F3DF1D9994-SegmentedRaftLogWorker: flushIndex: setUnconditionally 0 -> -1
2019-09-25 05:06:30,171 [f77bfc29-6991-4b1d-a503-f706c83de4fc@group-896477D705A3-SegmentedRaftLogWorker] INFO  impl.RoleInfo (RoleInfo.java:shutdownLeaderState(104)) - f77bfc29-6991-4b1d-a503-f706c83de4fc: shutdown LeaderState
2019-09-25 05:06:30,171 [f77bfc29-6991-4b1d-a503-f706c83de4fc@group-B866544E1229:LeaderElection123] INFO  impl.RoleInfo (RoleInfo.java:updateAndGet(143)) - f77bfc29-6991-4b1d-a503-f706c83de4fc: start LeaderState
2019-09-25 05:06:30,188 [f77bfc29-6991-4b1d-a503-f706c83de4fc@group-896477D705A3-SegmentedRaftLogWorker] INFO  impl.PendingRequests (PendingRequests.java:sendNotLeaderResponses(202)) - f77bfc29-6991-4b1d-a503-f706c83de4fc-PendingRequests: sendNotLeaderResponses
2019-09-25 05:06:30,188 [b4fa7d23-6606-45fd-9544-2b08ca3fa933@group-64E57C267E0E-SegmentedRaftLogWorker] INFO  impl.PendingRequests (PendingRequests.java:sendNotLeaderResponses(202)) - b4fa7d23-6606-45fd-9544-2b08ca3fa933-PendingRequests: sendNotLeaderResponses
2019-09-25 05:06:30,187 [c8798e02-7f0c-41f7-82c2-a17323bcf21e@group-07BF07F1A4A3-SegmentedRaftLogWorker] INFO  segmented.SegmentedRaftLogWorker (SegmentedRaftLogWorker.java:close(228)) - c8798e02-7f0c-41f7-82c2-a17323bcf21e@group-07BF07F1A4A3-SegmentedRaftLogWorker close()
2019-09-25 05:06:30,187 [692224c4-5202-4921-98cc-04d5c60c79cc@group-3F1DA00B5D4A-SegmentedRaftLogWorker] INFO  impl.StateMachineUpdater (StateMachineUpdater.java:stopAndJoin(125)) - 692224c4-5202-4921-98cc-04d5c60c79cc@group-3F1DA00B5D4A-StateMachineUpdater: set stopIndex = -1
2019-09-25 05:06:30,187 [692224c4-5202-4921-98cc-04d5c60c79cc@group-A3AB95F92ABD-SegmentedRaftLogWorker] INFO  impl.RaftServerImpl (ServerState.java:close(385)) - 692224c4-5202-4921-98cc-04d5c60c79cc@group-A3AB95F92ABD: closes. applyIndex: -1
2019-09-25 05:06:30,187 [56396258-65a3-478c-9482-0be0199dd49c@group-E36E29956034:LeaderElection128] INFO  segmented.SegmentedRaftLogWorker (SegmentedRaftLogWorker.java:startLogSegment(380)) - 56396258-65a3-478c-9482-0be0199dd49c@group-E36E29956034-SegmentedRaftLogWorker: Starting segment from index:0
2019-09-25 05:06:30,187 [56396258-65a3-478c-9482-0be0199dd49c@group-73E62750B93A-SegmentedRaftLogWorker] INFO  impl.StateMachineUpdater (StateMachineUpdater.java:stopAndJoin(125)) - 56396258-65a3-478c-9482-0be0199dd49c@group-73E62750B93A-StateMachineUpdater: set stopIndex = -1
2019-09-25 05:06:30,189 [56396258-65a3-478c-9482-0be0199dd49c@group-73E62750B93A-SegmentedRaftLogWorker] INFO  impl.RaftServerImpl (ServerState.java:close(385)) - 56396258-65a3-478c-9482-0be0199dd49c@group-73E62750B93A: closes. applyIndex: -1
2019-09-25 05:06:30,186 [f77bfc29-6991-4b1d-a503-f706c83de4fc@group-775BA32C4D58-SegmentedRaftLogWorker] INFO  util.JmxRegister (JmxRegister.java:unregister(73)) - Successfully un-registered JMX Bean with object name Ratis:service=RaftServer,group=group-775BA32C4D58,id=f77bfc29-6991-4b1d-a503-f706c83de4fc
2019-09-25 05:06:30,189 [f77bfc29-6991-4b1d-a503-f706c83de4fc@group-775BA32C4D58-SegmentedRaftLogWorker] INFO  impl.RoleInfo (RoleInfo.java:shutdownLeaderState(104)) - f77bfc29-6991-4b1d-a503-f706c83de4fc: shutdown LeaderState
2019-09-25 05:06:30,186 [b4fa7d23-6606-45fd-9544-2b08ca3fa933@group-E09D7EF96C33:LeaderElection131] INFO  segmented.SegmentedRaftLogWorker (SegmentedRaftLogWorker.java:startLogSegment(380)) - b4fa7d23-6606-45fd-9544-2b08ca3fa933@group-E09D7EF96C33-SegmentedRaftLogWorker: Starting segment from index:0
2019-09-25 05:06:30,186 [36ac27b3-2f11-437d-8f1f-165306b0ff4a@group-14E3DEBF70FE-SegmentedRaftLogWorker] INFO  util.JmxRegister (JmxRegister.java:unregister(73)) - Successfully un-registered JMX Bean with object name Ratis:service=RaftServer,group=group-14E3DEBF70FE,id=36ac27b3-2f11-437d-8f1f-165306b0ff4a
2019-09-25 05:06:30,186 [692224c4-5202-4921-98cc-04d5c60c79cc@group-671CE9E71498-SegmentedRaftLogWorker] INFO  impl.PendingRequests (PendingRequests.java:sendNotLeaderResponses(202)) - 692224c4-5202-4921-98cc-04d5c60c79cc-PendingRequests: sendNotLeaderResponses
2019-09-25 05:06:30,186 [de37f7a0-0375-40a9-a318-404478482fcb@group-E6C1EF877494-SegmentedRaftLogWorker] INFO  impl.StateMachineUpdater (StateMachineUpdater.java:stopAndJoin(125)) - de37f7a0-0375-40a9-a318-404478482fcb@group-E6C1EF877494-StateMachineUpdater: set stopIndex = -1
2019-09-25 05:06:30,190 [692224c4-5202-4921-98cc-04d5c60c79cc@group-671CE9E71498-SegmentedRaftLogWorker] INFO  impl.StateMachineUpdater (StateMachineUpdater.java:stopAndJoin(125)) - 692224c4-5202-4921-98cc-04d5c60c79cc@group-671CE9E71498-StateMachineUpdater: set stopIndex = -1
2019-09-25 05:06:30,186 [f77bfc29-6991-4b1d-a503-f706c83de4fc@group-FD68C919D676-SegmentedRaftLogWorker] INFO  impl.StateMachineUpdater (StateMachineUpdater.java:stopAndJoin(125)) - f77bfc29-6991-4b1d-a503-f706c83de4fc@group-FD68C919D676-StateMachineUpdater: set stopIndex = -1
2019-09-25 05:06:30,186 [f77bfc29-6991-4b1d-a503-f706c83de4fc@group-DD47C436208F-SegmentedRaftLogWorker] INFO  impl.StateMachineUpdater (StateMachineUpdater.java:stopAndJoin(125)) - f77bfc29-6991-4b1d-a503-f706c83de4fc@group-DD47C436208F-StateMachineUpdater: set stopIndex = -1
2019-09-25 05:06:30,190 [f77bfc29-6991-4b1d-a503-f706c83de4fc@group-DD47C436208F-SegmentedRaftLogWorker] INFO  impl.RaftServerImpl (ServerState.java:close(385)) - f77bfc29-6991-4b1d-a503-f706c83de4fc@group-DD47C436208F: closes. applyIndex: -1
2019-09-25 05:06:30,185 [de37f7a0-0375-40a9-a318-404478482fcb@group-4CF977ABCA41-SegmentedRaftLogWorker] INFO  util.JmxRegister (JmxRegister.java:unregister(73)) - Successfully un-registered JMX Bean with object name Ratis:service=RaftServer,group=group-4CF977ABCA41,id=de37f7a0-0375-40a9-a318-404478482fcb
2019-09-25 05:06:30,185 [56396258-65a3-478c-9482-0be0199dd49c@group-FC5E68C66751:LeaderElection140] INFO  server.RaftServerConfigKeys (ConfUtils.java:logGet(43)) - raft.server.watch.element-limit = 65536 (default)
2019-09-25 05:06:30,185 [pool-27-thread-1] INFO  server.RaftServerConfigKeys (ConfUtils.java:logGet(43)) - raft.server.log.statemachine.data.sync.timeout.retry = -1 (default)
2019-09-25 05:06:30,185 [56396258-65a3-478c-9482-0be0199dd49c@group-B63E6DF1E8D2-SegmentedRaftLogWorker] INFO  impl.RoleInfo (RoleInfo.java:shutdownLeaderState(104)) - 56396258-65a3-478c-9482-0be0199dd49c: shutdown LeaderState
2019-09-25 05:06:30,184 [56396258-65a3-478c-9482-0be0199dd49c@group-BF325A081794-SegmentedRaftLogWorker] INFO  impl.PendingRequests (PendingRequests.java:sendNotLeaderResponses(202)) - 56396258-65a3-478c-9482-0be0199dd49c-PendingRequests: sendNotLeaderResponses
2019-09-25 05:06:30,184 [c8798e02-7f0c-41f7-82c2-a17323bcf21e@group-D18EEAF46E97-SegmentedRaftLogWorker] INFO  impl.StateMachineUpdater (StateMachineUpdater.java:stopAndJoin(125)) - c8798e02-7f0c-41f7-82c2-a17323bcf21e@group-D18EEAF46E97-StateMachineUpdater: set stopIndex = -1
2019-09-25 05:06:30,191 [56396258-65a3-478c-9482-0be0199dd49c@group-BF325A081794-SegmentedRaftLogWorker] INFO  impl.StateMachineUpdater (StateMachineUpdater.java:stopAndJoin(125)) - 56396258-65a3-478c-9482-0be0199dd49c@group-BF325A081794-StateMachineUpdater: set stopIndex = -1
2019-09-25 05:06:30,184 [f77bfc29-6991-4b1d-a503-f706c83de4fc@group-0224D9BF4A68-SegmentedRaftLogWorker] INFO  impl.StateMachineUpdater (StateMachineUpdater.java:stopAndJoin(125)) - f77bfc29-6991-4b1d-a503-f706c83de4fc@group-0224D9BF4A68-StateMachineUpdater: set stopIndex = -1
2019-09-25 05:06:30,184 [c8798e02-7f0c-41f7-82c2-a17323bcf21e@group-7F09E26EF688-SegmentedRaftLogWorker] INFO  impl.RoleInfo (RoleInfo.java:shutdownLeaderState(104)) - c8798e02-7f0c-41f7-82c2-a17323bcf21e: shutdown LeaderState
2019-09-25 05:06:30,183 [b4fa7d23-6606-45fd-9544-2b08ca3fa933@group-A43BB86F38DC:LeaderElection129] INFO  segmented.SegmentedRaftLogWorker (SegmentedRaftLogWorker.java:startLogSegment(380)) - b4fa7d23-6606-45fd-9544-2b08ca3fa933@group-A43BB86F38DC-SegmentedRaftLogWorker: Starting segment from index:0
2019-09-25 05:06:30,183 [b4fa7d23-6606-45fd-9544-2b08ca3fa933@group-24A5F312D09B-SegmentedRaftLogWorker] INFO  segmented.SegmentedRaftLogWorker (SegmentedRaftLogWorker.java:close(228)) - b4fa7d23-6606-45fd-9544-2b08ca3fa933@group-24A5F312D09B-SegmentedRaftLogWorker close()
2019-09-25 05:06:30,183 [56396258-65a3-478c-9482-0be0199dd49c@group-5767B56274DA-SegmentedRaftLogWorker] INFO  impl.RoleInfo (RoleInfo.java:shutdownLeaderState(104)) - 56396258-65a3-478c-9482-0be0199dd49c: shutdown LeaderState
2019-09-25 05:06:30,183 [pool-37-thread-1] INFO  impl.RaftServerImpl (ServerState.java:<init>(103)) - 36ac27b3-2f11-437d-8f1f-165306b0ff4a@group-91F3DF1D9994: ConfigurationManager, init=-1: [36ac27b3-2f11-437d-8f1f-165306b0ff4a:192.168.30.10:45265, 56396258-65a3-478c-9482-0be0199dd49c:192.168.30.10:41678, f77bfc29-6991-4b1d-a503-f706c83de4fc:192.168.30.10:35112], old=null, confs=<EMPTY_MAP>
2019-09-25 05:06:30,183 [b4fa7d23-6606-45fd-9544-2b08ca3fa933@group-57C0E81ED09A:LeaderElection135] INFO  segmented.SegmentedRaftLogWorker (SegmentedRaftLogWorker.java:startLogSegment(380)) - b4fa7d23-6606-45fd-9544-2b08ca3fa933@group-57C0E81ED09A-SegmentedRaftLogWorker: Starting segment from index:0
2019-09-25 05:06:30,192 [pool-37-thread-1] INFO  server.RaftServerConfigKeys (ConfUtils.java:logGet(43)) - raft.server.storage.dir = [/workdir/hadoop-ozone/integration-test/target/test-dir/MiniOzoneClusterImpl-23306158-e895-4fc7-80df-ce6c264c388b/datanode-1/data/ratis] (custom)
2019-09-25 05:06:30,183 [56396258-65a3-478c-9482-0be0199dd49c@group-D960DA882FC6:LeaderElection138] INFO  impl.RoleInfo (RoleInfo.java:updateAndGet(143)) - 56396258-65a3-478c-9482-0be0199dd49c: start LeaderState
2019-09-25 05:06:30,182 [f77bfc29-6991-4b1d-a503-f706c83de4fc@group-4DD93346DA3C-SegmentedRaftLogWorker] INFO  impl.RoleInfo (RoleInfo.java:shutdownLeaderState(104)) - f77bfc29-6991-4b1d-a503-f706c83de4fc: shutdown LeaderState
2019-09-25 05:06:30,182 [de37f7a0-0375-40a9-a318-404478482fcb@group-B581BAE74188:LeaderElection137] INFO  impl.RoleInfo (RoleInfo.java:updateAndGet(143)) - de37f7a0-0375-40a9-a318-404478482fcb: start LeaderState
2019-09-25 05:06:30,182 [de37f7a0-0375-40a9-a318-404478482fcb@group-C088ACFB0C23:LeaderElection134] INFO  impl.RoleInfo (RoleInfo.java:updateAndGet(143)) - de37f7a0-0375-40a9-a318-404478482fcb: start LeaderState
2019-09-25 05:06:30,182 [pool-77-thread-1] INFO  server.RaftServerConfigKeys (ConfUtils.java:logGet(43)) - raft.server.rpcslowness.timeout = 120s (custom)
2019-09-25 05:06:30,182 [de37f7a0-0375-40a9-a318-404478482fcb@group-42158A371DC1-SegmentedRaftLogWorker] INFO  impl.RaftServerImpl (ServerState.java:close(385)) - de37f7a0-0375-40a9-a318-404478482fcb@group-42158A371DC1: closes. applyIndex: -1
2019-09-25 05:06:30,182 [c8798e02-7f0c-41f7-82c2-a17323bcf21e@group-82E6436EE4C4:LeaderElection132] INFO  segmented.SegmentedRaftLogWorker (SegmentedRaftLogWorker.java:startLogSegment(380)) - c8798e02-7f0c-41f7-82c2-a17323bcf21e@group-82E6436EE4C4-SegmentedRaftLogWorker: Starting segment from index:0
2019-09-25 05:06:30,182 [56396258-65a3-478c-9482-0be0199dd49c@group-78B68D5662A6-SegmentedRaftLogWorker] INFO  util.JmxRegister (JmxRegister.java:unregister(73)) - Successfully un-registered JMX Bean with object name Ratis:service=RaftServer,group=group-78B68D5662A6,id=56396258-65a3-478c-9482-0be0199dd49c
2019-09-25 05:06:30,182 [b4fa7d23-6606-45fd-9544-2b08ca3fa933@group-184F6EE9DFE2:LeaderElection136] INFO  impl.RoleInfo (RoleInfo.java:updateAndGet(143)) - b4fa7d23-6606-45fd-9544-2b08ca3fa933: start LeaderState
2019-09-25 05:06:30,181 [36ac27b3-2f11-437d-8f1f-165306b0ff4a@group-F5C962B5449B-SegmentedRaftLogWorker] INFO  impl.RaftServerImpl (ServerState.java:close(385)) - 36ac27b3-2f11-437d-8f1f-165306b0ff4a@group-F5C962B5449B: closes. applyIndex: -1
2019-09-25 05:06:30,181 [56396258-65a3-478c-9482-0be0199dd49c@group-33166F81F61A-SegmentedRaftLogWorker] INFO  util.JmxRegister (JmxRegister.java:unregister(73)) - Successfully un-registered JMX Bean with object name Ratis:service=RaftServer,group=group-33166F81F61A,id=56396258-65a3-478c-9482-0be0199dd49c
2019-09-25 05:06:30,194 [56396258-65a3-478c-9482-0be0199dd49c@group-33166F81F61A-SegmentedRaftLogWorker] INFO  impl.RoleInfo (RoleInfo.java:shutdownLeaderState(104)) - 56396258-65a3-478c-9482-0be0199dd49c: shutdown LeaderState
2019-09-25 05:06:30,181 [f77bfc29-6991-4b1d-a503-f706c83de4fc@group-40FD7941FFE1:LeaderElection133] INFO  segmented.SegmentedRaftLogWorker (SegmentedRaftLogWorker.java:startLogSegment(380)) - f77bfc29-6991-4b1d-a503-f706c83de4fc@group-40FD7941FFE1-SegmentedRaftLogWorker: Starting segment from index:0
2019-09-25 05:06:30,181 [692224c4-5202-4921-98cc-04d5c60c79cc@group-BA4E288B6498-SegmentedRaftLogWorker] INFO  util.JmxRegister (JmxRegister.java:unregister(73)) - Successfully un-registered JMX Bean with object name Ratis:service=RaftServer,group=group-BA4E288B6498,id=692224c4-5202-4921-98cc-04d5c60c79cc
2019-09-25 05:06:30,181 [692224c4-5202-4921-98cc-04d5c60c79cc@group-6FAF7513986D-SegmentedRaftLogWorker] INFO  util.JmxRegister (JmxRegister.java:unregister(73)) - Successfully un-registered JMX Bean with object name Ratis:service=RaftServer,group=group-6FAF7513986D,id=692224c4-5202-4921-98cc-04d5c60c79cc
2019-09-25 05:06:30,195 [692224c4-5202-4921-98cc-04d5c60c79cc@group-BA4E288B6498-SegmentedRaftLogWorker] INFO  impl.RoleInfo (RoleInfo.java:shutdownLeaderState(104)) - 692224c4-5202-4921-98cc-04d5c60c79cc: shutdown LeaderState
2019-09-25 05:06:30,194 [56396258-65a3-478c-9482-0be0199dd49c@group-33166F81F61A-SegmentedRaftLogWorker] INFO  impl.PendingRequests (PendingRequests.java:sendNotLeaderResponses(202)) - 56396258-65a3-478c-9482-0be0199dd49c-PendingRequests: sendNotLeaderResponses
2019-09-25 05:06:30,194 [36ac27b3-2f11-437d-8f1f-165306b0ff4a@group-F5C962B5449B-SegmentedRaftLogWorker] INFO  segmented.SegmentedRaftLogWorker (SegmentedRaftLogWorker.java:close(228)) - 36ac27b3-2f11-437d-8f1f-165306b0ff4a@group-F5C962B5449B-SegmentedRaftLogWorker close()
2019-09-25 05:06:30,194 [b4fa7d23-6606-45fd-9544-2b08ca3fa933@group-184F6EE9DFE2:LeaderElection136] INFO  segmented.SegmentedRaftLogWorker (SegmentedRaftLogWorker.java:startLogSegment(380)) - b4fa7d23-6606-45fd-9544-2b08ca3fa933@group-184F6EE9DFE2-SegmentedRaftLogWorker: Starting segment from index:0
2019-09-25 05:06:30,194 [56396258-65a3-478c-9482-0be0199dd49c@group-78B68D5662A6-SegmentedRaftLogWorker] INFO  impl.RoleInfo (RoleInfo.java:shutdownLeaderState(104)) - 56396258-65a3-478c-9482-0be0199dd49c: shutdown LeaderState
2019-09-25 05:06:30,193 [de37f7a0-0375-40a9-a318-404478482fcb@group-42158A371DC1-SegmentedRaftLogWorker] INFO  segmented.SegmentedRaftLogWorker (SegmentedRaftLogWorker.java:close(228)) - de37f7a0-0375-40a9-a318-404478482fcb@group-42158A371DC1-SegmentedRaftLogWorker close()
2019-09-25 05:06:30,193 [pool-77-thread-1] INFO  server.RaftServerConfigKeys (ConfUtils.java:logGet(43)) - raft.server.sleep.deviation.threshold = 300 (default)
2019-09-25 05:06:30,196 [pool-77-thread-1] INFO  server.RaftServerConfigKeys (ConfUtils.java:logGet(43)) - raft.server.log.appender.install.snapshot.enabled = false (custom)
2019-09-25 05:06:30,193 [de37f7a0-0375-40a9-a318-404478482fcb@group-C088ACFB0C23:LeaderElection134] INFO  segmented.SegmentedRaftLogWorker (SegmentedRaftLogWorker.java:startLogSegment(380)) - de37f7a0-0375-40a9-a318-404478482fcb@group-C088ACFB0C23-SegmentedRaftLogWorker: Starting segment from index:0
2019-09-25 05:06:30,193 [de37f7a0-0375-40a9-a318-404478482fcb@group-B581BAE74188:LeaderElection137] INFO  segmented.SegmentedRaftLogWorker (SegmentedRaftLogWorker.java:startLogSegment(380)) - de37f7a0-0375-40a9-a318-404478482fcb@group-B581BAE74188-SegmentedRaftLogWorker: Starting segment from index:0
2019-09-25 05:06:30,193 [pool-37-thread-1] INFO  storage.RaftStorageDirectory (RaftStorageDirectory.java:analyzeStorage(246)) - The storage directory /workdir/hadoop-ozone/integration-test/target/test-dir/MiniOzoneClusterImpl-23306158-e895-4fc7-80df-ce6c264c388b/datanode-1/data/ratis/0c00dc2e-d966-4b5f-ad7b-91f3df1d9994 does not exist. Creating ...
2019-09-25 05:06:30,193 [f77bfc29-6991-4b1d-a503-f706c83de4fc@group-4DD93346DA3C-SegmentedRaftLogWorker] INFO  impl.PendingRequests (PendingRequests.java:sendNotLeaderResponses(202)) - f77bfc29-6991-4b1d-a503-f706c83de4fc-PendingRequests: sendNotLeaderResponses
2019-09-25 05:06:30,193 [56396258-65a3-478c-9482-0be0199dd49c@group-D960DA882FC6:LeaderElection138] INFO  segmented.SegmentedRaftLogWorker (SegmentedRaftLogWorker.java:startLogSegment(380)) - 56396258-65a3-478c-9482-0be0199dd49c@group-D960DA882FC6-SegmentedRaftLogWorker: Starting segment from index:0
2019-09-25 05:06:30,192 [56396258-65a3-478c-9482-0be0199dd49c@group-5767B56274DA-SegmentedRaftLogWorker] INFO  impl.PendingRequests (PendingRequests.java:sendNotLeaderResponses(202)) - 56396258-65a3-478c-9482-0be0199dd49c-PendingRequests: sendNotLeaderResponses
2019-09-25 05:06:30,191 [c8798e02-7f0c-41f7-82c2-a17323bcf21e@group-7F09E26EF688-SegmentedRaftLogWorker] INFO  impl.PendingRequests (PendingRequests.java:sendNotLeaderResponses(202)) - c8798e02-7f0c-41f7-82c2-a17323bcf21e-PendingRequests: sendNotLeaderResponses
2019-09-25 05:06:30,191 [56396258-65a3-478c-9482-0be0199dd49c@group-BF325A081794-SegmentedRaftLogWorker] INFO  impl.RaftServerImpl (ServerState.java:close(385)) - 56396258-65a3-478c-9482-0be0199dd49c@group-BF325A081794: closes. applyIndex: -1
2019-09-25 05:06:30,191 [f77bfc29-6991-4b1d-a503-f706c83de4fc@group-0224D9BF4A68-SegmentedRaftLogWorker] INFO  impl.RaftServerImpl (ServerState.java:close(385)) - f77bfc29-6991-4b1d-a503-f706c83de4fc@group-0224D9BF4A68: closes. applyIndex: -1
2019-09-25 05:06:30,191 [c8798e02-7f0c-41f7-82c2-a17323bcf21e@group-D18EEAF46E97-SegmentedRaftLogWorker] INFO  impl.RaftServerImpl (ServerState.java:close(385)) - c8798e02-7f0c-41f7-82c2-a17323bcf21e@group-D18EEAF46E97: closes. applyIndex: -1
2019-09-25 05:06:30,191 [56396258-65a3-478c-9482-0be0199dd49c@group-B63E6DF1E8D2-SegmentedRaftLogWorker] INFO  impl.PendingRequests (PendingRequests.java:sendNotLeaderResponses(202)) - 56396258-65a3-478c-9482-0be0199dd49c-PendingRequests: sendNotLeaderResponses
2019-09-25 05:06:30,190 [de37f7a0-0375-40a9-a318-404478482fcb@group-4CF977ABCA41-SegmentedRaftLogWorker] INFO  impl.RoleInfo (RoleInfo.java:shutdownLeaderState(104)) - de37f7a0-0375-40a9-a318-404478482fcb: shutdown LeaderState
2019-09-25 05:06:30,190 [f77bfc29-6991-4b1d-a503-f706c83de4fc@group-DD47C436208F-SegmentedRaftLogWorker] INFO  segmented.SegmentedRaftLogWorker (SegmentedRaftLogWorker.java:close(228)) - f77bfc29-6991-4b1d-a503-f706c83de4fc@group-DD47C436208F-SegmentedRaftLogWorker close()
2019-09-25 05:06:30,190 [f77bfc29-6991-4b1d-a503-f706c83de4fc@group-FD68C919D676-SegmentedRaftLogWorker] INFO  impl.RaftServerImpl (ServerState.java:close(385)) - f77bfc29-6991-4b1d-a503-f706c83de4fc@group-FD68C919D676: closes. applyIndex: -1
2019-09-25 05:06:30,190 [692224c4-5202-4921-98cc-04d5c60c79cc@group-671CE9E71498-SegmentedRaftLogWorker] INFO  impl.RaftServerImpl (ServerState.java:close(385)) - 692224c4-5202-4921-98cc-04d5c60c79cc@group-671CE9E71498: closes. applyIndex: -1
2019-09-25 05:06:30,190 [de37f7a0-0375-40a9-a318-404478482fcb@group-E6C1EF877494-SegmentedRaftLogWorker] INFO  impl.RaftServerImpl (ServerState.java:close(385)) - de37f7a0-0375-40a9-a318-404478482fcb@group-E6C1EF877494: closes. applyIndex: -1
2019-09-25 05:06:30,190 [36ac27b3-2f11-437d-8f1f-165306b0ff4a@group-14E3DEBF70FE-SegmentedRaftLogWorker] INFO  impl.RoleInfo (RoleInfo.java:shutdownLeaderState(104)) - 36ac27b3-2f11-437d-8f1f-165306b0ff4a: shutdown LeaderState
2019-09-25 05:06:30,189 [f77bfc29-6991-4b1d-a503-f706c83de4fc@group-775BA32C4D58-SegmentedRaftLogWorker] INFO  impl.PendingRequests (PendingRequests.java:sendNotLeaderResponses(202)) - f77bfc29-6991-4b1d-a503-f706c83de4fc-PendingRequests: sendNotLeaderResponses
2019-09-25 05:06:30,189 [56396258-65a3-478c-9482-0be0199dd49c@group-73E62750B93A-SegmentedRaftLogWorker] INFO  segmented.SegmentedRaftLogWorker (SegmentedRaftLogWorker.java:close(228)) - 56396258-65a3-478c-9482-0be0199dd49c@group-73E62750B93A-SegmentedRaftLogWorker close()
2019-09-25 05:06:30,189 [692224c4-5202-4921-98cc-04d5c60c79cc@group-A3AB95F92ABD-SegmentedRaftLogWorker] INFO  segmented.SegmentedRaftLogWorker (SegmentedRaftLogWorker.java:close(228)) - 692224c4-5202-4921-98cc-04d5c60c79cc@group-A3AB95F92ABD-SegmentedRaftLogWorker close()
2019-09-25 05:06:30,188 [692224c4-5202-4921-98cc-04d5c60c79cc@group-3F1DA00B5D4A-SegmentedRaftLogWorker] INFO  impl.RaftServerImpl (ServerState.java:close(385)) - 692224c4-5202-4921-98cc-04d5c60c79cc@group-3F1DA00B5D4A: closes. applyIndex: -1
2019-09-25 05:06:30,188 [b4fa7d23-6606-45fd-9544-2b08ca3fa933@group-64E57C267E0E-SegmentedRaftLogWorker] INFO  impl.StateMachineUpdater (StateMachineUpdater.java:stopAndJoin(125)) - b4fa7d23-6606-45fd-9544-2b08ca3fa933@group-64E57C267E0E-StateMachineUpdater: set stopIndex = -1
2019-09-25 05:06:30,188 [f77bfc29-6991-4b1d-a503-f706c83de4fc@group-896477D705A3-SegmentedRaftLogWorker] INFO  impl.StateMachineUpdater (StateMachineUpdater.java:stopAndJoin(125)) - f77bfc29-6991-4b1d-a503-f706c83de4fc@group-896477D705A3-StateMachineUpdater: set stopIndex = -1
2019-09-25 05:06:30,188 [f77bfc29-6991-4b1d-a503-f706c83de4fc@group-B866544E1229:LeaderElection123] INFO  segmented.SegmentedRaftLogWorker (SegmentedRaftLogWorker.java:startLogSegment(380)) - f77bfc29-6991-4b1d-a503-f706c83de4fc@group-B866544E1229-SegmentedRaftLogWorker: Starting segment from index:0
2019-09-25 05:06:30,200 [f77bfc29-6991-4b1d-a503-f706c83de4fc@group-896477D705A3-SegmentedRaftLogWorker] INFO  impl.RaftServerImpl (ServerState.java:close(385)) - f77bfc29-6991-4b1d-a503-f706c83de4fc@group-896477D705A3: closes. applyIndex: -1
2019-09-25 05:06:30,200 [b4fa7d23-6606-45fd-9544-2b08ca3fa933@group-64E57C267E0E-SegmentedRaftLogWorker] INFO  impl.RaftServerImpl (ServerState.java:close(385)) - b4fa7d23-6606-45fd-9544-2b08ca3fa933@group-64E57C267E0E: closes. applyIndex: -1
2019-09-25 05:06:30,200 [692224c4-5202-4921-98cc-04d5c60c79cc@group-3F1DA00B5D4A-SegmentedRaftLogWorker] INFO  segmented.SegmentedRaftLogWorker (SegmentedRaftLogWorker.java:close(228)) - 692224c4-5202-4921-98cc-04d5c60c79cc@group-3F1DA00B5D4A-SegmentedRaftLogWorker close()
2019-09-25 05:06:30,199 [f77bfc29-6991-4b1d-a503-f706c83de4fc@group-775BA32C4D58-SegmentedRaftLogWorker] INFO  impl.StateMachineUpdater (StateMachineUpdater.java:stopAndJoin(125)) - f77bfc29-6991-4b1d-a503-f706c83de4fc@group-775BA32C4D58-StateMachineUpdater: set stopIndex = -1
2019-09-25 05:06:30,199 [36ac27b3-2f11-437d-8f1f-165306b0ff4a@group-14E3DEBF70FE-SegmentedRaftLogWorker] INFO  impl.PendingRequests (PendingRequests.java:sendNotLeaderResponses(202)) - 36ac27b3-2f11-437d-8f1f-165306b0ff4a-PendingRequests: sendNotLeaderResponses
2019-09-25 05:06:30,199 [de37f7a0-0375-40a9-a318-404478482fcb@group-E6C1EF877494-SegmentedRaftLogWorker] INFO  segmented.SegmentedRaftLogWorker (SegmentedRaftLogWorker.java:close(228)) - de37f7a0-0375-40a9-a318-404478482fcb@group-E6C1EF877494-SegmentedRaftLogWorker close()
2019-09-25 05:06:30,199 [692224c4-5202-4921-98cc-04d5c60c79cc@group-671CE9E71498-SegmentedRaftLogWorker] INFO  segmented.SegmentedRaftLogWorker (SegmentedRaftLogWorker.java:close(228)) - 692224c4-5202-4921-98cc-04d5c60c79cc@group-671CE9E71498-SegmentedRaftLogWorker close()
2019-09-25 05:06:30,198 [f77bfc29-6991-4b1d-a503-f706c83de4fc@group-FD68C919D676-SegmentedRaftLogWorker] INFO  segmented.SegmentedRaftLogWorker (SegmentedRaftLogWorker.java:close(228)) - f77bfc29-6991-4b1d-a503-f706c83de4fc@group-FD68C919D676-SegmentedRaftLogWorker close()
2019-09-25 05:06:30,198 [de37f7a0-0375-40a9-a318-404478482fcb@group-4CF977ABCA41-SegmentedRaftLogWorker] INFO  impl.PendingRequests (PendingRequests.java:sendNotLeaderResponses(202)) - de37f7a0-0375-40a9-a318-404478482fcb-PendingRequests: sendNotLeaderResponses
2019-09-25 05:06:30,198 [56396258-65a3-478c-9482-0be0199dd49c@group-B63E6DF1E8D2-SegmentedRaftLogWorker] INFO  impl.StateMachineUpdater (StateMachineUpdater.java:stopAndJoin(125)) - 56396258-65a3-478c-9482-0be0199dd49c@group-B63E6DF1E8D2-StateMachineUpdater: set stopIndex = -1
2019-09-25 05:06:30,201 [56396258-65a3-478c-9482-0be0199dd49c@group-B63E6DF1E8D2-SegmentedRaftLogWorker] INFO  impl.RaftServerImpl (ServerState.java:close(385)) - 56396258-65a3-478c-9482-0be0199dd49c@group-B63E6DF1E8D2: closes. applyIndex: -1
2019-09-25 05:06:30,198 [c8798e02-7f0c-41f7-82c2-a17323bcf21e@group-D18EEAF46E97-SegmentedRaftLogWorker] INFO  segmented.SegmentedRaftLogWorker (SegmentedRaftLogWorker.java:close(228)) - c8798e02-7f0c-41f7-82c2-a17323bcf21e@group-D18EEAF46E97-SegmentedRaftLogWorker close()
2019-09-25 05:06:30,198 [f77bfc29-6991-4b1d-a503-f706c83de4fc@group-0224D9BF4A68-SegmentedRaftLogWorker] INFO  segmented.SegmentedRaftLogWorker (SegmentedRaftLogWorker.java:close(228)) - f77bfc29-6991-4b1d-a503-f706c83de4fc@group-0224D9BF4A68-SegmentedRaftLogWorker close()
2019-09-25 05:06:30,197 [56396258-65a3-478c-9482-0be0199dd49c@group-BF325A081794-SegmentedRaftLogWorker] INFO  segmented.SegmentedRaftLogWorker (SegmentedRaftLogWorker.java:close(228)) - 56396258-65a3-478c-9482-0be0199dd49c@group-BF325A081794-SegmentedRaftLogWorker close()
2019-09-25 05:06:30,197 [c8798e02-7f0c-41f7-82c2-a17323bcf21e@group-7F09E26EF688-SegmentedRaftLogWorker] INFO  impl.StateMachineUpdater (StateMachineUpdater.java:stopAndJoin(125)) - c8798e02-7f0c-41f7-82c2-a17323bcf21e@group-7F09E26EF688-StateMachineUpdater: set stopIndex = -1
2019-09-25 05:06:30,202 [c8798e02-7f0c-41f7-82c2-a17323bcf21e@group-7F09E26EF688-SegmentedRaftLogWorker] INFO  impl.RaftServerImpl (ServerState.java:close(385)) - c8798e02-7f0c-41f7-82c2-a17323bcf21e@group-7F09E26EF688: closes. applyIndex: -1
2019-09-25 05:06:30,197 [56396258-65a3-478c-9482-0be0199dd49c@group-5767B56274DA-SegmentedRaftLogWorker] INFO  impl.StateMachineUpdater (StateMachineUpdater.java:stopAndJoin(125)) - 56396258-65a3-478c-9482-0be0199dd49c@group-5767B56274DA-StateMachineUpdater: set stopIndex = -1
2019-09-25 05:06:30,197 [f77bfc29-6991-4b1d-a503-f706c83de4fc@group-4DD93346DA3C-SegmentedRaftLogWorker] INFO  impl.StateMachineUpdater (StateMachineUpdater.java:stopAndJoin(125)) - f77bfc29-6991-4b1d-a503-f706c83de4fc@group-4DD93346DA3C-StateMachineUpdater: set stopIndex = -1
2019-09-25 05:06:30,196 [pool-77-thread-1] INFO  impl.RaftServerImpl (ServerState.java:<init>(103)) - b4fa7d23-6606-45fd-9544-2b08ca3fa933@group-2B0CB06791EF: ConfigurationManager, init=-1: [b4fa7d23-6606-45fd-9544-2b08ca3fa933:192.168.30.10:34493, 56396258-65a3-478c-9482-0be0199dd49c:192.168.30.10:41678, 36ac27b3-2f11-437d-8f1f-165306b0ff4a:192.168.30.10:45265], old=null, confs=<EMPTY_MAP>
2019-09-25 05:06:30,196 [56396258-65a3-478c-9482-0be0199dd49c@group-78B68D5662A6-SegmentedRaftLogWorker] INFO  impl.PendingRequests (PendingRequests.java:sendNotLeaderResponses(202)) - 56396258-65a3-478c-9482-0be0199dd49c-PendingRequests: sendNotLeaderResponses
2019-09-25 05:06:30,195 [56396258-65a3-478c-9482-0be0199dd49c@group-33166F81F61A-SegmentedRaftLogWorker] INFO  impl.StateMachineUpdater (StateMachineUpdater.java:stopAndJoin(125)) - 56396258-65a3-478c-9482-0be0199dd49c@group-33166F81F61A-StateMachineUpdater: set stopIndex = -1
2019-09-25 05:06:30,203 [56396258-65a3-478c-9482-0be0199dd49c@group-33166F81F61A-SegmentedRaftLogWorker] INFO  impl.RaftServerImpl (ServerState.java:close(385)) - 56396258-65a3-478c-9482-0be0199dd49c@group-33166F81F61A: closes. applyIndex: -1
2019-09-25 05:06:30,195 [692224c4-5202-4921-98cc-04d5c60c79cc@group-BA4E288B6498-SegmentedRaftLogWorker] INFO  impl.PendingRequests (PendingRequests.java:sendNotLeaderResponses(202)) - 692224c4-5202-4921-98cc-04d5c60c79cc-PendingRequests: sendNotLeaderResponses
2019-09-25 05:06:30,195 [692224c4-5202-4921-98cc-04d5c60c79cc@group-6FAF7513986D-SegmentedRaftLogWorker] INFO  impl.RoleInfo (RoleInfo.java:shutdownLeaderState(104)) - 692224c4-5202-4921-98cc-04d5c60c79cc: shutdown LeaderState
2019-09-25 05:06:30,203 [692224c4-5202-4921-98cc-04d5c60c79cc@group-BA4E288B6498-SegmentedRaftLogWorker] INFO  impl.StateMachineUpdater (StateMachineUpdater.java:stopAndJoin(125)) - 692224c4-5202-4921-98cc-04d5c60c79cc@group-BA4E288B6498-StateMachineUpdater: set stopIndex = -1
2019-09-25 05:06:30,203 [56396258-65a3-478c-9482-0be0199dd49c@group-33166F81F61A-SegmentedRaftLogWorker] INFO  segmented.SegmentedRaftLogWorker (SegmentedRaftLogWorker.java:close(228)) - 56396258-65a3-478c-9482-0be0199dd49c@group-33166F81F61A-SegmentedRaftLogWorker close()
2019-09-25 05:06:30,203 [56396258-65a3-478c-9482-0be0199dd49c@group-78B68D5662A6-SegmentedRaftLogWorker] INFO  impl.StateMachineUpdater (StateMachineUpdater.java:stopAndJoin(125)) - 56396258-65a3-478c-9482-0be0199dd49c@group-78B68D5662A6-StateMachineUpdater: set stopIndex = -1
2019-09-25 05:06:30,204 [56396258-65a3-478c-9482-0be0199dd49c@group-78B68D5662A6-SegmentedRaftLogWorker] INFO  impl.RaftServerImpl (ServerState.java:close(385)) - 56396258-65a3-478c-9482-0be0199dd49c@group-78B68D5662A6: closes. applyIndex: -1
2019-09-25 05:06:30,203 [pool-77-thread-1] INFO  server.RaftServerConfigKeys (ConfUtils.java:logGet(43)) - raft.server.storage.dir = [/workdir/hadoop-ozone/integration-test/target/test-dir/MiniOzoneClusterImpl-23306158-e895-4fc7-80df-ce6c264c388b/datanode-5/data/ratis] (custom)
2019-09-25 05:06:30,203 [f77bfc29-6991-4b1d-a503-f706c83de4fc@group-4DD93346DA3C-SegmentedRaftLogWorker] INFO  impl.RaftServerImpl (ServerState.java:close(385)) - f77bfc29-6991-4b1d-a503-f706c83de4fc@group-4DD93346DA3C: closes. applyIndex: -1
2019-09-25 05:06:30,202 [56396258-65a3-478c-9482-0be0199dd49c@group-5767B56274DA-SegmentedRaftLogWorker] INFO  impl.RaftServerImpl (ServerState.java:close(385)) - 56396258-65a3-478c-9482-0be0199dd49c@group-5767B56274DA: closes. applyIndex: -1
2019-09-25 05:06:30,202 [c8798e02-7f0c-41f7-82c2-a17323bcf21e@group-7F09E26EF688-SegmentedRaftLogWorker] INFO  segmented.SegmentedRaftLogWorker (SegmentedRaftLogWorker.java:close(228)) - c8798e02-7f0c-41f7-82c2-a17323bcf21e@group-7F09E26EF688-SegmentedRaftLogWorker close()
2019-09-25 05:06:30,202 [56396258-65a3-478c-9482-0be0199dd49c@group-B63E6DF1E8D2-SegmentedRaftLogWorker] INFO  segmented.SegmentedRaftLogWorker (SegmentedRaftLogWorker.java:close(228)) - 56396258-65a3-478c-9482-0be0199dd49c@group-B63E6DF1E8D2-SegmentedRaftLogWorker close()
2019-09-25 05:06:30,201 [de37f7a0-0375-40a9-a318-404478482fcb@group-4CF977ABCA41-SegmentedRaftLogWorker] INFO  impl.StateMachineUpdater (StateMachineUpdater.java:stopAndJoin(125)) - de37f7a0-0375-40a9-a318-404478482fcb@group-4CF977ABCA41-StateMachineUpdater: set stopIndex = -1
2019-09-25 05:06:30,201 [36ac27b3-2f11-437d-8f1f-165306b0ff4a@group-14E3DEBF70FE-SegmentedRaftLogWorker] INFO  impl.StateMachineUpdater (StateMachineUpdater.java:stopAndJoin(125)) - 36ac27b3-2f11-437d-8f1f-165306b0ff4a@group-14E3DEBF70FE-StateMachineUpdater: set stopIndex = -1
2019-09-25 05:06:30,201 [f77bfc29-6991-4b1d-a503-f706c83de4fc@group-775BA32C4D58-SegmentedRaftLogWorker] INFO  impl.RaftServerImpl (ServerState.java:close(385)) - f77bfc29-6991-4b1d-a503-f706c83de4fc@group-775BA32C4D58: closes. applyIndex: -1
2019-09-25 05:06:30,200 [b4fa7d23-6606-45fd-9544-2b08ca3fa933@group-64E57C267E0E-SegmentedRaftLogWorker] INFO  segmented.SegmentedRaftLogWorker (SegmentedRaftLogWorker.java:close(228)) - b4fa7d23-6606-45fd-9544-2b08ca3fa933@group-64E57C267E0E-SegmentedRaftLogWorker close()
2019-09-25 05:06:30,200 [f77bfc29-6991-4b1d-a503-f706c83de4fc@group-896477D705A3-SegmentedRaftLogWorker] INFO  segmented.SegmentedRaftLogWorker (SegmentedRaftLogWorker.java:close(228)) - f77bfc29-6991-4b1d-a503-f706c83de4fc@group-896477D705A3-SegmentedRaftLogWorker close()
2019-09-25 05:06:30,205 [f77bfc29-6991-4b1d-a503-f706c83de4fc@group-775BA32C4D58-SegmentedRaftLogWorker] INFO  segmented.SegmentedRaftLogWorker (SegmentedRaftLogWorker.java:close(228)) - f77bfc29-6991-4b1d-a503-f706c83de4fc@group-775BA32C4D58-SegmentedRaftLogWorker close()
2019-09-25 05:06:30,205 [36ac27b3-2f11-437d-8f1f-165306b0ff4a@group-14E3DEBF70FE-SegmentedRaftLogWorker] INFO  impl.RaftServerImpl (ServerState.java:close(385)) - 36ac27b3-2f11-437d-8f1f-165306b0ff4a@group-14E3DEBF70FE: closes. applyIndex: -1
2019-09-25 05:06:30,205 [de37f7a0-0375-40a9-a318-404478482fcb@group-4CF977ABCA41-SegmentedRaftLogWorker] INFO  impl.RaftServerImpl (ServerState.java:close(385)) - de37f7a0-0375-40a9-a318-404478482fcb@group-4CF977ABCA41: closes. applyIndex: -1
2019-09-25 05:06:30,205 [pool-77-thread-1] INFO  storage.RaftStorageDirectory (RaftStorageDirectory.java:analyzeStorage(246)) - The storage directory /workdir/hadoop-ozone/integration-test/target/test-dir/MiniOzoneClusterImpl-23306158-e895-4fc7-80df-ce6c264c388b/datanode-5/data/ratis/09bb0109-2b0d-49eb-9517-2b0cb06791ef does not exist. Creating ...
2019-09-25 05:06:30,206 [de37f7a0-0375-40a9-a318-404478482fcb@group-4CF977ABCA41-SegmentedRaftLogWorker] INFO  segmented.SegmentedRaftLogWorker (SegmentedRaftLogWorker.java:close(228)) - de37f7a0-0375-40a9-a318-404478482fcb@group-4CF977ABCA41-SegmentedRaftLogWorker close()
2019-09-25 05:06:30,204 [56396258-65a3-478c-9482-0be0199dd49c@group-5767B56274DA-SegmentedRaftLogWorker] INFO  segmented.SegmentedRaftLogWorker (SegmentedRaftLogWorker.java:close(228)) - 56396258-65a3-478c-9482-0be0199dd49c@group-5767B56274DA-SegmentedRaftLogWorker close()
2019-09-25 05:06:30,204 [f77bfc29-6991-4b1d-a503-f706c83de4fc@group-4DD93346DA3C-SegmentedRaftLogWorker] INFO  segmented.SegmentedRaftLogWorker (SegmentedRaftLogWorker.java:close(228)) - f77bfc29-6991-4b1d-a503-f706c83de4fc@group-4DD93346DA3C-SegmentedRaftLogWorker close()
2019-09-25 05:06:30,204 [56396258-65a3-478c-9482-0be0199dd49c@group-78B68D5662A6-SegmentedRaftLogWorker] INFO  segmented.SegmentedRaftLogWorker (SegmentedRaftLogWorker.java:close(228)) - 56396258-65a3-478c-9482-0be0199dd49c@group-78B68D5662A6-SegmentedRaftLogWorker close()
2019-09-25 05:06:30,204 [692224c4-5202-4921-98cc-04d5c60c79cc@group-BA4E288B6498-SegmentedRaftLogWorker] INFO  impl.RaftServerImpl (ServerState.java:close(385)) - 692224c4-5202-4921-98cc-04d5c60c79cc@group-BA4E288B6498: closes. applyIndex: -1
2019-09-25 05:06:30,204 [692224c4-5202-4921-98cc-04d5c60c79cc@group-6FAF7513986D-SegmentedRaftLogWorker] INFO  impl.PendingRequests (PendingRequests.java:sendNotLeaderResponses(202)) - 692224c4-5202-4921-98cc-04d5c60c79cc-PendingRequests: sendNotLeaderResponses
2019-09-25 05:06:30,207 [692224c4-5202-4921-98cc-04d5c60c79cc@group-BA4E288B6498-SegmentedRaftLogWorker] INFO  segmented.SegmentedRaftLogWorker (SegmentedRaftLogWorker.java:close(228)) - 692224c4-5202-4921-98cc-04d5c60c79cc@group-BA4E288B6498-SegmentedRaftLogWorker close()
2019-09-25 05:06:30,206 [36ac27b3-2f11-437d-8f1f-165306b0ff4a@group-14E3DEBF70FE-SegmentedRaftLogWorker] INFO  segmented.SegmentedRaftLogWorker (SegmentedRaftLogWorker.java:close(228)) - 36ac27b3-2f11-437d-8f1f-165306b0ff4a@group-14E3DEBF70FE-SegmentedRaftLogWorker close()
2019-09-25 05:06:30,207 [692224c4-5202-4921-98cc-04d5c60c79cc@group-6FAF7513986D-SegmentedRaftLogWorker] INFO  impl.StateMachineUpdater (StateMachineUpdater.java:stopAndJoin(125)) - 692224c4-5202-4921-98cc-04d5c60c79cc@group-6FAF7513986D-StateMachineUpdater: set stopIndex = -1
2019-09-25 05:06:30,207 [692224c4-5202-4921-98cc-04d5c60c79cc@group-6FAF7513986D-SegmentedRaftLogWorker] INFO  impl.RaftServerImpl (ServerState.java:close(385)) - 692224c4-5202-4921-98cc-04d5c60c79cc@group-6FAF7513986D: closes. applyIndex: -1
2019-09-25 05:06:30,207 [692224c4-5202-4921-98cc-04d5c60c79cc@group-6FAF7513986D-SegmentedRaftLogWorker] INFO  segmented.SegmentedRaftLogWorker (SegmentedRaftLogWorker.java:close(228)) - 692224c4-5202-4921-98cc-04d5c60c79cc@group-6FAF7513986D-SegmentedRaftLogWorker close()
2019-09-25 05:06:30,211 [pool-37-thread-1] INFO  storage.RaftStorageDirectory (RaftStorageDirectory.java:tryLock(328)) - Lock on /workdir/hadoop-ozone/integration-test/target/test-dir/MiniOzoneClusterImpl-23306158-e895-4fc7-80df-ce6c264c388b/datanode-1/data/ratis/0c00dc2e-d966-4b5f-ad7b-91f3df1d9994/in_use.lock acquired by nodename 25526@pr-hdds-1569-s62bp-3040748787
2019-09-25 05:06:30,211 [pool-77-thread-1] INFO  storage.RaftStorageDirectory (RaftStorageDirectory.java:tryLock(328)) - Lock on /workdir/hadoop-ozone/integration-test/target/test-dir/MiniOzoneClusterImpl-23306158-e895-4fc7-80df-ce6c264c388b/datanode-5/data/ratis/09bb0109-2b0d-49eb-9517-2b0cb06791ef/in_use.lock acquired by nodename 25526@pr-hdds-1569-s62bp-3040748787
2019-09-25 05:06:30,223 [f77bfc29-6991-4b1d-a503-f706c83de4fc@group-B866544E1229:LeaderElection123] INFO  impl.RaftServerImpl (ServerState.java:setRaftConf(354)) - f77bfc29-6991-4b1d-a503-f706c83de4fc@group-B866544E1229: set configuration 0: [f77bfc29-6991-4b1d-a503-f706c83de4fc:192.168.30.10:35112], old=null at 0
2019-09-25 05:06:30,223 [56396258-65a3-478c-9482-0be0199dd49c@group-D960DA882FC6:LeaderElection138] INFO  impl.RaftServerImpl (ServerState.java:setRaftConf(354)) - 56396258-65a3-478c-9482-0be0199dd49c@group-D960DA882FC6: set configuration 0: [56396258-65a3-478c-9482-0be0199dd49c:192.168.30.10:41678], old=null at 0
2019-09-25 05:06:30,223 [b4fa7d23-6606-45fd-9544-2b08ca3fa933@group-184F6EE9DFE2:LeaderElection136] INFO  impl.RaftServerImpl (ServerState.java:setRaftConf(354)) - b4fa7d23-6606-45fd-9544-2b08ca3fa933@group-184F6EE9DFE2: set configuration 0: [b4fa7d23-6606-45fd-9544-2b08ca3fa933:192.168.30.10:34493], old=null at 0
2019-09-25 05:06:30,224 [f77bfc29-6991-4b1d-a503-f706c83de4fc@group-40FD7941FFE1:LeaderElection133] INFO  impl.RaftServerImpl (ServerState.java:setRaftConf(354)) - f77bfc29-6991-4b1d-a503-f706c83de4fc@group-40FD7941FFE1: set configuration 0: [f77bfc29-6991-4b1d-a503-f706c83de4fc:192.168.30.10:35112], old=null at 0
2019-09-25 05:06:30,224 [pool-27-thread-1] INFO  server.RaftServerConfigKeys (ConfUtils.java:logGet(43)) - raft.server.log.statemachine.data.caching.enabled = true (custom)
2019-09-25 05:06:30,224 [b4fa7d23-6606-45fd-9544-2b08ca3fa933@group-A43BB86F38DC:LeaderElection129] INFO  impl.RaftServerImpl (ServerState.java:setRaftConf(354)) - b4fa7d23-6606-45fd-9544-2b08ca3fa933@group-A43BB86F38DC: set configuration 0: [b4fa7d23-6606-45fd-9544-2b08ca3fa933:192.168.30.10:34493], old=null at 0
2019-09-25 05:06:30,224 [pool-27-thread-1] INFO  segmented.SegmentedRaftLogWorker (SegmentedRaftLogWorker.java:lambda$new$0(132)) - f77bfc29-6991-4b1d-a503-f706c83de4fc@group-91F3DF1D9994-SegmentedRaftLogWorker: flushIndex: setUnconditionally 0 -> -1
2019-09-25 05:06:30,225 [56396258-65a3-478c-9482-0be0199dd49c@group-E36E29956034:LeaderElection128] INFO  impl.RaftServerImpl (ServerState.java:setRaftConf(354)) - 56396258-65a3-478c-9482-0be0199dd49c@group-E36E29956034: set configuration 0: [56396258-65a3-478c-9482-0be0199dd49c:192.168.30.10:41678], old=null at 0
2019-09-25 05:06:30,225 [pool-87-thread-1] INFO  server.RaftServerConfigKeys (ConfUtils.java:logGet(43)) - raft.server.snapshot.auto.trigger.enabled = true (custom)
2019-09-25 05:06:30,225 [pool-87-thread-1] INFO  server.RaftServerConfigKeys (ConfUtils.java:logGet(43)) - raft.server.snapshot.auto.trigger.threshold = 10000 (custom)
2019-09-25 05:06:30,225 [pool-77-thread-1] INFO  storage.RaftStorage (RaftStorage.java:format(72)) - Storage directory /workdir/hadoop-ozone/integration-test/target/test-dir/MiniOzoneClusterImpl-23306158-e895-4fc7-80df-ce6c264c388b/datanode-5/data/ratis/09bb0109-2b0d-49eb-9517-2b0cb06791ef has been successfully formatted.
2019-09-25 05:06:30,225 [pool-37-thread-1] INFO  storage.RaftStorage (RaftStorage.java:format(72)) - Storage directory /workdir/hadoop-ozone/integration-test/target/test-dir/MiniOzoneClusterImpl-23306158-e895-4fc7-80df-ce6c264c388b/datanode-1/data/ratis/0c00dc2e-d966-4b5f-ad7b-91f3df1d9994 has been successfully formatted.
2019-09-25 05:06:30,225 [pool-87-thread-1] INFO  server.RaftServerConfigKeys (ConfUtils.java:logGet(43)) - raft.server.snapshot.retention.num.files = 5 (custom)
2019-09-25 05:06:30,225 [36ac27b3-2f11-437d-8f1f-165306b0ff4a@group-6E6AA1FC98DD:LeaderElection125] INFO  impl.RaftServerImpl (ServerState.java:setRaftConf(354)) - 36ac27b3-2f11-437d-8f1f-165306b0ff4a@group-6E6AA1FC98DD: set configuration 0: [36ac27b3-2f11-437d-8f1f-165306b0ff4a:192.168.30.10:45265], old=null at 0
2019-09-25 05:06:30,225 [pool-77-thread-1] INFO  ratis.ContainerStateMachine (ContainerStateMachine.java:loadSnapshot(230)) - group-2B0CB06791EF: The snapshot info is null. Setting the last applied indexto:(t:0, i:~)
2019-09-25 05:06:30,226 [c8798e02-7f0c-41f7-82c2-a17323bcf21e@group-9A8116F4FD4E:LeaderElection141] INFO  server.RaftServerConfigKeys (ConfUtils.java:logGet(43)) - raft.server.write.element-limit = 4096 (default)
2019-09-25 05:06:30,225 [36ac27b3-2f11-437d-8f1f-165306b0ff4a@group-84CDB88FD1B0:LeaderElection142] INFO  server.RaftServerConfigKeys (ConfUtils.java:logGet(43)) - raft.server.write.element-limit = 4096 (default)
2019-09-25 05:06:30,225 [36ac27b3-2f11-437d-8f1f-165306b0ff4a@group-25E3748DE4E7:LeaderElection121] INFO  impl.RaftServerImpl (ServerState.java:setRaftConf(354)) - 36ac27b3-2f11-437d-8f1f-165306b0ff4a@group-25E3748DE4E7: set configuration 0: [36ac27b3-2f11-437d-8f1f-165306b0ff4a:192.168.30.10:45265], old=null at 0
2019-09-25 05:06:30,561 [36ac27b3-2f11-437d-8f1f-165306b0ff4a@group-84CDB88FD1B0:LeaderElection142] INFO  server.RaftServerConfigKeys (ConfUtils.java:logGet(43)) - raft.server.watch.timeout = 10s (default)
2019-09-25 05:06:30,561 [692224c4-5202-4921-98cc-04d5c60c79cc@group-4EBFA92A4DF4:LeaderElection117] INFO  impl.RaftServerImpl (ServerState.java:setRaftConf(354)) - 692224c4-5202-4921-98cc-04d5c60c79cc@group-4EBFA92A4DF4: set configuration 0: [692224c4-5202-4921-98cc-04d5c60c79cc:192.168.30.10:38144], old=null at 0
2019-09-25 05:06:30,561 [36ac27b3-2f11-437d-8f1f-165306b0ff4a@group-855BA6FF8840-SegmentedRaftLogWorker] ERROR segmented.SegmentedRaftLogWorker (SegmentedRaftLogWorker.java:run(323)) - 36ac27b3-2f11-437d-8f1f-165306b0ff4a@group-855BA6FF8840-SegmentedRaftLogWorker hit exception
java.lang.OutOfMemoryError: Direct buffer memory
	at java.nio.Bits.reserveMemory(Bits.java:666)
	at java.nio.DirectByteBuffer.<init>(DirectByteBuffer.java:123)
	at java.nio.ByteBuffer.allocateDirect(ByteBuffer.java:311)
	at org.apache.ratis.server.raftlog.segmented.BufferedWriteChannel.<init>(BufferedWriteChannel.java:41)
	at org.apache.ratis.server.raftlog.segmented.SegmentedRaftLogOutputStream.<init>(SegmentedRaftLogOutputStream.java:72)
	at org.apache.ratis.server.raftlog.segmented.SegmentedRaftLogWorker$StartLogSegment.execute(SegmentedRaftLogWorker.java:566)
	at org.apache.ratis.server.raftlog.segmented.SegmentedRaftLogWorker.run(SegmentedRaftLogWorker.java:289)
	at java.lang.Thread.run(Thread.java:748)
2019-09-25 05:06:30,562 [c8798e02-7f0c-41f7-82c2-a17323bcf21e@group-0D663BBCA5B4:LeaderElection119] INFO  impl.RaftServerImpl (ServerState.java:setRaftConf(354)) - c8798e02-7f0c-41f7-82c2-a17323bcf21e@group-0D663BBCA5B4: set configuration 0: [c8798e02-7f0c-41f7-82c2-a17323bcf21e:192.168.30.10:40603], old=null at 0
2019-09-25 05:06:30,561 [56396258-65a3-478c-9482-0be0199dd49c@group-B8772713F5C4-SegmentedRaftLogWorker] ERROR segmented.SegmentedRaftLogWorker (SegmentedRaftLogWorker.java:run(323)) - 56396258-65a3-478c-9482-0be0199dd49c@group-B8772713F5C4-SegmentedRaftLogWorker hit exception
java.lang.OutOfMemoryError: Direct buffer memory
	at java.nio.Bits.reserveMemory(Bits.java:666)
	at java.nio.DirectByteBuffer.<init>(DirectByteBuffer.java:123)
	at java.nio.ByteBuffer.allocateDirect(ByteBuffer.java:311)
	at org.apache.ratis.server.raftlog.segmented.BufferedWriteChannel.<init>(BufferedWriteChannel.java:41)
	at org.apache.ratis.server.raftlog.segmented.SegmentedRaftLogOutputStream.<init>(SegmentedRaftLogOutputStream.java:72)
	at org.apache.ratis.server.raftlog.segmented.SegmentedRaftLogWorker$StartLogSegment.execute(SegmentedRaftLogWorker.java:566)
	at org.apache.ratis.server.raftlog.segmented.SegmentedRaftLogWorker.run(SegmentedRaftLogWorker.java:289)
	at java.lang.Thread.run(Thread.java:748)
2019-09-25 05:06:30,558 [36ac27b3-2f11-437d-8f1f-165306b0ff4a@group-9D3FBAA3679F-SegmentedRaftLogWorker] ERROR segmented.SegmentedRaftLogWorker (SegmentedRaftLogWorker.java:run(323)) - 36ac27b3-2f11-437d-8f1f-165306b0ff4a@group-9D3FBAA3679F-SegmentedRaftLogWorker hit exception
java.lang.OutOfMemoryError: Direct buffer memory
	at java.nio.Bits.reserveMemory(Bits.java:666)
	at java.nio.DirectByteBuffer.<init>(DirectByteBuffer.java:123)
	at java.nio.ByteBuffer.allocateDirect(ByteBuffer.java:311)
	at org.apache.ratis.server.raftlog.segmented.BufferedWriteChannel.<init>(BufferedWriteChannel.java:41)
	at org.apache.ratis.server.raftlog.segmented.SegmentedRaftLogOutputStream.<init>(SegmentedRaftLogOutputStream.java:72)
	at org.apache.ratis.server.raftlog.segmented.SegmentedRaftLogWorker$StartLogSegment.execute(SegmentedRaftLogWorker.java:566)
	at org.apache.ratis.server.raftlog.segmented.SegmentedRaftLogWorker.run(SegmentedRaftLogWorker.java:289)
	at java.lang.Thread.run(Thread.java:748)
2019-09-25 05:06:34,257 [36ac27b3-2f11-437d-8f1f-165306b0ff4a@group-9D3FBAA3679F-SegmentedRaftLogWorker] INFO  impl.RaftServerImpl (RaftServerImpl.java:lambda$shutdown$3(251)) - 36ac27b3-2f11-437d-8f1f-165306b0ff4a@group-9D3FBAA3679F: shutdown
2019-09-25 05:06:30,226 [c8798e02-7f0c-41f7-82c2-a17323bcf21e@group-9A8116F4FD4E:LeaderElection141] INFO  server.RaftServerConfigKeys (ConfUtils.java:logGet(43)) - raft.server.watch.timeout = 10s (default)
2019-09-25 05:06:30,226 [56396258-65a3-478c-9482-0be0199dd49c@group-2D2A6A1AC4E2:LeaderElection143] INFO  server.RaftServerConfigKeys (ConfUtils.java:logGet(43)) - raft.server.write.element-limit = 4096 (default)
2019-09-25 05:06:30,226 [f77bfc29-6991-4b1d-a503-f706c83de4fc@group-35F023F29269:LeaderElection122] INFO  impl.RaftServerImpl (ServerState.java:setRaftConf(354)) - f77bfc29-6991-4b1d-a503-f706c83de4fc@group-35F023F29269: set configuration 0: [f77bfc29-6991-4b1d-a503-f706c83de4fc:192.168.30.10:35112], old=null at 0
2019-09-25 05:06:30,226 [pool-77-thread-1] INFO  server.RaftServerConfigKeys (ConfUtils.java:logGet(43)) - raft.server.notification.no-leader.timeout = 120s (custom)
2019-09-25 05:06:30,225 [pool-87-thread-1] INFO  server.RaftServerConfigKeys (ConfUtils.java:logGet(43)) - raft.server.retrycache.expirytime = 600000ms (custom)
2019-09-25 05:06:30,225 [692224c4-5202-4921-98cc-04d5c60c79cc@group-C8AC12423563:LeaderElection144] INFO  server.RaftServerConfigKeys (ConfUtils.java:logGet(43)) - raft.server.write.element-limit = 4096 (default)
2019-09-25 05:06:30,225 [pool-37-thread-1] INFO  ratis.ContainerStateMachine (ContainerStateMachine.java:loadSnapshot(230)) - group-91F3DF1D9994: The snapshot info is null. Setting the last applied indexto:(t:0, i:~)
2019-09-25 05:06:34,259 [692224c4-5202-4921-98cc-04d5c60c79cc@group-C8AC12423563:LeaderElection144] INFO  server.RaftServerConfigKeys (ConfUtils.java:logGet(43)) - raft.server.watch.timeout = 10s (default)
2019-09-25 05:06:34,258 [pool-77-thread-1] INFO  server.RaftServerConfigKeys (ConfUtils.java:logGet(43)) - raft.server.log.use.memory = false (default)
2019-09-25 05:06:34,258 [56396258-65a3-478c-9482-0be0199dd49c@group-2D2A6A1AC4E2:LeaderElection143] INFO  server.RaftServerConfigKeys (ConfUtils.java:logGet(43)) - raft.server.watch.timeout = 10s (default)
2019-09-25 05:06:34,260 [56396258-65a3-478c-9482-0be0199dd49c@group-2D2A6A1AC4E2:LeaderElection143] INFO  server.RaftServerConfigKeys (ConfUtils.java:logGet(43)) - raft.server.watch.timeout.denomination = 1s (default)
2019-09-25 05:06:34,258 [c8798e02-7f0c-41f7-82c2-a17323bcf21e@group-9A8116F4FD4E:LeaderElection141] INFO  server.RaftServerConfigKeys (ConfUtils.java:logGet(43)) - raft.server.watch.timeout.denomination = 1s (default)
2019-09-25 05:06:34,257 [36ac27b3-2f11-437d-8f1f-165306b0ff4a@group-9D3FBAA3679F-SegmentedRaftLogWorker] INFO  util.JmxRegister (JmxRegister.java:unregister(73)) - Successfully un-registered JMX Bean with object name Ratis:service=RaftServer,group=group-9D3FBAA3679F,id=36ac27b3-2f11-437d-8f1f-165306b0ff4a
2019-09-25 05:06:34,257 [56396258-65a3-478c-9482-0be0199dd49c@group-B8772713F5C4-SegmentedRaftLogWorker] INFO  impl.RaftServerImpl (RaftServerImpl.java:lambda$shutdown$3(251)) - 56396258-65a3-478c-9482-0be0199dd49c@group-B8772713F5C4: shutdown
2019-09-25 05:06:34,256 [org.apache.hadoop.util.JvmPauseMonitor$Monitor@29040281] INFO  util.JvmPauseMonitor (JvmPauseMonitor.java:run(205)) - Detected pause in JVM or host machine (eg GC): pause of approximately 3583ms
GC pool 'PS MarkSweep' had collection(s): count=20 time=3703ms
GC pool 'PS Scavenge' had collection(s): count=20 time=179ms
2019-09-25 05:06:34,256 [org.apache.hadoop.util.JvmPauseMonitor$Monitor@5479ba33] INFO  util.JvmPauseMonitor (JvmPauseMonitor.java:run(205)) - Detected pause in JVM or host machine (eg GC): pause of approximately 3583ms
GC pool 'PS MarkSweep' had collection(s): count=20 time=3703ms
GC pool 'PS Scavenge' had collection(s): count=20 time=179ms
2019-09-25 05:06:34,256 [org.apache.hadoop.util.JvmPauseMonitor$Monitor@410954b] INFO  util.JvmPauseMonitor (JvmPauseMonitor.java:run(205)) - Detected pause in JVM or host machine (eg GC): pause of approximately 3583ms
GC pool 'PS MarkSweep' had collection(s): count=20 time=3703ms
GC pool 'PS Scavenge' had collection(s): count=20 time=179ms
2019-09-25 05:06:34,256 [org.apache.hadoop.util.JvmPauseMonitor$Monitor@1691f4bd] INFO  util.JvmPauseMonitor (JvmPauseMonitor.java:run(205)) - Detected pause in JVM or host machine (eg GC): pause of approximately 3583ms
GC pool 'PS MarkSweep' had collection(s): count=20 time=3703ms
GC pool 'PS Scavenge' had collection(s): count=20 time=179ms
2019-09-25 05:06:34,256 [org.apache.hadoop.util.JvmPauseMonitor$Monitor@695f5713] INFO  util.JvmPauseMonitor (JvmPauseMonitor.java:run(205)) - Detected pause in JVM or host machine (eg GC): pause of approximately 3583ms
GC pool 'PS MarkSweep' had collection(s): count=20 time=3703ms
GC pool 'PS Scavenge' had collection(s): count=20 time=179ms
2019-09-25 05:06:34,256 [org.apache.hadoop.util.JvmPauseMonitor$Monitor@66ea3b37] INFO  util.JvmPauseMonitor (JvmPauseMonitor.java:run(205)) - Detected pause in JVM or host machine (eg GC): pause of approximately 3583ms
GC pool 'PS MarkSweep' had collection(s): count=20 time=3703ms
GC pool 'PS Scavenge' had collection(s): count=20 time=179ms
2019-09-25 05:06:34,256 [org.apache.hadoop.util.JvmPauseMonitor$Monitor@793bea3e] INFO  util.JvmPauseMonitor (JvmPauseMonitor.java:run(205)) - Detected pause in JVM or host machine (eg GC): pause of approximately 3583ms
GC pool 'PS MarkSweep' had collection(s): count=20 time=3703ms
GC pool 'PS Scavenge' had collection(s): count=20 time=179ms
2019-09-25 05:06:34,256 [org.apache.hadoop.util.JvmPauseMonitor$Monitor@44b47225] INFO  util.JvmPauseMonitor (JvmPauseMonitor.java:run(205)) - Detected pause in JVM or host machine (eg GC): pause of approximately 3583ms
GC pool 'PS MarkSweep' had collection(s): count=20 time=3703ms
GC pool 'PS Scavenge' had collection(s): count=20 time=179ms
2019-09-25 05:06:30,565 [RATISCREATEPIPELINE2] ERROR pipeline.RatisPipelineProvider (RatisPipelineProvider.java:lambda$null$2(181)) - Failed invoke Ratis rpc org.apache.hadoop.hdds.scm.pipeline.RatisPipelineProvider$$Lambda$186/166636373@52814422 for b4fa7d23-6606-45fd-9544-2b08ca3fa933
org.apache.ratis.protocol.TimeoutIOException: deadline exceeded after 2999634332ns
	at org.apache.ratis.grpc.GrpcUtil.tryUnwrapException(GrpcUtil.java:82)
	at org.apache.ratis.grpc.GrpcUtil.unwrapException(GrpcUtil.java:75)
	at org.apache.ratis.grpc.client.GrpcClientProtocolClient.blockingCall(GrpcClientProtocolClient.java:178)
	at org.apache.ratis.grpc.client.GrpcClientProtocolClient.groupAdd(GrpcClientProtocolClient.java:147)
	at org.apache.ratis.grpc.client.GrpcClientRpc.sendRequest(GrpcClientRpc.java:94)
	at org.apache.ratis.client.impl.RaftClientImpl.sendRequest(RaftClientImpl.java:278)
	at org.apache.ratis.client.impl.RaftClientImpl.groupAdd(RaftClientImpl.java:205)
	at org.apache.hadoop.hdds.scm.pipeline.RatisPipelineProvider.lambda$initializePipeline$1(RatisPipelineProvider.java:142)
	at org.apache.hadoop.hdds.scm.pipeline.RatisPipelineProvider.lambda$null$2(RatisPipelineProvider.java:177)
	at java.util.stream.ForEachOps$ForEachOp$OfRef.accept(ForEachOps.java:184)
	at java.util.ArrayList$ArrayListSpliterator.forEachRemaining(ArrayList.java:1382)
	at java.util.stream.AbstractPipeline.copyInto(AbstractPipeline.java:482)
	at java.util.stream.ForEachOps$ForEachTask.compute(ForEachOps.java:291)
	at java.util.concurrent.CountedCompleter.exec(CountedCompleter.java:731)
	at java.util.concurrent.ForkJoinTask.doExec(ForkJoinTask.java:289)
	at java.util.concurrent.ForkJoinTask.doInvoke(ForkJoinTask.java:401)
	at java.util.concurrent.ForkJoinTask.invoke(ForkJoinTask.java:734)
	at java.util.stream.ForEachOps$ForEachOp.evaluateParallel(ForEachOps.java:160)
	at java.util.stream.ForEachOps$ForEachOp$OfRef.evaluateParallel(ForEachOps.java:174)
	at java.util.stream.AbstractPipeline.evaluate(AbstractPipeline.java:233)
	at java.util.stream.ReferencePipeline.forEach(ReferencePipeline.java:418)
	at java.util.stream.ReferencePipeline$Head.forEach(ReferencePipeline.java:583)
	at org.apache.hadoop.hdds.scm.pipeline.RatisPipelineProvider.lambda$callRatisRpc$3(RatisPipelineProvider.java:171)
	at java.util.concurrent.ForkJoinTask$AdaptedRunnableAction.exec(ForkJoinTask.java:1386)
	at java.util.concurrent.ForkJoinTask.doExec(ForkJoinTask.java:289)
	at java.util.concurrent.ForkJoinPool$WorkQueue.runTask(ForkJoinPool.java:1056)
	at java.util.concurrent.ForkJoinPool.runWorker(ForkJoinPool.java:1692)
	at java.util.concurrent.ForkJoinWorkerThread.run(ForkJoinWorkerThread.java:157)
Caused by: org.apache.ratis.thirdparty.io.grpc.StatusRuntimeException: DEADLINE_EXCEEDED: deadline exceeded after 2999634332ns
	at org.apache.ratis.thirdparty.io.grpc.stub.ClientCalls.toStatusRuntimeException(ClientCalls.java:233)
	at org.apache.ratis.thirdparty.io.grpc.stub.ClientCalls.getUnchecked(ClientCalls.java:214)
	at org.apache.ratis.thirdparty.io.grpc.stub.ClientCalls.blockingUnaryCall(ClientCalls.java:139)
	at org.apache.ratis.proto.grpc.AdminProtocolServiceGrpc$AdminProtocolServiceBlockingStub.groupManagement(AdminProtocolServiceGrpc.java:274)
	at org.apache.ratis.grpc.client.GrpcClientProtocolClient.lambda$groupAdd$3(GrpcClientProtocolClient.java:149)
	at org.apache.ratis.grpc.client.GrpcClientProtocolClient.blockingCall(GrpcClientProtocolClient.java:176)
	... 25 more
2019-09-25 05:06:30,565 [36ac27b3-2f11-437d-8f1f-165306b0ff4a@group-5080C272BC14:LeaderElection120] INFO  impl.RaftServerImpl (ServerState.java:setRaftConf(354)) - 36ac27b3-2f11-437d-8f1f-165306b0ff4a@group-5080C272BC14: set configuration 0: [36ac27b3-2f11-437d-8f1f-165306b0ff4a:192.168.30.10:45265], old=null at 0
2019-09-25 05:06:30,565 [RATISCREATEPIPELINE0] ERROR pipeline.RatisPipelineProvider (RatisPipelineProvider.java:lambda$null$2(181)) - Failed invoke Ratis rpc org.apache.hadoop.hdds.scm.pipeline.RatisPipelineProvider$$Lambda$186/166636373@52814422 for 36ac27b3-2f11-437d-8f1f-165306b0ff4a
org.apache.ratis.protocol.TimeoutIOException: deadline exceeded after 2999669006ns
	at org.apache.ratis.grpc.GrpcUtil.tryUnwrapException(GrpcUtil.java:82)
	at org.apache.ratis.grpc.GrpcUtil.unwrapException(GrpcUtil.java:75)
	at org.apache.ratis.grpc.client.GrpcClientProtocolClient.blockingCall(GrpcClientProtocolClient.java:178)
	at org.apache.ratis.grpc.client.GrpcClientProtocolClient.groupAdd(GrpcClientProtocolClient.java:147)
	at org.apache.ratis.grpc.client.GrpcClientRpc.sendRequest(GrpcClientRpc.java:94)
	at org.apache.ratis.client.impl.RaftClientImpl.sendRequest(RaftClientImpl.java:278)
	at org.apache.ratis.client.impl.RaftClientImpl.groupAdd(RaftClientImpl.java:205)
	at org.apache.hadoop.hdds.scm.pipeline.RatisPipelineProvider.lambda$initializePipeline$1(RatisPipelineProvider.java:142)
	at org.apache.hadoop.hdds.scm.pipeline.RatisPipelineProvider.lambda$null$2(RatisPipelineProvider.java:177)
	at java.util.stream.ForEachOps$ForEachOp$OfRef.accept(ForEachOps.java:184)
	at java.util.ArrayList$ArrayListSpliterator.forEachRemaining(ArrayList.java:1382)
	at java.util.stream.AbstractPipeline.copyInto(AbstractPipeline.java:482)
	at java.util.stream.ForEachOps$ForEachTask.compute(ForEachOps.java:291)
	at java.util.concurrent.CountedCompleter.exec(CountedCompleter.java:731)
	at java.util.concurrent.ForkJoinTask.doExec(ForkJoinTask.java:289)
	at java.util.concurrent.ForkJoinPool$WorkQueue.runTask(ForkJoinPool.java:1056)
	at java.util.concurrent.ForkJoinPool.runWorker(ForkJoinPool.java:1692)
	at java.util.concurrent.ForkJoinWorkerThread.run(ForkJoinWorkerThread.java:157)
Caused by: org.apache.ratis.thirdparty.io.grpc.StatusRuntimeException: DEADLINE_EXCEEDED: deadline exceeded after 2999669006ns
	at org.apache.ratis.thirdparty.io.grpc.stub.ClientCalls.toStatusRuntimeException(ClientCalls.java:233)
	at org.apache.ratis.thirdparty.io.grpc.stub.ClientCalls.getUnchecked(ClientCalls.java:214)
	at org.apache.ratis.thirdparty.io.grpc.stub.ClientCalls.blockingUnaryCall(ClientCalls.java:139)
	at org.apache.ratis.proto.grpc.AdminProtocolServiceGrpc$AdminProtocolServiceBlockingStub.groupManagement(AdminProtocolServiceGrpc.java:274)
	at org.apache.ratis.grpc.client.GrpcClientProtocolClient.lambda$groupAdd$3(GrpcClientProtocolClient.java:149)
	at org.apache.ratis.grpc.client.GrpcClientProtocolClient.blockingCall(GrpcClientProtocolClient.java:176)
	... 15 more
2019-09-25 05:06:30,565 [RATISCREATEPIPELINE3] ERROR pipeline.RatisPipelineProvider (RatisPipelineProvider.java:lambda$null$2(181)) - Failed invoke Ratis rpc org.apache.hadoop.hdds.scm.pipeline.RatisPipelineProvider$$Lambda$186/166636373@52814422 for 56396258-65a3-478c-9482-0be0199dd49c
org.apache.ratis.protocol.TimeoutIOException: deadline exceeded after 2999656996ns
	at org.apache.ratis.grpc.GrpcUtil.tryUnwrapException(GrpcUtil.java:82)
	at org.apache.ratis.grpc.GrpcUtil.unwrapException(GrpcUtil.java:75)
	at org.apache.ratis.grpc.client.GrpcClientProtocolClient.blockingCall(GrpcClientProtocolClient.java:178)
	at org.apache.ratis.grpc.client.GrpcClientProtocolClient.groupAdd(GrpcClientProtocolClient.java:147)
	at org.apache.ratis.grpc.client.GrpcClientRpc.sendRequest(GrpcClientRpc.java:94)
	at org.apache.ratis.client.impl.RaftClientImpl.sendRequest(RaftClientImpl.java:278)
	at org.apache.ratis.client.impl.RaftClientImpl.groupAdd(RaftClientImpl.java:205)
	at org.apache.hadoop.hdds.scm.pipeline.RatisPipelineProvider.lambda$initializePipeline$1(RatisPipelineProvider.java:142)
	at org.apache.hadoop.hdds.scm.pipeline.RatisPipelineProvider.lambda$null$2(RatisPipelineProvider.java:177)
	at java.util.stream.ForEachOps$ForEachOp$OfRef.accept(ForEachOps.java:184)
	at java.util.ArrayList$ArrayListSpliterator.forEachRemaining(ArrayList.java:1382)
	at java.util.stream.AbstractPipeline.copyInto(AbstractPipeline.java:482)
	at java.util.stream.ForEachOps$ForEachTask.compute(ForEachOps.java:291)
	at java.util.concurrent.CountedCompleter.exec(CountedCompleter.java:731)
	at java.util.concurrent.ForkJoinTask.doExec(ForkJoinTask.java:289)
	at java.util.concurrent.ForkJoinPool$WorkQueue.runTask(ForkJoinPool.java:1056)
	at java.util.concurrent.ForkJoinPool.runWorker(ForkJoinPool.java:1692)
	at java.util.concurrent.ForkJoinWorkerThread.run(ForkJoinWorkerThread.java:157)
Caused by: org.apache.ratis.thirdparty.io.grpc.StatusRuntimeException: DEADLINE_EXCEEDED: deadline exceeded after 2999656996ns
	at org.apache.ratis.thirdparty.io.grpc.stub.ClientCalls.toStatusRuntimeException(ClientCalls.java:233)
	at org.apache.ratis.thirdparty.io.grpc.stub.ClientCalls.getUnchecked(ClientCalls.java:214)
	at org.apache.ratis.thirdparty.io.grpc.stub.ClientCalls.blockingUnaryCall(ClientCalls.java:139)
	at org.apache.ratis.proto.grpc.AdminProtocolServiceGrpc$AdminProtocolServiceBlockingStub.groupManagement(AdminProtocolServiceGrpc.java:274)
	at org.apache.ratis.grpc.client.GrpcClientProtocolClient.lambda$groupAdd$3(GrpcClientProtocolClient.java:149)
	at org.apache.ratis.grpc.client.GrpcClientProtocolClient.blockingCall(GrpcClientProtocolClient.java:176)
	... 15 more
2019-09-25 05:06:30,564 [b4fa7d23-6606-45fd-9544-2b08ca3fa933@group-490C88226581:LeaderElection116] INFO  impl.RaftServerImpl (ServerState.java:setRaftConf(354)) - b4fa7d23-6606-45fd-9544-2b08ca3fa933@group-490C88226581: set configuration 0: [b4fa7d23-6606-45fd-9544-2b08ca3fa933:192.168.30.10:34493], old=null at 0
2019-09-25 05:06:30,563 [f77bfc29-6991-4b1d-a503-f706c83de4fc@group-D1E4F48C375A:LeaderElection115] INFO  impl.RaftServerImpl (ServerState.java:setRaftConf(354)) - f77bfc29-6991-4b1d-a503-f706c83de4fc@group-D1E4F48C375A: set configuration 0: [f77bfc29-6991-4b1d-a503-f706c83de4fc:192.168.30.10:35112], old=null at 0
2019-09-25 05:06:30,563 [de37f7a0-0375-40a9-a318-404478482fcb@group-B581BAE74188:LeaderElection137] INFO  impl.RaftServerImpl (ServerState.java:setRaftConf(354)) - de37f7a0-0375-40a9-a318-404478482fcb@group-B581BAE74188: set configuration 0: [de37f7a0-0375-40a9-a318-404478482fcb:192.168.30.10:44522], old=null at 0
2019-09-25 05:06:30,563 [de37f7a0-0375-40a9-a318-404478482fcb@group-C088ACFB0C23:LeaderElection134] INFO  impl.RaftServerImpl (ServerState.java:setRaftConf(354)) - de37f7a0-0375-40a9-a318-404478482fcb@group-C088ACFB0C23: set configuration 0: [de37f7a0-0375-40a9-a318-404478482fcb:192.168.30.10:44522], old=null at 0
2019-09-25 05:06:30,563 [c8798e02-7f0c-41f7-82c2-a17323bcf21e@group-82E6436EE4C4:LeaderElection132] INFO  impl.RaftServerImpl (ServerState.java:setRaftConf(354)) - c8798e02-7f0c-41f7-82c2-a17323bcf21e@group-82E6436EE4C4: set configuration 0: [c8798e02-7f0c-41f7-82c2-a17323bcf21e:192.168.30.10:40603], old=null at 0
2019-09-25 05:06:30,563 [b4fa7d23-6606-45fd-9544-2b08ca3fa933@group-57C0E81ED09A:LeaderElection135] INFO  impl.RaftServerImpl (ServerState.java:setRaftConf(354)) - b4fa7d23-6606-45fd-9544-2b08ca3fa933@group-57C0E81ED09A: set configuration 0: [b4fa7d23-6606-45fd-9544-2b08ca3fa933:192.168.30.10:34493], old=null at 0
2019-09-25 05:06:30,562 [b4fa7d23-6606-45fd-9544-2b08ca3fa933@group-E09D7EF96C33:LeaderElection131] INFO  impl.RaftServerImpl (ServerState.java:setRaftConf(354)) - b4fa7d23-6606-45fd-9544-2b08ca3fa933@group-E09D7EF96C33: set configuration 0: [b4fa7d23-6606-45fd-9544-2b08ca3fa933:192.168.30.10:34493], old=null at 0
2019-09-25 05:06:30,562 [pool-27-thread-1] INFO  server.RaftServerConfigKeys (ConfUtils.java:logGet(43)) - raft.server.snapshot.auto.trigger.enabled = true (custom)
2019-09-25 05:06:30,562 [36ac27b3-2f11-437d-8f1f-165306b0ff4a@group-855BA6FF8840-SegmentedRaftLogWorker] INFO  impl.RaftServerImpl (RaftServerImpl.java:lambda$shutdown$3(251)) - 36ac27b3-2f11-437d-8f1f-165306b0ff4a@group-855BA6FF8840: shutdown
2019-09-25 05:06:30,562 [f77bfc29-6991-4b1d-a503-f706c83de4fc@group-F2D9B87A111F:LeaderElection124] INFO  impl.RaftServerImpl (ServerState.java:setRaftConf(354)) - f77bfc29-6991-4b1d-a503-f706c83de4fc@group-F2D9B87A111F: set configuration 0: [f77bfc29-6991-4b1d-a503-f706c83de4fc:192.168.30.10:35112], old=null at 0
2019-09-25 05:06:30,561 [692224c4-5202-4921-98cc-04d5c60c79cc@group-3853F77ACA4A:LeaderElection130] INFO  impl.RaftServerImpl (ServerState.java:setRaftConf(354)) - 692224c4-5202-4921-98cc-04d5c60c79cc@group-3853F77ACA4A: set configuration 0: [692224c4-5202-4921-98cc-04d5c60c79cc:192.168.30.10:38144], old=null at 0
2019-09-25 05:06:30,561 [36ac27b3-2f11-437d-8f1f-165306b0ff4a@group-84CDB88FD1B0:LeaderElection142] INFO  server.RaftServerConfigKeys (ConfUtils.java:logGet(43)) - raft.server.watch.timeout.denomination = 1s (default)
2019-09-25 05:06:34,267 [36ac27b3-2f11-437d-8f1f-165306b0ff4a@group-855BA6FF8840-SegmentedRaftLogWorker] INFO  util.JmxRegister (JmxRegister.java:unregister(73)) - Successfully un-registered JMX Bean with object name Ratis:service=RaftServer,group=group-855BA6FF8840,id=36ac27b3-2f11-437d-8f1f-165306b0ff4a
2019-09-25 05:06:34,268 [36ac27b3-2f11-437d-8f1f-165306b0ff4a@group-855BA6FF8840-SegmentedRaftLogWorker] INFO  impl.RoleInfo (RoleInfo.java:shutdownLeaderState(104)) - 36ac27b3-2f11-437d-8f1f-165306b0ff4a: shutdown LeaderState
2019-09-25 05:06:34,267 [pool-27-thread-1] INFO  server.RaftServerConfigKeys (ConfUtils.java:logGet(43)) - raft.server.snapshot.auto.trigger.threshold = 10000 (custom)
2019-09-25 05:06:34,261 [56396258-65a3-478c-9482-0be0199dd49c@group-B8772713F5C4-SegmentedRaftLogWorker] INFO  util.JmxRegister (JmxRegister.java:unregister(73)) - Successfully un-registered JMX Bean with object name Ratis:service=RaftServer,group=group-B8772713F5C4,id=56396258-65a3-478c-9482-0be0199dd49c
2019-09-25 05:06:34,260 [36ac27b3-2f11-437d-8f1f-165306b0ff4a@group-9D3FBAA3679F-SegmentedRaftLogWorker] INFO  impl.RoleInfo (RoleInfo.java:shutdownLeaderState(104)) - 36ac27b3-2f11-437d-8f1f-165306b0ff4a: shutdown LeaderState
2019-09-25 05:06:34,260 [c8798e02-7f0c-41f7-82c2-a17323bcf21e@group-9A8116F4FD4E:LeaderElection141] INFO  server.RaftServerConfigKeys (ConfUtils.java:logGet(43)) - raft.server.watch.element-limit = 65536 (default)
2019-09-25 05:06:34,260 [56396258-65a3-478c-9482-0be0199dd49c@group-2D2A6A1AC4E2:LeaderElection143] INFO  server.RaftServerConfigKeys (ConfUtils.java:logGet(43)) - raft.server.watch.element-limit = 65536 (default)
2019-09-25 05:06:34,260 [pool-77-thread-1] INFO  server.RaftServerConfigKeys (ConfUtils.java:logGet(43)) - raft.server.log.purge.gap = 1000000 (custom)
2019-09-25 05:06:34,259 [692224c4-5202-4921-98cc-04d5c60c79cc@group-C8AC12423563:LeaderElection144] INFO  server.RaftServerConfigKeys (ConfUtils.java:logGet(43)) - raft.server.watch.timeout.denomination = 1s (default)
2019-09-25 05:06:34,259 [pool-37-thread-1] INFO  server.RaftServerConfigKeys (ConfUtils.java:logGet(43)) - raft.server.notification.no-leader.timeout = 120s (custom)
2019-09-25 05:06:34,269 [692224c4-5202-4921-98cc-04d5c60c79cc@group-C8AC12423563:LeaderElection144] INFO  server.RaftServerConfigKeys (ConfUtils.java:logGet(43)) - raft.server.watch.element-limit = 65536 (default)
2019-09-25 05:06:34,269 [pool-77-thread-1] INFO  server.RaftServerConfigKeys (ConfUtils.java:logGet(43)) - raft.server.log.appender.buffer.byte-limit = 33554432 (custom)
2019-09-25 05:06:34,268 [36ac27b3-2f11-437d-8f1f-165306b0ff4a@group-9D3FBAA3679F-SegmentedRaftLogWorker] INFO  impl.PendingRequests (PendingRequests.java:sendNotLeaderResponses(202)) - 36ac27b3-2f11-437d-8f1f-165306b0ff4a-PendingRequests: sendNotLeaderResponses
2019-09-25 05:06:34,268 [56396258-65a3-478c-9482-0be0199dd49c@group-B8772713F5C4-SegmentedRaftLogWorker] INFO  impl.RoleInfo (RoleInfo.java:shutdownLeaderState(104)) - 56396258-65a3-478c-9482-0be0199dd49c: shutdown LeaderState
2019-09-25 05:06:34,268 [pool-27-thread-1] INFO  server.RaftServerConfigKeys (ConfUtils.java:logGet(43)) - raft.server.snapshot.retention.num.files = 5 (custom)
2019-09-25 05:06:34,268 [36ac27b3-2f11-437d-8f1f-165306b0ff4a@group-855BA6FF8840-SegmentedRaftLogWorker] INFO  impl.PendingRequests (PendingRequests.java:sendNotLeaderResponses(202)) - 36ac27b3-2f11-437d-8f1f-165306b0ff4a-PendingRequests: sendNotLeaderResponses
2019-09-25 05:06:34,268 [36ac27b3-2f11-437d-8f1f-165306b0ff4a@group-84CDB88FD1B0:LeaderElection142] INFO  server.RaftServerConfigKeys (ConfUtils.java:logGet(43)) - raft.server.watch.element-limit = 65536 (default)
2019-09-25 05:06:34,271 [36ac27b3-2f11-437d-8f1f-165306b0ff4a@group-855BA6FF8840-SegmentedRaftLogWorker] INFO  impl.StateMachineUpdater (StateMachineUpdater.java:stopAndJoin(125)) - 36ac27b3-2f11-437d-8f1f-165306b0ff4a@group-855BA6FF8840-StateMachineUpdater: set stopIndex = -1
2019-09-25 05:06:34,271 [36ac27b3-2f11-437d-8f1f-165306b0ff4a@group-855BA6FF8840-SegmentedRaftLogWorker] INFO  impl.RaftServerImpl (ServerState.java:close(385)) - 36ac27b3-2f11-437d-8f1f-165306b0ff4a@group-855BA6FF8840: closes. applyIndex: -1
2019-09-25 05:06:34,270 [56396258-65a3-478c-9482-0be0199dd49c@group-B8772713F5C4-SegmentedRaftLogWorker] INFO  impl.PendingRequests (PendingRequests.java:sendNotLeaderResponses(202)) - 56396258-65a3-478c-9482-0be0199dd49c-PendingRequests: sendNotLeaderResponses
2019-09-25 05:06:34,270 [36ac27b3-2f11-437d-8f1f-165306b0ff4a@group-9D3FBAA3679F-SegmentedRaftLogWorker] INFO  impl.StateMachineUpdater (StateMachineUpdater.java:stopAndJoin(125)) - 36ac27b3-2f11-437d-8f1f-165306b0ff4a@group-9D3FBAA3679F-StateMachineUpdater: set stopIndex = -1
2019-09-25 05:06:34,270 [pool-77-thread-1] INFO  server.RaftServerConfigKeys (ConfUtils.java:logGet(43)) - raft.server.log.segment.size.max = 1048576 (custom)
2019-09-25 05:06:34,269 [pool-37-thread-1] INFO  server.RaftServerConfigKeys (ConfUtils.java:logGet(43)) - raft.server.log.use.memory = false (default)
2019-09-25 05:06:34,272 [pool-77-thread-1] INFO  server.RaftServerConfigKeys (ConfUtils.java:logGet(43)) - raft.server.log.segment.cache.num.max = 2 (custom)
2019-09-25 05:06:34,271 [36ac27b3-2f11-437d-8f1f-165306b0ff4a@group-9D3FBAA3679F-SegmentedRaftLogWorker] INFO  impl.RaftServerImpl (ServerState.java:close(385)) - 36ac27b3-2f11-437d-8f1f-165306b0ff4a@group-9D3FBAA3679F: closes. applyIndex: -1
2019-09-25 05:06:34,271 [56396258-65a3-478c-9482-0be0199dd49c@group-B8772713F5C4-SegmentedRaftLogWorker] INFO  impl.StateMachineUpdater (StateMachineUpdater.java:stopAndJoin(125)) - 56396258-65a3-478c-9482-0be0199dd49c@group-B8772713F5C4-StateMachineUpdater: set stopIndex = -1
2019-09-25 05:06:34,272 [56396258-65a3-478c-9482-0be0199dd49c@group-B8772713F5C4-SegmentedRaftLogWorker] INFO  impl.RaftServerImpl (ServerState.java:close(385)) - 56396258-65a3-478c-9482-0be0199dd49c@group-B8772713F5C4: closes. applyIndex: -1
2019-09-25 05:06:34,271 [36ac27b3-2f11-437d-8f1f-165306b0ff4a@group-855BA6FF8840-SegmentedRaftLogWorker] INFO  segmented.SegmentedRaftLogWorker (SegmentedRaftLogWorker.java:close(228)) - 36ac27b3-2f11-437d-8f1f-165306b0ff4a@group-855BA6FF8840-SegmentedRaftLogWorker close()
2019-09-25 05:06:34,273 [56396258-65a3-478c-9482-0be0199dd49c@group-B8772713F5C4-SegmentedRaftLogWorker] INFO  segmented.SegmentedRaftLogWorker (SegmentedRaftLogWorker.java:close(228)) - 56396258-65a3-478c-9482-0be0199dd49c@group-B8772713F5C4-SegmentedRaftLogWorker close()
2019-09-25 05:06:34,272 [36ac27b3-2f11-437d-8f1f-165306b0ff4a@group-9D3FBAA3679F-SegmentedRaftLogWorker] INFO  segmented.SegmentedRaftLogWorker (SegmentedRaftLogWorker.java:close(228)) - 36ac27b3-2f11-437d-8f1f-165306b0ff4a@group-9D3FBAA3679F-SegmentedRaftLogWorker close()
2019-09-25 05:06:34,272 [pool-77-thread-1] INFO  segmented.SegmentedRaftLogWorker (SegmentedRaftLogWorker.java:<init>(172)) - new b4fa7d23-6606-45fd-9544-2b08ca3fa933@group-2B0CB06791EF-SegmentedRaftLogWorker for RaftStorage:Storage Directory /workdir/hadoop-ozone/integration-test/target/test-dir/MiniOzoneClusterImpl-23306158-e895-4fc7-80df-ce6c264c388b/datanode-5/data/ratis/09bb0109-2b0d-49eb-9517-2b0cb06791ef
2019-09-25 05:06:34,272 [pool-37-thread-1] INFO  server.RaftServerConfigKeys (ConfUtils.java:logGet(43)) - raft.server.log.purge.gap = 1000000 (custom)
2019-09-25 05:06:34,273 [pool-77-thread-1] INFO  server.RaftServerConfigKeys (ConfUtils.java:logGet(43)) - raft.server.log.queue.byte-limit = 2147483647 (custom)
2019-09-25 05:06:34,273 [pool-37-thread-1] INFO  server.RaftServerConfigKeys (ConfUtils.java:logGet(43)) - raft.server.log.appender.buffer.byte-limit = 33554432 (custom)
2019-09-25 05:06:34,274 [pool-77-thread-1] INFO  server.RaftServerConfigKeys (ConfUtils.java:logGet(43)) - raft.server.log.queue.element-limit = 1024 (custom)
2019-09-25 05:06:34,274 [pool-37-thread-1] INFO  server.RaftServerConfigKeys (ConfUtils.java:logGet(43)) - raft.server.log.segment.size.max = 1048576 (custom)
2019-09-25 05:06:34,274 [pool-77-thread-1] INFO  server.RaftServerConfigKeys (ConfUtils.java:logGet(43)) - raft.server.log.segment.size.max = 1048576 (custom)
2019-09-25 05:06:34,274 [pool-37-thread-1] INFO  server.RaftServerConfigKeys (ConfUtils.java:logGet(43)) - raft.server.log.segment.cache.num.max = 2 (custom)
2019-09-25 05:06:34,274 [pool-77-thread-1] INFO  server.RaftServerConfigKeys (ConfUtils.java:logGet(43)) - raft.server.log.preallocated.size = 16384 (custom)
2019-09-25 05:06:34,275 [pool-37-thread-1] INFO  segmented.SegmentedRaftLogWorker (SegmentedRaftLogWorker.java:<init>(172)) - new 36ac27b3-2f11-437d-8f1f-165306b0ff4a@group-91F3DF1D9994-SegmentedRaftLogWorker for RaftStorage:Storage Directory /workdir/hadoop-ozone/integration-test/target/test-dir/MiniOzoneClusterImpl-23306158-e895-4fc7-80df-ce6c264c388b/datanode-1/data/ratis/0c00dc2e-d966-4b5f-ad7b-91f3df1d9994
2019-09-25 05:06:34,275 [pool-77-thread-1] INFO  server.RaftServerConfigKeys (ConfUtils.java:logGet(43)) - raft.server.log.write.buffer.size = 33554432 (custom)
2019-09-25 05:06:34,275 [pool-37-thread-1] INFO  server.RaftServerConfigKeys (ConfUtils.java:logGet(43)) - raft.server.log.queue.byte-limit = 2147483647 (custom)
2019-09-25 05:06:34,275 [pool-77-thread-1] INFO  server.RaftServerConfigKeys (ConfUtils.java:logGet(43)) - raft.server.log.force.sync.num = 128 (default)
2019-09-25 05:06:34,275 [pool-37-thread-1] INFO  server.RaftServerConfigKeys (ConfUtils.java:logGet(43)) - raft.server.log.queue.element-limit = 1024 (custom)
2019-09-25 05:06:34,275 [pool-77-thread-1] INFO  server.RaftServerConfigKeys (ConfUtils.java:logGet(43)) - raft.server.log.statemachine.data.sync = true (default)
2019-09-25 05:06:34,276 [pool-37-thread-1] INFO  server.RaftServerConfigKeys (ConfUtils.java:logGet(43)) - raft.server.log.segment.size.max = 1048576 (custom)
2019-09-25 05:06:34,276 [pool-77-thread-1] INFO  server.RaftServerConfigKeys (ConfUtils.java:logGet(43)) - raft.server.log.statemachine.data.sync.timeout = 10s (default)
2019-09-25 05:06:34,276 [pool-37-thread-1] INFO  server.RaftServerConfigKeys (ConfUtils.java:logGet(43)) - raft.server.log.preallocated.size = 16384 (custom)
2019-09-25 05:06:34,276 [pool-77-thread-1] INFO  server.RaftServerConfigKeys (ConfUtils.java:logGet(43)) - raft.server.log.statemachine.data.sync.timeout.retry = -1 (default)
2019-09-25 05:06:34,276 [pool-37-thread-1] INFO  server.RaftServerConfigKeys (ConfUtils.java:logGet(43)) - raft.server.log.write.buffer.size = 33554432 (custom)
2019-09-25 05:06:34,277 [pool-37-thread-1] INFO  server.RaftServerConfigKeys (ConfUtils.java:logGet(43)) - raft.server.log.force.sync.num = 128 (default)
2019-09-25 05:06:34,277 [pool-37-thread-1] INFO  server.RaftServerConfigKeys (ConfUtils.java:logGet(43)) - raft.server.log.statemachine.data.sync = true (default)
2019-09-25 05:06:34,277 [pool-37-thread-1] INFO  server.RaftServerConfigKeys (ConfUtils.java:logGet(43)) - raft.server.log.statemachine.data.sync.timeout = 10s (default)
2019-09-25 05:06:34,277 [pool-37-thread-1] INFO  server.RaftServerConfigKeys (ConfUtils.java:logGet(43)) - raft.server.log.statemachine.data.sync.timeout.retry = -1 (default)
2019-09-25 05:06:34,318 [b4fa7d23-6606-45fd-9544-2b08ca3fa933@group-7943F034B0F3-SegmentedRaftLogWorker] ERROR segmented.SegmentedRaftLogWorker (SegmentedRaftLogWorker.java:run(323)) - b4fa7d23-6606-45fd-9544-2b08ca3fa933@group-7943F034B0F3-SegmentedRaftLogWorker hit exception
java.lang.OutOfMemoryError: Direct buffer memory
	at java.nio.Bits.reserveMemory(Bits.java:666)
	at java.nio.DirectByteBuffer.<init>(DirectByteBuffer.java:123)
	at java.nio.ByteBuffer.allocateDirect(ByteBuffer.java:311)
	at org.apache.ratis.server.raftlog.segmented.BufferedWriteChannel.<init>(BufferedWriteChannel.java:41)
	at org.apache.ratis.server.raftlog.segmented.SegmentedRaftLogOutputStream.<init>(SegmentedRaftLogOutputStream.java:72)
	at org.apache.ratis.server.raftlog.segmented.SegmentedRaftLogWorker$StartLogSegment.execute(SegmentedRaftLogWorker.java:566)
	at org.apache.ratis.server.raftlog.segmented.SegmentedRaftLogWorker.run(SegmentedRaftLogWorker.java:289)
	at java.lang.Thread.run(Thread.java:748)
2019-09-25 05:06:34,319 [b4fa7d23-6606-45fd-9544-2b08ca3fa933@group-7943F034B0F3-SegmentedRaftLogWorker] INFO  impl.RaftServerImpl (RaftServerImpl.java:lambda$shutdown$3(251)) - b4fa7d23-6606-45fd-9544-2b08ca3fa933@group-7943F034B0F3: shutdown
2019-09-25 05:06:34,319 [b4fa7d23-6606-45fd-9544-2b08ca3fa933@group-7943F034B0F3-SegmentedRaftLogWorker] INFO  util.JmxRegister (JmxRegister.java:unregister(73)) - Successfully un-registered JMX Bean with object name Ratis:service=RaftServer,group=group-7943F034B0F3,id=b4fa7d23-6606-45fd-9544-2b08ca3fa933
2019-09-25 05:06:34,319 [b4fa7d23-6606-45fd-9544-2b08ca3fa933@group-7943F034B0F3-SegmentedRaftLogWorker] INFO  impl.RoleInfo (RoleInfo.java:shutdownLeaderState(104)) - b4fa7d23-6606-45fd-9544-2b08ca3fa933: shutdown LeaderState
2019-09-25 05:06:34,320 [b4fa7d23-6606-45fd-9544-2b08ca3fa933@group-7943F034B0F3-SegmentedRaftLogWorker] INFO  impl.PendingRequests (PendingRequests.java:sendNotLeaderResponses(202)) - b4fa7d23-6606-45fd-9544-2b08ca3fa933-PendingRequests: sendNotLeaderResponses
2019-09-25 05:06:34,320 [b4fa7d23-6606-45fd-9544-2b08ca3fa933@group-7943F034B0F3-SegmentedRaftLogWorker] INFO  impl.StateMachineUpdater (StateMachineUpdater.java:stopAndJoin(125)) - b4fa7d23-6606-45fd-9544-2b08ca3fa933@group-7943F034B0F3-StateMachineUpdater: set stopIndex = -1
2019-09-25 05:06:34,320 [b4fa7d23-6606-45fd-9544-2b08ca3fa933@group-7943F034B0F3-SegmentedRaftLogWorker] INFO  impl.RaftServerImpl (ServerState.java:close(385)) - b4fa7d23-6606-45fd-9544-2b08ca3fa933@group-7943F034B0F3: closes. applyIndex: -1
2019-09-25 05:06:34,320 [b4fa7d23-6606-45fd-9544-2b08ca3fa933@group-7943F034B0F3-SegmentedRaftLogWorker] INFO  segmented.SegmentedRaftLogWorker (SegmentedRaftLogWorker.java:close(228)) - b4fa7d23-6606-45fd-9544-2b08ca3fa933@group-7943F034B0F3-SegmentedRaftLogWorker close()
2019-09-25 05:06:34,427 [pool-37-thread-1] INFO  server.RaftServerConfigKeys (ConfUtils.java:logGet(43)) - raft.server.log.statemachine.data.caching.enabled = true (custom)
2019-09-25 05:06:34,427 [pool-77-thread-1] INFO  server.RaftServerConfigKeys (ConfUtils.java:logGet(43)) - raft.server.log.statemachine.data.caching.enabled = true (custom)
2019-09-25 05:06:34,427 [pool-27-thread-1] INFO  server.RaftServerConfigKeys (ConfUtils.java:logGet(43)) - raft.server.retrycache.expirytime = 600000ms (custom)
2019-09-25 05:06:34,427 [pool-37-thread-1] INFO  segmented.SegmentedRaftLogWorker (SegmentedRaftLogWorker.java:lambda$new$0(132)) - 36ac27b3-2f11-437d-8f1f-165306b0ff4a@group-91F3DF1D9994-SegmentedRaftLogWorker: flushIndex: setUnconditionally 0 -> -1
2019-09-25 05:06:34,433 [IPC Server handler 2 on 46459] ERROR pipeline.SCMPipelineManager (SCMPipelineManager.java:createPipeline(167)) - Pipeline creation failed due to exception: 3 exceptions [java.io.IOException: Failed invoke Ratis rpc org.apache.hadoop.hdds.scm.pipeline.RatisPipelineProvider$$Lambda$186/166636373@52814422 for b4fa7d23-6606-45fd-9544-2b08ca3fa933, java.io.IOException: Failed invoke Ratis rpc org.apache.hadoop.hdds.scm.pipeline.RatisPipelineProvider$$Lambda$186/166636373@52814422 for 36ac27b3-2f11-437d-8f1f-165306b0ff4a, java.io.IOException: Failed invoke Ratis rpc org.apache.hadoop.hdds.scm.pipeline.RatisPipelineProvider$$Lambda$186/166636373@52814422 for 56396258-65a3-478c-9482-0be0199dd49c]
2019-09-25 05:06:34,427 [pool-77-thread-1] INFO  segmented.SegmentedRaftLogWorker (SegmentedRaftLogWorker.java:lambda$new$0(132)) - b4fa7d23-6606-45fd-9544-2b08ca3fa933@group-2B0CB06791EF-SegmentedRaftLogWorker: flushIndex: setUnconditionally 0 -> -1
2019-09-25 05:06:34,433 [pool-37-thread-1] INFO  server.RaftServerConfigKeys (ConfUtils.java:logGet(43)) - raft.server.snapshot.auto.trigger.enabled = true (custom)
2019-09-25 05:06:34,437 [pool-37-thread-1] INFO  server.RaftServerConfigKeys (ConfUtils.java:logGet(43)) - raft.server.snapshot.auto.trigger.threshold = 10000 (custom)
2019-09-25 05:06:34,437 [pool-77-thread-1] INFO  server.RaftServerConfigKeys (ConfUtils.java:logGet(43)) - raft.server.snapshot.auto.trigger.enabled = true (custom)
2019-09-25 05:06:34,438 [pool-37-thread-1] INFO  server.RaftServerConfigKeys (ConfUtils.java:logGet(43)) - raft.server.snapshot.retention.num.files = 5 (custom)
2019-09-25 05:06:34,438 [pool-77-thread-1] INFO  server.RaftServerConfigKeys (ConfUtils.java:logGet(43)) - raft.server.snapshot.auto.trigger.threshold = 10000 (custom)
2019-09-25 05:06:34,438 [pool-77-thread-1] INFO  server.RaftServerConfigKeys (ConfUtils.java:logGet(43)) - raft.server.snapshot.retention.num.files = 5 (custom)
2019-09-25 05:06:34,443 [grpc-default-executor-1] INFO  impl.RaftServerProxy (RaftServerProxy.java:addNew(89)) - de37f7a0-0375-40a9-a318-404478482fcb: addNew group-6F794C7E7E86:[de37f7a0-0375-40a9-a318-404478482fcb:192.168.30.10:44522] returns group-6F794C7E7E86:java.util.concurrent.CompletableFuture@265db679[Not completed]
2019-09-25 05:06:34,479 [pool-77-thread-1] INFO  server.RaftServerConfigKeys (ConfUtils.java:logGet(43)) - raft.server.retrycache.expirytime = 600000ms (custom)
2019-09-25 05:06:34,479 [pool-37-thread-1] INFO  server.RaftServerConfigKeys (ConfUtils.java:logGet(43)) - raft.server.retrycache.expirytime = 600000ms (custom)
2019-09-25 05:06:34,574 [692224c4-5202-4921-98cc-04d5c60c79cc@group-9D2E271A9E0B-SegmentedRaftLogWorker] ERROR segmented.SegmentedRaftLogWorker (SegmentedRaftLogWorker.java:run(323)) - 692224c4-5202-4921-98cc-04d5c60c79cc@group-9D2E271A9E0B-SegmentedRaftLogWorker hit exception
java.lang.OutOfMemoryError: Direct buffer memory
	at java.nio.Bits.reserveMemory(Bits.java:666)
	at java.nio.DirectByteBuffer.<init>(DirectByteBuffer.java:123)
	at java.nio.ByteBuffer.allocateDirect(ByteBuffer.java:311)
	at org.apache.ratis.server.raftlog.segmented.BufferedWriteChannel.<init>(BufferedWriteChannel.java:41)
	at org.apache.ratis.server.raftlog.segmented.SegmentedRaftLogOutputStream.<init>(SegmentedRaftLogOutputStream.java:72)
	at org.apache.ratis.server.raftlog.segmented.SegmentedRaftLogWorker$StartLogSegment.execute(SegmentedRaftLogWorker.java:566)
	at org.apache.ratis.server.raftlog.segmented.SegmentedRaftLogWorker.run(SegmentedRaftLogWorker.java:289)
	at java.lang.Thread.run(Thread.java:748)
2019-09-25 05:06:34,574 [692224c4-5202-4921-98cc-04d5c60c79cc@group-C6BB86E2A863-SegmentedRaftLogWorker] ERROR segmented.SegmentedRaftLogWorker (SegmentedRaftLogWorker.java:run(323)) - 692224c4-5202-4921-98cc-04d5c60c79cc@group-C6BB86E2A863-SegmentedRaftLogWorker hit exception
java.lang.OutOfMemoryError: Direct buffer memory
	at java.nio.Bits.reserveMemory(Bits.java:666)
	at java.nio.DirectByteBuffer.<init>(DirectByteBuffer.java:123)
	at java.nio.ByteBuffer.allocateDirect(ByteBuffer.java:311)
	at org.apache.ratis.server.raftlog.segmented.BufferedWriteChannel.<init>(BufferedWriteChannel.java:41)
	at org.apache.ratis.server.raftlog.segmented.SegmentedRaftLogOutputStream.<init>(SegmentedRaftLogOutputStream.java:72)
	at org.apache.ratis.server.raftlog.segmented.SegmentedRaftLogWorker$StartLogSegment.execute(SegmentedRaftLogWorker.java:566)
	at org.apache.ratis.server.raftlog.segmented.SegmentedRaftLogWorker.run(SegmentedRaftLogWorker.java:289)
	at java.lang.Thread.run(Thread.java:748)
2019-09-25 05:06:34,574 [692224c4-5202-4921-98cc-04d5c60c79cc@group-9D2E271A9E0B-SegmentedRaftLogWorker] INFO  impl.RaftServerImpl (RaftServerImpl.java:lambda$shutdown$3(251)) - 692224c4-5202-4921-98cc-04d5c60c79cc@group-9D2E271A9E0B: shutdown
2019-09-25 05:06:34,575 [692224c4-5202-4921-98cc-04d5c60c79cc@group-C6BB86E2A863-SegmentedRaftLogWorker] INFO  impl.RaftServerImpl (RaftServerImpl.java:lambda$shutdown$3(251)) - 692224c4-5202-4921-98cc-04d5c60c79cc@group-C6BB86E2A863: shutdown
2019-09-25 05:06:34,575 [692224c4-5202-4921-98cc-04d5c60c79cc@group-9D2E271A9E0B-SegmentedRaftLogWorker] INFO  util.JmxRegister (JmxRegister.java:unregister(73)) - Successfully un-registered JMX Bean with object name Ratis:service=RaftServer,group=group-9D2E271A9E0B,id=692224c4-5202-4921-98cc-04d5c60c79cc
2019-09-25 05:06:34,575 [692224c4-5202-4921-98cc-04d5c60c79cc@group-C6BB86E2A863-SegmentedRaftLogWorker] INFO  util.JmxRegister (JmxRegister.java:unregister(73)) - Successfully un-registered JMX Bean with object name Ratis:service=RaftServer,group=group-C6BB86E2A863,id=692224c4-5202-4921-98cc-04d5c60c79cc
2019-09-25 05:06:34,575 [692224c4-5202-4921-98cc-04d5c60c79cc@group-9D2E271A9E0B-SegmentedRaftLogWorker] INFO  impl.RoleInfo (RoleInfo.java:shutdownLeaderState(104)) - 692224c4-5202-4921-98cc-04d5c60c79cc: shutdown LeaderState
2019-09-25 05:06:34,575 [692224c4-5202-4921-98cc-04d5c60c79cc@group-C6BB86E2A863-SegmentedRaftLogWorker] INFO  impl.RoleInfo (RoleInfo.java:shutdownLeaderState(104)) - 692224c4-5202-4921-98cc-04d5c60c79cc: shutdown LeaderState
2019-09-25 05:06:34,575 [692224c4-5202-4921-98cc-04d5c60c79cc@group-9D2E271A9E0B-SegmentedRaftLogWorker] INFO  impl.PendingRequests (PendingRequests.java:sendNotLeaderResponses(202)) - 692224c4-5202-4921-98cc-04d5c60c79cc-PendingRequests: sendNotLeaderResponses
2019-09-25 05:06:34,576 [692224c4-5202-4921-98cc-04d5c60c79cc@group-C6BB86E2A863-SegmentedRaftLogWorker] INFO  impl.PendingRequests (PendingRequests.java:sendNotLeaderResponses(202)) - 692224c4-5202-4921-98cc-04d5c60c79cc-PendingRequests: sendNotLeaderResponses
2019-09-25 05:06:34,576 [692224c4-5202-4921-98cc-04d5c60c79cc@group-9D2E271A9E0B-SegmentedRaftLogWorker] INFO  impl.StateMachineUpdater (StateMachineUpdater.java:stopAndJoin(125)) - 692224c4-5202-4921-98cc-04d5c60c79cc@group-9D2E271A9E0B-StateMachineUpdater: set stopIndex = -1
2019-09-25 05:06:34,576 [692224c4-5202-4921-98cc-04d5c60c79cc@group-C6BB86E2A863-SegmentedRaftLogWorker] INFO  impl.StateMachineUpdater (StateMachineUpdater.java:stopAndJoin(125)) - 692224c4-5202-4921-98cc-04d5c60c79cc@group-C6BB86E2A863-StateMachineUpdater: set stopIndex = -1
2019-09-25 05:06:34,576 [692224c4-5202-4921-98cc-04d5c60c79cc@group-9D2E271A9E0B-SegmentedRaftLogWorker] INFO  impl.RaftServerImpl (ServerState.java:close(385)) - 692224c4-5202-4921-98cc-04d5c60c79cc@group-9D2E271A9E0B: closes. applyIndex: -1
2019-09-25 05:06:34,576 [692224c4-5202-4921-98cc-04d5c60c79cc@group-C6BB86E2A863-SegmentedRaftLogWorker] INFO  impl.RaftServerImpl (ServerState.java:close(385)) - 692224c4-5202-4921-98cc-04d5c60c79cc@group-C6BB86E2A863: closes. applyIndex: -1
2019-09-25 05:06:34,576 [692224c4-5202-4921-98cc-04d5c60c79cc@group-9D2E271A9E0B-SegmentedRaftLogWorker] INFO  segmented.SegmentedRaftLogWorker (SegmentedRaftLogWorker.java:close(228)) - 692224c4-5202-4921-98cc-04d5c60c79cc@group-9D2E271A9E0B-SegmentedRaftLogWorker close()
2019-09-25 05:06:34,576 [692224c4-5202-4921-98cc-04d5c60c79cc@group-C6BB86E2A863-SegmentedRaftLogWorker] INFO  segmented.SegmentedRaftLogWorker (SegmentedRaftLogWorker.java:close(228)) - 692224c4-5202-4921-98cc-04d5c60c79cc@group-C6BB86E2A863-SegmentedRaftLogWorker close()
2019-09-25 05:06:34,593 [pool-57-thread-1] INFO  impl.RaftServerImpl (RaftServerImpl.java:<init>(95)) - de37f7a0-0375-40a9-a318-404478482fcb: new RaftServerImpl for group-6F794C7E7E86:[de37f7a0-0375-40a9-a318-404478482fcb:192.168.30.10:44522] with ContainerStateMachine:uninitialized
2019-09-25 05:06:34,593 [pool-57-thread-1] INFO  server.RaftServerConfigKeys (ConfUtils.java:logGet(43)) - raft.server.rpc.timeout.min = 5s (custom)
2019-09-25 05:06:34,594 [pool-57-thread-1] INFO  server.RaftServerConfigKeys (ConfUtils.java:logGet(43)) - raft.server.rpc.timeout.max = 5200ms (custom)
2019-09-25 05:06:34,594 [pool-57-thread-1] INFO  server.RaftServerConfigKeys (ConfUtils.java:logGet(43)) - raft.server.rpcslowness.timeout = 120s (custom)
2019-09-25 05:06:34,594 [pool-57-thread-1] INFO  server.RaftServerConfigKeys (ConfUtils.java:logGet(43)) - raft.server.sleep.deviation.threshold = 300 (default)
2019-09-25 05:06:34,594 [pool-57-thread-1] INFO  server.RaftServerConfigKeys (ConfUtils.java:logGet(43)) - raft.server.log.appender.install.snapshot.enabled = false (custom)
2019-09-25 05:06:34,594 [pool-57-thread-1] INFO  impl.RaftServerImpl (ServerState.java:<init>(103)) - de37f7a0-0375-40a9-a318-404478482fcb@group-6F794C7E7E86: ConfigurationManager, init=-1: [de37f7a0-0375-40a9-a318-404478482fcb:192.168.30.10:44522], old=null, confs=<EMPTY_MAP>
2019-09-25 05:06:34,594 [pool-57-thread-1] INFO  server.RaftServerConfigKeys (ConfUtils.java:logGet(43)) - raft.server.storage.dir = [/workdir/hadoop-ozone/integration-test/target/test-dir/MiniOzoneClusterImpl-23306158-e895-4fc7-80df-ce6c264c388b/datanode-3/data/ratis] (custom)
2019-09-25 05:06:34,595 [pool-57-thread-1] INFO  storage.RaftStorageDirectory (RaftStorageDirectory.java:analyzeStorage(246)) - The storage directory /workdir/hadoop-ozone/integration-test/target/test-dir/MiniOzoneClusterImpl-23306158-e895-4fc7-80df-ce6c264c388b/datanode-3/data/ratis/a911bd15-a24e-4a4d-b993-6f794c7e7e86 does not exist. Creating ...
2019-09-25 05:06:34,609 [pool-57-thread-1] INFO  storage.RaftStorageDirectory (RaftStorageDirectory.java:tryLock(328)) - Lock on /workdir/hadoop-ozone/integration-test/target/test-dir/MiniOzoneClusterImpl-23306158-e895-4fc7-80df-ce6c264c388b/datanode-3/data/ratis/a911bd15-a24e-4a4d-b993-6f794c7e7e86/in_use.lock acquired by nodename 25526@pr-hdds-1569-s62bp-3040748787
2019-09-25 05:06:34,612 [pool-37-thread-1] INFO  impl.RaftServerImpl (RaftServerImpl.java:start(185)) - 36ac27b3-2f11-437d-8f1f-165306b0ff4a@group-13A24F8F0DC7: start as a follower, conf=-1: [36ac27b3-2f11-437d-8f1f-165306b0ff4a:192.168.30.10:45265], old=null
2019-09-25 05:06:34,612 [pool-37-thread-1] INFO  impl.RaftServerImpl (RaftServerImpl.java:setRole(174)) - 36ac27b3-2f11-437d-8f1f-165306b0ff4a@group-13A24F8F0DC7: changes role from      null to FOLLOWER at term 0 for startAsFollower
2019-09-25 05:06:34,612 [pool-37-thread-1] INFO  impl.RoleInfo (RoleInfo.java:updateAndGet(143)) - 36ac27b3-2f11-437d-8f1f-165306b0ff4a: start FollowerState
2019-09-25 05:06:34,613 [pool-77-thread-1] INFO  impl.RaftServerImpl (RaftServerImpl.java:start(185)) - b4fa7d23-6606-45fd-9544-2b08ca3fa933@group-2B0CB06791EF: start as a follower, conf=-1: [b4fa7d23-6606-45fd-9544-2b08ca3fa933:192.168.30.10:34493, 56396258-65a3-478c-9482-0be0199dd49c:192.168.30.10:41678, 36ac27b3-2f11-437d-8f1f-165306b0ff4a:192.168.30.10:45265], old=null
2019-09-25 05:06:34,613 [pool-77-thread-1] INFO  impl.RaftServerImpl (RaftServerImpl.java:setRole(174)) - b4fa7d23-6606-45fd-9544-2b08ca3fa933@group-2B0CB06791EF: changes role from      null to FOLLOWER at term 0 for startAsFollower
2019-09-25 05:06:34,613 [pool-77-thread-1] INFO  impl.RoleInfo (RoleInfo.java:updateAndGet(143)) - b4fa7d23-6606-45fd-9544-2b08ca3fa933: start FollowerState
2019-09-25 05:06:34,613 [pool-37-thread-1] INFO  util.JmxRegister (JmxRegister.java:tryRegister(44)) - Successfully registered JMX Bean with object name Ratis:service=RaftServer,group=group-13A24F8F0DC7,id=36ac27b3-2f11-437d-8f1f-165306b0ff4a
2019-09-25 05:06:34,614 [pool-77-thread-1] INFO  util.JmxRegister (JmxRegister.java:tryRegister(44)) - Successfully registered JMX Bean with object name Ratis:service=RaftServer,group=group-2B0CB06791EF,id=b4fa7d23-6606-45fd-9544-2b08ca3fa933
2019-09-25 05:06:34,615 [pool-37-thread-1] INFO  impl.RaftServerImpl (RaftServerImpl.java:<init>(95)) - 36ac27b3-2f11-437d-8f1f-165306b0ff4a: new RaftServerImpl for group-2B0CB06791EF:[b4fa7d23-6606-45fd-9544-2b08ca3fa933:192.168.30.10:34493, 56396258-65a3-478c-9482-0be0199dd49c:192.168.30.10:41678, 36ac27b3-2f11-437d-8f1f-165306b0ff4a:192.168.30.10:45265] with ContainerStateMachine:uninitialized
2019-09-25 05:06:34,616 [pool-37-thread-1] INFO  server.RaftServerConfigKeys (ConfUtils.java:logGet(43)) - raft.server.rpc.timeout.min = 5s (custom)
2019-09-25 05:06:34,616 [pool-37-thread-1] INFO  server.RaftServerConfigKeys (ConfUtils.java:logGet(43)) - raft.server.rpc.timeout.max = 5200ms (custom)
2019-09-25 05:06:34,616 [pool-37-thread-1] INFO  server.RaftServerConfigKeys (ConfUtils.java:logGet(43)) - raft.server.rpcslowness.timeout = 120s (custom)
2019-09-25 05:06:34,616 [pool-37-thread-1] INFO  server.RaftServerConfigKeys (ConfUtils.java:logGet(43)) - raft.server.sleep.deviation.threshold = 300 (default)
2019-09-25 05:06:34,616 [pool-37-thread-1] INFO  server.RaftServerConfigKeys (ConfUtils.java:logGet(43)) - raft.server.log.appender.install.snapshot.enabled = false (custom)
2019-09-25 05:06:34,617 [pool-37-thread-1] INFO  impl.RaftServerImpl (ServerState.java:<init>(103)) - 36ac27b3-2f11-437d-8f1f-165306b0ff4a@group-2B0CB06791EF: ConfigurationManager, init=-1: [b4fa7d23-6606-45fd-9544-2b08ca3fa933:192.168.30.10:34493, 56396258-65a3-478c-9482-0be0199dd49c:192.168.30.10:41678, 36ac27b3-2f11-437d-8f1f-165306b0ff4a:192.168.30.10:45265], old=null, confs=<EMPTY_MAP>
2019-09-25 05:06:34,617 [pool-37-thread-1] INFO  server.RaftServerConfigKeys (ConfUtils.java:logGet(43)) - raft.server.storage.dir = [/workdir/hadoop-ozone/integration-test/target/test-dir/MiniOzoneClusterImpl-23306158-e895-4fc7-80df-ce6c264c388b/datanode-1/data/ratis] (custom)
2019-09-25 05:06:34,617 [pool-37-thread-1] INFO  storage.RaftStorageDirectory (RaftStorageDirectory.java:analyzeStorage(246)) - The storage directory /workdir/hadoop-ozone/integration-test/target/test-dir/MiniOzoneClusterImpl-23306158-e895-4fc7-80df-ce6c264c388b/datanode-1/data/ratis/09bb0109-2b0d-49eb-9517-2b0cb06791ef does not exist. Creating ...
2019-09-25 05:06:34,618 [pool-27-thread-1] INFO  impl.RaftServerImpl (RaftServerImpl.java:start(185)) - f77bfc29-6991-4b1d-a503-f706c83de4fc@group-91F3DF1D9994: start as a follower, conf=-1: [36ac27b3-2f11-437d-8f1f-165306b0ff4a:192.168.30.10:45265, 56396258-65a3-478c-9482-0be0199dd49c:192.168.30.10:41678, f77bfc29-6991-4b1d-a503-f706c83de4fc:192.168.30.10:35112], old=null
2019-09-25 05:06:34,618 [pool-27-thread-1] INFO  impl.RaftServerImpl (RaftServerImpl.java:setRole(174)) - f77bfc29-6991-4b1d-a503-f706c83de4fc@group-91F3DF1D9994: changes role from      null to FOLLOWER at term 0 for startAsFollower
2019-09-25 05:06:34,618 [pool-27-thread-1] INFO  impl.RoleInfo (RoleInfo.java:updateAndGet(143)) - f77bfc29-6991-4b1d-a503-f706c83de4fc: start FollowerState
2019-09-25 05:06:34,619 [pool-27-thread-1] INFO  util.JmxRegister (JmxRegister.java:tryRegister(44)) - Successfully registered JMX Bean with object name Ratis:service=RaftServer,group=group-91F3DF1D9994,id=f77bfc29-6991-4b1d-a503-f706c83de4fc
2019-09-25 05:06:34,620 [36ac27b3-2f11-437d-8f1f-165306b0ff4a@group-84CDB88FD1B0:LeaderElection142] INFO  impl.RoleInfo (RoleInfo.java:updateAndGet(143)) - 36ac27b3-2f11-437d-8f1f-165306b0ff4a: start LeaderState
2019-09-25 05:06:34,620 [36ac27b3-2f11-437d-8f1f-165306b0ff4a@group-84CDB88FD1B0:LeaderElection142] INFO  segmented.SegmentedRaftLogWorker (SegmentedRaftLogWorker.java:startLogSegment(380)) - 36ac27b3-2f11-437d-8f1f-165306b0ff4a@group-84CDB88FD1B0-SegmentedRaftLogWorker: Starting segment from index:0
2019-09-25 05:06:34,956 [692224c4-5202-4921-98cc-04d5c60c79cc@group-4EBFA92A4DF4-SegmentedRaftLogWorker] ERROR segmented.SegmentedRaftLogWorker (SegmentedRaftLogWorker.java:run(323)) - 692224c4-5202-4921-98cc-04d5c60c79cc@group-4EBFA92A4DF4-SegmentedRaftLogWorker hit exception
java.lang.OutOfMemoryError: Direct buffer memory
	at java.nio.Bits.reserveMemory(Bits.java:666)
	at java.nio.DirectByteBuffer.<init>(DirectByteBuffer.java:123)
	at java.nio.ByteBuffer.allocateDirect(ByteBuffer.java:311)
	at org.apache.ratis.server.raftlog.segmented.BufferedWriteChannel.<init>(BufferedWriteChannel.java:41)
	at org.apache.ratis.server.raftlog.segmented.SegmentedRaftLogOutputStream.<init>(SegmentedRaftLogOutputStream.java:72)
	at org.apache.ratis.server.raftlog.segmented.SegmentedRaftLogWorker$StartLogSegment.execute(SegmentedRaftLogWorker.java:566)
	at org.apache.ratis.server.raftlog.segmented.SegmentedRaftLogWorker.run(SegmentedRaftLogWorker.java:289)
	at java.lang.Thread.run(Thread.java:748)
2019-09-25 05:06:34,956 [36ac27b3-2f11-437d-8f1f-165306b0ff4a@group-6E6AA1FC98DD-SegmentedRaftLogWorker] ERROR segmented.SegmentedRaftLogWorker (SegmentedRaftLogWorker.java:run(323)) - 36ac27b3-2f11-437d-8f1f-165306b0ff4a@group-6E6AA1FC98DD-SegmentedRaftLogWorker hit exception
java.lang.OutOfMemoryError: Direct buffer memory
	at java.nio.Bits.reserveMemory(Bits.java:666)
	at java.nio.DirectByteBuffer.<init>(DirectByteBuffer.java:123)
	at java.nio.ByteBuffer.allocateDirect(ByteBuffer.java:311)
	at org.apache.ratis.server.raftlog.segmented.BufferedWriteChannel.<init>(BufferedWriteChannel.java:41)
	at org.apache.ratis.server.raftlog.segmented.SegmentedRaftLogOutputStream.<init>(SegmentedRaftLogOutputStream.java:72)
	at org.apache.ratis.server.raftlog.segmented.SegmentedRaftLogWorker$StartLogSegment.execute(SegmentedRaftLogWorker.java:566)
	at org.apache.ratis.server.raftlog.segmented.SegmentedRaftLogWorker.run(SegmentedRaftLogWorker.java:289)
	at java.lang.Thread.run(Thread.java:748)
2019-09-25 05:06:34,956 [f77bfc29-6991-4b1d-a503-f706c83de4fc@group-F2D9B87A111F-SegmentedRaftLogWorker] ERROR segmented.SegmentedRaftLogWorker (SegmentedRaftLogWorker.java:run(323)) - f77bfc29-6991-4b1d-a503-f706c83de4fc@group-F2D9B87A111F-SegmentedRaftLogWorker hit exception
java.lang.OutOfMemoryError: Direct buffer memory
	at java.nio.Bits.reserveMemory(Bits.java:666)
	at java.nio.DirectByteBuffer.<init>(DirectByteBuffer.java:123)
	at java.nio.ByteBuffer.allocateDirect(ByteBuffer.java:311)
	at org.apache.ratis.server.raftlog.segmented.BufferedWriteChannel.<init>(BufferedWriteChannel.java:41)
	at org.apache.ratis.server.raftlog.segmented.SegmentedRaftLogOutputStream.<init>(SegmentedRaftLogOutputStream.java:72)
	at org.apache.ratis.server.raftlog.segmented.SegmentedRaftLogWorker$StartLogSegment.execute(SegmentedRaftLogWorker.java:566)
	at org.apache.ratis.server.raftlog.segmented.SegmentedRaftLogWorker.run(SegmentedRaftLogWorker.java:289)
	at java.lang.Thread.run(Thread.java:748)
2019-09-25 05:06:34,957 [56396258-65a3-478c-9482-0be0199dd49c@group-E36E29956034-SegmentedRaftLogWorker] ERROR segmented.SegmentedRaftLogWorker (SegmentedRaftLogWorker.java:run(323)) - 56396258-65a3-478c-9482-0be0199dd49c@group-E36E29956034-SegmentedRaftLogWorker hit exception
java.lang.OutOfMemoryError: Direct buffer memory
	at java.nio.Bits.reserveMemory(Bits.java:666)
	at java.nio.DirectByteBuffer.<init>(DirectByteBuffer.java:123)
	at java.nio.ByteBuffer.allocateDirect(ByteBuffer.java:311)
	at org.apache.ratis.server.raftlog.segmented.BufferedWriteChannel.<init>(BufferedWriteChannel.java:41)
	at org.apache.ratis.server.raftlog.segmented.SegmentedRaftLogOutputStream.<init>(SegmentedRaftLogOutputStream.java:72)
	at org.apache.ratis.server.raftlog.segmented.SegmentedRaftLogWorker$StartLogSegment.execute(SegmentedRaftLogWorker.java:566)
	at org.apache.ratis.server.raftlog.segmented.SegmentedRaftLogWorker.run(SegmentedRaftLogWorker.java:289)
	at java.lang.Thread.run(Thread.java:748)
2019-09-25 05:06:34,957 [56396258-65a3-478c-9482-0be0199dd49c@group-E36E29956034-SegmentedRaftLogWorker] INFO  impl.RaftServerImpl (RaftServerImpl.java:lambda$shutdown$3(251)) - 56396258-65a3-478c-9482-0be0199dd49c@group-E36E29956034: shutdown
2019-09-25 05:06:34,956 [c8798e02-7f0c-41f7-82c2-a17323bcf21e@group-0D663BBCA5B4-SegmentedRaftLogWorker] ERROR segmented.SegmentedRaftLogWorker (SegmentedRaftLogWorker.java:run(323)) - c8798e02-7f0c-41f7-82c2-a17323bcf21e@group-0D663BBCA5B4-SegmentedRaftLogWorker hit exception
java.lang.OutOfMemoryError: Direct buffer memory
	at java.nio.Bits.reserveMemory(Bits.java:666)
	at java.nio.DirectByteBuffer.<init>(DirectByteBuffer.java:123)
	at java.nio.ByteBuffer.allocateDirect(ByteBuffer.java:311)
	at org.apache.ratis.server.raftlog.segmented.BufferedWriteChannel.<init>(BufferedWriteChannel.java:41)
	at org.apache.ratis.server.raftlog.segmented.SegmentedRaftLogOutputStream.<init>(SegmentedRaftLogOutputStream.java:72)
	at org.apache.ratis.server.raftlog.segmented.SegmentedRaftLogWorker$StartLogSegment.execute(SegmentedRaftLogWorker.java:566)
	at org.apache.ratis.server.raftlog.segmented.SegmentedRaftLogWorker.run(SegmentedRaftLogWorker.java:289)
	at java.lang.Thread.run(Thread.java:748)
2019-09-25 05:06:34,956 [692224c4-5202-4921-98cc-04d5c60c79cc@group-3853F77ACA4A-SegmentedRaftLogWorker] ERROR segmented.SegmentedRaftLogWorker (SegmentedRaftLogWorker.java:run(323)) - 692224c4-5202-4921-98cc-04d5c60c79cc@group-3853F77ACA4A-SegmentedRaftLogWorker hit exception
java.lang.OutOfMemoryError: Direct buffer memory
	at java.nio.Bits.reserveMemory(Bits.java:666)
	at java.nio.DirectByteBuffer.<init>(DirectByteBuffer.java:123)
	at java.nio.ByteBuffer.allocateDirect(ByteBuffer.java:311)
	at org.apache.ratis.server.raftlog.segmented.BufferedWriteChannel.<init>(BufferedWriteChannel.java:41)
	at org.apache.ratis.server.raftlog.segmented.SegmentedRaftLogOutputStream.<init>(SegmentedRaftLogOutputStream.java:72)
	at org.apache.ratis.server.raftlog.segmented.SegmentedRaftLogWorker$StartLogSegment.execute(SegmentedRaftLogWorker.java:566)
	at org.apache.ratis.server.raftlog.segmented.SegmentedRaftLogWorker.run(SegmentedRaftLogWorker.java:289)
	at java.lang.Thread.run(Thread.java:748)
2019-09-25 05:06:34,956 [f77bfc29-6991-4b1d-a503-f706c83de4fc@group-D1E4F48C375A-SegmentedRaftLogWorker] ERROR segmented.SegmentedRaftLogWorker (SegmentedRaftLogWorker.java:run(323)) - f77bfc29-6991-4b1d-a503-f706c83de4fc@group-D1E4F48C375A-SegmentedRaftLogWorker hit exception
java.lang.OutOfMemoryError: Direct buffer memory
	at java.nio.Bits.reserveMemory(Bits.java:666)
	at java.nio.DirectByteBuffer.<init>(DirectByteBuffer.java:123)
	at java.nio.ByteBuffer.allocateDirect(ByteBuffer.java:311)
	at org.apache.ratis.server.raftlog.segmented.BufferedWriteChannel.<init>(BufferedWriteChannel.java:41)
	at org.apache.ratis.server.raftlog.segmented.SegmentedRaftLogOutputStream.<init>(SegmentedRaftLogOutputStream.java:72)
	at org.apache.ratis.server.raftlog.segmented.SegmentedRaftLogWorker$StartLogSegment.execute(SegmentedRaftLogWorker.java:566)
	at org.apache.ratis.server.raftlog.segmented.SegmentedRaftLogWorker.run(SegmentedRaftLogWorker.java:289)
	at java.lang.Thread.run(Thread.java:748)
2019-09-25 05:06:34,958 [f77bfc29-6991-4b1d-a503-f706c83de4fc@group-D1E4F48C375A-SegmentedRaftLogWorker] INFO  impl.RaftServerImpl (RaftServerImpl.java:lambda$shutdown$3(251)) - f77bfc29-6991-4b1d-a503-f706c83de4fc@group-D1E4F48C375A: shutdown
2019-09-25 05:06:34,956 [f77bfc29-6991-4b1d-a503-f706c83de4fc@group-35F023F29269-SegmentedRaftLogWorker] ERROR segmented.SegmentedRaftLogWorker (SegmentedRaftLogWorker.java:run(323)) - f77bfc29-6991-4b1d-a503-f706c83de4fc@group-35F023F29269-SegmentedRaftLogWorker hit exception
java.lang.OutOfMemoryError: Direct buffer memory
	at java.nio.Bits.reserveMemory(Bits.java:666)
	at java.nio.DirectByteBuffer.<init>(DirectByteBuffer.java:123)
	at java.nio.ByteBuffer.allocateDirect(ByteBuffer.java:311)
	at org.apache.ratis.server.raftlog.segmented.BufferedWriteChannel.<init>(BufferedWriteChannel.java:41)
	at org.apache.ratis.server.raftlog.segmented.SegmentedRaftLogOutputStream.<init>(SegmentedRaftLogOutputStream.java:72)
	at org.apache.ratis.server.raftlog.segmented.SegmentedRaftLogWorker$StartLogSegment.execute(SegmentedRaftLogWorker.java:566)
	at org.apache.ratis.server.raftlog.segmented.SegmentedRaftLogWorker.run(SegmentedRaftLogWorker.java:289)
	at java.lang.Thread.run(Thread.java:748)
2019-09-25 05:06:34,958 [b4fa7d23-6606-45fd-9544-2b08ca3fa933@group-6413F98F8F54-SegmentedRaftLogWorker] ERROR segmented.SegmentedRaftLogWorker (SegmentedRaftLogWorker.java:run(323)) - b4fa7d23-6606-45fd-9544-2b08ca3fa933@group-6413F98F8F54-SegmentedRaftLogWorker hit exception
java.lang.OutOfMemoryError: Direct buffer memory
	at java.nio.Bits.reserveMemory(Bits.java:666)
	at java.nio.DirectByteBuffer.<init>(DirectByteBuffer.java:123)
	at java.nio.ByteBuffer.allocateDirect(ByteBuffer.java:311)
	at org.apache.ratis.server.raftlog.segmented.BufferedWriteChannel.<init>(BufferedWriteChannel.java:41)
	at org.apache.ratis.server.raftlog.segmented.SegmentedRaftLogOutputStream.<init>(SegmentedRaftLogOutputStream.java:72)
	at org.apache.ratis.server.raftlog.segmented.SegmentedRaftLogWorker$StartLogSegment.execute(SegmentedRaftLogWorker.java:566)
	at org.apache.ratis.server.raftlog.segmented.SegmentedRaftLogWorker.run(SegmentedRaftLogWorker.java:289)
	at java.lang.Thread.run(Thread.java:748)
2019-09-25 05:06:34,959 [b4fa7d23-6606-45fd-9544-2b08ca3fa933@group-6413F98F8F54-SegmentedRaftLogWorker] INFO  impl.RaftServerImpl (RaftServerImpl.java:lambda$shutdown$3(251)) - b4fa7d23-6606-45fd-9544-2b08ca3fa933@group-6413F98F8F54: shutdown
2019-09-25 05:06:34,958 [56396258-65a3-478c-9482-0be0199dd49c@group-2570D1B685B2-SegmentedRaftLogWorker] ERROR segmented.SegmentedRaftLogWorker (SegmentedRaftLogWorker.java:run(323)) - 56396258-65a3-478c-9482-0be0199dd49c@group-2570D1B685B2-SegmentedRaftLogWorker hit exception
java.lang.OutOfMemoryError: Direct buffer memory
	at java.nio.Bits.reserveMemory(Bits.java:666)
	at java.nio.DirectByteBuffer.<init>(DirectByteBuffer.java:123)
	at java.nio.ByteBuffer.allocateDirect(ByteBuffer.java:311)
	at org.apache.ratis.server.raftlog.segmented.BufferedWriteChannel.<init>(BufferedWriteChannel.java:41)
	at org.apache.ratis.server.raftlog.segmented.SegmentedRaftLogOutputStream.<init>(SegmentedRaftLogOutputStream.java:72)
	at org.apache.ratis.server.raftlog.segmented.SegmentedRaftLogWorker$StartLogSegment.execute(SegmentedRaftLogWorker.java:566)
	at org.apache.ratis.server.raftlog.segmented.SegmentedRaftLogWorker.run(SegmentedRaftLogWorker.java:289)
	at java.lang.Thread.run(Thread.java:748)
2019-09-25 05:06:34,958 [692224c4-5202-4921-98cc-04d5c60c79cc@group-3853F77ACA4A-SegmentedRaftLogWorker] INFO  impl.RaftServerImpl (RaftServerImpl.java:lambda$shutdown$3(251)) - 692224c4-5202-4921-98cc-04d5c60c79cc@group-3853F77ACA4A: shutdown
2019-09-25 05:06:34,958 [c8798e02-7f0c-41f7-82c2-a17323bcf21e@group-0D663BBCA5B4-SegmentedRaftLogWorker] INFO  impl.RaftServerImpl (RaftServerImpl.java:lambda$shutdown$3(251)) - c8798e02-7f0c-41f7-82c2-a17323bcf21e@group-0D663BBCA5B4: shutdown
2019-09-25 05:06:34,957 [de37f7a0-0375-40a9-a318-404478482fcb@group-C088ACFB0C23-SegmentedRaftLogWorker] ERROR segmented.SegmentedRaftLogWorker (SegmentedRaftLogWorker.java:run(323)) - de37f7a0-0375-40a9-a318-404478482fcb@group-C088ACFB0C23-SegmentedRaftLogWorker hit exception
java.lang.OutOfMemoryError: Direct buffer memory
	at java.nio.Bits.reserveMemory(Bits.java:666)
	at java.nio.DirectByteBuffer.<init>(DirectByteBuffer.java:123)
	at java.nio.ByteBuffer.allocateDirect(ByteBuffer.java:311)
	at org.apache.ratis.server.raftlog.segmented.BufferedWriteChannel.<init>(BufferedWriteChannel.java:41)
	at org.apache.ratis.server.raftlog.segmented.SegmentedRaftLogOutputStream.<init>(SegmentedRaftLogOutputStream.java:72)
	at org.apache.ratis.server.raftlog.segmented.SegmentedRaftLogWorker$StartLogSegment.execute(SegmentedRaftLogWorker.java:566)
	at org.apache.ratis.server.raftlog.segmented.SegmentedRaftLogWorker.run(SegmentedRaftLogWorker.java:289)
	at java.lang.Thread.run(Thread.java:748)
2019-09-25 05:06:34,957 [c8798e02-7f0c-41f7-82c2-a17323bcf21e@group-82E6436EE4C4-SegmentedRaftLogWorker] ERROR segmented.SegmentedRaftLogWorker (SegmentedRaftLogWorker.java:run(323)) - c8798e02-7f0c-41f7-82c2-a17323bcf21e@group-82E6436EE4C4-SegmentedRaftLogWorker hit exception
java.lang.OutOfMemoryError: Direct buffer memory
	at java.nio.Bits.reserveMemory(Bits.java:666)
	at java.nio.DirectByteBuffer.<init>(DirectByteBuffer.java:123)
	at java.nio.ByteBuffer.allocateDirect(ByteBuffer.java:311)
	at org.apache.ratis.server.raftlog.segmented.BufferedWriteChannel.<init>(BufferedWriteChannel.java:41)
	at org.apache.ratis.server.raftlog.segmented.SegmentedRaftLogOutputStream.<init>(SegmentedRaftLogOutputStream.java:72)
	at org.apache.ratis.server.raftlog.segmented.SegmentedRaftLogWorker$StartLogSegment.execute(SegmentedRaftLogWorker.java:566)
	at org.apache.ratis.server.raftlog.segmented.SegmentedRaftLogWorker.run(SegmentedRaftLogWorker.java:289)
	at java.lang.Thread.run(Thread.java:748)
2019-09-25 05:06:34,957 [f77bfc29-6991-4b1d-a503-f706c83de4fc@group-40FD7941FFE1-SegmentedRaftLogWorker] ERROR segmented.SegmentedRaftLogWorker (SegmentedRaftLogWorker.java:run(323)) - f77bfc29-6991-4b1d-a503-f706c83de4fc@group-40FD7941FFE1-SegmentedRaftLogWorker hit exception
java.lang.OutOfMemoryError: Direct buffer memory
	at java.nio.Bits.reserveMemory(Bits.java:666)
	at java.nio.DirectByteBuffer.<init>(DirectByteBuffer.java:123)
	at java.nio.ByteBuffer.allocateDirect(ByteBuffer.java:311)
	at org.apache.ratis.server.raftlog.segmented.BufferedWriteChannel.<init>(BufferedWriteChannel.java:41)
	at org.apache.ratis.server.raftlog.segmented.SegmentedRaftLogOutputStream.<init>(SegmentedRaftLogOutputStream.java:72)
	at org.apache.ratis.server.raftlog.segmented.SegmentedRaftLogWorker$StartLogSegment.execute(SegmentedRaftLogWorker.java:566)
	at org.apache.ratis.server.raftlog.segmented.SegmentedRaftLogWorker.run(SegmentedRaftLogWorker.java:289)
	at java.lang.Thread.run(Thread.java:748)
2019-09-25 05:06:34,961 [f77bfc29-6991-4b1d-a503-f706c83de4fc@group-40FD7941FFE1-SegmentedRaftLogWorker] INFO  impl.RaftServerImpl (RaftServerImpl.java:lambda$shutdown$3(251)) - f77bfc29-6991-4b1d-a503-f706c83de4fc@group-40FD7941FFE1: shutdown
2019-09-25 05:06:34,957 [b4fa7d23-6606-45fd-9544-2b08ca3fa933@group-184F6EE9DFE2-SegmentedRaftLogWorker] ERROR segmented.SegmentedRaftLogWorker (SegmentedRaftLogWorker.java:run(323)) - b4fa7d23-6606-45fd-9544-2b08ca3fa933@group-184F6EE9DFE2-SegmentedRaftLogWorker hit exception
java.lang.OutOfMemoryError: Direct buffer memory
	at java.nio.Bits.reserveMemory(Bits.java:666)
	at java.nio.DirectByteBuffer.<init>(DirectByteBuffer.java:123)
	at java.nio.ByteBuffer.allocateDirect(ByteBuffer.java:311)
	at org.apache.ratis.server.raftlog.segmented.BufferedWriteChannel.<init>(BufferedWriteChannel.java:41)
	at org.apache.ratis.server.raftlog.segmented.SegmentedRaftLogOutputStream.<init>(SegmentedRaftLogOutputStream.java:72)
	at org.apache.ratis.server.raftlog.segmented.SegmentedRaftLogWorker$StartLogSegment.execute(SegmentedRaftLogWorker.java:566)
	at org.apache.ratis.server.raftlog.segmented.SegmentedRaftLogWorker.run(SegmentedRaftLogWorker.java:289)
	at java.lang.Thread.run(Thread.java:748)
2019-09-25 05:06:34,957 [b4fa7d23-6606-45fd-9544-2b08ca3fa933@group-490C88226581-SegmentedRaftLogWorker] ERROR segmented.SegmentedRaftLogWorker (SegmentedRaftLogWorker.java:run(323)) - b4fa7d23-6606-45fd-9544-2b08ca3fa933@group-490C88226581-SegmentedRaftLogWorker hit exception
java.lang.OutOfMemoryError: Direct buffer memory
	at java.nio.Bits.reserveMemory(Bits.java:666)
	at java.nio.DirectByteBuffer.<init>(DirectByteBuffer.java:123)
	at java.nio.ByteBuffer.allocateDirect(ByteBuffer.java:311)
	at org.apache.ratis.server.raftlog.segmented.BufferedWriteChannel.<init>(BufferedWriteChannel.java:41)
	at org.apache.ratis.server.raftlog.segmented.SegmentedRaftLogOutputStream.<init>(SegmentedRaftLogOutputStream.java:72)
	at org.apache.ratis.server.raftlog.segmented.SegmentedRaftLogWorker$StartLogSegment.execute(SegmentedRaftLogWorker.java:566)
	at org.apache.ratis.server.raftlog.segmented.SegmentedRaftLogWorker.run(SegmentedRaftLogWorker.java:289)
	at java.lang.Thread.run(Thread.java:748)
2019-09-25 05:06:34,957 [de37f7a0-0375-40a9-a318-404478482fcb@group-B581BAE74188-SegmentedRaftLogWorker] ERROR segmented.SegmentedRaftLogWorker (SegmentedRaftLogWorker.java:run(323)) - de37f7a0-0375-40a9-a318-404478482fcb@group-B581BAE74188-SegmentedRaftLogWorker hit exception
java.lang.OutOfMemoryError: Direct buffer memory
	at java.nio.Bits.reserveMemory(Bits.java:666)
	at java.nio.DirectByteBuffer.<init>(DirectByteBuffer.java:123)
	at java.nio.ByteBuffer.allocateDirect(ByteBuffer.java:311)
	at org.apache.ratis.server.raftlog.segmented.BufferedWriteChannel.<init>(BufferedWriteChannel.java:41)
	at org.apache.ratis.server.raftlog.segmented.SegmentedRaftLogOutputStream.<init>(SegmentedRaftLogOutputStream.java:72)
	at org.apache.ratis.server.raftlog.segmented.SegmentedRaftLogWorker$StartLogSegment.execute(SegmentedRaftLogWorker.java:566)
	at org.apache.ratis.server.raftlog.segmented.SegmentedRaftLogWorker.run(SegmentedRaftLogWorker.java:289)
	at java.lang.Thread.run(Thread.java:748)
2019-09-25 05:06:34,957 [f77bfc29-6991-4b1d-a503-f706c83de4fc@group-B866544E1229-SegmentedRaftLogWorker] ERROR segmented.SegmentedRaftLogWorker (SegmentedRaftLogWorker.java:run(323)) - f77bfc29-6991-4b1d-a503-f706c83de4fc@group-B866544E1229-SegmentedRaftLogWorker hit exception
java.lang.OutOfMemoryError: Direct buffer memory
	at java.nio.Bits.reserveMemory(Bits.java:666)
	at java.nio.DirectByteBuffer.<init>(DirectByteBuffer.java:123)
	at java.nio.ByteBuffer.allocateDirect(ByteBuffer.java:311)
	at org.apache.ratis.server.raftlog.segmented.BufferedWriteChannel.<init>(BufferedWriteChannel.java:41)
	at org.apache.ratis.server.raftlog.segmented.SegmentedRaftLogOutputStream.<init>(SegmentedRaftLogOutputStream.java:72)
	at org.apache.ratis.server.raftlog.segmented.SegmentedRaftLogWorker$StartLogSegment.execute(SegmentedRaftLogWorker.java:566)
	at org.apache.ratis.server.raftlog.segmented.SegmentedRaftLogWorker.run(SegmentedRaftLogWorker.java:289)
	at java.lang.Thread.run(Thread.java:748)
2019-09-25 05:06:34,962 [f77bfc29-6991-4b1d-a503-f706c83de4fc@group-B866544E1229-SegmentedRaftLogWorker] INFO  impl.RaftServerImpl (RaftServerImpl.java:lambda$shutdown$3(251)) - f77bfc29-6991-4b1d-a503-f706c83de4fc@group-B866544E1229: shutdown
2019-09-25 05:06:34,957 [56396258-65a3-478c-9482-0be0199dd49c@group-D960DA882FC6-SegmentedRaftLogWorker] ERROR segmented.SegmentedRaftLogWorker (SegmentedRaftLogWorker.java:run(323)) - 56396258-65a3-478c-9482-0be0199dd49c@group-D960DA882FC6-SegmentedRaftLogWorker hit exception
java.lang.OutOfMemoryError: Direct buffer memory
	at java.nio.Bits.reserveMemory(Bits.java:666)
	at java.nio.DirectByteBuffer.<init>(DirectByteBuffer.java:123)
	at java.nio.ByteBuffer.allocateDirect(ByteBuffer.java:311)
	at org.apache.ratis.server.raftlog.segmented.BufferedWriteChannel.<init>(BufferedWriteChannel.java:41)
	at org.apache.ratis.server.raftlog.segmented.SegmentedRaftLogOutputStream.<init>(SegmentedRaftLogOutputStream.java:72)
	at org.apache.ratis.server.raftlog.segmented.SegmentedRaftLogWorker$StartLogSegment.execute(SegmentedRaftLogWorker.java:566)
	at org.apache.ratis.server.raftlog.segmented.SegmentedRaftLogWorker.run(SegmentedRaftLogWorker.java:289)
	at java.lang.Thread.run(Thread.java:748)
2019-09-25 05:06:34,957 [b4fa7d23-6606-45fd-9544-2b08ca3fa933@group-A43BB86F38DC-SegmentedRaftLogWorker] ERROR segmented.SegmentedRaftLogWorker (SegmentedRaftLogWorker.java:run(323)) - b4fa7d23-6606-45fd-9544-2b08ca3fa933@group-A43BB86F38DC-SegmentedRaftLogWorker hit exception
java.lang.OutOfMemoryError: Direct buffer memory
	at java.nio.Bits.reserveMemory(Bits.java:666)
	at java.nio.DirectByteBuffer.<init>(DirectByteBuffer.java:123)
	at java.nio.ByteBuffer.allocateDirect(ByteBuffer.java:311)
	at org.apache.ratis.server.raftlog.segmented.BufferedWriteChannel.<init>(BufferedWriteChannel.java:41)
	at org.apache.ratis.server.raftlog.segmented.SegmentedRaftLogOutputStream.<init>(SegmentedRaftLogOutputStream.java:72)
	at org.apache.ratis.server.raftlog.segmented.SegmentedRaftLogWorker$StartLogSegment.execute(SegmentedRaftLogWorker.java:566)
	at org.apache.ratis.server.raftlog.segmented.SegmentedRaftLogWorker.run(SegmentedRaftLogWorker.java:289)
	at java.lang.Thread.run(Thread.java:748)
2019-09-25 05:06:34,962 [b4fa7d23-6606-45fd-9544-2b08ca3fa933@group-A43BB86F38DC-SegmentedRaftLogWorker] INFO  impl.RaftServerImpl (RaftServerImpl.java:lambda$shutdown$3(251)) - b4fa7d23-6606-45fd-9544-2b08ca3fa933@group-A43BB86F38DC: shutdown
2019-09-25 05:06:34,957 [b4fa7d23-6606-45fd-9544-2b08ca3fa933@group-57C0E81ED09A-SegmentedRaftLogWorker] ERROR segmented.SegmentedRaftLogWorker (SegmentedRaftLogWorker.java:run(323)) - b4fa7d23-6606-45fd-9544-2b08ca3fa933@group-57C0E81ED09A-SegmentedRaftLogWorker hit exception
java.lang.OutOfMemoryError: Direct buffer memory
	at java.nio.Bits.reserveMemory(Bits.java:666)
	at java.nio.DirectByteBuffer.<init>(DirectByteBuffer.java:123)
	at java.nio.ByteBuffer.allocateDirect(ByteBuffer.java:311)
	at org.apache.ratis.server.raftlog.segmented.BufferedWriteChannel.<init>(BufferedWriteChannel.java:41)
	at org.apache.ratis.server.raftlog.segmented.SegmentedRaftLogOutputStream.<init>(SegmentedRaftLogOutputStream.java:72)
	at org.apache.ratis.server.raftlog.segmented.SegmentedRaftLogWorker$StartLogSegment.execute(SegmentedRaftLogWorker.java:566)
	at org.apache.ratis.server.raftlog.segmented.SegmentedRaftLogWorker.run(SegmentedRaftLogWorker.java:289)
	at java.lang.Thread.run(Thread.java:748)
2019-09-25 05:06:34,963 [b4fa7d23-6606-45fd-9544-2b08ca3fa933@group-A43BB86F38DC-SegmentedRaftLogWorker] INFO  util.JmxRegister (JmxRegister.java:unregister(73)) - Successfully un-registered JMX Bean with object name Ratis:service=RaftServer,group=group-A43BB86F38DC,id=b4fa7d23-6606-45fd-9544-2b08ca3fa933
2019-09-25 05:06:34,957 [f77bfc29-6991-4b1d-a503-f706c83de4fc@group-F2D9B87A111F-SegmentedRaftLogWorker] INFO  impl.RaftServerImpl (RaftServerImpl.java:lambda$shutdown$3(251)) - f77bfc29-6991-4b1d-a503-f706c83de4fc@group-F2D9B87A111F: shutdown
2019-09-25 05:06:34,957 [b4fa7d23-6606-45fd-9544-2b08ca3fa933@group-E09D7EF96C33-SegmentedRaftLogWorker] ERROR segmented.SegmentedRaftLogWorker (SegmentedRaftLogWorker.java:run(323)) - b4fa7d23-6606-45fd-9544-2b08ca3fa933@group-E09D7EF96C33-SegmentedRaftLogWorker hit exception
java.lang.OutOfMemoryError: Direct buffer memory
	at java.nio.Bits.reserveMemory(Bits.java:666)
	at java.nio.DirectByteBuffer.<init>(DirectByteBuffer.java:123)
	at java.nio.ByteBuffer.allocateDirect(ByteBuffer.java:311)
	at org.apache.ratis.server.raftlog.segmented.BufferedWriteChannel.<init>(BufferedWriteChannel.java:41)
	at org.apache.ratis.server.raftlog.segmented.SegmentedRaftLogOutputStream.<init>(SegmentedRaftLogOutputStream.java:72)
	at org.apache.ratis.server.raftlog.segmented.SegmentedRaftLogWorker$StartLogSegment.execute(SegmentedRaftLogWorker.java:566)
	at org.apache.ratis.server.raftlog.segmented.SegmentedRaftLogWorker.run(SegmentedRaftLogWorker.java:289)
	at java.lang.Thread.run(Thread.java:748)
2019-09-25 05:06:34,963 [56396258-65a3-478c-9482-0be0199dd49c@group-FC5E68C66751:LeaderElection140] INFO  impl.RoleInfo (RoleInfo.java:updateAndGet(143)) - 56396258-65a3-478c-9482-0be0199dd49c: start LeaderState
2019-09-25 05:06:34,957 [36ac27b3-2f11-437d-8f1f-165306b0ff4a@group-25E3748DE4E7-SegmentedRaftLogWorker] ERROR segmented.SegmentedRaftLogWorker (SegmentedRaftLogWorker.java:run(323)) - 36ac27b3-2f11-437d-8f1f-165306b0ff4a@group-25E3748DE4E7-SegmentedRaftLogWorker hit exception
java.lang.OutOfMemoryError: Direct buffer memory
	at java.nio.Bits.reserveMemory(Bits.java:666)
	at java.nio.DirectByteBuffer.<init>(DirectByteBuffer.java:123)
	at java.nio.ByteBuffer.allocateDirect(ByteBuffer.java:311)
	at org.apache.ratis.server.raftlog.segmented.BufferedWriteChannel.<init>(BufferedWriteChannel.java:41)
	at org.apache.ratis.server.raftlog.segmented.SegmentedRaftLogOutputStream.<init>(SegmentedRaftLogOutputStream.java:72)
	at org.apache.ratis.server.raftlog.segmented.SegmentedRaftLogWorker$StartLogSegment.execute(SegmentedRaftLogWorker.java:566)
	at org.apache.ratis.server.raftlog.segmented.SegmentedRaftLogWorker.run(SegmentedRaftLogWorker.java:289)
	at java.lang.Thread.run(Thread.java:748)
2019-09-25 05:06:34,957 [36ac27b3-2f11-437d-8f1f-165306b0ff4a@group-6E6AA1FC98DD-SegmentedRaftLogWorker] INFO  impl.RaftServerImpl (RaftServerImpl.java:lambda$shutdown$3(251)) - 36ac27b3-2f11-437d-8f1f-165306b0ff4a@group-6E6AA1FC98DD: shutdown
2019-09-25 05:06:34,956 [692224c4-5202-4921-98cc-04d5c60c79cc@group-4EBFA92A4DF4-SegmentedRaftLogWorker] INFO  impl.RaftServerImpl (RaftServerImpl.java:lambda$shutdown$3(251)) - 692224c4-5202-4921-98cc-04d5c60c79cc@group-4EBFA92A4DF4: shutdown
2019-09-25 05:06:34,964 [36ac27b3-2f11-437d-8f1f-165306b0ff4a@group-6E6AA1FC98DD-SegmentedRaftLogWorker] INFO  util.JmxRegister (JmxRegister.java:unregister(73)) - Successfully un-registered JMX Bean with object name Ratis:service=RaftServer,group=group-6E6AA1FC98DD,id=36ac27b3-2f11-437d-8f1f-165306b0ff4a
2019-09-25 05:06:34,964 [36ac27b3-2f11-437d-8f1f-165306b0ff4a@group-6E6AA1FC98DD-SegmentedRaftLogWorker] INFO  impl.RoleInfo (RoleInfo.java:shutdownLeaderState(104)) - 36ac27b3-2f11-437d-8f1f-165306b0ff4a: shutdown LeaderState
2019-09-25 05:06:34,964 [36ac27b3-2f11-437d-8f1f-165306b0ff4a@group-25E3748DE4E7-SegmentedRaftLogWorker] INFO  impl.RaftServerImpl (RaftServerImpl.java:lambda$shutdown$3(251)) - 36ac27b3-2f11-437d-8f1f-165306b0ff4a@group-25E3748DE4E7: shutdown
2019-09-25 05:06:34,963 [56396258-65a3-478c-9482-0be0199dd49c@group-FC5E68C66751:LeaderElection140] INFO  segmented.SegmentedRaftLogWorker (SegmentedRaftLogWorker.java:startLogSegment(380)) - 56396258-65a3-478c-9482-0be0199dd49c@group-FC5E68C66751-SegmentedRaftLogWorker: Starting segment from index:0
2019-09-25 05:06:34,963 [b4fa7d23-6606-45fd-9544-2b08ca3fa933@group-0EE8D742F083:LeaderElection126] INFO  impl.RoleInfo (RoleInfo.java:updateAndGet(143)) - b4fa7d23-6606-45fd-9544-2b08ca3fa933: start LeaderState
2019-09-25 05:06:34,963 [36ac27b3-2f11-437d-8f1f-165306b0ff4a@group-40FA5C7FE322:LeaderElection127] INFO  impl.RoleInfo (RoleInfo.java:updateAndGet(143)) - 36ac27b3-2f11-437d-8f1f-165306b0ff4a: start LeaderState
2019-09-25 05:06:34,963 [692224c4-5202-4921-98cc-04d5c60c79cc@group-7A27D85A9D2A:LeaderElection139] INFO  impl.RoleInfo (RoleInfo.java:updateAndGet(143)) - 692224c4-5202-4921-98cc-04d5c60c79cc: start LeaderState
2019-09-25 05:06:34,963 [f77bfc29-6991-4b1d-a503-f706c83de4fc@group-F2D9B87A111F-SegmentedRaftLogWorker] INFO  util.JmxRegister (JmxRegister.java:unregister(73)) - Successfully un-registered JMX Bean with object name Ratis:service=RaftServer,group=group-F2D9B87A111F,id=f77bfc29-6991-4b1d-a503-f706c83de4fc
2019-09-25 05:06:34,963 [b4fa7d23-6606-45fd-9544-2b08ca3fa933@group-E09D7EF96C33-SegmentedRaftLogWorker] INFO  impl.RaftServerImpl (RaftServerImpl.java:lambda$shutdown$3(251)) - b4fa7d23-6606-45fd-9544-2b08ca3fa933@group-E09D7EF96C33: shutdown
2019-09-25 05:06:34,963 [b4fa7d23-6606-45fd-9544-2b08ca3fa933@group-A43BB86F38DC-SegmentedRaftLogWorker] INFO  impl.RoleInfo (RoleInfo.java:shutdownLeaderState(104)) - b4fa7d23-6606-45fd-9544-2b08ca3fa933: shutdown LeaderState
2019-09-25 05:06:34,963 [b4fa7d23-6606-45fd-9544-2b08ca3fa933@group-57C0E81ED09A-SegmentedRaftLogWorker] INFO  impl.RaftServerImpl (RaftServerImpl.java:lambda$shutdown$3(251)) - b4fa7d23-6606-45fd-9544-2b08ca3fa933@group-57C0E81ED09A: shutdown
2019-09-25 05:06:34,962 [c8798e02-7f0c-41f7-82c2-a17323bcf21e@group-9A8116F4FD4E:LeaderElection141] INFO  impl.RoleInfo (RoleInfo.java:updateAndGet(143)) - c8798e02-7f0c-41f7-82c2-a17323bcf21e: start LeaderState
2019-09-25 05:06:34,962 [f77bfc29-6991-4b1d-a503-f706c83de4fc@group-B866544E1229-SegmentedRaftLogWorker] INFO  util.JmxRegister (JmxRegister.java:unregister(73)) - Successfully un-registered JMX Bean with object name Ratis:service=RaftServer,group=group-B866544E1229,id=f77bfc29-6991-4b1d-a503-f706c83de4fc
2019-09-25 05:06:35,170 [c8798e02-7f0c-41f7-82c2-a17323bcf21e@group-9A8116F4FD4E:LeaderElection141] INFO  segmented.SegmentedRaftLogWorker (SegmentedRaftLogWorker.java:startLogSegment(380)) - c8798e02-7f0c-41f7-82c2-a17323bcf21e@group-9A8116F4FD4E-SegmentedRaftLogWorker: Starting segment from index:0
2019-09-25 05:06:34,962 [56396258-65a3-478c-9482-0be0199dd49c@group-D960DA882FC6-SegmentedRaftLogWorker] INFO  impl.RaftServerImpl (RaftServerImpl.java:lambda$shutdown$3(251)) - 56396258-65a3-478c-9482-0be0199dd49c@group-D960DA882FC6: shutdown
2019-09-25 05:06:34,962 [56396258-65a3-478c-9482-0be0199dd49c@group-2D2A6A1AC4E2:LeaderElection143] INFO  impl.RoleInfo (RoleInfo.java:updateAndGet(143)) - 56396258-65a3-478c-9482-0be0199dd49c: start LeaderState
2019-09-25 05:06:34,962 [f77bfc29-6991-4b1d-a503-f706c83de4fc@group-40FD7941FFE1-SegmentedRaftLogWorker] INFO  util.JmxRegister (JmxRegister.java:unregister(73)) - Successfully un-registered JMX Bean with object name Ratis:service=RaftServer,group=group-40FD7941FFE1,id=f77bfc29-6991-4b1d-a503-f706c83de4fc
2019-09-25 05:06:34,961 [de37f7a0-0375-40a9-a318-404478482fcb@group-B581BAE74188-SegmentedRaftLogWorker] INFO  impl.RaftServerImpl (RaftServerImpl.java:lambda$shutdown$3(251)) - de37f7a0-0375-40a9-a318-404478482fcb@group-B581BAE74188: shutdown
2019-09-25 05:06:34,961 [c8798e02-7f0c-41f7-82c2-a17323bcf21e@group-0D663BBCA5B4-SegmentedRaftLogWorker] INFO  util.JmxRegister (JmxRegister.java:unregister(73)) - Successfully un-registered JMX Bean with object name Ratis:service=RaftServer,group=group-0D663BBCA5B4,id=c8798e02-7f0c-41f7-82c2-a17323bcf21e
2019-09-25 05:06:34,961 [b4fa7d23-6606-45fd-9544-2b08ca3fa933@group-490C88226581-SegmentedRaftLogWorker] INFO  impl.RaftServerImpl (RaftServerImpl.java:lambda$shutdown$3(251)) - b4fa7d23-6606-45fd-9544-2b08ca3fa933@group-490C88226581: shutdown
2019-09-25 05:06:34,961 [692224c4-5202-4921-98cc-04d5c60c79cc@group-3853F77ACA4A-SegmentedRaftLogWorker] INFO  util.JmxRegister (JmxRegister.java:unregister(73)) - Successfully un-registered JMX Bean with object name Ratis:service=RaftServer,group=group-3853F77ACA4A,id=692224c4-5202-4921-98cc-04d5c60c79cc
2019-09-25 05:06:34,961 [b4fa7d23-6606-45fd-9544-2b08ca3fa933@group-6413F98F8F54-SegmentedRaftLogWorker] INFO  util.JmxRegister (JmxRegister.java:unregister(73)) - Successfully un-registered JMX Bean with object name Ratis:service=RaftServer,group=group-6413F98F8F54,id=b4fa7d23-6606-45fd-9544-2b08ca3fa933
2019-09-25 05:06:34,961 [f77bfc29-6991-4b1d-a503-f706c83de4fc@group-D1E4F48C375A-SegmentedRaftLogWorker] INFO  util.JmxRegister (JmxRegister.java:unregister(73)) - Successfully un-registered JMX Bean with object name Ratis:service=RaftServer,group=group-D1E4F48C375A,id=f77bfc29-6991-4b1d-a503-f706c83de4fc
2019-09-25 05:06:34,961 [56396258-65a3-478c-9482-0be0199dd49c@group-E36E29956034-SegmentedRaftLogWorker] INFO  util.JmxRegister (JmxRegister.java:unregister(73)) - Successfully un-registered JMX Bean with object name Ratis:service=RaftServer,group=group-E36E29956034,id=56396258-65a3-478c-9482-0be0199dd49c
2019-09-25 05:06:34,961 [b4fa7d23-6606-45fd-9544-2b08ca3fa933@group-184F6EE9DFE2-SegmentedRaftLogWorker] INFO  impl.RaftServerImpl (RaftServerImpl.java:lambda$shutdown$3(251)) - b4fa7d23-6606-45fd-9544-2b08ca3fa933@group-184F6EE9DFE2: shutdown
2019-09-25 05:06:34,961 [692224c4-5202-4921-98cc-04d5c60c79cc@group-C8AC12423563:LeaderElection144] INFO  impl.RoleInfo (RoleInfo.java:updateAndGet(143)) - 692224c4-5202-4921-98cc-04d5c60c79cc: start LeaderState
2019-09-25 05:06:34,960 [c8798e02-7f0c-41f7-82c2-a17323bcf21e@group-82E6436EE4C4-SegmentedRaftLogWorker] INFO  impl.RaftServerImpl (RaftServerImpl.java:lambda$shutdown$3(251)) - c8798e02-7f0c-41f7-82c2-a17323bcf21e@group-82E6436EE4C4: shutdown
2019-09-25 05:06:35,400 [692224c4-5202-4921-98cc-04d5c60c79cc@group-C8AC12423563:LeaderElection144] INFO  segmented.SegmentedRaftLogWorker (SegmentedRaftLogWorker.java:startLogSegment(380)) - 692224c4-5202-4921-98cc-04d5c60c79cc@group-C8AC12423563-SegmentedRaftLogWorker: Starting segment from index:0
2019-09-25 05:06:34,960 [de37f7a0-0375-40a9-a318-404478482fcb@group-C088ACFB0C23-SegmentedRaftLogWorker] INFO  impl.RaftServerImpl (RaftServerImpl.java:lambda$shutdown$3(251)) - de37f7a0-0375-40a9-a318-404478482fcb@group-C088ACFB0C23: shutdown
2019-09-25 05:06:34,960 [36ac27b3-2f11-437d-8f1f-165306b0ff4a@group-84CDB88FD1B0:LeaderElection142] INFO  impl.RaftServerImpl (ServerState.java:setRaftConf(354)) - 36ac27b3-2f11-437d-8f1f-165306b0ff4a@group-84CDB88FD1B0: set configuration 0: [36ac27b3-2f11-437d-8f1f-165306b0ff4a:192.168.30.10:45265], old=null at 0
2019-09-25 05:06:34,960 [pool-57-thread-1] INFO  storage.RaftStorage (RaftStorage.java:format(72)) - Storage directory /workdir/hadoop-ozone/integration-test/target/test-dir/MiniOzoneClusterImpl-23306158-e895-4fc7-80df-ce6c264c388b/datanode-3/data/ratis/a911bd15-a24e-4a4d-b993-6f794c7e7e86 has been successfully formatted.
2019-09-25 05:06:34,960 [pool-37-thread-1] INFO  storage.RaftStorageDirectory (RaftStorageDirectory.java:tryLock(328)) - Lock on /workdir/hadoop-ozone/integration-test/target/test-dir/MiniOzoneClusterImpl-23306158-e895-4fc7-80df-ce6c264c388b/datanode-1/data/ratis/09bb0109-2b0d-49eb-9517-2b0cb06791ef/in_use.lock acquired by nodename 25526@pr-hdds-1569-s62bp-3040748787
2019-09-25 05:06:34,959 [56396258-65a3-478c-9482-0be0199dd49c@group-2570D1B685B2-SegmentedRaftLogWorker] INFO  impl.RaftServerImpl (RaftServerImpl.java:lambda$shutdown$3(251)) - 56396258-65a3-478c-9482-0be0199dd49c@group-2570D1B685B2: shutdown
2019-09-25 05:06:34,959 [f77bfc29-6991-4b1d-a503-f706c83de4fc@group-35F023F29269-SegmentedRaftLogWorker] INFO  impl.RaftServerImpl (RaftServerImpl.java:lambda$shutdown$3(251)) - f77bfc29-6991-4b1d-a503-f706c83de4fc@group-35F023F29269: shutdown
2019-09-25 05:06:35,627 [56396258-65a3-478c-9482-0be0199dd49c@group-2570D1B685B2-SegmentedRaftLogWorker] INFO  util.JmxRegister (JmxRegister.java:unregister(73)) - Successfully un-registered JMX Bean with object name Ratis:service=RaftServer,group=group-2570D1B685B2,id=56396258-65a3-478c-9482-0be0199dd49c
2019-09-25 05:06:35,627 [56396258-65a3-478c-9482-0be0199dd49c@group-2570D1B685B2-SegmentedRaftLogWorker] INFO  impl.RoleInfo (RoleInfo.java:shutdownLeaderState(104)) - 56396258-65a3-478c-9482-0be0199dd49c: shutdown LeaderState
2019-09-25 05:06:35,626 [pool-57-thread-1] INFO  ratis.ContainerStateMachine (ContainerStateMachine.java:loadSnapshot(230)) - group-6F794C7E7E86: The snapshot info is null. Setting the last applied indexto:(t:0, i:~)
2019-09-25 05:06:35,401 [692224c4-5202-4921-98cc-04d5c60c79cc@group-C8AC12423563:LeaderElection144] INFO  impl.RaftServerImpl (ServerState.java:setRaftConf(354)) - 692224c4-5202-4921-98cc-04d5c60c79cc@group-C8AC12423563: set configuration 0: [692224c4-5202-4921-98cc-04d5c60c79cc:192.168.30.10:38144], old=null at 0
2019-09-25 05:06:35,401 [de37f7a0-0375-40a9-a318-404478482fcb@group-C088ACFB0C23-SegmentedRaftLogWorker] INFO  util.JmxRegister (JmxRegister.java:unregister(73)) - Successfully un-registered JMX Bean with object name Ratis:service=RaftServer,group=group-C088ACFB0C23,id=de37f7a0-0375-40a9-a318-404478482fcb
2019-09-25 05:06:35,628 [de37f7a0-0375-40a9-a318-404478482fcb@group-C088ACFB0C23-SegmentedRaftLogWorker] INFO  impl.RoleInfo (RoleInfo.java:shutdownLeaderState(104)) - de37f7a0-0375-40a9-a318-404478482fcb: shutdown LeaderState
2019-09-25 05:06:35,400 [c8798e02-7f0c-41f7-82c2-a17323bcf21e@group-82E6436EE4C4-SegmentedRaftLogWorker] INFO  util.JmxRegister (JmxRegister.java:unregister(73)) - Successfully un-registered JMX Bean with object name Ratis:service=RaftServer,group=group-82E6436EE4C4,id=c8798e02-7f0c-41f7-82c2-a17323bcf21e
2019-09-25 05:06:35,400 [b4fa7d23-6606-45fd-9544-2b08ca3fa933@group-184F6EE9DFE2-SegmentedRaftLogWorker] INFO  util.JmxRegister (JmxRegister.java:unregister(73)) - Successfully un-registered JMX Bean with object name Ratis:service=RaftServer,group=group-184F6EE9DFE2,id=b4fa7d23-6606-45fd-9544-2b08ca3fa933
2019-09-25 05:06:35,628 [b4fa7d23-6606-45fd-9544-2b08ca3fa933@group-184F6EE9DFE2-SegmentedRaftLogWorker] INFO  impl.RoleInfo (RoleInfo.java:shutdownLeaderState(104)) - b4fa7d23-6606-45fd-9544-2b08ca3fa933: shutdown LeaderState
2019-09-25 05:06:35,399 [56396258-65a3-478c-9482-0be0199dd49c@group-E36E29956034-SegmentedRaftLogWorker] INFO  impl.RoleInfo (RoleInfo.java:shutdownLeaderState(104)) - 56396258-65a3-478c-9482-0be0199dd49c: shutdown LeaderState
2019-09-25 05:06:35,399 [f77bfc29-6991-4b1d-a503-f706c83de4fc@group-D1E4F48C375A-SegmentedRaftLogWorker] INFO  impl.RoleInfo (RoleInfo.java:shutdownLeaderState(104)) - f77bfc29-6991-4b1d-a503-f706c83de4fc: shutdown LeaderState
2019-09-25 05:06:35,399 [b4fa7d23-6606-45fd-9544-2b08ca3fa933@group-6413F98F8F54-SegmentedRaftLogWorker] INFO  impl.RoleInfo (RoleInfo.java:shutdownLeaderState(104)) - b4fa7d23-6606-45fd-9544-2b08ca3fa933: shutdown LeaderState
2019-09-25 05:06:35,399 [692224c4-5202-4921-98cc-04d5c60c79cc@group-3853F77ACA4A-SegmentedRaftLogWorker] INFO  impl.RoleInfo (RoleInfo.java:shutdownLeaderState(104)) - 692224c4-5202-4921-98cc-04d5c60c79cc: shutdown LeaderState
2019-09-25 05:06:35,399 [b4fa7d23-6606-45fd-9544-2b08ca3fa933@group-490C88226581-SegmentedRaftLogWorker] INFO  util.JmxRegister (JmxRegister.java:unregister(73)) - Successfully un-registered JMX Bean with object name Ratis:service=RaftServer,group=group-490C88226581,id=b4fa7d23-6606-45fd-9544-2b08ca3fa933
2019-09-25 05:06:35,398 [c8798e02-7f0c-41f7-82c2-a17323bcf21e@group-0D663BBCA5B4-SegmentedRaftLogWorker] INFO  impl.RoleInfo (RoleInfo.java:shutdownLeaderState(104)) - c8798e02-7f0c-41f7-82c2-a17323bcf21e: shutdown LeaderState
2019-09-25 05:06:35,398 [de37f7a0-0375-40a9-a318-404478482fcb@group-B581BAE74188-SegmentedRaftLogWorker] INFO  util.JmxRegister (JmxRegister.java:unregister(73)) - Successfully un-registered JMX Bean with object name Ratis:service=RaftServer,group=group-B581BAE74188,id=de37f7a0-0375-40a9-a318-404478482fcb
2019-09-25 05:06:35,398 [f77bfc29-6991-4b1d-a503-f706c83de4fc@group-40FD7941FFE1-SegmentedRaftLogWorker] INFO  impl.RoleInfo (RoleInfo.java:shutdownLeaderState(104)) - f77bfc29-6991-4b1d-a503-f706c83de4fc: shutdown LeaderState
2019-09-25 05:06:35,170 [56396258-65a3-478c-9482-0be0199dd49c@group-2D2A6A1AC4E2:LeaderElection143] INFO  segmented.SegmentedRaftLogWorker (SegmentedRaftLogWorker.java:startLogSegment(380)) - 56396258-65a3-478c-9482-0be0199dd49c@group-2D2A6A1AC4E2-SegmentedRaftLogWorker: Starting segment from index:0
2019-09-25 05:06:35,397 [36ac27b3-2f11-437d-8f1f-165306b0ff4a@group-5080C272BC14-SegmentedRaftLogWorker] ERROR segmented.SegmentedRaftLogWorker (SegmentedRaftLogWorker.java:run(323)) - 36ac27b3-2f11-437d-8f1f-165306b0ff4a@group-5080C272BC14-SegmentedRaftLogWorker hit exception
java.lang.OutOfMemoryError: Direct buffer memory
	at java.nio.Bits.reserveMemory(Bits.java:666)
	at java.nio.DirectByteBuffer.<init>(DirectByteBuffer.java:123)
	at java.nio.ByteBuffer.allocateDirect(ByteBuffer.java:311)
	at org.apache.ratis.server.raftlog.segmented.BufferedWriteChannel.<init>(BufferedWriteChannel.java:41)
	at org.apache.ratis.server.raftlog.segmented.SegmentedRaftLogOutputStream.<init>(SegmentedRaftLogOutputStream.java:72)
	at org.apache.ratis.server.raftlog.segmented.SegmentedRaftLogWorker$StartLogSegment.execute(SegmentedRaftLogWorker.java:566)
	at org.apache.ratis.server.raftlog.segmented.SegmentedRaftLogWorker.run(SegmentedRaftLogWorker.java:289)
	at java.lang.Thread.run(Thread.java:748)
2019-09-25 05:06:35,170 [c8798e02-7f0c-41f7-82c2-a17323bcf21e@group-9A8116F4FD4E:LeaderElection141] INFO  impl.RaftServerImpl (ServerState.java:setRaftConf(354)) - c8798e02-7f0c-41f7-82c2-a17323bcf21e@group-9A8116F4FD4E: set configuration 0: [c8798e02-7f0c-41f7-82c2-a17323bcf21e:192.168.30.10:40603], old=null at 0
2019-09-25 05:06:35,170 [56396258-65a3-478c-9482-0be0199dd49c@group-D960DA882FC6-SegmentedRaftLogWorker] INFO  util.JmxRegister (JmxRegister.java:unregister(73)) - Successfully un-registered JMX Bean with object name Ratis:service=RaftServer,group=group-D960DA882FC6,id=56396258-65a3-478c-9482-0be0199dd49c
2019-09-25 05:06:35,170 [f77bfc29-6991-4b1d-a503-f706c83de4fc@group-B866544E1229-SegmentedRaftLogWorker] INFO  impl.RoleInfo (RoleInfo.java:shutdownLeaderState(104)) - f77bfc29-6991-4b1d-a503-f706c83de4fc: shutdown LeaderState
2019-09-25 05:06:35,169 [b4fa7d23-6606-45fd-9544-2b08ca3fa933@group-57C0E81ED09A-SegmentedRaftLogWorker] INFO  util.JmxRegister (JmxRegister.java:unregister(73)) - Successfully un-registered JMX Bean with object name Ratis:service=RaftServer,group=group-57C0E81ED09A,id=b4fa7d23-6606-45fd-9544-2b08ca3fa933
2019-09-25 05:06:35,857 [b4fa7d23-6606-45fd-9544-2b08ca3fa933@group-57C0E81ED09A-SegmentedRaftLogWorker] INFO  impl.RoleInfo (RoleInfo.java:shutdownLeaderState(104)) - b4fa7d23-6606-45fd-9544-2b08ca3fa933: shutdown LeaderState
2019-09-25 05:06:35,169 [b4fa7d23-6606-45fd-9544-2b08ca3fa933@group-A43BB86F38DC-SegmentedRaftLogWorker] INFO  impl.PendingRequests (PendingRequests.java:sendNotLeaderResponses(202)) - b4fa7d23-6606-45fd-9544-2b08ca3fa933-PendingRequests: sendNotLeaderResponses
2019-09-25 05:06:35,169 [b4fa7d23-6606-45fd-9544-2b08ca3fa933@group-E09D7EF96C33-SegmentedRaftLogWorker] INFO  util.JmxRegister (JmxRegister.java:unregister(73)) - Successfully un-registered JMX Bean with object name Ratis:service=RaftServer,group=group-E09D7EF96C33,id=b4fa7d23-6606-45fd-9544-2b08ca3fa933
2019-09-25 05:06:35,858 [b4fa7d23-6606-45fd-9544-2b08ca3fa933@group-A43BB86F38DC-SegmentedRaftLogWorker] INFO  impl.StateMachineUpdater (StateMachineUpdater.java:stopAndJoin(125)) - b4fa7d23-6606-45fd-9544-2b08ca3fa933@group-A43BB86F38DC-StateMachineUpdater: set stopIndex = -1
2019-09-25 05:06:35,169 [f77bfc29-6991-4b1d-a503-f706c83de4fc@group-F2D9B87A111F-SegmentedRaftLogWorker] INFO  impl.RoleInfo (RoleInfo.java:shutdownLeaderState(104)) - f77bfc29-6991-4b1d-a503-f706c83de4fc: shutdown LeaderState
2019-09-25 05:06:35,168 [pool-87-thread-1] INFO  impl.RaftServerImpl (RaftServerImpl.java:<init>(95)) - 56396258-65a3-478c-9482-0be0199dd49c: new RaftServerImpl for group-2B0CB06791EF:[b4fa7d23-6606-45fd-9544-2b08ca3fa933:192.168.30.10:34493, 56396258-65a3-478c-9482-0be0199dd49c:192.168.30.10:41678, 36ac27b3-2f11-437d-8f1f-165306b0ff4a:192.168.30.10:45265] with ContainerStateMachine:uninitialized
2019-09-25 05:06:35,168 [56396258-65a3-478c-9482-0be0199dd49c@group-FC5E68C66751:LeaderElection140] INFO  impl.RaftServerImpl (ServerState.java:setRaftConf(354)) - 56396258-65a3-478c-9482-0be0199dd49c@group-FC5E68C66751: set configuration 0: [56396258-65a3-478c-9482-0be0199dd49c:192.168.30.10:41678], old=null at 0
2019-09-25 05:06:34,965 [692224c4-5202-4921-98cc-04d5c60c79cc@group-7A27D85A9D2A:LeaderElection139] INFO  segmented.SegmentedRaftLogWorker (SegmentedRaftLogWorker.java:startLogSegment(380)) - 692224c4-5202-4921-98cc-04d5c60c79cc@group-7A27D85A9D2A-SegmentedRaftLogWorker: Starting segment from index:0
2019-09-25 05:06:34,965 [36ac27b3-2f11-437d-8f1f-165306b0ff4a@group-40FA5C7FE322:LeaderElection127] INFO  segmented.SegmentedRaftLogWorker (SegmentedRaftLogWorker.java:startLogSegment(380)) - 36ac27b3-2f11-437d-8f1f-165306b0ff4a@group-40FA5C7FE322-SegmentedRaftLogWorker: Starting segment from index:0
2019-09-25 05:06:34,965 [b4fa7d23-6606-45fd-9544-2b08ca3fa933@group-0EE8D742F083:LeaderElection126] INFO  segmented.SegmentedRaftLogWorker (SegmentedRaftLogWorker.java:startLogSegment(380)) - b4fa7d23-6606-45fd-9544-2b08ca3fa933@group-0EE8D742F083-SegmentedRaftLogWorker: Starting segment from index:0
2019-09-25 05:06:34,964 [36ac27b3-2f11-437d-8f1f-165306b0ff4a@group-25E3748DE4E7-SegmentedRaftLogWorker] INFO  util.JmxRegister (JmxRegister.java:unregister(73)) - Successfully un-registered JMX Bean with object name Ratis:service=RaftServer,group=group-25E3748DE4E7,id=36ac27b3-2f11-437d-8f1f-165306b0ff4a
2019-09-25 05:06:36,086 [36ac27b3-2f11-437d-8f1f-165306b0ff4a@group-40FA5C7FE322:LeaderElection127] INFO  impl.RaftServerImpl (ServerState.java:setRaftConf(354)) - 36ac27b3-2f11-437d-8f1f-165306b0ff4a@group-40FA5C7FE322: set configuration 0: [36ac27b3-2f11-437d-8f1f-165306b0ff4a:192.168.30.10:45265], old=null at 0
2019-09-25 05:06:34,964 [36ac27b3-2f11-437d-8f1f-165306b0ff4a@group-6E6AA1FC98DD-SegmentedRaftLogWorker] INFO  impl.PendingRequests (PendingRequests.java:sendNotLeaderResponses(202)) - 36ac27b3-2f11-437d-8f1f-165306b0ff4a-PendingRequests: sendNotLeaderResponses
2019-09-25 05:06:34,964 [692224c4-5202-4921-98cc-04d5c60c79cc@group-4EBFA92A4DF4-SegmentedRaftLogWorker] INFO  util.JmxRegister (JmxRegister.java:unregister(73)) - Successfully un-registered JMX Bean with object name Ratis:service=RaftServer,group=group-4EBFA92A4DF4,id=692224c4-5202-4921-98cc-04d5c60c79cc
2019-09-25 05:06:36,499 [36ac27b3-2f11-437d-8f1f-165306b0ff4a@group-6E6AA1FC98DD-SegmentedRaftLogWorker] INFO  impl.StateMachineUpdater (StateMachineUpdater.java:stopAndJoin(125)) - 36ac27b3-2f11-437d-8f1f-165306b0ff4a@group-6E6AA1FC98DD-StateMachineUpdater: set stopIndex = -1
2019-09-25 05:06:36,499 [36ac27b3-2f11-437d-8f1f-165306b0ff4a@group-6E6AA1FC98DD-SegmentedRaftLogWorker] INFO  impl.RaftServerImpl (ServerState.java:close(385)) - 36ac27b3-2f11-437d-8f1f-165306b0ff4a@group-6E6AA1FC98DD: closes. applyIndex: -1
2019-09-25 05:06:36,497 [36ac27b3-2f11-437d-8f1f-165306b0ff4a@group-84CDB88FD1B0-SegmentedRaftLogWorker] ERROR segmented.SegmentedRaftLogWorker (SegmentedRaftLogWorker.java:run(323)) - 36ac27b3-2f11-437d-8f1f-165306b0ff4a@group-84CDB88FD1B0-SegmentedRaftLogWorker hit exception
java.lang.OutOfMemoryError: Direct buffer memory
	at java.nio.Bits.reserveMemory(Bits.java:666)
	at java.nio.DirectByteBuffer.<init>(DirectByteBuffer.java:123)
	at java.nio.ByteBuffer.allocateDirect(ByteBuffer.java:311)
	at org.apache.ratis.server.raftlog.segmented.BufferedWriteChannel.<init>(BufferedWriteChannel.java:41)
	at org.apache.ratis.server.raftlog.segmented.SegmentedRaftLogOutputStream.<init>(SegmentedRaftLogOutputStream.java:72)
	at org.apache.ratis.server.raftlog.segmented.SegmentedRaftLogWorker$StartLogSegment.execute(SegmentedRaftLogWorker.java:566)
	at org.apache.ratis.server.raftlog.segmented.SegmentedRaftLogWorker.run(SegmentedRaftLogWorker.java:289)
	at java.lang.Thread.run(Thread.java:748)
2019-09-25 05:06:36,288 [b4fa7d23-6606-45fd-9544-2b08ca3fa933@group-0EE8D742F083:LeaderElection126] INFO  impl.RaftServerImpl (ServerState.java:setRaftConf(354)) - b4fa7d23-6606-45fd-9544-2b08ca3fa933@group-0EE8D742F083: set configuration 0: [b4fa7d23-6606-45fd-9544-2b08ca3fa933:192.168.30.10:34493], old=null at 0
2019-09-25 05:06:36,086 [36ac27b3-2f11-437d-8f1f-165306b0ff4a@group-25E3748DE4E7-SegmentedRaftLogWorker] INFO  impl.RoleInfo (RoleInfo.java:shutdownLeaderState(104)) - 36ac27b3-2f11-437d-8f1f-165306b0ff4a: shutdown LeaderState
2019-09-25 05:06:35,859 [692224c4-5202-4921-98cc-04d5c60c79cc@group-7A27D85A9D2A:LeaderElection139] INFO  impl.RaftServerImpl (ServerState.java:setRaftConf(354)) - 692224c4-5202-4921-98cc-04d5c60c79cc@group-7A27D85A9D2A: set configuration 0: [692224c4-5202-4921-98cc-04d5c60c79cc:192.168.30.10:38144], old=null at 0
2019-09-25 05:06:35,858 [pool-87-thread-1] INFO  server.RaftServerConfigKeys (ConfUtils.java:logGet(43)) - raft.server.rpc.timeout.min = 5s (custom)
2019-09-25 05:06:35,858 [b4fa7d23-6606-45fd-9544-2b08ca3fa933@group-A43BB86F38DC-SegmentedRaftLogWorker] INFO  impl.RaftServerImpl (ServerState.java:close(385)) - b4fa7d23-6606-45fd-9544-2b08ca3fa933@group-A43BB86F38DC: closes. applyIndex: -1
2019-09-25 05:06:35,858 [f77bfc29-6991-4b1d-a503-f706c83de4fc@group-F2D9B87A111F-SegmentedRaftLogWorker] INFO  impl.PendingRequests (PendingRequests.java:sendNotLeaderResponses(202)) - f77bfc29-6991-4b1d-a503-f706c83de4fc-PendingRequests: sendNotLeaderResponses
2019-09-25 05:06:35,858 [b4fa7d23-6606-45fd-9544-2b08ca3fa933@group-E09D7EF96C33-SegmentedRaftLogWorker] INFO  impl.RoleInfo (RoleInfo.java:shutdownLeaderState(104)) - b4fa7d23-6606-45fd-9544-2b08ca3fa933: shutdown LeaderState
2019-09-25 05:06:35,858 [b4fa7d23-6606-45fd-9544-2b08ca3fa933@group-57C0E81ED09A-SegmentedRaftLogWorker] INFO  impl.PendingRequests (PendingRequests.java:sendNotLeaderResponses(202)) - b4fa7d23-6606-45fd-9544-2b08ca3fa933-PendingRequests: sendNotLeaderResponses
2019-09-25 05:06:35,857 [f77bfc29-6991-4b1d-a503-f706c83de4fc@group-B866544E1229-SegmentedRaftLogWorker] INFO  impl.PendingRequests (PendingRequests.java:sendNotLeaderResponses(202)) - f77bfc29-6991-4b1d-a503-f706c83de4fc-PendingRequests: sendNotLeaderResponses
2019-09-25 05:06:35,857 [56396258-65a3-478c-9482-0be0199dd49c@group-D960DA882FC6-SegmentedRaftLogWorker] INFO  impl.RoleInfo (RoleInfo.java:shutdownLeaderState(104)) - 56396258-65a3-478c-9482-0be0199dd49c: shutdown LeaderState
2019-09-25 05:06:36,502 [56396258-65a3-478c-9482-0be0199dd49c@group-D960DA882FC6-SegmentedRaftLogWorker] INFO  impl.PendingRequests (PendingRequests.java:sendNotLeaderResponses(202)) - 56396258-65a3-478c-9482-0be0199dd49c-PendingRequests: sendNotLeaderResponses
2019-09-25 05:06:35,631 [36ac27b3-2f11-437d-8f1f-165306b0ff4a@group-5080C272BC14-SegmentedRaftLogWorker] INFO  impl.RaftServerImpl (RaftServerImpl.java:lambda$shutdown$3(251)) - 36ac27b3-2f11-437d-8f1f-165306b0ff4a@group-5080C272BC14: shutdown
2019-09-25 05:06:35,857 [pool-37-thread-1] INFO  storage.RaftStorage (RaftStorage.java:format(72)) - Storage directory /workdir/hadoop-ozone/integration-test/target/test-dir/MiniOzoneClusterImpl-23306158-e895-4fc7-80df-ce6c264c388b/datanode-1/data/ratis/09bb0109-2b0d-49eb-9517-2b0cb06791ef has been successfully formatted.
2019-09-25 05:06:35,631 [56396258-65a3-478c-9482-0be0199dd49c@group-2D2A6A1AC4E2:LeaderElection143] INFO  impl.RaftServerImpl (ServerState.java:setRaftConf(354)) - 56396258-65a3-478c-9482-0be0199dd49c@group-2D2A6A1AC4E2: set configuration 0: [56396258-65a3-478c-9482-0be0199dd49c:192.168.30.10:41678], old=null at 0
2019-09-25 05:06:36,503 [pool-37-thread-1] INFO  ratis.ContainerStateMachine (ContainerStateMachine.java:loadSnapshot(230)) - group-2B0CB06791EF: The snapshot info is null. Setting the last applied indexto:(t:0, i:~)
2019-09-25 05:06:35,630 [f77bfc29-6991-4b1d-a503-f706c83de4fc@group-40FD7941FFE1-SegmentedRaftLogWorker] INFO  impl.PendingRequests (PendingRequests.java:sendNotLeaderResponses(202)) - f77bfc29-6991-4b1d-a503-f706c83de4fc-PendingRequests: sendNotLeaderResponses
2019-09-25 05:06:35,630 [de37f7a0-0375-40a9-a318-404478482fcb@group-B581BAE74188-SegmentedRaftLogWorker] INFO  impl.RoleInfo (RoleInfo.java:shutdownLeaderState(104)) - de37f7a0-0375-40a9-a318-404478482fcb: shutdown LeaderState
2019-09-25 05:06:35,630 [c8798e02-7f0c-41f7-82c2-a17323bcf21e@group-0D663BBCA5B4-SegmentedRaftLogWorker] INFO  impl.PendingRequests (PendingRequests.java:sendNotLeaderResponses(202)) - c8798e02-7f0c-41f7-82c2-a17323bcf21e-PendingRequests: sendNotLeaderResponses
2019-09-25 05:06:35,629 [b4fa7d23-6606-45fd-9544-2b08ca3fa933@group-490C88226581-SegmentedRaftLogWorker] INFO  impl.RoleInfo (RoleInfo.java:shutdownLeaderState(104)) - b4fa7d23-6606-45fd-9544-2b08ca3fa933: shutdown LeaderState
2019-09-25 05:06:35,629 [692224c4-5202-4921-98cc-04d5c60c79cc@group-3853F77ACA4A-SegmentedRaftLogWorker] INFO  impl.PendingRequests (PendingRequests.java:sendNotLeaderResponses(202)) - 692224c4-5202-4921-98cc-04d5c60c79cc-PendingRequests: sendNotLeaderResponses
2019-09-25 05:06:35,629 [b4fa7d23-6606-45fd-9544-2b08ca3fa933@group-6413F98F8F54-SegmentedRaftLogWorker] INFO  impl.PendingRequests (PendingRequests.java:sendNotLeaderResponses(202)) - b4fa7d23-6606-45fd-9544-2b08ca3fa933-PendingRequests: sendNotLeaderResponses
2019-09-25 05:06:35,629 [f77bfc29-6991-4b1d-a503-f706c83de4fc@group-D1E4F48C375A-SegmentedRaftLogWorker] INFO  impl.PendingRequests (PendingRequests.java:sendNotLeaderResponses(202)) - f77bfc29-6991-4b1d-a503-f706c83de4fc-PendingRequests: sendNotLeaderResponses
2019-09-25 05:06:35,629 [56396258-65a3-478c-9482-0be0199dd49c@group-E36E29956034-SegmentedRaftLogWorker] INFO  impl.PendingRequests (PendingRequests.java:sendNotLeaderResponses(202)) - 56396258-65a3-478c-9482-0be0199dd49c-PendingRequests: sendNotLeaderResponses
2019-09-25 05:06:35,628 [b4fa7d23-6606-45fd-9544-2b08ca3fa933@group-184F6EE9DFE2-SegmentedRaftLogWorker] INFO  impl.PendingRequests (PendingRequests.java:sendNotLeaderResponses(202)) - b4fa7d23-6606-45fd-9544-2b08ca3fa933-PendingRequests: sendNotLeaderResponses
2019-09-25 05:06:35,628 [c8798e02-7f0c-41f7-82c2-a17323bcf21e@group-82E6436EE4C4-SegmentedRaftLogWorker] INFO  impl.RoleInfo (RoleInfo.java:shutdownLeaderState(104)) - c8798e02-7f0c-41f7-82c2-a17323bcf21e: shutdown LeaderState
2019-09-25 05:06:35,628 [de37f7a0-0375-40a9-a318-404478482fcb@group-C088ACFB0C23-SegmentedRaftLogWorker] INFO  impl.PendingRequests (PendingRequests.java:sendNotLeaderResponses(202)) - de37f7a0-0375-40a9-a318-404478482fcb-PendingRequests: sendNotLeaderResponses
2019-09-25 05:06:35,627 [pool-57-thread-1] INFO  server.RaftServerConfigKeys (ConfUtils.java:logGet(43)) - raft.server.notification.no-leader.timeout = 120s (custom)
2019-09-25 05:06:35,627 [56396258-65a3-478c-9482-0be0199dd49c@group-2570D1B685B2-SegmentedRaftLogWorker] INFO  impl.PendingRequests (PendingRequests.java:sendNotLeaderResponses(202)) - 56396258-65a3-478c-9482-0be0199dd49c-PendingRequests: sendNotLeaderResponses
2019-09-25 05:06:35,627 [f77bfc29-6991-4b1d-a503-f706c83de4fc@group-35F023F29269-SegmentedRaftLogWorker] INFO  util.JmxRegister (JmxRegister.java:unregister(73)) - Successfully un-registered JMX Bean with object name Ratis:service=RaftServer,group=group-35F023F29269,id=f77bfc29-6991-4b1d-a503-f706c83de4fc
2019-09-25 05:06:36,506 [56396258-65a3-478c-9482-0be0199dd49c@group-2570D1B685B2-SegmentedRaftLogWorker] INFO  impl.StateMachineUpdater (StateMachineUpdater.java:stopAndJoin(125)) - 56396258-65a3-478c-9482-0be0199dd49c@group-2570D1B685B2-StateMachineUpdater: set stopIndex = -1
2019-09-25 05:06:36,506 [56396258-65a3-478c-9482-0be0199dd49c@group-2570D1B685B2-SegmentedRaftLogWorker] INFO  impl.RaftServerImpl (ServerState.java:close(385)) - 56396258-65a3-478c-9482-0be0199dd49c@group-2570D1B685B2: closes. applyIndex: -1
2019-09-25 05:06:36,506 [pool-57-thread-1] INFO  server.RaftServerConfigKeys (ConfUtils.java:logGet(43)) - raft.server.log.use.memory = false (default)
2019-09-25 05:06:36,506 [de37f7a0-0375-40a9-a318-404478482fcb@group-C088ACFB0C23-SegmentedRaftLogWorker] INFO  impl.StateMachineUpdater (StateMachineUpdater.java:stopAndJoin(125)) - de37f7a0-0375-40a9-a318-404478482fcb@group-C088ACFB0C23-StateMachineUpdater: set stopIndex = -1
2019-09-25 05:06:36,507 [de37f7a0-0375-40a9-a318-404478482fcb@group-C088ACFB0C23-SegmentedRaftLogWorker] INFO  impl.RaftServerImpl (ServerState.java:close(385)) - de37f7a0-0375-40a9-a318-404478482fcb@group-C088ACFB0C23: closes. applyIndex: -1
2019-09-25 05:06:36,505 [c8798e02-7f0c-41f7-82c2-a17323bcf21e@group-82E6436EE4C4-SegmentedRaftLogWorker] INFO  impl.PendingRequests (PendingRequests.java:sendNotLeaderResponses(202)) - c8798e02-7f0c-41f7-82c2-a17323bcf21e-PendingRequests: sendNotLeaderResponses
2019-09-25 05:06:36,505 [b4fa7d23-6606-45fd-9544-2b08ca3fa933@group-184F6EE9DFE2-SegmentedRaftLogWorker] INFO  impl.StateMachineUpdater (StateMachineUpdater.java:stopAndJoin(125)) - b4fa7d23-6606-45fd-9544-2b08ca3fa933@group-184F6EE9DFE2-StateMachineUpdater: set stopIndex = -1
2019-09-25 05:06:36,505 [56396258-65a3-478c-9482-0be0199dd49c@group-E36E29956034-SegmentedRaftLogWorker] INFO  impl.StateMachineUpdater (StateMachineUpdater.java:stopAndJoin(125)) - 56396258-65a3-478c-9482-0be0199dd49c@group-E36E29956034-StateMachineUpdater: set stopIndex = -1
2019-09-25 05:06:36,505 [f77bfc29-6991-4b1d-a503-f706c83de4fc@group-D1E4F48C375A-SegmentedRaftLogWorker] INFO  impl.StateMachineUpdater (StateMachineUpdater.java:stopAndJoin(125)) - f77bfc29-6991-4b1d-a503-f706c83de4fc@group-D1E4F48C375A-StateMachineUpdater: set stopIndex = -1
2019-09-25 05:06:36,504 [b4fa7d23-6606-45fd-9544-2b08ca3fa933@group-6413F98F8F54-SegmentedRaftLogWorker] INFO  impl.StateMachineUpdater (StateMachineUpdater.java:stopAndJoin(125)) - b4fa7d23-6606-45fd-9544-2b08ca3fa933@group-6413F98F8F54-StateMachineUpdater: set stopIndex = -1
2019-09-25 05:06:36,508 [b4fa7d23-6606-45fd-9544-2b08ca3fa933@group-6413F98F8F54-SegmentedRaftLogWorker] INFO  impl.RaftServerImpl (ServerState.java:close(385)) - b4fa7d23-6606-45fd-9544-2b08ca3fa933@group-6413F98F8F54: closes. applyIndex: -1
2019-09-25 05:06:36,504 [692224c4-5202-4921-98cc-04d5c60c79cc@group-3853F77ACA4A-SegmentedRaftLogWorker] INFO  impl.StateMachineUpdater (StateMachineUpdater.java:stopAndJoin(125)) - 692224c4-5202-4921-98cc-04d5c60c79cc@group-3853F77ACA4A-StateMachineUpdater: set stopIndex = -1
2019-09-25 05:06:36,508 [692224c4-5202-4921-98cc-04d5c60c79cc@group-3853F77ACA4A-SegmentedRaftLogWorker] INFO  impl.RaftServerImpl (ServerState.java:close(385)) - 692224c4-5202-4921-98cc-04d5c60c79cc@group-3853F77ACA4A: closes. applyIndex: -1
2019-09-25 05:06:36,504 [b4fa7d23-6606-45fd-9544-2b08ca3fa933@group-490C88226581-SegmentedRaftLogWorker] INFO  impl.PendingRequests (PendingRequests.java:sendNotLeaderResponses(202)) - b4fa7d23-6606-45fd-9544-2b08ca3fa933-PendingRequests: sendNotLeaderResponses
2019-09-25 05:06:36,504 [c8798e02-7f0c-41f7-82c2-a17323bcf21e@group-0D663BBCA5B4-SegmentedRaftLogWorker] INFO  impl.StateMachineUpdater (StateMachineUpdater.java:stopAndJoin(125)) - c8798e02-7f0c-41f7-82c2-a17323bcf21e@group-0D663BBCA5B4-StateMachineUpdater: set stopIndex = -1
2019-09-25 05:06:36,509 [c8798e02-7f0c-41f7-82c2-a17323bcf21e@group-0D663BBCA5B4-SegmentedRaftLogWorker] INFO  impl.RaftServerImpl (ServerState.java:close(385)) - c8798e02-7f0c-41f7-82c2-a17323bcf21e@group-0D663BBCA5B4: closes. applyIndex: -1
2019-09-25 05:06:36,503 [de37f7a0-0375-40a9-a318-404478482fcb@group-B581BAE74188-SegmentedRaftLogWorker] INFO  impl.PendingRequests (PendingRequests.java:sendNotLeaderResponses(202)) - de37f7a0-0375-40a9-a318-404478482fcb-PendingRequests: sendNotLeaderResponses
2019-09-25 05:06:36,509 [c8798e02-7f0c-41f7-82c2-a17323bcf21e@group-0D663BBCA5B4-SegmentedRaftLogWorker] INFO  segmented.SegmentedRaftLogWorker (SegmentedRaftLogWorker.java:close(228)) - c8798e02-7f0c-41f7-82c2-a17323bcf21e@group-0D663BBCA5B4-SegmentedRaftLogWorker close()
2019-09-25 05:06:36,503 [f77bfc29-6991-4b1d-a503-f706c83de4fc@group-40FD7941FFE1-SegmentedRaftLogWorker] INFO  impl.StateMachineUpdater (StateMachineUpdater.java:stopAndJoin(125)) - f77bfc29-6991-4b1d-a503-f706c83de4fc@group-40FD7941FFE1-StateMachineUpdater: set stopIndex = -1
2019-09-25 05:06:36,503 [pool-37-thread-1] INFO  server.RaftServerConfigKeys (ConfUtils.java:logGet(43)) - raft.server.notification.no-leader.timeout = 120s (custom)
2019-09-25 05:06:36,502 [36ac27b3-2f11-437d-8f1f-165306b0ff4a@group-5080C272BC14-SegmentedRaftLogWorker] INFO  util.JmxRegister (JmxRegister.java:unregister(73)) - Successfully un-registered JMX Bean with object name Ratis:service=RaftServer,group=group-5080C272BC14,id=36ac27b3-2f11-437d-8f1f-165306b0ff4a
2019-09-25 05:06:36,510 [36ac27b3-2f11-437d-8f1f-165306b0ff4a@group-5080C272BC14-SegmentedRaftLogWorker] INFO  impl.RoleInfo (RoleInfo.java:shutdownLeaderState(104)) - 36ac27b3-2f11-437d-8f1f-165306b0ff4a: shutdown LeaderState
2019-09-25 05:06:36,502 [56396258-65a3-478c-9482-0be0199dd49c@group-D960DA882FC6-SegmentedRaftLogWorker] INFO  impl.StateMachineUpdater (StateMachineUpdater.java:stopAndJoin(125)) - 56396258-65a3-478c-9482-0be0199dd49c@group-D960DA882FC6-StateMachineUpdater: set stopIndex = -1
2019-09-25 05:06:36,510 [56396258-65a3-478c-9482-0be0199dd49c@group-D960DA882FC6-SegmentedRaftLogWorker] INFO  impl.RaftServerImpl (ServerState.java:close(385)) - 56396258-65a3-478c-9482-0be0199dd49c@group-D960DA882FC6: closes. applyIndex: -1
2019-09-25 05:06:36,502 [f77bfc29-6991-4b1d-a503-f706c83de4fc@group-B866544E1229-SegmentedRaftLogWorker] INFO  impl.StateMachineUpdater (StateMachineUpdater.java:stopAndJoin(125)) - f77bfc29-6991-4b1d-a503-f706c83de4fc@group-B866544E1229-StateMachineUpdater: set stopIndex = -1
2019-09-25 05:06:36,510 [f77bfc29-6991-4b1d-a503-f706c83de4fc@group-B866544E1229-SegmentedRaftLogWorker] INFO  impl.RaftServerImpl (ServerState.java:close(385)) - f77bfc29-6991-4b1d-a503-f706c83de4fc@group-B866544E1229: closes. applyIndex: -1
2019-09-25 05:06:36,501 [b4fa7d23-6606-45fd-9544-2b08ca3fa933@group-57C0E81ED09A-SegmentedRaftLogWorker] INFO  impl.StateMachineUpdater (StateMachineUpdater.java:stopAndJoin(125)) - b4fa7d23-6606-45fd-9544-2b08ca3fa933@group-57C0E81ED09A-StateMachineUpdater: set stopIndex = -1
2019-09-25 05:06:36,501 [b4fa7d23-6606-45fd-9544-2b08ca3fa933@group-E09D7EF96C33-SegmentedRaftLogWorker] INFO  impl.PendingRequests (PendingRequests.java:sendNotLeaderResponses(202)) - b4fa7d23-6606-45fd-9544-2b08ca3fa933-PendingRequests: sendNotLeaderResponses
2019-09-25 05:06:36,501 [f77bfc29-6991-4b1d-a503-f706c83de4fc@group-F2D9B87A111F-SegmentedRaftLogWorker] INFO  impl.StateMachineUpdater (StateMachineUpdater.java:stopAndJoin(125)) - f77bfc29-6991-4b1d-a503-f706c83de4fc@group-F2D9B87A111F-StateMachineUpdater: set stopIndex = -1
2019-09-25 05:06:36,511 [f77bfc29-6991-4b1d-a503-f706c83de4fc@group-F2D9B87A111F-SegmentedRaftLogWorker] INFO  impl.RaftServerImpl (ServerState.java:close(385)) - f77bfc29-6991-4b1d-a503-f706c83de4fc@group-F2D9B87A111F: closes. applyIndex: -1
2019-09-25 05:06:36,501 [b4fa7d23-6606-45fd-9544-2b08ca3fa933@group-A43BB86F38DC-SegmentedRaftLogWorker] INFO  segmented.SegmentedRaftLogWorker (SegmentedRaftLogWorker.java:close(228)) - b4fa7d23-6606-45fd-9544-2b08ca3fa933@group-A43BB86F38DC-SegmentedRaftLogWorker close()
2019-09-25 05:06:36,501 [pool-87-thread-1] INFO  server.RaftServerConfigKeys (ConfUtils.java:logGet(43)) - raft.server.rpc.timeout.max = 5200ms (custom)
2019-09-25 05:06:36,500 [36ac27b3-2f11-437d-8f1f-165306b0ff4a@group-25E3748DE4E7-SegmentedRaftLogWorker] INFO  impl.PendingRequests (PendingRequests.java:sendNotLeaderResponses(202)) - 36ac27b3-2f11-437d-8f1f-165306b0ff4a-PendingRequests: sendNotLeaderResponses
2019-09-25 05:06:36,500 [36ac27b3-2f11-437d-8f1f-165306b0ff4a@group-84CDB88FD1B0-SegmentedRaftLogWorker] INFO  impl.RaftServerImpl (RaftServerImpl.java:lambda$shutdown$3(251)) - 36ac27b3-2f11-437d-8f1f-165306b0ff4a@group-84CDB88FD1B0: shutdown
2019-09-25 05:06:36,499 [36ac27b3-2f11-437d-8f1f-165306b0ff4a@group-6E6AA1FC98DD-SegmentedRaftLogWorker] INFO  segmented.SegmentedRaftLogWorker (SegmentedRaftLogWorker.java:close(228)) - 36ac27b3-2f11-437d-8f1f-165306b0ff4a@group-6E6AA1FC98DD-SegmentedRaftLogWorker close()
2019-09-25 05:06:36,499 [692224c4-5202-4921-98cc-04d5c60c79cc@group-4EBFA92A4DF4-SegmentedRaftLogWorker] INFO  impl.RoleInfo (RoleInfo.java:shutdownLeaderState(104)) - 692224c4-5202-4921-98cc-04d5c60c79cc: shutdown LeaderState
2019-09-25 05:06:36,512 [36ac27b3-2f11-437d-8f1f-165306b0ff4a@group-84CDB88FD1B0-SegmentedRaftLogWorker] INFO  util.JmxRegister (JmxRegister.java:unregister(73)) - Successfully un-registered JMX Bean with object name Ratis:service=RaftServer,group=group-84CDB88FD1B0,id=36ac27b3-2f11-437d-8f1f-165306b0ff4a
2019-09-25 05:06:36,512 [36ac27b3-2f11-437d-8f1f-165306b0ff4a@group-25E3748DE4E7-SegmentedRaftLogWorker] INFO  impl.StateMachineUpdater (StateMachineUpdater.java:stopAndJoin(125)) - 36ac27b3-2f11-437d-8f1f-165306b0ff4a@group-25E3748DE4E7-StateMachineUpdater: set stopIndex = -1
2019-09-25 05:06:36,512 [pool-87-thread-1] INFO  server.RaftServerConfigKeys (ConfUtils.java:logGet(43)) - raft.server.rpcslowness.timeout = 120s (custom)
2019-09-25 05:06:36,513 [pool-87-thread-1] INFO  server.RaftServerConfigKeys (ConfUtils.java:logGet(43)) - raft.server.sleep.deviation.threshold = 300 (default)
2019-09-25 05:06:36,511 [f77bfc29-6991-4b1d-a503-f706c83de4fc@group-F2D9B87A111F-SegmentedRaftLogWorker] INFO  segmented.SegmentedRaftLogWorker (SegmentedRaftLogWorker.java:close(228)) - f77bfc29-6991-4b1d-a503-f706c83de4fc@group-F2D9B87A111F-SegmentedRaftLogWorker close()
2019-09-25 05:06:36,511 [b4fa7d23-6606-45fd-9544-2b08ca3fa933@group-E09D7EF96C33-SegmentedRaftLogWorker] INFO  impl.StateMachineUpdater (StateMachineUpdater.java:stopAndJoin(125)) - b4fa7d23-6606-45fd-9544-2b08ca3fa933@group-E09D7EF96C33-StateMachineUpdater: set stopIndex = -1
2019-09-25 05:06:36,513 [b4fa7d23-6606-45fd-9544-2b08ca3fa933@group-E09D7EF96C33-SegmentedRaftLogWorker] INFO  impl.RaftServerImpl (ServerState.java:close(385)) - b4fa7d23-6606-45fd-9544-2b08ca3fa933@group-E09D7EF96C33: closes. applyIndex: -1
2019-09-25 05:06:36,511 [b4fa7d23-6606-45fd-9544-2b08ca3fa933@group-57C0E81ED09A-SegmentedRaftLogWorker] INFO  impl.RaftServerImpl (ServerState.java:close(385)) - b4fa7d23-6606-45fd-9544-2b08ca3fa933@group-57C0E81ED09A: closes. applyIndex: -1
2019-09-25 05:06:36,511 [f77bfc29-6991-4b1d-a503-f706c83de4fc@group-B866544E1229-SegmentedRaftLogWorker] INFO  segmented.SegmentedRaftLogWorker (SegmentedRaftLogWorker.java:close(228)) - f77bfc29-6991-4b1d-a503-f706c83de4fc@group-B866544E1229-SegmentedRaftLogWorker close()
2019-09-25 05:06:36,510 [56396258-65a3-478c-9482-0be0199dd49c@group-D960DA882FC6-SegmentedRaftLogWorker] INFO  segmented.SegmentedRaftLogWorker (SegmentedRaftLogWorker.java:close(228)) - 56396258-65a3-478c-9482-0be0199dd49c@group-D960DA882FC6-SegmentedRaftLogWorker close()
2019-09-25 05:06:36,510 [36ac27b3-2f11-437d-8f1f-165306b0ff4a@group-5080C272BC14-SegmentedRaftLogWorker] INFO  impl.PendingRequests (PendingRequests.java:sendNotLeaderResponses(202)) - 36ac27b3-2f11-437d-8f1f-165306b0ff4a-PendingRequests: sendNotLeaderResponses
2019-09-25 05:06:36,510 [pool-37-thread-1] INFO  server.RaftServerConfigKeys (ConfUtils.java:logGet(43)) - raft.server.log.use.memory = false (default)
2019-09-25 05:06:36,509 [f77bfc29-6991-4b1d-a503-f706c83de4fc@group-40FD7941FFE1-SegmentedRaftLogWorker] INFO  impl.RaftServerImpl (ServerState.java:close(385)) - f77bfc29-6991-4b1d-a503-f706c83de4fc@group-40FD7941FFE1: closes. applyIndex: -1
2019-09-25 05:06:36,509 [de37f7a0-0375-40a9-a318-404478482fcb@group-B581BAE74188-SegmentedRaftLogWorker] INFO  impl.StateMachineUpdater (StateMachineUpdater.java:stopAndJoin(125)) - de37f7a0-0375-40a9-a318-404478482fcb@group-B581BAE74188-StateMachineUpdater: set stopIndex = -1
2019-09-25 05:06:36,515 [de37f7a0-0375-40a9-a318-404478482fcb@group-B581BAE74188-SegmentedRaftLogWorker] INFO  impl.RaftServerImpl (ServerState.java:close(385)) - de37f7a0-0375-40a9-a318-404478482fcb@group-B581BAE74188: closes. applyIndex: -1
2019-09-25 05:06:36,509 [b4fa7d23-6606-45fd-9544-2b08ca3fa933@group-490C88226581-SegmentedRaftLogWorker] INFO  impl.StateMachineUpdater (StateMachineUpdater.java:stopAndJoin(125)) - b4fa7d23-6606-45fd-9544-2b08ca3fa933@group-490C88226581-StateMachineUpdater: set stopIndex = -1
2019-09-25 05:06:36,515 [b4fa7d23-6606-45fd-9544-2b08ca3fa933@group-490C88226581-SegmentedRaftLogWorker] INFO  impl.RaftServerImpl (ServerState.java:close(385)) - b4fa7d23-6606-45fd-9544-2b08ca3fa933@group-490C88226581: closes. applyIndex: -1
2019-09-25 05:06:36,508 [692224c4-5202-4921-98cc-04d5c60c79cc@group-3853F77ACA4A-SegmentedRaftLogWorker] INFO  segmented.SegmentedRaftLogWorker (SegmentedRaftLogWorker.java:close(228)) - 692224c4-5202-4921-98cc-04d5c60c79cc@group-3853F77ACA4A-SegmentedRaftLogWorker close()
2019-09-25 05:06:36,508 [b4fa7d23-6606-45fd-9544-2b08ca3fa933@group-6413F98F8F54-SegmentedRaftLogWorker] INFO  segmented.SegmentedRaftLogWorker (SegmentedRaftLogWorker.java:close(228)) - b4fa7d23-6606-45fd-9544-2b08ca3fa933@group-6413F98F8F54-SegmentedRaftLogWorker close()
2019-09-25 05:06:36,508 [f77bfc29-6991-4b1d-a503-f706c83de4fc@group-D1E4F48C375A-SegmentedRaftLogWorker] INFO  impl.RaftServerImpl (ServerState.java:close(385)) - f77bfc29-6991-4b1d-a503-f706c83de4fc@group-D1E4F48C375A: closes. applyIndex: -1
2019-09-25 05:06:36,508 [56396258-65a3-478c-9482-0be0199dd49c@group-E36E29956034-SegmentedRaftLogWorker] INFO  impl.RaftServerImpl (ServerState.java:close(385)) - 56396258-65a3-478c-9482-0be0199dd49c@group-E36E29956034: closes. applyIndex: -1
2019-09-25 05:06:36,507 [b4fa7d23-6606-45fd-9544-2b08ca3fa933@group-184F6EE9DFE2-SegmentedRaftLogWorker] INFO  impl.RaftServerImpl (ServerState.java:close(385)) - b4fa7d23-6606-45fd-9544-2b08ca3fa933@group-184F6EE9DFE2: closes. applyIndex: -1
2019-09-25 05:06:36,507 [c8798e02-7f0c-41f7-82c2-a17323bcf21e@group-82E6436EE4C4-SegmentedRaftLogWorker] INFO  impl.StateMachineUpdater (StateMachineUpdater.java:stopAndJoin(125)) - c8798e02-7f0c-41f7-82c2-a17323bcf21e@group-82E6436EE4C4-StateMachineUpdater: set stopIndex = -1
2019-09-25 05:06:36,516 [c8798e02-7f0c-41f7-82c2-a17323bcf21e@group-82E6436EE4C4-SegmentedRaftLogWorker] INFO  impl.RaftServerImpl (ServerState.java:close(385)) - c8798e02-7f0c-41f7-82c2-a17323bcf21e@group-82E6436EE4C4: closes. applyIndex: -1
2019-09-25 05:06:36,507 [de37f7a0-0375-40a9-a318-404478482fcb@group-C088ACFB0C23-SegmentedRaftLogWorker] INFO  segmented.SegmentedRaftLogWorker (SegmentedRaftLogWorker.java:close(228)) - de37f7a0-0375-40a9-a318-404478482fcb@group-C088ACFB0C23-SegmentedRaftLogWorker close()
2019-09-25 05:06:36,507 [pool-57-thread-1] INFO  server.RaftServerConfigKeys (ConfUtils.java:logGet(43)) - raft.server.log.purge.gap = 1000000 (custom)
2019-09-25 05:06:36,507 [56396258-65a3-478c-9482-0be0199dd49c@group-2570D1B685B2-SegmentedRaftLogWorker] INFO  segmented.SegmentedRaftLogWorker (SegmentedRaftLogWorker.java:close(228)) - 56396258-65a3-478c-9482-0be0199dd49c@group-2570D1B685B2-SegmentedRaftLogWorker close()
2019-09-25 05:06:36,506 [f77bfc29-6991-4b1d-a503-f706c83de4fc@group-35F023F29269-SegmentedRaftLogWorker] INFO  impl.RoleInfo (RoleInfo.java:shutdownLeaderState(104)) - f77bfc29-6991-4b1d-a503-f706c83de4fc: shutdown LeaderState
2019-09-25 05:06:36,517 [pool-57-thread-1] INFO  server.RaftServerConfigKeys (ConfUtils.java:logGet(43)) - raft.server.log.appender.buffer.byte-limit = 33554432 (custom)
2019-09-25 05:06:36,517 [c8798e02-7f0c-41f7-82c2-a17323bcf21e@group-82E6436EE4C4-SegmentedRaftLogWorker] INFO  segmented.SegmentedRaftLogWorker (SegmentedRaftLogWorker.java:close(228)) - c8798e02-7f0c-41f7-82c2-a17323bcf21e@group-82E6436EE4C4-SegmentedRaftLogWorker close()
2019-09-25 05:06:36,516 [b4fa7d23-6606-45fd-9544-2b08ca3fa933@group-184F6EE9DFE2-SegmentedRaftLogWorker] INFO  segmented.SegmentedRaftLogWorker (SegmentedRaftLogWorker.java:close(228)) - b4fa7d23-6606-45fd-9544-2b08ca3fa933@group-184F6EE9DFE2-SegmentedRaftLogWorker close()
2019-09-25 05:06:36,516 [56396258-65a3-478c-9482-0be0199dd49c@group-E36E29956034-SegmentedRaftLogWorker] INFO  segmented.SegmentedRaftLogWorker (SegmentedRaftLogWorker.java:close(228)) - 56396258-65a3-478c-9482-0be0199dd49c@group-E36E29956034-SegmentedRaftLogWorker close()
2019-09-25 05:06:36,516 [f77bfc29-6991-4b1d-a503-f706c83de4fc@group-D1E4F48C375A-SegmentedRaftLogWorker] INFO  segmented.SegmentedRaftLogWorker (SegmentedRaftLogWorker.java:close(228)) - f77bfc29-6991-4b1d-a503-f706c83de4fc@group-D1E4F48C375A-SegmentedRaftLogWorker close()
2019-09-25 05:06:36,515 [b4fa7d23-6606-45fd-9544-2b08ca3fa933@group-490C88226581-SegmentedRaftLogWorker] INFO  segmented.SegmentedRaftLogWorker (SegmentedRaftLogWorker.java:close(228)) - b4fa7d23-6606-45fd-9544-2b08ca3fa933@group-490C88226581-SegmentedRaftLogWorker close()
2019-09-25 05:06:36,515 [de37f7a0-0375-40a9-a318-404478482fcb@group-B581BAE74188-SegmentedRaftLogWorker] INFO  segmented.SegmentedRaftLogWorker (SegmentedRaftLogWorker.java:close(228)) - de37f7a0-0375-40a9-a318-404478482fcb@group-B581BAE74188-SegmentedRaftLogWorker close()
2019-09-25 05:06:36,515 [f77bfc29-6991-4b1d-a503-f706c83de4fc@group-40FD7941FFE1-SegmentedRaftLogWorker] INFO  segmented.SegmentedRaftLogWorker (SegmentedRaftLogWorker.java:close(228)) - f77bfc29-6991-4b1d-a503-f706c83de4fc@group-40FD7941FFE1-SegmentedRaftLogWorker close()
2019-09-25 05:06:36,514 [pool-37-thread-1] INFO  server.RaftServerConfigKeys (ConfUtils.java:logGet(43)) - raft.server.log.purge.gap = 1000000 (custom)
2019-09-25 05:06:36,514 [36ac27b3-2f11-437d-8f1f-165306b0ff4a@group-5080C272BC14-SegmentedRaftLogWorker] INFO  impl.StateMachineUpdater (StateMachineUpdater.java:stopAndJoin(125)) - 36ac27b3-2f11-437d-8f1f-165306b0ff4a@group-5080C272BC14-StateMachineUpdater: set stopIndex = -1
2019-09-25 05:06:36,519 [36ac27b3-2f11-437d-8f1f-165306b0ff4a@group-5080C272BC14-SegmentedRaftLogWorker] INFO  impl.RaftServerImpl (ServerState.java:close(385)) - 36ac27b3-2f11-437d-8f1f-165306b0ff4a@group-5080C272BC14: closes. applyIndex: -1
2019-09-25 05:06:36,514 [b4fa7d23-6606-45fd-9544-2b08ca3fa933@group-57C0E81ED09A-SegmentedRaftLogWorker] INFO  segmented.SegmentedRaftLogWorker (SegmentedRaftLogWorker.java:close(228)) - b4fa7d23-6606-45fd-9544-2b08ca3fa933@group-57C0E81ED09A-SegmentedRaftLogWorker close()
2019-09-25 05:06:36,514 [b4fa7d23-6606-45fd-9544-2b08ca3fa933@group-E09D7EF96C33-SegmentedRaftLogWorker] INFO  segmented.SegmentedRaftLogWorker (SegmentedRaftLogWorker.java:close(228)) - b4fa7d23-6606-45fd-9544-2b08ca3fa933@group-E09D7EF96C33-SegmentedRaftLogWorker close()
2019-09-25 05:06:36,513 [pool-87-thread-1] INFO  server.RaftServerConfigKeys (ConfUtils.java:logGet(43)) - raft.server.log.appender.install.snapshot.enabled = false (custom)
2019-09-25 05:06:36,513 [36ac27b3-2f11-437d-8f1f-165306b0ff4a@group-25E3748DE4E7-SegmentedRaftLogWorker] INFO  impl.RaftServerImpl (ServerState.java:close(385)) - 36ac27b3-2f11-437d-8f1f-165306b0ff4a@group-25E3748DE4E7: closes. applyIndex: -1
2019-09-25 05:06:36,513 [36ac27b3-2f11-437d-8f1f-165306b0ff4a@group-84CDB88FD1B0-SegmentedRaftLogWorker] INFO  impl.RoleInfo (RoleInfo.java:shutdownLeaderState(104)) - 36ac27b3-2f11-437d-8f1f-165306b0ff4a: shutdown LeaderState
2019-09-25 05:06:36,520 [36ac27b3-2f11-437d-8f1f-165306b0ff4a@group-25E3748DE4E7-SegmentedRaftLogWorker] INFO  segmented.SegmentedRaftLogWorker (SegmentedRaftLogWorker.java:close(228)) - 36ac27b3-2f11-437d-8f1f-165306b0ff4a@group-25E3748DE4E7-SegmentedRaftLogWorker close()
2019-09-25 05:06:36,512 [692224c4-5202-4921-98cc-04d5c60c79cc@group-4EBFA92A4DF4-SegmentedRaftLogWorker] INFO  impl.PendingRequests (PendingRequests.java:sendNotLeaderResponses(202)) - 692224c4-5202-4921-98cc-04d5c60c79cc-PendingRequests: sendNotLeaderResponses
2019-09-25 05:06:36,520 [36ac27b3-2f11-437d-8f1f-165306b0ff4a@group-84CDB88FD1B0-SegmentedRaftLogWorker] INFO  impl.PendingRequests (PendingRequests.java:sendNotLeaderResponses(202)) - 36ac27b3-2f11-437d-8f1f-165306b0ff4a-PendingRequests: sendNotLeaderResponses
2019-09-25 05:06:36,520 [pool-87-thread-1] INFO  impl.RaftServerImpl (ServerState.java:<init>(103)) - 56396258-65a3-478c-9482-0be0199dd49c@group-2B0CB06791EF: ConfigurationManager, init=-1: [b4fa7d23-6606-45fd-9544-2b08ca3fa933:192.168.30.10:34493, 56396258-65a3-478c-9482-0be0199dd49c:192.168.30.10:41678, 36ac27b3-2f11-437d-8f1f-165306b0ff4a:192.168.30.10:45265], old=null, confs=<EMPTY_MAP>
2019-09-25 05:06:36,520 [36ac27b3-2f11-437d-8f1f-165306b0ff4a@group-5080C272BC14-SegmentedRaftLogWorker] INFO  segmented.SegmentedRaftLogWorker (SegmentedRaftLogWorker.java:close(228)) - 36ac27b3-2f11-437d-8f1f-165306b0ff4a@group-5080C272BC14-SegmentedRaftLogWorker close()
2019-09-25 05:06:36,519 [pool-37-thread-1] INFO  server.RaftServerConfigKeys (ConfUtils.java:logGet(43)) - raft.server.log.appender.buffer.byte-limit = 33554432 (custom)
2019-09-25 05:06:36,518 [pool-57-thread-1] INFO  server.RaftServerConfigKeys (ConfUtils.java:logGet(43)) - raft.server.log.segment.size.max = 1048576 (custom)
2019-09-25 05:06:36,517 [f77bfc29-6991-4b1d-a503-f706c83de4fc@group-35F023F29269-SegmentedRaftLogWorker] INFO  impl.PendingRequests (PendingRequests.java:sendNotLeaderResponses(202)) - f77bfc29-6991-4b1d-a503-f706c83de4fc-PendingRequests: sendNotLeaderResponses
2019-09-25 05:06:36,522 [pool-57-thread-1] INFO  server.RaftServerConfigKeys (ConfUtils.java:logGet(43)) - raft.server.log.segment.cache.num.max = 2 (custom)
2019-09-25 05:06:36,522 [pool-37-thread-1] INFO  server.RaftServerConfigKeys (ConfUtils.java:logGet(43)) - raft.server.log.segment.size.max = 1048576 (custom)
2019-09-25 05:06:36,521 [pool-87-thread-1] INFO  server.RaftServerConfigKeys (ConfUtils.java:logGet(43)) - raft.server.storage.dir = [/workdir/hadoop-ozone/integration-test/target/test-dir/MiniOzoneClusterImpl-23306158-e895-4fc7-80df-ce6c264c388b/datanode-6/data/ratis] (custom)
2019-09-25 05:06:36,521 [36ac27b3-2f11-437d-8f1f-165306b0ff4a@group-84CDB88FD1B0-SegmentedRaftLogWorker] INFO  impl.StateMachineUpdater (StateMachineUpdater.java:stopAndJoin(125)) - 36ac27b3-2f11-437d-8f1f-165306b0ff4a@group-84CDB88FD1B0-StateMachineUpdater: set stopIndex = -1
2019-09-25 05:06:36,521 [692224c4-5202-4921-98cc-04d5c60c79cc@group-4EBFA92A4DF4-SegmentedRaftLogWorker] INFO  impl.StateMachineUpdater (StateMachineUpdater.java:stopAndJoin(125)) - 692224c4-5202-4921-98cc-04d5c60c79cc@group-4EBFA92A4DF4-StateMachineUpdater: set stopIndex = -1
2019-09-25 05:06:36,523 [36ac27b3-2f11-437d-8f1f-165306b0ff4a@group-84CDB88FD1B0-SegmentedRaftLogWorker] INFO  impl.RaftServerImpl (ServerState.java:close(385)) - 36ac27b3-2f11-437d-8f1f-165306b0ff4a@group-84CDB88FD1B0: closes. applyIndex: -1
2019-09-25 05:06:36,522 [pool-37-thread-1] INFO  server.RaftServerConfigKeys (ConfUtils.java:logGet(43)) - raft.server.log.segment.cache.num.max = 2 (custom)
2019-09-25 05:06:36,523 [pool-37-thread-1] INFO  segmented.SegmentedRaftLogWorker (SegmentedRaftLogWorker.java:<init>(172)) - new 36ac27b3-2f11-437d-8f1f-165306b0ff4a@group-2B0CB06791EF-SegmentedRaftLogWorker for RaftStorage:Storage Directory /workdir/hadoop-ozone/integration-test/target/test-dir/MiniOzoneClusterImpl-23306158-e895-4fc7-80df-ce6c264c388b/datanode-1/data/ratis/09bb0109-2b0d-49eb-9517-2b0cb06791ef
2019-09-25 05:06:36,522 [pool-57-thread-1] INFO  segmented.SegmentedRaftLogWorker (SegmentedRaftLogWorker.java:<init>(172)) - new de37f7a0-0375-40a9-a318-404478482fcb@group-6F794C7E7E86-SegmentedRaftLogWorker for RaftStorage:Storage Directory /workdir/hadoop-ozone/integration-test/target/test-dir/MiniOzoneClusterImpl-23306158-e895-4fc7-80df-ce6c264c388b/datanode-3/data/ratis/a911bd15-a24e-4a4d-b993-6f794c7e7e86
2019-09-25 05:06:36,522 [f77bfc29-6991-4b1d-a503-f706c83de4fc@group-35F023F29269-SegmentedRaftLogWorker] INFO  impl.StateMachineUpdater (StateMachineUpdater.java:stopAndJoin(125)) - f77bfc29-6991-4b1d-a503-f706c83de4fc@group-35F023F29269-StateMachineUpdater: set stopIndex = -1
2019-09-25 05:06:36,524 [pool-57-thread-1] INFO  server.RaftServerConfigKeys (ConfUtils.java:logGet(43)) - raft.server.log.queue.byte-limit = 2147483647 (custom)
2019-09-25 05:06:36,523 [pool-37-thread-1] INFO  server.RaftServerConfigKeys (ConfUtils.java:logGet(43)) - raft.server.log.queue.byte-limit = 2147483647 (custom)
2019-09-25 05:06:36,524 [pool-37-thread-1] INFO  server.RaftServerConfigKeys (ConfUtils.java:logGet(43)) - raft.server.log.queue.element-limit = 1024 (custom)
2019-09-25 05:06:36,523 [36ac27b3-2f11-437d-8f1f-165306b0ff4a@group-84CDB88FD1B0-SegmentedRaftLogWorker] INFO  segmented.SegmentedRaftLogWorker (SegmentedRaftLogWorker.java:close(228)) - 36ac27b3-2f11-437d-8f1f-165306b0ff4a@group-84CDB88FD1B0-SegmentedRaftLogWorker close()
2019-09-25 05:06:36,523 [pool-87-thread-1] INFO  storage.RaftStorageDirectory (RaftStorageDirectory.java:analyzeStorage(246)) - The storage directory /workdir/hadoop-ozone/integration-test/target/test-dir/MiniOzoneClusterImpl-23306158-e895-4fc7-80df-ce6c264c388b/datanode-6/data/ratis/09bb0109-2b0d-49eb-9517-2b0cb06791ef does not exist. Creating ...
2019-09-25 05:06:36,523 [692224c4-5202-4921-98cc-04d5c60c79cc@group-4EBFA92A4DF4-SegmentedRaftLogWorker] INFO  impl.RaftServerImpl (ServerState.java:close(385)) - 692224c4-5202-4921-98cc-04d5c60c79cc@group-4EBFA92A4DF4: closes. applyIndex: -1
2019-09-25 05:06:36,524 [pool-37-thread-1] INFO  server.RaftServerConfigKeys (ConfUtils.java:logGet(43)) - raft.server.log.segment.size.max = 1048576 (custom)
2019-09-25 05:06:36,525 [pool-37-thread-1] INFO  server.RaftServerConfigKeys (ConfUtils.java:logGet(43)) - raft.server.log.preallocated.size = 16384 (custom)
2019-09-25 05:06:36,524 [pool-57-thread-1] INFO  server.RaftServerConfigKeys (ConfUtils.java:logGet(43)) - raft.server.log.queue.element-limit = 1024 (custom)
2019-09-25 05:06:36,524 [f77bfc29-6991-4b1d-a503-f706c83de4fc@group-35F023F29269-SegmentedRaftLogWorker] INFO  impl.RaftServerImpl (ServerState.java:close(385)) - f77bfc29-6991-4b1d-a503-f706c83de4fc@group-35F023F29269: closes. applyIndex: -1
2019-09-25 05:06:36,526 [pool-57-thread-1] INFO  server.RaftServerConfigKeys (ConfUtils.java:logGet(43)) - raft.server.log.segment.size.max = 1048576 (custom)
2019-09-25 05:06:36,525 [pool-37-thread-1] INFO  server.RaftServerConfigKeys (ConfUtils.java:logGet(43)) - raft.server.log.write.buffer.size = 33554432 (custom)
2019-09-25 05:06:36,526 [pool-37-thread-1] INFO  server.RaftServerConfigKeys (ConfUtils.java:logGet(43)) - raft.server.log.force.sync.num = 128 (default)
2019-09-25 05:06:36,525 [692224c4-5202-4921-98cc-04d5c60c79cc@group-4EBFA92A4DF4-SegmentedRaftLogWorker] INFO  segmented.SegmentedRaftLogWorker (SegmentedRaftLogWorker.java:close(228)) - 692224c4-5202-4921-98cc-04d5c60c79cc@group-4EBFA92A4DF4-SegmentedRaftLogWorker close()
2019-09-25 05:06:36,526 [pool-37-thread-1] INFO  server.RaftServerConfigKeys (ConfUtils.java:logGet(43)) - raft.server.log.statemachine.data.sync = true (default)
2019-09-25 05:06:36,527 [pool-37-thread-1] INFO  server.RaftServerConfigKeys (ConfUtils.java:logGet(43)) - raft.server.log.statemachine.data.sync.timeout = 10s (default)
2019-09-25 05:06:36,526 [pool-57-thread-1] INFO  server.RaftServerConfigKeys (ConfUtils.java:logGet(43)) - raft.server.log.preallocated.size = 16384 (custom)
2019-09-25 05:06:36,526 [f77bfc29-6991-4b1d-a503-f706c83de4fc@group-35F023F29269-SegmentedRaftLogWorker] INFO  segmented.SegmentedRaftLogWorker (SegmentedRaftLogWorker.java:close(228)) - f77bfc29-6991-4b1d-a503-f706c83de4fc@group-35F023F29269-SegmentedRaftLogWorker close()
2019-09-25 05:06:36,527 [pool-57-thread-1] INFO  server.RaftServerConfigKeys (ConfUtils.java:logGet(43)) - raft.server.log.write.buffer.size = 33554432 (custom)
2019-09-25 05:06:36,527 [pool-37-thread-1] INFO  server.RaftServerConfigKeys (ConfUtils.java:logGet(43)) - raft.server.log.statemachine.data.sync.timeout.retry = -1 (default)
2019-09-25 05:06:36,528 [pool-57-thread-1] INFO  server.RaftServerConfigKeys (ConfUtils.java:logGet(43)) - raft.server.log.force.sync.num = 128 (default)
2019-09-25 05:06:36,528 [pool-37-thread-1] INFO  server.RaftServerConfigKeys (ConfUtils.java:logGet(43)) - raft.server.log.statemachine.data.caching.enabled = true (custom)
2019-09-25 05:06:36,528 [pool-57-thread-1] INFO  server.RaftServerConfigKeys (ConfUtils.java:logGet(43)) - raft.server.log.statemachine.data.sync = true (default)
2019-09-25 05:06:36,528 [pool-57-thread-1] INFO  server.RaftServerConfigKeys (ConfUtils.java:logGet(43)) - raft.server.log.statemachine.data.sync.timeout = 10s (default)
2019-09-25 05:06:36,528 [pool-37-thread-1] INFO  segmented.SegmentedRaftLogWorker (SegmentedRaftLogWorker.java:lambda$new$0(132)) - 36ac27b3-2f11-437d-8f1f-165306b0ff4a@group-2B0CB06791EF-SegmentedRaftLogWorker: flushIndex: setUnconditionally 0 -> -1
2019-09-25 05:06:36,528 [pool-57-thread-1] INFO  server.RaftServerConfigKeys (ConfUtils.java:logGet(43)) - raft.server.log.statemachine.data.sync.timeout.retry = -1 (default)
2019-09-25 05:06:36,529 [pool-37-thread-1] INFO  server.RaftServerConfigKeys (ConfUtils.java:logGet(43)) - raft.server.snapshot.auto.trigger.enabled = true (custom)
2019-09-25 05:06:36,529 [pool-57-thread-1] INFO  server.RaftServerConfigKeys (ConfUtils.java:logGet(43)) - raft.server.log.statemachine.data.caching.enabled = true (custom)
2019-09-25 05:06:36,529 [pool-37-thread-1] INFO  server.RaftServerConfigKeys (ConfUtils.java:logGet(43)) - raft.server.snapshot.auto.trigger.threshold = 10000 (custom)
2019-09-25 05:06:36,529 [pool-57-thread-1] INFO  segmented.SegmentedRaftLogWorker (SegmentedRaftLogWorker.java:lambda$new$0(132)) - de37f7a0-0375-40a9-a318-404478482fcb@group-6F794C7E7E86-SegmentedRaftLogWorker: flushIndex: setUnconditionally 0 -> -1
2019-09-25 05:06:36,529 [pool-37-thread-1] INFO  server.RaftServerConfigKeys (ConfUtils.java:logGet(43)) - raft.server.snapshot.retention.num.files = 5 (custom)
2019-09-25 05:06:36,530 [pool-57-thread-1] INFO  server.RaftServerConfigKeys (ConfUtils.java:logGet(43)) - raft.server.snapshot.auto.trigger.enabled = true (custom)
2019-09-25 05:06:36,530 [pool-37-thread-1] INFO  server.RaftServerConfigKeys (ConfUtils.java:logGet(43)) - raft.server.retrycache.expirytime = 600000ms (custom)
2019-09-25 05:06:36,530 [pool-57-thread-1] INFO  server.RaftServerConfigKeys (ConfUtils.java:logGet(43)) - raft.server.snapshot.auto.trigger.threshold = 10000 (custom)
2019-09-25 05:06:36,530 [pool-57-thread-1] INFO  server.RaftServerConfigKeys (ConfUtils.java:logGet(43)) - raft.server.snapshot.retention.num.files = 5 (custom)
2019-09-25 05:06:36,530 [pool-57-thread-1] INFO  server.RaftServerConfigKeys (ConfUtils.java:logGet(43)) - raft.server.retrycache.expirytime = 600000ms (custom)
2019-09-25 05:06:36,534 [pool-37-thread-1] INFO  impl.RaftServerImpl (RaftServerImpl.java:start(185)) - 36ac27b3-2f11-437d-8f1f-165306b0ff4a@group-91F3DF1D9994: start as a follower, conf=-1: [36ac27b3-2f11-437d-8f1f-165306b0ff4a:192.168.30.10:45265, 56396258-65a3-478c-9482-0be0199dd49c:192.168.30.10:41678, f77bfc29-6991-4b1d-a503-f706c83de4fc:192.168.30.10:35112], old=null
2019-09-25 05:06:36,534 [pool-37-thread-1] INFO  impl.RaftServerImpl (RaftServerImpl.java:setRole(174)) - 36ac27b3-2f11-437d-8f1f-165306b0ff4a@group-91F3DF1D9994: changes role from      null to FOLLOWER at term 0 for startAsFollower
2019-09-25 05:06:36,534 [pool-57-thread-1] INFO  impl.RaftServerImpl (RaftServerImpl.java:start(185)) - de37f7a0-0375-40a9-a318-404478482fcb@group-6F794C7E7E86: start as a follower, conf=-1: [de37f7a0-0375-40a9-a318-404478482fcb:192.168.30.10:44522], old=null
2019-09-25 05:06:36,535 [pool-37-thread-1] INFO  impl.RoleInfo (RoleInfo.java:updateAndGet(143)) - 36ac27b3-2f11-437d-8f1f-165306b0ff4a: start FollowerState
2019-09-25 05:06:36,535 [pool-57-thread-1] INFO  impl.RaftServerImpl (RaftServerImpl.java:setRole(174)) - de37f7a0-0375-40a9-a318-404478482fcb@group-6F794C7E7E86: changes role from      null to FOLLOWER at term 0 for startAsFollower
2019-09-25 05:06:36,535 [pool-57-thread-1] INFO  impl.RoleInfo (RoleInfo.java:updateAndGet(143)) - de37f7a0-0375-40a9-a318-404478482fcb: start FollowerState
2019-09-25 05:06:36,535 [pool-37-thread-1] INFO  util.JmxRegister (JmxRegister.java:tryRegister(44)) - Successfully registered JMX Bean with object name Ratis:service=RaftServer,group=group-91F3DF1D9994,id=36ac27b3-2f11-437d-8f1f-165306b0ff4a
2019-09-25 05:06:36,536 [pool-57-thread-1] INFO  util.JmxRegister (JmxRegister.java:tryRegister(44)) - Successfully registered JMX Bean with object name Ratis:service=RaftServer,group=group-6F794C7E7E86,id=de37f7a0-0375-40a9-a318-404478482fcb
2019-09-25 05:06:36,536 [pool-37-thread-1] INFO  impl.RaftServerImpl (RaftServerImpl.java:start(185)) - 36ac27b3-2f11-437d-8f1f-165306b0ff4a@group-2B0CB06791EF: start as a follower, conf=-1: [b4fa7d23-6606-45fd-9544-2b08ca3fa933:192.168.30.10:34493, 56396258-65a3-478c-9482-0be0199dd49c:192.168.30.10:41678, 36ac27b3-2f11-437d-8f1f-165306b0ff4a:192.168.30.10:45265], old=null
2019-09-25 05:06:36,536 [pool-37-thread-1] INFO  impl.RaftServerImpl (RaftServerImpl.java:setRole(174)) - 36ac27b3-2f11-437d-8f1f-165306b0ff4a@group-2B0CB06791EF: changes role from      null to FOLLOWER at term 0 for startAsFollower
2019-09-25 05:06:36,536 [pool-37-thread-1] INFO  impl.RoleInfo (RoleInfo.java:updateAndGet(143)) - 36ac27b3-2f11-437d-8f1f-165306b0ff4a: start FollowerState
2019-09-25 05:06:36,537 [pool-37-thread-1] INFO  util.JmxRegister (JmxRegister.java:tryRegister(44)) - Successfully registered JMX Bean with object name Ratis:service=RaftServer,group=group-2B0CB06791EF,id=36ac27b3-2f11-437d-8f1f-165306b0ff4a
2019-09-25 05:06:36,539 [pool-87-thread-1] INFO  storage.RaftStorageDirectory (RaftStorageDirectory.java:tryLock(328)) - Lock on /workdir/hadoop-ozone/integration-test/target/test-dir/MiniOzoneClusterImpl-23306158-e895-4fc7-80df-ce6c264c388b/datanode-6/data/ratis/09bb0109-2b0d-49eb-9517-2b0cb06791ef/in_use.lock acquired by nodename 25526@pr-hdds-1569-s62bp-3040748787
2019-09-25 05:06:36,540 [RatisPipelineUtilsThread] INFO  pipeline.PipelineStateManager (PipelineStateManager.java:addPipeline(56)) - Created pipeline Pipeline[ Id: a911bd15-a24e-4a4d-b993-6f794c7e7e86, Nodes: de37f7a0-0375-40a9-a318-404478482fcb{ip: 192.168.30.10, host: pr-hdds-1569-s62bp-3040748787, networkLocation: /default-rack, certSerialId: null}, Type:RATIS, Factor:ONE, State:OPEN]
2019-09-25 05:06:36,547 [grpc-default-executor-1] INFO  impl.RaftServerProxy (RaftServerProxy.java:addNew(89)) - 36ac27b3-2f11-437d-8f1f-165306b0ff4a: addNew group-4D833DA1A1E5:[36ac27b3-2f11-437d-8f1f-165306b0ff4a:192.168.30.10:45265] returns group-4D833DA1A1E5:java.util.concurrent.CompletableFuture@77af3963[Not completed]
2019-09-25 05:06:36,547 [pool-37-thread-1] INFO  impl.RaftServerImpl (RaftServerImpl.java:<init>(95)) - 36ac27b3-2f11-437d-8f1f-165306b0ff4a: new RaftServerImpl for group-4D833DA1A1E5:[36ac27b3-2f11-437d-8f1f-165306b0ff4a:192.168.30.10:45265] with ContainerStateMachine:uninitialized
2019-09-25 05:06:36,548 [pool-37-thread-1] INFO  server.RaftServerConfigKeys (ConfUtils.java:logGet(43)) - raft.server.rpc.timeout.min = 5s (custom)
2019-09-25 05:06:36,548 [pool-37-thread-1] INFO  server.RaftServerConfigKeys (ConfUtils.java:logGet(43)) - raft.server.rpc.timeout.max = 5200ms (custom)
2019-09-25 05:06:36,548 [pool-37-thread-1] INFO  server.RaftServerConfigKeys (ConfUtils.java:logGet(43)) - raft.server.rpcslowness.timeout = 120s (custom)
2019-09-25 05:06:36,548 [pool-37-thread-1] INFO  server.RaftServerConfigKeys (ConfUtils.java:logGet(43)) - raft.server.sleep.deviation.threshold = 300 (default)
2019-09-25 05:06:36,548 [pool-37-thread-1] INFO  server.RaftServerConfigKeys (ConfUtils.java:logGet(43)) - raft.server.log.appender.install.snapshot.enabled = false (custom)
2019-09-25 05:06:36,548 [pool-37-thread-1] INFO  impl.RaftServerImpl (ServerState.java:<init>(103)) - 36ac27b3-2f11-437d-8f1f-165306b0ff4a@group-4D833DA1A1E5: ConfigurationManager, init=-1: [36ac27b3-2f11-437d-8f1f-165306b0ff4a:192.168.30.10:45265], old=null, confs=<EMPTY_MAP>
2019-09-25 05:06:36,548 [pool-37-thread-1] INFO  server.RaftServerConfigKeys (ConfUtils.java:logGet(43)) - raft.server.storage.dir = [/workdir/hadoop-ozone/integration-test/target/test-dir/MiniOzoneClusterImpl-23306158-e895-4fc7-80df-ce6c264c388b/datanode-1/data/ratis] (custom)
2019-09-25 05:06:36,549 [pool-37-thread-1] INFO  storage.RaftStorageDirectory (RaftStorageDirectory.java:analyzeStorage(246)) - The storage directory /workdir/hadoop-ozone/integration-test/target/test-dir/MiniOzoneClusterImpl-23306158-e895-4fc7-80df-ce6c264c388b/datanode-1/data/ratis/b1e90e7d-028e-4950-bddf-4d833da1a1e5 does not exist. Creating ...
2019-09-25 05:06:36,553 [pool-37-thread-1] INFO  storage.RaftStorageDirectory (RaftStorageDirectory.java:tryLock(328)) - Lock on /workdir/hadoop-ozone/integration-test/target/test-dir/MiniOzoneClusterImpl-23306158-e895-4fc7-80df-ce6c264c388b/datanode-1/data/ratis/b1e90e7d-028e-4950-bddf-4d833da1a1e5/in_use.lock acquired by nodename 25526@pr-hdds-1569-s62bp-3040748787
2019-09-25 05:06:36,553 [pool-87-thread-1] INFO  storage.RaftStorage (RaftStorage.java:format(72)) - Storage directory /workdir/hadoop-ozone/integration-test/target/test-dir/MiniOzoneClusterImpl-23306158-e895-4fc7-80df-ce6c264c388b/datanode-6/data/ratis/09bb0109-2b0d-49eb-9517-2b0cb06791ef has been successfully formatted.
2019-09-25 05:06:36,553 [pool-87-thread-1] INFO  ratis.ContainerStateMachine (ContainerStateMachine.java:loadSnapshot(230)) - group-2B0CB06791EF: The snapshot info is null. Setting the last applied indexto:(t:0, i:~)
2019-09-25 05:06:36,553 [pool-87-thread-1] INFO  server.RaftServerConfigKeys (ConfUtils.java:logGet(43)) - raft.server.notification.no-leader.timeout = 120s (custom)
2019-09-25 05:06:36,553 [pool-87-thread-1] INFO  server.RaftServerConfigKeys (ConfUtils.java:logGet(43)) - raft.server.log.use.memory = false (default)
2019-09-25 05:06:36,553 [pool-87-thread-1] INFO  server.RaftServerConfigKeys (ConfUtils.java:logGet(43)) - raft.server.log.purge.gap = 1000000 (custom)
2019-09-25 05:06:36,554 [pool-87-thread-1] INFO  server.RaftServerConfigKeys (ConfUtils.java:logGet(43)) - raft.server.log.appender.buffer.byte-limit = 33554432 (custom)
2019-09-25 05:06:36,554 [pool-87-thread-1] INFO  server.RaftServerConfigKeys (ConfUtils.java:logGet(43)) - raft.server.log.segment.size.max = 1048576 (custom)
2019-09-25 05:06:36,554 [pool-87-thread-1] INFO  server.RaftServerConfigKeys (ConfUtils.java:logGet(43)) - raft.server.log.segment.cache.num.max = 2 (custom)
2019-09-25 05:06:36,554 [pool-87-thread-1] INFO  segmented.SegmentedRaftLogWorker (SegmentedRaftLogWorker.java:<init>(172)) - new 56396258-65a3-478c-9482-0be0199dd49c@group-2B0CB06791EF-SegmentedRaftLogWorker for RaftStorage:Storage Directory /workdir/hadoop-ozone/integration-test/target/test-dir/MiniOzoneClusterImpl-23306158-e895-4fc7-80df-ce6c264c388b/datanode-6/data/ratis/09bb0109-2b0d-49eb-9517-2b0cb06791ef
2019-09-25 05:06:36,554 [pool-87-thread-1] INFO  server.RaftServerConfigKeys (ConfUtils.java:logGet(43)) - raft.server.log.queue.byte-limit = 2147483647 (custom)
2019-09-25 05:06:36,554 [pool-87-thread-1] INFO  server.RaftServerConfigKeys (ConfUtils.java:logGet(43)) - raft.server.log.queue.element-limit = 1024 (custom)
2019-09-25 05:06:36,554 [pool-87-thread-1] INFO  server.RaftServerConfigKeys (ConfUtils.java:logGet(43)) - raft.server.log.segment.size.max = 1048576 (custom)
2019-09-25 05:06:36,554 [pool-87-thread-1] INFO  server.RaftServerConfigKeys (ConfUtils.java:logGet(43)) - raft.server.log.preallocated.size = 16384 (custom)
2019-09-25 05:06:36,555 [pool-87-thread-1] INFO  server.RaftServerConfigKeys (ConfUtils.java:logGet(43)) - raft.server.log.write.buffer.size = 33554432 (custom)
2019-09-25 05:06:36,555 [pool-87-thread-1] INFO  server.RaftServerConfigKeys (ConfUtils.java:logGet(43)) - raft.server.log.force.sync.num = 128 (default)
2019-09-25 05:06:36,555 [pool-87-thread-1] INFO  server.RaftServerConfigKeys (ConfUtils.java:logGet(43)) - raft.server.log.statemachine.data.sync = true (default)
2019-09-25 05:06:36,555 [pool-87-thread-1] INFO  server.RaftServerConfigKeys (ConfUtils.java:logGet(43)) - raft.server.log.statemachine.data.sync.timeout = 10s (default)
2019-09-25 05:06:36,555 [pool-87-thread-1] INFO  server.RaftServerConfigKeys (ConfUtils.java:logGet(43)) - raft.server.log.statemachine.data.sync.timeout.retry = -1 (default)
2019-09-25 05:06:36,555 [pool-87-thread-1] INFO  server.RaftServerConfigKeys (ConfUtils.java:logGet(43)) - raft.server.log.statemachine.data.caching.enabled = true (custom)
2019-09-25 05:06:36,555 [pool-87-thread-1] INFO  segmented.SegmentedRaftLogWorker (SegmentedRaftLogWorker.java:lambda$new$0(132)) - 56396258-65a3-478c-9482-0be0199dd49c@group-2B0CB06791EF-SegmentedRaftLogWorker: flushIndex: setUnconditionally 0 -> -1
2019-09-25 05:06:36,556 [pool-87-thread-1] INFO  server.RaftServerConfigKeys (ConfUtils.java:logGet(43)) - raft.server.snapshot.auto.trigger.enabled = true (custom)
2019-09-25 05:06:36,556 [pool-87-thread-1] INFO  server.RaftServerConfigKeys (ConfUtils.java:logGet(43)) - raft.server.snapshot.auto.trigger.threshold = 10000 (custom)
2019-09-25 05:06:36,556 [pool-87-thread-1] INFO  server.RaftServerConfigKeys (ConfUtils.java:logGet(43)) - raft.server.snapshot.retention.num.files = 5 (custom)
2019-09-25 05:06:36,556 [pool-87-thread-1] INFO  server.RaftServerConfigKeys (ConfUtils.java:logGet(43)) - raft.server.retrycache.expirytime = 600000ms (custom)
2019-09-25 05:06:36,558 [pool-87-thread-1] INFO  impl.RaftServerImpl (RaftServerImpl.java:start(185)) - 56396258-65a3-478c-9482-0be0199dd49c@group-91F3DF1D9994: start as a follower, conf=-1: [36ac27b3-2f11-437d-8f1f-165306b0ff4a:192.168.30.10:45265, 56396258-65a3-478c-9482-0be0199dd49c:192.168.30.10:41678, f77bfc29-6991-4b1d-a503-f706c83de4fc:192.168.30.10:35112], old=null
2019-09-25 05:06:36,558 [pool-87-thread-1] INFO  impl.RaftServerImpl (RaftServerImpl.java:setRole(174)) - 56396258-65a3-478c-9482-0be0199dd49c@group-91F3DF1D9994: changes role from      null to FOLLOWER at term 0 for startAsFollower
2019-09-25 05:06:36,558 [pool-87-thread-1] INFO  impl.RoleInfo (RoleInfo.java:updateAndGet(143)) - 56396258-65a3-478c-9482-0be0199dd49c: start FollowerState
2019-09-25 05:06:36,558 [pool-87-thread-1] INFO  util.JmxRegister (JmxRegister.java:tryRegister(44)) - Successfully registered JMX Bean with object name Ratis:service=RaftServer,group=group-91F3DF1D9994,id=56396258-65a3-478c-9482-0be0199dd49c
2019-09-25 05:06:36,559 [pool-87-thread-1] INFO  impl.RaftServerImpl (RaftServerImpl.java:start(185)) - 56396258-65a3-478c-9482-0be0199dd49c@group-2B0CB06791EF: start as a follower, conf=-1: [b4fa7d23-6606-45fd-9544-2b08ca3fa933:192.168.30.10:34493, 56396258-65a3-478c-9482-0be0199dd49c:192.168.30.10:41678, 36ac27b3-2f11-437d-8f1f-165306b0ff4a:192.168.30.10:45265], old=null
2019-09-25 05:06:36,559 [pool-87-thread-1] INFO  impl.RaftServerImpl (RaftServerImpl.java:setRole(174)) - 56396258-65a3-478c-9482-0be0199dd49c@group-2B0CB06791EF: changes role from      null to FOLLOWER at term 0 for startAsFollower
2019-09-25 05:06:36,559 [pool-87-thread-1] INFO  impl.RoleInfo (RoleInfo.java:updateAndGet(143)) - 56396258-65a3-478c-9482-0be0199dd49c: start FollowerState
2019-09-25 05:06:36,559 [pool-87-thread-1] INFO  util.JmxRegister (JmxRegister.java:tryRegister(44)) - Successfully registered JMX Bean with object name Ratis:service=RaftServer,group=group-2B0CB06791EF,id=56396258-65a3-478c-9482-0be0199dd49c
2019-09-25 05:06:36,566 [pool-37-thread-1] INFO  storage.RaftStorage (RaftStorage.java:format(72)) - Storage directory /workdir/hadoop-ozone/integration-test/target/test-dir/MiniOzoneClusterImpl-23306158-e895-4fc7-80df-ce6c264c388b/datanode-1/data/ratis/b1e90e7d-028e-4950-bddf-4d833da1a1e5 has been successfully formatted.
2019-09-25 05:06:36,566 [pool-37-thread-1] INFO  ratis.ContainerStateMachine (ContainerStateMachine.java:loadSnapshot(230)) - group-4D833DA1A1E5: The snapshot info is null. Setting the last applied indexto:(t:0, i:~)
2019-09-25 05:06:36,566 [pool-37-thread-1] INFO  server.RaftServerConfigKeys (ConfUtils.java:logGet(43)) - raft.server.notification.no-leader.timeout = 120s (custom)
2019-09-25 05:06:36,566 [pool-37-thread-1] INFO  server.RaftServerConfigKeys (ConfUtils.java:logGet(43)) - raft.server.log.use.memory = false (default)
2019-09-25 05:06:36,567 [pool-37-thread-1] INFO  server.RaftServerConfigKeys (ConfUtils.java:logGet(43)) - raft.server.log.purge.gap = 1000000 (custom)
2019-09-25 05:06:36,567 [pool-37-thread-1] INFO  server.RaftServerConfigKeys (ConfUtils.java:logGet(43)) - raft.server.log.appender.buffer.byte-limit = 33554432 (custom)
2019-09-25 05:06:36,567 [pool-37-thread-1] INFO  server.RaftServerConfigKeys (ConfUtils.java:logGet(43)) - raft.server.log.segment.size.max = 1048576 (custom)
2019-09-25 05:06:36,567 [pool-37-thread-1] INFO  server.RaftServerConfigKeys (ConfUtils.java:logGet(43)) - raft.server.log.segment.cache.num.max = 2 (custom)
2019-09-25 05:06:36,567 [pool-37-thread-1] INFO  segmented.SegmentedRaftLogWorker (SegmentedRaftLogWorker.java:<init>(172)) - new 36ac27b3-2f11-437d-8f1f-165306b0ff4a@group-4D833DA1A1E5-SegmentedRaftLogWorker for RaftStorage:Storage Directory /workdir/hadoop-ozone/integration-test/target/test-dir/MiniOzoneClusterImpl-23306158-e895-4fc7-80df-ce6c264c388b/datanode-1/data/ratis/b1e90e7d-028e-4950-bddf-4d833da1a1e5
2019-09-25 05:06:36,567 [pool-37-thread-1] INFO  server.RaftServerConfigKeys (ConfUtils.java:logGet(43)) - raft.server.log.queue.byte-limit = 2147483647 (custom)
2019-09-25 05:06:36,567 [pool-37-thread-1] INFO  server.RaftServerConfigKeys (ConfUtils.java:logGet(43)) - raft.server.log.queue.element-limit = 1024 (custom)
2019-09-25 05:06:36,568 [pool-37-thread-1] INFO  server.RaftServerConfigKeys (ConfUtils.java:logGet(43)) - raft.server.log.segment.size.max = 1048576 (custom)
2019-09-25 05:06:36,568 [pool-37-thread-1] INFO  server.RaftServerConfigKeys (ConfUtils.java:logGet(43)) - raft.server.log.preallocated.size = 16384 (custom)
2019-09-25 05:06:36,568 [pool-37-thread-1] INFO  server.RaftServerConfigKeys (ConfUtils.java:logGet(43)) - raft.server.log.write.buffer.size = 33554432 (custom)
2019-09-25 05:06:36,568 [pool-37-thread-1] INFO  server.RaftServerConfigKeys (ConfUtils.java:logGet(43)) - raft.server.log.force.sync.num = 128 (default)
2019-09-25 05:06:36,568 [pool-37-thread-1] INFO  server.RaftServerConfigKeys (ConfUtils.java:logGet(43)) - raft.server.log.statemachine.data.sync = true (default)
2019-09-25 05:06:36,568 [pool-37-thread-1] INFO  server.RaftServerConfigKeys (ConfUtils.java:logGet(43)) - raft.server.log.statemachine.data.sync.timeout = 10s (default)
2019-09-25 05:06:36,568 [pool-37-thread-1] INFO  server.RaftServerConfigKeys (ConfUtils.java:logGet(43)) - raft.server.log.statemachine.data.sync.timeout.retry = -1 (default)
2019-09-25 05:06:36,568 [pool-37-thread-1] INFO  server.RaftServerConfigKeys (ConfUtils.java:logGet(43)) - raft.server.log.statemachine.data.caching.enabled = true (custom)
2019-09-25 05:06:36,569 [pool-37-thread-1] INFO  segmented.SegmentedRaftLogWorker (SegmentedRaftLogWorker.java:lambda$new$0(132)) - 36ac27b3-2f11-437d-8f1f-165306b0ff4a@group-4D833DA1A1E5-SegmentedRaftLogWorker: flushIndex: setUnconditionally 0 -> -1
2019-09-25 05:06:36,569 [pool-37-thread-1] INFO  server.RaftServerConfigKeys (ConfUtils.java:logGet(43)) - raft.server.snapshot.auto.trigger.enabled = true (custom)
2019-09-25 05:06:36,569 [pool-37-thread-1] INFO  server.RaftServerConfigKeys (ConfUtils.java:logGet(43)) - raft.server.snapshot.auto.trigger.threshold = 10000 (custom)
2019-09-25 05:06:36,569 [pool-37-thread-1] INFO  server.RaftServerConfigKeys (ConfUtils.java:logGet(43)) - raft.server.snapshot.retention.num.files = 5 (custom)
2019-09-25 05:06:36,569 [pool-37-thread-1] INFO  server.RaftServerConfigKeys (ConfUtils.java:logGet(43)) - raft.server.retrycache.expirytime = 600000ms (custom)
2019-09-25 05:06:36,571 [pool-37-thread-1] INFO  impl.RaftServerImpl (RaftServerImpl.java:start(185)) - 36ac27b3-2f11-437d-8f1f-165306b0ff4a@group-4D833DA1A1E5: start as a follower, conf=-1: [36ac27b3-2f11-437d-8f1f-165306b0ff4a:192.168.30.10:45265], old=null
2019-09-25 05:06:36,571 [pool-37-thread-1] INFO  impl.RaftServerImpl (RaftServerImpl.java:setRole(174)) - 36ac27b3-2f11-437d-8f1f-165306b0ff4a@group-4D833DA1A1E5: changes role from      null to FOLLOWER at term 0 for startAsFollower
2019-09-25 05:06:36,572 [pool-37-thread-1] INFO  impl.RoleInfo (RoleInfo.java:updateAndGet(143)) - 36ac27b3-2f11-437d-8f1f-165306b0ff4a: start FollowerState
2019-09-25 05:06:36,572 [pool-37-thread-1] INFO  util.JmxRegister (JmxRegister.java:tryRegister(44)) - Successfully registered JMX Bean with object name Ratis:service=RaftServer,group=group-4D833DA1A1E5,id=36ac27b3-2f11-437d-8f1f-165306b0ff4a
2019-09-25 05:06:36,574 [RatisPipelineUtilsThread] INFO  pipeline.PipelineStateManager (PipelineStateManager.java:addPipeline(56)) - Created pipeline Pipeline[ Id: b1e90e7d-028e-4950-bddf-4d833da1a1e5, Nodes: 36ac27b3-2f11-437d-8f1f-165306b0ff4a{ip: 192.168.30.10, host: pr-hdds-1569-s62bp-3040748787, networkLocation: /default-rack, certSerialId: null}, Type:RATIS, Factor:ONE, State:OPEN]
2019-09-25 05:06:36,579 [grpc-default-executor-1] INFO  impl.RaftServerProxy (RaftServerProxy.java:addNew(89)) - f77bfc29-6991-4b1d-a503-f706c83de4fc: addNew group-943D603B2157:[f77bfc29-6991-4b1d-a503-f706c83de4fc:192.168.30.10:35112] returns group-943D603B2157:java.util.concurrent.CompletableFuture@620a980d[Not completed]
2019-09-25 05:06:36,580 [pool-27-thread-1] INFO  impl.RaftServerImpl (RaftServerImpl.java:<init>(95)) - f77bfc29-6991-4b1d-a503-f706c83de4fc: new RaftServerImpl for group-943D603B2157:[f77bfc29-6991-4b1d-a503-f706c83de4fc:192.168.30.10:35112] with ContainerStateMachine:uninitialized
2019-09-25 05:06:36,580 [pool-27-thread-1] INFO  server.RaftServerConfigKeys (ConfUtils.java:logGet(43)) - raft.server.rpc.timeout.min = 5s (custom)
2019-09-25 05:06:36,580 [pool-27-thread-1] INFO  server.RaftServerConfigKeys (ConfUtils.java:logGet(43)) - raft.server.rpc.timeout.max = 5200ms (custom)
2019-09-25 05:06:36,580 [pool-27-thread-1] INFO  server.RaftServerConfigKeys (ConfUtils.java:logGet(43)) - raft.server.rpcslowness.timeout = 120s (custom)
2019-09-25 05:06:36,581 [pool-27-thread-1] INFO  server.RaftServerConfigKeys (ConfUtils.java:logGet(43)) - raft.server.sleep.deviation.threshold = 300 (default)
2019-09-25 05:06:36,581 [pool-27-thread-1] INFO  server.RaftServerConfigKeys (ConfUtils.java:logGet(43)) - raft.server.log.appender.install.snapshot.enabled = false (custom)
2019-09-25 05:06:36,581 [pool-27-thread-1] INFO  impl.RaftServerImpl (ServerState.java:<init>(103)) - f77bfc29-6991-4b1d-a503-f706c83de4fc@group-943D603B2157: ConfigurationManager, init=-1: [f77bfc29-6991-4b1d-a503-f706c83de4fc:192.168.30.10:35112], old=null, confs=<EMPTY_MAP>
2019-09-25 05:06:36,581 [pool-27-thread-1] INFO  server.RaftServerConfigKeys (ConfUtils.java:logGet(43)) - raft.server.storage.dir = [/workdir/hadoop-ozone/integration-test/target/test-dir/MiniOzoneClusterImpl-23306158-e895-4fc7-80df-ce6c264c388b/datanode-0/data/ratis] (custom)
2019-09-25 05:06:36,581 [pool-27-thread-1] INFO  storage.RaftStorageDirectory (RaftStorageDirectory.java:analyzeStorage(246)) - The storage directory /workdir/hadoop-ozone/integration-test/target/test-dir/MiniOzoneClusterImpl-23306158-e895-4fc7-80df-ce6c264c388b/datanode-0/data/ratis/70c0efbb-cdb1-449e-87b6-943d603b2157 does not exist. Creating ...
2019-09-25 05:06:36,594 [pool-27-thread-1] INFO  storage.RaftStorageDirectory (RaftStorageDirectory.java:tryLock(328)) - Lock on /workdir/hadoop-ozone/integration-test/target/test-dir/MiniOzoneClusterImpl-23306158-e895-4fc7-80df-ce6c264c388b/datanode-0/data/ratis/70c0efbb-cdb1-449e-87b6-943d603b2157/in_use.lock acquired by nodename 25526@pr-hdds-1569-s62bp-3040748787
2019-09-25 05:06:36,607 [pool-27-thread-1] INFO  storage.RaftStorage (RaftStorage.java:format(72)) - Storage directory /workdir/hadoop-ozone/integration-test/target/test-dir/MiniOzoneClusterImpl-23306158-e895-4fc7-80df-ce6c264c388b/datanode-0/data/ratis/70c0efbb-cdb1-449e-87b6-943d603b2157 has been successfully formatted.
2019-09-25 05:06:36,607 [pool-27-thread-1] INFO  ratis.ContainerStateMachine (ContainerStateMachine.java:loadSnapshot(230)) - group-943D603B2157: The snapshot info is null. Setting the last applied indexto:(t:0, i:~)
2019-09-25 05:06:36,608 [pool-27-thread-1] INFO  server.RaftServerConfigKeys (ConfUtils.java:logGet(43)) - raft.server.notification.no-leader.timeout = 120s (custom)
2019-09-25 05:06:36,608 [pool-27-thread-1] INFO  server.RaftServerConfigKeys (ConfUtils.java:logGet(43)) - raft.server.log.use.memory = false (default)
2019-09-25 05:06:36,608 [pool-27-thread-1] INFO  server.RaftServerConfigKeys (ConfUtils.java:logGet(43)) - raft.server.log.purge.gap = 1000000 (custom)
2019-09-25 05:06:36,608 [pool-27-thread-1] INFO  server.RaftServerConfigKeys (ConfUtils.java:logGet(43)) - raft.server.log.appender.buffer.byte-limit = 33554432 (custom)
2019-09-25 05:06:36,608 [pool-27-thread-1] INFO  server.RaftServerConfigKeys (ConfUtils.java:logGet(43)) - raft.server.log.segment.size.max = 1048576 (custom)
2019-09-25 05:06:36,608 [pool-27-thread-1] INFO  server.RaftServerConfigKeys (ConfUtils.java:logGet(43)) - raft.server.log.segment.cache.num.max = 2 (custom)
2019-09-25 05:06:36,608 [pool-27-thread-1] INFO  segmented.SegmentedRaftLogWorker (SegmentedRaftLogWorker.java:<init>(172)) - new f77bfc29-6991-4b1d-a503-f706c83de4fc@group-943D603B2157-SegmentedRaftLogWorker for RaftStorage:Storage Directory /workdir/hadoop-ozone/integration-test/target/test-dir/MiniOzoneClusterImpl-23306158-e895-4fc7-80df-ce6c264c388b/datanode-0/data/ratis/70c0efbb-cdb1-449e-87b6-943d603b2157
2019-09-25 05:06:36,608 [pool-27-thread-1] INFO  server.RaftServerConfigKeys (ConfUtils.java:logGet(43)) - raft.server.log.queue.byte-limit = 2147483647 (custom)
2019-09-25 05:06:36,608 [pool-27-thread-1] INFO  server.RaftServerConfigKeys (ConfUtils.java:logGet(43)) - raft.server.log.queue.element-limit = 1024 (custom)
2019-09-25 05:06:36,608 [pool-27-thread-1] INFO  server.RaftServerConfigKeys (ConfUtils.java:logGet(43)) - raft.server.log.segment.size.max = 1048576 (custom)
2019-09-25 05:06:36,608 [pool-27-thread-1] INFO  server.RaftServerConfigKeys (ConfUtils.java:logGet(43)) - raft.server.log.preallocated.size = 16384 (custom)
2019-09-25 05:06:36,609 [pool-27-thread-1] INFO  server.RaftServerConfigKeys (ConfUtils.java:logGet(43)) - raft.server.log.write.buffer.size = 33554432 (custom)
2019-09-25 05:06:36,609 [pool-27-thread-1] INFO  server.RaftServerConfigKeys (ConfUtils.java:logGet(43)) - raft.server.log.force.sync.num = 128 (default)
2019-09-25 05:06:36,609 [pool-27-thread-1] INFO  server.RaftServerConfigKeys (ConfUtils.java:logGet(43)) - raft.server.log.statemachine.data.sync = true (default)
2019-09-25 05:06:36,609 [pool-27-thread-1] INFO  server.RaftServerConfigKeys (ConfUtils.java:logGet(43)) - raft.server.log.statemachine.data.sync.timeout = 10s (default)
2019-09-25 05:06:36,609 [pool-27-thread-1] INFO  server.RaftServerConfigKeys (ConfUtils.java:logGet(43)) - raft.server.log.statemachine.data.sync.timeout.retry = -1 (default)
2019-09-25 05:06:36,609 [pool-27-thread-1] INFO  server.RaftServerConfigKeys (ConfUtils.java:logGet(43)) - raft.server.log.statemachine.data.caching.enabled = true (custom)
2019-09-25 05:06:36,609 [pool-27-thread-1] INFO  segmented.SegmentedRaftLogWorker (SegmentedRaftLogWorker.java:lambda$new$0(132)) - f77bfc29-6991-4b1d-a503-f706c83de4fc@group-943D603B2157-SegmentedRaftLogWorker: flushIndex: setUnconditionally 0 -> -1
2019-09-25 05:06:36,609 [pool-27-thread-1] INFO  server.RaftServerConfigKeys (ConfUtils.java:logGet(43)) - raft.server.snapshot.auto.trigger.enabled = true (custom)
2019-09-25 05:06:36,610 [pool-27-thread-1] INFO  server.RaftServerConfigKeys (ConfUtils.java:logGet(43)) - raft.server.snapshot.auto.trigger.threshold = 10000 (custom)
2019-09-25 05:06:36,610 [pool-27-thread-1] INFO  server.RaftServerConfigKeys (ConfUtils.java:logGet(43)) - raft.server.snapshot.retention.num.files = 5 (custom)
2019-09-25 05:06:36,610 [pool-27-thread-1] INFO  server.RaftServerConfigKeys (ConfUtils.java:logGet(43)) - raft.server.retrycache.expirytime = 600000ms (custom)
2019-09-25 05:06:36,611 [pool-27-thread-1] INFO  impl.RaftServerImpl (RaftServerImpl.java:start(185)) - f77bfc29-6991-4b1d-a503-f706c83de4fc@group-943D603B2157: start as a follower, conf=-1: [f77bfc29-6991-4b1d-a503-f706c83de4fc:192.168.30.10:35112], old=null
2019-09-25 05:06:36,611 [pool-27-thread-1] INFO  impl.RaftServerImpl (RaftServerImpl.java:setRole(174)) - f77bfc29-6991-4b1d-a503-f706c83de4fc@group-943D603B2157: changes role from      null to FOLLOWER at term 0 for startAsFollower
2019-09-25 05:06:36,611 [pool-27-thread-1] INFO  impl.RoleInfo (RoleInfo.java:updateAndGet(143)) - f77bfc29-6991-4b1d-a503-f706c83de4fc: start FollowerState
2019-09-25 05:06:36,612 [pool-27-thread-1] INFO  util.JmxRegister (JmxRegister.java:tryRegister(44)) - Successfully registered JMX Bean with object name Ratis:service=RaftServer,group=group-943D603B2157,id=f77bfc29-6991-4b1d-a503-f706c83de4fc
2019-09-25 05:06:36,614 [RatisPipelineUtilsThread] INFO  pipeline.PipelineStateManager (PipelineStateManager.java:addPipeline(56)) - Created pipeline Pipeline[ Id: 70c0efbb-cdb1-449e-87b6-943d603b2157, Nodes: f77bfc29-6991-4b1d-a503-f706c83de4fc{ip: 192.168.30.10, host: pr-hdds-1569-s62bp-3040748787, networkLocation: /default-rack, certSerialId: null}, Type:RATIS, Factor:ONE, State:OPEN]
2019-09-25 05:06:36,619 [grpc-default-executor-1] INFO  impl.RaftServerProxy (RaftServerProxy.java:addNew(89)) - de37f7a0-0375-40a9-a318-404478482fcb: addNew group-74433BE8EB19:[de37f7a0-0375-40a9-a318-404478482fcb:192.168.30.10:44522] returns group-74433BE8EB19:java.util.concurrent.CompletableFuture@73e12275[Not completed]
2019-09-25 05:06:36,620 [pool-57-thread-1] INFO  impl.RaftServerImpl (RaftServerImpl.java:<init>(95)) - de37f7a0-0375-40a9-a318-404478482fcb: new RaftServerImpl for group-74433BE8EB19:[de37f7a0-0375-40a9-a318-404478482fcb:192.168.30.10:44522] with ContainerStateMachine:uninitialized
2019-09-25 05:06:36,620 [pool-57-thread-1] INFO  server.RaftServerConfigKeys (ConfUtils.java:logGet(43)) - raft.server.rpc.timeout.min = 5s (custom)
2019-09-25 05:06:36,620 [pool-57-thread-1] INFO  server.RaftServerConfigKeys (ConfUtils.java:logGet(43)) - raft.server.rpc.timeout.max = 5200ms (custom)
2019-09-25 05:06:36,620 [pool-57-thread-1] INFO  server.RaftServerConfigKeys (ConfUtils.java:logGet(43)) - raft.server.rpcslowness.timeout = 120s (custom)
2019-09-25 05:06:36,620 [pool-57-thread-1] INFO  server.RaftServerConfigKeys (ConfUtils.java:logGet(43)) - raft.server.sleep.deviation.threshold = 300 (default)
2019-09-25 05:06:36,621 [pool-57-thread-1] INFO  server.RaftServerConfigKeys (ConfUtils.java:logGet(43)) - raft.server.log.appender.install.snapshot.enabled = false (custom)
2019-09-25 05:06:36,621 [pool-57-thread-1] INFO  impl.RaftServerImpl (ServerState.java:<init>(103)) - de37f7a0-0375-40a9-a318-404478482fcb@group-74433BE8EB19: ConfigurationManager, init=-1: [de37f7a0-0375-40a9-a318-404478482fcb:192.168.30.10:44522], old=null, confs=<EMPTY_MAP>
2019-09-25 05:06:36,621 [pool-57-thread-1] INFO  server.RaftServerConfigKeys (ConfUtils.java:logGet(43)) - raft.server.storage.dir = [/workdir/hadoop-ozone/integration-test/target/test-dir/MiniOzoneClusterImpl-23306158-e895-4fc7-80df-ce6c264c388b/datanode-3/data/ratis] (custom)
2019-09-25 05:06:36,621 [pool-57-thread-1] INFO  storage.RaftStorageDirectory (RaftStorageDirectory.java:analyzeStorage(246)) - The storage directory /workdir/hadoop-ozone/integration-test/target/test-dir/MiniOzoneClusterImpl-23306158-e895-4fc7-80df-ce6c264c388b/datanode-3/data/ratis/e308e9ad-8b85-4cd3-858a-74433be8eb19 does not exist. Creating ...
2019-09-25 05:06:36,639 [pool-57-thread-1] INFO  storage.RaftStorageDirectory (RaftStorageDirectory.java:tryLock(328)) - Lock on /workdir/hadoop-ozone/integration-test/target/test-dir/MiniOzoneClusterImpl-23306158-e895-4fc7-80df-ce6c264c388b/datanode-3/data/ratis/e308e9ad-8b85-4cd3-858a-74433be8eb19/in_use.lock acquired by nodename 25526@pr-hdds-1569-s62bp-3040748787
2019-09-25 05:06:36,653 [pool-57-thread-1] INFO  storage.RaftStorage (RaftStorage.java:format(72)) - Storage directory /workdir/hadoop-ozone/integration-test/target/test-dir/MiniOzoneClusterImpl-23306158-e895-4fc7-80df-ce6c264c388b/datanode-3/data/ratis/e308e9ad-8b85-4cd3-858a-74433be8eb19 has been successfully formatted.
2019-09-25 05:06:36,653 [pool-57-thread-1] INFO  ratis.ContainerStateMachine (ContainerStateMachine.java:loadSnapshot(230)) - group-74433BE8EB19: The snapshot info is null. Setting the last applied indexto:(t:0, i:~)
2019-09-25 05:06:36,653 [pool-57-thread-1] INFO  server.RaftServerConfigKeys (ConfUtils.java:logGet(43)) - raft.server.notification.no-leader.timeout = 120s (custom)
2019-09-25 05:06:36,653 [pool-57-thread-1] INFO  server.RaftServerConfigKeys (ConfUtils.java:logGet(43)) - raft.server.log.use.memory = false (default)
2019-09-25 05:06:36,653 [pool-57-thread-1] INFO  server.RaftServerConfigKeys (ConfUtils.java:logGet(43)) - raft.server.log.purge.gap = 1000000 (custom)
2019-09-25 05:06:36,653 [pool-57-thread-1] INFO  server.RaftServerConfigKeys (ConfUtils.java:logGet(43)) - raft.server.log.appender.buffer.byte-limit = 33554432 (custom)
2019-09-25 05:06:36,653 [pool-57-thread-1] INFO  server.RaftServerConfigKeys (ConfUtils.java:logGet(43)) - raft.server.log.segment.size.max = 1048576 (custom)
2019-09-25 05:06:36,653 [pool-57-thread-1] INFO  server.RaftServerConfigKeys (ConfUtils.java:logGet(43)) - raft.server.log.segment.cache.num.max = 2 (custom)
2019-09-25 05:06:36,654 [pool-57-thread-1] INFO  segmented.SegmentedRaftLogWorker (SegmentedRaftLogWorker.java:<init>(172)) - new de37f7a0-0375-40a9-a318-404478482fcb@group-74433BE8EB19-SegmentedRaftLogWorker for RaftStorage:Storage Directory /workdir/hadoop-ozone/integration-test/target/test-dir/MiniOzoneClusterImpl-23306158-e895-4fc7-80df-ce6c264c388b/datanode-3/data/ratis/e308e9ad-8b85-4cd3-858a-74433be8eb19
2019-09-25 05:06:36,654 [pool-57-thread-1] INFO  server.RaftServerConfigKeys (ConfUtils.java:logGet(43)) - raft.server.log.queue.byte-limit = 2147483647 (custom)
2019-09-25 05:06:36,654 [pool-57-thread-1] INFO  server.RaftServerConfigKeys (ConfUtils.java:logGet(43)) - raft.server.log.queue.element-limit = 1024 (custom)
2019-09-25 05:06:36,654 [pool-57-thread-1] INFO  server.RaftServerConfigKeys (ConfUtils.java:logGet(43)) - raft.server.log.segment.size.max = 1048576 (custom)
2019-09-25 05:06:36,654 [pool-57-thread-1] INFO  server.RaftServerConfigKeys (ConfUtils.java:logGet(43)) - raft.server.log.preallocated.size = 16384 (custom)
2019-09-25 05:06:36,654 [pool-57-thread-1] INFO  server.RaftServerConfigKeys (ConfUtils.java:logGet(43)) - raft.server.log.write.buffer.size = 33554432 (custom)
2019-09-25 05:06:36,654 [pool-57-thread-1] INFO  server.RaftServerConfigKeys (ConfUtils.java:logGet(43)) - raft.server.log.force.sync.num = 128 (default)
2019-09-25 05:06:36,654 [pool-57-thread-1] INFO  server.RaftServerConfigKeys (ConfUtils.java:logGet(43)) - raft.server.log.statemachine.data.sync = true (default)
2019-09-25 05:06:36,654 [pool-57-thread-1] INFO  server.RaftServerConfigKeys (ConfUtils.java:logGet(43)) - raft.server.log.statemachine.data.sync.timeout = 10s (default)
2019-09-25 05:06:36,654 [pool-57-thread-1] INFO  server.RaftServerConfigKeys (ConfUtils.java:logGet(43)) - raft.server.log.statemachine.data.sync.timeout.retry = -1 (default)
2019-09-25 05:06:36,654 [pool-57-thread-1] INFO  server.RaftServerConfigKeys (ConfUtils.java:logGet(43)) - raft.server.log.statemachine.data.caching.enabled = true (custom)
2019-09-25 05:06:36,655 [pool-57-thread-1] INFO  segmented.SegmentedRaftLogWorker (SegmentedRaftLogWorker.java:lambda$new$0(132)) - de37f7a0-0375-40a9-a318-404478482fcb@group-74433BE8EB19-SegmentedRaftLogWorker: flushIndex: setUnconditionally 0 -> -1
2019-09-25 05:06:36,655 [pool-57-thread-1] INFO  server.RaftServerConfigKeys (ConfUtils.java:logGet(43)) - raft.server.snapshot.auto.trigger.enabled = true (custom)
2019-09-25 05:06:36,655 [pool-57-thread-1] INFO  server.RaftServerConfigKeys (ConfUtils.java:logGet(43)) - raft.server.snapshot.auto.trigger.threshold = 10000 (custom)
2019-09-25 05:06:36,655 [pool-57-thread-1] INFO  server.RaftServerConfigKeys (ConfUtils.java:logGet(43)) - raft.server.snapshot.retention.num.files = 5 (custom)
2019-09-25 05:06:36,655 [pool-57-thread-1] INFO  server.RaftServerConfigKeys (ConfUtils.java:logGet(43)) - raft.server.retrycache.expirytime = 600000ms (custom)
2019-09-25 05:06:36,656 [pool-57-thread-1] INFO  impl.RaftServerImpl (RaftServerImpl.java:start(185)) - de37f7a0-0375-40a9-a318-404478482fcb@group-74433BE8EB19: start as a follower, conf=-1: [de37f7a0-0375-40a9-a318-404478482fcb:192.168.30.10:44522], old=null
2019-09-25 05:06:36,656 [pool-57-thread-1] INFO  impl.RaftServerImpl (RaftServerImpl.java:setRole(174)) - de37f7a0-0375-40a9-a318-404478482fcb@group-74433BE8EB19: changes role from      null to FOLLOWER at term 0 for startAsFollower
2019-09-25 05:06:36,657 [pool-57-thread-1] INFO  impl.RoleInfo (RoleInfo.java:updateAndGet(143)) - de37f7a0-0375-40a9-a318-404478482fcb: start FollowerState
2019-09-25 05:06:36,657 [pool-57-thread-1] INFO  util.JmxRegister (JmxRegister.java:tryRegister(44)) - Successfully registered JMX Bean with object name Ratis:service=RaftServer,group=group-74433BE8EB19,id=de37f7a0-0375-40a9-a318-404478482fcb
2019-09-25 05:06:36,659 [RatisPipelineUtilsThread] INFO  pipeline.PipelineStateManager (PipelineStateManager.java:addPipeline(56)) - Created pipeline Pipeline[ Id: e308e9ad-8b85-4cd3-858a-74433be8eb19, Nodes: de37f7a0-0375-40a9-a318-404478482fcb{ip: 192.168.30.10, host: pr-hdds-1569-s62bp-3040748787, networkLocation: /default-rack, certSerialId: null}, Type:RATIS, Factor:ONE, State:OPEN]
2019-09-25 05:06:36,665 [grpc-default-executor-1] INFO  impl.RaftServerProxy (RaftServerProxy.java:addNew(89)) - de37f7a0-0375-40a9-a318-404478482fcb: addNew group-907A1360165D:[de37f7a0-0375-40a9-a318-404478482fcb:192.168.30.10:44522] returns group-907A1360165D:java.util.concurrent.CompletableFuture@140aa1e0[Not completed]
2019-09-25 05:06:36,665 [pool-57-thread-1] INFO  impl.RaftServerImpl (RaftServerImpl.java:<init>(95)) - de37f7a0-0375-40a9-a318-404478482fcb: new RaftServerImpl for group-907A1360165D:[de37f7a0-0375-40a9-a318-404478482fcb:192.168.30.10:44522] with ContainerStateMachine:uninitialized
2019-09-25 05:06:36,665 [pool-57-thread-1] INFO  server.RaftServerConfigKeys (ConfUtils.java:logGet(43)) - raft.server.rpc.timeout.min = 5s (custom)
2019-09-25 05:06:36,665 [pool-57-thread-1] INFO  server.RaftServerConfigKeys (ConfUtils.java:logGet(43)) - raft.server.rpc.timeout.max = 5200ms (custom)
2019-09-25 05:06:36,665 [pool-57-thread-1] INFO  server.RaftServerConfigKeys (ConfUtils.java:logGet(43)) - raft.server.rpcslowness.timeout = 120s (custom)
2019-09-25 05:06:36,665 [pool-57-thread-1] INFO  server.RaftServerConfigKeys (ConfUtils.java:logGet(43)) - raft.server.sleep.deviation.threshold = 300 (default)
2019-09-25 05:06:36,666 [pool-57-thread-1] INFO  server.RaftServerConfigKeys (ConfUtils.java:logGet(43)) - raft.server.log.appender.install.snapshot.enabled = false (custom)
2019-09-25 05:06:36,666 [pool-57-thread-1] INFO  impl.RaftServerImpl (ServerState.java:<init>(103)) - de37f7a0-0375-40a9-a318-404478482fcb@group-907A1360165D: ConfigurationManager, init=-1: [de37f7a0-0375-40a9-a318-404478482fcb:192.168.30.10:44522], old=null, confs=<EMPTY_MAP>
2019-09-25 05:06:36,666 [pool-57-thread-1] INFO  server.RaftServerConfigKeys (ConfUtils.java:logGet(43)) - raft.server.storage.dir = [/workdir/hadoop-ozone/integration-test/target/test-dir/MiniOzoneClusterImpl-23306158-e895-4fc7-80df-ce6c264c388b/datanode-3/data/ratis] (custom)
2019-09-25 05:06:36,666 [pool-57-thread-1] INFO  storage.RaftStorageDirectory (RaftStorageDirectory.java:analyzeStorage(246)) - The storage directory /workdir/hadoop-ozone/integration-test/target/test-dir/MiniOzoneClusterImpl-23306158-e895-4fc7-80df-ce6c264c388b/datanode-3/data/ratis/4c349846-0b61-4e3a-b181-907a1360165d does not exist. Creating ...
2019-09-25 05:06:36,680 [pool-57-thread-1] INFO  storage.RaftStorageDirectory (RaftStorageDirectory.java:tryLock(328)) - Lock on /workdir/hadoop-ozone/integration-test/target/test-dir/MiniOzoneClusterImpl-23306158-e895-4fc7-80df-ce6c264c388b/datanode-3/data/ratis/4c349846-0b61-4e3a-b181-907a1360165d/in_use.lock acquired by nodename 25526@pr-hdds-1569-s62bp-3040748787
2019-09-25 05:06:36,693 [pool-57-thread-1] INFO  storage.RaftStorage (RaftStorage.java:format(72)) - Storage directory /workdir/hadoop-ozone/integration-test/target/test-dir/MiniOzoneClusterImpl-23306158-e895-4fc7-80df-ce6c264c388b/datanode-3/data/ratis/4c349846-0b61-4e3a-b181-907a1360165d has been successfully formatted.
2019-09-25 05:06:36,693 [pool-57-thread-1] INFO  ratis.ContainerStateMachine (ContainerStateMachine.java:loadSnapshot(230)) - group-907A1360165D: The snapshot info is null. Setting the last applied indexto:(t:0, i:~)
2019-09-25 05:06:36,693 [pool-57-thread-1] INFO  server.RaftServerConfigKeys (ConfUtils.java:logGet(43)) - raft.server.notification.no-leader.timeout = 120s (custom)
2019-09-25 05:06:36,693 [pool-57-thread-1] INFO  server.RaftServerConfigKeys (ConfUtils.java:logGet(43)) - raft.server.log.use.memory = false (default)
2019-09-25 05:06:36,693 [pool-57-thread-1] INFO  server.RaftServerConfigKeys (ConfUtils.java:logGet(43)) - raft.server.log.purge.gap = 1000000 (custom)
2019-09-25 05:06:36,693 [pool-57-thread-1] INFO  server.RaftServerConfigKeys (ConfUtils.java:logGet(43)) - raft.server.log.appender.buffer.byte-limit = 33554432 (custom)
2019-09-25 05:06:36,693 [pool-57-thread-1] INFO  server.RaftServerConfigKeys (ConfUtils.java:logGet(43)) - raft.server.log.segment.size.max = 1048576 (custom)
2019-09-25 05:06:36,693 [pool-57-thread-1] INFO  server.RaftServerConfigKeys (ConfUtils.java:logGet(43)) - raft.server.log.segment.cache.num.max = 2 (custom)
2019-09-25 05:06:36,694 [pool-57-thread-1] INFO  segmented.SegmentedRaftLogWorker (SegmentedRaftLogWorker.java:<init>(172)) - new de37f7a0-0375-40a9-a318-404478482fcb@group-907A1360165D-SegmentedRaftLogWorker for RaftStorage:Storage Directory /workdir/hadoop-ozone/integration-test/target/test-dir/MiniOzoneClusterImpl-23306158-e895-4fc7-80df-ce6c264c388b/datanode-3/data/ratis/4c349846-0b61-4e3a-b181-907a1360165d
2019-09-25 05:06:36,694 [pool-57-thread-1] INFO  server.RaftServerConfigKeys (ConfUtils.java:logGet(43)) - raft.server.log.queue.byte-limit = 2147483647 (custom)
2019-09-25 05:06:36,694 [pool-57-thread-1] INFO  server.RaftServerConfigKeys (ConfUtils.java:logGet(43)) - raft.server.log.queue.element-limit = 1024 (custom)
2019-09-25 05:06:36,694 [pool-57-thread-1] INFO  server.RaftServerConfigKeys (ConfUtils.java:logGet(43)) - raft.server.log.segment.size.max = 1048576 (custom)
2019-09-25 05:06:36,694 [pool-57-thread-1] INFO  server.RaftServerConfigKeys (ConfUtils.java:logGet(43)) - raft.server.log.preallocated.size = 16384 (custom)
2019-09-25 05:06:36,694 [pool-57-thread-1] INFO  server.RaftServerConfigKeys (ConfUtils.java:logGet(43)) - raft.server.log.write.buffer.size = 33554432 (custom)
2019-09-25 05:06:36,694 [pool-57-thread-1] INFO  server.RaftServerConfigKeys (ConfUtils.java:logGet(43)) - raft.server.log.force.sync.num = 128 (default)
2019-09-25 05:06:36,694 [pool-57-thread-1] INFO  server.RaftServerConfigKeys (ConfUtils.java:logGet(43)) - raft.server.log.statemachine.data.sync = true (default)
2019-09-25 05:06:36,694 [pool-57-thread-1] INFO  server.RaftServerConfigKeys (ConfUtils.java:logGet(43)) - raft.server.log.statemachine.data.sync.timeout = 10s (default)
2019-09-25 05:06:36,694 [pool-57-thread-1] INFO  server.RaftServerConfigKeys (ConfUtils.java:logGet(43)) - raft.server.log.statemachine.data.sync.timeout.retry = -1 (default)
2019-09-25 05:06:36,694 [pool-57-thread-1] INFO  server.RaftServerConfigKeys (ConfUtils.java:logGet(43)) - raft.server.log.statemachine.data.caching.enabled = true (custom)
2019-09-25 05:06:36,695 [pool-57-thread-1] INFO  segmented.SegmentedRaftLogWorker (SegmentedRaftLogWorker.java:lambda$new$0(132)) - de37f7a0-0375-40a9-a318-404478482fcb@group-907A1360165D-SegmentedRaftLogWorker: flushIndex: setUnconditionally 0 -> -1
2019-09-25 05:06:36,695 [pool-57-thread-1] INFO  server.RaftServerConfigKeys (ConfUtils.java:logGet(43)) - raft.server.snapshot.auto.trigger.enabled = true (custom)
2019-09-25 05:06:36,695 [pool-57-thread-1] INFO  server.RaftServerConfigKeys (ConfUtils.java:logGet(43)) - raft.server.snapshot.auto.trigger.threshold = 10000 (custom)
2019-09-25 05:06:36,695 [pool-57-thread-1] INFO  server.RaftServerConfigKeys (ConfUtils.java:logGet(43)) - raft.server.snapshot.retention.num.files = 5 (custom)
2019-09-25 05:06:36,695 [pool-57-thread-1] INFO  server.RaftServerConfigKeys (ConfUtils.java:logGet(43)) - raft.server.retrycache.expirytime = 600000ms (custom)
2019-09-25 05:06:36,696 [pool-57-thread-1] INFO  impl.RaftServerImpl (RaftServerImpl.java:start(185)) - de37f7a0-0375-40a9-a318-404478482fcb@group-907A1360165D: start as a follower, conf=-1: [de37f7a0-0375-40a9-a318-404478482fcb:192.168.30.10:44522], old=null
2019-09-25 05:06:36,697 [pool-57-thread-1] INFO  impl.RaftServerImpl (RaftServerImpl.java:setRole(174)) - de37f7a0-0375-40a9-a318-404478482fcb@group-907A1360165D: changes role from      null to FOLLOWER at term 0 for startAsFollower
2019-09-25 05:06:36,697 [pool-57-thread-1] INFO  impl.RoleInfo (RoleInfo.java:updateAndGet(143)) - de37f7a0-0375-40a9-a318-404478482fcb: start FollowerState
2019-09-25 05:06:36,697 [pool-57-thread-1] INFO  util.JmxRegister (JmxRegister.java:tryRegister(44)) - Successfully registered JMX Bean with object name Ratis:service=RaftServer,group=group-907A1360165D,id=de37f7a0-0375-40a9-a318-404478482fcb
2019-09-25 05:06:36,699 [RatisPipelineUtilsThread] INFO  pipeline.PipelineStateManager (PipelineStateManager.java:addPipeline(56)) - Created pipeline Pipeline[ Id: 4c349846-0b61-4e3a-b181-907a1360165d, Nodes: de37f7a0-0375-40a9-a318-404478482fcb{ip: 192.168.30.10, host: pr-hdds-1569-s62bp-3040748787, networkLocation: /default-rack, certSerialId: null}, Type:RATIS, Factor:ONE, State:OPEN]
2019-09-25 05:06:36,705 [grpc-default-executor-1] INFO  impl.RaftServerProxy (RaftServerProxy.java:addNew(89)) - 36ac27b3-2f11-437d-8f1f-165306b0ff4a: addNew group-B8D00B1B54D6:[36ac27b3-2f11-437d-8f1f-165306b0ff4a:192.168.30.10:45265] returns group-B8D00B1B54D6:java.util.concurrent.CompletableFuture@48ebca0c[Not completed]
2019-09-25 05:06:36,706 [pool-37-thread-1] INFO  impl.RaftServerImpl (RaftServerImpl.java:<init>(95)) - 36ac27b3-2f11-437d-8f1f-165306b0ff4a: new RaftServerImpl for group-B8D00B1B54D6:[36ac27b3-2f11-437d-8f1f-165306b0ff4a:192.168.30.10:45265] with ContainerStateMachine:uninitialized
2019-09-25 05:06:36,706 [pool-37-thread-1] INFO  server.RaftServerConfigKeys (ConfUtils.java:logGet(43)) - raft.server.rpc.timeout.min = 5s (custom)
2019-09-25 05:06:36,706 [pool-37-thread-1] INFO  server.RaftServerConfigKeys (ConfUtils.java:logGet(43)) - raft.server.rpc.timeout.max = 5200ms (custom)
2019-09-25 05:06:36,706 [pool-37-thread-1] INFO  server.RaftServerConfigKeys (ConfUtils.java:logGet(43)) - raft.server.rpcslowness.timeout = 120s (custom)
2019-09-25 05:06:36,706 [pool-37-thread-1] INFO  server.RaftServerConfigKeys (ConfUtils.java:logGet(43)) - raft.server.sleep.deviation.threshold = 300 (default)
2019-09-25 05:06:36,706 [pool-37-thread-1] INFO  server.RaftServerConfigKeys (ConfUtils.java:logGet(43)) - raft.server.log.appender.install.snapshot.enabled = false (custom)
2019-09-25 05:06:36,706 [pool-37-thread-1] INFO  impl.RaftServerImpl (ServerState.java:<init>(103)) - 36ac27b3-2f11-437d-8f1f-165306b0ff4a@group-B8D00B1B54D6: ConfigurationManager, init=-1: [36ac27b3-2f11-437d-8f1f-165306b0ff4a:192.168.30.10:45265], old=null, confs=<EMPTY_MAP>
2019-09-25 05:06:36,707 [pool-37-thread-1] INFO  server.RaftServerConfigKeys (ConfUtils.java:logGet(43)) - raft.server.storage.dir = [/workdir/hadoop-ozone/integration-test/target/test-dir/MiniOzoneClusterImpl-23306158-e895-4fc7-80df-ce6c264c388b/datanode-1/data/ratis] (custom)
2019-09-25 05:06:36,707 [pool-37-thread-1] INFO  storage.RaftStorageDirectory (RaftStorageDirectory.java:analyzeStorage(246)) - The storage directory /workdir/hadoop-ozone/integration-test/target/test-dir/MiniOzoneClusterImpl-23306158-e895-4fc7-80df-ce6c264c388b/datanode-1/data/ratis/cf84101c-3566-48ab-b694-b8d00b1b54d6 does not exist. Creating ...
2019-09-25 05:06:36,720 [pool-37-thread-1] INFO  storage.RaftStorageDirectory (RaftStorageDirectory.java:tryLock(328)) - Lock on /workdir/hadoop-ozone/integration-test/target/test-dir/MiniOzoneClusterImpl-23306158-e895-4fc7-80df-ce6c264c388b/datanode-1/data/ratis/cf84101c-3566-48ab-b694-b8d00b1b54d6/in_use.lock acquired by nodename 25526@pr-hdds-1569-s62bp-3040748787
2019-09-25 05:06:36,733 [pool-37-thread-1] INFO  storage.RaftStorage (RaftStorage.java:format(72)) - Storage directory /workdir/hadoop-ozone/integration-test/target/test-dir/MiniOzoneClusterImpl-23306158-e895-4fc7-80df-ce6c264c388b/datanode-1/data/ratis/cf84101c-3566-48ab-b694-b8d00b1b54d6 has been successfully formatted.
2019-09-25 05:06:36,734 [pool-37-thread-1] INFO  ratis.ContainerStateMachine (ContainerStateMachine.java:loadSnapshot(230)) - group-B8D00B1B54D6: The snapshot info is null. Setting the last applied indexto:(t:0, i:~)
2019-09-25 05:06:36,734 [pool-37-thread-1] INFO  server.RaftServerConfigKeys (ConfUtils.java:logGet(43)) - raft.server.notification.no-leader.timeout = 120s (custom)
2019-09-25 05:06:36,734 [pool-37-thread-1] INFO  server.RaftServerConfigKeys (ConfUtils.java:logGet(43)) - raft.server.log.use.memory = false (default)
2019-09-25 05:06:36,734 [pool-37-thread-1] INFO  server.RaftServerConfigKeys (ConfUtils.java:logGet(43)) - raft.server.log.purge.gap = 1000000 (custom)
2019-09-25 05:06:36,734 [pool-37-thread-1] INFO  server.RaftServerConfigKeys (ConfUtils.java:logGet(43)) - raft.server.log.appender.buffer.byte-limit = 33554432 (custom)
2019-09-25 05:06:36,734 [pool-37-thread-1] INFO  server.RaftServerConfigKeys (ConfUtils.java:logGet(43)) - raft.server.log.segment.size.max = 1048576 (custom)
2019-09-25 05:06:36,735 [pool-37-thread-1] INFO  server.RaftServerConfigKeys (ConfUtils.java:logGet(43)) - raft.server.log.segment.cache.num.max = 2 (custom)
2019-09-25 05:06:36,735 [pool-37-thread-1] INFO  segmented.SegmentedRaftLogWorker (SegmentedRaftLogWorker.java:<init>(172)) - new 36ac27b3-2f11-437d-8f1f-165306b0ff4a@group-B8D00B1B54D6-SegmentedRaftLogWorker for RaftStorage:Storage Directory /workdir/hadoop-ozone/integration-test/target/test-dir/MiniOzoneClusterImpl-23306158-e895-4fc7-80df-ce6c264c388b/datanode-1/data/ratis/cf84101c-3566-48ab-b694-b8d00b1b54d6
2019-09-25 05:06:36,735 [pool-37-thread-1] INFO  server.RaftServerConfigKeys (ConfUtils.java:logGet(43)) - raft.server.log.queue.byte-limit = 2147483647 (custom)
2019-09-25 05:06:36,735 [pool-37-thread-1] INFO  server.RaftServerConfigKeys (ConfUtils.java:logGet(43)) - raft.server.log.queue.element-limit = 1024 (custom)
2019-09-25 05:06:36,735 [pool-37-thread-1] INFO  server.RaftServerConfigKeys (ConfUtils.java:logGet(43)) - raft.server.log.segment.size.max = 1048576 (custom)
2019-09-25 05:06:36,735 [pool-37-thread-1] INFO  server.RaftServerConfigKeys (ConfUtils.java:logGet(43)) - raft.server.log.preallocated.size = 16384 (custom)
2019-09-25 05:06:36,735 [pool-37-thread-1] INFO  server.RaftServerConfigKeys (ConfUtils.java:logGet(43)) - raft.server.log.write.buffer.size = 33554432 (custom)
2019-09-25 05:06:36,736 [pool-37-thread-1] INFO  server.RaftServerConfigKeys (ConfUtils.java:logGet(43)) - raft.server.log.force.sync.num = 128 (default)
2019-09-25 05:06:36,736 [pool-37-thread-1] INFO  server.RaftServerConfigKeys (ConfUtils.java:logGet(43)) - raft.server.log.statemachine.data.sync = true (default)
2019-09-25 05:06:36,736 [pool-37-thread-1] INFO  server.RaftServerConfigKeys (ConfUtils.java:logGet(43)) - raft.server.log.statemachine.data.sync.timeout = 10s (default)
2019-09-25 05:06:36,736 [pool-37-thread-1] INFO  server.RaftServerConfigKeys (ConfUtils.java:logGet(43)) - raft.server.log.statemachine.data.sync.timeout.retry = -1 (default)
2019-09-25 05:06:36,736 [pool-37-thread-1] INFO  server.RaftServerConfigKeys (ConfUtils.java:logGet(43)) - raft.server.log.statemachine.data.caching.enabled = true (custom)
2019-09-25 05:06:36,736 [pool-37-thread-1] INFO  segmented.SegmentedRaftLogWorker (SegmentedRaftLogWorker.java:lambda$new$0(132)) - 36ac27b3-2f11-437d-8f1f-165306b0ff4a@group-B8D00B1B54D6-SegmentedRaftLogWorker: flushIndex: setUnconditionally 0 -> -1
2019-09-25 05:06:36,737 [pool-37-thread-1] INFO  server.RaftServerConfigKeys (ConfUtils.java:logGet(43)) - raft.server.snapshot.auto.trigger.enabled = true (custom)
2019-09-25 05:06:36,737 [pool-37-thread-1] INFO  server.RaftServerConfigKeys (ConfUtils.java:logGet(43)) - raft.server.snapshot.auto.trigger.threshold = 10000 (custom)
2019-09-25 05:06:36,737 [pool-37-thread-1] INFO  server.RaftServerConfigKeys (ConfUtils.java:logGet(43)) - raft.server.snapshot.retention.num.files = 5 (custom)
2019-09-25 05:06:36,737 [pool-37-thread-1] INFO  server.RaftServerConfigKeys (ConfUtils.java:logGet(43)) - raft.server.retrycache.expirytime = 600000ms (custom)
2019-09-25 05:06:36,739 [pool-37-thread-1] INFO  impl.RaftServerImpl (RaftServerImpl.java:start(185)) - 36ac27b3-2f11-437d-8f1f-165306b0ff4a@group-B8D00B1B54D6: start as a follower, conf=-1: [36ac27b3-2f11-437d-8f1f-165306b0ff4a:192.168.30.10:45265], old=null
2019-09-25 05:06:36,739 [pool-37-thread-1] INFO  impl.RaftServerImpl (RaftServerImpl.java:setRole(174)) - 36ac27b3-2f11-437d-8f1f-165306b0ff4a@group-B8D00B1B54D6: changes role from      null to FOLLOWER at term 0 for startAsFollower
2019-09-25 05:06:36,739 [pool-37-thread-1] INFO  impl.RoleInfo (RoleInfo.java:updateAndGet(143)) - 36ac27b3-2f11-437d-8f1f-165306b0ff4a: start FollowerState
2019-09-25 05:06:36,739 [pool-37-thread-1] INFO  util.JmxRegister (JmxRegister.java:tryRegister(44)) - Successfully registered JMX Bean with object name Ratis:service=RaftServer,group=group-B8D00B1B54D6,id=36ac27b3-2f11-437d-8f1f-165306b0ff4a
2019-09-25 05:06:36,742 [RatisPipelineUtilsThread] INFO  pipeline.PipelineStateManager (PipelineStateManager.java:addPipeline(56)) - Created pipeline Pipeline[ Id: cf84101c-3566-48ab-b694-b8d00b1b54d6, Nodes: 36ac27b3-2f11-437d-8f1f-165306b0ff4a{ip: 192.168.30.10, host: pr-hdds-1569-s62bp-3040748787, networkLocation: /default-rack, certSerialId: null}, Type:RATIS, Factor:ONE, State:OPEN]
2019-09-25 05:06:36,746 [grpc-default-executor-1] INFO  impl.RaftServerProxy (RaftServerProxy.java:addNew(89)) - c8798e02-7f0c-41f7-82c2-a17323bcf21e: addNew group-D347DF8354E9:[c8798e02-7f0c-41f7-82c2-a17323bcf21e:192.168.30.10:40603] returns group-D347DF8354E9:java.util.concurrent.CompletableFuture@1f35f75a[Not completed]
2019-09-25 05:06:36,747 [56396258-65a3-478c-9482-0be0199dd49c@group-FC5E68C66751-SegmentedRaftLogWorker] ERROR segmented.SegmentedRaftLogWorker (SegmentedRaftLogWorker.java:run(323)) - 56396258-65a3-478c-9482-0be0199dd49c@group-FC5E68C66751-SegmentedRaftLogWorker hit exception
java.lang.OutOfMemoryError: Direct buffer memory
	at java.nio.Bits.reserveMemory(Bits.java:666)
	at java.nio.DirectByteBuffer.<init>(DirectByteBuffer.java:123)
	at java.nio.ByteBuffer.allocateDirect(ByteBuffer.java:311)
	at org.apache.ratis.server.raftlog.segmented.BufferedWriteChannel.<init>(BufferedWriteChannel.java:41)
	at org.apache.ratis.server.raftlog.segmented.SegmentedRaftLogOutputStream.<init>(SegmentedRaftLogOutputStream.java:72)
	at org.apache.ratis.server.raftlog.segmented.SegmentedRaftLogWorker$StartLogSegment.execute(SegmentedRaftLogWorker.java:566)
	at org.apache.ratis.server.raftlog.segmented.SegmentedRaftLogWorker.run(SegmentedRaftLogWorker.java:289)
	at java.lang.Thread.run(Thread.java:748)
2019-09-25 05:06:36,747 [56396258-65a3-478c-9482-0be0199dd49c@group-FC5E68C66751-SegmentedRaftLogWorker] INFO  impl.RaftServerImpl (RaftServerImpl.java:lambda$shutdown$3(251)) - 56396258-65a3-478c-9482-0be0199dd49c@group-FC5E68C66751: shutdown
2019-09-25 05:06:36,747 [c8798e02-7f0c-41f7-82c2-a17323bcf21e@group-9A8116F4FD4E-SegmentedRaftLogWorker] ERROR segmented.SegmentedRaftLogWorker (SegmentedRaftLogWorker.java:run(323)) - c8798e02-7f0c-41f7-82c2-a17323bcf21e@group-9A8116F4FD4E-SegmentedRaftLogWorker hit exception
java.lang.OutOfMemoryError: Direct buffer memory
	at java.nio.Bits.reserveMemory(Bits.java:666)
	at java.nio.DirectByteBuffer.<init>(DirectByteBuffer.java:123)
	at java.nio.ByteBuffer.allocateDirect(ByteBuffer.java:311)
	at org.apache.ratis.server.raftlog.segmented.BufferedWriteChannel.<init>(BufferedWriteChannel.java:41)
	at org.apache.ratis.server.raftlog.segmented.SegmentedRaftLogOutputStream.<init>(SegmentedRaftLogOutputStream.java:72)
	at org.apache.ratis.server.raftlog.segmented.SegmentedRaftLogWorker$StartLogSegment.execute(SegmentedRaftLogWorker.java:566)
	at org.apache.ratis.server.raftlog.segmented.SegmentedRaftLogWorker.run(SegmentedRaftLogWorker.java:289)
	at java.lang.Thread.run(Thread.java:748)
2019-09-25 05:06:36,747 [pool-47-thread-1] INFO  impl.RaftServerImpl (RaftServerImpl.java:<init>(95)) - c8798e02-7f0c-41f7-82c2-a17323bcf21e: new RaftServerImpl for group-D347DF8354E9:[c8798e02-7f0c-41f7-82c2-a17323bcf21e:192.168.30.10:40603] with ContainerStateMachine:uninitialized
2019-09-25 05:06:36,747 [56396258-65a3-478c-9482-0be0199dd49c@group-FC5E68C66751-SegmentedRaftLogWorker] INFO  util.JmxRegister (JmxRegister.java:unregister(73)) - Successfully un-registered JMX Bean with object name Ratis:service=RaftServer,group=group-FC5E68C66751,id=56396258-65a3-478c-9482-0be0199dd49c
2019-09-25 05:06:36,748 [pool-47-thread-1] INFO  server.RaftServerConfigKeys (ConfUtils.java:logGet(43)) - raft.server.rpc.timeout.min = 5s (custom)
2019-09-25 05:06:36,747 [c8798e02-7f0c-41f7-82c2-a17323bcf21e@group-9A8116F4FD4E-SegmentedRaftLogWorker] INFO  impl.RaftServerImpl (RaftServerImpl.java:lambda$shutdown$3(251)) - c8798e02-7f0c-41f7-82c2-a17323bcf21e@group-9A8116F4FD4E: shutdown
2019-09-25 05:06:36,748 [pool-47-thread-1] INFO  server.RaftServerConfigKeys (ConfUtils.java:logGet(43)) - raft.server.rpc.timeout.max = 5200ms (custom)
2019-09-25 05:06:36,748 [pool-47-thread-1] INFO  server.RaftServerConfigKeys (ConfUtils.java:logGet(43)) - raft.server.rpcslowness.timeout = 120s (custom)
2019-09-25 05:06:36,748 [56396258-65a3-478c-9482-0be0199dd49c@group-FC5E68C66751-SegmentedRaftLogWorker] INFO  impl.RoleInfo (RoleInfo.java:shutdownLeaderState(104)) - 56396258-65a3-478c-9482-0be0199dd49c: shutdown LeaderState
2019-09-25 05:06:36,748 [pool-47-thread-1] INFO  server.RaftServerConfigKeys (ConfUtils.java:logGet(43)) - raft.server.sleep.deviation.threshold = 300 (default)
2019-09-25 05:06:36,748 [c8798e02-7f0c-41f7-82c2-a17323bcf21e@group-9A8116F4FD4E-SegmentedRaftLogWorker] INFO  util.JmxRegister (JmxRegister.java:unregister(73)) - Successfully un-registered JMX Bean with object name Ratis:service=RaftServer,group=group-9A8116F4FD4E,id=c8798e02-7f0c-41f7-82c2-a17323bcf21e
2019-09-25 05:06:36,749 [pool-47-thread-1] INFO  server.RaftServerConfigKeys (ConfUtils.java:logGet(43)) - raft.server.log.appender.install.snapshot.enabled = false (custom)
2019-09-25 05:06:36,748 [56396258-65a3-478c-9482-0be0199dd49c@group-FC5E68C66751-SegmentedRaftLogWorker] INFO  impl.PendingRequests (PendingRequests.java:sendNotLeaderResponses(202)) - 56396258-65a3-478c-9482-0be0199dd49c-PendingRequests: sendNotLeaderResponses
2019-09-25 05:06:36,749 [pool-47-thread-1] INFO  impl.RaftServerImpl (ServerState.java:<init>(103)) - c8798e02-7f0c-41f7-82c2-a17323bcf21e@group-D347DF8354E9: ConfigurationManager, init=-1: [c8798e02-7f0c-41f7-82c2-a17323bcf21e:192.168.30.10:40603], old=null, confs=<EMPTY_MAP>
2019-09-25 05:06:36,749 [c8798e02-7f0c-41f7-82c2-a17323bcf21e@group-9A8116F4FD4E-SegmentedRaftLogWorker] INFO  impl.RoleInfo (RoleInfo.java:shutdownLeaderState(104)) - c8798e02-7f0c-41f7-82c2-a17323bcf21e: shutdown LeaderState
2019-09-25 05:06:36,749 [pool-47-thread-1] INFO  server.RaftServerConfigKeys (ConfUtils.java:logGet(43)) - raft.server.storage.dir = [/workdir/hadoop-ozone/integration-test/target/test-dir/MiniOzoneClusterImpl-23306158-e895-4fc7-80df-ce6c264c388b/datanode-2/data/ratis] (custom)
2019-09-25 05:06:36,749 [56396258-65a3-478c-9482-0be0199dd49c@group-FC5E68C66751-SegmentedRaftLogWorker] INFO  impl.StateMachineUpdater (StateMachineUpdater.java:stopAndJoin(125)) - 56396258-65a3-478c-9482-0be0199dd49c@group-FC5E68C66751-StateMachineUpdater: set stopIndex = -1
2019-09-25 05:06:36,749 [c8798e02-7f0c-41f7-82c2-a17323bcf21e@group-9A8116F4FD4E-SegmentedRaftLogWorker] INFO  impl.PendingRequests (PendingRequests.java:sendNotLeaderResponses(202)) - c8798e02-7f0c-41f7-82c2-a17323bcf21e-PendingRequests: sendNotLeaderResponses
2019-09-25 05:06:36,750 [56396258-65a3-478c-9482-0be0199dd49c@group-FC5E68C66751-SegmentedRaftLogWorker] INFO  impl.RaftServerImpl (ServerState.java:close(385)) - 56396258-65a3-478c-9482-0be0199dd49c@group-FC5E68C66751: closes. applyIndex: -1
2019-09-25 05:06:36,750 [pool-47-thread-1] INFO  storage.RaftStorageDirectory (RaftStorageDirectory.java:analyzeStorage(246)) - The storage directory /workdir/hadoop-ozone/integration-test/target/test-dir/MiniOzoneClusterImpl-23306158-e895-4fc7-80df-ce6c264c388b/datanode-2/data/ratis/26de4712-df9a-45f7-9ee1-d347df8354e9 does not exist. Creating ...
2019-09-25 05:06:36,750 [56396258-65a3-478c-9482-0be0199dd49c@group-FC5E68C66751-SegmentedRaftLogWorker] INFO  segmented.SegmentedRaftLogWorker (SegmentedRaftLogWorker.java:close(228)) - 56396258-65a3-478c-9482-0be0199dd49c@group-FC5E68C66751-SegmentedRaftLogWorker close()
2019-09-25 05:06:36,750 [c8798e02-7f0c-41f7-82c2-a17323bcf21e@group-9A8116F4FD4E-SegmentedRaftLogWorker] INFO  impl.StateMachineUpdater (StateMachineUpdater.java:stopAndJoin(125)) - c8798e02-7f0c-41f7-82c2-a17323bcf21e@group-9A8116F4FD4E-StateMachineUpdater: set stopIndex = -1
2019-09-25 05:06:36,750 [c8798e02-7f0c-41f7-82c2-a17323bcf21e@group-9A8116F4FD4E-SegmentedRaftLogWorker] INFO  impl.RaftServerImpl (ServerState.java:close(385)) - c8798e02-7f0c-41f7-82c2-a17323bcf21e@group-9A8116F4FD4E: closes. applyIndex: -1
2019-09-25 05:06:36,751 [c8798e02-7f0c-41f7-82c2-a17323bcf21e@group-9A8116F4FD4E-SegmentedRaftLogWorker] INFO  segmented.SegmentedRaftLogWorker (SegmentedRaftLogWorker.java:close(228)) - c8798e02-7f0c-41f7-82c2-a17323bcf21e@group-9A8116F4FD4E-SegmentedRaftLogWorker close()
2019-09-25 05:06:36,763 [pool-47-thread-1] INFO  storage.RaftStorageDirectory (RaftStorageDirectory.java:tryLock(328)) - Lock on /workdir/hadoop-ozone/integration-test/target/test-dir/MiniOzoneClusterImpl-23306158-e895-4fc7-80df-ce6c264c388b/datanode-2/data/ratis/26de4712-df9a-45f7-9ee1-d347df8354e9/in_use.lock acquired by nodename 25526@pr-hdds-1569-s62bp-3040748787
2019-09-25 05:06:36,767 [pool-47-thread-1] INFO  storage.RaftStorage (RaftStorage.java:format(72)) - Storage directory /workdir/hadoop-ozone/integration-test/target/test-dir/MiniOzoneClusterImpl-23306158-e895-4fc7-80df-ce6c264c388b/datanode-2/data/ratis/26de4712-df9a-45f7-9ee1-d347df8354e9 has been successfully formatted.
2019-09-25 05:06:36,768 [pool-47-thread-1] INFO  ratis.ContainerStateMachine (ContainerStateMachine.java:loadSnapshot(230)) - group-D347DF8354E9: The snapshot info is null. Setting the last applied indexto:(t:0, i:~)
2019-09-25 05:06:36,768 [pool-47-thread-1] INFO  server.RaftServerConfigKeys (ConfUtils.java:logGet(43)) - raft.server.notification.no-leader.timeout = 120s (custom)
2019-09-25 05:06:36,768 [pool-47-thread-1] INFO  server.RaftServerConfigKeys (ConfUtils.java:logGet(43)) - raft.server.log.use.memory = false (default)
2019-09-25 05:06:36,768 [pool-47-thread-1] INFO  server.RaftServerConfigKeys (ConfUtils.java:logGet(43)) - raft.server.log.purge.gap = 1000000 (custom)
2019-09-25 05:06:36,768 [pool-47-thread-1] INFO  server.RaftServerConfigKeys (ConfUtils.java:logGet(43)) - raft.server.log.appender.buffer.byte-limit = 33554432 (custom)
2019-09-25 05:06:36,768 [pool-47-thread-1] INFO  server.RaftServerConfigKeys (ConfUtils.java:logGet(43)) - raft.server.log.segment.size.max = 1048576 (custom)
2019-09-25 05:06:36,768 [pool-47-thread-1] INFO  server.RaftServerConfigKeys (ConfUtils.java:logGet(43)) - raft.server.log.segment.cache.num.max = 2 (custom)
2019-09-25 05:06:36,769 [pool-47-thread-1] INFO  segmented.SegmentedRaftLogWorker (SegmentedRaftLogWorker.java:<init>(172)) - new c8798e02-7f0c-41f7-82c2-a17323bcf21e@group-D347DF8354E9-SegmentedRaftLogWorker for RaftStorage:Storage Directory /workdir/hadoop-ozone/integration-test/target/test-dir/MiniOzoneClusterImpl-23306158-e895-4fc7-80df-ce6c264c388b/datanode-2/data/ratis/26de4712-df9a-45f7-9ee1-d347df8354e9
2019-09-25 05:06:36,769 [pool-47-thread-1] INFO  server.RaftServerConfigKeys (ConfUtils.java:logGet(43)) - raft.server.log.queue.byte-limit = 2147483647 (custom)
2019-09-25 05:06:36,769 [pool-47-thread-1] INFO  server.RaftServerConfigKeys (ConfUtils.java:logGet(43)) - raft.server.log.queue.element-limit = 1024 (custom)
2019-09-25 05:06:36,769 [pool-47-thread-1] INFO  server.RaftServerConfigKeys (ConfUtils.java:logGet(43)) - raft.server.log.segment.size.max = 1048576 (custom)
2019-09-25 05:06:36,769 [pool-47-thread-1] INFO  server.RaftServerConfigKeys (ConfUtils.java:logGet(43)) - raft.server.log.preallocated.size = 16384 (custom)
2019-09-25 05:06:36,769 [pool-47-thread-1] INFO  server.RaftServerConfigKeys (ConfUtils.java:logGet(43)) - raft.server.log.write.buffer.size = 33554432 (custom)
2019-09-25 05:06:36,769 [pool-47-thread-1] INFO  server.RaftServerConfigKeys (ConfUtils.java:logGet(43)) - raft.server.log.force.sync.num = 128 (default)
2019-09-25 05:06:36,769 [pool-47-thread-1] INFO  server.RaftServerConfigKeys (ConfUtils.java:logGet(43)) - raft.server.log.statemachine.data.sync = true (default)
2019-09-25 05:06:36,770 [pool-47-thread-1] INFO  server.RaftServerConfigKeys (ConfUtils.java:logGet(43)) - raft.server.log.statemachine.data.sync.timeout = 10s (default)
2019-09-25 05:06:36,770 [pool-47-thread-1] INFO  server.RaftServerConfigKeys (ConfUtils.java:logGet(43)) - raft.server.log.statemachine.data.sync.timeout.retry = -1 (default)
2019-09-25 05:06:36,770 [pool-47-thread-1] INFO  server.RaftServerConfigKeys (ConfUtils.java:logGet(43)) - raft.server.log.statemachine.data.caching.enabled = true (custom)
2019-09-25 05:06:36,770 [pool-47-thread-1] INFO  segmented.SegmentedRaftLogWorker (SegmentedRaftLogWorker.java:lambda$new$0(132)) - c8798e02-7f0c-41f7-82c2-a17323bcf21e@group-D347DF8354E9-SegmentedRaftLogWorker: flushIndex: setUnconditionally 0 -> -1
2019-09-25 05:06:36,771 [pool-47-thread-1] INFO  server.RaftServerConfigKeys (ConfUtils.java:logGet(43)) - raft.server.snapshot.auto.trigger.enabled = true (custom)
2019-09-25 05:06:36,771 [pool-47-thread-1] INFO  server.RaftServerConfigKeys (ConfUtils.java:logGet(43)) - raft.server.snapshot.auto.trigger.threshold = 10000 (custom)
2019-09-25 05:06:36,771 [pool-47-thread-1] INFO  server.RaftServerConfigKeys (ConfUtils.java:logGet(43)) - raft.server.snapshot.retention.num.files = 5 (custom)
2019-09-25 05:06:36,771 [pool-47-thread-1] INFO  server.RaftServerConfigKeys (ConfUtils.java:logGet(43)) - raft.server.retrycache.expirytime = 600000ms (custom)
2019-09-25 05:06:36,773 [pool-47-thread-1] INFO  impl.RaftServerImpl (RaftServerImpl.java:start(185)) - c8798e02-7f0c-41f7-82c2-a17323bcf21e@group-D347DF8354E9: start as a follower, conf=-1: [c8798e02-7f0c-41f7-82c2-a17323bcf21e:192.168.30.10:40603], old=null
2019-09-25 05:06:36,773 [pool-47-thread-1] INFO  impl.RaftServerImpl (RaftServerImpl.java:setRole(174)) - c8798e02-7f0c-41f7-82c2-a17323bcf21e@group-D347DF8354E9: changes role from      null to FOLLOWER at term 0 for startAsFollower
2019-09-25 05:06:36,773 [pool-47-thread-1] INFO  impl.RoleInfo (RoleInfo.java:updateAndGet(143)) - c8798e02-7f0c-41f7-82c2-a17323bcf21e: start FollowerState
2019-09-25 05:06:36,773 [pool-47-thread-1] INFO  util.JmxRegister (JmxRegister.java:tryRegister(44)) - Successfully registered JMX Bean with object name Ratis:service=RaftServer,group=group-D347DF8354E9,id=c8798e02-7f0c-41f7-82c2-a17323bcf21e
2019-09-25 05:06:36,776 [RatisPipelineUtilsThread] INFO  pipeline.PipelineStateManager (PipelineStateManager.java:addPipeline(56)) - Created pipeline Pipeline[ Id: 26de4712-df9a-45f7-9ee1-d347df8354e9, Nodes: c8798e02-7f0c-41f7-82c2-a17323bcf21e{ip: 192.168.30.10, host: pr-hdds-1569-s62bp-3040748787, networkLocation: /default-rack, certSerialId: null}, Type:RATIS, Factor:ONE, State:OPEN]
2019-09-25 05:06:36,781 [grpc-default-executor-1] INFO  impl.RaftServerProxy (RaftServerProxy.java:addNew(89)) - 56396258-65a3-478c-9482-0be0199dd49c: addNew group-7B75987BA3EA:[56396258-65a3-478c-9482-0be0199dd49c:192.168.30.10:41678] returns group-7B75987BA3EA:java.util.concurrent.CompletableFuture@26f1e962[Not completed]
2019-09-25 05:06:36,782 [pool-87-thread-1] INFO  impl.RaftServerImpl (RaftServerImpl.java:<init>(95)) - 56396258-65a3-478c-9482-0be0199dd49c: new RaftServerImpl for group-7B75987BA3EA:[56396258-65a3-478c-9482-0be0199dd49c:192.168.30.10:41678] with ContainerStateMachine:uninitialized
2019-09-25 05:06:36,782 [pool-87-thread-1] INFO  server.RaftServerConfigKeys (ConfUtils.java:logGet(43)) - raft.server.rpc.timeout.min = 5s (custom)
2019-09-25 05:06:36,782 [pool-87-thread-1] INFO  server.RaftServerConfigKeys (ConfUtils.java:logGet(43)) - raft.server.rpc.timeout.max = 5200ms (custom)
2019-09-25 05:06:36,782 [pool-87-thread-1] INFO  server.RaftServerConfigKeys (ConfUtils.java:logGet(43)) - raft.server.rpcslowness.timeout = 120s (custom)
2019-09-25 05:06:36,782 [pool-87-thread-1] INFO  server.RaftServerConfigKeys (ConfUtils.java:logGet(43)) - raft.server.sleep.deviation.threshold = 300 (default)
2019-09-25 05:06:36,783 [pool-87-thread-1] INFO  server.RaftServerConfigKeys (ConfUtils.java:logGet(43)) - raft.server.log.appender.install.snapshot.enabled = false (custom)
2019-09-25 05:06:36,783 [pool-87-thread-1] INFO  impl.RaftServerImpl (ServerState.java:<init>(103)) - 56396258-65a3-478c-9482-0be0199dd49c@group-7B75987BA3EA: ConfigurationManager, init=-1: [56396258-65a3-478c-9482-0be0199dd49c:192.168.30.10:41678], old=null, confs=<EMPTY_MAP>
2019-09-25 05:06:36,783 [pool-87-thread-1] INFO  server.RaftServerConfigKeys (ConfUtils.java:logGet(43)) - raft.server.storage.dir = [/workdir/hadoop-ozone/integration-test/target/test-dir/MiniOzoneClusterImpl-23306158-e895-4fc7-80df-ce6c264c388b/datanode-6/data/ratis] (custom)
2019-09-25 05:06:36,783 [pool-87-thread-1] INFO  storage.RaftStorageDirectory (RaftStorageDirectory.java:analyzeStorage(246)) - The storage directory /workdir/hadoop-ozone/integration-test/target/test-dir/MiniOzoneClusterImpl-23306158-e895-4fc7-80df-ce6c264c388b/datanode-6/data/ratis/7183ffb5-73a6-4c89-ac01-7b75987ba3ea does not exist. Creating ...
2019-09-25 05:06:36,787 [pool-87-thread-1] INFO  storage.RaftStorageDirectory (RaftStorageDirectory.java:tryLock(328)) - Lock on /workdir/hadoop-ozone/integration-test/target/test-dir/MiniOzoneClusterImpl-23306158-e895-4fc7-80df-ce6c264c388b/datanode-6/data/ratis/7183ffb5-73a6-4c89-ac01-7b75987ba3ea/in_use.lock acquired by nodename 25526@pr-hdds-1569-s62bp-3040748787
2019-09-25 05:06:36,791 [pool-87-thread-1] INFO  storage.RaftStorage (RaftStorage.java:format(72)) - Storage directory /workdir/hadoop-ozone/integration-test/target/test-dir/MiniOzoneClusterImpl-23306158-e895-4fc7-80df-ce6c264c388b/datanode-6/data/ratis/7183ffb5-73a6-4c89-ac01-7b75987ba3ea has been successfully formatted.
2019-09-25 05:06:36,791 [pool-87-thread-1] INFO  ratis.ContainerStateMachine (ContainerStateMachine.java:loadSnapshot(230)) - group-7B75987BA3EA: The snapshot info is null. Setting the last applied indexto:(t:0, i:~)
2019-09-25 05:06:36,791 [pool-87-thread-1] INFO  server.RaftServerConfigKeys (ConfUtils.java:logGet(43)) - raft.server.notification.no-leader.timeout = 120s (custom)
2019-09-25 05:06:36,791 [pool-87-thread-1] INFO  server.RaftServerConfigKeys (ConfUtils.java:logGet(43)) - raft.server.log.use.memory = false (default)
2019-09-25 05:06:36,791 [pool-87-thread-1] INFO  server.RaftServerConfigKeys (ConfUtils.java:logGet(43)) - raft.server.log.purge.gap = 1000000 (custom)
2019-09-25 05:06:36,792 [pool-87-thread-1] INFO  server.RaftServerConfigKeys (ConfUtils.java:logGet(43)) - raft.server.log.appender.buffer.byte-limit = 33554432 (custom)
2019-09-25 05:06:36,792 [pool-87-thread-1] INFO  server.RaftServerConfigKeys (ConfUtils.java:logGet(43)) - raft.server.log.segment.size.max = 1048576 (custom)
2019-09-25 05:06:36,792 [pool-87-thread-1] INFO  server.RaftServerConfigKeys (ConfUtils.java:logGet(43)) - raft.server.log.segment.cache.num.max = 2 (custom)
2019-09-25 05:06:36,792 [pool-87-thread-1] INFO  segmented.SegmentedRaftLogWorker (SegmentedRaftLogWorker.java:<init>(172)) - new 56396258-65a3-478c-9482-0be0199dd49c@group-7B75987BA3EA-SegmentedRaftLogWorker for RaftStorage:Storage Directory /workdir/hadoop-ozone/integration-test/target/test-dir/MiniOzoneClusterImpl-23306158-e895-4fc7-80df-ce6c264c388b/datanode-6/data/ratis/7183ffb5-73a6-4c89-ac01-7b75987ba3ea
2019-09-25 05:06:36,792 [pool-87-thread-1] INFO  server.RaftServerConfigKeys (ConfUtils.java:logGet(43)) - raft.server.log.queue.byte-limit = 2147483647 (custom)
2019-09-25 05:06:36,792 [pool-87-thread-1] INFO  server.RaftServerConfigKeys (ConfUtils.java:logGet(43)) - raft.server.log.queue.element-limit = 1024 (custom)
2019-09-25 05:06:36,793 [pool-87-thread-1] INFO  server.RaftServerConfigKeys (ConfUtils.java:logGet(43)) - raft.server.log.segment.size.max = 1048576 (custom)
2019-09-25 05:06:36,793 [pool-87-thread-1] INFO  server.RaftServerConfigKeys (ConfUtils.java:logGet(43)) - raft.server.log.preallocated.size = 16384 (custom)
2019-09-25 05:06:36,793 [pool-87-thread-1] INFO  server.RaftServerConfigKeys (ConfUtils.java:logGet(43)) - raft.server.log.write.buffer.size = 33554432 (custom)
2019-09-25 05:06:36,793 [pool-87-thread-1] INFO  server.RaftServerConfigKeys (ConfUtils.java:logGet(43)) - raft.server.log.force.sync.num = 128 (default)
2019-09-25 05:06:36,793 [pool-87-thread-1] INFO  server.RaftServerConfigKeys (ConfUtils.java:logGet(43)) - raft.server.log.statemachine.data.sync = true (default)
2019-09-25 05:06:36,793 [pool-87-thread-1] INFO  server.RaftServerConfigKeys (ConfUtils.java:logGet(43)) - raft.server.log.statemachine.data.sync.timeout = 10s (default)
2019-09-25 05:06:36,793 [pool-87-thread-1] INFO  server.RaftServerConfigKeys (ConfUtils.java:logGet(43)) - raft.server.log.statemachine.data.sync.timeout.retry = -1 (default)
2019-09-25 05:06:36,794 [pool-87-thread-1] INFO  server.RaftServerConfigKeys (ConfUtils.java:logGet(43)) - raft.server.log.statemachine.data.caching.enabled = true (custom)
2019-09-25 05:06:36,794 [pool-87-thread-1] INFO  segmented.SegmentedRaftLogWorker (SegmentedRaftLogWorker.java:lambda$new$0(132)) - 56396258-65a3-478c-9482-0be0199dd49c@group-7B75987BA3EA-SegmentedRaftLogWorker: flushIndex: setUnconditionally 0 -> -1
2019-09-25 05:06:36,794 [pool-87-thread-1] INFO  server.RaftServerConfigKeys (ConfUtils.java:logGet(43)) - raft.server.snapshot.auto.trigger.enabled = true (custom)
2019-09-25 05:06:36,794 [pool-87-thread-1] INFO  server.RaftServerConfigKeys (ConfUtils.java:logGet(43)) - raft.server.snapshot.auto.trigger.threshold = 10000 (custom)
2019-09-25 05:06:36,795 [pool-87-thread-1] INFO  server.RaftServerConfigKeys (ConfUtils.java:logGet(43)) - raft.server.snapshot.retention.num.files = 5 (custom)
2019-09-25 05:06:36,795 [pool-87-thread-1] INFO  server.RaftServerConfigKeys (ConfUtils.java:logGet(43)) - raft.server.retrycache.expirytime = 600000ms (custom)
2019-09-25 05:06:36,796 [pool-87-thread-1] INFO  impl.RaftServerImpl (RaftServerImpl.java:start(185)) - 56396258-65a3-478c-9482-0be0199dd49c@group-7B75987BA3EA: start as a follower, conf=-1: [56396258-65a3-478c-9482-0be0199dd49c:192.168.30.10:41678], old=null
2019-09-25 05:06:36,796 [pool-87-thread-1] INFO  impl.RaftServerImpl (RaftServerImpl.java:setRole(174)) - 56396258-65a3-478c-9482-0be0199dd49c@group-7B75987BA3EA: changes role from      null to FOLLOWER at term 0 for startAsFollower
2019-09-25 05:06:36,796 [pool-87-thread-1] INFO  impl.RoleInfo (RoleInfo.java:updateAndGet(143)) - 56396258-65a3-478c-9482-0be0199dd49c: start FollowerState
2019-09-25 05:06:36,797 [pool-87-thread-1] INFO  util.JmxRegister (JmxRegister.java:tryRegister(44)) - Successfully registered JMX Bean with object name Ratis:service=RaftServer,group=group-7B75987BA3EA,id=56396258-65a3-478c-9482-0be0199dd49c
2019-09-25 05:06:36,799 [RatisPipelineUtilsThread] INFO  pipeline.PipelineStateManager (PipelineStateManager.java:addPipeline(56)) - Created pipeline Pipeline[ Id: 7183ffb5-73a6-4c89-ac01-7b75987ba3ea, Nodes: 56396258-65a3-478c-9482-0be0199dd49c{ip: 192.168.30.10, host: pr-hdds-1569-s62bp-3040748787, networkLocation: /default-rack, certSerialId: null}, Type:RATIS, Factor:ONE, State:OPEN]
2019-09-25 05:06:36,803 [grpc-default-executor-1] INFO  impl.RaftServerProxy (RaftServerProxy.java:addNew(89)) - 36ac27b3-2f11-437d-8f1f-165306b0ff4a: addNew group-5181C418506D:[36ac27b3-2f11-437d-8f1f-165306b0ff4a:192.168.30.10:45265] returns group-5181C418506D:java.util.concurrent.CompletableFuture@422d9ca6[Not completed]
2019-09-25 05:06:36,804 [pool-37-thread-1] INFO  impl.RaftServerImpl (RaftServerImpl.java:<init>(95)) - 36ac27b3-2f11-437d-8f1f-165306b0ff4a: new RaftServerImpl for group-5181C418506D:[36ac27b3-2f11-437d-8f1f-165306b0ff4a:192.168.30.10:45265] with ContainerStateMachine:uninitialized
2019-09-25 05:06:36,804 [pool-37-thread-1] INFO  server.RaftServerConfigKeys (ConfUtils.java:logGet(43)) - raft.server.rpc.timeout.min = 5s (custom)
2019-09-25 05:06:36,805 [pool-37-thread-1] INFO  server.RaftServerConfigKeys (ConfUtils.java:logGet(43)) - raft.server.rpc.timeout.max = 5200ms (custom)
2019-09-25 05:06:36,805 [pool-37-thread-1] INFO  server.RaftServerConfigKeys (ConfUtils.java:logGet(43)) - raft.server.rpcslowness.timeout = 120s (custom)
2019-09-25 05:06:36,805 [pool-37-thread-1] INFO  server.RaftServerConfigKeys (ConfUtils.java:logGet(43)) - raft.server.sleep.deviation.threshold = 300 (default)
2019-09-25 05:06:36,805 [pool-37-thread-1] INFO  server.RaftServerConfigKeys (ConfUtils.java:logGet(43)) - raft.server.log.appender.install.snapshot.enabled = false (custom)
2019-09-25 05:06:36,805 [pool-37-thread-1] INFO  impl.RaftServerImpl (ServerState.java:<init>(103)) - 36ac27b3-2f11-437d-8f1f-165306b0ff4a@group-5181C418506D: ConfigurationManager, init=-1: [36ac27b3-2f11-437d-8f1f-165306b0ff4a:192.168.30.10:45265], old=null, confs=<EMPTY_MAP>
2019-09-25 05:06:36,805 [pool-37-thread-1] INFO  server.RaftServerConfigKeys (ConfUtils.java:logGet(43)) - raft.server.storage.dir = [/workdir/hadoop-ozone/integration-test/target/test-dir/MiniOzoneClusterImpl-23306158-e895-4fc7-80df-ce6c264c388b/datanode-1/data/ratis] (custom)
2019-09-25 05:06:36,806 [pool-37-thread-1] INFO  storage.RaftStorageDirectory (RaftStorageDirectory.java:analyzeStorage(246)) - The storage directory /workdir/hadoop-ozone/integration-test/target/test-dir/MiniOzoneClusterImpl-23306158-e895-4fc7-80df-ce6c264c388b/datanode-1/data/ratis/4d205c33-0cb3-4916-9bfd-5181c418506d does not exist. Creating ...
2019-09-25 05:06:36,816 [pool-37-thread-1] INFO  storage.RaftStorageDirectory (RaftStorageDirectory.java:tryLock(328)) - Lock on /workdir/hadoop-ozone/integration-test/target/test-dir/MiniOzoneClusterImpl-23306158-e895-4fc7-80df-ce6c264c388b/datanode-1/data/ratis/4d205c33-0cb3-4916-9bfd-5181c418506d/in_use.lock acquired by nodename 25526@pr-hdds-1569-s62bp-3040748787
2019-09-25 05:06:36,830 [pool-37-thread-1] INFO  storage.RaftStorage (RaftStorage.java:format(72)) - Storage directory /workdir/hadoop-ozone/integration-test/target/test-dir/MiniOzoneClusterImpl-23306158-e895-4fc7-80df-ce6c264c388b/datanode-1/data/ratis/4d205c33-0cb3-4916-9bfd-5181c418506d has been successfully formatted.
2019-09-25 05:06:36,831 [pool-37-thread-1] INFO  ratis.ContainerStateMachine (ContainerStateMachine.java:loadSnapshot(230)) - group-5181C418506D: The snapshot info is null. Setting the last applied indexto:(t:0, i:~)
2019-09-25 05:06:36,831 [pool-37-thread-1] INFO  server.RaftServerConfigKeys (ConfUtils.java:logGet(43)) - raft.server.notification.no-leader.timeout = 120s (custom)
2019-09-25 05:06:36,831 [pool-37-thread-1] INFO  server.RaftServerConfigKeys (ConfUtils.java:logGet(43)) - raft.server.log.use.memory = false (default)
2019-09-25 05:06:36,831 [pool-37-thread-1] INFO  server.RaftServerConfigKeys (ConfUtils.java:logGet(43)) - raft.server.log.purge.gap = 1000000 (custom)
2019-09-25 05:06:36,831 [pool-37-thread-1] INFO  server.RaftServerConfigKeys (ConfUtils.java:logGet(43)) - raft.server.log.appender.buffer.byte-limit = 33554432 (custom)
2019-09-25 05:06:36,831 [pool-37-thread-1] INFO  server.RaftServerConfigKeys (ConfUtils.java:logGet(43)) - raft.server.log.segment.size.max = 1048576 (custom)
2019-09-25 05:06:36,831 [pool-37-thread-1] INFO  server.RaftServerConfigKeys (ConfUtils.java:logGet(43)) - raft.server.log.segment.cache.num.max = 2 (custom)
2019-09-25 05:06:36,832 [pool-37-thread-1] INFO  segmented.SegmentedRaftLogWorker (SegmentedRaftLogWorker.java:<init>(172)) - new 36ac27b3-2f11-437d-8f1f-165306b0ff4a@group-5181C418506D-SegmentedRaftLogWorker for RaftStorage:Storage Directory /workdir/hadoop-ozone/integration-test/target/test-dir/MiniOzoneClusterImpl-23306158-e895-4fc7-80df-ce6c264c388b/datanode-1/data/ratis/4d205c33-0cb3-4916-9bfd-5181c418506d
2019-09-25 05:06:36,832 [pool-37-thread-1] INFO  server.RaftServerConfigKeys (ConfUtils.java:logGet(43)) - raft.server.log.queue.byte-limit = 2147483647 (custom)
2019-09-25 05:06:36,832 [pool-37-thread-1] INFO  server.RaftServerConfigKeys (ConfUtils.java:logGet(43)) - raft.server.log.queue.element-limit = 1024 (custom)
2019-09-25 05:06:36,832 [pool-37-thread-1] INFO  server.RaftServerConfigKeys (ConfUtils.java:logGet(43)) - raft.server.log.segment.size.max = 1048576 (custom)
2019-09-25 05:06:36,832 [pool-37-thread-1] INFO  server.RaftServerConfigKeys (ConfUtils.java:logGet(43)) - raft.server.log.preallocated.size = 16384 (custom)
2019-09-25 05:06:36,832 [pool-37-thread-1] INFO  server.RaftServerConfigKeys (ConfUtils.java:logGet(43)) - raft.server.log.write.buffer.size = 33554432 (custom)
2019-09-25 05:06:36,832 [pool-37-thread-1] INFO  server.RaftServerConfigKeys (ConfUtils.java:logGet(43)) - raft.server.log.force.sync.num = 128 (default)
2019-09-25 05:06:36,833 [pool-37-thread-1] INFO  server.RaftServerConfigKeys (ConfUtils.java:logGet(43)) - raft.server.log.statemachine.data.sync = true (default)
2019-09-25 05:06:36,833 [pool-37-thread-1] INFO  server.RaftServerConfigKeys (ConfUtils.java:logGet(43)) - raft.server.log.statemachine.data.sync.timeout = 10s (default)
2019-09-25 05:06:36,833 [pool-37-thread-1] INFO  server.RaftServerConfigKeys (ConfUtils.java:logGet(43)) - raft.server.log.statemachine.data.sync.timeout.retry = -1 (default)
2019-09-25 05:06:36,833 [pool-37-thread-1] INFO  server.RaftServerConfigKeys (ConfUtils.java:logGet(43)) - raft.server.log.statemachine.data.caching.enabled = true (custom)
2019-09-25 05:06:36,833 [pool-37-thread-1] INFO  segmented.SegmentedRaftLogWorker (SegmentedRaftLogWorker.java:lambda$new$0(132)) - 36ac27b3-2f11-437d-8f1f-165306b0ff4a@group-5181C418506D-SegmentedRaftLogWorker: flushIndex: setUnconditionally 0 -> -1
2019-09-25 05:06:36,834 [pool-37-thread-1] INFO  server.RaftServerConfigKeys (ConfUtils.java:logGet(43)) - raft.server.snapshot.auto.trigger.enabled = true (custom)
2019-09-25 05:06:36,834 [pool-37-thread-1] INFO  server.RaftServerConfigKeys (ConfUtils.java:logGet(43)) - raft.server.snapshot.auto.trigger.threshold = 10000 (custom)
2019-09-25 05:06:36,834 [pool-37-thread-1] INFO  server.RaftServerConfigKeys (ConfUtils.java:logGet(43)) - raft.server.snapshot.retention.num.files = 5 (custom)
2019-09-25 05:06:36,834 [pool-37-thread-1] INFO  server.RaftServerConfigKeys (ConfUtils.java:logGet(43)) - raft.server.retrycache.expirytime = 600000ms (custom)
2019-09-25 05:06:36,836 [pool-37-thread-1] INFO  impl.RaftServerImpl (RaftServerImpl.java:start(185)) - 36ac27b3-2f11-437d-8f1f-165306b0ff4a@group-5181C418506D: start as a follower, conf=-1: [36ac27b3-2f11-437d-8f1f-165306b0ff4a:192.168.30.10:45265], old=null
2019-09-25 05:06:36,836 [pool-37-thread-1] INFO  impl.RaftServerImpl (RaftServerImpl.java:setRole(174)) - 36ac27b3-2f11-437d-8f1f-165306b0ff4a@group-5181C418506D: changes role from      null to FOLLOWER at term 0 for startAsFollower
2019-09-25 05:06:36,836 [pool-37-thread-1] INFO  impl.RoleInfo (RoleInfo.java:updateAndGet(143)) - 36ac27b3-2f11-437d-8f1f-165306b0ff4a: start FollowerState
2019-09-25 05:06:36,836 [pool-37-thread-1] INFO  util.JmxRegister (JmxRegister.java:tryRegister(44)) - Successfully registered JMX Bean with object name Ratis:service=RaftServer,group=group-5181C418506D,id=36ac27b3-2f11-437d-8f1f-165306b0ff4a
2019-09-25 05:06:36,839 [RatisPipelineUtilsThread] INFO  pipeline.PipelineStateManager (PipelineStateManager.java:addPipeline(56)) - Created pipeline Pipeline[ Id: 4d205c33-0cb3-4916-9bfd-5181c418506d, Nodes: 36ac27b3-2f11-437d-8f1f-165306b0ff4a{ip: 192.168.30.10, host: pr-hdds-1569-s62bp-3040748787, networkLocation: /default-rack, certSerialId: null}, Type:RATIS, Factor:ONE, State:OPEN]
2019-09-25 05:06:36,844 [grpc-default-executor-1] INFO  impl.RaftServerProxy (RaftServerProxy.java:addNew(89)) - 56396258-65a3-478c-9482-0be0199dd49c: addNew group-4F3116BF037B:[56396258-65a3-478c-9482-0be0199dd49c:192.168.30.10:41678] returns group-4F3116BF037B:java.util.concurrent.CompletableFuture@3c43e99b[Not completed]
2019-09-25 05:06:36,845 [pool-87-thread-1] INFO  impl.RaftServerImpl (RaftServerImpl.java:<init>(95)) - 56396258-65a3-478c-9482-0be0199dd49c: new RaftServerImpl for group-4F3116BF037B:[56396258-65a3-478c-9482-0be0199dd49c:192.168.30.10:41678] with ContainerStateMachine:uninitialized
2019-09-25 05:06:36,845 [pool-87-thread-1] INFO  server.RaftServerConfigKeys (ConfUtils.java:logGet(43)) - raft.server.rpc.timeout.min = 5s (custom)
2019-09-25 05:06:36,845 [pool-87-thread-1] INFO  server.RaftServerConfigKeys (ConfUtils.java:logGet(43)) - raft.server.rpc.timeout.max = 5200ms (custom)
2019-09-25 05:06:36,845 [pool-87-thread-1] INFO  server.RaftServerConfigKeys (ConfUtils.java:logGet(43)) - raft.server.rpcslowness.timeout = 120s (custom)
2019-09-25 05:06:36,845 [pool-87-thread-1] INFO  server.RaftServerConfigKeys (ConfUtils.java:logGet(43)) - raft.server.sleep.deviation.threshold = 300 (default)
2019-09-25 05:06:36,845 [pool-87-thread-1] INFO  server.RaftServerConfigKeys (ConfUtils.java:logGet(43)) - raft.server.log.appender.install.snapshot.enabled = false (custom)
2019-09-25 05:06:36,846 [pool-87-thread-1] INFO  impl.RaftServerImpl (ServerState.java:<init>(103)) - 56396258-65a3-478c-9482-0be0199dd49c@group-4F3116BF037B: ConfigurationManager, init=-1: [56396258-65a3-478c-9482-0be0199dd49c:192.168.30.10:41678], old=null, confs=<EMPTY_MAP>
2019-09-25 05:06:36,846 [pool-87-thread-1] INFO  server.RaftServerConfigKeys (ConfUtils.java:logGet(43)) - raft.server.storage.dir = [/workdir/hadoop-ozone/integration-test/target/test-dir/MiniOzoneClusterImpl-23306158-e895-4fc7-80df-ce6c264c388b/datanode-6/data/ratis] (custom)
2019-09-25 05:06:36,846 [pool-87-thread-1] INFO  storage.RaftStorageDirectory (RaftStorageDirectory.java:analyzeStorage(246)) - The storage directory /workdir/hadoop-ozone/integration-test/target/test-dir/MiniOzoneClusterImpl-23306158-e895-4fc7-80df-ce6c264c388b/datanode-6/data/ratis/6e2df994-5dda-4f94-9dca-4f3116bf037b does not exist. Creating ...
2019-09-25 05:06:36,860 [pool-87-thread-1] INFO  storage.RaftStorageDirectory (RaftStorageDirectory.java:tryLock(328)) - Lock on /workdir/hadoop-ozone/integration-test/target/test-dir/MiniOzoneClusterImpl-23306158-e895-4fc7-80df-ce6c264c388b/datanode-6/data/ratis/6e2df994-5dda-4f94-9dca-4f3116bf037b/in_use.lock acquired by nodename 25526@pr-hdds-1569-s62bp-3040748787
2019-09-25 05:06:36,873 [pool-87-thread-1] INFO  storage.RaftStorage (RaftStorage.java:format(72)) - Storage directory /workdir/hadoop-ozone/integration-test/target/test-dir/MiniOzoneClusterImpl-23306158-e895-4fc7-80df-ce6c264c388b/datanode-6/data/ratis/6e2df994-5dda-4f94-9dca-4f3116bf037b has been successfully formatted.
2019-09-25 05:06:36,874 [pool-87-thread-1] INFO  ratis.ContainerStateMachine (ContainerStateMachine.java:loadSnapshot(230)) - group-4F3116BF037B: The snapshot info is null. Setting the last applied indexto:(t:0, i:~)
2019-09-25 05:06:36,874 [pool-87-thread-1] INFO  server.RaftServerConfigKeys (ConfUtils.java:logGet(43)) - raft.server.notification.no-leader.timeout = 120s (custom)
2019-09-25 05:06:36,874 [pool-87-thread-1] INFO  server.RaftServerConfigKeys (ConfUtils.java:logGet(43)) - raft.server.log.use.memory = false (default)
2019-09-25 05:06:36,874 [pool-87-thread-1] INFO  server.RaftServerConfigKeys (ConfUtils.java:logGet(43)) - raft.server.log.purge.gap = 1000000 (custom)
2019-09-25 05:06:36,874 [pool-87-thread-1] INFO  server.RaftServerConfigKeys (ConfUtils.java:logGet(43)) - raft.server.log.appender.buffer.byte-limit = 33554432 (custom)
2019-09-25 05:06:36,874 [pool-87-thread-1] INFO  server.RaftServerConfigKeys (ConfUtils.java:logGet(43)) - raft.server.log.segment.size.max = 1048576 (custom)
2019-09-25 05:06:36,875 [pool-87-thread-1] INFO  server.RaftServerConfigKeys (ConfUtils.java:logGet(43)) - raft.server.log.segment.cache.num.max = 2 (custom)
2019-09-25 05:06:36,875 [pool-87-thread-1] INFO  segmented.SegmentedRaftLogWorker (SegmentedRaftLogWorker.java:<init>(172)) - new 56396258-65a3-478c-9482-0be0199dd49c@group-4F3116BF037B-SegmentedRaftLogWorker for RaftStorage:Storage Directory /workdir/hadoop-ozone/integration-test/target/test-dir/MiniOzoneClusterImpl-23306158-e895-4fc7-80df-ce6c264c388b/datanode-6/data/ratis/6e2df994-5dda-4f94-9dca-4f3116bf037b
2019-09-25 05:06:36,875 [pool-87-thread-1] INFO  server.RaftServerConfigKeys (ConfUtils.java:logGet(43)) - raft.server.log.queue.byte-limit = 2147483647 (custom)
2019-09-25 05:06:36,875 [pool-87-thread-1] INFO  server.RaftServerConfigKeys (ConfUtils.java:logGet(43)) - raft.server.log.queue.element-limit = 1024 (custom)
2019-09-25 05:06:36,875 [pool-87-thread-1] INFO  server.RaftServerConfigKeys (ConfUtils.java:logGet(43)) - raft.server.log.segment.size.max = 1048576 (custom)
2019-09-25 05:06:36,875 [pool-87-thread-1] INFO  server.RaftServerConfigKeys (ConfUtils.java:logGet(43)) - raft.server.log.preallocated.size = 16384 (custom)
2019-09-25 05:06:36,875 [pool-87-thread-1] INFO  server.RaftServerConfigKeys (ConfUtils.java:logGet(43)) - raft.server.log.write.buffer.size = 33554432 (custom)
2019-09-25 05:06:36,876 [pool-87-thread-1] INFO  server.RaftServerConfigKeys (ConfUtils.java:logGet(43)) - raft.server.log.force.sync.num = 128 (default)
2019-09-25 05:06:36,876 [pool-87-thread-1] INFO  server.RaftServerConfigKeys (ConfUtils.java:logGet(43)) - raft.server.log.statemachine.data.sync = true (default)
2019-09-25 05:06:36,876 [pool-87-thread-1] INFO  server.RaftServerConfigKeys (ConfUtils.java:logGet(43)) - raft.server.log.statemachine.data.sync.timeout = 10s (default)
2019-09-25 05:06:36,876 [pool-87-thread-1] INFO  server.RaftServerConfigKeys (ConfUtils.java:logGet(43)) - raft.server.log.statemachine.data.sync.timeout.retry = -1 (default)
2019-09-25 05:06:36,876 [pool-87-thread-1] INFO  server.RaftServerConfigKeys (ConfUtils.java:logGet(43)) - raft.server.log.statemachine.data.caching.enabled = true (custom)
2019-09-25 05:06:36,877 [pool-87-thread-1] INFO  segmented.SegmentedRaftLogWorker (SegmentedRaftLogWorker.java:lambda$new$0(132)) - 56396258-65a3-478c-9482-0be0199dd49c@group-4F3116BF037B-SegmentedRaftLogWorker: flushIndex: setUnconditionally 0 -> -1
2019-09-25 05:06:36,877 [pool-87-thread-1] INFO  server.RaftServerConfigKeys (ConfUtils.java:logGet(43)) - raft.server.snapshot.auto.trigger.enabled = true (custom)
2019-09-25 05:06:36,877 [pool-87-thread-1] INFO  server.RaftServerConfigKeys (ConfUtils.java:logGet(43)) - raft.server.snapshot.auto.trigger.threshold = 10000 (custom)
2019-09-25 05:06:36,877 [pool-87-thread-1] INFO  server.RaftServerConfigKeys (ConfUtils.java:logGet(43)) - raft.server.snapshot.retention.num.files = 5 (custom)
2019-09-25 05:06:36,877 [pool-87-thread-1] INFO  server.RaftServerConfigKeys (ConfUtils.java:logGet(43)) - raft.server.retrycache.expirytime = 600000ms (custom)
2019-09-25 05:06:36,879 [pool-87-thread-1] INFO  impl.RaftServerImpl (RaftServerImpl.java:start(185)) - 56396258-65a3-478c-9482-0be0199dd49c@group-4F3116BF037B: start as a follower, conf=-1: [56396258-65a3-478c-9482-0be0199dd49c:192.168.30.10:41678], old=null
2019-09-25 05:06:36,879 [pool-87-thread-1] INFO  impl.RaftServerImpl (RaftServerImpl.java:setRole(174)) - 56396258-65a3-478c-9482-0be0199dd49c@group-4F3116BF037B: changes role from      null to FOLLOWER at term 0 for startAsFollower
2019-09-25 05:06:36,879 [pool-87-thread-1] INFO  impl.RoleInfo (RoleInfo.java:updateAndGet(143)) - 56396258-65a3-478c-9482-0be0199dd49c: start FollowerState
2019-09-25 05:06:36,880 [pool-87-thread-1] INFO  util.JmxRegister (JmxRegister.java:tryRegister(44)) - Successfully registered JMX Bean with object name Ratis:service=RaftServer,group=group-4F3116BF037B,id=56396258-65a3-478c-9482-0be0199dd49c
2019-09-25 05:06:36,881 [692224c4-5202-4921-98cc-04d5c60c79cc@group-C8AC12423563-SegmentedRaftLogWorker] ERROR segmented.SegmentedRaftLogWorker (SegmentedRaftLogWorker.java:run(323)) - 692224c4-5202-4921-98cc-04d5c60c79cc@group-C8AC12423563-SegmentedRaftLogWorker hit exception
java.lang.OutOfMemoryError: Direct buffer memory
	at java.nio.Bits.reserveMemory(Bits.java:666)
	at java.nio.DirectByteBuffer.<init>(DirectByteBuffer.java:123)
	at java.nio.ByteBuffer.allocateDirect(ByteBuffer.java:311)
	at org.apache.ratis.server.raftlog.segmented.BufferedWriteChannel.<init>(BufferedWriteChannel.java:41)
	at org.apache.ratis.server.raftlog.segmented.SegmentedRaftLogOutputStream.<init>(SegmentedRaftLogOutputStream.java:72)
	at org.apache.ratis.server.raftlog.segmented.SegmentedRaftLogWorker$StartLogSegment.execute(SegmentedRaftLogWorker.java:566)
	at org.apache.ratis.server.raftlog.segmented.SegmentedRaftLogWorker.run(SegmentedRaftLogWorker.java:289)
	at java.lang.Thread.run(Thread.java:748)
2019-09-25 05:06:36,881 [692224c4-5202-4921-98cc-04d5c60c79cc@group-C8AC12423563-SegmentedRaftLogWorker] INFO  impl.RaftServerImpl (RaftServerImpl.java:lambda$shutdown$3(251)) - 692224c4-5202-4921-98cc-04d5c60c79cc@group-C8AC12423563: shutdown
2019-09-25 05:06:36,882 [692224c4-5202-4921-98cc-04d5c60c79cc@group-C8AC12423563-SegmentedRaftLogWorker] INFO  util.JmxRegister (JmxRegister.java:unregister(73)) - Successfully un-registered JMX Bean with object name Ratis:service=RaftServer,group=group-C8AC12423563,id=692224c4-5202-4921-98cc-04d5c60c79cc
2019-09-25 05:06:36,882 [692224c4-5202-4921-98cc-04d5c60c79cc@group-C8AC12423563-SegmentedRaftLogWorker] INFO  impl.RoleInfo (RoleInfo.java:shutdownLeaderState(104)) - 692224c4-5202-4921-98cc-04d5c60c79cc: shutdown LeaderState
2019-09-25 05:06:36,882 [RatisPipelineUtilsThread] INFO  pipeline.PipelineStateManager (PipelineStateManager.java:addPipeline(56)) - Created pipeline Pipeline[ Id: 6e2df994-5dda-4f94-9dca-4f3116bf037b, Nodes: 56396258-65a3-478c-9482-0be0199dd49c{ip: 192.168.30.10, host: pr-hdds-1569-s62bp-3040748787, networkLocation: /default-rack, certSerialId: null}, Type:RATIS, Factor:ONE, State:OPEN]
2019-09-25 05:06:36,882 [692224c4-5202-4921-98cc-04d5c60c79cc@group-C8AC12423563-SegmentedRaftLogWorker] INFO  impl.PendingRequests (PendingRequests.java:sendNotLeaderResponses(202)) - 692224c4-5202-4921-98cc-04d5c60c79cc-PendingRequests: sendNotLeaderResponses
2019-09-25 05:06:36,883 [692224c4-5202-4921-98cc-04d5c60c79cc@group-C8AC12423563-SegmentedRaftLogWorker] INFO  impl.StateMachineUpdater (StateMachineUpdater.java:stopAndJoin(125)) - 692224c4-5202-4921-98cc-04d5c60c79cc@group-C8AC12423563-StateMachineUpdater: set stopIndex = -1
2019-09-25 05:06:36,883 [692224c4-5202-4921-98cc-04d5c60c79cc@group-C8AC12423563-SegmentedRaftLogWorker] INFO  impl.RaftServerImpl (ServerState.java:close(385)) - 692224c4-5202-4921-98cc-04d5c60c79cc@group-C8AC12423563: closes. applyIndex: -1
2019-09-25 05:06:36,883 [692224c4-5202-4921-98cc-04d5c60c79cc@group-C8AC12423563-SegmentedRaftLogWorker] INFO  segmented.SegmentedRaftLogWorker (SegmentedRaftLogWorker.java:close(228)) - 692224c4-5202-4921-98cc-04d5c60c79cc@group-C8AC12423563-SegmentedRaftLogWorker close()
2019-09-25 05:06:36,887 [grpc-default-executor-1] INFO  impl.RaftServerProxy (RaftServerProxy.java:addNew(89)) - c8798e02-7f0c-41f7-82c2-a17323bcf21e: addNew group-131819428EE7:[c8798e02-7f0c-41f7-82c2-a17323bcf21e:192.168.30.10:40603] returns group-131819428EE7:java.util.concurrent.CompletableFuture@7100a51e[Not completed]
2019-09-25 05:06:36,888 [pool-47-thread-1] INFO  impl.RaftServerImpl (RaftServerImpl.java:<init>(95)) - c8798e02-7f0c-41f7-82c2-a17323bcf21e: new RaftServerImpl for group-131819428EE7:[c8798e02-7f0c-41f7-82c2-a17323bcf21e:192.168.30.10:40603] with ContainerStateMachine:uninitialized
2019-09-25 05:06:36,888 [pool-47-thread-1] INFO  server.RaftServerConfigKeys (ConfUtils.java:logGet(43)) - raft.server.rpc.timeout.min = 5s (custom)
2019-09-25 05:06:36,888 [pool-47-thread-1] INFO  server.RaftServerConfigKeys (ConfUtils.java:logGet(43)) - raft.server.rpc.timeout.max = 5200ms (custom)
2019-09-25 05:06:36,888 [pool-47-thread-1] INFO  server.RaftServerConfigKeys (ConfUtils.java:logGet(43)) - raft.server.rpcslowness.timeout = 120s (custom)
2019-09-25 05:06:36,889 [pool-47-thread-1] INFO  server.RaftServerConfigKeys (ConfUtils.java:logGet(43)) - raft.server.sleep.deviation.threshold = 300 (default)
2019-09-25 05:06:36,889 [pool-47-thread-1] INFO  server.RaftServerConfigKeys (ConfUtils.java:logGet(43)) - raft.server.log.appender.install.snapshot.enabled = false (custom)
2019-09-25 05:06:36,889 [pool-47-thread-1] INFO  impl.RaftServerImpl (ServerState.java:<init>(103)) - c8798e02-7f0c-41f7-82c2-a17323bcf21e@group-131819428EE7: ConfigurationManager, init=-1: [c8798e02-7f0c-41f7-82c2-a17323bcf21e:192.168.30.10:40603], old=null, confs=<EMPTY_MAP>
2019-09-25 05:06:36,889 [pool-47-thread-1] INFO  server.RaftServerConfigKeys (ConfUtils.java:logGet(43)) - raft.server.storage.dir = [/workdir/hadoop-ozone/integration-test/target/test-dir/MiniOzoneClusterImpl-23306158-e895-4fc7-80df-ce6c264c388b/datanode-2/data/ratis] (custom)
2019-09-25 05:06:36,890 [pool-47-thread-1] INFO  storage.RaftStorageDirectory (RaftStorageDirectory.java:analyzeStorage(246)) - The storage directory /workdir/hadoop-ozone/integration-test/target/test-dir/MiniOzoneClusterImpl-23306158-e895-4fc7-80df-ce6c264c388b/datanode-2/data/ratis/ddea5d96-25d8-4bcf-871a-131819428ee7 does not exist. Creating ...
2019-09-25 05:06:36,903 [pool-47-thread-1] INFO  storage.RaftStorageDirectory (RaftStorageDirectory.java:tryLock(328)) - Lock on /workdir/hadoop-ozone/integration-test/target/test-dir/MiniOzoneClusterImpl-23306158-e895-4fc7-80df-ce6c264c388b/datanode-2/data/ratis/ddea5d96-25d8-4bcf-871a-131819428ee7/in_use.lock acquired by nodename 25526@pr-hdds-1569-s62bp-3040748787
2019-09-25 05:06:36,917 [pool-47-thread-1] INFO  storage.RaftStorage (RaftStorage.java:format(72)) - Storage directory /workdir/hadoop-ozone/integration-test/target/test-dir/MiniOzoneClusterImpl-23306158-e895-4fc7-80df-ce6c264c388b/datanode-2/data/ratis/ddea5d96-25d8-4bcf-871a-131819428ee7 has been successfully formatted.
2019-09-25 05:06:36,917 [pool-47-thread-1] INFO  ratis.ContainerStateMachine (ContainerStateMachine.java:loadSnapshot(230)) - group-131819428EE7: The snapshot info is null. Setting the last applied indexto:(t:0, i:~)
2019-09-25 05:06:36,918 [pool-47-thread-1] INFO  server.RaftServerConfigKeys (ConfUtils.java:logGet(43)) - raft.server.notification.no-leader.timeout = 120s (custom)
2019-09-25 05:06:36,918 [pool-47-thread-1] INFO  server.RaftServerConfigKeys (ConfUtils.java:logGet(43)) - raft.server.log.use.memory = false (default)
2019-09-25 05:06:36,918 [pool-47-thread-1] INFO  server.RaftServerConfigKeys (ConfUtils.java:logGet(43)) - raft.server.log.purge.gap = 1000000 (custom)
2019-09-25 05:06:36,918 [pool-47-thread-1] INFO  server.RaftServerConfigKeys (ConfUtils.java:logGet(43)) - raft.server.log.appender.buffer.byte-limit = 33554432 (custom)
2019-09-25 05:06:36,918 [pool-47-thread-1] INFO  server.RaftServerConfigKeys (ConfUtils.java:logGet(43)) - raft.server.log.segment.size.max = 1048576 (custom)
2019-09-25 05:06:36,918 [pool-47-thread-1] INFO  server.RaftServerConfigKeys (ConfUtils.java:logGet(43)) - raft.server.log.segment.cache.num.max = 2 (custom)
2019-09-25 05:06:36,918 [pool-47-thread-1] INFO  segmented.SegmentedRaftLogWorker (SegmentedRaftLogWorker.java:<init>(172)) - new c8798e02-7f0c-41f7-82c2-a17323bcf21e@group-131819428EE7-SegmentedRaftLogWorker for RaftStorage:Storage Directory /workdir/hadoop-ozone/integration-test/target/test-dir/MiniOzoneClusterImpl-23306158-e895-4fc7-80df-ce6c264c388b/datanode-2/data/ratis/ddea5d96-25d8-4bcf-871a-131819428ee7
2019-09-25 05:06:36,919 [pool-47-thread-1] INFO  server.RaftServerConfigKeys (ConfUtils.java:logGet(43)) - raft.server.log.queue.byte-limit = 2147483647 (custom)
2019-09-25 05:06:36,919 [pool-47-thread-1] INFO  server.RaftServerConfigKeys (ConfUtils.java:logGet(43)) - raft.server.log.queue.element-limit = 1024 (custom)
2019-09-25 05:06:36,919 [pool-47-thread-1] INFO  server.RaftServerConfigKeys (ConfUtils.java:logGet(43)) - raft.server.log.segment.size.max = 1048576 (custom)
2019-09-25 05:06:36,919 [pool-47-thread-1] INFO  server.RaftServerConfigKeys (ConfUtils.java:logGet(43)) - raft.server.log.preallocated.size = 16384 (custom)
2019-09-25 05:06:36,919 [pool-47-thread-1] INFO  server.RaftServerConfigKeys (ConfUtils.java:logGet(43)) - raft.server.log.write.buffer.size = 33554432 (custom)
2019-09-25 05:06:36,919 [pool-47-thread-1] INFO  server.RaftServerConfigKeys (ConfUtils.java:logGet(43)) - raft.server.log.force.sync.num = 128 (default)
2019-09-25 05:06:36,919 [pool-47-thread-1] INFO  server.RaftServerConfigKeys (ConfUtils.java:logGet(43)) - raft.server.log.statemachine.data.sync = true (default)
2019-09-25 05:06:36,920 [pool-47-thread-1] INFO  server.RaftServerConfigKeys (ConfUtils.java:logGet(43)) - raft.server.log.statemachine.data.sync.timeout = 10s (default)
2019-09-25 05:06:36,920 [pool-47-thread-1] INFO  server.RaftServerConfigKeys (ConfUtils.java:logGet(43)) - raft.server.log.statemachine.data.sync.timeout.retry = -1 (default)
2019-09-25 05:06:36,920 [pool-47-thread-1] INFO  server.RaftServerConfigKeys (ConfUtils.java:logGet(43)) - raft.server.log.statemachine.data.caching.enabled = true (custom)
2019-09-25 05:06:36,920 [pool-47-thread-1] INFO  segmented.SegmentedRaftLogWorker (SegmentedRaftLogWorker.java:lambda$new$0(132)) - c8798e02-7f0c-41f7-82c2-a17323bcf21e@group-131819428EE7-SegmentedRaftLogWorker: flushIndex: setUnconditionally 0 -> -1
2019-09-25 05:06:36,921 [pool-47-thread-1] INFO  server.RaftServerConfigKeys (ConfUtils.java:logGet(43)) - raft.server.snapshot.auto.trigger.enabled = true (custom)
2019-09-25 05:06:36,921 [pool-47-thread-1] INFO  server.RaftServerConfigKeys (ConfUtils.java:logGet(43)) - raft.server.snapshot.auto.trigger.threshold = 10000 (custom)
2019-09-25 05:06:36,921 [pool-47-thread-1] INFO  server.RaftServerConfigKeys (ConfUtils.java:logGet(43)) - raft.server.snapshot.retention.num.files = 5 (custom)
2019-09-25 05:06:36,921 [pool-47-thread-1] INFO  server.RaftServerConfigKeys (ConfUtils.java:logGet(43)) - raft.server.retrycache.expirytime = 600000ms (custom)
2019-09-25 05:06:36,923 [pool-47-thread-1] INFO  impl.RaftServerImpl (RaftServerImpl.java:start(185)) - c8798e02-7f0c-41f7-82c2-a17323bcf21e@group-131819428EE7: start as a follower, conf=-1: [c8798e02-7f0c-41f7-82c2-a17323bcf21e:192.168.30.10:40603], old=null
2019-09-25 05:06:36,923 [pool-47-thread-1] INFO  impl.RaftServerImpl (RaftServerImpl.java:setRole(174)) - c8798e02-7f0c-41f7-82c2-a17323bcf21e@group-131819428EE7: changes role from      null to FOLLOWER at term 0 for startAsFollower
2019-09-25 05:06:36,923 [pool-47-thread-1] INFO  impl.RoleInfo (RoleInfo.java:updateAndGet(143)) - c8798e02-7f0c-41f7-82c2-a17323bcf21e: start FollowerState
2019-09-25 05:06:36,924 [pool-47-thread-1] INFO  util.JmxRegister (JmxRegister.java:tryRegister(44)) - Successfully registered JMX Bean with object name Ratis:service=RaftServer,group=group-131819428EE7,id=c8798e02-7f0c-41f7-82c2-a17323bcf21e
2019-09-25 05:06:36,926 [RatisPipelineUtilsThread] INFO  pipeline.PipelineStateManager (PipelineStateManager.java:addPipeline(56)) - Created pipeline Pipeline[ Id: ddea5d96-25d8-4bcf-871a-131819428ee7, Nodes: c8798e02-7f0c-41f7-82c2-a17323bcf21e{ip: 192.168.30.10, host: pr-hdds-1569-s62bp-3040748787, networkLocation: /default-rack, certSerialId: null}, Type:RATIS, Factor:ONE, State:OPEN]
2019-09-25 05:06:36,931 [grpc-default-executor-1] INFO  impl.RaftServerProxy (RaftServerProxy.java:addNew(89)) - 36ac27b3-2f11-437d-8f1f-165306b0ff4a: addNew group-A2E6AEF067B1:[36ac27b3-2f11-437d-8f1f-165306b0ff4a:192.168.30.10:45265] returns group-A2E6AEF067B1:java.util.concurrent.CompletableFuture@42a9e4e6[Not completed]
2019-09-25 05:06:36,932 [pool-37-thread-1] INFO  impl.RaftServerImpl (RaftServerImpl.java:<init>(95)) - 36ac27b3-2f11-437d-8f1f-165306b0ff4a: new RaftServerImpl for group-A2E6AEF067B1:[36ac27b3-2f11-437d-8f1f-165306b0ff4a:192.168.30.10:45265] with ContainerStateMachine:uninitialized
2019-09-25 05:06:36,932 [pool-37-thread-1] INFO  server.RaftServerConfigKeys (ConfUtils.java:logGet(43)) - raft.server.rpc.timeout.min = 5s (custom)
2019-09-25 05:06:36,932 [pool-37-thread-1] INFO  server.RaftServerConfigKeys (ConfUtils.java:logGet(43)) - raft.server.rpc.timeout.max = 5200ms (custom)
2019-09-25 05:06:36,932 [pool-37-thread-1] INFO  server.RaftServerConfigKeys (ConfUtils.java:logGet(43)) - raft.server.rpcslowness.timeout = 120s (custom)
2019-09-25 05:06:36,933 [pool-37-thread-1] INFO  server.RaftServerConfigKeys (ConfUtils.java:logGet(43)) - raft.server.sleep.deviation.threshold = 300 (default)
2019-09-25 05:06:36,933 [pool-37-thread-1] INFO  server.RaftServerConfigKeys (ConfUtils.java:logGet(43)) - raft.server.log.appender.install.snapshot.enabled = false (custom)
2019-09-25 05:06:36,933 [pool-37-thread-1] INFO  impl.RaftServerImpl (ServerState.java:<init>(103)) - 36ac27b3-2f11-437d-8f1f-165306b0ff4a@group-A2E6AEF067B1: ConfigurationManager, init=-1: [36ac27b3-2f11-437d-8f1f-165306b0ff4a:192.168.30.10:45265], old=null, confs=<EMPTY_MAP>
2019-09-25 05:06:36,933 [pool-37-thread-1] INFO  server.RaftServerConfigKeys (ConfUtils.java:logGet(43)) - raft.server.storage.dir = [/workdir/hadoop-ozone/integration-test/target/test-dir/MiniOzoneClusterImpl-23306158-e895-4fc7-80df-ce6c264c388b/datanode-1/data/ratis] (custom)
2019-09-25 05:06:36,933 [pool-37-thread-1] INFO  storage.RaftStorageDirectory (RaftStorageDirectory.java:analyzeStorage(246)) - The storage directory /workdir/hadoop-ozone/integration-test/target/test-dir/MiniOzoneClusterImpl-23306158-e895-4fc7-80df-ce6c264c388b/datanode-1/data/ratis/786fdd0b-3ca5-4fd2-9596-a2e6aef067b1 does not exist. Creating ...
2019-09-25 05:06:36,947 [pool-37-thread-1] INFO  storage.RaftStorageDirectory (RaftStorageDirectory.java:tryLock(328)) - Lock on /workdir/hadoop-ozone/integration-test/target/test-dir/MiniOzoneClusterImpl-23306158-e895-4fc7-80df-ce6c264c388b/datanode-1/data/ratis/786fdd0b-3ca5-4fd2-9596-a2e6aef067b1/in_use.lock acquired by nodename 25526@pr-hdds-1569-s62bp-3040748787
2019-09-25 05:06:36,960 [pool-37-thread-1] INFO  storage.RaftStorage (RaftStorage.java:format(72)) - Storage directory /workdir/hadoop-ozone/integration-test/target/test-dir/MiniOzoneClusterImpl-23306158-e895-4fc7-80df-ce6c264c388b/datanode-1/data/ratis/786fdd0b-3ca5-4fd2-9596-a2e6aef067b1 has been successfully formatted.
2019-09-25 05:06:36,961 [pool-37-thread-1] INFO  ratis.ContainerStateMachine (ContainerStateMachine.java:loadSnapshot(230)) - group-A2E6AEF067B1: The snapshot info is null. Setting the last applied indexto:(t:0, i:~)
2019-09-25 05:06:36,961 [pool-37-thread-1] INFO  server.RaftServerConfigKeys (ConfUtils.java:logGet(43)) - raft.server.notification.no-leader.timeout = 120s (custom)
2019-09-25 05:06:36,961 [pool-37-thread-1] INFO  server.RaftServerConfigKeys (ConfUtils.java:logGet(43)) - raft.server.log.use.memory = false (default)
2019-09-25 05:06:36,961 [pool-37-thread-1] INFO  server.RaftServerConfigKeys (ConfUtils.java:logGet(43)) - raft.server.log.purge.gap = 1000000 (custom)
2019-09-25 05:06:36,961 [pool-37-thread-1] INFO  server.RaftServerConfigKeys (ConfUtils.java:logGet(43)) - raft.server.log.appender.buffer.byte-limit = 33554432 (custom)
2019-09-25 05:06:36,961 [pool-37-thread-1] INFO  server.RaftServerConfigKeys (ConfUtils.java:logGet(43)) - raft.server.log.segment.size.max = 1048576 (custom)
2019-09-25 05:06:36,962 [pool-37-thread-1] INFO  server.RaftServerConfigKeys (ConfUtils.java:logGet(43)) - raft.server.log.segment.cache.num.max = 2 (custom)
2019-09-25 05:06:36,962 [pool-37-thread-1] INFO  segmented.SegmentedRaftLogWorker (SegmentedRaftLogWorker.java:<init>(172)) - new 36ac27b3-2f11-437d-8f1f-165306b0ff4a@group-A2E6AEF067B1-SegmentedRaftLogWorker for RaftStorage:Storage Directory /workdir/hadoop-ozone/integration-test/target/test-dir/MiniOzoneClusterImpl-23306158-e895-4fc7-80df-ce6c264c388b/datanode-1/data/ratis/786fdd0b-3ca5-4fd2-9596-a2e6aef067b1
2019-09-25 05:06:36,962 [pool-37-thread-1] INFO  server.RaftServerConfigKeys (ConfUtils.java:logGet(43)) - raft.server.log.queue.byte-limit = 2147483647 (custom)
2019-09-25 05:06:36,962 [pool-37-thread-1] INFO  server.RaftServerConfigKeys (ConfUtils.java:logGet(43)) - raft.server.log.queue.element-limit = 1024 (custom)
2019-09-25 05:06:36,962 [pool-37-thread-1] INFO  server.RaftServerConfigKeys (ConfUtils.java:logGet(43)) - raft.server.log.segment.size.max = 1048576 (custom)
2019-09-25 05:06:36,962 [pool-37-thread-1] INFO  server.RaftServerConfigKeys (ConfUtils.java:logGet(43)) - raft.server.log.preallocated.size = 16384 (custom)
2019-09-25 05:06:36,962 [pool-37-thread-1] INFO  server.RaftServerConfigKeys (ConfUtils.java:logGet(43)) - raft.server.log.write.buffer.size = 33554432 (custom)
2019-09-25 05:06:36,963 [pool-37-thread-1] INFO  server.RaftServerConfigKeys (ConfUtils.java:logGet(43)) - raft.server.log.force.sync.num = 128 (default)
2019-09-25 05:06:36,963 [pool-37-thread-1] INFO  server.RaftServerConfigKeys (ConfUtils.java:logGet(43)) - raft.server.log.statemachine.data.sync = true (default)
2019-09-25 05:06:36,963 [pool-37-thread-1] INFO  server.RaftServerConfigKeys (ConfUtils.java:logGet(43)) - raft.server.log.statemachine.data.sync.timeout = 10s (default)
2019-09-25 05:06:36,963 [pool-37-thread-1] INFO  server.RaftServerConfigKeys (ConfUtils.java:logGet(43)) - raft.server.log.statemachine.data.sync.timeout.retry = -1 (default)
2019-09-25 05:06:36,963 [pool-37-thread-1] INFO  server.RaftServerConfigKeys (ConfUtils.java:logGet(43)) - raft.server.log.statemachine.data.caching.enabled = true (custom)
2019-09-25 05:06:36,963 [pool-37-thread-1] INFO  segmented.SegmentedRaftLogWorker (SegmentedRaftLogWorker.java:lambda$new$0(132)) - 36ac27b3-2f11-437d-8f1f-165306b0ff4a@group-A2E6AEF067B1-SegmentedRaftLogWorker: flushIndex: setUnconditionally 0 -> -1
2019-09-25 05:06:36,964 [pool-37-thread-1] INFO  server.RaftServerConfigKeys (ConfUtils.java:logGet(43)) - raft.server.snapshot.auto.trigger.enabled = true (custom)
2019-09-25 05:06:36,964 [pool-37-thread-1] INFO  server.RaftServerConfigKeys (ConfUtils.java:logGet(43)) - raft.server.snapshot.auto.trigger.threshold = 10000 (custom)
2019-09-25 05:06:36,964 [pool-37-thread-1] INFO  server.RaftServerConfigKeys (ConfUtils.java:logGet(43)) - raft.server.snapshot.retention.num.files = 5 (custom)
2019-09-25 05:06:36,964 [pool-37-thread-1] INFO  server.RaftServerConfigKeys (ConfUtils.java:logGet(43)) - raft.server.retrycache.expirytime = 600000ms (custom)
2019-09-25 05:06:36,966 [pool-37-thread-1] INFO  impl.RaftServerImpl (RaftServerImpl.java:start(185)) - 36ac27b3-2f11-437d-8f1f-165306b0ff4a@group-A2E6AEF067B1: start as a follower, conf=-1: [36ac27b3-2f11-437d-8f1f-165306b0ff4a:192.168.30.10:45265], old=null
2019-09-25 05:06:36,966 [pool-37-thread-1] INFO  impl.RaftServerImpl (RaftServerImpl.java:setRole(174)) - 36ac27b3-2f11-437d-8f1f-165306b0ff4a@group-A2E6AEF067B1: changes role from      null to FOLLOWER at term 0 for startAsFollower
2019-09-25 05:06:36,966 [pool-37-thread-1] INFO  impl.RoleInfo (RoleInfo.java:updateAndGet(143)) - 36ac27b3-2f11-437d-8f1f-165306b0ff4a: start FollowerState
2019-09-25 05:06:36,966 [pool-37-thread-1] INFO  util.JmxRegister (JmxRegister.java:tryRegister(44)) - Successfully registered JMX Bean with object name Ratis:service=RaftServer,group=group-A2E6AEF067B1,id=36ac27b3-2f11-437d-8f1f-165306b0ff4a
2019-09-25 05:06:36,969 [RatisPipelineUtilsThread] INFO  pipeline.PipelineStateManager (PipelineStateManager.java:addPipeline(56)) - Created pipeline Pipeline[ Id: 786fdd0b-3ca5-4fd2-9596-a2e6aef067b1, Nodes: 36ac27b3-2f11-437d-8f1f-165306b0ff4a{ip: 192.168.30.10, host: pr-hdds-1569-s62bp-3040748787, networkLocation: /default-rack, certSerialId: null}, Type:RATIS, Factor:ONE, State:OPEN]
2019-09-25 05:06:36,974 [grpc-default-executor-1] INFO  impl.RaftServerProxy (RaftServerProxy.java:addNew(89)) - de37f7a0-0375-40a9-a318-404478482fcb: addNew group-9599B14A66E7:[de37f7a0-0375-40a9-a318-404478482fcb:192.168.30.10:44522] returns group-9599B14A66E7:java.util.concurrent.CompletableFuture@5fad2fe4[Not completed]
2019-09-25 05:06:36,975 [pool-57-thread-1] INFO  impl.RaftServerImpl (RaftServerImpl.java:<init>(95)) - de37f7a0-0375-40a9-a318-404478482fcb: new RaftServerImpl for group-9599B14A66E7:[de37f7a0-0375-40a9-a318-404478482fcb:192.168.30.10:44522] with ContainerStateMachine:uninitialized
2019-09-25 05:06:36,976 [pool-57-thread-1] INFO  server.RaftServerConfigKeys (ConfUtils.java:logGet(43)) - raft.server.rpc.timeout.min = 5s (custom)
2019-09-25 05:06:36,976 [pool-57-thread-1] INFO  server.RaftServerConfigKeys (ConfUtils.java:logGet(43)) - raft.server.rpc.timeout.max = 5200ms (custom)
2019-09-25 05:06:36,976 [pool-57-thread-1] INFO  server.RaftServerConfigKeys (ConfUtils.java:logGet(43)) - raft.server.rpcslowness.timeout = 120s (custom)
2019-09-25 05:06:36,976 [pool-57-thread-1] INFO  server.RaftServerConfigKeys (ConfUtils.java:logGet(43)) - raft.server.sleep.deviation.threshold = 300 (default)
2019-09-25 05:06:36,977 [pool-57-thread-1] INFO  server.RaftServerConfigKeys (ConfUtils.java:logGet(43)) - raft.server.log.appender.install.snapshot.enabled = false (custom)
2019-09-25 05:06:36,977 [pool-57-thread-1] INFO  impl.RaftServerImpl (ServerState.java:<init>(103)) - de37f7a0-0375-40a9-a318-404478482fcb@group-9599B14A66E7: ConfigurationManager, init=-1: [de37f7a0-0375-40a9-a318-404478482fcb:192.168.30.10:44522], old=null, confs=<EMPTY_MAP>
2019-09-25 05:06:36,977 [pool-57-thread-1] INFO  server.RaftServerConfigKeys (ConfUtils.java:logGet(43)) - raft.server.storage.dir = [/workdir/hadoop-ozone/integration-test/target/test-dir/MiniOzoneClusterImpl-23306158-e895-4fc7-80df-ce6c264c388b/datanode-3/data/ratis] (custom)
2019-09-25 05:06:36,978 [pool-57-thread-1] INFO  storage.RaftStorageDirectory (RaftStorageDirectory.java:analyzeStorage(246)) - The storage directory /workdir/hadoop-ozone/integration-test/target/test-dir/MiniOzoneClusterImpl-23306158-e895-4fc7-80df-ce6c264c388b/datanode-3/data/ratis/4f15ff2d-611d-41e4-b362-9599b14a66e7 does not exist. Creating ...
2019-09-25 05:06:36,978 [56396258-65a3-478c-9482-0be0199dd49c@group-2D2A6A1AC4E2-SegmentedRaftLogWorker] ERROR segmented.SegmentedRaftLogWorker (SegmentedRaftLogWorker.java:run(323)) - 56396258-65a3-478c-9482-0be0199dd49c@group-2D2A6A1AC4E2-SegmentedRaftLogWorker hit exception
java.lang.OutOfMemoryError: Direct buffer memory
	at java.nio.Bits.reserveMemory(Bits.java:666)
	at java.nio.DirectByteBuffer.<init>(DirectByteBuffer.java:123)
	at java.nio.ByteBuffer.allocateDirect(ByteBuffer.java:311)
	at org.apache.ratis.server.raftlog.segmented.BufferedWriteChannel.<init>(BufferedWriteChannel.java:41)
	at org.apache.ratis.server.raftlog.segmented.SegmentedRaftLogOutputStream.<init>(SegmentedRaftLogOutputStream.java:72)
	at org.apache.ratis.server.raftlog.segmented.SegmentedRaftLogWorker$StartLogSegment.execute(SegmentedRaftLogWorker.java:566)
	at org.apache.ratis.server.raftlog.segmented.SegmentedRaftLogWorker.run(SegmentedRaftLogWorker.java:289)
	at java.lang.Thread.run(Thread.java:748)
2019-09-25 05:06:36,979 [56396258-65a3-478c-9482-0be0199dd49c@group-2D2A6A1AC4E2-SegmentedRaftLogWorker] INFO  impl.RaftServerImpl (RaftServerImpl.java:lambda$shutdown$3(251)) - 56396258-65a3-478c-9482-0be0199dd49c@group-2D2A6A1AC4E2: shutdown
2019-09-25 05:06:36,979 [56396258-65a3-478c-9482-0be0199dd49c@group-2D2A6A1AC4E2-SegmentedRaftLogWorker] INFO  util.JmxRegister (JmxRegister.java:unregister(73)) - Successfully un-registered JMX Bean with object name Ratis:service=RaftServer,group=group-2D2A6A1AC4E2,id=56396258-65a3-478c-9482-0be0199dd49c
2019-09-25 05:06:36,979 [56396258-65a3-478c-9482-0be0199dd49c@group-2D2A6A1AC4E2-SegmentedRaftLogWorker] INFO  impl.RoleInfo (RoleInfo.java:shutdownLeaderState(104)) - 56396258-65a3-478c-9482-0be0199dd49c: shutdown LeaderState
2019-09-25 05:06:36,979 [56396258-65a3-478c-9482-0be0199dd49c@group-2D2A6A1AC4E2-SegmentedRaftLogWorker] INFO  impl.PendingRequests (PendingRequests.java:sendNotLeaderResponses(202)) - 56396258-65a3-478c-9482-0be0199dd49c-PendingRequests: sendNotLeaderResponses
2019-09-25 05:06:36,979 [56396258-65a3-478c-9482-0be0199dd49c@group-2D2A6A1AC4E2-SegmentedRaftLogWorker] INFO  impl.StateMachineUpdater (StateMachineUpdater.java:stopAndJoin(125)) - 56396258-65a3-478c-9482-0be0199dd49c@group-2D2A6A1AC4E2-StateMachineUpdater: set stopIndex = -1
2019-09-25 05:06:36,980 [56396258-65a3-478c-9482-0be0199dd49c@group-2D2A6A1AC4E2-SegmentedRaftLogWorker] INFO  impl.RaftServerImpl (ServerState.java:close(385)) - 56396258-65a3-478c-9482-0be0199dd49c@group-2D2A6A1AC4E2: closes. applyIndex: -1
2019-09-25 05:06:36,980 [56396258-65a3-478c-9482-0be0199dd49c@group-2D2A6A1AC4E2-SegmentedRaftLogWorker] INFO  segmented.SegmentedRaftLogWorker (SegmentedRaftLogWorker.java:close(228)) - 56396258-65a3-478c-9482-0be0199dd49c@group-2D2A6A1AC4E2-SegmentedRaftLogWorker close()
2019-09-25 05:06:36,991 [pool-57-thread-1] INFO  storage.RaftStorageDirectory (RaftStorageDirectory.java:tryLock(328)) - Lock on /workdir/hadoop-ozone/integration-test/target/test-dir/MiniOzoneClusterImpl-23306158-e895-4fc7-80df-ce6c264c388b/datanode-3/data/ratis/4f15ff2d-611d-41e4-b362-9599b14a66e7/in_use.lock acquired by nodename 25526@pr-hdds-1569-s62bp-3040748787
2019-09-25 05:06:37,001 [b4fa7d23-6606-45fd-9544-2b08ca3fa933@group-0EE8D742F083-SegmentedRaftLogWorker] ERROR segmented.SegmentedRaftLogWorker (SegmentedRaftLogWorker.java:run(323)) - b4fa7d23-6606-45fd-9544-2b08ca3fa933@group-0EE8D742F083-SegmentedRaftLogWorker hit exception
java.lang.OutOfMemoryError: Direct buffer memory
	at java.nio.Bits.reserveMemory(Bits.java:666)
	at java.nio.DirectByteBuffer.<init>(DirectByteBuffer.java:123)
	at java.nio.ByteBuffer.allocateDirect(ByteBuffer.java:311)
	at org.apache.ratis.server.raftlog.segmented.BufferedWriteChannel.<init>(BufferedWriteChannel.java:41)
	at org.apache.ratis.server.raftlog.segmented.SegmentedRaftLogOutputStream.<init>(SegmentedRaftLogOutputStream.java:72)
	at org.apache.ratis.server.raftlog.segmented.SegmentedRaftLogWorker$StartLogSegment.execute(SegmentedRaftLogWorker.java:566)
	at org.apache.ratis.server.raftlog.segmented.SegmentedRaftLogWorker.run(SegmentedRaftLogWorker.java:289)
	at java.lang.Thread.run(Thread.java:748)
2019-09-25 05:06:37,001 [b4fa7d23-6606-45fd-9544-2b08ca3fa933@group-0EE8D742F083-SegmentedRaftLogWorker] INFO  impl.RaftServerImpl (RaftServerImpl.java:lambda$shutdown$3(251)) - b4fa7d23-6606-45fd-9544-2b08ca3fa933@group-0EE8D742F083: shutdown
2019-09-25 05:06:37,001 [b4fa7d23-6606-45fd-9544-2b08ca3fa933@group-0EE8D742F083-SegmentedRaftLogWorker] INFO  util.JmxRegister (JmxRegister.java:unregister(73)) - Successfully un-registered JMX Bean with object name Ratis:service=RaftServer,group=group-0EE8D742F083,id=b4fa7d23-6606-45fd-9544-2b08ca3fa933
2019-09-25 05:06:37,001 [b4fa7d23-6606-45fd-9544-2b08ca3fa933@group-0EE8D742F083-SegmentedRaftLogWorker] INFO  impl.RoleInfo (RoleInfo.java:shutdownLeaderState(104)) - b4fa7d23-6606-45fd-9544-2b08ca3fa933: shutdown LeaderState
2019-09-25 05:06:37,002 [b4fa7d23-6606-45fd-9544-2b08ca3fa933@group-0EE8D742F083-SegmentedRaftLogWorker] INFO  impl.PendingRequests (PendingRequests.java:sendNotLeaderResponses(202)) - b4fa7d23-6606-45fd-9544-2b08ca3fa933-PendingRequests: sendNotLeaderResponses
2019-09-25 05:06:37,002 [b4fa7d23-6606-45fd-9544-2b08ca3fa933@group-0EE8D742F083-SegmentedRaftLogWorker] INFO  impl.StateMachineUpdater (StateMachineUpdater.java:stopAndJoin(125)) - b4fa7d23-6606-45fd-9544-2b08ca3fa933@group-0EE8D742F083-StateMachineUpdater: set stopIndex = -1
2019-09-25 05:06:37,002 [b4fa7d23-6606-45fd-9544-2b08ca3fa933@group-0EE8D742F083-SegmentedRaftLogWorker] INFO  impl.RaftServerImpl (ServerState.java:close(385)) - b4fa7d23-6606-45fd-9544-2b08ca3fa933@group-0EE8D742F083: closes. applyIndex: -1
2019-09-25 05:06:37,002 [b4fa7d23-6606-45fd-9544-2b08ca3fa933@group-0EE8D742F083-SegmentedRaftLogWorker] INFO  segmented.SegmentedRaftLogWorker (SegmentedRaftLogWorker.java:close(228)) - b4fa7d23-6606-45fd-9544-2b08ca3fa933@group-0EE8D742F083-SegmentedRaftLogWorker close()
2019-09-25 05:06:37,003 [692224c4-5202-4921-98cc-04d5c60c79cc@group-7A27D85A9D2A-SegmentedRaftLogWorker] ERROR segmented.SegmentedRaftLogWorker (SegmentedRaftLogWorker.java:run(323)) - 692224c4-5202-4921-98cc-04d5c60c79cc@group-7A27D85A9D2A-SegmentedRaftLogWorker hit exception
java.lang.OutOfMemoryError: Direct buffer memory
	at java.nio.Bits.reserveMemory(Bits.java:666)
	at java.nio.DirectByteBuffer.<init>(DirectByteBuffer.java:123)
	at java.nio.ByteBuffer.allocateDirect(ByteBuffer.java:311)
	at org.apache.ratis.server.raftlog.segmented.BufferedWriteChannel.<init>(BufferedWriteChannel.java:41)
	at org.apache.ratis.server.raftlog.segmented.SegmentedRaftLogOutputStream.<init>(SegmentedRaftLogOutputStream.java:72)
	at org.apache.ratis.server.raftlog.segmented.SegmentedRaftLogWorker$StartLogSegment.execute(SegmentedRaftLogWorker.java:566)
	at org.apache.ratis.server.raftlog.segmented.SegmentedRaftLogWorker.run(SegmentedRaftLogWorker.java:289)
	at java.lang.Thread.run(Thread.java:748)
2019-09-25 05:06:37,003 [36ac27b3-2f11-437d-8f1f-165306b0ff4a@group-40FA5C7FE322-SegmentedRaftLogWorker] ERROR segmented.SegmentedRaftLogWorker (SegmentedRaftLogWorker.java:run(323)) - 36ac27b3-2f11-437d-8f1f-165306b0ff4a@group-40FA5C7FE322-SegmentedRaftLogWorker hit exception
java.lang.OutOfMemoryError: Direct buffer memory
	at java.nio.Bits.reserveMemory(Bits.java:666)
	at java.nio.DirectByteBuffer.<init>(DirectByteBuffer.java:123)
	at java.nio.ByteBuffer.allocateDirect(ByteBuffer.java:311)
	at org.apache.ratis.server.raftlog.segmented.BufferedWriteChannel.<init>(BufferedWriteChannel.java:41)
	at org.apache.ratis.server.raftlog.segmented.SegmentedRaftLogOutputStream.<init>(SegmentedRaftLogOutputStream.java:72)
	at org.apache.ratis.server.raftlog.segmented.SegmentedRaftLogWorker$StartLogSegment.execute(SegmentedRaftLogWorker.java:566)
	at org.apache.ratis.server.raftlog.segmented.SegmentedRaftLogWorker.run(SegmentedRaftLogWorker.java:289)
	at java.lang.Thread.run(Thread.java:748)
2019-09-25 05:06:37,003 [692224c4-5202-4921-98cc-04d5c60c79cc@group-7A27D85A9D2A-SegmentedRaftLogWorker] INFO  impl.RaftServerImpl (RaftServerImpl.java:lambda$shutdown$3(251)) - 692224c4-5202-4921-98cc-04d5c60c79cc@group-7A27D85A9D2A: shutdown
2019-09-25 05:06:37,003 [36ac27b3-2f11-437d-8f1f-165306b0ff4a@group-40FA5C7FE322-SegmentedRaftLogWorker] INFO  impl.RaftServerImpl (RaftServerImpl.java:lambda$shutdown$3(251)) - 36ac27b3-2f11-437d-8f1f-165306b0ff4a@group-40FA5C7FE322: shutdown
2019-09-25 05:06:37,003 [692224c4-5202-4921-98cc-04d5c60c79cc@group-7A27D85A9D2A-SegmentedRaftLogWorker] INFO  util.JmxRegister (JmxRegister.java:unregister(73)) - Successfully un-registered JMX Bean with object name Ratis:service=RaftServer,group=group-7A27D85A9D2A,id=692224c4-5202-4921-98cc-04d5c60c79cc
2019-09-25 05:06:37,004 [36ac27b3-2f11-437d-8f1f-165306b0ff4a@group-40FA5C7FE322-SegmentedRaftLogWorker] INFO  util.JmxRegister (JmxRegister.java:unregister(73)) - Successfully un-registered JMX Bean with object name Ratis:service=RaftServer,group=group-40FA5C7FE322,id=36ac27b3-2f11-437d-8f1f-165306b0ff4a
2019-09-25 05:06:37,004 [692224c4-5202-4921-98cc-04d5c60c79cc@group-7A27D85A9D2A-SegmentedRaftLogWorker] INFO  impl.RoleInfo (RoleInfo.java:shutdownLeaderState(104)) - 692224c4-5202-4921-98cc-04d5c60c79cc: shutdown LeaderState
2019-09-25 05:06:37,004 [36ac27b3-2f11-437d-8f1f-165306b0ff4a@group-40FA5C7FE322-SegmentedRaftLogWorker] INFO  impl.RoleInfo (RoleInfo.java:shutdownLeaderState(104)) - 36ac27b3-2f11-437d-8f1f-165306b0ff4a: shutdown LeaderState
2019-09-25 05:06:37,004 [692224c4-5202-4921-98cc-04d5c60c79cc@group-7A27D85A9D2A-SegmentedRaftLogWorker] INFO  impl.PendingRequests (PendingRequests.java:sendNotLeaderResponses(202)) - 692224c4-5202-4921-98cc-04d5c60c79cc-PendingRequests: sendNotLeaderResponses
2019-09-25 05:06:37,004 [36ac27b3-2f11-437d-8f1f-165306b0ff4a@group-40FA5C7FE322-SegmentedRaftLogWorker] INFO  impl.PendingRequests (PendingRequests.java:sendNotLeaderResponses(202)) - 36ac27b3-2f11-437d-8f1f-165306b0ff4a-PendingRequests: sendNotLeaderResponses
2019-09-25 05:06:37,004 [692224c4-5202-4921-98cc-04d5c60c79cc@group-7A27D85A9D2A-SegmentedRaftLogWorker] INFO  impl.StateMachineUpdater (StateMachineUpdater.java:stopAndJoin(125)) - 692224c4-5202-4921-98cc-04d5c60c79cc@group-7A27D85A9D2A-StateMachineUpdater: set stopIndex = -1
2019-09-25 05:06:37,005 [pool-57-thread-1] INFO  storage.RaftStorage (RaftStorage.java:format(72)) - Storage directory /workdir/hadoop-ozone/integration-test/target/test-dir/MiniOzoneClusterImpl-23306158-e895-4fc7-80df-ce6c264c388b/datanode-3/data/ratis/4f15ff2d-611d-41e4-b362-9599b14a66e7 has been successfully formatted.
2019-09-25 05:06:37,004 [36ac27b3-2f11-437d-8f1f-165306b0ff4a@group-40FA5C7FE322-SegmentedRaftLogWorker] INFO  impl.StateMachineUpdater (StateMachineUpdater.java:stopAndJoin(125)) - 36ac27b3-2f11-437d-8f1f-165306b0ff4a@group-40FA5C7FE322-StateMachineUpdater: set stopIndex = -1
2019-09-25 05:06:37,005 [pool-57-thread-1] INFO  ratis.ContainerStateMachine (ContainerStateMachine.java:loadSnapshot(230)) - group-9599B14A66E7: The snapshot info is null. Setting the last applied indexto:(t:0, i:~)
2019-09-25 05:06:37,005 [692224c4-5202-4921-98cc-04d5c60c79cc@group-7A27D85A9D2A-SegmentedRaftLogWorker] INFO  impl.RaftServerImpl (ServerState.java:close(385)) - 692224c4-5202-4921-98cc-04d5c60c79cc@group-7A27D85A9D2A: closes. applyIndex: -1
2019-09-25 05:06:37,005 [pool-57-thread-1] INFO  server.RaftServerConfigKeys (ConfUtils.java:logGet(43)) - raft.server.notification.no-leader.timeout = 120s (custom)
2019-09-25 05:06:37,005 [36ac27b3-2f11-437d-8f1f-165306b0ff4a@group-40FA5C7FE322-SegmentedRaftLogWorker] INFO  impl.RaftServerImpl (ServerState.java:close(385)) - 36ac27b3-2f11-437d-8f1f-165306b0ff4a@group-40FA5C7FE322: closes. applyIndex: -1
2019-09-25 05:06:37,005 [pool-57-thread-1] INFO  server.RaftServerConfigKeys (ConfUtils.java:logGet(43)) - raft.server.log.use.memory = false (default)
2019-09-25 05:06:37,005 [692224c4-5202-4921-98cc-04d5c60c79cc@group-7A27D85A9D2A-SegmentedRaftLogWorker] INFO  segmented.SegmentedRaftLogWorker (SegmentedRaftLogWorker.java:close(228)) - 692224c4-5202-4921-98cc-04d5c60c79cc@group-7A27D85A9D2A-SegmentedRaftLogWorker close()
2019-09-25 05:06:37,006 [36ac27b3-2f11-437d-8f1f-165306b0ff4a@group-40FA5C7FE322-SegmentedRaftLogWorker] INFO  segmented.SegmentedRaftLogWorker (SegmentedRaftLogWorker.java:close(228)) - 36ac27b3-2f11-437d-8f1f-165306b0ff4a@group-40FA5C7FE322-SegmentedRaftLogWorker close()
2019-09-25 05:06:37,006 [pool-57-thread-1] INFO  server.RaftServerConfigKeys (ConfUtils.java:logGet(43)) - raft.server.log.purge.gap = 1000000 (custom)
2019-09-25 05:06:37,006 [pool-57-thread-1] INFO  server.RaftServerConfigKeys (ConfUtils.java:logGet(43)) - raft.server.log.appender.buffer.byte-limit = 33554432 (custom)
2019-09-25 05:06:37,006 [pool-57-thread-1] INFO  server.RaftServerConfigKeys (ConfUtils.java:logGet(43)) - raft.server.log.segment.size.max = 1048576 (custom)
2019-09-25 05:06:37,006 [pool-57-thread-1] INFO  server.RaftServerConfigKeys (ConfUtils.java:logGet(43)) - raft.server.log.segment.cache.num.max = 2 (custom)
2019-09-25 05:06:37,006 [pool-57-thread-1] INFO  segmented.SegmentedRaftLogWorker (SegmentedRaftLogWorker.java:<init>(172)) - new de37f7a0-0375-40a9-a318-404478482fcb@group-9599B14A66E7-SegmentedRaftLogWorker for RaftStorage:Storage Directory /workdir/hadoop-ozone/integration-test/target/test-dir/MiniOzoneClusterImpl-23306158-e895-4fc7-80df-ce6c264c388b/datanode-3/data/ratis/4f15ff2d-611d-41e4-b362-9599b14a66e7
2019-09-25 05:06:37,007 [pool-57-thread-1] INFO  server.RaftServerConfigKeys (ConfUtils.java:logGet(43)) - raft.server.log.queue.byte-limit = 2147483647 (custom)
2019-09-25 05:06:37,007 [pool-57-thread-1] INFO  server.RaftServerConfigKeys (ConfUtils.java:logGet(43)) - raft.server.log.queue.element-limit = 1024 (custom)
2019-09-25 05:06:37,007 [pool-57-thread-1] INFO  server.RaftServerConfigKeys (ConfUtils.java:logGet(43)) - raft.server.log.segment.size.max = 1048576 (custom)
2019-09-25 05:06:37,007 [pool-57-thread-1] INFO  server.RaftServerConfigKeys (ConfUtils.java:logGet(43)) - raft.server.log.preallocated.size = 16384 (custom)
2019-09-25 05:06:37,007 [pool-57-thread-1] INFO  server.RaftServerConfigKeys (ConfUtils.java:logGet(43)) - raft.server.log.write.buffer.size = 33554432 (custom)
2019-09-25 05:06:37,007 [pool-57-thread-1] INFO  server.RaftServerConfigKeys (ConfUtils.java:logGet(43)) - raft.server.log.force.sync.num = 128 (default)
2019-09-25 05:06:37,007 [pool-57-thread-1] INFO  server.RaftServerConfigKeys (ConfUtils.java:logGet(43)) - raft.server.log.statemachine.data.sync = true (default)
2019-09-25 05:06:37,008 [pool-57-thread-1] INFO  server.RaftServerConfigKeys (ConfUtils.java:logGet(43)) - raft.server.log.statemachine.data.sync.timeout = 10s (default)
2019-09-25 05:06:37,008 [pool-57-thread-1] INFO  server.RaftServerConfigKeys (ConfUtils.java:logGet(43)) - raft.server.log.statemachine.data.sync.timeout.retry = -1 (default)
2019-09-25 05:06:37,008 [pool-57-thread-1] INFO  server.RaftServerConfigKeys (ConfUtils.java:logGet(43)) - raft.server.log.statemachine.data.caching.enabled = true (custom)
2019-09-25 05:06:37,008 [pool-57-thread-1] INFO  segmented.SegmentedRaftLogWorker (SegmentedRaftLogWorker.java:lambda$new$0(132)) - de37f7a0-0375-40a9-a318-404478482fcb@group-9599B14A66E7-SegmentedRaftLogWorker: flushIndex: setUnconditionally 0 -> -1
2019-09-25 05:06:37,008 [pool-57-thread-1] INFO  server.RaftServerConfigKeys (ConfUtils.java:logGet(43)) - raft.server.snapshot.auto.trigger.enabled = true (custom)
2019-09-25 05:06:37,009 [pool-57-thread-1] INFO  server.RaftServerConfigKeys (ConfUtils.java:logGet(43)) - raft.server.snapshot.auto.trigger.threshold = 10000 (custom)
2019-09-25 05:06:37,009 [pool-57-thread-1] INFO  server.RaftServerConfigKeys (ConfUtils.java:logGet(43)) - raft.server.snapshot.retention.num.files = 5 (custom)
2019-09-25 05:06:37,009 [pool-57-thread-1] INFO  server.RaftServerConfigKeys (ConfUtils.java:logGet(43)) - raft.server.retrycache.expirytime = 600000ms (custom)
2019-09-25 05:06:37,010 [pool-57-thread-1] INFO  impl.RaftServerImpl (RaftServerImpl.java:start(185)) - de37f7a0-0375-40a9-a318-404478482fcb@group-9599B14A66E7: start as a follower, conf=-1: [de37f7a0-0375-40a9-a318-404478482fcb:192.168.30.10:44522], old=null
2019-09-25 05:06:37,011 [pool-57-thread-1] INFO  impl.RaftServerImpl (RaftServerImpl.java:setRole(174)) - de37f7a0-0375-40a9-a318-404478482fcb@group-9599B14A66E7: changes role from      null to FOLLOWER at term 0 for startAsFollower
2019-09-25 05:06:37,011 [pool-57-thread-1] INFO  impl.RoleInfo (RoleInfo.java:updateAndGet(143)) - de37f7a0-0375-40a9-a318-404478482fcb: start FollowerState
2019-09-25 05:06:37,011 [pool-57-thread-1] INFO  util.JmxRegister (JmxRegister.java:tryRegister(44)) - Successfully registered JMX Bean with object name Ratis:service=RaftServer,group=group-9599B14A66E7,id=de37f7a0-0375-40a9-a318-404478482fcb
2019-09-25 05:06:37,014 [RatisPipelineUtilsThread] INFO  pipeline.PipelineStateManager (PipelineStateManager.java:addPipeline(56)) - Created pipeline Pipeline[ Id: 4f15ff2d-611d-41e4-b362-9599b14a66e7, Nodes: de37f7a0-0375-40a9-a318-404478482fcb{ip: 192.168.30.10, host: pr-hdds-1569-s62bp-3040748787, networkLocation: /default-rack, certSerialId: null}, Type:RATIS, Factor:ONE, State:OPEN]
2019-09-25 05:06:37,019 [grpc-default-executor-1] INFO  impl.RaftServerProxy (RaftServerProxy.java:addNew(89)) - de37f7a0-0375-40a9-a318-404478482fcb: addNew group-63B93C010E28:[de37f7a0-0375-40a9-a318-404478482fcb:192.168.30.10:44522] returns group-63B93C010E28:java.util.concurrent.CompletableFuture@1dd7fc63[Not completed]
2019-09-25 05:06:37,020 [pool-57-thread-1] INFO  impl.RaftServerImpl (RaftServerImpl.java:<init>(95)) - de37f7a0-0375-40a9-a318-404478482fcb: new RaftServerImpl for group-63B93C010E28:[de37f7a0-0375-40a9-a318-404478482fcb:192.168.30.10:44522] with ContainerStateMachine:uninitialized
2019-09-25 05:06:37,020 [pool-57-thread-1] INFO  server.RaftServerConfigKeys (ConfUtils.java:logGet(43)) - raft.server.rpc.timeout.min = 5s (custom)
2019-09-25 05:06:37,020 [pool-57-thread-1] INFO  server.RaftServerConfigKeys (ConfUtils.java:logGet(43)) - raft.server.rpc.timeout.max = 5200ms (custom)
2019-09-25 05:06:37,020 [pool-57-thread-1] INFO  server.RaftServerConfigKeys (ConfUtils.java:logGet(43)) - raft.server.rpcslowness.timeout = 120s (custom)
2019-09-25 05:06:37,020 [pool-57-thread-1] INFO  server.RaftServerConfigKeys (ConfUtils.java:logGet(43)) - raft.server.sleep.deviation.threshold = 300 (default)
2019-09-25 05:06:37,020 [pool-57-thread-1] INFO  server.RaftServerConfigKeys (ConfUtils.java:logGet(43)) - raft.server.log.appender.install.snapshot.enabled = false (custom)
2019-09-25 05:06:37,020 [pool-57-thread-1] INFO  impl.RaftServerImpl (ServerState.java:<init>(103)) - de37f7a0-0375-40a9-a318-404478482fcb@group-63B93C010E28: ConfigurationManager, init=-1: [de37f7a0-0375-40a9-a318-404478482fcb:192.168.30.10:44522], old=null, confs=<EMPTY_MAP>
2019-09-25 05:06:37,021 [pool-57-thread-1] INFO  server.RaftServerConfigKeys (ConfUtils.java:logGet(43)) - raft.server.storage.dir = [/workdir/hadoop-ozone/integration-test/target/test-dir/MiniOzoneClusterImpl-23306158-e895-4fc7-80df-ce6c264c388b/datanode-3/data/ratis] (custom)
2019-09-25 05:06:37,021 [pool-57-thread-1] INFO  storage.RaftStorageDirectory (RaftStorageDirectory.java:analyzeStorage(246)) - The storage directory /workdir/hadoop-ozone/integration-test/target/test-dir/MiniOzoneClusterImpl-23306158-e895-4fc7-80df-ce6c264c388b/datanode-3/data/ratis/52077593-5ce4-400f-b911-63b93c010e28 does not exist. Creating ...
2019-09-25 05:06:37,034 [pool-57-thread-1] INFO  storage.RaftStorageDirectory (RaftStorageDirectory.java:tryLock(328)) - Lock on /workdir/hadoop-ozone/integration-test/target/test-dir/MiniOzoneClusterImpl-23306158-e895-4fc7-80df-ce6c264c388b/datanode-3/data/ratis/52077593-5ce4-400f-b911-63b93c010e28/in_use.lock acquired by nodename 25526@pr-hdds-1569-s62bp-3040748787
2019-09-25 05:06:37,047 [pool-57-thread-1] INFO  storage.RaftStorage (RaftStorage.java:format(72)) - Storage directory /workdir/hadoop-ozone/integration-test/target/test-dir/MiniOzoneClusterImpl-23306158-e895-4fc7-80df-ce6c264c388b/datanode-3/data/ratis/52077593-5ce4-400f-b911-63b93c010e28 has been successfully formatted.
2019-09-25 05:06:37,048 [pool-57-thread-1] INFO  ratis.ContainerStateMachine (ContainerStateMachine.java:loadSnapshot(230)) - group-63B93C010E28: The snapshot info is null. Setting the last applied indexto:(t:0, i:~)
2019-09-25 05:06:37,048 [pool-57-thread-1] INFO  server.RaftServerConfigKeys (ConfUtils.java:logGet(43)) - raft.server.notification.no-leader.timeout = 120s (custom)
2019-09-25 05:06:37,048 [pool-57-thread-1] INFO  server.RaftServerConfigKeys (ConfUtils.java:logGet(43)) - raft.server.log.use.memory = false (default)
2019-09-25 05:06:37,048 [pool-57-thread-1] INFO  server.RaftServerConfigKeys (ConfUtils.java:logGet(43)) - raft.server.log.purge.gap = 1000000 (custom)
2019-09-25 05:06:37,048 [pool-57-thread-1] INFO  server.RaftServerConfigKeys (ConfUtils.java:logGet(43)) - raft.server.log.appender.buffer.byte-limit = 33554432 (custom)
2019-09-25 05:06:37,048 [pool-57-thread-1] INFO  server.RaftServerConfigKeys (ConfUtils.java:logGet(43)) - raft.server.log.segment.size.max = 1048576 (custom)
2019-09-25 05:06:37,048 [pool-57-thread-1] INFO  server.RaftServerConfigKeys (ConfUtils.java:logGet(43)) - raft.server.log.segment.cache.num.max = 2 (custom)
2019-09-25 05:06:37,049 [pool-57-thread-1] INFO  segmented.SegmentedRaftLogWorker (SegmentedRaftLogWorker.java:<init>(172)) - new de37f7a0-0375-40a9-a318-404478482fcb@group-63B93C010E28-SegmentedRaftLogWorker for RaftStorage:Storage Directory /workdir/hadoop-ozone/integration-test/target/test-dir/MiniOzoneClusterImpl-23306158-e895-4fc7-80df-ce6c264c388b/datanode-3/data/ratis/52077593-5ce4-400f-b911-63b93c010e28
2019-09-25 05:06:37,049 [pool-57-thread-1] INFO  server.RaftServerConfigKeys (ConfUtils.java:logGet(43)) - raft.server.log.queue.byte-limit = 2147483647 (custom)
2019-09-25 05:06:37,049 [pool-57-thread-1] INFO  server.RaftServerConfigKeys (ConfUtils.java:logGet(43)) - raft.server.log.queue.element-limit = 1024 (custom)
2019-09-25 05:06:37,049 [pool-57-thread-1] INFO  server.RaftServerConfigKeys (ConfUtils.java:logGet(43)) - raft.server.log.segment.size.max = 1048576 (custom)
2019-09-25 05:06:37,049 [pool-57-thread-1] INFO  server.RaftServerConfigKeys (ConfUtils.java:logGet(43)) - raft.server.log.preallocated.size = 16384 (custom)
2019-09-25 05:06:37,049 [pool-57-thread-1] INFO  server.RaftServerConfigKeys (ConfUtils.java:logGet(43)) - raft.server.log.write.buffer.size = 33554432 (custom)
2019-09-25 05:06:37,049 [pool-57-thread-1] INFO  server.RaftServerConfigKeys (ConfUtils.java:logGet(43)) - raft.server.log.force.sync.num = 128 (default)
2019-09-25 05:06:37,050 [pool-57-thread-1] INFO  server.RaftServerConfigKeys (ConfUtils.java:logGet(43)) - raft.server.log.statemachine.data.sync = true (default)
2019-09-25 05:06:37,050 [pool-57-thread-1] INFO  server.RaftServerConfigKeys (ConfUtils.java:logGet(43)) - raft.server.log.statemachine.data.sync.timeout = 10s (default)
2019-09-25 05:06:37,050 [pool-57-thread-1] INFO  server.RaftServerConfigKeys (ConfUtils.java:logGet(43)) - raft.server.log.statemachine.data.sync.timeout.retry = -1 (default)
2019-09-25 05:06:37,050 [pool-57-thread-1] INFO  server.RaftServerConfigKeys (ConfUtils.java:logGet(43)) - raft.server.log.statemachine.data.caching.enabled = true (custom)
2019-09-25 05:06:37,050 [pool-57-thread-1] INFO  segmented.SegmentedRaftLogWorker (SegmentedRaftLogWorker.java:lambda$new$0(132)) - de37f7a0-0375-40a9-a318-404478482fcb@group-63B93C010E28-SegmentedRaftLogWorker: flushIndex: setUnconditionally 0 -> -1
2019-09-25 05:06:37,051 [pool-57-thread-1] INFO  server.RaftServerConfigKeys (ConfUtils.java:logGet(43)) - raft.server.snapshot.auto.trigger.enabled = true (custom)
2019-09-25 05:06:37,051 [pool-57-thread-1] INFO  server.RaftServerConfigKeys (ConfUtils.java:logGet(43)) - raft.server.snapshot.auto.trigger.threshold = 10000 (custom)
2019-09-25 05:06:37,051 [pool-57-thread-1] INFO  server.RaftServerConfigKeys (ConfUtils.java:logGet(43)) - raft.server.snapshot.retention.num.files = 5 (custom)
2019-09-25 05:06:37,051 [pool-57-thread-1] INFO  server.RaftServerConfigKeys (ConfUtils.java:logGet(43)) - raft.server.retrycache.expirytime = 600000ms (custom)
2019-09-25 05:06:37,053 [pool-57-thread-1] INFO  impl.RaftServerImpl (RaftServerImpl.java:start(185)) - de37f7a0-0375-40a9-a318-404478482fcb@group-63B93C010E28: start as a follower, conf=-1: [de37f7a0-0375-40a9-a318-404478482fcb:192.168.30.10:44522], old=null
2019-09-25 05:06:37,053 [pool-57-thread-1] INFO  impl.RaftServerImpl (RaftServerImpl.java:setRole(174)) - de37f7a0-0375-40a9-a318-404478482fcb@group-63B93C010E28: changes role from      null to FOLLOWER at term 0 for startAsFollower
2019-09-25 05:06:37,053 [pool-57-thread-1] INFO  impl.RoleInfo (RoleInfo.java:updateAndGet(143)) - de37f7a0-0375-40a9-a318-404478482fcb: start FollowerState
2019-09-25 05:06:37,053 [pool-57-thread-1] INFO  util.JmxRegister (JmxRegister.java:tryRegister(44)) - Successfully registered JMX Bean with object name Ratis:service=RaftServer,group=group-63B93C010E28,id=de37f7a0-0375-40a9-a318-404478482fcb
2019-09-25 05:06:37,056 [RatisPipelineUtilsThread] INFO  pipeline.PipelineStateManager (PipelineStateManager.java:addPipeline(56)) - Created pipeline Pipeline[ Id: 52077593-5ce4-400f-b911-63b93c010e28, Nodes: de37f7a0-0375-40a9-a318-404478482fcb{ip: 192.168.30.10, host: pr-hdds-1569-s62bp-3040748787, networkLocation: /default-rack, certSerialId: null}, Type:RATIS, Factor:ONE, State:OPEN]
2019-09-25 05:06:37,060 [grpc-default-executor-1] INFO  impl.RaftServerProxy (RaftServerProxy.java:addNew(89)) - 56396258-65a3-478c-9482-0be0199dd49c: addNew group-629F40061B83:[56396258-65a3-478c-9482-0be0199dd49c:192.168.30.10:41678] returns group-629F40061B83:java.util.concurrent.CompletableFuture@adda53b[Not completed]
2019-09-25 05:06:37,061 [pool-87-thread-1] INFO  impl.RaftServerImpl (RaftServerImpl.java:<init>(95)) - 56396258-65a3-478c-9482-0be0199dd49c: new RaftServerImpl for group-629F40061B83:[56396258-65a3-478c-9482-0be0199dd49c:192.168.30.10:41678] with ContainerStateMachine:uninitialized
2019-09-25 05:06:37,061 [pool-87-thread-1] INFO  server.RaftServerConfigKeys (ConfUtils.java:logGet(43)) - raft.server.rpc.timeout.min = 5s (custom)
2019-09-25 05:06:37,062 [pool-87-thread-1] INFO  server.RaftServerConfigKeys (ConfUtils.java:logGet(43)) - raft.server.rpc.timeout.max = 5200ms (custom)
2019-09-25 05:06:37,062 [pool-87-thread-1] INFO  server.RaftServerConfigKeys (ConfUtils.java:logGet(43)) - raft.server.rpcslowness.timeout = 120s (custom)
2019-09-25 05:06:37,062 [pool-87-thread-1] INFO  server.RaftServerConfigKeys (ConfUtils.java:logGet(43)) - raft.server.sleep.deviation.threshold = 300 (default)
2019-09-25 05:06:37,062 [pool-87-thread-1] INFO  server.RaftServerConfigKeys (ConfUtils.java:logGet(43)) - raft.server.log.appender.install.snapshot.enabled = false (custom)
2019-09-25 05:06:37,062 [pool-87-thread-1] INFO  impl.RaftServerImpl (ServerState.java:<init>(103)) - 56396258-65a3-478c-9482-0be0199dd49c@group-629F40061B83: ConfigurationManager, init=-1: [56396258-65a3-478c-9482-0be0199dd49c:192.168.30.10:41678], old=null, confs=<EMPTY_MAP>
2019-09-25 05:06:37,062 [pool-87-thread-1] INFO  server.RaftServerConfigKeys (ConfUtils.java:logGet(43)) - raft.server.storage.dir = [/workdir/hadoop-ozone/integration-test/target/test-dir/MiniOzoneClusterImpl-23306158-e895-4fc7-80df-ce6c264c388b/datanode-6/data/ratis] (custom)
2019-09-25 05:06:37,063 [pool-87-thread-1] INFO  storage.RaftStorageDirectory (RaftStorageDirectory.java:analyzeStorage(246)) - The storage directory /workdir/hadoop-ozone/integration-test/target/test-dir/MiniOzoneClusterImpl-23306158-e895-4fc7-80df-ce6c264c388b/datanode-6/data/ratis/7f4d5c3c-d8af-4727-b0a6-629f40061b83 does not exist. Creating ...
2019-09-25 05:06:37,070 [pool-87-thread-1] INFO  storage.RaftStorageDirectory (RaftStorageDirectory.java:tryLock(328)) - Lock on /workdir/hadoop-ozone/integration-test/target/test-dir/MiniOzoneClusterImpl-23306158-e895-4fc7-80df-ce6c264c388b/datanode-6/data/ratis/7f4d5c3c-d8af-4727-b0a6-629f40061b83/in_use.lock acquired by nodename 25526@pr-hdds-1569-s62bp-3040748787
2019-09-25 05:06:37,086 [pool-87-thread-1] INFO  storage.RaftStorage (RaftStorage.java:format(72)) - Storage directory /workdir/hadoop-ozone/integration-test/target/test-dir/MiniOzoneClusterImpl-23306158-e895-4fc7-80df-ce6c264c388b/datanode-6/data/ratis/7f4d5c3c-d8af-4727-b0a6-629f40061b83 has been successfully formatted.
2019-09-25 05:06:37,086 [pool-87-thread-1] INFO  ratis.ContainerStateMachine (ContainerStateMachine.java:loadSnapshot(230)) - group-629F40061B83: The snapshot info is null. Setting the last applied indexto:(t:0, i:~)
2019-09-25 05:06:37,086 [pool-87-thread-1] INFO  server.RaftServerConfigKeys (ConfUtils.java:logGet(43)) - raft.server.notification.no-leader.timeout = 120s (custom)
2019-09-25 05:06:37,086 [pool-87-thread-1] INFO  server.RaftServerConfigKeys (ConfUtils.java:logGet(43)) - raft.server.log.use.memory = false (default)
2019-09-25 05:06:37,087 [pool-87-thread-1] INFO  server.RaftServerConfigKeys (ConfUtils.java:logGet(43)) - raft.server.log.purge.gap = 1000000 (custom)
2019-09-25 05:06:37,087 [pool-87-thread-1] INFO  server.RaftServerConfigKeys (ConfUtils.java:logGet(43)) - raft.server.log.appender.buffer.byte-limit = 33554432 (custom)
2019-09-25 05:06:37,087 [pool-87-thread-1] INFO  server.RaftServerConfigKeys (ConfUtils.java:logGet(43)) - raft.server.log.segment.size.max = 1048576 (custom)
2019-09-25 05:06:37,087 [pool-87-thread-1] INFO  server.RaftServerConfigKeys (ConfUtils.java:logGet(43)) - raft.server.log.segment.cache.num.max = 2 (custom)
2019-09-25 05:06:37,087 [pool-87-thread-1] INFO  segmented.SegmentedRaftLogWorker (SegmentedRaftLogWorker.java:<init>(172)) - new 56396258-65a3-478c-9482-0be0199dd49c@group-629F40061B83-SegmentedRaftLogWorker for RaftStorage:Storage Directory /workdir/hadoop-ozone/integration-test/target/test-dir/MiniOzoneClusterImpl-23306158-e895-4fc7-80df-ce6c264c388b/datanode-6/data/ratis/7f4d5c3c-d8af-4727-b0a6-629f40061b83
2019-09-25 05:06:37,087 [pool-87-thread-1] INFO  server.RaftServerConfigKeys (ConfUtils.java:logGet(43)) - raft.server.log.queue.byte-limit = 2147483647 (custom)
2019-09-25 05:06:37,088 [pool-87-thread-1] INFO  server.RaftServerConfigKeys (ConfUtils.java:logGet(43)) - raft.server.log.queue.element-limit = 1024 (custom)
2019-09-25 05:06:37,088 [pool-87-thread-1] INFO  server.RaftServerConfigKeys (ConfUtils.java:logGet(43)) - raft.server.log.segment.size.max = 1048576 (custom)
2019-09-25 05:06:37,088 [pool-87-thread-1] INFO  server.RaftServerConfigKeys (ConfUtils.java:logGet(43)) - raft.server.log.preallocated.size = 16384 (custom)
2019-09-25 05:06:37,088 [pool-87-thread-1] INFO  server.RaftServerConfigKeys (ConfUtils.java:logGet(43)) - raft.server.log.write.buffer.size = 33554432 (custom)
2019-09-25 05:06:37,088 [pool-87-thread-1] INFO  server.RaftServerConfigKeys (ConfUtils.java:logGet(43)) - raft.server.log.force.sync.num = 128 (default)
2019-09-25 05:06:37,088 [pool-87-thread-1] INFO  server.RaftServerConfigKeys (ConfUtils.java:logGet(43)) - raft.server.log.statemachine.data.sync = true (default)
2019-09-25 05:06:37,088 [pool-87-thread-1] INFO  server.RaftServerConfigKeys (ConfUtils.java:logGet(43)) - raft.server.log.statemachine.data.sync.timeout = 10s (default)
2019-09-25 05:06:37,089 [pool-87-thread-1] INFO  server.RaftServerConfigKeys (ConfUtils.java:logGet(43)) - raft.server.log.statemachine.data.sync.timeout.retry = -1 (default)
2019-09-25 05:06:37,089 [pool-87-thread-1] INFO  server.RaftServerConfigKeys (ConfUtils.java:logGet(43)) - raft.server.log.statemachine.data.caching.enabled = true (custom)
2019-09-25 05:06:37,089 [pool-87-thread-1] INFO  segmented.SegmentedRaftLogWorker (SegmentedRaftLogWorker.java:lambda$new$0(132)) - 56396258-65a3-478c-9482-0be0199dd49c@group-629F40061B83-SegmentedRaftLogWorker: flushIndex: setUnconditionally 0 -> -1
2019-09-25 05:06:37,089 [pool-87-thread-1] INFO  server.RaftServerConfigKeys (ConfUtils.java:logGet(43)) - raft.server.snapshot.auto.trigger.enabled = true (custom)
2019-09-25 05:06:37,090 [pool-87-thread-1] INFO  server.RaftServerConfigKeys (ConfUtils.java:logGet(43)) - raft.server.snapshot.auto.trigger.threshold = 10000 (custom)
2019-09-25 05:06:37,090 [pool-87-thread-1] INFO  server.RaftServerConfigKeys (ConfUtils.java:logGet(43)) - raft.server.snapshot.retention.num.files = 5 (custom)
2019-09-25 05:06:37,090 [pool-87-thread-1] INFO  server.RaftServerConfigKeys (ConfUtils.java:logGet(43)) - raft.server.retrycache.expirytime = 600000ms (custom)
2019-09-25 05:06:37,091 [pool-87-thread-1] INFO  impl.RaftServerImpl (RaftServerImpl.java:start(185)) - 56396258-65a3-478c-9482-0be0199dd49c@group-629F40061B83: start as a follower, conf=-1: [56396258-65a3-478c-9482-0be0199dd49c:192.168.30.10:41678], old=null
2019-09-25 05:06:37,092 [pool-87-thread-1] INFO  impl.RaftServerImpl (RaftServerImpl.java:setRole(174)) - 56396258-65a3-478c-9482-0be0199dd49c@group-629F40061B83: changes role from      null to FOLLOWER at term 0 for startAsFollower
2019-09-25 05:06:37,092 [pool-87-thread-1] INFO  impl.RoleInfo (RoleInfo.java:updateAndGet(143)) - 56396258-65a3-478c-9482-0be0199dd49c: start FollowerState
2019-09-25 05:06:37,092 [pool-87-thread-1] INFO  util.JmxRegister (JmxRegister.java:tryRegister(44)) - Successfully registered JMX Bean with object name Ratis:service=RaftServer,group=group-629F40061B83,id=56396258-65a3-478c-9482-0be0199dd49c
2019-09-25 05:06:37,094 [RatisPipelineUtilsThread] INFO  pipeline.PipelineStateManager (PipelineStateManager.java:addPipeline(56)) - Created pipeline Pipeline[ Id: 7f4d5c3c-d8af-4727-b0a6-629f40061b83, Nodes: 56396258-65a3-478c-9482-0be0199dd49c{ip: 192.168.30.10, host: pr-hdds-1569-s62bp-3040748787, networkLocation: /default-rack, certSerialId: null}, Type:RATIS, Factor:ONE, State:OPEN]
2019-09-25 05:06:37,099 [grpc-default-executor-1] INFO  impl.RaftServerProxy (RaftServerProxy.java:addNew(89)) - c8798e02-7f0c-41f7-82c2-a17323bcf21e: addNew group-CA2EC9FE2309:[c8798e02-7f0c-41f7-82c2-a17323bcf21e:192.168.30.10:40603] returns group-CA2EC9FE2309:java.util.concurrent.CompletableFuture@1d8869a3[Not completed]
2019-09-25 05:06:37,100 [pool-47-thread-1] INFO  impl.RaftServerImpl (RaftServerImpl.java:<init>(95)) - c8798e02-7f0c-41f7-82c2-a17323bcf21e: new RaftServerImpl for group-CA2EC9FE2309:[c8798e02-7f0c-41f7-82c2-a17323bcf21e:192.168.30.10:40603] with ContainerStateMachine:uninitialized
2019-09-25 05:06:37,100 [pool-47-thread-1] INFO  server.RaftServerConfigKeys (ConfUtils.java:logGet(43)) - raft.server.rpc.timeout.min = 5s (custom)
2019-09-25 05:06:37,101 [pool-47-thread-1] INFO  server.RaftServerConfigKeys (ConfUtils.java:logGet(43)) - raft.server.rpc.timeout.max = 5200ms (custom)
2019-09-25 05:06:37,101 [pool-47-thread-1] INFO  server.RaftServerConfigKeys (ConfUtils.java:logGet(43)) - raft.server.rpcslowness.timeout = 120s (custom)
2019-09-25 05:06:37,101 [pool-47-thread-1] INFO  server.RaftServerConfigKeys (ConfUtils.java:logGet(43)) - raft.server.sleep.deviation.threshold = 300 (default)
2019-09-25 05:06:37,101 [pool-47-thread-1] INFO  server.RaftServerConfigKeys (ConfUtils.java:logGet(43)) - raft.server.log.appender.install.snapshot.enabled = false (custom)
2019-09-25 05:06:37,101 [pool-47-thread-1] INFO  impl.RaftServerImpl (ServerState.java:<init>(103)) - c8798e02-7f0c-41f7-82c2-a17323bcf21e@group-CA2EC9FE2309: ConfigurationManager, init=-1: [c8798e02-7f0c-41f7-82c2-a17323bcf21e:192.168.30.10:40603], old=null, confs=<EMPTY_MAP>
2019-09-25 05:06:37,101 [pool-47-thread-1] INFO  server.RaftServerConfigKeys (ConfUtils.java:logGet(43)) - raft.server.storage.dir = [/workdir/hadoop-ozone/integration-test/target/test-dir/MiniOzoneClusterImpl-23306158-e895-4fc7-80df-ce6c264c388b/datanode-2/data/ratis] (custom)
2019-09-25 05:06:37,102 [pool-47-thread-1] INFO  storage.RaftStorageDirectory (RaftStorageDirectory.java:analyzeStorage(246)) - The storage directory /workdir/hadoop-ozone/integration-test/target/test-dir/MiniOzoneClusterImpl-23306158-e895-4fc7-80df-ce6c264c388b/datanode-2/data/ratis/d3784700-6778-41d4-8728-ca2ec9fe2309 does not exist. Creating ...
2019-09-25 05:06:37,115 [pool-47-thread-1] INFO  storage.RaftStorageDirectory (RaftStorageDirectory.java:tryLock(328)) - Lock on /workdir/hadoop-ozone/integration-test/target/test-dir/MiniOzoneClusterImpl-23306158-e895-4fc7-80df-ce6c264c388b/datanode-2/data/ratis/d3784700-6778-41d4-8728-ca2ec9fe2309/in_use.lock acquired by nodename 25526@pr-hdds-1569-s62bp-3040748787
2019-09-25 05:06:37,128 [pool-47-thread-1] INFO  storage.RaftStorage (RaftStorage.java:format(72)) - Storage directory /workdir/hadoop-ozone/integration-test/target/test-dir/MiniOzoneClusterImpl-23306158-e895-4fc7-80df-ce6c264c388b/datanode-2/data/ratis/d3784700-6778-41d4-8728-ca2ec9fe2309 has been successfully formatted.
2019-09-25 05:06:37,129 [pool-47-thread-1] INFO  ratis.ContainerStateMachine (ContainerStateMachine.java:loadSnapshot(230)) - group-CA2EC9FE2309: The snapshot info is null. Setting the last applied indexto:(t:0, i:~)
2019-09-25 05:06:37,129 [pool-47-thread-1] INFO  server.RaftServerConfigKeys (ConfUtils.java:logGet(43)) - raft.server.notification.no-leader.timeout = 120s (custom)
2019-09-25 05:06:37,129 [pool-47-thread-1] INFO  server.RaftServerConfigKeys (ConfUtils.java:logGet(43)) - raft.server.log.use.memory = false (default)
2019-09-25 05:06:37,129 [pool-47-thread-1] INFO  server.RaftServerConfigKeys (ConfUtils.java:logGet(43)) - raft.server.log.purge.gap = 1000000 (custom)
2019-09-25 05:06:37,129 [pool-47-thread-1] INFO  server.RaftServerConfigKeys (ConfUtils.java:logGet(43)) - raft.server.log.appender.buffer.byte-limit = 33554432 (custom)
2019-09-25 05:06:37,130 [pool-47-thread-1] INFO  server.RaftServerConfigKeys (ConfUtils.java:logGet(43)) - raft.server.log.segment.size.max = 1048576 (custom)
2019-09-25 05:06:37,130 [pool-47-thread-1] INFO  server.RaftServerConfigKeys (ConfUtils.java:logGet(43)) - raft.server.log.segment.cache.num.max = 2 (custom)
2019-09-25 05:06:37,130 [pool-47-thread-1] INFO  segmented.SegmentedRaftLogWorker (SegmentedRaftLogWorker.java:<init>(172)) - new c8798e02-7f0c-41f7-82c2-a17323bcf21e@group-CA2EC9FE2309-SegmentedRaftLogWorker for RaftStorage:Storage Directory /workdir/hadoop-ozone/integration-test/target/test-dir/MiniOzoneClusterImpl-23306158-e895-4fc7-80df-ce6c264c388b/datanode-2/data/ratis/d3784700-6778-41d4-8728-ca2ec9fe2309
2019-09-25 05:06:37,130 [pool-47-thread-1] INFO  server.RaftServerConfigKeys (ConfUtils.java:logGet(43)) - raft.server.log.queue.byte-limit = 2147483647 (custom)
2019-09-25 05:06:37,130 [pool-47-thread-1] INFO  server.RaftServerConfigKeys (ConfUtils.java:logGet(43)) - raft.server.log.queue.element-limit = 1024 (custom)
2019-09-25 05:06:37,130 [pool-47-thread-1] INFO  server.RaftServerConfigKeys (ConfUtils.java:logGet(43)) - raft.server.log.segment.size.max = 1048576 (custom)
2019-09-25 05:06:37,130 [pool-47-thread-1] INFO  server.RaftServerConfigKeys (ConfUtils.java:logGet(43)) - raft.server.log.preallocated.size = 16384 (custom)
2019-09-25 05:06:37,131 [pool-47-thread-1] INFO  server.RaftServerConfigKeys (ConfUtils.java:logGet(43)) - raft.server.log.write.buffer.size = 33554432 (custom)
2019-09-25 05:06:37,131 [pool-47-thread-1] INFO  server.RaftServerConfigKeys (ConfUtils.java:logGet(43)) - raft.server.log.force.sync.num = 128 (default)
2019-09-25 05:06:37,131 [pool-47-thread-1] INFO  server.RaftServerConfigKeys (ConfUtils.java:logGet(43)) - raft.server.log.statemachine.data.sync = true (default)
2019-09-25 05:06:37,131 [pool-47-thread-1] INFO  server.RaftServerConfigKeys (ConfUtils.java:logGet(43)) - raft.server.log.statemachine.data.sync.timeout = 10s (default)
2019-09-25 05:06:37,131 [pool-47-thread-1] INFO  server.RaftServerConfigKeys (ConfUtils.java:logGet(43)) - raft.server.log.statemachine.data.sync.timeout.retry = -1 (default)
2019-09-25 05:06:37,131 [pool-47-thread-1] INFO  server.RaftServerConfigKeys (ConfUtils.java:logGet(43)) - raft.server.log.statemachine.data.caching.enabled = true (custom)
2019-09-25 05:06:37,132 [pool-47-thread-1] INFO  segmented.SegmentedRaftLogWorker (SegmentedRaftLogWorker.java:lambda$new$0(132)) - c8798e02-7f0c-41f7-82c2-a17323bcf21e@group-CA2EC9FE2309-SegmentedRaftLogWorker: flushIndex: setUnconditionally 0 -> -1
2019-09-25 05:06:37,132 [pool-47-thread-1] INFO  server.RaftServerConfigKeys (ConfUtils.java:logGet(43)) - raft.server.snapshot.auto.trigger.enabled = true (custom)
2019-09-25 05:06:37,132 [pool-47-thread-1] INFO  server.RaftServerConfigKeys (ConfUtils.java:logGet(43)) - raft.server.snapshot.auto.trigger.threshold = 10000 (custom)
2019-09-25 05:06:37,132 [pool-47-thread-1] INFO  server.RaftServerConfigKeys (ConfUtils.java:logGet(43)) - raft.server.snapshot.retention.num.files = 5 (custom)
2019-09-25 05:06:37,132 [pool-47-thread-1] INFO  server.RaftServerConfigKeys (ConfUtils.java:logGet(43)) - raft.server.retrycache.expirytime = 600000ms (custom)
2019-09-25 05:06:37,134 [pool-47-thread-1] INFO  impl.RaftServerImpl (RaftServerImpl.java:start(185)) - c8798e02-7f0c-41f7-82c2-a17323bcf21e@group-CA2EC9FE2309: start as a follower, conf=-1: [c8798e02-7f0c-41f7-82c2-a17323bcf21e:192.168.30.10:40603], old=null
2019-09-25 05:06:37,134 [pool-47-thread-1] INFO  impl.RaftServerImpl (RaftServerImpl.java:setRole(174)) - c8798e02-7f0c-41f7-82c2-a17323bcf21e@group-CA2EC9FE2309: changes role from      null to FOLLOWER at term 0 for startAsFollower
2019-09-25 05:06:37,134 [pool-47-thread-1] INFO  impl.RoleInfo (RoleInfo.java:updateAndGet(143)) - c8798e02-7f0c-41f7-82c2-a17323bcf21e: start FollowerState
2019-09-25 05:06:37,135 [pool-47-thread-1] INFO  util.JmxRegister (JmxRegister.java:tryRegister(44)) - Successfully registered JMX Bean with object name Ratis:service=RaftServer,group=group-CA2EC9FE2309,id=c8798e02-7f0c-41f7-82c2-a17323bcf21e
2019-09-25 05:06:37,137 [RatisPipelineUtilsThread] INFO  pipeline.PipelineStateManager (PipelineStateManager.java:addPipeline(56)) - Created pipeline Pipeline[ Id: d3784700-6778-41d4-8728-ca2ec9fe2309, Nodes: c8798e02-7f0c-41f7-82c2-a17323bcf21e{ip: 192.168.30.10, host: pr-hdds-1569-s62bp-3040748787, networkLocation: /default-rack, certSerialId: null}, Type:RATIS, Factor:ONE, State:OPEN]
2019-09-25 05:06:37,142 [grpc-default-executor-1] INFO  impl.RaftServerProxy (RaftServerProxy.java:addNew(89)) - b4fa7d23-6606-45fd-9544-2b08ca3fa933: addNew group-CE384E8B40B3:[b4fa7d23-6606-45fd-9544-2b08ca3fa933:192.168.30.10:34493] returns group-CE384E8B40B3:java.util.concurrent.CompletableFuture@daffa13[Not completed]
2019-09-25 05:06:37,143 [pool-77-thread-1] INFO  impl.RaftServerImpl (RaftServerImpl.java:<init>(95)) - b4fa7d23-6606-45fd-9544-2b08ca3fa933: new RaftServerImpl for group-CE384E8B40B3:[b4fa7d23-6606-45fd-9544-2b08ca3fa933:192.168.30.10:34493] with ContainerStateMachine:uninitialized
2019-09-25 05:06:37,143 [pool-77-thread-1] INFO  server.RaftServerConfigKeys (ConfUtils.java:logGet(43)) - raft.server.rpc.timeout.min = 5s (custom)
2019-09-25 05:06:37,143 [pool-77-thread-1] INFO  server.RaftServerConfigKeys (ConfUtils.java:logGet(43)) - raft.server.rpc.timeout.max = 5200ms (custom)
2019-09-25 05:06:37,143 [pool-77-thread-1] INFO  server.RaftServerConfigKeys (ConfUtils.java:logGet(43)) - raft.server.rpcslowness.timeout = 120s (custom)
2019-09-25 05:06:37,143 [pool-77-thread-1] INFO  server.RaftServerConfigKeys (ConfUtils.java:logGet(43)) - raft.server.sleep.deviation.threshold = 300 (default)
2019-09-25 05:06:37,144 [pool-77-thread-1] INFO  server.RaftServerConfigKeys (ConfUtils.java:logGet(43)) - raft.server.log.appender.install.snapshot.enabled = false (custom)
2019-09-25 05:06:37,144 [pool-77-thread-1] INFO  impl.RaftServerImpl (ServerState.java:<init>(103)) - b4fa7d23-6606-45fd-9544-2b08ca3fa933@group-CE384E8B40B3: ConfigurationManager, init=-1: [b4fa7d23-6606-45fd-9544-2b08ca3fa933:192.168.30.10:34493], old=null, confs=<EMPTY_MAP>
2019-09-25 05:06:37,144 [pool-77-thread-1] INFO  server.RaftServerConfigKeys (ConfUtils.java:logGet(43)) - raft.server.storage.dir = [/workdir/hadoop-ozone/integration-test/target/test-dir/MiniOzoneClusterImpl-23306158-e895-4fc7-80df-ce6c264c388b/datanode-5/data/ratis] (custom)
2019-09-25 05:06:37,144 [pool-77-thread-1] INFO  storage.RaftStorageDirectory (RaftStorageDirectory.java:analyzeStorage(246)) - The storage directory /workdir/hadoop-ozone/integration-test/target/test-dir/MiniOzoneClusterImpl-23306158-e895-4fc7-80df-ce6c264c388b/datanode-5/data/ratis/e70cb58b-c76d-486b-9aec-ce384e8b40b3 does not exist. Creating ...
2019-09-25 05:06:37,157 [pool-77-thread-1] INFO  storage.RaftStorageDirectory (RaftStorageDirectory.java:tryLock(328)) - Lock on /workdir/hadoop-ozone/integration-test/target/test-dir/MiniOzoneClusterImpl-23306158-e895-4fc7-80df-ce6c264c388b/datanode-5/data/ratis/e70cb58b-c76d-486b-9aec-ce384e8b40b3/in_use.lock acquired by nodename 25526@pr-hdds-1569-s62bp-3040748787
2019-09-25 05:06:37,171 [pool-77-thread-1] INFO  storage.RaftStorage (RaftStorage.java:format(72)) - Storage directory /workdir/hadoop-ozone/integration-test/target/test-dir/MiniOzoneClusterImpl-23306158-e895-4fc7-80df-ce6c264c388b/datanode-5/data/ratis/e70cb58b-c76d-486b-9aec-ce384e8b40b3 has been successfully formatted.
2019-09-25 05:06:37,171 [pool-77-thread-1] INFO  ratis.ContainerStateMachine (ContainerStateMachine.java:loadSnapshot(230)) - group-CE384E8B40B3: The snapshot info is null. Setting the last applied indexto:(t:0, i:~)
2019-09-25 05:06:37,171 [pool-77-thread-1] INFO  server.RaftServerConfigKeys (ConfUtils.java:logGet(43)) - raft.server.notification.no-leader.timeout = 120s (custom)
2019-09-25 05:06:37,171 [pool-77-thread-1] INFO  server.RaftServerConfigKeys (ConfUtils.java:logGet(43)) - raft.server.log.use.memory = false (default)
2019-09-25 05:06:37,172 [pool-77-thread-1] INFO  server.RaftServerConfigKeys (ConfUtils.java:logGet(43)) - raft.server.log.purge.gap = 1000000 (custom)
2019-09-25 05:06:37,172 [pool-77-thread-1] INFO  server.RaftServerConfigKeys (ConfUtils.java:logGet(43)) - raft.server.log.appender.buffer.byte-limit = 33554432 (custom)
2019-09-25 05:06:37,172 [pool-77-thread-1] INFO  server.RaftServerConfigKeys (ConfUtils.java:logGet(43)) - raft.server.log.segment.size.max = 1048576 (custom)
2019-09-25 05:06:37,172 [pool-77-thread-1] INFO  server.RaftServerConfigKeys (ConfUtils.java:logGet(43)) - raft.server.log.segment.cache.num.max = 2 (custom)
2019-09-25 05:06:37,172 [pool-77-thread-1] INFO  segmented.SegmentedRaftLogWorker (SegmentedRaftLogWorker.java:<init>(172)) - new b4fa7d23-6606-45fd-9544-2b08ca3fa933@group-CE384E8B40B3-SegmentedRaftLogWorker for RaftStorage:Storage Directory /workdir/hadoop-ozone/integration-test/target/test-dir/MiniOzoneClusterImpl-23306158-e895-4fc7-80df-ce6c264c388b/datanode-5/data/ratis/e70cb58b-c76d-486b-9aec-ce384e8b40b3
2019-09-25 05:06:37,172 [pool-77-thread-1] INFO  server.RaftServerConfigKeys (ConfUtils.java:logGet(43)) - raft.server.log.queue.byte-limit = 2147483647 (custom)
2019-09-25 05:06:37,173 [pool-77-thread-1] INFO  server.RaftServerConfigKeys (ConfUtils.java:logGet(43)) - raft.server.log.queue.element-limit = 1024 (custom)
2019-09-25 05:06:37,173 [pool-77-thread-1] INFO  server.RaftServerConfigKeys (ConfUtils.java:logGet(43)) - raft.server.log.segment.size.max = 1048576 (custom)
2019-09-25 05:06:37,173 [pool-77-thread-1] INFO  server.RaftServerConfigKeys (ConfUtils.java:logGet(43)) - raft.server.log.preallocated.size = 16384 (custom)
2019-09-25 05:06:37,173 [pool-77-thread-1] INFO  server.RaftServerConfigKeys (ConfUtils.java:logGet(43)) - raft.server.log.write.buffer.size = 33554432 (custom)
2019-09-25 05:06:37,173 [pool-77-thread-1] INFO  server.RaftServerConfigKeys (ConfUtils.java:logGet(43)) - raft.server.log.force.sync.num = 128 (default)
2019-09-25 05:06:37,173 [pool-77-thread-1] INFO  server.RaftServerConfigKeys (ConfUtils.java:logGet(43)) - raft.server.log.statemachine.data.sync = true (default)
2019-09-25 05:06:37,173 [pool-77-thread-1] INFO  server.RaftServerConfigKeys (ConfUtils.java:logGet(43)) - raft.server.log.statemachine.data.sync.timeout = 10s (default)
2019-09-25 05:06:37,174 [pool-77-thread-1] INFO  server.RaftServerConfigKeys (ConfUtils.java:logGet(43)) - raft.server.log.statemachine.data.sync.timeout.retry = -1 (default)
2019-09-25 05:06:37,174 [pool-77-thread-1] INFO  server.RaftServerConfigKeys (ConfUtils.java:logGet(43)) - raft.server.log.statemachine.data.caching.enabled = true (custom)
2019-09-25 05:06:37,174 [pool-77-thread-1] INFO  segmented.SegmentedRaftLogWorker (SegmentedRaftLogWorker.java:lambda$new$0(132)) - b4fa7d23-6606-45fd-9544-2b08ca3fa933@group-CE384E8B40B3-SegmentedRaftLogWorker: flushIndex: setUnconditionally 0 -> -1
2019-09-25 05:06:37,174 [pool-77-thread-1] INFO  server.RaftServerConfigKeys (ConfUtils.java:logGet(43)) - raft.server.snapshot.auto.trigger.enabled = true (custom)
2019-09-25 05:06:37,175 [pool-77-thread-1] INFO  server.RaftServerConfigKeys (ConfUtils.java:logGet(43)) - raft.server.snapshot.auto.trigger.threshold = 10000 (custom)
2019-09-25 05:06:37,175 [pool-77-thread-1] INFO  server.RaftServerConfigKeys (ConfUtils.java:logGet(43)) - raft.server.snapshot.retention.num.files = 5 (custom)
2019-09-25 05:06:37,175 [pool-77-thread-1] INFO  server.RaftServerConfigKeys (ConfUtils.java:logGet(43)) - raft.server.retrycache.expirytime = 600000ms (custom)
2019-09-25 05:06:37,177 [pool-77-thread-1] INFO  impl.RaftServerImpl (RaftServerImpl.java:start(185)) - b4fa7d23-6606-45fd-9544-2b08ca3fa933@group-CE384E8B40B3: start as a follower, conf=-1: [b4fa7d23-6606-45fd-9544-2b08ca3fa933:192.168.30.10:34493], old=null
2019-09-25 05:06:37,177 [pool-77-thread-1] INFO  impl.RaftServerImpl (RaftServerImpl.java:setRole(174)) - b4fa7d23-6606-45fd-9544-2b08ca3fa933@group-CE384E8B40B3: changes role from      null to FOLLOWER at term 0 for startAsFollower
2019-09-25 05:06:37,177 [pool-77-thread-1] INFO  impl.RoleInfo (RoleInfo.java:updateAndGet(143)) - b4fa7d23-6606-45fd-9544-2b08ca3fa933: start FollowerState
2019-09-25 05:06:37,177 [pool-77-thread-1] INFO  util.JmxRegister (JmxRegister.java:tryRegister(44)) - Successfully registered JMX Bean with object name Ratis:service=RaftServer,group=group-CE384E8B40B3,id=b4fa7d23-6606-45fd-9544-2b08ca3fa933
2019-09-25 05:06:37,180 [RatisPipelineUtilsThread] INFO  pipeline.PipelineStateManager (PipelineStateManager.java:addPipeline(56)) - Created pipeline Pipeline[ Id: e70cb58b-c76d-486b-9aec-ce384e8b40b3, Nodes: b4fa7d23-6606-45fd-9544-2b08ca3fa933{ip: 192.168.30.10, host: pr-hdds-1569-s62bp-3040748787, networkLocation: /default-rack, certSerialId: null}, Type:RATIS, Factor:ONE, State:OPEN]
2019-09-25 05:06:37,184 [grpc-default-executor-1] INFO  impl.RaftServerProxy (RaftServerProxy.java:addNew(89)) - de37f7a0-0375-40a9-a318-404478482fcb: addNew group-FD0A651E9541:[de37f7a0-0375-40a9-a318-404478482fcb:192.168.30.10:44522] returns group-FD0A651E9541:java.util.concurrent.CompletableFuture@19963944[Not completed]
2019-09-25 05:06:37,185 [pool-57-thread-1] INFO  impl.RaftServerImpl (RaftServerImpl.java:<init>(95)) - de37f7a0-0375-40a9-a318-404478482fcb: new RaftServerImpl for group-FD0A651E9541:[de37f7a0-0375-40a9-a318-404478482fcb:192.168.30.10:44522] with ContainerStateMachine:uninitialized
2019-09-25 05:06:37,186 [pool-57-thread-1] INFO  server.RaftServerConfigKeys (ConfUtils.java:logGet(43)) - raft.server.rpc.timeout.min = 5s (custom)
2019-09-25 05:06:37,186 [pool-57-thread-1] INFO  server.RaftServerConfigKeys (ConfUtils.java:logGet(43)) - raft.server.rpc.timeout.max = 5200ms (custom)
2019-09-25 05:06:37,186 [pool-57-thread-1] INFO  server.RaftServerConfigKeys (ConfUtils.java:logGet(43)) - raft.server.rpcslowness.timeout = 120s (custom)
2019-09-25 05:06:37,186 [pool-57-thread-1] INFO  server.RaftServerConfigKeys (ConfUtils.java:logGet(43)) - raft.server.sleep.deviation.threshold = 300 (default)
2019-09-25 05:06:37,186 [pool-57-thread-1] INFO  server.RaftServerConfigKeys (ConfUtils.java:logGet(43)) - raft.server.log.appender.install.snapshot.enabled = false (custom)
2019-09-25 05:06:37,186 [pool-57-thread-1] INFO  impl.RaftServerImpl (ServerState.java:<init>(103)) - de37f7a0-0375-40a9-a318-404478482fcb@group-FD0A651E9541: ConfigurationManager, init=-1: [de37f7a0-0375-40a9-a318-404478482fcb:192.168.30.10:44522], old=null, confs=<EMPTY_MAP>
2019-09-25 05:06:37,186 [pool-57-thread-1] INFO  server.RaftServerConfigKeys (ConfUtils.java:logGet(43)) - raft.server.storage.dir = [/workdir/hadoop-ozone/integration-test/target/test-dir/MiniOzoneClusterImpl-23306158-e895-4fc7-80df-ce6c264c388b/datanode-3/data/ratis] (custom)
2019-09-25 05:06:37,187 [pool-57-thread-1] INFO  storage.RaftStorageDirectory (RaftStorageDirectory.java:analyzeStorage(246)) - The storage directory /workdir/hadoop-ozone/integration-test/target/test-dir/MiniOzoneClusterImpl-23306158-e895-4fc7-80df-ce6c264c388b/datanode-3/data/ratis/ec57ba46-aa7a-4aea-90cf-fd0a651e9541 does not exist. Creating ...
2019-09-25 05:06:37,200 [pool-57-thread-1] INFO  storage.RaftStorageDirectory (RaftStorageDirectory.java:tryLock(328)) - Lock on /workdir/hadoop-ozone/integration-test/target/test-dir/MiniOzoneClusterImpl-23306158-e895-4fc7-80df-ce6c264c388b/datanode-3/data/ratis/ec57ba46-aa7a-4aea-90cf-fd0a651e9541/in_use.lock acquired by nodename 25526@pr-hdds-1569-s62bp-3040748787
2019-09-25 05:06:37,214 [pool-57-thread-1] INFO  storage.RaftStorage (RaftStorage.java:format(72)) - Storage directory /workdir/hadoop-ozone/integration-test/target/test-dir/MiniOzoneClusterImpl-23306158-e895-4fc7-80df-ce6c264c388b/datanode-3/data/ratis/ec57ba46-aa7a-4aea-90cf-fd0a651e9541 has been successfully formatted.
2019-09-25 05:06:37,214 [pool-57-thread-1] INFO  ratis.ContainerStateMachine (ContainerStateMachine.java:loadSnapshot(230)) - group-FD0A651E9541: The snapshot info is null. Setting the last applied indexto:(t:0, i:~)
2019-09-25 05:06:37,214 [pool-57-thread-1] INFO  server.RaftServerConfigKeys (ConfUtils.java:logGet(43)) - raft.server.notification.no-leader.timeout = 120s (custom)
2019-09-25 05:06:37,214 [pool-57-thread-1] INFO  server.RaftServerConfigKeys (ConfUtils.java:logGet(43)) - raft.server.log.use.memory = false (default)
2019-09-25 05:06:37,214 [pool-57-thread-1] INFO  server.RaftServerConfigKeys (ConfUtils.java:logGet(43)) - raft.server.log.purge.gap = 1000000 (custom)
2019-09-25 05:06:37,214 [pool-57-thread-1] INFO  server.RaftServerConfigKeys (ConfUtils.java:logGet(43)) - raft.server.log.appender.buffer.byte-limit = 33554432 (custom)
2019-09-25 05:06:37,214 [pool-57-thread-1] INFO  server.RaftServerConfigKeys (ConfUtils.java:logGet(43)) - raft.server.log.segment.size.max = 1048576 (custom)
2019-09-25 05:06:37,215 [pool-57-thread-1] INFO  server.RaftServerConfigKeys (ConfUtils.java:logGet(43)) - raft.server.log.segment.cache.num.max = 2 (custom)
2019-09-25 05:06:37,215 [pool-57-thread-1] INFO  segmented.SegmentedRaftLogWorker (SegmentedRaftLogWorker.java:<init>(172)) - new de37f7a0-0375-40a9-a318-404478482fcb@group-FD0A651E9541-SegmentedRaftLogWorker for RaftStorage:Storage Directory /workdir/hadoop-ozone/integration-test/target/test-dir/MiniOzoneClusterImpl-23306158-e895-4fc7-80df-ce6c264c388b/datanode-3/data/ratis/ec57ba46-aa7a-4aea-90cf-fd0a651e9541
2019-09-25 05:06:37,215 [pool-57-thread-1] INFO  server.RaftServerConfigKeys (ConfUtils.java:logGet(43)) - raft.server.log.queue.byte-limit = 2147483647 (custom)
2019-09-25 05:06:37,215 [pool-57-thread-1] INFO  server.RaftServerConfigKeys (ConfUtils.java:logGet(43)) - raft.server.log.queue.element-limit = 1024 (custom)
2019-09-25 05:06:37,215 [pool-57-thread-1] INFO  server.RaftServerConfigKeys (ConfUtils.java:logGet(43)) - raft.server.log.segment.size.max = 1048576 (custom)
2019-09-25 05:06:37,215 [pool-57-thread-1] INFO  server.RaftServerConfigKeys (ConfUtils.java:logGet(43)) - raft.server.log.preallocated.size = 16384 (custom)
2019-09-25 05:06:37,215 [pool-57-thread-1] INFO  server.RaftServerConfigKeys (ConfUtils.java:logGet(43)) - raft.server.log.write.buffer.size = 33554432 (custom)
2019-09-25 05:06:37,216 [pool-57-thread-1] INFO  server.RaftServerConfigKeys (ConfUtils.java:logGet(43)) - raft.server.log.force.sync.num = 128 (default)
2019-09-25 05:06:37,216 [pool-57-thread-1] INFO  server.RaftServerConfigKeys (ConfUtils.java:logGet(43)) - raft.server.log.statemachine.data.sync = true (default)
2019-09-25 05:06:37,216 [pool-57-thread-1] INFO  server.RaftServerConfigKeys (ConfUtils.java:logGet(43)) - raft.server.log.statemachine.data.sync.timeout = 10s (default)
2019-09-25 05:06:37,216 [pool-57-thread-1] INFO  server.RaftServerConfigKeys (ConfUtils.java:logGet(43)) - raft.server.log.statemachine.data.sync.timeout.retry = -1 (default)
2019-09-25 05:06:37,216 [pool-57-thread-1] INFO  server.RaftServerConfigKeys (ConfUtils.java:logGet(43)) - raft.server.log.statemachine.data.caching.enabled = true (custom)
2019-09-25 05:06:37,216 [pool-57-thread-1] INFO  segmented.SegmentedRaftLogWorker (SegmentedRaftLogWorker.java:lambda$new$0(132)) - de37f7a0-0375-40a9-a318-404478482fcb@group-FD0A651E9541-SegmentedRaftLogWorker: flushIndex: setUnconditionally 0 -> -1
2019-09-25 05:06:37,217 [pool-57-thread-1] INFO  server.RaftServerConfigKeys (ConfUtils.java:logGet(43)) - raft.server.snapshot.auto.trigger.enabled = true (custom)
2019-09-25 05:06:37,217 [pool-57-thread-1] INFO  server.RaftServerConfigKeys (ConfUtils.java:logGet(43)) - raft.server.snapshot.auto.trigger.threshold = 10000 (custom)
2019-09-25 05:06:37,217 [pool-57-thread-1] INFO  server.RaftServerConfigKeys (ConfUtils.java:logGet(43)) - raft.server.snapshot.retention.num.files = 5 (custom)
2019-09-25 05:06:37,217 [pool-57-thread-1] INFO  server.RaftServerConfigKeys (ConfUtils.java:logGet(43)) - raft.server.retrycache.expirytime = 600000ms (custom)
2019-09-25 05:06:37,219 [pool-57-thread-1] INFO  impl.RaftServerImpl (RaftServerImpl.java:start(185)) - de37f7a0-0375-40a9-a318-404478482fcb@group-FD0A651E9541: start as a follower, conf=-1: [de37f7a0-0375-40a9-a318-404478482fcb:192.168.30.10:44522], old=null
2019-09-25 05:06:37,219 [pool-57-thread-1] INFO  impl.RaftServerImpl (RaftServerImpl.java:setRole(174)) - de37f7a0-0375-40a9-a318-404478482fcb@group-FD0A651E9541: changes role from      null to FOLLOWER at term 0 for startAsFollower
2019-09-25 05:06:37,219 [pool-57-thread-1] INFO  impl.RoleInfo (RoleInfo.java:updateAndGet(143)) - de37f7a0-0375-40a9-a318-404478482fcb: start FollowerState
2019-09-25 05:06:37,219 [pool-57-thread-1] INFO  util.JmxRegister (JmxRegister.java:tryRegister(44)) - Successfully registered JMX Bean with object name Ratis:service=RaftServer,group=group-FD0A651E9541,id=de37f7a0-0375-40a9-a318-404478482fcb
2019-09-25 05:06:37,222 [RatisPipelineUtilsThread] INFO  pipeline.PipelineStateManager (PipelineStateManager.java:addPipeline(56)) - Created pipeline Pipeline[ Id: ec57ba46-aa7a-4aea-90cf-fd0a651e9541, Nodes: de37f7a0-0375-40a9-a318-404478482fcb{ip: 192.168.30.10, host: pr-hdds-1569-s62bp-3040748787, networkLocation: /default-rack, certSerialId: null}, Type:RATIS, Factor:ONE, State:OPEN]
2019-09-25 05:06:37,227 [grpc-default-executor-1] INFO  impl.RaftServerProxy (RaftServerProxy.java:addNew(89)) - c8798e02-7f0c-41f7-82c2-a17323bcf21e: addNew group-E2AAA7B81356:[c8798e02-7f0c-41f7-82c2-a17323bcf21e:192.168.30.10:40603] returns group-E2AAA7B81356:java.util.concurrent.CompletableFuture@625e97f1[Not completed]
2019-09-25 05:06:37,228 [pool-47-thread-1] INFO  impl.RaftServerImpl (RaftServerImpl.java:<init>(95)) - c8798e02-7f0c-41f7-82c2-a17323bcf21e: new RaftServerImpl for group-E2AAA7B81356:[c8798e02-7f0c-41f7-82c2-a17323bcf21e:192.168.30.10:40603] with ContainerStateMachine:uninitialized
2019-09-25 05:06:37,228 [pool-47-thread-1] INFO  server.RaftServerConfigKeys (ConfUtils.java:logGet(43)) - raft.server.rpc.timeout.min = 5s (custom)
2019-09-25 05:06:37,228 [pool-47-thread-1] INFO  server.RaftServerConfigKeys (ConfUtils.java:logGet(43)) - raft.server.rpc.timeout.max = 5200ms (custom)
2019-09-25 05:06:37,228 [pool-47-thread-1] INFO  server.RaftServerConfigKeys (ConfUtils.java:logGet(43)) - raft.server.rpcslowness.timeout = 120s (custom)
2019-09-25 05:06:37,228 [pool-47-thread-1] INFO  server.RaftServerConfigKeys (ConfUtils.java:logGet(43)) - raft.server.sleep.deviation.threshold = 300 (default)
2019-09-25 05:06:37,228 [pool-47-thread-1] INFO  server.RaftServerConfigKeys (ConfUtils.java:logGet(43)) - raft.server.log.appender.install.snapshot.enabled = false (custom)
2019-09-25 05:06:37,228 [pool-47-thread-1] INFO  impl.RaftServerImpl (ServerState.java:<init>(103)) - c8798e02-7f0c-41f7-82c2-a17323bcf21e@group-E2AAA7B81356: ConfigurationManager, init=-1: [c8798e02-7f0c-41f7-82c2-a17323bcf21e:192.168.30.10:40603], old=null, confs=<EMPTY_MAP>
2019-09-25 05:06:37,229 [pool-47-thread-1] INFO  server.RaftServerConfigKeys (ConfUtils.java:logGet(43)) - raft.server.storage.dir = [/workdir/hadoop-ozone/integration-test/target/test-dir/MiniOzoneClusterImpl-23306158-e895-4fc7-80df-ce6c264c388b/datanode-2/data/ratis] (custom)
2019-09-25 05:06:37,229 [pool-47-thread-1] INFO  storage.RaftStorageDirectory (RaftStorageDirectory.java:analyzeStorage(246)) - The storage directory /workdir/hadoop-ozone/integration-test/target/test-dir/MiniOzoneClusterImpl-23306158-e895-4fc7-80df-ce6c264c388b/datanode-2/data/ratis/31bffda4-26cc-43ce-9cfe-e2aaa7b81356 does not exist. Creating ...
2019-09-25 05:06:37,242 [pool-47-thread-1] INFO  storage.RaftStorageDirectory (RaftStorageDirectory.java:tryLock(328)) - Lock on /workdir/hadoop-ozone/integration-test/target/test-dir/MiniOzoneClusterImpl-23306158-e895-4fc7-80df-ce6c264c388b/datanode-2/data/ratis/31bffda4-26cc-43ce-9cfe-e2aaa7b81356/in_use.lock acquired by nodename 25526@pr-hdds-1569-s62bp-3040748787
2019-09-25 05:06:37,256 [pool-47-thread-1] INFO  storage.RaftStorage (RaftStorage.java:format(72)) - Storage directory /workdir/hadoop-ozone/integration-test/target/test-dir/MiniOzoneClusterImpl-23306158-e895-4fc7-80df-ce6c264c388b/datanode-2/data/ratis/31bffda4-26cc-43ce-9cfe-e2aaa7b81356 has been successfully formatted.
2019-09-25 05:06:37,256 [pool-47-thread-1] INFO  ratis.ContainerStateMachine (ContainerStateMachine.java:loadSnapshot(230)) - group-E2AAA7B81356: The snapshot info is null. Setting the last applied indexto:(t:0, i:~)
2019-09-25 05:06:37,256 [pool-47-thread-1] INFO  server.RaftServerConfigKeys (ConfUtils.java:logGet(43)) - raft.server.notification.no-leader.timeout = 120s (custom)
2019-09-25 05:06:37,257 [pool-47-thread-1] INFO  server.RaftServerConfigKeys (ConfUtils.java:logGet(43)) - raft.server.log.use.memory = false (default)
2019-09-25 05:06:37,257 [pool-47-thread-1] INFO  server.RaftServerConfigKeys (ConfUtils.java:logGet(43)) - raft.server.log.purge.gap = 1000000 (custom)
2019-09-25 05:06:37,257 [pool-47-thread-1] INFO  server.RaftServerConfigKeys (ConfUtils.java:logGet(43)) - raft.server.log.appender.buffer.byte-limit = 33554432 (custom)
2019-09-25 05:06:37,257 [pool-47-thread-1] INFO  server.RaftServerConfigKeys (ConfUtils.java:logGet(43)) - raft.server.log.segment.size.max = 1048576 (custom)
2019-09-25 05:06:37,257 [pool-47-thread-1] INFO  server.RaftServerConfigKeys (ConfUtils.java:logGet(43)) - raft.server.log.segment.cache.num.max = 2 (custom)
2019-09-25 05:06:37,257 [pool-47-thread-1] INFO  segmented.SegmentedRaftLogWorker (SegmentedRaftLogWorker.java:<init>(172)) - new c8798e02-7f0c-41f7-82c2-a17323bcf21e@group-E2AAA7B81356-SegmentedRaftLogWorker for RaftStorage:Storage Directory /workdir/hadoop-ozone/integration-test/target/test-dir/MiniOzoneClusterImpl-23306158-e895-4fc7-80df-ce6c264c388b/datanode-2/data/ratis/31bffda4-26cc-43ce-9cfe-e2aaa7b81356
2019-09-25 05:06:37,257 [pool-47-thread-1] INFO  server.RaftServerConfigKeys (ConfUtils.java:logGet(43)) - raft.server.log.queue.byte-limit = 2147483647 (custom)
2019-09-25 05:06:37,258 [pool-47-thread-1] INFO  server.RaftServerConfigKeys (ConfUtils.java:logGet(43)) - raft.server.log.queue.element-limit = 1024 (custom)
2019-09-25 05:06:37,258 [pool-47-thread-1] INFO  server.RaftServerConfigKeys (ConfUtils.java:logGet(43)) - raft.server.log.segment.size.max = 1048576 (custom)
2019-09-25 05:06:37,258 [pool-47-thread-1] INFO  server.RaftServerConfigKeys (ConfUtils.java:logGet(43)) - raft.server.log.preallocated.size = 16384 (custom)
2019-09-25 05:06:37,258 [pool-47-thread-1] INFO  server.RaftServerConfigKeys (ConfUtils.java:logGet(43)) - raft.server.log.write.buffer.size = 33554432 (custom)
2019-09-25 05:06:37,258 [pool-47-thread-1] INFO  server.RaftServerConfigKeys (ConfUtils.java:logGet(43)) - raft.server.log.force.sync.num = 128 (default)
2019-09-25 05:06:37,258 [pool-47-thread-1] INFO  server.RaftServerConfigKeys (ConfUtils.java:logGet(43)) - raft.server.log.statemachine.data.sync = true (default)
2019-09-25 05:06:37,258 [pool-47-thread-1] INFO  server.RaftServerConfigKeys (ConfUtils.java:logGet(43)) - raft.server.log.statemachine.data.sync.timeout = 10s (default)
2019-09-25 05:06:37,258 [pool-47-thread-1] INFO  server.RaftServerConfigKeys (ConfUtils.java:logGet(43)) - raft.server.log.statemachine.data.sync.timeout.retry = -1 (default)
2019-09-25 05:06:37,259 [pool-47-thread-1] INFO  server.RaftServerConfigKeys (ConfUtils.java:logGet(43)) - raft.server.log.statemachine.data.caching.enabled = true (custom)
2019-09-25 05:06:37,259 [pool-47-thread-1] INFO  segmented.SegmentedRaftLogWorker (SegmentedRaftLogWorker.java:lambda$new$0(132)) - c8798e02-7f0c-41f7-82c2-a17323bcf21e@group-E2AAA7B81356-SegmentedRaftLogWorker: flushIndex: setUnconditionally 0 -> -1
2019-09-25 05:06:37,259 [pool-47-thread-1] INFO  server.RaftServerConfigKeys (ConfUtils.java:logGet(43)) - raft.server.snapshot.auto.trigger.enabled = true (custom)
2019-09-25 05:06:37,259 [pool-47-thread-1] INFO  server.RaftServerConfigKeys (ConfUtils.java:logGet(43)) - raft.server.snapshot.auto.trigger.threshold = 10000 (custom)
2019-09-25 05:06:37,259 [pool-47-thread-1] INFO  server.RaftServerConfigKeys (ConfUtils.java:logGet(43)) - raft.server.snapshot.retention.num.files = 5 (custom)
2019-09-25 05:06:37,260 [pool-47-thread-1] INFO  server.RaftServerConfigKeys (ConfUtils.java:logGet(43)) - raft.server.retrycache.expirytime = 600000ms (custom)
2019-09-25 05:06:37,261 [pool-47-thread-1] INFO  impl.RaftServerImpl (RaftServerImpl.java:start(185)) - c8798e02-7f0c-41f7-82c2-a17323bcf21e@group-E2AAA7B81356: start as a follower, conf=-1: [c8798e02-7f0c-41f7-82c2-a17323bcf21e:192.168.30.10:40603], old=null
2019-09-25 05:06:37,261 [pool-47-thread-1] INFO  impl.RaftServerImpl (RaftServerImpl.java:setRole(174)) - c8798e02-7f0c-41f7-82c2-a17323bcf21e@group-E2AAA7B81356: changes role from      null to FOLLOWER at term 0 for startAsFollower
2019-09-25 05:06:37,261 [pool-47-thread-1] INFO  impl.RoleInfo (RoleInfo.java:updateAndGet(143)) - c8798e02-7f0c-41f7-82c2-a17323bcf21e: start FollowerState
2019-09-25 05:06:37,262 [pool-47-thread-1] INFO  util.JmxRegister (JmxRegister.java:tryRegister(44)) - Successfully registered JMX Bean with object name Ratis:service=RaftServer,group=group-E2AAA7B81356,id=c8798e02-7f0c-41f7-82c2-a17323bcf21e
2019-09-25 05:06:37,264 [RatisPipelineUtilsThread] INFO  pipeline.PipelineStateManager (PipelineStateManager.java:addPipeline(56)) - Created pipeline Pipeline[ Id: 31bffda4-26cc-43ce-9cfe-e2aaa7b81356, Nodes: c8798e02-7f0c-41f7-82c2-a17323bcf21e{ip: 192.168.30.10, host: pr-hdds-1569-s62bp-3040748787, networkLocation: /default-rack, certSerialId: null}, Type:RATIS, Factor:ONE, State:OPEN]
2019-09-25 05:06:37,270 [grpc-default-executor-1] INFO  impl.RaftServerProxy (RaftServerProxy.java:addNew(89)) - 56396258-65a3-478c-9482-0be0199dd49c: addNew group-4682414C107C:[56396258-65a3-478c-9482-0be0199dd49c:192.168.30.10:41678] returns group-4682414C107C:java.util.concurrent.CompletableFuture@61a7cc87[Not completed]
2019-09-25 05:06:37,271 [pool-87-thread-1] INFO  impl.RaftServerImpl (RaftServerImpl.java:<init>(95)) - 56396258-65a3-478c-9482-0be0199dd49c: new RaftServerImpl for group-4682414C107C:[56396258-65a3-478c-9482-0be0199dd49c:192.168.30.10:41678] with ContainerStateMachine:uninitialized
2019-09-25 05:06:37,272 [pool-87-thread-1] INFO  server.RaftServerConfigKeys (ConfUtils.java:logGet(43)) - raft.server.rpc.timeout.min = 5s (custom)
2019-09-25 05:06:37,272 [pool-87-thread-1] INFO  server.RaftServerConfigKeys (ConfUtils.java:logGet(43)) - raft.server.rpc.timeout.max = 5200ms (custom)
2019-09-25 05:06:37,272 [pool-87-thread-1] INFO  server.RaftServerConfigKeys (ConfUtils.java:logGet(43)) - raft.server.rpcslowness.timeout = 120s (custom)
2019-09-25 05:06:37,272 [pool-87-thread-1] INFO  server.RaftServerConfigKeys (ConfUtils.java:logGet(43)) - raft.server.sleep.deviation.threshold = 300 (default)
2019-09-25 05:06:37,272 [pool-87-thread-1] INFO  server.RaftServerConfigKeys (ConfUtils.java:logGet(43)) - raft.server.log.appender.install.snapshot.enabled = false (custom)
2019-09-25 05:06:37,272 [pool-87-thread-1] INFO  impl.RaftServerImpl (ServerState.java:<init>(103)) - 56396258-65a3-478c-9482-0be0199dd49c@group-4682414C107C: ConfigurationManager, init=-1: [56396258-65a3-478c-9482-0be0199dd49c:192.168.30.10:41678], old=null, confs=<EMPTY_MAP>
2019-09-25 05:06:37,272 [pool-87-thread-1] INFO  server.RaftServerConfigKeys (ConfUtils.java:logGet(43)) - raft.server.storage.dir = [/workdir/hadoop-ozone/integration-test/target/test-dir/MiniOzoneClusterImpl-23306158-e895-4fc7-80df-ce6c264c388b/datanode-6/data/ratis] (custom)
2019-09-25 05:06:37,273 [pool-87-thread-1] INFO  storage.RaftStorageDirectory (RaftStorageDirectory.java:analyzeStorage(246)) - The storage directory /workdir/hadoop-ozone/integration-test/target/test-dir/MiniOzoneClusterImpl-23306158-e895-4fc7-80df-ce6c264c388b/datanode-6/data/ratis/a431caa8-f657-4f82-ac56-4682414c107c does not exist. Creating ...
2019-09-25 05:06:37,286 [pool-87-thread-1] INFO  storage.RaftStorageDirectory (RaftStorageDirectory.java:tryLock(328)) - Lock on /workdir/hadoop-ozone/integration-test/target/test-dir/MiniOzoneClusterImpl-23306158-e895-4fc7-80df-ce6c264c388b/datanode-6/data/ratis/a431caa8-f657-4f82-ac56-4682414c107c/in_use.lock acquired by nodename 25526@pr-hdds-1569-s62bp-3040748787
2019-09-25 05:06:37,299 [pool-87-thread-1] INFO  storage.RaftStorage (RaftStorage.java:format(72)) - Storage directory /workdir/hadoop-ozone/integration-test/target/test-dir/MiniOzoneClusterImpl-23306158-e895-4fc7-80df-ce6c264c388b/datanode-6/data/ratis/a431caa8-f657-4f82-ac56-4682414c107c has been successfully formatted.
2019-09-25 05:06:37,300 [pool-87-thread-1] INFO  ratis.ContainerStateMachine (ContainerStateMachine.java:loadSnapshot(230)) - group-4682414C107C: The snapshot info is null. Setting the last applied indexto:(t:0, i:~)
2019-09-25 05:06:37,300 [pool-87-thread-1] INFO  server.RaftServerConfigKeys (ConfUtils.java:logGet(43)) - raft.server.notification.no-leader.timeout = 120s (custom)
2019-09-25 05:06:37,300 [pool-87-thread-1] INFO  server.RaftServerConfigKeys (ConfUtils.java:logGet(43)) - raft.server.log.use.memory = false (default)
2019-09-25 05:06:37,300 [pool-87-thread-1] INFO  server.RaftServerConfigKeys (ConfUtils.java:logGet(43)) - raft.server.log.purge.gap = 1000000 (custom)
2019-09-25 05:06:37,300 [pool-87-thread-1] INFO  server.RaftServerConfigKeys (ConfUtils.java:logGet(43)) - raft.server.log.appender.buffer.byte-limit = 33554432 (custom)
2019-09-25 05:06:37,300 [pool-87-thread-1] INFO  server.RaftServerConfigKeys (ConfUtils.java:logGet(43)) - raft.server.log.segment.size.max = 1048576 (custom)
2019-09-25 05:06:37,301 [pool-87-thread-1] INFO  server.RaftServerConfigKeys (ConfUtils.java:logGet(43)) - raft.server.log.segment.cache.num.max = 2 (custom)
2019-09-25 05:06:37,301 [pool-87-thread-1] INFO  segmented.SegmentedRaftLogWorker (SegmentedRaftLogWorker.java:<init>(172)) - new 56396258-65a3-478c-9482-0be0199dd49c@group-4682414C107C-SegmentedRaftLogWorker for RaftStorage:Storage Directory /workdir/hadoop-ozone/integration-test/target/test-dir/MiniOzoneClusterImpl-23306158-e895-4fc7-80df-ce6c264c388b/datanode-6/data/ratis/a431caa8-f657-4f82-ac56-4682414c107c
2019-09-25 05:06:37,301 [pool-87-thread-1] INFO  server.RaftServerConfigKeys (ConfUtils.java:logGet(43)) - raft.server.log.queue.byte-limit = 2147483647 (custom)
2019-09-25 05:06:37,301 [pool-87-thread-1] INFO  server.RaftServerConfigKeys (ConfUtils.java:logGet(43)) - raft.server.log.queue.element-limit = 1024 (custom)
2019-09-25 05:06:37,301 [pool-87-thread-1] INFO  server.RaftServerConfigKeys (ConfUtils.java:logGet(43)) - raft.server.log.segment.size.max = 1048576 (custom)
2019-09-25 05:06:37,301 [pool-87-thread-1] INFO  server.RaftServerConfigKeys (ConfUtils.java:logGet(43)) - raft.server.log.preallocated.size = 16384 (custom)
2019-09-25 05:06:37,301 [pool-87-thread-1] INFO  server.RaftServerConfigKeys (ConfUtils.java:logGet(43)) - raft.server.log.write.buffer.size = 33554432 (custom)
2019-09-25 05:06:37,302 [pool-87-thread-1] INFO  server.RaftServerConfigKeys (ConfUtils.java:logGet(43)) - raft.server.log.force.sync.num = 128 (default)
2019-09-25 05:06:37,302 [pool-87-thread-1] INFO  server.RaftServerConfigKeys (ConfUtils.java:logGet(43)) - raft.server.log.statemachine.data.sync = true (default)
2019-09-25 05:06:37,302 [pool-87-thread-1] INFO  server.RaftServerConfigKeys (ConfUtils.java:logGet(43)) - raft.server.log.statemachine.data.sync.timeout = 10s (default)
2019-09-25 05:06:37,302 [pool-87-thread-1] INFO  server.RaftServerConfigKeys (ConfUtils.java:logGet(43)) - raft.server.log.statemachine.data.sync.timeout.retry = -1 (default)
2019-09-25 05:06:37,302 [pool-87-thread-1] INFO  server.RaftServerConfigKeys (ConfUtils.java:logGet(43)) - raft.server.log.statemachine.data.caching.enabled = true (custom)
2019-09-25 05:06:37,302 [pool-87-thread-1] INFO  segmented.SegmentedRaftLogWorker (SegmentedRaftLogWorker.java:lambda$new$0(132)) - 56396258-65a3-478c-9482-0be0199dd49c@group-4682414C107C-SegmentedRaftLogWorker: flushIndex: setUnconditionally 0 -> -1
2019-09-25 05:06:37,303 [pool-87-thread-1] INFO  server.RaftServerConfigKeys (ConfUtils.java:logGet(43)) - raft.server.snapshot.auto.trigger.enabled = true (custom)
2019-09-25 05:06:37,303 [pool-87-thread-1] INFO  server.RaftServerConfigKeys (ConfUtils.java:logGet(43)) - raft.server.snapshot.auto.trigger.threshold = 10000 (custom)
2019-09-25 05:06:37,303 [pool-87-thread-1] INFO  server.RaftServerConfigKeys (ConfUtils.java:logGet(43)) - raft.server.snapshot.retention.num.files = 5 (custom)
2019-09-25 05:06:37,303 [pool-87-thread-1] INFO  server.RaftServerConfigKeys (ConfUtils.java:logGet(43)) - raft.server.retrycache.expirytime = 600000ms (custom)
2019-09-25 05:06:37,305 [pool-87-thread-1] INFO  impl.RaftServerImpl (RaftServerImpl.java:start(185)) - 56396258-65a3-478c-9482-0be0199dd49c@group-4682414C107C: start as a follower, conf=-1: [56396258-65a3-478c-9482-0be0199dd49c:192.168.30.10:41678], old=null
2019-09-25 05:06:37,305 [pool-87-thread-1] INFO  impl.RaftServerImpl (RaftServerImpl.java:setRole(174)) - 56396258-65a3-478c-9482-0be0199dd49c@group-4682414C107C: changes role from      null to FOLLOWER at term 0 for startAsFollower
2019-09-25 05:06:37,305 [pool-87-thread-1] INFO  impl.RoleInfo (RoleInfo.java:updateAndGet(143)) - 56396258-65a3-478c-9482-0be0199dd49c: start FollowerState
2019-09-25 05:06:37,305 [pool-87-thread-1] INFO  util.JmxRegister (JmxRegister.java:tryRegister(44)) - Successfully registered JMX Bean with object name Ratis:service=RaftServer,group=group-4682414C107C,id=56396258-65a3-478c-9482-0be0199dd49c
2019-09-25 05:06:37,308 [RatisPipelineUtilsThread] INFO  pipeline.PipelineStateManager (PipelineStateManager.java:addPipeline(56)) - Created pipeline Pipeline[ Id: a431caa8-f657-4f82-ac56-4682414c107c, Nodes: 56396258-65a3-478c-9482-0be0199dd49c{ip: 192.168.30.10, host: pr-hdds-1569-s62bp-3040748787, networkLocation: /default-rack, certSerialId: null}, Type:RATIS, Factor:ONE, State:OPEN]
2019-09-25 05:06:37,312 [grpc-default-executor-1] INFO  impl.RaftServerProxy (RaftServerProxy.java:addNew(89)) - 36ac27b3-2f11-437d-8f1f-165306b0ff4a: addNew group-4464DDF50C68:[36ac27b3-2f11-437d-8f1f-165306b0ff4a:192.168.30.10:45265] returns group-4464DDF50C68:java.util.concurrent.CompletableFuture@7b4bec28[Not completed]
2019-09-25 05:06:37,313 [pool-37-thread-1] INFO  impl.RaftServerImpl (RaftServerImpl.java:<init>(95)) - 36ac27b3-2f11-437d-8f1f-165306b0ff4a: new RaftServerImpl for group-4464DDF50C68:[36ac27b3-2f11-437d-8f1f-165306b0ff4a:192.168.30.10:45265] with ContainerStateMachine:uninitialized
2019-09-25 05:06:37,313 [pool-37-thread-1] INFO  server.RaftServerConfigKeys (ConfUtils.java:logGet(43)) - raft.server.rpc.timeout.min = 5s (custom)
2019-09-25 05:06:37,313 [pool-37-thread-1] INFO  server.RaftServerConfigKeys (ConfUtils.java:logGet(43)) - raft.server.rpc.timeout.max = 5200ms (custom)
2019-09-25 05:06:37,313 [pool-37-thread-1] INFO  server.RaftServerConfigKeys (ConfUtils.java:logGet(43)) - raft.server.rpcslowness.timeout = 120s (custom)
2019-09-25 05:06:37,313 [pool-37-thread-1] INFO  server.RaftServerConfigKeys (ConfUtils.java:logGet(43)) - raft.server.sleep.deviation.threshold = 300 (default)
2019-09-25 05:06:37,313 [pool-37-thread-1] INFO  server.RaftServerConfigKeys (ConfUtils.java:logGet(43)) - raft.server.log.appender.install.snapshot.enabled = false (custom)
2019-09-25 05:06:37,313 [pool-37-thread-1] INFO  impl.RaftServerImpl (ServerState.java:<init>(103)) - 36ac27b3-2f11-437d-8f1f-165306b0ff4a@group-4464DDF50C68: ConfigurationManager, init=-1: [36ac27b3-2f11-437d-8f1f-165306b0ff4a:192.168.30.10:45265], old=null, confs=<EMPTY_MAP>
2019-09-25 05:06:37,314 [pool-37-thread-1] INFO  server.RaftServerConfigKeys (ConfUtils.java:logGet(43)) - raft.server.storage.dir = [/workdir/hadoop-ozone/integration-test/target/test-dir/MiniOzoneClusterImpl-23306158-e895-4fc7-80df-ce6c264c388b/datanode-1/data/ratis] (custom)
2019-09-25 05:06:37,314 [pool-37-thread-1] INFO  storage.RaftStorageDirectory (RaftStorageDirectory.java:analyzeStorage(246)) - The storage directory /workdir/hadoop-ozone/integration-test/target/test-dir/MiniOzoneClusterImpl-23306158-e895-4fc7-80df-ce6c264c388b/datanode-1/data/ratis/72d730d3-51b7-426a-8807-4464ddf50c68 does not exist. Creating ...
2019-09-25 05:06:37,329 [pool-37-thread-1] INFO  storage.RaftStorageDirectory (RaftStorageDirectory.java:tryLock(328)) - Lock on /workdir/hadoop-ozone/integration-test/target/test-dir/MiniOzoneClusterImpl-23306158-e895-4fc7-80df-ce6c264c388b/datanode-1/data/ratis/72d730d3-51b7-426a-8807-4464ddf50c68/in_use.lock acquired by nodename 25526@pr-hdds-1569-s62bp-3040748787
2019-09-25 05:06:37,343 [pool-37-thread-1] INFO  storage.RaftStorage (RaftStorage.java:format(72)) - Storage directory /workdir/hadoop-ozone/integration-test/target/test-dir/MiniOzoneClusterImpl-23306158-e895-4fc7-80df-ce6c264c388b/datanode-1/data/ratis/72d730d3-51b7-426a-8807-4464ddf50c68 has been successfully formatted.
2019-09-25 05:06:37,343 [pool-37-thread-1] INFO  ratis.ContainerStateMachine (ContainerStateMachine.java:loadSnapshot(230)) - group-4464DDF50C68: The snapshot info is null. Setting the last applied indexto:(t:0, i:~)
2019-09-25 05:06:37,343 [pool-37-thread-1] INFO  server.RaftServerConfigKeys (ConfUtils.java:logGet(43)) - raft.server.notification.no-leader.timeout = 120s (custom)
2019-09-25 05:06:37,343 [pool-37-thread-1] INFO  server.RaftServerConfigKeys (ConfUtils.java:logGet(43)) - raft.server.log.use.memory = false (default)
2019-09-25 05:06:37,343 [pool-37-thread-1] INFO  server.RaftServerConfigKeys (ConfUtils.java:logGet(43)) - raft.server.log.purge.gap = 1000000 (custom)
2019-09-25 05:06:37,343 [pool-37-thread-1] INFO  server.RaftServerConfigKeys (ConfUtils.java:logGet(43)) - raft.server.log.appender.buffer.byte-limit = 33554432 (custom)
2019-09-25 05:06:37,343 [pool-37-thread-1] INFO  server.RaftServerConfigKeys (ConfUtils.java:logGet(43)) - raft.server.log.segment.size.max = 1048576 (custom)
2019-09-25 05:06:37,343 [pool-37-thread-1] INFO  server.RaftServerConfigKeys (ConfUtils.java:logGet(43)) - raft.server.log.segment.cache.num.max = 2 (custom)
2019-09-25 05:06:37,343 [pool-37-thread-1] INFO  segmented.SegmentedRaftLogWorker (SegmentedRaftLogWorker.java:<init>(172)) - new 36ac27b3-2f11-437d-8f1f-165306b0ff4a@group-4464DDF50C68-SegmentedRaftLogWorker for RaftStorage:Storage Directory /workdir/hadoop-ozone/integration-test/target/test-dir/MiniOzoneClusterImpl-23306158-e895-4fc7-80df-ce6c264c388b/datanode-1/data/ratis/72d730d3-51b7-426a-8807-4464ddf50c68
2019-09-25 05:06:37,344 [pool-37-thread-1] INFO  server.RaftServerConfigKeys (ConfUtils.java:logGet(43)) - raft.server.log.queue.byte-limit = 2147483647 (custom)
2019-09-25 05:06:37,344 [pool-37-thread-1] INFO  server.RaftServerConfigKeys (ConfUtils.java:logGet(43)) - raft.server.log.queue.element-limit = 1024 (custom)
2019-09-25 05:06:37,344 [pool-37-thread-1] INFO  server.RaftServerConfigKeys (ConfUtils.java:logGet(43)) - raft.server.log.segment.size.max = 1048576 (custom)
2019-09-25 05:06:37,344 [pool-37-thread-1] INFO  server.RaftServerConfigKeys (ConfUtils.java:logGet(43)) - raft.server.log.preallocated.size = 16384 (custom)
2019-09-25 05:06:37,344 [pool-37-thread-1] INFO  server.RaftServerConfigKeys (ConfUtils.java:logGet(43)) - raft.server.log.write.buffer.size = 33554432 (custom)
2019-09-25 05:06:37,344 [pool-37-thread-1] INFO  server.RaftServerConfigKeys (ConfUtils.java:logGet(43)) - raft.server.log.force.sync.num = 128 (default)
2019-09-25 05:06:37,344 [pool-37-thread-1] INFO  server.RaftServerConfigKeys (ConfUtils.java:logGet(43)) - raft.server.log.statemachine.data.sync = true (default)
2019-09-25 05:06:37,344 [pool-37-thread-1] INFO  server.RaftServerConfigKeys (ConfUtils.java:logGet(43)) - raft.server.log.statemachine.data.sync.timeout = 10s (default)
2019-09-25 05:06:37,344 [pool-37-thread-1] INFO  server.RaftServerConfigKeys (ConfUtils.java:logGet(43)) - raft.server.log.statemachine.data.sync.timeout.retry = -1 (default)
2019-09-25 05:06:37,344 [pool-37-thread-1] INFO  server.RaftServerConfigKeys (ConfUtils.java:logGet(43)) - raft.server.log.statemachine.data.caching.enabled = true (custom)
2019-09-25 05:06:37,344 [pool-37-thread-1] INFO  segmented.SegmentedRaftLogWorker (SegmentedRaftLogWorker.java:lambda$new$0(132)) - 36ac27b3-2f11-437d-8f1f-165306b0ff4a@group-4464DDF50C68-SegmentedRaftLogWorker: flushIndex: setUnconditionally 0 -> -1
2019-09-25 05:06:37,345 [pool-37-thread-1] INFO  server.RaftServerConfigKeys (ConfUtils.java:logGet(43)) - raft.server.snapshot.auto.trigger.enabled = true (custom)
2019-09-25 05:06:37,345 [pool-37-thread-1] INFO  server.RaftServerConfigKeys (ConfUtils.java:logGet(43)) - raft.server.snapshot.auto.trigger.threshold = 10000 (custom)
2019-09-25 05:06:37,345 [pool-37-thread-1] INFO  server.RaftServerConfigKeys (ConfUtils.java:logGet(43)) - raft.server.snapshot.retention.num.files = 5 (custom)
2019-09-25 05:06:37,345 [pool-37-thread-1] INFO  server.RaftServerConfigKeys (ConfUtils.java:logGet(43)) - raft.server.retrycache.expirytime = 600000ms (custom)
2019-09-25 05:06:37,346 [pool-37-thread-1] INFO  impl.RaftServerImpl (RaftServerImpl.java:start(185)) - 36ac27b3-2f11-437d-8f1f-165306b0ff4a@group-4464DDF50C68: start as a follower, conf=-1: [36ac27b3-2f11-437d-8f1f-165306b0ff4a:192.168.30.10:45265], old=null
2019-09-25 05:06:37,346 [pool-37-thread-1] INFO  impl.RaftServerImpl (RaftServerImpl.java:setRole(174)) - 36ac27b3-2f11-437d-8f1f-165306b0ff4a@group-4464DDF50C68: changes role from      null to FOLLOWER at term 0 for startAsFollower
2019-09-25 05:06:37,346 [pool-37-thread-1] INFO  impl.RoleInfo (RoleInfo.java:updateAndGet(143)) - 36ac27b3-2f11-437d-8f1f-165306b0ff4a: start FollowerState
2019-09-25 05:06:37,346 [pool-37-thread-1] INFO  util.JmxRegister (JmxRegister.java:tryRegister(44)) - Successfully registered JMX Bean with object name Ratis:service=RaftServer,group=group-4464DDF50C68,id=36ac27b3-2f11-437d-8f1f-165306b0ff4a
2019-09-25 05:06:37,349 [RatisPipelineUtilsThread] INFO  pipeline.PipelineStateManager (PipelineStateManager.java:addPipeline(56)) - Created pipeline Pipeline[ Id: 72d730d3-51b7-426a-8807-4464ddf50c68, Nodes: 36ac27b3-2f11-437d-8f1f-165306b0ff4a{ip: 192.168.30.10, host: pr-hdds-1569-s62bp-3040748787, networkLocation: /default-rack, certSerialId: null}, Type:RATIS, Factor:ONE, State:OPEN]
2019-09-25 05:06:37,353 [grpc-default-executor-1] INFO  impl.RaftServerProxy (RaftServerProxy.java:addNew(89)) - b4fa7d23-6606-45fd-9544-2b08ca3fa933: addNew group-F4C009B3BCD6:[b4fa7d23-6606-45fd-9544-2b08ca3fa933:192.168.30.10:34493] returns group-F4C009B3BCD6:java.util.concurrent.CompletableFuture@7156150b[Not completed]
2019-09-25 05:06:37,354 [pool-77-thread-1] INFO  impl.RaftServerImpl (RaftServerImpl.java:<init>(95)) - b4fa7d23-6606-45fd-9544-2b08ca3fa933: new RaftServerImpl for group-F4C009B3BCD6:[b4fa7d23-6606-45fd-9544-2b08ca3fa933:192.168.30.10:34493] with ContainerStateMachine:uninitialized
2019-09-25 05:06:37,354 [pool-77-thread-1] INFO  server.RaftServerConfigKeys (ConfUtils.java:logGet(43)) - raft.server.rpc.timeout.min = 5s (custom)
2019-09-25 05:06:37,354 [pool-77-thread-1] INFO  server.RaftServerConfigKeys (ConfUtils.java:logGet(43)) - raft.server.rpc.timeout.max = 5200ms (custom)
2019-09-25 05:06:37,354 [pool-77-thread-1] INFO  server.RaftServerConfigKeys (ConfUtils.java:logGet(43)) - raft.server.rpcslowness.timeout = 120s (custom)
2019-09-25 05:06:37,354 [pool-77-thread-1] INFO  server.RaftServerConfigKeys (ConfUtils.java:logGet(43)) - raft.server.sleep.deviation.threshold = 300 (default)
2019-09-25 05:06:37,354 [pool-77-thread-1] INFO  server.RaftServerConfigKeys (ConfUtils.java:logGet(43)) - raft.server.log.appender.install.snapshot.enabled = false (custom)
2019-09-25 05:06:37,354 [pool-77-thread-1] INFO  impl.RaftServerImpl (ServerState.java:<init>(103)) - b4fa7d23-6606-45fd-9544-2b08ca3fa933@group-F4C009B3BCD6: ConfigurationManager, init=-1: [b4fa7d23-6606-45fd-9544-2b08ca3fa933:192.168.30.10:34493], old=null, confs=<EMPTY_MAP>
2019-09-25 05:06:37,354 [pool-77-thread-1] INFO  server.RaftServerConfigKeys (ConfUtils.java:logGet(43)) - raft.server.storage.dir = [/workdir/hadoop-ozone/integration-test/target/test-dir/MiniOzoneClusterImpl-23306158-e895-4fc7-80df-ce6c264c388b/datanode-5/data/ratis] (custom)
2019-09-25 05:06:37,354 [pool-77-thread-1] INFO  storage.RaftStorageDirectory (RaftStorageDirectory.java:analyzeStorage(246)) - The storage directory /workdir/hadoop-ozone/integration-test/target/test-dir/MiniOzoneClusterImpl-23306158-e895-4fc7-80df-ce6c264c388b/datanode-5/data/ratis/d0c397c7-068b-400b-96de-f4c009b3bcd6 does not exist. Creating ...
2019-09-25 05:06:37,367 [pool-77-thread-1] INFO  storage.RaftStorageDirectory (RaftStorageDirectory.java:tryLock(328)) - Lock on /workdir/hadoop-ozone/integration-test/target/test-dir/MiniOzoneClusterImpl-23306158-e895-4fc7-80df-ce6c264c388b/datanode-5/data/ratis/d0c397c7-068b-400b-96de-f4c009b3bcd6/in_use.lock acquired by nodename 25526@pr-hdds-1569-s62bp-3040748787
2019-09-25 05:06:37,380 [pool-77-thread-1] INFO  storage.RaftStorage (RaftStorage.java:format(72)) - Storage directory /workdir/hadoop-ozone/integration-test/target/test-dir/MiniOzoneClusterImpl-23306158-e895-4fc7-80df-ce6c264c388b/datanode-5/data/ratis/d0c397c7-068b-400b-96de-f4c009b3bcd6 has been successfully formatted.
2019-09-25 05:06:37,381 [pool-77-thread-1] INFO  ratis.ContainerStateMachine (ContainerStateMachine.java:loadSnapshot(230)) - group-F4C009B3BCD6: The snapshot info is null. Setting the last applied indexto:(t:0, i:~)
2019-09-25 05:06:37,381 [pool-77-thread-1] INFO  server.RaftServerConfigKeys (ConfUtils.java:logGet(43)) - raft.server.notification.no-leader.timeout = 120s (custom)
2019-09-25 05:06:37,381 [pool-77-thread-1] INFO  server.RaftServerConfigKeys (ConfUtils.java:logGet(43)) - raft.server.log.use.memory = false (default)
2019-09-25 05:06:37,381 [pool-77-thread-1] INFO  server.RaftServerConfigKeys (ConfUtils.java:logGet(43)) - raft.server.log.purge.gap = 1000000 (custom)
2019-09-25 05:06:37,381 [pool-77-thread-1] INFO  server.RaftServerConfigKeys (ConfUtils.java:logGet(43)) - raft.server.log.appender.buffer.byte-limit = 33554432 (custom)
2019-09-25 05:06:37,381 [pool-77-thread-1] INFO  server.RaftServerConfigKeys (ConfUtils.java:logGet(43)) - raft.server.log.segment.size.max = 1048576 (custom)
2019-09-25 05:06:37,381 [pool-77-thread-1] INFO  server.RaftServerConfigKeys (ConfUtils.java:logGet(43)) - raft.server.log.segment.cache.num.max = 2 (custom)
2019-09-25 05:06:37,381 [pool-77-thread-1] INFO  segmented.SegmentedRaftLogWorker (SegmentedRaftLogWorker.java:<init>(172)) - new b4fa7d23-6606-45fd-9544-2b08ca3fa933@group-F4C009B3BCD6-SegmentedRaftLogWorker for RaftStorage:Storage Directory /workdir/hadoop-ozone/integration-test/target/test-dir/MiniOzoneClusterImpl-23306158-e895-4fc7-80df-ce6c264c388b/datanode-5/data/ratis/d0c397c7-068b-400b-96de-f4c009b3bcd6
2019-09-25 05:06:37,381 [pool-77-thread-1] INFO  server.RaftServerConfigKeys (ConfUtils.java:logGet(43)) - raft.server.log.queue.byte-limit = 2147483647 (custom)
2019-09-25 05:06:37,381 [pool-77-thread-1] INFO  server.RaftServerConfigKeys (ConfUtils.java:logGet(43)) - raft.server.log.queue.element-limit = 1024 (custom)
2019-09-25 05:06:37,382 [pool-77-thread-1] INFO  server.RaftServerConfigKeys (ConfUtils.java:logGet(43)) - raft.server.log.segment.size.max = 1048576 (custom)
2019-09-25 05:06:37,382 [pool-77-thread-1] INFO  server.RaftServerConfigKeys (ConfUtils.java:logGet(43)) - raft.server.log.preallocated.size = 16384 (custom)
2019-09-25 05:06:37,382 [pool-77-thread-1] INFO  server.RaftServerConfigKeys (ConfUtils.java:logGet(43)) - raft.server.log.write.buffer.size = 33554432 (custom)
2019-09-25 05:06:37,382 [pool-77-thread-1] INFO  server.RaftServerConfigKeys (ConfUtils.java:logGet(43)) - raft.server.log.force.sync.num = 128 (default)
2019-09-25 05:06:37,382 [pool-77-thread-1] INFO  server.RaftServerConfigKeys (ConfUtils.java:logGet(43)) - raft.server.log.statemachine.data.sync = true (default)
2019-09-25 05:06:37,382 [pool-77-thread-1] INFO  server.RaftServerConfigKeys (ConfUtils.java:logGet(43)) - raft.server.log.statemachine.data.sync.timeout = 10s (default)
2019-09-25 05:06:37,382 [pool-77-thread-1] INFO  server.RaftServerConfigKeys (ConfUtils.java:logGet(43)) - raft.server.log.statemachine.data.sync.timeout.retry = -1 (default)
2019-09-25 05:06:37,382 [pool-77-thread-1] INFO  server.RaftServerConfigKeys (ConfUtils.java:logGet(43)) - raft.server.log.statemachine.data.caching.enabled = true (custom)
2019-09-25 05:06:37,382 [pool-77-thread-1] INFO  segmented.SegmentedRaftLogWorker (SegmentedRaftLogWorker.java:lambda$new$0(132)) - b4fa7d23-6606-45fd-9544-2b08ca3fa933@group-F4C009B3BCD6-SegmentedRaftLogWorker: flushIndex: setUnconditionally 0 -> -1
2019-09-25 05:06:37,383 [pool-77-thread-1] INFO  server.RaftServerConfigKeys (ConfUtils.java:logGet(43)) - raft.server.snapshot.auto.trigger.enabled = true (custom)
2019-09-25 05:06:37,383 [pool-77-thread-1] INFO  server.RaftServerConfigKeys (ConfUtils.java:logGet(43)) - raft.server.snapshot.auto.trigger.threshold = 10000 (custom)
2019-09-25 05:06:37,383 [pool-77-thread-1] INFO  server.RaftServerConfigKeys (ConfUtils.java:logGet(43)) - raft.server.snapshot.retention.num.files = 5 (custom)
2019-09-25 05:06:37,383 [pool-77-thread-1] INFO  server.RaftServerConfigKeys (ConfUtils.java:logGet(43)) - raft.server.retrycache.expirytime = 600000ms (custom)
2019-09-25 05:06:37,384 [pool-77-thread-1] INFO  impl.RaftServerImpl (RaftServerImpl.java:start(185)) - b4fa7d23-6606-45fd-9544-2b08ca3fa933@group-F4C009B3BCD6: start as a follower, conf=-1: [b4fa7d23-6606-45fd-9544-2b08ca3fa933:192.168.30.10:34493], old=null
2019-09-25 05:06:37,384 [pool-77-thread-1] INFO  impl.RaftServerImpl (RaftServerImpl.java:setRole(174)) - b4fa7d23-6606-45fd-9544-2b08ca3fa933@group-F4C009B3BCD6: changes role from      null to FOLLOWER at term 0 for startAsFollower
2019-09-25 05:06:37,384 [pool-77-thread-1] INFO  impl.RoleInfo (RoleInfo.java:updateAndGet(143)) - b4fa7d23-6606-45fd-9544-2b08ca3fa933: start FollowerState
2019-09-25 05:06:37,384 [pool-77-thread-1] INFO  util.JmxRegister (JmxRegister.java:tryRegister(44)) - Successfully registered JMX Bean with object name Ratis:service=RaftServer,group=group-F4C009B3BCD6,id=b4fa7d23-6606-45fd-9544-2b08ca3fa933
2019-09-25 05:06:37,387 [RatisPipelineUtilsThread] INFO  pipeline.PipelineStateManager (PipelineStateManager.java:addPipeline(56)) - Created pipeline Pipeline[ Id: d0c397c7-068b-400b-96de-f4c009b3bcd6, Nodes: b4fa7d23-6606-45fd-9544-2b08ca3fa933{ip: 192.168.30.10, host: pr-hdds-1569-s62bp-3040748787, networkLocation: /default-rack, certSerialId: null}, Type:RATIS, Factor:ONE, State:OPEN]
2019-09-25 05:06:37,391 [grpc-default-executor-1] INFO  impl.RaftServerProxy (RaftServerProxy.java:addNew(89)) - 36ac27b3-2f11-437d-8f1f-165306b0ff4a: addNew group-363D8F71D846:[36ac27b3-2f11-437d-8f1f-165306b0ff4a:192.168.30.10:45265] returns group-363D8F71D846:java.util.concurrent.CompletableFuture@5812d2c0[Not completed]
2019-09-25 05:06:37,392 [pool-37-thread-1] INFO  impl.RaftServerImpl (RaftServerImpl.java:<init>(95)) - 36ac27b3-2f11-437d-8f1f-165306b0ff4a: new RaftServerImpl for group-363D8F71D846:[36ac27b3-2f11-437d-8f1f-165306b0ff4a:192.168.30.10:45265] with ContainerStateMachine:uninitialized
2019-09-25 05:06:37,392 [pool-37-thread-1] INFO  server.RaftServerConfigKeys (ConfUtils.java:logGet(43)) - raft.server.rpc.timeout.min = 5s (custom)
2019-09-25 05:06:37,393 [pool-37-thread-1] INFO  server.RaftServerConfigKeys (ConfUtils.java:logGet(43)) - raft.server.rpc.timeout.max = 5200ms (custom)
2019-09-25 05:06:37,393 [pool-37-thread-1] INFO  server.RaftServerConfigKeys (ConfUtils.java:logGet(43)) - raft.server.rpcslowness.timeout = 120s (custom)
2019-09-25 05:06:37,393 [pool-37-thread-1] INFO  server.RaftServerConfigKeys (ConfUtils.java:logGet(43)) - raft.server.sleep.deviation.threshold = 300 (default)
2019-09-25 05:06:37,393 [pool-37-thread-1] INFO  server.RaftServerConfigKeys (ConfUtils.java:logGet(43)) - raft.server.log.appender.install.snapshot.enabled = false (custom)
2019-09-25 05:06:37,393 [pool-37-thread-1] INFO  impl.RaftServerImpl (ServerState.java:<init>(103)) - 36ac27b3-2f11-437d-8f1f-165306b0ff4a@group-363D8F71D846: ConfigurationManager, init=-1: [36ac27b3-2f11-437d-8f1f-165306b0ff4a:192.168.30.10:45265], old=null, confs=<EMPTY_MAP>
2019-09-25 05:06:37,394 [pool-37-thread-1] INFO  server.RaftServerConfigKeys (ConfUtils.java:logGet(43)) - raft.server.storage.dir = [/workdir/hadoop-ozone/integration-test/target/test-dir/MiniOzoneClusterImpl-23306158-e895-4fc7-80df-ce6c264c388b/datanode-1/data/ratis] (custom)
2019-09-25 05:06:37,394 [pool-37-thread-1] INFO  storage.RaftStorageDirectory (RaftStorageDirectory.java:analyzeStorage(246)) - The storage directory /workdir/hadoop-ozone/integration-test/target/test-dir/MiniOzoneClusterImpl-23306158-e895-4fc7-80df-ce6c264c388b/datanode-1/data/ratis/0f2f1327-318f-4068-bcec-363d8f71d846 does not exist. Creating ...
2019-09-25 05:06:37,408 [pool-37-thread-1] INFO  storage.RaftStorageDirectory (RaftStorageDirectory.java:tryLock(328)) - Lock on /workdir/hadoop-ozone/integration-test/target/test-dir/MiniOzoneClusterImpl-23306158-e895-4fc7-80df-ce6c264c388b/datanode-1/data/ratis/0f2f1327-318f-4068-bcec-363d8f71d846/in_use.lock acquired by nodename 25526@pr-hdds-1569-s62bp-3040748787
2019-09-25 05:06:37,421 [pool-37-thread-1] INFO  storage.RaftStorage (RaftStorage.java:format(72)) - Storage directory /workdir/hadoop-ozone/integration-test/target/test-dir/MiniOzoneClusterImpl-23306158-e895-4fc7-80df-ce6c264c388b/datanode-1/data/ratis/0f2f1327-318f-4068-bcec-363d8f71d846 has been successfully formatted.
2019-09-25 05:06:37,422 [pool-37-thread-1] INFO  ratis.ContainerStateMachine (ContainerStateMachine.java:loadSnapshot(230)) - group-363D8F71D846: The snapshot info is null. Setting the last applied indexto:(t:0, i:~)
2019-09-25 05:06:37,422 [pool-37-thread-1] INFO  server.RaftServerConfigKeys (ConfUtils.java:logGet(43)) - raft.server.notification.no-leader.timeout = 120s (custom)
2019-09-25 05:06:37,422 [pool-37-thread-1] INFO  server.RaftServerConfigKeys (ConfUtils.java:logGet(43)) - raft.server.log.use.memory = false (default)
2019-09-25 05:06:37,422 [pool-37-thread-1] INFO  server.RaftServerConfigKeys (ConfUtils.java:logGet(43)) - raft.server.log.purge.gap = 1000000 (custom)
2019-09-25 05:06:37,422 [pool-37-thread-1] INFO  server.RaftServerConfigKeys (ConfUtils.java:logGet(43)) - raft.server.log.appender.buffer.byte-limit = 33554432 (custom)
2019-09-25 05:06:37,422 [pool-37-thread-1] INFO  server.RaftServerConfigKeys (ConfUtils.java:logGet(43)) - raft.server.log.segment.size.max = 1048576 (custom)
2019-09-25 05:06:37,422 [pool-37-thread-1] INFO  server.RaftServerConfigKeys (ConfUtils.java:logGet(43)) - raft.server.log.segment.cache.num.max = 2 (custom)
2019-09-25 05:06:37,423 [pool-37-thread-1] INFO  segmented.SegmentedRaftLogWorker (SegmentedRaftLogWorker.java:<init>(172)) - new 36ac27b3-2f11-437d-8f1f-165306b0ff4a@group-363D8F71D846-SegmentedRaftLogWorker for RaftStorage:Storage Directory /workdir/hadoop-ozone/integration-test/target/test-dir/MiniOzoneClusterImpl-23306158-e895-4fc7-80df-ce6c264c388b/datanode-1/data/ratis/0f2f1327-318f-4068-bcec-363d8f71d846
2019-09-25 05:06:37,423 [pool-37-thread-1] INFO  server.RaftServerConfigKeys (ConfUtils.java:logGet(43)) - raft.server.log.queue.byte-limit = 2147483647 (custom)
2019-09-25 05:06:37,423 [pool-37-thread-1] INFO  server.RaftServerConfigKeys (ConfUtils.java:logGet(43)) - raft.server.log.queue.element-limit = 1024 (custom)
2019-09-25 05:06:37,423 [pool-37-thread-1] INFO  server.RaftServerConfigKeys (ConfUtils.java:logGet(43)) - raft.server.log.segment.size.max = 1048576 (custom)
2019-09-25 05:06:37,423 [pool-37-thread-1] INFO  server.RaftServerConfigKeys (ConfUtils.java:logGet(43)) - raft.server.log.preallocated.size = 16384 (custom)
2019-09-25 05:06:37,423 [pool-37-thread-1] INFO  server.RaftServerConfigKeys (ConfUtils.java:logGet(43)) - raft.server.log.write.buffer.size = 33554432 (custom)
2019-09-25 05:06:37,423 [pool-37-thread-1] INFO  server.RaftServerConfigKeys (ConfUtils.java:logGet(43)) - raft.server.log.force.sync.num = 128 (default)
2019-09-25 05:06:37,423 [pool-37-thread-1] INFO  server.RaftServerConfigKeys (ConfUtils.java:logGet(43)) - raft.server.log.statemachine.data.sync = true (default)
2019-09-25 05:06:37,424 [pool-37-thread-1] INFO  server.RaftServerConfigKeys (ConfUtils.java:logGet(43)) - raft.server.log.statemachine.data.sync.timeout = 10s (default)
2019-09-25 05:06:37,424 [pool-37-thread-1] INFO  server.RaftServerConfigKeys (ConfUtils.java:logGet(43)) - raft.server.log.statemachine.data.sync.timeout.retry = -1 (default)
2019-09-25 05:06:37,424 [pool-37-thread-1] INFO  server.RaftServerConfigKeys (ConfUtils.java:logGet(43)) - raft.server.log.statemachine.data.caching.enabled = true (custom)
2019-09-25 05:06:37,424 [pool-37-thread-1] INFO  segmented.SegmentedRaftLogWorker (SegmentedRaftLogWorker.java:lambda$new$0(132)) - 36ac27b3-2f11-437d-8f1f-165306b0ff4a@group-363D8F71D846-SegmentedRaftLogWorker: flushIndex: setUnconditionally 0 -> -1
2019-09-25 05:06:37,424 [pool-37-thread-1] INFO  server.RaftServerConfigKeys (ConfUtils.java:logGet(43)) - raft.server.snapshot.auto.trigger.enabled = true (custom)
2019-09-25 05:06:37,425 [pool-37-thread-1] INFO  server.RaftServerConfigKeys (ConfUtils.java:logGet(43)) - raft.server.snapshot.auto.trigger.threshold = 10000 (custom)
2019-09-25 05:06:37,425 [pool-37-thread-1] INFO  server.RaftServerConfigKeys (ConfUtils.java:logGet(43)) - raft.server.snapshot.retention.num.files = 5 (custom)
2019-09-25 05:06:37,425 [pool-37-thread-1] INFO  server.RaftServerConfigKeys (ConfUtils.java:logGet(43)) - raft.server.retrycache.expirytime = 600000ms (custom)
2019-09-25 05:06:37,426 [pool-37-thread-1] INFO  impl.RaftServerImpl (RaftServerImpl.java:start(185)) - 36ac27b3-2f11-437d-8f1f-165306b0ff4a@group-363D8F71D846: start as a follower, conf=-1: [36ac27b3-2f11-437d-8f1f-165306b0ff4a:192.168.30.10:45265], old=null
2019-09-25 05:06:37,426 [pool-37-thread-1] INFO  impl.RaftServerImpl (RaftServerImpl.java:setRole(174)) - 36ac27b3-2f11-437d-8f1f-165306b0ff4a@group-363D8F71D846: changes role from      null to FOLLOWER at term 0 for startAsFollower
2019-09-25 05:06:37,427 [pool-37-thread-1] INFO  impl.RoleInfo (RoleInfo.java:updateAndGet(143)) - 36ac27b3-2f11-437d-8f1f-165306b0ff4a: start FollowerState
2019-09-25 05:06:37,427 [pool-37-thread-1] INFO  util.JmxRegister (JmxRegister.java:tryRegister(44)) - Successfully registered JMX Bean with object name Ratis:service=RaftServer,group=group-363D8F71D846,id=36ac27b3-2f11-437d-8f1f-165306b0ff4a
2019-09-25 05:06:37,429 [RatisPipelineUtilsThread] INFO  pipeline.PipelineStateManager (PipelineStateManager.java:addPipeline(56)) - Created pipeline Pipeline[ Id: 0f2f1327-318f-4068-bcec-363d8f71d846, Nodes: 36ac27b3-2f11-437d-8f1f-165306b0ff4a{ip: 192.168.30.10, host: pr-hdds-1569-s62bp-3040748787, networkLocation: /default-rack, certSerialId: null}, Type:RATIS, Factor:ONE, State:OPEN]
2019-09-25 05:06:37,434 [grpc-default-executor-1] INFO  impl.RaftServerProxy (RaftServerProxy.java:addNew(89)) - f77bfc29-6991-4b1d-a503-f706c83de4fc: addNew group-883DC29D19B9:[f77bfc29-6991-4b1d-a503-f706c83de4fc:192.168.30.10:35112] returns group-883DC29D19B9:java.util.concurrent.CompletableFuture@662536e9[Not completed]
2019-09-25 05:06:37,435 [pool-27-thread-1] INFO  impl.RaftServerImpl (RaftServerImpl.java:<init>(95)) - f77bfc29-6991-4b1d-a503-f706c83de4fc: new RaftServerImpl for group-883DC29D19B9:[f77bfc29-6991-4b1d-a503-f706c83de4fc:192.168.30.10:35112] with ContainerStateMachine:uninitialized
2019-09-25 05:06:37,435 [pool-27-thread-1] INFO  server.RaftServerConfigKeys (ConfUtils.java:logGet(43)) - raft.server.rpc.timeout.min = 5s (custom)
2019-09-25 05:06:37,435 [pool-27-thread-1] INFO  server.RaftServerConfigKeys (ConfUtils.java:logGet(43)) - raft.server.rpc.timeout.max = 5200ms (custom)
2019-09-25 05:06:37,435 [pool-27-thread-1] INFO  server.RaftServerConfigKeys (ConfUtils.java:logGet(43)) - raft.server.rpcslowness.timeout = 120s (custom)
2019-09-25 05:06:37,435 [pool-27-thread-1] INFO  server.RaftServerConfigKeys (ConfUtils.java:logGet(43)) - raft.server.sleep.deviation.threshold = 300 (default)
2019-09-25 05:06:37,435 [pool-27-thread-1] INFO  server.RaftServerConfigKeys (ConfUtils.java:logGet(43)) - raft.server.log.appender.install.snapshot.enabled = false (custom)
2019-09-25 05:06:37,436 [pool-27-thread-1] INFO  impl.RaftServerImpl (ServerState.java:<init>(103)) - f77bfc29-6991-4b1d-a503-f706c83de4fc@group-883DC29D19B9: ConfigurationManager, init=-1: [f77bfc29-6991-4b1d-a503-f706c83de4fc:192.168.30.10:35112], old=null, confs=<EMPTY_MAP>
2019-09-25 05:06:37,436 [pool-27-thread-1] INFO  server.RaftServerConfigKeys (ConfUtils.java:logGet(43)) - raft.server.storage.dir = [/workdir/hadoop-ozone/integration-test/target/test-dir/MiniOzoneClusterImpl-23306158-e895-4fc7-80df-ce6c264c388b/datanode-0/data/ratis] (custom)
2019-09-25 05:06:37,436 [pool-27-thread-1] INFO  storage.RaftStorageDirectory (RaftStorageDirectory.java:analyzeStorage(246)) - The storage directory /workdir/hadoop-ozone/integration-test/target/test-dir/MiniOzoneClusterImpl-23306158-e895-4fc7-80df-ce6c264c388b/datanode-0/data/ratis/ae60abe2-8cb6-4375-8a84-883dc29d19b9 does not exist. Creating ...
2019-09-25 05:06:37,449 [pool-27-thread-1] INFO  storage.RaftStorageDirectory (RaftStorageDirectory.java:tryLock(328)) - Lock on /workdir/hadoop-ozone/integration-test/target/test-dir/MiniOzoneClusterImpl-23306158-e895-4fc7-80df-ce6c264c388b/datanode-0/data/ratis/ae60abe2-8cb6-4375-8a84-883dc29d19b9/in_use.lock acquired by nodename 25526@pr-hdds-1569-s62bp-3040748787
2019-09-25 05:06:37,463 [pool-27-thread-1] INFO  storage.RaftStorage (RaftStorage.java:format(72)) - Storage directory /workdir/hadoop-ozone/integration-test/target/test-dir/MiniOzoneClusterImpl-23306158-e895-4fc7-80df-ce6c264c388b/datanode-0/data/ratis/ae60abe2-8cb6-4375-8a84-883dc29d19b9 has been successfully formatted.
2019-09-25 05:06:37,463 [pool-27-thread-1] INFO  ratis.ContainerStateMachine (ContainerStateMachine.java:loadSnapshot(230)) - group-883DC29D19B9: The snapshot info is null. Setting the last applied indexto:(t:0, i:~)
2019-09-25 05:06:37,463 [pool-27-thread-1] INFO  server.RaftServerConfigKeys (ConfUtils.java:logGet(43)) - raft.server.notification.no-leader.timeout = 120s (custom)
2019-09-25 05:06:37,463 [pool-27-thread-1] INFO  server.RaftServerConfigKeys (ConfUtils.java:logGet(43)) - raft.server.log.use.memory = false (default)
2019-09-25 05:06:37,463 [pool-27-thread-1] INFO  server.RaftServerConfigKeys (ConfUtils.java:logGet(43)) - raft.server.log.purge.gap = 1000000 (custom)
2019-09-25 05:06:37,464 [pool-27-thread-1] INFO  server.RaftServerConfigKeys (ConfUtils.java:logGet(43)) - raft.server.log.appender.buffer.byte-limit = 33554432 (custom)
2019-09-25 05:06:37,464 [pool-27-thread-1] INFO  server.RaftServerConfigKeys (ConfUtils.java:logGet(43)) - raft.server.log.segment.size.max = 1048576 (custom)
2019-09-25 05:06:37,464 [pool-27-thread-1] INFO  server.RaftServerConfigKeys (ConfUtils.java:logGet(43)) - raft.server.log.segment.cache.num.max = 2 (custom)
2019-09-25 05:06:37,464 [pool-27-thread-1] INFO  segmented.SegmentedRaftLogWorker (SegmentedRaftLogWorker.java:<init>(172)) - new f77bfc29-6991-4b1d-a503-f706c83de4fc@group-883DC29D19B9-SegmentedRaftLogWorker for RaftStorage:Storage Directory /workdir/hadoop-ozone/integration-test/target/test-dir/MiniOzoneClusterImpl-23306158-e895-4fc7-80df-ce6c264c388b/datanode-0/data/ratis/ae60abe2-8cb6-4375-8a84-883dc29d19b9
2019-09-25 05:06:37,464 [pool-27-thread-1] INFO  server.RaftServerConfigKeys (ConfUtils.java:logGet(43)) - raft.server.log.queue.byte-limit = 2147483647 (custom)
2019-09-25 05:06:37,464 [pool-27-thread-1] INFO  server.RaftServerConfigKeys (ConfUtils.java:logGet(43)) - raft.server.log.queue.element-limit = 1024 (custom)
2019-09-25 05:06:37,464 [pool-27-thread-1] INFO  server.RaftServerConfigKeys (ConfUtils.java:logGet(43)) - raft.server.log.segment.size.max = 1048576 (custom)
2019-09-25 05:06:37,465 [pool-27-thread-1] INFO  server.RaftServerConfigKeys (ConfUtils.java:logGet(43)) - raft.server.log.preallocated.size = 16384 (custom)
2019-09-25 05:06:37,465 [pool-27-thread-1] INFO  server.RaftServerConfigKeys (ConfUtils.java:logGet(43)) - raft.server.log.write.buffer.size = 33554432 (custom)
2019-09-25 05:06:37,465 [pool-27-thread-1] INFO  server.RaftServerConfigKeys (ConfUtils.java:logGet(43)) - raft.server.log.force.sync.num = 128 (default)
2019-09-25 05:06:37,465 [pool-27-thread-1] INFO  server.RaftServerConfigKeys (ConfUtils.java:logGet(43)) - raft.server.log.statemachine.data.sync = true (default)
2019-09-25 05:06:37,465 [pool-27-thread-1] INFO  server.RaftServerConfigKeys (ConfUtils.java:logGet(43)) - raft.server.log.statemachine.data.sync.timeout = 10s (default)
2019-09-25 05:06:37,465 [pool-27-thread-1] INFO  server.RaftServerConfigKeys (ConfUtils.java:logGet(43)) - raft.server.log.statemachine.data.sync.timeout.retry = -1 (default)
2019-09-25 05:06:37,465 [pool-27-thread-1] INFO  server.RaftServerConfigKeys (ConfUtils.java:logGet(43)) - raft.server.log.statemachine.data.caching.enabled = true (custom)
2019-09-25 05:06:37,466 [pool-27-thread-1] INFO  segmented.SegmentedRaftLogWorker (SegmentedRaftLogWorker.java:lambda$new$0(132)) - f77bfc29-6991-4b1d-a503-f706c83de4fc@group-883DC29D19B9-SegmentedRaftLogWorker: flushIndex: setUnconditionally 0 -> -1
2019-09-25 05:06:37,466 [pool-27-thread-1] INFO  server.RaftServerConfigKeys (ConfUtils.java:logGet(43)) - raft.server.snapshot.auto.trigger.enabled = true (custom)
2019-09-25 05:06:37,466 [pool-27-thread-1] INFO  server.RaftServerConfigKeys (ConfUtils.java:logGet(43)) - raft.server.snapshot.auto.trigger.threshold = 10000 (custom)
2019-09-25 05:06:37,466 [pool-27-thread-1] INFO  server.RaftServerConfigKeys (ConfUtils.java:logGet(43)) - raft.server.snapshot.retention.num.files = 5 (custom)
2019-09-25 05:06:37,466 [pool-27-thread-1] INFO  server.RaftServerConfigKeys (ConfUtils.java:logGet(43)) - raft.server.retrycache.expirytime = 600000ms (custom)
2019-09-25 05:06:37,468 [pool-27-thread-1] INFO  impl.RaftServerImpl (RaftServerImpl.java:start(185)) - f77bfc29-6991-4b1d-a503-f706c83de4fc@group-883DC29D19B9: start as a follower, conf=-1: [f77bfc29-6991-4b1d-a503-f706c83de4fc:192.168.30.10:35112], old=null
2019-09-25 05:06:37,468 [pool-27-thread-1] INFO  impl.RaftServerImpl (RaftServerImpl.java:setRole(174)) - f77bfc29-6991-4b1d-a503-f706c83de4fc@group-883DC29D19B9: changes role from      null to FOLLOWER at term 0 for startAsFollower
2019-09-25 05:06:37,468 [pool-27-thread-1] INFO  impl.RoleInfo (RoleInfo.java:updateAndGet(143)) - f77bfc29-6991-4b1d-a503-f706c83de4fc: start FollowerState
2019-09-25 05:06:37,469 [pool-27-thread-1] INFO  util.JmxRegister (JmxRegister.java:tryRegister(44)) - Successfully registered JMX Bean with object name Ratis:service=RaftServer,group=group-883DC29D19B9,id=f77bfc29-6991-4b1d-a503-f706c83de4fc
2019-09-25 05:06:37,471 [RatisPipelineUtilsThread] INFO  pipeline.PipelineStateManager (PipelineStateManager.java:addPipeline(56)) - Created pipeline Pipeline[ Id: ae60abe2-8cb6-4375-8a84-883dc29d19b9, Nodes: f77bfc29-6991-4b1d-a503-f706c83de4fc{ip: 192.168.30.10, host: pr-hdds-1569-s62bp-3040748787, networkLocation: /default-rack, certSerialId: null}, Type:RATIS, Factor:ONE, State:OPEN]
2019-09-25 05:06:37,476 [grpc-default-executor-1] INFO  impl.RaftServerProxy (RaftServerProxy.java:addNew(89)) - 36ac27b3-2f11-437d-8f1f-165306b0ff4a: addNew group-1BEF9D94C117:[36ac27b3-2f11-437d-8f1f-165306b0ff4a:192.168.30.10:45265] returns group-1BEF9D94C117:java.util.concurrent.CompletableFuture@36b35204[Not completed]
2019-09-25 05:06:37,478 [pool-37-thread-1] INFO  impl.RaftServerImpl (RaftServerImpl.java:<init>(95)) - 36ac27b3-2f11-437d-8f1f-165306b0ff4a: new RaftServerImpl for group-1BEF9D94C117:[36ac27b3-2f11-437d-8f1f-165306b0ff4a:192.168.30.10:45265] with ContainerStateMachine:uninitialized
2019-09-25 05:06:37,478 [pool-37-thread-1] INFO  server.RaftServerConfigKeys (ConfUtils.java:logGet(43)) - raft.server.rpc.timeout.min = 5s (custom)
2019-09-25 05:06:37,478 [pool-37-thread-1] INFO  server.RaftServerConfigKeys (ConfUtils.java:logGet(43)) - raft.server.rpc.timeout.max = 5200ms (custom)
2019-09-25 05:06:37,479 [pool-37-thread-1] INFO  server.RaftServerConfigKeys (ConfUtils.java:logGet(43)) - raft.server.rpcslowness.timeout = 120s (custom)
2019-09-25 05:06:37,479 [pool-37-thread-1] INFO  server.RaftServerConfigKeys (ConfUtils.java:logGet(43)) - raft.server.sleep.deviation.threshold = 300 (default)
2019-09-25 05:06:37,479 [pool-37-thread-1] INFO  server.RaftServerConfigKeys (ConfUtils.java:logGet(43)) - raft.server.log.appender.install.snapshot.enabled = false (custom)
2019-09-25 05:06:37,479 [pool-37-thread-1] INFO  impl.RaftServerImpl (ServerState.java:<init>(103)) - 36ac27b3-2f11-437d-8f1f-165306b0ff4a@group-1BEF9D94C117: ConfigurationManager, init=-1: [36ac27b3-2f11-437d-8f1f-165306b0ff4a:192.168.30.10:45265], old=null, confs=<EMPTY_MAP>
2019-09-25 05:06:37,480 [pool-37-thread-1] INFO  server.RaftServerConfigKeys (ConfUtils.java:logGet(43)) - raft.server.storage.dir = [/workdir/hadoop-ozone/integration-test/target/test-dir/MiniOzoneClusterImpl-23306158-e895-4fc7-80df-ce6c264c388b/datanode-1/data/ratis] (custom)
2019-09-25 05:06:37,480 [pool-37-thread-1] INFO  storage.RaftStorageDirectory (RaftStorageDirectory.java:analyzeStorage(246)) - The storage directory /workdir/hadoop-ozone/integration-test/target/test-dir/MiniOzoneClusterImpl-23306158-e895-4fc7-80df-ce6c264c388b/datanode-1/data/ratis/4aebeae4-8f61-47d9-b08c-1bef9d94c117 does not exist. Creating ...
2019-09-25 05:06:37,494 [pool-37-thread-1] INFO  storage.RaftStorageDirectory (RaftStorageDirectory.java:tryLock(328)) - Lock on /workdir/hadoop-ozone/integration-test/target/test-dir/MiniOzoneClusterImpl-23306158-e895-4fc7-80df-ce6c264c388b/datanode-1/data/ratis/4aebeae4-8f61-47d9-b08c-1bef9d94c117/in_use.lock acquired by nodename 25526@pr-hdds-1569-s62bp-3040748787
2019-09-25 05:06:37,507 [pool-37-thread-1] INFO  storage.RaftStorage (RaftStorage.java:format(72)) - Storage directory /workdir/hadoop-ozone/integration-test/target/test-dir/MiniOzoneClusterImpl-23306158-e895-4fc7-80df-ce6c264c388b/datanode-1/data/ratis/4aebeae4-8f61-47d9-b08c-1bef9d94c117 has been successfully formatted.
2019-09-25 05:06:37,507 [pool-37-thread-1] INFO  ratis.ContainerStateMachine (ContainerStateMachine.java:loadSnapshot(230)) - group-1BEF9D94C117: The snapshot info is null. Setting the last applied indexto:(t:0, i:~)
2019-09-25 05:06:37,508 [pool-37-thread-1] INFO  server.RaftServerConfigKeys (ConfUtils.java:logGet(43)) - raft.server.notification.no-leader.timeout = 120s (custom)
2019-09-25 05:06:37,508 [pool-37-thread-1] INFO  server.RaftServerConfigKeys (ConfUtils.java:logGet(43)) - raft.server.log.use.memory = false (default)
2019-09-25 05:06:37,508 [pool-37-thread-1] INFO  server.RaftServerConfigKeys (ConfUtils.java:logGet(43)) - raft.server.log.purge.gap = 1000000 (custom)
2019-09-25 05:06:37,508 [pool-37-thread-1] INFO  server.RaftServerConfigKeys (ConfUtils.java:logGet(43)) - raft.server.log.appender.buffer.byte-limit = 33554432 (custom)
2019-09-25 05:06:37,508 [pool-37-thread-1] INFO  server.RaftServerConfigKeys (ConfUtils.java:logGet(43)) - raft.server.log.segment.size.max = 1048576 (custom)
2019-09-25 05:06:37,508 [pool-37-thread-1] INFO  server.RaftServerConfigKeys (ConfUtils.java:logGet(43)) - raft.server.log.segment.cache.num.max = 2 (custom)
2019-09-25 05:06:37,508 [pool-37-thread-1] INFO  segmented.SegmentedRaftLogWorker (SegmentedRaftLogWorker.java:<init>(172)) - new 36ac27b3-2f11-437d-8f1f-165306b0ff4a@group-1BEF9D94C117-SegmentedRaftLogWorker for RaftStorage:Storage Directory /workdir/hadoop-ozone/integration-test/target/test-dir/MiniOzoneClusterImpl-23306158-e895-4fc7-80df-ce6c264c388b/datanode-1/data/ratis/4aebeae4-8f61-47d9-b08c-1bef9d94c117
2019-09-25 05:06:37,509 [pool-37-thread-1] INFO  server.RaftServerConfigKeys (ConfUtils.java:logGet(43)) - raft.server.log.queue.byte-limit = 2147483647 (custom)
2019-09-25 05:06:37,509 [pool-37-thread-1] INFO  server.RaftServerConfigKeys (ConfUtils.java:logGet(43)) - raft.server.log.queue.element-limit = 1024 (custom)
2019-09-25 05:06:37,509 [pool-37-thread-1] INFO  server.RaftServerConfigKeys (ConfUtils.java:logGet(43)) - raft.server.log.segment.size.max = 1048576 (custom)
2019-09-25 05:06:37,509 [pool-37-thread-1] INFO  server.RaftServerConfigKeys (ConfUtils.java:logGet(43)) - raft.server.log.preallocated.size = 16384 (custom)
2019-09-25 05:06:37,509 [pool-37-thread-1] INFO  server.RaftServerConfigKeys (ConfUtils.java:logGet(43)) - raft.server.log.write.buffer.size = 33554432 (custom)
2019-09-25 05:06:37,509 [pool-37-thread-1] INFO  server.RaftServerConfigKeys (ConfUtils.java:logGet(43)) - raft.server.log.force.sync.num = 128 (default)
2019-09-25 05:06:37,509 [pool-37-thread-1] INFO  server.RaftServerConfigKeys (ConfUtils.java:logGet(43)) - raft.server.log.statemachine.data.sync = true (default)
2019-09-25 05:06:37,509 [pool-37-thread-1] INFO  server.RaftServerConfigKeys (ConfUtils.java:logGet(43)) - raft.server.log.statemachine.data.sync.timeout = 10s (default)
2019-09-25 05:06:37,510 [pool-37-thread-1] INFO  server.RaftServerConfigKeys (ConfUtils.java:logGet(43)) - raft.server.log.statemachine.data.sync.timeout.retry = -1 (default)
2019-09-25 05:06:37,510 [pool-37-thread-1] INFO  server.RaftServerConfigKeys (ConfUtils.java:logGet(43)) - raft.server.log.statemachine.data.caching.enabled = true (custom)
2019-09-25 05:06:37,510 [pool-37-thread-1] INFO  segmented.SegmentedRaftLogWorker (SegmentedRaftLogWorker.java:lambda$new$0(132)) - 36ac27b3-2f11-437d-8f1f-165306b0ff4a@group-1BEF9D94C117-SegmentedRaftLogWorker: flushIndex: setUnconditionally 0 -> -1
2019-09-25 05:06:37,510 [pool-37-thread-1] INFO  server.RaftServerConfigKeys (ConfUtils.java:logGet(43)) - raft.server.snapshot.auto.trigger.enabled = true (custom)
2019-09-25 05:06:37,510 [pool-37-thread-1] INFO  server.RaftServerConfigKeys (ConfUtils.java:logGet(43)) - raft.server.snapshot.auto.trigger.threshold = 10000 (custom)
2019-09-25 05:06:37,511 [pool-37-thread-1] INFO  server.RaftServerConfigKeys (ConfUtils.java:logGet(43)) - raft.server.snapshot.retention.num.files = 5 (custom)
2019-09-25 05:06:37,511 [pool-37-thread-1] INFO  server.RaftServerConfigKeys (ConfUtils.java:logGet(43)) - raft.server.retrycache.expirytime = 600000ms (custom)
2019-09-25 05:06:37,513 [pool-37-thread-1] INFO  impl.RaftServerImpl (RaftServerImpl.java:start(185)) - 36ac27b3-2f11-437d-8f1f-165306b0ff4a@group-1BEF9D94C117: start as a follower, conf=-1: [36ac27b3-2f11-437d-8f1f-165306b0ff4a:192.168.30.10:45265], old=null
2019-09-25 05:06:37,513 [pool-37-thread-1] INFO  impl.RaftServerImpl (RaftServerImpl.java:setRole(174)) - 36ac27b3-2f11-437d-8f1f-165306b0ff4a@group-1BEF9D94C117: changes role from      null to FOLLOWER at term 0 for startAsFollower
2019-09-25 05:06:37,513 [pool-37-thread-1] INFO  impl.RoleInfo (RoleInfo.java:updateAndGet(143)) - 36ac27b3-2f11-437d-8f1f-165306b0ff4a: start FollowerState
2019-09-25 05:06:37,513 [pool-37-thread-1] INFO  util.JmxRegister (JmxRegister.java:tryRegister(44)) - Successfully registered JMX Bean with object name Ratis:service=RaftServer,group=group-1BEF9D94C117,id=36ac27b3-2f11-437d-8f1f-165306b0ff4a
2019-09-25 05:06:37,516 [RatisPipelineUtilsThread] INFO  pipeline.PipelineStateManager (PipelineStateManager.java:addPipeline(56)) - Created pipeline Pipeline[ Id: 4aebeae4-8f61-47d9-b08c-1bef9d94c117, Nodes: 36ac27b3-2f11-437d-8f1f-165306b0ff4a{ip: 192.168.30.10, host: pr-hdds-1569-s62bp-3040748787, networkLocation: /default-rack, certSerialId: null}, Type:RATIS, Factor:ONE, State:OPEN]
2019-09-25 05:06:37,521 [grpc-default-executor-1] INFO  impl.RaftServerProxy (RaftServerProxy.java:addNew(89)) - 56396258-65a3-478c-9482-0be0199dd49c: addNew group-9F86D8309F5D:[56396258-65a3-478c-9482-0be0199dd49c:192.168.30.10:41678] returns group-9F86D8309F5D:java.util.concurrent.CompletableFuture@a8dd1d2[Not completed]
2019-09-25 05:06:37,523 [pool-87-thread-1] INFO  impl.RaftServerImpl (RaftServerImpl.java:<init>(95)) - 56396258-65a3-478c-9482-0be0199dd49c: new RaftServerImpl for group-9F86D8309F5D:[56396258-65a3-478c-9482-0be0199dd49c:192.168.30.10:41678] with ContainerStateMachine:uninitialized
2019-09-25 05:06:37,523 [pool-87-thread-1] INFO  server.RaftServerConfigKeys (ConfUtils.java:logGet(43)) - raft.server.rpc.timeout.min = 5s (custom)
2019-09-25 05:06:37,523 [pool-87-thread-1] INFO  server.RaftServerConfigKeys (ConfUtils.java:logGet(43)) - raft.server.rpc.timeout.max = 5200ms (custom)
2019-09-25 05:06:37,523 [pool-87-thread-1] INFO  server.RaftServerConfigKeys (ConfUtils.java:logGet(43)) - raft.server.rpcslowness.timeout = 120s (custom)
2019-09-25 05:06:37,524 [pool-87-thread-1] INFO  server.RaftServerConfigKeys (ConfUtils.java:logGet(43)) - raft.server.sleep.deviation.threshold = 300 (default)
2019-09-25 05:06:37,524 [pool-87-thread-1] INFO  server.RaftServerConfigKeys (ConfUtils.java:logGet(43)) - raft.server.log.appender.install.snapshot.enabled = false (custom)
2019-09-25 05:06:37,524 [pool-87-thread-1] INFO  impl.RaftServerImpl (ServerState.java:<init>(103)) - 56396258-65a3-478c-9482-0be0199dd49c@group-9F86D8309F5D: ConfigurationManager, init=-1: [56396258-65a3-478c-9482-0be0199dd49c:192.168.30.10:41678], old=null, confs=<EMPTY_MAP>
2019-09-25 05:06:37,524 [pool-87-thread-1] INFO  server.RaftServerConfigKeys (ConfUtils.java:logGet(43)) - raft.server.storage.dir = [/workdir/hadoop-ozone/integration-test/target/test-dir/MiniOzoneClusterImpl-23306158-e895-4fc7-80df-ce6c264c388b/datanode-6/data/ratis] (custom)
2019-09-25 05:06:37,525 [pool-87-thread-1] INFO  storage.RaftStorageDirectory (RaftStorageDirectory.java:analyzeStorage(246)) - The storage directory /workdir/hadoop-ozone/integration-test/target/test-dir/MiniOzoneClusterImpl-23306158-e895-4fc7-80df-ce6c264c388b/datanode-6/data/ratis/591f7fc8-f92e-4377-8bef-9f86d8309f5d does not exist. Creating ...
2019-09-25 05:06:37,538 [pool-87-thread-1] INFO  storage.RaftStorageDirectory (RaftStorageDirectory.java:tryLock(328)) - Lock on /workdir/hadoop-ozone/integration-test/target/test-dir/MiniOzoneClusterImpl-23306158-e895-4fc7-80df-ce6c264c388b/datanode-6/data/ratis/591f7fc8-f92e-4377-8bef-9f86d8309f5d/in_use.lock acquired by nodename 25526@pr-hdds-1569-s62bp-3040748787
2019-09-25 05:06:37,551 [pool-87-thread-1] INFO  storage.RaftStorage (RaftStorage.java:format(72)) - Storage directory /workdir/hadoop-ozone/integration-test/target/test-dir/MiniOzoneClusterImpl-23306158-e895-4fc7-80df-ce6c264c388b/datanode-6/data/ratis/591f7fc8-f92e-4377-8bef-9f86d8309f5d has been successfully formatted.
2019-09-25 05:06:37,551 [pool-87-thread-1] INFO  ratis.ContainerStateMachine (ContainerStateMachine.java:loadSnapshot(230)) - group-9F86D8309F5D: The snapshot info is null. Setting the last applied indexto:(t:0, i:~)
2019-09-25 05:06:37,551 [pool-87-thread-1] INFO  server.RaftServerConfigKeys (ConfUtils.java:logGet(43)) - raft.server.notification.no-leader.timeout = 120s (custom)
2019-09-25 05:06:37,551 [pool-87-thread-1] INFO  server.RaftServerConfigKeys (ConfUtils.java:logGet(43)) - raft.server.log.use.memory = false (default)
2019-09-25 05:06:37,552 [pool-87-thread-1] INFO  server.RaftServerConfigKeys (ConfUtils.java:logGet(43)) - raft.server.log.purge.gap = 1000000 (custom)
2019-09-25 05:06:37,552 [pool-87-thread-1] INFO  server.RaftServerConfigKeys (ConfUtils.java:logGet(43)) - raft.server.log.appender.buffer.byte-limit = 33554432 (custom)
2019-09-25 05:06:37,552 [pool-87-thread-1] INFO  server.RaftServerConfigKeys (ConfUtils.java:logGet(43)) - raft.server.log.segment.size.max = 1048576 (custom)
2019-09-25 05:06:37,552 [pool-87-thread-1] INFO  server.RaftServerConfigKeys (ConfUtils.java:logGet(43)) - raft.server.log.segment.cache.num.max = 2 (custom)
2019-09-25 05:06:37,552 [pool-87-thread-1] INFO  segmented.SegmentedRaftLogWorker (SegmentedRaftLogWorker.java:<init>(172)) - new 56396258-65a3-478c-9482-0be0199dd49c@group-9F86D8309F5D-SegmentedRaftLogWorker for RaftStorage:Storage Directory /workdir/hadoop-ozone/integration-test/target/test-dir/MiniOzoneClusterImpl-23306158-e895-4fc7-80df-ce6c264c388b/datanode-6/data/ratis/591f7fc8-f92e-4377-8bef-9f86d8309f5d
2019-09-25 05:06:37,552 [pool-87-thread-1] INFO  server.RaftServerConfigKeys (ConfUtils.java:logGet(43)) - raft.server.log.queue.byte-limit = 2147483647 (custom)
2019-09-25 05:06:37,552 [pool-87-thread-1] INFO  server.RaftServerConfigKeys (ConfUtils.java:logGet(43)) - raft.server.log.queue.element-limit = 1024 (custom)
2019-09-25 05:06:37,553 [pool-87-thread-1] INFO  server.RaftServerConfigKeys (ConfUtils.java:logGet(43)) - raft.server.log.segment.size.max = 1048576 (custom)
2019-09-25 05:06:37,553 [pool-87-thread-1] INFO  server.RaftServerConfigKeys (ConfUtils.java:logGet(43)) - raft.server.log.preallocated.size = 16384 (custom)
2019-09-25 05:06:37,553 [pool-87-thread-1] INFO  server.RaftServerConfigKeys (ConfUtils.java:logGet(43)) - raft.server.log.write.buffer.size = 33554432 (custom)
2019-09-25 05:06:37,553 [pool-87-thread-1] INFO  server.RaftServerConfigKeys (ConfUtils.java:logGet(43)) - raft.server.log.force.sync.num = 128 (default)
2019-09-25 05:06:37,553 [pool-87-thread-1] INFO  server.RaftServerConfigKeys (ConfUtils.java:logGet(43)) - raft.server.log.statemachine.data.sync = true (default)
2019-09-25 05:06:37,553 [pool-87-thread-1] INFO  server.RaftServerConfigKeys (ConfUtils.java:logGet(43)) - raft.server.log.statemachine.data.sync.timeout = 10s (default)
2019-09-25 05:06:37,553 [pool-87-thread-1] INFO  server.RaftServerConfigKeys (ConfUtils.java:logGet(43)) - raft.server.log.statemachine.data.sync.timeout.retry = -1 (default)
2019-09-25 05:06:37,553 [pool-87-thread-1] INFO  server.RaftServerConfigKeys (ConfUtils.java:logGet(43)) - raft.server.log.statemachine.data.caching.enabled = true (custom)
2019-09-25 05:06:37,554 [pool-87-thread-1] INFO  segmented.SegmentedRaftLogWorker (SegmentedRaftLogWorker.java:lambda$new$0(132)) - 56396258-65a3-478c-9482-0be0199dd49c@group-9F86D8309F5D-SegmentedRaftLogWorker: flushIndex: setUnconditionally 0 -> -1
2019-09-25 05:06:37,554 [pool-87-thread-1] INFO  server.RaftServerConfigKeys (ConfUtils.java:logGet(43)) - raft.server.snapshot.auto.trigger.enabled = true (custom)
2019-09-25 05:06:37,554 [pool-87-thread-1] INFO  server.RaftServerConfigKeys (ConfUtils.java:logGet(43)) - raft.server.snapshot.auto.trigger.threshold = 10000 (custom)
2019-09-25 05:06:37,554 [pool-87-thread-1] INFO  server.RaftServerConfigKeys (ConfUtils.java:logGet(43)) - raft.server.snapshot.retention.num.files = 5 (custom)
2019-09-25 05:06:37,554 [pool-87-thread-1] INFO  server.RaftServerConfigKeys (ConfUtils.java:logGet(43)) - raft.server.retrycache.expirytime = 600000ms (custom)
2019-09-25 05:06:37,556 [pool-87-thread-1] INFO  impl.RaftServerImpl (RaftServerImpl.java:start(185)) - 56396258-65a3-478c-9482-0be0199dd49c@group-9F86D8309F5D: start as a follower, conf=-1: [56396258-65a3-478c-9482-0be0199dd49c:192.168.30.10:41678], old=null
2019-09-25 05:06:37,556 [pool-87-thread-1] INFO  impl.RaftServerImpl (RaftServerImpl.java:setRole(174)) - 56396258-65a3-478c-9482-0be0199dd49c@group-9F86D8309F5D: changes role from      null to FOLLOWER at term 0 for startAsFollower
2019-09-25 05:06:37,556 [pool-87-thread-1] INFO  impl.RoleInfo (RoleInfo.java:updateAndGet(143)) - 56396258-65a3-478c-9482-0be0199dd49c: start FollowerState
2019-09-25 05:06:37,556 [pool-87-thread-1] INFO  util.JmxRegister (JmxRegister.java:tryRegister(44)) - Successfully registered JMX Bean with object name Ratis:service=RaftServer,group=group-9F86D8309F5D,id=56396258-65a3-478c-9482-0be0199dd49c
2019-09-25 05:06:37,559 [RatisPipelineUtilsThread] INFO  pipeline.PipelineStateManager (PipelineStateManager.java:addPipeline(56)) - Created pipeline Pipeline[ Id: 591f7fc8-f92e-4377-8bef-9f86d8309f5d, Nodes: 56396258-65a3-478c-9482-0be0199dd49c{ip: 192.168.30.10, host: pr-hdds-1569-s62bp-3040748787, networkLocation: /default-rack, certSerialId: null}, Type:RATIS, Factor:ONE, State:OPEN]
2019-09-25 05:06:37,564 [grpc-default-executor-1] INFO  impl.RaftServerProxy (RaftServerProxy.java:addNew(89)) - 36ac27b3-2f11-437d-8f1f-165306b0ff4a: addNew group-2775D6089813:[36ac27b3-2f11-437d-8f1f-165306b0ff4a:192.168.30.10:45265] returns group-2775D6089813:java.util.concurrent.CompletableFuture@1613f4fc[Not completed]
2019-09-25 05:06:37,565 [pool-37-thread-1] INFO  impl.RaftServerImpl (RaftServerImpl.java:<init>(95)) - 36ac27b3-2f11-437d-8f1f-165306b0ff4a: new RaftServerImpl for group-2775D6089813:[36ac27b3-2f11-437d-8f1f-165306b0ff4a:192.168.30.10:45265] with ContainerStateMachine:uninitialized
2019-09-25 05:06:37,566 [pool-37-thread-1] INFO  server.RaftServerConfigKeys (ConfUtils.java:logGet(43)) - raft.server.rpc.timeout.min = 5s (custom)
2019-09-25 05:06:37,566 [pool-37-thread-1] INFO  server.RaftServerConfigKeys (ConfUtils.java:logGet(43)) - raft.server.rpc.timeout.max = 5200ms (custom)
2019-09-25 05:06:37,566 [pool-37-thread-1] INFO  server.RaftServerConfigKeys (ConfUtils.java:logGet(43)) - raft.server.rpcslowness.timeout = 120s (custom)
2019-09-25 05:06:37,566 [pool-37-thread-1] INFO  server.RaftServerConfigKeys (ConfUtils.java:logGet(43)) - raft.server.sleep.deviation.threshold = 300 (default)
2019-09-25 05:06:37,566 [pool-37-thread-1] INFO  server.RaftServerConfigKeys (ConfUtils.java:logGet(43)) - raft.server.log.appender.install.snapshot.enabled = false (custom)
2019-09-25 05:06:37,566 [pool-37-thread-1] INFO  impl.RaftServerImpl (ServerState.java:<init>(103)) - 36ac27b3-2f11-437d-8f1f-165306b0ff4a@group-2775D6089813: ConfigurationManager, init=-1: [36ac27b3-2f11-437d-8f1f-165306b0ff4a:192.168.30.10:45265], old=null, confs=<EMPTY_MAP>
2019-09-25 05:06:37,567 [pool-37-thread-1] INFO  server.RaftServerConfigKeys (ConfUtils.java:logGet(43)) - raft.server.storage.dir = [/workdir/hadoop-ozone/integration-test/target/test-dir/MiniOzoneClusterImpl-23306158-e895-4fc7-80df-ce6c264c388b/datanode-1/data/ratis] (custom)
2019-09-25 05:06:37,567 [pool-37-thread-1] INFO  storage.RaftStorageDirectory (RaftStorageDirectory.java:analyzeStorage(246)) - The storage directory /workdir/hadoop-ozone/integration-test/target/test-dir/MiniOzoneClusterImpl-23306158-e895-4fc7-80df-ce6c264c388b/datanode-1/data/ratis/5fee8b93-2d2d-4213-83b7-2775d6089813 does not exist. Creating ...
2019-09-25 05:06:37,594 [pool-37-thread-1] INFO  storage.RaftStorageDirectory (RaftStorageDirectory.java:tryLock(328)) - Lock on /workdir/hadoop-ozone/integration-test/target/test-dir/MiniOzoneClusterImpl-23306158-e895-4fc7-80df-ce6c264c388b/datanode-1/data/ratis/5fee8b93-2d2d-4213-83b7-2775d6089813/in_use.lock acquired by nodename 25526@pr-hdds-1569-s62bp-3040748787
2019-09-25 05:06:37,607 [pool-37-thread-1] INFO  storage.RaftStorage (RaftStorage.java:format(72)) - Storage directory /workdir/hadoop-ozone/integration-test/target/test-dir/MiniOzoneClusterImpl-23306158-e895-4fc7-80df-ce6c264c388b/datanode-1/data/ratis/5fee8b93-2d2d-4213-83b7-2775d6089813 has been successfully formatted.
2019-09-25 05:06:37,607 [pool-37-thread-1] INFO  ratis.ContainerStateMachine (ContainerStateMachine.java:loadSnapshot(230)) - group-2775D6089813: The snapshot info is null. Setting the last applied indexto:(t:0, i:~)
2019-09-25 05:06:37,608 [pool-37-thread-1] INFO  server.RaftServerConfigKeys (ConfUtils.java:logGet(43)) - raft.server.notification.no-leader.timeout = 120s (custom)
2019-09-25 05:06:37,608 [pool-37-thread-1] INFO  server.RaftServerConfigKeys (ConfUtils.java:logGet(43)) - raft.server.log.use.memory = false (default)
2019-09-25 05:06:37,608 [pool-37-thread-1] INFO  server.RaftServerConfigKeys (ConfUtils.java:logGet(43)) - raft.server.log.purge.gap = 1000000 (custom)
2019-09-25 05:06:37,608 [pool-37-thread-1] INFO  server.RaftServerConfigKeys (ConfUtils.java:logGet(43)) - raft.server.log.appender.buffer.byte-limit = 33554432 (custom)
2019-09-25 05:06:37,608 [pool-37-thread-1] INFO  server.RaftServerConfigKeys (ConfUtils.java:logGet(43)) - raft.server.log.segment.size.max = 1048576 (custom)
2019-09-25 05:06:37,608 [pool-37-thread-1] INFO  server.RaftServerConfigKeys (ConfUtils.java:logGet(43)) - raft.server.log.segment.cache.num.max = 2 (custom)
2019-09-25 05:06:37,608 [pool-37-thread-1] INFO  segmented.SegmentedRaftLogWorker (SegmentedRaftLogWorker.java:<init>(172)) - new 36ac27b3-2f11-437d-8f1f-165306b0ff4a@group-2775D6089813-SegmentedRaftLogWorker for RaftStorage:Storage Directory /workdir/hadoop-ozone/integration-test/target/test-dir/MiniOzoneClusterImpl-23306158-e895-4fc7-80df-ce6c264c388b/datanode-1/data/ratis/5fee8b93-2d2d-4213-83b7-2775d6089813
2019-09-25 05:06:37,608 [pool-37-thread-1] INFO  server.RaftServerConfigKeys (ConfUtils.java:logGet(43)) - raft.server.log.queue.byte-limit = 2147483647 (custom)
2019-09-25 05:06:37,609 [pool-37-thread-1] INFO  server.RaftServerConfigKeys (ConfUtils.java:logGet(43)) - raft.server.log.queue.element-limit = 1024 (custom)
2019-09-25 05:06:37,609 [pool-37-thread-1] INFO  server.RaftServerConfigKeys (ConfUtils.java:logGet(43)) - raft.server.log.segment.size.max = 1048576 (custom)
2019-09-25 05:06:37,609 [pool-37-thread-1] INFO  server.RaftServerConfigKeys (ConfUtils.java:logGet(43)) - raft.server.log.preallocated.size = 16384 (custom)
2019-09-25 05:06:37,609 [pool-37-thread-1] INFO  server.RaftServerConfigKeys (ConfUtils.java:logGet(43)) - raft.server.log.write.buffer.size = 33554432 (custom)
2019-09-25 05:06:37,609 [pool-37-thread-1] INFO  server.RaftServerConfigKeys (ConfUtils.java:logGet(43)) - raft.server.log.force.sync.num = 128 (default)
2019-09-25 05:06:37,609 [pool-37-thread-1] INFO  server.RaftServerConfigKeys (ConfUtils.java:logGet(43)) - raft.server.log.statemachine.data.sync = true (default)
2019-09-25 05:06:37,609 [pool-37-thread-1] INFO  server.RaftServerConfigKeys (ConfUtils.java:logGet(43)) - raft.server.log.statemachine.data.sync.timeout = 10s (default)
2019-09-25 05:06:37,609 [pool-37-thread-1] INFO  server.RaftServerConfigKeys (ConfUtils.java:logGet(43)) - raft.server.log.statemachine.data.sync.timeout.retry = -1 (default)
2019-09-25 05:06:37,609 [pool-37-thread-1] INFO  server.RaftServerConfigKeys (ConfUtils.java:logGet(43)) - raft.server.log.statemachine.data.caching.enabled = true (custom)
2019-09-25 05:06:37,610 [pool-37-thread-1] INFO  segmented.SegmentedRaftLogWorker (SegmentedRaftLogWorker.java:lambda$new$0(132)) - 36ac27b3-2f11-437d-8f1f-165306b0ff4a@group-2775D6089813-SegmentedRaftLogWorker: flushIndex: setUnconditionally 0 -> -1
2019-09-25 05:06:37,610 [pool-37-thread-1] INFO  server.RaftServerConfigKeys (ConfUtils.java:logGet(43)) - raft.server.snapshot.auto.trigger.enabled = true (custom)
2019-09-25 05:06:37,610 [pool-37-thread-1] INFO  server.RaftServerConfigKeys (ConfUtils.java:logGet(43)) - raft.server.snapshot.auto.trigger.threshold = 10000 (custom)
2019-09-25 05:06:37,610 [pool-37-thread-1] INFO  server.RaftServerConfigKeys (ConfUtils.java:logGet(43)) - raft.server.snapshot.retention.num.files = 5 (custom)
2019-09-25 05:06:37,610 [pool-37-thread-1] INFO  server.RaftServerConfigKeys (ConfUtils.java:logGet(43)) - raft.server.retrycache.expirytime = 600000ms (custom)
2019-09-25 05:06:37,612 [pool-37-thread-1] INFO  impl.RaftServerImpl (RaftServerImpl.java:start(185)) - 36ac27b3-2f11-437d-8f1f-165306b0ff4a@group-2775D6089813: start as a follower, conf=-1: [36ac27b3-2f11-437d-8f1f-165306b0ff4a:192.168.30.10:45265], old=null
2019-09-25 05:06:37,612 [pool-37-thread-1] INFO  impl.RaftServerImpl (RaftServerImpl.java:setRole(174)) - 36ac27b3-2f11-437d-8f1f-165306b0ff4a@group-2775D6089813: changes role from      null to FOLLOWER at term 0 for startAsFollower
2019-09-25 05:06:37,612 [pool-37-thread-1] INFO  impl.RoleInfo (RoleInfo.java:updateAndGet(143)) - 36ac27b3-2f11-437d-8f1f-165306b0ff4a: start FollowerState
2019-09-25 05:06:37,612 [pool-37-thread-1] INFO  util.JmxRegister (JmxRegister.java:tryRegister(44)) - Successfully registered JMX Bean with object name Ratis:service=RaftServer,group=group-2775D6089813,id=36ac27b3-2f11-437d-8f1f-165306b0ff4a
2019-09-25 05:06:37,616 [RatisPipelineUtilsThread] INFO  pipeline.PipelineStateManager (PipelineStateManager.java:addPipeline(56)) - Created pipeline Pipeline[ Id: 5fee8b93-2d2d-4213-83b7-2775d6089813, Nodes: 36ac27b3-2f11-437d-8f1f-165306b0ff4a{ip: 192.168.30.10, host: pr-hdds-1569-s62bp-3040748787, networkLocation: /default-rack, certSerialId: null}, Type:RATIS, Factor:ONE, State:OPEN]
2019-09-25 05:06:37,621 [grpc-default-executor-1] INFO  impl.RaftServerProxy (RaftServerProxy.java:addNew(89)) - 36ac27b3-2f11-437d-8f1f-165306b0ff4a: addNew group-0E4AB3140789:[36ac27b3-2f11-437d-8f1f-165306b0ff4a:192.168.30.10:45265] returns group-0E4AB3140789:java.util.concurrent.CompletableFuture@364f1cca[Not completed]
2019-09-25 05:06:37,622 [pool-37-thread-1] INFO  impl.RaftServerImpl (RaftServerImpl.java:<init>(95)) - 36ac27b3-2f11-437d-8f1f-165306b0ff4a: new RaftServerImpl for group-0E4AB3140789:[36ac27b3-2f11-437d-8f1f-165306b0ff4a:192.168.30.10:45265] with ContainerStateMachine:uninitialized
2019-09-25 05:06:37,623 [pool-37-thread-1] INFO  server.RaftServerConfigKeys (ConfUtils.java:logGet(43)) - raft.server.rpc.timeout.min = 5s (custom)
2019-09-25 05:06:37,623 [pool-37-thread-1] INFO  server.RaftServerConfigKeys (ConfUtils.java:logGet(43)) - raft.server.rpc.timeout.max = 5200ms (custom)
2019-09-25 05:06:37,623 [pool-37-thread-1] INFO  server.RaftServerConfigKeys (ConfUtils.java:logGet(43)) - raft.server.rpcslowness.timeout = 120s (custom)
2019-09-25 05:06:37,623 [pool-37-thread-1] INFO  server.RaftServerConfigKeys (ConfUtils.java:logGet(43)) - raft.server.sleep.deviation.threshold = 300 (default)
2019-09-25 05:06:37,623 [pool-37-thread-1] INFO  server.RaftServerConfigKeys (ConfUtils.java:logGet(43)) - raft.server.log.appender.install.snapshot.enabled = false (custom)
2019-09-25 05:06:37,623 [pool-37-thread-1] INFO  impl.RaftServerImpl (ServerState.java:<init>(103)) - 36ac27b3-2f11-437d-8f1f-165306b0ff4a@group-0E4AB3140789: ConfigurationManager, init=-1: [36ac27b3-2f11-437d-8f1f-165306b0ff4a:192.168.30.10:45265], old=null, confs=<EMPTY_MAP>
2019-09-25 05:06:37,623 [pool-37-thread-1] INFO  server.RaftServerConfigKeys (ConfUtils.java:logGet(43)) - raft.server.storage.dir = [/workdir/hadoop-ozone/integration-test/target/test-dir/MiniOzoneClusterImpl-23306158-e895-4fc7-80df-ce6c264c388b/datanode-1/data/ratis] (custom)
2019-09-25 05:06:37,624 [pool-37-thread-1] INFO  storage.RaftStorageDirectory (RaftStorageDirectory.java:analyzeStorage(246)) - The storage directory /workdir/hadoop-ozone/integration-test/target/test-dir/MiniOzoneClusterImpl-23306158-e895-4fc7-80df-ce6c264c388b/datanode-1/data/ratis/83ce1fcf-5c26-4a78-bb0b-0e4ab3140789 does not exist. Creating ...
2019-09-25 05:06:37,637 [pool-37-thread-1] INFO  storage.RaftStorageDirectory (RaftStorageDirectory.java:tryLock(328)) - Lock on /workdir/hadoop-ozone/integration-test/target/test-dir/MiniOzoneClusterImpl-23306158-e895-4fc7-80df-ce6c264c388b/datanode-1/data/ratis/83ce1fcf-5c26-4a78-bb0b-0e4ab3140789/in_use.lock acquired by nodename 25526@pr-hdds-1569-s62bp-3040748787
2019-09-25 05:06:37,650 [pool-37-thread-1] INFO  storage.RaftStorage (RaftStorage.java:format(72)) - Storage directory /workdir/hadoop-ozone/integration-test/target/test-dir/MiniOzoneClusterImpl-23306158-e895-4fc7-80df-ce6c264c388b/datanode-1/data/ratis/83ce1fcf-5c26-4a78-bb0b-0e4ab3140789 has been successfully formatted.
2019-09-25 05:06:37,650 [pool-37-thread-1] INFO  ratis.ContainerStateMachine (ContainerStateMachine.java:loadSnapshot(230)) - group-0E4AB3140789: The snapshot info is null. Setting the last applied indexto:(t:0, i:~)
2019-09-25 05:06:37,650 [pool-37-thread-1] INFO  server.RaftServerConfigKeys (ConfUtils.java:logGet(43)) - raft.server.notification.no-leader.timeout = 120s (custom)
2019-09-25 05:06:37,651 [pool-37-thread-1] INFO  server.RaftServerConfigKeys (ConfUtils.java:logGet(43)) - raft.server.log.use.memory = false (default)
2019-09-25 05:06:37,651 [pool-37-thread-1] INFO  server.RaftServerConfigKeys (ConfUtils.java:logGet(43)) - raft.server.log.purge.gap = 1000000 (custom)
2019-09-25 05:06:37,651 [pool-37-thread-1] INFO  server.RaftServerConfigKeys (ConfUtils.java:logGet(43)) - raft.server.log.appender.buffer.byte-limit = 33554432 (custom)
2019-09-25 05:06:37,651 [pool-37-thread-1] INFO  server.RaftServerConfigKeys (ConfUtils.java:logGet(43)) - raft.server.log.segment.size.max = 1048576 (custom)
2019-09-25 05:06:37,652 [pool-37-thread-1] INFO  server.RaftServerConfigKeys (ConfUtils.java:logGet(43)) - raft.server.log.segment.cache.num.max = 2 (custom)
2019-09-25 05:06:37,652 [pool-37-thread-1] INFO  segmented.SegmentedRaftLogWorker (SegmentedRaftLogWorker.java:<init>(172)) - new 36ac27b3-2f11-437d-8f1f-165306b0ff4a@group-0E4AB3140789-SegmentedRaftLogWorker for RaftStorage:Storage Directory /workdir/hadoop-ozone/integration-test/target/test-dir/MiniOzoneClusterImpl-23306158-e895-4fc7-80df-ce6c264c388b/datanode-1/data/ratis/83ce1fcf-5c26-4a78-bb0b-0e4ab3140789
2019-09-25 05:06:37,652 [pool-37-thread-1] INFO  server.RaftServerConfigKeys (ConfUtils.java:logGet(43)) - raft.server.log.queue.byte-limit = 2147483647 (custom)
2019-09-25 05:06:37,652 [pool-37-thread-1] INFO  server.RaftServerConfigKeys (ConfUtils.java:logGet(43)) - raft.server.log.queue.element-limit = 1024 (custom)
2019-09-25 05:06:37,652 [pool-37-thread-1] INFO  server.RaftServerConfigKeys (ConfUtils.java:logGet(43)) - raft.server.log.segment.size.max = 1048576 (custom)
2019-09-25 05:06:37,653 [pool-37-thread-1] INFO  server.RaftServerConfigKeys (ConfUtils.java:logGet(43)) - raft.server.log.preallocated.size = 16384 (custom)
2019-09-25 05:06:37,653 [pool-37-thread-1] INFO  server.RaftServerConfigKeys (ConfUtils.java:logGet(43)) - raft.server.log.write.buffer.size = 33554432 (custom)
2019-09-25 05:06:37,653 [pool-37-thread-1] INFO  server.RaftServerConfigKeys (ConfUtils.java:logGet(43)) - raft.server.log.force.sync.num = 128 (default)
2019-09-25 05:06:37,653 [pool-37-thread-1] INFO  server.RaftServerConfigKeys (ConfUtils.java:logGet(43)) - raft.server.log.statemachine.data.sync = true (default)
2019-09-25 05:06:37,653 [pool-37-thread-1] INFO  server.RaftServerConfigKeys (ConfUtils.java:logGet(43)) - raft.server.log.statemachine.data.sync.timeout = 10s (default)
2019-09-25 05:06:37,654 [pool-37-thread-1] INFO  server.RaftServerConfigKeys (ConfUtils.java:logGet(43)) - raft.server.log.statemachine.data.sync.timeout.retry = -1 (default)
2019-09-25 05:06:37,654 [pool-37-thread-1] INFO  server.RaftServerConfigKeys (ConfUtils.java:logGet(43)) - raft.server.log.statemachine.data.caching.enabled = true (custom)
2019-09-25 05:06:37,654 [pool-37-thread-1] INFO  segmented.SegmentedRaftLogWorker (SegmentedRaftLogWorker.java:lambda$new$0(132)) - 36ac27b3-2f11-437d-8f1f-165306b0ff4a@group-0E4AB3140789-SegmentedRaftLogWorker: flushIndex: setUnconditionally 0 -> -1
2019-09-25 05:06:37,655 [pool-37-thread-1] INFO  server.RaftServerConfigKeys (ConfUtils.java:logGet(43)) - raft.server.snapshot.auto.trigger.enabled = true (custom)
2019-09-25 05:06:37,655 [pool-37-thread-1] INFO  server.RaftServerConfigKeys (ConfUtils.java:logGet(43)) - raft.server.snapshot.auto.trigger.threshold = 10000 (custom)
2019-09-25 05:06:37,655 [pool-37-thread-1] INFO  server.RaftServerConfigKeys (ConfUtils.java:logGet(43)) - raft.server.snapshot.retention.num.files = 5 (custom)
2019-09-25 05:06:37,655 [pool-37-thread-1] INFO  server.RaftServerConfigKeys (ConfUtils.java:logGet(43)) - raft.server.retrycache.expirytime = 600000ms (custom)
2019-09-25 05:06:37,661 [pool-37-thread-1] INFO  impl.RaftServerImpl (RaftServerImpl.java:start(185)) - 36ac27b3-2f11-437d-8f1f-165306b0ff4a@group-0E4AB3140789: start as a follower, conf=-1: [36ac27b3-2f11-437d-8f1f-165306b0ff4a:192.168.30.10:45265], old=null
2019-09-25 05:06:37,661 [pool-37-thread-1] INFO  impl.RaftServerImpl (RaftServerImpl.java:setRole(174)) - 36ac27b3-2f11-437d-8f1f-165306b0ff4a@group-0E4AB3140789: changes role from      null to FOLLOWER at term 0 for startAsFollower
2019-09-25 05:06:37,661 [pool-37-thread-1] INFO  impl.RoleInfo (RoleInfo.java:updateAndGet(143)) - 36ac27b3-2f11-437d-8f1f-165306b0ff4a: start FollowerState
2019-09-25 05:06:37,661 [pool-37-thread-1] INFO  util.JmxRegister (JmxRegister.java:tryRegister(44)) - Successfully registered JMX Bean with object name Ratis:service=RaftServer,group=group-0E4AB3140789,id=36ac27b3-2f11-437d-8f1f-165306b0ff4a
2019-09-25 05:06:37,664 [RatisPipelineUtilsThread] INFO  pipeline.PipelineStateManager (PipelineStateManager.java:addPipeline(56)) - Created pipeline Pipeline[ Id: 83ce1fcf-5c26-4a78-bb0b-0e4ab3140789, Nodes: 36ac27b3-2f11-437d-8f1f-165306b0ff4a{ip: 192.168.30.10, host: pr-hdds-1569-s62bp-3040748787, networkLocation: /default-rack, certSerialId: null}, Type:RATIS, Factor:ONE, State:OPEN]
2019-09-25 05:06:37,670 [grpc-default-executor-1] INFO  impl.RaftServerProxy (RaftServerProxy.java:addNew(89)) - f77bfc29-6991-4b1d-a503-f706c83de4fc: addNew group-AC9D764C8055:[f77bfc29-6991-4b1d-a503-f706c83de4fc:192.168.30.10:35112] returns group-AC9D764C8055:java.util.concurrent.CompletableFuture@6027c76b[Not completed]
2019-09-25 05:06:37,670 [pool-27-thread-1] INFO  impl.RaftServerImpl (RaftServerImpl.java:<init>(95)) - f77bfc29-6991-4b1d-a503-f706c83de4fc: new RaftServerImpl for group-AC9D764C8055:[f77bfc29-6991-4b1d-a503-f706c83de4fc:192.168.30.10:35112] with ContainerStateMachine:uninitialized
2019-09-25 05:06:37,671 [pool-27-thread-1] INFO  server.RaftServerConfigKeys (ConfUtils.java:logGet(43)) - raft.server.rpc.timeout.min = 5s (custom)
2019-09-25 05:06:37,671 [pool-27-thread-1] INFO  server.RaftServerConfigKeys (ConfUtils.java:logGet(43)) - raft.server.rpc.timeout.max = 5200ms (custom)
2019-09-25 05:06:37,671 [pool-27-thread-1] INFO  server.RaftServerConfigKeys (ConfUtils.java:logGet(43)) - raft.server.rpcslowness.timeout = 120s (custom)
2019-09-25 05:06:37,671 [pool-27-thread-1] INFO  server.RaftServerConfigKeys (ConfUtils.java:logGet(43)) - raft.server.sleep.deviation.threshold = 300 (default)
2019-09-25 05:06:37,671 [pool-27-thread-1] INFO  server.RaftServerConfigKeys (ConfUtils.java:logGet(43)) - raft.server.log.appender.install.snapshot.enabled = false (custom)
2019-09-25 05:06:37,671 [pool-27-thread-1] INFO  impl.RaftServerImpl (ServerState.java:<init>(103)) - f77bfc29-6991-4b1d-a503-f706c83de4fc@group-AC9D764C8055: ConfigurationManager, init=-1: [f77bfc29-6991-4b1d-a503-f706c83de4fc:192.168.30.10:35112], old=null, confs=<EMPTY_MAP>
2019-09-25 05:06:37,671 [pool-27-thread-1] INFO  server.RaftServerConfigKeys (ConfUtils.java:logGet(43)) - raft.server.storage.dir = [/workdir/hadoop-ozone/integration-test/target/test-dir/MiniOzoneClusterImpl-23306158-e895-4fc7-80df-ce6c264c388b/datanode-0/data/ratis] (custom)
2019-09-25 05:06:37,672 [pool-27-thread-1] INFO  storage.RaftStorageDirectory (RaftStorageDirectory.java:analyzeStorage(246)) - The storage directory /workdir/hadoop-ozone/integration-test/target/test-dir/MiniOzoneClusterImpl-23306158-e895-4fc7-80df-ce6c264c388b/datanode-0/data/ratis/4f7f20ba-1e3b-4570-8f9d-ac9d764c8055 does not exist. Creating ...
2019-09-25 05:06:37,685 [pool-27-thread-1] INFO  storage.RaftStorageDirectory (RaftStorageDirectory.java:tryLock(328)) - Lock on /workdir/hadoop-ozone/integration-test/target/test-dir/MiniOzoneClusterImpl-23306158-e895-4fc7-80df-ce6c264c388b/datanode-0/data/ratis/4f7f20ba-1e3b-4570-8f9d-ac9d764c8055/in_use.lock acquired by nodename 25526@pr-hdds-1569-s62bp-3040748787
2019-09-25 05:06:37,698 [pool-27-thread-1] INFO  storage.RaftStorage (RaftStorage.java:format(72)) - Storage directory /workdir/hadoop-ozone/integration-test/target/test-dir/MiniOzoneClusterImpl-23306158-e895-4fc7-80df-ce6c264c388b/datanode-0/data/ratis/4f7f20ba-1e3b-4570-8f9d-ac9d764c8055 has been successfully formatted.
2019-09-25 05:06:37,699 [pool-27-thread-1] INFO  ratis.ContainerStateMachine (ContainerStateMachine.java:loadSnapshot(230)) - group-AC9D764C8055: The snapshot info is null. Setting the last applied indexto:(t:0, i:~)
2019-09-25 05:06:37,699 [pool-27-thread-1] INFO  server.RaftServerConfigKeys (ConfUtils.java:logGet(43)) - raft.server.notification.no-leader.timeout = 120s (custom)
2019-09-25 05:06:37,699 [pool-27-thread-1] INFO  server.RaftServerConfigKeys (ConfUtils.java:logGet(43)) - raft.server.log.use.memory = false (default)
2019-09-25 05:06:37,699 [pool-27-thread-1] INFO  server.RaftServerConfigKeys (ConfUtils.java:logGet(43)) - raft.server.log.purge.gap = 1000000 (custom)
2019-09-25 05:06:37,699 [pool-27-thread-1] INFO  server.RaftServerConfigKeys (ConfUtils.java:logGet(43)) - raft.server.log.appender.buffer.byte-limit = 33554432 (custom)
2019-09-25 05:06:37,699 [pool-27-thread-1] INFO  server.RaftServerConfigKeys (ConfUtils.java:logGet(43)) - raft.server.log.segment.size.max = 1048576 (custom)
2019-09-25 05:06:37,699 [pool-27-thread-1] INFO  server.RaftServerConfigKeys (ConfUtils.java:logGet(43)) - raft.server.log.segment.cache.num.max = 2 (custom)
2019-09-25 05:06:37,700 [pool-27-thread-1] INFO  segmented.SegmentedRaftLogWorker (SegmentedRaftLogWorker.java:<init>(172)) - new f77bfc29-6991-4b1d-a503-f706c83de4fc@group-AC9D764C8055-SegmentedRaftLogWorker for RaftStorage:Storage Directory /workdir/hadoop-ozone/integration-test/target/test-dir/MiniOzoneClusterImpl-23306158-e895-4fc7-80df-ce6c264c388b/datanode-0/data/ratis/4f7f20ba-1e3b-4570-8f9d-ac9d764c8055
2019-09-25 05:06:37,700 [pool-27-thread-1] INFO  server.RaftServerConfigKeys (ConfUtils.java:logGet(43)) - raft.server.log.queue.byte-limit = 2147483647 (custom)
2019-09-25 05:06:37,700 [pool-27-thread-1] INFO  server.RaftServerConfigKeys (ConfUtils.java:logGet(43)) - raft.server.log.queue.element-limit = 1024 (custom)
2019-09-25 05:06:37,700 [pool-27-thread-1] INFO  server.RaftServerConfigKeys (ConfUtils.java:logGet(43)) - raft.server.log.segment.size.max = 1048576 (custom)
2019-09-25 05:06:37,700 [pool-27-thread-1] INFO  server.RaftServerConfigKeys (ConfUtils.java:logGet(43)) - raft.server.log.preallocated.size = 16384 (custom)
2019-09-25 05:06:37,700 [pool-27-thread-1] INFO  server.RaftServerConfigKeys (ConfUtils.java:logGet(43)) - raft.server.log.write.buffer.size = 33554432 (custom)
2019-09-25 05:06:37,700 [pool-27-thread-1] INFO  server.RaftServerConfigKeys (ConfUtils.java:logGet(43)) - raft.server.log.force.sync.num = 128 (default)
2019-09-25 05:06:37,700 [pool-27-thread-1] INFO  server.RaftServerConfigKeys (ConfUtils.java:logGet(43)) - raft.server.log.statemachine.data.sync = true (default)
2019-09-25 05:06:37,701 [pool-27-thread-1] INFO  server.RaftServerConfigKeys (ConfUtils.java:logGet(43)) - raft.server.log.statemachine.data.sync.timeout = 10s (default)
2019-09-25 05:06:37,701 [pool-27-thread-1] INFO  server.RaftServerConfigKeys (ConfUtils.java:logGet(43)) - raft.server.log.statemachine.data.sync.timeout.retry = -1 (default)
2019-09-25 05:06:37,701 [pool-27-thread-1] INFO  server.RaftServerConfigKeys (ConfUtils.java:logGet(43)) - raft.server.log.statemachine.data.caching.enabled = true (custom)
2019-09-25 05:06:37,701 [pool-27-thread-1] INFO  segmented.SegmentedRaftLogWorker (SegmentedRaftLogWorker.java:lambda$new$0(132)) - f77bfc29-6991-4b1d-a503-f706c83de4fc@group-AC9D764C8055-SegmentedRaftLogWorker: flushIndex: setUnconditionally 0 -> -1
2019-09-25 05:06:37,702 [pool-27-thread-1] INFO  server.RaftServerConfigKeys (ConfUtils.java:logGet(43)) - raft.server.snapshot.auto.trigger.enabled = true (custom)
2019-09-25 05:06:37,702 [pool-27-thread-1] INFO  server.RaftServerConfigKeys (ConfUtils.java:logGet(43)) - raft.server.snapshot.auto.trigger.threshold = 10000 (custom)
2019-09-25 05:06:37,702 [pool-27-thread-1] INFO  server.RaftServerConfigKeys (ConfUtils.java:logGet(43)) - raft.server.snapshot.retention.num.files = 5 (custom)
2019-09-25 05:06:37,702 [pool-27-thread-1] INFO  server.RaftServerConfigKeys (ConfUtils.java:logGet(43)) - raft.server.retrycache.expirytime = 600000ms (custom)
2019-09-25 05:06:37,703 [pool-27-thread-1] INFO  impl.RaftServerImpl (RaftServerImpl.java:start(185)) - f77bfc29-6991-4b1d-a503-f706c83de4fc@group-AC9D764C8055: start as a follower, conf=-1: [f77bfc29-6991-4b1d-a503-f706c83de4fc:192.168.30.10:35112], old=null
2019-09-25 05:06:37,704 [pool-27-thread-1] INFO  impl.RaftServerImpl (RaftServerImpl.java:setRole(174)) - f77bfc29-6991-4b1d-a503-f706c83de4fc@group-AC9D764C8055: changes role from      null to FOLLOWER at term 0 for startAsFollower
2019-09-25 05:06:37,704 [pool-27-thread-1] INFO  impl.RoleInfo (RoleInfo.java:updateAndGet(143)) - f77bfc29-6991-4b1d-a503-f706c83de4fc: start FollowerState
2019-09-25 05:06:37,704 [pool-27-thread-1] INFO  util.JmxRegister (JmxRegister.java:tryRegister(44)) - Successfully registered JMX Bean with object name Ratis:service=RaftServer,group=group-AC9D764C8055,id=f77bfc29-6991-4b1d-a503-f706c83de4fc
2019-09-25 05:06:37,707 [RatisPipelineUtilsThread] INFO  pipeline.PipelineStateManager (PipelineStateManager.java:addPipeline(56)) - Created pipeline Pipeline[ Id: 4f7f20ba-1e3b-4570-8f9d-ac9d764c8055, Nodes: f77bfc29-6991-4b1d-a503-f706c83de4fc{ip: 192.168.30.10, host: pr-hdds-1569-s62bp-3040748787, networkLocation: /default-rack, certSerialId: null}, Type:RATIS, Factor:ONE, State:OPEN]
2019-09-25 05:06:37,712 [grpc-default-executor-1] INFO  impl.RaftServerProxy (RaftServerProxy.java:addNew(89)) - 692224c4-5202-4921-98cc-04d5c60c79cc: addNew group-C6E7FE130C15:[692224c4-5202-4921-98cc-04d5c60c79cc:192.168.30.10:38144] returns group-C6E7FE130C15:java.util.concurrent.CompletableFuture@3ed89cc6[Not completed]
2019-09-25 05:06:37,713 [pool-67-thread-1] INFO  impl.RaftServerImpl (RaftServerImpl.java:<init>(95)) - 692224c4-5202-4921-98cc-04d5c60c79cc: new RaftServerImpl for group-C6E7FE130C15:[692224c4-5202-4921-98cc-04d5c60c79cc:192.168.30.10:38144] with ContainerStateMachine:uninitialized
2019-09-25 05:06:37,713 [pool-67-thread-1] INFO  server.RaftServerConfigKeys (ConfUtils.java:logGet(43)) - raft.server.rpc.timeout.min = 5s (custom)
2019-09-25 05:06:37,713 [pool-67-thread-1] INFO  server.RaftServerConfigKeys (ConfUtils.java:logGet(43)) - raft.server.rpc.timeout.max = 5200ms (custom)
2019-09-25 05:06:37,713 [pool-67-thread-1] INFO  server.RaftServerConfigKeys (ConfUtils.java:logGet(43)) - raft.server.rpcslowness.timeout = 120s (custom)
2019-09-25 05:06:37,713 [pool-67-thread-1] INFO  server.RaftServerConfigKeys (ConfUtils.java:logGet(43)) - raft.server.sleep.deviation.threshold = 300 (default)
2019-09-25 05:06:37,714 [pool-67-thread-1] INFO  server.RaftServerConfigKeys (ConfUtils.java:logGet(43)) - raft.server.log.appender.install.snapshot.enabled = false (custom)
2019-09-25 05:06:37,714 [pool-67-thread-1] INFO  impl.RaftServerImpl (ServerState.java:<init>(103)) - 692224c4-5202-4921-98cc-04d5c60c79cc@group-C6E7FE130C15: ConfigurationManager, init=-1: [692224c4-5202-4921-98cc-04d5c60c79cc:192.168.30.10:38144], old=null, confs=<EMPTY_MAP>
2019-09-25 05:06:37,714 [pool-67-thread-1] INFO  server.RaftServerConfigKeys (ConfUtils.java:logGet(43)) - raft.server.storage.dir = [/workdir/hadoop-ozone/integration-test/target/test-dir/MiniOzoneClusterImpl-23306158-e895-4fc7-80df-ce6c264c388b/datanode-4/data/ratis] (custom)
2019-09-25 05:06:37,714 [pool-67-thread-1] INFO  storage.RaftStorageDirectory (RaftStorageDirectory.java:analyzeStorage(246)) - The storage directory /workdir/hadoop-ozone/integration-test/target/test-dir/MiniOzoneClusterImpl-23306158-e895-4fc7-80df-ce6c264c388b/datanode-4/data/ratis/ded9dc9c-ee4b-4d71-8b27-c6e7fe130c15 does not exist. Creating ...
2019-09-25 05:06:37,727 [pool-67-thread-1] INFO  storage.RaftStorageDirectory (RaftStorageDirectory.java:tryLock(328)) - Lock on /workdir/hadoop-ozone/integration-test/target/test-dir/MiniOzoneClusterImpl-23306158-e895-4fc7-80df-ce6c264c388b/datanode-4/data/ratis/ded9dc9c-ee4b-4d71-8b27-c6e7fe130c15/in_use.lock acquired by nodename 25526@pr-hdds-1569-s62bp-3040748787
2019-09-25 05:06:37,741 [pool-67-thread-1] INFO  storage.RaftStorage (RaftStorage.java:format(72)) - Storage directory /workdir/hadoop-ozone/integration-test/target/test-dir/MiniOzoneClusterImpl-23306158-e895-4fc7-80df-ce6c264c388b/datanode-4/data/ratis/ded9dc9c-ee4b-4d71-8b27-c6e7fe130c15 has been successfully formatted.
2019-09-25 05:06:37,741 [pool-67-thread-1] INFO  ratis.ContainerStateMachine (ContainerStateMachine.java:loadSnapshot(230)) - group-C6E7FE130C15: The snapshot info is null. Setting the last applied indexto:(t:0, i:~)
2019-09-25 05:06:37,741 [pool-67-thread-1] INFO  server.RaftServerConfigKeys (ConfUtils.java:logGet(43)) - raft.server.notification.no-leader.timeout = 120s (custom)
2019-09-25 05:06:37,742 [pool-67-thread-1] INFO  server.RaftServerConfigKeys (ConfUtils.java:logGet(43)) - raft.server.log.use.memory = false (default)
2019-09-25 05:06:37,742 [pool-67-thread-1] INFO  server.RaftServerConfigKeys (ConfUtils.java:logGet(43)) - raft.server.log.purge.gap = 1000000 (custom)
2019-09-25 05:06:37,742 [pool-67-thread-1] INFO  server.RaftServerConfigKeys (ConfUtils.java:logGet(43)) - raft.server.log.appender.buffer.byte-limit = 33554432 (custom)
2019-09-25 05:06:37,742 [pool-67-thread-1] INFO  server.RaftServerConfigKeys (ConfUtils.java:logGet(43)) - raft.server.log.segment.size.max = 1048576 (custom)
2019-09-25 05:06:37,742 [pool-67-thread-1] INFO  server.RaftServerConfigKeys (ConfUtils.java:logGet(43)) - raft.server.log.segment.cache.num.max = 2 (custom)
2019-09-25 05:06:37,742 [pool-67-thread-1] INFO  segmented.SegmentedRaftLogWorker (SegmentedRaftLogWorker.java:<init>(172)) - new 692224c4-5202-4921-98cc-04d5c60c79cc@group-C6E7FE130C15-SegmentedRaftLogWorker for RaftStorage:Storage Directory /workdir/hadoop-ozone/integration-test/target/test-dir/MiniOzoneClusterImpl-23306158-e895-4fc7-80df-ce6c264c388b/datanode-4/data/ratis/ded9dc9c-ee4b-4d71-8b27-c6e7fe130c15
2019-09-25 05:06:37,743 [pool-67-thread-1] INFO  server.RaftServerConfigKeys (ConfUtils.java:logGet(43)) - raft.server.log.queue.byte-limit = 2147483647 (custom)
2019-09-25 05:06:37,743 [pool-67-thread-1] INFO  server.RaftServerConfigKeys (ConfUtils.java:logGet(43)) - raft.server.log.queue.element-limit = 1024 (custom)
2019-09-25 05:06:37,743 [pool-67-thread-1] INFO  server.RaftServerConfigKeys (ConfUtils.java:logGet(43)) - raft.server.log.segment.size.max = 1048576 (custom)
2019-09-25 05:06:37,743 [pool-67-thread-1] INFO  server.RaftServerConfigKeys (ConfUtils.java:logGet(43)) - raft.server.log.preallocated.size = 16384 (custom)
2019-09-25 05:06:37,743 [pool-67-thread-1] INFO  server.RaftServerConfigKeys (ConfUtils.java:logGet(43)) - raft.server.log.write.buffer.size = 33554432 (custom)
2019-09-25 05:06:37,743 [pool-67-thread-1] INFO  server.RaftServerConfigKeys (ConfUtils.java:logGet(43)) - raft.server.log.force.sync.num = 128 (default)
2019-09-25 05:06:37,743 [pool-67-thread-1] INFO  server.RaftServerConfigKeys (ConfUtils.java:logGet(43)) - raft.server.log.statemachine.data.sync = true (default)
2019-09-25 05:06:37,744 [pool-67-thread-1] INFO  server.RaftServerConfigKeys (ConfUtils.java:logGet(43)) - raft.server.log.statemachine.data.sync.timeout = 10s (default)
2019-09-25 05:06:37,744 [pool-67-thread-1] INFO  server.RaftServerConfigKeys (ConfUtils.java:logGet(43)) - raft.server.log.statemachine.data.sync.timeout.retry = -1 (default)
2019-09-25 05:06:37,744 [pool-67-thread-1] INFO  server.RaftServerConfigKeys (ConfUtils.java:logGet(43)) - raft.server.log.statemachine.data.caching.enabled = true (custom)
2019-09-25 05:06:37,744 [pool-67-thread-1] INFO  segmented.SegmentedRaftLogWorker (SegmentedRaftLogWorker.java:lambda$new$0(132)) - 692224c4-5202-4921-98cc-04d5c60c79cc@group-C6E7FE130C15-SegmentedRaftLogWorker: flushIndex: setUnconditionally 0 -> -1
2019-09-25 05:06:37,745 [pool-67-thread-1] INFO  server.RaftServerConfigKeys (ConfUtils.java:logGet(43)) - raft.server.snapshot.auto.trigger.enabled = true (custom)
2019-09-25 05:06:37,745 [pool-67-thread-1] INFO  server.RaftServerConfigKeys (ConfUtils.java:logGet(43)) - raft.server.snapshot.auto.trigger.threshold = 10000 (custom)
2019-09-25 05:06:37,745 [pool-67-thread-1] INFO  server.RaftServerConfigKeys (ConfUtils.java:logGet(43)) - raft.server.snapshot.retention.num.files = 5 (custom)
2019-09-25 05:06:37,745 [pool-67-thread-1] INFO  server.RaftServerConfigKeys (ConfUtils.java:logGet(43)) - raft.server.retrycache.expirytime = 600000ms (custom)
2019-09-25 05:06:37,747 [pool-67-thread-1] INFO  impl.RaftServerImpl (RaftServerImpl.java:start(185)) - 692224c4-5202-4921-98cc-04d5c60c79cc@group-C6E7FE130C15: start as a follower, conf=-1: [692224c4-5202-4921-98cc-04d5c60c79cc:192.168.30.10:38144], old=null
2019-09-25 05:06:37,747 [pool-67-thread-1] INFO  impl.RaftServerImpl (RaftServerImpl.java:setRole(174)) - 692224c4-5202-4921-98cc-04d5c60c79cc@group-C6E7FE130C15: changes role from      null to FOLLOWER at term 0 for startAsFollower
2019-09-25 05:06:37,747 [pool-67-thread-1] INFO  impl.RoleInfo (RoleInfo.java:updateAndGet(143)) - 692224c4-5202-4921-98cc-04d5c60c79cc: start FollowerState
2019-09-25 05:06:37,748 [pool-67-thread-1] INFO  util.JmxRegister (JmxRegister.java:tryRegister(44)) - Successfully registered JMX Bean with object name Ratis:service=RaftServer,group=group-C6E7FE130C15,id=692224c4-5202-4921-98cc-04d5c60c79cc
2019-09-25 05:06:37,751 [RatisPipelineUtilsThread] INFO  pipeline.PipelineStateManager (PipelineStateManager.java:addPipeline(56)) - Created pipeline Pipeline[ Id: ded9dc9c-ee4b-4d71-8b27-c6e7fe130c15, Nodes: 692224c4-5202-4921-98cc-04d5c60c79cc{ip: 192.168.30.10, host: pr-hdds-1569-s62bp-3040748787, networkLocation: /default-rack, certSerialId: null}, Type:RATIS, Factor:ONE, State:OPEN]
2019-09-25 05:06:37,756 [grpc-default-executor-1] INFO  impl.RaftServerProxy (RaftServerProxy.java:addNew(89)) - 36ac27b3-2f11-437d-8f1f-165306b0ff4a: addNew group-4305B25424B2:[36ac27b3-2f11-437d-8f1f-165306b0ff4a:192.168.30.10:45265] returns group-4305B25424B2:java.util.concurrent.CompletableFuture@5aef2da6[Not completed]
2019-09-25 05:06:37,757 [pool-37-thread-1] INFO  impl.RaftServerImpl (RaftServerImpl.java:<init>(95)) - 36ac27b3-2f11-437d-8f1f-165306b0ff4a: new RaftServerImpl for group-4305B25424B2:[36ac27b3-2f11-437d-8f1f-165306b0ff4a:192.168.30.10:45265] with ContainerStateMachine:uninitialized
2019-09-25 05:06:37,758 [pool-37-thread-1] INFO  server.RaftServerConfigKeys (ConfUtils.java:logGet(43)) - raft.server.rpc.timeout.min = 5s (custom)
2019-09-25 05:06:37,758 [pool-37-thread-1] INFO  server.RaftServerConfigKeys (ConfUtils.java:logGet(43)) - raft.server.rpc.timeout.max = 5200ms (custom)
2019-09-25 05:06:37,758 [pool-37-thread-1] INFO  server.RaftServerConfigKeys (ConfUtils.java:logGet(43)) - raft.server.rpcslowness.timeout = 120s (custom)
2019-09-25 05:06:37,758 [pool-37-thread-1] INFO  server.RaftServerConfigKeys (ConfUtils.java:logGet(43)) - raft.server.sleep.deviation.threshold = 300 (default)
2019-09-25 05:06:37,758 [pool-37-thread-1] INFO  server.RaftServerConfigKeys (ConfUtils.java:logGet(43)) - raft.server.log.appender.install.snapshot.enabled = false (custom)
2019-09-25 05:06:37,758 [pool-37-thread-1] INFO  impl.RaftServerImpl (ServerState.java:<init>(103)) - 36ac27b3-2f11-437d-8f1f-165306b0ff4a@group-4305B25424B2: ConfigurationManager, init=-1: [36ac27b3-2f11-437d-8f1f-165306b0ff4a:192.168.30.10:45265], old=null, confs=<EMPTY_MAP>
2019-09-25 05:06:37,758 [pool-37-thread-1] INFO  server.RaftServerConfigKeys (ConfUtils.java:logGet(43)) - raft.server.storage.dir = [/workdir/hadoop-ozone/integration-test/target/test-dir/MiniOzoneClusterImpl-23306158-e895-4fc7-80df-ce6c264c388b/datanode-1/data/ratis] (custom)
2019-09-25 05:06:37,759 [pool-37-thread-1] INFO  storage.RaftStorageDirectory (RaftStorageDirectory.java:analyzeStorage(246)) - The storage directory /workdir/hadoop-ozone/integration-test/target/test-dir/MiniOzoneClusterImpl-23306158-e895-4fc7-80df-ce6c264c388b/datanode-1/data/ratis/c4379218-fc1c-4a5b-9ebc-4305b25424b2 does not exist. Creating ...
2019-09-25 05:06:37,772 [pool-37-thread-1] INFO  storage.RaftStorageDirectory (RaftStorageDirectory.java:tryLock(328)) - Lock on /workdir/hadoop-ozone/integration-test/target/test-dir/MiniOzoneClusterImpl-23306158-e895-4fc7-80df-ce6c264c388b/datanode-1/data/ratis/c4379218-fc1c-4a5b-9ebc-4305b25424b2/in_use.lock acquired by nodename 25526@pr-hdds-1569-s62bp-3040748787
2019-09-25 05:06:37,785 [pool-37-thread-1] INFO  storage.RaftStorage (RaftStorage.java:format(72)) - Storage directory /workdir/hadoop-ozone/integration-test/target/test-dir/MiniOzoneClusterImpl-23306158-e895-4fc7-80df-ce6c264c388b/datanode-1/data/ratis/c4379218-fc1c-4a5b-9ebc-4305b25424b2 has been successfully formatted.
2019-09-25 05:06:37,785 [pool-37-thread-1] INFO  ratis.ContainerStateMachine (ContainerStateMachine.java:loadSnapshot(230)) - group-4305B25424B2: The snapshot info is null. Setting the last applied indexto:(t:0, i:~)
2019-09-25 05:06:37,786 [pool-37-thread-1] INFO  server.RaftServerConfigKeys (ConfUtils.java:logGet(43)) - raft.server.notification.no-leader.timeout = 120s (custom)
2019-09-25 05:06:37,786 [pool-37-thread-1] INFO  server.RaftServerConfigKeys (ConfUtils.java:logGet(43)) - raft.server.log.use.memory = false (default)
2019-09-25 05:06:37,786 [pool-37-thread-1] INFO  server.RaftServerConfigKeys (ConfUtils.java:logGet(43)) - raft.server.log.purge.gap = 1000000 (custom)
2019-09-25 05:06:37,786 [pool-37-thread-1] INFO  server.RaftServerConfigKeys (ConfUtils.java:logGet(43)) - raft.server.log.appender.buffer.byte-limit = 33554432 (custom)
2019-09-25 05:06:37,786 [pool-37-thread-1] INFO  server.RaftServerConfigKeys (ConfUtils.java:logGet(43)) - raft.server.log.segment.size.max = 1048576 (custom)
2019-09-25 05:06:37,786 [pool-37-thread-1] INFO  server.RaftServerConfigKeys (ConfUtils.java:logGet(43)) - raft.server.log.segment.cache.num.max = 2 (custom)
2019-09-25 05:06:37,786 [pool-37-thread-1] INFO  segmented.SegmentedRaftLogWorker (SegmentedRaftLogWorker.java:<init>(172)) - new 36ac27b3-2f11-437d-8f1f-165306b0ff4a@group-4305B25424B2-SegmentedRaftLogWorker for RaftStorage:Storage Directory /workdir/hadoop-ozone/integration-test/target/test-dir/MiniOzoneClusterImpl-23306158-e895-4fc7-80df-ce6c264c388b/datanode-1/data/ratis/c4379218-fc1c-4a5b-9ebc-4305b25424b2
2019-09-25 05:06:37,786 [pool-37-thread-1] INFO  server.RaftServerConfigKeys (ConfUtils.java:logGet(43)) - raft.server.log.queue.byte-limit = 2147483647 (custom)
2019-09-25 05:06:37,787 [pool-37-thread-1] INFO  server.RaftServerConfigKeys (ConfUtils.java:logGet(43)) - raft.server.log.queue.element-limit = 1024 (custom)
2019-09-25 05:06:37,787 [pool-37-thread-1] INFO  server.RaftServerConfigKeys (ConfUtils.java:logGet(43)) - raft.server.log.segment.size.max = 1048576 (custom)
2019-09-25 05:06:37,787 [pool-37-thread-1] INFO  server.RaftServerConfigKeys (ConfUtils.java:logGet(43)) - raft.server.log.preallocated.size = 16384 (custom)
2019-09-25 05:06:37,787 [pool-37-thread-1] INFO  server.RaftServerConfigKeys (ConfUtils.java:logGet(43)) - raft.server.log.write.buffer.size = 33554432 (custom)
2019-09-25 05:06:37,787 [pool-37-thread-1] INFO  server.RaftServerConfigKeys (ConfUtils.java:logGet(43)) - raft.server.log.force.sync.num = 128 (default)
2019-09-25 05:06:37,787 [pool-37-thread-1] INFO  server.RaftServerConfigKeys (ConfUtils.java:logGet(43)) - raft.server.log.statemachine.data.sync = true (default)
2019-09-25 05:06:37,787 [pool-37-thread-1] INFO  server.RaftServerConfigKeys (ConfUtils.java:logGet(43)) - raft.server.log.statemachine.data.sync.timeout = 10s (default)
2019-09-25 05:06:37,788 [pool-37-thread-1] INFO  server.RaftServerConfigKeys (ConfUtils.java:logGet(43)) - raft.server.log.statemachine.data.sync.timeout.retry = -1 (default)
2019-09-25 05:06:37,788 [pool-37-thread-1] INFO  server.RaftServerConfigKeys (ConfUtils.java:logGet(43)) - raft.server.log.statemachine.data.caching.enabled = true (custom)
2019-09-25 05:06:37,788 [pool-37-thread-1] INFO  segmented.SegmentedRaftLogWorker (SegmentedRaftLogWorker.java:lambda$new$0(132)) - 36ac27b3-2f11-437d-8f1f-165306b0ff4a@group-4305B25424B2-SegmentedRaftLogWorker: flushIndex: setUnconditionally 0 -> -1
2019-09-25 05:06:37,788 [pool-37-thread-1] INFO  server.RaftServerConfigKeys (ConfUtils.java:logGet(43)) - raft.server.snapshot.auto.trigger.enabled = true (custom)
2019-09-25 05:06:37,789 [pool-37-thread-1] INFO  server.RaftServerConfigKeys (ConfUtils.java:logGet(43)) - raft.server.snapshot.auto.trigger.threshold = 10000 (custom)
2019-09-25 05:06:37,789 [pool-37-thread-1] INFO  server.RaftServerConfigKeys (ConfUtils.java:logGet(43)) - raft.server.snapshot.retention.num.files = 5 (custom)
2019-09-25 05:06:37,789 [pool-37-thread-1] INFO  server.RaftServerConfigKeys (ConfUtils.java:logGet(43)) - raft.server.retrycache.expirytime = 600000ms (custom)
2019-09-25 05:06:37,791 [pool-37-thread-1] INFO  impl.RaftServerImpl (RaftServerImpl.java:start(185)) - 36ac27b3-2f11-437d-8f1f-165306b0ff4a@group-4305B25424B2: start as a follower, conf=-1: [36ac27b3-2f11-437d-8f1f-165306b0ff4a:192.168.30.10:45265], old=null
2019-09-25 05:06:37,791 [pool-37-thread-1] INFO  impl.RaftServerImpl (RaftServerImpl.java:setRole(174)) - 36ac27b3-2f11-437d-8f1f-165306b0ff4a@group-4305B25424B2: changes role from      null to FOLLOWER at term 0 for startAsFollower
2019-09-25 05:06:37,791 [pool-37-thread-1] INFO  impl.RoleInfo (RoleInfo.java:updateAndGet(143)) - 36ac27b3-2f11-437d-8f1f-165306b0ff4a: start FollowerState
2019-09-25 05:06:37,791 [pool-37-thread-1] INFO  util.JmxRegister (JmxRegister.java:tryRegister(44)) - Successfully registered JMX Bean with object name Ratis:service=RaftServer,group=group-4305B25424B2,id=36ac27b3-2f11-437d-8f1f-165306b0ff4a
2019-09-25 05:06:37,794 [RatisPipelineUtilsThread] INFO  pipeline.PipelineStateManager (PipelineStateManager.java:addPipeline(56)) - Created pipeline Pipeline[ Id: c4379218-fc1c-4a5b-9ebc-4305b25424b2, Nodes: 36ac27b3-2f11-437d-8f1f-165306b0ff4a{ip: 192.168.30.10, host: pr-hdds-1569-s62bp-3040748787, networkLocation: /default-rack, certSerialId: null}, Type:RATIS, Factor:ONE, State:OPEN]
2019-09-25 05:06:37,798 [grpc-default-executor-1] INFO  impl.RaftServerProxy (RaftServerProxy.java:addNew(89)) - 692224c4-5202-4921-98cc-04d5c60c79cc: addNew group-472DDFC1AB9B:[692224c4-5202-4921-98cc-04d5c60c79cc:192.168.30.10:38144] returns group-472DDFC1AB9B:java.util.concurrent.CompletableFuture@2b2564a5[Not completed]
2019-09-25 05:06:37,800 [pool-67-thread-1] INFO  impl.RaftServerImpl (RaftServerImpl.java:<init>(95)) - 692224c4-5202-4921-98cc-04d5c60c79cc: new RaftServerImpl for group-472DDFC1AB9B:[692224c4-5202-4921-98cc-04d5c60c79cc:192.168.30.10:38144] with ContainerStateMachine:uninitialized
2019-09-25 05:06:37,800 [pool-67-thread-1] INFO  server.RaftServerConfigKeys (ConfUtils.java:logGet(43)) - raft.server.rpc.timeout.min = 5s (custom)
2019-09-25 05:06:37,800 [pool-67-thread-1] INFO  server.RaftServerConfigKeys (ConfUtils.java:logGet(43)) - raft.server.rpc.timeout.max = 5200ms (custom)
2019-09-25 05:06:37,800 [pool-67-thread-1] INFO  server.RaftServerConfigKeys (ConfUtils.java:logGet(43)) - raft.server.rpcslowness.timeout = 120s (custom)
2019-09-25 05:06:37,800 [pool-67-thread-1] INFO  server.RaftServerConfigKeys (ConfUtils.java:logGet(43)) - raft.server.sleep.deviation.threshold = 300 (default)
2019-09-25 05:06:37,800 [pool-67-thread-1] INFO  server.RaftServerConfigKeys (ConfUtils.java:logGet(43)) - raft.server.log.appender.install.snapshot.enabled = false (custom)
2019-09-25 05:06:37,800 [pool-67-thread-1] INFO  impl.RaftServerImpl (ServerState.java:<init>(103)) - 692224c4-5202-4921-98cc-04d5c60c79cc@group-472DDFC1AB9B: ConfigurationManager, init=-1: [692224c4-5202-4921-98cc-04d5c60c79cc:192.168.30.10:38144], old=null, confs=<EMPTY_MAP>
2019-09-25 05:06:37,801 [pool-67-thread-1] INFO  server.RaftServerConfigKeys (ConfUtils.java:logGet(43)) - raft.server.storage.dir = [/workdir/hadoop-ozone/integration-test/target/test-dir/MiniOzoneClusterImpl-23306158-e895-4fc7-80df-ce6c264c388b/datanode-4/data/ratis] (custom)
2019-09-25 05:06:37,801 [pool-67-thread-1] INFO  storage.RaftStorageDirectory (RaftStorageDirectory.java:analyzeStorage(246)) - The storage directory /workdir/hadoop-ozone/integration-test/target/test-dir/MiniOzoneClusterImpl-23306158-e895-4fc7-80df-ce6c264c388b/datanode-4/data/ratis/9dbda1af-5843-48fa-8143-472ddfc1ab9b does not exist. Creating ...
2019-09-25 05:06:37,814 [pool-67-thread-1] INFO  storage.RaftStorageDirectory (RaftStorageDirectory.java:tryLock(328)) - Lock on /workdir/hadoop-ozone/integration-test/target/test-dir/MiniOzoneClusterImpl-23306158-e895-4fc7-80df-ce6c264c388b/datanode-4/data/ratis/9dbda1af-5843-48fa-8143-472ddfc1ab9b/in_use.lock acquired by nodename 25526@pr-hdds-1569-s62bp-3040748787
2019-09-25 05:06:37,837 [pool-67-thread-1] INFO  storage.RaftStorage (RaftStorage.java:format(72)) - Storage directory /workdir/hadoop-ozone/integration-test/target/test-dir/MiniOzoneClusterImpl-23306158-e895-4fc7-80df-ce6c264c388b/datanode-4/data/ratis/9dbda1af-5843-48fa-8143-472ddfc1ab9b has been successfully formatted.
2019-09-25 05:06:37,838 [pool-67-thread-1] INFO  ratis.ContainerStateMachine (ContainerStateMachine.java:loadSnapshot(230)) - group-472DDFC1AB9B: The snapshot info is null. Setting the last applied indexto:(t:0, i:~)
2019-09-25 05:06:37,838 [pool-67-thread-1] INFO  server.RaftServerConfigKeys (ConfUtils.java:logGet(43)) - raft.server.notification.no-leader.timeout = 120s (custom)
2019-09-25 05:06:37,838 [pool-67-thread-1] INFO  server.RaftServerConfigKeys (ConfUtils.java:logGet(43)) - raft.server.log.use.memory = false (default)
2019-09-25 05:06:37,838 [pool-67-thread-1] INFO  server.RaftServerConfigKeys (ConfUtils.java:logGet(43)) - raft.server.log.purge.gap = 1000000 (custom)
2019-09-25 05:06:37,839 [pool-67-thread-1] INFO  server.RaftServerConfigKeys (ConfUtils.java:logGet(43)) - raft.server.log.appender.buffer.byte-limit = 33554432 (custom)
2019-09-25 05:06:37,839 [pool-67-thread-1] INFO  server.RaftServerConfigKeys (ConfUtils.java:logGet(43)) - raft.server.log.segment.size.max = 1048576 (custom)
2019-09-25 05:06:37,839 [pool-67-thread-1] INFO  server.RaftServerConfigKeys (ConfUtils.java:logGet(43)) - raft.server.log.segment.cache.num.max = 2 (custom)
2019-09-25 05:06:37,839 [pool-67-thread-1] INFO  segmented.SegmentedRaftLogWorker (SegmentedRaftLogWorker.java:<init>(172)) - new 692224c4-5202-4921-98cc-04d5c60c79cc@group-472DDFC1AB9B-SegmentedRaftLogWorker for RaftStorage:Storage Directory /workdir/hadoop-ozone/integration-test/target/test-dir/MiniOzoneClusterImpl-23306158-e895-4fc7-80df-ce6c264c388b/datanode-4/data/ratis/9dbda1af-5843-48fa-8143-472ddfc1ab9b
2019-09-25 05:06:37,840 [pool-67-thread-1] INFO  server.RaftServerConfigKeys (ConfUtils.java:logGet(43)) - raft.server.log.queue.byte-limit = 2147483647 (custom)
2019-09-25 05:06:37,840 [pool-67-thread-1] INFO  server.RaftServerConfigKeys (ConfUtils.java:logGet(43)) - raft.server.log.queue.element-limit = 1024 (custom)
2019-09-25 05:06:37,840 [pool-67-thread-1] INFO  server.RaftServerConfigKeys (ConfUtils.java:logGet(43)) - raft.server.log.segment.size.max = 1048576 (custom)
2019-09-25 05:06:37,840 [pool-67-thread-1] INFO  server.RaftServerConfigKeys (ConfUtils.java:logGet(43)) - raft.server.log.preallocated.size = 16384 (custom)
2019-09-25 05:06:37,840 [pool-67-thread-1] INFO  server.RaftServerConfigKeys (ConfUtils.java:logGet(43)) - raft.server.log.write.buffer.size = 33554432 (custom)
2019-09-25 05:06:37,841 [pool-67-thread-1] INFO  server.RaftServerConfigKeys (ConfUtils.java:logGet(43)) - raft.server.log.force.sync.num = 128 (default)
2019-09-25 05:06:37,841 [pool-67-thread-1] INFO  server.RaftServerConfigKeys (ConfUtils.java:logGet(43)) - raft.server.log.statemachine.data.sync = true (default)
2019-09-25 05:06:37,841 [pool-67-thread-1] INFO  server.RaftServerConfigKeys (ConfUtils.java:logGet(43)) - raft.server.log.statemachine.data.sync.timeout = 10s (default)
2019-09-25 05:06:37,841 [pool-67-thread-1] INFO  server.RaftServerConfigKeys (ConfUtils.java:logGet(43)) - raft.server.log.statemachine.data.sync.timeout.retry = -1 (default)
2019-09-25 05:06:37,841 [pool-67-thread-1] INFO  server.RaftServerConfigKeys (ConfUtils.java:logGet(43)) - raft.server.log.statemachine.data.caching.enabled = true (custom)
2019-09-25 05:06:37,842 [pool-67-thread-1] INFO  segmented.SegmentedRaftLogWorker (SegmentedRaftLogWorker.java:lambda$new$0(132)) - 692224c4-5202-4921-98cc-04d5c60c79cc@group-472DDFC1AB9B-SegmentedRaftLogWorker: flushIndex: setUnconditionally 0 -> -1
2019-09-25 05:06:37,842 [pool-67-thread-1] INFO  server.RaftServerConfigKeys (ConfUtils.java:logGet(43)) - raft.server.snapshot.auto.trigger.enabled = true (custom)
2019-09-25 05:06:37,843 [pool-67-thread-1] INFO  server.RaftServerConfigKeys (ConfUtils.java:logGet(43)) - raft.server.snapshot.auto.trigger.threshold = 10000 (custom)
2019-09-25 05:06:37,843 [pool-67-thread-1] INFO  server.RaftServerConfigKeys (ConfUtils.java:logGet(43)) - raft.server.snapshot.retention.num.files = 5 (custom)
2019-09-25 05:06:37,843 [pool-67-thread-1] INFO  server.RaftServerConfigKeys (ConfUtils.java:logGet(43)) - raft.server.retrycache.expirytime = 600000ms (custom)
2019-09-25 05:06:37,845 [pool-67-thread-1] INFO  impl.RaftServerImpl (RaftServerImpl.java:start(185)) - 692224c4-5202-4921-98cc-04d5c60c79cc@group-472DDFC1AB9B: start as a follower, conf=-1: [692224c4-5202-4921-98cc-04d5c60c79cc:192.168.30.10:38144], old=null
2019-09-25 05:06:37,845 [pool-67-thread-1] INFO  impl.RaftServerImpl (RaftServerImpl.java:setRole(174)) - 692224c4-5202-4921-98cc-04d5c60c79cc@group-472DDFC1AB9B: changes role from      null to FOLLOWER at term 0 for startAsFollower
2019-09-25 05:06:37,845 [pool-67-thread-1] INFO  impl.RoleInfo (RoleInfo.java:updateAndGet(143)) - 692224c4-5202-4921-98cc-04d5c60c79cc: start FollowerState
2019-09-25 05:06:37,846 [pool-67-thread-1] INFO  util.JmxRegister (JmxRegister.java:tryRegister(44)) - Successfully registered JMX Bean with object name Ratis:service=RaftServer,group=group-472DDFC1AB9B,id=692224c4-5202-4921-98cc-04d5c60c79cc
2019-09-25 05:06:37,848 [RatisPipelineUtilsThread] INFO  pipeline.PipelineStateManager (PipelineStateManager.java:addPipeline(56)) - Created pipeline Pipeline[ Id: 9dbda1af-5843-48fa-8143-472ddfc1ab9b, Nodes: 692224c4-5202-4921-98cc-04d5c60c79cc{ip: 192.168.30.10, host: pr-hdds-1569-s62bp-3040748787, networkLocation: /default-rack, certSerialId: null}, Type:RATIS, Factor:ONE, State:OPEN]
2019-09-25 05:06:37,853 [grpc-default-executor-1] INFO  impl.RaftServerProxy (RaftServerProxy.java:addNew(89)) - 36ac27b3-2f11-437d-8f1f-165306b0ff4a: addNew group-C23BB28F7D26:[36ac27b3-2f11-437d-8f1f-165306b0ff4a:192.168.30.10:45265] returns group-C23BB28F7D26:java.util.concurrent.CompletableFuture@61b63be9[Not completed]
2019-09-25 05:06:37,854 [pool-37-thread-1] INFO  impl.RaftServerImpl (RaftServerImpl.java:<init>(95)) - 36ac27b3-2f11-437d-8f1f-165306b0ff4a: new RaftServerImpl for group-C23BB28F7D26:[36ac27b3-2f11-437d-8f1f-165306b0ff4a:192.168.30.10:45265] with ContainerStateMachine:uninitialized
2019-09-25 05:06:37,855 [pool-37-thread-1] INFO  server.RaftServerConfigKeys (ConfUtils.java:logGet(43)) - raft.server.rpc.timeout.min = 5s (custom)
2019-09-25 05:06:37,855 [pool-37-thread-1] INFO  server.RaftServerConfigKeys (ConfUtils.java:logGet(43)) - raft.server.rpc.timeout.max = 5200ms (custom)
2019-09-25 05:06:37,855 [pool-37-thread-1] INFO  server.RaftServerConfigKeys (ConfUtils.java:logGet(43)) - raft.server.rpcslowness.timeout = 120s (custom)
2019-09-25 05:06:37,855 [pool-37-thread-1] INFO  server.RaftServerConfigKeys (ConfUtils.java:logGet(43)) - raft.server.sleep.deviation.threshold = 300 (default)
2019-09-25 05:06:37,855 [pool-37-thread-1] INFO  server.RaftServerConfigKeys (ConfUtils.java:logGet(43)) - raft.server.log.appender.install.snapshot.enabled = false (custom)
2019-09-25 05:06:37,855 [pool-37-thread-1] INFO  impl.RaftServerImpl (ServerState.java:<init>(103)) - 36ac27b3-2f11-437d-8f1f-165306b0ff4a@group-C23BB28F7D26: ConfigurationManager, init=-1: [36ac27b3-2f11-437d-8f1f-165306b0ff4a:192.168.30.10:45265], old=null, confs=<EMPTY_MAP>
2019-09-25 05:06:37,856 [pool-37-thread-1] INFO  server.RaftServerConfigKeys (ConfUtils.java:logGet(43)) - raft.server.storage.dir = [/workdir/hadoop-ozone/integration-test/target/test-dir/MiniOzoneClusterImpl-23306158-e895-4fc7-80df-ce6c264c388b/datanode-1/data/ratis] (custom)
2019-09-25 05:06:37,856 [pool-37-thread-1] INFO  storage.RaftStorageDirectory (RaftStorageDirectory.java:analyzeStorage(246)) - The storage directory /workdir/hadoop-ozone/integration-test/target/test-dir/MiniOzoneClusterImpl-23306158-e895-4fc7-80df-ce6c264c388b/datanode-1/data/ratis/4d63483d-398f-4b5a-bab5-c23bb28f7d26 does not exist. Creating ...
2019-09-25 05:06:37,870 [pool-37-thread-1] INFO  storage.RaftStorageDirectory (RaftStorageDirectory.java:tryLock(328)) - Lock on /workdir/hadoop-ozone/integration-test/target/test-dir/MiniOzoneClusterImpl-23306158-e895-4fc7-80df-ce6c264c388b/datanode-1/data/ratis/4d63483d-398f-4b5a-bab5-c23bb28f7d26/in_use.lock acquired by nodename 25526@pr-hdds-1569-s62bp-3040748787
2019-09-25 05:06:37,884 [pool-37-thread-1] INFO  storage.RaftStorage (RaftStorage.java:format(72)) - Storage directory /workdir/hadoop-ozone/integration-test/target/test-dir/MiniOzoneClusterImpl-23306158-e895-4fc7-80df-ce6c264c388b/datanode-1/data/ratis/4d63483d-398f-4b5a-bab5-c23bb28f7d26 has been successfully formatted.
2019-09-25 05:06:37,884 [pool-37-thread-1] INFO  ratis.ContainerStateMachine (ContainerStateMachine.java:loadSnapshot(230)) - group-C23BB28F7D26: The snapshot info is null. Setting the last applied indexto:(t:0, i:~)
2019-09-25 05:06:37,884 [pool-37-thread-1] INFO  server.RaftServerConfigKeys (ConfUtils.java:logGet(43)) - raft.server.notification.no-leader.timeout = 120s (custom)
2019-09-25 05:06:37,884 [pool-37-thread-1] INFO  server.RaftServerConfigKeys (ConfUtils.java:logGet(43)) - raft.server.log.use.memory = false (default)
2019-09-25 05:06:37,884 [pool-37-thread-1] INFO  server.RaftServerConfigKeys (ConfUtils.java:logGet(43)) - raft.server.log.purge.gap = 1000000 (custom)
2019-09-25 05:06:37,884 [pool-37-thread-1] INFO  server.RaftServerConfigKeys (ConfUtils.java:logGet(43)) - raft.server.log.appender.buffer.byte-limit = 33554432 (custom)
2019-09-25 05:06:37,884 [pool-37-thread-1] INFO  server.RaftServerConfigKeys (ConfUtils.java:logGet(43)) - raft.server.log.segment.size.max = 1048576 (custom)
2019-09-25 05:06:37,885 [pool-37-thread-1] INFO  server.RaftServerConfigKeys (ConfUtils.java:logGet(43)) - raft.server.log.segment.cache.num.max = 2 (custom)
2019-09-25 05:06:37,885 [pool-37-thread-1] INFO  segmented.SegmentedRaftLogWorker (SegmentedRaftLogWorker.java:<init>(172)) - new 36ac27b3-2f11-437d-8f1f-165306b0ff4a@group-C23BB28F7D26-SegmentedRaftLogWorker for RaftStorage:Storage Directory /workdir/hadoop-ozone/integration-test/target/test-dir/MiniOzoneClusterImpl-23306158-e895-4fc7-80df-ce6c264c388b/datanode-1/data/ratis/4d63483d-398f-4b5a-bab5-c23bb28f7d26
2019-09-25 05:06:37,885 [pool-37-thread-1] INFO  server.RaftServerConfigKeys (ConfUtils.java:logGet(43)) - raft.server.log.queue.byte-limit = 2147483647 (custom)
2019-09-25 05:06:37,885 [pool-37-thread-1] INFO  server.RaftServerConfigKeys (ConfUtils.java:logGet(43)) - raft.server.log.queue.element-limit = 1024 (custom)
2019-09-25 05:06:37,885 [pool-37-thread-1] INFO  server.RaftServerConfigKeys (ConfUtils.java:logGet(43)) - raft.server.log.segment.size.max = 1048576 (custom)
2019-09-25 05:06:37,885 [pool-37-thread-1] INFO  server.RaftServerConfigKeys (ConfUtils.java:logGet(43)) - raft.server.log.preallocated.size = 16384 (custom)
2019-09-25 05:06:37,885 [pool-37-thread-1] INFO  server.RaftServerConfigKeys (ConfUtils.java:logGet(43)) - raft.server.log.write.buffer.size = 33554432 (custom)
2019-09-25 05:06:37,885 [pool-37-thread-1] INFO  server.RaftServerConfigKeys (ConfUtils.java:logGet(43)) - raft.server.log.force.sync.num = 128 (default)
2019-09-25 05:06:37,885 [pool-37-thread-1] INFO  server.RaftServerConfigKeys (ConfUtils.java:logGet(43)) - raft.server.log.statemachine.data.sync = true (default)
2019-09-25 05:06:37,886 [pool-37-thread-1] INFO  server.RaftServerConfigKeys (ConfUtils.java:logGet(43)) - raft.server.log.statemachine.data.sync.timeout = 10s (default)
2019-09-25 05:06:37,886 [pool-37-thread-1] INFO  server.RaftServerConfigKeys (ConfUtils.java:logGet(43)) - raft.server.log.statemachine.data.sync.timeout.retry = -1 (default)
2019-09-25 05:06:37,886 [pool-37-thread-1] INFO  server.RaftServerConfigKeys (ConfUtils.java:logGet(43)) - raft.server.log.statemachine.data.caching.enabled = true (custom)
2019-09-25 05:06:37,886 [pool-37-thread-1] INFO  segmented.SegmentedRaftLogWorker (SegmentedRaftLogWorker.java:lambda$new$0(132)) - 36ac27b3-2f11-437d-8f1f-165306b0ff4a@group-C23BB28F7D26-SegmentedRaftLogWorker: flushIndex: setUnconditionally 0 -> -1
2019-09-25 05:06:37,886 [pool-37-thread-1] INFO  server.RaftServerConfigKeys (ConfUtils.java:logGet(43)) - raft.server.snapshot.auto.trigger.enabled = true (custom)
2019-09-25 05:06:37,887 [pool-37-thread-1] INFO  server.RaftServerConfigKeys (ConfUtils.java:logGet(43)) - raft.server.snapshot.auto.trigger.threshold = 10000 (custom)
2019-09-25 05:06:37,887 [pool-37-thread-1] INFO  server.RaftServerConfigKeys (ConfUtils.java:logGet(43)) - raft.server.snapshot.retention.num.files = 5 (custom)
2019-09-25 05:06:37,887 [pool-37-thread-1] INFO  server.RaftServerConfigKeys (ConfUtils.java:logGet(43)) - raft.server.retrycache.expirytime = 600000ms (custom)
2019-09-25 05:06:37,888 [pool-37-thread-1] INFO  impl.RaftServerImpl (RaftServerImpl.java:start(185)) - 36ac27b3-2f11-437d-8f1f-165306b0ff4a@group-C23BB28F7D26: start as a follower, conf=-1: [36ac27b3-2f11-437d-8f1f-165306b0ff4a:192.168.30.10:45265], old=null
2019-09-25 05:06:37,888 [pool-37-thread-1] INFO  impl.RaftServerImpl (RaftServerImpl.java:setRole(174)) - 36ac27b3-2f11-437d-8f1f-165306b0ff4a@group-C23BB28F7D26: changes role from      null to FOLLOWER at term 0 for startAsFollower
2019-09-25 05:06:37,888 [pool-37-thread-1] INFO  impl.RoleInfo (RoleInfo.java:updateAndGet(143)) - 36ac27b3-2f11-437d-8f1f-165306b0ff4a: start FollowerState
2019-09-25 05:06:37,889 [pool-37-thread-1] INFO  util.JmxRegister (JmxRegister.java:tryRegister(44)) - Successfully registered JMX Bean with object name Ratis:service=RaftServer,group=group-C23BB28F7D26,id=36ac27b3-2f11-437d-8f1f-165306b0ff4a
2019-09-25 05:06:37,891 [RatisPipelineUtilsThread] INFO  pipeline.PipelineStateManager (PipelineStateManager.java:addPipeline(56)) - Created pipeline Pipeline[ Id: 4d63483d-398f-4b5a-bab5-c23bb28f7d26, Nodes: 36ac27b3-2f11-437d-8f1f-165306b0ff4a{ip: 192.168.30.10, host: pr-hdds-1569-s62bp-3040748787, networkLocation: /default-rack, certSerialId: null}, Type:RATIS, Factor:ONE, State:OPEN]
2019-09-25 05:06:37,897 [grpc-default-executor-1] INFO  impl.RaftServerProxy (RaftServerProxy.java:addNew(89)) - de37f7a0-0375-40a9-a318-404478482fcb: addNew group-43B884B10E8C:[de37f7a0-0375-40a9-a318-404478482fcb:192.168.30.10:44522] returns group-43B884B10E8C:java.util.concurrent.CompletableFuture@3fee9e4c[Not completed]
2019-09-25 05:06:37,898 [pool-57-thread-1] INFO  impl.RaftServerImpl (RaftServerImpl.java:<init>(95)) - de37f7a0-0375-40a9-a318-404478482fcb: new RaftServerImpl for group-43B884B10E8C:[de37f7a0-0375-40a9-a318-404478482fcb:192.168.30.10:44522] with ContainerStateMachine:uninitialized
2019-09-25 05:06:37,898 [pool-57-thread-1] INFO  server.RaftServerConfigKeys (ConfUtils.java:logGet(43)) - raft.server.rpc.timeout.min = 5s (custom)
2019-09-25 05:06:37,898 [pool-57-thread-1] INFO  server.RaftServerConfigKeys (ConfUtils.java:logGet(43)) - raft.server.rpc.timeout.max = 5200ms (custom)
2019-09-25 05:06:37,898 [pool-57-thread-1] INFO  server.RaftServerConfigKeys (ConfUtils.java:logGet(43)) - raft.server.rpcslowness.timeout = 120s (custom)
2019-09-25 05:06:37,898 [pool-57-thread-1] INFO  server.RaftServerConfigKeys (ConfUtils.java:logGet(43)) - raft.server.sleep.deviation.threshold = 300 (default)
2019-09-25 05:06:37,898 [pool-57-thread-1] INFO  server.RaftServerConfigKeys (ConfUtils.java:logGet(43)) - raft.server.log.appender.install.snapshot.enabled = false (custom)
2019-09-25 05:06:37,898 [pool-57-thread-1] INFO  impl.RaftServerImpl (ServerState.java:<init>(103)) - de37f7a0-0375-40a9-a318-404478482fcb@group-43B884B10E8C: ConfigurationManager, init=-1: [de37f7a0-0375-40a9-a318-404478482fcb:192.168.30.10:44522], old=null, confs=<EMPTY_MAP>
2019-09-25 05:06:37,898 [pool-57-thread-1] INFO  server.RaftServerConfigKeys (ConfUtils.java:logGet(43)) - raft.server.storage.dir = [/workdir/hadoop-ozone/integration-test/target/test-dir/MiniOzoneClusterImpl-23306158-e895-4fc7-80df-ce6c264c388b/datanode-3/data/ratis] (custom)
2019-09-25 05:06:37,899 [pool-57-thread-1] INFO  storage.RaftStorageDirectory (RaftStorageDirectory.java:analyzeStorage(246)) - The storage directory /workdir/hadoop-ozone/integration-test/target/test-dir/MiniOzoneClusterImpl-23306158-e895-4fc7-80df-ce6c264c388b/datanode-3/data/ratis/c6b8a6cf-7bfa-4f54-915f-43b884b10e8c does not exist. Creating ...
2019-09-25 05:06:37,912 [pool-57-thread-1] INFO  storage.RaftStorageDirectory (RaftStorageDirectory.java:tryLock(328)) - Lock on /workdir/hadoop-ozone/integration-test/target/test-dir/MiniOzoneClusterImpl-23306158-e895-4fc7-80df-ce6c264c388b/datanode-3/data/ratis/c6b8a6cf-7bfa-4f54-915f-43b884b10e8c/in_use.lock acquired by nodename 25526@pr-hdds-1569-s62bp-3040748787
2019-09-25 05:06:37,925 [pool-57-thread-1] INFO  storage.RaftStorage (RaftStorage.java:format(72)) - Storage directory /workdir/hadoop-ozone/integration-test/target/test-dir/MiniOzoneClusterImpl-23306158-e895-4fc7-80df-ce6c264c388b/datanode-3/data/ratis/c6b8a6cf-7bfa-4f54-915f-43b884b10e8c has been successfully formatted.
2019-09-25 05:06:37,926 [pool-57-thread-1] INFO  ratis.ContainerStateMachine (ContainerStateMachine.java:loadSnapshot(230)) - group-43B884B10E8C: The snapshot info is null. Setting the last applied indexto:(t:0, i:~)
2019-09-25 05:06:37,926 [pool-57-thread-1] INFO  server.RaftServerConfigKeys (ConfUtils.java:logGet(43)) - raft.server.notification.no-leader.timeout = 120s (custom)
2019-09-25 05:06:37,926 [pool-57-thread-1] INFO  server.RaftServerConfigKeys (ConfUtils.java:logGet(43)) - raft.server.log.use.memory = false (default)
2019-09-25 05:06:37,926 [pool-57-thread-1] INFO  server.RaftServerConfigKeys (ConfUtils.java:logGet(43)) - raft.server.log.purge.gap = 1000000 (custom)
2019-09-25 05:06:37,926 [pool-57-thread-1] INFO  server.RaftServerConfigKeys (ConfUtils.java:logGet(43)) - raft.server.log.appender.buffer.byte-limit = 33554432 (custom)
2019-09-25 05:06:37,926 [pool-57-thread-1] INFO  server.RaftServerConfigKeys (ConfUtils.java:logGet(43)) - raft.server.log.segment.size.max = 1048576 (custom)
2019-09-25 05:06:37,926 [pool-57-thread-1] INFO  server.RaftServerConfigKeys (ConfUtils.java:logGet(43)) - raft.server.log.segment.cache.num.max = 2 (custom)
2019-09-25 05:06:37,927 [pool-57-thread-1] INFO  segmented.SegmentedRaftLogWorker (SegmentedRaftLogWorker.java:<init>(172)) - new de37f7a0-0375-40a9-a318-404478482fcb@group-43B884B10E8C-SegmentedRaftLogWorker for RaftStorage:Storage Directory /workdir/hadoop-ozone/integration-test/target/test-dir/MiniOzoneClusterImpl-23306158-e895-4fc7-80df-ce6c264c388b/datanode-3/data/ratis/c6b8a6cf-7bfa-4f54-915f-43b884b10e8c
2019-09-25 05:06:37,927 [pool-57-thread-1] INFO  server.RaftServerConfigKeys (ConfUtils.java:logGet(43)) - raft.server.log.queue.byte-limit = 2147483647 (custom)
2019-09-25 05:06:37,927 [pool-57-thread-1] INFO  server.RaftServerConfigKeys (ConfUtils.java:logGet(43)) - raft.server.log.queue.element-limit = 1024 (custom)
2019-09-25 05:06:37,927 [pool-57-thread-1] INFO  server.RaftServerConfigKeys (ConfUtils.java:logGet(43)) - raft.server.log.segment.size.max = 1048576 (custom)
2019-09-25 05:06:37,927 [pool-57-thread-1] INFO  server.RaftServerConfigKeys (ConfUtils.java:logGet(43)) - raft.server.log.preallocated.size = 16384 (custom)
2019-09-25 05:06:37,927 [pool-57-thread-1] INFO  server.RaftServerConfigKeys (ConfUtils.java:logGet(43)) - raft.server.log.write.buffer.size = 33554432 (custom)
2019-09-25 05:06:37,927 [pool-57-thread-1] INFO  server.RaftServerConfigKeys (ConfUtils.java:logGet(43)) - raft.server.log.force.sync.num = 128 (default)
2019-09-25 05:06:37,927 [pool-57-thread-1] INFO  server.RaftServerConfigKeys (ConfUtils.java:logGet(43)) - raft.server.log.statemachine.data.sync = true (default)
2019-09-25 05:06:37,927 [pool-57-thread-1] INFO  server.RaftServerConfigKeys (ConfUtils.java:logGet(43)) - raft.server.log.statemachine.data.sync.timeout = 10s (default)
2019-09-25 05:06:37,928 [pool-57-thread-1] INFO  server.RaftServerConfigKeys (ConfUtils.java:logGet(43)) - raft.server.log.statemachine.data.sync.timeout.retry = -1 (default)
2019-09-25 05:06:37,928 [pool-57-thread-1] INFO  server.RaftServerConfigKeys (ConfUtils.java:logGet(43)) - raft.server.log.statemachine.data.caching.enabled = true (custom)
2019-09-25 05:06:37,928 [pool-57-thread-1] INFO  segmented.SegmentedRaftLogWorker (SegmentedRaftLogWorker.java:lambda$new$0(132)) - de37f7a0-0375-40a9-a318-404478482fcb@group-43B884B10E8C-SegmentedRaftLogWorker: flushIndex: setUnconditionally 0 -> -1
2019-09-25 05:06:37,928 [pool-57-thread-1] INFO  server.RaftServerConfigKeys (ConfUtils.java:logGet(43)) - raft.server.snapshot.auto.trigger.enabled = true (custom)
2019-09-25 05:06:37,928 [pool-57-thread-1] INFO  server.RaftServerConfigKeys (ConfUtils.java:logGet(43)) - raft.server.snapshot.auto.trigger.threshold = 10000 (custom)
2019-09-25 05:06:37,929 [pool-57-thread-1] INFO  server.RaftServerConfigKeys (ConfUtils.java:logGet(43)) - raft.server.snapshot.retention.num.files = 5 (custom)
2019-09-25 05:06:37,929 [pool-57-thread-1] INFO  server.RaftServerConfigKeys (ConfUtils.java:logGet(43)) - raft.server.retrycache.expirytime = 600000ms (custom)
2019-09-25 05:06:37,930 [pool-57-thread-1] INFO  impl.RaftServerImpl (RaftServerImpl.java:start(185)) - de37f7a0-0375-40a9-a318-404478482fcb@group-43B884B10E8C: start as a follower, conf=-1: [de37f7a0-0375-40a9-a318-404478482fcb:192.168.30.10:44522], old=null
2019-09-25 05:06:37,930 [pool-57-thread-1] INFO  impl.RaftServerImpl (RaftServerImpl.java:setRole(174)) - de37f7a0-0375-40a9-a318-404478482fcb@group-43B884B10E8C: changes role from      null to FOLLOWER at term 0 for startAsFollower
2019-09-25 05:06:37,930 [pool-57-thread-1] INFO  impl.RoleInfo (RoleInfo.java:updateAndGet(143)) - de37f7a0-0375-40a9-a318-404478482fcb: start FollowerState
2019-09-25 05:06:37,931 [pool-57-thread-1] INFO  util.JmxRegister (JmxRegister.java:tryRegister(44)) - Successfully registered JMX Bean with object name Ratis:service=RaftServer,group=group-43B884B10E8C,id=de37f7a0-0375-40a9-a318-404478482fcb
2019-09-25 05:06:37,933 [RatisPipelineUtilsThread] INFO  pipeline.PipelineStateManager (PipelineStateManager.java:addPipeline(56)) - Created pipeline Pipeline[ Id: c6b8a6cf-7bfa-4f54-915f-43b884b10e8c, Nodes: de37f7a0-0375-40a9-a318-404478482fcb{ip: 192.168.30.10, host: pr-hdds-1569-s62bp-3040748787, networkLocation: /default-rack, certSerialId: null}, Type:RATIS, Factor:ONE, State:OPEN]
2019-09-25 05:06:37,939 [grpc-default-executor-1] INFO  impl.RaftServerProxy (RaftServerProxy.java:addNew(89)) - 56396258-65a3-478c-9482-0be0199dd49c: addNew group-76180D615ACC:[56396258-65a3-478c-9482-0be0199dd49c:192.168.30.10:41678] returns group-76180D615ACC:java.util.concurrent.CompletableFuture@105f400b[Not completed]
2019-09-25 05:06:37,940 [pool-87-thread-1] INFO  impl.RaftServerImpl (RaftServerImpl.java:<init>(95)) - 56396258-65a3-478c-9482-0be0199dd49c: new RaftServerImpl for group-76180D615ACC:[56396258-65a3-478c-9482-0be0199dd49c:192.168.30.10:41678] with ContainerStateMachine:uninitialized
2019-09-25 05:06:37,940 [pool-87-thread-1] INFO  server.RaftServerConfigKeys (ConfUtils.java:logGet(43)) - raft.server.rpc.timeout.min = 5s (custom)
2019-09-25 05:06:37,941 [pool-87-thread-1] INFO  server.RaftServerConfigKeys (ConfUtils.java:logGet(43)) - raft.server.rpc.timeout.max = 5200ms (custom)
2019-09-25 05:06:37,941 [pool-87-thread-1] INFO  server.RaftServerConfigKeys (ConfUtils.java:logGet(43)) - raft.server.rpcslowness.timeout = 120s (custom)
2019-09-25 05:06:37,941 [pool-87-thread-1] INFO  server.RaftServerConfigKeys (ConfUtils.java:logGet(43)) - raft.server.sleep.deviation.threshold = 300 (default)
2019-09-25 05:06:37,941 [pool-87-thread-1] INFO  server.RaftServerConfigKeys (ConfUtils.java:logGet(43)) - raft.server.log.appender.install.snapshot.enabled = false (custom)
2019-09-25 05:06:37,941 [pool-87-thread-1] INFO  impl.RaftServerImpl (ServerState.java:<init>(103)) - 56396258-65a3-478c-9482-0be0199dd49c@group-76180D615ACC: ConfigurationManager, init=-1: [56396258-65a3-478c-9482-0be0199dd49c:192.168.30.10:41678], old=null, confs=<EMPTY_MAP>
2019-09-25 05:06:37,941 [pool-87-thread-1] INFO  server.RaftServerConfigKeys (ConfUtils.java:logGet(43)) - raft.server.storage.dir = [/workdir/hadoop-ozone/integration-test/target/test-dir/MiniOzoneClusterImpl-23306158-e895-4fc7-80df-ce6c264c388b/datanode-6/data/ratis] (custom)
2019-09-25 05:06:37,942 [pool-87-thread-1] INFO  storage.RaftStorageDirectory (RaftStorageDirectory.java:analyzeStorage(246)) - The storage directory /workdir/hadoop-ozone/integration-test/target/test-dir/MiniOzoneClusterImpl-23306158-e895-4fc7-80df-ce6c264c388b/datanode-6/data/ratis/5161cc64-ff9c-4dc5-a268-76180d615acc does not exist. Creating ...
2019-09-25 05:06:37,955 [pool-87-thread-1] INFO  storage.RaftStorageDirectory (RaftStorageDirectory.java:tryLock(328)) - Lock on /workdir/hadoop-ozone/integration-test/target/test-dir/MiniOzoneClusterImpl-23306158-e895-4fc7-80df-ce6c264c388b/datanode-6/data/ratis/5161cc64-ff9c-4dc5-a268-76180d615acc/in_use.lock acquired by nodename 25526@pr-hdds-1569-s62bp-3040748787
2019-09-25 05:06:37,969 [pool-87-thread-1] INFO  storage.RaftStorage (RaftStorage.java:format(72)) - Storage directory /workdir/hadoop-ozone/integration-test/target/test-dir/MiniOzoneClusterImpl-23306158-e895-4fc7-80df-ce6c264c388b/datanode-6/data/ratis/5161cc64-ff9c-4dc5-a268-76180d615acc has been successfully formatted.
2019-09-25 05:06:37,969 [pool-87-thread-1] INFO  ratis.ContainerStateMachine (ContainerStateMachine.java:loadSnapshot(230)) - group-76180D615ACC: The snapshot info is null. Setting the last applied indexto:(t:0, i:~)
2019-09-25 05:06:37,969 [pool-87-thread-1] INFO  server.RaftServerConfigKeys (ConfUtils.java:logGet(43)) - raft.server.notification.no-leader.timeout = 120s (custom)
2019-09-25 05:06:37,969 [pool-87-thread-1] INFO  server.RaftServerConfigKeys (ConfUtils.java:logGet(43)) - raft.server.log.use.memory = false (default)
2019-09-25 05:06:37,969 [pool-87-thread-1] INFO  server.RaftServerConfigKeys (ConfUtils.java:logGet(43)) - raft.server.log.purge.gap = 1000000 (custom)
2019-09-25 05:06:37,969 [pool-87-thread-1] INFO  server.RaftServerConfigKeys (ConfUtils.java:logGet(43)) - raft.server.log.appender.buffer.byte-limit = 33554432 (custom)
2019-09-25 05:06:37,970 [pool-87-thread-1] INFO  server.RaftServerConfigKeys (ConfUtils.java:logGet(43)) - raft.server.log.segment.size.max = 1048576 (custom)
2019-09-25 05:06:37,970 [pool-87-thread-1] INFO  server.RaftServerConfigKeys (ConfUtils.java:logGet(43)) - raft.server.log.segment.cache.num.max = 2 (custom)
2019-09-25 05:06:37,970 [pool-87-thread-1] INFO  segmented.SegmentedRaftLogWorker (SegmentedRaftLogWorker.java:<init>(172)) - new 56396258-65a3-478c-9482-0be0199dd49c@group-76180D615ACC-SegmentedRaftLogWorker for RaftStorage:Storage Directory /workdir/hadoop-ozone/integration-test/target/test-dir/MiniOzoneClusterImpl-23306158-e895-4fc7-80df-ce6c264c388b/datanode-6/data/ratis/5161cc64-ff9c-4dc5-a268-76180d615acc
2019-09-25 05:06:37,970 [pool-87-thread-1] INFO  server.RaftServerConfigKeys (ConfUtils.java:logGet(43)) - raft.server.log.queue.byte-limit = 2147483647 (custom)
2019-09-25 05:06:37,970 [pool-87-thread-1] INFO  server.RaftServerConfigKeys (ConfUtils.java:logGet(43)) - raft.server.log.queue.element-limit = 1024 (custom)
2019-09-25 05:06:37,970 [pool-87-thread-1] INFO  server.RaftServerConfigKeys (ConfUtils.java:logGet(43)) - raft.server.log.segment.size.max = 1048576 (custom)
2019-09-25 05:06:37,971 [pool-87-thread-1] INFO  server.RaftServerConfigKeys (ConfUtils.java:logGet(43)) - raft.server.log.preallocated.size = 16384 (custom)
2019-09-25 05:06:37,971 [pool-87-thread-1] INFO  server.RaftServerConfigKeys (ConfUtils.java:logGet(43)) - raft.server.log.write.buffer.size = 33554432 (custom)
2019-09-25 05:06:37,971 [pool-87-thread-1] INFO  server.RaftServerConfigKeys (ConfUtils.java:logGet(43)) - raft.server.log.force.sync.num = 128 (default)
2019-09-25 05:06:37,971 [pool-87-thread-1] INFO  server.RaftServerConfigKeys (ConfUtils.java:logGet(43)) - raft.server.log.statemachine.data.sync = true (default)
2019-09-25 05:06:37,971 [pool-87-thread-1] INFO  server.RaftServerConfigKeys (ConfUtils.java:logGet(43)) - raft.server.log.statemachine.data.sync.timeout = 10s (default)
2019-09-25 05:06:37,971 [pool-87-thread-1] INFO  server.RaftServerConfigKeys (ConfUtils.java:logGet(43)) - raft.server.log.statemachine.data.sync.timeout.retry = -1 (default)
2019-09-25 05:06:37,971 [pool-87-thread-1] INFO  server.RaftServerConfigKeys (ConfUtils.java:logGet(43)) - raft.server.log.statemachine.data.caching.enabled = true (custom)
2019-09-25 05:06:37,972 [pool-87-thread-1] INFO  segmented.SegmentedRaftLogWorker (SegmentedRaftLogWorker.java:lambda$new$0(132)) - 56396258-65a3-478c-9482-0be0199dd49c@group-76180D615ACC-SegmentedRaftLogWorker: flushIndex: setUnconditionally 0 -> -1
2019-09-25 05:06:37,972 [pool-87-thread-1] INFO  server.RaftServerConfigKeys (ConfUtils.java:logGet(43)) - raft.server.snapshot.auto.trigger.enabled = true (custom)
2019-09-25 05:06:37,972 [pool-87-thread-1] INFO  server.RaftServerConfigKeys (ConfUtils.java:logGet(43)) - raft.server.snapshot.auto.trigger.threshold = 10000 (custom)
2019-09-25 05:06:37,972 [pool-87-thread-1] INFO  server.RaftServerConfigKeys (ConfUtils.java:logGet(43)) - raft.server.snapshot.retention.num.files = 5 (custom)
2019-09-25 05:06:37,973 [pool-87-thread-1] INFO  server.RaftServerConfigKeys (ConfUtils.java:logGet(43)) - raft.server.retrycache.expirytime = 600000ms (custom)
2019-09-25 05:06:37,975 [pool-87-thread-1] INFO  impl.RaftServerImpl (RaftServerImpl.java:start(185)) - 56396258-65a3-478c-9482-0be0199dd49c@group-76180D615ACC: start as a follower, conf=-1: [56396258-65a3-478c-9482-0be0199dd49c:192.168.30.10:41678], old=null
2019-09-25 05:06:37,975 [pool-87-thread-1] INFO  impl.RaftServerImpl (RaftServerImpl.java:setRole(174)) - 56396258-65a3-478c-9482-0be0199dd49c@group-76180D615ACC: changes role from      null to FOLLOWER at term 0 for startAsFollower
2019-09-25 05:06:37,975 [pool-87-thread-1] INFO  impl.RoleInfo (RoleInfo.java:updateAndGet(143)) - 56396258-65a3-478c-9482-0be0199dd49c: start FollowerState
2019-09-25 05:06:37,975 [pool-87-thread-1] INFO  util.JmxRegister (JmxRegister.java:tryRegister(44)) - Successfully registered JMX Bean with object name Ratis:service=RaftServer,group=group-76180D615ACC,id=56396258-65a3-478c-9482-0be0199dd49c
2019-09-25 05:06:37,978 [RatisPipelineUtilsThread] INFO  pipeline.PipelineStateManager (PipelineStateManager.java:addPipeline(56)) - Created pipeline Pipeline[ Id: 5161cc64-ff9c-4dc5-a268-76180d615acc, Nodes: 56396258-65a3-478c-9482-0be0199dd49c{ip: 192.168.30.10, host: pr-hdds-1569-s62bp-3040748787, networkLocation: /default-rack, certSerialId: null}, Type:RATIS, Factor:ONE, State:OPEN]
2019-09-25 05:06:37,983 [grpc-default-executor-1] INFO  impl.RaftServerProxy (RaftServerProxy.java:addNew(89)) - de37f7a0-0375-40a9-a318-404478482fcb: addNew group-8C9EF31E2CD5:[de37f7a0-0375-40a9-a318-404478482fcb:192.168.30.10:44522] returns group-8C9EF31E2CD5:java.util.concurrent.CompletableFuture@1205fad5[Not completed]
2019-09-25 05:06:37,984 [pool-57-thread-1] INFO  impl.RaftServerImpl (RaftServerImpl.java:<init>(95)) - de37f7a0-0375-40a9-a318-404478482fcb: new RaftServerImpl for group-8C9EF31E2CD5:[de37f7a0-0375-40a9-a318-404478482fcb:192.168.30.10:44522] with ContainerStateMachine:uninitialized
2019-09-25 05:06:37,985 [pool-57-thread-1] INFO  server.RaftServerConfigKeys (ConfUtils.java:logGet(43)) - raft.server.rpc.timeout.min = 5s (custom)
2019-09-25 05:06:37,985 [pool-57-thread-1] INFO  server.RaftServerConfigKeys (ConfUtils.java:logGet(43)) - raft.server.rpc.timeout.max = 5200ms (custom)
2019-09-25 05:06:37,985 [pool-57-thread-1] INFO  server.RaftServerConfigKeys (ConfUtils.java:logGet(43)) - raft.server.rpcslowness.timeout = 120s (custom)
2019-09-25 05:06:37,985 [pool-57-thread-1] INFO  server.RaftServerConfigKeys (ConfUtils.java:logGet(43)) - raft.server.sleep.deviation.threshold = 300 (default)
2019-09-25 05:06:37,985 [pool-57-thread-1] INFO  server.RaftServerConfigKeys (ConfUtils.java:logGet(43)) - raft.server.log.appender.install.snapshot.enabled = false (custom)
2019-09-25 05:06:37,986 [pool-57-thread-1] INFO  impl.RaftServerImpl (ServerState.java:<init>(103)) - de37f7a0-0375-40a9-a318-404478482fcb@group-8C9EF31E2CD5: ConfigurationManager, init=-1: [de37f7a0-0375-40a9-a318-404478482fcb:192.168.30.10:44522], old=null, confs=<EMPTY_MAP>
2019-09-25 05:06:37,986 [pool-57-thread-1] INFO  server.RaftServerConfigKeys (ConfUtils.java:logGet(43)) - raft.server.storage.dir = [/workdir/hadoop-ozone/integration-test/target/test-dir/MiniOzoneClusterImpl-23306158-e895-4fc7-80df-ce6c264c388b/datanode-3/data/ratis] (custom)
2019-09-25 05:06:37,986 [pool-57-thread-1] INFO  storage.RaftStorageDirectory (RaftStorageDirectory.java:analyzeStorage(246)) - The storage directory /workdir/hadoop-ozone/integration-test/target/test-dir/MiniOzoneClusterImpl-23306158-e895-4fc7-80df-ce6c264c388b/datanode-3/data/ratis/d6931b0d-4b19-4de6-bc62-8c9ef31e2cd5 does not exist. Creating ...
2019-09-25 05:06:38,000 [pool-57-thread-1] INFO  storage.RaftStorageDirectory (RaftStorageDirectory.java:tryLock(328)) - Lock on /workdir/hadoop-ozone/integration-test/target/test-dir/MiniOzoneClusterImpl-23306158-e895-4fc7-80df-ce6c264c388b/datanode-3/data/ratis/d6931b0d-4b19-4de6-bc62-8c9ef31e2cd5/in_use.lock acquired by nodename 25526@pr-hdds-1569-s62bp-3040748787
2019-09-25 05:06:38,013 [pool-57-thread-1] INFO  storage.RaftStorage (RaftStorage.java:format(72)) - Storage directory /workdir/hadoop-ozone/integration-test/target/test-dir/MiniOzoneClusterImpl-23306158-e895-4fc7-80df-ce6c264c388b/datanode-3/data/ratis/d6931b0d-4b19-4de6-bc62-8c9ef31e2cd5 has been successfully formatted.
2019-09-25 05:06:38,014 [pool-57-thread-1] INFO  ratis.ContainerStateMachine (ContainerStateMachine.java:loadSnapshot(230)) - group-8C9EF31E2CD5: The snapshot info is null. Setting the last applied indexto:(t:0, i:~)
2019-09-25 05:06:38,014 [pool-57-thread-1] INFO  server.RaftServerConfigKeys (ConfUtils.java:logGet(43)) - raft.server.notification.no-leader.timeout = 120s (custom)
2019-09-25 05:06:38,014 [pool-57-thread-1] INFO  server.RaftServerConfigKeys (ConfUtils.java:logGet(43)) - raft.server.log.use.memory = false (default)
2019-09-25 05:06:38,014 [pool-57-thread-1] INFO  server.RaftServerConfigKeys (ConfUtils.java:logGet(43)) - raft.server.log.purge.gap = 1000000 (custom)
2019-09-25 05:06:38,014 [pool-57-thread-1] INFO  server.RaftServerConfigKeys (ConfUtils.java:logGet(43)) - raft.server.log.appender.buffer.byte-limit = 33554432 (custom)
2019-09-25 05:06:38,014 [pool-57-thread-1] INFO  server.RaftServerConfigKeys (ConfUtils.java:logGet(43)) - raft.server.log.segment.size.max = 1048576 (custom)
2019-09-25 05:06:38,015 [pool-57-thread-1] INFO  server.RaftServerConfigKeys (ConfUtils.java:logGet(43)) - raft.server.log.segment.cache.num.max = 2 (custom)
2019-09-25 05:06:38,015 [pool-57-thread-1] INFO  segmented.SegmentedRaftLogWorker (SegmentedRaftLogWorker.java:<init>(172)) - new de37f7a0-0375-40a9-a318-404478482fcb@group-8C9EF31E2CD5-SegmentedRaftLogWorker for RaftStorage:Storage Directory /workdir/hadoop-ozone/integration-test/target/test-dir/MiniOzoneClusterImpl-23306158-e895-4fc7-80df-ce6c264c388b/datanode-3/data/ratis/d6931b0d-4b19-4de6-bc62-8c9ef31e2cd5
2019-09-25 05:06:38,015 [pool-57-thread-1] INFO  server.RaftServerConfigKeys (ConfUtils.java:logGet(43)) - raft.server.log.queue.byte-limit = 2147483647 (custom)
2019-09-25 05:06:38,015 [pool-57-thread-1] INFO  server.RaftServerConfigKeys (ConfUtils.java:logGet(43)) - raft.server.log.queue.element-limit = 1024 (custom)
2019-09-25 05:06:38,015 [pool-57-thread-1] INFO  server.RaftServerConfigKeys (ConfUtils.java:logGet(43)) - raft.server.log.segment.size.max = 1048576 (custom)
2019-09-25 05:06:38,015 [pool-57-thread-1] INFO  server.RaftServerConfigKeys (ConfUtils.java:logGet(43)) - raft.server.log.preallocated.size = 16384 (custom)
2019-09-25 05:06:38,016 [pool-57-thread-1] INFO  server.RaftServerConfigKeys (ConfUtils.java:logGet(43)) - raft.server.log.write.buffer.size = 33554432 (custom)
2019-09-25 05:06:38,016 [pool-57-thread-1] INFO  server.RaftServerConfigKeys (ConfUtils.java:logGet(43)) - raft.server.log.force.sync.num = 128 (default)
2019-09-25 05:06:38,016 [pool-57-thread-1] INFO  server.RaftServerConfigKeys (ConfUtils.java:logGet(43)) - raft.server.log.statemachine.data.sync = true (default)
2019-09-25 05:06:38,016 [pool-57-thread-1] INFO  server.RaftServerConfigKeys (ConfUtils.java:logGet(43)) - raft.server.log.statemachine.data.sync.timeout = 10s (default)
2019-09-25 05:06:38,016 [pool-57-thread-1] INFO  server.RaftServerConfigKeys (ConfUtils.java:logGet(43)) - raft.server.log.statemachine.data.sync.timeout.retry = -1 (default)
2019-09-25 05:06:38,016 [pool-57-thread-1] INFO  server.RaftServerConfigKeys (ConfUtils.java:logGet(43)) - raft.server.log.statemachine.data.caching.enabled = true (custom)
2019-09-25 05:06:38,017 [pool-57-thread-1] INFO  segmented.SegmentedRaftLogWorker (SegmentedRaftLogWorker.java:lambda$new$0(132)) - de37f7a0-0375-40a9-a318-404478482fcb@group-8C9EF31E2CD5-SegmentedRaftLogWorker: flushIndex: setUnconditionally 0 -> -1
2019-09-25 05:06:38,017 [pool-57-thread-1] INFO  server.RaftServerConfigKeys (ConfUtils.java:logGet(43)) - raft.server.snapshot.auto.trigger.enabled = true (custom)
2019-09-25 05:06:38,017 [pool-57-thread-1] INFO  server.RaftServerConfigKeys (ConfUtils.java:logGet(43)) - raft.server.snapshot.auto.trigger.threshold = 10000 (custom)
2019-09-25 05:06:38,018 [pool-57-thread-1] INFO  server.RaftServerConfigKeys (ConfUtils.java:logGet(43)) - raft.server.snapshot.retention.num.files = 5 (custom)
2019-09-25 05:06:38,018 [pool-57-thread-1] INFO  server.RaftServerConfigKeys (ConfUtils.java:logGet(43)) - raft.server.retrycache.expirytime = 600000ms (custom)
2019-09-25 05:06:38,020 [pool-57-thread-1] INFO  impl.RaftServerImpl (RaftServerImpl.java:start(185)) - de37f7a0-0375-40a9-a318-404478482fcb@group-8C9EF31E2CD5: start as a follower, conf=-1: [de37f7a0-0375-40a9-a318-404478482fcb:192.168.30.10:44522], old=null
2019-09-25 05:06:38,020 [pool-57-thread-1] INFO  impl.RaftServerImpl (RaftServerImpl.java:setRole(174)) - de37f7a0-0375-40a9-a318-404478482fcb@group-8C9EF31E2CD5: changes role from      null to FOLLOWER at term 0 for startAsFollower
2019-09-25 05:06:38,020 [pool-57-thread-1] INFO  impl.RoleInfo (RoleInfo.java:updateAndGet(143)) - de37f7a0-0375-40a9-a318-404478482fcb: start FollowerState
2019-09-25 05:06:38,020 [pool-57-thread-1] INFO  util.JmxRegister (JmxRegister.java:tryRegister(44)) - Successfully registered JMX Bean with object name Ratis:service=RaftServer,group=group-8C9EF31E2CD5,id=de37f7a0-0375-40a9-a318-404478482fcb
2019-09-25 05:06:38,023 [RatisPipelineUtilsThread] INFO  pipeline.PipelineStateManager (PipelineStateManager.java:addPipeline(56)) - Created pipeline Pipeline[ Id: d6931b0d-4b19-4de6-bc62-8c9ef31e2cd5, Nodes: de37f7a0-0375-40a9-a318-404478482fcb{ip: 192.168.30.10, host: pr-hdds-1569-s62bp-3040748787, networkLocation: /default-rack, certSerialId: null}, Type:RATIS, Factor:ONE, State:OPEN]
2019-09-25 05:06:38,028 [grpc-default-executor-1] INFO  impl.RaftServerProxy (RaftServerProxy.java:addNew(89)) - c8798e02-7f0c-41f7-82c2-a17323bcf21e: addNew group-DCE788CCD7A8:[c8798e02-7f0c-41f7-82c2-a17323bcf21e:192.168.30.10:40603] returns group-DCE788CCD7A8:java.util.concurrent.CompletableFuture@a30fbb1[Not completed]
2019-09-25 05:06:38,029 [pool-47-thread-1] INFO  impl.RaftServerImpl (RaftServerImpl.java:<init>(95)) - c8798e02-7f0c-41f7-82c2-a17323bcf21e: new RaftServerImpl for group-DCE788CCD7A8:[c8798e02-7f0c-41f7-82c2-a17323bcf21e:192.168.30.10:40603] with ContainerStateMachine:uninitialized
2019-09-25 05:06:38,029 [pool-47-thread-1] INFO  server.RaftServerConfigKeys (ConfUtils.java:logGet(43)) - raft.server.rpc.timeout.min = 5s (custom)
2019-09-25 05:06:38,029 [pool-47-thread-1] INFO  server.RaftServerConfigKeys (ConfUtils.java:logGet(43)) - raft.server.rpc.timeout.max = 5200ms (custom)
2019-09-25 05:06:38,030 [pool-47-thread-1] INFO  server.RaftServerConfigKeys (ConfUtils.java:logGet(43)) - raft.server.rpcslowness.timeout = 120s (custom)
2019-09-25 05:06:38,030 [pool-47-thread-1] INFO  server.RaftServerConfigKeys (ConfUtils.java:logGet(43)) - raft.server.sleep.deviation.threshold = 300 (default)
2019-09-25 05:06:38,030 [pool-47-thread-1] INFO  server.RaftServerConfigKeys (ConfUtils.java:logGet(43)) - raft.server.log.appender.install.snapshot.enabled = false (custom)
2019-09-25 05:06:38,030 [pool-47-thread-1] INFO  impl.RaftServerImpl (ServerState.java:<init>(103)) - c8798e02-7f0c-41f7-82c2-a17323bcf21e@group-DCE788CCD7A8: ConfigurationManager, init=-1: [c8798e02-7f0c-41f7-82c2-a17323bcf21e:192.168.30.10:40603], old=null, confs=<EMPTY_MAP>
2019-09-25 05:06:38,030 [pool-47-thread-1] INFO  server.RaftServerConfigKeys (ConfUtils.java:logGet(43)) - raft.server.storage.dir = [/workdir/hadoop-ozone/integration-test/target/test-dir/MiniOzoneClusterImpl-23306158-e895-4fc7-80df-ce6c264c388b/datanode-2/data/ratis] (custom)
2019-09-25 05:06:38,031 [pool-47-thread-1] INFO  storage.RaftStorageDirectory (RaftStorageDirectory.java:analyzeStorage(246)) - The storage directory /workdir/hadoop-ozone/integration-test/target/test-dir/MiniOzoneClusterImpl-23306158-e895-4fc7-80df-ce6c264c388b/datanode-2/data/ratis/7885e306-5b9a-4ccd-b7fe-dce788ccd7a8 does not exist. Creating ...
2019-09-25 05:06:38,044 [pool-47-thread-1] INFO  storage.RaftStorageDirectory (RaftStorageDirectory.java:tryLock(328)) - Lock on /workdir/hadoop-ozone/integration-test/target/test-dir/MiniOzoneClusterImpl-23306158-e895-4fc7-80df-ce6c264c388b/datanode-2/data/ratis/7885e306-5b9a-4ccd-b7fe-dce788ccd7a8/in_use.lock acquired by nodename 25526@pr-hdds-1569-s62bp-3040748787
2019-09-25 05:06:38,058 [pool-47-thread-1] INFO  storage.RaftStorage (RaftStorage.java:format(72)) - Storage directory /workdir/hadoop-ozone/integration-test/target/test-dir/MiniOzoneClusterImpl-23306158-e895-4fc7-80df-ce6c264c388b/datanode-2/data/ratis/7885e306-5b9a-4ccd-b7fe-dce788ccd7a8 has been successfully formatted.
2019-09-25 05:06:38,058 [pool-47-thread-1] INFO  ratis.ContainerStateMachine (ContainerStateMachine.java:loadSnapshot(230)) - group-DCE788CCD7A8: The snapshot info is null. Setting the last applied indexto:(t:0, i:~)
2019-09-25 05:06:38,058 [pool-47-thread-1] INFO  server.RaftServerConfigKeys (ConfUtils.java:logGet(43)) - raft.server.notification.no-leader.timeout = 120s (custom)
2019-09-25 05:06:38,058 [pool-47-thread-1] INFO  server.RaftServerConfigKeys (ConfUtils.java:logGet(43)) - raft.server.log.use.memory = false (default)
2019-09-25 05:06:38,058 [pool-47-thread-1] INFO  server.RaftServerConfigKeys (ConfUtils.java:logGet(43)) - raft.server.log.purge.gap = 1000000 (custom)
2019-09-25 05:06:38,059 [pool-47-thread-1] INFO  server.RaftServerConfigKeys (ConfUtils.java:logGet(43)) - raft.server.log.appender.buffer.byte-limit = 33554432 (custom)
2019-09-25 05:06:38,059 [pool-47-thread-1] INFO  server.RaftServerConfigKeys (ConfUtils.java:logGet(43)) - raft.server.log.segment.size.max = 1048576 (custom)
2019-09-25 05:06:38,059 [pool-47-thread-1] INFO  server.RaftServerConfigKeys (ConfUtils.java:logGet(43)) - raft.server.log.segment.cache.num.max = 2 (custom)
2019-09-25 05:06:38,059 [pool-47-thread-1] INFO  segmented.SegmentedRaftLogWorker (SegmentedRaftLogWorker.java:<init>(172)) - new c8798e02-7f0c-41f7-82c2-a17323bcf21e@group-DCE788CCD7A8-SegmentedRaftLogWorker for RaftStorage:Storage Directory /workdir/hadoop-ozone/integration-test/target/test-dir/MiniOzoneClusterImpl-23306158-e895-4fc7-80df-ce6c264c388b/datanode-2/data/ratis/7885e306-5b9a-4ccd-b7fe-dce788ccd7a8
2019-09-25 05:06:38,059 [pool-47-thread-1] INFO  server.RaftServerConfigKeys (ConfUtils.java:logGet(43)) - raft.server.log.queue.byte-limit = 2147483647 (custom)
2019-09-25 05:06:38,059 [pool-47-thread-1] INFO  server.RaftServerConfigKeys (ConfUtils.java:logGet(43)) - raft.server.log.queue.element-limit = 1024 (custom)
2019-09-25 05:06:38,059 [pool-47-thread-1] INFO  server.RaftServerConfigKeys (ConfUtils.java:logGet(43)) - raft.server.log.segment.size.max = 1048576 (custom)
2019-09-25 05:06:38,060 [pool-47-thread-1] INFO  server.RaftServerConfigKeys (ConfUtils.java:logGet(43)) - raft.server.log.preallocated.size = 16384 (custom)
2019-09-25 05:06:38,060 [pool-47-thread-1] INFO  server.RaftServerConfigKeys (ConfUtils.java:logGet(43)) - raft.server.log.write.buffer.size = 33554432 (custom)
2019-09-25 05:06:38,060 [pool-47-thread-1] INFO  server.RaftServerConfigKeys (ConfUtils.java:logGet(43)) - raft.server.log.force.sync.num = 128 (default)
2019-09-25 05:06:38,060 [pool-47-thread-1] INFO  server.RaftServerConfigKeys (ConfUtils.java:logGet(43)) - raft.server.log.statemachine.data.sync = true (default)
2019-09-25 05:06:38,060 [pool-47-thread-1] INFO  server.RaftServerConfigKeys (ConfUtils.java:logGet(43)) - raft.server.log.statemachine.data.sync.timeout = 10s (default)
2019-09-25 05:06:38,060 [pool-47-thread-1] INFO  server.RaftServerConfigKeys (ConfUtils.java:logGet(43)) - raft.server.log.statemachine.data.sync.timeout.retry = -1 (default)
2019-09-25 05:06:38,060 [pool-47-thread-1] INFO  server.RaftServerConfigKeys (ConfUtils.java:logGet(43)) - raft.server.log.statemachine.data.caching.enabled = true (custom)
2019-09-25 05:06:38,061 [pool-47-thread-1] INFO  segmented.SegmentedRaftLogWorker (SegmentedRaftLogWorker.java:lambda$new$0(132)) - c8798e02-7f0c-41f7-82c2-a17323bcf21e@group-DCE788CCD7A8-SegmentedRaftLogWorker: flushIndex: setUnconditionally 0 -> -1
2019-09-25 05:06:38,061 [pool-47-thread-1] INFO  server.RaftServerConfigKeys (ConfUtils.java:logGet(43)) - raft.server.snapshot.auto.trigger.enabled = true (custom)
2019-09-25 05:06:38,061 [pool-47-thread-1] INFO  server.RaftServerConfigKeys (ConfUtils.java:logGet(43)) - raft.server.snapshot.auto.trigger.threshold = 10000 (custom)
2019-09-25 05:06:38,061 [pool-47-thread-1] INFO  server.RaftServerConfigKeys (ConfUtils.java:logGet(43)) - raft.server.snapshot.retention.num.files = 5 (custom)
2019-09-25 05:06:38,062 [pool-47-thread-1] INFO  server.RaftServerConfigKeys (ConfUtils.java:logGet(43)) - raft.server.retrycache.expirytime = 600000ms (custom)
2019-09-25 05:06:38,063 [pool-47-thread-1] INFO  impl.RaftServerImpl (RaftServerImpl.java:start(185)) - c8798e02-7f0c-41f7-82c2-a17323bcf21e@group-DCE788CCD7A8: start as a follower, conf=-1: [c8798e02-7f0c-41f7-82c2-a17323bcf21e:192.168.30.10:40603], old=null
2019-09-25 05:06:38,063 [pool-47-thread-1] INFO  impl.RaftServerImpl (RaftServerImpl.java:setRole(174)) - c8798e02-7f0c-41f7-82c2-a17323bcf21e@group-DCE788CCD7A8: changes role from      null to FOLLOWER at term 0 for startAsFollower
2019-09-25 05:06:38,064 [pool-47-thread-1] INFO  impl.RoleInfo (RoleInfo.java:updateAndGet(143)) - c8798e02-7f0c-41f7-82c2-a17323bcf21e: start FollowerState
2019-09-25 05:06:38,064 [pool-47-thread-1] INFO  util.JmxRegister (JmxRegister.java:tryRegister(44)) - Successfully registered JMX Bean with object name Ratis:service=RaftServer,group=group-DCE788CCD7A8,id=c8798e02-7f0c-41f7-82c2-a17323bcf21e
2019-09-25 05:06:38,066 [RatisPipelineUtilsThread] INFO  pipeline.PipelineStateManager (PipelineStateManager.java:addPipeline(56)) - Created pipeline Pipeline[ Id: 7885e306-5b9a-4ccd-b7fe-dce788ccd7a8, Nodes: c8798e02-7f0c-41f7-82c2-a17323bcf21e{ip: 192.168.30.10, host: pr-hdds-1569-s62bp-3040748787, networkLocation: /default-rack, certSerialId: null}, Type:RATIS, Factor:ONE, State:OPEN]
2019-09-25 05:06:38,071 [grpc-default-executor-1] INFO  impl.RaftServerProxy (RaftServerProxy.java:addNew(89)) - c8798e02-7f0c-41f7-82c2-a17323bcf21e: addNew group-2C40EDA8D719:[c8798e02-7f0c-41f7-82c2-a17323bcf21e:192.168.30.10:40603] returns group-2C40EDA8D719:java.util.concurrent.CompletableFuture@7edfd020[Not completed]
2019-09-25 05:06:38,072 [pool-47-thread-1] INFO  impl.RaftServerImpl (RaftServerImpl.java:<init>(95)) - c8798e02-7f0c-41f7-82c2-a17323bcf21e: new RaftServerImpl for group-2C40EDA8D719:[c8798e02-7f0c-41f7-82c2-a17323bcf21e:192.168.30.10:40603] with ContainerStateMachine:uninitialized
2019-09-25 05:06:38,072 [pool-47-thread-1] INFO  server.RaftServerConfigKeys (ConfUtils.java:logGet(43)) - raft.server.rpc.timeout.min = 5s (custom)
2019-09-25 05:06:38,072 [pool-47-thread-1] INFO  server.RaftServerConfigKeys (ConfUtils.java:logGet(43)) - raft.server.rpc.timeout.max = 5200ms (custom)
2019-09-25 05:06:38,073 [pool-47-thread-1] INFO  server.RaftServerConfigKeys (ConfUtils.java:logGet(43)) - raft.server.rpcslowness.timeout = 120s (custom)
2019-09-25 05:06:38,073 [pool-47-thread-1] INFO  server.RaftServerConfigKeys (ConfUtils.java:logGet(43)) - raft.server.sleep.deviation.threshold = 300 (default)
2019-09-25 05:06:38,073 [pool-47-thread-1] INFO  server.RaftServerConfigKeys (ConfUtils.java:logGet(43)) - raft.server.log.appender.install.snapshot.enabled = false (custom)
2019-09-25 05:06:38,073 [pool-47-thread-1] INFO  impl.RaftServerImpl (ServerState.java:<init>(103)) - c8798e02-7f0c-41f7-82c2-a17323bcf21e@group-2C40EDA8D719: ConfigurationManager, init=-1: [c8798e02-7f0c-41f7-82c2-a17323bcf21e:192.168.30.10:40603], old=null, confs=<EMPTY_MAP>
2019-09-25 05:06:38,073 [pool-47-thread-1] INFO  server.RaftServerConfigKeys (ConfUtils.java:logGet(43)) - raft.server.storage.dir = [/workdir/hadoop-ozone/integration-test/target/test-dir/MiniOzoneClusterImpl-23306158-e895-4fc7-80df-ce6c264c388b/datanode-2/data/ratis] (custom)
2019-09-25 05:06:38,074 [pool-47-thread-1] INFO  storage.RaftStorageDirectory (RaftStorageDirectory.java:analyzeStorage(246)) - The storage directory /workdir/hadoop-ozone/integration-test/target/test-dir/MiniOzoneClusterImpl-23306158-e895-4fc7-80df-ce6c264c388b/datanode-2/data/ratis/6eb634b1-6c38-4a8e-bae3-2c40eda8d719 does not exist. Creating ...
2019-09-25 05:06:38,081 [pool-47-thread-1] INFO  storage.RaftStorageDirectory (RaftStorageDirectory.java:tryLock(328)) - Lock on /workdir/hadoop-ozone/integration-test/target/test-dir/MiniOzoneClusterImpl-23306158-e895-4fc7-80df-ce6c264c388b/datanode-2/data/ratis/6eb634b1-6c38-4a8e-bae3-2c40eda8d719/in_use.lock acquired by nodename 25526@pr-hdds-1569-s62bp-3040748787
2019-09-25 05:06:38,095 [pool-47-thread-1] INFO  storage.RaftStorage (RaftStorage.java:format(72)) - Storage directory /workdir/hadoop-ozone/integration-test/target/test-dir/MiniOzoneClusterImpl-23306158-e895-4fc7-80df-ce6c264c388b/datanode-2/data/ratis/6eb634b1-6c38-4a8e-bae3-2c40eda8d719 has been successfully formatted.
2019-09-25 05:06:38,095 [pool-47-thread-1] INFO  ratis.ContainerStateMachine (ContainerStateMachine.java:loadSnapshot(230)) - group-2C40EDA8D719: The snapshot info is null. Setting the last applied indexto:(t:0, i:~)
2019-09-25 05:06:38,095 [pool-47-thread-1] INFO  server.RaftServerConfigKeys (ConfUtils.java:logGet(43)) - raft.server.notification.no-leader.timeout = 120s (custom)
2019-09-25 05:06:38,095 [pool-47-thread-1] INFO  server.RaftServerConfigKeys (ConfUtils.java:logGet(43)) - raft.server.log.use.memory = false (default)
2019-09-25 05:06:38,095 [pool-47-thread-1] INFO  server.RaftServerConfigKeys (ConfUtils.java:logGet(43)) - raft.server.log.purge.gap = 1000000 (custom)
2019-09-25 05:06:38,095 [pool-47-thread-1] INFO  server.RaftServerConfigKeys (ConfUtils.java:logGet(43)) - raft.server.log.appender.buffer.byte-limit = 33554432 (custom)
2019-09-25 05:06:38,096 [pool-47-thread-1] INFO  server.RaftServerConfigKeys (ConfUtils.java:logGet(43)) - raft.server.log.segment.size.max = 1048576 (custom)
2019-09-25 05:06:38,096 [pool-47-thread-1] INFO  server.RaftServerConfigKeys (ConfUtils.java:logGet(43)) - raft.server.log.segment.cache.num.max = 2 (custom)
2019-09-25 05:06:38,096 [pool-47-thread-1] INFO  segmented.SegmentedRaftLogWorker (SegmentedRaftLogWorker.java:<init>(172)) - new c8798e02-7f0c-41f7-82c2-a17323bcf21e@group-2C40EDA8D719-SegmentedRaftLogWorker for RaftStorage:Storage Directory /workdir/hadoop-ozone/integration-test/target/test-dir/MiniOzoneClusterImpl-23306158-e895-4fc7-80df-ce6c264c388b/datanode-2/data/ratis/6eb634b1-6c38-4a8e-bae3-2c40eda8d719
2019-09-25 05:06:38,096 [pool-47-thread-1] INFO  server.RaftServerConfigKeys (ConfUtils.java:logGet(43)) - raft.server.log.queue.byte-limit = 2147483647 (custom)
2019-09-25 05:06:38,096 [pool-47-thread-1] INFO  server.RaftServerConfigKeys (ConfUtils.java:logGet(43)) - raft.server.log.queue.element-limit = 1024 (custom)
2019-09-25 05:06:38,096 [pool-47-thread-1] INFO  server.RaftServerConfigKeys (ConfUtils.java:logGet(43)) - raft.server.log.segment.size.max = 1048576 (custom)
2019-09-25 05:06:38,097 [pool-47-thread-1] INFO  server.RaftServerConfigKeys (ConfUtils.java:logGet(43)) - raft.server.log.preallocated.size = 16384 (custom)
2019-09-25 05:06:38,097 [pool-47-thread-1] INFO  server.RaftServerConfigKeys (ConfUtils.java:logGet(43)) - raft.server.log.write.buffer.size = 33554432 (custom)
2019-09-25 05:06:38,097 [pool-47-thread-1] INFO  server.RaftServerConfigKeys (ConfUtils.java:logGet(43)) - raft.server.log.force.sync.num = 128 (default)
2019-09-25 05:06:38,097 [pool-47-thread-1] INFO  server.RaftServerConfigKeys (ConfUtils.java:logGet(43)) - raft.server.log.statemachine.data.sync = true (default)
2019-09-25 05:06:38,097 [pool-47-thread-1] INFO  server.RaftServerConfigKeys (ConfUtils.java:logGet(43)) - raft.server.log.statemachine.data.sync.timeout = 10s (default)
2019-09-25 05:06:38,097 [pool-47-thread-1] INFO  server.RaftServerConfigKeys (ConfUtils.java:logGet(43)) - raft.server.log.statemachine.data.sync.timeout.retry = -1 (default)
2019-09-25 05:06:38,097 [pool-47-thread-1] INFO  server.RaftServerConfigKeys (ConfUtils.java:logGet(43)) - raft.server.log.statemachine.data.caching.enabled = true (custom)
2019-09-25 05:06:38,098 [pool-47-thread-1] INFO  segmented.SegmentedRaftLogWorker (SegmentedRaftLogWorker.java:lambda$new$0(132)) - c8798e02-7f0c-41f7-82c2-a17323bcf21e@group-2C40EDA8D719-SegmentedRaftLogWorker: flushIndex: setUnconditionally 0 -> -1
2019-09-25 05:06:38,098 [pool-47-thread-1] INFO  server.RaftServerConfigKeys (ConfUtils.java:logGet(43)) - raft.server.snapshot.auto.trigger.enabled = true (custom)
2019-09-25 05:06:38,098 [pool-47-thread-1] INFO  server.RaftServerConfigKeys (ConfUtils.java:logGet(43)) - raft.server.snapshot.auto.trigger.threshold = 10000 (custom)
2019-09-25 05:06:38,098 [pool-47-thread-1] INFO  server.RaftServerConfigKeys (ConfUtils.java:logGet(43)) - raft.server.snapshot.retention.num.files = 5 (custom)
2019-09-25 05:06:38,099 [pool-47-thread-1] INFO  server.RaftServerConfigKeys (ConfUtils.java:logGet(43)) - raft.server.retrycache.expirytime = 600000ms (custom)
2019-09-25 05:06:38,100 [pool-47-thread-1] INFO  impl.RaftServerImpl (RaftServerImpl.java:start(185)) - c8798e02-7f0c-41f7-82c2-a17323bcf21e@group-2C40EDA8D719: start as a follower, conf=-1: [c8798e02-7f0c-41f7-82c2-a17323bcf21e:192.168.30.10:40603], old=null
2019-09-25 05:06:38,101 [pool-47-thread-1] INFO  impl.RaftServerImpl (RaftServerImpl.java:setRole(174)) - c8798e02-7f0c-41f7-82c2-a17323bcf21e@group-2C40EDA8D719: changes role from      null to FOLLOWER at term 0 for startAsFollower
2019-09-25 05:06:38,101 [pool-47-thread-1] INFO  impl.RoleInfo (RoleInfo.java:updateAndGet(143)) - c8798e02-7f0c-41f7-82c2-a17323bcf21e: start FollowerState
2019-09-25 05:06:38,101 [pool-47-thread-1] INFO  util.JmxRegister (JmxRegister.java:tryRegister(44)) - Successfully registered JMX Bean with object name Ratis:service=RaftServer,group=group-2C40EDA8D719,id=c8798e02-7f0c-41f7-82c2-a17323bcf21e
2019-09-25 05:06:38,104 [RatisPipelineUtilsThread] INFO  pipeline.PipelineStateManager (PipelineStateManager.java:addPipeline(56)) - Created pipeline Pipeline[ Id: 6eb634b1-6c38-4a8e-bae3-2c40eda8d719, Nodes: c8798e02-7f0c-41f7-82c2-a17323bcf21e{ip: 192.168.30.10, host: pr-hdds-1569-s62bp-3040748787, networkLocation: /default-rack, certSerialId: null}, Type:RATIS, Factor:ONE, State:OPEN]
2019-09-25 05:06:38,109 [grpc-default-executor-1] INFO  impl.RaftServerProxy (RaftServerProxy.java:addNew(89)) - de37f7a0-0375-40a9-a318-404478482fcb: addNew group-7F1AFF99EFF0:[de37f7a0-0375-40a9-a318-404478482fcb:192.168.30.10:44522] returns group-7F1AFF99EFF0:java.util.concurrent.CompletableFuture@3e7267d9[Not completed]
2019-09-25 05:06:38,110 [pool-57-thread-1] INFO  impl.RaftServerImpl (RaftServerImpl.java:<init>(95)) - de37f7a0-0375-40a9-a318-404478482fcb: new RaftServerImpl for group-7F1AFF99EFF0:[de37f7a0-0375-40a9-a318-404478482fcb:192.168.30.10:44522] with ContainerStateMachine:uninitialized
2019-09-25 05:06:38,110 [pool-57-thread-1] INFO  server.RaftServerConfigKeys (ConfUtils.java:logGet(43)) - raft.server.rpc.timeout.min = 5s (custom)
2019-09-25 05:06:38,110 [pool-57-thread-1] INFO  server.RaftServerConfigKeys (ConfUtils.java:logGet(43)) - raft.server.rpc.timeout.max = 5200ms (custom)
2019-09-25 05:06:38,110 [pool-57-thread-1] INFO  server.RaftServerConfigKeys (ConfUtils.java:logGet(43)) - raft.server.rpcslowness.timeout = 120s (custom)
2019-09-25 05:06:38,110 [pool-57-thread-1] INFO  server.RaftServerConfigKeys (ConfUtils.java:logGet(43)) - raft.server.sleep.deviation.threshold = 300 (default)
2019-09-25 05:06:38,110 [pool-57-thread-1] INFO  server.RaftServerConfigKeys (ConfUtils.java:logGet(43)) - raft.server.log.appender.install.snapshot.enabled = false (custom)
2019-09-25 05:06:38,111 [pool-57-thread-1] INFO  impl.RaftServerImpl (ServerState.java:<init>(103)) - de37f7a0-0375-40a9-a318-404478482fcb@group-7F1AFF99EFF0: ConfigurationManager, init=-1: [de37f7a0-0375-40a9-a318-404478482fcb:192.168.30.10:44522], old=null, confs=<EMPTY_MAP>
2019-09-25 05:06:38,111 [pool-57-thread-1] INFO  server.RaftServerConfigKeys (ConfUtils.java:logGet(43)) - raft.server.storage.dir = [/workdir/hadoop-ozone/integration-test/target/test-dir/MiniOzoneClusterImpl-23306158-e895-4fc7-80df-ce6c264c388b/datanode-3/data/ratis] (custom)
2019-09-25 05:06:38,111 [pool-57-thread-1] INFO  storage.RaftStorageDirectory (RaftStorageDirectory.java:analyzeStorage(246)) - The storage directory /workdir/hadoop-ozone/integration-test/target/test-dir/MiniOzoneClusterImpl-23306158-e895-4fc7-80df-ce6c264c388b/datanode-3/data/ratis/8081fe29-92e1-4513-8ca4-7f1aff99eff0 does not exist. Creating ...
2019-09-25 05:06:38,125 [pool-57-thread-1] INFO  storage.RaftStorageDirectory (RaftStorageDirectory.java:tryLock(328)) - Lock on /workdir/hadoop-ozone/integration-test/target/test-dir/MiniOzoneClusterImpl-23306158-e895-4fc7-80df-ce6c264c388b/datanode-3/data/ratis/8081fe29-92e1-4513-8ca4-7f1aff99eff0/in_use.lock acquired by nodename 25526@pr-hdds-1569-s62bp-3040748787
2019-09-25 05:06:38,138 [pool-57-thread-1] INFO  storage.RaftStorage (RaftStorage.java:format(72)) - Storage directory /workdir/hadoop-ozone/integration-test/target/test-dir/MiniOzoneClusterImpl-23306158-e895-4fc7-80df-ce6c264c388b/datanode-3/data/ratis/8081fe29-92e1-4513-8ca4-7f1aff99eff0 has been successfully formatted.
2019-09-25 05:06:38,139 [pool-57-thread-1] INFO  ratis.ContainerStateMachine (ContainerStateMachine.java:loadSnapshot(230)) - group-7F1AFF99EFF0: The snapshot info is null. Setting the last applied indexto:(t:0, i:~)
2019-09-25 05:06:38,139 [pool-57-thread-1] INFO  server.RaftServerConfigKeys (ConfUtils.java:logGet(43)) - raft.server.notification.no-leader.timeout = 120s (custom)
2019-09-25 05:06:38,139 [pool-57-thread-1] INFO  server.RaftServerConfigKeys (ConfUtils.java:logGet(43)) - raft.server.log.use.memory = false (default)
2019-09-25 05:06:38,139 [pool-57-thread-1] INFO  server.RaftServerConfigKeys (ConfUtils.java:logGet(43)) - raft.server.log.purge.gap = 1000000 (custom)
2019-09-25 05:06:38,139 [pool-57-thread-1] INFO  server.RaftServerConfigKeys (ConfUtils.java:logGet(43)) - raft.server.log.appender.buffer.byte-limit = 33554432 (custom)
2019-09-25 05:06:38,139 [pool-57-thread-1] INFO  server.RaftServerConfigKeys (ConfUtils.java:logGet(43)) - raft.server.log.segment.size.max = 1048576 (custom)
2019-09-25 05:06:38,140 [pool-57-thread-1] INFO  server.RaftServerConfigKeys (ConfUtils.java:logGet(43)) - raft.server.log.segment.cache.num.max = 2 (custom)
2019-09-25 05:06:38,140 [pool-57-thread-1] INFO  segmented.SegmentedRaftLogWorker (SegmentedRaftLogWorker.java:<init>(172)) - new de37f7a0-0375-40a9-a318-404478482fcb@group-7F1AFF99EFF0-SegmentedRaftLogWorker for RaftStorage:Storage Directory /workdir/hadoop-ozone/integration-test/target/test-dir/MiniOzoneClusterImpl-23306158-e895-4fc7-80df-ce6c264c388b/datanode-3/data/ratis/8081fe29-92e1-4513-8ca4-7f1aff99eff0
2019-09-25 05:06:38,140 [pool-57-thread-1] INFO  server.RaftServerConfigKeys (ConfUtils.java:logGet(43)) - raft.server.log.queue.byte-limit = 2147483647 (custom)
2019-09-25 05:06:38,140 [pool-57-thread-1] INFO  server.RaftServerConfigKeys (ConfUtils.java:logGet(43)) - raft.server.log.queue.element-limit = 1024 (custom)
2019-09-25 05:06:38,140 [pool-57-thread-1] INFO  server.RaftServerConfigKeys (ConfUtils.java:logGet(43)) - raft.server.log.segment.size.max = 1048576 (custom)
2019-09-25 05:06:38,141 [pool-57-thread-1] INFO  server.RaftServerConfigKeys (ConfUtils.java:logGet(43)) - raft.server.log.preallocated.size = 16384 (custom)
2019-09-25 05:06:38,141 [pool-57-thread-1] INFO  server.RaftServerConfigKeys (ConfUtils.java:logGet(43)) - raft.server.log.write.buffer.size = 33554432 (custom)
2019-09-25 05:06:38,141 [pool-57-thread-1] INFO  server.RaftServerConfigKeys (ConfUtils.java:logGet(43)) - raft.server.log.force.sync.num = 128 (default)
2019-09-25 05:06:38,141 [pool-57-thread-1] INFO  server.RaftServerConfigKeys (ConfUtils.java:logGet(43)) - raft.server.log.statemachine.data.sync = true (default)
2019-09-25 05:06:38,141 [pool-57-thread-1] INFO  server.RaftServerConfigKeys (ConfUtils.java:logGet(43)) - raft.server.log.statemachine.data.sync.timeout = 10s (default)
2019-09-25 05:06:38,141 [pool-57-thread-1] INFO  server.RaftServerConfigKeys (ConfUtils.java:logGet(43)) - raft.server.log.statemachine.data.sync.timeout.retry = -1 (default)
2019-09-25 05:06:38,142 [pool-57-thread-1] INFO  server.RaftServerConfigKeys (ConfUtils.java:logGet(43)) - raft.server.log.statemachine.data.caching.enabled = true (custom)
2019-09-25 05:06:38,142 [pool-57-thread-1] INFO  segmented.SegmentedRaftLogWorker (SegmentedRaftLogWorker.java:lambda$new$0(132)) - de37f7a0-0375-40a9-a318-404478482fcb@group-7F1AFF99EFF0-SegmentedRaftLogWorker: flushIndex: setUnconditionally 0 -> -1
2019-09-25 05:06:38,142 [pool-57-thread-1] INFO  server.RaftServerConfigKeys (ConfUtils.java:logGet(43)) - raft.server.snapshot.auto.trigger.enabled = true (custom)
2019-09-25 05:06:38,143 [pool-57-thread-1] INFO  server.RaftServerConfigKeys (ConfUtils.java:logGet(43)) - raft.server.snapshot.auto.trigger.threshold = 10000 (custom)
2019-09-25 05:06:38,143 [pool-57-thread-1] INFO  server.RaftServerConfigKeys (ConfUtils.java:logGet(43)) - raft.server.snapshot.retention.num.files = 5 (custom)
2019-09-25 05:06:38,143 [pool-57-thread-1] INFO  server.RaftServerConfigKeys (ConfUtils.java:logGet(43)) - raft.server.retrycache.expirytime = 600000ms (custom)
2019-09-25 05:06:38,145 [pool-57-thread-1] INFO  impl.RaftServerImpl (RaftServerImpl.java:start(185)) - de37f7a0-0375-40a9-a318-404478482fcb@group-7F1AFF99EFF0: start as a follower, conf=-1: [de37f7a0-0375-40a9-a318-404478482fcb:192.168.30.10:44522], old=null
2019-09-25 05:06:38,145 [pool-57-thread-1] INFO  impl.RaftServerImpl (RaftServerImpl.java:setRole(174)) - de37f7a0-0375-40a9-a318-404478482fcb@group-7F1AFF99EFF0: changes role from      null to FOLLOWER at term 0 for startAsFollower
2019-09-25 05:06:38,145 [pool-57-thread-1] INFO  impl.RoleInfo (RoleInfo.java:updateAndGet(143)) - de37f7a0-0375-40a9-a318-404478482fcb: start FollowerState
2019-09-25 05:06:38,146 [pool-57-thread-1] INFO  util.JmxRegister (JmxRegister.java:tryRegister(44)) - Successfully registered JMX Bean with object name Ratis:service=RaftServer,group=group-7F1AFF99EFF0,id=de37f7a0-0375-40a9-a318-404478482fcb
2019-09-25 05:06:38,149 [RatisPipelineUtilsThread] INFO  pipeline.PipelineStateManager (PipelineStateManager.java:addPipeline(56)) - Created pipeline Pipeline[ Id: 8081fe29-92e1-4513-8ca4-7f1aff99eff0, Nodes: de37f7a0-0375-40a9-a318-404478482fcb{ip: 192.168.30.10, host: pr-hdds-1569-s62bp-3040748787, networkLocation: /default-rack, certSerialId: null}, Type:RATIS, Factor:ONE, State:OPEN]
2019-09-25 05:06:38,154 [grpc-default-executor-1] INFO  impl.RaftServerProxy (RaftServerProxy.java:addNew(89)) - de37f7a0-0375-40a9-a318-404478482fcb: addNew group-5A74E072F61B:[de37f7a0-0375-40a9-a318-404478482fcb:192.168.30.10:44522] returns group-5A74E072F61B:java.util.concurrent.CompletableFuture@779a5e9f[Not completed]
2019-09-25 05:06:38,156 [pool-57-thread-1] INFO  impl.RaftServerImpl (RaftServerImpl.java:<init>(95)) - de37f7a0-0375-40a9-a318-404478482fcb: new RaftServerImpl for group-5A74E072F61B:[de37f7a0-0375-40a9-a318-404478482fcb:192.168.30.10:44522] with ContainerStateMachine:uninitialized
2019-09-25 05:06:38,156 [pool-57-thread-1] INFO  server.RaftServerConfigKeys (ConfUtils.java:logGet(43)) - raft.server.rpc.timeout.min = 5s (custom)
2019-09-25 05:06:38,156 [pool-57-thread-1] INFO  server.RaftServerConfigKeys (ConfUtils.java:logGet(43)) - raft.server.rpc.timeout.max = 5200ms (custom)
2019-09-25 05:06:38,156 [pool-57-thread-1] INFO  server.RaftServerConfigKeys (ConfUtils.java:logGet(43)) - raft.server.rpcslowness.timeout = 120s (custom)
2019-09-25 05:06:38,156 [pool-57-thread-1] INFO  server.RaftServerConfigKeys (ConfUtils.java:logGet(43)) - raft.server.sleep.deviation.threshold = 300 (default)
2019-09-25 05:06:38,156 [pool-57-thread-1] INFO  server.RaftServerConfigKeys (ConfUtils.java:logGet(43)) - raft.server.log.appender.install.snapshot.enabled = false (custom)
2019-09-25 05:06:38,156 [pool-57-thread-1] INFO  impl.RaftServerImpl (ServerState.java:<init>(103)) - de37f7a0-0375-40a9-a318-404478482fcb@group-5A74E072F61B: ConfigurationManager, init=-1: [de37f7a0-0375-40a9-a318-404478482fcb:192.168.30.10:44522], old=null, confs=<EMPTY_MAP>
2019-09-25 05:06:38,157 [pool-57-thread-1] INFO  server.RaftServerConfigKeys (ConfUtils.java:logGet(43)) - raft.server.storage.dir = [/workdir/hadoop-ozone/integration-test/target/test-dir/MiniOzoneClusterImpl-23306158-e895-4fc7-80df-ce6c264c388b/datanode-3/data/ratis] (custom)
2019-09-25 05:06:38,157 [pool-57-thread-1] INFO  storage.RaftStorageDirectory (RaftStorageDirectory.java:analyzeStorage(246)) - The storage directory /workdir/hadoop-ozone/integration-test/target/test-dir/MiniOzoneClusterImpl-23306158-e895-4fc7-80df-ce6c264c388b/datanode-3/data/ratis/ce6dd05a-5b97-40be-aea8-5a74e072f61b does not exist. Creating ...
2019-09-25 05:06:38,170 [pool-57-thread-1] INFO  storage.RaftStorageDirectory (RaftStorageDirectory.java:tryLock(328)) - Lock on /workdir/hadoop-ozone/integration-test/target/test-dir/MiniOzoneClusterImpl-23306158-e895-4fc7-80df-ce6c264c388b/datanode-3/data/ratis/ce6dd05a-5b97-40be-aea8-5a74e072f61b/in_use.lock acquired by nodename 25526@pr-hdds-1569-s62bp-3040748787
2019-09-25 05:06:38,184 [pool-57-thread-1] INFO  storage.RaftStorage (RaftStorage.java:format(72)) - Storage directory /workdir/hadoop-ozone/integration-test/target/test-dir/MiniOzoneClusterImpl-23306158-e895-4fc7-80df-ce6c264c388b/datanode-3/data/ratis/ce6dd05a-5b97-40be-aea8-5a74e072f61b has been successfully formatted.
2019-09-25 05:06:38,184 [pool-57-thread-1] INFO  ratis.ContainerStateMachine (ContainerStateMachine.java:loadSnapshot(230)) - group-5A74E072F61B: The snapshot info is null. Setting the last applied indexto:(t:0, i:~)
2019-09-25 05:06:38,184 [pool-57-thread-1] INFO  server.RaftServerConfigKeys (ConfUtils.java:logGet(43)) - raft.server.notification.no-leader.timeout = 120s (custom)
2019-09-25 05:06:38,184 [pool-57-thread-1] INFO  server.RaftServerConfigKeys (ConfUtils.java:logGet(43)) - raft.server.log.use.memory = false (default)
2019-09-25 05:06:38,184 [pool-57-thread-1] INFO  server.RaftServerConfigKeys (ConfUtils.java:logGet(43)) - raft.server.log.purge.gap = 1000000 (custom)
2019-09-25 05:06:38,185 [pool-57-thread-1] INFO  server.RaftServerConfigKeys (ConfUtils.java:logGet(43)) - raft.server.log.appender.buffer.byte-limit = 33554432 (custom)
2019-09-25 05:06:38,185 [pool-57-thread-1] INFO  server.RaftServerConfigKeys (ConfUtils.java:logGet(43)) - raft.server.log.segment.size.max = 1048576 (custom)
2019-09-25 05:06:38,185 [pool-57-thread-1] INFO  server.RaftServerConfigKeys (ConfUtils.java:logGet(43)) - raft.server.log.segment.cache.num.max = 2 (custom)
2019-09-25 05:06:38,185 [pool-57-thread-1] INFO  segmented.SegmentedRaftLogWorker (SegmentedRaftLogWorker.java:<init>(172)) - new de37f7a0-0375-40a9-a318-404478482fcb@group-5A74E072F61B-SegmentedRaftLogWorker for RaftStorage:Storage Directory /workdir/hadoop-ozone/integration-test/target/test-dir/MiniOzoneClusterImpl-23306158-e895-4fc7-80df-ce6c264c388b/datanode-3/data/ratis/ce6dd05a-5b97-40be-aea8-5a74e072f61b
2019-09-25 05:06:38,185 [pool-57-thread-1] INFO  server.RaftServerConfigKeys (ConfUtils.java:logGet(43)) - raft.server.log.queue.byte-limit = 2147483647 (custom)
2019-09-25 05:06:38,185 [pool-57-thread-1] INFO  server.RaftServerConfigKeys (ConfUtils.java:logGet(43)) - raft.server.log.queue.element-limit = 1024 (custom)
2019-09-25 05:06:38,185 [pool-57-thread-1] INFO  server.RaftServerConfigKeys (ConfUtils.java:logGet(43)) - raft.server.log.segment.size.max = 1048576 (custom)
2019-09-25 05:06:38,186 [pool-57-thread-1] INFO  server.RaftServerConfigKeys (ConfUtils.java:logGet(43)) - raft.server.log.preallocated.size = 16384 (custom)
2019-09-25 05:06:38,186 [pool-57-thread-1] INFO  server.RaftServerConfigKeys (ConfUtils.java:logGet(43)) - raft.server.log.write.buffer.size = 33554432 (custom)
2019-09-25 05:06:38,186 [pool-57-thread-1] INFO  server.RaftServerConfigKeys (ConfUtils.java:logGet(43)) - raft.server.log.force.sync.num = 128 (default)
2019-09-25 05:06:38,186 [pool-57-thread-1] INFO  server.RaftServerConfigKeys (ConfUtils.java:logGet(43)) - raft.server.log.statemachine.data.sync = true (default)
2019-09-25 05:06:38,186 [pool-57-thread-1] INFO  server.RaftServerConfigKeys (ConfUtils.java:logGet(43)) - raft.server.log.statemachine.data.sync.timeout = 10s (default)
2019-09-25 05:06:38,186 [pool-57-thread-1] INFO  server.RaftServerConfigKeys (ConfUtils.java:logGet(43)) - raft.server.log.statemachine.data.sync.timeout.retry = -1 (default)
2019-09-25 05:06:38,186 [pool-57-thread-1] INFO  server.RaftServerConfigKeys (ConfUtils.java:logGet(43)) - raft.server.log.statemachine.data.caching.enabled = true (custom)
2019-09-25 05:06:38,187 [pool-57-thread-1] INFO  segmented.SegmentedRaftLogWorker (SegmentedRaftLogWorker.java:lambda$new$0(132)) - de37f7a0-0375-40a9-a318-404478482fcb@group-5A74E072F61B-SegmentedRaftLogWorker: flushIndex: setUnconditionally 0 -> -1
2019-09-25 05:06:38,187 [pool-57-thread-1] INFO  server.RaftServerConfigKeys (ConfUtils.java:logGet(43)) - raft.server.snapshot.auto.trigger.enabled = true (custom)
2019-09-25 05:06:38,187 [pool-57-thread-1] INFO  server.RaftServerConfigKeys (ConfUtils.java:logGet(43)) - raft.server.snapshot.auto.trigger.threshold = 10000 (custom)
2019-09-25 05:06:38,187 [pool-57-thread-1] INFO  server.RaftServerConfigKeys (ConfUtils.java:logGet(43)) - raft.server.snapshot.retention.num.files = 5 (custom)
2019-09-25 05:06:38,187 [pool-57-thread-1] INFO  server.RaftServerConfigKeys (ConfUtils.java:logGet(43)) - raft.server.retrycache.expirytime = 600000ms (custom)
2019-09-25 05:06:38,189 [pool-57-thread-1] INFO  impl.RaftServerImpl (RaftServerImpl.java:start(185)) - de37f7a0-0375-40a9-a318-404478482fcb@group-5A74E072F61B: start as a follower, conf=-1: [de37f7a0-0375-40a9-a318-404478482fcb:192.168.30.10:44522], old=null
2019-09-25 05:06:38,189 [pool-57-thread-1] INFO  impl.RaftServerImpl (RaftServerImpl.java:setRole(174)) - de37f7a0-0375-40a9-a318-404478482fcb@group-5A74E072F61B: changes role from      null to FOLLOWER at term 0 for startAsFollower
2019-09-25 05:06:38,189 [pool-57-thread-1] INFO  impl.RoleInfo (RoleInfo.java:updateAndGet(143)) - de37f7a0-0375-40a9-a318-404478482fcb: start FollowerState
2019-09-25 05:06:38,190 [pool-57-thread-1] INFO  util.JmxRegister (JmxRegister.java:tryRegister(44)) - Successfully registered JMX Bean with object name Ratis:service=RaftServer,group=group-5A74E072F61B,id=de37f7a0-0375-40a9-a318-404478482fcb
2019-09-25 05:06:38,193 [RatisPipelineUtilsThread] INFO  pipeline.PipelineStateManager (PipelineStateManager.java:addPipeline(56)) - Created pipeline Pipeline[ Id: ce6dd05a-5b97-40be-aea8-5a74e072f61b, Nodes: de37f7a0-0375-40a9-a318-404478482fcb{ip: 192.168.30.10, host: pr-hdds-1569-s62bp-3040748787, networkLocation: /default-rack, certSerialId: null}, Type:RATIS, Factor:ONE, State:OPEN]
2019-09-25 05:06:38,198 [grpc-default-executor-1] INFO  impl.RaftServerProxy (RaftServerProxy.java:addNew(89)) - 36ac27b3-2f11-437d-8f1f-165306b0ff4a: addNew group-97ACEA6CCC76:[36ac27b3-2f11-437d-8f1f-165306b0ff4a:192.168.30.10:45265] returns group-97ACEA6CCC76:java.util.concurrent.CompletableFuture@7eb677ae[Not completed]
2019-09-25 05:06:38,199 [pool-37-thread-1] INFO  impl.RaftServerImpl (RaftServerImpl.java:<init>(95)) - 36ac27b3-2f11-437d-8f1f-165306b0ff4a: new RaftServerImpl for group-97ACEA6CCC76:[36ac27b3-2f11-437d-8f1f-165306b0ff4a:192.168.30.10:45265] with ContainerStateMachine:uninitialized
2019-09-25 05:06:38,199 [pool-37-thread-1] INFO  server.RaftServerConfigKeys (ConfUtils.java:logGet(43)) - raft.server.rpc.timeout.min = 5s (custom)
2019-09-25 05:06:38,200 [pool-37-thread-1] INFO  server.RaftServerConfigKeys (ConfUtils.java:logGet(43)) - raft.server.rpc.timeout.max = 5200ms (custom)
2019-09-25 05:06:38,200 [pool-37-thread-1] INFO  server.RaftServerConfigKeys (ConfUtils.java:logGet(43)) - raft.server.rpcslowness.timeout = 120s (custom)
2019-09-25 05:06:38,200 [pool-37-thread-1] INFO  server.RaftServerConfigKeys (ConfUtils.java:logGet(43)) - raft.server.sleep.deviation.threshold = 300 (default)
2019-09-25 05:06:38,200 [pool-37-thread-1] INFO  server.RaftServerConfigKeys (ConfUtils.java:logGet(43)) - raft.server.log.appender.install.snapshot.enabled = false (custom)
2019-09-25 05:06:38,200 [pool-37-thread-1] INFO  impl.RaftServerImpl (ServerState.java:<init>(103)) - 36ac27b3-2f11-437d-8f1f-165306b0ff4a@group-97ACEA6CCC76: ConfigurationManager, init=-1: [36ac27b3-2f11-437d-8f1f-165306b0ff4a:192.168.30.10:45265], old=null, confs=<EMPTY_MAP>
2019-09-25 05:06:38,200 [pool-37-thread-1] INFO  server.RaftServerConfigKeys (ConfUtils.java:logGet(43)) - raft.server.storage.dir = [/workdir/hadoop-ozone/integration-test/target/test-dir/MiniOzoneClusterImpl-23306158-e895-4fc7-80df-ce6c264c388b/datanode-1/data/ratis] (custom)
2019-09-25 05:06:38,201 [pool-37-thread-1] INFO  storage.RaftStorageDirectory (RaftStorageDirectory.java:analyzeStorage(246)) - The storage directory /workdir/hadoop-ozone/integration-test/target/test-dir/MiniOzoneClusterImpl-23306158-e895-4fc7-80df-ce6c264c388b/datanode-1/data/ratis/9a49c1c5-f7e0-4b42-a158-97acea6ccc76 does not exist. Creating ...
2019-09-25 05:06:38,211 [pool-37-thread-1] INFO  storage.RaftStorageDirectory (RaftStorageDirectory.java:tryLock(328)) - Lock on /workdir/hadoop-ozone/integration-test/target/test-dir/MiniOzoneClusterImpl-23306158-e895-4fc7-80df-ce6c264c388b/datanode-1/data/ratis/9a49c1c5-f7e0-4b42-a158-97acea6ccc76/in_use.lock acquired by nodename 25526@pr-hdds-1569-s62bp-3040748787
2019-09-25 05:06:38,225 [pool-37-thread-1] INFO  storage.RaftStorage (RaftStorage.java:format(72)) - Storage directory /workdir/hadoop-ozone/integration-test/target/test-dir/MiniOzoneClusterImpl-23306158-e895-4fc7-80df-ce6c264c388b/datanode-1/data/ratis/9a49c1c5-f7e0-4b42-a158-97acea6ccc76 has been successfully formatted.
2019-09-25 05:06:38,226 [pool-37-thread-1] INFO  ratis.ContainerStateMachine (ContainerStateMachine.java:loadSnapshot(230)) - group-97ACEA6CCC76: The snapshot info is null. Setting the last applied indexto:(t:0, i:~)
2019-09-25 05:06:38,227 [pool-37-thread-1] INFO  server.RaftServerConfigKeys (ConfUtils.java:logGet(43)) - raft.server.notification.no-leader.timeout = 120s (custom)
2019-09-25 05:06:38,227 [pool-37-thread-1] INFO  server.RaftServerConfigKeys (ConfUtils.java:logGet(43)) - raft.server.log.use.memory = false (default)
2019-09-25 05:06:38,227 [pool-37-thread-1] INFO  server.RaftServerConfigKeys (ConfUtils.java:logGet(43)) - raft.server.log.purge.gap = 1000000 (custom)
2019-09-25 05:06:38,227 [pool-37-thread-1] INFO  server.RaftServerConfigKeys (ConfUtils.java:logGet(43)) - raft.server.log.appender.buffer.byte-limit = 33554432 (custom)
2019-09-25 05:06:38,227 [pool-37-thread-1] INFO  server.RaftServerConfigKeys (ConfUtils.java:logGet(43)) - raft.server.log.segment.size.max = 1048576 (custom)
2019-09-25 05:06:38,227 [pool-37-thread-1] INFO  server.RaftServerConfigKeys (ConfUtils.java:logGet(43)) - raft.server.log.segment.cache.num.max = 2 (custom)
2019-09-25 05:06:38,228 [pool-37-thread-1] INFO  segmented.SegmentedRaftLogWorker (SegmentedRaftLogWorker.java:<init>(172)) - new 36ac27b3-2f11-437d-8f1f-165306b0ff4a@group-97ACEA6CCC76-SegmentedRaftLogWorker for RaftStorage:Storage Directory /workdir/hadoop-ozone/integration-test/target/test-dir/MiniOzoneClusterImpl-23306158-e895-4fc7-80df-ce6c264c388b/datanode-1/data/ratis/9a49c1c5-f7e0-4b42-a158-97acea6ccc76
2019-09-25 05:06:38,228 [pool-37-thread-1] INFO  server.RaftServerConfigKeys (ConfUtils.java:logGet(43)) - raft.server.log.queue.byte-limit = 2147483647 (custom)
2019-09-25 05:06:38,228 [pool-37-thread-1] INFO  server.RaftServerConfigKeys (ConfUtils.java:logGet(43)) - raft.server.log.queue.element-limit = 1024 (custom)
2019-09-25 05:06:38,228 [pool-37-thread-1] INFO  server.RaftServerConfigKeys (ConfUtils.java:logGet(43)) - raft.server.log.segment.size.max = 1048576 (custom)
2019-09-25 05:06:38,228 [pool-37-thread-1] INFO  server.RaftServerConfigKeys (ConfUtils.java:logGet(43)) - raft.server.log.preallocated.size = 16384 (custom)
2019-09-25 05:06:38,228 [pool-37-thread-1] INFO  server.RaftServerConfigKeys (ConfUtils.java:logGet(43)) - raft.server.log.write.buffer.size = 33554432 (custom)
2019-09-25 05:06:38,229 [pool-37-thread-1] INFO  server.RaftServerConfigKeys (ConfUtils.java:logGet(43)) - raft.server.log.force.sync.num = 128 (default)
2019-09-25 05:06:38,229 [pool-37-thread-1] INFO  server.RaftServerConfigKeys (ConfUtils.java:logGet(43)) - raft.server.log.statemachine.data.sync = true (default)
2019-09-25 05:06:38,229 [pool-37-thread-1] INFO  server.RaftServerConfigKeys (ConfUtils.java:logGet(43)) - raft.server.log.statemachine.data.sync.timeout = 10s (default)
2019-09-25 05:06:38,229 [pool-37-thread-1] INFO  server.RaftServerConfigKeys (ConfUtils.java:logGet(43)) - raft.server.log.statemachine.data.sync.timeout.retry = -1 (default)
2019-09-25 05:06:38,229 [pool-37-thread-1] INFO  server.RaftServerConfigKeys (ConfUtils.java:logGet(43)) - raft.server.log.statemachine.data.caching.enabled = true (custom)
2019-09-25 05:06:38,230 [pool-37-thread-1] INFO  segmented.SegmentedRaftLogWorker (SegmentedRaftLogWorker.java:lambda$new$0(132)) - 36ac27b3-2f11-437d-8f1f-165306b0ff4a@group-97ACEA6CCC76-SegmentedRaftLogWorker: flushIndex: setUnconditionally 0 -> -1
2019-09-25 05:06:38,230 [pool-37-thread-1] INFO  server.RaftServerConfigKeys (ConfUtils.java:logGet(43)) - raft.server.snapshot.auto.trigger.enabled = true (custom)
2019-09-25 05:06:38,230 [pool-37-thread-1] INFO  server.RaftServerConfigKeys (ConfUtils.java:logGet(43)) - raft.server.snapshot.auto.trigger.threshold = 10000 (custom)
2019-09-25 05:06:38,230 [pool-37-thread-1] INFO  server.RaftServerConfigKeys (ConfUtils.java:logGet(43)) - raft.server.snapshot.retention.num.files = 5 (custom)
2019-09-25 05:06:38,231 [pool-37-thread-1] INFO  server.RaftServerConfigKeys (ConfUtils.java:logGet(43)) - raft.server.retrycache.expirytime = 600000ms (custom)
2019-09-25 05:06:38,234 [pool-37-thread-1] INFO  impl.RaftServerImpl (RaftServerImpl.java:start(185)) - 36ac27b3-2f11-437d-8f1f-165306b0ff4a@group-97ACEA6CCC76: start as a follower, conf=-1: [36ac27b3-2f11-437d-8f1f-165306b0ff4a:192.168.30.10:45265], old=null
2019-09-25 05:06:38,234 [pool-37-thread-1] INFO  impl.RaftServerImpl (RaftServerImpl.java:setRole(174)) - 36ac27b3-2f11-437d-8f1f-165306b0ff4a@group-97ACEA6CCC76: changes role from      null to FOLLOWER at term 0 for startAsFollower
2019-09-25 05:06:38,234 [pool-37-thread-1] INFO  impl.RoleInfo (RoleInfo.java:updateAndGet(143)) - 36ac27b3-2f11-437d-8f1f-165306b0ff4a: start FollowerState
2019-09-25 05:06:38,234 [pool-37-thread-1] INFO  util.JmxRegister (JmxRegister.java:tryRegister(44)) - Successfully registered JMX Bean with object name Ratis:service=RaftServer,group=group-97ACEA6CCC76,id=36ac27b3-2f11-437d-8f1f-165306b0ff4a
2019-09-25 05:06:38,237 [RatisPipelineUtilsThread] INFO  pipeline.PipelineStateManager (PipelineStateManager.java:addPipeline(56)) - Created pipeline Pipeline[ Id: 9a49c1c5-f7e0-4b42-a158-97acea6ccc76, Nodes: 36ac27b3-2f11-437d-8f1f-165306b0ff4a{ip: 192.168.30.10, host: pr-hdds-1569-s62bp-3040748787, networkLocation: /default-rack, certSerialId: null}, Type:RATIS, Factor:ONE, State:OPEN]
2019-09-25 05:06:38,242 [grpc-default-executor-1] INFO  impl.RaftServerProxy (RaftServerProxy.java:addNew(89)) - c8798e02-7f0c-41f7-82c2-a17323bcf21e: addNew group-6EA6BB54F6C5:[c8798e02-7f0c-41f7-82c2-a17323bcf21e:192.168.30.10:40603] returns group-6EA6BB54F6C5:java.util.concurrent.CompletableFuture@a9c63da[Not completed]
2019-09-25 05:06:38,243 [pool-47-thread-1] INFO  impl.RaftServerImpl (RaftServerImpl.java:<init>(95)) - c8798e02-7f0c-41f7-82c2-a17323bcf21e: new RaftServerImpl for group-6EA6BB54F6C5:[c8798e02-7f0c-41f7-82c2-a17323bcf21e:192.168.30.10:40603] with ContainerStateMachine:uninitialized
2019-09-25 05:06:38,243 [pool-47-thread-1] INFO  server.RaftServerConfigKeys (ConfUtils.java:logGet(43)) - raft.server.rpc.timeout.min = 5s (custom)
2019-09-25 05:06:38,243 [pool-47-thread-1] INFO  server.RaftServerConfigKeys (ConfUtils.java:logGet(43)) - raft.server.rpc.timeout.max = 5200ms (custom)
2019-09-25 05:06:38,244 [pool-47-thread-1] INFO  server.RaftServerConfigKeys (ConfUtils.java:logGet(43)) - raft.server.rpcslowness.timeout = 120s (custom)
2019-09-25 05:06:38,244 [pool-47-thread-1] INFO  server.RaftServerConfigKeys (ConfUtils.java:logGet(43)) - raft.server.sleep.deviation.threshold = 300 (default)
2019-09-25 05:06:38,244 [pool-47-thread-1] INFO  server.RaftServerConfigKeys (ConfUtils.java:logGet(43)) - raft.server.log.appender.install.snapshot.enabled = false (custom)
2019-09-25 05:06:38,244 [pool-47-thread-1] INFO  impl.RaftServerImpl (ServerState.java:<init>(103)) - c8798e02-7f0c-41f7-82c2-a17323bcf21e@group-6EA6BB54F6C5: ConfigurationManager, init=-1: [c8798e02-7f0c-41f7-82c2-a17323bcf21e:192.168.30.10:40603], old=null, confs=<EMPTY_MAP>
2019-09-25 05:06:38,244 [pool-47-thread-1] INFO  server.RaftServerConfigKeys (ConfUtils.java:logGet(43)) - raft.server.storage.dir = [/workdir/hadoop-ozone/integration-test/target/test-dir/MiniOzoneClusterImpl-23306158-e895-4fc7-80df-ce6c264c388b/datanode-2/data/ratis] (custom)
2019-09-25 05:06:38,245 [pool-47-thread-1] INFO  storage.RaftStorageDirectory (RaftStorageDirectory.java:analyzeStorage(246)) - The storage directory /workdir/hadoop-ozone/integration-test/target/test-dir/MiniOzoneClusterImpl-23306158-e895-4fc7-80df-ce6c264c388b/datanode-2/data/ratis/c5164210-af67-4eec-bcc9-6ea6bb54f6c5 does not exist. Creating ...
2019-09-25 05:06:38,258 [pool-47-thread-1] INFO  storage.RaftStorageDirectory (RaftStorageDirectory.java:tryLock(328)) - Lock on /workdir/hadoop-ozone/integration-test/target/test-dir/MiniOzoneClusterImpl-23306158-e895-4fc7-80df-ce6c264c388b/datanode-2/data/ratis/c5164210-af67-4eec-bcc9-6ea6bb54f6c5/in_use.lock acquired by nodename 25526@pr-hdds-1569-s62bp-3040748787
2019-09-25 05:06:38,272 [pool-47-thread-1] INFO  storage.RaftStorage (RaftStorage.java:format(72)) - Storage directory /workdir/hadoop-ozone/integration-test/target/test-dir/MiniOzoneClusterImpl-23306158-e895-4fc7-80df-ce6c264c388b/datanode-2/data/ratis/c5164210-af67-4eec-bcc9-6ea6bb54f6c5 has been successfully formatted.
2019-09-25 05:06:38,272 [pool-47-thread-1] INFO  ratis.ContainerStateMachine (ContainerStateMachine.java:loadSnapshot(230)) - group-6EA6BB54F6C5: The snapshot info is null. Setting the last applied indexto:(t:0, i:~)
2019-09-25 05:06:38,272 [pool-47-thread-1] INFO  server.RaftServerConfigKeys (ConfUtils.java:logGet(43)) - raft.server.notification.no-leader.timeout = 120s (custom)
2019-09-25 05:06:38,272 [pool-47-thread-1] INFO  server.RaftServerConfigKeys (ConfUtils.java:logGet(43)) - raft.server.log.use.memory = false (default)
2019-09-25 05:06:38,272 [pool-47-thread-1] INFO  server.RaftServerConfigKeys (ConfUtils.java:logGet(43)) - raft.server.log.purge.gap = 1000000 (custom)
2019-09-25 05:06:38,272 [pool-47-thread-1] INFO  server.RaftServerConfigKeys (ConfUtils.java:logGet(43)) - raft.server.log.appender.buffer.byte-limit = 33554432 (custom)
2019-09-25 05:06:38,272 [pool-47-thread-1] INFO  server.RaftServerConfigKeys (ConfUtils.java:logGet(43)) - raft.server.log.segment.size.max = 1048576 (custom)
2019-09-25 05:06:38,273 [pool-47-thread-1] INFO  server.RaftServerConfigKeys (ConfUtils.java:logGet(43)) - raft.server.log.segment.cache.num.max = 2 (custom)
2019-09-25 05:06:38,273 [pool-47-thread-1] INFO  segmented.SegmentedRaftLogWorker (SegmentedRaftLogWorker.java:<init>(172)) - new c8798e02-7f0c-41f7-82c2-a17323bcf21e@group-6EA6BB54F6C5-SegmentedRaftLogWorker for RaftStorage:Storage Directory /workdir/hadoop-ozone/integration-test/target/test-dir/MiniOzoneClusterImpl-23306158-e895-4fc7-80df-ce6c264c388b/datanode-2/data/ratis/c5164210-af67-4eec-bcc9-6ea6bb54f6c5
2019-09-25 05:06:38,273 [pool-47-thread-1] INFO  server.RaftServerConfigKeys (ConfUtils.java:logGet(43)) - raft.server.log.queue.byte-limit = 2147483647 (custom)
2019-09-25 05:06:38,273 [pool-47-thread-1] INFO  server.RaftServerConfigKeys (ConfUtils.java:logGet(43)) - raft.server.log.queue.element-limit = 1024 (custom)
2019-09-25 05:06:38,273 [pool-47-thread-1] INFO  server.RaftServerConfigKeys (ConfUtils.java:logGet(43)) - raft.server.log.segment.size.max = 1048576 (custom)
2019-09-25 05:06:38,273 [pool-47-thread-1] INFO  server.RaftServerConfigKeys (ConfUtils.java:logGet(43)) - raft.server.log.preallocated.size = 16384 (custom)
2019-09-25 05:06:38,273 [pool-47-thread-1] INFO  server.RaftServerConfigKeys (ConfUtils.java:logGet(43)) - raft.server.log.write.buffer.size = 33554432 (custom)
2019-09-25 05:06:38,274 [pool-47-thread-1] INFO  server.RaftServerConfigKeys (ConfUtils.java:logGet(43)) - raft.server.log.force.sync.num = 128 (default)
2019-09-25 05:06:38,274 [pool-47-thread-1] INFO  server.RaftServerConfigKeys (ConfUtils.java:logGet(43)) - raft.server.log.statemachine.data.sync = true (default)
2019-09-25 05:06:38,274 [pool-47-thread-1] INFO  server.RaftServerConfigKeys (ConfUtils.java:logGet(43)) - raft.server.log.statemachine.data.sync.timeout = 10s (default)
2019-09-25 05:06:38,274 [pool-47-thread-1] INFO  server.RaftServerConfigKeys (ConfUtils.java:logGet(43)) - raft.server.log.statemachine.data.sync.timeout.retry = -1 (default)
2019-09-25 05:06:38,274 [pool-47-thread-1] INFO  server.RaftServerConfigKeys (ConfUtils.java:logGet(43)) - raft.server.log.statemachine.data.caching.enabled = true (custom)
2019-09-25 05:06:38,274 [pool-47-thread-1] INFO  segmented.SegmentedRaftLogWorker (SegmentedRaftLogWorker.java:lambda$new$0(132)) - c8798e02-7f0c-41f7-82c2-a17323bcf21e@group-6EA6BB54F6C5-SegmentedRaftLogWorker: flushIndex: setUnconditionally 0 -> -1
2019-09-25 05:06:38,275 [pool-47-thread-1] INFO  server.RaftServerConfigKeys (ConfUtils.java:logGet(43)) - raft.server.snapshot.auto.trigger.enabled = true (custom)
2019-09-25 05:06:38,275 [pool-47-thread-1] INFO  server.RaftServerConfigKeys (ConfUtils.java:logGet(43)) - raft.server.snapshot.auto.trigger.threshold = 10000 (custom)
2019-09-25 05:06:38,275 [pool-47-thread-1] INFO  server.RaftServerConfigKeys (ConfUtils.java:logGet(43)) - raft.server.snapshot.retention.num.files = 5 (custom)
2019-09-25 05:06:38,275 [pool-47-thread-1] INFO  server.RaftServerConfigKeys (ConfUtils.java:logGet(43)) - raft.server.retrycache.expirytime = 600000ms (custom)
2019-09-25 05:06:38,277 [pool-47-thread-1] INFO  impl.RaftServerImpl (RaftServerImpl.java:start(185)) - c8798e02-7f0c-41f7-82c2-a17323bcf21e@group-6EA6BB54F6C5: start as a follower, conf=-1: [c8798e02-7f0c-41f7-82c2-a17323bcf21e:192.168.30.10:40603], old=null
2019-09-25 05:06:38,277 [pool-47-thread-1] INFO  impl.RaftServerImpl (RaftServerImpl.java:setRole(174)) - c8798e02-7f0c-41f7-82c2-a17323bcf21e@group-6EA6BB54F6C5: changes role from      null to FOLLOWER at term 0 for startAsFollower
2019-09-25 05:06:38,277 [pool-47-thread-1] INFO  impl.RoleInfo (RoleInfo.java:updateAndGet(143)) - c8798e02-7f0c-41f7-82c2-a17323bcf21e: start FollowerState
2019-09-25 05:06:38,277 [pool-47-thread-1] INFO  util.JmxRegister (JmxRegister.java:tryRegister(44)) - Successfully registered JMX Bean with object name Ratis:service=RaftServer,group=group-6EA6BB54F6C5,id=c8798e02-7f0c-41f7-82c2-a17323bcf21e
2019-09-25 05:06:38,280 [RatisPipelineUtilsThread] INFO  pipeline.PipelineStateManager (PipelineStateManager.java:addPipeline(56)) - Created pipeline Pipeline[ Id: c5164210-af67-4eec-bcc9-6ea6bb54f6c5, Nodes: c8798e02-7f0c-41f7-82c2-a17323bcf21e{ip: 192.168.30.10, host: pr-hdds-1569-s62bp-3040748787, networkLocation: /default-rack, certSerialId: null}, Type:RATIS, Factor:ONE, State:OPEN]
2019-09-25 05:06:38,284 [grpc-default-executor-1] INFO  impl.RaftServerProxy (RaftServerProxy.java:addNew(89)) - c8798e02-7f0c-41f7-82c2-a17323bcf21e: addNew group-01FE6C175D2C:[c8798e02-7f0c-41f7-82c2-a17323bcf21e:192.168.30.10:40603] returns group-01FE6C175D2C:java.util.concurrent.CompletableFuture@28175e36[Not completed]
2019-09-25 05:06:38,285 [pool-47-thread-1] INFO  impl.RaftServerImpl (RaftServerImpl.java:<init>(95)) - c8798e02-7f0c-41f7-82c2-a17323bcf21e: new RaftServerImpl for group-01FE6C175D2C:[c8798e02-7f0c-41f7-82c2-a17323bcf21e:192.168.30.10:40603] with ContainerStateMachine:uninitialized
2019-09-25 05:06:38,285 [pool-47-thread-1] INFO  server.RaftServerConfigKeys (ConfUtils.java:logGet(43)) - raft.server.rpc.timeout.min = 5s (custom)
2019-09-25 05:06:38,285 [pool-47-thread-1] INFO  server.RaftServerConfigKeys (ConfUtils.java:logGet(43)) - raft.server.rpc.timeout.max = 5200ms (custom)
2019-09-25 05:06:38,285 [pool-47-thread-1] INFO  server.RaftServerConfigKeys (ConfUtils.java:logGet(43)) - raft.server.rpcslowness.timeout = 120s (custom)
2019-09-25 05:06:38,285 [pool-47-thread-1] INFO  server.RaftServerConfigKeys (ConfUtils.java:logGet(43)) - raft.server.sleep.deviation.threshold = 300 (default)
2019-09-25 05:06:38,285 [pool-47-thread-1] INFO  server.RaftServerConfigKeys (ConfUtils.java:logGet(43)) - raft.server.log.appender.install.snapshot.enabled = false (custom)
2019-09-25 05:06:38,285 [pool-47-thread-1] INFO  impl.RaftServerImpl (ServerState.java:<init>(103)) - c8798e02-7f0c-41f7-82c2-a17323bcf21e@group-01FE6C175D2C: ConfigurationManager, init=-1: [c8798e02-7f0c-41f7-82c2-a17323bcf21e:192.168.30.10:40603], old=null, confs=<EMPTY_MAP>
2019-09-25 05:06:38,286 [pool-47-thread-1] INFO  server.RaftServerConfigKeys (ConfUtils.java:logGet(43)) - raft.server.storage.dir = [/workdir/hadoop-ozone/integration-test/target/test-dir/MiniOzoneClusterImpl-23306158-e895-4fc7-80df-ce6c264c388b/datanode-2/data/ratis] (custom)
2019-09-25 05:06:38,286 [pool-47-thread-1] INFO  storage.RaftStorageDirectory (RaftStorageDirectory.java:analyzeStorage(246)) - The storage directory /workdir/hadoop-ozone/integration-test/target/test-dir/MiniOzoneClusterImpl-23306158-e895-4fc7-80df-ce6c264c388b/datanode-2/data/ratis/1a7c6685-3987-442b-85d7-01fe6c175d2c does not exist. Creating ...
2019-09-25 05:06:38,299 [pool-47-thread-1] INFO  storage.RaftStorageDirectory (RaftStorageDirectory.java:tryLock(328)) - Lock on /workdir/hadoop-ozone/integration-test/target/test-dir/MiniOzoneClusterImpl-23306158-e895-4fc7-80df-ce6c264c388b/datanode-2/data/ratis/1a7c6685-3987-442b-85d7-01fe6c175d2c/in_use.lock acquired by nodename 25526@pr-hdds-1569-s62bp-3040748787
2019-09-25 05:06:38,312 [pool-47-thread-1] INFO  storage.RaftStorage (RaftStorage.java:format(72)) - Storage directory /workdir/hadoop-ozone/integration-test/target/test-dir/MiniOzoneClusterImpl-23306158-e895-4fc7-80df-ce6c264c388b/datanode-2/data/ratis/1a7c6685-3987-442b-85d7-01fe6c175d2c has been successfully formatted.
2019-09-25 05:06:38,313 [pool-47-thread-1] INFO  ratis.ContainerStateMachine (ContainerStateMachine.java:loadSnapshot(230)) - group-01FE6C175D2C: The snapshot info is null. Setting the last applied indexto:(t:0, i:~)
2019-09-25 05:06:38,313 [pool-47-thread-1] INFO  server.RaftServerConfigKeys (ConfUtils.java:logGet(43)) - raft.server.notification.no-leader.timeout = 120s (custom)
2019-09-25 05:06:38,313 [pool-47-thread-1] INFO  server.RaftServerConfigKeys (ConfUtils.java:logGet(43)) - raft.server.log.use.memory = false (default)
2019-09-25 05:06:38,313 [pool-47-thread-1] INFO  server.RaftServerConfigKeys (ConfUtils.java:logGet(43)) - raft.server.log.purge.gap = 1000000 (custom)
2019-09-25 05:06:38,313 [pool-47-thread-1] INFO  server.RaftServerConfigKeys (ConfUtils.java:logGet(43)) - raft.server.log.appender.buffer.byte-limit = 33554432 (custom)
2019-09-25 05:06:38,313 [pool-47-thread-1] INFO  server.RaftServerConfigKeys (ConfUtils.java:logGet(43)) - raft.server.log.segment.size.max = 1048576 (custom)
2019-09-25 05:06:38,313 [pool-47-thread-1] INFO  server.RaftServerConfigKeys (ConfUtils.java:logGet(43)) - raft.server.log.segment.cache.num.max = 2 (custom)
2019-09-25 05:06:38,313 [pool-47-thread-1] INFO  segmented.SegmentedRaftLogWorker (SegmentedRaftLogWorker.java:<init>(172)) - new c8798e02-7f0c-41f7-82c2-a17323bcf21e@group-01FE6C175D2C-SegmentedRaftLogWorker for RaftStorage:Storage Directory /workdir/hadoop-ozone/integration-test/target/test-dir/MiniOzoneClusterImpl-23306158-e895-4fc7-80df-ce6c264c388b/datanode-2/data/ratis/1a7c6685-3987-442b-85d7-01fe6c175d2c
2019-09-25 05:06:38,314 [pool-47-thread-1] INFO  server.RaftServerConfigKeys (ConfUtils.java:logGet(43)) - raft.server.log.queue.byte-limit = 2147483647 (custom)
2019-09-25 05:06:38,314 [pool-47-thread-1] INFO  server.RaftServerConfigKeys (ConfUtils.java:logGet(43)) - raft.server.log.queue.element-limit = 1024 (custom)
2019-09-25 05:06:38,314 [pool-47-thread-1] INFO  server.RaftServerConfigKeys (ConfUtils.java:logGet(43)) - raft.server.log.segment.size.max = 1048576 (custom)
2019-09-25 05:06:38,314 [pool-47-thread-1] INFO  server.RaftServerConfigKeys (ConfUtils.java:logGet(43)) - raft.server.log.preallocated.size = 16384 (custom)
2019-09-25 05:06:38,314 [pool-47-thread-1] INFO  server.RaftServerConfigKeys (ConfUtils.java:logGet(43)) - raft.server.log.write.buffer.size = 33554432 (custom)
2019-09-25 05:06:38,314 [pool-47-thread-1] INFO  server.RaftServerConfigKeys (ConfUtils.java:logGet(43)) - raft.server.log.force.sync.num = 128 (default)
2019-09-25 05:06:38,314 [pool-47-thread-1] INFO  server.RaftServerConfigKeys (ConfUtils.java:logGet(43)) - raft.server.log.statemachine.data.sync = true (default)
2019-09-25 05:06:38,314 [pool-47-thread-1] INFO  server.RaftServerConfigKeys (ConfUtils.java:logGet(43)) - raft.server.log.statemachine.data.sync.timeout = 10s (default)
2019-09-25 05:06:38,315 [pool-47-thread-1] INFO  server.RaftServerConfigKeys (ConfUtils.java:logGet(43)) - raft.server.log.statemachine.data.sync.timeout.retry = -1 (default)
2019-09-25 05:06:38,315 [pool-47-thread-1] INFO  server.RaftServerConfigKeys (ConfUtils.java:logGet(43)) - raft.server.log.statemachine.data.caching.enabled = true (custom)
2019-09-25 05:06:38,315 [pool-47-thread-1] INFO  segmented.SegmentedRaftLogWorker (SegmentedRaftLogWorker.java:lambda$new$0(132)) - c8798e02-7f0c-41f7-82c2-a17323bcf21e@group-01FE6C175D2C-SegmentedRaftLogWorker: flushIndex: setUnconditionally 0 -> -1
2019-09-25 05:06:38,315 [pool-47-thread-1] INFO  server.RaftServerConfigKeys (ConfUtils.java:logGet(43)) - raft.server.snapshot.auto.trigger.enabled = true (custom)
2019-09-25 05:06:38,315 [pool-47-thread-1] INFO  server.RaftServerConfigKeys (ConfUtils.java:logGet(43)) - raft.server.snapshot.auto.trigger.threshold = 10000 (custom)
2019-09-25 05:06:38,316 [pool-47-thread-1] INFO  server.RaftServerConfigKeys (ConfUtils.java:logGet(43)) - raft.server.snapshot.retention.num.files = 5 (custom)
2019-09-25 05:06:38,316 [pool-47-thread-1] INFO  server.RaftServerConfigKeys (ConfUtils.java:logGet(43)) - raft.server.retrycache.expirytime = 600000ms (custom)
2019-09-25 05:06:38,317 [pool-47-thread-1] INFO  impl.RaftServerImpl (RaftServerImpl.java:start(185)) - c8798e02-7f0c-41f7-82c2-a17323bcf21e@group-01FE6C175D2C: start as a follower, conf=-1: [c8798e02-7f0c-41f7-82c2-a17323bcf21e:192.168.30.10:40603], old=null
2019-09-25 05:06:38,317 [pool-47-thread-1] INFO  impl.RaftServerImpl (RaftServerImpl.java:setRole(174)) - c8798e02-7f0c-41f7-82c2-a17323bcf21e@group-01FE6C175D2C: changes role from      null to FOLLOWER at term 0 for startAsFollower
2019-09-25 05:06:38,317 [pool-47-thread-1] INFO  impl.RoleInfo (RoleInfo.java:updateAndGet(143)) - c8798e02-7f0c-41f7-82c2-a17323bcf21e: start FollowerState
2019-09-25 05:06:38,318 [pool-47-thread-1] INFO  util.JmxRegister (JmxRegister.java:tryRegister(44)) - Successfully registered JMX Bean with object name Ratis:service=RaftServer,group=group-01FE6C175D2C,id=c8798e02-7f0c-41f7-82c2-a17323bcf21e
2019-09-25 05:06:38,320 [RatisPipelineUtilsThread] INFO  pipeline.PipelineStateManager (PipelineStateManager.java:addPipeline(56)) - Created pipeline Pipeline[ Id: 1a7c6685-3987-442b-85d7-01fe6c175d2c, Nodes: c8798e02-7f0c-41f7-82c2-a17323bcf21e{ip: 192.168.30.10, host: pr-hdds-1569-s62bp-3040748787, networkLocation: /default-rack, certSerialId: null}, Type:RATIS, Factor:ONE, State:OPEN]
2019-09-25 05:06:38,324 [grpc-default-executor-1] INFO  impl.RaftServerProxy (RaftServerProxy.java:addNew(89)) - 56396258-65a3-478c-9482-0be0199dd49c: addNew group-7C80C09CAEA0:[56396258-65a3-478c-9482-0be0199dd49c:192.168.30.10:41678] returns group-7C80C09CAEA0:java.util.concurrent.CompletableFuture@53c93cf6[Not completed]
2019-09-25 05:06:38,326 [pool-87-thread-1] INFO  impl.RaftServerImpl (RaftServerImpl.java:<init>(95)) - 56396258-65a3-478c-9482-0be0199dd49c: new RaftServerImpl for group-7C80C09CAEA0:[56396258-65a3-478c-9482-0be0199dd49c:192.168.30.10:41678] with ContainerStateMachine:uninitialized
2019-09-25 05:06:38,326 [pool-87-thread-1] INFO  server.RaftServerConfigKeys (ConfUtils.java:logGet(43)) - raft.server.rpc.timeout.min = 5s (custom)
2019-09-25 05:06:38,326 [pool-87-thread-1] INFO  server.RaftServerConfigKeys (ConfUtils.java:logGet(43)) - raft.server.rpc.timeout.max = 5200ms (custom)
2019-09-25 05:06:38,326 [pool-87-thread-1] INFO  server.RaftServerConfigKeys (ConfUtils.java:logGet(43)) - raft.server.rpcslowness.timeout = 120s (custom)
2019-09-25 05:06:38,326 [pool-87-thread-1] INFO  server.RaftServerConfigKeys (ConfUtils.java:logGet(43)) - raft.server.sleep.deviation.threshold = 300 (default)
2019-09-25 05:06:38,326 [pool-87-thread-1] INFO  server.RaftServerConfigKeys (ConfUtils.java:logGet(43)) - raft.server.log.appender.install.snapshot.enabled = false (custom)
2019-09-25 05:06:38,327 [pool-87-thread-1] INFO  impl.RaftServerImpl (ServerState.java:<init>(103)) - 56396258-65a3-478c-9482-0be0199dd49c@group-7C80C09CAEA0: ConfigurationManager, init=-1: [56396258-65a3-478c-9482-0be0199dd49c:192.168.30.10:41678], old=null, confs=<EMPTY_MAP>
2019-09-25 05:06:38,327 [pool-87-thread-1] INFO  server.RaftServerConfigKeys (ConfUtils.java:logGet(43)) - raft.server.storage.dir = [/workdir/hadoop-ozone/integration-test/target/test-dir/MiniOzoneClusterImpl-23306158-e895-4fc7-80df-ce6c264c388b/datanode-6/data/ratis] (custom)
2019-09-25 05:06:38,327 [pool-87-thread-1] INFO  storage.RaftStorageDirectory (RaftStorageDirectory.java:analyzeStorage(246)) - The storage directory /workdir/hadoop-ozone/integration-test/target/test-dir/MiniOzoneClusterImpl-23306158-e895-4fc7-80df-ce6c264c388b/datanode-6/data/ratis/760a6473-a9ba-47e9-87ac-7c80c09caea0 does not exist. Creating ...
2019-09-25 05:06:38,356 [pool-87-thread-1] INFO  storage.RaftStorageDirectory (RaftStorageDirectory.java:tryLock(328)) - Lock on /workdir/hadoop-ozone/integration-test/target/test-dir/MiniOzoneClusterImpl-23306158-e895-4fc7-80df-ce6c264c388b/datanode-6/data/ratis/760a6473-a9ba-47e9-87ac-7c80c09caea0/in_use.lock acquired by nodename 25526@pr-hdds-1569-s62bp-3040748787
2019-09-25 05:06:38,366 [pool-87-thread-1] INFO  storage.RaftStorage (RaftStorage.java:format(72)) - Storage directory /workdir/hadoop-ozone/integration-test/target/test-dir/MiniOzoneClusterImpl-23306158-e895-4fc7-80df-ce6c264c388b/datanode-6/data/ratis/760a6473-a9ba-47e9-87ac-7c80c09caea0 has been successfully formatted.
2019-09-25 05:06:38,366 [pool-87-thread-1] INFO  ratis.ContainerStateMachine (ContainerStateMachine.java:loadSnapshot(230)) - group-7C80C09CAEA0: The snapshot info is null. Setting the last applied indexto:(t:0, i:~)
2019-09-25 05:06:38,367 [pool-87-thread-1] INFO  server.RaftServerConfigKeys (ConfUtils.java:logGet(43)) - raft.server.notification.no-leader.timeout = 120s (custom)
2019-09-25 05:06:38,367 [pool-87-thread-1] INFO  server.RaftServerConfigKeys (ConfUtils.java:logGet(43)) - raft.server.log.use.memory = false (default)
2019-09-25 05:06:38,367 [pool-87-thread-1] INFO  server.RaftServerConfigKeys (ConfUtils.java:logGet(43)) - raft.server.log.purge.gap = 1000000 (custom)
2019-09-25 05:06:38,367 [pool-87-thread-1] INFO  server.RaftServerConfigKeys (ConfUtils.java:logGet(43)) - raft.server.log.appender.buffer.byte-limit = 33554432 (custom)
2019-09-25 05:06:38,367 [pool-87-thread-1] INFO  server.RaftServerConfigKeys (ConfUtils.java:logGet(43)) - raft.server.log.segment.size.max = 1048576 (custom)
2019-09-25 05:06:38,367 [pool-87-thread-1] INFO  server.RaftServerConfigKeys (ConfUtils.java:logGet(43)) - raft.server.log.segment.cache.num.max = 2 (custom)
2019-09-25 05:06:38,368 [pool-87-thread-1] INFO  segmented.SegmentedRaftLogWorker (SegmentedRaftLogWorker.java:<init>(172)) - new 56396258-65a3-478c-9482-0be0199dd49c@group-7C80C09CAEA0-SegmentedRaftLogWorker for RaftStorage:Storage Directory /workdir/hadoop-ozone/integration-test/target/test-dir/MiniOzoneClusterImpl-23306158-e895-4fc7-80df-ce6c264c388b/datanode-6/data/ratis/760a6473-a9ba-47e9-87ac-7c80c09caea0
2019-09-25 05:06:38,368 [pool-87-thread-1] INFO  server.RaftServerConfigKeys (ConfUtils.java:logGet(43)) - raft.server.log.queue.byte-limit = 2147483647 (custom)
2019-09-25 05:06:38,368 [pool-87-thread-1] INFO  server.RaftServerConfigKeys (ConfUtils.java:logGet(43)) - raft.server.log.queue.element-limit = 1024 (custom)
2019-09-25 05:06:38,368 [pool-87-thread-1] INFO  server.RaftServerConfigKeys (ConfUtils.java:logGet(43)) - raft.server.log.segment.size.max = 1048576 (custom)
2019-09-25 05:06:38,368 [pool-87-thread-1] INFO  server.RaftServerConfigKeys (ConfUtils.java:logGet(43)) - raft.server.log.preallocated.size = 16384 (custom)
2019-09-25 05:06:38,368 [pool-87-thread-1] INFO  server.RaftServerConfigKeys (ConfUtils.java:logGet(43)) - raft.server.log.write.buffer.size = 33554432 (custom)
2019-09-25 05:06:38,369 [pool-87-thread-1] INFO  server.RaftServerConfigKeys (ConfUtils.java:logGet(43)) - raft.server.log.force.sync.num = 128 (default)
2019-09-25 05:06:38,369 [pool-87-thread-1] INFO  server.RaftServerConfigKeys (ConfUtils.java:logGet(43)) - raft.server.log.statemachine.data.sync = true (default)
2019-09-25 05:06:38,369 [pool-87-thread-1] INFO  server.RaftServerConfigKeys (ConfUtils.java:logGet(43)) - raft.server.log.statemachine.data.sync.timeout = 10s (default)
2019-09-25 05:06:38,369 [pool-87-thread-1] INFO  server.RaftServerConfigKeys (ConfUtils.java:logGet(43)) - raft.server.log.statemachine.data.sync.timeout.retry = -1 (default)
2019-09-25 05:06:38,369 [pool-87-thread-1] INFO  server.RaftServerConfigKeys (ConfUtils.java:logGet(43)) - raft.server.log.statemachine.data.caching.enabled = true (custom)
2019-09-25 05:06:38,370 [pool-87-thread-1] INFO  segmented.SegmentedRaftLogWorker (SegmentedRaftLogWorker.java:lambda$new$0(132)) - 56396258-65a3-478c-9482-0be0199dd49c@group-7C80C09CAEA0-SegmentedRaftLogWorker: flushIndex: setUnconditionally 0 -> -1
2019-09-25 05:06:38,370 [pool-87-thread-1] INFO  server.RaftServerConfigKeys (ConfUtils.java:logGet(43)) - raft.server.snapshot.auto.trigger.enabled = true (custom)
2019-09-25 05:06:38,370 [pool-87-thread-1] INFO  server.RaftServerConfigKeys (ConfUtils.java:logGet(43)) - raft.server.snapshot.auto.trigger.threshold = 10000 (custom)
2019-09-25 05:06:38,370 [pool-87-thread-1] INFO  server.RaftServerConfigKeys (ConfUtils.java:logGet(43)) - raft.server.snapshot.retention.num.files = 5 (custom)
2019-09-25 05:06:38,370 [pool-87-thread-1] INFO  server.RaftServerConfigKeys (ConfUtils.java:logGet(43)) - raft.server.retrycache.expirytime = 600000ms (custom)
2019-09-25 05:06:38,372 [pool-87-thread-1] INFO  impl.RaftServerImpl (RaftServerImpl.java:start(185)) - 56396258-65a3-478c-9482-0be0199dd49c@group-7C80C09CAEA0: start as a follower, conf=-1: [56396258-65a3-478c-9482-0be0199dd49c:192.168.30.10:41678], old=null
2019-09-25 05:06:38,373 [pool-87-thread-1] INFO  impl.RaftServerImpl (RaftServerImpl.java:setRole(174)) - 56396258-65a3-478c-9482-0be0199dd49c@group-7C80C09CAEA0: changes role from      null to FOLLOWER at term 0 for startAsFollower
2019-09-25 05:06:38,373 [pool-87-thread-1] INFO  impl.RoleInfo (RoleInfo.java:updateAndGet(143)) - 56396258-65a3-478c-9482-0be0199dd49c: start FollowerState
2019-09-25 05:06:38,373 [pool-87-thread-1] INFO  util.JmxRegister (JmxRegister.java:tryRegister(44)) - Successfully registered JMX Bean with object name Ratis:service=RaftServer,group=group-7C80C09CAEA0,id=56396258-65a3-478c-9482-0be0199dd49c
2019-09-25 05:06:38,376 [RatisPipelineUtilsThread] INFO  pipeline.PipelineStateManager (PipelineStateManager.java:addPipeline(56)) - Created pipeline Pipeline[ Id: 760a6473-a9ba-47e9-87ac-7c80c09caea0, Nodes: 56396258-65a3-478c-9482-0be0199dd49c{ip: 192.168.30.10, host: pr-hdds-1569-s62bp-3040748787, networkLocation: /default-rack, certSerialId: null}, Type:RATIS, Factor:ONE, State:OPEN]
2019-09-25 05:06:38,381 [grpc-default-executor-1] INFO  impl.RaftServerProxy (RaftServerProxy.java:addNew(89)) - c8798e02-7f0c-41f7-82c2-a17323bcf21e: addNew group-40F93C6485DE:[c8798e02-7f0c-41f7-82c2-a17323bcf21e:192.168.30.10:40603] returns group-40F93C6485DE:java.util.concurrent.CompletableFuture@2ef27f84[Not completed]
2019-09-25 05:06:38,382 [pool-47-thread-1] INFO  impl.RaftServerImpl (RaftServerImpl.java:<init>(95)) - c8798e02-7f0c-41f7-82c2-a17323bcf21e: new RaftServerImpl for group-40F93C6485DE:[c8798e02-7f0c-41f7-82c2-a17323bcf21e:192.168.30.10:40603] with ContainerStateMachine:uninitialized
2019-09-25 05:06:38,382 [pool-47-thread-1] INFO  server.RaftServerConfigKeys (ConfUtils.java:logGet(43)) - raft.server.rpc.timeout.min = 5s (custom)
2019-09-25 05:06:38,383 [pool-47-thread-1] INFO  server.RaftServerConfigKeys (ConfUtils.java:logGet(43)) - raft.server.rpc.timeout.max = 5200ms (custom)
2019-09-25 05:06:38,383 [pool-47-thread-1] INFO  server.RaftServerConfigKeys (ConfUtils.java:logGet(43)) - raft.server.rpcslowness.timeout = 120s (custom)
2019-09-25 05:06:38,383 [pool-47-thread-1] INFO  server.RaftServerConfigKeys (ConfUtils.java:logGet(43)) - raft.server.sleep.deviation.threshold = 300 (default)
2019-09-25 05:06:38,383 [pool-47-thread-1] INFO  server.RaftServerConfigKeys (ConfUtils.java:logGet(43)) - raft.server.log.appender.install.snapshot.enabled = false (custom)
2019-09-25 05:06:38,383 [pool-47-thread-1] INFO  impl.RaftServerImpl (ServerState.java:<init>(103)) - c8798e02-7f0c-41f7-82c2-a17323bcf21e@group-40F93C6485DE: ConfigurationManager, init=-1: [c8798e02-7f0c-41f7-82c2-a17323bcf21e:192.168.30.10:40603], old=null, confs=<EMPTY_MAP>
2019-09-25 05:06:38,383 [pool-47-thread-1] INFO  server.RaftServerConfigKeys (ConfUtils.java:logGet(43)) - raft.server.storage.dir = [/workdir/hadoop-ozone/integration-test/target/test-dir/MiniOzoneClusterImpl-23306158-e895-4fc7-80df-ce6c264c388b/datanode-2/data/ratis] (custom)
2019-09-25 05:06:38,384 [pool-47-thread-1] INFO  storage.RaftStorageDirectory (RaftStorageDirectory.java:analyzeStorage(246)) - The storage directory /workdir/hadoop-ozone/integration-test/target/test-dir/MiniOzoneClusterImpl-23306158-e895-4fc7-80df-ce6c264c388b/datanode-2/data/ratis/730a21ce-4575-4825-8d8d-40f93c6485de does not exist. Creating ...
2019-09-25 05:06:38,397 [pool-47-thread-1] INFO  storage.RaftStorageDirectory (RaftStorageDirectory.java:tryLock(328)) - Lock on /workdir/hadoop-ozone/integration-test/target/test-dir/MiniOzoneClusterImpl-23306158-e895-4fc7-80df-ce6c264c388b/datanode-2/data/ratis/730a21ce-4575-4825-8d8d-40f93c6485de/in_use.lock acquired by nodename 25526@pr-hdds-1569-s62bp-3040748787
2019-09-25 05:06:38,411 [pool-47-thread-1] INFO  storage.RaftStorage (RaftStorage.java:format(72)) - Storage directory /workdir/hadoop-ozone/integration-test/target/test-dir/MiniOzoneClusterImpl-23306158-e895-4fc7-80df-ce6c264c388b/datanode-2/data/ratis/730a21ce-4575-4825-8d8d-40f93c6485de has been successfully formatted.
2019-09-25 05:06:38,411 [pool-47-thread-1] INFO  ratis.ContainerStateMachine (ContainerStateMachine.java:loadSnapshot(230)) - group-40F93C6485DE: The snapshot info is null. Setting the last applied indexto:(t:0, i:~)
2019-09-25 05:06:38,411 [pool-47-thread-1] INFO  server.RaftServerConfigKeys (ConfUtils.java:logGet(43)) - raft.server.notification.no-leader.timeout = 120s (custom)
2019-09-25 05:06:38,411 [pool-47-thread-1] INFO  server.RaftServerConfigKeys (ConfUtils.java:logGet(43)) - raft.server.log.use.memory = false (default)
2019-09-25 05:06:38,411 [pool-47-thread-1] INFO  server.RaftServerConfigKeys (ConfUtils.java:logGet(43)) - raft.server.log.purge.gap = 1000000 (custom)
2019-09-25 05:06:38,412 [pool-47-thread-1] INFO  server.RaftServerConfigKeys (ConfUtils.java:logGet(43)) - raft.server.log.appender.buffer.byte-limit = 33554432 (custom)
2019-09-25 05:06:38,412 [pool-47-thread-1] INFO  server.RaftServerConfigKeys (ConfUtils.java:logGet(43)) - raft.server.log.segment.size.max = 1048576 (custom)
2019-09-25 05:06:38,412 [pool-47-thread-1] INFO  server.RaftServerConfigKeys (ConfUtils.java:logGet(43)) - raft.server.log.segment.cache.num.max = 2 (custom)
2019-09-25 05:06:38,412 [pool-47-thread-1] INFO  segmented.SegmentedRaftLogWorker (SegmentedRaftLogWorker.java:<init>(172)) - new c8798e02-7f0c-41f7-82c2-a17323bcf21e@group-40F93C6485DE-SegmentedRaftLogWorker for RaftStorage:Storage Directory /workdir/hadoop-ozone/integration-test/target/test-dir/MiniOzoneClusterImpl-23306158-e895-4fc7-80df-ce6c264c388b/datanode-2/data/ratis/730a21ce-4575-4825-8d8d-40f93c6485de
2019-09-25 05:06:38,412 [pool-47-thread-1] INFO  server.RaftServerConfigKeys (ConfUtils.java:logGet(43)) - raft.server.log.queue.byte-limit = 2147483647 (custom)
2019-09-25 05:06:38,412 [pool-47-thread-1] INFO  server.RaftServerConfigKeys (ConfUtils.java:logGet(43)) - raft.server.log.queue.element-limit = 1024 (custom)
2019-09-25 05:06:38,413 [pool-47-thread-1] INFO  server.RaftServerConfigKeys (ConfUtils.java:logGet(43)) - raft.server.log.segment.size.max = 1048576 (custom)
2019-09-25 05:06:38,413 [pool-47-thread-1] INFO  server.RaftServerConfigKeys (ConfUtils.java:logGet(43)) - raft.server.log.preallocated.size = 16384 (custom)
2019-09-25 05:06:38,413 [pool-47-thread-1] INFO  server.RaftServerConfigKeys (ConfUtils.java:logGet(43)) - raft.server.log.write.buffer.size = 33554432 (custom)
2019-09-25 05:06:38,413 [pool-47-thread-1] INFO  server.RaftServerConfigKeys (ConfUtils.java:logGet(43)) - raft.server.log.force.sync.num = 128 (default)
2019-09-25 05:06:38,413 [pool-47-thread-1] INFO  server.RaftServerConfigKeys (ConfUtils.java:logGet(43)) - raft.server.log.statemachine.data.sync = true (default)
2019-09-25 05:06:38,413 [pool-47-thread-1] INFO  server.RaftServerConfigKeys (ConfUtils.java:logGet(43)) - raft.server.log.statemachine.data.sync.timeout = 10s (default)
2019-09-25 05:06:38,414 [pool-47-thread-1] INFO  server.RaftServerConfigKeys (ConfUtils.java:logGet(43)) - raft.server.log.statemachine.data.sync.timeout.retry = -1 (default)
2019-09-25 05:06:38,414 [pool-47-thread-1] INFO  server.RaftServerConfigKeys (ConfUtils.java:logGet(43)) - raft.server.log.statemachine.data.caching.enabled = true (custom)
2019-09-25 05:06:38,414 [pool-47-thread-1] INFO  segmented.SegmentedRaftLogWorker (SegmentedRaftLogWorker.java:lambda$new$0(132)) - c8798e02-7f0c-41f7-82c2-a17323bcf21e@group-40F93C6485DE-SegmentedRaftLogWorker: flushIndex: setUnconditionally 0 -> -1
2019-09-25 05:06:38,415 [pool-47-thread-1] INFO  server.RaftServerConfigKeys (ConfUtils.java:logGet(43)) - raft.server.snapshot.auto.trigger.enabled = true (custom)
2019-09-25 05:06:38,415 [pool-47-thread-1] INFO  server.RaftServerConfigKeys (ConfUtils.java:logGet(43)) - raft.server.snapshot.auto.trigger.threshold = 10000 (custom)
2019-09-25 05:06:38,415 [pool-47-thread-1] INFO  server.RaftServerConfigKeys (ConfUtils.java:logGet(43)) - raft.server.snapshot.retention.num.files = 5 (custom)
2019-09-25 05:06:38,415 [pool-47-thread-1] INFO  server.RaftServerConfigKeys (ConfUtils.java:logGet(43)) - raft.server.retrycache.expirytime = 600000ms (custom)
2019-09-25 05:06:38,417 [pool-47-thread-1] INFO  impl.RaftServerImpl (RaftServerImpl.java:start(185)) - c8798e02-7f0c-41f7-82c2-a17323bcf21e@group-40F93C6485DE: start as a follower, conf=-1: [c8798e02-7f0c-41f7-82c2-a17323bcf21e:192.168.30.10:40603], old=null
2019-09-25 05:06:38,417 [pool-47-thread-1] INFO  impl.RaftServerImpl (RaftServerImpl.java:setRole(174)) - c8798e02-7f0c-41f7-82c2-a17323bcf21e@group-40F93C6485DE: changes role from      null to FOLLOWER at term 0 for startAsFollower
2019-09-25 05:06:38,417 [pool-47-thread-1] INFO  impl.RoleInfo (RoleInfo.java:updateAndGet(143)) - c8798e02-7f0c-41f7-82c2-a17323bcf21e: start FollowerState
2019-09-25 05:06:38,417 [pool-47-thread-1] INFO  util.JmxRegister (JmxRegister.java:tryRegister(44)) - Successfully registered JMX Bean with object name Ratis:service=RaftServer,group=group-40F93C6485DE,id=c8798e02-7f0c-41f7-82c2-a17323bcf21e
2019-09-25 05:06:38,420 [RatisPipelineUtilsThread] INFO  pipeline.PipelineStateManager (PipelineStateManager.java:addPipeline(56)) - Created pipeline Pipeline[ Id: 730a21ce-4575-4825-8d8d-40f93c6485de, Nodes: c8798e02-7f0c-41f7-82c2-a17323bcf21e{ip: 192.168.30.10, host: pr-hdds-1569-s62bp-3040748787, networkLocation: /default-rack, certSerialId: null}, Type:RATIS, Factor:ONE, State:OPEN]
2019-09-25 05:06:38,425 [grpc-default-executor-1] INFO  impl.RaftServerProxy (RaftServerProxy.java:addNew(89)) - 692224c4-5202-4921-98cc-04d5c60c79cc: addNew group-291240DAD94B:[692224c4-5202-4921-98cc-04d5c60c79cc:192.168.30.10:38144] returns group-291240DAD94B:java.util.concurrent.CompletableFuture@1e18fe2c[Not completed]
2019-09-25 05:06:38,427 [pool-67-thread-1] INFO  impl.RaftServerImpl (RaftServerImpl.java:<init>(95)) - 692224c4-5202-4921-98cc-04d5c60c79cc: new RaftServerImpl for group-291240DAD94B:[692224c4-5202-4921-98cc-04d5c60c79cc:192.168.30.10:38144] with ContainerStateMachine:uninitialized
2019-09-25 05:06:38,427 [pool-67-thread-1] INFO  server.RaftServerConfigKeys (ConfUtils.java:logGet(43)) - raft.server.rpc.timeout.min = 5s (custom)
2019-09-25 05:06:38,427 [pool-67-thread-1] INFO  server.RaftServerConfigKeys (ConfUtils.java:logGet(43)) - raft.server.rpc.timeout.max = 5200ms (custom)
2019-09-25 05:06:38,427 [pool-67-thread-1] INFO  server.RaftServerConfigKeys (ConfUtils.java:logGet(43)) - raft.server.rpcslowness.timeout = 120s (custom)
2019-09-25 05:06:38,428 [pool-67-thread-1] INFO  server.RaftServerConfigKeys (ConfUtils.java:logGet(43)) - raft.server.sleep.deviation.threshold = 300 (default)
2019-09-25 05:06:38,428 [pool-67-thread-1] INFO  server.RaftServerConfigKeys (ConfUtils.java:logGet(43)) - raft.server.log.appender.install.snapshot.enabled = false (custom)
2019-09-25 05:06:38,428 [pool-67-thread-1] INFO  impl.RaftServerImpl (ServerState.java:<init>(103)) - 692224c4-5202-4921-98cc-04d5c60c79cc@group-291240DAD94B: ConfigurationManager, init=-1: [692224c4-5202-4921-98cc-04d5c60c79cc:192.168.30.10:38144], old=null, confs=<EMPTY_MAP>
2019-09-25 05:06:38,428 [pool-67-thread-1] INFO  server.RaftServerConfigKeys (ConfUtils.java:logGet(43)) - raft.server.storage.dir = [/workdir/hadoop-ozone/integration-test/target/test-dir/MiniOzoneClusterImpl-23306158-e895-4fc7-80df-ce6c264c388b/datanode-4/data/ratis] (custom)
2019-09-25 05:06:38,429 [pool-67-thread-1] INFO  storage.RaftStorageDirectory (RaftStorageDirectory.java:analyzeStorage(246)) - The storage directory /workdir/hadoop-ozone/integration-test/target/test-dir/MiniOzoneClusterImpl-23306158-e895-4fc7-80df-ce6c264c388b/datanode-4/data/ratis/fc87ae03-8756-45e6-9997-291240dad94b does not exist. Creating ...
2019-09-25 05:06:38,442 [pool-67-thread-1] INFO  storage.RaftStorageDirectory (RaftStorageDirectory.java:tryLock(328)) - Lock on /workdir/hadoop-ozone/integration-test/target/test-dir/MiniOzoneClusterImpl-23306158-e895-4fc7-80df-ce6c264c388b/datanode-4/data/ratis/fc87ae03-8756-45e6-9997-291240dad94b/in_use.lock acquired by nodename 25526@pr-hdds-1569-s62bp-3040748787
2019-09-25 05:06:38,456 [pool-67-thread-1] INFO  storage.RaftStorage (RaftStorage.java:format(72)) - Storage directory /workdir/hadoop-ozone/integration-test/target/test-dir/MiniOzoneClusterImpl-23306158-e895-4fc7-80df-ce6c264c388b/datanode-4/data/ratis/fc87ae03-8756-45e6-9997-291240dad94b has been successfully formatted.
2019-09-25 05:06:38,456 [pool-67-thread-1] INFO  ratis.ContainerStateMachine (ContainerStateMachine.java:loadSnapshot(230)) - group-291240DAD94B: The snapshot info is null. Setting the last applied indexto:(t:0, i:~)
2019-09-25 05:06:38,456 [pool-67-thread-1] INFO  server.RaftServerConfigKeys (ConfUtils.java:logGet(43)) - raft.server.notification.no-leader.timeout = 120s (custom)
2019-09-25 05:06:38,456 [pool-67-thread-1] INFO  server.RaftServerConfigKeys (ConfUtils.java:logGet(43)) - raft.server.log.use.memory = false (default)
2019-09-25 05:06:38,456 [pool-67-thread-1] INFO  server.RaftServerConfigKeys (ConfUtils.java:logGet(43)) - raft.server.log.purge.gap = 1000000 (custom)
2019-09-25 05:06:38,456 [pool-67-thread-1] INFO  server.RaftServerConfigKeys (ConfUtils.java:logGet(43)) - raft.server.log.appender.buffer.byte-limit = 33554432 (custom)
2019-09-25 05:06:38,457 [pool-67-thread-1] INFO  server.RaftServerConfigKeys (ConfUtils.java:logGet(43)) - raft.server.log.segment.size.max = 1048576 (custom)
2019-09-25 05:06:38,457 [pool-67-thread-1] INFO  server.RaftServerConfigKeys (ConfUtils.java:logGet(43)) - raft.server.log.segment.cache.num.max = 2 (custom)
2019-09-25 05:06:38,457 [pool-67-thread-1] INFO  segmented.SegmentedRaftLogWorker (SegmentedRaftLogWorker.java:<init>(172)) - new 692224c4-5202-4921-98cc-04d5c60c79cc@group-291240DAD94B-SegmentedRaftLogWorker for RaftStorage:Storage Directory /workdir/hadoop-ozone/integration-test/target/test-dir/MiniOzoneClusterImpl-23306158-e895-4fc7-80df-ce6c264c388b/datanode-4/data/ratis/fc87ae03-8756-45e6-9997-291240dad94b
2019-09-25 05:06:38,457 [pool-67-thread-1] INFO  server.RaftServerConfigKeys (ConfUtils.java:logGet(43)) - raft.server.log.queue.byte-limit = 2147483647 (custom)
2019-09-25 05:06:38,457 [pool-67-thread-1] INFO  server.RaftServerConfigKeys (ConfUtils.java:logGet(43)) - raft.server.log.queue.element-limit = 1024 (custom)
2019-09-25 05:06:38,457 [pool-67-thread-1] INFO  server.RaftServerConfigKeys (ConfUtils.java:logGet(43)) - raft.server.log.segment.size.max = 1048576 (custom)
2019-09-25 05:06:38,457 [pool-67-thread-1] INFO  server.RaftServerConfigKeys (ConfUtils.java:logGet(43)) - raft.server.log.preallocated.size = 16384 (custom)
2019-09-25 05:06:38,458 [pool-67-thread-1] INFO  server.RaftServerConfigKeys (ConfUtils.java:logGet(43)) - raft.server.log.write.buffer.size = 33554432 (custom)
2019-09-25 05:06:38,458 [pool-67-thread-1] INFO  server.RaftServerConfigKeys (ConfUtils.java:logGet(43)) - raft.server.log.force.sync.num = 128 (default)
2019-09-25 05:06:38,458 [pool-67-thread-1] INFO  server.RaftServerConfigKeys (ConfUtils.java:logGet(43)) - raft.server.log.statemachine.data.sync = true (default)
2019-09-25 05:06:38,458 [pool-67-thread-1] INFO  server.RaftServerConfigKeys (ConfUtils.java:logGet(43)) - raft.server.log.statemachine.data.sync.timeout = 10s (default)
2019-09-25 05:06:38,458 [pool-67-thread-1] INFO  server.RaftServerConfigKeys (ConfUtils.java:logGet(43)) - raft.server.log.statemachine.data.sync.timeout.retry = -1 (default)
2019-09-25 05:06:38,458 [pool-67-thread-1] INFO  server.RaftServerConfigKeys (ConfUtils.java:logGet(43)) - raft.server.log.statemachine.data.caching.enabled = true (custom)
2019-09-25 05:06:38,458 [pool-67-thread-1] INFO  segmented.SegmentedRaftLogWorker (SegmentedRaftLogWorker.java:lambda$new$0(132)) - 692224c4-5202-4921-98cc-04d5c60c79cc@group-291240DAD94B-SegmentedRaftLogWorker: flushIndex: setUnconditionally 0 -> -1
2019-09-25 05:06:38,459 [pool-67-thread-1] INFO  server.RaftServerConfigKeys (ConfUtils.java:logGet(43)) - raft.server.snapshot.auto.trigger.enabled = true (custom)
2019-09-25 05:06:38,459 [pool-67-thread-1] INFO  server.RaftServerConfigKeys (ConfUtils.java:logGet(43)) - raft.server.snapshot.auto.trigger.threshold = 10000 (custom)
2019-09-25 05:06:38,459 [pool-67-thread-1] INFO  server.RaftServerConfigKeys (ConfUtils.java:logGet(43)) - raft.server.snapshot.retention.num.files = 5 (custom)
2019-09-25 05:06:38,459 [pool-67-thread-1] INFO  server.RaftServerConfigKeys (ConfUtils.java:logGet(43)) - raft.server.retrycache.expirytime = 600000ms (custom)
2019-09-25 05:06:38,461 [pool-67-thread-1] INFO  impl.RaftServerImpl (RaftServerImpl.java:start(185)) - 692224c4-5202-4921-98cc-04d5c60c79cc@group-291240DAD94B: start as a follower, conf=-1: [692224c4-5202-4921-98cc-04d5c60c79cc:192.168.30.10:38144], old=null
2019-09-25 05:06:38,461 [pool-67-thread-1] INFO  impl.RaftServerImpl (RaftServerImpl.java:setRole(174)) - 692224c4-5202-4921-98cc-04d5c60c79cc@group-291240DAD94B: changes role from      null to FOLLOWER at term 0 for startAsFollower
2019-09-25 05:06:38,461 [pool-67-thread-1] INFO  impl.RoleInfo (RoleInfo.java:updateAndGet(143)) - 692224c4-5202-4921-98cc-04d5c60c79cc: start FollowerState
2019-09-25 05:06:38,461 [pool-67-thread-1] INFO  util.JmxRegister (JmxRegister.java:tryRegister(44)) - Successfully registered JMX Bean with object name Ratis:service=RaftServer,group=group-291240DAD94B,id=692224c4-5202-4921-98cc-04d5c60c79cc
2019-09-25 05:06:38,464 [RatisPipelineUtilsThread] INFO  pipeline.PipelineStateManager (PipelineStateManager.java:addPipeline(56)) - Created pipeline Pipeline[ Id: fc87ae03-8756-45e6-9997-291240dad94b, Nodes: 692224c4-5202-4921-98cc-04d5c60c79cc{ip: 192.168.30.10, host: pr-hdds-1569-s62bp-3040748787, networkLocation: /default-rack, certSerialId: null}, Type:RATIS, Factor:ONE, State:OPEN]
2019-09-25 05:06:38,468 [grpc-default-executor-1] INFO  impl.RaftServerProxy (RaftServerProxy.java:addNew(89)) - 692224c4-5202-4921-98cc-04d5c60c79cc: addNew group-F4E8E11F483F:[692224c4-5202-4921-98cc-04d5c60c79cc:192.168.30.10:38144] returns group-F4E8E11F483F:java.util.concurrent.CompletableFuture@2ca43e5a[Not completed]
2019-09-25 05:06:38,469 [pool-67-thread-1] INFO  impl.RaftServerImpl (RaftServerImpl.java:<init>(95)) - 692224c4-5202-4921-98cc-04d5c60c79cc: new RaftServerImpl for group-F4E8E11F483F:[692224c4-5202-4921-98cc-04d5c60c79cc:192.168.30.10:38144] with ContainerStateMachine:uninitialized
2019-09-25 05:06:38,469 [pool-67-thread-1] INFO  server.RaftServerConfigKeys (ConfUtils.java:logGet(43)) - raft.server.rpc.timeout.min = 5s (custom)
2019-09-25 05:06:38,470 [pool-67-thread-1] INFO  server.RaftServerConfigKeys (ConfUtils.java:logGet(43)) - raft.server.rpc.timeout.max = 5200ms (custom)
2019-09-25 05:06:38,470 [pool-67-thread-1] INFO  server.RaftServerConfigKeys (ConfUtils.java:logGet(43)) - raft.server.rpcslowness.timeout = 120s (custom)
2019-09-25 05:06:38,470 [pool-67-thread-1] INFO  server.RaftServerConfigKeys (ConfUtils.java:logGet(43)) - raft.server.sleep.deviation.threshold = 300 (default)
2019-09-25 05:06:38,470 [pool-67-thread-1] INFO  server.RaftServerConfigKeys (ConfUtils.java:logGet(43)) - raft.server.log.appender.install.snapshot.enabled = false (custom)
2019-09-25 05:06:38,470 [pool-67-thread-1] INFO  impl.RaftServerImpl (ServerState.java:<init>(103)) - 692224c4-5202-4921-98cc-04d5c60c79cc@group-F4E8E11F483F: ConfigurationManager, init=-1: [692224c4-5202-4921-98cc-04d5c60c79cc:192.168.30.10:38144], old=null, confs=<EMPTY_MAP>
2019-09-25 05:06:38,470 [pool-67-thread-1] INFO  server.RaftServerConfigKeys (ConfUtils.java:logGet(43)) - raft.server.storage.dir = [/workdir/hadoop-ozone/integration-test/target/test-dir/MiniOzoneClusterImpl-23306158-e895-4fc7-80df-ce6c264c388b/datanode-4/data/ratis] (custom)
2019-09-25 05:06:38,471 [pool-67-thread-1] INFO  storage.RaftStorageDirectory (RaftStorageDirectory.java:analyzeStorage(246)) - The storage directory /workdir/hadoop-ozone/integration-test/target/test-dir/MiniOzoneClusterImpl-23306158-e895-4fc7-80df-ce6c264c388b/datanode-4/data/ratis/34f100dc-2562-4353-a997-f4e8e11f483f does not exist. Creating ...
2019-09-25 05:06:38,484 [pool-67-thread-1] INFO  storage.RaftStorageDirectory (RaftStorageDirectory.java:tryLock(328)) - Lock on /workdir/hadoop-ozone/integration-test/target/test-dir/MiniOzoneClusterImpl-23306158-e895-4fc7-80df-ce6c264c388b/datanode-4/data/ratis/34f100dc-2562-4353-a997-f4e8e11f483f/in_use.lock acquired by nodename 25526@pr-hdds-1569-s62bp-3040748787
2019-09-25 05:06:38,496 [pool-67-thread-1] INFO  storage.RaftStorage (RaftStorage.java:format(72)) - Storage directory /workdir/hadoop-ozone/integration-test/target/test-dir/MiniOzoneClusterImpl-23306158-e895-4fc7-80df-ce6c264c388b/datanode-4/data/ratis/34f100dc-2562-4353-a997-f4e8e11f483f has been successfully formatted.
2019-09-25 05:06:38,497 [pool-67-thread-1] INFO  ratis.ContainerStateMachine (ContainerStateMachine.java:loadSnapshot(230)) - group-F4E8E11F483F: The snapshot info is null. Setting the last applied indexto:(t:0, i:~)
2019-09-25 05:06:38,497 [pool-67-thread-1] INFO  server.RaftServerConfigKeys (ConfUtils.java:logGet(43)) - raft.server.notification.no-leader.timeout = 120s (custom)
2019-09-25 05:06:38,497 [pool-67-thread-1] INFO  server.RaftServerConfigKeys (ConfUtils.java:logGet(43)) - raft.server.log.use.memory = false (default)
2019-09-25 05:06:38,497 [pool-67-thread-1] INFO  server.RaftServerConfigKeys (ConfUtils.java:logGet(43)) - raft.server.log.purge.gap = 1000000 (custom)
2019-09-25 05:06:38,497 [pool-67-thread-1] INFO  server.RaftServerConfigKeys (ConfUtils.java:logGet(43)) - raft.server.log.appender.buffer.byte-limit = 33554432 (custom)
2019-09-25 05:06:38,497 [pool-67-thread-1] INFO  server.RaftServerConfigKeys (ConfUtils.java:logGet(43)) - raft.server.log.segment.size.max = 1048576 (custom)
2019-09-25 05:06:38,497 [pool-67-thread-1] INFO  server.RaftServerConfigKeys (ConfUtils.java:logGet(43)) - raft.server.log.segment.cache.num.max = 2 (custom)
2019-09-25 05:06:38,498 [pool-67-thread-1] INFO  segmented.SegmentedRaftLogWorker (SegmentedRaftLogWorker.java:<init>(172)) - new 692224c4-5202-4921-98cc-04d5c60c79cc@group-F4E8E11F483F-SegmentedRaftLogWorker for RaftStorage:Storage Directory /workdir/hadoop-ozone/integration-test/target/test-dir/MiniOzoneClusterImpl-23306158-e895-4fc7-80df-ce6c264c388b/datanode-4/data/ratis/34f100dc-2562-4353-a997-f4e8e11f483f
2019-09-25 05:06:38,498 [pool-67-thread-1] INFO  server.RaftServerConfigKeys (ConfUtils.java:logGet(43)) - raft.server.log.queue.byte-limit = 2147483647 (custom)
2019-09-25 05:06:38,498 [pool-67-thread-1] INFO  server.RaftServerConfigKeys (ConfUtils.java:logGet(43)) - raft.server.log.queue.element-limit = 1024 (custom)
2019-09-25 05:06:38,498 [pool-67-thread-1] INFO  server.RaftServerConfigKeys (ConfUtils.java:logGet(43)) - raft.server.log.segment.size.max = 1048576 (custom)
2019-09-25 05:06:38,498 [pool-67-thread-1] INFO  server.RaftServerConfigKeys (ConfUtils.java:logGet(43)) - raft.server.log.preallocated.size = 16384 (custom)
2019-09-25 05:06:38,498 [pool-67-thread-1] INFO  server.RaftServerConfigKeys (ConfUtils.java:logGet(43)) - raft.server.log.write.buffer.size = 33554432 (custom)
2019-09-25 05:06:38,498 [pool-67-thread-1] INFO  server.RaftServerConfigKeys (ConfUtils.java:logGet(43)) - raft.server.log.force.sync.num = 128 (default)
2019-09-25 05:06:38,498 [pool-67-thread-1] INFO  server.RaftServerConfigKeys (ConfUtils.java:logGet(43)) - raft.server.log.statemachine.data.sync = true (default)
2019-09-25 05:06:38,498 [pool-67-thread-1] INFO  server.RaftServerConfigKeys (ConfUtils.java:logGet(43)) - raft.server.log.statemachine.data.sync.timeout = 10s (default)
2019-09-25 05:06:38,499 [pool-67-thread-1] INFO  server.RaftServerConfigKeys (ConfUtils.java:logGet(43)) - raft.server.log.statemachine.data.sync.timeout.retry = -1 (default)
2019-09-25 05:06:38,499 [pool-67-thread-1] INFO  server.RaftServerConfigKeys (ConfUtils.java:logGet(43)) - raft.server.log.statemachine.data.caching.enabled = true (custom)
2019-09-25 05:06:38,499 [pool-67-thread-1] INFO  segmented.SegmentedRaftLogWorker (SegmentedRaftLogWorker.java:lambda$new$0(132)) - 692224c4-5202-4921-98cc-04d5c60c79cc@group-F4E8E11F483F-SegmentedRaftLogWorker: flushIndex: setUnconditionally 0 -> -1
2019-09-25 05:06:38,499 [pool-67-thread-1] INFO  server.RaftServerConfigKeys (ConfUtils.java:logGet(43)) - raft.server.snapshot.auto.trigger.enabled = true (custom)
2019-09-25 05:06:38,499 [pool-67-thread-1] INFO  server.RaftServerConfigKeys (ConfUtils.java:logGet(43)) - raft.server.snapshot.auto.trigger.threshold = 10000 (custom)
2019-09-25 05:06:38,500 [pool-67-thread-1] INFO  server.RaftServerConfigKeys (ConfUtils.java:logGet(43)) - raft.server.snapshot.retention.num.files = 5 (custom)
2019-09-25 05:06:38,500 [pool-67-thread-1] INFO  server.RaftServerConfigKeys (ConfUtils.java:logGet(43)) - raft.server.retrycache.expirytime = 600000ms (custom)
2019-09-25 05:06:38,501 [pool-67-thread-1] INFO  impl.RaftServerImpl (RaftServerImpl.java:start(185)) - 692224c4-5202-4921-98cc-04d5c60c79cc@group-F4E8E11F483F: start as a follower, conf=-1: [692224c4-5202-4921-98cc-04d5c60c79cc:192.168.30.10:38144], old=null
2019-09-25 05:06:38,501 [pool-67-thread-1] INFO  impl.RaftServerImpl (RaftServerImpl.java:setRole(174)) - 692224c4-5202-4921-98cc-04d5c60c79cc@group-F4E8E11F483F: changes role from      null to FOLLOWER at term 0 for startAsFollower
2019-09-25 05:06:38,501 [pool-67-thread-1] INFO  impl.RoleInfo (RoleInfo.java:updateAndGet(143)) - 692224c4-5202-4921-98cc-04d5c60c79cc: start FollowerState
2019-09-25 05:06:38,501 [pool-67-thread-1] INFO  util.JmxRegister (JmxRegister.java:tryRegister(44)) - Successfully registered JMX Bean with object name Ratis:service=RaftServer,group=group-F4E8E11F483F,id=692224c4-5202-4921-98cc-04d5c60c79cc
2019-09-25 05:06:38,504 [RatisPipelineUtilsThread] INFO  pipeline.PipelineStateManager (PipelineStateManager.java:addPipeline(56)) - Created pipeline Pipeline[ Id: 34f100dc-2562-4353-a997-f4e8e11f483f, Nodes: 692224c4-5202-4921-98cc-04d5c60c79cc{ip: 192.168.30.10, host: pr-hdds-1569-s62bp-3040748787, networkLocation: /default-rack, certSerialId: null}, Type:RATIS, Factor:ONE, State:OPEN]
2019-09-25 05:06:38,508 [grpc-default-executor-1] INFO  impl.RaftServerProxy (RaftServerProxy.java:addNew(89)) - de37f7a0-0375-40a9-a318-404478482fcb: addNew group-FF5438954BFD:[de37f7a0-0375-40a9-a318-404478482fcb:192.168.30.10:44522] returns group-FF5438954BFD:java.util.concurrent.CompletableFuture@13384b2a[Not completed]
2019-09-25 05:06:38,509 [pool-57-thread-1] INFO  impl.RaftServerImpl (RaftServerImpl.java:<init>(95)) - de37f7a0-0375-40a9-a318-404478482fcb: new RaftServerImpl for group-FF5438954BFD:[de37f7a0-0375-40a9-a318-404478482fcb:192.168.30.10:44522] with ContainerStateMachine:uninitialized
2019-09-25 05:06:38,509 [pool-57-thread-1] INFO  server.RaftServerConfigKeys (ConfUtils.java:logGet(43)) - raft.server.rpc.timeout.min = 5s (custom)
2019-09-25 05:06:38,509 [pool-57-thread-1] INFO  server.RaftServerConfigKeys (ConfUtils.java:logGet(43)) - raft.server.rpc.timeout.max = 5200ms (custom)
2019-09-25 05:06:38,509 [pool-57-thread-1] INFO  server.RaftServerConfigKeys (ConfUtils.java:logGet(43)) - raft.server.rpcslowness.timeout = 120s (custom)
2019-09-25 05:06:38,510 [pool-57-thread-1] INFO  server.RaftServerConfigKeys (ConfUtils.java:logGet(43)) - raft.server.sleep.deviation.threshold = 300 (default)
2019-09-25 05:06:38,510 [pool-57-thread-1] INFO  server.RaftServerConfigKeys (ConfUtils.java:logGet(43)) - raft.server.log.appender.install.snapshot.enabled = false (custom)
2019-09-25 05:06:38,510 [pool-57-thread-1] INFO  impl.RaftServerImpl (ServerState.java:<init>(103)) - de37f7a0-0375-40a9-a318-404478482fcb@group-FF5438954BFD: ConfigurationManager, init=-1: [de37f7a0-0375-40a9-a318-404478482fcb:192.168.30.10:44522], old=null, confs=<EMPTY_MAP>
2019-09-25 05:06:38,510 [pool-57-thread-1] INFO  server.RaftServerConfigKeys (ConfUtils.java:logGet(43)) - raft.server.storage.dir = [/workdir/hadoop-ozone/integration-test/target/test-dir/MiniOzoneClusterImpl-23306158-e895-4fc7-80df-ce6c264c388b/datanode-3/data/ratis] (custom)
2019-09-25 05:06:38,511 [pool-57-thread-1] INFO  storage.RaftStorageDirectory (RaftStorageDirectory.java:analyzeStorage(246)) - The storage directory /workdir/hadoop-ozone/integration-test/target/test-dir/MiniOzoneClusterImpl-23306158-e895-4fc7-80df-ce6c264c388b/datanode-3/data/ratis/8780d7fb-355e-45f6-ae46-ff5438954bfd does not exist. Creating ...
2019-09-25 05:06:38,524 [pool-57-thread-1] INFO  storage.RaftStorageDirectory (RaftStorageDirectory.java:tryLock(328)) - Lock on /workdir/hadoop-ozone/integration-test/target/test-dir/MiniOzoneClusterImpl-23306158-e895-4fc7-80df-ce6c264c388b/datanode-3/data/ratis/8780d7fb-355e-45f6-ae46-ff5438954bfd/in_use.lock acquired by nodename 25526@pr-hdds-1569-s62bp-3040748787
2019-09-25 05:06:38,538 [pool-57-thread-1] INFO  storage.RaftStorage (RaftStorage.java:format(72)) - Storage directory /workdir/hadoop-ozone/integration-test/target/test-dir/MiniOzoneClusterImpl-23306158-e895-4fc7-80df-ce6c264c388b/datanode-3/data/ratis/8780d7fb-355e-45f6-ae46-ff5438954bfd has been successfully formatted.
2019-09-25 05:06:38,538 [pool-57-thread-1] INFO  ratis.ContainerStateMachine (ContainerStateMachine.java:loadSnapshot(230)) - group-FF5438954BFD: The snapshot info is null. Setting the last applied indexto:(t:0, i:~)
2019-09-25 05:06:38,538 [pool-57-thread-1] INFO  server.RaftServerConfigKeys (ConfUtils.java:logGet(43)) - raft.server.notification.no-leader.timeout = 120s (custom)
2019-09-25 05:06:38,538 [pool-57-thread-1] INFO  server.RaftServerConfigKeys (ConfUtils.java:logGet(43)) - raft.server.log.use.memory = false (default)
2019-09-25 05:06:38,538 [pool-57-thread-1] INFO  server.RaftServerConfigKeys (ConfUtils.java:logGet(43)) - raft.server.log.purge.gap = 1000000 (custom)
2019-09-25 05:06:38,539 [pool-57-thread-1] INFO  server.RaftServerConfigKeys (ConfUtils.java:logGet(43)) - raft.server.log.appender.buffer.byte-limit = 33554432 (custom)
2019-09-25 05:06:38,539 [pool-57-thread-1] INFO  server.RaftServerConfigKeys (ConfUtils.java:logGet(43)) - raft.server.log.segment.size.max = 1048576 (custom)
2019-09-25 05:06:38,539 [pool-57-thread-1] INFO  server.RaftServerConfigKeys (ConfUtils.java:logGet(43)) - raft.server.log.segment.cache.num.max = 2 (custom)
2019-09-25 05:06:38,539 [pool-57-thread-1] INFO  segmented.SegmentedRaftLogWorker (SegmentedRaftLogWorker.java:<init>(172)) - new de37f7a0-0375-40a9-a318-404478482fcb@group-FF5438954BFD-SegmentedRaftLogWorker for RaftStorage:Storage Directory /workdir/hadoop-ozone/integration-test/target/test-dir/MiniOzoneClusterImpl-23306158-e895-4fc7-80df-ce6c264c388b/datanode-3/data/ratis/8780d7fb-355e-45f6-ae46-ff5438954bfd
2019-09-25 05:06:38,539 [pool-57-thread-1] INFO  server.RaftServerConfigKeys (ConfUtils.java:logGet(43)) - raft.server.log.queue.byte-limit = 2147483647 (custom)
2019-09-25 05:06:38,539 [pool-57-thread-1] INFO  server.RaftServerConfigKeys (ConfUtils.java:logGet(43)) - raft.server.log.queue.element-limit = 1024 (custom)
2019-09-25 05:06:38,539 [pool-57-thread-1] INFO  server.RaftServerConfigKeys (ConfUtils.java:logGet(43)) - raft.server.log.segment.size.max = 1048576 (custom)
2019-09-25 05:06:38,540 [pool-57-thread-1] INFO  server.RaftServerConfigKeys (ConfUtils.java:logGet(43)) - raft.server.log.preallocated.size = 16384 (custom)
2019-09-25 05:06:38,540 [pool-57-thread-1] INFO  server.RaftServerConfigKeys (ConfUtils.java:logGet(43)) - raft.server.log.write.buffer.size = 33554432 (custom)
2019-09-25 05:06:38,540 [pool-57-thread-1] INFO  server.RaftServerConfigKeys (ConfUtils.java:logGet(43)) - raft.server.log.force.sync.num = 128 (default)
2019-09-25 05:06:38,540 [pool-57-thread-1] INFO  server.RaftServerConfigKeys (ConfUtils.java:logGet(43)) - raft.server.log.statemachine.data.sync = true (default)
2019-09-25 05:06:38,540 [pool-57-thread-1] INFO  server.RaftServerConfigKeys (ConfUtils.java:logGet(43)) - raft.server.log.statemachine.data.sync.timeout = 10s (default)
2019-09-25 05:06:38,540 [pool-57-thread-1] INFO  server.RaftServerConfigKeys (ConfUtils.java:logGet(43)) - raft.server.log.statemachine.data.sync.timeout.retry = -1 (default)
2019-09-25 05:06:38,540 [pool-57-thread-1] INFO  server.RaftServerConfigKeys (ConfUtils.java:logGet(43)) - raft.server.log.statemachine.data.caching.enabled = true (custom)
2019-09-25 05:06:38,541 [pool-57-thread-1] INFO  segmented.SegmentedRaftLogWorker (SegmentedRaftLogWorker.java:lambda$new$0(132)) - de37f7a0-0375-40a9-a318-404478482fcb@group-FF5438954BFD-SegmentedRaftLogWorker: flushIndex: setUnconditionally 0 -> -1
2019-09-25 05:06:38,541 [pool-57-thread-1] INFO  server.RaftServerConfigKeys (ConfUtils.java:logGet(43)) - raft.server.snapshot.auto.trigger.enabled = true (custom)
2019-09-25 05:06:38,541 [pool-57-thread-1] INFO  server.RaftServerConfigKeys (ConfUtils.java:logGet(43)) - raft.server.snapshot.auto.trigger.threshold = 10000 (custom)
2019-09-25 05:06:38,541 [pool-57-thread-1] INFO  server.RaftServerConfigKeys (ConfUtils.java:logGet(43)) - raft.server.snapshot.retention.num.files = 5 (custom)
2019-09-25 05:06:38,542 [pool-57-thread-1] INFO  server.RaftServerConfigKeys (ConfUtils.java:logGet(43)) - raft.server.retrycache.expirytime = 600000ms (custom)
2019-09-25 05:06:38,543 [pool-57-thread-1] INFO  impl.RaftServerImpl (RaftServerImpl.java:start(185)) - de37f7a0-0375-40a9-a318-404478482fcb@group-FF5438954BFD: start as a follower, conf=-1: [de37f7a0-0375-40a9-a318-404478482fcb:192.168.30.10:44522], old=null
2019-09-25 05:06:38,543 [pool-57-thread-1] INFO  impl.RaftServerImpl (RaftServerImpl.java:setRole(174)) - de37f7a0-0375-40a9-a318-404478482fcb@group-FF5438954BFD: changes role from      null to FOLLOWER at term 0 for startAsFollower
2019-09-25 05:06:38,544 [pool-57-thread-1] INFO  impl.RoleInfo (RoleInfo.java:updateAndGet(143)) - de37f7a0-0375-40a9-a318-404478482fcb: start FollowerState
2019-09-25 05:06:38,544 [pool-57-thread-1] INFO  util.JmxRegister (JmxRegister.java:tryRegister(44)) - Successfully registered JMX Bean with object name Ratis:service=RaftServer,group=group-FF5438954BFD,id=de37f7a0-0375-40a9-a318-404478482fcb
2019-09-25 05:06:38,546 [RatisPipelineUtilsThread] INFO  pipeline.PipelineStateManager (PipelineStateManager.java:addPipeline(56)) - Created pipeline Pipeline[ Id: 8780d7fb-355e-45f6-ae46-ff5438954bfd, Nodes: de37f7a0-0375-40a9-a318-404478482fcb{ip: 192.168.30.10, host: pr-hdds-1569-s62bp-3040748787, networkLocation: /default-rack, certSerialId: null}, Type:RATIS, Factor:ONE, State:OPEN]
2019-09-25 05:06:38,551 [grpc-default-executor-1] INFO  impl.RaftServerProxy (RaftServerProxy.java:addNew(89)) - 56396258-65a3-478c-9482-0be0199dd49c: addNew group-684B8F10E788:[56396258-65a3-478c-9482-0be0199dd49c:192.168.30.10:41678] returns group-684B8F10E788:java.util.concurrent.CompletableFuture@34b36982[Not completed]
2019-09-25 05:06:38,552 [pool-87-thread-1] INFO  impl.RaftServerImpl (RaftServerImpl.java:<init>(95)) - 56396258-65a3-478c-9482-0be0199dd49c: new RaftServerImpl for group-684B8F10E788:[56396258-65a3-478c-9482-0be0199dd49c:192.168.30.10:41678] with ContainerStateMachine:uninitialized
2019-09-25 05:06:38,552 [pool-87-thread-1] INFO  server.RaftServerConfigKeys (ConfUtils.java:logGet(43)) - raft.server.rpc.timeout.min = 5s (custom)
2019-09-25 05:06:38,552 [pool-87-thread-1] INFO  server.RaftServerConfigKeys (ConfUtils.java:logGet(43)) - raft.server.rpc.timeout.max = 5200ms (custom)
2019-09-25 05:06:38,552 [pool-87-thread-1] INFO  server.RaftServerConfigKeys (ConfUtils.java:logGet(43)) - raft.server.rpcslowness.timeout = 120s (custom)
2019-09-25 05:06:38,553 [pool-87-thread-1] INFO  server.RaftServerConfigKeys (ConfUtils.java:logGet(43)) - raft.server.sleep.deviation.threshold = 300 (default)
2019-09-25 05:06:38,553 [pool-87-thread-1] INFO  server.RaftServerConfigKeys (ConfUtils.java:logGet(43)) - raft.server.log.appender.install.snapshot.enabled = false (custom)
2019-09-25 05:06:38,553 [pool-87-thread-1] INFO  impl.RaftServerImpl (ServerState.java:<init>(103)) - 56396258-65a3-478c-9482-0be0199dd49c@group-684B8F10E788: ConfigurationManager, init=-1: [56396258-65a3-478c-9482-0be0199dd49c:192.168.30.10:41678], old=null, confs=<EMPTY_MAP>
2019-09-25 05:06:38,553 [pool-87-thread-1] INFO  server.RaftServerConfigKeys (ConfUtils.java:logGet(43)) - raft.server.storage.dir = [/workdir/hadoop-ozone/integration-test/target/test-dir/MiniOzoneClusterImpl-23306158-e895-4fc7-80df-ce6c264c388b/datanode-6/data/ratis] (custom)
2019-09-25 05:06:38,554 [pool-87-thread-1] INFO  storage.RaftStorageDirectory (RaftStorageDirectory.java:analyzeStorage(246)) - The storage directory /workdir/hadoop-ozone/integration-test/target/test-dir/MiniOzoneClusterImpl-23306158-e895-4fc7-80df-ce6c264c388b/datanode-6/data/ratis/5151af93-c6d2-4fb7-8ac0-684b8f10e788 does not exist. Creating ...
2019-09-25 05:06:38,567 [pool-87-thread-1] INFO  storage.RaftStorageDirectory (RaftStorageDirectory.java:tryLock(328)) - Lock on /workdir/hadoop-ozone/integration-test/target/test-dir/MiniOzoneClusterImpl-23306158-e895-4fc7-80df-ce6c264c388b/datanode-6/data/ratis/5151af93-c6d2-4fb7-8ac0-684b8f10e788/in_use.lock acquired by nodename 25526@pr-hdds-1569-s62bp-3040748787
2019-09-25 05:06:38,585 [pool-87-thread-1] INFO  storage.RaftStorage (RaftStorage.java:format(72)) - Storage directory /workdir/hadoop-ozone/integration-test/target/test-dir/MiniOzoneClusterImpl-23306158-e895-4fc7-80df-ce6c264c388b/datanode-6/data/ratis/5151af93-c6d2-4fb7-8ac0-684b8f10e788 has been successfully formatted.
2019-09-25 05:06:38,585 [pool-87-thread-1] INFO  ratis.ContainerStateMachine (ContainerStateMachine.java:loadSnapshot(230)) - group-684B8F10E788: The snapshot info is null. Setting the last applied indexto:(t:0, i:~)
2019-09-25 05:06:38,586 [pool-87-thread-1] INFO  server.RaftServerConfigKeys (ConfUtils.java:logGet(43)) - raft.server.notification.no-leader.timeout = 120s (custom)
2019-09-25 05:06:38,586 [pool-87-thread-1] INFO  server.RaftServerConfigKeys (ConfUtils.java:logGet(43)) - raft.server.log.use.memory = false (default)
2019-09-25 05:06:38,586 [pool-87-thread-1] INFO  server.RaftServerConfigKeys (ConfUtils.java:logGet(43)) - raft.server.log.purge.gap = 1000000 (custom)
2019-09-25 05:06:38,586 [pool-87-thread-1] INFO  server.RaftServerConfigKeys (ConfUtils.java:logGet(43)) - raft.server.log.appender.buffer.byte-limit = 33554432 (custom)
2019-09-25 05:06:38,586 [pool-87-thread-1] INFO  server.RaftServerConfigKeys (ConfUtils.java:logGet(43)) - raft.server.log.segment.size.max = 1048576 (custom)
2019-09-25 05:06:38,586 [pool-87-thread-1] INFO  server.RaftServerConfigKeys (ConfUtils.java:logGet(43)) - raft.server.log.segment.cache.num.max = 2 (custom)
2019-09-25 05:06:38,587 [pool-87-thread-1] INFO  segmented.SegmentedRaftLogWorker (SegmentedRaftLogWorker.java:<init>(172)) - new 56396258-65a3-478c-9482-0be0199dd49c@group-684B8F10E788-SegmentedRaftLogWorker for RaftStorage:Storage Directory /workdir/hadoop-ozone/integration-test/target/test-dir/MiniOzoneClusterImpl-23306158-e895-4fc7-80df-ce6c264c388b/datanode-6/data/ratis/5151af93-c6d2-4fb7-8ac0-684b8f10e788
2019-09-25 05:06:38,587 [pool-87-thread-1] INFO  server.RaftServerConfigKeys (ConfUtils.java:logGet(43)) - raft.server.log.queue.byte-limit = 2147483647 (custom)
2019-09-25 05:06:38,587 [pool-87-thread-1] INFO  server.RaftServerConfigKeys (ConfUtils.java:logGet(43)) - raft.server.log.queue.element-limit = 1024 (custom)
2019-09-25 05:06:38,587 [pool-87-thread-1] INFO  server.RaftServerConfigKeys (ConfUtils.java:logGet(43)) - raft.server.log.segment.size.max = 1048576 (custom)
2019-09-25 05:06:38,587 [pool-87-thread-1] INFO  server.RaftServerConfigKeys (ConfUtils.java:logGet(43)) - raft.server.log.preallocated.size = 16384 (custom)
2019-09-25 05:06:38,587 [pool-87-thread-1] INFO  server.RaftServerConfigKeys (ConfUtils.java:logGet(43)) - raft.server.log.write.buffer.size = 33554432 (custom)
2019-09-25 05:06:38,587 [pool-87-thread-1] INFO  server.RaftServerConfigKeys (ConfUtils.java:logGet(43)) - raft.server.log.force.sync.num = 128 (default)
2019-09-25 05:06:38,588 [pool-87-thread-1] INFO  server.RaftServerConfigKeys (ConfUtils.java:logGet(43)) - raft.server.log.statemachine.data.sync = true (default)
2019-09-25 05:06:38,588 [pool-87-thread-1] INFO  server.RaftServerConfigKeys (ConfUtils.java:logGet(43)) - raft.server.log.statemachine.data.sync.timeout = 10s (default)
2019-09-25 05:06:38,588 [pool-87-thread-1] INFO  server.RaftServerConfigKeys (ConfUtils.java:logGet(43)) - raft.server.log.statemachine.data.sync.timeout.retry = -1 (default)
2019-09-25 05:06:38,588 [pool-87-thread-1] INFO  server.RaftServerConfigKeys (ConfUtils.java:logGet(43)) - raft.server.log.statemachine.data.caching.enabled = true (custom)
2019-09-25 05:06:38,588 [pool-87-thread-1] INFO  segmented.SegmentedRaftLogWorker (SegmentedRaftLogWorker.java:lambda$new$0(132)) - 56396258-65a3-478c-9482-0be0199dd49c@group-684B8F10E788-SegmentedRaftLogWorker: flushIndex: setUnconditionally 0 -> -1
2019-09-25 05:06:38,589 [pool-87-thread-1] INFO  server.RaftServerConfigKeys (ConfUtils.java:logGet(43)) - raft.server.snapshot.auto.trigger.enabled = true (custom)
2019-09-25 05:06:38,589 [pool-87-thread-1] INFO  server.RaftServerConfigKeys (ConfUtils.java:logGet(43)) - raft.server.snapshot.auto.trigger.threshold = 10000 (custom)
2019-09-25 05:06:38,589 [pool-87-thread-1] INFO  server.RaftServerConfigKeys (ConfUtils.java:logGet(43)) - raft.server.snapshot.retention.num.files = 5 (custom)
2019-09-25 05:06:38,589 [pool-87-thread-1] INFO  server.RaftServerConfigKeys (ConfUtils.java:logGet(43)) - raft.server.retrycache.expirytime = 600000ms (custom)
2019-09-25 05:06:38,591 [pool-87-thread-1] INFO  impl.RaftServerImpl (RaftServerImpl.java:start(185)) - 56396258-65a3-478c-9482-0be0199dd49c@group-684B8F10E788: start as a follower, conf=-1: [56396258-65a3-478c-9482-0be0199dd49c:192.168.30.10:41678], old=null
2019-09-25 05:06:38,591 [pool-87-thread-1] INFO  impl.RaftServerImpl (RaftServerImpl.java:setRole(174)) - 56396258-65a3-478c-9482-0be0199dd49c@group-684B8F10E788: changes role from      null to FOLLOWER at term 0 for startAsFollower
2019-09-25 05:06:38,591 [pool-87-thread-1] INFO  impl.RoleInfo (RoleInfo.java:updateAndGet(143)) - 56396258-65a3-478c-9482-0be0199dd49c: start FollowerState
2019-09-25 05:06:38,592 [pool-87-thread-1] INFO  util.JmxRegister (JmxRegister.java:tryRegister(44)) - Successfully registered JMX Bean with object name Ratis:service=RaftServer,group=group-684B8F10E788,id=56396258-65a3-478c-9482-0be0199dd49c
2019-09-25 05:06:38,595 [RatisPipelineUtilsThread] INFO  pipeline.PipelineStateManager (PipelineStateManager.java:addPipeline(56)) - Created pipeline Pipeline[ Id: 5151af93-c6d2-4fb7-8ac0-684b8f10e788, Nodes: 56396258-65a3-478c-9482-0be0199dd49c{ip: 192.168.30.10, host: pr-hdds-1569-s62bp-3040748787, networkLocation: /default-rack, certSerialId: null}, Type:RATIS, Factor:ONE, State:OPEN]
2019-09-25 05:06:38,599 [grpc-default-executor-1] INFO  impl.RaftServerProxy (RaftServerProxy.java:addNew(89)) - 692224c4-5202-4921-98cc-04d5c60c79cc: addNew group-F3E95C0A9DF3:[692224c4-5202-4921-98cc-04d5c60c79cc:192.168.30.10:38144] returns group-F3E95C0A9DF3:java.util.concurrent.CompletableFuture@6eaec9f2[Not completed]
2019-09-25 05:06:38,600 [pool-67-thread-1] INFO  impl.RaftServerImpl (RaftServerImpl.java:<init>(95)) - 692224c4-5202-4921-98cc-04d5c60c79cc: new RaftServerImpl for group-F3E95C0A9DF3:[692224c4-5202-4921-98cc-04d5c60c79cc:192.168.30.10:38144] with ContainerStateMachine:uninitialized
2019-09-25 05:06:38,601 [pool-67-thread-1] INFO  server.RaftServerConfigKeys (ConfUtils.java:logGet(43)) - raft.server.rpc.timeout.min = 5s (custom)
2019-09-25 05:06:38,601 [pool-67-thread-1] INFO  server.RaftServerConfigKeys (ConfUtils.java:logGet(43)) - raft.server.rpc.timeout.max = 5200ms (custom)
2019-09-25 05:06:38,601 [pool-67-thread-1] INFO  server.RaftServerConfigKeys (ConfUtils.java:logGet(43)) - raft.server.rpcslowness.timeout = 120s (custom)
2019-09-25 05:06:38,601 [pool-67-thread-1] INFO  server.RaftServerConfigKeys (ConfUtils.java:logGet(43)) - raft.server.sleep.deviation.threshold = 300 (default)
2019-09-25 05:06:38,601 [pool-67-thread-1] INFO  server.RaftServerConfigKeys (ConfUtils.java:logGet(43)) - raft.server.log.appender.install.snapshot.enabled = false (custom)
2019-09-25 05:06:38,601 [pool-67-thread-1] INFO  impl.RaftServerImpl (ServerState.java:<init>(103)) - 692224c4-5202-4921-98cc-04d5c60c79cc@group-F3E95C0A9DF3: ConfigurationManager, init=-1: [692224c4-5202-4921-98cc-04d5c60c79cc:192.168.30.10:38144], old=null, confs=<EMPTY_MAP>
2019-09-25 05:06:38,601 [pool-67-thread-1] INFO  server.RaftServerConfigKeys (ConfUtils.java:logGet(43)) - raft.server.storage.dir = [/workdir/hadoop-ozone/integration-test/target/test-dir/MiniOzoneClusterImpl-23306158-e895-4fc7-80df-ce6c264c388b/datanode-4/data/ratis] (custom)
2019-09-25 05:06:38,602 [pool-67-thread-1] INFO  storage.RaftStorageDirectory (RaftStorageDirectory.java:analyzeStorage(246)) - The storage directory /workdir/hadoop-ozone/integration-test/target/test-dir/MiniOzoneClusterImpl-23306158-e895-4fc7-80df-ce6c264c388b/datanode-4/data/ratis/fba42415-aff1-4b0d-b4f7-f3e95c0a9df3 does not exist. Creating ...
2019-09-25 05:06:38,608 [pool-67-thread-1] INFO  storage.RaftStorageDirectory (RaftStorageDirectory.java:tryLock(328)) - Lock on /workdir/hadoop-ozone/integration-test/target/test-dir/MiniOzoneClusterImpl-23306158-e895-4fc7-80df-ce6c264c388b/datanode-4/data/ratis/fba42415-aff1-4b0d-b4f7-f3e95c0a9df3/in_use.lock acquired by nodename 25526@pr-hdds-1569-s62bp-3040748787
2019-09-25 05:06:38,621 [pool-67-thread-1] INFO  storage.RaftStorage (RaftStorage.java:format(72)) - Storage directory /workdir/hadoop-ozone/integration-test/target/test-dir/MiniOzoneClusterImpl-23306158-e895-4fc7-80df-ce6c264c388b/datanode-4/data/ratis/fba42415-aff1-4b0d-b4f7-f3e95c0a9df3 has been successfully formatted.
2019-09-25 05:06:38,622 [pool-67-thread-1] INFO  ratis.ContainerStateMachine (ContainerStateMachine.java:loadSnapshot(230)) - group-F3E95C0A9DF3: The snapshot info is null. Setting the last applied indexto:(t:0, i:~)
2019-09-25 05:06:38,622 [pool-67-thread-1] INFO  server.RaftServerConfigKeys (ConfUtils.java:logGet(43)) - raft.server.notification.no-leader.timeout = 120s (custom)
2019-09-25 05:06:38,622 [pool-67-thread-1] INFO  server.RaftServerConfigKeys (ConfUtils.java:logGet(43)) - raft.server.log.use.memory = false (default)
2019-09-25 05:06:38,622 [pool-67-thread-1] INFO  server.RaftServerConfigKeys (ConfUtils.java:logGet(43)) - raft.server.log.purge.gap = 1000000 (custom)
2019-09-25 05:06:38,622 [pool-67-thread-1] INFO  server.RaftServerConfigKeys (ConfUtils.java:logGet(43)) - raft.server.log.appender.buffer.byte-limit = 33554432 (custom)
2019-09-25 05:06:38,622 [pool-67-thread-1] INFO  server.RaftServerConfigKeys (ConfUtils.java:logGet(43)) - raft.server.log.segment.size.max = 1048576 (custom)
2019-09-25 05:06:38,623 [pool-67-thread-1] INFO  server.RaftServerConfigKeys (ConfUtils.java:logGet(43)) - raft.server.log.segment.cache.num.max = 2 (custom)
2019-09-25 05:06:38,623 [pool-67-thread-1] INFO  segmented.SegmentedRaftLogWorker (SegmentedRaftLogWorker.java:<init>(172)) - new 692224c4-5202-4921-98cc-04d5c60c79cc@group-F3E95C0A9DF3-SegmentedRaftLogWorker for RaftStorage:Storage Directory /workdir/hadoop-ozone/integration-test/target/test-dir/MiniOzoneClusterImpl-23306158-e895-4fc7-80df-ce6c264c388b/datanode-4/data/ratis/fba42415-aff1-4b0d-b4f7-f3e95c0a9df3
2019-09-25 05:06:38,623 [pool-67-thread-1] INFO  server.RaftServerConfigKeys (ConfUtils.java:logGet(43)) - raft.server.log.queue.byte-limit = 2147483647 (custom)
2019-09-25 05:06:38,623 [pool-67-thread-1] INFO  server.RaftServerConfigKeys (ConfUtils.java:logGet(43)) - raft.server.log.queue.element-limit = 1024 (custom)
2019-09-25 05:06:38,623 [pool-67-thread-1] INFO  server.RaftServerConfigKeys (ConfUtils.java:logGet(43)) - raft.server.log.segment.size.max = 1048576 (custom)
2019-09-25 05:06:38,623 [pool-67-thread-1] INFO  server.RaftServerConfigKeys (ConfUtils.java:logGet(43)) - raft.server.log.preallocated.size = 16384 (custom)
2019-09-25 05:06:38,623 [pool-67-thread-1] INFO  server.RaftServerConfigKeys (ConfUtils.java:logGet(43)) - raft.server.log.write.buffer.size = 33554432 (custom)
2019-09-25 05:06:38,624 [pool-67-thread-1] INFO  server.RaftServerConfigKeys (ConfUtils.java:logGet(43)) - raft.server.log.force.sync.num = 128 (default)
2019-09-25 05:06:38,624 [pool-67-thread-1] INFO  server.RaftServerConfigKeys (ConfUtils.java:logGet(43)) - raft.server.log.statemachine.data.sync = true (default)
2019-09-25 05:06:38,624 [pool-67-thread-1] INFO  server.RaftServerConfigKeys (ConfUtils.java:logGet(43)) - raft.server.log.statemachine.data.sync.timeout = 10s (default)
2019-09-25 05:06:38,624 [pool-67-thread-1] INFO  server.RaftServerConfigKeys (ConfUtils.java:logGet(43)) - raft.server.log.statemachine.data.sync.timeout.retry = -1 (default)
2019-09-25 05:06:38,624 [pool-67-thread-1] INFO  server.RaftServerConfigKeys (ConfUtils.java:logGet(43)) - raft.server.log.statemachine.data.caching.enabled = true (custom)
2019-09-25 05:06:38,625 [pool-67-thread-1] INFO  segmented.SegmentedRaftLogWorker (SegmentedRaftLogWorker.java:lambda$new$0(132)) - 692224c4-5202-4921-98cc-04d5c60c79cc@group-F3E95C0A9DF3-SegmentedRaftLogWorker: flushIndex: setUnconditionally 0 -> -1
2019-09-25 05:06:38,625 [pool-67-thread-1] INFO  server.RaftServerConfigKeys (ConfUtils.java:logGet(43)) - raft.server.snapshot.auto.trigger.enabled = true (custom)
2019-09-25 05:06:38,625 [pool-67-thread-1] INFO  server.RaftServerConfigKeys (ConfUtils.java:logGet(43)) - raft.server.snapshot.auto.trigger.threshold = 10000 (custom)
2019-09-25 05:06:38,625 [pool-67-thread-1] INFO  server.RaftServerConfigKeys (ConfUtils.java:logGet(43)) - raft.server.snapshot.retention.num.files = 5 (custom)
2019-09-25 05:06:38,625 [pool-67-thread-1] INFO  server.RaftServerConfigKeys (ConfUtils.java:logGet(43)) - raft.server.retrycache.expirytime = 600000ms (custom)
2019-09-25 05:06:38,627 [pool-67-thread-1] INFO  impl.RaftServerImpl (RaftServerImpl.java:start(185)) - 692224c4-5202-4921-98cc-04d5c60c79cc@group-F3E95C0A9DF3: start as a follower, conf=-1: [692224c4-5202-4921-98cc-04d5c60c79cc:192.168.30.10:38144], old=null
2019-09-25 05:06:38,627 [pool-67-thread-1] INFO  impl.RaftServerImpl (RaftServerImpl.java:setRole(174)) - 692224c4-5202-4921-98cc-04d5c60c79cc@group-F3E95C0A9DF3: changes role from      null to FOLLOWER at term 0 for startAsFollower
2019-09-25 05:06:38,627 [pool-67-thread-1] INFO  impl.RoleInfo (RoleInfo.java:updateAndGet(143)) - 692224c4-5202-4921-98cc-04d5c60c79cc: start FollowerState
2019-09-25 05:06:38,628 [pool-67-thread-1] INFO  util.JmxRegister (JmxRegister.java:tryRegister(44)) - Successfully registered JMX Bean with object name Ratis:service=RaftServer,group=group-F3E95C0A9DF3,id=692224c4-5202-4921-98cc-04d5c60c79cc
2019-09-25 05:06:38,630 [RatisPipelineUtilsThread] INFO  pipeline.PipelineStateManager (PipelineStateManager.java:addPipeline(56)) - Created pipeline Pipeline[ Id: fba42415-aff1-4b0d-b4f7-f3e95c0a9df3, Nodes: 692224c4-5202-4921-98cc-04d5c60c79cc{ip: 192.168.30.10, host: pr-hdds-1569-s62bp-3040748787, networkLocation: /default-rack, certSerialId: null}, Type:RATIS, Factor:ONE, State:OPEN]
2019-09-25 05:06:38,634 [grpc-default-executor-1] INFO  impl.RaftServerProxy (RaftServerProxy.java:addNew(89)) - de37f7a0-0375-40a9-a318-404478482fcb: addNew group-B95B81D35B14:[de37f7a0-0375-40a9-a318-404478482fcb:192.168.30.10:44522] returns group-B95B81D35B14:java.util.concurrent.CompletableFuture@3ed996e8[Not completed]
2019-09-25 05:06:38,635 [pool-57-thread-1] INFO  impl.RaftServerImpl (RaftServerImpl.java:<init>(95)) - de37f7a0-0375-40a9-a318-404478482fcb: new RaftServerImpl for group-B95B81D35B14:[de37f7a0-0375-40a9-a318-404478482fcb:192.168.30.10:44522] with ContainerStateMachine:uninitialized
2019-09-25 05:06:38,636 [pool-57-thread-1] INFO  server.RaftServerConfigKeys (ConfUtils.java:logGet(43)) - raft.server.rpc.timeout.min = 5s (custom)
2019-09-25 05:06:38,636 [pool-57-thread-1] INFO  server.RaftServerConfigKeys (ConfUtils.java:logGet(43)) - raft.server.rpc.timeout.max = 5200ms (custom)
2019-09-25 05:06:38,636 [pool-57-thread-1] INFO  server.RaftServerConfigKeys (ConfUtils.java:logGet(43)) - raft.server.rpcslowness.timeout = 120s (custom)
2019-09-25 05:06:38,636 [pool-57-thread-1] INFO  server.RaftServerConfigKeys (ConfUtils.java:logGet(43)) - raft.server.sleep.deviation.threshold = 300 (default)
2019-09-25 05:06:38,636 [pool-57-thread-1] INFO  server.RaftServerConfigKeys (ConfUtils.java:logGet(43)) - raft.server.log.appender.install.snapshot.enabled = false (custom)
2019-09-25 05:06:38,636 [pool-57-thread-1] INFO  impl.RaftServerImpl (ServerState.java:<init>(103)) - de37f7a0-0375-40a9-a318-404478482fcb@group-B95B81D35B14: ConfigurationManager, init=-1: [de37f7a0-0375-40a9-a318-404478482fcb:192.168.30.10:44522], old=null, confs=<EMPTY_MAP>
2019-09-25 05:06:38,636 [pool-57-thread-1] INFO  server.RaftServerConfigKeys (ConfUtils.java:logGet(43)) - raft.server.storage.dir = [/workdir/hadoop-ozone/integration-test/target/test-dir/MiniOzoneClusterImpl-23306158-e895-4fc7-80df-ce6c264c388b/datanode-3/data/ratis] (custom)
2019-09-25 05:06:38,637 [pool-57-thread-1] INFO  storage.RaftStorageDirectory (RaftStorageDirectory.java:analyzeStorage(246)) - The storage directory /workdir/hadoop-ozone/integration-test/target/test-dir/MiniOzoneClusterImpl-23306158-e895-4fc7-80df-ce6c264c388b/datanode-3/data/ratis/57a22c0c-a1db-452a-a488-b95b81d35b14 does not exist. Creating ...
2019-09-25 05:06:38,650 [pool-57-thread-1] INFO  storage.RaftStorageDirectory (RaftStorageDirectory.java:tryLock(328)) - Lock on /workdir/hadoop-ozone/integration-test/target/test-dir/MiniOzoneClusterImpl-23306158-e895-4fc7-80df-ce6c264c388b/datanode-3/data/ratis/57a22c0c-a1db-452a-a488-b95b81d35b14/in_use.lock acquired by nodename 25526@pr-hdds-1569-s62bp-3040748787
2019-09-25 05:06:38,665 [pool-57-thread-1] INFO  storage.RaftStorage (RaftStorage.java:format(72)) - Storage directory /workdir/hadoop-ozone/integration-test/target/test-dir/MiniOzoneClusterImpl-23306158-e895-4fc7-80df-ce6c264c388b/datanode-3/data/ratis/57a22c0c-a1db-452a-a488-b95b81d35b14 has been successfully formatted.
2019-09-25 05:06:38,665 [pool-57-thread-1] INFO  ratis.ContainerStateMachine (ContainerStateMachine.java:loadSnapshot(230)) - group-B95B81D35B14: The snapshot info is null. Setting the last applied indexto:(t:0, i:~)
2019-09-25 05:06:38,669 [pool-57-thread-1] INFO  server.RaftServerConfigKeys (ConfUtils.java:logGet(43)) - raft.server.notification.no-leader.timeout = 120s (custom)
2019-09-25 05:06:38,669 [pool-57-thread-1] INFO  server.RaftServerConfigKeys (ConfUtils.java:logGet(43)) - raft.server.log.use.memory = false (default)
2019-09-25 05:06:38,670 [pool-57-thread-1] INFO  server.RaftServerConfigKeys (ConfUtils.java:logGet(43)) - raft.server.log.purge.gap = 1000000 (custom)
2019-09-25 05:06:38,670 [pool-57-thread-1] INFO  server.RaftServerConfigKeys (ConfUtils.java:logGet(43)) - raft.server.log.appender.buffer.byte-limit = 33554432 (custom)
2019-09-25 05:06:38,670 [pool-57-thread-1] INFO  server.RaftServerConfigKeys (ConfUtils.java:logGet(43)) - raft.server.log.segment.size.max = 1048576 (custom)
2019-09-25 05:06:38,670 [pool-57-thread-1] INFO  server.RaftServerConfigKeys (ConfUtils.java:logGet(43)) - raft.server.log.segment.cache.num.max = 2 (custom)
2019-09-25 05:06:38,670 [pool-57-thread-1] INFO  segmented.SegmentedRaftLogWorker (SegmentedRaftLogWorker.java:<init>(172)) - new de37f7a0-0375-40a9-a318-404478482fcb@group-B95B81D35B14-SegmentedRaftLogWorker for RaftStorage:Storage Directory /workdir/hadoop-ozone/integration-test/target/test-dir/MiniOzoneClusterImpl-23306158-e895-4fc7-80df-ce6c264c388b/datanode-3/data/ratis/57a22c0c-a1db-452a-a488-b95b81d35b14
2019-09-25 05:06:38,670 [pool-57-thread-1] INFO  server.RaftServerConfigKeys (ConfUtils.java:logGet(43)) - raft.server.log.queue.byte-limit = 2147483647 (custom)
2019-09-25 05:06:38,670 [pool-57-thread-1] INFO  server.RaftServerConfigKeys (ConfUtils.java:logGet(43)) - raft.server.log.queue.element-limit = 1024 (custom)
2019-09-25 05:06:38,670 [pool-57-thread-1] INFO  server.RaftServerConfigKeys (ConfUtils.java:logGet(43)) - raft.server.log.segment.size.max = 1048576 (custom)
2019-09-25 05:06:38,671 [pool-57-thread-1] INFO  server.RaftServerConfigKeys (ConfUtils.java:logGet(43)) - raft.server.log.preallocated.size = 16384 (custom)
2019-09-25 05:06:38,671 [pool-57-thread-1] INFO  server.RaftServerConfigKeys (ConfUtils.java:logGet(43)) - raft.server.log.write.buffer.size = 33554432 (custom)
2019-09-25 05:06:38,671 [pool-57-thread-1] INFO  server.RaftServerConfigKeys (ConfUtils.java:logGet(43)) - raft.server.log.force.sync.num = 128 (default)
2019-09-25 05:06:38,671 [pool-57-thread-1] INFO  server.RaftServerConfigKeys (ConfUtils.java:logGet(43)) - raft.server.log.statemachine.data.sync = true (default)
2019-09-25 05:06:38,671 [pool-57-thread-1] INFO  server.RaftServerConfigKeys (ConfUtils.java:logGet(43)) - raft.server.log.statemachine.data.sync.timeout = 10s (default)
2019-09-25 05:06:38,671 [pool-57-thread-1] INFO  server.RaftServerConfigKeys (ConfUtils.java:logGet(43)) - raft.server.log.statemachine.data.sync.timeout.retry = -1 (default)
2019-09-25 05:06:38,671 [pool-57-thread-1] INFO  server.RaftServerConfigKeys (ConfUtils.java:logGet(43)) - raft.server.log.statemachine.data.caching.enabled = true (custom)
2019-09-25 05:06:38,672 [pool-57-thread-1] INFO  segmented.SegmentedRaftLogWorker (SegmentedRaftLogWorker.java:lambda$new$0(132)) - de37f7a0-0375-40a9-a318-404478482fcb@group-B95B81D35B14-SegmentedRaftLogWorker: flushIndex: setUnconditionally 0 -> -1
2019-09-25 05:06:38,672 [pool-57-thread-1] INFO  server.RaftServerConfigKeys (ConfUtils.java:logGet(43)) - raft.server.snapshot.auto.trigger.enabled = true (custom)
2019-09-25 05:06:38,672 [pool-57-thread-1] INFO  server.RaftServerConfigKeys (ConfUtils.java:logGet(43)) - raft.server.snapshot.auto.trigger.threshold = 10000 (custom)
2019-09-25 05:06:38,672 [pool-57-thread-1] INFO  server.RaftServerConfigKeys (ConfUtils.java:logGet(43)) - raft.server.snapshot.retention.num.files = 5 (custom)
2019-09-25 05:06:38,672 [pool-57-thread-1] INFO  server.RaftServerConfigKeys (ConfUtils.java:logGet(43)) - raft.server.retrycache.expirytime = 600000ms (custom)
2019-09-25 05:06:38,674 [pool-57-thread-1] INFO  impl.RaftServerImpl (RaftServerImpl.java:start(185)) - de37f7a0-0375-40a9-a318-404478482fcb@group-B95B81D35B14: start as a follower, conf=-1: [de37f7a0-0375-40a9-a318-404478482fcb:192.168.30.10:44522], old=null
2019-09-25 05:06:38,674 [pool-57-thread-1] INFO  impl.RaftServerImpl (RaftServerImpl.java:setRole(174)) - de37f7a0-0375-40a9-a318-404478482fcb@group-B95B81D35B14: changes role from      null to FOLLOWER at term 0 for startAsFollower
2019-09-25 05:06:38,674 [pool-57-thread-1] INFO  impl.RoleInfo (RoleInfo.java:updateAndGet(143)) - de37f7a0-0375-40a9-a318-404478482fcb: start FollowerState
2019-09-25 05:06:38,674 [pool-57-thread-1] INFO  util.JmxRegister (JmxRegister.java:tryRegister(44)) - Successfully registered JMX Bean with object name Ratis:service=RaftServer,group=group-B95B81D35B14,id=de37f7a0-0375-40a9-a318-404478482fcb
2019-09-25 05:06:38,676 [RatisPipelineUtilsThread] INFO  pipeline.PipelineStateManager (PipelineStateManager.java:addPipeline(56)) - Created pipeline Pipeline[ Id: 57a22c0c-a1db-452a-a488-b95b81d35b14, Nodes: de37f7a0-0375-40a9-a318-404478482fcb{ip: 192.168.30.10, host: pr-hdds-1569-s62bp-3040748787, networkLocation: /default-rack, certSerialId: null}, Type:RATIS, Factor:ONE, State:OPEN]
2019-09-25 05:06:38,681 [grpc-default-executor-1] INFO  impl.RaftServerProxy (RaftServerProxy.java:addNew(89)) - b4fa7d23-6606-45fd-9544-2b08ca3fa933: addNew group-E25C07AA9899:[b4fa7d23-6606-45fd-9544-2b08ca3fa933:192.168.30.10:34493] returns group-E25C07AA9899:java.util.concurrent.CompletableFuture@6cd53c99[Not completed]
2019-09-25 05:06:38,682 [pool-77-thread-1] INFO  impl.RaftServerImpl (RaftServerImpl.java:<init>(95)) - b4fa7d23-6606-45fd-9544-2b08ca3fa933: new RaftServerImpl for group-E25C07AA9899:[b4fa7d23-6606-45fd-9544-2b08ca3fa933:192.168.30.10:34493] with ContainerStateMachine:uninitialized
2019-09-25 05:06:38,682 [pool-77-thread-1] INFO  server.RaftServerConfigKeys (ConfUtils.java:logGet(43)) - raft.server.rpc.timeout.min = 5s (custom)
2019-09-25 05:06:38,682 [pool-77-thread-1] INFO  server.RaftServerConfigKeys (ConfUtils.java:logGet(43)) - raft.server.rpc.timeout.max = 5200ms (custom)
2019-09-25 05:06:38,682 [pool-77-thread-1] INFO  server.RaftServerConfigKeys (ConfUtils.java:logGet(43)) - raft.server.rpcslowness.timeout = 120s (custom)
2019-09-25 05:06:38,682 [pool-77-thread-1] INFO  server.RaftServerConfigKeys (ConfUtils.java:logGet(43)) - raft.server.sleep.deviation.threshold = 300 (default)
2019-09-25 05:06:38,682 [pool-77-thread-1] INFO  server.RaftServerConfigKeys (ConfUtils.java:logGet(43)) - raft.server.log.appender.install.snapshot.enabled = false (custom)
2019-09-25 05:06:38,682 [pool-77-thread-1] INFO  impl.RaftServerImpl (ServerState.java:<init>(103)) - b4fa7d23-6606-45fd-9544-2b08ca3fa933@group-E25C07AA9899: ConfigurationManager, init=-1: [b4fa7d23-6606-45fd-9544-2b08ca3fa933:192.168.30.10:34493], old=null, confs=<EMPTY_MAP>
2019-09-25 05:06:38,683 [pool-77-thread-1] INFO  server.RaftServerConfigKeys (ConfUtils.java:logGet(43)) - raft.server.storage.dir = [/workdir/hadoop-ozone/integration-test/target/test-dir/MiniOzoneClusterImpl-23306158-e895-4fc7-80df-ce6c264c388b/datanode-5/data/ratis] (custom)
2019-09-25 05:06:38,683 [pool-77-thread-1] INFO  storage.RaftStorageDirectory (RaftStorageDirectory.java:analyzeStorage(246)) - The storage directory /workdir/hadoop-ozone/integration-test/target/test-dir/MiniOzoneClusterImpl-23306158-e895-4fc7-80df-ce6c264c388b/datanode-5/data/ratis/2bb5b4cf-2302-4d45-9f87-e25c07aa9899 does not exist. Creating ...
2019-09-25 05:06:38,696 [pool-77-thread-1] INFO  storage.RaftStorageDirectory (RaftStorageDirectory.java:tryLock(328)) - Lock on /workdir/hadoop-ozone/integration-test/target/test-dir/MiniOzoneClusterImpl-23306158-e895-4fc7-80df-ce6c264c388b/datanode-5/data/ratis/2bb5b4cf-2302-4d45-9f87-e25c07aa9899/in_use.lock acquired by nodename 25526@pr-hdds-1569-s62bp-3040748787
2019-09-25 05:06:38,710 [pool-77-thread-1] INFO  storage.RaftStorage (RaftStorage.java:format(72)) - Storage directory /workdir/hadoop-ozone/integration-test/target/test-dir/MiniOzoneClusterImpl-23306158-e895-4fc7-80df-ce6c264c388b/datanode-5/data/ratis/2bb5b4cf-2302-4d45-9f87-e25c07aa9899 has been successfully formatted.
2019-09-25 05:06:38,710 [pool-77-thread-1] INFO  ratis.ContainerStateMachine (ContainerStateMachine.java:loadSnapshot(230)) - group-E25C07AA9899: The snapshot info is null. Setting the last applied indexto:(t:0, i:~)
2019-09-25 05:06:38,710 [pool-77-thread-1] INFO  server.RaftServerConfigKeys (ConfUtils.java:logGet(43)) - raft.server.notification.no-leader.timeout = 120s (custom)
2019-09-25 05:06:38,710 [pool-77-thread-1] INFO  server.RaftServerConfigKeys (ConfUtils.java:logGet(43)) - raft.server.log.use.memory = false (default)
2019-09-25 05:06:38,710 [pool-77-thread-1] INFO  server.RaftServerConfigKeys (ConfUtils.java:logGet(43)) - raft.server.log.purge.gap = 1000000 (custom)
2019-09-25 05:06:38,710 [pool-77-thread-1] INFO  server.RaftServerConfigKeys (ConfUtils.java:logGet(43)) - raft.server.log.appender.buffer.byte-limit = 33554432 (custom)
2019-09-25 05:06:38,711 [pool-77-thread-1] INFO  server.RaftServerConfigKeys (ConfUtils.java:logGet(43)) - raft.server.log.segment.size.max = 1048576 (custom)
2019-09-25 05:06:38,711 [pool-77-thread-1] INFO  server.RaftServerConfigKeys (ConfUtils.java:logGet(43)) - raft.server.log.segment.cache.num.max = 2 (custom)
2019-09-25 05:06:38,711 [pool-77-thread-1] INFO  segmented.SegmentedRaftLogWorker (SegmentedRaftLogWorker.java:<init>(172)) - new b4fa7d23-6606-45fd-9544-2b08ca3fa933@group-E25C07AA9899-SegmentedRaftLogWorker for RaftStorage:Storage Directory /workdir/hadoop-ozone/integration-test/target/test-dir/MiniOzoneClusterImpl-23306158-e895-4fc7-80df-ce6c264c388b/datanode-5/data/ratis/2bb5b4cf-2302-4d45-9f87-e25c07aa9899
2019-09-25 05:06:38,711 [pool-77-thread-1] INFO  server.RaftServerConfigKeys (ConfUtils.java:logGet(43)) - raft.server.log.queue.byte-limit = 2147483647 (custom)
2019-09-25 05:06:38,711 [pool-77-thread-1] INFO  server.RaftServerConfigKeys (ConfUtils.java:logGet(43)) - raft.server.log.queue.element-limit = 1024 (custom)
2019-09-25 05:06:38,711 [pool-77-thread-1] INFO  server.RaftServerConfigKeys (ConfUtils.java:logGet(43)) - raft.server.log.segment.size.max = 1048576 (custom)
2019-09-25 05:06:38,711 [pool-77-thread-1] INFO  server.RaftServerConfigKeys (ConfUtils.java:logGet(43)) - raft.server.log.preallocated.size = 16384 (custom)
2019-09-25 05:06:38,712 [pool-77-thread-1] INFO  server.RaftServerConfigKeys (ConfUtils.java:logGet(43)) - raft.server.log.write.buffer.size = 33554432 (custom)
2019-09-25 05:06:38,712 [pool-77-thread-1] INFO  server.RaftServerConfigKeys (ConfUtils.java:logGet(43)) - raft.server.log.force.sync.num = 128 (default)
2019-09-25 05:06:38,712 [pool-77-thread-1] INFO  server.RaftServerConfigKeys (ConfUtils.java:logGet(43)) - raft.server.log.statemachine.data.sync = true (default)
2019-09-25 05:06:38,712 [pool-77-thread-1] INFO  server.RaftServerConfigKeys (ConfUtils.java:logGet(43)) - raft.server.log.statemachine.data.sync.timeout = 10s (default)
2019-09-25 05:06:38,712 [pool-77-thread-1] INFO  server.RaftServerConfigKeys (ConfUtils.java:logGet(43)) - raft.server.log.statemachine.data.sync.timeout.retry = -1 (default)
2019-09-25 05:06:38,712 [pool-77-thread-1] INFO  server.RaftServerConfigKeys (ConfUtils.java:logGet(43)) - raft.server.log.statemachine.data.caching.enabled = true (custom)
2019-09-25 05:06:38,713 [pool-77-thread-1] INFO  segmented.SegmentedRaftLogWorker (SegmentedRaftLogWorker.java:lambda$new$0(132)) - b4fa7d23-6606-45fd-9544-2b08ca3fa933@group-E25C07AA9899-SegmentedRaftLogWorker: flushIndex: setUnconditionally 0 -> -1
2019-09-25 05:06:38,713 [pool-77-thread-1] INFO  server.RaftServerConfigKeys (ConfUtils.java:logGet(43)) - raft.server.snapshot.auto.trigger.enabled = true (custom)
2019-09-25 05:06:38,713 [pool-77-thread-1] INFO  server.RaftServerConfigKeys (ConfUtils.java:logGet(43)) - raft.server.snapshot.auto.trigger.threshold = 10000 (custom)
2019-09-25 05:06:38,713 [pool-77-thread-1] INFO  server.RaftServerConfigKeys (ConfUtils.java:logGet(43)) - raft.server.snapshot.retention.num.files = 5 (custom)
2019-09-25 05:06:38,713 [pool-77-thread-1] INFO  server.RaftServerConfigKeys (ConfUtils.java:logGet(43)) - raft.server.retrycache.expirytime = 600000ms (custom)
2019-09-25 05:06:38,715 [pool-77-thread-1] INFO  impl.RaftServerImpl (RaftServerImpl.java:start(185)) - b4fa7d23-6606-45fd-9544-2b08ca3fa933@group-E25C07AA9899: start as a follower, conf=-1: [b4fa7d23-6606-45fd-9544-2b08ca3fa933:192.168.30.10:34493], old=null
2019-09-25 05:06:38,715 [pool-77-thread-1] INFO  impl.RaftServerImpl (RaftServerImpl.java:setRole(174)) - b4fa7d23-6606-45fd-9544-2b08ca3fa933@group-E25C07AA9899: changes role from      null to FOLLOWER at term 0 for startAsFollower
2019-09-25 05:06:38,715 [pool-77-thread-1] INFO  impl.RoleInfo (RoleInfo.java:updateAndGet(143)) - b4fa7d23-6606-45fd-9544-2b08ca3fa933: start FollowerState
2019-09-25 05:06:38,715 [pool-77-thread-1] INFO  util.JmxRegister (JmxRegister.java:tryRegister(44)) - Successfully registered JMX Bean with object name Ratis:service=RaftServer,group=group-E25C07AA9899,id=b4fa7d23-6606-45fd-9544-2b08ca3fa933
2019-09-25 05:06:38,718 [RatisPipelineUtilsThread] INFO  pipeline.PipelineStateManager (PipelineStateManager.java:addPipeline(56)) - Created pipeline Pipeline[ Id: 2bb5b4cf-2302-4d45-9f87-e25c07aa9899, Nodes: b4fa7d23-6606-45fd-9544-2b08ca3fa933{ip: 192.168.30.10, host: pr-hdds-1569-s62bp-3040748787, networkLocation: /default-rack, certSerialId: null}, Type:RATIS, Factor:ONE, State:OPEN]
2019-09-25 05:06:38,722 [grpc-default-executor-1] INFO  impl.RaftServerProxy (RaftServerProxy.java:addNew(89)) - f77bfc29-6991-4b1d-a503-f706c83de4fc: addNew group-EA538770045D:[f77bfc29-6991-4b1d-a503-f706c83de4fc:192.168.30.10:35112] returns group-EA538770045D:java.util.concurrent.CompletableFuture@4708153f[Not completed]
2019-09-25 05:06:38,723 [pool-27-thread-1] INFO  impl.RaftServerImpl (RaftServerImpl.java:<init>(95)) - f77bfc29-6991-4b1d-a503-f706c83de4fc: new RaftServerImpl for group-EA538770045D:[f77bfc29-6991-4b1d-a503-f706c83de4fc:192.168.30.10:35112] with ContainerStateMachine:uninitialized
2019-09-25 05:06:38,723 [pool-27-thread-1] INFO  server.RaftServerConfigKeys (ConfUtils.java:logGet(43)) - raft.server.rpc.timeout.min = 5s (custom)
2019-09-25 05:06:38,724 [pool-27-thread-1] INFO  server.RaftServerConfigKeys (ConfUtils.java:logGet(43)) - raft.server.rpc.timeout.max = 5200ms (custom)
2019-09-25 05:06:38,724 [pool-27-thread-1] INFO  server.RaftServerConfigKeys (ConfUtils.java:logGet(43)) - raft.server.rpcslowness.timeout = 120s (custom)
2019-09-25 05:06:38,724 [pool-27-thread-1] INFO  server.RaftServerConfigKeys (ConfUtils.java:logGet(43)) - raft.server.sleep.deviation.threshold = 300 (default)
2019-09-25 05:06:38,724 [pool-27-thread-1] INFO  server.RaftServerConfigKeys (ConfUtils.java:logGet(43)) - raft.server.log.appender.install.snapshot.enabled = false (custom)
2019-09-25 05:06:38,724 [pool-27-thread-1] INFO  impl.RaftServerImpl (ServerState.java:<init>(103)) - f77bfc29-6991-4b1d-a503-f706c83de4fc@group-EA538770045D: ConfigurationManager, init=-1: [f77bfc29-6991-4b1d-a503-f706c83de4fc:192.168.30.10:35112], old=null, confs=<EMPTY_MAP>
2019-09-25 05:06:38,724 [pool-27-thread-1] INFO  server.RaftServerConfigKeys (ConfUtils.java:logGet(43)) - raft.server.storage.dir = [/workdir/hadoop-ozone/integration-test/target/test-dir/MiniOzoneClusterImpl-23306158-e895-4fc7-80df-ce6c264c388b/datanode-0/data/ratis] (custom)
2019-09-25 05:06:38,725 [pool-27-thread-1] INFO  storage.RaftStorageDirectory (RaftStorageDirectory.java:analyzeStorage(246)) - The storage directory /workdir/hadoop-ozone/integration-test/target/test-dir/MiniOzoneClusterImpl-23306158-e895-4fc7-80df-ce6c264c388b/datanode-0/data/ratis/3f62b23f-75c0-44cb-ba12-ea538770045d does not exist. Creating ...
2019-09-25 05:06:38,738 [pool-27-thread-1] INFO  storage.RaftStorageDirectory (RaftStorageDirectory.java:tryLock(328)) - Lock on /workdir/hadoop-ozone/integration-test/target/test-dir/MiniOzoneClusterImpl-23306158-e895-4fc7-80df-ce6c264c388b/datanode-0/data/ratis/3f62b23f-75c0-44cb-ba12-ea538770045d/in_use.lock acquired by nodename 25526@pr-hdds-1569-s62bp-3040748787
2019-09-25 05:06:38,742 [pool-27-thread-1] INFO  storage.RaftStorage (RaftStorage.java:format(72)) - Storage directory /workdir/hadoop-ozone/integration-test/target/test-dir/MiniOzoneClusterImpl-23306158-e895-4fc7-80df-ce6c264c388b/datanode-0/data/ratis/3f62b23f-75c0-44cb-ba12-ea538770045d has been successfully formatted.
2019-09-25 05:06:38,742 [pool-27-thread-1] INFO  ratis.ContainerStateMachine (ContainerStateMachine.java:loadSnapshot(230)) - group-EA538770045D: The snapshot info is null. Setting the last applied indexto:(t:0, i:~)
2019-09-25 05:06:38,742 [pool-27-thread-1] INFO  server.RaftServerConfigKeys (ConfUtils.java:logGet(43)) - raft.server.notification.no-leader.timeout = 120s (custom)
2019-09-25 05:06:38,743 [pool-27-thread-1] INFO  server.RaftServerConfigKeys (ConfUtils.java:logGet(43)) - raft.server.log.use.memory = false (default)
2019-09-25 05:06:38,743 [pool-27-thread-1] INFO  server.RaftServerConfigKeys (ConfUtils.java:logGet(43)) - raft.server.log.purge.gap = 1000000 (custom)
2019-09-25 05:06:38,743 [pool-27-thread-1] INFO  server.RaftServerConfigKeys (ConfUtils.java:logGet(43)) - raft.server.log.appender.buffer.byte-limit = 33554432 (custom)
2019-09-25 05:06:38,743 [pool-27-thread-1] INFO  server.RaftServerConfigKeys (ConfUtils.java:logGet(43)) - raft.server.log.segment.size.max = 1048576 (custom)
2019-09-25 05:06:38,743 [pool-27-thread-1] INFO  server.RaftServerConfigKeys (ConfUtils.java:logGet(43)) - raft.server.log.segment.cache.num.max = 2 (custom)
2019-09-25 05:06:38,743 [pool-27-thread-1] INFO  segmented.SegmentedRaftLogWorker (SegmentedRaftLogWorker.java:<init>(172)) - new f77bfc29-6991-4b1d-a503-f706c83de4fc@group-EA538770045D-SegmentedRaftLogWorker for RaftStorage:Storage Directory /workdir/hadoop-ozone/integration-test/target/test-dir/MiniOzoneClusterImpl-23306158-e895-4fc7-80df-ce6c264c388b/datanode-0/data/ratis/3f62b23f-75c0-44cb-ba12-ea538770045d
2019-09-25 05:06:38,744 [pool-27-thread-1] INFO  server.RaftServerConfigKeys (ConfUtils.java:logGet(43)) - raft.server.log.queue.byte-limit = 2147483647 (custom)
2019-09-25 05:06:38,744 [pool-27-thread-1] INFO  server.RaftServerConfigKeys (ConfUtils.java:logGet(43)) - raft.server.log.queue.element-limit = 1024 (custom)
2019-09-25 05:06:38,744 [pool-27-thread-1] INFO  server.RaftServerConfigKeys (ConfUtils.java:logGet(43)) - raft.server.log.segment.size.max = 1048576 (custom)
2019-09-25 05:06:38,744 [pool-27-thread-1] INFO  server.RaftServerConfigKeys (ConfUtils.java:logGet(43)) - raft.server.log.preallocated.size = 16384 (custom)
2019-09-25 05:06:38,744 [pool-27-thread-1] INFO  server.RaftServerConfigKeys (ConfUtils.java:logGet(43)) - raft.server.log.write.buffer.size = 33554432 (custom)
2019-09-25 05:06:38,744 [pool-27-thread-1] INFO  server.RaftServerConfigKeys (ConfUtils.java:logGet(43)) - raft.server.log.force.sync.num = 128 (default)
2019-09-25 05:06:38,744 [pool-27-thread-1] INFO  server.RaftServerConfigKeys (ConfUtils.java:logGet(43)) - raft.server.log.statemachine.data.sync = true (default)
2019-09-25 05:06:38,745 [pool-27-thread-1] INFO  server.RaftServerConfigKeys (ConfUtils.java:logGet(43)) - raft.server.log.statemachine.data.sync.timeout = 10s (default)
2019-09-25 05:06:38,745 [pool-27-thread-1] INFO  server.RaftServerConfigKeys (ConfUtils.java:logGet(43)) - raft.server.log.statemachine.data.sync.timeout.retry = -1 (default)
2019-09-25 05:06:38,745 [pool-27-thread-1] INFO  server.RaftServerConfigKeys (ConfUtils.java:logGet(43)) - raft.server.log.statemachine.data.caching.enabled = true (custom)
2019-09-25 05:06:38,745 [pool-27-thread-1] INFO  segmented.SegmentedRaftLogWorker (SegmentedRaftLogWorker.java:lambda$new$0(132)) - f77bfc29-6991-4b1d-a503-f706c83de4fc@group-EA538770045D-SegmentedRaftLogWorker: flushIndex: setUnconditionally 0 -> -1
2019-09-25 05:06:38,746 [pool-27-thread-1] INFO  server.RaftServerConfigKeys (ConfUtils.java:logGet(43)) - raft.server.snapshot.auto.trigger.enabled = true (custom)
2019-09-25 05:06:38,746 [pool-27-thread-1] INFO  server.RaftServerConfigKeys (ConfUtils.java:logGet(43)) - raft.server.snapshot.auto.trigger.threshold = 10000 (custom)
2019-09-25 05:06:38,746 [pool-27-thread-1] INFO  server.RaftServerConfigKeys (ConfUtils.java:logGet(43)) - raft.server.snapshot.retention.num.files = 5 (custom)
2019-09-25 05:06:38,746 [pool-27-thread-1] INFO  server.RaftServerConfigKeys (ConfUtils.java:logGet(43)) - raft.server.retrycache.expirytime = 600000ms (custom)
2019-09-25 05:06:38,748 [pool-27-thread-1] INFO  impl.RaftServerImpl (RaftServerImpl.java:start(185)) - f77bfc29-6991-4b1d-a503-f706c83de4fc@group-EA538770045D: start as a follower, conf=-1: [f77bfc29-6991-4b1d-a503-f706c83de4fc:192.168.30.10:35112], old=null
2019-09-25 05:06:38,748 [pool-27-thread-1] INFO  impl.RaftServerImpl (RaftServerImpl.java:setRole(174)) - f77bfc29-6991-4b1d-a503-f706c83de4fc@group-EA538770045D: changes role from      null to FOLLOWER at term 0 for startAsFollower
2019-09-25 05:06:38,748 [pool-27-thread-1] INFO  impl.RoleInfo (RoleInfo.java:updateAndGet(143)) - f77bfc29-6991-4b1d-a503-f706c83de4fc: start FollowerState
2019-09-25 05:06:38,749 [pool-27-thread-1] INFO  util.JmxRegister (JmxRegister.java:tryRegister(44)) - Successfully registered JMX Bean with object name Ratis:service=RaftServer,group=group-EA538770045D,id=f77bfc29-6991-4b1d-a503-f706c83de4fc
2019-09-25 05:06:38,751 [RatisPipelineUtilsThread] INFO  pipeline.PipelineStateManager (PipelineStateManager.java:addPipeline(56)) - Created pipeline Pipeline[ Id: 3f62b23f-75c0-44cb-ba12-ea538770045d, Nodes: f77bfc29-6991-4b1d-a503-f706c83de4fc{ip: 192.168.30.10, host: pr-hdds-1569-s62bp-3040748787, networkLocation: /default-rack, certSerialId: null}, Type:RATIS, Factor:ONE, State:OPEN]
2019-09-25 05:06:38,755 [grpc-default-executor-1] INFO  impl.RaftServerProxy (RaftServerProxy.java:addNew(89)) - de37f7a0-0375-40a9-a318-404478482fcb: addNew group-004FB6FC5979:[de37f7a0-0375-40a9-a318-404478482fcb:192.168.30.10:44522] returns group-004FB6FC5979:java.util.concurrent.CompletableFuture@1295995a[Not completed]
2019-09-25 05:06:38,756 [pool-57-thread-1] INFO  impl.RaftServerImpl (RaftServerImpl.java:<init>(95)) - de37f7a0-0375-40a9-a318-404478482fcb: new RaftServerImpl for group-004FB6FC5979:[de37f7a0-0375-40a9-a318-404478482fcb:192.168.30.10:44522] with ContainerStateMachine:uninitialized
2019-09-25 05:06:38,756 [pool-57-thread-1] INFO  server.RaftServerConfigKeys (ConfUtils.java:logGet(43)) - raft.server.rpc.timeout.min = 5s (custom)
2019-09-25 05:06:38,757 [pool-57-thread-1] INFO  server.RaftServerConfigKeys (ConfUtils.java:logGet(43)) - raft.server.rpc.timeout.max = 5200ms (custom)
2019-09-25 05:06:38,757 [pool-57-thread-1] INFO  server.RaftServerConfigKeys (ConfUtils.java:logGet(43)) - raft.server.rpcslowness.timeout = 120s (custom)
2019-09-25 05:06:38,757 [pool-57-thread-1] INFO  server.RaftServerConfigKeys (ConfUtils.java:logGet(43)) - raft.server.sleep.deviation.threshold = 300 (default)
2019-09-25 05:06:38,757 [pool-57-thread-1] INFO  server.RaftServerConfigKeys (ConfUtils.java:logGet(43)) - raft.server.log.appender.install.snapshot.enabled = false (custom)
2019-09-25 05:06:38,757 [pool-57-thread-1] INFO  impl.RaftServerImpl (ServerState.java:<init>(103)) - de37f7a0-0375-40a9-a318-404478482fcb@group-004FB6FC5979: ConfigurationManager, init=-1: [de37f7a0-0375-40a9-a318-404478482fcb:192.168.30.10:44522], old=null, confs=<EMPTY_MAP>
2019-09-25 05:06:38,757 [pool-57-thread-1] INFO  server.RaftServerConfigKeys (ConfUtils.java:logGet(43)) - raft.server.storage.dir = [/workdir/hadoop-ozone/integration-test/target/test-dir/MiniOzoneClusterImpl-23306158-e895-4fc7-80df-ce6c264c388b/datanode-3/data/ratis] (custom)
2019-09-25 05:06:38,758 [pool-57-thread-1] INFO  storage.RaftStorageDirectory (RaftStorageDirectory.java:analyzeStorage(246)) - The storage directory /workdir/hadoop-ozone/integration-test/target/test-dir/MiniOzoneClusterImpl-23306158-e895-4fc7-80df-ce6c264c388b/datanode-3/data/ratis/f60dcd3b-e673-45dd-9a16-004fb6fc5979 does not exist. Creating ...
2019-09-25 05:06:38,770 [pool-57-thread-1] INFO  storage.RaftStorageDirectory (RaftStorageDirectory.java:tryLock(328)) - Lock on /workdir/hadoop-ozone/integration-test/target/test-dir/MiniOzoneClusterImpl-23306158-e895-4fc7-80df-ce6c264c388b/datanode-3/data/ratis/f60dcd3b-e673-45dd-9a16-004fb6fc5979/in_use.lock acquired by nodename 25526@pr-hdds-1569-s62bp-3040748787
2019-09-25 05:06:38,774 [pool-57-thread-1] INFO  storage.RaftStorage (RaftStorage.java:format(72)) - Storage directory /workdir/hadoop-ozone/integration-test/target/test-dir/MiniOzoneClusterImpl-23306158-e895-4fc7-80df-ce6c264c388b/datanode-3/data/ratis/f60dcd3b-e673-45dd-9a16-004fb6fc5979 has been successfully formatted.
2019-09-25 05:06:38,774 [pool-57-thread-1] INFO  ratis.ContainerStateMachine (ContainerStateMachine.java:loadSnapshot(230)) - group-004FB6FC5979: The snapshot info is null. Setting the last applied indexto:(t:0, i:~)
2019-09-25 05:06:38,774 [pool-57-thread-1] INFO  server.RaftServerConfigKeys (ConfUtils.java:logGet(43)) - raft.server.notification.no-leader.timeout = 120s (custom)
2019-09-25 05:06:38,774 [pool-57-thread-1] INFO  server.RaftServerConfigKeys (ConfUtils.java:logGet(43)) - raft.server.log.use.memory = false (default)
2019-09-25 05:06:38,774 [pool-57-thread-1] INFO  server.RaftServerConfigKeys (ConfUtils.java:logGet(43)) - raft.server.log.purge.gap = 1000000 (custom)
2019-09-25 05:06:38,774 [pool-57-thread-1] INFO  server.RaftServerConfigKeys (ConfUtils.java:logGet(43)) - raft.server.log.appender.buffer.byte-limit = 33554432 (custom)
2019-09-25 05:06:38,775 [pool-57-thread-1] INFO  server.RaftServerConfigKeys (ConfUtils.java:logGet(43)) - raft.server.log.segment.size.max = 1048576 (custom)
2019-09-25 05:06:38,775 [pool-57-thread-1] INFO  server.RaftServerConfigKeys (ConfUtils.java:logGet(43)) - raft.server.log.segment.cache.num.max = 2 (custom)
2019-09-25 05:06:38,775 [pool-57-thread-1] INFO  segmented.SegmentedRaftLogWorker (SegmentedRaftLogWorker.java:<init>(172)) - new de37f7a0-0375-40a9-a318-404478482fcb@group-004FB6FC5979-SegmentedRaftLogWorker for RaftStorage:Storage Directory /workdir/hadoop-ozone/integration-test/target/test-dir/MiniOzoneClusterImpl-23306158-e895-4fc7-80df-ce6c264c388b/datanode-3/data/ratis/f60dcd3b-e673-45dd-9a16-004fb6fc5979
2019-09-25 05:06:38,775 [pool-57-thread-1] INFO  server.RaftServerConfigKeys (ConfUtils.java:logGet(43)) - raft.server.log.queue.byte-limit = 2147483647 (custom)
2019-09-25 05:06:38,775 [pool-57-thread-1] INFO  server.RaftServerConfigKeys (ConfUtils.java:logGet(43)) - raft.server.log.queue.element-limit = 1024 (custom)
2019-09-25 05:06:38,775 [pool-57-thread-1] INFO  server.RaftServerConfigKeys (ConfUtils.java:logGet(43)) - raft.server.log.segment.size.max = 1048576 (custom)
2019-09-25 05:06:38,775 [pool-57-thread-1] INFO  server.RaftServerConfigKeys (ConfUtils.java:logGet(43)) - raft.server.log.preallocated.size = 16384 (custom)
2019-09-25 05:06:38,776 [pool-57-thread-1] INFO  server.RaftServerConfigKeys (ConfUtils.java:logGet(43)) - raft.server.log.write.buffer.size = 33554432 (custom)
2019-09-25 05:06:38,776 [pool-57-thread-1] INFO  server.RaftServerConfigKeys (ConfUtils.java:logGet(43)) - raft.server.log.force.sync.num = 128 (default)
2019-09-25 05:06:38,776 [pool-57-thread-1] INFO  server.RaftServerConfigKeys (ConfUtils.java:logGet(43)) - raft.server.log.statemachine.data.sync = true (default)
2019-09-25 05:06:38,776 [pool-57-thread-1] INFO  server.RaftServerConfigKeys (ConfUtils.java:logGet(43)) - raft.server.log.statemachine.data.sync.timeout = 10s (default)
2019-09-25 05:06:38,776 [pool-57-thread-1] INFO  server.RaftServerConfigKeys (ConfUtils.java:logGet(43)) - raft.server.log.statemachine.data.sync.timeout.retry = -1 (default)
2019-09-25 05:06:38,776 [pool-57-thread-1] INFO  server.RaftServerConfigKeys (ConfUtils.java:logGet(43)) - raft.server.log.statemachine.data.caching.enabled = true (custom)
2019-09-25 05:06:38,777 [pool-57-thread-1] INFO  segmented.SegmentedRaftLogWorker (SegmentedRaftLogWorker.java:lambda$new$0(132)) - de37f7a0-0375-40a9-a318-404478482fcb@group-004FB6FC5979-SegmentedRaftLogWorker: flushIndex: setUnconditionally 0 -> -1
2019-09-25 05:06:38,777 [pool-57-thread-1] INFO  server.RaftServerConfigKeys (ConfUtils.java:logGet(43)) - raft.server.snapshot.auto.trigger.enabled = true (custom)
2019-09-25 05:06:38,777 [pool-57-thread-1] INFO  server.RaftServerConfigKeys (ConfUtils.java:logGet(43)) - raft.server.snapshot.auto.trigger.threshold = 10000 (custom)
2019-09-25 05:06:38,777 [pool-57-thread-1] INFO  server.RaftServerConfigKeys (ConfUtils.java:logGet(43)) - raft.server.snapshot.retention.num.files = 5 (custom)
2019-09-25 05:06:38,778 [pool-57-thread-1] INFO  server.RaftServerConfigKeys (ConfUtils.java:logGet(43)) - raft.server.retrycache.expirytime = 600000ms (custom)
2019-09-25 05:06:38,779 [pool-57-thread-1] INFO  impl.RaftServerImpl (RaftServerImpl.java:start(185)) - de37f7a0-0375-40a9-a318-404478482fcb@group-004FB6FC5979: start as a follower, conf=-1: [de37f7a0-0375-40a9-a318-404478482fcb:192.168.30.10:44522], old=null
2019-09-25 05:06:38,779 [pool-57-thread-1] INFO  impl.RaftServerImpl (RaftServerImpl.java:setRole(174)) - de37f7a0-0375-40a9-a318-404478482fcb@group-004FB6FC5979: changes role from      null to FOLLOWER at term 0 for startAsFollower
2019-09-25 05:06:38,779 [pool-57-thread-1] INFO  impl.RoleInfo (RoleInfo.java:updateAndGet(143)) - de37f7a0-0375-40a9-a318-404478482fcb: start FollowerState
2019-09-25 05:06:38,780 [pool-57-thread-1] INFO  util.JmxRegister (JmxRegister.java:tryRegister(44)) - Successfully registered JMX Bean with object name Ratis:service=RaftServer,group=group-004FB6FC5979,id=de37f7a0-0375-40a9-a318-404478482fcb
2019-09-25 05:06:38,782 [RatisPipelineUtilsThread] INFO  pipeline.PipelineStateManager (PipelineStateManager.java:addPipeline(56)) - Created pipeline Pipeline[ Id: f60dcd3b-e673-45dd-9a16-004fb6fc5979, Nodes: de37f7a0-0375-40a9-a318-404478482fcb{ip: 192.168.30.10, host: pr-hdds-1569-s62bp-3040748787, networkLocation: /default-rack, certSerialId: null}, Type:RATIS, Factor:ONE, State:OPEN]
2019-09-25 05:06:38,786 [grpc-default-executor-1] INFO  impl.RaftServerProxy (RaftServerProxy.java:addNew(89)) - 692224c4-5202-4921-98cc-04d5c60c79cc: addNew group-D1D03DE76CDC:[692224c4-5202-4921-98cc-04d5c60c79cc:192.168.30.10:38144] returns group-D1D03DE76CDC:java.util.concurrent.CompletableFuture@5ea3d83[Not completed]
2019-09-25 05:06:38,787 [pool-67-thread-1] INFO  impl.RaftServerImpl (RaftServerImpl.java:<init>(95)) - 692224c4-5202-4921-98cc-04d5c60c79cc: new RaftServerImpl for group-D1D03DE76CDC:[692224c4-5202-4921-98cc-04d5c60c79cc:192.168.30.10:38144] with ContainerStateMachine:uninitialized
2019-09-25 05:06:38,787 [pool-67-thread-1] INFO  server.RaftServerConfigKeys (ConfUtils.java:logGet(43)) - raft.server.rpc.timeout.min = 5s (custom)
2019-09-25 05:06:38,788 [pool-67-thread-1] INFO  server.RaftServerConfigKeys (ConfUtils.java:logGet(43)) - raft.server.rpc.timeout.max = 5200ms (custom)
2019-09-25 05:06:38,788 [pool-67-thread-1] INFO  server.RaftServerConfigKeys (ConfUtils.java:logGet(43)) - raft.server.rpcslowness.timeout = 120s (custom)
2019-09-25 05:06:38,788 [pool-67-thread-1] INFO  server.RaftServerConfigKeys (ConfUtils.java:logGet(43)) - raft.server.sleep.deviation.threshold = 300 (default)
2019-09-25 05:06:38,788 [pool-67-thread-1] INFO  server.RaftServerConfigKeys (ConfUtils.java:logGet(43)) - raft.server.log.appender.install.snapshot.enabled = false (custom)
2019-09-25 05:06:38,788 [pool-67-thread-1] INFO  impl.RaftServerImpl (ServerState.java:<init>(103)) - 692224c4-5202-4921-98cc-04d5c60c79cc@group-D1D03DE76CDC: ConfigurationManager, init=-1: [692224c4-5202-4921-98cc-04d5c60c79cc:192.168.30.10:38144], old=null, confs=<EMPTY_MAP>
2019-09-25 05:06:38,788 [pool-67-thread-1] INFO  server.RaftServerConfigKeys (ConfUtils.java:logGet(43)) - raft.server.storage.dir = [/workdir/hadoop-ozone/integration-test/target/test-dir/MiniOzoneClusterImpl-23306158-e895-4fc7-80df-ce6c264c388b/datanode-4/data/ratis] (custom)
2019-09-25 05:06:38,789 [pool-67-thread-1] INFO  storage.RaftStorageDirectory (RaftStorageDirectory.java:analyzeStorage(246)) - The storage directory /workdir/hadoop-ozone/integration-test/target/test-dir/MiniOzoneClusterImpl-23306158-e895-4fc7-80df-ce6c264c388b/datanode-4/data/ratis/f72137d0-23cd-491a-9ef8-d1d03de76cdc does not exist. Creating ...
2019-09-25 05:06:38,793 [pool-67-thread-1] INFO  storage.RaftStorageDirectory (RaftStorageDirectory.java:tryLock(328)) - Lock on /workdir/hadoop-ozone/integration-test/target/test-dir/MiniOzoneClusterImpl-23306158-e895-4fc7-80df-ce6c264c388b/datanode-4/data/ratis/f72137d0-23cd-491a-9ef8-d1d03de76cdc/in_use.lock acquired by nodename 25526@pr-hdds-1569-s62bp-3040748787
2019-09-25 05:06:38,798 [pool-67-thread-1] INFO  storage.RaftStorage (RaftStorage.java:format(72)) - Storage directory /workdir/hadoop-ozone/integration-test/target/test-dir/MiniOzoneClusterImpl-23306158-e895-4fc7-80df-ce6c264c388b/datanode-4/data/ratis/f72137d0-23cd-491a-9ef8-d1d03de76cdc has been successfully formatted.
2019-09-25 05:06:38,799 [pool-67-thread-1] INFO  ratis.ContainerStateMachine (ContainerStateMachine.java:loadSnapshot(230)) - group-D1D03DE76CDC: The snapshot info is null. Setting the last applied indexto:(t:0, i:~)
2019-09-25 05:06:38,799 [pool-67-thread-1] INFO  server.RaftServerConfigKeys (ConfUtils.java:logGet(43)) - raft.server.notification.no-leader.timeout = 120s (custom)
2019-09-25 05:06:38,799 [pool-67-thread-1] INFO  server.RaftServerConfigKeys (ConfUtils.java:logGet(43)) - raft.server.log.use.memory = false (default)
2019-09-25 05:06:38,799 [pool-67-thread-1] INFO  server.RaftServerConfigKeys (ConfUtils.java:logGet(43)) - raft.server.log.purge.gap = 1000000 (custom)
2019-09-25 05:06:38,799 [pool-67-thread-1] INFO  server.RaftServerConfigKeys (ConfUtils.java:logGet(43)) - raft.server.log.appender.buffer.byte-limit = 33554432 (custom)
2019-09-25 05:06:38,799 [pool-67-thread-1] INFO  server.RaftServerConfigKeys (ConfUtils.java:logGet(43)) - raft.server.log.segment.size.max = 1048576 (custom)
2019-09-25 05:06:38,800 [pool-67-thread-1] INFO  server.RaftServerConfigKeys (ConfUtils.java:logGet(43)) - raft.server.log.segment.cache.num.max = 2 (custom)
2019-09-25 05:06:38,800 [pool-67-thread-1] INFO  segmented.SegmentedRaftLogWorker (SegmentedRaftLogWorker.java:<init>(172)) - new 692224c4-5202-4921-98cc-04d5c60c79cc@group-D1D03DE76CDC-SegmentedRaftLogWorker for RaftStorage:Storage Directory /workdir/hadoop-ozone/integration-test/target/test-dir/MiniOzoneClusterImpl-23306158-e895-4fc7-80df-ce6c264c388b/datanode-4/data/ratis/f72137d0-23cd-491a-9ef8-d1d03de76cdc
2019-09-25 05:06:38,800 [pool-67-thread-1] INFO  server.RaftServerConfigKeys (ConfUtils.java:logGet(43)) - raft.server.log.queue.byte-limit = 2147483647 (custom)
2019-09-25 05:06:38,800 [pool-67-thread-1] INFO  server.RaftServerConfigKeys (ConfUtils.java:logGet(43)) - raft.server.log.queue.element-limit = 1024 (custom)
2019-09-25 05:06:38,800 [pool-67-thread-1] INFO  server.RaftServerConfigKeys (ConfUtils.java:logGet(43)) - raft.server.log.segment.size.max = 1048576 (custom)
2019-09-25 05:06:38,800 [pool-67-thread-1] INFO  server.RaftServerConfigKeys (ConfUtils.java:logGet(43)) - raft.server.log.preallocated.size = 16384 (custom)
2019-09-25 05:06:38,800 [pool-67-thread-1] INFO  server.RaftServerConfigKeys (ConfUtils.java:logGet(43)) - raft.server.log.write.buffer.size = 33554432 (custom)
2019-09-25 05:06:38,801 [pool-67-thread-1] INFO  server.RaftServerConfigKeys (ConfUtils.java:logGet(43)) - raft.server.log.force.sync.num = 128 (default)
2019-09-25 05:06:38,801 [pool-67-thread-1] INFO  server.RaftServerConfigKeys (ConfUtils.java:logGet(43)) - raft.server.log.statemachine.data.sync = true (default)
2019-09-25 05:06:38,801 [pool-67-thread-1] INFO  server.RaftServerConfigKeys (ConfUtils.java:logGet(43)) - raft.server.log.statemachine.data.sync.timeout = 10s (default)
2019-09-25 05:06:38,801 [pool-67-thread-1] INFO  server.RaftServerConfigKeys (ConfUtils.java:logGet(43)) - raft.server.log.statemachine.data.sync.timeout.retry = -1 (default)
2019-09-25 05:06:38,801 [pool-67-thread-1] INFO  server.RaftServerConfigKeys (ConfUtils.java:logGet(43)) - raft.server.log.statemachine.data.caching.enabled = true (custom)
2019-09-25 05:06:38,801 [pool-67-thread-1] INFO  segmented.SegmentedRaftLogWorker (SegmentedRaftLogWorker.java:lambda$new$0(132)) - 692224c4-5202-4921-98cc-04d5c60c79cc@group-D1D03DE76CDC-SegmentedRaftLogWorker: flushIndex: setUnconditionally 0 -> -1
2019-09-25 05:06:38,802 [pool-67-thread-1] INFO  server.RaftServerConfigKeys (ConfUtils.java:logGet(43)) - raft.server.snapshot.auto.trigger.enabled = true (custom)
2019-09-25 05:06:38,802 [pool-67-thread-1] INFO  server.RaftServerConfigKeys (ConfUtils.java:logGet(43)) - raft.server.snapshot.auto.trigger.threshold = 10000 (custom)
2019-09-25 05:06:38,802 [pool-67-thread-1] INFO  server.RaftServerConfigKeys (ConfUtils.java:logGet(43)) - raft.server.snapshot.retention.num.files = 5 (custom)
2019-09-25 05:06:38,802 [pool-67-thread-1] INFO  server.RaftServerConfigKeys (ConfUtils.java:logGet(43)) - raft.server.retrycache.expirytime = 600000ms (custom)
2019-09-25 05:06:38,804 [pool-67-thread-1] INFO  impl.RaftServerImpl (RaftServerImpl.java:start(185)) - 692224c4-5202-4921-98cc-04d5c60c79cc@group-D1D03DE76CDC: start as a follower, conf=-1: [692224c4-5202-4921-98cc-04d5c60c79cc:192.168.30.10:38144], old=null
2019-09-25 05:06:38,804 [pool-67-thread-1] INFO  impl.RaftServerImpl (RaftServerImpl.java:setRole(174)) - 692224c4-5202-4921-98cc-04d5c60c79cc@group-D1D03DE76CDC: changes role from      null to FOLLOWER at term 0 for startAsFollower
2019-09-25 05:06:38,804 [pool-67-thread-1] INFO  impl.RoleInfo (RoleInfo.java:updateAndGet(143)) - 692224c4-5202-4921-98cc-04d5c60c79cc: start FollowerState
2019-09-25 05:06:38,804 [pool-67-thread-1] INFO  util.JmxRegister (JmxRegister.java:tryRegister(44)) - Successfully registered JMX Bean with object name Ratis:service=RaftServer,group=group-D1D03DE76CDC,id=692224c4-5202-4921-98cc-04d5c60c79cc
2019-09-25 05:06:38,806 [RatisPipelineUtilsThread] INFO  pipeline.PipelineStateManager (PipelineStateManager.java:addPipeline(56)) - Created pipeline Pipeline[ Id: f72137d0-23cd-491a-9ef8-d1d03de76cdc, Nodes: 692224c4-5202-4921-98cc-04d5c60c79cc{ip: 192.168.30.10, host: pr-hdds-1569-s62bp-3040748787, networkLocation: /default-rack, certSerialId: null}, Type:RATIS, Factor:ONE, State:OPEN]
2019-09-25 05:06:38,811 [grpc-default-executor-1] INFO  impl.RaftServerProxy (RaftServerProxy.java:addNew(89)) - 36ac27b3-2f11-437d-8f1f-165306b0ff4a: addNew group-3D1B0F350F7D:[36ac27b3-2f11-437d-8f1f-165306b0ff4a:192.168.30.10:45265] returns group-3D1B0F350F7D:java.util.concurrent.CompletableFuture@660179f4[Not completed]
2019-09-25 05:06:38,811 [pool-37-thread-1] INFO  impl.RaftServerImpl (RaftServerImpl.java:<init>(95)) - 36ac27b3-2f11-437d-8f1f-165306b0ff4a: new RaftServerImpl for group-3D1B0F350F7D:[36ac27b3-2f11-437d-8f1f-165306b0ff4a:192.168.30.10:45265] with ContainerStateMachine:uninitialized
2019-09-25 05:06:38,812 [pool-37-thread-1] INFO  server.RaftServerConfigKeys (ConfUtils.java:logGet(43)) - raft.server.rpc.timeout.min = 5s (custom)
2019-09-25 05:06:38,812 [pool-37-thread-1] INFO  server.RaftServerConfigKeys (ConfUtils.java:logGet(43)) - raft.server.rpc.timeout.max = 5200ms (custom)
2019-09-25 05:06:38,812 [pool-37-thread-1] INFO  server.RaftServerConfigKeys (ConfUtils.java:logGet(43)) - raft.server.rpcslowness.timeout = 120s (custom)
2019-09-25 05:06:38,812 [pool-37-thread-1] INFO  server.RaftServerConfigKeys (ConfUtils.java:logGet(43)) - raft.server.sleep.deviation.threshold = 300 (default)
2019-09-25 05:06:38,812 [pool-37-thread-1] INFO  server.RaftServerConfigKeys (ConfUtils.java:logGet(43)) - raft.server.log.appender.install.snapshot.enabled = false (custom)
2019-09-25 05:06:38,812 [pool-37-thread-1] INFO  impl.RaftServerImpl (ServerState.java:<init>(103)) - 36ac27b3-2f11-437d-8f1f-165306b0ff4a@group-3D1B0F350F7D: ConfigurationManager, init=-1: [36ac27b3-2f11-437d-8f1f-165306b0ff4a:192.168.30.10:45265], old=null, confs=<EMPTY_MAP>
2019-09-25 05:06:38,812 [pool-37-thread-1] INFO  server.RaftServerConfigKeys (ConfUtils.java:logGet(43)) - raft.server.storage.dir = [/workdir/hadoop-ozone/integration-test/target/test-dir/MiniOzoneClusterImpl-23306158-e895-4fc7-80df-ce6c264c388b/datanode-1/data/ratis] (custom)
2019-09-25 05:06:38,813 [pool-37-thread-1] INFO  storage.RaftStorageDirectory (RaftStorageDirectory.java:analyzeStorage(246)) - The storage directory /workdir/hadoop-ozone/integration-test/target/test-dir/MiniOzoneClusterImpl-23306158-e895-4fc7-80df-ce6c264c388b/datanode-1/data/ratis/c6bf18e4-437c-4cc6-bf7b-3d1b0f350f7d does not exist. Creating ...
2019-09-25 05:06:38,816 [pool-37-thread-1] INFO  storage.RaftStorageDirectory (RaftStorageDirectory.java:tryLock(328)) - Lock on /workdir/hadoop-ozone/integration-test/target/test-dir/MiniOzoneClusterImpl-23306158-e895-4fc7-80df-ce6c264c388b/datanode-1/data/ratis/c6bf18e4-437c-4cc6-bf7b-3d1b0f350f7d/in_use.lock acquired by nodename 25526@pr-hdds-1569-s62bp-3040748787
2019-09-25 05:06:38,820 [pool-37-thread-1] INFO  storage.RaftStorage (RaftStorage.java:format(72)) - Storage directory /workdir/hadoop-ozone/integration-test/target/test-dir/MiniOzoneClusterImpl-23306158-e895-4fc7-80df-ce6c264c388b/datanode-1/data/ratis/c6bf18e4-437c-4cc6-bf7b-3d1b0f350f7d has been successfully formatted.
2019-09-25 05:06:38,821 [pool-37-thread-1] INFO  ratis.ContainerStateMachine (ContainerStateMachine.java:loadSnapshot(230)) - group-3D1B0F350F7D: The snapshot info is null. Setting the last applied indexto:(t:0, i:~)
2019-09-25 05:06:38,821 [pool-37-thread-1] INFO  server.RaftServerConfigKeys (ConfUtils.java:logGet(43)) - raft.server.notification.no-leader.timeout = 120s (custom)
2019-09-25 05:06:38,821 [pool-37-thread-1] INFO  server.RaftServerConfigKeys (ConfUtils.java:logGet(43)) - raft.server.log.use.memory = false (default)
2019-09-25 05:06:38,821 [pool-37-thread-1] INFO  server.RaftServerConfigKeys (ConfUtils.java:logGet(43)) - raft.server.log.purge.gap = 1000000 (custom)
2019-09-25 05:06:38,821 [pool-37-thread-1] INFO  server.RaftServerConfigKeys (ConfUtils.java:logGet(43)) - raft.server.log.appender.buffer.byte-limit = 33554432 (custom)
2019-09-25 05:06:38,821 [pool-37-thread-1] INFO  server.RaftServerConfigKeys (ConfUtils.java:logGet(43)) - raft.server.log.segment.size.max = 1048576 (custom)
2019-09-25 05:06:38,821 [pool-37-thread-1] INFO  server.RaftServerConfigKeys (ConfUtils.java:logGet(43)) - raft.server.log.segment.cache.num.max = 2 (custom)
2019-09-25 05:06:38,822 [pool-37-thread-1] INFO  segmented.SegmentedRaftLogWorker (SegmentedRaftLogWorker.java:<init>(172)) - new 36ac27b3-2f11-437d-8f1f-165306b0ff4a@group-3D1B0F350F7D-SegmentedRaftLogWorker for RaftStorage:Storage Directory /workdir/hadoop-ozone/integration-test/target/test-dir/MiniOzoneClusterImpl-23306158-e895-4fc7-80df-ce6c264c388b/datanode-1/data/ratis/c6bf18e4-437c-4cc6-bf7b-3d1b0f350f7d
2019-09-25 05:06:38,822 [pool-37-thread-1] INFO  server.RaftServerConfigKeys (ConfUtils.java:logGet(43)) - raft.server.log.queue.byte-limit = 2147483647 (custom)
2019-09-25 05:06:38,822 [pool-37-thread-1] INFO  server.RaftServerConfigKeys (ConfUtils.java:logGet(43)) - raft.server.log.queue.element-limit = 1024 (custom)
2019-09-25 05:06:38,822 [pool-37-thread-1] INFO  server.RaftServerConfigKeys (ConfUtils.java:logGet(43)) - raft.server.log.segment.size.max = 1048576 (custom)
2019-09-25 05:06:38,822 [pool-37-thread-1] INFO  server.RaftServerConfigKeys (ConfUtils.java:logGet(43)) - raft.server.log.preallocated.size = 16384 (custom)
2019-09-25 05:06:38,822 [pool-37-thread-1] INFO  server.RaftServerConfigKeys (ConfUtils.java:logGet(43)) - raft.server.log.write.buffer.size = 33554432 (custom)
2019-09-25 05:06:38,822 [pool-37-thread-1] INFO  server.RaftServerConfigKeys (ConfUtils.java:logGet(43)) - raft.server.log.force.sync.num = 128 (default)
2019-09-25 05:06:38,823 [pool-37-thread-1] INFO  server.RaftServerConfigKeys (ConfUtils.java:logGet(43)) - raft.server.log.statemachine.data.sync = true (default)
2019-09-25 05:06:38,823 [pool-37-thread-1] INFO  server.RaftServerConfigKeys (ConfUtils.java:logGet(43)) - raft.server.log.statemachine.data.sync.timeout = 10s (default)
2019-09-25 05:06:38,823 [pool-37-thread-1] INFO  server.RaftServerConfigKeys (ConfUtils.java:logGet(43)) - raft.server.log.statemachine.data.sync.timeout.retry = -1 (default)
2019-09-25 05:06:38,823 [pool-37-thread-1] INFO  server.RaftServerConfigKeys (ConfUtils.java:logGet(43)) - raft.server.log.statemachine.data.caching.enabled = true (custom)
2019-09-25 05:06:38,823 [pool-37-thread-1] INFO  segmented.SegmentedRaftLogWorker (SegmentedRaftLogWorker.java:lambda$new$0(132)) - 36ac27b3-2f11-437d-8f1f-165306b0ff4a@group-3D1B0F350F7D-SegmentedRaftLogWorker: flushIndex: setUnconditionally 0 -> -1
2019-09-25 05:06:38,824 [pool-37-thread-1] INFO  server.RaftServerConfigKeys (ConfUtils.java:logGet(43)) - raft.server.snapshot.auto.trigger.enabled = true (custom)
2019-09-25 05:06:38,824 [pool-37-thread-1] INFO  server.RaftServerConfigKeys (ConfUtils.java:logGet(43)) - raft.server.snapshot.auto.trigger.threshold = 10000 (custom)
2019-09-25 05:06:38,824 [pool-37-thread-1] INFO  server.RaftServerConfigKeys (ConfUtils.java:logGet(43)) - raft.server.snapshot.retention.num.files = 5 (custom)
2019-09-25 05:06:38,824 [pool-37-thread-1] INFO  server.RaftServerConfigKeys (ConfUtils.java:logGet(43)) - raft.server.retrycache.expirytime = 600000ms (custom)
2019-09-25 05:06:38,827 [pool-37-thread-1] INFO  impl.RaftServerImpl (RaftServerImpl.java:start(185)) - 36ac27b3-2f11-437d-8f1f-165306b0ff4a@group-3D1B0F350F7D: start as a follower, conf=-1: [36ac27b3-2f11-437d-8f1f-165306b0ff4a:192.168.30.10:45265], old=null
2019-09-25 05:06:38,827 [pool-37-thread-1] INFO  impl.RaftServerImpl (RaftServerImpl.java:setRole(174)) - 36ac27b3-2f11-437d-8f1f-165306b0ff4a@group-3D1B0F350F7D: changes role from      null to FOLLOWER at term 0 for startAsFollower
2019-09-25 05:06:38,827 [pool-37-thread-1] INFO  impl.RoleInfo (RoleInfo.java:updateAndGet(143)) - 36ac27b3-2f11-437d-8f1f-165306b0ff4a: start FollowerState
2019-09-25 05:06:38,827 [pool-37-thread-1] INFO  util.JmxRegister (JmxRegister.java:tryRegister(44)) - Successfully registered JMX Bean with object name Ratis:service=RaftServer,group=group-3D1B0F350F7D,id=36ac27b3-2f11-437d-8f1f-165306b0ff4a
2019-09-25 05:06:38,830 [RatisPipelineUtilsThread] INFO  pipeline.PipelineStateManager (PipelineStateManager.java:addPipeline(56)) - Created pipeline Pipeline[ Id: c6bf18e4-437c-4cc6-bf7b-3d1b0f350f7d, Nodes: 36ac27b3-2f11-437d-8f1f-165306b0ff4a{ip: 192.168.30.10, host: pr-hdds-1569-s62bp-3040748787, networkLocation: /default-rack, certSerialId: null}, Type:RATIS, Factor:ONE, State:OPEN]
2019-09-25 05:06:38,835 [grpc-default-executor-1] INFO  impl.RaftServerProxy (RaftServerProxy.java:addNew(89)) - b4fa7d23-6606-45fd-9544-2b08ca3fa933: addNew group-066198227AC4:[b4fa7d23-6606-45fd-9544-2b08ca3fa933:192.168.30.10:34493] returns group-066198227AC4:java.util.concurrent.CompletableFuture@5376a3df[Not completed]
2019-09-25 05:06:38,836 [pool-77-thread-1] INFO  impl.RaftServerImpl (RaftServerImpl.java:<init>(95)) - b4fa7d23-6606-45fd-9544-2b08ca3fa933: new RaftServerImpl for group-066198227AC4:[b4fa7d23-6606-45fd-9544-2b08ca3fa933:192.168.30.10:34493] with ContainerStateMachine:uninitialized
2019-09-25 05:06:38,836 [pool-77-thread-1] INFO  server.RaftServerConfigKeys (ConfUtils.java:logGet(43)) - raft.server.rpc.timeout.min = 5s (custom)
2019-09-25 05:06:38,836 [pool-77-thread-1] INFO  server.RaftServerConfigKeys (ConfUtils.java:logGet(43)) - raft.server.rpc.timeout.max = 5200ms (custom)
2019-09-25 05:06:38,836 [pool-77-thread-1] INFO  server.RaftServerConfigKeys (ConfUtils.java:logGet(43)) - raft.server.rpcslowness.timeout = 120s (custom)
2019-09-25 05:06:38,837 [pool-77-thread-1] INFO  server.RaftServerConfigKeys (ConfUtils.java:logGet(43)) - raft.server.sleep.deviation.threshold = 300 (default)
2019-09-25 05:06:38,837 [pool-77-thread-1] INFO  server.RaftServerConfigKeys (ConfUtils.java:logGet(43)) - raft.server.log.appender.install.snapshot.enabled = false (custom)
2019-09-25 05:06:38,837 [pool-77-thread-1] INFO  impl.RaftServerImpl (ServerState.java:<init>(103)) - b4fa7d23-6606-45fd-9544-2b08ca3fa933@group-066198227AC4: ConfigurationManager, init=-1: [b4fa7d23-6606-45fd-9544-2b08ca3fa933:192.168.30.10:34493], old=null, confs=<EMPTY_MAP>
2019-09-25 05:06:38,837 [pool-77-thread-1] INFO  server.RaftServerConfigKeys (ConfUtils.java:logGet(43)) - raft.server.storage.dir = [/workdir/hadoop-ozone/integration-test/target/test-dir/MiniOzoneClusterImpl-23306158-e895-4fc7-80df-ce6c264c388b/datanode-5/data/ratis] (custom)
2019-09-25 05:06:38,838 [pool-77-thread-1] INFO  storage.RaftStorageDirectory (RaftStorageDirectory.java:analyzeStorage(246)) - The storage directory /workdir/hadoop-ozone/integration-test/target/test-dir/MiniOzoneClusterImpl-23306158-e895-4fc7-80df-ce6c264c388b/datanode-5/data/ratis/4addc580-ff30-4c01-84d9-066198227ac4 does not exist. Creating ...
2019-09-25 05:06:38,843 [pool-77-thread-1] INFO  storage.RaftStorageDirectory (RaftStorageDirectory.java:tryLock(328)) - Lock on /workdir/hadoop-ozone/integration-test/target/test-dir/MiniOzoneClusterImpl-23306158-e895-4fc7-80df-ce6c264c388b/datanode-5/data/ratis/4addc580-ff30-4c01-84d9-066198227ac4/in_use.lock acquired by nodename 25526@pr-hdds-1569-s62bp-3040748787
2019-09-25 05:06:38,877 [pool-77-thread-1] INFO  storage.RaftStorage (RaftStorage.java:format(72)) - Storage directory /workdir/hadoop-ozone/integration-test/target/test-dir/MiniOzoneClusterImpl-23306158-e895-4fc7-80df-ce6c264c388b/datanode-5/data/ratis/4addc580-ff30-4c01-84d9-066198227ac4 has been successfully formatted.
2019-09-25 05:06:38,877 [pool-77-thread-1] INFO  ratis.ContainerStateMachine (ContainerStateMachine.java:loadSnapshot(230)) - group-066198227AC4: The snapshot info is null. Setting the last applied indexto:(t:0, i:~)
2019-09-25 05:06:38,877 [pool-77-thread-1] INFO  server.RaftServerConfigKeys (ConfUtils.java:logGet(43)) - raft.server.notification.no-leader.timeout = 120s (custom)
2019-09-25 05:06:38,877 [pool-77-thread-1] INFO  server.RaftServerConfigKeys (ConfUtils.java:logGet(43)) - raft.server.log.use.memory = false (default)
2019-09-25 05:06:38,878 [pool-77-thread-1] INFO  server.RaftServerConfigKeys (ConfUtils.java:logGet(43)) - raft.server.log.purge.gap = 1000000 (custom)
2019-09-25 05:06:38,878 [pool-77-thread-1] INFO  server.RaftServerConfigKeys (ConfUtils.java:logGet(43)) - raft.server.log.appender.buffer.byte-limit = 33554432 (custom)
2019-09-25 05:06:38,878 [pool-77-thread-1] INFO  server.RaftServerConfigKeys (ConfUtils.java:logGet(43)) - raft.server.log.segment.size.max = 1048576 (custom)
2019-09-25 05:06:38,878 [pool-77-thread-1] INFO  server.RaftServerConfigKeys (ConfUtils.java:logGet(43)) - raft.server.log.segment.cache.num.max = 2 (custom)
2019-09-25 05:06:38,879 [pool-77-thread-1] INFO  segmented.SegmentedRaftLogWorker (SegmentedRaftLogWorker.java:<init>(172)) - new b4fa7d23-6606-45fd-9544-2b08ca3fa933@group-066198227AC4-SegmentedRaftLogWorker for RaftStorage:Storage Directory /workdir/hadoop-ozone/integration-test/target/test-dir/MiniOzoneClusterImpl-23306158-e895-4fc7-80df-ce6c264c388b/datanode-5/data/ratis/4addc580-ff30-4c01-84d9-066198227ac4
2019-09-25 05:06:38,879 [pool-77-thread-1] INFO  server.RaftServerConfigKeys (ConfUtils.java:logGet(43)) - raft.server.log.queue.byte-limit = 2147483647 (custom)
2019-09-25 05:06:38,879 [pool-77-thread-1] INFO  server.RaftServerConfigKeys (ConfUtils.java:logGet(43)) - raft.server.log.queue.element-limit = 1024 (custom)
2019-09-25 05:06:38,879 [pool-77-thread-1] INFO  server.RaftServerConfigKeys (ConfUtils.java:logGet(43)) - raft.server.log.segment.size.max = 1048576 (custom)
2019-09-25 05:06:38,880 [pool-77-thread-1] INFO  server.RaftServerConfigKeys (ConfUtils.java:logGet(43)) - raft.server.log.preallocated.size = 16384 (custom)
2019-09-25 05:06:38,880 [pool-77-thread-1] INFO  server.RaftServerConfigKeys (ConfUtils.java:logGet(43)) - raft.server.log.write.buffer.size = 33554432 (custom)
2019-09-25 05:06:38,880 [pool-77-thread-1] INFO  server.RaftServerConfigKeys (ConfUtils.java:logGet(43)) - raft.server.log.force.sync.num = 128 (default)
2019-09-25 05:06:38,880 [pool-77-thread-1] INFO  server.RaftServerConfigKeys (ConfUtils.java:logGet(43)) - raft.server.log.statemachine.data.sync = true (default)
2019-09-25 05:06:38,880 [pool-77-thread-1] INFO  server.RaftServerConfigKeys (ConfUtils.java:logGet(43)) - raft.server.log.statemachine.data.sync.timeout = 10s (default)
2019-09-25 05:06:38,881 [pool-77-thread-1] INFO  server.RaftServerConfigKeys (ConfUtils.java:logGet(43)) - raft.server.log.statemachine.data.sync.timeout.retry = -1 (default)
2019-09-25 05:06:38,881 [pool-77-thread-1] INFO  server.RaftServerConfigKeys (ConfUtils.java:logGet(43)) - raft.server.log.statemachine.data.caching.enabled = true (custom)
2019-09-25 05:06:38,881 [pool-77-thread-1] INFO  segmented.SegmentedRaftLogWorker (SegmentedRaftLogWorker.java:lambda$new$0(132)) - b4fa7d23-6606-45fd-9544-2b08ca3fa933@group-066198227AC4-SegmentedRaftLogWorker: flushIndex: setUnconditionally 0 -> -1
2019-09-25 05:06:38,882 [pool-77-thread-1] INFO  server.RaftServerConfigKeys (ConfUtils.java:logGet(43)) - raft.server.snapshot.auto.trigger.enabled = true (custom)
2019-09-25 05:06:38,882 [pool-77-thread-1] INFO  server.RaftServerConfigKeys (ConfUtils.java:logGet(43)) - raft.server.snapshot.auto.trigger.threshold = 10000 (custom)
2019-09-25 05:06:38,882 [pool-77-thread-1] INFO  server.RaftServerConfigKeys (ConfUtils.java:logGet(43)) - raft.server.snapshot.retention.num.files = 5 (custom)
2019-09-25 05:06:38,882 [pool-77-thread-1] INFO  server.RaftServerConfigKeys (ConfUtils.java:logGet(43)) - raft.server.retrycache.expirytime = 600000ms (custom)
2019-09-25 05:06:38,884 [pool-77-thread-1] INFO  impl.RaftServerImpl (RaftServerImpl.java:start(185)) - b4fa7d23-6606-45fd-9544-2b08ca3fa933@group-066198227AC4: start as a follower, conf=-1: [b4fa7d23-6606-45fd-9544-2b08ca3fa933:192.168.30.10:34493], old=null
2019-09-25 05:06:38,884 [pool-77-thread-1] INFO  impl.RaftServerImpl (RaftServerImpl.java:setRole(174)) - b4fa7d23-6606-45fd-9544-2b08ca3fa933@group-066198227AC4: changes role from      null to FOLLOWER at term 0 for startAsFollower
2019-09-25 05:06:38,884 [pool-77-thread-1] INFO  impl.RoleInfo (RoleInfo.java:updateAndGet(143)) - b4fa7d23-6606-45fd-9544-2b08ca3fa933: start FollowerState
2019-09-25 05:06:38,885 [pool-77-thread-1] INFO  util.JmxRegister (JmxRegister.java:tryRegister(44)) - Successfully registered JMX Bean with object name Ratis:service=RaftServer,group=group-066198227AC4,id=b4fa7d23-6606-45fd-9544-2b08ca3fa933
2019-09-25 05:06:38,888 [RatisPipelineUtilsThread] INFO  pipeline.PipelineStateManager (PipelineStateManager.java:addPipeline(56)) - Created pipeline Pipeline[ Id: 4addc580-ff30-4c01-84d9-066198227ac4, Nodes: b4fa7d23-6606-45fd-9544-2b08ca3fa933{ip: 192.168.30.10, host: pr-hdds-1569-s62bp-3040748787, networkLocation: /default-rack, certSerialId: null}, Type:RATIS, Factor:ONE, State:OPEN]
2019-09-25 05:06:38,893 [grpc-default-executor-1] INFO  impl.RaftServerProxy (RaftServerProxy.java:addNew(89)) - 36ac27b3-2f11-437d-8f1f-165306b0ff4a: addNew group-8F9482EFFF29:[36ac27b3-2f11-437d-8f1f-165306b0ff4a:192.168.30.10:45265] returns group-8F9482EFFF29:java.util.concurrent.CompletableFuture@654944d6[Not completed]
2019-09-25 05:06:38,894 [pool-37-thread-1] INFO  impl.RaftServerImpl (RaftServerImpl.java:<init>(95)) - 36ac27b3-2f11-437d-8f1f-165306b0ff4a: new RaftServerImpl for group-8F9482EFFF29:[36ac27b3-2f11-437d-8f1f-165306b0ff4a:192.168.30.10:45265] with ContainerStateMachine:uninitialized
2019-09-25 05:06:38,894 [pool-37-thread-1] INFO  server.RaftServerConfigKeys (ConfUtils.java:logGet(43)) - raft.server.rpc.timeout.min = 5s (custom)
2019-09-25 05:06:38,894 [pool-37-thread-1] INFO  server.RaftServerConfigKeys (ConfUtils.java:logGet(43)) - raft.server.rpc.timeout.max = 5200ms (custom)
2019-09-25 05:06:38,895 [pool-37-thread-1] INFO  server.RaftServerConfigKeys (ConfUtils.java:logGet(43)) - raft.server.rpcslowness.timeout = 120s (custom)
2019-09-25 05:06:38,895 [pool-37-thread-1] INFO  server.RaftServerConfigKeys (ConfUtils.java:logGet(43)) - raft.server.sleep.deviation.threshold = 300 (default)
2019-09-25 05:06:38,895 [pool-37-thread-1] INFO  server.RaftServerConfigKeys (ConfUtils.java:logGet(43)) - raft.server.log.appender.install.snapshot.enabled = false (custom)
2019-09-25 05:06:38,895 [pool-37-thread-1] INFO  impl.RaftServerImpl (ServerState.java:<init>(103)) - 36ac27b3-2f11-437d-8f1f-165306b0ff4a@group-8F9482EFFF29: ConfigurationManager, init=-1: [36ac27b3-2f11-437d-8f1f-165306b0ff4a:192.168.30.10:45265], old=null, confs=<EMPTY_MAP>
2019-09-25 05:06:38,895 [pool-37-thread-1] INFO  server.RaftServerConfigKeys (ConfUtils.java:logGet(43)) - raft.server.storage.dir = [/workdir/hadoop-ozone/integration-test/target/test-dir/MiniOzoneClusterImpl-23306158-e895-4fc7-80df-ce6c264c388b/datanode-1/data/ratis] (custom)
2019-09-25 05:06:38,896 [pool-37-thread-1] INFO  storage.RaftStorageDirectory (RaftStorageDirectory.java:analyzeStorage(246)) - The storage directory /workdir/hadoop-ozone/integration-test/target/test-dir/MiniOzoneClusterImpl-23306158-e895-4fc7-80df-ce6c264c388b/datanode-1/data/ratis/a78e0a62-6bd6-43ff-9dc9-8f9482efff29 does not exist. Creating ...
2019-09-25 05:06:38,909 [pool-37-thread-1] INFO  storage.RaftStorageDirectory (RaftStorageDirectory.java:tryLock(328)) - Lock on /workdir/hadoop-ozone/integration-test/target/test-dir/MiniOzoneClusterImpl-23306158-e895-4fc7-80df-ce6c264c388b/datanode-1/data/ratis/a78e0a62-6bd6-43ff-9dc9-8f9482efff29/in_use.lock acquired by nodename 25526@pr-hdds-1569-s62bp-3040748787
2019-09-25 05:06:38,922 [pool-37-thread-1] INFO  storage.RaftStorage (RaftStorage.java:format(72)) - Storage directory /workdir/hadoop-ozone/integration-test/target/test-dir/MiniOzoneClusterImpl-23306158-e895-4fc7-80df-ce6c264c388b/datanode-1/data/ratis/a78e0a62-6bd6-43ff-9dc9-8f9482efff29 has been successfully formatted.
2019-09-25 05:06:38,922 [pool-37-thread-1] INFO  ratis.ContainerStateMachine (ContainerStateMachine.java:loadSnapshot(230)) - group-8F9482EFFF29: The snapshot info is null. Setting the last applied indexto:(t:0, i:~)
2019-09-25 05:06:38,922 [pool-37-thread-1] INFO  server.RaftServerConfigKeys (ConfUtils.java:logGet(43)) - raft.server.notification.no-leader.timeout = 120s (custom)
2019-09-25 05:06:38,922 [pool-37-thread-1] INFO  server.RaftServerConfigKeys (ConfUtils.java:logGet(43)) - raft.server.log.use.memory = false (default)
2019-09-25 05:06:38,923 [pool-37-thread-1] INFO  server.RaftServerConfigKeys (ConfUtils.java:logGet(43)) - raft.server.log.purge.gap = 1000000 (custom)
2019-09-25 05:06:38,923 [pool-37-thread-1] INFO  server.RaftServerConfigKeys (ConfUtils.java:logGet(43)) - raft.server.log.appender.buffer.byte-limit = 33554432 (custom)
2019-09-25 05:06:38,923 [pool-37-thread-1] INFO  server.RaftServerConfigKeys (ConfUtils.java:logGet(43)) - raft.server.log.segment.size.max = 1048576 (custom)
2019-09-25 05:06:38,923 [pool-37-thread-1] INFO  server.RaftServerConfigKeys (ConfUtils.java:logGet(43)) - raft.server.log.segment.cache.num.max = 2 (custom)
2019-09-25 05:06:38,923 [pool-37-thread-1] INFO  segmented.SegmentedRaftLogWorker (SegmentedRaftLogWorker.java:<init>(172)) - new 36ac27b3-2f11-437d-8f1f-165306b0ff4a@group-8F9482EFFF29-SegmentedRaftLogWorker for RaftStorage:Storage Directory /workdir/hadoop-ozone/integration-test/target/test-dir/MiniOzoneClusterImpl-23306158-e895-4fc7-80df-ce6c264c388b/datanode-1/data/ratis/a78e0a62-6bd6-43ff-9dc9-8f9482efff29
2019-09-25 05:06:38,923 [pool-37-thread-1] INFO  server.RaftServerConfigKeys (ConfUtils.java:logGet(43)) - raft.server.log.queue.byte-limit = 2147483647 (custom)
2019-09-25 05:06:38,924 [pool-37-thread-1] INFO  server.RaftServerConfigKeys (ConfUtils.java:logGet(43)) - raft.server.log.queue.element-limit = 1024 (custom)
2019-09-25 05:06:38,924 [pool-37-thread-1] INFO  server.RaftServerConfigKeys (ConfUtils.java:logGet(43)) - raft.server.log.segment.size.max = 1048576 (custom)
2019-09-25 05:06:38,924 [pool-37-thread-1] INFO  server.RaftServerConfigKeys (ConfUtils.java:logGet(43)) - raft.server.log.preallocated.size = 16384 (custom)
2019-09-25 05:06:38,924 [pool-37-thread-1] INFO  server.RaftServerConfigKeys (ConfUtils.java:logGet(43)) - raft.server.log.write.buffer.size = 33554432 (custom)
2019-09-25 05:06:38,924 [pool-37-thread-1] INFO  server.RaftServerConfigKeys (ConfUtils.java:logGet(43)) - raft.server.log.force.sync.num = 128 (default)
2019-09-25 05:06:38,924 [pool-37-thread-1] INFO  server.RaftServerConfigKeys (ConfUtils.java:logGet(43)) - raft.server.log.statemachine.data.sync = true (default)
2019-09-25 05:06:38,924 [pool-37-thread-1] INFO  server.RaftServerConfigKeys (ConfUtils.java:logGet(43)) - raft.server.log.statemachine.data.sync.timeout = 10s (default)
2019-09-25 05:06:38,925 [pool-37-thread-1] INFO  server.RaftServerConfigKeys (ConfUtils.java:logGet(43)) - raft.server.log.statemachine.data.sync.timeout.retry = -1 (default)
2019-09-25 05:06:38,925 [pool-37-thread-1] INFO  server.RaftServerConfigKeys (ConfUtils.java:logGet(43)) - raft.server.log.statemachine.data.caching.enabled = true (custom)
2019-09-25 05:06:38,925 [pool-37-thread-1] INFO  segmented.SegmentedRaftLogWorker (SegmentedRaftLogWorker.java:lambda$new$0(132)) - 36ac27b3-2f11-437d-8f1f-165306b0ff4a@group-8F9482EFFF29-SegmentedRaftLogWorker: flushIndex: setUnconditionally 0 -> -1
2019-09-25 05:06:38,925 [pool-37-thread-1] INFO  server.RaftServerConfigKeys (ConfUtils.java:logGet(43)) - raft.server.snapshot.auto.trigger.enabled = true (custom)
2019-09-25 05:06:38,926 [pool-37-thread-1] INFO  server.RaftServerConfigKeys (ConfUtils.java:logGet(43)) - raft.server.snapshot.auto.trigger.threshold = 10000 (custom)
2019-09-25 05:06:38,926 [pool-37-thread-1] INFO  server.RaftServerConfigKeys (ConfUtils.java:logGet(43)) - raft.server.snapshot.retention.num.files = 5 (custom)
2019-09-25 05:06:38,926 [pool-37-thread-1] INFO  server.RaftServerConfigKeys (ConfUtils.java:logGet(43)) - raft.server.retrycache.expirytime = 600000ms (custom)
2019-09-25 05:06:38,927 [pool-37-thread-1] INFO  impl.RaftServerImpl (RaftServerImpl.java:start(185)) - 36ac27b3-2f11-437d-8f1f-165306b0ff4a@group-8F9482EFFF29: start as a follower, conf=-1: [36ac27b3-2f11-437d-8f1f-165306b0ff4a:192.168.30.10:45265], old=null
2019-09-25 05:06:38,928 [pool-37-thread-1] INFO  impl.RaftServerImpl (RaftServerImpl.java:setRole(174)) - 36ac27b3-2f11-437d-8f1f-165306b0ff4a@group-8F9482EFFF29: changes role from      null to FOLLOWER at term 0 for startAsFollower
2019-09-25 05:06:38,928 [pool-37-thread-1] INFO  impl.RoleInfo (RoleInfo.java:updateAndGet(143)) - 36ac27b3-2f11-437d-8f1f-165306b0ff4a: start FollowerState
2019-09-25 05:06:38,928 [pool-37-thread-1] INFO  util.JmxRegister (JmxRegister.java:tryRegister(44)) - Successfully registered JMX Bean with object name Ratis:service=RaftServer,group=group-8F9482EFFF29,id=36ac27b3-2f11-437d-8f1f-165306b0ff4a
2019-09-25 05:06:38,931 [RatisPipelineUtilsThread] INFO  pipeline.PipelineStateManager (PipelineStateManager.java:addPipeline(56)) - Created pipeline Pipeline[ Id: a78e0a62-6bd6-43ff-9dc9-8f9482efff29, Nodes: 36ac27b3-2f11-437d-8f1f-165306b0ff4a{ip: 192.168.30.10, host: pr-hdds-1569-s62bp-3040748787, networkLocation: /default-rack, certSerialId: null}, Type:RATIS, Factor:ONE, State:OPEN]
2019-09-25 05:06:38,936 [grpc-default-executor-1] INFO  impl.RaftServerProxy (RaftServerProxy.java:addNew(89)) - c8798e02-7f0c-41f7-82c2-a17323bcf21e: addNew group-27685CAB4247:[c8798e02-7f0c-41f7-82c2-a17323bcf21e:192.168.30.10:40603] returns group-27685CAB4247:java.util.concurrent.CompletableFuture@2044bb57[Not completed]
2019-09-25 05:06:38,937 [pool-47-thread-1] INFO  impl.RaftServerImpl (RaftServerImpl.java:<init>(95)) - c8798e02-7f0c-41f7-82c2-a17323bcf21e: new RaftServerImpl for group-27685CAB4247:[c8798e02-7f0c-41f7-82c2-a17323bcf21e:192.168.30.10:40603] with ContainerStateMachine:uninitialized
2019-09-25 05:06:38,937 [pool-47-thread-1] INFO  server.RaftServerConfigKeys (ConfUtils.java:logGet(43)) - raft.server.rpc.timeout.min = 5s (custom)
2019-09-25 05:06:38,937 [pool-47-thread-1] INFO  server.RaftServerConfigKeys (ConfUtils.java:logGet(43)) - raft.server.rpc.timeout.max = 5200ms (custom)
2019-09-25 05:06:38,938 [pool-47-thread-1] INFO  server.RaftServerConfigKeys (ConfUtils.java:logGet(43)) - raft.server.rpcslowness.timeout = 120s (custom)
2019-09-25 05:06:38,938 [pool-47-thread-1] INFO  server.RaftServerConfigKeys (ConfUtils.java:logGet(43)) - raft.server.sleep.deviation.threshold = 300 (default)
2019-09-25 05:06:38,938 [pool-47-thread-1] INFO  server.RaftServerConfigKeys (ConfUtils.java:logGet(43)) - raft.server.log.appender.install.snapshot.enabled = false (custom)
2019-09-25 05:06:38,938 [pool-47-thread-1] INFO  impl.RaftServerImpl (ServerState.java:<init>(103)) - c8798e02-7f0c-41f7-82c2-a17323bcf21e@group-27685CAB4247: ConfigurationManager, init=-1: [c8798e02-7f0c-41f7-82c2-a17323bcf21e:192.168.30.10:40603], old=null, confs=<EMPTY_MAP>
2019-09-25 05:06:38,938 [pool-47-thread-1] INFO  server.RaftServerConfigKeys (ConfUtils.java:logGet(43)) - raft.server.storage.dir = [/workdir/hadoop-ozone/integration-test/target/test-dir/MiniOzoneClusterImpl-23306158-e895-4fc7-80df-ce6c264c388b/datanode-2/data/ratis] (custom)
2019-09-25 05:06:38,939 [pool-47-thread-1] INFO  storage.RaftStorageDirectory (RaftStorageDirectory.java:analyzeStorage(246)) - The storage directory /workdir/hadoop-ozone/integration-test/target/test-dir/MiniOzoneClusterImpl-23306158-e895-4fc7-80df-ce6c264c388b/datanode-2/data/ratis/50221933-38d9-4a0d-b814-27685cab4247 does not exist. Creating ...
2019-09-25 05:06:38,952 [pool-47-thread-1] INFO  storage.RaftStorageDirectory (RaftStorageDirectory.java:tryLock(328)) - Lock on /workdir/hadoop-ozone/integration-test/target/test-dir/MiniOzoneClusterImpl-23306158-e895-4fc7-80df-ce6c264c388b/datanode-2/data/ratis/50221933-38d9-4a0d-b814-27685cab4247/in_use.lock acquired by nodename 25526@pr-hdds-1569-s62bp-3040748787
2019-09-25 05:06:38,966 [pool-47-thread-1] INFO  storage.RaftStorage (RaftStorage.java:format(72)) - Storage directory /workdir/hadoop-ozone/integration-test/target/test-dir/MiniOzoneClusterImpl-23306158-e895-4fc7-80df-ce6c264c388b/datanode-2/data/ratis/50221933-38d9-4a0d-b814-27685cab4247 has been successfully formatted.
2019-09-25 05:06:38,966 [pool-47-thread-1] INFO  ratis.ContainerStateMachine (ContainerStateMachine.java:loadSnapshot(230)) - group-27685CAB4247: The snapshot info is null. Setting the last applied indexto:(t:0, i:~)
2019-09-25 05:06:38,966 [pool-47-thread-1] INFO  server.RaftServerConfigKeys (ConfUtils.java:logGet(43)) - raft.server.notification.no-leader.timeout = 120s (custom)
2019-09-25 05:06:38,966 [pool-47-thread-1] INFO  server.RaftServerConfigKeys (ConfUtils.java:logGet(43)) - raft.server.log.use.memory = false (default)
2019-09-25 05:06:38,966 [pool-47-thread-1] INFO  server.RaftServerConfigKeys (ConfUtils.java:logGet(43)) - raft.server.log.purge.gap = 1000000 (custom)
2019-09-25 05:06:38,966 [pool-47-thread-1] INFO  server.RaftServerConfigKeys (ConfUtils.java:logGet(43)) - raft.server.log.appender.buffer.byte-limit = 33554432 (custom)
2019-09-25 05:06:38,967 [pool-47-thread-1] INFO  server.RaftServerConfigKeys (ConfUtils.java:logGet(43)) - raft.server.log.segment.size.max = 1048576 (custom)
2019-09-25 05:06:38,967 [pool-47-thread-1] INFO  server.RaftServerConfigKeys (ConfUtils.java:logGet(43)) - raft.server.log.segment.cache.num.max = 2 (custom)
2019-09-25 05:06:38,967 [pool-47-thread-1] INFO  segmented.SegmentedRaftLogWorker (SegmentedRaftLogWorker.java:<init>(172)) - new c8798e02-7f0c-41f7-82c2-a17323bcf21e@group-27685CAB4247-SegmentedRaftLogWorker for RaftStorage:Storage Directory /workdir/hadoop-ozone/integration-test/target/test-dir/MiniOzoneClusterImpl-23306158-e895-4fc7-80df-ce6c264c388b/datanode-2/data/ratis/50221933-38d9-4a0d-b814-27685cab4247
2019-09-25 05:06:38,967 [pool-47-thread-1] INFO  server.RaftServerConfigKeys (ConfUtils.java:logGet(43)) - raft.server.log.queue.byte-limit = 2147483647 (custom)
2019-09-25 05:06:38,967 [pool-47-thread-1] INFO  server.RaftServerConfigKeys (ConfUtils.java:logGet(43)) - raft.server.log.queue.element-limit = 1024 (custom)
2019-09-25 05:06:38,967 [pool-47-thread-1] INFO  server.RaftServerConfigKeys (ConfUtils.java:logGet(43)) - raft.server.log.segment.size.max = 1048576 (custom)
2019-09-25 05:06:38,968 [pool-47-thread-1] INFO  server.RaftServerConfigKeys (ConfUtils.java:logGet(43)) - raft.server.log.preallocated.size = 16384 (custom)
2019-09-25 05:06:38,968 [pool-47-thread-1] INFO  server.RaftServerConfigKeys (ConfUtils.java:logGet(43)) - raft.server.log.write.buffer.size = 33554432 (custom)
2019-09-25 05:06:38,968 [pool-47-thread-1] INFO  server.RaftServerConfigKeys (ConfUtils.java:logGet(43)) - raft.server.log.force.sync.num = 128 (default)
2019-09-25 05:06:38,968 [pool-47-thread-1] INFO  server.RaftServerConfigKeys (ConfUtils.java:logGet(43)) - raft.server.log.statemachine.data.sync = true (default)
2019-09-25 05:06:38,968 [pool-47-thread-1] INFO  server.RaftServerConfigKeys (ConfUtils.java:logGet(43)) - raft.server.log.statemachine.data.sync.timeout = 10s (default)
2019-09-25 05:06:38,968 [pool-47-thread-1] INFO  server.RaftServerConfigKeys (ConfUtils.java:logGet(43)) - raft.server.log.statemachine.data.sync.timeout.retry = -1 (default)
2019-09-25 05:06:38,968 [pool-47-thread-1] INFO  server.RaftServerConfigKeys (ConfUtils.java:logGet(43)) - raft.server.log.statemachine.data.caching.enabled = true (custom)
2019-09-25 05:06:38,969 [pool-47-thread-1] INFO  segmented.SegmentedRaftLogWorker (SegmentedRaftLogWorker.java:lambda$new$0(132)) - c8798e02-7f0c-41f7-82c2-a17323bcf21e@group-27685CAB4247-SegmentedRaftLogWorker: flushIndex: setUnconditionally 0 -> -1
2019-09-25 05:06:38,969 [pool-47-thread-1] INFO  server.RaftServerConfigKeys (ConfUtils.java:logGet(43)) - raft.server.snapshot.auto.trigger.enabled = true (custom)
2019-09-25 05:06:38,969 [pool-47-thread-1] INFO  server.RaftServerConfigKeys (ConfUtils.java:logGet(43)) - raft.server.snapshot.auto.trigger.threshold = 10000 (custom)
2019-09-25 05:06:38,969 [pool-47-thread-1] INFO  server.RaftServerConfigKeys (ConfUtils.java:logGet(43)) - raft.server.snapshot.retention.num.files = 5 (custom)
2019-09-25 05:06:38,970 [pool-47-thread-1] INFO  server.RaftServerConfigKeys (ConfUtils.java:logGet(43)) - raft.server.retrycache.expirytime = 600000ms (custom)
2019-09-25 05:06:38,971 [pool-47-thread-1] INFO  impl.RaftServerImpl (RaftServerImpl.java:start(185)) - c8798e02-7f0c-41f7-82c2-a17323bcf21e@group-27685CAB4247: start as a follower, conf=-1: [c8798e02-7f0c-41f7-82c2-a17323bcf21e:192.168.30.10:40603], old=null
2019-09-25 05:06:38,972 [pool-47-thread-1] INFO  impl.RaftServerImpl (RaftServerImpl.java:setRole(174)) - c8798e02-7f0c-41f7-82c2-a17323bcf21e@group-27685CAB4247: changes role from      null to FOLLOWER at term 0 for startAsFollower
2019-09-25 05:06:38,972 [pool-47-thread-1] INFO  impl.RoleInfo (RoleInfo.java:updateAndGet(143)) - c8798e02-7f0c-41f7-82c2-a17323bcf21e: start FollowerState
2019-09-25 05:06:38,972 [pool-47-thread-1] INFO  util.JmxRegister (JmxRegister.java:tryRegister(44)) - Successfully registered JMX Bean with object name Ratis:service=RaftServer,group=group-27685CAB4247,id=c8798e02-7f0c-41f7-82c2-a17323bcf21e
2019-09-25 05:06:38,975 [RatisPipelineUtilsThread] INFO  pipeline.PipelineStateManager (PipelineStateManager.java:addPipeline(56)) - Created pipeline Pipeline[ Id: 50221933-38d9-4a0d-b814-27685cab4247, Nodes: c8798e02-7f0c-41f7-82c2-a17323bcf21e{ip: 192.168.30.10, host: pr-hdds-1569-s62bp-3040748787, networkLocation: /default-rack, certSerialId: null}, Type:RATIS, Factor:ONE, State:OPEN]
2019-09-25 05:06:38,980 [grpc-default-executor-1] INFO  impl.RaftServerProxy (RaftServerProxy.java:addNew(89)) - de37f7a0-0375-40a9-a318-404478482fcb: addNew group-844261D92A00:[de37f7a0-0375-40a9-a318-404478482fcb:192.168.30.10:44522] returns group-844261D92A00:java.util.concurrent.CompletableFuture@55a3b4a5[Not completed]
2019-09-25 05:06:38,981 [pool-57-thread-1] INFO  impl.RaftServerImpl (RaftServerImpl.java:<init>(95)) - de37f7a0-0375-40a9-a318-404478482fcb: new RaftServerImpl for group-844261D92A00:[de37f7a0-0375-40a9-a318-404478482fcb:192.168.30.10:44522] with ContainerStateMachine:uninitialized
2019-09-25 05:06:38,981 [pool-57-thread-1] INFO  server.RaftServerConfigKeys (ConfUtils.java:logGet(43)) - raft.server.rpc.timeout.min = 5s (custom)
2019-09-25 05:06:38,981 [pool-57-thread-1] INFO  server.RaftServerConfigKeys (ConfUtils.java:logGet(43)) - raft.server.rpc.timeout.max = 5200ms (custom)
2019-09-25 05:06:38,981 [pool-57-thread-1] INFO  server.RaftServerConfigKeys (ConfUtils.java:logGet(43)) - raft.server.rpcslowness.timeout = 120s (custom)
2019-09-25 05:06:38,981 [pool-57-thread-1] INFO  server.RaftServerConfigKeys (ConfUtils.java:logGet(43)) - raft.server.sleep.deviation.threshold = 300 (default)
2019-09-25 05:06:38,982 [pool-57-thread-1] INFO  server.RaftServerConfigKeys (ConfUtils.java:logGet(43)) - raft.server.log.appender.install.snapshot.enabled = false (custom)
2019-09-25 05:06:38,982 [pool-57-thread-1] INFO  impl.RaftServerImpl (ServerState.java:<init>(103)) - de37f7a0-0375-40a9-a318-404478482fcb@group-844261D92A00: ConfigurationManager, init=-1: [de37f7a0-0375-40a9-a318-404478482fcb:192.168.30.10:44522], old=null, confs=<EMPTY_MAP>
2019-09-25 05:06:38,982 [pool-57-thread-1] INFO  server.RaftServerConfigKeys (ConfUtils.java:logGet(43)) - raft.server.storage.dir = [/workdir/hadoop-ozone/integration-test/target/test-dir/MiniOzoneClusterImpl-23306158-e895-4fc7-80df-ce6c264c388b/datanode-3/data/ratis] (custom)
2019-09-25 05:06:38,982 [pool-57-thread-1] INFO  storage.RaftStorageDirectory (RaftStorageDirectory.java:analyzeStorage(246)) - The storage directory /workdir/hadoop-ozone/integration-test/target/test-dir/MiniOzoneClusterImpl-23306158-e895-4fc7-80df-ce6c264c388b/datanode-3/data/ratis/ce7495be-70f6-4a56-88f4-844261d92a00 does not exist. Creating ...
2019-09-25 05:06:38,996 [pool-57-thread-1] INFO  storage.RaftStorageDirectory (RaftStorageDirectory.java:tryLock(328)) - Lock on /workdir/hadoop-ozone/integration-test/target/test-dir/MiniOzoneClusterImpl-23306158-e895-4fc7-80df-ce6c264c388b/datanode-3/data/ratis/ce7495be-70f6-4a56-88f4-844261d92a00/in_use.lock acquired by nodename 25526@pr-hdds-1569-s62bp-3040748787
2019-09-25 05:06:39,009 [pool-57-thread-1] INFO  storage.RaftStorage (RaftStorage.java:format(72)) - Storage directory /workdir/hadoop-ozone/integration-test/target/test-dir/MiniOzoneClusterImpl-23306158-e895-4fc7-80df-ce6c264c388b/datanode-3/data/ratis/ce7495be-70f6-4a56-88f4-844261d92a00 has been successfully formatted.
2019-09-25 05:06:39,010 [pool-57-thread-1] INFO  ratis.ContainerStateMachine (ContainerStateMachine.java:loadSnapshot(230)) - group-844261D92A00: The snapshot info is null. Setting the last applied indexto:(t:0, i:~)
2019-09-25 05:06:39,010 [pool-57-thread-1] INFO  server.RaftServerConfigKeys (ConfUtils.java:logGet(43)) - raft.server.notification.no-leader.timeout = 120s (custom)
2019-09-25 05:06:39,010 [pool-57-thread-1] INFO  server.RaftServerConfigKeys (ConfUtils.java:logGet(43)) - raft.server.log.use.memory = false (default)
2019-09-25 05:06:39,010 [pool-57-thread-1] INFO  server.RaftServerConfigKeys (ConfUtils.java:logGet(43)) - raft.server.log.purge.gap = 1000000 (custom)
2019-09-25 05:06:39,010 [pool-57-thread-1] INFO  server.RaftServerConfigKeys (ConfUtils.java:logGet(43)) - raft.server.log.appender.buffer.byte-limit = 33554432 (custom)
2019-09-25 05:06:39,010 [pool-57-thread-1] INFO  server.RaftServerConfigKeys (ConfUtils.java:logGet(43)) - raft.server.log.segment.size.max = 1048576 (custom)
2019-09-25 05:06:39,010 [pool-57-thread-1] INFO  server.RaftServerConfigKeys (ConfUtils.java:logGet(43)) - raft.server.log.segment.cache.num.max = 2 (custom)
2019-09-25 05:06:39,011 [pool-57-thread-1] INFO  segmented.SegmentedRaftLogWorker (SegmentedRaftLogWorker.java:<init>(172)) - new de37f7a0-0375-40a9-a318-404478482fcb@group-844261D92A00-SegmentedRaftLogWorker for RaftStorage:Storage Directory /workdir/hadoop-ozone/integration-test/target/test-dir/MiniOzoneClusterImpl-23306158-e895-4fc7-80df-ce6c264c388b/datanode-3/data/ratis/ce7495be-70f6-4a56-88f4-844261d92a00
2019-09-25 05:06:39,011 [pool-57-thread-1] INFO  server.RaftServerConfigKeys (ConfUtils.java:logGet(43)) - raft.server.log.queue.byte-limit = 2147483647 (custom)
2019-09-25 05:06:39,011 [pool-57-thread-1] INFO  server.RaftServerConfigKeys (ConfUtils.java:logGet(43)) - raft.server.log.queue.element-limit = 1024 (custom)
2019-09-25 05:06:39,011 [pool-57-thread-1] INFO  server.RaftServerConfigKeys (ConfUtils.java:logGet(43)) - raft.server.log.segment.size.max = 1048576 (custom)
2019-09-25 05:06:39,011 [pool-57-thread-1] INFO  server.RaftServerConfigKeys (ConfUtils.java:logGet(43)) - raft.server.log.preallocated.size = 16384 (custom)
2019-09-25 05:06:39,011 [pool-57-thread-1] INFO  server.RaftServerConfigKeys (ConfUtils.java:logGet(43)) - raft.server.log.write.buffer.size = 33554432 (custom)
2019-09-25 05:06:39,011 [pool-57-thread-1] INFO  server.RaftServerConfigKeys (ConfUtils.java:logGet(43)) - raft.server.log.force.sync.num = 128 (default)
2019-09-25 05:06:39,011 [pool-57-thread-1] INFO  server.RaftServerConfigKeys (ConfUtils.java:logGet(43)) - raft.server.log.statemachine.data.sync = true (default)
2019-09-25 05:06:39,012 [pool-57-thread-1] INFO  server.RaftServerConfigKeys (ConfUtils.java:logGet(43)) - raft.server.log.statemachine.data.sync.timeout = 10s (default)
2019-09-25 05:06:39,012 [pool-57-thread-1] INFO  server.RaftServerConfigKeys (ConfUtils.java:logGet(43)) - raft.server.log.statemachine.data.sync.timeout.retry = -1 (default)
2019-09-25 05:06:39,012 [pool-57-thread-1] INFO  server.RaftServerConfigKeys (ConfUtils.java:logGet(43)) - raft.server.log.statemachine.data.caching.enabled = true (custom)
2019-09-25 05:06:39,012 [pool-57-thread-1] INFO  segmented.SegmentedRaftLogWorker (SegmentedRaftLogWorker.java:lambda$new$0(132)) - de37f7a0-0375-40a9-a318-404478482fcb@group-844261D92A00-SegmentedRaftLogWorker: flushIndex: setUnconditionally 0 -> -1
2019-09-25 05:06:39,012 [pool-57-thread-1] INFO  server.RaftServerConfigKeys (ConfUtils.java:logGet(43)) - raft.server.snapshot.auto.trigger.enabled = true (custom)
2019-09-25 05:06:39,013 [pool-57-thread-1] INFO  server.RaftServerConfigKeys (ConfUtils.java:logGet(43)) - raft.server.snapshot.auto.trigger.threshold = 10000 (custom)
2019-09-25 05:06:39,013 [pool-57-thread-1] INFO  server.RaftServerConfigKeys (ConfUtils.java:logGet(43)) - raft.server.snapshot.retention.num.files = 5 (custom)
2019-09-25 05:06:39,013 [pool-57-thread-1] INFO  server.RaftServerConfigKeys (ConfUtils.java:logGet(43)) - raft.server.retrycache.expirytime = 600000ms (custom)
2019-09-25 05:06:39,014 [pool-57-thread-1] INFO  impl.RaftServerImpl (RaftServerImpl.java:start(185)) - de37f7a0-0375-40a9-a318-404478482fcb@group-844261D92A00: start as a follower, conf=-1: [de37f7a0-0375-40a9-a318-404478482fcb:192.168.30.10:44522], old=null
2019-09-25 05:06:39,015 [pool-57-thread-1] INFO  impl.RaftServerImpl (RaftServerImpl.java:setRole(174)) - de37f7a0-0375-40a9-a318-404478482fcb@group-844261D92A00: changes role from      null to FOLLOWER at term 0 for startAsFollower
2019-09-25 05:06:39,015 [pool-57-thread-1] INFO  impl.RoleInfo (RoleInfo.java:updateAndGet(143)) - de37f7a0-0375-40a9-a318-404478482fcb: start FollowerState
2019-09-25 05:06:39,015 [pool-57-thread-1] INFO  util.JmxRegister (JmxRegister.java:tryRegister(44)) - Successfully registered JMX Bean with object name Ratis:service=RaftServer,group=group-844261D92A00,id=de37f7a0-0375-40a9-a318-404478482fcb
2019-09-25 05:06:39,018 [RatisPipelineUtilsThread] INFO  pipeline.PipelineStateManager (PipelineStateManager.java:addPipeline(56)) - Created pipeline Pipeline[ Id: ce7495be-70f6-4a56-88f4-844261d92a00, Nodes: de37f7a0-0375-40a9-a318-404478482fcb{ip: 192.168.30.10, host: pr-hdds-1569-s62bp-3040748787, networkLocation: /default-rack, certSerialId: null}, Type:RATIS, Factor:ONE, State:OPEN]
2019-09-25 05:06:39,023 [grpc-default-executor-1] INFO  impl.RaftServerProxy (RaftServerProxy.java:addNew(89)) - f77bfc29-6991-4b1d-a503-f706c83de4fc: addNew group-D768D80F0CB2:[f77bfc29-6991-4b1d-a503-f706c83de4fc:192.168.30.10:35112] returns group-D768D80F0CB2:java.util.concurrent.CompletableFuture@42603170[Not completed]
2019-09-25 05:06:39,024 [pool-27-thread-1] INFO  impl.RaftServerImpl (RaftServerImpl.java:<init>(95)) - f77bfc29-6991-4b1d-a503-f706c83de4fc: new RaftServerImpl for group-D768D80F0CB2:[f77bfc29-6991-4b1d-a503-f706c83de4fc:192.168.30.10:35112] with ContainerStateMachine:uninitialized
2019-09-25 05:06:39,024 [pool-27-thread-1] INFO  server.RaftServerConfigKeys (ConfUtils.java:logGet(43)) - raft.server.rpc.timeout.min = 5s (custom)
2019-09-25 05:06:39,025 [pool-27-thread-1] INFO  server.RaftServerConfigKeys (ConfUtils.java:logGet(43)) - raft.server.rpc.timeout.max = 5200ms (custom)
2019-09-25 05:06:39,025 [pool-27-thread-1] INFO  server.RaftServerConfigKeys (ConfUtils.java:logGet(43)) - raft.server.rpcslowness.timeout = 120s (custom)
2019-09-25 05:06:39,025 [pool-27-thread-1] INFO  server.RaftServerConfigKeys (ConfUtils.java:logGet(43)) - raft.server.sleep.deviation.threshold = 300 (default)
2019-09-25 05:06:39,025 [pool-27-thread-1] INFO  server.RaftServerConfigKeys (ConfUtils.java:logGet(43)) - raft.server.log.appender.install.snapshot.enabled = false (custom)
2019-09-25 05:06:39,025 [pool-27-thread-1] INFO  impl.RaftServerImpl (ServerState.java:<init>(103)) - f77bfc29-6991-4b1d-a503-f706c83de4fc@group-D768D80F0CB2: ConfigurationManager, init=-1: [f77bfc29-6991-4b1d-a503-f706c83de4fc:192.168.30.10:35112], old=null, confs=<EMPTY_MAP>
2019-09-25 05:06:39,025 [pool-27-thread-1] INFO  server.RaftServerConfigKeys (ConfUtils.java:logGet(43)) - raft.server.storage.dir = [/workdir/hadoop-ozone/integration-test/target/test-dir/MiniOzoneClusterImpl-23306158-e895-4fc7-80df-ce6c264c388b/datanode-0/data/ratis] (custom)
2019-09-25 05:06:39,026 [pool-27-thread-1] INFO  storage.RaftStorageDirectory (RaftStorageDirectory.java:analyzeStorage(246)) - The storage directory /workdir/hadoop-ozone/integration-test/target/test-dir/MiniOzoneClusterImpl-23306158-e895-4fc7-80df-ce6c264c388b/datanode-0/data/ratis/69efed71-a073-4e06-b47a-d768d80f0cb2 does not exist. Creating ...
2019-09-25 05:06:39,040 [pool-27-thread-1] INFO  storage.RaftStorageDirectory (RaftStorageDirectory.java:tryLock(328)) - Lock on /workdir/hadoop-ozone/integration-test/target/test-dir/MiniOzoneClusterImpl-23306158-e895-4fc7-80df-ce6c264c388b/datanode-0/data/ratis/69efed71-a073-4e06-b47a-d768d80f0cb2/in_use.lock acquired by nodename 25526@pr-hdds-1569-s62bp-3040748787
2019-09-25 05:06:39,053 [pool-27-thread-1] INFO  storage.RaftStorage (RaftStorage.java:format(72)) - Storage directory /workdir/hadoop-ozone/integration-test/target/test-dir/MiniOzoneClusterImpl-23306158-e895-4fc7-80df-ce6c264c388b/datanode-0/data/ratis/69efed71-a073-4e06-b47a-d768d80f0cb2 has been successfully formatted.
2019-09-25 05:06:39,053 [pool-27-thread-1] INFO  ratis.ContainerStateMachine (ContainerStateMachine.java:loadSnapshot(230)) - group-D768D80F0CB2: The snapshot info is null. Setting the last applied indexto:(t:0, i:~)
2019-09-25 05:06:39,053 [pool-27-thread-1] INFO  server.RaftServerConfigKeys (ConfUtils.java:logGet(43)) - raft.server.notification.no-leader.timeout = 120s (custom)
2019-09-25 05:06:39,053 [pool-27-thread-1] INFO  server.RaftServerConfigKeys (ConfUtils.java:logGet(43)) - raft.server.log.use.memory = false (default)
2019-09-25 05:06:39,053 [pool-27-thread-1] INFO  server.RaftServerConfigKeys (ConfUtils.java:logGet(43)) - raft.server.log.purge.gap = 1000000 (custom)
2019-09-25 05:06:39,054 [pool-27-thread-1] INFO  server.RaftServerConfigKeys (ConfUtils.java:logGet(43)) - raft.server.log.appender.buffer.byte-limit = 33554432 (custom)
2019-09-25 05:06:39,054 [pool-27-thread-1] INFO  server.RaftServerConfigKeys (ConfUtils.java:logGet(43)) - raft.server.log.segment.size.max = 1048576 (custom)
2019-09-25 05:06:39,054 [pool-27-thread-1] INFO  server.RaftServerConfigKeys (ConfUtils.java:logGet(43)) - raft.server.log.segment.cache.num.max = 2 (custom)
2019-09-25 05:06:39,054 [pool-27-thread-1] INFO  segmented.SegmentedRaftLogWorker (SegmentedRaftLogWorker.java:<init>(172)) - new f77bfc29-6991-4b1d-a503-f706c83de4fc@group-D768D80F0CB2-SegmentedRaftLogWorker for RaftStorage:Storage Directory /workdir/hadoop-ozone/integration-test/target/test-dir/MiniOzoneClusterImpl-23306158-e895-4fc7-80df-ce6c264c388b/datanode-0/data/ratis/69efed71-a073-4e06-b47a-d768d80f0cb2
2019-09-25 05:06:39,054 [pool-27-thread-1] INFO  server.RaftServerConfigKeys (ConfUtils.java:logGet(43)) - raft.server.log.queue.byte-limit = 2147483647 (custom)
2019-09-25 05:06:39,054 [pool-27-thread-1] INFO  server.RaftServerConfigKeys (ConfUtils.java:logGet(43)) - raft.server.log.queue.element-limit = 1024 (custom)
2019-09-25 05:06:39,055 [pool-27-thread-1] INFO  server.RaftServerConfigKeys (ConfUtils.java:logGet(43)) - raft.server.log.segment.size.max = 1048576 (custom)
2019-09-25 05:06:39,055 [pool-27-thread-1] INFO  server.RaftServerConfigKeys (ConfUtils.java:logGet(43)) - raft.server.log.preallocated.size = 16384 (custom)
2019-09-25 05:06:39,055 [pool-27-thread-1] INFO  server.RaftServerConfigKeys (ConfUtils.java:logGet(43)) - raft.server.log.write.buffer.size = 33554432 (custom)
2019-09-25 05:06:39,055 [pool-27-thread-1] INFO  server.RaftServerConfigKeys (ConfUtils.java:logGet(43)) - raft.server.log.force.sync.num = 128 (default)
2019-09-25 05:06:39,055 [pool-27-thread-1] INFO  server.RaftServerConfigKeys (ConfUtils.java:logGet(43)) - raft.server.log.statemachine.data.sync = true (default)
2019-09-25 05:06:39,055 [pool-27-thread-1] INFO  server.RaftServerConfigKeys (ConfUtils.java:logGet(43)) - raft.server.log.statemachine.data.sync.timeout = 10s (default)
2019-09-25 05:06:39,056 [pool-27-thread-1] INFO  server.RaftServerConfigKeys (ConfUtils.java:logGet(43)) - raft.server.log.statemachine.data.sync.timeout.retry = -1 (default)
2019-09-25 05:06:39,056 [pool-27-thread-1] INFO  server.RaftServerConfigKeys (ConfUtils.java:logGet(43)) - raft.server.log.statemachine.data.caching.enabled = true (custom)
2019-09-25 05:06:39,056 [pool-27-thread-1] INFO  segmented.SegmentedRaftLogWorker (SegmentedRaftLogWorker.java:lambda$new$0(132)) - f77bfc29-6991-4b1d-a503-f706c83de4fc@group-D768D80F0CB2-SegmentedRaftLogWorker: flushIndex: setUnconditionally 0 -> -1
2019-09-25 05:06:39,056 [pool-27-thread-1] INFO  server.RaftServerConfigKeys (ConfUtils.java:logGet(43)) - raft.server.snapshot.auto.trigger.enabled = true (custom)
2019-09-25 05:06:39,056 [pool-27-thread-1] INFO  server.RaftServerConfigKeys (ConfUtils.java:logGet(43)) - raft.server.snapshot.auto.trigger.threshold = 10000 (custom)
2019-09-25 05:06:39,057 [pool-27-thread-1] INFO  server.RaftServerConfigKeys (ConfUtils.java:logGet(43)) - raft.server.snapshot.retention.num.files = 5 (custom)
2019-09-25 05:06:39,057 [pool-27-thread-1] INFO  server.RaftServerConfigKeys (ConfUtils.java:logGet(43)) - raft.server.retrycache.expirytime = 600000ms (custom)
2019-09-25 05:06:39,058 [pool-27-thread-1] INFO  impl.RaftServerImpl (RaftServerImpl.java:start(185)) - f77bfc29-6991-4b1d-a503-f706c83de4fc@group-D768D80F0CB2: start as a follower, conf=-1: [f77bfc29-6991-4b1d-a503-f706c83de4fc:192.168.30.10:35112], old=null
2019-09-25 05:06:39,059 [pool-27-thread-1] INFO  impl.RaftServerImpl (RaftServerImpl.java:setRole(174)) - f77bfc29-6991-4b1d-a503-f706c83de4fc@group-D768D80F0CB2: changes role from      null to FOLLOWER at term 0 for startAsFollower
2019-09-25 05:06:39,059 [pool-27-thread-1] INFO  impl.RoleInfo (RoleInfo.java:updateAndGet(143)) - f77bfc29-6991-4b1d-a503-f706c83de4fc: start FollowerState
2019-09-25 05:06:39,059 [pool-27-thread-1] INFO  util.JmxRegister (JmxRegister.java:tryRegister(44)) - Successfully registered JMX Bean with object name Ratis:service=RaftServer,group=group-D768D80F0CB2,id=f77bfc29-6991-4b1d-a503-f706c83de4fc
2019-09-25 05:06:39,061 [RatisPipelineUtilsThread] INFO  pipeline.PipelineStateManager (PipelineStateManager.java:addPipeline(56)) - Created pipeline Pipeline[ Id: 69efed71-a073-4e06-b47a-d768d80f0cb2, Nodes: f77bfc29-6991-4b1d-a503-f706c83de4fc{ip: 192.168.30.10, host: pr-hdds-1569-s62bp-3040748787, networkLocation: /default-rack, certSerialId: null}, Type:RATIS, Factor:ONE, State:OPEN]
2019-09-25 05:06:39,065 [grpc-default-executor-1] INFO  impl.RaftServerProxy (RaftServerProxy.java:addNew(89)) - c8798e02-7f0c-41f7-82c2-a17323bcf21e: addNew group-585132BA0174:[c8798e02-7f0c-41f7-82c2-a17323bcf21e:192.168.30.10:40603] returns group-585132BA0174:java.util.concurrent.CompletableFuture@69a8ba9a[Not completed]
2019-09-25 05:06:39,066 [pool-47-thread-1] INFO  impl.RaftServerImpl (RaftServerImpl.java:<init>(95)) - c8798e02-7f0c-41f7-82c2-a17323bcf21e: new RaftServerImpl for group-585132BA0174:[c8798e02-7f0c-41f7-82c2-a17323bcf21e:192.168.30.10:40603] with ContainerStateMachine:uninitialized
2019-09-25 05:06:39,066 [pool-47-thread-1] INFO  server.RaftServerConfigKeys (ConfUtils.java:logGet(43)) - raft.server.rpc.timeout.min = 5s (custom)
2019-09-25 05:06:39,066 [pool-47-thread-1] INFO  server.RaftServerConfigKeys (ConfUtils.java:logGet(43)) - raft.server.rpc.timeout.max = 5200ms (custom)
2019-09-25 05:06:39,067 [pool-47-thread-1] INFO  server.RaftServerConfigKeys (ConfUtils.java:logGet(43)) - raft.server.rpcslowness.timeout = 120s (custom)
2019-09-25 05:06:39,067 [pool-47-thread-1] INFO  server.RaftServerConfigKeys (ConfUtils.java:logGet(43)) - raft.server.sleep.deviation.threshold = 300 (default)
2019-09-25 05:06:39,067 [pool-47-thread-1] INFO  server.RaftServerConfigKeys (ConfUtils.java:logGet(43)) - raft.server.log.appender.install.snapshot.enabled = false (custom)
2019-09-25 05:06:39,067 [pool-47-thread-1] INFO  impl.RaftServerImpl (ServerState.java:<init>(103)) - c8798e02-7f0c-41f7-82c2-a17323bcf21e@group-585132BA0174: ConfigurationManager, init=-1: [c8798e02-7f0c-41f7-82c2-a17323bcf21e:192.168.30.10:40603], old=null, confs=<EMPTY_MAP>
2019-09-25 05:06:39,067 [pool-47-thread-1] INFO  server.RaftServerConfigKeys (ConfUtils.java:logGet(43)) - raft.server.storage.dir = [/workdir/hadoop-ozone/integration-test/target/test-dir/MiniOzoneClusterImpl-23306158-e895-4fc7-80df-ce6c264c388b/datanode-2/data/ratis] (custom)
2019-09-25 05:06:39,068 [pool-47-thread-1] INFO  storage.RaftStorageDirectory (RaftStorageDirectory.java:analyzeStorage(246)) - The storage directory /workdir/hadoop-ozone/integration-test/target/test-dir/MiniOzoneClusterImpl-23306158-e895-4fc7-80df-ce6c264c388b/datanode-2/data/ratis/a0529d65-68c0-4b0f-8db1-585132ba0174 does not exist. Creating ...
2019-09-25 05:06:39,081 [pool-47-thread-1] INFO  storage.RaftStorageDirectory (RaftStorageDirectory.java:tryLock(328)) - Lock on /workdir/hadoop-ozone/integration-test/target/test-dir/MiniOzoneClusterImpl-23306158-e895-4fc7-80df-ce6c264c388b/datanode-2/data/ratis/a0529d65-68c0-4b0f-8db1-585132ba0174/in_use.lock acquired by nodename 25526@pr-hdds-1569-s62bp-3040748787
2019-09-25 05:06:39,100 [pool-47-thread-1] INFO  storage.RaftStorage (RaftStorage.java:format(72)) - Storage directory /workdir/hadoop-ozone/integration-test/target/test-dir/MiniOzoneClusterImpl-23306158-e895-4fc7-80df-ce6c264c388b/datanode-2/data/ratis/a0529d65-68c0-4b0f-8db1-585132ba0174 has been successfully formatted.
2019-09-25 05:06:39,100 [pool-47-thread-1] INFO  ratis.ContainerStateMachine (ContainerStateMachine.java:loadSnapshot(230)) - group-585132BA0174: The snapshot info is null. Setting the last applied indexto:(t:0, i:~)
2019-09-25 05:06:39,100 [pool-47-thread-1] INFO  server.RaftServerConfigKeys (ConfUtils.java:logGet(43)) - raft.server.notification.no-leader.timeout = 120s (custom)
2019-09-25 05:06:39,100 [pool-47-thread-1] INFO  server.RaftServerConfigKeys (ConfUtils.java:logGet(43)) - raft.server.log.use.memory = false (default)
2019-09-25 05:06:39,100 [pool-47-thread-1] INFO  server.RaftServerConfigKeys (ConfUtils.java:logGet(43)) - raft.server.log.purge.gap = 1000000 (custom)
2019-09-25 05:06:39,101 [pool-47-thread-1] INFO  server.RaftServerConfigKeys (ConfUtils.java:logGet(43)) - raft.server.log.appender.buffer.byte-limit = 33554432 (custom)
2019-09-25 05:06:39,101 [pool-47-thread-1] INFO  server.RaftServerConfigKeys (ConfUtils.java:logGet(43)) - raft.server.log.segment.size.max = 1048576 (custom)
2019-09-25 05:06:39,101 [pool-47-thread-1] INFO  server.RaftServerConfigKeys (ConfUtils.java:logGet(43)) - raft.server.log.segment.cache.num.max = 2 (custom)
2019-09-25 05:06:39,101 [pool-47-thread-1] INFO  segmented.SegmentedRaftLogWorker (SegmentedRaftLogWorker.java:<init>(172)) - new c8798e02-7f0c-41f7-82c2-a17323bcf21e@group-585132BA0174-SegmentedRaftLogWorker for RaftStorage:Storage Directory /workdir/hadoop-ozone/integration-test/target/test-dir/MiniOzoneClusterImpl-23306158-e895-4fc7-80df-ce6c264c388b/datanode-2/data/ratis/a0529d65-68c0-4b0f-8db1-585132ba0174
2019-09-25 05:06:39,101 [pool-47-thread-1] INFO  server.RaftServerConfigKeys (ConfUtils.java:logGet(43)) - raft.server.log.queue.byte-limit = 2147483647 (custom)
2019-09-25 05:06:39,101 [pool-47-thread-1] INFO  server.RaftServerConfigKeys (ConfUtils.java:logGet(43)) - raft.server.log.queue.element-limit = 1024 (custom)
2019-09-25 05:06:39,101 [pool-47-thread-1] INFO  server.RaftServerConfigKeys (ConfUtils.java:logGet(43)) - raft.server.log.segment.size.max = 1048576 (custom)
2019-09-25 05:06:39,102 [pool-47-thread-1] INFO  server.RaftServerConfigKeys (ConfUtils.java:logGet(43)) - raft.server.log.preallocated.size = 16384 (custom)
2019-09-25 05:06:39,102 [pool-47-thread-1] INFO  server.RaftServerConfigKeys (ConfUtils.java:logGet(43)) - raft.server.log.write.buffer.size = 33554432 (custom)
2019-09-25 05:06:39,102 [pool-47-thread-1] INFO  server.RaftServerConfigKeys (ConfUtils.java:logGet(43)) - raft.server.log.force.sync.num = 128 (default)
2019-09-25 05:06:39,102 [pool-47-thread-1] INFO  server.RaftServerConfigKeys (ConfUtils.java:logGet(43)) - raft.server.log.statemachine.data.sync = true (default)
2019-09-25 05:06:39,102 [pool-47-thread-1] INFO  server.RaftServerConfigKeys (ConfUtils.java:logGet(43)) - raft.server.log.statemachine.data.sync.timeout = 10s (default)
2019-09-25 05:06:39,102 [pool-47-thread-1] INFO  server.RaftServerConfigKeys (ConfUtils.java:logGet(43)) - raft.server.log.statemachine.data.sync.timeout.retry = -1 (default)
2019-09-25 05:06:39,154 [pool-47-thread-1] INFO  server.RaftServerConfigKeys (ConfUtils.java:logGet(43)) - raft.server.log.statemachine.data.caching.enabled = true (custom)
2019-09-25 05:06:39,154 [pool-47-thread-1] INFO  segmented.SegmentedRaftLogWorker (SegmentedRaftLogWorker.java:lambda$new$0(132)) - c8798e02-7f0c-41f7-82c2-a17323bcf21e@group-585132BA0174-SegmentedRaftLogWorker: flushIndex: setUnconditionally 0 -> -1
2019-09-25 05:06:39,155 [pool-47-thread-1] INFO  server.RaftServerConfigKeys (ConfUtils.java:logGet(43)) - raft.server.snapshot.auto.trigger.enabled = true (custom)
2019-09-25 05:06:39,155 [pool-47-thread-1] INFO  server.RaftServerConfigKeys (ConfUtils.java:logGet(43)) - raft.server.snapshot.auto.trigger.threshold = 10000 (custom)
2019-09-25 05:06:39,155 [pool-47-thread-1] INFO  server.RaftServerConfigKeys (ConfUtils.java:logGet(43)) - raft.server.snapshot.retention.num.files = 5 (custom)
2019-09-25 05:06:39,155 [pool-47-thread-1] INFO  server.RaftServerConfigKeys (ConfUtils.java:logGet(43)) - raft.server.retrycache.expirytime = 600000ms (custom)
2019-09-25 05:06:39,495 [Timer for 'StorageContainerManager' metrics system] INFO  lib.Interns (Interns.java:removeEldestEntry(50)) - Metrics intern cache overflow at 2011 for MetricsSystem={MetricsSystem=MetricsInfoImpl{name=MetricsSystem, description=MetricsSystem}, MetricsSystem record=MetricsInfoImpl{name=MetricsSystem, description=MetricsSystem record}}
2019-09-25 05:06:39,498 [pool-47-thread-1] INFO  impl.RaftServerImpl (RaftServerImpl.java:start(185)) - c8798e02-7f0c-41f7-82c2-a17323bcf21e@group-585132BA0174: start as a follower, conf=-1: [c8798e02-7f0c-41f7-82c2-a17323bcf21e:192.168.30.10:40603], old=null
2019-09-25 05:06:39,498 [pool-47-thread-1] INFO  impl.RaftServerImpl (RaftServerImpl.java:setRole(174)) - c8798e02-7f0c-41f7-82c2-a17323bcf21e@group-585132BA0174: changes role from      null to FOLLOWER at term 0 for startAsFollower
2019-09-25 05:06:39,498 [pool-47-thread-1] INFO  impl.RoleInfo (RoleInfo.java:updateAndGet(143)) - c8798e02-7f0c-41f7-82c2-a17323bcf21e: start FollowerState
2019-09-25 05:06:39,498 [pool-47-thread-1] INFO  util.JmxRegister (JmxRegister.java:tryRegister(44)) - Successfully registered JMX Bean with object name Ratis:service=RaftServer,group=group-585132BA0174,id=c8798e02-7f0c-41f7-82c2-a17323bcf21e
2019-09-25 05:06:39,501 [RatisPipelineUtilsThread] INFO  pipeline.PipelineStateManager (PipelineStateManager.java:addPipeline(56)) - Created pipeline Pipeline[ Id: a0529d65-68c0-4b0f-8db1-585132ba0174, Nodes: c8798e02-7f0c-41f7-82c2-a17323bcf21e{ip: 192.168.30.10, host: pr-hdds-1569-s62bp-3040748787, networkLocation: /default-rack, certSerialId: null}, Type:RATIS, Factor:ONE, State:OPEN]
2019-09-25 05:06:39,507 [grpc-default-executor-1] INFO  impl.RaftServerProxy (RaftServerProxy.java:addNew(89)) - c8798e02-7f0c-41f7-82c2-a17323bcf21e: addNew group-CAC3546AFB8C:[c8798e02-7f0c-41f7-82c2-a17323bcf21e:192.168.30.10:40603] returns group-CAC3546AFB8C:java.util.concurrent.CompletableFuture@30c7d224[Not completed]
2019-09-25 05:06:39,508 [pool-47-thread-1] INFO  impl.RaftServerImpl (RaftServerImpl.java:<init>(95)) - c8798e02-7f0c-41f7-82c2-a17323bcf21e: new RaftServerImpl for group-CAC3546AFB8C:[c8798e02-7f0c-41f7-82c2-a17323bcf21e:192.168.30.10:40603] with ContainerStateMachine:uninitialized
2019-09-25 05:06:39,508 [pool-47-thread-1] INFO  server.RaftServerConfigKeys (ConfUtils.java:logGet(43)) - raft.server.rpc.timeout.min = 5s (custom)
2019-09-25 05:06:39,509 [pool-47-thread-1] INFO  server.RaftServerConfigKeys (ConfUtils.java:logGet(43)) - raft.server.rpc.timeout.max = 5200ms (custom)
2019-09-25 05:06:39,509 [pool-47-thread-1] INFO  server.RaftServerConfigKeys (ConfUtils.java:logGet(43)) - raft.server.rpcslowness.timeout = 120s (custom)
2019-09-25 05:06:39,509 [pool-47-thread-1] INFO  server.RaftServerConfigKeys (ConfUtils.java:logGet(43)) - raft.server.sleep.deviation.threshold = 300 (default)
2019-09-25 05:06:39,509 [pool-47-thread-1] INFO  server.RaftServerConfigKeys (ConfUtils.java:logGet(43)) - raft.server.log.appender.install.snapshot.enabled = false (custom)
2019-09-25 05:06:39,509 [pool-47-thread-1] INFO  impl.RaftServerImpl (ServerState.java:<init>(103)) - c8798e02-7f0c-41f7-82c2-a17323bcf21e@group-CAC3546AFB8C: ConfigurationManager, init=-1: [c8798e02-7f0c-41f7-82c2-a17323bcf21e:192.168.30.10:40603], old=null, confs=<EMPTY_MAP>
2019-09-25 05:06:39,509 [pool-47-thread-1] INFO  server.RaftServerConfigKeys (ConfUtils.java:logGet(43)) - raft.server.storage.dir = [/workdir/hadoop-ozone/integration-test/target/test-dir/MiniOzoneClusterImpl-23306158-e895-4fc7-80df-ce6c264c388b/datanode-2/data/ratis] (custom)
2019-09-25 05:06:39,510 [pool-47-thread-1] INFO  storage.RaftStorageDirectory (RaftStorageDirectory.java:analyzeStorage(246)) - The storage directory /workdir/hadoop-ozone/integration-test/target/test-dir/MiniOzoneClusterImpl-23306158-e895-4fc7-80df-ce6c264c388b/datanode-2/data/ratis/b47ecf66-0941-4e5f-af2b-cac3546afb8c does not exist. Creating ...
2019-09-25 05:06:39,523 [pool-47-thread-1] INFO  storage.RaftStorageDirectory (RaftStorageDirectory.java:tryLock(328)) - Lock on /workdir/hadoop-ozone/integration-test/target/test-dir/MiniOzoneClusterImpl-23306158-e895-4fc7-80df-ce6c264c388b/datanode-2/data/ratis/b47ecf66-0941-4e5f-af2b-cac3546afb8c/in_use.lock acquired by nodename 25526@pr-hdds-1569-s62bp-3040748787
2019-09-25 05:06:39,537 [pool-47-thread-1] INFO  storage.RaftStorage (RaftStorage.java:format(72)) - Storage directory /workdir/hadoop-ozone/integration-test/target/test-dir/MiniOzoneClusterImpl-23306158-e895-4fc7-80df-ce6c264c388b/datanode-2/data/ratis/b47ecf66-0941-4e5f-af2b-cac3546afb8c has been successfully formatted.
2019-09-25 05:06:39,537 [pool-47-thread-1] INFO  ratis.ContainerStateMachine (ContainerStateMachine.java:loadSnapshot(230)) - group-CAC3546AFB8C: The snapshot info is null. Setting the last applied indexto:(t:0, i:~)
2019-09-25 05:06:39,537 [pool-47-thread-1] INFO  server.RaftServerConfigKeys (ConfUtils.java:logGet(43)) - raft.server.notification.no-leader.timeout = 120s (custom)
2019-09-25 05:06:39,537 [pool-47-thread-1] INFO  server.RaftServerConfigKeys (ConfUtils.java:logGet(43)) - raft.server.log.use.memory = false (default)
2019-09-25 05:06:39,538 [pool-47-thread-1] INFO  server.RaftServerConfigKeys (ConfUtils.java:logGet(43)) - raft.server.log.purge.gap = 1000000 (custom)
2019-09-25 05:06:39,538 [pool-47-thread-1] INFO  server.RaftServerConfigKeys (ConfUtils.java:logGet(43)) - raft.server.log.appender.buffer.byte-limit = 33554432 (custom)
2019-09-25 05:06:39,538 [pool-47-thread-1] INFO  server.RaftServerConfigKeys (ConfUtils.java:logGet(43)) - raft.server.log.segment.size.max = 1048576 (custom)
2019-09-25 05:06:39,538 [pool-47-thread-1] INFO  server.RaftServerConfigKeys (ConfUtils.java:logGet(43)) - raft.server.log.segment.cache.num.max = 2 (custom)
2019-09-25 05:06:39,538 [pool-47-thread-1] INFO  segmented.SegmentedRaftLogWorker (SegmentedRaftLogWorker.java:<init>(172)) - new c8798e02-7f0c-41f7-82c2-a17323bcf21e@group-CAC3546AFB8C-SegmentedRaftLogWorker for RaftStorage:Storage Directory /workdir/hadoop-ozone/integration-test/target/test-dir/MiniOzoneClusterImpl-23306158-e895-4fc7-80df-ce6c264c388b/datanode-2/data/ratis/b47ecf66-0941-4e5f-af2b-cac3546afb8c
2019-09-25 05:06:39,539 [pool-47-thread-1] INFO  server.RaftServerConfigKeys (ConfUtils.java:logGet(43)) - raft.server.log.queue.byte-limit = 2147483647 (custom)
2019-09-25 05:06:39,539 [pool-47-thread-1] INFO  server.RaftServerConfigKeys (ConfUtils.java:logGet(43)) - raft.server.log.queue.element-limit = 1024 (custom)
2019-09-25 05:06:39,539 [pool-47-thread-1] INFO  server.RaftServerConfigKeys (ConfUtils.java:logGet(43)) - raft.server.log.segment.size.max = 1048576 (custom)
2019-09-25 05:06:39,539 [pool-47-thread-1] INFO  server.RaftServerConfigKeys (ConfUtils.java:logGet(43)) - raft.server.log.preallocated.size = 16384 (custom)
2019-09-25 05:06:39,539 [pool-47-thread-1] INFO  server.RaftServerConfigKeys (ConfUtils.java:logGet(43)) - raft.server.log.write.buffer.size = 33554432 (custom)
2019-09-25 05:06:39,539 [pool-47-thread-1] INFO  server.RaftServerConfigKeys (ConfUtils.java:logGet(43)) - raft.server.log.force.sync.num = 128 (default)
2019-09-25 05:06:39,539 [pool-47-thread-1] INFO  server.RaftServerConfigKeys (ConfUtils.java:logGet(43)) - raft.server.log.statemachine.data.sync = true (default)
2019-09-25 05:06:39,540 [pool-47-thread-1] INFO  server.RaftServerConfigKeys (ConfUtils.java:logGet(43)) - raft.server.log.statemachine.data.sync.timeout = 10s (default)
2019-09-25 05:06:39,540 [pool-47-thread-1] INFO  server.RaftServerConfigKeys (ConfUtils.java:logGet(43)) - raft.server.log.statemachine.data.sync.timeout.retry = -1 (default)
2019-09-25 05:06:39,540 [pool-47-thread-1] INFO  server.RaftServerConfigKeys (ConfUtils.java:logGet(43)) - raft.server.log.statemachine.data.caching.enabled = true (custom)
2019-09-25 05:06:39,540 [pool-47-thread-1] INFO  segmented.SegmentedRaftLogWorker (SegmentedRaftLogWorker.java:lambda$new$0(132)) - c8798e02-7f0c-41f7-82c2-a17323bcf21e@group-CAC3546AFB8C-SegmentedRaftLogWorker: flushIndex: setUnconditionally 0 -> -1
2019-09-25 05:06:39,541 [pool-47-thread-1] INFO  server.RaftServerConfigKeys (ConfUtils.java:logGet(43)) - raft.server.snapshot.auto.trigger.enabled = true (custom)
2019-09-25 05:06:39,541 [pool-47-thread-1] INFO  server.RaftServerConfigKeys (ConfUtils.java:logGet(43)) - raft.server.snapshot.auto.trigger.threshold = 10000 (custom)
2019-09-25 05:06:39,541 [pool-47-thread-1] INFO  server.RaftServerConfigKeys (ConfUtils.java:logGet(43)) - raft.server.snapshot.retention.num.files = 5 (custom)
2019-09-25 05:06:39,541 [pool-47-thread-1] INFO  server.RaftServerConfigKeys (ConfUtils.java:logGet(43)) - raft.server.retrycache.expirytime = 600000ms (custom)
2019-09-25 05:06:39,544 [pool-47-thread-1] INFO  impl.RaftServerImpl (RaftServerImpl.java:start(185)) - c8798e02-7f0c-41f7-82c2-a17323bcf21e@group-CAC3546AFB8C: start as a follower, conf=-1: [c8798e02-7f0c-41f7-82c2-a17323bcf21e:192.168.30.10:40603], old=null
2019-09-25 05:06:39,544 [pool-47-thread-1] INFO  impl.RaftServerImpl (RaftServerImpl.java:setRole(174)) - c8798e02-7f0c-41f7-82c2-a17323bcf21e@group-CAC3546AFB8C: changes role from      null to FOLLOWER at term 0 for startAsFollower
2019-09-25 05:06:39,544 [pool-47-thread-1] INFO  impl.RoleInfo (RoleInfo.java:updateAndGet(143)) - c8798e02-7f0c-41f7-82c2-a17323bcf21e: start FollowerState
2019-09-25 05:06:39,544 [pool-47-thread-1] INFO  util.JmxRegister (JmxRegister.java:tryRegister(44)) - Successfully registered JMX Bean with object name Ratis:service=RaftServer,group=group-CAC3546AFB8C,id=c8798e02-7f0c-41f7-82c2-a17323bcf21e
2019-09-25 05:06:39,548 [RatisPipelineUtilsThread] INFO  pipeline.PipelineStateManager (PipelineStateManager.java:addPipeline(56)) - Created pipeline Pipeline[ Id: b47ecf66-0941-4e5f-af2b-cac3546afb8c, Nodes: c8798e02-7f0c-41f7-82c2-a17323bcf21e{ip: 192.168.30.10, host: pr-hdds-1569-s62bp-3040748787, networkLocation: /default-rack, certSerialId: null}, Type:RATIS, Factor:ONE, State:OPEN]
2019-09-25 05:06:39,554 [grpc-default-executor-1] INFO  impl.RaftServerProxy (RaftServerProxy.java:addNew(89)) - 692224c4-5202-4921-98cc-04d5c60c79cc: addNew group-2600225F0C75:[692224c4-5202-4921-98cc-04d5c60c79cc:192.168.30.10:38144] returns group-2600225F0C75:java.util.concurrent.CompletableFuture@c45d80d[Not completed]
2019-09-25 05:06:39,555 [pool-67-thread-1] INFO  impl.RaftServerImpl (RaftServerImpl.java:<init>(95)) - 692224c4-5202-4921-98cc-04d5c60c79cc: new RaftServerImpl for group-2600225F0C75:[692224c4-5202-4921-98cc-04d5c60c79cc:192.168.30.10:38144] with ContainerStateMachine:uninitialized
2019-09-25 05:06:39,556 [pool-67-thread-1] INFO  server.RaftServerConfigKeys (ConfUtils.java:logGet(43)) - raft.server.rpc.timeout.min = 5s (custom)
2019-09-25 05:06:39,556 [pool-67-thread-1] INFO  server.RaftServerConfigKeys (ConfUtils.java:logGet(43)) - raft.server.rpc.timeout.max = 5200ms (custom)
2019-09-25 05:06:39,556 [pool-67-thread-1] INFO  server.RaftServerConfigKeys (ConfUtils.java:logGet(43)) - raft.server.rpcslowness.timeout = 120s (custom)
2019-09-25 05:06:39,556 [pool-67-thread-1] INFO  server.RaftServerConfigKeys (ConfUtils.java:logGet(43)) - raft.server.sleep.deviation.threshold = 300 (default)
2019-09-25 05:06:39,556 [pool-67-thread-1] INFO  server.RaftServerConfigKeys (ConfUtils.java:logGet(43)) - raft.server.log.appender.install.snapshot.enabled = false (custom)
2019-09-25 05:06:39,556 [pool-67-thread-1] INFO  impl.RaftServerImpl (ServerState.java:<init>(103)) - 692224c4-5202-4921-98cc-04d5c60c79cc@group-2600225F0C75: ConfigurationManager, init=-1: [692224c4-5202-4921-98cc-04d5c60c79cc:192.168.30.10:38144], old=null, confs=<EMPTY_MAP>
2019-09-25 05:06:39,557 [pool-67-thread-1] INFO  server.RaftServerConfigKeys (ConfUtils.java:logGet(43)) - raft.server.storage.dir = [/workdir/hadoop-ozone/integration-test/target/test-dir/MiniOzoneClusterImpl-23306158-e895-4fc7-80df-ce6c264c388b/datanode-4/data/ratis] (custom)
2019-09-25 05:06:39,557 [pool-67-thread-1] INFO  storage.RaftStorageDirectory (RaftStorageDirectory.java:analyzeStorage(246)) - The storage directory /workdir/hadoop-ozone/integration-test/target/test-dir/MiniOzoneClusterImpl-23306158-e895-4fc7-80df-ce6c264c388b/datanode-4/data/ratis/295cc322-f1fc-4d9e-88b3-2600225f0c75 does not exist. Creating ...
2019-09-25 05:06:39,570 [pool-67-thread-1] INFO  storage.RaftStorageDirectory (RaftStorageDirectory.java:tryLock(328)) - Lock on /workdir/hadoop-ozone/integration-test/target/test-dir/MiniOzoneClusterImpl-23306158-e895-4fc7-80df-ce6c264c388b/datanode-4/data/ratis/295cc322-f1fc-4d9e-88b3-2600225f0c75/in_use.lock acquired by nodename 25526@pr-hdds-1569-s62bp-3040748787
2019-09-25 05:06:39,584 [pool-67-thread-1] INFO  storage.RaftStorage (RaftStorage.java:format(72)) - Storage directory /workdir/hadoop-ozone/integration-test/target/test-dir/MiniOzoneClusterImpl-23306158-e895-4fc7-80df-ce6c264c388b/datanode-4/data/ratis/295cc322-f1fc-4d9e-88b3-2600225f0c75 has been successfully formatted.
2019-09-25 05:06:39,584 [pool-67-thread-1] INFO  ratis.ContainerStateMachine (ContainerStateMachine.java:loadSnapshot(230)) - group-2600225F0C75: The snapshot info is null. Setting the last applied indexto:(t:0, i:~)
2019-09-25 05:06:39,584 [pool-67-thread-1] INFO  server.RaftServerConfigKeys (ConfUtils.java:logGet(43)) - raft.server.notification.no-leader.timeout = 120s (custom)
2019-09-25 05:06:39,584 [pool-67-thread-1] INFO  server.RaftServerConfigKeys (ConfUtils.java:logGet(43)) - raft.server.log.use.memory = false (default)
2019-09-25 05:06:39,584 [pool-67-thread-1] INFO  server.RaftServerConfigKeys (ConfUtils.java:logGet(43)) - raft.server.log.purge.gap = 1000000 (custom)
2019-09-25 05:06:39,584 [pool-67-thread-1] INFO  server.RaftServerConfigKeys (ConfUtils.java:logGet(43)) - raft.server.log.appender.buffer.byte-limit = 33554432 (custom)
2019-09-25 05:06:39,585 [pool-67-thread-1] INFO  server.RaftServerConfigKeys (ConfUtils.java:logGet(43)) - raft.server.log.segment.size.max = 1048576 (custom)
2019-09-25 05:06:39,585 [pool-67-thread-1] INFO  server.RaftServerConfigKeys (ConfUtils.java:logGet(43)) - raft.server.log.segment.cache.num.max = 2 (custom)
2019-09-25 05:06:39,585 [pool-67-thread-1] INFO  segmented.SegmentedRaftLogWorker (SegmentedRaftLogWorker.java:<init>(172)) - new 692224c4-5202-4921-98cc-04d5c60c79cc@group-2600225F0C75-SegmentedRaftLogWorker for RaftStorage:Storage Directory /workdir/hadoop-ozone/integration-test/target/test-dir/MiniOzoneClusterImpl-23306158-e895-4fc7-80df-ce6c264c388b/datanode-4/data/ratis/295cc322-f1fc-4d9e-88b3-2600225f0c75
2019-09-25 05:06:39,585 [pool-67-thread-1] INFO  server.RaftServerConfigKeys (ConfUtils.java:logGet(43)) - raft.server.log.queue.byte-limit = 2147483647 (custom)
2019-09-25 05:06:39,585 [pool-67-thread-1] INFO  server.RaftServerConfigKeys (ConfUtils.java:logGet(43)) - raft.server.log.queue.element-limit = 1024 (custom)
2019-09-25 05:06:39,585 [pool-67-thread-1] INFO  server.RaftServerConfigKeys (ConfUtils.java:logGet(43)) - raft.server.log.segment.size.max = 1048576 (custom)
2019-09-25 05:06:39,585 [pool-67-thread-1] INFO  server.RaftServerConfigKeys (ConfUtils.java:logGet(43)) - raft.server.log.preallocated.size = 16384 (custom)
2019-09-25 05:06:39,586 [pool-67-thread-1] INFO  server.RaftServerConfigKeys (ConfUtils.java:logGet(43)) - raft.server.log.write.buffer.size = 33554432 (custom)
2019-09-25 05:06:39,586 [pool-67-thread-1] INFO  server.RaftServerConfigKeys (ConfUtils.java:logGet(43)) - raft.server.log.force.sync.num = 128 (default)
2019-09-25 05:06:39,586 [pool-67-thread-1] INFO  server.RaftServerConfigKeys (ConfUtils.java:logGet(43)) - raft.server.log.statemachine.data.sync = true (default)
2019-09-25 05:06:39,586 [pool-67-thread-1] INFO  server.RaftServerConfigKeys (ConfUtils.java:logGet(43)) - raft.server.log.statemachine.data.sync.timeout = 10s (default)
2019-09-25 05:06:39,586 [pool-67-thread-1] INFO  server.RaftServerConfigKeys (ConfUtils.java:logGet(43)) - raft.server.log.statemachine.data.sync.timeout.retry = -1 (default)
2019-09-25 05:06:39,586 [pool-67-thread-1] INFO  server.RaftServerConfigKeys (ConfUtils.java:logGet(43)) - raft.server.log.statemachine.data.caching.enabled = true (custom)
2019-09-25 05:06:39,586 [pool-67-thread-1] INFO  segmented.SegmentedRaftLogWorker (SegmentedRaftLogWorker.java:lambda$new$0(132)) - 692224c4-5202-4921-98cc-04d5c60c79cc@group-2600225F0C75-SegmentedRaftLogWorker: flushIndex: setUnconditionally 0 -> -1
2019-09-25 05:06:39,587 [pool-67-thread-1] INFO  server.RaftServerConfigKeys (ConfUtils.java:logGet(43)) - raft.server.snapshot.auto.trigger.enabled = true (custom)
2019-09-25 05:06:39,587 [pool-67-thread-1] INFO  server.RaftServerConfigKeys (ConfUtils.java:logGet(43)) - raft.server.snapshot.auto.trigger.threshold = 10000 (custom)
2019-09-25 05:06:39,587 [pool-67-thread-1] INFO  server.RaftServerConfigKeys (ConfUtils.java:logGet(43)) - raft.server.snapshot.retention.num.files = 5 (custom)
2019-09-25 05:06:39,587 [pool-67-thread-1] INFO  server.RaftServerConfigKeys (ConfUtils.java:logGet(43)) - raft.server.retrycache.expirytime = 600000ms (custom)
2019-09-25 05:06:39,589 [pool-67-thread-1] INFO  impl.RaftServerImpl (RaftServerImpl.java:start(185)) - 692224c4-5202-4921-98cc-04d5c60c79cc@group-2600225F0C75: start as a follower, conf=-1: [692224c4-5202-4921-98cc-04d5c60c79cc:192.168.30.10:38144], old=null
2019-09-25 05:06:39,589 [pool-67-thread-1] INFO  impl.RaftServerImpl (RaftServerImpl.java:setRole(174)) - 692224c4-5202-4921-98cc-04d5c60c79cc@group-2600225F0C75: changes role from      null to FOLLOWER at term 0 for startAsFollower
2019-09-25 05:06:39,589 [pool-67-thread-1] INFO  impl.RoleInfo (RoleInfo.java:updateAndGet(143)) - 692224c4-5202-4921-98cc-04d5c60c79cc: start FollowerState
2019-09-25 05:06:39,590 [pool-67-thread-1] INFO  util.JmxRegister (JmxRegister.java:tryRegister(44)) - Successfully registered JMX Bean with object name Ratis:service=RaftServer,group=group-2600225F0C75,id=692224c4-5202-4921-98cc-04d5c60c79cc
2019-09-25 05:06:39,593 [RatisPipelineUtilsThread] INFO  pipeline.PipelineStateManager (PipelineStateManager.java:addPipeline(56)) - Created pipeline Pipeline[ Id: 295cc322-f1fc-4d9e-88b3-2600225f0c75, Nodes: 692224c4-5202-4921-98cc-04d5c60c79cc{ip: 192.168.30.10, host: pr-hdds-1569-s62bp-3040748787, networkLocation: /default-rack, certSerialId: null}, Type:RATIS, Factor:ONE, State:OPEN]
2019-09-25 05:06:39,599 [grpc-default-executor-1] INFO  impl.RaftServerProxy (RaftServerProxy.java:addNew(89)) - 56396258-65a3-478c-9482-0be0199dd49c: addNew group-2DE791D766B0:[56396258-65a3-478c-9482-0be0199dd49c:192.168.30.10:41678] returns group-2DE791D766B0:java.util.concurrent.CompletableFuture@dc9606f[Not completed]
2019-09-25 05:06:39,600 [pool-87-thread-1] INFO  impl.RaftServerImpl (RaftServerImpl.java:<init>(95)) - 56396258-65a3-478c-9482-0be0199dd49c: new RaftServerImpl for group-2DE791D766B0:[56396258-65a3-478c-9482-0be0199dd49c:192.168.30.10:41678] with ContainerStateMachine:uninitialized
2019-09-25 05:06:39,600 [pool-87-thread-1] INFO  server.RaftServerConfigKeys (ConfUtils.java:logGet(43)) - raft.server.rpc.timeout.min = 5s (custom)
2019-09-25 05:06:39,600 [pool-87-thread-1] INFO  server.RaftServerConfigKeys (ConfUtils.java:logGet(43)) - raft.server.rpc.timeout.max = 5200ms (custom)
2019-09-25 05:06:39,600 [pool-87-thread-1] INFO  server.RaftServerConfigKeys (ConfUtils.java:logGet(43)) - raft.server.rpcslowness.timeout = 120s (custom)
2019-09-25 05:06:39,601 [pool-87-thread-1] INFO  server.RaftServerConfigKeys (ConfUtils.java:logGet(43)) - raft.server.sleep.deviation.threshold = 300 (default)
2019-09-25 05:06:39,601 [pool-87-thread-1] INFO  server.RaftServerConfigKeys (ConfUtils.java:logGet(43)) - raft.server.log.appender.install.snapshot.enabled = false (custom)
2019-09-25 05:06:39,601 [pool-87-thread-1] INFO  impl.RaftServerImpl (ServerState.java:<init>(103)) - 56396258-65a3-478c-9482-0be0199dd49c@group-2DE791D766B0: ConfigurationManager, init=-1: [56396258-65a3-478c-9482-0be0199dd49c:192.168.30.10:41678], old=null, confs=<EMPTY_MAP>
2019-09-25 05:06:39,601 [pool-87-thread-1] INFO  server.RaftServerConfigKeys (ConfUtils.java:logGet(43)) - raft.server.storage.dir = [/workdir/hadoop-ozone/integration-test/target/test-dir/MiniOzoneClusterImpl-23306158-e895-4fc7-80df-ce6c264c388b/datanode-6/data/ratis] (custom)
2019-09-25 05:06:39,602 [pool-87-thread-1] INFO  storage.RaftStorageDirectory (RaftStorageDirectory.java:analyzeStorage(246)) - The storage directory /workdir/hadoop-ozone/integration-test/target/test-dir/MiniOzoneClusterImpl-23306158-e895-4fc7-80df-ce6c264c388b/datanode-6/data/ratis/d9624d4f-8c4d-4220-9eef-2de791d766b0 does not exist. Creating ...
2019-09-25 05:06:39,614 [pool-87-thread-1] INFO  storage.RaftStorageDirectory (RaftStorageDirectory.java:tryLock(328)) - Lock on /workdir/hadoop-ozone/integration-test/target/test-dir/MiniOzoneClusterImpl-23306158-e895-4fc7-80df-ce6c264c388b/datanode-6/data/ratis/d9624d4f-8c4d-4220-9eef-2de791d766b0/in_use.lock acquired by nodename 25526@pr-hdds-1569-s62bp-3040748787
2019-09-25 05:06:39,627 [pool-87-thread-1] INFO  storage.RaftStorage (RaftStorage.java:format(72)) - Storage directory /workdir/hadoop-ozone/integration-test/target/test-dir/MiniOzoneClusterImpl-23306158-e895-4fc7-80df-ce6c264c388b/datanode-6/data/ratis/d9624d4f-8c4d-4220-9eef-2de791d766b0 has been successfully formatted.
2019-09-25 05:06:39,628 [pool-87-thread-1] INFO  ratis.ContainerStateMachine (ContainerStateMachine.java:loadSnapshot(230)) - group-2DE791D766B0: The snapshot info is null. Setting the last applied indexto:(t:0, i:~)
2019-09-25 05:06:39,628 [pool-87-thread-1] INFO  server.RaftServerConfigKeys (ConfUtils.java:logGet(43)) - raft.server.notification.no-leader.timeout = 120s (custom)
2019-09-25 05:06:39,628 [pool-87-thread-1] INFO  server.RaftServerConfigKeys (ConfUtils.java:logGet(43)) - raft.server.log.use.memory = false (default)
2019-09-25 05:06:39,628 [pool-87-thread-1] INFO  server.RaftServerConfigKeys (ConfUtils.java:logGet(43)) - raft.server.log.purge.gap = 1000000 (custom)
2019-09-25 05:06:39,628 [pool-87-thread-1] INFO  server.RaftServerConfigKeys (ConfUtils.java:logGet(43)) - raft.server.log.appender.buffer.byte-limit = 33554432 (custom)
2019-09-25 05:06:39,629 [pool-87-thread-1] INFO  server.RaftServerConfigKeys (ConfUtils.java:logGet(43)) - raft.server.log.segment.size.max = 1048576 (custom)
2019-09-25 05:06:39,629 [pool-87-thread-1] INFO  server.RaftServerConfigKeys (ConfUtils.java:logGet(43)) - raft.server.log.segment.cache.num.max = 2 (custom)
2019-09-25 05:06:39,629 [pool-87-thread-1] INFO  segmented.SegmentedRaftLogWorker (SegmentedRaftLogWorker.java:<init>(172)) - new 56396258-65a3-478c-9482-0be0199dd49c@group-2DE791D766B0-SegmentedRaftLogWorker for RaftStorage:Storage Directory /workdir/hadoop-ozone/integration-test/target/test-dir/MiniOzoneClusterImpl-23306158-e895-4fc7-80df-ce6c264c388b/datanode-6/data/ratis/d9624d4f-8c4d-4220-9eef-2de791d766b0
2019-09-25 05:06:39,629 [pool-87-thread-1] INFO  server.RaftServerConfigKeys (ConfUtils.java:logGet(43)) - raft.server.log.queue.byte-limit = 2147483647 (custom)
2019-09-25 05:06:39,629 [pool-87-thread-1] INFO  server.RaftServerConfigKeys (ConfUtils.java:logGet(43)) - raft.server.log.queue.element-limit = 1024 (custom)
2019-09-25 05:06:39,629 [pool-87-thread-1] INFO  server.RaftServerConfigKeys (ConfUtils.java:logGet(43)) - raft.server.log.segment.size.max = 1048576 (custom)
2019-09-25 05:06:39,629 [pool-87-thread-1] INFO  server.RaftServerConfigKeys (ConfUtils.java:logGet(43)) - raft.server.log.preallocated.size = 16384 (custom)
2019-09-25 05:06:39,630 [pool-87-thread-1] INFO  server.RaftServerConfigKeys (ConfUtils.java:logGet(43)) - raft.server.log.write.buffer.size = 33554432 (custom)
2019-09-25 05:06:39,630 [pool-87-thread-1] INFO  server.RaftServerConfigKeys (ConfUtils.java:logGet(43)) - raft.server.log.force.sync.num = 128 (default)
2019-09-25 05:06:39,630 [pool-87-thread-1] INFO  server.RaftServerConfigKeys (ConfUtils.java:logGet(43)) - raft.server.log.statemachine.data.sync = true (default)
2019-09-25 05:06:39,630 [pool-87-thread-1] INFO  server.RaftServerConfigKeys (ConfUtils.java:logGet(43)) - raft.server.log.statemachine.data.sync.timeout = 10s (default)
2019-09-25 05:06:39,630 [pool-87-thread-1] INFO  server.RaftServerConfigKeys (ConfUtils.java:logGet(43)) - raft.server.log.statemachine.data.sync.timeout.retry = -1 (default)
2019-09-25 05:06:39,630 [pool-87-thread-1] INFO  server.RaftServerConfigKeys (ConfUtils.java:logGet(43)) - raft.server.log.statemachine.data.caching.enabled = true (custom)
2019-09-25 05:06:39,631 [pool-87-thread-1] INFO  segmented.SegmentedRaftLogWorker (SegmentedRaftLogWorker.java:lambda$new$0(132)) - 56396258-65a3-478c-9482-0be0199dd49c@group-2DE791D766B0-SegmentedRaftLogWorker: flushIndex: setUnconditionally 0 -> -1
2019-09-25 05:06:39,631 [pool-87-thread-1] INFO  server.RaftServerConfigKeys (ConfUtils.java:logGet(43)) - raft.server.snapshot.auto.trigger.enabled = true (custom)
2019-09-25 05:06:39,631 [pool-87-thread-1] INFO  server.RaftServerConfigKeys (ConfUtils.java:logGet(43)) - raft.server.snapshot.auto.trigger.threshold = 10000 (custom)
2019-09-25 05:06:39,631 [pool-87-thread-1] INFO  server.RaftServerConfigKeys (ConfUtils.java:logGet(43)) - raft.server.snapshot.retention.num.files = 5 (custom)
2019-09-25 05:06:39,631 [pool-87-thread-1] INFO  server.RaftServerConfigKeys (ConfUtils.java:logGet(43)) - raft.server.retrycache.expirytime = 600000ms (custom)
2019-09-25 05:06:39,633 [pool-87-thread-1] INFO  impl.RaftServerImpl (RaftServerImpl.java:start(185)) - 56396258-65a3-478c-9482-0be0199dd49c@group-2DE791D766B0: start as a follower, conf=-1: [56396258-65a3-478c-9482-0be0199dd49c:192.168.30.10:41678], old=null
2019-09-25 05:06:39,634 [pool-87-thread-1] INFO  impl.RaftServerImpl (RaftServerImpl.java:setRole(174)) - 56396258-65a3-478c-9482-0be0199dd49c@group-2DE791D766B0: changes role from      null to FOLLOWER at term 0 for startAsFollower
2019-09-25 05:06:39,634 [pool-87-thread-1] INFO  impl.RoleInfo (RoleInfo.java:updateAndGet(143)) - 56396258-65a3-478c-9482-0be0199dd49c: start FollowerState
2019-09-25 05:06:39,634 [pool-87-thread-1] INFO  util.JmxRegister (JmxRegister.java:tryRegister(44)) - Successfully registered JMX Bean with object name Ratis:service=RaftServer,group=group-2DE791D766B0,id=56396258-65a3-478c-9482-0be0199dd49c
2019-09-25 05:06:39,637 [RatisPipelineUtilsThread] INFO  pipeline.PipelineStateManager (PipelineStateManager.java:addPipeline(56)) - Created pipeline Pipeline[ Id: d9624d4f-8c4d-4220-9eef-2de791d766b0, Nodes: 56396258-65a3-478c-9482-0be0199dd49c{ip: 192.168.30.10, host: pr-hdds-1569-s62bp-3040748787, networkLocation: /default-rack, certSerialId: null}, Type:RATIS, Factor:ONE, State:OPEN]
2019-09-25 05:06:39,641 [grpc-default-executor-1] INFO  impl.RaftServerProxy (RaftServerProxy.java:addNew(89)) - c8798e02-7f0c-41f7-82c2-a17323bcf21e: addNew group-8B26529E66E1:[c8798e02-7f0c-41f7-82c2-a17323bcf21e:192.168.30.10:40603] returns group-8B26529E66E1:java.util.concurrent.CompletableFuture@2122b456[Not completed]
2019-09-25 05:06:39,642 [pool-47-thread-1] INFO  impl.RaftServerImpl (RaftServerImpl.java:<init>(95)) - c8798e02-7f0c-41f7-82c2-a17323bcf21e: new RaftServerImpl for group-8B26529E66E1:[c8798e02-7f0c-41f7-82c2-a17323bcf21e:192.168.30.10:40603] with ContainerStateMachine:uninitialized
2019-09-25 05:06:39,643 [pool-47-thread-1] INFO  server.RaftServerConfigKeys (ConfUtils.java:logGet(43)) - raft.server.rpc.timeout.min = 5s (custom)
2019-09-25 05:06:39,643 [pool-47-thread-1] INFO  server.RaftServerConfigKeys (ConfUtils.java:logGet(43)) - raft.server.rpc.timeout.max = 5200ms (custom)
2019-09-25 05:06:39,643 [pool-47-thread-1] INFO  server.RaftServerConfigKeys (ConfUtils.java:logGet(43)) - raft.server.rpcslowness.timeout = 120s (custom)
2019-09-25 05:06:39,643 [pool-47-thread-1] INFO  server.RaftServerConfigKeys (ConfUtils.java:logGet(43)) - raft.server.sleep.deviation.threshold = 300 (default)
2019-09-25 05:06:39,643 [pool-47-thread-1] INFO  server.RaftServerConfigKeys (ConfUtils.java:logGet(43)) - raft.server.log.appender.install.snapshot.enabled = false (custom)
2019-09-25 05:06:39,643 [pool-47-thread-1] INFO  impl.RaftServerImpl (ServerState.java:<init>(103)) - c8798e02-7f0c-41f7-82c2-a17323bcf21e@group-8B26529E66E1: ConfigurationManager, init=-1: [c8798e02-7f0c-41f7-82c2-a17323bcf21e:192.168.30.10:40603], old=null, confs=<EMPTY_MAP>
2019-09-25 05:06:39,643 [pool-47-thread-1] INFO  server.RaftServerConfigKeys (ConfUtils.java:logGet(43)) - raft.server.storage.dir = [/workdir/hadoop-ozone/integration-test/target/test-dir/MiniOzoneClusterImpl-23306158-e895-4fc7-80df-ce6c264c388b/datanode-2/data/ratis] (custom)
2019-09-25 05:06:39,644 [pool-47-thread-1] INFO  storage.RaftStorageDirectory (RaftStorageDirectory.java:analyzeStorage(246)) - The storage directory /workdir/hadoop-ozone/integration-test/target/test-dir/MiniOzoneClusterImpl-23306158-e895-4fc7-80df-ce6c264c388b/datanode-2/data/ratis/7a1fa544-acc6-4370-b40a-8b26529e66e1 does not exist. Creating ...
2019-09-25 05:06:39,657 [pool-47-thread-1] INFO  storage.RaftStorageDirectory (RaftStorageDirectory.java:tryLock(328)) - Lock on /workdir/hadoop-ozone/integration-test/target/test-dir/MiniOzoneClusterImpl-23306158-e895-4fc7-80df-ce6c264c388b/datanode-2/data/ratis/7a1fa544-acc6-4370-b40a-8b26529e66e1/in_use.lock acquired by nodename 25526@pr-hdds-1569-s62bp-3040748787
2019-09-25 05:06:39,671 [pool-47-thread-1] INFO  storage.RaftStorage (RaftStorage.java:format(72)) - Storage directory /workdir/hadoop-ozone/integration-test/target/test-dir/MiniOzoneClusterImpl-23306158-e895-4fc7-80df-ce6c264c388b/datanode-2/data/ratis/7a1fa544-acc6-4370-b40a-8b26529e66e1 has been successfully formatted.
2019-09-25 05:06:39,671 [pool-47-thread-1] INFO  ratis.ContainerStateMachine (ContainerStateMachine.java:loadSnapshot(230)) - group-8B26529E66E1: The snapshot info is null. Setting the last applied indexto:(t:0, i:~)
2019-09-25 05:06:39,671 [pool-47-thread-1] INFO  server.RaftServerConfigKeys (ConfUtils.java:logGet(43)) - raft.server.notification.no-leader.timeout = 120s (custom)
2019-09-25 05:06:39,672 [pool-47-thread-1] INFO  server.RaftServerConfigKeys (ConfUtils.java:logGet(43)) - raft.server.log.use.memory = false (default)
2019-09-25 05:06:39,672 [pool-47-thread-1] INFO  server.RaftServerConfigKeys (ConfUtils.java:logGet(43)) - raft.server.log.purge.gap = 1000000 (custom)
2019-09-25 05:06:39,672 [pool-47-thread-1] INFO  server.RaftServerConfigKeys (ConfUtils.java:logGet(43)) - raft.server.log.appender.buffer.byte-limit = 33554432 (custom)
2019-09-25 05:06:39,672 [pool-47-thread-1] INFO  server.RaftServerConfigKeys (ConfUtils.java:logGet(43)) - raft.server.log.segment.size.max = 1048576 (custom)
2019-09-25 05:06:39,672 [pool-47-thread-1] INFO  server.RaftServerConfigKeys (ConfUtils.java:logGet(43)) - raft.server.log.segment.cache.num.max = 2 (custom)
2019-09-25 05:06:39,672 [pool-47-thread-1] INFO  segmented.SegmentedRaftLogWorker (SegmentedRaftLogWorker.java:<init>(172)) - new c8798e02-7f0c-41f7-82c2-a17323bcf21e@group-8B26529E66E1-SegmentedRaftLogWorker for RaftStorage:Storage Directory /workdir/hadoop-ozone/integration-test/target/test-dir/MiniOzoneClusterImpl-23306158-e895-4fc7-80df-ce6c264c388b/datanode-2/data/ratis/7a1fa544-acc6-4370-b40a-8b26529e66e1
2019-09-25 05:06:39,672 [pool-47-thread-1] INFO  server.RaftServerConfigKeys (ConfUtils.java:logGet(43)) - raft.server.log.queue.byte-limit = 2147483647 (custom)
2019-09-25 05:06:39,673 [pool-47-thread-1] INFO  server.RaftServerConfigKeys (ConfUtils.java:logGet(43)) - raft.server.log.queue.element-limit = 1024 (custom)
2019-09-25 05:06:39,673 [pool-47-thread-1] INFO  server.RaftServerConfigKeys (ConfUtils.java:logGet(43)) - raft.server.log.segment.size.max = 1048576 (custom)
2019-09-25 05:06:39,673 [pool-47-thread-1] INFO  server.RaftServerConfigKeys (ConfUtils.java:logGet(43)) - raft.server.log.preallocated.size = 16384 (custom)
2019-09-25 05:06:39,673 [pool-47-thread-1] INFO  server.RaftServerConfigKeys (ConfUtils.java:logGet(43)) - raft.server.log.write.buffer.size = 33554432 (custom)
2019-09-25 05:06:39,673 [pool-47-thread-1] INFO  server.RaftServerConfigKeys (ConfUtils.java:logGet(43)) - raft.server.log.force.sync.num = 128 (default)
2019-09-25 05:06:39,673 [pool-47-thread-1] INFO  server.RaftServerConfigKeys (ConfUtils.java:logGet(43)) - raft.server.log.statemachine.data.sync = true (default)
2019-09-25 05:06:39,673 [pool-47-thread-1] INFO  server.RaftServerConfigKeys (ConfUtils.java:logGet(43)) - raft.server.log.statemachine.data.sync.timeout = 10s (default)
2019-09-25 05:06:39,674 [pool-47-thread-1] INFO  server.RaftServerConfigKeys (ConfUtils.java:logGet(43)) - raft.server.log.statemachine.data.sync.timeout.retry = -1 (default)
2019-09-25 05:06:39,674 [pool-47-thread-1] INFO  server.RaftServerConfigKeys (ConfUtils.java:logGet(43)) - raft.server.log.statemachine.data.caching.enabled = true (custom)
2019-09-25 05:06:39,674 [pool-47-thread-1] INFO  segmented.SegmentedRaftLogWorker (SegmentedRaftLogWorker.java:lambda$new$0(132)) - c8798e02-7f0c-41f7-82c2-a17323bcf21e@group-8B26529E66E1-SegmentedRaftLogWorker: flushIndex: setUnconditionally 0 -> -1
2019-09-25 05:06:39,674 [pool-47-thread-1] INFO  server.RaftServerConfigKeys (ConfUtils.java:logGet(43)) - raft.server.snapshot.auto.trigger.enabled = true (custom)
2019-09-25 05:06:39,675 [pool-47-thread-1] INFO  server.RaftServerConfigKeys (ConfUtils.java:logGet(43)) - raft.server.snapshot.auto.trigger.threshold = 10000 (custom)
2019-09-25 05:06:39,675 [pool-47-thread-1] INFO  server.RaftServerConfigKeys (ConfUtils.java:logGet(43)) - raft.server.snapshot.retention.num.files = 5 (custom)
2019-09-25 05:06:39,675 [pool-47-thread-1] INFO  server.RaftServerConfigKeys (ConfUtils.java:logGet(43)) - raft.server.retrycache.expirytime = 600000ms (custom)
2019-09-25 05:06:39,677 [pool-47-thread-1] INFO  impl.RaftServerImpl (RaftServerImpl.java:start(185)) - c8798e02-7f0c-41f7-82c2-a17323bcf21e@group-8B26529E66E1: start as a follower, conf=-1: [c8798e02-7f0c-41f7-82c2-a17323bcf21e:192.168.30.10:40603], old=null
2019-09-25 05:06:39,677 [pool-47-thread-1] INFO  impl.RaftServerImpl (RaftServerImpl.java:setRole(174)) - c8798e02-7f0c-41f7-82c2-a17323bcf21e@group-8B26529E66E1: changes role from      null to FOLLOWER at term 0 for startAsFollower
2019-09-25 05:06:39,677 [pool-47-thread-1] INFO  impl.RoleInfo (RoleInfo.java:updateAndGet(143)) - c8798e02-7f0c-41f7-82c2-a17323bcf21e: start FollowerState
2019-09-25 05:06:39,696 [pool-47-thread-1] INFO  util.JmxRegister (JmxRegister.java:tryRegister(44)) - Successfully registered JMX Bean with object name Ratis:service=RaftServer,group=group-8B26529E66E1,id=c8798e02-7f0c-41f7-82c2-a17323bcf21e
2019-09-25 05:06:39,698 [RatisPipelineUtilsThread] INFO  pipeline.PipelineStateManager (PipelineStateManager.java:addPipeline(56)) - Created pipeline Pipeline[ Id: 7a1fa544-acc6-4370-b40a-8b26529e66e1, Nodes: c8798e02-7f0c-41f7-82c2-a17323bcf21e{ip: 192.168.30.10, host: pr-hdds-1569-s62bp-3040748787, networkLocation: /default-rack, certSerialId: null}, Type:RATIS, Factor:ONE, State:OPEN]
2019-09-25 05:06:39,704 [grpc-default-executor-1] INFO  impl.RaftServerProxy (RaftServerProxy.java:addNew(89)) - 56396258-65a3-478c-9482-0be0199dd49c: addNew group-F16BF35F1496:[56396258-65a3-478c-9482-0be0199dd49c:192.168.30.10:41678] returns group-F16BF35F1496:java.util.concurrent.CompletableFuture@6a14dc41[Not completed]
2019-09-25 05:06:39,705 [pool-87-thread-1] INFO  impl.RaftServerImpl (RaftServerImpl.java:<init>(95)) - 56396258-65a3-478c-9482-0be0199dd49c: new RaftServerImpl for group-F16BF35F1496:[56396258-65a3-478c-9482-0be0199dd49c:192.168.30.10:41678] with ContainerStateMachine:uninitialized
2019-09-25 05:06:39,705 [pool-87-thread-1] INFO  server.RaftServerConfigKeys (ConfUtils.java:logGet(43)) - raft.server.rpc.timeout.min = 5s (custom)
2019-09-25 05:06:39,705 [pool-87-thread-1] INFO  server.RaftServerConfigKeys (ConfUtils.java:logGet(43)) - raft.server.rpc.timeout.max = 5200ms (custom)
2019-09-25 05:06:39,706 [pool-87-thread-1] INFO  server.RaftServerConfigKeys (ConfUtils.java:logGet(43)) - raft.server.rpcslowness.timeout = 120s (custom)
2019-09-25 05:06:39,706 [pool-87-thread-1] INFO  server.RaftServerConfigKeys (ConfUtils.java:logGet(43)) - raft.server.sleep.deviation.threshold = 300 (default)
2019-09-25 05:06:39,706 [pool-87-thread-1] INFO  server.RaftServerConfigKeys (ConfUtils.java:logGet(43)) - raft.server.log.appender.install.snapshot.enabled = false (custom)
2019-09-25 05:06:39,706 [pool-87-thread-1] INFO  impl.RaftServerImpl (ServerState.java:<init>(103)) - 56396258-65a3-478c-9482-0be0199dd49c@group-F16BF35F1496: ConfigurationManager, init=-1: [56396258-65a3-478c-9482-0be0199dd49c:192.168.30.10:41678], old=null, confs=<EMPTY_MAP>
2019-09-25 05:06:39,706 [pool-87-thread-1] INFO  server.RaftServerConfigKeys (ConfUtils.java:logGet(43)) - raft.server.storage.dir = [/workdir/hadoop-ozone/integration-test/target/test-dir/MiniOzoneClusterImpl-23306158-e895-4fc7-80df-ce6c264c388b/datanode-6/data/ratis] (custom)
2019-09-25 05:06:39,707 [pool-87-thread-1] INFO  storage.RaftStorageDirectory (RaftStorageDirectory.java:analyzeStorage(246)) - The storage directory /workdir/hadoop-ozone/integration-test/target/test-dir/MiniOzoneClusterImpl-23306158-e895-4fc7-80df-ce6c264c388b/datanode-6/data/ratis/1905e964-873a-4e02-9f88-f16bf35f1496 does not exist. Creating ...
2019-09-25 05:06:39,720 [pool-87-thread-1] INFO  storage.RaftStorageDirectory (RaftStorageDirectory.java:tryLock(328)) - Lock on /workdir/hadoop-ozone/integration-test/target/test-dir/MiniOzoneClusterImpl-23306158-e895-4fc7-80df-ce6c264c388b/datanode-6/data/ratis/1905e964-873a-4e02-9f88-f16bf35f1496/in_use.lock acquired by nodename 25526@pr-hdds-1569-s62bp-3040748787
2019-09-25 05:06:39,734 [pool-87-thread-1] INFO  storage.RaftStorage (RaftStorage.java:format(72)) - Storage directory /workdir/hadoop-ozone/integration-test/target/test-dir/MiniOzoneClusterImpl-23306158-e895-4fc7-80df-ce6c264c388b/datanode-6/data/ratis/1905e964-873a-4e02-9f88-f16bf35f1496 has been successfully formatted.
2019-09-25 05:06:39,734 [pool-87-thread-1] INFO  ratis.ContainerStateMachine (ContainerStateMachine.java:loadSnapshot(230)) - group-F16BF35F1496: The snapshot info is null. Setting the last applied indexto:(t:0, i:~)
2019-09-25 05:06:39,734 [pool-87-thread-1] INFO  server.RaftServerConfigKeys (ConfUtils.java:logGet(43)) - raft.server.notification.no-leader.timeout = 120s (custom)
2019-09-25 05:06:39,734 [pool-87-thread-1] INFO  server.RaftServerConfigKeys (ConfUtils.java:logGet(43)) - raft.server.log.use.memory = false (default)
2019-09-25 05:06:39,734 [pool-87-thread-1] INFO  server.RaftServerConfigKeys (ConfUtils.java:logGet(43)) - raft.server.log.purge.gap = 1000000 (custom)
2019-09-25 05:06:39,735 [pool-87-thread-1] INFO  server.RaftServerConfigKeys (ConfUtils.java:logGet(43)) - raft.server.log.appender.buffer.byte-limit = 33554432 (custom)
2019-09-25 05:06:39,735 [pool-87-thread-1] INFO  server.RaftServerConfigKeys (ConfUtils.java:logGet(43)) - raft.server.log.segment.size.max = 1048576 (custom)
2019-09-25 05:06:39,735 [pool-87-thread-1] INFO  server.RaftServerConfigKeys (ConfUtils.java:logGet(43)) - raft.server.log.segment.cache.num.max = 2 (custom)
2019-09-25 05:06:39,735 [pool-87-thread-1] INFO  segmented.SegmentedRaftLogWorker (SegmentedRaftLogWorker.java:<init>(172)) - new 56396258-65a3-478c-9482-0be0199dd49c@group-F16BF35F1496-SegmentedRaftLogWorker for RaftStorage:Storage Directory /workdir/hadoop-ozone/integration-test/target/test-dir/MiniOzoneClusterImpl-23306158-e895-4fc7-80df-ce6c264c388b/datanode-6/data/ratis/1905e964-873a-4e02-9f88-f16bf35f1496
2019-09-25 05:06:39,735 [pool-87-thread-1] INFO  server.RaftServerConfigKeys (ConfUtils.java:logGet(43)) - raft.server.log.queue.byte-limit = 2147483647 (custom)
2019-09-25 05:06:39,735 [pool-87-thread-1] INFO  server.RaftServerConfigKeys (ConfUtils.java:logGet(43)) - raft.server.log.queue.element-limit = 1024 (custom)
2019-09-25 05:06:39,735 [pool-87-thread-1] INFO  server.RaftServerConfigKeys (ConfUtils.java:logGet(43)) - raft.server.log.segment.size.max = 1048576 (custom)
2019-09-25 05:06:39,736 [pool-87-thread-1] INFO  server.RaftServerConfigKeys (ConfUtils.java:logGet(43)) - raft.server.log.preallocated.size = 16384 (custom)
2019-09-25 05:06:39,736 [pool-87-thread-1] INFO  server.RaftServerConfigKeys (ConfUtils.java:logGet(43)) - raft.server.log.write.buffer.size = 33554432 (custom)
2019-09-25 05:06:39,736 [pool-87-thread-1] INFO  server.RaftServerConfigKeys (ConfUtils.java:logGet(43)) - raft.server.log.force.sync.num = 128 (default)
2019-09-25 05:06:39,736 [pool-87-thread-1] INFO  server.RaftServerConfigKeys (ConfUtils.java:logGet(43)) - raft.server.log.statemachine.data.sync = true (default)
2019-09-25 05:06:39,736 [pool-87-thread-1] INFO  server.RaftServerConfigKeys (ConfUtils.java:logGet(43)) - raft.server.log.statemachine.data.sync.timeout = 10s (default)
2019-09-25 05:06:39,736 [pool-87-thread-1] INFO  server.RaftServerConfigKeys (ConfUtils.java:logGet(43)) - raft.server.log.statemachine.data.sync.timeout.retry = -1 (default)
2019-09-25 05:06:39,736 [pool-87-thread-1] INFO  server.RaftServerConfigKeys (ConfUtils.java:logGet(43)) - raft.server.log.statemachine.data.caching.enabled = true (custom)
2019-09-25 05:06:39,737 [pool-87-thread-1] INFO  segmented.SegmentedRaftLogWorker (SegmentedRaftLogWorker.java:lambda$new$0(132)) - 56396258-65a3-478c-9482-0be0199dd49c@group-F16BF35F1496-SegmentedRaftLogWorker: flushIndex: setUnconditionally 0 -> -1
2019-09-25 05:06:39,737 [pool-87-thread-1] INFO  server.RaftServerConfigKeys (ConfUtils.java:logGet(43)) - raft.server.snapshot.auto.trigger.enabled = true (custom)
2019-09-25 05:06:39,737 [pool-87-thread-1] INFO  server.RaftServerConfigKeys (ConfUtils.java:logGet(43)) - raft.server.snapshot.auto.trigger.threshold = 10000 (custom)
2019-09-25 05:06:39,737 [pool-87-thread-1] INFO  server.RaftServerConfigKeys (ConfUtils.java:logGet(43)) - raft.server.snapshot.retention.num.files = 5 (custom)
2019-09-25 05:06:39,737 [pool-87-thread-1] INFO  server.RaftServerConfigKeys (ConfUtils.java:logGet(43)) - raft.server.retrycache.expirytime = 600000ms (custom)
2019-09-25 05:06:39,739 [pool-87-thread-1] INFO  impl.RaftServerImpl (RaftServerImpl.java:start(185)) - 56396258-65a3-478c-9482-0be0199dd49c@group-F16BF35F1496: start as a follower, conf=-1: [56396258-65a3-478c-9482-0be0199dd49c:192.168.30.10:41678], old=null
2019-09-25 05:06:39,739 [pool-87-thread-1] INFO  impl.RaftServerImpl (RaftServerImpl.java:setRole(174)) - 56396258-65a3-478c-9482-0be0199dd49c@group-F16BF35F1496: changes role from      null to FOLLOWER at term 0 for startAsFollower
2019-09-25 05:06:39,739 [pool-87-thread-1] INFO  impl.RoleInfo (RoleInfo.java:updateAndGet(143)) - 56396258-65a3-478c-9482-0be0199dd49c: start FollowerState
2019-09-25 05:06:39,740 [pool-87-thread-1] INFO  util.JmxRegister (JmxRegister.java:tryRegister(44)) - Successfully registered JMX Bean with object name Ratis:service=RaftServer,group=group-F16BF35F1496,id=56396258-65a3-478c-9482-0be0199dd49c
2019-09-25 05:06:39,743 [RatisPipelineUtilsThread] INFO  pipeline.PipelineStateManager (PipelineStateManager.java:addPipeline(56)) - Created pipeline Pipeline[ Id: 1905e964-873a-4e02-9f88-f16bf35f1496, Nodes: 56396258-65a3-478c-9482-0be0199dd49c{ip: 192.168.30.10, host: pr-hdds-1569-s62bp-3040748787, networkLocation: /default-rack, certSerialId: null}, Type:RATIS, Factor:ONE, State:OPEN]
2019-09-25 05:06:39,748 [grpc-default-executor-1] INFO  impl.RaftServerProxy (RaftServerProxy.java:addNew(89)) - 36ac27b3-2f11-437d-8f1f-165306b0ff4a: addNew group-B8FD25FCA5CE:[36ac27b3-2f11-437d-8f1f-165306b0ff4a:192.168.30.10:45265] returns group-B8FD25FCA5CE:java.util.concurrent.CompletableFuture@71068d25[Not completed]
2019-09-25 05:06:39,749 [pool-37-thread-1] INFO  impl.RaftServerImpl (RaftServerImpl.java:<init>(95)) - 36ac27b3-2f11-437d-8f1f-165306b0ff4a: new RaftServerImpl for group-B8FD25FCA5CE:[36ac27b3-2f11-437d-8f1f-165306b0ff4a:192.168.30.10:45265] with ContainerStateMachine:uninitialized
2019-09-25 05:06:39,750 [pool-37-thread-1] INFO  server.RaftServerConfigKeys (ConfUtils.java:logGet(43)) - raft.server.rpc.timeout.min = 5s (custom)
2019-09-25 05:06:39,750 [pool-37-thread-1] INFO  server.RaftServerConfigKeys (ConfUtils.java:logGet(43)) - raft.server.rpc.timeout.max = 5200ms (custom)
2019-09-25 05:06:39,750 [pool-37-thread-1] INFO  server.RaftServerConfigKeys (ConfUtils.java:logGet(43)) - raft.server.rpcslowness.timeout = 120s (custom)
2019-09-25 05:06:39,750 [pool-37-thread-1] INFO  server.RaftServerConfigKeys (ConfUtils.java:logGet(43)) - raft.server.sleep.deviation.threshold = 300 (default)
2019-09-25 05:06:39,750 [pool-37-thread-1] INFO  server.RaftServerConfigKeys (ConfUtils.java:logGet(43)) - raft.server.log.appender.install.snapshot.enabled = false (custom)
2019-09-25 05:06:39,750 [pool-37-thread-1] INFO  impl.RaftServerImpl (ServerState.java:<init>(103)) - 36ac27b3-2f11-437d-8f1f-165306b0ff4a@group-B8FD25FCA5CE: ConfigurationManager, init=-1: [36ac27b3-2f11-437d-8f1f-165306b0ff4a:192.168.30.10:45265], old=null, confs=<EMPTY_MAP>
2019-09-25 05:06:39,751 [pool-37-thread-1] INFO  server.RaftServerConfigKeys (ConfUtils.java:logGet(43)) - raft.server.storage.dir = [/workdir/hadoop-ozone/integration-test/target/test-dir/MiniOzoneClusterImpl-23306158-e895-4fc7-80df-ce6c264c388b/datanode-1/data/ratis] (custom)
2019-09-25 05:06:39,751 [pool-37-thread-1] INFO  storage.RaftStorageDirectory (RaftStorageDirectory.java:analyzeStorage(246)) - The storage directory /workdir/hadoop-ozone/integration-test/target/test-dir/MiniOzoneClusterImpl-23306158-e895-4fc7-80df-ce6c264c388b/datanode-1/data/ratis/e15463df-492a-459f-a090-b8fd25fca5ce does not exist. Creating ...
2019-09-25 05:06:39,760 [Thread-972] INFO  impl.FollowerState (FollowerState.java:run(106)) - f77bfc29-6991-4b1d-a503-f706c83de4fc:group-91F3DF1D9994 changes to CANDIDATE, lastRpcTime:5142, electionTimeout:5142ms
2019-09-25 05:06:39,761 [Thread-972] INFO  impl.RoleInfo (RoleInfo.java:shutdownFollowerState(121)) - f77bfc29-6991-4b1d-a503-f706c83de4fc: shutdown FollowerState
2019-09-25 05:06:39,761 [Thread-972] INFO  impl.RaftServerImpl (RaftServerImpl.java:setRole(174)) - f77bfc29-6991-4b1d-a503-f706c83de4fc@group-91F3DF1D9994: changes role from  FOLLOWER to CANDIDATE at term 0 for changeToCandidate
2019-09-25 05:06:39,761 [Thread-972] INFO  impl.RoleInfo (RoleInfo.java:updateAndGet(143)) - f77bfc29-6991-4b1d-a503-f706c83de4fc: start LeaderElection
2019-09-25 05:06:39,765 [pool-37-thread-1] INFO  storage.RaftStorageDirectory (RaftStorageDirectory.java:tryLock(328)) - Lock on /workdir/hadoop-ozone/integration-test/target/test-dir/MiniOzoneClusterImpl-23306158-e895-4fc7-80df-ce6c264c388b/datanode-1/data/ratis/e15463df-492a-459f-a090-b8fd25fca5ce/in_use.lock acquired by nodename 25526@pr-hdds-1569-s62bp-3040748787
2019-09-25 05:06:39,765 [f77bfc29-6991-4b1d-a503-f706c83de4fc@group-91F3DF1D9994:LeaderElection145] INFO  impl.LeaderElection (LeaderElection.java:askForVotes(182)) - f77bfc29-6991-4b1d-a503-f706c83de4fc@group-91F3DF1D9994:LeaderElection145: begin an election at term 1 for -1: [36ac27b3-2f11-437d-8f1f-165306b0ff4a:192.168.30.10:45265, 56396258-65a3-478c-9482-0be0199dd49c:192.168.30.10:41678, f77bfc29-6991-4b1d-a503-f706c83de4fc:192.168.30.10:35112], old=null
2019-09-25 05:06:39,778 [pool-37-thread-1] INFO  storage.RaftStorage (RaftStorage.java:format(72)) - Storage directory /workdir/hadoop-ozone/integration-test/target/test-dir/MiniOzoneClusterImpl-23306158-e895-4fc7-80df-ce6c264c388b/datanode-1/data/ratis/e15463df-492a-459f-a090-b8fd25fca5ce has been successfully formatted.
2019-09-25 05:06:39,778 [pool-37-thread-1] INFO  ratis.ContainerStateMachine (ContainerStateMachine.java:loadSnapshot(230)) - group-B8FD25FCA5CE: The snapshot info is null. Setting the last applied indexto:(t:0, i:~)
2019-09-25 05:06:39,779 [pool-37-thread-1] INFO  server.RaftServerConfigKeys (ConfUtils.java:logGet(43)) - raft.server.notification.no-leader.timeout = 120s (custom)
2019-09-25 05:06:39,779 [pool-37-thread-1] INFO  server.RaftServerConfigKeys (ConfUtils.java:logGet(43)) - raft.server.log.use.memory = false (default)
2019-09-25 05:06:39,779 [pool-37-thread-1] INFO  server.RaftServerConfigKeys (ConfUtils.java:logGet(43)) - raft.server.log.purge.gap = 1000000 (custom)
2019-09-25 05:06:39,779 [pool-37-thread-1] INFO  server.RaftServerConfigKeys (ConfUtils.java:logGet(43)) - raft.server.log.appender.buffer.byte-limit = 33554432 (custom)
2019-09-25 05:06:39,779 [pool-37-thread-1] INFO  server.RaftServerConfigKeys (ConfUtils.java:logGet(43)) - raft.server.log.segment.size.max = 1048576 (custom)
2019-09-25 05:06:39,779 [pool-37-thread-1] INFO  server.RaftServerConfigKeys (ConfUtils.java:logGet(43)) - raft.server.log.segment.cache.num.max = 2 (custom)
2019-09-25 05:06:39,780 [pool-37-thread-1] INFO  segmented.SegmentedRaftLogWorker (SegmentedRaftLogWorker.java:<init>(172)) - new 36ac27b3-2f11-437d-8f1f-165306b0ff4a@group-B8FD25FCA5CE-SegmentedRaftLogWorker for RaftStorage:Storage Directory /workdir/hadoop-ozone/integration-test/target/test-dir/MiniOzoneClusterImpl-23306158-e895-4fc7-80df-ce6c264c388b/datanode-1/data/ratis/e15463df-492a-459f-a090-b8fd25fca5ce
2019-09-25 05:06:39,780 [pool-37-thread-1] INFO  server.RaftServerConfigKeys (ConfUtils.java:logGet(43)) - raft.server.log.queue.byte-limit = 2147483647 (custom)
2019-09-25 05:06:39,780 [pool-37-thread-1] INFO  server.RaftServerConfigKeys (ConfUtils.java:logGet(43)) - raft.server.log.queue.element-limit = 1024 (custom)
2019-09-25 05:06:39,780 [pool-37-thread-1] INFO  server.RaftServerConfigKeys (ConfUtils.java:logGet(43)) - raft.server.log.segment.size.max = 1048576 (custom)
2019-09-25 05:06:39,780 [pool-37-thread-1] INFO  server.RaftServerConfigKeys (ConfUtils.java:logGet(43)) - raft.server.log.preallocated.size = 16384 (custom)
2019-09-25 05:06:39,780 [pool-37-thread-1] INFO  server.RaftServerConfigKeys (ConfUtils.java:logGet(43)) - raft.server.log.write.buffer.size = 33554432 (custom)
2019-09-25 05:06:39,780 [pool-37-thread-1] INFO  server.RaftServerConfigKeys (ConfUtils.java:logGet(43)) - raft.server.log.force.sync.num = 128 (default)
2019-09-25 05:06:39,781 [pool-37-thread-1] INFO  server.RaftServerConfigKeys (ConfUtils.java:logGet(43)) - raft.server.log.statemachine.data.sync = true (default)
2019-09-25 05:06:39,781 [pool-37-thread-1] INFO  server.RaftServerConfigKeys (ConfUtils.java:logGet(43)) - raft.server.log.statemachine.data.sync.timeout = 10s (default)
2019-09-25 05:06:39,781 [pool-37-thread-1] INFO  server.RaftServerConfigKeys (ConfUtils.java:logGet(43)) - raft.server.log.statemachine.data.sync.timeout.retry = -1 (default)
2019-09-25 05:06:39,781 [pool-37-thread-1] INFO  server.RaftServerConfigKeys (ConfUtils.java:logGet(43)) - raft.server.log.statemachine.data.caching.enabled = true (custom)
2019-09-25 05:06:39,781 [pool-37-thread-1] INFO  segmented.SegmentedRaftLogWorker (SegmentedRaftLogWorker.java:lambda$new$0(132)) - 36ac27b3-2f11-437d-8f1f-165306b0ff4a@group-B8FD25FCA5CE-SegmentedRaftLogWorker: flushIndex: setUnconditionally 0 -> -1
2019-09-25 05:06:39,782 [pool-37-thread-1] INFO  server.RaftServerConfigKeys (ConfUtils.java:logGet(43)) - raft.server.snapshot.auto.trigger.enabled = true (custom)
2019-09-25 05:06:39,782 [pool-37-thread-1] INFO  server.RaftServerConfigKeys (ConfUtils.java:logGet(43)) - raft.server.snapshot.auto.trigger.threshold = 10000 (custom)
2019-09-25 05:06:39,782 [pool-37-thread-1] INFO  server.RaftServerConfigKeys (ConfUtils.java:logGet(43)) - raft.server.snapshot.retention.num.files = 5 (custom)
2019-09-25 05:06:39,782 [pool-37-thread-1] INFO  server.RaftServerConfigKeys (ConfUtils.java:logGet(43)) - raft.server.retrycache.expirytime = 600000ms (custom)
2019-09-25 05:06:39,784 [grpc-default-executor-1] INFO  impl.RaftServerImpl (RaftServerImpl.java:setRole(174)) - 36ac27b3-2f11-437d-8f1f-165306b0ff4a@group-91F3DF1D9994: changes role from  FOLLOWER to FOLLOWER at term 1 for recognizeCandidate:f77bfc29-6991-4b1d-a503-f706c83de4fc
2019-09-25 05:06:39,784 [grpc-default-executor-2] INFO  impl.RaftServerImpl (RaftServerImpl.java:setRole(174)) - 56396258-65a3-478c-9482-0be0199dd49c@group-91F3DF1D9994: changes role from  FOLLOWER to FOLLOWER at term 1 for recognizeCandidate:f77bfc29-6991-4b1d-a503-f706c83de4fc
2019-09-25 05:06:39,784 [pool-37-thread-1] INFO  impl.RaftServerImpl (RaftServerImpl.java:start(185)) - 36ac27b3-2f11-437d-8f1f-165306b0ff4a@group-B8FD25FCA5CE: start as a follower, conf=-1: [36ac27b3-2f11-437d-8f1f-165306b0ff4a:192.168.30.10:45265], old=null
2019-09-25 05:06:39,784 [grpc-default-executor-1] INFO  impl.RoleInfo (RoleInfo.java:shutdownFollowerState(121)) - 36ac27b3-2f11-437d-8f1f-165306b0ff4a: shutdown FollowerState
2019-09-25 05:06:39,784 [pool-37-thread-1] INFO  impl.RaftServerImpl (RaftServerImpl.java:setRole(174)) - 36ac27b3-2f11-437d-8f1f-165306b0ff4a@group-B8FD25FCA5CE: changes role from      null to FOLLOWER at term 0 for startAsFollower
2019-09-25 05:06:39,784 [grpc-default-executor-2] INFO  impl.RoleInfo (RoleInfo.java:shutdownFollowerState(121)) - 56396258-65a3-478c-9482-0be0199dd49c: shutdown FollowerState
2019-09-25 05:06:39,785 [Thread-976] INFO  impl.FollowerState (FollowerState.java:run(115)) - 36ac27b3-2f11-437d-8f1f-165306b0ff4a: FollowerState was interrupted: java.lang.InterruptedException: sleep interrupted
2019-09-25 05:06:39,785 [pool-37-thread-1] INFO  impl.RoleInfo (RoleInfo.java:updateAndGet(143)) - 36ac27b3-2f11-437d-8f1f-165306b0ff4a: start FollowerState
2019-09-25 05:06:39,784 [grpc-default-executor-1] INFO  impl.RoleInfo (RoleInfo.java:updateAndGet(143)) - 36ac27b3-2f11-437d-8f1f-165306b0ff4a: start FollowerState
2019-09-25 05:06:39,785 [Thread-983] INFO  impl.FollowerState (FollowerState.java:run(115)) - 56396258-65a3-478c-9482-0be0199dd49c: FollowerState was interrupted: java.lang.InterruptedException: sleep interrupted
2019-09-25 05:06:39,785 [grpc-default-executor-2] INFO  impl.RoleInfo (RoleInfo.java:updateAndGet(143)) - 56396258-65a3-478c-9482-0be0199dd49c: start FollowerState
2019-09-25 05:06:39,785 [pool-37-thread-1] INFO  util.JmxRegister (JmxRegister.java:tryRegister(44)) - Successfully registered JMX Bean with object name Ratis:service=RaftServer,group=group-B8FD25FCA5CE,id=36ac27b3-2f11-437d-8f1f-165306b0ff4a
2019-09-25 05:06:39,807 [Thread-969] INFO  impl.FollowerState (FollowerState.java:run(106)) - b4fa7d23-6606-45fd-9544-2b08ca3fa933:group-2B0CB06791EF changes to CANDIDATE, lastRpcTime:5194, electionTimeout:5180ms
2019-09-25 05:06:39,807 [Thread-969] INFO  impl.RoleInfo (RoleInfo.java:shutdownFollowerState(121)) - b4fa7d23-6606-45fd-9544-2b08ca3fa933: shutdown FollowerState
2019-09-25 05:06:39,808 [Thread-969] INFO  impl.RaftServerImpl (RaftServerImpl.java:setRole(174)) - b4fa7d23-6606-45fd-9544-2b08ca3fa933@group-2B0CB06791EF: changes role from  FOLLOWER to CANDIDATE at term 0 for changeToCandidate
2019-09-25 05:06:39,808 [Thread-969] INFO  impl.RoleInfo (RoleInfo.java:updateAndGet(143)) - b4fa7d23-6606-45fd-9544-2b08ca3fa933: start LeaderElection
2019-09-25 05:06:39,809 [RatisPipelineUtilsThread] INFO  pipeline.PipelineStateManager (PipelineStateManager.java:addPipeline(56)) - Created pipeline Pipeline[ Id: e15463df-492a-459f-a090-b8fd25fca5ce, Nodes: 36ac27b3-2f11-437d-8f1f-165306b0ff4a{ip: 192.168.30.10, host: pr-hdds-1569-s62bp-3040748787, networkLocation: /default-rack, certSerialId: null}, Type:RATIS, Factor:ONE, State:OPEN]
2019-09-25 05:06:39,810 [Thread-968] INFO  impl.FollowerState (FollowerState.java:run(106)) - 36ac27b3-2f11-437d-8f1f-165306b0ff4a:group-13A24F8F0DC7 changes to CANDIDATE, lastRpcTime:5197, electionTimeout:5197ms
2019-09-25 05:06:39,810 [Thread-968] INFO  impl.RoleInfo (RoleInfo.java:shutdownFollowerState(121)) - 36ac27b3-2f11-437d-8f1f-165306b0ff4a: shutdown FollowerState
2019-09-25 05:06:39,810 [Thread-968] INFO  impl.RaftServerImpl (RaftServerImpl.java:setRole(174)) - 36ac27b3-2f11-437d-8f1f-165306b0ff4a@group-13A24F8F0DC7: changes role from  FOLLOWER to CANDIDATE at term 0 for changeToCandidate
2019-09-25 05:06:39,810 [Thread-968] INFO  impl.RoleInfo (RoleInfo.java:updateAndGet(143)) - 36ac27b3-2f11-437d-8f1f-165306b0ff4a: start LeaderElection
2019-09-25 05:06:39,814 [grpc-default-executor-0] INFO  impl.RaftServerProxy (RaftServerProxy.java:addNew(89)) - de37f7a0-0375-40a9-a318-404478482fcb: addNew group-6106A46ED489:[de37f7a0-0375-40a9-a318-404478482fcb:192.168.30.10:44522] returns group-6106A46ED489:java.util.concurrent.CompletableFuture@95e70a6[Not completed]
2019-09-25 05:06:39,816 [pool-57-thread-1] INFO  impl.RaftServerImpl (RaftServerImpl.java:<init>(95)) - de37f7a0-0375-40a9-a318-404478482fcb: new RaftServerImpl for group-6106A46ED489:[de37f7a0-0375-40a9-a318-404478482fcb:192.168.30.10:44522] with ContainerStateMachine:uninitialized
2019-09-25 05:06:39,816 [pool-57-thread-1] INFO  server.RaftServerConfigKeys (ConfUtils.java:logGet(43)) - raft.server.rpc.timeout.min = 5s (custom)
2019-09-25 05:06:39,816 [pool-57-thread-1] INFO  server.RaftServerConfigKeys (ConfUtils.java:logGet(43)) - raft.server.rpc.timeout.max = 5200ms (custom)
2019-09-25 05:06:39,816 [pool-57-thread-1] INFO  server.RaftServerConfigKeys (ConfUtils.java:logGet(43)) - raft.server.rpcslowness.timeout = 120s (custom)
2019-09-25 05:06:39,816 [pool-57-thread-1] INFO  server.RaftServerConfigKeys (ConfUtils.java:logGet(43)) - raft.server.sleep.deviation.threshold = 300 (default)
2019-09-25 05:06:39,816 [pool-57-thread-1] INFO  server.RaftServerConfigKeys (ConfUtils.java:logGet(43)) - raft.server.log.appender.install.snapshot.enabled = false (custom)
2019-09-25 05:06:39,817 [pool-57-thread-1] INFO  impl.RaftServerImpl (ServerState.java:<init>(103)) - de37f7a0-0375-40a9-a318-404478482fcb@group-6106A46ED489: ConfigurationManager, init=-1: [de37f7a0-0375-40a9-a318-404478482fcb:192.168.30.10:44522], old=null, confs=<EMPTY_MAP>
2019-09-25 05:06:39,817 [pool-57-thread-1] INFO  server.RaftServerConfigKeys (ConfUtils.java:logGet(43)) - raft.server.storage.dir = [/workdir/hadoop-ozone/integration-test/target/test-dir/MiniOzoneClusterImpl-23306158-e895-4fc7-80df-ce6c264c388b/datanode-3/data/ratis] (custom)
2019-09-25 05:06:39,817 [pool-57-thread-1] INFO  storage.RaftStorageDirectory (RaftStorageDirectory.java:analyzeStorage(246)) - The storage directory /workdir/hadoop-ozone/integration-test/target/test-dir/MiniOzoneClusterImpl-23306158-e895-4fc7-80df-ce6c264c388b/datanode-3/data/ratis/ff8defb3-48db-48e5-b435-6106a46ed489 does not exist. Creating ...
2019-09-25 05:06:39,822 [pool-57-thread-1] INFO  storage.RaftStorageDirectory (RaftStorageDirectory.java:tryLock(328)) - Lock on /workdir/hadoop-ozone/integration-test/target/test-dir/MiniOzoneClusterImpl-23306158-e895-4fc7-80df-ce6c264c388b/datanode-3/data/ratis/ff8defb3-48db-48e5-b435-6106a46ed489/in_use.lock acquired by nodename 25526@pr-hdds-1569-s62bp-3040748787
2019-09-25 05:06:39,823 [36ac27b3-2f11-437d-8f1f-165306b0ff4a@group-13A24F8F0DC7:LeaderElection147] INFO  impl.LeaderElection (LeaderElection.java:askForVotes(182)) - 36ac27b3-2f11-437d-8f1f-165306b0ff4a@group-13A24F8F0DC7:LeaderElection147: begin an election at term 1 for -1: [36ac27b3-2f11-437d-8f1f-165306b0ff4a:192.168.30.10:45265], old=null
2019-09-25 05:06:39,823 [b4fa7d23-6606-45fd-9544-2b08ca3fa933@group-2B0CB06791EF:LeaderElection146] INFO  impl.LeaderElection (LeaderElection.java:askForVotes(182)) - b4fa7d23-6606-45fd-9544-2b08ca3fa933@group-2B0CB06791EF:LeaderElection146: begin an election at term 1 for -1: [b4fa7d23-6606-45fd-9544-2b08ca3fa933:192.168.30.10:34493, 56396258-65a3-478c-9482-0be0199dd49c:192.168.30.10:41678, 36ac27b3-2f11-437d-8f1f-165306b0ff4a:192.168.30.10:45265], old=null
2019-09-25 05:06:39,823 [36ac27b3-2f11-437d-8f1f-165306b0ff4a@group-13A24F8F0DC7:LeaderElection147] INFO  impl.RoleInfo (RoleInfo.java:shutdownLeaderElection(134)) - 36ac27b3-2f11-437d-8f1f-165306b0ff4a: shutdown LeaderElection
2019-09-25 05:06:39,823 [36ac27b3-2f11-437d-8f1f-165306b0ff4a@group-13A24F8F0DC7:LeaderElection147] INFO  impl.RaftServerImpl (RaftServerImpl.java:setRole(174)) - 36ac27b3-2f11-437d-8f1f-165306b0ff4a@group-13A24F8F0DC7: changes role from CANDIDATE to LEADER at term 1 for changeToLeader
2019-09-25 05:06:39,823 [36ac27b3-2f11-437d-8f1f-165306b0ff4a@group-13A24F8F0DC7:LeaderElection147] INFO  impl.RaftServerImpl (ServerState.java:setLeader(253)) - 36ac27b3-2f11-437d-8f1f-165306b0ff4a@group-13A24F8F0DC7: change Leader from null to 36ac27b3-2f11-437d-8f1f-165306b0ff4a at term 1 for becomeLeader, leader elected after 21525ms
2019-09-25 05:06:39,823 [36ac27b3-2f11-437d-8f1f-165306b0ff4a@group-13A24F8F0DC7:LeaderElection147] INFO  server.RaftServerConfigKeys (ConfUtils.java:logGet(43)) - raft.server.staging.catchup.gap = 1000 (default)
2019-09-25 05:06:39,823 [36ac27b3-2f11-437d-8f1f-165306b0ff4a@group-13A24F8F0DC7:LeaderElection147] INFO  server.RaftServerConfigKeys (ConfUtils.java:logGet(43)) - raft.server.rpc.sleep.time = 25ms (default)
2019-09-25 05:06:39,824 [36ac27b3-2f11-437d-8f1f-165306b0ff4a@group-13A24F8F0DC7:LeaderElection147] INFO  server.RaftServerConfigKeys (ConfUtils.java:logGet(43)) - raft.server.write.element-limit = 4096 (default)
2019-09-25 05:06:39,824 [36ac27b3-2f11-437d-8f1f-165306b0ff4a@group-13A24F8F0DC7:LeaderElection147] INFO  server.RaftServerConfigKeys (ConfUtils.java:logGet(43)) - raft.server.watch.timeout = 10s (default)
2019-09-25 05:06:39,824 [36ac27b3-2f11-437d-8f1f-165306b0ff4a@group-13A24F8F0DC7:LeaderElection147] INFO  server.RaftServerConfigKeys (ConfUtils.java:logGet(43)) - raft.server.watch.timeout.denomination = 1s (default)
2019-09-25 05:06:39,824 [36ac27b3-2f11-437d-8f1f-165306b0ff4a@group-13A24F8F0DC7:LeaderElection147] INFO  server.RaftServerConfigKeys (ConfUtils.java:logGet(43)) - raft.server.watch.element-limit = 65536 (default)
2019-09-25 05:06:39,826 [36ac27b3-2f11-437d-8f1f-165306b0ff4a@group-13A24F8F0DC7:LeaderElection147] INFO  impl.RoleInfo (RoleInfo.java:updateAndGet(143)) - 36ac27b3-2f11-437d-8f1f-165306b0ff4a: start LeaderState
2019-09-25 05:06:39,826 [36ac27b3-2f11-437d-8f1f-165306b0ff4a@group-13A24F8F0DC7:LeaderElection147] INFO  segmented.SegmentedRaftLogWorker (SegmentedRaftLogWorker.java:startLogSegment(380)) - 36ac27b3-2f11-437d-8f1f-165306b0ff4a@group-13A24F8F0DC7-SegmentedRaftLogWorker: Starting segment from index:0
2019-09-25 05:06:39,827 [36ac27b3-2f11-437d-8f1f-165306b0ff4a@group-13A24F8F0DC7:LeaderElection147] INFO  impl.RaftServerImpl (ServerState.java:setRaftConf(354)) - 36ac27b3-2f11-437d-8f1f-165306b0ff4a@group-13A24F8F0DC7: set configuration 0: [36ac27b3-2f11-437d-8f1f-165306b0ff4a:192.168.30.10:45265], old=null at 0
2019-09-25 05:06:40,246 [pool-57-thread-1] INFO  storage.RaftStorage (RaftStorage.java:format(72)) - Storage directory /workdir/hadoop-ozone/integration-test/target/test-dir/MiniOzoneClusterImpl-23306158-e895-4fc7-80df-ce6c264c388b/datanode-3/data/ratis/ff8defb3-48db-48e5-b435-6106a46ed489 has been successfully formatted.
2019-09-25 05:06:40,247 [pool-57-thread-1] INFO  ratis.ContainerStateMachine (ContainerStateMachine.java:loadSnapshot(230)) - group-6106A46ED489: The snapshot info is null. Setting the last applied indexto:(t:0, i:~)
2019-09-25 05:06:40,247 [pool-57-thread-1] INFO  server.RaftServerConfigKeys (ConfUtils.java:logGet(43)) - raft.server.notification.no-leader.timeout = 120s (custom)
2019-09-25 05:06:40,247 [pool-57-thread-1] INFO  server.RaftServerConfigKeys (ConfUtils.java:logGet(43)) - raft.server.log.use.memory = false (default)
2019-09-25 05:06:40,247 [pool-57-thread-1] INFO  server.RaftServerConfigKeys (ConfUtils.java:logGet(43)) - raft.server.log.purge.gap = 1000000 (custom)
2019-09-25 05:06:40,248 [pool-57-thread-1] INFO  server.RaftServerConfigKeys (ConfUtils.java:logGet(43)) - raft.server.log.appender.buffer.byte-limit = 33554432 (custom)
2019-09-25 05:06:40,248 [pool-57-thread-1] INFO  server.RaftServerConfigKeys (ConfUtils.java:logGet(43)) - raft.server.log.segment.size.max = 1048576 (custom)
2019-09-25 05:06:40,248 [pool-57-thread-1] INFO  server.RaftServerConfigKeys (ConfUtils.java:logGet(43)) - raft.server.log.segment.cache.num.max = 2 (custom)
2019-09-25 05:06:40,248 [pool-57-thread-1] INFO  segmented.SegmentedRaftLogWorker (SegmentedRaftLogWorker.java:<init>(172)) - new de37f7a0-0375-40a9-a318-404478482fcb@group-6106A46ED489-SegmentedRaftLogWorker for RaftStorage:Storage Directory /workdir/hadoop-ozone/integration-test/target/test-dir/MiniOzoneClusterImpl-23306158-e895-4fc7-80df-ce6c264c388b/datanode-3/data/ratis/ff8defb3-48db-48e5-b435-6106a46ed489
2019-09-25 05:06:40,248 [pool-57-thread-1] INFO  server.RaftServerConfigKeys (ConfUtils.java:logGet(43)) - raft.server.log.queue.byte-limit = 2147483647 (custom)
2019-09-25 05:06:40,248 [pool-57-thread-1] INFO  server.RaftServerConfigKeys (ConfUtils.java:logGet(43)) - raft.server.log.queue.element-limit = 1024 (custom)
2019-09-25 05:06:40,248 [grpc-default-executor-2] INFO  impl.RaftServerImpl (RaftServerImpl.java:setRole(174)) - 56396258-65a3-478c-9482-0be0199dd49c@group-2B0CB06791EF: changes role from  FOLLOWER to FOLLOWER at term 1 for recognizeCandidate:b4fa7d23-6606-45fd-9544-2b08ca3fa933
2019-09-25 05:06:40,248 [grpc-default-executor-1] INFO  impl.RaftServerImpl (RaftServerImpl.java:setRole(174)) - 36ac27b3-2f11-437d-8f1f-165306b0ff4a@group-2B0CB06791EF: changes role from  FOLLOWER to FOLLOWER at term 1 for recognizeCandidate:b4fa7d23-6606-45fd-9544-2b08ca3fa933
2019-09-25 05:06:40,249 [grpc-default-executor-2] INFO  impl.RoleInfo (RoleInfo.java:shutdownFollowerState(121)) - 56396258-65a3-478c-9482-0be0199dd49c: shutdown FollowerState
2019-09-25 05:06:40,249 [pool-57-thread-1] INFO  server.RaftServerConfigKeys (ConfUtils.java:logGet(43)) - raft.server.log.segment.size.max = 1048576 (custom)
2019-09-25 05:06:40,249 [grpc-default-executor-2] INFO  impl.RoleInfo (RoleInfo.java:updateAndGet(143)) - 56396258-65a3-478c-9482-0be0199dd49c: start FollowerState
2019-09-25 05:06:40,249 [grpc-default-executor-1] INFO  impl.RoleInfo (RoleInfo.java:shutdownFollowerState(121)) - 36ac27b3-2f11-437d-8f1f-165306b0ff4a: shutdown FollowerState
2019-09-25 05:06:40,249 [pool-57-thread-1] INFO  server.RaftServerConfigKeys (ConfUtils.java:logGet(43)) - raft.server.log.preallocated.size = 16384 (custom)
2019-09-25 05:06:40,250 [Thread-980] INFO  impl.FollowerState (FollowerState.java:run(115)) - 36ac27b3-2f11-437d-8f1f-165306b0ff4a: FollowerState was interrupted: java.lang.InterruptedException: sleep interrupted
2019-09-25 05:06:40,249 [Thread-985] INFO  impl.FollowerState (FollowerState.java:run(115)) - 56396258-65a3-478c-9482-0be0199dd49c: FollowerState was interrupted: java.lang.InterruptedException: sleep interrupted
2019-09-25 05:06:40,250 [pool-57-thread-1] INFO  server.RaftServerConfigKeys (ConfUtils.java:logGet(43)) - raft.server.log.write.buffer.size = 33554432 (custom)
2019-09-25 05:06:40,250 [grpc-default-executor-1] INFO  impl.RoleInfo (RoleInfo.java:updateAndGet(143)) - 36ac27b3-2f11-437d-8f1f-165306b0ff4a: start FollowerState
2019-09-25 05:06:40,250 [pool-57-thread-1] INFO  server.RaftServerConfigKeys (ConfUtils.java:logGet(43)) - raft.server.log.force.sync.num = 128 (default)
2019-09-25 05:06:40,250 [pool-57-thread-1] INFO  server.RaftServerConfigKeys (ConfUtils.java:logGet(43)) - raft.server.log.statemachine.data.sync = true (default)
2019-09-25 05:06:40,251 [pool-57-thread-1] INFO  server.RaftServerConfigKeys (ConfUtils.java:logGet(43)) - raft.server.log.statemachine.data.sync.timeout = 10s (default)
2019-09-25 05:06:40,251 [pool-57-thread-1] INFO  server.RaftServerConfigKeys (ConfUtils.java:logGet(43)) - raft.server.log.statemachine.data.sync.timeout.retry = -1 (default)
2019-09-25 05:06:40,251 [pool-57-thread-1] INFO  server.RaftServerConfigKeys (ConfUtils.java:logGet(43)) - raft.server.log.statemachine.data.caching.enabled = true (custom)
2019-09-25 05:06:40,251 [f77bfc29-6991-4b1d-a503-f706c83de4fc@group-91F3DF1D9994:LeaderElection145] INFO  impl.LeaderElection (LeaderElection.java:logAndReturn(56)) - f77bfc29-6991-4b1d-a503-f706c83de4fc@group-91F3DF1D9994:LeaderElection145: Election PASSED; received 1 response(s) [f77bfc29-6991-4b1d-a503-f706c83de4fc<-36ac27b3-2f11-437d-8f1f-165306b0ff4a#0:OK-t1] and 0 exception(s); f77bfc29-6991-4b1d-a503-f706c83de4fc@group-91F3DF1D9994:t1, leader=null, voted=f77bfc29-6991-4b1d-a503-f706c83de4fc, raftlog=f77bfc29-6991-4b1d-a503-f706c83de4fc@group-91F3DF1D9994-SegmentedRaftLog:OPENED:c-1,f-1,i0, conf=-1: [36ac27b3-2f11-437d-8f1f-165306b0ff4a:192.168.30.10:45265, 56396258-65a3-478c-9482-0be0199dd49c:192.168.30.10:41678, f77bfc29-6991-4b1d-a503-f706c83de4fc:192.168.30.10:35112], old=null
2019-09-25 05:06:40,251 [pool-57-thread-1] INFO  segmented.SegmentedRaftLogWorker (SegmentedRaftLogWorker.java:lambda$new$0(132)) - de37f7a0-0375-40a9-a318-404478482fcb@group-6106A46ED489-SegmentedRaftLogWorker: flushIndex: setUnconditionally 0 -> -1
2019-09-25 05:06:40,251 [f77bfc29-6991-4b1d-a503-f706c83de4fc@group-91F3DF1D9994:LeaderElection145] INFO  impl.RoleInfo (RoleInfo.java:shutdownLeaderElection(134)) - f77bfc29-6991-4b1d-a503-f706c83de4fc: shutdown LeaderElection
2019-09-25 05:06:40,257 [f77bfc29-6991-4b1d-a503-f706c83de4fc@group-91F3DF1D9994:LeaderElection145] INFO  impl.RaftServerImpl (RaftServerImpl.java:setRole(174)) - f77bfc29-6991-4b1d-a503-f706c83de4fc@group-91F3DF1D9994: changes role from CANDIDATE to LEADER at term 1 for changeToLeader
2019-09-25 05:06:40,257 [f77bfc29-6991-4b1d-a503-f706c83de4fc@group-91F3DF1D9994:LeaderElection145] INFO  impl.RaftServerImpl (ServerState.java:setLeader(253)) - f77bfc29-6991-4b1d-a503-f706c83de4fc@group-91F3DF1D9994: change Leader from null to f77bfc29-6991-4b1d-a503-f706c83de4fc at term 1 for becomeLeader, leader elected after 18858ms
2019-09-25 05:06:40,257 [pool-57-thread-1] INFO  server.RaftServerConfigKeys (ConfUtils.java:logGet(43)) - raft.server.snapshot.auto.trigger.enabled = true (custom)
2019-09-25 05:06:40,257 [f77bfc29-6991-4b1d-a503-f706c83de4fc@group-91F3DF1D9994:LeaderElection145] INFO  server.RaftServerConfigKeys (ConfUtils.java:logGet(43)) - raft.server.staging.catchup.gap = 1000 (default)
2019-09-25 05:06:40,257 [pool-57-thread-1] INFO  server.RaftServerConfigKeys (ConfUtils.java:logGet(43)) - raft.server.snapshot.auto.trigger.threshold = 10000 (custom)
2019-09-25 05:06:40,257 [f77bfc29-6991-4b1d-a503-f706c83de4fc@group-91F3DF1D9994:LeaderElection145] INFO  server.RaftServerConfigKeys (ConfUtils.java:logGet(43)) - raft.server.rpc.sleep.time = 25ms (default)
2019-09-25 05:06:40,258 [pool-57-thread-1] INFO  server.RaftServerConfigKeys (ConfUtils.java:logGet(43)) - raft.server.snapshot.retention.num.files = 5 (custom)
2019-09-25 05:06:40,258 [f77bfc29-6991-4b1d-a503-f706c83de4fc@group-91F3DF1D9994:LeaderElection145] INFO  server.RaftServerConfigKeys (ConfUtils.java:logGet(43)) - raft.server.write.element-limit = 4096 (default)
2019-09-25 05:06:40,258 [pool-57-thread-1] INFO  server.RaftServerConfigKeys (ConfUtils.java:logGet(43)) - raft.server.retrycache.expirytime = 600000ms (custom)
2019-09-25 05:06:40,258 [f77bfc29-6991-4b1d-a503-f706c83de4fc@group-91F3DF1D9994:LeaderElection145] INFO  server.RaftServerConfigKeys (ConfUtils.java:logGet(43)) - raft.server.watch.timeout = 10s (default)
2019-09-25 05:06:40,258 [f77bfc29-6991-4b1d-a503-f706c83de4fc@group-91F3DF1D9994:LeaderElection145] INFO  server.RaftServerConfigKeys (ConfUtils.java:logGet(43)) - raft.server.watch.timeout.denomination = 1s (default)
2019-09-25 05:06:40,258 [f77bfc29-6991-4b1d-a503-f706c83de4fc@group-91F3DF1D9994:LeaderElection145] INFO  server.RaftServerConfigKeys (ConfUtils.java:logGet(43)) - raft.server.watch.element-limit = 65536 (default)
2019-09-25 05:06:40,261 [pool-57-thread-1] INFO  impl.RaftServerImpl (RaftServerImpl.java:start(185)) - de37f7a0-0375-40a9-a318-404478482fcb@group-6106A46ED489: start as a follower, conf=-1: [de37f7a0-0375-40a9-a318-404478482fcb:192.168.30.10:44522], old=null
2019-09-25 05:06:40,261 [pool-57-thread-1] INFO  impl.RaftServerImpl (RaftServerImpl.java:setRole(174)) - de37f7a0-0375-40a9-a318-404478482fcb@group-6106A46ED489: changes role from      null to FOLLOWER at term 0 for startAsFollower
2019-09-25 05:06:40,261 [pool-57-thread-1] INFO  impl.RoleInfo (RoleInfo.java:updateAndGet(143)) - de37f7a0-0375-40a9-a318-404478482fcb: start FollowerState
2019-09-25 05:06:40,262 [pool-57-thread-1] INFO  util.JmxRegister (JmxRegister.java:tryRegister(44)) - Successfully registered JMX Bean with object name Ratis:service=RaftServer,group=group-6106A46ED489,id=de37f7a0-0375-40a9-a318-404478482fcb
2019-09-25 05:06:40,264 [f77bfc29-6991-4b1d-a503-f706c83de4fc@group-91F3DF1D9994:LeaderElection145] INFO  server.RaftServerConfigKeys (ConfUtils.java:logGet(43)) - raft.server.log.appender.snapshot.chunk.size.max = 16MB (=16777216) (default)
2019-09-25 05:06:40,264 [f77bfc29-6991-4b1d-a503-f706c83de4fc@group-91F3DF1D9994:LeaderElection145] INFO  server.RaftServerConfigKeys (ConfUtils.java:logGet(43)) - raft.server.log.appender.buffer.byte-limit = 33554432 (custom)
2019-09-25 05:06:40,265 [RatisPipelineUtilsThread] INFO  pipeline.PipelineStateManager (PipelineStateManager.java:addPipeline(56)) - Created pipeline Pipeline[ Id: ff8defb3-48db-48e5-b435-6106a46ed489, Nodes: de37f7a0-0375-40a9-a318-404478482fcb{ip: 192.168.30.10, host: pr-hdds-1569-s62bp-3040748787, networkLocation: /default-rack, certSerialId: null}, Type:RATIS, Factor:ONE, State:OPEN]
2019-09-25 05:06:40,265 [b4fa7d23-6606-45fd-9544-2b08ca3fa933@group-2B0CB06791EF:LeaderElection146] INFO  impl.LeaderElection (LeaderElection.java:logAndReturn(56)) - b4fa7d23-6606-45fd-9544-2b08ca3fa933@group-2B0CB06791EF:LeaderElection146: Election PASSED; received 1 response(s) [b4fa7d23-6606-45fd-9544-2b08ca3fa933<-36ac27b3-2f11-437d-8f1f-165306b0ff4a#0:OK-t1] and 0 exception(s); b4fa7d23-6606-45fd-9544-2b08ca3fa933@group-2B0CB06791EF:t1, leader=null, voted=b4fa7d23-6606-45fd-9544-2b08ca3fa933, raftlog=b4fa7d23-6606-45fd-9544-2b08ca3fa933@group-2B0CB06791EF-SegmentedRaftLog:OPENED:c-1,f-1,i0, conf=-1: [b4fa7d23-6606-45fd-9544-2b08ca3fa933:192.168.30.10:34493, 56396258-65a3-478c-9482-0be0199dd49c:192.168.30.10:41678, 36ac27b3-2f11-437d-8f1f-165306b0ff4a:192.168.30.10:45265], old=null
2019-09-25 05:06:40,265 [f77bfc29-6991-4b1d-a503-f706c83de4fc@group-91F3DF1D9994:LeaderElection145] INFO  server.RaftServerConfigKeys (ConfUtils.java:logGet(43)) - raft.server.log.appender.buffer.element-limit = 1 (custom)
2019-09-25 05:06:40,265 [b4fa7d23-6606-45fd-9544-2b08ca3fa933@group-2B0CB06791EF:LeaderElection146] INFO  impl.RoleInfo (RoleInfo.java:shutdownLeaderElection(134)) - b4fa7d23-6606-45fd-9544-2b08ca3fa933: shutdown LeaderElection
2019-09-25 05:06:40,269 [b4fa7d23-6606-45fd-9544-2b08ca3fa933@group-2B0CB06791EF:LeaderElection146] INFO  impl.RaftServerImpl (RaftServerImpl.java:setRole(174)) - b4fa7d23-6606-45fd-9544-2b08ca3fa933@group-2B0CB06791EF: changes role from CANDIDATE to LEADER at term 1 for changeToLeader
2019-09-25 05:06:40,270 [b4fa7d23-6606-45fd-9544-2b08ca3fa933@group-2B0CB06791EF:LeaderElection146] INFO  impl.RaftServerImpl (ServerState.java:setLeader(253)) - b4fa7d23-6606-45fd-9544-2b08ca3fa933@group-2B0CB06791EF: change Leader from null to b4fa7d23-6606-45fd-9544-2b08ca3fa933 at term 1 for becomeLeader, leader elected after 10043ms
2019-09-25 05:06:40,270 [b4fa7d23-6606-45fd-9544-2b08ca3fa933@group-2B0CB06791EF:LeaderElection146] INFO  server.RaftServerConfigKeys (ConfUtils.java:logGet(43)) - raft.server.staging.catchup.gap = 1000 (default)
2019-09-25 05:06:40,270 [b4fa7d23-6606-45fd-9544-2b08ca3fa933@group-2B0CB06791EF:LeaderElection146] INFO  server.RaftServerConfigKeys (ConfUtils.java:logGet(43)) - raft.server.rpc.sleep.time = 25ms (default)
2019-09-25 05:06:40,270 [b4fa7d23-6606-45fd-9544-2b08ca3fa933@group-2B0CB06791EF:LeaderElection146] INFO  server.RaftServerConfigKeys (ConfUtils.java:logGet(43)) - raft.server.write.element-limit = 4096 (default)
2019-09-25 05:06:40,270 [b4fa7d23-6606-45fd-9544-2b08ca3fa933@group-2B0CB06791EF:LeaderElection146] INFO  server.RaftServerConfigKeys (ConfUtils.java:logGet(43)) - raft.server.watch.timeout = 10s (default)
2019-09-25 05:06:40,270 [b4fa7d23-6606-45fd-9544-2b08ca3fa933@group-2B0CB06791EF:LeaderElection146] INFO  server.RaftServerConfigKeys (ConfUtils.java:logGet(43)) - raft.server.watch.timeout.denomination = 1s (default)
2019-09-25 05:06:40,271 [b4fa7d23-6606-45fd-9544-2b08ca3fa933@group-2B0CB06791EF:LeaderElection146] INFO  server.RaftServerConfigKeys (ConfUtils.java:logGet(43)) - raft.server.watch.element-limit = 65536 (default)
2019-09-25 05:06:40,273 [b4fa7d23-6606-45fd-9544-2b08ca3fa933@group-2B0CB06791EF:LeaderElection146] INFO  server.RaftServerConfigKeys (ConfUtils.java:logGet(43)) - raft.server.log.appender.snapshot.chunk.size.max = 16MB (=16777216) (default)
2019-09-25 05:06:40,273 [b4fa7d23-6606-45fd-9544-2b08ca3fa933@group-2B0CB06791EF:LeaderElection146] INFO  server.RaftServerConfigKeys (ConfUtils.java:logGet(43)) - raft.server.log.appender.buffer.byte-limit = 33554432 (custom)
2019-09-25 05:06:40,274 [b4fa7d23-6606-45fd-9544-2b08ca3fa933@group-2B0CB06791EF:LeaderElection146] INFO  server.RaftServerConfigKeys (ConfUtils.java:logGet(43)) - raft.server.log.appender.buffer.element-limit = 1 (custom)
2019-09-25 05:06:40,274 [f77bfc29-6991-4b1d-a503-f706c83de4fc@group-91F3DF1D9994:LeaderElection145] INFO  grpc.GrpcConfigKeys$Server (ConfUtils.java:logGet(43)) - raft.grpc.server.leader.outstanding.appends.max = 128 (default)
2019-09-25 05:06:40,275 [f77bfc29-6991-4b1d-a503-f706c83de4fc@group-91F3DF1D9994:LeaderElection145] INFO  server.RaftServerConfigKeys (ConfUtils.java:logGet(43)) - raft.server.rpc.request.timeout = 3000ms (default)
2019-09-25 05:06:40,279 [grpc-default-executor-1] INFO  impl.RaftServerProxy (RaftServerProxy.java:addNew(89)) - 692224c4-5202-4921-98cc-04d5c60c79cc: addNew group-676389836A1C:[692224c4-5202-4921-98cc-04d5c60c79cc:192.168.30.10:38144] returns group-676389836A1C:java.util.concurrent.CompletableFuture@15f9b443[Not completed]
2019-09-25 05:06:40,274 [b4fa7d23-6606-45fd-9544-2b08ca3fa933@group-2B0CB06791EF:LeaderElection146] INFO  grpc.GrpcConfigKeys$Server (ConfUtils.java:logGet(43)) - raft.grpc.server.leader.outstanding.appends.max = 128 (default)
2019-09-25 05:06:40,279 [b4fa7d23-6606-45fd-9544-2b08ca3fa933@group-2B0CB06791EF:LeaderElection146] INFO  server.RaftServerConfigKeys (ConfUtils.java:logGet(43)) - raft.server.rpc.request.timeout = 3000ms (default)
2019-09-25 05:06:40,279 [f77bfc29-6991-4b1d-a503-f706c83de4fc@group-91F3DF1D9994:LeaderElection145] INFO  server.RaftServerConfigKeys (ConfUtils.java:logGet(43)) - raft.server.log.appender.install.snapshot.enabled = false (custom)
2019-09-25 05:06:40,280 [pool-67-thread-1] INFO  impl.RaftServerImpl (RaftServerImpl.java:<init>(95)) - 692224c4-5202-4921-98cc-04d5c60c79cc: new RaftServerImpl for group-676389836A1C:[692224c4-5202-4921-98cc-04d5c60c79cc:192.168.30.10:38144] with ContainerStateMachine:uninitialized
2019-09-25 05:06:40,279 [b4fa7d23-6606-45fd-9544-2b08ca3fa933@group-2B0CB06791EF:LeaderElection146] INFO  server.RaftServerConfigKeys (ConfUtils.java:logGet(43)) - raft.server.log.appender.install.snapshot.enabled = false (custom)
2019-09-25 05:06:40,280 [pool-67-thread-1] INFO  server.RaftServerConfigKeys (ConfUtils.java:logGet(43)) - raft.server.rpc.timeout.min = 5s (custom)
2019-09-25 05:06:40,280 [pool-67-thread-1] INFO  server.RaftServerConfigKeys (ConfUtils.java:logGet(43)) - raft.server.rpc.timeout.max = 5200ms (custom)
2019-09-25 05:06:40,280 [pool-67-thread-1] INFO  server.RaftServerConfigKeys (ConfUtils.java:logGet(43)) - raft.server.rpcslowness.timeout = 120s (custom)
2019-09-25 05:06:40,280 [pool-67-thread-1] INFO  server.RaftServerConfigKeys (ConfUtils.java:logGet(43)) - raft.server.sleep.deviation.threshold = 300 (default)
2019-09-25 05:06:40,280 [pool-67-thread-1] INFO  server.RaftServerConfigKeys (ConfUtils.java:logGet(43)) - raft.server.log.appender.install.snapshot.enabled = false (custom)
2019-09-25 05:06:40,281 [pool-67-thread-1] INFO  impl.RaftServerImpl (ServerState.java:<init>(103)) - 692224c4-5202-4921-98cc-04d5c60c79cc@group-676389836A1C: ConfigurationManager, init=-1: [692224c4-5202-4921-98cc-04d5c60c79cc:192.168.30.10:38144], old=null, confs=<EMPTY_MAP>
2019-09-25 05:06:40,281 [f77bfc29-6991-4b1d-a503-f706c83de4fc@group-91F3DF1D9994:LeaderElection145] INFO  server.RaftServerConfigKeys (ConfUtils.java:logGet(43)) - raft.server.log.appender.snapshot.chunk.size.max = 16MB (=16777216) (default)
2019-09-25 05:06:40,281 [b4fa7d23-6606-45fd-9544-2b08ca3fa933@group-2B0CB06791EF:LeaderElection146] INFO  server.RaftServerConfigKeys (ConfUtils.java:logGet(43)) - raft.server.log.appender.snapshot.chunk.size.max = 16MB (=16777216) (default)
2019-09-25 05:06:40,281 [pool-67-thread-1] INFO  server.RaftServerConfigKeys (ConfUtils.java:logGet(43)) - raft.server.storage.dir = [/workdir/hadoop-ozone/integration-test/target/test-dir/MiniOzoneClusterImpl-23306158-e895-4fc7-80df-ce6c264c388b/datanode-4/data/ratis] (custom)
2019-09-25 05:06:40,281 [b4fa7d23-6606-45fd-9544-2b08ca3fa933@group-2B0CB06791EF:LeaderElection146] INFO  server.RaftServerConfigKeys (ConfUtils.java:logGet(43)) - raft.server.log.appender.buffer.byte-limit = 33554432 (custom)
2019-09-25 05:06:40,281 [f77bfc29-6991-4b1d-a503-f706c83de4fc@group-91F3DF1D9994:LeaderElection145] INFO  server.RaftServerConfigKeys (ConfUtils.java:logGet(43)) - raft.server.log.appender.buffer.byte-limit = 33554432 (custom)
2019-09-25 05:06:40,281 [b4fa7d23-6606-45fd-9544-2b08ca3fa933@group-2B0CB06791EF:LeaderElection146] INFO  server.RaftServerConfigKeys (ConfUtils.java:logGet(43)) - raft.server.log.appender.buffer.element-limit = 1 (custom)
2019-09-25 05:06:40,282 [f77bfc29-6991-4b1d-a503-f706c83de4fc@group-91F3DF1D9994:LeaderElection145] INFO  server.RaftServerConfigKeys (ConfUtils.java:logGet(43)) - raft.server.log.appender.buffer.element-limit = 1 (custom)
2019-09-25 05:06:40,282 [pool-67-thread-1] INFO  storage.RaftStorageDirectory (RaftStorageDirectory.java:analyzeStorage(246)) - The storage directory /workdir/hadoop-ozone/integration-test/target/test-dir/MiniOzoneClusterImpl-23306158-e895-4fc7-80df-ce6c264c388b/datanode-4/data/ratis/4a0a3540-1ea4-4f12-8375-676389836a1c does not exist. Creating ...
2019-09-25 05:06:40,282 [f77bfc29-6991-4b1d-a503-f706c83de4fc@group-91F3DF1D9994:LeaderElection145] INFO  grpc.GrpcConfigKeys$Server (ConfUtils.java:logGet(43)) - raft.grpc.server.leader.outstanding.appends.max = 128 (default)
2019-09-25 05:06:40,282 [f77bfc29-6991-4b1d-a503-f706c83de4fc@group-91F3DF1D9994:LeaderElection145] INFO  server.RaftServerConfigKeys (ConfUtils.java:logGet(43)) - raft.server.rpc.request.timeout = 3000ms (default)
2019-09-25 05:06:40,282 [b4fa7d23-6606-45fd-9544-2b08ca3fa933@group-2B0CB06791EF:LeaderElection146] INFO  grpc.GrpcConfigKeys$Server (ConfUtils.java:logGet(43)) - raft.grpc.server.leader.outstanding.appends.max = 128 (default)
2019-09-25 05:06:40,282 [f77bfc29-6991-4b1d-a503-f706c83de4fc@group-91F3DF1D9994:LeaderElection145] INFO  server.RaftServerConfigKeys (ConfUtils.java:logGet(43)) - raft.server.log.appender.install.snapshot.enabled = false (custom)
2019-09-25 05:06:40,283 [b4fa7d23-6606-45fd-9544-2b08ca3fa933@group-2B0CB06791EF:LeaderElection146] INFO  server.RaftServerConfigKeys (ConfUtils.java:logGet(43)) - raft.server.rpc.request.timeout = 3000ms (default)
2019-09-25 05:06:40,283 [b4fa7d23-6606-45fd-9544-2b08ca3fa933@group-2B0CB06791EF:LeaderElection146] INFO  server.RaftServerConfigKeys (ConfUtils.java:logGet(43)) - raft.server.log.appender.install.snapshot.enabled = false (custom)
2019-09-25 05:06:40,284 [f77bfc29-6991-4b1d-a503-f706c83de4fc@group-91F3DF1D9994:LeaderElection145] INFO  impl.RoleInfo (RoleInfo.java:updateAndGet(143)) - f77bfc29-6991-4b1d-a503-f706c83de4fc: start LeaderState
2019-09-25 05:06:40,284 [b4fa7d23-6606-45fd-9544-2b08ca3fa933@group-2B0CB06791EF:LeaderElection146] INFO  impl.RoleInfo (RoleInfo.java:updateAndGet(143)) - b4fa7d23-6606-45fd-9544-2b08ca3fa933: start LeaderState
2019-09-25 05:06:40,285 [b4fa7d23-6606-45fd-9544-2b08ca3fa933@group-2B0CB06791EF:LeaderElection146] INFO  segmented.SegmentedRaftLogWorker (SegmentedRaftLogWorker.java:startLogSegment(380)) - b4fa7d23-6606-45fd-9544-2b08ca3fa933@group-2B0CB06791EF-SegmentedRaftLogWorker: Starting segment from index:0
2019-09-25 05:06:40,285 [f77bfc29-6991-4b1d-a503-f706c83de4fc@group-91F3DF1D9994:LeaderElection145] INFO  segmented.SegmentedRaftLogWorker (SegmentedRaftLogWorker.java:startLogSegment(380)) - f77bfc29-6991-4b1d-a503-f706c83de4fc@group-91F3DF1D9994-SegmentedRaftLogWorker: Starting segment from index:0
2019-09-25 05:06:40,618 [pool-67-thread-1] INFO  storage.RaftStorageDirectory (RaftStorageDirectory.java:tryLock(328)) - Lock on /workdir/hadoop-ozone/integration-test/target/test-dir/MiniOzoneClusterImpl-23306158-e895-4fc7-80df-ce6c264c388b/datanode-4/data/ratis/4a0a3540-1ea4-4f12-8375-676389836a1c/in_use.lock acquired by nodename 25526@pr-hdds-1569-s62bp-3040748787
2019-09-25 05:06:40,618 [b4fa7d23-6606-45fd-9544-2b08ca3fa933@group-2B0CB06791EF:LeaderElection146] INFO  impl.RaftServerImpl (ServerState.java:setRaftConf(354)) - b4fa7d23-6606-45fd-9544-2b08ca3fa933@group-2B0CB06791EF: set configuration 0: [b4fa7d23-6606-45fd-9544-2b08ca3fa933:192.168.30.10:34493, 56396258-65a3-478c-9482-0be0199dd49c:192.168.30.10:41678, 36ac27b3-2f11-437d-8f1f-165306b0ff4a:192.168.30.10:45265], old=null at 0
2019-09-25 05:06:40,619 [f77bfc29-6991-4b1d-a503-f706c83de4fc@group-91F3DF1D9994:LeaderElection145] INFO  impl.RaftServerImpl (ServerState.java:setRaftConf(354)) - f77bfc29-6991-4b1d-a503-f706c83de4fc@group-91F3DF1D9994: set configuration 0: [36ac27b3-2f11-437d-8f1f-165306b0ff4a:192.168.30.10:45265, 56396258-65a3-478c-9482-0be0199dd49c:192.168.30.10:41678, f77bfc29-6991-4b1d-a503-f706c83de4fc:192.168.30.10:35112], old=null at 0
2019-09-25 05:06:40,632 [pool-67-thread-1] INFO  storage.RaftStorage (RaftStorage.java:format(72)) - Storage directory /workdir/hadoop-ozone/integration-test/target/test-dir/MiniOzoneClusterImpl-23306158-e895-4fc7-80df-ce6c264c388b/datanode-4/data/ratis/4a0a3540-1ea4-4f12-8375-676389836a1c has been successfully formatted.
2019-09-25 05:06:40,632 [pool-67-thread-1] INFO  ratis.ContainerStateMachine (ContainerStateMachine.java:loadSnapshot(230)) - group-676389836A1C: The snapshot info is null. Setting the last applied indexto:(t:0, i:~)
2019-09-25 05:06:40,632 [pool-67-thread-1] INFO  server.RaftServerConfigKeys (ConfUtils.java:logGet(43)) - raft.server.notification.no-leader.timeout = 120s (custom)
2019-09-25 05:06:40,632 [pool-67-thread-1] INFO  server.RaftServerConfigKeys (ConfUtils.java:logGet(43)) - raft.server.log.use.memory = false (default)
2019-09-25 05:06:40,632 [pool-67-thread-1] INFO  server.RaftServerConfigKeys (ConfUtils.java:logGet(43)) - raft.server.log.purge.gap = 1000000 (custom)
2019-09-25 05:06:40,633 [pool-67-thread-1] INFO  server.RaftServerConfigKeys (ConfUtils.java:logGet(43)) - raft.server.log.appender.buffer.byte-limit = 33554432 (custom)
2019-09-25 05:06:40,633 [pool-67-thread-1] INFO  server.RaftServerConfigKeys (ConfUtils.java:logGet(43)) - raft.server.log.segment.size.max = 1048576 (custom)
2019-09-25 05:06:40,633 [pool-67-thread-1] INFO  server.RaftServerConfigKeys (ConfUtils.java:logGet(43)) - raft.server.log.segment.cache.num.max = 2 (custom)
2019-09-25 05:06:40,633 [pool-67-thread-1] INFO  segmented.SegmentedRaftLogWorker (SegmentedRaftLogWorker.java:<init>(172)) - new 692224c4-5202-4921-98cc-04d5c60c79cc@group-676389836A1C-SegmentedRaftLogWorker for RaftStorage:Storage Directory /workdir/hadoop-ozone/integration-test/target/test-dir/MiniOzoneClusterImpl-23306158-e895-4fc7-80df-ce6c264c388b/datanode-4/data/ratis/4a0a3540-1ea4-4f12-8375-676389836a1c
2019-09-25 05:06:40,633 [pool-67-thread-1] INFO  server.RaftServerConfigKeys (ConfUtils.java:logGet(43)) - raft.server.log.queue.byte-limit = 2147483647 (custom)
2019-09-25 05:06:40,633 [pool-67-thread-1] INFO  server.RaftServerConfigKeys (ConfUtils.java:logGet(43)) - raft.server.log.queue.element-limit = 1024 (custom)
2019-09-25 05:06:40,633 [pool-67-thread-1] INFO  server.RaftServerConfigKeys (ConfUtils.java:logGet(43)) - raft.server.log.segment.size.max = 1048576 (custom)
2019-09-25 05:06:40,634 [pool-67-thread-1] INFO  server.RaftServerConfigKeys (ConfUtils.java:logGet(43)) - raft.server.log.preallocated.size = 16384 (custom)
2019-09-25 05:06:40,634 [pool-67-thread-1] INFO  server.RaftServerConfigKeys (ConfUtils.java:logGet(43)) - raft.server.log.write.buffer.size = 33554432 (custom)
2019-09-25 05:06:40,634 [pool-67-thread-1] INFO  server.RaftServerConfigKeys (ConfUtils.java:logGet(43)) - raft.server.log.force.sync.num = 128 (default)
2019-09-25 05:06:40,634 [pool-67-thread-1] INFO  server.RaftServerConfigKeys (ConfUtils.java:logGet(43)) - raft.server.log.statemachine.data.sync = true (default)
2019-09-25 05:06:40,634 [pool-67-thread-1] INFO  server.RaftServerConfigKeys (ConfUtils.java:logGet(43)) - raft.server.log.statemachine.data.sync.timeout = 10s (default)
2019-09-25 05:06:40,634 [pool-67-thread-1] INFO  server.RaftServerConfigKeys (ConfUtils.java:logGet(43)) - raft.server.log.statemachine.data.sync.timeout.retry = -1 (default)
2019-09-25 05:06:40,634 [pool-67-thread-1] INFO  server.RaftServerConfigKeys (ConfUtils.java:logGet(43)) - raft.server.log.statemachine.data.caching.enabled = true (custom)
2019-09-25 05:06:40,635 [pool-67-thread-1] INFO  segmented.SegmentedRaftLogWorker (SegmentedRaftLogWorker.java:lambda$new$0(132)) - 692224c4-5202-4921-98cc-04d5c60c79cc@group-676389836A1C-SegmentedRaftLogWorker: flushIndex: setUnconditionally 0 -> -1
2019-09-25 05:06:40,635 [pool-67-thread-1] INFO  server.RaftServerConfigKeys (ConfUtils.java:logGet(43)) - raft.server.snapshot.auto.trigger.enabled = true (custom)
2019-09-25 05:06:40,635 [pool-67-thread-1] INFO  server.RaftServerConfigKeys (ConfUtils.java:logGet(43)) - raft.server.snapshot.auto.trigger.threshold = 10000 (custom)
2019-09-25 05:06:40,636 [pool-67-thread-1] INFO  server.RaftServerConfigKeys (ConfUtils.java:logGet(43)) - raft.server.snapshot.retention.num.files = 5 (custom)
2019-09-25 05:06:40,636 [pool-67-thread-1] INFO  server.RaftServerConfigKeys (ConfUtils.java:logGet(43)) - raft.server.retrycache.expirytime = 600000ms (custom)
2019-09-25 05:06:40,639 [pool-67-thread-1] INFO  impl.RaftServerImpl (RaftServerImpl.java:start(185)) - 692224c4-5202-4921-98cc-04d5c60c79cc@group-676389836A1C: start as a follower, conf=-1: [692224c4-5202-4921-98cc-04d5c60c79cc:192.168.30.10:38144], old=null
2019-09-25 05:06:40,639 [pool-67-thread-1] INFO  impl.RaftServerImpl (RaftServerImpl.java:setRole(174)) - 692224c4-5202-4921-98cc-04d5c60c79cc@group-676389836A1C: changes role from      null to FOLLOWER at term 0 for startAsFollower
2019-09-25 05:06:40,639 [pool-67-thread-1] INFO  impl.RoleInfo (RoleInfo.java:updateAndGet(143)) - 692224c4-5202-4921-98cc-04d5c60c79cc: start FollowerState
2019-09-25 05:06:40,640 [pool-67-thread-1] INFO  util.JmxRegister (JmxRegister.java:tryRegister(44)) - Successfully registered JMX Bean with object name Ratis:service=RaftServer,group=group-676389836A1C,id=692224c4-5202-4921-98cc-04d5c60c79cc
2019-09-25 05:06:40,643 [RatisPipelineUtilsThread] INFO  pipeline.PipelineStateManager (PipelineStateManager.java:addPipeline(56)) - Created pipeline Pipeline[ Id: 4a0a3540-1ea4-4f12-8375-676389836a1c, Nodes: 692224c4-5202-4921-98cc-04d5c60c79cc{ip: 192.168.30.10, host: pr-hdds-1569-s62bp-3040748787, networkLocation: /default-rack, certSerialId: null}, Type:RATIS, Factor:ONE, State:OPEN]
2019-09-25 05:06:40,657 [grpc-default-executor-0] INFO  impl.RaftServerImpl (ServerState.java:setLeader(253)) - 56396258-65a3-478c-9482-0be0199dd49c@group-2B0CB06791EF: change Leader from null to b4fa7d23-6606-45fd-9544-2b08ca3fa933 at term 1 for appendEntries, leader elected after 4103ms
2019-09-25 05:06:40,657 [grpc-default-executor-2] INFO  impl.RaftServerImpl (ServerState.java:setLeader(253)) - 56396258-65a3-478c-9482-0be0199dd49c@group-91F3DF1D9994: change Leader from null to f77bfc29-6991-4b1d-a503-f706c83de4fc at term 1 for appendEntries, leader elected after 19514ms
2019-09-25 05:06:40,657 [grpc-default-executor-3] INFO  impl.RaftServerImpl (ServerState.java:setLeader(253)) - 36ac27b3-2f11-437d-8f1f-165306b0ff4a@group-2B0CB06791EF: change Leader from null to b4fa7d23-6606-45fd-9544-2b08ca3fa933 at term 1 for appendEntries, leader elected after 4154ms
2019-09-25 05:06:40,657 [grpc-default-executor-1] INFO  impl.RaftServerImpl (ServerState.java:setLeader(253)) - 36ac27b3-2f11-437d-8f1f-165306b0ff4a@group-91F3DF1D9994: change Leader from null to f77bfc29-6991-4b1d-a503-f706c83de4fc at term 1 for appendEntries, leader elected after 6398ms
2019-09-25 05:06:40,664 [grpc-default-executor-4] INFO  impl.RaftServerProxy (RaftServerProxy.java:addNew(89)) - c8798e02-7f0c-41f7-82c2-a17323bcf21e: addNew group-312ABFD8DBBA:[c8798e02-7f0c-41f7-82c2-a17323bcf21e:192.168.30.10:40603] returns group-312ABFD8DBBA:java.util.concurrent.CompletableFuture@3ad05d16[Not completed]
2019-09-25 05:06:40,668 [pool-47-thread-1] INFO  impl.RaftServerImpl (RaftServerImpl.java:<init>(95)) - c8798e02-7f0c-41f7-82c2-a17323bcf21e: new RaftServerImpl for group-312ABFD8DBBA:[c8798e02-7f0c-41f7-82c2-a17323bcf21e:192.168.30.10:40603] with ContainerStateMachine:uninitialized
2019-09-25 05:06:40,668 [pool-47-thread-1] INFO  server.RaftServerConfigKeys (ConfUtils.java:logGet(43)) - raft.server.rpc.timeout.min = 5s (custom)
2019-09-25 05:06:40,674 [pool-47-thread-1] INFO  server.RaftServerConfigKeys (ConfUtils.java:logGet(43)) - raft.server.rpc.timeout.max = 5200ms (custom)
2019-09-25 05:06:40,674 [pool-47-thread-1] INFO  server.RaftServerConfigKeys (ConfUtils.java:logGet(43)) - raft.server.rpcslowness.timeout = 120s (custom)
2019-09-25 05:06:40,674 [pool-47-thread-1] INFO  server.RaftServerConfigKeys (ConfUtils.java:logGet(43)) - raft.server.sleep.deviation.threshold = 300 (default)
2019-09-25 05:06:40,674 [pool-47-thread-1] INFO  server.RaftServerConfigKeys (ConfUtils.java:logGet(43)) - raft.server.log.appender.install.snapshot.enabled = false (custom)
2019-09-25 05:06:40,674 [pool-47-thread-1] INFO  impl.RaftServerImpl (ServerState.java:<init>(103)) - c8798e02-7f0c-41f7-82c2-a17323bcf21e@group-312ABFD8DBBA: ConfigurationManager, init=-1: [c8798e02-7f0c-41f7-82c2-a17323bcf21e:192.168.30.10:40603], old=null, confs=<EMPTY_MAP>
2019-09-25 05:06:40,674 [pool-47-thread-1] INFO  server.RaftServerConfigKeys (ConfUtils.java:logGet(43)) - raft.server.storage.dir = [/workdir/hadoop-ozone/integration-test/target/test-dir/MiniOzoneClusterImpl-23306158-e895-4fc7-80df-ce6c264c388b/datanode-2/data/ratis] (custom)
2019-09-25 05:06:40,675 [pool-47-thread-1] INFO  storage.RaftStorageDirectory (RaftStorageDirectory.java:analyzeStorage(246)) - The storage directory /workdir/hadoop-ozone/integration-test/target/test-dir/MiniOzoneClusterImpl-23306158-e895-4fc7-80df-ce6c264c388b/datanode-2/data/ratis/754c8bab-efcf-4be6-8006-312abfd8dbba does not exist. Creating ...
2019-09-25 05:06:40,688 [pool-47-thread-1] INFO  storage.RaftStorageDirectory (RaftStorageDirectory.java:tryLock(328)) - Lock on /workdir/hadoop-ozone/integration-test/target/test-dir/MiniOzoneClusterImpl-23306158-e895-4fc7-80df-ce6c264c388b/datanode-2/data/ratis/754c8bab-efcf-4be6-8006-312abfd8dbba/in_use.lock acquired by nodename 25526@pr-hdds-1569-s62bp-3040748787
2019-09-25 05:06:40,704 [grpc-default-executor-2] INFO  impl.RaftServerImpl (ServerState.java:setRaftConf(354)) - 36ac27b3-2f11-437d-8f1f-165306b0ff4a@group-91F3DF1D9994: set configuration 0: [36ac27b3-2f11-437d-8f1f-165306b0ff4a:192.168.30.10:45265, 56396258-65a3-478c-9482-0be0199dd49c:192.168.30.10:41678, f77bfc29-6991-4b1d-a503-f706c83de4fc:192.168.30.10:35112], old=null at 0
2019-09-25 05:06:40,704 [grpc-default-executor-0] INFO  impl.RaftServerImpl (ServerState.java:setRaftConf(354)) - 56396258-65a3-478c-9482-0be0199dd49c@group-2B0CB06791EF: set configuration 0: [b4fa7d23-6606-45fd-9544-2b08ca3fa933:192.168.30.10:34493, 56396258-65a3-478c-9482-0be0199dd49c:192.168.30.10:41678, 36ac27b3-2f11-437d-8f1f-165306b0ff4a:192.168.30.10:45265], old=null at 0
2019-09-25 05:06:40,704 [grpc-default-executor-2] INFO  segmented.SegmentedRaftLogWorker (SegmentedRaftLogWorker.java:startLogSegment(380)) - 36ac27b3-2f11-437d-8f1f-165306b0ff4a@group-91F3DF1D9994-SegmentedRaftLogWorker: Starting segment from index:0
2019-09-25 05:06:40,704 [grpc-default-executor-3] INFO  impl.RaftServerImpl (ServerState.java:setRaftConf(354)) - 56396258-65a3-478c-9482-0be0199dd49c@group-91F3DF1D9994: set configuration 0: [36ac27b3-2f11-437d-8f1f-165306b0ff4a:192.168.30.10:45265, 56396258-65a3-478c-9482-0be0199dd49c:192.168.30.10:41678, f77bfc29-6991-4b1d-a503-f706c83de4fc:192.168.30.10:35112], old=null at 0
2019-09-25 05:06:40,704 [grpc-default-executor-1] INFO  impl.RaftServerImpl (ServerState.java:setRaftConf(354)) - 36ac27b3-2f11-437d-8f1f-165306b0ff4a@group-2B0CB06791EF: set configuration 0: [b4fa7d23-6606-45fd-9544-2b08ca3fa933:192.168.30.10:34493, 56396258-65a3-478c-9482-0be0199dd49c:192.168.30.10:41678, 36ac27b3-2f11-437d-8f1f-165306b0ff4a:192.168.30.10:45265], old=null at 0
2019-09-25 05:06:40,710 [grpc-default-executor-3] INFO  segmented.SegmentedRaftLogWorker (SegmentedRaftLogWorker.java:startLogSegment(380)) - 56396258-65a3-478c-9482-0be0199dd49c@group-91F3DF1D9994-SegmentedRaftLogWorker: Starting segment from index:0
2019-09-25 05:06:40,710 [pool-47-thread-1] INFO  storage.RaftStorage (RaftStorage.java:format(72)) - Storage directory /workdir/hadoop-ozone/integration-test/target/test-dir/MiniOzoneClusterImpl-23306158-e895-4fc7-80df-ce6c264c388b/datanode-2/data/ratis/754c8bab-efcf-4be6-8006-312abfd8dbba has been successfully formatted.
2019-09-25 05:06:40,704 [grpc-default-executor-0] INFO  segmented.SegmentedRaftLogWorker (SegmentedRaftLogWorker.java:startLogSegment(380)) - 56396258-65a3-478c-9482-0be0199dd49c@group-2B0CB06791EF-SegmentedRaftLogWorker: Starting segment from index:0
2019-09-25 05:06:41,064 [grpc-default-executor-1] INFO  segmented.SegmentedRaftLogWorker (SegmentedRaftLogWorker.java:startLogSegment(380)) - 36ac27b3-2f11-437d-8f1f-165306b0ff4a@group-2B0CB06791EF-SegmentedRaftLogWorker: Starting segment from index:0
2019-09-25 05:06:41,309 [pool-47-thread-1] INFO  ratis.ContainerStateMachine (ContainerStateMachine.java:loadSnapshot(230)) - group-312ABFD8DBBA: The snapshot info is null. Setting the last applied indexto:(t:0, i:~)
2019-09-25 05:06:41,310 [pool-47-thread-1] INFO  server.RaftServerConfigKeys (ConfUtils.java:logGet(43)) - raft.server.notification.no-leader.timeout = 120s (custom)
2019-09-25 05:06:41,310 [pool-47-thread-1] INFO  server.RaftServerConfigKeys (ConfUtils.java:logGet(43)) - raft.server.log.use.memory = false (default)
2019-09-25 05:06:41,310 [pool-47-thread-1] INFO  server.RaftServerConfigKeys (ConfUtils.java:logGet(43)) - raft.server.log.purge.gap = 1000000 (custom)
2019-09-25 05:06:41,310 [pool-47-thread-1] INFO  server.RaftServerConfigKeys (ConfUtils.java:logGet(43)) - raft.server.log.appender.buffer.byte-limit = 33554432 (custom)
2019-09-25 05:06:41,311 [pool-47-thread-1] INFO  server.RaftServerConfigKeys (ConfUtils.java:logGet(43)) - raft.server.log.segment.size.max = 1048576 (custom)
2019-09-25 05:06:41,311 [pool-47-thread-1] INFO  server.RaftServerConfigKeys (ConfUtils.java:logGet(43)) - raft.server.log.segment.cache.num.max = 2 (custom)
2019-09-25 05:06:41,311 [pool-47-thread-1] INFO  segmented.SegmentedRaftLogWorker (SegmentedRaftLogWorker.java:<init>(172)) - new c8798e02-7f0c-41f7-82c2-a17323bcf21e@group-312ABFD8DBBA-SegmentedRaftLogWorker for RaftStorage:Storage Directory /workdir/hadoop-ozone/integration-test/target/test-dir/MiniOzoneClusterImpl-23306158-e895-4fc7-80df-ce6c264c388b/datanode-2/data/ratis/754c8bab-efcf-4be6-8006-312abfd8dbba
2019-09-25 05:06:41,311 [pool-47-thread-1] INFO  server.RaftServerConfigKeys (ConfUtils.java:logGet(43)) - raft.server.log.queue.byte-limit = 2147483647 (custom)
2019-09-25 05:06:41,311 [pool-47-thread-1] INFO  server.RaftServerConfigKeys (ConfUtils.java:logGet(43)) - raft.server.log.queue.element-limit = 1024 (custom)
2019-09-25 05:06:41,311 [pool-47-thread-1] INFO  server.RaftServerConfigKeys (ConfUtils.java:logGet(43)) - raft.server.log.segment.size.max = 1048576 (custom)
2019-09-25 05:06:41,312 [pool-47-thread-1] INFO  server.RaftServerConfigKeys (ConfUtils.java:logGet(43)) - raft.server.log.preallocated.size = 16384 (custom)
2019-09-25 05:06:41,312 [pool-47-thread-1] INFO  server.RaftServerConfigKeys (ConfUtils.java:logGet(43)) - raft.server.log.write.buffer.size = 33554432 (custom)
2019-09-25 05:06:41,312 [pool-47-thread-1] INFO  server.RaftServerConfigKeys (ConfUtils.java:logGet(43)) - raft.server.log.force.sync.num = 128 (default)
2019-09-25 05:06:41,312 [pool-47-thread-1] INFO  server.RaftServerConfigKeys (ConfUtils.java:logGet(43)) - raft.server.log.statemachine.data.sync = true (default)
2019-09-25 05:06:41,312 [pool-47-thread-1] INFO  server.RaftServerConfigKeys (ConfUtils.java:logGet(43)) - raft.server.log.statemachine.data.sync.timeout = 10s (default)
2019-09-25 05:06:41,312 [pool-47-thread-1] INFO  server.RaftServerConfigKeys (ConfUtils.java:logGet(43)) - raft.server.log.statemachine.data.sync.timeout.retry = -1 (default)
2019-09-25 05:06:41,312 [pool-47-thread-1] INFO  server.RaftServerConfigKeys (ConfUtils.java:logGet(43)) - raft.server.log.statemachine.data.caching.enabled = true (custom)
2019-09-25 05:06:41,313 [pool-47-thread-1] INFO  segmented.SegmentedRaftLogWorker (SegmentedRaftLogWorker.java:lambda$new$0(132)) - c8798e02-7f0c-41f7-82c2-a17323bcf21e@group-312ABFD8DBBA-SegmentedRaftLogWorker: flushIndex: setUnconditionally 0 -> -1
2019-09-25 05:06:41,313 [pool-47-thread-1] INFO  server.RaftServerConfigKeys (ConfUtils.java:logGet(43)) - raft.server.snapshot.auto.trigger.enabled = true (custom)
2019-09-25 05:06:41,313 [pool-47-thread-1] INFO  server.RaftServerConfigKeys (ConfUtils.java:logGet(43)) - raft.server.snapshot.auto.trigger.threshold = 10000 (custom)
2019-09-25 05:06:41,314 [pool-47-thread-1] INFO  server.RaftServerConfigKeys (ConfUtils.java:logGet(43)) - raft.server.snapshot.retention.num.files = 5 (custom)
2019-09-25 05:06:41,314 [pool-47-thread-1] INFO  server.RaftServerConfigKeys (ConfUtils.java:logGet(43)) - raft.server.retrycache.expirytime = 600000ms (custom)
2019-09-25 05:06:41,316 [pool-47-thread-1] INFO  impl.RaftServerImpl (RaftServerImpl.java:start(185)) - c8798e02-7f0c-41f7-82c2-a17323bcf21e@group-312ABFD8DBBA: start as a follower, conf=-1: [c8798e02-7f0c-41f7-82c2-a17323bcf21e:192.168.30.10:40603], old=null
2019-09-25 05:06:41,316 [pool-47-thread-1] INFO  impl.RaftServerImpl (RaftServerImpl.java:setRole(174)) - c8798e02-7f0c-41f7-82c2-a17323bcf21e@group-312ABFD8DBBA: changes role from      null to FOLLOWER at term 0 for startAsFollower
2019-09-25 05:06:41,317 [pool-47-thread-1] INFO  impl.RoleInfo (RoleInfo.java:updateAndGet(143)) - c8798e02-7f0c-41f7-82c2-a17323bcf21e: start FollowerState
2019-09-25 05:06:41,317 [pool-47-thread-1] INFO  util.JmxRegister (JmxRegister.java:tryRegister(44)) - Successfully registered JMX Bean with object name Ratis:service=RaftServer,group=group-312ABFD8DBBA,id=c8798e02-7f0c-41f7-82c2-a17323bcf21e
2019-09-25 05:06:41,318 [36ac27b3-2f11-437d-8f1f-165306b0ff4a@group-13A24F8F0DC7-SegmentedRaftLogWorker] ERROR segmented.SegmentedRaftLogWorker (SegmentedRaftLogWorker.java:run(323)) - 36ac27b3-2f11-437d-8f1f-165306b0ff4a@group-13A24F8F0DC7-SegmentedRaftLogWorker hit exception
java.lang.OutOfMemoryError: Direct buffer memory
	at java.nio.Bits.reserveMemory(Bits.java:666)
	at java.nio.DirectByteBuffer.<init>(DirectByteBuffer.java:123)
	at java.nio.ByteBuffer.allocateDirect(ByteBuffer.java:311)
	at org.apache.ratis.server.raftlog.segmented.BufferedWriteChannel.<init>(BufferedWriteChannel.java:41)
	at org.apache.ratis.server.raftlog.segmented.SegmentedRaftLogOutputStream.<init>(SegmentedRaftLogOutputStream.java:72)
	at org.apache.ratis.server.raftlog.segmented.SegmentedRaftLogWorker$StartLogSegment.execute(SegmentedRaftLogWorker.java:566)
	at org.apache.ratis.server.raftlog.segmented.SegmentedRaftLogWorker.run(SegmentedRaftLogWorker.java:289)
	at java.lang.Thread.run(Thread.java:748)
2019-09-25 05:06:41,318 [36ac27b3-2f11-437d-8f1f-165306b0ff4a@group-13A24F8F0DC7-SegmentedRaftLogWorker] INFO  impl.RaftServerImpl (RaftServerImpl.java:lambda$shutdown$3(251)) - 36ac27b3-2f11-437d-8f1f-165306b0ff4a@group-13A24F8F0DC7: shutdown
2019-09-25 05:06:41,318 [36ac27b3-2f11-437d-8f1f-165306b0ff4a@group-13A24F8F0DC7-SegmentedRaftLogWorker] INFO  util.JmxRegister (JmxRegister.java:unregister(73)) - Successfully un-registered JMX Bean with object name Ratis:service=RaftServer,group=group-13A24F8F0DC7,id=36ac27b3-2f11-437d-8f1f-165306b0ff4a
2019-09-25 05:06:41,318 [36ac27b3-2f11-437d-8f1f-165306b0ff4a@group-13A24F8F0DC7-SegmentedRaftLogWorker] INFO  impl.RoleInfo (RoleInfo.java:shutdownLeaderState(104)) - 36ac27b3-2f11-437d-8f1f-165306b0ff4a: shutdown LeaderState
2019-09-25 05:06:41,318 [36ac27b3-2f11-437d-8f1f-165306b0ff4a@group-13A24F8F0DC7-SegmentedRaftLogWorker] INFO  impl.PendingRequests (PendingRequests.java:sendNotLeaderResponses(202)) - 36ac27b3-2f11-437d-8f1f-165306b0ff4a-PendingRequests: sendNotLeaderResponses
2019-09-25 05:06:41,319 [36ac27b3-2f11-437d-8f1f-165306b0ff4a@group-13A24F8F0DC7-SegmentedRaftLogWorker] INFO  impl.StateMachineUpdater (StateMachineUpdater.java:stopAndJoin(125)) - 36ac27b3-2f11-437d-8f1f-165306b0ff4a@group-13A24F8F0DC7-StateMachineUpdater: set stopIndex = -1
2019-09-25 05:06:41,319 [36ac27b3-2f11-437d-8f1f-165306b0ff4a@group-13A24F8F0DC7-SegmentedRaftLogWorker] INFO  impl.RaftServerImpl (ServerState.java:close(385)) - 36ac27b3-2f11-437d-8f1f-165306b0ff4a@group-13A24F8F0DC7: closes. applyIndex: -1
2019-09-25 05:06:41,319 [36ac27b3-2f11-437d-8f1f-165306b0ff4a@group-13A24F8F0DC7-SegmentedRaftLogWorker] INFO  segmented.SegmentedRaftLogWorker (SegmentedRaftLogWorker.java:close(228)) - 36ac27b3-2f11-437d-8f1f-165306b0ff4a@group-13A24F8F0DC7-SegmentedRaftLogWorker close()
2019-09-25 05:06:41,321 [RatisPipelineUtilsThread] INFO  pipeline.PipelineStateManager (PipelineStateManager.java:addPipeline(56)) - Created pipeline Pipeline[ Id: 754c8bab-efcf-4be6-8006-312abfd8dbba, Nodes: c8798e02-7f0c-41f7-82c2-a17323bcf21e{ip: 192.168.30.10, host: pr-hdds-1569-s62bp-3040748787, networkLocation: /default-rack, certSerialId: null}, Type:RATIS, Factor:ONE, State:OPEN]
2019-09-25 05:06:41,327 [grpc-default-executor-1] INFO  impl.RaftServerProxy (RaftServerProxy.java:addNew(89)) - b4fa7d23-6606-45fd-9544-2b08ca3fa933: addNew group-EA4C7299EB15:[b4fa7d23-6606-45fd-9544-2b08ca3fa933:192.168.30.10:34493] returns group-EA4C7299EB15:java.util.concurrent.CompletableFuture@29aaa22d[Not completed]
2019-09-25 05:06:41,332 [pool-77-thread-1] INFO  impl.RaftServerImpl (RaftServerImpl.java:<init>(95)) - b4fa7d23-6606-45fd-9544-2b08ca3fa933: new RaftServerImpl for group-EA4C7299EB15:[b4fa7d23-6606-45fd-9544-2b08ca3fa933:192.168.30.10:34493] with ContainerStateMachine:uninitialized
2019-09-25 05:06:41,332 [pool-77-thread-1] INFO  server.RaftServerConfigKeys (ConfUtils.java:logGet(43)) - raft.server.rpc.timeout.min = 5s (custom)
2019-09-25 05:06:41,332 [pool-77-thread-1] INFO  server.RaftServerConfigKeys (ConfUtils.java:logGet(43)) - raft.server.rpc.timeout.max = 5200ms (custom)
2019-09-25 05:06:41,332 [pool-77-thread-1] INFO  server.RaftServerConfigKeys (ConfUtils.java:logGet(43)) - raft.server.rpcslowness.timeout = 120s (custom)
2019-09-25 05:06:41,332 [pool-77-thread-1] INFO  server.RaftServerConfigKeys (ConfUtils.java:logGet(43)) - raft.server.sleep.deviation.threshold = 300 (default)
2019-09-25 05:06:41,332 [pool-77-thread-1] INFO  server.RaftServerConfigKeys (ConfUtils.java:logGet(43)) - raft.server.log.appender.install.snapshot.enabled = false (custom)
2019-09-25 05:06:41,333 [pool-77-thread-1] INFO  impl.RaftServerImpl (ServerState.java:<init>(103)) - b4fa7d23-6606-45fd-9544-2b08ca3fa933@group-EA4C7299EB15: ConfigurationManager, init=-1: [b4fa7d23-6606-45fd-9544-2b08ca3fa933:192.168.30.10:34493], old=null, confs=<EMPTY_MAP>
2019-09-25 05:06:41,333 [pool-77-thread-1] INFO  server.RaftServerConfigKeys (ConfUtils.java:logGet(43)) - raft.server.storage.dir = [/workdir/hadoop-ozone/integration-test/target/test-dir/MiniOzoneClusterImpl-23306158-e895-4fc7-80df-ce6c264c388b/datanode-5/data/ratis] (custom)
2019-09-25 05:06:41,333 [pool-77-thread-1] INFO  storage.RaftStorageDirectory (RaftStorageDirectory.java:analyzeStorage(246)) - The storage directory /workdir/hadoop-ozone/integration-test/target/test-dir/MiniOzoneClusterImpl-23306158-e895-4fc7-80df-ce6c264c388b/datanode-5/data/ratis/bd717dc1-0c83-4a07-af41-ea4c7299eb15 does not exist. Creating ...
2019-09-25 05:06:41,605 [f77bfc29-6991-4b1d-a503-f706c83de4fc@group-91F3DF1D9994-SegmentedRaftLogWorker] ERROR segmented.SegmentedRaftLogWorker (SegmentedRaftLogWorker.java:run(323)) - f77bfc29-6991-4b1d-a503-f706c83de4fc@group-91F3DF1D9994-SegmentedRaftLogWorker hit exception
java.lang.OutOfMemoryError: Direct buffer memory
	at java.nio.Bits.reserveMemory(Bits.java:666)
	at java.nio.DirectByteBuffer.<init>(DirectByteBuffer.java:123)
	at java.nio.ByteBuffer.allocateDirect(ByteBuffer.java:311)
	at org.apache.ratis.server.raftlog.segmented.BufferedWriteChannel.<init>(BufferedWriteChannel.java:41)
	at org.apache.ratis.server.raftlog.segmented.SegmentedRaftLogOutputStream.<init>(SegmentedRaftLogOutputStream.java:72)
	at org.apache.ratis.server.raftlog.segmented.SegmentedRaftLogWorker$StartLogSegment.execute(SegmentedRaftLogWorker.java:566)
	at org.apache.ratis.server.raftlog.segmented.SegmentedRaftLogWorker.run(SegmentedRaftLogWorker.java:289)
	at java.lang.Thread.run(Thread.java:748)
2019-09-25 05:06:41,605 [b4fa7d23-6606-45fd-9544-2b08ca3fa933@group-2B0CB06791EF-SegmentedRaftLogWorker] ERROR segmented.SegmentedRaftLogWorker (SegmentedRaftLogWorker.java:run(323)) - b4fa7d23-6606-45fd-9544-2b08ca3fa933@group-2B0CB06791EF-SegmentedRaftLogWorker hit exception
java.lang.OutOfMemoryError: Direct buffer memory
	at java.nio.Bits.reserveMemory(Bits.java:666)
	at java.nio.DirectByteBuffer.<init>(DirectByteBuffer.java:123)
	at java.nio.ByteBuffer.allocateDirect(ByteBuffer.java:311)
	at org.apache.ratis.server.raftlog.segmented.BufferedWriteChannel.<init>(BufferedWriteChannel.java:41)
	at org.apache.ratis.server.raftlog.segmented.SegmentedRaftLogOutputStream.<init>(SegmentedRaftLogOutputStream.java:72)
	at org.apache.ratis.server.raftlog.segmented.SegmentedRaftLogWorker$StartLogSegment.execute(SegmentedRaftLogWorker.java:566)
	at org.apache.ratis.server.raftlog.segmented.SegmentedRaftLogWorker.run(SegmentedRaftLogWorker.java:289)
	at java.lang.Thread.run(Thread.java:748)
2019-09-25 05:06:41,606 [f77bfc29-6991-4b1d-a503-f706c83de4fc@group-91F3DF1D9994-SegmentedRaftLogWorker] INFO  impl.RaftServerImpl (RaftServerImpl.java:lambda$shutdown$3(251)) - f77bfc29-6991-4b1d-a503-f706c83de4fc@group-91F3DF1D9994: shutdown
2019-09-25 05:06:41,606 [b4fa7d23-6606-45fd-9544-2b08ca3fa933@group-2B0CB06791EF-SegmentedRaftLogWorker] INFO  impl.RaftServerImpl (RaftServerImpl.java:lambda$shutdown$3(251)) - b4fa7d23-6606-45fd-9544-2b08ca3fa933@group-2B0CB06791EF: shutdown
2019-09-25 05:06:41,606 [f77bfc29-6991-4b1d-a503-f706c83de4fc@group-91F3DF1D9994-SegmentedRaftLogWorker] INFO  util.JmxRegister (JmxRegister.java:unregister(73)) - Successfully un-registered JMX Bean with object name Ratis:service=RaftServer,group=group-91F3DF1D9994,id=f77bfc29-6991-4b1d-a503-f706c83de4fc
2019-09-25 05:06:41,606 [b4fa7d23-6606-45fd-9544-2b08ca3fa933@group-2B0CB06791EF-SegmentedRaftLogWorker] INFO  util.JmxRegister (JmxRegister.java:unregister(73)) - Successfully un-registered JMX Bean with object name Ratis:service=RaftServer,group=group-2B0CB06791EF,id=b4fa7d23-6606-45fd-9544-2b08ca3fa933
2019-09-25 05:06:41,606 [f77bfc29-6991-4b1d-a503-f706c83de4fc@group-91F3DF1D9994-SegmentedRaftLogWorker] INFO  impl.RoleInfo (RoleInfo.java:shutdownLeaderState(104)) - f77bfc29-6991-4b1d-a503-f706c83de4fc: shutdown LeaderState
2019-09-25 05:06:41,606 [b4fa7d23-6606-45fd-9544-2b08ca3fa933@group-2B0CB06791EF-SegmentedRaftLogWorker] INFO  impl.RoleInfo (RoleInfo.java:shutdownLeaderState(104)) - b4fa7d23-6606-45fd-9544-2b08ca3fa933: shutdown LeaderState
2019-09-25 05:06:41,855 [org.apache.ratis.server.impl.LogAppender$AppenderDaemon$$Lambda$440/1463530969@3e09c6ed] WARN  server.GrpcLogAppender (GrpcLogAppender.java:mayWait(143)) - f77bfc29-6991-4b1d-a503-f706c83de4fc@group-91F3DF1D9994->36ac27b3-2f11-437d-8f1f-165306b0ff4a-GrpcLogAppender: Wait interrupted by java.lang.InterruptedException
2019-09-25 05:06:41,615 [pool-77-thread-1] INFO  storage.RaftStorageDirectory (RaftStorageDirectory.java:tryLock(328)) - Lock on /workdir/hadoop-ozone/integration-test/target/test-dir/MiniOzoneClusterImpl-23306158-e895-4fc7-80df-ce6c264c388b/datanode-5/data/ratis/bd717dc1-0c83-4a07-af41-ea4c7299eb15/in_use.lock acquired by nodename 25526@pr-hdds-1569-s62bp-3040748787
2019-09-25 05:06:41,613 [org.apache.ratis.server.impl.LogAppender$AppenderDaemon$$Lambda$440/1463530969@1271c86a] WARN  server.GrpcLogAppender (GrpcLogAppender.java:mayWait(143)) - f77bfc29-6991-4b1d-a503-f706c83de4fc@group-91F3DF1D9994->56396258-65a3-478c-9482-0be0199dd49c-GrpcLogAppender: Wait interrupted by java.lang.InterruptedException
2019-09-25 05:06:41,613 [f77bfc29-6991-4b1d-a503-f706c83de4fc@group-91F3DF1D9994-SegmentedRaftLogWorker] INFO  impl.PendingRequests (PendingRequests.java:sendNotLeaderResponses(202)) - f77bfc29-6991-4b1d-a503-f706c83de4fc-PendingRequests: sendNotLeaderResponses
2019-09-25 05:06:41,874 [org.apache.ratis.server.impl.LogAppender$AppenderDaemon$$Lambda$440/1463530969@272320a0] WARN  server.GrpcLogAppender (GrpcLogAppender.java:mayWait(143)) - b4fa7d23-6606-45fd-9544-2b08ca3fa933@group-2B0CB06791EF->56396258-65a3-478c-9482-0be0199dd49c-GrpcLogAppender: Wait interrupted by java.lang.InterruptedException
2019-09-25 05:06:41,874 [Thread-997] INFO  impl.FollowerState (FollowerState.java:run(106)) - de37f7a0-0375-40a9-a318-404478482fcb:group-907A1360165D changes to CANDIDATE, lastRpcTime:5177, electionTimeout:5158ms
2019-09-25 05:06:41,873 [Thread-988] INFO  impl.FollowerState (FollowerState.java:run(106)) - 36ac27b3-2f11-437d-8f1f-165306b0ff4a:group-4D833DA1A1E5 changes to CANDIDATE, lastRpcTime:5301, electionTimeout:5046ms
2019-09-25 05:06:41,872 [Thread-994] INFO  impl.FollowerState (FollowerState.java:run(106)) - de37f7a0-0375-40a9-a318-404478482fcb:group-74433BE8EB19 changes to CANDIDATE, lastRpcTime:5215, electionTimeout:5001ms
2019-09-25 05:06:41,870 [Thread-977] INFO  impl.FollowerState (FollowerState.java:run(106)) - de37f7a0-0375-40a9-a318-404478482fcb:group-6F794C7E7E86 changes to CANDIDATE, lastRpcTime:5335, electionTimeout:5173ms
2019-09-25 05:06:41,870 [Thread-991] INFO  impl.FollowerState (FollowerState.java:run(106)) - f77bfc29-6991-4b1d-a503-f706c83de4fc:group-943D603B2157 changes to CANDIDATE, lastRpcTime:5258, electionTimeout:5113ms
2019-09-25 05:06:41,866 [org.apache.ratis.server.impl.LogAppender$AppenderDaemon$$Lambda$440/1463530969@470cdfef] WARN  server.GrpcLogAppender (GrpcLogAppender.java:mayWait(143)) - b4fa7d23-6606-45fd-9544-2b08ca3fa933@group-2B0CB06791EF->36ac27b3-2f11-437d-8f1f-165306b0ff4a-GrpcLogAppender: Wait interrupted by java.lang.InterruptedException
2019-09-25 05:06:41,866 [b4fa7d23-6606-45fd-9544-2b08ca3fa933@group-2B0CB06791EF-SegmentedRaftLogWorker] INFO  impl.PendingRequests (PendingRequests.java:sendNotLeaderResponses(202)) - b4fa7d23-6606-45fd-9544-2b08ca3fa933-PendingRequests: sendNotLeaderResponses
2019-09-25 05:06:41,876 [Thread-991] INFO  impl.RoleInfo (RoleInfo.java:shutdownFollowerState(121)) - f77bfc29-6991-4b1d-a503-f706c83de4fc: shutdown FollowerState
2019-09-25 05:06:41,876 [Thread-991] INFO  impl.RaftServerImpl (RaftServerImpl.java:setRole(174)) - f77bfc29-6991-4b1d-a503-f706c83de4fc@group-943D603B2157: changes role from  FOLLOWER to CANDIDATE at term 0 for changeToCandidate
2019-09-25 05:06:41,876 [Thread-977] INFO  impl.RoleInfo (RoleInfo.java:shutdownFollowerState(121)) - de37f7a0-0375-40a9-a318-404478482fcb: shutdown FollowerState
2019-09-25 05:06:41,876 [Thread-994] INFO  impl.RoleInfo (RoleInfo.java:shutdownFollowerState(121)) - de37f7a0-0375-40a9-a318-404478482fcb: shutdown FollowerState
2019-09-25 05:06:41,877 [Thread-994] INFO  impl.RaftServerImpl (RaftServerImpl.java:setRole(174)) - de37f7a0-0375-40a9-a318-404478482fcb@group-74433BE8EB19: changes role from  FOLLOWER to CANDIDATE at term 0 for changeToCandidate
2019-09-25 05:06:41,876 [Thread-988] INFO  impl.RoleInfo (RoleInfo.java:shutdownFollowerState(121)) - 36ac27b3-2f11-437d-8f1f-165306b0ff4a: shutdown FollowerState
2019-09-25 05:06:41,875 [Thread-997] INFO  impl.RoleInfo (RoleInfo.java:shutdownFollowerState(121)) - de37f7a0-0375-40a9-a318-404478482fcb: shutdown FollowerState
2019-09-25 05:06:41,877 [Thread-997] INFO  impl.RaftServerImpl (RaftServerImpl.java:setRole(174)) - de37f7a0-0375-40a9-a318-404478482fcb@group-907A1360165D: changes role from  FOLLOWER to CANDIDATE at term 0 for changeToCandidate
2019-09-25 05:06:41,875 [f77bfc29-6991-4b1d-a503-f706c83de4fc@group-91F3DF1D9994-SegmentedRaftLogWorker] INFO  impl.StateMachineUpdater (StateMachineUpdater.java:stopAndJoin(125)) - f77bfc29-6991-4b1d-a503-f706c83de4fc@group-91F3DF1D9994-StateMachineUpdater: set stopIndex = -1
2019-09-25 05:06:41,877 [Thread-997] INFO  impl.RoleInfo (RoleInfo.java:updateAndGet(143)) - de37f7a0-0375-40a9-a318-404478482fcb: start LeaderElection
2019-09-25 05:06:41,877 [Thread-988] INFO  impl.RaftServerImpl (RaftServerImpl.java:setRole(174)) - 36ac27b3-2f11-437d-8f1f-165306b0ff4a@group-4D833DA1A1E5: changes role from  FOLLOWER to CANDIDATE at term 0 for changeToCandidate
2019-09-25 05:06:41,877 [Thread-994] INFO  impl.RoleInfo (RoleInfo.java:updateAndGet(143)) - de37f7a0-0375-40a9-a318-404478482fcb: start LeaderElection
2019-09-25 05:06:41,877 [Thread-977] INFO  impl.RaftServerImpl (RaftServerImpl.java:setRole(174)) - de37f7a0-0375-40a9-a318-404478482fcb@group-6F794C7E7E86: changes role from  FOLLOWER to CANDIDATE at term 0 for changeToCandidate
2019-09-25 05:06:41,877 [Thread-991] INFO  impl.RoleInfo (RoleInfo.java:updateAndGet(143)) - f77bfc29-6991-4b1d-a503-f706c83de4fc: start LeaderElection
2019-09-25 05:06:41,876 [b4fa7d23-6606-45fd-9544-2b08ca3fa933@group-2B0CB06791EF-SegmentedRaftLogWorker] INFO  impl.StateMachineUpdater (StateMachineUpdater.java:stopAndJoin(125)) - b4fa7d23-6606-45fd-9544-2b08ca3fa933@group-2B0CB06791EF-StateMachineUpdater: set stopIndex = -1
2019-09-25 05:06:41,878 [grpc-default-executor-0] INFO  server.GrpcServerProtocolService (GrpcServerProtocolService.java:onCompleted(113)) - 36ac27b3-2f11-437d-8f1f-165306b0ff4a: Completed APPEND_ENTRIES, lastRequest: f77bfc29-6991-4b1d-a503-f706c83de4fc->36ac27b3-2f11-437d-8f1f-165306b0ff4a#1-t1, previous=(t:0, i:0), leaderCommit=-1, initializing? false, entries: size=1, first=(t:1, i:0), CONFIGURATIONENTRY
2019-09-25 05:06:41,878 [Thread-977] INFO  impl.RoleInfo (RoleInfo.java:updateAndGet(143)) - de37f7a0-0375-40a9-a318-404478482fcb: start LeaderElection
2019-09-25 05:06:41,878 [Thread-988] INFO  impl.RoleInfo (RoleInfo.java:updateAndGet(143)) - 36ac27b3-2f11-437d-8f1f-165306b0ff4a: start LeaderElection
2019-09-25 05:06:41,877 [f77bfc29-6991-4b1d-a503-f706c83de4fc@group-91F3DF1D9994-SegmentedRaftLogWorker] INFO  impl.RaftServerImpl (ServerState.java:close(385)) - f77bfc29-6991-4b1d-a503-f706c83de4fc@group-91F3DF1D9994: closes. applyIndex: -1
2019-09-25 05:06:41,887 [pool-77-thread-1] INFO  storage.RaftStorage (RaftStorage.java:format(72)) - Storage directory /workdir/hadoop-ozone/integration-test/target/test-dir/MiniOzoneClusterImpl-23306158-e895-4fc7-80df-ce6c264c388b/datanode-5/data/ratis/bd717dc1-0c83-4a07-af41-ea4c7299eb15 has been successfully formatted.
2019-09-25 05:06:41,887 [Thread-1006] INFO  impl.FollowerState (FollowerState.java:run(106)) - 56396258-65a3-478c-9482-0be0199dd49c:group-7B75987BA3EA changes to CANDIDATE, lastRpcTime:5090, electionTimeout:5089ms
2019-09-25 05:06:41,883 [b4fa7d23-6606-45fd-9544-2b08ca3fa933@group-2B0CB06791EF-SegmentedRaftLogWorker] INFO  impl.RaftServerImpl (ServerState.java:close(385)) - b4fa7d23-6606-45fd-9544-2b08ca3fa933@group-2B0CB06791EF: closes. applyIndex: -1
2019-09-25 05:06:41,878 [grpc-default-executor-1] INFO  server.GrpcServerProtocolService (GrpcServerProtocolService.java:onCompleted(113)) - 56396258-65a3-478c-9482-0be0199dd49c: Completed APPEND_ENTRIES, lastRequest: f77bfc29-6991-4b1d-a503-f706c83de4fc->56396258-65a3-478c-9482-0be0199dd49c#1-t1, previous=(t:0, i:0), leaderCommit=-1, initializing? false, entries: size=1, first=(t:1, i:0), CONFIGURATIONENTRY
2019-09-25 05:06:41,878 [grpc-default-executor-3] INFO  server.GrpcServerProtocolService (GrpcServerProtocolService.java:onCompleted(113)) - 56396258-65a3-478c-9482-0be0199dd49c: Completed APPEND_ENTRIES, lastRequest: b4fa7d23-6606-45fd-9544-2b08ca3fa933->56396258-65a3-478c-9482-0be0199dd49c#1-t1, previous=(t:0, i:0), leaderCommit=-1, initializing? false, entries: size=1, first=(t:1, i:0), CONFIGURATIONENTRY
2019-09-25 05:06:41,878 [grpc-default-executor-2] INFO  server.GrpcServerProtocolService (GrpcServerProtocolService.java:onCompleted(113)) - 36ac27b3-2f11-437d-8f1f-165306b0ff4a: Completed APPEND_ENTRIES, lastRequest: b4fa7d23-6606-45fd-9544-2b08ca3fa933->36ac27b3-2f11-437d-8f1f-165306b0ff4a#1-t1, previous=(t:0, i:0), leaderCommit=-1, initializing? false, entries: size=1, first=(t:1, i:0), CONFIGURATIONENTRY
2019-09-25 05:06:41,888 [b4fa7d23-6606-45fd-9544-2b08ca3fa933@group-2B0CB06791EF-SegmentedRaftLogWorker] INFO  segmented.SegmentedRaftLogWorker (SegmentedRaftLogWorker.java:close(228)) - b4fa7d23-6606-45fd-9544-2b08ca3fa933@group-2B0CB06791EF-SegmentedRaftLogWorker close()
2019-09-25 05:06:41,888 [grpc-default-executor-2] INFO  server.GrpcLogAppender (GrpcLogAppender.java:onCompleted(293)) - f77bfc29-6991-4b1d-a503-f706c83de4fc@group-91F3DF1D9994->56396258-65a3-478c-9482-0be0199dd49c-AppendLogResponseHandler: follower responses appendEntries COMPLETED
2019-09-25 05:06:41,888 [grpc-default-executor-0] INFO  server.GrpcLogAppender (GrpcLogAppender.java:onCompleted(293)) - f77bfc29-6991-4b1d-a503-f706c83de4fc@group-91F3DF1D9994->36ac27b3-2f11-437d-8f1f-165306b0ff4a-AppendLogResponseHandler: follower responses appendEntries COMPLETED
2019-09-25 05:06:41,888 [Thread-1006] INFO  impl.RoleInfo (RoleInfo.java:shutdownFollowerState(121)) - 56396258-65a3-478c-9482-0be0199dd49c: shutdown FollowerState
2019-09-25 05:06:41,895 [Thread-1006] INFO  impl.RaftServerImpl (RaftServerImpl.java:setRole(174)) - 56396258-65a3-478c-9482-0be0199dd49c@group-7B75987BA3EA: changes role from  FOLLOWER to CANDIDATE at term 0 for changeToCandidate
2019-09-25 05:06:41,888 [pool-77-thread-1] INFO  ratis.ContainerStateMachine (ContainerStateMachine.java:loadSnapshot(230)) - group-EA4C7299EB15: The snapshot info is null. Setting the last applied indexto:(t:0, i:~)
2019-09-25 05:06:41,887 [f77bfc29-6991-4b1d-a503-f706c83de4fc@group-91F3DF1D9994-SegmentedRaftLogWorker] INFO  segmented.SegmentedRaftLogWorker (SegmentedRaftLogWorker.java:close(228)) - f77bfc29-6991-4b1d-a503-f706c83de4fc@group-91F3DF1D9994-SegmentedRaftLogWorker close()
2019-09-25 05:06:41,896 [pool-77-thread-1] INFO  server.RaftServerConfigKeys (ConfUtils.java:logGet(43)) - raft.server.notification.no-leader.timeout = 120s (custom)
2019-09-25 05:06:41,896 [Thread-1006] INFO  impl.RoleInfo (RoleInfo.java:updateAndGet(143)) - 56396258-65a3-478c-9482-0be0199dd49c: start LeaderElection
2019-09-25 05:06:41,889 [grpc-default-executor-1] INFO  server.GrpcLogAppender (GrpcLogAppender.java:onCompleted(293)) - b4fa7d23-6606-45fd-9544-2b08ca3fa933@group-2B0CB06791EF->56396258-65a3-478c-9482-0be0199dd49c-AppendLogResponseHandler: follower responses appendEntries COMPLETED
2019-09-25 05:06:41,889 [grpc-default-executor-3] INFO  server.GrpcLogAppender (GrpcLogAppender.java:onCompleted(293)) - b4fa7d23-6606-45fd-9544-2b08ca3fa933@group-2B0CB06791EF->36ac27b3-2f11-437d-8f1f-165306b0ff4a-AppendLogResponseHandler: follower responses appendEntries COMPLETED
2019-09-25 05:06:41,900 [grpc-default-executor-1] INFO  impl.FollowerInfo (FollowerInfo.java:lambda$new$0(51)) - b4fa7d23-6606-45fd-9544-2b08ca3fa933@group-2B0CB06791EF->56396258-65a3-478c-9482-0be0199dd49c: nextIndex: updateUnconditionally 1 -> 0
2019-09-25 05:06:41,896 [grpc-default-executor-0] INFO  impl.FollowerInfo (FollowerInfo.java:lambda$new$0(51)) - f77bfc29-6991-4b1d-a503-f706c83de4fc@group-91F3DF1D9994->36ac27b3-2f11-437d-8f1f-165306b0ff4a: nextIndex: updateUnconditionally 1 -> 0
2019-09-25 05:06:41,896 [grpc-default-executor-2] INFO  impl.FollowerInfo (FollowerInfo.java:lambda$new$0(51)) - f77bfc29-6991-4b1d-a503-f706c83de4fc@group-91F3DF1D9994->56396258-65a3-478c-9482-0be0199dd49c: nextIndex: updateUnconditionally 1 -> 0
2019-09-25 05:06:41,896 [pool-77-thread-1] INFO  server.RaftServerConfigKeys (ConfUtils.java:logGet(43)) - raft.server.log.use.memory = false (default)
2019-09-25 05:06:41,903 [de37f7a0-0375-40a9-a318-404478482fcb@group-6F794C7E7E86:LeaderElection152] INFO  impl.LeaderElection (LeaderElection.java:askForVotes(182)) - de37f7a0-0375-40a9-a318-404478482fcb@group-6F794C7E7E86:LeaderElection152: begin an election at term 1 for -1: [de37f7a0-0375-40a9-a318-404478482fcb:192.168.30.10:44522], old=null
2019-09-25 05:06:41,903 [f77bfc29-6991-4b1d-a503-f706c83de4fc@group-943D603B2157:LeaderElection148] INFO  impl.LeaderElection (LeaderElection.java:askForVotes(182)) - f77bfc29-6991-4b1d-a503-f706c83de4fc@group-943D603B2157:LeaderElection148: begin an election at term 1 for -1: [f77bfc29-6991-4b1d-a503-f706c83de4fc:192.168.30.10:35112], old=null
2019-09-25 05:06:41,903 [36ac27b3-2f11-437d-8f1f-165306b0ff4a@group-4D833DA1A1E5:LeaderElection151] INFO  impl.LeaderElection (LeaderElection.java:askForVotes(182)) - 36ac27b3-2f11-437d-8f1f-165306b0ff4a@group-4D833DA1A1E5:LeaderElection151: begin an election at term 1 for -1: [36ac27b3-2f11-437d-8f1f-165306b0ff4a:192.168.30.10:45265], old=null
2019-09-25 05:06:41,903 [de37f7a0-0375-40a9-a318-404478482fcb@group-907A1360165D:LeaderElection150] INFO  impl.LeaderElection (LeaderElection.java:askForVotes(182)) - de37f7a0-0375-40a9-a318-404478482fcb@group-907A1360165D:LeaderElection150: begin an election at term 1 for -1: [de37f7a0-0375-40a9-a318-404478482fcb:192.168.30.10:44522], old=null
2019-09-25 05:06:41,903 [de37f7a0-0375-40a9-a318-404478482fcb@group-74433BE8EB19:LeaderElection149] INFO  impl.LeaderElection (LeaderElection.java:askForVotes(182)) - de37f7a0-0375-40a9-a318-404478482fcb@group-74433BE8EB19:LeaderElection149: begin an election at term 1 for -1: [de37f7a0-0375-40a9-a318-404478482fcb:192.168.30.10:44522], old=null
2019-09-25 05:06:41,903 [grpc-default-executor-3] INFO  impl.FollowerInfo (FollowerInfo.java:lambda$new$0(51)) - b4fa7d23-6606-45fd-9544-2b08ca3fa933@group-2B0CB06791EF->36ac27b3-2f11-437d-8f1f-165306b0ff4a: nextIndex: updateUnconditionally 1 -> 0
2019-09-25 05:06:41,905 [de37f7a0-0375-40a9-a318-404478482fcb@group-74433BE8EB19:LeaderElection149] INFO  impl.RoleInfo (RoleInfo.java:shutdownLeaderElection(134)) - de37f7a0-0375-40a9-a318-404478482fcb: shutdown LeaderElection
2019-09-25 05:06:41,905 [de37f7a0-0375-40a9-a318-404478482fcb@group-907A1360165D:LeaderElection150] INFO  impl.RoleInfo (RoleInfo.java:shutdownLeaderElection(134)) - de37f7a0-0375-40a9-a318-404478482fcb: shutdown LeaderElection
2019-09-25 05:06:41,905 [36ac27b3-2f11-437d-8f1f-165306b0ff4a@group-4D833DA1A1E5:LeaderElection151] INFO  impl.RoleInfo (RoleInfo.java:shutdownLeaderElection(134)) - 36ac27b3-2f11-437d-8f1f-165306b0ff4a: shutdown LeaderElection
2019-09-25 05:06:41,905 [f77bfc29-6991-4b1d-a503-f706c83de4fc@group-943D603B2157:LeaderElection148] INFO  impl.RoleInfo (RoleInfo.java:shutdownLeaderElection(134)) - f77bfc29-6991-4b1d-a503-f706c83de4fc: shutdown LeaderElection
2019-09-25 05:06:41,904 [de37f7a0-0375-40a9-a318-404478482fcb@group-6F794C7E7E86:LeaderElection152] INFO  impl.RoleInfo (RoleInfo.java:shutdownLeaderElection(134)) - de37f7a0-0375-40a9-a318-404478482fcb: shutdown LeaderElection
2019-09-25 05:06:41,904 [pool-77-thread-1] INFO  server.RaftServerConfigKeys (ConfUtils.java:logGet(43)) - raft.server.log.purge.gap = 1000000 (custom)
2019-09-25 05:06:41,906 [de37f7a0-0375-40a9-a318-404478482fcb@group-6F794C7E7E86:LeaderElection152] INFO  impl.RaftServerImpl (RaftServerImpl.java:setRole(174)) - de37f7a0-0375-40a9-a318-404478482fcb@group-6F794C7E7E86: changes role from CANDIDATE to LEADER at term 1 for changeToLeader
2019-09-25 05:06:41,906 [f77bfc29-6991-4b1d-a503-f706c83de4fc@group-943D603B2157:LeaderElection148] INFO  impl.RaftServerImpl (RaftServerImpl.java:setRole(174)) - f77bfc29-6991-4b1d-a503-f706c83de4fc@group-943D603B2157: changes role from CANDIDATE to LEADER at term 1 for changeToLeader
2019-09-25 05:06:41,905 [36ac27b3-2f11-437d-8f1f-165306b0ff4a@group-4D833DA1A1E5:LeaderElection151] INFO  impl.RaftServerImpl (RaftServerImpl.java:setRole(174)) - 36ac27b3-2f11-437d-8f1f-165306b0ff4a@group-4D833DA1A1E5: changes role from CANDIDATE to LEADER at term 1 for changeToLeader
2019-09-25 05:06:41,906 [36ac27b3-2f11-437d-8f1f-165306b0ff4a@group-4D833DA1A1E5:LeaderElection151] INFO  impl.RaftServerImpl (ServerState.java:setLeader(253)) - 36ac27b3-2f11-437d-8f1f-165306b0ff4a@group-4D833DA1A1E5: change Leader from null to 36ac27b3-2f11-437d-8f1f-165306b0ff4a at term 1 for becomeLeader, leader elected after 5339ms
2019-09-25 05:06:41,905 [de37f7a0-0375-40a9-a318-404478482fcb@group-907A1360165D:LeaderElection150] INFO  impl.RaftServerImpl (RaftServerImpl.java:setRole(174)) - de37f7a0-0375-40a9-a318-404478482fcb@group-907A1360165D: changes role from CANDIDATE to LEADER at term 1 for changeToLeader
2019-09-25 05:06:41,905 [de37f7a0-0375-40a9-a318-404478482fcb@group-74433BE8EB19:LeaderElection149] INFO  impl.RaftServerImpl (RaftServerImpl.java:setRole(174)) - de37f7a0-0375-40a9-a318-404478482fcb@group-74433BE8EB19: changes role from CANDIDATE to LEADER at term 1 for changeToLeader
2019-09-25 05:06:41,906 [de37f7a0-0375-40a9-a318-404478482fcb@group-907A1360165D:LeaderElection150] INFO  impl.RaftServerImpl (ServerState.java:setLeader(253)) - de37f7a0-0375-40a9-a318-404478482fcb@group-907A1360165D: change Leader from null to de37f7a0-0375-40a9-a318-404478482fcb at term 1 for becomeLeader, leader elected after 5213ms
2019-09-25 05:06:41,906 [36ac27b3-2f11-437d-8f1f-165306b0ff4a@group-4D833DA1A1E5:LeaderElection151] INFO  server.RaftServerConfigKeys (ConfUtils.java:logGet(43)) - raft.server.staging.catchup.gap = 1000 (default)
2019-09-25 05:06:41,907 [36ac27b3-2f11-437d-8f1f-165306b0ff4a@group-4D833DA1A1E5:LeaderElection151] INFO  server.RaftServerConfigKeys (ConfUtils.java:logGet(43)) - raft.server.rpc.sleep.time = 25ms (default)
2019-09-25 05:06:41,906 [f77bfc29-6991-4b1d-a503-f706c83de4fc@group-943D603B2157:LeaderElection148] INFO  impl.RaftServerImpl (ServerState.java:setLeader(253)) - f77bfc29-6991-4b1d-a503-f706c83de4fc@group-943D603B2157: change Leader from null to f77bfc29-6991-4b1d-a503-f706c83de4fc at term 1 for becomeLeader, leader elected after 5298ms
2019-09-25 05:06:41,906 [de37f7a0-0375-40a9-a318-404478482fcb@group-6F794C7E7E86:LeaderElection152] INFO  impl.RaftServerImpl (ServerState.java:setLeader(253)) - de37f7a0-0375-40a9-a318-404478482fcb@group-6F794C7E7E86: change Leader from null to de37f7a0-0375-40a9-a318-404478482fcb at term 1 for becomeLeader, leader elected after 6278ms
2019-09-25 05:06:41,907 [de37f7a0-0375-40a9-a318-404478482fcb@group-6F794C7E7E86:LeaderElection152] INFO  server.RaftServerConfigKeys (ConfUtils.java:logGet(43)) - raft.server.staging.catchup.gap = 1000 (default)
2019-09-25 05:06:41,906 [pool-77-thread-1] INFO  server.RaftServerConfigKeys (ConfUtils.java:logGet(43)) - raft.server.log.appender.buffer.byte-limit = 33554432 (custom)
2019-09-25 05:06:41,907 [de37f7a0-0375-40a9-a318-404478482fcb@group-6F794C7E7E86:LeaderElection152] INFO  server.RaftServerConfigKeys (ConfUtils.java:logGet(43)) - raft.server.rpc.sleep.time = 25ms (default)
2019-09-25 05:06:41,907 [f77bfc29-6991-4b1d-a503-f706c83de4fc@group-943D603B2157:LeaderElection148] INFO  server.RaftServerConfigKeys (ConfUtils.java:logGet(43)) - raft.server.staging.catchup.gap = 1000 (default)
2019-09-25 05:06:41,908 [f77bfc29-6991-4b1d-a503-f706c83de4fc@group-943D603B2157:LeaderElection148] INFO  server.RaftServerConfigKeys (ConfUtils.java:logGet(43)) - raft.server.rpc.sleep.time = 25ms (default)
2019-09-25 05:06:41,907 [36ac27b3-2f11-437d-8f1f-165306b0ff4a@group-4D833DA1A1E5:LeaderElection151] INFO  server.RaftServerConfigKeys (ConfUtils.java:logGet(43)) - raft.server.write.element-limit = 4096 (default)
2019-09-25 05:06:41,907 [de37f7a0-0375-40a9-a318-404478482fcb@group-907A1360165D:LeaderElection150] INFO  server.RaftServerConfigKeys (ConfUtils.java:logGet(43)) - raft.server.staging.catchup.gap = 1000 (default)
2019-09-25 05:06:41,907 [de37f7a0-0375-40a9-a318-404478482fcb@group-74433BE8EB19:LeaderElection149] INFO  impl.RaftServerImpl (ServerState.java:setLeader(253)) - de37f7a0-0375-40a9-a318-404478482fcb@group-74433BE8EB19: change Leader from null to de37f7a0-0375-40a9-a318-404478482fcb at term 1 for becomeLeader, leader elected after 5253ms
2019-09-25 05:06:41,908 [de37f7a0-0375-40a9-a318-404478482fcb@group-907A1360165D:LeaderElection150] INFO  server.RaftServerConfigKeys (ConfUtils.java:logGet(43)) - raft.server.rpc.sleep.time = 25ms (default)
2019-09-25 05:06:41,908 [36ac27b3-2f11-437d-8f1f-165306b0ff4a@group-4D833DA1A1E5:LeaderElection151] INFO  server.RaftServerConfigKeys (ConfUtils.java:logGet(43)) - raft.server.watch.timeout = 10s (default)
2019-09-25 05:06:41,908 [f77bfc29-6991-4b1d-a503-f706c83de4fc@group-943D603B2157:LeaderElection148] INFO  server.RaftServerConfigKeys (ConfUtils.java:logGet(43)) - raft.server.write.element-limit = 4096 (default)
2019-09-25 05:06:41,908 [de37f7a0-0375-40a9-a318-404478482fcb@group-6F794C7E7E86:LeaderElection152] INFO  server.RaftServerConfigKeys (ConfUtils.java:logGet(43)) - raft.server.write.element-limit = 4096 (default)
2019-09-25 05:06:41,909 [de37f7a0-0375-40a9-a318-404478482fcb@group-6F794C7E7E86:LeaderElection152] INFO  server.RaftServerConfigKeys (ConfUtils.java:logGet(43)) - raft.server.watch.timeout = 10s (default)
2019-09-25 05:06:41,908 [pool-77-thread-1] INFO  server.RaftServerConfigKeys (ConfUtils.java:logGet(43)) - raft.server.log.segment.size.max = 1048576 (custom)
2019-09-25 05:06:41,909 [de37f7a0-0375-40a9-a318-404478482fcb@group-6F794C7E7E86:LeaderElection152] INFO  server.RaftServerConfigKeys (ConfUtils.java:logGet(43)) - raft.server.watch.timeout.denomination = 1s (default)
2019-09-25 05:06:41,909 [f77bfc29-6991-4b1d-a503-f706c83de4fc@group-943D603B2157:LeaderElection148] INFO  server.RaftServerConfigKeys (ConfUtils.java:logGet(43)) - raft.server.watch.timeout = 10s (default)
2019-09-25 05:06:41,909 [Thread-1003] INFO  impl.FollowerState (FollowerState.java:run(106)) - c8798e02-7f0c-41f7-82c2-a17323bcf21e:group-D347DF8354E9 changes to CANDIDATE, lastRpcTime:5136, electionTimeout:5136ms
2019-09-25 05:06:41,909 [36ac27b3-2f11-437d-8f1f-165306b0ff4a@group-4D833DA1A1E5:LeaderElection151] INFO  server.RaftServerConfigKeys (ConfUtils.java:logGet(43)) - raft.server.watch.timeout.denomination = 1s (default)
2019-09-25 05:06:41,910 [Thread-1003] INFO  impl.RoleInfo (RoleInfo.java:shutdownFollowerState(121)) - c8798e02-7f0c-41f7-82c2-a17323bcf21e: shutdown FollowerState
2019-09-25 05:06:41,909 [de37f7a0-0375-40a9-a318-404478482fcb@group-907A1360165D:LeaderElection150] INFO  server.RaftServerConfigKeys (ConfUtils.java:logGet(43)) - raft.server.write.element-limit = 4096 (default)
2019-09-25 05:06:41,908 [de37f7a0-0375-40a9-a318-404478482fcb@group-74433BE8EB19:LeaderElection149] INFO  server.RaftServerConfigKeys (ConfUtils.java:logGet(43)) - raft.server.staging.catchup.gap = 1000 (default)
2019-09-25 05:06:41,910 [de37f7a0-0375-40a9-a318-404478482fcb@group-907A1360165D:LeaderElection150] INFO  server.RaftServerConfigKeys (ConfUtils.java:logGet(43)) - raft.server.watch.timeout = 10s (default)
2019-09-25 05:06:41,910 [Thread-1003] INFO  impl.RaftServerImpl (RaftServerImpl.java:setRole(174)) - c8798e02-7f0c-41f7-82c2-a17323bcf21e@group-D347DF8354E9: changes role from  FOLLOWER to CANDIDATE at term 0 for changeToCandidate
2019-09-25 05:06:41,910 [36ac27b3-2f11-437d-8f1f-165306b0ff4a@group-4D833DA1A1E5:LeaderElection151] INFO  server.RaftServerConfigKeys (ConfUtils.java:logGet(43)) - raft.server.watch.element-limit = 65536 (default)
2019-09-25 05:06:41,909 [f77bfc29-6991-4b1d-a503-f706c83de4fc@group-943D603B2157:LeaderElection148] INFO  server.RaftServerConfigKeys (ConfUtils.java:logGet(43)) - raft.server.watch.timeout.denomination = 1s (default)
2019-09-25 05:06:41,909 [de37f7a0-0375-40a9-a318-404478482fcb@group-6F794C7E7E86:LeaderElection152] INFO  server.RaftServerConfigKeys (ConfUtils.java:logGet(43)) - raft.server.watch.element-limit = 65536 (default)
2019-09-25 05:06:41,909 [pool-77-thread-1] INFO  server.RaftServerConfigKeys (ConfUtils.java:logGet(43)) - raft.server.log.segment.cache.num.max = 2 (custom)
2019-09-25 05:06:41,911 [f77bfc29-6991-4b1d-a503-f706c83de4fc@group-943D603B2157:LeaderElection148] INFO  server.RaftServerConfigKeys (ConfUtils.java:logGet(43)) - raft.server.watch.element-limit = 65536 (default)
2019-09-25 05:06:41,910 [Thread-1003] INFO  impl.RoleInfo (RoleInfo.java:updateAndGet(143)) - c8798e02-7f0c-41f7-82c2-a17323bcf21e: start LeaderElection
2019-09-25 05:06:41,910 [de37f7a0-0375-40a9-a318-404478482fcb@group-907A1360165D:LeaderElection150] INFO  server.RaftServerConfigKeys (ConfUtils.java:logGet(43)) - raft.server.watch.timeout.denomination = 1s (default)
2019-09-25 05:06:41,911 [de37f7a0-0375-40a9-a318-404478482fcb@group-907A1360165D:LeaderElection150] INFO  server.RaftServerConfigKeys (ConfUtils.java:logGet(43)) - raft.server.watch.element-limit = 65536 (default)
2019-09-25 05:06:41,910 [de37f7a0-0375-40a9-a318-404478482fcb@group-74433BE8EB19:LeaderElection149] INFO  server.RaftServerConfigKeys (ConfUtils.java:logGet(43)) - raft.server.rpc.sleep.time = 25ms (default)
2019-09-25 05:06:41,911 [pool-77-thread-1] INFO  segmented.SegmentedRaftLogWorker (SegmentedRaftLogWorker.java:<init>(172)) - new b4fa7d23-6606-45fd-9544-2b08ca3fa933@group-EA4C7299EB15-SegmentedRaftLogWorker for RaftStorage:Storage Directory /workdir/hadoop-ozone/integration-test/target/test-dir/MiniOzoneClusterImpl-23306158-e895-4fc7-80df-ce6c264c388b/datanode-5/data/ratis/bd717dc1-0c83-4a07-af41-ea4c7299eb15
2019-09-25 05:06:41,912 [de37f7a0-0375-40a9-a318-404478482fcb@group-74433BE8EB19:LeaderElection149] INFO  server.RaftServerConfigKeys (ConfUtils.java:logGet(43)) - raft.server.write.element-limit = 4096 (default)
2019-09-25 05:06:41,912 [pool-77-thread-1] INFO  server.RaftServerConfigKeys (ConfUtils.java:logGet(43)) - raft.server.log.queue.byte-limit = 2147483647 (custom)
2019-09-25 05:06:41,912 [de37f7a0-0375-40a9-a318-404478482fcb@group-74433BE8EB19:LeaderElection149] INFO  server.RaftServerConfigKeys (ConfUtils.java:logGet(43)) - raft.server.watch.timeout = 10s (default)
2019-09-25 05:06:41,912 [pool-77-thread-1] INFO  server.RaftServerConfigKeys (ConfUtils.java:logGet(43)) - raft.server.log.queue.element-limit = 1024 (custom)
2019-09-25 05:06:41,912 [de37f7a0-0375-40a9-a318-404478482fcb@group-74433BE8EB19:LeaderElection149] INFO  server.RaftServerConfigKeys (ConfUtils.java:logGet(43)) - raft.server.watch.timeout.denomination = 1s (default)
2019-09-25 05:06:41,912 [pool-77-thread-1] INFO  server.RaftServerConfigKeys (ConfUtils.java:logGet(43)) - raft.server.log.segment.size.max = 1048576 (custom)
2019-09-25 05:06:41,912 [de37f7a0-0375-40a9-a318-404478482fcb@group-74433BE8EB19:LeaderElection149] INFO  server.RaftServerConfigKeys (ConfUtils.java:logGet(43)) - raft.server.watch.element-limit = 65536 (default)
2019-09-25 05:06:41,913 [pool-77-thread-1] INFO  server.RaftServerConfigKeys (ConfUtils.java:logGet(43)) - raft.server.log.preallocated.size = 16384 (custom)
2019-09-25 05:06:41,913 [pool-77-thread-1] INFO  server.RaftServerConfigKeys (ConfUtils.java:logGet(43)) - raft.server.log.write.buffer.size = 33554432 (custom)
2019-09-25 05:06:41,913 [pool-77-thread-1] INFO  server.RaftServerConfigKeys (ConfUtils.java:logGet(43)) - raft.server.log.force.sync.num = 128 (default)
2019-09-25 05:06:41,913 [pool-77-thread-1] INFO  server.RaftServerConfigKeys (ConfUtils.java:logGet(43)) - raft.server.log.statemachine.data.sync = true (default)
2019-09-25 05:06:41,913 [pool-77-thread-1] INFO  server.RaftServerConfigKeys (ConfUtils.java:logGet(43)) - raft.server.log.statemachine.data.sync.timeout = 10s (default)
2019-09-25 05:06:41,913 [pool-77-thread-1] INFO  server.RaftServerConfigKeys (ConfUtils.java:logGet(43)) - raft.server.log.statemachine.data.sync.timeout.retry = -1 (default)
2019-09-25 05:06:41,914 [pool-77-thread-1] INFO  server.RaftServerConfigKeys (ConfUtils.java:logGet(43)) - raft.server.log.statemachine.data.caching.enabled = true (custom)
2019-09-25 05:06:41,914 [pool-77-thread-1] INFO  segmented.SegmentedRaftLogWorker (SegmentedRaftLogWorker.java:lambda$new$0(132)) - b4fa7d23-6606-45fd-9544-2b08ca3fa933@group-EA4C7299EB15-SegmentedRaftLogWorker: flushIndex: setUnconditionally 0 -> -1
2019-09-25 05:06:41,914 [pool-77-thread-1] INFO  server.RaftServerConfigKeys (ConfUtils.java:logGet(43)) - raft.server.snapshot.auto.trigger.enabled = true (custom)
2019-09-25 05:06:41,914 [pool-77-thread-1] INFO  server.RaftServerConfigKeys (ConfUtils.java:logGet(43)) - raft.server.snapshot.auto.trigger.threshold = 10000 (custom)
2019-09-25 05:06:41,915 [pool-77-thread-1] INFO  server.RaftServerConfigKeys (ConfUtils.java:logGet(43)) - raft.server.snapshot.retention.num.files = 5 (custom)
2019-09-25 05:06:41,915 [pool-77-thread-1] INFO  server.RaftServerConfigKeys (ConfUtils.java:logGet(43)) - raft.server.retrycache.expirytime = 600000ms (custom)
2019-09-25 05:06:41,916 [36ac27b3-2f11-437d-8f1f-165306b0ff4a@group-4D833DA1A1E5:LeaderElection151] INFO  impl.RoleInfo (RoleInfo.java:updateAndGet(143)) - 36ac27b3-2f11-437d-8f1f-165306b0ff4a: start LeaderState
2019-09-25 05:06:41,917 [56396258-65a3-478c-9482-0be0199dd49c@group-7B75987BA3EA:LeaderElection153] INFO  impl.LeaderElection (LeaderElection.java:askForVotes(182)) - 56396258-65a3-478c-9482-0be0199dd49c@group-7B75987BA3EA:LeaderElection153: begin an election at term 1 for -1: [56396258-65a3-478c-9482-0be0199dd49c:192.168.30.10:41678], old=null
2019-09-25 05:06:41,917 [56396258-65a3-478c-9482-0be0199dd49c@group-7B75987BA3EA:LeaderElection153] INFO  impl.RoleInfo (RoleInfo.java:shutdownLeaderElection(134)) - 56396258-65a3-478c-9482-0be0199dd49c: shutdown LeaderElection
2019-09-25 05:06:41,920 [36ac27b3-2f11-437d-8f1f-165306b0ff4a@group-4D833DA1A1E5:LeaderElection151] INFO  segmented.SegmentedRaftLogWorker (SegmentedRaftLogWorker.java:startLogSegment(380)) - 36ac27b3-2f11-437d-8f1f-165306b0ff4a@group-4D833DA1A1E5-SegmentedRaftLogWorker: Starting segment from index:0
2019-09-25 05:06:41,920 [56396258-65a3-478c-9482-0be0199dd49c@group-7B75987BA3EA:LeaderElection153] INFO  impl.RaftServerImpl (RaftServerImpl.java:setRole(174)) - 56396258-65a3-478c-9482-0be0199dd49c@group-7B75987BA3EA: changes role from CANDIDATE to LEADER at term 1 for changeToLeader
2019-09-25 05:06:41,920 [56396258-65a3-478c-9482-0be0199dd49c@group-7B75987BA3EA:LeaderElection153] INFO  impl.RaftServerImpl (ServerState.java:setLeader(253)) - 56396258-65a3-478c-9482-0be0199dd49c@group-7B75987BA3EA: change Leader from null to 56396258-65a3-478c-9482-0be0199dd49c at term 1 for becomeLeader, leader elected after 5129ms
2019-09-25 05:06:41,920 [c8798e02-7f0c-41f7-82c2-a17323bcf21e@group-D347DF8354E9:LeaderElection154] INFO  impl.LeaderElection (LeaderElection.java:askForVotes(182)) - c8798e02-7f0c-41f7-82c2-a17323bcf21e@group-D347DF8354E9:LeaderElection154: begin an election at term 1 for -1: [c8798e02-7f0c-41f7-82c2-a17323bcf21e:192.168.30.10:40603], old=null
2019-09-25 05:06:42,210 [36ac27b3-2f11-437d-8f1f-165306b0ff4a@group-4D833DA1A1E5:LeaderElection151] INFO  impl.RaftServerImpl (ServerState.java:setRaftConf(354)) - 36ac27b3-2f11-437d-8f1f-165306b0ff4a@group-4D833DA1A1E5: set configuration 0: [36ac27b3-2f11-437d-8f1f-165306b0ff4a:192.168.30.10:45265], old=null at 0
2019-09-25 05:06:42,211 [de37f7a0-0375-40a9-a318-404478482fcb@group-6F794C7E7E86:LeaderElection152] INFO  impl.RoleInfo (RoleInfo.java:updateAndGet(143)) - de37f7a0-0375-40a9-a318-404478482fcb: start LeaderState
2019-09-25 05:06:42,210 [Thread-1000] INFO  impl.FollowerState (FollowerState.java:run(106)) - 36ac27b3-2f11-437d-8f1f-165306b0ff4a:group-B8D00B1B54D6 changes to CANDIDATE, lastRpcTime:5471, electionTimeout:5184ms
2019-09-25 05:06:42,209 [Thread-1012] INFO  impl.FollowerState (FollowerState.java:run(106)) - 56396258-65a3-478c-9482-0be0199dd49c:group-4F3116BF037B changes to CANDIDATE, lastRpcTime:5329, electionTimeout:5093ms
2019-09-25 05:06:42,209 [Thread-1009] INFO  impl.FollowerState (FollowerState.java:run(106)) - 36ac27b3-2f11-437d-8f1f-165306b0ff4a:group-5181C418506D changes to CANDIDATE, lastRpcTime:5372, electionTimeout:5149ms
2019-09-25 05:06:42,211 [Thread-1012] INFO  impl.RoleInfo (RoleInfo.java:shutdownFollowerState(121)) - 56396258-65a3-478c-9482-0be0199dd49c: shutdown FollowerState
2019-09-25 05:06:42,208 [Thread-1015] INFO  impl.FollowerState (FollowerState.java:run(106)) - c8798e02-7f0c-41f7-82c2-a17323bcf21e:group-131819428EE7 changes to CANDIDATE, lastRpcTime:5284, electionTimeout:5086ms
2019-09-25 05:06:42,207 [Thread-1024] INFO  impl.FollowerState (FollowerState.java:run(106)) - de37f7a0-0375-40a9-a318-404478482fcb:group-63B93C010E28 changes to CANDIDATE, lastRpcTime:5153, electionTimeout:5000ms
2019-09-25 05:06:42,206 [Thread-1021] INFO  impl.FollowerState (FollowerState.java:run(106)) - de37f7a0-0375-40a9-a318-404478482fcb:group-9599B14A66E7 changes to CANDIDATE, lastRpcTime:5195, electionTimeout:5074ms
2019-09-25 05:06:42,212 [Thread-1024] INFO  impl.RoleInfo (RoleInfo.java:shutdownFollowerState(121)) - de37f7a0-0375-40a9-a318-404478482fcb: shutdown FollowerState
2019-09-25 05:06:42,204 [Thread-1027] INFO  impl.FollowerState (FollowerState.java:run(106)) - 56396258-65a3-478c-9482-0be0199dd49c:group-629F40061B83 changes to CANDIDATE, lastRpcTime:5112, electionTimeout:5029ms
2019-09-25 05:06:42,204 [Thread-1018] INFO  impl.FollowerState (FollowerState.java:run(106)) - 36ac27b3-2f11-437d-8f1f-165306b0ff4a:group-A2E6AEF067B1 changes to CANDIDATE, lastRpcTime:5238, electionTimeout:5165ms
2019-09-25 05:06:41,920 [56396258-65a3-478c-9482-0be0199dd49c@group-7B75987BA3EA:LeaderElection153] INFO  server.RaftServerConfigKeys (ConfUtils.java:logGet(43)) - raft.server.staging.catchup.gap = 1000 (default)
2019-09-25 05:06:42,213 [Thread-1018] INFO  impl.RoleInfo (RoleInfo.java:shutdownFollowerState(121)) - 36ac27b3-2f11-437d-8f1f-165306b0ff4a: shutdown FollowerState
2019-09-25 05:06:42,213 [Thread-1018] INFO  impl.RaftServerImpl (RaftServerImpl.java:setRole(174)) - 36ac27b3-2f11-437d-8f1f-165306b0ff4a@group-A2E6AEF067B1: changes role from  FOLLOWER to CANDIDATE at term 0 for changeToCandidate
2019-09-25 05:06:42,212 [Thread-1027] INFO  impl.RoleInfo (RoleInfo.java:shutdownFollowerState(121)) - 56396258-65a3-478c-9482-0be0199dd49c: shutdown FollowerState
2019-09-25 05:06:42,213 [Thread-1027] INFO  impl.RaftServerImpl (RaftServerImpl.java:setRole(174)) - 56396258-65a3-478c-9482-0be0199dd49c@group-629F40061B83: changes role from  FOLLOWER to CANDIDATE at term 0 for changeToCandidate
2019-09-25 05:06:42,212 [Thread-1024] INFO  impl.RaftServerImpl (RaftServerImpl.java:setRole(174)) - de37f7a0-0375-40a9-a318-404478482fcb@group-63B93C010E28: changes role from  FOLLOWER to CANDIDATE at term 0 for changeToCandidate
2019-09-25 05:06:42,212 [Thread-1012] INFO  impl.RaftServerImpl (RaftServerImpl.java:setRole(174)) - 56396258-65a3-478c-9482-0be0199dd49c@group-4F3116BF037B: changes role from  FOLLOWER to CANDIDATE at term 0 for changeToCandidate
2019-09-25 05:06:42,212 [Thread-1021] INFO  impl.RoleInfo (RoleInfo.java:shutdownFollowerState(121)) - de37f7a0-0375-40a9-a318-404478482fcb: shutdown FollowerState
2019-09-25 05:06:42,212 [de37f7a0-0375-40a9-a318-404478482fcb@group-907A1360165D:LeaderElection150] INFO  impl.RoleInfo (RoleInfo.java:updateAndGet(143)) - de37f7a0-0375-40a9-a318-404478482fcb: start LeaderState
2019-09-25 05:06:42,212 [f77bfc29-6991-4b1d-a503-f706c83de4fc@group-943D603B2157:LeaderElection148] INFO  impl.RoleInfo (RoleInfo.java:updateAndGet(143)) - f77bfc29-6991-4b1d-a503-f706c83de4fc: start LeaderState
2019-09-25 05:06:42,212 [Thread-1015] INFO  impl.RoleInfo (RoleInfo.java:shutdownFollowerState(121)) - c8798e02-7f0c-41f7-82c2-a17323bcf21e: shutdown FollowerState
2019-09-25 05:06:42,214 [Thread-1015] INFO  impl.RaftServerImpl (RaftServerImpl.java:setRole(174)) - c8798e02-7f0c-41f7-82c2-a17323bcf21e@group-131819428EE7: changes role from  FOLLOWER to CANDIDATE at term 0 for changeToCandidate
2019-09-25 05:06:42,212 [Thread-1009] INFO  impl.RoleInfo (RoleInfo.java:shutdownFollowerState(121)) - 36ac27b3-2f11-437d-8f1f-165306b0ff4a: shutdown FollowerState
2019-09-25 05:06:42,214 [Thread-1009] INFO  impl.RaftServerImpl (RaftServerImpl.java:setRole(174)) - 36ac27b3-2f11-437d-8f1f-165306b0ff4a@group-5181C418506D: changes role from  FOLLOWER to CANDIDATE at term 0 for changeToCandidate
2019-09-25 05:06:42,211 [Thread-1000] INFO  impl.RoleInfo (RoleInfo.java:shutdownFollowerState(121)) - 36ac27b3-2f11-437d-8f1f-165306b0ff4a: shutdown FollowerState
2019-09-25 05:06:42,211 [de37f7a0-0375-40a9-a318-404478482fcb@group-6F794C7E7E86:LeaderElection152] INFO  segmented.SegmentedRaftLogWorker (SegmentedRaftLogWorker.java:startLogSegment(380)) - de37f7a0-0375-40a9-a318-404478482fcb@group-6F794C7E7E86-SegmentedRaftLogWorker: Starting segment from index:0
2019-09-25 05:06:42,211 [c8798e02-7f0c-41f7-82c2-a17323bcf21e@group-D347DF8354E9:LeaderElection154] INFO  impl.RoleInfo (RoleInfo.java:shutdownLeaderElection(134)) - c8798e02-7f0c-41f7-82c2-a17323bcf21e: shutdown LeaderElection
2019-09-25 05:06:42,215 [c8798e02-7f0c-41f7-82c2-a17323bcf21e@group-D347DF8354E9:LeaderElection154] INFO  impl.RaftServerImpl (RaftServerImpl.java:setRole(174)) - c8798e02-7f0c-41f7-82c2-a17323bcf21e@group-D347DF8354E9: changes role from CANDIDATE to LEADER at term 1 for changeToLeader
2019-09-25 05:06:42,215 [Thread-1000] INFO  impl.RaftServerImpl (RaftServerImpl.java:setRole(174)) - 36ac27b3-2f11-437d-8f1f-165306b0ff4a@group-B8D00B1B54D6: changes role from  FOLLOWER to CANDIDATE at term 0 for changeToCandidate
2019-09-25 05:06:42,214 [Thread-1009] INFO  impl.RoleInfo (RoleInfo.java:updateAndGet(143)) - 36ac27b3-2f11-437d-8f1f-165306b0ff4a: start LeaderElection
2019-09-25 05:06:42,214 [Thread-1015] INFO  impl.RoleInfo (RoleInfo.java:updateAndGet(143)) - c8798e02-7f0c-41f7-82c2-a17323bcf21e: start LeaderElection
2019-09-25 05:06:42,214 [f77bfc29-6991-4b1d-a503-f706c83de4fc@group-943D603B2157:LeaderElection148] INFO  segmented.SegmentedRaftLogWorker (SegmentedRaftLogWorker.java:startLogSegment(380)) - f77bfc29-6991-4b1d-a503-f706c83de4fc@group-943D603B2157-SegmentedRaftLogWorker: Starting segment from index:0
2019-09-25 05:06:42,214 [de37f7a0-0375-40a9-a318-404478482fcb@group-907A1360165D:LeaderElection150] INFO  segmented.SegmentedRaftLogWorker (SegmentedRaftLogWorker.java:startLogSegment(380)) - de37f7a0-0375-40a9-a318-404478482fcb@group-907A1360165D-SegmentedRaftLogWorker: Starting segment from index:0
2019-09-25 05:06:42,214 [Thread-1021] INFO  impl.RaftServerImpl (RaftServerImpl.java:setRole(174)) - de37f7a0-0375-40a9-a318-404478482fcb@group-9599B14A66E7: changes role from  FOLLOWER to CANDIDATE at term 0 for changeToCandidate
2019-09-25 05:06:42,214 [Thread-1012] INFO  impl.RoleInfo (RoleInfo.java:updateAndGet(143)) - 56396258-65a3-478c-9482-0be0199dd49c: start LeaderElection
2019-09-25 05:06:42,213 [Thread-1024] INFO  impl.RoleInfo (RoleInfo.java:updateAndGet(143)) - de37f7a0-0375-40a9-a318-404478482fcb: start LeaderElection
2019-09-25 05:06:42,213 [Thread-1027] INFO  impl.RoleInfo (RoleInfo.java:updateAndGet(143)) - 56396258-65a3-478c-9482-0be0199dd49c: start LeaderElection
2019-09-25 05:06:42,213 [Thread-1018] INFO  impl.RoleInfo (RoleInfo.java:updateAndGet(143)) - 36ac27b3-2f11-437d-8f1f-165306b0ff4a: start LeaderElection
2019-09-25 05:06:42,213 [pool-77-thread-1] INFO  impl.RaftServerImpl (RaftServerImpl.java:start(185)) - b4fa7d23-6606-45fd-9544-2b08ca3fa933@group-EA4C7299EB15: start as a follower, conf=-1: [b4fa7d23-6606-45fd-9544-2b08ca3fa933:192.168.30.10:34493], old=null
2019-09-25 05:06:42,213 [de37f7a0-0375-40a9-a318-404478482fcb@group-74433BE8EB19:LeaderElection149] INFO  impl.RoleInfo (RoleInfo.java:updateAndGet(143)) - de37f7a0-0375-40a9-a318-404478482fcb: start LeaderState
2019-09-25 05:06:42,213 [56396258-65a3-478c-9482-0be0199dd49c@group-7B75987BA3EA:LeaderElection153] INFO  server.RaftServerConfigKeys (ConfUtils.java:logGet(43)) - raft.server.rpc.sleep.time = 25ms (default)
2019-09-25 05:06:42,779 [de37f7a0-0375-40a9-a318-404478482fcb@group-74433BE8EB19:LeaderElection149] INFO  segmented.SegmentedRaftLogWorker (SegmentedRaftLogWorker.java:startLogSegment(380)) - de37f7a0-0375-40a9-a318-404478482fcb@group-74433BE8EB19-SegmentedRaftLogWorker: Starting segment from index:0
2019-09-25 05:06:42,779 [pool-77-thread-1] INFO  impl.RaftServerImpl (RaftServerImpl.java:setRole(174)) - b4fa7d23-6606-45fd-9544-2b08ca3fa933@group-EA4C7299EB15: changes role from      null to FOLLOWER at term 0 for startAsFollower
2019-09-25 05:06:42,778 [Thread-1045] WARN  util.JavaUtils (JavaUtils.java:sleep(250)) - Unexpected long sleep: sleep(5098ms) actually took 5431ms which is over the threshold 300ms
2019-09-25 05:06:42,778 [Thread-1048] WARN  util.JavaUtils (JavaUtils.java:sleep(250)) - Unexpected long sleep: sleep(5065ms) actually took 5393ms which is over the threshold 300ms
2019-09-25 05:06:42,778 [56396258-65a3-478c-9482-0be0199dd49c@group-91F3DF1D9994-SegmentedRaftLogWorker] ERROR segmented.SegmentedRaftLogWorker (SegmentedRaftLogWorker.java:run(323)) - 56396258-65a3-478c-9482-0be0199dd49c@group-91F3DF1D9994-SegmentedRaftLogWorker hit exception
java.lang.OutOfMemoryError: Direct buffer memory
	at java.nio.Bits.reserveMemory(Bits.java:666)
	at java.nio.DirectByteBuffer.<init>(DirectByteBuffer.java:123)
	at java.nio.ByteBuffer.allocateDirect(ByteBuffer.java:311)
	at org.apache.ratis.server.raftlog.segmented.BufferedWriteChannel.<init>(BufferedWriteChannel.java:41)
	at org.apache.ratis.server.raftlog.segmented.SegmentedRaftLogOutputStream.<init>(SegmentedRaftLogOutputStream.java:72)
	at org.apache.ratis.server.raftlog.segmented.SegmentedRaftLogWorker$StartLogSegment.execute(SegmentedRaftLogWorker.java:566)
	at org.apache.ratis.server.raftlog.segmented.SegmentedRaftLogWorker.run(SegmentedRaftLogWorker.java:289)
	at java.lang.Thread.run(Thread.java:748)
2019-09-25 05:06:42,778 [36ac27b3-2f11-437d-8f1f-165306b0ff4a@group-91F3DF1D9994-SegmentedRaftLogWorker] ERROR segmented.SegmentedRaftLogWorker (SegmentedRaftLogWorker.java:run(323)) - 36ac27b3-2f11-437d-8f1f-165306b0ff4a@group-91F3DF1D9994-SegmentedRaftLogWorker hit exception
java.lang.OutOfMemoryError: Direct buffer memory
	at java.nio.Bits.reserveMemory(Bits.java:666)
	at java.nio.DirectByteBuffer.<init>(DirectByteBuffer.java:123)
	at java.nio.ByteBuffer.allocateDirect(ByteBuffer.java:311)
	at org.apache.ratis.server.raftlog.segmented.BufferedWriteChannel.<init>(BufferedWriteChannel.java:41)
	at org.apache.ratis.server.raftlog.segmented.SegmentedRaftLogOutputStream.<init>(SegmentedRaftLogOutputStream.java:72)
	at org.apache.ratis.server.raftlog.segmented.SegmentedRaftLogWorker$StartLogSegment.execute(SegmentedRaftLogWorker.java:566)
	at org.apache.ratis.server.raftlog.segmented.SegmentedRaftLogWorker.run(SegmentedRaftLogWorker.java:289)
	at java.lang.Thread.run(Thread.java:748)
2019-09-25 05:06:42,777 [Thread-1051] INFO  impl.FollowerState (FollowerState.java:run(106)) - 36ac27b3-2f11-437d-8f1f-165306b0ff4a:group-363D8F71D846 changes to CANDIDATE, lastRpcTime:5350, electionTimeout:5097ms
2019-09-25 05:06:42,776 [Thread-1054] INFO  impl.FollowerState (FollowerState.java:run(106)) - f77bfc29-6991-4b1d-a503-f706c83de4fc:group-883DC29D19B9 changes to CANDIDATE, lastRpcTime:5307, electionTimeout:5087ms
2019-09-25 05:06:42,775 [Thread-1060] INFO  impl.FollowerState (FollowerState.java:run(106)) - 56396258-65a3-478c-9482-0be0199dd49c:group-9F86D8309F5D changes to CANDIDATE, lastRpcTime:5219, electionTimeout:5035ms
2019-09-25 05:06:42,775 [Thread-1057] INFO  impl.FollowerState (FollowerState.java:run(106)) - 36ac27b3-2f11-437d-8f1f-165306b0ff4a:group-1BEF9D94C117 changes to CANDIDATE, lastRpcTime:5261, electionTimeout:5094ms
2019-09-25 05:06:42,969 [Thread-1060] INFO  impl.RoleInfo (RoleInfo.java:shutdownFollowerState(121)) - 56396258-65a3-478c-9482-0be0199dd49c: shutdown FollowerState
2019-09-25 05:06:42,438 [Thread-1021] INFO  impl.RoleInfo (RoleInfo.java:updateAndGet(143)) - de37f7a0-0375-40a9-a318-404478482fcb: start LeaderElection
2019-09-25 05:06:42,438 [de37f7a0-0375-40a9-a318-404478482fcb@group-907A1360165D:LeaderElection150] INFO  impl.RaftServerImpl (ServerState.java:setRaftConf(354)) - de37f7a0-0375-40a9-a318-404478482fcb@group-907A1360165D: set configuration 0: [de37f7a0-0375-40a9-a318-404478482fcb:192.168.30.10:44522], old=null at 0
2019-09-25 05:06:42,438 [f77bfc29-6991-4b1d-a503-f706c83de4fc@group-943D603B2157:LeaderElection148] INFO  impl.RaftServerImpl (ServerState.java:setRaftConf(354)) - f77bfc29-6991-4b1d-a503-f706c83de4fc@group-943D603B2157: set configuration 0: [f77bfc29-6991-4b1d-a503-f706c83de4fc:192.168.30.10:35112], old=null at 0
2019-09-25 05:06:42,437 [Thread-1030] INFO  impl.FollowerState (FollowerState.java:run(106)) - c8798e02-7f0c-41f7-82c2-a17323bcf21e:group-CA2EC9FE2309 changes to CANDIDATE, lastRpcTime:5302, electionTimeout:5102ms
2019-09-25 05:06:42,433 [Thread-1039] INFO  impl.FollowerState (FollowerState.java:run(106)) - c8798e02-7f0c-41f7-82c2-a17323bcf21e:group-E2AAA7B81356 changes to CANDIDATE, lastRpcTime:5171, electionTimeout:5060ms
2019-09-25 05:06:42,433 [Thread-1036] INFO  impl.FollowerState (FollowerState.java:run(106)) - de37f7a0-0375-40a9-a318-404478482fcb:group-FD0A651E9541 changes to CANDIDATE, lastRpcTime:5213, electionTimeout:5106ms
2019-09-25 05:06:42,431 [Thread-1033] INFO  impl.FollowerState (FollowerState.java:run(106)) - b4fa7d23-6606-45fd-9544-2b08ca3fa933:group-CE384E8B40B3 changes to CANDIDATE, lastRpcTime:5254, electionTimeout:5188ms
2019-09-25 05:06:42,429 [Thread-1042] INFO  impl.FollowerState (FollowerState.java:run(106)) - 56396258-65a3-478c-9482-0be0199dd49c:group-4682414C107C changes to CANDIDATE, lastRpcTime:5123, electionTimeout:5115ms
2019-09-25 05:06:42,215 [de37f7a0-0375-40a9-a318-404478482fcb@group-6F794C7E7E86:LeaderElection152] INFO  impl.RaftServerImpl (ServerState.java:setRaftConf(354)) - de37f7a0-0375-40a9-a318-404478482fcb@group-6F794C7E7E86: set configuration 0: [de37f7a0-0375-40a9-a318-404478482fcb:192.168.30.10:44522], old=null at 0
2019-09-25 05:06:42,215 [Thread-1000] INFO  impl.RoleInfo (RoleInfo.java:updateAndGet(143)) - 36ac27b3-2f11-437d-8f1f-165306b0ff4a: start LeaderElection
2019-09-25 05:06:42,215 [c8798e02-7f0c-41f7-82c2-a17323bcf21e@group-D347DF8354E9:LeaderElection154] INFO  impl.RaftServerImpl (ServerState.java:setLeader(253)) - c8798e02-7f0c-41f7-82c2-a17323bcf21e@group-D347DF8354E9: change Leader from null to c8798e02-7f0c-41f7-82c2-a17323bcf21e at term 1 for becomeLeader, leader elected after 5447ms
2019-09-25 05:06:42,971 [Thread-1042] INFO  impl.RoleInfo (RoleInfo.java:shutdownFollowerState(121)) - 56396258-65a3-478c-9482-0be0199dd49c: shutdown FollowerState
2019-09-25 05:06:42,970 [Thread-1033] INFO  impl.RoleInfo (RoleInfo.java:shutdownFollowerState(121)) - b4fa7d23-6606-45fd-9544-2b08ca3fa933: shutdown FollowerState
2019-09-25 05:06:42,970 [Thread-1036] INFO  impl.RoleInfo (RoleInfo.java:shutdownFollowerState(121)) - de37f7a0-0375-40a9-a318-404478482fcb: shutdown FollowerState
2019-09-25 05:06:42,971 [Thread-1036] INFO  impl.RaftServerImpl (RaftServerImpl.java:setRole(174)) - de37f7a0-0375-40a9-a318-404478482fcb@group-FD0A651E9541: changes role from  FOLLOWER to CANDIDATE at term 0 for changeToCandidate
2019-09-25 05:06:42,970 [Thread-1039] INFO  impl.RoleInfo (RoleInfo.java:shutdownFollowerState(121)) - c8798e02-7f0c-41f7-82c2-a17323bcf21e: shutdown FollowerState
2019-09-25 05:06:42,970 [Thread-1030] INFO  impl.RoleInfo (RoleInfo.java:shutdownFollowerState(121)) - c8798e02-7f0c-41f7-82c2-a17323bcf21e: shutdown FollowerState
2019-09-25 05:06:42,969 [Thread-1060] INFO  impl.RaftServerImpl (RaftServerImpl.java:setRole(174)) - 56396258-65a3-478c-9482-0be0199dd49c@group-9F86D8309F5D: changes role from  FOLLOWER to CANDIDATE at term 0 for changeToCandidate
2019-09-25 05:06:42,969 [Thread-1057] INFO  impl.RoleInfo (RoleInfo.java:shutdownFollowerState(121)) - 36ac27b3-2f11-437d-8f1f-165306b0ff4a: shutdown FollowerState
2019-09-25 05:06:42,972 [Thread-1057] INFO  impl.RaftServerImpl (RaftServerImpl.java:setRole(174)) - 36ac27b3-2f11-437d-8f1f-165306b0ff4a@group-1BEF9D94C117: changes role from  FOLLOWER to CANDIDATE at term 0 for changeToCandidate
2019-09-25 05:06:42,969 [Thread-1054] INFO  impl.RoleInfo (RoleInfo.java:shutdownFollowerState(121)) - f77bfc29-6991-4b1d-a503-f706c83de4fc: shutdown FollowerState
2019-09-25 05:06:42,972 [Thread-1054] INFO  impl.RaftServerImpl (RaftServerImpl.java:setRole(174)) - f77bfc29-6991-4b1d-a503-f706c83de4fc@group-883DC29D19B9: changes role from  FOLLOWER to CANDIDATE at term 0 for changeToCandidate
2019-09-25 05:06:42,969 [Thread-1051] INFO  impl.RoleInfo (RoleInfo.java:shutdownFollowerState(121)) - 36ac27b3-2f11-437d-8f1f-165306b0ff4a: shutdown FollowerState
2019-09-25 05:06:42,969 [36ac27b3-2f11-437d-8f1f-165306b0ff4a@group-91F3DF1D9994-SegmentedRaftLogWorker] INFO  impl.RaftServerImpl (RaftServerImpl.java:lambda$shutdown$3(251)) - 36ac27b3-2f11-437d-8f1f-165306b0ff4a@group-91F3DF1D9994: shutdown
2019-09-25 05:06:42,968 [56396258-65a3-478c-9482-0be0199dd49c@group-91F3DF1D9994-SegmentedRaftLogWorker] INFO  impl.RaftServerImpl (RaftServerImpl.java:lambda$shutdown$3(251)) - 56396258-65a3-478c-9482-0be0199dd49c@group-91F3DF1D9994: shutdown
2019-09-25 05:06:42,968 [pool-77-thread-1] INFO  impl.RoleInfo (RoleInfo.java:updateAndGet(143)) - b4fa7d23-6606-45fd-9544-2b08ca3fa933: start FollowerState
2019-09-25 05:06:42,968 [c8798e02-7f0c-41f7-82c2-a17323bcf21e@group-131819428EE7:LeaderElection159] INFO  impl.LeaderElection (LeaderElection.java:askForVotes(182)) - c8798e02-7f0c-41f7-82c2-a17323bcf21e@group-131819428EE7:LeaderElection159: begin an election at term 1 for -1: [c8798e02-7f0c-41f7-82c2-a17323bcf21e:192.168.30.10:40603], old=null
2019-09-25 05:06:42,968 [36ac27b3-2f11-437d-8f1f-165306b0ff4a@group-5181C418506D:LeaderElection160] INFO  impl.LeaderElection (LeaderElection.java:askForVotes(182)) - 36ac27b3-2f11-437d-8f1f-165306b0ff4a@group-5181C418506D:LeaderElection160: begin an election at term 1 for -1: [36ac27b3-2f11-437d-8f1f-165306b0ff4a:192.168.30.10:45265], old=null
2019-09-25 05:06:42,967 [Thread-1084] INFO  impl.FollowerState (FollowerState.java:run(106)) - de37f7a0-0375-40a9-a318-404478482fcb:group-43B884B10E8C changes to CANDIDATE, lastRpcTime:5036, electionTimeout:5036ms
2019-09-25 05:06:42,967 [Thread-1072] INFO  impl.FollowerState (FollowerState.java:run(106)) - 692224c4-5202-4921-98cc-04d5c60c79cc:group-C6E7FE130C15 changes to CANDIDATE, lastRpcTime:5219, electionTimeout:5093ms
2019-09-25 05:06:42,959 [Thread-1066] INFO  impl.FollowerState (FollowerState.java:run(106)) - 36ac27b3-2f11-437d-8f1f-165306b0ff4a:group-0E4AB3140789 changes to CANDIDATE, lastRpcTime:5298, electionTimeout:5012ms
2019-09-25 05:06:42,957 [Thread-1069] INFO  impl.FollowerState (FollowerState.java:run(106)) - f77bfc29-6991-4b1d-a503-f706c83de4fc:group-AC9D764C8055 changes to CANDIDATE, lastRpcTime:5253, electionTimeout:5045ms
2019-09-25 05:06:42,780 [de37f7a0-0375-40a9-a318-404478482fcb@group-74433BE8EB19:LeaderElection149] INFO  impl.RaftServerImpl (ServerState.java:setRaftConf(354)) - de37f7a0-0375-40a9-a318-404478482fcb@group-74433BE8EB19: set configuration 0: [de37f7a0-0375-40a9-a318-404478482fcb:192.168.30.10:44522], old=null at 0
2019-09-25 05:06:42,780 [Thread-1063] INFO  impl.FollowerState (FollowerState.java:run(106)) - 36ac27b3-2f11-437d-8f1f-165306b0ff4a:group-2775D6089813 changes to CANDIDATE, lastRpcTime:5167, electionTimeout:5156ms
2019-09-25 05:06:42,779 [56396258-65a3-478c-9482-0be0199dd49c@group-7B75987BA3EA:LeaderElection153] INFO  server.RaftServerConfigKeys (ConfUtils.java:logGet(43)) - raft.server.write.element-limit = 4096 (default)
2019-09-25 05:06:42,977 [Thread-1063] INFO  impl.RoleInfo (RoleInfo.java:shutdownFollowerState(121)) - 36ac27b3-2f11-437d-8f1f-165306b0ff4a: shutdown FollowerState
2019-09-25 05:06:42,977 [56396258-65a3-478c-9482-0be0199dd49c@group-7B75987BA3EA:LeaderElection153] INFO  server.RaftServerConfigKeys (ConfUtils.java:logGet(43)) - raft.server.watch.timeout = 10s (default)
2019-09-25 05:06:42,977 [Thread-1069] INFO  impl.RoleInfo (RoleInfo.java:shutdownFollowerState(121)) - f77bfc29-6991-4b1d-a503-f706c83de4fc: shutdown FollowerState
2019-09-25 05:06:42,977 [Thread-1066] INFO  impl.RoleInfo (RoleInfo.java:shutdownFollowerState(121)) - 36ac27b3-2f11-437d-8f1f-165306b0ff4a: shutdown FollowerState
2019-09-25 05:06:42,978 [Thread-1066] INFO  impl.RaftServerImpl (RaftServerImpl.java:setRole(174)) - 36ac27b3-2f11-437d-8f1f-165306b0ff4a@group-0E4AB3140789: changes role from  FOLLOWER to CANDIDATE at term 0 for changeToCandidate
2019-09-25 05:06:42,977 [Thread-1084] INFO  impl.RoleInfo (RoleInfo.java:shutdownFollowerState(121)) - de37f7a0-0375-40a9-a318-404478482fcb: shutdown FollowerState
2019-09-25 05:06:42,978 [Thread-1084] INFO  impl.RaftServerImpl (RaftServerImpl.java:setRole(174)) - de37f7a0-0375-40a9-a318-404478482fcb@group-43B884B10E8C: changes role from  FOLLOWER to CANDIDATE at term 0 for changeToCandidate
2019-09-25 05:06:42,973 [Thread-1072] INFO  impl.RoleInfo (RoleInfo.java:shutdownFollowerState(121)) - 692224c4-5202-4921-98cc-04d5c60c79cc: shutdown FollowerState
2019-09-25 05:06:42,973 [36ac27b3-2f11-437d-8f1f-165306b0ff4a@group-5181C418506D:LeaderElection160] INFO  impl.RoleInfo (RoleInfo.java:shutdownLeaderElection(134)) - 36ac27b3-2f11-437d-8f1f-165306b0ff4a: shutdown LeaderElection
2019-09-25 05:06:42,978 [36ac27b3-2f11-437d-8f1f-165306b0ff4a@group-5181C418506D:LeaderElection160] INFO  impl.RaftServerImpl (RaftServerImpl.java:setRole(174)) - 36ac27b3-2f11-437d-8f1f-165306b0ff4a@group-5181C418506D: changes role from CANDIDATE to LEADER at term 1 for changeToLeader
2019-09-25 05:06:42,973 [pool-77-thread-1] INFO  util.JmxRegister (JmxRegister.java:tryRegister(44)) - Successfully registered JMX Bean with object name Ratis:service=RaftServer,group=group-EA4C7299EB15,id=b4fa7d23-6606-45fd-9544-2b08ca3fa933
2019-09-25 05:06:42,973 [c8798e02-7f0c-41f7-82c2-a17323bcf21e@group-131819428EE7:LeaderElection159] INFO  impl.RoleInfo (RoleInfo.java:shutdownLeaderElection(134)) - c8798e02-7f0c-41f7-82c2-a17323bcf21e: shutdown LeaderElection
2019-09-25 05:06:42,973 [56396258-65a3-478c-9482-0be0199dd49c@group-91F3DF1D9994-SegmentedRaftLogWorker] INFO  util.JmxRegister (JmxRegister.java:unregister(73)) - Successfully un-registered JMX Bean with object name Ratis:service=RaftServer,group=group-91F3DF1D9994,id=56396258-65a3-478c-9482-0be0199dd49c
2019-09-25 05:06:42,973 [36ac27b3-2f11-437d-8f1f-165306b0ff4a@group-91F3DF1D9994-SegmentedRaftLogWorker] INFO  util.JmxRegister (JmxRegister.java:unregister(73)) - Successfully un-registered JMX Bean with object name Ratis:service=RaftServer,group=group-91F3DF1D9994,id=36ac27b3-2f11-437d-8f1f-165306b0ff4a
2019-09-25 05:06:42,972 [Thread-1051] INFO  impl.RaftServerImpl (RaftServerImpl.java:setRole(174)) - 36ac27b3-2f11-437d-8f1f-165306b0ff4a@group-363D8F71D846: changes role from  FOLLOWER to CANDIDATE at term 0 for changeToCandidate
2019-09-25 05:06:42,972 [Thread-1054] INFO  impl.RoleInfo (RoleInfo.java:updateAndGet(143)) - f77bfc29-6991-4b1d-a503-f706c83de4fc: start LeaderElection
2019-09-25 05:06:42,972 [Thread-1057] INFO  impl.RoleInfo (RoleInfo.java:updateAndGet(143)) - 36ac27b3-2f11-437d-8f1f-165306b0ff4a: start LeaderElection
2019-09-25 05:06:42,972 [Thread-1060] INFO  impl.RoleInfo (RoleInfo.java:updateAndGet(143)) - 56396258-65a3-478c-9482-0be0199dd49c: start LeaderElection
2019-09-25 05:06:42,972 [Thread-1030] INFO  impl.RaftServerImpl (RaftServerImpl.java:setRole(174)) - c8798e02-7f0c-41f7-82c2-a17323bcf21e@group-CA2EC9FE2309: changes role from  FOLLOWER to CANDIDATE at term 0 for changeToCandidate
2019-09-25 05:06:42,972 [Thread-1036] INFO  impl.RoleInfo (RoleInfo.java:updateAndGet(143)) - de37f7a0-0375-40a9-a318-404478482fcb: start LeaderElection
2019-09-25 05:06:42,972 [Thread-1039] INFO  impl.RaftServerImpl (RaftServerImpl.java:setRole(174)) - c8798e02-7f0c-41f7-82c2-a17323bcf21e@group-E2AAA7B81356: changes role from  FOLLOWER to CANDIDATE at term 0 for changeToCandidate
2019-09-25 05:06:42,971 [Thread-1033] INFO  impl.RaftServerImpl (RaftServerImpl.java:setRole(174)) - b4fa7d23-6606-45fd-9544-2b08ca3fa933@group-CE384E8B40B3: changes role from  FOLLOWER to CANDIDATE at term 0 for changeToCandidate
2019-09-25 05:06:42,971 [Thread-1042] INFO  impl.RaftServerImpl (RaftServerImpl.java:setRole(174)) - 56396258-65a3-478c-9482-0be0199dd49c@group-4682414C107C: changes role from  FOLLOWER to CANDIDATE at term 0 for changeToCandidate
2019-09-25 05:06:42,971 [c8798e02-7f0c-41f7-82c2-a17323bcf21e@group-D347DF8354E9:LeaderElection154] INFO  server.RaftServerConfigKeys (ConfUtils.java:logGet(43)) - raft.server.staging.catchup.gap = 1000 (default)
2019-09-25 05:06:42,980 [Thread-1042] INFO  impl.RoleInfo (RoleInfo.java:updateAndGet(143)) - 56396258-65a3-478c-9482-0be0199dd49c: start LeaderElection
2019-09-25 05:06:42,980 [Thread-1039] INFO  impl.RoleInfo (RoleInfo.java:updateAndGet(143)) - c8798e02-7f0c-41f7-82c2-a17323bcf21e: start LeaderElection
2019-09-25 05:06:42,980 [Thread-1033] INFO  impl.RoleInfo (RoleInfo.java:updateAndGet(143)) - b4fa7d23-6606-45fd-9544-2b08ca3fa933: start LeaderElection
2019-09-25 05:06:42,980 [Thread-1030] INFO  impl.RoleInfo (RoleInfo.java:updateAndGet(143)) - c8798e02-7f0c-41f7-82c2-a17323bcf21e: start LeaderElection
2019-09-25 05:06:42,979 [Thread-1051] INFO  impl.RoleInfo (RoleInfo.java:updateAndGet(143)) - 36ac27b3-2f11-437d-8f1f-165306b0ff4a: start LeaderElection
2019-09-25 05:06:42,979 [36ac27b3-2f11-437d-8f1f-165306b0ff4a@group-91F3DF1D9994-SegmentedRaftLogWorker] INFO  impl.RoleInfo (RoleInfo.java:shutdownFollowerState(121)) - 36ac27b3-2f11-437d-8f1f-165306b0ff4a: shutdown FollowerState
2019-09-25 05:06:42,979 [56396258-65a3-478c-9482-0be0199dd49c@group-91F3DF1D9994-SegmentedRaftLogWorker] INFO  impl.RoleInfo (RoleInfo.java:shutdownFollowerState(121)) - 56396258-65a3-478c-9482-0be0199dd49c: shutdown FollowerState
2019-09-25 05:06:42,979 [c8798e02-7f0c-41f7-82c2-a17323bcf21e@group-131819428EE7:LeaderElection159] INFO  impl.RaftServerImpl (RaftServerImpl.java:setRole(174)) - c8798e02-7f0c-41f7-82c2-a17323bcf21e@group-131819428EE7: changes role from CANDIDATE to LEADER at term 1 for changeToLeader
2019-09-25 05:06:42,978 [36ac27b3-2f11-437d-8f1f-165306b0ff4a@group-5181C418506D:LeaderElection160] INFO  impl.RaftServerImpl (ServerState.java:setLeader(253)) - 36ac27b3-2f11-437d-8f1f-165306b0ff4a@group-5181C418506D: change Leader from null to 36ac27b3-2f11-437d-8f1f-165306b0ff4a at term 1 for becomeLeader, leader elected after 6147ms
2019-09-25 05:06:42,982 [56396258-65a3-478c-9482-0be0199dd49c@group-629F40061B83:LeaderElection156] INFO  impl.LeaderElection (LeaderElection.java:askForVotes(182)) - 56396258-65a3-478c-9482-0be0199dd49c@group-629F40061B83:LeaderElection156: begin an election at term 1 for -1: [56396258-65a3-478c-9482-0be0199dd49c:192.168.30.10:41678], old=null
2019-09-25 05:06:42,978 [Thread-1072] INFO  impl.RaftServerImpl (RaftServerImpl.java:setRole(174)) - 692224c4-5202-4921-98cc-04d5c60c79cc@group-C6E7FE130C15: changes role from  FOLLOWER to CANDIDATE at term 0 for changeToCandidate
2019-09-25 05:06:42,978 [Thread-1084] INFO  impl.RoleInfo (RoleInfo.java:updateAndGet(143)) - de37f7a0-0375-40a9-a318-404478482fcb: start LeaderElection
2019-09-25 05:06:42,978 [Thread-1066] INFO  impl.RoleInfo (RoleInfo.java:updateAndGet(143)) - 36ac27b3-2f11-437d-8f1f-165306b0ff4a: start LeaderElection
2019-09-25 05:06:42,977 [Thread-1069] INFO  impl.RaftServerImpl (RaftServerImpl.java:setRole(174)) - f77bfc29-6991-4b1d-a503-f706c83de4fc@group-AC9D764C8055: changes role from  FOLLOWER to CANDIDATE at term 0 for changeToCandidate
2019-09-25 05:06:42,977 [56396258-65a3-478c-9482-0be0199dd49c@group-7B75987BA3EA:LeaderElection153] INFO  server.RaftServerConfigKeys (ConfUtils.java:logGet(43)) - raft.server.watch.timeout.denomination = 1s (default)
2019-09-25 05:06:42,977 [Thread-1063] INFO  impl.RaftServerImpl (RaftServerImpl.java:setRole(174)) - 36ac27b3-2f11-437d-8f1f-165306b0ff4a@group-2775D6089813: changes role from  FOLLOWER to CANDIDATE at term 0 for changeToCandidate
2019-09-25 05:06:42,983 [56396258-65a3-478c-9482-0be0199dd49c@group-7B75987BA3EA:LeaderElection153] INFO  server.RaftServerConfigKeys (ConfUtils.java:logGet(43)) - raft.server.watch.element-limit = 65536 (default)
2019-09-25 05:06:42,983 [Thread-1069] INFO  impl.RoleInfo (RoleInfo.java:updateAndGet(143)) - f77bfc29-6991-4b1d-a503-f706c83de4fc: start LeaderElection
2019-09-25 05:06:42,982 [Thread-1072] INFO  impl.RoleInfo (RoleInfo.java:updateAndGet(143)) - 692224c4-5202-4921-98cc-04d5c60c79cc: start LeaderElection
2019-09-25 05:06:42,982 [Thread-1191] INFO  impl.FollowerState (FollowerState.java:run(115)) - 56396258-65a3-478c-9482-0be0199dd49c: FollowerState was interrupted: java.lang.InterruptedException: sleep interrupted
2019-09-25 05:06:42,982 [56396258-65a3-478c-9482-0be0199dd49c@group-629F40061B83:LeaderElection156] INFO  impl.RoleInfo (RoleInfo.java:shutdownLeaderElection(134)) - 56396258-65a3-478c-9482-0be0199dd49c: shutdown LeaderElection
2019-09-25 05:06:42,982 [Thread-1189] INFO  impl.FollowerState (FollowerState.java:run(115)) - 36ac27b3-2f11-437d-8f1f-165306b0ff4a: FollowerState was interrupted: java.lang.InterruptedException: sleep interrupted
2019-09-25 05:06:42,982 [36ac27b3-2f11-437d-8f1f-165306b0ff4a@group-5181C418506D:LeaderElection160] INFO  server.RaftServerConfigKeys (ConfUtils.java:logGet(43)) - raft.server.staging.catchup.gap = 1000 (default)
2019-09-25 05:06:42,982 [de37f7a0-0375-40a9-a318-404478482fcb@group-63B93C010E28:LeaderElection157] INFO  impl.LeaderElection (LeaderElection.java:askForVotes(182)) - de37f7a0-0375-40a9-a318-404478482fcb@group-63B93C010E28:LeaderElection157: begin an election at term 1 for -1: [de37f7a0-0375-40a9-a318-404478482fcb:192.168.30.10:44522], old=null
2019-09-25 05:06:42,982 [36ac27b3-2f11-437d-8f1f-165306b0ff4a@group-91F3DF1D9994-SegmentedRaftLogWorker] INFO  impl.StateMachineUpdater (StateMachineUpdater.java:stopAndJoin(125)) - 36ac27b3-2f11-437d-8f1f-165306b0ff4a@group-91F3DF1D9994-StateMachineUpdater: set stopIndex = -1
2019-09-25 05:06:42,982 [56396258-65a3-478c-9482-0be0199dd49c@group-91F3DF1D9994-SegmentedRaftLogWorker] INFO  impl.StateMachineUpdater (StateMachineUpdater.java:stopAndJoin(125)) - 56396258-65a3-478c-9482-0be0199dd49c@group-91F3DF1D9994-StateMachineUpdater: set stopIndex = -1
2019-09-25 05:06:42,984 [56396258-65a3-478c-9482-0be0199dd49c@group-91F3DF1D9994-SegmentedRaftLogWorker] INFO  impl.RaftServerImpl (ServerState.java:close(385)) - 56396258-65a3-478c-9482-0be0199dd49c@group-91F3DF1D9994: closes. applyIndex: -1
2019-09-25 05:06:42,982 [36ac27b3-2f11-437d-8f1f-165306b0ff4a@group-A2E6AEF067B1:LeaderElection155] INFO  impl.LeaderElection (LeaderElection.java:askForVotes(182)) - 36ac27b3-2f11-437d-8f1f-165306b0ff4a@group-A2E6AEF067B1:LeaderElection155: begin an election at term 1 for -1: [36ac27b3-2f11-437d-8f1f-165306b0ff4a:192.168.30.10:45265], old=null
2019-09-25 05:06:42,982 [56396258-65a3-478c-9482-0be0199dd49c@group-4F3116BF037B:LeaderElection158] INFO  impl.LeaderElection (LeaderElection.java:askForVotes(182)) - 56396258-65a3-478c-9482-0be0199dd49c@group-4F3116BF037B:LeaderElection158: begin an election at term 1 for -1: [56396258-65a3-478c-9482-0be0199dd49c:192.168.30.10:41678], old=null
2019-09-25 05:06:42,985 [56396258-65a3-478c-9482-0be0199dd49c@group-4F3116BF037B:LeaderElection158] INFO  impl.RoleInfo (RoleInfo.java:shutdownLeaderElection(134)) - 56396258-65a3-478c-9482-0be0199dd49c: shutdown LeaderElection
2019-09-25 05:06:42,982 [de37f7a0-0375-40a9-a318-404478482fcb@group-9599B14A66E7:LeaderElection162] INFO  impl.LeaderElection (LeaderElection.java:askForVotes(182)) - de37f7a0-0375-40a9-a318-404478482fcb@group-9599B14A66E7:LeaderElection162: begin an election at term 1 for -1: [de37f7a0-0375-40a9-a318-404478482fcb:192.168.30.10:44522], old=null
2019-09-25 05:06:42,982 [36ac27b3-2f11-437d-8f1f-165306b0ff4a@group-B8D00B1B54D6:LeaderElection161] INFO  impl.LeaderElection (LeaderElection.java:askForVotes(182)) - 36ac27b3-2f11-437d-8f1f-165306b0ff4a@group-B8D00B1B54D6:LeaderElection161: begin an election at term 1 for -1: [36ac27b3-2f11-437d-8f1f-165306b0ff4a:192.168.30.10:45265], old=null
2019-09-25 05:06:42,982 [c8798e02-7f0c-41f7-82c2-a17323bcf21e@group-131819428EE7:LeaderElection159] INFO  impl.RaftServerImpl (ServerState.java:setLeader(253)) - c8798e02-7f0c-41f7-82c2-a17323bcf21e@group-131819428EE7: change Leader from null to c8798e02-7f0c-41f7-82c2-a17323bcf21e at term 1 for becomeLeader, leader elected after 6064ms
2019-09-25 05:06:42,980 [c8798e02-7f0c-41f7-82c2-a17323bcf21e@group-D347DF8354E9:LeaderElection154] INFO  server.RaftServerConfigKeys (ConfUtils.java:logGet(43)) - raft.server.rpc.sleep.time = 25ms (default)
2019-09-25 05:06:42,985 [c8798e02-7f0c-41f7-82c2-a17323bcf21e@group-131819428EE7:LeaderElection159] INFO  server.RaftServerConfigKeys (ConfUtils.java:logGet(43)) - raft.server.staging.catchup.gap = 1000 (default)
2019-09-25 05:06:42,985 [36ac27b3-2f11-437d-8f1f-165306b0ff4a@group-B8D00B1B54D6:LeaderElection161] INFO  impl.RoleInfo (RoleInfo.java:shutdownLeaderElection(134)) - 36ac27b3-2f11-437d-8f1f-165306b0ff4a: shutdown LeaderElection
2019-09-25 05:06:42,985 [de37f7a0-0375-40a9-a318-404478482fcb@group-9599B14A66E7:LeaderElection162] INFO  impl.RoleInfo (RoleInfo.java:shutdownLeaderElection(134)) - de37f7a0-0375-40a9-a318-404478482fcb: shutdown LeaderElection
2019-09-25 05:06:42,985 [56396258-65a3-478c-9482-0be0199dd49c@group-4F3116BF037B:LeaderElection158] INFO  impl.RaftServerImpl (RaftServerImpl.java:setRole(174)) - 56396258-65a3-478c-9482-0be0199dd49c@group-4F3116BF037B: changes role from CANDIDATE to LEADER at term 1 for changeToLeader
2019-09-25 05:06:42,985 [36ac27b3-2f11-437d-8f1f-165306b0ff4a@group-A2E6AEF067B1:LeaderElection155] INFO  impl.RoleInfo (RoleInfo.java:shutdownLeaderElection(134)) - 36ac27b3-2f11-437d-8f1f-165306b0ff4a: shutdown LeaderElection
2019-09-25 05:06:42,985 [56396258-65a3-478c-9482-0be0199dd49c@group-91F3DF1D9994-SegmentedRaftLogWorker] INFO  segmented.SegmentedRaftLogWorker (SegmentedRaftLogWorker.java:close(228)) - 56396258-65a3-478c-9482-0be0199dd49c@group-91F3DF1D9994-SegmentedRaftLogWorker close()
2019-09-25 05:06:42,984 [36ac27b3-2f11-437d-8f1f-165306b0ff4a@group-91F3DF1D9994-SegmentedRaftLogWorker] INFO  impl.RaftServerImpl (ServerState.java:close(385)) - 36ac27b3-2f11-437d-8f1f-165306b0ff4a@group-91F3DF1D9994: closes. applyIndex: -1
2019-09-25 05:06:42,984 [RatisPipelineUtilsThread] INFO  pipeline.PipelineStateManager (PipelineStateManager.java:addPipeline(56)) - Created pipeline Pipeline[ Id: bd717dc1-0c83-4a07-af41-ea4c7299eb15, Nodes: b4fa7d23-6606-45fd-9544-2b08ca3fa933{ip: 192.168.30.10, host: pr-hdds-1569-s62bp-3040748787, networkLocation: /default-rack, certSerialId: null}, Type:RATIS, Factor:ONE, State:OPEN]
2019-09-25 05:06:42,984 [de37f7a0-0375-40a9-a318-404478482fcb@group-63B93C010E28:LeaderElection157] INFO  impl.RoleInfo (RoleInfo.java:shutdownLeaderElection(134)) - de37f7a0-0375-40a9-a318-404478482fcb: shutdown LeaderElection
2019-09-25 05:06:42,984 [36ac27b3-2f11-437d-8f1f-165306b0ff4a@group-5181C418506D:LeaderElection160] INFO  server.RaftServerConfigKeys (ConfUtils.java:logGet(43)) - raft.server.rpc.sleep.time = 25ms (default)
2019-09-25 05:06:42,984 [56396258-65a3-478c-9482-0be0199dd49c@group-629F40061B83:LeaderElection156] INFO  impl.RaftServerImpl (RaftServerImpl.java:setRole(174)) - 56396258-65a3-478c-9482-0be0199dd49c@group-629F40061B83: changes role from CANDIDATE to LEADER at term 1 for changeToLeader
2019-09-25 05:06:42,987 [56396258-65a3-478c-9482-0be0199dd49c@group-629F40061B83:LeaderElection156] INFO  impl.RaftServerImpl (ServerState.java:setLeader(253)) - 56396258-65a3-478c-9482-0be0199dd49c@group-629F40061B83: change Leader from null to 56396258-65a3-478c-9482-0be0199dd49c at term 1 for becomeLeader, leader elected after 5900ms
2019-09-25 05:06:42,983 [Thread-1063] INFO  impl.RoleInfo (RoleInfo.java:updateAndGet(143)) - 36ac27b3-2f11-437d-8f1f-165306b0ff4a: start LeaderElection
2019-09-25 05:06:42,987 [56396258-65a3-478c-9482-0be0199dd49c@group-629F40061B83:LeaderElection156] INFO  server.RaftServerConfigKeys (ConfUtils.java:logGet(43)) - raft.server.staging.catchup.gap = 1000 (default)
2019-09-25 05:06:42,987 [36ac27b3-2f11-437d-8f1f-165306b0ff4a@group-5181C418506D:LeaderElection160] INFO  server.RaftServerConfigKeys (ConfUtils.java:logGet(43)) - raft.server.write.element-limit = 4096 (default)
2019-09-25 05:06:42,987 [de37f7a0-0375-40a9-a318-404478482fcb@group-63B93C010E28:LeaderElection157] INFO  impl.RaftServerImpl (RaftServerImpl.java:setRole(174)) - de37f7a0-0375-40a9-a318-404478482fcb@group-63B93C010E28: changes role from CANDIDATE to LEADER at term 1 for changeToLeader
2019-09-25 05:06:42,986 [36ac27b3-2f11-437d-8f1f-165306b0ff4a@group-91F3DF1D9994-SegmentedRaftLogWorker] INFO  segmented.SegmentedRaftLogWorker (SegmentedRaftLogWorker.java:close(228)) - 36ac27b3-2f11-437d-8f1f-165306b0ff4a@group-91F3DF1D9994-SegmentedRaftLogWorker close()
2019-09-25 05:06:42,986 [36ac27b3-2f11-437d-8f1f-165306b0ff4a@group-A2E6AEF067B1:LeaderElection155] INFO  impl.RaftServerImpl (RaftServerImpl.java:setRole(174)) - 36ac27b3-2f11-437d-8f1f-165306b0ff4a@group-A2E6AEF067B1: changes role from CANDIDATE to LEADER at term 1 for changeToLeader
2019-09-25 05:06:42,986 [56396258-65a3-478c-9482-0be0199dd49c@group-4F3116BF037B:LeaderElection158] INFO  impl.RaftServerImpl (ServerState.java:setLeader(253)) - 56396258-65a3-478c-9482-0be0199dd49c@group-4F3116BF037B: change Leader from null to 56396258-65a3-478c-9482-0be0199dd49c at term 1 for becomeLeader, leader elected after 6112ms
2019-09-25 05:06:42,986 [de37f7a0-0375-40a9-a318-404478482fcb@group-9599B14A66E7:LeaderElection162] INFO  impl.RaftServerImpl (RaftServerImpl.java:setRole(174)) - de37f7a0-0375-40a9-a318-404478482fcb@group-9599B14A66E7: changes role from CANDIDATE to LEADER at term 1 for changeToLeader
2019-09-25 05:06:42,986 [36ac27b3-2f11-437d-8f1f-165306b0ff4a@group-B8D00B1B54D6:LeaderElection161] INFO  impl.RaftServerImpl (RaftServerImpl.java:setRole(174)) - 36ac27b3-2f11-437d-8f1f-165306b0ff4a@group-B8D00B1B54D6: changes role from CANDIDATE to LEADER at term 1 for changeToLeader
2019-09-25 05:06:42,985 [c8798e02-7f0c-41f7-82c2-a17323bcf21e@group-131819428EE7:LeaderElection159] INFO  server.RaftServerConfigKeys (ConfUtils.java:logGet(43)) - raft.server.rpc.sleep.time = 25ms (default)
2019-09-25 05:06:42,985 [c8798e02-7f0c-41f7-82c2-a17323bcf21e@group-D347DF8354E9:LeaderElection154] INFO  server.RaftServerConfigKeys (ConfUtils.java:logGet(43)) - raft.server.write.element-limit = 4096 (default)
2019-09-25 05:06:42,985 [56396258-65a3-478c-9482-0be0199dd49c@group-7B75987BA3EA:LeaderElection153] INFO  impl.RoleInfo (RoleInfo.java:updateAndGet(143)) - 56396258-65a3-478c-9482-0be0199dd49c: start LeaderState
2019-09-25 05:06:42,988 [c8798e02-7f0c-41f7-82c2-a17323bcf21e@group-D347DF8354E9:LeaderElection154] INFO  server.RaftServerConfigKeys (ConfUtils.java:logGet(43)) - raft.server.watch.timeout = 10s (default)
2019-09-25 05:06:42,988 [c8798e02-7f0c-41f7-82c2-a17323bcf21e@group-131819428EE7:LeaderElection159] INFO  server.RaftServerConfigKeys (ConfUtils.java:logGet(43)) - raft.server.write.element-limit = 4096 (default)
2019-09-25 05:06:42,988 [36ac27b3-2f11-437d-8f1f-165306b0ff4a@group-B8D00B1B54D6:LeaderElection161] INFO  impl.RaftServerImpl (ServerState.java:setLeader(253)) - 36ac27b3-2f11-437d-8f1f-165306b0ff4a@group-B8D00B1B54D6: change Leader from null to 36ac27b3-2f11-437d-8f1f-165306b0ff4a at term 1 for becomeLeader, leader elected after 6254ms
2019-09-25 05:06:42,988 [de37f7a0-0375-40a9-a318-404478482fcb@group-9599B14A66E7:LeaderElection162] INFO  impl.RaftServerImpl (ServerState.java:setLeader(253)) - de37f7a0-0375-40a9-a318-404478482fcb@group-9599B14A66E7: change Leader from null to de37f7a0-0375-40a9-a318-404478482fcb at term 1 for becomeLeader, leader elected after 5982ms
2019-09-25 05:06:42,988 [56396258-65a3-478c-9482-0be0199dd49c@group-4F3116BF037B:LeaderElection158] INFO  server.RaftServerConfigKeys (ConfUtils.java:logGet(43)) - raft.server.staging.catchup.gap = 1000 (default)
2019-09-25 05:06:42,988 [36ac27b3-2f11-437d-8f1f-165306b0ff4a@group-A2E6AEF067B1:LeaderElection155] INFO  impl.RaftServerImpl (ServerState.java:setLeader(253)) - 36ac27b3-2f11-437d-8f1f-165306b0ff4a@group-A2E6AEF067B1: change Leader from null to 36ac27b3-2f11-437d-8f1f-165306b0ff4a at term 1 for becomeLeader, leader elected after 6026ms
2019-09-25 05:06:42,987 [de37f7a0-0375-40a9-a318-404478482fcb@group-63B93C010E28:LeaderElection157] INFO  impl.RaftServerImpl (ServerState.java:setLeader(253)) - de37f7a0-0375-40a9-a318-404478482fcb@group-63B93C010E28: change Leader from null to de37f7a0-0375-40a9-a318-404478482fcb at term 1 for becomeLeader, leader elected after 5939ms
2019-09-25 05:06:42,987 [36ac27b3-2f11-437d-8f1f-165306b0ff4a@group-5181C418506D:LeaderElection160] INFO  server.RaftServerConfigKeys (ConfUtils.java:logGet(43)) - raft.server.watch.timeout = 10s (default)
2019-09-25 05:06:42,987 [56396258-65a3-478c-9482-0be0199dd49c@group-629F40061B83:LeaderElection156] INFO  server.RaftServerConfigKeys (ConfUtils.java:logGet(43)) - raft.server.rpc.sleep.time = 25ms (default)
2019-09-25 05:06:42,990 [36ac27b3-2f11-437d-8f1f-165306b0ff4a@group-5181C418506D:LeaderElection160] INFO  server.RaftServerConfigKeys (ConfUtils.java:logGet(43)) - raft.server.watch.timeout.denomination = 1s (default)
2019-09-25 05:06:42,990 [de37f7a0-0375-40a9-a318-404478482fcb@group-63B93C010E28:LeaderElection157] INFO  server.RaftServerConfigKeys (ConfUtils.java:logGet(43)) - raft.server.staging.catchup.gap = 1000 (default)
2019-09-25 05:06:42,989 [36ac27b3-2f11-437d-8f1f-165306b0ff4a@group-A2E6AEF067B1:LeaderElection155] INFO  server.RaftServerConfigKeys (ConfUtils.java:logGet(43)) - raft.server.staging.catchup.gap = 1000 (default)
2019-09-25 05:06:42,989 [56396258-65a3-478c-9482-0be0199dd49c@group-4F3116BF037B:LeaderElection158] INFO  server.RaftServerConfigKeys (ConfUtils.java:logGet(43)) - raft.server.rpc.sleep.time = 25ms (default)
2019-09-25 05:06:42,989 [de37f7a0-0375-40a9-a318-404478482fcb@group-9599B14A66E7:LeaderElection162] INFO  server.RaftServerConfigKeys (ConfUtils.java:logGet(43)) - raft.server.staging.catchup.gap = 1000 (default)
2019-09-25 05:06:42,989 [36ac27b3-2f11-437d-8f1f-165306b0ff4a@group-B8D00B1B54D6:LeaderElection161] INFO  server.RaftServerConfigKeys (ConfUtils.java:logGet(43)) - raft.server.staging.catchup.gap = 1000 (default)
2019-09-25 05:06:42,989 [c8798e02-7f0c-41f7-82c2-a17323bcf21e@group-131819428EE7:LeaderElection159] INFO  server.RaftServerConfigKeys (ConfUtils.java:logGet(43)) - raft.server.watch.timeout = 10s (default)
2019-09-25 05:06:42,989 [c8798e02-7f0c-41f7-82c2-a17323bcf21e@group-D347DF8354E9:LeaderElection154] INFO  server.RaftServerConfigKeys (ConfUtils.java:logGet(43)) - raft.server.watch.timeout.denomination = 1s (default)
2019-09-25 05:06:42,989 [56396258-65a3-478c-9482-0be0199dd49c@group-7B75987BA3EA:LeaderElection153] INFO  segmented.SegmentedRaftLogWorker (SegmentedRaftLogWorker.java:startLogSegment(380)) - 56396258-65a3-478c-9482-0be0199dd49c@group-7B75987BA3EA-SegmentedRaftLogWorker: Starting segment from index:0
2019-09-25 05:06:42,991 [c8798e02-7f0c-41f7-82c2-a17323bcf21e@group-D347DF8354E9:LeaderElection154] INFO  server.RaftServerConfigKeys (ConfUtils.java:logGet(43)) - raft.server.watch.element-limit = 65536 (default)
2019-09-25 05:06:42,991 [c8798e02-7f0c-41f7-82c2-a17323bcf21e@group-131819428EE7:LeaderElection159] INFO  server.RaftServerConfigKeys (ConfUtils.java:logGet(43)) - raft.server.watch.timeout.denomination = 1s (default)
2019-09-25 05:06:42,991 [c8798e02-7f0c-41f7-82c2-a17323bcf21e@group-131819428EE7:LeaderElection159] INFO  server.RaftServerConfigKeys (ConfUtils.java:logGet(43)) - raft.server.watch.element-limit = 65536 (default)
2019-09-25 05:06:42,990 [36ac27b3-2f11-437d-8f1f-165306b0ff4a@group-B8D00B1B54D6:LeaderElection161] INFO  server.RaftServerConfigKeys (ConfUtils.java:logGet(43)) - raft.server.rpc.sleep.time = 25ms (default)
2019-09-25 05:06:42,990 [de37f7a0-0375-40a9-a318-404478482fcb@group-9599B14A66E7:LeaderElection162] INFO  server.RaftServerConfigKeys (ConfUtils.java:logGet(43)) - raft.server.rpc.sleep.time = 25ms (default)
2019-09-25 05:06:43,289 [36ac27b3-2f11-437d-8f1f-165306b0ff4a@group-B8D00B1B54D6:LeaderElection161] INFO  server.RaftServerConfigKeys (ConfUtils.java:logGet(43)) - raft.server.write.element-limit = 4096 (default)
2019-09-25 05:06:42,990 [56396258-65a3-478c-9482-0be0199dd49c@group-4F3116BF037B:LeaderElection158] INFO  server.RaftServerConfigKeys (ConfUtils.java:logGet(43)) - raft.server.write.element-limit = 4096 (default)
2019-09-25 05:06:42,990 [36ac27b3-2f11-437d-8f1f-165306b0ff4a@group-A2E6AEF067B1:LeaderElection155] INFO  server.RaftServerConfigKeys (ConfUtils.java:logGet(43)) - raft.server.rpc.sleep.time = 25ms (default)
2019-09-25 05:06:42,990 [de37f7a0-0375-40a9-a318-404478482fcb@group-63B93C010E28:LeaderElection157] INFO  server.RaftServerConfigKeys (ConfUtils.java:logGet(43)) - raft.server.rpc.sleep.time = 25ms (default)
2019-09-25 05:06:42,990 [36ac27b3-2f11-437d-8f1f-165306b0ff4a@group-5181C418506D:LeaderElection160] INFO  server.RaftServerConfigKeys (ConfUtils.java:logGet(43)) - raft.server.watch.element-limit = 65536 (default)
2019-09-25 05:06:42,990 [56396258-65a3-478c-9482-0be0199dd49c@group-629F40061B83:LeaderElection156] INFO  server.RaftServerConfigKeys (ConfUtils.java:logGet(43)) - raft.server.write.element-limit = 4096 (default)
2019-09-25 05:06:43,290 [de37f7a0-0375-40a9-a318-404478482fcb@group-63B93C010E28:LeaderElection157] INFO  server.RaftServerConfigKeys (ConfUtils.java:logGet(43)) - raft.server.write.element-limit = 4096 (default)
2019-09-25 05:06:43,289 [36ac27b3-2f11-437d-8f1f-165306b0ff4a@group-A2E6AEF067B1:LeaderElection155] INFO  server.RaftServerConfigKeys (ConfUtils.java:logGet(43)) - raft.server.write.element-limit = 4096 (default)
2019-09-25 05:06:43,289 [56396258-65a3-478c-9482-0be0199dd49c@group-4F3116BF037B:LeaderElection158] INFO  server.RaftServerConfigKeys (ConfUtils.java:logGet(43)) - raft.server.watch.timeout = 10s (default)
2019-09-25 05:06:43,289 [36ac27b3-2f11-437d-8f1f-165306b0ff4a@group-B8D00B1B54D6:LeaderElection161] INFO  server.RaftServerConfigKeys (ConfUtils.java:logGet(43)) - raft.server.watch.timeout = 10s (default)
2019-09-25 05:06:43,289 [de37f7a0-0375-40a9-a318-404478482fcb@group-9599B14A66E7:LeaderElection162] INFO  server.RaftServerConfigKeys (ConfUtils.java:logGet(43)) - raft.server.write.element-limit = 4096 (default)
2019-09-25 05:06:43,288 [36ac27b3-2f11-437d-8f1f-165306b0ff4a@group-363D8F71D846:LeaderElection169] INFO  impl.LeaderElection (LeaderElection.java:askForVotes(182)) - 36ac27b3-2f11-437d-8f1f-165306b0ff4a@group-363D8F71D846:LeaderElection169: begin an election at term 1 for -1: [36ac27b3-2f11-437d-8f1f-165306b0ff4a:192.168.30.10:45265], old=null
2019-09-25 05:06:43,288 [f77bfc29-6991-4b1d-a503-f706c83de4fc@group-AC9D764C8055:LeaderElection175] INFO  impl.LeaderElection (LeaderElection.java:askForVotes(182)) - f77bfc29-6991-4b1d-a503-f706c83de4fc@group-AC9D764C8055:LeaderElection175: begin an election at term 1 for -1: [f77bfc29-6991-4b1d-a503-f706c83de4fc:192.168.30.10:35112], old=null
2019-09-25 05:06:43,288 [56396258-65a3-478c-9482-0be0199dd49c@group-4682414C107C:LeaderElection173] INFO  impl.LeaderElection (LeaderElection.java:askForVotes(182)) - 56396258-65a3-478c-9482-0be0199dd49c@group-4682414C107C:LeaderElection173: begin an election at term 1 for -1: [56396258-65a3-478c-9482-0be0199dd49c:192.168.30.10:41678], old=null
2019-09-25 05:06:43,288 [692224c4-5202-4921-98cc-04d5c60c79cc@group-C6E7FE130C15:LeaderElection174] INFO  impl.LeaderElection (LeaderElection.java:askForVotes(182)) - 692224c4-5202-4921-98cc-04d5c60c79cc@group-C6E7FE130C15:LeaderElection174: begin an election at term 1 for -1: [692224c4-5202-4921-98cc-04d5c60c79cc:192.168.30.10:38144], old=null
2019-09-25 05:06:43,288 [36ac27b3-2f11-437d-8f1f-165306b0ff4a@group-2775D6089813:LeaderElection176] INFO  impl.LeaderElection (LeaderElection.java:askForVotes(182)) - 36ac27b3-2f11-437d-8f1f-165306b0ff4a@group-2775D6089813:LeaderElection176: begin an election at term 1 for -1: [36ac27b3-2f11-437d-8f1f-165306b0ff4a:192.168.30.10:45265], old=null
2019-09-25 05:06:43,291 [36ac27b3-2f11-437d-8f1f-165306b0ff4a@group-2775D6089813:LeaderElection176] INFO  impl.RoleInfo (RoleInfo.java:shutdownLeaderElection(134)) - 36ac27b3-2f11-437d-8f1f-165306b0ff4a: shutdown LeaderElection
2019-09-25 05:06:43,288 [36ac27b3-2f11-437d-8f1f-165306b0ff4a@group-1BEF9D94C117:LeaderElection165] INFO  impl.LeaderElection (LeaderElection.java:askForVotes(182)) - 36ac27b3-2f11-437d-8f1f-165306b0ff4a@group-1BEF9D94C117:LeaderElection165: begin an election at term 1 for -1: [36ac27b3-2f11-437d-8f1f-165306b0ff4a:192.168.30.10:45265], old=null
2019-09-25 05:06:43,292 [36ac27b3-2f11-437d-8f1f-165306b0ff4a@group-1BEF9D94C117:LeaderElection165] INFO  impl.RoleInfo (RoleInfo.java:shutdownLeaderElection(134)) - 36ac27b3-2f11-437d-8f1f-165306b0ff4a: shutdown LeaderElection
2019-09-25 05:06:43,288 [36ac27b3-2f11-437d-8f1f-165306b0ff4a@group-0E4AB3140789:LeaderElection167] INFO  impl.LeaderElection (LeaderElection.java:askForVotes(182)) - 36ac27b3-2f11-437d-8f1f-165306b0ff4a@group-0E4AB3140789:LeaderElection167: begin an election at term 1 for -1: [36ac27b3-2f11-437d-8f1f-165306b0ff4a:192.168.30.10:45265], old=null
2019-09-25 05:06:43,288 [de37f7a0-0375-40a9-a318-404478482fcb@group-FD0A651E9541:LeaderElection163] INFO  impl.LeaderElection (LeaderElection.java:askForVotes(182)) - de37f7a0-0375-40a9-a318-404478482fcb@group-FD0A651E9541:LeaderElection163: begin an election at term 1 for -1: [de37f7a0-0375-40a9-a318-404478482fcb:192.168.30.10:44522], old=null
2019-09-25 05:06:43,288 [c8798e02-7f0c-41f7-82c2-a17323bcf21e@group-CA2EC9FE2309:LeaderElection170] INFO  impl.LeaderElection (LeaderElection.java:askForVotes(182)) - c8798e02-7f0c-41f7-82c2-a17323bcf21e@group-CA2EC9FE2309:LeaderElection170: begin an election at term 1 for -1: [c8798e02-7f0c-41f7-82c2-a17323bcf21e:192.168.30.10:40603], old=null
2019-09-25 05:06:43,288 [56396258-65a3-478c-9482-0be0199dd49c@group-9F86D8309F5D:LeaderElection164] INFO  impl.LeaderElection (LeaderElection.java:askForVotes(182)) - 56396258-65a3-478c-9482-0be0199dd49c@group-9F86D8309F5D:LeaderElection164: begin an election at term 1 for -1: [56396258-65a3-478c-9482-0be0199dd49c:192.168.30.10:41678], old=null
2019-09-25 05:06:43,288 [de37f7a0-0375-40a9-a318-404478482fcb@group-43B884B10E8C:LeaderElection168] INFO  impl.LeaderElection (LeaderElection.java:askForVotes(182)) - de37f7a0-0375-40a9-a318-404478482fcb@group-43B884B10E8C:LeaderElection168: begin an election at term 1 for -1: [de37f7a0-0375-40a9-a318-404478482fcb:192.168.30.10:44522], old=null
2019-09-25 05:06:43,288 [c8798e02-7f0c-41f7-82c2-a17323bcf21e@group-E2AAA7B81356:LeaderElection171] INFO  impl.LeaderElection (LeaderElection.java:askForVotes(182)) - c8798e02-7f0c-41f7-82c2-a17323bcf21e@group-E2AAA7B81356:LeaderElection171: begin an election at term 1 for -1: [c8798e02-7f0c-41f7-82c2-a17323bcf21e:192.168.30.10:40603], old=null
2019-09-25 05:06:43,288 [b4fa7d23-6606-45fd-9544-2b08ca3fa933@group-CE384E8B40B3:LeaderElection172] INFO  impl.LeaderElection (LeaderElection.java:askForVotes(182)) - b4fa7d23-6606-45fd-9544-2b08ca3fa933@group-CE384E8B40B3:LeaderElection172: begin an election at term 1 for -1: [b4fa7d23-6606-45fd-9544-2b08ca3fa933:192.168.30.10:34493], old=null
2019-09-25 05:06:43,288 [f77bfc29-6991-4b1d-a503-f706c83de4fc@group-883DC29D19B9:LeaderElection166] INFO  impl.LeaderElection (LeaderElection.java:askForVotes(182)) - f77bfc29-6991-4b1d-a503-f706c83de4fc@group-883DC29D19B9:LeaderElection166: begin an election at term 1 for -1: [f77bfc29-6991-4b1d-a503-f706c83de4fc:192.168.30.10:35112], old=null
2019-09-25 05:06:43,287 [Thread-1081] INFO  impl.FollowerState (FollowerState.java:run(106)) - 36ac27b3-2f11-437d-8f1f-165306b0ff4a:group-C23BB28F7D26 changes to CANDIDATE, lastRpcTime:5398, electionTimeout:5111ms
2019-09-25 05:06:43,287 [Thread-1078] INFO  impl.FollowerState (FollowerState.java:run(106)) - 692224c4-5202-4921-98cc-04d5c60c79cc:group-472DDFC1AB9B changes to CANDIDATE, lastRpcTime:5441, electionTimeout:5161ms
2019-09-25 05:06:43,293 [36ac27b3-2f11-437d-8f1f-165306b0ff4a@group-5181C418506D:LeaderElection160] INFO  impl.RoleInfo (RoleInfo.java:updateAndGet(143)) - 36ac27b3-2f11-437d-8f1f-165306b0ff4a: start LeaderState
2019-09-25 05:06:43,287 [36ac27b3-2f11-437d-8f1f-165306b0ff4a@group-2B0CB06791EF-SegmentedRaftLogWorker] ERROR segmented.SegmentedRaftLogWorker (SegmentedRaftLogWorker.java:run(323)) - 36ac27b3-2f11-437d-8f1f-165306b0ff4a@group-2B0CB06791EF-SegmentedRaftLogWorker hit exception
java.lang.OutOfMemoryError: Direct buffer memory
	at java.nio.Bits.reserveMemory(Bits.java:666)
	at java.nio.DirectByteBuffer.<init>(DirectByteBuffer.java:123)
	at java.nio.ByteBuffer.allocateDirect(ByteBuffer.java:311)
	at org.apache.ratis.server.raftlog.segmented.BufferedWriteChannel.<init>(BufferedWriteChannel.java:41)
	at org.apache.ratis.server.raftlog.segmented.SegmentedRaftLogOutputStream.<init>(SegmentedRaftLogOutputStream.java:72)
	at org.apache.ratis.server.raftlog.segmented.SegmentedRaftLogWorker$StartLogSegment.execute(SegmentedRaftLogWorker.java:566)
	at org.apache.ratis.server.raftlog.segmented.SegmentedRaftLogWorker.run(SegmentedRaftLogWorker.java:289)
	at java.lang.Thread.run(Thread.java:748)
2019-09-25 05:06:43,287 [56396258-65a3-478c-9482-0be0199dd49c@group-2B0CB06791EF-SegmentedRaftLogWorker] ERROR segmented.SegmentedRaftLogWorker (SegmentedRaftLogWorker.java:run(323)) - 56396258-65a3-478c-9482-0be0199dd49c@group-2B0CB06791EF-SegmentedRaftLogWorker hit exception
java.lang.OutOfMemoryError: Direct buffer memory
	at java.nio.Bits.reserveMemory(Bits.java:666)
	at java.nio.DirectByteBuffer.<init>(DirectByteBuffer.java:123)
	at java.nio.ByteBuffer.allocateDirect(ByteBuffer.java:311)
	at org.apache.ratis.server.raftlog.segmented.BufferedWriteChannel.<init>(BufferedWriteChannel.java:41)
	at org.apache.ratis.server.raftlog.segmented.SegmentedRaftLogOutputStream.<init>(SegmentedRaftLogOutputStream.java:72)
	at org.apache.ratis.server.raftlog.segmented.SegmentedRaftLogWorker$StartLogSegment.execute(SegmentedRaftLogWorker.java:566)
	at org.apache.ratis.server.raftlog.segmented.SegmentedRaftLogWorker.run(SegmentedRaftLogWorker.java:289)
	at java.lang.Thread.run(Thread.java:748)
2019-09-25 05:06:43,294 [56396258-65a3-478c-9482-0be0199dd49c@group-2B0CB06791EF-SegmentedRaftLogWorker] INFO  impl.RaftServerImpl (RaftServerImpl.java:lambda$shutdown$3(251)) - 56396258-65a3-478c-9482-0be0199dd49c@group-2B0CB06791EF: shutdown
2019-09-25 05:06:43,285 [Thread-1087] INFO  impl.FollowerState (FollowerState.java:run(106)) - 56396258-65a3-478c-9482-0be0199dd49c:group-76180D615ACC changes to CANDIDATE, lastRpcTime:5310, electionTimeout:5080ms
2019-09-25 05:06:43,284 [Thread-1090] INFO  impl.FollowerState (FollowerState.java:run(106)) - de37f7a0-0375-40a9-a318-404478482fcb:group-8C9EF31E2CD5 changes to CANDIDATE, lastRpcTime:5263, electionTimeout:5084ms
2019-09-25 05:06:43,283 [Thread-1096] INFO  impl.FollowerState (FollowerState.java:run(106)) - c8798e02-7f0c-41f7-82c2-a17323bcf21e:group-2C40EDA8D719 changes to CANDIDATE, lastRpcTime:5182, electionTimeout:5182ms
2019-09-25 05:06:43,295 [Thread-1090] INFO  impl.RoleInfo (RoleInfo.java:shutdownFollowerState(121)) - de37f7a0-0375-40a9-a318-404478482fcb: shutdown FollowerState
2019-09-25 05:06:43,282 [Thread-1093] INFO  impl.FollowerState (FollowerState.java:run(106)) - c8798e02-7f0c-41f7-82c2-a17323bcf21e:group-DCE788CCD7A8 changes to CANDIDATE, lastRpcTime:5218, electionTimeout:5099ms
2019-09-25 05:06:43,281 [Thread-1099] INFO  impl.FollowerState (FollowerState.java:run(106)) - de37f7a0-0375-40a9-a318-404478482fcb:group-7F1AFF99EFF0 changes to CANDIDATE, lastRpcTime:5135, electionTimeout:5085ms
2019-09-25 05:06:42,991 [Thread-1075] INFO  impl.FollowerState (FollowerState.java:run(106)) - 36ac27b3-2f11-437d-8f1f-165306b0ff4a:group-4305B25424B2 changes to CANDIDATE, lastRpcTime:5200, electionTimeout:5200ms
2019-09-25 05:06:42,991 [56396258-65a3-478c-9482-0be0199dd49c@group-7B75987BA3EA:LeaderElection153] INFO  impl.RaftServerImpl (ServerState.java:setRaftConf(354)) - 56396258-65a3-478c-9482-0be0199dd49c@group-7B75987BA3EA: set configuration 0: [56396258-65a3-478c-9482-0be0199dd49c:192.168.30.10:41678], old=null at 0
2019-09-25 05:06:43,295 [Thread-1075] INFO  impl.RoleInfo (RoleInfo.java:shutdownFollowerState(121)) - 36ac27b3-2f11-437d-8f1f-165306b0ff4a: shutdown FollowerState
2019-09-25 05:06:43,295 [Thread-1099] INFO  impl.RoleInfo (RoleInfo.java:shutdownFollowerState(121)) - de37f7a0-0375-40a9-a318-404478482fcb: shutdown FollowerState
2019-09-25 05:06:43,296 [Thread-1099] INFO  impl.RaftServerImpl (RaftServerImpl.java:setRole(174)) - de37f7a0-0375-40a9-a318-404478482fcb@group-7F1AFF99EFF0: changes role from  FOLLOWER to CANDIDATE at term 0 for changeToCandidate
2019-09-25 05:06:43,295 [Thread-1093] INFO  impl.RoleInfo (RoleInfo.java:shutdownFollowerState(121)) - c8798e02-7f0c-41f7-82c2-a17323bcf21e: shutdown FollowerState
2019-09-25 05:06:43,295 [Thread-1090] INFO  impl.RaftServerImpl (RaftServerImpl.java:setRole(174)) - de37f7a0-0375-40a9-a318-404478482fcb@group-8C9EF31E2CD5: changes role from  FOLLOWER to CANDIDATE at term 0 for changeToCandidate
2019-09-25 05:06:43,295 [Thread-1096] INFO  impl.RoleInfo (RoleInfo.java:shutdownFollowerState(121)) - c8798e02-7f0c-41f7-82c2-a17323bcf21e: shutdown FollowerState
2019-09-25 05:06:43,296 [Thread-1096] INFO  impl.RaftServerImpl (RaftServerImpl.java:setRole(174)) - c8798e02-7f0c-41f7-82c2-a17323bcf21e@group-2C40EDA8D719: changes role from  FOLLOWER to CANDIDATE at term 0 for changeToCandidate
2019-09-25 05:06:43,294 [Thread-1087] INFO  impl.RoleInfo (RoleInfo.java:shutdownFollowerState(121)) - 56396258-65a3-478c-9482-0be0199dd49c: shutdown FollowerState
2019-09-25 05:06:43,296 [Thread-1087] INFO  impl.RaftServerImpl (RaftServerImpl.java:setRole(174)) - 56396258-65a3-478c-9482-0be0199dd49c@group-76180D615ACC: changes role from  FOLLOWER to CANDIDATE at term 0 for changeToCandidate
2019-09-25 05:06:43,294 [56396258-65a3-478c-9482-0be0199dd49c@group-2B0CB06791EF-SegmentedRaftLogWorker] INFO  util.JmxRegister (JmxRegister.java:unregister(73)) - Successfully un-registered JMX Bean with object name Ratis:service=RaftServer,group=group-2B0CB06791EF,id=56396258-65a3-478c-9482-0be0199dd49c
2019-09-25 05:06:43,294 [36ac27b3-2f11-437d-8f1f-165306b0ff4a@group-2B0CB06791EF-SegmentedRaftLogWorker] INFO  impl.RaftServerImpl (RaftServerImpl.java:lambda$shutdown$3(251)) - 36ac27b3-2f11-437d-8f1f-165306b0ff4a@group-2B0CB06791EF: shutdown
2019-09-25 05:06:43,294 [36ac27b3-2f11-437d-8f1f-165306b0ff4a@group-5181C418506D:LeaderElection160] INFO  segmented.SegmentedRaftLogWorker (SegmentedRaftLogWorker.java:startLogSegment(380)) - 36ac27b3-2f11-437d-8f1f-165306b0ff4a@group-5181C418506D-SegmentedRaftLogWorker: Starting segment from index:0
2019-09-25 05:06:43,293 [Thread-1078] INFO  impl.RoleInfo (RoleInfo.java:shutdownFollowerState(121)) - 692224c4-5202-4921-98cc-04d5c60c79cc: shutdown FollowerState
2019-09-25 05:06:43,293 [Thread-1081] INFO  impl.RoleInfo (RoleInfo.java:shutdownFollowerState(121)) - 36ac27b3-2f11-437d-8f1f-165306b0ff4a: shutdown FollowerState
2019-09-25 05:06:43,293 [f77bfc29-6991-4b1d-a503-f706c83de4fc@group-883DC29D19B9:LeaderElection166] INFO  impl.RoleInfo (RoleInfo.java:shutdownLeaderElection(134)) - f77bfc29-6991-4b1d-a503-f706c83de4fc: shutdown LeaderElection
2019-09-25 05:06:43,293 [c8798e02-7f0c-41f7-82c2-a17323bcf21e@group-131819428EE7:LeaderElection159] INFO  impl.RoleInfo (RoleInfo.java:updateAndGet(143)) - c8798e02-7f0c-41f7-82c2-a17323bcf21e: start LeaderState
2019-09-25 05:06:43,293 [b4fa7d23-6606-45fd-9544-2b08ca3fa933@group-CE384E8B40B3:LeaderElection172] INFO  impl.RoleInfo (RoleInfo.java:shutdownLeaderElection(134)) - b4fa7d23-6606-45fd-9544-2b08ca3fa933: shutdown LeaderElection
2019-09-25 05:06:43,293 [c8798e02-7f0c-41f7-82c2-a17323bcf21e@group-D347DF8354E9:LeaderElection154] INFO  impl.RoleInfo (RoleInfo.java:updateAndGet(143)) - c8798e02-7f0c-41f7-82c2-a17323bcf21e: start LeaderState
2019-09-25 05:06:43,293 [c8798e02-7f0c-41f7-82c2-a17323bcf21e@group-E2AAA7B81356:LeaderElection171] INFO  impl.RoleInfo (RoleInfo.java:shutdownLeaderElection(134)) - c8798e02-7f0c-41f7-82c2-a17323bcf21e: shutdown LeaderElection
2019-09-25 05:06:43,544 [c8798e02-7f0c-41f7-82c2-a17323bcf21e@group-D347DF8354E9:LeaderElection154] INFO  segmented.SegmentedRaftLogWorker (SegmentedRaftLogWorker.java:startLogSegment(380)) - c8798e02-7f0c-41f7-82c2-a17323bcf21e@group-D347DF8354E9-SegmentedRaftLogWorker: Starting segment from index:0
2019-09-25 05:06:43,293 [de37f7a0-0375-40a9-a318-404478482fcb@group-43B884B10E8C:LeaderElection168] INFO  impl.RoleInfo (RoleInfo.java:shutdownLeaderElection(134)) - de37f7a0-0375-40a9-a318-404478482fcb: shutdown LeaderElection
2019-09-25 05:06:43,292 [56396258-65a3-478c-9482-0be0199dd49c@group-9F86D8309F5D:LeaderElection164] INFO  impl.RoleInfo (RoleInfo.java:shutdownLeaderElection(134)) - 56396258-65a3-478c-9482-0be0199dd49c: shutdown LeaderElection
2019-09-25 05:06:43,544 [56396258-65a3-478c-9482-0be0199dd49c@group-9F86D8309F5D:LeaderElection164] INFO  impl.RaftServerImpl (RaftServerImpl.java:setRole(174)) - 56396258-65a3-478c-9482-0be0199dd49c@group-9F86D8309F5D: changes role from CANDIDATE to LEADER at term 1 for changeToLeader
2019-09-25 05:06:43,292 [c8798e02-7f0c-41f7-82c2-a17323bcf21e@group-CA2EC9FE2309:LeaderElection170] INFO  impl.RoleInfo (RoleInfo.java:shutdownLeaderElection(134)) - c8798e02-7f0c-41f7-82c2-a17323bcf21e: shutdown LeaderElection
2019-09-25 05:06:43,292 [de37f7a0-0375-40a9-a318-404478482fcb@group-FD0A651E9541:LeaderElection163] INFO  impl.RoleInfo (RoleInfo.java:shutdownLeaderElection(134)) - de37f7a0-0375-40a9-a318-404478482fcb: shutdown LeaderElection
2019-09-25 05:06:43,757 [de37f7a0-0375-40a9-a318-404478482fcb@group-FD0A651E9541:LeaderElection163] INFO  impl.RaftServerImpl (RaftServerImpl.java:setRole(174)) - de37f7a0-0375-40a9-a318-404478482fcb@group-FD0A651E9541: changes role from CANDIDATE to LEADER at term 1 for changeToLeader
2019-09-25 05:06:43,292 [pool-77-thread-1] INFO  impl.RaftServerImpl (RaftServerImpl.java:<init>(95)) - b4fa7d23-6606-45fd-9544-2b08ca3fa933: new RaftServerImpl for group-781134155B80:[b4fa7d23-6606-45fd-9544-2b08ca3fa933:192.168.30.10:34493] with ContainerStateMachine:uninitialized
2019-09-25 05:06:43,292 [36ac27b3-2f11-437d-8f1f-165306b0ff4a@group-0E4AB3140789:LeaderElection167] INFO  impl.RoleInfo (RoleInfo.java:shutdownLeaderElection(134)) - 36ac27b3-2f11-437d-8f1f-165306b0ff4a: shutdown LeaderElection
2019-09-25 05:06:43,757 [36ac27b3-2f11-437d-8f1f-165306b0ff4a@group-0E4AB3140789:LeaderElection167] INFO  impl.RaftServerImpl (RaftServerImpl.java:setRole(174)) - 36ac27b3-2f11-437d-8f1f-165306b0ff4a@group-0E4AB3140789: changes role from CANDIDATE to LEADER at term 1 for changeToLeader
2019-09-25 05:06:43,292 [36ac27b3-2f11-437d-8f1f-165306b0ff4a@group-1BEF9D94C117:LeaderElection165] INFO  impl.RaftServerImpl (RaftServerImpl.java:setRole(174)) - 36ac27b3-2f11-437d-8f1f-165306b0ff4a@group-1BEF9D94C117: changes role from CANDIDATE to LEADER at term 1 for changeToLeader
2019-09-25 05:06:43,757 [36ac27b3-2f11-437d-8f1f-165306b0ff4a@group-1BEF9D94C117:LeaderElection165] INFO  impl.RaftServerImpl (ServerState.java:setLeader(253)) - 36ac27b3-2f11-437d-8f1f-165306b0ff4a@group-1BEF9D94C117: change Leader from null to 36ac27b3-2f11-437d-8f1f-165306b0ff4a at term 1 for becomeLeader, leader elected after 6249ms
2019-09-25 05:06:43,292 [36ac27b3-2f11-437d-8f1f-165306b0ff4a@group-2775D6089813:LeaderElection176] INFO  impl.RaftServerImpl (RaftServerImpl.java:setRole(174)) - 36ac27b3-2f11-437d-8f1f-165306b0ff4a@group-2775D6089813: changes role from CANDIDATE to LEADER at term 1 for changeToLeader
2019-09-25 05:06:43,291 [692224c4-5202-4921-98cc-04d5c60c79cc@group-C6E7FE130C15:LeaderElection174] INFO  impl.RoleInfo (RoleInfo.java:shutdownLeaderElection(134)) - 692224c4-5202-4921-98cc-04d5c60c79cc: shutdown LeaderElection
2019-09-25 05:06:43,758 [692224c4-5202-4921-98cc-04d5c60c79cc@group-C6E7FE130C15:LeaderElection174] INFO  impl.RaftServerImpl (RaftServerImpl.java:setRole(174)) - 692224c4-5202-4921-98cc-04d5c60c79cc@group-C6E7FE130C15: changes role from CANDIDATE to LEADER at term 1 for changeToLeader
2019-09-25 05:06:43,291 [grpc-default-executor-3] INFO  impl.RaftServerProxy (RaftServerProxy.java:addNew(89)) - b4fa7d23-6606-45fd-9544-2b08ca3fa933: addNew group-781134155B80:[b4fa7d23-6606-45fd-9544-2b08ca3fa933:192.168.30.10:34493] returns group-781134155B80:java.util.concurrent.CompletableFuture@431c814a[Not completed]
2019-09-25 05:06:43,291 [56396258-65a3-478c-9482-0be0199dd49c@group-4682414C107C:LeaderElection173] INFO  impl.RoleInfo (RoleInfo.java:shutdownLeaderElection(134)) - 56396258-65a3-478c-9482-0be0199dd49c: shutdown LeaderElection
2019-09-25 05:06:43,291 [f77bfc29-6991-4b1d-a503-f706c83de4fc@group-AC9D764C8055:LeaderElection175] INFO  impl.RoleInfo (RoleInfo.java:shutdownLeaderElection(134)) - f77bfc29-6991-4b1d-a503-f706c83de4fc: shutdown LeaderElection
2019-09-25 05:06:43,291 [36ac27b3-2f11-437d-8f1f-165306b0ff4a@group-363D8F71D846:LeaderElection169] INFO  impl.RoleInfo (RoleInfo.java:shutdownLeaderElection(134)) - 36ac27b3-2f11-437d-8f1f-165306b0ff4a: shutdown LeaderElection
2019-09-25 05:06:43,291 [de37f7a0-0375-40a9-a318-404478482fcb@group-9599B14A66E7:LeaderElection162] INFO  server.RaftServerConfigKeys (ConfUtils.java:logGet(43)) - raft.server.watch.timeout = 10s (default)
2019-09-25 05:06:43,759 [de37f7a0-0375-40a9-a318-404478482fcb@group-9599B14A66E7:LeaderElection162] INFO  server.RaftServerConfigKeys (ConfUtils.java:logGet(43)) - raft.server.watch.timeout.denomination = 1s (default)
2019-09-25 05:06:43,291 [36ac27b3-2f11-437d-8f1f-165306b0ff4a@group-B8D00B1B54D6:LeaderElection161] INFO  server.RaftServerConfigKeys (ConfUtils.java:logGet(43)) - raft.server.watch.timeout.denomination = 1s (default)
2019-09-25 05:06:43,290 [56396258-65a3-478c-9482-0be0199dd49c@group-4F3116BF037B:LeaderElection158] INFO  server.RaftServerConfigKeys (ConfUtils.java:logGet(43)) - raft.server.watch.timeout.denomination = 1s (default)
2019-09-25 05:06:43,290 [36ac27b3-2f11-437d-8f1f-165306b0ff4a@group-A2E6AEF067B1:LeaderElection155] INFO  server.RaftServerConfigKeys (ConfUtils.java:logGet(43)) - raft.server.watch.timeout = 10s (default)
2019-09-25 05:06:43,290 [de37f7a0-0375-40a9-a318-404478482fcb@group-63B93C010E28:LeaderElection157] INFO  server.RaftServerConfigKeys (ConfUtils.java:logGet(43)) - raft.server.watch.timeout = 10s (default)
2019-09-25 05:06:43,760 [de37f7a0-0375-40a9-a318-404478482fcb@group-63B93C010E28:LeaderElection157] INFO  server.RaftServerConfigKeys (ConfUtils.java:logGet(43)) - raft.server.watch.timeout.denomination = 1s (default)
2019-09-25 05:06:43,290 [56396258-65a3-478c-9482-0be0199dd49c@group-629F40061B83:LeaderElection156] INFO  server.RaftServerConfigKeys (ConfUtils.java:logGet(43)) - raft.server.watch.timeout = 10s (default)
2019-09-25 05:06:43,760 [de37f7a0-0375-40a9-a318-404478482fcb@group-63B93C010E28:LeaderElection157] INFO  server.RaftServerConfigKeys (ConfUtils.java:logGet(43)) - raft.server.watch.element-limit = 65536 (default)
2019-09-25 05:06:43,760 [36ac27b3-2f11-437d-8f1f-165306b0ff4a@group-A2E6AEF067B1:LeaderElection155] INFO  server.RaftServerConfigKeys (ConfUtils.java:logGet(43)) - raft.server.watch.timeout.denomination = 1s (default)
2019-09-25 05:06:43,760 [56396258-65a3-478c-9482-0be0199dd49c@group-4F3116BF037B:LeaderElection158] INFO  server.RaftServerConfigKeys (ConfUtils.java:logGet(43)) - raft.server.watch.element-limit = 65536 (default)
2019-09-25 05:06:43,760 [36ac27b3-2f11-437d-8f1f-165306b0ff4a@group-B8D00B1B54D6:LeaderElection161] INFO  server.RaftServerConfigKeys (ConfUtils.java:logGet(43)) - raft.server.watch.element-limit = 65536 (default)
2019-09-25 05:06:43,759 [de37f7a0-0375-40a9-a318-404478482fcb@group-9599B14A66E7:LeaderElection162] INFO  server.RaftServerConfigKeys (ConfUtils.java:logGet(43)) - raft.server.watch.element-limit = 65536 (default)
2019-09-25 05:06:43,759 [36ac27b3-2f11-437d-8f1f-165306b0ff4a@group-363D8F71D846:LeaderElection169] INFO  impl.RaftServerImpl (RaftServerImpl.java:setRole(174)) - 36ac27b3-2f11-437d-8f1f-165306b0ff4a@group-363D8F71D846: changes role from CANDIDATE to LEADER at term 1 for changeToLeader
2019-09-25 05:06:43,759 [f77bfc29-6991-4b1d-a503-f706c83de4fc@group-AC9D764C8055:LeaderElection175] INFO  impl.RaftServerImpl (RaftServerImpl.java:setRole(174)) - f77bfc29-6991-4b1d-a503-f706c83de4fc@group-AC9D764C8055: changes role from CANDIDATE to LEADER at term 1 for changeToLeader
2019-09-25 05:06:43,759 [56396258-65a3-478c-9482-0be0199dd49c@group-4682414C107C:LeaderElection173] INFO  impl.RaftServerImpl (RaftServerImpl.java:setRole(174)) - 56396258-65a3-478c-9482-0be0199dd49c@group-4682414C107C: changes role from CANDIDATE to LEADER at term 1 for changeToLeader
2019-09-25 05:06:43,758 [692224c4-5202-4921-98cc-04d5c60c79cc@group-C6E7FE130C15:LeaderElection174] INFO  impl.RaftServerImpl (ServerState.java:setLeader(253)) - 692224c4-5202-4921-98cc-04d5c60c79cc@group-C6E7FE130C15: change Leader from null to 692224c4-5202-4921-98cc-04d5c60c79cc at term 1 for becomeLeader, leader elected after 6016ms
2019-09-25 05:06:43,758 [36ac27b3-2f11-437d-8f1f-165306b0ff4a@group-2775D6089813:LeaderElection176] INFO  impl.RaftServerImpl (ServerState.java:setLeader(253)) - 36ac27b3-2f11-437d-8f1f-165306b0ff4a@group-2775D6089813: change Leader from null to 36ac27b3-2f11-437d-8f1f-165306b0ff4a at term 1 for becomeLeader, leader elected after 6150ms
2019-09-25 05:06:43,762 [36ac27b3-2f11-437d-8f1f-165306b0ff4a@group-2775D6089813:LeaderElection176] INFO  server.RaftServerConfigKeys (ConfUtils.java:logGet(43)) - raft.server.staging.catchup.gap = 1000 (default)
2019-09-25 05:06:43,758 [36ac27b3-2f11-437d-8f1f-165306b0ff4a@group-1BEF9D94C117:LeaderElection165] INFO  server.RaftServerConfigKeys (ConfUtils.java:logGet(43)) - raft.server.staging.catchup.gap = 1000 (default)
2019-09-25 05:06:43,757 [36ac27b3-2f11-437d-8f1f-165306b0ff4a@group-0E4AB3140789:LeaderElection167] INFO  impl.RaftServerImpl (ServerState.java:setLeader(253)) - 36ac27b3-2f11-437d-8f1f-165306b0ff4a@group-0E4AB3140789: change Leader from null to 36ac27b3-2f11-437d-8f1f-165306b0ff4a at term 1 for becomeLeader, leader elected after 6106ms
2019-09-25 05:06:43,757 [pool-77-thread-1] INFO  server.RaftServerConfigKeys (ConfUtils.java:logGet(43)) - raft.server.rpc.timeout.min = 5s (custom)
2019-09-25 05:06:43,757 [de37f7a0-0375-40a9-a318-404478482fcb@group-FD0A651E9541:LeaderElection163] INFO  impl.RaftServerImpl (ServerState.java:setLeader(253)) - de37f7a0-0375-40a9-a318-404478482fcb@group-FD0A651E9541: change Leader from null to de37f7a0-0375-40a9-a318-404478482fcb at term 1 for becomeLeader, leader elected after 6542ms
2019-09-25 05:06:43,757 [c8798e02-7f0c-41f7-82c2-a17323bcf21e@group-CA2EC9FE2309:LeaderElection170] INFO  impl.RaftServerImpl (RaftServerImpl.java:setRole(174)) - c8798e02-7f0c-41f7-82c2-a17323bcf21e@group-CA2EC9FE2309: changes role from CANDIDATE to LEADER at term 1 for changeToLeader
2019-09-25 05:06:43,763 [c8798e02-7f0c-41f7-82c2-a17323bcf21e@group-CA2EC9FE2309:LeaderElection170] INFO  impl.RaftServerImpl (ServerState.java:setLeader(253)) - c8798e02-7f0c-41f7-82c2-a17323bcf21e@group-CA2EC9FE2309: change Leader from null to c8798e02-7f0c-41f7-82c2-a17323bcf21e at term 1 for becomeLeader, leader elected after 6634ms
2019-09-25 05:06:43,756 [56396258-65a3-478c-9482-0be0199dd49c@group-9F86D8309F5D:LeaderElection164] INFO  impl.RaftServerImpl (ServerState.java:setLeader(253)) - 56396258-65a3-478c-9482-0be0199dd49c@group-9F86D8309F5D: change Leader from null to 56396258-65a3-478c-9482-0be0199dd49c at term 1 for becomeLeader, leader elected after 6204ms
2019-09-25 05:06:43,755 [Thread-1120] INFO  impl.FollowerState (FollowerState.java:run(106)) - 692224c4-5202-4921-98cc-04d5c60c79cc:group-291240DAD94B changes to CANDIDATE, lastRpcTime:5294, electionTimeout:5126ms
2019-09-25 05:06:43,750 [Thread-1129] INFO  impl.FollowerState (FollowerState.java:run(106)) - 56396258-65a3-478c-9482-0be0199dd49c:group-684B8F10E788 changes to CANDIDATE, lastRpcTime:5158, electionTimeout:5013ms
2019-09-25 05:06:43,749 [Thread-1123] INFO  impl.FollowerState (FollowerState.java:run(106)) - 692224c4-5202-4921-98cc-04d5c60c79cc:group-F4E8E11F483F changes to CANDIDATE, lastRpcTime:5247, electionTimeout:5133ms
2019-09-25 05:06:43,747 [Thread-1126] INFO  impl.FollowerState (FollowerState.java:run(106)) - de37f7a0-0375-40a9-a318-404478482fcb:group-FF5438954BFD changes to CANDIDATE, lastRpcTime:5203, electionTimeout:5142ms
2019-09-25 05:06:43,747 [Thread-1132] INFO  impl.FollowerState (FollowerState.java:run(106)) - 692224c4-5202-4921-98cc-04d5c60c79cc:group-F3E95C0A9DF3 changes to CANDIDATE, lastRpcTime:5119, electionTimeout:5061ms
2019-09-25 05:06:43,544 [c8798e02-7f0c-41f7-82c2-a17323bcf21e@group-D347DF8354E9:LeaderElection154] INFO  impl.RaftServerImpl (ServerState.java:setRaftConf(354)) - c8798e02-7f0c-41f7-82c2-a17323bcf21e@group-D347DF8354E9: set configuration 0: [c8798e02-7f0c-41f7-82c2-a17323bcf21e:192.168.30.10:40603], old=null at 0
2019-09-25 05:06:43,544 [de37f7a0-0375-40a9-a318-404478482fcb@group-43B884B10E8C:LeaderElection168] INFO  impl.RaftServerImpl (RaftServerImpl.java:setRole(174)) - de37f7a0-0375-40a9-a318-404478482fcb@group-43B884B10E8C: changes role from CANDIDATE to LEADER at term 1 for changeToLeader
2019-09-25 05:06:43,544 [c8798e02-7f0c-41f7-82c2-a17323bcf21e@group-E2AAA7B81356:LeaderElection171] INFO  impl.RaftServerImpl (RaftServerImpl.java:setRole(174)) - c8798e02-7f0c-41f7-82c2-a17323bcf21e@group-E2AAA7B81356: changes role from CANDIDATE to LEADER at term 1 for changeToLeader
2019-09-25 05:06:43,543 [Thread-1108] INFO  impl.FollowerState (FollowerState.java:run(106)) - c8798e02-7f0c-41f7-82c2-a17323bcf21e:group-6EA6BB54F6C5 changes to CANDIDATE, lastRpcTime:5266, electionTimeout:5023ms
2019-09-25 05:06:43,541 [Thread-1111] INFO  impl.FollowerState (FollowerState.java:run(106)) - c8798e02-7f0c-41f7-82c2-a17323bcf21e:group-01FE6C175D2C changes to CANDIDATE, lastRpcTime:5223, electionTimeout:5069ms
2019-09-25 05:06:43,765 [Thread-1108] INFO  impl.RoleInfo (RoleInfo.java:shutdownFollowerState(121)) - c8798e02-7f0c-41f7-82c2-a17323bcf21e: shutdown FollowerState
2019-09-25 05:06:43,541 [Thread-1102] INFO  impl.FollowerState (FollowerState.java:run(106)) - de37f7a0-0375-40a9-a318-404478482fcb:group-5A74E072F61B changes to CANDIDATE, lastRpcTime:5351, electionTimeout:5200ms
2019-09-25 05:06:43,536 [Thread-1114] INFO  impl.FollowerState (FollowerState.java:run(106)) - 56396258-65a3-478c-9482-0be0199dd49c:group-7C80C09CAEA0 changes to CANDIDATE, lastRpcTime:5163, electionTimeout:5137ms
2019-09-25 05:06:43,536 [Thread-1117] INFO  impl.FollowerState (FollowerState.java:run(106)) - c8798e02-7f0c-41f7-82c2-a17323bcf21e:group-40F93C6485DE changes to CANDIDATE, lastRpcTime:5119, electionTimeout:5111ms
2019-09-25 05:06:43,298 [b4fa7d23-6606-45fd-9544-2b08ca3fa933@group-CE384E8B40B3:LeaderElection172] INFO  impl.RaftServerImpl (RaftServerImpl.java:setRole(174)) - b4fa7d23-6606-45fd-9544-2b08ca3fa933@group-CE384E8B40B3: changes role from CANDIDATE to LEADER at term 1 for changeToLeader
2019-09-25 05:06:43,766 [b4fa7d23-6606-45fd-9544-2b08ca3fa933@group-CE384E8B40B3:LeaderElection172] INFO  impl.RaftServerImpl (ServerState.java:setLeader(253)) - b4fa7d23-6606-45fd-9544-2b08ca3fa933@group-CE384E8B40B3: change Leader from null to b4fa7d23-6606-45fd-9544-2b08ca3fa933 at term 1 for becomeLeader, leader elected after 6594ms
2019-09-25 05:06:43,298 [c8798e02-7f0c-41f7-82c2-a17323bcf21e@group-131819428EE7:LeaderElection159] INFO  segmented.SegmentedRaftLogWorker (SegmentedRaftLogWorker.java:startLogSegment(380)) - c8798e02-7f0c-41f7-82c2-a17323bcf21e@group-131819428EE7-SegmentedRaftLogWorker: Starting segment from index:0
2019-09-25 05:06:43,298 [36ac27b3-2f11-437d-8f1f-165306b0ff4a@group-5181C418506D:LeaderElection160] INFO  impl.RaftServerImpl (ServerState.java:setRaftConf(354)) - 36ac27b3-2f11-437d-8f1f-165306b0ff4a@group-5181C418506D: set configuration 0: [36ac27b3-2f11-437d-8f1f-165306b0ff4a:192.168.30.10:45265], old=null at 0
2019-09-25 05:06:43,297 [f77bfc29-6991-4b1d-a503-f706c83de4fc@group-883DC29D19B9:LeaderElection166] INFO  impl.RaftServerImpl (RaftServerImpl.java:setRole(174)) - f77bfc29-6991-4b1d-a503-f706c83de4fc@group-883DC29D19B9: changes role from CANDIDATE to LEADER at term 1 for changeToLeader
2019-09-25 05:06:43,297 [Thread-1081] INFO  impl.RaftServerImpl (RaftServerImpl.java:setRole(174)) - 36ac27b3-2f11-437d-8f1f-165306b0ff4a@group-C23BB28F7D26: changes role from  FOLLOWER to CANDIDATE at term 0 for changeToCandidate
2019-09-25 05:06:43,297 [Thread-1078] INFO  impl.RaftServerImpl (RaftServerImpl.java:setRole(174)) - 692224c4-5202-4921-98cc-04d5c60c79cc@group-472DDFC1AB9B: changes role from  FOLLOWER to CANDIDATE at term 0 for changeToCandidate
2019-09-25 05:06:44,108 [Thread-1081] INFO  impl.RoleInfo (RoleInfo.java:updateAndGet(143)) - 36ac27b3-2f11-437d-8f1f-165306b0ff4a: start LeaderElection
2019-09-25 05:06:43,297 [36ac27b3-2f11-437d-8f1f-165306b0ff4a@group-2B0CB06791EF-SegmentedRaftLogWorker] INFO  util.JmxRegister (JmxRegister.java:unregister(73)) - Successfully un-registered JMX Bean with object name Ratis:service=RaftServer,group=group-2B0CB06791EF,id=36ac27b3-2f11-437d-8f1f-165306b0ff4a
2019-09-25 05:06:44,109 [36ac27b3-2f11-437d-8f1f-165306b0ff4a@group-2B0CB06791EF-SegmentedRaftLogWorker] INFO  impl.RoleInfo (RoleInfo.java:shutdownFollowerState(121)) - 36ac27b3-2f11-437d-8f1f-165306b0ff4a: shutdown FollowerState
2019-09-25 05:06:43,297 [56396258-65a3-478c-9482-0be0199dd49c@group-2B0CB06791EF-SegmentedRaftLogWorker] INFO  impl.RoleInfo (RoleInfo.java:shutdownFollowerState(121)) - 56396258-65a3-478c-9482-0be0199dd49c: shutdown FollowerState
2019-09-25 05:06:44,109 [Thread-1199] INFO  impl.FollowerState (FollowerState.java:run(115)) - 36ac27b3-2f11-437d-8f1f-165306b0ff4a: FollowerState was interrupted: java.lang.InterruptedException: sleep interrupted
2019-09-25 05:06:43,297 [Thread-1087] INFO  impl.RoleInfo (RoleInfo.java:updateAndGet(143)) - 56396258-65a3-478c-9482-0be0199dd49c: start LeaderElection
2019-09-25 05:06:44,109 [56396258-65a3-478c-9482-0be0199dd49c@group-4F3116BF037B:LeaderElection158] INFO  impl.RoleInfo (RoleInfo.java:updateAndGet(143)) - 56396258-65a3-478c-9482-0be0199dd49c: start LeaderState
2019-09-25 05:06:43,297 [Thread-1105] INFO  impl.FollowerState (FollowerState.java:run(106)) - 36ac27b3-2f11-437d-8f1f-165306b0ff4a:group-97ACEA6CCC76 changes to CANDIDATE, lastRpcTime:5062, electionTimeout:5062ms
2019-09-25 05:06:43,296 [Thread-1096] INFO  impl.RoleInfo (RoleInfo.java:updateAndGet(143)) - c8798e02-7f0c-41f7-82c2-a17323bcf21e: start LeaderElection
2019-09-25 05:06:43,296 [Thread-1090] INFO  impl.RoleInfo (RoleInfo.java:updateAndGet(143)) - de37f7a0-0375-40a9-a318-404478482fcb: start LeaderElection
2019-09-25 05:06:43,296 [Thread-1093] INFO  impl.RaftServerImpl (RaftServerImpl.java:setRole(174)) - c8798e02-7f0c-41f7-82c2-a17323bcf21e@group-DCE788CCD7A8: changes role from  FOLLOWER to CANDIDATE at term 0 for changeToCandidate
2019-09-25 05:06:43,296 [Thread-1099] INFO  impl.RoleInfo (RoleInfo.java:updateAndGet(143)) - de37f7a0-0375-40a9-a318-404478482fcb: start LeaderElection
2019-09-25 05:06:43,296 [Thread-1075] INFO  impl.RaftServerImpl (RaftServerImpl.java:setRole(174)) - 36ac27b3-2f11-437d-8f1f-165306b0ff4a@group-4305B25424B2: changes role from  FOLLOWER to CANDIDATE at term 0 for changeToCandidate
2019-09-25 05:06:44,111 [Thread-1093] INFO  impl.RoleInfo (RoleInfo.java:updateAndGet(143)) - c8798e02-7f0c-41f7-82c2-a17323bcf21e: start LeaderElection
2019-09-25 05:06:44,110 [Thread-1105] INFO  impl.RoleInfo (RoleInfo.java:shutdownFollowerState(121)) - 36ac27b3-2f11-437d-8f1f-165306b0ff4a: shutdown FollowerState
2019-09-25 05:06:44,110 [56396258-65a3-478c-9482-0be0199dd49c@group-4F3116BF037B:LeaderElection158] INFO  segmented.SegmentedRaftLogWorker (SegmentedRaftLogWorker.java:startLogSegment(380)) - 56396258-65a3-478c-9482-0be0199dd49c@group-4F3116BF037B-SegmentedRaftLogWorker: Starting segment from index:0
2019-09-25 05:06:44,110 [36ac27b3-2f11-437d-8f1f-165306b0ff4a@group-B8D00B1B54D6:LeaderElection161] INFO  impl.RoleInfo (RoleInfo.java:updateAndGet(143)) - 36ac27b3-2f11-437d-8f1f-165306b0ff4a: start LeaderState
2019-09-25 05:06:44,110 [de37f7a0-0375-40a9-a318-404478482fcb@group-9599B14A66E7:LeaderElection162] INFO  impl.RoleInfo (RoleInfo.java:updateAndGet(143)) - de37f7a0-0375-40a9-a318-404478482fcb: start LeaderState
2019-09-25 05:06:44,109 [Thread-1198] INFO  impl.FollowerState (FollowerState.java:run(115)) - 56396258-65a3-478c-9482-0be0199dd49c: FollowerState was interrupted: java.lang.InterruptedException: sleep interrupted
2019-09-25 05:06:44,109 [56396258-65a3-478c-9482-0be0199dd49c@group-2B0CB06791EF-SegmentedRaftLogWorker] INFO  impl.StateMachineUpdater (StateMachineUpdater.java:stopAndJoin(125)) - 56396258-65a3-478c-9482-0be0199dd49c@group-2B0CB06791EF-StateMachineUpdater: set stopIndex = -1
2019-09-25 05:06:44,333 [56396258-65a3-478c-9482-0be0199dd49c@group-2B0CB06791EF-SegmentedRaftLogWorker] INFO  impl.RaftServerImpl (ServerState.java:close(385)) - 56396258-65a3-478c-9482-0be0199dd49c@group-2B0CB06791EF: closes. applyIndex: -1
2019-09-25 05:06:44,109 [36ac27b3-2f11-437d-8f1f-165306b0ff4a@group-2B0CB06791EF-SegmentedRaftLogWorker] INFO  impl.StateMachineUpdater (StateMachineUpdater.java:stopAndJoin(125)) - 36ac27b3-2f11-437d-8f1f-165306b0ff4a@group-2B0CB06791EF-StateMachineUpdater: set stopIndex = -1
2019-09-25 05:06:44,334 [36ac27b3-2f11-437d-8f1f-165306b0ff4a@group-2B0CB06791EF-SegmentedRaftLogWorker] INFO  impl.RaftServerImpl (ServerState.java:close(385)) - 36ac27b3-2f11-437d-8f1f-165306b0ff4a@group-2B0CB06791EF: closes. applyIndex: -1
2019-09-25 05:06:44,108 [de37f7a0-0375-40a9-a318-404478482fcb@group-63B93C010E28:LeaderElection157] INFO  impl.RoleInfo (RoleInfo.java:updateAndGet(143)) - de37f7a0-0375-40a9-a318-404478482fcb: start LeaderState
2019-09-25 05:06:44,108 [Thread-1078] INFO  impl.RoleInfo (RoleInfo.java:updateAndGet(143)) - 692224c4-5202-4921-98cc-04d5c60c79cc: start LeaderElection
2019-09-25 05:06:44,108 [c8798e02-7f0c-41f7-82c2-a17323bcf21e@group-131819428EE7:LeaderElection159] INFO  impl.RaftServerImpl (ServerState.java:setRaftConf(354)) - c8798e02-7f0c-41f7-82c2-a17323bcf21e@group-131819428EE7: set configuration 0: [c8798e02-7f0c-41f7-82c2-a17323bcf21e:192.168.30.10:40603], old=null at 0
2019-09-25 05:06:44,100 [36ac27b3-2f11-437d-8f1f-165306b0ff4a@group-4D833DA1A1E5-SegmentedRaftLogWorker] ERROR segmented.SegmentedRaftLogWorker (SegmentedRaftLogWorker.java:run(323)) - 36ac27b3-2f11-437d-8f1f-165306b0ff4a@group-4D833DA1A1E5-SegmentedRaftLogWorker hit exception
java.lang.OutOfMemoryError: Direct buffer memory
	at java.nio.Bits.reserveMemory(Bits.java:666)
	at java.nio.DirectByteBuffer.<init>(DirectByteBuffer.java:123)
	at java.nio.ByteBuffer.allocateDirect(ByteBuffer.java:311)
	at org.apache.ratis.server.raftlog.segmented.BufferedWriteChannel.<init>(BufferedWriteChannel.java:41)
	at org.apache.ratis.server.raftlog.segmented.SegmentedRaftLogOutputStream.<init>(SegmentedRaftLogOutputStream.java:72)
	at org.apache.ratis.server.raftlog.segmented.SegmentedRaftLogWorker$StartLogSegment.execute(SegmentedRaftLogWorker.java:566)
	at org.apache.ratis.server.raftlog.segmented.SegmentedRaftLogWorker.run(SegmentedRaftLogWorker.java:289)
	at java.lang.Thread.run(Thread.java:748)
2019-09-25 05:06:44,098 [Thread-1135] INFO  impl.FollowerState (FollowerState.java:run(106)) - de37f7a0-0375-40a9-a318-404478482fcb:group-B95B81D35B14 changes to CANDIDATE, lastRpcTime:5424, electionTimeout:5168ms
2019-09-25 05:06:44,098 [Thread-1147] INFO  impl.FollowerState (FollowerState.java:run(106)) - 692224c4-5202-4921-98cc-04d5c60c79cc:group-D1D03DE76CDC changes to CANDIDATE, lastRpcTime:5293, electionTimeout:5055ms
2019-09-25 05:06:44,098 [Thread-1141] INFO  impl.FollowerState (FollowerState.java:run(106)) - f77bfc29-6991-4b1d-a503-f706c83de4fc:group-EA538770045D changes to CANDIDATE, lastRpcTime:5349, electionTimeout:5113ms
2019-09-25 05:06:44,335 [Thread-1147] INFO  impl.RoleInfo (RoleInfo.java:shutdownFollowerState(121)) - 692224c4-5202-4921-98cc-04d5c60c79cc: shutdown FollowerState
2019-09-25 05:06:44,097 [Thread-1150] INFO  impl.FollowerState (FollowerState.java:run(106)) - 36ac27b3-2f11-437d-8f1f-165306b0ff4a:group-3D1B0F350F7D changes to CANDIDATE, lastRpcTime:5269, electionTimeout:5061ms
2019-09-25 05:06:44,097 [Thread-1144] INFO  impl.FollowerState (FollowerState.java:run(106)) - de37f7a0-0375-40a9-a318-404478482fcb:group-004FB6FC5979 changes to CANDIDATE, lastRpcTime:5317, electionTimeout:5114ms
2019-09-25 05:06:44,097 [Thread-1138] INFO  impl.FollowerState (FollowerState.java:run(106)) - b4fa7d23-6606-45fd-9544-2b08ca3fa933:group-E25C07AA9899 changes to CANDIDATE, lastRpcTime:5381, electionTimeout:5190ms
2019-09-25 05:06:44,092 [Thread-1159] INFO  impl.FollowerState (FollowerState.java:run(106)) - c8798e02-7f0c-41f7-82c2-a17323bcf21e:group-27685CAB4247 changes to CANDIDATE, lastRpcTime:5120, electionTimeout:5002ms
2019-09-25 05:06:44,091 [Thread-1156] INFO  impl.FollowerState (FollowerState.java:run(106)) - 36ac27b3-2f11-437d-8f1f-165306b0ff4a:group-8F9482EFFF29 changes to CANDIDATE, lastRpcTime:5163, electionTimeout:5072ms
2019-09-25 05:06:44,091 [de37f7a0-0375-40a9-a318-404478482fcb@group-6F794C7E7E86-SegmentedRaftLogWorker] ERROR segmented.SegmentedRaftLogWorker (SegmentedRaftLogWorker.java:run(323)) - de37f7a0-0375-40a9-a318-404478482fcb@group-6F794C7E7E86-SegmentedRaftLogWorker hit exception
java.lang.OutOfMemoryError: Direct buffer memory
	at java.nio.Bits.reserveMemory(Bits.java:666)
	at java.nio.DirectByteBuffer.<init>(DirectByteBuffer.java:123)
	at java.nio.ByteBuffer.allocateDirect(ByteBuffer.java:311)
	at org.apache.ratis.server.raftlog.segmented.BufferedWriteChannel.<init>(BufferedWriteChannel.java:41)
	at org.apache.ratis.server.raftlog.segmented.SegmentedRaftLogOutputStream.<init>(SegmentedRaftLogOutputStream.java:72)
	at org.apache.ratis.server.raftlog.segmented.SegmentedRaftLogWorker$StartLogSegment.execute(SegmentedRaftLogWorker.java:566)
	at org.apache.ratis.server.raftlog.segmented.SegmentedRaftLogWorker.run(SegmentedRaftLogWorker.java:289)
	at java.lang.Thread.run(Thread.java:748)
2019-09-25 05:06:44,336 [de37f7a0-0375-40a9-a318-404478482fcb@group-6F794C7E7E86-SegmentedRaftLogWorker] INFO  impl.RaftServerImpl (RaftServerImpl.java:lambda$shutdown$3(251)) - de37f7a0-0375-40a9-a318-404478482fcb@group-6F794C7E7E86: shutdown
2019-09-25 05:06:44,091 [de37f7a0-0375-40a9-a318-404478482fcb@group-74433BE8EB19-SegmentedRaftLogWorker] ERROR segmented.SegmentedRaftLogWorker (SegmentedRaftLogWorker.java:run(323)) - de37f7a0-0375-40a9-a318-404478482fcb@group-74433BE8EB19-SegmentedRaftLogWorker hit exception
java.lang.OutOfMemoryError: Direct buffer memory
	at java.nio.Bits.reserveMemory(Bits.java:666)
	at java.nio.DirectByteBuffer.<init>(DirectByteBuffer.java:123)
	at java.nio.ByteBuffer.allocateDirect(ByteBuffer.java:311)
	at org.apache.ratis.server.raftlog.segmented.BufferedWriteChannel.<init>(BufferedWriteChannel.java:41)
	at org.apache.ratis.server.raftlog.segmented.SegmentedRaftLogOutputStream.<init>(SegmentedRaftLogOutputStream.java:72)
	at org.apache.ratis.server.raftlog.segmented.SegmentedRaftLogWorker$StartLogSegment.execute(SegmentedRaftLogWorker.java:566)
	at org.apache.ratis.server.raftlog.segmented.SegmentedRaftLogWorker.run(SegmentedRaftLogWorker.java:289)
	at java.lang.Thread.run(Thread.java:748)
2019-09-25 05:06:44,336 [de37f7a0-0375-40a9-a318-404478482fcb@group-74433BE8EB19-SegmentedRaftLogWorker] INFO  impl.RaftServerImpl (RaftServerImpl.java:lambda$shutdown$3(251)) - de37f7a0-0375-40a9-a318-404478482fcb@group-74433BE8EB19: shutdown
2019-09-25 05:06:44,089 [Thread-1153] INFO  impl.FollowerState (FollowerState.java:run(106)) - b4fa7d23-6606-45fd-9544-2b08ca3fa933:group-066198227AC4 changes to CANDIDATE, lastRpcTime:5204, electionTimeout:5194ms
2019-09-25 05:06:43,767 [f77bfc29-6991-4b1d-a503-f706c83de4fc@group-883DC29D19B9:LeaderElection166] INFO  impl.RaftServerImpl (ServerState.java:setLeader(253)) - f77bfc29-6991-4b1d-a503-f706c83de4fc@group-883DC29D19B9: change Leader from null to f77bfc29-6991-4b1d-a503-f706c83de4fc at term 1 for becomeLeader, leader elected after 6303ms
2019-09-25 05:06:43,766 [b4fa7d23-6606-45fd-9544-2b08ca3fa933@group-CE384E8B40B3:LeaderElection172] INFO  server.RaftServerConfigKeys (ConfUtils.java:logGet(43)) - raft.server.staging.catchup.gap = 1000 (default)
2019-09-25 05:06:44,337 [b4fa7d23-6606-45fd-9544-2b08ca3fa933@group-CE384E8B40B3:LeaderElection172] INFO  server.RaftServerConfigKeys (ConfUtils.java:logGet(43)) - raft.server.rpc.sleep.time = 25ms (default)
2019-09-25 05:06:43,766 [Thread-1117] INFO  impl.RoleInfo (RoleInfo.java:shutdownFollowerState(121)) - c8798e02-7f0c-41f7-82c2-a17323bcf21e: shutdown FollowerState
2019-09-25 05:06:44,337 [Thread-1117] INFO  impl.RaftServerImpl (RaftServerImpl.java:setRole(174)) - c8798e02-7f0c-41f7-82c2-a17323bcf21e@group-40F93C6485DE: changes role from  FOLLOWER to CANDIDATE at term 0 for changeToCandidate
2019-09-25 05:06:43,766 [Thread-1114] INFO  impl.RoleInfo (RoleInfo.java:shutdownFollowerState(121)) - 56396258-65a3-478c-9482-0be0199dd49c: shutdown FollowerState
2019-09-25 05:06:43,765 [Thread-1102] INFO  impl.RoleInfo (RoleInfo.java:shutdownFollowerState(121)) - de37f7a0-0375-40a9-a318-404478482fcb: shutdown FollowerState
2019-09-25 05:06:44,337 [Thread-1102] INFO  impl.RaftServerImpl (RaftServerImpl.java:setRole(174)) - de37f7a0-0375-40a9-a318-404478482fcb@group-5A74E072F61B: changes role from  FOLLOWER to CANDIDATE at term 0 for changeToCandidate
2019-09-25 05:06:43,765 [Thread-1111] INFO  impl.RoleInfo (RoleInfo.java:shutdownFollowerState(121)) - c8798e02-7f0c-41f7-82c2-a17323bcf21e: shutdown FollowerState
2019-09-25 05:06:43,765 [Thread-1108] INFO  impl.RaftServerImpl (RaftServerImpl.java:setRole(174)) - c8798e02-7f0c-41f7-82c2-a17323bcf21e@group-6EA6BB54F6C5: changes role from  FOLLOWER to CANDIDATE at term 0 for changeToCandidate
2019-09-25 05:06:43,765 [c8798e02-7f0c-41f7-82c2-a17323bcf21e@group-E2AAA7B81356:LeaderElection171] INFO  impl.RaftServerImpl (ServerState.java:setLeader(253)) - c8798e02-7f0c-41f7-82c2-a17323bcf21e@group-E2AAA7B81356: change Leader from null to c8798e02-7f0c-41f7-82c2-a17323bcf21e at term 1 for becomeLeader, leader elected after 6508ms
2019-09-25 05:06:43,765 [de37f7a0-0375-40a9-a318-404478482fcb@group-43B884B10E8C:LeaderElection168] INFO  impl.RaftServerImpl (ServerState.java:setLeader(253)) - de37f7a0-0375-40a9-a318-404478482fcb@group-43B884B10E8C: change Leader from null to de37f7a0-0375-40a9-a318-404478482fcb at term 1 for becomeLeader, leader elected after 5838ms
2019-09-25 05:06:43,765 [Thread-1132] INFO  impl.RoleInfo (RoleInfo.java:shutdownFollowerState(121)) - 692224c4-5202-4921-98cc-04d5c60c79cc: shutdown FollowerState
2019-09-25 05:06:44,338 [Thread-1132] INFO  impl.RaftServerImpl (RaftServerImpl.java:setRole(174)) - 692224c4-5202-4921-98cc-04d5c60c79cc@group-F3E95C0A9DF3: changes role from  FOLLOWER to CANDIDATE at term 0 for changeToCandidate
2019-09-25 05:06:43,764 [Thread-1129] INFO  impl.RoleInfo (RoleInfo.java:shutdownFollowerState(121)) - 56396258-65a3-478c-9482-0be0199dd49c: shutdown FollowerState
2019-09-25 05:06:44,338 [Thread-1129] INFO  impl.RaftServerImpl (RaftServerImpl.java:setRole(174)) - 56396258-65a3-478c-9482-0be0199dd49c@group-684B8F10E788: changes role from  FOLLOWER to CANDIDATE at term 0 for changeToCandidate
2019-09-25 05:06:43,764 [Thread-1126] INFO  impl.RoleInfo (RoleInfo.java:shutdownFollowerState(121)) - de37f7a0-0375-40a9-a318-404478482fcb: shutdown FollowerState
2019-09-25 05:06:43,764 [Thread-1123] INFO  impl.RoleInfo (RoleInfo.java:shutdownFollowerState(121)) - 692224c4-5202-4921-98cc-04d5c60c79cc: shutdown FollowerState
2019-09-25 05:06:44,339 [Thread-1123] INFO  impl.RaftServerImpl (RaftServerImpl.java:setRole(174)) - 692224c4-5202-4921-98cc-04d5c60c79cc@group-F4E8E11F483F: changes role from  FOLLOWER to CANDIDATE at term 0 for changeToCandidate
2019-09-25 05:06:43,764 [Thread-1120] INFO  impl.RoleInfo (RoleInfo.java:shutdownFollowerState(121)) - 692224c4-5202-4921-98cc-04d5c60c79cc: shutdown FollowerState
2019-09-25 05:06:43,763 [56396258-65a3-478c-9482-0be0199dd49c@group-9F86D8309F5D:LeaderElection164] INFO  server.RaftServerConfigKeys (ConfUtils.java:logGet(43)) - raft.server.staging.catchup.gap = 1000 (default)
2019-09-25 05:06:43,763 [c8798e02-7f0c-41f7-82c2-a17323bcf21e@group-CA2EC9FE2309:LeaderElection170] INFO  server.RaftServerConfigKeys (ConfUtils.java:logGet(43)) - raft.server.staging.catchup.gap = 1000 (default)
2019-09-25 05:06:43,763 [de37f7a0-0375-40a9-a318-404478482fcb@group-FD0A651E9541:LeaderElection163] INFO  server.RaftServerConfigKeys (ConfUtils.java:logGet(43)) - raft.server.staging.catchup.gap = 1000 (default)
2019-09-25 05:06:44,339 [de37f7a0-0375-40a9-a318-404478482fcb@group-FD0A651E9541:LeaderElection163] INFO  server.RaftServerConfigKeys (ConfUtils.java:logGet(43)) - raft.server.rpc.sleep.time = 25ms (default)
2019-09-25 05:06:43,763 [pool-77-thread-1] INFO  server.RaftServerConfigKeys (ConfUtils.java:logGet(43)) - raft.server.rpc.timeout.max = 5200ms (custom)
2019-09-25 05:06:43,763 [36ac27b3-2f11-437d-8f1f-165306b0ff4a@group-0E4AB3140789:LeaderElection167] INFO  server.RaftServerConfigKeys (ConfUtils.java:logGet(43)) - raft.server.staging.catchup.gap = 1000 (default)
2019-09-25 05:06:44,340 [36ac27b3-2f11-437d-8f1f-165306b0ff4a@group-0E4AB3140789:LeaderElection167] INFO  server.RaftServerConfigKeys (ConfUtils.java:logGet(43)) - raft.server.rpc.sleep.time = 25ms (default)
2019-09-25 05:06:43,762 [36ac27b3-2f11-437d-8f1f-165306b0ff4a@group-1BEF9D94C117:LeaderElection165] INFO  server.RaftServerConfigKeys (ConfUtils.java:logGet(43)) - raft.server.rpc.sleep.time = 25ms (default)
2019-09-25 05:06:43,762 [36ac27b3-2f11-437d-8f1f-165306b0ff4a@group-2775D6089813:LeaderElection176] INFO  server.RaftServerConfigKeys (ConfUtils.java:logGet(43)) - raft.server.rpc.sleep.time = 25ms (default)
2019-09-25 05:06:43,762 [692224c4-5202-4921-98cc-04d5c60c79cc@group-C6E7FE130C15:LeaderElection174] INFO  server.RaftServerConfigKeys (ConfUtils.java:logGet(43)) - raft.server.staging.catchup.gap = 1000 (default)
2019-09-25 05:06:43,762 [56396258-65a3-478c-9482-0be0199dd49c@group-4682414C107C:LeaderElection173] INFO  impl.RaftServerImpl (ServerState.java:setLeader(253)) - 56396258-65a3-478c-9482-0be0199dd49c@group-4682414C107C: change Leader from null to 56396258-65a3-478c-9482-0be0199dd49c at term 1 for becomeLeader, leader elected after 6461ms
2019-09-25 05:06:43,762 [f77bfc29-6991-4b1d-a503-f706c83de4fc@group-AC9D764C8055:LeaderElection175] INFO  impl.RaftServerImpl (ServerState.java:setLeader(253)) - f77bfc29-6991-4b1d-a503-f706c83de4fc@group-AC9D764C8055: change Leader from null to f77bfc29-6991-4b1d-a503-f706c83de4fc at term 1 for becomeLeader, leader elected after 6063ms
2019-09-25 05:06:44,341 [f77bfc29-6991-4b1d-a503-f706c83de4fc@group-AC9D764C8055:LeaderElection175] INFO  server.RaftServerConfigKeys (ConfUtils.java:logGet(43)) - raft.server.staging.catchup.gap = 1000 (default)
2019-09-25 05:06:43,761 [36ac27b3-2f11-437d-8f1f-165306b0ff4a@group-363D8F71D846:LeaderElection169] INFO  impl.RaftServerImpl (ServerState.java:setLeader(253)) - 36ac27b3-2f11-437d-8f1f-165306b0ff4a@group-363D8F71D846: change Leader from null to 36ac27b3-2f11-437d-8f1f-165306b0ff4a at term 1 for becomeLeader, leader elected after 6339ms
2019-09-25 05:06:43,761 [36ac27b3-2f11-437d-8f1f-165306b0ff4a@group-A2E6AEF067B1:LeaderElection155] INFO  server.RaftServerConfigKeys (ConfUtils.java:logGet(43)) - raft.server.watch.element-limit = 65536 (default)
2019-09-25 05:06:43,760 [56396258-65a3-478c-9482-0be0199dd49c@group-629F40061B83:LeaderElection156] INFO  server.RaftServerConfigKeys (ConfUtils.java:logGet(43)) - raft.server.watch.timeout.denomination = 1s (default)
2019-09-25 05:06:44,341 [36ac27b3-2f11-437d-8f1f-165306b0ff4a@group-363D8F71D846:LeaderElection169] INFO  server.RaftServerConfigKeys (ConfUtils.java:logGet(43)) - raft.server.staging.catchup.gap = 1000 (default)
2019-09-25 05:06:44,342 [36ac27b3-2f11-437d-8f1f-165306b0ff4a@group-363D8F71D846:LeaderElection169] INFO  server.RaftServerConfigKeys (ConfUtils.java:logGet(43)) - raft.server.rpc.sleep.time = 25ms (default)
2019-09-25 05:06:44,341 [f77bfc29-6991-4b1d-a503-f706c83de4fc@group-AC9D764C8055:LeaderElection175] INFO  server.RaftServerConfigKeys (ConfUtils.java:logGet(43)) - raft.server.rpc.sleep.time = 25ms (default)
2019-09-25 05:06:44,341 [56396258-65a3-478c-9482-0be0199dd49c@group-4682414C107C:LeaderElection173] INFO  server.RaftServerConfigKeys (ConfUtils.java:logGet(43)) - raft.server.staging.catchup.gap = 1000 (default)
2019-09-25 05:06:44,341 [692224c4-5202-4921-98cc-04d5c60c79cc@group-C6E7FE130C15:LeaderElection174] INFO  server.RaftServerConfigKeys (ConfUtils.java:logGet(43)) - raft.server.rpc.sleep.time = 25ms (default)
2019-09-25 05:06:44,341 [36ac27b3-2f11-437d-8f1f-165306b0ff4a@group-2775D6089813:LeaderElection176] INFO  server.RaftServerConfigKeys (ConfUtils.java:logGet(43)) - raft.server.write.element-limit = 4096 (default)
2019-09-25 05:06:44,340 [36ac27b3-2f11-437d-8f1f-165306b0ff4a@group-1BEF9D94C117:LeaderElection165] INFO  server.RaftServerConfigKeys (ConfUtils.java:logGet(43)) - raft.server.write.element-limit = 4096 (default)
2019-09-25 05:06:44,340 [36ac27b3-2f11-437d-8f1f-165306b0ff4a@group-0E4AB3140789:LeaderElection167] INFO  server.RaftServerConfigKeys (ConfUtils.java:logGet(43)) - raft.server.write.element-limit = 4096 (default)
2019-09-25 05:06:44,340 [pool-77-thread-1] INFO  server.RaftServerConfigKeys (ConfUtils.java:logGet(43)) - raft.server.rpcslowness.timeout = 120s (custom)
2019-09-25 05:06:44,340 [de37f7a0-0375-40a9-a318-404478482fcb@group-FD0A651E9541:LeaderElection163] INFO  server.RaftServerConfigKeys (ConfUtils.java:logGet(43)) - raft.server.write.element-limit = 4096 (default)
2019-09-25 05:06:44,339 [c8798e02-7f0c-41f7-82c2-a17323bcf21e@group-CA2EC9FE2309:LeaderElection170] INFO  server.RaftServerConfigKeys (ConfUtils.java:logGet(43)) - raft.server.rpc.sleep.time = 25ms (default)
2019-09-25 05:06:44,339 [56396258-65a3-478c-9482-0be0199dd49c@group-9F86D8309F5D:LeaderElection164] INFO  server.RaftServerConfigKeys (ConfUtils.java:logGet(43)) - raft.server.rpc.sleep.time = 25ms (default)
2019-09-25 05:06:44,339 [Thread-1120] INFO  impl.RaftServerImpl (RaftServerImpl.java:setRole(174)) - 692224c4-5202-4921-98cc-04d5c60c79cc@group-291240DAD94B: changes role from  FOLLOWER to CANDIDATE at term 0 for changeToCandidate
2019-09-25 05:06:44,339 [Thread-1123] INFO  impl.RoleInfo (RoleInfo.java:updateAndGet(143)) - 692224c4-5202-4921-98cc-04d5c60c79cc: start LeaderElection
2019-09-25 05:06:44,339 [Thread-1126] INFO  impl.RaftServerImpl (RaftServerImpl.java:setRole(174)) - de37f7a0-0375-40a9-a318-404478482fcb@group-FF5438954BFD: changes role from  FOLLOWER to CANDIDATE at term 0 for changeToCandidate
2019-09-25 05:06:44,339 [Thread-1129] INFO  impl.RoleInfo (RoleInfo.java:updateAndGet(143)) - 56396258-65a3-478c-9482-0be0199dd49c: start LeaderElection
2019-09-25 05:06:44,338 [Thread-1132] INFO  impl.RoleInfo (RoleInfo.java:updateAndGet(143)) - 692224c4-5202-4921-98cc-04d5c60c79cc: start LeaderElection
2019-09-25 05:06:44,338 [de37f7a0-0375-40a9-a318-404478482fcb@group-43B884B10E8C:LeaderElection168] INFO  server.RaftServerConfigKeys (ConfUtils.java:logGet(43)) - raft.server.staging.catchup.gap = 1000 (default)
2019-09-25 05:06:44,344 [de37f7a0-0375-40a9-a318-404478482fcb@group-43B884B10E8C:LeaderElection168] INFO  server.RaftServerConfigKeys (ConfUtils.java:logGet(43)) - raft.server.rpc.sleep.time = 25ms (default)
2019-09-25 05:06:44,338 [c8798e02-7f0c-41f7-82c2-a17323bcf21e@group-E2AAA7B81356:LeaderElection171] INFO  server.RaftServerConfigKeys (ConfUtils.java:logGet(43)) - raft.server.staging.catchup.gap = 1000 (default)
2019-09-25 05:06:44,338 [Thread-1108] INFO  impl.RoleInfo (RoleInfo.java:updateAndGet(143)) - c8798e02-7f0c-41f7-82c2-a17323bcf21e: start LeaderElection
2019-09-25 05:06:44,338 [Thread-1111] INFO  impl.RaftServerImpl (RaftServerImpl.java:setRole(174)) - c8798e02-7f0c-41f7-82c2-a17323bcf21e@group-01FE6C175D2C: changes role from  FOLLOWER to CANDIDATE at term 0 for changeToCandidate
2019-09-25 05:06:44,337 [Thread-1102] INFO  impl.RoleInfo (RoleInfo.java:updateAndGet(143)) - de37f7a0-0375-40a9-a318-404478482fcb: start LeaderElection
2019-09-25 05:06:44,337 [Thread-1114] INFO  impl.RaftServerImpl (RaftServerImpl.java:setRole(174)) - 56396258-65a3-478c-9482-0be0199dd49c@group-7C80C09CAEA0: changes role from  FOLLOWER to CANDIDATE at term 0 for changeToCandidate
2019-09-25 05:06:44,337 [Thread-1117] INFO  impl.RoleInfo (RoleInfo.java:updateAndGet(143)) - c8798e02-7f0c-41f7-82c2-a17323bcf21e: start LeaderElection
2019-09-25 05:06:44,337 [b4fa7d23-6606-45fd-9544-2b08ca3fa933@group-CE384E8B40B3:LeaderElection172] INFO  server.RaftServerConfigKeys (ConfUtils.java:logGet(43)) - raft.server.write.element-limit = 4096 (default)
2019-09-25 05:06:44,337 [f77bfc29-6991-4b1d-a503-f706c83de4fc@group-883DC29D19B9:LeaderElection166] INFO  server.RaftServerConfigKeys (ConfUtils.java:logGet(43)) - raft.server.staging.catchup.gap = 1000 (default)
2019-09-25 05:06:44,345 [f77bfc29-6991-4b1d-a503-f706c83de4fc@group-883DC29D19B9:LeaderElection166] INFO  server.RaftServerConfigKeys (ConfUtils.java:logGet(43)) - raft.server.rpc.sleep.time = 25ms (default)
2019-09-25 05:06:44,337 [Thread-1153] INFO  impl.RoleInfo (RoleInfo.java:shutdownFollowerState(121)) - b4fa7d23-6606-45fd-9544-2b08ca3fa933: shutdown FollowerState
2019-09-25 05:06:44,336 [de37f7a0-0375-40a9-a318-404478482fcb@group-74433BE8EB19-SegmentedRaftLogWorker] INFO  util.JmxRegister (JmxRegister.java:unregister(73)) - Successfully un-registered JMX Bean with object name Ratis:service=RaftServer,group=group-74433BE8EB19,id=de37f7a0-0375-40a9-a318-404478482fcb
2019-09-25 05:06:44,336 [de37f7a0-0375-40a9-a318-404478482fcb@group-6F794C7E7E86-SegmentedRaftLogWorker] INFO  util.JmxRegister (JmxRegister.java:unregister(73)) - Successfully un-registered JMX Bean with object name Ratis:service=RaftServer,group=group-6F794C7E7E86,id=de37f7a0-0375-40a9-a318-404478482fcb
2019-09-25 05:06:44,336 [Thread-1156] INFO  impl.RoleInfo (RoleInfo.java:shutdownFollowerState(121)) - 36ac27b3-2f11-437d-8f1f-165306b0ff4a: shutdown FollowerState
2019-09-25 05:06:44,346 [Thread-1156] INFO  impl.RaftServerImpl (RaftServerImpl.java:setRole(174)) - 36ac27b3-2f11-437d-8f1f-165306b0ff4a@group-8F9482EFFF29: changes role from  FOLLOWER to CANDIDATE at term 0 for changeToCandidate
2019-09-25 05:06:44,336 [Thread-1159] INFO  impl.RoleInfo (RoleInfo.java:shutdownFollowerState(121)) - c8798e02-7f0c-41f7-82c2-a17323bcf21e: shutdown FollowerState
2019-09-25 05:06:44,335 [Thread-1138] INFO  impl.RoleInfo (RoleInfo.java:shutdownFollowerState(121)) - b4fa7d23-6606-45fd-9544-2b08ca3fa933: shutdown FollowerState
2019-09-25 05:06:44,346 [Thread-1138] INFO  impl.RaftServerImpl (RaftServerImpl.java:setRole(174)) - b4fa7d23-6606-45fd-9544-2b08ca3fa933@group-E25C07AA9899: changes role from  FOLLOWER to CANDIDATE at term 0 for changeToCandidate
2019-09-25 05:06:44,335 [Thread-1144] INFO  impl.RoleInfo (RoleInfo.java:shutdownFollowerState(121)) - de37f7a0-0375-40a9-a318-404478482fcb: shutdown FollowerState
2019-09-25 05:06:44,346 [Thread-1144] INFO  impl.RaftServerImpl (RaftServerImpl.java:setRole(174)) - de37f7a0-0375-40a9-a318-404478482fcb@group-004FB6FC5979: changes role from  FOLLOWER to CANDIDATE at term 0 for changeToCandidate
2019-09-25 05:06:44,335 [Thread-1150] INFO  impl.RoleInfo (RoleInfo.java:shutdownFollowerState(121)) - 36ac27b3-2f11-437d-8f1f-165306b0ff4a: shutdown FollowerState
2019-09-25 05:06:44,346 [Thread-1150] INFO  impl.RaftServerImpl (RaftServerImpl.java:setRole(174)) - 36ac27b3-2f11-437d-8f1f-165306b0ff4a@group-3D1B0F350F7D: changes role from  FOLLOWER to CANDIDATE at term 0 for changeToCandidate
2019-09-25 05:06:44,335 [Thread-1147] INFO  impl.RaftServerImpl (RaftServerImpl.java:setRole(174)) - 692224c4-5202-4921-98cc-04d5c60c79cc@group-D1D03DE76CDC: changes role from  FOLLOWER to CANDIDATE at term 0 for changeToCandidate
2019-09-25 05:06:44,335 [Thread-1141] INFO  impl.RoleInfo (RoleInfo.java:shutdownFollowerState(121)) - f77bfc29-6991-4b1d-a503-f706c83de4fc: shutdown FollowerState
2019-09-25 05:06:44,335 [Thread-1135] INFO  impl.RoleInfo (RoleInfo.java:shutdownFollowerState(121)) - de37f7a0-0375-40a9-a318-404478482fcb: shutdown FollowerState
2019-09-25 05:06:44,334 [36ac27b3-2f11-437d-8f1f-165306b0ff4a@group-4D833DA1A1E5-SegmentedRaftLogWorker] INFO  impl.RaftServerImpl (RaftServerImpl.java:lambda$shutdown$3(251)) - 36ac27b3-2f11-437d-8f1f-165306b0ff4a@group-4D833DA1A1E5: shutdown
2019-09-25 05:06:44,334 [de37f7a0-0375-40a9-a318-404478482fcb@group-63B93C010E28:LeaderElection157] INFO  segmented.SegmentedRaftLogWorker (SegmentedRaftLogWorker.java:startLogSegment(380)) - de37f7a0-0375-40a9-a318-404478482fcb@group-63B93C010E28-SegmentedRaftLogWorker: Starting segment from index:0
2019-09-25 05:06:44,334 [36ac27b3-2f11-437d-8f1f-165306b0ff4a@group-2B0CB06791EF-SegmentedRaftLogWorker] INFO  segmented.SegmentedRaftLogWorker (SegmentedRaftLogWorker.java:close(228)) - 36ac27b3-2f11-437d-8f1f-165306b0ff4a@group-2B0CB06791EF-SegmentedRaftLogWorker close()
2019-09-25 05:06:44,334 [56396258-65a3-478c-9482-0be0199dd49c@group-2B0CB06791EF-SegmentedRaftLogWorker] INFO  segmented.SegmentedRaftLogWorker (SegmentedRaftLogWorker.java:close(228)) - 56396258-65a3-478c-9482-0be0199dd49c@group-2B0CB06791EF-SegmentedRaftLogWorker close()
2019-09-25 05:06:44,333 [56396258-65a3-478c-9482-0be0199dd49c@group-4F3116BF037B:LeaderElection158] INFO  impl.RaftServerImpl (ServerState.java:setRaftConf(354)) - 56396258-65a3-478c-9482-0be0199dd49c@group-4F3116BF037B: set configuration 0: [56396258-65a3-478c-9482-0be0199dd49c:192.168.30.10:41678], old=null at 0
2019-09-25 05:06:44,333 [de37f7a0-0375-40a9-a318-404478482fcb@group-9599B14A66E7:LeaderElection162] INFO  segmented.SegmentedRaftLogWorker (SegmentedRaftLogWorker.java:startLogSegment(380)) - de37f7a0-0375-40a9-a318-404478482fcb@group-9599B14A66E7-SegmentedRaftLogWorker: Starting segment from index:0
2019-09-25 05:06:44,333 [56396258-65a3-478c-9482-0be0199dd49c@group-76180D615ACC:LeaderElection180] INFO  impl.LeaderElection (LeaderElection.java:askForVotes(182)) - 56396258-65a3-478c-9482-0be0199dd49c@group-76180D615ACC:LeaderElection180: begin an election at term 1 for -1: [56396258-65a3-478c-9482-0be0199dd49c:192.168.30.10:41678], old=null
2019-09-25 05:06:44,333 [36ac27b3-2f11-437d-8f1f-165306b0ff4a@group-C23BB28F7D26:LeaderElection181] INFO  impl.LeaderElection (LeaderElection.java:askForVotes(182)) - 36ac27b3-2f11-437d-8f1f-165306b0ff4a@group-C23BB28F7D26:LeaderElection181: begin an election at term 1 for -1: [36ac27b3-2f11-437d-8f1f-165306b0ff4a:192.168.30.10:45265], old=null
2019-09-25 05:06:44,333 [de37f7a0-0375-40a9-a318-404478482fcb@group-8C9EF31E2CD5:LeaderElection178] INFO  impl.LeaderElection (LeaderElection.java:askForVotes(182)) - de37f7a0-0375-40a9-a318-404478482fcb@group-8C9EF31E2CD5:LeaderElection178: begin an election at term 1 for -1: [de37f7a0-0375-40a9-a318-404478482fcb:192.168.30.10:44522], old=null
2019-09-25 05:06:44,603 [Thread-1168] INFO  impl.FollowerState (FollowerState.java:run(106)) - c8798e02-7f0c-41f7-82c2-a17323bcf21e:group-585132BA0174 changes to CANDIDATE, lastRpcTime:5104, electionTimeout:5086ms
2019-09-25 05:06:44,333 [c8798e02-7f0c-41f7-82c2-a17323bcf21e@group-2C40EDA8D719:LeaderElection179] INFO  impl.LeaderElection (LeaderElection.java:askForVotes(182)) - c8798e02-7f0c-41f7-82c2-a17323bcf21e@group-2C40EDA8D719:LeaderElection179: begin an election at term 1 for -1: [c8798e02-7f0c-41f7-82c2-a17323bcf21e:192.168.30.10:40603], old=null
2019-09-25 05:06:44,603 [c8798e02-7f0c-41f7-82c2-a17323bcf21e@group-2C40EDA8D719:LeaderElection179] INFO  impl.RoleInfo (RoleInfo.java:shutdownLeaderElection(134)) - c8798e02-7f0c-41f7-82c2-a17323bcf21e: shutdown LeaderElection
2019-09-25 05:06:44,331 [Thread-1165] INFO  impl.FollowerState (FollowerState.java:run(106)) - f77bfc29-6991-4b1d-a503-f706c83de4fc:group-D768D80F0CB2 changes to CANDIDATE, lastRpcTime:5272, electionTimeout:5115ms
2019-09-25 05:06:44,331 [Thread-1162] INFO  impl.FollowerState (FollowerState.java:run(106)) - de37f7a0-0375-40a9-a318-404478482fcb:group-844261D92A00 changes to CANDIDATE, lastRpcTime:5316, electionTimeout:5162ms
2019-09-25 05:06:44,112 [36ac27b3-2f11-437d-8f1f-165306b0ff4a@group-B8D00B1B54D6:LeaderElection161] INFO  segmented.SegmentedRaftLogWorker (SegmentedRaftLogWorker.java:startLogSegment(380)) - 36ac27b3-2f11-437d-8f1f-165306b0ff4a@group-B8D00B1B54D6-SegmentedRaftLogWorker: Starting segment from index:0
2019-09-25 05:06:44,111 [Thread-1105] INFO  impl.RaftServerImpl (RaftServerImpl.java:setRole(174)) - 36ac27b3-2f11-437d-8f1f-165306b0ff4a@group-97ACEA6CCC76: changes role from  FOLLOWER to CANDIDATE at term 0 for changeToCandidate
2019-09-25 05:06:44,111 [Thread-1075] INFO  impl.RoleInfo (RoleInfo.java:updateAndGet(143)) - 36ac27b3-2f11-437d-8f1f-165306b0ff4a: start LeaderElection
2019-09-25 05:06:44,604 [Thread-1162] INFO  impl.RoleInfo (RoleInfo.java:shutdownFollowerState(121)) - de37f7a0-0375-40a9-a318-404478482fcb: shutdown FollowerState
2019-09-25 05:06:44,604 [Thread-1165] INFO  impl.RoleInfo (RoleInfo.java:shutdownFollowerState(121)) - f77bfc29-6991-4b1d-a503-f706c83de4fc: shutdown FollowerState
2019-09-25 05:06:44,603 [c8798e02-7f0c-41f7-82c2-a17323bcf21e@group-2C40EDA8D719:LeaderElection179] INFO  impl.RaftServerImpl (RaftServerImpl.java:setRole(174)) - c8798e02-7f0c-41f7-82c2-a17323bcf21e@group-2C40EDA8D719: changes role from CANDIDATE to LEADER at term 1 for changeToLeader
2019-09-25 05:06:44,603 [Thread-1168] INFO  impl.RoleInfo (RoleInfo.java:shutdownFollowerState(121)) - c8798e02-7f0c-41f7-82c2-a17323bcf21e: shutdown FollowerState
2019-09-25 05:06:44,603 [de37f7a0-0375-40a9-a318-404478482fcb@group-9599B14A66E7:LeaderElection162] INFO  impl.RaftServerImpl (ServerState.java:setRaftConf(354)) - de37f7a0-0375-40a9-a318-404478482fcb@group-9599B14A66E7: set configuration 0: [de37f7a0-0375-40a9-a318-404478482fcb:192.168.30.10:44522], old=null at 0
2019-09-25 05:06:44,603 [de37f7a0-0375-40a9-a318-404478482fcb@group-8C9EF31E2CD5:LeaderElection178] INFO  impl.RoleInfo (RoleInfo.java:shutdownLeaderElection(134)) - de37f7a0-0375-40a9-a318-404478482fcb: shutdown LeaderElection
2019-09-25 05:06:44,605 [de37f7a0-0375-40a9-a318-404478482fcb@group-8C9EF31E2CD5:LeaderElection178] INFO  impl.RaftServerImpl (RaftServerImpl.java:setRole(174)) - de37f7a0-0375-40a9-a318-404478482fcb@group-8C9EF31E2CD5: changes role from CANDIDATE to LEADER at term 1 for changeToLeader
2019-09-25 05:06:44,603 [56396258-65a3-478c-9482-0be0199dd49c@group-7B75987BA3EA-SegmentedRaftLogWorker] ERROR segmented.SegmentedRaftLogWorker (SegmentedRaftLogWorker.java:run(323)) - 56396258-65a3-478c-9482-0be0199dd49c@group-7B75987BA3EA-SegmentedRaftLogWorker hit exception
java.lang.OutOfMemoryError: Direct buffer memory
	at java.nio.Bits.reserveMemory(Bits.java:666)
	at java.nio.DirectByteBuffer.<init>(DirectByteBuffer.java:123)
	at java.nio.ByteBuffer.allocateDirect(ByteBuffer.java:311)
	at org.apache.ratis.server.raftlog.segmented.BufferedWriteChannel.<init>(BufferedWriteChannel.java:41)
	at org.apache.ratis.server.raftlog.segmented.SegmentedRaftLogOutputStream.<init>(SegmentedRaftLogOutputStream.java:72)
	at org.apache.ratis.server.raftlog.segmented.SegmentedRaftLogWorker$StartLogSegment.execute(SegmentedRaftLogWorker.java:566)
	at org.apache.ratis.server.raftlog.segmented.SegmentedRaftLogWorker.run(SegmentedRaftLogWorker.java:289)
	at java.lang.Thread.run(Thread.java:748)
2019-09-25 05:06:44,603 [36ac27b3-2f11-437d-8f1f-165306b0ff4a@group-C23BB28F7D26:LeaderElection181] INFO  impl.RoleInfo (RoleInfo.java:shutdownLeaderElection(134)) - 36ac27b3-2f11-437d-8f1f-165306b0ff4a: shutdown LeaderElection
2019-09-25 05:06:44,602 [56396258-65a3-478c-9482-0be0199dd49c@group-76180D615ACC:LeaderElection180] INFO  impl.RoleInfo (RoleInfo.java:shutdownLeaderElection(134)) - 56396258-65a3-478c-9482-0be0199dd49c: shutdown LeaderElection
2019-09-25 05:06:44,351 [692224c4-5202-4921-98cc-04d5c60c79cc@group-F4E8E11F483F:LeaderElection190] INFO  impl.LeaderElection (LeaderElection.java:askForVotes(182)) - 692224c4-5202-4921-98cc-04d5c60c79cc@group-F4E8E11F483F:LeaderElection190: begin an election at term 1 for -1: [692224c4-5202-4921-98cc-04d5c60c79cc:192.168.30.10:38144], old=null
2019-09-25 05:06:44,606 [692224c4-5202-4921-98cc-04d5c60c79cc@group-F4E8E11F483F:LeaderElection190] INFO  impl.RoleInfo (RoleInfo.java:shutdownLeaderElection(134)) - 692224c4-5202-4921-98cc-04d5c60c79cc: shutdown LeaderElection
2019-09-25 05:06:44,351 [c8798e02-7f0c-41f7-82c2-a17323bcf21e@group-DCE788CCD7A8:LeaderElection183] INFO  impl.LeaderElection (LeaderElection.java:askForVotes(182)) - c8798e02-7f0c-41f7-82c2-a17323bcf21e@group-DCE788CCD7A8:LeaderElection183: begin an election at term 1 for -1: [c8798e02-7f0c-41f7-82c2-a17323bcf21e:192.168.30.10:40603], old=null
2019-09-25 05:06:44,351 [de37f7a0-0375-40a9-a318-404478482fcb@group-7F1AFF99EFF0:LeaderElection177] INFO  impl.LeaderElection (LeaderElection.java:askForVotes(182)) - de37f7a0-0375-40a9-a318-404478482fcb@group-7F1AFF99EFF0:LeaderElection177: begin an election at term 1 for -1: [de37f7a0-0375-40a9-a318-404478482fcb:192.168.30.10:44522], old=null
2019-09-25 05:06:44,351 [de37f7a0-0375-40a9-a318-404478482fcb@group-5A74E072F61B:LeaderElection186] INFO  impl.LeaderElection (LeaderElection.java:askForVotes(182)) - de37f7a0-0375-40a9-a318-404478482fcb@group-5A74E072F61B:LeaderElection186: begin an election at term 1 for -1: [de37f7a0-0375-40a9-a318-404478482fcb:192.168.30.10:44522], old=null
2019-09-25 05:06:44,351 [692224c4-5202-4921-98cc-04d5c60c79cc@group-472DDFC1AB9B:LeaderElection182] INFO  impl.LeaderElection (LeaderElection.java:askForVotes(182)) - 692224c4-5202-4921-98cc-04d5c60c79cc@group-472DDFC1AB9B:LeaderElection182: begin an election at term 1 for -1: [692224c4-5202-4921-98cc-04d5c60c79cc:192.168.30.10:38144], old=null
2019-09-25 05:06:44,351 [c8798e02-7f0c-41f7-82c2-a17323bcf21e@group-6EA6BB54F6C5:LeaderElection187] INFO  impl.LeaderElection (LeaderElection.java:askForVotes(182)) - c8798e02-7f0c-41f7-82c2-a17323bcf21e@group-6EA6BB54F6C5:LeaderElection187: begin an election at term 1 for -1: [c8798e02-7f0c-41f7-82c2-a17323bcf21e:192.168.30.10:40603], old=null
2019-09-25 05:06:44,347 [36ac27b3-2f11-437d-8f1f-165306b0ff4a@group-4D833DA1A1E5-SegmentedRaftLogWorker] INFO  util.JmxRegister (JmxRegister.java:unregister(73)) - Successfully un-registered JMX Bean with object name Ratis:service=RaftServer,group=group-4D833DA1A1E5,id=36ac27b3-2f11-437d-8f1f-165306b0ff4a
2019-09-25 05:06:44,347 [Thread-1135] INFO  impl.RaftServerImpl (RaftServerImpl.java:setRole(174)) - de37f7a0-0375-40a9-a318-404478482fcb@group-B95B81D35B14: changes role from  FOLLOWER to CANDIDATE at term 0 for changeToCandidate
2019-09-25 05:06:44,347 [Thread-1141] INFO  impl.RaftServerImpl (RaftServerImpl.java:setRole(174)) - f77bfc29-6991-4b1d-a503-f706c83de4fc@group-EA538770045D: changes role from  FOLLOWER to CANDIDATE at term 0 for changeToCandidate
2019-09-25 05:06:44,347 [Thread-1147] INFO  impl.RoleInfo (RoleInfo.java:updateAndGet(143)) - 692224c4-5202-4921-98cc-04d5c60c79cc: start LeaderElection
2019-09-25 05:06:44,346 [Thread-1150] INFO  impl.RoleInfo (RoleInfo.java:updateAndGet(143)) - 36ac27b3-2f11-437d-8f1f-165306b0ff4a: start LeaderElection
2019-09-25 05:06:44,346 [Thread-1144] INFO  impl.RoleInfo (RoleInfo.java:updateAndGet(143)) - de37f7a0-0375-40a9-a318-404478482fcb: start LeaderElection
2019-09-25 05:06:44,346 [Thread-1138] INFO  impl.RoleInfo (RoleInfo.java:updateAndGet(143)) - b4fa7d23-6606-45fd-9544-2b08ca3fa933: start LeaderElection
2019-09-25 05:06:44,346 [Thread-1159] INFO  impl.RaftServerImpl (RaftServerImpl.java:setRole(174)) - c8798e02-7f0c-41f7-82c2-a17323bcf21e@group-27685CAB4247: changes role from  FOLLOWER to CANDIDATE at term 0 for changeToCandidate
2019-09-25 05:06:44,346 [Thread-1156] INFO  impl.RoleInfo (RoleInfo.java:updateAndGet(143)) - 36ac27b3-2f11-437d-8f1f-165306b0ff4a: start LeaderElection
2019-09-25 05:06:44,346 [de37f7a0-0375-40a9-a318-404478482fcb@group-6F794C7E7E86-SegmentedRaftLogWorker] INFO  impl.RoleInfo (RoleInfo.java:shutdownLeaderState(104)) - de37f7a0-0375-40a9-a318-404478482fcb: shutdown LeaderState
2019-09-25 05:06:44,346 [de37f7a0-0375-40a9-a318-404478482fcb@group-74433BE8EB19-SegmentedRaftLogWorker] INFO  impl.RoleInfo (RoleInfo.java:shutdownLeaderState(104)) - de37f7a0-0375-40a9-a318-404478482fcb: shutdown LeaderState
2019-09-25 05:06:44,608 [de37f7a0-0375-40a9-a318-404478482fcb@group-74433BE8EB19-SegmentedRaftLogWorker] INFO  impl.PendingRequests (PendingRequests.java:sendNotLeaderResponses(202)) - de37f7a0-0375-40a9-a318-404478482fcb-PendingRequests: sendNotLeaderResponses
2019-09-25 05:06:44,345 [Thread-1153] INFO  impl.RaftServerImpl (RaftServerImpl.java:setRole(174)) - b4fa7d23-6606-45fd-9544-2b08ca3fa933@group-066198227AC4: changes role from  FOLLOWER to CANDIDATE at term 0 for changeToCandidate
2019-09-25 05:06:44,345 [f77bfc29-6991-4b1d-a503-f706c83de4fc@group-883DC29D19B9:LeaderElection166] INFO  server.RaftServerConfigKeys (ConfUtils.java:logGet(43)) - raft.server.write.element-limit = 4096 (default)
2019-09-25 05:06:44,345 [b4fa7d23-6606-45fd-9544-2b08ca3fa933@group-CE384E8B40B3:LeaderElection172] INFO  server.RaftServerConfigKeys (ConfUtils.java:logGet(43)) - raft.server.watch.timeout = 10s (default)
2019-09-25 05:06:44,345 [Thread-1114] INFO  impl.RoleInfo (RoleInfo.java:updateAndGet(143)) - 56396258-65a3-478c-9482-0be0199dd49c: start LeaderElection
2019-09-25 05:06:44,345 [Thread-1111] INFO  impl.RoleInfo (RoleInfo.java:updateAndGet(143)) - c8798e02-7f0c-41f7-82c2-a17323bcf21e: start LeaderElection
2019-09-25 05:06:44,344 [c8798e02-7f0c-41f7-82c2-a17323bcf21e@group-E2AAA7B81356:LeaderElection171] INFO  server.RaftServerConfigKeys (ConfUtils.java:logGet(43)) - raft.server.rpc.sleep.time = 25ms (default)
2019-09-25 05:06:44,344 [de37f7a0-0375-40a9-a318-404478482fcb@group-43B884B10E8C:LeaderElection168] INFO  server.RaftServerConfigKeys (ConfUtils.java:logGet(43)) - raft.server.write.element-limit = 4096 (default)
2019-09-25 05:06:44,344 [Thread-1126] INFO  impl.RoleInfo (RoleInfo.java:updateAndGet(143)) - de37f7a0-0375-40a9-a318-404478482fcb: start LeaderElection
2019-09-25 05:06:44,344 [Thread-1120] INFO  impl.RoleInfo (RoleInfo.java:updateAndGet(143)) - 692224c4-5202-4921-98cc-04d5c60c79cc: start LeaderElection
2019-09-25 05:06:44,343 [56396258-65a3-478c-9482-0be0199dd49c@group-9F86D8309F5D:LeaderElection164] INFO  server.RaftServerConfigKeys (ConfUtils.java:logGet(43)) - raft.server.write.element-limit = 4096 (default)
2019-09-25 05:06:44,343 [c8798e02-7f0c-41f7-82c2-a17323bcf21e@group-CA2EC9FE2309:LeaderElection170] INFO  server.RaftServerConfigKeys (ConfUtils.java:logGet(43)) - raft.server.write.element-limit = 4096 (default)
2019-09-25 05:06:44,343 [de37f7a0-0375-40a9-a318-404478482fcb@group-FD0A651E9541:LeaderElection163] INFO  server.RaftServerConfigKeys (ConfUtils.java:logGet(43)) - raft.server.watch.timeout = 10s (default)
2019-09-25 05:06:44,343 [36ac27b3-2f11-437d-8f1f-165306b0ff4a@group-A2E6AEF067B1:LeaderElection155] INFO  impl.RoleInfo (RoleInfo.java:updateAndGet(143)) - 36ac27b3-2f11-437d-8f1f-165306b0ff4a: start LeaderState
2019-09-25 05:06:44,343 [pool-77-thread-1] INFO  server.RaftServerConfigKeys (ConfUtils.java:logGet(43)) - raft.server.sleep.deviation.threshold = 300 (default)
2019-09-25 05:06:44,343 [36ac27b3-2f11-437d-8f1f-165306b0ff4a@group-0E4AB3140789:LeaderElection167] INFO  server.RaftServerConfigKeys (ConfUtils.java:logGet(43)) - raft.server.watch.timeout = 10s (default)
2019-09-25 05:06:44,343 [36ac27b3-2f11-437d-8f1f-165306b0ff4a@group-1BEF9D94C117:LeaderElection165] INFO  server.RaftServerConfigKeys (ConfUtils.java:logGet(43)) - raft.server.watch.timeout = 10s (default)
2019-09-25 05:06:45,053 [36ac27b3-2f11-437d-8f1f-165306b0ff4a@group-1BEF9D94C117:LeaderElection165] INFO  server.RaftServerConfigKeys (ConfUtils.java:logGet(43)) - raft.server.watch.timeout.denomination = 1s (default)
2019-09-25 05:06:44,343 [36ac27b3-2f11-437d-8f1f-165306b0ff4a@group-2775D6089813:LeaderElection176] INFO  server.RaftServerConfigKeys (ConfUtils.java:logGet(43)) - raft.server.watch.timeout = 10s (default)
2019-09-25 05:06:44,342 [692224c4-5202-4921-98cc-04d5c60c79cc@group-C6E7FE130C15:LeaderElection174] INFO  server.RaftServerConfigKeys (ConfUtils.java:logGet(43)) - raft.server.write.element-limit = 4096 (default)
2019-09-25 05:06:44,342 [56396258-65a3-478c-9482-0be0199dd49c@group-4682414C107C:LeaderElection173] INFO  server.RaftServerConfigKeys (ConfUtils.java:logGet(43)) - raft.server.rpc.sleep.time = 25ms (default)
2019-09-25 05:06:44,342 [f77bfc29-6991-4b1d-a503-f706c83de4fc@group-AC9D764C8055:LeaderElection175] INFO  server.RaftServerConfigKeys (ConfUtils.java:logGet(43)) - raft.server.write.element-limit = 4096 (default)
2019-09-25 05:06:44,342 [36ac27b3-2f11-437d-8f1f-165306b0ff4a@group-363D8F71D846:LeaderElection169] INFO  server.RaftServerConfigKeys (ConfUtils.java:logGet(43)) - raft.server.write.element-limit = 4096 (default)
2019-09-25 05:06:44,342 [56396258-65a3-478c-9482-0be0199dd49c@group-629F40061B83:LeaderElection156] INFO  server.RaftServerConfigKeys (ConfUtils.java:logGet(43)) - raft.server.watch.element-limit = 65536 (default)
2019-09-25 05:06:45,054 [Thread-1180] INFO  impl.FollowerState (FollowerState.java:run(106)) - c8798e02-7f0c-41f7-82c2-a17323bcf21e:group-8B26529E66E1 changes to CANDIDATE, lastRpcTime:5376, electionTimeout:5147ms
2019-09-25 05:06:45,054 [36ac27b3-2f11-437d-8f1f-165306b0ff4a@group-363D8F71D846:LeaderElection169] INFO  server.RaftServerConfigKeys (ConfUtils.java:logGet(43)) - raft.server.watch.timeout = 10s (default)
2019-09-25 05:06:45,054 [f77bfc29-6991-4b1d-a503-f706c83de4fc@group-AC9D764C8055:LeaderElection175] INFO  server.RaftServerConfigKeys (ConfUtils.java:logGet(43)) - raft.server.watch.timeout = 10s (default)
2019-09-25 05:06:45,054 [56396258-65a3-478c-9482-0be0199dd49c@group-4682414C107C:LeaderElection173] INFO  server.RaftServerConfigKeys (ConfUtils.java:logGet(43)) - raft.server.write.element-limit = 4096 (default)
2019-09-25 05:06:45,053 [692224c4-5202-4921-98cc-04d5c60c79cc@group-C6E7FE130C15:LeaderElection174] INFO  server.RaftServerConfigKeys (ConfUtils.java:logGet(43)) - raft.server.watch.timeout = 10s (default)
2019-09-25 05:06:45,053 [36ac27b3-2f11-437d-8f1f-165306b0ff4a@group-2775D6089813:LeaderElection176] INFO  server.RaftServerConfigKeys (ConfUtils.java:logGet(43)) - raft.server.watch.timeout.denomination = 1s (default)
2019-09-25 05:06:45,053 [36ac27b3-2f11-437d-8f1f-165306b0ff4a@group-1BEF9D94C117:LeaderElection165] INFO  server.RaftServerConfigKeys (ConfUtils.java:logGet(43)) - raft.server.watch.element-limit = 65536 (default)
2019-09-25 05:06:45,053 [36ac27b3-2f11-437d-8f1f-165306b0ff4a@group-0E4AB3140789:LeaderElection167] INFO  server.RaftServerConfigKeys (ConfUtils.java:logGet(43)) - raft.server.watch.timeout.denomination = 1s (default)
2019-09-25 05:06:45,053 [pool-77-thread-1] INFO  server.RaftServerConfigKeys (ConfUtils.java:logGet(43)) - raft.server.log.appender.install.snapshot.enabled = false (custom)
2019-09-25 05:06:45,052 [36ac27b3-2f11-437d-8f1f-165306b0ff4a@group-A2E6AEF067B1:LeaderElection155] INFO  segmented.SegmentedRaftLogWorker (SegmentedRaftLogWorker.java:startLogSegment(380)) - 36ac27b3-2f11-437d-8f1f-165306b0ff4a@group-A2E6AEF067B1-SegmentedRaftLogWorker: Starting segment from index:0
2019-09-25 05:06:45,052 [de37f7a0-0375-40a9-a318-404478482fcb@group-FD0A651E9541:LeaderElection163] INFO  server.RaftServerConfigKeys (ConfUtils.java:logGet(43)) - raft.server.watch.timeout.denomination = 1s (default)
2019-09-25 05:06:45,056 [de37f7a0-0375-40a9-a318-404478482fcb@group-FD0A651E9541:LeaderElection163] INFO  server.RaftServerConfigKeys (ConfUtils.java:logGet(43)) - raft.server.watch.element-limit = 65536 (default)
2019-09-25 05:06:45,052 [c8798e02-7f0c-41f7-82c2-a17323bcf21e@group-CA2EC9FE2309:LeaderElection170] INFO  server.RaftServerConfigKeys (ConfUtils.java:logGet(43)) - raft.server.watch.timeout = 10s (default)
2019-09-25 05:06:45,052 [56396258-65a3-478c-9482-0be0199dd49c@group-9F86D8309F5D:LeaderElection164] INFO  server.RaftServerConfigKeys (ConfUtils.java:logGet(43)) - raft.server.watch.timeout = 10s (default)
2019-09-25 05:06:45,051 [de37f7a0-0375-40a9-a318-404478482fcb@group-43B884B10E8C:LeaderElection168] INFO  server.RaftServerConfigKeys (ConfUtils.java:logGet(43)) - raft.server.watch.timeout = 10s (default)
2019-09-25 05:06:45,051 [c8798e02-7f0c-41f7-82c2-a17323bcf21e@group-E2AAA7B81356:LeaderElection171] INFO  server.RaftServerConfigKeys (ConfUtils.java:logGet(43)) - raft.server.write.element-limit = 4096 (default)
2019-09-25 05:06:45,050 [b4fa7d23-6606-45fd-9544-2b08ca3fa933@group-CE384E8B40B3:LeaderElection172] INFO  server.RaftServerConfigKeys (ConfUtils.java:logGet(43)) - raft.server.watch.timeout.denomination = 1s (default)
2019-09-25 05:06:45,050 [f77bfc29-6991-4b1d-a503-f706c83de4fc@group-883DC29D19B9:LeaderElection166] INFO  server.RaftServerConfigKeys (ConfUtils.java:logGet(43)) - raft.server.watch.timeout = 10s (default)
2019-09-25 05:06:45,352 [f77bfc29-6991-4b1d-a503-f706c83de4fc@group-883DC29D19B9:LeaderElection166] INFO  server.RaftServerConfigKeys (ConfUtils.java:logGet(43)) - raft.server.watch.timeout.denomination = 1s (default)
2019-09-25 05:06:45,050 [Thread-1153] INFO  impl.RoleInfo (RoleInfo.java:updateAndGet(143)) - b4fa7d23-6606-45fd-9544-2b08ca3fa933: start LeaderElection
2019-09-25 05:06:45,050 [de37f7a0-0375-40a9-a318-404478482fcb@group-74433BE8EB19-SegmentedRaftLogWorker] INFO  impl.StateMachineUpdater (StateMachineUpdater.java:stopAndJoin(125)) - de37f7a0-0375-40a9-a318-404478482fcb@group-74433BE8EB19-StateMachineUpdater: set stopIndex = -1
2019-09-25 05:06:45,049 [692224c4-5202-4921-98cc-04d5c60c79cc@group-D1D03DE76CDC:LeaderElection199] INFO  impl.LeaderElection (LeaderElection.java:askForVotes(182)) - 692224c4-5202-4921-98cc-04d5c60c79cc@group-D1D03DE76CDC:LeaderElection199: begin an election at term 1 for -1: [692224c4-5202-4921-98cc-04d5c60c79cc:192.168.30.10:38144], old=null
2019-09-25 05:06:45,049 [36ac27b3-2f11-437d-8f1f-165306b0ff4a@group-3D1B0F350F7D:LeaderElection198] INFO  impl.LeaderElection (LeaderElection.java:askForVotes(182)) - 36ac27b3-2f11-437d-8f1f-165306b0ff4a@group-3D1B0F350F7D:LeaderElection198: begin an election at term 1 for -1: [36ac27b3-2f11-437d-8f1f-165306b0ff4a:192.168.30.10:45265], old=null
2019-09-25 05:06:45,049 [36ac27b3-2f11-437d-8f1f-165306b0ff4a@group-4305B25424B2:LeaderElection184] INFO  impl.LeaderElection (LeaderElection.java:askForVotes(182)) - 36ac27b3-2f11-437d-8f1f-165306b0ff4a@group-4305B25424B2:LeaderElection184: begin an election at term 1 for -1: [36ac27b3-2f11-437d-8f1f-165306b0ff4a:192.168.30.10:45265], old=null
2019-09-25 05:06:45,049 [de37f7a0-0375-40a9-a318-404478482fcb@group-004FB6FC5979:LeaderElection197] INFO  impl.LeaderElection (LeaderElection.java:askForVotes(182)) - de37f7a0-0375-40a9-a318-404478482fcb@group-004FB6FC5979:LeaderElection197: begin an election at term 1 for -1: [de37f7a0-0375-40a9-a318-404478482fcb:192.168.30.10:44522], old=null
2019-09-25 05:06:45,049 [Thread-1177] WARN  util.JavaUtils (JavaUtils.java:sleep(250)) - Unexpected long sleep: sleep(5007ms) actually took 5414ms which is over the threshold 300ms
2019-09-25 05:06:45,047 [Thread-1171] WARN  util.JavaUtils (JavaUtils.java:sleep(250)) - Unexpected long sleep: sleep(5145ms) actually took 5502ms which is over the threshold 300ms
2019-09-25 05:06:45,045 [Thread-1174] INFO  impl.FollowerState (FollowerState.java:run(106)) - 692224c4-5202-4921-98cc-04d5c60c79cc:group-2600225F0C75 changes to CANDIDATE, lastRpcTime:5455, electionTimeout:5156ms
2019-09-25 05:06:45,044 [Thread-1183] INFO  impl.FollowerState (FollowerState.java:run(106)) - 56396258-65a3-478c-9482-0be0199dd49c:group-F16BF35F1496 changes to CANDIDATE, lastRpcTime:5304, electionTimeout:5031ms
2019-09-25 05:06:45,043 [Thread-1190] INFO  impl.FollowerState (FollowerState.java:run(106)) - 36ac27b3-2f11-437d-8f1f-165306b0ff4a:group-B8FD25FCA5CE changes to CANDIDATE, lastRpcTime:5258, electionTimeout:5015ms
2019-09-25 05:06:44,608 [Thread-1105] INFO  impl.RoleInfo (RoleInfo.java:updateAndGet(143)) - 36ac27b3-2f11-437d-8f1f-165306b0ff4a: start LeaderElection
2019-09-25 05:06:44,608 [56396258-65a3-478c-9482-0be0199dd49c@group-684B8F10E788:LeaderElection189] INFO  impl.LeaderElection (LeaderElection.java:askForVotes(182)) - 56396258-65a3-478c-9482-0be0199dd49c@group-684B8F10E788:LeaderElection189: begin an election at term 1 for -1: [56396258-65a3-478c-9482-0be0199dd49c:192.168.30.10:41678], old=null
2019-09-25 05:06:44,608 [692224c4-5202-4921-98cc-04d5c60c79cc@group-F3E95C0A9DF3:LeaderElection188] INFO  impl.LeaderElection (LeaderElection.java:askForVotes(182)) - 692224c4-5202-4921-98cc-04d5c60c79cc@group-F3E95C0A9DF3:LeaderElection188: begin an election at term 1 for -1: [692224c4-5202-4921-98cc-04d5c60c79cc:192.168.30.10:38144], old=null
2019-09-25 05:06:44,608 [f77bfc29-6991-4b1d-a503-f706c83de4fc@group-943D603B2157-SegmentedRaftLogWorker] ERROR segmented.SegmentedRaftLogWorker (SegmentedRaftLogWorker.java:run(323)) - f77bfc29-6991-4b1d-a503-f706c83de4fc@group-943D603B2157-SegmentedRaftLogWorker hit exception
java.lang.OutOfMemoryError: Direct buffer memory
	at java.nio.Bits.reserveMemory(Bits.java:666)
	at java.nio.DirectByteBuffer.<init>(DirectByteBuffer.java:123)
	at java.nio.ByteBuffer.allocateDirect(ByteBuffer.java:311)
	at org.apache.ratis.server.raftlog.segmented.BufferedWriteChannel.<init>(BufferedWriteChannel.java:41)
	at org.apache.ratis.server.raftlog.segmented.SegmentedRaftLogOutputStream.<init>(SegmentedRaftLogOutputStream.java:72)
	at org.apache.ratis.server.raftlog.segmented.SegmentedRaftLogWorker$StartLogSegment.execute(SegmentedRaftLogWorker.java:566)
	at org.apache.ratis.server.raftlog.segmented.SegmentedRaftLogWorker.run(SegmentedRaftLogWorker.java:289)
	at java.lang.Thread.run(Thread.java:748)
2019-09-25 05:06:45,356 [f77bfc29-6991-4b1d-a503-f706c83de4fc@group-943D603B2157-SegmentedRaftLogWorker] INFO  impl.RaftServerImpl (RaftServerImpl.java:lambda$shutdown$3(251)) - f77bfc29-6991-4b1d-a503-f706c83de4fc@group-943D603B2157: shutdown
2019-09-25 05:06:44,608 [de37f7a0-0375-40a9-a318-404478482fcb@group-6F794C7E7E86-SegmentedRaftLogWorker] INFO  impl.PendingRequests (PendingRequests.java:sendNotLeaderResponses(202)) - de37f7a0-0375-40a9-a318-404478482fcb-PendingRequests: sendNotLeaderResponses
2019-09-25 05:06:44,608 [c8798e02-7f0c-41f7-82c2-a17323bcf21e@group-40F93C6485DE:LeaderElection185] INFO  impl.LeaderElection (LeaderElection.java:askForVotes(182)) - c8798e02-7f0c-41f7-82c2-a17323bcf21e@group-40F93C6485DE:LeaderElection185: begin an election at term 1 for -1: [c8798e02-7f0c-41f7-82c2-a17323bcf21e:192.168.30.10:40603], old=null
2019-09-25 05:06:44,608 [de37f7a0-0375-40a9-a318-404478482fcb@group-63B93C010E28:LeaderElection157] INFO  impl.RaftServerImpl (ServerState.java:setRaftConf(354)) - de37f7a0-0375-40a9-a318-404478482fcb@group-63B93C010E28: set configuration 0: [de37f7a0-0375-40a9-a318-404478482fcb:192.168.30.10:44522], old=null at 0
2019-09-25 05:06:44,608 [Thread-1159] INFO  impl.RoleInfo (RoleInfo.java:updateAndGet(143)) - c8798e02-7f0c-41f7-82c2-a17323bcf21e: start LeaderElection
2019-09-25 05:06:44,608 [de37f7a0-0375-40a9-a318-404478482fcb@group-907A1360165D-SegmentedRaftLogWorker] ERROR segmented.SegmentedRaftLogWorker (SegmentedRaftLogWorker.java:run(323)) - de37f7a0-0375-40a9-a318-404478482fcb@group-907A1360165D-SegmentedRaftLogWorker hit exception
java.lang.OutOfMemoryError: Direct buffer memory
	at java.nio.Bits.reserveMemory(Bits.java:666)
	at java.nio.DirectByteBuffer.<init>(DirectByteBuffer.java:123)
	at java.nio.ByteBuffer.allocateDirect(ByteBuffer.java:311)
	at org.apache.ratis.server.raftlog.segmented.BufferedWriteChannel.<init>(BufferedWriteChannel.java:41)
	at org.apache.ratis.server.raftlog.segmented.SegmentedRaftLogOutputStream.<init>(SegmentedRaftLogOutputStream.java:72)
	at org.apache.ratis.server.raftlog.segmented.SegmentedRaftLogWorker$StartLogSegment.execute(SegmentedRaftLogWorker.java:566)
	at org.apache.ratis.server.raftlog.segmented.SegmentedRaftLogWorker.run(SegmentedRaftLogWorker.java:289)
	at java.lang.Thread.run(Thread.java:748)
2019-09-25 05:06:44,607 [Thread-1141] INFO  impl.RoleInfo (RoleInfo.java:updateAndGet(143)) - f77bfc29-6991-4b1d-a503-f706c83de4fc: start LeaderElection
2019-09-25 05:06:44,607 [Thread-1135] INFO  impl.RoleInfo (RoleInfo.java:updateAndGet(143)) - de37f7a0-0375-40a9-a318-404478482fcb: start LeaderElection
2019-09-25 05:06:44,607 [36ac27b3-2f11-437d-8f1f-165306b0ff4a@group-4D833DA1A1E5-SegmentedRaftLogWorker] INFO  impl.RoleInfo (RoleInfo.java:shutdownLeaderState(104)) - 36ac27b3-2f11-437d-8f1f-165306b0ff4a: shutdown LeaderState
2019-09-25 05:06:44,606 [c8798e02-7f0c-41f7-82c2-a17323bcf21e@group-6EA6BB54F6C5:LeaderElection187] INFO  impl.RoleInfo (RoleInfo.java:shutdownLeaderElection(134)) - c8798e02-7f0c-41f7-82c2-a17323bcf21e: shutdown LeaderElection
2019-09-25 05:06:44,606 [692224c4-5202-4921-98cc-04d5c60c79cc@group-472DDFC1AB9B:LeaderElection182] INFO  impl.RoleInfo (RoleInfo.java:shutdownLeaderElection(134)) - 692224c4-5202-4921-98cc-04d5c60c79cc: shutdown LeaderElection
2019-09-25 05:06:44,606 [de37f7a0-0375-40a9-a318-404478482fcb@group-5A74E072F61B:LeaderElection186] INFO  impl.RoleInfo (RoleInfo.java:shutdownLeaderElection(134)) - de37f7a0-0375-40a9-a318-404478482fcb: shutdown LeaderElection
2019-09-25 05:06:44,606 [de37f7a0-0375-40a9-a318-404478482fcb@group-7F1AFF99EFF0:LeaderElection177] INFO  impl.RoleInfo (RoleInfo.java:shutdownLeaderElection(134)) - de37f7a0-0375-40a9-a318-404478482fcb: shutdown LeaderElection
2019-09-25 05:06:44,606 [c8798e02-7f0c-41f7-82c2-a17323bcf21e@group-DCE788CCD7A8:LeaderElection183] INFO  impl.RoleInfo (RoleInfo.java:shutdownLeaderElection(134)) - c8798e02-7f0c-41f7-82c2-a17323bcf21e: shutdown LeaderElection
2019-09-25 05:06:44,606 [692224c4-5202-4921-98cc-04d5c60c79cc@group-F4E8E11F483F:LeaderElection190] INFO  impl.RaftServerImpl (RaftServerImpl.java:setRole(174)) - 692224c4-5202-4921-98cc-04d5c60c79cc@group-F4E8E11F483F: changes role from CANDIDATE to LEADER at term 1 for changeToLeader
2019-09-25 05:06:44,606 [56396258-65a3-478c-9482-0be0199dd49c@group-76180D615ACC:LeaderElection180] INFO  impl.RaftServerImpl (RaftServerImpl.java:setRole(174)) - 56396258-65a3-478c-9482-0be0199dd49c@group-76180D615ACC: changes role from CANDIDATE to LEADER at term 1 for changeToLeader
2019-09-25 05:06:44,605 [36ac27b3-2f11-437d-8f1f-165306b0ff4a@group-C23BB28F7D26:LeaderElection181] INFO  impl.RaftServerImpl (RaftServerImpl.java:setRole(174)) - 36ac27b3-2f11-437d-8f1f-165306b0ff4a@group-C23BB28F7D26: changes role from CANDIDATE to LEADER at term 1 for changeToLeader
2019-09-25 05:06:45,363 [36ac27b3-2f11-437d-8f1f-165306b0ff4a@group-C23BB28F7D26:LeaderElection181] INFO  impl.RaftServerImpl (ServerState.java:setLeader(253)) - 36ac27b3-2f11-437d-8f1f-165306b0ff4a@group-C23BB28F7D26: change Leader from null to 36ac27b3-2f11-437d-8f1f-165306b0ff4a at term 1 for becomeLeader, leader elected after 7479ms
2019-09-25 05:06:44,605 [56396258-65a3-478c-9482-0be0199dd49c@group-7B75987BA3EA-SegmentedRaftLogWorker] INFO  impl.RaftServerImpl (RaftServerImpl.java:lambda$shutdown$3(251)) - 56396258-65a3-478c-9482-0be0199dd49c@group-7B75987BA3EA: shutdown
2019-09-25 05:06:44,605 [de37f7a0-0375-40a9-a318-404478482fcb@group-8C9EF31E2CD5:LeaderElection178] INFO  impl.RaftServerImpl (ServerState.java:setLeader(253)) - de37f7a0-0375-40a9-a318-404478482fcb@group-8C9EF31E2CD5: change Leader from null to de37f7a0-0375-40a9-a318-404478482fcb at term 1 for becomeLeader, leader elected after 6591ms
2019-09-25 05:06:44,605 [Thread-1168] INFO  impl.RaftServerImpl (RaftServerImpl.java:setRole(174)) - c8798e02-7f0c-41f7-82c2-a17323bcf21e@group-585132BA0174: changes role from  FOLLOWER to CANDIDATE at term 0 for changeToCandidate
2019-09-25 05:06:44,604 [c8798e02-7f0c-41f7-82c2-a17323bcf21e@group-2C40EDA8D719:LeaderElection179] INFO  impl.RaftServerImpl (ServerState.java:setLeader(253)) - c8798e02-7f0c-41f7-82c2-a17323bcf21e@group-2C40EDA8D719: change Leader from null to c8798e02-7f0c-41f7-82c2-a17323bcf21e at term 1 for becomeLeader, leader elected after 6509ms
2019-09-25 05:06:44,604 [Thread-1165] INFO  impl.RaftServerImpl (RaftServerImpl.java:setRole(174)) - f77bfc29-6991-4b1d-a503-f706c83de4fc@group-D768D80F0CB2: changes role from  FOLLOWER to CANDIDATE at term 0 for changeToCandidate
2019-09-25 05:06:44,604 [Thread-1162] INFO  impl.RaftServerImpl (RaftServerImpl.java:setRole(174)) - de37f7a0-0375-40a9-a318-404478482fcb@group-844261D92A00: changes role from  FOLLOWER to CANDIDATE at term 0 for changeToCandidate
2019-09-25 05:06:44,604 [36ac27b3-2f11-437d-8f1f-165306b0ff4a@group-B8D00B1B54D6:LeaderElection161] INFO  impl.RaftServerImpl (ServerState.java:setRaftConf(354)) - 36ac27b3-2f11-437d-8f1f-165306b0ff4a@group-B8D00B1B54D6: set configuration 0: [36ac27b3-2f11-437d-8f1f-165306b0ff4a:192.168.30.10:45265], old=null at 0
2019-09-25 05:06:45,365 [Thread-1162] INFO  impl.RoleInfo (RoleInfo.java:updateAndGet(143)) - de37f7a0-0375-40a9-a318-404478482fcb: start LeaderElection
2019-09-25 05:06:45,364 [Thread-1165] INFO  impl.RoleInfo (RoleInfo.java:updateAndGet(143)) - f77bfc29-6991-4b1d-a503-f706c83de4fc: start LeaderElection
2019-09-25 05:06:45,364 [Thread-1168] INFO  impl.RoleInfo (RoleInfo.java:updateAndGet(143)) - c8798e02-7f0c-41f7-82c2-a17323bcf21e: start LeaderElection
2019-09-25 05:06:45,364 [c8798e02-7f0c-41f7-82c2-a17323bcf21e@group-2C40EDA8D719:LeaderElection179] INFO  server.RaftServerConfigKeys (ConfUtils.java:logGet(43)) - raft.server.staging.catchup.gap = 1000 (default)
2019-09-25 05:06:45,364 [de37f7a0-0375-40a9-a318-404478482fcb@group-8C9EF31E2CD5:LeaderElection178] INFO  server.RaftServerConfigKeys (ConfUtils.java:logGet(43)) - raft.server.staging.catchup.gap = 1000 (default)
2019-09-25 05:06:45,364 [56396258-65a3-478c-9482-0be0199dd49c@group-7B75987BA3EA-SegmentedRaftLogWorker] INFO  util.JmxRegister (JmxRegister.java:unregister(73)) - Successfully un-registered JMX Bean with object name Ratis:service=RaftServer,group=group-7B75987BA3EA,id=56396258-65a3-478c-9482-0be0199dd49c
2019-09-25 05:06:45,364 [36ac27b3-2f11-437d-8f1f-165306b0ff4a@group-C23BB28F7D26:LeaderElection181] INFO  server.RaftServerConfigKeys (ConfUtils.java:logGet(43)) - raft.server.staging.catchup.gap = 1000 (default)
2019-09-25 05:06:45,363 [56396258-65a3-478c-9482-0be0199dd49c@group-76180D615ACC:LeaderElection180] INFO  impl.RaftServerImpl (ServerState.java:setLeader(253)) - 56396258-65a3-478c-9482-0be0199dd49c@group-76180D615ACC: change Leader from null to 56396258-65a3-478c-9482-0be0199dd49c at term 1 for becomeLeader, leader elected after 7394ms
2019-09-25 05:06:45,363 [692224c4-5202-4921-98cc-04d5c60c79cc@group-F4E8E11F483F:LeaderElection190] INFO  impl.RaftServerImpl (ServerState.java:setLeader(253)) - 692224c4-5202-4921-98cc-04d5c60c79cc@group-F4E8E11F483F: change Leader from null to 692224c4-5202-4921-98cc-04d5c60c79cc at term 1 for becomeLeader, leader elected after 6866ms
2019-09-25 05:06:45,363 [c8798e02-7f0c-41f7-82c2-a17323bcf21e@group-DCE788CCD7A8:LeaderElection183] INFO  impl.RaftServerImpl (RaftServerImpl.java:setRole(174)) - c8798e02-7f0c-41f7-82c2-a17323bcf21e@group-DCE788CCD7A8: changes role from CANDIDATE to LEADER at term 1 for changeToLeader
2019-09-25 05:06:45,366 [c8798e02-7f0c-41f7-82c2-a17323bcf21e@group-DCE788CCD7A8:LeaderElection183] INFO  impl.RaftServerImpl (ServerState.java:setLeader(253)) - c8798e02-7f0c-41f7-82c2-a17323bcf21e@group-DCE788CCD7A8: change Leader from null to c8798e02-7f0c-41f7-82c2-a17323bcf21e at term 1 for becomeLeader, leader elected after 7307ms
2019-09-25 05:06:45,363 [de37f7a0-0375-40a9-a318-404478482fcb@group-7F1AFF99EFF0:LeaderElection177] INFO  impl.RaftServerImpl (RaftServerImpl.java:setRole(174)) - de37f7a0-0375-40a9-a318-404478482fcb@group-7F1AFF99EFF0: changes role from CANDIDATE to LEADER at term 1 for changeToLeader
2019-09-25 05:06:45,363 [de37f7a0-0375-40a9-a318-404478482fcb@group-5A74E072F61B:LeaderElection186] INFO  impl.RaftServerImpl (RaftServerImpl.java:setRole(174)) - de37f7a0-0375-40a9-a318-404478482fcb@group-5A74E072F61B: changes role from CANDIDATE to LEADER at term 1 for changeToLeader
2019-09-25 05:06:45,363 [692224c4-5202-4921-98cc-04d5c60c79cc@group-472DDFC1AB9B:LeaderElection182] INFO  impl.RaftServerImpl (RaftServerImpl.java:setRole(174)) - 692224c4-5202-4921-98cc-04d5c60c79cc@group-472DDFC1AB9B: changes role from CANDIDATE to LEADER at term 1 for changeToLeader
2019-09-25 05:06:45,362 [c8798e02-7f0c-41f7-82c2-a17323bcf21e@group-6EA6BB54F6C5:LeaderElection187] INFO  impl.RaftServerImpl (RaftServerImpl.java:setRole(174)) - c8798e02-7f0c-41f7-82c2-a17323bcf21e@group-6EA6BB54F6C5: changes role from CANDIDATE to LEADER at term 1 for changeToLeader
2019-09-25 05:06:45,358 [36ac27b3-2f11-437d-8f1f-165306b0ff4a@group-4D833DA1A1E5-SegmentedRaftLogWorker] INFO  impl.PendingRequests (PendingRequests.java:sendNotLeaderResponses(202)) - 36ac27b3-2f11-437d-8f1f-165306b0ff4a-PendingRequests: sendNotLeaderResponses
2019-09-25 05:06:45,357 [de37f7a0-0375-40a9-a318-404478482fcb@group-907A1360165D-SegmentedRaftLogWorker] INFO  impl.RaftServerImpl (RaftServerImpl.java:lambda$shutdown$3(251)) - de37f7a0-0375-40a9-a318-404478482fcb@group-907A1360165D: shutdown
2019-09-25 05:06:45,357 [c8798e02-7f0c-41f7-82c2-a17323bcf21e@group-40F93C6485DE:LeaderElection185] INFO  impl.RoleInfo (RoleInfo.java:shutdownLeaderElection(134)) - c8798e02-7f0c-41f7-82c2-a17323bcf21e: shutdown LeaderElection
2019-09-25 05:06:45,367 [c8798e02-7f0c-41f7-82c2-a17323bcf21e@group-40F93C6485DE:LeaderElection185] INFO  impl.RaftServerImpl (RaftServerImpl.java:setRole(174)) - c8798e02-7f0c-41f7-82c2-a17323bcf21e@group-40F93C6485DE: changes role from CANDIDATE to LEADER at term 1 for changeToLeader
2019-09-25 05:06:45,356 [de37f7a0-0375-40a9-a318-404478482fcb@group-6F794C7E7E86-SegmentedRaftLogWorker] INFO  impl.StateMachineUpdater (StateMachineUpdater.java:stopAndJoin(125)) - de37f7a0-0375-40a9-a318-404478482fcb@group-6F794C7E7E86-StateMachineUpdater: set stopIndex = -1
2019-09-25 05:06:45,356 [f77bfc29-6991-4b1d-a503-f706c83de4fc@group-943D603B2157-SegmentedRaftLogWorker] INFO  util.JmxRegister (JmxRegister.java:unregister(73)) - Successfully un-registered JMX Bean with object name Ratis:service=RaftServer,group=group-943D603B2157,id=f77bfc29-6991-4b1d-a503-f706c83de4fc
2019-09-25 05:06:45,368 [f77bfc29-6991-4b1d-a503-f706c83de4fc@group-943D603B2157-SegmentedRaftLogWorker] INFO  impl.RoleInfo (RoleInfo.java:shutdownLeaderState(104)) - f77bfc29-6991-4b1d-a503-f706c83de4fc: shutdown LeaderState
2019-09-25 05:06:45,356 [692224c4-5202-4921-98cc-04d5c60c79cc@group-F3E95C0A9DF3:LeaderElection188] INFO  impl.RoleInfo (RoleInfo.java:shutdownLeaderElection(134)) - 692224c4-5202-4921-98cc-04d5c60c79cc: shutdown LeaderElection
2019-09-25 05:06:45,368 [692224c4-5202-4921-98cc-04d5c60c79cc@group-F3E95C0A9DF3:LeaderElection188] INFO  impl.RaftServerImpl (RaftServerImpl.java:setRole(174)) - 692224c4-5202-4921-98cc-04d5c60c79cc@group-F3E95C0A9DF3: changes role from CANDIDATE to LEADER at term 1 for changeToLeader
2019-09-25 05:06:45,355 [56396258-65a3-478c-9482-0be0199dd49c@group-684B8F10E788:LeaderElection189] INFO  impl.RoleInfo (RoleInfo.java:shutdownLeaderElection(134)) - 56396258-65a3-478c-9482-0be0199dd49c: shutdown LeaderElection
2019-09-25 05:06:45,368 [56396258-65a3-478c-9482-0be0199dd49c@group-684B8F10E788:LeaderElection189] INFO  impl.RaftServerImpl (RaftServerImpl.java:setRole(174)) - 56396258-65a3-478c-9482-0be0199dd49c@group-684B8F10E788: changes role from CANDIDATE to LEADER at term 1 for changeToLeader
2019-09-25 05:06:45,355 [Thread-1190] INFO  impl.RoleInfo (RoleInfo.java:shutdownFollowerState(121)) - 36ac27b3-2f11-437d-8f1f-165306b0ff4a: shutdown FollowerState
2019-09-25 05:06:45,368 [Thread-1190] INFO  impl.RaftServerImpl (RaftServerImpl.java:setRole(174)) - 36ac27b3-2f11-437d-8f1f-165306b0ff4a@group-B8FD25FCA5CE: changes role from  FOLLOWER to CANDIDATE at term 0 for changeToCandidate
2019-09-25 05:06:45,355 [Thread-1183] INFO  impl.RoleInfo (RoleInfo.java:shutdownFollowerState(121)) - 56396258-65a3-478c-9482-0be0199dd49c: shutdown FollowerState
2019-09-25 05:06:45,368 [Thread-1183] INFO  impl.RaftServerImpl (RaftServerImpl.java:setRole(174)) - 56396258-65a3-478c-9482-0be0199dd49c@group-F16BF35F1496: changes role from  FOLLOWER to CANDIDATE at term 0 for changeToCandidate
2019-09-25 05:06:45,355 [Thread-1174] INFO  impl.RoleInfo (RoleInfo.java:shutdownFollowerState(121)) - 692224c4-5202-4921-98cc-04d5c60c79cc: shutdown FollowerState
2019-09-25 05:06:45,354 [de37f7a0-0375-40a9-a318-404478482fcb@group-004FB6FC5979:LeaderElection197] INFO  impl.RoleInfo (RoleInfo.java:shutdownLeaderElection(134)) - de37f7a0-0375-40a9-a318-404478482fcb: shutdown LeaderElection
2019-09-25 05:06:45,369 [de37f7a0-0375-40a9-a318-404478482fcb@group-004FB6FC5979:LeaderElection197] INFO  impl.RaftServerImpl (RaftServerImpl.java:setRole(174)) - de37f7a0-0375-40a9-a318-404478482fcb@group-004FB6FC5979: changes role from CANDIDATE to LEADER at term 1 for changeToLeader
2019-09-25 05:06:45,354 [36ac27b3-2f11-437d-8f1f-165306b0ff4a@group-4305B25424B2:LeaderElection184] INFO  impl.RoleInfo (RoleInfo.java:shutdownLeaderElection(134)) - 36ac27b3-2f11-437d-8f1f-165306b0ff4a: shutdown LeaderElection
2019-09-25 05:06:45,369 [36ac27b3-2f11-437d-8f1f-165306b0ff4a@group-4305B25424B2:LeaderElection184] INFO  impl.RaftServerImpl (RaftServerImpl.java:setRole(174)) - 36ac27b3-2f11-437d-8f1f-165306b0ff4a@group-4305B25424B2: changes role from CANDIDATE to LEADER at term 1 for changeToLeader
2019-09-25 05:06:45,354 [36ac27b3-2f11-437d-8f1f-165306b0ff4a@group-3D1B0F350F7D:LeaderElection198] INFO  impl.RoleInfo (RoleInfo.java:shutdownLeaderElection(134)) - 36ac27b3-2f11-437d-8f1f-165306b0ff4a: shutdown LeaderElection
2019-09-25 05:06:45,354 [692224c4-5202-4921-98cc-04d5c60c79cc@group-D1D03DE76CDC:LeaderElection199] INFO  impl.RoleInfo (RoleInfo.java:shutdownLeaderElection(134)) - 692224c4-5202-4921-98cc-04d5c60c79cc: shutdown LeaderElection
2019-09-25 05:06:45,354 [de37f7a0-0375-40a9-a318-404478482fcb@group-74433BE8EB19-SegmentedRaftLogWorker] INFO  impl.RaftServerImpl (ServerState.java:close(385)) - de37f7a0-0375-40a9-a318-404478482fcb@group-74433BE8EB19: closes. applyIndex: -1
2019-09-25 05:06:45,353 [de37f7a0-0375-40a9-a318-404478482fcb@group-FD0A651E9541:LeaderElection163] INFO  impl.RoleInfo (RoleInfo.java:updateAndGet(143)) - de37f7a0-0375-40a9-a318-404478482fcb: start LeaderState
2019-09-25 05:06:45,352 [f77bfc29-6991-4b1d-a503-f706c83de4fc@group-883DC29D19B9:LeaderElection166] INFO  server.RaftServerConfigKeys (ConfUtils.java:logGet(43)) - raft.server.watch.element-limit = 65536 (default)
2019-09-25 05:06:45,352 [b4fa7d23-6606-45fd-9544-2b08ca3fa933@group-CE384E8B40B3:LeaderElection172] INFO  server.RaftServerConfigKeys (ConfUtils.java:logGet(43)) - raft.server.watch.element-limit = 65536 (default)
2019-09-25 05:06:45,352 [36ac27b3-2f11-437d-8f1f-165306b0ff4a@group-1BEF9D94C117:LeaderElection165] INFO  impl.RoleInfo (RoleInfo.java:updateAndGet(143)) - 36ac27b3-2f11-437d-8f1f-165306b0ff4a: start LeaderState
2019-09-25 05:06:45,352 [c8798e02-7f0c-41f7-82c2-a17323bcf21e@group-E2AAA7B81356:LeaderElection171] INFO  server.RaftServerConfigKeys (ConfUtils.java:logGet(43)) - raft.server.watch.timeout = 10s (default)
2019-09-25 05:06:45,351 [de37f7a0-0375-40a9-a318-404478482fcb@group-43B884B10E8C:LeaderElection168] INFO  server.RaftServerConfigKeys (ConfUtils.java:logGet(43)) - raft.server.watch.timeout.denomination = 1s (default)
2019-09-25 05:06:45,351 [56396258-65a3-478c-9482-0be0199dd49c@group-9F86D8309F5D:LeaderElection164] INFO  server.RaftServerConfigKeys (ConfUtils.java:logGet(43)) - raft.server.watch.timeout.denomination = 1s (default)
2019-09-25 05:06:45,351 [56396258-65a3-478c-9482-0be0199dd49c@group-7C80C09CAEA0:LeaderElection194] INFO  impl.LeaderElection (LeaderElection.java:askForVotes(182)) - 56396258-65a3-478c-9482-0be0199dd49c@group-7C80C09CAEA0:LeaderElection194: begin an election at term 1 for -1: [56396258-65a3-478c-9482-0be0199dd49c:192.168.30.10:41678], old=null
2019-09-25 05:06:45,351 [692224c4-5202-4921-98cc-04d5c60c79cc@group-291240DAD94B:LeaderElection191] INFO  impl.LeaderElection (LeaderElection.java:askForVotes(182)) - 692224c4-5202-4921-98cc-04d5c60c79cc@group-291240DAD94B:LeaderElection191: begin an election at term 1 for -1: [692224c4-5202-4921-98cc-04d5c60c79cc:192.168.30.10:38144], old=null
2019-09-25 05:06:45,351 [c8798e02-7f0c-41f7-82c2-a17323bcf21e@group-01FE6C175D2C:LeaderElection193] INFO  impl.LeaderElection (LeaderElection.java:askForVotes(182)) - c8798e02-7f0c-41f7-82c2-a17323bcf21e@group-01FE6C175D2C:LeaderElection193: begin an election at term 1 for -1: [c8798e02-7f0c-41f7-82c2-a17323bcf21e:192.168.30.10:40603], old=null
2019-09-25 05:06:45,351 [b4fa7d23-6606-45fd-9544-2b08ca3fa933@group-E25C07AA9899:LeaderElection196] INFO  impl.LeaderElection (LeaderElection.java:askForVotes(182)) - b4fa7d23-6606-45fd-9544-2b08ca3fa933@group-E25C07AA9899:LeaderElection196: begin an election at term 1 for -1: [b4fa7d23-6606-45fd-9544-2b08ca3fa933:192.168.30.10:34493], old=null
2019-09-25 05:06:45,351 [de37f7a0-0375-40a9-a318-404478482fcb@group-FF5438954BFD:LeaderElection192] INFO  impl.LeaderElection (LeaderElection.java:askForVotes(182)) - de37f7a0-0375-40a9-a318-404478482fcb@group-FF5438954BFD:LeaderElection192: begin an election at term 1 for -1: [de37f7a0-0375-40a9-a318-404478482fcb:192.168.30.10:44522], old=null
2019-09-25 05:06:45,351 [36ac27b3-2f11-437d-8f1f-165306b0ff4a@group-8F9482EFFF29:LeaderElection195] INFO  impl.LeaderElection (LeaderElection.java:askForVotes(182)) - 36ac27b3-2f11-437d-8f1f-165306b0ff4a@group-8F9482EFFF29:LeaderElection195: begin an election at term 1 for -1: [36ac27b3-2f11-437d-8f1f-165306b0ff4a:192.168.30.10:45265], old=null
2019-09-25 05:06:45,343 [36ac27b3-2f11-437d-8f1f-165306b0ff4a@group-5181C418506D-SegmentedRaftLogWorker] ERROR segmented.SegmentedRaftLogWorker (SegmentedRaftLogWorker.java:run(323)) - 36ac27b3-2f11-437d-8f1f-165306b0ff4a@group-5181C418506D-SegmentedRaftLogWorker hit exception
java.lang.OutOfMemoryError: Direct buffer memory
	at java.nio.Bits.reserveMemory(Bits.java:666)
	at java.nio.DirectByteBuffer.<init>(DirectByteBuffer.java:123)
	at java.nio.ByteBuffer.allocateDirect(ByteBuffer.java:311)
	at org.apache.ratis.server.raftlog.segmented.BufferedWriteChannel.<init>(BufferedWriteChannel.java:41)
	at org.apache.ratis.server.raftlog.segmented.SegmentedRaftLogOutputStream.<init>(SegmentedRaftLogOutputStream.java:72)
	at org.apache.ratis.server.raftlog.segmented.SegmentedRaftLogWorker$StartLogSegment.execute(SegmentedRaftLogWorker.java:566)
	at org.apache.ratis.server.raftlog.segmented.SegmentedRaftLogWorker.run(SegmentedRaftLogWorker.java:289)
	at java.lang.Thread.run(Thread.java:748)
2019-09-25 05:06:45,343 [c8798e02-7f0c-41f7-82c2-a17323bcf21e@group-D347DF8354E9-SegmentedRaftLogWorker] ERROR segmented.SegmentedRaftLogWorker (SegmentedRaftLogWorker.java:run(323)) - c8798e02-7f0c-41f7-82c2-a17323bcf21e@group-D347DF8354E9-SegmentedRaftLogWorker hit exception
java.lang.OutOfMemoryError: Direct buffer memory
	at java.nio.Bits.reserveMemory(Bits.java:666)
	at java.nio.DirectByteBuffer.<init>(DirectByteBuffer.java:123)
	at java.nio.ByteBuffer.allocateDirect(ByteBuffer.java:311)
	at org.apache.ratis.server.raftlog.segmented.BufferedWriteChannel.<init>(BufferedWriteChannel.java:41)
	at org.apache.ratis.server.raftlog.segmented.SegmentedRaftLogOutputStream.<init>(SegmentedRaftLogOutputStream.java:72)
	at org.apache.ratis.server.raftlog.segmented.SegmentedRaftLogWorker$StartLogSegment.execute(SegmentedRaftLogWorker.java:566)
	at org.apache.ratis.server.raftlog.segmented.SegmentedRaftLogWorker.run(SegmentedRaftLogWorker.java:289)
	at java.lang.Thread.run(Thread.java:748)
2019-09-25 05:06:45,343 [Thread-1202] INFO  impl.FollowerState (FollowerState.java:run(106)) - de37f7a0-0375-40a9-a318-404478482fcb:group-6106A46ED489 changes to CANDIDATE, lastRpcTime:5081, electionTimeout:5048ms
2019-09-25 05:06:45,056 [c8798e02-7f0c-41f7-82c2-a17323bcf21e@group-CA2EC9FE2309:LeaderElection170] INFO  server.RaftServerConfigKeys (ConfUtils.java:logGet(43)) - raft.server.watch.timeout.denomination = 1s (default)
2019-09-25 05:06:45,056 [36ac27b3-2f11-437d-8f1f-165306b0ff4a@group-A2E6AEF067B1:LeaderElection155] INFO  impl.RaftServerImpl (ServerState.java:setRaftConf(354)) - 36ac27b3-2f11-437d-8f1f-165306b0ff4a@group-A2E6AEF067B1: set configuration 0: [36ac27b3-2f11-437d-8f1f-165306b0ff4a:192.168.30.10:45265], old=null at 0
2019-09-25 05:06:45,372 [f77bfc29-6991-4b1d-a503-f706c83de4fc@group-883DC29D19B9:LeaderElection166] INFO  impl.RoleInfo (RoleInfo.java:updateAndGet(143)) - f77bfc29-6991-4b1d-a503-f706c83de4fc: start LeaderState
2019-09-25 05:06:45,056 [56396258-65a3-478c-9482-0be0199dd49c@group-629F40061B83:LeaderElection156] INFO  impl.RoleInfo (RoleInfo.java:updateAndGet(143)) - 56396258-65a3-478c-9482-0be0199dd49c: start LeaderState
2019-09-25 05:06:45,056 [pool-77-thread-1] INFO  impl.RaftServerImpl (ServerState.java:<init>(103)) - b4fa7d23-6606-45fd-9544-2b08ca3fa933@group-781134155B80: ConfigurationManager, init=-1: [b4fa7d23-6606-45fd-9544-2b08ca3fa933:192.168.30.10:34493], old=null, confs=<EMPTY_MAP>
2019-09-25 05:06:45,055 [36ac27b3-2f11-437d-8f1f-165306b0ff4a@group-0E4AB3140789:LeaderElection167] INFO  server.RaftServerConfigKeys (ConfUtils.java:logGet(43)) - raft.server.watch.element-limit = 65536 (default)
2019-09-25 05:06:45,055 [36ac27b3-2f11-437d-8f1f-165306b0ff4a@group-2775D6089813:LeaderElection176] INFO  server.RaftServerConfigKeys (ConfUtils.java:logGet(43)) - raft.server.watch.element-limit = 65536 (default)
2019-09-25 05:06:45,055 [692224c4-5202-4921-98cc-04d5c60c79cc@group-C6E7FE130C15:LeaderElection174] INFO  server.RaftServerConfigKeys (ConfUtils.java:logGet(43)) - raft.server.watch.timeout.denomination = 1s (default)
2019-09-25 05:06:45,373 [692224c4-5202-4921-98cc-04d5c60c79cc@group-C6E7FE130C15:LeaderElection174] INFO  server.RaftServerConfigKeys (ConfUtils.java:logGet(43)) - raft.server.watch.element-limit = 65536 (default)
2019-09-25 05:06:45,055 [56396258-65a3-478c-9482-0be0199dd49c@group-4682414C107C:LeaderElection173] INFO  server.RaftServerConfigKeys (ConfUtils.java:logGet(43)) - raft.server.watch.timeout = 10s (default)
2019-09-25 05:06:45,373 [56396258-65a3-478c-9482-0be0199dd49c@group-4682414C107C:LeaderElection173] INFO  server.RaftServerConfigKeys (ConfUtils.java:logGet(43)) - raft.server.watch.timeout.denomination = 1s (default)
2019-09-25 05:06:45,054 [f77bfc29-6991-4b1d-a503-f706c83de4fc@group-AC9D764C8055:LeaderElection175] INFO  server.RaftServerConfigKeys (ConfUtils.java:logGet(43)) - raft.server.watch.timeout.denomination = 1s (default)
2019-09-25 05:06:45,054 [36ac27b3-2f11-437d-8f1f-165306b0ff4a@group-363D8F71D846:LeaderElection169] INFO  server.RaftServerConfigKeys (ConfUtils.java:logGet(43)) - raft.server.watch.timeout.denomination = 1s (default)
2019-09-25 05:06:45,054 [Thread-1180] INFO  impl.RoleInfo (RoleInfo.java:shutdownFollowerState(121)) - c8798e02-7f0c-41f7-82c2-a17323bcf21e: shutdown FollowerState
2019-09-25 05:06:45,374 [36ac27b3-2f11-437d-8f1f-165306b0ff4a@group-363D8F71D846:LeaderElection169] INFO  server.RaftServerConfigKeys (ConfUtils.java:logGet(43)) - raft.server.watch.element-limit = 65536 (default)
2019-09-25 05:06:45,374 [f77bfc29-6991-4b1d-a503-f706c83de4fc@group-AC9D764C8055:LeaderElection175] INFO  server.RaftServerConfigKeys (ConfUtils.java:logGet(43)) - raft.server.watch.element-limit = 65536 (default)
2019-09-25 05:06:45,374 [56396258-65a3-478c-9482-0be0199dd49c@group-4682414C107C:LeaderElection173] INFO  server.RaftServerConfigKeys (ConfUtils.java:logGet(43)) - raft.server.watch.element-limit = 65536 (default)
2019-09-25 05:06:45,373 [pool-77-thread-1] INFO  server.RaftServerConfigKeys (ConfUtils.java:logGet(43)) - raft.server.storage.dir = [/workdir/hadoop-ozone/integration-test/target/test-dir/MiniOzoneClusterImpl-23306158-e895-4fc7-80df-ce6c264c388b/datanode-5/data/ratis] (custom)
2019-09-25 05:06:45,373 [56396258-65a3-478c-9482-0be0199dd49c@group-629F40061B83:LeaderElection156] INFO  segmented.SegmentedRaftLogWorker (SegmentedRaftLogWorker.java:startLogSegment(380)) - 56396258-65a3-478c-9482-0be0199dd49c@group-629F40061B83-SegmentedRaftLogWorker: Starting segment from index:0
2019-09-25 05:06:45,372 [b4fa7d23-6606-45fd-9544-2b08ca3fa933@group-CE384E8B40B3:LeaderElection172] INFO  impl.RoleInfo (RoleInfo.java:updateAndGet(143)) - b4fa7d23-6606-45fd-9544-2b08ca3fa933: start LeaderState
2019-09-25 05:06:45,372 [f77bfc29-6991-4b1d-a503-f706c83de4fc@group-883DC29D19B9:LeaderElection166] INFO  segmented.SegmentedRaftLogWorker (SegmentedRaftLogWorker.java:startLogSegment(380)) - f77bfc29-6991-4b1d-a503-f706c83de4fc@group-883DC29D19B9-SegmentedRaftLogWorker: Starting segment from index:0
2019-09-25 05:06:45,372 [c8798e02-7f0c-41f7-82c2-a17323bcf21e@group-CA2EC9FE2309:LeaderElection170] INFO  server.RaftServerConfigKeys (ConfUtils.java:logGet(43)) - raft.server.watch.element-limit = 65536 (default)
2019-09-25 05:06:45,372 [Thread-1202] INFO  impl.RoleInfo (RoleInfo.java:shutdownFollowerState(121)) - de37f7a0-0375-40a9-a318-404478482fcb: shutdown FollowerState
2019-09-25 05:06:45,375 [56396258-65a3-478c-9482-0be0199dd49c@group-629F40061B83:LeaderElection156] INFO  impl.RaftServerImpl (ServerState.java:setRaftConf(354)) - 56396258-65a3-478c-9482-0be0199dd49c@group-629F40061B83: set configuration 0: [56396258-65a3-478c-9482-0be0199dd49c:192.168.30.10:41678], old=null at 0
2019-09-25 05:06:45,372 [c8798e02-7f0c-41f7-82c2-a17323bcf21e@group-D347DF8354E9-SegmentedRaftLogWorker] INFO  impl.RaftServerImpl (RaftServerImpl.java:lambda$shutdown$3(251)) - c8798e02-7f0c-41f7-82c2-a17323bcf21e@group-D347DF8354E9: shutdown
2019-09-25 05:06:45,372 [36ac27b3-2f11-437d-8f1f-165306b0ff4a@group-5181C418506D-SegmentedRaftLogWorker] INFO  impl.RaftServerImpl (RaftServerImpl.java:lambda$shutdown$3(251)) - 36ac27b3-2f11-437d-8f1f-165306b0ff4a@group-5181C418506D: shutdown
2019-09-25 05:06:45,372 [f77bfc29-6991-4b1d-a503-f706c83de4fc@group-D768D80F0CB2:LeaderElection206] INFO  impl.LeaderElection (LeaderElection.java:askForVotes(182)) - f77bfc29-6991-4b1d-a503-f706c83de4fc@group-D768D80F0CB2:LeaderElection206: begin an election at term 1 for -1: [f77bfc29-6991-4b1d-a503-f706c83de4fc:192.168.30.10:35112], old=null
2019-09-25 05:06:45,372 [c8798e02-7f0c-41f7-82c2-a17323bcf21e@group-585132BA0174:LeaderElection205] INFO  impl.LeaderElection (LeaderElection.java:askForVotes(182)) - c8798e02-7f0c-41f7-82c2-a17323bcf21e@group-585132BA0174:LeaderElection205: begin an election at term 1 for -1: [c8798e02-7f0c-41f7-82c2-a17323bcf21e:192.168.30.10:40603], old=null
2019-09-25 05:06:45,372 [de37f7a0-0375-40a9-a318-404478482fcb@group-844261D92A00:LeaderElection207] INFO  impl.LeaderElection (LeaderElection.java:askForVotes(182)) - de37f7a0-0375-40a9-a318-404478482fcb@group-844261D92A00:LeaderElection207: begin an election at term 1 for -1: [de37f7a0-0375-40a9-a318-404478482fcb:192.168.30.10:44522], old=null
2019-09-25 05:06:45,371 [36ac27b3-2f11-437d-8f1f-165306b0ff4a@group-8F9482EFFF29:LeaderElection195] INFO  impl.RoleInfo (RoleInfo.java:shutdownLeaderElection(134)) - 36ac27b3-2f11-437d-8f1f-165306b0ff4a: shutdown LeaderElection
2019-09-25 05:06:45,371 [de37f7a0-0375-40a9-a318-404478482fcb@group-FF5438954BFD:LeaderElection192] INFO  impl.RoleInfo (RoleInfo.java:shutdownLeaderElection(134)) - de37f7a0-0375-40a9-a318-404478482fcb: shutdown LeaderElection
2019-09-25 05:06:45,371 [b4fa7d23-6606-45fd-9544-2b08ca3fa933@group-E25C07AA9899:LeaderElection196] INFO  impl.RoleInfo (RoleInfo.java:shutdownLeaderElection(134)) - b4fa7d23-6606-45fd-9544-2b08ca3fa933: shutdown LeaderElection
2019-09-25 05:06:45,875 [36ac27b3-2f11-437d-8f1f-165306b0ff4a@group-5181C418506D-SegmentedRaftLogWorker] INFO  util.JmxRegister (JmxRegister.java:unregister(73)) - Successfully un-registered JMX Bean with object name Ratis:service=RaftServer,group=group-5181C418506D,id=36ac27b3-2f11-437d-8f1f-165306b0ff4a
2019-09-25 05:06:45,371 [c8798e02-7f0c-41f7-82c2-a17323bcf21e@group-01FE6C175D2C:LeaderElection193] INFO  impl.RoleInfo (RoleInfo.java:shutdownLeaderElection(134)) - c8798e02-7f0c-41f7-82c2-a17323bcf21e: shutdown LeaderElection
2019-09-25 05:06:45,371 [692224c4-5202-4921-98cc-04d5c60c79cc@group-291240DAD94B:LeaderElection191] INFO  impl.RoleInfo (RoleInfo.java:shutdownLeaderElection(134)) - 692224c4-5202-4921-98cc-04d5c60c79cc: shutdown LeaderElection
2019-09-25 05:06:45,371 [56396258-65a3-478c-9482-0be0199dd49c@group-7C80C09CAEA0:LeaderElection194] INFO  impl.RoleInfo (RoleInfo.java:shutdownLeaderElection(134)) - 56396258-65a3-478c-9482-0be0199dd49c: shutdown LeaderElection
2019-09-25 05:06:45,371 [56396258-65a3-478c-9482-0be0199dd49c@group-9F86D8309F5D:LeaderElection164] INFO  server.RaftServerConfigKeys (ConfUtils.java:logGet(43)) - raft.server.watch.element-limit = 65536 (default)
2019-09-25 05:06:45,370 [de37f7a0-0375-40a9-a318-404478482fcb@group-43B884B10E8C:LeaderElection168] INFO  server.RaftServerConfigKeys (ConfUtils.java:logGet(43)) - raft.server.watch.element-limit = 65536 (default)
2019-09-25 05:06:45,370 [c8798e02-7f0c-41f7-82c2-a17323bcf21e@group-E2AAA7B81356:LeaderElection171] INFO  server.RaftServerConfigKeys (ConfUtils.java:logGet(43)) - raft.server.watch.timeout.denomination = 1s (default)
2019-09-25 05:06:45,370 [36ac27b3-2f11-437d-8f1f-165306b0ff4a@group-1BEF9D94C117:LeaderElection165] INFO  segmented.SegmentedRaftLogWorker (SegmentedRaftLogWorker.java:startLogSegment(380)) - 36ac27b3-2f11-437d-8f1f-165306b0ff4a@group-1BEF9D94C117-SegmentedRaftLogWorker: Starting segment from index:0
2019-09-25 05:06:45,370 [de37f7a0-0375-40a9-a318-404478482fcb@group-FD0A651E9541:LeaderElection163] INFO  segmented.SegmentedRaftLogWorker (SegmentedRaftLogWorker.java:startLogSegment(380)) - de37f7a0-0375-40a9-a318-404478482fcb@group-FD0A651E9541-SegmentedRaftLogWorker: Starting segment from index:0
2019-09-25 05:06:45,370 [de37f7a0-0375-40a9-a318-404478482fcb@group-74433BE8EB19-SegmentedRaftLogWorker] INFO  segmented.SegmentedRaftLogWorker (SegmentedRaftLogWorker.java:close(228)) - de37f7a0-0375-40a9-a318-404478482fcb@group-74433BE8EB19-SegmentedRaftLogWorker close()
2019-09-25 05:06:45,369 [692224c4-5202-4921-98cc-04d5c60c79cc@group-D1D03DE76CDC:LeaderElection199] INFO  impl.RaftServerImpl (RaftServerImpl.java:setRole(174)) - 692224c4-5202-4921-98cc-04d5c60c79cc@group-D1D03DE76CDC: changes role from CANDIDATE to LEADER at term 1 for changeToLeader
2019-09-25 05:06:45,369 [36ac27b3-2f11-437d-8f1f-165306b0ff4a@group-3D1B0F350F7D:LeaderElection198] INFO  impl.RaftServerImpl (RaftServerImpl.java:setRole(174)) - 36ac27b3-2f11-437d-8f1f-165306b0ff4a@group-3D1B0F350F7D: changes role from CANDIDATE to LEADER at term 1 for changeToLeader
2019-09-25 05:06:45,369 [36ac27b3-2f11-437d-8f1f-165306b0ff4a@group-4305B25424B2:LeaderElection184] INFO  impl.RaftServerImpl (ServerState.java:setLeader(253)) - 36ac27b3-2f11-437d-8f1f-165306b0ff4a@group-4305B25424B2: change Leader from null to 36ac27b3-2f11-437d-8f1f-165306b0ff4a at term 1 for becomeLeader, leader elected after 7583ms
2019-09-25 05:06:45,369 [de37f7a0-0375-40a9-a318-404478482fcb@group-004FB6FC5979:LeaderElection197] INFO  impl.RaftServerImpl (ServerState.java:setLeader(253)) - de37f7a0-0375-40a9-a318-404478482fcb@group-004FB6FC5979: change Leader from null to de37f7a0-0375-40a9-a318-404478482fcb at term 1 for becomeLeader, leader elected after 6594ms
2019-09-25 05:06:45,369 [Thread-1174] INFO  impl.RaftServerImpl (RaftServerImpl.java:setRole(174)) - 692224c4-5202-4921-98cc-04d5c60c79cc@group-2600225F0C75: changes role from  FOLLOWER to CANDIDATE at term 0 for changeToCandidate
2019-09-25 05:06:45,369 [Thread-1183] INFO  impl.RoleInfo (RoleInfo.java:updateAndGet(143)) - 56396258-65a3-478c-9482-0be0199dd49c: start LeaderElection
2019-09-25 05:06:45,368 [Thread-1190] INFO  impl.RoleInfo (RoleInfo.java:updateAndGet(143)) - 36ac27b3-2f11-437d-8f1f-165306b0ff4a: start LeaderElection
2019-09-25 05:06:45,368 [c8798e02-7f0c-41f7-82c2-a17323bcf21e@group-27685CAB4247:LeaderElection203] INFO  impl.LeaderElection (LeaderElection.java:askForVotes(182)) - c8798e02-7f0c-41f7-82c2-a17323bcf21e@group-27685CAB4247:LeaderElection203: begin an election at term 1 for -1: [c8798e02-7f0c-41f7-82c2-a17323bcf21e:192.168.30.10:40603], old=null
2019-09-25 05:06:45,368 [de37f7a0-0375-40a9-a318-404478482fcb@group-B95B81D35B14:LeaderElection201] INFO  impl.LeaderElection (LeaderElection.java:askForVotes(182)) - de37f7a0-0375-40a9-a318-404478482fcb@group-B95B81D35B14:LeaderElection201: begin an election at term 1 for -1: [de37f7a0-0375-40a9-a318-404478482fcb:192.168.30.10:44522], old=null
2019-09-25 05:06:45,368 [36ac27b3-2f11-437d-8f1f-165306b0ff4a@group-97ACEA6CCC76:LeaderElection200] INFO  impl.LeaderElection (LeaderElection.java:askForVotes(182)) - 36ac27b3-2f11-437d-8f1f-165306b0ff4a@group-97ACEA6CCC76:LeaderElection200: begin an election at term 1 for -1: [36ac27b3-2f11-437d-8f1f-165306b0ff4a:192.168.30.10:45265], old=null
2019-09-25 05:06:46,366 [36ac27b3-2f11-437d-8f1f-165306b0ff4a@group-97ACEA6CCC76:LeaderElection200] INFO  impl.RoleInfo (RoleInfo.java:shutdownLeaderElection(134)) - 36ac27b3-2f11-437d-8f1f-165306b0ff4a: shutdown LeaderElection
2019-09-25 05:06:45,368 [b4fa7d23-6606-45fd-9544-2b08ca3fa933@group-066198227AC4:LeaderElection204] INFO  impl.LeaderElection (LeaderElection.java:askForVotes(182)) - b4fa7d23-6606-45fd-9544-2b08ca3fa933@group-066198227AC4:LeaderElection204: begin an election at term 1 for -1: [b4fa7d23-6606-45fd-9544-2b08ca3fa933:192.168.30.10:34493], old=null
2019-09-25 05:06:45,368 [f77bfc29-6991-4b1d-a503-f706c83de4fc@group-EA538770045D:LeaderElection202] INFO  impl.LeaderElection (LeaderElection.java:askForVotes(182)) - f77bfc29-6991-4b1d-a503-f706c83de4fc@group-EA538770045D:LeaderElection202: begin an election at term 1 for -1: [f77bfc29-6991-4b1d-a503-f706c83de4fc:192.168.30.10:35112], old=null
2019-09-25 05:06:45,368 [56396258-65a3-478c-9482-0be0199dd49c@group-684B8F10E788:LeaderElection189] INFO  impl.RaftServerImpl (ServerState.java:setLeader(253)) - 56396258-65a3-478c-9482-0be0199dd49c@group-684B8F10E788: change Leader from null to 56396258-65a3-478c-9482-0be0199dd49c at term 1 for becomeLeader, leader elected after 6782ms
2019-09-25 05:06:46,367 [56396258-65a3-478c-9482-0be0199dd49c@group-684B8F10E788:LeaderElection189] INFO  server.RaftServerConfigKeys (ConfUtils.java:logGet(43)) - raft.server.staging.catchup.gap = 1000 (default)
2019-09-25 05:06:45,368 [692224c4-5202-4921-98cc-04d5c60c79cc@group-F3E95C0A9DF3:LeaderElection188] INFO  impl.RaftServerImpl (ServerState.java:setLeader(253)) - 692224c4-5202-4921-98cc-04d5c60c79cc@group-F3E95C0A9DF3: change Leader from null to 692224c4-5202-4921-98cc-04d5c60c79cc at term 1 for becomeLeader, leader elected after 6746ms
2019-09-25 05:06:45,368 [f77bfc29-6991-4b1d-a503-f706c83de4fc@group-943D603B2157-SegmentedRaftLogWorker] INFO  impl.PendingRequests (PendingRequests.java:sendNotLeaderResponses(202)) - f77bfc29-6991-4b1d-a503-f706c83de4fc-PendingRequests: sendNotLeaderResponses
2019-09-25 05:06:45,367 [de37f7a0-0375-40a9-a318-404478482fcb@group-6F794C7E7E86-SegmentedRaftLogWorker] INFO  impl.RaftServerImpl (ServerState.java:close(385)) - de37f7a0-0375-40a9-a318-404478482fcb@group-6F794C7E7E86: closes. applyIndex: -1
2019-09-25 05:06:45,367 [c8798e02-7f0c-41f7-82c2-a17323bcf21e@group-40F93C6485DE:LeaderElection185] INFO  impl.RaftServerImpl (ServerState.java:setLeader(253)) - c8798e02-7f0c-41f7-82c2-a17323bcf21e@group-40F93C6485DE: change Leader from null to c8798e02-7f0c-41f7-82c2-a17323bcf21e at term 1 for becomeLeader, leader elected after 6956ms
2019-09-25 05:06:45,367 [de37f7a0-0375-40a9-a318-404478482fcb@group-907A1360165D-SegmentedRaftLogWorker] INFO  util.JmxRegister (JmxRegister.java:unregister(73)) - Successfully un-registered JMX Bean with object name Ratis:service=RaftServer,group=group-907A1360165D,id=de37f7a0-0375-40a9-a318-404478482fcb
2019-09-25 05:06:46,368 [de37f7a0-0375-40a9-a318-404478482fcb@group-907A1360165D-SegmentedRaftLogWorker] INFO  impl.RoleInfo (RoleInfo.java:shutdownLeaderState(104)) - de37f7a0-0375-40a9-a318-404478482fcb: shutdown LeaderState
2019-09-25 05:06:45,367 [36ac27b3-2f11-437d-8f1f-165306b0ff4a@group-4D833DA1A1E5-SegmentedRaftLogWorker] INFO  impl.StateMachineUpdater (StateMachineUpdater.java:stopAndJoin(125)) - 36ac27b3-2f11-437d-8f1f-165306b0ff4a@group-4D833DA1A1E5-StateMachineUpdater: set stopIndex = -1
2019-09-25 05:06:46,369 [36ac27b3-2f11-437d-8f1f-165306b0ff4a@group-4D833DA1A1E5-SegmentedRaftLogWorker] INFO  impl.RaftServerImpl (ServerState.java:close(385)) - 36ac27b3-2f11-437d-8f1f-165306b0ff4a@group-4D833DA1A1E5: closes. applyIndex: -1
2019-09-25 05:06:45,367 [c8798e02-7f0c-41f7-82c2-a17323bcf21e@group-6EA6BB54F6C5:LeaderElection187] INFO  impl.RaftServerImpl (ServerState.java:setLeader(253)) - c8798e02-7f0c-41f7-82c2-a17323bcf21e@group-6EA6BB54F6C5: change Leader from null to c8798e02-7f0c-41f7-82c2-a17323bcf21e at term 1 for becomeLeader, leader elected after 7094ms
2019-09-25 05:06:45,366 [692224c4-5202-4921-98cc-04d5c60c79cc@group-472DDFC1AB9B:LeaderElection182] INFO  impl.RaftServerImpl (ServerState.java:setLeader(253)) - 692224c4-5202-4921-98cc-04d5c60c79cc@group-472DDFC1AB9B: change Leader from null to 692224c4-5202-4921-98cc-04d5c60c79cc at term 1 for becomeLeader, leader elected after 7528ms
2019-09-25 05:06:45,366 [de37f7a0-0375-40a9-a318-404478482fcb@group-5A74E072F61B:LeaderElection186] INFO  impl.RaftServerImpl (ServerState.java:setLeader(253)) - de37f7a0-0375-40a9-a318-404478482fcb@group-5A74E072F61B: change Leader from null to de37f7a0-0375-40a9-a318-404478482fcb at term 1 for becomeLeader, leader elected after 7182ms
2019-09-25 05:06:45,366 [de37f7a0-0375-40a9-a318-404478482fcb@group-7F1AFF99EFF0:LeaderElection177] INFO  impl.RaftServerImpl (ServerState.java:setLeader(253)) - de37f7a0-0375-40a9-a318-404478482fcb@group-7F1AFF99EFF0: change Leader from null to de37f7a0-0375-40a9-a318-404478482fcb at term 1 for becomeLeader, leader elected after 7227ms
2019-09-25 05:06:45,366 [c8798e02-7f0c-41f7-82c2-a17323bcf21e@group-DCE788CCD7A8:LeaderElection183] INFO  server.RaftServerConfigKeys (ConfUtils.java:logGet(43)) - raft.server.staging.catchup.gap = 1000 (default)
2019-09-25 05:06:46,375 [c8798e02-7f0c-41f7-82c2-a17323bcf21e@group-DCE788CCD7A8:LeaderElection183] INFO  server.RaftServerConfigKeys (ConfUtils.java:logGet(43)) - raft.server.rpc.sleep.time = 25ms (default)
2019-09-25 05:06:45,366 [692224c4-5202-4921-98cc-04d5c60c79cc@group-F4E8E11F483F:LeaderElection190] INFO  server.RaftServerConfigKeys (ConfUtils.java:logGet(43)) - raft.server.staging.catchup.gap = 1000 (default)
2019-09-25 05:06:45,366 [56396258-65a3-478c-9482-0be0199dd49c@group-76180D615ACC:LeaderElection180] INFO  server.RaftServerConfigKeys (ConfUtils.java:logGet(43)) - raft.server.staging.catchup.gap = 1000 (default)
2019-09-25 05:06:45,366 [36ac27b3-2f11-437d-8f1f-165306b0ff4a@group-C23BB28F7D26:LeaderElection181] INFO  server.RaftServerConfigKeys (ConfUtils.java:logGet(43)) - raft.server.rpc.sleep.time = 25ms (default)
2019-09-25 05:06:45,366 [56396258-65a3-478c-9482-0be0199dd49c@group-7B75987BA3EA-SegmentedRaftLogWorker] INFO  impl.RoleInfo (RoleInfo.java:shutdownLeaderState(104)) - 56396258-65a3-478c-9482-0be0199dd49c: shutdown LeaderState
2019-09-25 05:06:45,365 [de37f7a0-0375-40a9-a318-404478482fcb@group-8C9EF31E2CD5:LeaderElection178] INFO  server.RaftServerConfigKeys (ConfUtils.java:logGet(43)) - raft.server.rpc.sleep.time = 25ms (default)
2019-09-25 05:06:45,365 [c8798e02-7f0c-41f7-82c2-a17323bcf21e@group-2C40EDA8D719:LeaderElection179] INFO  server.RaftServerConfigKeys (ConfUtils.java:logGet(43)) - raft.server.rpc.sleep.time = 25ms (default)
2019-09-25 05:06:46,376 [de37f7a0-0375-40a9-a318-404478482fcb@group-8C9EF31E2CD5:LeaderElection178] INFO  server.RaftServerConfigKeys (ConfUtils.java:logGet(43)) - raft.server.write.element-limit = 4096 (default)
2019-09-25 05:06:46,376 [56396258-65a3-478c-9482-0be0199dd49c@group-7B75987BA3EA-SegmentedRaftLogWorker] INFO  impl.PendingRequests (PendingRequests.java:sendNotLeaderResponses(202)) - 56396258-65a3-478c-9482-0be0199dd49c-PendingRequests: sendNotLeaderResponses
2019-09-25 05:06:46,376 [36ac27b3-2f11-437d-8f1f-165306b0ff4a@group-C23BB28F7D26:LeaderElection181] INFO  server.RaftServerConfigKeys (ConfUtils.java:logGet(43)) - raft.server.write.element-limit = 4096 (default)
2019-09-25 05:06:46,375 [56396258-65a3-478c-9482-0be0199dd49c@group-76180D615ACC:LeaderElection180] INFO  server.RaftServerConfigKeys (ConfUtils.java:logGet(43)) - raft.server.rpc.sleep.time = 25ms (default)
2019-09-25 05:06:46,375 [692224c4-5202-4921-98cc-04d5c60c79cc@group-F4E8E11F483F:LeaderElection190] INFO  server.RaftServerConfigKeys (ConfUtils.java:logGet(43)) - raft.server.rpc.sleep.time = 25ms (default)
2019-09-25 05:06:46,375 [c8798e02-7f0c-41f7-82c2-a17323bcf21e@group-DCE788CCD7A8:LeaderElection183] INFO  server.RaftServerConfigKeys (ConfUtils.java:logGet(43)) - raft.server.write.element-limit = 4096 (default)
2019-09-25 05:06:46,375 [de37f7a0-0375-40a9-a318-404478482fcb@group-7F1AFF99EFF0:LeaderElection177] INFO  server.RaftServerConfigKeys (ConfUtils.java:logGet(43)) - raft.server.staging.catchup.gap = 1000 (default)
2019-09-25 05:06:46,375 [de37f7a0-0375-40a9-a318-404478482fcb@group-5A74E072F61B:LeaderElection186] INFO  server.RaftServerConfigKeys (ConfUtils.java:logGet(43)) - raft.server.staging.catchup.gap = 1000 (default)
2019-09-25 05:06:46,374 [692224c4-5202-4921-98cc-04d5c60c79cc@group-472DDFC1AB9B:LeaderElection182] INFO  server.RaftServerConfigKeys (ConfUtils.java:logGet(43)) - raft.server.staging.catchup.gap = 1000 (default)
2019-09-25 05:06:46,374 [c8798e02-7f0c-41f7-82c2-a17323bcf21e@group-6EA6BB54F6C5:LeaderElection187] INFO  server.RaftServerConfigKeys (ConfUtils.java:logGet(43)) - raft.server.staging.catchup.gap = 1000 (default)
2019-09-25 05:06:46,374 [36ac27b3-2f11-437d-8f1f-165306b0ff4a@group-4D833DA1A1E5-SegmentedRaftLogWorker] INFO  segmented.SegmentedRaftLogWorker (SegmentedRaftLogWorker.java:close(228)) - 36ac27b3-2f11-437d-8f1f-165306b0ff4a@group-4D833DA1A1E5-SegmentedRaftLogWorker close()
2019-09-25 05:06:46,369 [de37f7a0-0375-40a9-a318-404478482fcb@group-907A1360165D-SegmentedRaftLogWorker] INFO  impl.PendingRequests (PendingRequests.java:sendNotLeaderResponses(202)) - de37f7a0-0375-40a9-a318-404478482fcb-PendingRequests: sendNotLeaderResponses
2019-09-25 05:06:46,368 [c8798e02-7f0c-41f7-82c2-a17323bcf21e@group-40F93C6485DE:LeaderElection185] INFO  server.RaftServerConfigKeys (ConfUtils.java:logGet(43)) - raft.server.staging.catchup.gap = 1000 (default)
2019-09-25 05:06:46,381 [56396258-65a3-478c-9482-0be0199dd49c@group-F16BF35F1496:LeaderElection209] INFO  impl.LeaderElection (LeaderElection.java:askForVotes(182)) - 56396258-65a3-478c-9482-0be0199dd49c@group-F16BF35F1496:LeaderElection209: begin an election at term 1 for -1: [56396258-65a3-478c-9482-0be0199dd49c:192.168.30.10:41678], old=null
2019-09-25 05:06:46,368 [de37f7a0-0375-40a9-a318-404478482fcb@group-6F794C7E7E86-SegmentedRaftLogWorker] INFO  segmented.SegmentedRaftLogWorker (SegmentedRaftLogWorker.java:close(228)) - de37f7a0-0375-40a9-a318-404478482fcb@group-6F794C7E7E86-SegmentedRaftLogWorker close()
2019-09-25 05:06:46,368 [36ac27b3-2f11-437d-8f1f-165306b0ff4a@group-0E4AB3140789:LeaderElection167] INFO  impl.RoleInfo (RoleInfo.java:updateAndGet(143)) - 36ac27b3-2f11-437d-8f1f-165306b0ff4a: start LeaderState
2019-09-25 05:06:46,368 [f77bfc29-6991-4b1d-a503-f706c83de4fc@group-943D603B2157-SegmentedRaftLogWorker] INFO  impl.StateMachineUpdater (StateMachineUpdater.java:stopAndJoin(125)) - f77bfc29-6991-4b1d-a503-f706c83de4fc@group-943D603B2157-StateMachineUpdater: set stopIndex = -1
2019-09-25 05:06:46,385 [36ac27b3-2f11-437d-8f1f-165306b0ff4a@group-0E4AB3140789:LeaderElection167] INFO  segmented.SegmentedRaftLogWorker (SegmentedRaftLogWorker.java:startLogSegment(380)) - 36ac27b3-2f11-437d-8f1f-165306b0ff4a@group-0E4AB3140789-SegmentedRaftLogWorker: Starting segment from index:0
2019-09-25 05:06:46,368 [692224c4-5202-4921-98cc-04d5c60c79cc@group-F3E95C0A9DF3:LeaderElection188] INFO  server.RaftServerConfigKeys (ConfUtils.java:logGet(43)) - raft.server.staging.catchup.gap = 1000 (default)
2019-09-25 05:06:46,367 [56396258-65a3-478c-9482-0be0199dd49c@group-684B8F10E788:LeaderElection189] INFO  server.RaftServerConfigKeys (ConfUtils.java:logGet(43)) - raft.server.rpc.sleep.time = 25ms (default)
2019-09-25 05:06:46,367 [f77bfc29-6991-4b1d-a503-f706c83de4fc@group-EA538770045D:LeaderElection202] INFO  impl.RoleInfo (RoleInfo.java:shutdownLeaderElection(134)) - f77bfc29-6991-4b1d-a503-f706c83de4fc: shutdown LeaderElection
2019-09-25 05:06:46,367 [b4fa7d23-6606-45fd-9544-2b08ca3fa933@group-066198227AC4:LeaderElection204] INFO  impl.RoleInfo (RoleInfo.java:shutdownLeaderElection(134)) - b4fa7d23-6606-45fd-9544-2b08ca3fa933: shutdown LeaderElection
2019-09-25 05:06:46,367 [36ac27b3-2f11-437d-8f1f-165306b0ff4a@group-97ACEA6CCC76:LeaderElection200] INFO  impl.RaftServerImpl (RaftServerImpl.java:setRole(174)) - 36ac27b3-2f11-437d-8f1f-165306b0ff4a@group-97ACEA6CCC76: changes role from CANDIDATE to LEADER at term 1 for changeToLeader
2019-09-25 05:06:46,366 [de37f7a0-0375-40a9-a318-404478482fcb@group-B95B81D35B14:LeaderElection201] INFO  impl.RoleInfo (RoleInfo.java:shutdownLeaderElection(134)) - de37f7a0-0375-40a9-a318-404478482fcb: shutdown LeaderElection
2019-09-25 05:06:46,602 [de37f7a0-0375-40a9-a318-404478482fcb@group-B95B81D35B14:LeaderElection201] INFO  impl.RaftServerImpl (RaftServerImpl.java:setRole(174)) - de37f7a0-0375-40a9-a318-404478482fcb@group-B95B81D35B14: changes role from CANDIDATE to LEADER at term 1 for changeToLeader
2019-09-25 05:06:46,366 [c8798e02-7f0c-41f7-82c2-a17323bcf21e@group-27685CAB4247:LeaderElection203] INFO  impl.RoleInfo (RoleInfo.java:shutdownLeaderElection(134)) - c8798e02-7f0c-41f7-82c2-a17323bcf21e: shutdown LeaderElection
2019-09-25 05:06:46,602 [c8798e02-7f0c-41f7-82c2-a17323bcf21e@group-27685CAB4247:LeaderElection203] INFO  impl.RaftServerImpl (RaftServerImpl.java:setRole(174)) - c8798e02-7f0c-41f7-82c2-a17323bcf21e@group-27685CAB4247: changes role from CANDIDATE to LEADER at term 1 for changeToLeader
2019-09-25 05:06:46,603 [36ac27b3-2f11-437d-8f1f-165306b0ff4a@group-363D8F71D846:LeaderElection169] INFO  impl.RoleInfo (RoleInfo.java:updateAndGet(143)) - 36ac27b3-2f11-437d-8f1f-165306b0ff4a: start LeaderState
2019-09-25 05:06:46,365 [Thread-1174] INFO  impl.RoleInfo (RoleInfo.java:updateAndGet(143)) - 692224c4-5202-4921-98cc-04d5c60c79cc: start LeaderElection
2019-09-25 05:06:46,603 [36ac27b3-2f11-437d-8f1f-165306b0ff4a@group-363D8F71D846:LeaderElection169] INFO  segmented.SegmentedRaftLogWorker (SegmentedRaftLogWorker.java:startLogSegment(380)) - 36ac27b3-2f11-437d-8f1f-165306b0ff4a@group-363D8F71D846-SegmentedRaftLogWorker: Starting segment from index:0
2019-09-25 05:06:46,365 [de37f7a0-0375-40a9-a318-404478482fcb@group-004FB6FC5979:LeaderElection197] INFO  server.RaftServerConfigKeys (ConfUtils.java:logGet(43)) - raft.server.staging.catchup.gap = 1000 (default)
2019-09-25 05:06:46,365 [36ac27b3-2f11-437d-8f1f-165306b0ff4a@group-4305B25424B2:LeaderElection184] INFO  server.RaftServerConfigKeys (ConfUtils.java:logGet(43)) - raft.server.staging.catchup.gap = 1000 (default)
2019-09-25 05:06:46,364 [36ac27b3-2f11-437d-8f1f-165306b0ff4a@group-3D1B0F350F7D:LeaderElection198] INFO  impl.RaftServerImpl (ServerState.java:setLeader(253)) - 36ac27b3-2f11-437d-8f1f-165306b0ff4a@group-3D1B0F350F7D: change Leader from null to 36ac27b3-2f11-437d-8f1f-165306b0ff4a at term 1 for becomeLeader, leader elected after 7337ms
2019-09-25 05:06:46,158 [de37f7a0-0375-40a9-a318-404478482fcb@group-FD0A651E9541:LeaderElection163] INFO  impl.RaftServerImpl (ServerState.java:setRaftConf(354)) - de37f7a0-0375-40a9-a318-404478482fcb@group-FD0A651E9541: set configuration 0: [de37f7a0-0375-40a9-a318-404478482fcb:192.168.30.10:44522], old=null at 0
2019-09-25 05:06:46,157 [RATISCREATEPIPELINE2] ERROR pipeline.RatisPipelineProvider (RatisPipelineProvider.java:lambda$null$2(181)) - Failed invoke Ratis rpc org.apache.hadoop.hdds.scm.pipeline.RatisPipelineProvider$$Lambda$186/166636373@639dc695 for b4fa7d23-6606-45fd-9544-2b08ca3fa933
org.apache.ratis.protocol.TimeoutIOException: deadline exceeded after 2999714704ns
	at org.apache.ratis.grpc.GrpcUtil.tryUnwrapException(GrpcUtil.java:82)
	at org.apache.ratis.grpc.GrpcUtil.unwrapException(GrpcUtil.java:75)
	at org.apache.ratis.grpc.client.GrpcClientProtocolClient.blockingCall(GrpcClientProtocolClient.java:178)
	at org.apache.ratis.grpc.client.GrpcClientProtocolClient.groupAdd(GrpcClientProtocolClient.java:147)
	at org.apache.ratis.grpc.client.GrpcClientRpc.sendRequest(GrpcClientRpc.java:94)
	at org.apache.ratis.client.impl.RaftClientImpl.sendRequest(RaftClientImpl.java:278)
	at org.apache.ratis.client.impl.RaftClientImpl.groupAdd(RaftClientImpl.java:205)
	at org.apache.hadoop.hdds.scm.pipeline.RatisPipelineProvider.lambda$initializePipeline$1(RatisPipelineProvider.java:142)
	at org.apache.hadoop.hdds.scm.pipeline.RatisPipelineProvider.lambda$null$2(RatisPipelineProvider.java:177)
	at java.util.stream.ForEachOps$ForEachOp$OfRef.accept(ForEachOps.java:184)
	at java.util.ArrayList$ArrayListSpliterator.forEachRemaining(ArrayList.java:1382)
	at java.util.stream.AbstractPipeline.copyInto(AbstractPipeline.java:482)
	at java.util.stream.ForEachOps$ForEachTask.compute(ForEachOps.java:291)
	at java.util.concurrent.CountedCompleter.exec(CountedCompleter.java:731)
	at java.util.concurrent.ForkJoinTask.doExec(ForkJoinTask.java:289)
	at java.util.concurrent.ForkJoinTask.doInvoke(ForkJoinTask.java:401)
	at java.util.concurrent.ForkJoinTask.invoke(ForkJoinTask.java:734)
	at java.util.stream.ForEachOps$ForEachOp.evaluateParallel(ForEachOps.java:160)
	at java.util.stream.ForEachOps$ForEachOp$OfRef.evaluateParallel(ForEachOps.java:174)
	at java.util.stream.AbstractPipeline.evaluate(AbstractPipeline.java:233)
	at java.util.stream.ReferencePipeline.forEach(ReferencePipeline.java:418)
	at java.util.stream.ReferencePipeline$Head.forEach(ReferencePipeline.java:583)
	at org.apache.hadoop.hdds.scm.pipeline.RatisPipelineProvider.lambda$callRatisRpc$3(RatisPipelineProvider.java:171)
	at java.util.concurrent.ForkJoinTask$AdaptedRunnableAction.exec(ForkJoinTask.java:1386)
	at java.util.concurrent.ForkJoinTask.doExec(ForkJoinTask.java:289)
	at java.util.concurrent.ForkJoinPool$WorkQueue.runTask(ForkJoinPool.java:1056)
	at java.util.concurrent.ForkJoinPool.runWorker(ForkJoinPool.java:1692)
	at java.util.concurrent.ForkJoinWorkerThread.run(ForkJoinWorkerThread.java:157)
Caused by: org.apache.ratis.thirdparty.io.grpc.StatusRuntimeException: DEADLINE_EXCEEDED: deadline exceeded after 2999714704ns
	at org.apache.ratis.thirdparty.io.grpc.stub.ClientCalls.toStatusRuntimeException(ClientCalls.java:233)
	at org.apache.ratis.thirdparty.io.grpc.stub.ClientCalls.getUnchecked(ClientCalls.java:214)
	at org.apache.ratis.thirdparty.io.grpc.stub.ClientCalls.blockingUnaryCall(ClientCalls.java:139)
	at org.apache.ratis.proto.grpc.AdminProtocolServiceGrpc$AdminProtocolServiceBlockingStub.groupManagement(AdminProtocolServiceGrpc.java:274)
	at org.apache.ratis.grpc.client.GrpcClientProtocolClient.lambda$groupAdd$3(GrpcClientProtocolClient.java:149)
	at org.apache.ratis.grpc.client.GrpcClientProtocolClient.blockingCall(GrpcClientProtocolClient.java:176)
	... 25 more
2019-09-25 05:06:46,157 [56396258-65a3-478c-9482-0be0199dd49c@group-4F3116BF037B-SegmentedRaftLogWorker] ERROR segmented.SegmentedRaftLogWorker (SegmentedRaftLogWorker.java:run(323)) - 56396258-65a3-478c-9482-0be0199dd49c@group-4F3116BF037B-SegmentedRaftLogWorker hit exception
java.lang.OutOfMemoryError: Direct buffer memory
	at java.nio.Bits.reserveMemory(Bits.java:666)
	at java.nio.DirectByteBuffer.<init>(DirectByteBuffer.java:123)
	at java.nio.ByteBuffer.allocateDirect(ByteBuffer.java:311)
	at org.apache.ratis.server.raftlog.segmented.BufferedWriteChannel.<init>(BufferedWriteChannel.java:41)
	at org.apache.ratis.server.raftlog.segmented.SegmentedRaftLogOutputStream.<init>(SegmentedRaftLogOutputStream.java:72)
	at org.apache.ratis.server.raftlog.segmented.SegmentedRaftLogWorker$StartLogSegment.execute(SegmentedRaftLogWorker.java:566)
	at org.apache.ratis.server.raftlog.segmented.SegmentedRaftLogWorker.run(SegmentedRaftLogWorker.java:289)
	at java.lang.Thread.run(Thread.java:748)
2019-09-25 05:06:46,853 [56396258-65a3-478c-9482-0be0199dd49c@group-4F3116BF037B-SegmentedRaftLogWorker] INFO  impl.RaftServerImpl (RaftServerImpl.java:lambda$shutdown$3(251)) - 56396258-65a3-478c-9482-0be0199dd49c@group-4F3116BF037B: shutdown
2019-09-25 05:06:45,877 [692224c4-5202-4921-98cc-04d5c60c79cc@group-D1D03DE76CDC:LeaderElection199] INFO  impl.RaftServerImpl (ServerState.java:setLeader(253)) - 692224c4-5202-4921-98cc-04d5c60c79cc@group-D1D03DE76CDC: change Leader from null to 692224c4-5202-4921-98cc-04d5c60c79cc at term 1 for becomeLeader, leader elected after 7078ms
2019-09-25 05:06:45,877 [36ac27b3-2f11-437d-8f1f-165306b0ff4a@group-1BEF9D94C117:LeaderElection165] INFO  impl.RaftServerImpl (ServerState.java:setRaftConf(354)) - 36ac27b3-2f11-437d-8f1f-165306b0ff4a@group-1BEF9D94C117: set configuration 0: [36ac27b3-2f11-437d-8f1f-165306b0ff4a:192.168.30.10:45265], old=null at 0
2019-09-25 05:06:45,876 [c8798e02-7f0c-41f7-82c2-a17323bcf21e@group-E2AAA7B81356:LeaderElection171] INFO  server.RaftServerConfigKeys (ConfUtils.java:logGet(43)) - raft.server.watch.element-limit = 65536 (default)
2019-09-25 05:06:45,876 [56396258-65a3-478c-9482-0be0199dd49c@group-7C80C09CAEA0:LeaderElection194] INFO  impl.RaftServerImpl (RaftServerImpl.java:setRole(174)) - 56396258-65a3-478c-9482-0be0199dd49c@group-7C80C09CAEA0: changes role from CANDIDATE to LEADER at term 1 for changeToLeader
2019-09-25 05:06:46,854 [56396258-65a3-478c-9482-0be0199dd49c@group-7C80C09CAEA0:LeaderElection194] INFO  impl.RaftServerImpl (ServerState.java:setLeader(253)) - 56396258-65a3-478c-9482-0be0199dd49c@group-7C80C09CAEA0: change Leader from null to 56396258-65a3-478c-9482-0be0199dd49c at term 1 for becomeLeader, leader elected after 8487ms
2019-09-25 05:06:45,876 [692224c4-5202-4921-98cc-04d5c60c79cc@group-291240DAD94B:LeaderElection191] INFO  impl.RaftServerImpl (RaftServerImpl.java:setRole(174)) - 692224c4-5202-4921-98cc-04d5c60c79cc@group-291240DAD94B: changes role from CANDIDATE to LEADER at term 1 for changeToLeader
2019-09-25 05:06:46,854 [692224c4-5202-4921-98cc-04d5c60c79cc@group-291240DAD94B:LeaderElection191] INFO  impl.RaftServerImpl (ServerState.java:setLeader(253)) - 692224c4-5202-4921-98cc-04d5c60c79cc@group-291240DAD94B: change Leader from null to 692224c4-5202-4921-98cc-04d5c60c79cc at term 1 for becomeLeader, leader elected after 8397ms
2019-09-25 05:06:45,876 [c8798e02-7f0c-41f7-82c2-a17323bcf21e@group-01FE6C175D2C:LeaderElection193] INFO  impl.RaftServerImpl (RaftServerImpl.java:setRole(174)) - c8798e02-7f0c-41f7-82c2-a17323bcf21e@group-01FE6C175D2C: changes role from CANDIDATE to LEADER at term 1 for changeToLeader
2019-09-25 05:06:46,854 [c8798e02-7f0c-41f7-82c2-a17323bcf21e@group-01FE6C175D2C:LeaderElection193] INFO  impl.RaftServerImpl (ServerState.java:setLeader(253)) - c8798e02-7f0c-41f7-82c2-a17323bcf21e@group-01FE6C175D2C: change Leader from null to c8798e02-7f0c-41f7-82c2-a17323bcf21e at term 1 for becomeLeader, leader elected after 8541ms
2019-09-25 05:06:45,875 [36ac27b3-2f11-437d-8f1f-165306b0ff4a@group-5181C418506D-SegmentedRaftLogWorker] INFO  impl.RoleInfo (RoleInfo.java:shutdownLeaderState(104)) - 36ac27b3-2f11-437d-8f1f-165306b0ff4a: shutdown LeaderState
2019-09-25 05:06:45,875 [b4fa7d23-6606-45fd-9544-2b08ca3fa933@group-E25C07AA9899:LeaderElection196] INFO  impl.RaftServerImpl (RaftServerImpl.java:setRole(174)) - b4fa7d23-6606-45fd-9544-2b08ca3fa933@group-E25C07AA9899: changes role from CANDIDATE to LEADER at term 1 for changeToLeader
2019-09-25 05:06:46,855 [b4fa7d23-6606-45fd-9544-2b08ca3fa933@group-E25C07AA9899:LeaderElection196] INFO  impl.RaftServerImpl (ServerState.java:setLeader(253)) - b4fa7d23-6606-45fd-9544-2b08ca3fa933@group-E25C07AA9899: change Leader from null to b4fa7d23-6606-45fd-9544-2b08ca3fa933 at term 1 for becomeLeader, leader elected after 8144ms
2019-09-25 05:06:45,875 [de37f7a0-0375-40a9-a318-404478482fcb@group-FF5438954BFD:LeaderElection192] INFO  impl.RaftServerImpl (RaftServerImpl.java:setRole(174)) - de37f7a0-0375-40a9-a318-404478482fcb@group-FF5438954BFD: changes role from CANDIDATE to LEADER at term 1 for changeToLeader
2019-09-25 05:06:46,855 [de37f7a0-0375-40a9-a318-404478482fcb@group-FF5438954BFD:LeaderElection192] INFO  impl.RaftServerImpl (ServerState.java:setLeader(253)) - de37f7a0-0375-40a9-a318-404478482fcb@group-FF5438954BFD: change Leader from null to de37f7a0-0375-40a9-a318-404478482fcb at term 1 for becomeLeader, leader elected after 8317ms
2019-09-25 05:06:45,875 [c8798e02-7f0c-41f7-82c2-a17323bcf21e@group-D347DF8354E9-SegmentedRaftLogWorker] INFO  util.JmxRegister (JmxRegister.java:unregister(73)) - Successfully un-registered JMX Bean with object name Ratis:service=RaftServer,group=group-D347DF8354E9,id=c8798e02-7f0c-41f7-82c2-a17323bcf21e
2019-09-25 05:06:45,875 [36ac27b3-2f11-437d-8f1f-165306b0ff4a@group-8F9482EFFF29:LeaderElection195] INFO  impl.RaftServerImpl (RaftServerImpl.java:setRole(174)) - 36ac27b3-2f11-437d-8f1f-165306b0ff4a@group-8F9482EFFF29: changes role from CANDIDATE to LEADER at term 1 for changeToLeader
2019-09-25 05:06:46,856 [36ac27b3-2f11-437d-8f1f-165306b0ff4a@group-8F9482EFFF29:LeaderElection195] INFO  impl.RaftServerImpl (ServerState.java:setLeader(253)) - 36ac27b3-2f11-437d-8f1f-165306b0ff4a@group-8F9482EFFF29: change Leader from null to 36ac27b3-2f11-437d-8f1f-165306b0ff4a at term 1 for becomeLeader, leader elected after 7933ms
2019-09-25 05:06:45,875 [de37f7a0-0375-40a9-a318-404478482fcb@group-844261D92A00:LeaderElection207] INFO  impl.RoleInfo (RoleInfo.java:shutdownLeaderElection(134)) - de37f7a0-0375-40a9-a318-404478482fcb: shutdown LeaderElection
2019-09-25 05:06:45,875 [c8798e02-7f0c-41f7-82c2-a17323bcf21e@group-585132BA0174:LeaderElection205] INFO  impl.RoleInfo (RoleInfo.java:shutdownLeaderElection(134)) - c8798e02-7f0c-41f7-82c2-a17323bcf21e: shutdown LeaderElection
2019-09-25 05:06:45,664 [f77bfc29-6991-4b1d-a503-f706c83de4fc@group-D768D80F0CB2:LeaderElection206] INFO  impl.RoleInfo (RoleInfo.java:shutdownLeaderElection(134)) - f77bfc29-6991-4b1d-a503-f706c83de4fc: shutdown LeaderElection
2019-09-25 05:06:45,874 [Thread-1210] INFO  impl.FollowerState (FollowerState.java:run(106)) - 692224c4-5202-4921-98cc-04d5c60c79cc:group-676389836A1C changes to CANDIDATE, lastRpcTime:5234, electionTimeout:5034ms
2019-09-25 05:06:45,664 [f77bfc29-6991-4b1d-a503-f706c83de4fc@group-883DC29D19B9:LeaderElection166] INFO  impl.RaftServerImpl (ServerState.java:setRaftConf(354)) - f77bfc29-6991-4b1d-a503-f706c83de4fc@group-883DC29D19B9: set configuration 0: [f77bfc29-6991-4b1d-a503-f706c83de4fc:192.168.30.10:35112], old=null at 0
2019-09-25 05:06:45,658 [c8798e02-7f0c-41f7-82c2-a17323bcf21e@group-131819428EE7-SegmentedRaftLogWorker] ERROR segmented.SegmentedRaftLogWorker (SegmentedRaftLogWorker.java:run(323)) - c8798e02-7f0c-41f7-82c2-a17323bcf21e@group-131819428EE7-SegmentedRaftLogWorker hit exception
java.lang.OutOfMemoryError: Direct buffer memory
	at java.nio.Bits.reserveMemory(Bits.java:666)
	at java.nio.DirectByteBuffer.<init>(DirectByteBuffer.java:123)
	at java.nio.ByteBuffer.allocateDirect(ByteBuffer.java:311)
	at org.apache.ratis.server.raftlog.segmented.BufferedWriteChannel.<init>(BufferedWriteChannel.java:41)
	at org.apache.ratis.server.raftlog.segmented.SegmentedRaftLogOutputStream.<init>(SegmentedRaftLogOutputStream.java:72)
	at org.apache.ratis.server.raftlog.segmented.SegmentedRaftLogWorker$StartLogSegment.execute(SegmentedRaftLogWorker.java:566)
	at org.apache.ratis.server.raftlog.segmented.SegmentedRaftLogWorker.run(SegmentedRaftLogWorker.java:289)
	at java.lang.Thread.run(Thread.java:748)
2019-09-25 05:06:46,857 [c8798e02-7f0c-41f7-82c2-a17323bcf21e@group-131819428EE7-SegmentedRaftLogWorker] INFO  impl.RaftServerImpl (RaftServerImpl.java:lambda$shutdown$3(251)) - c8798e02-7f0c-41f7-82c2-a17323bcf21e@group-131819428EE7: shutdown
2019-09-25 05:06:45,375 [Thread-1202] INFO  impl.RaftServerImpl (RaftServerImpl.java:setRole(174)) - de37f7a0-0375-40a9-a318-404478482fcb@group-6106A46ED489: changes role from  FOLLOWER to CANDIDATE at term 0 for changeToCandidate
2019-09-25 05:06:45,375 [pool-77-thread-1] INFO  storage.RaftStorageDirectory (RaftStorageDirectory.java:analyzeStorage(246)) - The storage directory /workdir/hadoop-ozone/integration-test/target/test-dir/MiniOzoneClusterImpl-23306158-e895-4fc7-80df-ce6c264c388b/datanode-5/data/ratis/12492b56-ef06-481a-92a2-781134155b80 does not exist. Creating ...
2019-09-25 05:06:45,375 [b4fa7d23-6606-45fd-9544-2b08ca3fa933@group-CE384E8B40B3:LeaderElection172] INFO  segmented.SegmentedRaftLogWorker (SegmentedRaftLogWorker.java:startLogSegment(380)) - b4fa7d23-6606-45fd-9544-2b08ca3fa933@group-CE384E8B40B3-SegmentedRaftLogWorker: Starting segment from index:0
2019-09-25 05:06:45,374 [Thread-1180] INFO  impl.RaftServerImpl (RaftServerImpl.java:setRole(174)) - c8798e02-7f0c-41f7-82c2-a17323bcf21e@group-8B26529E66E1: changes role from  FOLLOWER to CANDIDATE at term 0 for changeToCandidate
2019-09-25 05:06:46,857 [Thread-1202] INFO  impl.RoleInfo (RoleInfo.java:updateAndGet(143)) - de37f7a0-0375-40a9-a318-404478482fcb: start LeaderElection
2019-09-25 05:06:46,857 [c8798e02-7f0c-41f7-82c2-a17323bcf21e@group-131819428EE7-SegmentedRaftLogWorker] INFO  util.JmxRegister (JmxRegister.java:unregister(73)) - Successfully un-registered JMX Bean with object name Ratis:service=RaftServer,group=group-131819428EE7,id=c8798e02-7f0c-41f7-82c2-a17323bcf21e
2019-09-25 05:06:47,163 [c8798e02-7f0c-41f7-82c2-a17323bcf21e@group-131819428EE7-SegmentedRaftLogWorker] INFO  impl.RoleInfo (RoleInfo.java:shutdownLeaderState(104)) - c8798e02-7f0c-41f7-82c2-a17323bcf21e: shutdown LeaderState
2019-09-25 05:06:46,857 [Thread-1210] INFO  impl.RoleInfo (RoleInfo.java:shutdownFollowerState(121)) - 692224c4-5202-4921-98cc-04d5c60c79cc: shutdown FollowerState
2019-09-25 05:06:47,163 [Thread-1210] INFO  impl.RaftServerImpl (RaftServerImpl.java:setRole(174)) - 692224c4-5202-4921-98cc-04d5c60c79cc@group-676389836A1C: changes role from  FOLLOWER to CANDIDATE at term 0 for changeToCandidate
2019-09-25 05:06:46,856 [f77bfc29-6991-4b1d-a503-f706c83de4fc@group-D768D80F0CB2:LeaderElection206] INFO  impl.RaftServerImpl (RaftServerImpl.java:setRole(174)) - f77bfc29-6991-4b1d-a503-f706c83de4fc@group-D768D80F0CB2: changes role from CANDIDATE to LEADER at term 1 for changeToLeader
2019-09-25 05:06:47,164 [f77bfc29-6991-4b1d-a503-f706c83de4fc@group-D768D80F0CB2:LeaderElection206] INFO  impl.RaftServerImpl (ServerState.java:setLeader(253)) - f77bfc29-6991-4b1d-a503-f706c83de4fc@group-D768D80F0CB2: change Leader from null to f77bfc29-6991-4b1d-a503-f706c83de4fc at term 1 for becomeLeader, leader elected after 8110ms
2019-09-25 05:06:46,856 [c8798e02-7f0c-41f7-82c2-a17323bcf21e@group-585132BA0174:LeaderElection205] INFO  impl.RaftServerImpl (RaftServerImpl.java:setRole(174)) - c8798e02-7f0c-41f7-82c2-a17323bcf21e@group-585132BA0174: changes role from CANDIDATE to LEADER at term 1 for changeToLeader
2019-09-25 05:06:47,164 [c8798e02-7f0c-41f7-82c2-a17323bcf21e@group-585132BA0174:LeaderElection205] INFO  impl.RaftServerImpl (ServerState.java:setLeader(253)) - c8798e02-7f0c-41f7-82c2-a17323bcf21e@group-585132BA0174: change Leader from null to c8798e02-7f0c-41f7-82c2-a17323bcf21e at term 1 for becomeLeader, leader elected after 8063ms
2019-09-25 05:06:46,856 [de37f7a0-0375-40a9-a318-404478482fcb@group-844261D92A00:LeaderElection207] INFO  impl.RaftServerImpl (RaftServerImpl.java:setRole(174)) - de37f7a0-0375-40a9-a318-404478482fcb@group-844261D92A00: changes role from CANDIDATE to LEADER at term 1 for changeToLeader
2019-09-25 05:06:47,164 [de37f7a0-0375-40a9-a318-404478482fcb@group-844261D92A00:LeaderElection207] INFO  impl.RaftServerImpl (ServerState.java:setLeader(253)) - de37f7a0-0375-40a9-a318-404478482fcb@group-844261D92A00: change Leader from null to de37f7a0-0375-40a9-a318-404478482fcb at term 1 for becomeLeader, leader elected after 8154ms
2019-09-25 05:06:46,856 [36ac27b3-2f11-437d-8f1f-165306b0ff4a@group-8F9482EFFF29:LeaderElection195] INFO  server.RaftServerConfigKeys (ConfUtils.java:logGet(43)) - raft.server.staging.catchup.gap = 1000 (default)
2019-09-25 05:06:47,165 [36ac27b3-2f11-437d-8f1f-165306b0ff4a@group-8F9482EFFF29:LeaderElection195] INFO  server.RaftServerConfigKeys (ConfUtils.java:logGet(43)) - raft.server.rpc.sleep.time = 25ms (default)
2019-09-25 05:06:46,856 [c8798e02-7f0c-41f7-82c2-a17323bcf21e@group-D347DF8354E9-SegmentedRaftLogWorker] INFO  impl.RoleInfo (RoleInfo.java:shutdownLeaderState(104)) - c8798e02-7f0c-41f7-82c2-a17323bcf21e: shutdown LeaderState
2019-09-25 05:06:46,855 [de37f7a0-0375-40a9-a318-404478482fcb@group-FF5438954BFD:LeaderElection192] INFO  server.RaftServerConfigKeys (ConfUtils.java:logGet(43)) - raft.server.staging.catchup.gap = 1000 (default)
2019-09-25 05:06:47,165 [de37f7a0-0375-40a9-a318-404478482fcb@group-FF5438954BFD:LeaderElection192] INFO  server.RaftServerConfigKeys (ConfUtils.java:logGet(43)) - raft.server.rpc.sleep.time = 25ms (default)
2019-09-25 05:06:46,855 [c8798e02-7f0c-41f7-82c2-a17323bcf21e@group-E2AAA7B81356:LeaderElection171] INFO  impl.RoleInfo (RoleInfo.java:updateAndGet(143)) - c8798e02-7f0c-41f7-82c2-a17323bcf21e: start LeaderState
2019-09-25 05:06:46,855 [b4fa7d23-6606-45fd-9544-2b08ca3fa933@group-E25C07AA9899:LeaderElection196] INFO  server.RaftServerConfigKeys (ConfUtils.java:logGet(43)) - raft.server.staging.catchup.gap = 1000 (default)
2019-09-25 05:06:47,166 [c8798e02-7f0c-41f7-82c2-a17323bcf21e@group-E2AAA7B81356:LeaderElection171] INFO  segmented.SegmentedRaftLogWorker (SegmentedRaftLogWorker.java:startLogSegment(380)) - c8798e02-7f0c-41f7-82c2-a17323bcf21e@group-E2AAA7B81356-SegmentedRaftLogWorker: Starting segment from index:0
2019-09-25 05:06:46,855 [36ac27b3-2f11-437d-8f1f-165306b0ff4a@group-5181C418506D-SegmentedRaftLogWorker] INFO  impl.PendingRequests (PendingRequests.java:sendNotLeaderResponses(202)) - 36ac27b3-2f11-437d-8f1f-165306b0ff4a-PendingRequests: sendNotLeaderResponses
2019-09-25 05:06:46,855 [c8798e02-7f0c-41f7-82c2-a17323bcf21e@group-01FE6C175D2C:LeaderElection193] INFO  server.RaftServerConfigKeys (ConfUtils.java:logGet(43)) - raft.server.staging.catchup.gap = 1000 (default)
2019-09-25 05:06:46,854 [692224c4-5202-4921-98cc-04d5c60c79cc@group-291240DAD94B:LeaderElection191] INFO  server.RaftServerConfigKeys (ConfUtils.java:logGet(43)) - raft.server.staging.catchup.gap = 1000 (default)
2019-09-25 05:06:46,854 [56396258-65a3-478c-9482-0be0199dd49c@group-7C80C09CAEA0:LeaderElection194] INFO  server.RaftServerConfigKeys (ConfUtils.java:logGet(43)) - raft.server.staging.catchup.gap = 1000 (default)
2019-09-25 05:06:47,412 [56396258-65a3-478c-9482-0be0199dd49c@group-7C80C09CAEA0:LeaderElection194] INFO  server.RaftServerConfigKeys (ConfUtils.java:logGet(43)) - raft.server.rpc.sleep.time = 25ms (default)
2019-09-25 05:06:46,853 [692224c4-5202-4921-98cc-04d5c60c79cc@group-D1D03DE76CDC:LeaderElection199] INFO  server.RaftServerConfigKeys (ConfUtils.java:logGet(43)) - raft.server.staging.catchup.gap = 1000 (default)
2019-09-25 05:06:46,853 [56396258-65a3-478c-9482-0be0199dd49c@group-4F3116BF037B-SegmentedRaftLogWorker] INFO  util.JmxRegister (JmxRegister.java:unregister(73)) - Successfully un-registered JMX Bean with object name Ratis:service=RaftServer,group=group-4F3116BF037B,id=56396258-65a3-478c-9482-0be0199dd49c
2019-09-25 05:06:46,852 [RatisPipelineUtilsThread] ERROR pipeline.SCMPipelineManager (SCMPipelineManager.java:createPipeline(167)) - Pipeline creation failed due to exception: Failed invoke Ratis rpc org.apache.hadoop.hdds.scm.pipeline.RatisPipelineProvider$$Lambda$186/166636373@639dc695 for b4fa7d23-6606-45fd-9544-2b08ca3fa933
2019-09-25 05:06:46,848 [de37f7a0-0375-40a9-a318-404478482fcb@group-43B884B10E8C:LeaderElection168] INFO  impl.RoleInfo (RoleInfo.java:updateAndGet(143)) - de37f7a0-0375-40a9-a318-404478482fcb: start LeaderState
2019-09-25 05:06:46,848 [56396258-65a3-478c-9482-0be0199dd49c@group-9F86D8309F5D:LeaderElection164] INFO  impl.RoleInfo (RoleInfo.java:updateAndGet(143)) - 56396258-65a3-478c-9482-0be0199dd49c: start LeaderState
2019-09-25 05:06:47,413 [de37f7a0-0375-40a9-a318-404478482fcb@group-43B884B10E8C:LeaderElection168] INFO  segmented.SegmentedRaftLogWorker (SegmentedRaftLogWorker.java:startLogSegment(380)) - de37f7a0-0375-40a9-a318-404478482fcb@group-43B884B10E8C-SegmentedRaftLogWorker: Starting segment from index:0
2019-09-25 05:06:46,847 [c8798e02-7f0c-41f7-82c2-a17323bcf21e@group-CA2EC9FE2309:LeaderElection170] INFO  impl.RoleInfo (RoleInfo.java:updateAndGet(143)) - c8798e02-7f0c-41f7-82c2-a17323bcf21e: start LeaderState
2019-09-25 05:06:46,847 [36ac27b3-2f11-437d-8f1f-165306b0ff4a@group-3D1B0F350F7D:LeaderElection198] INFO  server.RaftServerConfigKeys (ConfUtils.java:logGet(43)) - raft.server.staging.catchup.gap = 1000 (default)
2019-09-25 05:06:47,674 [36ac27b3-2f11-437d-8f1f-165306b0ff4a@group-3D1B0F350F7D:LeaderElection198] INFO  server.RaftServerConfigKeys (ConfUtils.java:logGet(43)) - raft.server.rpc.sleep.time = 25ms (default)
2019-09-25 05:06:46,847 [f77bfc29-6991-4b1d-a503-f706c83de4fc@group-AC9D764C8055:LeaderElection175] INFO  impl.RoleInfo (RoleInfo.java:updateAndGet(143)) - f77bfc29-6991-4b1d-a503-f706c83de4fc: start LeaderState
2019-09-25 05:06:46,846 [de37f7a0-0375-40a9-a318-404478482fcb@group-9599B14A66E7-SegmentedRaftLogWorker] ERROR segmented.SegmentedRaftLogWorker (SegmentedRaftLogWorker.java:run(323)) - de37f7a0-0375-40a9-a318-404478482fcb@group-9599B14A66E7-SegmentedRaftLogWorker hit exception
java.lang.OutOfMemoryError: Direct buffer memory
	at java.nio.Bits.reserveMemory(Bits.java:666)
	at java.nio.DirectByteBuffer.<init>(DirectByteBuffer.java:123)
	at java.nio.ByteBuffer.allocateDirect(ByteBuffer.java:311)
	at org.apache.ratis.server.raftlog.segmented.BufferedWriteChannel.<init>(BufferedWriteChannel.java:41)
	at org.apache.ratis.server.raftlog.segmented.SegmentedRaftLogOutputStream.<init>(SegmentedRaftLogOutputStream.java:72)
	at org.apache.ratis.server.raftlog.segmented.SegmentedRaftLogWorker$StartLogSegment.execute(SegmentedRaftLogWorker.java:566)
	at org.apache.ratis.server.raftlog.segmented.SegmentedRaftLogWorker.run(SegmentedRaftLogWorker.java:289)
	at java.lang.Thread.run(Thread.java:748)
2019-09-25 05:06:46,604 [36ac27b3-2f11-437d-8f1f-165306b0ff4a@group-4305B25424B2:LeaderElection184] INFO  server.RaftServerConfigKeys (ConfUtils.java:logGet(43)) - raft.server.rpc.sleep.time = 25ms (default)
2019-09-25 05:06:46,603 [36ac27b3-2f11-437d-8f1f-165306b0ff4a@group-363D8F71D846:LeaderElection169] INFO  impl.RaftServerImpl (ServerState.java:setRaftConf(354)) - 36ac27b3-2f11-437d-8f1f-165306b0ff4a@group-363D8F71D846: set configuration 0: [36ac27b3-2f11-437d-8f1f-165306b0ff4a:192.168.30.10:45265], old=null at 0
2019-09-25 05:06:46,603 [de37f7a0-0375-40a9-a318-404478482fcb@group-004FB6FC5979:LeaderElection197] INFO  server.RaftServerConfigKeys (ConfUtils.java:logGet(43)) - raft.server.rpc.sleep.time = 25ms (default)
2019-09-25 05:06:46,603 [56396258-65a3-478c-9482-0be0199dd49c@group-4682414C107C:LeaderElection173] INFO  impl.RoleInfo (RoleInfo.java:updateAndGet(143)) - 56396258-65a3-478c-9482-0be0199dd49c: start LeaderState
2019-09-25 05:06:46,603 [c8798e02-7f0c-41f7-82c2-a17323bcf21e@group-27685CAB4247:LeaderElection203] INFO  impl.RaftServerImpl (ServerState.java:setLeader(253)) - c8798e02-7f0c-41f7-82c2-a17323bcf21e@group-27685CAB4247: change Leader from null to c8798e02-7f0c-41f7-82c2-a17323bcf21e at term 1 for becomeLeader, leader elected after 7636ms
2019-09-25 05:06:46,602 [de37f7a0-0375-40a9-a318-404478482fcb@group-B95B81D35B14:LeaderElection201] INFO  impl.RaftServerImpl (ServerState.java:setLeader(253)) - de37f7a0-0375-40a9-a318-404478482fcb@group-B95B81D35B14: change Leader from null to de37f7a0-0375-40a9-a318-404478482fcb at term 1 for becomeLeader, leader elected after 7932ms
2019-09-25 05:06:46,602 [36ac27b3-2f11-437d-8f1f-165306b0ff4a@group-97ACEA6CCC76:LeaderElection200] INFO  impl.RaftServerImpl (ServerState.java:setLeader(253)) - 36ac27b3-2f11-437d-8f1f-165306b0ff4a@group-97ACEA6CCC76: change Leader from null to 36ac27b3-2f11-437d-8f1f-165306b0ff4a at term 1 for becomeLeader, leader elected after 8375ms
2019-09-25 05:06:46,602 [b4fa7d23-6606-45fd-9544-2b08ca3fa933@group-066198227AC4:LeaderElection204] INFO  impl.RaftServerImpl (RaftServerImpl.java:setRole(174)) - b4fa7d23-6606-45fd-9544-2b08ca3fa933@group-066198227AC4: changes role from CANDIDATE to LEADER at term 1 for changeToLeader
2019-09-25 05:06:47,685 [b4fa7d23-6606-45fd-9544-2b08ca3fa933@group-066198227AC4:LeaderElection204] INFO  impl.RaftServerImpl (ServerState.java:setLeader(253)) - b4fa7d23-6606-45fd-9544-2b08ca3fa933@group-066198227AC4: change Leader from null to b4fa7d23-6606-45fd-9544-2b08ca3fa933 at term 1 for becomeLeader, leader elected after 8807ms
2019-09-25 05:06:46,602 [f77bfc29-6991-4b1d-a503-f706c83de4fc@group-EA538770045D:LeaderElection202] INFO  impl.RaftServerImpl (RaftServerImpl.java:setRole(174)) - f77bfc29-6991-4b1d-a503-f706c83de4fc@group-EA538770045D: changes role from CANDIDATE to LEADER at term 1 for changeToLeader
2019-09-25 05:06:46,601 [36ac27b3-2f11-437d-8f1f-165306b0ff4a@group-A2E6AEF067B1-SegmentedRaftLogWorker] ERROR segmented.SegmentedRaftLogWorker (SegmentedRaftLogWorker.java:run(323)) - 36ac27b3-2f11-437d-8f1f-165306b0ff4a@group-A2E6AEF067B1-SegmentedRaftLogWorker hit exception
java.lang.OutOfMemoryError: Direct buffer memory
	at java.nio.Bits.reserveMemory(Bits.java:666)
	at java.nio.DirectByteBuffer.<init>(DirectByteBuffer.java:123)
	at java.nio.ByteBuffer.allocateDirect(ByteBuffer.java:311)
	at org.apache.ratis.server.raftlog.segmented.BufferedWriteChannel.<init>(BufferedWriteChannel.java:41)
	at org.apache.ratis.server.raftlog.segmented.SegmentedRaftLogOutputStream.<init>(SegmentedRaftLogOutputStream.java:72)
	at org.apache.ratis.server.raftlog.segmented.SegmentedRaftLogWorker$StartLogSegment.execute(SegmentedRaftLogWorker.java:566)
	at org.apache.ratis.server.raftlog.segmented.SegmentedRaftLogWorker.run(SegmentedRaftLogWorker.java:289)
	at java.lang.Thread.run(Thread.java:748)
2019-09-25 05:06:47,686 [36ac27b3-2f11-437d-8f1f-165306b0ff4a@group-A2E6AEF067B1-SegmentedRaftLogWorker] INFO  impl.RaftServerImpl (RaftServerImpl.java:lambda$shutdown$3(251)) - 36ac27b3-2f11-437d-8f1f-165306b0ff4a@group-A2E6AEF067B1: shutdown
2019-09-25 05:06:46,601 [de37f7a0-0375-40a9-a318-404478482fcb@group-63B93C010E28-SegmentedRaftLogWorker] ERROR segmented.SegmentedRaftLogWorker (SegmentedRaftLogWorker.java:run(323)) - de37f7a0-0375-40a9-a318-404478482fcb@group-63B93C010E28-SegmentedRaftLogWorker hit exception
java.lang.OutOfMemoryError: Direct buffer memory
	at java.nio.Bits.reserveMemory(Bits.java:666)
	at java.nio.DirectByteBuffer.<init>(DirectByteBuffer.java:123)
	at java.nio.ByteBuffer.allocateDirect(ByteBuffer.java:311)
	at org.apache.ratis.server.raftlog.segmented.BufferedWriteChannel.<init>(BufferedWriteChannel.java:41)
	at org.apache.ratis.server.raftlog.segmented.SegmentedRaftLogOutputStream.<init>(SegmentedRaftLogOutputStream.java:72)
	at org.apache.ratis.server.raftlog.segmented.SegmentedRaftLogWorker$StartLogSegment.execute(SegmentedRaftLogWorker.java:566)
	at org.apache.ratis.server.raftlog.segmented.SegmentedRaftLogWorker.run(SegmentedRaftLogWorker.java:289)
	at java.lang.Thread.run(Thread.java:748)
2019-09-25 05:06:47,686 [de37f7a0-0375-40a9-a318-404478482fcb@group-63B93C010E28-SegmentedRaftLogWorker] INFO  impl.RaftServerImpl (RaftServerImpl.java:lambda$shutdown$3(251)) - de37f7a0-0375-40a9-a318-404478482fcb@group-63B93C010E28: shutdown
2019-09-25 05:06:46,600 [36ac27b3-2f11-437d-8f1f-165306b0ff4a@group-B8D00B1B54D6-SegmentedRaftLogWorker] ERROR segmented.SegmentedRaftLogWorker (SegmentedRaftLogWorker.java:run(323)) - 36ac27b3-2f11-437d-8f1f-165306b0ff4a@group-B8D00B1B54D6-SegmentedRaftLogWorker hit exception
java.lang.OutOfMemoryError: Direct buffer memory
	at java.nio.Bits.reserveMemory(Bits.java:666)
	at java.nio.DirectByteBuffer.<init>(DirectByteBuffer.java:123)
	at java.nio.ByteBuffer.allocateDirect(ByteBuffer.java:311)
	at org.apache.ratis.server.raftlog.segmented.BufferedWriteChannel.<init>(BufferedWriteChannel.java:41)
	at org.apache.ratis.server.raftlog.segmented.SegmentedRaftLogOutputStream.<init>(SegmentedRaftLogOutputStream.java:72)
	at org.apache.ratis.server.raftlog.segmented.SegmentedRaftLogWorker$StartLogSegment.execute(SegmentedRaftLogWorker.java:566)
	at org.apache.ratis.server.raftlog.segmented.SegmentedRaftLogWorker.run(SegmentedRaftLogWorker.java:289)
	at java.lang.Thread.run(Thread.java:748)
2019-09-25 05:06:47,691 [36ac27b3-2f11-437d-8f1f-165306b0ff4a@group-B8D00B1B54D6-SegmentedRaftLogWorker] INFO  impl.RaftServerImpl (RaftServerImpl.java:lambda$shutdown$3(251)) - 36ac27b3-2f11-437d-8f1f-165306b0ff4a@group-B8D00B1B54D6: shutdown
2019-09-25 05:06:46,599 [Thread-1221] INFO  impl.FollowerState (FollowerState.java:run(106)) - c8798e02-7f0c-41f7-82c2-a17323bcf21e:group-312ABFD8DBBA changes to CANDIDATE, lastRpcTime:5282, electionTimeout:5173ms
2019-09-25 05:06:46,386 [56396258-65a3-478c-9482-0be0199dd49c@group-684B8F10E788:LeaderElection189] INFO  server.RaftServerConfigKeys (ConfUtils.java:logGet(43)) - raft.server.write.element-limit = 4096 (default)
2019-09-25 05:06:46,386 [36ac27b3-2f11-437d-8f1f-165306b0ff4a@group-0E4AB3140789:LeaderElection167] INFO  impl.RaftServerImpl (ServerState.java:setRaftConf(354)) - 36ac27b3-2f11-437d-8f1f-165306b0ff4a@group-0E4AB3140789: set configuration 0: [36ac27b3-2f11-437d-8f1f-165306b0ff4a:192.168.30.10:45265], old=null at 0
2019-09-25 05:06:46,385 [692224c4-5202-4921-98cc-04d5c60c79cc@group-F3E95C0A9DF3:LeaderElection188] INFO  server.RaftServerConfigKeys (ConfUtils.java:logGet(43)) - raft.server.rpc.sleep.time = 25ms (default)
2019-09-25 05:06:46,385 [f77bfc29-6991-4b1d-a503-f706c83de4fc@group-943D603B2157-SegmentedRaftLogWorker] INFO  impl.RaftServerImpl (ServerState.java:close(385)) - f77bfc29-6991-4b1d-a503-f706c83de4fc@group-943D603B2157: closes. applyIndex: -1
2019-09-25 05:06:46,381 [56396258-65a3-478c-9482-0be0199dd49c@group-F16BF35F1496:LeaderElection209] INFO  impl.RoleInfo (RoleInfo.java:shutdownLeaderElection(134)) - 56396258-65a3-478c-9482-0be0199dd49c: shutdown LeaderElection
2019-09-25 05:06:46,381 [c8798e02-7f0c-41f7-82c2-a17323bcf21e@group-40F93C6485DE:LeaderElection185] INFO  server.RaftServerConfigKeys (ConfUtils.java:logGet(43)) - raft.server.rpc.sleep.time = 25ms (default)
2019-09-25 05:06:46,381 [36ac27b3-2f11-437d-8f1f-165306b0ff4a@group-B8FD25FCA5CE:LeaderElection208] INFO  impl.LeaderElection (LeaderElection.java:askForVotes(182)) - 36ac27b3-2f11-437d-8f1f-165306b0ff4a@group-B8FD25FCA5CE:LeaderElection208: begin an election at term 1 for -1: [36ac27b3-2f11-437d-8f1f-165306b0ff4a:192.168.30.10:45265], old=null
2019-09-25 05:06:46,381 [de37f7a0-0375-40a9-a318-404478482fcb@group-907A1360165D-SegmentedRaftLogWorker] INFO  impl.StateMachineUpdater (StateMachineUpdater.java:stopAndJoin(125)) - de37f7a0-0375-40a9-a318-404478482fcb@group-907A1360165D-StateMachineUpdater: set stopIndex = -1
2019-09-25 05:06:46,377 [c8798e02-7f0c-41f7-82c2-a17323bcf21e@group-6EA6BB54F6C5:LeaderElection187] INFO  server.RaftServerConfigKeys (ConfUtils.java:logGet(43)) - raft.server.rpc.sleep.time = 25ms (default)
2019-09-25 05:06:46,377 [692224c4-5202-4921-98cc-04d5c60c79cc@group-472DDFC1AB9B:LeaderElection182] INFO  server.RaftServerConfigKeys (ConfUtils.java:logGet(43)) - raft.server.rpc.sleep.time = 25ms (default)
2019-09-25 05:06:46,377 [de37f7a0-0375-40a9-a318-404478482fcb@group-5A74E072F61B:LeaderElection186] INFO  server.RaftServerConfigKeys (ConfUtils.java:logGet(43)) - raft.server.rpc.sleep.time = 25ms (default)
2019-09-25 05:06:46,377 [de37f7a0-0375-40a9-a318-404478482fcb@group-7F1AFF99EFF0:LeaderElection177] INFO  server.RaftServerConfigKeys (ConfUtils.java:logGet(43)) - raft.server.rpc.sleep.time = 25ms (default)
2019-09-25 05:06:47,693 [grpc-default-executor-0] INFO  impl.RaftServerProxy (RaftServerProxy.java:addNew(89)) - f77bfc29-6991-4b1d-a503-f706c83de4fc: addNew group-68AD30E641CF:[b4fa7d23-6606-45fd-9544-2b08ca3fa933:192.168.30.10:34493, 36ac27b3-2f11-437d-8f1f-165306b0ff4a:192.168.30.10:45265, f77bfc29-6991-4b1d-a503-f706c83de4fc:192.168.30.10:35112] returns group-68AD30E641CF:java.util.concurrent.CompletableFuture@5f5541d6[Not completed]
2019-09-25 05:06:46,377 [c8798e02-7f0c-41f7-82c2-a17323bcf21e@group-DCE788CCD7A8:LeaderElection183] INFO  server.RaftServerConfigKeys (ConfUtils.java:logGet(43)) - raft.server.watch.timeout = 10s (default)
2019-09-25 05:06:46,377 [692224c4-5202-4921-98cc-04d5c60c79cc@group-F4E8E11F483F:LeaderElection190] INFO  server.RaftServerConfigKeys (ConfUtils.java:logGet(43)) - raft.server.write.element-limit = 4096 (default)
2019-09-25 05:06:46,377 [692224c4-5202-4921-98cc-04d5c60c79cc@group-C6E7FE130C15:LeaderElection174] INFO  impl.RoleInfo (RoleInfo.java:updateAndGet(143)) - 692224c4-5202-4921-98cc-04d5c60c79cc: start LeaderState
2019-09-25 05:06:46,376 [36ac27b3-2f11-437d-8f1f-165306b0ff4a@group-2775D6089813:LeaderElection176] INFO  impl.RoleInfo (RoleInfo.java:updateAndGet(143)) - 36ac27b3-2f11-437d-8f1f-165306b0ff4a: start LeaderState
2019-09-25 05:06:46,376 [56396258-65a3-478c-9482-0be0199dd49c@group-76180D615ACC:LeaderElection180] INFO  server.RaftServerConfigKeys (ConfUtils.java:logGet(43)) - raft.server.write.element-limit = 4096 (default)
2019-09-25 05:06:47,695 [56396258-65a3-478c-9482-0be0199dd49c@group-76180D615ACC:LeaderElection180] INFO  server.RaftServerConfigKeys (ConfUtils.java:logGet(43)) - raft.server.watch.timeout = 10s (default)
2019-09-25 05:06:46,376 [36ac27b3-2f11-437d-8f1f-165306b0ff4a@group-C23BB28F7D26:LeaderElection181] INFO  server.RaftServerConfigKeys (ConfUtils.java:logGet(43)) - raft.server.watch.timeout = 10s (default)
2019-09-25 05:06:46,376 [56396258-65a3-478c-9482-0be0199dd49c@group-7B75987BA3EA-SegmentedRaftLogWorker] INFO  impl.StateMachineUpdater (StateMachineUpdater.java:stopAndJoin(125)) - 56396258-65a3-478c-9482-0be0199dd49c@group-7B75987BA3EA-StateMachineUpdater: set stopIndex = -1
2019-09-25 05:06:47,695 [56396258-65a3-478c-9482-0be0199dd49c@group-7B75987BA3EA-SegmentedRaftLogWorker] INFO  impl.RaftServerImpl (ServerState.java:close(385)) - 56396258-65a3-478c-9482-0be0199dd49c@group-7B75987BA3EA: closes. applyIndex: -1
2019-09-25 05:06:46,376 [de37f7a0-0375-40a9-a318-404478482fcb@group-8C9EF31E2CD5:LeaderElection178] INFO  server.RaftServerConfigKeys (ConfUtils.java:logGet(43)) - raft.server.watch.timeout = 10s (default)
2019-09-25 05:06:47,696 [de37f7a0-0375-40a9-a318-404478482fcb@group-8C9EF31E2CD5:LeaderElection178] INFO  server.RaftServerConfigKeys (ConfUtils.java:logGet(43)) - raft.server.watch.timeout.denomination = 1s (default)
2019-09-25 05:06:46,376 [c8798e02-7f0c-41f7-82c2-a17323bcf21e@group-2C40EDA8D719:LeaderElection179] INFO  server.RaftServerConfigKeys (ConfUtils.java:logGet(43)) - raft.server.write.element-limit = 4096 (default)
2019-09-25 05:06:47,696 [pool-27-thread-1] INFO  impl.RaftServerImpl (RaftServerImpl.java:<init>(95)) - f77bfc29-6991-4b1d-a503-f706c83de4fc: new RaftServerImpl for group-68AD30E641CF:[b4fa7d23-6606-45fd-9544-2b08ca3fa933:192.168.30.10:34493, 36ac27b3-2f11-437d-8f1f-165306b0ff4a:192.168.30.10:45265, f77bfc29-6991-4b1d-a503-f706c83de4fc:192.168.30.10:35112] with ContainerStateMachine:uninitialized
2019-09-25 05:06:47,696 [de37f7a0-0375-40a9-a318-404478482fcb@group-8C9EF31E2CD5:LeaderElection178] INFO  server.RaftServerConfigKeys (ConfUtils.java:logGet(43)) - raft.server.watch.element-limit = 65536 (default)
2019-09-25 05:06:47,696 [56396258-65a3-478c-9482-0be0199dd49c@group-7B75987BA3EA-SegmentedRaftLogWorker] INFO  segmented.SegmentedRaftLogWorker (SegmentedRaftLogWorker.java:close(228)) - 56396258-65a3-478c-9482-0be0199dd49c@group-7B75987BA3EA-SegmentedRaftLogWorker close()
2019-09-25 05:06:47,695 [pool-37-thread-1] INFO  impl.RaftServerImpl (RaftServerImpl.java:<init>(95)) - 36ac27b3-2f11-437d-8f1f-165306b0ff4a: new RaftServerImpl for group-68AD30E641CF:[b4fa7d23-6606-45fd-9544-2b08ca3fa933:192.168.30.10:34493, 36ac27b3-2f11-437d-8f1f-165306b0ff4a:192.168.30.10:45265, f77bfc29-6991-4b1d-a503-f706c83de4fc:192.168.30.10:35112] with ContainerStateMachine:uninitialized
2019-09-25 05:06:47,695 [36ac27b3-2f11-437d-8f1f-165306b0ff4a@group-C23BB28F7D26:LeaderElection181] INFO  server.RaftServerConfigKeys (ConfUtils.java:logGet(43)) - raft.server.watch.timeout.denomination = 1s (default)
2019-09-25 05:06:47,695 [56396258-65a3-478c-9482-0be0199dd49c@group-76180D615ACC:LeaderElection180] INFO  server.RaftServerConfigKeys (ConfUtils.java:logGet(43)) - raft.server.watch.timeout.denomination = 1s (default)
2019-09-25 05:06:47,701 [56396258-65a3-478c-9482-0be0199dd49c@group-76180D615ACC:LeaderElection180] INFO  server.RaftServerConfigKeys (ConfUtils.java:logGet(43)) - raft.server.watch.element-limit = 65536 (default)
2019-09-25 05:06:47,695 [36ac27b3-2f11-437d-8f1f-165306b0ff4a@group-2775D6089813:LeaderElection176] INFO  segmented.SegmentedRaftLogWorker (SegmentedRaftLogWorker.java:startLogSegment(380)) - 36ac27b3-2f11-437d-8f1f-165306b0ff4a@group-2775D6089813-SegmentedRaftLogWorker: Starting segment from index:0
2019-09-25 05:06:47,695 [692224c4-5202-4921-98cc-04d5c60c79cc@group-C6E7FE130C15:LeaderElection174] INFO  segmented.SegmentedRaftLogWorker (SegmentedRaftLogWorker.java:startLogSegment(380)) - 692224c4-5202-4921-98cc-04d5c60c79cc@group-C6E7FE130C15-SegmentedRaftLogWorker: Starting segment from index:0
2019-09-25 05:06:47,694 [692224c4-5202-4921-98cc-04d5c60c79cc@group-F4E8E11F483F:LeaderElection190] INFO  server.RaftServerConfigKeys (ConfUtils.java:logGet(43)) - raft.server.watch.timeout = 10s (default)
2019-09-25 05:06:47,702 [692224c4-5202-4921-98cc-04d5c60c79cc@group-F4E8E11F483F:LeaderElection190] INFO  server.RaftServerConfigKeys (ConfUtils.java:logGet(43)) - raft.server.watch.timeout.denomination = 1s (default)
2019-09-25 05:06:47,694 [c8798e02-7f0c-41f7-82c2-a17323bcf21e@group-DCE788CCD7A8:LeaderElection183] INFO  server.RaftServerConfigKeys (ConfUtils.java:logGet(43)) - raft.server.watch.timeout.denomination = 1s (default)
2019-09-25 05:06:47,694 [de37f7a0-0375-40a9-a318-404478482fcb@group-7F1AFF99EFF0:LeaderElection177] INFO  server.RaftServerConfigKeys (ConfUtils.java:logGet(43)) - raft.server.write.element-limit = 4096 (default)
2019-09-25 05:06:47,694 [grpc-default-executor-2] INFO  impl.RaftServerProxy (RaftServerProxy.java:addNew(89)) - 36ac27b3-2f11-437d-8f1f-165306b0ff4a: addNew group-68AD30E641CF:[b4fa7d23-6606-45fd-9544-2b08ca3fa933:192.168.30.10:34493, 36ac27b3-2f11-437d-8f1f-165306b0ff4a:192.168.30.10:45265, f77bfc29-6991-4b1d-a503-f706c83de4fc:192.168.30.10:35112] returns group-68AD30E641CF:java.util.concurrent.CompletableFuture@4b0b1e09[Not completed]
2019-09-25 05:06:47,694 [grpc-default-executor-3] INFO  impl.RaftServerProxy (RaftServerProxy.java:addNew(89)) - b4fa7d23-6606-45fd-9544-2b08ca3fa933: addNew group-68AD30E641CF:[b4fa7d23-6606-45fd-9544-2b08ca3fa933:192.168.30.10:34493, 36ac27b3-2f11-437d-8f1f-165306b0ff4a:192.168.30.10:45265, f77bfc29-6991-4b1d-a503-f706c83de4fc:192.168.30.10:35112] returns group-68AD30E641CF:java.util.concurrent.CompletableFuture@69a08a52[Not completed]
2019-09-25 05:06:47,693 [de37f7a0-0375-40a9-a318-404478482fcb@group-5A74E072F61B:LeaderElection186] INFO  server.RaftServerConfigKeys (ConfUtils.java:logGet(43)) - raft.server.write.element-limit = 4096 (default)
2019-09-25 05:06:47,693 [692224c4-5202-4921-98cc-04d5c60c79cc@group-472DDFC1AB9B:LeaderElection182] INFO  server.RaftServerConfigKeys (ConfUtils.java:logGet(43)) - raft.server.write.element-limit = 4096 (default)
2019-09-25 05:06:47,693 [c8798e02-7f0c-41f7-82c2-a17323bcf21e@group-6EA6BB54F6C5:LeaderElection187] INFO  server.RaftServerConfigKeys (ConfUtils.java:logGet(43)) - raft.server.write.element-limit = 4096 (default)
2019-09-25 05:06:47,693 [de37f7a0-0375-40a9-a318-404478482fcb@group-907A1360165D-SegmentedRaftLogWorker] INFO  impl.RaftServerImpl (ServerState.java:close(385)) - de37f7a0-0375-40a9-a318-404478482fcb@group-907A1360165D: closes. applyIndex: -1
2019-09-25 05:06:47,692 [36ac27b3-2f11-437d-8f1f-165306b0ff4a@group-B8FD25FCA5CE:LeaderElection208] INFO  impl.RoleInfo (RoleInfo.java:shutdownLeaderElection(134)) - 36ac27b3-2f11-437d-8f1f-165306b0ff4a: shutdown LeaderElection
2019-09-25 05:06:48,224 [36ac27b3-2f11-437d-8f1f-165306b0ff4a@group-B8FD25FCA5CE:LeaderElection208] INFO  impl.RaftServerImpl (RaftServerImpl.java:setRole(174)) - 36ac27b3-2f11-437d-8f1f-165306b0ff4a@group-B8FD25FCA5CE: changes role from CANDIDATE to LEADER at term 1 for changeToLeader
2019-09-25 05:06:47,692 [c8798e02-7f0c-41f7-82c2-a17323bcf21e@group-40F93C6485DE:LeaderElection185] INFO  server.RaftServerConfigKeys (ConfUtils.java:logGet(43)) - raft.server.write.element-limit = 4096 (default)
2019-09-25 05:06:47,692 [56396258-65a3-478c-9482-0be0199dd49c@group-F16BF35F1496:LeaderElection209] INFO  impl.RaftServerImpl (RaftServerImpl.java:setRole(174)) - 56396258-65a3-478c-9482-0be0199dd49c@group-F16BF35F1496: changes role from CANDIDATE to LEADER at term 1 for changeToLeader
2019-09-25 05:06:48,224 [56396258-65a3-478c-9482-0be0199dd49c@group-F16BF35F1496:LeaderElection209] INFO  impl.RaftServerImpl (ServerState.java:setLeader(253)) - 56396258-65a3-478c-9482-0be0199dd49c@group-F16BF35F1496: change Leader from null to 56396258-65a3-478c-9482-0be0199dd49c at term 1 for becomeLeader, leader elected after 8490ms
2019-09-25 05:06:47,692 [f77bfc29-6991-4b1d-a503-f706c83de4fc@group-943D603B2157-SegmentedRaftLogWorker] INFO  segmented.SegmentedRaftLogWorker (SegmentedRaftLogWorker.java:close(228)) - f77bfc29-6991-4b1d-a503-f706c83de4fc@group-943D603B2157-SegmentedRaftLogWorker close()
2019-09-25 05:06:47,692 [692224c4-5202-4921-98cc-04d5c60c79cc@group-F3E95C0A9DF3:LeaderElection188] INFO  server.RaftServerConfigKeys (ConfUtils.java:logGet(43)) - raft.server.write.element-limit = 4096 (default)
2019-09-25 05:06:47,691 [56396258-65a3-478c-9482-0be0199dd49c@group-684B8F10E788:LeaderElection189] INFO  server.RaftServerConfigKeys (ConfUtils.java:logGet(43)) - raft.server.watch.timeout = 10s (default)
2019-09-25 05:06:47,691 [Thread-1221] INFO  impl.RoleInfo (RoleInfo.java:shutdownFollowerState(121)) - c8798e02-7f0c-41f7-82c2-a17323bcf21e: shutdown FollowerState
2019-09-25 05:06:48,229 [Thread-1221] INFO  impl.RaftServerImpl (RaftServerImpl.java:setRole(174)) - c8798e02-7f0c-41f7-82c2-a17323bcf21e@group-312ABFD8DBBA: changes role from  FOLLOWER to CANDIDATE at term 0 for changeToCandidate
2019-09-25 05:06:47,691 [36ac27b3-2f11-437d-8f1f-165306b0ff4a@group-B8D00B1B54D6-SegmentedRaftLogWorker] INFO  util.JmxRegister (JmxRegister.java:unregister(73)) - Successfully un-registered JMX Bean with object name Ratis:service=RaftServer,group=group-B8D00B1B54D6,id=36ac27b3-2f11-437d-8f1f-165306b0ff4a
2019-09-25 05:06:48,230 [36ac27b3-2f11-437d-8f1f-165306b0ff4a@group-B8D00B1B54D6-SegmentedRaftLogWorker] INFO  impl.RoleInfo (RoleInfo.java:shutdownLeaderState(104)) - 36ac27b3-2f11-437d-8f1f-165306b0ff4a: shutdown LeaderState
2019-09-25 05:06:47,690 [de37f7a0-0375-40a9-a318-404478482fcb@group-63B93C010E28-SegmentedRaftLogWorker] INFO  util.JmxRegister (JmxRegister.java:unregister(73)) - Successfully un-registered JMX Bean with object name Ratis:service=RaftServer,group=group-63B93C010E28,id=de37f7a0-0375-40a9-a318-404478482fcb
2019-09-25 05:06:48,230 [de37f7a0-0375-40a9-a318-404478482fcb@group-63B93C010E28-SegmentedRaftLogWorker] INFO  impl.RoleInfo (RoleInfo.java:shutdownLeaderState(104)) - de37f7a0-0375-40a9-a318-404478482fcb: shutdown LeaderState
2019-09-25 05:06:47,686 [36ac27b3-2f11-437d-8f1f-165306b0ff4a@group-A2E6AEF067B1-SegmentedRaftLogWorker] INFO  util.JmxRegister (JmxRegister.java:unregister(73)) - Successfully un-registered JMX Bean with object name Ratis:service=RaftServer,group=group-A2E6AEF067B1,id=36ac27b3-2f11-437d-8f1f-165306b0ff4a
2019-09-25 05:06:48,230 [36ac27b3-2f11-437d-8f1f-165306b0ff4a@group-A2E6AEF067B1-SegmentedRaftLogWorker] INFO  impl.RoleInfo (RoleInfo.java:shutdownLeaderState(104)) - 36ac27b3-2f11-437d-8f1f-165306b0ff4a: shutdown LeaderState
2019-09-25 05:06:47,685 [f77bfc29-6991-4b1d-a503-f706c83de4fc@group-EA538770045D:LeaderElection202] INFO  impl.RaftServerImpl (ServerState.java:setLeader(253)) - f77bfc29-6991-4b1d-a503-f706c83de4fc@group-EA538770045D: change Leader from null to f77bfc29-6991-4b1d-a503-f706c83de4fc at term 1 for becomeLeader, leader elected after 8942ms
2019-09-25 05:06:47,685 [b4fa7d23-6606-45fd-9544-2b08ca3fa933@group-066198227AC4:LeaderElection204] INFO  server.RaftServerConfigKeys (ConfUtils.java:logGet(43)) - raft.server.staging.catchup.gap = 1000 (default)
2019-09-25 05:06:47,685 [36ac27b3-2f11-437d-8f1f-165306b0ff4a@group-97ACEA6CCC76:LeaderElection200] INFO  server.RaftServerConfigKeys (ConfUtils.java:logGet(43)) - raft.server.staging.catchup.gap = 1000 (default)
2019-09-25 05:06:47,685 [de37f7a0-0375-40a9-a318-404478482fcb@group-B95B81D35B14:LeaderElection201] INFO  server.RaftServerConfigKeys (ConfUtils.java:logGet(43)) - raft.server.staging.catchup.gap = 1000 (default)
2019-09-25 05:06:48,231 [de37f7a0-0375-40a9-a318-404478482fcb@group-B95B81D35B14:LeaderElection201] INFO  server.RaftServerConfigKeys (ConfUtils.java:logGet(43)) - raft.server.rpc.sleep.time = 25ms (default)
2019-09-25 05:06:47,684 [c8798e02-7f0c-41f7-82c2-a17323bcf21e@group-27685CAB4247:LeaderElection203] INFO  server.RaftServerConfigKeys (ConfUtils.java:logGet(43)) - raft.server.staging.catchup.gap = 1000 (default)
2019-09-25 05:06:48,231 [c8798e02-7f0c-41f7-82c2-a17323bcf21e@group-27685CAB4247:LeaderElection203] INFO  server.RaftServerConfigKeys (ConfUtils.java:logGet(43)) - raft.server.rpc.sleep.time = 25ms (default)
2019-09-25 05:06:47,684 [56396258-65a3-478c-9482-0be0199dd49c@group-4682414C107C:LeaderElection173] INFO  segmented.SegmentedRaftLogWorker (SegmentedRaftLogWorker.java:startLogSegment(380)) - 56396258-65a3-478c-9482-0be0199dd49c@group-4682414C107C-SegmentedRaftLogWorker: Starting segment from index:0
2019-09-25 05:06:47,684 [de37f7a0-0375-40a9-a318-404478482fcb@group-004FB6FC5979:LeaderElection197] INFO  server.RaftServerConfigKeys (ConfUtils.java:logGet(43)) - raft.server.write.element-limit = 4096 (default)
2019-09-25 05:06:47,680 [36ac27b3-2f11-437d-8f1f-165306b0ff4a@group-4305B25424B2:LeaderElection184] INFO  server.RaftServerConfigKeys (ConfUtils.java:logGet(43)) - raft.server.write.element-limit = 4096 (default)
2019-09-25 05:06:47,680 [de37f7a0-0375-40a9-a318-404478482fcb@group-9599B14A66E7-SegmentedRaftLogWorker] INFO  impl.RaftServerImpl (RaftServerImpl.java:lambda$shutdown$3(251)) - de37f7a0-0375-40a9-a318-404478482fcb@group-9599B14A66E7: shutdown
2019-09-25 05:06:47,680 [f77bfc29-6991-4b1d-a503-f706c83de4fc@group-AC9D764C8055:LeaderElection175] INFO  segmented.SegmentedRaftLogWorker (SegmentedRaftLogWorker.java:startLogSegment(380)) - f77bfc29-6991-4b1d-a503-f706c83de4fc@group-AC9D764C8055-SegmentedRaftLogWorker: Starting segment from index:0
2019-09-25 05:06:47,679 [36ac27b3-2f11-437d-8f1f-165306b0ff4a@group-3D1B0F350F7D:LeaderElection198] INFO  server.RaftServerConfigKeys (ConfUtils.java:logGet(43)) - raft.server.write.element-limit = 4096 (default)
2019-09-25 05:06:47,414 [de37f7a0-0375-40a9-a318-404478482fcb@group-43B884B10E8C:LeaderElection168] INFO  impl.RaftServerImpl (ServerState.java:setRaftConf(354)) - de37f7a0-0375-40a9-a318-404478482fcb@group-43B884B10E8C: set configuration 0: [de37f7a0-0375-40a9-a318-404478482fcb:192.168.30.10:44522], old=null at 0
2019-09-25 05:06:47,674 [f77bfc29-6991-4b1d-a503-f706c83de4fc@group-883DC29D19B9-SegmentedRaftLogWorker] ERROR segmented.SegmentedRaftLogWorker (SegmentedRaftLogWorker.java:run(323)) - f77bfc29-6991-4b1d-a503-f706c83de4fc@group-883DC29D19B9-SegmentedRaftLogWorker hit exception
java.lang.OutOfMemoryError: Direct buffer memory
	at java.nio.Bits.reserveMemory(Bits.java:666)
	at java.nio.DirectByteBuffer.<init>(DirectByteBuffer.java:123)
	at java.nio.ByteBuffer.allocateDirect(ByteBuffer.java:311)
	at org.apache.ratis.server.raftlog.segmented.BufferedWriteChannel.<init>(BufferedWriteChannel.java:41)
	at org.apache.ratis.server.raftlog.segmented.SegmentedRaftLogOutputStream.<init>(SegmentedRaftLogOutputStream.java:72)
	at org.apache.ratis.server.raftlog.segmented.SegmentedRaftLogWorker$StartLogSegment.execute(SegmentedRaftLogWorker.java:566)
	at org.apache.ratis.server.raftlog.segmented.SegmentedRaftLogWorker.run(SegmentedRaftLogWorker.java:289)
	at java.lang.Thread.run(Thread.java:748)
2019-09-25 05:06:48,706 [f77bfc29-6991-4b1d-a503-f706c83de4fc@group-883DC29D19B9-SegmentedRaftLogWorker] INFO  impl.RaftServerImpl (RaftServerImpl.java:lambda$shutdown$3(251)) - f77bfc29-6991-4b1d-a503-f706c83de4fc@group-883DC29D19B9: shutdown
2019-09-25 05:06:47,666 [36ac27b3-2f11-437d-8f1f-165306b0ff4a@group-1BEF9D94C117-SegmentedRaftLogWorker] ERROR segmented.SegmentedRaftLogWorker (SegmentedRaftLogWorker.java:run(323)) - 36ac27b3-2f11-437d-8f1f-165306b0ff4a@group-1BEF9D94C117-SegmentedRaftLogWorker hit exception
java.lang.OutOfMemoryError: Direct buffer memory
	at java.nio.Bits.reserveMemory(Bits.java:666)
	at java.nio.DirectByteBuffer.<init>(DirectByteBuffer.java:123)
	at java.nio.ByteBuffer.allocateDirect(ByteBuffer.java:311)
	at org.apache.ratis.server.raftlog.segmented.BufferedWriteChannel.<init>(BufferedWriteChannel.java:41)
	at org.apache.ratis.server.raftlog.segmented.SegmentedRaftLogOutputStream.<init>(SegmentedRaftLogOutputStream.java:72)
	at org.apache.ratis.server.raftlog.segmented.SegmentedRaftLogWorker$StartLogSegment.execute(SegmentedRaftLogWorker.java:566)
	at org.apache.ratis.server.raftlog.segmented.SegmentedRaftLogWorker.run(SegmentedRaftLogWorker.java:289)
	at java.lang.Thread.run(Thread.java:748)
2019-09-25 05:06:48,706 [36ac27b3-2f11-437d-8f1f-165306b0ff4a@group-1BEF9D94C117-SegmentedRaftLogWorker] INFO  impl.RaftServerImpl (RaftServerImpl.java:lambda$shutdown$3(251)) - 36ac27b3-2f11-437d-8f1f-165306b0ff4a@group-1BEF9D94C117: shutdown
2019-09-25 05:06:47,666 [de37f7a0-0375-40a9-a318-404478482fcb@group-FD0A651E9541-SegmentedRaftLogWorker] ERROR segmented.SegmentedRaftLogWorker (SegmentedRaftLogWorker.java:run(323)) - de37f7a0-0375-40a9-a318-404478482fcb@group-FD0A651E9541-SegmentedRaftLogWorker hit exception
java.lang.OutOfMemoryError: Direct buffer memory
	at java.nio.Bits.reserveMemory(Bits.java:666)
	at java.nio.DirectByteBuffer.<init>(DirectByteBuffer.java:123)
	at java.nio.ByteBuffer.allocateDirect(ByteBuffer.java:311)
	at org.apache.ratis.server.raftlog.segmented.BufferedWriteChannel.<init>(BufferedWriteChannel.java:41)
	at org.apache.ratis.server.raftlog.segmented.SegmentedRaftLogOutputStream.<init>(SegmentedRaftLogOutputStream.java:72)
	at org.apache.ratis.server.raftlog.segmented.SegmentedRaftLogWorker$StartLogSegment.execute(SegmentedRaftLogWorker.java:566)
	at org.apache.ratis.server.raftlog.segmented.SegmentedRaftLogWorker.run(SegmentedRaftLogWorker.java:289)
	at java.lang.Thread.run(Thread.java:748)
2019-09-25 05:06:48,707 [de37f7a0-0375-40a9-a318-404478482fcb@group-FD0A651E9541-SegmentedRaftLogWorker] INFO  impl.RaftServerImpl (RaftServerImpl.java:lambda$shutdown$3(251)) - de37f7a0-0375-40a9-a318-404478482fcb@group-FD0A651E9541: shutdown
2019-09-25 05:06:47,414 [c8798e02-7f0c-41f7-82c2-a17323bcf21e@group-CA2EC9FE2309:LeaderElection170] INFO  segmented.SegmentedRaftLogWorker (SegmentedRaftLogWorker.java:startLogSegment(380)) - c8798e02-7f0c-41f7-82c2-a17323bcf21e@group-CA2EC9FE2309-SegmentedRaftLogWorker: Starting segment from index:0
2019-09-25 05:06:47,413 [56396258-65a3-478c-9482-0be0199dd49c@group-9F86D8309F5D:LeaderElection164] INFO  segmented.SegmentedRaftLogWorker (SegmentedRaftLogWorker.java:startLogSegment(380)) - 56396258-65a3-478c-9482-0be0199dd49c@group-9F86D8309F5D-SegmentedRaftLogWorker: Starting segment from index:0
2019-09-25 05:06:47,413 [56396258-65a3-478c-9482-0be0199dd49c@group-4F3116BF037B-SegmentedRaftLogWorker] INFO  impl.RoleInfo (RoleInfo.java:shutdownLeaderState(104)) - 56396258-65a3-478c-9482-0be0199dd49c: shutdown LeaderState
2019-09-25 05:06:47,412 [692224c4-5202-4921-98cc-04d5c60c79cc@group-D1D03DE76CDC:LeaderElection199] INFO  server.RaftServerConfigKeys (ConfUtils.java:logGet(43)) - raft.server.rpc.sleep.time = 25ms (default)
2019-09-25 05:06:47,412 [56396258-65a3-478c-9482-0be0199dd49c@group-7C80C09CAEA0:LeaderElection194] INFO  server.RaftServerConfigKeys (ConfUtils.java:logGet(43)) - raft.server.write.element-limit = 4096 (default)
2019-09-25 05:06:47,412 [692224c4-5202-4921-98cc-04d5c60c79cc@group-291240DAD94B:LeaderElection191] INFO  server.RaftServerConfigKeys (ConfUtils.java:logGet(43)) - raft.server.rpc.sleep.time = 25ms (default)
2019-09-25 05:06:47,411 [de37f7a0-0375-40a9-a318-404478482fcb@group-6106A46ED489:LeaderElection211] INFO  impl.LeaderElection (LeaderElection.java:askForVotes(182)) - de37f7a0-0375-40a9-a318-404478482fcb@group-6106A46ED489:LeaderElection211: begin an election at term 1 for -1: [de37f7a0-0375-40a9-a318-404478482fcb:192.168.30.10:44522], old=null
2019-09-25 05:06:47,167 [c8798e02-7f0c-41f7-82c2-a17323bcf21e@group-01FE6C175D2C:LeaderElection193] INFO  server.RaftServerConfigKeys (ConfUtils.java:logGet(43)) - raft.server.rpc.sleep.time = 25ms (default)
2019-09-25 05:06:47,166 [c8798e02-7f0c-41f7-82c2-a17323bcf21e@group-E2AAA7B81356:LeaderElection171] INFO  impl.RaftServerImpl (ServerState.java:setRaftConf(354)) - c8798e02-7f0c-41f7-82c2-a17323bcf21e@group-E2AAA7B81356: set configuration 0: [c8798e02-7f0c-41f7-82c2-a17323bcf21e:192.168.30.10:40603], old=null at 0
2019-09-25 05:06:47,166 [36ac27b3-2f11-437d-8f1f-165306b0ff4a@group-5181C418506D-SegmentedRaftLogWorker] INFO  impl.StateMachineUpdater (StateMachineUpdater.java:stopAndJoin(125)) - 36ac27b3-2f11-437d-8f1f-165306b0ff4a@group-5181C418506D-StateMachineUpdater: set stopIndex = -1
2019-09-25 05:06:47,166 [b4fa7d23-6606-45fd-9544-2b08ca3fa933@group-E25C07AA9899:LeaderElection196] INFO  server.RaftServerConfigKeys (ConfUtils.java:logGet(43)) - raft.server.rpc.sleep.time = 25ms (default)
2019-09-25 05:06:47,166 [de37f7a0-0375-40a9-a318-404478482fcb@group-FF5438954BFD:LeaderElection192] INFO  server.RaftServerConfigKeys (ConfUtils.java:logGet(43)) - raft.server.write.element-limit = 4096 (default)
2019-09-25 05:06:48,932 [de37f7a0-0375-40a9-a318-404478482fcb@group-FF5438954BFD:LeaderElection192] INFO  server.RaftServerConfigKeys (ConfUtils.java:logGet(43)) - raft.server.watch.timeout = 10s (default)
2019-09-25 05:06:47,165 [c8798e02-7f0c-41f7-82c2-a17323bcf21e@group-D347DF8354E9-SegmentedRaftLogWorker] INFO  impl.PendingRequests (PendingRequests.java:sendNotLeaderResponses(202)) - c8798e02-7f0c-41f7-82c2-a17323bcf21e-PendingRequests: sendNotLeaderResponses
2019-09-25 05:06:47,165 [36ac27b3-2f11-437d-8f1f-165306b0ff4a@group-8F9482EFFF29:LeaderElection195] INFO  server.RaftServerConfigKeys (ConfUtils.java:logGet(43)) - raft.server.write.element-limit = 4096 (default)
2019-09-25 05:06:47,165 [de37f7a0-0375-40a9-a318-404478482fcb@group-844261D92A00:LeaderElection207] INFO  server.RaftServerConfigKeys (ConfUtils.java:logGet(43)) - raft.server.staging.catchup.gap = 1000 (default)
2019-09-25 05:06:47,164 [c8798e02-7f0c-41f7-82c2-a17323bcf21e@group-585132BA0174:LeaderElection205] INFO  server.RaftServerConfigKeys (ConfUtils.java:logGet(43)) - raft.server.staging.catchup.gap = 1000 (default)
2019-09-25 05:06:47,164 [f77bfc29-6991-4b1d-a503-f706c83de4fc@group-D768D80F0CB2:LeaderElection206] INFO  server.RaftServerConfigKeys (ConfUtils.java:logGet(43)) - raft.server.staging.catchup.gap = 1000 (default)
2019-09-25 05:06:48,933 [f77bfc29-6991-4b1d-a503-f706c83de4fc@group-D768D80F0CB2:LeaderElection206] INFO  server.RaftServerConfigKeys (ConfUtils.java:logGet(43)) - raft.server.rpc.sleep.time = 25ms (default)
2019-09-25 05:06:47,164 [Thread-1210] INFO  impl.RoleInfo (RoleInfo.java:updateAndGet(143)) - 692224c4-5202-4921-98cc-04d5c60c79cc: start LeaderElection
2019-09-25 05:06:47,163 [c8798e02-7f0c-41f7-82c2-a17323bcf21e@group-131819428EE7-SegmentedRaftLogWorker] INFO  impl.PendingRequests (PendingRequests.java:sendNotLeaderResponses(202)) - c8798e02-7f0c-41f7-82c2-a17323bcf21e-PendingRequests: sendNotLeaderResponses
2019-09-25 05:06:47,163 [692224c4-5202-4921-98cc-04d5c60c79cc@group-2600225F0C75:LeaderElection210] INFO  impl.LeaderElection (LeaderElection.java:askForVotes(182)) - 692224c4-5202-4921-98cc-04d5c60c79cc@group-2600225F0C75:LeaderElection210: begin an election at term 1 for -1: [692224c4-5202-4921-98cc-04d5c60c79cc:192.168.30.10:38144], old=null
2019-09-25 05:06:48,934 [c8798e02-7f0c-41f7-82c2-a17323bcf21e@group-131819428EE7-SegmentedRaftLogWorker] INFO  impl.StateMachineUpdater (StateMachineUpdater.java:stopAndJoin(125)) - c8798e02-7f0c-41f7-82c2-a17323bcf21e@group-131819428EE7-StateMachineUpdater: set stopIndex = -1
2019-09-25 05:06:47,163 [Thread-1180] INFO  impl.RoleInfo (RoleInfo.java:updateAndGet(143)) - c8798e02-7f0c-41f7-82c2-a17323bcf21e: start LeaderElection
2019-09-25 05:06:47,163 [pool-77-thread-1] INFO  storage.RaftStorageDirectory (RaftStorageDirectory.java:tryLock(328)) - Lock on /workdir/hadoop-ozone/integration-test/target/test-dir/MiniOzoneClusterImpl-23306158-e895-4fc7-80df-ce6c264c388b/datanode-5/data/ratis/12492b56-ef06-481a-92a2-781134155b80/in_use.lock acquired by nodename 25526@pr-hdds-1569-s62bp-3040748787
2019-09-25 05:06:47,156 [56396258-65a3-478c-9482-0be0199dd49c@group-629F40061B83-SegmentedRaftLogWorker] ERROR segmented.SegmentedRaftLogWorker (SegmentedRaftLogWorker.java:run(323)) - 56396258-65a3-478c-9482-0be0199dd49c@group-629F40061B83-SegmentedRaftLogWorker hit exception
java.lang.OutOfMemoryError: Direct buffer memory
	at java.nio.Bits.reserveMemory(Bits.java:666)
	at java.nio.DirectByteBuffer.<init>(DirectByteBuffer.java:123)
	at java.nio.ByteBuffer.allocateDirect(ByteBuffer.java:311)
	at org.apache.ratis.server.raftlog.segmented.BufferedWriteChannel.<init>(BufferedWriteChannel.java:41)
	at org.apache.ratis.server.raftlog.segmented.SegmentedRaftLogOutputStream.<init>(SegmentedRaftLogOutputStream.java:72)
	at org.apache.ratis.server.raftlog.segmented.SegmentedRaftLogWorker$StartLogSegment.execute(SegmentedRaftLogWorker.java:566)
	at org.apache.ratis.server.raftlog.segmented.SegmentedRaftLogWorker.run(SegmentedRaftLogWorker.java:289)
	at java.lang.Thread.run(Thread.java:748)
2019-09-25 05:06:48,935 [56396258-65a3-478c-9482-0be0199dd49c@group-629F40061B83-SegmentedRaftLogWorker] INFO  impl.RaftServerImpl (RaftServerImpl.java:lambda$shutdown$3(251)) - 56396258-65a3-478c-9482-0be0199dd49c@group-629F40061B83: shutdown
2019-09-25 05:06:46,858 [b4fa7d23-6606-45fd-9544-2b08ca3fa933@group-CE384E8B40B3:LeaderElection172] INFO  impl.RaftServerImpl (ServerState.java:setRaftConf(354)) - b4fa7d23-6606-45fd-9544-2b08ca3fa933@group-CE384E8B40B3: set configuration 0: [b4fa7d23-6606-45fd-9544-2b08ca3fa933:192.168.30.10:34493], old=null at 0
2019-09-25 05:06:48,935 [56396258-65a3-478c-9482-0be0199dd49c@group-629F40061B83-SegmentedRaftLogWorker] INFO  util.JmxRegister (JmxRegister.java:unregister(73)) - Successfully un-registered JMX Bean with object name Ratis:service=RaftServer,group=group-629F40061B83,id=56396258-65a3-478c-9482-0be0199dd49c
2019-09-25 05:06:48,936 [56396258-65a3-478c-9482-0be0199dd49c@group-629F40061B83-SegmentedRaftLogWorker] INFO  impl.RoleInfo (RoleInfo.java:shutdownLeaderState(104)) - 56396258-65a3-478c-9482-0be0199dd49c: shutdown LeaderState
2019-09-25 05:06:48,934 [c8798e02-7f0c-41f7-82c2-a17323bcf21e@group-131819428EE7-SegmentedRaftLogWorker] INFO  impl.RaftServerImpl (ServerState.java:close(385)) - c8798e02-7f0c-41f7-82c2-a17323bcf21e@group-131819428EE7: closes. applyIndex: -1
2019-09-25 05:06:48,934 [692224c4-5202-4921-98cc-04d5c60c79cc@group-2600225F0C75:LeaderElection210] INFO  impl.RoleInfo (RoleInfo.java:shutdownLeaderElection(134)) - 692224c4-5202-4921-98cc-04d5c60c79cc: shutdown LeaderElection
2019-09-25 05:06:48,936 [c8798e02-7f0c-41f7-82c2-a17323bcf21e@group-131819428EE7-SegmentedRaftLogWorker] INFO  segmented.SegmentedRaftLogWorker (SegmentedRaftLogWorker.java:close(228)) - c8798e02-7f0c-41f7-82c2-a17323bcf21e@group-131819428EE7-SegmentedRaftLogWorker close()
2019-09-25 05:06:48,934 [f77bfc29-6991-4b1d-a503-f706c83de4fc@group-D768D80F0CB2:LeaderElection206] INFO  server.RaftServerConfigKeys (ConfUtils.java:logGet(43)) - raft.server.write.element-limit = 4096 (default)
2019-09-25 05:06:48,933 [c8798e02-7f0c-41f7-82c2-a17323bcf21e@group-585132BA0174:LeaderElection205] INFO  server.RaftServerConfigKeys (ConfUtils.java:logGet(43)) - raft.server.rpc.sleep.time = 25ms (default)
2019-09-25 05:06:48,933 [de37f7a0-0375-40a9-a318-404478482fcb@group-844261D92A00:LeaderElection207] INFO  server.RaftServerConfigKeys (ConfUtils.java:logGet(43)) - raft.server.rpc.sleep.time = 25ms (default)
2019-09-25 05:06:48,933 [36ac27b3-2f11-437d-8f1f-165306b0ff4a@group-8F9482EFFF29:LeaderElection195] INFO  server.RaftServerConfigKeys (ConfUtils.java:logGet(43)) - raft.server.watch.timeout = 10s (default)
2019-09-25 05:06:48,940 [36ac27b3-2f11-437d-8f1f-165306b0ff4a@group-8F9482EFFF29:LeaderElection195] INFO  server.RaftServerConfigKeys (ConfUtils.java:logGet(43)) - raft.server.watch.timeout.denomination = 1s (default)
2019-09-25 05:06:48,932 [c8798e02-7f0c-41f7-82c2-a17323bcf21e@group-D347DF8354E9-SegmentedRaftLogWorker] INFO  impl.StateMachineUpdater (StateMachineUpdater.java:stopAndJoin(125)) - c8798e02-7f0c-41f7-82c2-a17323bcf21e@group-D347DF8354E9-StateMachineUpdater: set stopIndex = -1
2019-09-25 05:06:48,932 [de37f7a0-0375-40a9-a318-404478482fcb@group-FF5438954BFD:LeaderElection192] INFO  server.RaftServerConfigKeys (ConfUtils.java:logGet(43)) - raft.server.watch.timeout.denomination = 1s (default)
2019-09-25 05:06:48,941 [de37f7a0-0375-40a9-a318-404478482fcb@group-FF5438954BFD:LeaderElection192] INFO  server.RaftServerConfigKeys (ConfUtils.java:logGet(43)) - raft.server.watch.element-limit = 65536 (default)
2019-09-25 05:06:48,932 [b4fa7d23-6606-45fd-9544-2b08ca3fa933@group-E25C07AA9899:LeaderElection196] INFO  server.RaftServerConfigKeys (ConfUtils.java:logGet(43)) - raft.server.write.element-limit = 4096 (default)
2019-09-25 05:06:48,932 [36ac27b3-2f11-437d-8f1f-165306b0ff4a@group-5181C418506D-SegmentedRaftLogWorker] INFO  impl.RaftServerImpl (ServerState.java:close(385)) - 36ac27b3-2f11-437d-8f1f-165306b0ff4a@group-5181C418506D: closes. applyIndex: -1
2019-09-25 05:06:48,931 [c8798e02-7f0c-41f7-82c2-a17323bcf21e@group-01FE6C175D2C:LeaderElection193] INFO  server.RaftServerConfigKeys (ConfUtils.java:logGet(43)) - raft.server.write.element-limit = 4096 (default)
2019-09-25 05:06:48,931 [de37f7a0-0375-40a9-a318-404478482fcb@group-6106A46ED489:LeaderElection211] INFO  impl.RoleInfo (RoleInfo.java:shutdownLeaderElection(134)) - de37f7a0-0375-40a9-a318-404478482fcb: shutdown LeaderElection
2019-09-25 05:06:48,942 [de37f7a0-0375-40a9-a318-404478482fcb@group-6106A46ED489:LeaderElection211] INFO  impl.RaftServerImpl (RaftServerImpl.java:setRole(174)) - de37f7a0-0375-40a9-a318-404478482fcb@group-6106A46ED489: changes role from CANDIDATE to LEADER at term 1 for changeToLeader
2019-09-25 05:06:48,931 [692224c4-5202-4921-98cc-04d5c60c79cc@group-291240DAD94B:LeaderElection191] INFO  server.RaftServerConfigKeys (ConfUtils.java:logGet(43)) - raft.server.write.element-limit = 4096 (default)
2019-09-25 05:06:48,931 [56396258-65a3-478c-9482-0be0199dd49c@group-7C80C09CAEA0:LeaderElection194] INFO  server.RaftServerConfigKeys (ConfUtils.java:logGet(43)) - raft.server.watch.timeout = 10s (default)
2019-09-25 05:06:48,927 [692224c4-5202-4921-98cc-04d5c60c79cc@group-D1D03DE76CDC:LeaderElection199] INFO  server.RaftServerConfigKeys (ConfUtils.java:logGet(43)) - raft.server.write.element-limit = 4096 (default)
2019-09-25 05:06:48,927 [56396258-65a3-478c-9482-0be0199dd49c@group-9F86D8309F5D:LeaderElection164] INFO  impl.RaftServerImpl (ServerState.java:setRaftConf(354)) - 56396258-65a3-478c-9482-0be0199dd49c@group-9F86D8309F5D: set configuration 0: [56396258-65a3-478c-9482-0be0199dd49c:192.168.30.10:41678], old=null at 0
2019-09-25 05:06:48,925 [de37f7a0-0375-40a9-a318-404478482fcb@group-43B884B10E8C-SegmentedRaftLogWorker] ERROR segmented.SegmentedRaftLogWorker (SegmentedRaftLogWorker.java:run(323)) - de37f7a0-0375-40a9-a318-404478482fcb@group-43B884B10E8C-SegmentedRaftLogWorker hit exception
java.lang.OutOfMemoryError: Direct buffer memory
	at java.nio.Bits.reserveMemory(Bits.java:666)
	at java.nio.DirectByteBuffer.<init>(DirectByteBuffer.java:123)
	at java.nio.ByteBuffer.allocateDirect(ByteBuffer.java:311)
	at org.apache.ratis.server.raftlog.segmented.BufferedWriteChannel.<init>(BufferedWriteChannel.java:41)
	at org.apache.ratis.server.raftlog.segmented.SegmentedRaftLogOutputStream.<init>(SegmentedRaftLogOutputStream.java:72)
	at org.apache.ratis.server.raftlog.segmented.SegmentedRaftLogWorker$StartLogSegment.execute(SegmentedRaftLogWorker.java:566)
	at org.apache.ratis.server.raftlog.segmented.SegmentedRaftLogWorker.run(SegmentedRaftLogWorker.java:289)
	at java.lang.Thread.run(Thread.java:748)
2019-09-25 05:06:48,925 [c8798e02-7f0c-41f7-82c2-a17323bcf21e@group-E2AAA7B81356-SegmentedRaftLogWorker] ERROR segmented.SegmentedRaftLogWorker (SegmentedRaftLogWorker.java:run(323)) - c8798e02-7f0c-41f7-82c2-a17323bcf21e@group-E2AAA7B81356-SegmentedRaftLogWorker hit exception
java.lang.OutOfMemoryError: Direct buffer memory
	at java.nio.Bits.reserveMemory(Bits.java:666)
	at java.nio.DirectByteBuffer.<init>(DirectByteBuffer.java:123)
	at java.nio.ByteBuffer.allocateDirect(ByteBuffer.java:311)
	at org.apache.ratis.server.raftlog.segmented.BufferedWriteChannel.<init>(BufferedWriteChannel.java:41)
	at org.apache.ratis.server.raftlog.segmented.SegmentedRaftLogOutputStream.<init>(SegmentedRaftLogOutputStream.java:72)
	at org.apache.ratis.server.raftlog.segmented.SegmentedRaftLogWorker$StartLogSegment.execute(SegmentedRaftLogWorker.java:566)
	at org.apache.ratis.server.raftlog.segmented.SegmentedRaftLogWorker.run(SegmentedRaftLogWorker.java:289)
	at java.lang.Thread.run(Thread.java:748)
2019-09-25 05:06:48,925 [b4fa7d23-6606-45fd-9544-2b08ca3fa933@group-CE384E8B40B3-SegmentedRaftLogWorker] ERROR segmented.SegmentedRaftLogWorker (SegmentedRaftLogWorker.java:run(323)) - b4fa7d23-6606-45fd-9544-2b08ca3fa933@group-CE384E8B40B3-SegmentedRaftLogWorker hit exception
java.lang.OutOfMemoryError: Direct buffer memory
	at java.nio.Bits.reserveMemory(Bits.java:666)
	at java.nio.DirectByteBuffer.<init>(DirectByteBuffer.java:123)
	at java.nio.ByteBuffer.allocateDirect(ByteBuffer.java:311)
	at org.apache.ratis.server.raftlog.segmented.BufferedWriteChannel.<init>(BufferedWriteChannel.java:41)
	at org.apache.ratis.server.raftlog.segmented.SegmentedRaftLogOutputStream.<init>(SegmentedRaftLogOutputStream.java:72)
	at org.apache.ratis.server.raftlog.segmented.SegmentedRaftLogWorker$StartLogSegment.execute(SegmentedRaftLogWorker.java:566)
	at org.apache.ratis.server.raftlog.segmented.SegmentedRaftLogWorker.run(SegmentedRaftLogWorker.java:289)
	at java.lang.Thread.run(Thread.java:748)
2019-09-25 05:06:48,944 [b4fa7d23-6606-45fd-9544-2b08ca3fa933@group-CE384E8B40B3-SegmentedRaftLogWorker] INFO  impl.RaftServerImpl (RaftServerImpl.java:lambda$shutdown$3(251)) - b4fa7d23-6606-45fd-9544-2b08ca3fa933@group-CE384E8B40B3: shutdown
2019-09-25 05:06:48,708 [56396258-65a3-478c-9482-0be0199dd49c@group-4F3116BF037B-SegmentedRaftLogWorker] INFO  impl.PendingRequests (PendingRequests.java:sendNotLeaderResponses(202)) - 56396258-65a3-478c-9482-0be0199dd49c-PendingRequests: sendNotLeaderResponses
2019-09-25 05:06:48,708 [c8798e02-7f0c-41f7-82c2-a17323bcf21e@group-CA2EC9FE2309:LeaderElection170] INFO  impl.RaftServerImpl (ServerState.java:setRaftConf(354)) - c8798e02-7f0c-41f7-82c2-a17323bcf21e@group-CA2EC9FE2309: set configuration 0: [c8798e02-7f0c-41f7-82c2-a17323bcf21e:192.168.30.10:40603], old=null at 0
2019-09-25 05:06:48,707 [de37f7a0-0375-40a9-a318-404478482fcb@group-FD0A651E9541-SegmentedRaftLogWorker] INFO  util.JmxRegister (JmxRegister.java:unregister(73)) - Successfully un-registered JMX Bean with object name Ratis:service=RaftServer,group=group-FD0A651E9541,id=de37f7a0-0375-40a9-a318-404478482fcb
2019-09-25 05:06:48,707 [36ac27b3-2f11-437d-8f1f-165306b0ff4a@group-1BEF9D94C117-SegmentedRaftLogWorker] INFO  util.JmxRegister (JmxRegister.java:unregister(73)) - Successfully un-registered JMX Bean with object name Ratis:service=RaftServer,group=group-1BEF9D94C117,id=36ac27b3-2f11-437d-8f1f-165306b0ff4a
2019-09-25 05:06:48,945 [36ac27b3-2f11-437d-8f1f-165306b0ff4a@group-1BEF9D94C117-SegmentedRaftLogWorker] INFO  impl.RoleInfo (RoleInfo.java:shutdownLeaderState(104)) - 36ac27b3-2f11-437d-8f1f-165306b0ff4a: shutdown LeaderState
2019-09-25 05:06:48,706 [f77bfc29-6991-4b1d-a503-f706c83de4fc@group-883DC29D19B9-SegmentedRaftLogWorker] INFO  util.JmxRegister (JmxRegister.java:unregister(73)) - Successfully un-registered JMX Bean with object name Ratis:service=RaftServer,group=group-883DC29D19B9,id=f77bfc29-6991-4b1d-a503-f706c83de4fc
2019-09-25 05:06:48,945 [f77bfc29-6991-4b1d-a503-f706c83de4fc@group-883DC29D19B9-SegmentedRaftLogWorker] INFO  impl.RoleInfo (RoleInfo.java:shutdownLeaderState(104)) - f77bfc29-6991-4b1d-a503-f706c83de4fc: shutdown LeaderState
2019-09-25 05:06:48,488 [f77bfc29-6991-4b1d-a503-f706c83de4fc@group-AC9D764C8055:LeaderElection175] INFO  impl.RaftServerImpl (ServerState.java:setRaftConf(354)) - f77bfc29-6991-4b1d-a503-f706c83de4fc@group-AC9D764C8055: set configuration 0: [f77bfc29-6991-4b1d-a503-f706c83de4fc:192.168.30.10:35112], old=null at 0
2019-09-25 05:06:48,488 [36ac27b3-2f11-437d-8f1f-165306b0ff4a@group-3D1B0F350F7D:LeaderElection198] INFO  server.RaftServerConfigKeys (ConfUtils.java:logGet(43)) - raft.server.watch.timeout = 10s (default)
2019-09-25 05:06:48,487 [de37f7a0-0375-40a9-a318-404478482fcb@group-9599B14A66E7-SegmentedRaftLogWorker] INFO  util.JmxRegister (JmxRegister.java:unregister(73)) - Successfully un-registered JMX Bean with object name Ratis:service=RaftServer,group=group-9599B14A66E7,id=de37f7a0-0375-40a9-a318-404478482fcb
2019-09-25 05:06:48,946 [de37f7a0-0375-40a9-a318-404478482fcb@group-9599B14A66E7-SegmentedRaftLogWorker] INFO  impl.RoleInfo (RoleInfo.java:shutdownLeaderState(104)) - de37f7a0-0375-40a9-a318-404478482fcb: shutdown LeaderState
2019-09-25 05:06:48,486 [36ac27b3-2f11-437d-8f1f-165306b0ff4a@group-363D8F71D846-SegmentedRaftLogWorker] ERROR segmented.SegmentedRaftLogWorker (SegmentedRaftLogWorker.java:run(323)) - 36ac27b3-2f11-437d-8f1f-165306b0ff4a@group-363D8F71D846-SegmentedRaftLogWorker hit exception
java.lang.OutOfMemoryError: Direct buffer memory
	at java.nio.Bits.reserveMemory(Bits.java:666)
	at java.nio.DirectByteBuffer.<init>(DirectByteBuffer.java:123)
	at java.nio.ByteBuffer.allocateDirect(ByteBuffer.java:311)
	at org.apache.ratis.server.raftlog.segmented.BufferedWriteChannel.<init>(BufferedWriteChannel.java:41)
	at org.apache.ratis.server.raftlog.segmented.SegmentedRaftLogOutputStream.<init>(SegmentedRaftLogOutputStream.java:72)
	at org.apache.ratis.server.raftlog.segmented.SegmentedRaftLogWorker$StartLogSegment.execute(SegmentedRaftLogWorker.java:566)
	at org.apache.ratis.server.raftlog.segmented.SegmentedRaftLogWorker.run(SegmentedRaftLogWorker.java:289)
	at java.lang.Thread.run(Thread.java:748)
2019-09-25 05:06:48,946 [36ac27b3-2f11-437d-8f1f-165306b0ff4a@group-363D8F71D846-SegmentedRaftLogWorker] INFO  impl.RaftServerImpl (RaftServerImpl.java:lambda$shutdown$3(251)) - 36ac27b3-2f11-437d-8f1f-165306b0ff4a@group-363D8F71D846: shutdown
2019-09-25 05:06:48,486 [36ac27b3-2f11-437d-8f1f-165306b0ff4a@group-0E4AB3140789-SegmentedRaftLogWorker] ERROR segmented.SegmentedRaftLogWorker (SegmentedRaftLogWorker.java:run(323)) - 36ac27b3-2f11-437d-8f1f-165306b0ff4a@group-0E4AB3140789-SegmentedRaftLogWorker hit exception
java.lang.OutOfMemoryError: Direct buffer memory
	at java.nio.Bits.reserveMemory(Bits.java:666)
	at java.nio.DirectByteBuffer.<init>(DirectByteBuffer.java:123)
	at java.nio.ByteBuffer.allocateDirect(ByteBuffer.java:311)
	at org.apache.ratis.server.raftlog.segmented.BufferedWriteChannel.<init>(BufferedWriteChannel.java:41)
	at org.apache.ratis.server.raftlog.segmented.SegmentedRaftLogOutputStream.<init>(SegmentedRaftLogOutputStream.java:72)
	at org.apache.ratis.server.raftlog.segmented.SegmentedRaftLogWorker$StartLogSegment.execute(SegmentedRaftLogWorker.java:566)
	at org.apache.ratis.server.raftlog.segmented.SegmentedRaftLogWorker.run(SegmentedRaftLogWorker.java:289)
	at java.lang.Thread.run(Thread.java:748)
2019-09-25 05:06:48,232 [36ac27b3-2f11-437d-8f1f-165306b0ff4a@group-4305B25424B2:LeaderElection184] INFO  server.RaftServerConfigKeys (ConfUtils.java:logGet(43)) - raft.server.watch.timeout = 10s (default)
2019-09-25 05:06:48,232 [56396258-65a3-478c-9482-0be0199dd49c@group-4682414C107C:LeaderElection173] INFO  impl.RaftServerImpl (ServerState.java:setRaftConf(354)) - 56396258-65a3-478c-9482-0be0199dd49c@group-4682414C107C: set configuration 0: [56396258-65a3-478c-9482-0be0199dd49c:192.168.30.10:41678], old=null at 0
2019-09-25 05:06:48,232 [de37f7a0-0375-40a9-a318-404478482fcb@group-004FB6FC5979:LeaderElection197] INFO  server.RaftServerConfigKeys (ConfUtils.java:logGet(43)) - raft.server.watch.timeout = 10s (default)
2019-09-25 05:06:48,947 [de37f7a0-0375-40a9-a318-404478482fcb@group-004FB6FC5979:LeaderElection197] INFO  server.RaftServerConfigKeys (ConfUtils.java:logGet(43)) - raft.server.watch.timeout.denomination = 1s (default)
2019-09-25 05:06:48,232 [c8798e02-7f0c-41f7-82c2-a17323bcf21e@group-27685CAB4247:LeaderElection203] INFO  server.RaftServerConfigKeys (ConfUtils.java:logGet(43)) - raft.server.write.element-limit = 4096 (default)
2019-09-25 05:06:48,231 [de37f7a0-0375-40a9-a318-404478482fcb@group-B95B81D35B14:LeaderElection201] INFO  server.RaftServerConfigKeys (ConfUtils.java:logGet(43)) - raft.server.write.element-limit = 4096 (default)
2019-09-25 05:06:48,231 [36ac27b3-2f11-437d-8f1f-165306b0ff4a@group-97ACEA6CCC76:LeaderElection200] INFO  server.RaftServerConfigKeys (ConfUtils.java:logGet(43)) - raft.server.rpc.sleep.time = 25ms (default)
2019-09-25 05:06:48,231 [b4fa7d23-6606-45fd-9544-2b08ca3fa933@group-066198227AC4:LeaderElection204] INFO  server.RaftServerConfigKeys (ConfUtils.java:logGet(43)) - raft.server.rpc.sleep.time = 25ms (default)
2019-09-25 05:06:48,948 [pool-77-thread-1] INFO  storage.RaftStorage (RaftStorage.java:format(72)) - Storage directory /workdir/hadoop-ozone/integration-test/target/test-dir/MiniOzoneClusterImpl-23306158-e895-4fc7-80df-ce6c264c388b/datanode-5/data/ratis/12492b56-ef06-481a-92a2-781134155b80 has been successfully formatted.
2019-09-25 05:06:48,231 [f77bfc29-6991-4b1d-a503-f706c83de4fc@group-EA538770045D:LeaderElection202] INFO  server.RaftServerConfigKeys (ConfUtils.java:logGet(43)) - raft.server.staging.catchup.gap = 1000 (default)
2019-09-25 05:06:48,230 [36ac27b3-2f11-437d-8f1f-165306b0ff4a@group-A2E6AEF067B1-SegmentedRaftLogWorker] INFO  impl.PendingRequests (PendingRequests.java:sendNotLeaderResponses(202)) - 36ac27b3-2f11-437d-8f1f-165306b0ff4a-PendingRequests: sendNotLeaderResponses
2019-09-25 05:06:48,230 [de37f7a0-0375-40a9-a318-404478482fcb@group-63B93C010E28-SegmentedRaftLogWorker] INFO  impl.PendingRequests (PendingRequests.java:sendNotLeaderResponses(202)) - de37f7a0-0375-40a9-a318-404478482fcb-PendingRequests: sendNotLeaderResponses
2019-09-25 05:06:48,230 [36ac27b3-2f11-437d-8f1f-165306b0ff4a@group-B8D00B1B54D6-SegmentedRaftLogWorker] INFO  impl.PendingRequests (PendingRequests.java:sendNotLeaderResponses(202)) - 36ac27b3-2f11-437d-8f1f-165306b0ff4a-PendingRequests: sendNotLeaderResponses
2019-09-25 05:06:48,229 [Thread-1221] INFO  impl.RoleInfo (RoleInfo.java:updateAndGet(143)) - c8798e02-7f0c-41f7-82c2-a17323bcf21e: start LeaderElection
2019-09-25 05:06:48,229 [56396258-65a3-478c-9482-0be0199dd49c@group-684B8F10E788:LeaderElection189] INFO  server.RaftServerConfigKeys (ConfUtils.java:logGet(43)) - raft.server.watch.timeout.denomination = 1s (default)
2019-09-25 05:06:48,229 [692224c4-5202-4921-98cc-04d5c60c79cc@group-F3E95C0A9DF3:LeaderElection188] INFO  server.RaftServerConfigKeys (ConfUtils.java:logGet(43)) - raft.server.watch.timeout = 10s (default)
2019-09-25 05:06:48,225 [56396258-65a3-478c-9482-0be0199dd49c@group-F16BF35F1496:LeaderElection209] INFO  server.RaftServerConfigKeys (ConfUtils.java:logGet(43)) - raft.server.staging.catchup.gap = 1000 (default)
2019-09-25 05:06:48,224 [c8798e02-7f0c-41f7-82c2-a17323bcf21e@group-40F93C6485DE:LeaderElection185] INFO  server.RaftServerConfigKeys (ConfUtils.java:logGet(43)) - raft.server.watch.timeout = 10s (default)
2019-09-25 05:06:48,224 [36ac27b3-2f11-437d-8f1f-165306b0ff4a@group-B8FD25FCA5CE:LeaderElection208] INFO  impl.RaftServerImpl (ServerState.java:setLeader(253)) - 36ac27b3-2f11-437d-8f1f-165306b0ff4a@group-B8FD25FCA5CE: change Leader from null to 36ac27b3-2f11-437d-8f1f-165306b0ff4a at term 1 for becomeLeader, leader elected after 8445ms
2019-09-25 05:06:48,224 [de37f7a0-0375-40a9-a318-404478482fcb@group-907A1360165D-SegmentedRaftLogWorker] INFO  segmented.SegmentedRaftLogWorker (SegmentedRaftLogWorker.java:close(228)) - de37f7a0-0375-40a9-a318-404478482fcb@group-907A1360165D-SegmentedRaftLogWorker close()
2019-09-25 05:06:48,224 [56396258-65a3-478c-9482-0be0199dd49c@group-76180D615ACC:LeaderElection180] INFO  impl.RoleInfo (RoleInfo.java:updateAndGet(143)) - 56396258-65a3-478c-9482-0be0199dd49c: start LeaderState
2019-09-25 05:06:48,224 [c8798e02-7f0c-41f7-82c2-a17323bcf21e@group-6EA6BB54F6C5:LeaderElection187] INFO  server.RaftServerConfigKeys (ConfUtils.java:logGet(43)) - raft.server.watch.timeout = 10s (default)
2019-09-25 05:06:48,955 [c8798e02-7f0c-41f7-82c2-a17323bcf21e@group-6EA6BB54F6C5:LeaderElection187] INFO  server.RaftServerConfigKeys (ConfUtils.java:logGet(43)) - raft.server.watch.timeout.denomination = 1s (default)
2019-09-25 05:06:48,223 [692224c4-5202-4921-98cc-04d5c60c79cc@group-472DDFC1AB9B:LeaderElection182] INFO  server.RaftServerConfigKeys (ConfUtils.java:logGet(43)) - raft.server.watch.timeout = 10s (default)
2019-09-25 05:06:48,223 [de37f7a0-0375-40a9-a318-404478482fcb@group-5A74E072F61B:LeaderElection186] INFO  server.RaftServerConfigKeys (ConfUtils.java:logGet(43)) - raft.server.watch.timeout = 10s (default)
2019-09-25 05:06:48,956 [de37f7a0-0375-40a9-a318-404478482fcb@group-5A74E072F61B:LeaderElection186] INFO  server.RaftServerConfigKeys (ConfUtils.java:logGet(43)) - raft.server.watch.timeout.denomination = 1s (default)
2019-09-25 05:06:48,223 [de37f7a0-0375-40a9-a318-404478482fcb@group-8C9EF31E2CD5:LeaderElection178] INFO  impl.RoleInfo (RoleInfo.java:updateAndGet(143)) - de37f7a0-0375-40a9-a318-404478482fcb: start LeaderState
2019-09-25 05:06:48,222 [de37f7a0-0375-40a9-a318-404478482fcb@group-7F1AFF99EFF0:LeaderElection177] INFO  server.RaftServerConfigKeys (ConfUtils.java:logGet(43)) - raft.server.watch.timeout = 10s (default)
2019-09-25 05:06:48,956 [de37f7a0-0375-40a9-a318-404478482fcb@group-7F1AFF99EFF0:LeaderElection177] INFO  server.RaftServerConfigKeys (ConfUtils.java:logGet(43)) - raft.server.watch.timeout.denomination = 1s (default)
2019-09-25 05:06:48,222 [c8798e02-7f0c-41f7-82c2-a17323bcf21e@group-DCE788CCD7A8:LeaderElection183] INFO  server.RaftServerConfigKeys (ConfUtils.java:logGet(43)) - raft.server.watch.element-limit = 65536 (default)
2019-09-25 05:06:48,221 [Thread-1245] INFO  impl.FollowerState (FollowerState.java:run(106)) - b4fa7d23-6606-45fd-9544-2b08ca3fa933:group-EA4C7299EB15 changes to CANDIDATE, lastRpcTime:5252, electionTimeout:5081ms
2019-09-25 05:06:48,220 [Thread-1048] WARN  util.JavaUtils (JavaUtils.java:sleep(250)) - Unexpected long sleep: sleep(5107ms) actually took 5440ms which is over the threshold 300ms
2019-09-25 05:06:48,015 [692224c4-5202-4921-98cc-04d5c60c79cc@group-C6E7FE130C15:LeaderElection174] INFO  impl.RaftServerImpl (ServerState.java:setRaftConf(354)) - 692224c4-5202-4921-98cc-04d5c60c79cc@group-C6E7FE130C15: set configuration 0: [692224c4-5202-4921-98cc-04d5c60c79cc:192.168.30.10:38144], old=null at 0
2019-09-25 05:06:47,702 [692224c4-5202-4921-98cc-04d5c60c79cc@group-F4E8E11F483F:LeaderElection190] INFO  server.RaftServerConfigKeys (ConfUtils.java:logGet(43)) - raft.server.watch.element-limit = 65536 (default)
2019-09-25 05:06:48,009 [Thread-1045] INFO  impl.FollowerState (FollowerState.java:run(106)) - 36ac27b3-2f11-437d-8f1f-165306b0ff4a:group-4464DDF50C68 changes to CANDIDATE, lastRpcTime:10663, electionTimeout:5094ms
2019-09-25 05:06:47,702 [36ac27b3-2f11-437d-8f1f-165306b0ff4a@group-2775D6089813:LeaderElection176] INFO  impl.RaftServerImpl (ServerState.java:setRaftConf(354)) - 36ac27b3-2f11-437d-8f1f-165306b0ff4a@group-2775D6089813: set configuration 0: [36ac27b3-2f11-437d-8f1f-165306b0ff4a:192.168.30.10:45265], old=null at 0
2019-09-25 05:06:47,701 [36ac27b3-2f11-437d-8f1f-165306b0ff4a@group-C23BB28F7D26:LeaderElection181] INFO  server.RaftServerConfigKeys (ConfUtils.java:logGet(43)) - raft.server.watch.element-limit = 65536 (default)
2019-09-25 05:06:47,701 [pool-37-thread-1] INFO  server.RaftServerConfigKeys (ConfUtils.java:logGet(43)) - raft.server.rpc.timeout.min = 5s (custom)
2019-09-25 05:06:48,958 [pool-37-thread-1] INFO  server.RaftServerConfigKeys (ConfUtils.java:logGet(43)) - raft.server.rpc.timeout.max = 5200ms (custom)
2019-09-25 05:06:48,958 [pool-37-thread-1] INFO  server.RaftServerConfigKeys (ConfUtils.java:logGet(43)) - raft.server.rpcslowness.timeout = 120s (custom)
2019-09-25 05:06:47,696 [pool-27-thread-1] INFO  server.RaftServerConfigKeys (ConfUtils.java:logGet(43)) - raft.server.rpc.timeout.min = 5s (custom)
2019-09-25 05:06:47,696 [c8798e02-7f0c-41f7-82c2-a17323bcf21e@group-2C40EDA8D719:LeaderElection179] INFO  server.RaftServerConfigKeys (ConfUtils.java:logGet(43)) - raft.server.watch.timeout = 10s (default)
2019-09-25 05:06:48,959 [pool-27-thread-1] INFO  server.RaftServerConfigKeys (ConfUtils.java:logGet(43)) - raft.server.rpc.timeout.max = 5200ms (custom)
2019-09-25 05:06:48,959 [pool-37-thread-1] INFO  server.RaftServerConfigKeys (ConfUtils.java:logGet(43)) - raft.server.sleep.deviation.threshold = 300 (default)
2019-09-25 05:06:48,958 [Thread-1045] INFO  impl.RoleInfo (RoleInfo.java:shutdownFollowerState(121)) - 36ac27b3-2f11-437d-8f1f-165306b0ff4a: shutdown FollowerState
2019-09-25 05:06:48,959 [c8798e02-7f0c-41f7-82c2-a17323bcf21e@group-DCE788CCD7A8:LeaderElection183] INFO  impl.RoleInfo (RoleInfo.java:updateAndGet(143)) - c8798e02-7f0c-41f7-82c2-a17323bcf21e: start LeaderState
2019-09-25 05:06:48,957 [Thread-1245] INFO  impl.RoleInfo (RoleInfo.java:shutdownFollowerState(121)) - b4fa7d23-6606-45fd-9544-2b08ca3fa933: shutdown FollowerState
2019-09-25 05:06:48,956 [de37f7a0-0375-40a9-a318-404478482fcb@group-7F1AFF99EFF0:LeaderElection177] INFO  server.RaftServerConfigKeys (ConfUtils.java:logGet(43)) - raft.server.watch.element-limit = 65536 (default)
2019-09-25 05:06:48,956 [de37f7a0-0375-40a9-a318-404478482fcb@group-8C9EF31E2CD5:LeaderElection178] INFO  segmented.SegmentedRaftLogWorker (SegmentedRaftLogWorker.java:startLogSegment(380)) - de37f7a0-0375-40a9-a318-404478482fcb@group-8C9EF31E2CD5-SegmentedRaftLogWorker: Starting segment from index:0
2019-09-25 05:06:48,956 [de37f7a0-0375-40a9-a318-404478482fcb@group-5A74E072F61B:LeaderElection186] INFO  server.RaftServerConfigKeys (ConfUtils.java:logGet(43)) - raft.server.watch.element-limit = 65536 (default)
2019-09-25 05:06:48,955 [692224c4-5202-4921-98cc-04d5c60c79cc@group-472DDFC1AB9B:LeaderElection182] INFO  server.RaftServerConfigKeys (ConfUtils.java:logGet(43)) - raft.server.watch.timeout.denomination = 1s (default)
2019-09-25 05:06:48,955 [c8798e02-7f0c-41f7-82c2-a17323bcf21e@group-6EA6BB54F6C5:LeaderElection187] INFO  server.RaftServerConfigKeys (ConfUtils.java:logGet(43)) - raft.server.watch.element-limit = 65536 (default)
2019-09-25 05:06:48,955 [56396258-65a3-478c-9482-0be0199dd49c@group-76180D615ACC:LeaderElection180] INFO  segmented.SegmentedRaftLogWorker (SegmentedRaftLogWorker.java:startLogSegment(380)) - 56396258-65a3-478c-9482-0be0199dd49c@group-76180D615ACC-SegmentedRaftLogWorker: Starting segment from index:0
2019-09-25 05:06:48,951 [36ac27b3-2f11-437d-8f1f-165306b0ff4a@group-B8FD25FCA5CE:LeaderElection208] INFO  server.RaftServerConfigKeys (ConfUtils.java:logGet(43)) - raft.server.staging.catchup.gap = 1000 (default)
2019-09-25 05:06:49,273 [36ac27b3-2f11-437d-8f1f-165306b0ff4a@group-B8FD25FCA5CE:LeaderElection208] INFO  server.RaftServerConfigKeys (ConfUtils.java:logGet(43)) - raft.server.rpc.sleep.time = 25ms (default)
2019-09-25 05:06:48,951 [c8798e02-7f0c-41f7-82c2-a17323bcf21e@group-40F93C6485DE:LeaderElection185] INFO  server.RaftServerConfigKeys (ConfUtils.java:logGet(43)) - raft.server.watch.timeout.denomination = 1s (default)
2019-09-25 05:06:48,950 [56396258-65a3-478c-9482-0be0199dd49c@group-F16BF35F1496:LeaderElection209] INFO  server.RaftServerConfigKeys (ConfUtils.java:logGet(43)) - raft.server.rpc.sleep.time = 25ms (default)
2019-09-25 05:06:48,950 [692224c4-5202-4921-98cc-04d5c60c79cc@group-F3E95C0A9DF3:LeaderElection188] INFO  server.RaftServerConfigKeys (ConfUtils.java:logGet(43)) - raft.server.watch.timeout.denomination = 1s (default)
2019-09-25 05:06:48,950 [56396258-65a3-478c-9482-0be0199dd49c@group-684B8F10E788:LeaderElection189] INFO  server.RaftServerConfigKeys (ConfUtils.java:logGet(43)) - raft.server.watch.element-limit = 65536 (default)
2019-09-25 05:06:48,950 [36ac27b3-2f11-437d-8f1f-165306b0ff4a@group-B8D00B1B54D6-SegmentedRaftLogWorker] INFO  impl.StateMachineUpdater (StateMachineUpdater.java:stopAndJoin(125)) - 36ac27b3-2f11-437d-8f1f-165306b0ff4a@group-B8D00B1B54D6-StateMachineUpdater: set stopIndex = -1
2019-09-25 05:06:48,949 [de37f7a0-0375-40a9-a318-404478482fcb@group-63B93C010E28-SegmentedRaftLogWorker] INFO  impl.StateMachineUpdater (StateMachineUpdater.java:stopAndJoin(125)) - de37f7a0-0375-40a9-a318-404478482fcb@group-63B93C010E28-StateMachineUpdater: set stopIndex = -1
2019-09-25 05:06:49,528 [de37f7a0-0375-40a9-a318-404478482fcb@group-63B93C010E28-SegmentedRaftLogWorker] INFO  impl.RaftServerImpl (ServerState.java:close(385)) - de37f7a0-0375-40a9-a318-404478482fcb@group-63B93C010E28: closes. applyIndex: -1
2019-09-25 05:06:48,949 [36ac27b3-2f11-437d-8f1f-165306b0ff4a@group-A2E6AEF067B1-SegmentedRaftLogWorker] INFO  impl.StateMachineUpdater (StateMachineUpdater.java:stopAndJoin(125)) - 36ac27b3-2f11-437d-8f1f-165306b0ff4a@group-A2E6AEF067B1-StateMachineUpdater: set stopIndex = -1
2019-09-25 05:06:49,529 [36ac27b3-2f11-437d-8f1f-165306b0ff4a@group-A2E6AEF067B1-SegmentedRaftLogWorker] INFO  impl.RaftServerImpl (ServerState.java:close(385)) - 36ac27b3-2f11-437d-8f1f-165306b0ff4a@group-A2E6AEF067B1: closes. applyIndex: -1
2019-09-25 05:06:48,949 [f77bfc29-6991-4b1d-a503-f706c83de4fc@group-EA538770045D:LeaderElection202] INFO  server.RaftServerConfigKeys (ConfUtils.java:logGet(43)) - raft.server.rpc.sleep.time = 25ms (default)
2019-09-25 05:06:48,949 [pool-77-thread-1] INFO  ratis.ContainerStateMachine (ContainerStateMachine.java:loadSnapshot(230)) - group-781134155B80: The snapshot info is null. Setting the last applied indexto:(t:0, i:~)
2019-09-25 05:06:48,949 [b4fa7d23-6606-45fd-9544-2b08ca3fa933@group-066198227AC4:LeaderElection204] INFO  server.RaftServerConfigKeys (ConfUtils.java:logGet(43)) - raft.server.write.element-limit = 4096 (default)
2019-09-25 05:06:48,949 [692224c4-5202-4921-98cc-04d5c60c79cc@group-676389836A1C:LeaderElection213] INFO  impl.LeaderElection (LeaderElection.java:askForVotes(182)) - 692224c4-5202-4921-98cc-04d5c60c79cc@group-676389836A1C:LeaderElection213: begin an election at term 1 for -1: [692224c4-5202-4921-98cc-04d5c60c79cc:192.168.30.10:38144], old=null
2019-09-25 05:06:48,949 [c8798e02-7f0c-41f7-82c2-a17323bcf21e@group-8B26529E66E1:LeaderElection212] INFO  impl.LeaderElection (LeaderElection.java:askForVotes(182)) - c8798e02-7f0c-41f7-82c2-a17323bcf21e@group-8B26529E66E1:LeaderElection212: begin an election at term 1 for -1: [c8798e02-7f0c-41f7-82c2-a17323bcf21e:192.168.30.10:40603], old=null
2019-09-25 05:06:48,948 [36ac27b3-2f11-437d-8f1f-165306b0ff4a@group-97ACEA6CCC76:LeaderElection200] INFO  server.RaftServerConfigKeys (ConfUtils.java:logGet(43)) - raft.server.write.element-limit = 4096 (default)
2019-09-25 05:06:48,948 [de37f7a0-0375-40a9-a318-404478482fcb@group-B95B81D35B14:LeaderElection201] INFO  server.RaftServerConfigKeys (ConfUtils.java:logGet(43)) - raft.server.watch.timeout = 10s (default)
2019-09-25 05:06:49,530 [de37f7a0-0375-40a9-a318-404478482fcb@group-B95B81D35B14:LeaderElection201] INFO  server.RaftServerConfigKeys (ConfUtils.java:logGet(43)) - raft.server.watch.timeout.denomination = 1s (default)
2019-09-25 05:06:48,948 [c8798e02-7f0c-41f7-82c2-a17323bcf21e@group-27685CAB4247:LeaderElection203] INFO  server.RaftServerConfigKeys (ConfUtils.java:logGet(43)) - raft.server.watch.timeout = 10s (default)
2019-09-25 05:06:48,948 [de37f7a0-0375-40a9-a318-404478482fcb@group-004FB6FC5979:LeaderElection197] INFO  server.RaftServerConfigKeys (ConfUtils.java:logGet(43)) - raft.server.watch.element-limit = 65536 (default)
2019-09-25 05:06:48,947 [36ac27b3-2f11-437d-8f1f-165306b0ff4a@group-4305B25424B2:LeaderElection184] INFO  server.RaftServerConfigKeys (ConfUtils.java:logGet(43)) - raft.server.watch.timeout.denomination = 1s (default)
2019-09-25 05:06:48,947 [36ac27b3-2f11-437d-8f1f-165306b0ff4a@group-0E4AB3140789-SegmentedRaftLogWorker] INFO  impl.RaftServerImpl (RaftServerImpl.java:lambda$shutdown$3(251)) - 36ac27b3-2f11-437d-8f1f-165306b0ff4a@group-0E4AB3140789: shutdown
2019-09-25 05:06:48,946 [36ac27b3-2f11-437d-8f1f-165306b0ff4a@group-363D8F71D846-SegmentedRaftLogWorker] INFO  util.JmxRegister (JmxRegister.java:unregister(73)) - Successfully un-registered JMX Bean with object name Ratis:service=RaftServer,group=group-363D8F71D846,id=36ac27b3-2f11-437d-8f1f-165306b0ff4a
2019-09-25 05:06:49,531 [36ac27b3-2f11-437d-8f1f-165306b0ff4a@group-363D8F71D846-SegmentedRaftLogWorker] INFO  impl.RoleInfo (RoleInfo.java:shutdownLeaderState(104)) - 36ac27b3-2f11-437d-8f1f-165306b0ff4a: shutdown LeaderState
2019-09-25 05:06:48,946 [de37f7a0-0375-40a9-a318-404478482fcb@group-9599B14A66E7-SegmentedRaftLogWorker] INFO  impl.PendingRequests (PendingRequests.java:sendNotLeaderResponses(202)) - de37f7a0-0375-40a9-a318-404478482fcb-PendingRequests: sendNotLeaderResponses
2019-09-25 05:06:48,946 [36ac27b3-2f11-437d-8f1f-165306b0ff4a@group-3D1B0F350F7D:LeaderElection198] INFO  server.RaftServerConfigKeys (ConfUtils.java:logGet(43)) - raft.server.watch.timeout.denomination = 1s (default)
2019-09-25 05:06:48,945 [f77bfc29-6991-4b1d-a503-f706c83de4fc@group-883DC29D19B9-SegmentedRaftLogWorker] INFO  impl.PendingRequests (PendingRequests.java:sendNotLeaderResponses(202)) - f77bfc29-6991-4b1d-a503-f706c83de4fc-PendingRequests: sendNotLeaderResponses
2019-09-25 05:06:48,945 [36ac27b3-2f11-437d-8f1f-165306b0ff4a@group-1BEF9D94C117-SegmentedRaftLogWorker] INFO  impl.PendingRequests (PendingRequests.java:sendNotLeaderResponses(202)) - 36ac27b3-2f11-437d-8f1f-165306b0ff4a-PendingRequests: sendNotLeaderResponses
2019-09-25 05:06:48,945 [de37f7a0-0375-40a9-a318-404478482fcb@group-FD0A651E9541-SegmentedRaftLogWorker] INFO  impl.RoleInfo (RoleInfo.java:shutdownLeaderState(104)) - de37f7a0-0375-40a9-a318-404478482fcb: shutdown LeaderState
2019-09-25 05:06:48,944 [56396258-65a3-478c-9482-0be0199dd49c@group-4F3116BF037B-SegmentedRaftLogWorker] INFO  impl.StateMachineUpdater (StateMachineUpdater.java:stopAndJoin(125)) - 56396258-65a3-478c-9482-0be0199dd49c@group-4F3116BF037B-StateMachineUpdater: set stopIndex = -1
2019-09-25 05:06:48,944 [b4fa7d23-6606-45fd-9544-2b08ca3fa933@group-CE384E8B40B3-SegmentedRaftLogWorker] INFO  util.JmxRegister (JmxRegister.java:unregister(73)) - Successfully un-registered JMX Bean with object name Ratis:service=RaftServer,group=group-CE384E8B40B3,id=b4fa7d23-6606-45fd-9544-2b08ca3fa933
2019-09-25 05:06:48,943 [c8798e02-7f0c-41f7-82c2-a17323bcf21e@group-E2AAA7B81356-SegmentedRaftLogWorker] INFO  impl.RaftServerImpl (RaftServerImpl.java:lambda$shutdown$3(251)) - c8798e02-7f0c-41f7-82c2-a17323bcf21e@group-E2AAA7B81356: shutdown
2019-09-25 05:06:48,943 [de37f7a0-0375-40a9-a318-404478482fcb@group-FF5438954BFD:LeaderElection192] INFO  impl.RoleInfo (RoleInfo.java:updateAndGet(143)) - de37f7a0-0375-40a9-a318-404478482fcb: start LeaderState
2019-09-25 05:06:48,943 [de37f7a0-0375-40a9-a318-404478482fcb@group-43B884B10E8C-SegmentedRaftLogWorker] INFO  impl.RaftServerImpl (RaftServerImpl.java:lambda$shutdown$3(251)) - de37f7a0-0375-40a9-a318-404478482fcb@group-43B884B10E8C: shutdown
2019-09-25 05:06:48,943 [692224c4-5202-4921-98cc-04d5c60c79cc@group-D1D03DE76CDC:LeaderElection199] INFO  server.RaftServerConfigKeys (ConfUtils.java:logGet(43)) - raft.server.watch.timeout = 10s (default)
2019-09-25 05:06:48,942 [56396258-65a3-478c-9482-0be0199dd49c@group-7C80C09CAEA0:LeaderElection194] INFO  server.RaftServerConfigKeys (ConfUtils.java:logGet(43)) - raft.server.watch.timeout.denomination = 1s (default)
2019-09-25 05:06:49,534 [56396258-65a3-478c-9482-0be0199dd49c@group-7C80C09CAEA0:LeaderElection194] INFO  server.RaftServerConfigKeys (ConfUtils.java:logGet(43)) - raft.server.watch.element-limit = 65536 (default)
2019-09-25 05:06:48,942 [692224c4-5202-4921-98cc-04d5c60c79cc@group-291240DAD94B:LeaderElection191] INFO  server.RaftServerConfigKeys (ConfUtils.java:logGet(43)) - raft.server.watch.timeout = 10s (default)
2019-09-25 05:06:48,942 [de37f7a0-0375-40a9-a318-404478482fcb@group-6106A46ED489:LeaderElection211] INFO  impl.RaftServerImpl (ServerState.java:setLeader(253)) - de37f7a0-0375-40a9-a318-404478482fcb@group-6106A46ED489: change Leader from null to de37f7a0-0375-40a9-a318-404478482fcb at term 1 for becomeLeader, leader elected after 8695ms
2019-09-25 05:06:48,942 [c8798e02-7f0c-41f7-82c2-a17323bcf21e@group-01FE6C175D2C:LeaderElection193] INFO  server.RaftServerConfigKeys (ConfUtils.java:logGet(43)) - raft.server.watch.timeout = 10s (default)
2019-09-25 05:06:48,942 [36ac27b3-2f11-437d-8f1f-165306b0ff4a@group-5181C418506D-SegmentedRaftLogWorker] INFO  segmented.SegmentedRaftLogWorker (SegmentedRaftLogWorker.java:close(228)) - 36ac27b3-2f11-437d-8f1f-165306b0ff4a@group-5181C418506D-SegmentedRaftLogWorker close()
2019-09-25 05:06:48,941 [b4fa7d23-6606-45fd-9544-2b08ca3fa933@group-E25C07AA9899:LeaderElection196] INFO  server.RaftServerConfigKeys (ConfUtils.java:logGet(43)) - raft.server.watch.timeout = 10s (default)
2019-09-25 05:06:48,941 [c8798e02-7f0c-41f7-82c2-a17323bcf21e@group-D347DF8354E9-SegmentedRaftLogWorker] INFO  impl.RaftServerImpl (ServerState.java:close(385)) - c8798e02-7f0c-41f7-82c2-a17323bcf21e@group-D347DF8354E9: closes. applyIndex: -1
2019-09-25 05:06:48,941 [36ac27b3-2f11-437d-8f1f-165306b0ff4a@group-8F9482EFFF29:LeaderElection195] INFO  server.RaftServerConfigKeys (ConfUtils.java:logGet(43)) - raft.server.watch.element-limit = 65536 (default)
2019-09-25 05:06:48,940 [de37f7a0-0375-40a9-a318-404478482fcb@group-844261D92A00:LeaderElection207] INFO  server.RaftServerConfigKeys (ConfUtils.java:logGet(43)) - raft.server.write.element-limit = 4096 (default)
2019-09-25 05:06:49,535 [de37f7a0-0375-40a9-a318-404478482fcb@group-844261D92A00:LeaderElection207] INFO  server.RaftServerConfigKeys (ConfUtils.java:logGet(43)) - raft.server.watch.timeout = 10s (default)
2019-09-25 05:06:48,940 [c8798e02-7f0c-41f7-82c2-a17323bcf21e@group-585132BA0174:LeaderElection205] INFO  server.RaftServerConfigKeys (ConfUtils.java:logGet(43)) - raft.server.write.element-limit = 4096 (default)
2019-09-25 05:06:48,940 [f77bfc29-6991-4b1d-a503-f706c83de4fc@group-D768D80F0CB2:LeaderElection206] INFO  server.RaftServerConfigKeys (ConfUtils.java:logGet(43)) - raft.server.watch.timeout = 10s (default)
2019-09-25 05:06:48,936 [692224c4-5202-4921-98cc-04d5c60c79cc@group-2600225F0C75:LeaderElection210] INFO  impl.RaftServerImpl (RaftServerImpl.java:setRole(174)) - 692224c4-5202-4921-98cc-04d5c60c79cc@group-2600225F0C75: changes role from CANDIDATE to LEADER at term 1 for changeToLeader
2019-09-25 05:06:48,936 [56396258-65a3-478c-9482-0be0199dd49c@group-629F40061B83-SegmentedRaftLogWorker] INFO  impl.PendingRequests (PendingRequests.java:sendNotLeaderResponses(202)) - 56396258-65a3-478c-9482-0be0199dd49c-PendingRequests: sendNotLeaderResponses
2019-09-25 05:06:49,536 [692224c4-5202-4921-98cc-04d5c60c79cc@group-2600225F0C75:LeaderElection210] INFO  impl.RaftServerImpl (ServerState.java:setLeader(253)) - 692224c4-5202-4921-98cc-04d5c60c79cc@group-2600225F0C75: change Leader from null to 692224c4-5202-4921-98cc-04d5c60c79cc at term 1 for becomeLeader, leader elected after 9952ms
2019-09-25 05:06:49,536 [f77bfc29-6991-4b1d-a503-f706c83de4fc@group-D768D80F0CB2:LeaderElection206] INFO  server.RaftServerConfigKeys (ConfUtils.java:logGet(43)) - raft.server.watch.timeout.denomination = 1s (default)
2019-09-25 05:06:49,536 [c8798e02-7f0c-41f7-82c2-a17323bcf21e@group-585132BA0174:LeaderElection205] INFO  server.RaftServerConfigKeys (ConfUtils.java:logGet(43)) - raft.server.watch.timeout = 10s (default)
2019-09-25 05:06:49,536 [de37f7a0-0375-40a9-a318-404478482fcb@group-844261D92A00:LeaderElection207] INFO  server.RaftServerConfigKeys (ConfUtils.java:logGet(43)) - raft.server.watch.timeout.denomination = 1s (default)
2019-09-25 05:06:49,535 [c8798e02-7f0c-41f7-82c2-a17323bcf21e@group-D347DF8354E9-SegmentedRaftLogWorker] INFO  segmented.SegmentedRaftLogWorker (SegmentedRaftLogWorker.java:close(228)) - c8798e02-7f0c-41f7-82c2-a17323bcf21e@group-D347DF8354E9-SegmentedRaftLogWorker close()
2019-09-25 05:06:49,535 [b4fa7d23-6606-45fd-9544-2b08ca3fa933@group-E25C07AA9899:LeaderElection196] INFO  server.RaftServerConfigKeys (ConfUtils.java:logGet(43)) - raft.server.watch.timeout.denomination = 1s (default)
2019-09-25 05:06:49,535 [c8798e02-7f0c-41f7-82c2-a17323bcf21e@group-01FE6C175D2C:LeaderElection193] INFO  server.RaftServerConfigKeys (ConfUtils.java:logGet(43)) - raft.server.watch.timeout.denomination = 1s (default)
2019-09-25 05:06:49,534 [de37f7a0-0375-40a9-a318-404478482fcb@group-6106A46ED489:LeaderElection211] INFO  server.RaftServerConfigKeys (ConfUtils.java:logGet(43)) - raft.server.staging.catchup.gap = 1000 (default)
2019-09-25 05:06:49,538 [de37f7a0-0375-40a9-a318-404478482fcb@group-6106A46ED489:LeaderElection211] INFO  server.RaftServerConfigKeys (ConfUtils.java:logGet(43)) - raft.server.rpc.sleep.time = 25ms (default)
2019-09-25 05:06:49,534 [692224c4-5202-4921-98cc-04d5c60c79cc@group-291240DAD94B:LeaderElection191] INFO  server.RaftServerConfigKeys (ConfUtils.java:logGet(43)) - raft.server.watch.timeout.denomination = 1s (default)
2019-09-25 05:06:49,538 [692224c4-5202-4921-98cc-04d5c60c79cc@group-291240DAD94B:LeaderElection191] INFO  server.RaftServerConfigKeys (ConfUtils.java:logGet(43)) - raft.server.watch.element-limit = 65536 (default)
2019-09-25 05:06:49,534 [692224c4-5202-4921-98cc-04d5c60c79cc@group-D1D03DE76CDC:LeaderElection199] INFO  server.RaftServerConfigKeys (ConfUtils.java:logGet(43)) - raft.server.watch.timeout.denomination = 1s (default)
2019-09-25 05:06:49,533 [de37f7a0-0375-40a9-a318-404478482fcb@group-43B884B10E8C-SegmentedRaftLogWorker] INFO  util.JmxRegister (JmxRegister.java:unregister(73)) - Successfully un-registered JMX Bean with object name Ratis:service=RaftServer,group=group-43B884B10E8C,id=de37f7a0-0375-40a9-a318-404478482fcb
2019-09-25 05:06:49,538 [de37f7a0-0375-40a9-a318-404478482fcb@group-43B884B10E8C-SegmentedRaftLogWorker] INFO  impl.RoleInfo (RoleInfo.java:shutdownLeaderState(104)) - de37f7a0-0375-40a9-a318-404478482fcb: shutdown LeaderState
2019-09-25 05:06:49,533 [de37f7a0-0375-40a9-a318-404478482fcb@group-FF5438954BFD:LeaderElection192] INFO  segmented.SegmentedRaftLogWorker (SegmentedRaftLogWorker.java:startLogSegment(380)) - de37f7a0-0375-40a9-a318-404478482fcb@group-FF5438954BFD-SegmentedRaftLogWorker: Starting segment from index:0
2019-09-25 05:06:49,533 [c8798e02-7f0c-41f7-82c2-a17323bcf21e@group-E2AAA7B81356-SegmentedRaftLogWorker] INFO  util.JmxRegister (JmxRegister.java:unregister(73)) - Successfully un-registered JMX Bean with object name Ratis:service=RaftServer,group=group-E2AAA7B81356,id=c8798e02-7f0c-41f7-82c2-a17323bcf21e
2019-09-25 05:06:49,539 [c8798e02-7f0c-41f7-82c2-a17323bcf21e@group-E2AAA7B81356-SegmentedRaftLogWorker] INFO  impl.RoleInfo (RoleInfo.java:shutdownLeaderState(104)) - c8798e02-7f0c-41f7-82c2-a17323bcf21e: shutdown LeaderState
2019-09-25 05:06:49,533 [de37f7a0-0375-40a9-a318-404478482fcb@group-5A74E072F61B:LeaderElection186] INFO  impl.RoleInfo (RoleInfo.java:updateAndGet(143)) - de37f7a0-0375-40a9-a318-404478482fcb: start LeaderState
2019-09-25 05:06:49,533 [c8798e02-7f0c-41f7-82c2-a17323bcf21e@group-6EA6BB54F6C5:LeaderElection187] INFO  impl.RoleInfo (RoleInfo.java:updateAndGet(143)) - c8798e02-7f0c-41f7-82c2-a17323bcf21e: start LeaderState
2019-09-25 05:06:49,533 [b4fa7d23-6606-45fd-9544-2b08ca3fa933@group-CE384E8B40B3-SegmentedRaftLogWorker] INFO  impl.RoleInfo (RoleInfo.java:shutdownLeaderState(104)) - b4fa7d23-6606-45fd-9544-2b08ca3fa933: shutdown LeaderState
2019-09-25 05:06:49,540 [c8798e02-7f0c-41f7-82c2-a17323bcf21e@group-6EA6BB54F6C5:LeaderElection187] INFO  segmented.SegmentedRaftLogWorker (SegmentedRaftLogWorker.java:startLogSegment(380)) - c8798e02-7f0c-41f7-82c2-a17323bcf21e@group-6EA6BB54F6C5-SegmentedRaftLogWorker: Starting segment from index:0
2019-09-25 05:06:49,533 [de37f7a0-0375-40a9-a318-404478482fcb@group-7F1AFF99EFF0:LeaderElection177] INFO  impl.RoleInfo (RoleInfo.java:updateAndGet(143)) - de37f7a0-0375-40a9-a318-404478482fcb: start LeaderState
2019-09-25 05:06:49,533 [56396258-65a3-478c-9482-0be0199dd49c@group-4F3116BF037B-SegmentedRaftLogWorker] INFO  impl.RaftServerImpl (ServerState.java:close(385)) - 56396258-65a3-478c-9482-0be0199dd49c@group-4F3116BF037B: closes. applyIndex: -1
2019-09-25 05:06:49,533 [de37f7a0-0375-40a9-a318-404478482fcb@group-FD0A651E9541-SegmentedRaftLogWorker] INFO  impl.PendingRequests (PendingRequests.java:sendNotLeaderResponses(202)) - de37f7a0-0375-40a9-a318-404478482fcb-PendingRequests: sendNotLeaderResponses
2019-09-25 05:06:49,532 [36ac27b3-2f11-437d-8f1f-165306b0ff4a@group-1BEF9D94C117-SegmentedRaftLogWorker] INFO  impl.StateMachineUpdater (StateMachineUpdater.java:stopAndJoin(125)) - 36ac27b3-2f11-437d-8f1f-165306b0ff4a@group-1BEF9D94C117-StateMachineUpdater: set stopIndex = -1
2019-09-25 05:06:49,532 [f77bfc29-6991-4b1d-a503-f706c83de4fc@group-883DC29D19B9-SegmentedRaftLogWorker] INFO  impl.StateMachineUpdater (StateMachineUpdater.java:stopAndJoin(125)) - f77bfc29-6991-4b1d-a503-f706c83de4fc@group-883DC29D19B9-StateMachineUpdater: set stopIndex = -1
2019-09-25 05:06:49,532 [36ac27b3-2f11-437d-8f1f-165306b0ff4a@group-3D1B0F350F7D:LeaderElection198] INFO  server.RaftServerConfigKeys (ConfUtils.java:logGet(43)) - raft.server.watch.element-limit = 65536 (default)
2019-09-25 05:06:49,532 [de37f7a0-0375-40a9-a318-404478482fcb@group-9599B14A66E7-SegmentedRaftLogWorker] INFO  impl.StateMachineUpdater (StateMachineUpdater.java:stopAndJoin(125)) - de37f7a0-0375-40a9-a318-404478482fcb@group-9599B14A66E7-StateMachineUpdater: set stopIndex = -1
2019-09-25 05:06:49,541 [de37f7a0-0375-40a9-a318-404478482fcb@group-9599B14A66E7-SegmentedRaftLogWorker] INFO  impl.RaftServerImpl (ServerState.java:close(385)) - de37f7a0-0375-40a9-a318-404478482fcb@group-9599B14A66E7: closes. applyIndex: -1
2019-09-25 05:06:49,531 [36ac27b3-2f11-437d-8f1f-165306b0ff4a@group-363D8F71D846-SegmentedRaftLogWorker] INFO  impl.PendingRequests (PendingRequests.java:sendNotLeaderResponses(202)) - 36ac27b3-2f11-437d-8f1f-165306b0ff4a-PendingRequests: sendNotLeaderResponses
2019-09-25 05:06:49,531 [36ac27b3-2f11-437d-8f1f-165306b0ff4a@group-0E4AB3140789-SegmentedRaftLogWorker] INFO  util.JmxRegister (JmxRegister.java:unregister(73)) - Successfully un-registered JMX Bean with object name Ratis:service=RaftServer,group=group-0E4AB3140789,id=36ac27b3-2f11-437d-8f1f-165306b0ff4a
2019-09-25 05:06:49,531 [36ac27b3-2f11-437d-8f1f-165306b0ff4a@group-4305B25424B2:LeaderElection184] INFO  server.RaftServerConfigKeys (ConfUtils.java:logGet(43)) - raft.server.watch.element-limit = 65536 (default)
2019-09-25 05:06:49,531 [36ac27b3-2f11-437d-8f1f-165306b0ff4a@group-C23BB28F7D26:LeaderElection181] INFO  impl.RoleInfo (RoleInfo.java:updateAndGet(143)) - 36ac27b3-2f11-437d-8f1f-165306b0ff4a: start LeaderState
2019-09-25 05:06:49,531 [c8798e02-7f0c-41f7-82c2-a17323bcf21e@group-27685CAB4247:LeaderElection203] INFO  server.RaftServerConfigKeys (ConfUtils.java:logGet(43)) - raft.server.watch.timeout.denomination = 1s (default)
2019-09-25 05:06:49,530 [de37f7a0-0375-40a9-a318-404478482fcb@group-B95B81D35B14:LeaderElection201] INFO  server.RaftServerConfigKeys (ConfUtils.java:logGet(43)) - raft.server.watch.element-limit = 65536 (default)
2019-09-25 05:06:49,530 [36ac27b3-2f11-437d-8f1f-165306b0ff4a@group-97ACEA6CCC76:LeaderElection200] INFO  server.RaftServerConfigKeys (ConfUtils.java:logGet(43)) - raft.server.watch.timeout = 10s (default)
2019-09-25 05:06:49,530 [c8798e02-7f0c-41f7-82c2-a17323bcf21e@group-8B26529E66E1:LeaderElection212] INFO  impl.RoleInfo (RoleInfo.java:shutdownLeaderElection(134)) - c8798e02-7f0c-41f7-82c2-a17323bcf21e: shutdown LeaderElection
2019-09-25 05:06:49,530 [692224c4-5202-4921-98cc-04d5c60c79cc@group-676389836A1C:LeaderElection213] INFO  impl.RoleInfo (RoleInfo.java:shutdownLeaderElection(134)) - 692224c4-5202-4921-98cc-04d5c60c79cc: shutdown LeaderElection
2019-09-25 05:06:49,542 [692224c4-5202-4921-98cc-04d5c60c79cc@group-676389836A1C:LeaderElection213] INFO  impl.RaftServerImpl (RaftServerImpl.java:setRole(174)) - 692224c4-5202-4921-98cc-04d5c60c79cc@group-676389836A1C: changes role from CANDIDATE to LEADER at term 1 for changeToLeader
2019-09-25 05:06:49,530 [b4fa7d23-6606-45fd-9544-2b08ca3fa933@group-066198227AC4:LeaderElection204] INFO  server.RaftServerConfigKeys (ConfUtils.java:logGet(43)) - raft.server.watch.timeout = 10s (default)
2019-09-25 05:06:49,529 [692224c4-5202-4921-98cc-04d5c60c79cc@group-F4E8E11F483F:LeaderElection190] INFO  impl.RoleInfo (RoleInfo.java:updateAndGet(143)) - 692224c4-5202-4921-98cc-04d5c60c79cc: start LeaderState
2019-09-25 05:06:49,529 [pool-77-thread-1] INFO  server.RaftServerConfigKeys (ConfUtils.java:logGet(43)) - raft.server.notification.no-leader.timeout = 120s (custom)
2019-09-25 05:06:49,543 [pool-77-thread-1] INFO  server.RaftServerConfigKeys (ConfUtils.java:logGet(43)) - raft.server.log.use.memory = false (default)
2019-09-25 05:06:49,529 [f77bfc29-6991-4b1d-a503-f706c83de4fc@group-EA538770045D:LeaderElection202] INFO  server.RaftServerConfigKeys (ConfUtils.java:logGet(43)) - raft.server.write.element-limit = 4096 (default)
2019-09-25 05:06:49,529 [36ac27b3-2f11-437d-8f1f-165306b0ff4a@group-A2E6AEF067B1-SegmentedRaftLogWorker] INFO  segmented.SegmentedRaftLogWorker (SegmentedRaftLogWorker.java:close(228)) - 36ac27b3-2f11-437d-8f1f-165306b0ff4a@group-A2E6AEF067B1-SegmentedRaftLogWorker close()
2019-09-25 05:06:49,529 [de37f7a0-0375-40a9-a318-404478482fcb@group-63B93C010E28-SegmentedRaftLogWorker] INFO  segmented.SegmentedRaftLogWorker (SegmentedRaftLogWorker.java:close(228)) - de37f7a0-0375-40a9-a318-404478482fcb@group-63B93C010E28-SegmentedRaftLogWorker close()
2019-09-25 05:06:49,528 [36ac27b3-2f11-437d-8f1f-165306b0ff4a@group-B8D00B1B54D6-SegmentedRaftLogWorker] INFO  impl.RaftServerImpl (ServerState.java:close(385)) - 36ac27b3-2f11-437d-8f1f-165306b0ff4a@group-B8D00B1B54D6: closes. applyIndex: -1
2019-09-25 05:06:49,528 [692224c4-5202-4921-98cc-04d5c60c79cc@group-F3E95C0A9DF3:LeaderElection188] INFO  server.RaftServerConfigKeys (ConfUtils.java:logGet(43)) - raft.server.watch.element-limit = 65536 (default)
2019-09-25 05:06:49,528 [56396258-65a3-478c-9482-0be0199dd49c@group-F16BF35F1496:LeaderElection209] INFO  server.RaftServerConfigKeys (ConfUtils.java:logGet(43)) - raft.server.write.element-limit = 4096 (default)
2019-09-25 05:06:49,527 [c8798e02-7f0c-41f7-82c2-a17323bcf21e@group-40F93C6485DE:LeaderElection185] INFO  server.RaftServerConfigKeys (ConfUtils.java:logGet(43)) - raft.server.watch.element-limit = 65536 (default)
2019-09-25 05:06:49,526 [692224c4-5202-4921-98cc-04d5c60c79cc@group-C6E7FE130C15-SegmentedRaftLogWorker] ERROR segmented.SegmentedRaftLogWorker (SegmentedRaftLogWorker.java:run(323)) - 692224c4-5202-4921-98cc-04d5c60c79cc@group-C6E7FE130C15-SegmentedRaftLogWorker hit exception
java.lang.OutOfMemoryError: Direct buffer memory
	at java.nio.Bits.reserveMemory(Bits.java:666)
	at java.nio.DirectByteBuffer.<init>(DirectByteBuffer.java:123)
	at java.nio.ByteBuffer.allocateDirect(ByteBuffer.java:311)
	at org.apache.ratis.server.raftlog.segmented.BufferedWriteChannel.<init>(BufferedWriteChannel.java:41)
	at org.apache.ratis.server.raftlog.segmented.SegmentedRaftLogOutputStream.<init>(SegmentedRaftLogOutputStream.java:72)
	at org.apache.ratis.server.raftlog.segmented.SegmentedRaftLogWorker$StartLogSegment.execute(SegmentedRaftLogWorker.java:566)
	at org.apache.ratis.server.raftlog.segmented.SegmentedRaftLogWorker.run(SegmentedRaftLogWorker.java:289)
	at java.lang.Thread.run(Thread.java:748)
2019-09-25 05:06:49,545 [692224c4-5202-4921-98cc-04d5c60c79cc@group-C6E7FE130C15-SegmentedRaftLogWorker] INFO  impl.RaftServerImpl (RaftServerImpl.java:lambda$shutdown$3(251)) - 692224c4-5202-4921-98cc-04d5c60c79cc@group-C6E7FE130C15: shutdown
2019-09-25 05:06:49,526 [36ac27b3-2f11-437d-8f1f-165306b0ff4a@group-2775D6089813-SegmentedRaftLogWorker] ERROR segmented.SegmentedRaftLogWorker (SegmentedRaftLogWorker.java:run(323)) - 36ac27b3-2f11-437d-8f1f-165306b0ff4a@group-2775D6089813-SegmentedRaftLogWorker hit exception
java.lang.OutOfMemoryError: Direct buffer memory
	at java.nio.Bits.reserveMemory(Bits.java:666)
	at java.nio.DirectByteBuffer.<init>(DirectByteBuffer.java:123)
	at java.nio.ByteBuffer.allocateDirect(ByteBuffer.java:311)
	at org.apache.ratis.server.raftlog.segmented.BufferedWriteChannel.<init>(BufferedWriteChannel.java:41)
	at org.apache.ratis.server.raftlog.segmented.SegmentedRaftLogOutputStream.<init>(SegmentedRaftLogOutputStream.java:72)
	at org.apache.ratis.server.raftlog.segmented.SegmentedRaftLogWorker$StartLogSegment.execute(SegmentedRaftLogWorker.java:566)
	at org.apache.ratis.server.raftlog.segmented.SegmentedRaftLogWorker.run(SegmentedRaftLogWorker.java:289)
	at java.lang.Thread.run(Thread.java:748)
2019-09-25 05:06:49,545 [36ac27b3-2f11-437d-8f1f-165306b0ff4a@group-2775D6089813-SegmentedRaftLogWorker] INFO  impl.RaftServerImpl (RaftServerImpl.java:lambda$shutdown$3(251)) - 36ac27b3-2f11-437d-8f1f-165306b0ff4a@group-2775D6089813: shutdown
2019-09-25 05:06:49,274 [56396258-65a3-478c-9482-0be0199dd49c@group-76180D615ACC:LeaderElection180] INFO  impl.RaftServerImpl (ServerState.java:setRaftConf(354)) - 56396258-65a3-478c-9482-0be0199dd49c@group-76180D615ACC: set configuration 0: [56396258-65a3-478c-9482-0be0199dd49c:192.168.30.10:41678], old=null at 0
2019-09-25 05:06:49,274 [36ac27b3-2f11-437d-8f1f-165306b0ff4a@group-B8FD25FCA5CE:LeaderElection208] INFO  server.RaftServerConfigKeys (ConfUtils.java:logGet(43)) - raft.server.write.element-limit = 4096 (default)
2019-09-25 05:06:49,273 [c8798e02-7f0c-41f7-82c2-a17323bcf21e@group-312ABFD8DBBA:LeaderElection214] INFO  impl.LeaderElection (LeaderElection.java:askForVotes(182)) - c8798e02-7f0c-41f7-82c2-a17323bcf21e@group-312ABFD8DBBA:LeaderElection214: begin an election at term 1 for -1: [c8798e02-7f0c-41f7-82c2-a17323bcf21e:192.168.30.10:40603], old=null
2019-09-25 05:06:48,961 [de37f7a0-0375-40a9-a318-404478482fcb@group-8C9EF31E2CD5:LeaderElection178] INFO  impl.RaftServerImpl (ServerState.java:setRaftConf(354)) - de37f7a0-0375-40a9-a318-404478482fcb@group-8C9EF31E2CD5: set configuration 0: [de37f7a0-0375-40a9-a318-404478482fcb:192.168.30.10:44522], old=null at 0
2019-09-25 05:06:48,961 [692224c4-5202-4921-98cc-04d5c60c79cc@group-472DDFC1AB9B:LeaderElection182] INFO  server.RaftServerConfigKeys (ConfUtils.java:logGet(43)) - raft.server.watch.element-limit = 65536 (default)
2019-09-25 05:06:48,960 [Thread-1245] INFO  impl.RaftServerImpl (RaftServerImpl.java:setRole(174)) - b4fa7d23-6606-45fd-9544-2b08ca3fa933@group-EA4C7299EB15: changes role from  FOLLOWER to CANDIDATE at term 0 for changeToCandidate
2019-09-25 05:06:48,960 [c8798e02-7f0c-41f7-82c2-a17323bcf21e@group-DCE788CCD7A8:LeaderElection183] INFO  segmented.SegmentedRaftLogWorker (SegmentedRaftLogWorker.java:startLogSegment(380)) - c8798e02-7f0c-41f7-82c2-a17323bcf21e@group-DCE788CCD7A8-SegmentedRaftLogWorker: Starting segment from index:0
2019-09-25 05:06:48,959 [Thread-1045] INFO  impl.RaftServerImpl (RaftServerImpl.java:setRole(174)) - 36ac27b3-2f11-437d-8f1f-165306b0ff4a@group-4464DDF50C68: changes role from  FOLLOWER to CANDIDATE at term 0 for changeToCandidate
2019-09-25 05:06:48,959 [pool-37-thread-1] INFO  server.RaftServerConfigKeys (ConfUtils.java:logGet(43)) - raft.server.log.appender.install.snapshot.enabled = false (custom)
2019-09-25 05:06:48,959 [pool-27-thread-1] INFO  server.RaftServerConfigKeys (ConfUtils.java:logGet(43)) - raft.server.rpcslowness.timeout = 120s (custom)
2019-09-25 05:06:49,547 [pool-27-thread-1] INFO  server.RaftServerConfigKeys (ConfUtils.java:logGet(43)) - raft.server.sleep.deviation.threshold = 300 (default)
2019-09-25 05:06:48,959 [c8798e02-7f0c-41f7-82c2-a17323bcf21e@group-2C40EDA8D719:LeaderElection179] INFO  server.RaftServerConfigKeys (ConfUtils.java:logGet(43)) - raft.server.watch.timeout.denomination = 1s (default)
2019-09-25 05:06:49,547 [pool-27-thread-1] INFO  server.RaftServerConfigKeys (ConfUtils.java:logGet(43)) - raft.server.log.appender.install.snapshot.enabled = false (custom)
2019-09-25 05:06:49,547 [pool-37-thread-1] INFO  impl.RaftServerImpl (ServerState.java:<init>(103)) - 36ac27b3-2f11-437d-8f1f-165306b0ff4a@group-68AD30E641CF: ConfigurationManager, init=-1: [b4fa7d23-6606-45fd-9544-2b08ca3fa933:192.168.30.10:34493, 36ac27b3-2f11-437d-8f1f-165306b0ff4a:192.168.30.10:45265, f77bfc29-6991-4b1d-a503-f706c83de4fc:192.168.30.10:35112], old=null, confs=<EMPTY_MAP>
2019-09-25 05:06:49,546 [c8798e02-7f0c-41f7-82c2-a17323bcf21e@group-312ABFD8DBBA:LeaderElection214] INFO  impl.RoleInfo (RoleInfo.java:shutdownLeaderElection(134)) - c8798e02-7f0c-41f7-82c2-a17323bcf21e: shutdown LeaderElection
2019-09-25 05:06:49,545 [36ac27b3-2f11-437d-8f1f-165306b0ff4a@group-B8FD25FCA5CE:LeaderElection208] INFO  server.RaftServerConfigKeys (ConfUtils.java:logGet(43)) - raft.server.watch.timeout = 10s (default)
2019-09-25 05:06:49,545 [36ac27b3-2f11-437d-8f1f-165306b0ff4a@group-2775D6089813-SegmentedRaftLogWorker] INFO  util.JmxRegister (JmxRegister.java:unregister(73)) - Successfully un-registered JMX Bean with object name Ratis:service=RaftServer,group=group-2775D6089813,id=36ac27b3-2f11-437d-8f1f-165306b0ff4a
2019-09-25 05:06:49,545 [692224c4-5202-4921-98cc-04d5c60c79cc@group-C6E7FE130C15-SegmentedRaftLogWorker] INFO  util.JmxRegister (JmxRegister.java:unregister(73)) - Successfully un-registered JMX Bean with object name Ratis:service=RaftServer,group=group-C6E7FE130C15,id=692224c4-5202-4921-98cc-04d5c60c79cc
2019-09-25 05:06:49,548 [692224c4-5202-4921-98cc-04d5c60c79cc@group-C6E7FE130C15-SegmentedRaftLogWorker] INFO  impl.RoleInfo (RoleInfo.java:shutdownLeaderState(104)) - 692224c4-5202-4921-98cc-04d5c60c79cc: shutdown LeaderState
2019-09-25 05:06:49,544 [56396258-65a3-478c-9482-0be0199dd49c@group-F16BF35F1496:LeaderElection209] INFO  server.RaftServerConfigKeys (ConfUtils.java:logGet(43)) - raft.server.watch.timeout = 10s (default)
2019-09-25 05:06:49,544 [36ac27b3-2f11-437d-8f1f-165306b0ff4a@group-B8D00B1B54D6-SegmentedRaftLogWorker] INFO  segmented.SegmentedRaftLogWorker (SegmentedRaftLogWorker.java:close(228)) - 36ac27b3-2f11-437d-8f1f-165306b0ff4a@group-B8D00B1B54D6-SegmentedRaftLogWorker close()
2019-09-25 05:06:49,543 [f77bfc29-6991-4b1d-a503-f706c83de4fc@group-EA538770045D:LeaderElection202] INFO  server.RaftServerConfigKeys (ConfUtils.java:logGet(43)) - raft.server.watch.timeout = 10s (default)
2019-09-25 05:06:49,543 [pool-77-thread-1] INFO  server.RaftServerConfigKeys (ConfUtils.java:logGet(43)) - raft.server.log.purge.gap = 1000000 (custom)
2019-09-25 05:06:49,543 [692224c4-5202-4921-98cc-04d5c60c79cc@group-F4E8E11F483F:LeaderElection190] INFO  segmented.SegmentedRaftLogWorker (SegmentedRaftLogWorker.java:startLogSegment(380)) - 692224c4-5202-4921-98cc-04d5c60c79cc@group-F4E8E11F483F-SegmentedRaftLogWorker: Starting segment from index:0
2019-09-25 05:06:49,542 [b4fa7d23-6606-45fd-9544-2b08ca3fa933@group-066198227AC4:LeaderElection204] INFO  server.RaftServerConfigKeys (ConfUtils.java:logGet(43)) - raft.server.watch.timeout.denomination = 1s (default)
2019-09-25 05:06:49,542 [692224c4-5202-4921-98cc-04d5c60c79cc@group-676389836A1C:LeaderElection213] INFO  impl.RaftServerImpl (ServerState.java:setLeader(253)) - 692224c4-5202-4921-98cc-04d5c60c79cc@group-676389836A1C: change Leader from null to 692224c4-5202-4921-98cc-04d5c60c79cc at term 1 for becomeLeader, leader elected after 8910ms
2019-09-25 05:06:49,542 [c8798e02-7f0c-41f7-82c2-a17323bcf21e@group-8B26529E66E1:LeaderElection212] INFO  impl.RaftServerImpl (RaftServerImpl.java:setRole(174)) - c8798e02-7f0c-41f7-82c2-a17323bcf21e@group-8B26529E66E1: changes role from CANDIDATE to LEADER at term 1 for changeToLeader
2019-09-25 05:06:49,542 [36ac27b3-2f11-437d-8f1f-165306b0ff4a@group-97ACEA6CCC76:LeaderElection200] INFO  server.RaftServerConfigKeys (ConfUtils.java:logGet(43)) - raft.server.watch.timeout.denomination = 1s (default)
2019-09-25 05:06:49,542 [c8798e02-7f0c-41f7-82c2-a17323bcf21e@group-27685CAB4247:LeaderElection203] INFO  server.RaftServerConfigKeys (ConfUtils.java:logGet(43)) - raft.server.watch.element-limit = 65536 (default)
2019-09-25 05:06:49,542 [36ac27b3-2f11-437d-8f1f-165306b0ff4a@group-C23BB28F7D26:LeaderElection181] INFO  segmented.SegmentedRaftLogWorker (SegmentedRaftLogWorker.java:startLogSegment(380)) - 36ac27b3-2f11-437d-8f1f-165306b0ff4a@group-C23BB28F7D26-SegmentedRaftLogWorker: Starting segment from index:0
2019-09-25 05:06:49,541 [36ac27b3-2f11-437d-8f1f-165306b0ff4a@group-0E4AB3140789-SegmentedRaftLogWorker] INFO  impl.RoleInfo (RoleInfo.java:shutdownLeaderState(104)) - 36ac27b3-2f11-437d-8f1f-165306b0ff4a: shutdown LeaderState
2019-09-25 05:06:49,541 [36ac27b3-2f11-437d-8f1f-165306b0ff4a@group-363D8F71D846-SegmentedRaftLogWorker] INFO  impl.StateMachineUpdater (StateMachineUpdater.java:stopAndJoin(125)) - 36ac27b3-2f11-437d-8f1f-165306b0ff4a@group-363D8F71D846-StateMachineUpdater: set stopIndex = -1
2019-09-25 05:06:49,541 [de37f7a0-0375-40a9-a318-404478482fcb@group-9599B14A66E7-SegmentedRaftLogWorker] INFO  segmented.SegmentedRaftLogWorker (SegmentedRaftLogWorker.java:close(228)) - de37f7a0-0375-40a9-a318-404478482fcb@group-9599B14A66E7-SegmentedRaftLogWorker close()
2019-09-25 05:06:49,541 [f77bfc29-6991-4b1d-a503-f706c83de4fc@group-883DC29D19B9-SegmentedRaftLogWorker] INFO  impl.RaftServerImpl (ServerState.java:close(385)) - f77bfc29-6991-4b1d-a503-f706c83de4fc@group-883DC29D19B9: closes. applyIndex: -1
2019-09-25 05:06:49,540 [36ac27b3-2f11-437d-8f1f-165306b0ff4a@group-1BEF9D94C117-SegmentedRaftLogWorker] INFO  impl.RaftServerImpl (ServerState.java:close(385)) - 36ac27b3-2f11-437d-8f1f-165306b0ff4a@group-1BEF9D94C117: closes. applyIndex: -1
2019-09-25 05:06:49,540 [de37f7a0-0375-40a9-a318-404478482fcb@group-FD0A651E9541-SegmentedRaftLogWorker] INFO  impl.StateMachineUpdater (StateMachineUpdater.java:stopAndJoin(125)) - de37f7a0-0375-40a9-a318-404478482fcb@group-FD0A651E9541-StateMachineUpdater: set stopIndex = -1
2019-09-25 05:06:49,551 [de37f7a0-0375-40a9-a318-404478482fcb@group-FD0A651E9541-SegmentedRaftLogWorker] INFO  impl.RaftServerImpl (ServerState.java:close(385)) - de37f7a0-0375-40a9-a318-404478482fcb@group-FD0A651E9541: closes. applyIndex: -1
2019-09-25 05:06:49,540 [56396258-65a3-478c-9482-0be0199dd49c@group-4F3116BF037B-SegmentedRaftLogWorker] INFO  segmented.SegmentedRaftLogWorker (SegmentedRaftLogWorker.java:close(228)) - 56396258-65a3-478c-9482-0be0199dd49c@group-4F3116BF037B-SegmentedRaftLogWorker close()
2019-09-25 05:06:49,540 [de37f7a0-0375-40a9-a318-404478482fcb@group-7F1AFF99EFF0:LeaderElection177] INFO  segmented.SegmentedRaftLogWorker (SegmentedRaftLogWorker.java:startLogSegment(380)) - de37f7a0-0375-40a9-a318-404478482fcb@group-7F1AFF99EFF0-SegmentedRaftLogWorker: Starting segment from index:0
2019-09-25 05:06:49,540 [b4fa7d23-6606-45fd-9544-2b08ca3fa933@group-CE384E8B40B3-SegmentedRaftLogWorker] INFO  impl.PendingRequests (PendingRequests.java:sendNotLeaderResponses(202)) - b4fa7d23-6606-45fd-9544-2b08ca3fa933-PendingRequests: sendNotLeaderResponses
2019-09-25 05:06:49,539 [de37f7a0-0375-40a9-a318-404478482fcb@group-5A74E072F61B:LeaderElection186] INFO  segmented.SegmentedRaftLogWorker (SegmentedRaftLogWorker.java:startLogSegment(380)) - de37f7a0-0375-40a9-a318-404478482fcb@group-5A74E072F61B-SegmentedRaftLogWorker: Starting segment from index:0
2019-09-25 05:06:49,539 [c8798e02-7f0c-41f7-82c2-a17323bcf21e@group-E2AAA7B81356-SegmentedRaftLogWorker] INFO  impl.PendingRequests (PendingRequests.java:sendNotLeaderResponses(202)) - c8798e02-7f0c-41f7-82c2-a17323bcf21e-PendingRequests: sendNotLeaderResponses
2019-09-25 05:06:49,539 [de37f7a0-0375-40a9-a318-404478482fcb@group-43B884B10E8C-SegmentedRaftLogWorker] INFO  impl.PendingRequests (PendingRequests.java:sendNotLeaderResponses(202)) - de37f7a0-0375-40a9-a318-404478482fcb-PendingRequests: sendNotLeaderResponses
2019-09-25 05:06:49,538 [692224c4-5202-4921-98cc-04d5c60c79cc@group-D1D03DE76CDC:LeaderElection199] INFO  server.RaftServerConfigKeys (ConfUtils.java:logGet(43)) - raft.server.watch.element-limit = 65536 (default)
2019-09-25 05:06:49,537 [c8798e02-7f0c-41f7-82c2-a17323bcf21e@group-01FE6C175D2C:LeaderElection193] INFO  server.RaftServerConfigKeys (ConfUtils.java:logGet(43)) - raft.server.watch.element-limit = 65536 (default)
2019-09-25 05:06:49,537 [b4fa7d23-6606-45fd-9544-2b08ca3fa933@group-E25C07AA9899:LeaderElection196] INFO  server.RaftServerConfigKeys (ConfUtils.java:logGet(43)) - raft.server.watch.element-limit = 65536 (default)
2019-09-25 05:06:49,537 [de37f7a0-0375-40a9-a318-404478482fcb@group-844261D92A00:LeaderElection207] INFO  server.RaftServerConfigKeys (ConfUtils.java:logGet(43)) - raft.server.watch.element-limit = 65536 (default)
2019-09-25 05:06:49,537 [c8798e02-7f0c-41f7-82c2-a17323bcf21e@group-585132BA0174:LeaderElection205] INFO  server.RaftServerConfigKeys (ConfUtils.java:logGet(43)) - raft.server.watch.timeout.denomination = 1s (default)
2019-09-25 05:06:49,537 [f77bfc29-6991-4b1d-a503-f706c83de4fc@group-D768D80F0CB2:LeaderElection206] INFO  server.RaftServerConfigKeys (ConfUtils.java:logGet(43)) - raft.server.watch.element-limit = 65536 (default)
2019-09-25 05:06:49,536 [692224c4-5202-4921-98cc-04d5c60c79cc@group-2600225F0C75:LeaderElection210] INFO  server.RaftServerConfigKeys (ConfUtils.java:logGet(43)) - raft.server.staging.catchup.gap = 1000 (default)
2019-09-25 05:06:49,536 [56396258-65a3-478c-9482-0be0199dd49c@group-629F40061B83-SegmentedRaftLogWorker] INFO  impl.StateMachineUpdater (StateMachineUpdater.java:stopAndJoin(125)) - 56396258-65a3-478c-9482-0be0199dd49c@group-629F40061B83-StateMachineUpdater: set stopIndex = -1
2019-09-25 05:06:49,553 [692224c4-5202-4921-98cc-04d5c60c79cc@group-2600225F0C75:LeaderElection210] INFO  server.RaftServerConfigKeys (ConfUtils.java:logGet(43)) - raft.server.rpc.sleep.time = 25ms (default)
2019-09-25 05:06:49,553 [c8798e02-7f0c-41f7-82c2-a17323bcf21e@group-585132BA0174:LeaderElection205] INFO  server.RaftServerConfigKeys (ConfUtils.java:logGet(43)) - raft.server.watch.element-limit = 65536 (default)
2019-09-25 05:06:49,552 [de37f7a0-0375-40a9-a318-404478482fcb@group-43B884B10E8C-SegmentedRaftLogWorker] INFO  impl.StateMachineUpdater (StateMachineUpdater.java:stopAndJoin(125)) - de37f7a0-0375-40a9-a318-404478482fcb@group-43B884B10E8C-StateMachineUpdater: set stopIndex = -1
2019-09-25 05:06:49,554 [de37f7a0-0375-40a9-a318-404478482fcb@group-43B884B10E8C-SegmentedRaftLogWorker] INFO  impl.RaftServerImpl (ServerState.java:close(385)) - de37f7a0-0375-40a9-a318-404478482fcb@group-43B884B10E8C: closes. applyIndex: -1
2019-09-25 05:06:49,552 [c8798e02-7f0c-41f7-82c2-a17323bcf21e@group-E2AAA7B81356-SegmentedRaftLogWorker] INFO  impl.StateMachineUpdater (StateMachineUpdater.java:stopAndJoin(125)) - c8798e02-7f0c-41f7-82c2-a17323bcf21e@group-E2AAA7B81356-StateMachineUpdater: set stopIndex = -1
2019-09-25 05:06:49,552 [b4fa7d23-6606-45fd-9544-2b08ca3fa933@group-CE384E8B40B3-SegmentedRaftLogWorker] INFO  impl.StateMachineUpdater (StateMachineUpdater.java:stopAndJoin(125)) - b4fa7d23-6606-45fd-9544-2b08ca3fa933@group-CE384E8B40B3-StateMachineUpdater: set stopIndex = -1
2019-09-25 05:06:49,551 [de37f7a0-0375-40a9-a318-404478482fcb@group-FD0A651E9541-SegmentedRaftLogWorker] INFO  segmented.SegmentedRaftLogWorker (SegmentedRaftLogWorker.java:close(228)) - de37f7a0-0375-40a9-a318-404478482fcb@group-FD0A651E9541-SegmentedRaftLogWorker close()
2019-09-25 05:06:49,551 [36ac27b3-2f11-437d-8f1f-165306b0ff4a@group-1BEF9D94C117-SegmentedRaftLogWorker] INFO  segmented.SegmentedRaftLogWorker (SegmentedRaftLogWorker.java:close(228)) - 36ac27b3-2f11-437d-8f1f-165306b0ff4a@group-1BEF9D94C117-SegmentedRaftLogWorker close()
2019-09-25 05:06:49,551 [f77bfc29-6991-4b1d-a503-f706c83de4fc@group-883DC29D19B9-SegmentedRaftLogWorker] INFO  segmented.SegmentedRaftLogWorker (SegmentedRaftLogWorker.java:close(228)) - f77bfc29-6991-4b1d-a503-f706c83de4fc@group-883DC29D19B9-SegmentedRaftLogWorker close()
2019-09-25 05:06:49,550 [36ac27b3-2f11-437d-8f1f-165306b0ff4a@group-363D8F71D846-SegmentedRaftLogWorker] INFO  impl.RaftServerImpl (ServerState.java:close(385)) - 36ac27b3-2f11-437d-8f1f-165306b0ff4a@group-363D8F71D846: closes. applyIndex: -1
2019-09-25 05:06:49,550 [36ac27b3-2f11-437d-8f1f-165306b0ff4a@group-0E4AB3140789-SegmentedRaftLogWorker] INFO  impl.PendingRequests (PendingRequests.java:sendNotLeaderResponses(202)) - 36ac27b3-2f11-437d-8f1f-165306b0ff4a-PendingRequests: sendNotLeaderResponses
2019-09-25 05:06:49,550 [36ac27b3-2f11-437d-8f1f-165306b0ff4a@group-97ACEA6CCC76:LeaderElection200] INFO  server.RaftServerConfigKeys (ConfUtils.java:logGet(43)) - raft.server.watch.element-limit = 65536 (default)
2019-09-25 05:06:49,550 [c8798e02-7f0c-41f7-82c2-a17323bcf21e@group-8B26529E66E1:LeaderElection212] INFO  impl.RaftServerImpl (ServerState.java:setLeader(253)) - c8798e02-7f0c-41f7-82c2-a17323bcf21e@group-8B26529E66E1: change Leader from null to c8798e02-7f0c-41f7-82c2-a17323bcf21e at term 1 for becomeLeader, leader elected after 9878ms
2019-09-25 05:06:49,549 [692224c4-5202-4921-98cc-04d5c60c79cc@group-676389836A1C:LeaderElection213] INFO  server.RaftServerConfigKeys (ConfUtils.java:logGet(43)) - raft.server.staging.catchup.gap = 1000 (default)
2019-09-25 05:06:49,549 [b4fa7d23-6606-45fd-9544-2b08ca3fa933@group-066198227AC4:LeaderElection204] INFO  server.RaftServerConfigKeys (ConfUtils.java:logGet(43)) - raft.server.watch.element-limit = 65536 (default)
2019-09-25 05:06:49,549 [pool-77-thread-1] INFO  server.RaftServerConfigKeys (ConfUtils.java:logGet(43)) - raft.server.log.appender.buffer.byte-limit = 33554432 (custom)
2019-09-25 05:06:49,556 [pool-77-thread-1] INFO  server.RaftServerConfigKeys (ConfUtils.java:logGet(43)) - raft.server.log.segment.size.max = 1048576 (custom)
2019-09-25 05:06:49,549 [f77bfc29-6991-4b1d-a503-f706c83de4fc@group-EA538770045D:LeaderElection202] INFO  server.RaftServerConfigKeys (ConfUtils.java:logGet(43)) - raft.server.watch.timeout.denomination = 1s (default)
2019-09-25 05:06:49,548 [56396258-65a3-478c-9482-0be0199dd49c@group-F16BF35F1496:LeaderElection209] INFO  server.RaftServerConfigKeys (ConfUtils.java:logGet(43)) - raft.server.watch.timeout.denomination = 1s (default)
2019-09-25 05:06:49,557 [56396258-65a3-478c-9482-0be0199dd49c@group-F16BF35F1496:LeaderElection209] INFO  server.RaftServerConfigKeys (ConfUtils.java:logGet(43)) - raft.server.watch.element-limit = 65536 (default)
2019-09-25 05:06:49,548 [692224c4-5202-4921-98cc-04d5c60c79cc@group-C6E7FE130C15-SegmentedRaftLogWorker] INFO  impl.PendingRequests (PendingRequests.java:sendNotLeaderResponses(202)) - 692224c4-5202-4921-98cc-04d5c60c79cc-PendingRequests: sendNotLeaderResponses
2019-09-25 05:06:49,548 [36ac27b3-2f11-437d-8f1f-165306b0ff4a@group-2775D6089813-SegmentedRaftLogWorker] INFO  impl.RoleInfo (RoleInfo.java:shutdownLeaderState(104)) - 36ac27b3-2f11-437d-8f1f-165306b0ff4a: shutdown LeaderState
2019-09-25 05:06:49,548 [36ac27b3-2f11-437d-8f1f-165306b0ff4a@group-B8FD25FCA5CE:LeaderElection208] INFO  server.RaftServerConfigKeys (ConfUtils.java:logGet(43)) - raft.server.watch.timeout.denomination = 1s (default)
2019-09-25 05:06:49,548 [c8798e02-7f0c-41f7-82c2-a17323bcf21e@group-312ABFD8DBBA:LeaderElection214] INFO  impl.RaftServerImpl (RaftServerImpl.java:setRole(174)) - c8798e02-7f0c-41f7-82c2-a17323bcf21e@group-312ABFD8DBBA: changes role from CANDIDATE to LEADER at term 1 for changeToLeader
2019-09-25 05:06:49,557 [c8798e02-7f0c-41f7-82c2-a17323bcf21e@group-312ABFD8DBBA:LeaderElection214] INFO  impl.RaftServerImpl (ServerState.java:setLeader(253)) - c8798e02-7f0c-41f7-82c2-a17323bcf21e@group-312ABFD8DBBA: change Leader from null to c8798e02-7f0c-41f7-82c2-a17323bcf21e at term 1 for becomeLeader, leader elected after 8247ms
2019-09-25 05:06:49,547 [pool-37-thread-1] INFO  server.RaftServerConfigKeys (ConfUtils.java:logGet(43)) - raft.server.storage.dir = [/workdir/hadoop-ozone/integration-test/target/test-dir/MiniOzoneClusterImpl-23306158-e895-4fc7-80df-ce6c264c388b/datanode-1/data/ratis] (custom)
2019-09-25 05:06:49,547 [pool-27-thread-1] INFO  impl.RaftServerImpl (ServerState.java:<init>(103)) - f77bfc29-6991-4b1d-a503-f706c83de4fc@group-68AD30E641CF: ConfigurationManager, init=-1: [b4fa7d23-6606-45fd-9544-2b08ca3fa933:192.168.30.10:34493, 36ac27b3-2f11-437d-8f1f-165306b0ff4a:192.168.30.10:45265, f77bfc29-6991-4b1d-a503-f706c83de4fc:192.168.30.10:35112], old=null, confs=<EMPTY_MAP>
2019-09-25 05:06:49,547 [c8798e02-7f0c-41f7-82c2-a17323bcf21e@group-2C40EDA8D719:LeaderElection179] INFO  server.RaftServerConfigKeys (ConfUtils.java:logGet(43)) - raft.server.watch.element-limit = 65536 (default)
2019-09-25 05:06:49,558 [pool-27-thread-1] INFO  server.RaftServerConfigKeys (ConfUtils.java:logGet(43)) - raft.server.storage.dir = [/workdir/hadoop-ozone/integration-test/target/test-dir/MiniOzoneClusterImpl-23306158-e895-4fc7-80df-ce6c264c388b/datanode-0/data/ratis] (custom)
2019-09-25 05:06:49,558 [pool-37-thread-1] INFO  storage.RaftStorageDirectory (RaftStorageDirectory.java:analyzeStorage(246)) - The storage directory /workdir/hadoop-ozone/integration-test/target/test-dir/MiniOzoneClusterImpl-23306158-e895-4fc7-80df-ce6c264c388b/datanode-1/data/ratis/dc145d77-f0a1-4ed9-9d1f-68ad30e641cf does not exist. Creating ...
2019-09-25 05:06:49,557 [c8798e02-7f0c-41f7-82c2-a17323bcf21e@group-312ABFD8DBBA:LeaderElection214] INFO  server.RaftServerConfigKeys (ConfUtils.java:logGet(43)) - raft.server.staging.catchup.gap = 1000 (default)
2019-09-25 05:06:49,557 [36ac27b3-2f11-437d-8f1f-165306b0ff4a@group-B8FD25FCA5CE:LeaderElection208] INFO  server.RaftServerConfigKeys (ConfUtils.java:logGet(43)) - raft.server.watch.element-limit = 65536 (default)
2019-09-25 05:06:49,557 [36ac27b3-2f11-437d-8f1f-165306b0ff4a@group-2775D6089813-SegmentedRaftLogWorker] INFO  impl.PendingRequests (PendingRequests.java:sendNotLeaderResponses(202)) - 36ac27b3-2f11-437d-8f1f-165306b0ff4a-PendingRequests: sendNotLeaderResponses
2019-09-25 05:06:49,557 [692224c4-5202-4921-98cc-04d5c60c79cc@group-C6E7FE130C15-SegmentedRaftLogWorker] INFO  impl.StateMachineUpdater (StateMachineUpdater.java:stopAndJoin(125)) - 692224c4-5202-4921-98cc-04d5c60c79cc@group-C6E7FE130C15-StateMachineUpdater: set stopIndex = -1
2019-09-25 05:06:49,559 [692224c4-5202-4921-98cc-04d5c60c79cc@group-C6E7FE130C15-SegmentedRaftLogWorker] INFO  impl.RaftServerImpl (ServerState.java:close(385)) - 692224c4-5202-4921-98cc-04d5c60c79cc@group-C6E7FE130C15: closes. applyIndex: -1
2019-09-25 05:06:49,556 [f77bfc29-6991-4b1d-a503-f706c83de4fc@group-EA538770045D:LeaderElection202] INFO  server.RaftServerConfigKeys (ConfUtils.java:logGet(43)) - raft.server.watch.element-limit = 65536 (default)
2019-09-25 05:06:49,556 [pool-77-thread-1] INFO  server.RaftServerConfigKeys (ConfUtils.java:logGet(43)) - raft.server.log.segment.cache.num.max = 2 (custom)
2019-09-25 05:06:49,559 [pool-77-thread-1] INFO  segmented.SegmentedRaftLogWorker (SegmentedRaftLogWorker.java:<init>(172)) - new b4fa7d23-6606-45fd-9544-2b08ca3fa933@group-781134155B80-SegmentedRaftLogWorker for RaftStorage:Storage Directory /workdir/hadoop-ozone/integration-test/target/test-dir/MiniOzoneClusterImpl-23306158-e895-4fc7-80df-ce6c264c388b/datanode-5/data/ratis/12492b56-ef06-481a-92a2-781134155b80
2019-09-25 05:06:49,556 [692224c4-5202-4921-98cc-04d5c60c79cc@group-676389836A1C:LeaderElection213] INFO  server.RaftServerConfigKeys (ConfUtils.java:logGet(43)) - raft.server.rpc.sleep.time = 25ms (default)
2019-09-25 05:06:49,556 [c8798e02-7f0c-41f7-82c2-a17323bcf21e@group-8B26529E66E1:LeaderElection212] INFO  server.RaftServerConfigKeys (ConfUtils.java:logGet(43)) - raft.server.staging.catchup.gap = 1000 (default)
2019-09-25 05:06:49,560 [c8798e02-7f0c-41f7-82c2-a17323bcf21e@group-8B26529E66E1:LeaderElection212] INFO  server.RaftServerConfigKeys (ConfUtils.java:logGet(43)) - raft.server.rpc.sleep.time = 25ms (default)
2019-09-25 05:06:49,555 [36ac27b3-2f11-437d-8f1f-165306b0ff4a@group-0E4AB3140789-SegmentedRaftLogWorker] INFO  impl.StateMachineUpdater (StateMachineUpdater.java:stopAndJoin(125)) - 36ac27b3-2f11-437d-8f1f-165306b0ff4a@group-0E4AB3140789-StateMachineUpdater: set stopIndex = -1
2019-09-25 05:06:49,555 [36ac27b3-2f11-437d-8f1f-165306b0ff4a@group-363D8F71D846-SegmentedRaftLogWorker] INFO  segmented.SegmentedRaftLogWorker (SegmentedRaftLogWorker.java:close(228)) - 36ac27b3-2f11-437d-8f1f-165306b0ff4a@group-363D8F71D846-SegmentedRaftLogWorker close()
2019-09-25 05:06:49,555 [b4fa7d23-6606-45fd-9544-2b08ca3fa933@group-CE384E8B40B3-SegmentedRaftLogWorker] INFO  impl.RaftServerImpl (ServerState.java:close(385)) - b4fa7d23-6606-45fd-9544-2b08ca3fa933@group-CE384E8B40B3: closes. applyIndex: -1
2019-09-25 05:06:49,554 [c8798e02-7f0c-41f7-82c2-a17323bcf21e@group-E2AAA7B81356-SegmentedRaftLogWorker] INFO  impl.RaftServerImpl (ServerState.java:close(385)) - c8798e02-7f0c-41f7-82c2-a17323bcf21e@group-E2AAA7B81356: closes. applyIndex: -1
2019-09-25 05:06:49,560 [b4fa7d23-6606-45fd-9544-2b08ca3fa933@group-CE384E8B40B3-SegmentedRaftLogWorker] INFO  segmented.SegmentedRaftLogWorker (SegmentedRaftLogWorker.java:close(228)) - b4fa7d23-6606-45fd-9544-2b08ca3fa933@group-CE384E8B40B3-SegmentedRaftLogWorker close()
2019-09-25 05:06:49,554 [de37f7a0-0375-40a9-a318-404478482fcb@group-43B884B10E8C-SegmentedRaftLogWorker] INFO  segmented.SegmentedRaftLogWorker (SegmentedRaftLogWorker.java:close(228)) - de37f7a0-0375-40a9-a318-404478482fcb@group-43B884B10E8C-SegmentedRaftLogWorker close()
2019-09-25 05:06:49,554 [56396258-65a3-478c-9482-0be0199dd49c@group-629F40061B83-SegmentedRaftLogWorker] INFO  impl.RaftServerImpl (ServerState.java:close(385)) - 56396258-65a3-478c-9482-0be0199dd49c@group-629F40061B83: closes. applyIndex: -1
2019-09-25 05:06:49,560 [c8798e02-7f0c-41f7-82c2-a17323bcf21e@group-E2AAA7B81356-SegmentedRaftLogWorker] INFO  segmented.SegmentedRaftLogWorker (SegmentedRaftLogWorker.java:close(228)) - c8798e02-7f0c-41f7-82c2-a17323bcf21e@group-E2AAA7B81356-SegmentedRaftLogWorker close()
2019-09-25 05:06:49,560 [36ac27b3-2f11-437d-8f1f-165306b0ff4a@group-0E4AB3140789-SegmentedRaftLogWorker] INFO  impl.RaftServerImpl (ServerState.java:close(385)) - 36ac27b3-2f11-437d-8f1f-165306b0ff4a@group-0E4AB3140789: closes. applyIndex: -1
2019-09-25 05:06:49,559 [pool-77-thread-1] INFO  server.RaftServerConfigKeys (ConfUtils.java:logGet(43)) - raft.server.log.queue.byte-limit = 2147483647 (custom)
2019-09-25 05:06:49,561 [pool-77-thread-1] INFO  server.RaftServerConfigKeys (ConfUtils.java:logGet(43)) - raft.server.log.queue.element-limit = 1024 (custom)
2019-09-25 05:06:49,559 [692224c4-5202-4921-98cc-04d5c60c79cc@group-C6E7FE130C15-SegmentedRaftLogWorker] INFO  segmented.SegmentedRaftLogWorker (SegmentedRaftLogWorker.java:close(228)) - 692224c4-5202-4921-98cc-04d5c60c79cc@group-C6E7FE130C15-SegmentedRaftLogWorker close()
2019-09-25 05:06:49,559 [36ac27b3-2f11-437d-8f1f-165306b0ff4a@group-2775D6089813-SegmentedRaftLogWorker] INFO  impl.StateMachineUpdater (StateMachineUpdater.java:stopAndJoin(125)) - 36ac27b3-2f11-437d-8f1f-165306b0ff4a@group-2775D6089813-StateMachineUpdater: set stopIndex = -1
2019-09-25 05:06:49,558 [pool-27-thread-1] INFO  storage.RaftStorageDirectory (RaftStorageDirectory.java:analyzeStorage(246)) - The storage directory /workdir/hadoop-ozone/integration-test/target/test-dir/MiniOzoneClusterImpl-23306158-e895-4fc7-80df-ce6c264c388b/datanode-0/data/ratis/dc145d77-f0a1-4ed9-9d1f-68ad30e641cf does not exist. Creating ...
2019-09-25 05:06:49,558 [c8798e02-7f0c-41f7-82c2-a17323bcf21e@group-312ABFD8DBBA:LeaderElection214] INFO  server.RaftServerConfigKeys (ConfUtils.java:logGet(43)) - raft.server.rpc.sleep.time = 25ms (default)
2019-09-25 05:06:49,562 [36ac27b3-2f11-437d-8f1f-165306b0ff4a@group-2775D6089813-SegmentedRaftLogWorker] INFO  impl.RaftServerImpl (ServerState.java:close(385)) - 36ac27b3-2f11-437d-8f1f-165306b0ff4a@group-2775D6089813: closes. applyIndex: -1
2019-09-25 05:06:49,561 [pool-77-thread-1] INFO  server.RaftServerConfigKeys (ConfUtils.java:logGet(43)) - raft.server.log.segment.size.max = 1048576 (custom)
2019-09-25 05:06:49,562 [pool-77-thread-1] INFO  server.RaftServerConfigKeys (ConfUtils.java:logGet(43)) - raft.server.log.preallocated.size = 16384 (custom)
2019-09-25 05:06:49,561 [36ac27b3-2f11-437d-8f1f-165306b0ff4a@group-0E4AB3140789-SegmentedRaftLogWorker] INFO  segmented.SegmentedRaftLogWorker (SegmentedRaftLogWorker.java:close(228)) - 36ac27b3-2f11-437d-8f1f-165306b0ff4a@group-0E4AB3140789-SegmentedRaftLogWorker close()
2019-09-25 05:06:49,561 [56396258-65a3-478c-9482-0be0199dd49c@group-629F40061B83-SegmentedRaftLogWorker] INFO  segmented.SegmentedRaftLogWorker (SegmentedRaftLogWorker.java:close(228)) - 56396258-65a3-478c-9482-0be0199dd49c@group-629F40061B83-SegmentedRaftLogWorker close()
2019-09-25 05:06:49,562 [pool-77-thread-1] INFO  server.RaftServerConfigKeys (ConfUtils.java:logGet(43)) - raft.server.log.write.buffer.size = 33554432 (custom)
2019-09-25 05:06:49,563 [pool-77-thread-1] INFO  server.RaftServerConfigKeys (ConfUtils.java:logGet(43)) - raft.server.log.force.sync.num = 128 (default)
2019-09-25 05:06:49,562 [36ac27b3-2f11-437d-8f1f-165306b0ff4a@group-2775D6089813-SegmentedRaftLogWorker] INFO  segmented.SegmentedRaftLogWorker (SegmentedRaftLogWorker.java:close(228)) - 36ac27b3-2f11-437d-8f1f-165306b0ff4a@group-2775D6089813-SegmentedRaftLogWorker close()
2019-09-25 05:06:49,563 [pool-77-thread-1] INFO  server.RaftServerConfigKeys (ConfUtils.java:logGet(43)) - raft.server.log.statemachine.data.sync = true (default)
2019-09-25 05:06:49,563 [pool-77-thread-1] INFO  server.RaftServerConfigKeys (ConfUtils.java:logGet(43)) - raft.server.log.statemachine.data.sync.timeout = 10s (default)
2019-09-25 05:06:49,563 [pool-77-thread-1] INFO  server.RaftServerConfigKeys (ConfUtils.java:logGet(43)) - raft.server.log.statemachine.data.sync.timeout.retry = -1 (default)
2019-09-25 05:06:49,572 [pool-37-thread-1] INFO  storage.RaftStorageDirectory (RaftStorageDirectory.java:tryLock(328)) - Lock on /workdir/hadoop-ozone/integration-test/target/test-dir/MiniOzoneClusterImpl-23306158-e895-4fc7-80df-ce6c264c388b/datanode-1/data/ratis/dc145d77-f0a1-4ed9-9d1f-68ad30e641cf/in_use.lock acquired by nodename 25526@pr-hdds-1569-s62bp-3040748787
2019-09-25 05:06:49,572 [pool-27-thread-1] INFO  storage.RaftStorageDirectory (RaftStorageDirectory.java:tryLock(328)) - Lock on /workdir/hadoop-ozone/integration-test/target/test-dir/MiniOzoneClusterImpl-23306158-e895-4fc7-80df-ce6c264c388b/datanode-0/data/ratis/dc145d77-f0a1-4ed9-9d1f-68ad30e641cf/in_use.lock acquired by nodename 25526@pr-hdds-1569-s62bp-3040748787
2019-09-25 05:06:49,586 [pool-37-thread-1] INFO  storage.RaftStorage (RaftStorage.java:format(72)) - Storage directory /workdir/hadoop-ozone/integration-test/target/test-dir/MiniOzoneClusterImpl-23306158-e895-4fc7-80df-ce6c264c388b/datanode-1/data/ratis/dc145d77-f0a1-4ed9-9d1f-68ad30e641cf has been successfully formatted.
2019-09-25 05:06:49,586 [pool-27-thread-1] INFO  storage.RaftStorage (RaftStorage.java:format(72)) - Storage directory /workdir/hadoop-ozone/integration-test/target/test-dir/MiniOzoneClusterImpl-23306158-e895-4fc7-80df-ce6c264c388b/datanode-0/data/ratis/dc145d77-f0a1-4ed9-9d1f-68ad30e641cf has been successfully formatted.
2019-09-25 05:06:49,587 [pool-37-thread-1] INFO  ratis.ContainerStateMachine (ContainerStateMachine.java:loadSnapshot(230)) - group-68AD30E641CF: The snapshot info is null. Setting the last applied indexto:(t:0, i:~)
2019-09-25 05:06:49,587 [pool-27-thread-1] INFO  ratis.ContainerStateMachine (ContainerStateMachine.java:loadSnapshot(230)) - group-68AD30E641CF: The snapshot info is null. Setting the last applied indexto:(t:0, i:~)
2019-09-25 05:06:49,587 [pool-37-thread-1] INFO  server.RaftServerConfigKeys (ConfUtils.java:logGet(43)) - raft.server.notification.no-leader.timeout = 120s (custom)
2019-09-25 05:06:49,587 [pool-27-thread-1] INFO  server.RaftServerConfigKeys (ConfUtils.java:logGet(43)) - raft.server.notification.no-leader.timeout = 120s (custom)
2019-09-25 05:06:49,587 [pool-37-thread-1] INFO  server.RaftServerConfigKeys (ConfUtils.java:logGet(43)) - raft.server.log.use.memory = false (default)
2019-09-25 05:06:49,587 [pool-27-thread-1] INFO  server.RaftServerConfigKeys (ConfUtils.java:logGet(43)) - raft.server.log.use.memory = false (default)
2019-09-25 05:06:49,587 [pool-37-thread-1] INFO  server.RaftServerConfigKeys (ConfUtils.java:logGet(43)) - raft.server.log.purge.gap = 1000000 (custom)
2019-09-25 05:06:49,587 [pool-27-thread-1] INFO  server.RaftServerConfigKeys (ConfUtils.java:logGet(43)) - raft.server.log.purge.gap = 1000000 (custom)
2019-09-25 05:06:49,588 [pool-37-thread-1] INFO  server.RaftServerConfigKeys (ConfUtils.java:logGet(43)) - raft.server.log.appender.buffer.byte-limit = 33554432 (custom)
2019-09-25 05:06:49,588 [pool-27-thread-1] INFO  server.RaftServerConfigKeys (ConfUtils.java:logGet(43)) - raft.server.log.appender.buffer.byte-limit = 33554432 (custom)
2019-09-25 05:06:49,588 [pool-37-thread-1] INFO  server.RaftServerConfigKeys (ConfUtils.java:logGet(43)) - raft.server.log.segment.size.max = 1048576 (custom)
2019-09-25 05:06:49,588 [pool-27-thread-1] INFO  server.RaftServerConfigKeys (ConfUtils.java:logGet(43)) - raft.server.log.segment.size.max = 1048576 (custom)
2019-09-25 05:06:49,588 [pool-37-thread-1] INFO  server.RaftServerConfigKeys (ConfUtils.java:logGet(43)) - raft.server.log.segment.cache.num.max = 2 (custom)
2019-09-25 05:06:49,588 [pool-27-thread-1] INFO  server.RaftServerConfigKeys (ConfUtils.java:logGet(43)) - raft.server.log.segment.cache.num.max = 2 (custom)
2019-09-25 05:06:49,588 [pool-37-thread-1] INFO  segmented.SegmentedRaftLogWorker (SegmentedRaftLogWorker.java:<init>(172)) - new 36ac27b3-2f11-437d-8f1f-165306b0ff4a@group-68AD30E641CF-SegmentedRaftLogWorker for RaftStorage:Storage Directory /workdir/hadoop-ozone/integration-test/target/test-dir/MiniOzoneClusterImpl-23306158-e895-4fc7-80df-ce6c264c388b/datanode-1/data/ratis/dc145d77-f0a1-4ed9-9d1f-68ad30e641cf
2019-09-25 05:06:49,589 [pool-27-thread-1] INFO  segmented.SegmentedRaftLogWorker (SegmentedRaftLogWorker.java:<init>(172)) - new f77bfc29-6991-4b1d-a503-f706c83de4fc@group-68AD30E641CF-SegmentedRaftLogWorker for RaftStorage:Storage Directory /workdir/hadoop-ozone/integration-test/target/test-dir/MiniOzoneClusterImpl-23306158-e895-4fc7-80df-ce6c264c388b/datanode-0/data/ratis/dc145d77-f0a1-4ed9-9d1f-68ad30e641cf
2019-09-25 05:06:49,589 [pool-37-thread-1] INFO  server.RaftServerConfigKeys (ConfUtils.java:logGet(43)) - raft.server.log.queue.byte-limit = 2147483647 (custom)
2019-09-25 05:06:49,589 [pool-27-thread-1] INFO  server.RaftServerConfigKeys (ConfUtils.java:logGet(43)) - raft.server.log.queue.byte-limit = 2147483647 (custom)
2019-09-25 05:06:49,589 [pool-37-thread-1] INFO  server.RaftServerConfigKeys (ConfUtils.java:logGet(43)) - raft.server.log.queue.element-limit = 1024 (custom)
2019-09-25 05:06:49,589 [pool-27-thread-1] INFO  server.RaftServerConfigKeys (ConfUtils.java:logGet(43)) - raft.server.log.queue.element-limit = 1024 (custom)
2019-09-25 05:06:49,589 [pool-37-thread-1] INFO  server.RaftServerConfigKeys (ConfUtils.java:logGet(43)) - raft.server.log.segment.size.max = 1048576 (custom)
2019-09-25 05:06:49,589 [pool-27-thread-1] INFO  server.RaftServerConfigKeys (ConfUtils.java:logGet(43)) - raft.server.log.segment.size.max = 1048576 (custom)
2019-09-25 05:06:49,589 [pool-37-thread-1] INFO  server.RaftServerConfigKeys (ConfUtils.java:logGet(43)) - raft.server.log.preallocated.size = 16384 (custom)
2019-09-25 05:06:49,590 [pool-27-thread-1] INFO  server.RaftServerConfigKeys (ConfUtils.java:logGet(43)) - raft.server.log.preallocated.size = 16384 (custom)
2019-09-25 05:06:49,590 [pool-37-thread-1] INFO  server.RaftServerConfigKeys (ConfUtils.java:logGet(43)) - raft.server.log.write.buffer.size = 33554432 (custom)
2019-09-25 05:06:49,590 [pool-27-thread-1] INFO  server.RaftServerConfigKeys (ConfUtils.java:logGet(43)) - raft.server.log.write.buffer.size = 33554432 (custom)
2019-09-25 05:06:49,590 [pool-37-thread-1] INFO  server.RaftServerConfigKeys (ConfUtils.java:logGet(43)) - raft.server.log.force.sync.num = 128 (default)
2019-09-25 05:06:49,590 [pool-27-thread-1] INFO  server.RaftServerConfigKeys (ConfUtils.java:logGet(43)) - raft.server.log.force.sync.num = 128 (default)
2019-09-25 05:06:49,590 [pool-37-thread-1] INFO  server.RaftServerConfigKeys (ConfUtils.java:logGet(43)) - raft.server.log.statemachine.data.sync = true (default)
2019-09-25 05:06:49,590 [pool-27-thread-1] INFO  server.RaftServerConfigKeys (ConfUtils.java:logGet(43)) - raft.server.log.statemachine.data.sync = true (default)
2019-09-25 05:06:49,590 [pool-37-thread-1] INFO  server.RaftServerConfigKeys (ConfUtils.java:logGet(43)) - raft.server.log.statemachine.data.sync.timeout = 10s (default)
2019-09-25 05:06:49,591 [pool-27-thread-1] INFO  server.RaftServerConfigKeys (ConfUtils.java:logGet(43)) - raft.server.log.statemachine.data.sync.timeout = 10s (default)
2019-09-25 05:06:49,591 [pool-37-thread-1] INFO  server.RaftServerConfigKeys (ConfUtils.java:logGet(43)) - raft.server.log.statemachine.data.sync.timeout.retry = -1 (default)
2019-09-25 05:06:49,591 [pool-27-thread-1] INFO  server.RaftServerConfigKeys (ConfUtils.java:logGet(43)) - raft.server.log.statemachine.data.sync.timeout.retry = -1 (default)
2019-09-25 05:06:49,599 [pool-27-thread-1] INFO  server.RaftServerConfigKeys (ConfUtils.java:logGet(43)) - raft.server.log.statemachine.data.caching.enabled = true (custom)
2019-09-25 05:06:49,599 [c8798e02-7f0c-41f7-82c2-a17323bcf21e@group-8B26529E66E1:LeaderElection212] INFO  server.RaftServerConfigKeys (ConfUtils.java:logGet(43)) - raft.server.write.element-limit = 4096 (default)
2019-09-25 05:06:49,599 [c8798e02-7f0c-41f7-82c2-a17323bcf21e@group-312ABFD8DBBA:LeaderElection214] INFO  server.RaftServerConfigKeys (ConfUtils.java:logGet(43)) - raft.server.write.element-limit = 4096 (default)
2019-09-25 05:06:49,599 [pool-77-thread-1] INFO  server.RaftServerConfigKeys (ConfUtils.java:logGet(43)) - raft.server.log.statemachine.data.caching.enabled = true (custom)
2019-09-25 05:06:49,599 [pool-37-thread-1] INFO  server.RaftServerConfigKeys (ConfUtils.java:logGet(43)) - raft.server.log.statemachine.data.caching.enabled = true (custom)
2019-09-25 05:06:49,600 [de37f7a0-0375-40a9-a318-404478482fcb@group-7F1AFF99EFF0:LeaderElection177] INFO  impl.RaftServerImpl (ServerState.java:setRaftConf(354)) - de37f7a0-0375-40a9-a318-404478482fcb@group-7F1AFF99EFF0: set configuration 0: [de37f7a0-0375-40a9-a318-404478482fcb:192.168.30.10:44522], old=null at 0
2019-09-25 05:06:49,600 [Thread-1245] INFO  impl.RoleInfo (RoleInfo.java:updateAndGet(143)) - b4fa7d23-6606-45fd-9544-2b08ca3fa933: start LeaderElection
2019-09-25 05:06:49,600 [pool-77-thread-1] INFO  segmented.SegmentedRaftLogWorker (SegmentedRaftLogWorker.java:lambda$new$0(132)) - b4fa7d23-6606-45fd-9544-2b08ca3fa933@group-781134155B80-SegmentedRaftLogWorker: flushIndex: setUnconditionally 0 -> -1
2019-09-25 05:06:49,599 [Thread-1045] INFO  impl.RoleInfo (RoleInfo.java:updateAndGet(143)) - 36ac27b3-2f11-437d-8f1f-165306b0ff4a: start LeaderElection
2019-09-25 05:06:49,599 [c8798e02-7f0c-41f7-82c2-a17323bcf21e@group-312ABFD8DBBA:LeaderElection214] INFO  server.RaftServerConfigKeys (ConfUtils.java:logGet(43)) - raft.server.watch.timeout = 10s (default)
2019-09-25 05:06:51,203 [c8798e02-7f0c-41f7-82c2-a17323bcf21e@group-312ABFD8DBBA:LeaderElection214] INFO  server.RaftServerConfigKeys (ConfUtils.java:logGet(43)) - raft.server.watch.timeout.denomination = 1s (default)
2019-09-25 05:06:49,599 [c8798e02-7f0c-41f7-82c2-a17323bcf21e@group-8B26529E66E1:LeaderElection212] INFO  server.RaftServerConfigKeys (ConfUtils.java:logGet(43)) - raft.server.watch.timeout = 10s (default)
2019-09-25 05:06:49,599 [pool-27-thread-1] INFO  segmented.SegmentedRaftLogWorker (SegmentedRaftLogWorker.java:lambda$new$0(132)) - f77bfc29-6991-4b1d-a503-f706c83de4fc@group-68AD30E641CF-SegmentedRaftLogWorker: flushIndex: setUnconditionally 0 -> -1
2019-09-25 05:06:49,599 [692224c4-5202-4921-98cc-04d5c60c79cc@group-2600225F0C75:LeaderElection210] INFO  server.RaftServerConfigKeys (ConfUtils.java:logGet(43)) - raft.server.write.element-limit = 4096 (default)
2019-09-25 05:06:49,599 [692224c4-5202-4921-98cc-04d5c60c79cc@group-676389836A1C:LeaderElection213] INFO  server.RaftServerConfigKeys (ConfUtils.java:logGet(43)) - raft.server.write.element-limit = 4096 (default)
2019-09-25 05:06:51,204 [692224c4-5202-4921-98cc-04d5c60c79cc@group-2600225F0C75:LeaderElection210] INFO  server.RaftServerConfigKeys (ConfUtils.java:logGet(43)) - raft.server.watch.timeout = 10s (default)
2019-09-25 05:06:51,204 [pool-27-thread-1] INFO  server.RaftServerConfigKeys (ConfUtils.java:logGet(43)) - raft.server.snapshot.auto.trigger.enabled = true (custom)
2019-09-25 05:06:51,204 [c8798e02-7f0c-41f7-82c2-a17323bcf21e@group-8B26529E66E1:LeaderElection212] INFO  server.RaftServerConfigKeys (ConfUtils.java:logGet(43)) - raft.server.watch.timeout.denomination = 1s (default)
2019-09-25 05:06:51,203 [c8798e02-7f0c-41f7-82c2-a17323bcf21e@group-312ABFD8DBBA:LeaderElection214] INFO  server.RaftServerConfigKeys (ConfUtils.java:logGet(43)) - raft.server.watch.element-limit = 65536 (default)
2019-09-25 05:06:51,202 [c8798e02-7f0c-41f7-82c2-a17323bcf21e@group-CA2EC9FE2309-SegmentedRaftLogWorker] ERROR segmented.SegmentedRaftLogWorker (SegmentedRaftLogWorker.java:run(323)) - c8798e02-7f0c-41f7-82c2-a17323bcf21e@group-CA2EC9FE2309-SegmentedRaftLogWorker hit exception
java.lang.OutOfMemoryError: Direct buffer memory
	at java.nio.Bits.reserveMemory(Bits.java:666)
	at java.nio.DirectByteBuffer.<init>(DirectByteBuffer.java:123)
	at java.nio.ByteBuffer.allocateDirect(ByteBuffer.java:311)
	at org.apache.ratis.server.raftlog.segmented.BufferedWriteChannel.<init>(BufferedWriteChannel.java:41)
	at org.apache.ratis.server.raftlog.segmented.SegmentedRaftLogOutputStream.<init>(SegmentedRaftLogOutputStream.java:72)
	at org.apache.ratis.server.raftlog.segmented.SegmentedRaftLogWorker$StartLogSegment.execute(SegmentedRaftLogWorker.java:566)
	at org.apache.ratis.server.raftlog.segmented.SegmentedRaftLogWorker.run(SegmentedRaftLogWorker.java:289)
	at java.lang.Thread.run(Thread.java:748)
2019-09-25 05:06:51,202 [f77bfc29-6991-4b1d-a503-f706c83de4fc@group-AC9D764C8055-SegmentedRaftLogWorker] ERROR segmented.SegmentedRaftLogWorker (SegmentedRaftLogWorker.java:run(323)) - f77bfc29-6991-4b1d-a503-f706c83de4fc@group-AC9D764C8055-SegmentedRaftLogWorker hit exception
java.lang.OutOfMemoryError: Direct buffer memory
	at java.nio.Bits.reserveMemory(Bits.java:666)
	at java.nio.DirectByteBuffer.<init>(DirectByteBuffer.java:123)
	at java.nio.ByteBuffer.allocateDirect(ByteBuffer.java:311)
	at org.apache.ratis.server.raftlog.segmented.BufferedWriteChannel.<init>(BufferedWriteChannel.java:41)
	at org.apache.ratis.server.raftlog.segmented.SegmentedRaftLogOutputStream.<init>(SegmentedRaftLogOutputStream.java:72)
	at org.apache.ratis.server.raftlog.segmented.SegmentedRaftLogWorker$StartLogSegment.execute(SegmentedRaftLogWorker.java:566)
	at org.apache.ratis.server.raftlog.segmented.SegmentedRaftLogWorker.run(SegmentedRaftLogWorker.java:289)
	at java.lang.Thread.run(Thread.java:748)
2019-09-25 05:06:51,206 [f77bfc29-6991-4b1d-a503-f706c83de4fc@group-AC9D764C8055-SegmentedRaftLogWorker] INFO  impl.RaftServerImpl (RaftServerImpl.java:lambda$shutdown$3(251)) - f77bfc29-6991-4b1d-a503-f706c83de4fc@group-AC9D764C8055: shutdown
2019-09-25 05:06:51,202 [56396258-65a3-478c-9482-0be0199dd49c@group-9F86D8309F5D-SegmentedRaftLogWorker] ERROR segmented.SegmentedRaftLogWorker (SegmentedRaftLogWorker.java:run(323)) - 56396258-65a3-478c-9482-0be0199dd49c@group-9F86D8309F5D-SegmentedRaftLogWorker hit exception
java.lang.OutOfMemoryError: Direct buffer memory
	at java.nio.Bits.reserveMemory(Bits.java:666)
	at java.nio.DirectByteBuffer.<init>(DirectByteBuffer.java:123)
	at java.nio.ByteBuffer.allocateDirect(ByteBuffer.java:311)
	at org.apache.ratis.server.raftlog.segmented.BufferedWriteChannel.<init>(BufferedWriteChannel.java:41)
	at org.apache.ratis.server.raftlog.segmented.SegmentedRaftLogOutputStream.<init>(SegmentedRaftLogOutputStream.java:72)
	at org.apache.ratis.server.raftlog.segmented.SegmentedRaftLogWorker$StartLogSegment.execute(SegmentedRaftLogWorker.java:566)
	at org.apache.ratis.server.raftlog.segmented.SegmentedRaftLogWorker.run(SegmentedRaftLogWorker.java:289)
	at java.lang.Thread.run(Thread.java:748)
2019-09-25 05:06:51,199 [org.apache.hadoop.util.JvmPauseMonitor$Monitor@410954b] INFO  util.JvmPauseMonitor (JvmPauseMonitor.java:run(205)) - Detected pause in JVM or host machine (eg GC): pause of approximately 1176ms
GC pool 'PS MarkSweep' had collection(s): count=7 time=1459ms
GC pool 'PS Scavenge' had collection(s): count=7 time=67ms
2019-09-25 05:06:51,199 [org.apache.hadoop.util.JvmPauseMonitor$Monitor@66ea3b37] INFO  util.JvmPauseMonitor (JvmPauseMonitor.java:run(205)) - Detected pause in JVM or host machine (eg GC): pause of approximately 1176ms
GC pool 'PS MarkSweep' had collection(s): count=7 time=1459ms
GC pool 'PS Scavenge' had collection(s): count=7 time=67ms
2019-09-25 05:06:51,199 [org.apache.hadoop.util.JvmPauseMonitor$Monitor@1691f4bd] INFO  util.JvmPauseMonitor (JvmPauseMonitor.java:run(205)) - Detected pause in JVM or host machine (eg GC): pause of approximately 1176ms
GC pool 'PS MarkSweep' had collection(s): count=7 time=1459ms
GC pool 'PS Scavenge' had collection(s): count=7 time=67ms
2019-09-25 05:06:51,199 [org.apache.hadoop.util.JvmPauseMonitor$Monitor@44b47225] INFO  util.JvmPauseMonitor (JvmPauseMonitor.java:run(205)) - Detected pause in JVM or host machine (eg GC): pause of approximately 1176ms
GC pool 'PS MarkSweep' had collection(s): count=7 time=1459ms
GC pool 'PS Scavenge' had collection(s): count=7 time=67ms
2019-09-25 05:06:51,199 [org.apache.hadoop.util.JvmPauseMonitor$Monitor@29040281] INFO  util.JvmPauseMonitor (JvmPauseMonitor.java:run(205)) - Detected pause in JVM or host machine (eg GC): pause of approximately 1176ms
GC pool 'PS MarkSweep' had collection(s): count=7 time=1459ms
GC pool 'PS Scavenge' had collection(s): count=7 time=67ms
2019-09-25 05:06:51,199 [org.apache.hadoop.util.JvmPauseMonitor$Monitor@5479ba33] INFO  util.JvmPauseMonitor (JvmPauseMonitor.java:run(205)) - Detected pause in JVM or host machine (eg GC): pause of approximately 1176ms
GC pool 'PS MarkSweep' had collection(s): count=7 time=1459ms
GC pool 'PS Scavenge' had collection(s): count=7 time=67ms
2019-09-25 05:06:51,199 [org.apache.hadoop.util.JvmPauseMonitor$Monitor@695f5713] INFO  util.JvmPauseMonitor (JvmPauseMonitor.java:run(205)) - Detected pause in JVM or host machine (eg GC): pause of approximately 1176ms
GC pool 'PS MarkSweep' had collection(s): count=7 time=1459ms
GC pool 'PS Scavenge' had collection(s): count=7 time=67ms
2019-09-25 05:06:51,199 [org.apache.hadoop.util.JvmPauseMonitor$Monitor@793bea3e] INFO  util.JvmPauseMonitor (JvmPauseMonitor.java:run(205)) - Detected pause in JVM or host machine (eg GC): pause of approximately 1176ms
GC pool 'PS MarkSweep' had collection(s): count=7 time=1459ms
GC pool 'PS Scavenge' had collection(s): count=7 time=67ms
2019-09-25 05:06:51,191 [RATISCREATEPIPELINE2] ERROR pipeline.RatisPipelineProvider (RatisPipelineProvider.java:lambda$null$2(181)) - Failed invoke Ratis rpc org.apache.hadoop.hdds.scm.pipeline.RatisPipelineProvider$$Lambda$186/166636373@2f85ee74 for 36ac27b3-2f11-437d-8f1f-165306b0ff4a
org.apache.ratis.protocol.TimeoutIOException: deadline exceeded after 2999553769ns
	at org.apache.ratis.grpc.GrpcUtil.tryUnwrapException(GrpcUtil.java:82)
	at org.apache.ratis.grpc.GrpcUtil.unwrapException(GrpcUtil.java:75)
	at org.apache.ratis.grpc.client.GrpcClientProtocolClient.blockingCall(GrpcClientProtocolClient.java:178)
	at org.apache.ratis.grpc.client.GrpcClientProtocolClient.groupAdd(GrpcClientProtocolClient.java:147)
	at org.apache.ratis.grpc.client.GrpcClientRpc.sendRequest(GrpcClientRpc.java:94)
	at org.apache.ratis.client.impl.RaftClientImpl.sendRequest(RaftClientImpl.java:278)
	at org.apache.ratis.client.impl.RaftClientImpl.groupAdd(RaftClientImpl.java:205)
	at org.apache.hadoop.hdds.scm.pipeline.RatisPipelineProvider.lambda$initializePipeline$1(RatisPipelineProvider.java:142)
	at org.apache.hadoop.hdds.scm.pipeline.RatisPipelineProvider.lambda$null$2(RatisPipelineProvider.java:177)
	at java.util.stream.ForEachOps$ForEachOp$OfRef.accept(ForEachOps.java:184)
	at java.util.ArrayList$ArrayListSpliterator.forEachRemaining(ArrayList.java:1382)
	at java.util.stream.AbstractPipeline.copyInto(AbstractPipeline.java:482)
	at java.util.stream.ForEachOps$ForEachTask.compute(ForEachOps.java:291)
	at java.util.concurrent.CountedCompleter.exec(CountedCompleter.java:731)
	at java.util.concurrent.ForkJoinTask.doExec(ForkJoinTask.java:289)
	at java.util.concurrent.ForkJoinTask.doInvoke(ForkJoinTask.java:401)
	at java.util.concurrent.ForkJoinTask.invoke(ForkJoinTask.java:734)
	at java.util.stream.ForEachOps$ForEachOp.evaluateParallel(ForEachOps.java:160)
	at java.util.stream.ForEachOps$ForEachOp$OfRef.evaluateParallel(ForEachOps.java:174)
	at java.util.stream.AbstractPipeline.evaluate(AbstractPipeline.java:233)
	at java.util.stream.ReferencePipeline.forEach(ReferencePipeline.java:418)
	at java.util.stream.ReferencePipeline$Head.forEach(ReferencePipeline.java:583)
	at org.apache.hadoop.hdds.scm.pipeline.RatisPipelineProvider.lambda$callRatisRpc$3(RatisPipelineProvider.java:171)
	at java.util.concurrent.ForkJoinTask$AdaptedRunnableAction.exec(ForkJoinTask.java:1386)
	at java.util.concurrent.ForkJoinTask.doExec(ForkJoinTask.java:289)
	at java.util.concurrent.ForkJoinPool$WorkQueue.runTask(ForkJoinPool.java:1056)
	at java.util.concurrent.ForkJoinPool.runWorker(ForkJoinPool.java:1692)
	at java.util.concurrent.ForkJoinWorkerThread.run(ForkJoinWorkerThread.java:157)
Caused by: org.apache.ratis.thirdparty.io.grpc.StatusRuntimeException: DEADLINE_EXCEEDED: deadline exceeded after 2999553769ns
	at org.apache.ratis.thirdparty.io.grpc.stub.ClientCalls.toStatusRuntimeException(ClientCalls.java:233)
	at org.apache.ratis.thirdparty.io.grpc.stub.ClientCalls.getUnchecked(ClientCalls.java:214)
	at org.apache.ratis.thirdparty.io.grpc.stub.ClientCalls.blockingUnaryCall(ClientCalls.java:139)
	at org.apache.ratis.proto.grpc.AdminProtocolServiceGrpc$AdminProtocolServiceBlockingStub.groupManagement(AdminProtocolServiceGrpc.java:274)
	at org.apache.ratis.grpc.client.GrpcClientProtocolClient.lambda$groupAdd$3(GrpcClientProtocolClient.java:149)
	at org.apache.ratis.grpc.client.GrpcClientProtocolClient.blockingCall(GrpcClientProtocolClient.java:176)
	... 25 more
2019-09-25 05:06:51,191 [RATISCREATEPIPELINE0] ERROR pipeline.RatisPipelineProvider (RatisPipelineProvider.java:lambda$null$2(181)) - Failed invoke Ratis rpc org.apache.hadoop.hdds.scm.pipeline.RatisPipelineProvider$$Lambda$186/166636373@2f85ee74 for f77bfc29-6991-4b1d-a503-f706c83de4fc
org.apache.ratis.protocol.TimeoutIOException: deadline exceeded after 2999528117ns
	at org.apache.ratis.grpc.GrpcUtil.tryUnwrapException(GrpcUtil.java:82)
	at org.apache.ratis.grpc.GrpcUtil.unwrapException(GrpcUtil.java:75)
	at org.apache.ratis.grpc.client.GrpcClientProtocolClient.blockingCall(GrpcClientProtocolClient.java:178)
	at org.apache.ratis.grpc.client.GrpcClientProtocolClient.groupAdd(GrpcClientProtocolClient.java:147)
	at org.apache.ratis.grpc.client.GrpcClientRpc.sendRequest(GrpcClientRpc.java:94)
	at org.apache.ratis.client.impl.RaftClientImpl.sendRequest(RaftClientImpl.java:278)
	at org.apache.ratis.client.impl.RaftClientImpl.groupAdd(RaftClientImpl.java:205)
	at org.apache.hadoop.hdds.scm.pipeline.RatisPipelineProvider.lambda$initializePipeline$1(RatisPipelineProvider.java:142)
	at org.apache.hadoop.hdds.scm.pipeline.RatisPipelineProvider.lambda$null$2(RatisPipelineProvider.java:177)
	at java.util.stream.ForEachOps$ForEachOp$OfRef.accept(ForEachOps.java:184)
	at java.util.ArrayList$ArrayListSpliterator.forEachRemaining(ArrayList.java:1382)
	at java.util.stream.AbstractPipeline.copyInto(AbstractPipeline.java:482)
	at java.util.stream.ForEachOps$ForEachTask.compute(ForEachOps.java:291)
	at java.util.concurrent.CountedCompleter.exec(CountedCompleter.java:731)
	at java.util.concurrent.ForkJoinTask.doExec(ForkJoinTask.java:289)
	at java.util.concurrent.ForkJoinPool$WorkQueue.runTask(ForkJoinPool.java:1056)
	at java.util.concurrent.ForkJoinPool.runWorker(ForkJoinPool.java:1692)
	at java.util.concurrent.ForkJoinWorkerThread.run(ForkJoinWorkerThread.java:157)
Caused by: org.apache.ratis.thirdparty.io.grpc.StatusRuntimeException: DEADLINE_EXCEEDED: deadline exceeded after 2999528117ns
	at org.apache.ratis.thirdparty.io.grpc.stub.ClientCalls.toStatusRuntimeException(ClientCalls.java:233)
	at org.apache.ratis.thirdparty.io.grpc.stub.ClientCalls.getUnchecked(ClientCalls.java:214)
	at org.apache.ratis.thirdparty.io.grpc.stub.ClientCalls.blockingUnaryCall(ClientCalls.java:139)
	at org.apache.ratis.proto.grpc.AdminProtocolServiceGrpc$AdminProtocolServiceBlockingStub.groupManagement(AdminProtocolServiceGrpc.java:274)
	at org.apache.ratis.grpc.client.GrpcClientProtocolClient.lambda$groupAdd$3(GrpcClientProtocolClient.java:149)
	at org.apache.ratis.grpc.client.GrpcClientProtocolClient.blockingCall(GrpcClientProtocolClient.java:176)
	... 15 more
2019-09-25 05:06:51,191 [RATISCREATEPIPELINE3] ERROR pipeline.RatisPipelineProvider (RatisPipelineProvider.java:lambda$null$2(181)) - Failed invoke Ratis rpc org.apache.hadoop.hdds.scm.pipeline.RatisPipelineProvider$$Lambda$186/166636373@2f85ee74 for b4fa7d23-6606-45fd-9544-2b08ca3fa933
org.apache.ratis.protocol.TimeoutIOException: deadline exceeded after 2999528165ns
	at org.apache.ratis.grpc.GrpcUtil.tryUnwrapException(GrpcUtil.java:82)
	at org.apache.ratis.grpc.GrpcUtil.unwrapException(GrpcUtil.java:75)
	at org.apache.ratis.grpc.client.GrpcClientProtocolClient.blockingCall(GrpcClientProtocolClient.java:178)
	at org.apache.ratis.grpc.client.GrpcClientProtocolClient.groupAdd(GrpcClientProtocolClient.java:147)
	at org.apache.ratis.grpc.client.GrpcClientRpc.sendRequest(GrpcClientRpc.java:94)
	at org.apache.ratis.client.impl.RaftClientImpl.sendRequest(RaftClientImpl.java:278)
	at org.apache.ratis.client.impl.RaftClientImpl.groupAdd(RaftClientImpl.java:205)
	at org.apache.hadoop.hdds.scm.pipeline.RatisPipelineProvider.lambda$initializePipeline$1(RatisPipelineProvider.java:142)
	at org.apache.hadoop.hdds.scm.pipeline.RatisPipelineProvider.lambda$null$2(RatisPipelineProvider.java:177)
	at java.util.stream.ForEachOps$ForEachOp$OfRef.accept(ForEachOps.java:184)
	at java.util.ArrayList$ArrayListSpliterator.forEachRemaining(ArrayList.java:1382)
	at java.util.stream.AbstractPipeline.copyInto(AbstractPipeline.java:482)
	at java.util.stream.ForEachOps$ForEachTask.compute(ForEachOps.java:291)
	at java.util.concurrent.CountedCompleter.exec(CountedCompleter.java:731)
	at java.util.concurrent.ForkJoinTask.doExec(ForkJoinTask.java:289)
	at java.util.concurrent.ForkJoinPool$WorkQueue.runTask(ForkJoinPool.java:1056)
	at java.util.concurrent.ForkJoinPool.runWorker(ForkJoinPool.java:1692)
	at java.util.concurrent.ForkJoinWorkerThread.run(ForkJoinWorkerThread.java:157)
Caused by: org.apache.ratis.thirdparty.io.grpc.StatusRuntimeException: DEADLINE_EXCEEDED: deadline exceeded after 2999528165ns
	at org.apache.ratis.thirdparty.io.grpc.stub.ClientCalls.toStatusRuntimeException(ClientCalls.java:233)
	at org.apache.ratis.thirdparty.io.grpc.stub.ClientCalls.getUnchecked(ClientCalls.java:214)
	at org.apache.ratis.thirdparty.io.grpc.stub.ClientCalls.blockingUnaryCall(ClientCalls.java:139)
	at org.apache.ratis.proto.grpc.AdminProtocolServiceGrpc$AdminProtocolServiceBlockingStub.groupManagement(AdminProtocolServiceGrpc.java:274)
	at org.apache.ratis.grpc.client.GrpcClientProtocolClient.lambda$groupAdd$3(GrpcClientProtocolClient.java:149)
	at org.apache.ratis.grpc.client.GrpcClientProtocolClient.blockingCall(GrpcClientProtocolClient.java:176)
	... 15 more
2019-09-25 05:06:51,191 [Thread-1171] WARN  util.JavaUtils (JavaUtils.java:sleep(250)) - Unexpected long sleep: sleep(5169ms) actually took 5836ms which is over the threshold 300ms
2019-09-25 05:06:51,191 [Thread-1177] WARN  util.JavaUtils (JavaUtils.java:sleep(250)) - Unexpected long sleep: sleep(5185ms) actually took 5836ms which is over the threshold 300ms
2019-09-25 05:06:51,010 [de37f7a0-0375-40a9-a318-404478482fcb@group-5A74E072F61B:LeaderElection186] INFO  impl.RaftServerImpl (ServerState.java:setRaftConf(354)) - de37f7a0-0375-40a9-a318-404478482fcb@group-5A74E072F61B: set configuration 0: [de37f7a0-0375-40a9-a318-404478482fcb:192.168.30.10:44522], old=null at 0
2019-09-25 05:06:51,010 [692224c4-5202-4921-98cc-04d5c60c79cc@group-F4E8E11F483F:LeaderElection190] INFO  impl.RaftServerImpl (ServerState.java:setRaftConf(354)) - 692224c4-5202-4921-98cc-04d5c60c79cc@group-F4E8E11F483F: set configuration 0: [692224c4-5202-4921-98cc-04d5c60c79cc:192.168.30.10:38144], old=null at 0
2019-09-25 05:06:51,010 [36ac27b3-2f11-437d-8f1f-165306b0ff4a@group-C23BB28F7D26:LeaderElection181] INFO  impl.RaftServerImpl (ServerState.java:setRaftConf(354)) - 36ac27b3-2f11-437d-8f1f-165306b0ff4a@group-C23BB28F7D26: set configuration 0: [36ac27b3-2f11-437d-8f1f-165306b0ff4a:192.168.30.10:45265], old=null at 0
2019-09-25 05:06:51,010 [c8798e02-7f0c-41f7-82c2-a17323bcf21e@group-6EA6BB54F6C5:LeaderElection187] INFO  impl.RaftServerImpl (ServerState.java:setRaftConf(354)) - c8798e02-7f0c-41f7-82c2-a17323bcf21e@group-6EA6BB54F6C5: set configuration 0: [c8798e02-7f0c-41f7-82c2-a17323bcf21e:192.168.30.10:40603], old=null at 0
2019-09-25 05:06:51,010 [de37f7a0-0375-40a9-a318-404478482fcb@group-FF5438954BFD:LeaderElection192] INFO  impl.RaftServerImpl (ServerState.java:setRaftConf(354)) - de37f7a0-0375-40a9-a318-404478482fcb@group-FF5438954BFD: set configuration 0: [de37f7a0-0375-40a9-a318-404478482fcb:192.168.30.10:44522], old=null at 0
2019-09-25 05:06:51,009 [pool-77-thread-1] INFO  server.RaftServerConfigKeys (ConfUtils.java:logGet(43)) - raft.server.snapshot.auto.trigger.enabled = true (custom)
2019-09-25 05:06:50,799 [56396258-65a3-478c-9482-0be0199dd49c@group-4682414C107C-SegmentedRaftLogWorker] ERROR segmented.SegmentedRaftLogWorker (SegmentedRaftLogWorker.java:run(323)) - 56396258-65a3-478c-9482-0be0199dd49c@group-4682414C107C-SegmentedRaftLogWorker hit exception
java.lang.OutOfMemoryError: Direct buffer memory
	at java.nio.Bits.reserveMemory(Bits.java:666)
	at java.nio.DirectByteBuffer.<init>(DirectByteBuffer.java:123)
	at java.nio.ByteBuffer.allocateDirect(ByteBuffer.java:311)
	at org.apache.ratis.server.raftlog.segmented.BufferedWriteChannel.<init>(BufferedWriteChannel.java:41)
	at org.apache.ratis.server.raftlog.segmented.SegmentedRaftLogOutputStream.<init>(SegmentedRaftLogOutputStream.java:72)
	at org.apache.ratis.server.raftlog.segmented.SegmentedRaftLogWorker$StartLogSegment.execute(SegmentedRaftLogWorker.java:566)
	at org.apache.ratis.server.raftlog.segmented.SegmentedRaftLogWorker.run(SegmentedRaftLogWorker.java:289)
	at java.lang.Thread.run(Thread.java:748)
2019-09-25 05:06:49,600 [c8798e02-7f0c-41f7-82c2-a17323bcf21e@group-DCE788CCD7A8:LeaderElection183] INFO  impl.RaftServerImpl (ServerState.java:setRaftConf(354)) - c8798e02-7f0c-41f7-82c2-a17323bcf21e@group-DCE788CCD7A8: set configuration 0: [c8798e02-7f0c-41f7-82c2-a17323bcf21e:192.168.30.10:40603], old=null at 0
2019-09-25 05:06:49,600 [pool-37-thread-1] INFO  segmented.SegmentedRaftLogWorker (SegmentedRaftLogWorker.java:lambda$new$0(132)) - 36ac27b3-2f11-437d-8f1f-165306b0ff4a@group-68AD30E641CF-SegmentedRaftLogWorker: flushIndex: setUnconditionally 0 -> -1
2019-09-25 05:06:49,600 [de37f7a0-0375-40a9-a318-404478482fcb@group-6106A46ED489:LeaderElection211] INFO  server.RaftServerConfigKeys (ConfUtils.java:logGet(43)) - raft.server.write.element-limit = 4096 (default)
2019-09-25 05:06:51,211 [56396258-65a3-478c-9482-0be0199dd49c@group-4682414C107C-SegmentedRaftLogWorker] INFO  impl.RaftServerImpl (RaftServerImpl.java:lambda$shutdown$3(251)) - 56396258-65a3-478c-9482-0be0199dd49c@group-4682414C107C: shutdown
2019-09-25 05:06:51,210 [pool-77-thread-1] INFO  server.RaftServerConfigKeys (ConfUtils.java:logGet(43)) - raft.server.snapshot.auto.trigger.threshold = 10000 (custom)
2019-09-25 05:06:51,206 [56396258-65a3-478c-9482-0be0199dd49c@group-9F86D8309F5D-SegmentedRaftLogWorker] INFO  impl.RaftServerImpl (RaftServerImpl.java:lambda$shutdown$3(251)) - 56396258-65a3-478c-9482-0be0199dd49c@group-9F86D8309F5D: shutdown
2019-09-25 05:06:51,206 [f77bfc29-6991-4b1d-a503-f706c83de4fc@group-AC9D764C8055-SegmentedRaftLogWorker] INFO  util.JmxRegister (JmxRegister.java:unregister(73)) - Successfully un-registered JMX Bean with object name Ratis:service=RaftServer,group=group-AC9D764C8055,id=f77bfc29-6991-4b1d-a503-f706c83de4fc
2019-09-25 05:06:51,205 [c8798e02-7f0c-41f7-82c2-a17323bcf21e@group-CA2EC9FE2309-SegmentedRaftLogWorker] INFO  impl.RaftServerImpl (RaftServerImpl.java:lambda$shutdown$3(251)) - c8798e02-7f0c-41f7-82c2-a17323bcf21e@group-CA2EC9FE2309: shutdown
2019-09-25 05:06:51,205 [c8798e02-7f0c-41f7-82c2-a17323bcf21e@group-8B26529E66E1:LeaderElection212] INFO  server.RaftServerConfigKeys (ConfUtils.java:logGet(43)) - raft.server.watch.element-limit = 65536 (default)
2019-09-25 05:06:51,205 [pool-27-thread-1] INFO  server.RaftServerConfigKeys (ConfUtils.java:logGet(43)) - raft.server.snapshot.auto.trigger.threshold = 10000 (custom)
2019-09-25 05:06:51,212 [pool-27-thread-1] INFO  server.RaftServerConfigKeys (ConfUtils.java:logGet(43)) - raft.server.snapshot.retention.num.files = 5 (custom)
2019-09-25 05:06:51,204 [692224c4-5202-4921-98cc-04d5c60c79cc@group-2600225F0C75:LeaderElection210] INFO  server.RaftServerConfigKeys (ConfUtils.java:logGet(43)) - raft.server.watch.timeout.denomination = 1s (default)
2019-09-25 05:06:51,212 [692224c4-5202-4921-98cc-04d5c60c79cc@group-2600225F0C75:LeaderElection210] INFO  server.RaftServerConfigKeys (ConfUtils.java:logGet(43)) - raft.server.watch.element-limit = 65536 (default)
2019-09-25 05:06:51,204 [692224c4-5202-4921-98cc-04d5c60c79cc@group-676389836A1C:LeaderElection213] INFO  server.RaftServerConfigKeys (ConfUtils.java:logGet(43)) - raft.server.watch.timeout = 10s (default)
2019-09-25 05:06:51,212 [c8798e02-7f0c-41f7-82c2-a17323bcf21e@group-CA2EC9FE2309-SegmentedRaftLogWorker] INFO  util.JmxRegister (JmxRegister.java:unregister(73)) - Successfully un-registered JMX Bean with object name Ratis:service=RaftServer,group=group-CA2EC9FE2309,id=c8798e02-7f0c-41f7-82c2-a17323bcf21e
2019-09-25 05:06:51,212 [f77bfc29-6991-4b1d-a503-f706c83de4fc@group-AC9D764C8055-SegmentedRaftLogWorker] INFO  impl.RoleInfo (RoleInfo.java:shutdownLeaderState(104)) - f77bfc29-6991-4b1d-a503-f706c83de4fc: shutdown LeaderState
2019-09-25 05:06:51,212 [56396258-65a3-478c-9482-0be0199dd49c@group-9F86D8309F5D-SegmentedRaftLogWorker] INFO  util.JmxRegister (JmxRegister.java:unregister(73)) - Successfully un-registered JMX Bean with object name Ratis:service=RaftServer,group=group-9F86D8309F5D,id=56396258-65a3-478c-9482-0be0199dd49c
2019-09-25 05:06:51,213 [56396258-65a3-478c-9482-0be0199dd49c@group-9F86D8309F5D-SegmentedRaftLogWorker] INFO  impl.RoleInfo (RoleInfo.java:shutdownLeaderState(104)) - 56396258-65a3-478c-9482-0be0199dd49c: shutdown LeaderState
2019-09-25 05:06:51,211 [pool-77-thread-1] INFO  server.RaftServerConfigKeys (ConfUtils.java:logGet(43)) - raft.server.snapshot.retention.num.files = 5 (custom)
2019-09-25 05:06:51,211 [56396258-65a3-478c-9482-0be0199dd49c@group-4682414C107C-SegmentedRaftLogWorker] INFO  util.JmxRegister (JmxRegister.java:unregister(73)) - Successfully un-registered JMX Bean with object name Ratis:service=RaftServer,group=group-4682414C107C,id=56396258-65a3-478c-9482-0be0199dd49c
2019-09-25 05:06:51,211 [de37f7a0-0375-40a9-a318-404478482fcb@group-6106A46ED489:LeaderElection211] INFO  server.RaftServerConfigKeys (ConfUtils.java:logGet(43)) - raft.server.watch.timeout = 10s (default)
2019-09-25 05:06:51,214 [56396258-65a3-478c-9482-0be0199dd49c@group-4682414C107C-SegmentedRaftLogWorker] INFO  impl.RoleInfo (RoleInfo.java:shutdownLeaderState(104)) - 56396258-65a3-478c-9482-0be0199dd49c: shutdown LeaderState
2019-09-25 05:06:51,213 [56396258-65a3-478c-9482-0be0199dd49c@group-9F86D8309F5D-SegmentedRaftLogWorker] INFO  impl.PendingRequests (PendingRequests.java:sendNotLeaderResponses(202)) - 56396258-65a3-478c-9482-0be0199dd49c-PendingRequests: sendNotLeaderResponses
2019-09-25 05:06:51,213 [f77bfc29-6991-4b1d-a503-f706c83de4fc@group-AC9D764C8055-SegmentedRaftLogWorker] INFO  impl.PendingRequests (PendingRequests.java:sendNotLeaderResponses(202)) - f77bfc29-6991-4b1d-a503-f706c83de4fc-PendingRequests: sendNotLeaderResponses
2019-09-25 05:06:51,213 [c8798e02-7f0c-41f7-82c2-a17323bcf21e@group-CA2EC9FE2309-SegmentedRaftLogWorker] INFO  impl.RoleInfo (RoleInfo.java:shutdownLeaderState(104)) - c8798e02-7f0c-41f7-82c2-a17323bcf21e: shutdown LeaderState
2019-09-25 05:06:51,213 [692224c4-5202-4921-98cc-04d5c60c79cc@group-676389836A1C:LeaderElection213] INFO  server.RaftServerConfigKeys (ConfUtils.java:logGet(43)) - raft.server.watch.timeout.denomination = 1s (default)
2019-09-25 05:06:51,214 [c8798e02-7f0c-41f7-82c2-a17323bcf21e@group-CA2EC9FE2309-SegmentedRaftLogWorker] INFO  impl.PendingRequests (PendingRequests.java:sendNotLeaderResponses(202)) - c8798e02-7f0c-41f7-82c2-a17323bcf21e-PendingRequests: sendNotLeaderResponses
2019-09-25 05:06:51,214 [f77bfc29-6991-4b1d-a503-f706c83de4fc@group-AC9D764C8055-SegmentedRaftLogWorker] INFO  impl.StateMachineUpdater (StateMachineUpdater.java:stopAndJoin(125)) - f77bfc29-6991-4b1d-a503-f706c83de4fc@group-AC9D764C8055-StateMachineUpdater: set stopIndex = -1
2019-09-25 05:06:51,214 [56396258-65a3-478c-9482-0be0199dd49c@group-9F86D8309F5D-SegmentedRaftLogWorker] INFO  impl.StateMachineUpdater (StateMachineUpdater.java:stopAndJoin(125)) - 56396258-65a3-478c-9482-0be0199dd49c@group-9F86D8309F5D-StateMachineUpdater: set stopIndex = -1
2019-09-25 05:06:51,215 [56396258-65a3-478c-9482-0be0199dd49c@group-9F86D8309F5D-SegmentedRaftLogWorker] INFO  impl.RaftServerImpl (ServerState.java:close(385)) - 56396258-65a3-478c-9482-0be0199dd49c@group-9F86D8309F5D: closes. applyIndex: -1
2019-09-25 05:06:51,214 [56396258-65a3-478c-9482-0be0199dd49c@group-4682414C107C-SegmentedRaftLogWorker] INFO  impl.PendingRequests (PendingRequests.java:sendNotLeaderResponses(202)) - 56396258-65a3-478c-9482-0be0199dd49c-PendingRequests: sendNotLeaderResponses
2019-09-25 05:06:51,214 [de37f7a0-0375-40a9-a318-404478482fcb@group-6106A46ED489:LeaderElection211] INFO  server.RaftServerConfigKeys (ConfUtils.java:logGet(43)) - raft.server.watch.timeout.denomination = 1s (default)
2019-09-25 05:06:51,215 [56396258-65a3-478c-9482-0be0199dd49c@group-4682414C107C-SegmentedRaftLogWorker] INFO  impl.StateMachineUpdater (StateMachineUpdater.java:stopAndJoin(125)) - 56396258-65a3-478c-9482-0be0199dd49c@group-4682414C107C-StateMachineUpdater: set stopIndex = -1
2019-09-25 05:06:51,215 [56396258-65a3-478c-9482-0be0199dd49c@group-4682414C107C-SegmentedRaftLogWorker] INFO  impl.RaftServerImpl (ServerState.java:close(385)) - 56396258-65a3-478c-9482-0be0199dd49c@group-4682414C107C: closes. applyIndex: -1
2019-09-25 05:06:51,215 [56396258-65a3-478c-9482-0be0199dd49c@group-9F86D8309F5D-SegmentedRaftLogWorker] INFO  segmented.SegmentedRaftLogWorker (SegmentedRaftLogWorker.java:close(228)) - 56396258-65a3-478c-9482-0be0199dd49c@group-9F86D8309F5D-SegmentedRaftLogWorker close()
2019-09-25 05:06:51,216 [56396258-65a3-478c-9482-0be0199dd49c@group-4682414C107C-SegmentedRaftLogWorker] INFO  segmented.SegmentedRaftLogWorker (SegmentedRaftLogWorker.java:close(228)) - 56396258-65a3-478c-9482-0be0199dd49c@group-4682414C107C-SegmentedRaftLogWorker close()
2019-09-25 05:06:51,215 [f77bfc29-6991-4b1d-a503-f706c83de4fc@group-AC9D764C8055-SegmentedRaftLogWorker] INFO  impl.RaftServerImpl (ServerState.java:close(385)) - f77bfc29-6991-4b1d-a503-f706c83de4fc@group-AC9D764C8055: closes. applyIndex: -1
2019-09-25 05:06:51,215 [c8798e02-7f0c-41f7-82c2-a17323bcf21e@group-CA2EC9FE2309-SegmentedRaftLogWorker] INFO  impl.StateMachineUpdater (StateMachineUpdater.java:stopAndJoin(125)) - c8798e02-7f0c-41f7-82c2-a17323bcf21e@group-CA2EC9FE2309-StateMachineUpdater: set stopIndex = -1
2019-09-25 05:06:51,217 [c8798e02-7f0c-41f7-82c2-a17323bcf21e@group-CA2EC9FE2309-SegmentedRaftLogWorker] INFO  impl.RaftServerImpl (ServerState.java:close(385)) - c8798e02-7f0c-41f7-82c2-a17323bcf21e@group-CA2EC9FE2309: closes. applyIndex: -1
2019-09-25 05:06:51,214 [692224c4-5202-4921-98cc-04d5c60c79cc@group-676389836A1C:LeaderElection213] INFO  server.RaftServerConfigKeys (ConfUtils.java:logGet(43)) - raft.server.watch.element-limit = 65536 (default)
2019-09-25 05:06:51,217 [c8798e02-7f0c-41f7-82c2-a17323bcf21e@group-CA2EC9FE2309-SegmentedRaftLogWorker] INFO  segmented.SegmentedRaftLogWorker (SegmentedRaftLogWorker.java:close(228)) - c8798e02-7f0c-41f7-82c2-a17323bcf21e@group-CA2EC9FE2309-SegmentedRaftLogWorker close()
2019-09-25 05:06:51,217 [f77bfc29-6991-4b1d-a503-f706c83de4fc@group-AC9D764C8055-SegmentedRaftLogWorker] INFO  segmented.SegmentedRaftLogWorker (SegmentedRaftLogWorker.java:close(228)) - f77bfc29-6991-4b1d-a503-f706c83de4fc@group-AC9D764C8055-SegmentedRaftLogWorker close()
2019-09-25 05:06:51,215 [de37f7a0-0375-40a9-a318-404478482fcb@group-6106A46ED489:LeaderElection211] INFO  server.RaftServerConfigKeys (ConfUtils.java:logGet(43)) - raft.server.watch.element-limit = 65536 (default)
2019-09-25 05:06:51,218 [36ac27b3-2f11-437d-8f1f-165306b0ff4a@group-4464DDF50C68:LeaderElection216] INFO  impl.LeaderElection (LeaderElection.java:askForVotes(182)) - 36ac27b3-2f11-437d-8f1f-165306b0ff4a@group-4464DDF50C68:LeaderElection216: begin an election at term 1 for -1: [36ac27b3-2f11-437d-8f1f-165306b0ff4a:192.168.30.10:45265], old=null
2019-09-25 05:06:51,218 [b4fa7d23-6606-45fd-9544-2b08ca3fa933@group-EA4C7299EB15:LeaderElection215] INFO  impl.LeaderElection (LeaderElection.java:askForVotes(182)) - b4fa7d23-6606-45fd-9544-2b08ca3fa933@group-EA4C7299EB15:LeaderElection215: begin an election at term 1 for -1: [b4fa7d23-6606-45fd-9544-2b08ca3fa933:192.168.30.10:34493], old=null
2019-09-25 05:06:51,220 [36ac27b3-2f11-437d-8f1f-165306b0ff4a@group-4464DDF50C68:LeaderElection216] INFO  impl.RoleInfo (RoleInfo.java:shutdownLeaderElection(134)) - 36ac27b3-2f11-437d-8f1f-165306b0ff4a: shutdown LeaderElection
2019-09-25 05:06:51,221 [b4fa7d23-6606-45fd-9544-2b08ca3fa933@group-EA4C7299EB15:LeaderElection215] INFO  impl.RoleInfo (RoleInfo.java:shutdownLeaderElection(134)) - b4fa7d23-6606-45fd-9544-2b08ca3fa933: shutdown LeaderElection
2019-09-25 05:06:51,221 [36ac27b3-2f11-437d-8f1f-165306b0ff4a@group-4464DDF50C68:LeaderElection216] INFO  impl.RaftServerImpl (RaftServerImpl.java:setRole(174)) - 36ac27b3-2f11-437d-8f1f-165306b0ff4a@group-4464DDF50C68: changes role from CANDIDATE to LEADER at term 1 for changeToLeader
2019-09-25 05:06:51,221 [b4fa7d23-6606-45fd-9544-2b08ca3fa933@group-EA4C7299EB15:LeaderElection215] INFO  impl.RaftServerImpl (RaftServerImpl.java:setRole(174)) - b4fa7d23-6606-45fd-9544-2b08ca3fa933@group-EA4C7299EB15: changes role from CANDIDATE to LEADER at term 1 for changeToLeader
2019-09-25 05:06:51,221 [36ac27b3-2f11-437d-8f1f-165306b0ff4a@group-4464DDF50C68:LeaderElection216] INFO  impl.RaftServerImpl (ServerState.java:setLeader(253)) - 36ac27b3-2f11-437d-8f1f-165306b0ff4a@group-4464DDF50C68: change Leader from null to 36ac27b3-2f11-437d-8f1f-165306b0ff4a at term 1 for becomeLeader, leader elected after 13877ms
2019-09-25 05:06:51,221 [b4fa7d23-6606-45fd-9544-2b08ca3fa933@group-EA4C7299EB15:LeaderElection215] INFO  impl.RaftServerImpl (ServerState.java:setLeader(253)) - b4fa7d23-6606-45fd-9544-2b08ca3fa933@group-EA4C7299EB15: change Leader from null to b4fa7d23-6606-45fd-9544-2b08ca3fa933 at term 1 for becomeLeader, leader elected after 9325ms
2019-09-25 05:06:51,221 [36ac27b3-2f11-437d-8f1f-165306b0ff4a@group-4464DDF50C68:LeaderElection216] INFO  server.RaftServerConfigKeys (ConfUtils.java:logGet(43)) - raft.server.staging.catchup.gap = 1000 (default)
2019-09-25 05:06:51,221 [b4fa7d23-6606-45fd-9544-2b08ca3fa933@group-EA4C7299EB15:LeaderElection215] INFO  server.RaftServerConfigKeys (ConfUtils.java:logGet(43)) - raft.server.staging.catchup.gap = 1000 (default)
2019-09-25 05:06:51,221 [36ac27b3-2f11-437d-8f1f-165306b0ff4a@group-4464DDF50C68:LeaderElection216] INFO  server.RaftServerConfigKeys (ConfUtils.java:logGet(43)) - raft.server.rpc.sleep.time = 25ms (default)
2019-09-25 05:06:51,221 [b4fa7d23-6606-45fd-9544-2b08ca3fa933@group-EA4C7299EB15:LeaderElection215] INFO  server.RaftServerConfigKeys (ConfUtils.java:logGet(43)) - raft.server.rpc.sleep.time = 25ms (default)
2019-09-25 05:06:51,266 [de37f7a0-0375-40a9-a318-404478482fcb@group-8C9EF31E2CD5-SegmentedRaftLogWorker] ERROR segmented.SegmentedRaftLogWorker (SegmentedRaftLogWorker.java:run(323)) - de37f7a0-0375-40a9-a318-404478482fcb@group-8C9EF31E2CD5-SegmentedRaftLogWorker hit exception
java.lang.OutOfMemoryError: Direct buffer memory
	at java.nio.Bits.reserveMemory(Bits.java:666)
	at java.nio.DirectByteBuffer.<init>(DirectByteBuffer.java:123)
	at java.nio.ByteBuffer.allocateDirect(ByteBuffer.java:311)
	at org.apache.ratis.server.raftlog.segmented.BufferedWriteChannel.<init>(BufferedWriteChannel.java:41)
	at org.apache.ratis.server.raftlog.segmented.SegmentedRaftLogOutputStream.<init>(SegmentedRaftLogOutputStream.java:72)
	at org.apache.ratis.server.raftlog.segmented.SegmentedRaftLogWorker$StartLogSegment.execute(SegmentedRaftLogWorker.java:566)
	at org.apache.ratis.server.raftlog.segmented.SegmentedRaftLogWorker.run(SegmentedRaftLogWorker.java:289)
	at java.lang.Thread.run(Thread.java:748)
2019-09-25 05:06:51,266 [56396258-65a3-478c-9482-0be0199dd49c@group-76180D615ACC-SegmentedRaftLogWorker] ERROR segmented.SegmentedRaftLogWorker (SegmentedRaftLogWorker.java:run(323)) - 56396258-65a3-478c-9482-0be0199dd49c@group-76180D615ACC-SegmentedRaftLogWorker hit exception
java.lang.OutOfMemoryError: Direct buffer memory
	at java.nio.Bits.reserveMemory(Bits.java:666)
	at java.nio.DirectByteBuffer.<init>(DirectByteBuffer.java:123)
	at java.nio.ByteBuffer.allocateDirect(ByteBuffer.java:311)
	at org.apache.ratis.server.raftlog.segmented.BufferedWriteChannel.<init>(BufferedWriteChannel.java:41)
	at org.apache.ratis.server.raftlog.segmented.SegmentedRaftLogOutputStream.<init>(SegmentedRaftLogOutputStream.java:72)
	at org.apache.ratis.server.raftlog.segmented.SegmentedRaftLogWorker$StartLogSegment.execute(SegmentedRaftLogWorker.java:566)
	at org.apache.ratis.server.raftlog.segmented.SegmentedRaftLogWorker.run(SegmentedRaftLogWorker.java:289)
	at java.lang.Thread.run(Thread.java:748)
2019-09-25 05:06:51,267 [de37f7a0-0375-40a9-a318-404478482fcb@group-8C9EF31E2CD5-SegmentedRaftLogWorker] INFO  impl.RaftServerImpl (RaftServerImpl.java:lambda$shutdown$3(251)) - de37f7a0-0375-40a9-a318-404478482fcb@group-8C9EF31E2CD5: shutdown
2019-09-25 05:06:51,267 [56396258-65a3-478c-9482-0be0199dd49c@group-76180D615ACC-SegmentedRaftLogWorker] INFO  impl.RaftServerImpl (RaftServerImpl.java:lambda$shutdown$3(251)) - 56396258-65a3-478c-9482-0be0199dd49c@group-76180D615ACC: shutdown
2019-09-25 05:06:51,267 [de37f7a0-0375-40a9-a318-404478482fcb@group-8C9EF31E2CD5-SegmentedRaftLogWorker] INFO  util.JmxRegister (JmxRegister.java:unregister(73)) - Successfully un-registered JMX Bean with object name Ratis:service=RaftServer,group=group-8C9EF31E2CD5,id=de37f7a0-0375-40a9-a318-404478482fcb
2019-09-25 05:06:51,267 [56396258-65a3-478c-9482-0be0199dd49c@group-76180D615ACC-SegmentedRaftLogWorker] INFO  util.JmxRegister (JmxRegister.java:unregister(73)) - Successfully un-registered JMX Bean with object name Ratis:service=RaftServer,group=group-76180D615ACC,id=56396258-65a3-478c-9482-0be0199dd49c
2019-09-25 05:06:51,267 [de37f7a0-0375-40a9-a318-404478482fcb@group-8C9EF31E2CD5-SegmentedRaftLogWorker] INFO  impl.RoleInfo (RoleInfo.java:shutdownLeaderState(104)) - de37f7a0-0375-40a9-a318-404478482fcb: shutdown LeaderState
2019-09-25 05:06:51,267 [56396258-65a3-478c-9482-0be0199dd49c@group-76180D615ACC-SegmentedRaftLogWorker] INFO  impl.RoleInfo (RoleInfo.java:shutdownLeaderState(104)) - 56396258-65a3-478c-9482-0be0199dd49c: shutdown LeaderState
2019-09-25 05:06:51,268 [de37f7a0-0375-40a9-a318-404478482fcb@group-8C9EF31E2CD5-SegmentedRaftLogWorker] INFO  impl.PendingRequests (PendingRequests.java:sendNotLeaderResponses(202)) - de37f7a0-0375-40a9-a318-404478482fcb-PendingRequests: sendNotLeaderResponses
2019-09-25 05:06:51,268 [56396258-65a3-478c-9482-0be0199dd49c@group-76180D615ACC-SegmentedRaftLogWorker] INFO  impl.PendingRequests (PendingRequests.java:sendNotLeaderResponses(202)) - 56396258-65a3-478c-9482-0be0199dd49c-PendingRequests: sendNotLeaderResponses
2019-09-25 05:06:51,268 [de37f7a0-0375-40a9-a318-404478482fcb@group-8C9EF31E2CD5-SegmentedRaftLogWorker] INFO  impl.StateMachineUpdater (StateMachineUpdater.java:stopAndJoin(125)) - de37f7a0-0375-40a9-a318-404478482fcb@group-8C9EF31E2CD5-StateMachineUpdater: set stopIndex = -1
2019-09-25 05:06:51,268 [56396258-65a3-478c-9482-0be0199dd49c@group-76180D615ACC-SegmentedRaftLogWorker] INFO  impl.StateMachineUpdater (StateMachineUpdater.java:stopAndJoin(125)) - 56396258-65a3-478c-9482-0be0199dd49c@group-76180D615ACC-StateMachineUpdater: set stopIndex = -1
2019-09-25 05:06:51,268 [de37f7a0-0375-40a9-a318-404478482fcb@group-8C9EF31E2CD5-SegmentedRaftLogWorker] INFO  impl.RaftServerImpl (ServerState.java:close(385)) - de37f7a0-0375-40a9-a318-404478482fcb@group-8C9EF31E2CD5: closes. applyIndex: -1
2019-09-25 05:06:51,268 [56396258-65a3-478c-9482-0be0199dd49c@group-76180D615ACC-SegmentedRaftLogWorker] INFO  impl.RaftServerImpl (ServerState.java:close(385)) - 56396258-65a3-478c-9482-0be0199dd49c@group-76180D615ACC: closes. applyIndex: -1
2019-09-25 05:06:51,268 [de37f7a0-0375-40a9-a318-404478482fcb@group-8C9EF31E2CD5-SegmentedRaftLogWorker] INFO  segmented.SegmentedRaftLogWorker (SegmentedRaftLogWorker.java:close(228)) - de37f7a0-0375-40a9-a318-404478482fcb@group-8C9EF31E2CD5-SegmentedRaftLogWorker close()
2019-09-25 05:06:51,268 [56396258-65a3-478c-9482-0be0199dd49c@group-76180D615ACC-SegmentedRaftLogWorker] INFO  segmented.SegmentedRaftLogWorker (SegmentedRaftLogWorker.java:close(228)) - 56396258-65a3-478c-9482-0be0199dd49c@group-76180D615ACC-SegmentedRaftLogWorker close()
2019-09-25 05:06:51,270 [b4fa7d23-6606-45fd-9544-2b08ca3fa933@group-EA4C7299EB15:LeaderElection215] INFO  server.RaftServerConfigKeys (ConfUtils.java:logGet(43)) - raft.server.write.element-limit = 4096 (default)
2019-09-25 05:06:51,270 [36ac27b3-2f11-437d-8f1f-165306b0ff4a@group-4464DDF50C68:LeaderElection216] INFO  server.RaftServerConfigKeys (ConfUtils.java:logGet(43)) - raft.server.write.element-limit = 4096 (default)
2019-09-25 05:06:51,271 [pool-77-thread-1] INFO  server.RaftServerConfigKeys (ConfUtils.java:logGet(43)) - raft.server.retrycache.expirytime = 600000ms (custom)
2019-09-25 05:06:51,271 [b4fa7d23-6606-45fd-9544-2b08ca3fa933@group-EA4C7299EB15:LeaderElection215] INFO  server.RaftServerConfigKeys (ConfUtils.java:logGet(43)) - raft.server.watch.timeout = 10s (default)
2019-09-25 05:06:51,277 [RatisPipelineUtilsThread] ERROR pipeline.SCMPipelineManager (SCMPipelineManager.java:createPipeline(167)) - Pipeline creation failed due to exception: 3 exceptions [java.io.IOException: Failed invoke Ratis rpc org.apache.hadoop.hdds.scm.pipeline.RatisPipelineProvider$$Lambda$186/166636373@2f85ee74 for 36ac27b3-2f11-437d-8f1f-165306b0ff4a, java.io.IOException: Failed invoke Ratis rpc org.apache.hadoop.hdds.scm.pipeline.RatisPipelineProvider$$Lambda$186/166636373@2f85ee74 for f77bfc29-6991-4b1d-a503-f706c83de4fc, java.io.IOException: Failed invoke Ratis rpc org.apache.hadoop.hdds.scm.pipeline.RatisPipelineProvider$$Lambda$186/166636373@2f85ee74 for b4fa7d23-6606-45fd-9544-2b08ca3fa933]
2019-09-25 05:06:51,271 [pool-37-thread-1] INFO  server.RaftServerConfigKeys (ConfUtils.java:logGet(43)) - raft.server.snapshot.auto.trigger.enabled = true (custom)
2019-09-25 05:06:51,278 [pool-37-thread-1] INFO  server.RaftServerConfigKeys (ConfUtils.java:logGet(43)) - raft.server.snapshot.auto.trigger.threshold = 10000 (custom)
2019-09-25 05:06:51,271 [36ac27b3-2f11-437d-8f1f-165306b0ff4a@group-4464DDF50C68:LeaderElection216] INFO  server.RaftServerConfigKeys (ConfUtils.java:logGet(43)) - raft.server.watch.timeout = 10s (default)
2019-09-25 05:06:51,271 [pool-27-thread-1] INFO  server.RaftServerConfigKeys (ConfUtils.java:logGet(43)) - raft.server.retrycache.expirytime = 600000ms (custom)
2019-09-25 05:06:51,282 [36ac27b3-2f11-437d-8f1f-165306b0ff4a@group-4464DDF50C68:LeaderElection216] INFO  server.RaftServerConfigKeys (ConfUtils.java:logGet(43)) - raft.server.watch.timeout.denomination = 1s (default)
2019-09-25 05:06:51,278 [pool-37-thread-1] INFO  server.RaftServerConfigKeys (ConfUtils.java:logGet(43)) - raft.server.snapshot.retention.num.files = 5 (custom)
2019-09-25 05:06:51,278 [b4fa7d23-6606-45fd-9544-2b08ca3fa933@group-EA4C7299EB15:LeaderElection215] INFO  server.RaftServerConfigKeys (ConfUtils.java:logGet(43)) - raft.server.watch.timeout.denomination = 1s (default)
2019-09-25 05:06:51,282 [IPC Server handler 2 on 46459] INFO  ipc.Server (Server.java:logException(2726)) - IPC Server handler 2 on 46459, call Call#27 Retry#0 org.apache.hadoop.hdds.scm.protocol.StorageContainerLocationProtocol.allocateContainer from 192.168.30.10:42328
java.io.IOException: Could not allocate container. Cannot get any matching pipeline for Type:RATIS, Factor:THREE, State:PipelineState.OPEN
	at org.apache.hadoop.hdds.scm.container.ContainerStateManager.allocateContainer(ContainerStateManager.java:260)
	at org.apache.hadoop.hdds.scm.container.SCMContainerManager.allocateContainer(SCMContainerManager.java:247)
	at org.apache.hadoop.hdds.scm.server.SCMClientProtocolServer.allocateContainer(SCMClientProtocolServer.java:186)
	at org.apache.hadoop.ozone.protocolPB.StorageContainerLocationProtocolServerSideTranslatorPB.allocateContainer(StorageContainerLocationProtocolServerSideTranslatorPB.java:123)
	at org.apache.hadoop.hdds.protocol.proto.StorageContainerLocationProtocolProtos$StorageContainerLocationProtocolService$2.callBlockingMethod(StorageContainerLocationProtocolProtos.java:21239)
	at org.apache.hadoop.ipc.ProtobufRpcEngine$Server$ProtoBufRpcInvoker.call(ProtobufRpcEngine.java:524)
	at org.apache.hadoop.ipc.RPC$Server.call(RPC.java:1025)
	at org.apache.hadoop.ipc.Server$RpcCall.run(Server.java:876)
	at org.apache.hadoop.ipc.Server$RpcCall.run(Server.java:822)
	at java.security.AccessController.doPrivileged(Native Method)
	at javax.security.auth.Subject.doAs(Subject.java:422)
	at org.apache.hadoop.security.UserGroupInformation.doAs(UserGroupInformation.java:1730)
	at org.apache.hadoop.ipc.Server$Handler.run(Server.java:2682)
2019-09-25 05:06:51,282 [pool-37-thread-1] INFO  server.RaftServerConfigKeys (ConfUtils.java:logGet(43)) - raft.server.retrycache.expirytime = 600000ms (custom)
2019-09-25 05:06:51,282 [36ac27b3-2f11-437d-8f1f-165306b0ff4a@group-4464DDF50C68:LeaderElection216] INFO  server.RaftServerConfigKeys (ConfUtils.java:logGet(43)) - raft.server.watch.element-limit = 65536 (default)
2019-09-25 05:06:51,283 [ReplicationMonitor] INFO  container.ReplicationManager (ReplicationManager.java:run(226)) - Replication Monitor Thread took 42275 milliseconds for processing 0 containers.
2019-09-25 05:06:51,282 [b4fa7d23-6606-45fd-9544-2b08ca3fa933@group-EA4C7299EB15:LeaderElection215] INFO  server.RaftServerConfigKeys (ConfUtils.java:logGet(43)) - raft.server.watch.element-limit = 65536 (default)
]]></system-out>
    <system-err><![CDATA[ERROR StatusLogger No Log4j 2 configuration file found. Using default configuration (logging only errors to the console), or user programmatically provided configurations. Set system property 'log4j2.debug' to show Log4j 2 internal initialization logging. See https://logging.apache.org/log4j/2.x/manual/configuration.html for instructions on how to configure Log4j 2
]]></system-err>
  </testcase>
</testsuite>