<?xml version="1.0" encoding="UTF-8"?>
<testsuite xmlns:xsi="http://www.w3.org/2001/XMLSchema-instance" xsi:noNamespaceSchemaLocation="https://maven.apache.org/surefire/maven-surefire-plugin/xsd/surefire-test-report.xsd" name="org.apache.hadoop.ozone.freon.TestFreonWithPipelineDestroy" time="30.357" tests="1" errors="1" skipped="0" failures="0">
  <properties>
    <property name="awt.toolkit" value="sun.awt.X11.XToolkit"/>
    <property name="file.encoding.pkg" value="sun.io"/>
    <property name="java.specification.version" value="1.8"/>
    <property name="sun.cpu.isalist" value=""/>
    <property name="sun.jnu.encoding" value="UTF-8"/>
    <property name="java.class.path" value="/tmp/workdir/hadoop-ozone/tools/target/test-classes:/tmp/workdir/hadoop-ozone/tools/target/classes:/tmp/workdir/hadoop-ozone/ozone-manager/target/classes:/tmp/workdir/hadoop-hdds/docs/target/classes:/home/user/.m2/repository/org/bouncycastle/bcprov-jdk15on/1.60/bcprov-jdk15on-1.60.jar:/tmp/workdir/hadoop-ozone/common/target/classes:/home/user/.m2/repository/org/apache/commons/commons-compress/1.4.1/commons-compress-1.4.1.jar:/home/user/.m2/repository/org/tukaani/xz/1.0/xz-1.0.jar:/home/user/.m2/repository/org/apache/hadoop/hadoop-hdfs-client/3.2.0/hadoop-hdfs-client-3.2.0.jar:/home/user/.m2/repository/com/fasterxml/jackson/core/jackson-annotations/2.9.5/jackson-annotations-2.9.5.jar:/tmp/workdir/hadoop-hdds/common/target/classes:/tmp/workdir/hadoop-hdds/config/target/classes:/home/user/.m2/repository/javax/annotation/javax.annotation-api/1.2/javax.annotation-api-1.2.jar:/home/user/.m2/repository/org/apache/ratis/ratis-server/0.4.0-2337318-SNAPSHOT/ratis-server-0.4.0-2337318-SNAPSHOT.jar:/home/user/.m2/repository/org/apache/ratis/ratis-thirdparty-misc/0.2.0/ratis-thirdparty-misc-0.2.0.jar:/home/user/.m2/repository/org/apache/ratis/ratis-proto/0.4.0-2337318-SNAPSHOT/ratis-proto-0.4.0-2337318-SNAPSHOT.jar:/home/user/.m2/repository/org/apache/ratis/ratis-common/0.4.0-2337318-SNAPSHOT/ratis-common-0.4.0-2337318-SNAPSHOT.jar:/home/user/.m2/repository/org/apache/ratis/ratis-client/0.4.0-2337318-SNAPSHOT/ratis-client-0.4.0-2337318-SNAPSHOT.jar:/home/user/.m2/repository/org/apache/ratis/ratis-metrics/0.4.0-2337318-SNAPSHOT/ratis-metrics-0.4.0-2337318-SNAPSHOT.jar:/home/user/.m2/repository/org/apache/ratis/ratis-netty/0.4.0-2337318-SNAPSHOT/ratis-netty-0.4.0-2337318-SNAPSHOT.jar:/home/user/.m2/repository/org/apache/ratis/ratis-grpc/0.4.0-2337318-SNAPSHOT/ratis-grpc-0.4.0-2337318-SNAPSHOT.jar:/home/user/.m2/repository/org/rocksdb/rocksdbjni/6.0.1/rocksdbjni-6.0.1.jar:/home/user/.m2/repository/org/apache/logging/log4j/log4j-api/2.11.0/log4j-api-2.11.0.jar:/home/user/.m2/repository/org/apache/logging/log4j/log4j-core/2.11.0/log4j-core-2.11.0.jar:/home/user/.m2/repository/com/lmax/disruptor/3.4.2/disruptor-3.4.2.jar:/home/user/.m2/repository/org/apache/commons/commons-pool2/2.6.0/commons-pool2-2.6.0.jar:/home/user/.m2/repository/org/bouncycastle/bcpkix-jdk15on/1.60/bcpkix-jdk15on-1.60.jar:/home/user/.m2/repository/commons-validator/commons-validator/1.6/commons-validator-1.6.jar:/home/user/.m2/repository/commons-digester/commons-digester/1.8.1/commons-digester-1.8.1.jar:/home/user/.m2/repository/io/jaegertracing/jaeger-client/0.33.1/jaeger-client-0.33.1.jar:/home/user/.m2/repository/io/jaegertracing/jaeger-thrift/0.33.1/jaeger-thrift-0.33.1.jar:/home/user/.m2/repository/org/apache/thrift/libthrift/0.11.0/libthrift-0.11.0.jar:/home/user/.m2/repository/com/squareup/okhttp3/okhttp/3.9.0/okhttp-3.9.0.jar:/home/user/.m2/repository/com/squareup/okio/okio/1.13.0/okio-1.13.0.jar:/home/user/.m2/repository/io/jaegertracing/jaeger-core/0.33.1/jaeger-core-0.33.1.jar:/home/user/.m2/repository/io/jaegertracing/jaeger-tracerresolver/0.33.1/jaeger-tracerresolver-0.33.1.jar:/home/user/.m2/repository/io/opentracing/contrib/opentracing-tracerresolver/0.1.5/opentracing-tracerresolver-0.1.5.jar:/home/user/.m2/repository/io/opentracing/opentracing-util/0.31.0/opentracing-util-0.31.0.jar:/home/user/.m2/repository/io/opentracing/opentracing-api/0.31.0/opentracing-api-0.31.0.jar:/home/user/.m2/repository/io/opentracing/opentracing-noop/0.31.0/opentracing-noop-0.31.0.jar:/home/user/.m2/repository/org/yaml/snakeyaml/1.16/snakeyaml-1.16.jar:/tmp/workdir/hadoop-hdds/container-service/target/classes:/tmp/workdir/hadoop-hdds/client/target/classes:/tmp/workdir/hadoop-hdds/tools/target/classes:/home/user/.m2/repository/org/xerial/sqlite-jdbc/3.25.2/sqlite-jdbc-3.25.2.jar:/tmp/workdir/hadoop-hdds/server-scm/target/classes:/home/user/.m2/repository/org/hamcrest/hamcrest-all/1.3/hamcrest-all-1.3.jar:/home/user/.m2/repository/info/picocli/picocli/3.9.6/picocli-3.9.6.jar:/home/user/.m2/repository/com/google/protobuf/protobuf-java/2.5.0/protobuf-java-2.5.0.jar:/home/user/.m2/repository/com/google/guava/guava/11.0.2/guava-11.0.2.jar:/tmp/workdir/hadoop-ozone/client/target/classes:/home/user/.m2/repository/org/apache/hadoop/hadoop-ozone-filesystem/0.5.0-SNAPSHOT/hadoop-ozone-filesystem-0.5.0-SNAPSHOT.jar:/tmp/workdir/hadoop-hdds/framework/target/classes:/home/user/.m2/repository/org/apache/hadoop/hadoop-common/3.2.0/hadoop-common-3.2.0.jar:/home/user/.m2/repository/org/apache/hadoop/hadoop-annotations/3.2.0/hadoop-annotations-3.2.0.jar:/usr/lib/jvm/java-1.8-openjdk/jre/../lib/tools.jar:/home/user/.m2/repository/commons-cli/commons-cli/1.2/commons-cli-1.2.jar:/home/user/.m2/repository/org/apache/commons/commons-math3/3.1.1/commons-math3-3.1.1.jar:/home/user/.m2/repository/org/apache/httpcomponents/httpclient/4.5.2/httpclient-4.5.2.jar:/home/user/.m2/repository/org/apache/httpcomponents/httpcore/4.4.4/httpcore-4.4.4.jar:/home/user/.m2/repository/commons-codec/commons-codec/1.11/commons-codec-1.11.jar:/home/user/.m2/repository/commons-io/commons-io/2.5/commons-io-2.5.jar:/home/user/.m2/repository/commons-net/commons-net/3.6/commons-net-3.6.jar:/home/user/.m2/repository/commons-collections/commons-collections/3.2.2/commons-collections-3.2.2.jar:/home/user/.m2/repository/javax/servlet/javax.servlet-api/3.1.0/javax.servlet-api-3.1.0.jar:/home/user/.m2/repository/org/eclipse/jetty/jetty-server/9.3.24.v20180605/jetty-server-9.3.24.v20180605.jar:/home/user/.m2/repository/org/eclipse/jetty/jetty-http/9.3.24.v20180605/jetty-http-9.3.24.v20180605.jar:/home/user/.m2/repository/org/eclipse/jetty/jetty-io/9.3.24.v20180605/jetty-io-9.3.24.v20180605.jar:/home/user/.m2/repository/org/eclipse/jetty/jetty-util/9.3.24.v20180605/jetty-util-9.3.24.v20180605.jar:/home/user/.m2/repository/org/eclipse/jetty/jetty-servlet/9.3.24.v20180605/jetty-servlet-9.3.24.v20180605.jar:/home/user/.m2/repository/org/eclipse/jetty/jetty-security/9.3.24.v20180605/jetty-security-9.3.24.v20180605.jar:/home/user/.m2/repository/org/eclipse/jetty/jetty-webapp/9.3.24.v20180605/jetty-webapp-9.3.24.v20180605.jar:/home/user/.m2/repository/org/eclipse/jetty/jetty-xml/9.3.24.v20180605/jetty-xml-9.3.24.v20180605.jar:/home/user/.m2/repository/javax/servlet/jsp/jsp-api/2.1/jsp-api-2.1.jar:/home/user/.m2/repository/com/sun/jersey/jersey-core/1.19/jersey-core-1.19.jar:/home/user/.m2/repository/javax/ws/rs/jsr311-api/1.1.1/jsr311-api-1.1.1.jar:/home/user/.m2/repository/com/sun/jersey/jersey-servlet/1.19/jersey-servlet-1.19.jar:/home/user/.m2/repository/com/sun/jersey/jersey-json/1.19/jersey-json-1.19.jar:/home/user/.m2/repository/org/codehaus/jettison/jettison/1.1/jettison-1.1.jar:/home/user/.m2/repository/com/sun/xml/bind/jaxb-impl/2.3.0.1/jaxb-impl-2.3.0.1.jar:/home/user/.m2/repository/org/codehaus/jackson/jackson-core-asl/1.9.13/jackson-core-asl-1.9.13.jar:/home/user/.m2/repository/org/codehaus/jackson/jackson-mapper-asl/1.9.13/jackson-mapper-asl-1.9.13.jar:/home/user/.m2/repository/org/codehaus/jackson/jackson-jaxrs/1.9.13/jackson-jaxrs-1.9.13.jar:/home/user/.m2/repository/org/codehaus/jackson/jackson-xc/1.9.13/jackson-xc-1.9.13.jar:/home/user/.m2/repository/com/sun/jersey/jersey-server/1.19/jersey-server-1.19.jar:/home/user/.m2/repository/commons-logging/commons-logging/1.1.3/commons-logging-1.1.3.jar:/home/user/.m2/repository/log4j/log4j/1.2.17/log4j-1.2.17.jar:/home/user/.m2/repository/commons-beanutils/commons-beanutils/1.9.3/commons-beanutils-1.9.3.jar:/home/user/.m2/repository/org/apache/commons/commons-configuration2/2.1.1/commons-configuration2-2.1.1.jar:/home/user/.m2/repository/org/apache/commons/commons-lang3/3.7/commons-lang3-3.7.jar:/home/user/.m2/repository/org/apache/commons/commons-text/1.4/commons-text-1.4.jar:/home/user/.m2/repository/org/slf4j/slf4j-api/1.7.25/slf4j-api-1.7.25.jar:/home/user/.m2/repository/org/slf4j/slf4j-log4j12/1.7.25/slf4j-log4j12-1.7.25.jar:/home/user/.m2/repository/org/apache/avro/avro/1.7.7/avro-1.7.7.jar:/home/user/.m2/repository/com/thoughtworks/paranamer/paranamer/2.3/paranamer-2.3.jar:/home/user/.m2/repository/org/xerial/snappy/snappy-java/1.0.5/snappy-java-1.0.5.jar:/home/user/.m2/repository/com/google/re2j/re2j/1.1/re2j-1.1.jar:/home/user/.m2/repository/com/google/code/gson/gson/2.2.4/gson-2.2.4.jar:/home/user/.m2/repository/org/apache/hadoop/hadoop-auth/3.2.0/hadoop-auth-3.2.0.jar:/home/user/.m2/repository/com/nimbusds/nimbus-jose-jwt/4.41.1/nimbus-jose-jwt-4.41.1.jar:/home/user/.m2/repository/com/github/stephenc/jcip/jcip-annotations/1.0-1/jcip-annotations-1.0-1.jar:/home/user/.m2/repository/net/minidev/json-smart/2.3/json-smart-2.3.jar:/home/user/.m2/repository/net/minidev/accessors-smart/1.2/accessors-smart-1.2.jar:/home/user/.m2/repository/org/apache/curator/curator-framework/2.12.0/curator-framework-2.12.0.jar:/home/user/.m2/repository/com/jcraft/jsch/0.1.54/jsch-0.1.54.jar:/home/user/.m2/repository/org/apache/curator/curator-client/2.12.0/curator-client-2.12.0.jar:/home/user/.m2/repository/org/apache/curator/curator-recipes/2.12.0/curator-recipes-2.12.0.jar:/home/user/.m2/repository/com/google/code/findbugs/jsr305/3.0.0/jsr305-3.0.0.jar:/home/user/.m2/repository/org/apache/htrace/htrace-core4/4.1.0-incubating/htrace-core4-4.1.0-incubating.jar:/home/user/.m2/repository/org/apache/zookeeper/zookeeper/3.4.13/zookeeper-3.4.13.jar:/home/user/.m2/repository/org/apache/yetus/audience-annotations/0.5.0/audience-annotations-0.5.0.jar:/home/user/.m2/repository/org/apache/kerby/kerb-simplekdc/1.0.1/kerb-simplekdc-1.0.1.jar:/home/user/.m2/repository/org/apache/kerby/kerb-client/1.0.1/kerb-client-1.0.1.jar:/home/user/.m2/repository/org/apache/kerby/kerby-config/1.0.1/kerby-config-1.0.1.jar:/home/user/.m2/repository/org/apache/kerby/kerb-core/1.0.1/kerb-core-1.0.1.jar:/home/user/.m2/repository/org/apache/kerby/kerby-pkix/1.0.1/kerby-pkix-1.0.1.jar:/home/user/.m2/repository/org/apache/kerby/kerby-asn1/1.0.1/kerby-asn1-1.0.1.jar:/home/user/.m2/repository/org/apache/kerby/kerby-util/1.0.1/kerby-util-1.0.1.jar:/home/user/.m2/repository/org/apache/kerby/kerb-common/1.0.1/kerb-common-1.0.1.jar:/home/user/.m2/repository/org/apache/kerby/kerb-crypto/1.0.1/kerb-crypto-1.0.1.jar:/home/user/.m2/repository/org/apache/kerby/kerb-util/1.0.1/kerb-util-1.0.1.jar:/home/user/.m2/repository/org/apache/kerby/token-provider/1.0.1/token-provider-1.0.1.jar:/home/user/.m2/repository/org/apache/kerby/kerb-admin/1.0.1/kerb-admin-1.0.1.jar:/home/user/.m2/repository/org/apache/kerby/kerb-server/1.0.1/kerb-server-1.0.1.jar:/home/user/.m2/repository/org/apache/kerby/kerb-identity/1.0.1/kerb-identity-1.0.1.jar:/home/user/.m2/repository/org/apache/kerby/kerby-xdr/1.0.1/kerby-xdr-1.0.1.jar:/home/user/.m2/repository/com/fasterxml/jackson/core/jackson-databind/2.9.5/jackson-databind-2.9.5.jar:/home/user/.m2/repository/com/fasterxml/jackson/core/jackson-core/2.9.5/jackson-core-2.9.5.jar:/home/user/.m2/repository/org/codehaus/woodstox/stax2-api/3.1.4/stax2-api-3.1.4.jar:/home/user/.m2/repository/com/fasterxml/woodstox/woodstox-core/5.0.3/woodstox-core-5.0.3.jar:/home/user/.m2/repository/dnsjava/dnsjava/2.1.7/dnsjava-2.1.7.jar:/home/user/.m2/repository/org/apache/hadoop/hadoop-hdfs/3.2.0/hadoop-hdfs-3.2.0.jar:/home/user/.m2/repository/org/eclipse/jetty/jetty-util-ajax/9.3.24.v20180605/jetty-util-ajax-9.3.24.v20180605.jar:/home/user/.m2/repository/commons-daemon/commons-daemon/1.0.13/commons-daemon-1.0.13.jar:/home/user/.m2/repository/io/netty/netty/3.10.5.Final/netty-3.10.5.Final.jar:/home/user/.m2/repository/io/netty/netty-all/4.0.52.Final/netty-all-4.0.52.Final.jar:/home/user/.m2/repository/org/fusesource/leveldbjni/leveldbjni-all/1.8/leveldbjni-all-1.8.jar:/home/user/.m2/repository/com/sun/xml/bind/jaxb-core/2.3.0.1/jaxb-core-2.3.0.1.jar:/home/user/.m2/repository/javax/xml/bind/jaxb-api/2.3.0/jaxb-api-2.3.0.jar:/home/user/.m2/repository/javax/activation/activation/1.1.1/activation-1.1.1.jar:/home/user/.m2/repository/io/dropwizard/metrics/metrics-core/3.2.4/metrics-core-3.2.4.jar:/home/user/.m2/repository/org/openjdk/jmh/jmh-core/1.19/jmh-core-1.19.jar:/home/user/.m2/repository/net/sf/jopt-simple/jopt-simple/4.6/jopt-simple-4.6.jar:/home/user/.m2/repository/org/openjdk/jmh/jmh-generator-annprocess/1.19/jmh-generator-annprocess-1.19.jar:/home/user/.m2/repository/com/google/code/findbugs/findbugs/3.0.1/findbugs-3.0.1.jar:/home/user/.m2/repository/net/jcip/jcip-annotations/1.0/jcip-annotations-1.0.jar:/home/user/.m2/repository/com/google/code/findbugs/bcel-findbugs/6.0/bcel-findbugs-6.0.jar:/home/user/.m2/repository/com/google/code/findbugs/jFormatString/2.0.1/jFormatString-2.0.1.jar:/home/user/.m2/repository/dom4j/dom4j/1.6.1/dom4j-1.6.1.jar:/home/user/.m2/repository/xml-apis/xml-apis/1.0.b2/xml-apis-1.0.b2.jar:/home/user/.m2/repository/org/ow2/asm/asm-debug-all/5.0.2/asm-debug-all-5.0.2.jar:/home/user/.m2/repository/org/ow2/asm/asm-commons/5.0.2/asm-commons-5.0.2.jar:/home/user/.m2/repository/org/ow2/asm/asm-tree/5.0.2/asm-tree-5.0.2.jar:/home/user/.m2/repository/org/ow2/asm/asm/5.0.4/asm-5.0.4.jar:/home/user/.m2/repository/commons-lang/commons-lang/2.6/commons-lang-2.6.jar:/home/user/.m2/repository/com/apple/AppleJavaExtensions/1.4/AppleJavaExtensions-1.4.jar:/home/user/.m2/repository/jaxen/jaxen/1.1.6/jaxen-1.1.6.jar:/home/user/.m2/repository/junit/junit/4.11/junit-4.11.jar:/home/user/.m2/repository/org/hamcrest/hamcrest-core/1.3/hamcrest-core-1.3.jar:/home/user/.m2/repository/org/apache/hadoop/hadoop-common/3.2.0/hadoop-common-3.2.0-tests.jar:/home/user/.m2/repository/org/apache/hadoop/hadoop-ozone-integration-test/0.5.0-SNAPSHOT/hadoop-ozone-integration-test-0.5.0-SNAPSHOT-tests.jar:/tmp/workdir/hadoop-ozone/objectstore-service/target/classes:/tmp/workdir/hadoop-ozone/s3gateway/target/classes:/home/user/.m2/repository/org/jboss/weld/servlet/weld-servlet/2.4.7.Final/weld-servlet-2.4.7.Final.jar:/home/user/.m2/repository/org/glassfish/jersey/containers/jersey-container-servlet-core/2.27/jersey-container-servlet-core-2.27.jar:/home/user/.m2/repository/org/glassfish/hk2/external/javax.inject/2.5.0-b42/javax.inject-2.5.0-b42.jar:/home/user/.m2/repository/org/glassfish/jersey/core/jersey-common/2.27/jersey-common-2.27.jar:/home/user/.m2/repository/org/glassfish/hk2/osgi-resource-locator/1.0.1/osgi-resource-locator-1.0.1.jar:/home/user/.m2/repository/javax/ws/rs/javax.ws.rs-api/2.1/javax.ws.rs-api-2.1.jar:/home/user/.m2/repository/org/glassfish/jersey/ext/cdi/jersey-cdi1x/2.27/jersey-cdi1x-2.27.jar:/home/user/.m2/repository/org/glassfish/jersey/inject/jersey-hk2/2.27/jersey-hk2-2.27.jar:/home/user/.m2/repository/org/glassfish/hk2/hk2-locator/2.5.0-b42/hk2-locator-2.5.0-b42.jar:/home/user/.m2/repository/org/javassist/javassist/3.22.0-CR2/javassist-3.22.0-CR2.jar:/home/user/.m2/repository/org/glassfish/hk2/hk2-api/2.5.0/hk2-api-2.5.0.jar:/home/user/.m2/repository/org/glassfish/hk2/external/jakarta.inject/2.5.0/jakarta.inject-2.5.0.jar:/home/user/.m2/repository/org/glassfish/hk2/hk2-utils/2.5.0/hk2-utils-2.5.0.jar:/home/user/.m2/repository/jakarta/annotation/jakarta.annotation-api/1.3.4/jakarta.annotation-api-1.3.4.jar:/home/user/.m2/repository/org/glassfish/hk2/external/aopalliance-repackaged/2.5.0/aopalliance-repackaged-2.5.0.jar:/home/user/.m2/repository/com/fasterxml/jackson/dataformat/jackson-dataformat-xml/2.9.0/jackson-dataformat-xml-2.9.0.jar:/home/user/.m2/repository/com/fasterxml/jackson/module/jackson-module-jaxb-annotations/2.9.5/jackson-module-jaxb-annotations-2.9.5.jar:/home/user/.m2/repository/javax/enterprise/cdi-api/1.2/cdi-api-1.2.jar:/home/user/.m2/repository/javax/el/javax.el-api/3.0.0/javax.el-api-3.0.0.jar:/home/user/.m2/repository/javax/interceptor/javax.interceptor-api/1.2/javax.interceptor-api-1.2.jar:/home/user/.m2/repository/javax/inject/javax.inject/1/javax.inject-1.jar:/tmp/workdir/hadoop-ozone/csi/target/classes:/home/user/.m2/repository/com/google/protobuf/protobuf-java-util/3.5.1/protobuf-java-util-3.5.1.jar:/home/user/.m2/repository/io/grpc/grpc-netty/1.17.1/grpc-netty-1.17.1.jar:/home/user/.m2/repository/io/grpc/grpc-core/1.17.1/grpc-core-1.17.1.jar:/home/user/.m2/repository/io/grpc/grpc-context/1.17.1/grpc-context-1.17.1.jar:/home/user/.m2/repository/com/google/errorprone/error_prone_annotations/2.2.0/error_prone_annotations-2.2.0.jar:/home/user/.m2/repository/org/codehaus/mojo/animal-sniffer-annotations/1.17/animal-sniffer-annotations-1.17.jar:/home/user/.m2/repository/io/opencensus/opencensus-api/0.17.0/opencensus-api-0.17.0.jar:/home/user/.m2/repository/io/opencensus/opencensus-contrib-grpc-metrics/0.17.0/opencensus-contrib-grpc-metrics-0.17.0.jar:/home/user/.m2/repository/io/netty/netty-codec-http2/4.1.30.Final/netty-codec-http2-4.1.30.Final.jar:/home/user/.m2/repository/io/netty/netty-codec-http/4.1.30.Final/netty-codec-http-4.1.30.Final.jar:/home/user/.m2/repository/io/netty/netty-codec/4.1.30.Final/netty-codec-4.1.30.Final.jar:/home/user/.m2/repository/io/netty/netty-handler/4.1.30.Final/netty-handler-4.1.30.Final.jar:/home/user/.m2/repository/io/netty/netty-handler-proxy/4.1.30.Final/netty-handler-proxy-4.1.30.Final.jar:/home/user/.m2/repository/io/netty/netty-codec-socks/4.1.30.Final/netty-codec-socks-4.1.30.Final.jar:/home/user/.m2/repository/io/netty/netty-transport-native-epoll/4.1.30.Final/netty-transport-native-epoll-4.1.30.Final.jar:/home/user/.m2/repository/io/netty/netty-common/4.1.30.Final/netty-common-4.1.30.Final.jar:/home/user/.m2/repository/io/netty/netty-buffer/4.1.30.Final/netty-buffer-4.1.30.Final.jar:/home/user/.m2/repository/io/netty/netty-transport/4.1.30.Final/netty-transport-4.1.30.Final.jar:/home/user/.m2/repository/io/netty/netty-resolver/4.1.30.Final/netty-resolver-4.1.30.Final.jar:/home/user/.m2/repository/io/netty/netty-transport-native-unix-common/4.1.30.Final/netty-transport-native-unix-common-4.1.30.Final.jar:/home/user/.m2/repository/io/grpc/grpc-protobuf/1.17.1/grpc-protobuf-1.17.1.jar:/home/user/.m2/repository/com/google/api/grpc/proto-google-common-protos/1.0.0/proto-google-common-protos-1.0.0.jar:/home/user/.m2/repository/io/grpc/grpc-protobuf-lite/1.17.1/grpc-protobuf-lite-1.17.1.jar:/home/user/.m2/repository/io/grpc/grpc-stub/1.17.1/grpc-stub-1.17.1.jar:/tmp/workdir/hadoop-ozone/ozone-recon/target/classes:/tmp/workdir/hadoop-ozone/ozone-recon-codegen/target/classes:/home/user/.m2/repository/com/google/inject/extensions/guice-multibindings/4.0/guice-multibindings-4.0.jar:/home/user/.m2/repository/com/google/inject/guice/4.0/guice-4.0.jar:/home/user/.m2/repository/aopalliance/aopalliance/1.0/aopalliance-1.0.jar:/home/user/.m2/repository/com/google/inject/extensions/guice-servlet/4.0/guice-servlet-4.0.jar:/home/user/.m2/repository/org/glassfish/jersey/containers/jersey-container-servlet/2.27/jersey-container-servlet-2.27.jar:/home/user/.m2/repository/org/glassfish/hk2/guice-bridge/2.5.0/guice-bridge-2.5.0.jar:/home/user/.m2/repository/org/glassfish/jersey/core/jersey-server/2.27/jersey-server-2.27.jar:/home/user/.m2/repository/org/glassfish/jersey/core/jersey-client/2.27/jersey-client-2.27.jar:/home/user/.m2/repository/org/glassfish/jersey/media/jersey-media-jaxb/2.27/jersey-media-jaxb-2.27.jar:/home/user/.m2/repository/javax/validation/validation-api/1.1.0.Final/validation-api-1.1.0.Final.jar:/home/user/.m2/repository/org/glassfish/jersey/media/jersey-media-json-jackson/2.27/jersey-media-json-jackson-2.27.jar:/home/user/.m2/repository/org/glassfish/jersey/ext/jersey-entity-filtering/2.27/jersey-entity-filtering-2.27.jar:/home/user/.m2/repository/com/google/inject/extensions/guice-assistedinject/4.0/guice-assistedinject-4.0.jar:/home/user/.m2/repository/org/jooq/jooq/3.11.10/jooq-3.11.10.jar:/home/user/.m2/repository/org/jooq/jooq-meta/3.11.10/jooq-meta-3.11.10.jar:/home/user/.m2/repository/org/jooq/jooq-codegen/3.11.10/jooq-codegen-3.11.10.jar:/home/user/.m2/repository/com/jolbox/bonecp/0.8.0.RELEASE/bonecp-0.8.0.RELEASE.jar:/home/user/.m2/repository/org/springframework/spring-jdbc/5.1.3.RELEASE/spring-jdbc-5.1.3.RELEASE.jar:/home/user/.m2/repository/org/springframework/spring-beans/5.1.3.RELEASE/spring-beans-5.1.3.RELEASE.jar:/home/user/.m2/repository/org/springframework/spring-core/5.1.3.RELEASE/spring-core-5.1.3.RELEASE.jar:/home/user/.m2/repository/org/springframework/spring-jcl/5.1.3.RELEASE/spring-jcl-5.1.3.RELEASE.jar:/home/user/.m2/repository/org/springframework/spring-tx/5.1.3.RELEASE/spring-tx-5.1.3.RELEASE.jar:/home/user/.m2/repository/org/mockito/mockito-core/2.15.0/mockito-core-2.15.0.jar:/home/user/.m2/repository/net/bytebuddy/byte-buddy/1.7.9/byte-buddy-1.7.9.jar:/home/user/.m2/repository/net/bytebuddy/byte-buddy-agent/1.7.9/byte-buddy-agent-1.7.9.jar:/home/user/.m2/repository/org/objenesis/objenesis/1.0/objenesis-1.0.jar:"/>
    <property name="java.vm.vendor" value="IcedTea"/>
    <property name="sun.arch.data.model" value="64"/>
    <property name="test.build.dir" value="/tmp/workdir/hadoop-ozone/tools/target/test-dir"/>
    <property name="test.cache.data" value=""/>
    <property name="java.vendor.url" value="https://icedtea.classpath.org"/>
    <property name="user.timezone" value=""/>
    <property name="java.vm.specification.version" value="1.8"/>
    <property name="os.name" value="Linux"/>
    <property name="test.build.data" value="/tmp/workdir/hadoop-ozone/tools/target/test-dir"/>
    <property name="user.country" value="US"/>
    <property name="sun.java.launcher" value="SUN_STANDARD"/>
    <property name="sun.boot.library.path" value="/usr/lib/jvm/java-1.8-openjdk/jre/lib/amd64"/>
    <property name="sun.java.command" value="/tmp/workdir/hadoop-ozone/tools/target/surefire/surefirebooter4949548807189279492.jar /tmp/workdir/hadoop-ozone/tools/target/surefire 2019-07-09T21-39-20_908-jvmRun1 surefire9079762789116907260tmp surefire_104900549236056516825tmp"/>
    <property name="surefire.test.class.path" value="/tmp/workdir/hadoop-ozone/tools/target/test-classes:/tmp/workdir/hadoop-ozone/tools/target/classes:/tmp/workdir/hadoop-ozone/ozone-manager/target/classes:/tmp/workdir/hadoop-hdds/docs/target/classes:/home/user/.m2/repository/org/bouncycastle/bcprov-jdk15on/1.60/bcprov-jdk15on-1.60.jar:/tmp/workdir/hadoop-ozone/common/target/classes:/home/user/.m2/repository/org/apache/commons/commons-compress/1.4.1/commons-compress-1.4.1.jar:/home/user/.m2/repository/org/tukaani/xz/1.0/xz-1.0.jar:/home/user/.m2/repository/org/apache/hadoop/hadoop-hdfs-client/3.2.0/hadoop-hdfs-client-3.2.0.jar:/home/user/.m2/repository/com/fasterxml/jackson/core/jackson-annotations/2.9.5/jackson-annotations-2.9.5.jar:/tmp/workdir/hadoop-hdds/common/target/classes:/tmp/workdir/hadoop-hdds/config/target/classes:/home/user/.m2/repository/javax/annotation/javax.annotation-api/1.2/javax.annotation-api-1.2.jar:/home/user/.m2/repository/org/apache/ratis/ratis-server/0.4.0-2337318-SNAPSHOT/ratis-server-0.4.0-2337318-SNAPSHOT.jar:/home/user/.m2/repository/org/apache/ratis/ratis-thirdparty-misc/0.2.0/ratis-thirdparty-misc-0.2.0.jar:/home/user/.m2/repository/org/apache/ratis/ratis-proto/0.4.0-2337318-SNAPSHOT/ratis-proto-0.4.0-2337318-SNAPSHOT.jar:/home/user/.m2/repository/org/apache/ratis/ratis-common/0.4.0-2337318-SNAPSHOT/ratis-common-0.4.0-2337318-SNAPSHOT.jar:/home/user/.m2/repository/org/apache/ratis/ratis-client/0.4.0-2337318-SNAPSHOT/ratis-client-0.4.0-2337318-SNAPSHOT.jar:/home/user/.m2/repository/org/apache/ratis/ratis-metrics/0.4.0-2337318-SNAPSHOT/ratis-metrics-0.4.0-2337318-SNAPSHOT.jar:/home/user/.m2/repository/org/apache/ratis/ratis-netty/0.4.0-2337318-SNAPSHOT/ratis-netty-0.4.0-2337318-SNAPSHOT.jar:/home/user/.m2/repository/org/apache/ratis/ratis-grpc/0.4.0-2337318-SNAPSHOT/ratis-grpc-0.4.0-2337318-SNAPSHOT.jar:/home/user/.m2/repository/org/rocksdb/rocksdbjni/6.0.1/rocksdbjni-6.0.1.jar:/home/user/.m2/repository/org/apache/logging/log4j/log4j-api/2.11.0/log4j-api-2.11.0.jar:/home/user/.m2/repository/org/apache/logging/log4j/log4j-core/2.11.0/log4j-core-2.11.0.jar:/home/user/.m2/repository/com/lmax/disruptor/3.4.2/disruptor-3.4.2.jar:/home/user/.m2/repository/org/apache/commons/commons-pool2/2.6.0/commons-pool2-2.6.0.jar:/home/user/.m2/repository/org/bouncycastle/bcpkix-jdk15on/1.60/bcpkix-jdk15on-1.60.jar:/home/user/.m2/repository/commons-validator/commons-validator/1.6/commons-validator-1.6.jar:/home/user/.m2/repository/commons-digester/commons-digester/1.8.1/commons-digester-1.8.1.jar:/home/user/.m2/repository/io/jaegertracing/jaeger-client/0.33.1/jaeger-client-0.33.1.jar:/home/user/.m2/repository/io/jaegertracing/jaeger-thrift/0.33.1/jaeger-thrift-0.33.1.jar:/home/user/.m2/repository/org/apache/thrift/libthrift/0.11.0/libthrift-0.11.0.jar:/home/user/.m2/repository/com/squareup/okhttp3/okhttp/3.9.0/okhttp-3.9.0.jar:/home/user/.m2/repository/com/squareup/okio/okio/1.13.0/okio-1.13.0.jar:/home/user/.m2/repository/io/jaegertracing/jaeger-core/0.33.1/jaeger-core-0.33.1.jar:/home/user/.m2/repository/io/jaegertracing/jaeger-tracerresolver/0.33.1/jaeger-tracerresolver-0.33.1.jar:/home/user/.m2/repository/io/opentracing/contrib/opentracing-tracerresolver/0.1.5/opentracing-tracerresolver-0.1.5.jar:/home/user/.m2/repository/io/opentracing/opentracing-util/0.31.0/opentracing-util-0.31.0.jar:/home/user/.m2/repository/io/opentracing/opentracing-api/0.31.0/opentracing-api-0.31.0.jar:/home/user/.m2/repository/io/opentracing/opentracing-noop/0.31.0/opentracing-noop-0.31.0.jar:/home/user/.m2/repository/org/yaml/snakeyaml/1.16/snakeyaml-1.16.jar:/tmp/workdir/hadoop-hdds/container-service/target/classes:/tmp/workdir/hadoop-hdds/client/target/classes:/tmp/workdir/hadoop-hdds/tools/target/classes:/home/user/.m2/repository/org/xerial/sqlite-jdbc/3.25.2/sqlite-jdbc-3.25.2.jar:/tmp/workdir/hadoop-hdds/server-scm/target/classes:/home/user/.m2/repository/org/hamcrest/hamcrest-all/1.3/hamcrest-all-1.3.jar:/home/user/.m2/repository/info/picocli/picocli/3.9.6/picocli-3.9.6.jar:/home/user/.m2/repository/com/google/protobuf/protobuf-java/2.5.0/protobuf-java-2.5.0.jar:/home/user/.m2/repository/com/google/guava/guava/11.0.2/guava-11.0.2.jar:/tmp/workdir/hadoop-ozone/client/target/classes:/home/user/.m2/repository/org/apache/hadoop/hadoop-ozone-filesystem/0.5.0-SNAPSHOT/hadoop-ozone-filesystem-0.5.0-SNAPSHOT.jar:/tmp/workdir/hadoop-hdds/framework/target/classes:/home/user/.m2/repository/org/apache/hadoop/hadoop-common/3.2.0/hadoop-common-3.2.0.jar:/home/user/.m2/repository/org/apache/hadoop/hadoop-annotations/3.2.0/hadoop-annotations-3.2.0.jar:/usr/lib/jvm/java-1.8-openjdk/jre/../lib/tools.jar:/home/user/.m2/repository/commons-cli/commons-cli/1.2/commons-cli-1.2.jar:/home/user/.m2/repository/org/apache/commons/commons-math3/3.1.1/commons-math3-3.1.1.jar:/home/user/.m2/repository/org/apache/httpcomponents/httpclient/4.5.2/httpclient-4.5.2.jar:/home/user/.m2/repository/org/apache/httpcomponents/httpcore/4.4.4/httpcore-4.4.4.jar:/home/user/.m2/repository/commons-codec/commons-codec/1.11/commons-codec-1.11.jar:/home/user/.m2/repository/commons-io/commons-io/2.5/commons-io-2.5.jar:/home/user/.m2/repository/commons-net/commons-net/3.6/commons-net-3.6.jar:/home/user/.m2/repository/commons-collections/commons-collections/3.2.2/commons-collections-3.2.2.jar:/home/user/.m2/repository/javax/servlet/javax.servlet-api/3.1.0/javax.servlet-api-3.1.0.jar:/home/user/.m2/repository/org/eclipse/jetty/jetty-server/9.3.24.v20180605/jetty-server-9.3.24.v20180605.jar:/home/user/.m2/repository/org/eclipse/jetty/jetty-http/9.3.24.v20180605/jetty-http-9.3.24.v20180605.jar:/home/user/.m2/repository/org/eclipse/jetty/jetty-io/9.3.24.v20180605/jetty-io-9.3.24.v20180605.jar:/home/user/.m2/repository/org/eclipse/jetty/jetty-util/9.3.24.v20180605/jetty-util-9.3.24.v20180605.jar:/home/user/.m2/repository/org/eclipse/jetty/jetty-servlet/9.3.24.v20180605/jetty-servlet-9.3.24.v20180605.jar:/home/user/.m2/repository/org/eclipse/jetty/jetty-security/9.3.24.v20180605/jetty-security-9.3.24.v20180605.jar:/home/user/.m2/repository/org/eclipse/jetty/jetty-webapp/9.3.24.v20180605/jetty-webapp-9.3.24.v20180605.jar:/home/user/.m2/repository/org/eclipse/jetty/jetty-xml/9.3.24.v20180605/jetty-xml-9.3.24.v20180605.jar:/home/user/.m2/repository/javax/servlet/jsp/jsp-api/2.1/jsp-api-2.1.jar:/home/user/.m2/repository/com/sun/jersey/jersey-core/1.19/jersey-core-1.19.jar:/home/user/.m2/repository/javax/ws/rs/jsr311-api/1.1.1/jsr311-api-1.1.1.jar:/home/user/.m2/repository/com/sun/jersey/jersey-servlet/1.19/jersey-servlet-1.19.jar:/home/user/.m2/repository/com/sun/jersey/jersey-json/1.19/jersey-json-1.19.jar:/home/user/.m2/repository/org/codehaus/jettison/jettison/1.1/jettison-1.1.jar:/home/user/.m2/repository/com/sun/xml/bind/jaxb-impl/2.3.0.1/jaxb-impl-2.3.0.1.jar:/home/user/.m2/repository/org/codehaus/jackson/jackson-core-asl/1.9.13/jackson-core-asl-1.9.13.jar:/home/user/.m2/repository/org/codehaus/jackson/jackson-mapper-asl/1.9.13/jackson-mapper-asl-1.9.13.jar:/home/user/.m2/repository/org/codehaus/jackson/jackson-jaxrs/1.9.13/jackson-jaxrs-1.9.13.jar:/home/user/.m2/repository/org/codehaus/jackson/jackson-xc/1.9.13/jackson-xc-1.9.13.jar:/home/user/.m2/repository/com/sun/jersey/jersey-server/1.19/jersey-server-1.19.jar:/home/user/.m2/repository/commons-logging/commons-logging/1.1.3/commons-logging-1.1.3.jar:/home/user/.m2/repository/log4j/log4j/1.2.17/log4j-1.2.17.jar:/home/user/.m2/repository/commons-beanutils/commons-beanutils/1.9.3/commons-beanutils-1.9.3.jar:/home/user/.m2/repository/org/apache/commons/commons-configuration2/2.1.1/commons-configuration2-2.1.1.jar:/home/user/.m2/repository/org/apache/commons/commons-lang3/3.7/commons-lang3-3.7.jar:/home/user/.m2/repository/org/apache/commons/commons-text/1.4/commons-text-1.4.jar:/home/user/.m2/repository/org/slf4j/slf4j-api/1.7.25/slf4j-api-1.7.25.jar:/home/user/.m2/repository/org/slf4j/slf4j-log4j12/1.7.25/slf4j-log4j12-1.7.25.jar:/home/user/.m2/repository/org/apache/avro/avro/1.7.7/avro-1.7.7.jar:/home/user/.m2/repository/com/thoughtworks/paranamer/paranamer/2.3/paranamer-2.3.jar:/home/user/.m2/repository/org/xerial/snappy/snappy-java/1.0.5/snappy-java-1.0.5.jar:/home/user/.m2/repository/com/google/re2j/re2j/1.1/re2j-1.1.jar:/home/user/.m2/repository/com/google/code/gson/gson/2.2.4/gson-2.2.4.jar:/home/user/.m2/repository/org/apache/hadoop/hadoop-auth/3.2.0/hadoop-auth-3.2.0.jar:/home/user/.m2/repository/com/nimbusds/nimbus-jose-jwt/4.41.1/nimbus-jose-jwt-4.41.1.jar:/home/user/.m2/repository/com/github/stephenc/jcip/jcip-annotations/1.0-1/jcip-annotations-1.0-1.jar:/home/user/.m2/repository/net/minidev/json-smart/2.3/json-smart-2.3.jar:/home/user/.m2/repository/net/minidev/accessors-smart/1.2/accessors-smart-1.2.jar:/home/user/.m2/repository/org/apache/curator/curator-framework/2.12.0/curator-framework-2.12.0.jar:/home/user/.m2/repository/com/jcraft/jsch/0.1.54/jsch-0.1.54.jar:/home/user/.m2/repository/org/apache/curator/curator-client/2.12.0/curator-client-2.12.0.jar:/home/user/.m2/repository/org/apache/curator/curator-recipes/2.12.0/curator-recipes-2.12.0.jar:/home/user/.m2/repository/com/google/code/findbugs/jsr305/3.0.0/jsr305-3.0.0.jar:/home/user/.m2/repository/org/apache/htrace/htrace-core4/4.1.0-incubating/htrace-core4-4.1.0-incubating.jar:/home/user/.m2/repository/org/apache/zookeeper/zookeeper/3.4.13/zookeeper-3.4.13.jar:/home/user/.m2/repository/org/apache/yetus/audience-annotations/0.5.0/audience-annotations-0.5.0.jar:/home/user/.m2/repository/org/apache/kerby/kerb-simplekdc/1.0.1/kerb-simplekdc-1.0.1.jar:/home/user/.m2/repository/org/apache/kerby/kerb-client/1.0.1/kerb-client-1.0.1.jar:/home/user/.m2/repository/org/apache/kerby/kerby-config/1.0.1/kerby-config-1.0.1.jar:/home/user/.m2/repository/org/apache/kerby/kerb-core/1.0.1/kerb-core-1.0.1.jar:/home/user/.m2/repository/org/apache/kerby/kerby-pkix/1.0.1/kerby-pkix-1.0.1.jar:/home/user/.m2/repository/org/apache/kerby/kerby-asn1/1.0.1/kerby-asn1-1.0.1.jar:/home/user/.m2/repository/org/apache/kerby/kerby-util/1.0.1/kerby-util-1.0.1.jar:/home/user/.m2/repository/org/apache/kerby/kerb-common/1.0.1/kerb-common-1.0.1.jar:/home/user/.m2/repository/org/apache/kerby/kerb-crypto/1.0.1/kerb-crypto-1.0.1.jar:/home/user/.m2/repository/org/apache/kerby/kerb-util/1.0.1/kerb-util-1.0.1.jar:/home/user/.m2/repository/org/apache/kerby/token-provider/1.0.1/token-provider-1.0.1.jar:/home/user/.m2/repository/org/apache/kerby/kerb-admin/1.0.1/kerb-admin-1.0.1.jar:/home/user/.m2/repository/org/apache/kerby/kerb-server/1.0.1/kerb-server-1.0.1.jar:/home/user/.m2/repository/org/apache/kerby/kerb-identity/1.0.1/kerb-identity-1.0.1.jar:/home/user/.m2/repository/org/apache/kerby/kerby-xdr/1.0.1/kerby-xdr-1.0.1.jar:/home/user/.m2/repository/com/fasterxml/jackson/core/jackson-databind/2.9.5/jackson-databind-2.9.5.jar:/home/user/.m2/repository/com/fasterxml/jackson/core/jackson-core/2.9.5/jackson-core-2.9.5.jar:/home/user/.m2/repository/org/codehaus/woodstox/stax2-api/3.1.4/stax2-api-3.1.4.jar:/home/user/.m2/repository/com/fasterxml/woodstox/woodstox-core/5.0.3/woodstox-core-5.0.3.jar:/home/user/.m2/repository/dnsjava/dnsjava/2.1.7/dnsjava-2.1.7.jar:/home/user/.m2/repository/org/apache/hadoop/hadoop-hdfs/3.2.0/hadoop-hdfs-3.2.0.jar:/home/user/.m2/repository/org/eclipse/jetty/jetty-util-ajax/9.3.24.v20180605/jetty-util-ajax-9.3.24.v20180605.jar:/home/user/.m2/repository/commons-daemon/commons-daemon/1.0.13/commons-daemon-1.0.13.jar:/home/user/.m2/repository/io/netty/netty/3.10.5.Final/netty-3.10.5.Final.jar:/home/user/.m2/repository/io/netty/netty-all/4.0.52.Final/netty-all-4.0.52.Final.jar:/home/user/.m2/repository/org/fusesource/leveldbjni/leveldbjni-all/1.8/leveldbjni-all-1.8.jar:/home/user/.m2/repository/com/sun/xml/bind/jaxb-core/2.3.0.1/jaxb-core-2.3.0.1.jar:/home/user/.m2/repository/javax/xml/bind/jaxb-api/2.3.0/jaxb-api-2.3.0.jar:/home/user/.m2/repository/javax/activation/activation/1.1.1/activation-1.1.1.jar:/home/user/.m2/repository/io/dropwizard/metrics/metrics-core/3.2.4/metrics-core-3.2.4.jar:/home/user/.m2/repository/org/openjdk/jmh/jmh-core/1.19/jmh-core-1.19.jar:/home/user/.m2/repository/net/sf/jopt-simple/jopt-simple/4.6/jopt-simple-4.6.jar:/home/user/.m2/repository/org/openjdk/jmh/jmh-generator-annprocess/1.19/jmh-generator-annprocess-1.19.jar:/home/user/.m2/repository/com/google/code/findbugs/findbugs/3.0.1/findbugs-3.0.1.jar:/home/user/.m2/repository/net/jcip/jcip-annotations/1.0/jcip-annotations-1.0.jar:/home/user/.m2/repository/com/google/code/findbugs/bcel-findbugs/6.0/bcel-findbugs-6.0.jar:/home/user/.m2/repository/com/google/code/findbugs/jFormatString/2.0.1/jFormatString-2.0.1.jar:/home/user/.m2/repository/dom4j/dom4j/1.6.1/dom4j-1.6.1.jar:/home/user/.m2/repository/xml-apis/xml-apis/1.0.b2/xml-apis-1.0.b2.jar:/home/user/.m2/repository/org/ow2/asm/asm-debug-all/5.0.2/asm-debug-all-5.0.2.jar:/home/user/.m2/repository/org/ow2/asm/asm-commons/5.0.2/asm-commons-5.0.2.jar:/home/user/.m2/repository/org/ow2/asm/asm-tree/5.0.2/asm-tree-5.0.2.jar:/home/user/.m2/repository/org/ow2/asm/asm/5.0.4/asm-5.0.4.jar:/home/user/.m2/repository/commons-lang/commons-lang/2.6/commons-lang-2.6.jar:/home/user/.m2/repository/com/apple/AppleJavaExtensions/1.4/AppleJavaExtensions-1.4.jar:/home/user/.m2/repository/jaxen/jaxen/1.1.6/jaxen-1.1.6.jar:/home/user/.m2/repository/junit/junit/4.11/junit-4.11.jar:/home/user/.m2/repository/org/hamcrest/hamcrest-core/1.3/hamcrest-core-1.3.jar:/home/user/.m2/repository/org/apache/hadoop/hadoop-common/3.2.0/hadoop-common-3.2.0-tests.jar:/home/user/.m2/repository/org/apache/hadoop/hadoop-ozone-integration-test/0.5.0-SNAPSHOT/hadoop-ozone-integration-test-0.5.0-SNAPSHOT-tests.jar:/tmp/workdir/hadoop-ozone/objectstore-service/target/classes:/tmp/workdir/hadoop-ozone/s3gateway/target/classes:/home/user/.m2/repository/org/jboss/weld/servlet/weld-servlet/2.4.7.Final/weld-servlet-2.4.7.Final.jar:/home/user/.m2/repository/org/glassfish/jersey/containers/jersey-container-servlet-core/2.27/jersey-container-servlet-core-2.27.jar:/home/user/.m2/repository/org/glassfish/hk2/external/javax.inject/2.5.0-b42/javax.inject-2.5.0-b42.jar:/home/user/.m2/repository/org/glassfish/jersey/core/jersey-common/2.27/jersey-common-2.27.jar:/home/user/.m2/repository/org/glassfish/hk2/osgi-resource-locator/1.0.1/osgi-resource-locator-1.0.1.jar:/home/user/.m2/repository/javax/ws/rs/javax.ws.rs-api/2.1/javax.ws.rs-api-2.1.jar:/home/user/.m2/repository/org/glassfish/jersey/ext/cdi/jersey-cdi1x/2.27/jersey-cdi1x-2.27.jar:/home/user/.m2/repository/org/glassfish/jersey/inject/jersey-hk2/2.27/jersey-hk2-2.27.jar:/home/user/.m2/repository/org/glassfish/hk2/hk2-locator/2.5.0-b42/hk2-locator-2.5.0-b42.jar:/home/user/.m2/repository/org/javassist/javassist/3.22.0-CR2/javassist-3.22.0-CR2.jar:/home/user/.m2/repository/org/glassfish/hk2/hk2-api/2.5.0/hk2-api-2.5.0.jar:/home/user/.m2/repository/org/glassfish/hk2/external/jakarta.inject/2.5.0/jakarta.inject-2.5.0.jar:/home/user/.m2/repository/org/glassfish/hk2/hk2-utils/2.5.0/hk2-utils-2.5.0.jar:/home/user/.m2/repository/jakarta/annotation/jakarta.annotation-api/1.3.4/jakarta.annotation-api-1.3.4.jar:/home/user/.m2/repository/org/glassfish/hk2/external/aopalliance-repackaged/2.5.0/aopalliance-repackaged-2.5.0.jar:/home/user/.m2/repository/com/fasterxml/jackson/dataformat/jackson-dataformat-xml/2.9.0/jackson-dataformat-xml-2.9.0.jar:/home/user/.m2/repository/com/fasterxml/jackson/module/jackson-module-jaxb-annotations/2.9.5/jackson-module-jaxb-annotations-2.9.5.jar:/home/user/.m2/repository/javax/enterprise/cdi-api/1.2/cdi-api-1.2.jar:/home/user/.m2/repository/javax/el/javax.el-api/3.0.0/javax.el-api-3.0.0.jar:/home/user/.m2/repository/javax/interceptor/javax.interceptor-api/1.2/javax.interceptor-api-1.2.jar:/home/user/.m2/repository/javax/inject/javax.inject/1/javax.inject-1.jar:/tmp/workdir/hadoop-ozone/csi/target/classes:/home/user/.m2/repository/com/google/protobuf/protobuf-java-util/3.5.1/protobuf-java-util-3.5.1.jar:/home/user/.m2/repository/io/grpc/grpc-netty/1.17.1/grpc-netty-1.17.1.jar:/home/user/.m2/repository/io/grpc/grpc-core/1.17.1/grpc-core-1.17.1.jar:/home/user/.m2/repository/io/grpc/grpc-context/1.17.1/grpc-context-1.17.1.jar:/home/user/.m2/repository/com/google/errorprone/error_prone_annotations/2.2.0/error_prone_annotations-2.2.0.jar:/home/user/.m2/repository/org/codehaus/mojo/animal-sniffer-annotations/1.17/animal-sniffer-annotations-1.17.jar:/home/user/.m2/repository/io/opencensus/opencensus-api/0.17.0/opencensus-api-0.17.0.jar:/home/user/.m2/repository/io/opencensus/opencensus-contrib-grpc-metrics/0.17.0/opencensus-contrib-grpc-metrics-0.17.0.jar:/home/user/.m2/repository/io/netty/netty-codec-http2/4.1.30.Final/netty-codec-http2-4.1.30.Final.jar:/home/user/.m2/repository/io/netty/netty-codec-http/4.1.30.Final/netty-codec-http-4.1.30.Final.jar:/home/user/.m2/repository/io/netty/netty-codec/4.1.30.Final/netty-codec-4.1.30.Final.jar:/home/user/.m2/repository/io/netty/netty-handler/4.1.30.Final/netty-handler-4.1.30.Final.jar:/home/user/.m2/repository/io/netty/netty-handler-proxy/4.1.30.Final/netty-handler-proxy-4.1.30.Final.jar:/home/user/.m2/repository/io/netty/netty-codec-socks/4.1.30.Final/netty-codec-socks-4.1.30.Final.jar:/home/user/.m2/repository/io/netty/netty-transport-native-epoll/4.1.30.Final/netty-transport-native-epoll-4.1.30.Final.jar:/home/user/.m2/repository/io/netty/netty-common/4.1.30.Final/netty-common-4.1.30.Final.jar:/home/user/.m2/repository/io/netty/netty-buffer/4.1.30.Final/netty-buffer-4.1.30.Final.jar:/home/user/.m2/repository/io/netty/netty-transport/4.1.30.Final/netty-transport-4.1.30.Final.jar:/home/user/.m2/repository/io/netty/netty-resolver/4.1.30.Final/netty-resolver-4.1.30.Final.jar:/home/user/.m2/repository/io/netty/netty-transport-native-unix-common/4.1.30.Final/netty-transport-native-unix-common-4.1.30.Final.jar:/home/user/.m2/repository/io/grpc/grpc-protobuf/1.17.1/grpc-protobuf-1.17.1.jar:/home/user/.m2/repository/com/google/api/grpc/proto-google-common-protos/1.0.0/proto-google-common-protos-1.0.0.jar:/home/user/.m2/repository/io/grpc/grpc-protobuf-lite/1.17.1/grpc-protobuf-lite-1.17.1.jar:/home/user/.m2/repository/io/grpc/grpc-stub/1.17.1/grpc-stub-1.17.1.jar:/tmp/workdir/hadoop-ozone/ozone-recon/target/classes:/tmp/workdir/hadoop-ozone/ozone-recon-codegen/target/classes:/home/user/.m2/repository/com/google/inject/extensions/guice-multibindings/4.0/guice-multibindings-4.0.jar:/home/user/.m2/repository/com/google/inject/guice/4.0/guice-4.0.jar:/home/user/.m2/repository/aopalliance/aopalliance/1.0/aopalliance-1.0.jar:/home/user/.m2/repository/com/google/inject/extensions/guice-servlet/4.0/guice-servlet-4.0.jar:/home/user/.m2/repository/org/glassfish/jersey/containers/jersey-container-servlet/2.27/jersey-container-servlet-2.27.jar:/home/user/.m2/repository/org/glassfish/hk2/guice-bridge/2.5.0/guice-bridge-2.5.0.jar:/home/user/.m2/repository/org/glassfish/jersey/core/jersey-server/2.27/jersey-server-2.27.jar:/home/user/.m2/repository/org/glassfish/jersey/core/jersey-client/2.27/jersey-client-2.27.jar:/home/user/.m2/repository/org/glassfish/jersey/media/jersey-media-jaxb/2.27/jersey-media-jaxb-2.27.jar:/home/user/.m2/repository/javax/validation/validation-api/1.1.0.Final/validation-api-1.1.0.Final.jar:/home/user/.m2/repository/org/glassfish/jersey/media/jersey-media-json-jackson/2.27/jersey-media-json-jackson-2.27.jar:/home/user/.m2/repository/org/glassfish/jersey/ext/jersey-entity-filtering/2.27/jersey-entity-filtering-2.27.jar:/home/user/.m2/repository/com/google/inject/extensions/guice-assistedinject/4.0/guice-assistedinject-4.0.jar:/home/user/.m2/repository/org/jooq/jooq/3.11.10/jooq-3.11.10.jar:/home/user/.m2/repository/org/jooq/jooq-meta/3.11.10/jooq-meta-3.11.10.jar:/home/user/.m2/repository/org/jooq/jooq-codegen/3.11.10/jooq-codegen-3.11.10.jar:/home/user/.m2/repository/com/jolbox/bonecp/0.8.0.RELEASE/bonecp-0.8.0.RELEASE.jar:/home/user/.m2/repository/org/springframework/spring-jdbc/5.1.3.RELEASE/spring-jdbc-5.1.3.RELEASE.jar:/home/user/.m2/repository/org/springframework/spring-beans/5.1.3.RELEASE/spring-beans-5.1.3.RELEASE.jar:/home/user/.m2/repository/org/springframework/spring-core/5.1.3.RELEASE/spring-core-5.1.3.RELEASE.jar:/home/user/.m2/repository/org/springframework/spring-jcl/5.1.3.RELEASE/spring-jcl-5.1.3.RELEASE.jar:/home/user/.m2/repository/org/springframework/spring-tx/5.1.3.RELEASE/spring-tx-5.1.3.RELEASE.jar:/home/user/.m2/repository/org/mockito/mockito-core/2.15.0/mockito-core-2.15.0.jar:/home/user/.m2/repository/net/bytebuddy/byte-buddy/1.7.9/byte-buddy-1.7.9.jar:/home/user/.m2/repository/net/bytebuddy/byte-buddy-agent/1.7.9/byte-buddy-agent-1.7.9.jar:/home/user/.m2/repository/org/objenesis/objenesis/1.0/objenesis-1.0.jar:"/>
    <property name="sun.cpu.endian" value="little"/>
    <property name="user.home" value="/home/user"/>
    <property name="user.language" value="en"/>
    <property name="java.specification.vendor" value="Oracle Corporation"/>
    <property name="java.home" value="/usr/lib/jvm/java-1.8-openjdk/jre"/>
    <property name="java.security.krb5.conf" value="/tmp/workdir/hadoop-ozone/tools/target/test-classes/krb5.conf"/>
    <property name="basedir" value="/tmp/workdir/hadoop-ozone/tools"/>
    <property name="file.separator" value="/"/>
    <property name="line.separator" value="&#10;"/>
    <property name="java.vm.specification.vendor" value="Oracle Corporation"/>
    <property name="java.specification.name" value="Java Platform API Specification"/>
    <property name="java.awt.graphicsenv" value="sun.awt.X11GraphicsEnvironment"/>
    <property name="surefire.real.class.path" value="/tmp/workdir/hadoop-ozone/tools/target/surefire/surefirebooter4949548807189279492.jar"/>
    <property name="hadoop.log.dir" value="/tmp/workdir/hadoop-ozone/tools/target/log"/>
    <property name="sun.boot.class.path" value="/usr/lib/jvm/java-1.8-openjdk/jre/lib/resources.jar:/usr/lib/jvm/java-1.8-openjdk/jre/lib/rt.jar:/usr/lib/jvm/java-1.8-openjdk/jre/lib/sunrsasign.jar:/usr/lib/jvm/java-1.8-openjdk/jre/lib/jsse.jar:/usr/lib/jvm/java-1.8-openjdk/jre/lib/jce.jar:/usr/lib/jvm/java-1.8-openjdk/jre/lib/charsets.jar:/usr/lib/jvm/java-1.8-openjdk/jre/lib/jfr.jar:/usr/lib/jvm/java-1.8-openjdk/jre/classes"/>
    <property name="sun.management.compiler" value="HotSpot 64-Bit Tiered Compilers"/>
    <property name="java.runtime.version" value="1.8.0_212-b04"/>
    <property name="java.net.preferIPv4Stack" value="true"/>
    <property name="user.name" value="jenkins1000"/>
    <property name="path.separator" value=":"/>
    <property name="java.security.egd" value="file:///dev/urandom"/>
    <property name="os.version" value="3.10.0-957.12.2.el7.x86_64"/>
    <property name="java.endorsed.dirs" value="/usr/lib/jvm/java-1.8-openjdk/jre/lib/endorsed"/>
    <property name="java.runtime.name" value="OpenJDK Runtime Environment"/>
    <property name="file.encoding" value="UTF-8"/>
    <property name="java.vm.name" value="OpenJDK 64-Bit Server VM"/>
    <property name="test.build.webapps" value=""/>
    <property name="localRepository" value="/home/user/.m2/repository"/>
    <property name="java.vendor.url.bug" value="https://icedtea.classpath.org/bugzilla"/>
    <property name="java.io.tmpdir" value="/tmp"/>
    <property name="require.test.libhadoop" value=""/>
    <property name="java.version" value="1.8.0_212"/>
    <property name="user.dir" value="/tmp/workdir/hadoop-ozone/tools"/>
    <property name="os.arch" value="amd64"/>
    <property name="java.vm.specification.name" value="Java Virtual Machine Specification"/>
    <property name="test.build.classes" value="/tmp/workdir/hadoop-ozone/tools/target/test-classes"/>
    <property name="java.awt.printerjob" value="sun.print.PSPrinterJob"/>
    <property name="sun.os.patch.level" value="unknown"/>
    <property name="hadoop.tmp.dir" value="/tmp/workdir/hadoop-ozone/tools/target/tmp"/>
    <property name="java.library.path" value="/usr/lib/jvm/java-1.8-openjdk/jre/lib/amd64/server:/usr/lib/jvm/java-1.8-openjdk/jre/lib/amd64:/usr/lib/jvm/java-1.8-openjdk/jre/../lib/amd64:/tmp/workdir/hadoop-ozone/tools/target/native/target/usr/local/lib:/tmp/workdir/hadoop-ozone/tools/../../hadoop-common-project/hadoop-common/target/native/target/usr/local/lib:/usr/java/packages/lib/amd64:/usr/lib64:/lib64:/lib:/usr/lib"/>
    <property name="java.vm.info" value="mixed mode"/>
    <property name="java.vendor" value="IcedTea"/>
    <property name="java.vm.version" value="25.212-b04"/>
    <property name="java.ext.dirs" value="/usr/lib/jvm/java-1.8-openjdk/jre/lib/ext:/usr/java/packages/lib/ext"/>
    <property name="sun.io.unicode.encoding" value="UnicodeLittle"/>
    <property name="java.class.version" value="52.0"/>
  </properties>
  <testcase name="testRestart" classname="org.apache.hadoop.ozone.freon.TestFreonWithPipelineDestroy" time="18.858">
    <error message="Unexpected Storage Container Exception: org.apache.hadoop.hdds.scm.container.common.helpers.StorageContainerException: ContainerID 6 does not exist" type="java.io.IOException">java.io.IOException: Unexpected Storage Container Exception: org.apache.hadoop.hdds.scm.container.common.helpers.StorageContainerException: ContainerID 6 does not exist
	at org.apache.hadoop.hdds.scm.storage.BlockOutputStream.setIoException(BlockOutputStream.java:548)
	at org.apache.hadoop.hdds.scm.storage.BlockOutputStream.validateResponse(BlockOutputStream.java:539)
	at org.apache.hadoop.hdds.scm.storage.BlockOutputStream.lambda$writeChunkToContainer$2(BlockOutputStream.java:614)
	at java.util.concurrent.CompletableFuture.uniApply(CompletableFuture.java:602)
	at java.util.concurrent.CompletableFuture$UniApply.tryFire(CompletableFuture.java:577)
	at java.util.concurrent.CompletableFuture$Completion.run(CompletableFuture.java:442)
	at java.util.concurrent.ThreadPoolExecutor.runWorker(ThreadPoolExecutor.java:1149)
	at java.util.concurrent.ThreadPoolExecutor$Worker.run(ThreadPoolExecutor.java:624)
	at java.lang.Thread.run(Thread.java:748)
Caused by: org.apache.hadoop.hdds.scm.container.common.helpers.StorageContainerException: ContainerID 6 does not exist
	at org.apache.hadoop.hdds.scm.storage.ContainerProtocolCalls.validateContainerResponse(ContainerProtocolCalls.java:536)
	at org.apache.hadoop.hdds.scm.storage.BlockOutputStream.validateResponse(BlockOutputStream.java:536)
	... 7 more
</error>
    <system-out><![CDATA[2019-07-09 21:52:21,453 WARN  server.ServerUtils (ServerUtils.java:getScmDbDir(145)) - ozone.scm.db.dirs is not configured. We recommend adding this setting. Falling back to ozone.metadata.dirs instead.
2019-07-09 21:52:21,562 WARN  server.ServerUtils (ServerUtils.java:getScmDbDir(145)) - ozone.scm.db.dirs is not configured. We recommend adding this setting. Falling back to ozone.metadata.dirs instead.
2019-07-09 21:52:21,565 WARN  server.ServerUtils (ServerUtils.java:getScmDbDir(145)) - ozone.scm.db.dirs is not configured. We recommend adding this setting. Falling back to ozone.metadata.dirs instead.
2019-07-09 21:52:21,583 INFO  util.log (Log.java:initialized(192)) - Logging initialized @934ms
2019-07-09 21:52:21,718 INFO  db.DBStoreBuilder (DBStoreBuilder.java:addTable(110)) - using custom profile for table: deletedBlocks
2019-07-09 21:52:21,721 INFO  db.DBStoreBuilder (DBStoreBuilder.java:processTables(161)) - Using default column profile:DBProfile.DISK for Table:deletedBlocks
2019-07-09 21:52:21,721 INFO  db.DBStoreBuilder (DBStoreBuilder.java:addTable(110)) - using custom profile for table: validCerts
2019-07-09 21:52:21,721 INFO  db.DBStoreBuilder (DBStoreBuilder.java:processTables(161)) - Using default column profile:DBProfile.DISK for Table:validCerts
2019-07-09 21:52:21,722 INFO  db.DBStoreBuilder (DBStoreBuilder.java:addTable(110)) - using custom profile for table: revokedCerts
2019-07-09 21:52:21,722 INFO  db.DBStoreBuilder (DBStoreBuilder.java:processTables(161)) - Using default column profile:DBProfile.DISK for Table:revokedCerts
2019-07-09 21:52:21,747 INFO  db.DBStoreBuilder (DBStoreBuilder.java:addTable(110)) - using custom profile for table: default
2019-07-09 21:52:21,747 INFO  db.DBStoreBuilder (DBStoreBuilder.java:processTables(167)) - Using default column profile:DBProfile.DISK for Table:default
2019-07-09 21:52:21,750 INFO  db.DBStoreBuilder (DBStoreBuilder.java:getDbProfile(198)) - Using default options. DBProfile.DISK
2019-07-09 21:52:21,869 INFO  net.NodeSchemaLoader (NodeSchemaLoader.java:loadSchemaFromFile(125)) - Loading file from sun.misc.CompoundEnumeration@12b0404f
2019-07-09 21:52:21,872 INFO  net.NodeSchemaLoader (NodeSchemaLoader.java:loadSchema(171)) - Loading network topology layer schema file
2019-07-09 21:52:21,955 INFO  node.SCMNodeManager (SCMNodeManager.java:<init>(119)) - Entering startup safe mode.
2019-07-09 21:52:22,061 WARN  server.ServerUtils (ServerUtils.java:getScmDbDir(145)) - ozone.scm.db.dirs is not configured. We recommend adding this setting. Falling back to ozone.metadata.dirs instead.
2019-07-09 21:52:22,099 INFO  pipeline.SCMPipelineManager (SCMPipelineManager.java:initializePipelineState(126)) - No pipeline exists in current db
2019-07-09 21:52:22,103 WARN  server.ServerUtils (ServerUtils.java:getScmDbDir(145)) - ozone.scm.db.dirs is not configured. We recommend adding this setting. Falling back to ozone.metadata.dirs instead.
2019-07-09 21:52:22,176 WARN  events.EventQueue (EventQueue.java:fireEvent(175)) - No event handler registered for event TypedEvent{payloadType=SafeModeStatus, name='SafeModeStatus'}
2019-07-09 21:52:22,565 INFO  ipc.CallQueueManager (CallQueueManager.java:<init>(84)) - Using callQueue: class java.util.concurrent.LinkedBlockingQueue, queueCapacity: 2000, scheduler: class org.apache.hadoop.ipc.DefaultRpcScheduler, ipcBackoff: false.
2019-07-09 21:52:22,595 INFO  ipc.Server (Server.java:run(1074)) - Starting Socket Reader #1 for port 35493
2019-07-09 21:52:22,619 INFO  ipc.CallQueueManager (CallQueueManager.java:<init>(84)) - Using callQueue: class java.util.concurrent.LinkedBlockingQueue, queueCapacity: 2000, scheduler: class org.apache.hadoop.ipc.DefaultRpcScheduler, ipcBackoff: false.
2019-07-09 21:52:22,620 INFO  ipc.Server (Server.java:run(1074)) - Starting Socket Reader #1 for port 44562
2019-07-09 21:52:22,626 INFO  ipc.CallQueueManager (CallQueueManager.java:<init>(84)) - Using callQueue: class java.util.concurrent.LinkedBlockingQueue, queueCapacity: 2000, scheduler: class org.apache.hadoop.ipc.DefaultRpcScheduler, ipcBackoff: false.
2019-07-09 21:52:22,627 INFO  ipc.Server (Server.java:run(1074)) - Starting Socket Reader #1 for port 44279
2019-07-09 21:52:22,748 INFO  hdfs.DFSUtil (DFSUtil.java:httpServerTemplateForNNAndJN(1641)) - Starting Web-server for scm at: http://0.0.0.0:0
2019-07-09 21:52:22,911 INFO  server.AuthenticationFilter (AuthenticationFilter.java:constructSecretProvider(240)) - Unable to initialize FileSignerSecretProvider, falling back to use random secrets.
2019-07-09 21:52:22,928 WARN  http.HttpRequestLog (HttpRequestLog.java:getRequestLog(97)) - Jetty request log can only be enabled using Log4j
2019-07-09 21:52:22,937 INFO  http.HttpServer2 (HttpServer2.java:addGlobalFilter(975)) - Added global filter 'safety' (class=org.apache.hadoop.http.HttpServer2$QuotingInputFilter)
2019-07-09 21:52:22,940 INFO  http.HttpServer2 (HttpServer2.java:addFilter(948)) - Added filter static_user_filter (class=org.apache.hadoop.http.lib.StaticUserWebFilter$StaticUserFilter) to context scm
2019-07-09 21:52:22,940 INFO  http.HttpServer2 (HttpServer2.java:addFilter(958)) - Added filter static_user_filter (class=org.apache.hadoop.http.lib.StaticUserWebFilter$StaticUserFilter) to context logs
2019-07-09 21:52:22,940 INFO  http.HttpServer2 (HttpServer2.java:addFilter(958)) - Added filter static_user_filter (class=org.apache.hadoop.http.lib.StaticUserWebFilter$StaticUserFilter) to context static
2019-07-09 21:52:22,967 INFO  server.StorageContainerManager (StorageContainerManager.java:start(753)) - StorageContainerLocationProtocol RPC server is listening at /0.0.0.0:44279
2019-07-09 21:52:23,026 WARN  impl.MetricsConfig (MetricsConfig.java:loadFirst(134)) - Cannot locate configuration: tried hadoop-metrics2-storagecontainermanager.properties,hadoop-metrics2.properties
2019-07-09 21:52:23,040 INFO  impl.MetricsSystemImpl (MetricsSystemImpl.java:startTimer(374)) - Scheduled Metric snapshot period at 10 second(s).
2019-07-09 21:52:23,041 INFO  impl.MetricsSystemImpl (MetricsSystemImpl.java:start(191)) - StorageContainerManager metrics system started
2019-07-09 21:52:23,267 INFO  server.SCMClientProtocolServer (SCMClientProtocolServer.java:start(149)) - RPC server for Client  is listening at /0.0.0.0:44279
2019-07-09 21:52:23,268 INFO  ipc.Server (Server.java:run(1314)) - IPC Server Responder: starting
2019-07-09 21:52:23,269 INFO  ipc.Server (Server.java:run(1153)) - IPC Server listener on 44279: starting
2019-07-09 21:52:23,274 INFO  server.StorageContainerManager (StorageContainerManager.java:start(762)) - ScmBlockLocationProtocol RPC server is listening at /0.0.0.0:44562
2019-07-09 21:52:23,274 INFO  server.SCMBlockProtocolServer (SCMBlockProtocolServer.java:start(137)) - RPC server for Block Protocol is listening at /0.0.0.0:44562
2019-07-09 21:52:23,275 INFO  ipc.Server (Server.java:run(1314)) - IPC Server Responder: starting
2019-07-09 21:52:23,276 INFO  ipc.Server (Server.java:run(1153)) - IPC Server listener on 44562: starting
2019-07-09 21:52:23,289 INFO  server.StorageContainerManager (StorageContainerManager.java:start(766)) - ScmDatanodeProtocl RPC server is listening at /0.0.0.0:35493
2019-07-09 21:52:23,289 INFO  server.SCMDatanodeProtocolServer (SCMDatanodeProtocolServer.java:start(191)) - RPC server for DataNodes is listening at /0.0.0.0:35493
2019-07-09 21:52:23,290 INFO  ipc.Server (Server.java:run(1314)) - IPC Server Responder: starting
2019-07-09 21:52:23,290 INFO  ipc.Server (Server.java:run(1153)) - IPC Server listener on 35493: starting
2019-07-09 21:52:23,306 INFO  http.HttpServer2 (HttpServer2.java:bindListener(1191)) - Jetty bound to port 42141
2019-07-09 21:52:23,309 INFO  server.Server (Server.java:doStart(351)) - jetty-9.3.24.v20180605, build timestamp: 2018-06-05T17:11:56Z, git hash: 84205aa28f11a4f31f2a3b86d1bba2cc8ab69827
2019-07-09 21:52:23,359 INFO  handler.ContextHandler (ContextHandler.java:doStart(781)) - Started o.e.j.s.ServletContextHandler@413f69cc{/logs,file:///tmp/workdir/hadoop-ozone/tools/target/log,AVAILABLE}
2019-07-09 21:52:23,360 INFO  handler.ContextHandler (ContextHandler.java:doStart(781)) - Started o.e.j.s.ServletContextHandler@1b75c2e3{/static,file:///tmp/workdir/hadoop-hdds/server-scm/target/classes/webapps/static/,AVAILABLE}
2019-07-09 21:52:23,394 INFO  handler.ContextHandler (ContextHandler.java:doStart(781)) - Started o.e.j.w.WebAppContext@3918c187{/,file:///tmp/workdir/hadoop-hdds/server-scm/target/classes/webapps/scm/,AVAILABLE}{/scm}
2019-07-09 21:52:23,399 INFO  server.AbstractConnector (AbstractConnector.java:doStart(278)) - Started ServerConnector@11eadcba{HTTP/1.1,[http/1.1]}{0.0.0.0:42141}
2019-07-09 21:52:23,400 INFO  server.Server (Server.java:doStart(419)) - Started @2751ms
2019-07-09 21:52:23,401 INFO  server.BaseHttpServer (BaseHttpServer.java:updateConnectorAddress(207)) - HTTP server of SCM is listening at http://0.0.0.0:42141
2019-07-09 21:52:23,415 INFO  util.JvmPauseMonitor (JvmPauseMonitor.java:run(188)) - Starting JVM pause monitor
2019-07-09 21:52:23,419 WARN  server.ServerUtils (ServerUtils.java:getDBPath(222)) - ozone.om.db.dirs is not configured. We recommend adding this setting. Falling back to ozone.metadata.dirs instead.
2019-07-09 21:52:23,536 WARN  server.ServerUtils (ServerUtils.java:getDBPath(222)) - ozone.om.db.dirs is not configured. We recommend adding this setting. Falling back to ozone.metadata.dirs instead.
2019-07-09 21:52:23,537 INFO  om.OzoneManager (OzoneManager.java:setOMNodeDetails(621)) - OM Service ID is not set. Setting it to the default ID: omServiceIdDefault
2019-07-09 21:52:23,537 INFO  om.OzoneManager (OzoneManager.java:setOMNodeDetails(627)) - OM Node ID is not set. Setting it to the OmStorage's OmID: dd68ac47-86e4-410f-a4ce-bbe5109e364f
2019-07-09 21:52:23,538 INFO  om.OzoneManager (OzoneManager.java:loadOMHAConfigs(578)) - Found matching OM address with OMServiceId: null, OMNodeId: null, RPC Address: localhost:0 and Ratis port: 9872
2019-07-09 21:52:23,808 WARN  server.ServerUtils (ServerUtils.java:getDBPath(222)) - ozone.om.db.dirs is not configured. We recommend adding this setting. Falling back to ozone.metadata.dirs instead.
2019-07-09 21:52:23,819 INFO  db.DBStoreBuilder (DBStoreBuilder.java:addTable(110)) - using custom profile for table: userTable
2019-07-09 21:52:23,819 INFO  db.DBStoreBuilder (DBStoreBuilder.java:processTables(161)) - Using default column profile:DBProfile.DISK for Table:userTable
2019-07-09 21:52:23,820 INFO  db.DBStoreBuilder (DBStoreBuilder.java:addTable(110)) - using custom profile for table: volumeTable
2019-07-09 21:52:23,820 INFO  db.DBStoreBuilder (DBStoreBuilder.java:processTables(161)) - Using default column profile:DBProfile.DISK for Table:volumeTable
2019-07-09 21:52:23,821 INFO  db.DBStoreBuilder (DBStoreBuilder.java:addTable(110)) - using custom profile for table: bucketTable
2019-07-09 21:52:23,821 INFO  db.DBStoreBuilder (DBStoreBuilder.java:processTables(161)) - Using default column profile:DBProfile.DISK for Table:bucketTable
2019-07-09 21:52:23,821 INFO  db.DBStoreBuilder (DBStoreBuilder.java:addTable(110)) - using custom profile for table: keyTable
2019-07-09 21:52:23,822 INFO  db.DBStoreBuilder (DBStoreBuilder.java:processTables(161)) - Using default column profile:DBProfile.DISK for Table:keyTable
2019-07-09 21:52:23,822 INFO  db.DBStoreBuilder (DBStoreBuilder.java:addTable(110)) - using custom profile for table: deletedTable
2019-07-09 21:52:23,822 INFO  db.DBStoreBuilder (DBStoreBuilder.java:processTables(161)) - Using default column profile:DBProfile.DISK for Table:deletedTable
2019-07-09 21:52:23,823 INFO  db.DBStoreBuilder (DBStoreBuilder.java:addTable(110)) - using custom profile for table: openKeyTable
2019-07-09 21:52:23,823 INFO  db.DBStoreBuilder (DBStoreBuilder.java:processTables(161)) - Using default column profile:DBProfile.DISK for Table:openKeyTable
2019-07-09 21:52:23,824 INFO  db.DBStoreBuilder (DBStoreBuilder.java:addTable(110)) - using custom profile for table: s3Table
2019-07-09 21:52:23,824 INFO  db.DBStoreBuilder (DBStoreBuilder.java:processTables(161)) - Using default column profile:DBProfile.DISK for Table:s3Table
2019-07-09 21:52:23,824 INFO  db.DBStoreBuilder (DBStoreBuilder.java:addTable(110)) - using custom profile for table: multipartInfoTable
2019-07-09 21:52:23,825 INFO  db.DBStoreBuilder (DBStoreBuilder.java:processTables(161)) - Using default column profile:DBProfile.DISK for Table:multipartInfoTable
2019-07-09 21:52:23,825 INFO  db.DBStoreBuilder (DBStoreBuilder.java:addTable(110)) - using custom profile for table: dTokenTable
2019-07-09 21:52:23,825 INFO  db.DBStoreBuilder (DBStoreBuilder.java:processTables(161)) - Using default column profile:DBProfile.DISK for Table:dTokenTable
2019-07-09 21:52:23,826 INFO  db.DBStoreBuilder (DBStoreBuilder.java:addTable(110)) - using custom profile for table: s3SecretTable
2019-07-09 21:52:23,826 INFO  db.DBStoreBuilder (DBStoreBuilder.java:processTables(161)) - Using default column profile:DBProfile.DISK for Table:s3SecretTable
2019-07-09 21:52:23,827 INFO  db.DBStoreBuilder (DBStoreBuilder.java:addTable(110)) - using custom profile for table: prefixTable
2019-07-09 21:52:23,827 INFO  db.DBStoreBuilder (DBStoreBuilder.java:processTables(161)) - Using default column profile:DBProfile.DISK for Table:prefixTable
2019-07-09 21:52:23,827 INFO  db.DBStoreBuilder (DBStoreBuilder.java:addTable(110)) - using custom profile for table: default
2019-07-09 21:52:23,828 INFO  db.DBStoreBuilder (DBStoreBuilder.java:processTables(167)) - Using default column profile:DBProfile.DISK for Table:default
2019-07-09 21:52:23,828 INFO  db.DBStoreBuilder (DBStoreBuilder.java:getDbProfile(198)) - Using default options. DBProfile.DISK
2019-07-09 21:52:24,561 INFO  ipc.CallQueueManager (CallQueueManager.java:<init>(84)) - Using callQueue: class java.util.concurrent.LinkedBlockingQueue, queueCapacity: 2000, scheduler: class org.apache.hadoop.ipc.DefaultRpcScheduler, ipcBackoff: false.
2019-07-09 21:52:24,563 INFO  ipc.Server (Server.java:run(1074)) - Starting Socket Reader #1 for port 46833
2019-07-09 21:52:24,595 WARN  server.ServerUtils (ServerUtils.java:getDBPath(222)) - ozone.om.db.dirs is not configured. We recommend adding this setting. Falling back to ozone.metadata.dirs instead.
2019-07-09 21:52:24,596 INFO  om.OzoneManager (OzoneManager.java:start(1219)) - OzoneManager RPC server is listening at localhost/127.0.0.1:46833
2019-07-09 21:52:24,596 INFO  impl.MetricsSystemImpl (MetricsSystemImpl.java:init(158)) - OzoneManager metrics system started (again)
2019-07-09 21:52:24,598 INFO  ipc.Server (Server.java:run(1314)) - IPC Server Responder: starting
2019-07-09 21:52:24,599 INFO  ipc.Server (Server.java:run(1153)) - IPC Server listener on 46833: starting
2019-07-09 21:52:24,612 INFO  hdfs.DFSUtil (DFSUtil.java:httpServerTemplateForNNAndJN(1641)) - Starting Web-server for ozoneManager at: http://0.0.0.0:0
2019-07-09 21:52:24,618 INFO  server.AuthenticationFilter (AuthenticationFilter.java:constructSecretProvider(240)) - Unable to initialize FileSignerSecretProvider, falling back to use random secrets.
2019-07-09 21:52:24,619 WARN  http.HttpRequestLog (HttpRequestLog.java:getRequestLog(97)) - Jetty request log can only be enabled using Log4j
2019-07-09 21:52:24,624 INFO  http.HttpServer2 (HttpServer2.java:addGlobalFilter(975)) - Added global filter 'safety' (class=org.apache.hadoop.http.HttpServer2$QuotingInputFilter)
2019-07-09 21:52:24,625 INFO  http.HttpServer2 (HttpServer2.java:addFilter(948)) - Added filter static_user_filter (class=org.apache.hadoop.http.lib.StaticUserWebFilter$StaticUserFilter) to context ozoneManager
2019-07-09 21:52:24,625 INFO  http.HttpServer2 (HttpServer2.java:addFilter(958)) - Added filter static_user_filter (class=org.apache.hadoop.http.lib.StaticUserWebFilter$StaticUserFilter) to context static
2019-07-09 21:52:24,626 INFO  http.HttpServer2 (HttpServer2.java:addFilter(958)) - Added filter static_user_filter (class=org.apache.hadoop.http.lib.StaticUserWebFilter$StaticUserFilter) to context logs
2019-07-09 21:52:24,630 INFO  http.HttpServer2 (HttpServer2.java:bindListener(1191)) - Jetty bound to port 34649
2019-07-09 21:52:24,630 INFO  server.Server (Server.java:doStart(351)) - jetty-9.3.24.v20180605, build timestamp: 2018-06-05T17:11:56Z, git hash: 84205aa28f11a4f31f2a3b86d1bba2cc8ab69827
2019-07-09 21:52:24,633 INFO  handler.ContextHandler (ContextHandler.java:doStart(781)) - Started o.e.j.s.ServletContextHandler@85ec632{/logs,file:///tmp/workdir/hadoop-ozone/tools/target/log,AVAILABLE}
2019-07-09 21:52:24,634 INFO  handler.ContextHandler (ContextHandler.java:doStart(781)) - Started o.e.j.s.ServletContextHandler@65ef722a{/static,file:///tmp/workdir/hadoop-ozone/ozone-manager/target/classes/webapps/static/,AVAILABLE}
2019-07-09 21:52:24,645 INFO  handler.ContextHandler (ContextHandler.java:doStart(781)) - Started o.e.j.w.WebAppContext@1c65121{/,file:///tmp/workdir/hadoop-ozone/ozone-manager/target/classes/webapps/ozoneManager/,AVAILABLE}{/ozoneManager}
2019-07-09 21:52:24,647 INFO  server.AbstractConnector (AbstractConnector.java:doStart(278)) - Started ServerConnector@159e366{HTTP/1.1,[http/1.1]}{0.0.0.0:34649}
2019-07-09 21:52:24,647 INFO  server.Server (Server.java:doStart(419)) - Started @3998ms
2019-07-09 21:52:24,648 INFO  server.BaseHttpServer (BaseHttpServer.java:updateConnectorAddress(207)) - HTTP server of OZONEMANAGER is listening at http://0.0.0.0:34649
2019-07-09 21:52:25,027 INFO  impl.MetricsSystemImpl (MetricsSystemImpl.java:init(158)) - HddsDatanode metrics system started (again)
2019-07-09 21:52:25,126 INFO  ozone.HddsDatanodeService (HddsDatanodeService.java:start(185)) - HddsDatanodeService host:hdds1735-74sld-1996548415 ip:192.168.5.139
2019-07-09 21:52:25,162 INFO  volume.HddsVolume (HddsVolume.java:<init>(176)) - Creating Volume: /tmp/workdir/hadoop-ozone/tools/target/test-dir/MiniOzoneClusterImpl-530f80f0-f73d-4bb2-a60c-75ade5895039/datanode-0/data/containers/hdds of  storage type : DISK and capacity : 52710309888
2019-07-09 21:52:25,164 INFO  volume.VolumeSet (VolumeSet.java:initializeVolumeSet(170)) - Added Volume : /tmp/workdir/hadoop-ozone/tools/target/test-dir/MiniOzoneClusterImpl-530f80f0-f73d-4bb2-a60c-75ade5895039/datanode-0/data/containers/hdds to VolumeSet
2019-07-09 21:52:25,168 INFO  volume.ThrottledAsyncChecker (ThrottledAsyncChecker.java:schedule(140)) - Scheduling a check for org.apache.hadoop.ozone.container.common.volume.HddsVolume@3122b117
2019-07-09 21:52:25,188 INFO  volume.HddsVolumeChecker (HddsVolumeChecker.java:checkAllVolumes(203)) - Scheduled health check for volume org.apache.hadoop.ozone.container.common.volume.HddsVolume@3122b117
2019-07-09 21:52:25,235 INFO  ratis.XceiverServerRatis (XceiverServerRatis.java:newXceiverServerRatis(411)) - Found a free port for the server : 41353
2019-07-09 21:52:25,306 INFO  impl.RaftServerProxy (ConfUtils.java:logGet(43)) - raft.rpc.type = GRPC (default)
2019-07-09 21:52:25,375 INFO  grpc.GrpcFactory (GrpcFactory.java:checkPooledByteBufAllocatorUseCacheForAllThreads(45)) - PERFORMANCE WARNING: useCacheForAllThreads is true that may cause Netty to create a lot garbage objects and, as a result, trigger GC.
	It is recommended to disable useCacheForAllThreads by setting -Dorg.apache.ratis.thirdparty.io.netty.allocator.useCacheForAllThreads=false in command line.
2019-07-09 21:52:25,380 INFO  grpc.GrpcConfigKeys$Server (ConfUtils.java:logGet(43)) - raft.grpc.server.port = 41353 (custom)
2019-07-09 21:52:25,381 INFO  server.GrpcService (ConfUtils.java:logGet(43)) - raft.grpc.message.size.max = 33570816 (custom)
2019-07-09 21:52:25,382 INFO  server.RaftServerConfigKeys (ConfUtils.java:logGet(43)) - raft.server.log.appender.buffer.byte-limit = 33554432 (custom)
2019-07-09 21:52:25,383 INFO  server.GrpcService (ConfUtils.java:logGet(43)) - raft.grpc.flow.control.window = 1MB (=1048576) (default)
2019-07-09 21:52:25,384 INFO  server.RaftServerConfigKeys (ConfUtils.java:logGet(43)) - raft.server.rpc.request.timeout = 3000ms (default)
2019-07-09 21:52:25,554 INFO  server.RaftServerConfigKeys (ConfUtils.java:logGet(43)) - raft.server.storage.dir = [/tmp/workdir/hadoop-ozone/tools/target/test-dir/MiniOzoneClusterImpl-530f80f0-f73d-4bb2-a60c-75ade5895039/datanode-0/data/ratis] (custom)
2019-07-09 21:52:25,561 INFO  server.XceiverServerGrpc (XceiverServerGrpc.java:<init>(97)) - Found a free port for the server : 38744
2019-07-09 21:52:25,590 INFO  replication.SimpleContainerDownloader (SimpleContainerDownloader.java:<init>(72)) - Starting container downloader service to copy containers to replicate.
2019-07-09 21:52:25,603 INFO  hdfs.DFSUtil (DFSUtil.java:httpServerTemplateForNNAndJN(1641)) - Starting Web-server for hddsDatanode at: http://0.0.0.0:0
2019-07-09 21:52:25,606 INFO  server.AuthenticationFilter (AuthenticationFilter.java:constructSecretProvider(240)) - Unable to initialize FileSignerSecretProvider, falling back to use random secrets.
2019-07-09 21:52:25,607 WARN  http.HttpRequestLog (HttpRequestLog.java:getRequestLog(97)) - Jetty request log can only be enabled using Log4j
2019-07-09 21:52:25,610 INFO  http.HttpServer2 (HttpServer2.java:addGlobalFilter(975)) - Added global filter 'safety' (class=org.apache.hadoop.http.HttpServer2$QuotingInputFilter)
2019-07-09 21:52:25,611 INFO  http.HttpServer2 (HttpServer2.java:addFilter(948)) - Added filter static_user_filter (class=org.apache.hadoop.http.lib.StaticUserWebFilter$StaticUserFilter) to context hddsDatanode
2019-07-09 21:52:25,612 INFO  http.HttpServer2 (HttpServer2.java:addFilter(958)) - Added filter static_user_filter (class=org.apache.hadoop.http.lib.StaticUserWebFilter$StaticUserFilter) to context static
2019-07-09 21:52:25,612 INFO  http.HttpServer2 (HttpServer2.java:addFilter(958)) - Added filter static_user_filter (class=org.apache.hadoop.http.lib.StaticUserWebFilter$StaticUserFilter) to context logs
2019-07-09 21:52:25,613 INFO  http.HttpServer2 (HttpServer2.java:bindListener(1191)) - Jetty bound to port 45904
2019-07-09 21:52:25,614 INFO  server.Server (Server.java:doStart(351)) - jetty-9.3.24.v20180605, build timestamp: 2018-06-05T17:11:56Z, git hash: 84205aa28f11a4f31f2a3b86d1bba2cc8ab69827
2019-07-09 21:52:25,617 INFO  handler.ContextHandler (ContextHandler.java:doStart(781)) - Started o.e.j.s.ServletContextHandler@3f4cd155{/logs,file:///tmp/workdir/hadoop-ozone/tools/target/log,AVAILABLE}
2019-07-09 21:52:25,618 INFO  handler.ContextHandler (ContextHandler.java:doStart(781)) - Started o.e.j.s.ServletContextHandler@506dcf55{/static,file:///tmp/workdir/hadoop-hdds/container-service/target/classes/webapps/static,AVAILABLE}
2019-07-09 21:52:25,624 INFO  handler.ContextHandler (ContextHandler.java:doStart(781)) - Started o.e.j.w.WebAppContext@6145b81e{/,file:///tmp/workdir/hadoop-hdds/container-service/target/classes/webapps/hddsDatanode/,AVAILABLE}{/hddsDatanode}
2019-07-09 21:52:25,625 INFO  server.AbstractConnector (AbstractConnector.java:doStart(278)) - Started ServerConnector@64355120{HTTP/1.1,[http/1.1]}{0.0.0.0:45904}
2019-07-09 21:52:25,627 INFO  server.Server (Server.java:doStart(419)) - Started @4978ms
2019-07-09 21:52:25,628 INFO  server.BaseHttpServer (BaseHttpServer.java:updateConnectorAddress(207)) - HTTP server of HDDSDATANODE is listening at http://0.0.0.0:45904
2019-07-09 21:52:26,762 INFO  ozone.HddsDatanodeService (HddsDatanodeService.java:startPlugins(396)) - Started plug-in org.apache.hadoop.ozone.web.OzoneHddsDatanodeService@36920bd6
2019-07-09 21:52:26,763 INFO  impl.MetricsSystemImpl (MetricsSystemImpl.java:init(158)) - HddsDatanode metrics system started (again)
2019-07-09 21:52:26,765 INFO  ozone.HddsDatanodeService (HddsDatanodeService.java:start(185)) - HddsDatanodeService host:hdds1735-74sld-1996548415 ip:192.168.5.139
2019-07-09 21:52:26,773 INFO  util.JvmPauseMonitor (JvmPauseMonitor.java:run(188)) - Starting JVM pause monitor
2019-07-09 21:52:26,776 INFO  volume.HddsVolume (HddsVolume.java:<init>(176)) - Creating Volume: /tmp/workdir/hadoop-ozone/tools/target/test-dir/MiniOzoneClusterImpl-530f80f0-f73d-4bb2-a60c-75ade5895039/datanode-1/data/containers/hdds of  storage type : DISK and capacity : 52710309888
2019-07-09 21:52:26,777 INFO  volume.VolumeSet (VolumeSet.java:initializeVolumeSet(170)) - Added Volume : /tmp/workdir/hadoop-ozone/tools/target/test-dir/MiniOzoneClusterImpl-530f80f0-f73d-4bb2-a60c-75ade5895039/datanode-1/data/containers/hdds to VolumeSet
2019-07-09 21:52:26,777 INFO  volume.ThrottledAsyncChecker (ThrottledAsyncChecker.java:schedule(140)) - Scheduling a check for org.apache.hadoop.ozone.container.common.volume.HddsVolume@208f0007
2019-07-09 21:52:26,777 INFO  volume.HddsVolumeChecker (HddsVolumeChecker.java:checkAllVolumes(203)) - Scheduled health check for volume org.apache.hadoop.ozone.container.common.volume.HddsVolume@208f0007
2019-07-09 21:52:26,795 INFO  ratis.XceiverServerRatis (XceiverServerRatis.java:newXceiverServerRatis(411)) - Found a free port for the server : 39397
2019-07-09 21:52:26,796 INFO  impl.RaftServerProxy (ConfUtils.java:logGet(43)) - raft.rpc.type = GRPC (default)
2019-07-09 21:52:26,797 INFO  grpc.GrpcFactory (GrpcFactory.java:checkPooledByteBufAllocatorUseCacheForAllThreads(45)) - PERFORMANCE WARNING: useCacheForAllThreads is true that may cause Netty to create a lot garbage objects and, as a result, trigger GC.
	It is recommended to disable useCacheForAllThreads by setting -Dorg.apache.ratis.thirdparty.io.netty.allocator.useCacheForAllThreads=false in command line.
2019-07-09 21:52:26,797 INFO  grpc.GrpcConfigKeys$Server (ConfUtils.java:logGet(43)) - raft.grpc.server.port = 39397 (custom)
2019-07-09 21:52:26,797 INFO  server.GrpcService (ConfUtils.java:logGet(43)) - raft.grpc.message.size.max = 33570816 (custom)
2019-07-09 21:52:26,797 INFO  server.RaftServerConfigKeys (ConfUtils.java:logGet(43)) - raft.server.log.appender.buffer.byte-limit = 33554432 (custom)
2019-07-09 21:52:26,798 INFO  server.GrpcService (ConfUtils.java:logGet(43)) - raft.grpc.flow.control.window = 1MB (=1048576) (default)
2019-07-09 21:52:26,798 INFO  server.RaftServerConfigKeys (ConfUtils.java:logGet(43)) - raft.server.rpc.request.timeout = 3000ms (default)
2019-07-09 21:52:26,798 INFO  server.RaftServerConfigKeys (ConfUtils.java:logGet(43)) - raft.server.storage.dir = [/tmp/workdir/hadoop-ozone/tools/target/test-dir/MiniOzoneClusterImpl-530f80f0-f73d-4bb2-a60c-75ade5895039/datanode-1/data/ratis] (custom)
2019-07-09 21:52:26,799 INFO  server.XceiverServerGrpc (XceiverServerGrpc.java:<init>(97)) - Found a free port for the server : 39587
2019-07-09 21:52:26,799 INFO  replication.SimpleContainerDownloader (SimpleContainerDownloader.java:<init>(72)) - Starting container downloader service to copy containers to replicate.
2019-07-09 21:52:26,801 INFO  hdfs.DFSUtil (DFSUtil.java:httpServerTemplateForNNAndJN(1641)) - Starting Web-server for hddsDatanode at: http://0.0.0.0:0
2019-07-09 21:52:26,803 INFO  server.AuthenticationFilter (AuthenticationFilter.java:constructSecretProvider(240)) - Unable to initialize FileSignerSecretProvider, falling back to use random secrets.
2019-07-09 21:52:26,805 WARN  http.HttpRequestLog (HttpRequestLog.java:getRequestLog(97)) - Jetty request log can only be enabled using Log4j
2019-07-09 21:52:26,808 INFO  http.HttpServer2 (HttpServer2.java:addGlobalFilter(975)) - Added global filter 'safety' (class=org.apache.hadoop.http.HttpServer2$QuotingInputFilter)
2019-07-09 21:52:26,810 INFO  http.HttpServer2 (HttpServer2.java:addFilter(948)) - Added filter static_user_filter (class=org.apache.hadoop.http.lib.StaticUserWebFilter$StaticUserFilter) to context hddsDatanode
2019-07-09 21:52:26,810 INFO  http.HttpServer2 (HttpServer2.java:addFilter(958)) - Added filter static_user_filter (class=org.apache.hadoop.http.lib.StaticUserWebFilter$StaticUserFilter) to context logs
2019-07-09 21:52:26,810 INFO  http.HttpServer2 (HttpServer2.java:addFilter(958)) - Added filter static_user_filter (class=org.apache.hadoop.http.lib.StaticUserWebFilter$StaticUserFilter) to context static
2019-07-09 21:52:26,812 INFO  http.HttpServer2 (HttpServer2.java:bindListener(1191)) - Jetty bound to port 38104
2019-07-09 21:52:26,812 INFO  server.Server (Server.java:doStart(351)) - jetty-9.3.24.v20180605, build timestamp: 2018-06-05T17:11:56Z, git hash: 84205aa28f11a4f31f2a3b86d1bba2cc8ab69827
2019-07-09 21:52:26,815 INFO  handler.ContextHandler (ContextHandler.java:doStart(781)) - Started o.e.j.s.ServletContextHandler@51dae791{/logs,file:///tmp/workdir/hadoop-ozone/tools/target/log,AVAILABLE}
2019-07-09 21:52:26,816 INFO  handler.ContextHandler (ContextHandler.java:doStart(781)) - Started o.e.j.s.ServletContextHandler@5de5e95{/static,file:///tmp/workdir/hadoop-hdds/container-service/target/classes/webapps/static,AVAILABLE}
2019-07-09 21:52:26,825 INFO  handler.ContextHandler (ContextHandler.java:doStart(781)) - Started o.e.j.w.WebAppContext@34c70b5e{/,file:///tmp/workdir/hadoop-hdds/container-service/target/classes/webapps/hddsDatanode/,AVAILABLE}{/hddsDatanode}
2019-07-09 21:52:26,826 INFO  server.AbstractConnector (AbstractConnector.java:doStart(278)) - Started ServerConnector@4f2d995e{HTTP/1.1,[http/1.1]}{0.0.0.0:38104}
2019-07-09 21:52:26,827 INFO  server.Server (Server.java:doStart(419)) - Started @6177ms
2019-07-09 21:52:26,828 INFO  server.BaseHttpServer (BaseHttpServer.java:updateConnectorAddress(207)) - HTTP server of HDDSDATANODE is listening at http://0.0.0.0:38104
2019-07-09 21:52:26,892 INFO  datanode.InitDatanodeState (InitDatanodeState.java:persistContainerDatanodeDetails(140)) - DatanodeDetails is persisted to /tmp/workdir/hadoop-ozone/tools/target/test-dir/MiniOzoneClusterImpl-530f80f0-f73d-4bb2-a60c-75ade5895039/datanode-0/meta/datanode.id
2019-07-09 21:52:26,990 INFO  ozone.HddsDatanodeService (HddsDatanodeService.java:startPlugins(396)) - Started plug-in org.apache.hadoop.ozone.web.OzoneHddsDatanodeService@696db620
2019-07-09 21:52:26,991 INFO  impl.MetricsSystemImpl (MetricsSystemImpl.java:init(158)) - HddsDatanode metrics system started (again)
2019-07-09 21:52:26,992 INFO  ozone.HddsDatanodeService (HddsDatanodeService.java:start(185)) - HddsDatanodeService host:hdds1735-74sld-1996548415 ip:192.168.5.139
2019-07-09 21:52:26,994 INFO  util.JvmPauseMonitor (JvmPauseMonitor.java:run(188)) - Starting JVM pause monitor
2019-07-09 21:52:27,001 INFO  volume.HddsVolume (HddsVolume.java:<init>(176)) - Creating Volume: /tmp/workdir/hadoop-ozone/tools/target/test-dir/MiniOzoneClusterImpl-530f80f0-f73d-4bb2-a60c-75ade5895039/datanode-2/data/containers/hdds of  storage type : DISK and capacity : 52710309888
2019-07-09 21:52:27,003 INFO  volume.VolumeSet (VolumeSet.java:initializeVolumeSet(170)) - Added Volume : /tmp/workdir/hadoop-ozone/tools/target/test-dir/MiniOzoneClusterImpl-530f80f0-f73d-4bb2-a60c-75ade5895039/datanode-2/data/containers/hdds to VolumeSet
2019-07-09 21:52:27,003 INFO  volume.ThrottledAsyncChecker (ThrottledAsyncChecker.java:schedule(140)) - Scheduling a check for org.apache.hadoop.ozone.container.common.volume.HddsVolume@12a470dd
2019-07-09 21:52:27,003 INFO  volume.HddsVolumeChecker (HddsVolumeChecker.java:checkAllVolumes(203)) - Scheduled health check for volume org.apache.hadoop.ozone.container.common.volume.HddsVolume@12a470dd
2019-07-09 21:52:27,004 INFO  datanode.InitDatanodeState (InitDatanodeState.java:persistContainerDatanodeDetails(140)) - DatanodeDetails is persisted to /tmp/workdir/hadoop-ozone/tools/target/test-dir/MiniOzoneClusterImpl-530f80f0-f73d-4bb2-a60c-75ade5895039/datanode-1/meta/datanode.id
2019-07-09 21:52:27,024 INFO  ratis.XceiverServerRatis (XceiverServerRatis.java:newXceiverServerRatis(411)) - Found a free port for the server : 41699
2019-07-09 21:52:27,027 INFO  impl.RaftServerProxy (ConfUtils.java:logGet(43)) - raft.rpc.type = GRPC (default)
2019-07-09 21:52:27,027 INFO  grpc.GrpcFactory (GrpcFactory.java:checkPooledByteBufAllocatorUseCacheForAllThreads(45)) - PERFORMANCE WARNING: useCacheForAllThreads is true that may cause Netty to create a lot garbage objects and, as a result, trigger GC.
	It is recommended to disable useCacheForAllThreads by setting -Dorg.apache.ratis.thirdparty.io.netty.allocator.useCacheForAllThreads=false in command line.
2019-07-09 21:52:27,027 INFO  grpc.GrpcConfigKeys$Server (ConfUtils.java:logGet(43)) - raft.grpc.server.port = 41699 (custom)
2019-07-09 21:52:27,028 INFO  server.GrpcService (ConfUtils.java:logGet(43)) - raft.grpc.message.size.max = 33570816 (custom)
2019-07-09 21:52:27,028 INFO  server.RaftServerConfigKeys (ConfUtils.java:logGet(43)) - raft.server.log.appender.buffer.byte-limit = 33554432 (custom)
2019-07-09 21:52:27,028 INFO  server.GrpcService (ConfUtils.java:logGet(43)) - raft.grpc.flow.control.window = 1MB (=1048576) (default)
2019-07-09 21:52:27,029 INFO  server.RaftServerConfigKeys (ConfUtils.java:logGet(43)) - raft.server.rpc.request.timeout = 3000ms (default)
2019-07-09 21:52:27,030 INFO  server.RaftServerConfigKeys (ConfUtils.java:logGet(43)) - raft.server.storage.dir = [/tmp/workdir/hadoop-ozone/tools/target/test-dir/MiniOzoneClusterImpl-530f80f0-f73d-4bb2-a60c-75ade5895039/datanode-2/data/ratis] (custom)
2019-07-09 21:52:27,030 INFO  server.XceiverServerGrpc (XceiverServerGrpc.java:<init>(97)) - Found a free port for the server : 45186
2019-07-09 21:52:27,031 INFO  replication.SimpleContainerDownloader (SimpleContainerDownloader.java:<init>(72)) - Starting container downloader service to copy containers to replicate.
2019-07-09 21:52:27,033 INFO  hdfs.DFSUtil (DFSUtil.java:httpServerTemplateForNNAndJN(1641)) - Starting Web-server for hddsDatanode at: http://0.0.0.0:0
2019-07-09 21:52:27,035 INFO  server.AuthenticationFilter (AuthenticationFilter.java:constructSecretProvider(240)) - Unable to initialize FileSignerSecretProvider, falling back to use random secrets.
2019-07-09 21:52:27,035 WARN  http.HttpRequestLog (HttpRequestLog.java:getRequestLog(97)) - Jetty request log can only be enabled using Log4j
2019-07-09 21:52:27,037 INFO  http.HttpServer2 (HttpServer2.java:addGlobalFilter(975)) - Added global filter 'safety' (class=org.apache.hadoop.http.HttpServer2$QuotingInputFilter)
2019-07-09 21:52:27,038 INFO  http.HttpServer2 (HttpServer2.java:addFilter(948)) - Added filter static_user_filter (class=org.apache.hadoop.http.lib.StaticUserWebFilter$StaticUserFilter) to context hddsDatanode
2019-07-09 21:52:27,038 INFO  http.HttpServer2 (HttpServer2.java:addFilter(958)) - Added filter static_user_filter (class=org.apache.hadoop.http.lib.StaticUserWebFilter$StaticUserFilter) to context static
2019-07-09 21:52:27,038 INFO  http.HttpServer2 (HttpServer2.java:addFilter(958)) - Added filter static_user_filter (class=org.apache.hadoop.http.lib.StaticUserWebFilter$StaticUserFilter) to context logs
2019-07-09 21:52:27,039 INFO  http.HttpServer2 (HttpServer2.java:bindListener(1191)) - Jetty bound to port 44622
2019-07-09 21:52:27,039 INFO  server.Server (Server.java:doStart(351)) - jetty-9.3.24.v20180605, build timestamp: 2018-06-05T17:11:56Z, git hash: 84205aa28f11a4f31f2a3b86d1bba2cc8ab69827
2019-07-09 21:52:27,043 INFO  handler.ContextHandler (ContextHandler.java:doStart(781)) - Started o.e.j.s.ServletContextHandler@3a3ed300{/logs,file:///tmp/workdir/hadoop-ozone/tools/target/log,AVAILABLE}
2019-07-09 21:52:27,043 INFO  handler.ContextHandler (ContextHandler.java:doStart(781)) - Started o.e.j.s.ServletContextHandler@39f5b723{/static,file:///tmp/workdir/hadoop-hdds/container-service/target/classes/webapps/static,AVAILABLE}
2019-07-09 21:52:27,047 INFO  handler.ContextHandler (ContextHandler.java:doStart(781)) - Started o.e.j.w.WebAppContext@16736040{/,file:///tmp/workdir/hadoop-hdds/container-service/target/classes/webapps/hddsDatanode/,AVAILABLE}{/hddsDatanode}
2019-07-09 21:52:27,048 INFO  server.AbstractConnector (AbstractConnector.java:doStart(278)) - Started ServerConnector@7c5d1d25{HTTP/1.1,[http/1.1]}{0.0.0.0:44622}
2019-07-09 21:52:27,049 INFO  server.Server (Server.java:doStart(419)) - Started @6399ms
2019-07-09 21:52:27,050 INFO  server.BaseHttpServer (BaseHttpServer.java:updateConnectorAddress(207)) - HTTP server of HDDSDATANODE is listening at http://0.0.0.0:44622
2019-07-09 21:52:27,232 INFO  ozone.HddsDatanodeService (HddsDatanodeService.java:startPlugins(396)) - Started plug-in org.apache.hadoop.ozone.web.OzoneHddsDatanodeService@62cba181
2019-07-09 21:52:27,235 INFO  ozone.MiniOzoneClusterImpl (MiniOzoneClusterImpl.java:lambda$waitForClusterToBeReady$0(142)) - Waiting for cluster to be ready. Got 0 of 3 DN Heartbeats.
2019-07-09 21:52:27,237 INFO  util.JvmPauseMonitor (JvmPauseMonitor.java:run(188)) - Starting JVM pause monitor
2019-07-09 21:52:27,239 INFO  datanode.InitDatanodeState (InitDatanodeState.java:persistContainerDatanodeDetails(140)) - DatanodeDetails is persisted to /tmp/workdir/hadoop-ozone/tools/target/test-dir/MiniOzoneClusterImpl-530f80f0-f73d-4bb2-a60c-75ade5895039/datanode-2/meta/datanode.id
2019-07-09 21:52:28,235 INFO  ozone.MiniOzoneClusterImpl (MiniOzoneClusterImpl.java:lambda$waitForClusterToBeReady$0(142)) - Waiting for cluster to be ready. Got 0 of 3 DN Heartbeats.
2019-07-09 21:52:28,825 INFO  ozoneimpl.OzoneContainer (OzoneContainer.java:start(186)) - Attempting to start container services.
2019-07-09 21:52:28,827 INFO  ozoneimpl.OzoneContainer (OzoneContainer.java:startContainerScrub(160)) - Background container scrubber has been disabled by hdds.containerscrub.enabled
2019-07-09 21:52:28,827 INFO  ratis.XceiverServerRatis (XceiverServerRatis.java:start(428)) - Starting XceiverServerRatis 7af45f66-d737-4ab6-a929-8561aa0ec301 at port 41353
2019-07-09 21:52:28,857 INFO  impl.RaftServerProxy (RaftServerProxy.java:lambda$start$3(299)) - 7af45f66-d737-4ab6-a929-8561aa0ec301: start RPC server
2019-07-09 21:52:28,983 INFO  server.GrpcService (GrpcService.java:startImpl(149)) - 7af45f66-d737-4ab6-a929-8561aa0ec301: GrpcService started, listening on 0.0.0.0/0.0.0.0:41353
2019-07-09 21:52:29,010 INFO  ozoneimpl.OzoneContainer (OzoneContainer.java:start(186)) - Attempting to start container services.
2019-07-09 21:52:29,012 INFO  ozoneimpl.OzoneContainer (OzoneContainer.java:startContainerScrub(160)) - Background container scrubber has been disabled by hdds.containerscrub.enabled
2019-07-09 21:52:29,012 INFO  ratis.XceiverServerRatis (XceiverServerRatis.java:start(428)) - Starting XceiverServerRatis c4917854-d170-490f-a44b-92c9239fc631 at port 39397
2019-07-09 21:52:29,026 INFO  impl.RaftServerProxy (RaftServerProxy.java:lambda$start$3(299)) - c4917854-d170-490f-a44b-92c9239fc631: start RPC server
2019-07-09 21:52:29,029 INFO  server.GrpcService (GrpcService.java:startImpl(149)) - c4917854-d170-490f-a44b-92c9239fc631: GrpcService started, listening on 0.0.0.0/0.0.0.0:39397
2019-07-09 21:52:29,236 INFO  ozone.MiniOzoneClusterImpl (MiniOzoneClusterImpl.java:lambda$waitForClusterToBeReady$0(142)) - Waiting for cluster to be ready. Got 0 of 3 DN Heartbeats.
2019-07-09 21:52:29,247 INFO  ozoneimpl.OzoneContainer (OzoneContainer.java:start(186)) - Attempting to start container services.
2019-07-09 21:52:29,248 INFO  ozoneimpl.OzoneContainer (OzoneContainer.java:startContainerScrub(160)) - Background container scrubber has been disabled by hdds.containerscrub.enabled
2019-07-09 21:52:29,249 INFO  ratis.XceiverServerRatis (XceiverServerRatis.java:start(428)) - Starting XceiverServerRatis f8e7be87-7761-4131-90ab-e45dd6acf112 at port 41699
2019-07-09 21:52:29,264 INFO  impl.RaftServerProxy (RaftServerProxy.java:lambda$start$3(299)) - f8e7be87-7761-4131-90ab-e45dd6acf112: start RPC server
2019-07-09 21:52:29,267 INFO  server.GrpcService (GrpcService.java:startImpl(149)) - f8e7be87-7761-4131-90ab-e45dd6acf112: GrpcService started, listening on 0.0.0.0/0.0.0.0:41699
2019-07-09 21:52:30,237 INFO  ozone.MiniOzoneClusterImpl (MiniOzoneClusterImpl.java:lambda$waitForClusterToBeReady$0(142)) - Waiting for cluster to be ready. Got 0 of 3 DN Heartbeats.
2019-07-09 21:52:30,819 INFO  net.NetworkTopology (NetworkTopologyImpl.java:add(109)) - Added a new node: /default-rack/192.168.5.139
2019-07-09 21:52:30,820 INFO  node.SCMNodeManager (SCMNodeManager.java:register(268)) - Registered Data node : 7af45f66-d737-4ab6-a929-8561aa0ec301{ip: 192.168.5.139, host: hdds1735-74sld-1996548415, networkLocation: /default-rack, certSerialId: null}
2019-07-09 21:52:30,826 INFO  safemode.SCMSafeModeManager (DataNodeSafeModeRule.java:process(71)) - SCM in safe mode. 1 DataNodes registered, 1 required.
2019-07-09 21:52:30,870 INFO  safemode.SCMSafeModeManager (SCMSafeModeManager.java:validateSafeModeExitRules(177)) - ScmSafeModeManager, all rules are successfully validated
2019-07-09 21:52:30,871 INFO  safemode.SCMSafeModeManager (SCMSafeModeManager.java:exitSafeMode(193)) - SCM exiting safe mode.
2019-07-09 21:52:30,998 INFO  node.SCMNodeManager (SCMNodeManager.java:register(268)) - Registered Data node : c4917854-d170-490f-a44b-92c9239fc631{ip: 192.168.5.139, host: hdds1735-74sld-1996548415, networkLocation: /default-rack, certSerialId: null}
2019-07-09 21:52:31,238 INFO  ozone.MiniOzoneClusterImpl (MiniOzoneClusterImpl.java:lambda$waitForClusterToBeReady$0(142)) - Waiting for cluster to be ready. Got 2 of 3 DN Heartbeats.
2019-07-09 21:52:31,240 INFO  node.SCMNodeManager (SCMNodeManager.java:register(268)) - Registered Data node : f8e7be87-7761-4131-90ab-e45dd6acf112{ip: 192.168.5.139, host: hdds1735-74sld-1996548415, networkLocation: /default-rack, certSerialId: null}
2019-07-09 21:52:31,445 INFO  impl.RaftServerProxy (RaftServerProxy.java:addNew(89)) - 7af45f66-d737-4ab6-a929-8561aa0ec301: addNew group-AAAEA603139E:[7af45f66-d737-4ab6-a929-8561aa0ec301:192.168.5.139:41353] returns group-AAAEA603139E:java.util.concurrent.CompletableFuture@5678ea72[Not completed]
2019-07-09 21:52:31,461 INFO  impl.RaftServerImpl (RaftServerImpl.java:<init>(93)) - 7af45f66-d737-4ab6-a929-8561aa0ec301: new RaftServerImpl for group-AAAEA603139E:[7af45f66-d737-4ab6-a929-8561aa0ec301:192.168.5.139:41353] with ContainerStateMachine:uninitialized
2019-07-09 21:52:31,464 INFO  server.RaftServerConfigKeys (ConfUtils.java:logGet(43)) - raft.server.rpc.timeout.min = 1s (custom)
2019-07-09 21:52:31,466 INFO  server.RaftServerConfigKeys (ConfUtils.java:logGet(43)) - raft.server.rpc.timeout.max = 1200ms (custom)
2019-07-09 21:52:31,466 INFO  server.RaftServerConfigKeys (ConfUtils.java:logGet(43)) - raft.server.rpcslowness.timeout = 120s (custom)
2019-07-09 21:52:31,467 INFO  server.RaftServerConfigKeys (ConfUtils.java:logGet(43)) - raft.server.sleep.deviation.threshold = 300 (default)
2019-07-09 21:52:31,468 INFO  server.RaftServerConfigKeys (ConfUtils.java:logGet(43)) - raft.server.log.appender.install.snapshot.enabled = false (custom)
2019-07-09 21:52:31,479 INFO  impl.RaftServerImpl (ServerState.java:<init>(105)) - 7af45f66-d737-4ab6-a929-8561aa0ec301:group-AAAEA603139E ConfigurationManager, init=-1: [7af45f66-d737-4ab6-a929-8561aa0ec301:192.168.5.139:41353], old=null, confs=<EMPTY_MAP>
2019-07-09 21:52:31,479 INFO  server.RaftServerConfigKeys (ConfUtils.java:logGet(43)) - raft.server.storage.dir = [/tmp/workdir/hadoop-ozone/tools/target/test-dir/MiniOzoneClusterImpl-530f80f0-f73d-4bb2-a60c-75ade5895039/datanode-0/data/ratis] (custom)
2019-07-09 21:52:31,488 INFO  storage.RaftStorageDirectory (RaftStorageDirectory.java:analyzeStorage(246)) - The storage directory /tmp/workdir/hadoop-ozone/tools/target/test-dir/MiniOzoneClusterImpl-530f80f0-f73d-4bb2-a60c-75ade5895039/datanode-0/data/ratis/1b1d8c70-236d-45dd-8610-aaaea603139e does not exist. Creating ...
2019-07-09 21:52:31,500 INFO  storage.RaftStorageDirectory (RaftStorageDirectory.java:tryLock(328)) - Lock on /tmp/workdir/hadoop-ozone/tools/target/test-dir/MiniOzoneClusterImpl-530f80f0-f73d-4bb2-a60c-75ade5895039/datanode-0/data/ratis/1b1d8c70-236d-45dd-8610-aaaea603139e/in_use.lock acquired by nodename 22386@hdds1735-74sld-1996548415
2019-07-09 21:52:31,506 INFO  storage.RaftStorage (RaftStorage.java:format(72)) - Storage directory /tmp/workdir/hadoop-ozone/tools/target/test-dir/MiniOzoneClusterImpl-530f80f0-f73d-4bb2-a60c-75ade5895039/datanode-0/data/ratis/1b1d8c70-236d-45dd-8610-aaaea603139e has been successfully formatted.
2019-07-09 21:52:31,509 INFO  ratis.ContainerStateMachine (ContainerStateMachine.java:loadSnapshot(198)) - The snapshot info is null.Setting the last applied index to:(t:0, i:~)
2019-07-09 21:52:31,509 INFO  server.RaftServerConfigKeys (ConfUtils.java:logGet(43)) - raft.server.leader.election.timeout = 120s (custom)
2019-07-09 21:52:31,512 INFO  server.RaftServerConfigKeys (ConfUtils.java:logGet(43)) - raft.server.log.use.memory = false (default)
2019-07-09 21:52:31,519 INFO  server.RaftServerConfigKeys (ConfUtils.java:logGet(43)) - raft.server.log.purge.gap = 1000000000 (custom)
2019-07-09 21:52:31,519 INFO  server.RaftServerConfigKeys (ConfUtils.java:logGet(43)) - raft.server.log.appender.buffer.byte-limit = 33554432 (custom)
2019-07-09 21:52:31,521 INFO  server.RaftServerConfigKeys (ConfUtils.java:logGet(43)) - raft.server.log.segment.size.max = 1048576 (custom)
2019-07-09 21:52:31,527 INFO  server.RaftServerConfigKeys (ConfUtils.java:logGet(43)) - raft.server.log.segment.cache.num.max = 2 (custom)
2019-07-09 21:52:31,534 INFO  segmented.SegmentedRaftLogWorker (SegmentedRaftLogWorker.java:<init>(172)) - new 7af45f66-d737-4ab6-a929-8561aa0ec301-SegmentedRaftLogWorker:Storage Directory /tmp/workdir/hadoop-ozone/tools/target/test-dir/MiniOzoneClusterImpl-530f80f0-f73d-4bb2-a60c-75ade5895039/datanode-0/data/ratis/1b1d8c70-236d-45dd-8610-aaaea603139e for RaftStorage:Storage Directory /tmp/workdir/hadoop-ozone/tools/target/test-dir/MiniOzoneClusterImpl-530f80f0-f73d-4bb2-a60c-75ade5895039/datanode-0/data/ratis/1b1d8c70-236d-45dd-8610-aaaea603139e
2019-07-09 21:52:31,550 INFO  server.RaftServerConfigKeys (ConfUtils.java:logGet(43)) - raft.server.log.queue.byte-limit = 2147483647 (custom)
2019-07-09 21:52:31,551 INFO  server.RaftServerConfigKeys (ConfUtils.java:logGet(43)) - raft.server.log.queue.element-limit = 1024 (custom)
2019-07-09 21:52:31,557 INFO  server.RaftServerConfigKeys (ConfUtils.java:logGet(43)) - raft.server.log.segment.size.max = 1048576 (custom)
2019-07-09 21:52:31,558 INFO  server.RaftServerConfigKeys (ConfUtils.java:logGet(43)) - raft.server.log.preallocated.size = 16384 (custom)
2019-07-09 21:52:31,558 INFO  server.RaftServerConfigKeys (ConfUtils.java:logGet(43)) - raft.server.log.write.buffer.size = 33554432 (custom)
2019-07-09 21:52:31,559 INFO  server.RaftServerConfigKeys (ConfUtils.java:logGet(43)) - raft.server.log.force.sync.num = 128 (default)
2019-07-09 21:52:31,560 INFO  server.RaftServerConfigKeys (ConfUtils.java:logGet(43)) - raft.server.log.statemachine.data.sync = true (default)
2019-07-09 21:52:31,560 INFO  server.RaftServerConfigKeys (ConfUtils.java:logGet(43)) - raft.server.log.statemachine.data.sync.timeout = 10s (default)
2019-07-09 21:52:31,561 INFO  server.RaftServerConfigKeys (ConfUtils.java:logGet(43)) - raft.server.log.statemachine.data.sync.timeout.retry = -1 (default)
2019-07-09 21:52:31,573 INFO  server.RaftServerConfigKeys (ConfUtils.java:logGet(43)) - raft.server.log.statemachine.data.caching.enabled = true (custom)
2019-07-09 21:52:31,578 INFO  segmented.SegmentedRaftLogWorker (SegmentedRaftLogWorker.java:lambda$new$0(132)) - 7af45f66-d737-4ab6-a929-8561aa0ec301-SegmentedRaftLogWorker:Storage Directory /tmp/workdir/hadoop-ozone/tools/target/test-dir/MiniOzoneClusterImpl-530f80f0-f73d-4bb2-a60c-75ade5895039/datanode-0/data/ratis/1b1d8c70-236d-45dd-8610-aaaea603139e: flushIndex: setUnconditionally 0 -> -1
2019-07-09 21:52:31,582 INFO  server.RaftServerConfigKeys (ConfUtils.java:logGet(43)) - raft.server.snapshot.auto.trigger.enabled = true (custom)
2019-07-09 21:52:31,583 INFO  server.RaftServerConfigKeys (ConfUtils.java:logGet(43)) - raft.server.snapshot.auto.trigger.threshold = 10000 (custom)
2019-07-09 21:52:31,583 INFO  server.RaftServerConfigKeys (ConfUtils.java:logGet(43)) - raft.server.retrycache.expirytime = 600000ms (custom)
2019-07-09 21:52:31,866 INFO  impl.RaftServerImpl (RaftServerImpl.java:start(180)) - 7af45f66-d737-4ab6-a929-8561aa0ec301: start group-AAAEA603139E
2019-07-09 21:52:31,867 INFO  impl.RaftServerImpl (RaftServerImpl.java:setRole(171)) - 7af45f66-d737-4ab6-a929-8561aa0ec301:group-AAAEA603139E changes role from null to FOLLOWER at term 0 for startAsFollower
2019-07-09 21:52:31,869 INFO  impl.RoleInfo (RoleInfo.java:updateAndGet(143)) - 7af45f66-d737-4ab6-a929-8561aa0ec301: start FollowerState
2019-07-09 21:52:31,872 INFO  util.JmxRegister (JmxRegister.java:tryRegister(44)) - Successfully registered JMX Bean with object name Ratis:service=RaftServer,group=group-AAAEA603139E,id=7af45f66-d737-4ab6-a929-8561aa0ec301
2019-07-09 21:52:31,944 INFO  pipeline.PipelineStateManager (PipelineStateManager.java:addPipeline(56)) - Created pipeline Pipeline[ Id: 1b1d8c70-236d-45dd-8610-aaaea603139e, Nodes: 7af45f66-d737-4ab6-a929-8561aa0ec301{ip: 192.168.5.139, host: hdds1735-74sld-1996548415, networkLocation: /default-rack, certSerialId: null}, Type:RATIS, Factor:ONE, State:OPEN]
2019-07-09 21:52:31,967 INFO  impl.RaftServerProxy (RaftServerProxy.java:addNew(89)) - c4917854-d170-490f-a44b-92c9239fc631: addNew group-A39AE73F4F5D:[c4917854-d170-490f-a44b-92c9239fc631:192.168.5.139:39397] returns group-A39AE73F4F5D:java.util.concurrent.CompletableFuture@22ff5620[Not completed]
2019-07-09 21:52:31,995 INFO  impl.RaftServerImpl (RaftServerImpl.java:<init>(93)) - c4917854-d170-490f-a44b-92c9239fc631: new RaftServerImpl for group-A39AE73F4F5D:[c4917854-d170-490f-a44b-92c9239fc631:192.168.5.139:39397] with ContainerStateMachine:uninitialized
2019-07-09 21:52:31,997 INFO  server.RaftServerConfigKeys (ConfUtils.java:logGet(43)) - raft.server.rpc.timeout.min = 1s (custom)
2019-07-09 21:52:31,997 INFO  server.RaftServerConfigKeys (ConfUtils.java:logGet(43)) - raft.server.rpc.timeout.max = 1200ms (custom)
2019-07-09 21:52:31,998 INFO  server.RaftServerConfigKeys (ConfUtils.java:logGet(43)) - raft.server.rpcslowness.timeout = 120s (custom)
2019-07-09 21:52:31,998 INFO  server.RaftServerConfigKeys (ConfUtils.java:logGet(43)) - raft.server.sleep.deviation.threshold = 300 (default)
2019-07-09 21:52:31,998 INFO  server.RaftServerConfigKeys (ConfUtils.java:logGet(43)) - raft.server.log.appender.install.snapshot.enabled = false (custom)
2019-07-09 21:52:31,998 INFO  impl.RaftServerImpl (ServerState.java:<init>(105)) - c4917854-d170-490f-a44b-92c9239fc631:group-A39AE73F4F5D ConfigurationManager, init=-1: [c4917854-d170-490f-a44b-92c9239fc631:192.168.5.139:39397], old=null, confs=<EMPTY_MAP>
2019-07-09 21:52:31,999 INFO  server.RaftServerConfigKeys (ConfUtils.java:logGet(43)) - raft.server.storage.dir = [/tmp/workdir/hadoop-ozone/tools/target/test-dir/MiniOzoneClusterImpl-530f80f0-f73d-4bb2-a60c-75ade5895039/datanode-1/data/ratis] (custom)
2019-07-09 21:52:31,999 INFO  storage.RaftStorageDirectory (RaftStorageDirectory.java:analyzeStorage(246)) - The storage directory /tmp/workdir/hadoop-ozone/tools/target/test-dir/MiniOzoneClusterImpl-530f80f0-f73d-4bb2-a60c-75ade5895039/datanode-1/data/ratis/1660fb86-d2d1-4726-b9db-a39ae73f4f5d does not exist. Creating ...
2019-07-09 21:52:32,012 INFO  storage.RaftStorageDirectory (RaftStorageDirectory.java:tryLock(328)) - Lock on /tmp/workdir/hadoop-ozone/tools/target/test-dir/MiniOzoneClusterImpl-530f80f0-f73d-4bb2-a60c-75ade5895039/datanode-1/data/ratis/1660fb86-d2d1-4726-b9db-a39ae73f4f5d/in_use.lock acquired by nodename 22386@hdds1735-74sld-1996548415
2019-07-09 21:52:32,016 INFO  storage.RaftStorage (RaftStorage.java:format(72)) - Storage directory /tmp/workdir/hadoop-ozone/tools/target/test-dir/MiniOzoneClusterImpl-530f80f0-f73d-4bb2-a60c-75ade5895039/datanode-1/data/ratis/1660fb86-d2d1-4726-b9db-a39ae73f4f5d has been successfully formatted.
2019-07-09 21:52:32,017 INFO  ratis.ContainerStateMachine (ContainerStateMachine.java:loadSnapshot(198)) - The snapshot info is null.Setting the last applied index to:(t:0, i:~)
2019-07-09 21:52:32,018 INFO  server.RaftServerConfigKeys (ConfUtils.java:logGet(43)) - raft.server.leader.election.timeout = 120s (custom)
2019-07-09 21:52:32,018 INFO  server.RaftServerConfigKeys (ConfUtils.java:logGet(43)) - raft.server.log.use.memory = false (default)
2019-07-09 21:52:32,019 INFO  server.RaftServerConfigKeys (ConfUtils.java:logGet(43)) - raft.server.log.purge.gap = 1000000000 (custom)
2019-07-09 21:52:32,019 INFO  server.RaftServerConfigKeys (ConfUtils.java:logGet(43)) - raft.server.log.appender.buffer.byte-limit = 33554432 (custom)
2019-07-09 21:52:32,019 INFO  server.RaftServerConfigKeys (ConfUtils.java:logGet(43)) - raft.server.log.segment.size.max = 1048576 (custom)
2019-07-09 21:52:32,019 INFO  server.RaftServerConfigKeys (ConfUtils.java:logGet(43)) - raft.server.log.segment.cache.num.max = 2 (custom)
2019-07-09 21:52:32,020 INFO  segmented.SegmentedRaftLogWorker (SegmentedRaftLogWorker.java:<init>(172)) - new c4917854-d170-490f-a44b-92c9239fc631-SegmentedRaftLogWorker:Storage Directory /tmp/workdir/hadoop-ozone/tools/target/test-dir/MiniOzoneClusterImpl-530f80f0-f73d-4bb2-a60c-75ade5895039/datanode-1/data/ratis/1660fb86-d2d1-4726-b9db-a39ae73f4f5d for RaftStorage:Storage Directory /tmp/workdir/hadoop-ozone/tools/target/test-dir/MiniOzoneClusterImpl-530f80f0-f73d-4bb2-a60c-75ade5895039/datanode-1/data/ratis/1660fb86-d2d1-4726-b9db-a39ae73f4f5d
2019-07-09 21:52:32,021 INFO  server.RaftServerConfigKeys (ConfUtils.java:logGet(43)) - raft.server.log.queue.byte-limit = 2147483647 (custom)
2019-07-09 21:52:32,021 INFO  server.RaftServerConfigKeys (ConfUtils.java:logGet(43)) - raft.server.log.queue.element-limit = 1024 (custom)
2019-07-09 21:52:32,021 INFO  server.RaftServerConfigKeys (ConfUtils.java:logGet(43)) - raft.server.log.segment.size.max = 1048576 (custom)
2019-07-09 21:52:32,022 INFO  server.RaftServerConfigKeys (ConfUtils.java:logGet(43)) - raft.server.log.preallocated.size = 16384 (custom)
2019-07-09 21:52:32,022 INFO  server.RaftServerConfigKeys (ConfUtils.java:logGet(43)) - raft.server.log.write.buffer.size = 33554432 (custom)
2019-07-09 21:52:32,022 INFO  server.RaftServerConfigKeys (ConfUtils.java:logGet(43)) - raft.server.log.force.sync.num = 128 (default)
2019-07-09 21:52:32,023 INFO  server.RaftServerConfigKeys (ConfUtils.java:logGet(43)) - raft.server.log.statemachine.data.sync = true (default)
2019-07-09 21:52:32,023 INFO  server.RaftServerConfigKeys (ConfUtils.java:logGet(43)) - raft.server.log.statemachine.data.sync.timeout = 10s (default)
2019-07-09 21:52:32,023 INFO  server.RaftServerConfigKeys (ConfUtils.java:logGet(43)) - raft.server.log.statemachine.data.sync.timeout.retry = -1 (default)
2019-07-09 21:52:32,024 INFO  server.RaftServerConfigKeys (ConfUtils.java:logGet(43)) - raft.server.log.statemachine.data.caching.enabled = true (custom)
2019-07-09 21:52:32,024 INFO  segmented.SegmentedRaftLogWorker (SegmentedRaftLogWorker.java:lambda$new$0(132)) - c4917854-d170-490f-a44b-92c9239fc631-SegmentedRaftLogWorker:Storage Directory /tmp/workdir/hadoop-ozone/tools/target/test-dir/MiniOzoneClusterImpl-530f80f0-f73d-4bb2-a60c-75ade5895039/datanode-1/data/ratis/1660fb86-d2d1-4726-b9db-a39ae73f4f5d: flushIndex: setUnconditionally 0 -> -1
2019-07-09 21:52:32,025 INFO  server.RaftServerConfigKeys (ConfUtils.java:logGet(43)) - raft.server.snapshot.auto.trigger.enabled = true (custom)
2019-07-09 21:52:32,025 INFO  server.RaftServerConfigKeys (ConfUtils.java:logGet(43)) - raft.server.snapshot.auto.trigger.threshold = 10000 (custom)
2019-07-09 21:52:32,025 INFO  server.RaftServerConfigKeys (ConfUtils.java:logGet(43)) - raft.server.retrycache.expirytime = 600000ms (custom)
2019-07-09 21:52:32,026 INFO  impl.RaftServerImpl (RaftServerImpl.java:start(180)) - c4917854-d170-490f-a44b-92c9239fc631: start group-A39AE73F4F5D
2019-07-09 21:52:32,026 INFO  impl.RaftServerImpl (RaftServerImpl.java:setRole(171)) - c4917854-d170-490f-a44b-92c9239fc631:group-A39AE73F4F5D changes role from null to FOLLOWER at term 0 for startAsFollower
2019-07-09 21:52:32,026 INFO  impl.RoleInfo (RoleInfo.java:updateAndGet(143)) - c4917854-d170-490f-a44b-92c9239fc631: start FollowerState
2019-07-09 21:52:32,027 INFO  util.JmxRegister (JmxRegister.java:tryRegister(44)) - Successfully registered JMX Bean with object name Ratis:service=RaftServer,group=group-A39AE73F4F5D,id=c4917854-d170-490f-a44b-92c9239fc631
2019-07-09 21:52:32,039 INFO  pipeline.PipelineStateManager (PipelineStateManager.java:addPipeline(56)) - Created pipeline Pipeline[ Id: 1660fb86-d2d1-4726-b9db-a39ae73f4f5d, Nodes: c4917854-d170-490f-a44b-92c9239fc631{ip: 192.168.5.139, host: hdds1735-74sld-1996548415, networkLocation: /default-rack, certSerialId: null}, Type:RATIS, Factor:ONE, State:OPEN]
2019-07-09 21:52:32,062 INFO  impl.RaftServerProxy (RaftServerProxy.java:addNew(89)) - f8e7be87-7761-4131-90ab-e45dd6acf112: addNew group-33C56F6450D4:[f8e7be87-7761-4131-90ab-e45dd6acf112:192.168.5.139:41699] returns group-33C56F6450D4:java.util.concurrent.CompletableFuture@fdfa579[Not completed]
2019-07-09 21:52:32,066 INFO  impl.RaftServerImpl (RaftServerImpl.java:<init>(93)) - f8e7be87-7761-4131-90ab-e45dd6acf112: new RaftServerImpl for group-33C56F6450D4:[f8e7be87-7761-4131-90ab-e45dd6acf112:192.168.5.139:41699] with ContainerStateMachine:uninitialized
2019-07-09 21:52:32,067 INFO  server.RaftServerConfigKeys (ConfUtils.java:logGet(43)) - raft.server.rpc.timeout.min = 1s (custom)
2019-07-09 21:52:32,067 INFO  server.RaftServerConfigKeys (ConfUtils.java:logGet(43)) - raft.server.rpc.timeout.max = 1200ms (custom)
2019-07-09 21:52:32,068 INFO  server.RaftServerConfigKeys (ConfUtils.java:logGet(43)) - raft.server.rpcslowness.timeout = 120s (custom)
2019-07-09 21:52:32,068 INFO  server.RaftServerConfigKeys (ConfUtils.java:logGet(43)) - raft.server.sleep.deviation.threshold = 300 (default)
2019-07-09 21:52:32,068 INFO  server.RaftServerConfigKeys (ConfUtils.java:logGet(43)) - raft.server.log.appender.install.snapshot.enabled = false (custom)
2019-07-09 21:52:32,068 INFO  impl.RaftServerImpl (ServerState.java:<init>(105)) - f8e7be87-7761-4131-90ab-e45dd6acf112:group-33C56F6450D4 ConfigurationManager, init=-1: [f8e7be87-7761-4131-90ab-e45dd6acf112:192.168.5.139:41699], old=null, confs=<EMPTY_MAP>
2019-07-09 21:52:32,068 INFO  server.RaftServerConfigKeys (ConfUtils.java:logGet(43)) - raft.server.storage.dir = [/tmp/workdir/hadoop-ozone/tools/target/test-dir/MiniOzoneClusterImpl-530f80f0-f73d-4bb2-a60c-75ade5895039/datanode-2/data/ratis] (custom)
2019-07-09 21:52:32,069 INFO  storage.RaftStorageDirectory (RaftStorageDirectory.java:analyzeStorage(246)) - The storage directory /tmp/workdir/hadoop-ozone/tools/target/test-dir/MiniOzoneClusterImpl-530f80f0-f73d-4bb2-a60c-75ade5895039/datanode-2/data/ratis/18bdc779-0fa4-48f3-ab42-33c56f6450d4 does not exist. Creating ...
2019-07-09 21:52:32,080 INFO  storage.RaftStorageDirectory (RaftStorageDirectory.java:tryLock(328)) - Lock on /tmp/workdir/hadoop-ozone/tools/target/test-dir/MiniOzoneClusterImpl-530f80f0-f73d-4bb2-a60c-75ade5895039/datanode-2/data/ratis/18bdc779-0fa4-48f3-ab42-33c56f6450d4/in_use.lock acquired by nodename 22386@hdds1735-74sld-1996548415
2019-07-09 21:52:32,087 INFO  storage.RaftStorage (RaftStorage.java:format(72)) - Storage directory /tmp/workdir/hadoop-ozone/tools/target/test-dir/MiniOzoneClusterImpl-530f80f0-f73d-4bb2-a60c-75ade5895039/datanode-2/data/ratis/18bdc779-0fa4-48f3-ab42-33c56f6450d4 has been successfully formatted.
2019-07-09 21:52:32,087 INFO  ratis.ContainerStateMachine (ContainerStateMachine.java:loadSnapshot(198)) - The snapshot info is null.Setting the last applied index to:(t:0, i:~)
2019-07-09 21:52:32,087 INFO  server.RaftServerConfigKeys (ConfUtils.java:logGet(43)) - raft.server.leader.election.timeout = 120s (custom)
2019-07-09 21:52:32,087 INFO  server.RaftServerConfigKeys (ConfUtils.java:logGet(43)) - raft.server.log.use.memory = false (default)
2019-07-09 21:52:32,088 INFO  server.RaftServerConfigKeys (ConfUtils.java:logGet(43)) - raft.server.log.purge.gap = 1000000000 (custom)
2019-07-09 21:52:32,088 INFO  server.RaftServerConfigKeys (ConfUtils.java:logGet(43)) - raft.server.log.appender.buffer.byte-limit = 33554432 (custom)
2019-07-09 21:52:32,088 INFO  server.RaftServerConfigKeys (ConfUtils.java:logGet(43)) - raft.server.log.segment.size.max = 1048576 (custom)
2019-07-09 21:52:32,088 INFO  server.RaftServerConfigKeys (ConfUtils.java:logGet(43)) - raft.server.log.segment.cache.num.max = 2 (custom)
2019-07-09 21:52:32,088 INFO  segmented.SegmentedRaftLogWorker (SegmentedRaftLogWorker.java:<init>(172)) - new f8e7be87-7761-4131-90ab-e45dd6acf112-SegmentedRaftLogWorker:Storage Directory /tmp/workdir/hadoop-ozone/tools/target/test-dir/MiniOzoneClusterImpl-530f80f0-f73d-4bb2-a60c-75ade5895039/datanode-2/data/ratis/18bdc779-0fa4-48f3-ab42-33c56f6450d4 for RaftStorage:Storage Directory /tmp/workdir/hadoop-ozone/tools/target/test-dir/MiniOzoneClusterImpl-530f80f0-f73d-4bb2-a60c-75ade5895039/datanode-2/data/ratis/18bdc779-0fa4-48f3-ab42-33c56f6450d4
2019-07-09 21:52:32,089 INFO  server.RaftServerConfigKeys (ConfUtils.java:logGet(43)) - raft.server.log.queue.byte-limit = 2147483647 (custom)
2019-07-09 21:52:32,089 INFO  server.RaftServerConfigKeys (ConfUtils.java:logGet(43)) - raft.server.log.queue.element-limit = 1024 (custom)
2019-07-09 21:52:32,089 INFO  server.RaftServerConfigKeys (ConfUtils.java:logGet(43)) - raft.server.log.segment.size.max = 1048576 (custom)
2019-07-09 21:52:32,089 INFO  server.RaftServerConfigKeys (ConfUtils.java:logGet(43)) - raft.server.log.preallocated.size = 16384 (custom)
2019-07-09 21:52:32,089 INFO  server.RaftServerConfigKeys (ConfUtils.java:logGet(43)) - raft.server.log.write.buffer.size = 33554432 (custom)
2019-07-09 21:52:32,089 INFO  server.RaftServerConfigKeys (ConfUtils.java:logGet(43)) - raft.server.log.force.sync.num = 128 (default)
2019-07-09 21:52:32,090 INFO  server.RaftServerConfigKeys (ConfUtils.java:logGet(43)) - raft.server.log.statemachine.data.sync = true (default)
2019-07-09 21:52:32,090 INFO  server.RaftServerConfigKeys (ConfUtils.java:logGet(43)) - raft.server.log.statemachine.data.sync.timeout = 10s (default)
2019-07-09 21:52:32,090 INFO  server.RaftServerConfigKeys (ConfUtils.java:logGet(43)) - raft.server.log.statemachine.data.sync.timeout.retry = -1 (default)
2019-07-09 21:52:32,090 INFO  server.RaftServerConfigKeys (ConfUtils.java:logGet(43)) - raft.server.log.statemachine.data.caching.enabled = true (custom)
2019-07-09 21:52:32,091 INFO  segmented.SegmentedRaftLogWorker (SegmentedRaftLogWorker.java:lambda$new$0(132)) - f8e7be87-7761-4131-90ab-e45dd6acf112-SegmentedRaftLogWorker:Storage Directory /tmp/workdir/hadoop-ozone/tools/target/test-dir/MiniOzoneClusterImpl-530f80f0-f73d-4bb2-a60c-75ade5895039/datanode-2/data/ratis/18bdc779-0fa4-48f3-ab42-33c56f6450d4: flushIndex: setUnconditionally 0 -> -1
2019-07-09 21:52:32,091 INFO  server.RaftServerConfigKeys (ConfUtils.java:logGet(43)) - raft.server.snapshot.auto.trigger.enabled = true (custom)
2019-07-09 21:52:32,091 INFO  server.RaftServerConfigKeys (ConfUtils.java:logGet(43)) - raft.server.snapshot.auto.trigger.threshold = 10000 (custom)
2019-07-09 21:52:32,091 INFO  server.RaftServerConfigKeys (ConfUtils.java:logGet(43)) - raft.server.retrycache.expirytime = 600000ms (custom)
2019-07-09 21:52:32,092 INFO  impl.RaftServerImpl (RaftServerImpl.java:start(180)) - f8e7be87-7761-4131-90ab-e45dd6acf112: start group-33C56F6450D4
2019-07-09 21:52:32,092 INFO  impl.RaftServerImpl (RaftServerImpl.java:setRole(171)) - f8e7be87-7761-4131-90ab-e45dd6acf112:group-33C56F6450D4 changes role from null to FOLLOWER at term 0 for startAsFollower
2019-07-09 21:52:32,092 INFO  impl.RoleInfo (RoleInfo.java:updateAndGet(143)) - f8e7be87-7761-4131-90ab-e45dd6acf112: start FollowerState
2019-07-09 21:52:32,092 INFO  util.JmxRegister (JmxRegister.java:tryRegister(44)) - Successfully registered JMX Bean with object name Ratis:service=RaftServer,group=group-33C56F6450D4,id=f8e7be87-7761-4131-90ab-e45dd6acf112
2019-07-09 21:52:32,104 INFO  pipeline.PipelineStateManager (PipelineStateManager.java:addPipeline(56)) - Created pipeline Pipeline[ Id: 18bdc779-0fa4-48f3-ab42-33c56f6450d4, Nodes: f8e7be87-7761-4131-90ab-e45dd6acf112{ip: 192.168.5.139, host: hdds1735-74sld-1996548415, networkLocation: /default-rack, certSerialId: null}, Type:RATIS, Factor:ONE, State:OPEN]
2019-07-09 21:52:32,147 INFO  impl.RaftServerProxy (RaftServerProxy.java:addNew(89)) - f8e7be87-7761-4131-90ab-e45dd6acf112: addNew group-64E44751EF2A:[c4917854-d170-490f-a44b-92c9239fc631:192.168.5.139:39397, f8e7be87-7761-4131-90ab-e45dd6acf112:192.168.5.139:41699, 7af45f66-d737-4ab6-a929-8561aa0ec301:192.168.5.139:41353] returns group-64E44751EF2A:java.util.concurrent.CompletableFuture@16ee1301[Not completed]
2019-07-09 21:52:32,147 INFO  impl.RaftServerProxy (RaftServerProxy.java:addNew(89)) - c4917854-d170-490f-a44b-92c9239fc631: addNew group-64E44751EF2A:[c4917854-d170-490f-a44b-92c9239fc631:192.168.5.139:39397, f8e7be87-7761-4131-90ab-e45dd6acf112:192.168.5.139:41699, 7af45f66-d737-4ab6-a929-8561aa0ec301:192.168.5.139:41353] returns group-64E44751EF2A:java.util.concurrent.CompletableFuture@478956ea[Not completed]
2019-07-09 21:52:32,147 INFO  impl.RaftServerProxy (RaftServerProxy.java:addNew(89)) - 7af45f66-d737-4ab6-a929-8561aa0ec301: addNew group-64E44751EF2A:[c4917854-d170-490f-a44b-92c9239fc631:192.168.5.139:39397, f8e7be87-7761-4131-90ab-e45dd6acf112:192.168.5.139:41699, 7af45f66-d737-4ab6-a929-8561aa0ec301:192.168.5.139:41353] returns group-64E44751EF2A:java.util.concurrent.CompletableFuture@30112dbc[Not completed]
2019-07-09 21:52:32,148 INFO  impl.RaftServerImpl (RaftServerImpl.java:<init>(93)) - f8e7be87-7761-4131-90ab-e45dd6acf112: new RaftServerImpl for group-64E44751EF2A:[c4917854-d170-490f-a44b-92c9239fc631:192.168.5.139:39397, f8e7be87-7761-4131-90ab-e45dd6acf112:192.168.5.139:41699, 7af45f66-d737-4ab6-a929-8561aa0ec301:192.168.5.139:41353] with ContainerStateMachine:uninitialized
2019-07-09 21:52:32,149 INFO  server.RaftServerConfigKeys (ConfUtils.java:logGet(43)) - raft.server.rpc.timeout.min = 1s (custom)
2019-07-09 21:52:32,149 INFO  server.RaftServerConfigKeys (ConfUtils.java:logGet(43)) - raft.server.rpc.timeout.max = 1200ms (custom)
2019-07-09 21:52:32,149 INFO  server.RaftServerConfigKeys (ConfUtils.java:logGet(43)) - raft.server.rpcslowness.timeout = 120s (custom)
2019-07-09 21:52:32,149 INFO  server.RaftServerConfigKeys (ConfUtils.java:logGet(43)) - raft.server.sleep.deviation.threshold = 300 (default)
2019-07-09 21:52:32,149 INFO  impl.RaftServerImpl (RaftServerImpl.java:<init>(93)) - c4917854-d170-490f-a44b-92c9239fc631: new RaftServerImpl for group-64E44751EF2A:[c4917854-d170-490f-a44b-92c9239fc631:192.168.5.139:39397, f8e7be87-7761-4131-90ab-e45dd6acf112:192.168.5.139:41699, 7af45f66-d737-4ab6-a929-8561aa0ec301:192.168.5.139:41353] with ContainerStateMachine:uninitialized
2019-07-09 21:52:32,149 INFO  server.RaftServerConfigKeys (ConfUtils.java:logGet(43)) - raft.server.log.appender.install.snapshot.enabled = false (custom)
2019-07-09 21:52:32,150 INFO  server.RaftServerConfigKeys (ConfUtils.java:logGet(43)) - raft.server.rpc.timeout.min = 1s (custom)
2019-07-09 21:52:32,150 INFO  impl.RaftServerImpl (ServerState.java:<init>(105)) - f8e7be87-7761-4131-90ab-e45dd6acf112:group-64E44751EF2A ConfigurationManager, init=-1: [c4917854-d170-490f-a44b-92c9239fc631:192.168.5.139:39397, f8e7be87-7761-4131-90ab-e45dd6acf112:192.168.5.139:41699, 7af45f66-d737-4ab6-a929-8561aa0ec301:192.168.5.139:41353], old=null, confs=<EMPTY_MAP>
2019-07-09 21:52:32,150 INFO  server.RaftServerConfigKeys (ConfUtils.java:logGet(43)) - raft.server.rpc.timeout.max = 1200ms (custom)
2019-07-09 21:52:32,150 INFO  server.RaftServerConfigKeys (ConfUtils.java:logGet(43)) - raft.server.rpcslowness.timeout = 120s (custom)
2019-07-09 21:52:32,150 INFO  impl.RaftServerImpl (RaftServerImpl.java:<init>(93)) - 7af45f66-d737-4ab6-a929-8561aa0ec301: new RaftServerImpl for group-64E44751EF2A:[c4917854-d170-490f-a44b-92c9239fc631:192.168.5.139:39397, f8e7be87-7761-4131-90ab-e45dd6acf112:192.168.5.139:41699, 7af45f66-d737-4ab6-a929-8561aa0ec301:192.168.5.139:41353] with ContainerStateMachine:uninitialized
2019-07-09 21:52:32,150 INFO  server.RaftServerConfigKeys (ConfUtils.java:logGet(43)) - raft.server.sleep.deviation.threshold = 300 (default)
2019-07-09 21:52:32,150 INFO  server.RaftServerConfigKeys (ConfUtils.java:logGet(43)) - raft.server.rpc.timeout.min = 1s (custom)
2019-07-09 21:52:32,150 INFO  server.RaftServerConfigKeys (ConfUtils.java:logGet(43)) - raft.server.storage.dir = [/tmp/workdir/hadoop-ozone/tools/target/test-dir/MiniOzoneClusterImpl-530f80f0-f73d-4bb2-a60c-75ade5895039/datanode-2/data/ratis] (custom)
2019-07-09 21:52:32,151 INFO  server.RaftServerConfigKeys (ConfUtils.java:logGet(43)) - raft.server.rpc.timeout.max = 1200ms (custom)
2019-07-09 21:52:32,151 INFO  server.RaftServerConfigKeys (ConfUtils.java:logGet(43)) - raft.server.log.appender.install.snapshot.enabled = false (custom)
2019-07-09 21:52:32,151 INFO  server.RaftServerConfigKeys (ConfUtils.java:logGet(43)) - raft.server.rpcslowness.timeout = 120s (custom)
2019-07-09 21:52:32,151 INFO  impl.RaftServerImpl (ServerState.java:<init>(105)) - c4917854-d170-490f-a44b-92c9239fc631:group-64E44751EF2A ConfigurationManager, init=-1: [c4917854-d170-490f-a44b-92c9239fc631:192.168.5.139:39397, f8e7be87-7761-4131-90ab-e45dd6acf112:192.168.5.139:41699, 7af45f66-d737-4ab6-a929-8561aa0ec301:192.168.5.139:41353], old=null, confs=<EMPTY_MAP>
2019-07-09 21:52:32,151 INFO  storage.RaftStorageDirectory (RaftStorageDirectory.java:analyzeStorage(246)) - The storage directory /tmp/workdir/hadoop-ozone/tools/target/test-dir/MiniOzoneClusterImpl-530f80f0-f73d-4bb2-a60c-75ade5895039/datanode-2/data/ratis/831fa284-baf7-4d13-a06c-64e44751ef2a does not exist. Creating ...
2019-07-09 21:52:32,152 INFO  server.RaftServerConfigKeys (ConfUtils.java:logGet(43)) - raft.server.storage.dir = [/tmp/workdir/hadoop-ozone/tools/target/test-dir/MiniOzoneClusterImpl-530f80f0-f73d-4bb2-a60c-75ade5895039/datanode-1/data/ratis] (custom)
2019-07-09 21:52:32,151 INFO  server.RaftServerConfigKeys (ConfUtils.java:logGet(43)) - raft.server.sleep.deviation.threshold = 300 (default)
2019-07-09 21:52:32,152 INFO  server.RaftServerConfigKeys (ConfUtils.java:logGet(43)) - raft.server.log.appender.install.snapshot.enabled = false (custom)
2019-07-09 21:52:32,152 INFO  storage.RaftStorageDirectory (RaftStorageDirectory.java:analyzeStorage(246)) - The storage directory /tmp/workdir/hadoop-ozone/tools/target/test-dir/MiniOzoneClusterImpl-530f80f0-f73d-4bb2-a60c-75ade5895039/datanode-1/data/ratis/831fa284-baf7-4d13-a06c-64e44751ef2a does not exist. Creating ...
2019-07-09 21:52:32,152 INFO  impl.RaftServerImpl (ServerState.java:<init>(105)) - 7af45f66-d737-4ab6-a929-8561aa0ec301:group-64E44751EF2A ConfigurationManager, init=-1: [c4917854-d170-490f-a44b-92c9239fc631:192.168.5.139:39397, f8e7be87-7761-4131-90ab-e45dd6acf112:192.168.5.139:41699, 7af45f66-d737-4ab6-a929-8561aa0ec301:192.168.5.139:41353], old=null, confs=<EMPTY_MAP>
2019-07-09 21:52:32,153 INFO  server.RaftServerConfigKeys (ConfUtils.java:logGet(43)) - raft.server.storage.dir = [/tmp/workdir/hadoop-ozone/tools/target/test-dir/MiniOzoneClusterImpl-530f80f0-f73d-4bb2-a60c-75ade5895039/datanode-0/data/ratis] (custom)
2019-07-09 21:52:32,153 INFO  storage.RaftStorageDirectory (RaftStorageDirectory.java:analyzeStorage(246)) - The storage directory /tmp/workdir/hadoop-ozone/tools/target/test-dir/MiniOzoneClusterImpl-530f80f0-f73d-4bb2-a60c-75ade5895039/datanode-0/data/ratis/831fa284-baf7-4d13-a06c-64e44751ef2a does not exist. Creating ...
2019-07-09 21:52:32,159 INFO  storage.RaftStorageDirectory (RaftStorageDirectory.java:tryLock(328)) - Lock on /tmp/workdir/hadoop-ozone/tools/target/test-dir/MiniOzoneClusterImpl-530f80f0-f73d-4bb2-a60c-75ade5895039/datanode-1/data/ratis/831fa284-baf7-4d13-a06c-64e44751ef2a/in_use.lock acquired by nodename 22386@hdds1735-74sld-1996548415
2019-07-09 21:52:32,159 INFO  storage.RaftStorageDirectory (RaftStorageDirectory.java:tryLock(328)) - Lock on /tmp/workdir/hadoop-ozone/tools/target/test-dir/MiniOzoneClusterImpl-530f80f0-f73d-4bb2-a60c-75ade5895039/datanode-2/data/ratis/831fa284-baf7-4d13-a06c-64e44751ef2a/in_use.lock acquired by nodename 22386@hdds1735-74sld-1996548415
2019-07-09 21:52:32,159 INFO  storage.RaftStorageDirectory (RaftStorageDirectory.java:tryLock(328)) - Lock on /tmp/workdir/hadoop-ozone/tools/target/test-dir/MiniOzoneClusterImpl-530f80f0-f73d-4bb2-a60c-75ade5895039/datanode-0/data/ratis/831fa284-baf7-4d13-a06c-64e44751ef2a/in_use.lock acquired by nodename 22386@hdds1735-74sld-1996548415
2019-07-09 21:52:32,168 INFO  storage.RaftStorage (RaftStorage.java:format(72)) - Storage directory /tmp/workdir/hadoop-ozone/tools/target/test-dir/MiniOzoneClusterImpl-530f80f0-f73d-4bb2-a60c-75ade5895039/datanode-1/data/ratis/831fa284-baf7-4d13-a06c-64e44751ef2a has been successfully formatted.
2019-07-09 21:52:32,169 INFO  storage.RaftStorage (RaftStorage.java:format(72)) - Storage directory /tmp/workdir/hadoop-ozone/tools/target/test-dir/MiniOzoneClusterImpl-530f80f0-f73d-4bb2-a60c-75ade5895039/datanode-0/data/ratis/831fa284-baf7-4d13-a06c-64e44751ef2a has been successfully formatted.
2019-07-09 21:52:32,169 INFO  storage.RaftStorage (RaftStorage.java:format(72)) - Storage directory /tmp/workdir/hadoop-ozone/tools/target/test-dir/MiniOzoneClusterImpl-530f80f0-f73d-4bb2-a60c-75ade5895039/datanode-2/data/ratis/831fa284-baf7-4d13-a06c-64e44751ef2a has been successfully formatted.
2019-07-09 21:52:32,169 INFO  ratis.ContainerStateMachine (ContainerStateMachine.java:loadSnapshot(198)) - The snapshot info is null.Setting the last applied index to:(t:0, i:~)
2019-07-09 21:52:32,169 INFO  ratis.ContainerStateMachine (ContainerStateMachine.java:loadSnapshot(198)) - The snapshot info is null.Setting the last applied index to:(t:0, i:~)
2019-07-09 21:52:32,169 INFO  ratis.ContainerStateMachine (ContainerStateMachine.java:loadSnapshot(198)) - The snapshot info is null.Setting the last applied index to:(t:0, i:~)
2019-07-09 21:52:32,169 INFO  server.RaftServerConfigKeys (ConfUtils.java:logGet(43)) - raft.server.leader.election.timeout = 120s (custom)
2019-07-09 21:52:32,169 INFO  server.RaftServerConfigKeys (ConfUtils.java:logGet(43)) - raft.server.leader.election.timeout = 120s (custom)
2019-07-09 21:52:32,170 INFO  server.RaftServerConfigKeys (ConfUtils.java:logGet(43)) - raft.server.log.use.memory = false (default)
2019-07-09 21:52:32,170 INFO  server.RaftServerConfigKeys (ConfUtils.java:logGet(43)) - raft.server.leader.election.timeout = 120s (custom)
2019-07-09 21:52:32,170 INFO  server.RaftServerConfigKeys (ConfUtils.java:logGet(43)) - raft.server.log.purge.gap = 1000000000 (custom)
2019-07-09 21:52:32,170 INFO  server.RaftServerConfigKeys (ConfUtils.java:logGet(43)) - raft.server.log.use.memory = false (default)
2019-07-09 21:52:32,171 INFO  server.RaftServerConfigKeys (ConfUtils.java:logGet(43)) - raft.server.log.appender.buffer.byte-limit = 33554432 (custom)
2019-07-09 21:52:32,170 INFO  server.RaftServerConfigKeys (ConfUtils.java:logGet(43)) - raft.server.log.use.memory = false (default)
2019-07-09 21:52:32,171 INFO  server.RaftServerConfigKeys (ConfUtils.java:logGet(43)) - raft.server.log.segment.size.max = 1048576 (custom)
2019-07-09 21:52:32,171 INFO  server.RaftServerConfigKeys (ConfUtils.java:logGet(43)) - raft.server.log.purge.gap = 1000000000 (custom)
2019-07-09 21:52:32,171 INFO  server.RaftServerConfigKeys (ConfUtils.java:logGet(43)) - raft.server.log.segment.cache.num.max = 2 (custom)
2019-07-09 21:52:32,171 INFO  server.RaftServerConfigKeys (ConfUtils.java:logGet(43)) - raft.server.log.purge.gap = 1000000000 (custom)
2019-07-09 21:52:32,172 INFO  segmented.SegmentedRaftLogWorker (SegmentedRaftLogWorker.java:<init>(172)) - new 7af45f66-d737-4ab6-a929-8561aa0ec301-SegmentedRaftLogWorker:Storage Directory /tmp/workdir/hadoop-ozone/tools/target/test-dir/MiniOzoneClusterImpl-530f80f0-f73d-4bb2-a60c-75ade5895039/datanode-0/data/ratis/831fa284-baf7-4d13-a06c-64e44751ef2a for RaftStorage:Storage Directory /tmp/workdir/hadoop-ozone/tools/target/test-dir/MiniOzoneClusterImpl-530f80f0-f73d-4bb2-a60c-75ade5895039/datanode-0/data/ratis/831fa284-baf7-4d13-a06c-64e44751ef2a
2019-07-09 21:52:32,171 INFO  server.RaftServerConfigKeys (ConfUtils.java:logGet(43)) - raft.server.log.appender.buffer.byte-limit = 33554432 (custom)
2019-07-09 21:52:32,172 INFO  server.RaftServerConfigKeys (ConfUtils.java:logGet(43)) - raft.server.log.queue.byte-limit = 2147483647 (custom)
2019-07-09 21:52:32,172 INFO  server.RaftServerConfigKeys (ConfUtils.java:logGet(43)) - raft.server.log.appender.buffer.byte-limit = 33554432 (custom)
2019-07-09 21:52:32,173 INFO  server.RaftServerConfigKeys (ConfUtils.java:logGet(43)) - raft.server.log.queue.element-limit = 1024 (custom)
2019-07-09 21:52:32,173 INFO  server.RaftServerConfigKeys (ConfUtils.java:logGet(43)) - raft.server.log.segment.size.max = 1048576 (custom)
2019-07-09 21:52:32,174 INFO  server.RaftServerConfigKeys (ConfUtils.java:logGet(43)) - raft.server.log.segment.size.max = 1048576 (custom)
2019-07-09 21:52:32,173 INFO  server.RaftServerConfigKeys (ConfUtils.java:logGet(43)) - raft.server.log.segment.size.max = 1048576 (custom)
2019-07-09 21:52:32,174 INFO  server.RaftServerConfigKeys (ConfUtils.java:logGet(43)) - raft.server.log.preallocated.size = 16384 (custom)
2019-07-09 21:52:32,174 INFO  server.RaftServerConfigKeys (ConfUtils.java:logGet(43)) - raft.server.log.segment.cache.num.max = 2 (custom)
2019-07-09 21:52:32,174 INFO  server.RaftServerConfigKeys (ConfUtils.java:logGet(43)) - raft.server.log.write.buffer.size = 33554432 (custom)
2019-07-09 21:52:32,174 INFO  server.RaftServerConfigKeys (ConfUtils.java:logGet(43)) - raft.server.log.segment.cache.num.max = 2 (custom)
2019-07-09 21:52:32,175 INFO  server.RaftServerConfigKeys (ConfUtils.java:logGet(43)) - raft.server.log.force.sync.num = 128 (default)
2019-07-09 21:52:32,174 INFO  segmented.SegmentedRaftLogWorker (SegmentedRaftLogWorker.java:<init>(172)) - new c4917854-d170-490f-a44b-92c9239fc631-SegmentedRaftLogWorker:Storage Directory /tmp/workdir/hadoop-ozone/tools/target/test-dir/MiniOzoneClusterImpl-530f80f0-f73d-4bb2-a60c-75ade5895039/datanode-1/data/ratis/831fa284-baf7-4d13-a06c-64e44751ef2a for RaftStorage:Storage Directory /tmp/workdir/hadoop-ozone/tools/target/test-dir/MiniOzoneClusterImpl-530f80f0-f73d-4bb2-a60c-75ade5895039/datanode-1/data/ratis/831fa284-baf7-4d13-a06c-64e44751ef2a
2019-07-09 21:52:32,175 INFO  server.RaftServerConfigKeys (ConfUtils.java:logGet(43)) - raft.server.log.statemachine.data.sync = true (default)
2019-07-09 21:52:32,175 INFO  segmented.SegmentedRaftLogWorker (SegmentedRaftLogWorker.java:<init>(172)) - new f8e7be87-7761-4131-90ab-e45dd6acf112-SegmentedRaftLogWorker:Storage Directory /tmp/workdir/hadoop-ozone/tools/target/test-dir/MiniOzoneClusterImpl-530f80f0-f73d-4bb2-a60c-75ade5895039/datanode-2/data/ratis/831fa284-baf7-4d13-a06c-64e44751ef2a for RaftStorage:Storage Directory /tmp/workdir/hadoop-ozone/tools/target/test-dir/MiniOzoneClusterImpl-530f80f0-f73d-4bb2-a60c-75ade5895039/datanode-2/data/ratis/831fa284-baf7-4d13-a06c-64e44751ef2a
2019-07-09 21:52:32,176 INFO  server.RaftServerConfigKeys (ConfUtils.java:logGet(43)) - raft.server.log.statemachine.data.sync.timeout = 10s (default)
2019-07-09 21:52:32,175 INFO  server.RaftServerConfigKeys (ConfUtils.java:logGet(43)) - raft.server.log.queue.byte-limit = 2147483647 (custom)
2019-07-09 21:52:32,177 INFO  server.RaftServerConfigKeys (ConfUtils.java:logGet(43)) - raft.server.log.statemachine.data.sync.timeout.retry = -1 (default)
2019-07-09 21:52:32,176 INFO  server.RaftServerConfigKeys (ConfUtils.java:logGet(43)) - raft.server.log.queue.byte-limit = 2147483647 (custom)
2019-07-09 21:52:32,178 INFO  server.RaftServerConfigKeys (ConfUtils.java:logGet(43)) - raft.server.log.statemachine.data.caching.enabled = true (custom)
2019-07-09 21:52:32,178 INFO  server.RaftServerConfigKeys (ConfUtils.java:logGet(43)) - raft.server.log.queue.element-limit = 1024 (custom)
2019-07-09 21:52:32,178 INFO  server.RaftServerConfigKeys (ConfUtils.java:logGet(43)) - raft.server.log.queue.element-limit = 1024 (custom)
2019-07-09 21:52:32,178 INFO  segmented.SegmentedRaftLogWorker (SegmentedRaftLogWorker.java:lambda$new$0(132)) - 7af45f66-d737-4ab6-a929-8561aa0ec301-SegmentedRaftLogWorker:Storage Directory /tmp/workdir/hadoop-ozone/tools/target/test-dir/MiniOzoneClusterImpl-530f80f0-f73d-4bb2-a60c-75ade5895039/datanode-0/data/ratis/831fa284-baf7-4d13-a06c-64e44751ef2a: flushIndex: setUnconditionally 0 -> -1
2019-07-09 21:52:32,178 INFO  server.RaftServerConfigKeys (ConfUtils.java:logGet(43)) - raft.server.log.segment.size.max = 1048576 (custom)
2019-07-09 21:52:32,178 INFO  server.RaftServerConfigKeys (ConfUtils.java:logGet(43)) - raft.server.log.segment.size.max = 1048576 (custom)
2019-07-09 21:52:32,179 INFO  server.RaftServerConfigKeys (ConfUtils.java:logGet(43)) - raft.server.snapshot.auto.trigger.enabled = true (custom)
2019-07-09 21:52:32,179 INFO  server.RaftServerConfigKeys (ConfUtils.java:logGet(43)) - raft.server.log.preallocated.size = 16384 (custom)
2019-07-09 21:52:32,179 INFO  server.RaftServerConfigKeys (ConfUtils.java:logGet(43)) - raft.server.snapshot.auto.trigger.threshold = 10000 (custom)
2019-07-09 21:52:32,179 INFO  server.RaftServerConfigKeys (ConfUtils.java:logGet(43)) - raft.server.log.preallocated.size = 16384 (custom)
2019-07-09 21:52:32,179 INFO  server.RaftServerConfigKeys (ConfUtils.java:logGet(43)) - raft.server.log.write.buffer.size = 33554432 (custom)
2019-07-09 21:52:32,180 INFO  server.RaftServerConfigKeys (ConfUtils.java:logGet(43)) - raft.server.log.write.buffer.size = 33554432 (custom)
2019-07-09 21:52:32,180 INFO  server.RaftServerConfigKeys (ConfUtils.java:logGet(43)) - raft.server.retrycache.expirytime = 600000ms (custom)
2019-07-09 21:52:32,180 INFO  server.RaftServerConfigKeys (ConfUtils.java:logGet(43)) - raft.server.log.force.sync.num = 128 (default)
2019-07-09 21:52:32,180 INFO  server.RaftServerConfigKeys (ConfUtils.java:logGet(43)) - raft.server.log.force.sync.num = 128 (default)
2019-07-09 21:52:32,180 INFO  server.RaftServerConfigKeys (ConfUtils.java:logGet(43)) - raft.server.log.statemachine.data.sync = true (default)
2019-07-09 21:52:32,180 INFO  impl.RaftServerImpl (RaftServerImpl.java:start(180)) - 7af45f66-d737-4ab6-a929-8561aa0ec301: start group-64E44751EF2A
2019-07-09 21:52:32,180 INFO  server.RaftServerConfigKeys (ConfUtils.java:logGet(43)) - raft.server.log.statemachine.data.sync.timeout = 10s (default)
2019-07-09 21:52:32,180 INFO  server.RaftServerConfigKeys (ConfUtils.java:logGet(43)) - raft.server.log.statemachine.data.sync = true (default)
2019-07-09 21:52:32,181 INFO  server.RaftServerConfigKeys (ConfUtils.java:logGet(43)) - raft.server.log.statemachine.data.sync.timeout.retry = -1 (default)
2019-07-09 21:52:32,181 INFO  impl.RaftServerImpl (RaftServerImpl.java:setRole(171)) - 7af45f66-d737-4ab6-a929-8561aa0ec301:group-64E44751EF2A changes role from null to FOLLOWER at term 0 for startAsFollower
2019-07-09 21:52:32,181 INFO  server.RaftServerConfigKeys (ConfUtils.java:logGet(43)) - raft.server.log.statemachine.data.caching.enabled = true (custom)
2019-07-09 21:52:32,181 INFO  server.RaftServerConfigKeys (ConfUtils.java:logGet(43)) - raft.server.log.statemachine.data.sync.timeout = 10s (default)
2019-07-09 21:52:32,181 INFO  segmented.SegmentedRaftLogWorker (SegmentedRaftLogWorker.java:lambda$new$0(132)) - f8e7be87-7761-4131-90ab-e45dd6acf112-SegmentedRaftLogWorker:Storage Directory /tmp/workdir/hadoop-ozone/tools/target/test-dir/MiniOzoneClusterImpl-530f80f0-f73d-4bb2-a60c-75ade5895039/datanode-2/data/ratis/831fa284-baf7-4d13-a06c-64e44751ef2a: flushIndex: setUnconditionally 0 -> -1
2019-07-09 21:52:32,181 INFO  impl.RoleInfo (RoleInfo.java:updateAndGet(143)) - 7af45f66-d737-4ab6-a929-8561aa0ec301: start FollowerState
2019-07-09 21:52:32,182 INFO  server.RaftServerConfigKeys (ConfUtils.java:logGet(43)) - raft.server.log.statemachine.data.sync.timeout.retry = -1 (default)
2019-07-09 21:52:32,182 INFO  server.RaftServerConfigKeys (ConfUtils.java:logGet(43)) - raft.server.snapshot.auto.trigger.enabled = true (custom)
2019-07-09 21:52:32,182 INFO  server.RaftServerConfigKeys (ConfUtils.java:logGet(43)) - raft.server.log.statemachine.data.caching.enabled = true (custom)
2019-07-09 21:52:32,182 INFO  server.RaftServerConfigKeys (ConfUtils.java:logGet(43)) - raft.server.snapshot.auto.trigger.threshold = 10000 (custom)
2019-07-09 21:52:32,182 INFO  util.JmxRegister (JmxRegister.java:tryRegister(44)) - Successfully registered JMX Bean with object name Ratis:service=RaftServer,group=group-64E44751EF2A,id=7af45f66-d737-4ab6-a929-8561aa0ec301
2019-07-09 21:52:32,183 INFO  segmented.SegmentedRaftLogWorker (SegmentedRaftLogWorker.java:lambda$new$0(132)) - c4917854-d170-490f-a44b-92c9239fc631-SegmentedRaftLogWorker:Storage Directory /tmp/workdir/hadoop-ozone/tools/target/test-dir/MiniOzoneClusterImpl-530f80f0-f73d-4bb2-a60c-75ade5895039/datanode-1/data/ratis/831fa284-baf7-4d13-a06c-64e44751ef2a: flushIndex: setUnconditionally 0 -> -1
2019-07-09 21:52:32,182 INFO  server.RaftServerConfigKeys (ConfUtils.java:logGet(43)) - raft.server.retrycache.expirytime = 600000ms (custom)
2019-07-09 21:52:32,183 INFO  impl.RaftServerImpl (RaftServerImpl.java:start(180)) - f8e7be87-7761-4131-90ab-e45dd6acf112: start group-64E44751EF2A
2019-07-09 21:52:32,183 INFO  server.RaftServerConfigKeys (ConfUtils.java:logGet(43)) - raft.server.snapshot.auto.trigger.enabled = true (custom)
2019-07-09 21:52:32,183 INFO  impl.RaftServerImpl (RaftServerImpl.java:setRole(171)) - f8e7be87-7761-4131-90ab-e45dd6acf112:group-64E44751EF2A changes role from null to FOLLOWER at term 0 for startAsFollower
2019-07-09 21:52:32,183 INFO  server.RaftServerConfigKeys (ConfUtils.java:logGet(43)) - raft.server.snapshot.auto.trigger.threshold = 10000 (custom)
2019-07-09 21:52:32,183 INFO  impl.RoleInfo (RoleInfo.java:updateAndGet(143)) - f8e7be87-7761-4131-90ab-e45dd6acf112: start FollowerState
2019-07-09 21:52:32,184 INFO  server.RaftServerConfigKeys (ConfUtils.java:logGet(43)) - raft.server.retrycache.expirytime = 600000ms (custom)
2019-07-09 21:52:32,185 INFO  impl.RaftServerImpl (RaftServerImpl.java:start(180)) - c4917854-d170-490f-a44b-92c9239fc631: start group-64E44751EF2A
2019-07-09 21:52:32,185 INFO  util.JmxRegister (JmxRegister.java:tryRegister(44)) - Successfully registered JMX Bean with object name Ratis:service=RaftServer,group=group-64E44751EF2A,id=f8e7be87-7761-4131-90ab-e45dd6acf112
2019-07-09 21:52:32,185 INFO  impl.RaftServerImpl (RaftServerImpl.java:setRole(171)) - c4917854-d170-490f-a44b-92c9239fc631:group-64E44751EF2A changes role from null to FOLLOWER at term 0 for startAsFollower
2019-07-09 21:52:32,186 INFO  impl.RoleInfo (RoleInfo.java:updateAndGet(143)) - c4917854-d170-490f-a44b-92c9239fc631: start FollowerState
2019-07-09 21:52:32,189 INFO  util.JmxRegister (JmxRegister.java:tryRegister(44)) - Successfully registered JMX Bean with object name Ratis:service=RaftServer,group=group-64E44751EF2A,id=c4917854-d170-490f-a44b-92c9239fc631
2019-07-09 21:52:32,206 INFO  pipeline.PipelineStateManager (PipelineStateManager.java:addPipeline(56)) - Created pipeline Pipeline[ Id: 831fa284-baf7-4d13-a06c-64e44751ef2a, Nodes: 7af45f66-d737-4ab6-a929-8561aa0ec301{ip: 192.168.5.139, host: hdds1735-74sld-1996548415, networkLocation: /default-rack, certSerialId: null}c4917854-d170-490f-a44b-92c9239fc631{ip: 192.168.5.139, host: hdds1735-74sld-1996548415, networkLocation: /default-rack, certSerialId: null}f8e7be87-7761-4131-90ab-e45dd6acf112{ip: 192.168.5.139, host: hdds1735-74sld-1996548415, networkLocation: /default-rack, certSerialId: null}, Type:RATIS, Factor:THREE, State:OPEN]
2019-07-09 21:52:32,239 INFO  ozone.MiniOzoneClusterImpl (MiniOzoneClusterImpl.java:lambda$waitForClusterToBeReady$0(142)) - Cluster is ready. Got 3 of 3 DN Heartbeats.
2019-07-09 21:52:32,642 INFO  freon.RandomKeyGenerator (RandomKeyGenerator.java:call(262)) - Number of Threads: 10
2019-07-09 21:52:32,643 INFO  freon.RandomKeyGenerator (RandomKeyGenerator.java:call(267)) - Number of Volumes: 1.
2019-07-09 21:52:32,643 INFO  freon.RandomKeyGenerator (RandomKeyGenerator.java:call(268)) - Number of Buckets per Volume: 1.
2019-07-09 21:52:32,643 INFO  freon.RandomKeyGenerator (RandomKeyGenerator.java:call(269)) - Number of Keys per Bucket: 1.
2019-07-09 21:52:32,643 INFO  freon.RandomKeyGenerator (RandomKeyGenerator.java:call(270)) - Key size: 20971520 bytes
2019-07-09 21:52:32,643 INFO  freon.RandomKeyGenerator (RandomKeyGenerator.java:call(271)) - Buffer size: 4096 bytes
2019-07-09 21:52:32,645 INFO  freon.RandomKeyGenerator (RandomKeyGenerator.java:call(286)) - Data validation is enabled.
2019-07-09 21:52:32,646 INFO  freon.RandomKeyGenerator (RandomKeyGenerator.java:call(299)) - Starting progress bar Thread.

 0.00% |█                                                                                                    |  0/1 Time: 0:00:002019-07-09 21:52:32,681 INFO  rpc.RpcClient (RpcClient.java:createVolume(289)) - Creating Volume: vol-0-73926, with jenkins1000 as owner.
2019-07-09 21:52:32,724 INFO  rpc.RpcClient (RpcClient.java:createBucket(426)) - Creating Bucket: vol-0-73926/bucket-0-71639, with Versioning false and Storage Type set to DISK and Encryption set to false 
2019-07-09 21:52:33,029 INFO  impl.FollowerState (FollowerState.java:run(106)) - 7af45f66-d737-4ab6-a929-8561aa0ec301:group-AAAEA603139E changes to CANDIDATE, lastRpcTime:1160, electionTimeout:1159ms
2019-07-09 21:52:33,030 INFO  impl.RoleInfo (RoleInfo.java:shutdownFollowerState(121)) - 7af45f66-d737-4ab6-a929-8561aa0ec301: shutdown FollowerState
2019-07-09 21:52:33,030 INFO  impl.RaftServerImpl (RaftServerImpl.java:setRole(171)) - 7af45f66-d737-4ab6-a929-8561aa0ec301:group-AAAEA603139E changes role from FOLLOWER to CANDIDATE at term 0 for changeToCandidate
2019-07-09 21:52:33,037 INFO  impl.RoleInfo (RoleInfo.java:updateAndGet(143)) - 7af45f66-d737-4ab6-a929-8561aa0ec301: start LeaderElection
2019-07-09 21:52:33,041 INFO  impl.FollowerState (FollowerState.java:run(106)) - c4917854-d170-490f-a44b-92c9239fc631:group-A39AE73F4F5D changes to CANDIDATE, lastRpcTime:1014, electionTimeout:1013ms
2019-07-09 21:52:33,043 INFO  impl.RoleInfo (RoleInfo.java:shutdownFollowerState(121)) - c4917854-d170-490f-a44b-92c9239fc631: shutdown FollowerState
2019-07-09 21:52:33,044 INFO  impl.RaftServerImpl (RaftServerImpl.java:setRole(171)) - c4917854-d170-490f-a44b-92c9239fc631:group-A39AE73F4F5D changes role from FOLLOWER to CANDIDATE at term 0 for changeToCandidate
2019-07-09 21:52:33,044 INFO  impl.RoleInfo (RoleInfo.java:updateAndGet(143)) - c4917854-d170-490f-a44b-92c9239fc631: start LeaderElection
2019-07-09 21:52:33,048 INFO  client.GrpcClientProtocolClient (GrpcClientProtocolClient.java:onNext(255)) - client-B4C640012D2E->7af45f66-d737-4ab6-a929-8561aa0ec301: receive RaftClientReply:client-B4C640012D2E->7af45f66-d737-4ab6-a929-8561aa0ec301@group-64E44751EF2A, cid=6, FAILED org.apache.ratis.protocol.NotLeaderException: Server 7af45f66-d737-4ab6-a929-8561aa0ec301 is not the leader (null). Request must be sent to leader., logIndex=0, commits[7af45f66-d737-4ab6-a929-8561aa0ec301:c-1]
2019-07-09 21:52:33,051 INFO  impl.LeaderElection (LeaderElection.java:askForVotes(181)) - 7af45f66-d737-4ab6-a929-8561aa0ec301:group-AAAEA603139E:LeaderElection1: begin an election at term 1 for -1: [7af45f66-d737-4ab6-a929-8561aa0ec301:192.168.5.139:41353], old=null
2019-07-09 21:52:33,053 INFO  impl.LeaderElection (LeaderElection.java:askForVotes(181)) - c4917854-d170-490f-a44b-92c9239fc631:group-A39AE73F4F5D:LeaderElection2: begin an election at term 1 for -1: [c4917854-d170-490f-a44b-92c9239fc631:192.168.5.139:39397], old=null
2019-07-09 21:52:33,055 INFO  impl.RoleInfo (RoleInfo.java:shutdownLeaderElection(134)) - 7af45f66-d737-4ab6-a929-8561aa0ec301: shutdown LeaderElection
2019-07-09 21:52:33,055 INFO  impl.RoleInfo (RoleInfo.java:shutdownLeaderElection(134)) - c4917854-d170-490f-a44b-92c9239fc631: shutdown LeaderElection
2019-07-09 21:52:33,057 INFO  impl.RaftServerImpl (RaftServerImpl.java:setRole(171)) - c4917854-d170-490f-a44b-92c9239fc631:group-A39AE73F4F5D changes role from CANDIDATE to LEADER at term 1 for changeToLeader
2019-07-09 21:52:33,057 INFO  impl.RaftServerImpl (RaftServerImpl.java:setRole(171)) - 7af45f66-d737-4ab6-a929-8561aa0ec301:group-AAAEA603139E changes role from CANDIDATE to LEADER at term 1 for changeToLeader
2019-07-09 21:52:33,059 INFO  impl.RaftServerImpl (ServerState.java:setLeader(263)) - c4917854-d170-490f-a44b-92c9239fc631:group-A39AE73F4F5D change Leader from null to c4917854-d170-490f-a44b-92c9239fc631 at term 1 for becomeLeader, leader elected after 1040ms
2019-07-09 21:52:33,059 INFO  impl.RaftServerImpl (ServerState.java:setLeader(263)) - 7af45f66-d737-4ab6-a929-8561aa0ec301:group-AAAEA603139E change Leader from null to 7af45f66-d737-4ab6-a929-8561aa0ec301 at term 1 for becomeLeader, leader elected after 1549ms
2019-07-09 21:52:33,067 INFO  server.RaftServerConfigKeys (ConfUtils.java:logGet(43)) - raft.server.staging.catchup.gap = 1000 (default)
2019-07-09 21:52:33,067 INFO  server.RaftServerConfigKeys (ConfUtils.java:logGet(43)) - raft.server.staging.catchup.gap = 1000 (default)
2019-07-09 21:52:33,068 INFO  server.RaftServerConfigKeys (ConfUtils.java:logGet(43)) - raft.server.rpc.sleep.time = 25ms (default)
2019-07-09 21:52:33,068 INFO  server.RaftServerConfigKeys (ConfUtils.java:logGet(43)) - raft.server.rpc.sleep.time = 25ms (default)
2019-07-09 21:52:33,071 INFO  server.RaftServerConfigKeys (ConfUtils.java:logGet(43)) - raft.server.write.element-limit = 4096 (default)
2019-07-09 21:52:33,071 INFO  server.RaftServerConfigKeys (ConfUtils.java:logGet(43)) - raft.server.write.element-limit = 4096 (default)
2019-07-09 21:52:33,074 INFO  server.RaftServerConfigKeys (ConfUtils.java:logGet(43)) - raft.server.watch.timeout = 10s (default)
2019-07-09 21:52:33,074 INFO  server.RaftServerConfigKeys (ConfUtils.java:logGet(43)) - raft.server.watch.timeout = 10s (default)
2019-07-09 21:52:33,075 INFO  server.RaftServerConfigKeys (ConfUtils.java:logGet(43)) - raft.server.watch.timeout.denomination = 1s (default)
2019-07-09 21:52:33,075 INFO  server.RaftServerConfigKeys (ConfUtils.java:logGet(43)) - raft.server.watch.timeout.denomination = 1s (default)
2019-07-09 21:52:33,076 INFO  server.RaftServerConfigKeys (ConfUtils.java:logGet(43)) - raft.server.watch.element-limit = 65536 (default)
2019-07-09 21:52:33,076 INFO  server.RaftServerConfigKeys (ConfUtils.java:logGet(43)) - raft.server.watch.element-limit = 65536 (default)
2019-07-09 21:52:33,089 INFO  impl.RoleInfo (RoleInfo.java:updateAndGet(143)) - c4917854-d170-490f-a44b-92c9239fc631: start LeaderState
2019-07-09 21:52:33,089 INFO  impl.RoleInfo (RoleInfo.java:updateAndGet(143)) - 7af45f66-d737-4ab6-a929-8561aa0ec301: start LeaderState
2019-07-09 21:52:33,112 INFO  segmented.SegmentedRaftLogWorker (SegmentedRaftLogWorker.java:startLogSegment(380)) - c4917854-d170-490f-a44b-92c9239fc631-SegmentedRaftLogWorker:Storage Directory /tmp/workdir/hadoop-ozone/tools/target/test-dir/MiniOzoneClusterImpl-530f80f0-f73d-4bb2-a60c-75ade5895039/datanode-1/data/ratis/1660fb86-d2d1-4726-b9db-a39ae73f4f5d: Starting segment from index:0
2019-07-09 21:52:33,112 INFO  segmented.SegmentedRaftLogWorker (SegmentedRaftLogWorker.java:startLogSegment(380)) - 7af45f66-d737-4ab6-a929-8561aa0ec301-SegmentedRaftLogWorker:Storage Directory /tmp/workdir/hadoop-ozone/tools/target/test-dir/MiniOzoneClusterImpl-530f80f0-f73d-4bb2-a60c-75ade5895039/datanode-0/data/ratis/1b1d8c70-236d-45dd-8610-aaaea603139e: Starting segment from index:0
2019-07-09 21:52:33,120 INFO  impl.RaftServerImpl (ServerState.java:setRaftConf(361)) - c4917854-d170-490f-a44b-92c9239fc631:group-A39AE73F4F5D set configuration 0: [c4917854-d170-490f-a44b-92c9239fc631:192.168.5.139:39397], old=null at 0
2019-07-09 21:52:33,120 INFO  impl.RaftServerImpl (ServerState.java:setRaftConf(361)) - 7af45f66-d737-4ab6-a929-8561aa0ec301:group-AAAEA603139E set configuration 0: [7af45f66-d737-4ab6-a929-8561aa0ec301:192.168.5.139:41353], old=null at 0
2019-07-09 21:52:33,158 INFO  impl.FollowerState (FollowerState.java:run(106)) - f8e7be87-7761-4131-90ab-e45dd6acf112:group-33C56F6450D4 changes to CANDIDATE, lastRpcTime:1066, electionTimeout:1066ms
2019-07-09 21:52:33,159 INFO  impl.RoleInfo (RoleInfo.java:shutdownFollowerState(121)) - f8e7be87-7761-4131-90ab-e45dd6acf112: shutdown FollowerState
2019-07-09 21:52:33,159 INFO  impl.RaftServerImpl (RaftServerImpl.java:setRole(171)) - f8e7be87-7761-4131-90ab-e45dd6acf112:group-33C56F6450D4 changes role from FOLLOWER to CANDIDATE at term 0 for changeToCandidate
2019-07-09 21:52:33,159 INFO  impl.RoleInfo (RoleInfo.java:updateAndGet(143)) - f8e7be87-7761-4131-90ab-e45dd6acf112: start LeaderElection
2019-07-09 21:52:33,167 INFO  impl.LeaderElection (LeaderElection.java:askForVotes(181)) - f8e7be87-7761-4131-90ab-e45dd6acf112:group-33C56F6450D4:LeaderElection3: begin an election at term 1 for -1: [f8e7be87-7761-4131-90ab-e45dd6acf112:192.168.5.139:41699], old=null
2019-07-09 21:52:33,167 INFO  impl.RoleInfo (RoleInfo.java:shutdownLeaderElection(134)) - f8e7be87-7761-4131-90ab-e45dd6acf112: shutdown LeaderElection
2019-07-09 21:52:33,168 INFO  impl.RaftServerImpl (RaftServerImpl.java:setRole(171)) - f8e7be87-7761-4131-90ab-e45dd6acf112:group-33C56F6450D4 changes role from CANDIDATE to LEADER at term 1 for changeToLeader
2019-07-09 21:52:33,168 INFO  impl.RaftServerImpl (ServerState.java:setLeader(263)) - f8e7be87-7761-4131-90ab-e45dd6acf112:group-33C56F6450D4 change Leader from null to f8e7be87-7761-4131-90ab-e45dd6acf112 at term 1 for becomeLeader, leader elected after 1080ms
2019-07-09 21:52:33,168 INFO  server.RaftServerConfigKeys (ConfUtils.java:logGet(43)) - raft.server.staging.catchup.gap = 1000 (default)
2019-07-09 21:52:33,168 INFO  server.RaftServerConfigKeys (ConfUtils.java:logGet(43)) - raft.server.rpc.sleep.time = 25ms (default)
2019-07-09 21:52:33,169 INFO  server.RaftServerConfigKeys (ConfUtils.java:logGet(43)) - raft.server.write.element-limit = 4096 (default)
2019-07-09 21:52:33,169 INFO  server.RaftServerConfigKeys (ConfUtils.java:logGet(43)) - raft.server.watch.timeout = 10s (default)
2019-07-09 21:52:33,169 INFO  server.RaftServerConfigKeys (ConfUtils.java:logGet(43)) - raft.server.watch.timeout.denomination = 1s (default)
2019-07-09 21:52:33,169 INFO  server.RaftServerConfigKeys (ConfUtils.java:logGet(43)) - raft.server.watch.element-limit = 65536 (default)
2019-07-09 21:52:33,169 INFO  impl.RoleInfo (RoleInfo.java:updateAndGet(143)) - f8e7be87-7761-4131-90ab-e45dd6acf112: start LeaderState
2019-07-09 21:52:33,170 INFO  segmented.SegmentedRaftLogWorker (SegmentedRaftLogWorker.java:startLogSegment(380)) - f8e7be87-7761-4131-90ab-e45dd6acf112-SegmentedRaftLogWorker:Storage Directory /tmp/workdir/hadoop-ozone/tools/target/test-dir/MiniOzoneClusterImpl-530f80f0-f73d-4bb2-a60c-75ade5895039/datanode-2/data/ratis/18bdc779-0fa4-48f3-ab42-33c56f6450d4: Starting segment from index:0
2019-07-09 21:52:33,170 INFO  impl.RaftServerImpl (ServerState.java:setRaftConf(361)) - f8e7be87-7761-4131-90ab-e45dd6acf112:group-33C56F6450D4 set configuration 0: [f8e7be87-7761-4131-90ab-e45dd6acf112:192.168.5.139:41699], old=null at 0
2019-07-09 21:52:33,218 INFO  impl.FollowerState (FollowerState.java:run(106)) - 7af45f66-d737-4ab6-a929-8561aa0ec301:group-64E44751EF2A changes to CANDIDATE, lastRpcTime:1036, electionTimeout:1036ms
2019-07-09 21:52:33,218 INFO  impl.RoleInfo (RoleInfo.java:shutdownFollowerState(121)) - 7af45f66-d737-4ab6-a929-8561aa0ec301: shutdown FollowerState
2019-07-09 21:52:33,219 INFO  impl.RaftServerImpl (RaftServerImpl.java:setRole(171)) - 7af45f66-d737-4ab6-a929-8561aa0ec301:group-64E44751EF2A changes role from FOLLOWER to CANDIDATE at term 0 for changeToCandidate
2019-07-09 21:52:33,219 INFO  impl.RoleInfo (RoleInfo.java:updateAndGet(143)) - 7af45f66-d737-4ab6-a929-8561aa0ec301: start LeaderElection
2019-07-09 21:52:33,234 INFO  impl.LeaderElection (LeaderElection.java:askForVotes(181)) - 7af45f66-d737-4ab6-a929-8561aa0ec301:group-64E44751EF2A:LeaderElection4: begin an election at term 1 for -1: [c4917854-d170-490f-a44b-92c9239fc631:192.168.5.139:39397, f8e7be87-7761-4131-90ab-e45dd6acf112:192.168.5.139:41699, 7af45f66-d737-4ab6-a929-8561aa0ec301:192.168.5.139:41353], old=null
2019-07-09 21:52:33,265 INFO  impl.RaftServerImpl (RaftServerImpl.java:setRole(171)) - f8e7be87-7761-4131-90ab-e45dd6acf112:group-64E44751EF2A changes role from FOLLOWER to FOLLOWER at term 1 for recognizeCandidate:7af45f66-d737-4ab6-a929-8561aa0ec301
2019-07-09 21:52:33,265 INFO  impl.RaftServerImpl (RaftServerImpl.java:setRole(171)) - c4917854-d170-490f-a44b-92c9239fc631:group-64E44751EF2A changes role from FOLLOWER to FOLLOWER at term 1 for recognizeCandidate:7af45f66-d737-4ab6-a929-8561aa0ec301
2019-07-09 21:52:33,265 INFO  impl.RoleInfo (RoleInfo.java:shutdownFollowerState(121)) - f8e7be87-7761-4131-90ab-e45dd6acf112: shutdown FollowerState
2019-07-09 21:52:33,266 INFO  impl.RoleInfo (RoleInfo.java:shutdownFollowerState(121)) - c4917854-d170-490f-a44b-92c9239fc631: shutdown FollowerState
2019-07-09 21:52:33,266 INFO  impl.RoleInfo (RoleInfo.java:updateAndGet(143)) - f8e7be87-7761-4131-90ab-e45dd6acf112: start FollowerState
2019-07-09 21:52:33,266 INFO  impl.RoleInfo (RoleInfo.java:updateAndGet(143)) - c4917854-d170-490f-a44b-92c9239fc631: start FollowerState
2019-07-09 21:52:33,266 INFO  impl.FollowerState (FollowerState.java:run(114)) - f8e7be87-7761-4131-90ab-e45dd6acf112: FollowerState was interrupted: java.lang.InterruptedException: sleep interrupted
2019-07-09 21:52:33,266 INFO  impl.FollowerState (FollowerState.java:run(114)) - c4917854-d170-490f-a44b-92c9239fc631: FollowerState was interrupted: java.lang.InterruptedException: sleep interrupted
2019-07-09 21:52:33,293 INFO  impl.LeaderElection (LeaderElection.java:logAndReturn(56)) - 7af45f66-d737-4ab6-a929-8561aa0ec301:group-64E44751EF2A:LeaderElection4: Election PASSED; received 1 response(s) [7af45f66-d737-4ab6-a929-8561aa0ec301<-c4917854-d170-490f-a44b-92c9239fc631#0:OK-t1] and 0 exception(s); 7af45f66-d737-4ab6-a929-8561aa0ec301:t1, leader=null, voted=7af45f66-d737-4ab6-a929-8561aa0ec301, raftlog=7af45f66-d737-4ab6-a929-8561aa0ec301-SegmentedRaftLog:OPENED:c-1,f-1,i0, conf=-1: [c4917854-d170-490f-a44b-92c9239fc631:192.168.5.139:39397, f8e7be87-7761-4131-90ab-e45dd6acf112:192.168.5.139:41699, 7af45f66-d737-4ab6-a929-8561aa0ec301:192.168.5.139:41353], old=null
2019-07-09 21:52:33,294 INFO  impl.RoleInfo (RoleInfo.java:shutdownLeaderElection(134)) - 7af45f66-d737-4ab6-a929-8561aa0ec301: shutdown LeaderElection
2019-07-09 21:52:33,294 INFO  impl.RaftServerImpl (RaftServerImpl.java:setRole(171)) - 7af45f66-d737-4ab6-a929-8561aa0ec301:group-64E44751EF2A changes role from CANDIDATE to LEADER at term 1 for changeToLeader
2019-07-09 21:52:33,295 INFO  impl.RaftServerImpl (ServerState.java:setLeader(263)) - 7af45f66-d737-4ab6-a929-8561aa0ec301:group-64E44751EF2A change Leader from null to 7af45f66-d737-4ab6-a929-8561aa0ec301 at term 1 for becomeLeader, leader elected after 1125ms
2019-07-09 21:52:33,295 INFO  server.RaftServerConfigKeys (ConfUtils.java:logGet(43)) - raft.server.staging.catchup.gap = 1000 (default)
2019-07-09 21:52:33,296 INFO  server.RaftServerConfigKeys (ConfUtils.java:logGet(43)) - raft.server.rpc.sleep.time = 25ms (default)
2019-07-09 21:52:33,296 INFO  server.RaftServerConfigKeys (ConfUtils.java:logGet(43)) - raft.server.write.element-limit = 4096 (default)
2019-07-09 21:52:33,296 INFO  server.RaftServerConfigKeys (ConfUtils.java:logGet(43)) - raft.server.watch.timeout = 10s (default)
2019-07-09 21:52:33,296 INFO  server.RaftServerConfigKeys (ConfUtils.java:logGet(43)) - raft.server.watch.timeout.denomination = 1s (default)
2019-07-09 21:52:33,296 INFO  server.RaftServerConfigKeys (ConfUtils.java:logGet(43)) - raft.server.watch.element-limit = 65536 (default)
2019-07-09 21:52:33,299 INFO  server.RaftServerConfigKeys (ConfUtils.java:logGet(43)) - raft.server.log.appender.snapshot.chunk.size.max = 16MB (=16777216) (default)
2019-07-09 21:52:33,300 INFO  server.RaftServerConfigKeys (ConfUtils.java:logGet(43)) - raft.server.log.appender.buffer.byte-limit = 33554432 (custom)
2019-07-09 21:52:33,300 INFO  server.RaftServerConfigKeys (ConfUtils.java:logGet(43)) - raft.server.log.appender.buffer.element-limit = 1 (custom)
2019-07-09 21:52:33,304 INFO  grpc.GrpcConfigKeys$Server (ConfUtils.java:logGet(43)) - raft.grpc.server.leader.outstanding.appends.max = 128 (default)
2019-07-09 21:52:33,305 INFO  server.RaftServerConfigKeys (ConfUtils.java:logGet(43)) - raft.server.rpc.request.timeout = 3000ms (default)
2019-07-09 21:52:33,305 INFO  server.RaftServerConfigKeys (ConfUtils.java:logGet(43)) - raft.server.log.appender.install.snapshot.enabled = false (custom)
2019-07-09 21:52:33,305 INFO  server.RaftServerConfigKeys (ConfUtils.java:logGet(43)) - raft.server.log.appender.snapshot.chunk.size.max = 16MB (=16777216) (default)
2019-07-09 21:52:33,306 INFO  server.RaftServerConfigKeys (ConfUtils.java:logGet(43)) - raft.server.log.appender.buffer.byte-limit = 33554432 (custom)
2019-07-09 21:52:33,306 INFO  server.RaftServerConfigKeys (ConfUtils.java:logGet(43)) - raft.server.log.appender.buffer.element-limit = 1 (custom)
2019-07-09 21:52:33,306 INFO  grpc.GrpcConfigKeys$Server (ConfUtils.java:logGet(43)) - raft.grpc.server.leader.outstanding.appends.max = 128 (default)
2019-07-09 21:52:33,306 INFO  server.RaftServerConfigKeys (ConfUtils.java:logGet(43)) - raft.server.rpc.request.timeout = 3000ms (default)
2019-07-09 21:52:33,307 INFO  server.RaftServerConfigKeys (ConfUtils.java:logGet(43)) - raft.server.log.appender.install.snapshot.enabled = false (custom)
2019-07-09 21:52:33,308 INFO  impl.RoleInfo (RoleInfo.java:updateAndGet(143)) - 7af45f66-d737-4ab6-a929-8561aa0ec301: start LeaderState
2019-07-09 21:52:33,308 INFO  segmented.SegmentedRaftLogWorker (SegmentedRaftLogWorker.java:startLogSegment(380)) - 7af45f66-d737-4ab6-a929-8561aa0ec301-SegmentedRaftLogWorker:Storage Directory /tmp/workdir/hadoop-ozone/tools/target/test-dir/MiniOzoneClusterImpl-530f80f0-f73d-4bb2-a60c-75ade5895039/datanode-0/data/ratis/831fa284-baf7-4d13-a06c-64e44751ef2a: Starting segment from index:0
2019-07-09 21:52:33,309 INFO  impl.RaftServerImpl (ServerState.java:setRaftConf(361)) - 7af45f66-d737-4ab6-a929-8561aa0ec301:group-64E44751EF2A set configuration 0: [c4917854-d170-490f-a44b-92c9239fc631:192.168.5.139:39397, f8e7be87-7761-4131-90ab-e45dd6acf112:192.168.5.139:41699, 7af45f66-d737-4ab6-a929-8561aa0ec301:192.168.5.139:41353], old=null at 0
2019-07-09 21:52:33,348 INFO  impl.RaftServerImpl (ServerState.java:setLeader(263)) - f8e7be87-7761-4131-90ab-e45dd6acf112:group-64E44751EF2A change Leader from null to 7af45f66-d737-4ab6-a929-8561aa0ec301 at term 1 for appendEntries, leader elected after 1178ms
2019-07-09 21:52:33,348 INFO  impl.RaftServerImpl (ServerState.java:setLeader(263)) - c4917854-d170-490f-a44b-92c9239fc631:group-64E44751EF2A change Leader from null to 7af45f66-d737-4ab6-a929-8561aa0ec301 at term 1 for appendEntries, leader elected after 1179ms
2019-07-09 21:52:33,356 INFO  segmented.SegmentedRaftLogWorker (SegmentedRaftLogWorker.java:execute(569)) - c4917854-d170-490f-a44b-92c9239fc631-SegmentedRaftLogWorker:Storage Directory /tmp/workdir/hadoop-ozone/tools/target/test-dir/MiniOzoneClusterImpl-530f80f0-f73d-4bb2-a60c-75ade5895039/datanode-1/data/ratis/1660fb86-d2d1-4726-b9db-a39ae73f4f5d: created new log segment /tmp/workdir/hadoop-ozone/tools/target/test-dir/MiniOzoneClusterImpl-530f80f0-f73d-4bb2-a60c-75ade5895039/datanode-1/data/ratis/1660fb86-d2d1-4726-b9db-a39ae73f4f5d/current/log_inprogress_0
2019-07-09 21:52:33,356 INFO  segmented.SegmentedRaftLogWorker (SegmentedRaftLogWorker.java:execute(569)) - f8e7be87-7761-4131-90ab-e45dd6acf112-SegmentedRaftLogWorker:Storage Directory /tmp/workdir/hadoop-ozone/tools/target/test-dir/MiniOzoneClusterImpl-530f80f0-f73d-4bb2-a60c-75ade5895039/datanode-2/data/ratis/18bdc779-0fa4-48f3-ab42-33c56f6450d4: created new log segment /tmp/workdir/hadoop-ozone/tools/target/test-dir/MiniOzoneClusterImpl-530f80f0-f73d-4bb2-a60c-75ade5895039/datanode-2/data/ratis/18bdc779-0fa4-48f3-ab42-33c56f6450d4/current/log_inprogress_0
2019-07-09 21:52:33,356 INFO  segmented.SegmentedRaftLogWorker (SegmentedRaftLogWorker.java:execute(569)) - 7af45f66-d737-4ab6-a929-8561aa0ec301-SegmentedRaftLogWorker:Storage Directory /tmp/workdir/hadoop-ozone/tools/target/test-dir/MiniOzoneClusterImpl-530f80f0-f73d-4bb2-a60c-75ade5895039/datanode-0/data/ratis/831fa284-baf7-4d13-a06c-64e44751ef2a: created new log segment /tmp/workdir/hadoop-ozone/tools/target/test-dir/MiniOzoneClusterImpl-530f80f0-f73d-4bb2-a60c-75ade5895039/datanode-0/data/ratis/831fa284-baf7-4d13-a06c-64e44751ef2a/current/log_inprogress_0
2019-07-09 21:52:33,356 INFO  segmented.SegmentedRaftLogWorker (SegmentedRaftLogWorker.java:execute(569)) - 7af45f66-d737-4ab6-a929-8561aa0ec301-SegmentedRaftLogWorker:Storage Directory /tmp/workdir/hadoop-ozone/tools/target/test-dir/MiniOzoneClusterImpl-530f80f0-f73d-4bb2-a60c-75ade5895039/datanode-0/data/ratis/1b1d8c70-236d-45dd-8610-aaaea603139e: created new log segment /tmp/workdir/hadoop-ozone/tools/target/test-dir/MiniOzoneClusterImpl-530f80f0-f73d-4bb2-a60c-75ade5895039/datanode-0/data/ratis/1b1d8c70-236d-45dd-8610-aaaea603139e/current/log_inprogress_0
2019-07-09 21:52:33,385 INFO  impl.RaftServerImpl (ServerState.java:setRaftConf(361)) - f8e7be87-7761-4131-90ab-e45dd6acf112:group-64E44751EF2A set configuration 0: [c4917854-d170-490f-a44b-92c9239fc631:192.168.5.139:39397, f8e7be87-7761-4131-90ab-e45dd6acf112:192.168.5.139:41699, 7af45f66-d737-4ab6-a929-8561aa0ec301:192.168.5.139:41353], old=null at 0
2019-07-09 21:52:33,385 INFO  impl.RaftServerImpl (ServerState.java:setRaftConf(361)) - c4917854-d170-490f-a44b-92c9239fc631:group-64E44751EF2A set configuration 0: [c4917854-d170-490f-a44b-92c9239fc631:192.168.5.139:39397, f8e7be87-7761-4131-90ab-e45dd6acf112:192.168.5.139:41699, 7af45f66-d737-4ab6-a929-8561aa0ec301:192.168.5.139:41353], old=null at 0
2019-07-09 21:52:33,388 INFO  segmented.SegmentedRaftLogWorker (SegmentedRaftLogWorker.java:startLogSegment(380)) - f8e7be87-7761-4131-90ab-e45dd6acf112-SegmentedRaftLogWorker:Storage Directory /tmp/workdir/hadoop-ozone/tools/target/test-dir/MiniOzoneClusterImpl-530f80f0-f73d-4bb2-a60c-75ade5895039/datanode-2/data/ratis/831fa284-baf7-4d13-a06c-64e44751ef2a: Starting segment from index:0
2019-07-09 21:52:33,388 INFO  segmented.SegmentedRaftLogWorker (SegmentedRaftLogWorker.java:startLogSegment(380)) - c4917854-d170-490f-a44b-92c9239fc631-SegmentedRaftLogWorker:Storage Directory /tmp/workdir/hadoop-ozone/tools/target/test-dir/MiniOzoneClusterImpl-530f80f0-f73d-4bb2-a60c-75ade5895039/datanode-1/data/ratis/831fa284-baf7-4d13-a06c-64e44751ef2a: Starting segment from index:0
2019-07-09 21:52:33,407 INFO  segmented.SegmentedRaftLogWorker (SegmentedRaftLogWorker.java:execute(569)) - f8e7be87-7761-4131-90ab-e45dd6acf112-SegmentedRaftLogWorker:Storage Directory /tmp/workdir/hadoop-ozone/tools/target/test-dir/MiniOzoneClusterImpl-530f80f0-f73d-4bb2-a60c-75ade5895039/datanode-2/data/ratis/831fa284-baf7-4d13-a06c-64e44751ef2a: created new log segment /tmp/workdir/hadoop-ozone/tools/target/test-dir/MiniOzoneClusterImpl-530f80f0-f73d-4bb2-a60c-75ade5895039/datanode-2/data/ratis/831fa284-baf7-4d13-a06c-64e44751ef2a/current/log_inprogress_0
2019-07-09 21:52:33,407 INFO  segmented.SegmentedRaftLogWorker (SegmentedRaftLogWorker.java:execute(569)) - c4917854-d170-490f-a44b-92c9239fc631-SegmentedRaftLogWorker:Storage Directory /tmp/workdir/hadoop-ozone/tools/target/test-dir/MiniOzoneClusterImpl-530f80f0-f73d-4bb2-a60c-75ade5895039/datanode-1/data/ratis/831fa284-baf7-4d13-a06c-64e44751ef2a: created new log segment /tmp/workdir/hadoop-ozone/tools/target/test-dir/MiniOzoneClusterImpl-530f80f0-f73d-4bb2-a60c-75ade5895039/datanode-1/data/ratis/831fa284-baf7-4d13-a06c-64e44751ef2a/current/log_inprogress_0
 0.00% |█                                                                                                    |  0/1 Time: 0:00:012019-07-09 21:52:34,096 INFO  client.GrpcClientProtocolClient (GrpcClientProtocolClient.java:onNext(255)) - client-B4C640012D2E->f8e7be87-7761-4131-90ab-e45dd6acf112: receive RaftClientReply:client-B4C640012D2E->f8e7be87-7761-4131-90ab-e45dd6acf112@group-64E44751EF2A, cid=6, FAILED org.apache.ratis.protocol.NotLeaderException: Server f8e7be87-7761-4131-90ab-e45dd6acf112 is not the leader (7af45f66-d737-4ab6-a929-8561aa0ec301:192.168.5.139:41353). Request must be sent to leader., logIndex=0, commits[f8e7be87-7761-4131-90ab-e45dd6acf112:c0, c4917854-d170-490f-a44b-92c9239fc631:c0, 7af45f66-d737-4ab6-a929-8561aa0ec301:c0]
2019-07-09 21:52:34,373 INFO  client.GrpcClientProtocolClient (GrpcClientProtocolClient.java:onNext(255)) - client-B4C640012D2E->7af45f66-d737-4ab6-a929-8561aa0ec301: receive RaftClientReply:client-B4C640012D2E->7af45f66-d737-4ab6-a929-8561aa0ec301@group-64E44751EF2A, cid=6, SUCCESS, logIndex=1, commits[7af45f66-d737-4ab6-a929-8561aa0ec301:c2, c4917854-d170-490f-a44b-92c9239fc631:c1, f8e7be87-7761-4131-90ab-e45dd6acf112:c1]
2019-07-09 21:52:34,461 INFO  client.GrpcClientProtocolClient (GrpcClientProtocolClient.java:onNext(255)) - client-B4C640012D2E->7af45f66-d737-4ab6-a929-8561aa0ec301: receive RaftClientReply:client-B4C640012D2E->7af45f66-d737-4ab6-a929-8561aa0ec301@group-64E44751EF2A, cid=7, SUCCESS, logIndex=3, commits[7af45f66-d737-4ab6-a929-8561aa0ec301:c8, c4917854-d170-490f-a44b-92c9239fc631:c6, f8e7be87-7761-4131-90ab-e45dd6acf112:c6]
2019-07-09 21:52:34,466 INFO  client.GrpcClientProtocolClient (GrpcClientProtocolClient.java:onNext(255)) - client-B4C640012D2E->7af45f66-d737-4ab6-a929-8561aa0ec301: receive RaftClientReply:client-B4C640012D2E->7af45f66-d737-4ab6-a929-8561aa0ec301@group-64E44751EF2A, cid=8, SUCCESS, logIndex=5, commits[7af45f66-d737-4ab6-a929-8561aa0ec301:c8, c4917854-d170-490f-a44b-92c9239fc631:c6, f8e7be87-7761-4131-90ab-e45dd6acf112:c6]
2019-07-09 21:52:34,479 INFO  client.GrpcClientProtocolClient (GrpcClientProtocolClient.java:onNext(255)) - client-B4C640012D2E->7af45f66-d737-4ab6-a929-8561aa0ec301: receive RaftClientReply:client-B4C640012D2E->7af45f66-d737-4ab6-a929-8561aa0ec301@group-64E44751EF2A, cid=9, SUCCESS, logIndex=6, commits[7af45f66-d737-4ab6-a929-8561aa0ec301:c8, c4917854-d170-490f-a44b-92c9239fc631:c6, f8e7be87-7761-4131-90ab-e45dd6acf112:c6]
2019-07-09 21:52:34,522 INFO  client.GrpcClientProtocolClient (GrpcClientProtocolClient.java:onNext(255)) - client-B4C640012D2E->7af45f66-d737-4ab6-a929-8561aa0ec301: receive RaftClientReply:client-B4C640012D2E->7af45f66-d737-4ab6-a929-8561aa0ec301@group-64E44751EF2A, cid=10, SUCCESS, logIndex=9, commits[7af45f66-d737-4ab6-a929-8561aa0ec301:c9, c4917854-d170-490f-a44b-92c9239fc631:c8, f8e7be87-7761-4131-90ab-e45dd6acf112:c6]
2019-07-09 21:52:34,527 INFO  client.GrpcClientProtocolClient (GrpcClientProtocolClient.java:onNext(255)) - client-B4C640012D2E->7af45f66-d737-4ab6-a929-8561aa0ec301: receive RaftClientReply:client-B4C640012D2E->7af45f66-d737-4ab6-a929-8561aa0ec301@group-64E44751EF2A, cid=11, SUCCESS, logIndex=10, commits[7af45f66-d737-4ab6-a929-8561aa0ec301:c10, c4917854-d170-490f-a44b-92c9239fc631:c8, f8e7be87-7761-4131-90ab-e45dd6acf112:c8]
2019-07-09 21:52:34,537 INFO  client.GrpcClientProtocolClient (GrpcClientProtocolClient.java:onNext(255)) - client-B4C640012D2E->7af45f66-d737-4ab6-a929-8561aa0ec301: receive RaftClientReply:client-B4C640012D2E->7af45f66-d737-4ab6-a929-8561aa0ec301@group-64E44751EF2A, cid=12, SUCCESS, logIndex=11, commits[7af45f66-d737-4ab6-a929-8561aa0ec301:c12, c4917854-d170-490f-a44b-92c9239fc631:c8, f8e7be87-7761-4131-90ab-e45dd6acf112:c9]
2019-07-09 21:52:34,538 INFO  client.GrpcClientProtocolClient (GrpcClientProtocolClient.java:onNext(255)) - client-B4C640012D2E->7af45f66-d737-4ab6-a929-8561aa0ec301: receive RaftClientReply:client-B4C640012D2E->7af45f66-d737-4ab6-a929-8561aa0ec301@group-64E44751EF2A, cid=13, SUCCESS, logIndex=12, commits[7af45f66-d737-4ab6-a929-8561aa0ec301:c14, c4917854-d170-490f-a44b-92c9239fc631:c8, f8e7be87-7761-4131-90ab-e45dd6acf112:c10]
2019-07-09 21:52:34,555 INFO  client.GrpcClientProtocolClient (GrpcClientProtocolClient.java:onNext(255)) - client-B4C640012D2E->7af45f66-d737-4ab6-a929-8561aa0ec301: receive RaftClientReply:client-B4C640012D2E->7af45f66-d737-4ab6-a929-8561aa0ec301@group-64E44751EF2A, cid=14, SUCCESS, logIndex=0, commits[7af45f66-d737-4ab6-a929-8561aa0ec301:c16, c4917854-d170-490f-a44b-92c9239fc631:c14, f8e7be87-7761-4131-90ab-e45dd6acf112:c12]
2019-07-09 21:52:34,560 INFO  client.GrpcClientProtocolClient (GrpcClientProtocolClient.java:onNext(255)) - client-B4C640012D2E->7af45f66-d737-4ab6-a929-8561aa0ec301: receive RaftClientReply:client-B4C640012D2E->7af45f66-d737-4ab6-a929-8561aa0ec301@group-64E44751EF2A, cid=15, SUCCESS, logIndex=0, commits[7af45f66-d737-4ab6-a929-8561aa0ec301:c16, c4917854-d170-490f-a44b-92c9239fc631:c14, f8e7be87-7761-4131-90ab-e45dd6acf112:c12]
 0.00% |█                                                                                                    |  0/1 Time: 0:00:022019-07-09 21:52:34,670 INFO  client.GrpcClientProtocolClient (GrpcClientProtocolClient.java:onNext(255)) - client-B4C640012D2E->7af45f66-d737-4ab6-a929-8561aa0ec301: receive RaftClientReply:client-B4C640012D2E->7af45f66-d737-4ab6-a929-8561aa0ec301@group-64E44751EF2A, cid=16, SUCCESS, logIndex=17, commits[7af45f66-d737-4ab6-a929-8561aa0ec301:c20, c4917854-d170-490f-a44b-92c9239fc631:c14, f8e7be87-7761-4131-90ab-e45dd6acf112:c16]
2019-07-09 21:52:34,690 INFO  client.GrpcClientProtocolClient (GrpcClientProtocolClient.java:onNext(255)) - client-B4C640012D2E->7af45f66-d737-4ab6-a929-8561aa0ec301: receive RaftClientReply:client-B4C640012D2E->7af45f66-d737-4ab6-a929-8561aa0ec301@group-64E44751EF2A, cid=17, SUCCESS, logIndex=18, commits[7af45f66-d737-4ab6-a929-8561aa0ec301:c24, c4917854-d170-490f-a44b-92c9239fc631:c20, f8e7be87-7761-4131-90ab-e45dd6acf112:c20]
2019-07-09 21:52:34,691 INFO  client.GrpcClientProtocolClient (GrpcClientProtocolClient.java:onNext(255)) - client-B4C640012D2E->7af45f66-d737-4ab6-a929-8561aa0ec301: receive RaftClientReply:client-B4C640012D2E->7af45f66-d737-4ab6-a929-8561aa0ec301@group-64E44751EF2A, cid=18, SUCCESS, logIndex=19, commits[7af45f66-d737-4ab6-a929-8561aa0ec301:c24, c4917854-d170-490f-a44b-92c9239fc631:c20, f8e7be87-7761-4131-90ab-e45dd6acf112:c20]
2019-07-09 21:52:34,750 INFO  client.GrpcClientProtocolClient (GrpcClientProtocolClient.java:onNext(255)) - client-B4C640012D2E->7af45f66-d737-4ab6-a929-8561aa0ec301: receive RaftClientReply:client-B4C640012D2E->7af45f66-d737-4ab6-a929-8561aa0ec301@group-64E44751EF2A, cid=19, SUCCESS, logIndex=20, commits[7af45f66-d737-4ab6-a929-8561aa0ec301:c24, c4917854-d170-490f-a44b-92c9239fc631:c20, f8e7be87-7761-4131-90ab-e45dd6acf112:c20]
2019-07-09 21:52:34,788 INFO  client.GrpcClientProtocolClient (GrpcClientProtocolClient.java:onNext(255)) - client-B4C640012D2E->7af45f66-d737-4ab6-a929-8561aa0ec301: receive RaftClientReply:client-B4C640012D2E->7af45f66-d737-4ab6-a929-8561aa0ec301@group-64E44751EF2A, cid=20, SUCCESS, logIndex=25, commits[7af45f66-d737-4ab6-a929-8561aa0ec301:c25, c4917854-d170-490f-a44b-92c9239fc631:c20, f8e7be87-7761-4131-90ab-e45dd6acf112:c24]
2019-07-09 21:52:34,791 INFO  client.GrpcClientProtocolClient (GrpcClientProtocolClient.java:onNext(255)) - client-B4C640012D2E->7af45f66-d737-4ab6-a929-8561aa0ec301: receive RaftClientReply:client-B4C640012D2E->7af45f66-d737-4ab6-a929-8561aa0ec301@group-64E44751EF2A, cid=21, SUCCESS, logIndex=26, commits[7af45f66-d737-4ab6-a929-8561aa0ec301:c26, c4917854-d170-490f-a44b-92c9239fc631:c24, f8e7be87-7761-4131-90ab-e45dd6acf112:c24]
2019-07-09 21:52:34,800 INFO  client.GrpcClientProtocolClient (GrpcClientProtocolClient.java:onNext(255)) - client-B4C640012D2E->7af45f66-d737-4ab6-a929-8561aa0ec301: receive RaftClientReply:client-B4C640012D2E->7af45f66-d737-4ab6-a929-8561aa0ec301@group-64E44751EF2A, cid=22, SUCCESS, logIndex=27, commits[7af45f66-d737-4ab6-a929-8561aa0ec301:c28, c4917854-d170-490f-a44b-92c9239fc631:c25, f8e7be87-7761-4131-90ab-e45dd6acf112:c24]
2019-07-09 21:52:34,802 INFO  client.GrpcClientProtocolClient (GrpcClientProtocolClient.java:onNext(255)) - client-B4C640012D2E->7af45f66-d737-4ab6-a929-8561aa0ec301: receive RaftClientReply:client-B4C640012D2E->7af45f66-d737-4ab6-a929-8561aa0ec301@group-64E44751EF2A, cid=23, SUCCESS, logIndex=28, commits[7af45f66-d737-4ab6-a929-8561aa0ec301:c30, c4917854-d170-490f-a44b-92c9239fc631:c26, f8e7be87-7761-4131-90ab-e45dd6acf112:c26]
2019-07-09 21:52:34,810 INFO  client.GrpcClientProtocolClient (GrpcClientProtocolClient.java:onNext(255)) - client-B4C640012D2E->7af45f66-d737-4ab6-a929-8561aa0ec301: receive RaftClientReply:client-B4C640012D2E->7af45f66-d737-4ab6-a929-8561aa0ec301@group-64E44751EF2A, cid=24, SUCCESS, logIndex=0, commits[7af45f66-d737-4ab6-a929-8561aa0ec301:c32, c4917854-d170-490f-a44b-92c9239fc631:c29, f8e7be87-7761-4131-90ab-e45dd6acf112:c28]
2019-07-09 21:52:34,923 INFO  client.GrpcClientProtocolClient (GrpcClientProtocolClient.java:onNext(255)) - client-B4C640012D2E->7af45f66-d737-4ab6-a929-8561aa0ec301: receive RaftClientReply:client-B4C640012D2E->7af45f66-d737-4ab6-a929-8561aa0ec301@group-64E44751EF2A, cid=25, SUCCESS, logIndex=33, commits[7af45f66-d737-4ab6-a929-8561aa0ec301:c36, c4917854-d170-490f-a44b-92c9239fc631:c32, f8e7be87-7761-4131-90ab-e45dd6acf112:c32]
2019-07-09 21:52:34,960 INFO  client.GrpcClientProtocolClient (GrpcClientProtocolClient.java:onNext(255)) - client-B4C640012D2E->7af45f66-d737-4ab6-a929-8561aa0ec301: receive RaftClientReply:client-B4C640012D2E->7af45f66-d737-4ab6-a929-8561aa0ec301@group-64E44751EF2A, cid=26, SUCCESS, logIndex=34, commits[7af45f66-d737-4ab6-a929-8561aa0ec301:c40, c4917854-d170-490f-a44b-92c9239fc631:c36, f8e7be87-7761-4131-90ab-e45dd6acf112:c36]
2019-07-09 21:52:34,961 INFO  client.GrpcClientProtocolClient (GrpcClientProtocolClient.java:onNext(255)) - client-B4C640012D2E->7af45f66-d737-4ab6-a929-8561aa0ec301: receive RaftClientReply:client-B4C640012D2E->7af45f66-d737-4ab6-a929-8561aa0ec301@group-64E44751EF2A, cid=27, SUCCESS, logIndex=35, commits[7af45f66-d737-4ab6-a929-8561aa0ec301:c40, c4917854-d170-490f-a44b-92c9239fc631:c36, f8e7be87-7761-4131-90ab-e45dd6acf112:c36]
2019-07-09 21:52:35,028 INFO  client.GrpcClientProtocolClient (GrpcClientProtocolClient.java:onNext(255)) - client-B4C640012D2E->7af45f66-d737-4ab6-a929-8561aa0ec301: receive RaftClientReply:client-B4C640012D2E->7af45f66-d737-4ab6-a929-8561aa0ec301@group-64E44751EF2A, cid=28, SUCCESS, logIndex=36, commits[7af45f66-d737-4ab6-a929-8561aa0ec301:c40, c4917854-d170-490f-a44b-92c9239fc631:c36, f8e7be87-7761-4131-90ab-e45dd6acf112:c36]
2019-07-09 21:52:35,066 INFO  client.GrpcClientProtocolClient (GrpcClientProtocolClient.java:onNext(255)) - client-B4C640012D2E->7af45f66-d737-4ab6-a929-8561aa0ec301: receive RaftClientReply:client-B4C640012D2E->7af45f66-d737-4ab6-a929-8561aa0ec301@group-64E44751EF2A, cid=29, SUCCESS, logIndex=41, commits[7af45f66-d737-4ab6-a929-8561aa0ec301:c42, c4917854-d170-490f-a44b-92c9239fc631:c40, f8e7be87-7761-4131-90ab-e45dd6acf112:c40]
2019-07-09 21:52:35,068 INFO  client.GrpcClientProtocolClient (GrpcClientProtocolClient.java:onNext(255)) - client-B4C640012D2E->7af45f66-d737-4ab6-a929-8561aa0ec301: receive RaftClientReply:client-B4C640012D2E->7af45f66-d737-4ab6-a929-8561aa0ec301@group-64E44751EF2A, cid=30, SUCCESS, logIndex=42, commits[7af45f66-d737-4ab6-a929-8561aa0ec301:c42, c4917854-d170-490f-a44b-92c9239fc631:c40, f8e7be87-7761-4131-90ab-e45dd6acf112:c40]
2019-07-09 21:52:35,071 INFO  client.GrpcClientProtocolClient (GrpcClientProtocolClient.java:onNext(255)) - client-B4C640012D2E->7af45f66-d737-4ab6-a929-8561aa0ec301: receive RaftClientReply:client-B4C640012D2E->7af45f66-d737-4ab6-a929-8561aa0ec301@group-64E44751EF2A, cid=31, SUCCESS, logIndex=43, commits[7af45f66-d737-4ab6-a929-8561aa0ec301:c44, c4917854-d170-490f-a44b-92c9239fc631:c42, f8e7be87-7761-4131-90ab-e45dd6acf112:c40]
2019-07-09 21:52:35,073 INFO  client.GrpcClientProtocolClient (GrpcClientProtocolClient.java:onNext(255)) - client-B4C640012D2E->7af45f66-d737-4ab6-a929-8561aa0ec301: receive RaftClientReply:client-B4C640012D2E->7af45f66-d737-4ab6-a929-8561aa0ec301@group-64E44751EF2A, cid=32, SUCCESS, logIndex=44, commits[7af45f66-d737-4ab6-a929-8561aa0ec301:c46, c4917854-d170-490f-a44b-92c9239fc631:c42, f8e7be87-7761-4131-90ab-e45dd6acf112:c40]
2019-07-09 21:52:35,076 INFO  client.GrpcClientProtocolClient (GrpcClientProtocolClient.java:onNext(255)) - client-B4C640012D2E->7af45f66-d737-4ab6-a929-8561aa0ec301: receive RaftClientReply:client-B4C640012D2E->7af45f66-d737-4ab6-a929-8561aa0ec301@group-64E44751EF2A, cid=33, SUCCESS, logIndex=0, commits[7af45f66-d737-4ab6-a929-8561aa0ec301:c48, c4917854-d170-490f-a44b-92c9239fc631:c44, f8e7be87-7761-4131-90ab-e45dd6acf112:c45]
2019-07-09 21:52:35,079 INFO  client.GrpcClientProtocolClient (GrpcClientProtocolClient.java:onNext(255)) - client-B4C640012D2E->7af45f66-d737-4ab6-a929-8561aa0ec301: receive RaftClientReply:client-B4C640012D2E->7af45f66-d737-4ab6-a929-8561aa0ec301@group-64E44751EF2A, cid=34, SUCCESS, logIndex=0, commits[7af45f66-d737-4ab6-a929-8561aa0ec301:c48, c4917854-d170-490f-a44b-92c9239fc631:c44, f8e7be87-7761-4131-90ab-e45dd6acf112:c45]
2019-07-09 21:52:35,107 INFO  client.GrpcClientProtocolClient (GrpcClientProtocolClient.java:onNext(255)) - client-B4C640012D2E->7af45f66-d737-4ab6-a929-8561aa0ec301: receive RaftClientReply:client-B4C640012D2E->7af45f66-d737-4ab6-a929-8561aa0ec301@group-64E44751EF2A, cid=35, SUCCESS, logIndex=49, commits[7af45f66-d737-4ab6-a929-8561aa0ec301:c50, c4917854-d170-490f-a44b-92c9239fc631:c48, f8e7be87-7761-4131-90ab-e45dd6acf112:c48]
2019-07-09 21:52:35,108 INFO  client.GrpcClientProtocolClient (GrpcClientProtocolClient.java:onNext(255)) - client-B4C640012D2E->7af45f66-d737-4ab6-a929-8561aa0ec301: receive RaftClientReply:client-B4C640012D2E->7af45f66-d737-4ab6-a929-8561aa0ec301@group-64E44751EF2A, cid=36, SUCCESS, logIndex=50, commits[7af45f66-d737-4ab6-a929-8561aa0ec301:c52, c4917854-d170-490f-a44b-92c9239fc631:c48, f8e7be87-7761-4131-90ab-e45dd6acf112:c48]
2019-07-09 21:52:35,110 INFO  client.GrpcClientProtocolClient (GrpcClientProtocolClient.java:onNext(255)) - client-B4C640012D2E->7af45f66-d737-4ab6-a929-8561aa0ec301: receive RaftClientReply:client-B4C640012D2E->7af45f66-d737-4ab6-a929-8561aa0ec301@group-64E44751EF2A, cid=37, SUCCESS, logIndex=51, commits[7af45f66-d737-4ab6-a929-8561aa0ec301:c52, c4917854-d170-490f-a44b-92c9239fc631:c48, f8e7be87-7761-4131-90ab-e45dd6acf112:c48]
2019-07-09 21:52:35,110 INFO  client.GrpcClientProtocolClient (GrpcClientProtocolClient.java:onNext(255)) - client-B4C640012D2E->7af45f66-d737-4ab6-a929-8561aa0ec301: receive RaftClientReply:client-B4C640012D2E->7af45f66-d737-4ab6-a929-8561aa0ec301@group-64E44751EF2A, cid=38, SUCCESS, logIndex=52, commits[7af45f66-d737-4ab6-a929-8561aa0ec301:c53, c4917854-d170-490f-a44b-92c9239fc631:c48, f8e7be87-7761-4131-90ab-e45dd6acf112:c50]
2019-07-09 21:52:35,113 INFO  client.GrpcClientProtocolClient (GrpcClientProtocolClient.java:onNext(255)) - client-B4C640012D2E->7af45f66-d737-4ab6-a929-8561aa0ec301: receive RaftClientReply:client-B4C640012D2E->7af45f66-d737-4ab6-a929-8561aa0ec301@group-64E44751EF2A, cid=39, SUCCESS, logIndex=0, commits[7af45f66-d737-4ab6-a929-8561aa0ec301:c56, c4917854-d170-490f-a44b-92c9239fc631:c52, f8e7be87-7761-4131-90ab-e45dd6acf112:c52]
2019-07-09 21:52:35,134 INFO  client.GrpcClientProtocolClient (GrpcClientProtocolClient.java:onNext(255)) - client-B4C640012D2E->7af45f66-d737-4ab6-a929-8561aa0ec301: receive RaftClientReply:client-B4C640012D2E->7af45f66-d737-4ab6-a929-8561aa0ec301@group-64E44751EF2A, cid=40, SUCCESS, logIndex=57, commits[7af45f66-d737-4ab6-a929-8561aa0ec301:c58, c4917854-d170-490f-a44b-92c9239fc631:c56, f8e7be87-7761-4131-90ab-e45dd6acf112:c56]
2019-07-09 21:52:35,136 INFO  client.GrpcClientProtocolClient (GrpcClientProtocolClient.java:onNext(255)) - client-B4C640012D2E->7af45f66-d737-4ab6-a929-8561aa0ec301: receive RaftClientReply:client-B4C640012D2E->7af45f66-d737-4ab6-a929-8561aa0ec301@group-64E44751EF2A, cid=41, SUCCESS, logIndex=58, commits[7af45f66-d737-4ab6-a929-8561aa0ec301:c58, c4917854-d170-490f-a44b-92c9239fc631:c56, f8e7be87-7761-4131-90ab-e45dd6acf112:c56]
2019-07-09 21:52:35,156 INFO  client.GrpcClientProtocolClient (GrpcClientProtocolClient.java:onNext(255)) - client-B4C640012D2E->7af45f66-d737-4ab6-a929-8561aa0ec301: receive RaftClientReply:client-B4C640012D2E->7af45f66-d737-4ab6-a929-8561aa0ec301@group-64E44751EF2A, cid=42, SUCCESS, logIndex=61, commits[7af45f66-d737-4ab6-a929-8561aa0ec301:c62, c4917854-d170-490f-a44b-92c9239fc631:c60, f8e7be87-7761-4131-90ab-e45dd6acf112:c60]
2019-07-09 21:52:35,157 INFO  client.GrpcClientProtocolClient (GrpcClientProtocolClient.java:onNext(255)) - client-B4C640012D2E->7af45f66-d737-4ab6-a929-8561aa0ec301: receive RaftClientReply:client-B4C640012D2E->7af45f66-d737-4ab6-a929-8561aa0ec301@group-64E44751EF2A, cid=43, SUCCESS, logIndex=62, commits[7af45f66-d737-4ab6-a929-8561aa0ec301:c62, c4917854-d170-490f-a44b-92c9239fc631:c60, f8e7be87-7761-4131-90ab-e45dd6acf112:c60]
2019-07-09 21:52:35,168 INFO  client.GrpcClientProtocolClient (GrpcClientProtocolClient.java:onNext(255)) - client-B4C640012D2E->7af45f66-d737-4ab6-a929-8561aa0ec301: receive RaftClientReply:client-B4C640012D2E->7af45f66-d737-4ab6-a929-8561aa0ec301@group-64E44751EF2A, cid=44, SUCCESS, logIndex=0, commits[7af45f66-d737-4ab6-a929-8561aa0ec301:c64, c4917854-d170-490f-a44b-92c9239fc631:c62, f8e7be87-7761-4131-90ab-e45dd6acf112:c62]
2019-07-09 21:52:35,188 INFO  client.GrpcClientProtocolClient (GrpcClientProtocolClient.java:onNext(255)) - client-B4C640012D2E->7af45f66-d737-4ab6-a929-8561aa0ec301: receive RaftClientReply:client-B4C640012D2E->7af45f66-d737-4ab6-a929-8561aa0ec301@group-64E44751EF2A, cid=45, SUCCESS, logIndex=65, commits[7af45f66-d737-4ab6-a929-8561aa0ec301:c66, c4917854-d170-490f-a44b-92c9239fc631:c64, f8e7be87-7761-4131-90ab-e45dd6acf112:c64]
2019-07-09 21:52:35,190 INFO  client.GrpcClientProtocolClient (GrpcClientProtocolClient.java:onNext(255)) - client-B4C640012D2E->7af45f66-d737-4ab6-a929-8561aa0ec301: receive RaftClientReply:client-B4C640012D2E->7af45f66-d737-4ab6-a929-8561aa0ec301@group-64E44751EF2A, cid=46, SUCCESS, logIndex=66, commits[7af45f66-d737-4ab6-a929-8561aa0ec301:c66, c4917854-d170-490f-a44b-92c9239fc631:c64, f8e7be87-7761-4131-90ab-e45dd6acf112:c64]
2019-07-09 21:52:35,192 INFO  client.GrpcClientProtocolClient (GrpcClientProtocolClient.java:onNext(255)) - client-B4C640012D2E->7af45f66-d737-4ab6-a929-8561aa0ec301: receive RaftClientReply:client-B4C640012D2E->7af45f66-d737-4ab6-a929-8561aa0ec301@group-64E44751EF2A, cid=47, SUCCESS, logIndex=67, commits[7af45f66-d737-4ab6-a929-8561aa0ec301:c69, c4917854-d170-490f-a44b-92c9239fc631:c66, f8e7be87-7761-4131-90ab-e45dd6acf112:c66]
2019-07-09 21:52:35,193 INFO  client.GrpcClientProtocolClient (GrpcClientProtocolClient.java:onNext(255)) - client-B4C640012D2E->7af45f66-d737-4ab6-a929-8561aa0ec301: receive RaftClientReply:client-B4C640012D2E->7af45f66-d737-4ab6-a929-8561aa0ec301@group-64E44751EF2A, cid=48, SUCCESS, logIndex=68, commits[7af45f66-d737-4ab6-a929-8561aa0ec301:c70, c4917854-d170-490f-a44b-92c9239fc631:c66, f8e7be87-7761-4131-90ab-e45dd6acf112:c66]
2019-07-09 21:52:35,217 INFO  client.GrpcClientProtocolClient (GrpcClientProtocolClient.java:onNext(255)) - client-B4C640012D2E->7af45f66-d737-4ab6-a929-8561aa0ec301: receive RaftClientReply:client-B4C640012D2E->7af45f66-d737-4ab6-a929-8561aa0ec301@group-64E44751EF2A, cid=49, SUCCESS, logIndex=73, commits[7af45f66-d737-4ab6-a929-8561aa0ec301:c74, c4917854-d170-490f-a44b-92c9239fc631:c72, f8e7be87-7761-4131-90ab-e45dd6acf112:c72]
2019-07-09 21:52:35,218 INFO  client.GrpcClientProtocolClient (GrpcClientProtocolClient.java:onNext(255)) - client-B4C640012D2E->7af45f66-d737-4ab6-a929-8561aa0ec301: receive RaftClientReply:client-B4C640012D2E->7af45f66-d737-4ab6-a929-8561aa0ec301@group-64E44751EF2A, cid=50, SUCCESS, logIndex=74, commits[7af45f66-d737-4ab6-a929-8561aa0ec301:c74, c4917854-d170-490f-a44b-92c9239fc631:c72, f8e7be87-7761-4131-90ab-e45dd6acf112:c72]
2019-07-09 21:52:35,237 INFO  client.GrpcClientProtocolClient (GrpcClientProtocolClient.java:onNext(255)) - client-B4C640012D2E->7af45f66-d737-4ab6-a929-8561aa0ec301: receive RaftClientReply:client-B4C640012D2E->7af45f66-d737-4ab6-a929-8561aa0ec301@group-64E44751EF2A, cid=51, SUCCESS, logIndex=77, commits[7af45f66-d737-4ab6-a929-8561aa0ec301:c78, c4917854-d170-490f-a44b-92c9239fc631:c76, f8e7be87-7761-4131-90ab-e45dd6acf112:c76]
2019-07-09 21:52:35,238 INFO  client.GrpcClientProtocolClient (GrpcClientProtocolClient.java:onNext(255)) - client-B4C640012D2E->7af45f66-d737-4ab6-a929-8561aa0ec301: receive RaftClientReply:client-B4C640012D2E->7af45f66-d737-4ab6-a929-8561aa0ec301@group-64E44751EF2A, cid=52, SUCCESS, logIndex=78, commits[7af45f66-d737-4ab6-a929-8561aa0ec301:c78, c4917854-d170-490f-a44b-92c9239fc631:c76, f8e7be87-7761-4131-90ab-e45dd6acf112:c76]
2019-07-09 21:52:35,243 INFO  client.GrpcClientProtocolClient (GrpcClientProtocolClient.java:onNext(255)) - client-B4C640012D2E->7af45f66-d737-4ab6-a929-8561aa0ec301: receive RaftClientReply:client-B4C640012D2E->7af45f66-d737-4ab6-a929-8561aa0ec301@group-64E44751EF2A, cid=53, SUCCESS, logIndex=0, commits[7af45f66-d737-4ab6-a929-8561aa0ec301:c79, c4917854-d170-490f-a44b-92c9239fc631:c78, f8e7be87-7761-4131-90ab-e45dd6acf112:c78]
 100.00% |█████████████████████████████████████████████████████████████████████████████████████████████████████|  1/1 Time: 0:00:03
2019-07-09 21:52:40,787 INFO  pipeline.SCMPipelineManager (SCMPipelineManager.java:finalizeAndDestroyPipeline(307)) - destroying pipeline:Pipeline[ Id: 831fa284-baf7-4d13-a06c-64e44751ef2a, Nodes: 7af45f66-d737-4ab6-a929-8561aa0ec301{ip: 192.168.5.139, host: hdds1735-74sld-1996548415, networkLocation: /default-rack, certSerialId: null}c4917854-d170-490f-a44b-92c9239fc631{ip: 192.168.5.139, host: hdds1735-74sld-1996548415, networkLocation: /default-rack, certSerialId: null}f8e7be87-7761-4131-90ab-e45dd6acf112{ip: 192.168.5.139, host: hdds1735-74sld-1996548415, networkLocation: /default-rack, certSerialId: null}, Type:RATIS, Factor:THREE, State:OPEN]
2019-07-09 21:52:40,788 INFO  pipeline.PipelineStateManager (PipelineStateManager.java:finalizePipeline(123)) - Pipeline Pipeline[ Id: 831fa284-baf7-4d13-a06c-64e44751ef2a, Nodes: 7af45f66-d737-4ab6-a929-8561aa0ec301{ip: 192.168.5.139, host: hdds1735-74sld-1996548415, networkLocation: /default-rack, certSerialId: null}c4917854-d170-490f-a44b-92c9239fc631{ip: 192.168.5.139, host: hdds1735-74sld-1996548415, networkLocation: /default-rack, certSerialId: null}f8e7be87-7761-4131-90ab-e45dd6acf112{ip: 192.168.5.139, host: hdds1735-74sld-1996548415, networkLocation: /default-rack, certSerialId: null}, Type:RATIS, Factor:THREE, State:CLOSED] moved to CLOSED state
2019-07-09 21:52:40,789 INFO  container.CloseContainerEventHandler (CloseContainerEventHandler.java:onMessage(61)) - Close container Event triggered for container : #1
2019-07-09 21:52:40,796 INFO  container.CloseContainerEventHandler (CloseContainerEventHandler.java:onMessage(61)) - Close container Event triggered for container : #2
2019-07-09 21:52:40,796 INFO  container.CloseContainerEventHandler (CloseContainerEventHandler.java:onMessage(61)) - Close container Event triggered for container : #3
2019-07-09 21:52:40,809 INFO  impl.RaftServerProxy (RaftServerProxy.java:remove(95)) - 7af45f66-d737-4ab6-a929-8561aa0ec301: remove   LEADER group-64E44751EF2A 7af45f66-d737-4ab6-a929-8561aa0ec301:t1, leader=7af45f66-d737-4ab6-a929-8561aa0ec301, voted=7af45f66-d737-4ab6-a929-8561aa0ec301, raftlog=7af45f66-d737-4ab6-a929-8561aa0ec301-SegmentedRaftLog:OPENED:c80,f80,i80, conf=0: [c4917854-d170-490f-a44b-92c9239fc631:192.168.5.139:39397, f8e7be87-7761-4131-90ab-e45dd6acf112:192.168.5.139:41699, 7af45f66-d737-4ab6-a929-8561aa0ec301:192.168.5.139:41353], old=null RUNNING
2019-07-09 21:52:40,812 INFO  impl.RaftServerImpl (RaftServerImpl.java:lambda$shutdown$3(245)) - 7af45f66-d737-4ab6-a929-8561aa0ec301: shutdown group-64E44751EF2A
2019-07-09 21:52:40,813 INFO  util.JmxRegister (JmxRegister.java:unregister(73)) - Successfully un-registered JMX Bean with object name Ratis:service=RaftServer,group=group-64E44751EF2A,id=7af45f66-d737-4ab6-a929-8561aa0ec301
2019-07-09 21:52:40,813 INFO  impl.RoleInfo (RoleInfo.java:shutdownLeaderState(104)) - 7af45f66-d737-4ab6-a929-8561aa0ec301: shutdown LeaderState
2019-07-09 21:52:40,816 INFO  impl.PendingRequests (PendingRequests.java:sendNotLeaderResponses(202)) - 7af45f66-d737-4ab6-a929-8561aa0ec301-PendingRequests: sendNotLeaderResponses
2019-07-09 21:52:40,816 WARN  server.GrpcLogAppender (GrpcLogAppender.java:mayWait(143)) - GrpcLogAppender(7af45f66-d737-4ab6-a929-8561aa0ec301->c4917854-d170-490f-a44b-92c9239fc631): Wait interrupted by java.lang.InterruptedException
2019-07-09 21:52:40,816 WARN  server.GrpcLogAppender (GrpcLogAppender.java:mayWait(143)) - GrpcLogAppender(7af45f66-d737-4ab6-a929-8561aa0ec301->f8e7be87-7761-4131-90ab-e45dd6acf112): Wait interrupted by java.lang.InterruptedException
2019-07-09 21:52:40,821 INFO  server.GrpcServerProtocolService (GrpcServerProtocolService.java:onCompleted(104)) - f8e7be87-7761-4131-90ab-e45dd6acf112: appendEntries completed
2019-07-09 21:52:40,821 INFO  server.GrpcServerProtocolService (GrpcServerProtocolService.java:onCompleted(104)) - c4917854-d170-490f-a44b-92c9239fc631: appendEntries completed
2019-07-09 21:52:40,828 INFO  server.GrpcLogAppender (GrpcLogAppender.java:onCompleted(292)) - 7af45f66-d737-4ab6-a929-8561aa0ec301->f8e7be87-7761-4131-90ab-e45dd6acf112: follower responses appendEntries COMPLETED
2019-07-09 21:52:40,831 INFO  impl.StateMachineUpdater (StateMachineUpdater.java:stopAndJoin(115)) - StateMachineUpdater:7af45f66-d737-4ab6-a929-8561aa0ec301:group-64E44751EF2A: set stopIndex = 80
2019-07-09 21:52:40,828 INFO  server.GrpcLogAppender (GrpcLogAppender.java:onCompleted(292)) - 7af45f66-d737-4ab6-a929-8561aa0ec301->c4917854-d170-490f-a44b-92c9239fc631: follower responses appendEntries COMPLETED
2019-07-09 21:52:40,832 INFO  ratis.ContainerStateMachine (ContainerStateMachine.java:takeSnapshot(244)) - Taking snapshot at termIndex:(t:1, i:78)
2019-07-09 21:52:40,835 INFO  ratis.ContainerStateMachine (ContainerStateMachine.java:takeSnapshot(248)) - Taking a snapshot to file /tmp/workdir/hadoop-ozone/tools/target/test-dir/MiniOzoneClusterImpl-530f80f0-f73d-4bb2-a60c-75ade5895039/datanode-0/data/ratis/831fa284-baf7-4d13-a06c-64e44751ef2a/sm/snapshot.1_78
2019-07-09 21:52:40,837 INFO  impl.FollowerInfo (FollowerInfo.java:lambda$new$0(50)) - 7af45f66-d737-4ab6-a929-8561aa0ec301->f8e7be87-7761-4131-90ab-e45dd6acf112: nextIndex: updateUnconditionally 81 -> 80
2019-07-09 21:52:40,837 INFO  impl.FollowerInfo (FollowerInfo.java:lambda$new$0(50)) - 7af45f66-d737-4ab6-a929-8561aa0ec301->c4917854-d170-490f-a44b-92c9239fc631: nextIndex: updateUnconditionally 81 -> 80
2019-07-09 21:52:40,851 INFO  impl.StateMachineUpdater (StateMachineUpdater.java:takeSnapshot(242)) - StateMachineUpdater:7af45f66-d737-4ab6-a929-8561aa0ec301:group-64E44751EF2A: Took a snapshot at index 78
2019-07-09 21:52:40,853 INFO  impl.StateMachineUpdater (StateMachineUpdater.java:lambda$new$0(80)) - StateMachineUpdater:7af45f66-d737-4ab6-a929-8561aa0ec301:group-64E44751EF2A: snapshotIndex: updateIncreasingly -1 -> 78
2019-07-09 21:52:40,858 INFO  impl.RaftServerImpl (ServerState.java:close(394)) - 7af45f66-d737-4ab6-a929-8561aa0ec301:group-64E44751EF2A closes. The last applied log index is 80
2019-07-09 21:52:40,860 INFO  segmented.SegmentedRaftLogWorker (SegmentedRaftLogWorker.java:run(313)) - 7af45f66-d737-4ab6-a929-8561aa0ec301-SegmentedRaftLogWorker:Storage Directory /tmp/workdir/hadoop-ozone/tools/target/test-dir/MiniOzoneClusterImpl-530f80f0-f73d-4bb2-a60c-75ade5895039/datanode-0/data/ratis/831fa284-baf7-4d13-a06c-64e44751ef2a was interrupted, exiting. There are 0 tasks remaining in the queue.
2019-07-09 21:52:40,861 INFO  segmented.SegmentedRaftLogWorker (SegmentedRaftLogWorker.java:close(228)) - 7af45f66-d737-4ab6-a929-8561aa0ec301-SegmentedRaftLogWorker:Storage Directory /tmp/workdir/hadoop-ozone/tools/target/test-dir/MiniOzoneClusterImpl-530f80f0-f73d-4bb2-a60c-75ade5895039/datanode-0/data/ratis/831fa284-baf7-4d13-a06c-64e44751ef2a close()
2019-07-09 21:52:40,886 INFO  impl.RaftServerProxy (RaftServerProxy.java:remove(95)) - c4917854-d170-490f-a44b-92c9239fc631: remove FOLLOWER group-64E44751EF2A c4917854-d170-490f-a44b-92c9239fc631:t1, leader=7af45f66-d737-4ab6-a929-8561aa0ec301, voted=7af45f66-d737-4ab6-a929-8561aa0ec301, raftlog=c4917854-d170-490f-a44b-92c9239fc631-SegmentedRaftLog:OPENED:c80,f80,i80, conf=0: [c4917854-d170-490f-a44b-92c9239fc631:192.168.5.139:39397, f8e7be87-7761-4131-90ab-e45dd6acf112:192.168.5.139:41699, 7af45f66-d737-4ab6-a929-8561aa0ec301:192.168.5.139:41353], old=null RUNNING
2019-07-09 21:52:40,887 INFO  impl.RaftServerImpl (RaftServerImpl.java:lambda$shutdown$3(245)) - c4917854-d170-490f-a44b-92c9239fc631: shutdown group-64E44751EF2A
2019-07-09 21:52:40,887 INFO  util.JmxRegister (JmxRegister.java:unregister(73)) - Successfully un-registered JMX Bean with object name Ratis:service=RaftServer,group=group-64E44751EF2A,id=c4917854-d170-490f-a44b-92c9239fc631
2019-07-09 21:52:40,887 INFO  impl.RoleInfo (RoleInfo.java:shutdownFollowerState(121)) - c4917854-d170-490f-a44b-92c9239fc631: shutdown FollowerState
2019-07-09 21:52:40,887 INFO  impl.StateMachineUpdater (StateMachineUpdater.java:stopAndJoin(115)) - StateMachineUpdater:c4917854-d170-490f-a44b-92c9239fc631:group-64E44751EF2A: set stopIndex = 80
2019-07-09 21:52:40,887 INFO  impl.FollowerState (FollowerState.java:run(114)) - c4917854-d170-490f-a44b-92c9239fc631: FollowerState was interrupted: java.lang.InterruptedException: sleep interrupted
2019-07-09 21:52:40,887 INFO  ratis.ContainerStateMachine (ContainerStateMachine.java:takeSnapshot(244)) - Taking snapshot at termIndex:(t:1, i:78)
2019-07-09 21:52:40,890 INFO  ratis.ContainerStateMachine (ContainerStateMachine.java:takeSnapshot(248)) - Taking a snapshot to file /tmp/workdir/hadoop-ozone/tools/target/test-dir/MiniOzoneClusterImpl-530f80f0-f73d-4bb2-a60c-75ade5895039/datanode-1/data/ratis/831fa284-baf7-4d13-a06c-64e44751ef2a/sm/snapshot.1_78
2019-07-09 21:52:40,890 INFO  impl.StateMachineUpdater (StateMachineUpdater.java:takeSnapshot(242)) - StateMachineUpdater:c4917854-d170-490f-a44b-92c9239fc631:group-64E44751EF2A: Took a snapshot at index 78
2019-07-09 21:52:40,890 INFO  impl.StateMachineUpdater (StateMachineUpdater.java:lambda$new$0(80)) - StateMachineUpdater:c4917854-d170-490f-a44b-92c9239fc631:group-64E44751EF2A: snapshotIndex: updateIncreasingly -1 -> 78
2019-07-09 21:52:40,891 INFO  impl.RaftServerImpl (ServerState.java:close(394)) - c4917854-d170-490f-a44b-92c9239fc631:group-64E44751EF2A closes. The last applied log index is 80
2019-07-09 21:52:40,891 INFO  segmented.SegmentedRaftLogWorker (SegmentedRaftLogWorker.java:run(313)) - c4917854-d170-490f-a44b-92c9239fc631-SegmentedRaftLogWorker:Storage Directory /tmp/workdir/hadoop-ozone/tools/target/test-dir/MiniOzoneClusterImpl-530f80f0-f73d-4bb2-a60c-75ade5895039/datanode-1/data/ratis/831fa284-baf7-4d13-a06c-64e44751ef2a was interrupted, exiting. There are 0 tasks remaining in the queue.
2019-07-09 21:52:40,893 INFO  segmented.SegmentedRaftLogWorker (SegmentedRaftLogWorker.java:close(228)) - c4917854-d170-490f-a44b-92c9239fc631-SegmentedRaftLogWorker:Storage Directory /tmp/workdir/hadoop-ozone/tools/target/test-dir/MiniOzoneClusterImpl-530f80f0-f73d-4bb2-a60c-75ade5895039/datanode-1/data/ratis/831fa284-baf7-4d13-a06c-64e44751ef2a close()
2019-07-09 21:52:40,914 INFO  impl.RaftServerProxy (RaftServerProxy.java:remove(95)) - f8e7be87-7761-4131-90ab-e45dd6acf112: remove FOLLOWER group-64E44751EF2A f8e7be87-7761-4131-90ab-e45dd6acf112:t1, leader=7af45f66-d737-4ab6-a929-8561aa0ec301, voted=7af45f66-d737-4ab6-a929-8561aa0ec301, raftlog=f8e7be87-7761-4131-90ab-e45dd6acf112-SegmentedRaftLog:OPENED:c80,f80,i80, conf=0: [c4917854-d170-490f-a44b-92c9239fc631:192.168.5.139:39397, f8e7be87-7761-4131-90ab-e45dd6acf112:192.168.5.139:41699, 7af45f66-d737-4ab6-a929-8561aa0ec301:192.168.5.139:41353], old=null RUNNING
2019-07-09 21:52:40,915 INFO  impl.RaftServerImpl (RaftServerImpl.java:lambda$shutdown$3(245)) - f8e7be87-7761-4131-90ab-e45dd6acf112: shutdown group-64E44751EF2A
2019-07-09 21:52:40,915 INFO  util.JmxRegister (JmxRegister.java:unregister(73)) - Successfully un-registered JMX Bean with object name Ratis:service=RaftServer,group=group-64E44751EF2A,id=f8e7be87-7761-4131-90ab-e45dd6acf112
2019-07-09 21:52:40,916 INFO  impl.RoleInfo (RoleInfo.java:shutdownFollowerState(121)) - f8e7be87-7761-4131-90ab-e45dd6acf112: shutdown FollowerState
2019-07-09 21:52:40,916 INFO  impl.StateMachineUpdater (StateMachineUpdater.java:stopAndJoin(115)) - StateMachineUpdater:f8e7be87-7761-4131-90ab-e45dd6acf112:group-64E44751EF2A: set stopIndex = 80
2019-07-09 21:52:40,916 INFO  impl.FollowerState (FollowerState.java:run(114)) - f8e7be87-7761-4131-90ab-e45dd6acf112: FollowerState was interrupted: java.lang.InterruptedException: sleep interrupted
2019-07-09 21:52:40,916 INFO  ratis.ContainerStateMachine (ContainerStateMachine.java:takeSnapshot(244)) - Taking snapshot at termIndex:(t:1, i:78)
2019-07-09 21:52:40,923 INFO  ratis.ContainerStateMachine (ContainerStateMachine.java:takeSnapshot(248)) - Taking a snapshot to file /tmp/workdir/hadoop-ozone/tools/target/test-dir/MiniOzoneClusterImpl-530f80f0-f73d-4bb2-a60c-75ade5895039/datanode-2/data/ratis/831fa284-baf7-4d13-a06c-64e44751ef2a/sm/snapshot.1_78
2019-07-09 21:52:40,923 INFO  impl.StateMachineUpdater (StateMachineUpdater.java:takeSnapshot(242)) - StateMachineUpdater:f8e7be87-7761-4131-90ab-e45dd6acf112:group-64E44751EF2A: Took a snapshot at index 78
2019-07-09 21:52:40,923 INFO  impl.StateMachineUpdater (StateMachineUpdater.java:lambda$new$0(80)) - StateMachineUpdater:f8e7be87-7761-4131-90ab-e45dd6acf112:group-64E44751EF2A: snapshotIndex: updateIncreasingly -1 -> 78
2019-07-09 21:52:40,924 INFO  impl.RaftServerImpl (ServerState.java:close(394)) - f8e7be87-7761-4131-90ab-e45dd6acf112:group-64E44751EF2A closes. The last applied log index is 80
2019-07-09 21:52:40,924 INFO  segmented.SegmentedRaftLogWorker (SegmentedRaftLogWorker.java:run(313)) - f8e7be87-7761-4131-90ab-e45dd6acf112-SegmentedRaftLogWorker:Storage Directory /tmp/workdir/hadoop-ozone/tools/target/test-dir/MiniOzoneClusterImpl-530f80f0-f73d-4bb2-a60c-75ade5895039/datanode-2/data/ratis/831fa284-baf7-4d13-a06c-64e44751ef2a was interrupted, exiting. There are 0 tasks remaining in the queue.
2019-07-09 21:52:40,926 INFO  segmented.SegmentedRaftLogWorker (SegmentedRaftLogWorker.java:close(228)) - f8e7be87-7761-4131-90ab-e45dd6acf112-SegmentedRaftLogWorker:Storage Directory /tmp/workdir/hadoop-ozone/tools/target/test-dir/MiniOzoneClusterImpl-530f80f0-f73d-4bb2-a60c-75ade5895039/datanode-2/data/ratis/831fa284-baf7-4d13-a06c-64e44751ef2a close()
2019-07-09 21:52:40,935 INFO  pipeline.PipelineStateManager (PipelineStateManager.java:removePipeline(108)) - Pipeline Pipeline[ Id: 831fa284-baf7-4d13-a06c-64e44751ef2a, Nodes: 7af45f66-d737-4ab6-a929-8561aa0ec301{ip: 192.168.5.139, host: hdds1735-74sld-1996548415, networkLocation: /default-rack, certSerialId: null}c4917854-d170-490f-a44b-92c9239fc631{ip: 192.168.5.139, host: hdds1735-74sld-1996548415, networkLocation: /default-rack, certSerialId: null}f8e7be87-7761-4131-90ab-e45dd6acf112{ip: 192.168.5.139, host: hdds1735-74sld-1996548415, networkLocation: /default-rack, certSerialId: null}, Type:RATIS, Factor:THREE, State:CLOSED] removed from db
2019-07-09 21:52:40,957 INFO  impl.RaftServerProxy (RaftServerProxy.java:addNew(89)) - f8e7be87-7761-4131-90ab-e45dd6acf112: addNew group-1989BB4C1402:[c4917854-d170-490f-a44b-92c9239fc631:192.168.5.139:39397, f8e7be87-7761-4131-90ab-e45dd6acf112:192.168.5.139:41699, 7af45f66-d737-4ab6-a929-8561aa0ec301:192.168.5.139:41353] returns group-1989BB4C1402:java.util.concurrent.CompletableFuture@7cbbfabf[Not completed]
2019-07-09 21:52:40,957 INFO  impl.RaftServerProxy (RaftServerProxy.java:addNew(89)) - c4917854-d170-490f-a44b-92c9239fc631: addNew group-1989BB4C1402:[c4917854-d170-490f-a44b-92c9239fc631:192.168.5.139:39397, f8e7be87-7761-4131-90ab-e45dd6acf112:192.168.5.139:41699, 7af45f66-d737-4ab6-a929-8561aa0ec301:192.168.5.139:41353] returns group-1989BB4C1402:java.util.concurrent.CompletableFuture@234df63f[Not completed]
2019-07-09 21:52:40,959 INFO  impl.RaftServerProxy (RaftServerProxy.java:addNew(89)) - 7af45f66-d737-4ab6-a929-8561aa0ec301: addNew group-1989BB4C1402:[c4917854-d170-490f-a44b-92c9239fc631:192.168.5.139:39397, f8e7be87-7761-4131-90ab-e45dd6acf112:192.168.5.139:41699, 7af45f66-d737-4ab6-a929-8561aa0ec301:192.168.5.139:41353] returns group-1989BB4C1402:java.util.concurrent.CompletableFuture@1b6aa79a[Not completed]
2019-07-09 21:52:40,960 INFO  impl.RaftServerImpl (RaftServerImpl.java:<init>(93)) - f8e7be87-7761-4131-90ab-e45dd6acf112: new RaftServerImpl for group-1989BB4C1402:[c4917854-d170-490f-a44b-92c9239fc631:192.168.5.139:39397, f8e7be87-7761-4131-90ab-e45dd6acf112:192.168.5.139:41699, 7af45f66-d737-4ab6-a929-8561aa0ec301:192.168.5.139:41353] with ContainerStateMachine:uninitialized
2019-07-09 21:52:40,960 INFO  server.RaftServerConfigKeys (ConfUtils.java:logGet(43)) - raft.server.rpc.timeout.min = 1s (custom)
2019-07-09 21:52:40,960 INFO  server.RaftServerConfigKeys (ConfUtils.java:logGet(43)) - raft.server.rpc.timeout.max = 1200ms (custom)
2019-07-09 21:52:40,960 INFO  server.RaftServerConfigKeys (ConfUtils.java:logGet(43)) - raft.server.rpcslowness.timeout = 120s (custom)
2019-07-09 21:52:40,960 INFO  impl.RaftServerImpl (RaftServerImpl.java:<init>(93)) - 7af45f66-d737-4ab6-a929-8561aa0ec301: new RaftServerImpl for group-1989BB4C1402:[c4917854-d170-490f-a44b-92c9239fc631:192.168.5.139:39397, f8e7be87-7761-4131-90ab-e45dd6acf112:192.168.5.139:41699, 7af45f66-d737-4ab6-a929-8561aa0ec301:192.168.5.139:41353] with ContainerStateMachine:uninitialized
2019-07-09 21:52:40,961 INFO  server.RaftServerConfigKeys (ConfUtils.java:logGet(43)) - raft.server.sleep.deviation.threshold = 300 (default)
2019-07-09 21:52:40,961 INFO  server.RaftServerConfigKeys (ConfUtils.java:logGet(43)) - raft.server.rpc.timeout.min = 1s (custom)
2019-07-09 21:52:40,961 INFO  server.RaftServerConfigKeys (ConfUtils.java:logGet(43)) - raft.server.log.appender.install.snapshot.enabled = false (custom)
2019-07-09 21:52:40,961 INFO  server.RaftServerConfigKeys (ConfUtils.java:logGet(43)) - raft.server.rpc.timeout.max = 1200ms (custom)
2019-07-09 21:52:40,961 INFO  impl.RaftServerImpl (ServerState.java:<init>(105)) - f8e7be87-7761-4131-90ab-e45dd6acf112:group-1989BB4C1402 ConfigurationManager, init=-1: [c4917854-d170-490f-a44b-92c9239fc631:192.168.5.139:39397, f8e7be87-7761-4131-90ab-e45dd6acf112:192.168.5.139:41699, 7af45f66-d737-4ab6-a929-8561aa0ec301:192.168.5.139:41353], old=null, confs=<EMPTY_MAP>
2019-07-09 21:52:40,961 INFO  server.RaftServerConfigKeys (ConfUtils.java:logGet(43)) - raft.server.rpcslowness.timeout = 120s (custom)
2019-07-09 21:52:40,961 INFO  server.RaftServerConfigKeys (ConfUtils.java:logGet(43)) - raft.server.sleep.deviation.threshold = 300 (default)
2019-07-09 21:52:40,961 INFO  server.RaftServerConfigKeys (ConfUtils.java:logGet(43)) - raft.server.log.appender.install.snapshot.enabled = false (custom)
2019-07-09 21:52:40,961 INFO  impl.RaftServerImpl (RaftServerImpl.java:<init>(93)) - c4917854-d170-490f-a44b-92c9239fc631: new RaftServerImpl for group-1989BB4C1402:[c4917854-d170-490f-a44b-92c9239fc631:192.168.5.139:39397, f8e7be87-7761-4131-90ab-e45dd6acf112:192.168.5.139:41699, 7af45f66-d737-4ab6-a929-8561aa0ec301:192.168.5.139:41353] with ContainerStateMachine:uninitialized
2019-07-09 21:52:40,961 INFO  server.RaftServerConfigKeys (ConfUtils.java:logGet(43)) - raft.server.storage.dir = [/tmp/workdir/hadoop-ozone/tools/target/test-dir/MiniOzoneClusterImpl-530f80f0-f73d-4bb2-a60c-75ade5895039/datanode-2/data/ratis] (custom)
2019-07-09 21:52:40,962 INFO  server.RaftServerConfigKeys (ConfUtils.java:logGet(43)) - raft.server.rpc.timeout.min = 1s (custom)
2019-07-09 21:52:40,962 INFO  impl.RaftServerImpl (ServerState.java:<init>(105)) - 7af45f66-d737-4ab6-a929-8561aa0ec301:group-1989BB4C1402 ConfigurationManager, init=-1: [c4917854-d170-490f-a44b-92c9239fc631:192.168.5.139:39397, f8e7be87-7761-4131-90ab-e45dd6acf112:192.168.5.139:41699, 7af45f66-d737-4ab6-a929-8561aa0ec301:192.168.5.139:41353], old=null, confs=<EMPTY_MAP>
2019-07-09 21:52:40,962 INFO  storage.RaftStorageDirectory (RaftStorageDirectory.java:analyzeStorage(246)) - The storage directory /tmp/workdir/hadoop-ozone/tools/target/test-dir/MiniOzoneClusterImpl-530f80f0-f73d-4bb2-a60c-75ade5895039/datanode-2/data/ratis/e80e7d04-dff2-4b3f-b975-1989bb4c1402 does not exist. Creating ...
2019-07-09 21:52:40,962 INFO  server.RaftServerConfigKeys (ConfUtils.java:logGet(43)) - raft.server.rpc.timeout.max = 1200ms (custom)
2019-07-09 21:52:40,962 INFO  server.RaftServerConfigKeys (ConfUtils.java:logGet(43)) - raft.server.storage.dir = [/tmp/workdir/hadoop-ozone/tools/target/test-dir/MiniOzoneClusterImpl-530f80f0-f73d-4bb2-a60c-75ade5895039/datanode-0/data/ratis] (custom)
2019-07-09 21:52:40,962 INFO  server.RaftServerConfigKeys (ConfUtils.java:logGet(43)) - raft.server.rpcslowness.timeout = 120s (custom)
2019-07-09 21:52:40,963 INFO  server.RaftServerConfigKeys (ConfUtils.java:logGet(43)) - raft.server.sleep.deviation.threshold = 300 (default)
2019-07-09 21:52:40,963 INFO  storage.RaftStorageDirectory (RaftStorageDirectory.java:analyzeStorage(246)) - The storage directory /tmp/workdir/hadoop-ozone/tools/target/test-dir/MiniOzoneClusterImpl-530f80f0-f73d-4bb2-a60c-75ade5895039/datanode-0/data/ratis/e80e7d04-dff2-4b3f-b975-1989bb4c1402 does not exist. Creating ...
2019-07-09 21:52:40,963 INFO  server.RaftServerConfigKeys (ConfUtils.java:logGet(43)) - raft.server.log.appender.install.snapshot.enabled = false (custom)
2019-07-09 21:52:40,963 INFO  impl.RaftServerImpl (ServerState.java:<init>(105)) - c4917854-d170-490f-a44b-92c9239fc631:group-1989BB4C1402 ConfigurationManager, init=-1: [c4917854-d170-490f-a44b-92c9239fc631:192.168.5.139:39397, f8e7be87-7761-4131-90ab-e45dd6acf112:192.168.5.139:41699, 7af45f66-d737-4ab6-a929-8561aa0ec301:192.168.5.139:41353], old=null, confs=<EMPTY_MAP>
2019-07-09 21:52:40,963 INFO  server.RaftServerConfigKeys (ConfUtils.java:logGet(43)) - raft.server.storage.dir = [/tmp/workdir/hadoop-ozone/tools/target/test-dir/MiniOzoneClusterImpl-530f80f0-f73d-4bb2-a60c-75ade5895039/datanode-1/data/ratis] (custom)
2019-07-09 21:52:40,964 INFO  storage.RaftStorageDirectory (RaftStorageDirectory.java:analyzeStorage(246)) - The storage directory /tmp/workdir/hadoop-ozone/tools/target/test-dir/MiniOzoneClusterImpl-530f80f0-f73d-4bb2-a60c-75ade5895039/datanode-1/data/ratis/e80e7d04-dff2-4b3f-b975-1989bb4c1402 does not exist. Creating ...
2019-07-09 21:52:40,976 INFO  storage.RaftStorageDirectory (RaftStorageDirectory.java:tryLock(328)) - Lock on /tmp/workdir/hadoop-ozone/tools/target/test-dir/MiniOzoneClusterImpl-530f80f0-f73d-4bb2-a60c-75ade5895039/datanode-2/data/ratis/e80e7d04-dff2-4b3f-b975-1989bb4c1402/in_use.lock acquired by nodename 22386@hdds1735-74sld-1996548415
2019-07-09 21:52:40,976 INFO  storage.RaftStorageDirectory (RaftStorageDirectory.java:tryLock(328)) - Lock on /tmp/workdir/hadoop-ozone/tools/target/test-dir/MiniOzoneClusterImpl-530f80f0-f73d-4bb2-a60c-75ade5895039/datanode-1/data/ratis/e80e7d04-dff2-4b3f-b975-1989bb4c1402/in_use.lock acquired by nodename 22386@hdds1735-74sld-1996548415
2019-07-09 21:52:40,976 INFO  storage.RaftStorageDirectory (RaftStorageDirectory.java:tryLock(328)) - Lock on /tmp/workdir/hadoop-ozone/tools/target/test-dir/MiniOzoneClusterImpl-530f80f0-f73d-4bb2-a60c-75ade5895039/datanode-0/data/ratis/e80e7d04-dff2-4b3f-b975-1989bb4c1402/in_use.lock acquired by nodename 22386@hdds1735-74sld-1996548415
2019-07-09 21:52:40,987 INFO  storage.RaftStorage (RaftStorage.java:format(72)) - Storage directory /tmp/workdir/hadoop-ozone/tools/target/test-dir/MiniOzoneClusterImpl-530f80f0-f73d-4bb2-a60c-75ade5895039/datanode-0/data/ratis/e80e7d04-dff2-4b3f-b975-1989bb4c1402 has been successfully formatted.
2019-07-09 21:52:40,987 INFO  storage.RaftStorage (RaftStorage.java:format(72)) - Storage directory /tmp/workdir/hadoop-ozone/tools/target/test-dir/MiniOzoneClusterImpl-530f80f0-f73d-4bb2-a60c-75ade5895039/datanode-1/data/ratis/e80e7d04-dff2-4b3f-b975-1989bb4c1402 has been successfully formatted.
2019-07-09 21:52:40,987 INFO  storage.RaftStorage (RaftStorage.java:format(72)) - Storage directory /tmp/workdir/hadoop-ozone/tools/target/test-dir/MiniOzoneClusterImpl-530f80f0-f73d-4bb2-a60c-75ade5895039/datanode-2/data/ratis/e80e7d04-dff2-4b3f-b975-1989bb4c1402 has been successfully formatted.
2019-07-09 21:52:40,987 INFO  ratis.ContainerStateMachine (ContainerStateMachine.java:loadSnapshot(198)) - The snapshot info is null.Setting the last applied index to:(t:0, i:~)
2019-07-09 21:52:40,987 INFO  ratis.ContainerStateMachine (ContainerStateMachine.java:loadSnapshot(198)) - The snapshot info is null.Setting the last applied index to:(t:0, i:~)
2019-07-09 21:52:40,987 INFO  server.RaftServerConfigKeys (ConfUtils.java:logGet(43)) - raft.server.leader.election.timeout = 120s (custom)
2019-07-09 21:52:40,987 INFO  ratis.ContainerStateMachine (ContainerStateMachine.java:loadSnapshot(198)) - The snapshot info is null.Setting the last applied index to:(t:0, i:~)
2019-07-09 21:52:40,988 INFO  server.RaftServerConfigKeys (ConfUtils.java:logGet(43)) - raft.server.log.use.memory = false (default)
2019-07-09 21:52:40,987 INFO  server.RaftServerConfigKeys (ConfUtils.java:logGet(43)) - raft.server.leader.election.timeout = 120s (custom)
2019-07-09 21:52:40,988 INFO  server.RaftServerConfigKeys (ConfUtils.java:logGet(43)) - raft.server.log.purge.gap = 1000000000 (custom)
2019-07-09 21:52:40,988 INFO  server.RaftServerConfigKeys (ConfUtils.java:logGet(43)) - raft.server.leader.election.timeout = 120s (custom)
2019-07-09 21:52:40,988 INFO  server.RaftServerConfigKeys (ConfUtils.java:logGet(43)) - raft.server.log.appender.buffer.byte-limit = 33554432 (custom)
2019-07-09 21:52:40,988 INFO  server.RaftServerConfigKeys (ConfUtils.java:logGet(43)) - raft.server.log.use.memory = false (default)
2019-07-09 21:52:40,988 INFO  server.RaftServerConfigKeys (ConfUtils.java:logGet(43)) - raft.server.log.segment.size.max = 1048576 (custom)
2019-07-09 21:52:40,988 INFO  server.RaftServerConfigKeys (ConfUtils.java:logGet(43)) - raft.server.log.use.memory = false (default)
2019-07-09 21:52:40,989 INFO  server.RaftServerConfigKeys (ConfUtils.java:logGet(43)) - raft.server.log.segment.cache.num.max = 2 (custom)
2019-07-09 21:52:40,988 INFO  server.RaftServerConfigKeys (ConfUtils.java:logGet(43)) - raft.server.log.purge.gap = 1000000000 (custom)
2019-07-09 21:52:40,989 INFO  segmented.SegmentedRaftLogWorker (SegmentedRaftLogWorker.java:<init>(172)) - new 7af45f66-d737-4ab6-a929-8561aa0ec301-SegmentedRaftLogWorker:Storage Directory /tmp/workdir/hadoop-ozone/tools/target/test-dir/MiniOzoneClusterImpl-530f80f0-f73d-4bb2-a60c-75ade5895039/datanode-0/data/ratis/e80e7d04-dff2-4b3f-b975-1989bb4c1402 for RaftStorage:Storage Directory /tmp/workdir/hadoop-ozone/tools/target/test-dir/MiniOzoneClusterImpl-530f80f0-f73d-4bb2-a60c-75ade5895039/datanode-0/data/ratis/e80e7d04-dff2-4b3f-b975-1989bb4c1402
2019-07-09 21:52:40,989 INFO  server.RaftServerConfigKeys (ConfUtils.java:logGet(43)) - raft.server.log.purge.gap = 1000000000 (custom)
2019-07-09 21:52:40,989 INFO  server.RaftServerConfigKeys (ConfUtils.java:logGet(43)) - raft.server.log.queue.byte-limit = 2147483647 (custom)
2019-07-09 21:52:40,989 INFO  server.RaftServerConfigKeys (ConfUtils.java:logGet(43)) - raft.server.log.appender.buffer.byte-limit = 33554432 (custom)
2019-07-09 21:52:40,991 INFO  server.RaftServerConfigKeys (ConfUtils.java:logGet(43)) - raft.server.log.queue.element-limit = 1024 (custom)
2019-07-09 21:52:40,991 INFO  server.RaftServerConfigKeys (ConfUtils.java:logGet(43)) - raft.server.log.segment.size.max = 1048576 (custom)
2019-07-09 21:52:40,989 INFO  server.RaftServerConfigKeys (ConfUtils.java:logGet(43)) - raft.server.log.appender.buffer.byte-limit = 33554432 (custom)
2019-07-09 21:52:40,991 INFO  server.RaftServerConfigKeys (ConfUtils.java:logGet(43)) - raft.server.log.segment.cache.num.max = 2 (custom)
2019-07-09 21:52:40,991 INFO  server.RaftServerConfigKeys (ConfUtils.java:logGet(43)) - raft.server.log.segment.size.max = 1048576 (custom)
2019-07-09 21:52:40,991 INFO  segmented.SegmentedRaftLogWorker (SegmentedRaftLogWorker.java:<init>(172)) - new c4917854-d170-490f-a44b-92c9239fc631-SegmentedRaftLogWorker:Storage Directory /tmp/workdir/hadoop-ozone/tools/target/test-dir/MiniOzoneClusterImpl-530f80f0-f73d-4bb2-a60c-75ade5895039/datanode-1/data/ratis/e80e7d04-dff2-4b3f-b975-1989bb4c1402 for RaftStorage:Storage Directory /tmp/workdir/hadoop-ozone/tools/target/test-dir/MiniOzoneClusterImpl-530f80f0-f73d-4bb2-a60c-75ade5895039/datanode-1/data/ratis/e80e7d04-dff2-4b3f-b975-1989bb4c1402
2019-07-09 21:52:40,991 INFO  server.RaftServerConfigKeys (ConfUtils.java:logGet(43)) - raft.server.log.segment.size.max = 1048576 (custom)
2019-07-09 21:52:40,992 INFO  server.RaftServerConfigKeys (ConfUtils.java:logGet(43)) - raft.server.log.queue.byte-limit = 2147483647 (custom)
2019-07-09 21:52:40,992 INFO  server.RaftServerConfigKeys (ConfUtils.java:logGet(43)) - raft.server.log.preallocated.size = 16384 (custom)
2019-07-09 21:52:40,993 INFO  server.RaftServerConfigKeys (ConfUtils.java:logGet(43)) - raft.server.log.queue.element-limit = 1024 (custom)
2019-07-09 21:52:40,993 INFO  server.RaftServerConfigKeys (ConfUtils.java:logGet(43)) - raft.server.log.segment.cache.num.max = 2 (custom)
2019-07-09 21:52:40,994 INFO  server.RaftServerConfigKeys (ConfUtils.java:logGet(43)) - raft.server.log.segment.size.max = 1048576 (custom)
2019-07-09 21:52:40,993 INFO  server.RaftServerConfigKeys (ConfUtils.java:logGet(43)) - raft.server.log.write.buffer.size = 33554432 (custom)
2019-07-09 21:52:40,994 INFO  server.RaftServerConfigKeys (ConfUtils.java:logGet(43)) - raft.server.log.preallocated.size = 16384 (custom)
2019-07-09 21:52:40,994 INFO  segmented.SegmentedRaftLogWorker (SegmentedRaftLogWorker.java:<init>(172)) - new f8e7be87-7761-4131-90ab-e45dd6acf112-SegmentedRaftLogWorker:Storage Directory /tmp/workdir/hadoop-ozone/tools/target/test-dir/MiniOzoneClusterImpl-530f80f0-f73d-4bb2-a60c-75ade5895039/datanode-2/data/ratis/e80e7d04-dff2-4b3f-b975-1989bb4c1402 for RaftStorage:Storage Directory /tmp/workdir/hadoop-ozone/tools/target/test-dir/MiniOzoneClusterImpl-530f80f0-f73d-4bb2-a60c-75ade5895039/datanode-2/data/ratis/e80e7d04-dff2-4b3f-b975-1989bb4c1402
2019-07-09 21:52:40,994 INFO  server.RaftServerConfigKeys (ConfUtils.java:logGet(43)) - raft.server.log.write.buffer.size = 33554432 (custom)
2019-07-09 21:52:40,994 INFO  server.RaftServerConfigKeys (ConfUtils.java:logGet(43)) - raft.server.log.force.sync.num = 128 (default)
2019-07-09 21:52:40,994 INFO  server.RaftServerConfigKeys (ConfUtils.java:logGet(43)) - raft.server.log.force.sync.num = 128 (default)
2019-07-09 21:52:40,994 INFO  server.RaftServerConfigKeys (ConfUtils.java:logGet(43)) - raft.server.log.queue.byte-limit = 2147483647 (custom)
2019-07-09 21:52:40,996 INFO  server.RaftServerConfigKeys (ConfUtils.java:logGet(43)) - raft.server.log.statemachine.data.sync = true (default)
2019-07-09 21:52:40,996 INFO  server.RaftServerConfigKeys (ConfUtils.java:logGet(43)) - raft.server.log.statemachine.data.sync = true (default)
2019-07-09 21:52:40,996 INFO  server.RaftServerConfigKeys (ConfUtils.java:logGet(43)) - raft.server.log.statemachine.data.sync.timeout = 10s (default)
2019-07-09 21:52:40,996 INFO  server.RaftServerConfigKeys (ConfUtils.java:logGet(43)) - raft.server.log.queue.element-limit = 1024 (custom)
2019-07-09 21:52:40,997 INFO  server.RaftServerConfigKeys (ConfUtils.java:logGet(43)) - raft.server.log.statemachine.data.sync.timeout.retry = -1 (default)
2019-07-09 21:52:40,996 INFO  server.RaftServerConfigKeys (ConfUtils.java:logGet(43)) - raft.server.log.statemachine.data.sync.timeout = 10s (default)
2019-07-09 21:52:40,997 INFO  server.RaftServerConfigKeys (ConfUtils.java:logGet(43)) - raft.server.log.statemachine.data.caching.enabled = true (custom)
2019-07-09 21:52:40,997 INFO  server.RaftServerConfigKeys (ConfUtils.java:logGet(43)) - raft.server.log.segment.size.max = 1048576 (custom)
2019-07-09 21:52:40,997 INFO  server.RaftServerConfigKeys (ConfUtils.java:logGet(43)) - raft.server.log.statemachine.data.sync.timeout.retry = -1 (default)
2019-07-09 21:52:40,997 INFO  segmented.SegmentedRaftLogWorker (SegmentedRaftLogWorker.java:lambda$new$0(132)) - c4917854-d170-490f-a44b-92c9239fc631-SegmentedRaftLogWorker:Storage Directory /tmp/workdir/hadoop-ozone/tools/target/test-dir/MiniOzoneClusterImpl-530f80f0-f73d-4bb2-a60c-75ade5895039/datanode-1/data/ratis/e80e7d04-dff2-4b3f-b975-1989bb4c1402: flushIndex: setUnconditionally 0 -> -1
2019-07-09 21:52:40,997 INFO  server.RaftServerConfigKeys (ConfUtils.java:logGet(43)) - raft.server.log.preallocated.size = 16384 (custom)
2019-07-09 21:52:40,998 INFO  server.RaftServerConfigKeys (ConfUtils.java:logGet(43)) - raft.server.log.statemachine.data.caching.enabled = true (custom)
2019-07-09 21:52:40,998 INFO  server.RaftServerConfigKeys (ConfUtils.java:logGet(43)) - raft.server.log.write.buffer.size = 33554432 (custom)
2019-07-09 21:52:40,998 INFO  server.RaftServerConfigKeys (ConfUtils.java:logGet(43)) - raft.server.snapshot.auto.trigger.enabled = true (custom)
2019-07-09 21:52:40,998 INFO  segmented.SegmentedRaftLogWorker (SegmentedRaftLogWorker.java:lambda$new$0(132)) - 7af45f66-d737-4ab6-a929-8561aa0ec301-SegmentedRaftLogWorker:Storage Directory /tmp/workdir/hadoop-ozone/tools/target/test-dir/MiniOzoneClusterImpl-530f80f0-f73d-4bb2-a60c-75ade5895039/datanode-0/data/ratis/e80e7d04-dff2-4b3f-b975-1989bb4c1402: flushIndex: setUnconditionally 0 -> -1
2019-07-09 21:52:40,998 INFO  server.RaftServerConfigKeys (ConfUtils.java:logGet(43)) - raft.server.log.force.sync.num = 128 (default)
2019-07-09 21:52:40,998 INFO  server.RaftServerConfigKeys (ConfUtils.java:logGet(43)) - raft.server.snapshot.auto.trigger.threshold = 10000 (custom)
2019-07-09 21:52:40,998 INFO  server.RaftServerConfigKeys (ConfUtils.java:logGet(43)) - raft.server.snapshot.auto.trigger.enabled = true (custom)
2019-07-09 21:52:40,998 INFO  server.RaftServerConfigKeys (ConfUtils.java:logGet(43)) - raft.server.log.statemachine.data.sync = true (default)
2019-07-09 21:52:40,999 INFO  server.RaftServerConfigKeys (ConfUtils.java:logGet(43)) - raft.server.snapshot.auto.trigger.threshold = 10000 (custom)
2019-07-09 21:52:40,999 INFO  server.RaftServerConfigKeys (ConfUtils.java:logGet(43)) - raft.server.retrycache.expirytime = 600000ms (custom)
2019-07-09 21:52:40,999 INFO  server.RaftServerConfigKeys (ConfUtils.java:logGet(43)) - raft.server.retrycache.expirytime = 600000ms (custom)
2019-07-09 21:52:40,999 INFO  impl.RaftServerImpl (RaftServerImpl.java:start(180)) - c4917854-d170-490f-a44b-92c9239fc631: start group-1989BB4C1402
2019-07-09 21:52:40,999 INFO  server.RaftServerConfigKeys (ConfUtils.java:logGet(43)) - raft.server.log.statemachine.data.sync.timeout = 10s (default)
2019-07-09 21:52:40,999 INFO  impl.RaftServerImpl (RaftServerImpl.java:start(180)) - 7af45f66-d737-4ab6-a929-8561aa0ec301: start group-1989BB4C1402
2019-07-09 21:52:40,999 INFO  impl.RaftServerImpl (RaftServerImpl.java:setRole(171)) - c4917854-d170-490f-a44b-92c9239fc631:group-1989BB4C1402 changes role from null to FOLLOWER at term 0 for startAsFollower
2019-07-09 21:52:40,999 INFO  impl.RaftServerImpl (RaftServerImpl.java:setRole(171)) - 7af45f66-d737-4ab6-a929-8561aa0ec301:group-1989BB4C1402 changes role from null to FOLLOWER at term 0 for startAsFollower
2019-07-09 21:52:40,999 INFO  server.RaftServerConfigKeys (ConfUtils.java:logGet(43)) - raft.server.log.statemachine.data.sync.timeout.retry = -1 (default)
2019-07-09 21:52:41,000 INFO  impl.RoleInfo (RoleInfo.java:updateAndGet(143)) - 7af45f66-d737-4ab6-a929-8561aa0ec301: start FollowerState
2019-07-09 21:52:41,000 INFO  impl.RoleInfo (RoleInfo.java:updateAndGet(143)) - c4917854-d170-490f-a44b-92c9239fc631: start FollowerState
2019-07-09 21:52:41,000 INFO  server.RaftServerConfigKeys (ConfUtils.java:logGet(43)) - raft.server.log.statemachine.data.caching.enabled = true (custom)
2019-07-09 21:52:41,000 INFO  segmented.SegmentedRaftLogWorker (SegmentedRaftLogWorker.java:lambda$new$0(132)) - f8e7be87-7761-4131-90ab-e45dd6acf112-SegmentedRaftLogWorker:Storage Directory /tmp/workdir/hadoop-ozone/tools/target/test-dir/MiniOzoneClusterImpl-530f80f0-f73d-4bb2-a60c-75ade5895039/datanode-2/data/ratis/e80e7d04-dff2-4b3f-b975-1989bb4c1402: flushIndex: setUnconditionally 0 -> -1
2019-07-09 21:52:41,000 INFO  util.JmxRegister (JmxRegister.java:tryRegister(44)) - Successfully registered JMX Bean with object name Ratis:service=RaftServer,group=group-1989BB4C1402,id=7af45f66-d737-4ab6-a929-8561aa0ec301
2019-07-09 21:52:41,001 INFO  server.RaftServerConfigKeys (ConfUtils.java:logGet(43)) - raft.server.snapshot.auto.trigger.enabled = true (custom)
2019-07-09 21:52:41,000 INFO  util.JmxRegister (JmxRegister.java:tryRegister(44)) - Successfully registered JMX Bean with object name Ratis:service=RaftServer,group=group-1989BB4C1402,id=c4917854-d170-490f-a44b-92c9239fc631
2019-07-09 21:52:41,001 INFO  server.RaftServerConfigKeys (ConfUtils.java:logGet(43)) - raft.server.snapshot.auto.trigger.threshold = 10000 (custom)
2019-07-09 21:52:41,001 INFO  server.RaftServerConfigKeys (ConfUtils.java:logGet(43)) - raft.server.retrycache.expirytime = 600000ms (custom)
2019-07-09 21:52:41,001 INFO  impl.RaftServerImpl (RaftServerImpl.java:start(180)) - f8e7be87-7761-4131-90ab-e45dd6acf112: start group-1989BB4C1402
2019-07-09 21:52:41,001 INFO  impl.RaftServerImpl (RaftServerImpl.java:setRole(171)) - f8e7be87-7761-4131-90ab-e45dd6acf112:group-1989BB4C1402 changes role from null to FOLLOWER at term 0 for startAsFollower
2019-07-09 21:52:41,001 INFO  impl.RoleInfo (RoleInfo.java:updateAndGet(143)) - f8e7be87-7761-4131-90ab-e45dd6acf112: start FollowerState
2019-07-09 21:52:41,002 INFO  util.JmxRegister (JmxRegister.java:tryRegister(44)) - Successfully registered JMX Bean with object name Ratis:service=RaftServer,group=group-1989BB4C1402,id=f8e7be87-7761-4131-90ab-e45dd6acf112
2019-07-09 21:52:41,013 INFO  pipeline.PipelineStateManager (PipelineStateManager.java:addPipeline(56)) - Created pipeline Pipeline[ Id: e80e7d04-dff2-4b3f-b975-1989bb4c1402, Nodes: 7af45f66-d737-4ab6-a929-8561aa0ec301{ip: 192.168.5.139, host: hdds1735-74sld-1996548415, networkLocation: /default-rack, certSerialId: null}c4917854-d170-490f-a44b-92c9239fc631{ip: 192.168.5.139, host: hdds1735-74sld-1996548415, networkLocation: /default-rack, certSerialId: null}f8e7be87-7761-4131-90ab-e45dd6acf112{ip: 192.168.5.139, host: hdds1735-74sld-1996548415, networkLocation: /default-rack, certSerialId: null}, Type:RATIS, Factor:THREE, State:OPEN]
2019-07-09 21:52:41,077 INFO  freon.RandomKeyGenerator (RandomKeyGenerator.java:call(262)) - Number of Threads: 10
2019-07-09 21:52:41,078 INFO  freon.RandomKeyGenerator (RandomKeyGenerator.java:call(267)) - Number of Volumes: 1.
2019-07-09 21:52:41,078 INFO  freon.RandomKeyGenerator (RandomKeyGenerator.java:call(268)) - Number of Buckets per Volume: 1.
2019-07-09 21:52:41,078 INFO  freon.RandomKeyGenerator (RandomKeyGenerator.java:call(269)) - Number of Keys per Bucket: 1.
2019-07-09 21:52:41,078 INFO  freon.RandomKeyGenerator (RandomKeyGenerator.java:call(270)) - Key size: 20971520 bytes
2019-07-09 21:52:41,078 INFO  freon.RandomKeyGenerator (RandomKeyGenerator.java:call(271)) - Buffer size: 4096 bytes
2019-07-09 21:52:41,079 INFO  freon.RandomKeyGenerator (RandomKeyGenerator.java:call(286)) - Data validation is enabled.
2019-07-09 21:52:41,079 INFO  freon.RandomKeyGenerator (RandomKeyGenerator.java:call(299)) - Starting progress bar Thread.

 0.00% |█                                                                                                    |  0/1 Time: 0:00:002019-07-09 21:52:41,079 INFO  rpc.RpcClient (RpcClient.java:createVolume(289)) - Creating Volume: vol-0-66765, with jenkins1000 as owner.
2019-07-09 21:52:41,090 INFO  rpc.RpcClient (RpcClient.java:createBucket(426)) - Creating Bucket: vol-0-66765/bucket-0-49187, with Versioning false and Storage Type set to DISK and Encryption set to false 
2019-07-09 21:52:41,126 INFO  client.GrpcClientProtocolClient (GrpcClientProtocolClient.java:onNext(255)) - client-3BF982403B30->7af45f66-d737-4ab6-a929-8561aa0ec301: receive RaftClientReply:client-3BF982403B30->7af45f66-d737-4ab6-a929-8561aa0ec301@group-1989BB4C1402, cid=60, FAILED org.apache.ratis.protocol.NotLeaderException: Server 7af45f66-d737-4ab6-a929-8561aa0ec301 is not the leader (null). Request must be sent to leader., logIndex=0, commits[7af45f66-d737-4ab6-a929-8561aa0ec301:c-1]
2019-07-09 21:52:42,003 INFO  impl.FollowerState (FollowerState.java:run(106)) - 7af45f66-d737-4ab6-a929-8561aa0ec301:group-1989BB4C1402 changes to CANDIDATE, lastRpcTime:1003, electionTimeout:1003ms
2019-07-09 21:52:42,004 INFO  impl.RoleInfo (RoleInfo.java:shutdownFollowerState(121)) - 7af45f66-d737-4ab6-a929-8561aa0ec301: shutdown FollowerState
2019-07-09 21:52:42,004 INFO  impl.RaftServerImpl (RaftServerImpl.java:setRole(171)) - 7af45f66-d737-4ab6-a929-8561aa0ec301:group-1989BB4C1402 changes role from FOLLOWER to CANDIDATE at term 0 for changeToCandidate
2019-07-09 21:52:42,004 INFO  impl.RoleInfo (RoleInfo.java:updateAndGet(143)) - 7af45f66-d737-4ab6-a929-8561aa0ec301: start LeaderElection
2019-07-09 21:52:42,013 INFO  impl.FollowerState (FollowerState.java:run(106)) - c4917854-d170-490f-a44b-92c9239fc631:group-1989BB4C1402 changes to CANDIDATE, lastRpcTime:1012, electionTimeout:1012ms
2019-07-09 21:52:42,013 INFO  impl.RoleInfo (RoleInfo.java:shutdownFollowerState(121)) - c4917854-d170-490f-a44b-92c9239fc631: shutdown FollowerState
2019-07-09 21:52:42,013 INFO  impl.RaftServerImpl (RaftServerImpl.java:setRole(171)) - c4917854-d170-490f-a44b-92c9239fc631:group-1989BB4C1402 changes role from FOLLOWER to CANDIDATE at term 0 for changeToCandidate
2019-07-09 21:52:42,013 INFO  impl.RoleInfo (RoleInfo.java:updateAndGet(143)) - c4917854-d170-490f-a44b-92c9239fc631: start LeaderElection
2019-07-09 21:52:42,021 INFO  impl.LeaderElection (LeaderElection.java:askForVotes(181)) - c4917854-d170-490f-a44b-92c9239fc631:group-1989BB4C1402:LeaderElection6: begin an election at term 1 for -1: [c4917854-d170-490f-a44b-92c9239fc631:192.168.5.139:39397, f8e7be87-7761-4131-90ab-e45dd6acf112:192.168.5.139:41699, 7af45f66-d737-4ab6-a929-8561aa0ec301:192.168.5.139:41353], old=null
2019-07-09 21:52:42,021 INFO  impl.LeaderElection (LeaderElection.java:askForVotes(181)) - 7af45f66-d737-4ab6-a929-8561aa0ec301:group-1989BB4C1402:LeaderElection5: begin an election at term 1 for -1: [c4917854-d170-490f-a44b-92c9239fc631:192.168.5.139:39397, f8e7be87-7761-4131-90ab-e45dd6acf112:192.168.5.139:41699, 7af45f66-d737-4ab6-a929-8561aa0ec301:192.168.5.139:41353], old=null
2019-07-09 21:52:42,046 INFO  impl.RaftServerImpl (RaftServerImpl.java:setRole(171)) - f8e7be87-7761-4131-90ab-e45dd6acf112:group-1989BB4C1402 changes role from FOLLOWER to FOLLOWER at term 1 for recognizeCandidate:c4917854-d170-490f-a44b-92c9239fc631
2019-07-09 21:52:42,049 INFO  impl.RoleInfo (RoleInfo.java:shutdownFollowerState(121)) - f8e7be87-7761-4131-90ab-e45dd6acf112: shutdown FollowerState
2019-07-09 21:52:42,049 INFO  impl.RoleInfo (RoleInfo.java:updateAndGet(143)) - f8e7be87-7761-4131-90ab-e45dd6acf112: start FollowerState
2019-07-09 21:52:42,049 INFO  impl.FollowerState (FollowerState.java:run(114)) - f8e7be87-7761-4131-90ab-e45dd6acf112: FollowerState was interrupted: java.lang.InterruptedException: sleep interrupted
2019-07-09 21:52:42,063 INFO  impl.LeaderElection (LeaderElection.java:logAndReturn(56)) - c4917854-d170-490f-a44b-92c9239fc631:group-1989BB4C1402:LeaderElection6: Election PASSED; received 2 response(s) [c4917854-d170-490f-a44b-92c9239fc631<-f8e7be87-7761-4131-90ab-e45dd6acf112#0:OK-t1, c4917854-d170-490f-a44b-92c9239fc631<-7af45f66-d737-4ab6-a929-8561aa0ec301#0:FAIL-t1] and 0 exception(s); c4917854-d170-490f-a44b-92c9239fc631:t1, leader=null, voted=c4917854-d170-490f-a44b-92c9239fc631, raftlog=c4917854-d170-490f-a44b-92c9239fc631-SegmentedRaftLog:OPENED:c-1,f-1,i0, conf=-1: [c4917854-d170-490f-a44b-92c9239fc631:192.168.5.139:39397, f8e7be87-7761-4131-90ab-e45dd6acf112:192.168.5.139:41699, 7af45f66-d737-4ab6-a929-8561aa0ec301:192.168.5.139:41353], old=null
2019-07-09 21:52:42,063 INFO  impl.LeaderElection (LeaderElection.java:logAndReturn(56)) - 7af45f66-d737-4ab6-a929-8561aa0ec301:group-1989BB4C1402:LeaderElection5: Election REJECTED; received 2 response(s) [7af45f66-d737-4ab6-a929-8561aa0ec301<-c4917854-d170-490f-a44b-92c9239fc631#0:FAIL-t1, 7af45f66-d737-4ab6-a929-8561aa0ec301<-f8e7be87-7761-4131-90ab-e45dd6acf112#0:FAIL-t1] and 0 exception(s); 7af45f66-d737-4ab6-a929-8561aa0ec301:t1, leader=null, voted=7af45f66-d737-4ab6-a929-8561aa0ec301, raftlog=7af45f66-d737-4ab6-a929-8561aa0ec301-SegmentedRaftLog:OPENED:c-1,f-1,i0, conf=-1: [c4917854-d170-490f-a44b-92c9239fc631:192.168.5.139:39397, f8e7be87-7761-4131-90ab-e45dd6acf112:192.168.5.139:41699, 7af45f66-d737-4ab6-a929-8561aa0ec301:192.168.5.139:41353], old=null
2019-07-09 21:52:42,063 INFO  impl.RoleInfo (RoleInfo.java:shutdownLeaderElection(134)) - c4917854-d170-490f-a44b-92c9239fc631: shutdown LeaderElection
2019-07-09 21:52:42,070 INFO  impl.RaftServerImpl (RaftServerImpl.java:setRole(171)) - 7af45f66-d737-4ab6-a929-8561aa0ec301:group-1989BB4C1402 changes role from CANDIDATE to FOLLOWER at term 1 for DISCOVERED_A_NEW_TERM
2019-07-09 21:52:42,071 INFO  impl.RaftServerImpl (RaftServerImpl.java:setRole(171)) - c4917854-d170-490f-a44b-92c9239fc631:group-1989BB4C1402 changes role from CANDIDATE to LEADER at term 1 for changeToLeader
2019-07-09 21:52:42,071 INFO  impl.RoleInfo (RoleInfo.java:shutdownLeaderElection(134)) - 7af45f66-d737-4ab6-a929-8561aa0ec301: shutdown LeaderElection
2019-07-09 21:52:42,071 INFO  impl.RaftServerImpl (ServerState.java:setLeader(263)) - c4917854-d170-490f-a44b-92c9239fc631:group-1989BB4C1402 change Leader from null to c4917854-d170-490f-a44b-92c9239fc631 at term 1 for becomeLeader, leader elected after 1083ms
2019-07-09 21:52:42,072 INFO  impl.RoleInfo (RoleInfo.java:updateAndGet(143)) - 7af45f66-d737-4ab6-a929-8561aa0ec301: start FollowerState
2019-07-09 21:52:42,072 INFO  server.RaftServerConfigKeys (ConfUtils.java:logGet(43)) - raft.server.staging.catchup.gap = 1000 (default)
2019-07-09 21:52:42,073 INFO  server.RaftServerConfigKeys (ConfUtils.java:logGet(43)) - raft.server.rpc.sleep.time = 25ms (default)
2019-07-09 21:52:42,073 INFO  server.RaftServerConfigKeys (ConfUtils.java:logGet(43)) - raft.server.write.element-limit = 4096 (default)
2019-07-09 21:52:42,073 INFO  server.RaftServerConfigKeys (ConfUtils.java:logGet(43)) - raft.server.watch.timeout = 10s (default)
2019-07-09 21:52:42,074 INFO  server.RaftServerConfigKeys (ConfUtils.java:logGet(43)) - raft.server.watch.timeout.denomination = 1s (default)
2019-07-09 21:52:42,074 INFO  server.RaftServerConfigKeys (ConfUtils.java:logGet(43)) - raft.server.watch.element-limit = 65536 (default)
2019-07-09 21:52:42,074 INFO  server.RaftServerConfigKeys (ConfUtils.java:logGet(43)) - raft.server.log.appender.snapshot.chunk.size.max = 16MB (=16777216) (default)
2019-07-09 21:52:42,074 INFO  server.RaftServerConfigKeys (ConfUtils.java:logGet(43)) - raft.server.log.appender.buffer.byte-limit = 33554432 (custom)
2019-07-09 21:52:42,075 INFO  server.RaftServerConfigKeys (ConfUtils.java:logGet(43)) - raft.server.log.appender.buffer.element-limit = 1 (custom)
2019-07-09 21:52:42,075 INFO  grpc.GrpcConfigKeys$Server (ConfUtils.java:logGet(43)) - raft.grpc.server.leader.outstanding.appends.max = 128 (default)
2019-07-09 21:52:42,075 INFO  server.RaftServerConfigKeys (ConfUtils.java:logGet(43)) - raft.server.rpc.request.timeout = 3000ms (default)
2019-07-09 21:52:42,075 INFO  server.RaftServerConfigKeys (ConfUtils.java:logGet(43)) - raft.server.log.appender.install.snapshot.enabled = false (custom)
2019-07-09 21:52:42,075 INFO  server.RaftServerConfigKeys (ConfUtils.java:logGet(43)) - raft.server.log.appender.snapshot.chunk.size.max = 16MB (=16777216) (default)
2019-07-09 21:52:42,076 INFO  server.RaftServerConfigKeys (ConfUtils.java:logGet(43)) - raft.server.log.appender.buffer.byte-limit = 33554432 (custom)
2019-07-09 21:52:42,076 INFO  server.RaftServerConfigKeys (ConfUtils.java:logGet(43)) - raft.server.log.appender.buffer.element-limit = 1 (custom)
2019-07-09 21:52:42,076 INFO  grpc.GrpcConfigKeys$Server (ConfUtils.java:logGet(43)) - raft.grpc.server.leader.outstanding.appends.max = 128 (default)
2019-07-09 21:52:42,076 INFO  server.RaftServerConfigKeys (ConfUtils.java:logGet(43)) - raft.server.rpc.request.timeout = 3000ms (default)
2019-07-09 21:52:42,077 INFO  server.RaftServerConfigKeys (ConfUtils.java:logGet(43)) - raft.server.log.appender.install.snapshot.enabled = false (custom)
2019-07-09 21:52:42,077 INFO  impl.RoleInfo (RoleInfo.java:updateAndGet(143)) - c4917854-d170-490f-a44b-92c9239fc631: start LeaderState
2019-07-09 21:52:42,077 INFO  segmented.SegmentedRaftLogWorker (SegmentedRaftLogWorker.java:startLogSegment(380)) - c4917854-d170-490f-a44b-92c9239fc631-SegmentedRaftLogWorker:Storage Directory /tmp/workdir/hadoop-ozone/tools/target/test-dir/MiniOzoneClusterImpl-530f80f0-f73d-4bb2-a60c-75ade5895039/datanode-1/data/ratis/e80e7d04-dff2-4b3f-b975-1989bb4c1402: Starting segment from index:0
2019-07-09 21:52:42,078 INFO  impl.RaftServerImpl (ServerState.java:setRaftConf(361)) - c4917854-d170-490f-a44b-92c9239fc631:group-1989BB4C1402 set configuration 0: [c4917854-d170-490f-a44b-92c9239fc631:192.168.5.139:39397, f8e7be87-7761-4131-90ab-e45dd6acf112:192.168.5.139:41699, 7af45f66-d737-4ab6-a929-8561aa0ec301:192.168.5.139:41353], old=null at 0
 0.00% |█                                                                                                    |  0/1 Time: 0:00:012019-07-09 21:52:42,097 INFO  impl.RaftServerImpl (ServerState.java:setLeader(263)) - 7af45f66-d737-4ab6-a929-8561aa0ec301:group-1989BB4C1402 change Leader from null to c4917854-d170-490f-a44b-92c9239fc631 at term 1 for appendEntries, leader elected after 1109ms
2019-07-09 21:52:42,097 INFO  impl.RaftServerImpl (ServerState.java:setLeader(263)) - f8e7be87-7761-4131-90ab-e45dd6acf112:group-1989BB4C1402 change Leader from null to c4917854-d170-490f-a44b-92c9239fc631 at term 1 for appendEntries, leader elected after 1109ms
2019-07-09 21:52:42,100 INFO  segmented.SegmentedRaftLogWorker (SegmentedRaftLogWorker.java:execute(569)) - c4917854-d170-490f-a44b-92c9239fc631-SegmentedRaftLogWorker:Storage Directory /tmp/workdir/hadoop-ozone/tools/target/test-dir/MiniOzoneClusterImpl-530f80f0-f73d-4bb2-a60c-75ade5895039/datanode-1/data/ratis/e80e7d04-dff2-4b3f-b975-1989bb4c1402: created new log segment /tmp/workdir/hadoop-ozone/tools/target/test-dir/MiniOzoneClusterImpl-530f80f0-f73d-4bb2-a60c-75ade5895039/datanode-1/data/ratis/e80e7d04-dff2-4b3f-b975-1989bb4c1402/current/log_inprogress_0
2019-07-09 21:52:42,100 INFO  impl.RaftServerImpl (ServerState.java:setRaftConf(361)) - 7af45f66-d737-4ab6-a929-8561aa0ec301:group-1989BB4C1402 set configuration 0: [c4917854-d170-490f-a44b-92c9239fc631:192.168.5.139:39397, f8e7be87-7761-4131-90ab-e45dd6acf112:192.168.5.139:41699, 7af45f66-d737-4ab6-a929-8561aa0ec301:192.168.5.139:41353], old=null at 0
2019-07-09 21:52:42,100 INFO  impl.RaftServerImpl (ServerState.java:setRaftConf(361)) - f8e7be87-7761-4131-90ab-e45dd6acf112:group-1989BB4C1402 set configuration 0: [c4917854-d170-490f-a44b-92c9239fc631:192.168.5.139:39397, f8e7be87-7761-4131-90ab-e45dd6acf112:192.168.5.139:41699, 7af45f66-d737-4ab6-a929-8561aa0ec301:192.168.5.139:41353], old=null at 0
2019-07-09 21:52:42,102 INFO  segmented.SegmentedRaftLogWorker (SegmentedRaftLogWorker.java:startLogSegment(380)) - 7af45f66-d737-4ab6-a929-8561aa0ec301-SegmentedRaftLogWorker:Storage Directory /tmp/workdir/hadoop-ozone/tools/target/test-dir/MiniOzoneClusterImpl-530f80f0-f73d-4bb2-a60c-75ade5895039/datanode-0/data/ratis/e80e7d04-dff2-4b3f-b975-1989bb4c1402: Starting segment from index:0
2019-07-09 21:52:42,102 INFO  segmented.SegmentedRaftLogWorker (SegmentedRaftLogWorker.java:startLogSegment(380)) - f8e7be87-7761-4131-90ab-e45dd6acf112-SegmentedRaftLogWorker:Storage Directory /tmp/workdir/hadoop-ozone/tools/target/test-dir/MiniOzoneClusterImpl-530f80f0-f73d-4bb2-a60c-75ade5895039/datanode-2/data/ratis/e80e7d04-dff2-4b3f-b975-1989bb4c1402: Starting segment from index:0
2019-07-09 21:52:42,122 INFO  segmented.SegmentedRaftLogWorker (SegmentedRaftLogWorker.java:execute(569)) - 7af45f66-d737-4ab6-a929-8561aa0ec301-SegmentedRaftLogWorker:Storage Directory /tmp/workdir/hadoop-ozone/tools/target/test-dir/MiniOzoneClusterImpl-530f80f0-f73d-4bb2-a60c-75ade5895039/datanode-0/data/ratis/e80e7d04-dff2-4b3f-b975-1989bb4c1402: created new log segment /tmp/workdir/hadoop-ozone/tools/target/test-dir/MiniOzoneClusterImpl-530f80f0-f73d-4bb2-a60c-75ade5895039/datanode-0/data/ratis/e80e7d04-dff2-4b3f-b975-1989bb4c1402/current/log_inprogress_0
2019-07-09 21:52:42,125 INFO  segmented.SegmentedRaftLogWorker (SegmentedRaftLogWorker.java:execute(569)) - f8e7be87-7761-4131-90ab-e45dd6acf112-SegmentedRaftLogWorker:Storage Directory /tmp/workdir/hadoop-ozone/tools/target/test-dir/MiniOzoneClusterImpl-530f80f0-f73d-4bb2-a60c-75ade5895039/datanode-2/data/ratis/e80e7d04-dff2-4b3f-b975-1989bb4c1402: created new log segment /tmp/workdir/hadoop-ozone/tools/target/test-dir/MiniOzoneClusterImpl-530f80f0-f73d-4bb2-a60c-75ade5895039/datanode-2/data/ratis/e80e7d04-dff2-4b3f-b975-1989bb4c1402/current/log_inprogress_0
2019-07-09 21:52:42,209 INFO  client.GrpcClientProtocolClient (GrpcClientProtocolClient.java:onNext(255)) - client-3BF982403B30->c4917854-d170-490f-a44b-92c9239fc631: receive RaftClientReply:client-3BF982403B30->c4917854-d170-490f-a44b-92c9239fc631@group-1989BB4C1402, cid=60, SUCCESS, logIndex=1, commits[c4917854-d170-490f-a44b-92c9239fc631:c1, f8e7be87-7761-4131-90ab-e45dd6acf112:c0, 7af45f66-d737-4ab6-a929-8561aa0ec301:c0]
2019-07-09 21:52:42,244 INFO  client.GrpcClientProtocolClient (GrpcClientProtocolClient.java:onNext(255)) - client-3BF982403B30->c4917854-d170-490f-a44b-92c9239fc631: receive RaftClientReply:client-3BF982403B30->c4917854-d170-490f-a44b-92c9239fc631@group-1989BB4C1402, cid=61, SUCCESS, logIndex=3, commits[c4917854-d170-490f-a44b-92c9239fc631:c6, f8e7be87-7761-4131-90ab-e45dd6acf112:c3, 7af45f66-d737-4ab6-a929-8561aa0ec301:c3]
2019-07-09 21:52:42,244 INFO  client.GrpcClientProtocolClient (GrpcClientProtocolClient.java:onNext(255)) - client-3BF982403B30->c4917854-d170-490f-a44b-92c9239fc631: receive RaftClientReply:client-3BF982403B30->c4917854-d170-490f-a44b-92c9239fc631@group-1989BB4C1402, cid=62, SUCCESS, logIndex=5, commits[c4917854-d170-490f-a44b-92c9239fc631:c6, f8e7be87-7761-4131-90ab-e45dd6acf112:c3, 7af45f66-d737-4ab6-a929-8561aa0ec301:c3]
2019-07-09 21:52:42,278 INFO  client.GrpcClientProtocolClient (GrpcClientProtocolClient.java:onNext(255)) - client-3BF982403B30->c4917854-d170-490f-a44b-92c9239fc631: receive RaftClientReply:client-3BF982403B30->c4917854-d170-490f-a44b-92c9239fc631@group-1989BB4C1402, cid=63, SUCCESS, logIndex=6, commits[c4917854-d170-490f-a44b-92c9239fc631:c8, f8e7be87-7761-4131-90ab-e45dd6acf112:c6, 7af45f66-d737-4ab6-a929-8561aa0ec301:c6]
2019-07-09 21:52:42,303 INFO  client.GrpcClientProtocolClient (GrpcClientProtocolClient.java:onNext(255)) - client-3BF982403B30->c4917854-d170-490f-a44b-92c9239fc631: receive RaftClientReply:client-3BF982403B30->c4917854-d170-490f-a44b-92c9239fc631@group-1989BB4C1402, cid=64, SUCCESS, logIndex=9, commits[c4917854-d170-490f-a44b-92c9239fc631:c10, f8e7be87-7761-4131-90ab-e45dd6acf112:c8, 7af45f66-d737-4ab6-a929-8561aa0ec301:c8]
2019-07-09 21:52:42,304 INFO  client.GrpcClientProtocolClient (GrpcClientProtocolClient.java:onNext(255)) - client-3BF982403B30->c4917854-d170-490f-a44b-92c9239fc631: receive RaftClientReply:client-3BF982403B30->c4917854-d170-490f-a44b-92c9239fc631@group-1989BB4C1402, cid=65, SUCCESS, logIndex=10, commits[c4917854-d170-490f-a44b-92c9239fc631:c10, f8e7be87-7761-4131-90ab-e45dd6acf112:c8, 7af45f66-d737-4ab6-a929-8561aa0ec301:c8]
2019-07-09 21:52:42,306 INFO  client.GrpcClientProtocolClient (GrpcClientProtocolClient.java:onNext(255)) - client-3BF982403B30->c4917854-d170-490f-a44b-92c9239fc631: receive RaftClientReply:client-3BF982403B30->c4917854-d170-490f-a44b-92c9239fc631@group-1989BB4C1402, cid=66, SUCCESS, logIndex=11, commits[c4917854-d170-490f-a44b-92c9239fc631:c13, f8e7be87-7761-4131-90ab-e45dd6acf112:c9, 7af45f66-d737-4ab6-a929-8561aa0ec301:c8]
2019-07-09 21:52:42,308 INFO  client.GrpcClientProtocolClient (GrpcClientProtocolClient.java:onNext(255)) - client-3BF982403B30->c4917854-d170-490f-a44b-92c9239fc631: receive RaftClientReply:client-3BF982403B30->c4917854-d170-490f-a44b-92c9239fc631@group-1989BB4C1402, cid=67, SUCCESS, logIndex=12, commits[c4917854-d170-490f-a44b-92c9239fc631:c14, f8e7be87-7761-4131-90ab-e45dd6acf112:c10, 7af45f66-d737-4ab6-a929-8561aa0ec301:c10]
2019-07-09 21:52:42,313 INFO  client.GrpcClientProtocolClient (GrpcClientProtocolClient.java:onNext(255)) - client-3BF982403B30->c4917854-d170-490f-a44b-92c9239fc631: receive RaftClientReply:client-3BF982403B30->c4917854-d170-490f-a44b-92c9239fc631@group-1989BB4C1402, cid=68, SUCCESS, logIndex=0, commits[c4917854-d170-490f-a44b-92c9239fc631:c16, f8e7be87-7761-4131-90ab-e45dd6acf112:c12, 7af45f66-d737-4ab6-a929-8561aa0ec301:c13]
2019-07-09 21:52:42,390 INFO  client.GrpcClientProtocolClient (GrpcClientProtocolClient.java:onNext(255)) - client-3BF982403B30->c4917854-d170-490f-a44b-92c9239fc631: receive RaftClientReply:client-3BF982403B30->c4917854-d170-490f-a44b-92c9239fc631@group-1989BB4C1402, cid=69, SUCCESS, logIndex=17, commits[c4917854-d170-490f-a44b-92c9239fc631:c20, f8e7be87-7761-4131-90ab-e45dd6acf112:c16, 7af45f66-d737-4ab6-a929-8561aa0ec301:c16]
2019-07-09 21:52:42,514 INFO  client.GrpcClientProtocolClient (GrpcClientProtocolClient.java:onNext(255)) - client-3BF982403B30->c4917854-d170-490f-a44b-92c9239fc631: receive RaftClientReply:client-3BF982403B30->c4917854-d170-490f-a44b-92c9239fc631@group-1989BB4C1402, cid=70, SUCCESS, logIndex=18, commits[c4917854-d170-490f-a44b-92c9239fc631:c23, f8e7be87-7761-4131-90ab-e45dd6acf112:c20, 7af45f66-d737-4ab6-a929-8561aa0ec301:c20]
2019-07-09 21:52:42,517 INFO  client.GrpcClientProtocolClient (GrpcClientProtocolClient.java:onNext(255)) - client-3BF982403B30->c4917854-d170-490f-a44b-92c9239fc631: receive RaftClientReply:client-3BF982403B30->c4917854-d170-490f-a44b-92c9239fc631@group-1989BB4C1402, cid=71, SUCCESS, logIndex=19, commits[c4917854-d170-490f-a44b-92c9239fc631:c23, f8e7be87-7761-4131-90ab-e45dd6acf112:c20, 7af45f66-d737-4ab6-a929-8561aa0ec301:c20]
2019-07-09 21:52:42,518 INFO  client.GrpcClientProtocolClient (GrpcClientProtocolClient.java:onNext(255)) - client-3BF982403B30->c4917854-d170-490f-a44b-92c9239fc631: receive RaftClientReply:client-3BF982403B30->c4917854-d170-490f-a44b-92c9239fc631@group-1989BB4C1402, cid=72, SUCCESS, logIndex=20, commits[c4917854-d170-490f-a44b-92c9239fc631:c23, f8e7be87-7761-4131-90ab-e45dd6acf112:c20, 7af45f66-d737-4ab6-a929-8561aa0ec301:c20]
2019-07-09 21:52:42,542 INFO  client.GrpcClientProtocolClient (GrpcClientProtocolClient.java:onNext(255)) - client-3BF982403B30->c4917854-d170-490f-a44b-92c9239fc631: receive RaftClientReply:client-3BF982403B30->c4917854-d170-490f-a44b-92c9239fc631@group-1989BB4C1402, cid=73, SUCCESS, logIndex=24, commits[c4917854-d170-490f-a44b-92c9239fc631:c25, f8e7be87-7761-4131-90ab-e45dd6acf112:c23, 7af45f66-d737-4ab6-a929-8561aa0ec301:c23]
2019-07-09 21:52:42,543 INFO  client.GrpcClientProtocolClient (GrpcClientProtocolClient.java:onNext(255)) - client-3BF982403B30->c4917854-d170-490f-a44b-92c9239fc631: receive RaftClientReply:client-3BF982403B30->c4917854-d170-490f-a44b-92c9239fc631@group-1989BB4C1402, cid=74, SUCCESS, logIndex=25, commits[c4917854-d170-490f-a44b-92c9239fc631:c25, f8e7be87-7761-4131-90ab-e45dd6acf112:c23, 7af45f66-d737-4ab6-a929-8561aa0ec301:c23]
2019-07-09 21:52:42,546 INFO  client.GrpcClientProtocolClient (GrpcClientProtocolClient.java:onNext(255)) - client-3BF982403B30->c4917854-d170-490f-a44b-92c9239fc631: receive RaftClientReply:client-3BF982403B30->c4917854-d170-490f-a44b-92c9239fc631@group-1989BB4C1402, cid=75, SUCCESS, logIndex=26, commits[c4917854-d170-490f-a44b-92c9239fc631:c28, f8e7be87-7761-4131-90ab-e45dd6acf112:c23, 7af45f66-d737-4ab6-a929-8561aa0ec301:c25]
2019-07-09 21:52:42,547 INFO  client.GrpcClientProtocolClient (GrpcClientProtocolClient.java:onNext(255)) - client-3BF982403B30->c4917854-d170-490f-a44b-92c9239fc631: receive RaftClientReply:client-3BF982403B30->c4917854-d170-490f-a44b-92c9239fc631@group-1989BB4C1402, cid=76, SUCCESS, logIndex=27, commits[c4917854-d170-490f-a44b-92c9239fc631:c29, f8e7be87-7761-4131-90ab-e45dd6acf112:c23, 7af45f66-d737-4ab6-a929-8561aa0ec301:c25]
2019-07-09 21:52:42,550 INFO  client.GrpcClientProtocolClient (GrpcClientProtocolClient.java:onNext(255)) - client-3BF982403B30->c4917854-d170-490f-a44b-92c9239fc631: receive RaftClientReply:client-3BF982403B30->c4917854-d170-490f-a44b-92c9239fc631@group-1989BB4C1402, cid=77, SUCCESS, logIndex=0, commits[c4917854-d170-490f-a44b-92c9239fc631:c30, f8e7be87-7761-4131-90ab-e45dd6acf112:c25, 7af45f66-d737-4ab6-a929-8561aa0ec301:c27]
2019-07-09 21:52:42,552 INFO  client.GrpcClientProtocolClient (GrpcClientProtocolClient.java:onNext(255)) - client-3BF982403B30->c4917854-d170-490f-a44b-92c9239fc631: receive RaftClientReply:client-3BF982403B30->c4917854-d170-490f-a44b-92c9239fc631@group-1989BB4C1402, cid=78, SUCCESS, logIndex=0, commits[c4917854-d170-490f-a44b-92c9239fc631:c31, f8e7be87-7761-4131-90ab-e45dd6acf112:c28, 7af45f66-d737-4ab6-a929-8561aa0ec301:c28]
2019-07-09 21:52:42,562 INFO  keyvalue.KeyValueHandler (ContainerUtils.java:logAndReturnError(146)) - Operation: CreateContainer : Trace ID: bd117bf70b844768:9e274f565821789d:b0def8d4dcd4b30a:0 : Message: Container creation failed, due to disk out of space : Result: DISK_OUT_OF_SPACE
2019-07-09 21:52:42,566 INFO  keyvalue.KeyValueHandler (ContainerUtils.java:logAndReturnError(146)) - Operation: CreateContainer : Trace ID: bd117bf70b844768:37e32fe71aa28c85:b0def8d4dcd4b30a:0 : Message: Container creation failed, due to disk out of space : Result: DISK_OUT_OF_SPACE
2019-07-09 21:52:42,569 INFO  keyvalue.KeyValueHandler (ContainerUtils.java:logAndReturnError(146)) - Operation: CreateContainer : Trace ID: bd117bf70b844768:9e274f565821789d:b0def8d4dcd4b30a:0 : Message: Container creation failed, due to disk out of space : Result: DISK_OUT_OF_SPACE
2019-07-09 21:52:42,572 INFO  keyvalue.KeyValueHandler (ContainerUtils.java:logAndReturnError(146)) - Operation: CreateContainer : Trace ID: bd117bf70b844768:37e32fe71aa28c85:b0def8d4dcd4b30a:0 : Message: Container creation failed, due to disk out of space : Result: DISK_OUT_OF_SPACE
21:52:42.569 [pool-26-thread-7] ERROR DNAudit - user=null | ip=null | op=WRITE_CHUNK {blockData=conID: 6 locID: 102413707581784073 bcsId: 0} | ret=FAILURE
org.apache.hadoop.hdds.scm.container.common.helpers.StorageContainerException: ContainerID 6 creation failed
	at org.apache.hadoop.ozone.container.common.impl.HddsDispatcher.dispatchRequest(HddsDispatcher.java:227) ~[classes/:?]
	at org.apache.hadoop.ozone.container.common.impl.HddsDispatcher.dispatch(HddsDispatcher.java:148) ~[classes/:?]
	at org.apache.hadoop.ozone.container.common.transport.server.ratis.ContainerStateMachine.dispatchCommand(ContainerStateMachine.java:346) ~[classes/:?]
	at org.apache.hadoop.ozone.container.common.transport.server.ratis.ContainerStateMachine.runCommand(ContainerStateMachine.java:353) ~[classes/:?]
	at org.apache.hadoop.ozone.container.common.transport.server.ratis.ContainerStateMachine.lambda$handleWriteChunk$0(ContainerStateMachine.java:384) ~[classes/:?]
	at java.util.concurrent.CompletableFuture$AsyncSupply.run(CompletableFuture.java:1590) [?:1.8.0_212]
	at java.util.concurrent.ThreadPoolExecutor.runWorker(ThreadPoolExecutor.java:1149) [?:1.8.0_212]
	at java.util.concurrent.ThreadPoolExecutor$Worker.run(ThreadPoolExecutor.java:624) [?:1.8.0_212]
	at java.lang.Thread.run(Thread.java:748) [?:1.8.0_212]
21:52:42.565 [pool-47-thread-48] ERROR DNAudit - user=null | ip=null | op=WRITE_CHUNK {blockData=conID: 6 locID: 102413707581784073 bcsId: 0} | ret=FAILURE
org.apache.hadoop.hdds.scm.container.common.helpers.StorageContainerException: ContainerID 6 creation failed
	at org.apache.hadoop.ozone.container.common.impl.HddsDispatcher.dispatchRequest(HddsDispatcher.java:227) ~[classes/:?]
	at org.apache.hadoop.ozone.container.common.impl.HddsDispatcher.dispatch(HddsDispatcher.java:148) ~[classes/:?]
	at org.apache.hadoop.ozone.container.common.transport.server.ratis.ContainerStateMachine.dispatchCommand(ContainerStateMachine.java:346) ~[classes/:?]
	at org.apache.hadoop.ozone.container.common.transport.server.ratis.ContainerStateMachine.runCommand(ContainerStateMachine.java:353) ~[classes/:?]
	at org.apache.hadoop.ozone.container.common.transport.server.ratis.ContainerStateMachine.lambda$handleWriteChunk$0(ContainerStateMachine.java:384) ~[classes/:?]
	at java.util.concurrent.CompletableFuture$AsyncSupply.run(CompletableFuture.java:1590) [?:1.8.0_212]
	at java.util.concurrent.ThreadPoolExecutor.runWorker(ThreadPoolExecutor.java:1149) [?:1.8.0_212]
	at java.util.concurrent.ThreadPoolExecutor$Worker.run(ThreadPoolExecutor.java:624) [?:1.8.0_212]
	at java.lang.Thread.run(Thread.java:748) [?:1.8.0_212]
21:52:42.565 [pool-47-thread-45] ERROR DNAudit - user=null | ip=null | op=WRITE_CHUNK {blockData=conID: 6 locID: 102413707581784073 bcsId: 0} | ret=FAILURE
org.apache.hadoop.hdds.scm.container.common.helpers.StorageContainerException: ContainerID 6 creation failed
	at org.apache.hadoop.ozone.container.common.impl.HddsDispatcher.dispatchRequest(HddsDispatcher.java:227) ~[classes/:?]
	at org.apache.hadoop.ozone.container.common.impl.HddsDispatcher.dispatch(HddsDispatcher.java:148) ~[classes/:?]
	at org.apache.hadoop.ozone.container.common.transport.server.ratis.ContainerStateMachine.dispatchCommand(ContainerStateMachine.java:346) ~[classes/:?]
	at org.apache.hadoop.ozone.container.common.transport.server.ratis.ContainerStateMachine.runCommand(ContainerStateMachine.java:353) ~[classes/:?]
	at org.apache.hadoop.ozone.container.common.transport.server.ratis.ContainerStateMachine.lambda$handleWriteChunk$0(ContainerStateMachine.java:384) ~[classes/:?]
	at java.util.concurrent.CompletableFuture$AsyncSupply.run(CompletableFuture.java:1590) [?:1.8.0_212]
	at java.util.concurrent.ThreadPoolExecutor.runWorker(ThreadPoolExecutor.java:1149) [?:1.8.0_212]
	at java.util.concurrent.ThreadPoolExecutor$Worker.run(ThreadPoolExecutor.java:624) [?:1.8.0_212]
	at java.lang.Thread.run(Thread.java:748) [?:1.8.0_212]
21:52:42.572 [pool-26-thread-10] ERROR DNAudit - user=null | ip=null | op=WRITE_CHUNK {blockData=conID: 6 locID: 102413707581784073 bcsId: 0} | ret=FAILURE
org.apache.hadoop.hdds.scm.container.common.helpers.StorageContainerException: ContainerID 6 creation failed
	at org.apache.hadoop.ozone.container.common.impl.HddsDispatcher.dispatchRequest(HddsDispatcher.java:227) ~[classes/:?]
	at org.apache.hadoop.ozone.container.common.impl.HddsDispatcher.dispatch(HddsDispatcher.java:148) ~[classes/:?]
	at org.apache.hadoop.ozone.container.common.transport.server.ratis.ContainerStateMachine.dispatchCommand(ContainerStateMachine.java:346) ~[classes/:?]
	at org.apache.hadoop.ozone.container.common.transport.server.ratis.ContainerStateMachine.runCommand(ContainerStateMachine.java:353) ~[classes/:?]
	at org.apache.hadoop.ozone.container.common.transport.server.ratis.ContainerStateMachine.lambda$handleWriteChunk$0(ContainerStateMachine.java:384) ~[classes/:?]
	at java.util.concurrent.CompletableFuture$AsyncSupply.run(CompletableFuture.java:1590) [?:1.8.0_212]
	at java.util.concurrent.ThreadPoolExecutor.runWorker(ThreadPoolExecutor.java:1149) [?:1.8.0_212]
	at java.util.concurrent.ThreadPoolExecutor$Worker.run(ThreadPoolExecutor.java:624) [?:1.8.0_212]
	at java.lang.Thread.run(Thread.java:748) [?:1.8.0_212]
2019-07-09 21:52:42,582 INFO  impl.HddsDispatcher (ContainerUtils.java:logAndReturnError(146)) - Operation: WriteChunk : Trace ID: bd117bf70b844768:9e274f565821789d:b0def8d4dcd4b30a:0 : Message: ContainerID 6 creation failed : Result: DISK_OUT_OF_SPACE
2019-07-09 21:52:42,582 INFO  impl.HddsDispatcher (ContainerUtils.java:logAndReturnError(146)) - Operation: WriteChunk : Trace ID: bd117bf70b844768:9e274f565821789d:b0def8d4dcd4b30a:0 : Message: ContainerID 6 creation failed : Result: DISK_OUT_OF_SPACE
2019-07-09 21:52:42,582 INFO  impl.HddsDispatcher (ContainerUtils.java:logAndReturnError(146)) - Operation: WriteChunk : Trace ID: bd117bf70b844768:37e32fe71aa28c85:b0def8d4dcd4b30a:0 : Message: ContainerID 6 creation failed : Result: DISK_OUT_OF_SPACE
2019-07-09 21:52:42,582 INFO  impl.HddsDispatcher (ContainerUtils.java:logAndReturnError(146)) - Operation: WriteChunk : Trace ID: bd117bf70b844768:37e32fe71aa28c85:b0def8d4dcd4b30a:0 : Message: ContainerID 6 creation failed : Result: DISK_OUT_OF_SPACE
21:52:42.592 [pool-54-thread-1] ERROR DNAudit - user=null | ip=null | op=WRITE_CHUNK {blockData=conID: 6 locID: 102413707581784073 bcsId: 0} | ret=FAILURE
org.apache.hadoop.hdds.scm.container.common.helpers.StorageContainerException: ContainerID 6 does not exist
	at org.apache.hadoop.ozone.container.common.impl.HddsDispatcher.dispatchRequest(HddsDispatcher.java:242) ~[classes/:?]
	at org.apache.hadoop.ozone.container.common.impl.HddsDispatcher.dispatch(HddsDispatcher.java:148) ~[classes/:?]
	at org.apache.hadoop.ozone.container.common.transport.server.ratis.ContainerStateMachine.dispatchCommand(ContainerStateMachine.java:346) ~[classes/:?]
	at org.apache.hadoop.ozone.container.common.transport.server.ratis.ContainerStateMachine.runCommand(ContainerStateMachine.java:353) ~[classes/:?]
	at org.apache.hadoop.ozone.container.common.transport.server.ratis.ContainerStateMachine.lambda$applyTransaction$5(ContainerStateMachine.java:620) ~[classes/:?]
	at java.util.concurrent.CompletableFuture$AsyncSupply.run(CompletableFuture.java:1590) [?:1.8.0_212]
	at java.util.concurrent.ThreadPoolExecutor.runWorker(ThreadPoolExecutor.java:1149) [?:1.8.0_212]
	at java.util.concurrent.ThreadPoolExecutor$Worker.run(ThreadPoolExecutor.java:624) [?:1.8.0_212]
	at java.lang.Thread.run(Thread.java:748) [?:1.8.0_212]
2019-07-09 21:52:42,593 INFO  impl.HddsDispatcher (ContainerUtils.java:logAndReturnError(146)) - Operation: WriteChunk : Trace ID: bd117bf70b844768:9e274f565821789d:b0def8d4dcd4b30a:0 : Message: ContainerID 6 does not exist : Result: CONTAINER_NOT_FOUND
21:52:42.593 [pool-54-thread-1] ERROR DNAudit - user=null | ip=null | op=PUT_BLOCK {blockData=[blockId=conID: 6 locID: 102413707581784073 bcsId: 0,size=1048576]} | ret=FAILURE
org.apache.hadoop.hdds.scm.container.common.helpers.StorageContainerException: ContainerID 6 does not exist
	at org.apache.hadoop.ozone.container.common.impl.HddsDispatcher.dispatchRequest(HddsDispatcher.java:242) ~[classes/:?]
	at org.apache.hadoop.ozone.container.common.impl.HddsDispatcher.dispatch(HddsDispatcher.java:148) ~[classes/:?]
	at org.apache.hadoop.ozone.container.common.transport.server.ratis.ContainerStateMachine.dispatchCommand(ContainerStateMachine.java:346) ~[classes/:?]
	at org.apache.hadoop.ozone.container.common.transport.server.ratis.ContainerStateMachine.runCommand(ContainerStateMachine.java:353) ~[classes/:?]
	at org.apache.hadoop.ozone.container.common.transport.server.ratis.ContainerStateMachine.lambda$applyTransaction$5(ContainerStateMachine.java:620) ~[classes/:?]
	at java.util.concurrent.CompletableFuture$AsyncSupply.run(CompletableFuture.java:1590) [?:1.8.0_212]
	at java.util.concurrent.ThreadPoolExecutor.runWorker(ThreadPoolExecutor.java:1149) [?:1.8.0_212]
	at java.util.concurrent.ThreadPoolExecutor$Worker.run(ThreadPoolExecutor.java:624) [?:1.8.0_212]
	at java.lang.Thread.run(Thread.java:748) [?:1.8.0_212]
2019-07-09 21:52:42,594 INFO  client.GrpcClientProtocolClient (GrpcClientProtocolClient.java:onNext(255)) - client-3BF982403B30->c4917854-d170-490f-a44b-92c9239fc631: receive RaftClientReply:client-3BF982403B30->c4917854-d170-490f-a44b-92c9239fc631@group-1989BB4C1402, cid=79, SUCCESS, logIndex=32, commits[c4917854-d170-490f-a44b-92c9239fc631:c35, f8e7be87-7761-4131-90ab-e45dd6acf112:c28, 7af45f66-d737-4ab6-a929-8561aa0ec301:c31]
2019-07-09 21:52:42,594 INFO  impl.HddsDispatcher (ContainerUtils.java:logAndReturnError(146)) - Operation: PutBlock : Trace ID: bd117bf70b844768:12462a014f36b3a5:b0def8d4dcd4b30a:0 : Message: ContainerID 6 does not exist : Result: CONTAINER_NOT_FOUND
21:52:42.595 [pool-54-thread-1] ERROR DNAudit - user=null | ip=null | op=WRITE_CHUNK {blockData=conID: 6 locID: 102413707581784073 bcsId: 0} | ret=FAILURE
org.apache.hadoop.hdds.scm.container.common.helpers.StorageContainerException: ContainerID 6 does not exist
	at org.apache.hadoop.ozone.container.common.impl.HddsDispatcher.dispatchRequest(HddsDispatcher.java:242) ~[classes/:?]
	at org.apache.hadoop.ozone.container.common.impl.HddsDispatcher.dispatch(HddsDispatcher.java:148) ~[classes/:?]
	at org.apache.hadoop.ozone.container.common.transport.server.ratis.ContainerStateMachine.dispatchCommand(ContainerStateMachine.java:346) ~[classes/:?]
	at org.apache.hadoop.ozone.container.common.transport.server.ratis.ContainerStateMachine.runCommand(ContainerStateMachine.java:353) ~[classes/:?]
	at org.apache.hadoop.ozone.container.common.transport.server.ratis.ContainerStateMachine.lambda$applyTransaction$5(ContainerStateMachine.java:620) ~[classes/:?]
	at java.util.concurrent.CompletableFuture$AsyncSupply.run(CompletableFuture.java:1590) [?:1.8.0_212]
	at java.util.concurrent.ThreadPoolExecutor.runWorker(ThreadPoolExecutor.java:1149) [?:1.8.0_212]
	at java.util.concurrent.ThreadPoolExecutor$Worker.run(ThreadPoolExecutor.java:624) [?:1.8.0_212]
	at java.lang.Thread.run(Thread.java:748) [?:1.8.0_212]
2019-07-09 21:52:42,595 INFO  impl.HddsDispatcher (ContainerUtils.java:logAndReturnError(146)) - Operation: WriteChunk : Trace ID: bd117bf70b844768:37e32fe71aa28c85:b0def8d4dcd4b30a:0 : Message: ContainerID 6 does not exist : Result: CONTAINER_NOT_FOUND
2019-07-09 21:52:42,595 INFO  client.GrpcClientProtocolClient (GrpcClientProtocolClient.java:onNext(255)) - client-3BF982403B30->c4917854-d170-490f-a44b-92c9239fc631: receive RaftClientReply:client-3BF982403B30->c4917854-d170-490f-a44b-92c9239fc631@group-1989BB4C1402, cid=80, SUCCESS, logIndex=33, commits[c4917854-d170-490f-a44b-92c9239fc631:c35, f8e7be87-7761-4131-90ab-e45dd6acf112:c28, 7af45f66-d737-4ab6-a929-8561aa0ec301:c31]
21:52:42.596 [pool-54-thread-1] ERROR DNAudit - user=null | ip=null | op=PUT_BLOCK {blockData=[blockId=conID: 6 locID: 102413707581784073 bcsId: 0,size=2097152]} | ret=FAILURE
org.apache.hadoop.hdds.scm.container.common.helpers.StorageContainerException: ContainerID 6 does not exist
	at org.apache.hadoop.ozone.container.common.impl.HddsDispatcher.dispatchRequest(HddsDispatcher.java:242) ~[classes/:?]
	at org.apache.hadoop.ozone.container.common.impl.HddsDispatcher.dispatch(HddsDispatcher.java:148) ~[classes/:?]
	at org.apache.hadoop.ozone.container.common.transport.server.ratis.ContainerStateMachine.dispatchCommand(ContainerStateMachine.java:346) ~[classes/:?]
	at org.apache.hadoop.ozone.container.common.transport.server.ratis.ContainerStateMachine.runCommand(ContainerStateMachine.java:353) ~[classes/:?]
	at org.apache.hadoop.ozone.container.common.transport.server.ratis.ContainerStateMachine.lambda$applyTransaction$5(ContainerStateMachine.java:620) ~[classes/:?]
	at java.util.concurrent.CompletableFuture$AsyncSupply.run(CompletableFuture.java:1590) [?:1.8.0_212]
	at java.util.concurrent.ThreadPoolExecutor.runWorker(ThreadPoolExecutor.java:1149) [?:1.8.0_212]
	at java.util.concurrent.ThreadPoolExecutor$Worker.run(ThreadPoolExecutor.java:624) [?:1.8.0_212]
	at java.lang.Thread.run(Thread.java:748) [?:1.8.0_212]
2019-07-09 21:52:42,596 ERROR storage.BlockOutputStream (BlockOutputStream.java:validateResponse(538)) - Unexpected Storage Container Exception: 
org.apache.hadoop.hdds.scm.container.common.helpers.StorageContainerException: ContainerID 6 does not exist
	at org.apache.hadoop.hdds.scm.storage.ContainerProtocolCalls.validateContainerResponse(ContainerProtocolCalls.java:536)
	at org.apache.hadoop.hdds.scm.storage.BlockOutputStream.validateResponse(BlockOutputStream.java:536)
	at org.apache.hadoop.hdds.scm.storage.BlockOutputStream.lambda$writeChunkToContainer$2(BlockOutputStream.java:614)
	at java.util.concurrent.CompletableFuture.uniApply(CompletableFuture.java:602)
	at java.util.concurrent.CompletableFuture$UniApply.tryFire(CompletableFuture.java:577)
	at java.util.concurrent.CompletableFuture$Completion.run(CompletableFuture.java:442)
	at java.util.concurrent.ThreadPoolExecutor.runWorker(ThreadPoolExecutor.java:1149)
	at java.util.concurrent.ThreadPoolExecutor$Worker.run(ThreadPoolExecutor.java:624)
	at java.lang.Thread.run(Thread.java:748)
2019-07-09 21:52:42,596 INFO  impl.HddsDispatcher (ContainerUtils.java:logAndReturnError(146)) - Operation: PutBlock : Trace ID: bd117bf70b844768:b78cf6fc394e2850:b0def8d4dcd4b30a:0 : Message: ContainerID 6 does not exist : Result: CONTAINER_NOT_FOUND
2019-07-09 21:52:42,596 INFO  client.GrpcClientProtocolClient (GrpcClientProtocolClient.java:onNext(255)) - client-3BF982403B30->c4917854-d170-490f-a44b-92c9239fc631: receive RaftClientReply:client-3BF982403B30->c4917854-d170-490f-a44b-92c9239fc631@group-1989BB4C1402, cid=81, SUCCESS, logIndex=34, commits[c4917854-d170-490f-a44b-92c9239fc631:c35, f8e7be87-7761-4131-90ab-e45dd6acf112:c28, 7af45f66-d737-4ab6-a929-8561aa0ec301:c31]
2019-07-09 21:52:42,599 INFO  client.GrpcClientProtocolClient (GrpcClientProtocolClient.java:onNext(255)) - client-3BF982403B30->c4917854-d170-490f-a44b-92c9239fc631: receive RaftClientReply:client-3BF982403B30->c4917854-d170-490f-a44b-92c9239fc631@group-1989BB4C1402, cid=82, SUCCESS, logIndex=35, commits[c4917854-d170-490f-a44b-92c9239fc631:c35, f8e7be87-7761-4131-90ab-e45dd6acf112:c28, 7af45f66-d737-4ab6-a929-8561aa0ec301:c31]
2019-07-09 21:52:42,602 ERROR freon.RandomKeyGenerator (RandomKeyGenerator.java:run(718)) - Exception while adding key: key-0-89137 in bucket: bucket-0-49187 of volume: vol-0-66765.
java.io.IOException: Unexpected Storage Container Exception: org.apache.hadoop.hdds.scm.container.common.helpers.StorageContainerException: ContainerID 6 does not exist
	at org.apache.hadoop.hdds.scm.storage.BlockOutputStream.setIoException(BlockOutputStream.java:548)
	at org.apache.hadoop.hdds.scm.storage.BlockOutputStream.validateResponse(BlockOutputStream.java:539)
	at org.apache.hadoop.hdds.scm.storage.BlockOutputStream.lambda$writeChunkToContainer$2(BlockOutputStream.java:614)
	at java.util.concurrent.CompletableFuture.uniApply(CompletableFuture.java:602)
	at java.util.concurrent.CompletableFuture$UniApply.tryFire(CompletableFuture.java:577)
	at java.util.concurrent.CompletableFuture$Completion.run(CompletableFuture.java:442)
	at java.util.concurrent.ThreadPoolExecutor.runWorker(ThreadPoolExecutor.java:1149)
	at java.util.concurrent.ThreadPoolExecutor$Worker.run(ThreadPoolExecutor.java:624)
	at java.lang.Thread.run(Thread.java:748)
Caused by: org.apache.hadoop.hdds.scm.container.common.helpers.StorageContainerException: ContainerID 6 does not exist
	at org.apache.hadoop.hdds.scm.storage.ContainerProtocolCalls.validateContainerResponse(ContainerProtocolCalls.java:536)
	at org.apache.hadoop.hdds.scm.storage.BlockOutputStream.validateResponse(BlockOutputStream.java:536)
	... 7 more
21:52:42.604 [pool-33-thread-1] ERROR DNAudit - user=null | ip=null | op=WRITE_CHUNK {blockData=conID: 6 locID: 102413707581784073 bcsId: 0} | ret=FAILURE
org.apache.hadoop.hdds.scm.container.common.helpers.StorageContainerException: ContainerID 6 does not exist
	at org.apache.hadoop.ozone.container.common.impl.HddsDispatcher.dispatchRequest(HddsDispatcher.java:242) ~[classes/:?]
	at org.apache.hadoop.ozone.container.common.impl.HddsDispatcher.dispatch(HddsDispatcher.java:148) ~[classes/:?]
	at org.apache.hadoop.ozone.container.common.transport.server.ratis.ContainerStateMachine.dispatchCommand(ContainerStateMachine.java:346) ~[classes/:?]
	at org.apache.hadoop.ozone.container.common.transport.server.ratis.ContainerStateMachine.runCommand(ContainerStateMachine.java:353) ~[classes/:?]
	at org.apache.hadoop.ozone.container.common.transport.server.ratis.ContainerStateMachine.lambda$applyTransaction$5(ContainerStateMachine.java:620) ~[classes/:?]
	at java.util.concurrent.CompletableFuture$AsyncSupply.run(CompletableFuture.java:1590) [?:1.8.0_212]
	at java.util.concurrent.ThreadPoolExecutor.runWorker(ThreadPoolExecutor.java:1149) [?:1.8.0_212]
	at java.util.concurrent.ThreadPoolExecutor$Worker.run(ThreadPoolExecutor.java:624) [?:1.8.0_212]
	at java.lang.Thread.run(Thread.java:748) [?:1.8.0_212]
2019-07-09 21:52:42,605 INFO  impl.HddsDispatcher (ContainerUtils.java:logAndReturnError(146)) - Operation: WriteChunk : Trace ID: bd117bf70b844768:9e274f565821789d:b0def8d4dcd4b30a:0 : Message: ContainerID 6 does not exist : Result: CONTAINER_NOT_FOUND
21:52:42.605 [pool-33-thread-1] ERROR DNAudit - user=null | ip=null | op=PUT_BLOCK {blockData=[blockId=conID: 6 locID: 102413707581784073 bcsId: 0,size=1048576]} | ret=FAILURE
org.apache.hadoop.hdds.scm.container.common.helpers.StorageContainerException: ContainerID 6 does not exist
	at org.apache.hadoop.ozone.container.common.impl.HddsDispatcher.dispatchRequest(HddsDispatcher.java:242) ~[classes/:?]
	at org.apache.hadoop.ozone.container.common.impl.HddsDispatcher.dispatch(HddsDispatcher.java:148) ~[classes/:?]
	at org.apache.hadoop.ozone.container.common.transport.server.ratis.ContainerStateMachine.dispatchCommand(ContainerStateMachine.java:346) ~[classes/:?]
	at org.apache.hadoop.ozone.container.common.transport.server.ratis.ContainerStateMachine.runCommand(ContainerStateMachine.java:353) ~[classes/:?]
	at org.apache.hadoop.ozone.container.common.transport.server.ratis.ContainerStateMachine.lambda$applyTransaction$5(ContainerStateMachine.java:620) ~[classes/:?]
	at java.util.concurrent.CompletableFuture$AsyncSupply.run(CompletableFuture.java:1590) [?:1.8.0_212]
	at java.util.concurrent.ThreadPoolExecutor.runWorker(ThreadPoolExecutor.java:1149) [?:1.8.0_212]
	at java.util.concurrent.ThreadPoolExecutor$Worker.run(ThreadPoolExecutor.java:624) [?:1.8.0_212]
	at java.lang.Thread.run(Thread.java:748) [?:1.8.0_212]
2019-07-09 21:52:42,606 INFO  impl.HddsDispatcher (ContainerUtils.java:logAndReturnError(146)) - Operation: PutBlock : Trace ID: bd117bf70b844768:12462a014f36b3a5:b0def8d4dcd4b30a:0 : Message: ContainerID 6 does not exist : Result: CONTAINER_NOT_FOUND
21:52:42.606 [pool-33-thread-1] ERROR DNAudit - user=null | ip=null | op=WRITE_CHUNK {blockData=conID: 6 locID: 102413707581784073 bcsId: 0} | ret=FAILURE
org.apache.hadoop.hdds.scm.container.common.helpers.StorageContainerException: ContainerID 6 does not exist
	at org.apache.hadoop.ozone.container.common.impl.HddsDispatcher.dispatchRequest(HddsDispatcher.java:242) ~[classes/:?]
	at org.apache.hadoop.ozone.container.common.impl.HddsDispatcher.dispatch(HddsDispatcher.java:148) ~[classes/:?]
	at org.apache.hadoop.ozone.container.common.transport.server.ratis.ContainerStateMachine.dispatchCommand(ContainerStateMachine.java:346) ~[classes/:?]
	at org.apache.hadoop.ozone.container.common.transport.server.ratis.ContainerStateMachine.runCommand(ContainerStateMachine.java:353) ~[classes/:?]
	at org.apache.hadoop.ozone.container.common.transport.server.ratis.ContainerStateMachine.lambda$applyTransaction$5(ContainerStateMachine.java:620) ~[classes/:?]
	at java.util.concurrent.CompletableFuture$AsyncSupply.run(CompletableFuture.java:1590) [?:1.8.0_212]
	at java.util.concurrent.ThreadPoolExecutor.runWorker(ThreadPoolExecutor.java:1149) [?:1.8.0_212]
	at java.util.concurrent.ThreadPoolExecutor$Worker.run(ThreadPoolExecutor.java:624) [?:1.8.0_212]
	at java.lang.Thread.run(Thread.java:748) [?:1.8.0_212]
2019-07-09 21:52:42,607 INFO  impl.HddsDispatcher (ContainerUtils.java:logAndReturnError(146)) - Operation: WriteChunk : Trace ID: bd117bf70b844768:37e32fe71aa28c85:b0def8d4dcd4b30a:0 : Message: ContainerID 6 does not exist : Result: CONTAINER_NOT_FOUND
21:52:42.607 [pool-33-thread-1] ERROR DNAudit - user=null | ip=null | op=PUT_BLOCK {blockData=[blockId=conID: 6 locID: 102413707581784073 bcsId: 0,size=2097152]} | ret=FAILURE
org.apache.hadoop.hdds.scm.container.common.helpers.StorageContainerException: ContainerID 6 does not exist
	at org.apache.hadoop.ozone.container.common.impl.HddsDispatcher.dispatchRequest(HddsDispatcher.java:242) ~[classes/:?]
	at org.apache.hadoop.ozone.container.common.impl.HddsDispatcher.dispatch(HddsDispatcher.java:148) ~[classes/:?]
	at org.apache.hadoop.ozone.container.common.transport.server.ratis.ContainerStateMachine.dispatchCommand(ContainerStateMachine.java:346) ~[classes/:?]
	at org.apache.hadoop.ozone.container.common.transport.server.ratis.ContainerStateMachine.runCommand(ContainerStateMachine.java:353) ~[classes/:?]
	at org.apache.hadoop.ozone.container.common.transport.server.ratis.ContainerStateMachine.lambda$applyTransaction$5(ContainerStateMachine.java:620) ~[classes/:?]
	at java.util.concurrent.CompletableFuture$AsyncSupply.run(CompletableFuture.java:1590) [?:1.8.0_212]
	at java.util.concurrent.ThreadPoolExecutor.runWorker(ThreadPoolExecutor.java:1149) [?:1.8.0_212]
	at java.util.concurrent.ThreadPoolExecutor$Worker.run(ThreadPoolExecutor.java:624) [?:1.8.0_212]
	at java.lang.Thread.run(Thread.java:748) [?:1.8.0_212]
2019-07-09 21:52:42,608 INFO  impl.HddsDispatcher (ContainerUtils.java:logAndReturnError(146)) - Operation: PutBlock : Trace ID: bd117bf70b844768:b78cf6fc394e2850:b0def8d4dcd4b30a:0 : Message: ContainerID 6 does not exist : Result: CONTAINER_NOT_FOUND
 0.00% |█                                                                                                    |  0/1 Time: 0:00:02 0.00% |█                                                                                                    |  0/1 Time: 0:00:03 0.00% |█                                                                                                    |  0/1 Time: 0:00:04 100.00% |█████████████████████████████████████████████████████████████████████████████████████████████████████|  1/1 Time: 0:00:05
]]></system-out>
    <system-err><![CDATA[ERROR StatusLogger No Log4j 2 configuration file found. Using default configuration (logging only errors to the console), or user programmatically provided configurations. Set system property 'log4j2.debug' to show Log4j 2 internal initialization logging. See https://logging.apache.org/log4j/2.x/manual/configuration.html for instructions on how to configure Log4j 2
Jul 09, 2019 9:52:25 PM com.sun.jersey.server.impl.application.WebApplicationImpl _initiate
INFO: Initiating Jersey application, version 'Jersey: 1.19 02/11/2015 03:25 AM'
Jul 09, 2019 9:52:26 PM com.sun.jersey.server.impl.application.WebApplicationImpl _initiate
INFO: Initiating Jersey application, version 'Jersey: 1.19 02/11/2015 03:25 AM'
Jul 09, 2019 9:52:27 PM com.sun.jersey.server.impl.application.WebApplicationImpl _initiate
INFO: Initiating Jersey application, version 'Jersey: 1.19 02/11/2015 03:25 AM'
]]></system-err>
  </testcase>
</testsuite>