<?xml version="1.0" encoding="UTF-8"?>
<testsuite xmlns:xsi="http://www.w3.org/2001/XMLSchema-instance" xsi:noNamespaceSchemaLocation="https://maven.apache.org/surefire/maven-surefire-plugin/xsd/surefire-test-report.xsd" name="org.apache.hadoop.ozone.client.rpc.TestBlockOutputStreamWithFailures" time="753.01" tests="8" errors="0" skipped="0" failures="1">
  <properties>
    <property name="awt.toolkit" value="sun.awt.X11.XToolkit"/>
    <property name="file.encoding.pkg" value="sun.io"/>
    <property name="java.specification.version" value="1.8"/>
    <property name="sun.cpu.isalist" value=""/>
    <property name="sun.jnu.encoding" value="UTF-8"/>
    <property name="java.class.path" value="/workdir/hadoop-ozone/integration-test/target/test-classes:/workdir/hadoop-ozone/integration-test/target/classes:/home/user/.m2/repository/org/apache/hadoop/hadoop-ozone-common/0.5.0-SNAPSHOT/hadoop-ozone-common-0.5.0-SNAPSHOT.jar:/home/user/.m2/repository/org/apache/commons/commons-compress/1.4.1/commons-compress-1.4.1.jar:/home/user/.m2/repository/org/tukaani/xz/1.0/xz-1.0.jar:/home/user/.m2/repository/org/apache/hadoop/hadoop-common/3.2.0/hadoop-common-3.2.0.jar:/home/user/.m2/repository/org/apache/hadoop/hadoop-hdfs/3.2.0/hadoop-hdfs-3.2.0.jar:/home/user/.m2/repository/org/apache/hadoop/hadoop-hdfs-client/3.2.0/hadoop-hdfs-client-3.2.0.jar:/home/user/.m2/repository/com/fasterxml/jackson/core/jackson-annotations/2.9.5/jackson-annotations-2.9.5.jar:/home/user/.m2/repository/org/apache/hadoop/hadoop-hdds-common/0.5.0-SNAPSHOT/hadoop-hdds-common-0.5.0-SNAPSHOT.jar:/home/user/.m2/repository/javax/annotation/javax.annotation-api/1.2/javax.annotation-api-1.2.jar:/home/user/.m2/repository/org/apache/ratis/ratis-server/0.4.0-2337318-SNAPSHOT/ratis-server-0.4.0-2337318-SNAPSHOT.jar:/home/user/.m2/repository/org/apache/ratis/ratis-thirdparty-misc/0.2.0/ratis-thirdparty-misc-0.2.0.jar:/home/user/.m2/repository/org/apache/ratis/ratis-proto/0.4.0-2337318-SNAPSHOT/ratis-proto-0.4.0-2337318-SNAPSHOT.jar:/home/user/.m2/repository/org/apache/ratis/ratis-common/0.4.0-2337318-SNAPSHOT/ratis-common-0.4.0-2337318-SNAPSHOT.jar:/home/user/.m2/repository/org/apache/ratis/ratis-client/0.4.0-2337318-SNAPSHOT/ratis-client-0.4.0-2337318-SNAPSHOT.jar:/home/user/.m2/repository/org/apache/ratis/ratis-metrics/0.4.0-2337318-SNAPSHOT/ratis-metrics-0.4.0-2337318-SNAPSHOT.jar:/home/user/.m2/repository/org/apache/ratis/ratis-netty/0.4.0-2337318-SNAPSHOT/ratis-netty-0.4.0-2337318-SNAPSHOT.jar:/home/user/.m2/repository/org/apache/ratis/ratis-grpc/0.4.0-2337318-SNAPSHOT/ratis-grpc-0.4.0-2337318-SNAPSHOT.jar:/home/user/.m2/repository/org/rocksdb/rocksdbjni/6.0.1/rocksdbjni-6.0.1.jar:/home/user/.m2/repository/org/apache/logging/log4j/log4j-api/2.11.0/log4j-api-2.11.0.jar:/home/user/.m2/repository/org/apache/logging/log4j/log4j-core/2.11.0/log4j-core-2.11.0.jar:/home/user/.m2/repository/com/lmax/disruptor/3.4.2/disruptor-3.4.2.jar:/home/user/.m2/repository/org/apache/commons/commons-pool2/2.6.0/commons-pool2-2.6.0.jar:/home/user/.m2/repository/org/bouncycastle/bcpkix-jdk15on/1.60/bcpkix-jdk15on-1.60.jar:/home/user/.m2/repository/commons-validator/commons-validator/1.6/commons-validator-1.6.jar:/home/user/.m2/repository/commons-digester/commons-digester/1.8.1/commons-digester-1.8.1.jar:/home/user/.m2/repository/io/jaegertracing/jaeger-client/0.33.1/jaeger-client-0.33.1.jar:/home/user/.m2/repository/io/jaegertracing/jaeger-thrift/0.33.1/jaeger-thrift-0.33.1.jar:/home/user/.m2/repository/org/apache/thrift/libthrift/0.11.0/libthrift-0.11.0.jar:/home/user/.m2/repository/com/squareup/okhttp3/okhttp/3.9.0/okhttp-3.9.0.jar:/home/user/.m2/repository/com/squareup/okio/okio/1.13.0/okio-1.13.0.jar:/home/user/.m2/repository/io/jaegertracing/jaeger-core/0.33.1/jaeger-core-0.33.1.jar:/home/user/.m2/repository/io/jaegertracing/jaeger-tracerresolver/0.33.1/jaeger-tracerresolver-0.33.1.jar:/home/user/.m2/repository/io/opentracing/contrib/opentracing-tracerresolver/0.1.5/opentracing-tracerresolver-0.1.5.jar:/home/user/.m2/repository/io/opentracing/opentracing-util/0.31.0/opentracing-util-0.31.0.jar:/home/user/.m2/repository/io/opentracing/opentracing-api/0.31.0/opentracing-api-0.31.0.jar:/home/user/.m2/repository/io/opentracing/opentracing-noop/0.31.0/opentracing-noop-0.31.0.jar:/home/user/.m2/repository/org/apache/hadoop/hadoop-hdds-server-framework/0.5.0-SNAPSHOT/hadoop-hdds-server-framework-0.5.0-SNAPSHOT.jar:/home/user/.m2/repository/org/apache/hadoop/hadoop-hdds-container-service/0.5.0-SNAPSHOT/hadoop-hdds-container-service-0.5.0-SNAPSHOT.jar:/home/user/.m2/repository/org/apache/hadoop/hadoop-hdds-client/0.5.0-SNAPSHOT/hadoop-hdds-client-0.5.0-SNAPSHOT.jar:/home/user/.m2/repository/org/apache/hadoop/hadoop-hdds-tools/0.5.0-SNAPSHOT/hadoop-hdds-tools-0.5.0-SNAPSHOT.jar:/home/user/.m2/repository/org/apache/hadoop/hadoop-hdds-server-scm/0.5.0-SNAPSHOT/hadoop-hdds-server-scm-0.5.0-SNAPSHOT.jar:/home/user/.m2/repository/org/apache/hadoop/hadoop-hdds-docs/0.5.0-SNAPSHOT/hadoop-hdds-docs-0.5.0-SNAPSHOT.jar:/home/user/.m2/repository/io/dropwizard/metrics/metrics-core/3.2.4/metrics-core-3.2.4.jar:/home/user/.m2/repository/org/hamcrest/hamcrest-all/1.3/hamcrest-all-1.3.jar:/home/user/.m2/repository/org/bouncycastle/bcprov-jdk15on/1.60/bcprov-jdk15on-1.60.jar:/home/user/.m2/repository/info/picocli/picocli/3.9.6/picocli-3.9.6.jar:/home/user/.m2/repository/com/google/protobuf/protobuf-java/2.5.0/protobuf-java-2.5.0.jar:/home/user/.m2/repository/com/google/guava/guava/11.0.2/guava-11.0.2.jar:/home/user/.m2/repository/org/apache/hadoop/hadoop-ozone-ozone-manager/0.5.0-SNAPSHOT/hadoop-ozone-ozone-manager-0.5.0-SNAPSHOT.jar:/home/user/.m2/repository/org/apache/hadoop/hadoop-minikdc/3.2.0/hadoop-minikdc-3.2.0.jar:/home/user/.m2/repository/commons-io/commons-io/2.5/commons-io-2.5.jar:/home/user/.m2/repository/org/apache/kerby/kerb-simplekdc/1.0.1/kerb-simplekdc-1.0.1.jar:/home/user/.m2/repository/org/apache/kerby/kerb-client/1.0.1/kerb-client-1.0.1.jar:/home/user/.m2/repository/org/apache/kerby/kerby-config/1.0.1/kerby-config-1.0.1.jar:/home/user/.m2/repository/org/apache/kerby/kerb-core/1.0.1/kerb-core-1.0.1.jar:/home/user/.m2/repository/org/apache/kerby/kerby-pkix/1.0.1/kerby-pkix-1.0.1.jar:/home/user/.m2/repository/org/apache/kerby/kerby-asn1/1.0.1/kerby-asn1-1.0.1.jar:/home/user/.m2/repository/org/apache/kerby/kerby-util/1.0.1/kerby-util-1.0.1.jar:/home/user/.m2/repository/org/apache/kerby/kerb-common/1.0.1/kerb-common-1.0.1.jar:/home/user/.m2/repository/org/apache/kerby/kerb-crypto/1.0.1/kerb-crypto-1.0.1.jar:/home/user/.m2/repository/org/apache/kerby/kerb-util/1.0.1/kerb-util-1.0.1.jar:/home/user/.m2/repository/org/apache/kerby/token-provider/1.0.1/token-provider-1.0.1.jar:/home/user/.m2/repository/org/apache/kerby/kerb-admin/1.0.1/kerb-admin-1.0.1.jar:/home/user/.m2/repository/org/apache/kerby/kerb-server/1.0.1/kerb-server-1.0.1.jar:/home/user/.m2/repository/org/apache/kerby/kerb-identity/1.0.1/kerb-identity-1.0.1.jar:/home/user/.m2/repository/org/apache/kerby/kerby-xdr/1.0.1/kerby-xdr-1.0.1.jar:/home/user/.m2/repository/org/slf4j/slf4j-log4j12/1.7.25/slf4j-log4j12-1.7.25.jar:/home/user/.m2/repository/org/apache/hadoop/hadoop-ozone-objectstore-service/0.5.0-SNAPSHOT/hadoop-ozone-objectstore-service-0.5.0-SNAPSHOT.jar:/home/user/.m2/repository/org/apache/hadoop/hadoop-ozone-s3gateway/0.5.0-SNAPSHOT/hadoop-ozone-s3gateway-0.5.0-SNAPSHOT.jar:/home/user/.m2/repository/org/jboss/weld/servlet/weld-servlet/2.4.7.Final/weld-servlet-2.4.7.Final.jar:/home/user/.m2/repository/org/glassfish/jersey/containers/jersey-container-servlet-core/2.27/jersey-container-servlet-core-2.27.jar:/home/user/.m2/repository/org/glassfish/hk2/external/javax.inject/2.5.0-b42/javax.inject-2.5.0-b42.jar:/home/user/.m2/repository/org/glassfish/jersey/core/jersey-common/2.27/jersey-common-2.27.jar:/home/user/.m2/repository/org/glassfish/hk2/osgi-resource-locator/1.0.1/osgi-resource-locator-1.0.1.jar:/home/user/.m2/repository/javax/ws/rs/javax.ws.rs-api/2.1/javax.ws.rs-api-2.1.jar:/home/user/.m2/repository/org/glassfish/jersey/ext/cdi/jersey-cdi1x/2.27/jersey-cdi1x-2.27.jar:/home/user/.m2/repository/org/glassfish/jersey/inject/jersey-hk2/2.27/jersey-hk2-2.27.jar:/home/user/.m2/repository/org/glassfish/hk2/hk2-locator/2.5.0-b42/hk2-locator-2.5.0-b42.jar:/home/user/.m2/repository/org/javassist/javassist/3.22.0-CR2/javassist-3.22.0-CR2.jar:/home/user/.m2/repository/org/glassfish/hk2/hk2-api/2.5.0/hk2-api-2.5.0.jar:/home/user/.m2/repository/org/glassfish/hk2/external/jakarta.inject/2.5.0/jakarta.inject-2.5.0.jar:/home/user/.m2/repository/org/glassfish/hk2/hk2-utils/2.5.0/hk2-utils-2.5.0.jar:/home/user/.m2/repository/jakarta/annotation/jakarta.annotation-api/1.3.4/jakarta.annotation-api-1.3.4.jar:/home/user/.m2/repository/org/glassfish/hk2/external/aopalliance-repackaged/2.5.0/aopalliance-repackaged-2.5.0.jar:/home/user/.m2/repository/com/fasterxml/jackson/dataformat/jackson-dataformat-xml/2.9.0/jackson-dataformat-xml-2.9.0.jar:/home/user/.m2/repository/com/fasterxml/jackson/core/jackson-core/2.9.5/jackson-core-2.9.5.jar:/home/user/.m2/repository/com/fasterxml/jackson/module/jackson-module-jaxb-annotations/2.9.5/jackson-module-jaxb-annotations-2.9.5.jar:/home/user/.m2/repository/javax/enterprise/cdi-api/1.2/cdi-api-1.2.jar:/home/user/.m2/repository/javax/el/javax.el-api/3.0.0/javax.el-api-3.0.0.jar:/home/user/.m2/repository/javax/interceptor/javax.interceptor-api/1.2/javax.interceptor-api-1.2.jar:/home/user/.m2/repository/javax/inject/javax.inject/1/javax.inject-1.jar:/home/user/.m2/repository/com/sun/xml/bind/jaxb-impl/2.3.0.1/jaxb-impl-2.3.0.1.jar:/home/user/.m2/repository/com/sun/xml/bind/jaxb-core/2.3.0.1/jaxb-core-2.3.0.1.jar:/home/user/.m2/repository/javax/xml/bind/jaxb-api/2.3.0/jaxb-api-2.3.0.jar:/home/user/.m2/repository/javax/activation/activation/1.1.1/activation-1.1.1.jar:/home/user/.m2/repository/org/apache/hadoop/hadoop-ozone-csi/0.5.0-SNAPSHOT/hadoop-ozone-csi-0.5.0-SNAPSHOT.jar:/home/user/.m2/repository/com/google/protobuf/protobuf-java-util/3.5.1/protobuf-java-util-3.5.1.jar:/home/user/.m2/repository/org/apache/hadoop/hadoop-hdds-config/0.5.0-SNAPSHOT/hadoop-hdds-config-0.5.0-SNAPSHOT.jar:/home/user/.m2/repository/io/grpc/grpc-netty/1.17.1/grpc-netty-1.17.1.jar:/home/user/.m2/repository/io/grpc/grpc-core/1.17.1/grpc-core-1.17.1.jar:/home/user/.m2/repository/io/grpc/grpc-context/1.17.1/grpc-context-1.17.1.jar:/home/user/.m2/repository/com/google/errorprone/error_prone_annotations/2.2.0/error_prone_annotations-2.2.0.jar:/home/user/.m2/repository/org/codehaus/mojo/animal-sniffer-annotations/1.17/animal-sniffer-annotations-1.17.jar:/home/user/.m2/repository/io/opencensus/opencensus-api/0.17.0/opencensus-api-0.17.0.jar:/home/user/.m2/repository/io/opencensus/opencensus-contrib-grpc-metrics/0.17.0/opencensus-contrib-grpc-metrics-0.17.0.jar:/home/user/.m2/repository/io/netty/netty-codec-http2/4.1.30.Final/netty-codec-http2-4.1.30.Final.jar:/home/user/.m2/repository/io/netty/netty-codec-http/4.1.30.Final/netty-codec-http-4.1.30.Final.jar:/home/user/.m2/repository/io/netty/netty-codec/4.1.30.Final/netty-codec-4.1.30.Final.jar:/home/user/.m2/repository/io/netty/netty-handler/4.1.30.Final/netty-handler-4.1.30.Final.jar:/home/user/.m2/repository/io/netty/netty-handler-proxy/4.1.30.Final/netty-handler-proxy-4.1.30.Final.jar:/home/user/.m2/repository/io/netty/netty-codec-socks/4.1.30.Final/netty-codec-socks-4.1.30.Final.jar:/home/user/.m2/repository/io/netty/netty-transport-native-epoll/4.1.30.Final/netty-transport-native-epoll-4.1.30.Final.jar:/home/user/.m2/repository/io/netty/netty-common/4.1.30.Final/netty-common-4.1.30.Final.jar:/home/user/.m2/repository/io/netty/netty-buffer/4.1.30.Final/netty-buffer-4.1.30.Final.jar:/home/user/.m2/repository/io/netty/netty-transport/4.1.30.Final/netty-transport-4.1.30.Final.jar:/home/user/.m2/repository/io/netty/netty-resolver/4.1.30.Final/netty-resolver-4.1.30.Final.jar:/home/user/.m2/repository/io/netty/netty-transport-native-unix-common/4.1.30.Final/netty-transport-native-unix-common-4.1.30.Final.jar:/home/user/.m2/repository/io/grpc/grpc-protobuf/1.17.1/grpc-protobuf-1.17.1.jar:/home/user/.m2/repository/com/google/api/grpc/proto-google-common-protos/1.0.0/proto-google-common-protos-1.0.0.jar:/home/user/.m2/repository/io/grpc/grpc-protobuf-lite/1.17.1/grpc-protobuf-lite-1.17.1.jar:/home/user/.m2/repository/io/grpc/grpc-stub/1.17.1/grpc-stub-1.17.1.jar:/home/user/.m2/repository/org/apache/hadoop/hadoop-ozone-recon/0.5.0-SNAPSHOT/hadoop-ozone-recon-0.5.0-SNAPSHOT.jar:/home/user/.m2/repository/org/apache/hadoop/hadoop-ozone-reconcodegen/0.5.0-SNAPSHOT/hadoop-ozone-reconcodegen-0.5.0-SNAPSHOT.jar:/home/user/.m2/repository/com/google/inject/extensions/guice-multibindings/4.0/guice-multibindings-4.0.jar:/home/user/.m2/repository/com/google/inject/guice/4.0/guice-4.0.jar:/home/user/.m2/repository/aopalliance/aopalliance/1.0/aopalliance-1.0.jar:/home/user/.m2/repository/com/google/inject/extensions/guice-servlet/4.0/guice-servlet-4.0.jar:/home/user/.m2/repository/org/glassfish/jersey/containers/jersey-container-servlet/2.27/jersey-container-servlet-2.27.jar:/home/user/.m2/repository/org/glassfish/hk2/guice-bridge/2.5.0/guice-bridge-2.5.0.jar:/home/user/.m2/repository/org/glassfish/jersey/core/jersey-server/2.27/jersey-server-2.27.jar:/home/user/.m2/repository/org/glassfish/jersey/core/jersey-client/2.27/jersey-client-2.27.jar:/home/user/.m2/repository/org/glassfish/jersey/media/jersey-media-jaxb/2.27/jersey-media-jaxb-2.27.jar:/home/user/.m2/repository/javax/validation/validation-api/1.1.0.Final/validation-api-1.1.0.Final.jar:/home/user/.m2/repository/org/glassfish/jersey/media/jersey-media-json-jackson/2.27/jersey-media-json-jackson-2.27.jar:/home/user/.m2/repository/org/glassfish/jersey/ext/jersey-entity-filtering/2.27/jersey-entity-filtering-2.27.jar:/home/user/.m2/repository/com/google/inject/extensions/guice-assistedinject/4.0/guice-assistedinject-4.0.jar:/home/user/.m2/repository/org/jooq/jooq/3.11.10/jooq-3.11.10.jar:/home/user/.m2/repository/org/jooq/jooq-meta/3.11.10/jooq-meta-3.11.10.jar:/home/user/.m2/repository/org/jooq/jooq-codegen/3.11.10/jooq-codegen-3.11.10.jar:/home/user/.m2/repository/com/jolbox/bonecp/0.8.0.RELEASE/bonecp-0.8.0.RELEASE.jar:/home/user/.m2/repository/org/xerial/sqlite-jdbc/3.25.2/sqlite-jdbc-3.25.2.jar:/home/user/.m2/repository/org/springframework/spring-jdbc/5.1.3.RELEASE/spring-jdbc-5.1.3.RELEASE.jar:/home/user/.m2/repository/org/springframework/spring-beans/5.1.3.RELEASE/spring-beans-5.1.3.RELEASE.jar:/home/user/.m2/repository/org/springframework/spring-core/5.1.3.RELEASE/spring-core-5.1.3.RELEASE.jar:/home/user/.m2/repository/org/springframework/spring-jcl/5.1.3.RELEASE/spring-jcl-5.1.3.RELEASE.jar:/home/user/.m2/repository/org/springframework/spring-tx/5.1.3.RELEASE/spring-tx-5.1.3.RELEASE.jar:/home/user/.m2/repository/org/apache/hadoop/hadoop-ozone-client/0.5.0-SNAPSHOT/hadoop-ozone-client-0.5.0-SNAPSHOT.jar:/home/user/.m2/repository/commons-lang/commons-lang/2.6/commons-lang-2.6.jar:/home/user/.m2/repository/org/apache/hadoop/hadoop-ozone-ozone-manager/0.5.0-SNAPSHOT/hadoop-ozone-ozone-manager-0.5.0-SNAPSHOT-tests.jar:/home/user/.m2/repository/junit/junit/4.11/junit-4.11.jar:/home/user/.m2/repository/org/hamcrest/hamcrest-core/1.3/hamcrest-core-1.3.jar:/home/user/.m2/repository/org/openjdk/jmh/jmh-core/1.19/jmh-core-1.19.jar:/home/user/.m2/repository/net/sf/jopt-simple/jopt-simple/4.6/jopt-simple-4.6.jar:/home/user/.m2/repository/org/apache/commons/commons-math3/3.1.1/commons-math3-3.1.1.jar:/home/user/.m2/repository/org/openjdk/jmh/jmh-generator-annprocess/1.19/jmh-generator-annprocess-1.19.jar:/home/user/.m2/repository/org/mockito/mockito-all/1.8.5/mockito-all-1.8.5.jar:/home/user/.m2/repository/org/apache/hadoop/hadoop-kms/3.2.0/hadoop-kms-3.2.0.jar:/home/user/.m2/repository/org/apache/hadoop/hadoop-auth/3.2.0/hadoop-auth-3.2.0.jar:/home/user/.m2/repository/com/nimbusds/nimbus-jose-jwt/4.41.1/nimbus-jose-jwt-4.41.1.jar:/home/user/.m2/repository/com/github/stephenc/jcip/jcip-annotations/1.0-1/jcip-annotations-1.0-1.jar:/home/user/.m2/repository/net/minidev/json-smart/2.3/json-smart-2.3.jar:/home/user/.m2/repository/net/minidev/accessors-smart/1.2/accessors-smart-1.2.jar:/home/user/.m2/repository/org/ow2/asm/asm/5.0.4/asm-5.0.4.jar:/home/user/.m2/repository/org/apache/curator/curator-framework/2.12.0/curator-framework-2.12.0.jar:/home/user/.m2/repository/com/sun/jersey/jersey-core/1.19/jersey-core-1.19.jar:/home/user/.m2/repository/javax/ws/rs/jsr311-api/1.1.1/jsr311-api-1.1.1.jar:/home/user/.m2/repository/com/sun/jersey/jersey-server/1.19/jersey-server-1.19.jar:/home/user/.m2/repository/javax/servlet/javax.servlet-api/3.1.0/javax.servlet-api-3.1.0.jar:/home/user/.m2/repository/org/eclipse/jetty/jetty-server/9.3.24.v20180605/jetty-server-9.3.24.v20180605.jar:/home/user/.m2/repository/org/eclipse/jetty/jetty-http/9.3.24.v20180605/jetty-http-9.3.24.v20180605.jar:/home/user/.m2/repository/org/eclipse/jetty/jetty-io/9.3.24.v20180605/jetty-io-9.3.24.v20180605.jar:/home/user/.m2/repository/org/eclipse/jetty/jetty-webapp/9.3.24.v20180605/jetty-webapp-9.3.24.v20180605.jar:/home/user/.m2/repository/org/eclipse/jetty/jetty-xml/9.3.24.v20180605/jetty-xml-9.3.24.v20180605.jar:/home/user/.m2/repository/log4j/log4j/1.2.17/log4j-1.2.17.jar:/home/user/.m2/repository/org/slf4j/slf4j-api/1.7.25/slf4j-api-1.7.25.jar:/home/user/.m2/repository/org/slf4j/jul-to-slf4j/1.7.25/jul-to-slf4j-1.7.25.jar:/home/user/.m2/repository/org/eclipse/jetty/jetty-util/9.3.24.v20180605/jetty-util-9.3.24.v20180605.jar:/home/user/.m2/repository/com/fasterxml/jackson/core/jackson-databind/2.9.5/jackson-databind-2.9.5.jar:/home/user/.m2/repository/org/apache/hadoop/hadoop-kms/3.2.0/hadoop-kms-3.2.0-tests.jar:/home/user/.m2/repository/org/apache/hadoop/hadoop-hdds-server-scm/0.5.0-SNAPSHOT/hadoop-hdds-server-scm-0.5.0-SNAPSHOT-tests.jar:/home/user/.m2/repository/org/apache/hadoop/hadoop-hdds-container-service/0.5.0-SNAPSHOT/hadoop-hdds-container-service-0.5.0-SNAPSHOT-tests.jar:/home/user/.m2/repository/org/yaml/snakeyaml/1.16/snakeyaml-1.16.jar:/home/user/.m2/repository/org/apache/hadoop/hadoop-common/3.2.0/hadoop-common-3.2.0-tests.jar:/home/user/.m2/repository/org/apache/hadoop/hadoop-annotations/3.2.0/hadoop-annotations-3.2.0.jar:/usr/lib/jvm/java-1.8-openjdk/jre/../lib/tools.jar:/home/user/.m2/repository/commons-cli/commons-cli/1.2/commons-cli-1.2.jar:/home/user/.m2/repository/org/apache/httpcomponents/httpclient/4.5.2/httpclient-4.5.2.jar:/home/user/.m2/repository/org/apache/httpcomponents/httpcore/4.4.4/httpcore-4.4.4.jar:/home/user/.m2/repository/commons-codec/commons-codec/1.11/commons-codec-1.11.jar:/home/user/.m2/repository/commons-net/commons-net/3.6/commons-net-3.6.jar:/home/user/.m2/repository/commons-collections/commons-collections/3.2.2/commons-collections-3.2.2.jar:/home/user/.m2/repository/org/eclipse/jetty/jetty-servlet/9.3.24.v20180605/jetty-servlet-9.3.24.v20180605.jar:/home/user/.m2/repository/org/eclipse/jetty/jetty-security/9.3.24.v20180605/jetty-security-9.3.24.v20180605.jar:/home/user/.m2/repository/javax/servlet/jsp/jsp-api/2.1/jsp-api-2.1.jar:/home/user/.m2/repository/com/sun/jersey/jersey-servlet/1.19/jersey-servlet-1.19.jar:/home/user/.m2/repository/com/sun/jersey/jersey-json/1.19/jersey-json-1.19.jar:/home/user/.m2/repository/org/codehaus/jettison/jettison/1.1/jettison-1.1.jar:/home/user/.m2/repository/org/codehaus/jackson/jackson-core-asl/1.9.13/jackson-core-asl-1.9.13.jar:/home/user/.m2/repository/org/codehaus/jackson/jackson-mapper-asl/1.9.13/jackson-mapper-asl-1.9.13.jar:/home/user/.m2/repository/org/codehaus/jackson/jackson-jaxrs/1.9.13/jackson-jaxrs-1.9.13.jar:/home/user/.m2/repository/org/codehaus/jackson/jackson-xc/1.9.13/jackson-xc-1.9.13.jar:/home/user/.m2/repository/commons-logging/commons-logging/1.1.3/commons-logging-1.1.3.jar:/home/user/.m2/repository/commons-beanutils/commons-beanutils/1.9.3/commons-beanutils-1.9.3.jar:/home/user/.m2/repository/org/apache/commons/commons-configuration2/2.1.1/commons-configuration2-2.1.1.jar:/home/user/.m2/repository/org/apache/commons/commons-lang3/3.7/commons-lang3-3.7.jar:/home/user/.m2/repository/org/apache/commons/commons-text/1.4/commons-text-1.4.jar:/home/user/.m2/repository/org/apache/avro/avro/1.7.7/avro-1.7.7.jar:/home/user/.m2/repository/com/thoughtworks/paranamer/paranamer/2.3/paranamer-2.3.jar:/home/user/.m2/repository/org/xerial/snappy/snappy-java/1.0.5/snappy-java-1.0.5.jar:/home/user/.m2/repository/com/google/re2j/re2j/1.1/re2j-1.1.jar:/home/user/.m2/repository/com/google/code/gson/gson/2.2.4/gson-2.2.4.jar:/home/user/.m2/repository/com/jcraft/jsch/0.1.54/jsch-0.1.54.jar:/home/user/.m2/repository/org/apache/curator/curator-client/2.12.0/curator-client-2.12.0.jar:/home/user/.m2/repository/org/apache/curator/curator-recipes/2.12.0/curator-recipes-2.12.0.jar:/home/user/.m2/repository/com/google/code/findbugs/jsr305/3.0.0/jsr305-3.0.0.jar:/home/user/.m2/repository/org/apache/htrace/htrace-core4/4.1.0-incubating/htrace-core4-4.1.0-incubating.jar:/home/user/.m2/repository/org/apache/zookeeper/zookeeper/3.4.13/zookeeper-3.4.13.jar:/home/user/.m2/repository/org/apache/yetus/audience-annotations/0.5.0/audience-annotations-0.5.0.jar:/home/user/.m2/repository/org/codehaus/woodstox/stax2-api/3.1.4/stax2-api-3.1.4.jar:/home/user/.m2/repository/com/fasterxml/woodstox/woodstox-core/5.0.3/woodstox-core-5.0.3.jar:/home/user/.m2/repository/dnsjava/dnsjava/2.1.7/dnsjava-2.1.7.jar:/home/user/.m2/repository/org/apache/hadoop/hadoop-hdfs/3.2.0/hadoop-hdfs-3.2.0-tests.jar:/home/user/.m2/repository/org/eclipse/jetty/jetty-util-ajax/9.3.24.v20180605/jetty-util-ajax-9.3.24.v20180605.jar:/home/user/.m2/repository/commons-daemon/commons-daemon/1.0.13/commons-daemon-1.0.13.jar:/home/user/.m2/repository/io/netty/netty/3.10.5.Final/netty-3.10.5.Final.jar:/home/user/.m2/repository/io/netty/netty-all/4.0.52.Final/netty-all-4.0.52.Final.jar:/home/user/.m2/repository/org/fusesource/leveldbjni/leveldbjni-all/1.8/leveldbjni-all-1.8.jar:"/>
    <property name="java.vm.vendor" value="IcedTea"/>
    <property name="sun.arch.data.model" value="64"/>
    <property name="test.build.dir" value="/workdir/hadoop-ozone/integration-test/target/test-dir"/>
    <property name="test.cache.data" value=""/>
    <property name="java.vendor.url" value="https://icedtea.classpath.org"/>
    <property name="user.timezone" value=""/>
    <property name="java.vm.specification.version" value="1.8"/>
    <property name="os.name" value="Linux"/>
    <property name="test.build.data" value="/workdir/hadoop-ozone/integration-test/target/test-dir"/>
    <property name="user.country" value="US"/>
    <property name="sun.java.launcher" value="SUN_STANDARD"/>
    <property name="sun.boot.library.path" value="/usr/lib/jvm/java-1.8-openjdk/jre/lib/amd64"/>
    <property name="sun.java.command" value="/workdir/hadoop-ozone/integration-test/target/surefire/surefirebooter2093205673354518459.jar /workdir/hadoop-ozone/integration-test/target/surefire 2019-08-20T09-54-47_339-jvmRun1 surefire118968929450092324tmp surefire_202935441208788356111tmp"/>
    <property name="surefire.test.class.path" value="/workdir/hadoop-ozone/integration-test/target/test-classes:/workdir/hadoop-ozone/integration-test/target/classes:/home/user/.m2/repository/org/apache/hadoop/hadoop-ozone-common/0.5.0-SNAPSHOT/hadoop-ozone-common-0.5.0-SNAPSHOT.jar:/home/user/.m2/repository/org/apache/commons/commons-compress/1.4.1/commons-compress-1.4.1.jar:/home/user/.m2/repository/org/tukaani/xz/1.0/xz-1.0.jar:/home/user/.m2/repository/org/apache/hadoop/hadoop-common/3.2.0/hadoop-common-3.2.0.jar:/home/user/.m2/repository/org/apache/hadoop/hadoop-hdfs/3.2.0/hadoop-hdfs-3.2.0.jar:/home/user/.m2/repository/org/apache/hadoop/hadoop-hdfs-client/3.2.0/hadoop-hdfs-client-3.2.0.jar:/home/user/.m2/repository/com/fasterxml/jackson/core/jackson-annotations/2.9.5/jackson-annotations-2.9.5.jar:/home/user/.m2/repository/org/apache/hadoop/hadoop-hdds-common/0.5.0-SNAPSHOT/hadoop-hdds-common-0.5.0-SNAPSHOT.jar:/home/user/.m2/repository/javax/annotation/javax.annotation-api/1.2/javax.annotation-api-1.2.jar:/home/user/.m2/repository/org/apache/ratis/ratis-server/0.4.0-2337318-SNAPSHOT/ratis-server-0.4.0-2337318-SNAPSHOT.jar:/home/user/.m2/repository/org/apache/ratis/ratis-thirdparty-misc/0.2.0/ratis-thirdparty-misc-0.2.0.jar:/home/user/.m2/repository/org/apache/ratis/ratis-proto/0.4.0-2337318-SNAPSHOT/ratis-proto-0.4.0-2337318-SNAPSHOT.jar:/home/user/.m2/repository/org/apache/ratis/ratis-common/0.4.0-2337318-SNAPSHOT/ratis-common-0.4.0-2337318-SNAPSHOT.jar:/home/user/.m2/repository/org/apache/ratis/ratis-client/0.4.0-2337318-SNAPSHOT/ratis-client-0.4.0-2337318-SNAPSHOT.jar:/home/user/.m2/repository/org/apache/ratis/ratis-metrics/0.4.0-2337318-SNAPSHOT/ratis-metrics-0.4.0-2337318-SNAPSHOT.jar:/home/user/.m2/repository/org/apache/ratis/ratis-netty/0.4.0-2337318-SNAPSHOT/ratis-netty-0.4.0-2337318-SNAPSHOT.jar:/home/user/.m2/repository/org/apache/ratis/ratis-grpc/0.4.0-2337318-SNAPSHOT/ratis-grpc-0.4.0-2337318-SNAPSHOT.jar:/home/user/.m2/repository/org/rocksdb/rocksdbjni/6.0.1/rocksdbjni-6.0.1.jar:/home/user/.m2/repository/org/apache/logging/log4j/log4j-api/2.11.0/log4j-api-2.11.0.jar:/home/user/.m2/repository/org/apache/logging/log4j/log4j-core/2.11.0/log4j-core-2.11.0.jar:/home/user/.m2/repository/com/lmax/disruptor/3.4.2/disruptor-3.4.2.jar:/home/user/.m2/repository/org/apache/commons/commons-pool2/2.6.0/commons-pool2-2.6.0.jar:/home/user/.m2/repository/org/bouncycastle/bcpkix-jdk15on/1.60/bcpkix-jdk15on-1.60.jar:/home/user/.m2/repository/commons-validator/commons-validator/1.6/commons-validator-1.6.jar:/home/user/.m2/repository/commons-digester/commons-digester/1.8.1/commons-digester-1.8.1.jar:/home/user/.m2/repository/io/jaegertracing/jaeger-client/0.33.1/jaeger-client-0.33.1.jar:/home/user/.m2/repository/io/jaegertracing/jaeger-thrift/0.33.1/jaeger-thrift-0.33.1.jar:/home/user/.m2/repository/org/apache/thrift/libthrift/0.11.0/libthrift-0.11.0.jar:/home/user/.m2/repository/com/squareup/okhttp3/okhttp/3.9.0/okhttp-3.9.0.jar:/home/user/.m2/repository/com/squareup/okio/okio/1.13.0/okio-1.13.0.jar:/home/user/.m2/repository/io/jaegertracing/jaeger-core/0.33.1/jaeger-core-0.33.1.jar:/home/user/.m2/repository/io/jaegertracing/jaeger-tracerresolver/0.33.1/jaeger-tracerresolver-0.33.1.jar:/home/user/.m2/repository/io/opentracing/contrib/opentracing-tracerresolver/0.1.5/opentracing-tracerresolver-0.1.5.jar:/home/user/.m2/repository/io/opentracing/opentracing-util/0.31.0/opentracing-util-0.31.0.jar:/home/user/.m2/repository/io/opentracing/opentracing-api/0.31.0/opentracing-api-0.31.0.jar:/home/user/.m2/repository/io/opentracing/opentracing-noop/0.31.0/opentracing-noop-0.31.0.jar:/home/user/.m2/repository/org/apache/hadoop/hadoop-hdds-server-framework/0.5.0-SNAPSHOT/hadoop-hdds-server-framework-0.5.0-SNAPSHOT.jar:/home/user/.m2/repository/org/apache/hadoop/hadoop-hdds-container-service/0.5.0-SNAPSHOT/hadoop-hdds-container-service-0.5.0-SNAPSHOT.jar:/home/user/.m2/repository/org/apache/hadoop/hadoop-hdds-client/0.5.0-SNAPSHOT/hadoop-hdds-client-0.5.0-SNAPSHOT.jar:/home/user/.m2/repository/org/apache/hadoop/hadoop-hdds-tools/0.5.0-SNAPSHOT/hadoop-hdds-tools-0.5.0-SNAPSHOT.jar:/home/user/.m2/repository/org/apache/hadoop/hadoop-hdds-server-scm/0.5.0-SNAPSHOT/hadoop-hdds-server-scm-0.5.0-SNAPSHOT.jar:/home/user/.m2/repository/org/apache/hadoop/hadoop-hdds-docs/0.5.0-SNAPSHOT/hadoop-hdds-docs-0.5.0-SNAPSHOT.jar:/home/user/.m2/repository/io/dropwizard/metrics/metrics-core/3.2.4/metrics-core-3.2.4.jar:/home/user/.m2/repository/org/hamcrest/hamcrest-all/1.3/hamcrest-all-1.3.jar:/home/user/.m2/repository/org/bouncycastle/bcprov-jdk15on/1.60/bcprov-jdk15on-1.60.jar:/home/user/.m2/repository/info/picocli/picocli/3.9.6/picocli-3.9.6.jar:/home/user/.m2/repository/com/google/protobuf/protobuf-java/2.5.0/protobuf-java-2.5.0.jar:/home/user/.m2/repository/com/google/guava/guava/11.0.2/guava-11.0.2.jar:/home/user/.m2/repository/org/apache/hadoop/hadoop-ozone-ozone-manager/0.5.0-SNAPSHOT/hadoop-ozone-ozone-manager-0.5.0-SNAPSHOT.jar:/home/user/.m2/repository/org/apache/hadoop/hadoop-minikdc/3.2.0/hadoop-minikdc-3.2.0.jar:/home/user/.m2/repository/commons-io/commons-io/2.5/commons-io-2.5.jar:/home/user/.m2/repository/org/apache/kerby/kerb-simplekdc/1.0.1/kerb-simplekdc-1.0.1.jar:/home/user/.m2/repository/org/apache/kerby/kerb-client/1.0.1/kerb-client-1.0.1.jar:/home/user/.m2/repository/org/apache/kerby/kerby-config/1.0.1/kerby-config-1.0.1.jar:/home/user/.m2/repository/org/apache/kerby/kerb-core/1.0.1/kerb-core-1.0.1.jar:/home/user/.m2/repository/org/apache/kerby/kerby-pkix/1.0.1/kerby-pkix-1.0.1.jar:/home/user/.m2/repository/org/apache/kerby/kerby-asn1/1.0.1/kerby-asn1-1.0.1.jar:/home/user/.m2/repository/org/apache/kerby/kerby-util/1.0.1/kerby-util-1.0.1.jar:/home/user/.m2/repository/org/apache/kerby/kerb-common/1.0.1/kerb-common-1.0.1.jar:/home/user/.m2/repository/org/apache/kerby/kerb-crypto/1.0.1/kerb-crypto-1.0.1.jar:/home/user/.m2/repository/org/apache/kerby/kerb-util/1.0.1/kerb-util-1.0.1.jar:/home/user/.m2/repository/org/apache/kerby/token-provider/1.0.1/token-provider-1.0.1.jar:/home/user/.m2/repository/org/apache/kerby/kerb-admin/1.0.1/kerb-admin-1.0.1.jar:/home/user/.m2/repository/org/apache/kerby/kerb-server/1.0.1/kerb-server-1.0.1.jar:/home/user/.m2/repository/org/apache/kerby/kerb-identity/1.0.1/kerb-identity-1.0.1.jar:/home/user/.m2/repository/org/apache/kerby/kerby-xdr/1.0.1/kerby-xdr-1.0.1.jar:/home/user/.m2/repository/org/slf4j/slf4j-log4j12/1.7.25/slf4j-log4j12-1.7.25.jar:/home/user/.m2/repository/org/apache/hadoop/hadoop-ozone-objectstore-service/0.5.0-SNAPSHOT/hadoop-ozone-objectstore-service-0.5.0-SNAPSHOT.jar:/home/user/.m2/repository/org/apache/hadoop/hadoop-ozone-s3gateway/0.5.0-SNAPSHOT/hadoop-ozone-s3gateway-0.5.0-SNAPSHOT.jar:/home/user/.m2/repository/org/jboss/weld/servlet/weld-servlet/2.4.7.Final/weld-servlet-2.4.7.Final.jar:/home/user/.m2/repository/org/glassfish/jersey/containers/jersey-container-servlet-core/2.27/jersey-container-servlet-core-2.27.jar:/home/user/.m2/repository/org/glassfish/hk2/external/javax.inject/2.5.0-b42/javax.inject-2.5.0-b42.jar:/home/user/.m2/repository/org/glassfish/jersey/core/jersey-common/2.27/jersey-common-2.27.jar:/home/user/.m2/repository/org/glassfish/hk2/osgi-resource-locator/1.0.1/osgi-resource-locator-1.0.1.jar:/home/user/.m2/repository/javax/ws/rs/javax.ws.rs-api/2.1/javax.ws.rs-api-2.1.jar:/home/user/.m2/repository/org/glassfish/jersey/ext/cdi/jersey-cdi1x/2.27/jersey-cdi1x-2.27.jar:/home/user/.m2/repository/org/glassfish/jersey/inject/jersey-hk2/2.27/jersey-hk2-2.27.jar:/home/user/.m2/repository/org/glassfish/hk2/hk2-locator/2.5.0-b42/hk2-locator-2.5.0-b42.jar:/home/user/.m2/repository/org/javassist/javassist/3.22.0-CR2/javassist-3.22.0-CR2.jar:/home/user/.m2/repository/org/glassfish/hk2/hk2-api/2.5.0/hk2-api-2.5.0.jar:/home/user/.m2/repository/org/glassfish/hk2/external/jakarta.inject/2.5.0/jakarta.inject-2.5.0.jar:/home/user/.m2/repository/org/glassfish/hk2/hk2-utils/2.5.0/hk2-utils-2.5.0.jar:/home/user/.m2/repository/jakarta/annotation/jakarta.annotation-api/1.3.4/jakarta.annotation-api-1.3.4.jar:/home/user/.m2/repository/org/glassfish/hk2/external/aopalliance-repackaged/2.5.0/aopalliance-repackaged-2.5.0.jar:/home/user/.m2/repository/com/fasterxml/jackson/dataformat/jackson-dataformat-xml/2.9.0/jackson-dataformat-xml-2.9.0.jar:/home/user/.m2/repository/com/fasterxml/jackson/core/jackson-core/2.9.5/jackson-core-2.9.5.jar:/home/user/.m2/repository/com/fasterxml/jackson/module/jackson-module-jaxb-annotations/2.9.5/jackson-module-jaxb-annotations-2.9.5.jar:/home/user/.m2/repository/javax/enterprise/cdi-api/1.2/cdi-api-1.2.jar:/home/user/.m2/repository/javax/el/javax.el-api/3.0.0/javax.el-api-3.0.0.jar:/home/user/.m2/repository/javax/interceptor/javax.interceptor-api/1.2/javax.interceptor-api-1.2.jar:/home/user/.m2/repository/javax/inject/javax.inject/1/javax.inject-1.jar:/home/user/.m2/repository/com/sun/xml/bind/jaxb-impl/2.3.0.1/jaxb-impl-2.3.0.1.jar:/home/user/.m2/repository/com/sun/xml/bind/jaxb-core/2.3.0.1/jaxb-core-2.3.0.1.jar:/home/user/.m2/repository/javax/xml/bind/jaxb-api/2.3.0/jaxb-api-2.3.0.jar:/home/user/.m2/repository/javax/activation/activation/1.1.1/activation-1.1.1.jar:/home/user/.m2/repository/org/apache/hadoop/hadoop-ozone-csi/0.5.0-SNAPSHOT/hadoop-ozone-csi-0.5.0-SNAPSHOT.jar:/home/user/.m2/repository/com/google/protobuf/protobuf-java-util/3.5.1/protobuf-java-util-3.5.1.jar:/home/user/.m2/repository/org/apache/hadoop/hadoop-hdds-config/0.5.0-SNAPSHOT/hadoop-hdds-config-0.5.0-SNAPSHOT.jar:/home/user/.m2/repository/io/grpc/grpc-netty/1.17.1/grpc-netty-1.17.1.jar:/home/user/.m2/repository/io/grpc/grpc-core/1.17.1/grpc-core-1.17.1.jar:/home/user/.m2/repository/io/grpc/grpc-context/1.17.1/grpc-context-1.17.1.jar:/home/user/.m2/repository/com/google/errorprone/error_prone_annotations/2.2.0/error_prone_annotations-2.2.0.jar:/home/user/.m2/repository/org/codehaus/mojo/animal-sniffer-annotations/1.17/animal-sniffer-annotations-1.17.jar:/home/user/.m2/repository/io/opencensus/opencensus-api/0.17.0/opencensus-api-0.17.0.jar:/home/user/.m2/repository/io/opencensus/opencensus-contrib-grpc-metrics/0.17.0/opencensus-contrib-grpc-metrics-0.17.0.jar:/home/user/.m2/repository/io/netty/netty-codec-http2/4.1.30.Final/netty-codec-http2-4.1.30.Final.jar:/home/user/.m2/repository/io/netty/netty-codec-http/4.1.30.Final/netty-codec-http-4.1.30.Final.jar:/home/user/.m2/repository/io/netty/netty-codec/4.1.30.Final/netty-codec-4.1.30.Final.jar:/home/user/.m2/repository/io/netty/netty-handler/4.1.30.Final/netty-handler-4.1.30.Final.jar:/home/user/.m2/repository/io/netty/netty-handler-proxy/4.1.30.Final/netty-handler-proxy-4.1.30.Final.jar:/home/user/.m2/repository/io/netty/netty-codec-socks/4.1.30.Final/netty-codec-socks-4.1.30.Final.jar:/home/user/.m2/repository/io/netty/netty-transport-native-epoll/4.1.30.Final/netty-transport-native-epoll-4.1.30.Final.jar:/home/user/.m2/repository/io/netty/netty-common/4.1.30.Final/netty-common-4.1.30.Final.jar:/home/user/.m2/repository/io/netty/netty-buffer/4.1.30.Final/netty-buffer-4.1.30.Final.jar:/home/user/.m2/repository/io/netty/netty-transport/4.1.30.Final/netty-transport-4.1.30.Final.jar:/home/user/.m2/repository/io/netty/netty-resolver/4.1.30.Final/netty-resolver-4.1.30.Final.jar:/home/user/.m2/repository/io/netty/netty-transport-native-unix-common/4.1.30.Final/netty-transport-native-unix-common-4.1.30.Final.jar:/home/user/.m2/repository/io/grpc/grpc-protobuf/1.17.1/grpc-protobuf-1.17.1.jar:/home/user/.m2/repository/com/google/api/grpc/proto-google-common-protos/1.0.0/proto-google-common-protos-1.0.0.jar:/home/user/.m2/repository/io/grpc/grpc-protobuf-lite/1.17.1/grpc-protobuf-lite-1.17.1.jar:/home/user/.m2/repository/io/grpc/grpc-stub/1.17.1/grpc-stub-1.17.1.jar:/home/user/.m2/repository/org/apache/hadoop/hadoop-ozone-recon/0.5.0-SNAPSHOT/hadoop-ozone-recon-0.5.0-SNAPSHOT.jar:/home/user/.m2/repository/org/apache/hadoop/hadoop-ozone-reconcodegen/0.5.0-SNAPSHOT/hadoop-ozone-reconcodegen-0.5.0-SNAPSHOT.jar:/home/user/.m2/repository/com/google/inject/extensions/guice-multibindings/4.0/guice-multibindings-4.0.jar:/home/user/.m2/repository/com/google/inject/guice/4.0/guice-4.0.jar:/home/user/.m2/repository/aopalliance/aopalliance/1.0/aopalliance-1.0.jar:/home/user/.m2/repository/com/google/inject/extensions/guice-servlet/4.0/guice-servlet-4.0.jar:/home/user/.m2/repository/org/glassfish/jersey/containers/jersey-container-servlet/2.27/jersey-container-servlet-2.27.jar:/home/user/.m2/repository/org/glassfish/hk2/guice-bridge/2.5.0/guice-bridge-2.5.0.jar:/home/user/.m2/repository/org/glassfish/jersey/core/jersey-server/2.27/jersey-server-2.27.jar:/home/user/.m2/repository/org/glassfish/jersey/core/jersey-client/2.27/jersey-client-2.27.jar:/home/user/.m2/repository/org/glassfish/jersey/media/jersey-media-jaxb/2.27/jersey-media-jaxb-2.27.jar:/home/user/.m2/repository/javax/validation/validation-api/1.1.0.Final/validation-api-1.1.0.Final.jar:/home/user/.m2/repository/org/glassfish/jersey/media/jersey-media-json-jackson/2.27/jersey-media-json-jackson-2.27.jar:/home/user/.m2/repository/org/glassfish/jersey/ext/jersey-entity-filtering/2.27/jersey-entity-filtering-2.27.jar:/home/user/.m2/repository/com/google/inject/extensions/guice-assistedinject/4.0/guice-assistedinject-4.0.jar:/home/user/.m2/repository/org/jooq/jooq/3.11.10/jooq-3.11.10.jar:/home/user/.m2/repository/org/jooq/jooq-meta/3.11.10/jooq-meta-3.11.10.jar:/home/user/.m2/repository/org/jooq/jooq-codegen/3.11.10/jooq-codegen-3.11.10.jar:/home/user/.m2/repository/com/jolbox/bonecp/0.8.0.RELEASE/bonecp-0.8.0.RELEASE.jar:/home/user/.m2/repository/org/xerial/sqlite-jdbc/3.25.2/sqlite-jdbc-3.25.2.jar:/home/user/.m2/repository/org/springframework/spring-jdbc/5.1.3.RELEASE/spring-jdbc-5.1.3.RELEASE.jar:/home/user/.m2/repository/org/springframework/spring-beans/5.1.3.RELEASE/spring-beans-5.1.3.RELEASE.jar:/home/user/.m2/repository/org/springframework/spring-core/5.1.3.RELEASE/spring-core-5.1.3.RELEASE.jar:/home/user/.m2/repository/org/springframework/spring-jcl/5.1.3.RELEASE/spring-jcl-5.1.3.RELEASE.jar:/home/user/.m2/repository/org/springframework/spring-tx/5.1.3.RELEASE/spring-tx-5.1.3.RELEASE.jar:/home/user/.m2/repository/org/apache/hadoop/hadoop-ozone-client/0.5.0-SNAPSHOT/hadoop-ozone-client-0.5.0-SNAPSHOT.jar:/home/user/.m2/repository/commons-lang/commons-lang/2.6/commons-lang-2.6.jar:/home/user/.m2/repository/org/apache/hadoop/hadoop-ozone-ozone-manager/0.5.0-SNAPSHOT/hadoop-ozone-ozone-manager-0.5.0-SNAPSHOT-tests.jar:/home/user/.m2/repository/junit/junit/4.11/junit-4.11.jar:/home/user/.m2/repository/org/hamcrest/hamcrest-core/1.3/hamcrest-core-1.3.jar:/home/user/.m2/repository/org/openjdk/jmh/jmh-core/1.19/jmh-core-1.19.jar:/home/user/.m2/repository/net/sf/jopt-simple/jopt-simple/4.6/jopt-simple-4.6.jar:/home/user/.m2/repository/org/apache/commons/commons-math3/3.1.1/commons-math3-3.1.1.jar:/home/user/.m2/repository/org/openjdk/jmh/jmh-generator-annprocess/1.19/jmh-generator-annprocess-1.19.jar:/home/user/.m2/repository/org/mockito/mockito-all/1.8.5/mockito-all-1.8.5.jar:/home/user/.m2/repository/org/apache/hadoop/hadoop-kms/3.2.0/hadoop-kms-3.2.0.jar:/home/user/.m2/repository/org/apache/hadoop/hadoop-auth/3.2.0/hadoop-auth-3.2.0.jar:/home/user/.m2/repository/com/nimbusds/nimbus-jose-jwt/4.41.1/nimbus-jose-jwt-4.41.1.jar:/home/user/.m2/repository/com/github/stephenc/jcip/jcip-annotations/1.0-1/jcip-annotations-1.0-1.jar:/home/user/.m2/repository/net/minidev/json-smart/2.3/json-smart-2.3.jar:/home/user/.m2/repository/net/minidev/accessors-smart/1.2/accessors-smart-1.2.jar:/home/user/.m2/repository/org/ow2/asm/asm/5.0.4/asm-5.0.4.jar:/home/user/.m2/repository/org/apache/curator/curator-framework/2.12.0/curator-framework-2.12.0.jar:/home/user/.m2/repository/com/sun/jersey/jersey-core/1.19/jersey-core-1.19.jar:/home/user/.m2/repository/javax/ws/rs/jsr311-api/1.1.1/jsr311-api-1.1.1.jar:/home/user/.m2/repository/com/sun/jersey/jersey-server/1.19/jersey-server-1.19.jar:/home/user/.m2/repository/javax/servlet/javax.servlet-api/3.1.0/javax.servlet-api-3.1.0.jar:/home/user/.m2/repository/org/eclipse/jetty/jetty-server/9.3.24.v20180605/jetty-server-9.3.24.v20180605.jar:/home/user/.m2/repository/org/eclipse/jetty/jetty-http/9.3.24.v20180605/jetty-http-9.3.24.v20180605.jar:/home/user/.m2/repository/org/eclipse/jetty/jetty-io/9.3.24.v20180605/jetty-io-9.3.24.v20180605.jar:/home/user/.m2/repository/org/eclipse/jetty/jetty-webapp/9.3.24.v20180605/jetty-webapp-9.3.24.v20180605.jar:/home/user/.m2/repository/org/eclipse/jetty/jetty-xml/9.3.24.v20180605/jetty-xml-9.3.24.v20180605.jar:/home/user/.m2/repository/log4j/log4j/1.2.17/log4j-1.2.17.jar:/home/user/.m2/repository/org/slf4j/slf4j-api/1.7.25/slf4j-api-1.7.25.jar:/home/user/.m2/repository/org/slf4j/jul-to-slf4j/1.7.25/jul-to-slf4j-1.7.25.jar:/home/user/.m2/repository/org/eclipse/jetty/jetty-util/9.3.24.v20180605/jetty-util-9.3.24.v20180605.jar:/home/user/.m2/repository/com/fasterxml/jackson/core/jackson-databind/2.9.5/jackson-databind-2.9.5.jar:/home/user/.m2/repository/org/apache/hadoop/hadoop-kms/3.2.0/hadoop-kms-3.2.0-tests.jar:/home/user/.m2/repository/org/apache/hadoop/hadoop-hdds-server-scm/0.5.0-SNAPSHOT/hadoop-hdds-server-scm-0.5.0-SNAPSHOT-tests.jar:/home/user/.m2/repository/org/apache/hadoop/hadoop-hdds-container-service/0.5.0-SNAPSHOT/hadoop-hdds-container-service-0.5.0-SNAPSHOT-tests.jar:/home/user/.m2/repository/org/yaml/snakeyaml/1.16/snakeyaml-1.16.jar:/home/user/.m2/repository/org/apache/hadoop/hadoop-common/3.2.0/hadoop-common-3.2.0-tests.jar:/home/user/.m2/repository/org/apache/hadoop/hadoop-annotations/3.2.0/hadoop-annotations-3.2.0.jar:/usr/lib/jvm/java-1.8-openjdk/jre/../lib/tools.jar:/home/user/.m2/repository/commons-cli/commons-cli/1.2/commons-cli-1.2.jar:/home/user/.m2/repository/org/apache/httpcomponents/httpclient/4.5.2/httpclient-4.5.2.jar:/home/user/.m2/repository/org/apache/httpcomponents/httpcore/4.4.4/httpcore-4.4.4.jar:/home/user/.m2/repository/commons-codec/commons-codec/1.11/commons-codec-1.11.jar:/home/user/.m2/repository/commons-net/commons-net/3.6/commons-net-3.6.jar:/home/user/.m2/repository/commons-collections/commons-collections/3.2.2/commons-collections-3.2.2.jar:/home/user/.m2/repository/org/eclipse/jetty/jetty-servlet/9.3.24.v20180605/jetty-servlet-9.3.24.v20180605.jar:/home/user/.m2/repository/org/eclipse/jetty/jetty-security/9.3.24.v20180605/jetty-security-9.3.24.v20180605.jar:/home/user/.m2/repository/javax/servlet/jsp/jsp-api/2.1/jsp-api-2.1.jar:/home/user/.m2/repository/com/sun/jersey/jersey-servlet/1.19/jersey-servlet-1.19.jar:/home/user/.m2/repository/com/sun/jersey/jersey-json/1.19/jersey-json-1.19.jar:/home/user/.m2/repository/org/codehaus/jettison/jettison/1.1/jettison-1.1.jar:/home/user/.m2/repository/org/codehaus/jackson/jackson-core-asl/1.9.13/jackson-core-asl-1.9.13.jar:/home/user/.m2/repository/org/codehaus/jackson/jackson-mapper-asl/1.9.13/jackson-mapper-asl-1.9.13.jar:/home/user/.m2/repository/org/codehaus/jackson/jackson-jaxrs/1.9.13/jackson-jaxrs-1.9.13.jar:/home/user/.m2/repository/org/codehaus/jackson/jackson-xc/1.9.13/jackson-xc-1.9.13.jar:/home/user/.m2/repository/commons-logging/commons-logging/1.1.3/commons-logging-1.1.3.jar:/home/user/.m2/repository/commons-beanutils/commons-beanutils/1.9.3/commons-beanutils-1.9.3.jar:/home/user/.m2/repository/org/apache/commons/commons-configuration2/2.1.1/commons-configuration2-2.1.1.jar:/home/user/.m2/repository/org/apache/commons/commons-lang3/3.7/commons-lang3-3.7.jar:/home/user/.m2/repository/org/apache/commons/commons-text/1.4/commons-text-1.4.jar:/home/user/.m2/repository/org/apache/avro/avro/1.7.7/avro-1.7.7.jar:/home/user/.m2/repository/com/thoughtworks/paranamer/paranamer/2.3/paranamer-2.3.jar:/home/user/.m2/repository/org/xerial/snappy/snappy-java/1.0.5/snappy-java-1.0.5.jar:/home/user/.m2/repository/com/google/re2j/re2j/1.1/re2j-1.1.jar:/home/user/.m2/repository/com/google/code/gson/gson/2.2.4/gson-2.2.4.jar:/home/user/.m2/repository/com/jcraft/jsch/0.1.54/jsch-0.1.54.jar:/home/user/.m2/repository/org/apache/curator/curator-client/2.12.0/curator-client-2.12.0.jar:/home/user/.m2/repository/org/apache/curator/curator-recipes/2.12.0/curator-recipes-2.12.0.jar:/home/user/.m2/repository/com/google/code/findbugs/jsr305/3.0.0/jsr305-3.0.0.jar:/home/user/.m2/repository/org/apache/htrace/htrace-core4/4.1.0-incubating/htrace-core4-4.1.0-incubating.jar:/home/user/.m2/repository/org/apache/zookeeper/zookeeper/3.4.13/zookeeper-3.4.13.jar:/home/user/.m2/repository/org/apache/yetus/audience-annotations/0.5.0/audience-annotations-0.5.0.jar:/home/user/.m2/repository/org/codehaus/woodstox/stax2-api/3.1.4/stax2-api-3.1.4.jar:/home/user/.m2/repository/com/fasterxml/woodstox/woodstox-core/5.0.3/woodstox-core-5.0.3.jar:/home/user/.m2/repository/dnsjava/dnsjava/2.1.7/dnsjava-2.1.7.jar:/home/user/.m2/repository/org/apache/hadoop/hadoop-hdfs/3.2.0/hadoop-hdfs-3.2.0-tests.jar:/home/user/.m2/repository/org/eclipse/jetty/jetty-util-ajax/9.3.24.v20180605/jetty-util-ajax-9.3.24.v20180605.jar:/home/user/.m2/repository/commons-daemon/commons-daemon/1.0.13/commons-daemon-1.0.13.jar:/home/user/.m2/repository/io/netty/netty/3.10.5.Final/netty-3.10.5.Final.jar:/home/user/.m2/repository/io/netty/netty-all/4.0.52.Final/netty-all-4.0.52.Final.jar:/home/user/.m2/repository/org/fusesource/leveldbjni/leveldbjni-all/1.8/leveldbjni-all-1.8.jar:"/>
    <property name="sun.cpu.endian" value="little"/>
    <property name="user.home" value="/home/user"/>
    <property name="user.language" value="en"/>
    <property name="java.specification.vendor" value="Oracle Corporation"/>
    <property name="java.home" value="/usr/lib/jvm/java-1.8-openjdk/jre"/>
    <property name="java.security.krb5.conf" value="/workdir/hadoop-ozone/integration-test/target/test-classes/krb5.conf"/>
    <property name="basedir" value="/workdir/hadoop-ozone/integration-test"/>
    <property name="file.separator" value="/"/>
    <property name="line.separator" value="&#10;"/>
    <property name="java.vm.specification.vendor" value="Oracle Corporation"/>
    <property name="java.specification.name" value="Java Platform API Specification"/>
    <property name="java.awt.graphicsenv" value="sun.awt.X11GraphicsEnvironment"/>
    <property name="surefire.real.class.path" value="/workdir/hadoop-ozone/integration-test/target/surefire/surefirebooter2093205673354518459.jar"/>
    <property name="hadoop.log.dir" value="/workdir/hadoop-ozone/integration-test/target/log"/>
    <property name="sun.boot.class.path" value="/usr/lib/jvm/java-1.8-openjdk/jre/lib/resources.jar:/usr/lib/jvm/java-1.8-openjdk/jre/lib/rt.jar:/usr/lib/jvm/java-1.8-openjdk/jre/lib/sunrsasign.jar:/usr/lib/jvm/java-1.8-openjdk/jre/lib/jsse.jar:/usr/lib/jvm/java-1.8-openjdk/jre/lib/jce.jar:/usr/lib/jvm/java-1.8-openjdk/jre/lib/charsets.jar:/usr/lib/jvm/java-1.8-openjdk/jre/lib/jfr.jar:/usr/lib/jvm/java-1.8-openjdk/jre/classes"/>
    <property name="sun.management.compiler" value="HotSpot 64-Bit Tiered Compilers"/>
    <property name="java.runtime.version" value="1.8.0_212-b04"/>
    <property name="java.net.preferIPv4Stack" value="true"/>
    <property name="user.name" value="jenkins1000"/>
    <property name="path.separator" value=":"/>
    <property name="java.security.egd" value="file:///dev/urandom"/>
    <property name="os.version" value="3.10.0-957.12.2.el7.x86_64"/>
    <property name="java.endorsed.dirs" value="/usr/lib/jvm/java-1.8-openjdk/jre/lib/endorsed"/>
    <property name="java.runtime.name" value="OpenJDK Runtime Environment"/>
    <property name="file.encoding" value="UTF-8"/>
    <property name="java.vm.name" value="OpenJDK 64-Bit Server VM"/>
    <property name="test.build.webapps" value=""/>
    <property name="localRepository" value="/home/user/.m2/repository"/>
    <property name="java.vendor.url.bug" value="https://icedtea.classpath.org/bugzilla"/>
    <property name="java.io.tmpdir" value="/tmp"/>
    <property name="require.test.libhadoop" value=""/>
    <property name="java.version" value="1.8.0_212"/>
    <property name="user.dir" value="/workdir/hadoop-ozone/integration-test"/>
    <property name="os.arch" value="amd64"/>
    <property name="java.vm.specification.name" value="Java Virtual Machine Specification"/>
    <property name="test.build.classes" value="/workdir/hadoop-ozone/integration-test/target/test-classes"/>
    <property name="java.awt.printerjob" value="sun.print.PSPrinterJob"/>
    <property name="sun.os.patch.level" value="unknown"/>
    <property name="hadoop.tmp.dir" value="/workdir/hadoop-ozone/integration-test/target/tmp"/>
    <property name="java.library.path" value="/usr/lib/jvm/java-1.8-openjdk/jre/lib/amd64/server:/usr/lib/jvm/java-1.8-openjdk/jre/lib/amd64:/usr/lib/jvm/java-1.8-openjdk/jre/../lib/amd64:/workdir/hadoop-ozone/integration-test/target/native/target/usr/local/lib:/workdir/hadoop-ozone/integration-test/../../hadoop-common-project/hadoop-common/target/native/target/usr/local/lib:/usr/java/packages/lib/amd64:/usr/lib64:/lib64:/lib:/usr/lib"/>
    <property name="java.vm.info" value="mixed mode"/>
    <property name="java.vendor" value="IcedTea"/>
    <property name="java.vm.version" value="25.212-b04"/>
    <property name="java.ext.dirs" value="/usr/lib/jvm/java-1.8-openjdk/jre/lib/ext:/usr/java/packages/lib/ext"/>
    <property name="sun.io.unicode.encoding" value="UnicodeLittle"/>
    <property name="java.class.version" value="52.0"/>
  </properties>
  <testcase name="test2DatanodesFailure" classname="org.apache.hadoop.ozone.client.rpc.TestBlockOutputStreamWithFailures" time="109.919"/>
  <testcase name="testDatanodeFailureWithPreAllocation" classname="org.apache.hadoop.ozone.client.rpc.TestBlockOutputStreamWithFailures" time="226.75"/>
  <testcase name="testDatanodeFailureWithSingleNodeRatis" classname="org.apache.hadoop.ozone.client.rpc.TestBlockOutputStreamWithFailures" time="224.676"/>
  <testcase name="testWatchForCommitWithSingleNodeRatis" classname="org.apache.hadoop.ozone.client.rpc.TestBlockOutputStreamWithFailures" time="34.302"/>
  <testcase name="testWatchForCommitDatanodeFailure" classname="org.apache.hadoop.ozone.client.rpc.TestBlockOutputStreamWithFailures" time="52.867">
    <failure message="expected:&lt;2&gt; but was:&lt;3&gt;" type="java.lang.AssertionError"><![CDATA[java.lang.AssertionError: expected:<2> but was:<3>
	at org.junit.Assert.fail(Assert.java:88)
	at org.junit.Assert.failNotEquals(Assert.java:743)
	at org.junit.Assert.assertEquals(Assert.java:118)
	at org.junit.Assert.assertEquals(Assert.java:555)
	at org.junit.Assert.assertEquals(Assert.java:542)
	at org.apache.hadoop.ozone.client.rpc.TestBlockOutputStreamWithFailures.testWatchForCommitDatanodeFailure(TestBlockOutputStreamWithFailures.java:366)
	at sun.reflect.NativeMethodAccessorImpl.invoke0(Native Method)
	at sun.reflect.NativeMethodAccessorImpl.invoke(NativeMethodAccessorImpl.java:62)
	at sun.reflect.DelegatingMethodAccessorImpl.invoke(DelegatingMethodAccessorImpl.java:43)
	at java.lang.reflect.Method.invoke(Method.java:498)
	at org.junit.runners.model.FrameworkMethod$1.runReflectiveCall(FrameworkMethod.java:47)
	at org.junit.internal.runners.model.ReflectiveCallable.run(ReflectiveCallable.java:12)
	at org.junit.runners.model.FrameworkMethod.invokeExplosively(FrameworkMethod.java:44)
	at org.junit.internal.runners.statements.InvokeMethod.evaluate(InvokeMethod.java:17)
	at org.junit.internal.runners.statements.RunBefores.evaluate(RunBefores.java:26)
	at org.junit.internal.runners.statements.RunAfters.evaluate(RunAfters.java:27)
	at org.junit.runners.ParentRunner.runLeaf(ParentRunner.java:271)
	at org.junit.runners.BlockJUnit4ClassRunner.runChild(BlockJUnit4ClassRunner.java:70)
	at org.junit.runners.BlockJUnit4ClassRunner.runChild(BlockJUnit4ClassRunner.java:50)
	at org.junit.runners.ParentRunner$3.run(ParentRunner.java:238)
	at org.junit.runners.ParentRunner$1.schedule(ParentRunner.java:63)
	at org.junit.runners.ParentRunner.runChildren(ParentRunner.java:236)
	at org.junit.runners.ParentRunner.access$000(ParentRunner.java:53)
	at org.junit.runners.ParentRunner$2.evaluate(ParentRunner.java:229)
	at org.junit.runners.ParentRunner.run(ParentRunner.java:309)
	at org.apache.maven.surefire.junit4.JUnit4Provider.execute(JUnit4Provider.java:365)
	at org.apache.maven.surefire.junit4.JUnit4Provider.executeWithRerun(JUnit4Provider.java:273)
	at org.apache.maven.surefire.junit4.JUnit4Provider.executeTestSet(JUnit4Provider.java:238)
	at org.apache.maven.surefire.junit4.JUnit4Provider.invoke(JUnit4Provider.java:159)
	at org.apache.maven.surefire.booter.ForkedBooter.invokeProviderInSameClassLoader(ForkedBooter.java:384)
	at org.apache.maven.surefire.booter.ForkedBooter.runSuitesInProcess(ForkedBooter.java:345)
	at org.apache.maven.surefire.booter.ForkedBooter.execute(ForkedBooter.java:126)
	at org.apache.maven.surefire.booter.ForkedBooter.main(ForkedBooter.java:418)
]]></failure>
    <system-out><![CDATA[2019-08-20 10:22:09,638 WARN  server.ServerUtils (ServerUtils.java:getScmDbDir(145)) - ozone.scm.db.dirs is not configured. We recommend adding this setting. Falling back to ozone.metadata.dirs instead.
2019-08-20 10:22:09,664 WARN  server.ServerUtils (ServerUtils.java:getScmDbDir(145)) - ozone.scm.db.dirs is not configured. We recommend adding this setting. Falling back to ozone.metadata.dirs instead.
2019-08-20 10:22:09,665 WARN  server.ServerUtils (ServerUtils.java:getScmDbDir(145)) - ozone.scm.db.dirs is not configured. We recommend adding this setting. Falling back to ozone.metadata.dirs instead.
2019-08-20 10:22:09,665 INFO  db.DBStoreBuilder (DBStoreBuilder.java:addTable(110)) - using custom profile for table: deletedBlocks
2019-08-20 10:22:09,666 INFO  db.DBStoreBuilder (DBStoreBuilder.java:processTables(161)) - Using default column profile:DBProfile.DISK for Table:deletedBlocks
2019-08-20 10:22:09,666 INFO  db.DBStoreBuilder (DBStoreBuilder.java:addTable(110)) - using custom profile for table: validCerts
2019-08-20 10:22:09,666 INFO  db.DBStoreBuilder (DBStoreBuilder.java:processTables(161)) - Using default column profile:DBProfile.DISK for Table:validCerts
2019-08-20 10:22:09,666 INFO  db.DBStoreBuilder (DBStoreBuilder.java:addTable(110)) - using custom profile for table: revokedCerts
2019-08-20 10:22:09,667 INFO  db.DBStoreBuilder (DBStoreBuilder.java:processTables(161)) - Using default column profile:DBProfile.DISK for Table:revokedCerts
2019-08-20 10:22:09,667 INFO  db.DBStoreBuilder (DBStoreBuilder.java:addTable(110)) - using custom profile for table: default
2019-08-20 10:22:09,667 INFO  db.DBStoreBuilder (DBStoreBuilder.java:processTables(167)) - Using default column profile:DBProfile.DISK for Table:default
2019-08-20 10:22:09,667 INFO  db.DBStoreBuilder (DBStoreBuilder.java:getDbProfile(198)) - Using default options. DBProfile.DISK
2019-08-20 10:22:09,840 INFO  net.NodeSchemaLoader (NodeSchemaLoader.java:loadSchemaFromFile(125)) - Loading file from sun.misc.CompoundEnumeration@5b132063
2019-08-20 10:22:09,841 INFO  net.NodeSchemaLoader (NodeSchemaLoader.java:loadSchema(171)) - Loading network topology layer schema file
2019-08-20 10:22:09,846 INFO  node.SCMNodeManager (SCMNodeManager.java:<init>(121)) - Entering startup safe mode.
2019-08-20 10:22:09,847 INFO  algorithms.ContainerPlacementPolicyFactory (ContainerPlacementPolicyFactory.java:getPolicy(55)) - Create container placement policy of type org.apache.hadoop.hdds.scm.container.placement.algorithms.SCMContainerPlacementRandom
2019-08-20 10:22:09,847 WARN  server.ServerUtils (ServerUtils.java:getScmDbDir(145)) - ozone.scm.db.dirs is not configured. We recommend adding this setting. Falling back to ozone.metadata.dirs instead.
2019-08-20 10:22:09,894 INFO  pipeline.SCMPipelineManager (SCMPipelineManager.java:initializePipelineState(126)) - No pipeline exists in current db
2019-08-20 10:22:09,894 WARN  server.ServerUtils (ServerUtils.java:getScmDbDir(145)) - ozone.scm.db.dirs is not configured. We recommend adding this setting. Falling back to ozone.metadata.dirs instead.
2019-08-20 10:22:09,938 WARN  events.EventQueue (EventQueue.java:fireEvent(175)) - No event handler registered for event TypedEvent{payloadType=SafeModeStatus, name='SafeModeStatus'}
2019-08-20 10:22:09,939 INFO  ipc.CallQueueManager (CallQueueManager.java:<init>(84)) - Using callQueue: class java.util.concurrent.LinkedBlockingQueue, queueCapacity: 2000, scheduler: class org.apache.hadoop.ipc.DefaultRpcScheduler, ipcBackoff: false.
2019-08-20 10:22:09,940 INFO  ipc.Server (Server.java:run(1074)) - Starting Socket Reader #1 for port 39898
2019-08-20 10:22:09,942 INFO  ipc.CallQueueManager (CallQueueManager.java:<init>(84)) - Using callQueue: class java.util.concurrent.LinkedBlockingQueue, queueCapacity: 2000, scheduler: class org.apache.hadoop.ipc.DefaultRpcScheduler, ipcBackoff: false.
2019-08-20 10:22:09,943 INFO  ipc.Server (Server.java:run(1074)) - Starting Socket Reader #1 for port 38336
2019-08-20 10:22:09,944 INFO  ipc.CallQueueManager (CallQueueManager.java:<init>(84)) - Using callQueue: class java.util.concurrent.LinkedBlockingQueue, queueCapacity: 2000, scheduler: class org.apache.hadoop.ipc.DefaultRpcScheduler, ipcBackoff: false.
2019-08-20 10:22:09,946 INFO  ipc.Server (Server.java:run(1074)) - Starting Socket Reader #1 for port 41833
2019-08-20 10:22:09,950 INFO  hdfs.DFSUtil (DFSUtil.java:httpServerTemplateForNNAndJN(1641)) - Starting Web-server for scm at: http://0.0.0.0:0
2019-08-20 10:22:09,951 INFO  server.AuthenticationFilter (AuthenticationFilter.java:constructSecretProvider(240)) - Unable to initialize FileSignerSecretProvider, falling back to use random secrets.
2019-08-20 10:22:09,952 WARN  http.HttpRequestLog (HttpRequestLog.java:getRequestLog(97)) - Jetty request log can only be enabled using Log4j
2019-08-20 10:22:09,953 INFO  http.HttpServer2 (HttpServer2.java:addGlobalFilter(975)) - Added global filter 'safety' (class=org.apache.hadoop.http.HttpServer2$QuotingInputFilter)
2019-08-20 10:22:09,954 INFO  http.HttpServer2 (HttpServer2.java:addFilter(948)) - Added filter static_user_filter (class=org.apache.hadoop.http.lib.StaticUserWebFilter$StaticUserFilter) to context scm
2019-08-20 10:22:09,954 INFO  http.HttpServer2 (HttpServer2.java:addFilter(958)) - Added filter static_user_filter (class=org.apache.hadoop.http.lib.StaticUserWebFilter$StaticUserFilter) to context static
2019-08-20 10:22:09,954 INFO  http.HttpServer2 (HttpServer2.java:addFilter(958)) - Added filter static_user_filter (class=org.apache.hadoop.http.lib.StaticUserWebFilter$StaticUserFilter) to context logs
2019-08-20 10:22:09,955 INFO  server.StorageContainerManager (StorageContainerManager.java:start(759)) - StorageContainerLocationProtocol RPC server is listening at /0.0.0.0:41833
2019-08-20 10:22:09,957 WARN  impl.MetricsConfig (MetricsConfig.java:loadFirst(134)) - Cannot locate configuration: tried hadoop-metrics2-storagecontainermanager.properties,hadoop-metrics2.properties
2019-08-20 10:22:09,957 INFO  impl.MetricsSystemImpl (MetricsSystemImpl.java:startTimer(374)) - Scheduled Metric snapshot period at 10 second(s).
2019-08-20 10:22:09,958 INFO  impl.MetricsSystemImpl (MetricsSystemImpl.java:start(191)) - StorageContainerManager metrics system started
2019-08-20 10:22:10,016 INFO  server.SCMClientProtocolServer (SCMClientProtocolServer.java:start(151)) - RPC server for Client  is listening at /0.0.0.0:41833
2019-08-20 10:22:10,016 INFO  ipc.Server (Server.java:run(1314)) - IPC Server Responder: starting
2019-08-20 10:22:10,016 INFO  ipc.Server (Server.java:run(1153)) - IPC Server listener on 41833: starting
2019-08-20 10:22:10,019 INFO  server.StorageContainerManager (StorageContainerManager.java:start(769)) - ScmBlockLocationProtocol RPC server is listening at /0.0.0.0:38336
2019-08-20 10:22:10,019 INFO  server.SCMBlockProtocolServer (SCMBlockProtocolServer.java:start(140)) - RPC server for Block Protocol is listening at /0.0.0.0:38336
2019-08-20 10:22:10,020 INFO  ipc.Server (Server.java:run(1314)) - IPC Server Responder: starting
2019-08-20 10:22:10,020 INFO  ipc.Server (Server.java:run(1153)) - IPC Server listener on 38336: starting
2019-08-20 10:22:10,023 INFO  server.StorageContainerManager (StorageContainerManager.java:start(773)) - ScmDatanodeProtocl RPC server is listening at /0.0.0.0:39898
2019-08-20 10:22:10,023 INFO  server.SCMDatanodeProtocolServer (SCMDatanodeProtocolServer.java:start(191)) - RPC server for DataNodes is listening at /0.0.0.0:39898
2019-08-20 10:22:10,023 INFO  ipc.Server (Server.java:run(1314)) - IPC Server Responder: starting
2019-08-20 10:22:10,023 INFO  ipc.Server (Server.java:run(1153)) - IPC Server listener on 39898: starting
2019-08-20 10:22:10,027 INFO  http.HttpServer2 (HttpServer2.java:bindListener(1191)) - Jetty bound to port 34330
2019-08-20 10:22:10,027 INFO  server.Server (Server.java:doStart(351)) - jetty-9.3.24.v20180605, build timestamp: 2018-06-05T17:11:56Z, git hash: 84205aa28f11a4f31f2a3b86d1bba2cc8ab69827
2019-08-20 10:22:10,029 INFO  handler.ContextHandler (ContextHandler.java:doStart(781)) - Started o.e.j.s.ServletContextHandler@5b166420{/logs,file:///workdir/hadoop-ozone/integration-test/target/log,AVAILABLE}
2019-08-20 10:22:10,029 INFO  handler.ContextHandler (ContextHandler.java:doStart(781)) - Started o.e.j.s.ServletContextHandler@17adbecf{/static,file:///workdir/hadoop-ozone/integration-test/target/test-classes/webapps/static,AVAILABLE}
2019-08-20 10:22:10,032 INFO  handler.ContextHandler (ContextHandler.java:doStart(781)) - Started o.e.j.w.WebAppContext@100d5018{/,file:///workdir/hadoop-ozone/integration-test/target/test-classes/webapps/scm/,AVAILABLE}{/scm}
2019-08-20 10:22:10,033 INFO  server.AbstractConnector (AbstractConnector.java:doStart(278)) - Started ServerConnector@6a25c9ad{HTTP/1.1,[http/1.1]}{0.0.0.0:34330}
2019-08-20 10:22:10,033 INFO  server.Server (Server.java:doStart(419)) - Started @596607ms
2019-08-20 10:22:10,036 INFO  server.BaseHttpServer (BaseHttpServer.java:updateConnectorAddress(213)) - HTTP server of SCM is listening at http://0.0.0.0:34330
2019-08-20 10:22:10,036 WARN  server.ServerUtils (ServerUtils.java:getDBPath(222)) - ozone.om.db.dirs is not configured. We recommend adding this setting. Falling back to ozone.metadata.dirs instead.
2019-08-20 10:22:10,037 INFO  util.JvmPauseMonitor (JvmPauseMonitor.java:run(188)) - Starting JVM pause monitor
2019-08-20 10:22:10,051 WARN  server.ServerUtils (ServerUtils.java:getDBPath(222)) - ozone.om.db.dirs is not configured. We recommend adding this setting. Falling back to ozone.metadata.dirs instead.
2019-08-20 10:22:10,051 WARN  server.ServerUtils (ServerUtils.java:getDBPath(222)) - ozone.om.db.dirs is not configured. We recommend adding this setting. Falling back to ozone.metadata.dirs instead.
2019-08-20 10:22:10,052 INFO  om.OzoneManager (OzoneManager.java:setOMNodeDetails(648)) - OM Service ID is not set. Setting it to the default ID: omServiceIdDefault
2019-08-20 10:22:10,052 INFO  om.OzoneManager (OzoneManager.java:setOMNodeDetails(654)) - OM Node ID is not set. Setting it to the OmStorage's OmID: 8a33ea0c-33c7-44fe-9a06-90300194e856
2019-08-20 10:22:10,052 INFO  om.OzoneManager (OzoneManager.java:loadOMHAConfigs(605)) - Found matching OM address with OMServiceId: null, OMNodeId: null, RPC Address: localhost:0 and Ratis port: 9872
2019-08-20 10:22:10,057 WARN  server.ServerUtils (ServerUtils.java:getDBPath(222)) - ozone.om.db.dirs is not configured. We recommend adding this setting. Falling back to ozone.metadata.dirs instead.
2019-08-20 10:22:10,057 INFO  db.DBStoreBuilder (DBStoreBuilder.java:addTable(110)) - using custom profile for table: userTable
2019-08-20 10:22:10,058 INFO  db.DBStoreBuilder (DBStoreBuilder.java:processTables(161)) - Using default column profile:DBProfile.DISK for Table:userTable
2019-08-20 10:22:10,058 INFO  db.DBStoreBuilder (DBStoreBuilder.java:addTable(110)) - using custom profile for table: volumeTable
2019-08-20 10:22:10,058 INFO  db.DBStoreBuilder (DBStoreBuilder.java:processTables(161)) - Using default column profile:DBProfile.DISK for Table:volumeTable
2019-08-20 10:22:10,058 INFO  db.DBStoreBuilder (DBStoreBuilder.java:addTable(110)) - using custom profile for table: bucketTable
2019-08-20 10:22:10,058 INFO  db.DBStoreBuilder (DBStoreBuilder.java:processTables(161)) - Using default column profile:DBProfile.DISK for Table:bucketTable
2019-08-20 10:22:10,058 INFO  db.DBStoreBuilder (DBStoreBuilder.java:addTable(110)) - using custom profile for table: keyTable
2019-08-20 10:22:10,059 INFO  db.DBStoreBuilder (DBStoreBuilder.java:processTables(161)) - Using default column profile:DBProfile.DISK for Table:keyTable
2019-08-20 10:22:10,059 INFO  db.DBStoreBuilder (DBStoreBuilder.java:addTable(110)) - using custom profile for table: deletedTable
2019-08-20 10:22:10,059 INFO  db.DBStoreBuilder (DBStoreBuilder.java:processTables(161)) - Using default column profile:DBProfile.DISK for Table:deletedTable
2019-08-20 10:22:10,059 INFO  db.DBStoreBuilder (DBStoreBuilder.java:addTable(110)) - using custom profile for table: openKeyTable
2019-08-20 10:22:10,059 INFO  db.DBStoreBuilder (DBStoreBuilder.java:processTables(161)) - Using default column profile:DBProfile.DISK for Table:openKeyTable
2019-08-20 10:22:10,059 INFO  db.DBStoreBuilder (DBStoreBuilder.java:addTable(110)) - using custom profile for table: s3Table
2019-08-20 10:22:10,059 INFO  db.DBStoreBuilder (DBStoreBuilder.java:processTables(161)) - Using default column profile:DBProfile.DISK for Table:s3Table
2019-08-20 10:22:10,060 INFO  db.DBStoreBuilder (DBStoreBuilder.java:addTable(110)) - using custom profile for table: multipartInfoTable
2019-08-20 10:22:10,060 INFO  db.DBStoreBuilder (DBStoreBuilder.java:processTables(161)) - Using default column profile:DBProfile.DISK for Table:multipartInfoTable
2019-08-20 10:22:10,060 INFO  db.DBStoreBuilder (DBStoreBuilder.java:addTable(110)) - using custom profile for table: dTokenTable
2019-08-20 10:22:10,060 INFO  db.DBStoreBuilder (DBStoreBuilder.java:processTables(161)) - Using default column profile:DBProfile.DISK for Table:dTokenTable
2019-08-20 10:22:10,060 INFO  db.DBStoreBuilder (DBStoreBuilder.java:addTable(110)) - using custom profile for table: s3SecretTable
2019-08-20 10:22:10,060 INFO  db.DBStoreBuilder (DBStoreBuilder.java:processTables(161)) - Using default column profile:DBProfile.DISK for Table:s3SecretTable
2019-08-20 10:22:10,061 INFO  db.DBStoreBuilder (DBStoreBuilder.java:addTable(110)) - using custom profile for table: prefixTable
2019-08-20 10:22:10,061 INFO  db.DBStoreBuilder (DBStoreBuilder.java:processTables(161)) - Using default column profile:DBProfile.DISK for Table:prefixTable
2019-08-20 10:22:10,061 INFO  db.DBStoreBuilder (DBStoreBuilder.java:addTable(110)) - using custom profile for table: default
2019-08-20 10:22:10,061 INFO  db.DBStoreBuilder (DBStoreBuilder.java:processTables(167)) - Using default column profile:DBProfile.DISK for Table:default
2019-08-20 10:22:10,061 INFO  db.DBStoreBuilder (DBStoreBuilder.java:getDbProfile(198)) - Using default options. DBProfile.DISK
2019-08-20 10:22:10,604 INFO  ipc.CallQueueManager (CallQueueManager.java:<init>(84)) - Using callQueue: class java.util.concurrent.LinkedBlockingQueue, queueCapacity: 2000, scheduler: class org.apache.hadoop.ipc.DefaultRpcScheduler, ipcBackoff: false.
2019-08-20 10:22:10,604 INFO  ipc.Server (Server.java:run(1074)) - Starting Socket Reader #1 for port 39544
2019-08-20 10:22:10,616 INFO  om.OzoneManager (OzoneManager.java:start(1259)) - OzoneManager RPC server is listening at localhost/127.0.0.1:39544
2019-08-20 10:22:10,616 INFO  impl.MetricsSystemImpl (MetricsSystemImpl.java:init(158)) - OzoneManager metrics system started (again)
2019-08-20 10:22:10,617 INFO  ipc.Server (Server.java:run(1314)) - IPC Server Responder: starting
2019-08-20 10:22:10,617 INFO  ipc.Server (Server.java:run(1153)) - IPC Server listener on 39544: starting
2019-08-20 10:22:10,623 INFO  hdfs.DFSUtil (DFSUtil.java:httpServerTemplateForNNAndJN(1641)) - Starting Web-server for ozoneManager at: http://0.0.0.0:0
2019-08-20 10:22:10,625 INFO  server.AuthenticationFilter (AuthenticationFilter.java:constructSecretProvider(240)) - Unable to initialize FileSignerSecretProvider, falling back to use random secrets.
2019-08-20 10:22:10,625 WARN  http.HttpRequestLog (HttpRequestLog.java:getRequestLog(97)) - Jetty request log can only be enabled using Log4j
2019-08-20 10:22:10,628 INFO  http.HttpServer2 (HttpServer2.java:addGlobalFilter(975)) - Added global filter 'safety' (class=org.apache.hadoop.http.HttpServer2$QuotingInputFilter)
2019-08-20 10:22:10,628 INFO  http.HttpServer2 (HttpServer2.java:addFilter(948)) - Added filter static_user_filter (class=org.apache.hadoop.http.lib.StaticUserWebFilter$StaticUserFilter) to context ozoneManager
2019-08-20 10:22:10,629 INFO  http.HttpServer2 (HttpServer2.java:addFilter(958)) - Added filter static_user_filter (class=org.apache.hadoop.http.lib.StaticUserWebFilter$StaticUserFilter) to context static
2019-08-20 10:22:10,629 INFO  http.HttpServer2 (HttpServer2.java:addFilter(958)) - Added filter static_user_filter (class=org.apache.hadoop.http.lib.StaticUserWebFilter$StaticUserFilter) to context logs
2019-08-20 10:22:10,630 INFO  http.HttpServer2 (HttpServer2.java:bindListener(1191)) - Jetty bound to port 36802
2019-08-20 10:22:10,630 INFO  server.Server (Server.java:doStart(351)) - jetty-9.3.24.v20180605, build timestamp: 2018-06-05T17:11:56Z, git hash: 84205aa28f11a4f31f2a3b86d1bba2cc8ab69827
2019-08-20 10:22:10,632 INFO  handler.ContextHandler (ContextHandler.java:doStart(781)) - Started o.e.j.s.ServletContextHandler@299f9a81{/logs,file:///workdir/hadoop-ozone/integration-test/target/log,AVAILABLE}
2019-08-20 10:22:10,633 INFO  handler.ContextHandler (ContextHandler.java:doStart(781)) - Started o.e.j.s.ServletContextHandler@2561d61{/static,file:///workdir/hadoop-ozone/integration-test/target/test-classes/webapps/static,AVAILABLE}
2019-08-20 10:22:10,641 INFO  handler.ContextHandler (ContextHandler.java:doStart(781)) - Started o.e.j.w.WebAppContext@7ae97a58{/,file:///workdir/hadoop-ozone/integration-test/target/test-classes/webapps/ozoneManager/,AVAILABLE}{/ozoneManager}
2019-08-20 10:22:10,641 INFO  server.AbstractConnector (AbstractConnector.java:doStart(278)) - Started ServerConnector@6a4f15bc{HTTP/1.1,[http/1.1]}{0.0.0.0:36802}
2019-08-20 10:22:10,643 INFO  server.Server (Server.java:doStart(419)) - Started @597216ms
2019-08-20 10:22:10,644 INFO  server.BaseHttpServer (BaseHttpServer.java:updateConnectorAddress(213)) - HTTP server of OZONEMANAGER is listening at http://0.0.0.0:36802
2019-08-20 10:22:10,666 INFO  impl.MetricsSystemImpl (MetricsSystemImpl.java:init(158)) - HddsDatanode metrics system started (again)
2019-08-20 10:22:10,669 INFO  ozone.HddsDatanodeService (HddsDatanodeService.java:start(184)) - HddsDatanodeService host:pr-hdds-1054s69ht-3886455778 ip:192.168.5.133
2019-08-20 10:22:10,681 INFO  volume.HddsVolume (HddsVolume.java:<init>(176)) - Creating Volume: /workdir/hadoop-ozone/integration-test/target/test-dir/MiniOzoneClusterImpl-bb41d155-d46c-4d70-b443-e80a9547f56a/datanode-0/data/containers/hdds of  storage type : DISK and capacity : 1482555576320
2019-08-20 10:22:10,681 INFO  volume.VolumeSet (VolumeSet.java:initializeVolumeSet(170)) - Added Volume : /workdir/hadoop-ozone/integration-test/target/test-dir/MiniOzoneClusterImpl-bb41d155-d46c-4d70-b443-e80a9547f56a/datanode-0/data/containers/hdds to VolumeSet
2019-08-20 10:22:10,681 INFO  volume.ThrottledAsyncChecker (ThrottledAsyncChecker.java:schedule(140)) - Scheduling a check for org.apache.hadoop.ozone.container.common.volume.HddsVolume@41ad6c00
2019-08-20 10:22:10,682 INFO  volume.HddsVolumeChecker (HddsVolumeChecker.java:checkAllVolumes(203)) - Scheduled health check for volume org.apache.hadoop.ozone.container.common.volume.HddsVolume@41ad6c00
2019-08-20 10:22:10,698 INFO  impl.RaftServerProxy (ConfUtils.java:logGet(43)) - raft.rpc.type = GRPC (default)
2019-08-20 10:22:10,699 INFO  grpc.GrpcFactory (GrpcFactory.java:checkPooledByteBufAllocatorUseCacheForAllThreads(45)) - PERFORMANCE WARNING: useCacheForAllThreads is true that may cause Netty to create a lot garbage objects and, as a result, trigger GC.
	It is recommended to disable useCacheForAllThreads by setting -Dorg.apache.ratis.thirdparty.io.netty.allocator.useCacheForAllThreads=false in command line.
2019-08-20 10:22:10,699 INFO  grpc.GrpcConfigKeys$Server (ConfUtils.java:logGet(43)) - raft.grpc.server.port = 0 (default)
2019-08-20 10:22:10,699 INFO  server.GrpcService (ConfUtils.java:logGet(43)) - raft.grpc.message.size.max = 33570816 (custom)
2019-08-20 10:22:10,699 INFO  server.RaftServerConfigKeys (ConfUtils.java:logGet(43)) - raft.server.log.appender.buffer.byte-limit = 33554432 (custom)
2019-08-20 10:22:10,700 INFO  server.GrpcService (ConfUtils.java:logGet(43)) - raft.grpc.flow.control.window = 1MB (=1048576) (default)
2019-08-20 10:22:10,700 INFO  server.RaftServerConfigKeys (ConfUtils.java:logGet(43)) - raft.server.rpc.request.timeout = 3000ms (default)
2019-08-20 10:22:10,700 INFO  server.RaftServerConfigKeys (ConfUtils.java:logGet(43)) - raft.server.storage.dir = [/workdir/hadoop-ozone/integration-test/target/test-dir/MiniOzoneClusterImpl-bb41d155-d46c-4d70-b443-e80a9547f56a/datanode-0/data/ratis] (custom)
2019-08-20 10:22:10,701 INFO  replication.SimpleContainerDownloader (SimpleContainerDownloader.java:<init>(72)) - Starting container downloader service to copy containers to replicate.
2019-08-20 10:22:10,702 INFO  hdfs.DFSUtil (DFSUtil.java:httpServerTemplateForNNAndJN(1641)) - Starting Web-server for hddsDatanode at: http://0.0.0.0:0
2019-08-20 10:22:10,703 INFO  server.AuthenticationFilter (AuthenticationFilter.java:constructSecretProvider(240)) - Unable to initialize FileSignerSecretProvider, falling back to use random secrets.
2019-08-20 10:22:10,703 WARN  http.HttpRequestLog (HttpRequestLog.java:getRequestLog(97)) - Jetty request log can only be enabled using Log4j
2019-08-20 10:22:10,705 INFO  http.HttpServer2 (HttpServer2.java:addGlobalFilter(975)) - Added global filter 'safety' (class=org.apache.hadoop.http.HttpServer2$QuotingInputFilter)
2019-08-20 10:22:10,706 INFO  http.HttpServer2 (HttpServer2.java:addFilter(948)) - Added filter static_user_filter (class=org.apache.hadoop.http.lib.StaticUserWebFilter$StaticUserFilter) to context hddsDatanode
2019-08-20 10:22:10,706 INFO  http.HttpServer2 (HttpServer2.java:addFilter(958)) - Added filter static_user_filter (class=org.apache.hadoop.http.lib.StaticUserWebFilter$StaticUserFilter) to context static
2019-08-20 10:22:10,706 INFO  http.HttpServer2 (HttpServer2.java:addFilter(958)) - Added filter static_user_filter (class=org.apache.hadoop.http.lib.StaticUserWebFilter$StaticUserFilter) to context logs
2019-08-20 10:22:10,707 INFO  http.HttpServer2 (HttpServer2.java:bindListener(1191)) - Jetty bound to port 43920
2019-08-20 10:22:10,707 INFO  server.Server (Server.java:doStart(351)) - jetty-9.3.24.v20180605, build timestamp: 2018-06-05T17:11:56Z, git hash: 84205aa28f11a4f31f2a3b86d1bba2cc8ab69827
2019-08-20 10:22:10,709 INFO  handler.ContextHandler (ContextHandler.java:doStart(781)) - Started o.e.j.s.ServletContextHandler@ea3491d{/logs,file:///workdir/hadoop-ozone/integration-test/target/log,AVAILABLE}
2019-08-20 10:22:10,709 INFO  handler.ContextHandler (ContextHandler.java:doStart(781)) - Started o.e.j.s.ServletContextHandler@60b8c05c{/static,jar:file:/home/user/.m2/repository/org/apache/hadoop/hadoop-hdds-container-service/0.5.0-SNAPSHOT/hadoop-hdds-container-service-0.5.0-SNAPSHOT.jar!/webapps/static,AVAILABLE}
2019-08-20 10:22:10,741 INFO  handler.ContextHandler (ContextHandler.java:doStart(781)) - Started o.e.j.w.WebAppContext@2e41e0c{/,file:///tmp/jetty-0.0.0.0-43920-hddsDatanode-_-any-1939516811676070388.dir/webapp/,AVAILABLE}{/hddsDatanode}
2019-08-20 10:22:10,741 INFO  server.AbstractConnector (AbstractConnector.java:doStart(278)) - Started ServerConnector@2e214d39{HTTP/1.1,[http/1.1]}{0.0.0.0:43920}
2019-08-20 10:22:10,741 INFO  server.Server (Server.java:doStart(419)) - Started @597315ms
2019-08-20 10:22:10,743 INFO  server.BaseHttpServer (BaseHttpServer.java:updateConnectorAddress(213)) - HTTP server of HDDSDATANODE is listening at http://0.0.0.0:43920
2019-08-20 10:22:10,854 INFO  ozone.HddsDatanodeService (HddsDatanodeService.java:startPlugins(395)) - Started plug-in org.apache.hadoop.ozone.web.OzoneHddsDatanodeService@13ac1657
2019-08-20 10:22:10,855 INFO  impl.MetricsSystemImpl (MetricsSystemImpl.java:init(158)) - HddsDatanode metrics system started (again)
2019-08-20 10:22:10,857 INFO  ozone.HddsDatanodeService (HddsDatanodeService.java:start(184)) - HddsDatanodeService host:pr-hdds-1054s69ht-3886455778 ip:192.168.5.133
2019-08-20 10:22:10,857 INFO  util.JvmPauseMonitor (JvmPauseMonitor.java:run(188)) - Starting JVM pause monitor
2019-08-20 10:22:10,859 INFO  datanode.InitDatanodeState (InitDatanodeState.java:persistContainerDatanodeDetails(140)) - DatanodeDetails is persisted to /workdir/hadoop-ozone/integration-test/target/test-dir/MiniOzoneClusterImpl-bb41d155-d46c-4d70-b443-e80a9547f56a/datanode-0/meta/datanode.id
2019-08-20 10:22:10,866 INFO  volume.HddsVolume (HddsVolume.java:<init>(176)) - Creating Volume: /workdir/hadoop-ozone/integration-test/target/test-dir/MiniOzoneClusterImpl-bb41d155-d46c-4d70-b443-e80a9547f56a/datanode-1/data/containers/hdds of  storage type : DISK and capacity : 1482555576320
2019-08-20 10:22:10,866 INFO  volume.VolumeSet (VolumeSet.java:initializeVolumeSet(170)) - Added Volume : /workdir/hadoop-ozone/integration-test/target/test-dir/MiniOzoneClusterImpl-bb41d155-d46c-4d70-b443-e80a9547f56a/datanode-1/data/containers/hdds to VolumeSet
2019-08-20 10:22:10,867 INFO  volume.ThrottledAsyncChecker (ThrottledAsyncChecker.java:schedule(140)) - Scheduling a check for org.apache.hadoop.ozone.container.common.volume.HddsVolume@27558dee
2019-08-20 10:22:10,867 INFO  volume.HddsVolumeChecker (HddsVolumeChecker.java:checkAllVolumes(203)) - Scheduled health check for volume org.apache.hadoop.ozone.container.common.volume.HddsVolume@27558dee
2019-08-20 10:22:10,883 INFO  impl.RaftServerProxy (ConfUtils.java:logGet(43)) - raft.rpc.type = GRPC (default)
2019-08-20 10:22:10,883 INFO  grpc.GrpcFactory (GrpcFactory.java:checkPooledByteBufAllocatorUseCacheForAllThreads(45)) - PERFORMANCE WARNING: useCacheForAllThreads is true that may cause Netty to create a lot garbage objects and, as a result, trigger GC.
	It is recommended to disable useCacheForAllThreads by setting -Dorg.apache.ratis.thirdparty.io.netty.allocator.useCacheForAllThreads=false in command line.
2019-08-20 10:22:10,884 INFO  grpc.GrpcConfigKeys$Server (ConfUtils.java:logGet(43)) - raft.grpc.server.port = 0 (default)
2019-08-20 10:22:10,884 INFO  server.GrpcService (ConfUtils.java:logGet(43)) - raft.grpc.message.size.max = 33570816 (custom)
2019-08-20 10:22:10,884 INFO  server.RaftServerConfigKeys (ConfUtils.java:logGet(43)) - raft.server.log.appender.buffer.byte-limit = 33554432 (custom)
2019-08-20 10:22:10,884 INFO  server.GrpcService (ConfUtils.java:logGet(43)) - raft.grpc.flow.control.window = 1MB (=1048576) (default)
2019-08-20 10:22:10,884 INFO  server.RaftServerConfigKeys (ConfUtils.java:logGet(43)) - raft.server.rpc.request.timeout = 3000ms (default)
2019-08-20 10:22:10,885 INFO  server.RaftServerConfigKeys (ConfUtils.java:logGet(43)) - raft.server.storage.dir = [/workdir/hadoop-ozone/integration-test/target/test-dir/MiniOzoneClusterImpl-bb41d155-d46c-4d70-b443-e80a9547f56a/datanode-1/data/ratis] (custom)
2019-08-20 10:22:10,885 INFO  replication.SimpleContainerDownloader (SimpleContainerDownloader.java:<init>(72)) - Starting container downloader service to copy containers to replicate.
2019-08-20 10:22:10,887 INFO  hdfs.DFSUtil (DFSUtil.java:httpServerTemplateForNNAndJN(1641)) - Starting Web-server for hddsDatanode at: http://0.0.0.0:0
2019-08-20 10:22:10,889 INFO  server.AuthenticationFilter (AuthenticationFilter.java:constructSecretProvider(240)) - Unable to initialize FileSignerSecretProvider, falling back to use random secrets.
2019-08-20 10:22:10,889 WARN  http.HttpRequestLog (HttpRequestLog.java:getRequestLog(97)) - Jetty request log can only be enabled using Log4j
2019-08-20 10:22:10,892 INFO  http.HttpServer2 (HttpServer2.java:addGlobalFilter(975)) - Added global filter 'safety' (class=org.apache.hadoop.http.HttpServer2$QuotingInputFilter)
2019-08-20 10:22:10,892 INFO  http.HttpServer2 (HttpServer2.java:addFilter(948)) - Added filter static_user_filter (class=org.apache.hadoop.http.lib.StaticUserWebFilter$StaticUserFilter) to context hddsDatanode
2019-08-20 10:22:10,893 INFO  http.HttpServer2 (HttpServer2.java:addFilter(958)) - Added filter static_user_filter (class=org.apache.hadoop.http.lib.StaticUserWebFilter$StaticUserFilter) to context static
2019-08-20 10:22:10,893 INFO  http.HttpServer2 (HttpServer2.java:addFilter(958)) - Added filter static_user_filter (class=org.apache.hadoop.http.lib.StaticUserWebFilter$StaticUserFilter) to context logs
2019-08-20 10:22:10,894 INFO  http.HttpServer2 (HttpServer2.java:bindListener(1191)) - Jetty bound to port 34751
2019-08-20 10:22:10,894 INFO  server.Server (Server.java:doStart(351)) - jetty-9.3.24.v20180605, build timestamp: 2018-06-05T17:11:56Z, git hash: 84205aa28f11a4f31f2a3b86d1bba2cc8ab69827
2019-08-20 10:22:10,896 INFO  handler.ContextHandler (ContextHandler.java:doStart(781)) - Started o.e.j.s.ServletContextHandler@64547a83{/logs,file:///workdir/hadoop-ozone/integration-test/target/log,AVAILABLE}
2019-08-20 10:22:10,897 INFO  handler.ContextHandler (ContextHandler.java:doStart(781)) - Started o.e.j.s.ServletContextHandler@487f025{/static,jar:file:/home/user/.m2/repository/org/apache/hadoop/hadoop-hdds-container-service/0.5.0-SNAPSHOT/hadoop-hdds-container-service-0.5.0-SNAPSHOT.jar!/webapps/static,AVAILABLE}
2019-08-20 10:22:10,941 INFO  handler.ContextHandler (ContextHandler.java:doStart(781)) - Started o.e.j.w.WebAppContext@73624529{/,file:///tmp/jetty-0.0.0.0-34751-hddsDatanode-_-any-6969436070694008829.dir/webapp/,AVAILABLE}{/hddsDatanode}
2019-08-20 10:22:10,941 INFO  server.AbstractConnector (AbstractConnector.java:doStart(278)) - Started ServerConnector@31e1c7c{HTTP/1.1,[http/1.1]}{0.0.0.0:34751}
2019-08-20 10:22:10,941 INFO  server.Server (Server.java:doStart(419)) - Started @597515ms
2019-08-20 10:22:10,943 INFO  server.BaseHttpServer (BaseHttpServer.java:updateConnectorAddress(213)) - HTTP server of HDDSDATANODE is listening at http://0.0.0.0:34751
2019-08-20 10:22:11,070 INFO  ozone.HddsDatanodeService (HddsDatanodeService.java:startPlugins(395)) - Started plug-in org.apache.hadoop.ozone.web.OzoneHddsDatanodeService@7b1a9ab3
2019-08-20 10:22:11,071 INFO  impl.MetricsSystemImpl (MetricsSystemImpl.java:init(158)) - HddsDatanode metrics system started (again)
2019-08-20 10:22:11,074 INFO  ozone.HddsDatanodeService (HddsDatanodeService.java:start(184)) - HddsDatanodeService host:pr-hdds-1054s69ht-3886455778 ip:192.168.5.133
2019-08-20 10:22:11,074 INFO  util.JvmPauseMonitor (JvmPauseMonitor.java:run(188)) - Starting JVM pause monitor
2019-08-20 10:22:11,075 INFO  datanode.InitDatanodeState (InitDatanodeState.java:persistContainerDatanodeDetails(140)) - DatanodeDetails is persisted to /workdir/hadoop-ozone/integration-test/target/test-dir/MiniOzoneClusterImpl-bb41d155-d46c-4d70-b443-e80a9547f56a/datanode-1/meta/datanode.id
2019-08-20 10:22:11,084 INFO  volume.HddsVolume (HddsVolume.java:<init>(176)) - Creating Volume: /workdir/hadoop-ozone/integration-test/target/test-dir/MiniOzoneClusterImpl-bb41d155-d46c-4d70-b443-e80a9547f56a/datanode-2/data/containers/hdds of  storage type : DISK and capacity : 1482555576320
2019-08-20 10:22:11,084 INFO  volume.VolumeSet (VolumeSet.java:initializeVolumeSet(170)) - Added Volume : /workdir/hadoop-ozone/integration-test/target/test-dir/MiniOzoneClusterImpl-bb41d155-d46c-4d70-b443-e80a9547f56a/datanode-2/data/containers/hdds to VolumeSet
2019-08-20 10:22:11,084 INFO  volume.ThrottledAsyncChecker (ThrottledAsyncChecker.java:schedule(140)) - Scheduling a check for org.apache.hadoop.ozone.container.common.volume.HddsVolume@5ef03158
2019-08-20 10:22:11,085 INFO  volume.HddsVolumeChecker (HddsVolumeChecker.java:checkAllVolumes(203)) - Scheduled health check for volume org.apache.hadoop.ozone.container.common.volume.HddsVolume@5ef03158
2019-08-20 10:22:11,096 INFO  impl.RaftServerProxy (ConfUtils.java:logGet(43)) - raft.rpc.type = GRPC (default)
2019-08-20 10:22:11,097 INFO  grpc.GrpcFactory (GrpcFactory.java:checkPooledByteBufAllocatorUseCacheForAllThreads(45)) - PERFORMANCE WARNING: useCacheForAllThreads is true that may cause Netty to create a lot garbage objects and, as a result, trigger GC.
	It is recommended to disable useCacheForAllThreads by setting -Dorg.apache.ratis.thirdparty.io.netty.allocator.useCacheForAllThreads=false in command line.
2019-08-20 10:22:11,097 INFO  grpc.GrpcConfigKeys$Server (ConfUtils.java:logGet(43)) - raft.grpc.server.port = 0 (default)
2019-08-20 10:22:11,097 INFO  server.GrpcService (ConfUtils.java:logGet(43)) - raft.grpc.message.size.max = 33570816 (custom)
2019-08-20 10:22:11,097 INFO  server.RaftServerConfigKeys (ConfUtils.java:logGet(43)) - raft.server.log.appender.buffer.byte-limit = 33554432 (custom)
2019-08-20 10:22:11,097 INFO  server.GrpcService (ConfUtils.java:logGet(43)) - raft.grpc.flow.control.window = 1MB (=1048576) (default)
2019-08-20 10:22:11,097 INFO  server.RaftServerConfigKeys (ConfUtils.java:logGet(43)) - raft.server.rpc.request.timeout = 3000ms (default)
2019-08-20 10:22:11,098 INFO  server.RaftServerConfigKeys (ConfUtils.java:logGet(43)) - raft.server.storage.dir = [/workdir/hadoop-ozone/integration-test/target/test-dir/MiniOzoneClusterImpl-bb41d155-d46c-4d70-b443-e80a9547f56a/datanode-2/data/ratis] (custom)
2019-08-20 10:22:11,098 INFO  replication.SimpleContainerDownloader (SimpleContainerDownloader.java:<init>(72)) - Starting container downloader service to copy containers to replicate.
2019-08-20 10:22:11,099 INFO  hdfs.DFSUtil (DFSUtil.java:httpServerTemplateForNNAndJN(1641)) - Starting Web-server for hddsDatanode at: http://0.0.0.0:0
2019-08-20 10:22:11,101 INFO  server.AuthenticationFilter (AuthenticationFilter.java:constructSecretProvider(240)) - Unable to initialize FileSignerSecretProvider, falling back to use random secrets.
2019-08-20 10:22:11,101 WARN  http.HttpRequestLog (HttpRequestLog.java:getRequestLog(97)) - Jetty request log can only be enabled using Log4j
2019-08-20 10:22:11,102 INFO  http.HttpServer2 (HttpServer2.java:addGlobalFilter(975)) - Added global filter 'safety' (class=org.apache.hadoop.http.HttpServer2$QuotingInputFilter)
2019-08-20 10:22:11,102 INFO  http.HttpServer2 (HttpServer2.java:addFilter(948)) - Added filter static_user_filter (class=org.apache.hadoop.http.lib.StaticUserWebFilter$StaticUserFilter) to context hddsDatanode
2019-08-20 10:22:11,103 INFO  http.HttpServer2 (HttpServer2.java:addFilter(958)) - Added filter static_user_filter (class=org.apache.hadoop.http.lib.StaticUserWebFilter$StaticUserFilter) to context logs
2019-08-20 10:22:11,103 INFO  http.HttpServer2 (HttpServer2.java:addFilter(958)) - Added filter static_user_filter (class=org.apache.hadoop.http.lib.StaticUserWebFilter$StaticUserFilter) to context static
2019-08-20 10:22:11,103 INFO  http.HttpServer2 (HttpServer2.java:bindListener(1191)) - Jetty bound to port 39360
2019-08-20 10:22:11,103 INFO  server.Server (Server.java:doStart(351)) - jetty-9.3.24.v20180605, build timestamp: 2018-06-05T17:11:56Z, git hash: 84205aa28f11a4f31f2a3b86d1bba2cc8ab69827
2019-08-20 10:22:11,105 INFO  handler.ContextHandler (ContextHandler.java:doStart(781)) - Started o.e.j.s.ServletContextHandler@6dc98c02{/logs,file:///workdir/hadoop-ozone/integration-test/target/log,AVAILABLE}
2019-08-20 10:22:11,105 INFO  handler.ContextHandler (ContextHandler.java:doStart(781)) - Started o.e.j.s.ServletContextHandler@448c4742{/static,jar:file:/home/user/.m2/repository/org/apache/hadoop/hadoop-hdds-container-service/0.5.0-SNAPSHOT/hadoop-hdds-container-service-0.5.0-SNAPSHOT.jar!/webapps/static,AVAILABLE}
2019-08-20 10:22:11,131 INFO  handler.ContextHandler (ContextHandler.java:doStart(781)) - Started o.e.j.w.WebAppContext@5f9f1886{/,file:///tmp/jetty-0.0.0.0-39360-hddsDatanode-_-any-1024218843381417769.dir/webapp/,AVAILABLE}{/hddsDatanode}
2019-08-20 10:22:11,132 INFO  server.AbstractConnector (AbstractConnector.java:doStart(278)) - Started ServerConnector@136a5572{HTTP/1.1,[http/1.1]}{0.0.0.0:39360}
2019-08-20 10:22:11,132 INFO  server.Server (Server.java:doStart(419)) - Started @597705ms
2019-08-20 10:22:11,134 INFO  server.BaseHttpServer (BaseHttpServer.java:updateConnectorAddress(213)) - HTTP server of HDDSDATANODE is listening at http://0.0.0.0:39360
2019-08-20 10:22:11,504 INFO  ozone.HddsDatanodeService (HddsDatanodeService.java:startPlugins(395)) - Started plug-in org.apache.hadoop.ozone.web.OzoneHddsDatanodeService@49620576
2019-08-20 10:22:11,504 INFO  impl.MetricsSystemImpl (MetricsSystemImpl.java:init(158)) - HddsDatanode metrics system started (again)
2019-08-20 10:22:11,508 INFO  util.JvmPauseMonitor (JvmPauseMonitor.java:run(188)) - Starting JVM pause monitor
2019-08-20 10:22:11,508 INFO  ozone.HddsDatanodeService (HddsDatanodeService.java:start(184)) - HddsDatanodeService host:pr-hdds-1054s69ht-3886455778 ip:192.168.5.133
2019-08-20 10:22:11,509 INFO  datanode.InitDatanodeState (InitDatanodeState.java:persistContainerDatanodeDetails(140)) - DatanodeDetails is persisted to /workdir/hadoop-ozone/integration-test/target/test-dir/MiniOzoneClusterImpl-bb41d155-d46c-4d70-b443-e80a9547f56a/datanode-2/meta/datanode.id
2019-08-20 10:22:11,519 INFO  volume.HddsVolume (HddsVolume.java:<init>(176)) - Creating Volume: /workdir/hadoop-ozone/integration-test/target/test-dir/MiniOzoneClusterImpl-bb41d155-d46c-4d70-b443-e80a9547f56a/datanode-3/data/containers/hdds of  storage type : DISK and capacity : 1482555576320
2019-08-20 10:22:11,519 INFO  volume.VolumeSet (VolumeSet.java:initializeVolumeSet(170)) - Added Volume : /workdir/hadoop-ozone/integration-test/target/test-dir/MiniOzoneClusterImpl-bb41d155-d46c-4d70-b443-e80a9547f56a/datanode-3/data/containers/hdds to VolumeSet
2019-08-20 10:22:11,519 INFO  volume.ThrottledAsyncChecker (ThrottledAsyncChecker.java:schedule(140)) - Scheduling a check for org.apache.hadoop.ozone.container.common.volume.HddsVolume@30a8ac50
2019-08-20 10:22:11,520 INFO  volume.HddsVolumeChecker (HddsVolumeChecker.java:checkAllVolumes(203)) - Scheduled health check for volume org.apache.hadoop.ozone.container.common.volume.HddsVolume@30a8ac50
2019-08-20 10:22:11,533 INFO  impl.RaftServerProxy (ConfUtils.java:logGet(43)) - raft.rpc.type = GRPC (default)
2019-08-20 10:22:11,534 INFO  grpc.GrpcFactory (GrpcFactory.java:checkPooledByteBufAllocatorUseCacheForAllThreads(45)) - PERFORMANCE WARNING: useCacheForAllThreads is true that may cause Netty to create a lot garbage objects and, as a result, trigger GC.
	It is recommended to disable useCacheForAllThreads by setting -Dorg.apache.ratis.thirdparty.io.netty.allocator.useCacheForAllThreads=false in command line.
2019-08-20 10:22:11,534 INFO  grpc.GrpcConfigKeys$Server (ConfUtils.java:logGet(43)) - raft.grpc.server.port = 0 (default)
2019-08-20 10:22:11,534 INFO  server.GrpcService (ConfUtils.java:logGet(43)) - raft.grpc.message.size.max = 33570816 (custom)
2019-08-20 10:22:11,535 INFO  server.RaftServerConfigKeys (ConfUtils.java:logGet(43)) - raft.server.log.appender.buffer.byte-limit = 33554432 (custom)
2019-08-20 10:22:11,535 INFO  server.GrpcService (ConfUtils.java:logGet(43)) - raft.grpc.flow.control.window = 1MB (=1048576) (default)
2019-08-20 10:22:11,535 INFO  server.RaftServerConfigKeys (ConfUtils.java:logGet(43)) - raft.server.rpc.request.timeout = 3000ms (default)
2019-08-20 10:22:11,536 INFO  server.RaftServerConfigKeys (ConfUtils.java:logGet(43)) - raft.server.storage.dir = [/workdir/hadoop-ozone/integration-test/target/test-dir/MiniOzoneClusterImpl-bb41d155-d46c-4d70-b443-e80a9547f56a/datanode-3/data/ratis] (custom)
2019-08-20 10:22:11,536 INFO  replication.SimpleContainerDownloader (SimpleContainerDownloader.java:<init>(72)) - Starting container downloader service to copy containers to replicate.
2019-08-20 10:22:11,537 INFO  hdfs.DFSUtil (DFSUtil.java:httpServerTemplateForNNAndJN(1641)) - Starting Web-server for hddsDatanode at: http://0.0.0.0:0
2019-08-20 10:22:11,539 INFO  server.AuthenticationFilter (AuthenticationFilter.java:constructSecretProvider(240)) - Unable to initialize FileSignerSecretProvider, falling back to use random secrets.
2019-08-20 10:22:11,539 WARN  http.HttpRequestLog (HttpRequestLog.java:getRequestLog(97)) - Jetty request log can only be enabled using Log4j
2019-08-20 10:22:11,540 INFO  http.HttpServer2 (HttpServer2.java:addGlobalFilter(975)) - Added global filter 'safety' (class=org.apache.hadoop.http.HttpServer2$QuotingInputFilter)
2019-08-20 10:22:11,540 INFO  http.HttpServer2 (HttpServer2.java:addFilter(948)) - Added filter static_user_filter (class=org.apache.hadoop.http.lib.StaticUserWebFilter$StaticUserFilter) to context hddsDatanode
2019-08-20 10:22:11,541 INFO  http.HttpServer2 (HttpServer2.java:addFilter(958)) - Added filter static_user_filter (class=org.apache.hadoop.http.lib.StaticUserWebFilter$StaticUserFilter) to context logs
2019-08-20 10:22:11,541 INFO  http.HttpServer2 (HttpServer2.java:addFilter(958)) - Added filter static_user_filter (class=org.apache.hadoop.http.lib.StaticUserWebFilter$StaticUserFilter) to context static
2019-08-20 10:22:11,541 INFO  http.HttpServer2 (HttpServer2.java:bindListener(1191)) - Jetty bound to port 37326
2019-08-20 10:22:11,541 INFO  server.Server (Server.java:doStart(351)) - jetty-9.3.24.v20180605, build timestamp: 2018-06-05T17:11:56Z, git hash: 84205aa28f11a4f31f2a3b86d1bba2cc8ab69827
2019-08-20 10:22:11,543 INFO  handler.ContextHandler (ContextHandler.java:doStart(781)) - Started o.e.j.s.ServletContextHandler@77ac7cd6{/logs,file:///workdir/hadoop-ozone/integration-test/target/log,AVAILABLE}
2019-08-20 10:22:11,544 INFO  handler.ContextHandler (ContextHandler.java:doStart(781)) - Started o.e.j.s.ServletContextHandler@81f9b01{/static,jar:file:/home/user/.m2/repository/org/apache/hadoop/hadoop-hdds-container-service/0.5.0-SNAPSHOT/hadoop-hdds-container-service-0.5.0-SNAPSHOT.jar!/webapps/static,AVAILABLE}
2019-08-20 10:22:11,571 INFO  handler.ContextHandler (ContextHandler.java:doStart(781)) - Started o.e.j.w.WebAppContext@73983f07{/,file:///tmp/jetty-0.0.0.0-37326-hddsDatanode-_-any-9211752506769812286.dir/webapp/,AVAILABLE}{/hddsDatanode}
2019-08-20 10:22:11,571 INFO  server.AbstractConnector (AbstractConnector.java:doStart(278)) - Started ServerConnector@35fddea2{HTTP/1.1,[http/1.1]}{0.0.0.0:37326}
2019-08-20 10:22:11,573 INFO  server.Server (Server.java:doStart(419)) - Started @598146ms
2019-08-20 10:22:11,573 INFO  server.BaseHttpServer (BaseHttpServer.java:updateConnectorAddress(213)) - HTTP server of HDDSDATANODE is listening at http://0.0.0.0:37326
2019-08-20 10:22:11,687 INFO  ozone.HddsDatanodeService (HddsDatanodeService.java:startPlugins(395)) - Started plug-in org.apache.hadoop.ozone.web.OzoneHddsDatanodeService@53a3ccc
2019-08-20 10:22:11,687 INFO  impl.MetricsSystemImpl (MetricsSystemImpl.java:init(158)) - HddsDatanode metrics system started (again)
2019-08-20 10:22:11,690 INFO  util.JvmPauseMonitor (JvmPauseMonitor.java:run(188)) - Starting JVM pause monitor
2019-08-20 10:22:11,690 INFO  ozone.HddsDatanodeService (HddsDatanodeService.java:start(184)) - HddsDatanodeService host:pr-hdds-1054s69ht-3886455778 ip:192.168.5.133
2019-08-20 10:22:11,692 INFO  datanode.InitDatanodeState (InitDatanodeState.java:persistContainerDatanodeDetails(140)) - DatanodeDetails is persisted to /workdir/hadoop-ozone/integration-test/target/test-dir/MiniOzoneClusterImpl-bb41d155-d46c-4d70-b443-e80a9547f56a/datanode-3/meta/datanode.id
2019-08-20 10:22:11,701 INFO  volume.HddsVolume (HddsVolume.java:<init>(176)) - Creating Volume: /workdir/hadoop-ozone/integration-test/target/test-dir/MiniOzoneClusterImpl-bb41d155-d46c-4d70-b443-e80a9547f56a/datanode-4/data/containers/hdds of  storage type : DISK and capacity : 1482555576320
2019-08-20 10:22:11,701 INFO  volume.VolumeSet (VolumeSet.java:initializeVolumeSet(170)) - Added Volume : /workdir/hadoop-ozone/integration-test/target/test-dir/MiniOzoneClusterImpl-bb41d155-d46c-4d70-b443-e80a9547f56a/datanode-4/data/containers/hdds to VolumeSet
2019-08-20 10:22:11,701 INFO  volume.ThrottledAsyncChecker (ThrottledAsyncChecker.java:schedule(140)) - Scheduling a check for org.apache.hadoop.ozone.container.common.volume.HddsVolume@7469c73d
2019-08-20 10:22:11,702 INFO  volume.HddsVolumeChecker (HddsVolumeChecker.java:checkAllVolumes(203)) - Scheduled health check for volume org.apache.hadoop.ozone.container.common.volume.HddsVolume@7469c73d
2019-08-20 10:22:11,714 INFO  impl.RaftServerProxy (ConfUtils.java:logGet(43)) - raft.rpc.type = GRPC (default)
2019-08-20 10:22:11,715 INFO  grpc.GrpcFactory (GrpcFactory.java:checkPooledByteBufAllocatorUseCacheForAllThreads(45)) - PERFORMANCE WARNING: useCacheForAllThreads is true that may cause Netty to create a lot garbage objects and, as a result, trigger GC.
	It is recommended to disable useCacheForAllThreads by setting -Dorg.apache.ratis.thirdparty.io.netty.allocator.useCacheForAllThreads=false in command line.
2019-08-20 10:22:11,715 INFO  grpc.GrpcConfigKeys$Server (ConfUtils.java:logGet(43)) - raft.grpc.server.port = 0 (default)
2019-08-20 10:22:11,715 INFO  server.GrpcService (ConfUtils.java:logGet(43)) - raft.grpc.message.size.max = 33570816 (custom)
2019-08-20 10:22:11,715 INFO  server.RaftServerConfigKeys (ConfUtils.java:logGet(43)) - raft.server.log.appender.buffer.byte-limit = 33554432 (custom)
2019-08-20 10:22:11,715 INFO  server.GrpcService (ConfUtils.java:logGet(43)) - raft.grpc.flow.control.window = 1MB (=1048576) (default)
2019-08-20 10:22:11,716 INFO  server.RaftServerConfigKeys (ConfUtils.java:logGet(43)) - raft.server.rpc.request.timeout = 3000ms (default)
2019-08-20 10:22:11,716 INFO  server.RaftServerConfigKeys (ConfUtils.java:logGet(43)) - raft.server.storage.dir = [/workdir/hadoop-ozone/integration-test/target/test-dir/MiniOzoneClusterImpl-bb41d155-d46c-4d70-b443-e80a9547f56a/datanode-4/data/ratis] (custom)
2019-08-20 10:22:11,716 INFO  replication.SimpleContainerDownloader (SimpleContainerDownloader.java:<init>(72)) - Starting container downloader service to copy containers to replicate.
2019-08-20 10:22:11,717 INFO  hdfs.DFSUtil (DFSUtil.java:httpServerTemplateForNNAndJN(1641)) - Starting Web-server for hddsDatanode at: http://0.0.0.0:0
2019-08-20 10:22:11,718 INFO  server.AuthenticationFilter (AuthenticationFilter.java:constructSecretProvider(240)) - Unable to initialize FileSignerSecretProvider, falling back to use random secrets.
2019-08-20 10:22:11,719 WARN  http.HttpRequestLog (HttpRequestLog.java:getRequestLog(97)) - Jetty request log can only be enabled using Log4j
2019-08-20 10:22:11,720 INFO  http.HttpServer2 (HttpServer2.java:addGlobalFilter(975)) - Added global filter 'safety' (class=org.apache.hadoop.http.HttpServer2$QuotingInputFilter)
2019-08-20 10:22:11,720 INFO  http.HttpServer2 (HttpServer2.java:addFilter(948)) - Added filter static_user_filter (class=org.apache.hadoop.http.lib.StaticUserWebFilter$StaticUserFilter) to context hddsDatanode
2019-08-20 10:22:11,720 INFO  http.HttpServer2 (HttpServer2.java:addFilter(958)) - Added filter static_user_filter (class=org.apache.hadoop.http.lib.StaticUserWebFilter$StaticUserFilter) to context logs
2019-08-20 10:22:11,721 INFO  http.HttpServer2 (HttpServer2.java:addFilter(958)) - Added filter static_user_filter (class=org.apache.hadoop.http.lib.StaticUserWebFilter$StaticUserFilter) to context static
2019-08-20 10:22:11,721 INFO  http.HttpServer2 (HttpServer2.java:bindListener(1191)) - Jetty bound to port 46580
2019-08-20 10:22:11,721 INFO  server.Server (Server.java:doStart(351)) - jetty-9.3.24.v20180605, build timestamp: 2018-06-05T17:11:56Z, git hash: 84205aa28f11a4f31f2a3b86d1bba2cc8ab69827
2019-08-20 10:22:11,723 INFO  handler.ContextHandler (ContextHandler.java:doStart(781)) - Started o.e.j.s.ServletContextHandler@1a920154{/logs,file:///workdir/hadoop-ozone/integration-test/target/log,AVAILABLE}
2019-08-20 10:22:11,723 INFO  handler.ContextHandler (ContextHandler.java:doStart(781)) - Started o.e.j.s.ServletContextHandler@6b78cbee{/static,jar:file:/home/user/.m2/repository/org/apache/hadoop/hadoop-hdds-container-service/0.5.0-SNAPSHOT/hadoop-hdds-container-service-0.5.0-SNAPSHOT.jar!/webapps/static,AVAILABLE}
2019-08-20 10:22:11,751 INFO  handler.ContextHandler (ContextHandler.java:doStart(781)) - Started o.e.j.w.WebAppContext@2e8417ea{/,file:///tmp/jetty-0.0.0.0-46580-hddsDatanode-_-any-4545952413832238791.dir/webapp/,AVAILABLE}{/hddsDatanode}
2019-08-20 10:22:11,751 INFO  server.AbstractConnector (AbstractConnector.java:doStart(278)) - Started ServerConnector@5f65a6d7{HTTP/1.1,[http/1.1]}{0.0.0.0:46580}
2019-08-20 10:22:11,753 INFO  server.Server (Server.java:doStart(419)) - Started @598326ms
2019-08-20 10:22:11,754 INFO  server.BaseHttpServer (BaseHttpServer.java:updateConnectorAddress(213)) - HTTP server of HDDSDATANODE is listening at http://0.0.0.0:46580
2019-08-20 10:22:11,882 INFO  ozone.HddsDatanodeService (HddsDatanodeService.java:startPlugins(395)) - Started plug-in org.apache.hadoop.ozone.web.OzoneHddsDatanodeService@597f2d3f
2019-08-20 10:22:11,882 INFO  impl.MetricsSystemImpl (MetricsSystemImpl.java:init(158)) - HddsDatanode metrics system started (again)
2019-08-20 10:22:11,885 INFO  util.JvmPauseMonitor (JvmPauseMonitor.java:run(188)) - Starting JVM pause monitor
2019-08-20 10:22:11,886 INFO  ozone.HddsDatanodeService (HddsDatanodeService.java:start(184)) - HddsDatanodeService host:pr-hdds-1054s69ht-3886455778 ip:192.168.5.133
2019-08-20 10:22:11,887 INFO  datanode.InitDatanodeState (InitDatanodeState.java:persistContainerDatanodeDetails(140)) - DatanodeDetails is persisted to /workdir/hadoop-ozone/integration-test/target/test-dir/MiniOzoneClusterImpl-bb41d155-d46c-4d70-b443-e80a9547f56a/datanode-4/meta/datanode.id
2019-08-20 10:22:11,895 INFO  volume.HddsVolume (HddsVolume.java:<init>(176)) - Creating Volume: /workdir/hadoop-ozone/integration-test/target/test-dir/MiniOzoneClusterImpl-bb41d155-d46c-4d70-b443-e80a9547f56a/datanode-5/data/containers/hdds of  storage type : DISK and capacity : 1482555576320
2019-08-20 10:22:11,895 INFO  volume.VolumeSet (VolumeSet.java:initializeVolumeSet(170)) - Added Volume : /workdir/hadoop-ozone/integration-test/target/test-dir/MiniOzoneClusterImpl-bb41d155-d46c-4d70-b443-e80a9547f56a/datanode-5/data/containers/hdds to VolumeSet
2019-08-20 10:22:11,895 INFO  volume.ThrottledAsyncChecker (ThrottledAsyncChecker.java:schedule(140)) - Scheduling a check for org.apache.hadoop.ozone.container.common.volume.HddsVolume@2d6a6887
2019-08-20 10:22:11,896 INFO  volume.HddsVolumeChecker (HddsVolumeChecker.java:checkAllVolumes(203)) - Scheduled health check for volume org.apache.hadoop.ozone.container.common.volume.HddsVolume@2d6a6887
2019-08-20 10:22:11,912 INFO  impl.RaftServerProxy (ConfUtils.java:logGet(43)) - raft.rpc.type = GRPC (default)
2019-08-20 10:22:11,912 INFO  grpc.GrpcFactory (GrpcFactory.java:checkPooledByteBufAllocatorUseCacheForAllThreads(45)) - PERFORMANCE WARNING: useCacheForAllThreads is true that may cause Netty to create a lot garbage objects and, as a result, trigger GC.
	It is recommended to disable useCacheForAllThreads by setting -Dorg.apache.ratis.thirdparty.io.netty.allocator.useCacheForAllThreads=false in command line.
2019-08-20 10:22:11,913 INFO  grpc.GrpcConfigKeys$Server (ConfUtils.java:logGet(43)) - raft.grpc.server.port = 0 (default)
2019-08-20 10:22:11,913 INFO  server.GrpcService (ConfUtils.java:logGet(43)) - raft.grpc.message.size.max = 33570816 (custom)
2019-08-20 10:22:11,913 INFO  server.RaftServerConfigKeys (ConfUtils.java:logGet(43)) - raft.server.log.appender.buffer.byte-limit = 33554432 (custom)
2019-08-20 10:22:11,913 INFO  server.GrpcService (ConfUtils.java:logGet(43)) - raft.grpc.flow.control.window = 1MB (=1048576) (default)
2019-08-20 10:22:11,913 INFO  server.RaftServerConfigKeys (ConfUtils.java:logGet(43)) - raft.server.rpc.request.timeout = 3000ms (default)
2019-08-20 10:22:11,914 INFO  server.RaftServerConfigKeys (ConfUtils.java:logGet(43)) - raft.server.storage.dir = [/workdir/hadoop-ozone/integration-test/target/test-dir/MiniOzoneClusterImpl-bb41d155-d46c-4d70-b443-e80a9547f56a/datanode-5/data/ratis] (custom)
2019-08-20 10:22:11,914 INFO  replication.SimpleContainerDownloader (SimpleContainerDownloader.java:<init>(72)) - Starting container downloader service to copy containers to replicate.
2019-08-20 10:22:11,916 INFO  hdfs.DFSUtil (DFSUtil.java:httpServerTemplateForNNAndJN(1641)) - Starting Web-server for hddsDatanode at: http://0.0.0.0:0
2019-08-20 10:22:11,917 INFO  server.AuthenticationFilter (AuthenticationFilter.java:constructSecretProvider(240)) - Unable to initialize FileSignerSecretProvider, falling back to use random secrets.
2019-08-20 10:22:11,917 WARN  http.HttpRequestLog (HttpRequestLog.java:getRequestLog(97)) - Jetty request log can only be enabled using Log4j
2019-08-20 10:22:11,918 INFO  http.HttpServer2 (HttpServer2.java:addGlobalFilter(975)) - Added global filter 'safety' (class=org.apache.hadoop.http.HttpServer2$QuotingInputFilter)
2019-08-20 10:22:11,919 INFO  http.HttpServer2 (HttpServer2.java:addFilter(948)) - Added filter static_user_filter (class=org.apache.hadoop.http.lib.StaticUserWebFilter$StaticUserFilter) to context hddsDatanode
2019-08-20 10:22:11,919 INFO  http.HttpServer2 (HttpServer2.java:addFilter(958)) - Added filter static_user_filter (class=org.apache.hadoop.http.lib.StaticUserWebFilter$StaticUserFilter) to context logs
2019-08-20 10:22:11,919 INFO  http.HttpServer2 (HttpServer2.java:addFilter(958)) - Added filter static_user_filter (class=org.apache.hadoop.http.lib.StaticUserWebFilter$StaticUserFilter) to context static
2019-08-20 10:22:11,920 INFO  http.HttpServer2 (HttpServer2.java:bindListener(1191)) - Jetty bound to port 36094
2019-08-20 10:22:11,920 INFO  server.Server (Server.java:doStart(351)) - jetty-9.3.24.v20180605, build timestamp: 2018-06-05T17:11:56Z, git hash: 84205aa28f11a4f31f2a3b86d1bba2cc8ab69827
2019-08-20 10:22:11,922 INFO  handler.ContextHandler (ContextHandler.java:doStart(781)) - Started o.e.j.s.ServletContextHandler@569d7074{/logs,file:///workdir/hadoop-ozone/integration-test/target/log,AVAILABLE}
2019-08-20 10:22:11,922 INFO  handler.ContextHandler (ContextHandler.java:doStart(781)) - Started o.e.j.s.ServletContextHandler@33e6176b{/static,jar:file:/home/user/.m2/repository/org/apache/hadoop/hadoop-hdds-container-service/0.5.0-SNAPSHOT/hadoop-hdds-container-service-0.5.0-SNAPSHOT.jar!/webapps/static,AVAILABLE}
2019-08-20 10:22:11,949 INFO  handler.ContextHandler (ContextHandler.java:doStart(781)) - Started o.e.j.w.WebAppContext@53141d3f{/,file:///tmp/jetty-0.0.0.0-36094-hddsDatanode-_-any-6849941180152500983.dir/webapp/,AVAILABLE}{/hddsDatanode}
2019-08-20 10:22:11,950 INFO  server.AbstractConnector (AbstractConnector.java:doStart(278)) - Started ServerConnector@16a4e4c9{HTTP/1.1,[http/1.1]}{0.0.0.0:36094}
2019-08-20 10:22:11,951 INFO  server.Server (Server.java:doStart(419)) - Started @598524ms
2019-08-20 10:22:11,952 INFO  server.BaseHttpServer (BaseHttpServer.java:updateConnectorAddress(213)) - HTTP server of HDDSDATANODE is listening at http://0.0.0.0:36094
2019-08-20 10:22:12,059 INFO  ozone.HddsDatanodeService (HddsDatanodeService.java:startPlugins(395)) - Started plug-in org.apache.hadoop.ozone.web.OzoneHddsDatanodeService@5112858c
2019-08-20 10:22:12,060 INFO  impl.MetricsSystemImpl (MetricsSystemImpl.java:init(158)) - HddsDatanode metrics system started (again)
2019-08-20 10:22:12,063 INFO  ozone.HddsDatanodeService (HddsDatanodeService.java:start(184)) - HddsDatanodeService host:pr-hdds-1054s69ht-3886455778 ip:192.168.5.133
2019-08-20 10:22:12,063 INFO  util.JvmPauseMonitor (JvmPauseMonitor.java:run(188)) - Starting JVM pause monitor
2019-08-20 10:22:12,065 INFO  datanode.InitDatanodeState (InitDatanodeState.java:persistContainerDatanodeDetails(140)) - DatanodeDetails is persisted to /workdir/hadoop-ozone/integration-test/target/test-dir/MiniOzoneClusterImpl-bb41d155-d46c-4d70-b443-e80a9547f56a/datanode-5/meta/datanode.id
2019-08-20 10:22:12,072 INFO  volume.HddsVolume (HddsVolume.java:<init>(176)) - Creating Volume: /workdir/hadoop-ozone/integration-test/target/test-dir/MiniOzoneClusterImpl-bb41d155-d46c-4d70-b443-e80a9547f56a/datanode-6/data/containers/hdds of  storage type : DISK and capacity : 1482555576320
2019-08-20 10:22:12,072 INFO  volume.VolumeSet (VolumeSet.java:initializeVolumeSet(170)) - Added Volume : /workdir/hadoop-ozone/integration-test/target/test-dir/MiniOzoneClusterImpl-bb41d155-d46c-4d70-b443-e80a9547f56a/datanode-6/data/containers/hdds to VolumeSet
2019-08-20 10:22:12,072 INFO  volume.ThrottledAsyncChecker (ThrottledAsyncChecker.java:schedule(140)) - Scheduling a check for org.apache.hadoop.ozone.container.common.volume.HddsVolume@58192546
2019-08-20 10:22:12,073 INFO  volume.HddsVolumeChecker (HddsVolumeChecker.java:checkAllVolumes(203)) - Scheduled health check for volume org.apache.hadoop.ozone.container.common.volume.HddsVolume@58192546
2019-08-20 10:22:12,087 INFO  impl.RaftServerProxy (ConfUtils.java:logGet(43)) - raft.rpc.type = GRPC (default)
2019-08-20 10:22:12,087 INFO  grpc.GrpcFactory (GrpcFactory.java:checkPooledByteBufAllocatorUseCacheForAllThreads(45)) - PERFORMANCE WARNING: useCacheForAllThreads is true that may cause Netty to create a lot garbage objects and, as a result, trigger GC.
	It is recommended to disable useCacheForAllThreads by setting -Dorg.apache.ratis.thirdparty.io.netty.allocator.useCacheForAllThreads=false in command line.
2019-08-20 10:22:12,087 INFO  grpc.GrpcConfigKeys$Server (ConfUtils.java:logGet(43)) - raft.grpc.server.port = 0 (default)
2019-08-20 10:22:12,088 INFO  server.GrpcService (ConfUtils.java:logGet(43)) - raft.grpc.message.size.max = 33570816 (custom)
2019-08-20 10:22:12,088 INFO  server.RaftServerConfigKeys (ConfUtils.java:logGet(43)) - raft.server.log.appender.buffer.byte-limit = 33554432 (custom)
2019-08-20 10:22:12,088 INFO  server.GrpcService (ConfUtils.java:logGet(43)) - raft.grpc.flow.control.window = 1MB (=1048576) (default)
2019-08-20 10:22:12,088 INFO  server.RaftServerConfigKeys (ConfUtils.java:logGet(43)) - raft.server.rpc.request.timeout = 3000ms (default)
2019-08-20 10:22:12,088 INFO  server.RaftServerConfigKeys (ConfUtils.java:logGet(43)) - raft.server.storage.dir = [/workdir/hadoop-ozone/integration-test/target/test-dir/MiniOzoneClusterImpl-bb41d155-d46c-4d70-b443-e80a9547f56a/datanode-6/data/ratis] (custom)
2019-08-20 10:22:12,089 INFO  replication.SimpleContainerDownloader (SimpleContainerDownloader.java:<init>(72)) - Starting container downloader service to copy containers to replicate.
2019-08-20 10:22:12,090 INFO  hdfs.DFSUtil (DFSUtil.java:httpServerTemplateForNNAndJN(1641)) - Starting Web-server for hddsDatanode at: http://0.0.0.0:0
2019-08-20 10:22:12,091 INFO  server.AuthenticationFilter (AuthenticationFilter.java:constructSecretProvider(240)) - Unable to initialize FileSignerSecretProvider, falling back to use random secrets.
2019-08-20 10:22:12,092 WARN  http.HttpRequestLog (HttpRequestLog.java:getRequestLog(97)) - Jetty request log can only be enabled using Log4j
2019-08-20 10:22:12,093 INFO  http.HttpServer2 (HttpServer2.java:addGlobalFilter(975)) - Added global filter 'safety' (class=org.apache.hadoop.http.HttpServer2$QuotingInputFilter)
2019-08-20 10:22:12,094 INFO  http.HttpServer2 (HttpServer2.java:addFilter(948)) - Added filter static_user_filter (class=org.apache.hadoop.http.lib.StaticUserWebFilter$StaticUserFilter) to context hddsDatanode
2019-08-20 10:22:12,094 INFO  http.HttpServer2 (HttpServer2.java:addFilter(958)) - Added filter static_user_filter (class=org.apache.hadoop.http.lib.StaticUserWebFilter$StaticUserFilter) to context logs
2019-08-20 10:22:12,094 INFO  http.HttpServer2 (HttpServer2.java:addFilter(958)) - Added filter static_user_filter (class=org.apache.hadoop.http.lib.StaticUserWebFilter$StaticUserFilter) to context static
2019-08-20 10:22:12,094 INFO  http.HttpServer2 (HttpServer2.java:bindListener(1191)) - Jetty bound to port 40759
2019-08-20 10:22:12,095 INFO  server.Server (Server.java:doStart(351)) - jetty-9.3.24.v20180605, build timestamp: 2018-06-05T17:11:56Z, git hash: 84205aa28f11a4f31f2a3b86d1bba2cc8ab69827
2019-08-20 10:22:12,096 INFO  handler.ContextHandler (ContextHandler.java:doStart(781)) - Started o.e.j.s.ServletContextHandler@2df6d461{/logs,file:///workdir/hadoop-ozone/integration-test/target/log,AVAILABLE}
2019-08-20 10:22:12,096 INFO  handler.ContextHandler (ContextHandler.java:doStart(781)) - Started o.e.j.s.ServletContextHandler@4d5d6297{/static,jar:file:/home/user/.m2/repository/org/apache/hadoop/hadoop-hdds-container-service/0.5.0-SNAPSHOT/hadoop-hdds-container-service-0.5.0-SNAPSHOT.jar!/webapps/static,AVAILABLE}
2019-08-20 10:22:12,124 INFO  handler.ContextHandler (ContextHandler.java:doStart(781)) - Started o.e.j.w.WebAppContext@309d9033{/,file:///tmp/jetty-0.0.0.0-40759-hddsDatanode-_-any-7470440682165930311.dir/webapp/,AVAILABLE}{/hddsDatanode}
2019-08-20 10:22:12,124 INFO  server.AbstractConnector (AbstractConnector.java:doStart(278)) - Started ServerConnector@5ebd80f8{HTTP/1.1,[http/1.1]}{0.0.0.0:40759}
2019-08-20 10:22:12,127 INFO  server.Server (Server.java:doStart(419)) - Started @598701ms
2019-08-20 10:22:12,128 INFO  server.BaseHttpServer (BaseHttpServer.java:updateConnectorAddress(213)) - HTTP server of HDDSDATANODE is listening at http://0.0.0.0:40759
2019-08-20 10:22:12,245 INFO  ozone.HddsDatanodeService (HddsDatanodeService.java:startPlugins(395)) - Started plug-in org.apache.hadoop.ozone.web.OzoneHddsDatanodeService@5dce3e82
2019-08-20 10:22:12,246 INFO  ozone.MiniOzoneClusterImpl (MiniOzoneClusterImpl.java:lambda$waitForClusterToBeReady$0(142)) - Waiting for cluster to be ready. Got 0 of 7 DN Heartbeats.
2019-08-20 10:22:12,247 INFO  util.JvmPauseMonitor (JvmPauseMonitor.java:run(188)) - Starting JVM pause monitor
2019-08-20 10:22:12,247 INFO  datanode.InitDatanodeState (InitDatanodeState.java:persistContainerDatanodeDetails(140)) - DatanodeDetails is persisted to /workdir/hadoop-ozone/integration-test/target/test-dir/MiniOzoneClusterImpl-bb41d155-d46c-4d70-b443-e80a9547f56a/datanode-6/meta/datanode.id
2019-08-20 10:22:12,878 INFO  ozoneimpl.OzoneContainer (OzoneContainer.java:start(186)) - Attempting to start container services.
2019-08-20 10:22:12,878 INFO  ozoneimpl.OzoneContainer (OzoneContainer.java:startContainerScrub(160)) - Background container scrubber has been disabled by hdds.containerscrub.enabled
2019-08-20 10:22:12,878 INFO  ratis.XceiverServerRatis (XceiverServerRatis.java:start(404)) - Starting XceiverServerRatis b05059df-7997-4957-9fd0-0ea4223a0acd at port 0
2019-08-20 10:22:12,886 INFO  impl.RaftServerProxy (RaftServerProxy.java:lambda$start$3(299)) - b05059df-7997-4957-9fd0-0ea4223a0acd: start RPC server
2019-08-20 10:22:12,887 INFO  server.GrpcService (GrpcService.java:startImpl(149)) - b05059df-7997-4957-9fd0-0ea4223a0acd: GrpcService started, listening on 0.0.0.0/0.0.0.0:33627
2019-08-20 10:22:12,888 INFO  ratis.XceiverServerRatis (XceiverServerRatis.java:start(414)) - XceiverServerRatis b05059df-7997-4957-9fd0-0ea4223a0acd is started using port 33627
2019-08-20 10:22:12,890 INFO  server.XceiverServerGrpc (XceiverServerGrpc.java:start(161)) - XceiverServerGrpc b05059df-7997-4957-9fd0-0ea4223a0acd is started using port 45925
2019-08-20 10:22:13,088 INFO  ozoneimpl.OzoneContainer (OzoneContainer.java:start(186)) - Attempting to start container services.
2019-08-20 10:22:13,088 INFO  ozoneimpl.OzoneContainer (OzoneContainer.java:startContainerScrub(160)) - Background container scrubber has been disabled by hdds.containerscrub.enabled
2019-08-20 10:22:13,088 INFO  ratis.XceiverServerRatis (XceiverServerRatis.java:start(404)) - Starting XceiverServerRatis 3d9010da-9b0a-4e14-9571-cee7193e93f5 at port 0
2019-08-20 10:22:13,097 INFO  impl.RaftServerProxy (RaftServerProxy.java:lambda$start$3(299)) - 3d9010da-9b0a-4e14-9571-cee7193e93f5: start RPC server
2019-08-20 10:22:13,098 INFO  server.GrpcService (GrpcService.java:startImpl(149)) - 3d9010da-9b0a-4e14-9571-cee7193e93f5: GrpcService started, listening on 0.0.0.0/0.0.0.0:43752
2019-08-20 10:22:13,098 INFO  ratis.XceiverServerRatis (XceiverServerRatis.java:start(414)) - XceiverServerRatis 3d9010da-9b0a-4e14-9571-cee7193e93f5 is started using port 43752
2019-08-20 10:22:13,099 INFO  server.XceiverServerGrpc (XceiverServerGrpc.java:start(161)) - XceiverServerGrpc 3d9010da-9b0a-4e14-9571-cee7193e93f5 is started using port 37713
2019-08-20 10:22:13,246 INFO  ozone.MiniOzoneClusterImpl (MiniOzoneClusterImpl.java:lambda$waitForClusterToBeReady$0(142)) - Waiting for cluster to be ready. Got 0 of 7 DN Heartbeats.
2019-08-20 10:22:13,525 INFO  ozoneimpl.OzoneContainer (OzoneContainer.java:start(186)) - Attempting to start container services.
2019-08-20 10:22:13,526 INFO  ozoneimpl.OzoneContainer (OzoneContainer.java:startContainerScrub(160)) - Background container scrubber has been disabled by hdds.containerscrub.enabled
2019-08-20 10:22:13,526 INFO  ratis.XceiverServerRatis (XceiverServerRatis.java:start(404)) - Starting XceiverServerRatis 1d8252e2-7ee6-4584-bcee-e901b160468a at port 0
2019-08-20 10:22:13,533 INFO  impl.RaftServerProxy (RaftServerProxy.java:lambda$start$3(299)) - 1d8252e2-7ee6-4584-bcee-e901b160468a: start RPC server
2019-08-20 10:22:13,536 INFO  server.GrpcService (GrpcService.java:startImpl(149)) - 1d8252e2-7ee6-4584-bcee-e901b160468a: GrpcService started, listening on 0.0.0.0/0.0.0.0:41474
2019-08-20 10:22:13,536 INFO  ratis.XceiverServerRatis (XceiverServerRatis.java:start(414)) - XceiverServerRatis 1d8252e2-7ee6-4584-bcee-e901b160468a is started using port 41474
2019-08-20 10:22:13,538 INFO  server.XceiverServerGrpc (XceiverServerGrpc.java:start(161)) - XceiverServerGrpc 1d8252e2-7ee6-4584-bcee-e901b160468a is started using port 38395
2019-08-20 10:22:13,705 INFO  ozoneimpl.OzoneContainer (OzoneContainer.java:start(186)) - Attempting to start container services.
2019-08-20 10:22:13,705 INFO  ozoneimpl.OzoneContainer (OzoneContainer.java:startContainerScrub(160)) - Background container scrubber has been disabled by hdds.containerscrub.enabled
2019-08-20 10:22:13,705 INFO  ratis.XceiverServerRatis (XceiverServerRatis.java:start(404)) - Starting XceiverServerRatis c82cdedb-f905-4590-81cd-07d79d7d23dd at port 0
2019-08-20 10:22:13,714 INFO  impl.RaftServerProxy (RaftServerProxy.java:lambda$start$3(299)) - c82cdedb-f905-4590-81cd-07d79d7d23dd: start RPC server
2019-08-20 10:22:13,716 INFO  server.GrpcService (GrpcService.java:startImpl(149)) - c82cdedb-f905-4590-81cd-07d79d7d23dd: GrpcService started, listening on 0.0.0.0/0.0.0.0:45135
2019-08-20 10:22:13,716 INFO  ratis.XceiverServerRatis (XceiverServerRatis.java:start(414)) - XceiverServerRatis c82cdedb-f905-4590-81cd-07d79d7d23dd is started using port 45135
2019-08-20 10:22:13,717 INFO  server.XceiverServerGrpc (XceiverServerGrpc.java:start(161)) - XceiverServerGrpc c82cdedb-f905-4590-81cd-07d79d7d23dd is started using port 33871
2019-08-20 10:22:13,899 INFO  ozoneimpl.OzoneContainer (OzoneContainer.java:start(186)) - Attempting to start container services.
2019-08-20 10:22:13,899 INFO  ozoneimpl.OzoneContainer (OzoneContainer.java:startContainerScrub(160)) - Background container scrubber has been disabled by hdds.containerscrub.enabled
2019-08-20 10:22:13,900 INFO  ratis.XceiverServerRatis (XceiverServerRatis.java:start(404)) - Starting XceiverServerRatis eddcc57c-da79-40bf-a8f7-7b350fcd6b06 at port 0
2019-08-20 10:22:13,907 INFO  impl.RaftServerProxy (RaftServerProxy.java:lambda$start$3(299)) - eddcc57c-da79-40bf-a8f7-7b350fcd6b06: start RPC server
2019-08-20 10:22:13,908 INFO  server.GrpcService (GrpcService.java:startImpl(149)) - eddcc57c-da79-40bf-a8f7-7b350fcd6b06: GrpcService started, listening on 0.0.0.0/0.0.0.0:34322
2019-08-20 10:22:13,908 INFO  ratis.XceiverServerRatis (XceiverServerRatis.java:start(414)) - XceiverServerRatis eddcc57c-da79-40bf-a8f7-7b350fcd6b06 is started using port 34322
2019-08-20 10:22:13,909 INFO  server.XceiverServerGrpc (XceiverServerGrpc.java:start(161)) - XceiverServerGrpc eddcc57c-da79-40bf-a8f7-7b350fcd6b06 is started using port 43068
2019-08-20 10:22:14,089 INFO  ozoneimpl.OzoneContainer (OzoneContainer.java:start(186)) - Attempting to start container services.
2019-08-20 10:22:14,090 INFO  ozoneimpl.OzoneContainer (OzoneContainer.java:startContainerScrub(160)) - Background container scrubber has been disabled by hdds.containerscrub.enabled
2019-08-20 10:22:14,090 INFO  ratis.XceiverServerRatis (XceiverServerRatis.java:start(404)) - Starting XceiverServerRatis a2f98dcb-8e27-4a64-b63e-4873f01bbb94 at port 0
2019-08-20 10:22:14,097 INFO  impl.RaftServerProxy (RaftServerProxy.java:lambda$start$3(299)) - a2f98dcb-8e27-4a64-b63e-4873f01bbb94: start RPC server
2019-08-20 10:22:14,098 INFO  server.GrpcService (GrpcService.java:startImpl(149)) - a2f98dcb-8e27-4a64-b63e-4873f01bbb94: GrpcService started, listening on 0.0.0.0/0.0.0.0:45560
2019-08-20 10:22:14,098 INFO  ratis.XceiverServerRatis (XceiverServerRatis.java:start(414)) - XceiverServerRatis a2f98dcb-8e27-4a64-b63e-4873f01bbb94 is started using port 45560
2019-08-20 10:22:14,099 INFO  server.XceiverServerGrpc (XceiverServerGrpc.java:start(161)) - XceiverServerGrpc a2f98dcb-8e27-4a64-b63e-4873f01bbb94 is started using port 44120
2019-08-20 10:22:14,246 INFO  ozone.MiniOzoneClusterImpl (MiniOzoneClusterImpl.java:lambda$waitForClusterToBeReady$0(142)) - Waiting for cluster to be ready. Got 0 of 7 DN Heartbeats.
2019-08-20 10:22:14,271 INFO  ozoneimpl.OzoneContainer (OzoneContainer.java:start(186)) - Attempting to start container services.
2019-08-20 10:22:14,271 INFO  ozoneimpl.OzoneContainer (OzoneContainer.java:startContainerScrub(160)) - Background container scrubber has been disabled by hdds.containerscrub.enabled
2019-08-20 10:22:14,271 INFO  ratis.XceiverServerRatis (XceiverServerRatis.java:start(404)) - Starting XceiverServerRatis b2ac5990-f7ad-4521-bd7b-8d54ab25a987 at port 0
2019-08-20 10:22:14,279 INFO  impl.RaftServerProxy (RaftServerProxy.java:lambda$start$3(299)) - b2ac5990-f7ad-4521-bd7b-8d54ab25a987: start RPC server
2019-08-20 10:22:14,280 INFO  server.GrpcService (GrpcService.java:startImpl(149)) - b2ac5990-f7ad-4521-bd7b-8d54ab25a987: GrpcService started, listening on 0.0.0.0/0.0.0.0:40626
2019-08-20 10:22:14,280 INFO  ratis.XceiverServerRatis (XceiverServerRatis.java:start(414)) - XceiverServerRatis b2ac5990-f7ad-4521-bd7b-8d54ab25a987 is started using port 40626
2019-08-20 10:22:14,280 INFO  server.XceiverServerGrpc (XceiverServerGrpc.java:start(161)) - XceiverServerGrpc b2ac5990-f7ad-4521-bd7b-8d54ab25a987 is started using port 34311
2019-08-20 10:22:14,863 INFO  net.NetworkTopology (NetworkTopologyImpl.java:add(110)) - Added a new node: /default-rack/b05059df-7997-4957-9fd0-0ea4223a0acd
2019-08-20 10:22:14,866 INFO  node.SCMNodeManager (SCMNodeManager.java:register(273)) - Registered Data node : b05059df-7997-4957-9fd0-0ea4223a0acd{ip: 192.168.5.133, host: pr-hdds-1054s69ht-3886455778, networkLocation: /default-rack, certSerialId: null}
2019-08-20 10:22:14,867 INFO  safemode.SCMSafeModeManager (DataNodeSafeModeRule.java:process(71)) - SCM in safe mode. 1 DataNodes registered, 1 required.
2019-08-20 10:22:14,869 INFO  safemode.SCMSafeModeManager (SCMSafeModeManager.java:validateSafeModeExitRules(177)) - ScmSafeModeManager, all rules are successfully validated
2019-08-20 10:22:14,869 INFO  safemode.SCMSafeModeManager (SCMSafeModeManager.java:exitSafeMode(193)) - SCM exiting safe mode.
2019-08-20 10:22:14,890 INFO  impl.RaftServerProxy (RaftServerProxy.java:addNew(89)) - b05059df-7997-4957-9fd0-0ea4223a0acd: addNew group-A8F6048FEB3D:[b05059df-7997-4957-9fd0-0ea4223a0acd:192.168.5.133:33627] returns group-A8F6048FEB3D:java.util.concurrent.CompletableFuture@293e5d4a[Not completed]
2019-08-20 10:22:14,891 INFO  impl.RaftServerImpl (RaftServerImpl.java:<init>(93)) - b05059df-7997-4957-9fd0-0ea4223a0acd: new RaftServerImpl for group-A8F6048FEB3D:[b05059df-7997-4957-9fd0-0ea4223a0acd:192.168.5.133:33627] with ContainerStateMachine:uninitialized
2019-08-20 10:22:14,891 INFO  server.RaftServerConfigKeys (ConfUtils.java:logGet(43)) - raft.server.rpc.timeout.min = 5s (custom)
2019-08-20 10:22:14,892 INFO  server.RaftServerConfigKeys (ConfUtils.java:logGet(43)) - raft.server.rpc.timeout.max = 5200ms (custom)
2019-08-20 10:22:14,892 INFO  server.RaftServerConfigKeys (ConfUtils.java:logGet(43)) - raft.server.rpcslowness.timeout = 120s (custom)
2019-08-20 10:22:14,892 INFO  server.RaftServerConfigKeys (ConfUtils.java:logGet(43)) - raft.server.sleep.deviation.threshold = 300 (default)
2019-08-20 10:22:14,892 INFO  server.RaftServerConfigKeys (ConfUtils.java:logGet(43)) - raft.server.log.appender.install.snapshot.enabled = false (custom)
2019-08-20 10:22:14,892 INFO  impl.RaftServerImpl (ServerState.java:<init>(105)) - b05059df-7997-4957-9fd0-0ea4223a0acd:group-A8F6048FEB3D ConfigurationManager, init=-1: [b05059df-7997-4957-9fd0-0ea4223a0acd:192.168.5.133:33627], old=null, confs=<EMPTY_MAP>
2019-08-20 10:22:14,892 INFO  server.RaftServerConfigKeys (ConfUtils.java:logGet(43)) - raft.server.storage.dir = [/workdir/hadoop-ozone/integration-test/target/test-dir/MiniOzoneClusterImpl-bb41d155-d46c-4d70-b443-e80a9547f56a/datanode-0/data/ratis] (custom)
2019-08-20 10:22:14,893 INFO  storage.RaftStorageDirectory (RaftStorageDirectory.java:analyzeStorage(246)) - The storage directory /workdir/hadoop-ozone/integration-test/target/test-dir/MiniOzoneClusterImpl-bb41d155-d46c-4d70-b443-e80a9547f56a/datanode-0/data/ratis/4a2c8311-6016-4e11-9f48-a8f6048feb3d does not exist. Creating ...
2019-08-20 10:22:14,905 INFO  storage.RaftStorageDirectory (RaftStorageDirectory.java:tryLock(328)) - Lock on /workdir/hadoop-ozone/integration-test/target/test-dir/MiniOzoneClusterImpl-bb41d155-d46c-4d70-b443-e80a9547f56a/datanode-0/data/ratis/4a2c8311-6016-4e11-9f48-a8f6048feb3d/in_use.lock acquired by nodename 29280@pr-hdds-1054s69ht-3886455778
2019-08-20 10:22:14,932 INFO  storage.RaftStorage (RaftStorage.java:format(72)) - Storage directory /workdir/hadoop-ozone/integration-test/target/test-dir/MiniOzoneClusterImpl-bb41d155-d46c-4d70-b443-e80a9547f56a/datanode-0/data/ratis/4a2c8311-6016-4e11-9f48-a8f6048feb3d has been successfully formatted.
2019-08-20 10:22:14,932 INFO  ratis.ContainerStateMachine (ContainerStateMachine.java:loadSnapshot(222)) - group-A8F6048FEB3D: The snapshot info is null. Setting the last applied indexto:(t:0, i:~)
2019-08-20 10:22:14,932 INFO  server.RaftServerConfigKeys (ConfUtils.java:logGet(43)) - raft.server.leader.election.timeout = 120s (custom)
2019-08-20 10:22:14,932 INFO  server.RaftServerConfigKeys (ConfUtils.java:logGet(43)) - raft.server.log.use.memory = false (default)
2019-08-20 10:22:14,933 INFO  server.RaftServerConfigKeys (ConfUtils.java:logGet(43)) - raft.server.log.purge.gap = 1000000000 (custom)
2019-08-20 10:22:14,933 INFO  server.RaftServerConfigKeys (ConfUtils.java:logGet(43)) - raft.server.log.appender.buffer.byte-limit = 33554432 (custom)
2019-08-20 10:22:14,933 INFO  server.RaftServerConfigKeys (ConfUtils.java:logGet(43)) - raft.server.log.segment.size.max = 1048576 (custom)
2019-08-20 10:22:14,933 INFO  server.RaftServerConfigKeys (ConfUtils.java:logGet(43)) - raft.server.log.segment.cache.num.max = 2 (custom)
2019-08-20 10:22:14,933 INFO  segmented.SegmentedRaftLogWorker (SegmentedRaftLogWorker.java:<init>(172)) - new b05059df-7997-4957-9fd0-0ea4223a0acd-SegmentedRaftLogWorker:Storage Directory /workdir/hadoop-ozone/integration-test/target/test-dir/MiniOzoneClusterImpl-bb41d155-d46c-4d70-b443-e80a9547f56a/datanode-0/data/ratis/4a2c8311-6016-4e11-9f48-a8f6048feb3d for RaftStorage:Storage Directory /workdir/hadoop-ozone/integration-test/target/test-dir/MiniOzoneClusterImpl-bb41d155-d46c-4d70-b443-e80a9547f56a/datanode-0/data/ratis/4a2c8311-6016-4e11-9f48-a8f6048feb3d
2019-08-20 10:22:14,933 INFO  server.RaftServerConfigKeys (ConfUtils.java:logGet(43)) - raft.server.log.queue.byte-limit = 2147483647 (custom)
2019-08-20 10:22:14,934 INFO  server.RaftServerConfigKeys (ConfUtils.java:logGet(43)) - raft.server.log.queue.element-limit = 1024 (custom)
2019-08-20 10:22:14,934 INFO  server.RaftServerConfigKeys (ConfUtils.java:logGet(43)) - raft.server.log.segment.size.max = 1048576 (custom)
2019-08-20 10:22:14,934 INFO  server.RaftServerConfigKeys (ConfUtils.java:logGet(43)) - raft.server.log.preallocated.size = 16384 (custom)
2019-08-20 10:22:14,934 INFO  server.RaftServerConfigKeys (ConfUtils.java:logGet(43)) - raft.server.log.write.buffer.size = 33554432 (custom)
2019-08-20 10:22:14,934 INFO  server.RaftServerConfigKeys (ConfUtils.java:logGet(43)) - raft.server.log.force.sync.num = 128 (default)
2019-08-20 10:22:14,935 INFO  server.RaftServerConfigKeys (ConfUtils.java:logGet(43)) - raft.server.log.statemachine.data.sync = true (default)
2019-08-20 10:22:14,935 INFO  server.RaftServerConfigKeys (ConfUtils.java:logGet(43)) - raft.server.log.statemachine.data.sync.timeout = 10s (default)
2019-08-20 10:22:14,935 INFO  server.RaftServerConfigKeys (ConfUtils.java:logGet(43)) - raft.server.log.statemachine.data.sync.timeout.retry = -1 (default)
2019-08-20 10:22:14,935 INFO  server.RaftServerConfigKeys (ConfUtils.java:logGet(43)) - raft.server.log.statemachine.data.caching.enabled = true (custom)
2019-08-20 10:22:14,936 INFO  segmented.SegmentedRaftLogWorker (SegmentedRaftLogWorker.java:lambda$new$0(132)) - b05059df-7997-4957-9fd0-0ea4223a0acd-SegmentedRaftLogWorker:Storage Directory /workdir/hadoop-ozone/integration-test/target/test-dir/MiniOzoneClusterImpl-bb41d155-d46c-4d70-b443-e80a9547f56a/datanode-0/data/ratis/4a2c8311-6016-4e11-9f48-a8f6048feb3d: flushIndex: setUnconditionally 0 -> -1
2019-08-20 10:22:14,936 INFO  server.RaftServerConfigKeys (ConfUtils.java:logGet(43)) - raft.server.snapshot.auto.trigger.enabled = true (custom)
2019-08-20 10:22:14,936 INFO  server.RaftServerConfigKeys (ConfUtils.java:logGet(43)) - raft.server.snapshot.auto.trigger.threshold = 10000 (custom)
2019-08-20 10:22:14,936 INFO  server.RaftServerConfigKeys (ConfUtils.java:logGet(43)) - raft.server.retrycache.expirytime = 600000ms (custom)
2019-08-20 10:22:14,937 INFO  impl.RaftServerImpl (RaftServerImpl.java:start(180)) - b05059df-7997-4957-9fd0-0ea4223a0acd: start group-A8F6048FEB3D
2019-08-20 10:22:14,937 INFO  impl.RaftServerImpl (RaftServerImpl.java:setRole(171)) - b05059df-7997-4957-9fd0-0ea4223a0acd:group-A8F6048FEB3D changes role from null to FOLLOWER at term 0 for startAsFollower
2019-08-20 10:22:14,937 INFO  impl.RoleInfo (RoleInfo.java:updateAndGet(143)) - b05059df-7997-4957-9fd0-0ea4223a0acd: start FollowerState
2019-08-20 10:22:14,938 INFO  util.JmxRegister (JmxRegister.java:tryRegister(44)) - Successfully registered JMX Bean with object name Ratis:service=RaftServer,group=group-A8F6048FEB3D,id=b05059df-7997-4957-9fd0-0ea4223a0acd
2019-08-20 10:22:14,943 INFO  pipeline.PipelineStateManager (PipelineStateManager.java:addPipeline(56)) - Created pipeline Pipeline[ Id: 4a2c8311-6016-4e11-9f48-a8f6048feb3d, Nodes: b05059df-7997-4957-9fd0-0ea4223a0acd{ip: 192.168.5.133, host: pr-hdds-1054s69ht-3886455778, networkLocation: /default-rack, certSerialId: null}, Type:RATIS, Factor:ONE, State:OPEN]
2019-08-20 10:22:15,074 INFO  net.NetworkTopology (NetworkTopologyImpl.java:add(110)) - Added a new node: /default-rack/3d9010da-9b0a-4e14-9571-cee7193e93f5
2019-08-20 10:22:15,075 INFO  node.SCMNodeManager (SCMNodeManager.java:register(273)) - Registered Data node : 3d9010da-9b0a-4e14-9571-cee7193e93f5{ip: 192.168.5.133, host: pr-hdds-1054s69ht-3886455778, networkLocation: /default-rack, certSerialId: null}
2019-08-20 10:22:15,084 INFO  impl.RaftServerProxy (RaftServerProxy.java:addNew(89)) - 3d9010da-9b0a-4e14-9571-cee7193e93f5: addNew group-C805B0BAEE89:[3d9010da-9b0a-4e14-9571-cee7193e93f5:192.168.5.133:43752] returns group-C805B0BAEE89:java.util.concurrent.CompletableFuture@3d5548ba[Not completed]
2019-08-20 10:22:15,085 INFO  impl.RaftServerImpl (RaftServerImpl.java:<init>(93)) - 3d9010da-9b0a-4e14-9571-cee7193e93f5: new RaftServerImpl for group-C805B0BAEE89:[3d9010da-9b0a-4e14-9571-cee7193e93f5:192.168.5.133:43752] with ContainerStateMachine:uninitialized
2019-08-20 10:22:15,085 INFO  server.RaftServerConfigKeys (ConfUtils.java:logGet(43)) - raft.server.rpc.timeout.min = 5s (custom)
2019-08-20 10:22:15,085 INFO  server.RaftServerConfigKeys (ConfUtils.java:logGet(43)) - raft.server.rpc.timeout.max = 5200ms (custom)
2019-08-20 10:22:15,085 INFO  server.RaftServerConfigKeys (ConfUtils.java:logGet(43)) - raft.server.rpcslowness.timeout = 120s (custom)
2019-08-20 10:22:15,085 INFO  server.RaftServerConfigKeys (ConfUtils.java:logGet(43)) - raft.server.sleep.deviation.threshold = 300 (default)
2019-08-20 10:22:15,086 INFO  server.RaftServerConfigKeys (ConfUtils.java:logGet(43)) - raft.server.log.appender.install.snapshot.enabled = false (custom)
2019-08-20 10:22:15,086 INFO  impl.RaftServerImpl (ServerState.java:<init>(105)) - 3d9010da-9b0a-4e14-9571-cee7193e93f5:group-C805B0BAEE89 ConfigurationManager, init=-1: [3d9010da-9b0a-4e14-9571-cee7193e93f5:192.168.5.133:43752], old=null, confs=<EMPTY_MAP>
2019-08-20 10:22:15,086 INFO  server.RaftServerConfigKeys (ConfUtils.java:logGet(43)) - raft.server.storage.dir = [/workdir/hadoop-ozone/integration-test/target/test-dir/MiniOzoneClusterImpl-bb41d155-d46c-4d70-b443-e80a9547f56a/datanode-1/data/ratis] (custom)
2019-08-20 10:22:15,086 INFO  storage.RaftStorageDirectory (RaftStorageDirectory.java:analyzeStorage(246)) - The storage directory /workdir/hadoop-ozone/integration-test/target/test-dir/MiniOzoneClusterImpl-bb41d155-d46c-4d70-b443-e80a9547f56a/datanode-1/data/ratis/163eeb4c-c33a-44cf-bf2d-c805b0baee89 does not exist. Creating ...
2019-08-20 10:22:15,099 INFO  storage.RaftStorageDirectory (RaftStorageDirectory.java:tryLock(328)) - Lock on /workdir/hadoop-ozone/integration-test/target/test-dir/MiniOzoneClusterImpl-bb41d155-d46c-4d70-b443-e80a9547f56a/datanode-1/data/ratis/163eeb4c-c33a-44cf-bf2d-c805b0baee89/in_use.lock acquired by nodename 29280@pr-hdds-1054s69ht-3886455778
2019-08-20 10:22:15,112 INFO  storage.RaftStorage (RaftStorage.java:format(72)) - Storage directory /workdir/hadoop-ozone/integration-test/target/test-dir/MiniOzoneClusterImpl-bb41d155-d46c-4d70-b443-e80a9547f56a/datanode-1/data/ratis/163eeb4c-c33a-44cf-bf2d-c805b0baee89 has been successfully formatted.
2019-08-20 10:22:15,112 INFO  ratis.ContainerStateMachine (ContainerStateMachine.java:loadSnapshot(222)) - group-C805B0BAEE89: The snapshot info is null. Setting the last applied indexto:(t:0, i:~)
2019-08-20 10:22:15,112 INFO  server.RaftServerConfigKeys (ConfUtils.java:logGet(43)) - raft.server.leader.election.timeout = 120s (custom)
2019-08-20 10:22:15,112 INFO  server.RaftServerConfigKeys (ConfUtils.java:logGet(43)) - raft.server.log.use.memory = false (default)
2019-08-20 10:22:15,113 INFO  server.RaftServerConfigKeys (ConfUtils.java:logGet(43)) - raft.server.log.purge.gap = 1000000000 (custom)
2019-08-20 10:22:15,113 INFO  server.RaftServerConfigKeys (ConfUtils.java:logGet(43)) - raft.server.log.appender.buffer.byte-limit = 33554432 (custom)
2019-08-20 10:22:15,113 INFO  server.RaftServerConfigKeys (ConfUtils.java:logGet(43)) - raft.server.log.segment.size.max = 1048576 (custom)
2019-08-20 10:22:15,113 INFO  server.RaftServerConfigKeys (ConfUtils.java:logGet(43)) - raft.server.log.segment.cache.num.max = 2 (custom)
2019-08-20 10:22:15,113 INFO  segmented.SegmentedRaftLogWorker (SegmentedRaftLogWorker.java:<init>(172)) - new 3d9010da-9b0a-4e14-9571-cee7193e93f5-SegmentedRaftLogWorker:Storage Directory /workdir/hadoop-ozone/integration-test/target/test-dir/MiniOzoneClusterImpl-bb41d155-d46c-4d70-b443-e80a9547f56a/datanode-1/data/ratis/163eeb4c-c33a-44cf-bf2d-c805b0baee89 for RaftStorage:Storage Directory /workdir/hadoop-ozone/integration-test/target/test-dir/MiniOzoneClusterImpl-bb41d155-d46c-4d70-b443-e80a9547f56a/datanode-1/data/ratis/163eeb4c-c33a-44cf-bf2d-c805b0baee89
2019-08-20 10:22:15,113 INFO  server.RaftServerConfigKeys (ConfUtils.java:logGet(43)) - raft.server.log.queue.byte-limit = 2147483647 (custom)
2019-08-20 10:22:15,114 INFO  server.RaftServerConfigKeys (ConfUtils.java:logGet(43)) - raft.server.log.queue.element-limit = 1024 (custom)
2019-08-20 10:22:15,114 INFO  server.RaftServerConfigKeys (ConfUtils.java:logGet(43)) - raft.server.log.segment.size.max = 1048576 (custom)
2019-08-20 10:22:15,114 INFO  server.RaftServerConfigKeys (ConfUtils.java:logGet(43)) - raft.server.log.preallocated.size = 16384 (custom)
2019-08-20 10:22:15,114 INFO  server.RaftServerConfigKeys (ConfUtils.java:logGet(43)) - raft.server.log.write.buffer.size = 33554432 (custom)
2019-08-20 10:22:15,114 INFO  server.RaftServerConfigKeys (ConfUtils.java:logGet(43)) - raft.server.log.force.sync.num = 128 (default)
2019-08-20 10:22:15,114 INFO  server.RaftServerConfigKeys (ConfUtils.java:logGet(43)) - raft.server.log.statemachine.data.sync = true (default)
2019-08-20 10:22:15,115 INFO  server.RaftServerConfigKeys (ConfUtils.java:logGet(43)) - raft.server.log.statemachine.data.sync.timeout = 10s (default)
2019-08-20 10:22:15,115 INFO  server.RaftServerConfigKeys (ConfUtils.java:logGet(43)) - raft.server.log.statemachine.data.sync.timeout.retry = -1 (default)
2019-08-20 10:22:15,115 INFO  server.RaftServerConfigKeys (ConfUtils.java:logGet(43)) - raft.server.log.statemachine.data.caching.enabled = true (custom)
2019-08-20 10:22:15,115 INFO  segmented.SegmentedRaftLogWorker (SegmentedRaftLogWorker.java:lambda$new$0(132)) - 3d9010da-9b0a-4e14-9571-cee7193e93f5-SegmentedRaftLogWorker:Storage Directory /workdir/hadoop-ozone/integration-test/target/test-dir/MiniOzoneClusterImpl-bb41d155-d46c-4d70-b443-e80a9547f56a/datanode-1/data/ratis/163eeb4c-c33a-44cf-bf2d-c805b0baee89: flushIndex: setUnconditionally 0 -> -1
2019-08-20 10:22:15,116 INFO  server.RaftServerConfigKeys (ConfUtils.java:logGet(43)) - raft.server.snapshot.auto.trigger.enabled = true (custom)
2019-08-20 10:22:15,116 INFO  server.RaftServerConfigKeys (ConfUtils.java:logGet(43)) - raft.server.snapshot.auto.trigger.threshold = 10000 (custom)
2019-08-20 10:22:15,116 INFO  server.RaftServerConfigKeys (ConfUtils.java:logGet(43)) - raft.server.retrycache.expirytime = 600000ms (custom)
2019-08-20 10:22:15,116 INFO  impl.RaftServerImpl (RaftServerImpl.java:start(180)) - 3d9010da-9b0a-4e14-9571-cee7193e93f5: start group-C805B0BAEE89
2019-08-20 10:22:15,116 INFO  impl.RaftServerImpl (RaftServerImpl.java:setRole(171)) - 3d9010da-9b0a-4e14-9571-cee7193e93f5:group-C805B0BAEE89 changes role from null to FOLLOWER at term 0 for startAsFollower
2019-08-20 10:22:15,116 INFO  impl.RoleInfo (RoleInfo.java:updateAndGet(143)) - 3d9010da-9b0a-4e14-9571-cee7193e93f5: start FollowerState
2019-08-20 10:22:15,117 INFO  util.JmxRegister (JmxRegister.java:tryRegister(44)) - Successfully registered JMX Bean with object name Ratis:service=RaftServer,group=group-C805B0BAEE89,id=3d9010da-9b0a-4e14-9571-cee7193e93f5
2019-08-20 10:22:15,121 INFO  pipeline.PipelineStateManager (PipelineStateManager.java:addPipeline(56)) - Created pipeline Pipeline[ Id: 163eeb4c-c33a-44cf-bf2d-c805b0baee89, Nodes: 3d9010da-9b0a-4e14-9571-cee7193e93f5{ip: 192.168.5.133, host: pr-hdds-1054s69ht-3886455778, networkLocation: /default-rack, certSerialId: null}, Type:RATIS, Factor:ONE, State:OPEN]
2019-08-20 10:22:15,247 INFO  ozone.MiniOzoneClusterImpl (MiniOzoneClusterImpl.java:lambda$waitForClusterToBeReady$0(142)) - Waiting for cluster to be ready. Got 2 of 7 DN Heartbeats.
2019-08-20 10:22:15,509 INFO  net.NetworkTopology (NetworkTopologyImpl.java:add(110)) - Added a new node: /default-rack/1d8252e2-7ee6-4584-bcee-e901b160468a
2019-08-20 10:22:15,509 INFO  node.SCMNodeManager (SCMNodeManager.java:register(273)) - Registered Data node : 1d8252e2-7ee6-4584-bcee-e901b160468a{ip: 192.168.5.133, host: pr-hdds-1054s69ht-3886455778, networkLocation: /default-rack, certSerialId: null}
2019-08-20 10:22:15,523 INFO  impl.RaftServerProxy (RaftServerProxy.java:addNew(89)) - 1d8252e2-7ee6-4584-bcee-e901b160468a: addNew group-72DAC9C18C87:[1d8252e2-7ee6-4584-bcee-e901b160468a:192.168.5.133:41474] returns group-72DAC9C18C87:java.util.concurrent.CompletableFuture@635d64c5[Not completed]
2019-08-20 10:22:15,524 INFO  impl.RaftServerImpl (RaftServerImpl.java:<init>(93)) - 1d8252e2-7ee6-4584-bcee-e901b160468a: new RaftServerImpl for group-72DAC9C18C87:[1d8252e2-7ee6-4584-bcee-e901b160468a:192.168.5.133:41474] with ContainerStateMachine:uninitialized
2019-08-20 10:22:15,524 INFO  server.RaftServerConfigKeys (ConfUtils.java:logGet(43)) - raft.server.rpc.timeout.min = 5s (custom)
2019-08-20 10:22:15,524 INFO  server.RaftServerConfigKeys (ConfUtils.java:logGet(43)) - raft.server.rpc.timeout.max = 5200ms (custom)
2019-08-20 10:22:15,524 INFO  server.RaftServerConfigKeys (ConfUtils.java:logGet(43)) - raft.server.rpcslowness.timeout = 120s (custom)
2019-08-20 10:22:15,524 INFO  server.RaftServerConfigKeys (ConfUtils.java:logGet(43)) - raft.server.sleep.deviation.threshold = 300 (default)
2019-08-20 10:22:15,525 INFO  server.RaftServerConfigKeys (ConfUtils.java:logGet(43)) - raft.server.log.appender.install.snapshot.enabled = false (custom)
2019-08-20 10:22:15,525 INFO  impl.RaftServerImpl (ServerState.java:<init>(105)) - 1d8252e2-7ee6-4584-bcee-e901b160468a:group-72DAC9C18C87 ConfigurationManager, init=-1: [1d8252e2-7ee6-4584-bcee-e901b160468a:192.168.5.133:41474], old=null, confs=<EMPTY_MAP>
2019-08-20 10:22:15,525 INFO  server.RaftServerConfigKeys (ConfUtils.java:logGet(43)) - raft.server.storage.dir = [/workdir/hadoop-ozone/integration-test/target/test-dir/MiniOzoneClusterImpl-bb41d155-d46c-4d70-b443-e80a9547f56a/datanode-2/data/ratis] (custom)
2019-08-20 10:22:15,525 INFO  storage.RaftStorageDirectory (RaftStorageDirectory.java:analyzeStorage(246)) - The storage directory /workdir/hadoop-ozone/integration-test/target/test-dir/MiniOzoneClusterImpl-bb41d155-d46c-4d70-b443-e80a9547f56a/datanode-2/data/ratis/2e4e7f4a-76d2-48ef-ae71-72dac9c18c87 does not exist. Creating ...
2019-08-20 10:22:15,565 INFO  storage.RaftStorageDirectory (RaftStorageDirectory.java:tryLock(328)) - Lock on /workdir/hadoop-ozone/integration-test/target/test-dir/MiniOzoneClusterImpl-bb41d155-d46c-4d70-b443-e80a9547f56a/datanode-2/data/ratis/2e4e7f4a-76d2-48ef-ae71-72dac9c18c87/in_use.lock acquired by nodename 29280@pr-hdds-1054s69ht-3886455778
2019-08-20 10:22:15,578 INFO  storage.RaftStorage (RaftStorage.java:format(72)) - Storage directory /workdir/hadoop-ozone/integration-test/target/test-dir/MiniOzoneClusterImpl-bb41d155-d46c-4d70-b443-e80a9547f56a/datanode-2/data/ratis/2e4e7f4a-76d2-48ef-ae71-72dac9c18c87 has been successfully formatted.
2019-08-20 10:22:15,579 INFO  ratis.ContainerStateMachine (ContainerStateMachine.java:loadSnapshot(222)) - group-72DAC9C18C87: The snapshot info is null. Setting the last applied indexto:(t:0, i:~)
2019-08-20 10:22:15,579 INFO  server.RaftServerConfigKeys (ConfUtils.java:logGet(43)) - raft.server.leader.election.timeout = 120s (custom)
2019-08-20 10:22:15,579 INFO  server.RaftServerConfigKeys (ConfUtils.java:logGet(43)) - raft.server.log.use.memory = false (default)
2019-08-20 10:22:15,579 INFO  server.RaftServerConfigKeys (ConfUtils.java:logGet(43)) - raft.server.log.purge.gap = 1000000000 (custom)
2019-08-20 10:22:15,579 INFO  server.RaftServerConfigKeys (ConfUtils.java:logGet(43)) - raft.server.log.appender.buffer.byte-limit = 33554432 (custom)
2019-08-20 10:22:15,579 INFO  server.RaftServerConfigKeys (ConfUtils.java:logGet(43)) - raft.server.log.segment.size.max = 1048576 (custom)
2019-08-20 10:22:15,580 INFO  server.RaftServerConfigKeys (ConfUtils.java:logGet(43)) - raft.server.log.segment.cache.num.max = 2 (custom)
2019-08-20 10:22:15,580 INFO  segmented.SegmentedRaftLogWorker (SegmentedRaftLogWorker.java:<init>(172)) - new 1d8252e2-7ee6-4584-bcee-e901b160468a-SegmentedRaftLogWorker:Storage Directory /workdir/hadoop-ozone/integration-test/target/test-dir/MiniOzoneClusterImpl-bb41d155-d46c-4d70-b443-e80a9547f56a/datanode-2/data/ratis/2e4e7f4a-76d2-48ef-ae71-72dac9c18c87 for RaftStorage:Storage Directory /workdir/hadoop-ozone/integration-test/target/test-dir/MiniOzoneClusterImpl-bb41d155-d46c-4d70-b443-e80a9547f56a/datanode-2/data/ratis/2e4e7f4a-76d2-48ef-ae71-72dac9c18c87
2019-08-20 10:22:15,580 INFO  server.RaftServerConfigKeys (ConfUtils.java:logGet(43)) - raft.server.log.queue.byte-limit = 2147483647 (custom)
2019-08-20 10:22:15,580 INFO  server.RaftServerConfigKeys (ConfUtils.java:logGet(43)) - raft.server.log.queue.element-limit = 1024 (custom)
2019-08-20 10:22:15,580 INFO  server.RaftServerConfigKeys (ConfUtils.java:logGet(43)) - raft.server.log.segment.size.max = 1048576 (custom)
2019-08-20 10:22:15,581 INFO  server.RaftServerConfigKeys (ConfUtils.java:logGet(43)) - raft.server.log.preallocated.size = 16384 (custom)
2019-08-20 10:22:15,581 INFO  server.RaftServerConfigKeys (ConfUtils.java:logGet(43)) - raft.server.log.write.buffer.size = 33554432 (custom)
2019-08-20 10:22:15,581 INFO  server.RaftServerConfigKeys (ConfUtils.java:logGet(43)) - raft.server.log.force.sync.num = 128 (default)
2019-08-20 10:22:15,581 INFO  server.RaftServerConfigKeys (ConfUtils.java:logGet(43)) - raft.server.log.statemachine.data.sync = true (default)
2019-08-20 10:22:15,581 INFO  server.RaftServerConfigKeys (ConfUtils.java:logGet(43)) - raft.server.log.statemachine.data.sync.timeout = 10s (default)
2019-08-20 10:22:15,581 INFO  server.RaftServerConfigKeys (ConfUtils.java:logGet(43)) - raft.server.log.statemachine.data.sync.timeout.retry = -1 (default)
2019-08-20 10:22:15,582 INFO  server.RaftServerConfigKeys (ConfUtils.java:logGet(43)) - raft.server.log.statemachine.data.caching.enabled = true (custom)
2019-08-20 10:22:15,582 INFO  segmented.SegmentedRaftLogWorker (SegmentedRaftLogWorker.java:lambda$new$0(132)) - 1d8252e2-7ee6-4584-bcee-e901b160468a-SegmentedRaftLogWorker:Storage Directory /workdir/hadoop-ozone/integration-test/target/test-dir/MiniOzoneClusterImpl-bb41d155-d46c-4d70-b443-e80a9547f56a/datanode-2/data/ratis/2e4e7f4a-76d2-48ef-ae71-72dac9c18c87: flushIndex: setUnconditionally 0 -> -1
2019-08-20 10:22:15,583 INFO  server.RaftServerConfigKeys (ConfUtils.java:logGet(43)) - raft.server.snapshot.auto.trigger.enabled = true (custom)
2019-08-20 10:22:15,583 INFO  server.RaftServerConfigKeys (ConfUtils.java:logGet(43)) - raft.server.snapshot.auto.trigger.threshold = 10000 (custom)
2019-08-20 10:22:15,583 INFO  server.RaftServerConfigKeys (ConfUtils.java:logGet(43)) - raft.server.retrycache.expirytime = 600000ms (custom)
2019-08-20 10:22:15,583 INFO  impl.RaftServerImpl (RaftServerImpl.java:start(180)) - 1d8252e2-7ee6-4584-bcee-e901b160468a: start group-72DAC9C18C87
2019-08-20 10:22:15,583 INFO  impl.RaftServerImpl (RaftServerImpl.java:setRole(171)) - 1d8252e2-7ee6-4584-bcee-e901b160468a:group-72DAC9C18C87 changes role from null to FOLLOWER at term 0 for startAsFollower
2019-08-20 10:22:15,583 INFO  impl.RoleInfo (RoleInfo.java:updateAndGet(143)) - 1d8252e2-7ee6-4584-bcee-e901b160468a: start FollowerState
2019-08-20 10:22:15,584 INFO  util.JmxRegister (JmxRegister.java:tryRegister(44)) - Successfully registered JMX Bean with object name Ratis:service=RaftServer,group=group-72DAC9C18C87,id=1d8252e2-7ee6-4584-bcee-e901b160468a
2019-08-20 10:22:15,589 INFO  pipeline.PipelineStateManager (PipelineStateManager.java:addPipeline(56)) - Created pipeline Pipeline[ Id: 2e4e7f4a-76d2-48ef-ae71-72dac9c18c87, Nodes: 1d8252e2-7ee6-4584-bcee-e901b160468a{ip: 192.168.5.133, host: pr-hdds-1054s69ht-3886455778, networkLocation: /default-rack, certSerialId: null}, Type:RATIS, Factor:ONE, State:OPEN]
2019-08-20 10:22:15,605 INFO  impl.RaftServerProxy (RaftServerProxy.java:addNew(89)) - 1d8252e2-7ee6-4584-bcee-e901b160468a: addNew group-37608DAA6D43:[3d9010da-9b0a-4e14-9571-cee7193e93f5:192.168.5.133:43752, b05059df-7997-4957-9fd0-0ea4223a0acd:192.168.5.133:33627, 1d8252e2-7ee6-4584-bcee-e901b160468a:192.168.5.133:41474] returns group-37608DAA6D43:java.util.concurrent.CompletableFuture@4600386e[Not completed]
2019-08-20 10:22:15,608 INFO  impl.RaftServerProxy (RaftServerProxy.java:addNew(89)) - 3d9010da-9b0a-4e14-9571-cee7193e93f5: addNew group-37608DAA6D43:[3d9010da-9b0a-4e14-9571-cee7193e93f5:192.168.5.133:43752, b05059df-7997-4957-9fd0-0ea4223a0acd:192.168.5.133:33627, 1d8252e2-7ee6-4584-bcee-e901b160468a:192.168.5.133:41474] returns group-37608DAA6D43:java.util.concurrent.CompletableFuture@5910713a[Not completed]
2019-08-20 10:22:15,608 INFO  impl.RaftServerProxy (RaftServerProxy.java:addNew(89)) - b05059df-7997-4957-9fd0-0ea4223a0acd: addNew group-37608DAA6D43:[3d9010da-9b0a-4e14-9571-cee7193e93f5:192.168.5.133:43752, b05059df-7997-4957-9fd0-0ea4223a0acd:192.168.5.133:33627, 1d8252e2-7ee6-4584-bcee-e901b160468a:192.168.5.133:41474] returns group-37608DAA6D43:java.util.concurrent.CompletableFuture@4262645e[Not completed]
2019-08-20 10:22:15,608 INFO  impl.RaftServerImpl (RaftServerImpl.java:<init>(93)) - 1d8252e2-7ee6-4584-bcee-e901b160468a: new RaftServerImpl for group-37608DAA6D43:[3d9010da-9b0a-4e14-9571-cee7193e93f5:192.168.5.133:43752, b05059df-7997-4957-9fd0-0ea4223a0acd:192.168.5.133:33627, 1d8252e2-7ee6-4584-bcee-e901b160468a:192.168.5.133:41474] with ContainerStateMachine:uninitialized
2019-08-20 10:22:15,609 INFO  server.RaftServerConfigKeys (ConfUtils.java:logGet(43)) - raft.server.rpc.timeout.min = 5s (custom)
2019-08-20 10:22:15,609 INFO  server.RaftServerConfigKeys (ConfUtils.java:logGet(43)) - raft.server.rpc.timeout.max = 5200ms (custom)
2019-08-20 10:22:15,609 INFO  impl.RaftServerImpl (RaftServerImpl.java:<init>(93)) - b05059df-7997-4957-9fd0-0ea4223a0acd: new RaftServerImpl for group-37608DAA6D43:[3d9010da-9b0a-4e14-9571-cee7193e93f5:192.168.5.133:43752, b05059df-7997-4957-9fd0-0ea4223a0acd:192.168.5.133:33627, 1d8252e2-7ee6-4584-bcee-e901b160468a:192.168.5.133:41474] with ContainerStateMachine:uninitialized
2019-08-20 10:22:15,609 INFO  server.RaftServerConfigKeys (ConfUtils.java:logGet(43)) - raft.server.rpcslowness.timeout = 120s (custom)
2019-08-20 10:22:15,609 INFO  server.RaftServerConfigKeys (ConfUtils.java:logGet(43)) - raft.server.rpc.timeout.min = 5s (custom)
2019-08-20 10:22:15,609 INFO  impl.RaftServerImpl (RaftServerImpl.java:<init>(93)) - 3d9010da-9b0a-4e14-9571-cee7193e93f5: new RaftServerImpl for group-37608DAA6D43:[3d9010da-9b0a-4e14-9571-cee7193e93f5:192.168.5.133:43752, b05059df-7997-4957-9fd0-0ea4223a0acd:192.168.5.133:33627, 1d8252e2-7ee6-4584-bcee-e901b160468a:192.168.5.133:41474] with ContainerStateMachine:uninitialized
2019-08-20 10:22:15,609 INFO  server.RaftServerConfigKeys (ConfUtils.java:logGet(43)) - raft.server.sleep.deviation.threshold = 300 (default)
2019-08-20 10:22:15,609 INFO  server.RaftServerConfigKeys (ConfUtils.java:logGet(43)) - raft.server.rpc.timeout.min = 5s (custom)
2019-08-20 10:22:15,609 INFO  server.RaftServerConfigKeys (ConfUtils.java:logGet(43)) - raft.server.rpc.timeout.max = 5200ms (custom)
2019-08-20 10:22:15,610 INFO  server.RaftServerConfigKeys (ConfUtils.java:logGet(43)) - raft.server.rpc.timeout.max = 5200ms (custom)
2019-08-20 10:22:15,609 INFO  server.RaftServerConfigKeys (ConfUtils.java:logGet(43)) - raft.server.log.appender.install.snapshot.enabled = false (custom)
2019-08-20 10:22:15,610 INFO  server.RaftServerConfigKeys (ConfUtils.java:logGet(43)) - raft.server.rpcslowness.timeout = 120s (custom)
2019-08-20 10:22:15,610 INFO  server.RaftServerConfigKeys (ConfUtils.java:logGet(43)) - raft.server.rpcslowness.timeout = 120s (custom)
2019-08-20 10:22:15,610 INFO  server.RaftServerConfigKeys (ConfUtils.java:logGet(43)) - raft.server.sleep.deviation.threshold = 300 (default)
2019-08-20 10:22:15,610 INFO  impl.RaftServerImpl (ServerState.java:<init>(105)) - 1d8252e2-7ee6-4584-bcee-e901b160468a:group-37608DAA6D43 ConfigurationManager, init=-1: [3d9010da-9b0a-4e14-9571-cee7193e93f5:192.168.5.133:43752, b05059df-7997-4957-9fd0-0ea4223a0acd:192.168.5.133:33627, 1d8252e2-7ee6-4584-bcee-e901b160468a:192.168.5.133:41474], old=null, confs=<EMPTY_MAP>
2019-08-20 10:22:15,610 INFO  server.RaftServerConfigKeys (ConfUtils.java:logGet(43)) - raft.server.log.appender.install.snapshot.enabled = false (custom)
2019-08-20 10:22:15,610 INFO  server.RaftServerConfigKeys (ConfUtils.java:logGet(43)) - raft.server.sleep.deviation.threshold = 300 (default)
2019-08-20 10:22:15,611 INFO  impl.RaftServerImpl (ServerState.java:<init>(105)) - 3d9010da-9b0a-4e14-9571-cee7193e93f5:group-37608DAA6D43 ConfigurationManager, init=-1: [3d9010da-9b0a-4e14-9571-cee7193e93f5:192.168.5.133:43752, b05059df-7997-4957-9fd0-0ea4223a0acd:192.168.5.133:33627, 1d8252e2-7ee6-4584-bcee-e901b160468a:192.168.5.133:41474], old=null, confs=<EMPTY_MAP>
2019-08-20 10:22:15,611 INFO  server.RaftServerConfigKeys (ConfUtils.java:logGet(43)) - raft.server.storage.dir = [/workdir/hadoop-ozone/integration-test/target/test-dir/MiniOzoneClusterImpl-bb41d155-d46c-4d70-b443-e80a9547f56a/datanode-2/data/ratis] (custom)
2019-08-20 10:22:15,611 INFO  server.RaftServerConfigKeys (ConfUtils.java:logGet(43)) - raft.server.storage.dir = [/workdir/hadoop-ozone/integration-test/target/test-dir/MiniOzoneClusterImpl-bb41d155-d46c-4d70-b443-e80a9547f56a/datanode-1/data/ratis] (custom)
2019-08-20 10:22:15,611 INFO  server.RaftServerConfigKeys (ConfUtils.java:logGet(43)) - raft.server.log.appender.install.snapshot.enabled = false (custom)
2019-08-20 10:22:15,611 INFO  storage.RaftStorageDirectory (RaftStorageDirectory.java:analyzeStorage(246)) - The storage directory /workdir/hadoop-ozone/integration-test/target/test-dir/MiniOzoneClusterImpl-bb41d155-d46c-4d70-b443-e80a9547f56a/datanode-2/data/ratis/8719a123-c0d3-44ff-87f1-37608daa6d43 does not exist. Creating ...
2019-08-20 10:22:15,611 INFO  storage.RaftStorageDirectory (RaftStorageDirectory.java:analyzeStorage(246)) - The storage directory /workdir/hadoop-ozone/integration-test/target/test-dir/MiniOzoneClusterImpl-bb41d155-d46c-4d70-b443-e80a9547f56a/datanode-1/data/ratis/8719a123-c0d3-44ff-87f1-37608daa6d43 does not exist. Creating ...
2019-08-20 10:22:15,611 INFO  impl.RaftServerImpl (ServerState.java:<init>(105)) - b05059df-7997-4957-9fd0-0ea4223a0acd:group-37608DAA6D43 ConfigurationManager, init=-1: [3d9010da-9b0a-4e14-9571-cee7193e93f5:192.168.5.133:43752, b05059df-7997-4957-9fd0-0ea4223a0acd:192.168.5.133:33627, 1d8252e2-7ee6-4584-bcee-e901b160468a:192.168.5.133:41474], old=null, confs=<EMPTY_MAP>
2019-08-20 10:22:15,612 INFO  server.RaftServerConfigKeys (ConfUtils.java:logGet(43)) - raft.server.storage.dir = [/workdir/hadoop-ozone/integration-test/target/test-dir/MiniOzoneClusterImpl-bb41d155-d46c-4d70-b443-e80a9547f56a/datanode-0/data/ratis] (custom)
2019-08-20 10:22:15,612 INFO  storage.RaftStorageDirectory (RaftStorageDirectory.java:analyzeStorage(246)) - The storage directory /workdir/hadoop-ozone/integration-test/target/test-dir/MiniOzoneClusterImpl-bb41d155-d46c-4d70-b443-e80a9547f56a/datanode-0/data/ratis/8719a123-c0d3-44ff-87f1-37608daa6d43 does not exist. Creating ...
2019-08-20 10:22:15,636 INFO  storage.RaftStorageDirectory (RaftStorageDirectory.java:tryLock(328)) - Lock on /workdir/hadoop-ozone/integration-test/target/test-dir/MiniOzoneClusterImpl-bb41d155-d46c-4d70-b443-e80a9547f56a/datanode-1/data/ratis/8719a123-c0d3-44ff-87f1-37608daa6d43/in_use.lock acquired by nodename 29280@pr-hdds-1054s69ht-3886455778
2019-08-20 10:22:15,636 INFO  storage.RaftStorageDirectory (RaftStorageDirectory.java:tryLock(328)) - Lock on /workdir/hadoop-ozone/integration-test/target/test-dir/MiniOzoneClusterImpl-bb41d155-d46c-4d70-b443-e80a9547f56a/datanode-0/data/ratis/8719a123-c0d3-44ff-87f1-37608daa6d43/in_use.lock acquired by nodename 29280@pr-hdds-1054s69ht-3886455778
2019-08-20 10:22:15,636 INFO  storage.RaftStorageDirectory (RaftStorageDirectory.java:tryLock(328)) - Lock on /workdir/hadoop-ozone/integration-test/target/test-dir/MiniOzoneClusterImpl-bb41d155-d46c-4d70-b443-e80a9547f56a/datanode-2/data/ratis/8719a123-c0d3-44ff-87f1-37608daa6d43/in_use.lock acquired by nodename 29280@pr-hdds-1054s69ht-3886455778
2019-08-20 10:22:15,661 INFO  storage.RaftStorage (RaftStorage.java:format(72)) - Storage directory /workdir/hadoop-ozone/integration-test/target/test-dir/MiniOzoneClusterImpl-bb41d155-d46c-4d70-b443-e80a9547f56a/datanode-0/data/ratis/8719a123-c0d3-44ff-87f1-37608daa6d43 has been successfully formatted.
2019-08-20 10:22:15,661 INFO  storage.RaftStorage (RaftStorage.java:format(72)) - Storage directory /workdir/hadoop-ozone/integration-test/target/test-dir/MiniOzoneClusterImpl-bb41d155-d46c-4d70-b443-e80a9547f56a/datanode-2/data/ratis/8719a123-c0d3-44ff-87f1-37608daa6d43 has been successfully formatted.
2019-08-20 10:22:15,661 INFO  ratis.ContainerStateMachine (ContainerStateMachine.java:loadSnapshot(222)) - group-37608DAA6D43: The snapshot info is null. Setting the last applied indexto:(t:0, i:~)
2019-08-20 10:22:15,661 INFO  storage.RaftStorage (RaftStorage.java:format(72)) - Storage directory /workdir/hadoop-ozone/integration-test/target/test-dir/MiniOzoneClusterImpl-bb41d155-d46c-4d70-b443-e80a9547f56a/datanode-1/data/ratis/8719a123-c0d3-44ff-87f1-37608daa6d43 has been successfully formatted.
2019-08-20 10:22:15,661 INFO  server.RaftServerConfigKeys (ConfUtils.java:logGet(43)) - raft.server.leader.election.timeout = 120s (custom)
2019-08-20 10:22:15,662 INFO  ratis.ContainerStateMachine (ContainerStateMachine.java:loadSnapshot(222)) - group-37608DAA6D43: The snapshot info is null. Setting the last applied indexto:(t:0, i:~)
2019-08-20 10:22:15,661 INFO  ratis.ContainerStateMachine (ContainerStateMachine.java:loadSnapshot(222)) - group-37608DAA6D43: The snapshot info is null. Setting the last applied indexto:(t:0, i:~)
2019-08-20 10:22:15,662 INFO  server.RaftServerConfigKeys (ConfUtils.java:logGet(43)) - raft.server.leader.election.timeout = 120s (custom)
2019-08-20 10:22:15,662 INFO  server.RaftServerConfigKeys (ConfUtils.java:logGet(43)) - raft.server.log.use.memory = false (default)
2019-08-20 10:22:15,662 INFO  server.RaftServerConfigKeys (ConfUtils.java:logGet(43)) - raft.server.log.use.memory = false (default)
2019-08-20 10:22:15,662 INFO  server.RaftServerConfigKeys (ConfUtils.java:logGet(43)) - raft.server.leader.election.timeout = 120s (custom)
2019-08-20 10:22:15,662 INFO  server.RaftServerConfigKeys (ConfUtils.java:logGet(43)) - raft.server.log.purge.gap = 1000000000 (custom)
2019-08-20 10:22:15,662 INFO  server.RaftServerConfigKeys (ConfUtils.java:logGet(43)) - raft.server.log.purge.gap = 1000000000 (custom)
2019-08-20 10:22:15,663 INFO  server.RaftServerConfigKeys (ConfUtils.java:logGet(43)) - raft.server.log.appender.buffer.byte-limit = 33554432 (custom)
2019-08-20 10:22:15,663 INFO  server.RaftServerConfigKeys (ConfUtils.java:logGet(43)) - raft.server.log.use.memory = false (default)
2019-08-20 10:22:15,663 INFO  server.RaftServerConfigKeys (ConfUtils.java:logGet(43)) - raft.server.log.segment.size.max = 1048576 (custom)
2019-08-20 10:22:15,663 INFO  server.RaftServerConfigKeys (ConfUtils.java:logGet(43)) - raft.server.log.appender.buffer.byte-limit = 33554432 (custom)
2019-08-20 10:22:15,663 INFO  server.RaftServerConfigKeys (ConfUtils.java:logGet(43)) - raft.server.log.segment.cache.num.max = 2 (custom)
2019-08-20 10:22:15,663 INFO  server.RaftServerConfigKeys (ConfUtils.java:logGet(43)) - raft.server.log.purge.gap = 1000000000 (custom)
2019-08-20 10:22:15,664 INFO  segmented.SegmentedRaftLogWorker (SegmentedRaftLogWorker.java:<init>(172)) - new 3d9010da-9b0a-4e14-9571-cee7193e93f5-SegmentedRaftLogWorker:Storage Directory /workdir/hadoop-ozone/integration-test/target/test-dir/MiniOzoneClusterImpl-bb41d155-d46c-4d70-b443-e80a9547f56a/datanode-1/data/ratis/8719a123-c0d3-44ff-87f1-37608daa6d43 for RaftStorage:Storage Directory /workdir/hadoop-ozone/integration-test/target/test-dir/MiniOzoneClusterImpl-bb41d155-d46c-4d70-b443-e80a9547f56a/datanode-1/data/ratis/8719a123-c0d3-44ff-87f1-37608daa6d43
2019-08-20 10:22:15,664 INFO  server.RaftServerConfigKeys (ConfUtils.java:logGet(43)) - raft.server.log.segment.size.max = 1048576 (custom)
2019-08-20 10:22:15,664 INFO  server.RaftServerConfigKeys (ConfUtils.java:logGet(43)) - raft.server.log.queue.byte-limit = 2147483647 (custom)
2019-08-20 10:22:15,664 INFO  server.RaftServerConfigKeys (ConfUtils.java:logGet(43)) - raft.server.log.appender.buffer.byte-limit = 33554432 (custom)
2019-08-20 10:22:15,664 INFO  server.RaftServerConfigKeys (ConfUtils.java:logGet(43)) - raft.server.log.queue.element-limit = 1024 (custom)
2019-08-20 10:22:15,664 INFO  server.RaftServerConfigKeys (ConfUtils.java:logGet(43)) - raft.server.log.segment.cache.num.max = 2 (custom)
2019-08-20 10:22:15,664 INFO  server.RaftServerConfigKeys (ConfUtils.java:logGet(43)) - raft.server.log.segment.size.max = 1048576 (custom)
2019-08-20 10:22:15,664 INFO  server.RaftServerConfigKeys (ConfUtils.java:logGet(43)) - raft.server.log.segment.size.max = 1048576 (custom)
2019-08-20 10:22:15,665 INFO  server.RaftServerConfigKeys (ConfUtils.java:logGet(43)) - raft.server.log.preallocated.size = 16384 (custom)
2019-08-20 10:22:15,665 INFO  server.RaftServerConfigKeys (ConfUtils.java:logGet(43)) - raft.server.log.write.buffer.size = 33554432 (custom)
2019-08-20 10:22:15,665 INFO  segmented.SegmentedRaftLogWorker (SegmentedRaftLogWorker.java:<init>(172)) - new b05059df-7997-4957-9fd0-0ea4223a0acd-SegmentedRaftLogWorker:Storage Directory /workdir/hadoop-ozone/integration-test/target/test-dir/MiniOzoneClusterImpl-bb41d155-d46c-4d70-b443-e80a9547f56a/datanode-0/data/ratis/8719a123-c0d3-44ff-87f1-37608daa6d43 for RaftStorage:Storage Directory /workdir/hadoop-ozone/integration-test/target/test-dir/MiniOzoneClusterImpl-bb41d155-d46c-4d70-b443-e80a9547f56a/datanode-0/data/ratis/8719a123-c0d3-44ff-87f1-37608daa6d43
2019-08-20 10:22:15,665 INFO  server.RaftServerConfigKeys (ConfUtils.java:logGet(43)) - raft.server.log.force.sync.num = 128 (default)
2019-08-20 10:22:15,665 INFO  server.RaftServerConfigKeys (ConfUtils.java:logGet(43)) - raft.server.log.statemachine.data.sync = true (default)
2019-08-20 10:22:15,665 INFO  server.RaftServerConfigKeys (ConfUtils.java:logGet(43)) - raft.server.log.segment.cache.num.max = 2 (custom)
2019-08-20 10:22:15,666 INFO  server.RaftServerConfigKeys (ConfUtils.java:logGet(43)) - raft.server.log.statemachine.data.sync.timeout = 10s (default)
2019-08-20 10:22:15,665 INFO  server.RaftServerConfigKeys (ConfUtils.java:logGet(43)) - raft.server.log.queue.byte-limit = 2147483647 (custom)
2019-08-20 10:22:15,666 INFO  server.RaftServerConfigKeys (ConfUtils.java:logGet(43)) - raft.server.log.statemachine.data.sync.timeout.retry = -1 (default)
2019-08-20 10:22:15,666 INFO  segmented.SegmentedRaftLogWorker (SegmentedRaftLogWorker.java:<init>(172)) - new 1d8252e2-7ee6-4584-bcee-e901b160468a-SegmentedRaftLogWorker:Storage Directory /workdir/hadoop-ozone/integration-test/target/test-dir/MiniOzoneClusterImpl-bb41d155-d46c-4d70-b443-e80a9547f56a/datanode-2/data/ratis/8719a123-c0d3-44ff-87f1-37608daa6d43 for RaftStorage:Storage Directory /workdir/hadoop-ozone/integration-test/target/test-dir/MiniOzoneClusterImpl-bb41d155-d46c-4d70-b443-e80a9547f56a/datanode-2/data/ratis/8719a123-c0d3-44ff-87f1-37608daa6d43
2019-08-20 10:22:15,666 INFO  server.RaftServerConfigKeys (ConfUtils.java:logGet(43)) - raft.server.log.statemachine.data.caching.enabled = true (custom)
2019-08-20 10:22:15,666 INFO  server.RaftServerConfigKeys (ConfUtils.java:logGet(43)) - raft.server.log.queue.element-limit = 1024 (custom)
2019-08-20 10:22:15,666 INFO  server.RaftServerConfigKeys (ConfUtils.java:logGet(43)) - raft.server.log.queue.byte-limit = 2147483647 (custom)
2019-08-20 10:22:15,667 INFO  server.RaftServerConfigKeys (ConfUtils.java:logGet(43)) - raft.server.log.segment.size.max = 1048576 (custom)
2019-08-20 10:22:15,667 INFO  segmented.SegmentedRaftLogWorker (SegmentedRaftLogWorker.java:lambda$new$0(132)) - 3d9010da-9b0a-4e14-9571-cee7193e93f5-SegmentedRaftLogWorker:Storage Directory /workdir/hadoop-ozone/integration-test/target/test-dir/MiniOzoneClusterImpl-bb41d155-d46c-4d70-b443-e80a9547f56a/datanode-1/data/ratis/8719a123-c0d3-44ff-87f1-37608daa6d43: flushIndex: setUnconditionally 0 -> -1
2019-08-20 10:22:15,667 INFO  server.RaftServerConfigKeys (ConfUtils.java:logGet(43)) - raft.server.log.preallocated.size = 16384 (custom)
2019-08-20 10:22:15,667 INFO  server.RaftServerConfigKeys (ConfUtils.java:logGet(43)) - raft.server.snapshot.auto.trigger.enabled = true (custom)
2019-08-20 10:22:15,667 INFO  server.RaftServerConfigKeys (ConfUtils.java:logGet(43)) - raft.server.log.queue.element-limit = 1024 (custom)
2019-08-20 10:22:15,667 INFO  server.RaftServerConfigKeys (ConfUtils.java:logGet(43)) - raft.server.snapshot.auto.trigger.threshold = 10000 (custom)
2019-08-20 10:22:15,667 INFO  server.RaftServerConfigKeys (ConfUtils.java:logGet(43)) - raft.server.log.write.buffer.size = 33554432 (custom)
2019-08-20 10:22:15,668 INFO  server.RaftServerConfigKeys (ConfUtils.java:logGet(43)) - raft.server.retrycache.expirytime = 600000ms (custom)
2019-08-20 10:22:15,668 INFO  server.RaftServerConfigKeys (ConfUtils.java:logGet(43)) - raft.server.log.segment.size.max = 1048576 (custom)
2019-08-20 10:22:15,668 INFO  impl.RaftServerImpl (RaftServerImpl.java:start(180)) - 3d9010da-9b0a-4e14-9571-cee7193e93f5: start group-37608DAA6D43
2019-08-20 10:22:15,668 INFO  server.RaftServerConfigKeys (ConfUtils.java:logGet(43)) - raft.server.log.force.sync.num = 128 (default)
2019-08-20 10:22:15,668 INFO  impl.RaftServerImpl (RaftServerImpl.java:setRole(171)) - 3d9010da-9b0a-4e14-9571-cee7193e93f5:group-37608DAA6D43 changes role from null to FOLLOWER at term 0 for startAsFollower
2019-08-20 10:22:15,668 INFO  server.RaftServerConfigKeys (ConfUtils.java:logGet(43)) - raft.server.log.preallocated.size = 16384 (custom)
2019-08-20 10:22:15,669 INFO  impl.RoleInfo (RoleInfo.java:updateAndGet(143)) - 3d9010da-9b0a-4e14-9571-cee7193e93f5: start FollowerState
2019-08-20 10:22:15,668 INFO  server.RaftServerConfigKeys (ConfUtils.java:logGet(43)) - raft.server.log.statemachine.data.sync = true (default)
2019-08-20 10:22:15,669 INFO  server.RaftServerConfigKeys (ConfUtils.java:logGet(43)) - raft.server.log.write.buffer.size = 33554432 (custom)
2019-08-20 10:22:15,669 INFO  server.RaftServerConfigKeys (ConfUtils.java:logGet(43)) - raft.server.log.statemachine.data.sync.timeout = 10s (default)
2019-08-20 10:22:15,669 INFO  util.JmxRegister (JmxRegister.java:tryRegister(44)) - Successfully registered JMX Bean with object name Ratis:service=RaftServer,group=group-37608DAA6D43,id=3d9010da-9b0a-4e14-9571-cee7193e93f5
2019-08-20 10:22:15,669 INFO  server.RaftServerConfigKeys (ConfUtils.java:logGet(43)) - raft.server.log.force.sync.num = 128 (default)
2019-08-20 10:22:15,670 INFO  server.RaftServerConfigKeys (ConfUtils.java:logGet(43)) - raft.server.log.statemachine.data.sync = true (default)
2019-08-20 10:22:15,669 INFO  server.RaftServerConfigKeys (ConfUtils.java:logGet(43)) - raft.server.log.statemachine.data.sync.timeout.retry = -1 (default)
2019-08-20 10:22:15,670 INFO  server.RaftServerConfigKeys (ConfUtils.java:logGet(43)) - raft.server.log.statemachine.data.sync.timeout = 10s (default)
2019-08-20 10:22:15,670 INFO  server.RaftServerConfigKeys (ConfUtils.java:logGet(43)) - raft.server.log.statemachine.data.caching.enabled = true (custom)
2019-08-20 10:22:15,670 INFO  server.RaftServerConfigKeys (ConfUtils.java:logGet(43)) - raft.server.log.statemachine.data.sync.timeout.retry = -1 (default)
2019-08-20 10:22:15,670 INFO  segmented.SegmentedRaftLogWorker (SegmentedRaftLogWorker.java:lambda$new$0(132)) - b05059df-7997-4957-9fd0-0ea4223a0acd-SegmentedRaftLogWorker:Storage Directory /workdir/hadoop-ozone/integration-test/target/test-dir/MiniOzoneClusterImpl-bb41d155-d46c-4d70-b443-e80a9547f56a/datanode-0/data/ratis/8719a123-c0d3-44ff-87f1-37608daa6d43: flushIndex: setUnconditionally 0 -> -1
2019-08-20 10:22:15,670 INFO  server.RaftServerConfigKeys (ConfUtils.java:logGet(43)) - raft.server.log.statemachine.data.caching.enabled = true (custom)
2019-08-20 10:22:15,673 INFO  server.RaftServerConfigKeys (ConfUtils.java:logGet(43)) - raft.server.snapshot.auto.trigger.enabled = true (custom)
2019-08-20 10:22:15,673 INFO  segmented.SegmentedRaftLogWorker (SegmentedRaftLogWorker.java:lambda$new$0(132)) - 1d8252e2-7ee6-4584-bcee-e901b160468a-SegmentedRaftLogWorker:Storage Directory /workdir/hadoop-ozone/integration-test/target/test-dir/MiniOzoneClusterImpl-bb41d155-d46c-4d70-b443-e80a9547f56a/datanode-2/data/ratis/8719a123-c0d3-44ff-87f1-37608daa6d43: flushIndex: setUnconditionally 0 -> -1
2019-08-20 10:22:15,673 INFO  server.RaftServerConfigKeys (ConfUtils.java:logGet(43)) - raft.server.snapshot.auto.trigger.threshold = 10000 (custom)
2019-08-20 10:22:15,674 INFO  server.RaftServerConfigKeys (ConfUtils.java:logGet(43)) - raft.server.retrycache.expirytime = 600000ms (custom)
2019-08-20 10:22:15,674 INFO  server.RaftServerConfigKeys (ConfUtils.java:logGet(43)) - raft.server.snapshot.auto.trigger.enabled = true (custom)
2019-08-20 10:22:15,674 INFO  impl.RaftServerImpl (RaftServerImpl.java:start(180)) - b05059df-7997-4957-9fd0-0ea4223a0acd: start group-37608DAA6D43
2019-08-20 10:22:15,674 INFO  server.RaftServerConfigKeys (ConfUtils.java:logGet(43)) - raft.server.snapshot.auto.trigger.threshold = 10000 (custom)
2019-08-20 10:22:15,674 INFO  impl.RaftServerImpl (RaftServerImpl.java:setRole(171)) - b05059df-7997-4957-9fd0-0ea4223a0acd:group-37608DAA6D43 changes role from null to FOLLOWER at term 0 for startAsFollower
2019-08-20 10:22:15,674 INFO  server.RaftServerConfigKeys (ConfUtils.java:logGet(43)) - raft.server.retrycache.expirytime = 600000ms (custom)
2019-08-20 10:22:15,674 INFO  impl.RoleInfo (RoleInfo.java:updateAndGet(143)) - b05059df-7997-4957-9fd0-0ea4223a0acd: start FollowerState
2019-08-20 10:22:15,674 INFO  impl.RaftServerImpl (RaftServerImpl.java:start(180)) - 1d8252e2-7ee6-4584-bcee-e901b160468a: start group-37608DAA6D43
2019-08-20 10:22:15,675 INFO  impl.RaftServerImpl (RaftServerImpl.java:setRole(171)) - 1d8252e2-7ee6-4584-bcee-e901b160468a:group-37608DAA6D43 changes role from null to FOLLOWER at term 0 for startAsFollower
2019-08-20 10:22:15,675 INFO  util.JmxRegister (JmxRegister.java:tryRegister(44)) - Successfully registered JMX Bean with object name Ratis:service=RaftServer,group=group-37608DAA6D43,id=b05059df-7997-4957-9fd0-0ea4223a0acd
2019-08-20 10:22:15,675 INFO  impl.RoleInfo (RoleInfo.java:updateAndGet(143)) - 1d8252e2-7ee6-4584-bcee-e901b160468a: start FollowerState
2019-08-20 10:22:15,675 INFO  util.JmxRegister (JmxRegister.java:tryRegister(44)) - Successfully registered JMX Bean with object name Ratis:service=RaftServer,group=group-37608DAA6D43,id=1d8252e2-7ee6-4584-bcee-e901b160468a
2019-08-20 10:22:15,681 INFO  pipeline.PipelineStateManager (PipelineStateManager.java:addPipeline(56)) - Created pipeline Pipeline[ Id: 8719a123-c0d3-44ff-87f1-37608daa6d43, Nodes: 1d8252e2-7ee6-4584-bcee-e901b160468a{ip: 192.168.5.133, host: pr-hdds-1054s69ht-3886455778, networkLocation: /default-rack, certSerialId: null}3d9010da-9b0a-4e14-9571-cee7193e93f5{ip: 192.168.5.133, host: pr-hdds-1054s69ht-3886455778, networkLocation: /default-rack, certSerialId: null}b05059df-7997-4957-9fd0-0ea4223a0acd{ip: 192.168.5.133, host: pr-hdds-1054s69ht-3886455778, networkLocation: /default-rack, certSerialId: null}, Type:RATIS, Factor:THREE, State:OPEN]
2019-08-20 10:22:15,692 INFO  net.NetworkTopology (NetworkTopologyImpl.java:add(110)) - Added a new node: /default-rack/c82cdedb-f905-4590-81cd-07d79d7d23dd
2019-08-20 10:22:15,692 INFO  node.SCMNodeManager (SCMNodeManager.java:register(273)) - Registered Data node : c82cdedb-f905-4590-81cd-07d79d7d23dd{ip: 192.168.5.133, host: pr-hdds-1054s69ht-3886455778, networkLocation: /default-rack, certSerialId: null}
2019-08-20 10:22:15,701 INFO  impl.RaftServerProxy (RaftServerProxy.java:addNew(89)) - c82cdedb-f905-4590-81cd-07d79d7d23dd: addNew group-22BD79A48E59:[c82cdedb-f905-4590-81cd-07d79d7d23dd:192.168.5.133:45135] returns group-22BD79A48E59:java.util.concurrent.CompletableFuture@7d07676[Not completed]
2019-08-20 10:22:15,702 INFO  impl.RaftServerImpl (RaftServerImpl.java:<init>(93)) - c82cdedb-f905-4590-81cd-07d79d7d23dd: new RaftServerImpl for group-22BD79A48E59:[c82cdedb-f905-4590-81cd-07d79d7d23dd:192.168.5.133:45135] with ContainerStateMachine:uninitialized
2019-08-20 10:22:15,702 INFO  server.RaftServerConfigKeys (ConfUtils.java:logGet(43)) - raft.server.rpc.timeout.min = 5s (custom)
2019-08-20 10:22:15,702 INFO  server.RaftServerConfigKeys (ConfUtils.java:logGet(43)) - raft.server.rpc.timeout.max = 5200ms (custom)
2019-08-20 10:22:15,702 INFO  server.RaftServerConfigKeys (ConfUtils.java:logGet(43)) - raft.server.rpcslowness.timeout = 120s (custom)
2019-08-20 10:22:15,702 INFO  server.RaftServerConfigKeys (ConfUtils.java:logGet(43)) - raft.server.sleep.deviation.threshold = 300 (default)
2019-08-20 10:22:15,702 INFO  server.RaftServerConfigKeys (ConfUtils.java:logGet(43)) - raft.server.log.appender.install.snapshot.enabled = false (custom)
2019-08-20 10:22:15,703 INFO  impl.RaftServerImpl (ServerState.java:<init>(105)) - c82cdedb-f905-4590-81cd-07d79d7d23dd:group-22BD79A48E59 ConfigurationManager, init=-1: [c82cdedb-f905-4590-81cd-07d79d7d23dd:192.168.5.133:45135], old=null, confs=<EMPTY_MAP>
2019-08-20 10:22:15,703 INFO  server.RaftServerConfigKeys (ConfUtils.java:logGet(43)) - raft.server.storage.dir = [/workdir/hadoop-ozone/integration-test/target/test-dir/MiniOzoneClusterImpl-bb41d155-d46c-4d70-b443-e80a9547f56a/datanode-3/data/ratis] (custom)
2019-08-20 10:22:15,703 INFO  storage.RaftStorageDirectory (RaftStorageDirectory.java:analyzeStorage(246)) - The storage directory /workdir/hadoop-ozone/integration-test/target/test-dir/MiniOzoneClusterImpl-bb41d155-d46c-4d70-b443-e80a9547f56a/datanode-3/data/ratis/0a0dae25-c57e-42b3-a7d5-22bd79a48e59 does not exist. Creating ...
2019-08-20 10:22:15,716 INFO  storage.RaftStorageDirectory (RaftStorageDirectory.java:tryLock(328)) - Lock on /workdir/hadoop-ozone/integration-test/target/test-dir/MiniOzoneClusterImpl-bb41d155-d46c-4d70-b443-e80a9547f56a/datanode-3/data/ratis/0a0dae25-c57e-42b3-a7d5-22bd79a48e59/in_use.lock acquired by nodename 29280@pr-hdds-1054s69ht-3886455778
2019-08-20 10:22:15,729 INFO  storage.RaftStorage (RaftStorage.java:format(72)) - Storage directory /workdir/hadoop-ozone/integration-test/target/test-dir/MiniOzoneClusterImpl-bb41d155-d46c-4d70-b443-e80a9547f56a/datanode-3/data/ratis/0a0dae25-c57e-42b3-a7d5-22bd79a48e59 has been successfully formatted.
2019-08-20 10:22:15,729 INFO  ratis.ContainerStateMachine (ContainerStateMachine.java:loadSnapshot(222)) - group-22BD79A48E59: The snapshot info is null. Setting the last applied indexto:(t:0, i:~)
2019-08-20 10:22:15,729 INFO  server.RaftServerConfigKeys (ConfUtils.java:logGet(43)) - raft.server.leader.election.timeout = 120s (custom)
2019-08-20 10:22:15,730 INFO  server.RaftServerConfigKeys (ConfUtils.java:logGet(43)) - raft.server.log.use.memory = false (default)
2019-08-20 10:22:15,730 INFO  server.RaftServerConfigKeys (ConfUtils.java:logGet(43)) - raft.server.log.purge.gap = 1000000000 (custom)
2019-08-20 10:22:15,730 INFO  server.RaftServerConfigKeys (ConfUtils.java:logGet(43)) - raft.server.log.appender.buffer.byte-limit = 33554432 (custom)
2019-08-20 10:22:15,730 INFO  server.RaftServerConfigKeys (ConfUtils.java:logGet(43)) - raft.server.log.segment.size.max = 1048576 (custom)
2019-08-20 10:22:15,730 INFO  server.RaftServerConfigKeys (ConfUtils.java:logGet(43)) - raft.server.log.segment.cache.num.max = 2 (custom)
2019-08-20 10:22:15,731 INFO  segmented.SegmentedRaftLogWorker (SegmentedRaftLogWorker.java:<init>(172)) - new c82cdedb-f905-4590-81cd-07d79d7d23dd-SegmentedRaftLogWorker:Storage Directory /workdir/hadoop-ozone/integration-test/target/test-dir/MiniOzoneClusterImpl-bb41d155-d46c-4d70-b443-e80a9547f56a/datanode-3/data/ratis/0a0dae25-c57e-42b3-a7d5-22bd79a48e59 for RaftStorage:Storage Directory /workdir/hadoop-ozone/integration-test/target/test-dir/MiniOzoneClusterImpl-bb41d155-d46c-4d70-b443-e80a9547f56a/datanode-3/data/ratis/0a0dae25-c57e-42b3-a7d5-22bd79a48e59
2019-08-20 10:22:15,731 INFO  server.RaftServerConfigKeys (ConfUtils.java:logGet(43)) - raft.server.log.queue.byte-limit = 2147483647 (custom)
2019-08-20 10:22:15,731 INFO  server.RaftServerConfigKeys (ConfUtils.java:logGet(43)) - raft.server.log.queue.element-limit = 1024 (custom)
2019-08-20 10:22:15,732 INFO  server.RaftServerConfigKeys (ConfUtils.java:logGet(43)) - raft.server.log.segment.size.max = 1048576 (custom)
2019-08-20 10:22:15,732 INFO  server.RaftServerConfigKeys (ConfUtils.java:logGet(43)) - raft.server.log.preallocated.size = 16384 (custom)
2019-08-20 10:22:15,732 INFO  server.RaftServerConfigKeys (ConfUtils.java:logGet(43)) - raft.server.log.write.buffer.size = 33554432 (custom)
2019-08-20 10:22:15,732 INFO  server.RaftServerConfigKeys (ConfUtils.java:logGet(43)) - raft.server.log.force.sync.num = 128 (default)
2019-08-20 10:22:15,732 INFO  server.RaftServerConfigKeys (ConfUtils.java:logGet(43)) - raft.server.log.statemachine.data.sync = true (default)
2019-08-20 10:22:15,733 INFO  server.RaftServerConfigKeys (ConfUtils.java:logGet(43)) - raft.server.log.statemachine.data.sync.timeout = 10s (default)
2019-08-20 10:22:15,733 INFO  server.RaftServerConfigKeys (ConfUtils.java:logGet(43)) - raft.server.log.statemachine.data.sync.timeout.retry = -1 (default)
2019-08-20 10:22:15,733 INFO  server.RaftServerConfigKeys (ConfUtils.java:logGet(43)) - raft.server.log.statemachine.data.caching.enabled = true (custom)
2019-08-20 10:22:15,734 INFO  segmented.SegmentedRaftLogWorker (SegmentedRaftLogWorker.java:lambda$new$0(132)) - c82cdedb-f905-4590-81cd-07d79d7d23dd-SegmentedRaftLogWorker:Storage Directory /workdir/hadoop-ozone/integration-test/target/test-dir/MiniOzoneClusterImpl-bb41d155-d46c-4d70-b443-e80a9547f56a/datanode-3/data/ratis/0a0dae25-c57e-42b3-a7d5-22bd79a48e59: flushIndex: setUnconditionally 0 -> -1
2019-08-20 10:22:15,734 INFO  server.RaftServerConfigKeys (ConfUtils.java:logGet(43)) - raft.server.snapshot.auto.trigger.enabled = true (custom)
2019-08-20 10:22:15,734 INFO  server.RaftServerConfigKeys (ConfUtils.java:logGet(43)) - raft.server.snapshot.auto.trigger.threshold = 10000 (custom)
2019-08-20 10:22:15,735 INFO  server.RaftServerConfigKeys (ConfUtils.java:logGet(43)) - raft.server.retrycache.expirytime = 600000ms (custom)
2019-08-20 10:22:15,735 INFO  impl.RaftServerImpl (RaftServerImpl.java:start(180)) - c82cdedb-f905-4590-81cd-07d79d7d23dd: start group-22BD79A48E59
2019-08-20 10:22:15,735 INFO  impl.RaftServerImpl (RaftServerImpl.java:setRole(171)) - c82cdedb-f905-4590-81cd-07d79d7d23dd:group-22BD79A48E59 changes role from null to FOLLOWER at term 0 for startAsFollower
2019-08-20 10:22:15,735 INFO  impl.RoleInfo (RoleInfo.java:updateAndGet(143)) - c82cdedb-f905-4590-81cd-07d79d7d23dd: start FollowerState
2019-08-20 10:22:15,744 INFO  util.JmxRegister (JmxRegister.java:tryRegister(44)) - Successfully registered JMX Bean with object name Ratis:service=RaftServer,group=group-22BD79A48E59,id=c82cdedb-f905-4590-81cd-07d79d7d23dd
2019-08-20 10:22:15,755 INFO  pipeline.PipelineStateManager (PipelineStateManager.java:addPipeline(56)) - Created pipeline Pipeline[ Id: 0a0dae25-c57e-42b3-a7d5-22bd79a48e59, Nodes: c82cdedb-f905-4590-81cd-07d79d7d23dd{ip: 192.168.5.133, host: pr-hdds-1054s69ht-3886455778, networkLocation: /default-rack, certSerialId: null}, Type:RATIS, Factor:ONE, State:OPEN]
2019-08-20 10:22:15,886 INFO  net.NetworkTopology (NetworkTopologyImpl.java:add(110)) - Added a new node: /default-rack/eddcc57c-da79-40bf-a8f7-7b350fcd6b06
2019-08-20 10:22:15,886 INFO  node.SCMNodeManager (SCMNodeManager.java:register(273)) - Registered Data node : eddcc57c-da79-40bf-a8f7-7b350fcd6b06{ip: 192.168.5.133, host: pr-hdds-1054s69ht-3886455778, networkLocation: /default-rack, certSerialId: null}
2019-08-20 10:22:15,897 INFO  impl.RaftServerProxy (RaftServerProxy.java:addNew(89)) - eddcc57c-da79-40bf-a8f7-7b350fcd6b06: addNew group-4749DBB6E38B:[eddcc57c-da79-40bf-a8f7-7b350fcd6b06:192.168.5.133:34322] returns group-4749DBB6E38B:java.util.concurrent.CompletableFuture@28af70d9[Not completed]
2019-08-20 10:22:15,899 INFO  impl.RaftServerImpl (RaftServerImpl.java:<init>(93)) - eddcc57c-da79-40bf-a8f7-7b350fcd6b06: new RaftServerImpl for group-4749DBB6E38B:[eddcc57c-da79-40bf-a8f7-7b350fcd6b06:192.168.5.133:34322] with ContainerStateMachine:uninitialized
2019-08-20 10:22:15,899 INFO  server.RaftServerConfigKeys (ConfUtils.java:logGet(43)) - raft.server.rpc.timeout.min = 5s (custom)
2019-08-20 10:22:15,899 INFO  server.RaftServerConfigKeys (ConfUtils.java:logGet(43)) - raft.server.rpc.timeout.max = 5200ms (custom)
2019-08-20 10:22:15,899 INFO  server.RaftServerConfigKeys (ConfUtils.java:logGet(43)) - raft.server.rpcslowness.timeout = 120s (custom)
2019-08-20 10:22:15,899 INFO  server.RaftServerConfigKeys (ConfUtils.java:logGet(43)) - raft.server.sleep.deviation.threshold = 300 (default)
2019-08-20 10:22:15,899 INFO  server.RaftServerConfigKeys (ConfUtils.java:logGet(43)) - raft.server.log.appender.install.snapshot.enabled = false (custom)
2019-08-20 10:22:15,899 INFO  impl.RaftServerImpl (ServerState.java:<init>(105)) - eddcc57c-da79-40bf-a8f7-7b350fcd6b06:group-4749DBB6E38B ConfigurationManager, init=-1: [eddcc57c-da79-40bf-a8f7-7b350fcd6b06:192.168.5.133:34322], old=null, confs=<EMPTY_MAP>
2019-08-20 10:22:15,899 INFO  server.RaftServerConfigKeys (ConfUtils.java:logGet(43)) - raft.server.storage.dir = [/workdir/hadoop-ozone/integration-test/target/test-dir/MiniOzoneClusterImpl-bb41d155-d46c-4d70-b443-e80a9547f56a/datanode-4/data/ratis] (custom)
2019-08-20 10:22:15,900 INFO  storage.RaftStorageDirectory (RaftStorageDirectory.java:analyzeStorage(246)) - The storage directory /workdir/hadoop-ozone/integration-test/target/test-dir/MiniOzoneClusterImpl-bb41d155-d46c-4d70-b443-e80a9547f56a/datanode-4/data/ratis/26d244ce-741d-4553-b6fe-4749dbb6e38b does not exist. Creating ...
2019-08-20 10:22:15,912 INFO  storage.RaftStorageDirectory (RaftStorageDirectory.java:tryLock(328)) - Lock on /workdir/hadoop-ozone/integration-test/target/test-dir/MiniOzoneClusterImpl-bb41d155-d46c-4d70-b443-e80a9547f56a/datanode-4/data/ratis/26d244ce-741d-4553-b6fe-4749dbb6e38b/in_use.lock acquired by nodename 29280@pr-hdds-1054s69ht-3886455778
2019-08-20 10:22:15,925 INFO  storage.RaftStorage (RaftStorage.java:format(72)) - Storage directory /workdir/hadoop-ozone/integration-test/target/test-dir/MiniOzoneClusterImpl-bb41d155-d46c-4d70-b443-e80a9547f56a/datanode-4/data/ratis/26d244ce-741d-4553-b6fe-4749dbb6e38b has been successfully formatted.
2019-08-20 10:22:15,925 INFO  ratis.ContainerStateMachine (ContainerStateMachine.java:loadSnapshot(222)) - group-4749DBB6E38B: The snapshot info is null. Setting the last applied indexto:(t:0, i:~)
2019-08-20 10:22:15,926 INFO  server.RaftServerConfigKeys (ConfUtils.java:logGet(43)) - raft.server.leader.election.timeout = 120s (custom)
2019-08-20 10:22:15,926 INFO  server.RaftServerConfigKeys (ConfUtils.java:logGet(43)) - raft.server.log.use.memory = false (default)
2019-08-20 10:22:15,926 INFO  server.RaftServerConfigKeys (ConfUtils.java:logGet(43)) - raft.server.log.purge.gap = 1000000000 (custom)
2019-08-20 10:22:15,926 INFO  server.RaftServerConfigKeys (ConfUtils.java:logGet(43)) - raft.server.log.appender.buffer.byte-limit = 33554432 (custom)
2019-08-20 10:22:15,926 INFO  server.RaftServerConfigKeys (ConfUtils.java:logGet(43)) - raft.server.log.segment.size.max = 1048576 (custom)
2019-08-20 10:22:15,926 INFO  server.RaftServerConfigKeys (ConfUtils.java:logGet(43)) - raft.server.log.segment.cache.num.max = 2 (custom)
2019-08-20 10:22:15,926 INFO  segmented.SegmentedRaftLogWorker (SegmentedRaftLogWorker.java:<init>(172)) - new eddcc57c-da79-40bf-a8f7-7b350fcd6b06-SegmentedRaftLogWorker:Storage Directory /workdir/hadoop-ozone/integration-test/target/test-dir/MiniOzoneClusterImpl-bb41d155-d46c-4d70-b443-e80a9547f56a/datanode-4/data/ratis/26d244ce-741d-4553-b6fe-4749dbb6e38b for RaftStorage:Storage Directory /workdir/hadoop-ozone/integration-test/target/test-dir/MiniOzoneClusterImpl-bb41d155-d46c-4d70-b443-e80a9547f56a/datanode-4/data/ratis/26d244ce-741d-4553-b6fe-4749dbb6e38b
2019-08-20 10:22:15,926 INFO  server.RaftServerConfigKeys (ConfUtils.java:logGet(43)) - raft.server.log.queue.byte-limit = 2147483647 (custom)
2019-08-20 10:22:15,927 INFO  server.RaftServerConfigKeys (ConfUtils.java:logGet(43)) - raft.server.log.queue.element-limit = 1024 (custom)
2019-08-20 10:22:15,927 INFO  server.RaftServerConfigKeys (ConfUtils.java:logGet(43)) - raft.server.log.segment.size.max = 1048576 (custom)
2019-08-20 10:22:15,927 INFO  server.RaftServerConfigKeys (ConfUtils.java:logGet(43)) - raft.server.log.preallocated.size = 16384 (custom)
2019-08-20 10:22:15,927 INFO  server.RaftServerConfigKeys (ConfUtils.java:logGet(43)) - raft.server.log.write.buffer.size = 33554432 (custom)
2019-08-20 10:22:15,927 INFO  server.RaftServerConfigKeys (ConfUtils.java:logGet(43)) - raft.server.log.force.sync.num = 128 (default)
2019-08-20 10:22:15,927 INFO  server.RaftServerConfigKeys (ConfUtils.java:logGet(43)) - raft.server.log.statemachine.data.sync = true (default)
2019-08-20 10:22:15,927 INFO  server.RaftServerConfigKeys (ConfUtils.java:logGet(43)) - raft.server.log.statemachine.data.sync.timeout = 10s (default)
2019-08-20 10:22:15,927 INFO  server.RaftServerConfigKeys (ConfUtils.java:logGet(43)) - raft.server.log.statemachine.data.sync.timeout.retry = -1 (default)
2019-08-20 10:22:15,928 INFO  server.RaftServerConfigKeys (ConfUtils.java:logGet(43)) - raft.server.log.statemachine.data.caching.enabled = true (custom)
2019-08-20 10:22:15,928 INFO  segmented.SegmentedRaftLogWorker (SegmentedRaftLogWorker.java:lambda$new$0(132)) - eddcc57c-da79-40bf-a8f7-7b350fcd6b06-SegmentedRaftLogWorker:Storage Directory /workdir/hadoop-ozone/integration-test/target/test-dir/MiniOzoneClusterImpl-bb41d155-d46c-4d70-b443-e80a9547f56a/datanode-4/data/ratis/26d244ce-741d-4553-b6fe-4749dbb6e38b: flushIndex: setUnconditionally 0 -> -1
2019-08-20 10:22:15,928 INFO  server.RaftServerConfigKeys (ConfUtils.java:logGet(43)) - raft.server.snapshot.auto.trigger.enabled = true (custom)
2019-08-20 10:22:15,929 INFO  server.RaftServerConfigKeys (ConfUtils.java:logGet(43)) - raft.server.snapshot.auto.trigger.threshold = 10000 (custom)
2019-08-20 10:22:15,929 INFO  server.RaftServerConfigKeys (ConfUtils.java:logGet(43)) - raft.server.retrycache.expirytime = 600000ms (custom)
2019-08-20 10:22:15,929 INFO  impl.RaftServerImpl (RaftServerImpl.java:start(180)) - eddcc57c-da79-40bf-a8f7-7b350fcd6b06: start group-4749DBB6E38B
2019-08-20 10:22:15,929 INFO  impl.RaftServerImpl (RaftServerImpl.java:setRole(171)) - eddcc57c-da79-40bf-a8f7-7b350fcd6b06:group-4749DBB6E38B changes role from null to FOLLOWER at term 0 for startAsFollower
2019-08-20 10:22:15,929 INFO  impl.RoleInfo (RoleInfo.java:updateAndGet(143)) - eddcc57c-da79-40bf-a8f7-7b350fcd6b06: start FollowerState
2019-08-20 10:22:15,930 INFO  util.JmxRegister (JmxRegister.java:tryRegister(44)) - Successfully registered JMX Bean with object name Ratis:service=RaftServer,group=group-4749DBB6E38B,id=eddcc57c-da79-40bf-a8f7-7b350fcd6b06
2019-08-20 10:22:15,938 INFO  pipeline.PipelineStateManager (PipelineStateManager.java:addPipeline(56)) - Created pipeline Pipeline[ Id: 26d244ce-741d-4553-b6fe-4749dbb6e38b, Nodes: eddcc57c-da79-40bf-a8f7-7b350fcd6b06{ip: 192.168.5.133, host: pr-hdds-1054s69ht-3886455778, networkLocation: /default-rack, certSerialId: null}, Type:RATIS, Factor:ONE, State:OPEN]
2019-08-20 10:22:16,065 INFO  net.NetworkTopology (NetworkTopologyImpl.java:add(110)) - Added a new node: /default-rack/a2f98dcb-8e27-4a64-b63e-4873f01bbb94
2019-08-20 10:22:16,065 INFO  node.SCMNodeManager (SCMNodeManager.java:register(273)) - Registered Data node : a2f98dcb-8e27-4a64-b63e-4873f01bbb94{ip: 192.168.5.133, host: pr-hdds-1054s69ht-3886455778, networkLocation: /default-rack, certSerialId: null}
2019-08-20 10:22:16,076 INFO  impl.RaftServerProxy (RaftServerProxy.java:addNew(89)) - a2f98dcb-8e27-4a64-b63e-4873f01bbb94: addNew group-5DF7EE412D5F:[a2f98dcb-8e27-4a64-b63e-4873f01bbb94:192.168.5.133:45560] returns group-5DF7EE412D5F:java.util.concurrent.CompletableFuture@2909d165[Not completed]
2019-08-20 10:22:16,077 INFO  impl.RaftServerImpl (RaftServerImpl.java:<init>(93)) - a2f98dcb-8e27-4a64-b63e-4873f01bbb94: new RaftServerImpl for group-5DF7EE412D5F:[a2f98dcb-8e27-4a64-b63e-4873f01bbb94:192.168.5.133:45560] with ContainerStateMachine:uninitialized
2019-08-20 10:22:16,077 INFO  server.RaftServerConfigKeys (ConfUtils.java:logGet(43)) - raft.server.rpc.timeout.min = 5s (custom)
2019-08-20 10:22:16,077 INFO  server.RaftServerConfigKeys (ConfUtils.java:logGet(43)) - raft.server.rpc.timeout.max = 5200ms (custom)
2019-08-20 10:22:16,077 INFO  server.RaftServerConfigKeys (ConfUtils.java:logGet(43)) - raft.server.rpcslowness.timeout = 120s (custom)
2019-08-20 10:22:16,077 INFO  server.RaftServerConfigKeys (ConfUtils.java:logGet(43)) - raft.server.sleep.deviation.threshold = 300 (default)
2019-08-20 10:22:16,077 INFO  server.RaftServerConfigKeys (ConfUtils.java:logGet(43)) - raft.server.log.appender.install.snapshot.enabled = false (custom)
2019-08-20 10:22:16,077 INFO  impl.RaftServerImpl (ServerState.java:<init>(105)) - a2f98dcb-8e27-4a64-b63e-4873f01bbb94:group-5DF7EE412D5F ConfigurationManager, init=-1: [a2f98dcb-8e27-4a64-b63e-4873f01bbb94:192.168.5.133:45560], old=null, confs=<EMPTY_MAP>
2019-08-20 10:22:16,077 INFO  server.RaftServerConfigKeys (ConfUtils.java:logGet(43)) - raft.server.storage.dir = [/workdir/hadoop-ozone/integration-test/target/test-dir/MiniOzoneClusterImpl-bb41d155-d46c-4d70-b443-e80a9547f56a/datanode-5/data/ratis] (custom)
2019-08-20 10:22:16,078 INFO  storage.RaftStorageDirectory (RaftStorageDirectory.java:analyzeStorage(246)) - The storage directory /workdir/hadoop-ozone/integration-test/target/test-dir/MiniOzoneClusterImpl-bb41d155-d46c-4d70-b443-e80a9547f56a/datanode-5/data/ratis/72bb439b-0f45-4b07-86a4-5df7ee412d5f does not exist. Creating ...
2019-08-20 10:22:16,098 INFO  storage.RaftStorageDirectory (RaftStorageDirectory.java:tryLock(328)) - Lock on /workdir/hadoop-ozone/integration-test/target/test-dir/MiniOzoneClusterImpl-bb41d155-d46c-4d70-b443-e80a9547f56a/datanode-5/data/ratis/72bb439b-0f45-4b07-86a4-5df7ee412d5f/in_use.lock acquired by nodename 29280@pr-hdds-1054s69ht-3886455778
2019-08-20 10:22:16,111 INFO  storage.RaftStorage (RaftStorage.java:format(72)) - Storage directory /workdir/hadoop-ozone/integration-test/target/test-dir/MiniOzoneClusterImpl-bb41d155-d46c-4d70-b443-e80a9547f56a/datanode-5/data/ratis/72bb439b-0f45-4b07-86a4-5df7ee412d5f has been successfully formatted.
2019-08-20 10:22:16,111 INFO  ratis.ContainerStateMachine (ContainerStateMachine.java:loadSnapshot(222)) - group-5DF7EE412D5F: The snapshot info is null. Setting the last applied indexto:(t:0, i:~)
2019-08-20 10:22:16,111 INFO  server.RaftServerConfigKeys (ConfUtils.java:logGet(43)) - raft.server.leader.election.timeout = 120s (custom)
2019-08-20 10:22:16,111 INFO  server.RaftServerConfigKeys (ConfUtils.java:logGet(43)) - raft.server.log.use.memory = false (default)
2019-08-20 10:22:16,111 INFO  server.RaftServerConfigKeys (ConfUtils.java:logGet(43)) - raft.server.log.purge.gap = 1000000000 (custom)
2019-08-20 10:22:16,112 INFO  server.RaftServerConfigKeys (ConfUtils.java:logGet(43)) - raft.server.log.appender.buffer.byte-limit = 33554432 (custom)
2019-08-20 10:22:16,112 INFO  server.RaftServerConfigKeys (ConfUtils.java:logGet(43)) - raft.server.log.segment.size.max = 1048576 (custom)
2019-08-20 10:22:16,112 INFO  server.RaftServerConfigKeys (ConfUtils.java:logGet(43)) - raft.server.log.segment.cache.num.max = 2 (custom)
2019-08-20 10:22:16,112 INFO  segmented.SegmentedRaftLogWorker (SegmentedRaftLogWorker.java:<init>(172)) - new a2f98dcb-8e27-4a64-b63e-4873f01bbb94-SegmentedRaftLogWorker:Storage Directory /workdir/hadoop-ozone/integration-test/target/test-dir/MiniOzoneClusterImpl-bb41d155-d46c-4d70-b443-e80a9547f56a/datanode-5/data/ratis/72bb439b-0f45-4b07-86a4-5df7ee412d5f for RaftStorage:Storage Directory /workdir/hadoop-ozone/integration-test/target/test-dir/MiniOzoneClusterImpl-bb41d155-d46c-4d70-b443-e80a9547f56a/datanode-5/data/ratis/72bb439b-0f45-4b07-86a4-5df7ee412d5f
2019-08-20 10:22:16,112 INFO  server.RaftServerConfigKeys (ConfUtils.java:logGet(43)) - raft.server.log.queue.byte-limit = 2147483647 (custom)
2019-08-20 10:22:16,112 INFO  server.RaftServerConfigKeys (ConfUtils.java:logGet(43)) - raft.server.log.queue.element-limit = 1024 (custom)
2019-08-20 10:22:16,112 INFO  server.RaftServerConfigKeys (ConfUtils.java:logGet(43)) - raft.server.log.segment.size.max = 1048576 (custom)
2019-08-20 10:22:16,113 INFO  server.RaftServerConfigKeys (ConfUtils.java:logGet(43)) - raft.server.log.preallocated.size = 16384 (custom)
2019-08-20 10:22:16,113 INFO  server.RaftServerConfigKeys (ConfUtils.java:logGet(43)) - raft.server.log.write.buffer.size = 33554432 (custom)
2019-08-20 10:22:16,113 INFO  server.RaftServerConfigKeys (ConfUtils.java:logGet(43)) - raft.server.log.force.sync.num = 128 (default)
2019-08-20 10:22:16,113 INFO  server.RaftServerConfigKeys (ConfUtils.java:logGet(43)) - raft.server.log.statemachine.data.sync = true (default)
2019-08-20 10:22:16,113 INFO  server.RaftServerConfigKeys (ConfUtils.java:logGet(43)) - raft.server.log.statemachine.data.sync.timeout = 10s (default)
2019-08-20 10:22:16,113 INFO  server.RaftServerConfigKeys (ConfUtils.java:logGet(43)) - raft.server.log.statemachine.data.sync.timeout.retry = -1 (default)
2019-08-20 10:22:16,113 INFO  server.RaftServerConfigKeys (ConfUtils.java:logGet(43)) - raft.server.log.statemachine.data.caching.enabled = true (custom)
2019-08-20 10:22:16,114 INFO  segmented.SegmentedRaftLogWorker (SegmentedRaftLogWorker.java:lambda$new$0(132)) - a2f98dcb-8e27-4a64-b63e-4873f01bbb94-SegmentedRaftLogWorker:Storage Directory /workdir/hadoop-ozone/integration-test/target/test-dir/MiniOzoneClusterImpl-bb41d155-d46c-4d70-b443-e80a9547f56a/datanode-5/data/ratis/72bb439b-0f45-4b07-86a4-5df7ee412d5f: flushIndex: setUnconditionally 0 -> -1
2019-08-20 10:22:16,114 INFO  server.RaftServerConfigKeys (ConfUtils.java:logGet(43)) - raft.server.snapshot.auto.trigger.enabled = true (custom)
2019-08-20 10:22:16,114 INFO  server.RaftServerConfigKeys (ConfUtils.java:logGet(43)) - raft.server.snapshot.auto.trigger.threshold = 10000 (custom)
2019-08-20 10:22:16,114 INFO  server.RaftServerConfigKeys (ConfUtils.java:logGet(43)) - raft.server.retrycache.expirytime = 600000ms (custom)
2019-08-20 10:22:16,114 INFO  impl.RaftServerImpl (RaftServerImpl.java:start(180)) - a2f98dcb-8e27-4a64-b63e-4873f01bbb94: start group-5DF7EE412D5F
2019-08-20 10:22:16,114 INFO  impl.RaftServerImpl (RaftServerImpl.java:setRole(171)) - a2f98dcb-8e27-4a64-b63e-4873f01bbb94:group-5DF7EE412D5F changes role from null to FOLLOWER at term 0 for startAsFollower
2019-08-20 10:22:16,114 INFO  impl.RoleInfo (RoleInfo.java:updateAndGet(143)) - a2f98dcb-8e27-4a64-b63e-4873f01bbb94: start FollowerState
2019-08-20 10:22:16,115 INFO  util.JmxRegister (JmxRegister.java:tryRegister(44)) - Successfully registered JMX Bean with object name Ratis:service=RaftServer,group=group-5DF7EE412D5F,id=a2f98dcb-8e27-4a64-b63e-4873f01bbb94
2019-08-20 10:22:16,119 INFO  pipeline.PipelineStateManager (PipelineStateManager.java:addPipeline(56)) - Created pipeline Pipeline[ Id: 72bb439b-0f45-4b07-86a4-5df7ee412d5f, Nodes: a2f98dcb-8e27-4a64-b63e-4873f01bbb94{ip: 192.168.5.133, host: pr-hdds-1054s69ht-3886455778, networkLocation: /default-rack, certSerialId: null}, Type:RATIS, Factor:ONE, State:OPEN]
2019-08-20 10:22:16,152 INFO  impl.RaftServerProxy (RaftServerProxy.java:addNew(89)) - a2f98dcb-8e27-4a64-b63e-4873f01bbb94: addNew group-9EA0E01C8C3B:[a2f98dcb-8e27-4a64-b63e-4873f01bbb94:192.168.5.133:45560, c82cdedb-f905-4590-81cd-07d79d7d23dd:192.168.5.133:45135, eddcc57c-da79-40bf-a8f7-7b350fcd6b06:192.168.5.133:34322] returns group-9EA0E01C8C3B:java.util.concurrent.CompletableFuture@77a1bba9[Not completed]
2019-08-20 10:22:16,152 INFO  impl.RaftServerProxy (RaftServerProxy.java:addNew(89)) - eddcc57c-da79-40bf-a8f7-7b350fcd6b06: addNew group-9EA0E01C8C3B:[a2f98dcb-8e27-4a64-b63e-4873f01bbb94:192.168.5.133:45560, c82cdedb-f905-4590-81cd-07d79d7d23dd:192.168.5.133:45135, eddcc57c-da79-40bf-a8f7-7b350fcd6b06:192.168.5.133:34322] returns group-9EA0E01C8C3B:java.util.concurrent.CompletableFuture@4cbde44e[Not completed]
2019-08-20 10:22:16,152 INFO  impl.RaftServerProxy (RaftServerProxy.java:addNew(89)) - c82cdedb-f905-4590-81cd-07d79d7d23dd: addNew group-9EA0E01C8C3B:[a2f98dcb-8e27-4a64-b63e-4873f01bbb94:192.168.5.133:45560, c82cdedb-f905-4590-81cd-07d79d7d23dd:192.168.5.133:45135, eddcc57c-da79-40bf-a8f7-7b350fcd6b06:192.168.5.133:34322] returns group-9EA0E01C8C3B:java.util.concurrent.CompletableFuture@10d23127[Not completed]
2019-08-20 10:22:16,153 INFO  impl.RaftServerImpl (RaftServerImpl.java:<init>(93)) - a2f98dcb-8e27-4a64-b63e-4873f01bbb94: new RaftServerImpl for group-9EA0E01C8C3B:[a2f98dcb-8e27-4a64-b63e-4873f01bbb94:192.168.5.133:45560, c82cdedb-f905-4590-81cd-07d79d7d23dd:192.168.5.133:45135, eddcc57c-da79-40bf-a8f7-7b350fcd6b06:192.168.5.133:34322] with ContainerStateMachine:uninitialized
2019-08-20 10:22:16,153 INFO  server.RaftServerConfigKeys (ConfUtils.java:logGet(43)) - raft.server.rpc.timeout.min = 5s (custom)
2019-08-20 10:22:16,153 INFO  server.RaftServerConfigKeys (ConfUtils.java:logGet(43)) - raft.server.rpc.timeout.max = 5200ms (custom)
2019-08-20 10:22:16,153 INFO  server.RaftServerConfigKeys (ConfUtils.java:logGet(43)) - raft.server.rpcslowness.timeout = 120s (custom)
2019-08-20 10:22:16,153 INFO  impl.RaftServerImpl (RaftServerImpl.java:<init>(93)) - eddcc57c-da79-40bf-a8f7-7b350fcd6b06: new RaftServerImpl for group-9EA0E01C8C3B:[a2f98dcb-8e27-4a64-b63e-4873f01bbb94:192.168.5.133:45560, c82cdedb-f905-4590-81cd-07d79d7d23dd:192.168.5.133:45135, eddcc57c-da79-40bf-a8f7-7b350fcd6b06:192.168.5.133:34322] with ContainerStateMachine:uninitialized
2019-08-20 10:22:16,153 INFO  server.RaftServerConfigKeys (ConfUtils.java:logGet(43)) - raft.server.sleep.deviation.threshold = 300 (default)
2019-08-20 10:22:16,154 INFO  server.RaftServerConfigKeys (ConfUtils.java:logGet(43)) - raft.server.rpc.timeout.min = 5s (custom)
2019-08-20 10:22:16,154 INFO  impl.RaftServerImpl (RaftServerImpl.java:<init>(93)) - c82cdedb-f905-4590-81cd-07d79d7d23dd: new RaftServerImpl for group-9EA0E01C8C3B:[a2f98dcb-8e27-4a64-b63e-4873f01bbb94:192.168.5.133:45560, c82cdedb-f905-4590-81cd-07d79d7d23dd:192.168.5.133:45135, eddcc57c-da79-40bf-a8f7-7b350fcd6b06:192.168.5.133:34322] with ContainerStateMachine:uninitialized
2019-08-20 10:22:16,154 INFO  server.RaftServerConfigKeys (ConfUtils.java:logGet(43)) - raft.server.log.appender.install.snapshot.enabled = false (custom)
2019-08-20 10:22:16,154 INFO  server.RaftServerConfigKeys (ConfUtils.java:logGet(43)) - raft.server.rpc.timeout.min = 5s (custom)
2019-08-20 10:22:16,154 INFO  server.RaftServerConfigKeys (ConfUtils.java:logGet(43)) - raft.server.rpc.timeout.max = 5200ms (custom)
2019-08-20 10:22:16,154 INFO  server.RaftServerConfigKeys (ConfUtils.java:logGet(43)) - raft.server.rpc.timeout.max = 5200ms (custom)
2019-08-20 10:22:16,154 INFO  impl.RaftServerImpl (ServerState.java:<init>(105)) - a2f98dcb-8e27-4a64-b63e-4873f01bbb94:group-9EA0E01C8C3B ConfigurationManager, init=-1: [a2f98dcb-8e27-4a64-b63e-4873f01bbb94:192.168.5.133:45560, c82cdedb-f905-4590-81cd-07d79d7d23dd:192.168.5.133:45135, eddcc57c-da79-40bf-a8f7-7b350fcd6b06:192.168.5.133:34322], old=null, confs=<EMPTY_MAP>
2019-08-20 10:22:16,154 INFO  server.RaftServerConfigKeys (ConfUtils.java:logGet(43)) - raft.server.rpcslowness.timeout = 120s (custom)
2019-08-20 10:22:16,154 INFO  server.RaftServerConfigKeys (ConfUtils.java:logGet(43)) - raft.server.rpcslowness.timeout = 120s (custom)
2019-08-20 10:22:16,155 INFO  server.RaftServerConfigKeys (ConfUtils.java:logGet(43)) - raft.server.sleep.deviation.threshold = 300 (default)
2019-08-20 10:22:16,155 INFO  server.RaftServerConfigKeys (ConfUtils.java:logGet(43)) - raft.server.storage.dir = [/workdir/hadoop-ozone/integration-test/target/test-dir/MiniOzoneClusterImpl-bb41d155-d46c-4d70-b443-e80a9547f56a/datanode-5/data/ratis] (custom)
2019-08-20 10:22:16,155 INFO  server.RaftServerConfigKeys (ConfUtils.java:logGet(43)) - raft.server.log.appender.install.snapshot.enabled = false (custom)
2019-08-20 10:22:16,155 INFO  server.RaftServerConfigKeys (ConfUtils.java:logGet(43)) - raft.server.sleep.deviation.threshold = 300 (default)
2019-08-20 10:22:16,155 INFO  storage.RaftStorageDirectory (RaftStorageDirectory.java:analyzeStorage(246)) - The storage directory /workdir/hadoop-ozone/integration-test/target/test-dir/MiniOzoneClusterImpl-bb41d155-d46c-4d70-b443-e80a9547f56a/datanode-5/data/ratis/bae2db77-b8b4-4514-bf05-9ea0e01c8c3b does not exist. Creating ...
2019-08-20 10:22:16,155 INFO  impl.RaftServerImpl (ServerState.java:<init>(105)) - c82cdedb-f905-4590-81cd-07d79d7d23dd:group-9EA0E01C8C3B ConfigurationManager, init=-1: [a2f98dcb-8e27-4a64-b63e-4873f01bbb94:192.168.5.133:45560, c82cdedb-f905-4590-81cd-07d79d7d23dd:192.168.5.133:45135, eddcc57c-da79-40bf-a8f7-7b350fcd6b06:192.168.5.133:34322], old=null, confs=<EMPTY_MAP>
2019-08-20 10:22:16,155 INFO  server.RaftServerConfigKeys (ConfUtils.java:logGet(43)) - raft.server.log.appender.install.snapshot.enabled = false (custom)
2019-08-20 10:22:16,155 INFO  server.RaftServerConfigKeys (ConfUtils.java:logGet(43)) - raft.server.storage.dir = [/workdir/hadoop-ozone/integration-test/target/test-dir/MiniOzoneClusterImpl-bb41d155-d46c-4d70-b443-e80a9547f56a/datanode-3/data/ratis] (custom)
2019-08-20 10:22:16,156 INFO  impl.RaftServerImpl (ServerState.java:<init>(105)) - eddcc57c-da79-40bf-a8f7-7b350fcd6b06:group-9EA0E01C8C3B ConfigurationManager, init=-1: [a2f98dcb-8e27-4a64-b63e-4873f01bbb94:192.168.5.133:45560, c82cdedb-f905-4590-81cd-07d79d7d23dd:192.168.5.133:45135, eddcc57c-da79-40bf-a8f7-7b350fcd6b06:192.168.5.133:34322], old=null, confs=<EMPTY_MAP>
2019-08-20 10:22:16,156 INFO  server.RaftServerConfigKeys (ConfUtils.java:logGet(43)) - raft.server.storage.dir = [/workdir/hadoop-ozone/integration-test/target/test-dir/MiniOzoneClusterImpl-bb41d155-d46c-4d70-b443-e80a9547f56a/datanode-4/data/ratis] (custom)
2019-08-20 10:22:16,156 INFO  storage.RaftStorageDirectory (RaftStorageDirectory.java:analyzeStorage(246)) - The storage directory /workdir/hadoop-ozone/integration-test/target/test-dir/MiniOzoneClusterImpl-bb41d155-d46c-4d70-b443-e80a9547f56a/datanode-3/data/ratis/bae2db77-b8b4-4514-bf05-9ea0e01c8c3b does not exist. Creating ...
2019-08-20 10:22:16,156 INFO  storage.RaftStorageDirectory (RaftStorageDirectory.java:analyzeStorage(246)) - The storage directory /workdir/hadoop-ozone/integration-test/target/test-dir/MiniOzoneClusterImpl-bb41d155-d46c-4d70-b443-e80a9547f56a/datanode-4/data/ratis/bae2db77-b8b4-4514-bf05-9ea0e01c8c3b does not exist. Creating ...
2019-08-20 10:22:16,169 INFO  storage.RaftStorageDirectory (RaftStorageDirectory.java:tryLock(328)) - Lock on /workdir/hadoop-ozone/integration-test/target/test-dir/MiniOzoneClusterImpl-bb41d155-d46c-4d70-b443-e80a9547f56a/datanode-5/data/ratis/bae2db77-b8b4-4514-bf05-9ea0e01c8c3b/in_use.lock acquired by nodename 29280@pr-hdds-1054s69ht-3886455778
2019-08-20 10:22:16,169 INFO  storage.RaftStorageDirectory (RaftStorageDirectory.java:tryLock(328)) - Lock on /workdir/hadoop-ozone/integration-test/target/test-dir/MiniOzoneClusterImpl-bb41d155-d46c-4d70-b443-e80a9547f56a/datanode-3/data/ratis/bae2db77-b8b4-4514-bf05-9ea0e01c8c3b/in_use.lock acquired by nodename 29280@pr-hdds-1054s69ht-3886455778
2019-08-20 10:22:16,169 INFO  storage.RaftStorageDirectory (RaftStorageDirectory.java:tryLock(328)) - Lock on /workdir/hadoop-ozone/integration-test/target/test-dir/MiniOzoneClusterImpl-bb41d155-d46c-4d70-b443-e80a9547f56a/datanode-4/data/ratis/bae2db77-b8b4-4514-bf05-9ea0e01c8c3b/in_use.lock acquired by nodename 29280@pr-hdds-1054s69ht-3886455778
2019-08-20 10:22:16,183 INFO  storage.RaftStorage (RaftStorage.java:format(72)) - Storage directory /workdir/hadoop-ozone/integration-test/target/test-dir/MiniOzoneClusterImpl-bb41d155-d46c-4d70-b443-e80a9547f56a/datanode-5/data/ratis/bae2db77-b8b4-4514-bf05-9ea0e01c8c3b has been successfully formatted.
2019-08-20 10:22:16,183 INFO  storage.RaftStorage (RaftStorage.java:format(72)) - Storage directory /workdir/hadoop-ozone/integration-test/target/test-dir/MiniOzoneClusterImpl-bb41d155-d46c-4d70-b443-e80a9547f56a/datanode-4/data/ratis/bae2db77-b8b4-4514-bf05-9ea0e01c8c3b has been successfully formatted.
2019-08-20 10:22:16,183 INFO  ratis.ContainerStateMachine (ContainerStateMachine.java:loadSnapshot(222)) - group-9EA0E01C8C3B: The snapshot info is null. Setting the last applied indexto:(t:0, i:~)
2019-08-20 10:22:16,183 INFO  ratis.ContainerStateMachine (ContainerStateMachine.java:loadSnapshot(222)) - group-9EA0E01C8C3B: The snapshot info is null. Setting the last applied indexto:(t:0, i:~)
2019-08-20 10:22:16,183 INFO  storage.RaftStorage (RaftStorage.java:format(72)) - Storage directory /workdir/hadoop-ozone/integration-test/target/test-dir/MiniOzoneClusterImpl-bb41d155-d46c-4d70-b443-e80a9547f56a/datanode-3/data/ratis/bae2db77-b8b4-4514-bf05-9ea0e01c8c3b has been successfully formatted.
2019-08-20 10:22:16,183 INFO  server.RaftServerConfigKeys (ConfUtils.java:logGet(43)) - raft.server.leader.election.timeout = 120s (custom)
2019-08-20 10:22:16,183 INFO  server.RaftServerConfigKeys (ConfUtils.java:logGet(43)) - raft.server.leader.election.timeout = 120s (custom)
2019-08-20 10:22:16,183 INFO  server.RaftServerConfigKeys (ConfUtils.java:logGet(43)) - raft.server.log.use.memory = false (default)
2019-08-20 10:22:16,183 INFO  server.RaftServerConfigKeys (ConfUtils.java:logGet(43)) - raft.server.log.use.memory = false (default)
2019-08-20 10:22:16,183 INFO  server.RaftServerConfigKeys (ConfUtils.java:logGet(43)) - raft.server.log.purge.gap = 1000000000 (custom)
2019-08-20 10:22:16,183 INFO  server.RaftServerConfigKeys (ConfUtils.java:logGet(43)) - raft.server.log.purge.gap = 1000000000 (custom)
2019-08-20 10:22:16,184 INFO  server.RaftServerConfigKeys (ConfUtils.java:logGet(43)) - raft.server.log.appender.buffer.byte-limit = 33554432 (custom)
2019-08-20 10:22:16,184 INFO  server.RaftServerConfigKeys (ConfUtils.java:logGet(43)) - raft.server.log.appender.buffer.byte-limit = 33554432 (custom)
2019-08-20 10:22:16,184 INFO  ratis.ContainerStateMachine (ContainerStateMachine.java:loadSnapshot(222)) - group-9EA0E01C8C3B: The snapshot info is null. Setting the last applied indexto:(t:0, i:~)
2019-08-20 10:22:16,184 INFO  server.RaftServerConfigKeys (ConfUtils.java:logGet(43)) - raft.server.log.segment.size.max = 1048576 (custom)
2019-08-20 10:22:16,184 INFO  server.RaftServerConfigKeys (ConfUtils.java:logGet(43)) - raft.server.leader.election.timeout = 120s (custom)
2019-08-20 10:22:16,184 INFO  server.RaftServerConfigKeys (ConfUtils.java:logGet(43)) - raft.server.log.segment.size.max = 1048576 (custom)
2019-08-20 10:22:16,184 INFO  server.RaftServerConfigKeys (ConfUtils.java:logGet(43)) - raft.server.log.use.memory = false (default)
2019-08-20 10:22:16,184 INFO  server.RaftServerConfigKeys (ConfUtils.java:logGet(43)) - raft.server.log.segment.cache.num.max = 2 (custom)
2019-08-20 10:22:16,184 INFO  server.RaftServerConfigKeys (ConfUtils.java:logGet(43)) - raft.server.log.purge.gap = 1000000000 (custom)
2019-08-20 10:22:16,184 INFO  server.RaftServerConfigKeys (ConfUtils.java:logGet(43)) - raft.server.log.segment.cache.num.max = 2 (custom)
2019-08-20 10:22:16,185 INFO  server.RaftServerConfigKeys (ConfUtils.java:logGet(43)) - raft.server.log.appender.buffer.byte-limit = 33554432 (custom)
2019-08-20 10:22:16,184 INFO  segmented.SegmentedRaftLogWorker (SegmentedRaftLogWorker.java:<init>(172)) - new eddcc57c-da79-40bf-a8f7-7b350fcd6b06-SegmentedRaftLogWorker:Storage Directory /workdir/hadoop-ozone/integration-test/target/test-dir/MiniOzoneClusterImpl-bb41d155-d46c-4d70-b443-e80a9547f56a/datanode-4/data/ratis/bae2db77-b8b4-4514-bf05-9ea0e01c8c3b for RaftStorage:Storage Directory /workdir/hadoop-ozone/integration-test/target/test-dir/MiniOzoneClusterImpl-bb41d155-d46c-4d70-b443-e80a9547f56a/datanode-4/data/ratis/bae2db77-b8b4-4514-bf05-9ea0e01c8c3b
2019-08-20 10:22:16,185 INFO  server.RaftServerConfigKeys (ConfUtils.java:logGet(43)) - raft.server.log.segment.size.max = 1048576 (custom)
2019-08-20 10:22:16,185 INFO  segmented.SegmentedRaftLogWorker (SegmentedRaftLogWorker.java:<init>(172)) - new a2f98dcb-8e27-4a64-b63e-4873f01bbb94-SegmentedRaftLogWorker:Storage Directory /workdir/hadoop-ozone/integration-test/target/test-dir/MiniOzoneClusterImpl-bb41d155-d46c-4d70-b443-e80a9547f56a/datanode-5/data/ratis/bae2db77-b8b4-4514-bf05-9ea0e01c8c3b for RaftStorage:Storage Directory /workdir/hadoop-ozone/integration-test/target/test-dir/MiniOzoneClusterImpl-bb41d155-d46c-4d70-b443-e80a9547f56a/datanode-5/data/ratis/bae2db77-b8b4-4514-bf05-9ea0e01c8c3b
2019-08-20 10:22:16,185 INFO  server.RaftServerConfigKeys (ConfUtils.java:logGet(43)) - raft.server.log.segment.cache.num.max = 2 (custom)
2019-08-20 10:22:16,185 INFO  server.RaftServerConfigKeys (ConfUtils.java:logGet(43)) - raft.server.log.queue.byte-limit = 2147483647 (custom)
2019-08-20 10:22:16,185 INFO  segmented.SegmentedRaftLogWorker (SegmentedRaftLogWorker.java:<init>(172)) - new c82cdedb-f905-4590-81cd-07d79d7d23dd-SegmentedRaftLogWorker:Storage Directory /workdir/hadoop-ozone/integration-test/target/test-dir/MiniOzoneClusterImpl-bb41d155-d46c-4d70-b443-e80a9547f56a/datanode-3/data/ratis/bae2db77-b8b4-4514-bf05-9ea0e01c8c3b for RaftStorage:Storage Directory /workdir/hadoop-ozone/integration-test/target/test-dir/MiniOzoneClusterImpl-bb41d155-d46c-4d70-b443-e80a9547f56a/datanode-3/data/ratis/bae2db77-b8b4-4514-bf05-9ea0e01c8c3b
2019-08-20 10:22:16,185 INFO  server.RaftServerConfigKeys (ConfUtils.java:logGet(43)) - raft.server.log.queue.byte-limit = 2147483647 (custom)
2019-08-20 10:22:16,185 INFO  server.RaftServerConfigKeys (ConfUtils.java:logGet(43)) - raft.server.log.queue.byte-limit = 2147483647 (custom)
2019-08-20 10:22:16,186 INFO  server.RaftServerConfigKeys (ConfUtils.java:logGet(43)) - raft.server.log.queue.element-limit = 1024 (custom)
2019-08-20 10:22:16,185 INFO  server.RaftServerConfigKeys (ConfUtils.java:logGet(43)) - raft.server.log.queue.element-limit = 1024 (custom)
2019-08-20 10:22:16,186 INFO  server.RaftServerConfigKeys (ConfUtils.java:logGet(43)) - raft.server.log.segment.size.max = 1048576 (custom)
2019-08-20 10:22:16,186 INFO  server.RaftServerConfigKeys (ConfUtils.java:logGet(43)) - raft.server.log.preallocated.size = 16384 (custom)
2019-08-20 10:22:16,186 INFO  server.RaftServerConfigKeys (ConfUtils.java:logGet(43)) - raft.server.log.queue.element-limit = 1024 (custom)
2019-08-20 10:22:16,186 INFO  server.RaftServerConfigKeys (ConfUtils.java:logGet(43)) - raft.server.log.write.buffer.size = 33554432 (custom)
2019-08-20 10:22:16,186 INFO  server.RaftServerConfigKeys (ConfUtils.java:logGet(43)) - raft.server.log.force.sync.num = 128 (default)
2019-08-20 10:22:16,186 INFO  server.RaftServerConfigKeys (ConfUtils.java:logGet(43)) - raft.server.log.segment.size.max = 1048576 (custom)
2019-08-20 10:22:16,186 INFO  server.RaftServerConfigKeys (ConfUtils.java:logGet(43)) - raft.server.log.statemachine.data.sync = true (default)
2019-08-20 10:22:16,186 INFO  server.RaftServerConfigKeys (ConfUtils.java:logGet(43)) - raft.server.log.segment.size.max = 1048576 (custom)
2019-08-20 10:22:16,187 INFO  server.RaftServerConfigKeys (ConfUtils.java:logGet(43)) - raft.server.log.statemachine.data.sync.timeout = 10s (default)
2019-08-20 10:22:16,187 INFO  server.RaftServerConfigKeys (ConfUtils.java:logGet(43)) - raft.server.log.preallocated.size = 16384 (custom)
2019-08-20 10:22:16,187 INFO  server.RaftServerConfigKeys (ConfUtils.java:logGet(43)) - raft.server.log.statemachine.data.sync.timeout.retry = -1 (default)
2019-08-20 10:22:16,187 INFO  server.RaftServerConfigKeys (ConfUtils.java:logGet(43)) - raft.server.log.preallocated.size = 16384 (custom)
2019-08-20 10:22:16,187 INFO  server.RaftServerConfigKeys (ConfUtils.java:logGet(43)) - raft.server.log.statemachine.data.caching.enabled = true (custom)
2019-08-20 10:22:16,187 INFO  server.RaftServerConfigKeys (ConfUtils.java:logGet(43)) - raft.server.log.write.buffer.size = 33554432 (custom)
2019-08-20 10:22:16,187 INFO  server.RaftServerConfigKeys (ConfUtils.java:logGet(43)) - raft.server.log.write.buffer.size = 33554432 (custom)
2019-08-20 10:22:16,187 INFO  segmented.SegmentedRaftLogWorker (SegmentedRaftLogWorker.java:lambda$new$0(132)) - c82cdedb-f905-4590-81cd-07d79d7d23dd-SegmentedRaftLogWorker:Storage Directory /workdir/hadoop-ozone/integration-test/target/test-dir/MiniOzoneClusterImpl-bb41d155-d46c-4d70-b443-e80a9547f56a/datanode-3/data/ratis/bae2db77-b8b4-4514-bf05-9ea0e01c8c3b: flushIndex: setUnconditionally 0 -> -1
2019-08-20 10:22:16,187 INFO  server.RaftServerConfigKeys (ConfUtils.java:logGet(43)) - raft.server.log.force.sync.num = 128 (default)
2019-08-20 10:22:16,187 INFO  server.RaftServerConfigKeys (ConfUtils.java:logGet(43)) - raft.server.log.force.sync.num = 128 (default)
2019-08-20 10:22:16,188 INFO  server.RaftServerConfigKeys (ConfUtils.java:logGet(43)) - raft.server.log.statemachine.data.sync = true (default)
2019-08-20 10:22:16,188 INFO  server.RaftServerConfigKeys (ConfUtils.java:logGet(43)) - raft.server.snapshot.auto.trigger.enabled = true (custom)
2019-08-20 10:22:16,188 INFO  server.RaftServerConfigKeys (ConfUtils.java:logGet(43)) - raft.server.log.statemachine.data.sync = true (default)
2019-08-20 10:22:16,188 INFO  server.RaftServerConfigKeys (ConfUtils.java:logGet(43)) - raft.server.snapshot.auto.trigger.threshold = 10000 (custom)
2019-08-20 10:22:16,188 INFO  server.RaftServerConfigKeys (ConfUtils.java:logGet(43)) - raft.server.log.statemachine.data.sync.timeout = 10s (default)
2019-08-20 10:22:16,188 INFO  server.RaftServerConfigKeys (ConfUtils.java:logGet(43)) - raft.server.retrycache.expirytime = 600000ms (custom)
2019-08-20 10:22:16,188 INFO  server.RaftServerConfigKeys (ConfUtils.java:logGet(43)) - raft.server.log.statemachine.data.sync.timeout = 10s (default)
2019-08-20 10:22:16,188 INFO  server.RaftServerConfigKeys (ConfUtils.java:logGet(43)) - raft.server.log.statemachine.data.sync.timeout.retry = -1 (default)
2019-08-20 10:22:16,189 INFO  server.RaftServerConfigKeys (ConfUtils.java:logGet(43)) - raft.server.log.statemachine.data.sync.timeout.retry = -1 (default)
2019-08-20 10:22:16,189 INFO  impl.RaftServerImpl (RaftServerImpl.java:start(180)) - c82cdedb-f905-4590-81cd-07d79d7d23dd: start group-9EA0E01C8C3B
2019-08-20 10:22:16,189 INFO  server.RaftServerConfigKeys (ConfUtils.java:logGet(43)) - raft.server.log.statemachine.data.caching.enabled = true (custom)
2019-08-20 10:22:16,189 INFO  server.RaftServerConfigKeys (ConfUtils.java:logGet(43)) - raft.server.log.statemachine.data.caching.enabled = true (custom)
2019-08-20 10:22:16,189 INFO  impl.RaftServerImpl (RaftServerImpl.java:setRole(171)) - c82cdedb-f905-4590-81cd-07d79d7d23dd:group-9EA0E01C8C3B changes role from null to FOLLOWER at term 0 for startAsFollower
2019-08-20 10:22:16,189 INFO  segmented.SegmentedRaftLogWorker (SegmentedRaftLogWorker.java:lambda$new$0(132)) - eddcc57c-da79-40bf-a8f7-7b350fcd6b06-SegmentedRaftLogWorker:Storage Directory /workdir/hadoop-ozone/integration-test/target/test-dir/MiniOzoneClusterImpl-bb41d155-d46c-4d70-b443-e80a9547f56a/datanode-4/data/ratis/bae2db77-b8b4-4514-bf05-9ea0e01c8c3b: flushIndex: setUnconditionally 0 -> -1
2019-08-20 10:22:16,189 INFO  segmented.SegmentedRaftLogWorker (SegmentedRaftLogWorker.java:lambda$new$0(132)) - a2f98dcb-8e27-4a64-b63e-4873f01bbb94-SegmentedRaftLogWorker:Storage Directory /workdir/hadoop-ozone/integration-test/target/test-dir/MiniOzoneClusterImpl-bb41d155-d46c-4d70-b443-e80a9547f56a/datanode-5/data/ratis/bae2db77-b8b4-4514-bf05-9ea0e01c8c3b: flushIndex: setUnconditionally 0 -> -1
2019-08-20 10:22:16,189 INFO  impl.RoleInfo (RoleInfo.java:updateAndGet(143)) - c82cdedb-f905-4590-81cd-07d79d7d23dd: start FollowerState
2019-08-20 10:22:16,190 INFO  server.RaftServerConfigKeys (ConfUtils.java:logGet(43)) - raft.server.snapshot.auto.trigger.enabled = true (custom)
2019-08-20 10:22:16,190 INFO  server.RaftServerConfigKeys (ConfUtils.java:logGet(43)) - raft.server.snapshot.auto.trigger.enabled = true (custom)
2019-08-20 10:22:16,190 INFO  server.RaftServerConfigKeys (ConfUtils.java:logGet(43)) - raft.server.snapshot.auto.trigger.threshold = 10000 (custom)
2019-08-20 10:22:16,190 INFO  server.RaftServerConfigKeys (ConfUtils.java:logGet(43)) - raft.server.snapshot.auto.trigger.threshold = 10000 (custom)
2019-08-20 10:22:16,190 INFO  server.RaftServerConfigKeys (ConfUtils.java:logGet(43)) - raft.server.retrycache.expirytime = 600000ms (custom)
2019-08-20 10:22:16,190 INFO  util.JmxRegister (JmxRegister.java:tryRegister(44)) - Successfully registered JMX Bean with object name Ratis:service=RaftServer,group=group-9EA0E01C8C3B,id=c82cdedb-f905-4590-81cd-07d79d7d23dd
2019-08-20 10:22:16,190 INFO  server.RaftServerConfigKeys (ConfUtils.java:logGet(43)) - raft.server.retrycache.expirytime = 600000ms (custom)
2019-08-20 10:22:16,190 INFO  impl.RaftServerImpl (RaftServerImpl.java:start(180)) - eddcc57c-da79-40bf-a8f7-7b350fcd6b06: start group-9EA0E01C8C3B
2019-08-20 10:22:16,190 INFO  impl.RaftServerImpl (RaftServerImpl.java:start(180)) - a2f98dcb-8e27-4a64-b63e-4873f01bbb94: start group-9EA0E01C8C3B
2019-08-20 10:22:16,190 INFO  impl.RaftServerImpl (RaftServerImpl.java:setRole(171)) - eddcc57c-da79-40bf-a8f7-7b350fcd6b06:group-9EA0E01C8C3B changes role from null to FOLLOWER at term 0 for startAsFollower
2019-08-20 10:22:16,190 INFO  impl.RaftServerImpl (RaftServerImpl.java:setRole(171)) - a2f98dcb-8e27-4a64-b63e-4873f01bbb94:group-9EA0E01C8C3B changes role from null to FOLLOWER at term 0 for startAsFollower
2019-08-20 10:22:16,191 INFO  impl.RoleInfo (RoleInfo.java:updateAndGet(143)) - eddcc57c-da79-40bf-a8f7-7b350fcd6b06: start FollowerState
2019-08-20 10:22:16,191 INFO  impl.RoleInfo (RoleInfo.java:updateAndGet(143)) - a2f98dcb-8e27-4a64-b63e-4873f01bbb94: start FollowerState
2019-08-20 10:22:16,191 INFO  util.JmxRegister (JmxRegister.java:tryRegister(44)) - Successfully registered JMX Bean with object name Ratis:service=RaftServer,group=group-9EA0E01C8C3B,id=eddcc57c-da79-40bf-a8f7-7b350fcd6b06
2019-08-20 10:22:16,191 INFO  util.JmxRegister (JmxRegister.java:tryRegister(44)) - Successfully registered JMX Bean with object name Ratis:service=RaftServer,group=group-9EA0E01C8C3B,id=a2f98dcb-8e27-4a64-b63e-4873f01bbb94
2019-08-20 10:22:16,199 INFO  pipeline.PipelineStateManager (PipelineStateManager.java:addPipeline(56)) - Created pipeline Pipeline[ Id: bae2db77-b8b4-4514-bf05-9ea0e01c8c3b, Nodes: a2f98dcb-8e27-4a64-b63e-4873f01bbb94{ip: 192.168.5.133, host: pr-hdds-1054s69ht-3886455778, networkLocation: /default-rack, certSerialId: null}c82cdedb-f905-4590-81cd-07d79d7d23dd{ip: 192.168.5.133, host: pr-hdds-1054s69ht-3886455778, networkLocation: /default-rack, certSerialId: null}eddcc57c-da79-40bf-a8f7-7b350fcd6b06{ip: 192.168.5.133, host: pr-hdds-1054s69ht-3886455778, networkLocation: /default-rack, certSerialId: null}, Type:RATIS, Factor:THREE, State:OPEN]
2019-08-20 10:22:16,247 INFO  ozone.MiniOzoneClusterImpl (MiniOzoneClusterImpl.java:lambda$waitForClusterToBeReady$0(142)) - Waiting for cluster to be ready. Got 6 of 7 DN Heartbeats.
2019-08-20 10:22:16,249 INFO  net.NetworkTopology (NetworkTopologyImpl.java:add(110)) - Added a new node: /default-rack/b2ac5990-f7ad-4521-bd7b-8d54ab25a987
2019-08-20 10:22:16,249 INFO  node.SCMNodeManager (SCMNodeManager.java:register(273)) - Registered Data node : b2ac5990-f7ad-4521-bd7b-8d54ab25a987{ip: 192.168.5.133, host: pr-hdds-1054s69ht-3886455778, networkLocation: /default-rack, certSerialId: null}
2019-08-20 10:22:16,265 INFO  impl.RaftServerProxy (RaftServerProxy.java:addNew(89)) - b2ac5990-f7ad-4521-bd7b-8d54ab25a987: addNew group-BD195E58821D:[b2ac5990-f7ad-4521-bd7b-8d54ab25a987:192.168.5.133:40626] returns group-BD195E58821D:java.util.concurrent.CompletableFuture@649f1eb8[Not completed]
2019-08-20 10:22:16,266 INFO  impl.RaftServerImpl (RaftServerImpl.java:<init>(93)) - b2ac5990-f7ad-4521-bd7b-8d54ab25a987: new RaftServerImpl for group-BD195E58821D:[b2ac5990-f7ad-4521-bd7b-8d54ab25a987:192.168.5.133:40626] with ContainerStateMachine:uninitialized
2019-08-20 10:22:16,266 INFO  server.RaftServerConfigKeys (ConfUtils.java:logGet(43)) - raft.server.rpc.timeout.min = 5s (custom)
2019-08-20 10:22:16,267 INFO  server.RaftServerConfigKeys (ConfUtils.java:logGet(43)) - raft.server.rpc.timeout.max = 5200ms (custom)
2019-08-20 10:22:16,267 INFO  server.RaftServerConfigKeys (ConfUtils.java:logGet(43)) - raft.server.rpcslowness.timeout = 120s (custom)
2019-08-20 10:22:16,267 INFO  server.RaftServerConfigKeys (ConfUtils.java:logGet(43)) - raft.server.sleep.deviation.threshold = 300 (default)
2019-08-20 10:22:16,267 INFO  server.RaftServerConfigKeys (ConfUtils.java:logGet(43)) - raft.server.log.appender.install.snapshot.enabled = false (custom)
2019-08-20 10:22:16,267 INFO  impl.RaftServerImpl (ServerState.java:<init>(105)) - b2ac5990-f7ad-4521-bd7b-8d54ab25a987:group-BD195E58821D ConfigurationManager, init=-1: [b2ac5990-f7ad-4521-bd7b-8d54ab25a987:192.168.5.133:40626], old=null, confs=<EMPTY_MAP>
2019-08-20 10:22:16,267 INFO  server.RaftServerConfigKeys (ConfUtils.java:logGet(43)) - raft.server.storage.dir = [/workdir/hadoop-ozone/integration-test/target/test-dir/MiniOzoneClusterImpl-bb41d155-d46c-4d70-b443-e80a9547f56a/datanode-6/data/ratis] (custom)
2019-08-20 10:22:16,267 INFO  storage.RaftStorageDirectory (RaftStorageDirectory.java:analyzeStorage(246)) - The storage directory /workdir/hadoop-ozone/integration-test/target/test-dir/MiniOzoneClusterImpl-bb41d155-d46c-4d70-b443-e80a9547f56a/datanode-6/data/ratis/42a37647-de11-4a61-9c4e-bd195e58821d does not exist. Creating ...
2019-08-20 10:22:16,280 INFO  storage.RaftStorageDirectory (RaftStorageDirectory.java:tryLock(328)) - Lock on /workdir/hadoop-ozone/integration-test/target/test-dir/MiniOzoneClusterImpl-bb41d155-d46c-4d70-b443-e80a9547f56a/datanode-6/data/ratis/42a37647-de11-4a61-9c4e-bd195e58821d/in_use.lock acquired by nodename 29280@pr-hdds-1054s69ht-3886455778
2019-08-20 10:22:16,293 INFO  storage.RaftStorage (RaftStorage.java:format(72)) - Storage directory /workdir/hadoop-ozone/integration-test/target/test-dir/MiniOzoneClusterImpl-bb41d155-d46c-4d70-b443-e80a9547f56a/datanode-6/data/ratis/42a37647-de11-4a61-9c4e-bd195e58821d has been successfully formatted.
2019-08-20 10:22:16,293 INFO  ratis.ContainerStateMachine (ContainerStateMachine.java:loadSnapshot(222)) - group-BD195E58821D: The snapshot info is null. Setting the last applied indexto:(t:0, i:~)
2019-08-20 10:22:16,293 INFO  server.RaftServerConfigKeys (ConfUtils.java:logGet(43)) - raft.server.leader.election.timeout = 120s (custom)
2019-08-20 10:22:16,293 INFO  server.RaftServerConfigKeys (ConfUtils.java:logGet(43)) - raft.server.log.use.memory = false (default)
2019-08-20 10:22:16,293 INFO  server.RaftServerConfigKeys (ConfUtils.java:logGet(43)) - raft.server.log.purge.gap = 1000000000 (custom)
2019-08-20 10:22:16,293 INFO  server.RaftServerConfigKeys (ConfUtils.java:logGet(43)) - raft.server.log.appender.buffer.byte-limit = 33554432 (custom)
2019-08-20 10:22:16,293 INFO  server.RaftServerConfigKeys (ConfUtils.java:logGet(43)) - raft.server.log.segment.size.max = 1048576 (custom)
2019-08-20 10:22:16,293 INFO  server.RaftServerConfigKeys (ConfUtils.java:logGet(43)) - raft.server.log.segment.cache.num.max = 2 (custom)
2019-08-20 10:22:16,294 INFO  segmented.SegmentedRaftLogWorker (SegmentedRaftLogWorker.java:<init>(172)) - new b2ac5990-f7ad-4521-bd7b-8d54ab25a987-SegmentedRaftLogWorker:Storage Directory /workdir/hadoop-ozone/integration-test/target/test-dir/MiniOzoneClusterImpl-bb41d155-d46c-4d70-b443-e80a9547f56a/datanode-6/data/ratis/42a37647-de11-4a61-9c4e-bd195e58821d for RaftStorage:Storage Directory /workdir/hadoop-ozone/integration-test/target/test-dir/MiniOzoneClusterImpl-bb41d155-d46c-4d70-b443-e80a9547f56a/datanode-6/data/ratis/42a37647-de11-4a61-9c4e-bd195e58821d
2019-08-20 10:22:16,294 INFO  server.RaftServerConfigKeys (ConfUtils.java:logGet(43)) - raft.server.log.queue.byte-limit = 2147483647 (custom)
2019-08-20 10:22:16,294 INFO  server.RaftServerConfigKeys (ConfUtils.java:logGet(43)) - raft.server.log.queue.element-limit = 1024 (custom)
2019-08-20 10:22:16,294 INFO  server.RaftServerConfigKeys (ConfUtils.java:logGet(43)) - raft.server.log.segment.size.max = 1048576 (custom)
2019-08-20 10:22:16,294 INFO  server.RaftServerConfigKeys (ConfUtils.java:logGet(43)) - raft.server.log.preallocated.size = 16384 (custom)
2019-08-20 10:22:16,294 INFO  server.RaftServerConfigKeys (ConfUtils.java:logGet(43)) - raft.server.log.write.buffer.size = 33554432 (custom)
2019-08-20 10:22:16,294 INFO  server.RaftServerConfigKeys (ConfUtils.java:logGet(43)) - raft.server.log.force.sync.num = 128 (default)
2019-08-20 10:22:16,294 INFO  server.RaftServerConfigKeys (ConfUtils.java:logGet(43)) - raft.server.log.statemachine.data.sync = true (default)
2019-08-20 10:22:16,294 INFO  server.RaftServerConfigKeys (ConfUtils.java:logGet(43)) - raft.server.log.statemachine.data.sync.timeout = 10s (default)
2019-08-20 10:22:16,295 INFO  server.RaftServerConfigKeys (ConfUtils.java:logGet(43)) - raft.server.log.statemachine.data.sync.timeout.retry = -1 (default)
2019-08-20 10:22:16,295 INFO  server.RaftServerConfigKeys (ConfUtils.java:logGet(43)) - raft.server.log.statemachine.data.caching.enabled = true (custom)
2019-08-20 10:22:16,295 INFO  segmented.SegmentedRaftLogWorker (SegmentedRaftLogWorker.java:lambda$new$0(132)) - b2ac5990-f7ad-4521-bd7b-8d54ab25a987-SegmentedRaftLogWorker:Storage Directory /workdir/hadoop-ozone/integration-test/target/test-dir/MiniOzoneClusterImpl-bb41d155-d46c-4d70-b443-e80a9547f56a/datanode-6/data/ratis/42a37647-de11-4a61-9c4e-bd195e58821d: flushIndex: setUnconditionally 0 -> -1
2019-08-20 10:22:16,295 INFO  server.RaftServerConfigKeys (ConfUtils.java:logGet(43)) - raft.server.snapshot.auto.trigger.enabled = true (custom)
2019-08-20 10:22:16,295 INFO  server.RaftServerConfigKeys (ConfUtils.java:logGet(43)) - raft.server.snapshot.auto.trigger.threshold = 10000 (custom)
2019-08-20 10:22:16,296 INFO  server.RaftServerConfigKeys (ConfUtils.java:logGet(43)) - raft.server.retrycache.expirytime = 600000ms (custom)
2019-08-20 10:22:16,296 INFO  impl.RaftServerImpl (RaftServerImpl.java:start(180)) - b2ac5990-f7ad-4521-bd7b-8d54ab25a987: start group-BD195E58821D
2019-08-20 10:22:16,296 INFO  impl.RaftServerImpl (RaftServerImpl.java:setRole(171)) - b2ac5990-f7ad-4521-bd7b-8d54ab25a987:group-BD195E58821D changes role from null to FOLLOWER at term 0 for startAsFollower
2019-08-20 10:22:16,296 INFO  impl.RoleInfo (RoleInfo.java:updateAndGet(143)) - b2ac5990-f7ad-4521-bd7b-8d54ab25a987: start FollowerState
2019-08-20 10:22:16,296 INFO  util.JmxRegister (JmxRegister.java:tryRegister(44)) - Successfully registered JMX Bean with object name Ratis:service=RaftServer,group=group-BD195E58821D,id=b2ac5990-f7ad-4521-bd7b-8d54ab25a987
2019-08-20 10:22:16,299 INFO  pipeline.PipelineStateManager (PipelineStateManager.java:addPipeline(56)) - Created pipeline Pipeline[ Id: 42a37647-de11-4a61-9c4e-bd195e58821d, Nodes: b2ac5990-f7ad-4521-bd7b-8d54ab25a987{ip: 192.168.5.133, host: pr-hdds-1054s69ht-3886455778, networkLocation: /default-rack, certSerialId: null}, Type:RATIS, Factor:ONE, State:OPEN]
2019-08-20 10:22:17,248 INFO  ozone.MiniOzoneClusterImpl (MiniOzoneClusterImpl.java:lambda$waitForClusterToBeReady$0(142)) - Cluster is ready. Got 7 of 7 DN Heartbeats.
2019-08-20 10:22:17,289 INFO  rpc.RpcClient (RpcClient.java:createVolume(293)) - Creating Volume: testblockoutputstream, with jenkins1000 as owner.
2019-08-20 10:22:17,305 INFO  rpc.RpcClient (RpcClient.java:createBucket(430)) - Creating Bucket: testblockoutputstream/testblockoutputstream, with Versioning false and Storage Type set to DISK and Encryption set to false 
2019-08-20 10:22:17,337 INFO  client.GrpcClientProtocolClient (GrpcClientProtocolClient.java:onNext(255)) - client-917FB8A92EC3->a2f98dcb-8e27-4a64-b63e-4873f01bbb94: receive RaftClientReply:client-917FB8A92EC3->a2f98dcb-8e27-4a64-b63e-4873f01bbb94@group-9EA0E01C8C3B, cid=176, FAILED org.apache.ratis.protocol.NotLeaderException: Server a2f98dcb-8e27-4a64-b63e-4873f01bbb94 is not the leader (null). Request must be sent to leader., logIndex=0, commits[a2f98dcb-8e27-4a64-b63e-4873f01bbb94:c-1]
2019-08-20 10:22:17,873 INFO  container.ReplicationManager (ReplicationManager.java:start(155)) - Starting Replication Monitor Thread.
2019-08-20 10:22:17,877 INFO  container.ReplicationManager (ReplicationManager.java:run(207)) - Replication Monitor Thread took 0 milliseconds for processing 1 containers.
2019-08-20 10:22:18,355 INFO  client.GrpcClientProtocolClient (GrpcClientProtocolClient.java:onNext(255)) - client-917FB8A92EC3->c82cdedb-f905-4590-81cd-07d79d7d23dd: receive RaftClientReply:client-917FB8A92EC3->c82cdedb-f905-4590-81cd-07d79d7d23dd@group-9EA0E01C8C3B, cid=176, FAILED org.apache.ratis.protocol.NotLeaderException: Server c82cdedb-f905-4590-81cd-07d79d7d23dd is not the leader (null). Request must be sent to leader., logIndex=0, commits[c82cdedb-f905-4590-81cd-07d79d7d23dd:c-1]
2019-08-20 10:22:19,372 INFO  client.GrpcClientProtocolClient (GrpcClientProtocolClient.java:onNext(255)) - client-917FB8A92EC3->eddcc57c-da79-40bf-a8f7-7b350fcd6b06: receive RaftClientReply:client-917FB8A92EC3->eddcc57c-da79-40bf-a8f7-7b350fcd6b06@group-9EA0E01C8C3B, cid=176, FAILED org.apache.ratis.protocol.NotLeaderException: Server eddcc57c-da79-40bf-a8f7-7b350fcd6b06 is not the leader (null). Request must be sent to leader., logIndex=0, commits[eddcc57c-da79-40bf-a8f7-7b350fcd6b06:c-1]
2019-08-20 10:22:20,087 INFO  impl.FollowerState (FollowerState.java:run(106)) - b05059df-7997-4957-9fd0-0ea4223a0acd:group-A8F6048FEB3D changes to CANDIDATE, lastRpcTime:5149, electionTimeout:5149ms
2019-08-20 10:22:20,087 INFO  impl.RoleInfo (RoleInfo.java:shutdownFollowerState(121)) - b05059df-7997-4957-9fd0-0ea4223a0acd: shutdown FollowerState
2019-08-20 10:22:20,087 INFO  impl.RaftServerImpl (RaftServerImpl.java:setRole(171)) - b05059df-7997-4957-9fd0-0ea4223a0acd:group-A8F6048FEB3D changes role from FOLLOWER to CANDIDATE at term 0 for changeToCandidate
2019-08-20 10:22:20,087 INFO  impl.RoleInfo (RoleInfo.java:updateAndGet(143)) - b05059df-7997-4957-9fd0-0ea4223a0acd: start LeaderElection
2019-08-20 10:22:20,115 INFO  impl.LeaderElection (LeaderElection.java:askForVotes(181)) - b05059df-7997-4957-9fd0-0ea4223a0acd:group-A8F6048FEB3D:LeaderElection60: begin an election at term 1 for -1: [b05059df-7997-4957-9fd0-0ea4223a0acd:192.168.5.133:33627], old=null
2019-08-20 10:22:20,115 INFO  impl.RoleInfo (RoleInfo.java:shutdownLeaderElection(134)) - b05059df-7997-4957-9fd0-0ea4223a0acd: shutdown LeaderElection
2019-08-20 10:22:20,115 INFO  impl.RaftServerImpl (RaftServerImpl.java:setRole(171)) - b05059df-7997-4957-9fd0-0ea4223a0acd:group-A8F6048FEB3D changes role from CANDIDATE to LEADER at term 1 for changeToLeader
2019-08-20 10:22:20,115 INFO  impl.RaftServerImpl (ServerState.java:setLeader(263)) - b05059df-7997-4957-9fd0-0ea4223a0acd:group-A8F6048FEB3D change Leader from null to b05059df-7997-4957-9fd0-0ea4223a0acd at term 1 for becomeLeader, leader elected after 5183ms
2019-08-20 10:22:20,116 INFO  server.RaftServerConfigKeys (ConfUtils.java:logGet(43)) - raft.server.staging.catchup.gap = 1000 (default)
2019-08-20 10:22:20,116 INFO  server.RaftServerConfigKeys (ConfUtils.java:logGet(43)) - raft.server.rpc.sleep.time = 25ms (default)
2019-08-20 10:22:20,116 INFO  server.RaftServerConfigKeys (ConfUtils.java:logGet(43)) - raft.server.write.element-limit = 4096 (default)
2019-08-20 10:22:20,116 INFO  server.RaftServerConfigKeys (ConfUtils.java:logGet(43)) - raft.server.watch.timeout = 10s (default)
2019-08-20 10:22:20,117 INFO  server.RaftServerConfigKeys (ConfUtils.java:logGet(43)) - raft.server.watch.timeout.denomination = 1s (default)
2019-08-20 10:22:20,117 INFO  server.RaftServerConfigKeys (ConfUtils.java:logGet(43)) - raft.server.watch.element-limit = 65536 (default)
2019-08-20 10:22:20,117 INFO  impl.RoleInfo (RoleInfo.java:updateAndGet(143)) - b05059df-7997-4957-9fd0-0ea4223a0acd: start LeaderState
2019-08-20 10:22:20,118 INFO  segmented.SegmentedRaftLogWorker (SegmentedRaftLogWorker.java:startLogSegment(380)) - b05059df-7997-4957-9fd0-0ea4223a0acd-SegmentedRaftLogWorker:Storage Directory /workdir/hadoop-ozone/integration-test/target/test-dir/MiniOzoneClusterImpl-bb41d155-d46c-4d70-b443-e80a9547f56a/datanode-0/data/ratis/4a2c8311-6016-4e11-9f48-a8f6048feb3d: Starting segment from index:0
2019-08-20 10:22:20,119 INFO  impl.RaftServerImpl (ServerState.java:setRaftConf(361)) - b05059df-7997-4957-9fd0-0ea4223a0acd:group-A8F6048FEB3D set configuration 0: [b05059df-7997-4957-9fd0-0ea4223a0acd:192.168.5.133:33627], old=null at 0
2019-08-20 10:22:20,171 INFO  segmented.SegmentedRaftLogWorker (SegmentedRaftLogWorker.java:execute(569)) - b05059df-7997-4957-9fd0-0ea4223a0acd-SegmentedRaftLogWorker:Storage Directory /workdir/hadoop-ozone/integration-test/target/test-dir/MiniOzoneClusterImpl-bb41d155-d46c-4d70-b443-e80a9547f56a/datanode-0/data/ratis/4a2c8311-6016-4e11-9f48-a8f6048feb3d: created new log segment /workdir/hadoop-ozone/integration-test/target/test-dir/MiniOzoneClusterImpl-bb41d155-d46c-4d70-b443-e80a9547f56a/datanode-0/data/ratis/4a2c8311-6016-4e11-9f48-a8f6048feb3d/current/log_inprogress_0
2019-08-20 10:22:20,304 INFO  impl.FollowerState (FollowerState.java:run(106)) - 3d9010da-9b0a-4e14-9571-cee7193e93f5:group-C805B0BAEE89 changes to CANDIDATE, lastRpcTime:5187, electionTimeout:5187ms
2019-08-20 10:22:20,304 INFO  impl.RoleInfo (RoleInfo.java:shutdownFollowerState(121)) - 3d9010da-9b0a-4e14-9571-cee7193e93f5: shutdown FollowerState
2019-08-20 10:22:20,304 INFO  impl.RaftServerImpl (RaftServerImpl.java:setRole(171)) - 3d9010da-9b0a-4e14-9571-cee7193e93f5:group-C805B0BAEE89 changes role from FOLLOWER to CANDIDATE at term 0 for changeToCandidate
2019-08-20 10:22:20,304 INFO  impl.RoleInfo (RoleInfo.java:updateAndGet(143)) - 3d9010da-9b0a-4e14-9571-cee7193e93f5: start LeaderElection
2019-08-20 10:22:20,323 INFO  impl.LeaderElection (LeaderElection.java:askForVotes(181)) - 3d9010da-9b0a-4e14-9571-cee7193e93f5:group-C805B0BAEE89:LeaderElection61: begin an election at term 1 for -1: [3d9010da-9b0a-4e14-9571-cee7193e93f5:192.168.5.133:43752], old=null
2019-08-20 10:22:20,323 INFO  impl.RoleInfo (RoleInfo.java:shutdownLeaderElection(134)) - 3d9010da-9b0a-4e14-9571-cee7193e93f5: shutdown LeaderElection
2019-08-20 10:22:20,323 INFO  impl.RaftServerImpl (RaftServerImpl.java:setRole(171)) - 3d9010da-9b0a-4e14-9571-cee7193e93f5:group-C805B0BAEE89 changes role from CANDIDATE to LEADER at term 1 for changeToLeader
2019-08-20 10:22:20,323 INFO  impl.RaftServerImpl (ServerState.java:setLeader(263)) - 3d9010da-9b0a-4e14-9571-cee7193e93f5:group-C805B0BAEE89 change Leader from null to 3d9010da-9b0a-4e14-9571-cee7193e93f5 at term 1 for becomeLeader, leader elected after 5210ms
2019-08-20 10:22:20,323 INFO  server.RaftServerConfigKeys (ConfUtils.java:logGet(43)) - raft.server.staging.catchup.gap = 1000 (default)
2019-08-20 10:22:20,324 INFO  server.RaftServerConfigKeys (ConfUtils.java:logGet(43)) - raft.server.rpc.sleep.time = 25ms (default)
2019-08-20 10:22:20,324 INFO  server.RaftServerConfigKeys (ConfUtils.java:logGet(43)) - raft.server.write.element-limit = 4096 (default)
2019-08-20 10:22:20,324 INFO  server.RaftServerConfigKeys (ConfUtils.java:logGet(43)) - raft.server.watch.timeout = 10s (default)
2019-08-20 10:22:20,324 INFO  server.RaftServerConfigKeys (ConfUtils.java:logGet(43)) - raft.server.watch.timeout.denomination = 1s (default)
2019-08-20 10:22:20,324 INFO  server.RaftServerConfigKeys (ConfUtils.java:logGet(43)) - raft.server.watch.element-limit = 65536 (default)
2019-08-20 10:22:20,325 INFO  impl.RoleInfo (RoleInfo.java:updateAndGet(143)) - 3d9010da-9b0a-4e14-9571-cee7193e93f5: start LeaderState
2019-08-20 10:22:20,325 INFO  segmented.SegmentedRaftLogWorker (SegmentedRaftLogWorker.java:startLogSegment(380)) - 3d9010da-9b0a-4e14-9571-cee7193e93f5-SegmentedRaftLogWorker:Storage Directory /workdir/hadoop-ozone/integration-test/target/test-dir/MiniOzoneClusterImpl-bb41d155-d46c-4d70-b443-e80a9547f56a/datanode-1/data/ratis/163eeb4c-c33a-44cf-bf2d-c805b0baee89: Starting segment from index:0
2019-08-20 10:22:20,326 INFO  impl.RaftServerImpl (ServerState.java:setRaftConf(361)) - 3d9010da-9b0a-4e14-9571-cee7193e93f5:group-C805B0BAEE89 set configuration 0: [3d9010da-9b0a-4e14-9571-cee7193e93f5:192.168.5.133:43752], old=null at 0
2019-08-20 10:22:20,374 INFO  segmented.SegmentedRaftLogWorker (SegmentedRaftLogWorker.java:execute(569)) - 3d9010da-9b0a-4e14-9571-cee7193e93f5-SegmentedRaftLogWorker:Storage Directory /workdir/hadoop-ozone/integration-test/target/test-dir/MiniOzoneClusterImpl-bb41d155-d46c-4d70-b443-e80a9547f56a/datanode-1/data/ratis/163eeb4c-c33a-44cf-bf2d-c805b0baee89: created new log segment /workdir/hadoop-ozone/integration-test/target/test-dir/MiniOzoneClusterImpl-bb41d155-d46c-4d70-b443-e80a9547f56a/datanode-1/data/ratis/163eeb4c-c33a-44cf-bf2d-c805b0baee89/current/log_inprogress_0
2019-08-20 10:22:20,382 INFO  client.GrpcClientProtocolClient (GrpcClientProtocolClient.java:onNext(255)) - client-917FB8A92EC3->c82cdedb-f905-4590-81cd-07d79d7d23dd: receive RaftClientReply:client-917FB8A92EC3->c82cdedb-f905-4590-81cd-07d79d7d23dd@group-9EA0E01C8C3B, cid=176, FAILED org.apache.ratis.protocol.NotLeaderException: Server c82cdedb-f905-4590-81cd-07d79d7d23dd is not the leader (null). Request must be sent to leader., logIndex=0, commits[c82cdedb-f905-4590-81cd-07d79d7d23dd:c-1]
2019-08-20 10:22:20,592 INFO  impl.FollowerState (FollowerState.java:run(106)) - 1d8252e2-7ee6-4584-bcee-e901b160468a:group-72DAC9C18C87 changes to CANDIDATE, lastRpcTime:5008, electionTimeout:5008ms
2019-08-20 10:22:20,592 INFO  impl.RoleInfo (RoleInfo.java:shutdownFollowerState(121)) - 1d8252e2-7ee6-4584-bcee-e901b160468a: shutdown FollowerState
2019-08-20 10:22:20,592 INFO  impl.RaftServerImpl (RaftServerImpl.java:setRole(171)) - 1d8252e2-7ee6-4584-bcee-e901b160468a:group-72DAC9C18C87 changes role from FOLLOWER to CANDIDATE at term 0 for changeToCandidate
2019-08-20 10:22:20,593 INFO  impl.RoleInfo (RoleInfo.java:updateAndGet(143)) - 1d8252e2-7ee6-4584-bcee-e901b160468a: start LeaderElection
2019-08-20 10:22:20,611 INFO  impl.LeaderElection (LeaderElection.java:askForVotes(181)) - 1d8252e2-7ee6-4584-bcee-e901b160468a:group-72DAC9C18C87:LeaderElection62: begin an election at term 1 for -1: [1d8252e2-7ee6-4584-bcee-e901b160468a:192.168.5.133:41474], old=null
2019-08-20 10:22:20,611 INFO  impl.RoleInfo (RoleInfo.java:shutdownLeaderElection(134)) - 1d8252e2-7ee6-4584-bcee-e901b160468a: shutdown LeaderElection
2019-08-20 10:22:20,611 INFO  impl.RaftServerImpl (RaftServerImpl.java:setRole(171)) - 1d8252e2-7ee6-4584-bcee-e901b160468a:group-72DAC9C18C87 changes role from CANDIDATE to LEADER at term 1 for changeToLeader
2019-08-20 10:22:20,611 INFO  impl.RaftServerImpl (ServerState.java:setLeader(263)) - 1d8252e2-7ee6-4584-bcee-e901b160468a:group-72DAC9C18C87 change Leader from null to 1d8252e2-7ee6-4584-bcee-e901b160468a at term 1 for becomeLeader, leader elected after 5032ms
2019-08-20 10:22:20,612 INFO  server.RaftServerConfigKeys (ConfUtils.java:logGet(43)) - raft.server.staging.catchup.gap = 1000 (default)
2019-08-20 10:22:20,612 INFO  server.RaftServerConfigKeys (ConfUtils.java:logGet(43)) - raft.server.rpc.sleep.time = 25ms (default)
2019-08-20 10:22:20,612 INFO  server.RaftServerConfigKeys (ConfUtils.java:logGet(43)) - raft.server.write.element-limit = 4096 (default)
2019-08-20 10:22:20,612 INFO  server.RaftServerConfigKeys (ConfUtils.java:logGet(43)) - raft.server.watch.timeout = 10s (default)
2019-08-20 10:22:20,612 INFO  server.RaftServerConfigKeys (ConfUtils.java:logGet(43)) - raft.server.watch.timeout.denomination = 1s (default)
2019-08-20 10:22:20,612 INFO  server.RaftServerConfigKeys (ConfUtils.java:logGet(43)) - raft.server.watch.element-limit = 65536 (default)
2019-08-20 10:22:20,613 INFO  impl.RoleInfo (RoleInfo.java:updateAndGet(143)) - 1d8252e2-7ee6-4584-bcee-e901b160468a: start LeaderState
2019-08-20 10:22:20,613 INFO  segmented.SegmentedRaftLogWorker (SegmentedRaftLogWorker.java:startLogSegment(380)) - 1d8252e2-7ee6-4584-bcee-e901b160468a-SegmentedRaftLogWorker:Storage Directory /workdir/hadoop-ozone/integration-test/target/test-dir/MiniOzoneClusterImpl-bb41d155-d46c-4d70-b443-e80a9547f56a/datanode-2/data/ratis/2e4e7f4a-76d2-48ef-ae71-72dac9c18c87: Starting segment from index:0
2019-08-20 10:22:20,613 INFO  impl.RaftServerImpl (ServerState.java:setRaftConf(361)) - 1d8252e2-7ee6-4584-bcee-e901b160468a:group-72DAC9C18C87 set configuration 0: [1d8252e2-7ee6-4584-bcee-e901b160468a:192.168.5.133:41474], old=null at 0
2019-08-20 10:22:20,670 INFO  segmented.SegmentedRaftLogWorker (SegmentedRaftLogWorker.java:execute(569)) - 1d8252e2-7ee6-4584-bcee-e901b160468a-SegmentedRaftLogWorker:Storage Directory /workdir/hadoop-ozone/integration-test/target/test-dir/MiniOzoneClusterImpl-bb41d155-d46c-4d70-b443-e80a9547f56a/datanode-2/data/ratis/2e4e7f4a-76d2-48ef-ae71-72dac9c18c87: created new log segment /workdir/hadoop-ozone/integration-test/target/test-dir/MiniOzoneClusterImpl-bb41d155-d46c-4d70-b443-e80a9547f56a/datanode-2/data/ratis/2e4e7f4a-76d2-48ef-ae71-72dac9c18c87/current/log_inprogress_0
2019-08-20 10:22:20,687 INFO  impl.FollowerState (FollowerState.java:run(106)) - 1d8252e2-7ee6-4584-bcee-e901b160468a:group-37608DAA6D43 changes to CANDIDATE, lastRpcTime:5011, electionTimeout:5011ms
2019-08-20 10:22:20,687 INFO  impl.RoleInfo (RoleInfo.java:shutdownFollowerState(121)) - 1d8252e2-7ee6-4584-bcee-e901b160468a: shutdown FollowerState
2019-08-20 10:22:20,687 INFO  impl.RaftServerImpl (RaftServerImpl.java:setRole(171)) - 1d8252e2-7ee6-4584-bcee-e901b160468a:group-37608DAA6D43 changes role from FOLLOWER to CANDIDATE at term 0 for changeToCandidate
2019-08-20 10:22:20,687 INFO  impl.RoleInfo (RoleInfo.java:updateAndGet(143)) - 1d8252e2-7ee6-4584-bcee-e901b160468a: start LeaderElection
2019-08-20 10:22:20,709 INFO  impl.LeaderElection (LeaderElection.java:askForVotes(181)) - 1d8252e2-7ee6-4584-bcee-e901b160468a:group-37608DAA6D43:LeaderElection63: begin an election at term 1 for -1: [3d9010da-9b0a-4e14-9571-cee7193e93f5:192.168.5.133:43752, b05059df-7997-4957-9fd0-0ea4223a0acd:192.168.5.133:33627, 1d8252e2-7ee6-4584-bcee-e901b160468a:192.168.5.133:41474], old=null
2019-08-20 10:22:20,716 INFO  impl.RaftServerImpl (RaftServerImpl.java:setRole(171)) - b05059df-7997-4957-9fd0-0ea4223a0acd:group-37608DAA6D43 changes role from FOLLOWER to FOLLOWER at term 1 for recognizeCandidate:1d8252e2-7ee6-4584-bcee-e901b160468a
2019-08-20 10:22:20,716 INFO  impl.RoleInfo (RoleInfo.java:shutdownFollowerState(121)) - b05059df-7997-4957-9fd0-0ea4223a0acd: shutdown FollowerState
2019-08-20 10:22:20,718 INFO  impl.RoleInfo (RoleInfo.java:updateAndGet(143)) - b05059df-7997-4957-9fd0-0ea4223a0acd: start FollowerState
2019-08-20 10:22:20,718 INFO  impl.RaftServerImpl (RaftServerImpl.java:setRole(171)) - 3d9010da-9b0a-4e14-9571-cee7193e93f5:group-37608DAA6D43 changes role from FOLLOWER to FOLLOWER at term 1 for recognizeCandidate:1d8252e2-7ee6-4584-bcee-e901b160468a
2019-08-20 10:22:20,719 INFO  impl.RoleInfo (RoleInfo.java:shutdownFollowerState(121)) - 3d9010da-9b0a-4e14-9571-cee7193e93f5: shutdown FollowerState
2019-08-20 10:22:20,719 INFO  impl.FollowerState (FollowerState.java:run(114)) - b05059df-7997-4957-9fd0-0ea4223a0acd: FollowerState was interrupted: java.lang.InterruptedException: sleep interrupted
2019-08-20 10:22:20,719 INFO  impl.RoleInfo (RoleInfo.java:updateAndGet(143)) - 3d9010da-9b0a-4e14-9571-cee7193e93f5: start FollowerState
2019-08-20 10:22:20,719 INFO  impl.FollowerState (FollowerState.java:run(114)) - 3d9010da-9b0a-4e14-9571-cee7193e93f5: FollowerState was interrupted: java.lang.InterruptedException: sleep interrupted
2019-08-20 10:22:20,735 INFO  impl.LeaderElection (LeaderElection.java:logAndReturn(56)) - 1d8252e2-7ee6-4584-bcee-e901b160468a:group-37608DAA6D43:LeaderElection63: Election PASSED; received 1 response(s) [1d8252e2-7ee6-4584-bcee-e901b160468a<-3d9010da-9b0a-4e14-9571-cee7193e93f5#0:OK-t1] and 0 exception(s); 1d8252e2-7ee6-4584-bcee-e901b160468a:t1, leader=null, voted=1d8252e2-7ee6-4584-bcee-e901b160468a, raftlog=1d8252e2-7ee6-4584-bcee-e901b160468a-SegmentedRaftLog:OPENED:c-1,f-1,i0, conf=-1: [3d9010da-9b0a-4e14-9571-cee7193e93f5:192.168.5.133:43752, b05059df-7997-4957-9fd0-0ea4223a0acd:192.168.5.133:33627, 1d8252e2-7ee6-4584-bcee-e901b160468a:192.168.5.133:41474], old=null
2019-08-20 10:22:20,735 INFO  impl.RoleInfo (RoleInfo.java:shutdownLeaderElection(134)) - 1d8252e2-7ee6-4584-bcee-e901b160468a: shutdown LeaderElection
2019-08-20 10:22:20,735 INFO  impl.RaftServerImpl (RaftServerImpl.java:setRole(171)) - 1d8252e2-7ee6-4584-bcee-e901b160468a:group-37608DAA6D43 changes role from CANDIDATE to LEADER at term 1 for changeToLeader
2019-08-20 10:22:20,735 INFO  impl.RaftServerImpl (ServerState.java:setLeader(263)) - 1d8252e2-7ee6-4584-bcee-e901b160468a:group-37608DAA6D43 change Leader from null to 1d8252e2-7ee6-4584-bcee-e901b160468a at term 1 for becomeLeader, leader elected after 5073ms
2019-08-20 10:22:20,735 INFO  server.RaftServerConfigKeys (ConfUtils.java:logGet(43)) - raft.server.staging.catchup.gap = 1000 (default)
2019-08-20 10:22:20,735 INFO  server.RaftServerConfigKeys (ConfUtils.java:logGet(43)) - raft.server.rpc.sleep.time = 25ms (default)
2019-08-20 10:22:20,736 INFO  server.RaftServerConfigKeys (ConfUtils.java:logGet(43)) - raft.server.write.element-limit = 4096 (default)
2019-08-20 10:22:20,736 INFO  server.RaftServerConfigKeys (ConfUtils.java:logGet(43)) - raft.server.watch.timeout = 10s (default)
2019-08-20 10:22:20,736 INFO  server.RaftServerConfigKeys (ConfUtils.java:logGet(43)) - raft.server.watch.timeout.denomination = 1s (default)
2019-08-20 10:22:20,736 INFO  server.RaftServerConfigKeys (ConfUtils.java:logGet(43)) - raft.server.watch.element-limit = 65536 (default)
2019-08-20 10:22:20,736 INFO  server.RaftServerConfigKeys (ConfUtils.java:logGet(43)) - raft.server.log.appender.snapshot.chunk.size.max = 16MB (=16777216) (default)
2019-08-20 10:22:20,737 INFO  server.RaftServerConfigKeys (ConfUtils.java:logGet(43)) - raft.server.log.appender.buffer.byte-limit = 33554432 (custom)
2019-08-20 10:22:20,737 INFO  server.RaftServerConfigKeys (ConfUtils.java:logGet(43)) - raft.server.log.appender.buffer.element-limit = 1 (custom)
2019-08-20 10:22:20,737 INFO  grpc.GrpcConfigKeys$Server (ConfUtils.java:logGet(43)) - raft.grpc.server.leader.outstanding.appends.max = 128 (default)
2019-08-20 10:22:20,737 INFO  server.RaftServerConfigKeys (ConfUtils.java:logGet(43)) - raft.server.rpc.request.timeout = 3000ms (default)
2019-08-20 10:22:20,738 INFO  server.RaftServerConfigKeys (ConfUtils.java:logGet(43)) - raft.server.log.appender.install.snapshot.enabled = false (custom)
2019-08-20 10:22:20,738 INFO  server.RaftServerConfigKeys (ConfUtils.java:logGet(43)) - raft.server.log.appender.snapshot.chunk.size.max = 16MB (=16777216) (default)
2019-08-20 10:22:20,738 INFO  server.RaftServerConfigKeys (ConfUtils.java:logGet(43)) - raft.server.log.appender.buffer.byte-limit = 33554432 (custom)
2019-08-20 10:22:20,738 INFO  server.RaftServerConfigKeys (ConfUtils.java:logGet(43)) - raft.server.log.appender.buffer.element-limit = 1 (custom)
2019-08-20 10:22:20,738 INFO  grpc.GrpcConfigKeys$Server (ConfUtils.java:logGet(43)) - raft.grpc.server.leader.outstanding.appends.max = 128 (default)
2019-08-20 10:22:20,739 INFO  server.RaftServerConfigKeys (ConfUtils.java:logGet(43)) - raft.server.rpc.request.timeout = 3000ms (default)
2019-08-20 10:22:20,739 INFO  server.RaftServerConfigKeys (ConfUtils.java:logGet(43)) - raft.server.log.appender.install.snapshot.enabled = false (custom)
2019-08-20 10:22:20,739 INFO  impl.RoleInfo (RoleInfo.java:updateAndGet(143)) - 1d8252e2-7ee6-4584-bcee-e901b160468a: start LeaderState
2019-08-20 10:22:20,739 INFO  segmented.SegmentedRaftLogWorker (SegmentedRaftLogWorker.java:startLogSegment(380)) - 1d8252e2-7ee6-4584-bcee-e901b160468a-SegmentedRaftLogWorker:Storage Directory /workdir/hadoop-ozone/integration-test/target/test-dir/MiniOzoneClusterImpl-bb41d155-d46c-4d70-b443-e80a9547f56a/datanode-2/data/ratis/8719a123-c0d3-44ff-87f1-37608daa6d43: Starting segment from index:0
2019-08-20 10:22:20,740 INFO  impl.RaftServerImpl (ServerState.java:setRaftConf(361)) - 1d8252e2-7ee6-4584-bcee-e901b160468a:group-37608DAA6D43 set configuration 0: [3d9010da-9b0a-4e14-9571-cee7193e93f5:192.168.5.133:43752, b05059df-7997-4957-9fd0-0ea4223a0acd:192.168.5.133:33627, 1d8252e2-7ee6-4584-bcee-e901b160468a:192.168.5.133:41474], old=null at 0
2019-08-20 10:22:20,771 INFO  impl.RaftServerImpl (ServerState.java:setLeader(263)) - b05059df-7997-4957-9fd0-0ea4223a0acd:group-37608DAA6D43 change Leader from null to 1d8252e2-7ee6-4584-bcee-e901b160468a at term 1 for appendEntries, leader elected after 5109ms
2019-08-20 10:22:20,772 INFO  impl.RaftServerImpl (ServerState.java:setLeader(263)) - 3d9010da-9b0a-4e14-9571-cee7193e93f5:group-37608DAA6D43 change Leader from null to 1d8252e2-7ee6-4584-bcee-e901b160468a at term 1 for appendEntries, leader elected after 5109ms
2019-08-20 10:22:20,782 INFO  impl.RaftServerImpl (ServerState.java:setRaftConf(361)) - 3d9010da-9b0a-4e14-9571-cee7193e93f5:group-37608DAA6D43 set configuration 0: [3d9010da-9b0a-4e14-9571-cee7193e93f5:192.168.5.133:43752, b05059df-7997-4957-9fd0-0ea4223a0acd:192.168.5.133:33627, 1d8252e2-7ee6-4584-bcee-e901b160468a:192.168.5.133:41474], old=null at 0
2019-08-20 10:22:20,782 INFO  impl.RaftServerImpl (ServerState.java:setRaftConf(361)) - b05059df-7997-4957-9fd0-0ea4223a0acd:group-37608DAA6D43 set configuration 0: [3d9010da-9b0a-4e14-9571-cee7193e93f5:192.168.5.133:43752, b05059df-7997-4957-9fd0-0ea4223a0acd:192.168.5.133:33627, 1d8252e2-7ee6-4584-bcee-e901b160468a:192.168.5.133:41474], old=null at 0
2019-08-20 10:22:20,783 INFO  segmented.SegmentedRaftLogWorker (SegmentedRaftLogWorker.java:startLogSegment(380)) - 3d9010da-9b0a-4e14-9571-cee7193e93f5-SegmentedRaftLogWorker:Storage Directory /workdir/hadoop-ozone/integration-test/target/test-dir/MiniOzoneClusterImpl-bb41d155-d46c-4d70-b443-e80a9547f56a/datanode-1/data/ratis/8719a123-c0d3-44ff-87f1-37608daa6d43: Starting segment from index:0
2019-08-20 10:22:20,783 INFO  segmented.SegmentedRaftLogWorker (SegmentedRaftLogWorker.java:execute(569)) - 1d8252e2-7ee6-4584-bcee-e901b160468a-SegmentedRaftLogWorker:Storage Directory /workdir/hadoop-ozone/integration-test/target/test-dir/MiniOzoneClusterImpl-bb41d155-d46c-4d70-b443-e80a9547f56a/datanode-2/data/ratis/8719a123-c0d3-44ff-87f1-37608daa6d43: created new log segment /workdir/hadoop-ozone/integration-test/target/test-dir/MiniOzoneClusterImpl-bb41d155-d46c-4d70-b443-e80a9547f56a/datanode-2/data/ratis/8719a123-c0d3-44ff-87f1-37608daa6d43/current/log_inprogress_0
2019-08-20 10:22:20,783 INFO  segmented.SegmentedRaftLogWorker (SegmentedRaftLogWorker.java:startLogSegment(380)) - b05059df-7997-4957-9fd0-0ea4223a0acd-SegmentedRaftLogWorker:Storage Directory /workdir/hadoop-ozone/integration-test/target/test-dir/MiniOzoneClusterImpl-bb41d155-d46c-4d70-b443-e80a9547f56a/datanode-0/data/ratis/8719a123-c0d3-44ff-87f1-37608daa6d43: Starting segment from index:0
2019-08-20 10:22:20,784 INFO  impl.FollowerState (FollowerState.java:run(106)) - c82cdedb-f905-4590-81cd-07d79d7d23dd:group-22BD79A48E59 changes to CANDIDATE, lastRpcTime:5048, electionTimeout:5048ms
2019-08-20 10:22:20,784 INFO  impl.RoleInfo (RoleInfo.java:shutdownFollowerState(121)) - c82cdedb-f905-4590-81cd-07d79d7d23dd: shutdown FollowerState
2019-08-20 10:22:20,784 INFO  impl.RaftServerImpl (RaftServerImpl.java:setRole(171)) - c82cdedb-f905-4590-81cd-07d79d7d23dd:group-22BD79A48E59 changes role from FOLLOWER to CANDIDATE at term 0 for changeToCandidate
2019-08-20 10:22:20,784 INFO  impl.RoleInfo (RoleInfo.java:updateAndGet(143)) - c82cdedb-f905-4590-81cd-07d79d7d23dd: start LeaderElection
2019-08-20 10:22:20,837 INFO  segmented.SegmentedRaftLogWorker (SegmentedRaftLogWorker.java:execute(569)) - 3d9010da-9b0a-4e14-9571-cee7193e93f5-SegmentedRaftLogWorker:Storage Directory /workdir/hadoop-ozone/integration-test/target/test-dir/MiniOzoneClusterImpl-bb41d155-d46c-4d70-b443-e80a9547f56a/datanode-1/data/ratis/8719a123-c0d3-44ff-87f1-37608daa6d43: created new log segment /workdir/hadoop-ozone/integration-test/target/test-dir/MiniOzoneClusterImpl-bb41d155-d46c-4d70-b443-e80a9547f56a/datanode-1/data/ratis/8719a123-c0d3-44ff-87f1-37608daa6d43/current/log_inprogress_0
2019-08-20 10:22:20,838 INFO  impl.LeaderElection (LeaderElection.java:askForVotes(181)) - c82cdedb-f905-4590-81cd-07d79d7d23dd:group-22BD79A48E59:LeaderElection64: begin an election at term 1 for -1: [c82cdedb-f905-4590-81cd-07d79d7d23dd:192.168.5.133:45135], old=null
2019-08-20 10:22:20,837 INFO  segmented.SegmentedRaftLogWorker (SegmentedRaftLogWorker.java:execute(569)) - b05059df-7997-4957-9fd0-0ea4223a0acd-SegmentedRaftLogWorker:Storage Directory /workdir/hadoop-ozone/integration-test/target/test-dir/MiniOzoneClusterImpl-bb41d155-d46c-4d70-b443-e80a9547f56a/datanode-0/data/ratis/8719a123-c0d3-44ff-87f1-37608daa6d43: created new log segment /workdir/hadoop-ozone/integration-test/target/test-dir/MiniOzoneClusterImpl-bb41d155-d46c-4d70-b443-e80a9547f56a/datanode-0/data/ratis/8719a123-c0d3-44ff-87f1-37608daa6d43/current/log_inprogress_0
2019-08-20 10:22:20,838 INFO  impl.RoleInfo (RoleInfo.java:shutdownLeaderElection(134)) - c82cdedb-f905-4590-81cd-07d79d7d23dd: shutdown LeaderElection
2019-08-20 10:22:20,838 INFO  impl.RaftServerImpl (RaftServerImpl.java:setRole(171)) - c82cdedb-f905-4590-81cd-07d79d7d23dd:group-22BD79A48E59 changes role from CANDIDATE to LEADER at term 1 for changeToLeader
2019-08-20 10:22:20,838 INFO  impl.RaftServerImpl (ServerState.java:setLeader(263)) - c82cdedb-f905-4590-81cd-07d79d7d23dd:group-22BD79A48E59 change Leader from null to c82cdedb-f905-4590-81cd-07d79d7d23dd at term 1 for becomeLeader, leader elected after 5108ms
2019-08-20 10:22:20,838 INFO  server.RaftServerConfigKeys (ConfUtils.java:logGet(43)) - raft.server.staging.catchup.gap = 1000 (default)
2019-08-20 10:22:20,838 INFO  server.RaftServerConfigKeys (ConfUtils.java:logGet(43)) - raft.server.rpc.sleep.time = 25ms (default)
2019-08-20 10:22:20,838 INFO  server.RaftServerConfigKeys (ConfUtils.java:logGet(43)) - raft.server.write.element-limit = 4096 (default)
2019-08-20 10:22:20,839 INFO  server.RaftServerConfigKeys (ConfUtils.java:logGet(43)) - raft.server.watch.timeout = 10s (default)
2019-08-20 10:22:20,839 INFO  server.RaftServerConfigKeys (ConfUtils.java:logGet(43)) - raft.server.watch.timeout.denomination = 1s (default)
2019-08-20 10:22:20,839 INFO  server.RaftServerConfigKeys (ConfUtils.java:logGet(43)) - raft.server.watch.element-limit = 65536 (default)
2019-08-20 10:22:20,839 INFO  impl.RoleInfo (RoleInfo.java:updateAndGet(143)) - c82cdedb-f905-4590-81cd-07d79d7d23dd: start LeaderState
2019-08-20 10:22:20,839 INFO  segmented.SegmentedRaftLogWorker (SegmentedRaftLogWorker.java:startLogSegment(380)) - c82cdedb-f905-4590-81cd-07d79d7d23dd-SegmentedRaftLogWorker:Storage Directory /workdir/hadoop-ozone/integration-test/target/test-dir/MiniOzoneClusterImpl-bb41d155-d46c-4d70-b443-e80a9547f56a/datanode-3/data/ratis/0a0dae25-c57e-42b3-a7d5-22bd79a48e59: Starting segment from index:0
2019-08-20 10:22:20,840 INFO  impl.RaftServerImpl (ServerState.java:setRaftConf(361)) - c82cdedb-f905-4590-81cd-07d79d7d23dd:group-22BD79A48E59 set configuration 0: [c82cdedb-f905-4590-81cd-07d79d7d23dd:192.168.5.133:45135], old=null at 0
2019-08-20 10:22:20,879 INFO  segmented.SegmentedRaftLogWorker (SegmentedRaftLogWorker.java:execute(569)) - c82cdedb-f905-4590-81cd-07d79d7d23dd-SegmentedRaftLogWorker:Storage Directory /workdir/hadoop-ozone/integration-test/target/test-dir/MiniOzoneClusterImpl-bb41d155-d46c-4d70-b443-e80a9547f56a/datanode-3/data/ratis/0a0dae25-c57e-42b3-a7d5-22bd79a48e59: created new log segment /workdir/hadoop-ozone/integration-test/target/test-dir/MiniOzoneClusterImpl-bb41d155-d46c-4d70-b443-e80a9547f56a/datanode-3/data/ratis/0a0dae25-c57e-42b3-a7d5-22bd79a48e59/current/log_inprogress_0
2019-08-20 10:22:21,059 INFO  impl.FollowerState (FollowerState.java:run(106)) - eddcc57c-da79-40bf-a8f7-7b350fcd6b06:group-4749DBB6E38B changes to CANDIDATE, lastRpcTime:5129, electionTimeout:5129ms
2019-08-20 10:22:21,059 INFO  impl.RoleInfo (RoleInfo.java:shutdownFollowerState(121)) - eddcc57c-da79-40bf-a8f7-7b350fcd6b06: shutdown FollowerState
2019-08-20 10:22:21,059 INFO  impl.RaftServerImpl (RaftServerImpl.java:setRole(171)) - eddcc57c-da79-40bf-a8f7-7b350fcd6b06:group-4749DBB6E38B changes role from FOLLOWER to CANDIDATE at term 0 for changeToCandidate
2019-08-20 10:22:21,059 INFO  impl.RoleInfo (RoleInfo.java:updateAndGet(143)) - eddcc57c-da79-40bf-a8f7-7b350fcd6b06: start LeaderElection
2019-08-20 10:22:21,075 INFO  impl.LeaderElection (LeaderElection.java:askForVotes(181)) - eddcc57c-da79-40bf-a8f7-7b350fcd6b06:group-4749DBB6E38B:LeaderElection65: begin an election at term 1 for -1: [eddcc57c-da79-40bf-a8f7-7b350fcd6b06:192.168.5.133:34322], old=null
2019-08-20 10:22:21,075 INFO  impl.RoleInfo (RoleInfo.java:shutdownLeaderElection(134)) - eddcc57c-da79-40bf-a8f7-7b350fcd6b06: shutdown LeaderElection
2019-08-20 10:22:21,075 INFO  impl.RaftServerImpl (RaftServerImpl.java:setRole(171)) - eddcc57c-da79-40bf-a8f7-7b350fcd6b06:group-4749DBB6E38B changes role from CANDIDATE to LEADER at term 1 for changeToLeader
2019-08-20 10:22:21,075 INFO  impl.RaftServerImpl (ServerState.java:setLeader(263)) - eddcc57c-da79-40bf-a8f7-7b350fcd6b06:group-4749DBB6E38B change Leader from null to eddcc57c-da79-40bf-a8f7-7b350fcd6b06 at term 1 for becomeLeader, leader elected after 5149ms
2019-08-20 10:22:21,075 INFO  server.RaftServerConfigKeys (ConfUtils.java:logGet(43)) - raft.server.staging.catchup.gap = 1000 (default)
2019-08-20 10:22:21,076 INFO  server.RaftServerConfigKeys (ConfUtils.java:logGet(43)) - raft.server.rpc.sleep.time = 25ms (default)
2019-08-20 10:22:21,076 INFO  server.RaftServerConfigKeys (ConfUtils.java:logGet(43)) - raft.server.write.element-limit = 4096 (default)
2019-08-20 10:22:21,076 INFO  server.RaftServerConfigKeys (ConfUtils.java:logGet(43)) - raft.server.watch.timeout = 10s (default)
2019-08-20 10:22:21,076 INFO  server.RaftServerConfigKeys (ConfUtils.java:logGet(43)) - raft.server.watch.timeout.denomination = 1s (default)
2019-08-20 10:22:21,076 INFO  server.RaftServerConfigKeys (ConfUtils.java:logGet(43)) - raft.server.watch.element-limit = 65536 (default)
2019-08-20 10:22:21,076 INFO  impl.RoleInfo (RoleInfo.java:updateAndGet(143)) - eddcc57c-da79-40bf-a8f7-7b350fcd6b06: start LeaderState
2019-08-20 10:22:21,076 INFO  segmented.SegmentedRaftLogWorker (SegmentedRaftLogWorker.java:startLogSegment(380)) - eddcc57c-da79-40bf-a8f7-7b350fcd6b06-SegmentedRaftLogWorker:Storage Directory /workdir/hadoop-ozone/integration-test/target/test-dir/MiniOzoneClusterImpl-bb41d155-d46c-4d70-b443-e80a9547f56a/datanode-4/data/ratis/26d244ce-741d-4553-b6fe-4749dbb6e38b: Starting segment from index:0
2019-08-20 10:22:21,077 INFO  impl.RaftServerImpl (ServerState.java:setRaftConf(361)) - eddcc57c-da79-40bf-a8f7-7b350fcd6b06:group-4749DBB6E38B set configuration 0: [eddcc57c-da79-40bf-a8f7-7b350fcd6b06:192.168.5.133:34322], old=null at 0
2019-08-20 10:22:21,120 INFO  segmented.SegmentedRaftLogWorker (SegmentedRaftLogWorker.java:execute(569)) - eddcc57c-da79-40bf-a8f7-7b350fcd6b06-SegmentedRaftLogWorker:Storage Directory /workdir/hadoop-ozone/integration-test/target/test-dir/MiniOzoneClusterImpl-bb41d155-d46c-4d70-b443-e80a9547f56a/datanode-4/data/ratis/26d244ce-741d-4553-b6fe-4749dbb6e38b: created new log segment /workdir/hadoop-ozone/integration-test/target/test-dir/MiniOzoneClusterImpl-bb41d155-d46c-4d70-b443-e80a9547f56a/datanode-4/data/ratis/26d244ce-741d-4553-b6fe-4749dbb6e38b/current/log_inprogress_0
2019-08-20 10:22:21,138 INFO  impl.FollowerState (FollowerState.java:run(106)) - a2f98dcb-8e27-4a64-b63e-4873f01bbb94:group-5DF7EE412D5F changes to CANDIDATE, lastRpcTime:5023, electionTimeout:5023ms
2019-08-20 10:22:21,138 INFO  impl.RoleInfo (RoleInfo.java:shutdownFollowerState(121)) - a2f98dcb-8e27-4a64-b63e-4873f01bbb94: shutdown FollowerState
2019-08-20 10:22:21,138 INFO  impl.RaftServerImpl (RaftServerImpl.java:setRole(171)) - a2f98dcb-8e27-4a64-b63e-4873f01bbb94:group-5DF7EE412D5F changes role from FOLLOWER to CANDIDATE at term 0 for changeToCandidate
2019-08-20 10:22:21,138 INFO  impl.RoleInfo (RoleInfo.java:updateAndGet(143)) - a2f98dcb-8e27-4a64-b63e-4873f01bbb94: start LeaderElection
2019-08-20 10:22:21,153 INFO  impl.LeaderElection (LeaderElection.java:askForVotes(181)) - a2f98dcb-8e27-4a64-b63e-4873f01bbb94:group-5DF7EE412D5F:LeaderElection66: begin an election at term 1 for -1: [a2f98dcb-8e27-4a64-b63e-4873f01bbb94:192.168.5.133:45560], old=null
2019-08-20 10:22:21,154 INFO  impl.RoleInfo (RoleInfo.java:shutdownLeaderElection(134)) - a2f98dcb-8e27-4a64-b63e-4873f01bbb94: shutdown LeaderElection
2019-08-20 10:22:21,154 INFO  impl.RaftServerImpl (RaftServerImpl.java:setRole(171)) - a2f98dcb-8e27-4a64-b63e-4873f01bbb94:group-5DF7EE412D5F changes role from CANDIDATE to LEADER at term 1 for changeToLeader
2019-08-20 10:22:21,154 INFO  impl.RaftServerImpl (ServerState.java:setLeader(263)) - a2f98dcb-8e27-4a64-b63e-4873f01bbb94:group-5DF7EE412D5F change Leader from null to a2f98dcb-8e27-4a64-b63e-4873f01bbb94 at term 1 for becomeLeader, leader elected after 5042ms
2019-08-20 10:22:21,154 INFO  server.RaftServerConfigKeys (ConfUtils.java:logGet(43)) - raft.server.staging.catchup.gap = 1000 (default)
2019-08-20 10:22:21,154 INFO  server.RaftServerConfigKeys (ConfUtils.java:logGet(43)) - raft.server.rpc.sleep.time = 25ms (default)
2019-08-20 10:22:21,154 INFO  server.RaftServerConfigKeys (ConfUtils.java:logGet(43)) - raft.server.write.element-limit = 4096 (default)
2019-08-20 10:22:21,154 INFO  server.RaftServerConfigKeys (ConfUtils.java:logGet(43)) - raft.server.watch.timeout = 10s (default)
2019-08-20 10:22:21,154 INFO  server.RaftServerConfigKeys (ConfUtils.java:logGet(43)) - raft.server.watch.timeout.denomination = 1s (default)
2019-08-20 10:22:21,154 INFO  server.RaftServerConfigKeys (ConfUtils.java:logGet(43)) - raft.server.watch.element-limit = 65536 (default)
2019-08-20 10:22:21,155 INFO  impl.RoleInfo (RoleInfo.java:updateAndGet(143)) - a2f98dcb-8e27-4a64-b63e-4873f01bbb94: start LeaderState
2019-08-20 10:22:21,155 INFO  segmented.SegmentedRaftLogWorker (SegmentedRaftLogWorker.java:startLogSegment(380)) - a2f98dcb-8e27-4a64-b63e-4873f01bbb94-SegmentedRaftLogWorker:Storage Directory /workdir/hadoop-ozone/integration-test/target/test-dir/MiniOzoneClusterImpl-bb41d155-d46c-4d70-b443-e80a9547f56a/datanode-5/data/ratis/72bb439b-0f45-4b07-86a4-5df7ee412d5f: Starting segment from index:0
2019-08-20 10:22:21,155 INFO  impl.RaftServerImpl (ServerState.java:setRaftConf(361)) - a2f98dcb-8e27-4a64-b63e-4873f01bbb94:group-5DF7EE412D5F set configuration 0: [a2f98dcb-8e27-4a64-b63e-4873f01bbb94:192.168.5.133:45560], old=null at 0
2019-08-20 10:22:21,199 INFO  segmented.SegmentedRaftLogWorker (SegmentedRaftLogWorker.java:execute(569)) - a2f98dcb-8e27-4a64-b63e-4873f01bbb94-SegmentedRaftLogWorker:Storage Directory /workdir/hadoop-ozone/integration-test/target/test-dir/MiniOzoneClusterImpl-bb41d155-d46c-4d70-b443-e80a9547f56a/datanode-5/data/ratis/72bb439b-0f45-4b07-86a4-5df7ee412d5f: created new log segment /workdir/hadoop-ozone/integration-test/target/test-dir/MiniOzoneClusterImpl-bb41d155-d46c-4d70-b443-e80a9547f56a/datanode-5/data/ratis/72bb439b-0f45-4b07-86a4-5df7ee412d5f/current/log_inprogress_0
2019-08-20 10:22:21,258 INFO  impl.FollowerState (FollowerState.java:run(106)) - a2f98dcb-8e27-4a64-b63e-4873f01bbb94:group-9EA0E01C8C3B changes to CANDIDATE, lastRpcTime:5067, electionTimeout:5067ms
2019-08-20 10:22:21,258 INFO  impl.RoleInfo (RoleInfo.java:shutdownFollowerState(121)) - a2f98dcb-8e27-4a64-b63e-4873f01bbb94: shutdown FollowerState
2019-08-20 10:22:21,259 INFO  impl.RaftServerImpl (RaftServerImpl.java:setRole(171)) - a2f98dcb-8e27-4a64-b63e-4873f01bbb94:group-9EA0E01C8C3B changes role from FOLLOWER to CANDIDATE at term 0 for changeToCandidate
2019-08-20 10:22:21,259 INFO  impl.RoleInfo (RoleInfo.java:updateAndGet(143)) - a2f98dcb-8e27-4a64-b63e-4873f01bbb94: start LeaderElection
2019-08-20 10:22:21,263 INFO  impl.FollowerState (FollowerState.java:run(106)) - c82cdedb-f905-4590-81cd-07d79d7d23dd:group-9EA0E01C8C3B changes to CANDIDATE, lastRpcTime:5073, electionTimeout:5073ms
2019-08-20 10:22:21,263 INFO  impl.RoleInfo (RoleInfo.java:shutdownFollowerState(121)) - c82cdedb-f905-4590-81cd-07d79d7d23dd: shutdown FollowerState
2019-08-20 10:22:21,263 INFO  impl.RaftServerImpl (RaftServerImpl.java:setRole(171)) - c82cdedb-f905-4590-81cd-07d79d7d23dd:group-9EA0E01C8C3B changes role from FOLLOWER to CANDIDATE at term 0 for changeToCandidate
2019-08-20 10:22:21,263 INFO  impl.RoleInfo (RoleInfo.java:updateAndGet(143)) - c82cdedb-f905-4590-81cd-07d79d7d23dd: start LeaderElection
2019-08-20 10:22:21,275 INFO  impl.LeaderElection (LeaderElection.java:askForVotes(181)) - a2f98dcb-8e27-4a64-b63e-4873f01bbb94:group-9EA0E01C8C3B:LeaderElection67: begin an election at term 1 for -1: [a2f98dcb-8e27-4a64-b63e-4873f01bbb94:192.168.5.133:45560, c82cdedb-f905-4590-81cd-07d79d7d23dd:192.168.5.133:45135, eddcc57c-da79-40bf-a8f7-7b350fcd6b06:192.168.5.133:34322], old=null
2019-08-20 10:22:21,276 INFO  impl.LeaderElection (LeaderElection.java:askForVotes(181)) - c82cdedb-f905-4590-81cd-07d79d7d23dd:group-9EA0E01C8C3B:LeaderElection68: begin an election at term 1 for -1: [a2f98dcb-8e27-4a64-b63e-4873f01bbb94:192.168.5.133:45560, c82cdedb-f905-4590-81cd-07d79d7d23dd:192.168.5.133:45135, eddcc57c-da79-40bf-a8f7-7b350fcd6b06:192.168.5.133:34322], old=null
2019-08-20 10:22:21,290 INFO  impl.RaftServerImpl (RaftServerImpl.java:setRole(171)) - eddcc57c-da79-40bf-a8f7-7b350fcd6b06:group-9EA0E01C8C3B changes role from FOLLOWER to FOLLOWER at term 1 for recognizeCandidate:a2f98dcb-8e27-4a64-b63e-4873f01bbb94
2019-08-20 10:22:21,292 INFO  impl.RoleInfo (RoleInfo.java:shutdownFollowerState(121)) - eddcc57c-da79-40bf-a8f7-7b350fcd6b06: shutdown FollowerState
2019-08-20 10:22:21,292 INFO  impl.RoleInfo (RoleInfo.java:updateAndGet(143)) - eddcc57c-da79-40bf-a8f7-7b350fcd6b06: start FollowerState
2019-08-20 10:22:21,292 INFO  impl.FollowerState (FollowerState.java:run(114)) - eddcc57c-da79-40bf-a8f7-7b350fcd6b06: FollowerState was interrupted: java.lang.InterruptedException: sleep interrupted
2019-08-20 10:22:21,316 INFO  impl.LeaderElection (LeaderElection.java:logAndReturn(56)) - a2f98dcb-8e27-4a64-b63e-4873f01bbb94:group-9EA0E01C8C3B:LeaderElection67: Election PASSED; received 2 response(s) [a2f98dcb-8e27-4a64-b63e-4873f01bbb94<-c82cdedb-f905-4590-81cd-07d79d7d23dd#0:FAIL-t1, a2f98dcb-8e27-4a64-b63e-4873f01bbb94<-eddcc57c-da79-40bf-a8f7-7b350fcd6b06#0:OK-t1] and 0 exception(s); a2f98dcb-8e27-4a64-b63e-4873f01bbb94:t1, leader=null, voted=a2f98dcb-8e27-4a64-b63e-4873f01bbb94, raftlog=a2f98dcb-8e27-4a64-b63e-4873f01bbb94-SegmentedRaftLog:OPENED:c-1,f-1,i0, conf=-1: [a2f98dcb-8e27-4a64-b63e-4873f01bbb94:192.168.5.133:45560, c82cdedb-f905-4590-81cd-07d79d7d23dd:192.168.5.133:45135, eddcc57c-da79-40bf-a8f7-7b350fcd6b06:192.168.5.133:34322], old=null
2019-08-20 10:22:21,316 INFO  impl.LeaderElection (LeaderElection.java:logAndReturn(56)) - c82cdedb-f905-4590-81cd-07d79d7d23dd:group-9EA0E01C8C3B:LeaderElection68: Election REJECTED; received 2 response(s) [c82cdedb-f905-4590-81cd-07d79d7d23dd<-a2f98dcb-8e27-4a64-b63e-4873f01bbb94#0:FAIL-t1, c82cdedb-f905-4590-81cd-07d79d7d23dd<-eddcc57c-da79-40bf-a8f7-7b350fcd6b06#0:FAIL-t1] and 0 exception(s); c82cdedb-f905-4590-81cd-07d79d7d23dd:t1, leader=null, voted=c82cdedb-f905-4590-81cd-07d79d7d23dd, raftlog=c82cdedb-f905-4590-81cd-07d79d7d23dd-SegmentedRaftLog:OPENED:c-1,f-1,i0, conf=-1: [a2f98dcb-8e27-4a64-b63e-4873f01bbb94:192.168.5.133:45560, c82cdedb-f905-4590-81cd-07d79d7d23dd:192.168.5.133:45135, eddcc57c-da79-40bf-a8f7-7b350fcd6b06:192.168.5.133:34322], old=null
2019-08-20 10:22:21,316 INFO  impl.RoleInfo (RoleInfo.java:shutdownLeaderElection(134)) - a2f98dcb-8e27-4a64-b63e-4873f01bbb94: shutdown LeaderElection
2019-08-20 10:22:21,316 INFO  impl.RaftServerImpl (RaftServerImpl.java:setRole(171)) - c82cdedb-f905-4590-81cd-07d79d7d23dd:group-9EA0E01C8C3B changes role from CANDIDATE to FOLLOWER at term 1 for DISCOVERED_A_NEW_TERM
2019-08-20 10:22:21,316 INFO  impl.RaftServerImpl (RaftServerImpl.java:setRole(171)) - a2f98dcb-8e27-4a64-b63e-4873f01bbb94:group-9EA0E01C8C3B changes role from CANDIDATE to LEADER at term 1 for changeToLeader
2019-08-20 10:22:21,316 INFO  impl.RoleInfo (RoleInfo.java:shutdownLeaderElection(134)) - c82cdedb-f905-4590-81cd-07d79d7d23dd: shutdown LeaderElection
2019-08-20 10:22:21,316 INFO  impl.RaftServerImpl (ServerState.java:setLeader(263)) - a2f98dcb-8e27-4a64-b63e-4873f01bbb94:group-9EA0E01C8C3B change Leader from null to a2f98dcb-8e27-4a64-b63e-4873f01bbb94 at term 1 for becomeLeader, leader elected after 5133ms
2019-08-20 10:22:21,316 INFO  impl.RoleInfo (RoleInfo.java:updateAndGet(143)) - c82cdedb-f905-4590-81cd-07d79d7d23dd: start FollowerState
2019-08-20 10:22:21,316 INFO  server.RaftServerConfigKeys (ConfUtils.java:logGet(43)) - raft.server.staging.catchup.gap = 1000 (default)
2019-08-20 10:22:21,317 INFO  server.RaftServerConfigKeys (ConfUtils.java:logGet(43)) - raft.server.rpc.sleep.time = 25ms (default)
2019-08-20 10:22:21,317 INFO  server.RaftServerConfigKeys (ConfUtils.java:logGet(43)) - raft.server.write.element-limit = 4096 (default)
2019-08-20 10:22:21,317 INFO  server.RaftServerConfigKeys (ConfUtils.java:logGet(43)) - raft.server.watch.timeout = 10s (default)
2019-08-20 10:22:21,317 INFO  server.RaftServerConfigKeys (ConfUtils.java:logGet(43)) - raft.server.watch.timeout.denomination = 1s (default)
2019-08-20 10:22:21,317 INFO  server.RaftServerConfigKeys (ConfUtils.java:logGet(43)) - raft.server.watch.element-limit = 65536 (default)
2019-08-20 10:22:21,317 INFO  server.RaftServerConfigKeys (ConfUtils.java:logGet(43)) - raft.server.log.appender.snapshot.chunk.size.max = 16MB (=16777216) (default)
2019-08-20 10:22:21,318 INFO  server.RaftServerConfigKeys (ConfUtils.java:logGet(43)) - raft.server.log.appender.buffer.byte-limit = 33554432 (custom)
2019-08-20 10:22:21,318 INFO  server.RaftServerConfigKeys (ConfUtils.java:logGet(43)) - raft.server.log.appender.buffer.element-limit = 1 (custom)
2019-08-20 10:22:21,318 INFO  grpc.GrpcConfigKeys$Server (ConfUtils.java:logGet(43)) - raft.grpc.server.leader.outstanding.appends.max = 128 (default)
2019-08-20 10:22:21,318 INFO  server.RaftServerConfigKeys (ConfUtils.java:logGet(43)) - raft.server.rpc.request.timeout = 3000ms (default)
2019-08-20 10:22:21,318 INFO  server.RaftServerConfigKeys (ConfUtils.java:logGet(43)) - raft.server.log.appender.install.snapshot.enabled = false (custom)
2019-08-20 10:22:21,318 INFO  server.RaftServerConfigKeys (ConfUtils.java:logGet(43)) - raft.server.log.appender.snapshot.chunk.size.max = 16MB (=16777216) (default)
2019-08-20 10:22:21,318 INFO  server.RaftServerConfigKeys (ConfUtils.java:logGet(43)) - raft.server.log.appender.buffer.byte-limit = 33554432 (custom)
2019-08-20 10:22:21,319 INFO  server.RaftServerConfigKeys (ConfUtils.java:logGet(43)) - raft.server.log.appender.buffer.element-limit = 1 (custom)
2019-08-20 10:22:21,319 INFO  grpc.GrpcConfigKeys$Server (ConfUtils.java:logGet(43)) - raft.grpc.server.leader.outstanding.appends.max = 128 (default)
2019-08-20 10:22:21,319 INFO  server.RaftServerConfigKeys (ConfUtils.java:logGet(43)) - raft.server.rpc.request.timeout = 3000ms (default)
2019-08-20 10:22:21,319 INFO  server.RaftServerConfigKeys (ConfUtils.java:logGet(43)) - raft.server.log.appender.install.snapshot.enabled = false (custom)
2019-08-20 10:22:21,319 INFO  impl.RoleInfo (RoleInfo.java:updateAndGet(143)) - a2f98dcb-8e27-4a64-b63e-4873f01bbb94: start LeaderState
2019-08-20 10:22:21,319 INFO  segmented.SegmentedRaftLogWorker (SegmentedRaftLogWorker.java:startLogSegment(380)) - a2f98dcb-8e27-4a64-b63e-4873f01bbb94-SegmentedRaftLogWorker:Storage Directory /workdir/hadoop-ozone/integration-test/target/test-dir/MiniOzoneClusterImpl-bb41d155-d46c-4d70-b443-e80a9547f56a/datanode-5/data/ratis/bae2db77-b8b4-4514-bf05-9ea0e01c8c3b: Starting segment from index:0
2019-08-20 10:22:21,320 INFO  impl.RaftServerImpl (ServerState.java:setRaftConf(361)) - a2f98dcb-8e27-4a64-b63e-4873f01bbb94:group-9EA0E01C8C3B set configuration 0: [a2f98dcb-8e27-4a64-b63e-4873f01bbb94:192.168.5.133:45560, c82cdedb-f905-4590-81cd-07d79d7d23dd:192.168.5.133:45135, eddcc57c-da79-40bf-a8f7-7b350fcd6b06:192.168.5.133:34322], old=null at 0
2019-08-20 10:22:21,321 INFO  impl.RaftServerImpl (ServerState.java:setLeader(263)) - c82cdedb-f905-4590-81cd-07d79d7d23dd:group-9EA0E01C8C3B change Leader from null to a2f98dcb-8e27-4a64-b63e-4873f01bbb94 at term 1 for appendEntries, leader elected after 5137ms
2019-08-20 10:22:21,321 INFO  impl.RaftServerImpl (ServerState.java:setLeader(263)) - eddcc57c-da79-40bf-a8f7-7b350fcd6b06:group-9EA0E01C8C3B change Leader from null to a2f98dcb-8e27-4a64-b63e-4873f01bbb94 at term 1 for appendEntries, leader elected after 5138ms
2019-08-20 10:22:21,324 INFO  impl.RaftServerImpl (ServerState.java:setRaftConf(361)) - c82cdedb-f905-4590-81cd-07d79d7d23dd:group-9EA0E01C8C3B set configuration 0: [a2f98dcb-8e27-4a64-b63e-4873f01bbb94:192.168.5.133:45560, c82cdedb-f905-4590-81cd-07d79d7d23dd:192.168.5.133:45135, eddcc57c-da79-40bf-a8f7-7b350fcd6b06:192.168.5.133:34322], old=null at 0
2019-08-20 10:22:21,324 INFO  impl.RaftServerImpl (ServerState.java:setRaftConf(361)) - eddcc57c-da79-40bf-a8f7-7b350fcd6b06:group-9EA0E01C8C3B set configuration 0: [a2f98dcb-8e27-4a64-b63e-4873f01bbb94:192.168.5.133:45560, c82cdedb-f905-4590-81cd-07d79d7d23dd:192.168.5.133:45135, eddcc57c-da79-40bf-a8f7-7b350fcd6b06:192.168.5.133:34322], old=null at 0
2019-08-20 10:22:21,324 INFO  segmented.SegmentedRaftLogWorker (SegmentedRaftLogWorker.java:startLogSegment(380)) - c82cdedb-f905-4590-81cd-07d79d7d23dd-SegmentedRaftLogWorker:Storage Directory /workdir/hadoop-ozone/integration-test/target/test-dir/MiniOzoneClusterImpl-bb41d155-d46c-4d70-b443-e80a9547f56a/datanode-3/data/ratis/bae2db77-b8b4-4514-bf05-9ea0e01c8c3b: Starting segment from index:0
2019-08-20 10:22:21,325 INFO  segmented.SegmentedRaftLogWorker (SegmentedRaftLogWorker.java:startLogSegment(380)) - eddcc57c-da79-40bf-a8f7-7b350fcd6b06-SegmentedRaftLogWorker:Storage Directory /workdir/hadoop-ozone/integration-test/target/test-dir/MiniOzoneClusterImpl-bb41d155-d46c-4d70-b443-e80a9547f56a/datanode-4/data/ratis/bae2db77-b8b4-4514-bf05-9ea0e01c8c3b: Starting segment from index:0
2019-08-20 10:22:21,351 INFO  segmented.SegmentedRaftLogWorker (SegmentedRaftLogWorker.java:execute(569)) - a2f98dcb-8e27-4a64-b63e-4873f01bbb94-SegmentedRaftLogWorker:Storage Directory /workdir/hadoop-ozone/integration-test/target/test-dir/MiniOzoneClusterImpl-bb41d155-d46c-4d70-b443-e80a9547f56a/datanode-5/data/ratis/bae2db77-b8b4-4514-bf05-9ea0e01c8c3b: created new log segment /workdir/hadoop-ozone/integration-test/target/test-dir/MiniOzoneClusterImpl-bb41d155-d46c-4d70-b443-e80a9547f56a/datanode-5/data/ratis/bae2db77-b8b4-4514-bf05-9ea0e01c8c3b/current/log_inprogress_0
2019-08-20 10:22:21,363 INFO  segmented.SegmentedRaftLogWorker (SegmentedRaftLogWorker.java:execute(569)) - c82cdedb-f905-4590-81cd-07d79d7d23dd-SegmentedRaftLogWorker:Storage Directory /workdir/hadoop-ozone/integration-test/target/test-dir/MiniOzoneClusterImpl-bb41d155-d46c-4d70-b443-e80a9547f56a/datanode-3/data/ratis/bae2db77-b8b4-4514-bf05-9ea0e01c8c3b: created new log segment /workdir/hadoop-ozone/integration-test/target/test-dir/MiniOzoneClusterImpl-bb41d155-d46c-4d70-b443-e80a9547f56a/datanode-3/data/ratis/bae2db77-b8b4-4514-bf05-9ea0e01c8c3b/current/log_inprogress_0
2019-08-20 10:22:21,379 INFO  segmented.SegmentedRaftLogWorker (SegmentedRaftLogWorker.java:execute(569)) - eddcc57c-da79-40bf-a8f7-7b350fcd6b06-SegmentedRaftLogWorker:Storage Directory /workdir/hadoop-ozone/integration-test/target/test-dir/MiniOzoneClusterImpl-bb41d155-d46c-4d70-b443-e80a9547f56a/datanode-4/data/ratis/bae2db77-b8b4-4514-bf05-9ea0e01c8c3b: created new log segment /workdir/hadoop-ozone/integration-test/target/test-dir/MiniOzoneClusterImpl-bb41d155-d46c-4d70-b443-e80a9547f56a/datanode-4/data/ratis/bae2db77-b8b4-4514-bf05-9ea0e01c8c3b/current/log_inprogress_0
2019-08-20 10:22:21,398 INFO  client.GrpcClientProtocolClient (GrpcClientProtocolClient.java:onNext(255)) - client-917FB8A92EC3->eddcc57c-da79-40bf-a8f7-7b350fcd6b06: receive RaftClientReply:client-917FB8A92EC3->eddcc57c-da79-40bf-a8f7-7b350fcd6b06@group-9EA0E01C8C3B, cid=176, FAILED org.apache.ratis.protocol.NotLeaderException: Server eddcc57c-da79-40bf-a8f7-7b350fcd6b06 is not the leader (a2f98dcb-8e27-4a64-b63e-4873f01bbb94:192.168.5.133:45560). Request must be sent to leader., logIndex=0, commits[eddcc57c-da79-40bf-a8f7-7b350fcd6b06:c-1, a2f98dcb-8e27-4a64-b63e-4873f01bbb94:c-1, c82cdedb-f905-4590-81cd-07d79d7d23dd:c-1]
2019-08-20 10:22:21,452 INFO  impl.FollowerState (FollowerState.java:run(106)) - b2ac5990-f7ad-4521-bd7b-8d54ab25a987:group-BD195E58821D changes to CANDIDATE, lastRpcTime:5156, electionTimeout:5156ms
2019-08-20 10:22:21,453 INFO  impl.RoleInfo (RoleInfo.java:shutdownFollowerState(121)) - b2ac5990-f7ad-4521-bd7b-8d54ab25a987: shutdown FollowerState
2019-08-20 10:22:21,453 INFO  impl.RaftServerImpl (RaftServerImpl.java:setRole(171)) - b2ac5990-f7ad-4521-bd7b-8d54ab25a987:group-BD195E58821D changes role from FOLLOWER to CANDIDATE at term 0 for changeToCandidate
2019-08-20 10:22:21,453 INFO  impl.RoleInfo (RoleInfo.java:updateAndGet(143)) - b2ac5990-f7ad-4521-bd7b-8d54ab25a987: start LeaderElection
2019-08-20 10:22:21,461 INFO  impl.LeaderElection (LeaderElection.java:askForVotes(181)) - b2ac5990-f7ad-4521-bd7b-8d54ab25a987:group-BD195E58821D:LeaderElection69: begin an election at term 1 for -1: [b2ac5990-f7ad-4521-bd7b-8d54ab25a987:192.168.5.133:40626], old=null
2019-08-20 10:22:21,461 INFO  impl.RoleInfo (RoleInfo.java:shutdownLeaderElection(134)) - b2ac5990-f7ad-4521-bd7b-8d54ab25a987: shutdown LeaderElection
2019-08-20 10:22:21,461 INFO  impl.RaftServerImpl (RaftServerImpl.java:setRole(171)) - b2ac5990-f7ad-4521-bd7b-8d54ab25a987:group-BD195E58821D changes role from CANDIDATE to LEADER at term 1 for changeToLeader
2019-08-20 10:22:21,461 INFO  impl.RaftServerImpl (ServerState.java:setLeader(263)) - b2ac5990-f7ad-4521-bd7b-8d54ab25a987:group-BD195E58821D change Leader from null to b2ac5990-f7ad-4521-bd7b-8d54ab25a987 at term 1 for becomeLeader, leader elected after 5168ms
2019-08-20 10:22:21,461 INFO  server.RaftServerConfigKeys (ConfUtils.java:logGet(43)) - raft.server.staging.catchup.gap = 1000 (default)
2019-08-20 10:22:21,462 INFO  server.RaftServerConfigKeys (ConfUtils.java:logGet(43)) - raft.server.rpc.sleep.time = 25ms (default)
2019-08-20 10:22:21,462 INFO  server.RaftServerConfigKeys (ConfUtils.java:logGet(43)) - raft.server.write.element-limit = 4096 (default)
2019-08-20 10:22:21,462 INFO  server.RaftServerConfigKeys (ConfUtils.java:logGet(43)) - raft.server.watch.timeout = 10s (default)
2019-08-20 10:22:21,462 INFO  server.RaftServerConfigKeys (ConfUtils.java:logGet(43)) - raft.server.watch.timeout.denomination = 1s (default)
2019-08-20 10:22:21,462 INFO  server.RaftServerConfigKeys (ConfUtils.java:logGet(43)) - raft.server.watch.element-limit = 65536 (default)
2019-08-20 10:22:21,463 INFO  impl.RoleInfo (RoleInfo.java:updateAndGet(143)) - b2ac5990-f7ad-4521-bd7b-8d54ab25a987: start LeaderState
2019-08-20 10:22:21,463 INFO  segmented.SegmentedRaftLogWorker (SegmentedRaftLogWorker.java:startLogSegment(380)) - b2ac5990-f7ad-4521-bd7b-8d54ab25a987-SegmentedRaftLogWorker:Storage Directory /workdir/hadoop-ozone/integration-test/target/test-dir/MiniOzoneClusterImpl-bb41d155-d46c-4d70-b443-e80a9547f56a/datanode-6/data/ratis/42a37647-de11-4a61-9c4e-bd195e58821d: Starting segment from index:0
2019-08-20 10:22:21,464 INFO  impl.RaftServerImpl (ServerState.java:setRaftConf(361)) - b2ac5990-f7ad-4521-bd7b-8d54ab25a987:group-BD195E58821D set configuration 0: [b2ac5990-f7ad-4521-bd7b-8d54ab25a987:192.168.5.133:40626], old=null at 0
2019-08-20 10:22:21,503 INFO  segmented.SegmentedRaftLogWorker (SegmentedRaftLogWorker.java:execute(569)) - b2ac5990-f7ad-4521-bd7b-8d54ab25a987-SegmentedRaftLogWorker:Storage Directory /workdir/hadoop-ozone/integration-test/target/test-dir/MiniOzoneClusterImpl-bb41d155-d46c-4d70-b443-e80a9547f56a/datanode-6/data/ratis/42a37647-de11-4a61-9c4e-bd195e58821d: created new log segment /workdir/hadoop-ozone/integration-test/target/test-dir/MiniOzoneClusterImpl-bb41d155-d46c-4d70-b443-e80a9547f56a/datanode-6/data/ratis/42a37647-de11-4a61-9c4e-bd195e58821d/current/log_inprogress_0
2019-08-20 10:22:21,572 INFO  client.GrpcClientProtocolClient (GrpcClientProtocolClient.java:onNext(255)) - client-917FB8A92EC3->a2f98dcb-8e27-4a64-b63e-4873f01bbb94: receive RaftClientReply:client-917FB8A92EC3->a2f98dcb-8e27-4a64-b63e-4873f01bbb94@group-9EA0E01C8C3B, cid=176, SUCCESS, logIndex=1, commits[a2f98dcb-8e27-4a64-b63e-4873f01bbb94:c1, c82cdedb-f905-4590-81cd-07d79d7d23dd:c0, eddcc57c-da79-40bf-a8f7-7b350fcd6b06:c0]
2019-08-20 10:22:21,585 INFO  client.GrpcClientProtocolClient (GrpcClientProtocolClient.java:onNext(255)) - client-917FB8A92EC3->a2f98dcb-8e27-4a64-b63e-4873f01bbb94: receive RaftClientReply:client-917FB8A92EC3->a2f98dcb-8e27-4a64-b63e-4873f01bbb94@group-9EA0E01C8C3B, cid=177, SUCCESS, logIndex=3, commits[a2f98dcb-8e27-4a64-b63e-4873f01bbb94:c4, c82cdedb-f905-4590-81cd-07d79d7d23dd:c1, eddcc57c-da79-40bf-a8f7-7b350fcd6b06:c1]
2019-08-20 10:22:21,646 INFO  client.GrpcClientProtocolClient (GrpcClientProtocolClient.java:onNext(255)) - client-917FB8A92EC3->a2f98dcb-8e27-4a64-b63e-4873f01bbb94: receive RaftClientReply:client-917FB8A92EC3->a2f98dcb-8e27-4a64-b63e-4873f01bbb94@group-9EA0E01C8C3B, cid=178, SUCCESS, logIndex=4, commits[a2f98dcb-8e27-4a64-b63e-4873f01bbb94:c12, c82cdedb-f905-4590-81cd-07d79d7d23dd:c7, eddcc57c-da79-40bf-a8f7-7b350fcd6b06:c7]
2019-08-20 10:22:21,646 INFO  client.GrpcClientProtocolClient (GrpcClientProtocolClient.java:onNext(255)) - client-917FB8A92EC3->a2f98dcb-8e27-4a64-b63e-4873f01bbb94: receive RaftClientReply:client-917FB8A92EC3->a2f98dcb-8e27-4a64-b63e-4873f01bbb94@group-9EA0E01C8C3B, cid=179, SUCCESS, logIndex=5, commits[a2f98dcb-8e27-4a64-b63e-4873f01bbb94:c12, c82cdedb-f905-4590-81cd-07d79d7d23dd:c7, eddcc57c-da79-40bf-a8f7-7b350fcd6b06:c7]
2019-08-20 10:22:21,647 INFO  client.GrpcClientProtocolClient (GrpcClientProtocolClient.java:onNext(255)) - client-917FB8A92EC3->a2f98dcb-8e27-4a64-b63e-4873f01bbb94: receive RaftClientReply:client-917FB8A92EC3->a2f98dcb-8e27-4a64-b63e-4873f01bbb94@group-9EA0E01C8C3B, cid=180, SUCCESS, logIndex=6, commits[a2f98dcb-8e27-4a64-b63e-4873f01bbb94:c12, c82cdedb-f905-4590-81cd-07d79d7d23dd:c7, eddcc57c-da79-40bf-a8f7-7b350fcd6b06:c7]
2019-08-20 10:22:21,757 INFO  client.GrpcClientProtocolClient (GrpcClientProtocolClient.java:onNext(255)) - client-917FB8A92EC3->a2f98dcb-8e27-4a64-b63e-4873f01bbb94: receive RaftClientReply:client-917FB8A92EC3->a2f98dcb-8e27-4a64-b63e-4873f01bbb94@group-9EA0E01C8C3B, cid=181, SUCCESS, logIndex=7, commits[a2f98dcb-8e27-4a64-b63e-4873f01bbb94:c12, c82cdedb-f905-4590-81cd-07d79d7d23dd:c7, eddcc57c-da79-40bf-a8f7-7b350fcd6b06:c7]
2019-08-20 10:22:21,778 INFO  client.GrpcClientProtocolClient (GrpcClientProtocolClient.java:onNext(255)) - client-917FB8A92EC3->a2f98dcb-8e27-4a64-b63e-4873f01bbb94: receive RaftClientReply:client-917FB8A92EC3->a2f98dcb-8e27-4a64-b63e-4873f01bbb94@group-9EA0E01C8C3B, cid=182, SUCCESS, logIndex=13, commits[a2f98dcb-8e27-4a64-b63e-4873f01bbb94:c14, c82cdedb-f905-4590-81cd-07d79d7d23dd:c12, eddcc57c-da79-40bf-a8f7-7b350fcd6b06:c7]
2019-08-20 10:22:21,779 INFO  client.GrpcClientProtocolClient (GrpcClientProtocolClient.java:onNext(255)) - client-917FB8A92EC3->a2f98dcb-8e27-4a64-b63e-4873f01bbb94: receive RaftClientReply:client-917FB8A92EC3->a2f98dcb-8e27-4a64-b63e-4873f01bbb94@group-9EA0E01C8C3B, cid=183, SUCCESS, logIndex=14, commits[a2f98dcb-8e27-4a64-b63e-4873f01bbb94:c14, c82cdedb-f905-4590-81cd-07d79d7d23dd:c12, eddcc57c-da79-40bf-a8f7-7b350fcd6b06:c12]
2019-08-20 10:22:21,799 INFO  client.GrpcClientProtocolClient (GrpcClientProtocolClient.java:onNext(255)) - client-917FB8A92EC3->a2f98dcb-8e27-4a64-b63e-4873f01bbb94: receive RaftClientReply:client-917FB8A92EC3->a2f98dcb-8e27-4a64-b63e-4873f01bbb94@group-9EA0E01C8C3B, cid=184, SUCCESS, logIndex=0, commits[a2f98dcb-8e27-4a64-b63e-4873f01bbb94:c15, c82cdedb-f905-4590-81cd-07d79d7d23dd:c14, eddcc57c-da79-40bf-a8f7-7b350fcd6b06:c14]
2019-08-20 10:22:21,799 INFO  datanode.ObjectStoreHandler (ObjectStoreHandler.java:close(155)) - Closing ObjectStoreHandler.
2019-08-20 10:22:21,800 INFO  ozone.HddsDatanodeService (HddsDatanodeService.java:stop(451)) - Stopped plug-in org.apache.hadoop.ozone.web.OzoneHddsDatanodeService@5112858c
2019-08-20 10:22:22,553 INFO  statemachine.DatanodeStateMachine (DatanodeStateMachine.java:lambda$startDaemon$0(350)) - Ozone container server started.
2019-08-20 10:22:26,646 INFO  node.StaleNodeHandler (StaleNodeHandler.java:onMessage(58)) - Datanode a2f98dcb-8e27-4a64-b63e-4873f01bbb94{ip: 192.168.5.133, host: pr-hdds-1054s69ht-3886455778, networkLocation: /default-rack, certSerialId: null} moved to stale state. Finalizing its pipelines [PipelineID=bae2db77-b8b4-4514-bf05-9ea0e01c8c3b, PipelineID=72bb439b-0f45-4b07-86a4-5df7ee412d5f]
2019-08-20 10:22:26,647 INFO  pipeline.SCMPipelineManager (SCMPipelineManager.java:finalizeAndDestroyPipeline(309)) - destroying pipeline:Pipeline[ Id: bae2db77-b8b4-4514-bf05-9ea0e01c8c3b, Nodes: a2f98dcb-8e27-4a64-b63e-4873f01bbb94{ip: 192.168.5.133, host: pr-hdds-1054s69ht-3886455778, networkLocation: /default-rack, certSerialId: null}c82cdedb-f905-4590-81cd-07d79d7d23dd{ip: 192.168.5.133, host: pr-hdds-1054s69ht-3886455778, networkLocation: /default-rack, certSerialId: null}eddcc57c-da79-40bf-a8f7-7b350fcd6b06{ip: 192.168.5.133, host: pr-hdds-1054s69ht-3886455778, networkLocation: /default-rack, certSerialId: null}, Type:RATIS, Factor:THREE, State:OPEN]
2019-08-20 10:22:26,647 INFO  pipeline.PipelineStateManager (PipelineStateManager.java:finalizePipeline(123)) - Pipeline Pipeline[ Id: bae2db77-b8b4-4514-bf05-9ea0e01c8c3b, Nodes: a2f98dcb-8e27-4a64-b63e-4873f01bbb94{ip: 192.168.5.133, host: pr-hdds-1054s69ht-3886455778, networkLocation: /default-rack, certSerialId: null}c82cdedb-f905-4590-81cd-07d79d7d23dd{ip: 192.168.5.133, host: pr-hdds-1054s69ht-3886455778, networkLocation: /default-rack, certSerialId: null}eddcc57c-da79-40bf-a8f7-7b350fcd6b06{ip: 192.168.5.133, host: pr-hdds-1054s69ht-3886455778, networkLocation: /default-rack, certSerialId: null}, Type:RATIS, Factor:THREE, State:CLOSED] moved to CLOSED state
2019-08-20 10:22:26,648 INFO  container.CloseContainerEventHandler (CloseContainerEventHandler.java:onMessage(61)) - Close container Event triggered for container : #1
2019-08-20 10:22:26,648 INFO  pipeline.SCMPipelineManager (SCMPipelineManager.java:finalizeAndDestroyPipeline(309)) - destroying pipeline:Pipeline[ Id: 72bb439b-0f45-4b07-86a4-5df7ee412d5f, Nodes: a2f98dcb-8e27-4a64-b63e-4873f01bbb94{ip: 192.168.5.133, host: pr-hdds-1054s69ht-3886455778, networkLocation: /default-rack, certSerialId: null}, Type:RATIS, Factor:ONE, State:OPEN]
2019-08-20 10:22:26,648 INFO  pipeline.PipelineStateManager (PipelineStateManager.java:finalizePipeline(123)) - Pipeline Pipeline[ Id: 72bb439b-0f45-4b07-86a4-5df7ee412d5f, Nodes: a2f98dcb-8e27-4a64-b63e-4873f01bbb94{ip: 192.168.5.133, host: pr-hdds-1054s69ht-3886455778, networkLocation: /default-rack, certSerialId: null}, Type:RATIS, Factor:ONE, State:CLOSED] moved to CLOSED state
2019-08-20 10:22:26,801 INFO  ozoneimpl.OzoneContainer (OzoneContainer.java:stop(199)) - Attempting to stop container services.
2019-08-20 10:22:26,802 INFO  impl.RaftServerProxy (RaftServerProxy.java:lambda$close$4(314)) - a2f98dcb-8e27-4a64-b63e-4873f01bbb94: close
2019-08-20 10:22:26,803 INFO  impl.RaftServerImpl (RaftServerImpl.java:lambda$shutdown$3(245)) - a2f98dcb-8e27-4a64-b63e-4873f01bbb94: shutdown group-9EA0E01C8C3B
2019-08-20 10:22:26,803 INFO  impl.RaftServerImpl (RaftServerImpl.java:lambda$shutdown$3(245)) - a2f98dcb-8e27-4a64-b63e-4873f01bbb94: shutdown group-5DF7EE412D5F
2019-08-20 10:22:26,807 INFO  util.JmxRegister (JmxRegister.java:unregister(73)) - Successfully un-registered JMX Bean with object name Ratis:service=RaftServer,group=group-9EA0E01C8C3B,id=a2f98dcb-8e27-4a64-b63e-4873f01bbb94
2019-08-20 10:22:26,807 INFO  util.JmxRegister (JmxRegister.java:unregister(73)) - Successfully un-registered JMX Bean with object name Ratis:service=RaftServer,group=group-5DF7EE412D5F,id=a2f98dcb-8e27-4a64-b63e-4873f01bbb94
2019-08-20 10:22:26,808 INFO  impl.RoleInfo (RoleInfo.java:shutdownLeaderState(104)) - a2f98dcb-8e27-4a64-b63e-4873f01bbb94: shutdown LeaderState
2019-08-20 10:22:26,808 INFO  impl.RoleInfo (RoleInfo.java:shutdownLeaderState(104)) - a2f98dcb-8e27-4a64-b63e-4873f01bbb94: shutdown LeaderState
2019-08-20 10:22:26,813 WARN  server.GrpcLogAppender (GrpcLogAppender.java:mayWait(143)) - GrpcLogAppender(a2f98dcb-8e27-4a64-b63e-4873f01bbb94->c82cdedb-f905-4590-81cd-07d79d7d23dd): Wait interrupted by java.lang.InterruptedException
2019-08-20 10:22:26,813 WARN  server.GrpcLogAppender (GrpcLogAppender.java:mayWait(143)) - GrpcLogAppender(a2f98dcb-8e27-4a64-b63e-4873f01bbb94->eddcc57c-da79-40bf-a8f7-7b350fcd6b06): Wait interrupted by java.lang.InterruptedException
2019-08-20 10:22:26,813 INFO  impl.PendingRequests (PendingRequests.java:sendNotLeaderResponses(202)) - a2f98dcb-8e27-4a64-b63e-4873f01bbb94-PendingRequests: sendNotLeaderResponses
2019-08-20 10:22:26,813 INFO  impl.PendingRequests (PendingRequests.java:sendNotLeaderResponses(202)) - a2f98dcb-8e27-4a64-b63e-4873f01bbb94-PendingRequests: sendNotLeaderResponses
2019-08-20 10:22:26,814 INFO  server.GrpcServerProtocolService (GrpcServerProtocolService.java:onCompleted(104)) - c82cdedb-f905-4590-81cd-07d79d7d23dd: appendEntries completed
2019-08-20 10:22:26,814 INFO  server.GrpcServerProtocolService (GrpcServerProtocolService.java:onCompleted(104)) - eddcc57c-da79-40bf-a8f7-7b350fcd6b06: appendEntries completed
2019-08-20 10:22:26,818 INFO  impl.StateMachineUpdater (StateMachineUpdater.java:stopAndJoin(115)) - StateMachineUpdater:a2f98dcb-8e27-4a64-b63e-4873f01bbb94:group-9EA0E01C8C3B: set stopIndex = 16
2019-08-20 10:22:26,818 INFO  impl.StateMachineUpdater (StateMachineUpdater.java:stopAndJoin(115)) - StateMachineUpdater:a2f98dcb-8e27-4a64-b63e-4873f01bbb94:group-5DF7EE412D5F: set stopIndex = 0
2019-08-20 10:22:26,823 INFO  server.GrpcLogAppender (GrpcLogAppender.java:onCompleted(292)) - a2f98dcb-8e27-4a64-b63e-4873f01bbb94->eddcc57c-da79-40bf-a8f7-7b350fcd6b06: follower responses appendEntries COMPLETED
2019-08-20 10:22:26,823 INFO  server.GrpcLogAppender (GrpcLogAppender.java:onCompleted(292)) - a2f98dcb-8e27-4a64-b63e-4873f01bbb94->c82cdedb-f905-4590-81cd-07d79d7d23dd: follower responses appendEntries COMPLETED
2019-08-20 10:22:26,818 INFO  ratis.ContainerStateMachine (ContainerStateMachine.java:takeSnapshot(271)) - group-9EA0E01C8C3B: Taking a snapshot at:(t:1, i:14) file /workdir/hadoop-ozone/integration-test/target/test-dir/MiniOzoneClusterImpl-bb41d155-d46c-4d70-b443-e80a9547f56a/datanode-5/data/ratis/bae2db77-b8b4-4514-bf05-9ea0e01c8c3b/sm/snapshot.1_14
2019-08-20 10:22:26,823 INFO  impl.FollowerInfo (FollowerInfo.java:lambda$new$0(50)) - a2f98dcb-8e27-4a64-b63e-4873f01bbb94->c82cdedb-f905-4590-81cd-07d79d7d23dd: nextIndex: updateUnconditionally 17 -> 16
2019-08-20 10:22:26,823 INFO  impl.FollowerInfo (FollowerInfo.java:lambda$new$0(50)) - a2f98dcb-8e27-4a64-b63e-4873f01bbb94->eddcc57c-da79-40bf-a8f7-7b350fcd6b06: nextIndex: updateUnconditionally 17 -> 16
2019-08-20 10:22:26,823 INFO  impl.RaftServerImpl (ServerState.java:close(394)) - a2f98dcb-8e27-4a64-b63e-4873f01bbb94:group-5DF7EE412D5F closes. The last applied log index is 0
2019-08-20 10:22:26,824 INFO  segmented.SegmentedRaftLogWorker (SegmentedRaftLogWorker.java:run(313)) - a2f98dcb-8e27-4a64-b63e-4873f01bbb94-SegmentedRaftLogWorker:Storage Directory /workdir/hadoop-ozone/integration-test/target/test-dir/MiniOzoneClusterImpl-bb41d155-d46c-4d70-b443-e80a9547f56a/datanode-5/data/ratis/72bb439b-0f45-4b07-86a4-5df7ee412d5f was interrupted, exiting. There are 0 tasks remaining in the queue.
2019-08-20 10:22:26,826 INFO  segmented.SegmentedRaftLogWorker (SegmentedRaftLogWorker.java:close(228)) - a2f98dcb-8e27-4a64-b63e-4873f01bbb94-SegmentedRaftLogWorker:Storage Directory /workdir/hadoop-ozone/integration-test/target/test-dir/MiniOzoneClusterImpl-bb41d155-d46c-4d70-b443-e80a9547f56a/datanode-5/data/ratis/72bb439b-0f45-4b07-86a4-5df7ee412d5f close()
2019-08-20 10:22:26,840 INFO  ratis.ContainerStateMachine (ContainerStateMachine.java:takeSnapshot(282)) - group-9EA0E01C8C3B: Finished taking a snapshot at:(t:1, i:14) file:/workdir/hadoop-ozone/integration-test/target/test-dir/MiniOzoneClusterImpl-bb41d155-d46c-4d70-b443-e80a9547f56a/datanode-5/data/ratis/bae2db77-b8b4-4514-bf05-9ea0e01c8c3b/sm/snapshot.1_14 time:21
2019-08-20 10:22:26,840 INFO  impl.StateMachineUpdater (StateMachineUpdater.java:takeSnapshot(242)) - StateMachineUpdater:a2f98dcb-8e27-4a64-b63e-4873f01bbb94:group-9EA0E01C8C3B: Took a snapshot at index 14
2019-08-20 10:22:26,840 INFO  impl.StateMachineUpdater (StateMachineUpdater.java:lambda$new$0(80)) - StateMachineUpdater:a2f98dcb-8e27-4a64-b63e-4873f01bbb94:group-9EA0E01C8C3B: snapshotIndex: updateIncreasingly -1 -> 14
2019-08-20 10:22:26,840 INFO  impl.RaftServerImpl (ServerState.java:close(394)) - a2f98dcb-8e27-4a64-b63e-4873f01bbb94:group-9EA0E01C8C3B closes. The last applied log index is 16
2019-08-20 10:22:26,841 INFO  segmented.SegmentedRaftLogWorker (SegmentedRaftLogWorker.java:run(313)) - a2f98dcb-8e27-4a64-b63e-4873f01bbb94-SegmentedRaftLogWorker:Storage Directory /workdir/hadoop-ozone/integration-test/target/test-dir/MiniOzoneClusterImpl-bb41d155-d46c-4d70-b443-e80a9547f56a/datanode-5/data/ratis/bae2db77-b8b4-4514-bf05-9ea0e01c8c3b was interrupted, exiting. There are 0 tasks remaining in the queue.
2019-08-20 10:22:26,843 INFO  segmented.SegmentedRaftLogWorker (SegmentedRaftLogWorker.java:close(228)) - a2f98dcb-8e27-4a64-b63e-4873f01bbb94-SegmentedRaftLogWorker:Storage Directory /workdir/hadoop-ozone/integration-test/target/test-dir/MiniOzoneClusterImpl-bb41d155-d46c-4d70-b443-e80a9547f56a/datanode-5/data/ratis/bae2db77-b8b4-4514-bf05-9ea0e01c8c3b close()
2019-08-20 10:22:26,846 INFO  server.GrpcService (GrpcService.java:closeImpl(155)) - a2f98dcb-8e27-4a64-b63e-4873f01bbb94: shutdown server with port 45560 now
2019-08-20 10:22:26,849 WARN  client.GrpcClientProtocolService (LogUtils.java:warn(134)) - 2-UnorderedRequestStreamObserver2: onError: org.apache.ratis.thirdparty.io.grpc.StatusRuntimeException: CANCELLED: cancelled before receiving half close
2019-08-20 10:22:26,849 INFO  server.GrpcService (GrpcService.java:closeImpl(163)) - a2f98dcb-8e27-4a64-b63e-4873f01bbb94: shutdown server with port 45560 successfully
2019-08-20 10:22:26,851 INFO  utils.BackgroundService (BackgroundService.java:shutdown(148)) - Shutting down service BlockDeletingService
2019-08-20 10:22:26,854 WARN  fs.CachingGetSpaceUsed (CachingGetSpaceUsed.java:run(183)) - Thread Interrupted waiting to refresh disk information: sleep interrupted
2019-08-20 10:22:26,870 INFO  statemachine.DatanodeStateMachine (DatanodeStateMachine.java:stopDaemon(395)) - Ozone container server stopped.
2019-08-20 10:22:26,872 INFO  handler.ContextHandler (ContextHandler.java:doStop(910)) - Stopped o.e.j.w.WebAppContext@53141d3f{/,null,UNAVAILABLE}{/hddsDatanode}
2019-08-20 10:22:26,872 INFO  server.AbstractConnector (AbstractConnector.java:doStop(318)) - Stopped ServerConnector@16a4e4c9{HTTP/1.1,[http/1.1]}{0.0.0.0:0}
2019-08-20 10:22:26,873 INFO  handler.ContextHandler (ContextHandler.java:doStop(910)) - Stopped o.e.j.s.ServletContextHandler@33e6176b{/static,jar:file:/home/user/.m2/repository/org/apache/hadoop/hadoop-hdds-container-service/0.5.0-SNAPSHOT/hadoop-hdds-container-service-0.5.0-SNAPSHOT.jar!/webapps/static,UNAVAILABLE}
2019-08-20 10:22:26,873 INFO  handler.ContextHandler (ContextHandler.java:doStop(910)) - Stopped o.e.j.s.ServletContextHandler@569d7074{/logs,file:///workdir/hadoop-ozone/integration-test/target/log,UNAVAILABLE}
2019-08-20 10:22:28,893 INFO  client.GrpcClientProtocolClient (GrpcClientProtocolClient.java:onNext(255)) - client-917FB8A92EC3->c82cdedb-f905-4590-81cd-07d79d7d23dd: receive RaftClientReply:client-917FB8A92EC3->c82cdedb-f905-4590-81cd-07d79d7d23dd@group-9EA0E01C8C3B, cid=185, FAILED org.apache.ratis.protocol.NotLeaderException: Server c82cdedb-f905-4590-81cd-07d79d7d23dd is not the leader (a2f98dcb-8e27-4a64-b63e-4873f01bbb94:192.168.5.133:45560). Request must be sent to leader., logIndex=0, commits[c82cdedb-f905-4590-81cd-07d79d7d23dd:c16, a2f98dcb-8e27-4a64-b63e-4873f01bbb94:c16, eddcc57c-da79-40bf-a8f7-7b350fcd6b06:c16]
2019-08-20 10:22:29,908 INFO  client.GrpcClientProtocolClient (GrpcClientProtocolClient.java:onNext(255)) - client-917FB8A92EC3->c82cdedb-f905-4590-81cd-07d79d7d23dd: receive RaftClientReply:client-917FB8A92EC3->c82cdedb-f905-4590-81cd-07d79d7d23dd@group-9EA0E01C8C3B, cid=185, FAILED org.apache.ratis.protocol.NotLeaderException: Server c82cdedb-f905-4590-81cd-07d79d7d23dd is not the leader (a2f98dcb-8e27-4a64-b63e-4873f01bbb94:192.168.5.133:45560). Request must be sent to leader., logIndex=0, commits[c82cdedb-f905-4590-81cd-07d79d7d23dd:c16, a2f98dcb-8e27-4a64-b63e-4873f01bbb94:c16, eddcc57c-da79-40bf-a8f7-7b350fcd6b06:c16]
2019-08-20 10:22:30,921 INFO  client.GrpcClientProtocolClient (GrpcClientProtocolClient.java:onNext(255)) - client-917FB8A92EC3->eddcc57c-da79-40bf-a8f7-7b350fcd6b06: receive RaftClientReply:client-917FB8A92EC3->eddcc57c-da79-40bf-a8f7-7b350fcd6b06@group-9EA0E01C8C3B, cid=185, FAILED org.apache.ratis.protocol.NotLeaderException: Server eddcc57c-da79-40bf-a8f7-7b350fcd6b06 is not the leader (a2f98dcb-8e27-4a64-b63e-4873f01bbb94:192.168.5.133:45560). Request must be sent to leader., logIndex=0, commits[eddcc57c-da79-40bf-a8f7-7b350fcd6b06:c16, a2f98dcb-8e27-4a64-b63e-4873f01bbb94:c16, c82cdedb-f905-4590-81cd-07d79d7d23dd:c16]
2019-08-20 10:22:31,938 INFO  client.GrpcClientProtocolClient (GrpcClientProtocolClient.java:onNext(255)) - client-917FB8A92EC3->c82cdedb-f905-4590-81cd-07d79d7d23dd: receive RaftClientReply:client-917FB8A92EC3->c82cdedb-f905-4590-81cd-07d79d7d23dd@group-9EA0E01C8C3B, cid=185, FAILED org.apache.ratis.protocol.NotLeaderException: Server c82cdedb-f905-4590-81cd-07d79d7d23dd is not the leader (a2f98dcb-8e27-4a64-b63e-4873f01bbb94:192.168.5.133:45560). Request must be sent to leader., logIndex=0, commits[c82cdedb-f905-4590-81cd-07d79d7d23dd:c16, a2f98dcb-8e27-4a64-b63e-4873f01bbb94:c16, eddcc57c-da79-40bf-a8f7-7b350fcd6b06:c16]
2019-08-20 10:22:32,955 INFO  client.GrpcClientProtocolClient (GrpcClientProtocolClient.java:onNext(255)) - client-917FB8A92EC3->c82cdedb-f905-4590-81cd-07d79d7d23dd: receive RaftClientReply:client-917FB8A92EC3->c82cdedb-f905-4590-81cd-07d79d7d23dd@group-9EA0E01C8C3B, cid=185, FAILED org.apache.ratis.protocol.NotLeaderException: Server c82cdedb-f905-4590-81cd-07d79d7d23dd is not the leader (a2f98dcb-8e27-4a64-b63e-4873f01bbb94:192.168.5.133:45560). Request must be sent to leader., logIndex=0, commits[c82cdedb-f905-4590-81cd-07d79d7d23dd:c16, a2f98dcb-8e27-4a64-b63e-4873f01bbb94:c16, eddcc57c-da79-40bf-a8f7-7b350fcd6b06:c16]
2019-08-20 10:22:33,971 INFO  client.GrpcClientProtocolClient (GrpcClientProtocolClient.java:onNext(255)) - client-917FB8A92EC3->c82cdedb-f905-4590-81cd-07d79d7d23dd: receive RaftClientReply:client-917FB8A92EC3->c82cdedb-f905-4590-81cd-07d79d7d23dd@group-9EA0E01C8C3B, cid=185, FAILED org.apache.ratis.protocol.NotLeaderException: Server c82cdedb-f905-4590-81cd-07d79d7d23dd is not the leader (a2f98dcb-8e27-4a64-b63e-4873f01bbb94:192.168.5.133:45560). Request must be sent to leader., logIndex=0, commits[c82cdedb-f905-4590-81cd-07d79d7d23dd:c16, a2f98dcb-8e27-4a64-b63e-4873f01bbb94:c16, eddcc57c-da79-40bf-a8f7-7b350fcd6b06:c16]
2019-08-20 10:22:34,988 INFO  client.GrpcClientProtocolClient (GrpcClientProtocolClient.java:onNext(255)) - client-917FB8A92EC3->eddcc57c-da79-40bf-a8f7-7b350fcd6b06: receive RaftClientReply:client-917FB8A92EC3->eddcc57c-da79-40bf-a8f7-7b350fcd6b06@group-9EA0E01C8C3B, cid=185, FAILED org.apache.ratis.protocol.NotLeaderException: Server eddcc57c-da79-40bf-a8f7-7b350fcd6b06 is not the leader (a2f98dcb-8e27-4a64-b63e-4873f01bbb94:192.168.5.133:45560). Request must be sent to leader., logIndex=0, commits[eddcc57c-da79-40bf-a8f7-7b350fcd6b06:c16, a2f98dcb-8e27-4a64-b63e-4873f01bbb94:c16, c82cdedb-f905-4590-81cd-07d79d7d23dd:c16]
2019-08-20 10:22:36,006 INFO  client.GrpcClientProtocolClient (GrpcClientProtocolClient.java:onNext(255)) - client-917FB8A92EC3->c82cdedb-f905-4590-81cd-07d79d7d23dd: receive RaftClientReply:client-917FB8A92EC3->c82cdedb-f905-4590-81cd-07d79d7d23dd@group-9EA0E01C8C3B, cid=185, FAILED org.apache.ratis.protocol.NotLeaderException: Server c82cdedb-f905-4590-81cd-07d79d7d23dd is not the leader (a2f98dcb-8e27-4a64-b63e-4873f01bbb94:192.168.5.133:45560). Request must be sent to leader., logIndex=0, commits[c82cdedb-f905-4590-81cd-07d79d7d23dd:c16, a2f98dcb-8e27-4a64-b63e-4873f01bbb94:c16, eddcc57c-da79-40bf-a8f7-7b350fcd6b06:c16]
2019-08-20 10:22:36,481 INFO  impl.FollowerState (FollowerState.java:run(106)) - eddcc57c-da79-40bf-a8f7-7b350fcd6b06:group-9EA0E01C8C3B changes to CANDIDATE, lastRpcTime:9680, electionTimeout:5040ms
2019-08-20 10:22:36,481 INFO  impl.RoleInfo (RoleInfo.java:shutdownFollowerState(121)) - eddcc57c-da79-40bf-a8f7-7b350fcd6b06: shutdown FollowerState
2019-08-20 10:22:36,482 INFO  impl.RaftServerImpl (RaftServerImpl.java:setRole(171)) - eddcc57c-da79-40bf-a8f7-7b350fcd6b06:group-9EA0E01C8C3B changes role from FOLLOWER to CANDIDATE at term 1 for changeToCandidate
2019-08-20 10:22:36,482 INFO  impl.RoleInfo (RoleInfo.java:updateAndGet(143)) - eddcc57c-da79-40bf-a8f7-7b350fcd6b06: start LeaderElection
2019-08-20 10:22:36,486 INFO  impl.RaftServerImpl (ServerState.java:setLeader(263)) - eddcc57c-da79-40bf-a8f7-7b350fcd6b06:group-9EA0E01C8C3B change Leader from a2f98dcb-8e27-4a64-b63e-4873f01bbb94 to null at term 1 for initElection
2019-08-20 10:22:36,499 INFO  impl.LeaderElection (LeaderElection.java:askForVotes(181)) - eddcc57c-da79-40bf-a8f7-7b350fcd6b06:group-9EA0E01C8C3B:LeaderElection70: begin an election at term 2 for 0: [a2f98dcb-8e27-4a64-b63e-4873f01bbb94:192.168.5.133:45560, c82cdedb-f905-4590-81cd-07d79d7d23dd:192.168.5.133:45135, eddcc57c-da79-40bf-a8f7-7b350fcd6b06:192.168.5.133:34322], old=null
2019-08-20 10:22:36,502 INFO  impl.LeaderElection (LogUtils.java:infoOrTrace(149)) - eddcc57c-da79-40bf-a8f7-7b350fcd6b06:group-9EA0E01C8C3B:LeaderElection70 got exception when requesting votes: {}
java.util.concurrent.ExecutionException: org.apache.ratis.thirdparty.io.grpc.StatusRuntimeException: UNAVAILABLE: io exception
	at java.util.concurrent.FutureTask.report(FutureTask.java:122)
	at java.util.concurrent.FutureTask.get(FutureTask.java:192)
	at org.apache.ratis.server.impl.LeaderElection.waitForResults(LeaderElection.java:262)
	at org.apache.ratis.server.impl.LeaderElection.askForVotes(LeaderElection.java:200)
	at org.apache.ratis.server.impl.LeaderElection.run(LeaderElection.java:130)
	at java.lang.Thread.run(Thread.java:748)
Caused by: org.apache.ratis.thirdparty.io.grpc.StatusRuntimeException: UNAVAILABLE: io exception
	at org.apache.ratis.thirdparty.io.grpc.stub.ClientCalls.toStatusRuntimeException(ClientCalls.java:233)
	at org.apache.ratis.thirdparty.io.grpc.stub.ClientCalls.getUnchecked(ClientCalls.java:214)
	at org.apache.ratis.thirdparty.io.grpc.stub.ClientCalls.blockingUnaryCall(ClientCalls.java:139)
	at org.apache.ratis.proto.grpc.RaftServerProtocolServiceGrpc$RaftServerProtocolServiceBlockingStub.requestVote(RaftServerProtocolServiceGrpc.java:265)
	at org.apache.ratis.grpc.server.GrpcServerProtocolClient.requestVote(GrpcServerProtocolClient.java:83)
	at org.apache.ratis.grpc.server.GrpcService.requestVote(GrpcService.java:195)
	at org.apache.ratis.server.impl.LeaderElection.lambda$submitRequests$1(LeaderElection.java:237)
	at java.util.concurrent.FutureTask.run(FutureTask.java:266)
	at java.util.concurrent.Executors$RunnableAdapter.call(Executors.java:511)
	at java.util.concurrent.FutureTask.run(FutureTask.java:266)
	at java.util.concurrent.ThreadPoolExecutor.runWorker(ThreadPoolExecutor.java:1149)
	at java.util.concurrent.ThreadPoolExecutor$Worker.run(ThreadPoolExecutor.java:624)
	... 1 more
Caused by: org.apache.ratis.thirdparty.io.netty.channel.AbstractChannel$AnnotatedConnectException: Connection refused: /192.168.5.133:45560
	at sun.nio.ch.SocketChannelImpl.checkConnect(Native Method)
	at sun.nio.ch.SocketChannelImpl.finishConnect(SocketChannelImpl.java:717)
	at org.apache.ratis.thirdparty.io.netty.channel.socket.nio.NioSocketChannel.doFinishConnect(NioSocketChannel.java:327)
	at org.apache.ratis.thirdparty.io.netty.channel.nio.AbstractNioChannel$AbstractNioUnsafe.finishConnect(AbstractNioChannel.java:340)
	at org.apache.ratis.thirdparty.io.netty.channel.nio.NioEventLoop.processSelectedKey(NioEventLoop.java:632)
	at org.apache.ratis.thirdparty.io.netty.channel.nio.NioEventLoop.processSelectedKeysOptimized(NioEventLoop.java:579)
	at org.apache.ratis.thirdparty.io.netty.channel.nio.NioEventLoop.processSelectedKeys(NioEventLoop.java:496)
	at org.apache.ratis.thirdparty.io.netty.channel.nio.NioEventLoop.run(NioEventLoop.java:458)
	at org.apache.ratis.thirdparty.io.netty.util.concurrent.SingleThreadEventExecutor$5.run(SingleThreadEventExecutor.java:897)
	at org.apache.ratis.thirdparty.io.netty.util.concurrent.FastThreadLocalRunnable.run(FastThreadLocalRunnable.java:30)
	... 1 more
Caused by: java.net.ConnectException: Connection refused
	... 11 more
2019-08-20 10:22:36,507 INFO  impl.RaftServerImpl (ServerState.java:setLeader(263)) - c82cdedb-f905-4590-81cd-07d79d7d23dd:group-9EA0E01C8C3B change Leader from a2f98dcb-8e27-4a64-b63e-4873f01bbb94 to null at term 2 for updateCurrentTerm
2019-08-20 10:22:36,508 INFO  impl.RaftServerImpl (RaftServerImpl.java:setRole(171)) - c82cdedb-f905-4590-81cd-07d79d7d23dd:group-9EA0E01C8C3B changes role from FOLLOWER to FOLLOWER at term 2 for recognizeCandidate:eddcc57c-da79-40bf-a8f7-7b350fcd6b06
2019-08-20 10:22:36,508 INFO  impl.RoleInfo (RoleInfo.java:shutdownFollowerState(121)) - c82cdedb-f905-4590-81cd-07d79d7d23dd: shutdown FollowerState
2019-08-20 10:22:36,508 INFO  impl.RoleInfo (RoleInfo.java:updateAndGet(143)) - c82cdedb-f905-4590-81cd-07d79d7d23dd: start FollowerState
2019-08-20 10:22:36,508 INFO  impl.FollowerState (FollowerState.java:run(114)) - c82cdedb-f905-4590-81cd-07d79d7d23dd: FollowerState was interrupted: java.lang.InterruptedException: sleep interrupted
2019-08-20 10:22:36,528 INFO  impl.LeaderElection (LeaderElection.java:logAndReturn(56)) - eddcc57c-da79-40bf-a8f7-7b350fcd6b06:group-9EA0E01C8C3B:LeaderElection70: Election PASSED; received 1 response(s) [eddcc57c-da79-40bf-a8f7-7b350fcd6b06<-c82cdedb-f905-4590-81cd-07d79d7d23dd#0:OK-t2] and 1 exception(s); eddcc57c-da79-40bf-a8f7-7b350fcd6b06:t2, leader=null, voted=eddcc57c-da79-40bf-a8f7-7b350fcd6b06, raftlog=eddcc57c-da79-40bf-a8f7-7b350fcd6b06-SegmentedRaftLog:OPENED:c16,f16,i16, conf=0: [a2f98dcb-8e27-4a64-b63e-4873f01bbb94:192.168.5.133:45560, c82cdedb-f905-4590-81cd-07d79d7d23dd:192.168.5.133:45135, eddcc57c-da79-40bf-a8f7-7b350fcd6b06:192.168.5.133:34322], old=null
2019-08-20 10:22:36,528 INFO  impl.LeaderElection (LogUtils.java:infoOrTrace(149)) -   Exception 0: {}
java.util.concurrent.ExecutionException: org.apache.ratis.thirdparty.io.grpc.StatusRuntimeException: UNAVAILABLE: io exception
	at java.util.concurrent.FutureTask.report(FutureTask.java:122)
	at java.util.concurrent.FutureTask.get(FutureTask.java:192)
	at org.apache.ratis.server.impl.LeaderElection.waitForResults(LeaderElection.java:262)
	at org.apache.ratis.server.impl.LeaderElection.askForVotes(LeaderElection.java:200)
	at org.apache.ratis.server.impl.LeaderElection.run(LeaderElection.java:130)
	at java.lang.Thread.run(Thread.java:748)
Caused by: org.apache.ratis.thirdparty.io.grpc.StatusRuntimeException: UNAVAILABLE: io exception
	at org.apache.ratis.thirdparty.io.grpc.stub.ClientCalls.toStatusRuntimeException(ClientCalls.java:233)
	at org.apache.ratis.thirdparty.io.grpc.stub.ClientCalls.getUnchecked(ClientCalls.java:214)
	at org.apache.ratis.thirdparty.io.grpc.stub.ClientCalls.blockingUnaryCall(ClientCalls.java:139)
	at org.apache.ratis.proto.grpc.RaftServerProtocolServiceGrpc$RaftServerProtocolServiceBlockingStub.requestVote(RaftServerProtocolServiceGrpc.java:265)
	at org.apache.ratis.grpc.server.GrpcServerProtocolClient.requestVote(GrpcServerProtocolClient.java:83)
	at org.apache.ratis.grpc.server.GrpcService.requestVote(GrpcService.java:195)
	at org.apache.ratis.server.impl.LeaderElection.lambda$submitRequests$1(LeaderElection.java:237)
	at java.util.concurrent.FutureTask.run(FutureTask.java:266)
	at java.util.concurrent.Executors$RunnableAdapter.call(Executors.java:511)
	at java.util.concurrent.FutureTask.run(FutureTask.java:266)
	at java.util.concurrent.ThreadPoolExecutor.runWorker(ThreadPoolExecutor.java:1149)
	at java.util.concurrent.ThreadPoolExecutor$Worker.run(ThreadPoolExecutor.java:624)
	... 1 more
Caused by: org.apache.ratis.thirdparty.io.netty.channel.AbstractChannel$AnnotatedConnectException: Connection refused: /192.168.5.133:45560
	at sun.nio.ch.SocketChannelImpl.checkConnect(Native Method)
	at sun.nio.ch.SocketChannelImpl.finishConnect(SocketChannelImpl.java:717)
	at org.apache.ratis.thirdparty.io.netty.channel.socket.nio.NioSocketChannel.doFinishConnect(NioSocketChannel.java:327)
	at org.apache.ratis.thirdparty.io.netty.channel.nio.AbstractNioChannel$AbstractNioUnsafe.finishConnect(AbstractNioChannel.java:340)
	at org.apache.ratis.thirdparty.io.netty.channel.nio.NioEventLoop.processSelectedKey(NioEventLoop.java:632)
	at org.apache.ratis.thirdparty.io.netty.channel.nio.NioEventLoop.processSelectedKeysOptimized(NioEventLoop.java:579)
	at org.apache.ratis.thirdparty.io.netty.channel.nio.NioEventLoop.processSelectedKeys(NioEventLoop.java:496)
	at org.apache.ratis.thirdparty.io.netty.channel.nio.NioEventLoop.run(NioEventLoop.java:458)
	at org.apache.ratis.thirdparty.io.netty.util.concurrent.SingleThreadEventExecutor$5.run(SingleThreadEventExecutor.java:897)
	at org.apache.ratis.thirdparty.io.netty.util.concurrent.FastThreadLocalRunnable.run(FastThreadLocalRunnable.java:30)
	... 1 more
Caused by: java.net.ConnectException: Connection refused
	... 11 more
2019-08-20 10:22:36,529 INFO  impl.RoleInfo (RoleInfo.java:shutdownLeaderElection(134)) - eddcc57c-da79-40bf-a8f7-7b350fcd6b06: shutdown LeaderElection
2019-08-20 10:22:36,529 INFO  impl.RaftServerImpl (RaftServerImpl.java:setRole(171)) - eddcc57c-da79-40bf-a8f7-7b350fcd6b06:group-9EA0E01C8C3B changes role from CANDIDATE to LEADER at term 2 for changeToLeader
2019-08-20 10:22:36,529 INFO  impl.RaftServerImpl (ServerState.java:setLeader(263)) - eddcc57c-da79-40bf-a8f7-7b350fcd6b06:group-9EA0E01C8C3B change Leader from null to eddcc57c-da79-40bf-a8f7-7b350fcd6b06 at term 2 for becomeLeader, leader elected after 43ms
2019-08-20 10:22:36,529 INFO  server.RaftServerConfigKeys (ConfUtils.java:logGet(43)) - raft.server.staging.catchup.gap = 1000 (default)
2019-08-20 10:22:36,529 INFO  server.RaftServerConfigKeys (ConfUtils.java:logGet(43)) - raft.server.rpc.sleep.time = 25ms (default)
2019-08-20 10:22:36,529 INFO  server.RaftServerConfigKeys (ConfUtils.java:logGet(43)) - raft.server.write.element-limit = 4096 (default)
2019-08-20 10:22:36,530 INFO  server.RaftServerConfigKeys (ConfUtils.java:logGet(43)) - raft.server.watch.timeout = 10s (default)
2019-08-20 10:22:36,530 INFO  server.RaftServerConfigKeys (ConfUtils.java:logGet(43)) - raft.server.watch.timeout.denomination = 1s (default)
2019-08-20 10:22:36,530 INFO  server.RaftServerConfigKeys (ConfUtils.java:logGet(43)) - raft.server.watch.element-limit = 65536 (default)
2019-08-20 10:22:36,530 INFO  server.RaftServerConfigKeys (ConfUtils.java:logGet(43)) - raft.server.log.appender.snapshot.chunk.size.max = 16MB (=16777216) (default)
2019-08-20 10:22:36,530 INFO  server.RaftServerConfigKeys (ConfUtils.java:logGet(43)) - raft.server.log.appender.buffer.byte-limit = 33554432 (custom)
2019-08-20 10:22:36,530 INFO  server.RaftServerConfigKeys (ConfUtils.java:logGet(43)) - raft.server.log.appender.buffer.element-limit = 1 (custom)
2019-08-20 10:22:36,531 INFO  grpc.GrpcConfigKeys$Server (ConfUtils.java:logGet(43)) - raft.grpc.server.leader.outstanding.appends.max = 128 (default)
2019-08-20 10:22:36,531 INFO  server.RaftServerConfigKeys (ConfUtils.java:logGet(43)) - raft.server.rpc.request.timeout = 3000ms (default)
2019-08-20 10:22:36,531 INFO  server.RaftServerConfigKeys (ConfUtils.java:logGet(43)) - raft.server.log.appender.install.snapshot.enabled = false (custom)
2019-08-20 10:22:36,531 INFO  server.RaftServerConfigKeys (ConfUtils.java:logGet(43)) - raft.server.log.appender.snapshot.chunk.size.max = 16MB (=16777216) (default)
2019-08-20 10:22:36,531 INFO  server.RaftServerConfigKeys (ConfUtils.java:logGet(43)) - raft.server.log.appender.buffer.byte-limit = 33554432 (custom)
2019-08-20 10:22:36,531 INFO  server.RaftServerConfigKeys (ConfUtils.java:logGet(43)) - raft.server.log.appender.buffer.element-limit = 1 (custom)
2019-08-20 10:22:36,531 INFO  grpc.GrpcConfigKeys$Server (ConfUtils.java:logGet(43)) - raft.grpc.server.leader.outstanding.appends.max = 128 (default)
2019-08-20 10:22:36,531 INFO  server.RaftServerConfigKeys (ConfUtils.java:logGet(43)) - raft.server.rpc.request.timeout = 3000ms (default)
2019-08-20 10:22:36,532 INFO  server.RaftServerConfigKeys (ConfUtils.java:logGet(43)) - raft.server.log.appender.install.snapshot.enabled = false (custom)
2019-08-20 10:22:36,532 INFO  impl.RoleInfo (RoleInfo.java:updateAndGet(143)) - eddcc57c-da79-40bf-a8f7-7b350fcd6b06: start LeaderState
2019-08-20 10:22:36,532 INFO  segmented.SegmentedRaftLogWorker (SegmentedRaftLogWorker.java:rollLogSegment(385)) - eddcc57c-da79-40bf-a8f7-7b350fcd6b06-SegmentedRaftLogWorker:Storage Directory /workdir/hadoop-ozone/integration-test/target/test-dir/MiniOzoneClusterImpl-bb41d155-d46c-4d70-b443-e80a9547f56a/datanode-4/data/ratis/bae2db77-b8b4-4514-bf05-9ea0e01c8c3b: Rolling segment log-0_16 to index:16
2019-08-20 10:22:36,533 INFO  segmented.SegmentedRaftLogWorker (SegmentedRaftLogWorker.java:execute(526)) - eddcc57c-da79-40bf-a8f7-7b350fcd6b06-SegmentedRaftLogWorker:Storage Directory /workdir/hadoop-ozone/integration-test/target/test-dir/MiniOzoneClusterImpl-bb41d155-d46c-4d70-b443-e80a9547f56a/datanode-4/data/ratis/bae2db77-b8b4-4514-bf05-9ea0e01c8c3b: Rolled log segment from /workdir/hadoop-ozone/integration-test/target/test-dir/MiniOzoneClusterImpl-bb41d155-d46c-4d70-b443-e80a9547f56a/datanode-4/data/ratis/bae2db77-b8b4-4514-bf05-9ea0e01c8c3b/current/log_inprogress_0 to /workdir/hadoop-ozone/integration-test/target/test-dir/MiniOzoneClusterImpl-bb41d155-d46c-4d70-b443-e80a9547f56a/datanode-4/data/ratis/bae2db77-b8b4-4514-bf05-9ea0e01c8c3b/current/log_0-16
2019-08-20 10:22:36,533 INFO  impl.RaftServerImpl (ServerState.java:setRaftConf(361)) - eddcc57c-da79-40bf-a8f7-7b350fcd6b06:group-9EA0E01C8C3B set configuration 17: [a2f98dcb-8e27-4a64-b63e-4873f01bbb94:192.168.5.133:45560, c82cdedb-f905-4590-81cd-07d79d7d23dd:192.168.5.133:45135, eddcc57c-da79-40bf-a8f7-7b350fcd6b06:192.168.5.133:34322], old=null at 17
2019-08-20 10:22:36,533 WARN  server.GrpcLogAppender (LogUtils.java:warn(134)) - eddcc57c-da79-40bf-a8f7-7b350fcd6b06->a2f98dcb-8e27-4a64-b63e-4873f01bbb94: Failed appendEntries: org.apache.ratis.thirdparty.io.grpc.StatusRuntimeException: UNAVAILABLE: io exception
2019-08-20 10:22:36,534 INFO  impl.FollowerInfo (FollowerInfo.java:lambda$new$0(50)) - eddcc57c-da79-40bf-a8f7-7b350fcd6b06->a2f98dcb-8e27-4a64-b63e-4873f01bbb94: nextIndex: updateUnconditionally 17 -> 1
2019-08-20 10:22:36,534 INFO  impl.RaftServerImpl (ServerState.java:setLeader(263)) - c82cdedb-f905-4590-81cd-07d79d7d23dd:group-9EA0E01C8C3B change Leader from null to eddcc57c-da79-40bf-a8f7-7b350fcd6b06 at term 2 for appendEntries, leader elected after 26ms
2019-08-20 10:22:36,536 INFO  impl.RaftServerImpl (ServerState.java:setRaftConf(361)) - c82cdedb-f905-4590-81cd-07d79d7d23dd:group-9EA0E01C8C3B set configuration 17: [a2f98dcb-8e27-4a64-b63e-4873f01bbb94:192.168.5.133:45560, c82cdedb-f905-4590-81cd-07d79d7d23dd:192.168.5.133:45135, eddcc57c-da79-40bf-a8f7-7b350fcd6b06:192.168.5.133:34322], old=null at 17
2019-08-20 10:22:36,537 INFO  segmented.SegmentedRaftLogWorker (SegmentedRaftLogWorker.java:rollLogSegment(385)) - c82cdedb-f905-4590-81cd-07d79d7d23dd-SegmentedRaftLogWorker:Storage Directory /workdir/hadoop-ozone/integration-test/target/test-dir/MiniOzoneClusterImpl-bb41d155-d46c-4d70-b443-e80a9547f56a/datanode-3/data/ratis/bae2db77-b8b4-4514-bf05-9ea0e01c8c3b: Rolling segment log-0_16 to index:16
2019-08-20 10:22:36,537 INFO  segmented.SegmentedRaftLogWorker (SegmentedRaftLogWorker.java:execute(526)) - c82cdedb-f905-4590-81cd-07d79d7d23dd-SegmentedRaftLogWorker:Storage Directory /workdir/hadoop-ozone/integration-test/target/test-dir/MiniOzoneClusterImpl-bb41d155-d46c-4d70-b443-e80a9547f56a/datanode-3/data/ratis/bae2db77-b8b4-4514-bf05-9ea0e01c8c3b: Rolled log segment from /workdir/hadoop-ozone/integration-test/target/test-dir/MiniOzoneClusterImpl-bb41d155-d46c-4d70-b443-e80a9547f56a/datanode-3/data/ratis/bae2db77-b8b4-4514-bf05-9ea0e01c8c3b/current/log_inprogress_0 to /workdir/hadoop-ozone/integration-test/target/test-dir/MiniOzoneClusterImpl-bb41d155-d46c-4d70-b443-e80a9547f56a/datanode-3/data/ratis/bae2db77-b8b4-4514-bf05-9ea0e01c8c3b/current/log_0-16
2019-08-20 10:22:36,562 INFO  segmented.SegmentedRaftLogWorker (SegmentedRaftLogWorker.java:execute(569)) - c82cdedb-f905-4590-81cd-07d79d7d23dd-SegmentedRaftLogWorker:Storage Directory /workdir/hadoop-ozone/integration-test/target/test-dir/MiniOzoneClusterImpl-bb41d155-d46c-4d70-b443-e80a9547f56a/datanode-3/data/ratis/bae2db77-b8b4-4514-bf05-9ea0e01c8c3b: created new log segment /workdir/hadoop-ozone/integration-test/target/test-dir/MiniOzoneClusterImpl-bb41d155-d46c-4d70-b443-e80a9547f56a/datanode-3/data/ratis/bae2db77-b8b4-4514-bf05-9ea0e01c8c3b/current/log_inprogress_17
2019-08-20 10:22:36,562 INFO  segmented.SegmentedRaftLogWorker (SegmentedRaftLogWorker.java:execute(569)) - eddcc57c-da79-40bf-a8f7-7b350fcd6b06-SegmentedRaftLogWorker:Storage Directory /workdir/hadoop-ozone/integration-test/target/test-dir/MiniOzoneClusterImpl-bb41d155-d46c-4d70-b443-e80a9547f56a/datanode-4/data/ratis/bae2db77-b8b4-4514-bf05-9ea0e01c8c3b: created new log segment /workdir/hadoop-ozone/integration-test/target/test-dir/MiniOzoneClusterImpl-bb41d155-d46c-4d70-b443-e80a9547f56a/datanode-4/data/ratis/bae2db77-b8b4-4514-bf05-9ea0e01c8c3b/current/log_inprogress_17
2019-08-20 10:22:36,586 WARN  server.GrpcLogAppender (LogUtils.java:warn(134)) - eddcc57c-da79-40bf-a8f7-7b350fcd6b06->a2f98dcb-8e27-4a64-b63e-4873f01bbb94: Failed appendEntries: org.apache.ratis.thirdparty.io.grpc.StatusRuntimeException: UNAVAILABLE: io exception
2019-08-20 10:22:36,586 INFO  impl.FollowerInfo (FollowerInfo.java:lambda$new$0(50)) - eddcc57c-da79-40bf-a8f7-7b350fcd6b06->a2f98dcb-8e27-4a64-b63e-4873f01bbb94: nextIndex: updateUnconditionally 2 -> 1
2019-08-20 10:22:36,591 WARN  server.GrpcLogAppender (LogUtils.java:warn(134)) - eddcc57c-da79-40bf-a8f7-7b350fcd6b06->a2f98dcb-8e27-4a64-b63e-4873f01bbb94: Failed appendEntries: org.apache.ratis.thirdparty.io.grpc.StatusRuntimeException: UNAVAILABLE: io exception
2019-08-20 10:22:36,592 INFO  impl.FollowerInfo (FollowerInfo.java:lambda$new$0(50)) - eddcc57c-da79-40bf-a8f7-7b350fcd6b06->a2f98dcb-8e27-4a64-b63e-4873f01bbb94: nextIndex: updateUnconditionally 2 -> 1
2019-08-20 10:22:37,024 INFO  client.GrpcClientProtocolClient (GrpcClientProtocolClient.java:onNext(255)) - client-917FB8A92EC3->c82cdedb-f905-4590-81cd-07d79d7d23dd: receive RaftClientReply:client-917FB8A92EC3->c82cdedb-f905-4590-81cd-07d79d7d23dd@group-9EA0E01C8C3B, cid=185, FAILED org.apache.ratis.protocol.NotLeaderException: Server c82cdedb-f905-4590-81cd-07d79d7d23dd is not the leader (eddcc57c-da79-40bf-a8f7-7b350fcd6b06:192.168.5.133:34322). Request must be sent to leader., logIndex=0, commits[c82cdedb-f905-4590-81cd-07d79d7d23dd:c17, a2f98dcb-8e27-4a64-b63e-4873f01bbb94:c16, eddcc57c-da79-40bf-a8f7-7b350fcd6b06:c17]
10:22:37.036 [grpc-default-executor-5] ERROR DNAudit - user=null | ip=null | op=WRITE_CHUNK {blockData=conID: 1 locID: 102648809869737998 bcsId: 14} | ret=FAILURE
org.apache.hadoop.hdds.scm.container.common.helpers.ContainerNotOpenException: Container 1 in CLOSING state
	at org.apache.hadoop.ozone.container.common.impl.HddsDispatcher.validateContainerCommand(HddsDispatcher.java:408) ~[hadoop-hdds-container-service-0.5.0-SNAPSHOT.jar:?]
	at org.apache.hadoop.ozone.container.common.transport.server.ratis.ContainerStateMachine.startTransaction(ContainerStateMachine.java:297) ~[hadoop-hdds-container-service-0.5.0-SNAPSHOT.jar:?]
	at org.apache.ratis.server.impl.RaftServerImpl.submitClientRequestAsync(RaftServerImpl.java:566) ~[ratis-server-0.4.0-2337318-SNAPSHOT.jar:0.4.0-2337318-SNAPSHOT]
	at org.apache.ratis.server.impl.RaftServerProxy.lambda$submitClientRequestAsync$7(RaftServerProxy.java:333) ~[ratis-server-0.4.0-2337318-SNAPSHOT.jar:0.4.0-2337318-SNAPSHOT]
	at org.apache.ratis.server.impl.RaftServerProxy.lambda$null$5(RaftServerProxy.java:328) ~[ratis-server-0.4.0-2337318-SNAPSHOT.jar:0.4.0-2337318-SNAPSHOT]
	at org.apache.ratis.util.JavaUtils.callAsUnchecked(JavaUtils.java:109) ~[ratis-common-0.4.0-2337318-SNAPSHOT.jar:0.4.0-2337318-SNAPSHOT]
	at org.apache.ratis.server.impl.RaftServerProxy.lambda$submitRequest$6(RaftServerProxy.java:328) ~[ratis-server-0.4.0-2337318-SNAPSHOT.jar:0.4.0-2337318-SNAPSHOT]
	at java.util.concurrent.CompletableFuture.uniComposeStage(CompletableFuture.java:981) ~[?:1.8.0_212]
	at java.util.concurrent.CompletableFuture.thenCompose(CompletableFuture.java:2124) ~[?:1.8.0_212]
	at org.apache.ratis.server.impl.RaftServerProxy.submitRequest(RaftServerProxy.java:327) ~[ratis-server-0.4.0-2337318-SNAPSHOT.jar:0.4.0-2337318-SNAPSHOT]
	at org.apache.ratis.server.impl.RaftServerProxy.submitClientRequestAsync(RaftServerProxy.java:333) ~[ratis-server-0.4.0-2337318-SNAPSHOT.jar:0.4.0-2337318-SNAPSHOT]
	at org.apache.ratis.grpc.client.GrpcClientProtocolService$RequestStreamObserver.processClientRequest(GrpcClientProtocolService.java:220) ~[ratis-grpc-0.4.0-2337318-SNAPSHOT.jar:0.4.0-2337318-SNAPSHOT]
	at org.apache.ratis.grpc.client.GrpcClientProtocolService$OrderedRequestStreamObserver.processClientRequest(GrpcClientProtocolService.java:326) ~[ratis-grpc-0.4.0-2337318-SNAPSHOT.jar:0.4.0-2337318-SNAPSHOT]
	at org.apache.ratis.util.SlidingWindow$Server.processRequestsFromHead(SlidingWindow.java:429) [ratis-common-0.4.0-2337318-SNAPSHOT.jar:0.4.0-2337318-SNAPSHOT]
	at org.apache.ratis.util.SlidingWindow$Server.receivedRequest(SlidingWindow.java:421) [ratis-common-0.4.0-2337318-SNAPSHOT.jar:0.4.0-2337318-SNAPSHOT]
	at org.apache.ratis.grpc.client.GrpcClientProtocolService$OrderedRequestStreamObserver.processClientRequest(GrpcClientProtocolService.java:345) [ratis-grpc-0.4.0-2337318-SNAPSHOT.jar:0.4.0-2337318-SNAPSHOT]
	at org.apache.ratis.grpc.client.GrpcClientProtocolService$RequestStreamObserver.onNext(GrpcClientProtocolService.java:240) [ratis-grpc-0.4.0-2337318-SNAPSHOT.jar:0.4.0-2337318-SNAPSHOT]
	at org.apache.ratis.grpc.client.GrpcClientProtocolService$RequestStreamObserver.onNext(GrpcClientProtocolService.java:168) [ratis-grpc-0.4.0-2337318-SNAPSHOT.jar:0.4.0-2337318-SNAPSHOT]
	at org.apache.ratis.thirdparty.io.grpc.stub.ServerCalls$StreamingServerCallHandler$StreamingServerCallListener.onMessage(ServerCalls.java:248) [ratis-thirdparty-misc-0.2.0.jar:0.2.0]
	at org.apache.ratis.thirdparty.io.grpc.internal.ServerCallImpl$ServerStreamListenerImpl.messagesAvailable(ServerCallImpl.java:263) [ratis-thirdparty-misc-0.2.0.jar:0.2.0]
	at org.apache.ratis.thirdparty.io.grpc.internal.ServerImpl$JumpToApplicationThreadServerStreamListener$1MessagesAvailable.runInContext(ServerImpl.java:686) [ratis-thirdparty-misc-0.2.0.jar:0.2.0]
	at org.apache.ratis.thirdparty.io.grpc.internal.ContextRunnable.run(ContextRunnable.java:37) [ratis-thirdparty-misc-0.2.0.jar:0.2.0]
	at org.apache.ratis.thirdparty.io.grpc.internal.SerializingExecutor.run(SerializingExecutor.java:123) [ratis-thirdparty-misc-0.2.0.jar:0.2.0]
	at java.util.concurrent.ThreadPoolExecutor.runWorker(ThreadPoolExecutor.java:1149) [?:1.8.0_212]
	at java.util.concurrent.ThreadPoolExecutor$Worker.run(ThreadPoolExecutor.java:624) [?:1.8.0_212]
	at java.lang.Thread.run(Thread.java:748) [?:1.8.0_212]
2019-08-20 10:22:37,052 INFO  client.GrpcClientProtocolClient (GrpcClientProtocolClient.java:onNext(255)) - client-917FB8A92EC3->eddcc57c-da79-40bf-a8f7-7b350fcd6b06: receive RaftClientReply:client-917FB8A92EC3->eddcc57c-da79-40bf-a8f7-7b350fcd6b06@group-9EA0E01C8C3B, cid=185, FAILED org.apache.ratis.protocol.StateMachineException: org.apache.hadoop.hdds.scm.container.common.helpers.ContainerNotOpenException from Server eddcc57c-da79-40bf-a8f7-7b350fcd6b06: Container 1 in CLOSING state, logIndex=0, commits[eddcc57c-da79-40bf-a8f7-7b350fcd6b06:c18, a2f98dcb-8e27-4a64-b63e-4873f01bbb94:c16, c82cdedb-f905-4590-81cd-07d79d7d23dd:c17]
10:22:37.053 [grpc-default-executor-2] ERROR DNAudit - user=null | ip=null | op=WRITE_CHUNK {blockData=conID: 1 locID: 102648809869737998 bcsId: 14} | ret=FAILURE
org.apache.hadoop.hdds.scm.container.common.helpers.ContainerNotOpenException: Container 1 in CLOSING state
	at org.apache.hadoop.ozone.container.common.impl.HddsDispatcher.validateContainerCommand(HddsDispatcher.java:408) ~[hadoop-hdds-container-service-0.5.0-SNAPSHOT.jar:?]
	at org.apache.hadoop.ozone.container.common.transport.server.ratis.ContainerStateMachine.startTransaction(ContainerStateMachine.java:297) ~[hadoop-hdds-container-service-0.5.0-SNAPSHOT.jar:?]
	at org.apache.ratis.server.impl.RaftServerImpl.submitClientRequestAsync(RaftServerImpl.java:566) ~[ratis-server-0.4.0-2337318-SNAPSHOT.jar:0.4.0-2337318-SNAPSHOT]
	at org.apache.ratis.server.impl.RaftServerProxy.lambda$submitClientRequestAsync$7(RaftServerProxy.java:333) ~[ratis-server-0.4.0-2337318-SNAPSHOT.jar:0.4.0-2337318-SNAPSHOT]
	at org.apache.ratis.server.impl.RaftServerProxy.lambda$null$5(RaftServerProxy.java:328) ~[ratis-server-0.4.0-2337318-SNAPSHOT.jar:0.4.0-2337318-SNAPSHOT]
	at org.apache.ratis.util.JavaUtils.callAsUnchecked(JavaUtils.java:109) ~[ratis-common-0.4.0-2337318-SNAPSHOT.jar:0.4.0-2337318-SNAPSHOT]
	at org.apache.ratis.server.impl.RaftServerProxy.lambda$submitRequest$6(RaftServerProxy.java:328) ~[ratis-server-0.4.0-2337318-SNAPSHOT.jar:0.4.0-2337318-SNAPSHOT]
	at java.util.concurrent.CompletableFuture.uniComposeStage(CompletableFuture.java:981) ~[?:1.8.0_212]
	at java.util.concurrent.CompletableFuture.thenCompose(CompletableFuture.java:2124) ~[?:1.8.0_212]
	at org.apache.ratis.server.impl.RaftServerProxy.submitRequest(RaftServerProxy.java:327) ~[ratis-server-0.4.0-2337318-SNAPSHOT.jar:0.4.0-2337318-SNAPSHOT]
	at org.apache.ratis.server.impl.RaftServerProxy.submitClientRequestAsync(RaftServerProxy.java:333) ~[ratis-server-0.4.0-2337318-SNAPSHOT.jar:0.4.0-2337318-SNAPSHOT]
	at org.apache.ratis.grpc.client.GrpcClientProtocolService$RequestStreamObserver.processClientRequest(GrpcClientProtocolService.java:220) ~[ratis-grpc-0.4.0-2337318-SNAPSHOT.jar:0.4.0-2337318-SNAPSHOT]
	at org.apache.ratis.grpc.client.GrpcClientProtocolService$OrderedRequestStreamObserver.processClientRequest(GrpcClientProtocolService.java:326) ~[ratis-grpc-0.4.0-2337318-SNAPSHOT.jar:0.4.0-2337318-SNAPSHOT]
	at org.apache.ratis.util.SlidingWindow$Server.processRequestsFromHead(SlidingWindow.java:429) [ratis-common-0.4.0-2337318-SNAPSHOT.jar:0.4.0-2337318-SNAPSHOT]
	at org.apache.ratis.util.SlidingWindow$Server.receivedRequest(SlidingWindow.java:421) [ratis-common-0.4.0-2337318-SNAPSHOT.jar:0.4.0-2337318-SNAPSHOT]
	at org.apache.ratis.grpc.client.GrpcClientProtocolService$OrderedRequestStreamObserver.processClientRequest(GrpcClientProtocolService.java:345) [ratis-grpc-0.4.0-2337318-SNAPSHOT.jar:0.4.0-2337318-SNAPSHOT]
	at org.apache.ratis.grpc.client.GrpcClientProtocolService$RequestStreamObserver.onNext(GrpcClientProtocolService.java:240) [ratis-grpc-0.4.0-2337318-SNAPSHOT.jar:0.4.0-2337318-SNAPSHOT]
	at org.apache.ratis.grpc.client.GrpcClientProtocolService$RequestStreamObserver.onNext(GrpcClientProtocolService.java:168) [ratis-grpc-0.4.0-2337318-SNAPSHOT.jar:0.4.0-2337318-SNAPSHOT]
	at org.apache.ratis.thirdparty.io.grpc.stub.ServerCalls$StreamingServerCallHandler$StreamingServerCallListener.onMessage(ServerCalls.java:248) [ratis-thirdparty-misc-0.2.0.jar:0.2.0]
	at org.apache.ratis.thirdparty.io.grpc.internal.ServerCallImpl$ServerStreamListenerImpl.messagesAvailable(ServerCallImpl.java:263) [ratis-thirdparty-misc-0.2.0.jar:0.2.0]
	at org.apache.ratis.thirdparty.io.grpc.internal.ServerImpl$JumpToApplicationThreadServerStreamListener$1MessagesAvailable.runInContext(ServerImpl.java:686) [ratis-thirdparty-misc-0.2.0.jar:0.2.0]
	at org.apache.ratis.thirdparty.io.grpc.internal.ContextRunnable.run(ContextRunnable.java:37) [ratis-thirdparty-misc-0.2.0.jar:0.2.0]
	at org.apache.ratis.thirdparty.io.grpc.internal.SerializingExecutor.run(SerializingExecutor.java:123) [ratis-thirdparty-misc-0.2.0.jar:0.2.0]
	at java.util.concurrent.ThreadPoolExecutor.runWorker(ThreadPoolExecutor.java:1149) [?:1.8.0_212]
	at java.util.concurrent.ThreadPoolExecutor$Worker.run(ThreadPoolExecutor.java:624) [?:1.8.0_212]
	at java.lang.Thread.run(Thread.java:748) [?:1.8.0_212]
10:22:37.055 [grpc-default-executor-2] ERROR DNAudit - user=null | ip=null | op=PUT_BLOCK {blockData=[blockId=conID: 1 locID: 102648809869737998 bcsId: 0,size=650]} | ret=FAILURE
org.apache.hadoop.hdds.scm.container.common.helpers.ContainerNotOpenException: Container 1 in CLOSING state
	at org.apache.hadoop.ozone.container.common.impl.HddsDispatcher.validateContainerCommand(HddsDispatcher.java:408) ~[hadoop-hdds-container-service-0.5.0-SNAPSHOT.jar:?]
	at org.apache.hadoop.ozone.container.common.transport.server.ratis.ContainerStateMachine.startTransaction(ContainerStateMachine.java:297) ~[hadoop-hdds-container-service-0.5.0-SNAPSHOT.jar:?]
	at org.apache.ratis.server.impl.RaftServerImpl.submitClientRequestAsync(RaftServerImpl.java:566) ~[ratis-server-0.4.0-2337318-SNAPSHOT.jar:0.4.0-2337318-SNAPSHOT]
	at org.apache.ratis.server.impl.RaftServerProxy.lambda$submitClientRequestAsync$7(RaftServerProxy.java:333) ~[ratis-server-0.4.0-2337318-SNAPSHOT.jar:0.4.0-2337318-SNAPSHOT]
	at org.apache.ratis.server.impl.RaftServerProxy.lambda$null$5(RaftServerProxy.java:328) ~[ratis-server-0.4.0-2337318-SNAPSHOT.jar:0.4.0-2337318-SNAPSHOT]
	at org.apache.ratis.util.JavaUtils.callAsUnchecked(JavaUtils.java:109) ~[ratis-common-0.4.0-2337318-SNAPSHOT.jar:0.4.0-2337318-SNAPSHOT]
	at org.apache.ratis.server.impl.RaftServerProxy.lambda$submitRequest$6(RaftServerProxy.java:328) ~[ratis-server-0.4.0-2337318-SNAPSHOT.jar:0.4.0-2337318-SNAPSHOT]
	at java.util.concurrent.CompletableFuture.uniComposeStage(CompletableFuture.java:981) ~[?:1.8.0_212]
	at java.util.concurrent.CompletableFuture.thenCompose(CompletableFuture.java:2124) ~[?:1.8.0_212]
	at org.apache.ratis.server.impl.RaftServerProxy.submitRequest(RaftServerProxy.java:327) ~[ratis-server-0.4.0-2337318-SNAPSHOT.jar:0.4.0-2337318-SNAPSHOT]
	at org.apache.ratis.server.impl.RaftServerProxy.submitClientRequestAsync(RaftServerProxy.java:333) ~[ratis-server-0.4.0-2337318-SNAPSHOT.jar:0.4.0-2337318-SNAPSHOT]
	at org.apache.ratis.grpc.client.GrpcClientProtocolService$RequestStreamObserver.processClientRequest(GrpcClientProtocolService.java:220) ~[ratis-grpc-0.4.0-2337318-SNAPSHOT.jar:0.4.0-2337318-SNAPSHOT]
	at org.apache.ratis.grpc.client.GrpcClientProtocolService$OrderedRequestStreamObserver.processClientRequest(GrpcClientProtocolService.java:326) ~[ratis-grpc-0.4.0-2337318-SNAPSHOT.jar:0.4.0-2337318-SNAPSHOT]
	at org.apache.ratis.util.SlidingWindow$Server.processRequestsFromHead(SlidingWindow.java:429) [ratis-common-0.4.0-2337318-SNAPSHOT.jar:0.4.0-2337318-SNAPSHOT]
	at org.apache.ratis.util.SlidingWindow$Server.receivedRequest(SlidingWindow.java:421) [ratis-common-0.4.0-2337318-SNAPSHOT.jar:0.4.0-2337318-SNAPSHOT]
	at org.apache.ratis.grpc.client.GrpcClientProtocolService$OrderedRequestStreamObserver.processClientRequest(GrpcClientProtocolService.java:345) [ratis-grpc-0.4.0-2337318-SNAPSHOT.jar:0.4.0-2337318-SNAPSHOT]
	at org.apache.ratis.grpc.client.GrpcClientProtocolService$RequestStreamObserver.onNext(GrpcClientProtocolService.java:240) [ratis-grpc-0.4.0-2337318-SNAPSHOT.jar:0.4.0-2337318-SNAPSHOT]
	at org.apache.ratis.grpc.client.GrpcClientProtocolService$RequestStreamObserver.onNext(GrpcClientProtocolService.java:168) [ratis-grpc-0.4.0-2337318-SNAPSHOT.jar:0.4.0-2337318-SNAPSHOT]
	at org.apache.ratis.thirdparty.io.grpc.stub.ServerCalls$StreamingServerCallHandler$StreamingServerCallListener.onMessage(ServerCalls.java:248) [ratis-thirdparty-misc-0.2.0.jar:0.2.0]
	at org.apache.ratis.thirdparty.io.grpc.internal.ServerCallImpl$ServerStreamListenerImpl.messagesAvailable(ServerCallImpl.java:263) [ratis-thirdparty-misc-0.2.0.jar:0.2.0]
	at org.apache.ratis.thirdparty.io.grpc.internal.ServerImpl$JumpToApplicationThreadServerStreamListener$1MessagesAvailable.runInContext(ServerImpl.java:686) [ratis-thirdparty-misc-0.2.0.jar:0.2.0]
	at org.apache.ratis.thirdparty.io.grpc.internal.ContextRunnable.run(ContextRunnable.java:37) [ratis-thirdparty-misc-0.2.0.jar:0.2.0]
	at org.apache.ratis.thirdparty.io.grpc.internal.SerializingExecutor.run(SerializingExecutor.java:123) [ratis-thirdparty-misc-0.2.0.jar:0.2.0]
	at java.util.concurrent.ThreadPoolExecutor.runWorker(ThreadPoolExecutor.java:1149) [?:1.8.0_212]
	at java.util.concurrent.ThreadPoolExecutor$Worker.run(ThreadPoolExecutor.java:624) [?:1.8.0_212]
	at java.lang.Thread.run(Thread.java:748) [?:1.8.0_212]
10:22:37.062 [grpc-default-executor-2] ERROR DNAudit - user=null | ip=null | op=WRITE_CHUNK {blockData=conID: 1 locID: 102648809869737998 bcsId: 14} | ret=FAILURE
org.apache.hadoop.hdds.scm.container.common.helpers.ContainerNotOpenException: Container 1 in CLOSING state
	at org.apache.hadoop.ozone.container.common.impl.HddsDispatcher.validateContainerCommand(HddsDispatcher.java:408) ~[hadoop-hdds-container-service-0.5.0-SNAPSHOT.jar:?]
	at org.apache.hadoop.ozone.container.common.transport.server.ratis.ContainerStateMachine.startTransaction(ContainerStateMachine.java:297) ~[hadoop-hdds-container-service-0.5.0-SNAPSHOT.jar:?]
	at org.apache.ratis.server.impl.RaftServerImpl.submitClientRequestAsync(RaftServerImpl.java:566) ~[ratis-server-0.4.0-2337318-SNAPSHOT.jar:0.4.0-2337318-SNAPSHOT]
	at org.apache.ratis.server.impl.RaftServerProxy.lambda$submitClientRequestAsync$7(RaftServerProxy.java:333) ~[ratis-server-0.4.0-2337318-SNAPSHOT.jar:0.4.0-2337318-SNAPSHOT]
	at org.apache.ratis.server.impl.RaftServerProxy.lambda$null$5(RaftServerProxy.java:328) ~[ratis-server-0.4.0-2337318-SNAPSHOT.jar:0.4.0-2337318-SNAPSHOT]
	at org.apache.ratis.util.JavaUtils.callAsUnchecked(JavaUtils.java:109) ~[ratis-common-0.4.0-2337318-SNAPSHOT.jar:0.4.0-2337318-SNAPSHOT]
	at org.apache.ratis.server.impl.RaftServerProxy.lambda$submitRequest$6(RaftServerProxy.java:328) ~[ratis-server-0.4.0-2337318-SNAPSHOT.jar:0.4.0-2337318-SNAPSHOT]
	at java.util.concurrent.CompletableFuture.uniComposeStage(CompletableFuture.java:981) ~[?:1.8.0_212]
	at java.util.concurrent.CompletableFuture.thenCompose(CompletableFuture.java:2124) ~[?:1.8.0_212]
	at org.apache.ratis.server.impl.RaftServerProxy.submitRequest(RaftServerProxy.java:327) ~[ratis-server-0.4.0-2337318-SNAPSHOT.jar:0.4.0-2337318-SNAPSHOT]
	at org.apache.ratis.server.impl.RaftServerProxy.submitClientRequestAsync(RaftServerProxy.java:333) ~[ratis-server-0.4.0-2337318-SNAPSHOT.jar:0.4.0-2337318-SNAPSHOT]
	at org.apache.ratis.grpc.client.GrpcClientProtocolService$RequestStreamObserver.processClientRequest(GrpcClientProtocolService.java:220) ~[ratis-grpc-0.4.0-2337318-SNAPSHOT.jar:0.4.0-2337318-SNAPSHOT]
	at org.apache.ratis.grpc.client.GrpcClientProtocolService$OrderedRequestStreamObserver.processClientRequest(GrpcClientProtocolService.java:326) ~[ratis-grpc-0.4.0-2337318-SNAPSHOT.jar:0.4.0-2337318-SNAPSHOT]
	at org.apache.ratis.util.SlidingWindow$Server.processRequestsFromHead(SlidingWindow.java:429) [ratis-common-0.4.0-2337318-SNAPSHOT.jar:0.4.0-2337318-SNAPSHOT]
	at org.apache.ratis.util.SlidingWindow$Server.receivedRequest(SlidingWindow.java:421) [ratis-common-0.4.0-2337318-SNAPSHOT.jar:0.4.0-2337318-SNAPSHOT]
	at org.apache.ratis.grpc.client.GrpcClientProtocolService$OrderedRequestStreamObserver.processClientRequest(GrpcClientProtocolService.java:345) [ratis-grpc-0.4.0-2337318-SNAPSHOT.jar:0.4.0-2337318-SNAPSHOT]
	at org.apache.ratis.grpc.client.GrpcClientProtocolService$RequestStreamObserver.onNext(GrpcClientProtocolService.java:240) [ratis-grpc-0.4.0-2337318-SNAPSHOT.jar:0.4.0-2337318-SNAPSHOT]
	at org.apache.ratis.grpc.client.GrpcClientProtocolService$RequestStreamObserver.onNext(GrpcClientProtocolService.java:168) [ratis-grpc-0.4.0-2337318-SNAPSHOT.jar:0.4.0-2337318-SNAPSHOT]
	at org.apache.ratis.thirdparty.io.grpc.stub.ServerCalls$StreamingServerCallHandler$StreamingServerCallListener.onMessage(ServerCalls.java:248) [ratis-thirdparty-misc-0.2.0.jar:0.2.0]
	at org.apache.ratis.thirdparty.io.grpc.internal.ServerCallImpl$ServerStreamListenerImpl.messagesAvailable(ServerCallImpl.java:263) [ratis-thirdparty-misc-0.2.0.jar:0.2.0]
	at org.apache.ratis.thirdparty.io.grpc.internal.ServerImpl$JumpToApplicationThreadServerStreamListener$1MessagesAvailable.runInContext(ServerImpl.java:686) [ratis-thirdparty-misc-0.2.0.jar:0.2.0]
	at org.apache.ratis.thirdparty.io.grpc.internal.ContextRunnable.run(ContextRunnable.java:37) [ratis-thirdparty-misc-0.2.0.jar:0.2.0]
	at org.apache.ratis.thirdparty.io.grpc.internal.SerializingExecutor.run(SerializingExecutor.java:123) [ratis-thirdparty-misc-0.2.0.jar:0.2.0]
	at java.util.concurrent.ThreadPoolExecutor.runWorker(ThreadPoolExecutor.java:1149) [?:1.8.0_212]
	at java.util.concurrent.ThreadPoolExecutor$Worker.run(ThreadPoolExecutor.java:624) [?:1.8.0_212]
	at java.lang.Thread.run(Thread.java:748) [?:1.8.0_212]
2019-08-20 10:22:37,063 INFO  client.GrpcClientProtocolClient (GrpcClientProtocolClient.java:onNext(255)) - client-917FB8A92EC3->eddcc57c-da79-40bf-a8f7-7b350fcd6b06: receive RaftClientReply:client-917FB8A92EC3->eddcc57c-da79-40bf-a8f7-7b350fcd6b06@group-9EA0E01C8C3B, cid=186, FAILED org.apache.ratis.protocol.StateMachineException: org.apache.hadoop.hdds.scm.container.common.helpers.ContainerNotOpenException from Server eddcc57c-da79-40bf-a8f7-7b350fcd6b06: Container 1 in CLOSING state, logIndex=0, commits[eddcc57c-da79-40bf-a8f7-7b350fcd6b06:c18, a2f98dcb-8e27-4a64-b63e-4873f01bbb94:c16, c82cdedb-f905-4590-81cd-07d79d7d23dd:c17]
2019-08-20 10:22:37,072 INFO  client.GrpcClientProtocolClient (GrpcClientProtocolClient.java:onNext(255)) - client-917FB8A92EC3->eddcc57c-da79-40bf-a8f7-7b350fcd6b06: receive RaftClientReply:client-917FB8A92EC3->eddcc57c-da79-40bf-a8f7-7b350fcd6b06@group-9EA0E01C8C3B, cid=187, FAILED org.apache.ratis.protocol.StateMachineException: org.apache.hadoop.hdds.scm.container.common.helpers.ContainerNotOpenException from Server eddcc57c-da79-40bf-a8f7-7b350fcd6b06: Container 1 in CLOSING state, logIndex=0, commits[eddcc57c-da79-40bf-a8f7-7b350fcd6b06:c18, a2f98dcb-8e27-4a64-b63e-4873f01bbb94:c16, c82cdedb-f905-4590-81cd-07d79d7d23dd:c17]
2019-08-20 10:22:37,073 INFO  client.GrpcClientProtocolClient (GrpcClientProtocolClient.java:onNext(255)) - client-917FB8A92EC3->eddcc57c-da79-40bf-a8f7-7b350fcd6b06: receive RaftClientReply:client-917FB8A92EC3->eddcc57c-da79-40bf-a8f7-7b350fcd6b06@group-9EA0E01C8C3B, cid=188, FAILED org.apache.ratis.protocol.StateMachineException: org.apache.hadoop.hdds.scm.container.common.helpers.ContainerNotOpenException from Server eddcc57c-da79-40bf-a8f7-7b350fcd6b06: Container 1 in CLOSING state, logIndex=0, commits[eddcc57c-da79-40bf-a8f7-7b350fcd6b06:c18, a2f98dcb-8e27-4a64-b63e-4873f01bbb94:c16, c82cdedb-f905-4590-81cd-07d79d7d23dd:c17]
10:22:37.072 [grpc-default-executor-2] ERROR DNAudit - user=null | ip=null | op=WRITE_CHUNK {blockData=conID: 1 locID: 102648809869737998 bcsId: 14} | ret=FAILURE
org.apache.hadoop.hdds.scm.container.common.helpers.ContainerNotOpenException: Container 1 in CLOSING state
	at org.apache.hadoop.ozone.container.common.impl.HddsDispatcher.validateContainerCommand(HddsDispatcher.java:408) ~[hadoop-hdds-container-service-0.5.0-SNAPSHOT.jar:?]
	at org.apache.hadoop.ozone.container.common.transport.server.ratis.ContainerStateMachine.startTransaction(ContainerStateMachine.java:297) ~[hadoop-hdds-container-service-0.5.0-SNAPSHOT.jar:?]
	at org.apache.ratis.server.impl.RaftServerImpl.submitClientRequestAsync(RaftServerImpl.java:566) ~[ratis-server-0.4.0-2337318-SNAPSHOT.jar:0.4.0-2337318-SNAPSHOT]
	at org.apache.ratis.server.impl.RaftServerProxy.lambda$submitClientRequestAsync$7(RaftServerProxy.java:333) ~[ratis-server-0.4.0-2337318-SNAPSHOT.jar:0.4.0-2337318-SNAPSHOT]
	at org.apache.ratis.server.impl.RaftServerProxy.lambda$null$5(RaftServerProxy.java:328) ~[ratis-server-0.4.0-2337318-SNAPSHOT.jar:0.4.0-2337318-SNAPSHOT]
	at org.apache.ratis.util.JavaUtils.callAsUnchecked(JavaUtils.java:109) ~[ratis-common-0.4.0-2337318-SNAPSHOT.jar:0.4.0-2337318-SNAPSHOT]
	at org.apache.ratis.server.impl.RaftServerProxy.lambda$submitRequest$6(RaftServerProxy.java:328) ~[ratis-server-0.4.0-2337318-SNAPSHOT.jar:0.4.0-2337318-SNAPSHOT]
	at java.util.concurrent.CompletableFuture.uniComposeStage(CompletableFuture.java:981) ~[?:1.8.0_212]
	at java.util.concurrent.CompletableFuture.thenCompose(CompletableFuture.java:2124) ~[?:1.8.0_212]
	at org.apache.ratis.server.impl.RaftServerProxy.submitRequest(RaftServerProxy.java:327) ~[ratis-server-0.4.0-2337318-SNAPSHOT.jar:0.4.0-2337318-SNAPSHOT]
	at org.apache.ratis.server.impl.RaftServerProxy.submitClientRequestAsync(RaftServerProxy.java:333) ~[ratis-server-0.4.0-2337318-SNAPSHOT.jar:0.4.0-2337318-SNAPSHOT]
	at org.apache.ratis.grpc.client.GrpcClientProtocolService$RequestStreamObserver.processClientRequest(GrpcClientProtocolService.java:220) ~[ratis-grpc-0.4.0-2337318-SNAPSHOT.jar:0.4.0-2337318-SNAPSHOT]
	at org.apache.ratis.grpc.client.GrpcClientProtocolService$OrderedRequestStreamObserver.processClientRequest(GrpcClientProtocolService.java:326) ~[ratis-grpc-0.4.0-2337318-SNAPSHOT.jar:0.4.0-2337318-SNAPSHOT]
	at org.apache.ratis.util.SlidingWindow$Server.processRequestsFromHead(SlidingWindow.java:429) [ratis-common-0.4.0-2337318-SNAPSHOT.jar:0.4.0-2337318-SNAPSHOT]
	at org.apache.ratis.util.SlidingWindow$Server.receivedRequest(SlidingWindow.java:421) [ratis-common-0.4.0-2337318-SNAPSHOT.jar:0.4.0-2337318-SNAPSHOT]
	at org.apache.ratis.grpc.client.GrpcClientProtocolService$OrderedRequestStreamObserver.processClientRequest(GrpcClientProtocolService.java:345) [ratis-grpc-0.4.0-2337318-SNAPSHOT.jar:0.4.0-2337318-SNAPSHOT]
	at org.apache.ratis.grpc.client.GrpcClientProtocolService$RequestStreamObserver.onNext(GrpcClientProtocolService.java:240) [ratis-grpc-0.4.0-2337318-SNAPSHOT.jar:0.4.0-2337318-SNAPSHOT]
	at org.apache.ratis.grpc.client.GrpcClientProtocolService$RequestStreamObserver.onNext(GrpcClientProtocolService.java:168) [ratis-grpc-0.4.0-2337318-SNAPSHOT.jar:0.4.0-2337318-SNAPSHOT]
	at org.apache.ratis.thirdparty.io.grpc.stub.ServerCalls$StreamingServerCallHandler$StreamingServerCallListener.onMessage(ServerCalls.java:248) [ratis-thirdparty-misc-0.2.0.jar:0.2.0]
	at org.apache.ratis.thirdparty.io.grpc.internal.ServerCallImpl$ServerStreamListenerImpl.messagesAvailable(ServerCallImpl.java:263) [ratis-thirdparty-misc-0.2.0.jar:0.2.0]
	at org.apache.ratis.thirdparty.io.grpc.internal.ServerImpl$JumpToApplicationThreadServerStreamListener$1MessagesAvailable.runInContext(ServerImpl.java:686) [ratis-thirdparty-misc-0.2.0.jar:0.2.0]
	at org.apache.ratis.thirdparty.io.grpc.internal.ContextRunnable.run(ContextRunnable.java:37) [ratis-thirdparty-misc-0.2.0.jar:0.2.0]
	at org.apache.ratis.thirdparty.io.grpc.internal.SerializingExecutor.run(SerializingExecutor.java:123) [ratis-thirdparty-misc-0.2.0.jar:0.2.0]
	at java.util.concurrent.ThreadPoolExecutor.runWorker(ThreadPoolExecutor.java:1149) [?:1.8.0_212]
	at java.util.concurrent.ThreadPoolExecutor$Worker.run(ThreadPoolExecutor.java:624) [?:1.8.0_212]
	at java.lang.Thread.run(Thread.java:748) [?:1.8.0_212]
2019-08-20 10:22:37,080 INFO  client.GrpcClientProtocolClient (GrpcClientProtocolClient.java:onNext(255)) - client-917FB8A92EC3->eddcc57c-da79-40bf-a8f7-7b350fcd6b06: receive RaftClientReply:client-917FB8A92EC3->eddcc57c-da79-40bf-a8f7-7b350fcd6b06@group-9EA0E01C8C3B, cid=189, FAILED org.apache.ratis.protocol.StateMachineException: org.apache.hadoop.hdds.scm.container.common.helpers.ContainerNotOpenException from Server eddcc57c-da79-40bf-a8f7-7b350fcd6b06: Container 1 in CLOSING state, logIndex=0, commits[eddcc57c-da79-40bf-a8f7-7b350fcd6b06:c18, a2f98dcb-8e27-4a64-b63e-4873f01bbb94:c16, c82cdedb-f905-4590-81cd-07d79d7d23dd:c17]
10:22:37.080 [grpc-default-executor-2] ERROR DNAudit - user=null | ip=null | op=PUT_BLOCK {blockData=[blockId=conID: 1 locID: 102648809869737998 bcsId: 0,size=800]} | ret=FAILURE
org.apache.hadoop.hdds.scm.container.common.helpers.ContainerNotOpenException: Container 1 in CLOSING state
	at org.apache.hadoop.ozone.container.common.impl.HddsDispatcher.validateContainerCommand(HddsDispatcher.java:408) ~[hadoop-hdds-container-service-0.5.0-SNAPSHOT.jar:?]
	at org.apache.hadoop.ozone.container.common.transport.server.ratis.ContainerStateMachine.startTransaction(ContainerStateMachine.java:297) ~[hadoop-hdds-container-service-0.5.0-SNAPSHOT.jar:?]
	at org.apache.ratis.server.impl.RaftServerImpl.submitClientRequestAsync(RaftServerImpl.java:566) ~[ratis-server-0.4.0-2337318-SNAPSHOT.jar:0.4.0-2337318-SNAPSHOT]
	at org.apache.ratis.server.impl.RaftServerProxy.lambda$submitClientRequestAsync$7(RaftServerProxy.java:333) ~[ratis-server-0.4.0-2337318-SNAPSHOT.jar:0.4.0-2337318-SNAPSHOT]
	at org.apache.ratis.server.impl.RaftServerProxy.lambda$null$5(RaftServerProxy.java:328) ~[ratis-server-0.4.0-2337318-SNAPSHOT.jar:0.4.0-2337318-SNAPSHOT]
	at org.apache.ratis.util.JavaUtils.callAsUnchecked(JavaUtils.java:109) ~[ratis-common-0.4.0-2337318-SNAPSHOT.jar:0.4.0-2337318-SNAPSHOT]
	at org.apache.ratis.server.impl.RaftServerProxy.lambda$submitRequest$6(RaftServerProxy.java:328) ~[ratis-server-0.4.0-2337318-SNAPSHOT.jar:0.4.0-2337318-SNAPSHOT]
	at java.util.concurrent.CompletableFuture.uniComposeStage(CompletableFuture.java:981) ~[?:1.8.0_212]
	at java.util.concurrent.CompletableFuture.thenCompose(CompletableFuture.java:2124) ~[?:1.8.0_212]
	at org.apache.ratis.server.impl.RaftServerProxy.submitRequest(RaftServerProxy.java:327) ~[ratis-server-0.4.0-2337318-SNAPSHOT.jar:0.4.0-2337318-SNAPSHOT]
	at org.apache.ratis.server.impl.RaftServerProxy.submitClientRequestAsync(RaftServerProxy.java:333) ~[ratis-server-0.4.0-2337318-SNAPSHOT.jar:0.4.0-2337318-SNAPSHOT]
	at org.apache.ratis.grpc.client.GrpcClientProtocolService$RequestStreamObserver.processClientRequest(GrpcClientProtocolService.java:220) ~[ratis-grpc-0.4.0-2337318-SNAPSHOT.jar:0.4.0-2337318-SNAPSHOT]
	at org.apache.ratis.grpc.client.GrpcClientProtocolService$OrderedRequestStreamObserver.processClientRequest(GrpcClientProtocolService.java:326) ~[ratis-grpc-0.4.0-2337318-SNAPSHOT.jar:0.4.0-2337318-SNAPSHOT]
	at org.apache.ratis.util.SlidingWindow$Server.processRequestsFromHead(SlidingWindow.java:429) [ratis-common-0.4.0-2337318-SNAPSHOT.jar:0.4.0-2337318-SNAPSHOT]
	at org.apache.ratis.util.SlidingWindow$Server.receivedRequest(SlidingWindow.java:421) [ratis-common-0.4.0-2337318-SNAPSHOT.jar:0.4.0-2337318-SNAPSHOT]
	at org.apache.ratis.grpc.client.GrpcClientProtocolService$OrderedRequestStreamObserver.processClientRequest(GrpcClientProtocolService.java:345) [ratis-grpc-0.4.0-2337318-SNAPSHOT.jar:0.4.0-2337318-SNAPSHOT]
	at org.apache.ratis.grpc.client.GrpcClientProtocolService$RequestStreamObserver.onNext(GrpcClientProtocolService.java:240) [ratis-grpc-0.4.0-2337318-SNAPSHOT.jar:0.4.0-2337318-SNAPSHOT]
	at org.apache.ratis.grpc.client.GrpcClientProtocolService$RequestStreamObserver.onNext(GrpcClientProtocolService.java:168) [ratis-grpc-0.4.0-2337318-SNAPSHOT.jar:0.4.0-2337318-SNAPSHOT]
	at org.apache.ratis.thirdparty.io.grpc.stub.ServerCalls$StreamingServerCallHandler$StreamingServerCallListener.onMessage(ServerCalls.java:248) [ratis-thirdparty-misc-0.2.0.jar:0.2.0]
	at org.apache.ratis.thirdparty.io.grpc.internal.ServerCallImpl$ServerStreamListenerImpl.messagesAvailable(ServerCallImpl.java:263) [ratis-thirdparty-misc-0.2.0.jar:0.2.0]
	at org.apache.ratis.thirdparty.io.grpc.internal.ServerImpl$JumpToApplicationThreadServerStreamListener$1MessagesAvailable.runInContext(ServerImpl.java:686) [ratis-thirdparty-misc-0.2.0.jar:0.2.0]
	at org.apache.ratis.thirdparty.io.grpc.internal.ContextRunnable.run(ContextRunnable.java:37) [ratis-thirdparty-misc-0.2.0.jar:0.2.0]
	at org.apache.ratis.thirdparty.io.grpc.internal.SerializingExecutor.run(SerializingExecutor.java:123) [ratis-thirdparty-misc-0.2.0.jar:0.2.0]
	at java.util.concurrent.ThreadPoolExecutor.runWorker(ThreadPoolExecutor.java:1149) [?:1.8.0_212]
	at java.util.concurrent.ThreadPoolExecutor$Worker.run(ThreadPoolExecutor.java:624) [?:1.8.0_212]
	at java.lang.Thread.run(Thread.java:748) [?:1.8.0_212]
2019-08-20 10:22:37,087 INFO  client.GrpcClientProtocolClient (GrpcClientProtocolClient.java:onNext(255)) - client-917FB8A92EC3->eddcc57c-da79-40bf-a8f7-7b350fcd6b06: receive RaftClientReply:client-917FB8A92EC3->eddcc57c-da79-40bf-a8f7-7b350fcd6b06@group-9EA0E01C8C3B, cid=190, FAILED org.apache.ratis.protocol.StateMachineException: org.apache.hadoop.hdds.scm.container.common.helpers.ContainerNotOpenException from Server eddcc57c-da79-40bf-a8f7-7b350fcd6b06: Container 1 in CLOSING state, logIndex=0, commits[eddcc57c-da79-40bf-a8f7-7b350fcd6b06:c18, a2f98dcb-8e27-4a64-b63e-4873f01bbb94:c16, c82cdedb-f905-4590-81cd-07d79d7d23dd:c17]
2019-08-20 10:22:37,297 INFO  client.GrpcClientProtocolClient (GrpcClientProtocolClient.java:onNext(255)) - client-05F0EA6AC9F3->1d8252e2-7ee6-4584-bcee-e901b160468a: receive RaftClientReply:client-05F0EA6AC9F3->1d8252e2-7ee6-4584-bcee-e901b160468a@group-37608DAA6D43, cid=191, SUCCESS, logIndex=1, commits[1d8252e2-7ee6-4584-bcee-e901b160468a:c1, 3d9010da-9b0a-4e14-9571-cee7193e93f5:c0, b05059df-7997-4957-9fd0-0ea4223a0acd:c0]
2019-08-20 10:22:37,324 INFO  client.GrpcClientProtocolClient (GrpcClientProtocolClient.java:onNext(255)) - client-05F0EA6AC9F3->1d8252e2-7ee6-4584-bcee-e901b160468a: receive RaftClientReply:client-05F0EA6AC9F3->1d8252e2-7ee6-4584-bcee-e901b160468a@group-37608DAA6D43, cid=192, SUCCESS, logIndex=3, commits[1d8252e2-7ee6-4584-bcee-e901b160468a:c4, 3d9010da-9b0a-4e14-9571-cee7193e93f5:c1, b05059df-7997-4957-9fd0-0ea4223a0acd:c1]
2019-08-20 10:22:37,385 INFO  client.GrpcClientProtocolClient (GrpcClientProtocolClient.java:onNext(255)) - client-05F0EA6AC9F3->1d8252e2-7ee6-4584-bcee-e901b160468a: receive RaftClientReply:client-05F0EA6AC9F3->1d8252e2-7ee6-4584-bcee-e901b160468a@group-37608DAA6D43, cid=193, SUCCESS, logIndex=4, commits[1d8252e2-7ee6-4584-bcee-e901b160468a:c11, 3d9010da-9b0a-4e14-9571-cee7193e93f5:c7, b05059df-7997-4957-9fd0-0ea4223a0acd:c7]
2019-08-20 10:22:37,389 INFO  client.GrpcClientProtocolClient (GrpcClientProtocolClient.java:onNext(255)) - client-05F0EA6AC9F3->1d8252e2-7ee6-4584-bcee-e901b160468a: receive RaftClientReply:client-05F0EA6AC9F3->1d8252e2-7ee6-4584-bcee-e901b160468a@group-37608DAA6D43, cid=194, SUCCESS, logIndex=5, commits[1d8252e2-7ee6-4584-bcee-e901b160468a:c11, 3d9010da-9b0a-4e14-9571-cee7193e93f5:c7, b05059df-7997-4957-9fd0-0ea4223a0acd:c7]
2019-08-20 10:22:37,389 INFO  client.GrpcClientProtocolClient (GrpcClientProtocolClient.java:onNext(255)) - client-05F0EA6AC9F3->1d8252e2-7ee6-4584-bcee-e901b160468a: receive RaftClientReply:client-05F0EA6AC9F3->1d8252e2-7ee6-4584-bcee-e901b160468a@group-37608DAA6D43, cid=195, SUCCESS, logIndex=6, commits[1d8252e2-7ee6-4584-bcee-e901b160468a:c11, 3d9010da-9b0a-4e14-9571-cee7193e93f5:c7, b05059df-7997-4957-9fd0-0ea4223a0acd:c7]
2019-08-20 10:22:37,507 INFO  client.GrpcClientProtocolClient (GrpcClientProtocolClient.java:onNext(255)) - client-05F0EA6AC9F3->1d8252e2-7ee6-4584-bcee-e901b160468a: receive RaftClientReply:client-05F0EA6AC9F3->1d8252e2-7ee6-4584-bcee-e901b160468a@group-37608DAA6D43, cid=196, SUCCESS, logIndex=7, commits[1d8252e2-7ee6-4584-bcee-e901b160468a:c11, 3d9010da-9b0a-4e14-9571-cee7193e93f5:c7, b05059df-7997-4957-9fd0-0ea4223a0acd:c7]
2019-08-20 10:22:37,530 INFO  client.GrpcClientProtocolClient (GrpcClientProtocolClient.java:onNext(255)) - client-05F0EA6AC9F3->1d8252e2-7ee6-4584-bcee-e901b160468a: receive RaftClientReply:client-05F0EA6AC9F3->1d8252e2-7ee6-4584-bcee-e901b160468a@group-37608DAA6D43, cid=197, SUCCESS, logIndex=12, commits[1d8252e2-7ee6-4584-bcee-e901b160468a:c12, 3d9010da-9b0a-4e14-9571-cee7193e93f5:c11, b05059df-7997-4957-9fd0-0ea4223a0acd:c11]
2019-08-20 10:22:37,537 INFO  client.GrpcClientProtocolClient (GrpcClientProtocolClient.java:onNext(255)) - client-05F0EA6AC9F3->1d8252e2-7ee6-4584-bcee-e901b160468a: receive RaftClientReply:client-05F0EA6AC9F3->1d8252e2-7ee6-4584-bcee-e901b160468a@group-37608DAA6D43, cid=198, SUCCESS, logIndex=13, commits[1d8252e2-7ee6-4584-bcee-e901b160468a:c13, 3d9010da-9b0a-4e14-9571-cee7193e93f5:c11, b05059df-7997-4957-9fd0-0ea4223a0acd:c11]
2019-08-20 10:22:38,539 WARN  scm.XceiverClientRatis (XceiverClientRatis.java:watchForCommit(262)) - 3 way commit failed on pipeline Pipeline[ Id: 8719a123-c0d3-44ff-87f1-37608daa6d43, Nodes: 1d8252e2-7ee6-4584-bcee-e901b160468a{ip: 192.168.5.133, host: pr-hdds-1054s69ht-3886455778, networkLocation: /default-rack, certSerialId: null}3d9010da-9b0a-4e14-9571-cee7193e93f5{ip: 192.168.5.133, host: pr-hdds-1054s69ht-3886455778, networkLocation: /default-rack, certSerialId: null}b05059df-7997-4957-9fd0-0ea4223a0acd{ip: 192.168.5.133, host: pr-hdds-1054s69ht-3886455778, networkLocation: /default-rack, certSerialId: null}, Type:RATIS, Factor:THREE, State:OPEN]
java.util.concurrent.TimeoutException
	at java.util.concurrent.CompletableFuture.timedGet(CompletableFuture.java:1771)
	at java.util.concurrent.CompletableFuture.get(CompletableFuture.java:1915)
	at org.apache.hadoop.hdds.scm.XceiverClientRatis.watchForCommit(XceiverClientRatis.java:259)
	at org.apache.hadoop.hdds.scm.storage.CommitWatcher.watchForCommit(CommitWatcher.java:194)
	at org.apache.hadoop.hdds.scm.storage.CommitWatcher.watchOnLastIndex(CommitWatcher.java:157)
	at org.apache.hadoop.hdds.scm.storage.BlockOutputStream.watchForCommit(BlockOutputStream.java:347)
	at org.apache.hadoop.hdds.scm.storage.BlockOutputStream.handleFlush(BlockOutputStream.java:479)
	at org.apache.hadoop.hdds.scm.storage.BlockOutputStream.flush(BlockOutputStream.java:428)
	at org.apache.hadoop.ozone.client.io.BlockOutputStreamEntry.flush(BlockOutputStreamEntry.java:136)
	at org.apache.hadoop.ozone.client.io.KeyOutputStream.handleFlushOrClose(KeyOutputStream.java:442)
	at org.apache.hadoop.ozone.client.io.KeyOutputStream.flush(KeyOutputStream.java:396)
	at org.apache.hadoop.ozone.client.io.OzoneOutputStream.flush(OzoneOutputStream.java:54)
	at org.apache.hadoop.ozone.client.rpc.TestBlockOutputStreamWithFailures.testWatchForCommitDatanodeFailure(TestBlockOutputStreamWithFailures.java:365)
	at sun.reflect.NativeMethodAccessorImpl.invoke0(Native Method)
	at sun.reflect.NativeMethodAccessorImpl.invoke(NativeMethodAccessorImpl.java:62)
	at sun.reflect.DelegatingMethodAccessorImpl.invoke(DelegatingMethodAccessorImpl.java:43)
	at java.lang.reflect.Method.invoke(Method.java:498)
	at org.junit.runners.model.FrameworkMethod$1.runReflectiveCall(FrameworkMethod.java:47)
	at org.junit.internal.runners.model.ReflectiveCallable.run(ReflectiveCallable.java:12)
	at org.junit.runners.model.FrameworkMethod.invokeExplosively(FrameworkMethod.java:44)
	at org.junit.internal.runners.statements.InvokeMethod.evaluate(InvokeMethod.java:17)
	at org.junit.internal.runners.statements.RunBefores.evaluate(RunBefores.java:26)
	at org.junit.internal.runners.statements.RunAfters.evaluate(RunAfters.java:27)
	at org.junit.runners.ParentRunner.runLeaf(ParentRunner.java:271)
	at org.junit.runners.BlockJUnit4ClassRunner.runChild(BlockJUnit4ClassRunner.java:70)
	at org.junit.runners.BlockJUnit4ClassRunner.runChild(BlockJUnit4ClassRunner.java:50)
	at org.junit.runners.ParentRunner$3.run(ParentRunner.java:238)
	at org.junit.runners.ParentRunner$1.schedule(ParentRunner.java:63)
	at org.junit.runners.ParentRunner.runChildren(ParentRunner.java:236)
	at org.junit.runners.ParentRunner.access$000(ParentRunner.java:53)
	at org.junit.runners.ParentRunner$2.evaluate(ParentRunner.java:229)
	at org.junit.runners.ParentRunner.run(ParentRunner.java:309)
	at org.apache.maven.surefire.junit4.JUnit4Provider.execute(JUnit4Provider.java:365)
	at org.apache.maven.surefire.junit4.JUnit4Provider.executeWithRerun(JUnit4Provider.java:273)
	at org.apache.maven.surefire.junit4.JUnit4Provider.executeTestSet(JUnit4Provider.java:238)
	at org.apache.maven.surefire.junit4.JUnit4Provider.invoke(JUnit4Provider.java:159)
	at org.apache.maven.surefire.booter.ForkedBooter.invokeProviderInSameClassLoader(ForkedBooter.java:384)
	at org.apache.maven.surefire.booter.ForkedBooter.runSuitesInProcess(ForkedBooter.java:345)
	at org.apache.maven.surefire.booter.ForkedBooter.execute(ForkedBooter.java:126)
	at org.apache.maven.surefire.booter.ForkedBooter.main(ForkedBooter.java:418)
2019-08-20 10:22:39,092 WARN  server.GrpcLogAppender (LogUtils.java:warn(134)) - eddcc57c-da79-40bf-a8f7-7b350fcd6b06->a2f98dcb-8e27-4a64-b63e-4873f01bbb94: Failed appendEntries: org.apache.ratis.thirdparty.io.grpc.StatusRuntimeException: UNAVAILABLE: io exception
2019-08-20 10:22:39,093 INFO  impl.FollowerInfo (FollowerInfo.java:lambda$new$0(50)) - eddcc57c-da79-40bf-a8f7-7b350fcd6b06->a2f98dcb-8e27-4a64-b63e-4873f01bbb94: nextIndex: updateUnconditionally 1 -> 0
2019-08-20 10:22:39,541 WARN  storage.CommitWatcher (CommitWatcher.java:watchForCommit(203)) - watchForCommit failed for index 13
java.util.concurrent.TimeoutException
	at java.util.concurrent.CompletableFuture.timedGet(CompletableFuture.java:1771)
	at java.util.concurrent.CompletableFuture.get(CompletableFuture.java:1915)
	at org.apache.hadoop.hdds.scm.XceiverClientRatis.watchForCommit(XceiverClientRatis.java:268)
	at org.apache.hadoop.hdds.scm.storage.CommitWatcher.watchForCommit(CommitWatcher.java:194)
	at org.apache.hadoop.hdds.scm.storage.CommitWatcher.watchOnLastIndex(CommitWatcher.java:157)
	at org.apache.hadoop.hdds.scm.storage.BlockOutputStream.watchForCommit(BlockOutputStream.java:347)
	at org.apache.hadoop.hdds.scm.storage.BlockOutputStream.handleFlush(BlockOutputStream.java:479)
	at org.apache.hadoop.hdds.scm.storage.BlockOutputStream.flush(BlockOutputStream.java:428)
	at org.apache.hadoop.ozone.client.io.BlockOutputStreamEntry.flush(BlockOutputStreamEntry.java:136)
	at org.apache.hadoop.ozone.client.io.KeyOutputStream.handleFlushOrClose(KeyOutputStream.java:442)
	at org.apache.hadoop.ozone.client.io.KeyOutputStream.flush(KeyOutputStream.java:396)
	at org.apache.hadoop.ozone.client.io.OzoneOutputStream.flush(OzoneOutputStream.java:54)
	at org.apache.hadoop.ozone.client.rpc.TestBlockOutputStreamWithFailures.testWatchForCommitDatanodeFailure(TestBlockOutputStreamWithFailures.java:365)
	at sun.reflect.NativeMethodAccessorImpl.invoke0(Native Method)
	at sun.reflect.NativeMethodAccessorImpl.invoke(NativeMethodAccessorImpl.java:62)
	at sun.reflect.DelegatingMethodAccessorImpl.invoke(DelegatingMethodAccessorImpl.java:43)
	at java.lang.reflect.Method.invoke(Method.java:498)
	at org.junit.runners.model.FrameworkMethod$1.runReflectiveCall(FrameworkMethod.java:47)
	at org.junit.internal.runners.model.ReflectiveCallable.run(ReflectiveCallable.java:12)
	at org.junit.runners.model.FrameworkMethod.invokeExplosively(FrameworkMethod.java:44)
	at org.junit.internal.runners.statements.InvokeMethod.evaluate(InvokeMethod.java:17)
	at org.junit.internal.runners.statements.RunBefores.evaluate(RunBefores.java:26)
	at org.junit.internal.runners.statements.RunAfters.evaluate(RunAfters.java:27)
	at org.junit.runners.ParentRunner.runLeaf(ParentRunner.java:271)
	at org.junit.runners.BlockJUnit4ClassRunner.runChild(BlockJUnit4ClassRunner.java:70)
	at org.junit.runners.BlockJUnit4ClassRunner.runChild(BlockJUnit4ClassRunner.java:50)
	at org.junit.runners.ParentRunner$3.run(ParentRunner.java:238)
	at org.junit.runners.ParentRunner$1.schedule(ParentRunner.java:63)
	at org.junit.runners.ParentRunner.runChildren(ParentRunner.java:236)
	at org.junit.runners.ParentRunner.access$000(ParentRunner.java:53)
	at org.junit.runners.ParentRunner$2.evaluate(ParentRunner.java:229)
	at org.junit.runners.ParentRunner.run(ParentRunner.java:309)
	at org.apache.maven.surefire.junit4.JUnit4Provider.execute(JUnit4Provider.java:365)
	at org.apache.maven.surefire.junit4.JUnit4Provider.executeWithRerun(JUnit4Provider.java:273)
	at org.apache.maven.surefire.junit4.JUnit4Provider.executeTestSet(JUnit4Provider.java:238)
	at org.apache.maven.surefire.junit4.JUnit4Provider.invoke(JUnit4Provider.java:159)
	at org.apache.maven.surefire.booter.ForkedBooter.invokeProviderInSameClassLoader(ForkedBooter.java:384)
	at org.apache.maven.surefire.booter.ForkedBooter.runSuitesInProcess(ForkedBooter.java:345)
	at org.apache.maven.surefire.booter.ForkedBooter.execute(ForkedBooter.java:126)
	at org.apache.maven.surefire.booter.ForkedBooter.main(ForkedBooter.java:418)
2019-08-20 10:22:39,543 WARN  io.KeyOutputStream (KeyOutputStream.java:handleException(276)) - Encountered exception java.io.IOException: Unexpected Storage Container Exception: java.io.IOException: Unexpected Storage Container Exception: java.util.concurrent.TimeoutException on the pipeline Pipeline[ Id: 8719a123-c0d3-44ff-87f1-37608daa6d43, Nodes: 1d8252e2-7ee6-4584-bcee-e901b160468a{ip: 192.168.5.133, host: pr-hdds-1054s69ht-3886455778, networkLocation: /default-rack, certSerialId: null}3d9010da-9b0a-4e14-9571-cee7193e93f5{ip: 192.168.5.133, host: pr-hdds-1054s69ht-3886455778, networkLocation: /default-rack, certSerialId: null}b05059df-7997-4957-9fd0-0ea4223a0acd{ip: 192.168.5.133, host: pr-hdds-1054s69ht-3886455778, networkLocation: /default-rack, certSerialId: null}, Type:RATIS, Factor:THREE, State:OPEN]. The last committed block length is 400, uncommitted data length is 50 retry count 0
2019-08-20 10:22:39,564 INFO  impl.RaftServerProxy (RaftServerProxy.java:addNew(89)) - c82cdedb-f905-4590-81cd-07d79d7d23dd: addNew group-353371B88678:[c82cdedb-f905-4590-81cd-07d79d7d23dd:192.168.5.133:45135, b2ac5990-f7ad-4521-bd7b-8d54ab25a987:192.168.5.133:40626, eddcc57c-da79-40bf-a8f7-7b350fcd6b06:192.168.5.133:34322] returns group-353371B88678:java.util.concurrent.CompletableFuture@7bee1a4d[Not completed]
2019-08-20 10:22:39,567 INFO  impl.RaftServerProxy (RaftServerProxy.java:addNew(89)) - eddcc57c-da79-40bf-a8f7-7b350fcd6b06: addNew group-353371B88678:[c82cdedb-f905-4590-81cd-07d79d7d23dd:192.168.5.133:45135, b2ac5990-f7ad-4521-bd7b-8d54ab25a987:192.168.5.133:40626, eddcc57c-da79-40bf-a8f7-7b350fcd6b06:192.168.5.133:34322] returns group-353371B88678:java.util.concurrent.CompletableFuture@6d9d6206[Not completed]
2019-08-20 10:22:39,567 INFO  impl.RaftServerProxy (RaftServerProxy.java:addNew(89)) - b2ac5990-f7ad-4521-bd7b-8d54ab25a987: addNew group-353371B88678:[c82cdedb-f905-4590-81cd-07d79d7d23dd:192.168.5.133:45135, b2ac5990-f7ad-4521-bd7b-8d54ab25a987:192.168.5.133:40626, eddcc57c-da79-40bf-a8f7-7b350fcd6b06:192.168.5.133:34322] returns group-353371B88678:java.util.concurrent.CompletableFuture@1905ad4f[Not completed]
2019-08-20 10:22:39,569 INFO  impl.RaftServerImpl (RaftServerImpl.java:<init>(93)) - b2ac5990-f7ad-4521-bd7b-8d54ab25a987: new RaftServerImpl for group-353371B88678:[c82cdedb-f905-4590-81cd-07d79d7d23dd:192.168.5.133:45135, b2ac5990-f7ad-4521-bd7b-8d54ab25a987:192.168.5.133:40626, eddcc57c-da79-40bf-a8f7-7b350fcd6b06:192.168.5.133:34322] with ContainerStateMachine:uninitialized
2019-08-20 10:22:39,569 INFO  server.RaftServerConfigKeys (ConfUtils.java:logGet(43)) - raft.server.rpc.timeout.min = 5s (custom)
2019-08-20 10:22:39,569 INFO  server.RaftServerConfigKeys (ConfUtils.java:logGet(43)) - raft.server.rpc.timeout.max = 5200ms (custom)
2019-08-20 10:22:39,569 INFO  server.RaftServerConfigKeys (ConfUtils.java:logGet(43)) - raft.server.rpcslowness.timeout = 120s (custom)
2019-08-20 10:22:39,569 INFO  impl.RaftServerImpl (RaftServerImpl.java:<init>(93)) - eddcc57c-da79-40bf-a8f7-7b350fcd6b06: new RaftServerImpl for group-353371B88678:[c82cdedb-f905-4590-81cd-07d79d7d23dd:192.168.5.133:45135, b2ac5990-f7ad-4521-bd7b-8d54ab25a987:192.168.5.133:40626, eddcc57c-da79-40bf-a8f7-7b350fcd6b06:192.168.5.133:34322] with ContainerStateMachine:uninitialized
2019-08-20 10:22:39,570 INFO  server.RaftServerConfigKeys (ConfUtils.java:logGet(43)) - raft.server.sleep.deviation.threshold = 300 (default)
2019-08-20 10:22:39,570 INFO  server.RaftServerConfigKeys (ConfUtils.java:logGet(43)) - raft.server.rpc.timeout.min = 5s (custom)
2019-08-20 10:22:39,570 INFO  server.RaftServerConfigKeys (ConfUtils.java:logGet(43)) - raft.server.log.appender.install.snapshot.enabled = false (custom)
2019-08-20 10:22:39,570 INFO  impl.RaftServerImpl (RaftServerImpl.java:<init>(93)) - c82cdedb-f905-4590-81cd-07d79d7d23dd: new RaftServerImpl for group-353371B88678:[c82cdedb-f905-4590-81cd-07d79d7d23dd:192.168.5.133:45135, b2ac5990-f7ad-4521-bd7b-8d54ab25a987:192.168.5.133:40626, eddcc57c-da79-40bf-a8f7-7b350fcd6b06:192.168.5.133:34322] with ContainerStateMachine:uninitialized
2019-08-20 10:22:39,570 INFO  server.RaftServerConfigKeys (ConfUtils.java:logGet(43)) - raft.server.rpc.timeout.max = 5200ms (custom)
2019-08-20 10:22:39,570 INFO  server.RaftServerConfigKeys (ConfUtils.java:logGet(43)) - raft.server.rpc.timeout.min = 5s (custom)
2019-08-20 10:22:39,570 INFO  impl.RaftServerImpl (ServerState.java:<init>(105)) - b2ac5990-f7ad-4521-bd7b-8d54ab25a987:group-353371B88678 ConfigurationManager, init=-1: [c82cdedb-f905-4590-81cd-07d79d7d23dd:192.168.5.133:45135, b2ac5990-f7ad-4521-bd7b-8d54ab25a987:192.168.5.133:40626, eddcc57c-da79-40bf-a8f7-7b350fcd6b06:192.168.5.133:34322], old=null, confs=<EMPTY_MAP>
2019-08-20 10:22:39,570 INFO  server.RaftServerConfigKeys (ConfUtils.java:logGet(43)) - raft.server.rpc.timeout.max = 5200ms (custom)
2019-08-20 10:22:39,571 INFO  server.RaftServerConfigKeys (ConfUtils.java:logGet(43)) - raft.server.storage.dir = [/workdir/hadoop-ozone/integration-test/target/test-dir/MiniOzoneClusterImpl-bb41d155-d46c-4d70-b443-e80a9547f56a/datanode-6/data/ratis] (custom)
2019-08-20 10:22:39,570 INFO  server.RaftServerConfigKeys (ConfUtils.java:logGet(43)) - raft.server.rpcslowness.timeout = 120s (custom)
2019-08-20 10:22:39,571 INFO  server.RaftServerConfigKeys (ConfUtils.java:logGet(43)) - raft.server.rpcslowness.timeout = 120s (custom)
2019-08-20 10:22:39,571 INFO  server.RaftServerConfigKeys (ConfUtils.java:logGet(43)) - raft.server.sleep.deviation.threshold = 300 (default)
2019-08-20 10:22:39,571 INFO  storage.RaftStorageDirectory (RaftStorageDirectory.java:analyzeStorage(246)) - The storage directory /workdir/hadoop-ozone/integration-test/target/test-dir/MiniOzoneClusterImpl-bb41d155-d46c-4d70-b443-e80a9547f56a/datanode-6/data/ratis/43b01dd9-e950-4d92-824f-353371b88678 does not exist. Creating ...
2019-08-20 10:22:39,571 INFO  server.RaftServerConfigKeys (ConfUtils.java:logGet(43)) - raft.server.sleep.deviation.threshold = 300 (default)
2019-08-20 10:22:39,571 INFO  server.RaftServerConfigKeys (ConfUtils.java:logGet(43)) - raft.server.log.appender.install.snapshot.enabled = false (custom)
2019-08-20 10:22:39,572 INFO  server.RaftServerConfigKeys (ConfUtils.java:logGet(43)) - raft.server.log.appender.install.snapshot.enabled = false (custom)
2019-08-20 10:22:39,572 INFO  impl.RaftServerImpl (ServerState.java:<init>(105)) - eddcc57c-da79-40bf-a8f7-7b350fcd6b06:group-353371B88678 ConfigurationManager, init=-1: [c82cdedb-f905-4590-81cd-07d79d7d23dd:192.168.5.133:45135, b2ac5990-f7ad-4521-bd7b-8d54ab25a987:192.168.5.133:40626, eddcc57c-da79-40bf-a8f7-7b350fcd6b06:192.168.5.133:34322], old=null, confs=<EMPTY_MAP>
2019-08-20 10:22:39,572 INFO  impl.RaftServerImpl (ServerState.java:<init>(105)) - c82cdedb-f905-4590-81cd-07d79d7d23dd:group-353371B88678 ConfigurationManager, init=-1: [c82cdedb-f905-4590-81cd-07d79d7d23dd:192.168.5.133:45135, b2ac5990-f7ad-4521-bd7b-8d54ab25a987:192.168.5.133:40626, eddcc57c-da79-40bf-a8f7-7b350fcd6b06:192.168.5.133:34322], old=null, confs=<EMPTY_MAP>
2019-08-20 10:22:39,572 INFO  server.RaftServerConfigKeys (ConfUtils.java:logGet(43)) - raft.server.storage.dir = [/workdir/hadoop-ozone/integration-test/target/test-dir/MiniOzoneClusterImpl-bb41d155-d46c-4d70-b443-e80a9547f56a/datanode-4/data/ratis] (custom)
2019-08-20 10:22:39,572 INFO  server.RaftServerConfigKeys (ConfUtils.java:logGet(43)) - raft.server.storage.dir = [/workdir/hadoop-ozone/integration-test/target/test-dir/MiniOzoneClusterImpl-bb41d155-d46c-4d70-b443-e80a9547f56a/datanode-3/data/ratis] (custom)
2019-08-20 10:22:39,572 INFO  storage.RaftStorageDirectory (RaftStorageDirectory.java:analyzeStorage(246)) - The storage directory /workdir/hadoop-ozone/integration-test/target/test-dir/MiniOzoneClusterImpl-bb41d155-d46c-4d70-b443-e80a9547f56a/datanode-4/data/ratis/43b01dd9-e950-4d92-824f-353371b88678 does not exist. Creating ...
2019-08-20 10:22:39,572 INFO  storage.RaftStorageDirectory (RaftStorageDirectory.java:analyzeStorage(246)) - The storage directory /workdir/hadoop-ozone/integration-test/target/test-dir/MiniOzoneClusterImpl-bb41d155-d46c-4d70-b443-e80a9547f56a/datanode-3/data/ratis/43b01dd9-e950-4d92-824f-353371b88678 does not exist. Creating ...
2019-08-20 10:22:39,585 INFO  storage.RaftStorageDirectory (RaftStorageDirectory.java:tryLock(328)) - Lock on /workdir/hadoop-ozone/integration-test/target/test-dir/MiniOzoneClusterImpl-bb41d155-d46c-4d70-b443-e80a9547f56a/datanode-4/data/ratis/43b01dd9-e950-4d92-824f-353371b88678/in_use.lock acquired by nodename 29280@pr-hdds-1054s69ht-3886455778
2019-08-20 10:22:39,585 INFO  storage.RaftStorageDirectory (RaftStorageDirectory.java:tryLock(328)) - Lock on /workdir/hadoop-ozone/integration-test/target/test-dir/MiniOzoneClusterImpl-bb41d155-d46c-4d70-b443-e80a9547f56a/datanode-3/data/ratis/43b01dd9-e950-4d92-824f-353371b88678/in_use.lock acquired by nodename 29280@pr-hdds-1054s69ht-3886455778
2019-08-20 10:22:39,585 INFO  storage.RaftStorageDirectory (RaftStorageDirectory.java:tryLock(328)) - Lock on /workdir/hadoop-ozone/integration-test/target/test-dir/MiniOzoneClusterImpl-bb41d155-d46c-4d70-b443-e80a9547f56a/datanode-6/data/ratis/43b01dd9-e950-4d92-824f-353371b88678/in_use.lock acquired by nodename 29280@pr-hdds-1054s69ht-3886455778
2019-08-20 10:22:39,610 INFO  storage.RaftStorage (RaftStorage.java:format(72)) - Storage directory /workdir/hadoop-ozone/integration-test/target/test-dir/MiniOzoneClusterImpl-bb41d155-d46c-4d70-b443-e80a9547f56a/datanode-4/data/ratis/43b01dd9-e950-4d92-824f-353371b88678 has been successfully formatted.
2019-08-20 10:22:39,610 INFO  storage.RaftStorage (RaftStorage.java:format(72)) - Storage directory /workdir/hadoop-ozone/integration-test/target/test-dir/MiniOzoneClusterImpl-bb41d155-d46c-4d70-b443-e80a9547f56a/datanode-6/data/ratis/43b01dd9-e950-4d92-824f-353371b88678 has been successfully formatted.
2019-08-20 10:22:39,610 INFO  ratis.ContainerStateMachine (ContainerStateMachine.java:loadSnapshot(222)) - group-353371B88678: The snapshot info is null. Setting the last applied indexto:(t:0, i:~)
2019-08-20 10:22:39,610 INFO  storage.RaftStorage (RaftStorage.java:format(72)) - Storage directory /workdir/hadoop-ozone/integration-test/target/test-dir/MiniOzoneClusterImpl-bb41d155-d46c-4d70-b443-e80a9547f56a/datanode-3/data/ratis/43b01dd9-e950-4d92-824f-353371b88678 has been successfully formatted.
2019-08-20 10:22:39,611 INFO  server.RaftServerConfigKeys (ConfUtils.java:logGet(43)) - raft.server.leader.election.timeout = 120s (custom)
2019-08-20 10:22:39,611 INFO  ratis.ContainerStateMachine (ContainerStateMachine.java:loadSnapshot(222)) - group-353371B88678: The snapshot info is null. Setting the last applied indexto:(t:0, i:~)
2019-08-20 10:22:39,611 INFO  server.RaftServerConfigKeys (ConfUtils.java:logGet(43)) - raft.server.log.use.memory = false (default)
2019-08-20 10:22:39,611 INFO  ratis.ContainerStateMachine (ContainerStateMachine.java:loadSnapshot(222)) - group-353371B88678: The snapshot info is null. Setting the last applied indexto:(t:0, i:~)
2019-08-20 10:22:39,611 INFO  server.RaftServerConfigKeys (ConfUtils.java:logGet(43)) - raft.server.log.purge.gap = 1000000000 (custom)
2019-08-20 10:22:39,611 INFO  server.RaftServerConfigKeys (ConfUtils.java:logGet(43)) - raft.server.leader.election.timeout = 120s (custom)
2019-08-20 10:22:39,611 INFO  server.RaftServerConfigKeys (ConfUtils.java:logGet(43)) - raft.server.log.appender.buffer.byte-limit = 33554432 (custom)
2019-08-20 10:22:39,611 INFO  server.RaftServerConfigKeys (ConfUtils.java:logGet(43)) - raft.server.leader.election.timeout = 120s (custom)
2019-08-20 10:22:39,612 INFO  server.RaftServerConfigKeys (ConfUtils.java:logGet(43)) - raft.server.log.segment.size.max = 1048576 (custom)
2019-08-20 10:22:39,611 INFO  server.RaftServerConfigKeys (ConfUtils.java:logGet(43)) - raft.server.log.use.memory = false (default)
2019-08-20 10:22:39,612 INFO  server.RaftServerConfigKeys (ConfUtils.java:logGet(43)) - raft.server.log.segment.cache.num.max = 2 (custom)
2019-08-20 10:22:39,612 INFO  server.RaftServerConfigKeys (ConfUtils.java:logGet(43)) - raft.server.log.use.memory = false (default)
2019-08-20 10:22:39,612 INFO  segmented.SegmentedRaftLogWorker (SegmentedRaftLogWorker.java:<init>(172)) - new eddcc57c-da79-40bf-a8f7-7b350fcd6b06-SegmentedRaftLogWorker:Storage Directory /workdir/hadoop-ozone/integration-test/target/test-dir/MiniOzoneClusterImpl-bb41d155-d46c-4d70-b443-e80a9547f56a/datanode-4/data/ratis/43b01dd9-e950-4d92-824f-353371b88678 for RaftStorage:Storage Directory /workdir/hadoop-ozone/integration-test/target/test-dir/MiniOzoneClusterImpl-bb41d155-d46c-4d70-b443-e80a9547f56a/datanode-4/data/ratis/43b01dd9-e950-4d92-824f-353371b88678
2019-08-20 10:22:39,612 INFO  server.RaftServerConfigKeys (ConfUtils.java:logGet(43)) - raft.server.log.purge.gap = 1000000000 (custom)
2019-08-20 10:22:39,612 INFO  server.RaftServerConfigKeys (ConfUtils.java:logGet(43)) - raft.server.log.queue.byte-limit = 2147483647 (custom)
2019-08-20 10:22:39,612 INFO  server.RaftServerConfigKeys (ConfUtils.java:logGet(43)) - raft.server.log.purge.gap = 1000000000 (custom)
2019-08-20 10:22:39,613 INFO  server.RaftServerConfigKeys (ConfUtils.java:logGet(43)) - raft.server.log.queue.element-limit = 1024 (custom)
2019-08-20 10:22:39,612 INFO  server.RaftServerConfigKeys (ConfUtils.java:logGet(43)) - raft.server.log.appender.buffer.byte-limit = 33554432 (custom)
2019-08-20 10:22:39,613 INFO  server.RaftServerConfigKeys (ConfUtils.java:logGet(43)) - raft.server.log.segment.size.max = 1048576 (custom)
2019-08-20 10:22:39,613 INFO  server.RaftServerConfigKeys (ConfUtils.java:logGet(43)) - raft.server.log.preallocated.size = 16384 (custom)
2019-08-20 10:22:39,613 INFO  server.RaftServerConfigKeys (ConfUtils.java:logGet(43)) - raft.server.log.appender.buffer.byte-limit = 33554432 (custom)
2019-08-20 10:22:39,613 INFO  server.RaftServerConfigKeys (ConfUtils.java:logGet(43)) - raft.server.log.write.buffer.size = 33554432 (custom)
2019-08-20 10:22:39,613 INFO  server.RaftServerConfigKeys (ConfUtils.java:logGet(43)) - raft.server.log.segment.size.max = 1048576 (custom)
2019-08-20 10:22:39,613 INFO  server.RaftServerConfigKeys (ConfUtils.java:logGet(43)) - raft.server.log.force.sync.num = 128 (default)
2019-08-20 10:22:39,614 INFO  server.RaftServerConfigKeys (ConfUtils.java:logGet(43)) - raft.server.log.statemachine.data.sync = true (default)
2019-08-20 10:22:39,613 INFO  server.RaftServerConfigKeys (ConfUtils.java:logGet(43)) - raft.server.log.segment.size.max = 1048576 (custom)
2019-08-20 10:22:39,614 INFO  server.RaftServerConfigKeys (ConfUtils.java:logGet(43)) - raft.server.log.statemachine.data.sync.timeout = 10s (default)
2019-08-20 10:22:39,614 INFO  server.RaftServerConfigKeys (ConfUtils.java:logGet(43)) - raft.server.log.segment.cache.num.max = 2 (custom)
2019-08-20 10:22:39,614 INFO  server.RaftServerConfigKeys (ConfUtils.java:logGet(43)) - raft.server.log.statemachine.data.sync.timeout.retry = -1 (default)
2019-08-20 10:22:39,614 INFO  server.RaftServerConfigKeys (ConfUtils.java:logGet(43)) - raft.server.log.segment.cache.num.max = 2 (custom)
2019-08-20 10:22:39,614 INFO  server.RaftServerConfigKeys (ConfUtils.java:logGet(43)) - raft.server.log.statemachine.data.caching.enabled = true (custom)
2019-08-20 10:22:39,614 INFO  segmented.SegmentedRaftLogWorker (SegmentedRaftLogWorker.java:<init>(172)) - new b2ac5990-f7ad-4521-bd7b-8d54ab25a987-SegmentedRaftLogWorker:Storage Directory /workdir/hadoop-ozone/integration-test/target/test-dir/MiniOzoneClusterImpl-bb41d155-d46c-4d70-b443-e80a9547f56a/datanode-6/data/ratis/43b01dd9-e950-4d92-824f-353371b88678 for RaftStorage:Storage Directory /workdir/hadoop-ozone/integration-test/target/test-dir/MiniOzoneClusterImpl-bb41d155-d46c-4d70-b443-e80a9547f56a/datanode-6/data/ratis/43b01dd9-e950-4d92-824f-353371b88678
2019-08-20 10:22:39,614 INFO  segmented.SegmentedRaftLogWorker (SegmentedRaftLogWorker.java:<init>(172)) - new c82cdedb-f905-4590-81cd-07d79d7d23dd-SegmentedRaftLogWorker:Storage Directory /workdir/hadoop-ozone/integration-test/target/test-dir/MiniOzoneClusterImpl-bb41d155-d46c-4d70-b443-e80a9547f56a/datanode-3/data/ratis/43b01dd9-e950-4d92-824f-353371b88678 for RaftStorage:Storage Directory /workdir/hadoop-ozone/integration-test/target/test-dir/MiniOzoneClusterImpl-bb41d155-d46c-4d70-b443-e80a9547f56a/datanode-3/data/ratis/43b01dd9-e950-4d92-824f-353371b88678
2019-08-20 10:22:39,615 INFO  server.RaftServerConfigKeys (ConfUtils.java:logGet(43)) - raft.server.log.queue.byte-limit = 2147483647 (custom)
2019-08-20 10:22:39,615 INFO  segmented.SegmentedRaftLogWorker (SegmentedRaftLogWorker.java:lambda$new$0(132)) - eddcc57c-da79-40bf-a8f7-7b350fcd6b06-SegmentedRaftLogWorker:Storage Directory /workdir/hadoop-ozone/integration-test/target/test-dir/MiniOzoneClusterImpl-bb41d155-d46c-4d70-b443-e80a9547f56a/datanode-4/data/ratis/43b01dd9-e950-4d92-824f-353371b88678: flushIndex: setUnconditionally 0 -> -1
2019-08-20 10:22:39,615 INFO  server.RaftServerConfigKeys (ConfUtils.java:logGet(43)) - raft.server.log.queue.element-limit = 1024 (custom)
2019-08-20 10:22:39,615 INFO  server.RaftServerConfigKeys (ConfUtils.java:logGet(43)) - raft.server.log.queue.byte-limit = 2147483647 (custom)
2019-08-20 10:22:39,615 INFO  server.RaftServerConfigKeys (ConfUtils.java:logGet(43)) - raft.server.snapshot.auto.trigger.enabled = true (custom)
2019-08-20 10:22:39,615 INFO  server.RaftServerConfigKeys (ConfUtils.java:logGet(43)) - raft.server.log.segment.size.max = 1048576 (custom)
2019-08-20 10:22:39,615 INFO  server.RaftServerConfigKeys (ConfUtils.java:logGet(43)) - raft.server.snapshot.auto.trigger.threshold = 10000 (custom)
2019-08-20 10:22:39,615 INFO  server.RaftServerConfigKeys (ConfUtils.java:logGet(43)) - raft.server.log.queue.element-limit = 1024 (custom)
2019-08-20 10:22:39,616 INFO  server.RaftServerConfigKeys (ConfUtils.java:logGet(43)) - raft.server.retrycache.expirytime = 600000ms (custom)
2019-08-20 10:22:39,615 INFO  server.RaftServerConfigKeys (ConfUtils.java:logGet(43)) - raft.server.log.preallocated.size = 16384 (custom)
2019-08-20 10:22:39,616 INFO  server.RaftServerConfigKeys (ConfUtils.java:logGet(43)) - raft.server.log.segment.size.max = 1048576 (custom)
2019-08-20 10:22:39,616 INFO  server.RaftServerConfigKeys (ConfUtils.java:logGet(43)) - raft.server.log.write.buffer.size = 33554432 (custom)
2019-08-20 10:22:39,616 INFO  impl.RaftServerImpl (RaftServerImpl.java:start(180)) - eddcc57c-da79-40bf-a8f7-7b350fcd6b06: start group-353371B88678
2019-08-20 10:22:39,616 INFO  server.RaftServerConfigKeys (ConfUtils.java:logGet(43)) - raft.server.log.force.sync.num = 128 (default)
2019-08-20 10:22:39,616 INFO  server.RaftServerConfigKeys (ConfUtils.java:logGet(43)) - raft.server.log.preallocated.size = 16384 (custom)
2019-08-20 10:22:39,617 INFO  server.RaftServerConfigKeys (ConfUtils.java:logGet(43)) - raft.server.log.statemachine.data.sync = true (default)
2019-08-20 10:22:39,616 INFO  impl.RaftServerImpl (RaftServerImpl.java:setRole(171)) - eddcc57c-da79-40bf-a8f7-7b350fcd6b06:group-353371B88678 changes role from null to FOLLOWER at term 0 for startAsFollower
2019-08-20 10:22:39,617 INFO  server.RaftServerConfigKeys (ConfUtils.java:logGet(43)) - raft.server.log.statemachine.data.sync.timeout = 10s (default)
2019-08-20 10:22:39,617 INFO  server.RaftServerConfigKeys (ConfUtils.java:logGet(43)) - raft.server.log.write.buffer.size = 33554432 (custom)
2019-08-20 10:22:39,617 INFO  server.RaftServerConfigKeys (ConfUtils.java:logGet(43)) - raft.server.log.statemachine.data.sync.timeout.retry = -1 (default)
2019-08-20 10:22:39,617 INFO  impl.RoleInfo (RoleInfo.java:updateAndGet(143)) - eddcc57c-da79-40bf-a8f7-7b350fcd6b06: start FollowerState
2019-08-20 10:22:39,617 INFO  server.RaftServerConfigKeys (ConfUtils.java:logGet(43)) - raft.server.log.statemachine.data.caching.enabled = true (custom)
2019-08-20 10:22:39,617 INFO  server.RaftServerConfigKeys (ConfUtils.java:logGet(43)) - raft.server.log.force.sync.num = 128 (default)
2019-08-20 10:22:39,618 INFO  server.RaftServerConfigKeys (ConfUtils.java:logGet(43)) - raft.server.log.statemachine.data.sync = true (default)
2019-08-20 10:22:39,618 INFO  segmented.SegmentedRaftLogWorker (SegmentedRaftLogWorker.java:lambda$new$0(132)) - b2ac5990-f7ad-4521-bd7b-8d54ab25a987-SegmentedRaftLogWorker:Storage Directory /workdir/hadoop-ozone/integration-test/target/test-dir/MiniOzoneClusterImpl-bb41d155-d46c-4d70-b443-e80a9547f56a/datanode-6/data/ratis/43b01dd9-e950-4d92-824f-353371b88678: flushIndex: setUnconditionally 0 -> -1
2019-08-20 10:22:39,618 INFO  server.RaftServerConfigKeys (ConfUtils.java:logGet(43)) - raft.server.log.statemachine.data.sync.timeout = 10s (default)
2019-08-20 10:22:39,618 INFO  util.JmxRegister (JmxRegister.java:tryRegister(44)) - Successfully registered JMX Bean with object name Ratis:service=RaftServer,group=group-353371B88678,id=eddcc57c-da79-40bf-a8f7-7b350fcd6b06
2019-08-20 10:22:39,618 INFO  server.RaftServerConfigKeys (ConfUtils.java:logGet(43)) - raft.server.snapshot.auto.trigger.enabled = true (custom)
2019-08-20 10:22:39,618 INFO  server.RaftServerConfigKeys (ConfUtils.java:logGet(43)) - raft.server.log.statemachine.data.sync.timeout.retry = -1 (default)
2019-08-20 10:22:39,618 INFO  server.RaftServerConfigKeys (ConfUtils.java:logGet(43)) - raft.server.snapshot.auto.trigger.threshold = 10000 (custom)
2019-08-20 10:22:39,618 INFO  server.RaftServerConfigKeys (ConfUtils.java:logGet(43)) - raft.server.log.statemachine.data.caching.enabled = true (custom)
2019-08-20 10:22:39,619 INFO  server.RaftServerConfigKeys (ConfUtils.java:logGet(43)) - raft.server.retrycache.expirytime = 600000ms (custom)
2019-08-20 10:22:39,619 INFO  segmented.SegmentedRaftLogWorker (SegmentedRaftLogWorker.java:lambda$new$0(132)) - c82cdedb-f905-4590-81cd-07d79d7d23dd-SegmentedRaftLogWorker:Storage Directory /workdir/hadoop-ozone/integration-test/target/test-dir/MiniOzoneClusterImpl-bb41d155-d46c-4d70-b443-e80a9547f56a/datanode-3/data/ratis/43b01dd9-e950-4d92-824f-353371b88678: flushIndex: setUnconditionally 0 -> -1
2019-08-20 10:22:39,619 INFO  impl.RaftServerImpl (RaftServerImpl.java:start(180)) - b2ac5990-f7ad-4521-bd7b-8d54ab25a987: start group-353371B88678
2019-08-20 10:22:39,619 INFO  server.RaftServerConfigKeys (ConfUtils.java:logGet(43)) - raft.server.snapshot.auto.trigger.enabled = true (custom)
2019-08-20 10:22:39,619 INFO  impl.RaftServerImpl (RaftServerImpl.java:setRole(171)) - b2ac5990-f7ad-4521-bd7b-8d54ab25a987:group-353371B88678 changes role from null to FOLLOWER at term 0 for startAsFollower
2019-08-20 10:22:39,622 INFO  server.RaftServerConfigKeys (ConfUtils.java:logGet(43)) - raft.server.snapshot.auto.trigger.threshold = 10000 (custom)
2019-08-20 10:22:39,622 INFO  impl.RoleInfo (RoleInfo.java:updateAndGet(143)) - b2ac5990-f7ad-4521-bd7b-8d54ab25a987: start FollowerState
2019-08-20 10:22:39,622 INFO  server.RaftServerConfigKeys (ConfUtils.java:logGet(43)) - raft.server.retrycache.expirytime = 600000ms (custom)
2019-08-20 10:22:39,622 INFO  impl.RaftServerImpl (RaftServerImpl.java:start(180)) - c82cdedb-f905-4590-81cd-07d79d7d23dd: start group-353371B88678
2019-08-20 10:22:39,622 INFO  util.JmxRegister (JmxRegister.java:tryRegister(44)) - Successfully registered JMX Bean with object name Ratis:service=RaftServer,group=group-353371B88678,id=b2ac5990-f7ad-4521-bd7b-8d54ab25a987
2019-08-20 10:22:39,622 INFO  impl.RaftServerImpl (RaftServerImpl.java:setRole(171)) - c82cdedb-f905-4590-81cd-07d79d7d23dd:group-353371B88678 changes role from null to FOLLOWER at term 0 for startAsFollower
2019-08-20 10:22:39,623 INFO  impl.RoleInfo (RoleInfo.java:updateAndGet(143)) - c82cdedb-f905-4590-81cd-07d79d7d23dd: start FollowerState
2019-08-20 10:22:39,623 INFO  util.JmxRegister (JmxRegister.java:tryRegister(44)) - Successfully registered JMX Bean with object name Ratis:service=RaftServer,group=group-353371B88678,id=c82cdedb-f905-4590-81cd-07d79d7d23dd
2019-08-20 10:22:39,629 INFO  pipeline.PipelineStateManager (PipelineStateManager.java:addPipeline(56)) - Created pipeline Pipeline[ Id: 43b01dd9-e950-4d92-824f-353371b88678, Nodes: c82cdedb-f905-4590-81cd-07d79d7d23dd{ip: 192.168.5.133, host: pr-hdds-1054s69ht-3886455778, networkLocation: /default-rack, certSerialId: null}b2ac5990-f7ad-4521-bd7b-8d54ab25a987{ip: 192.168.5.133, host: pr-hdds-1054s69ht-3886455778, networkLocation: /default-rack, certSerialId: null}eddcc57c-da79-40bf-a8f7-7b350fcd6b06{ip: 192.168.5.133, host: pr-hdds-1054s69ht-3886455778, networkLocation: /default-rack, certSerialId: null}, Type:RATIS, Factor:THREE, State:OPEN]
2019-08-20 10:22:39,645 INFO  client.GrpcClientProtocolClient (GrpcClientProtocolClient.java:onNext(255)) - client-EC6CB08B5E1A->c82cdedb-f905-4590-81cd-07d79d7d23dd: receive RaftClientReply:client-EC6CB08B5E1A->c82cdedb-f905-4590-81cd-07d79d7d23dd@group-353371B88678, cid=204, FAILED org.apache.ratis.protocol.NotLeaderException: Server c82cdedb-f905-4590-81cd-07d79d7d23dd is not the leader (null). Request must be sent to leader., logIndex=0, commits[c82cdedb-f905-4590-81cd-07d79d7d23dd:c-1]
2019-08-20 10:22:40,059 INFO  client.GrpcClientProtocolClient (GrpcClientProtocolClient.java:onNext(255)) - client-05F0EA6AC9F3->1d8252e2-7ee6-4584-bcee-e901b160468a: receive RaftClientReply:client-05F0EA6AC9F3->1d8252e2-7ee6-4584-bcee-e901b160468a@group-37608DAA6D43, cid=200, SUCCESS, logIndex=0, commits[1d8252e2-7ee6-4584-bcee-e901b160468a:c15, 3d9010da-9b0a-4e14-9571-cee7193e93f5:c12, b05059df-7997-4957-9fd0-0ea4223a0acd:c15]
2019-08-20 10:22:40,060 INFO  client.GrpcClientProtocolClient (GrpcClientProtocolClient.java:onNext(255)) - client-05F0EA6AC9F3->1d8252e2-7ee6-4584-bcee-e901b160468a: receive RaftClientReply:client-05F0EA6AC9F3->1d8252e2-7ee6-4584-bcee-e901b160468a@group-37608DAA6D43, cid=199, SUCCESS, logIndex=0, commits[1d8252e2-7ee6-4584-bcee-e901b160468a:c15, 3d9010da-9b0a-4e14-9571-cee7193e93f5:c15, b05059df-7997-4957-9fd0-0ea4223a0acd:c15]
2019-08-20 10:22:40,671 INFO  client.GrpcClientProtocolClient (GrpcClientProtocolClient.java:onNext(255)) - client-EC6CB08B5E1A->eddcc57c-da79-40bf-a8f7-7b350fcd6b06: receive RaftClientReply:client-EC6CB08B5E1A->eddcc57c-da79-40bf-a8f7-7b350fcd6b06@group-353371B88678, cid=204, FAILED org.apache.ratis.protocol.NotLeaderException: Server eddcc57c-da79-40bf-a8f7-7b350fcd6b06 is not the leader (null). Request must be sent to leader., logIndex=0, commits[eddcc57c-da79-40bf-a8f7-7b350fcd6b06:c-1]
2019-08-20 10:22:41,593 WARN  server.GrpcLogAppender (LogUtils.java:warn(134)) - eddcc57c-da79-40bf-a8f7-7b350fcd6b06->a2f98dcb-8e27-4a64-b63e-4873f01bbb94: Failed appendEntries: org.apache.ratis.thirdparty.io.grpc.StatusRuntimeException: UNAVAILABLE: io exception
2019-08-20 10:22:41,594 INFO  impl.FollowerInfo (FollowerInfo.java:lambda$new$0(50)) - eddcc57c-da79-40bf-a8f7-7b350fcd6b06->a2f98dcb-8e27-4a64-b63e-4873f01bbb94: nextIndex: updateUnconditionally 0 -> 0
2019-08-20 10:22:41,682 INFO  client.GrpcClientProtocolClient (GrpcClientProtocolClient.java:onNext(255)) - client-EC6CB08B5E1A->b2ac5990-f7ad-4521-bd7b-8d54ab25a987: receive RaftClientReply:client-EC6CB08B5E1A->b2ac5990-f7ad-4521-bd7b-8d54ab25a987@group-353371B88678, cid=204, FAILED org.apache.ratis.protocol.NotLeaderException: Server b2ac5990-f7ad-4521-bd7b-8d54ab25a987 is not the leader (null). Request must be sent to leader., logIndex=0, commits[b2ac5990-f7ad-4521-bd7b-8d54ab25a987:c-1]
2019-08-20 10:22:42,692 INFO  client.GrpcClientProtocolClient (GrpcClientProtocolClient.java:onNext(255)) - client-EC6CB08B5E1A->c82cdedb-f905-4590-81cd-07d79d7d23dd: receive RaftClientReply:client-EC6CB08B5E1A->c82cdedb-f905-4590-81cd-07d79d7d23dd@group-353371B88678, cid=204, FAILED org.apache.ratis.protocol.NotLeaderException: Server c82cdedb-f905-4590-81cd-07d79d7d23dd is not the leader (null). Request must be sent to leader., logIndex=0, commits[c82cdedb-f905-4590-81cd-07d79d7d23dd:c-1]
2019-08-20 10:22:43,701 INFO  client.GrpcClientProtocolClient (GrpcClientProtocolClient.java:onNext(255)) - client-EC6CB08B5E1A->eddcc57c-da79-40bf-a8f7-7b350fcd6b06: receive RaftClientReply:client-EC6CB08B5E1A->eddcc57c-da79-40bf-a8f7-7b350fcd6b06@group-353371B88678, cid=204, FAILED org.apache.ratis.protocol.NotLeaderException: Server eddcc57c-da79-40bf-a8f7-7b350fcd6b06 is not the leader (null). Request must be sent to leader., logIndex=0, commits[eddcc57c-da79-40bf-a8f7-7b350fcd6b06:c-1]
2019-08-20 10:22:44,094 WARN  server.GrpcLogAppender (LogUtils.java:warn(134)) - eddcc57c-da79-40bf-a8f7-7b350fcd6b06->a2f98dcb-8e27-4a64-b63e-4873f01bbb94: Failed appendEntries: org.apache.ratis.thirdparty.io.grpc.StatusRuntimeException: UNAVAILABLE: io exception
2019-08-20 10:22:44,094 INFO  impl.FollowerInfo (FollowerInfo.java:lambda$new$0(50)) - eddcc57c-da79-40bf-a8f7-7b350fcd6b06->a2f98dcb-8e27-4a64-b63e-4873f01bbb94: nextIndex: updateUnconditionally 0 -> 0
2019-08-20 10:22:44,629 INFO  impl.FollowerState (FollowerState.java:run(106)) - b2ac5990-f7ad-4521-bd7b-8d54ab25a987:group-353371B88678 changes to CANDIDATE, lastRpcTime:5006, electionTimeout:5006ms
2019-08-20 10:22:44,629 INFO  impl.RoleInfo (RoleInfo.java:shutdownFollowerState(121)) - b2ac5990-f7ad-4521-bd7b-8d54ab25a987: shutdown FollowerState
2019-08-20 10:22:44,629 INFO  impl.RaftServerImpl (RaftServerImpl.java:setRole(171)) - b2ac5990-f7ad-4521-bd7b-8d54ab25a987:group-353371B88678 changes role from FOLLOWER to CANDIDATE at term 0 for changeToCandidate
2019-08-20 10:22:44,629 INFO  impl.RoleInfo (RoleInfo.java:updateAndGet(143)) - b2ac5990-f7ad-4521-bd7b-8d54ab25a987: start LeaderElection
2019-08-20 10:22:44,643 INFO  impl.LeaderElection (LeaderElection.java:askForVotes(181)) - b2ac5990-f7ad-4521-bd7b-8d54ab25a987:group-353371B88678:LeaderElection71: begin an election at term 1 for -1: [c82cdedb-f905-4590-81cd-07d79d7d23dd:192.168.5.133:45135, b2ac5990-f7ad-4521-bd7b-8d54ab25a987:192.168.5.133:40626, eddcc57c-da79-40bf-a8f7-7b350fcd6b06:192.168.5.133:34322], old=null
2019-08-20 10:22:44,650 INFO  impl.RaftServerImpl (RaftServerImpl.java:setRole(171)) - eddcc57c-da79-40bf-a8f7-7b350fcd6b06:group-353371B88678 changes role from FOLLOWER to FOLLOWER at term 1 for recognizeCandidate:b2ac5990-f7ad-4521-bd7b-8d54ab25a987
2019-08-20 10:22:44,653 INFO  impl.RaftServerImpl (RaftServerImpl.java:setRole(171)) - c82cdedb-f905-4590-81cd-07d79d7d23dd:group-353371B88678 changes role from FOLLOWER to FOLLOWER at term 1 for recognizeCandidate:b2ac5990-f7ad-4521-bd7b-8d54ab25a987
2019-08-20 10:22:44,653 INFO  impl.RoleInfo (RoleInfo.java:shutdownFollowerState(121)) - eddcc57c-da79-40bf-a8f7-7b350fcd6b06: shutdown FollowerState
2019-08-20 10:22:44,653 INFO  impl.RoleInfo (RoleInfo.java:shutdownFollowerState(121)) - c82cdedb-f905-4590-81cd-07d79d7d23dd: shutdown FollowerState
2019-08-20 10:22:44,654 INFO  impl.RoleInfo (RoleInfo.java:updateAndGet(143)) - eddcc57c-da79-40bf-a8f7-7b350fcd6b06: start FollowerState
2019-08-20 10:22:44,654 INFO  impl.FollowerState (FollowerState.java:run(114)) - c82cdedb-f905-4590-81cd-07d79d7d23dd: FollowerState was interrupted: java.lang.InterruptedException: sleep interrupted
2019-08-20 10:22:44,654 INFO  impl.RoleInfo (RoleInfo.java:updateAndGet(143)) - c82cdedb-f905-4590-81cd-07d79d7d23dd: start FollowerState
2019-08-20 10:22:44,654 INFO  impl.FollowerState (FollowerState.java:run(114)) - eddcc57c-da79-40bf-a8f7-7b350fcd6b06: FollowerState was interrupted: java.lang.InterruptedException: sleep interrupted
2019-08-20 10:22:44,686 INFO  impl.LeaderElection (LeaderElection.java:logAndReturn(56)) - b2ac5990-f7ad-4521-bd7b-8d54ab25a987:group-353371B88678:LeaderElection71: Election PASSED; received 1 response(s) [b2ac5990-f7ad-4521-bd7b-8d54ab25a987<-c82cdedb-f905-4590-81cd-07d79d7d23dd#0:OK-t1] and 0 exception(s); b2ac5990-f7ad-4521-bd7b-8d54ab25a987:t1, leader=null, voted=b2ac5990-f7ad-4521-bd7b-8d54ab25a987, raftlog=b2ac5990-f7ad-4521-bd7b-8d54ab25a987-SegmentedRaftLog:OPENED:c-1,f-1,i0, conf=-1: [c82cdedb-f905-4590-81cd-07d79d7d23dd:192.168.5.133:45135, b2ac5990-f7ad-4521-bd7b-8d54ab25a987:192.168.5.133:40626, eddcc57c-da79-40bf-a8f7-7b350fcd6b06:192.168.5.133:34322], old=null
2019-08-20 10:22:44,686 INFO  impl.RoleInfo (RoleInfo.java:shutdownLeaderElection(134)) - b2ac5990-f7ad-4521-bd7b-8d54ab25a987: shutdown LeaderElection
2019-08-20 10:22:44,686 INFO  impl.RaftServerImpl (RaftServerImpl.java:setRole(171)) - b2ac5990-f7ad-4521-bd7b-8d54ab25a987:group-353371B88678 changes role from CANDIDATE to LEADER at term 1 for changeToLeader
2019-08-20 10:22:44,686 INFO  impl.RaftServerImpl (ServerState.java:setLeader(263)) - b2ac5990-f7ad-4521-bd7b-8d54ab25a987:group-353371B88678 change Leader from null to b2ac5990-f7ad-4521-bd7b-8d54ab25a987 at term 1 for becomeLeader, leader elected after 5075ms
2019-08-20 10:22:44,686 INFO  server.RaftServerConfigKeys (ConfUtils.java:logGet(43)) - raft.server.staging.catchup.gap = 1000 (default)
2019-08-20 10:22:44,687 INFO  server.RaftServerConfigKeys (ConfUtils.java:logGet(43)) - raft.server.rpc.sleep.time = 25ms (default)
2019-08-20 10:22:44,687 INFO  server.RaftServerConfigKeys (ConfUtils.java:logGet(43)) - raft.server.write.element-limit = 4096 (default)
2019-08-20 10:22:44,687 INFO  server.RaftServerConfigKeys (ConfUtils.java:logGet(43)) - raft.server.watch.timeout = 10s (default)
2019-08-20 10:22:44,687 INFO  server.RaftServerConfigKeys (ConfUtils.java:logGet(43)) - raft.server.watch.timeout.denomination = 1s (default)
2019-08-20 10:22:44,687 INFO  server.RaftServerConfigKeys (ConfUtils.java:logGet(43)) - raft.server.watch.element-limit = 65536 (default)
2019-08-20 10:22:44,688 INFO  server.RaftServerConfigKeys (ConfUtils.java:logGet(43)) - raft.server.log.appender.snapshot.chunk.size.max = 16MB (=16777216) (default)
2019-08-20 10:22:44,688 INFO  server.RaftServerConfigKeys (ConfUtils.java:logGet(43)) - raft.server.log.appender.buffer.byte-limit = 33554432 (custom)
2019-08-20 10:22:44,688 INFO  server.RaftServerConfigKeys (ConfUtils.java:logGet(43)) - raft.server.log.appender.buffer.element-limit = 1 (custom)
2019-08-20 10:22:44,688 INFO  grpc.GrpcConfigKeys$Server (ConfUtils.java:logGet(43)) - raft.grpc.server.leader.outstanding.appends.max = 128 (default)
2019-08-20 10:22:44,689 INFO  server.RaftServerConfigKeys (ConfUtils.java:logGet(43)) - raft.server.rpc.request.timeout = 3000ms (default)
2019-08-20 10:22:44,689 INFO  server.RaftServerConfigKeys (ConfUtils.java:logGet(43)) - raft.server.log.appender.install.snapshot.enabled = false (custom)
2019-08-20 10:22:44,689 INFO  server.RaftServerConfigKeys (ConfUtils.java:logGet(43)) - raft.server.log.appender.snapshot.chunk.size.max = 16MB (=16777216) (default)
2019-08-20 10:22:44,689 INFO  server.RaftServerConfigKeys (ConfUtils.java:logGet(43)) - raft.server.log.appender.buffer.byte-limit = 33554432 (custom)
2019-08-20 10:22:44,689 INFO  server.RaftServerConfigKeys (ConfUtils.java:logGet(43)) - raft.server.log.appender.buffer.element-limit = 1 (custom)
2019-08-20 10:22:44,690 INFO  grpc.GrpcConfigKeys$Server (ConfUtils.java:logGet(43)) - raft.grpc.server.leader.outstanding.appends.max = 128 (default)
2019-08-20 10:22:44,690 INFO  server.RaftServerConfigKeys (ConfUtils.java:logGet(43)) - raft.server.rpc.request.timeout = 3000ms (default)
2019-08-20 10:22:44,690 INFO  server.RaftServerConfigKeys (ConfUtils.java:logGet(43)) - raft.server.log.appender.install.snapshot.enabled = false (custom)
2019-08-20 10:22:44,690 INFO  impl.RoleInfo (RoleInfo.java:updateAndGet(143)) - b2ac5990-f7ad-4521-bd7b-8d54ab25a987: start LeaderState
2019-08-20 10:22:44,690 INFO  segmented.SegmentedRaftLogWorker (SegmentedRaftLogWorker.java:startLogSegment(380)) - b2ac5990-f7ad-4521-bd7b-8d54ab25a987-SegmentedRaftLogWorker:Storage Directory /workdir/hadoop-ozone/integration-test/target/test-dir/MiniOzoneClusterImpl-bb41d155-d46c-4d70-b443-e80a9547f56a/datanode-6/data/ratis/43b01dd9-e950-4d92-824f-353371b88678: Starting segment from index:0
2019-08-20 10:22:44,691 INFO  impl.RaftServerImpl (ServerState.java:setRaftConf(361)) - b2ac5990-f7ad-4521-bd7b-8d54ab25a987:group-353371B88678 set configuration 0: [c82cdedb-f905-4590-81cd-07d79d7d23dd:192.168.5.133:45135, b2ac5990-f7ad-4521-bd7b-8d54ab25a987:192.168.5.133:40626, eddcc57c-da79-40bf-a8f7-7b350fcd6b06:192.168.5.133:34322], old=null at 0
2019-08-20 10:22:44,734 INFO  impl.RaftServerImpl (ServerState.java:setLeader(263)) - c82cdedb-f905-4590-81cd-07d79d7d23dd:group-353371B88678 change Leader from null to b2ac5990-f7ad-4521-bd7b-8d54ab25a987 at term 1 for appendEntries, leader elected after 5122ms
2019-08-20 10:22:44,736 INFO  impl.RaftServerImpl (ServerState.java:setLeader(263)) - eddcc57c-da79-40bf-a8f7-7b350fcd6b06:group-353371B88678 change Leader from null to b2ac5990-f7ad-4521-bd7b-8d54ab25a987 at term 1 for appendEntries, leader elected after 5125ms
2019-08-20 10:22:44,739 INFO  impl.RaftServerImpl (ServerState.java:setRaftConf(361)) - c82cdedb-f905-4590-81cd-07d79d7d23dd:group-353371B88678 set configuration 0: [c82cdedb-f905-4590-81cd-07d79d7d23dd:192.168.5.133:45135, b2ac5990-f7ad-4521-bd7b-8d54ab25a987:192.168.5.133:40626, eddcc57c-da79-40bf-a8f7-7b350fcd6b06:192.168.5.133:34322], old=null at 0
2019-08-20 10:22:44,740 INFO  impl.RaftServerImpl (ServerState.java:setRaftConf(361)) - eddcc57c-da79-40bf-a8f7-7b350fcd6b06:group-353371B88678 set configuration 0: [c82cdedb-f905-4590-81cd-07d79d7d23dd:192.168.5.133:45135, b2ac5990-f7ad-4521-bd7b-8d54ab25a987:192.168.5.133:40626, eddcc57c-da79-40bf-a8f7-7b350fcd6b06:192.168.5.133:34322], old=null at 0
2019-08-20 10:22:44,740 INFO  segmented.SegmentedRaftLogWorker (SegmentedRaftLogWorker.java:startLogSegment(380)) - c82cdedb-f905-4590-81cd-07d79d7d23dd-SegmentedRaftLogWorker:Storage Directory /workdir/hadoop-ozone/integration-test/target/test-dir/MiniOzoneClusterImpl-bb41d155-d46c-4d70-b443-e80a9547f56a/datanode-3/data/ratis/43b01dd9-e950-4d92-824f-353371b88678: Starting segment from index:0
2019-08-20 10:22:44,740 INFO  segmented.SegmentedRaftLogWorker (SegmentedRaftLogWorker.java:startLogSegment(380)) - eddcc57c-da79-40bf-a8f7-7b350fcd6b06-SegmentedRaftLogWorker:Storage Directory /workdir/hadoop-ozone/integration-test/target/test-dir/MiniOzoneClusterImpl-bb41d155-d46c-4d70-b443-e80a9547f56a/datanode-4/data/ratis/43b01dd9-e950-4d92-824f-353371b88678: Starting segment from index:0
2019-08-20 10:22:44,746 INFO  segmented.SegmentedRaftLogWorker (SegmentedRaftLogWorker.java:execute(569)) - b2ac5990-f7ad-4521-bd7b-8d54ab25a987-SegmentedRaftLogWorker:Storage Directory /workdir/hadoop-ozone/integration-test/target/test-dir/MiniOzoneClusterImpl-bb41d155-d46c-4d70-b443-e80a9547f56a/datanode-6/data/ratis/43b01dd9-e950-4d92-824f-353371b88678: created new log segment /workdir/hadoop-ozone/integration-test/target/test-dir/MiniOzoneClusterImpl-bb41d155-d46c-4d70-b443-e80a9547f56a/datanode-6/data/ratis/43b01dd9-e950-4d92-824f-353371b88678/current/log_inprogress_0
2019-08-20 10:22:44,749 INFO  client.GrpcClientProtocolClient (GrpcClientProtocolClient.java:onNext(255)) - client-EC6CB08B5E1A->b2ac5990-f7ad-4521-bd7b-8d54ab25a987: receive RaftClientReply:client-EC6CB08B5E1A->b2ac5990-f7ad-4521-bd7b-8d54ab25a987@group-353371B88678, cid=204, FAILED org.apache.ratis.protocol.LeaderNotReadyException: b2ac5990-f7ad-4521-bd7b-8d54ab25a987 is in LEADER state but not ready yet., logIndex=0, commits[b2ac5990-f7ad-4521-bd7b-8d54ab25a987:c-1, c82cdedb-f905-4590-81cd-07d79d7d23dd:c-1, eddcc57c-da79-40bf-a8f7-7b350fcd6b06:c-1]
2019-08-20 10:22:44,774 INFO  segmented.SegmentedRaftLogWorker (SegmentedRaftLogWorker.java:execute(569)) - eddcc57c-da79-40bf-a8f7-7b350fcd6b06-SegmentedRaftLogWorker:Storage Directory /workdir/hadoop-ozone/integration-test/target/test-dir/MiniOzoneClusterImpl-bb41d155-d46c-4d70-b443-e80a9547f56a/datanode-4/data/ratis/43b01dd9-e950-4d92-824f-353371b88678: created new log segment /workdir/hadoop-ozone/integration-test/target/test-dir/MiniOzoneClusterImpl-bb41d155-d46c-4d70-b443-e80a9547f56a/datanode-4/data/ratis/43b01dd9-e950-4d92-824f-353371b88678/current/log_inprogress_0
2019-08-20 10:22:44,774 INFO  segmented.SegmentedRaftLogWorker (SegmentedRaftLogWorker.java:execute(569)) - c82cdedb-f905-4590-81cd-07d79d7d23dd-SegmentedRaftLogWorker:Storage Directory /workdir/hadoop-ozone/integration-test/target/test-dir/MiniOzoneClusterImpl-bb41d155-d46c-4d70-b443-e80a9547f56a/datanode-3/data/ratis/43b01dd9-e950-4d92-824f-353371b88678: created new log segment /workdir/hadoop-ozone/integration-test/target/test-dir/MiniOzoneClusterImpl-bb41d155-d46c-4d70-b443-e80a9547f56a/datanode-3/data/ratis/43b01dd9-e950-4d92-824f-353371b88678/current/log_inprogress_0
2019-08-20 10:22:46,594 WARN  server.GrpcLogAppender (LogUtils.java:warn(134)) - eddcc57c-da79-40bf-a8f7-7b350fcd6b06->a2f98dcb-8e27-4a64-b63e-4873f01bbb94: Failed appendEntries: org.apache.ratis.thirdparty.io.grpc.StatusRuntimeException: UNAVAILABLE: io exception
2019-08-20 10:22:46,595 INFO  impl.FollowerInfo (FollowerInfo.java:lambda$new$0(50)) - eddcc57c-da79-40bf-a8f7-7b350fcd6b06->a2f98dcb-8e27-4a64-b63e-4873f01bbb94: nextIndex: updateUnconditionally 0 -> 0
2019-08-20 10:22:46,948 INFO  client.GrpcClientProtocolClient (GrpcClientProtocolClient.java:onNext(255)) - client-EC6CB08B5E1A->b2ac5990-f7ad-4521-bd7b-8d54ab25a987: receive RaftClientReply:client-EC6CB08B5E1A->b2ac5990-f7ad-4521-bd7b-8d54ab25a987@group-353371B88678, cid=204, SUCCESS, logIndex=1, commits[b2ac5990-f7ad-4521-bd7b-8d54ab25a987:c1, c82cdedb-f905-4590-81cd-07d79d7d23dd:c0, eddcc57c-da79-40bf-a8f7-7b350fcd6b06:c0]
2019-08-20 10:22:46,993 INFO  client.GrpcClientProtocolClient (GrpcClientProtocolClient.java:onNext(255)) - client-EC6CB08B5E1A->b2ac5990-f7ad-4521-bd7b-8d54ab25a987: receive RaftClientReply:client-EC6CB08B5E1A->b2ac5990-f7ad-4521-bd7b-8d54ab25a987@group-353371B88678, cid=205, SUCCESS, logIndex=3, commits[b2ac5990-f7ad-4521-bd7b-8d54ab25a987:c4, c82cdedb-f905-4590-81cd-07d79d7d23dd:c3, eddcc57c-da79-40bf-a8f7-7b350fcd6b06:c3]
2019-08-20 10:22:46,995 INFO  ozone.MiniOzoneClusterImpl (MiniOzoneClusterImpl.java:shutdown(321)) - Shutting down the Mini Ozone Cluster
2019-08-20 10:22:46,995 INFO  ozone.MiniOzoneClusterImpl (MiniOzoneClusterImpl.java:stop(336)) - Stopping the Mini Ozone Cluster
2019-08-20 10:22:46,995 INFO  ozone.MiniOzoneClusterImpl (MiniOzoneClusterImpl.java:stop(338)) - Stopping the OzoneManager
2019-08-20 10:22:46,995 INFO  ipc.Server (Server.java:stop(3082)) - Stopping server on 39544
2019-08-20 10:22:47,012 INFO  ipc.Server (Server.java:run(1185)) - Stopping IPC Server listener on 39544
2019-08-20 10:22:47,022 INFO  ratis.OzoneManagerDoubleBuffer (OzoneManagerDoubleBuffer.java:stop(248)) - Stopping OMDoubleBuffer flush thread
2019-08-20 10:22:47,029 INFO  ipc.Server (Server.java:run(1319)) - Stopping IPC Server Responder
2019-08-20 10:22:47,030 INFO  ratis.OzoneManagerDoubleBuffer (OzoneManagerDoubleBuffer.java:flushTransactions(191)) - OMDoubleBuffer flush thread OMDoubleBufferFlushThread is interrupted and will exit. OMDoubleBufferFlushThread
2019-08-20 10:22:47,030 INFO  utils.BackgroundService (BackgroundService.java:shutdown(148)) - Shutting down service KeyDeletingService
2019-08-20 10:22:47,031 INFO  handler.ContextHandler (ContextHandler.java:doStop(910)) - Stopped o.e.j.w.WebAppContext@7ae97a58{/,null,UNAVAILABLE}{/ozoneManager}
2019-08-20 10:22:47,032 INFO  server.AbstractConnector (AbstractConnector.java:doStop(318)) - Stopped ServerConnector@6a4f15bc{HTTP/1.1,[http/1.1]}{0.0.0.0:0}
2019-08-20 10:22:47,032 INFO  handler.ContextHandler (ContextHandler.java:doStop(910)) - Stopped o.e.j.s.ServletContextHandler@2561d61{/static,file:///workdir/hadoop-ozone/integration-test/target/test-classes/webapps/static,UNAVAILABLE}
2019-08-20 10:22:47,033 INFO  handler.ContextHandler (ContextHandler.java:doStop(910)) - Stopped o.e.j.s.ServletContextHandler@299f9a81{/logs,file:///workdir/hadoop-ozone/integration-test/target/log,UNAVAILABLE}
2019-08-20 10:22:47,035 INFO  ozone.MiniOzoneClusterImpl (MiniOzoneClusterImpl.java:stop(344)) - Shutting the HddsDatanodes
2019-08-20 10:22:47,036 INFO  datanode.ObjectStoreHandler (ObjectStoreHandler.java:close(155)) - Closing ObjectStoreHandler.
2019-08-20 10:22:47,036 INFO  datanode.ObjectStoreHandler (ObjectStoreHandler.java:close(155)) - Closing ObjectStoreHandler.
2019-08-20 10:22:47,036 INFO  ozone.HddsDatanodeService (HddsDatanodeService.java:stop(451)) - Stopped plug-in org.apache.hadoop.ozone.web.OzoneHddsDatanodeService@597f2d3f
2019-08-20 10:22:47,036 INFO  ozone.HddsDatanodeService (HddsDatanodeService.java:stop(451)) - Stopped plug-in org.apache.hadoop.ozone.web.OzoneHddsDatanodeService@7b1a9ab3
2019-08-20 10:22:47,280 INFO  statemachine.DatanodeStateMachine (DatanodeStateMachine.java:lambda$startDaemon$0(350)) - Ozone container server started.
2019-08-20 10:22:47,933 INFO  statemachine.DatanodeStateMachine (DatanodeStateMachine.java:lambda$startDaemon$0(350)) - Ozone container server started.
2019-08-20 10:22:49,095 WARN  server.GrpcLogAppender (LogUtils.java:warn(134)) - eddcc57c-da79-40bf-a8f7-7b350fcd6b06->a2f98dcb-8e27-4a64-b63e-4873f01bbb94: Failed appendEntries: org.apache.ratis.thirdparty.io.grpc.StatusRuntimeException: UNAVAILABLE: io exception
2019-08-20 10:22:49,096 INFO  impl.FollowerInfo (FollowerInfo.java:lambda$new$0(50)) - eddcc57c-da79-40bf-a8f7-7b350fcd6b06->a2f98dcb-8e27-4a64-b63e-4873f01bbb94: nextIndex: updateUnconditionally 0 -> 0
2019-08-20 10:22:51,284 INFO  node.StaleNodeHandler (StaleNodeHandler.java:onMessage(58)) - Datanode 3d9010da-9b0a-4e14-9571-cee7193e93f5{ip: 192.168.5.133, host: pr-hdds-1054s69ht-3886455778, networkLocation: /default-rack, certSerialId: null} moved to stale state. Finalizing its pipelines [PipelineID=163eeb4c-c33a-44cf-bf2d-c805b0baee89, PipelineID=8719a123-c0d3-44ff-87f1-37608daa6d43]
2019-08-20 10:22:51,284 INFO  pipeline.SCMPipelineManager (SCMPipelineManager.java:finalizeAndDestroyPipeline(309)) - destroying pipeline:Pipeline[ Id: 163eeb4c-c33a-44cf-bf2d-c805b0baee89, Nodes: 3d9010da-9b0a-4e14-9571-cee7193e93f5{ip: 192.168.5.133, host: pr-hdds-1054s69ht-3886455778, networkLocation: /default-rack, certSerialId: null}, Type:RATIS, Factor:ONE, State:OPEN]
2019-08-20 10:22:51,284 INFO  pipeline.PipelineStateManager (PipelineStateManager.java:finalizePipeline(123)) - Pipeline Pipeline[ Id: 163eeb4c-c33a-44cf-bf2d-c805b0baee89, Nodes: 3d9010da-9b0a-4e14-9571-cee7193e93f5{ip: 192.168.5.133, host: pr-hdds-1054s69ht-3886455778, networkLocation: /default-rack, certSerialId: null}, Type:RATIS, Factor:ONE, State:CLOSED] moved to CLOSED state
2019-08-20 10:22:51,284 INFO  pipeline.SCMPipelineManager (SCMPipelineManager.java:finalizeAndDestroyPipeline(309)) - destroying pipeline:Pipeline[ Id: 8719a123-c0d3-44ff-87f1-37608daa6d43, Nodes: 1d8252e2-7ee6-4584-bcee-e901b160468a{ip: 192.168.5.133, host: pr-hdds-1054s69ht-3886455778, networkLocation: /default-rack, certSerialId: null}3d9010da-9b0a-4e14-9571-cee7193e93f5{ip: 192.168.5.133, host: pr-hdds-1054s69ht-3886455778, networkLocation: /default-rack, certSerialId: null}b05059df-7997-4957-9fd0-0ea4223a0acd{ip: 192.168.5.133, host: pr-hdds-1054s69ht-3886455778, networkLocation: /default-rack, certSerialId: null}, Type:RATIS, Factor:THREE, State:OPEN]
2019-08-20 10:22:51,284 INFO  pipeline.PipelineStateManager (PipelineStateManager.java:finalizePipeline(123)) - Pipeline Pipeline[ Id: 8719a123-c0d3-44ff-87f1-37608daa6d43, Nodes: 1d8252e2-7ee6-4584-bcee-e901b160468a{ip: 192.168.5.133, host: pr-hdds-1054s69ht-3886455778, networkLocation: /default-rack, certSerialId: null}3d9010da-9b0a-4e14-9571-cee7193e93f5{ip: 192.168.5.133, host: pr-hdds-1054s69ht-3886455778, networkLocation: /default-rack, certSerialId: null}b05059df-7997-4957-9fd0-0ea4223a0acd{ip: 192.168.5.133, host: pr-hdds-1054s69ht-3886455778, networkLocation: /default-rack, certSerialId: null}, Type:RATIS, Factor:THREE, State:CLOSED] moved to CLOSED state
2019-08-20 10:22:51,285 INFO  container.CloseContainerEventHandler (CloseContainerEventHandler.java:onMessage(61)) - Close container Event triggered for container : #2
2019-08-20 10:22:51,596 WARN  server.GrpcLogAppender (LogUtils.java:warn(134)) - eddcc57c-da79-40bf-a8f7-7b350fcd6b06->a2f98dcb-8e27-4a64-b63e-4873f01bbb94: Failed appendEntries: org.apache.ratis.thirdparty.io.grpc.StatusRuntimeException: UNAVAILABLE: io exception
2019-08-20 10:22:51,596 INFO  impl.FollowerInfo (FollowerInfo.java:lambda$new$0(50)) - eddcc57c-da79-40bf-a8f7-7b350fcd6b06->a2f98dcb-8e27-4a64-b63e-4873f01bbb94: nextIndex: updateUnconditionally 0 -> 0
2019-08-20 10:22:51,984 INFO  node.StaleNodeHandler (StaleNodeHandler.java:onMessage(58)) - Datanode eddcc57c-da79-40bf-a8f7-7b350fcd6b06{ip: 192.168.5.133, host: pr-hdds-1054s69ht-3886455778, networkLocation: /default-rack, certSerialId: null} moved to stale state. Finalizing its pipelines [PipelineID=bae2db77-b8b4-4514-bf05-9ea0e01c8c3b, PipelineID=43b01dd9-e950-4d92-824f-353371b88678, PipelineID=26d244ce-741d-4553-b6fe-4749dbb6e38b]
2019-08-20 10:22:51,985 INFO  pipeline.SCMPipelineManager (SCMPipelineManager.java:finalizeAndDestroyPipeline(309)) - destroying pipeline:Pipeline[ Id: bae2db77-b8b4-4514-bf05-9ea0e01c8c3b, Nodes: a2f98dcb-8e27-4a64-b63e-4873f01bbb94{ip: 192.168.5.133, host: pr-hdds-1054s69ht-3886455778, networkLocation: /default-rack, certSerialId: null}c82cdedb-f905-4590-81cd-07d79d7d23dd{ip: 192.168.5.133, host: pr-hdds-1054s69ht-3886455778, networkLocation: /default-rack, certSerialId: null}eddcc57c-da79-40bf-a8f7-7b350fcd6b06{ip: 192.168.5.133, host: pr-hdds-1054s69ht-3886455778, networkLocation: /default-rack, certSerialId: null}, Type:RATIS, Factor:THREE, State:CLOSED]
2019-08-20 10:22:51,985 INFO  pipeline.SCMPipelineManager (SCMPipelineManager.java:finalizeAndDestroyPipeline(309)) - destroying pipeline:Pipeline[ Id: 43b01dd9-e950-4d92-824f-353371b88678, Nodes: c82cdedb-f905-4590-81cd-07d79d7d23dd{ip: 192.168.5.133, host: pr-hdds-1054s69ht-3886455778, networkLocation: /default-rack, certSerialId: null}b2ac5990-f7ad-4521-bd7b-8d54ab25a987{ip: 192.168.5.133, host: pr-hdds-1054s69ht-3886455778, networkLocation: /default-rack, certSerialId: null}eddcc57c-da79-40bf-a8f7-7b350fcd6b06{ip: 192.168.5.133, host: pr-hdds-1054s69ht-3886455778, networkLocation: /default-rack, certSerialId: null}, Type:RATIS, Factor:THREE, State:OPEN]
2019-08-20 10:22:51,985 INFO  pipeline.PipelineStateManager (PipelineStateManager.java:finalizePipeline(123)) - Pipeline Pipeline[ Id: 43b01dd9-e950-4d92-824f-353371b88678, Nodes: c82cdedb-f905-4590-81cd-07d79d7d23dd{ip: 192.168.5.133, host: pr-hdds-1054s69ht-3886455778, networkLocation: /default-rack, certSerialId: null}b2ac5990-f7ad-4521-bd7b-8d54ab25a987{ip: 192.168.5.133, host: pr-hdds-1054s69ht-3886455778, networkLocation: /default-rack, certSerialId: null}eddcc57c-da79-40bf-a8f7-7b350fcd6b06{ip: 192.168.5.133, host: pr-hdds-1054s69ht-3886455778, networkLocation: /default-rack, certSerialId: null}, Type:RATIS, Factor:THREE, State:CLOSED] moved to CLOSED state
2019-08-20 10:22:51,985 INFO  container.CloseContainerEventHandler (CloseContainerEventHandler.java:onMessage(61)) - Close container Event triggered for container : #3
2019-08-20 10:22:51,985 INFO  pipeline.SCMPipelineManager (SCMPipelineManager.java:finalizeAndDestroyPipeline(309)) - destroying pipeline:Pipeline[ Id: 26d244ce-741d-4553-b6fe-4749dbb6e38b, Nodes: eddcc57c-da79-40bf-a8f7-7b350fcd6b06{ip: 192.168.5.133, host: pr-hdds-1054s69ht-3886455778, networkLocation: /default-rack, certSerialId: null}, Type:RATIS, Factor:ONE, State:OPEN]
2019-08-20 10:22:51,986 INFO  pipeline.PipelineStateManager (PipelineStateManager.java:finalizePipeline(123)) - Pipeline Pipeline[ Id: 26d244ce-741d-4553-b6fe-4749dbb6e38b, Nodes: eddcc57c-da79-40bf-a8f7-7b350fcd6b06{ip: 192.168.5.133, host: pr-hdds-1054s69ht-3886455778, networkLocation: /default-rack, certSerialId: null}, Type:RATIS, Factor:ONE, State:CLOSED] moved to CLOSED state
2019-08-20 10:22:52,037 INFO  ozoneimpl.OzoneContainer (OzoneContainer.java:stop(199)) - Attempting to stop container services.
2019-08-20 10:22:52,037 INFO  ozoneimpl.OzoneContainer (OzoneContainer.java:stop(199)) - Attempting to stop container services.
2019-08-20 10:22:52,038 INFO  impl.RaftServerProxy (RaftServerProxy.java:lambda$close$4(314)) - eddcc57c-da79-40bf-a8f7-7b350fcd6b06: close
2019-08-20 10:22:52,038 INFO  impl.RaftServerProxy (RaftServerProxy.java:lambda$close$4(314)) - 3d9010da-9b0a-4e14-9571-cee7193e93f5: close
2019-08-20 10:22:52,038 INFO  impl.RaftServerImpl (RaftServerImpl.java:lambda$shutdown$3(245)) - eddcc57c-da79-40bf-a8f7-7b350fcd6b06: shutdown group-9EA0E01C8C3B
2019-08-20 10:22:52,038 INFO  impl.RaftServerImpl (RaftServerImpl.java:lambda$shutdown$3(245)) - 3d9010da-9b0a-4e14-9571-cee7193e93f5: shutdown group-C805B0BAEE89
2019-08-20 10:22:52,039 INFO  util.JmxRegister (JmxRegister.java:unregister(73)) - Successfully un-registered JMX Bean with object name Ratis:service=RaftServer,group=group-9EA0E01C8C3B,id=eddcc57c-da79-40bf-a8f7-7b350fcd6b06
2019-08-20 10:22:52,039 INFO  util.JmxRegister (JmxRegister.java:unregister(73)) - Successfully un-registered JMX Bean with object name Ratis:service=RaftServer,group=group-C805B0BAEE89,id=3d9010da-9b0a-4e14-9571-cee7193e93f5
2019-08-20 10:22:52,039 INFO  impl.RoleInfo (RoleInfo.java:shutdownLeaderState(104)) - eddcc57c-da79-40bf-a8f7-7b350fcd6b06: shutdown LeaderState
2019-08-20 10:22:52,039 INFO  impl.RoleInfo (RoleInfo.java:shutdownLeaderState(104)) - 3d9010da-9b0a-4e14-9571-cee7193e93f5: shutdown LeaderState
2019-08-20 10:22:52,044 WARN  server.GrpcLogAppender (GrpcLogAppender.java:mayWait(143)) - GrpcLogAppender(eddcc57c-da79-40bf-a8f7-7b350fcd6b06->c82cdedb-f905-4590-81cd-07d79d7d23dd): Wait interrupted by java.lang.InterruptedException
2019-08-20 10:22:52,044 WARN  server.GrpcLogAppender (GrpcLogAppender.java:mayWait(143)) - GrpcLogAppender(eddcc57c-da79-40bf-a8f7-7b350fcd6b06->a2f98dcb-8e27-4a64-b63e-4873f01bbb94): Wait interrupted by java.lang.InterruptedException
2019-08-20 10:22:52,044 INFO  impl.PendingRequests (PendingRequests.java:sendNotLeaderResponses(202)) - eddcc57c-da79-40bf-a8f7-7b350fcd6b06-PendingRequests: sendNotLeaderResponses
2019-08-20 10:22:52,045 INFO  server.GrpcServerProtocolService (GrpcServerProtocolService.java:onCompleted(104)) - c82cdedb-f905-4590-81cd-07d79d7d23dd: appendEntries completed
2019-08-20 10:22:52,044 INFO  impl.PendingRequests (PendingRequests.java:sendNotLeaderResponses(202)) - 3d9010da-9b0a-4e14-9571-cee7193e93f5-PendingRequests: sendNotLeaderResponses
2019-08-20 10:22:52,047 INFO  server.GrpcLogAppender (GrpcLogAppender.java:onCompleted(292)) - eddcc57c-da79-40bf-a8f7-7b350fcd6b06->c82cdedb-f905-4590-81cd-07d79d7d23dd: follower responses appendEntries COMPLETED
2019-08-20 10:22:52,047 INFO  ratis.ContainerStateMachine (ContainerStateMachine.java:takeSnapshot(271)) - group-9EA0E01C8C3B: Taking a snapshot at:(t:1, i:14) file /workdir/hadoop-ozone/integration-test/target/test-dir/MiniOzoneClusterImpl-bb41d155-d46c-4d70-b443-e80a9547f56a/datanode-4/data/ratis/bae2db77-b8b4-4514-bf05-9ea0e01c8c3b/sm/snapshot.1_14
2019-08-20 10:22:52,047 INFO  impl.StateMachineUpdater (StateMachineUpdater.java:stopAndJoin(115)) - StateMachineUpdater:eddcc57c-da79-40bf-a8f7-7b350fcd6b06:group-9EA0E01C8C3B: set stopIndex = 18
2019-08-20 10:22:52,048 INFO  impl.FollowerInfo (FollowerInfo.java:lambda$new$0(50)) - eddcc57c-da79-40bf-a8f7-7b350fcd6b06->c82cdedb-f905-4590-81cd-07d79d7d23dd: nextIndex: updateUnconditionally 19 -> 18
2019-08-20 10:22:52,047 INFO  impl.StateMachineUpdater (StateMachineUpdater.java:stopAndJoin(115)) - StateMachineUpdater:3d9010da-9b0a-4e14-9571-cee7193e93f5:group-C805B0BAEE89: set stopIndex = 0
2019-08-20 10:22:52,048 INFO  impl.RaftServerImpl (ServerState.java:close(394)) - 3d9010da-9b0a-4e14-9571-cee7193e93f5:group-C805B0BAEE89 closes. The last applied log index is 0
2019-08-20 10:22:52,049 INFO  segmented.SegmentedRaftLogWorker (SegmentedRaftLogWorker.java:run(313)) - 3d9010da-9b0a-4e14-9571-cee7193e93f5-SegmentedRaftLogWorker:Storage Directory /workdir/hadoop-ozone/integration-test/target/test-dir/MiniOzoneClusterImpl-bb41d155-d46c-4d70-b443-e80a9547f56a/datanode-1/data/ratis/163eeb4c-c33a-44cf-bf2d-c805b0baee89 was interrupted, exiting. There are 0 tasks remaining in the queue.
2019-08-20 10:22:52,051 INFO  segmented.SegmentedRaftLogWorker (SegmentedRaftLogWorker.java:close(228)) - 3d9010da-9b0a-4e14-9571-cee7193e93f5-SegmentedRaftLogWorker:Storage Directory /workdir/hadoop-ozone/integration-test/target/test-dir/MiniOzoneClusterImpl-bb41d155-d46c-4d70-b443-e80a9547f56a/datanode-1/data/ratis/163eeb4c-c33a-44cf-bf2d-c805b0baee89 close()
2019-08-20 10:22:52,054 INFO  impl.RaftServerImpl (RaftServerImpl.java:lambda$shutdown$3(245)) - 3d9010da-9b0a-4e14-9571-cee7193e93f5: shutdown group-37608DAA6D43
2019-08-20 10:22:52,055 INFO  util.JmxRegister (JmxRegister.java:unregister(73)) - Successfully un-registered JMX Bean with object name Ratis:service=RaftServer,group=group-37608DAA6D43,id=3d9010da-9b0a-4e14-9571-cee7193e93f5
2019-08-20 10:22:52,055 INFO  impl.RoleInfo (RoleInfo.java:shutdownFollowerState(121)) - 3d9010da-9b0a-4e14-9571-cee7193e93f5: shutdown FollowerState
2019-08-20 10:22:52,055 INFO  impl.StateMachineUpdater (StateMachineUpdater.java:stopAndJoin(115)) - StateMachineUpdater:3d9010da-9b0a-4e14-9571-cee7193e93f5:group-37608DAA6D43: set stopIndex = 15
2019-08-20 10:22:52,055 INFO  impl.FollowerState (FollowerState.java:run(114)) - 3d9010da-9b0a-4e14-9571-cee7193e93f5: FollowerState was interrupted: java.lang.InterruptedException: sleep interrupted
2019-08-20 10:22:52,055 INFO  ratis.ContainerStateMachine (ContainerStateMachine.java:takeSnapshot(271)) - group-37608DAA6D43: Taking a snapshot at:(t:1, i:15) file /workdir/hadoop-ozone/integration-test/target/test-dir/MiniOzoneClusterImpl-bb41d155-d46c-4d70-b443-e80a9547f56a/datanode-1/data/ratis/8719a123-c0d3-44ff-87f1-37608daa6d43/sm/snapshot.1_15
2019-08-20 10:22:52,073 INFO  ratis.ContainerStateMachine (ContainerStateMachine.java:takeSnapshot(282)) - group-37608DAA6D43: Finished taking a snapshot at:(t:1, i:15) file:/workdir/hadoop-ozone/integration-test/target/test-dir/MiniOzoneClusterImpl-bb41d155-d46c-4d70-b443-e80a9547f56a/datanode-1/data/ratis/8719a123-c0d3-44ff-87f1-37608daa6d43/sm/snapshot.1_15 time:18
2019-08-20 10:22:52,073 INFO  impl.StateMachineUpdater (StateMachineUpdater.java:takeSnapshot(242)) - StateMachineUpdater:3d9010da-9b0a-4e14-9571-cee7193e93f5:group-37608DAA6D43: Took a snapshot at index 15
2019-08-20 10:22:52,073 INFO  ratis.ContainerStateMachine (ContainerStateMachine.java:takeSnapshot(282)) - group-9EA0E01C8C3B: Finished taking a snapshot at:(t:1, i:14) file:/workdir/hadoop-ozone/integration-test/target/test-dir/MiniOzoneClusterImpl-bb41d155-d46c-4d70-b443-e80a9547f56a/datanode-4/data/ratis/bae2db77-b8b4-4514-bf05-9ea0e01c8c3b/sm/snapshot.1_14 time:26
2019-08-20 10:22:52,073 INFO  impl.StateMachineUpdater (StateMachineUpdater.java:lambda$new$0(80)) - StateMachineUpdater:3d9010da-9b0a-4e14-9571-cee7193e93f5:group-37608DAA6D43: snapshotIndex: updateIncreasingly -1 -> 15
2019-08-20 10:22:52,073 INFO  impl.StateMachineUpdater (StateMachineUpdater.java:takeSnapshot(242)) - StateMachineUpdater:eddcc57c-da79-40bf-a8f7-7b350fcd6b06:group-9EA0E01C8C3B: Took a snapshot at index 14
2019-08-20 10:22:52,074 INFO  impl.StateMachineUpdater (StateMachineUpdater.java:lambda$new$0(80)) - StateMachineUpdater:eddcc57c-da79-40bf-a8f7-7b350fcd6b06:group-9EA0E01C8C3B: snapshotIndex: updateIncreasingly -1 -> 14
2019-08-20 10:22:52,074 INFO  impl.RaftServerImpl (ServerState.java:close(394)) - 3d9010da-9b0a-4e14-9571-cee7193e93f5:group-37608DAA6D43 closes. The last applied log index is 15
2019-08-20 10:22:52,074 INFO  impl.RaftServerImpl (ServerState.java:close(394)) - eddcc57c-da79-40bf-a8f7-7b350fcd6b06:group-9EA0E01C8C3B closes. The last applied log index is 18
2019-08-20 10:22:52,074 INFO  segmented.SegmentedRaftLogWorker (SegmentedRaftLogWorker.java:run(313)) - 3d9010da-9b0a-4e14-9571-cee7193e93f5-SegmentedRaftLogWorker:Storage Directory /workdir/hadoop-ozone/integration-test/target/test-dir/MiniOzoneClusterImpl-bb41d155-d46c-4d70-b443-e80a9547f56a/datanode-1/data/ratis/8719a123-c0d3-44ff-87f1-37608daa6d43 was interrupted, exiting. There are 0 tasks remaining in the queue.
2019-08-20 10:22:52,077 INFO  segmented.SegmentedRaftLogWorker (SegmentedRaftLogWorker.java:run(313)) - eddcc57c-da79-40bf-a8f7-7b350fcd6b06-SegmentedRaftLogWorker:Storage Directory /workdir/hadoop-ozone/integration-test/target/test-dir/MiniOzoneClusterImpl-bb41d155-d46c-4d70-b443-e80a9547f56a/datanode-4/data/ratis/bae2db77-b8b4-4514-bf05-9ea0e01c8c3b was interrupted, exiting. There are 0 tasks remaining in the queue.
2019-08-20 10:22:52,077 INFO  segmented.SegmentedRaftLogWorker (SegmentedRaftLogWorker.java:close(228)) - 3d9010da-9b0a-4e14-9571-cee7193e93f5-SegmentedRaftLogWorker:Storage Directory /workdir/hadoop-ozone/integration-test/target/test-dir/MiniOzoneClusterImpl-bb41d155-d46c-4d70-b443-e80a9547f56a/datanode-1/data/ratis/8719a123-c0d3-44ff-87f1-37608daa6d43 close()
2019-08-20 10:22:52,079 INFO  segmented.SegmentedRaftLogWorker (SegmentedRaftLogWorker.java:close(228)) - eddcc57c-da79-40bf-a8f7-7b350fcd6b06-SegmentedRaftLogWorker:Storage Directory /workdir/hadoop-ozone/integration-test/target/test-dir/MiniOzoneClusterImpl-bb41d155-d46c-4d70-b443-e80a9547f56a/datanode-4/data/ratis/bae2db77-b8b4-4514-bf05-9ea0e01c8c3b close()
2019-08-20 10:22:52,082 INFO  server.GrpcService (GrpcService.java:closeImpl(155)) - 3d9010da-9b0a-4e14-9571-cee7193e93f5: shutdown server with port 43752 now
2019-08-20 10:22:52,087 INFO  impl.RaftServerImpl (RaftServerImpl.java:lambda$shutdown$3(245)) - eddcc57c-da79-40bf-a8f7-7b350fcd6b06: shutdown group-353371B88678
2019-08-20 10:22:52,087 INFO  util.JmxRegister (JmxRegister.java:unregister(73)) - Successfully un-registered JMX Bean with object name Ratis:service=RaftServer,group=group-353371B88678,id=eddcc57c-da79-40bf-a8f7-7b350fcd6b06
2019-08-20 10:22:52,088 INFO  server.GrpcService (GrpcService.java:closeImpl(163)) - 3d9010da-9b0a-4e14-9571-cee7193e93f5: shutdown server with port 43752 successfully
2019-08-20 10:22:52,087 WARN  server.GrpcServerProtocolService (LogUtils.java:warn(134)) - 3d9010da-9b0a-4e14-9571-cee7193e93f5: appendEntries onError: org.apache.ratis.thirdparty.io.grpc.StatusRuntimeException: CANCELLED: cancelled before receiving half close
2019-08-20 10:22:52,088 WARN  server.GrpcLogAppender (LogUtils.java:warn(134)) - 1d8252e2-7ee6-4584-bcee-e901b160468a->3d9010da-9b0a-4e14-9571-cee7193e93f5: Failed appendEntries: org.apache.ratis.thirdparty.io.grpc.StatusRuntimeException: CANCELLED: HTTP/2 error code: CANCEL
Received Rst Stream
2019-08-20 10:22:52,088 INFO  impl.RoleInfo (RoleInfo.java:shutdownFollowerState(121)) - eddcc57c-da79-40bf-a8f7-7b350fcd6b06: shutdown FollowerState
2019-08-20 10:22:52,090 INFO  impl.FollowerInfo (FollowerInfo.java:lambda$new$0(50)) - 1d8252e2-7ee6-4584-bcee-e901b160468a->3d9010da-9b0a-4e14-9571-cee7193e93f5: nextIndex: updateUnconditionally 16 -> 15
2019-08-20 10:22:52,090 INFO  ratis.ContainerStateMachine (ContainerStateMachine.java:takeSnapshot(271)) - group-353371B88678: Taking a snapshot at:(t:1, i:3) file /workdir/hadoop-ozone/integration-test/target/test-dir/MiniOzoneClusterImpl-bb41d155-d46c-4d70-b443-e80a9547f56a/datanode-4/data/ratis/43b01dd9-e950-4d92-824f-353371b88678/sm/snapshot.1_3
2019-08-20 10:22:52,090 INFO  impl.StateMachineUpdater (StateMachineUpdater.java:stopAndJoin(115)) - StateMachineUpdater:eddcc57c-da79-40bf-a8f7-7b350fcd6b06:group-353371B88678: set stopIndex = 4
2019-08-20 10:22:52,090 INFO  impl.FollowerState (FollowerState.java:run(114)) - eddcc57c-da79-40bf-a8f7-7b350fcd6b06: FollowerState was interrupted: java.lang.InterruptedException: sleep interrupted
2019-08-20 10:22:52,093 INFO  utils.BackgroundService (BackgroundService.java:shutdown(148)) - Shutting down service BlockDeletingService
2019-08-20 10:22:52,098 WARN  fs.CachingGetSpaceUsed (CachingGetSpaceUsed.java:run(183)) - Thread Interrupted waiting to refresh disk information: sleep interrupted
2019-08-20 10:22:52,115 INFO  ratis.ContainerStateMachine (ContainerStateMachine.java:takeSnapshot(282)) - group-353371B88678: Finished taking a snapshot at:(t:1, i:3) file:/workdir/hadoop-ozone/integration-test/target/test-dir/MiniOzoneClusterImpl-bb41d155-d46c-4d70-b443-e80a9547f56a/datanode-4/data/ratis/43b01dd9-e950-4d92-824f-353371b88678/sm/snapshot.1_3 time:25
2019-08-20 10:22:52,115 INFO  impl.StateMachineUpdater (StateMachineUpdater.java:takeSnapshot(242)) - StateMachineUpdater:eddcc57c-da79-40bf-a8f7-7b350fcd6b06:group-353371B88678: Took a snapshot at index 3
2019-08-20 10:22:52,117 INFO  statemachine.DatanodeStateMachine (DatanodeStateMachine.java:stopDaemon(395)) - Ozone container server stopped.
2019-08-20 10:22:52,117 INFO  impl.StateMachineUpdater (StateMachineUpdater.java:lambda$new$0(80)) - StateMachineUpdater:eddcc57c-da79-40bf-a8f7-7b350fcd6b06:group-353371B88678: snapshotIndex: updateIncreasingly -1 -> 3
2019-08-20 10:22:52,120 INFO  impl.RaftServerImpl (ServerState.java:close(394)) - eddcc57c-da79-40bf-a8f7-7b350fcd6b06:group-353371B88678 closes. The last applied log index is 4
2019-08-20 10:22:52,122 INFO  segmented.SegmentedRaftLogWorker (SegmentedRaftLogWorker.java:run(313)) - eddcc57c-da79-40bf-a8f7-7b350fcd6b06-SegmentedRaftLogWorker:Storage Directory /workdir/hadoop-ozone/integration-test/target/test-dir/MiniOzoneClusterImpl-bb41d155-d46c-4d70-b443-e80a9547f56a/datanode-4/data/ratis/43b01dd9-e950-4d92-824f-353371b88678 was interrupted, exiting. There are 0 tasks remaining in the queue.
2019-08-20 10:22:52,122 INFO  handler.ContextHandler (ContextHandler.java:doStop(910)) - Stopped o.e.j.w.WebAppContext@73624529{/,null,UNAVAILABLE}{/hddsDatanode}
2019-08-20 10:22:52,124 INFO  segmented.SegmentedRaftLogWorker (SegmentedRaftLogWorker.java:close(228)) - eddcc57c-da79-40bf-a8f7-7b350fcd6b06-SegmentedRaftLogWorker:Storage Directory /workdir/hadoop-ozone/integration-test/target/test-dir/MiniOzoneClusterImpl-bb41d155-d46c-4d70-b443-e80a9547f56a/datanode-4/data/ratis/43b01dd9-e950-4d92-824f-353371b88678 close()
2019-08-20 10:22:52,126 INFO  impl.RaftServerImpl (RaftServerImpl.java:lambda$shutdown$3(245)) - eddcc57c-da79-40bf-a8f7-7b350fcd6b06: shutdown group-4749DBB6E38B
2019-08-20 10:22:52,127 INFO  server.AbstractConnector (AbstractConnector.java:doStop(318)) - Stopped ServerConnector@31e1c7c{HTTP/1.1,[http/1.1]}{0.0.0.0:0}
2019-08-20 10:22:52,127 INFO  util.JmxRegister (JmxRegister.java:unregister(73)) - Successfully un-registered JMX Bean with object name Ratis:service=RaftServer,group=group-4749DBB6E38B,id=eddcc57c-da79-40bf-a8f7-7b350fcd6b06
2019-08-20 10:22:52,129 INFO  impl.RoleInfo (RoleInfo.java:shutdownLeaderState(104)) - eddcc57c-da79-40bf-a8f7-7b350fcd6b06: shutdown LeaderState
2019-08-20 10:22:52,129 INFO  handler.ContextHandler (ContextHandler.java:doStop(910)) - Stopped o.e.j.s.ServletContextHandler@487f025{/static,jar:file:/home/user/.m2/repository/org/apache/hadoop/hadoop-hdds-container-service/0.5.0-SNAPSHOT/hadoop-hdds-container-service-0.5.0-SNAPSHOT.jar!/webapps/static,UNAVAILABLE}
2019-08-20 10:22:52,129 INFO  impl.PendingRequests (PendingRequests.java:sendNotLeaderResponses(202)) - eddcc57c-da79-40bf-a8f7-7b350fcd6b06-PendingRequests: sendNotLeaderResponses
2019-08-20 10:22:52,131 INFO  handler.ContextHandler (ContextHandler.java:doStop(910)) - Stopped o.e.j.s.ServletContextHandler@64547a83{/logs,file:///workdir/hadoop-ozone/integration-test/target/log,UNAVAILABLE}
2019-08-20 10:22:52,131 INFO  impl.StateMachineUpdater (StateMachineUpdater.java:stopAndJoin(115)) - StateMachineUpdater:eddcc57c-da79-40bf-a8f7-7b350fcd6b06:group-4749DBB6E38B: set stopIndex = 0
2019-08-20 10:22:52,131 INFO  impl.RaftServerImpl (ServerState.java:close(394)) - eddcc57c-da79-40bf-a8f7-7b350fcd6b06:group-4749DBB6E38B closes. The last applied log index is 0
2019-08-20 10:22:52,132 INFO  segmented.SegmentedRaftLogWorker (SegmentedRaftLogWorker.java:run(313)) - eddcc57c-da79-40bf-a8f7-7b350fcd6b06-SegmentedRaftLogWorker:Storage Directory /workdir/hadoop-ozone/integration-test/target/test-dir/MiniOzoneClusterImpl-bb41d155-d46c-4d70-b443-e80a9547f56a/datanode-4/data/ratis/26d244ce-741d-4553-b6fe-4749dbb6e38b was interrupted, exiting. There are 0 tasks remaining in the queue.
2019-08-20 10:22:52,132 INFO  datanode.ObjectStoreHandler (ObjectStoreHandler.java:close(155)) - Closing ObjectStoreHandler.
2019-08-20 10:22:52,133 INFO  segmented.SegmentedRaftLogWorker (SegmentedRaftLogWorker.java:close(228)) - eddcc57c-da79-40bf-a8f7-7b350fcd6b06-SegmentedRaftLogWorker:Storage Directory /workdir/hadoop-ozone/integration-test/target/test-dir/MiniOzoneClusterImpl-bb41d155-d46c-4d70-b443-e80a9547f56a/datanode-4/data/ratis/26d244ce-741d-4553-b6fe-4749dbb6e38b close()
2019-08-20 10:22:52,134 INFO  ozone.HddsDatanodeService (HddsDatanodeService.java:stop(451)) - Stopped plug-in org.apache.hadoop.ozone.web.OzoneHddsDatanodeService@49620576
2019-08-20 10:22:52,137 INFO  server.GrpcService (GrpcService.java:closeImpl(155)) - eddcc57c-da79-40bf-a8f7-7b350fcd6b06: shutdown server with port 34322 now
2019-08-20 10:22:52,139 WARN  server.GrpcServerProtocolService (LogUtils.java:warn(134)) - eddcc57c-da79-40bf-a8f7-7b350fcd6b06: appendEntries onError: org.apache.ratis.thirdparty.io.grpc.StatusRuntimeException: CANCELLED: cancelled before receiving half close
2019-08-20 10:22:52,140 WARN  server.GrpcLogAppender (LogUtils.java:warn(134)) - b2ac5990-f7ad-4521-bd7b-8d54ab25a987->eddcc57c-da79-40bf-a8f7-7b350fcd6b06: Failed appendEntries: org.apache.ratis.thirdparty.io.grpc.StatusRuntimeException: CANCELLED: HTTP/2 error code: CANCEL
Received Rst Stream
2019-08-20 10:22:52,140 INFO  server.GrpcService (GrpcService.java:closeImpl(163)) - eddcc57c-da79-40bf-a8f7-7b350fcd6b06: shutdown server with port 34322 successfully
2019-08-20 10:22:52,140 INFO  impl.FollowerInfo (FollowerInfo.java:lambda$new$0(50)) - b2ac5990-f7ad-4521-bd7b-8d54ab25a987->eddcc57c-da79-40bf-a8f7-7b350fcd6b06: nextIndex: updateUnconditionally 5 -> 4
2019-08-20 10:22:52,141 INFO  utils.BackgroundService (BackgroundService.java:shutdown(148)) - Shutting down service BlockDeletingService
2019-08-20 10:22:52,144 WARN  fs.CachingGetSpaceUsed (CachingGetSpaceUsed.java:run(183)) - Thread Interrupted waiting to refresh disk information: sleep interrupted
2019-08-20 10:22:52,160 INFO  statemachine.DatanodeStateMachine (DatanodeStateMachine.java:stopDaemon(395)) - Ozone container server stopped.
2019-08-20 10:22:52,161 INFO  handler.ContextHandler (ContextHandler.java:doStop(910)) - Stopped o.e.j.w.WebAppContext@2e8417ea{/,null,UNAVAILABLE}{/hddsDatanode}
2019-08-20 10:22:52,162 INFO  server.AbstractConnector (AbstractConnector.java:doStop(318)) - Stopped ServerConnector@5f65a6d7{HTTP/1.1,[http/1.1]}{0.0.0.0:0}
2019-08-20 10:22:52,162 INFO  handler.ContextHandler (ContextHandler.java:doStop(910)) - Stopped o.e.j.s.ServletContextHandler@6b78cbee{/static,jar:file:/home/user/.m2/repository/org/apache/hadoop/hadoop-hdds-container-service/0.5.0-SNAPSHOT/hadoop-hdds-container-service-0.5.0-SNAPSHOT.jar!/webapps/static,UNAVAILABLE}
2019-08-20 10:22:52,163 INFO  handler.ContextHandler (ContextHandler.java:doStop(910)) - Stopped o.e.j.s.ServletContextHandler@1a920154{/logs,file:///workdir/hadoop-ozone/integration-test/target/log,UNAVAILABLE}
2019-08-20 10:22:52,164 INFO  datanode.ObjectStoreHandler (ObjectStoreHandler.java:close(155)) - Closing ObjectStoreHandler.
2019-08-20 10:22:52,164 INFO  ozone.HddsDatanodeService (HddsDatanodeService.java:stop(451)) - Stopped plug-in org.apache.hadoop.ozone.web.OzoneHddsDatanodeService@53a3ccc
2019-08-20 10:22:52,280 INFO  statemachine.DatanodeStateMachine (DatanodeStateMachine.java:lambda$startDaemon$0(350)) - Ozone container server started.
2019-08-20 10:22:52,567 WARN  server.GrpcLogAppender (LogUtils.java:warn(134)) - 1d8252e2-7ee6-4584-bcee-e901b160468a->3d9010da-9b0a-4e14-9571-cee7193e93f5: Failed appendEntries: org.apache.ratis.thirdparty.io.grpc.StatusRuntimeException: UNAVAILABLE: io exception
2019-08-20 10:22:52,567 INFO  impl.FollowerInfo (FollowerInfo.java:lambda$new$0(50)) - 1d8252e2-7ee6-4584-bcee-e901b160468a->3d9010da-9b0a-4e14-9571-cee7193e93f5: nextIndex: updateUnconditionally 15 -> 14
2019-08-20 10:22:52,934 INFO  statemachine.DatanodeStateMachine (DatanodeStateMachine.java:lambda$startDaemon$0(350)) - Ozone container server started.
2019-08-20 10:22:54,476 WARN  server.GrpcLogAppender (LogUtils.java:warn(134)) - b2ac5990-f7ad-4521-bd7b-8d54ab25a987->eddcc57c-da79-40bf-a8f7-7b350fcd6b06: Failed appendEntries: org.apache.ratis.thirdparty.io.grpc.StatusRuntimeException: UNAVAILABLE: io exception
2019-08-20 10:22:54,477 INFO  impl.FollowerInfo (FollowerInfo.java:lambda$new$0(50)) - b2ac5990-f7ad-4521-bd7b-8d54ab25a987->eddcc57c-da79-40bf-a8f7-7b350fcd6b06: nextIndex: updateUnconditionally 4 -> 3
2019-08-20 10:22:54,951 WARN  server.GrpcLogAppender (LogUtils.java:warn(134)) - b2ac5990-f7ad-4521-bd7b-8d54ab25a987->eddcc57c-da79-40bf-a8f7-7b350fcd6b06: Failed appendEntries: org.apache.ratis.thirdparty.io.grpc.StatusRuntimeException: UNAVAILABLE: io exception
2019-08-20 10:22:54,951 INFO  impl.FollowerInfo (FollowerInfo.java:lambda$new$0(50)) - b2ac5990-f7ad-4521-bd7b-8d54ab25a987->eddcc57c-da79-40bf-a8f7-7b350fcd6b06: nextIndex: updateUnconditionally 4 -> 3
2019-08-20 10:22:54,963 WARN  server.GrpcLogAppender (LogUtils.java:warn(134)) - b2ac5990-f7ad-4521-bd7b-8d54ab25a987->eddcc57c-da79-40bf-a8f7-7b350fcd6b06: Failed appendEntries: org.apache.ratis.thirdparty.io.grpc.StatusRuntimeException: UNAVAILABLE: io exception
2019-08-20 10:22:54,964 INFO  impl.FollowerInfo (FollowerInfo.java:lambda$new$0(50)) - b2ac5990-f7ad-4521-bd7b-8d54ab25a987->eddcc57c-da79-40bf-a8f7-7b350fcd6b06: nextIndex: updateUnconditionally 4 -> 3
2019-08-20 10:22:54,975 WARN  server.GrpcLogAppender (LogUtils.java:warn(134)) - b2ac5990-f7ad-4521-bd7b-8d54ab25a987->eddcc57c-da79-40bf-a8f7-7b350fcd6b06: Failed appendEntries: org.apache.ratis.thirdparty.io.grpc.StatusRuntimeException: UNAVAILABLE: io exception
2019-08-20 10:22:54,976 INFO  impl.FollowerInfo (FollowerInfo.java:lambda$new$0(50)) - b2ac5990-f7ad-4521-bd7b-8d54ab25a987->eddcc57c-da79-40bf-a8f7-7b350fcd6b06: nextIndex: updateUnconditionally 4 -> 3
2019-08-20 10:22:55,008 INFO  interfaces.Container (KeyValueContainer.java:compactDB(356)) - Container 3 is closed with bcsId 3.
2019-08-20 10:22:55,013 INFO  container.IncrementalContainerReportHandler (AbstractContainerReportHandler.java:updateContainerState(176)) - Moving container #3 to CLOSED state, datanode b2ac5990-f7ad-4521-bd7b-8d54ab25a987{ip: 192.168.5.133, host: pr-hdds-1054s69ht-3886455778, networkLocation: /default-rack, certSerialId: null} reported CLOSED replica.
2019-08-20 10:22:55,060 INFO  interfaces.Container (KeyValueContainer.java:compactDB(356)) - Container 3 is closed with bcsId 3.
2019-08-20 10:22:55,068 WARN  server.GrpcLogAppender (LogUtils.java:warn(134)) - 1d8252e2-7ee6-4584-bcee-e901b160468a->3d9010da-9b0a-4e14-9571-cee7193e93f5: Failed appendEntries: org.apache.ratis.thirdparty.io.grpc.StatusRuntimeException: UNAVAILABLE: io exception
2019-08-20 10:22:55,068 INFO  impl.FollowerInfo (FollowerInfo.java:lambda$new$0(50)) - 1d8252e2-7ee6-4584-bcee-e901b160468a->3d9010da-9b0a-4e14-9571-cee7193e93f5: nextIndex: updateUnconditionally 14 -> 13
2019-08-20 10:22:56,290 INFO  node.StaleNodeHandler (StaleNodeHandler.java:onMessage(58)) - Datanode 1d8252e2-7ee6-4584-bcee-e901b160468a{ip: 192.168.5.133, host: pr-hdds-1054s69ht-3886455778, networkLocation: /default-rack, certSerialId: null} moved to stale state. Finalizing its pipelines [PipelineID=2e4e7f4a-76d2-48ef-ae71-72dac9c18c87, PipelineID=8719a123-c0d3-44ff-87f1-37608daa6d43]
2019-08-20 10:22:56,291 INFO  pipeline.SCMPipelineManager (SCMPipelineManager.java:finalizeAndDestroyPipeline(309)) - destroying pipeline:Pipeline[ Id: 2e4e7f4a-76d2-48ef-ae71-72dac9c18c87, Nodes: 1d8252e2-7ee6-4584-bcee-e901b160468a{ip: 192.168.5.133, host: pr-hdds-1054s69ht-3886455778, networkLocation: /default-rack, certSerialId: null}, Type:RATIS, Factor:ONE, State:OPEN]
2019-08-20 10:22:56,291 INFO  pipeline.PipelineStateManager (PipelineStateManager.java:finalizePipeline(123)) - Pipeline Pipeline[ Id: 2e4e7f4a-76d2-48ef-ae71-72dac9c18c87, Nodes: 1d8252e2-7ee6-4584-bcee-e901b160468a{ip: 192.168.5.133, host: pr-hdds-1054s69ht-3886455778, networkLocation: /default-rack, certSerialId: null}, Type:RATIS, Factor:ONE, State:CLOSED] moved to CLOSED state
2019-08-20 10:22:56,292 INFO  pipeline.SCMPipelineManager (SCMPipelineManager.java:finalizeAndDestroyPipeline(309)) - destroying pipeline:Pipeline[ Id: 8719a123-c0d3-44ff-87f1-37608daa6d43, Nodes: 1d8252e2-7ee6-4584-bcee-e901b160468a{ip: 192.168.5.133, host: pr-hdds-1054s69ht-3886455778, networkLocation: /default-rack, certSerialId: null}3d9010da-9b0a-4e14-9571-cee7193e93f5{ip: 192.168.5.133, host: pr-hdds-1054s69ht-3886455778, networkLocation: /default-rack, certSerialId: null}b05059df-7997-4957-9fd0-0ea4223a0acd{ip: 192.168.5.133, host: pr-hdds-1054s69ht-3886455778, networkLocation: /default-rack, certSerialId: null}, Type:RATIS, Factor:THREE, State:CLOSED]
2019-08-20 10:22:56,971 INFO  impl.FollowerState (FollowerState.java:run(106)) - c82cdedb-f905-4590-81cd-07d79d7d23dd:group-9EA0E01C8C3B changes to CANDIDATE, lastRpcTime:5369, electionTimeout:5097ms
2019-08-20 10:22:56,971 INFO  impl.RoleInfo (RoleInfo.java:shutdownFollowerState(121)) - c82cdedb-f905-4590-81cd-07d79d7d23dd: shutdown FollowerState
2019-08-20 10:22:56,971 INFO  impl.RaftServerImpl (RaftServerImpl.java:setRole(171)) - c82cdedb-f905-4590-81cd-07d79d7d23dd:group-9EA0E01C8C3B changes role from FOLLOWER to CANDIDATE at term 2 for changeToCandidate
2019-08-20 10:22:56,971 INFO  impl.RoleInfo (RoleInfo.java:updateAndGet(143)) - c82cdedb-f905-4590-81cd-07d79d7d23dd: start LeaderElection
2019-08-20 10:22:56,975 INFO  impl.RaftServerImpl (ServerState.java:setLeader(263)) - c82cdedb-f905-4590-81cd-07d79d7d23dd:group-9EA0E01C8C3B change Leader from eddcc57c-da79-40bf-a8f7-7b350fcd6b06 to null at term 2 for initElection
2019-08-20 10:22:56,991 INFO  node.StaleNodeHandler (StaleNodeHandler.java:onMessage(58)) - Datanode c82cdedb-f905-4590-81cd-07d79d7d23dd{ip: 192.168.5.133, host: pr-hdds-1054s69ht-3886455778, networkLocation: /default-rack, certSerialId: null} moved to stale state. Finalizing its pipelines [PipelineID=0a0dae25-c57e-42b3-a7d5-22bd79a48e59, PipelineID=bae2db77-b8b4-4514-bf05-9ea0e01c8c3b, PipelineID=43b01dd9-e950-4d92-824f-353371b88678]
2019-08-20 10:22:56,992 INFO  pipeline.SCMPipelineManager (SCMPipelineManager.java:finalizeAndDestroyPipeline(309)) - destroying pipeline:Pipeline[ Id: 0a0dae25-c57e-42b3-a7d5-22bd79a48e59, Nodes: c82cdedb-f905-4590-81cd-07d79d7d23dd{ip: 192.168.5.133, host: pr-hdds-1054s69ht-3886455778, networkLocation: /default-rack, certSerialId: null}, Type:RATIS, Factor:ONE, State:OPEN]
2019-08-20 10:22:56,992 INFO  pipeline.PipelineStateManager (PipelineStateManager.java:finalizePipeline(123)) - Pipeline Pipeline[ Id: 0a0dae25-c57e-42b3-a7d5-22bd79a48e59, Nodes: c82cdedb-f905-4590-81cd-07d79d7d23dd{ip: 192.168.5.133, host: pr-hdds-1054s69ht-3886455778, networkLocation: /default-rack, certSerialId: null}, Type:RATIS, Factor:ONE, State:CLOSED] moved to CLOSED state
2019-08-20 10:22:56,992 INFO  pipeline.SCMPipelineManager (SCMPipelineManager.java:finalizeAndDestroyPipeline(309)) - destroying pipeline:Pipeline[ Id: bae2db77-b8b4-4514-bf05-9ea0e01c8c3b, Nodes: a2f98dcb-8e27-4a64-b63e-4873f01bbb94{ip: 192.168.5.133, host: pr-hdds-1054s69ht-3886455778, networkLocation: /default-rack, certSerialId: null}c82cdedb-f905-4590-81cd-07d79d7d23dd{ip: 192.168.5.133, host: pr-hdds-1054s69ht-3886455778, networkLocation: /default-rack, certSerialId: null}eddcc57c-da79-40bf-a8f7-7b350fcd6b06{ip: 192.168.5.133, host: pr-hdds-1054s69ht-3886455778, networkLocation: /default-rack, certSerialId: null}, Type:RATIS, Factor:THREE, State:CLOSED]
2019-08-20 10:22:56,992 INFO  pipeline.SCMPipelineManager (SCMPipelineManager.java:finalizeAndDestroyPipeline(309)) - destroying pipeline:Pipeline[ Id: 43b01dd9-e950-4d92-824f-353371b88678, Nodes: c82cdedb-f905-4590-81cd-07d79d7d23dd{ip: 192.168.5.133, host: pr-hdds-1054s69ht-3886455778, networkLocation: /default-rack, certSerialId: null}b2ac5990-f7ad-4521-bd7b-8d54ab25a987{ip: 192.168.5.133, host: pr-hdds-1054s69ht-3886455778, networkLocation: /default-rack, certSerialId: null}eddcc57c-da79-40bf-a8f7-7b350fcd6b06{ip: 192.168.5.133, host: pr-hdds-1054s69ht-3886455778, networkLocation: /default-rack, certSerialId: null}, Type:RATIS, Factor:THREE, State:CLOSED]
2019-08-20 10:22:56,998 INFO  impl.LeaderElection (LeaderElection.java:askForVotes(181)) - c82cdedb-f905-4590-81cd-07d79d7d23dd:group-9EA0E01C8C3B:LeaderElection72: begin an election at term 3 for 17: [a2f98dcb-8e27-4a64-b63e-4873f01bbb94:192.168.5.133:45560, c82cdedb-f905-4590-81cd-07d79d7d23dd:192.168.5.133:45135, eddcc57c-da79-40bf-a8f7-7b350fcd6b06:192.168.5.133:34322], old=null
2019-08-20 10:22:57,001 INFO  impl.LeaderElection (LogUtils.java:infoOrTrace(149)) - c82cdedb-f905-4590-81cd-07d79d7d23dd:group-9EA0E01C8C3B:LeaderElection72 got exception when requesting votes: {}
java.util.concurrent.ExecutionException: org.apache.ratis.thirdparty.io.grpc.StatusRuntimeException: UNAVAILABLE: io exception
	at java.util.concurrent.FutureTask.report(FutureTask.java:122)
	at java.util.concurrent.FutureTask.get(FutureTask.java:192)
	at org.apache.ratis.server.impl.LeaderElection.waitForResults(LeaderElection.java:262)
	at org.apache.ratis.server.impl.LeaderElection.askForVotes(LeaderElection.java:200)
	at org.apache.ratis.server.impl.LeaderElection.run(LeaderElection.java:130)
	at java.lang.Thread.run(Thread.java:748)
Caused by: org.apache.ratis.thirdparty.io.grpc.StatusRuntimeException: UNAVAILABLE: io exception
	at org.apache.ratis.thirdparty.io.grpc.stub.ClientCalls.toStatusRuntimeException(ClientCalls.java:233)
	at org.apache.ratis.thirdparty.io.grpc.stub.ClientCalls.getUnchecked(ClientCalls.java:214)
	at org.apache.ratis.thirdparty.io.grpc.stub.ClientCalls.blockingUnaryCall(ClientCalls.java:139)
	at org.apache.ratis.proto.grpc.RaftServerProtocolServiceGrpc$RaftServerProtocolServiceBlockingStub.requestVote(RaftServerProtocolServiceGrpc.java:265)
	at org.apache.ratis.grpc.server.GrpcServerProtocolClient.requestVote(GrpcServerProtocolClient.java:83)
	at org.apache.ratis.grpc.server.GrpcService.requestVote(GrpcService.java:195)
	at org.apache.ratis.server.impl.LeaderElection.lambda$submitRequests$1(LeaderElection.java:237)
	at java.util.concurrent.FutureTask.run(FutureTask.java:266)
	at java.util.concurrent.Executors$RunnableAdapter.call(Executors.java:511)
	at java.util.concurrent.FutureTask.run(FutureTask.java:266)
	at java.util.concurrent.ThreadPoolExecutor.runWorker(ThreadPoolExecutor.java:1149)
	at java.util.concurrent.ThreadPoolExecutor$Worker.run(ThreadPoolExecutor.java:624)
	... 1 more
Caused by: org.apache.ratis.thirdparty.io.netty.channel.AbstractChannel$AnnotatedConnectException: Connection refused: /192.168.5.133:34322
	at sun.nio.ch.SocketChannelImpl.checkConnect(Native Method)
	at sun.nio.ch.SocketChannelImpl.finishConnect(SocketChannelImpl.java:717)
	at org.apache.ratis.thirdparty.io.netty.channel.socket.nio.NioSocketChannel.doFinishConnect(NioSocketChannel.java:327)
	at org.apache.ratis.thirdparty.io.netty.channel.nio.AbstractNioChannel$AbstractNioUnsafe.finishConnect(AbstractNioChannel.java:340)
	at org.apache.ratis.thirdparty.io.netty.channel.nio.NioEventLoop.processSelectedKey(NioEventLoop.java:632)
	at org.apache.ratis.thirdparty.io.netty.channel.nio.NioEventLoop.processSelectedKeysOptimized(NioEventLoop.java:579)
	at org.apache.ratis.thirdparty.io.netty.channel.nio.NioEventLoop.processSelectedKeys(NioEventLoop.java:496)
	at org.apache.ratis.thirdparty.io.netty.channel.nio.NioEventLoop.run(NioEventLoop.java:458)
	at org.apache.ratis.thirdparty.io.netty.util.concurrent.SingleThreadEventExecutor$5.run(SingleThreadEventExecutor.java:897)
	at org.apache.ratis.thirdparty.io.netty.util.concurrent.FastThreadLocalRunnable.run(FastThreadLocalRunnable.java:30)
	... 1 more
Caused by: java.net.ConnectException: Connection refused
	... 11 more
2019-08-20 10:22:57,003 INFO  impl.LeaderElection (LogUtils.java:infoOrTrace(149)) - c82cdedb-f905-4590-81cd-07d79d7d23dd:group-9EA0E01C8C3B:LeaderElection72 got exception when requesting votes: {}
java.util.concurrent.ExecutionException: org.apache.ratis.thirdparty.io.grpc.StatusRuntimeException: UNAVAILABLE: io exception
	at java.util.concurrent.FutureTask.report(FutureTask.java:122)
	at java.util.concurrent.FutureTask.get(FutureTask.java:192)
	at org.apache.ratis.server.impl.LeaderElection.waitForResults(LeaderElection.java:262)
	at org.apache.ratis.server.impl.LeaderElection.askForVotes(LeaderElection.java:200)
	at org.apache.ratis.server.impl.LeaderElection.run(LeaderElection.java:130)
	at java.lang.Thread.run(Thread.java:748)
Caused by: org.apache.ratis.thirdparty.io.grpc.StatusRuntimeException: UNAVAILABLE: io exception
	at org.apache.ratis.thirdparty.io.grpc.stub.ClientCalls.toStatusRuntimeException(ClientCalls.java:233)
	at org.apache.ratis.thirdparty.io.grpc.stub.ClientCalls.getUnchecked(ClientCalls.java:214)
	at org.apache.ratis.thirdparty.io.grpc.stub.ClientCalls.blockingUnaryCall(ClientCalls.java:139)
	at org.apache.ratis.proto.grpc.RaftServerProtocolServiceGrpc$RaftServerProtocolServiceBlockingStub.requestVote(RaftServerProtocolServiceGrpc.java:265)
	at org.apache.ratis.grpc.server.GrpcServerProtocolClient.requestVote(GrpcServerProtocolClient.java:83)
	at org.apache.ratis.grpc.server.GrpcService.requestVote(GrpcService.java:195)
	at org.apache.ratis.server.impl.LeaderElection.lambda$submitRequests$1(LeaderElection.java:237)
	at java.util.concurrent.FutureTask.run(FutureTask.java:266)
	at java.util.concurrent.Executors$RunnableAdapter.call(Executors.java:511)
	at java.util.concurrent.FutureTask.run(FutureTask.java:266)
	at java.util.concurrent.ThreadPoolExecutor.runWorker(ThreadPoolExecutor.java:1149)
	at java.util.concurrent.ThreadPoolExecutor$Worker.run(ThreadPoolExecutor.java:624)
	... 1 more
Caused by: org.apache.ratis.thirdparty.io.netty.channel.AbstractChannel$AnnotatedConnectException: Connection refused: /192.168.5.133:45560
	at sun.nio.ch.SocketChannelImpl.checkConnect(Native Method)
	at sun.nio.ch.SocketChannelImpl.finishConnect(SocketChannelImpl.java:717)
	at org.apache.ratis.thirdparty.io.netty.channel.socket.nio.NioSocketChannel.doFinishConnect(NioSocketChannel.java:327)
	at org.apache.ratis.thirdparty.io.netty.channel.nio.AbstractNioChannel$AbstractNioUnsafe.finishConnect(AbstractNioChannel.java:340)
	at org.apache.ratis.thirdparty.io.netty.channel.nio.NioEventLoop.processSelectedKey(NioEventLoop.java:632)
	at org.apache.ratis.thirdparty.io.netty.channel.nio.NioEventLoop.processSelectedKeysOptimized(NioEventLoop.java:579)
	at org.apache.ratis.thirdparty.io.netty.channel.nio.NioEventLoop.processSelectedKeys(NioEventLoop.java:496)
	at org.apache.ratis.thirdparty.io.netty.channel.nio.NioEventLoop.run(NioEventLoop.java:458)
	at org.apache.ratis.thirdparty.io.netty.util.concurrent.SingleThreadEventExecutor$5.run(SingleThreadEventExecutor.java:897)
	at org.apache.ratis.thirdparty.io.netty.util.concurrent.FastThreadLocalRunnable.run(FastThreadLocalRunnable.java:30)
	... 1 more
Caused by: java.net.ConnectException: Connection refused
	... 11 more
2019-08-20 10:22:57,005 INFO  impl.LeaderElection (LeaderElection.java:logAndReturn(56)) - c82cdedb-f905-4590-81cd-07d79d7d23dd:group-9EA0E01C8C3B:LeaderElection72: Election REJECTED; received 0 response(s) [] and 2 exception(s); c82cdedb-f905-4590-81cd-07d79d7d23dd:t3, leader=null, voted=c82cdedb-f905-4590-81cd-07d79d7d23dd, raftlog=c82cdedb-f905-4590-81cd-07d79d7d23dd-SegmentedRaftLog:OPENED:c18,f18,i18, conf=17: [a2f98dcb-8e27-4a64-b63e-4873f01bbb94:192.168.5.133:45560, c82cdedb-f905-4590-81cd-07d79d7d23dd:192.168.5.133:45135, eddcc57c-da79-40bf-a8f7-7b350fcd6b06:192.168.5.133:34322], old=null
2019-08-20 10:22:57,005 INFO  impl.LeaderElection (LogUtils.java:infoOrTrace(149)) -   Exception 0: {}
java.util.concurrent.ExecutionException: org.apache.ratis.thirdparty.io.grpc.StatusRuntimeException: UNAVAILABLE: io exception
	at java.util.concurrent.FutureTask.report(FutureTask.java:122)
	at java.util.concurrent.FutureTask.get(FutureTask.java:192)
	at org.apache.ratis.server.impl.LeaderElection.waitForResults(LeaderElection.java:262)
	at org.apache.ratis.server.impl.LeaderElection.askForVotes(LeaderElection.java:200)
	at org.apache.ratis.server.impl.LeaderElection.run(LeaderElection.java:130)
	at java.lang.Thread.run(Thread.java:748)
Caused by: org.apache.ratis.thirdparty.io.grpc.StatusRuntimeException: UNAVAILABLE: io exception
	at org.apache.ratis.thirdparty.io.grpc.stub.ClientCalls.toStatusRuntimeException(ClientCalls.java:233)
	at org.apache.ratis.thirdparty.io.grpc.stub.ClientCalls.getUnchecked(ClientCalls.java:214)
	at org.apache.ratis.thirdparty.io.grpc.stub.ClientCalls.blockingUnaryCall(ClientCalls.java:139)
	at org.apache.ratis.proto.grpc.RaftServerProtocolServiceGrpc$RaftServerProtocolServiceBlockingStub.requestVote(RaftServerProtocolServiceGrpc.java:265)
	at org.apache.ratis.grpc.server.GrpcServerProtocolClient.requestVote(GrpcServerProtocolClient.java:83)
	at org.apache.ratis.grpc.server.GrpcService.requestVote(GrpcService.java:195)
	at org.apache.ratis.server.impl.LeaderElection.lambda$submitRequests$1(LeaderElection.java:237)
	at java.util.concurrent.FutureTask.run(FutureTask.java:266)
	at java.util.concurrent.Executors$RunnableAdapter.call(Executors.java:511)
	at java.util.concurrent.FutureTask.run(FutureTask.java:266)
	at java.util.concurrent.ThreadPoolExecutor.runWorker(ThreadPoolExecutor.java:1149)
	at java.util.concurrent.ThreadPoolExecutor$Worker.run(ThreadPoolExecutor.java:624)
	... 1 more
Caused by: org.apache.ratis.thirdparty.io.netty.channel.AbstractChannel$AnnotatedConnectException: Connection refused: /192.168.5.133:34322
	at sun.nio.ch.SocketChannelImpl.checkConnect(Native Method)
	at sun.nio.ch.SocketChannelImpl.finishConnect(SocketChannelImpl.java:717)
	at org.apache.ratis.thirdparty.io.netty.channel.socket.nio.NioSocketChannel.doFinishConnect(NioSocketChannel.java:327)
	at org.apache.ratis.thirdparty.io.netty.channel.nio.AbstractNioChannel$AbstractNioUnsafe.finishConnect(AbstractNioChannel.java:340)
	at org.apache.ratis.thirdparty.io.netty.channel.nio.NioEventLoop.processSelectedKey(NioEventLoop.java:632)
	at org.apache.ratis.thirdparty.io.netty.channel.nio.NioEventLoop.processSelectedKeysOptimized(NioEventLoop.java:579)
	at org.apache.ratis.thirdparty.io.netty.channel.nio.NioEventLoop.processSelectedKeys(NioEventLoop.java:496)
	at org.apache.ratis.thirdparty.io.netty.channel.nio.NioEventLoop.run(NioEventLoop.java:458)
	at org.apache.ratis.thirdparty.io.netty.util.concurrent.SingleThreadEventExecutor$5.run(SingleThreadEventExecutor.java:897)
	at org.apache.ratis.thirdparty.io.netty.util.concurrent.FastThreadLocalRunnable.run(FastThreadLocalRunnable.java:30)
	... 1 more
Caused by: java.net.ConnectException: Connection refused
	... 11 more
2019-08-20 10:22:57,006 INFO  impl.LeaderElection (LogUtils.java:infoOrTrace(149)) -   Exception 1: {}
java.util.concurrent.ExecutionException: org.apache.ratis.thirdparty.io.grpc.StatusRuntimeException: UNAVAILABLE: io exception
	at java.util.concurrent.FutureTask.report(FutureTask.java:122)
	at java.util.concurrent.FutureTask.get(FutureTask.java:192)
	at org.apache.ratis.server.impl.LeaderElection.waitForResults(LeaderElection.java:262)
	at org.apache.ratis.server.impl.LeaderElection.askForVotes(LeaderElection.java:200)
	at org.apache.ratis.server.impl.LeaderElection.run(LeaderElection.java:130)
	at java.lang.Thread.run(Thread.java:748)
Caused by: org.apache.ratis.thirdparty.io.grpc.StatusRuntimeException: UNAVAILABLE: io exception
	at org.apache.ratis.thirdparty.io.grpc.stub.ClientCalls.toStatusRuntimeException(ClientCalls.java:233)
	at org.apache.ratis.thirdparty.io.grpc.stub.ClientCalls.getUnchecked(ClientCalls.java:214)
	at org.apache.ratis.thirdparty.io.grpc.stub.ClientCalls.blockingUnaryCall(ClientCalls.java:139)
	at org.apache.ratis.proto.grpc.RaftServerProtocolServiceGrpc$RaftServerProtocolServiceBlockingStub.requestVote(RaftServerProtocolServiceGrpc.java:265)
	at org.apache.ratis.grpc.server.GrpcServerProtocolClient.requestVote(GrpcServerProtocolClient.java:83)
	at org.apache.ratis.grpc.server.GrpcService.requestVote(GrpcService.java:195)
	at org.apache.ratis.server.impl.LeaderElection.lambda$submitRequests$1(LeaderElection.java:237)
	at java.util.concurrent.FutureTask.run(FutureTask.java:266)
	at java.util.concurrent.Executors$RunnableAdapter.call(Executors.java:511)
	at java.util.concurrent.FutureTask.run(FutureTask.java:266)
	at java.util.concurrent.ThreadPoolExecutor.runWorker(ThreadPoolExecutor.java:1149)
	at java.util.concurrent.ThreadPoolExecutor$Worker.run(ThreadPoolExecutor.java:624)
	... 1 more
Caused by: org.apache.ratis.thirdparty.io.netty.channel.AbstractChannel$AnnotatedConnectException: Connection refused: /192.168.5.133:45560
	at sun.nio.ch.SocketChannelImpl.checkConnect(Native Method)
	at sun.nio.ch.SocketChannelImpl.finishConnect(SocketChannelImpl.java:717)
	at org.apache.ratis.thirdparty.io.netty.channel.socket.nio.NioSocketChannel.doFinishConnect(NioSocketChannel.java:327)
	at org.apache.ratis.thirdparty.io.netty.channel.nio.AbstractNioChannel$AbstractNioUnsafe.finishConnect(AbstractNioChannel.java:340)
	at org.apache.ratis.thirdparty.io.netty.channel.nio.NioEventLoop.processSelectedKey(NioEventLoop.java:632)
	at org.apache.ratis.thirdparty.io.netty.channel.nio.NioEventLoop.processSelectedKeysOptimized(NioEventLoop.java:579)
	at org.apache.ratis.thirdparty.io.netty.channel.nio.NioEventLoop.processSelectedKeys(NioEventLoop.java:496)
	at org.apache.ratis.thirdparty.io.netty.channel.nio.NioEventLoop.run(NioEventLoop.java:458)
	at org.apache.ratis.thirdparty.io.netty.util.concurrent.SingleThreadEventExecutor$5.run(SingleThreadEventExecutor.java:897)
	at org.apache.ratis.thirdparty.io.netty.util.concurrent.FastThreadLocalRunnable.run(FastThreadLocalRunnable.java:30)
	... 1 more
Caused by: java.net.ConnectException: Connection refused
	... 11 more
2019-08-20 10:22:57,006 INFO  impl.RaftServerImpl (RaftServerImpl.java:setRole(171)) - c82cdedb-f905-4590-81cd-07d79d7d23dd:group-9EA0E01C8C3B changes role from CANDIDATE to FOLLOWER at term 3 for DISCOVERED_A_NEW_TERM
2019-08-20 10:22:57,006 INFO  impl.RoleInfo (RoleInfo.java:shutdownLeaderElection(134)) - c82cdedb-f905-4590-81cd-07d79d7d23dd: shutdown LeaderElection
2019-08-20 10:22:57,006 INFO  impl.RoleInfo (RoleInfo.java:updateAndGet(143)) - c82cdedb-f905-4590-81cd-07d79d7d23dd: start FollowerState
2019-08-20 10:22:57,137 INFO  ozoneimpl.OzoneContainer (OzoneContainer.java:stop(199)) - Attempting to stop container services.
2019-08-20 10:22:57,138 INFO  impl.RaftServerProxy (RaftServerProxy.java:lambda$close$4(314)) - 1d8252e2-7ee6-4584-bcee-e901b160468a: close
2019-08-20 10:22:57,138 INFO  impl.RaftServerImpl (RaftServerImpl.java:lambda$shutdown$3(245)) - 1d8252e2-7ee6-4584-bcee-e901b160468a: shutdown group-72DAC9C18C87
2019-08-20 10:22:57,139 INFO  util.JmxRegister (JmxRegister.java:unregister(73)) - Successfully un-registered JMX Bean with object name Ratis:service=RaftServer,group=group-72DAC9C18C87,id=1d8252e2-7ee6-4584-bcee-e901b160468a
2019-08-20 10:22:57,139 INFO  impl.RoleInfo (RoleInfo.java:shutdownLeaderState(104)) - 1d8252e2-7ee6-4584-bcee-e901b160468a: shutdown LeaderState
2019-08-20 10:22:57,139 INFO  impl.PendingRequests (PendingRequests.java:sendNotLeaderResponses(202)) - 1d8252e2-7ee6-4584-bcee-e901b160468a-PendingRequests: sendNotLeaderResponses
2019-08-20 10:22:57,139 INFO  impl.StateMachineUpdater (StateMachineUpdater.java:stopAndJoin(115)) - StateMachineUpdater:1d8252e2-7ee6-4584-bcee-e901b160468a:group-72DAC9C18C87: set stopIndex = 0
2019-08-20 10:22:57,139 INFO  impl.RaftServerImpl (ServerState.java:close(394)) - 1d8252e2-7ee6-4584-bcee-e901b160468a:group-72DAC9C18C87 closes. The last applied log index is 0
2019-08-20 10:22:57,140 INFO  segmented.SegmentedRaftLogWorker (SegmentedRaftLogWorker.java:run(313)) - 1d8252e2-7ee6-4584-bcee-e901b160468a-SegmentedRaftLogWorker:Storage Directory /workdir/hadoop-ozone/integration-test/target/test-dir/MiniOzoneClusterImpl-bb41d155-d46c-4d70-b443-e80a9547f56a/datanode-2/data/ratis/2e4e7f4a-76d2-48ef-ae71-72dac9c18c87 was interrupted, exiting. There are 0 tasks remaining in the queue.
2019-08-20 10:22:57,144 INFO  segmented.SegmentedRaftLogWorker (SegmentedRaftLogWorker.java:close(228)) - 1d8252e2-7ee6-4584-bcee-e901b160468a-SegmentedRaftLogWorker:Storage Directory /workdir/hadoop-ozone/integration-test/target/test-dir/MiniOzoneClusterImpl-bb41d155-d46c-4d70-b443-e80a9547f56a/datanode-2/data/ratis/2e4e7f4a-76d2-48ef-ae71-72dac9c18c87 close()
2019-08-20 10:22:57,146 INFO  impl.RaftServerImpl (RaftServerImpl.java:lambda$shutdown$3(245)) - 1d8252e2-7ee6-4584-bcee-e901b160468a: shutdown group-37608DAA6D43
2019-08-20 10:22:57,146 INFO  util.JmxRegister (JmxRegister.java:unregister(73)) - Successfully un-registered JMX Bean with object name Ratis:service=RaftServer,group=group-37608DAA6D43,id=1d8252e2-7ee6-4584-bcee-e901b160468a
2019-08-20 10:22:57,147 INFO  impl.RoleInfo (RoleInfo.java:shutdownLeaderState(104)) - 1d8252e2-7ee6-4584-bcee-e901b160468a: shutdown LeaderState
2019-08-20 10:22:57,149 INFO  impl.PendingRequests (PendingRequests.java:sendNotLeaderResponses(202)) - 1d8252e2-7ee6-4584-bcee-e901b160468a-PendingRequests: sendNotLeaderResponses
2019-08-20 10:22:57,149 WARN  server.GrpcLogAppender (GrpcLogAppender.java:mayWait(143)) - GrpcLogAppender(1d8252e2-7ee6-4584-bcee-e901b160468a->b05059df-7997-4957-9fd0-0ea4223a0acd): Wait interrupted by java.lang.InterruptedException
2019-08-20 10:22:57,149 WARN  server.GrpcLogAppender (GrpcLogAppender.java:mayWait(143)) - GrpcLogAppender(1d8252e2-7ee6-4584-bcee-e901b160468a->3d9010da-9b0a-4e14-9571-cee7193e93f5): Wait interrupted by java.lang.InterruptedException
2019-08-20 10:22:57,151 INFO  impl.StateMachineUpdater (StateMachineUpdater.java:stopAndJoin(115)) - StateMachineUpdater:1d8252e2-7ee6-4584-bcee-e901b160468a:group-37608DAA6D43: set stopIndex = 15
2019-08-20 10:22:57,152 INFO  ratis.ContainerStateMachine (ContainerStateMachine.java:takeSnapshot(271)) - group-37608DAA6D43: Taking a snapshot at:(t:1, i:13) file /workdir/hadoop-ozone/integration-test/target/test-dir/MiniOzoneClusterImpl-bb41d155-d46c-4d70-b443-e80a9547f56a/datanode-2/data/ratis/8719a123-c0d3-44ff-87f1-37608daa6d43/sm/snapshot.1_13
2019-08-20 10:22:57,152 INFO  server.GrpcServerProtocolService (GrpcServerProtocolService.java:onCompleted(104)) - b05059df-7997-4957-9fd0-0ea4223a0acd: appendEntries completed
2019-08-20 10:22:57,153 INFO  server.GrpcLogAppender (GrpcLogAppender.java:onCompleted(292)) - 1d8252e2-7ee6-4584-bcee-e901b160468a->b05059df-7997-4957-9fd0-0ea4223a0acd: follower responses appendEntries COMPLETED
2019-08-20 10:22:57,153 INFO  impl.FollowerInfo (FollowerInfo.java:lambda$new$0(50)) - 1d8252e2-7ee6-4584-bcee-e901b160468a->b05059df-7997-4957-9fd0-0ea4223a0acd: nextIndex: updateUnconditionally 16 -> 15
2019-08-20 10:22:57,165 INFO  ratis.ContainerStateMachine (ContainerStateMachine.java:takeSnapshot(282)) - group-37608DAA6D43: Finished taking a snapshot at:(t:1, i:13) file:/workdir/hadoop-ozone/integration-test/target/test-dir/MiniOzoneClusterImpl-bb41d155-d46c-4d70-b443-e80a9547f56a/datanode-2/data/ratis/8719a123-c0d3-44ff-87f1-37608daa6d43/sm/snapshot.1_13 time:14
2019-08-20 10:22:57,165 INFO  ozoneimpl.OzoneContainer (OzoneContainer.java:stop(199)) - Attempting to stop container services.
2019-08-20 10:22:57,165 INFO  impl.StateMachineUpdater (StateMachineUpdater.java:takeSnapshot(242)) - StateMachineUpdater:1d8252e2-7ee6-4584-bcee-e901b160468a:group-37608DAA6D43: Took a snapshot at index 13
2019-08-20 10:22:57,166 INFO  impl.RaftServerProxy (RaftServerProxy.java:lambda$close$4(314)) - c82cdedb-f905-4590-81cd-07d79d7d23dd: close
2019-08-20 10:22:57,166 INFO  impl.StateMachineUpdater (StateMachineUpdater.java:lambda$new$0(80)) - StateMachineUpdater:1d8252e2-7ee6-4584-bcee-e901b160468a:group-37608DAA6D43: snapshotIndex: updateIncreasingly -1 -> 13
2019-08-20 10:22:57,166 INFO  impl.RaftServerImpl (RaftServerImpl.java:lambda$shutdown$3(245)) - c82cdedb-f905-4590-81cd-07d79d7d23dd: shutdown group-22BD79A48E59
2019-08-20 10:22:57,167 INFO  impl.RaftServerImpl (ServerState.java:close(394)) - 1d8252e2-7ee6-4584-bcee-e901b160468a:group-37608DAA6D43 closes. The last applied log index is 15
2019-08-20 10:22:57,167 INFO  util.JmxRegister (JmxRegister.java:unregister(73)) - Successfully un-registered JMX Bean with object name Ratis:service=RaftServer,group=group-22BD79A48E59,id=c82cdedb-f905-4590-81cd-07d79d7d23dd
2019-08-20 10:22:57,167 INFO  segmented.SegmentedRaftLogWorker (SegmentedRaftLogWorker.java:run(313)) - 1d8252e2-7ee6-4584-bcee-e901b160468a-SegmentedRaftLogWorker:Storage Directory /workdir/hadoop-ozone/integration-test/target/test-dir/MiniOzoneClusterImpl-bb41d155-d46c-4d70-b443-e80a9547f56a/datanode-2/data/ratis/8719a123-c0d3-44ff-87f1-37608daa6d43 was interrupted, exiting. There are 0 tasks remaining in the queue.
2019-08-20 10:22:57,168 INFO  impl.RoleInfo (RoleInfo.java:shutdownLeaderState(104)) - c82cdedb-f905-4590-81cd-07d79d7d23dd: shutdown LeaderState
2019-08-20 10:22:57,169 INFO  segmented.SegmentedRaftLogWorker (SegmentedRaftLogWorker.java:close(228)) - 1d8252e2-7ee6-4584-bcee-e901b160468a-SegmentedRaftLogWorker:Storage Directory /workdir/hadoop-ozone/integration-test/target/test-dir/MiniOzoneClusterImpl-bb41d155-d46c-4d70-b443-e80a9547f56a/datanode-2/data/ratis/8719a123-c0d3-44ff-87f1-37608daa6d43 close()
2019-08-20 10:22:57,170 INFO  impl.PendingRequests (PendingRequests.java:sendNotLeaderResponses(202)) - c82cdedb-f905-4590-81cd-07d79d7d23dd-PendingRequests: sendNotLeaderResponses
2019-08-20 10:22:57,173 INFO  server.GrpcService (GrpcService.java:closeImpl(155)) - 1d8252e2-7ee6-4584-bcee-e901b160468a: shutdown server with port 41474 now
2019-08-20 10:22:57,173 INFO  impl.StateMachineUpdater (StateMachineUpdater.java:stopAndJoin(115)) - StateMachineUpdater:c82cdedb-f905-4590-81cd-07d79d7d23dd:group-22BD79A48E59: set stopIndex = 0
2019-08-20 10:22:57,183 INFO  impl.RaftServerImpl (ServerState.java:close(394)) - c82cdedb-f905-4590-81cd-07d79d7d23dd:group-22BD79A48E59 closes. The last applied log index is 0
2019-08-20 10:22:57,184 INFO  server.GrpcService (GrpcService.java:closeImpl(163)) - 1d8252e2-7ee6-4584-bcee-e901b160468a: shutdown server with port 41474 successfully
2019-08-20 10:22:57,183 WARN  client.GrpcClientProtocolService (LogUtils.java:warn(134)) - 1-UnorderedRequestStreamObserver1: onError: org.apache.ratis.thirdparty.io.grpc.StatusRuntimeException: CANCELLED: cancelled before receiving half close
2019-08-20 10:22:57,184 INFO  segmented.SegmentedRaftLogWorker (SegmentedRaftLogWorker.java:run(313)) - c82cdedb-f905-4590-81cd-07d79d7d23dd-SegmentedRaftLogWorker:Storage Directory /workdir/hadoop-ozone/integration-test/target/test-dir/MiniOzoneClusterImpl-bb41d155-d46c-4d70-b443-e80a9547f56a/datanode-3/data/ratis/0a0dae25-c57e-42b3-a7d5-22bd79a48e59 was interrupted, exiting. There are 0 tasks remaining in the queue.
2019-08-20 10:22:57,188 INFO  segmented.SegmentedRaftLogWorker (SegmentedRaftLogWorker.java:close(228)) - c82cdedb-f905-4590-81cd-07d79d7d23dd-SegmentedRaftLogWorker:Storage Directory /workdir/hadoop-ozone/integration-test/target/test-dir/MiniOzoneClusterImpl-bb41d155-d46c-4d70-b443-e80a9547f56a/datanode-3/data/ratis/0a0dae25-c57e-42b3-a7d5-22bd79a48e59 close()
2019-08-20 10:22:57,194 INFO  impl.RaftServerImpl (RaftServerImpl.java:lambda$shutdown$3(245)) - c82cdedb-f905-4590-81cd-07d79d7d23dd: shutdown group-9EA0E01C8C3B
2019-08-20 10:22:57,195 INFO  utils.BackgroundService (BackgroundService.java:shutdown(148)) - Shutting down service BlockDeletingService
2019-08-20 10:22:57,195 INFO  util.JmxRegister (JmxRegister.java:unregister(73)) - Successfully un-registered JMX Bean with object name Ratis:service=RaftServer,group=group-9EA0E01C8C3B,id=c82cdedb-f905-4590-81cd-07d79d7d23dd
2019-08-20 10:22:57,195 INFO  impl.RoleInfo (RoleInfo.java:shutdownFollowerState(121)) - c82cdedb-f905-4590-81cd-07d79d7d23dd: shutdown FollowerState
2019-08-20 10:22:57,196 INFO  impl.StateMachineUpdater (StateMachineUpdater.java:stopAndJoin(115)) - StateMachineUpdater:c82cdedb-f905-4590-81cd-07d79d7d23dd:group-9EA0E01C8C3B: set stopIndex = 18
2019-08-20 10:22:57,196 INFO  ratis.ContainerStateMachine (ContainerStateMachine.java:takeSnapshot(271)) - group-9EA0E01C8C3B: Taking a snapshot at:(t:1, i:14) file /workdir/hadoop-ozone/integration-test/target/test-dir/MiniOzoneClusterImpl-bb41d155-d46c-4d70-b443-e80a9547f56a/datanode-3/data/ratis/bae2db77-b8b4-4514-bf05-9ea0e01c8c3b/sm/snapshot.1_14
2019-08-20 10:22:57,196 INFO  impl.FollowerState (FollowerState.java:run(114)) - c82cdedb-f905-4590-81cd-07d79d7d23dd: FollowerState was interrupted: java.lang.InterruptedException: sleep interrupted
2019-08-20 10:22:57,197 WARN  fs.CachingGetSpaceUsed (CachingGetSpaceUsed.java:run(183)) - Thread Interrupted waiting to refresh disk information: sleep interrupted
2019-08-20 10:22:57,211 INFO  ratis.ContainerStateMachine (ContainerStateMachine.java:takeSnapshot(282)) - group-9EA0E01C8C3B: Finished taking a snapshot at:(t:1, i:14) file:/workdir/hadoop-ozone/integration-test/target/test-dir/MiniOzoneClusterImpl-bb41d155-d46c-4d70-b443-e80a9547f56a/datanode-3/data/ratis/bae2db77-b8b4-4514-bf05-9ea0e01c8c3b/sm/snapshot.1_14 time:15
2019-08-20 10:22:57,211 INFO  impl.StateMachineUpdater (StateMachineUpdater.java:takeSnapshot(242)) - StateMachineUpdater:c82cdedb-f905-4590-81cd-07d79d7d23dd:group-9EA0E01C8C3B: Took a snapshot at index 14
2019-08-20 10:22:57,211 INFO  impl.StateMachineUpdater (StateMachineUpdater.java:lambda$new$0(80)) - StateMachineUpdater:c82cdedb-f905-4590-81cd-07d79d7d23dd:group-9EA0E01C8C3B: snapshotIndex: updateIncreasingly -1 -> 14
2019-08-20 10:22:57,211 INFO  impl.RaftServerImpl (ServerState.java:close(394)) - c82cdedb-f905-4590-81cd-07d79d7d23dd:group-9EA0E01C8C3B closes. The last applied log index is 18
2019-08-20 10:22:57,212 INFO  segmented.SegmentedRaftLogWorker (SegmentedRaftLogWorker.java:run(313)) - c82cdedb-f905-4590-81cd-07d79d7d23dd-SegmentedRaftLogWorker:Storage Directory /workdir/hadoop-ozone/integration-test/target/test-dir/MiniOzoneClusterImpl-bb41d155-d46c-4d70-b443-e80a9547f56a/datanode-3/data/ratis/bae2db77-b8b4-4514-bf05-9ea0e01c8c3b was interrupted, exiting. There are 0 tasks remaining in the queue.
2019-08-20 10:22:57,212 INFO  segmented.SegmentedRaftLogWorker (SegmentedRaftLogWorker.java:close(228)) - c82cdedb-f905-4590-81cd-07d79d7d23dd-SegmentedRaftLogWorker:Storage Directory /workdir/hadoop-ozone/integration-test/target/test-dir/MiniOzoneClusterImpl-bb41d155-d46c-4d70-b443-e80a9547f56a/datanode-3/data/ratis/bae2db77-b8b4-4514-bf05-9ea0e01c8c3b close()
2019-08-20 10:22:57,214 INFO  impl.RaftServerImpl (RaftServerImpl.java:lambda$shutdown$3(245)) - c82cdedb-f905-4590-81cd-07d79d7d23dd: shutdown group-353371B88678
2019-08-20 10:22:57,215 INFO  util.JmxRegister (JmxRegister.java:unregister(73)) - Successfully un-registered JMX Bean with object name Ratis:service=RaftServer,group=group-353371B88678,id=c82cdedb-f905-4590-81cd-07d79d7d23dd
2019-08-20 10:22:57,215 INFO  impl.RoleInfo (RoleInfo.java:shutdownFollowerState(121)) - c82cdedb-f905-4590-81cd-07d79d7d23dd: shutdown FollowerState
2019-08-20 10:22:57,215 INFO  impl.StateMachineUpdater (StateMachineUpdater.java:stopAndJoin(115)) - StateMachineUpdater:c82cdedb-f905-4590-81cd-07d79d7d23dd:group-353371B88678: set stopIndex = 5
2019-08-20 10:22:57,215 INFO  impl.FollowerState (FollowerState.java:run(114)) - c82cdedb-f905-4590-81cd-07d79d7d23dd: FollowerState was interrupted: java.lang.InterruptedException: sleep interrupted
2019-08-20 10:22:57,215 INFO  ratis.ContainerStateMachine (ContainerStateMachine.java:takeSnapshot(271)) - group-353371B88678: Taking a snapshot at:(t:1, i:5) file /workdir/hadoop-ozone/integration-test/target/test-dir/MiniOzoneClusterImpl-bb41d155-d46c-4d70-b443-e80a9547f56a/datanode-3/data/ratis/43b01dd9-e950-4d92-824f-353371b88678/sm/snapshot.1_5
2019-08-20 10:22:57,223 INFO  statemachine.DatanodeStateMachine (DatanodeStateMachine.java:stopDaemon(395)) - Ozone container server stopped.
2019-08-20 10:22:57,228 INFO  handler.ContextHandler (ContextHandler.java:doStop(910)) - Stopped o.e.j.w.WebAppContext@5f9f1886{/,null,UNAVAILABLE}{/hddsDatanode}
2019-08-20 10:22:57,229 INFO  server.AbstractConnector (AbstractConnector.java:doStop(318)) - Stopped ServerConnector@136a5572{HTTP/1.1,[http/1.1]}{0.0.0.0:0}
2019-08-20 10:22:57,231 INFO  ratis.ContainerStateMachine (ContainerStateMachine.java:takeSnapshot(282)) - group-353371B88678: Finished taking a snapshot at:(t:1, i:5) file:/workdir/hadoop-ozone/integration-test/target/test-dir/MiniOzoneClusterImpl-bb41d155-d46c-4d70-b443-e80a9547f56a/datanode-3/data/ratis/43b01dd9-e950-4d92-824f-353371b88678/sm/snapshot.1_5 time:15
2019-08-20 10:22:57,231 INFO  impl.StateMachineUpdater (StateMachineUpdater.java:takeSnapshot(242)) - StateMachineUpdater:c82cdedb-f905-4590-81cd-07d79d7d23dd:group-353371B88678: Took a snapshot at index 5
2019-08-20 10:22:57,231 INFO  handler.ContextHandler (ContextHandler.java:doStop(910)) - Stopped o.e.j.s.ServletContextHandler@448c4742{/static,jar:file:/home/user/.m2/repository/org/apache/hadoop/hadoop-hdds-container-service/0.5.0-SNAPSHOT/hadoop-hdds-container-service-0.5.0-SNAPSHOT.jar!/webapps/static,UNAVAILABLE}
2019-08-20 10:22:57,231 INFO  impl.StateMachineUpdater (StateMachineUpdater.java:lambda$new$0(80)) - StateMachineUpdater:c82cdedb-f905-4590-81cd-07d79d7d23dd:group-353371B88678: snapshotIndex: updateIncreasingly -1 -> 5
2019-08-20 10:22:57,233 INFO  handler.ContextHandler (ContextHandler.java:doStop(910)) - Stopped o.e.j.s.ServletContextHandler@6dc98c02{/logs,file:///workdir/hadoop-ozone/integration-test/target/log,UNAVAILABLE}
2019-08-20 10:22:57,233 INFO  impl.RaftServerImpl (ServerState.java:close(394)) - c82cdedb-f905-4590-81cd-07d79d7d23dd:group-353371B88678 closes. The last applied log index is 5
2019-08-20 10:22:57,234 INFO  datanode.ObjectStoreHandler (ObjectStoreHandler.java:close(155)) - Closing ObjectStoreHandler.
2019-08-20 10:22:57,234 INFO  segmented.SegmentedRaftLogWorker (SegmentedRaftLogWorker.java:run(313)) - c82cdedb-f905-4590-81cd-07d79d7d23dd-SegmentedRaftLogWorker:Storage Directory /workdir/hadoop-ozone/integration-test/target/test-dir/MiniOzoneClusterImpl-bb41d155-d46c-4d70-b443-e80a9547f56a/datanode-3/data/ratis/43b01dd9-e950-4d92-824f-353371b88678 was interrupted, exiting. There are 0 tasks remaining in the queue.
2019-08-20 10:22:57,234 INFO  segmented.SegmentedRaftLogWorker (SegmentedRaftLogWorker.java:close(228)) - c82cdedb-f905-4590-81cd-07d79d7d23dd-SegmentedRaftLogWorker:Storage Directory /workdir/hadoop-ozone/integration-test/target/test-dir/MiniOzoneClusterImpl-bb41d155-d46c-4d70-b443-e80a9547f56a/datanode-3/data/ratis/43b01dd9-e950-4d92-824f-353371b88678 close()
2019-08-20 10:22:57,234 INFO  ozone.HddsDatanodeService (HddsDatanodeService.java:stop(451)) - Stopped plug-in org.apache.hadoop.ozone.web.OzoneHddsDatanodeService@13ac1657
2019-08-20 10:22:57,236 INFO  server.GrpcService (GrpcService.java:closeImpl(155)) - c82cdedb-f905-4590-81cd-07d79d7d23dd: shutdown server with port 45135 now
2019-08-20 10:22:57,237 WARN  server.GrpcServerProtocolService (LogUtils.java:warn(134)) - c82cdedb-f905-4590-81cd-07d79d7d23dd: appendEntries onError: org.apache.ratis.thirdparty.io.grpc.StatusRuntimeException: CANCELLED: cancelled before receiving half close
2019-08-20 10:22:57,237 INFO  server.GrpcService (GrpcService.java:closeImpl(163)) - c82cdedb-f905-4590-81cd-07d79d7d23dd: shutdown server with port 45135 successfully
2019-08-20 10:22:57,238 WARN  server.GrpcLogAppender (LogUtils.java:warn(134)) - b2ac5990-f7ad-4521-bd7b-8d54ab25a987->c82cdedb-f905-4590-81cd-07d79d7d23dd: Failed appendEntries: org.apache.ratis.thirdparty.io.grpc.StatusRuntimeException: CANCELLED: HTTP/2 error code: CANCEL
Received Rst Stream
2019-08-20 10:22:57,240 INFO  impl.FollowerInfo (FollowerInfo.java:lambda$new$0(50)) - b2ac5990-f7ad-4521-bd7b-8d54ab25a987->c82cdedb-f905-4590-81cd-07d79d7d23dd: nextIndex: updateUnconditionally 7 -> 6
2019-08-20 10:22:57,241 INFO  utils.BackgroundService (BackgroundService.java:shutdown(148)) - Shutting down service BlockDeletingService
2019-08-20 10:22:57,242 WARN  fs.CachingGetSpaceUsed (CachingGetSpaceUsed.java:run(183)) - Thread Interrupted waiting to refresh disk information: sleep interrupted
2019-08-20 10:22:57,263 INFO  statemachine.DatanodeStateMachine (DatanodeStateMachine.java:stopDaemon(395)) - Ozone container server stopped.
2019-08-20 10:22:57,264 INFO  handler.ContextHandler (ContextHandler.java:doStop(910)) - Stopped o.e.j.w.WebAppContext@73983f07{/,null,UNAVAILABLE}{/hddsDatanode}
2019-08-20 10:22:57,265 INFO  server.AbstractConnector (AbstractConnector.java:doStop(318)) - Stopped ServerConnector@35fddea2{HTTP/1.1,[http/1.1]}{0.0.0.0:0}
2019-08-20 10:22:57,265 INFO  handler.ContextHandler (ContextHandler.java:doStop(910)) - Stopped o.e.j.s.ServletContextHandler@81f9b01{/static,jar:file:/home/user/.m2/repository/org/apache/hadoop/hadoop-hdds-container-service/0.5.0-SNAPSHOT/hadoop-hdds-container-service-0.5.0-SNAPSHOT.jar!/webapps/static,UNAVAILABLE}
2019-08-20 10:22:57,266 INFO  handler.ContextHandler (ContextHandler.java:doStop(910)) - Stopped o.e.j.s.ServletContextHandler@77ac7cd6{/logs,file:///workdir/hadoop-ozone/integration-test/target/log,UNAVAILABLE}
2019-08-20 10:22:57,267 INFO  datanode.ObjectStoreHandler (ObjectStoreHandler.java:close(155)) - Closing ObjectStoreHandler.
2019-08-20 10:22:57,267 INFO  ozone.HddsDatanodeService (HddsDatanodeService.java:stop(451)) - Stopped plug-in org.apache.hadoop.ozone.web.OzoneHddsDatanodeService@5dce3e82
2019-08-20 10:22:57,300 INFO  statemachine.DatanodeStateMachine (DatanodeStateMachine.java:lambda$startDaemon$0(350)) - Ozone container server started.
2019-08-20 10:22:57,476 WARN  server.GrpcLogAppender (LogUtils.java:warn(134)) - b2ac5990-f7ad-4521-bd7b-8d54ab25a987->c82cdedb-f905-4590-81cd-07d79d7d23dd: Failed appendEntries: org.apache.ratis.thirdparty.io.grpc.StatusRuntimeException: UNAVAILABLE: io exception
2019-08-20 10:22:57,477 INFO  impl.FollowerInfo (FollowerInfo.java:lambda$new$0(50)) - b2ac5990-f7ad-4521-bd7b-8d54ab25a987->c82cdedb-f905-4590-81cd-07d79d7d23dd: nextIndex: updateUnconditionally 6 -> 5
2019-08-20 10:22:57,477 WARN  server.GrpcLogAppender (LogUtils.java:warn(134)) - b2ac5990-f7ad-4521-bd7b-8d54ab25a987->eddcc57c-da79-40bf-a8f7-7b350fcd6b06: Failed appendEntries: org.apache.ratis.thirdparty.io.grpc.StatusRuntimeException: UNAVAILABLE: io exception
2019-08-20 10:22:57,478 INFO  impl.FollowerInfo (FollowerInfo.java:lambda$new$0(50)) - b2ac5990-f7ad-4521-bd7b-8d54ab25a987->eddcc57c-da79-40bf-a8f7-7b350fcd6b06: nextIndex: updateUnconditionally 3 -> 2
2019-08-20 10:22:58,012 INFO  statemachine.DatanodeStateMachine (DatanodeStateMachine.java:lambda$startDaemon$0(350)) - Ozone container server started.
2019-08-20 10:22:59,977 WARN  server.GrpcLogAppender (LogUtils.java:warn(134)) - b2ac5990-f7ad-4521-bd7b-8d54ab25a987->eddcc57c-da79-40bf-a8f7-7b350fcd6b06: Failed appendEntries: org.apache.ratis.thirdparty.io.grpc.StatusRuntimeException: UNAVAILABLE: io exception
2019-08-20 10:22:59,977 WARN  server.GrpcLogAppender (LogUtils.java:warn(134)) - b2ac5990-f7ad-4521-bd7b-8d54ab25a987->c82cdedb-f905-4590-81cd-07d79d7d23dd: Failed appendEntries: org.apache.ratis.thirdparty.io.grpc.StatusRuntimeException: UNAVAILABLE: io exception
2019-08-20 10:22:59,977 INFO  impl.FollowerInfo (FollowerInfo.java:lambda$new$0(50)) - b2ac5990-f7ad-4521-bd7b-8d54ab25a987->eddcc57c-da79-40bf-a8f7-7b350fcd6b06: nextIndex: updateUnconditionally 2 -> 1
2019-08-20 10:22:59,978 INFO  impl.FollowerInfo (FollowerInfo.java:lambda$new$0(50)) - b2ac5990-f7ad-4521-bd7b-8d54ab25a987->c82cdedb-f905-4590-81cd-07d79d7d23dd: nextIndex: updateUnconditionally 5 -> 4
2019-08-20 10:23:01,127 INFO  impl.FollowerState (FollowerState.java:run(106)) - b05059df-7997-4957-9fd0-0ea4223a0acd:group-37608DAA6D43 changes to CANDIDATE, lastRpcTime:6062, electionTimeout:5018ms
2019-08-20 10:23:01,127 INFO  impl.RoleInfo (RoleInfo.java:shutdownFollowerState(121)) - b05059df-7997-4957-9fd0-0ea4223a0acd: shutdown FollowerState
2019-08-20 10:23:01,127 INFO  impl.RaftServerImpl (RaftServerImpl.java:setRole(171)) - b05059df-7997-4957-9fd0-0ea4223a0acd:group-37608DAA6D43 changes role from FOLLOWER to CANDIDATE at term 1 for changeToCandidate
2019-08-20 10:23:01,127 INFO  impl.RoleInfo (RoleInfo.java:updateAndGet(143)) - b05059df-7997-4957-9fd0-0ea4223a0acd: start LeaderElection
2019-08-20 10:23:01,131 INFO  impl.RaftServerImpl (ServerState.java:setLeader(263)) - b05059df-7997-4957-9fd0-0ea4223a0acd:group-37608DAA6D43 change Leader from 1d8252e2-7ee6-4584-bcee-e901b160468a to null at term 1 for initElection
2019-08-20 10:23:01,145 INFO  impl.LeaderElection (LeaderElection.java:askForVotes(181)) - b05059df-7997-4957-9fd0-0ea4223a0acd:group-37608DAA6D43:LeaderElection73: begin an election at term 2 for 0: [3d9010da-9b0a-4e14-9571-cee7193e93f5:192.168.5.133:43752, b05059df-7997-4957-9fd0-0ea4223a0acd:192.168.5.133:33627, 1d8252e2-7ee6-4584-bcee-e901b160468a:192.168.5.133:41474], old=null
2019-08-20 10:23:01,148 INFO  impl.LeaderElection (LogUtils.java:infoOrTrace(149)) - b05059df-7997-4957-9fd0-0ea4223a0acd:group-37608DAA6D43:LeaderElection73 got exception when requesting votes: {}
java.util.concurrent.ExecutionException: org.apache.ratis.thirdparty.io.grpc.StatusRuntimeException: UNAVAILABLE: io exception
	at java.util.concurrent.FutureTask.report(FutureTask.java:122)
	at java.util.concurrent.FutureTask.get(FutureTask.java:192)
	at org.apache.ratis.server.impl.LeaderElection.waitForResults(LeaderElection.java:262)
	at org.apache.ratis.server.impl.LeaderElection.askForVotes(LeaderElection.java:200)
	at org.apache.ratis.server.impl.LeaderElection.run(LeaderElection.java:130)
	at java.lang.Thread.run(Thread.java:748)
Caused by: org.apache.ratis.thirdparty.io.grpc.StatusRuntimeException: UNAVAILABLE: io exception
	at org.apache.ratis.thirdparty.io.grpc.stub.ClientCalls.toStatusRuntimeException(ClientCalls.java:233)
	at org.apache.ratis.thirdparty.io.grpc.stub.ClientCalls.getUnchecked(ClientCalls.java:214)
	at org.apache.ratis.thirdparty.io.grpc.stub.ClientCalls.blockingUnaryCall(ClientCalls.java:139)
	at org.apache.ratis.proto.grpc.RaftServerProtocolServiceGrpc$RaftServerProtocolServiceBlockingStub.requestVote(RaftServerProtocolServiceGrpc.java:265)
	at org.apache.ratis.grpc.server.GrpcServerProtocolClient.requestVote(GrpcServerProtocolClient.java:83)
	at org.apache.ratis.grpc.server.GrpcService.requestVote(GrpcService.java:195)
	at org.apache.ratis.server.impl.LeaderElection.lambda$submitRequests$1(LeaderElection.java:237)
	at java.util.concurrent.FutureTask.run(FutureTask.java:266)
	at java.util.concurrent.Executors$RunnableAdapter.call(Executors.java:511)
	at java.util.concurrent.FutureTask.run(FutureTask.java:266)
	at java.util.concurrent.ThreadPoolExecutor.runWorker(ThreadPoolExecutor.java:1149)
	at java.util.concurrent.ThreadPoolExecutor$Worker.run(ThreadPoolExecutor.java:624)
	... 1 more
Caused by: org.apache.ratis.thirdparty.io.netty.channel.AbstractChannel$AnnotatedConnectException: Connection refused: /192.168.5.133:41474
	at sun.nio.ch.SocketChannelImpl.checkConnect(Native Method)
	at sun.nio.ch.SocketChannelImpl.finishConnect(SocketChannelImpl.java:717)
	at org.apache.ratis.thirdparty.io.netty.channel.socket.nio.NioSocketChannel.doFinishConnect(NioSocketChannel.java:327)
	at org.apache.ratis.thirdparty.io.netty.channel.nio.AbstractNioChannel$AbstractNioUnsafe.finishConnect(AbstractNioChannel.java:340)
	at org.apache.ratis.thirdparty.io.netty.channel.nio.NioEventLoop.processSelectedKey(NioEventLoop.java:632)
	at org.apache.ratis.thirdparty.io.netty.channel.nio.NioEventLoop.processSelectedKeysOptimized(NioEventLoop.java:579)
	at org.apache.ratis.thirdparty.io.netty.channel.nio.NioEventLoop.processSelectedKeys(NioEventLoop.java:496)
	at org.apache.ratis.thirdparty.io.netty.channel.nio.NioEventLoop.run(NioEventLoop.java:458)
	at org.apache.ratis.thirdparty.io.netty.util.concurrent.SingleThreadEventExecutor$5.run(SingleThreadEventExecutor.java:897)
	at org.apache.ratis.thirdparty.io.netty.util.concurrent.FastThreadLocalRunnable.run(FastThreadLocalRunnable.java:30)
	... 1 more
Caused by: java.net.ConnectException: Connection refused
	... 11 more
2019-08-20 10:23:01,150 INFO  impl.LeaderElection (LogUtils.java:infoOrTrace(149)) - b05059df-7997-4957-9fd0-0ea4223a0acd:group-37608DAA6D43:LeaderElection73 got exception when requesting votes: {}
java.util.concurrent.ExecutionException: org.apache.ratis.thirdparty.io.grpc.StatusRuntimeException: UNAVAILABLE: io exception
	at java.util.concurrent.FutureTask.report(FutureTask.java:122)
	at java.util.concurrent.FutureTask.get(FutureTask.java:192)
	at org.apache.ratis.server.impl.LeaderElection.waitForResults(LeaderElection.java:262)
	at org.apache.ratis.server.impl.LeaderElection.askForVotes(LeaderElection.java:200)
	at org.apache.ratis.server.impl.LeaderElection.run(LeaderElection.java:130)
	at java.lang.Thread.run(Thread.java:748)
Caused by: org.apache.ratis.thirdparty.io.grpc.StatusRuntimeException: UNAVAILABLE: io exception
	at org.apache.ratis.thirdparty.io.grpc.stub.ClientCalls.toStatusRuntimeException(ClientCalls.java:233)
	at org.apache.ratis.thirdparty.io.grpc.stub.ClientCalls.getUnchecked(ClientCalls.java:214)
	at org.apache.ratis.thirdparty.io.grpc.stub.ClientCalls.blockingUnaryCall(ClientCalls.java:139)
	at org.apache.ratis.proto.grpc.RaftServerProtocolServiceGrpc$RaftServerProtocolServiceBlockingStub.requestVote(RaftServerProtocolServiceGrpc.java:265)
	at org.apache.ratis.grpc.server.GrpcServerProtocolClient.requestVote(GrpcServerProtocolClient.java:83)
	at org.apache.ratis.grpc.server.GrpcService.requestVote(GrpcService.java:195)
	at org.apache.ratis.server.impl.LeaderElection.lambda$submitRequests$1(LeaderElection.java:237)
	at java.util.concurrent.FutureTask.run(FutureTask.java:266)
	at java.util.concurrent.Executors$RunnableAdapter.call(Executors.java:511)
	at java.util.concurrent.FutureTask.run(FutureTask.java:266)
	at java.util.concurrent.ThreadPoolExecutor.runWorker(ThreadPoolExecutor.java:1149)
	at java.util.concurrent.ThreadPoolExecutor$Worker.run(ThreadPoolExecutor.java:624)
	... 1 more
Caused by: org.apache.ratis.thirdparty.io.netty.channel.AbstractChannel$AnnotatedConnectException: Connection refused: /192.168.5.133:43752
	at sun.nio.ch.SocketChannelImpl.checkConnect(Native Method)
	at sun.nio.ch.SocketChannelImpl.finishConnect(SocketChannelImpl.java:717)
	at org.apache.ratis.thirdparty.io.netty.channel.socket.nio.NioSocketChannel.doFinishConnect(NioSocketChannel.java:327)
	at org.apache.ratis.thirdparty.io.netty.channel.nio.AbstractNioChannel$AbstractNioUnsafe.finishConnect(AbstractNioChannel.java:340)
	at org.apache.ratis.thirdparty.io.netty.channel.nio.NioEventLoop.processSelectedKey(NioEventLoop.java:632)
	at org.apache.ratis.thirdparty.io.netty.channel.nio.NioEventLoop.processSelectedKeysOptimized(NioEventLoop.java:579)
	at org.apache.ratis.thirdparty.io.netty.channel.nio.NioEventLoop.processSelectedKeys(NioEventLoop.java:496)
	at org.apache.ratis.thirdparty.io.netty.channel.nio.NioEventLoop.run(NioEventLoop.java:458)
	at org.apache.ratis.thirdparty.io.netty.util.concurrent.SingleThreadEventExecutor$5.run(SingleThreadEventExecutor.java:897)
	at org.apache.ratis.thirdparty.io.netty.util.concurrent.FastThreadLocalRunnable.run(FastThreadLocalRunnable.java:30)
	... 1 more
Caused by: java.net.ConnectException: Connection refused
	... 11 more
2019-08-20 10:23:01,152 INFO  impl.LeaderElection (LeaderElection.java:logAndReturn(56)) - b05059df-7997-4957-9fd0-0ea4223a0acd:group-37608DAA6D43:LeaderElection73: Election REJECTED; received 0 response(s) [] and 2 exception(s); b05059df-7997-4957-9fd0-0ea4223a0acd:t2, leader=null, voted=b05059df-7997-4957-9fd0-0ea4223a0acd, raftlog=b05059df-7997-4957-9fd0-0ea4223a0acd-SegmentedRaftLog:OPENED:c15,f15,i15, conf=0: [3d9010da-9b0a-4e14-9571-cee7193e93f5:192.168.5.133:43752, b05059df-7997-4957-9fd0-0ea4223a0acd:192.168.5.133:33627, 1d8252e2-7ee6-4584-bcee-e901b160468a:192.168.5.133:41474], old=null
2019-08-20 10:23:01,152 INFO  impl.LeaderElection (LogUtils.java:infoOrTrace(149)) -   Exception 0: {}
java.util.concurrent.ExecutionException: org.apache.ratis.thirdparty.io.grpc.StatusRuntimeException: UNAVAILABLE: io exception
	at java.util.concurrent.FutureTask.report(FutureTask.java:122)
	at java.util.concurrent.FutureTask.get(FutureTask.java:192)
	at org.apache.ratis.server.impl.LeaderElection.waitForResults(LeaderElection.java:262)
	at org.apache.ratis.server.impl.LeaderElection.askForVotes(LeaderElection.java:200)
	at org.apache.ratis.server.impl.LeaderElection.run(LeaderElection.java:130)
	at java.lang.Thread.run(Thread.java:748)
Caused by: org.apache.ratis.thirdparty.io.grpc.StatusRuntimeException: UNAVAILABLE: io exception
	at org.apache.ratis.thirdparty.io.grpc.stub.ClientCalls.toStatusRuntimeException(ClientCalls.java:233)
	at org.apache.ratis.thirdparty.io.grpc.stub.ClientCalls.getUnchecked(ClientCalls.java:214)
	at org.apache.ratis.thirdparty.io.grpc.stub.ClientCalls.blockingUnaryCall(ClientCalls.java:139)
	at org.apache.ratis.proto.grpc.RaftServerProtocolServiceGrpc$RaftServerProtocolServiceBlockingStub.requestVote(RaftServerProtocolServiceGrpc.java:265)
	at org.apache.ratis.grpc.server.GrpcServerProtocolClient.requestVote(GrpcServerProtocolClient.java:83)
	at org.apache.ratis.grpc.server.GrpcService.requestVote(GrpcService.java:195)
	at org.apache.ratis.server.impl.LeaderElection.lambda$submitRequests$1(LeaderElection.java:237)
	at java.util.concurrent.FutureTask.run(FutureTask.java:266)
	at java.util.concurrent.Executors$RunnableAdapter.call(Executors.java:511)
	at java.util.concurrent.FutureTask.run(FutureTask.java:266)
	at java.util.concurrent.ThreadPoolExecutor.runWorker(ThreadPoolExecutor.java:1149)
	at java.util.concurrent.ThreadPoolExecutor$Worker.run(ThreadPoolExecutor.java:624)
	... 1 more
Caused by: org.apache.ratis.thirdparty.io.netty.channel.AbstractChannel$AnnotatedConnectException: Connection refused: /192.168.5.133:41474
	at sun.nio.ch.SocketChannelImpl.checkConnect(Native Method)
	at sun.nio.ch.SocketChannelImpl.finishConnect(SocketChannelImpl.java:717)
	at org.apache.ratis.thirdparty.io.netty.channel.socket.nio.NioSocketChannel.doFinishConnect(NioSocketChannel.java:327)
	at org.apache.ratis.thirdparty.io.netty.channel.nio.AbstractNioChannel$AbstractNioUnsafe.finishConnect(AbstractNioChannel.java:340)
	at org.apache.ratis.thirdparty.io.netty.channel.nio.NioEventLoop.processSelectedKey(NioEventLoop.java:632)
	at org.apache.ratis.thirdparty.io.netty.channel.nio.NioEventLoop.processSelectedKeysOptimized(NioEventLoop.java:579)
	at org.apache.ratis.thirdparty.io.netty.channel.nio.NioEventLoop.processSelectedKeys(NioEventLoop.java:496)
	at org.apache.ratis.thirdparty.io.netty.channel.nio.NioEventLoop.run(NioEventLoop.java:458)
	at org.apache.ratis.thirdparty.io.netty.util.concurrent.SingleThreadEventExecutor$5.run(SingleThreadEventExecutor.java:897)
	at org.apache.ratis.thirdparty.io.netty.util.concurrent.FastThreadLocalRunnable.run(FastThreadLocalRunnable.java:30)
	... 1 more
Caused by: java.net.ConnectException: Connection refused
	... 11 more
2019-08-20 10:23:01,152 INFO  impl.LeaderElection (LogUtils.java:infoOrTrace(149)) -   Exception 1: {}
java.util.concurrent.ExecutionException: org.apache.ratis.thirdparty.io.grpc.StatusRuntimeException: UNAVAILABLE: io exception
	at java.util.concurrent.FutureTask.report(FutureTask.java:122)
	at java.util.concurrent.FutureTask.get(FutureTask.java:192)
	at org.apache.ratis.server.impl.LeaderElection.waitForResults(LeaderElection.java:262)
	at org.apache.ratis.server.impl.LeaderElection.askForVotes(LeaderElection.java:200)
	at org.apache.ratis.server.impl.LeaderElection.run(LeaderElection.java:130)
	at java.lang.Thread.run(Thread.java:748)
Caused by: org.apache.ratis.thirdparty.io.grpc.StatusRuntimeException: UNAVAILABLE: io exception
	at org.apache.ratis.thirdparty.io.grpc.stub.ClientCalls.toStatusRuntimeException(ClientCalls.java:233)
	at org.apache.ratis.thirdparty.io.grpc.stub.ClientCalls.getUnchecked(ClientCalls.java:214)
	at org.apache.ratis.thirdparty.io.grpc.stub.ClientCalls.blockingUnaryCall(ClientCalls.java:139)
	at org.apache.ratis.proto.grpc.RaftServerProtocolServiceGrpc$RaftServerProtocolServiceBlockingStub.requestVote(RaftServerProtocolServiceGrpc.java:265)
	at org.apache.ratis.grpc.server.GrpcServerProtocolClient.requestVote(GrpcServerProtocolClient.java:83)
	at org.apache.ratis.grpc.server.GrpcService.requestVote(GrpcService.java:195)
	at org.apache.ratis.server.impl.LeaderElection.lambda$submitRequests$1(LeaderElection.java:237)
	at java.util.concurrent.FutureTask.run(FutureTask.java:266)
	at java.util.concurrent.Executors$RunnableAdapter.call(Executors.java:511)
	at java.util.concurrent.FutureTask.run(FutureTask.java:266)
	at java.util.concurrent.ThreadPoolExecutor.runWorker(ThreadPoolExecutor.java:1149)
	at java.util.concurrent.ThreadPoolExecutor$Worker.run(ThreadPoolExecutor.java:624)
	... 1 more
Caused by: org.apache.ratis.thirdparty.io.netty.channel.AbstractChannel$AnnotatedConnectException: Connection refused: /192.168.5.133:43752
	at sun.nio.ch.SocketChannelImpl.checkConnect(Native Method)
	at sun.nio.ch.SocketChannelImpl.finishConnect(SocketChannelImpl.java:717)
	at org.apache.ratis.thirdparty.io.netty.channel.socket.nio.NioSocketChannel.doFinishConnect(NioSocketChannel.java:327)
	at org.apache.ratis.thirdparty.io.netty.channel.nio.AbstractNioChannel$AbstractNioUnsafe.finishConnect(AbstractNioChannel.java:340)
	at org.apache.ratis.thirdparty.io.netty.channel.nio.NioEventLoop.processSelectedKey(NioEventLoop.java:632)
	at org.apache.ratis.thirdparty.io.netty.channel.nio.NioEventLoop.processSelectedKeysOptimized(NioEventLoop.java:579)
	at org.apache.ratis.thirdparty.io.netty.channel.nio.NioEventLoop.processSelectedKeys(NioEventLoop.java:496)
	at org.apache.ratis.thirdparty.io.netty.channel.nio.NioEventLoop.run(NioEventLoop.java:458)
	at org.apache.ratis.thirdparty.io.netty.util.concurrent.SingleThreadEventExecutor$5.run(SingleThreadEventExecutor.java:897)
	at org.apache.ratis.thirdparty.io.netty.util.concurrent.FastThreadLocalRunnable.run(FastThreadLocalRunnable.java:30)
	... 1 more
Caused by: java.net.ConnectException: Connection refused
	... 11 more
2019-08-20 10:23:01,152 INFO  impl.RaftServerImpl (RaftServerImpl.java:setRole(171)) - b05059df-7997-4957-9fd0-0ea4223a0acd:group-37608DAA6D43 changes role from CANDIDATE to FOLLOWER at term 2 for DISCOVERED_A_NEW_TERM
2019-08-20 10:23:01,153 INFO  impl.RoleInfo (RoleInfo.java:shutdownLeaderElection(134)) - b05059df-7997-4957-9fd0-0ea4223a0acd: shutdown LeaderElection
2019-08-20 10:23:01,153 INFO  impl.RoleInfo (RoleInfo.java:updateAndGet(143)) - b05059df-7997-4957-9fd0-0ea4223a0acd: start FollowerState
2019-08-20 10:23:01,398 INFO  node.StaleNodeHandler (StaleNodeHandler.java:onMessage(58)) - Datanode b05059df-7997-4957-9fd0-0ea4223a0acd{ip: 192.168.5.133, host: pr-hdds-1054s69ht-3886455778, networkLocation: /default-rack, certSerialId: null} moved to stale state. Finalizing its pipelines [PipelineID=4a2c8311-6016-4e11-9f48-a8f6048feb3d, PipelineID=8719a123-c0d3-44ff-87f1-37608daa6d43]
2019-08-20 10:23:01,399 INFO  pipeline.SCMPipelineManager (SCMPipelineManager.java:finalizeAndDestroyPipeline(309)) - destroying pipeline:Pipeline[ Id: 4a2c8311-6016-4e11-9f48-a8f6048feb3d, Nodes: b05059df-7997-4957-9fd0-0ea4223a0acd{ip: 192.168.5.133, host: pr-hdds-1054s69ht-3886455778, networkLocation: /default-rack, certSerialId: null}, Type:RATIS, Factor:ONE, State:OPEN]
2019-08-20 10:23:01,399 INFO  pipeline.PipelineStateManager (PipelineStateManager.java:finalizePipeline(123)) - Pipeline Pipeline[ Id: 4a2c8311-6016-4e11-9f48-a8f6048feb3d, Nodes: b05059df-7997-4957-9fd0-0ea4223a0acd{ip: 192.168.5.133, host: pr-hdds-1054s69ht-3886455778, networkLocation: /default-rack, certSerialId: null}, Type:RATIS, Factor:ONE, State:CLOSED] moved to CLOSED state
2019-08-20 10:23:01,399 INFO  pipeline.SCMPipelineManager (SCMPipelineManager.java:finalizeAndDestroyPipeline(309)) - destroying pipeline:Pipeline[ Id: 8719a123-c0d3-44ff-87f1-37608daa6d43, Nodes: 1d8252e2-7ee6-4584-bcee-e901b160468a{ip: 192.168.5.133, host: pr-hdds-1054s69ht-3886455778, networkLocation: /default-rack, certSerialId: null}3d9010da-9b0a-4e14-9571-cee7193e93f5{ip: 192.168.5.133, host: pr-hdds-1054s69ht-3886455778, networkLocation: /default-rack, certSerialId: null}b05059df-7997-4957-9fd0-0ea4223a0acd{ip: 192.168.5.133, host: pr-hdds-1054s69ht-3886455778, networkLocation: /default-rack, certSerialId: null}, Type:RATIS, Factor:THREE, State:CLOSED]
2019-08-20 10:23:02,099 INFO  node.StaleNodeHandler (StaleNodeHandler.java:onMessage(58)) - Datanode b2ac5990-f7ad-4521-bd7b-8d54ab25a987{ip: 192.168.5.133, host: pr-hdds-1054s69ht-3886455778, networkLocation: /default-rack, certSerialId: null} moved to stale state. Finalizing its pipelines [PipelineID=42a37647-de11-4a61-9c4e-bd195e58821d, PipelineID=43b01dd9-e950-4d92-824f-353371b88678]
2019-08-20 10:23:02,100 INFO  pipeline.SCMPipelineManager (SCMPipelineManager.java:finalizeAndDestroyPipeline(309)) - destroying pipeline:Pipeline[ Id: 42a37647-de11-4a61-9c4e-bd195e58821d, Nodes: b2ac5990-f7ad-4521-bd7b-8d54ab25a987{ip: 192.168.5.133, host: pr-hdds-1054s69ht-3886455778, networkLocation: /default-rack, certSerialId: null}, Type:RATIS, Factor:ONE, State:OPEN]
2019-08-20 10:23:02,100 INFO  pipeline.PipelineStateManager (PipelineStateManager.java:finalizePipeline(123)) - Pipeline Pipeline[ Id: 42a37647-de11-4a61-9c4e-bd195e58821d, Nodes: b2ac5990-f7ad-4521-bd7b-8d54ab25a987{ip: 192.168.5.133, host: pr-hdds-1054s69ht-3886455778, networkLocation: /default-rack, certSerialId: null}, Type:RATIS, Factor:ONE, State:CLOSED] moved to CLOSED state
2019-08-20 10:23:02,100 INFO  pipeline.SCMPipelineManager (SCMPipelineManager.java:finalizeAndDestroyPipeline(309)) - destroying pipeline:Pipeline[ Id: 43b01dd9-e950-4d92-824f-353371b88678, Nodes: c82cdedb-f905-4590-81cd-07d79d7d23dd{ip: 192.168.5.133, host: pr-hdds-1054s69ht-3886455778, networkLocation: /default-rack, certSerialId: null}b2ac5990-f7ad-4521-bd7b-8d54ab25a987{ip: 192.168.5.133, host: pr-hdds-1054s69ht-3886455778, networkLocation: /default-rack, certSerialId: null}eddcc57c-da79-40bf-a8f7-7b350fcd6b06{ip: 192.168.5.133, host: pr-hdds-1054s69ht-3886455778, networkLocation: /default-rack, certSerialId: null}, Type:RATIS, Factor:THREE, State:CLOSED]
2019-08-20 10:23:02,237 INFO  ozoneimpl.OzoneContainer (OzoneContainer.java:stop(199)) - Attempting to stop container services.
2019-08-20 10:23:02,238 INFO  impl.RaftServerProxy (RaftServerProxy.java:lambda$close$4(314)) - b05059df-7997-4957-9fd0-0ea4223a0acd: close
2019-08-20 10:23:02,238 INFO  impl.RaftServerImpl (RaftServerImpl.java:lambda$shutdown$3(245)) - b05059df-7997-4957-9fd0-0ea4223a0acd: shutdown group-A8F6048FEB3D
2019-08-20 10:23:02,238 INFO  util.JmxRegister (JmxRegister.java:unregister(73)) - Successfully un-registered JMX Bean with object name Ratis:service=RaftServer,group=group-A8F6048FEB3D,id=b05059df-7997-4957-9fd0-0ea4223a0acd
2019-08-20 10:23:02,239 INFO  impl.RoleInfo (RoleInfo.java:shutdownLeaderState(104)) - b05059df-7997-4957-9fd0-0ea4223a0acd: shutdown LeaderState
2019-08-20 10:23:02,239 INFO  impl.PendingRequests (PendingRequests.java:sendNotLeaderResponses(202)) - b05059df-7997-4957-9fd0-0ea4223a0acd-PendingRequests: sendNotLeaderResponses
2019-08-20 10:23:02,239 INFO  impl.StateMachineUpdater (StateMachineUpdater.java:stopAndJoin(115)) - StateMachineUpdater:b05059df-7997-4957-9fd0-0ea4223a0acd:group-A8F6048FEB3D: set stopIndex = 0
2019-08-20 10:23:02,240 INFO  impl.RaftServerImpl (ServerState.java:close(394)) - b05059df-7997-4957-9fd0-0ea4223a0acd:group-A8F6048FEB3D closes. The last applied log index is 0
2019-08-20 10:23:02,240 INFO  segmented.SegmentedRaftLogWorker (SegmentedRaftLogWorker.java:run(313)) - b05059df-7997-4957-9fd0-0ea4223a0acd-SegmentedRaftLogWorker:Storage Directory /workdir/hadoop-ozone/integration-test/target/test-dir/MiniOzoneClusterImpl-bb41d155-d46c-4d70-b443-e80a9547f56a/datanode-0/data/ratis/4a2c8311-6016-4e11-9f48-a8f6048feb3d was interrupted, exiting. There are 0 tasks remaining in the queue.
2019-08-20 10:23:02,240 INFO  segmented.SegmentedRaftLogWorker (SegmentedRaftLogWorker.java:close(228)) - b05059df-7997-4957-9fd0-0ea4223a0acd-SegmentedRaftLogWorker:Storage Directory /workdir/hadoop-ozone/integration-test/target/test-dir/MiniOzoneClusterImpl-bb41d155-d46c-4d70-b443-e80a9547f56a/datanode-0/data/ratis/4a2c8311-6016-4e11-9f48-a8f6048feb3d close()
2019-08-20 10:23:02,243 INFO  impl.RaftServerImpl (RaftServerImpl.java:lambda$shutdown$3(245)) - b05059df-7997-4957-9fd0-0ea4223a0acd: shutdown group-37608DAA6D43
2019-08-20 10:23:02,243 INFO  util.JmxRegister (JmxRegister.java:unregister(73)) - Successfully un-registered JMX Bean with object name Ratis:service=RaftServer,group=group-37608DAA6D43,id=b05059df-7997-4957-9fd0-0ea4223a0acd
2019-08-20 10:23:02,243 INFO  impl.RoleInfo (RoleInfo.java:shutdownFollowerState(121)) - b05059df-7997-4957-9fd0-0ea4223a0acd: shutdown FollowerState
2019-08-20 10:23:02,244 INFO  impl.StateMachineUpdater (StateMachineUpdater.java:stopAndJoin(115)) - StateMachineUpdater:b05059df-7997-4957-9fd0-0ea4223a0acd:group-37608DAA6D43: set stopIndex = 15
2019-08-20 10:23:02,244 INFO  ratis.ContainerStateMachine (ContainerStateMachine.java:takeSnapshot(271)) - group-37608DAA6D43: Taking a snapshot at:(t:1, i:15) file /workdir/hadoop-ozone/integration-test/target/test-dir/MiniOzoneClusterImpl-bb41d155-d46c-4d70-b443-e80a9547f56a/datanode-0/data/ratis/8719a123-c0d3-44ff-87f1-37608daa6d43/sm/snapshot.1_15
2019-08-20 10:23:02,244 INFO  impl.FollowerState (FollowerState.java:run(114)) - b05059df-7997-4957-9fd0-0ea4223a0acd: FollowerState was interrupted: java.lang.InterruptedException: sleep interrupted
2019-08-20 10:23:02,268 INFO  ozoneimpl.OzoneContainer (OzoneContainer.java:stop(199)) - Attempting to stop container services.
2019-08-20 10:23:02,269 INFO  impl.RaftServerProxy (RaftServerProxy.java:lambda$close$4(314)) - b2ac5990-f7ad-4521-bd7b-8d54ab25a987: close
2019-08-20 10:23:02,269 INFO  impl.RaftServerImpl (RaftServerImpl.java:lambda$shutdown$3(245)) - b2ac5990-f7ad-4521-bd7b-8d54ab25a987: shutdown group-BD195E58821D
2019-08-20 10:23:02,269 INFO  util.JmxRegister (JmxRegister.java:unregister(73)) - Successfully un-registered JMX Bean with object name Ratis:service=RaftServer,group=group-BD195E58821D,id=b2ac5990-f7ad-4521-bd7b-8d54ab25a987
2019-08-20 10:23:02,270 INFO  impl.RoleInfo (RoleInfo.java:shutdownLeaderState(104)) - b2ac5990-f7ad-4521-bd7b-8d54ab25a987: shutdown LeaderState
2019-08-20 10:23:02,270 INFO  impl.PendingRequests (PendingRequests.java:sendNotLeaderResponses(202)) - b2ac5990-f7ad-4521-bd7b-8d54ab25a987-PendingRequests: sendNotLeaderResponses
2019-08-20 10:23:02,270 INFO  ratis.ContainerStateMachine (ContainerStateMachine.java:takeSnapshot(282)) - group-37608DAA6D43: Finished taking a snapshot at:(t:1, i:15) file:/workdir/hadoop-ozone/integration-test/target/test-dir/MiniOzoneClusterImpl-bb41d155-d46c-4d70-b443-e80a9547f56a/datanode-0/data/ratis/8719a123-c0d3-44ff-87f1-37608daa6d43/sm/snapshot.1_15 time:27
2019-08-20 10:23:02,271 INFO  impl.StateMachineUpdater (StateMachineUpdater.java:stopAndJoin(115)) - StateMachineUpdater:b2ac5990-f7ad-4521-bd7b-8d54ab25a987:group-BD195E58821D: set stopIndex = 0
2019-08-20 10:23:02,271 INFO  impl.StateMachineUpdater (StateMachineUpdater.java:takeSnapshot(242)) - StateMachineUpdater:b05059df-7997-4957-9fd0-0ea4223a0acd:group-37608DAA6D43: Took a snapshot at index 15
2019-08-20 10:23:02,271 INFO  impl.RaftServerImpl (ServerState.java:close(394)) - b2ac5990-f7ad-4521-bd7b-8d54ab25a987:group-BD195E58821D closes. The last applied log index is 0
2019-08-20 10:23:02,271 INFO  impl.StateMachineUpdater (StateMachineUpdater.java:lambda$new$0(80)) - StateMachineUpdater:b05059df-7997-4957-9fd0-0ea4223a0acd:group-37608DAA6D43: snapshotIndex: updateIncreasingly -1 -> 15
2019-08-20 10:23:02,272 INFO  segmented.SegmentedRaftLogWorker (SegmentedRaftLogWorker.java:run(313)) - b2ac5990-f7ad-4521-bd7b-8d54ab25a987-SegmentedRaftLogWorker:Storage Directory /workdir/hadoop-ozone/integration-test/target/test-dir/MiniOzoneClusterImpl-bb41d155-d46c-4d70-b443-e80a9547f56a/datanode-6/data/ratis/42a37647-de11-4a61-9c4e-bd195e58821d was interrupted, exiting. There are 0 tasks remaining in the queue.
2019-08-20 10:23:02,272 INFO  impl.RaftServerImpl (ServerState.java:close(394)) - b05059df-7997-4957-9fd0-0ea4223a0acd:group-37608DAA6D43 closes. The last applied log index is 15
2019-08-20 10:23:02,272 INFO  segmented.SegmentedRaftLogWorker (SegmentedRaftLogWorker.java:close(228)) - b2ac5990-f7ad-4521-bd7b-8d54ab25a987-SegmentedRaftLogWorker:Storage Directory /workdir/hadoop-ozone/integration-test/target/test-dir/MiniOzoneClusterImpl-bb41d155-d46c-4d70-b443-e80a9547f56a/datanode-6/data/ratis/42a37647-de11-4a61-9c4e-bd195e58821d close()
2019-08-20 10:23:02,273 INFO  segmented.SegmentedRaftLogWorker (SegmentedRaftLogWorker.java:run(313)) - b05059df-7997-4957-9fd0-0ea4223a0acd-SegmentedRaftLogWorker:Storage Directory /workdir/hadoop-ozone/integration-test/target/test-dir/MiniOzoneClusterImpl-bb41d155-d46c-4d70-b443-e80a9547f56a/datanode-0/data/ratis/8719a123-c0d3-44ff-87f1-37608daa6d43 was interrupted, exiting. There are 0 tasks remaining in the queue.
2019-08-20 10:23:02,274 INFO  impl.RaftServerImpl (RaftServerImpl.java:lambda$shutdown$3(245)) - b2ac5990-f7ad-4521-bd7b-8d54ab25a987: shutdown group-353371B88678
2019-08-20 10:23:02,275 INFO  segmented.SegmentedRaftLogWorker (SegmentedRaftLogWorker.java:close(228)) - b05059df-7997-4957-9fd0-0ea4223a0acd-SegmentedRaftLogWorker:Storage Directory /workdir/hadoop-ozone/integration-test/target/test-dir/MiniOzoneClusterImpl-bb41d155-d46c-4d70-b443-e80a9547f56a/datanode-0/data/ratis/8719a123-c0d3-44ff-87f1-37608daa6d43 close()
2019-08-20 10:23:02,275 INFO  util.JmxRegister (JmxRegister.java:unregister(73)) - Successfully un-registered JMX Bean with object name Ratis:service=RaftServer,group=group-353371B88678,id=b2ac5990-f7ad-4521-bd7b-8d54ab25a987
2019-08-20 10:23:02,277 INFO  server.GrpcService (GrpcService.java:closeImpl(155)) - b05059df-7997-4957-9fd0-0ea4223a0acd: shutdown server with port 33627 now
2019-08-20 10:23:02,277 INFO  impl.RoleInfo (RoleInfo.java:shutdownLeaderState(104)) - b2ac5990-f7ad-4521-bd7b-8d54ab25a987: shutdown LeaderState
2019-08-20 10:23:02,277 INFO  server.GrpcService (GrpcService.java:closeImpl(163)) - b05059df-7997-4957-9fd0-0ea4223a0acd: shutdown server with port 33627 successfully
2019-08-20 10:23:02,280 WARN  server.GrpcLogAppender (GrpcLogAppender.java:mayWait(143)) - GrpcLogAppender(b2ac5990-f7ad-4521-bd7b-8d54ab25a987->c82cdedb-f905-4590-81cd-07d79d7d23dd): Wait interrupted by java.lang.InterruptedException
2019-08-20 10:23:02,280 INFO  impl.PendingRequests (PendingRequests.java:sendNotLeaderResponses(202)) - b2ac5990-f7ad-4521-bd7b-8d54ab25a987-PendingRequests: sendNotLeaderResponses
2019-08-20 10:23:02,280 WARN  server.GrpcLogAppender (GrpcLogAppender.java:mayWait(143)) - GrpcLogAppender(b2ac5990-f7ad-4521-bd7b-8d54ab25a987->eddcc57c-da79-40bf-a8f7-7b350fcd6b06): Wait interrupted by java.lang.InterruptedException
2019-08-20 10:23:02,285 INFO  impl.StateMachineUpdater (StateMachineUpdater.java:stopAndJoin(115)) - StateMachineUpdater:b2ac5990-f7ad-4521-bd7b-8d54ab25a987:group-353371B88678: set stopIndex = 6
2019-08-20 10:23:02,292 INFO  utils.BackgroundService (BackgroundService.java:shutdown(148)) - Shutting down service BlockDeletingService
2019-08-20 10:23:02,292 INFO  ratis.ContainerStateMachine (ContainerStateMachine.java:takeSnapshot(271)) - group-353371B88678: Taking a snapshot at:(t:1, i:6) file /workdir/hadoop-ozone/integration-test/target/test-dir/MiniOzoneClusterImpl-bb41d155-d46c-4d70-b443-e80a9547f56a/datanode-6/data/ratis/43b01dd9-e950-4d92-824f-353371b88678/sm/snapshot.1_6
2019-08-20 10:23:02,296 WARN  fs.CachingGetSpaceUsed (CachingGetSpaceUsed.java:run(183)) - Thread Interrupted waiting to refresh disk information: sleep interrupted
2019-08-20 10:23:02,308 INFO  ratis.ContainerStateMachine (ContainerStateMachine.java:takeSnapshot(282)) - group-353371B88678: Finished taking a snapshot at:(t:1, i:6) file:/workdir/hadoop-ozone/integration-test/target/test-dir/MiniOzoneClusterImpl-bb41d155-d46c-4d70-b443-e80a9547f56a/datanode-6/data/ratis/43b01dd9-e950-4d92-824f-353371b88678/sm/snapshot.1_6 time:23
2019-08-20 10:23:02,308 INFO  impl.StateMachineUpdater (StateMachineUpdater.java:takeSnapshot(242)) - StateMachineUpdater:b2ac5990-f7ad-4521-bd7b-8d54ab25a987:group-353371B88678: Took a snapshot at index 6
2019-08-20 10:23:02,308 INFO  impl.StateMachineUpdater (StateMachineUpdater.java:lambda$new$0(80)) - StateMachineUpdater:b2ac5990-f7ad-4521-bd7b-8d54ab25a987:group-353371B88678: snapshotIndex: updateIncreasingly -1 -> 6
2019-08-20 10:23:02,308 INFO  impl.RaftServerImpl (ServerState.java:close(394)) - b2ac5990-f7ad-4521-bd7b-8d54ab25a987:group-353371B88678 closes. The last applied log index is 6
2019-08-20 10:23:02,309 INFO  segmented.SegmentedRaftLogWorker (SegmentedRaftLogWorker.java:run(313)) - b2ac5990-f7ad-4521-bd7b-8d54ab25a987-SegmentedRaftLogWorker:Storage Directory /workdir/hadoop-ozone/integration-test/target/test-dir/MiniOzoneClusterImpl-bb41d155-d46c-4d70-b443-e80a9547f56a/datanode-6/data/ratis/43b01dd9-e950-4d92-824f-353371b88678 was interrupted, exiting. There are 0 tasks remaining in the queue.
2019-08-20 10:23:02,309 INFO  segmented.SegmentedRaftLogWorker (SegmentedRaftLogWorker.java:close(228)) - b2ac5990-f7ad-4521-bd7b-8d54ab25a987-SegmentedRaftLogWorker:Storage Directory /workdir/hadoop-ozone/integration-test/target/test-dir/MiniOzoneClusterImpl-bb41d155-d46c-4d70-b443-e80a9547f56a/datanode-6/data/ratis/43b01dd9-e950-4d92-824f-353371b88678 close()
2019-08-20 10:23:02,311 INFO  server.GrpcService (GrpcService.java:closeImpl(155)) - b2ac5990-f7ad-4521-bd7b-8d54ab25a987: shutdown server with port 40626 now
2019-08-20 10:23:02,312 INFO  server.GrpcService (GrpcService.java:closeImpl(163)) - b2ac5990-f7ad-4521-bd7b-8d54ab25a987: shutdown server with port 40626 successfully
2019-08-20 10:23:02,313 INFO  utils.BackgroundService (BackgroundService.java:shutdown(148)) - Shutting down service BlockDeletingService
2019-08-20 10:23:02,317 WARN  fs.CachingGetSpaceUsed (CachingGetSpaceUsed.java:run(183)) - Thread Interrupted waiting to refresh disk information: sleep interrupted
2019-08-20 10:23:02,325 INFO  statemachine.DatanodeStateMachine (DatanodeStateMachine.java:stopDaemon(395)) - Ozone container server stopped.
2019-08-20 10:23:02,329 INFO  handler.ContextHandler (ContextHandler.java:doStop(910)) - Stopped o.e.j.w.WebAppContext@2e41e0c{/,null,UNAVAILABLE}{/hddsDatanode}
2019-08-20 10:23:02,330 INFO  server.AbstractConnector (AbstractConnector.java:doStop(318)) - Stopped ServerConnector@2e214d39{HTTP/1.1,[http/1.1]}{0.0.0.0:0}
2019-08-20 10:23:02,334 INFO  handler.ContextHandler (ContextHandler.java:doStop(910)) - Stopped o.e.j.s.ServletContextHandler@60b8c05c{/static,jar:file:/home/user/.m2/repository/org/apache/hadoop/hadoop-hdds-container-service/0.5.0-SNAPSHOT/hadoop-hdds-container-service-0.5.0-SNAPSHOT.jar!/webapps/static,UNAVAILABLE}
2019-08-20 10:23:02,334 INFO  handler.ContextHandler (ContextHandler.java:doStop(910)) - Stopped o.e.j.s.ServletContextHandler@ea3491d{/logs,file:///workdir/hadoop-ozone/integration-test/target/log,UNAVAILABLE}
2019-08-20 10:23:02,347 INFO  statemachine.DatanodeStateMachine (DatanodeStateMachine.java:stopDaemon(395)) - Ozone container server stopped.
2019-08-20 10:23:02,348 INFO  handler.ContextHandler (ContextHandler.java:doStop(910)) - Stopped o.e.j.w.WebAppContext@309d9033{/,null,UNAVAILABLE}{/hddsDatanode}
2019-08-20 10:23:02,350 INFO  server.AbstractConnector (AbstractConnector.java:doStop(318)) - Stopped ServerConnector@5ebd80f8{HTTP/1.1,[http/1.1]}{0.0.0.0:0}
2019-08-20 10:23:02,350 INFO  handler.ContextHandler (ContextHandler.java:doStop(910)) - Stopped o.e.j.s.ServletContextHandler@4d5d6297{/static,jar:file:/home/user/.m2/repository/org/apache/hadoop/hadoop-hdds-container-service/0.5.0-SNAPSHOT/hadoop-hdds-container-service-0.5.0-SNAPSHOT.jar!/webapps/static,UNAVAILABLE}
2019-08-20 10:23:02,351 INFO  handler.ContextHandler (ContextHandler.java:doStop(910)) - Stopped o.e.j.s.ServletContextHandler@2df6d461{/logs,file:///workdir/hadoop-ozone/integration-test/target/log,UNAVAILABLE}
2019-08-20 10:23:02,351 INFO  ozone.MiniOzoneClusterImpl (MiniOzoneClusterImpl.java:stop(353)) - Stopping the StorageContainerManager
2019-08-20 10:23:02,352 INFO  server.StorageContainerManager (StorageContainerManager.java:stop(797)) - Stopping Replication Manager Service.
2019-08-20 10:23:02,352 INFO  container.ReplicationManager (ReplicationManager.java:stop(187)) - Stopping Replication Monitor Thread.
2019-08-20 10:23:02,352 INFO  server.StorageContainerManager (StorageContainerManager.java:stop(804)) - Stopping Lease Manager of the command watchers
2019-08-20 10:23:02,352 INFO  server.StorageContainerManager (StorageContainerManager.java:stop(811)) - Stopping datanode service RPC server
2019-08-20 10:23:02,353 INFO  server.SCMDatanodeProtocolServer (SCMDatanodeProtocolServer.java:stop(367)) - Stopping the RPC server for DataNodes
2019-08-20 10:23:02,353 INFO  ipc.Server (Server.java:stop(3082)) - Stopping server on 39898
2019-08-20 10:23:02,355 INFO  ipc.Server (Server.java:run(1185)) - Stopping IPC Server listener on 39898
2019-08-20 10:23:02,357 INFO  ipc.Server (Server.java:run(1319)) - Stopping IPC Server Responder
2019-08-20 10:23:02,400 WARN  node.NodeStateManager (NodeStateManager.java:scheduleNextHealthCheck(646)) - Current Thread is interrupted, shutting down HB processing thread for Node Manager.
2019-08-20 10:23:02,400 INFO  server.StorageContainerManager (StorageContainerManager.java:stop(819)) - Stopping block service RPC server
2019-08-20 10:23:02,400 INFO  server.SCMBlockProtocolServer (SCMBlockProtocolServer.java:stop(148)) - Stopping the RPC server for Block Protocol
2019-08-20 10:23:02,400 INFO  ipc.Server (Server.java:stop(3082)) - Stopping server on 38336
2019-08-20 10:23:02,403 INFO  ipc.Server (Server.java:run(1185)) - Stopping IPC Server listener on 38336
2019-08-20 10:23:02,403 INFO  server.StorageContainerManager (StorageContainerManager.java:stop(826)) - Stopping the StorageContainerLocationProtocol RPC server
2019-08-20 10:23:02,404 INFO  server.SCMClientProtocolServer (SCMClientProtocolServer.java:stop(159)) - Stopping the RPC server for Client Protocol
2019-08-20 10:23:02,404 INFO  ipc.Server (Server.java:stop(3082)) - Stopping server on 41833
2019-08-20 10:23:02,404 INFO  ipc.Server (Server.java:run(1319)) - Stopping IPC Server Responder
2019-08-20 10:23:02,407 INFO  ipc.Server (Server.java:run(1185)) - Stopping IPC Server listener on 41833
2019-08-20 10:23:02,407 INFO  server.StorageContainerManager (StorageContainerManager.java:stop(833)) - Stopping Storage Container Manager HTTP server.
2019-08-20 10:23:02,407 INFO  ipc.Server (Server.java:run(1319)) - Stopping IPC Server Responder
2019-08-20 10:23:02,408 INFO  handler.ContextHandler (ContextHandler.java:doStop(910)) - Stopped o.e.j.w.WebAppContext@100d5018{/,null,UNAVAILABLE}{/scm}
2019-08-20 10:23:02,409 INFO  server.AbstractConnector (AbstractConnector.java:doStop(318)) - Stopped ServerConnector@6a25c9ad{HTTP/1.1,[http/1.1]}{0.0.0.0:0}
2019-08-20 10:23:02,409 INFO  handler.ContextHandler (ContextHandler.java:doStop(910)) - Stopped o.e.j.s.ServletContextHandler@17adbecf{/static,file:///workdir/hadoop-ozone/integration-test/target/test-classes/webapps/static,UNAVAILABLE}
2019-08-20 10:23:02,409 INFO  handler.ContextHandler (ContextHandler.java:doStop(910)) - Stopped o.e.j.s.ServletContextHandler@5b166420{/logs,file:///workdir/hadoop-ozone/integration-test/target/log,UNAVAILABLE}
2019-08-20 10:23:02,411 INFO  server.StorageContainerManager (StorageContainerManager.java:stop(844)) - Stopping Block Manager Service.
2019-08-20 10:23:02,411 INFO  utils.BackgroundService (BackgroundService.java:shutdown(148)) - Shutting down service SCMBlockDeletingService
2019-08-20 10:23:02,411 INFO  utils.BackgroundService (BackgroundService.java:shutdown(148)) - Shutting down service SCMBlockDeletingService
2019-08-20 10:23:02,412 INFO  server.StorageContainerManager (StorageContainerManager.java:stop(866)) - Stopping SCM Event Queue.
2019-08-20 10:23:02,417 INFO  impl.MetricsSystemImpl (MetricsSystemImpl.java:stop(210)) - Stopping HddsDatanode metrics system...
2019-08-20 10:23:02,432 INFO  impl.MetricsSystemImpl (MetricsSystemImpl.java:stop(216)) - HddsDatanode metrics system stopped.
]]></system-out>
    <system-err><![CDATA[Aug 20, 2019 10:22:10 AM com.sun.jersey.server.impl.application.WebApplicationImpl _initiate
INFO: Initiating Jersey application, version 'Jersey: 1.19 02/11/2015 03:25 AM'
Aug 20, 2019 10:22:10 AM com.sun.jersey.server.impl.application.WebApplicationImpl _initiate
INFO: Initiating Jersey application, version 'Jersey: 1.19 02/11/2015 03:25 AM'
Aug 20, 2019 10:22:11 AM com.sun.jersey.server.impl.application.WebApplicationImpl _initiate
INFO: Initiating Jersey application, version 'Jersey: 1.19 02/11/2015 03:25 AM'
Aug 20, 2019 10:22:11 AM com.sun.jersey.server.impl.application.WebApplicationImpl _initiate
INFO: Initiating Jersey application, version 'Jersey: 1.19 02/11/2015 03:25 AM'
Aug 20, 2019 10:22:11 AM com.sun.jersey.server.impl.application.WebApplicationImpl _initiate
INFO: Initiating Jersey application, version 'Jersey: 1.19 02/11/2015 03:25 AM'
Aug 20, 2019 10:22:11 AM com.sun.jersey.server.impl.application.WebApplicationImpl _initiate
INFO: Initiating Jersey application, version 'Jersey: 1.19 02/11/2015 03:25 AM'
Aug 20, 2019 10:22:12 AM com.sun.jersey.server.impl.application.WebApplicationImpl _initiate
INFO: Initiating Jersey application, version 'Jersey: 1.19 02/11/2015 03:25 AM'
Aug 20, 2019 10:22:14 AM org.apache.ratis.thirdparty.io.grpc.internal.ManagedChannelOrphanWrapper$ManagedChannelReference cleanQueue
SEVERE: *~*~*~ Channel ManagedChannelImpl{logId=2780, target=192.168.5.133:37856} was not shutdown properly!!! ~*~*~*
    Make sure to call shutdown()/shutdownNow() and wait until awaitTermination() returns true.
java.lang.RuntimeException: ManagedChannel allocation site
	at org.apache.ratis.thirdparty.io.grpc.internal.ManagedChannelOrphanWrapper$ManagedChannelReference.<init>(ManagedChannelOrphanWrapper.java:103)
	at org.apache.ratis.thirdparty.io.grpc.internal.ManagedChannelOrphanWrapper.<init>(ManagedChannelOrphanWrapper.java:53)
	at org.apache.ratis.thirdparty.io.grpc.internal.ManagedChannelOrphanWrapper.<init>(ManagedChannelOrphanWrapper.java:44)
	at org.apache.ratis.thirdparty.io.grpc.internal.AbstractManagedChannelImplBuilder.build(AbstractManagedChannelImplBuilder.java:411)
	at org.apache.hadoop.hdds.scm.XceiverClientGrpc.connectToDatanode(XceiverClientGrpc.java:174)
	at org.apache.hadoop.hdds.scm.XceiverClientGrpc.reconnect(XceiverClientGrpc.java:422)
	at org.apache.hadoop.hdds.scm.XceiverClientGrpc.sendCommandAsync(XceiverClientGrpc.java:371)
	at org.apache.hadoop.hdds.scm.XceiverClientGrpc.sendCommandWithRetry(XceiverClientGrpc.java:284)
	at org.apache.hadoop.hdds.scm.XceiverClientGrpc.sendCommandWithTraceIDAndRetry(XceiverClientGrpc.java:250)
	at org.apache.hadoop.hdds.scm.XceiverClientGrpc.sendCommand(XceiverClientGrpc.java:233)
	at org.apache.hadoop.hdds.scm.storage.ContainerProtocolCalls.getBlock(ContainerProtocolCalls.java:118)
	at org.apache.hadoop.hdds.scm.storage.BlockInputStream.getChunkInfos(BlockInputStream.java:167)
	at org.apache.hadoop.hdds.scm.storage.BlockInputStream.initialize(BlockInputStream.java:118)
	at org.apache.hadoop.hdds.scm.storage.BlockInputStream.read(BlockInputStream.java:222)
	at org.apache.hadoop.ozone.client.io.KeyInputStream.read(KeyInputStream.java:171)
	at org.apache.hadoop.ozone.client.io.OzoneInputStream.read(OzoneInputStream.java:47)
	at java.io.InputStream.read(InputStream.java:101)
	at org.apache.hadoop.ozone.container.ContainerTestHelper.validateData(ContainerTestHelper.java:709)
	at org.apache.hadoop.ozone.client.rpc.TestBlockOutputStreamWithFailures.validateData(TestBlockOutputStreamWithFailures.java:1212)
	at org.apache.hadoop.ozone.client.rpc.TestBlockOutputStreamWithFailures.testWatchForCommitWithSingleNodeRatis(TestBlockOutputStreamWithFailures.java:914)
	at sun.reflect.NativeMethodAccessorImpl.invoke0(Native Method)
	at sun.reflect.NativeMethodAccessorImpl.invoke(NativeMethodAccessorImpl.java:62)
	at sun.reflect.DelegatingMethodAccessorImpl.invoke(DelegatingMethodAccessorImpl.java:43)
	at java.lang.reflect.Method.invoke(Method.java:498)
	at org.junit.runners.model.FrameworkMethod$1.runReflectiveCall(FrameworkMethod.java:47)
	at org.junit.internal.runners.model.ReflectiveCallable.run(ReflectiveCallable.java:12)
	at org.junit.runners.model.FrameworkMethod.invokeExplosively(FrameworkMethod.java:44)
	at org.junit.internal.runners.statements.InvokeMethod.evaluate(InvokeMethod.java:17)
	at org.junit.internal.runners.statements.RunBefores.evaluate(RunBefores.java:26)
	at org.junit.internal.runners.statements.RunAfters.evaluate(RunAfters.java:27)
	at org.junit.runners.ParentRunner.runLeaf(ParentRunner.java:271)
	at org.junit.runners.BlockJUnit4ClassRunner.runChild(BlockJUnit4ClassRunner.java:70)
	at org.junit.runners.BlockJUnit4ClassRunner.runChild(BlockJUnit4ClassRunner.java:50)
	at org.junit.runners.ParentRunner$3.run(ParentRunner.java:238)
	at org.junit.runners.ParentRunner$1.schedule(ParentRunner.java:63)
	at org.junit.runners.ParentRunner.runChildren(ParentRunner.java:236)
	at org.junit.runners.ParentRunner.access$000(ParentRunner.java:53)
	at org.junit.runners.ParentRunner$2.evaluate(ParentRunner.java:229)
	at org.junit.runners.ParentRunner.run(ParentRunner.java:309)
	at org.apache.maven.surefire.junit4.JUnit4Provider.execute(JUnit4Provider.java:365)
	at org.apache.maven.surefire.junit4.JUnit4Provider.executeWithRerun(JUnit4Provider.java:273)
	at org.apache.maven.surefire.junit4.JUnit4Provider.executeTestSet(JUnit4Provider.java:238)
	at org.apache.maven.surefire.junit4.JUnit4Provider.invoke(JUnit4Provider.java:159)
	at org.apache.maven.surefire.booter.ForkedBooter.invokeProviderInSameClassLoader(ForkedBooter.java:384)
	at org.apache.maven.surefire.booter.ForkedBooter.runSuitesInProcess(ForkedBooter.java:345)
	at org.apache.maven.surefire.booter.ForkedBooter.execute(ForkedBooter.java:126)
	at org.apache.maven.surefire.booter.ForkedBooter.main(ForkedBooter.java:418)

Aug 20, 2019 10:22:14 AM org.apache.ratis.thirdparty.io.grpc.internal.ManagedChannelOrphanWrapper$ManagedChannelReference cleanQueue
SEVERE: *~*~*~ Channel ManagedChannelImpl{logId=2770, target=192.168.5.133:43203} was not shutdown properly!!! ~*~*~*
    Make sure to call shutdown()/shutdownNow() and wait until awaitTermination() returns true.
java.lang.RuntimeException: ManagedChannel allocation site
	at org.apache.ratis.thirdparty.io.grpc.internal.ManagedChannelOrphanWrapper$ManagedChannelReference.<init>(ManagedChannelOrphanWrapper.java:103)
	at org.apache.ratis.thirdparty.io.grpc.internal.ManagedChannelOrphanWrapper.<init>(ManagedChannelOrphanWrapper.java:53)
	at org.apache.ratis.thirdparty.io.grpc.internal.ManagedChannelOrphanWrapper.<init>(ManagedChannelOrphanWrapper.java:44)
	at org.apache.ratis.thirdparty.io.grpc.internal.AbstractManagedChannelImplBuilder.build(AbstractManagedChannelImplBuilder.java:411)
	at org.apache.ratis.grpc.client.GrpcClientProtocolClient.<init>(GrpcClientProtocolClient.java:119)
	at org.apache.ratis.grpc.client.GrpcClientRpc.lambda$new$0(GrpcClientRpc.java:55)
	at org.apache.ratis.util.PeerProxyMap$PeerAndProxy.lambda$getProxy$0(PeerProxyMap.java:61)
	at org.apache.ratis.util.LifeCycle.startAndTransition(LifeCycle.java:202)
	at org.apache.ratis.util.PeerProxyMap$PeerAndProxy.getProxy(PeerProxyMap.java:60)
	at org.apache.ratis.util.PeerProxyMap.getProxy(PeerProxyMap.java:107)
	at org.apache.ratis.grpc.client.GrpcClientRpc.sendRequestAsync(GrpcClientRpc.java:66)
	at org.apache.ratis.client.impl.OrderedAsync.sendRequest(OrderedAsync.java:208)
	at org.apache.ratis.client.impl.OrderedAsync.sendRequestWithRetry(OrderedAsync.java:169)
	at org.apache.ratis.util.SlidingWindow$Client.sendOrDelayRequest(SlidingWindow.java:278)
	at org.apache.ratis.util.SlidingWindow$Client.submitNewRequest(SlidingWindow.java:257)
	at org.apache.ratis.client.impl.OrderedAsync.send(OrderedAsync.java:155)
	at org.apache.ratis.client.impl.RaftClientImpl.sendAsync(RaftClientImpl.java:145)
	at org.apache.ratis.client.impl.RaftClientImpl.sendAsync(RaftClientImpl.java:125)
	at org.apache.hadoop.hdds.scm.XceiverClientRatis.sendRequestAsync(XceiverClientRatis.java:224)
	at org.apache.hadoop.hdds.scm.XceiverClientRatis.sendCommandAsync(XceiverClientRatis.java:302)
	at org.apache.hadoop.hdds.scm.storage.ContainerProtocolCalls.writeChunkAsync(ContainerProtocolCalls.java:310)
	at org.apache.hadoop.hdds.scm.storage.BlockOutputStream.writeChunkToContainer(BlockOutputStream.java:601)
	at org.apache.hadoop.hdds.scm.storage.BlockOutputStream.writeChunk(BlockOutputStream.java:459)
	at org.apache.hadoop.hdds.scm.storage.BlockOutputStream.writeOnRetry(BlockOutputStream.java:285)
	at org.apache.hadoop.ozone.client.io.BlockOutputStreamEntry.writeOnRetry(BlockOutputStreamEntry.java:200)
	at org.apache.hadoop.ozone.client.io.KeyOutputStream.handleWrite(KeyOutputStream.java:209)
	at org.apache.hadoop.ozone.client.io.KeyOutputStream.handleRetry(KeyOutputStream.java:376)
	at org.apache.hadoop.ozone.client.io.KeyOutputStream.handleException(KeyOutputStream.java:325)
	at org.apache.hadoop.ozone.client.io.KeyOutputStream.handleFlushOrClose(KeyOutputStream.java:448)
	at org.apache.hadoop.ozone.client.io.KeyOutputStream.handleWrite(KeyOutputStream.java:235)
	at org.apache.hadoop.ozone.client.io.KeyOutputStream.write(KeyOutputStream.java:193)
	at org.apache.hadoop.ozone.client.io.OzoneOutputStream.write(OzoneOutputStream.java:49)
	at java.io.OutputStream.write(OutputStream.java:75)
	at org.apache.hadoop.ozone.client.rpc.TestBlockOutputStreamWithFailures.testWatchForCommitWithSingleNodeRatis(TestBlockOutputStreamWithFailures.java:881)
	at sun.reflect.NativeMethodAccessorImpl.invoke0(Native Method)
	at sun.reflect.NativeMethodAccessorImpl.invoke(NativeMethodAccessorImpl.java:62)
	at sun.reflect.DelegatingMethodAccessorImpl.invoke(DelegatingMethodAccessorImpl.java:43)
	at java.lang.reflect.Method.invoke(Method.java:498)
	at org.junit.runners.model.FrameworkMethod$1.runReflectiveCall(FrameworkMethod.java:47)
	at org.junit.internal.runners.model.ReflectiveCallable.run(ReflectiveCallable.java:12)
	at org.junit.runners.model.FrameworkMethod.invokeExplosively(FrameworkMethod.java:44)
	at org.junit.internal.runners.statements.InvokeMethod.evaluate(InvokeMethod.java:17)
	at org.junit.internal.runners.statements.RunBefores.evaluate(RunBefores.java:26)
	at org.junit.internal.runners.statements.RunAfters.evaluate(RunAfters.java:27)
	at org.junit.runners.ParentRunner.runLeaf(ParentRunner.java:271)
	at org.junit.runners.BlockJUnit4ClassRunner.runChild(BlockJUnit4ClassRunner.java:70)
	at org.junit.runners.BlockJUnit4ClassRunner.runChild(BlockJUnit4ClassRunner.java:50)
	at org.junit.runners.ParentRunner$3.run(ParentRunner.java:238)
	at org.junit.runners.ParentRunner$1.schedule(ParentRunner.java:63)
	at org.junit.runners.ParentRunner.runChildren(ParentRunner.java:236)
	at org.junit.runners.ParentRunner.access$000(ParentRunner.java:53)
	at org.junit.runners.ParentRunner$2.evaluate(ParentRunner.java:229)
	at org.junit.runners.ParentRunner.run(ParentRunner.java:309)
	at org.apache.maven.surefire.junit4.JUnit4Provider.execute(JUnit4Provider.java:365)
	at org.apache.maven.surefire.junit4.JUnit4Provider.executeWithRerun(JUnit4Provider.java:273)
	at org.apache.maven.surefire.junit4.JUnit4Provider.executeTestSet(JUnit4Provider.java:238)
	at org.apache.maven.surefire.junit4.JUnit4Provider.invoke(JUnit4Provider.java:159)
	at org.apache.maven.surefire.booter.ForkedBooter.invokeProviderInSameClassLoader(ForkedBooter.java:384)
	at org.apache.maven.surefire.booter.ForkedBooter.runSuitesInProcess(ForkedBooter.java:345)
	at org.apache.maven.surefire.booter.ForkedBooter.execute(ForkedBooter.java:126)
	at org.apache.maven.surefire.booter.ForkedBooter.main(ForkedBooter.java:418)

Aug 20, 2019 10:22:14 AM org.apache.ratis.thirdparty.io.grpc.internal.ManagedChannelOrphanWrapper$ManagedChannelReference cleanQueue
SEVERE: *~*~*~ Channel ManagedChannelImpl{logId=2775, target=192.168.5.133:46119} was not shutdown properly!!! ~*~*~*
    Make sure to call shutdown()/shutdownNow() and wait until awaitTermination() returns true.
java.lang.RuntimeException: ManagedChannel allocation site
	at org.apache.ratis.thirdparty.io.grpc.internal.ManagedChannelOrphanWrapper$ManagedChannelReference.<init>(ManagedChannelOrphanWrapper.java:103)
	at org.apache.ratis.thirdparty.io.grpc.internal.ManagedChannelOrphanWrapper.<init>(ManagedChannelOrphanWrapper.java:53)
	at org.apache.ratis.thirdparty.io.grpc.internal.ManagedChannelOrphanWrapper.<init>(ManagedChannelOrphanWrapper.java:44)
	at org.apache.ratis.thirdparty.io.grpc.internal.AbstractManagedChannelImplBuilder.build(AbstractManagedChannelImplBuilder.java:411)
	at org.apache.hadoop.hdds.scm.XceiverClientGrpc.connectToDatanode(XceiverClientGrpc.java:174)
	at org.apache.hadoop.hdds.scm.XceiverClientGrpc.reconnect(XceiverClientGrpc.java:422)
	at org.apache.hadoop.hdds.scm.XceiverClientGrpc.sendCommandAsync(XceiverClientGrpc.java:371)
	at org.apache.hadoop.hdds.scm.XceiverClientGrpc.sendCommandWithRetry(XceiverClientGrpc.java:284)
	at org.apache.hadoop.hdds.scm.XceiverClientGrpc.sendCommandWithTraceIDAndRetry(XceiverClientGrpc.java:250)
	at org.apache.hadoop.hdds.scm.XceiverClientGrpc.sendCommand(XceiverClientGrpc.java:233)
	at org.apache.hadoop.hdds.scm.storage.ContainerProtocolCalls.getBlock(ContainerProtocolCalls.java:118)
	at org.apache.hadoop.hdds.scm.storage.BlockInputStream.getChunkInfos(BlockInputStream.java:167)
	at org.apache.hadoop.hdds.scm.storage.BlockInputStream.initialize(BlockInputStream.java:118)
	at org.apache.hadoop.hdds.scm.storage.BlockInputStream.read(BlockInputStream.java:222)
	at org.apache.hadoop.ozone.client.io.KeyInputStream.read(KeyInputStream.java:171)
	at org.apache.hadoop.ozone.client.io.OzoneInputStream.read(OzoneInputStream.java:47)
	at java.io.InputStream.read(InputStream.java:101)
	at org.apache.hadoop.ozone.container.ContainerTestHelper.validateData(ContainerTestHelper.java:709)
	at org.apache.hadoop.ozone.client.rpc.TestBlockOutputStreamWithFailures.validateData(TestBlockOutputStreamWithFailures.java:1212)
	at org.apache.hadoop.ozone.client.rpc.TestBlockOutputStreamWithFailures.testWatchForCommitWithSingleNodeRatis(TestBlockOutputStreamWithFailures.java:914)
	at sun.reflect.NativeMethodAccessorImpl.invoke0(Native Method)
	at sun.reflect.NativeMethodAccessorImpl.invoke(NativeMethodAccessorImpl.java:62)
	at sun.reflect.DelegatingMethodAccessorImpl.invoke(DelegatingMethodAccessorImpl.java:43)
	at java.lang.reflect.Method.invoke(Method.java:498)
	at org.junit.runners.model.FrameworkMethod$1.runReflectiveCall(FrameworkMethod.java:47)
	at org.junit.internal.runners.model.ReflectiveCallable.run(ReflectiveCallable.java:12)
	at org.junit.runners.model.FrameworkMethod.invokeExplosively(FrameworkMethod.java:44)
	at org.junit.internal.runners.statements.InvokeMethod.evaluate(InvokeMethod.java:17)
	at org.junit.internal.runners.statements.RunBefores.evaluate(RunBefores.java:26)
	at org.junit.internal.runners.statements.RunAfters.evaluate(RunAfters.java:27)
	at org.junit.runners.ParentRunner.runLeaf(ParentRunner.java:271)
	at org.junit.runners.BlockJUnit4ClassRunner.runChild(BlockJUnit4ClassRunner.java:70)
	at org.junit.runners.BlockJUnit4ClassRunner.runChild(BlockJUnit4ClassRunner.java:50)
	at org.junit.runners.ParentRunner$3.run(ParentRunner.java:238)
	at org.junit.runners.ParentRunner$1.schedule(ParentRunner.java:63)
	at org.junit.runners.ParentRunner.runChildren(ParentRunner.java:236)
	at org.junit.runners.ParentRunner.access$000(ParentRunner.java:53)
	at org.junit.runners.ParentRunner$2.evaluate(ParentRunner.java:229)
	at org.junit.runners.ParentRunner.run(ParentRunner.java:309)
	at org.apache.maven.surefire.junit4.JUnit4Provider.execute(JUnit4Provider.java:365)
	at org.apache.maven.surefire.junit4.JUnit4Provider.executeWithRerun(JUnit4Provider.java:273)
	at org.apache.maven.surefire.junit4.JUnit4Provider.executeTestSet(JUnit4Provider.java:238)
	at org.apache.maven.surefire.junit4.JUnit4Provider.invoke(JUnit4Provider.java:159)
	at org.apache.maven.surefire.booter.ForkedBooter.invokeProviderInSameClassLoader(ForkedBooter.java:384)
	at org.apache.maven.surefire.booter.ForkedBooter.runSuitesInProcess(ForkedBooter.java:345)
	at org.apache.maven.surefire.booter.ForkedBooter.execute(ForkedBooter.java:126)
	at org.apache.maven.surefire.booter.ForkedBooter.main(ForkedBooter.java:418)

Aug 20, 2019 10:22:14 AM org.apache.ratis.thirdparty.io.grpc.internal.ManagedChannelOrphanWrapper$ManagedChannelReference cleanQueue
SEVERE: *~*~*~ Channel ManagedChannelImpl{logId=2765, target=192.168.5.133:37356} was not shutdown properly!!! ~*~*~*
    Make sure to call shutdown()/shutdownNow() and wait until awaitTermination() returns true.
java.lang.RuntimeException: ManagedChannel allocation site
	at org.apache.ratis.thirdparty.io.grpc.internal.ManagedChannelOrphanWrapper$ManagedChannelReference.<init>(ManagedChannelOrphanWrapper.java:103)
	at org.apache.ratis.thirdparty.io.grpc.internal.ManagedChannelOrphanWrapper.<init>(ManagedChannelOrphanWrapper.java:53)
	at org.apache.ratis.thirdparty.io.grpc.internal.ManagedChannelOrphanWrapper.<init>(ManagedChannelOrphanWrapper.java:44)
	at org.apache.ratis.thirdparty.io.grpc.internal.AbstractManagedChannelImplBuilder.build(AbstractManagedChannelImplBuilder.java:411)
	at org.apache.ratis.grpc.client.GrpcClientProtocolClient.<init>(GrpcClientProtocolClient.java:119)
	at org.apache.ratis.grpc.client.GrpcClientRpc.lambda$new$0(GrpcClientRpc.java:55)
	at org.apache.ratis.util.PeerProxyMap$PeerAndProxy.lambda$getProxy$0(PeerProxyMap.java:61)
	at org.apache.ratis.util.LifeCycle.startAndTransition(LifeCycle.java:202)
	at org.apache.ratis.util.PeerProxyMap$PeerAndProxy.getProxy(PeerProxyMap.java:60)
	at org.apache.ratis.util.PeerProxyMap.getProxy(PeerProxyMap.java:107)
	at org.apache.ratis.grpc.client.GrpcClientRpc.sendRequestAsync(GrpcClientRpc.java:66)
	at org.apache.ratis.client.impl.OrderedAsync.sendRequest(OrderedAsync.java:208)
	at org.apache.ratis.client.impl.OrderedAsync.sendRequestWithRetry(OrderedAsync.java:169)
	at org.apache.ratis.util.SlidingWindow$Client.sendOrDelayRequest(SlidingWindow.java:278)
	at org.apache.ratis.util.SlidingWindow$Client.retry(SlidingWindow.java:294)
	at org.apache.ratis.client.impl.OrderedAsync.lambda$scheduleWithTimeout$7(OrderedAsync.java:195)
	at org.apache.ratis.util.TimeoutScheduler.lambda$onTimeout$0(TimeoutScheduler.java:85)
	at org.apache.ratis.util.TimeoutScheduler.lambda$onTimeout$1(TimeoutScheduler.java:104)
	at org.apache.ratis.util.LogUtils.runAndLog(LogUtils.java:50)
	at org.apache.ratis.util.LogUtils$1.run(LogUtils.java:91)
	at java.util.concurrent.Executors$RunnableAdapter.call(Executors.java:511)
	at java.util.concurrent.FutureTask.run(FutureTask.java:266)
	at java.util.concurrent.ScheduledThreadPoolExecutor$ScheduledFutureTask.access$201(ScheduledThreadPoolExecutor.java:180)
	at java.util.concurrent.ScheduledThreadPoolExecutor$ScheduledFutureTask.run(ScheduledThreadPoolExecutor.java:293)
	at java.util.concurrent.ThreadPoolExecutor.runWorker(ThreadPoolExecutor.java:1149)
	at java.util.concurrent.ThreadPoolExecutor$Worker.run(ThreadPoolExecutor.java:624)
	at java.lang.Thread.run(Thread.java:748)

]]></system-err>
  </testcase>
  <testcase name="testFailureWithPrimeSizedData" classname="org.apache.hadoop.ozone.client.rpc.TestBlockOutputStreamWithFailures" time="34.749"/>
  <testcase name="testWatchForCommitWithCloseContainerException" classname="org.apache.hadoop.ozone.client.rpc.TestBlockOutputStreamWithFailures" time="34.867"/>
  <testcase name="testExceptionDuringClose" classname="org.apache.hadoop.ozone.client.rpc.TestBlockOutputStreamWithFailures" time="34.655"/>
</testsuite>