<?xml version="1.0" encoding="UTF-8"?>
<testsuite xmlns:xsi="http://www.w3.org/2001/XMLSchema-instance" xsi:noNamespaceSchemaLocation="https://maven.apache.org/surefire/maven-surefire-plugin/xsd/surefire-test-report.xsd" name="org.apache.hadoop.fs.ozone.contract.ITestOzoneContractGetFileStatus" time="31.772" tests="18" errors="8" skipped="0" failures="0">
  <properties>
    <property name="awt.toolkit" value="sun.awt.X11.XToolkit"/>
    <property name="file.encoding.pkg" value="sun.io"/>
    <property name="java.specification.version" value="1.8"/>
    <property name="sun.cpu.isalist" value=""/>
    <property name="sun.jnu.encoding" value="UTF-8"/>
    <property name="java.class.path" value="/workdir/hadoop-ozone/ozonefs/target/test-classes:/workdir/hadoop-ozone/ozonefs/target/classes:/home/user/.m2/repository/org/apache/hadoop/hadoop-common/3.2.0/hadoop-common-3.2.0.jar:/home/user/.m2/repository/org/apache/hadoop/hadoop-annotations/3.2.0/hadoop-annotations-3.2.0.jar:/usr/lib/jvm/java-1.8-openjdk/jre/../lib/tools.jar:/home/user/.m2/repository/com/google/guava/guava/11.0.2/guava-11.0.2.jar:/home/user/.m2/repository/commons-cli/commons-cli/1.2/commons-cli-1.2.jar:/home/user/.m2/repository/org/apache/commons/commons-math3/3.1.1/commons-math3-3.1.1.jar:/home/user/.m2/repository/org/apache/httpcomponents/httpclient/4.5.2/httpclient-4.5.2.jar:/home/user/.m2/repository/org/apache/httpcomponents/httpcore/4.4.4/httpcore-4.4.4.jar:/home/user/.m2/repository/commons-codec/commons-codec/1.11/commons-codec-1.11.jar:/home/user/.m2/repository/commons-io/commons-io/2.5/commons-io-2.5.jar:/home/user/.m2/repository/commons-net/commons-net/3.6/commons-net-3.6.jar:/home/user/.m2/repository/commons-collections/commons-collections/3.2.2/commons-collections-3.2.2.jar:/home/user/.m2/repository/javax/servlet/javax.servlet-api/3.1.0/javax.servlet-api-3.1.0.jar:/home/user/.m2/repository/org/eclipse/jetty/jetty-server/9.3.24.v20180605/jetty-server-9.3.24.v20180605.jar:/home/user/.m2/repository/org/eclipse/jetty/jetty-http/9.3.24.v20180605/jetty-http-9.3.24.v20180605.jar:/home/user/.m2/repository/org/eclipse/jetty/jetty-io/9.3.24.v20180605/jetty-io-9.3.24.v20180605.jar:/home/user/.m2/repository/org/eclipse/jetty/jetty-util/9.3.24.v20180605/jetty-util-9.3.24.v20180605.jar:/home/user/.m2/repository/org/eclipse/jetty/jetty-servlet/9.3.24.v20180605/jetty-servlet-9.3.24.v20180605.jar:/home/user/.m2/repository/org/eclipse/jetty/jetty-security/9.3.24.v20180605/jetty-security-9.3.24.v20180605.jar:/home/user/.m2/repository/org/eclipse/jetty/jetty-webapp/9.3.24.v20180605/jetty-webapp-9.3.24.v20180605.jar:/home/user/.m2/repository/org/eclipse/jetty/jetty-xml/9.3.24.v20180605/jetty-xml-9.3.24.v20180605.jar:/home/user/.m2/repository/javax/servlet/jsp/jsp-api/2.1/jsp-api-2.1.jar:/home/user/.m2/repository/com/sun/jersey/jersey-core/1.19/jersey-core-1.19.jar:/home/user/.m2/repository/javax/ws/rs/jsr311-api/1.1.1/jsr311-api-1.1.1.jar:/home/user/.m2/repository/com/sun/jersey/jersey-servlet/1.19/jersey-servlet-1.19.jar:/home/user/.m2/repository/com/sun/jersey/jersey-json/1.19/jersey-json-1.19.jar:/home/user/.m2/repository/org/codehaus/jettison/jettison/1.1/jettison-1.1.jar:/home/user/.m2/repository/com/sun/xml/bind/jaxb-impl/2.3.0.1/jaxb-impl-2.3.0.1.jar:/home/user/.m2/repository/org/codehaus/jackson/jackson-core-asl/1.9.13/jackson-core-asl-1.9.13.jar:/home/user/.m2/repository/org/codehaus/jackson/jackson-mapper-asl/1.9.13/jackson-mapper-asl-1.9.13.jar:/home/user/.m2/repository/org/codehaus/jackson/jackson-jaxrs/1.9.13/jackson-jaxrs-1.9.13.jar:/home/user/.m2/repository/org/codehaus/jackson/jackson-xc/1.9.13/jackson-xc-1.9.13.jar:/home/user/.m2/repository/com/sun/jersey/jersey-server/1.19/jersey-server-1.19.jar:/home/user/.m2/repository/commons-logging/commons-logging/1.1.3/commons-logging-1.1.3.jar:/home/user/.m2/repository/log4j/log4j/1.2.17/log4j-1.2.17.jar:/home/user/.m2/repository/commons-beanutils/commons-beanutils/1.9.3/commons-beanutils-1.9.3.jar:/home/user/.m2/repository/org/apache/commons/commons-configuration2/2.1.1/commons-configuration2-2.1.1.jar:/home/user/.m2/repository/org/apache/commons/commons-lang3/3.7/commons-lang3-3.7.jar:/home/user/.m2/repository/org/apache/commons/commons-text/1.4/commons-text-1.4.jar:/home/user/.m2/repository/org/slf4j/slf4j-api/1.7.25/slf4j-api-1.7.25.jar:/home/user/.m2/repository/org/slf4j/slf4j-log4j12/1.7.25/slf4j-log4j12-1.7.25.jar:/home/user/.m2/repository/org/apache/avro/avro/1.7.7/avro-1.7.7.jar:/home/user/.m2/repository/com/thoughtworks/paranamer/paranamer/2.3/paranamer-2.3.jar:/home/user/.m2/repository/org/xerial/snappy/snappy-java/1.0.5/snappy-java-1.0.5.jar:/home/user/.m2/repository/com/google/re2j/re2j/1.1/re2j-1.1.jar:/home/user/.m2/repository/com/google/protobuf/protobuf-java/2.5.0/protobuf-java-2.5.0.jar:/home/user/.m2/repository/com/google/code/gson/gson/2.2.4/gson-2.2.4.jar:/home/user/.m2/repository/org/apache/hadoop/hadoop-auth/3.2.0/hadoop-auth-3.2.0.jar:/home/user/.m2/repository/com/nimbusds/nimbus-jose-jwt/4.41.1/nimbus-jose-jwt-4.41.1.jar:/home/user/.m2/repository/com/github/stephenc/jcip/jcip-annotations/1.0-1/jcip-annotations-1.0-1.jar:/home/user/.m2/repository/net/minidev/json-smart/2.3/json-smart-2.3.jar:/home/user/.m2/repository/net/minidev/accessors-smart/1.2/accessors-smart-1.2.jar:/home/user/.m2/repository/org/apache/curator/curator-framework/2.12.0/curator-framework-2.12.0.jar:/home/user/.m2/repository/com/jcraft/jsch/0.1.54/jsch-0.1.54.jar:/home/user/.m2/repository/org/apache/curator/curator-client/2.12.0/curator-client-2.12.0.jar:/home/user/.m2/repository/org/apache/curator/curator-recipes/2.12.0/curator-recipes-2.12.0.jar:/home/user/.m2/repository/com/google/code/findbugs/jsr305/3.0.0/jsr305-3.0.0.jar:/home/user/.m2/repository/org/apache/htrace/htrace-core4/4.1.0-incubating/htrace-core4-4.1.0-incubating.jar:/home/user/.m2/repository/org/apache/zookeeper/zookeeper/3.4.13/zookeeper-3.4.13.jar:/home/user/.m2/repository/org/apache/yetus/audience-annotations/0.5.0/audience-annotations-0.5.0.jar:/home/user/.m2/repository/org/apache/commons/commons-compress/1.4.1/commons-compress-1.4.1.jar:/home/user/.m2/repository/org/tukaani/xz/1.0/xz-1.0.jar:/home/user/.m2/repository/org/apache/kerby/kerb-simplekdc/1.0.1/kerb-simplekdc-1.0.1.jar:/home/user/.m2/repository/org/apache/kerby/kerb-client/1.0.1/kerb-client-1.0.1.jar:/home/user/.m2/repository/org/apache/kerby/kerby-config/1.0.1/kerby-config-1.0.1.jar:/home/user/.m2/repository/org/apache/kerby/kerb-core/1.0.1/kerb-core-1.0.1.jar:/home/user/.m2/repository/org/apache/kerby/kerby-pkix/1.0.1/kerby-pkix-1.0.1.jar:/home/user/.m2/repository/org/apache/kerby/kerby-asn1/1.0.1/kerby-asn1-1.0.1.jar:/home/user/.m2/repository/org/apache/kerby/kerby-util/1.0.1/kerby-util-1.0.1.jar:/home/user/.m2/repository/org/apache/kerby/kerb-common/1.0.1/kerb-common-1.0.1.jar:/home/user/.m2/repository/org/apache/kerby/kerb-crypto/1.0.1/kerb-crypto-1.0.1.jar:/home/user/.m2/repository/org/apache/kerby/kerb-util/1.0.1/kerb-util-1.0.1.jar:/home/user/.m2/repository/org/apache/kerby/token-provider/1.0.1/token-provider-1.0.1.jar:/home/user/.m2/repository/org/apache/kerby/kerb-admin/1.0.1/kerb-admin-1.0.1.jar:/home/user/.m2/repository/org/apache/kerby/kerb-server/1.0.1/kerb-server-1.0.1.jar:/home/user/.m2/repository/org/apache/kerby/kerb-identity/1.0.1/kerb-identity-1.0.1.jar:/home/user/.m2/repository/org/apache/kerby/kerby-xdr/1.0.1/kerby-xdr-1.0.1.jar:/home/user/.m2/repository/com/fasterxml/jackson/core/jackson-databind/2.9.5/jackson-databind-2.9.5.jar:/home/user/.m2/repository/com/fasterxml/jackson/core/jackson-annotations/2.9.5/jackson-annotations-2.9.5.jar:/home/user/.m2/repository/com/fasterxml/jackson/core/jackson-core/2.9.5/jackson-core-2.9.5.jar:/home/user/.m2/repository/org/codehaus/woodstox/stax2-api/3.1.4/stax2-api-3.1.4.jar:/home/user/.m2/repository/com/fasterxml/woodstox/woodstox-core/5.0.3/woodstox-core-5.0.3.jar:/home/user/.m2/repository/dnsjava/dnsjava/2.1.7/dnsjava-2.1.7.jar:/home/user/.m2/repository/org/apache/hadoop/hadoop-hdfs/3.2.0/hadoop-hdfs-3.2.0.jar:/home/user/.m2/repository/org/eclipse/jetty/jetty-util-ajax/9.3.24.v20180605/jetty-util-ajax-9.3.24.v20180605.jar:/home/user/.m2/repository/commons-daemon/commons-daemon/1.0.13/commons-daemon-1.0.13.jar:/home/user/.m2/repository/io/netty/netty/3.10.5.Final/netty-3.10.5.Final.jar:/home/user/.m2/repository/io/netty/netty-all/4.0.52.Final/netty-all-4.0.52.Final.jar:/home/user/.m2/repository/org/fusesource/leveldbjni/leveldbjni-all/1.8/leveldbjni-all-1.8.jar:/home/user/.m2/repository/org/apache/hadoop/hadoop-hdds-common/0.5.0-SNAPSHOT/hadoop-hdds-common-0.5.0-SNAPSHOT.jar:/home/user/.m2/repository/org/apache/hadoop/hadoop-hdds-config/0.5.0-SNAPSHOT/hadoop-hdds-config-0.5.0-SNAPSHOT.jar:/home/user/.m2/repository/javax/annotation/javax.annotation-api/1.2/javax.annotation-api-1.2.jar:/home/user/.m2/repository/org/apache/ratis/ratis-server/0.4.0-2337318-SNAPSHOT/ratis-server-0.4.0-2337318-SNAPSHOT.jar:/home/user/.m2/repository/org/apache/ratis/ratis-thirdparty-misc/0.2.0/ratis-thirdparty-misc-0.2.0.jar:/home/user/.m2/repository/org/apache/ratis/ratis-proto/0.4.0-2337318-SNAPSHOT/ratis-proto-0.4.0-2337318-SNAPSHOT.jar:/home/user/.m2/repository/org/apache/ratis/ratis-common/0.4.0-2337318-SNAPSHOT/ratis-common-0.4.0-2337318-SNAPSHOT.jar:/home/user/.m2/repository/org/apache/ratis/ratis-client/0.4.0-2337318-SNAPSHOT/ratis-client-0.4.0-2337318-SNAPSHOT.jar:/home/user/.m2/repository/org/apache/ratis/ratis-metrics/0.4.0-2337318-SNAPSHOT/ratis-metrics-0.4.0-2337318-SNAPSHOT.jar:/home/user/.m2/repository/org/apache/ratis/ratis-netty/0.4.0-2337318-SNAPSHOT/ratis-netty-0.4.0-2337318-SNAPSHOT.jar:/home/user/.m2/repository/org/apache/ratis/ratis-grpc/0.4.0-2337318-SNAPSHOT/ratis-grpc-0.4.0-2337318-SNAPSHOT.jar:/home/user/.m2/repository/org/rocksdb/rocksdbjni/6.0.1/rocksdbjni-6.0.1.jar:/home/user/.m2/repository/org/apache/logging/log4j/log4j-api/2.11.0/log4j-api-2.11.0.jar:/home/user/.m2/repository/org/apache/logging/log4j/log4j-core/2.11.0/log4j-core-2.11.0.jar:/home/user/.m2/repository/com/lmax/disruptor/3.4.2/disruptor-3.4.2.jar:/home/user/.m2/repository/org/apache/commons/commons-pool2/2.6.0/commons-pool2-2.6.0.jar:/home/user/.m2/repository/org/bouncycastle/bcpkix-jdk15on/1.60/bcpkix-jdk15on-1.60.jar:/home/user/.m2/repository/commons-validator/commons-validator/1.6/commons-validator-1.6.jar:/home/user/.m2/repository/commons-digester/commons-digester/1.8.1/commons-digester-1.8.1.jar:/home/user/.m2/repository/io/jaegertracing/jaeger-client/0.33.1/jaeger-client-0.33.1.jar:/home/user/.m2/repository/io/jaegertracing/jaeger-thrift/0.33.1/jaeger-thrift-0.33.1.jar:/home/user/.m2/repository/org/apache/thrift/libthrift/0.11.0/libthrift-0.11.0.jar:/home/user/.m2/repository/com/squareup/okhttp3/okhttp/3.9.0/okhttp-3.9.0.jar:/home/user/.m2/repository/com/squareup/okio/okio/1.13.0/okio-1.13.0.jar:/home/user/.m2/repository/io/jaegertracing/jaeger-core/0.33.1/jaeger-core-0.33.1.jar:/home/user/.m2/repository/io/jaegertracing/jaeger-tracerresolver/0.33.1/jaeger-tracerresolver-0.33.1.jar:/home/user/.m2/repository/io/opentracing/contrib/opentracing-tracerresolver/0.1.5/opentracing-tracerresolver-0.1.5.jar:/home/user/.m2/repository/io/opentracing/opentracing-util/0.31.0/opentracing-util-0.31.0.jar:/home/user/.m2/repository/io/opentracing/opentracing-api/0.31.0/opentracing-api-0.31.0.jar:/home/user/.m2/repository/io/opentracing/opentracing-noop/0.31.0/opentracing-noop-0.31.0.jar:/home/user/.m2/repository/org/yaml/snakeyaml/1.16/snakeyaml-1.16.jar:/home/user/.m2/repository/org/apache/hadoop/hadoop-hdfs-client/3.2.0/hadoop-hdfs-client-3.2.0.jar:/home/user/.m2/repository/info/picocli/picocli/3.9.6/picocli-3.9.6.jar:/home/user/.m2/repository/org/apache/hadoop/hadoop-hdds-server-scm/0.5.0-SNAPSHOT/hadoop-hdds-server-scm-0.5.0-SNAPSHOT.jar:/home/user/.m2/repository/org/apache/hadoop/hadoop-hdds-docs/0.5.0-SNAPSHOT/hadoop-hdds-docs-0.5.0-SNAPSHOT.jar:/home/user/.m2/repository/io/dropwizard/metrics/metrics-core/3.2.4/metrics-core-3.2.4.jar:/home/user/.m2/repository/org/hamcrest/hamcrest-all/1.3/hamcrest-all-1.3.jar:/home/user/.m2/repository/org/bouncycastle/bcprov-jdk15on/1.60/bcprov-jdk15on-1.60.jar:/home/user/.m2/repository/org/apache/hadoop/hadoop-hdds-server-framework/0.5.0-SNAPSHOT/hadoop-hdds-server-framework-0.5.0-SNAPSHOT.jar:/home/user/.m2/repository/org/apache/hadoop/hadoop-ozone-ozone-manager/0.5.0-SNAPSHOT/hadoop-ozone-ozone-manager-0.5.0-SNAPSHOT.jar:/home/user/.m2/repository/org/apache/hadoop/hadoop-hdds-container-service/0.5.0-SNAPSHOT/hadoop-hdds-container-service-0.5.0-SNAPSHOT.jar:/home/user/.m2/repository/org/apache/hadoop/hadoop-hdds-client/0.5.0-SNAPSHOT/hadoop-hdds-client-0.5.0-SNAPSHOT.jar:/home/user/.m2/repository/org/apache/hadoop/hadoop-ozone-common/0.5.0-SNAPSHOT/hadoop-ozone-common-0.5.0-SNAPSHOT.jar:/home/user/.m2/repository/org/apache/hadoop/hadoop-hdds-tools/0.5.0-SNAPSHOT/hadoop-hdds-tools-0.5.0-SNAPSHOT.jar:/home/user/.m2/repository/org/xerial/sqlite-jdbc/3.25.2/sqlite-jdbc-3.25.2.jar:/home/user/.m2/repository/org/apache/hadoop/hadoop-ozone-objectstore-service/0.5.0-SNAPSHOT/hadoop-ozone-objectstore-service-0.5.0-SNAPSHOT.jar:/home/user/.m2/repository/com/google/code/findbugs/findbugs/3.0.1/findbugs-3.0.1.jar:/home/user/.m2/repository/net/jcip/jcip-annotations/1.0/jcip-annotations-1.0.jar:/home/user/.m2/repository/com/google/code/findbugs/bcel-findbugs/6.0/bcel-findbugs-6.0.jar:/home/user/.m2/repository/com/google/code/findbugs/jFormatString/2.0.1/jFormatString-2.0.1.jar:/home/user/.m2/repository/dom4j/dom4j/1.6.1/dom4j-1.6.1.jar:/home/user/.m2/repository/xml-apis/xml-apis/1.0.b2/xml-apis-1.0.b2.jar:/home/user/.m2/repository/org/ow2/asm/asm-debug-all/5.0.2/asm-debug-all-5.0.2.jar:/home/user/.m2/repository/org/ow2/asm/asm-commons/5.0.2/asm-commons-5.0.2.jar:/home/user/.m2/repository/org/ow2/asm/asm-tree/5.0.2/asm-tree-5.0.2.jar:/home/user/.m2/repository/org/ow2/asm/asm/5.0.4/asm-5.0.4.jar:/home/user/.m2/repository/commons-lang/commons-lang/2.6/commons-lang-2.6.jar:/home/user/.m2/repository/com/apple/AppleJavaExtensions/1.4/AppleJavaExtensions-1.4.jar:/home/user/.m2/repository/jaxen/jaxen/1.1.6/jaxen-1.1.6.jar:/home/user/.m2/repository/org/apache/hadoop/hadoop-common/3.2.0/hadoop-common-3.2.0-tests.jar:/home/user/.m2/repository/org/apache/hadoop/hadoop-ozone-client/0.5.0-SNAPSHOT/hadoop-ozone-client-0.5.0-SNAPSHOT.jar:/home/user/.m2/repository/org/apache/hadoop/hadoop-hdfs/3.2.0/hadoop-hdfs-3.2.0-tests.jar:/workdir/hadoop-ozone/integration-test/target/test-classes:/home/user/.m2/repository/org/apache/hadoop/hadoop-ozone-s3gateway/0.5.0-SNAPSHOT/hadoop-ozone-s3gateway-0.5.0-SNAPSHOT.jar:/home/user/.m2/repository/org/jboss/weld/servlet/weld-servlet/2.4.7.Final/weld-servlet-2.4.7.Final.jar:/home/user/.m2/repository/org/glassfish/jersey/containers/jersey-container-servlet-core/2.27/jersey-container-servlet-core-2.27.jar:/home/user/.m2/repository/org/glassfish/hk2/external/javax.inject/2.5.0-b42/javax.inject-2.5.0-b42.jar:/home/user/.m2/repository/org/glassfish/jersey/core/jersey-common/2.27/jersey-common-2.27.jar:/home/user/.m2/repository/org/glassfish/hk2/osgi-resource-locator/1.0.1/osgi-resource-locator-1.0.1.jar:/home/user/.m2/repository/javax/ws/rs/javax.ws.rs-api/2.1/javax.ws.rs-api-2.1.jar:/home/user/.m2/repository/org/glassfish/jersey/ext/cdi/jersey-cdi1x/2.27/jersey-cdi1x-2.27.jar:/home/user/.m2/repository/org/glassfish/jersey/inject/jersey-hk2/2.27/jersey-hk2-2.27.jar:/home/user/.m2/repository/org/glassfish/hk2/hk2-locator/2.5.0-b42/hk2-locator-2.5.0-b42.jar:/home/user/.m2/repository/org/javassist/javassist/3.22.0-CR2/javassist-3.22.0-CR2.jar:/home/user/.m2/repository/org/glassfish/hk2/hk2-api/2.5.0/hk2-api-2.5.0.jar:/home/user/.m2/repository/org/glassfish/hk2/external/jakarta.inject/2.5.0/jakarta.inject-2.5.0.jar:/home/user/.m2/repository/org/glassfish/hk2/hk2-utils/2.5.0/hk2-utils-2.5.0.jar:/home/user/.m2/repository/jakarta/annotation/jakarta.annotation-api/1.3.4/jakarta.annotation-api-1.3.4.jar:/home/user/.m2/repository/org/glassfish/hk2/external/aopalliance-repackaged/2.5.0/aopalliance-repackaged-2.5.0.jar:/home/user/.m2/repository/com/fasterxml/jackson/dataformat/jackson-dataformat-xml/2.9.0/jackson-dataformat-xml-2.9.0.jar:/home/user/.m2/repository/com/fasterxml/jackson/module/jackson-module-jaxb-annotations/2.9.5/jackson-module-jaxb-annotations-2.9.5.jar:/home/user/.m2/repository/javax/enterprise/cdi-api/1.2/cdi-api-1.2.jar:/home/user/.m2/repository/javax/el/javax.el-api/3.0.0/javax.el-api-3.0.0.jar:/home/user/.m2/repository/javax/interceptor/javax.interceptor-api/1.2/javax.interceptor-api-1.2.jar:/home/user/.m2/repository/javax/inject/javax.inject/1/javax.inject-1.jar:/home/user/.m2/repository/com/sun/xml/bind/jaxb-core/2.3.0.1/jaxb-core-2.3.0.1.jar:/home/user/.m2/repository/javax/xml/bind/jaxb-api/2.3.0/jaxb-api-2.3.0.jar:/home/user/.m2/repository/javax/activation/activation/1.1.1/activation-1.1.1.jar:/home/user/.m2/repository/org/apache/hadoop/hadoop-ozone-csi/0.5.0-SNAPSHOT/hadoop-ozone-csi-0.5.0-SNAPSHOT.jar:/home/user/.m2/repository/com/google/protobuf/protobuf-java-util/3.5.1/protobuf-java-util-3.5.1.jar:/home/user/.m2/repository/io/grpc/grpc-netty/1.17.1/grpc-netty-1.17.1.jar:/home/user/.m2/repository/io/grpc/grpc-core/1.17.1/grpc-core-1.17.1.jar:/home/user/.m2/repository/io/grpc/grpc-context/1.17.1/grpc-context-1.17.1.jar:/home/user/.m2/repository/com/google/errorprone/error_prone_annotations/2.2.0/error_prone_annotations-2.2.0.jar:/home/user/.m2/repository/org/codehaus/mojo/animal-sniffer-annotations/1.17/animal-sniffer-annotations-1.17.jar:/home/user/.m2/repository/io/opencensus/opencensus-api/0.17.0/opencensus-api-0.17.0.jar:/home/user/.m2/repository/io/opencensus/opencensus-contrib-grpc-metrics/0.17.0/opencensus-contrib-grpc-metrics-0.17.0.jar:/home/user/.m2/repository/io/netty/netty-codec-http2/4.1.30.Final/netty-codec-http2-4.1.30.Final.jar:/home/user/.m2/repository/io/netty/netty-codec-http/4.1.30.Final/netty-codec-http-4.1.30.Final.jar:/home/user/.m2/repository/io/netty/netty-codec/4.1.30.Final/netty-codec-4.1.30.Final.jar:/home/user/.m2/repository/io/netty/netty-handler/4.1.30.Final/netty-handler-4.1.30.Final.jar:/home/user/.m2/repository/io/netty/netty-handler-proxy/4.1.30.Final/netty-handler-proxy-4.1.30.Final.jar:/home/user/.m2/repository/io/netty/netty-codec-socks/4.1.30.Final/netty-codec-socks-4.1.30.Final.jar:/home/user/.m2/repository/io/netty/netty-transport-native-epoll/4.1.30.Final/netty-transport-native-epoll-4.1.30.Final.jar:/home/user/.m2/repository/io/netty/netty-common/4.1.30.Final/netty-common-4.1.30.Final.jar:/home/user/.m2/repository/io/netty/netty-buffer/4.1.30.Final/netty-buffer-4.1.30.Final.jar:/home/user/.m2/repository/io/netty/netty-transport/4.1.30.Final/netty-transport-4.1.30.Final.jar:/home/user/.m2/repository/io/netty/netty-resolver/4.1.30.Final/netty-resolver-4.1.30.Final.jar:/home/user/.m2/repository/io/netty/netty-transport-native-unix-common/4.1.30.Final/netty-transport-native-unix-common-4.1.30.Final.jar:/home/user/.m2/repository/io/grpc/grpc-protobuf/1.17.1/grpc-protobuf-1.17.1.jar:/home/user/.m2/repository/com/google/api/grpc/proto-google-common-protos/1.0.0/proto-google-common-protos-1.0.0.jar:/home/user/.m2/repository/io/grpc/grpc-protobuf-lite/1.17.1/grpc-protobuf-lite-1.17.1.jar:/home/user/.m2/repository/io/grpc/grpc-stub/1.17.1/grpc-stub-1.17.1.jar:/home/user/.m2/repository/org/apache/hadoop/hadoop-ozone-recon/0.5.0-SNAPSHOT/hadoop-ozone-recon-0.5.0-SNAPSHOT.jar:/home/user/.m2/repository/org/apache/hadoop/hadoop-ozone-reconcodegen/0.5.0-SNAPSHOT/hadoop-ozone-reconcodegen-0.5.0-SNAPSHOT.jar:/home/user/.m2/repository/com/google/inject/extensions/guice-multibindings/4.0/guice-multibindings-4.0.jar:/home/user/.m2/repository/com/google/inject/guice/4.0/guice-4.0.jar:/home/user/.m2/repository/aopalliance/aopalliance/1.0/aopalliance-1.0.jar:/home/user/.m2/repository/org/glassfish/jersey/containers/jersey-container-servlet/2.27/jersey-container-servlet-2.27.jar:/home/user/.m2/repository/org/glassfish/hk2/guice-bridge/2.5.0/guice-bridge-2.5.0.jar:/home/user/.m2/repository/org/glassfish/jersey/core/jersey-server/2.27/jersey-server-2.27.jar:/home/user/.m2/repository/org/glassfish/jersey/core/jersey-client/2.27/jersey-client-2.27.jar:/home/user/.m2/repository/org/glassfish/jersey/media/jersey-media-jaxb/2.27/jersey-media-jaxb-2.27.jar:/home/user/.m2/repository/javax/validation/validation-api/1.1.0.Final/validation-api-1.1.0.Final.jar:/home/user/.m2/repository/org/glassfish/jersey/media/jersey-media-json-jackson/2.27/jersey-media-json-jackson-2.27.jar:/home/user/.m2/repository/org/glassfish/jersey/ext/jersey-entity-filtering/2.27/jersey-entity-filtering-2.27.jar:/home/user/.m2/repository/com/google/inject/extensions/guice-assistedinject/4.0/guice-assistedinject-4.0.jar:/home/user/.m2/repository/org/jooq/jooq/3.11.10/jooq-3.11.10.jar:/home/user/.m2/repository/org/jooq/jooq-meta/3.11.10/jooq-meta-3.11.10.jar:/home/user/.m2/repository/org/jooq/jooq-codegen/3.11.10/jooq-codegen-3.11.10.jar:/home/user/.m2/repository/com/jolbox/bonecp/0.8.0.RELEASE/bonecp-0.8.0.RELEASE.jar:/home/user/.m2/repository/org/springframework/spring-jdbc/5.1.3.RELEASE/spring-jdbc-5.1.3.RELEASE.jar:/home/user/.m2/repository/org/springframework/spring-beans/5.1.3.RELEASE/spring-beans-5.1.3.RELEASE.jar:/home/user/.m2/repository/org/springframework/spring-core/5.1.3.RELEASE/spring-core-5.1.3.RELEASE.jar:/home/user/.m2/repository/org/springframework/spring-jcl/5.1.3.RELEASE/spring-jcl-5.1.3.RELEASE.jar:/home/user/.m2/repository/org/springframework/spring-tx/5.1.3.RELEASE/spring-tx-5.1.3.RELEASE.jar:/home/user/.m2/repository/org/mockito/mockito-all/1.10.19/mockito-all-1.10.19.jar:/home/user/.m2/repository/junit/junit/4.11/junit-4.11.jar:/home/user/.m2/repository/org/hamcrest/hamcrest-core/1.3/hamcrest-core-1.3.jar:/home/user/.m2/repository/org/apache/hadoop/hadoop-distcp/3.2.0/hadoop-distcp-3.2.0.jar:/home/user/.m2/repository/org/apache/hadoop/hadoop-distcp/3.2.0/hadoop-distcp-3.2.0-tests.jar:/home/user/.m2/repository/org/apache/hadoop/hadoop-mapreduce-client-jobclient/3.2.0/hadoop-mapreduce-client-jobclient-3.2.0.jar:/home/user/.m2/repository/org/apache/hadoop/hadoop-mapreduce-client-common/3.2.0/hadoop-mapreduce-client-common-3.2.0.jar:/home/user/.m2/repository/org/apache/hadoop/hadoop-yarn-common/3.2.0/hadoop-yarn-common-3.2.0.jar:/home/user/.m2/repository/org/apache/hadoop/hadoop-yarn-api/3.2.0/hadoop-yarn-api-3.2.0.jar:/home/user/.m2/repository/com/sun/jersey/jersey-client/1.19/jersey-client-1.19.jar:/home/user/.m2/repository/com/sun/jersey/contribs/jersey-guice/1.19/jersey-guice-1.19.jar:/home/user/.m2/repository/com/fasterxml/jackson/jaxrs/jackson-jaxrs-json-provider/2.9.5/jackson-jaxrs-json-provider-2.9.5.jar:/home/user/.m2/repository/com/fasterxml/jackson/jaxrs/jackson-jaxrs-base/2.9.5/jackson-jaxrs-base-2.9.5.jar:/home/user/.m2/repository/org/apache/hadoop/hadoop-yarn-client/3.2.0/hadoop-yarn-client-3.2.0.jar:/home/user/.m2/repository/org/apache/hadoop/hadoop-mapreduce-client-core/3.2.0/hadoop-mapreduce-client-core-3.2.0.jar:/home/user/.m2/repository/com/google/inject/extensions/guice-servlet/4.0/guice-servlet-4.0.jar:/home/user/.m2/repository/org/powermock/powermock-module-junit4/1.6.5/powermock-module-junit4-1.6.5.jar:/home/user/.m2/repository/org/powermock/powermock-module-junit4-common/1.6.5/powermock-module-junit4-common-1.6.5.jar:/home/user/.m2/repository/org/powermock/powermock-core/1.6.5/powermock-core-1.6.5.jar:/home/user/.m2/repository/org/powermock/powermock-reflect/1.6.5/powermock-reflect-1.6.5.jar:/home/user/.m2/repository/org/powermock/powermock-api-mockito/1.6.5/powermock-api-mockito-1.6.5.jar:/home/user/.m2/repository/org/mockito/mockito-core/1.10.19/mockito-core-1.10.19.jar:/home/user/.m2/repository/org/objenesis/objenesis/1.0/objenesis-1.0.jar:/home/user/.m2/repository/org/powermock/powermock-api-mockito-common/1.6.5/powermock-api-mockito-common-1.6.5.jar:/home/user/.m2/repository/org/powermock/powermock-api-support/1.6.5/powermock-api-support-1.6.5.jar:"/>
    <property name="java.vm.vendor" value="IcedTea"/>
    <property name="sun.arch.data.model" value="64"/>
    <property name="test.build.dir" value="/workdir/hadoop-ozone/ozonefs/target/test-dir"/>
    <property name="test.cache.data" value=""/>
    <property name="java.vendor.url" value="https://icedtea.classpath.org"/>
    <property name="user.timezone" value=""/>
    <property name="java.vm.specification.version" value="1.8"/>
    <property name="os.name" value="Linux"/>
    <property name="test.build.data" value="/workdir/hadoop-ozone/ozonefs/target/test-dir"/>
    <property name="user.country" value="US"/>
    <property name="sun.java.launcher" value="SUN_STANDARD"/>
    <property name="sun.boot.library.path" value="/usr/lib/jvm/java-1.8-openjdk/jre/lib/amd64"/>
    <property name="sun.java.command" value="/workdir/hadoop-ozone/ozonefs/target/surefire/surefirebooter4224126877200432541.jar /workdir/hadoop-ozone/ozonefs/target/surefire 2019-09-20T09-23-56_214-jvmRun1 surefire137634147397758119tmp surefire_1058790809366381201982tmp"/>
    <property name="test" value="!TestMiniChaosOzoneCluster"/>
    <property name="surefire.test.class.path" value="/workdir/hadoop-ozone/ozonefs/target/test-classes:/workdir/hadoop-ozone/ozonefs/target/classes:/home/user/.m2/repository/org/apache/hadoop/hadoop-common/3.2.0/hadoop-common-3.2.0.jar:/home/user/.m2/repository/org/apache/hadoop/hadoop-annotations/3.2.0/hadoop-annotations-3.2.0.jar:/usr/lib/jvm/java-1.8-openjdk/jre/../lib/tools.jar:/home/user/.m2/repository/com/google/guava/guava/11.0.2/guava-11.0.2.jar:/home/user/.m2/repository/commons-cli/commons-cli/1.2/commons-cli-1.2.jar:/home/user/.m2/repository/org/apache/commons/commons-math3/3.1.1/commons-math3-3.1.1.jar:/home/user/.m2/repository/org/apache/httpcomponents/httpclient/4.5.2/httpclient-4.5.2.jar:/home/user/.m2/repository/org/apache/httpcomponents/httpcore/4.4.4/httpcore-4.4.4.jar:/home/user/.m2/repository/commons-codec/commons-codec/1.11/commons-codec-1.11.jar:/home/user/.m2/repository/commons-io/commons-io/2.5/commons-io-2.5.jar:/home/user/.m2/repository/commons-net/commons-net/3.6/commons-net-3.6.jar:/home/user/.m2/repository/commons-collections/commons-collections/3.2.2/commons-collections-3.2.2.jar:/home/user/.m2/repository/javax/servlet/javax.servlet-api/3.1.0/javax.servlet-api-3.1.0.jar:/home/user/.m2/repository/org/eclipse/jetty/jetty-server/9.3.24.v20180605/jetty-server-9.3.24.v20180605.jar:/home/user/.m2/repository/org/eclipse/jetty/jetty-http/9.3.24.v20180605/jetty-http-9.3.24.v20180605.jar:/home/user/.m2/repository/org/eclipse/jetty/jetty-io/9.3.24.v20180605/jetty-io-9.3.24.v20180605.jar:/home/user/.m2/repository/org/eclipse/jetty/jetty-util/9.3.24.v20180605/jetty-util-9.3.24.v20180605.jar:/home/user/.m2/repository/org/eclipse/jetty/jetty-servlet/9.3.24.v20180605/jetty-servlet-9.3.24.v20180605.jar:/home/user/.m2/repository/org/eclipse/jetty/jetty-security/9.3.24.v20180605/jetty-security-9.3.24.v20180605.jar:/home/user/.m2/repository/org/eclipse/jetty/jetty-webapp/9.3.24.v20180605/jetty-webapp-9.3.24.v20180605.jar:/home/user/.m2/repository/org/eclipse/jetty/jetty-xml/9.3.24.v20180605/jetty-xml-9.3.24.v20180605.jar:/home/user/.m2/repository/javax/servlet/jsp/jsp-api/2.1/jsp-api-2.1.jar:/home/user/.m2/repository/com/sun/jersey/jersey-core/1.19/jersey-core-1.19.jar:/home/user/.m2/repository/javax/ws/rs/jsr311-api/1.1.1/jsr311-api-1.1.1.jar:/home/user/.m2/repository/com/sun/jersey/jersey-servlet/1.19/jersey-servlet-1.19.jar:/home/user/.m2/repository/com/sun/jersey/jersey-json/1.19/jersey-json-1.19.jar:/home/user/.m2/repository/org/codehaus/jettison/jettison/1.1/jettison-1.1.jar:/home/user/.m2/repository/com/sun/xml/bind/jaxb-impl/2.3.0.1/jaxb-impl-2.3.0.1.jar:/home/user/.m2/repository/org/codehaus/jackson/jackson-core-asl/1.9.13/jackson-core-asl-1.9.13.jar:/home/user/.m2/repository/org/codehaus/jackson/jackson-mapper-asl/1.9.13/jackson-mapper-asl-1.9.13.jar:/home/user/.m2/repository/org/codehaus/jackson/jackson-jaxrs/1.9.13/jackson-jaxrs-1.9.13.jar:/home/user/.m2/repository/org/codehaus/jackson/jackson-xc/1.9.13/jackson-xc-1.9.13.jar:/home/user/.m2/repository/com/sun/jersey/jersey-server/1.19/jersey-server-1.19.jar:/home/user/.m2/repository/commons-logging/commons-logging/1.1.3/commons-logging-1.1.3.jar:/home/user/.m2/repository/log4j/log4j/1.2.17/log4j-1.2.17.jar:/home/user/.m2/repository/commons-beanutils/commons-beanutils/1.9.3/commons-beanutils-1.9.3.jar:/home/user/.m2/repository/org/apache/commons/commons-configuration2/2.1.1/commons-configuration2-2.1.1.jar:/home/user/.m2/repository/org/apache/commons/commons-lang3/3.7/commons-lang3-3.7.jar:/home/user/.m2/repository/org/apache/commons/commons-text/1.4/commons-text-1.4.jar:/home/user/.m2/repository/org/slf4j/slf4j-api/1.7.25/slf4j-api-1.7.25.jar:/home/user/.m2/repository/org/slf4j/slf4j-log4j12/1.7.25/slf4j-log4j12-1.7.25.jar:/home/user/.m2/repository/org/apache/avro/avro/1.7.7/avro-1.7.7.jar:/home/user/.m2/repository/com/thoughtworks/paranamer/paranamer/2.3/paranamer-2.3.jar:/home/user/.m2/repository/org/xerial/snappy/snappy-java/1.0.5/snappy-java-1.0.5.jar:/home/user/.m2/repository/com/google/re2j/re2j/1.1/re2j-1.1.jar:/home/user/.m2/repository/com/google/protobuf/protobuf-java/2.5.0/protobuf-java-2.5.0.jar:/home/user/.m2/repository/com/google/code/gson/gson/2.2.4/gson-2.2.4.jar:/home/user/.m2/repository/org/apache/hadoop/hadoop-auth/3.2.0/hadoop-auth-3.2.0.jar:/home/user/.m2/repository/com/nimbusds/nimbus-jose-jwt/4.41.1/nimbus-jose-jwt-4.41.1.jar:/home/user/.m2/repository/com/github/stephenc/jcip/jcip-annotations/1.0-1/jcip-annotations-1.0-1.jar:/home/user/.m2/repository/net/minidev/json-smart/2.3/json-smart-2.3.jar:/home/user/.m2/repository/net/minidev/accessors-smart/1.2/accessors-smart-1.2.jar:/home/user/.m2/repository/org/apache/curator/curator-framework/2.12.0/curator-framework-2.12.0.jar:/home/user/.m2/repository/com/jcraft/jsch/0.1.54/jsch-0.1.54.jar:/home/user/.m2/repository/org/apache/curator/curator-client/2.12.0/curator-client-2.12.0.jar:/home/user/.m2/repository/org/apache/curator/curator-recipes/2.12.0/curator-recipes-2.12.0.jar:/home/user/.m2/repository/com/google/code/findbugs/jsr305/3.0.0/jsr305-3.0.0.jar:/home/user/.m2/repository/org/apache/htrace/htrace-core4/4.1.0-incubating/htrace-core4-4.1.0-incubating.jar:/home/user/.m2/repository/org/apache/zookeeper/zookeeper/3.4.13/zookeeper-3.4.13.jar:/home/user/.m2/repository/org/apache/yetus/audience-annotations/0.5.0/audience-annotations-0.5.0.jar:/home/user/.m2/repository/org/apache/commons/commons-compress/1.4.1/commons-compress-1.4.1.jar:/home/user/.m2/repository/org/tukaani/xz/1.0/xz-1.0.jar:/home/user/.m2/repository/org/apache/kerby/kerb-simplekdc/1.0.1/kerb-simplekdc-1.0.1.jar:/home/user/.m2/repository/org/apache/kerby/kerb-client/1.0.1/kerb-client-1.0.1.jar:/home/user/.m2/repository/org/apache/kerby/kerby-config/1.0.1/kerby-config-1.0.1.jar:/home/user/.m2/repository/org/apache/kerby/kerb-core/1.0.1/kerb-core-1.0.1.jar:/home/user/.m2/repository/org/apache/kerby/kerby-pkix/1.0.1/kerby-pkix-1.0.1.jar:/home/user/.m2/repository/org/apache/kerby/kerby-asn1/1.0.1/kerby-asn1-1.0.1.jar:/home/user/.m2/repository/org/apache/kerby/kerby-util/1.0.1/kerby-util-1.0.1.jar:/home/user/.m2/repository/org/apache/kerby/kerb-common/1.0.1/kerb-common-1.0.1.jar:/home/user/.m2/repository/org/apache/kerby/kerb-crypto/1.0.1/kerb-crypto-1.0.1.jar:/home/user/.m2/repository/org/apache/kerby/kerb-util/1.0.1/kerb-util-1.0.1.jar:/home/user/.m2/repository/org/apache/kerby/token-provider/1.0.1/token-provider-1.0.1.jar:/home/user/.m2/repository/org/apache/kerby/kerb-admin/1.0.1/kerb-admin-1.0.1.jar:/home/user/.m2/repository/org/apache/kerby/kerb-server/1.0.1/kerb-server-1.0.1.jar:/home/user/.m2/repository/org/apache/kerby/kerb-identity/1.0.1/kerb-identity-1.0.1.jar:/home/user/.m2/repository/org/apache/kerby/kerby-xdr/1.0.1/kerby-xdr-1.0.1.jar:/home/user/.m2/repository/com/fasterxml/jackson/core/jackson-databind/2.9.5/jackson-databind-2.9.5.jar:/home/user/.m2/repository/com/fasterxml/jackson/core/jackson-annotations/2.9.5/jackson-annotations-2.9.5.jar:/home/user/.m2/repository/com/fasterxml/jackson/core/jackson-core/2.9.5/jackson-core-2.9.5.jar:/home/user/.m2/repository/org/codehaus/woodstox/stax2-api/3.1.4/stax2-api-3.1.4.jar:/home/user/.m2/repository/com/fasterxml/woodstox/woodstox-core/5.0.3/woodstox-core-5.0.3.jar:/home/user/.m2/repository/dnsjava/dnsjava/2.1.7/dnsjava-2.1.7.jar:/home/user/.m2/repository/org/apache/hadoop/hadoop-hdfs/3.2.0/hadoop-hdfs-3.2.0.jar:/home/user/.m2/repository/org/eclipse/jetty/jetty-util-ajax/9.3.24.v20180605/jetty-util-ajax-9.3.24.v20180605.jar:/home/user/.m2/repository/commons-daemon/commons-daemon/1.0.13/commons-daemon-1.0.13.jar:/home/user/.m2/repository/io/netty/netty/3.10.5.Final/netty-3.10.5.Final.jar:/home/user/.m2/repository/io/netty/netty-all/4.0.52.Final/netty-all-4.0.52.Final.jar:/home/user/.m2/repository/org/fusesource/leveldbjni/leveldbjni-all/1.8/leveldbjni-all-1.8.jar:/home/user/.m2/repository/org/apache/hadoop/hadoop-hdds-common/0.5.0-SNAPSHOT/hadoop-hdds-common-0.5.0-SNAPSHOT.jar:/home/user/.m2/repository/org/apache/hadoop/hadoop-hdds-config/0.5.0-SNAPSHOT/hadoop-hdds-config-0.5.0-SNAPSHOT.jar:/home/user/.m2/repository/javax/annotation/javax.annotation-api/1.2/javax.annotation-api-1.2.jar:/home/user/.m2/repository/org/apache/ratis/ratis-server/0.4.0-2337318-SNAPSHOT/ratis-server-0.4.0-2337318-SNAPSHOT.jar:/home/user/.m2/repository/org/apache/ratis/ratis-thirdparty-misc/0.2.0/ratis-thirdparty-misc-0.2.0.jar:/home/user/.m2/repository/org/apache/ratis/ratis-proto/0.4.0-2337318-SNAPSHOT/ratis-proto-0.4.0-2337318-SNAPSHOT.jar:/home/user/.m2/repository/org/apache/ratis/ratis-common/0.4.0-2337318-SNAPSHOT/ratis-common-0.4.0-2337318-SNAPSHOT.jar:/home/user/.m2/repository/org/apache/ratis/ratis-client/0.4.0-2337318-SNAPSHOT/ratis-client-0.4.0-2337318-SNAPSHOT.jar:/home/user/.m2/repository/org/apache/ratis/ratis-metrics/0.4.0-2337318-SNAPSHOT/ratis-metrics-0.4.0-2337318-SNAPSHOT.jar:/home/user/.m2/repository/org/apache/ratis/ratis-netty/0.4.0-2337318-SNAPSHOT/ratis-netty-0.4.0-2337318-SNAPSHOT.jar:/home/user/.m2/repository/org/apache/ratis/ratis-grpc/0.4.0-2337318-SNAPSHOT/ratis-grpc-0.4.0-2337318-SNAPSHOT.jar:/home/user/.m2/repository/org/rocksdb/rocksdbjni/6.0.1/rocksdbjni-6.0.1.jar:/home/user/.m2/repository/org/apache/logging/log4j/log4j-api/2.11.0/log4j-api-2.11.0.jar:/home/user/.m2/repository/org/apache/logging/log4j/log4j-core/2.11.0/log4j-core-2.11.0.jar:/home/user/.m2/repository/com/lmax/disruptor/3.4.2/disruptor-3.4.2.jar:/home/user/.m2/repository/org/apache/commons/commons-pool2/2.6.0/commons-pool2-2.6.0.jar:/home/user/.m2/repository/org/bouncycastle/bcpkix-jdk15on/1.60/bcpkix-jdk15on-1.60.jar:/home/user/.m2/repository/commons-validator/commons-validator/1.6/commons-validator-1.6.jar:/home/user/.m2/repository/commons-digester/commons-digester/1.8.1/commons-digester-1.8.1.jar:/home/user/.m2/repository/io/jaegertracing/jaeger-client/0.33.1/jaeger-client-0.33.1.jar:/home/user/.m2/repository/io/jaegertracing/jaeger-thrift/0.33.1/jaeger-thrift-0.33.1.jar:/home/user/.m2/repository/org/apache/thrift/libthrift/0.11.0/libthrift-0.11.0.jar:/home/user/.m2/repository/com/squareup/okhttp3/okhttp/3.9.0/okhttp-3.9.0.jar:/home/user/.m2/repository/com/squareup/okio/okio/1.13.0/okio-1.13.0.jar:/home/user/.m2/repository/io/jaegertracing/jaeger-core/0.33.1/jaeger-core-0.33.1.jar:/home/user/.m2/repository/io/jaegertracing/jaeger-tracerresolver/0.33.1/jaeger-tracerresolver-0.33.1.jar:/home/user/.m2/repository/io/opentracing/contrib/opentracing-tracerresolver/0.1.5/opentracing-tracerresolver-0.1.5.jar:/home/user/.m2/repository/io/opentracing/opentracing-util/0.31.0/opentracing-util-0.31.0.jar:/home/user/.m2/repository/io/opentracing/opentracing-api/0.31.0/opentracing-api-0.31.0.jar:/home/user/.m2/repository/io/opentracing/opentracing-noop/0.31.0/opentracing-noop-0.31.0.jar:/home/user/.m2/repository/org/yaml/snakeyaml/1.16/snakeyaml-1.16.jar:/home/user/.m2/repository/org/apache/hadoop/hadoop-hdfs-client/3.2.0/hadoop-hdfs-client-3.2.0.jar:/home/user/.m2/repository/info/picocli/picocli/3.9.6/picocli-3.9.6.jar:/home/user/.m2/repository/org/apache/hadoop/hadoop-hdds-server-scm/0.5.0-SNAPSHOT/hadoop-hdds-server-scm-0.5.0-SNAPSHOT.jar:/home/user/.m2/repository/org/apache/hadoop/hadoop-hdds-docs/0.5.0-SNAPSHOT/hadoop-hdds-docs-0.5.0-SNAPSHOT.jar:/home/user/.m2/repository/io/dropwizard/metrics/metrics-core/3.2.4/metrics-core-3.2.4.jar:/home/user/.m2/repository/org/hamcrest/hamcrest-all/1.3/hamcrest-all-1.3.jar:/home/user/.m2/repository/org/bouncycastle/bcprov-jdk15on/1.60/bcprov-jdk15on-1.60.jar:/home/user/.m2/repository/org/apache/hadoop/hadoop-hdds-server-framework/0.5.0-SNAPSHOT/hadoop-hdds-server-framework-0.5.0-SNAPSHOT.jar:/home/user/.m2/repository/org/apache/hadoop/hadoop-ozone-ozone-manager/0.5.0-SNAPSHOT/hadoop-ozone-ozone-manager-0.5.0-SNAPSHOT.jar:/home/user/.m2/repository/org/apache/hadoop/hadoop-hdds-container-service/0.5.0-SNAPSHOT/hadoop-hdds-container-service-0.5.0-SNAPSHOT.jar:/home/user/.m2/repository/org/apache/hadoop/hadoop-hdds-client/0.5.0-SNAPSHOT/hadoop-hdds-client-0.5.0-SNAPSHOT.jar:/home/user/.m2/repository/org/apache/hadoop/hadoop-ozone-common/0.5.0-SNAPSHOT/hadoop-ozone-common-0.5.0-SNAPSHOT.jar:/home/user/.m2/repository/org/apache/hadoop/hadoop-hdds-tools/0.5.0-SNAPSHOT/hadoop-hdds-tools-0.5.0-SNAPSHOT.jar:/home/user/.m2/repository/org/xerial/sqlite-jdbc/3.25.2/sqlite-jdbc-3.25.2.jar:/home/user/.m2/repository/org/apache/hadoop/hadoop-ozone-objectstore-service/0.5.0-SNAPSHOT/hadoop-ozone-objectstore-service-0.5.0-SNAPSHOT.jar:/home/user/.m2/repository/com/google/code/findbugs/findbugs/3.0.1/findbugs-3.0.1.jar:/home/user/.m2/repository/net/jcip/jcip-annotations/1.0/jcip-annotations-1.0.jar:/home/user/.m2/repository/com/google/code/findbugs/bcel-findbugs/6.0/bcel-findbugs-6.0.jar:/home/user/.m2/repository/com/google/code/findbugs/jFormatString/2.0.1/jFormatString-2.0.1.jar:/home/user/.m2/repository/dom4j/dom4j/1.6.1/dom4j-1.6.1.jar:/home/user/.m2/repository/xml-apis/xml-apis/1.0.b2/xml-apis-1.0.b2.jar:/home/user/.m2/repository/org/ow2/asm/asm-debug-all/5.0.2/asm-debug-all-5.0.2.jar:/home/user/.m2/repository/org/ow2/asm/asm-commons/5.0.2/asm-commons-5.0.2.jar:/home/user/.m2/repository/org/ow2/asm/asm-tree/5.0.2/asm-tree-5.0.2.jar:/home/user/.m2/repository/org/ow2/asm/asm/5.0.4/asm-5.0.4.jar:/home/user/.m2/repository/commons-lang/commons-lang/2.6/commons-lang-2.6.jar:/home/user/.m2/repository/com/apple/AppleJavaExtensions/1.4/AppleJavaExtensions-1.4.jar:/home/user/.m2/repository/jaxen/jaxen/1.1.6/jaxen-1.1.6.jar:/home/user/.m2/repository/org/apache/hadoop/hadoop-common/3.2.0/hadoop-common-3.2.0-tests.jar:/home/user/.m2/repository/org/apache/hadoop/hadoop-ozone-client/0.5.0-SNAPSHOT/hadoop-ozone-client-0.5.0-SNAPSHOT.jar:/home/user/.m2/repository/org/apache/hadoop/hadoop-hdfs/3.2.0/hadoop-hdfs-3.2.0-tests.jar:/workdir/hadoop-ozone/integration-test/target/test-classes:/home/user/.m2/repository/org/apache/hadoop/hadoop-ozone-s3gateway/0.5.0-SNAPSHOT/hadoop-ozone-s3gateway-0.5.0-SNAPSHOT.jar:/home/user/.m2/repository/org/jboss/weld/servlet/weld-servlet/2.4.7.Final/weld-servlet-2.4.7.Final.jar:/home/user/.m2/repository/org/glassfish/jersey/containers/jersey-container-servlet-core/2.27/jersey-container-servlet-core-2.27.jar:/home/user/.m2/repository/org/glassfish/hk2/external/javax.inject/2.5.0-b42/javax.inject-2.5.0-b42.jar:/home/user/.m2/repository/org/glassfish/jersey/core/jersey-common/2.27/jersey-common-2.27.jar:/home/user/.m2/repository/org/glassfish/hk2/osgi-resource-locator/1.0.1/osgi-resource-locator-1.0.1.jar:/home/user/.m2/repository/javax/ws/rs/javax.ws.rs-api/2.1/javax.ws.rs-api-2.1.jar:/home/user/.m2/repository/org/glassfish/jersey/ext/cdi/jersey-cdi1x/2.27/jersey-cdi1x-2.27.jar:/home/user/.m2/repository/org/glassfish/jersey/inject/jersey-hk2/2.27/jersey-hk2-2.27.jar:/home/user/.m2/repository/org/glassfish/hk2/hk2-locator/2.5.0-b42/hk2-locator-2.5.0-b42.jar:/home/user/.m2/repository/org/javassist/javassist/3.22.0-CR2/javassist-3.22.0-CR2.jar:/home/user/.m2/repository/org/glassfish/hk2/hk2-api/2.5.0/hk2-api-2.5.0.jar:/home/user/.m2/repository/org/glassfish/hk2/external/jakarta.inject/2.5.0/jakarta.inject-2.5.0.jar:/home/user/.m2/repository/org/glassfish/hk2/hk2-utils/2.5.0/hk2-utils-2.5.0.jar:/home/user/.m2/repository/jakarta/annotation/jakarta.annotation-api/1.3.4/jakarta.annotation-api-1.3.4.jar:/home/user/.m2/repository/org/glassfish/hk2/external/aopalliance-repackaged/2.5.0/aopalliance-repackaged-2.5.0.jar:/home/user/.m2/repository/com/fasterxml/jackson/dataformat/jackson-dataformat-xml/2.9.0/jackson-dataformat-xml-2.9.0.jar:/home/user/.m2/repository/com/fasterxml/jackson/module/jackson-module-jaxb-annotations/2.9.5/jackson-module-jaxb-annotations-2.9.5.jar:/home/user/.m2/repository/javax/enterprise/cdi-api/1.2/cdi-api-1.2.jar:/home/user/.m2/repository/javax/el/javax.el-api/3.0.0/javax.el-api-3.0.0.jar:/home/user/.m2/repository/javax/interceptor/javax.interceptor-api/1.2/javax.interceptor-api-1.2.jar:/home/user/.m2/repository/javax/inject/javax.inject/1/javax.inject-1.jar:/home/user/.m2/repository/com/sun/xml/bind/jaxb-core/2.3.0.1/jaxb-core-2.3.0.1.jar:/home/user/.m2/repository/javax/xml/bind/jaxb-api/2.3.0/jaxb-api-2.3.0.jar:/home/user/.m2/repository/javax/activation/activation/1.1.1/activation-1.1.1.jar:/home/user/.m2/repository/org/apache/hadoop/hadoop-ozone-csi/0.5.0-SNAPSHOT/hadoop-ozone-csi-0.5.0-SNAPSHOT.jar:/home/user/.m2/repository/com/google/protobuf/protobuf-java-util/3.5.1/protobuf-java-util-3.5.1.jar:/home/user/.m2/repository/io/grpc/grpc-netty/1.17.1/grpc-netty-1.17.1.jar:/home/user/.m2/repository/io/grpc/grpc-core/1.17.1/grpc-core-1.17.1.jar:/home/user/.m2/repository/io/grpc/grpc-context/1.17.1/grpc-context-1.17.1.jar:/home/user/.m2/repository/com/google/errorprone/error_prone_annotations/2.2.0/error_prone_annotations-2.2.0.jar:/home/user/.m2/repository/org/codehaus/mojo/animal-sniffer-annotations/1.17/animal-sniffer-annotations-1.17.jar:/home/user/.m2/repository/io/opencensus/opencensus-api/0.17.0/opencensus-api-0.17.0.jar:/home/user/.m2/repository/io/opencensus/opencensus-contrib-grpc-metrics/0.17.0/opencensus-contrib-grpc-metrics-0.17.0.jar:/home/user/.m2/repository/io/netty/netty-codec-http2/4.1.30.Final/netty-codec-http2-4.1.30.Final.jar:/home/user/.m2/repository/io/netty/netty-codec-http/4.1.30.Final/netty-codec-http-4.1.30.Final.jar:/home/user/.m2/repository/io/netty/netty-codec/4.1.30.Final/netty-codec-4.1.30.Final.jar:/home/user/.m2/repository/io/netty/netty-handler/4.1.30.Final/netty-handler-4.1.30.Final.jar:/home/user/.m2/repository/io/netty/netty-handler-proxy/4.1.30.Final/netty-handler-proxy-4.1.30.Final.jar:/home/user/.m2/repository/io/netty/netty-codec-socks/4.1.30.Final/netty-codec-socks-4.1.30.Final.jar:/home/user/.m2/repository/io/netty/netty-transport-native-epoll/4.1.30.Final/netty-transport-native-epoll-4.1.30.Final.jar:/home/user/.m2/repository/io/netty/netty-common/4.1.30.Final/netty-common-4.1.30.Final.jar:/home/user/.m2/repository/io/netty/netty-buffer/4.1.30.Final/netty-buffer-4.1.30.Final.jar:/home/user/.m2/repository/io/netty/netty-transport/4.1.30.Final/netty-transport-4.1.30.Final.jar:/home/user/.m2/repository/io/netty/netty-resolver/4.1.30.Final/netty-resolver-4.1.30.Final.jar:/home/user/.m2/repository/io/netty/netty-transport-native-unix-common/4.1.30.Final/netty-transport-native-unix-common-4.1.30.Final.jar:/home/user/.m2/repository/io/grpc/grpc-protobuf/1.17.1/grpc-protobuf-1.17.1.jar:/home/user/.m2/repository/com/google/api/grpc/proto-google-common-protos/1.0.0/proto-google-common-protos-1.0.0.jar:/home/user/.m2/repository/io/grpc/grpc-protobuf-lite/1.17.1/grpc-protobuf-lite-1.17.1.jar:/home/user/.m2/repository/io/grpc/grpc-stub/1.17.1/grpc-stub-1.17.1.jar:/home/user/.m2/repository/org/apache/hadoop/hadoop-ozone-recon/0.5.0-SNAPSHOT/hadoop-ozone-recon-0.5.0-SNAPSHOT.jar:/home/user/.m2/repository/org/apache/hadoop/hadoop-ozone-reconcodegen/0.5.0-SNAPSHOT/hadoop-ozone-reconcodegen-0.5.0-SNAPSHOT.jar:/home/user/.m2/repository/com/google/inject/extensions/guice-multibindings/4.0/guice-multibindings-4.0.jar:/home/user/.m2/repository/com/google/inject/guice/4.0/guice-4.0.jar:/home/user/.m2/repository/aopalliance/aopalliance/1.0/aopalliance-1.0.jar:/home/user/.m2/repository/org/glassfish/jersey/containers/jersey-container-servlet/2.27/jersey-container-servlet-2.27.jar:/home/user/.m2/repository/org/glassfish/hk2/guice-bridge/2.5.0/guice-bridge-2.5.0.jar:/home/user/.m2/repository/org/glassfish/jersey/core/jersey-server/2.27/jersey-server-2.27.jar:/home/user/.m2/repository/org/glassfish/jersey/core/jersey-client/2.27/jersey-client-2.27.jar:/home/user/.m2/repository/org/glassfish/jersey/media/jersey-media-jaxb/2.27/jersey-media-jaxb-2.27.jar:/home/user/.m2/repository/javax/validation/validation-api/1.1.0.Final/validation-api-1.1.0.Final.jar:/home/user/.m2/repository/org/glassfish/jersey/media/jersey-media-json-jackson/2.27/jersey-media-json-jackson-2.27.jar:/home/user/.m2/repository/org/glassfish/jersey/ext/jersey-entity-filtering/2.27/jersey-entity-filtering-2.27.jar:/home/user/.m2/repository/com/google/inject/extensions/guice-assistedinject/4.0/guice-assistedinject-4.0.jar:/home/user/.m2/repository/org/jooq/jooq/3.11.10/jooq-3.11.10.jar:/home/user/.m2/repository/org/jooq/jooq-meta/3.11.10/jooq-meta-3.11.10.jar:/home/user/.m2/repository/org/jooq/jooq-codegen/3.11.10/jooq-codegen-3.11.10.jar:/home/user/.m2/repository/com/jolbox/bonecp/0.8.0.RELEASE/bonecp-0.8.0.RELEASE.jar:/home/user/.m2/repository/org/springframework/spring-jdbc/5.1.3.RELEASE/spring-jdbc-5.1.3.RELEASE.jar:/home/user/.m2/repository/org/springframework/spring-beans/5.1.3.RELEASE/spring-beans-5.1.3.RELEASE.jar:/home/user/.m2/repository/org/springframework/spring-core/5.1.3.RELEASE/spring-core-5.1.3.RELEASE.jar:/home/user/.m2/repository/org/springframework/spring-jcl/5.1.3.RELEASE/spring-jcl-5.1.3.RELEASE.jar:/home/user/.m2/repository/org/springframework/spring-tx/5.1.3.RELEASE/spring-tx-5.1.3.RELEASE.jar:/home/user/.m2/repository/org/mockito/mockito-all/1.10.19/mockito-all-1.10.19.jar:/home/user/.m2/repository/junit/junit/4.11/junit-4.11.jar:/home/user/.m2/repository/org/hamcrest/hamcrest-core/1.3/hamcrest-core-1.3.jar:/home/user/.m2/repository/org/apache/hadoop/hadoop-distcp/3.2.0/hadoop-distcp-3.2.0.jar:/home/user/.m2/repository/org/apache/hadoop/hadoop-distcp/3.2.0/hadoop-distcp-3.2.0-tests.jar:/home/user/.m2/repository/org/apache/hadoop/hadoop-mapreduce-client-jobclient/3.2.0/hadoop-mapreduce-client-jobclient-3.2.0.jar:/home/user/.m2/repository/org/apache/hadoop/hadoop-mapreduce-client-common/3.2.0/hadoop-mapreduce-client-common-3.2.0.jar:/home/user/.m2/repository/org/apache/hadoop/hadoop-yarn-common/3.2.0/hadoop-yarn-common-3.2.0.jar:/home/user/.m2/repository/org/apache/hadoop/hadoop-yarn-api/3.2.0/hadoop-yarn-api-3.2.0.jar:/home/user/.m2/repository/com/sun/jersey/jersey-client/1.19/jersey-client-1.19.jar:/home/user/.m2/repository/com/sun/jersey/contribs/jersey-guice/1.19/jersey-guice-1.19.jar:/home/user/.m2/repository/com/fasterxml/jackson/jaxrs/jackson-jaxrs-json-provider/2.9.5/jackson-jaxrs-json-provider-2.9.5.jar:/home/user/.m2/repository/com/fasterxml/jackson/jaxrs/jackson-jaxrs-base/2.9.5/jackson-jaxrs-base-2.9.5.jar:/home/user/.m2/repository/org/apache/hadoop/hadoop-yarn-client/3.2.0/hadoop-yarn-client-3.2.0.jar:/home/user/.m2/repository/org/apache/hadoop/hadoop-mapreduce-client-core/3.2.0/hadoop-mapreduce-client-core-3.2.0.jar:/home/user/.m2/repository/com/google/inject/extensions/guice-servlet/4.0/guice-servlet-4.0.jar:/home/user/.m2/repository/org/powermock/powermock-module-junit4/1.6.5/powermock-module-junit4-1.6.5.jar:/home/user/.m2/repository/org/powermock/powermock-module-junit4-common/1.6.5/powermock-module-junit4-common-1.6.5.jar:/home/user/.m2/repository/org/powermock/powermock-core/1.6.5/powermock-core-1.6.5.jar:/home/user/.m2/repository/org/powermock/powermock-reflect/1.6.5/powermock-reflect-1.6.5.jar:/home/user/.m2/repository/org/powermock/powermock-api-mockito/1.6.5/powermock-api-mockito-1.6.5.jar:/home/user/.m2/repository/org/mockito/mockito-core/1.10.19/mockito-core-1.10.19.jar:/home/user/.m2/repository/org/objenesis/objenesis/1.0/objenesis-1.0.jar:/home/user/.m2/repository/org/powermock/powermock-api-mockito-common/1.6.5/powermock-api-mockito-common-1.6.5.jar:/home/user/.m2/repository/org/powermock/powermock-api-support/1.6.5/powermock-api-support-1.6.5.jar:"/>
    <property name="sun.cpu.endian" value="little"/>
    <property name="user.home" value="/home/user"/>
    <property name="user.language" value="en"/>
    <property name="java.specification.vendor" value="Oracle Corporation"/>
    <property name="java.home" value="/usr/lib/jvm/java-1.8-openjdk/jre"/>
    <property name="java.security.krb5.conf" value="/workdir/hadoop-ozone/ozonefs/target/test-classes/krb5.conf"/>
    <property name="basedir" value="/workdir/hadoop-ozone/ozonefs"/>
    <property name="file.separator" value="/"/>
    <property name="line.separator" value="&#10;"/>
    <property name="java.vm.specification.vendor" value="Oracle Corporation"/>
    <property name="java.specification.name" value="Java Platform API Specification"/>
    <property name="java.awt.graphicsenv" value="sun.awt.X11GraphicsEnvironment"/>
    <property name="surefire.real.class.path" value="/workdir/hadoop-ozone/ozonefs/target/surefire/surefirebooter4224126877200432541.jar"/>
    <property name="hadoop.log.dir" value="/workdir/hadoop-ozone/ozonefs/target/log"/>
    <property name="sun.boot.class.path" value="/usr/lib/jvm/java-1.8-openjdk/jre/lib/resources.jar:/usr/lib/jvm/java-1.8-openjdk/jre/lib/rt.jar:/usr/lib/jvm/java-1.8-openjdk/jre/lib/sunrsasign.jar:/usr/lib/jvm/java-1.8-openjdk/jre/lib/jsse.jar:/usr/lib/jvm/java-1.8-openjdk/jre/lib/jce.jar:/usr/lib/jvm/java-1.8-openjdk/jre/lib/charsets.jar:/usr/lib/jvm/java-1.8-openjdk/jre/lib/jfr.jar:/usr/lib/jvm/java-1.8-openjdk/jre/classes"/>
    <property name="sun.management.compiler" value="HotSpot 64-Bit Tiered Compilers"/>
    <property name="java.runtime.version" value="1.8.0_212-b04"/>
    <property name="java.net.preferIPv4Stack" value="true"/>
    <property name="user.name" value="jenkins1000"/>
    <property name="path.separator" value=":"/>
    <property name="java.security.egd" value="file:///dev/urandom"/>
    <property name="os.version" value="3.10.0-957.12.2.el7.x86_64"/>
    <property name="java.endorsed.dirs" value="/usr/lib/jvm/java-1.8-openjdk/jre/lib/endorsed"/>
    <property name="java.runtime.name" value="OpenJDK Runtime Environment"/>
    <property name="file.encoding" value="UTF-8"/>
    <property name="java.vm.name" value="OpenJDK 64-Bit Server VM"/>
    <property name="test.build.webapps" value=""/>
    <property name="localRepository" value="/home/user/.m2/repository"/>
    <property name="java.vendor.url.bug" value="https://icedtea.classpath.org/bugzilla"/>
    <property name="java.io.tmpdir" value="/tmp"/>
    <property name="require.test.libhadoop" value=""/>
    <property name="java.version" value="1.8.0_212"/>
    <property name="user.dir" value="/workdir/hadoop-ozone/ozonefs"/>
    <property name="os.arch" value="amd64"/>
    <property name="java.vm.specification.name" value="Java Virtual Machine Specification"/>
    <property name="test.build.classes" value="/workdir/hadoop-ozone/ozonefs/target/test-classes"/>
    <property name="java.awt.printerjob" value="sun.print.PSPrinterJob"/>
    <property name="sun.os.patch.level" value="unknown"/>
    <property name="hadoop.tmp.dir" value="/workdir/hadoop-ozone/ozonefs/target/tmp"/>
    <property name="java.library.path" value="/usr/lib/jvm/java-1.8-openjdk/jre/lib/amd64/server:/usr/lib/jvm/java-1.8-openjdk/jre/lib/amd64:/usr/lib/jvm/java-1.8-openjdk/jre/../lib/amd64:/workdir/hadoop-ozone/ozonefs/target/native/target/usr/local/lib:/workdir/hadoop-ozone/ozonefs/../../hadoop-common-project/hadoop-common/target/native/target/usr/local/lib:/usr/java/packages/lib/amd64:/usr/lib64:/lib64:/lib:/usr/lib"/>
    <property name="java.vm.info" value="mixed mode"/>
    <property name="java.vendor" value="IcedTea"/>
    <property name="java.vm.version" value="25.212-b04"/>
    <property name="java.ext.dirs" value="/usr/lib/jvm/java-1.8-openjdk/jre/lib/ext:/usr/java/packages/lib/ext"/>
    <property name="sun.io.unicode.encoding" value="UnicodeLittle"/>
    <property name="java.class.version" value="52.0"/>
  </properties>
  <testcase name="testListFilesEmptyDirectoryNonrecursive" classname="org.apache.hadoop.fs.ozone.contract.ITestOzoneContractGetFileStatus" time="0.865"/>
  <testcase name="testListStatusEmptyDirectory" classname="org.apache.hadoop.fs.ozone.contract.ITestOzoneContractGetFileStatus" time="0.145"/>
  <testcase name="testListLocatedStatusFiltering" classname="org.apache.hadoop.fs.ozone.contract.ITestOzoneContractGetFileStatus" time="0.751">
    <error message="Allocated 0 blocks. Requested 1 blocks" type="INTERNAL_ERROR org.apache.hadoop.ozone.om.exceptions.OMException">INTERNAL_ERROR org.apache.hadoop.ozone.om.exceptions.OMException: Allocated 0 blocks. Requested 1 blocks
	at org.apache.hadoop.ozone.om.protocolPB.OzoneManagerProtocolClientSideTranslatorPB.handleError(OzoneManagerProtocolClientSideTranslatorPB.java:725)
	at org.apache.hadoop.ozone.om.protocolPB.OzoneManagerProtocolClientSideTranslatorPB.createFile(OzoneManagerProtocolClientSideTranslatorPB.java:1474)
	at org.apache.hadoop.ozone.client.rpc.RpcClient.createFile(RpcClient.java:984)
	at org.apache.hadoop.ozone.client.OzoneBucket.createFile(OzoneBucket.java:535)
	at org.apache.hadoop.fs.ozone.BasicOzoneClientAdapterImpl.createFile(BasicOzoneClientAdapterImpl.java:181)
	at org.apache.hadoop.fs.ozone.BasicOzoneFileSystem.createOutputStream(BasicOzoneFileSystem.java:249)
	at org.apache.hadoop.fs.ozone.BasicOzoneFileSystem.create(BasicOzoneFileSystem.java:230)
	at org.apache.hadoop.fs.FileSystem.create(FileSystem.java:1118)
	at org.apache.hadoop.fs.FileSystem.create(FileSystem.java:1098)
	at org.apache.hadoop.fs.FileSystem.create(FileSystem.java:987)
	at org.apache.hadoop.fs.contract.ContractTestUtils.createFile(ContractTestUtils.java:633)
	at org.apache.hadoop.fs.contract.ContractTestUtils.touch(ContractTestUtils.java:669)
	at org.apache.hadoop.fs.contract.AbstractContractGetFileStatusTest.touchf(AbstractContractGetFileStatusTest.java:382)
	at org.apache.hadoop.fs.contract.AbstractContractGetFileStatusTest.testListLocatedStatusFiltering(AbstractContractGetFileStatusTest.java:475)
	at sun.reflect.NativeMethodAccessorImpl.invoke0(Native Method)
	at sun.reflect.NativeMethodAccessorImpl.invoke(NativeMethodAccessorImpl.java:62)
	at sun.reflect.DelegatingMethodAccessorImpl.invoke(DelegatingMethodAccessorImpl.java:43)
	at java.lang.reflect.Method.invoke(Method.java:498)
	at org.junit.runners.model.FrameworkMethod$1.runReflectiveCall(FrameworkMethod.java:47)
	at org.junit.internal.runners.model.ReflectiveCallable.run(ReflectiveCallable.java:12)
	at org.junit.runners.model.FrameworkMethod.invokeExplosively(FrameworkMethod.java:44)
	at org.junit.internal.runners.statements.InvokeMethod.evaluate(InvokeMethod.java:17)
	at org.junit.internal.runners.statements.RunBefores.evaluate(RunBefores.java:26)
	at org.junit.internal.runners.statements.RunAfters.evaluate(RunAfters.java:27)
	at org.junit.rules.TestWatcher$1.evaluate(TestWatcher.java:55)
	at org.junit.internal.runners.statements.FailOnTimeout$StatementThread.run(FailOnTimeout.java:74)
</error>
    <system-out><![CDATA[2019-09-20 14:18:47,373 [RatisPipelineUtilsThread] INFO  pipeline.PipelineStateManager (PipelineStateManager.java:addPipeline(56)) - Created pipeline Pipeline[ Id: c4bf60f1-ee5f-4185-bff6-9247dc6ab2f2, Nodes: 138806e0-8aae-493b-bcc3-c67b43d3673f{ip: 192.168.36.99, host: pr-hdds-1569-p5fx8-1226042367, networkLocation: /default-rack, certSerialId: null}, Type:RATIS, Factor:ONE, State:OPEN]
2019-09-20 14:18:47,375 [RatisPipelineUtilsThread] INFO  pipeline.PipelinePlacementPolicy (PipelinePlacementPolicy.java:meetCriteria(91)) - Pipeline Placement: Doesn't meet the criteria to be viable node： 2a5c9949-8efa-4686-b715-798e5449da2f Heaviness: 6 limit: 5
2019-09-20 14:18:47,375 | INFO  | OMAudit | user=jenkins1000 | ip=127.0.0.1 | op=CREATE_VOLUME {admin=admin94321, owner=user47579, volume=volume39974, creationTime=1568989127375, quotaInBytes=1152921504606846976} | ret=SUCCESS |  
2019-09-20 14:18:47,375 [RatisPipelineUtilsThread] INFO  pipeline.PipelinePlacementPolicy (PipelinePlacementPolicy.java:meetCriteria(91)) - Pipeline Placement: Doesn't meet the criteria to be viable node： 224b9ac6-8a4e-4740-9f14-62c119c0e730 Heaviness: 6 limit: 5
2019-09-20 14:18:47,377 | INFO  | OMAudit | user=jenkins1000 | ip=127.0.0.1 | op=CREATE_BUCKET {volume=volume39974, bucket=bucket49589, acls=[], isVersionEnabled=false, storageType=DISK, creationTime=0} | ret=SUCCESS |  
2019-09-20 14:18:47,385 [grpc-default-executor-1] INFO  impl.RaftServerProxy (RaftServerProxy.java:addNew(89)) - 138806e0-8aae-493b-bcc3-c67b43d3673f: addNew group-AD04053119ED:[138806e0-8aae-493b-bcc3-c67b43d3673f:192.168.36.99:44285] returns group-AD04053119ED:java.util.concurrent.CompletableFuture@4d6a225b[Not completed]
2019-09-20 14:18:47,386 [pool-60-thread-1] INFO  impl.RaftServerImpl (RaftServerImpl.java:<init>(93)) - 138806e0-8aae-493b-bcc3-c67b43d3673f: new RaftServerImpl for group-AD04053119ED:[138806e0-8aae-493b-bcc3-c67b43d3673f:192.168.36.99:44285] with ContainerStateMachine:uninitialized
2019-09-20 14:18:47,387 [pool-60-thread-1] INFO  server.RaftServerConfigKeys (ConfUtils.java:logGet(43)) - raft.server.rpc.timeout.min = 5s (custom)
2019-09-20 14:18:47,387 [pool-60-thread-1] INFO  server.RaftServerConfigKeys (ConfUtils.java:logGet(43)) - raft.server.rpc.timeout.max = 5200ms (custom)
2019-09-20 14:18:47,387 [pool-60-thread-1] INFO  server.RaftServerConfigKeys (ConfUtils.java:logGet(43)) - raft.server.rpcslowness.timeout = 120s (custom)
2019-09-20 14:18:47,387 [pool-60-thread-1] INFO  server.RaftServerConfigKeys (ConfUtils.java:logGet(43)) - raft.server.sleep.deviation.threshold = 300 (default)
2019-09-20 14:18:47,387 [pool-60-thread-1] INFO  server.RaftServerConfigKeys (ConfUtils.java:logGet(43)) - raft.server.log.appender.install.snapshot.enabled = false (custom)
2019-09-20 14:18:47,387 [pool-60-thread-1] INFO  impl.RaftServerImpl (ServerState.java:<init>(105)) - 138806e0-8aae-493b-bcc3-c67b43d3673f:group-AD04053119ED ConfigurationManager, init=-1: [138806e0-8aae-493b-bcc3-c67b43d3673f:192.168.36.99:44285], old=null, confs=<EMPTY_MAP>
2019-09-20 14:18:47,388 [pool-60-thread-1] INFO  server.RaftServerConfigKeys (ConfUtils.java:logGet(43)) - raft.server.storage.dir = [/workdir/hadoop-ozone/ozonefs/target/test-dir/MiniOzoneClusterImpl-fed52d2e-629f-461a-93bd-7e6cecb50aef/datanode-3/data/ratis] (custom)
2019-09-20 14:18:47,388 [pool-60-thread-1] INFO  storage.RaftStorageDirectory (RaftStorageDirectory.java:analyzeStorage(246)) - The storage directory /workdir/hadoop-ozone/ozonefs/target/test-dir/MiniOzoneClusterImpl-fed52d2e-629f-461a-93bd-7e6cecb50aef/datanode-3/data/ratis/eade6b65-41bc-4521-9d50-ad04053119ed does not exist. Creating ...
2019-09-20 14:18:47,412 [pool-60-thread-1] INFO  storage.RaftStorageDirectory (RaftStorageDirectory.java:tryLock(328)) - Lock on /workdir/hadoop-ozone/ozonefs/target/test-dir/MiniOzoneClusterImpl-fed52d2e-629f-461a-93bd-7e6cecb50aef/datanode-3/data/ratis/eade6b65-41bc-4521-9d50-ad04053119ed/in_use.lock acquired by nodename 11390@pr-hdds-1569-p5fx8-1226042367
2019-09-20 14:18:47,428 | INFO  | OMAudit | user=jenkins1000 | ip=127.0.0.1 | op=READ_VOLUME {volume=volume39974} | ret=SUCCESS |  
2019-09-20 14:18:47,429 | INFO  | OMAudit | user=jenkins1000 | ip=127.0.0.1 | op=READ_BUCKET {volume=volume39974, bucket=bucket49589} | ret=SUCCESS |  
2019-09-20 14:18:47,430 [Thread-278] INFO  contract.AbstractFSContractTestBase (AbstractFSContractTestBase.java:setup(184)) - Test filesystem = o3fs://bucket49589.volume39974 implemented by OzoneFileSystem{URI=o3fs://bucket49589.volume39974, workingDir=o3fs://bucket49589.volume39974/user/jenkins1000, userName=jenkins1000, statistics=0 bytes read, 0 bytes written, 14 read ops, 0 large read ops, 4 write ops}
2019-09-20 14:18:47,432 | INFO  | OMAudit | user=jenkins1000 | ip=127.0.0.1 | op=CREATE_DIRECTORY {volume=volume39974, bucket=bucket49589, key=test, dataSize=0, replicationType=null, replicationFactor=null, keyLocationInfo=null} | ret=SUCCESS |  
2019-09-20 14:18:47,432 [Thread-278] INFO  contract.AbstractFSContractTestBase (AbstractFSContractTestBase.java:describe(255)) - Call listLocatedStatus() with filtering
2019-09-20 14:18:47,432 [Thread-278] INFO  contract.AbstractFSContractTestBase (AbstractFSContractTestBase.java:describe(255)) - Call listStatus() against paths and directories with filtering
2019-09-20 14:18:47,438 [pool-60-thread-1] INFO  storage.RaftStorage (RaftStorage.java:format(72)) - Storage directory /workdir/hadoop-ozone/ozonefs/target/test-dir/MiniOzoneClusterImpl-fed52d2e-629f-461a-93bd-7e6cecb50aef/datanode-3/data/ratis/eade6b65-41bc-4521-9d50-ad04053119ed has been successfully formatted.
2019-09-20 14:18:47,438 [pool-60-thread-1] INFO  ratis.ContainerStateMachine (ContainerStateMachine.java:loadSnapshot(226)) - group-AD04053119ED: The snapshot info is null. Setting the last applied indexto:(t:0, i:~)
2019-09-20 14:18:47,438 [pool-60-thread-1] INFO  server.RaftServerConfigKeys (ConfUtils.java:logGet(43)) - raft.server.leader.election.timeout = 120s (custom)
2019-09-20 14:18:47,438 [pool-60-thread-1] INFO  server.RaftServerConfigKeys (ConfUtils.java:logGet(43)) - raft.server.log.use.memory = false (default)
2019-09-20 14:18:47,439 [pool-60-thread-1] INFO  server.RaftServerConfigKeys (ConfUtils.java:logGet(43)) - raft.server.log.purge.gap = 1000000 (custom)
2019-09-20 14:18:47,439 [pool-60-thread-1] INFO  server.RaftServerConfigKeys (ConfUtils.java:logGet(43)) - raft.server.log.appender.buffer.byte-limit = 33554432 (custom)
2019-09-20 14:18:47,439 [pool-60-thread-1] INFO  server.RaftServerConfigKeys (ConfUtils.java:logGet(43)) - raft.server.log.segment.size.max = 1048576 (custom)
2019-09-20 14:18:47,439 [pool-60-thread-1] INFO  server.RaftServerConfigKeys (ConfUtils.java:logGet(43)) - raft.server.log.segment.cache.num.max = 2 (custom)
2019-09-20 14:18:47,440 [pool-60-thread-1] INFO  segmented.SegmentedRaftLogWorker (SegmentedRaftLogWorker.java:<init>(172)) - new 138806e0-8aae-493b-bcc3-c67b43d3673f-SegmentedRaftLogWorker:Storage Directory /workdir/hadoop-ozone/ozonefs/target/test-dir/MiniOzoneClusterImpl-fed52d2e-629f-461a-93bd-7e6cecb50aef/datanode-3/data/ratis/eade6b65-41bc-4521-9d50-ad04053119ed for RaftStorage:Storage Directory /workdir/hadoop-ozone/ozonefs/target/test-dir/MiniOzoneClusterImpl-fed52d2e-629f-461a-93bd-7e6cecb50aef/datanode-3/data/ratis/eade6b65-41bc-4521-9d50-ad04053119ed
2019-09-20 14:18:47,440 [pool-60-thread-1] INFO  server.RaftServerConfigKeys (ConfUtils.java:logGet(43)) - raft.server.log.queue.byte-limit = 2147483647 (custom)
2019-09-20 14:18:47,440 [pool-60-thread-1] INFO  server.RaftServerConfigKeys (ConfUtils.java:logGet(43)) - raft.server.log.queue.element-limit = 1024 (custom)
2019-09-20 14:18:47,440 [pool-60-thread-1] INFO  server.RaftServerConfigKeys (ConfUtils.java:logGet(43)) - raft.server.log.segment.size.max = 1048576 (custom)
2019-09-20 14:18:47,440 [pool-60-thread-1] INFO  server.RaftServerConfigKeys (ConfUtils.java:logGet(43)) - raft.server.log.preallocated.size = 16384 (custom)
2019-09-20 14:18:47,441 [pool-60-thread-1] INFO  server.RaftServerConfigKeys (ConfUtils.java:logGet(43)) - raft.server.log.write.buffer.size = 33554432 (custom)
2019-09-20 14:18:47,441 [pool-60-thread-1] INFO  server.RaftServerConfigKeys (ConfUtils.java:logGet(43)) - raft.server.log.force.sync.num = 128 (default)
2019-09-20 14:18:47,441 [pool-60-thread-1] INFO  server.RaftServerConfigKeys (ConfUtils.java:logGet(43)) - raft.server.log.statemachine.data.sync = true (default)
2019-09-20 14:18:47,441 [pool-60-thread-1] INFO  server.RaftServerConfigKeys (ConfUtils.java:logGet(43)) - raft.server.log.statemachine.data.sync.timeout = 10s (default)
2019-09-20 14:18:47,441 [pool-60-thread-1] INFO  server.RaftServerConfigKeys (ConfUtils.java:logGet(43)) - raft.server.log.statemachine.data.sync.timeout.retry = -1 (default)
2019-09-20 14:18:47,442 [pool-60-thread-1] INFO  server.RaftServerConfigKeys (ConfUtils.java:logGet(43)) - raft.server.log.statemachine.data.caching.enabled = true (custom)
2019-09-20 14:18:47,442 [pool-60-thread-1] INFO  segmented.SegmentedRaftLogWorker (SegmentedRaftLogWorker.java:lambda$new$0(132)) - 138806e0-8aae-493b-bcc3-c67b43d3673f-SegmentedRaftLogWorker:Storage Directory /workdir/hadoop-ozone/ozonefs/target/test-dir/MiniOzoneClusterImpl-fed52d2e-629f-461a-93bd-7e6cecb50aef/datanode-3/data/ratis/eade6b65-41bc-4521-9d50-ad04053119ed: flushIndex: setUnconditionally 0 -> -1
2019-09-20 14:18:47,442 [pool-60-thread-1] INFO  server.RaftServerConfigKeys (ConfUtils.java:logGet(43)) - raft.server.snapshot.auto.trigger.enabled = true (custom)
2019-09-20 14:18:47,442 [pool-60-thread-1] INFO  server.RaftServerConfigKeys (ConfUtils.java:logGet(43)) - raft.server.snapshot.auto.trigger.threshold = 10000 (custom)
2019-09-20 14:18:47,443 [pool-60-thread-1] INFO  server.RaftServerConfigKeys (ConfUtils.java:logGet(43)) - raft.server.retrycache.expirytime = 600000ms (custom)
2019-09-20 14:18:47,443 [pool-60-thread-1] INFO  impl.RaftServerImpl (RaftServerImpl.java:start(180)) - 138806e0-8aae-493b-bcc3-c67b43d3673f: start group-AD04053119ED
2019-09-20 14:18:47,443 [pool-60-thread-1] INFO  impl.RaftServerImpl (RaftServerImpl.java:setRole(171)) - 138806e0-8aae-493b-bcc3-c67b43d3673f:group-AD04053119ED changes role from null to FOLLOWER at term 0 for startAsFollower
2019-09-20 14:18:47,443 [pool-60-thread-1] INFO  impl.RoleInfo (RoleInfo.java:updateAndGet(143)) - 138806e0-8aae-493b-bcc3-c67b43d3673f: start FollowerState
2019-09-20 14:18:47,444 [pool-60-thread-1] INFO  util.JmxRegister (JmxRegister.java:tryRegister(44)) - Successfully registered JMX Bean with object name Ratis:service=RaftServer,group=group-AD04053119ED,id=138806e0-8aae-493b-bcc3-c67b43d3673f
2019-09-20 14:18:47,449 [RatisPipelineUtilsThread] INFO  pipeline.PipelineStateManager (PipelineStateManager.java:addPipeline(56)) - Created pipeline Pipeline[ Id: eade6b65-41bc-4521-9d50-ad04053119ed, Nodes: 138806e0-8aae-493b-bcc3-c67b43d3673f{ip: 192.168.36.99, host: pr-hdds-1569-p5fx8-1226042367, networkLocation: /default-rack, certSerialId: null}, Type:RATIS, Factor:ONE, State:OPEN]
2019-09-20 14:18:47,451 [RatisPipelineUtilsThread] INFO  pipeline.PipelinePlacementPolicy (PipelinePlacementPolicy.java:meetCriteria(91)) - Pipeline Placement: Doesn't meet the criteria to be viable node： 2a5c9949-8efa-4686-b715-798e5449da2f Heaviness: 6 limit: 5
2019-09-20 14:18:47,451 [RatisPipelineUtilsThread] INFO  pipeline.PipelinePlacementPolicy (PipelinePlacementPolicy.java:meetCriteria(91)) - Pipeline Placement: Doesn't meet the criteria to be viable node： 224b9ac6-8a4e-4740-9f14-62c119c0e730 Heaviness: 6 limit: 5
2019-09-20 14:18:47,466 [grpc-default-executor-1] INFO  impl.RaftServerProxy (RaftServerProxy.java:addNew(89)) - b0d01f7e-06f7-489d-8516-80ea31822548: addNew group-29F265F2545E:[b0d01f7e-06f7-489d-8516-80ea31822548:192.168.36.99:46817] returns group-29F265F2545E:java.util.concurrent.CompletableFuture@114d7ae3[Not completed]
2019-09-20 14:18:47,467 [pool-38-thread-1] INFO  impl.RaftServerImpl (RaftServerImpl.java:<init>(93)) - b0d01f7e-06f7-489d-8516-80ea31822548: new RaftServerImpl for group-29F265F2545E:[b0d01f7e-06f7-489d-8516-80ea31822548:192.168.36.99:46817] with ContainerStateMachine:uninitialized
2019-09-20 14:18:47,468 [pool-38-thread-1] INFO  server.RaftServerConfigKeys (ConfUtils.java:logGet(43)) - raft.server.rpc.timeout.min = 5s (custom)
2019-09-20 14:18:47,468 [pool-38-thread-1] INFO  server.RaftServerConfigKeys (ConfUtils.java:logGet(43)) - raft.server.rpc.timeout.max = 5200ms (custom)
2019-09-20 14:18:47,468 [pool-38-thread-1] INFO  server.RaftServerConfigKeys (ConfUtils.java:logGet(43)) - raft.server.rpcslowness.timeout = 120s (custom)
2019-09-20 14:18:47,468 [pool-38-thread-1] INFO  server.RaftServerConfigKeys (ConfUtils.java:logGet(43)) - raft.server.sleep.deviation.threshold = 300 (default)
2019-09-20 14:18:47,468 [pool-38-thread-1] INFO  server.RaftServerConfigKeys (ConfUtils.java:logGet(43)) - raft.server.log.appender.install.snapshot.enabled = false (custom)
2019-09-20 14:18:47,468 [pool-38-thread-1] INFO  impl.RaftServerImpl (ServerState.java:<init>(105)) - b0d01f7e-06f7-489d-8516-80ea31822548:group-29F265F2545E ConfigurationManager, init=-1: [b0d01f7e-06f7-489d-8516-80ea31822548:192.168.36.99:46817], old=null, confs=<EMPTY_MAP>
2019-09-20 14:18:47,468 [pool-38-thread-1] INFO  server.RaftServerConfigKeys (ConfUtils.java:logGet(43)) - raft.server.storage.dir = [/workdir/hadoop-ozone/ozonefs/target/test-dir/MiniOzoneClusterImpl-fed52d2e-629f-461a-93bd-7e6cecb50aef/datanode-1/data/ratis] (custom)
2019-09-20 14:18:47,469 [pool-38-thread-1] INFO  storage.RaftStorageDirectory (RaftStorageDirectory.java:analyzeStorage(246)) - The storage directory /workdir/hadoop-ozone/ozonefs/target/test-dir/MiniOzoneClusterImpl-fed52d2e-629f-461a-93bd-7e6cecb50aef/datanode-1/data/ratis/3f0b029e-d038-46d6-800f-29f265f2545e does not exist. Creating ...
2019-09-20 14:18:47,475 | INFO  | SCMAudit | user=jenkins1000 | ip=192.168.36.99 | op=SEND_HEARTBEAT {datanodeUUID=2a5c9949-8efa-4686-b715-798e5449da2f, command=[]} | ret=SUCCESS |  
2019-09-20 14:18:47,488 [pool-38-thread-1] INFO  storage.RaftStorageDirectory (RaftStorageDirectory.java:tryLock(328)) - Lock on /workdir/hadoop-ozone/ozonefs/target/test-dir/MiniOzoneClusterImpl-fed52d2e-629f-461a-93bd-7e6cecb50aef/datanode-1/data/ratis/3f0b029e-d038-46d6-800f-29f265f2545e/in_use.lock acquired by nodename 11390@pr-hdds-1569-p5fx8-1226042367
2019-09-20 14:18:47,505 [pool-38-thread-1] INFO  storage.RaftStorage (RaftStorage.java:format(72)) - Storage directory /workdir/hadoop-ozone/ozonefs/target/test-dir/MiniOzoneClusterImpl-fed52d2e-629f-461a-93bd-7e6cecb50aef/datanode-1/data/ratis/3f0b029e-d038-46d6-800f-29f265f2545e has been successfully formatted.
2019-09-20 14:18:47,505 [pool-38-thread-1] INFO  ratis.ContainerStateMachine (ContainerStateMachine.java:loadSnapshot(226)) - group-29F265F2545E: The snapshot info is null. Setting the last applied indexto:(t:0, i:~)
2019-09-20 14:18:47,505 [pool-38-thread-1] INFO  server.RaftServerConfigKeys (ConfUtils.java:logGet(43)) - raft.server.leader.election.timeout = 120s (custom)
2019-09-20 14:18:47,505 [pool-38-thread-1] INFO  server.RaftServerConfigKeys (ConfUtils.java:logGet(43)) - raft.server.log.use.memory = false (default)
2019-09-20 14:18:47,506 [pool-38-thread-1] INFO  server.RaftServerConfigKeys (ConfUtils.java:logGet(43)) - raft.server.log.purge.gap = 1000000 (custom)
2019-09-20 14:18:47,506 [pool-38-thread-1] INFO  server.RaftServerConfigKeys (ConfUtils.java:logGet(43)) - raft.server.log.appender.buffer.byte-limit = 33554432 (custom)
2019-09-20 14:18:47,506 [pool-38-thread-1] INFO  server.RaftServerConfigKeys (ConfUtils.java:logGet(43)) - raft.server.log.segment.size.max = 1048576 (custom)
2019-09-20 14:18:47,506 [pool-38-thread-1] INFO  server.RaftServerConfigKeys (ConfUtils.java:logGet(43)) - raft.server.log.segment.cache.num.max = 2 (custom)
2019-09-20 14:18:47,506 [pool-38-thread-1] INFO  segmented.SegmentedRaftLogWorker (SegmentedRaftLogWorker.java:<init>(172)) - new b0d01f7e-06f7-489d-8516-80ea31822548-SegmentedRaftLogWorker:Storage Directory /workdir/hadoop-ozone/ozonefs/target/test-dir/MiniOzoneClusterImpl-fed52d2e-629f-461a-93bd-7e6cecb50aef/datanode-1/data/ratis/3f0b029e-d038-46d6-800f-29f265f2545e for RaftStorage:Storage Directory /workdir/hadoop-ozone/ozonefs/target/test-dir/MiniOzoneClusterImpl-fed52d2e-629f-461a-93bd-7e6cecb50aef/datanode-1/data/ratis/3f0b029e-d038-46d6-800f-29f265f2545e
2019-09-20 14:18:47,506 [pool-38-thread-1] INFO  server.RaftServerConfigKeys (ConfUtils.java:logGet(43)) - raft.server.log.queue.byte-limit = 2147483647 (custom)
2019-09-20 14:18:47,506 [pool-38-thread-1] INFO  server.RaftServerConfigKeys (ConfUtils.java:logGet(43)) - raft.server.log.queue.element-limit = 1024 (custom)
2019-09-20 14:18:47,506 [pool-38-thread-1] INFO  server.RaftServerConfigKeys (ConfUtils.java:logGet(43)) - raft.server.log.segment.size.max = 1048576 (custom)
2019-09-20 14:18:47,506 [pool-38-thread-1] INFO  server.RaftServerConfigKeys (ConfUtils.java:logGet(43)) - raft.server.log.preallocated.size = 16384 (custom)
2019-09-20 14:18:47,507 [pool-38-thread-1] INFO  server.RaftServerConfigKeys (ConfUtils.java:logGet(43)) - raft.server.log.write.buffer.size = 33554432 (custom)
2019-09-20 14:18:47,507 [pool-38-thread-1] INFO  server.RaftServerConfigKeys (ConfUtils.java:logGet(43)) - raft.server.log.force.sync.num = 128 (default)
2019-09-20 14:18:47,507 [pool-38-thread-1] INFO  server.RaftServerConfigKeys (ConfUtils.java:logGet(43)) - raft.server.log.statemachine.data.sync = true (default)
2019-09-20 14:18:47,507 [pool-38-thread-1] INFO  server.RaftServerConfigKeys (ConfUtils.java:logGet(43)) - raft.server.log.statemachine.data.sync.timeout = 10s (default)
2019-09-20 14:18:47,507 [pool-38-thread-1] INFO  server.RaftServerConfigKeys (ConfUtils.java:logGet(43)) - raft.server.log.statemachine.data.sync.timeout.retry = -1 (default)
2019-09-20 14:18:47,507 [pool-38-thread-1] INFO  server.RaftServerConfigKeys (ConfUtils.java:logGet(43)) - raft.server.log.statemachine.data.caching.enabled = true (custom)
2019-09-20 14:18:47,507 [pool-38-thread-1] INFO  segmented.SegmentedRaftLogWorker (SegmentedRaftLogWorker.java:lambda$new$0(132)) - b0d01f7e-06f7-489d-8516-80ea31822548-SegmentedRaftLogWorker:Storage Directory /workdir/hadoop-ozone/ozonefs/target/test-dir/MiniOzoneClusterImpl-fed52d2e-629f-461a-93bd-7e6cecb50aef/datanode-1/data/ratis/3f0b029e-d038-46d6-800f-29f265f2545e: flushIndex: setUnconditionally 0 -> -1
2019-09-20 14:18:47,508 [pool-38-thread-1] INFO  server.RaftServerConfigKeys (ConfUtils.java:logGet(43)) - raft.server.snapshot.auto.trigger.enabled = true (custom)
2019-09-20 14:18:47,508 [pool-38-thread-1] INFO  server.RaftServerConfigKeys (ConfUtils.java:logGet(43)) - raft.server.snapshot.auto.trigger.threshold = 10000 (custom)
2019-09-20 14:18:47,508 [pool-38-thread-1] INFO  server.RaftServerConfigKeys (ConfUtils.java:logGet(43)) - raft.server.retrycache.expirytime = 600000ms (custom)
2019-09-20 14:18:47,508 [pool-38-thread-1] INFO  impl.RaftServerImpl (RaftServerImpl.java:start(180)) - b0d01f7e-06f7-489d-8516-80ea31822548: start group-29F265F2545E
2019-09-20 14:18:47,508 [pool-38-thread-1] INFO  impl.RaftServerImpl (RaftServerImpl.java:setRole(171)) - b0d01f7e-06f7-489d-8516-80ea31822548:group-29F265F2545E changes role from null to FOLLOWER at term 0 for startAsFollower
2019-09-20 14:18:47,508 [pool-38-thread-1] INFO  impl.RoleInfo (RoleInfo.java:updateAndGet(143)) - b0d01f7e-06f7-489d-8516-80ea31822548: start FollowerState
2019-09-20 14:18:47,509 [pool-38-thread-1] INFO  util.JmxRegister (JmxRegister.java:tryRegister(44)) - Successfully registered JMX Bean with object name Ratis:service=RaftServer,group=group-29F265F2545E,id=b0d01f7e-06f7-489d-8516-80ea31822548
2019-09-20 14:18:47,515 [RatisPipelineUtilsThread] INFO  pipeline.PipelineStateManager (PipelineStateManager.java:addPipeline(56)) - Created pipeline Pipeline[ Id: 3f0b029e-d038-46d6-800f-29f265f2545e, Nodes: b0d01f7e-06f7-489d-8516-80ea31822548{ip: 192.168.36.99, host: pr-hdds-1569-p5fx8-1226042367, networkLocation: /default-rack, certSerialId: null}, Type:RATIS, Factor:ONE, State:OPEN]
2019-09-20 14:18:47,516 [RatisPipelineUtilsThread] INFO  pipeline.PipelinePlacementPolicy (PipelinePlacementPolicy.java:meetCriteria(91)) - Pipeline Placement: Doesn't meet the criteria to be viable node： b0d01f7e-06f7-489d-8516-80ea31822548 Heaviness: 6 limit: 5
2019-09-20 14:18:47,517 [RatisPipelineUtilsThread] INFO  pipeline.PipelinePlacementPolicy (PipelinePlacementPolicy.java:meetCriteria(91)) - Pipeline Placement: Doesn't meet the criteria to be viable node： 2a5c9949-8efa-4686-b715-798e5449da2f Heaviness: 6 limit: 5
2019-09-20 14:18:47,517 [RatisPipelineUtilsThread] INFO  pipeline.PipelinePlacementPolicy (PipelinePlacementPolicy.java:meetCriteria(91)) - Pipeline Placement: Doesn't meet the criteria to be viable node： 224b9ac6-8a4e-4740-9f14-62c119c0e730 Heaviness: 6 limit: 5
2019-09-20 14:18:47,526 [grpc-default-executor-1] INFO  impl.RaftServerProxy (RaftServerProxy.java:addNew(89)) - 138806e0-8aae-493b-bcc3-c67b43d3673f: addNew group-A66C673605C0:[138806e0-8aae-493b-bcc3-c67b43d3673f:192.168.36.99:44285] returns group-A66C673605C0:java.util.concurrent.CompletableFuture@5ef83786[Not completed]
2019-09-20 14:18:47,527 [pool-60-thread-1] INFO  impl.RaftServerImpl (RaftServerImpl.java:<init>(93)) - 138806e0-8aae-493b-bcc3-c67b43d3673f: new RaftServerImpl for group-A66C673605C0:[138806e0-8aae-493b-bcc3-c67b43d3673f:192.168.36.99:44285] with ContainerStateMachine:uninitialized
2019-09-20 14:18:47,528 [pool-60-thread-1] INFO  server.RaftServerConfigKeys (ConfUtils.java:logGet(43)) - raft.server.rpc.timeout.min = 5s (custom)
2019-09-20 14:18:47,528 [pool-60-thread-1] INFO  server.RaftServerConfigKeys (ConfUtils.java:logGet(43)) - raft.server.rpc.timeout.max = 5200ms (custom)
2019-09-20 14:18:47,528 [pool-60-thread-1] INFO  server.RaftServerConfigKeys (ConfUtils.java:logGet(43)) - raft.server.rpcslowness.timeout = 120s (custom)
2019-09-20 14:18:47,528 [pool-60-thread-1] INFO  server.RaftServerConfigKeys (ConfUtils.java:logGet(43)) - raft.server.sleep.deviation.threshold = 300 (default)
2019-09-20 14:18:47,528 [pool-60-thread-1] INFO  server.RaftServerConfigKeys (ConfUtils.java:logGet(43)) - raft.server.log.appender.install.snapshot.enabled = false (custom)
2019-09-20 14:18:47,529 [pool-60-thread-1] INFO  impl.RaftServerImpl (ServerState.java:<init>(105)) - 138806e0-8aae-493b-bcc3-c67b43d3673f:group-A66C673605C0 ConfigurationManager, init=-1: [138806e0-8aae-493b-bcc3-c67b43d3673f:192.168.36.99:44285], old=null, confs=<EMPTY_MAP>
2019-09-20 14:18:47,529 [pool-60-thread-1] INFO  server.RaftServerConfigKeys (ConfUtils.java:logGet(43)) - raft.server.storage.dir = [/workdir/hadoop-ozone/ozonefs/target/test-dir/MiniOzoneClusterImpl-fed52d2e-629f-461a-93bd-7e6cecb50aef/datanode-3/data/ratis] (custom)
2019-09-20 14:18:47,529 [pool-60-thread-1] INFO  storage.RaftStorageDirectory (RaftStorageDirectory.java:analyzeStorage(246)) - The storage directory /workdir/hadoop-ozone/ozonefs/target/test-dir/MiniOzoneClusterImpl-fed52d2e-629f-461a-93bd-7e6cecb50aef/datanode-3/data/ratis/27196d11-73b0-41d6-87c0-a66c673605c0 does not exist. Creating ...
2019-09-20 14:18:47,564 [pool-60-thread-1] INFO  storage.RaftStorageDirectory (RaftStorageDirectory.java:tryLock(328)) - Lock on /workdir/hadoop-ozone/ozonefs/target/test-dir/MiniOzoneClusterImpl-fed52d2e-629f-461a-93bd-7e6cecb50aef/datanode-3/data/ratis/27196d11-73b0-41d6-87c0-a66c673605c0/in_use.lock acquired by nodename 11390@pr-hdds-1569-p5fx8-1226042367
2019-09-20 14:18:47,581 [pool-60-thread-1] INFO  storage.RaftStorage (RaftStorage.java:format(72)) - Storage directory /workdir/hadoop-ozone/ozonefs/target/test-dir/MiniOzoneClusterImpl-fed52d2e-629f-461a-93bd-7e6cecb50aef/datanode-3/data/ratis/27196d11-73b0-41d6-87c0-a66c673605c0 has been successfully formatted.
2019-09-20 14:18:47,581 [pool-60-thread-1] INFO  ratis.ContainerStateMachine (ContainerStateMachine.java:loadSnapshot(226)) - group-A66C673605C0: The snapshot info is null. Setting the last applied indexto:(t:0, i:~)
2019-09-20 14:18:47,581 [pool-60-thread-1] INFO  server.RaftServerConfigKeys (ConfUtils.java:logGet(43)) - raft.server.leader.election.timeout = 120s (custom)
2019-09-20 14:18:47,582 [pool-60-thread-1] INFO  server.RaftServerConfigKeys (ConfUtils.java:logGet(43)) - raft.server.log.use.memory = false (default)
2019-09-20 14:18:47,582 [pool-60-thread-1] INFO  server.RaftServerConfigKeys (ConfUtils.java:logGet(43)) - raft.server.log.purge.gap = 1000000 (custom)
2019-09-20 14:18:47,582 [pool-60-thread-1] INFO  server.RaftServerConfigKeys (ConfUtils.java:logGet(43)) - raft.server.log.appender.buffer.byte-limit = 33554432 (custom)
2019-09-20 14:18:47,582 [pool-60-thread-1] INFO  server.RaftServerConfigKeys (ConfUtils.java:logGet(43)) - raft.server.log.segment.size.max = 1048576 (custom)
2019-09-20 14:18:47,582 [pool-60-thread-1] INFO  server.RaftServerConfigKeys (ConfUtils.java:logGet(43)) - raft.server.log.segment.cache.num.max = 2 (custom)
2019-09-20 14:18:47,582 [pool-60-thread-1] INFO  segmented.SegmentedRaftLogWorker (SegmentedRaftLogWorker.java:<init>(172)) - new 138806e0-8aae-493b-bcc3-c67b43d3673f-SegmentedRaftLogWorker:Storage Directory /workdir/hadoop-ozone/ozonefs/target/test-dir/MiniOzoneClusterImpl-fed52d2e-629f-461a-93bd-7e6cecb50aef/datanode-3/data/ratis/27196d11-73b0-41d6-87c0-a66c673605c0 for RaftStorage:Storage Directory /workdir/hadoop-ozone/ozonefs/target/test-dir/MiniOzoneClusterImpl-fed52d2e-629f-461a-93bd-7e6cecb50aef/datanode-3/data/ratis/27196d11-73b0-41d6-87c0-a66c673605c0
2019-09-20 14:18:47,583 [pool-60-thread-1] INFO  server.RaftServerConfigKeys (ConfUtils.java:logGet(43)) - raft.server.log.queue.byte-limit = 2147483647 (custom)
2019-09-20 14:18:47,583 [pool-60-thread-1] INFO  server.RaftServerConfigKeys (ConfUtils.java:logGet(43)) - raft.server.log.queue.element-limit = 1024 (custom)
2019-09-20 14:18:47,583 [pool-60-thread-1] INFO  server.RaftServerConfigKeys (ConfUtils.java:logGet(43)) - raft.server.log.segment.size.max = 1048576 (custom)
2019-09-20 14:18:47,583 [pool-60-thread-1] INFO  server.RaftServerConfigKeys (ConfUtils.java:logGet(43)) - raft.server.log.preallocated.size = 16384 (custom)
2019-09-20 14:18:47,583 [pool-60-thread-1] INFO  server.RaftServerConfigKeys (ConfUtils.java:logGet(43)) - raft.server.log.write.buffer.size = 33554432 (custom)
2019-09-20 14:18:47,583 [pool-60-thread-1] INFO  server.RaftServerConfigKeys (ConfUtils.java:logGet(43)) - raft.server.log.force.sync.num = 128 (default)
2019-09-20 14:18:47,583 [pool-60-thread-1] INFO  server.RaftServerConfigKeys (ConfUtils.java:logGet(43)) - raft.server.log.statemachine.data.sync = true (default)
2019-09-20 14:18:47,584 [pool-60-thread-1] INFO  server.RaftServerConfigKeys (ConfUtils.java:logGet(43)) - raft.server.log.statemachine.data.sync.timeout = 10s (default)
2019-09-20 14:18:47,584 [pool-60-thread-1] INFO  server.RaftServerConfigKeys (ConfUtils.java:logGet(43)) - raft.server.log.statemachine.data.sync.timeout.retry = -1 (default)
2019-09-20 14:18:47,584 [pool-60-thread-1] INFO  server.RaftServerConfigKeys (ConfUtils.java:logGet(43)) - raft.server.log.statemachine.data.caching.enabled = true (custom)
2019-09-20 14:18:47,584 [pool-60-thread-1] INFO  segmented.SegmentedRaftLogWorker (SegmentedRaftLogWorker.java:lambda$new$0(132)) - 138806e0-8aae-493b-bcc3-c67b43d3673f-SegmentedRaftLogWorker:Storage Directory /workdir/hadoop-ozone/ozonefs/target/test-dir/MiniOzoneClusterImpl-fed52d2e-629f-461a-93bd-7e6cecb50aef/datanode-3/data/ratis/27196d11-73b0-41d6-87c0-a66c673605c0: flushIndex: setUnconditionally 0 -> -1
2019-09-20 14:18:47,585 [pool-60-thread-1] INFO  server.RaftServerConfigKeys (ConfUtils.java:logGet(43)) - raft.server.snapshot.auto.trigger.enabled = true (custom)
2019-09-20 14:18:47,585 [pool-60-thread-1] INFO  server.RaftServerConfigKeys (ConfUtils.java:logGet(43)) - raft.server.snapshot.auto.trigger.threshold = 10000 (custom)
2019-09-20 14:18:47,585 [pool-60-thread-1] INFO  server.RaftServerConfigKeys (ConfUtils.java:logGet(43)) - raft.server.retrycache.expirytime = 600000ms (custom)
2019-09-20 14:18:47,585 [pool-60-thread-1] INFO  impl.RaftServerImpl (RaftServerImpl.java:start(180)) - 138806e0-8aae-493b-bcc3-c67b43d3673f: start group-A66C673605C0
2019-09-20 14:18:47,585 [pool-60-thread-1] INFO  impl.RaftServerImpl (RaftServerImpl.java:setRole(171)) - 138806e0-8aae-493b-bcc3-c67b43d3673f:group-A66C673605C0 changes role from null to FOLLOWER at term 0 for startAsFollower
2019-09-20 14:18:47,585 [pool-60-thread-1] INFO  impl.RoleInfo (RoleInfo.java:updateAndGet(143)) - 138806e0-8aae-493b-bcc3-c67b43d3673f: start FollowerState
2019-09-20 14:18:47,586 [pool-60-thread-1] INFO  util.JmxRegister (JmxRegister.java:tryRegister(44)) - Successfully registered JMX Bean with object name Ratis:service=RaftServer,group=group-A66C673605C0,id=138806e0-8aae-493b-bcc3-c67b43d3673f
2019-09-20 14:18:47,592 [RatisPipelineUtilsThread] INFO  pipeline.PipelineStateManager (PipelineStateManager.java:addPipeline(56)) - Created pipeline Pipeline[ Id: 27196d11-73b0-41d6-87c0-a66c673605c0, Nodes: 138806e0-8aae-493b-bcc3-c67b43d3673f{ip: 192.168.36.99, host: pr-hdds-1569-p5fx8-1226042367, networkLocation: /default-rack, certSerialId: null}, Type:RATIS, Factor:ONE, State:OPEN]
2019-09-20 14:18:47,594 [RatisPipelineUtilsThread] INFO  pipeline.PipelinePlacementPolicy (PipelinePlacementPolicy.java:meetCriteria(91)) - Pipeline Placement: Doesn't meet the criteria to be viable node： b0d01f7e-06f7-489d-8516-80ea31822548 Heaviness: 6 limit: 5
2019-09-20 14:18:47,594 [RatisPipelineUtilsThread] INFO  pipeline.PipelinePlacementPolicy (PipelinePlacementPolicy.java:meetCriteria(91)) - Pipeline Placement: Doesn't meet the criteria to be viable node： 2a5c9949-8efa-4686-b715-798e5449da2f Heaviness: 6 limit: 5
2019-09-20 14:18:47,594 [RatisPipelineUtilsThread] INFO  pipeline.PipelinePlacementPolicy (PipelinePlacementPolicy.java:meetCriteria(91)) - Pipeline Placement: Doesn't meet the criteria to be viable node： 224b9ac6-8a4e-4740-9f14-62c119c0e730 Heaviness: 6 limit: 5
2019-09-20 14:18:47,624 [grpc-default-executor-1] INFO  impl.RaftServerProxy (RaftServerProxy.java:addNew(89)) - e82bfe73-8726-4c05-9967-e81cabaa4403: addNew group-900E280A9812:[e82bfe73-8726-4c05-9967-e81cabaa4403:192.168.36.99:36800] returns group-900E280A9812:java.util.concurrent.CompletableFuture@65e22d86[Not completed]
2019-09-20 14:18:47,625 [pool-71-thread-1] INFO  impl.RaftServerImpl (RaftServerImpl.java:<init>(93)) - e82bfe73-8726-4c05-9967-e81cabaa4403: new RaftServerImpl for group-900E280A9812:[e82bfe73-8726-4c05-9967-e81cabaa4403:192.168.36.99:36800] with ContainerStateMachine:uninitialized
2019-09-20 14:18:47,626 [pool-71-thread-1] INFO  server.RaftServerConfigKeys (ConfUtils.java:logGet(43)) - raft.server.rpc.timeout.min = 5s (custom)
2019-09-20 14:18:47,626 [pool-71-thread-1] INFO  server.RaftServerConfigKeys (ConfUtils.java:logGet(43)) - raft.server.rpc.timeout.max = 5200ms (custom)
2019-09-20 14:18:47,626 [pool-71-thread-1] INFO  server.RaftServerConfigKeys (ConfUtils.java:logGet(43)) - raft.server.rpcslowness.timeout = 120s (custom)
2019-09-20 14:18:47,626 [pool-71-thread-1] INFO  server.RaftServerConfigKeys (ConfUtils.java:logGet(43)) - raft.server.sleep.deviation.threshold = 300 (default)
2019-09-20 14:18:47,626 [pool-71-thread-1] INFO  server.RaftServerConfigKeys (ConfUtils.java:logGet(43)) - raft.server.log.appender.install.snapshot.enabled = false (custom)
2019-09-20 14:18:47,627 [pool-71-thread-1] INFO  impl.RaftServerImpl (ServerState.java:<init>(105)) - e82bfe73-8726-4c05-9967-e81cabaa4403:group-900E280A9812 ConfigurationManager, init=-1: [e82bfe73-8726-4c05-9967-e81cabaa4403:192.168.36.99:36800], old=null, confs=<EMPTY_MAP>
2019-09-20 14:18:47,627 [pool-71-thread-1] INFO  server.RaftServerConfigKeys (ConfUtils.java:logGet(43)) - raft.server.storage.dir = [/workdir/hadoop-ozone/ozonefs/target/test-dir/MiniOzoneClusterImpl-fed52d2e-629f-461a-93bd-7e6cecb50aef/datanode-4/data/ratis] (custom)
2019-09-20 14:18:47,627 [pool-71-thread-1] INFO  storage.RaftStorageDirectory (RaftStorageDirectory.java:analyzeStorage(246)) - The storage directory /workdir/hadoop-ozone/ozonefs/target/test-dir/MiniOzoneClusterImpl-fed52d2e-629f-461a-93bd-7e6cecb50aef/datanode-4/data/ratis/cde6b3b4-40bd-437f-896f-900e280a9812 does not exist. Creating ...
2019-09-20 14:18:47,656 [pool-71-thread-1] INFO  storage.RaftStorageDirectory (RaftStorageDirectory.java:tryLock(328)) - Lock on /workdir/hadoop-ozone/ozonefs/target/test-dir/MiniOzoneClusterImpl-fed52d2e-629f-461a-93bd-7e6cecb50aef/datanode-4/data/ratis/cde6b3b4-40bd-437f-896f-900e280a9812/in_use.lock acquired by nodename 11390@pr-hdds-1569-p5fx8-1226042367
2019-09-20 14:18:47,673 [pool-71-thread-1] INFO  storage.RaftStorage (RaftStorage.java:format(72)) - Storage directory /workdir/hadoop-ozone/ozonefs/target/test-dir/MiniOzoneClusterImpl-fed52d2e-629f-461a-93bd-7e6cecb50aef/datanode-4/data/ratis/cde6b3b4-40bd-437f-896f-900e280a9812 has been successfully formatted.
2019-09-20 14:18:47,674 [pool-71-thread-1] INFO  ratis.ContainerStateMachine (ContainerStateMachine.java:loadSnapshot(226)) - group-900E280A9812: The snapshot info is null. Setting the last applied indexto:(t:0, i:~)
2019-09-20 14:18:47,674 [pool-71-thread-1] INFO  server.RaftServerConfigKeys (ConfUtils.java:logGet(43)) - raft.server.leader.election.timeout = 120s (custom)
2019-09-20 14:18:47,674 [pool-71-thread-1] INFO  server.RaftServerConfigKeys (ConfUtils.java:logGet(43)) - raft.server.log.use.memory = false (default)
2019-09-20 14:18:47,674 [pool-71-thread-1] INFO  server.RaftServerConfigKeys (ConfUtils.java:logGet(43)) - raft.server.log.purge.gap = 1000000 (custom)
2019-09-20 14:18:47,674 [pool-71-thread-1] INFO  server.RaftServerConfigKeys (ConfUtils.java:logGet(43)) - raft.server.log.appender.buffer.byte-limit = 33554432 (custom)
2019-09-20 14:18:47,674 [pool-71-thread-1] INFO  server.RaftServerConfigKeys (ConfUtils.java:logGet(43)) - raft.server.log.segment.size.max = 1048576 (custom)
2019-09-20 14:18:47,675 [pool-71-thread-1] INFO  server.RaftServerConfigKeys (ConfUtils.java:logGet(43)) - raft.server.log.segment.cache.num.max = 2 (custom)
2019-09-20 14:18:47,675 [pool-71-thread-1] INFO  segmented.SegmentedRaftLogWorker (SegmentedRaftLogWorker.java:<init>(172)) - new e82bfe73-8726-4c05-9967-e81cabaa4403-SegmentedRaftLogWorker:Storage Directory /workdir/hadoop-ozone/ozonefs/target/test-dir/MiniOzoneClusterImpl-fed52d2e-629f-461a-93bd-7e6cecb50aef/datanode-4/data/ratis/cde6b3b4-40bd-437f-896f-900e280a9812 for RaftStorage:Storage Directory /workdir/hadoop-ozone/ozonefs/target/test-dir/MiniOzoneClusterImpl-fed52d2e-629f-461a-93bd-7e6cecb50aef/datanode-4/data/ratis/cde6b3b4-40bd-437f-896f-900e280a9812
2019-09-20 14:18:47,675 [pool-71-thread-1] INFO  server.RaftServerConfigKeys (ConfUtils.java:logGet(43)) - raft.server.log.queue.byte-limit = 2147483647 (custom)
2019-09-20 14:18:47,675 [pool-71-thread-1] INFO  server.RaftServerConfigKeys (ConfUtils.java:logGet(43)) - raft.server.log.queue.element-limit = 1024 (custom)
2019-09-20 14:18:47,675 [pool-71-thread-1] INFO  server.RaftServerConfigKeys (ConfUtils.java:logGet(43)) - raft.server.log.segment.size.max = 1048576 (custom)
2019-09-20 14:18:47,675 [pool-71-thread-1] INFO  server.RaftServerConfigKeys (ConfUtils.java:logGet(43)) - raft.server.log.preallocated.size = 16384 (custom)
2019-09-20 14:18:47,675 [pool-71-thread-1] INFO  server.RaftServerConfigKeys (ConfUtils.java:logGet(43)) - raft.server.log.write.buffer.size = 33554432 (custom)
2019-09-20 14:18:47,675 [pool-71-thread-1] INFO  server.RaftServerConfigKeys (ConfUtils.java:logGet(43)) - raft.server.log.force.sync.num = 128 (default)
2019-09-20 14:18:47,675 [pool-71-thread-1] INFO  server.RaftServerConfigKeys (ConfUtils.java:logGet(43)) - raft.server.log.statemachine.data.sync = true (default)
2019-09-20 14:18:47,676 [pool-71-thread-1] INFO  server.RaftServerConfigKeys (ConfUtils.java:logGet(43)) - raft.server.log.statemachine.data.sync.timeout = 10s (default)
2019-09-20 14:18:47,676 [pool-71-thread-1] INFO  server.RaftServerConfigKeys (ConfUtils.java:logGet(43)) - raft.server.log.statemachine.data.sync.timeout.retry = -1 (default)
2019-09-20 14:18:47,676 [pool-71-thread-1] INFO  server.RaftServerConfigKeys (ConfUtils.java:logGet(43)) - raft.server.log.statemachine.data.caching.enabled = true (custom)
2019-09-20 14:18:47,676 [pool-71-thread-1] INFO  segmented.SegmentedRaftLogWorker (SegmentedRaftLogWorker.java:lambda$new$0(132)) - e82bfe73-8726-4c05-9967-e81cabaa4403-SegmentedRaftLogWorker:Storage Directory /workdir/hadoop-ozone/ozonefs/target/test-dir/MiniOzoneClusterImpl-fed52d2e-629f-461a-93bd-7e6cecb50aef/datanode-4/data/ratis/cde6b3b4-40bd-437f-896f-900e280a9812: flushIndex: setUnconditionally 0 -> -1
2019-09-20 14:18:47,676 [pool-71-thread-1] INFO  server.RaftServerConfigKeys (ConfUtils.java:logGet(43)) - raft.server.snapshot.auto.trigger.enabled = true (custom)
2019-09-20 14:18:47,677 [pool-71-thread-1] INFO  server.RaftServerConfigKeys (ConfUtils.java:logGet(43)) - raft.server.snapshot.auto.trigger.threshold = 10000 (custom)
2019-09-20 14:18:47,677 [pool-71-thread-1] INFO  server.RaftServerConfigKeys (ConfUtils.java:logGet(43)) - raft.server.retrycache.expirytime = 600000ms (custom)
2019-09-20 14:18:47,677 [pool-71-thread-1] INFO  impl.RaftServerImpl (RaftServerImpl.java:start(180)) - e82bfe73-8726-4c05-9967-e81cabaa4403: start group-900E280A9812
2019-09-20 14:18:47,677 [pool-71-thread-1] INFO  impl.RaftServerImpl (RaftServerImpl.java:setRole(171)) - e82bfe73-8726-4c05-9967-e81cabaa4403:group-900E280A9812 changes role from null to FOLLOWER at term 0 for startAsFollower
2019-09-20 14:18:47,677 [pool-71-thread-1] INFO  impl.RoleInfo (RoleInfo.java:updateAndGet(143)) - e82bfe73-8726-4c05-9967-e81cabaa4403: start FollowerState
2019-09-20 14:18:47,678 [pool-71-thread-1] INFO  util.JmxRegister (JmxRegister.java:tryRegister(44)) - Successfully registered JMX Bean with object name Ratis:service=RaftServer,group=group-900E280A9812,id=e82bfe73-8726-4c05-9967-e81cabaa4403
2019-09-20 14:18:47,683 [RatisPipelineUtilsThread] INFO  pipeline.PipelineStateManager (PipelineStateManager.java:addPipeline(56)) - Created pipeline Pipeline[ Id: cde6b3b4-40bd-437f-896f-900e280a9812, Nodes: e82bfe73-8726-4c05-9967-e81cabaa4403{ip: 192.168.36.99, host: pr-hdds-1569-p5fx8-1226042367, networkLocation: /default-rack, certSerialId: null}, Type:RATIS, Factor:ONE, State:OPEN]
2019-09-20 14:18:47,685 [RatisPipelineUtilsThread] INFO  pipeline.PipelinePlacementPolicy (PipelinePlacementPolicy.java:meetCriteria(91)) - Pipeline Placement: Doesn't meet the criteria to be viable node： b0d01f7e-06f7-489d-8516-80ea31822548 Heaviness: 6 limit: 5
2019-09-20 14:18:47,685 [RatisPipelineUtilsThread] INFO  pipeline.PipelinePlacementPolicy (PipelinePlacementPolicy.java:meetCriteria(91)) - Pipeline Placement: Doesn't meet the criteria to be viable node： 2a5c9949-8efa-4686-b715-798e5449da2f Heaviness: 6 limit: 5
2019-09-20 14:18:47,685 [RatisPipelineUtilsThread] INFO  pipeline.PipelinePlacementPolicy (PipelinePlacementPolicy.java:meetCriteria(91)) - Pipeline Placement: Doesn't meet the criteria to be viable node： 224b9ac6-8a4e-4740-9f14-62c119c0e730 Heaviness: 6 limit: 5
2019-09-20 14:18:47,694 [grpc-default-executor-1] INFO  impl.RaftServerProxy (RaftServerProxy.java:addNew(89)) - 138806e0-8aae-493b-bcc3-c67b43d3673f: addNew group-145C6781FE4E:[138806e0-8aae-493b-bcc3-c67b43d3673f:192.168.36.99:44285] returns group-145C6781FE4E:java.util.concurrent.CompletableFuture@5d699084[Not completed]
2019-09-20 14:18:47,695 [pool-60-thread-1] INFO  impl.RaftServerImpl (RaftServerImpl.java:<init>(93)) - 138806e0-8aae-493b-bcc3-c67b43d3673f: new RaftServerImpl for group-145C6781FE4E:[138806e0-8aae-493b-bcc3-c67b43d3673f:192.168.36.99:44285] with ContainerStateMachine:uninitialized
2019-09-20 14:18:47,696 [pool-60-thread-1] INFO  server.RaftServerConfigKeys (ConfUtils.java:logGet(43)) - raft.server.rpc.timeout.min = 5s (custom)
2019-09-20 14:18:47,696 [pool-60-thread-1] INFO  server.RaftServerConfigKeys (ConfUtils.java:logGet(43)) - raft.server.rpc.timeout.max = 5200ms (custom)
2019-09-20 14:18:47,696 [pool-60-thread-1] INFO  server.RaftServerConfigKeys (ConfUtils.java:logGet(43)) - raft.server.rpcslowness.timeout = 120s (custom)
2019-09-20 14:18:47,696 [pool-60-thread-1] INFO  server.RaftServerConfigKeys (ConfUtils.java:logGet(43)) - raft.server.sleep.deviation.threshold = 300 (default)
2019-09-20 14:18:47,696 [pool-60-thread-1] INFO  server.RaftServerConfigKeys (ConfUtils.java:logGet(43)) - raft.server.log.appender.install.snapshot.enabled = false (custom)
2019-09-20 14:18:47,696 [pool-60-thread-1] INFO  impl.RaftServerImpl (ServerState.java:<init>(105)) - 138806e0-8aae-493b-bcc3-c67b43d3673f:group-145C6781FE4E ConfigurationManager, init=-1: [138806e0-8aae-493b-bcc3-c67b43d3673f:192.168.36.99:44285], old=null, confs=<EMPTY_MAP>
2019-09-20 14:18:47,696 [pool-60-thread-1] INFO  server.RaftServerConfigKeys (ConfUtils.java:logGet(43)) - raft.server.storage.dir = [/workdir/hadoop-ozone/ozonefs/target/test-dir/MiniOzoneClusterImpl-fed52d2e-629f-461a-93bd-7e6cecb50aef/datanode-3/data/ratis] (custom)
2019-09-20 14:18:47,697 [pool-60-thread-1] INFO  storage.RaftStorageDirectory (RaftStorageDirectory.java:analyzeStorage(246)) - The storage directory /workdir/hadoop-ozone/ozonefs/target/test-dir/MiniOzoneClusterImpl-fed52d2e-629f-461a-93bd-7e6cecb50aef/datanode-3/data/ratis/c0f52dfb-80d4-4533-8412-145c6781fe4e does not exist. Creating ...
2019-09-20 14:18:47,715 [pool-60-thread-1] INFO  storage.RaftStorageDirectory (RaftStorageDirectory.java:tryLock(328)) - Lock on /workdir/hadoop-ozone/ozonefs/target/test-dir/MiniOzoneClusterImpl-fed52d2e-629f-461a-93bd-7e6cecb50aef/datanode-3/data/ratis/c0f52dfb-80d4-4533-8412-145c6781fe4e/in_use.lock acquired by nodename 11390@pr-hdds-1569-p5fx8-1226042367
2019-09-20 14:18:47,741 [pool-60-thread-1] INFO  storage.RaftStorage (RaftStorage.java:format(72)) - Storage directory /workdir/hadoop-ozone/ozonefs/target/test-dir/MiniOzoneClusterImpl-fed52d2e-629f-461a-93bd-7e6cecb50aef/datanode-3/data/ratis/c0f52dfb-80d4-4533-8412-145c6781fe4e has been successfully formatted.
2019-09-20 14:18:47,741 [pool-60-thread-1] INFO  ratis.ContainerStateMachine (ContainerStateMachine.java:loadSnapshot(226)) - group-145C6781FE4E: The snapshot info is null. Setting the last applied indexto:(t:0, i:~)
2019-09-20 14:18:47,741 [pool-60-thread-1] INFO  server.RaftServerConfigKeys (ConfUtils.java:logGet(43)) - raft.server.leader.election.timeout = 120s (custom)
2019-09-20 14:18:47,741 [pool-60-thread-1] INFO  server.RaftServerConfigKeys (ConfUtils.java:logGet(43)) - raft.server.log.use.memory = false (default)
2019-09-20 14:18:47,741 [pool-60-thread-1] INFO  server.RaftServerConfigKeys (ConfUtils.java:logGet(43)) - raft.server.log.purge.gap = 1000000 (custom)
2019-09-20 14:18:47,742 [pool-60-thread-1] INFO  server.RaftServerConfigKeys (ConfUtils.java:logGet(43)) - raft.server.log.appender.buffer.byte-limit = 33554432 (custom)
2019-09-20 14:18:47,742 [pool-60-thread-1] INFO  server.RaftServerConfigKeys (ConfUtils.java:logGet(43)) - raft.server.log.segment.size.max = 1048576 (custom)
2019-09-20 14:18:47,742 [pool-60-thread-1] INFO  server.RaftServerConfigKeys (ConfUtils.java:logGet(43)) - raft.server.log.segment.cache.num.max = 2 (custom)
2019-09-20 14:18:47,742 [pool-60-thread-1] INFO  segmented.SegmentedRaftLogWorker (SegmentedRaftLogWorker.java:<init>(172)) - new 138806e0-8aae-493b-bcc3-c67b43d3673f-SegmentedRaftLogWorker:Storage Directory /workdir/hadoop-ozone/ozonefs/target/test-dir/MiniOzoneClusterImpl-fed52d2e-629f-461a-93bd-7e6cecb50aef/datanode-3/data/ratis/c0f52dfb-80d4-4533-8412-145c6781fe4e for RaftStorage:Storage Directory /workdir/hadoop-ozone/ozonefs/target/test-dir/MiniOzoneClusterImpl-fed52d2e-629f-461a-93bd-7e6cecb50aef/datanode-3/data/ratis/c0f52dfb-80d4-4533-8412-145c6781fe4e
2019-09-20 14:18:47,742 [pool-60-thread-1] INFO  server.RaftServerConfigKeys (ConfUtils.java:logGet(43)) - raft.server.log.queue.byte-limit = 2147483647 (custom)
2019-09-20 14:18:47,742 [pool-60-thread-1] INFO  server.RaftServerConfigKeys (ConfUtils.java:logGet(43)) - raft.server.log.queue.element-limit = 1024 (custom)
2019-09-20 14:18:47,742 [pool-60-thread-1] INFO  server.RaftServerConfigKeys (ConfUtils.java:logGet(43)) - raft.server.log.segment.size.max = 1048576 (custom)
2019-09-20 14:18:47,743 [pool-60-thread-1] INFO  server.RaftServerConfigKeys (ConfUtils.java:logGet(43)) - raft.server.log.preallocated.size = 16384 (custom)
2019-09-20 14:18:47,743 [pool-60-thread-1] INFO  server.RaftServerConfigKeys (ConfUtils.java:logGet(43)) - raft.server.log.write.buffer.size = 33554432 (custom)
2019-09-20 14:18:47,743 [pool-60-thread-1] INFO  server.RaftServerConfigKeys (ConfUtils.java:logGet(43)) - raft.server.log.force.sync.num = 128 (default)
2019-09-20 14:18:47,743 [pool-60-thread-1] INFO  server.RaftServerConfigKeys (ConfUtils.java:logGet(43)) - raft.server.log.statemachine.data.sync = true (default)
2019-09-20 14:18:47,743 [pool-60-thread-1] INFO  server.RaftServerConfigKeys (ConfUtils.java:logGet(43)) - raft.server.log.statemachine.data.sync.timeout = 10s (default)
2019-09-20 14:18:47,743 [pool-60-thread-1] INFO  server.RaftServerConfigKeys (ConfUtils.java:logGet(43)) - raft.server.log.statemachine.data.sync.timeout.retry = -1 (default)
2019-09-20 14:18:47,743 [pool-60-thread-1] INFO  server.RaftServerConfigKeys (ConfUtils.java:logGet(43)) - raft.server.log.statemachine.data.caching.enabled = true (custom)
2019-09-20 14:18:47,744 [pool-60-thread-1] INFO  segmented.SegmentedRaftLogWorker (SegmentedRaftLogWorker.java:lambda$new$0(132)) - 138806e0-8aae-493b-bcc3-c67b43d3673f-SegmentedRaftLogWorker:Storage Directory /workdir/hadoop-ozone/ozonefs/target/test-dir/MiniOzoneClusterImpl-fed52d2e-629f-461a-93bd-7e6cecb50aef/datanode-3/data/ratis/c0f52dfb-80d4-4533-8412-145c6781fe4e: flushIndex: setUnconditionally 0 -> -1
2019-09-20 14:18:47,744 [pool-60-thread-1] INFO  server.RaftServerConfigKeys (ConfUtils.java:logGet(43)) - raft.server.snapshot.auto.trigger.enabled = true (custom)
2019-09-20 14:18:47,744 [pool-60-thread-1] INFO  server.RaftServerConfigKeys (ConfUtils.java:logGet(43)) - raft.server.snapshot.auto.trigger.threshold = 10000 (custom)
2019-09-20 14:18:47,744 [pool-60-thread-1] INFO  server.RaftServerConfigKeys (ConfUtils.java:logGet(43)) - raft.server.retrycache.expirytime = 600000ms (custom)
2019-09-20 14:18:47,744 [pool-60-thread-1] INFO  impl.RaftServerImpl (RaftServerImpl.java:start(180)) - 138806e0-8aae-493b-bcc3-c67b43d3673f: start group-145C6781FE4E
2019-09-20 14:18:47,745 [pool-60-thread-1] INFO  impl.RaftServerImpl (RaftServerImpl.java:setRole(171)) - 138806e0-8aae-493b-bcc3-c67b43d3673f:group-145C6781FE4E changes role from null to FOLLOWER at term 0 for startAsFollower
2019-09-20 14:18:47,745 [pool-60-thread-1] INFO  impl.RoleInfo (RoleInfo.java:updateAndGet(143)) - 138806e0-8aae-493b-bcc3-c67b43d3673f: start FollowerState
2019-09-20 14:18:47,745 [pool-60-thread-1] INFO  util.JmxRegister (JmxRegister.java:tryRegister(44)) - Successfully registered JMX Bean with object name Ratis:service=RaftServer,group=group-145C6781FE4E,id=138806e0-8aae-493b-bcc3-c67b43d3673f
2019-09-20 14:18:47,750 [RatisPipelineUtilsThread] INFO  pipeline.PipelineStateManager (PipelineStateManager.java:addPipeline(56)) - Created pipeline Pipeline[ Id: c0f52dfb-80d4-4533-8412-145c6781fe4e, Nodes: 138806e0-8aae-493b-bcc3-c67b43d3673f{ip: 192.168.36.99, host: pr-hdds-1569-p5fx8-1226042367, networkLocation: /default-rack, certSerialId: null}, Type:RATIS, Factor:ONE, State:OPEN]
2019-09-20 14:18:47,752 [RatisPipelineUtilsThread] INFO  pipeline.PipelinePlacementPolicy (PipelinePlacementPolicy.java:meetCriteria(91)) - Pipeline Placement: Doesn't meet the criteria to be viable node： b0d01f7e-06f7-489d-8516-80ea31822548 Heaviness: 6 limit: 5
2019-09-20 14:18:47,752 [RatisPipelineUtilsThread] INFO  pipeline.PipelinePlacementPolicy (PipelinePlacementPolicy.java:meetCriteria(91)) - Pipeline Placement: Doesn't meet the criteria to be viable node： 2a5c9949-8efa-4686-b715-798e5449da2f Heaviness: 6 limit: 5
2019-09-20 14:18:47,752 [RatisPipelineUtilsThread] INFO  pipeline.PipelinePlacementPolicy (PipelinePlacementPolicy.java:meetCriteria(91)) - Pipeline Placement: Doesn't meet the criteria to be viable node： 224b9ac6-8a4e-4740-9f14-62c119c0e730 Heaviness: 6 limit: 5
2019-09-20 14:18:47,752 [RatisPipelineUtilsThread] INFO  pipeline.PipelinePlacementPolicy (PipelinePlacementPolicy.java:meetCriteria(91)) - Pipeline Placement: Doesn't meet the criteria to be viable node： 138806e0-8aae-493b-bcc3-c67b43d3673f Heaviness: 6 limit: 5
2019-09-20 14:18:47,761 [grpc-default-executor-1] INFO  impl.RaftServerProxy (RaftServerProxy.java:addNew(89)) - e82bfe73-8726-4c05-9967-e81cabaa4403: addNew group-F09363678728:[e82bfe73-8726-4c05-9967-e81cabaa4403:192.168.36.99:36800] returns group-F09363678728:java.util.concurrent.CompletableFuture@20afd931[Not completed]
2019-09-20 14:18:47,762 [pool-71-thread-1] INFO  impl.RaftServerImpl (RaftServerImpl.java:<init>(93)) - e82bfe73-8726-4c05-9967-e81cabaa4403: new RaftServerImpl for group-F09363678728:[e82bfe73-8726-4c05-9967-e81cabaa4403:192.168.36.99:36800] with ContainerStateMachine:uninitialized
2019-09-20 14:18:47,762 [pool-71-thread-1] INFO  server.RaftServerConfigKeys (ConfUtils.java:logGet(43)) - raft.server.rpc.timeout.min = 5s (custom)
2019-09-20 14:18:47,762 [pool-71-thread-1] INFO  server.RaftServerConfigKeys (ConfUtils.java:logGet(43)) - raft.server.rpc.timeout.max = 5200ms (custom)
2019-09-20 14:18:47,762 [pool-71-thread-1] INFO  server.RaftServerConfigKeys (ConfUtils.java:logGet(43)) - raft.server.rpcslowness.timeout = 120s (custom)
2019-09-20 14:18:47,762 [pool-71-thread-1] INFO  server.RaftServerConfigKeys (ConfUtils.java:logGet(43)) - raft.server.sleep.deviation.threshold = 300 (default)
2019-09-20 14:18:47,762 [pool-71-thread-1] INFO  server.RaftServerConfigKeys (ConfUtils.java:logGet(43)) - raft.server.log.appender.install.snapshot.enabled = false (custom)
2019-09-20 14:18:47,762 [pool-71-thread-1] INFO  impl.RaftServerImpl (ServerState.java:<init>(105)) - e82bfe73-8726-4c05-9967-e81cabaa4403:group-F09363678728 ConfigurationManager, init=-1: [e82bfe73-8726-4c05-9967-e81cabaa4403:192.168.36.99:36800], old=null, confs=<EMPTY_MAP>
2019-09-20 14:18:47,763 [pool-71-thread-1] INFO  server.RaftServerConfigKeys (ConfUtils.java:logGet(43)) - raft.server.storage.dir = [/workdir/hadoop-ozone/ozonefs/target/test-dir/MiniOzoneClusterImpl-fed52d2e-629f-461a-93bd-7e6cecb50aef/datanode-4/data/ratis] (custom)
2019-09-20 14:18:47,763 [pool-71-thread-1] INFO  storage.RaftStorageDirectory (RaftStorageDirectory.java:analyzeStorage(246)) - The storage directory /workdir/hadoop-ozone/ozonefs/target/test-dir/MiniOzoneClusterImpl-fed52d2e-629f-461a-93bd-7e6cecb50aef/datanode-4/data/ratis/0a047d4d-e39e-45bb-9e61-f09363678728 does not exist. Creating ...
2019-09-20 14:18:47,799 [pool-71-thread-1] INFO  storage.RaftStorageDirectory (RaftStorageDirectory.java:tryLock(328)) - Lock on /workdir/hadoop-ozone/ozonefs/target/test-dir/MiniOzoneClusterImpl-fed52d2e-629f-461a-93bd-7e6cecb50aef/datanode-4/data/ratis/0a047d4d-e39e-45bb-9e61-f09363678728/in_use.lock acquired by nodename 11390@pr-hdds-1569-p5fx8-1226042367
2019-09-20 14:18:47,841 [pool-71-thread-1] INFO  storage.RaftStorage (RaftStorage.java:format(72)) - Storage directory /workdir/hadoop-ozone/ozonefs/target/test-dir/MiniOzoneClusterImpl-fed52d2e-629f-461a-93bd-7e6cecb50aef/datanode-4/data/ratis/0a047d4d-e39e-45bb-9e61-f09363678728 has been successfully formatted.
2019-09-20 14:18:47,842 [pool-71-thread-1] INFO  ratis.ContainerStateMachine (ContainerStateMachine.java:loadSnapshot(226)) - group-F09363678728: The snapshot info is null. Setting the last applied indexto:(t:0, i:~)
2019-09-20 14:18:47,842 [pool-71-thread-1] INFO  server.RaftServerConfigKeys (ConfUtils.java:logGet(43)) - raft.server.leader.election.timeout = 120s (custom)
2019-09-20 14:18:47,842 [pool-71-thread-1] INFO  server.RaftServerConfigKeys (ConfUtils.java:logGet(43)) - raft.server.log.use.memory = false (default)
2019-09-20 14:18:47,842 [pool-71-thread-1] INFO  server.RaftServerConfigKeys (ConfUtils.java:logGet(43)) - raft.server.log.purge.gap = 1000000 (custom)
2019-09-20 14:18:47,842 [pool-71-thread-1] INFO  server.RaftServerConfigKeys (ConfUtils.java:logGet(43)) - raft.server.log.appender.buffer.byte-limit = 33554432 (custom)
2019-09-20 14:18:47,843 [pool-71-thread-1] INFO  server.RaftServerConfigKeys (ConfUtils.java:logGet(43)) - raft.server.log.segment.size.max = 1048576 (custom)
2019-09-20 14:18:47,843 [pool-71-thread-1] INFO  server.RaftServerConfigKeys (ConfUtils.java:logGet(43)) - raft.server.log.segment.cache.num.max = 2 (custom)
2019-09-20 14:18:47,843 [pool-71-thread-1] INFO  segmented.SegmentedRaftLogWorker (SegmentedRaftLogWorker.java:<init>(172)) - new e82bfe73-8726-4c05-9967-e81cabaa4403-SegmentedRaftLogWorker:Storage Directory /workdir/hadoop-ozone/ozonefs/target/test-dir/MiniOzoneClusterImpl-fed52d2e-629f-461a-93bd-7e6cecb50aef/datanode-4/data/ratis/0a047d4d-e39e-45bb-9e61-f09363678728 for RaftStorage:Storage Directory /workdir/hadoop-ozone/ozonefs/target/test-dir/MiniOzoneClusterImpl-fed52d2e-629f-461a-93bd-7e6cecb50aef/datanode-4/data/ratis/0a047d4d-e39e-45bb-9e61-f09363678728
2019-09-20 14:18:47,843 [pool-71-thread-1] INFO  server.RaftServerConfigKeys (ConfUtils.java:logGet(43)) - raft.server.log.queue.byte-limit = 2147483647 (custom)
2019-09-20 14:18:47,843 [pool-71-thread-1] INFO  server.RaftServerConfigKeys (ConfUtils.java:logGet(43)) - raft.server.log.queue.element-limit = 1024 (custom)
2019-09-20 14:18:47,844 [pool-71-thread-1] INFO  server.RaftServerConfigKeys (ConfUtils.java:logGet(43)) - raft.server.log.segment.size.max = 1048576 (custom)
2019-09-20 14:18:47,844 [pool-71-thread-1] INFO  server.RaftServerConfigKeys (ConfUtils.java:logGet(43)) - raft.server.log.preallocated.size = 16384 (custom)
2019-09-20 14:18:47,844 [pool-71-thread-1] INFO  server.RaftServerConfigKeys (ConfUtils.java:logGet(43)) - raft.server.log.write.buffer.size = 33554432 (custom)
2019-09-20 14:18:47,844 [pool-71-thread-1] INFO  server.RaftServerConfigKeys (ConfUtils.java:logGet(43)) - raft.server.log.force.sync.num = 128 (default)
2019-09-20 14:18:47,844 [pool-71-thread-1] INFO  server.RaftServerConfigKeys (ConfUtils.java:logGet(43)) - raft.server.log.statemachine.data.sync = true (default)
2019-09-20 14:18:47,844 [pool-71-thread-1] INFO  server.RaftServerConfigKeys (ConfUtils.java:logGet(43)) - raft.server.log.statemachine.data.sync.timeout = 10s (default)
2019-09-20 14:18:47,845 [pool-71-thread-1] INFO  server.RaftServerConfigKeys (ConfUtils.java:logGet(43)) - raft.server.log.statemachine.data.sync.timeout.retry = -1 (default)
2019-09-20 14:18:47,845 [pool-71-thread-1] INFO  server.RaftServerConfigKeys (ConfUtils.java:logGet(43)) - raft.server.log.statemachine.data.caching.enabled = true (custom)
2019-09-20 14:18:47,845 [pool-71-thread-1] INFO  segmented.SegmentedRaftLogWorker (SegmentedRaftLogWorker.java:lambda$new$0(132)) - e82bfe73-8726-4c05-9967-e81cabaa4403-SegmentedRaftLogWorker:Storage Directory /workdir/hadoop-ozone/ozonefs/target/test-dir/MiniOzoneClusterImpl-fed52d2e-629f-461a-93bd-7e6cecb50aef/datanode-4/data/ratis/0a047d4d-e39e-45bb-9e61-f09363678728: flushIndex: setUnconditionally 0 -> -1
2019-09-20 14:18:47,846 [pool-71-thread-1] INFO  server.RaftServerConfigKeys (ConfUtils.java:logGet(43)) - raft.server.snapshot.auto.trigger.enabled = true (custom)
2019-09-20 14:18:47,846 [pool-71-thread-1] INFO  server.RaftServerConfigKeys (ConfUtils.java:logGet(43)) - raft.server.snapshot.auto.trigger.threshold = 10000 (custom)
2019-09-20 14:18:47,846 [pool-71-thread-1] INFO  server.RaftServerConfigKeys (ConfUtils.java:logGet(43)) - raft.server.retrycache.expirytime = 600000ms (custom)
2019-09-20 14:18:47,846 [pool-71-thread-1] INFO  impl.RaftServerImpl (RaftServerImpl.java:start(180)) - e82bfe73-8726-4c05-9967-e81cabaa4403: start group-F09363678728
2019-09-20 14:18:47,846 [pool-71-thread-1] INFO  impl.RaftServerImpl (RaftServerImpl.java:setRole(171)) - e82bfe73-8726-4c05-9967-e81cabaa4403:group-F09363678728 changes role from null to FOLLOWER at term 0 for startAsFollower
2019-09-20 14:18:47,847 [pool-71-thread-1] INFO  impl.RoleInfo (RoleInfo.java:updateAndGet(143)) - e82bfe73-8726-4c05-9967-e81cabaa4403: start FollowerState
2019-09-20 14:18:47,847 [pool-71-thread-1] INFO  util.JmxRegister (JmxRegister.java:tryRegister(44)) - Successfully registered JMX Bean with object name Ratis:service=RaftServer,group=group-F09363678728,id=e82bfe73-8726-4c05-9967-e81cabaa4403
2019-09-20 14:18:47,853 [RatisPipelineUtilsThread] INFO  pipeline.PipelineStateManager (PipelineStateManager.java:addPipeline(56)) - Created pipeline Pipeline[ Id: 0a047d4d-e39e-45bb-9e61-f09363678728, Nodes: e82bfe73-8726-4c05-9967-e81cabaa4403{ip: 192.168.36.99, host: pr-hdds-1569-p5fx8-1226042367, networkLocation: /default-rack, certSerialId: null}, Type:RATIS, Factor:ONE, State:OPEN]
2019-09-20 14:18:47,855 [RatisPipelineUtilsThread] INFO  pipeline.PipelinePlacementPolicy (PipelinePlacementPolicy.java:meetCriteria(91)) - Pipeline Placement: Doesn't meet the criteria to be viable node： b0d01f7e-06f7-489d-8516-80ea31822548 Heaviness: 6 limit: 5
2019-09-20 14:18:47,855 [RatisPipelineUtilsThread] INFO  pipeline.PipelinePlacementPolicy (PipelinePlacementPolicy.java:meetCriteria(91)) - Pipeline Placement: Doesn't meet the criteria to be viable node： 2a5c9949-8efa-4686-b715-798e5449da2f Heaviness: 6 limit: 5
2019-09-20 14:18:47,855 [RatisPipelineUtilsThread] INFO  pipeline.PipelinePlacementPolicy (PipelinePlacementPolicy.java:meetCriteria(91)) - Pipeline Placement: Doesn't meet the criteria to be viable node： 224b9ac6-8a4e-4740-9f14-62c119c0e730 Heaviness: 6 limit: 5
2019-09-20 14:18:47,856 [RatisPipelineUtilsThread] INFO  pipeline.PipelinePlacementPolicy (PipelinePlacementPolicy.java:meetCriteria(91)) - Pipeline Placement: Doesn't meet the criteria to be viable node： 138806e0-8aae-493b-bcc3-c67b43d3673f Heaviness: 6 limit: 5
2019-09-20 14:18:47,866 [grpc-default-executor-1] INFO  impl.RaftServerProxy (RaftServerProxy.java:addNew(89)) - e82bfe73-8726-4c05-9967-e81cabaa4403: addNew group-4D7033BF4FD0:[e82bfe73-8726-4c05-9967-e81cabaa4403:192.168.36.99:36800] returns group-4D7033BF4FD0:java.util.concurrent.CompletableFuture@65ef3512[Not completed]
2019-09-20 14:18:47,868 [pool-71-thread-1] INFO  impl.RaftServerImpl (RaftServerImpl.java:<init>(93)) - e82bfe73-8726-4c05-9967-e81cabaa4403: new RaftServerImpl for group-4D7033BF4FD0:[e82bfe73-8726-4c05-9967-e81cabaa4403:192.168.36.99:36800] with ContainerStateMachine:uninitialized
2019-09-20 14:18:47,868 [pool-71-thread-1] INFO  server.RaftServerConfigKeys (ConfUtils.java:logGet(43)) - raft.server.rpc.timeout.min = 5s (custom)
2019-09-20 14:18:47,868 [pool-71-thread-1] INFO  server.RaftServerConfigKeys (ConfUtils.java:logGet(43)) - raft.server.rpc.timeout.max = 5200ms (custom)
2019-09-20 14:18:47,868 [pool-71-thread-1] INFO  server.RaftServerConfigKeys (ConfUtils.java:logGet(43)) - raft.server.rpcslowness.timeout = 120s (custom)
2019-09-20 14:18:47,868 [pool-71-thread-1] INFO  server.RaftServerConfigKeys (ConfUtils.java:logGet(43)) - raft.server.sleep.deviation.threshold = 300 (default)
2019-09-20 14:18:47,869 [pool-71-thread-1] INFO  server.RaftServerConfigKeys (ConfUtils.java:logGet(43)) - raft.server.log.appender.install.snapshot.enabled = false (custom)
2019-09-20 14:18:47,869 [pool-71-thread-1] INFO  impl.RaftServerImpl (ServerState.java:<init>(105)) - e82bfe73-8726-4c05-9967-e81cabaa4403:group-4D7033BF4FD0 ConfigurationManager, init=-1: [e82bfe73-8726-4c05-9967-e81cabaa4403:192.168.36.99:36800], old=null, confs=<EMPTY_MAP>
2019-09-20 14:18:47,869 [pool-71-thread-1] INFO  server.RaftServerConfigKeys (ConfUtils.java:logGet(43)) - raft.server.storage.dir = [/workdir/hadoop-ozone/ozonefs/target/test-dir/MiniOzoneClusterImpl-fed52d2e-629f-461a-93bd-7e6cecb50aef/datanode-4/data/ratis] (custom)
2019-09-20 14:18:47,869 [pool-71-thread-1] INFO  storage.RaftStorageDirectory (RaftStorageDirectory.java:analyzeStorage(246)) - The storage directory /workdir/hadoop-ozone/ozonefs/target/test-dir/MiniOzoneClusterImpl-fed52d2e-629f-461a-93bd-7e6cecb50aef/datanode-4/data/ratis/24f05501-f901-4acc-a9f7-4d7033bf4fd0 does not exist. Creating ...
2019-09-20 14:18:47,891 [pool-71-thread-1] INFO  storage.RaftStorageDirectory (RaftStorageDirectory.java:tryLock(328)) - Lock on /workdir/hadoop-ozone/ozonefs/target/test-dir/MiniOzoneClusterImpl-fed52d2e-629f-461a-93bd-7e6cecb50aef/datanode-4/data/ratis/24f05501-f901-4acc-a9f7-4d7033bf4fd0/in_use.lock acquired by nodename 11390@pr-hdds-1569-p5fx8-1226042367
2019-09-20 14:18:47,909 [pool-71-thread-1] INFO  storage.RaftStorage (RaftStorage.java:format(72)) - Storage directory /workdir/hadoop-ozone/ozonefs/target/test-dir/MiniOzoneClusterImpl-fed52d2e-629f-461a-93bd-7e6cecb50aef/datanode-4/data/ratis/24f05501-f901-4acc-a9f7-4d7033bf4fd0 has been successfully formatted.
2019-09-20 14:18:47,909 [pool-71-thread-1] INFO  ratis.ContainerStateMachine (ContainerStateMachine.java:loadSnapshot(226)) - group-4D7033BF4FD0: The snapshot info is null. Setting the last applied indexto:(t:0, i:~)
2019-09-20 14:18:47,909 [pool-71-thread-1] INFO  server.RaftServerConfigKeys (ConfUtils.java:logGet(43)) - raft.server.leader.election.timeout = 120s (custom)
2019-09-20 14:18:47,909 [pool-71-thread-1] INFO  server.RaftServerConfigKeys (ConfUtils.java:logGet(43)) - raft.server.log.use.memory = false (default)
2019-09-20 14:18:47,909 [pool-71-thread-1] INFO  server.RaftServerConfigKeys (ConfUtils.java:logGet(43)) - raft.server.log.purge.gap = 1000000 (custom)
2019-09-20 14:18:47,910 [pool-71-thread-1] INFO  server.RaftServerConfigKeys (ConfUtils.java:logGet(43)) - raft.server.log.appender.buffer.byte-limit = 33554432 (custom)
2019-09-20 14:18:47,910 [pool-71-thread-1] INFO  server.RaftServerConfigKeys (ConfUtils.java:logGet(43)) - raft.server.log.segment.size.max = 1048576 (custom)
2019-09-20 14:18:47,910 [pool-71-thread-1] INFO  server.RaftServerConfigKeys (ConfUtils.java:logGet(43)) - raft.server.log.segment.cache.num.max = 2 (custom)
2019-09-20 14:18:47,910 [pool-71-thread-1] INFO  segmented.SegmentedRaftLogWorker (SegmentedRaftLogWorker.java:<init>(172)) - new e82bfe73-8726-4c05-9967-e81cabaa4403-SegmentedRaftLogWorker:Storage Directory /workdir/hadoop-ozone/ozonefs/target/test-dir/MiniOzoneClusterImpl-fed52d2e-629f-461a-93bd-7e6cecb50aef/datanode-4/data/ratis/24f05501-f901-4acc-a9f7-4d7033bf4fd0 for RaftStorage:Storage Directory /workdir/hadoop-ozone/ozonefs/target/test-dir/MiniOzoneClusterImpl-fed52d2e-629f-461a-93bd-7e6cecb50aef/datanode-4/data/ratis/24f05501-f901-4acc-a9f7-4d7033bf4fd0
2019-09-20 14:18:47,910 [pool-71-thread-1] INFO  server.RaftServerConfigKeys (ConfUtils.java:logGet(43)) - raft.server.log.queue.byte-limit = 2147483647 (custom)
2019-09-20 14:18:47,910 [pool-71-thread-1] INFO  server.RaftServerConfigKeys (ConfUtils.java:logGet(43)) - raft.server.log.queue.element-limit = 1024 (custom)
2019-09-20 14:18:47,910 [pool-71-thread-1] INFO  server.RaftServerConfigKeys (ConfUtils.java:logGet(43)) - raft.server.log.segment.size.max = 1048576 (custom)
2019-09-20 14:18:47,911 [pool-71-thread-1] INFO  server.RaftServerConfigKeys (ConfUtils.java:logGet(43)) - raft.server.log.preallocated.size = 16384 (custom)
2019-09-20 14:18:47,911 [pool-71-thread-1] INFO  server.RaftServerConfigKeys (ConfUtils.java:logGet(43)) - raft.server.log.write.buffer.size = 33554432 (custom)
2019-09-20 14:18:47,911 [pool-71-thread-1] INFO  server.RaftServerConfigKeys (ConfUtils.java:logGet(43)) - raft.server.log.force.sync.num = 128 (default)
2019-09-20 14:18:47,911 [pool-71-thread-1] INFO  server.RaftServerConfigKeys (ConfUtils.java:logGet(43)) - raft.server.log.statemachine.data.sync = true (default)
2019-09-20 14:18:47,911 [pool-71-thread-1] INFO  server.RaftServerConfigKeys (ConfUtils.java:logGet(43)) - raft.server.log.statemachine.data.sync.timeout = 10s (default)
2019-09-20 14:18:47,911 [pool-71-thread-1] INFO  server.RaftServerConfigKeys (ConfUtils.java:logGet(43)) - raft.server.log.statemachine.data.sync.timeout.retry = -1 (default)
2019-09-20 14:18:47,912 [pool-71-thread-1] INFO  server.RaftServerConfigKeys (ConfUtils.java:logGet(43)) - raft.server.log.statemachine.data.caching.enabled = true (custom)
2019-09-20 14:18:47,912 [pool-71-thread-1] INFO  segmented.SegmentedRaftLogWorker (SegmentedRaftLogWorker.java:lambda$new$0(132)) - e82bfe73-8726-4c05-9967-e81cabaa4403-SegmentedRaftLogWorker:Storage Directory /workdir/hadoop-ozone/ozonefs/target/test-dir/MiniOzoneClusterImpl-fed52d2e-629f-461a-93bd-7e6cecb50aef/datanode-4/data/ratis/24f05501-f901-4acc-a9f7-4d7033bf4fd0: flushIndex: setUnconditionally 0 -> -1
2019-09-20 14:18:47,912 [pool-71-thread-1] INFO  server.RaftServerConfigKeys (ConfUtils.java:logGet(43)) - raft.server.snapshot.auto.trigger.enabled = true (custom)
2019-09-20 14:18:47,912 [pool-71-thread-1] INFO  server.RaftServerConfigKeys (ConfUtils.java:logGet(43)) - raft.server.snapshot.auto.trigger.threshold = 10000 (custom)
2019-09-20 14:18:47,913 [pool-71-thread-1] INFO  server.RaftServerConfigKeys (ConfUtils.java:logGet(43)) - raft.server.retrycache.expirytime = 600000ms (custom)
2019-09-20 14:18:47,913 [pool-71-thread-1] INFO  impl.RaftServerImpl (RaftServerImpl.java:start(180)) - e82bfe73-8726-4c05-9967-e81cabaa4403: start group-4D7033BF4FD0
2019-09-20 14:18:47,913 [pool-71-thread-1] INFO  impl.RaftServerImpl (RaftServerImpl.java:setRole(171)) - e82bfe73-8726-4c05-9967-e81cabaa4403:group-4D7033BF4FD0 changes role from null to FOLLOWER at term 0 for startAsFollower
2019-09-20 14:18:47,913 [pool-71-thread-1] INFO  impl.RoleInfo (RoleInfo.java:updateAndGet(143)) - e82bfe73-8726-4c05-9967-e81cabaa4403: start FollowerState
2019-09-20 14:18:47,914 [pool-71-thread-1] INFO  util.JmxRegister (JmxRegister.java:tryRegister(44)) - Successfully registered JMX Bean with object name Ratis:service=RaftServer,group=group-4D7033BF4FD0,id=e82bfe73-8726-4c05-9967-e81cabaa4403
2019-09-20 14:18:47,918 [RatisPipelineUtilsThread] INFO  pipeline.PipelineStateManager (PipelineStateManager.java:addPipeline(56)) - Created pipeline Pipeline[ Id: 24f05501-f901-4acc-a9f7-4d7033bf4fd0, Nodes: e82bfe73-8726-4c05-9967-e81cabaa4403{ip: 192.168.36.99, host: pr-hdds-1569-p5fx8-1226042367, networkLocation: /default-rack, certSerialId: null}, Type:RATIS, Factor:ONE, State:OPEN]
2019-09-20 14:18:47,920 [RatisPipelineUtilsThread] INFO  pipeline.PipelinePlacementPolicy (PipelinePlacementPolicy.java:meetCriteria(91)) - Pipeline Placement: Doesn't meet the criteria to be viable node： b0d01f7e-06f7-489d-8516-80ea31822548 Heaviness: 6 limit: 5
2019-09-20 14:18:47,921 [RatisPipelineUtilsThread] INFO  pipeline.PipelinePlacementPolicy (PipelinePlacementPolicy.java:meetCriteria(91)) - Pipeline Placement: Doesn't meet the criteria to be viable node： 2a5c9949-8efa-4686-b715-798e5449da2f Heaviness: 6 limit: 5
2019-09-20 14:18:47,921 [RatisPipelineUtilsThread] INFO  pipeline.PipelinePlacementPolicy (PipelinePlacementPolicy.java:meetCriteria(91)) - Pipeline Placement: Doesn't meet the criteria to be viable node： 224b9ac6-8a4e-4740-9f14-62c119c0e730 Heaviness: 6 limit: 5
2019-09-20 14:18:47,921 [RatisPipelineUtilsThread] INFO  pipeline.PipelinePlacementPolicy (PipelinePlacementPolicy.java:meetCriteria(91)) - Pipeline Placement: Doesn't meet the criteria to be viable node： 138806e0-8aae-493b-bcc3-c67b43d3673f Heaviness: 6 limit: 5
2019-09-20 14:18:47,930 [grpc-default-executor-1] INFO  impl.RaftServerProxy (RaftServerProxy.java:addNew(89)) - e82bfe73-8726-4c05-9967-e81cabaa4403: addNew group-1C7B48D65BBA:[e82bfe73-8726-4c05-9967-e81cabaa4403:192.168.36.99:36800] returns group-1C7B48D65BBA:java.util.concurrent.CompletableFuture@457d0947[Not completed]
2019-09-20 14:18:47,932 [pool-71-thread-1] INFO  impl.RaftServerImpl (RaftServerImpl.java:<init>(93)) - e82bfe73-8726-4c05-9967-e81cabaa4403: new RaftServerImpl for group-1C7B48D65BBA:[e82bfe73-8726-4c05-9967-e81cabaa4403:192.168.36.99:36800] with ContainerStateMachine:uninitialized
2019-09-20 14:18:47,932 [pool-71-thread-1] INFO  server.RaftServerConfigKeys (ConfUtils.java:logGet(43)) - raft.server.rpc.timeout.min = 5s (custom)
2019-09-20 14:18:47,932 [pool-71-thread-1] INFO  server.RaftServerConfigKeys (ConfUtils.java:logGet(43)) - raft.server.rpc.timeout.max = 5200ms (custom)
2019-09-20 14:18:47,932 [pool-71-thread-1] INFO  server.RaftServerConfigKeys (ConfUtils.java:logGet(43)) - raft.server.rpcslowness.timeout = 120s (custom)
2019-09-20 14:18:47,932 [pool-71-thread-1] INFO  server.RaftServerConfigKeys (ConfUtils.java:logGet(43)) - raft.server.sleep.deviation.threshold = 300 (default)
2019-09-20 14:18:47,932 [pool-71-thread-1] INFO  server.RaftServerConfigKeys (ConfUtils.java:logGet(43)) - raft.server.log.appender.install.snapshot.enabled = false (custom)
2019-09-20 14:18:47,932 [pool-71-thread-1] INFO  impl.RaftServerImpl (ServerState.java:<init>(105)) - e82bfe73-8726-4c05-9967-e81cabaa4403:group-1C7B48D65BBA ConfigurationManager, init=-1: [e82bfe73-8726-4c05-9967-e81cabaa4403:192.168.36.99:36800], old=null, confs=<EMPTY_MAP>
2019-09-20 14:18:47,933 [pool-71-thread-1] INFO  server.RaftServerConfigKeys (ConfUtils.java:logGet(43)) - raft.server.storage.dir = [/workdir/hadoop-ozone/ozonefs/target/test-dir/MiniOzoneClusterImpl-fed52d2e-629f-461a-93bd-7e6cecb50aef/datanode-4/data/ratis] (custom)
2019-09-20 14:18:47,933 [pool-71-thread-1] INFO  storage.RaftStorageDirectory (RaftStorageDirectory.java:analyzeStorage(246)) - The storage directory /workdir/hadoop-ozone/ozonefs/target/test-dir/MiniOzoneClusterImpl-fed52d2e-629f-461a-93bd-7e6cecb50aef/datanode-4/data/ratis/5f8de2db-ca74-4839-88b9-1c7b48d65bba does not exist. Creating ...
2019-09-20 14:18:47,938 | INFO  | SCMAudit | user=jenkins1000 | ip=192.168.36.99 | op=SEND_HEARTBEAT {datanodeUUID=224b9ac6-8a4e-4740-9f14-62c119c0e730, command=[]} | ret=SUCCESS |  
2019-09-20 14:18:47,951 [pool-71-thread-1] INFO  storage.RaftStorageDirectory (RaftStorageDirectory.java:tryLock(328)) - Lock on /workdir/hadoop-ozone/ozonefs/target/test-dir/MiniOzoneClusterImpl-fed52d2e-629f-461a-93bd-7e6cecb50aef/datanode-4/data/ratis/5f8de2db-ca74-4839-88b9-1c7b48d65bba/in_use.lock acquired by nodename 11390@pr-hdds-1569-p5fx8-1226042367
2019-09-20 14:18:47,968 [pool-71-thread-1] INFO  storage.RaftStorage (RaftStorage.java:format(72)) - Storage directory /workdir/hadoop-ozone/ozonefs/target/test-dir/MiniOzoneClusterImpl-fed52d2e-629f-461a-93bd-7e6cecb50aef/datanode-4/data/ratis/5f8de2db-ca74-4839-88b9-1c7b48d65bba has been successfully formatted.
2019-09-20 14:18:47,968 [pool-71-thread-1] INFO  ratis.ContainerStateMachine (ContainerStateMachine.java:loadSnapshot(226)) - group-1C7B48D65BBA: The snapshot info is null. Setting the last applied indexto:(t:0, i:~)
2019-09-20 14:18:47,968 [pool-71-thread-1] INFO  server.RaftServerConfigKeys (ConfUtils.java:logGet(43)) - raft.server.leader.election.timeout = 120s (custom)
2019-09-20 14:18:47,968 [pool-71-thread-1] INFO  server.RaftServerConfigKeys (ConfUtils.java:logGet(43)) - raft.server.log.use.memory = false (default)
2019-09-20 14:18:47,968 [pool-71-thread-1] INFO  server.RaftServerConfigKeys (ConfUtils.java:logGet(43)) - raft.server.log.purge.gap = 1000000 (custom)
2019-09-20 14:18:47,968 [pool-71-thread-1] INFO  server.RaftServerConfigKeys (ConfUtils.java:logGet(43)) - raft.server.log.appender.buffer.byte-limit = 33554432 (custom)
2019-09-20 14:18:47,968 [pool-71-thread-1] INFO  server.RaftServerConfigKeys (ConfUtils.java:logGet(43)) - raft.server.log.segment.size.max = 1048576 (custom)
2019-09-20 14:18:47,969 [pool-71-thread-1] INFO  server.RaftServerConfigKeys (ConfUtils.java:logGet(43)) - raft.server.log.segment.cache.num.max = 2 (custom)
2019-09-20 14:18:47,969 [pool-71-thread-1] INFO  segmented.SegmentedRaftLogWorker (SegmentedRaftLogWorker.java:<init>(172)) - new e82bfe73-8726-4c05-9967-e81cabaa4403-SegmentedRaftLogWorker:Storage Directory /workdir/hadoop-ozone/ozonefs/target/test-dir/MiniOzoneClusterImpl-fed52d2e-629f-461a-93bd-7e6cecb50aef/datanode-4/data/ratis/5f8de2db-ca74-4839-88b9-1c7b48d65bba for RaftStorage:Storage Directory /workdir/hadoop-ozone/ozonefs/target/test-dir/MiniOzoneClusterImpl-fed52d2e-629f-461a-93bd-7e6cecb50aef/datanode-4/data/ratis/5f8de2db-ca74-4839-88b9-1c7b48d65bba
2019-09-20 14:18:47,969 [pool-71-thread-1] INFO  server.RaftServerConfigKeys (ConfUtils.java:logGet(43)) - raft.server.log.queue.byte-limit = 2147483647 (custom)
2019-09-20 14:18:47,969 [pool-71-thread-1] INFO  server.RaftServerConfigKeys (ConfUtils.java:logGet(43)) - raft.server.log.queue.element-limit = 1024 (custom)
2019-09-20 14:18:47,969 [pool-71-thread-1] INFO  server.RaftServerConfigKeys (ConfUtils.java:logGet(43)) - raft.server.log.segment.size.max = 1048576 (custom)
2019-09-20 14:18:47,969 [pool-71-thread-1] INFO  server.RaftServerConfigKeys (ConfUtils.java:logGet(43)) - raft.server.log.preallocated.size = 16384 (custom)
2019-09-20 14:18:47,969 [pool-71-thread-1] INFO  server.RaftServerConfigKeys (ConfUtils.java:logGet(43)) - raft.server.log.write.buffer.size = 33554432 (custom)
2019-09-20 14:18:47,970 [pool-71-thread-1] INFO  server.RaftServerConfigKeys (ConfUtils.java:logGet(43)) - raft.server.log.force.sync.num = 128 (default)
2019-09-20 14:18:47,970 [pool-71-thread-1] INFO  server.RaftServerConfigKeys (ConfUtils.java:logGet(43)) - raft.server.log.statemachine.data.sync = true (default)
2019-09-20 14:18:47,970 [pool-71-thread-1] INFO  server.RaftServerConfigKeys (ConfUtils.java:logGet(43)) - raft.server.log.statemachine.data.sync.timeout = 10s (default)
2019-09-20 14:18:47,970 [pool-71-thread-1] INFO  server.RaftServerConfigKeys (ConfUtils.java:logGet(43)) - raft.server.log.statemachine.data.sync.timeout.retry = -1 (default)
2019-09-20 14:18:47,970 [pool-71-thread-1] INFO  server.RaftServerConfigKeys (ConfUtils.java:logGet(43)) - raft.server.log.statemachine.data.caching.enabled = true (custom)
2019-09-20 14:18:47,970 [pool-71-thread-1] INFO  segmented.SegmentedRaftLogWorker (SegmentedRaftLogWorker.java:lambda$new$0(132)) - e82bfe73-8726-4c05-9967-e81cabaa4403-SegmentedRaftLogWorker:Storage Directory /workdir/hadoop-ozone/ozonefs/target/test-dir/MiniOzoneClusterImpl-fed52d2e-629f-461a-93bd-7e6cecb50aef/datanode-4/data/ratis/5f8de2db-ca74-4839-88b9-1c7b48d65bba: flushIndex: setUnconditionally 0 -> -1
2019-09-20 14:18:47,971 [pool-71-thread-1] INFO  server.RaftServerConfigKeys (ConfUtils.java:logGet(43)) - raft.server.snapshot.auto.trigger.enabled = true (custom)
2019-09-20 14:18:47,971 [pool-71-thread-1] INFO  server.RaftServerConfigKeys (ConfUtils.java:logGet(43)) - raft.server.snapshot.auto.trigger.threshold = 10000 (custom)
2019-09-20 14:18:47,971 [pool-71-thread-1] INFO  server.RaftServerConfigKeys (ConfUtils.java:logGet(43)) - raft.server.retrycache.expirytime = 600000ms (custom)
2019-09-20 14:18:47,971 [pool-71-thread-1] INFO  impl.RaftServerImpl (RaftServerImpl.java:start(180)) - e82bfe73-8726-4c05-9967-e81cabaa4403: start group-1C7B48D65BBA
2019-09-20 14:18:47,971 [pool-71-thread-1] INFO  impl.RaftServerImpl (RaftServerImpl.java:setRole(171)) - e82bfe73-8726-4c05-9967-e81cabaa4403:group-1C7B48D65BBA changes role from null to FOLLOWER at term 0 for startAsFollower
2019-09-20 14:18:47,971 [pool-71-thread-1] INFO  impl.RoleInfo (RoleInfo.java:updateAndGet(143)) - e82bfe73-8726-4c05-9967-e81cabaa4403: start FollowerState
2019-09-20 14:18:47,972 [pool-71-thread-1] INFO  util.JmxRegister (JmxRegister.java:tryRegister(44)) - Successfully registered JMX Bean with object name Ratis:service=RaftServer,group=group-1C7B48D65BBA,id=e82bfe73-8726-4c05-9967-e81cabaa4403
2019-09-20 14:18:47,976 [RatisPipelineUtilsThread] INFO  pipeline.PipelineStateManager (PipelineStateManager.java:addPipeline(56)) - Created pipeline Pipeline[ Id: 5f8de2db-ca74-4839-88b9-1c7b48d65bba, Nodes: e82bfe73-8726-4c05-9967-e81cabaa4403{ip: 192.168.36.99, host: pr-hdds-1569-p5fx8-1226042367, networkLocation: /default-rack, certSerialId: null}, Type:RATIS, Factor:ONE, State:OPEN]
2019-09-20 14:18:47,978 [RatisPipelineUtilsThread] INFO  pipeline.PipelinePlacementPolicy (PipelinePlacementPolicy.java:meetCriteria(91)) - Pipeline Placement: Doesn't meet the criteria to be viable node： b0d01f7e-06f7-489d-8516-80ea31822548 Heaviness: 6 limit: 5
2019-09-20 14:18:47,978 [RatisPipelineUtilsThread] INFO  pipeline.PipelinePlacementPolicy (PipelinePlacementPolicy.java:meetCriteria(91)) - Pipeline Placement: Doesn't meet the criteria to be viable node： 2a5c9949-8efa-4686-b715-798e5449da2f Heaviness: 6 limit: 5
2019-09-20 14:18:47,979 [RatisPipelineUtilsThread] INFO  pipeline.PipelinePlacementPolicy (PipelinePlacementPolicy.java:meetCriteria(91)) - Pipeline Placement: Doesn't meet the criteria to be viable node： 224b9ac6-8a4e-4740-9f14-62c119c0e730 Heaviness: 6 limit: 5
2019-09-20 14:18:47,979 [RatisPipelineUtilsThread] INFO  pipeline.PipelinePlacementPolicy (PipelinePlacementPolicy.java:meetCriteria(91)) - Pipeline Placement: Doesn't meet the criteria to be viable node： 138806e0-8aae-493b-bcc3-c67b43d3673f Heaviness: 6 limit: 5
2019-09-20 14:18:47,987 [grpc-default-executor-1] INFO  impl.RaftServerProxy (RaftServerProxy.java:addNew(89)) - e82bfe73-8726-4c05-9967-e81cabaa4403: addNew group-2277B39466C8:[e82bfe73-8726-4c05-9967-e81cabaa4403:192.168.36.99:36800] returns group-2277B39466C8:java.util.concurrent.CompletableFuture@366f167b[Not completed]
2019-09-20 14:18:47,989 [pool-71-thread-1] INFO  impl.RaftServerImpl (RaftServerImpl.java:<init>(93)) - e82bfe73-8726-4c05-9967-e81cabaa4403: new RaftServerImpl for group-2277B39466C8:[e82bfe73-8726-4c05-9967-e81cabaa4403:192.168.36.99:36800] with ContainerStateMachine:uninitialized
2019-09-20 14:18:47,989 [pool-71-thread-1] INFO  server.RaftServerConfigKeys (ConfUtils.java:logGet(43)) - raft.server.rpc.timeout.min = 5s (custom)
2019-09-20 14:18:47,989 [pool-71-thread-1] INFO  server.RaftServerConfigKeys (ConfUtils.java:logGet(43)) - raft.server.rpc.timeout.max = 5200ms (custom)
2019-09-20 14:18:47,989 [pool-71-thread-1] INFO  server.RaftServerConfigKeys (ConfUtils.java:logGet(43)) - raft.server.rpcslowness.timeout = 120s (custom)
2019-09-20 14:18:47,989 [pool-71-thread-1] INFO  server.RaftServerConfigKeys (ConfUtils.java:logGet(43)) - raft.server.sleep.deviation.threshold = 300 (default)
2019-09-20 14:18:47,989 [pool-71-thread-1] INFO  server.RaftServerConfigKeys (ConfUtils.java:logGet(43)) - raft.server.log.appender.install.snapshot.enabled = false (custom)
2019-09-20 14:18:47,989 [pool-71-thread-1] INFO  impl.RaftServerImpl (ServerState.java:<init>(105)) - e82bfe73-8726-4c05-9967-e81cabaa4403:group-2277B39466C8 ConfigurationManager, init=-1: [e82bfe73-8726-4c05-9967-e81cabaa4403:192.168.36.99:36800], old=null, confs=<EMPTY_MAP>
2019-09-20 14:18:47,989 [pool-71-thread-1] INFO  server.RaftServerConfigKeys (ConfUtils.java:logGet(43)) - raft.server.storage.dir = [/workdir/hadoop-ozone/ozonefs/target/test-dir/MiniOzoneClusterImpl-fed52d2e-629f-461a-93bd-7e6cecb50aef/datanode-4/data/ratis] (custom)
2019-09-20 14:18:47,990 [pool-71-thread-1] INFO  storage.RaftStorageDirectory (RaftStorageDirectory.java:analyzeStorage(246)) - The storage directory /workdir/hadoop-ozone/ozonefs/target/test-dir/MiniOzoneClusterImpl-fed52d2e-629f-461a-93bd-7e6cecb50aef/datanode-4/data/ratis/a755e16f-be3d-4d69-bc68-2277b39466c8 does not exist. Creating ...
2019-09-20 14:18:48,010 [pool-71-thread-1] INFO  storage.RaftStorageDirectory (RaftStorageDirectory.java:tryLock(328)) - Lock on /workdir/hadoop-ozone/ozonefs/target/test-dir/MiniOzoneClusterImpl-fed52d2e-629f-461a-93bd-7e6cecb50aef/datanode-4/data/ratis/a755e16f-be3d-4d69-bc68-2277b39466c8/in_use.lock acquired by nodename 11390@pr-hdds-1569-p5fx8-1226042367
2019-09-20 14:18:48,031 | INFO  | SCMAudit | user=jenkins1000 | ip=192.168.36.99 | op=SEND_HEARTBEAT {datanodeUUID=138806e0-8aae-493b-bcc3-c67b43d3673f, command=[]} | ret=SUCCESS |  
2019-09-20 14:18:48,060 [pool-71-thread-1] INFO  storage.RaftStorage (RaftStorage.java:format(72)) - Storage directory /workdir/hadoop-ozone/ozonefs/target/test-dir/MiniOzoneClusterImpl-fed52d2e-629f-461a-93bd-7e6cecb50aef/datanode-4/data/ratis/a755e16f-be3d-4d69-bc68-2277b39466c8 has been successfully formatted.
2019-09-20 14:18:48,060 [pool-71-thread-1] INFO  ratis.ContainerStateMachine (ContainerStateMachine.java:loadSnapshot(226)) - group-2277B39466C8: The snapshot info is null. Setting the last applied indexto:(t:0, i:~)
2019-09-20 14:18:48,060 [pool-71-thread-1] INFO  server.RaftServerConfigKeys (ConfUtils.java:logGet(43)) - raft.server.leader.election.timeout = 120s (custom)
2019-09-20 14:18:48,061 [pool-71-thread-1] INFO  server.RaftServerConfigKeys (ConfUtils.java:logGet(43)) - raft.server.log.use.memory = false (default)
2019-09-20 14:18:48,061 [pool-71-thread-1] INFO  server.RaftServerConfigKeys (ConfUtils.java:logGet(43)) - raft.server.log.purge.gap = 1000000 (custom)
2019-09-20 14:18:48,061 [pool-71-thread-1] INFO  server.RaftServerConfigKeys (ConfUtils.java:logGet(43)) - raft.server.log.appender.buffer.byte-limit = 33554432 (custom)
2019-09-20 14:18:48,061 [pool-71-thread-1] INFO  server.RaftServerConfigKeys (ConfUtils.java:logGet(43)) - raft.server.log.segment.size.max = 1048576 (custom)
2019-09-20 14:18:48,061 [pool-71-thread-1] INFO  server.RaftServerConfigKeys (ConfUtils.java:logGet(43)) - raft.server.log.segment.cache.num.max = 2 (custom)
2019-09-20 14:18:48,061 [pool-71-thread-1] INFO  segmented.SegmentedRaftLogWorker (SegmentedRaftLogWorker.java:<init>(172)) - new e82bfe73-8726-4c05-9967-e81cabaa4403-SegmentedRaftLogWorker:Storage Directory /workdir/hadoop-ozone/ozonefs/target/test-dir/MiniOzoneClusterImpl-fed52d2e-629f-461a-93bd-7e6cecb50aef/datanode-4/data/ratis/a755e16f-be3d-4d69-bc68-2277b39466c8 for RaftStorage:Storage Directory /workdir/hadoop-ozone/ozonefs/target/test-dir/MiniOzoneClusterImpl-fed52d2e-629f-461a-93bd-7e6cecb50aef/datanode-4/data/ratis/a755e16f-be3d-4d69-bc68-2277b39466c8
2019-09-20 14:18:48,062 [pool-71-thread-1] INFO  server.RaftServerConfigKeys (ConfUtils.java:logGet(43)) - raft.server.log.queue.byte-limit = 2147483647 (custom)
2019-09-20 14:18:48,062 [pool-71-thread-1] INFO  server.RaftServerConfigKeys (ConfUtils.java:logGet(43)) - raft.server.log.queue.element-limit = 1024 (custom)
2019-09-20 14:18:48,062 [pool-71-thread-1] INFO  server.RaftServerConfigKeys (ConfUtils.java:logGet(43)) - raft.server.log.segment.size.max = 1048576 (custom)
2019-09-20 14:18:48,062 [pool-71-thread-1] INFO  server.RaftServerConfigKeys (ConfUtils.java:logGet(43)) - raft.server.log.preallocated.size = 16384 (custom)
2019-09-20 14:18:48,062 [pool-71-thread-1] INFO  server.RaftServerConfigKeys (ConfUtils.java:logGet(43)) - raft.server.log.write.buffer.size = 33554432 (custom)
2019-09-20 14:18:48,062 [pool-71-thread-1] INFO  server.RaftServerConfigKeys (ConfUtils.java:logGet(43)) - raft.server.log.force.sync.num = 128 (default)
2019-09-20 14:18:48,063 [pool-71-thread-1] INFO  server.RaftServerConfigKeys (ConfUtils.java:logGet(43)) - raft.server.log.statemachine.data.sync = true (default)
2019-09-20 14:18:48,063 [pool-71-thread-1] INFO  server.RaftServerConfigKeys (ConfUtils.java:logGet(43)) - raft.server.log.statemachine.data.sync.timeout = 10s (default)
2019-09-20 14:18:48,063 [pool-71-thread-1] INFO  server.RaftServerConfigKeys (ConfUtils.java:logGet(43)) - raft.server.log.statemachine.data.sync.timeout.retry = -1 (default)
2019-09-20 14:18:48,063 [pool-71-thread-1] INFO  server.RaftServerConfigKeys (ConfUtils.java:logGet(43)) - raft.server.log.statemachine.data.caching.enabled = true (custom)
2019-09-20 14:18:48,064 [pool-71-thread-1] INFO  segmented.SegmentedRaftLogWorker (SegmentedRaftLogWorker.java:lambda$new$0(132)) - e82bfe73-8726-4c05-9967-e81cabaa4403-SegmentedRaftLogWorker:Storage Directory /workdir/hadoop-ozone/ozonefs/target/test-dir/MiniOzoneClusterImpl-fed52d2e-629f-461a-93bd-7e6cecb50aef/datanode-4/data/ratis/a755e16f-be3d-4d69-bc68-2277b39466c8: flushIndex: setUnconditionally 0 -> -1
2019-09-20 14:18:48,064 [pool-71-thread-1] INFO  server.RaftServerConfigKeys (ConfUtils.java:logGet(43)) - raft.server.snapshot.auto.trigger.enabled = true (custom)
2019-09-20 14:18:48,064 [pool-71-thread-1] INFO  server.RaftServerConfigKeys (ConfUtils.java:logGet(43)) - raft.server.snapshot.auto.trigger.threshold = 10000 (custom)
2019-09-20 14:18:48,064 [pool-71-thread-1] INFO  server.RaftServerConfigKeys (ConfUtils.java:logGet(43)) - raft.server.retrycache.expirytime = 600000ms (custom)
2019-09-20 14:18:48,065 [pool-71-thread-1] INFO  impl.RaftServerImpl (RaftServerImpl.java:start(180)) - e82bfe73-8726-4c05-9967-e81cabaa4403: start group-2277B39466C8
2019-09-20 14:18:48,065 [pool-71-thread-1] INFO  impl.RaftServerImpl (RaftServerImpl.java:setRole(171)) - e82bfe73-8726-4c05-9967-e81cabaa4403:group-2277B39466C8 changes role from null to FOLLOWER at term 0 for startAsFollower
2019-09-20 14:18:48,065 [pool-71-thread-1] INFO  impl.RoleInfo (RoleInfo.java:updateAndGet(143)) - e82bfe73-8726-4c05-9967-e81cabaa4403: start FollowerState
2019-09-20 14:18:48,065 [pool-71-thread-1] INFO  util.JmxRegister (JmxRegister.java:tryRegister(44)) - Successfully registered JMX Bean with object name Ratis:service=RaftServer,group=group-2277B39466C8,id=e82bfe73-8726-4c05-9967-e81cabaa4403
2019-09-20 14:18:48,070 [RatisPipelineUtilsThread] INFO  pipeline.PipelineStateManager (PipelineStateManager.java:addPipeline(56)) - Created pipeline Pipeline[ Id: a755e16f-be3d-4d69-bc68-2277b39466c8, Nodes: e82bfe73-8726-4c05-9967-e81cabaa4403{ip: 192.168.36.99, host: pr-hdds-1569-p5fx8-1226042367, networkLocation: /default-rack, certSerialId: null}, Type:RATIS, Factor:ONE, State:OPEN]
2019-09-20 14:18:48,072 [RatisPipelineUtilsThread] INFO  pipeline.PipelinePlacementPolicy (PipelinePlacementPolicy.java:meetCriteria(91)) - Pipeline Placement: Doesn't meet the criteria to be viable node： b0d01f7e-06f7-489d-8516-80ea31822548 Heaviness: 6 limit: 5
2019-09-20 14:18:48,073 [RatisPipelineUtilsThread] INFO  pipeline.PipelinePlacementPolicy (PipelinePlacementPolicy.java:meetCriteria(91)) - Pipeline Placement: Doesn't meet the criteria to be viable node： 2a5c9949-8efa-4686-b715-798e5449da2f Heaviness: 6 limit: 5
2019-09-20 14:18:48,073 [RatisPipelineUtilsThread] INFO  pipeline.PipelinePlacementPolicy (PipelinePlacementPolicy.java:meetCriteria(91)) - Pipeline Placement: Doesn't meet the criteria to be viable node： 224b9ac6-8a4e-4740-9f14-62c119c0e730 Heaviness: 6 limit: 5
2019-09-20 14:18:48,073 [RatisPipelineUtilsThread] INFO  pipeline.PipelinePlacementPolicy (PipelinePlacementPolicy.java:meetCriteria(91)) - Pipeline Placement: Doesn't meet the criteria to be viable node： 138806e0-8aae-493b-bcc3-c67b43d3673f Heaviness: 6 limit: 5
2019-09-20 14:18:48,073 [RatisPipelineUtilsThread] INFO  pipeline.PipelinePlacementPolicy (PipelinePlacementPolicy.java:meetCriteria(91)) - Pipeline Placement: Doesn't meet the criteria to be viable node： e82bfe73-8726-4c05-9967-e81cabaa4403 Heaviness: 6 limit: 5
2019-09-20 14:18:48,073 [RatisPipelineUtilsThread] ERROR pipeline.PipelinePlacementPolicy (PipelinePlacementPolicy.java:filterViableNodes(148)) - Unable to find enough nodes that meet the criteria that cannot engage in more than 5 pipelines. Nodes required: 1 Found: 0, healthy nodes count inNodeManager: 5.
2019-09-20 14:18:48,075 [RatisPipelineUtilsThread] ERROR pipeline.SCMPipelineManager (SCMPipelineManager.java:createPipeline(161)) - Pipeline creation failed due to exception: Unable to find enough nodes that meet the criteria that cannot engage in more than 5 pipelines. Nodes required: 1 Found: 0, healthy nodes count inNodeManager: 5.
2019-09-20 14:18:48,077 [RatisPipelineUtilsThread] INFO  pipeline.PipelinePlacementPolicy (PipelinePlacementPolicy.java:meetCriteria(91)) - Pipeline Placement: Doesn't meet the criteria to be viable node： b0d01f7e-06f7-489d-8516-80ea31822548 Heaviness: 6 limit: 5
2019-09-20 14:18:48,078 [RatisPipelineUtilsThread] INFO  pipeline.PipelinePlacementPolicy (PipelinePlacementPolicy.java:meetCriteria(91)) - Pipeline Placement: Doesn't meet the criteria to be viable node： 2a5c9949-8efa-4686-b715-798e5449da2f Heaviness: 6 limit: 5
2019-09-20 14:18:48,078 [RatisPipelineUtilsThread] INFO  pipeline.PipelinePlacementPolicy (PipelinePlacementPolicy.java:meetCriteria(91)) - Pipeline Placement: Doesn't meet the criteria to be viable node： 224b9ac6-8a4e-4740-9f14-62c119c0e730 Heaviness: 6 limit: 5
2019-09-20 14:18:48,078 [RatisPipelineUtilsThread] INFO  pipeline.PipelinePlacementPolicy (PipelinePlacementPolicy.java:meetCriteria(91)) - Pipeline Placement: Doesn't meet the criteria to be viable node： 138806e0-8aae-493b-bcc3-c67b43d3673f Heaviness: 6 limit: 5
2019-09-20 14:18:48,078 [RatisPipelineUtilsThread] INFO  pipeline.PipelinePlacementPolicy (PipelinePlacementPolicy.java:meetCriteria(91)) - Pipeline Placement: Doesn't meet the criteria to be viable node： e82bfe73-8726-4c05-9967-e81cabaa4403 Heaviness: 6 limit: 5
2019-09-20 14:18:48,078 [RatisPipelineUtilsThread] ERROR pipeline.PipelinePlacementPolicy (PipelinePlacementPolicy.java:filterViableNodes(148)) - Unable to find enough nodes that meet the criteria that cannot engage in more than 5 pipelines. Nodes required: 3 Found: 0, healthy nodes count inNodeManager: 5.
2019-09-20 14:18:48,078 [RatisPipelineUtilsThread] ERROR pipeline.SCMPipelineManager (SCMPipelineManager.java:createPipeline(161)) - Pipeline creation failed due to exception: Unable to find enough nodes that meet the criteria that cannot engage in more than 5 pipelines. Nodes required: 3 Found: 0, healthy nodes count inNodeManager: 5.
2019-09-20 14:18:48,079 [IPC Server handler 0 on 40401] INFO  pipeline.PipelinePlacementPolicy (PipelinePlacementPolicy.java:meetCriteria(91)) - Pipeline Placement: Doesn't meet the criteria to be viable node： b0d01f7e-06f7-489d-8516-80ea31822548 Heaviness: 6 limit: 5
2019-09-20 14:18:48,079 [IPC Server handler 0 on 40401] INFO  pipeline.PipelinePlacementPolicy (PipelinePlacementPolicy.java:meetCriteria(91)) - Pipeline Placement: Doesn't meet the criteria to be viable node： 2a5c9949-8efa-4686-b715-798e5449da2f Heaviness: 6 limit: 5
2019-09-20 14:18:48,079 [IPC Server handler 0 on 40401] INFO  pipeline.PipelinePlacementPolicy (PipelinePlacementPolicy.java:meetCriteria(91)) - Pipeline Placement: Doesn't meet the criteria to be viable node： 224b9ac6-8a4e-4740-9f14-62c119c0e730 Heaviness: 6 limit: 5
2019-09-20 14:18:48,080 [IPC Server handler 0 on 40401] INFO  pipeline.PipelinePlacementPolicy (PipelinePlacementPolicy.java:meetCriteria(91)) - Pipeline Placement: Doesn't meet the criteria to be viable node： 138806e0-8aae-493b-bcc3-c67b43d3673f Heaviness: 6 limit: 5
2019-09-20 14:18:48,080 | INFO  | SCMAudit | user=jenkins1000 | ip=192.168.36.99 | op=SEND_HEARTBEAT {datanodeUUID=e82bfe73-8726-4c05-9967-e81cabaa4403, command=[]} | ret=SUCCESS |  
2019-09-20 14:18:48,080 [IPC Server handler 0 on 40401] INFO  pipeline.PipelinePlacementPolicy (PipelinePlacementPolicy.java:meetCriteria(91)) - Pipeline Placement: Doesn't meet the criteria to be viable node： e82bfe73-8726-4c05-9967-e81cabaa4403 Heaviness: 6 limit: 5
2019-09-20 14:18:48,080 [IPC Server handler 0 on 40401] ERROR pipeline.PipelinePlacementPolicy (PipelinePlacementPolicy.java:filterViableNodes(148)) - Unable to find enough nodes that meet the criteria that cannot engage in more than 5 pipelines. Nodes required: 3 Found: 0, healthy nodes count inNodeManager: 5.
2019-09-20 14:18:48,081 [IPC Server handler 0 on 40401] ERROR pipeline.SCMPipelineManager (SCMPipelineManager.java:createPipeline(161)) - Pipeline creation failed due to exception: Unable to find enough nodes that meet the criteria that cannot engage in more than 5 pipelines. Nodes required: 3 Found: 0, healthy nodes count inNodeManager: 5.
2019-09-20 14:18:48,081 [RatisPipelineUtilsThread] INFO  pipeline.PipelinePlacementPolicy (PipelinePlacementPolicy.java:meetCriteria(91)) - Pipeline Placement: Doesn't meet the criteria to be viable node： b0d01f7e-06f7-489d-8516-80ea31822548 Heaviness: 6 limit: 5
2019-09-20 14:18:48,081 [RatisPipelineUtilsThread] INFO  pipeline.PipelinePlacementPolicy (PipelinePlacementPolicy.java:meetCriteria(91)) - Pipeline Placement: Doesn't meet the criteria to be viable node： 2a5c9949-8efa-4686-b715-798e5449da2f Heaviness: 6 limit: 5
2019-09-20 14:18:48,081 [RatisPipelineUtilsThread] INFO  pipeline.PipelinePlacementPolicy (PipelinePlacementPolicy.java:meetCriteria(91)) - Pipeline Placement: Doesn't meet the criteria to be viable node： 224b9ac6-8a4e-4740-9f14-62c119c0e730 Heaviness: 6 limit: 5
2019-09-20 14:18:48,081 [RatisPipelineUtilsThread] INFO  pipeline.PipelinePlacementPolicy (PipelinePlacementPolicy.java:meetCriteria(91)) - Pipeline Placement: Doesn't meet the criteria to be viable node： 138806e0-8aae-493b-bcc3-c67b43d3673f Heaviness: 6 limit: 5
2019-09-20 14:18:48,082 [RatisPipelineUtilsThread] INFO  pipeline.PipelinePlacementPolicy (PipelinePlacementPolicy.java:meetCriteria(91)) - Pipeline Placement: Doesn't meet the criteria to be viable node： e82bfe73-8726-4c05-9967-e81cabaa4403 Heaviness: 6 limit: 5
2019-09-20 14:18:48,082 [RatisPipelineUtilsThread] ERROR pipeline.PipelinePlacementPolicy (PipelinePlacementPolicy.java:filterViableNodes(148)) - Unable to find enough nodes that meet the criteria that cannot engage in more than 5 pipelines. Nodes required: 1 Found: 0, healthy nodes count inNodeManager: 5.
2019-09-20 14:18:48,082 [IPC Server handler 0 on 40401] WARN  block.BlockManagerImpl (BlockManagerImpl.java:allocateBlock(192)) - Pipeline creation failed for type:RATIS factor:THREE. Retrying get pipelines call once.
org.apache.hadoop.hdds.scm.exceptions.SCMException: Unable to find enough nodes that meet the criteria that cannot engage in more than 5 pipelines. Nodes required: 3 Found: 0, healthy nodes count inNodeManager: 5.
	at org.apache.hadoop.hdds.scm.pipeline.PipelinePlacementPolicy.filterViableNodes(PipelinePlacementPolicy.java:149)
	at org.apache.hadoop.hdds.scm.pipeline.PipelinePlacementPolicy.chooseDatanodes(PipelinePlacementPolicy.java:172)
	at org.apache.hadoop.hdds.scm.pipeline.RatisPipelineProvider.create(RatisPipelineProvider.java:92)
	at org.apache.hadoop.hdds.scm.pipeline.PipelineFactory.create(PipelineFactory.java:57)
	at org.apache.hadoop.hdds.scm.pipeline.SCMPipelineManager.createPipeline(SCMPipelineManager.java:149)
	at org.apache.hadoop.hdds.scm.block.BlockManagerImpl.allocateBlock(BlockManagerImpl.java:190)
	at org.apache.hadoop.hdds.scm.server.SCMBlockProtocolServer.allocateBlock(SCMBlockProtocolServer.java:175)
	at org.apache.hadoop.ozone.protocolPB.ScmBlockLocationProtocolServerSideTranslatorPB.allocateScmBlock(ScmBlockLocationProtocolServerSideTranslatorPB.java:153)
	at org.apache.hadoop.ozone.protocolPB.ScmBlockLocationProtocolServerSideTranslatorPB.send(ScmBlockLocationProtocolServerSideTranslatorPB.java:112)
	at org.apache.hadoop.hdds.protocol.proto.ScmBlockLocationProtocolProtos$ScmBlockLocationProtocolService$2.callBlockingMethod(ScmBlockLocationProtocolProtos.java:13157)
	at org.apache.hadoop.ipc.ProtobufRpcEngine$Server$ProtoBufRpcInvoker.call(ProtobufRpcEngine.java:524)
	at org.apache.hadoop.ipc.RPC$Server.call(RPC.java:1025)
	at org.apache.hadoop.ipc.Server$RpcCall.run(Server.java:876)
	at org.apache.hadoop.ipc.Server$RpcCall.run(Server.java:822)
	at java.security.AccessController.doPrivileged(Native Method)
	at javax.security.auth.Subject.doAs(Subject.java:422)
	at org.apache.hadoop.security.UserGroupInformation.doAs(UserGroupInformation.java:1730)
	at org.apache.hadoop.ipc.Server$Handler.run(Server.java:2682)
2019-09-20 14:18:48,082 [RatisPipelineUtilsThread] ERROR pipeline.SCMPipelineManager (SCMPipelineManager.java:createPipeline(161)) - Pipeline creation failed due to exception: Unable to find enough nodes that meet the criteria that cannot engage in more than 5 pipelines. Nodes required: 1 Found: 0, healthy nodes count inNodeManager: 5.
2019-09-20 14:18:48,085 [RatisPipelineUtilsThread] INFO  pipeline.PipelinePlacementPolicy (PipelinePlacementPolicy.java:meetCriteria(91)) - Pipeline Placement: Doesn't meet the criteria to be viable node： b0d01f7e-06f7-489d-8516-80ea31822548 Heaviness: 6 limit: 5
2019-09-20 14:18:48,085 [RatisPipelineUtilsThread] INFO  pipeline.PipelinePlacementPolicy (PipelinePlacementPolicy.java:meetCriteria(91)) - Pipeline Placement: Doesn't meet the criteria to be viable node： 2a5c9949-8efa-4686-b715-798e5449da2f Heaviness: 6 limit: 5
2019-09-20 14:18:48,085 [RatisPipelineUtilsThread] INFO  pipeline.PipelinePlacementPolicy (PipelinePlacementPolicy.java:meetCriteria(91)) - Pipeline Placement: Doesn't meet the criteria to be viable node： 224b9ac6-8a4e-4740-9f14-62c119c0e730 Heaviness: 6 limit: 5
2019-09-20 14:18:48,085 [RatisPipelineUtilsThread] INFO  pipeline.PipelinePlacementPolicy (PipelinePlacementPolicy.java:meetCriteria(91)) - Pipeline Placement: Doesn't meet the criteria to be viable node： 138806e0-8aae-493b-bcc3-c67b43d3673f Heaviness: 6 limit: 5
2019-09-20 14:18:48,085 [RatisPipelineUtilsThread] INFO  pipeline.PipelinePlacementPolicy (PipelinePlacementPolicy.java:meetCriteria(91)) - Pipeline Placement: Doesn't meet the criteria to be viable node： e82bfe73-8726-4c05-9967-e81cabaa4403 Heaviness: 6 limit: 5
2019-09-20 14:18:48,085 [RatisPipelineUtilsThread] ERROR pipeline.PipelinePlacementPolicy (PipelinePlacementPolicy.java:filterViableNodes(148)) - Unable to find enough nodes that meet the criteria that cannot engage in more than 5 pipelines. Nodes required: 3 Found: 0, healthy nodes count inNodeManager: 5.
2019-09-20 14:18:48,086 [RatisPipelineUtilsThread] ERROR pipeline.SCMPipelineManager (SCMPipelineManager.java:createPipeline(161)) - Pipeline creation failed due to exception: Unable to find enough nodes that meet the criteria that cannot engage in more than 5 pipelines. Nodes required: 3 Found: 0, healthy nodes count inNodeManager: 5.
2019-09-20 14:18:48,086 [IPC Server handler 0 on 40401] INFO  block.BlockManagerImpl (BlockManagerImpl.java:allocateBlock(198)) - Could not find available pipeline of type:RATIS and factor:THREE even after retrying
2019-09-20 14:18:48,086 [IPC Server handler 0 on 40401] ERROR block.BlockManagerImpl (BlockManagerImpl.java:allocateBlock(222)) - Unable to allocate a block for the size: 4194304, type: RATIS, factor: THREE
2019-09-20 14:18:48,086 | INFO  | SCMAudit | user=jenkins1000 | ip=192.168.36.99 | op=ALLOCATE_BLOCK {owner=2a2159b9-0b56-4148-bc55-48e5b21a3a6a, size=4194304, type=RATIS, factor=THREE} | ret=SUCCESS |  
2019-09-20 14:18:48,092 | ERROR | OMAudit | user=jenkins1000 | ip=127.0.0.1 | op=CREATE_FILE {volume=volume39974, bucket=bucket49589, key=test/file-1.txt, dataSize=0, replicationType=RATIS, replicationFactor=THREE, keyLocationInfo=null} | ret=FAILURE | org.apache.hadoop.hdds.scm.exceptions.SCMException: Allocated 0 blocks. Requested 1 blocks
	at org.apache.hadoop.hdds.scm.protocolPB.ScmBlockLocationProtocolClientSideTranslatorPB.handleError(ScmBlockLocationProtocolClientSideTranslatorPB.java:118)
	at org.apache.hadoop.hdds.scm.protocolPB.ScmBlockLocationProtocolClientSideTranslatorPB.allocateBlock(ScmBlockLocationProtocolClientSideTranslatorPB.java:156) 
2019-09-20 14:18:48,095 [Thread-278] INFO  contract.ITestOzoneContractGetFileStatus (ITestOzoneContractGetFileStatus.java:teardown(57)) - FS details OzoneFileSystem{URI=o3fs://bucket49589.volume39974, workingDir=o3fs://bucket49589.volume39974/user/jenkins1000, userName=jenkins1000, statistics=0 bytes read, 0 bytes written, 14 read ops, 0 large read ops, 5 write ops}
2019-09-20 14:18:48,097 | INFO  | OMAudit | user=jenkins1000 | ip=127.0.0.1 | op=GET_FILE_STATUS {volume=volume39974, bucket=bucket49589, key=test, dataSize=0, replicationType=null, replicationFactor=null, keyLocationInfo=null} | ret=SUCCESS |  
2019-09-20 14:18:48,099 | INFO  | OMAudit | user=jenkins1000 | ip=127.0.0.1 | op=GET_FILE_STATUS {volume=volume39974, bucket=bucket49589, key=test, dataSize=0, replicationType=null, replicationFactor=null, keyLocationInfo=null} | ret=SUCCESS |  
2019-09-20 14:18:48,101 | INFO  | OMAudit | user=jenkins1000 | ip=127.0.0.1 | op=GET_FILE_STATUS {volume=volume39974, bucket=bucket49589, key=test, dataSize=0, replicationType=null, replicationFactor=null, keyLocationInfo=null} | ret=SUCCESS |  
2019-09-20 14:18:48,103 | INFO  | OMAudit | user=jenkins1000 | ip=127.0.0.1 | op=LIST_KEYS {volume=volume39974, bucket=bucket49589, startKey=, maxKeys=1000, keyPrefix=test/} | ret=SUCCESS |  
2019-09-20 14:18:48,105 | INFO  | OMAudit | user=jenkins1000 | ip=127.0.0.1 | op=DELETE_KEY {volume=volume39974, bucket=bucket49589, key=test/, dataSize=0, replicationType=null, replicationFactor=null, keyLocationInfo=null} | ret=SUCCESS |  
2019-09-20 14:18:48,106 | INFO  | OMAudit | user=jenkins1000 | ip=127.0.0.1 | op=LIST_KEYS {volume=volume39974, bucket=bucket49589, startKey=test/, maxKeys=1000, keyPrefix=test/} | ret=SUCCESS |  
]]></system-out>
  </testcase>
  <testcase name="testListStatusFilteredFile" classname="org.apache.hadoop.fs.ozone.contract.ITestOzoneContractGetFileStatus" time="0.099">
    <error message="Allocated 0 blocks. Requested 1 blocks" type="INTERNAL_ERROR org.apache.hadoop.ozone.om.exceptions.OMException">INTERNAL_ERROR org.apache.hadoop.ozone.om.exceptions.OMException: Allocated 0 blocks. Requested 1 blocks
	at org.apache.hadoop.ozone.om.protocolPB.OzoneManagerProtocolClientSideTranslatorPB.handleError(OzoneManagerProtocolClientSideTranslatorPB.java:725)
	at org.apache.hadoop.ozone.om.protocolPB.OzoneManagerProtocolClientSideTranslatorPB.createFile(OzoneManagerProtocolClientSideTranslatorPB.java:1474)
	at org.apache.hadoop.ozone.client.rpc.RpcClient.createFile(RpcClient.java:984)
	at org.apache.hadoop.ozone.client.OzoneBucket.createFile(OzoneBucket.java:535)
	at org.apache.hadoop.fs.ozone.BasicOzoneClientAdapterImpl.createFile(BasicOzoneClientAdapterImpl.java:181)
	at org.apache.hadoop.fs.ozone.BasicOzoneFileSystem.createOutputStream(BasicOzoneFileSystem.java:249)
	at org.apache.hadoop.fs.ozone.BasicOzoneFileSystem.create(BasicOzoneFileSystem.java:230)
	at org.apache.hadoop.fs.FileSystem.create(FileSystem.java:1118)
	at org.apache.hadoop.fs.FileSystem.create(FileSystem.java:1098)
	at org.apache.hadoop.fs.FileSystem.create(FileSystem.java:987)
	at org.apache.hadoop.fs.contract.ContractTestUtils.createFile(ContractTestUtils.java:633)
	at org.apache.hadoop.fs.contract.ContractTestUtils.touch(ContractTestUtils.java:669)
	at org.apache.hadoop.fs.contract.AbstractContractGetFileStatusTest.touchf(AbstractContractGetFileStatusTest.java:382)
	at org.apache.hadoop.fs.contract.AbstractContractGetFileStatusTest.testListStatusFilteredFile(AbstractContractGetFileStatusTest.java:300)
	at sun.reflect.NativeMethodAccessorImpl.invoke0(Native Method)
	at sun.reflect.NativeMethodAccessorImpl.invoke(NativeMethodAccessorImpl.java:62)
	at sun.reflect.DelegatingMethodAccessorImpl.invoke(DelegatingMethodAccessorImpl.java:43)
	at java.lang.reflect.Method.invoke(Method.java:498)
	at org.junit.runners.model.FrameworkMethod$1.runReflectiveCall(FrameworkMethod.java:47)
	at org.junit.internal.runners.model.ReflectiveCallable.run(ReflectiveCallable.java:12)
	at org.junit.runners.model.FrameworkMethod.invokeExplosively(FrameworkMethod.java:44)
	at org.junit.internal.runners.statements.InvokeMethod.evaluate(InvokeMethod.java:17)
	at org.junit.internal.runners.statements.RunBefores.evaluate(RunBefores.java:26)
	at org.junit.internal.runners.statements.RunAfters.evaluate(RunAfters.java:27)
	at org.junit.rules.TestWatcher$1.evaluate(TestWatcher.java:55)
	at org.junit.internal.runners.statements.FailOnTimeout$StatementThread.run(FailOnTimeout.java:74)
</error>
    <system-out><![CDATA[2019-09-20 14:18:48,123 | INFO  | OMAudit | user=jenkins1000 | ip=127.0.0.1 | op=CREATE_VOLUME {admin=admin81834, owner=user46366, volume=volume50046, creationTime=1568989128123, quotaInBytes=1152921504606846976} | ret=SUCCESS |  
2019-09-20 14:18:48,126 | INFO  | OMAudit | user=jenkins1000 | ip=127.0.0.1 | op=CREATE_BUCKET {volume=volume50046, bucket=bucket60793, acls=[], isVersionEnabled=false, storageType=DISK, creationTime=0} | ret=SUCCESS |  
2019-09-20 14:18:48,189 | INFO  | OMAudit | user=jenkins1000 | ip=127.0.0.1 | op=READ_VOLUME {volume=volume50046} | ret=SUCCESS |  
2019-09-20 14:18:48,191 | INFO  | OMAudit | user=jenkins1000 | ip=127.0.0.1 | op=READ_BUCKET {volume=volume50046, bucket=bucket60793} | ret=SUCCESS |  
2019-09-20 14:18:48,193 [Thread-307] INFO  contract.AbstractFSContractTestBase (AbstractFSContractTestBase.java:setup(184)) - Test filesystem = o3fs://bucket60793.volume50046 implemented by OzoneFileSystem{URI=o3fs://bucket60793.volume50046, workingDir=o3fs://bucket60793.volume50046/user/jenkins1000, userName=jenkins1000, statistics=0 bytes read, 0 bytes written, 17 read ops, 0 large read ops, 6 write ops}
2019-09-20 14:18:48,196 | INFO  | OMAudit | user=jenkins1000 | ip=127.0.0.1 | op=CREATE_DIRECTORY {volume=volume50046, bucket=bucket60793, key=test, dataSize=0, replicationType=null, replicationFactor=null, keyLocationInfo=null} | ret=SUCCESS |  
2019-09-20 14:18:48,196 [Thread-307] INFO  contract.AbstractFSContractTestBase (AbstractFSContractTestBase.java:describe(255)) - test the listStatus(path, filter) on a file
2019-09-20 14:18:48,201 [IPC Server handler 13 on 40401] INFO  pipeline.PipelinePlacementPolicy (PipelinePlacementPolicy.java:meetCriteria(91)) - Pipeline Placement: Doesn't meet the criteria to be viable node： b0d01f7e-06f7-489d-8516-80ea31822548 Heaviness: 6 limit: 5
2019-09-20 14:18:48,201 [IPC Server handler 13 on 40401] INFO  pipeline.PipelinePlacementPolicy (PipelinePlacementPolicy.java:meetCriteria(91)) - Pipeline Placement: Doesn't meet the criteria to be viable node： 2a5c9949-8efa-4686-b715-798e5449da2f Heaviness: 6 limit: 5
2019-09-20 14:18:48,202 [IPC Server handler 13 on 40401] INFO  pipeline.PipelinePlacementPolicy (PipelinePlacementPolicy.java:meetCriteria(91)) - Pipeline Placement: Doesn't meet the criteria to be viable node： 224b9ac6-8a4e-4740-9f14-62c119c0e730 Heaviness: 6 limit: 5
2019-09-20 14:18:48,202 [IPC Server handler 13 on 40401] INFO  pipeline.PipelinePlacementPolicy (PipelinePlacementPolicy.java:meetCriteria(91)) - Pipeline Placement: Doesn't meet the criteria to be viable node： 138806e0-8aae-493b-bcc3-c67b43d3673f Heaviness: 6 limit: 5
2019-09-20 14:18:48,202 [IPC Server handler 13 on 40401] INFO  pipeline.PipelinePlacementPolicy (PipelinePlacementPolicy.java:meetCriteria(91)) - Pipeline Placement: Doesn't meet the criteria to be viable node： e82bfe73-8726-4c05-9967-e81cabaa4403 Heaviness: 6 limit: 5
2019-09-20 14:18:48,202 [IPC Server handler 13 on 40401] ERROR pipeline.PipelinePlacementPolicy (PipelinePlacementPolicy.java:filterViableNodes(148)) - Unable to find enough nodes that meet the criteria that cannot engage in more than 5 pipelines. Nodes required: 3 Found: 0, healthy nodes count inNodeManager: 5.
2019-09-20 14:18:48,202 [IPC Server handler 13 on 40401] ERROR pipeline.SCMPipelineManager (SCMPipelineManager.java:createPipeline(161)) - Pipeline creation failed due to exception: Unable to find enough nodes that meet the criteria that cannot engage in more than 5 pipelines. Nodes required: 3 Found: 0, healthy nodes count inNodeManager: 5.
2019-09-20 14:18:48,202 [IPC Server handler 13 on 40401] WARN  block.BlockManagerImpl (BlockManagerImpl.java:allocateBlock(192)) - Pipeline creation failed for type:RATIS factor:THREE. Retrying get pipelines call once.
org.apache.hadoop.hdds.scm.exceptions.SCMException: Unable to find enough nodes that meet the criteria that cannot engage in more than 5 pipelines. Nodes required: 3 Found: 0, healthy nodes count inNodeManager: 5.
	at org.apache.hadoop.hdds.scm.pipeline.PipelinePlacementPolicy.filterViableNodes(PipelinePlacementPolicy.java:149)
	at org.apache.hadoop.hdds.scm.pipeline.PipelinePlacementPolicy.chooseDatanodes(PipelinePlacementPolicy.java:172)
	at org.apache.hadoop.hdds.scm.pipeline.RatisPipelineProvider.create(RatisPipelineProvider.java:92)
	at org.apache.hadoop.hdds.scm.pipeline.PipelineFactory.create(PipelineFactory.java:57)
	at org.apache.hadoop.hdds.scm.pipeline.SCMPipelineManager.createPipeline(SCMPipelineManager.java:149)
	at org.apache.hadoop.hdds.scm.block.BlockManagerImpl.allocateBlock(BlockManagerImpl.java:190)
	at org.apache.hadoop.hdds.scm.server.SCMBlockProtocolServer.allocateBlock(SCMBlockProtocolServer.java:175)
	at org.apache.hadoop.ozone.protocolPB.ScmBlockLocationProtocolServerSideTranslatorPB.allocateScmBlock(ScmBlockLocationProtocolServerSideTranslatorPB.java:153)
	at org.apache.hadoop.ozone.protocolPB.ScmBlockLocationProtocolServerSideTranslatorPB.send(ScmBlockLocationProtocolServerSideTranslatorPB.java:112)
	at org.apache.hadoop.hdds.protocol.proto.ScmBlockLocationProtocolProtos$ScmBlockLocationProtocolService$2.callBlockingMethod(ScmBlockLocationProtocolProtos.java:13157)
	at org.apache.hadoop.ipc.ProtobufRpcEngine$Server$ProtoBufRpcInvoker.call(ProtobufRpcEngine.java:524)
	at org.apache.hadoop.ipc.RPC$Server.call(RPC.java:1025)
	at org.apache.hadoop.ipc.Server$RpcCall.run(Server.java:876)
	at org.apache.hadoop.ipc.Server$RpcCall.run(Server.java:822)
	at java.security.AccessController.doPrivileged(Native Method)
	at javax.security.auth.Subject.doAs(Subject.java:422)
	at org.apache.hadoop.security.UserGroupInformation.doAs(UserGroupInformation.java:1730)
	at org.apache.hadoop.ipc.Server$Handler.run(Server.java:2682)
2019-09-20 14:18:48,203 [IPC Server handler 13 on 40401] INFO  block.BlockManagerImpl (BlockManagerImpl.java:allocateBlock(198)) - Could not find available pipeline of type:RATIS and factor:THREE even after retrying
2019-09-20 14:18:48,203 [IPC Server handler 13 on 40401] ERROR block.BlockManagerImpl (BlockManagerImpl.java:allocateBlock(222)) - Unable to allocate a block for the size: 4194304, type: RATIS, factor: THREE
2019-09-20 14:18:48,203 | INFO  | SCMAudit | user=jenkins1000 | ip=192.168.36.99 | op=ALLOCATE_BLOCK {owner=2a2159b9-0b56-4148-bc55-48e5b21a3a6a, size=4194304, type=RATIS, factor=THREE} | ret=SUCCESS |  
2019-09-20 14:18:48,206 | INFO  | SCMAudit | user=jenkins1000 | ip=192.168.36.99 | op=SEND_HEARTBEAT {datanodeUUID=b0d01f7e-06f7-489d-8516-80ea31822548, command=[]} | ret=SUCCESS |  
2019-09-20 14:18:48,205 | ERROR | OMAudit | user=jenkins1000 | ip=127.0.0.1 | op=CREATE_FILE {volume=volume50046, bucket=bucket60793, key=test/liststatus, dataSize=0, replicationType=RATIS, replicationFactor=THREE, keyLocationInfo=null} | ret=FAILURE | org.apache.hadoop.hdds.scm.exceptions.SCMException: Allocated 0 blocks. Requested 1 blocks
	at org.apache.hadoop.hdds.scm.protocolPB.ScmBlockLocationProtocolClientSideTranslatorPB.handleError(ScmBlockLocationProtocolClientSideTranslatorPB.java:118)
	at org.apache.hadoop.hdds.scm.protocolPB.ScmBlockLocationProtocolClientSideTranslatorPB.allocateBlock(ScmBlockLocationProtocolClientSideTranslatorPB.java:156) 
2019-09-20 14:18:48,206 [Thread-307] INFO  contract.ITestOzoneContractGetFileStatus (ITestOzoneContractGetFileStatus.java:teardown(57)) - FS details OzoneFileSystem{URI=o3fs://bucket60793.volume50046, workingDir=o3fs://bucket60793.volume50046/user/jenkins1000, userName=jenkins1000, statistics=0 bytes read, 0 bytes written, 17 read ops, 0 large read ops, 7 write ops}
2019-09-20 14:18:48,208 | INFO  | OMAudit | user=jenkins1000 | ip=127.0.0.1 | op=GET_FILE_STATUS {volume=volume50046, bucket=bucket60793, key=test, dataSize=0, replicationType=null, replicationFactor=null, keyLocationInfo=null} | ret=SUCCESS |  
2019-09-20 14:18:48,209 | INFO  | OMAudit | user=jenkins1000 | ip=127.0.0.1 | op=GET_FILE_STATUS {volume=volume50046, bucket=bucket60793, key=test, dataSize=0, replicationType=null, replicationFactor=null, keyLocationInfo=null} | ret=SUCCESS |  
2019-09-20 14:18:48,211 | INFO  | OMAudit | user=jenkins1000 | ip=127.0.0.1 | op=GET_FILE_STATUS {volume=volume50046, bucket=bucket60793, key=test, dataSize=0, replicationType=null, replicationFactor=null, keyLocationInfo=null} | ret=SUCCESS |  
2019-09-20 14:18:48,213 | INFO  | OMAudit | user=jenkins1000 | ip=127.0.0.1 | op=LIST_KEYS {volume=volume50046, bucket=bucket60793, startKey=, maxKeys=1000, keyPrefix=test/} | ret=SUCCESS |  
2019-09-20 14:18:48,215 | INFO  | OMAudit | user=jenkins1000 | ip=127.0.0.1 | op=DELETE_KEY {volume=volume50046, bucket=bucket60793, key=test/, dataSize=0, replicationType=null, replicationFactor=null, keyLocationInfo=null} | ret=SUCCESS |  
2019-09-20 14:18:48,216 | INFO  | OMAudit | user=jenkins1000 | ip=127.0.0.1 | op=LIST_KEYS {volume=volume50046, bucket=bucket60793, startKey=test/, maxKeys=1000, keyPrefix=test/} | ret=SUCCESS |  
]]></system-out>
  </testcase>
  <testcase name="testListFilesEmptyDirectoryRecursive" classname="org.apache.hadoop.fs.ozone.contract.ITestOzoneContractGetFileStatus" time="0.09"/>
  <testcase name="testListLocatedStatusFile" classname="org.apache.hadoop.fs.ozone.contract.ITestOzoneContractGetFileStatus" time="0.07">
    <error message="Allocated 0 blocks. Requested 1 blocks" type="INTERNAL_ERROR org.apache.hadoop.ozone.om.exceptions.OMException">INTERNAL_ERROR org.apache.hadoop.ozone.om.exceptions.OMException: Allocated 0 blocks. Requested 1 blocks
	at org.apache.hadoop.ozone.om.protocolPB.OzoneManagerProtocolClientSideTranslatorPB.handleError(OzoneManagerProtocolClientSideTranslatorPB.java:725)
	at org.apache.hadoop.ozone.om.protocolPB.OzoneManagerProtocolClientSideTranslatorPB.createFile(OzoneManagerProtocolClientSideTranslatorPB.java:1474)
	at org.apache.hadoop.ozone.client.rpc.RpcClient.createFile(RpcClient.java:984)
	at org.apache.hadoop.ozone.client.OzoneBucket.createFile(OzoneBucket.java:535)
	at org.apache.hadoop.fs.ozone.BasicOzoneClientAdapterImpl.createFile(BasicOzoneClientAdapterImpl.java:181)
	at org.apache.hadoop.fs.ozone.BasicOzoneFileSystem.createOutputStream(BasicOzoneFileSystem.java:249)
	at org.apache.hadoop.fs.ozone.BasicOzoneFileSystem.create(BasicOzoneFileSystem.java:230)
	at org.apache.hadoop.fs.FileSystem.create(FileSystem.java:1118)
	at org.apache.hadoop.fs.FileSystem.create(FileSystem.java:1098)
	at org.apache.hadoop.fs.FileSystem.create(FileSystem.java:987)
	at org.apache.hadoop.fs.contract.ContractTestUtils.createFile(ContractTestUtils.java:633)
	at org.apache.hadoop.fs.contract.ContractTestUtils.touch(ContractTestUtils.java:669)
	at org.apache.hadoop.fs.contract.AbstractContractGetFileStatusTest.touchf(AbstractContractGetFileStatusTest.java:382)
	at org.apache.hadoop.fs.contract.AbstractContractGetFileStatusTest.testListLocatedStatusFile(AbstractContractGetFileStatusTest.java:342)
	at sun.reflect.NativeMethodAccessorImpl.invoke0(Native Method)
	at sun.reflect.NativeMethodAccessorImpl.invoke(NativeMethodAccessorImpl.java:62)
	at sun.reflect.DelegatingMethodAccessorImpl.invoke(DelegatingMethodAccessorImpl.java:43)
	at java.lang.reflect.Method.invoke(Method.java:498)
	at org.junit.runners.model.FrameworkMethod$1.runReflectiveCall(FrameworkMethod.java:47)
	at org.junit.internal.runners.model.ReflectiveCallable.run(ReflectiveCallable.java:12)
	at org.junit.runners.model.FrameworkMethod.invokeExplosively(FrameworkMethod.java:44)
	at org.junit.internal.runners.statements.InvokeMethod.evaluate(InvokeMethod.java:17)
	at org.junit.internal.runners.statements.RunBefores.evaluate(RunBefores.java:26)
	at org.junit.internal.runners.statements.RunAfters.evaluate(RunAfters.java:27)
	at org.junit.rules.TestWatcher$1.evaluate(TestWatcher.java:55)
	at org.junit.internal.runners.statements.FailOnTimeout$StatementThread.run(FailOnTimeout.java:74)
</error>
    <system-out><![CDATA[2019-09-20 14:18:48,311 | INFO  | OMAudit | user=jenkins1000 | ip=127.0.0.1 | op=CREATE_VOLUME {admin=admin19986, owner=user03221, volume=volume74343, creationTime=1568989128310, quotaInBytes=1152921504606846976} | ret=SUCCESS |  
2019-09-20 14:18:48,312 | INFO  | OMAudit | user=jenkins1000 | ip=127.0.0.1 | op=CREATE_BUCKET {volume=volume74343, bucket=bucket59532, acls=[], isVersionEnabled=false, storageType=DISK, creationTime=0} | ret=SUCCESS |  
2019-09-20 14:18:48,352 | INFO  | OMAudit | user=jenkins1000 | ip=127.0.0.1 | op=READ_VOLUME {volume=volume74343} | ret=SUCCESS |  
2019-09-20 14:18:48,353 | INFO  | OMAudit | user=jenkins1000 | ip=127.0.0.1 | op=READ_BUCKET {volume=volume74343, bucket=bucket59532} | ret=SUCCESS |  
2019-09-20 14:18:48,354 [Thread-309] INFO  contract.AbstractFSContractTestBase (AbstractFSContractTestBase.java:setup(184)) - Test filesystem = o3fs://bucket59532.volume74343 implemented by OzoneFileSystem{URI=o3fs://bucket59532.volume74343, workingDir=o3fs://bucket59532.volume74343/user/jenkins1000, userName=jenkins1000, statistics=0 bytes read, 0 bytes written, 28 read ops, 0 large read ops, 10 write ops}
2019-09-20 14:18:48,356 | INFO  | OMAudit | user=jenkins1000 | ip=127.0.0.1 | op=CREATE_DIRECTORY {volume=volume74343, bucket=bucket59532, key=test, dataSize=0, replicationType=null, replicationFactor=null, keyLocationInfo=null} | ret=SUCCESS |  
2019-09-20 14:18:48,356 [Thread-309] INFO  contract.AbstractFSContractTestBase (AbstractFSContractTestBase.java:describe(255)) - test the listLocatedStatus(path) on a file
2019-09-20 14:18:48,360 [IPC Server handler 1 on 40401] INFO  pipeline.PipelinePlacementPolicy (PipelinePlacementPolicy.java:meetCriteria(91)) - Pipeline Placement: Doesn't meet the criteria to be viable node： b0d01f7e-06f7-489d-8516-80ea31822548 Heaviness: 6 limit: 5
2019-09-20 14:18:48,360 [IPC Server handler 1 on 40401] INFO  pipeline.PipelinePlacementPolicy (PipelinePlacementPolicy.java:meetCriteria(91)) - Pipeline Placement: Doesn't meet the criteria to be viable node： 2a5c9949-8efa-4686-b715-798e5449da2f Heaviness: 6 limit: 5
2019-09-20 14:18:48,360 [IPC Server handler 1 on 40401] INFO  pipeline.PipelinePlacementPolicy (PipelinePlacementPolicy.java:meetCriteria(91)) - Pipeline Placement: Doesn't meet the criteria to be viable node： 224b9ac6-8a4e-4740-9f14-62c119c0e730 Heaviness: 6 limit: 5
2019-09-20 14:18:48,360 [IPC Server handler 1 on 40401] INFO  pipeline.PipelinePlacementPolicy (PipelinePlacementPolicy.java:meetCriteria(91)) - Pipeline Placement: Doesn't meet the criteria to be viable node： 138806e0-8aae-493b-bcc3-c67b43d3673f Heaviness: 6 limit: 5
2019-09-20 14:18:48,361 [IPC Server handler 1 on 40401] INFO  pipeline.PipelinePlacementPolicy (PipelinePlacementPolicy.java:meetCriteria(91)) - Pipeline Placement: Doesn't meet the criteria to be viable node： e82bfe73-8726-4c05-9967-e81cabaa4403 Heaviness: 6 limit: 5
2019-09-20 14:18:48,361 [IPC Server handler 1 on 40401] ERROR pipeline.PipelinePlacementPolicy (PipelinePlacementPolicy.java:filterViableNodes(148)) - Unable to find enough nodes that meet the criteria that cannot engage in more than 5 pipelines. Nodes required: 3 Found: 0, healthy nodes count inNodeManager: 5.
2019-09-20 14:18:48,361 [IPC Server handler 1 on 40401] ERROR pipeline.SCMPipelineManager (SCMPipelineManager.java:createPipeline(161)) - Pipeline creation failed due to exception: Unable to find enough nodes that meet the criteria that cannot engage in more than 5 pipelines. Nodes required: 3 Found: 0, healthy nodes count inNodeManager: 5.
2019-09-20 14:18:48,361 [IPC Server handler 1 on 40401] WARN  block.BlockManagerImpl (BlockManagerImpl.java:allocateBlock(192)) - Pipeline creation failed for type:RATIS factor:THREE. Retrying get pipelines call once.
org.apache.hadoop.hdds.scm.exceptions.SCMException: Unable to find enough nodes that meet the criteria that cannot engage in more than 5 pipelines. Nodes required: 3 Found: 0, healthy nodes count inNodeManager: 5.
	at org.apache.hadoop.hdds.scm.pipeline.PipelinePlacementPolicy.filterViableNodes(PipelinePlacementPolicy.java:149)
	at org.apache.hadoop.hdds.scm.pipeline.PipelinePlacementPolicy.chooseDatanodes(PipelinePlacementPolicy.java:172)
	at org.apache.hadoop.hdds.scm.pipeline.RatisPipelineProvider.create(RatisPipelineProvider.java:92)
	at org.apache.hadoop.hdds.scm.pipeline.PipelineFactory.create(PipelineFactory.java:57)
	at org.apache.hadoop.hdds.scm.pipeline.SCMPipelineManager.createPipeline(SCMPipelineManager.java:149)
	at org.apache.hadoop.hdds.scm.block.BlockManagerImpl.allocateBlock(BlockManagerImpl.java:190)
	at org.apache.hadoop.hdds.scm.server.SCMBlockProtocolServer.allocateBlock(SCMBlockProtocolServer.java:175)
	at org.apache.hadoop.ozone.protocolPB.ScmBlockLocationProtocolServerSideTranslatorPB.allocateScmBlock(ScmBlockLocationProtocolServerSideTranslatorPB.java:153)
	at org.apache.hadoop.ozone.protocolPB.ScmBlockLocationProtocolServerSideTranslatorPB.send(ScmBlockLocationProtocolServerSideTranslatorPB.java:112)
	at org.apache.hadoop.hdds.protocol.proto.ScmBlockLocationProtocolProtos$ScmBlockLocationProtocolService$2.callBlockingMethod(ScmBlockLocationProtocolProtos.java:13157)
	at org.apache.hadoop.ipc.ProtobufRpcEngine$Server$ProtoBufRpcInvoker.call(ProtobufRpcEngine.java:524)
	at org.apache.hadoop.ipc.RPC$Server.call(RPC.java:1025)
	at org.apache.hadoop.ipc.Server$RpcCall.run(Server.java:876)
	at org.apache.hadoop.ipc.Server$RpcCall.run(Server.java:822)
	at java.security.AccessController.doPrivileged(Native Method)
	at javax.security.auth.Subject.doAs(Subject.java:422)
	at org.apache.hadoop.security.UserGroupInformation.doAs(UserGroupInformation.java:1730)
	at org.apache.hadoop.ipc.Server$Handler.run(Server.java:2682)
2019-09-20 14:18:48,362 [IPC Server handler 1 on 40401] INFO  block.BlockManagerImpl (BlockManagerImpl.java:allocateBlock(198)) - Could not find available pipeline of type:RATIS and factor:THREE even after retrying
2019-09-20 14:18:48,362 [IPC Server handler 1 on 40401] ERROR block.BlockManagerImpl (BlockManagerImpl.java:allocateBlock(222)) - Unable to allocate a block for the size: 4194304, type: RATIS, factor: THREE
2019-09-20 14:18:48,362 | INFO  | SCMAudit | user=jenkins1000 | ip=192.168.36.99 | op=ALLOCATE_BLOCK {owner=2a2159b9-0b56-4148-bc55-48e5b21a3a6a, size=4194304, type=RATIS, factor=THREE} | ret=SUCCESS |  
2019-09-20 14:18:48,363 | ERROR | OMAudit | user=jenkins1000 | ip=127.0.0.1 | op=CREATE_FILE {volume=volume74343, bucket=bucket59532, key=test/listLocatedStatus, dataSize=0, replicationType=RATIS, replicationFactor=THREE, keyLocationInfo=null} | ret=FAILURE | org.apache.hadoop.hdds.scm.exceptions.SCMException: Allocated 0 blocks. Requested 1 blocks
	at org.apache.hadoop.hdds.scm.protocolPB.ScmBlockLocationProtocolClientSideTranslatorPB.handleError(ScmBlockLocationProtocolClientSideTranslatorPB.java:118)
	at org.apache.hadoop.hdds.scm.protocolPB.ScmBlockLocationProtocolClientSideTranslatorPB.allocateBlock(ScmBlockLocationProtocolClientSideTranslatorPB.java:156) 
2019-09-20 14:18:48,367 [Thread-309] INFO  contract.ITestOzoneContractGetFileStatus (ITestOzoneContractGetFileStatus.java:teardown(57)) - FS details OzoneFileSystem{URI=o3fs://bucket59532.volume74343, workingDir=o3fs://bucket59532.volume74343/user/jenkins1000, userName=jenkins1000, statistics=0 bytes read, 0 bytes written, 28 read ops, 0 large read ops, 11 write ops}
2019-09-20 14:18:48,368 | INFO  | OMAudit | user=jenkins1000 | ip=127.0.0.1 | op=GET_FILE_STATUS {volume=volume74343, bucket=bucket59532, key=test, dataSize=0, replicationType=null, replicationFactor=null, keyLocationInfo=null} | ret=SUCCESS |  
2019-09-20 14:18:48,370 | INFO  | OMAudit | user=jenkins1000 | ip=127.0.0.1 | op=GET_FILE_STATUS {volume=volume74343, bucket=bucket59532, key=test, dataSize=0, replicationType=null, replicationFactor=null, keyLocationInfo=null} | ret=SUCCESS |  
2019-09-20 14:18:48,371 | INFO  | OMAudit | user=jenkins1000 | ip=127.0.0.1 | op=GET_FILE_STATUS {volume=volume74343, bucket=bucket59532, key=test, dataSize=0, replicationType=null, replicationFactor=null, keyLocationInfo=null} | ret=SUCCESS |  
2019-09-20 14:18:48,373 | INFO  | OMAudit | user=jenkins1000 | ip=127.0.0.1 | op=LIST_KEYS {volume=volume74343, bucket=bucket59532, startKey=, maxKeys=1000, keyPrefix=test/} | ret=SUCCESS |  
2019-09-20 14:18:48,374 | INFO  | OMAudit | user=jenkins1000 | ip=127.0.0.1 | op=DELETE_KEY {volume=volume74343, bucket=bucket59532, key=test/, dataSize=0, replicationType=null, replicationFactor=null, keyLocationInfo=null} | ret=SUCCESS |  
2019-09-20 14:18:48,376 | INFO  | OMAudit | user=jenkins1000 | ip=127.0.0.1 | op=LIST_KEYS {volume=volume74343, bucket=bucket59532, startKey=test/, maxKeys=1000, keyPrefix=test/} | ret=SUCCESS |  
]]></system-out>
  </testcase>
  <testcase name="testGetFileStatusRoot" classname="org.apache.hadoop.fs.ozone.contract.ITestOzoneContractGetFileStatus" time="0.059"/>
  <testcase name="testListStatusFiltering" classname="org.apache.hadoop.fs.ozone.contract.ITestOzoneContractGetFileStatus" time="0.067">
    <error message="Allocated 0 blocks. Requested 1 blocks" type="INTERNAL_ERROR org.apache.hadoop.ozone.om.exceptions.OMException">INTERNAL_ERROR org.apache.hadoop.ozone.om.exceptions.OMException: Allocated 0 blocks. Requested 1 blocks
	at org.apache.hadoop.ozone.om.protocolPB.OzoneManagerProtocolClientSideTranslatorPB.handleError(OzoneManagerProtocolClientSideTranslatorPB.java:725)
	at org.apache.hadoop.ozone.om.protocolPB.OzoneManagerProtocolClientSideTranslatorPB.createFile(OzoneManagerProtocolClientSideTranslatorPB.java:1474)
	at org.apache.hadoop.ozone.client.rpc.RpcClient.createFile(RpcClient.java:984)
	at org.apache.hadoop.ozone.client.OzoneBucket.createFile(OzoneBucket.java:535)
	at org.apache.hadoop.fs.ozone.BasicOzoneClientAdapterImpl.createFile(BasicOzoneClientAdapterImpl.java:181)
	at org.apache.hadoop.fs.ozone.BasicOzoneFileSystem.createOutputStream(BasicOzoneFileSystem.java:249)
	at org.apache.hadoop.fs.ozone.BasicOzoneFileSystem.create(BasicOzoneFileSystem.java:230)
	at org.apache.hadoop.fs.FileSystem.create(FileSystem.java:1118)
	at org.apache.hadoop.fs.FileSystem.create(FileSystem.java:1098)
	at org.apache.hadoop.fs.FileSystem.create(FileSystem.java:987)
	at org.apache.hadoop.fs.contract.ContractTestUtils.createFile(ContractTestUtils.java:633)
	at org.apache.hadoop.fs.contract.ContractTestUtils.touch(ContractTestUtils.java:669)
	at org.apache.hadoop.fs.contract.AbstractContractGetFileStatusTest.touchf(AbstractContractGetFileStatusTest.java:382)
	at org.apache.hadoop.fs.contract.AbstractContractGetFileStatusTest.testListStatusFiltering(AbstractContractGetFileStatusTest.java:445)
	at sun.reflect.NativeMethodAccessorImpl.invoke0(Native Method)
	at sun.reflect.NativeMethodAccessorImpl.invoke(NativeMethodAccessorImpl.java:62)
	at sun.reflect.DelegatingMethodAccessorImpl.invoke(DelegatingMethodAccessorImpl.java:43)
	at java.lang.reflect.Method.invoke(Method.java:498)
	at org.junit.runners.model.FrameworkMethod$1.runReflectiveCall(FrameworkMethod.java:47)
	at org.junit.internal.runners.model.ReflectiveCallable.run(ReflectiveCallable.java:12)
	at org.junit.runners.model.FrameworkMethod.invokeExplosively(FrameworkMethod.java:44)
	at org.junit.internal.runners.statements.InvokeMethod.evaluate(InvokeMethod.java:17)
	at org.junit.internal.runners.statements.RunBefores.evaluate(RunBefores.java:26)
	at org.junit.internal.runners.statements.RunAfters.evaluate(RunAfters.java:27)
	at org.junit.rules.TestWatcher$1.evaluate(TestWatcher.java:55)
	at org.junit.internal.runners.statements.FailOnTimeout$StatementThread.run(FailOnTimeout.java:74)
</error>
    <system-out><![CDATA[2019-09-20 14:18:48,440 | INFO  | OMAudit | user=jenkins1000 | ip=127.0.0.1 | op=CREATE_VOLUME {admin=admin62694, owner=user06347, volume=volume57661, creationTime=1568989128440, quotaInBytes=1152921504606846976} | ret=SUCCESS |  
2019-09-20 14:18:48,442 | INFO  | OMAudit | user=jenkins1000 | ip=127.0.0.1 | op=CREATE_BUCKET {volume=volume57661, bucket=bucket23820, acls=[], isVersionEnabled=false, storageType=DISK, creationTime=0} | ret=SUCCESS |  
2019-09-20 14:18:48,475 | INFO  | SCMAudit | user=jenkins1000 | ip=192.168.36.99 | op=SEND_HEARTBEAT {datanodeUUID=2a5c9949-8efa-4686-b715-798e5449da2f, command=[]} | ret=SUCCESS |  
2019-09-20 14:18:48,479 | INFO  | OMAudit | user=jenkins1000 | ip=127.0.0.1 | op=READ_VOLUME {volume=volume57661} | ret=SUCCESS |  
2019-09-20 14:18:48,480 | INFO  | OMAudit | user=jenkins1000 | ip=127.0.0.1 | op=READ_BUCKET {volume=volume57661, bucket=bucket23820} | ret=SUCCESS |  
2019-09-20 14:18:48,481 [Thread-311] INFO  contract.AbstractFSContractTestBase (AbstractFSContractTestBase.java:setup(184)) - Test filesystem = o3fs://bucket23820.volume57661 implemented by OzoneFileSystem{URI=o3fs://bucket23820.volume57661, workingDir=o3fs://bucket23820.volume57661/user/jenkins1000, userName=jenkins1000, statistics=0 bytes read, 0 bytes written, 35 read ops, 0 large read ops, 13 write ops}
2019-09-20 14:18:48,483 | INFO  | OMAudit | user=jenkins1000 | ip=127.0.0.1 | op=CREATE_DIRECTORY {volume=volume57661, bucket=bucket23820, key=test, dataSize=0, replicationType=null, replicationFactor=null, keyLocationInfo=null} | ret=SUCCESS |  
2019-09-20 14:18:48,484 [Thread-311] INFO  contract.AbstractFSContractTestBase (AbstractFSContractTestBase.java:describe(255)) - Call listStatus() against paths and directories with filtering
2019-09-20 14:18:48,487 [IPC Server handler 2 on 40401] INFO  pipeline.PipelinePlacementPolicy (PipelinePlacementPolicy.java:meetCriteria(91)) - Pipeline Placement: Doesn't meet the criteria to be viable node： b0d01f7e-06f7-489d-8516-80ea31822548 Heaviness: 6 limit: 5
2019-09-20 14:18:48,487 [IPC Server handler 2 on 40401] INFO  pipeline.PipelinePlacementPolicy (PipelinePlacementPolicy.java:meetCriteria(91)) - Pipeline Placement: Doesn't meet the criteria to be viable node： 2a5c9949-8efa-4686-b715-798e5449da2f Heaviness: 6 limit: 5
2019-09-20 14:18:48,487 [IPC Server handler 2 on 40401] INFO  pipeline.PipelinePlacementPolicy (PipelinePlacementPolicy.java:meetCriteria(91)) - Pipeline Placement: Doesn't meet the criteria to be viable node： 224b9ac6-8a4e-4740-9f14-62c119c0e730 Heaviness: 6 limit: 5
2019-09-20 14:18:48,487 [IPC Server handler 2 on 40401] INFO  pipeline.PipelinePlacementPolicy (PipelinePlacementPolicy.java:meetCriteria(91)) - Pipeline Placement: Doesn't meet the criteria to be viable node： 138806e0-8aae-493b-bcc3-c67b43d3673f Heaviness: 6 limit: 5
2019-09-20 14:18:48,487 [IPC Server handler 2 on 40401] INFO  pipeline.PipelinePlacementPolicy (PipelinePlacementPolicy.java:meetCriteria(91)) - Pipeline Placement: Doesn't meet the criteria to be viable node： e82bfe73-8726-4c05-9967-e81cabaa4403 Heaviness: 6 limit: 5
2019-09-20 14:18:48,488 [IPC Server handler 2 on 40401] ERROR pipeline.PipelinePlacementPolicy (PipelinePlacementPolicy.java:filterViableNodes(148)) - Unable to find enough nodes that meet the criteria that cannot engage in more than 5 pipelines. Nodes required: 3 Found: 0, healthy nodes count inNodeManager: 5.
2019-09-20 14:18:48,488 [IPC Server handler 2 on 40401] ERROR pipeline.SCMPipelineManager (SCMPipelineManager.java:createPipeline(161)) - Pipeline creation failed due to exception: Unable to find enough nodes that meet the criteria that cannot engage in more than 5 pipelines. Nodes required: 3 Found: 0, healthy nodes count inNodeManager: 5.
2019-09-20 14:18:48,488 [IPC Server handler 2 on 40401] WARN  block.BlockManagerImpl (BlockManagerImpl.java:allocateBlock(192)) - Pipeline creation failed for type:RATIS factor:THREE. Retrying get pipelines call once.
org.apache.hadoop.hdds.scm.exceptions.SCMException: Unable to find enough nodes that meet the criteria that cannot engage in more than 5 pipelines. Nodes required: 3 Found: 0, healthy nodes count inNodeManager: 5.
	at org.apache.hadoop.hdds.scm.pipeline.PipelinePlacementPolicy.filterViableNodes(PipelinePlacementPolicy.java:149)
	at org.apache.hadoop.hdds.scm.pipeline.PipelinePlacementPolicy.chooseDatanodes(PipelinePlacementPolicy.java:172)
	at org.apache.hadoop.hdds.scm.pipeline.RatisPipelineProvider.create(RatisPipelineProvider.java:92)
	at org.apache.hadoop.hdds.scm.pipeline.PipelineFactory.create(PipelineFactory.java:57)
	at org.apache.hadoop.hdds.scm.pipeline.SCMPipelineManager.createPipeline(SCMPipelineManager.java:149)
	at org.apache.hadoop.hdds.scm.block.BlockManagerImpl.allocateBlock(BlockManagerImpl.java:190)
	at org.apache.hadoop.hdds.scm.server.SCMBlockProtocolServer.allocateBlock(SCMBlockProtocolServer.java:175)
	at org.apache.hadoop.ozone.protocolPB.ScmBlockLocationProtocolServerSideTranslatorPB.allocateScmBlock(ScmBlockLocationProtocolServerSideTranslatorPB.java:153)
	at org.apache.hadoop.ozone.protocolPB.ScmBlockLocationProtocolServerSideTranslatorPB.send(ScmBlockLocationProtocolServerSideTranslatorPB.java:112)
	at org.apache.hadoop.hdds.protocol.proto.ScmBlockLocationProtocolProtos$ScmBlockLocationProtocolService$2.callBlockingMethod(ScmBlockLocationProtocolProtos.java:13157)
	at org.apache.hadoop.ipc.ProtobufRpcEngine$Server$ProtoBufRpcInvoker.call(ProtobufRpcEngine.java:524)
	at org.apache.hadoop.ipc.RPC$Server.call(RPC.java:1025)
	at org.apache.hadoop.ipc.Server$RpcCall.run(Server.java:876)
	at org.apache.hadoop.ipc.Server$RpcCall.run(Server.java:822)
	at java.security.AccessController.doPrivileged(Native Method)
	at javax.security.auth.Subject.doAs(Subject.java:422)
	at org.apache.hadoop.security.UserGroupInformation.doAs(UserGroupInformation.java:1730)
	at org.apache.hadoop.ipc.Server$Handler.run(Server.java:2682)
2019-09-20 14:18:48,489 [IPC Server handler 2 on 40401] INFO  block.BlockManagerImpl (BlockManagerImpl.java:allocateBlock(198)) - Could not find available pipeline of type:RATIS and factor:THREE even after retrying
2019-09-20 14:18:48,489 [IPC Server handler 2 on 40401] ERROR block.BlockManagerImpl (BlockManagerImpl.java:allocateBlock(222)) - Unable to allocate a block for the size: 4194304, type: RATIS, factor: THREE
2019-09-20 14:18:48,489 | INFO  | SCMAudit | user=jenkins1000 | ip=192.168.36.99 | op=ALLOCATE_BLOCK {owner=2a2159b9-0b56-4148-bc55-48e5b21a3a6a, size=4194304, type=RATIS, factor=THREE} | ret=SUCCESS |  
2019-09-20 14:18:48,490 | ERROR | OMAudit | user=jenkins1000 | ip=127.0.0.1 | op=CREATE_FILE {volume=volume57661, bucket=bucket23820, key=test/file-1.txt, dataSize=0, replicationType=RATIS, replicationFactor=THREE, keyLocationInfo=null} | ret=FAILURE | org.apache.hadoop.hdds.scm.exceptions.SCMException: Allocated 0 blocks. Requested 1 blocks
	at org.apache.hadoop.hdds.scm.protocolPB.ScmBlockLocationProtocolClientSideTranslatorPB.handleError(ScmBlockLocationProtocolClientSideTranslatorPB.java:118)
	at org.apache.hadoop.hdds.scm.protocolPB.ScmBlockLocationProtocolClientSideTranslatorPB.allocateBlock(ScmBlockLocationProtocolClientSideTranslatorPB.java:156) 
2019-09-20 14:18:48,493 [Thread-311] INFO  contract.ITestOzoneContractGetFileStatus (ITestOzoneContractGetFileStatus.java:teardown(57)) - FS details OzoneFileSystem{URI=o3fs://bucket23820.volume57661, workingDir=o3fs://bucket23820.volume57661/user/jenkins1000, userName=jenkins1000, statistics=0 bytes read, 0 bytes written, 35 read ops, 0 large read ops, 14 write ops}
2019-09-20 14:18:48,494 | INFO  | OMAudit | user=jenkins1000 | ip=127.0.0.1 | op=GET_FILE_STATUS {volume=volume57661, bucket=bucket23820, key=test, dataSize=0, replicationType=null, replicationFactor=null, keyLocationInfo=null} | ret=SUCCESS |  
2019-09-20 14:18:48,496 | INFO  | OMAudit | user=jenkins1000 | ip=127.0.0.1 | op=GET_FILE_STATUS {volume=volume57661, bucket=bucket23820, key=test, dataSize=0, replicationType=null, replicationFactor=null, keyLocationInfo=null} | ret=SUCCESS |  
2019-09-20 14:18:48,497 | INFO  | OMAudit | user=jenkins1000 | ip=127.0.0.1 | op=GET_FILE_STATUS {volume=volume57661, bucket=bucket23820, key=test, dataSize=0, replicationType=null, replicationFactor=null, keyLocationInfo=null} | ret=SUCCESS |  
2019-09-20 14:18:48,499 | INFO  | OMAudit | user=jenkins1000 | ip=127.0.0.1 | op=LIST_KEYS {volume=volume57661, bucket=bucket23820, startKey=, maxKeys=1000, keyPrefix=test/} | ret=SUCCESS |  
2019-09-20 14:18:48,501 | INFO  | OMAudit | user=jenkins1000 | ip=127.0.0.1 | op=DELETE_KEY {volume=volume57661, bucket=bucket23820, key=test/, dataSize=0, replicationType=null, replicationFactor=null, keyLocationInfo=null} | ret=SUCCESS |  
2019-09-20 14:18:48,502 | INFO  | OMAudit | user=jenkins1000 | ip=127.0.0.1 | op=LIST_KEYS {volume=volume57661, bucket=bucket23820, startKey=test/, maxKeys=1000, keyPrefix=test/} | ret=SUCCESS |  
]]></system-out>
  </testcase>
  <testcase name="testListFilesNoDir" classname="org.apache.hadoop.fs.ozone.contract.ITestOzoneContractGetFileStatus" time="0.058"/>
  <testcase name="testListLocatedStatusEmptyDirectory" classname="org.apache.hadoop.fs.ozone.contract.ITestOzoneContractGetFileStatus" time="0.066"/>
  <testcase name="testListFilesFile" classname="org.apache.hadoop.fs.ozone.contract.ITestOzoneContractGetFileStatus" time="0.063">
    <error message="Allocated 0 blocks. Requested 1 blocks" type="INTERNAL_ERROR org.apache.hadoop.ozone.om.exceptions.OMException">INTERNAL_ERROR org.apache.hadoop.ozone.om.exceptions.OMException: Allocated 0 blocks. Requested 1 blocks
	at org.apache.hadoop.ozone.om.protocolPB.OzoneManagerProtocolClientSideTranslatorPB.handleError(OzoneManagerProtocolClientSideTranslatorPB.java:725)
	at org.apache.hadoop.ozone.om.protocolPB.OzoneManagerProtocolClientSideTranslatorPB.createFile(OzoneManagerProtocolClientSideTranslatorPB.java:1474)
	at org.apache.hadoop.ozone.client.rpc.RpcClient.createFile(RpcClient.java:984)
	at org.apache.hadoop.ozone.client.OzoneBucket.createFile(OzoneBucket.java:535)
	at org.apache.hadoop.fs.ozone.BasicOzoneClientAdapterImpl.createFile(BasicOzoneClientAdapterImpl.java:181)
	at org.apache.hadoop.fs.ozone.BasicOzoneFileSystem.createOutputStream(BasicOzoneFileSystem.java:249)
	at org.apache.hadoop.fs.ozone.BasicOzoneFileSystem.create(BasicOzoneFileSystem.java:230)
	at org.apache.hadoop.fs.FileSystem.create(FileSystem.java:1118)
	at org.apache.hadoop.fs.FileSystem.create(FileSystem.java:1098)
	at org.apache.hadoop.fs.FileSystem.create(FileSystem.java:987)
	at org.apache.hadoop.fs.contract.ContractTestUtils.createFile(ContractTestUtils.java:633)
	at org.apache.hadoop.fs.contract.ContractTestUtils.touch(ContractTestUtils.java:669)
	at org.apache.hadoop.fs.contract.AbstractContractGetFileStatusTest.touchf(AbstractContractGetFileStatusTest.java:382)
	at org.apache.hadoop.fs.contract.AbstractContractGetFileStatusTest.testListFilesFile(AbstractContractGetFileStatusTest.java:314)
	at sun.reflect.NativeMethodAccessorImpl.invoke0(Native Method)
	at sun.reflect.NativeMethodAccessorImpl.invoke(NativeMethodAccessorImpl.java:62)
	at sun.reflect.DelegatingMethodAccessorImpl.invoke(DelegatingMethodAccessorImpl.java:43)
	at java.lang.reflect.Method.invoke(Method.java:498)
	at org.junit.runners.model.FrameworkMethod$1.runReflectiveCall(FrameworkMethod.java:47)
	at org.junit.internal.runners.model.ReflectiveCallable.run(ReflectiveCallable.java:12)
	at org.junit.runners.model.FrameworkMethod.invokeExplosively(FrameworkMethod.java:44)
	at org.junit.internal.runners.statements.InvokeMethod.evaluate(InvokeMethod.java:17)
	at org.junit.internal.runners.statements.RunBefores.evaluate(RunBefores.java:26)
	at org.junit.internal.runners.statements.RunAfters.evaluate(RunAfters.java:27)
	at org.junit.rules.TestWatcher$1.evaluate(TestWatcher.java:55)
	at org.junit.internal.runners.statements.FailOnTimeout$StatementThread.run(FailOnTimeout.java:74)
</error>
    <system-out><![CDATA[2019-09-20 14:18:48,633 | INFO  | OMAudit | user=jenkins1000 | ip=127.0.0.1 | op=CREATE_VOLUME {admin=admin03246, owner=user94125, volume=volume29019, creationTime=1568989128633, quotaInBytes=1152921504606846976} | ret=SUCCESS |  
2019-09-20 14:18:48,634 | INFO  | OMAudit | user=jenkins1000 | ip=127.0.0.1 | op=CREATE_BUCKET {volume=volume29019, bucket=bucket20517, acls=[], isVersionEnabled=false, storageType=DISK, creationTime=0} | ret=SUCCESS |  
2019-09-20 14:18:48,672 | INFO  | OMAudit | user=jenkins1000 | ip=127.0.0.1 | op=READ_VOLUME {volume=volume29019} | ret=SUCCESS |  
2019-09-20 14:18:48,673 | INFO  | OMAudit | user=jenkins1000 | ip=127.0.0.1 | op=READ_BUCKET {volume=volume29019, bucket=bucket20517} | ret=SUCCESS |  
2019-09-20 14:18:48,674 [Thread-314] INFO  contract.AbstractFSContractTestBase (AbstractFSContractTestBase.java:setup(184)) - Test filesystem = o3fs://bucket20517.volume29019 implemented by OzoneFileSystem{URI=o3fs://bucket20517.volume29019, workingDir=o3fs://bucket20517.volume29019/user/jenkins1000, userName=jenkins1000, statistics=0 bytes read, 0 bytes written, 50 read ops, 0 large read ops, 18 write ops}
2019-09-20 14:18:48,675 | INFO  | OMAudit | user=jenkins1000 | ip=127.0.0.1 | op=CREATE_DIRECTORY {volume=volume29019, bucket=bucket20517, key=test, dataSize=0, replicationType=null, replicationFactor=null, keyLocationInfo=null} | ret=SUCCESS |  
2019-09-20 14:18:48,676 [Thread-314] INFO  contract.AbstractFSContractTestBase (AbstractFSContractTestBase.java:describe(255)) - test the listStatus(path) on a file
2019-09-20 14:18:48,679 [IPC Server handler 5 on 40401] INFO  pipeline.PipelinePlacementPolicy (PipelinePlacementPolicy.java:meetCriteria(91)) - Pipeline Placement: Doesn't meet the criteria to be viable node： b0d01f7e-06f7-489d-8516-80ea31822548 Heaviness: 6 limit: 5
2019-09-20 14:18:48,679 [IPC Server handler 5 on 40401] INFO  pipeline.PipelinePlacementPolicy (PipelinePlacementPolicy.java:meetCriteria(91)) - Pipeline Placement: Doesn't meet the criteria to be viable node： 2a5c9949-8efa-4686-b715-798e5449da2f Heaviness: 6 limit: 5
2019-09-20 14:18:48,679 [IPC Server handler 5 on 40401] INFO  pipeline.PipelinePlacementPolicy (PipelinePlacementPolicy.java:meetCriteria(91)) - Pipeline Placement: Doesn't meet the criteria to be viable node： 224b9ac6-8a4e-4740-9f14-62c119c0e730 Heaviness: 6 limit: 5
2019-09-20 14:18:48,680 [IPC Server handler 5 on 40401] INFO  pipeline.PipelinePlacementPolicy (PipelinePlacementPolicy.java:meetCriteria(91)) - Pipeline Placement: Doesn't meet the criteria to be viable node： 138806e0-8aae-493b-bcc3-c67b43d3673f Heaviness: 6 limit: 5
2019-09-20 14:18:48,680 [IPC Server handler 5 on 40401] INFO  pipeline.PipelinePlacementPolicy (PipelinePlacementPolicy.java:meetCriteria(91)) - Pipeline Placement: Doesn't meet the criteria to be viable node： e82bfe73-8726-4c05-9967-e81cabaa4403 Heaviness: 6 limit: 5
2019-09-20 14:18:48,680 [IPC Server handler 5 on 40401] ERROR pipeline.PipelinePlacementPolicy (PipelinePlacementPolicy.java:filterViableNodes(148)) - Unable to find enough nodes that meet the criteria that cannot engage in more than 5 pipelines. Nodes required: 3 Found: 0, healthy nodes count inNodeManager: 5.
2019-09-20 14:18:48,680 [IPC Server handler 5 on 40401] ERROR pipeline.SCMPipelineManager (SCMPipelineManager.java:createPipeline(161)) - Pipeline creation failed due to exception: Unable to find enough nodes that meet the criteria that cannot engage in more than 5 pipelines. Nodes required: 3 Found: 0, healthy nodes count inNodeManager: 5.
2019-09-20 14:18:48,680 [IPC Server handler 5 on 40401] WARN  block.BlockManagerImpl (BlockManagerImpl.java:allocateBlock(192)) - Pipeline creation failed for type:RATIS factor:THREE. Retrying get pipelines call once.
org.apache.hadoop.hdds.scm.exceptions.SCMException: Unable to find enough nodes that meet the criteria that cannot engage in more than 5 pipelines. Nodes required: 3 Found: 0, healthy nodes count inNodeManager: 5.
	at org.apache.hadoop.hdds.scm.pipeline.PipelinePlacementPolicy.filterViableNodes(PipelinePlacementPolicy.java:149)
	at org.apache.hadoop.hdds.scm.pipeline.PipelinePlacementPolicy.chooseDatanodes(PipelinePlacementPolicy.java:172)
	at org.apache.hadoop.hdds.scm.pipeline.RatisPipelineProvider.create(RatisPipelineProvider.java:92)
	at org.apache.hadoop.hdds.scm.pipeline.PipelineFactory.create(PipelineFactory.java:57)
	at org.apache.hadoop.hdds.scm.pipeline.SCMPipelineManager.createPipeline(SCMPipelineManager.java:149)
	at org.apache.hadoop.hdds.scm.block.BlockManagerImpl.allocateBlock(BlockManagerImpl.java:190)
	at org.apache.hadoop.hdds.scm.server.SCMBlockProtocolServer.allocateBlock(SCMBlockProtocolServer.java:175)
	at org.apache.hadoop.ozone.protocolPB.ScmBlockLocationProtocolServerSideTranslatorPB.allocateScmBlock(ScmBlockLocationProtocolServerSideTranslatorPB.java:153)
	at org.apache.hadoop.ozone.protocolPB.ScmBlockLocationProtocolServerSideTranslatorPB.send(ScmBlockLocationProtocolServerSideTranslatorPB.java:112)
	at org.apache.hadoop.hdds.protocol.proto.ScmBlockLocationProtocolProtos$ScmBlockLocationProtocolService$2.callBlockingMethod(ScmBlockLocationProtocolProtos.java:13157)
	at org.apache.hadoop.ipc.ProtobufRpcEngine$Server$ProtoBufRpcInvoker.call(ProtobufRpcEngine.java:524)
	at org.apache.hadoop.ipc.RPC$Server.call(RPC.java:1025)
	at org.apache.hadoop.ipc.Server$RpcCall.run(Server.java:876)
	at org.apache.hadoop.ipc.Server$RpcCall.run(Server.java:822)
	at java.security.AccessController.doPrivileged(Native Method)
	at javax.security.auth.Subject.doAs(Subject.java:422)
	at org.apache.hadoop.security.UserGroupInformation.doAs(UserGroupInformation.java:1730)
	at org.apache.hadoop.ipc.Server$Handler.run(Server.java:2682)
2019-09-20 14:18:48,681 [IPC Server handler 5 on 40401] INFO  block.BlockManagerImpl (BlockManagerImpl.java:allocateBlock(198)) - Could not find available pipeline of type:RATIS and factor:THREE even after retrying
2019-09-20 14:18:48,681 [IPC Server handler 5 on 40401] ERROR block.BlockManagerImpl (BlockManagerImpl.java:allocateBlock(222)) - Unable to allocate a block for the size: 4194304, type: RATIS, factor: THREE
2019-09-20 14:18:48,681 | INFO  | SCMAudit | user=jenkins1000 | ip=192.168.36.99 | op=ALLOCATE_BLOCK {owner=2a2159b9-0b56-4148-bc55-48e5b21a3a6a, size=4194304, type=RATIS, factor=THREE} | ret=SUCCESS |  
2019-09-20 14:18:48,682 | ERROR | OMAudit | user=jenkins1000 | ip=127.0.0.1 | op=CREATE_FILE {volume=volume29019, bucket=bucket20517, key=test/listfilesfile, dataSize=0, replicationType=RATIS, replicationFactor=THREE, keyLocationInfo=null} | ret=FAILURE | org.apache.hadoop.hdds.scm.exceptions.SCMException: Allocated 0 blocks. Requested 1 blocks
	at org.apache.hadoop.hdds.scm.protocolPB.ScmBlockLocationProtocolClientSideTranslatorPB.handleError(ScmBlockLocationProtocolClientSideTranslatorPB.java:118)
	at org.apache.hadoop.hdds.scm.protocolPB.ScmBlockLocationProtocolClientSideTranslatorPB.allocateBlock(ScmBlockLocationProtocolClientSideTranslatorPB.java:156) 
2019-09-20 14:18:48,683 [Thread-314] INFO  contract.ITestOzoneContractGetFileStatus (ITestOzoneContractGetFileStatus.java:teardown(57)) - FS details OzoneFileSystem{URI=o3fs://bucket20517.volume29019, workingDir=o3fs://bucket20517.volume29019/user/jenkins1000, userName=jenkins1000, statistics=0 bytes read, 0 bytes written, 50 read ops, 0 large read ops, 19 write ops}
2019-09-20 14:18:48,684 | INFO  | OMAudit | user=jenkins1000 | ip=127.0.0.1 | op=GET_FILE_STATUS {volume=volume29019, bucket=bucket20517, key=test, dataSize=0, replicationType=null, replicationFactor=null, keyLocationInfo=null} | ret=SUCCESS |  
2019-09-20 14:18:48,685 | INFO  | OMAudit | user=jenkins1000 | ip=127.0.0.1 | op=GET_FILE_STATUS {volume=volume29019, bucket=bucket20517, key=test, dataSize=0, replicationType=null, replicationFactor=null, keyLocationInfo=null} | ret=SUCCESS |  
2019-09-20 14:18:48,687 | INFO  | OMAudit | user=jenkins1000 | ip=127.0.0.1 | op=GET_FILE_STATUS {volume=volume29019, bucket=bucket20517, key=test, dataSize=0, replicationType=null, replicationFactor=null, keyLocationInfo=null} | ret=SUCCESS |  
2019-09-20 14:18:48,688 | INFO  | OMAudit | user=jenkins1000 | ip=127.0.0.1 | op=LIST_KEYS {volume=volume29019, bucket=bucket20517, startKey=, maxKeys=1000, keyPrefix=test/} | ret=SUCCESS |  
2019-09-20 14:18:48,689 | INFO  | OMAudit | user=jenkins1000 | ip=127.0.0.1 | op=DELETE_KEY {volume=volume29019, bucket=bucket20517, key=test/, dataSize=0, replicationType=null, replicationFactor=null, keyLocationInfo=null} | ret=SUCCESS |  
2019-09-20 14:18:48,690 | INFO  | OMAudit | user=jenkins1000 | ip=127.0.0.1 | op=LIST_KEYS {volume=volume29019, bucket=bucket20517, startKey=test/, maxKeys=1000, keyPrefix=test/} | ret=SUCCESS |  
]]></system-out>
  </testcase>
  <testcase name="testComplexDirActions" classname="org.apache.hadoop.fs.ozone.contract.ITestOzoneContractGetFileStatus" time="0.071">
    <error message="Allocated 0 blocks. Requested 1 blocks" type="INTERNAL_ERROR org.apache.hadoop.ozone.om.exceptions.OMException">INTERNAL_ERROR org.apache.hadoop.ozone.om.exceptions.OMException: Allocated 0 blocks. Requested 1 blocks
	at org.apache.hadoop.ozone.om.protocolPB.OzoneManagerProtocolClientSideTranslatorPB.handleError(OzoneManagerProtocolClientSideTranslatorPB.java:725)
	at org.apache.hadoop.ozone.om.protocolPB.OzoneManagerProtocolClientSideTranslatorPB.createFile(OzoneManagerProtocolClientSideTranslatorPB.java:1474)
	at org.apache.hadoop.ozone.client.rpc.RpcClient.createFile(RpcClient.java:984)
	at org.apache.hadoop.ozone.client.OzoneBucket.createFile(OzoneBucket.java:535)
	at org.apache.hadoop.fs.ozone.BasicOzoneClientAdapterImpl.createFile(BasicOzoneClientAdapterImpl.java:181)
	at org.apache.hadoop.fs.ozone.BasicOzoneFileSystem.createOutputStream(BasicOzoneFileSystem.java:249)
	at org.apache.hadoop.fs.ozone.BasicOzoneFileSystem.create(BasicOzoneFileSystem.java:230)
	at org.apache.hadoop.fs.FileSystem.create(FileSystem.java:1118)
	at org.apache.hadoop.fs.FileSystem.create(FileSystem.java:1098)
	at org.apache.hadoop.fs.FileSystem.create(FileSystem.java:987)
	at org.apache.hadoop.fs.contract.ContractTestUtils.createFile(ContractTestUtils.java:633)
	at org.apache.hadoop.fs.contract.ContractTestUtils.createSubdirs(ContractTestUtils.java:1288)
	at org.apache.hadoop.fs.contract.ContractTestUtils.createSubdirs(ContractTestUtils.java:1254)
	at org.apache.hadoop.fs.contract.AbstractContractGetFileStatusTest.createTestTree(AbstractContractGetFileStatusTest.java:409)
	at org.apache.hadoop.fs.contract.AbstractContractGetFileStatusTest.testComplexDirActions(AbstractContractGetFileStatusTest.java:143)
	at sun.reflect.NativeMethodAccessorImpl.invoke0(Native Method)
	at sun.reflect.NativeMethodAccessorImpl.invoke(NativeMethodAccessorImpl.java:62)
	at sun.reflect.DelegatingMethodAccessorImpl.invoke(DelegatingMethodAccessorImpl.java:43)
	at java.lang.reflect.Method.invoke(Method.java:498)
	at org.junit.runners.model.FrameworkMethod$1.runReflectiveCall(FrameworkMethod.java:47)
	at org.junit.internal.runners.model.ReflectiveCallable.run(ReflectiveCallable.java:12)
	at org.junit.runners.model.FrameworkMethod.invokeExplosively(FrameworkMethod.java:44)
	at org.junit.internal.runners.statements.InvokeMethod.evaluate(InvokeMethod.java:17)
	at org.junit.internal.runners.statements.RunBefores.evaluate(RunBefores.java:26)
	at org.junit.internal.runners.statements.RunAfters.evaluate(RunAfters.java:27)
	at org.junit.rules.TestWatcher$1.evaluate(TestWatcher.java:55)
	at org.junit.internal.runners.statements.FailOnTimeout$StatementThread.run(FailOnTimeout.java:74)
</error>
    <system-out><![CDATA[2019-09-20 14:18:48,696 | INFO  | OMAudit | user=jenkins1000 | ip=127.0.0.1 | op=CREATE_VOLUME {admin=admin36960, owner=user72421, volume=volume29520, creationTime=1568989128696, quotaInBytes=1152921504606846976} | ret=SUCCESS |  
2019-09-20 14:18:48,697 | INFO  | OMAudit | user=jenkins1000 | ip=127.0.0.1 | op=CREATE_BUCKET {volume=volume29520, bucket=bucket29129, acls=[], isVersionEnabled=false, storageType=DISK, creationTime=0} | ret=SUCCESS |  
2019-09-20 14:18:48,737 | INFO  | OMAudit | user=jenkins1000 | ip=127.0.0.1 | op=READ_VOLUME {volume=volume29520} | ret=SUCCESS |  
2019-09-20 14:18:48,739 | INFO  | OMAudit | user=jenkins1000 | ip=127.0.0.1 | op=READ_BUCKET {volume=volume29520, bucket=bucket29129} | ret=SUCCESS |  
2019-09-20 14:18:48,739 [Thread-315] INFO  contract.AbstractFSContractTestBase (AbstractFSContractTestBase.java:setup(184)) - Test filesystem = o3fs://bucket29129.volume29520 implemented by OzoneFileSystem{URI=o3fs://bucket29129.volume29520, workingDir=o3fs://bucket29129.volume29520/user/jenkins1000, userName=jenkins1000, statistics=0 bytes read, 0 bytes written, 53 read ops, 0 large read ops, 20 write ops}
2019-09-20 14:18:48,741 | INFO  | OMAudit | user=jenkins1000 | ip=127.0.0.1 | op=CREATE_DIRECTORY {volume=volume29520, bucket=bucket29129, key=test, dataSize=0, replicationType=null, replicationFactor=null, keyLocationInfo=null} | ret=SUCCESS |  
2019-09-20 14:18:48,744 | INFO  | OMAudit | user=jenkins1000 | ip=127.0.0.1 | op=CREATE_DIRECTORY {volume=volume29520, bucket=bucket29129, key=test/testComplexDirActions, dataSize=0, replicationType=null, replicationFactor=null, keyLocationInfo=null} | ret=SUCCESS |  
2019-09-20 14:18:48,747 [IPC Server handler 4 on 40401] INFO  pipeline.PipelinePlacementPolicy (PipelinePlacementPolicy.java:meetCriteria(91)) - Pipeline Placement: Doesn't meet the criteria to be viable node： b0d01f7e-06f7-489d-8516-80ea31822548 Heaviness: 6 limit: 5
2019-09-20 14:18:48,747 [IPC Server handler 4 on 40401] INFO  pipeline.PipelinePlacementPolicy (PipelinePlacementPolicy.java:meetCriteria(91)) - Pipeline Placement: Doesn't meet the criteria to be viable node： 2a5c9949-8efa-4686-b715-798e5449da2f Heaviness: 6 limit: 5
2019-09-20 14:18:48,747 [IPC Server handler 4 on 40401] INFO  pipeline.PipelinePlacementPolicy (PipelinePlacementPolicy.java:meetCriteria(91)) - Pipeline Placement: Doesn't meet the criteria to be viable node： 224b9ac6-8a4e-4740-9f14-62c119c0e730 Heaviness: 6 limit: 5
2019-09-20 14:18:48,748 [IPC Server handler 4 on 40401] INFO  pipeline.PipelinePlacementPolicy (PipelinePlacementPolicy.java:meetCriteria(91)) - Pipeline Placement: Doesn't meet the criteria to be viable node： 138806e0-8aae-493b-bcc3-c67b43d3673f Heaviness: 6 limit: 5
2019-09-20 14:18:48,748 [IPC Server handler 4 on 40401] INFO  pipeline.PipelinePlacementPolicy (PipelinePlacementPolicy.java:meetCriteria(91)) - Pipeline Placement: Doesn't meet the criteria to be viable node： e82bfe73-8726-4c05-9967-e81cabaa4403 Heaviness: 6 limit: 5
2019-09-20 14:18:48,748 [IPC Server handler 4 on 40401] ERROR pipeline.PipelinePlacementPolicy (PipelinePlacementPolicy.java:filterViableNodes(148)) - Unable to find enough nodes that meet the criteria that cannot engage in more than 5 pipelines. Nodes required: 3 Found: 0, healthy nodes count inNodeManager: 5.
2019-09-20 14:18:48,748 [IPC Server handler 4 on 40401] ERROR pipeline.SCMPipelineManager (SCMPipelineManager.java:createPipeline(161)) - Pipeline creation failed due to exception: Unable to find enough nodes that meet the criteria that cannot engage in more than 5 pipelines. Nodes required: 3 Found: 0, healthy nodes count inNodeManager: 5.
2019-09-20 14:18:48,748 [IPC Server handler 4 on 40401] WARN  block.BlockManagerImpl (BlockManagerImpl.java:allocateBlock(192)) - Pipeline creation failed for type:RATIS factor:THREE. Retrying get pipelines call once.
org.apache.hadoop.hdds.scm.exceptions.SCMException: Unable to find enough nodes that meet the criteria that cannot engage in more than 5 pipelines. Nodes required: 3 Found: 0, healthy nodes count inNodeManager: 5.
	at org.apache.hadoop.hdds.scm.pipeline.PipelinePlacementPolicy.filterViableNodes(PipelinePlacementPolicy.java:149)
	at org.apache.hadoop.hdds.scm.pipeline.PipelinePlacementPolicy.chooseDatanodes(PipelinePlacementPolicy.java:172)
	at org.apache.hadoop.hdds.scm.pipeline.RatisPipelineProvider.create(RatisPipelineProvider.java:92)
	at org.apache.hadoop.hdds.scm.pipeline.PipelineFactory.create(PipelineFactory.java:57)
	at org.apache.hadoop.hdds.scm.pipeline.SCMPipelineManager.createPipeline(SCMPipelineManager.java:149)
	at org.apache.hadoop.hdds.scm.block.BlockManagerImpl.allocateBlock(BlockManagerImpl.java:190)
	at org.apache.hadoop.hdds.scm.server.SCMBlockProtocolServer.allocateBlock(SCMBlockProtocolServer.java:175)
	at org.apache.hadoop.ozone.protocolPB.ScmBlockLocationProtocolServerSideTranslatorPB.allocateScmBlock(ScmBlockLocationProtocolServerSideTranslatorPB.java:153)
	at org.apache.hadoop.ozone.protocolPB.ScmBlockLocationProtocolServerSideTranslatorPB.send(ScmBlockLocationProtocolServerSideTranslatorPB.java:112)
	at org.apache.hadoop.hdds.protocol.proto.ScmBlockLocationProtocolProtos$ScmBlockLocationProtocolService$2.callBlockingMethod(ScmBlockLocationProtocolProtos.java:13157)
	at org.apache.hadoop.ipc.ProtobufRpcEngine$Server$ProtoBufRpcInvoker.call(ProtobufRpcEngine.java:524)
	at org.apache.hadoop.ipc.RPC$Server.call(RPC.java:1025)
	at org.apache.hadoop.ipc.Server$RpcCall.run(Server.java:876)
	at org.apache.hadoop.ipc.Server$RpcCall.run(Server.java:822)
	at java.security.AccessController.doPrivileged(Native Method)
	at javax.security.auth.Subject.doAs(Subject.java:422)
	at org.apache.hadoop.security.UserGroupInformation.doAs(UserGroupInformation.java:1730)
	at org.apache.hadoop.ipc.Server$Handler.run(Server.java:2682)
2019-09-20 14:18:48,749 [IPC Server handler 4 on 40401] INFO  block.BlockManagerImpl (BlockManagerImpl.java:allocateBlock(198)) - Could not find available pipeline of type:RATIS and factor:THREE even after retrying
2019-09-20 14:18:48,749 [IPC Server handler 4 on 40401] ERROR block.BlockManagerImpl (BlockManagerImpl.java:allocateBlock(222)) - Unable to allocate a block for the size: 4194304, type: RATIS, factor: THREE
2019-09-20 14:18:48,749 | INFO  | SCMAudit | user=jenkins1000 | ip=192.168.36.99 | op=ALLOCATE_BLOCK {owner=2a2159b9-0b56-4148-bc55-48e5b21a3a6a, size=4194304, type=RATIS, factor=THREE} | ret=SUCCESS |  
2019-09-20 14:18:48,750 | ERROR | OMAudit | user=jenkins1000 | ip=127.0.0.1 | op=CREATE_FILE {volume=volume29520, bucket=bucket29129, key=test/testComplexDirActions/file--0-0000.txt, dataSize=0, replicationType=RATIS, replicationFactor=THREE, keyLocationInfo=null} | ret=FAILURE | org.apache.hadoop.hdds.scm.exceptions.SCMException: Allocated 0 blocks. Requested 1 blocks
	at org.apache.hadoop.hdds.scm.protocolPB.ScmBlockLocationProtocolClientSideTranslatorPB.handleError(ScmBlockLocationProtocolClientSideTranslatorPB.java:118)
	at org.apache.hadoop.hdds.scm.protocolPB.ScmBlockLocationProtocolClientSideTranslatorPB.allocateBlock(ScmBlockLocationProtocolClientSideTranslatorPB.java:156) 
2019-09-20 14:18:48,752 [Thread-315] INFO  contract.ITestOzoneContractGetFileStatus (ITestOzoneContractGetFileStatus.java:teardown(57)) - FS details OzoneFileSystem{URI=o3fs://bucket29129.volume29520, workingDir=o3fs://bucket29129.volume29520/user/jenkins1000, userName=jenkins1000, statistics=0 bytes read, 0 bytes written, 53 read ops, 0 large read ops, 21 write ops}
2019-09-20 14:18:48,754 | INFO  | OMAudit | user=jenkins1000 | ip=127.0.0.1 | op=GET_FILE_STATUS {volume=volume29520, bucket=bucket29129, key=test, dataSize=0, replicationType=null, replicationFactor=null, keyLocationInfo=null} | ret=SUCCESS |  
2019-09-20 14:18:48,755 | INFO  | OMAudit | user=jenkins1000 | ip=127.0.0.1 | op=GET_FILE_STATUS {volume=volume29520, bucket=bucket29129, key=test, dataSize=0, replicationType=null, replicationFactor=null, keyLocationInfo=null} | ret=SUCCESS |  
2019-09-20 14:18:48,757 | INFO  | OMAudit | user=jenkins1000 | ip=127.0.0.1 | op=GET_FILE_STATUS {volume=volume29520, bucket=bucket29129, key=test, dataSize=0, replicationType=null, replicationFactor=null, keyLocationInfo=null} | ret=SUCCESS |  
2019-09-20 14:18:48,758 | INFO  | OMAudit | user=jenkins1000 | ip=127.0.0.1 | op=LIST_KEYS {volume=volume29520, bucket=bucket29129, startKey=, maxKeys=1000, keyPrefix=test/} | ret=SUCCESS |  
2019-09-20 14:18:48,760 | INFO  | OMAudit | user=jenkins1000 | ip=127.0.0.1 | op=DELETE_KEY {volume=volume29520, bucket=bucket29129, key=test/, dataSize=0, replicationType=null, replicationFactor=null, keyLocationInfo=null} | ret=SUCCESS |  
2019-09-20 14:18:48,761 | INFO  | OMAudit | user=jenkins1000 | ip=127.0.0.1 | op=DELETE_KEY {volume=volume29520, bucket=bucket29129, key=test/testComplexDirActions/, dataSize=0, replicationType=null, replicationFactor=null, keyLocationInfo=null} | ret=SUCCESS |  
2019-09-20 14:18:48,763 | INFO  | OMAudit | user=jenkins1000 | ip=127.0.0.1 | op=LIST_KEYS {volume=volume29520, bucket=bucket29129, startKey=test/testComplexDirActions/, maxKeys=1000, keyPrefix=test/} | ret=SUCCESS |  
]]></system-out>
  </testcase>
  <testcase name="testListStatusFile" classname="org.apache.hadoop.fs.ozone.contract.ITestOzoneContractGetFileStatus" time="0.075">
    <error message="Allocated 0 blocks. Requested 1 blocks" type="INTERNAL_ERROR org.apache.hadoop.ozone.om.exceptions.OMException">INTERNAL_ERROR org.apache.hadoop.ozone.om.exceptions.OMException: Allocated 0 blocks. Requested 1 blocks
	at org.apache.hadoop.ozone.om.protocolPB.OzoneManagerProtocolClientSideTranslatorPB.handleError(OzoneManagerProtocolClientSideTranslatorPB.java:725)
	at org.apache.hadoop.ozone.om.protocolPB.OzoneManagerProtocolClientSideTranslatorPB.createFile(OzoneManagerProtocolClientSideTranslatorPB.java:1474)
	at org.apache.hadoop.ozone.client.rpc.RpcClient.createFile(RpcClient.java:984)
	at org.apache.hadoop.ozone.client.OzoneBucket.createFile(OzoneBucket.java:535)
	at org.apache.hadoop.fs.ozone.BasicOzoneClientAdapterImpl.createFile(BasicOzoneClientAdapterImpl.java:181)
	at org.apache.hadoop.fs.ozone.BasicOzoneFileSystem.createOutputStream(BasicOzoneFileSystem.java:249)
	at org.apache.hadoop.fs.ozone.BasicOzoneFileSystem.create(BasicOzoneFileSystem.java:230)
	at org.apache.hadoop.fs.FileSystem.create(FileSystem.java:1118)
	at org.apache.hadoop.fs.FileSystem.create(FileSystem.java:1098)
	at org.apache.hadoop.fs.FileSystem.create(FileSystem.java:987)
	at org.apache.hadoop.fs.contract.ContractTestUtils.createFile(ContractTestUtils.java:633)
	at org.apache.hadoop.fs.contract.ContractTestUtils.touch(ContractTestUtils.java:669)
	at org.apache.hadoop.fs.contract.AbstractContractGetFileStatusTest.touchf(AbstractContractGetFileStatusTest.java:382)
	at org.apache.hadoop.fs.contract.AbstractContractGetFileStatusTest.testListStatusFile(AbstractContractGetFileStatusTest.java:307)
	at sun.reflect.NativeMethodAccessorImpl.invoke0(Native Method)
	at sun.reflect.NativeMethodAccessorImpl.invoke(NativeMethodAccessorImpl.java:62)
	at sun.reflect.DelegatingMethodAccessorImpl.invoke(DelegatingMethodAccessorImpl.java:43)
	at java.lang.reflect.Method.invoke(Method.java:498)
	at org.junit.runners.model.FrameworkMethod$1.runReflectiveCall(FrameworkMethod.java:47)
	at org.junit.internal.runners.model.ReflectiveCallable.run(ReflectiveCallable.java:12)
	at org.junit.runners.model.FrameworkMethod.invokeExplosively(FrameworkMethod.java:44)
	at org.junit.internal.runners.statements.InvokeMethod.evaluate(InvokeMethod.java:17)
	at org.junit.internal.runners.statements.RunBefores.evaluate(RunBefores.java:26)
	at org.junit.internal.runners.statements.RunAfters.evaluate(RunAfters.java:27)
	at org.junit.rules.TestWatcher$1.evaluate(TestWatcher.java:55)
	at org.junit.internal.runners.statements.FailOnTimeout$StatementThread.run(FailOnTimeout.java:74)
</error>
    <system-out><![CDATA[2019-09-20 14:18:48,768 | INFO  | OMAudit | user=jenkins1000 | ip=127.0.0.1 | op=CREATE_VOLUME {admin=admin16889, owner=user81471, volume=volume42716, creationTime=1568989128768, quotaInBytes=1152921504606846976} | ret=SUCCESS |  
2019-09-20 14:18:48,770 | INFO  | OMAudit | user=jenkins1000 | ip=127.0.0.1 | op=CREATE_BUCKET {volume=volume42716, bucket=bucket74437, acls=[], isVersionEnabled=false, storageType=DISK, creationTime=0} | ret=SUCCESS |  
2019-09-20 14:18:48,817 | INFO  | OMAudit | user=jenkins1000 | ip=127.0.0.1 | op=READ_VOLUME {volume=volume42716} | ret=SUCCESS |  
2019-09-20 14:18:48,818 | INFO  | OMAudit | user=jenkins1000 | ip=127.0.0.1 | op=READ_BUCKET {volume=volume42716, bucket=bucket74437} | ret=SUCCESS |  
2019-09-20 14:18:48,819 [Thread-316] INFO  contract.AbstractFSContractTestBase (AbstractFSContractTestBase.java:setup(184)) - Test filesystem = o3fs://bucket74437.volume42716 implemented by OzoneFileSystem{URI=o3fs://bucket74437.volume42716, workingDir=o3fs://bucket74437.volume42716/user/jenkins1000, userName=jenkins1000, statistics=0 bytes read, 0 bytes written, 56 read ops, 0 large read ops, 22 write ops}
2019-09-20 14:18:48,821 | INFO  | OMAudit | user=jenkins1000 | ip=127.0.0.1 | op=CREATE_DIRECTORY {volume=volume42716, bucket=bucket74437, key=test, dataSize=0, replicationType=null, replicationFactor=null, keyLocationInfo=null} | ret=SUCCESS |  
2019-09-20 14:18:48,821 [Thread-316] INFO  contract.AbstractFSContractTestBase (AbstractFSContractTestBase.java:describe(255)) - test the listStatus(path) on a file
2019-09-20 14:18:48,824 [IPC Server handler 3 on 40401] INFO  pipeline.PipelinePlacementPolicy (PipelinePlacementPolicy.java:meetCriteria(91)) - Pipeline Placement: Doesn't meet the criteria to be viable node： b0d01f7e-06f7-489d-8516-80ea31822548 Heaviness: 6 limit: 5
2019-09-20 14:18:48,824 [IPC Server handler 3 on 40401] INFO  pipeline.PipelinePlacementPolicy (PipelinePlacementPolicy.java:meetCriteria(91)) - Pipeline Placement: Doesn't meet the criteria to be viable node： 2a5c9949-8efa-4686-b715-798e5449da2f Heaviness: 6 limit: 5
2019-09-20 14:18:48,825 [IPC Server handler 3 on 40401] INFO  pipeline.PipelinePlacementPolicy (PipelinePlacementPolicy.java:meetCriteria(91)) - Pipeline Placement: Doesn't meet the criteria to be viable node： 224b9ac6-8a4e-4740-9f14-62c119c0e730 Heaviness: 6 limit: 5
2019-09-20 14:18:48,825 [IPC Server handler 3 on 40401] INFO  pipeline.PipelinePlacementPolicy (PipelinePlacementPolicy.java:meetCriteria(91)) - Pipeline Placement: Doesn't meet the criteria to be viable node： 138806e0-8aae-493b-bcc3-c67b43d3673f Heaviness: 6 limit: 5
2019-09-20 14:18:48,825 [IPC Server handler 3 on 40401] INFO  pipeline.PipelinePlacementPolicy (PipelinePlacementPolicy.java:meetCriteria(91)) - Pipeline Placement: Doesn't meet the criteria to be viable node： e82bfe73-8726-4c05-9967-e81cabaa4403 Heaviness: 6 limit: 5
2019-09-20 14:18:48,825 [IPC Server handler 3 on 40401] ERROR pipeline.PipelinePlacementPolicy (PipelinePlacementPolicy.java:filterViableNodes(148)) - Unable to find enough nodes that meet the criteria that cannot engage in more than 5 pipelines. Nodes required: 3 Found: 0, healthy nodes count inNodeManager: 5.
2019-09-20 14:18:48,825 [IPC Server handler 3 on 40401] ERROR pipeline.SCMPipelineManager (SCMPipelineManager.java:createPipeline(161)) - Pipeline creation failed due to exception: Unable to find enough nodes that meet the criteria that cannot engage in more than 5 pipelines. Nodes required: 3 Found: 0, healthy nodes count inNodeManager: 5.
2019-09-20 14:18:48,825 [IPC Server handler 3 on 40401] WARN  block.BlockManagerImpl (BlockManagerImpl.java:allocateBlock(192)) - Pipeline creation failed for type:RATIS factor:THREE. Retrying get pipelines call once.
org.apache.hadoop.hdds.scm.exceptions.SCMException: Unable to find enough nodes that meet the criteria that cannot engage in more than 5 pipelines. Nodes required: 3 Found: 0, healthy nodes count inNodeManager: 5.
	at org.apache.hadoop.hdds.scm.pipeline.PipelinePlacementPolicy.filterViableNodes(PipelinePlacementPolicy.java:149)
	at org.apache.hadoop.hdds.scm.pipeline.PipelinePlacementPolicy.chooseDatanodes(PipelinePlacementPolicy.java:172)
	at org.apache.hadoop.hdds.scm.pipeline.RatisPipelineProvider.create(RatisPipelineProvider.java:92)
	at org.apache.hadoop.hdds.scm.pipeline.PipelineFactory.create(PipelineFactory.java:57)
	at org.apache.hadoop.hdds.scm.pipeline.SCMPipelineManager.createPipeline(SCMPipelineManager.java:149)
	at org.apache.hadoop.hdds.scm.block.BlockManagerImpl.allocateBlock(BlockManagerImpl.java:190)
	at org.apache.hadoop.hdds.scm.server.SCMBlockProtocolServer.allocateBlock(SCMBlockProtocolServer.java:175)
	at org.apache.hadoop.ozone.protocolPB.ScmBlockLocationProtocolServerSideTranslatorPB.allocateScmBlock(ScmBlockLocationProtocolServerSideTranslatorPB.java:153)
	at org.apache.hadoop.ozone.protocolPB.ScmBlockLocationProtocolServerSideTranslatorPB.send(ScmBlockLocationProtocolServerSideTranslatorPB.java:112)
	at org.apache.hadoop.hdds.protocol.proto.ScmBlockLocationProtocolProtos$ScmBlockLocationProtocolService$2.callBlockingMethod(ScmBlockLocationProtocolProtos.java:13157)
	at org.apache.hadoop.ipc.ProtobufRpcEngine$Server$ProtoBufRpcInvoker.call(ProtobufRpcEngine.java:524)
	at org.apache.hadoop.ipc.RPC$Server.call(RPC.java:1025)
	at org.apache.hadoop.ipc.Server$RpcCall.run(Server.java:876)
	at org.apache.hadoop.ipc.Server$RpcCall.run(Server.java:822)
	at java.security.AccessController.doPrivileged(Native Method)
	at javax.security.auth.Subject.doAs(Subject.java:422)
	at org.apache.hadoop.security.UserGroupInformation.doAs(UserGroupInformation.java:1730)
	at org.apache.hadoop.ipc.Server$Handler.run(Server.java:2682)
2019-09-20 14:18:48,825 [IPC Server handler 3 on 40401] INFO  block.BlockManagerImpl (BlockManagerImpl.java:allocateBlock(198)) - Could not find available pipeline of type:RATIS and factor:THREE even after retrying
2019-09-20 14:18:48,826 [IPC Server handler 3 on 40401] ERROR block.BlockManagerImpl (BlockManagerImpl.java:allocateBlock(222)) - Unable to allocate a block for the size: 4194304, type: RATIS, factor: THREE
2019-09-20 14:18:48,826 | INFO  | SCMAudit | user=jenkins1000 | ip=192.168.36.99 | op=ALLOCATE_BLOCK {owner=2a2159b9-0b56-4148-bc55-48e5b21a3a6a, size=4194304, type=RATIS, factor=THREE} | ret=SUCCESS |  
2019-09-20 14:18:48,826 | ERROR | OMAudit | user=jenkins1000 | ip=127.0.0.1 | op=CREATE_FILE {volume=volume42716, bucket=bucket74437, key=test/liststatusfile, dataSize=0, replicationType=RATIS, replicationFactor=THREE, keyLocationInfo=null} | ret=FAILURE | org.apache.hadoop.hdds.scm.exceptions.SCMException: Allocated 0 blocks. Requested 1 blocks
	at org.apache.hadoop.hdds.scm.protocolPB.ScmBlockLocationProtocolClientSideTranslatorPB.handleError(ScmBlockLocationProtocolClientSideTranslatorPB.java:118)
	at org.apache.hadoop.hdds.scm.protocolPB.ScmBlockLocationProtocolClientSideTranslatorPB.allocateBlock(ScmBlockLocationProtocolClientSideTranslatorPB.java:156) 
2019-09-20 14:18:48,827 [Thread-316] INFO  contract.ITestOzoneContractGetFileStatus (ITestOzoneContractGetFileStatus.java:teardown(57)) - FS details OzoneFileSystem{URI=o3fs://bucket74437.volume42716, workingDir=o3fs://bucket74437.volume42716/user/jenkins1000, userName=jenkins1000, statistics=0 bytes read, 0 bytes written, 56 read ops, 0 large read ops, 23 write ops}
2019-09-20 14:18:48,828 | INFO  | OMAudit | user=jenkins1000 | ip=127.0.0.1 | op=GET_FILE_STATUS {volume=volume42716, bucket=bucket74437, key=test, dataSize=0, replicationType=null, replicationFactor=null, keyLocationInfo=null} | ret=SUCCESS |  
2019-09-20 14:18:48,830 | INFO  | OMAudit | user=jenkins1000 | ip=127.0.0.1 | op=GET_FILE_STATUS {volume=volume42716, bucket=bucket74437, key=test, dataSize=0, replicationType=null, replicationFactor=null, keyLocationInfo=null} | ret=SUCCESS |  
2019-09-20 14:18:48,831 | INFO  | OMAudit | user=jenkins1000 | ip=127.0.0.1 | op=GET_FILE_STATUS {volume=volume42716, bucket=bucket74437, key=test, dataSize=0, replicationType=null, replicationFactor=null, keyLocationInfo=null} | ret=SUCCESS |  
2019-09-20 14:18:48,833 | INFO  | OMAudit | user=jenkins1000 | ip=127.0.0.1 | op=LIST_KEYS {volume=volume42716, bucket=bucket74437, startKey=, maxKeys=1000, keyPrefix=test/} | ret=SUCCESS |  
2019-09-20 14:18:48,835 | INFO  | OMAudit | user=jenkins1000 | ip=127.0.0.1 | op=DELETE_KEY {volume=volume42716, bucket=bucket74437, key=test/, dataSize=0, replicationType=null, replicationFactor=null, keyLocationInfo=null} | ret=SUCCESS |  
2019-09-20 14:18:48,836 | INFO  | OMAudit | user=jenkins1000 | ip=127.0.0.1 | op=LIST_KEYS {volume=volume42716, bucket=bucket74437, startKey=test/, maxKeys=1000, keyPrefix=test/} | ret=SUCCESS |  
]]></system-out>
  </testcase>
  <testcase name="testListStatusNoDir" classname="org.apache.hadoop.fs.ozone.contract.ITestOzoneContractGetFileStatus" time="0.064"/>
  <testcase name="testListStatusFilteredNoDir" classname="org.apache.hadoop.fs.ozone.contract.ITestOzoneContractGetFileStatus" time="0.071"/>
  <testcase name="testListFilesFileRecursive" classname="org.apache.hadoop.fs.ozone.contract.ITestOzoneContractGetFileStatus" time="0.075">
    <error message="Allocated 0 blocks. Requested 1 blocks" type="INTERNAL_ERROR org.apache.hadoop.ozone.om.exceptions.OMException">INTERNAL_ERROR org.apache.hadoop.ozone.om.exceptions.OMException: Allocated 0 blocks. Requested 1 blocks
	at org.apache.hadoop.ozone.om.protocolPB.OzoneManagerProtocolClientSideTranslatorPB.handleError(OzoneManagerProtocolClientSideTranslatorPB.java:725)
	at org.apache.hadoop.ozone.om.protocolPB.OzoneManagerProtocolClientSideTranslatorPB.createFile(OzoneManagerProtocolClientSideTranslatorPB.java:1474)
	at org.apache.hadoop.ozone.client.rpc.RpcClient.createFile(RpcClient.java:984)
	at org.apache.hadoop.ozone.client.OzoneBucket.createFile(OzoneBucket.java:535)
	at org.apache.hadoop.fs.ozone.BasicOzoneClientAdapterImpl.createFile(BasicOzoneClientAdapterImpl.java:181)
	at org.apache.hadoop.fs.ozone.BasicOzoneFileSystem.createOutputStream(BasicOzoneFileSystem.java:249)
	at org.apache.hadoop.fs.ozone.BasicOzoneFileSystem.create(BasicOzoneFileSystem.java:230)
	at org.apache.hadoop.fs.FileSystem.create(FileSystem.java:1118)
	at org.apache.hadoop.fs.FileSystem.create(FileSystem.java:1098)
	at org.apache.hadoop.fs.FileSystem.create(FileSystem.java:987)
	at org.apache.hadoop.fs.contract.ContractTestUtils.createFile(ContractTestUtils.java:633)
	at org.apache.hadoop.fs.contract.ContractTestUtils.touch(ContractTestUtils.java:669)
	at org.apache.hadoop.fs.contract.AbstractContractGetFileStatusTest.touchf(AbstractContractGetFileStatusTest.java:382)
	at org.apache.hadoop.fs.contract.AbstractContractGetFileStatusTest.testListFilesFileRecursive(AbstractContractGetFileStatusTest.java:329)
	at sun.reflect.NativeMethodAccessorImpl.invoke0(Native Method)
	at sun.reflect.NativeMethodAccessorImpl.invoke(NativeMethodAccessorImpl.java:62)
	at sun.reflect.DelegatingMethodAccessorImpl.invoke(DelegatingMethodAccessorImpl.java:43)
	at java.lang.reflect.Method.invoke(Method.java:498)
	at org.junit.runners.model.FrameworkMethod$1.runReflectiveCall(FrameworkMethod.java:47)
	at org.junit.internal.runners.model.ReflectiveCallable.run(ReflectiveCallable.java:12)
	at org.junit.runners.model.FrameworkMethod.invokeExplosively(FrameworkMethod.java:44)
	at org.junit.internal.runners.statements.InvokeMethod.evaluate(InvokeMethod.java:17)
	at org.junit.internal.runners.statements.RunBefores.evaluate(RunBefores.java:26)
	at org.junit.internal.runners.statements.RunAfters.evaluate(RunAfters.java:27)
	at org.junit.rules.TestWatcher$1.evaluate(TestWatcher.java:55)
	at org.junit.internal.runners.statements.FailOnTimeout$StatementThread.run(FailOnTimeout.java:74)
</error>
    <system-out><![CDATA[2019-09-20 14:18:48,978 | INFO  | OMAudit | user=jenkins1000 | ip=127.0.0.1 | op=CREATE_VOLUME {admin=admin43765, owner=user20655, volume=volume56369, creationTime=1568989128978, quotaInBytes=1152921504606846976} | ret=SUCCESS |  
2019-09-20 14:18:48,980 | INFO  | OMAudit | user=jenkins1000 | ip=127.0.0.1 | op=CREATE_BUCKET {volume=volume56369, bucket=bucket06567, acls=[], isVersionEnabled=false, storageType=DISK, creationTime=0} | ret=SUCCESS |  
2019-09-20 14:18:49,020 | INFO  | OMAudit | user=jenkins1000 | ip=127.0.0.1 | op=READ_VOLUME {volume=volume56369} | ret=SUCCESS |  
2019-09-20 14:18:49,021 | INFO  | OMAudit | user=jenkins1000 | ip=127.0.0.1 | op=READ_BUCKET {volume=volume56369, bucket=bucket06567} | ret=SUCCESS |  
2019-09-20 14:18:49,022 [Thread-319] INFO  contract.AbstractFSContractTestBase (AbstractFSContractTestBase.java:setup(184)) - Test filesystem = o3fs://bucket06567.volume56369 implemented by OzoneFileSystem{URI=o3fs://bucket06567.volume56369, workingDir=o3fs://bucket06567.volume56369/user/jenkins1000, userName=jenkins1000, statistics=0 bytes read, 0 bytes written, 67 read ops, 0 large read ops, 26 write ops}
2019-09-20 14:18:49,024 | INFO  | OMAudit | user=jenkins1000 | ip=127.0.0.1 | op=CREATE_DIRECTORY {volume=volume56369, bucket=bucket06567, key=test, dataSize=0, replicationType=null, replicationFactor=null, keyLocationInfo=null} | ret=SUCCESS |  
2019-09-20 14:18:49,024 [Thread-319] INFO  contract.AbstractFSContractTestBase (AbstractFSContractTestBase.java:describe(255)) - test the listFiles(path, true) on a file
2019-09-20 14:18:49,027 [IPC Server handler 6 on 40401] INFO  pipeline.PipelinePlacementPolicy (PipelinePlacementPolicy.java:meetCriteria(91)) - Pipeline Placement: Doesn't meet the criteria to be viable node： b0d01f7e-06f7-489d-8516-80ea31822548 Heaviness: 6 limit: 5
2019-09-20 14:18:49,028 [IPC Server handler 6 on 40401] INFO  pipeline.PipelinePlacementPolicy (PipelinePlacementPolicy.java:meetCriteria(91)) - Pipeline Placement: Doesn't meet the criteria to be viable node： 2a5c9949-8efa-4686-b715-798e5449da2f Heaviness: 6 limit: 5
2019-09-20 14:18:49,028 [IPC Server handler 6 on 40401] INFO  pipeline.PipelinePlacementPolicy (PipelinePlacementPolicy.java:meetCriteria(91)) - Pipeline Placement: Doesn't meet the criteria to be viable node： 224b9ac6-8a4e-4740-9f14-62c119c0e730 Heaviness: 6 limit: 5
2019-09-20 14:18:49,028 [IPC Server handler 6 on 40401] INFO  pipeline.PipelinePlacementPolicy (PipelinePlacementPolicy.java:meetCriteria(91)) - Pipeline Placement: Doesn't meet the criteria to be viable node： 138806e0-8aae-493b-bcc3-c67b43d3673f Heaviness: 6 limit: 5
2019-09-20 14:18:49,028 [IPC Server handler 6 on 40401] INFO  pipeline.PipelinePlacementPolicy (PipelinePlacementPolicy.java:meetCriteria(91)) - Pipeline Placement: Doesn't meet the criteria to be viable node： e82bfe73-8726-4c05-9967-e81cabaa4403 Heaviness: 6 limit: 5
2019-09-20 14:18:49,029 [IPC Server handler 6 on 40401] ERROR pipeline.PipelinePlacementPolicy (PipelinePlacementPolicy.java:filterViableNodes(148)) - Unable to find enough nodes that meet the criteria that cannot engage in more than 5 pipelines. Nodes required: 3 Found: 0, healthy nodes count inNodeManager: 5.
2019-09-20 14:18:49,029 [IPC Server handler 6 on 40401] ERROR pipeline.SCMPipelineManager (SCMPipelineManager.java:createPipeline(161)) - Pipeline creation failed due to exception: Unable to find enough nodes that meet the criteria that cannot engage in more than 5 pipelines. Nodes required: 3 Found: 0, healthy nodes count inNodeManager: 5.
2019-09-20 14:18:49,029 [IPC Server handler 6 on 40401] WARN  block.BlockManagerImpl (BlockManagerImpl.java:allocateBlock(192)) - Pipeline creation failed for type:RATIS factor:THREE. Retrying get pipelines call once.
org.apache.hadoop.hdds.scm.exceptions.SCMException: Unable to find enough nodes that meet the criteria that cannot engage in more than 5 pipelines. Nodes required: 3 Found: 0, healthy nodes count inNodeManager: 5.
	at org.apache.hadoop.hdds.scm.pipeline.PipelinePlacementPolicy.filterViableNodes(PipelinePlacementPolicy.java:149)
	at org.apache.hadoop.hdds.scm.pipeline.PipelinePlacementPolicy.chooseDatanodes(PipelinePlacementPolicy.java:172)
	at org.apache.hadoop.hdds.scm.pipeline.RatisPipelineProvider.create(RatisPipelineProvider.java:92)
	at org.apache.hadoop.hdds.scm.pipeline.PipelineFactory.create(PipelineFactory.java:57)
	at org.apache.hadoop.hdds.scm.pipeline.SCMPipelineManager.createPipeline(SCMPipelineManager.java:149)
	at org.apache.hadoop.hdds.scm.block.BlockManagerImpl.allocateBlock(BlockManagerImpl.java:190)
	at org.apache.hadoop.hdds.scm.server.SCMBlockProtocolServer.allocateBlock(SCMBlockProtocolServer.java:175)
	at org.apache.hadoop.ozone.protocolPB.ScmBlockLocationProtocolServerSideTranslatorPB.allocateScmBlock(ScmBlockLocationProtocolServerSideTranslatorPB.java:153)
	at org.apache.hadoop.ozone.protocolPB.ScmBlockLocationProtocolServerSideTranslatorPB.send(ScmBlockLocationProtocolServerSideTranslatorPB.java:112)
	at org.apache.hadoop.hdds.protocol.proto.ScmBlockLocationProtocolProtos$ScmBlockLocationProtocolService$2.callBlockingMethod(ScmBlockLocationProtocolProtos.java:13157)
	at org.apache.hadoop.ipc.ProtobufRpcEngine$Server$ProtoBufRpcInvoker.call(ProtobufRpcEngine.java:524)
	at org.apache.hadoop.ipc.RPC$Server.call(RPC.java:1025)
	at org.apache.hadoop.ipc.Server$RpcCall.run(Server.java:876)
	at org.apache.hadoop.ipc.Server$RpcCall.run(Server.java:822)
	at java.security.AccessController.doPrivileged(Native Method)
	at javax.security.auth.Subject.doAs(Subject.java:422)
	at org.apache.hadoop.security.UserGroupInformation.doAs(UserGroupInformation.java:1730)
	at org.apache.hadoop.ipc.Server$Handler.run(Server.java:2682)
2019-09-20 14:18:49,037 [IPC Server handler 6 on 40401] INFO  block.BlockManagerImpl (BlockManagerImpl.java:allocateBlock(198)) - Could not find available pipeline of type:RATIS and factor:THREE even after retrying
2019-09-20 14:18:49,037 [IPC Server handler 6 on 40401] ERROR block.BlockManagerImpl (BlockManagerImpl.java:allocateBlock(222)) - Unable to allocate a block for the size: 4194304, type: RATIS, factor: THREE
2019-09-20 14:18:49,038 | INFO  | SCMAudit | user=jenkins1000 | ip=192.168.36.99 | op=ALLOCATE_BLOCK {owner=2a2159b9-0b56-4148-bc55-48e5b21a3a6a, size=4194304, type=RATIS, factor=THREE} | ret=SUCCESS |  
2019-09-20 14:18:49,039 | INFO  | SCMAudit | user=jenkins1000 | ip=192.168.36.99 | op=SEND_HEARTBEAT {datanodeUUID=138806e0-8aae-493b-bcc3-c67b43d3673f, command=[]} | ret=SUCCESS |  
2019-09-20 14:18:49,039 | ERROR | OMAudit | user=jenkins1000 | ip=127.0.0.1 | op=CREATE_FILE {volume=volume56369, bucket=bucket06567, key=test/listfilesRecursive, dataSize=0, replicationType=RATIS, replicationFactor=THREE, keyLocationInfo=null} | ret=FAILURE | org.apache.hadoop.hdds.scm.exceptions.SCMException: Allocated 0 blocks. Requested 1 blocks
	at org.apache.hadoop.hdds.scm.protocolPB.ScmBlockLocationProtocolClientSideTranslatorPB.handleError(ScmBlockLocationProtocolClientSideTranslatorPB.java:118)
	at org.apache.hadoop.hdds.scm.protocolPB.ScmBlockLocationProtocolClientSideTranslatorPB.allocateBlock(ScmBlockLocationProtocolClientSideTranslatorPB.java:156) 
2019-09-20 14:18:49,040 [Thread-319] INFO  contract.ITestOzoneContractGetFileStatus (ITestOzoneContractGetFileStatus.java:teardown(57)) - FS details OzoneFileSystem{URI=o3fs://bucket06567.volume56369, workingDir=o3fs://bucket06567.volume56369/user/jenkins1000, userName=jenkins1000, statistics=0 bytes read, 0 bytes written, 67 read ops, 0 large read ops, 27 write ops}
2019-09-20 14:18:49,041 | INFO  | OMAudit | user=jenkins1000 | ip=127.0.0.1 | op=GET_FILE_STATUS {volume=volume56369, bucket=bucket06567, key=test, dataSize=0, replicationType=null, replicationFactor=null, keyLocationInfo=null} | ret=SUCCESS |  
2019-09-20 14:18:49,043 | INFO  | OMAudit | user=jenkins1000 | ip=127.0.0.1 | op=GET_FILE_STATUS {volume=volume56369, bucket=bucket06567, key=test, dataSize=0, replicationType=null, replicationFactor=null, keyLocationInfo=null} | ret=SUCCESS |  
2019-09-20 14:18:49,044 | INFO  | OMAudit | user=jenkins1000 | ip=127.0.0.1 | op=GET_FILE_STATUS {volume=volume56369, bucket=bucket06567, key=test, dataSize=0, replicationType=null, replicationFactor=null, keyLocationInfo=null} | ret=SUCCESS |  
2019-09-20 14:18:49,046 | INFO  | OMAudit | user=jenkins1000 | ip=127.0.0.1 | op=LIST_KEYS {volume=volume56369, bucket=bucket06567, startKey=, maxKeys=1000, keyPrefix=test/} | ret=SUCCESS |  
2019-09-20 14:18:49,047 | INFO  | OMAudit | user=jenkins1000 | ip=127.0.0.1 | op=DELETE_KEY {volume=volume56369, bucket=bucket06567, key=test/, dataSize=0, replicationType=null, replicationFactor=null, keyLocationInfo=null} | ret=SUCCESS |  
2019-09-20 14:18:49,048 | INFO  | OMAudit | user=jenkins1000 | ip=127.0.0.1 | op=LIST_KEYS {volume=volume56369, bucket=bucket06567, startKey=test/, maxKeys=1000, keyPrefix=test/} | ret=SUCCESS |  
]]></system-out>
  </testcase>
  <testcase name="testLocatedStatusNoDir" classname="org.apache.hadoop.fs.ozone.contract.ITestOzoneContractGetFileStatus" time="0.077"/>
  <testcase name="testGetFileStatusNonexistentFile" classname="org.apache.hadoop.fs.ozone.contract.ITestOzoneContractGetFileStatus" time="0.081"/>
</testsuite>