<?xml version="1.0" encoding="UTF-8"?>
<testsuite xmlns:xsi="http://www.w3.org/2001/XMLSchema-instance" xsi:noNamespaceSchemaLocation="https://maven.apache.org/surefire/maven-surefire-plugin/xsd/surefire-test-report.xsd" name="org.apache.hadoop.fs.ozone.TestOzoneFileInterfaces" time="221.031" tests="12" errors="2" skipped="0" failures="0">
  <properties>
    <property name="awt.toolkit" value="sun.awt.X11.XToolkit"/>
    <property name="file.encoding.pkg" value="sun.io"/>
    <property name="java.specification.version" value="1.8"/>
    <property name="sun.cpu.isalist" value=""/>
    <property name="sun.jnu.encoding" value="UTF-8"/>
    <property name="java.class.path" value="/workdir/hadoop-ozone/ozonefs/target/test-classes:/workdir/hadoop-ozone/ozonefs/target/classes:/home/user/.m2/repository/org/apache/hadoop/hadoop-common/3.2.0/hadoop-common-3.2.0.jar:/home/user/.m2/repository/org/apache/hadoop/hadoop-annotations/3.2.0/hadoop-annotations-3.2.0.jar:/usr/lib/jvm/java-1.8-openjdk/jre/../lib/tools.jar:/home/user/.m2/repository/com/google/guava/guava/11.0.2/guava-11.0.2.jar:/home/user/.m2/repository/commons-cli/commons-cli/1.2/commons-cli-1.2.jar:/home/user/.m2/repository/org/apache/commons/commons-math3/3.1.1/commons-math3-3.1.1.jar:/home/user/.m2/repository/org/apache/httpcomponents/httpclient/4.5.2/httpclient-4.5.2.jar:/home/user/.m2/repository/org/apache/httpcomponents/httpcore/4.4.4/httpcore-4.4.4.jar:/home/user/.m2/repository/commons-codec/commons-codec/1.11/commons-codec-1.11.jar:/home/user/.m2/repository/commons-io/commons-io/2.5/commons-io-2.5.jar:/home/user/.m2/repository/commons-net/commons-net/3.6/commons-net-3.6.jar:/home/user/.m2/repository/commons-collections/commons-collections/3.2.2/commons-collections-3.2.2.jar:/home/user/.m2/repository/javax/servlet/javax.servlet-api/3.1.0/javax.servlet-api-3.1.0.jar:/home/user/.m2/repository/org/eclipse/jetty/jetty-server/9.3.24.v20180605/jetty-server-9.3.24.v20180605.jar:/home/user/.m2/repository/org/eclipse/jetty/jetty-http/9.3.24.v20180605/jetty-http-9.3.24.v20180605.jar:/home/user/.m2/repository/org/eclipse/jetty/jetty-io/9.3.24.v20180605/jetty-io-9.3.24.v20180605.jar:/home/user/.m2/repository/org/eclipse/jetty/jetty-util/9.3.24.v20180605/jetty-util-9.3.24.v20180605.jar:/home/user/.m2/repository/org/eclipse/jetty/jetty-servlet/9.3.24.v20180605/jetty-servlet-9.3.24.v20180605.jar:/home/user/.m2/repository/org/eclipse/jetty/jetty-security/9.3.24.v20180605/jetty-security-9.3.24.v20180605.jar:/home/user/.m2/repository/org/eclipse/jetty/jetty-webapp/9.3.24.v20180605/jetty-webapp-9.3.24.v20180605.jar:/home/user/.m2/repository/org/eclipse/jetty/jetty-xml/9.3.24.v20180605/jetty-xml-9.3.24.v20180605.jar:/home/user/.m2/repository/javax/servlet/jsp/jsp-api/2.1/jsp-api-2.1.jar:/home/user/.m2/repository/com/sun/jersey/jersey-core/1.19/jersey-core-1.19.jar:/home/user/.m2/repository/javax/ws/rs/jsr311-api/1.1.1/jsr311-api-1.1.1.jar:/home/user/.m2/repository/com/sun/jersey/jersey-servlet/1.19/jersey-servlet-1.19.jar:/home/user/.m2/repository/com/sun/jersey/jersey-json/1.19/jersey-json-1.19.jar:/home/user/.m2/repository/org/codehaus/jettison/jettison/1.1/jettison-1.1.jar:/home/user/.m2/repository/com/sun/xml/bind/jaxb-impl/2.3.0.1/jaxb-impl-2.3.0.1.jar:/home/user/.m2/repository/org/codehaus/jackson/jackson-core-asl/1.9.13/jackson-core-asl-1.9.13.jar:/home/user/.m2/repository/org/codehaus/jackson/jackson-mapper-asl/1.9.13/jackson-mapper-asl-1.9.13.jar:/home/user/.m2/repository/org/codehaus/jackson/jackson-jaxrs/1.9.13/jackson-jaxrs-1.9.13.jar:/home/user/.m2/repository/org/codehaus/jackson/jackson-xc/1.9.13/jackson-xc-1.9.13.jar:/home/user/.m2/repository/com/sun/jersey/jersey-server/1.19/jersey-server-1.19.jar:/home/user/.m2/repository/commons-logging/commons-logging/1.1.3/commons-logging-1.1.3.jar:/home/user/.m2/repository/log4j/log4j/1.2.17/log4j-1.2.17.jar:/home/user/.m2/repository/commons-beanutils/commons-beanutils/1.9.3/commons-beanutils-1.9.3.jar:/home/user/.m2/repository/org/apache/commons/commons-configuration2/2.1.1/commons-configuration2-2.1.1.jar:/home/user/.m2/repository/org/apache/commons/commons-lang3/3.7/commons-lang3-3.7.jar:/home/user/.m2/repository/org/apache/commons/commons-text/1.4/commons-text-1.4.jar:/home/user/.m2/repository/org/slf4j/slf4j-api/1.7.25/slf4j-api-1.7.25.jar:/home/user/.m2/repository/org/slf4j/slf4j-log4j12/1.7.25/slf4j-log4j12-1.7.25.jar:/home/user/.m2/repository/org/apache/avro/avro/1.7.7/avro-1.7.7.jar:/home/user/.m2/repository/com/thoughtworks/paranamer/paranamer/2.3/paranamer-2.3.jar:/home/user/.m2/repository/org/xerial/snappy/snappy-java/1.0.5/snappy-java-1.0.5.jar:/home/user/.m2/repository/com/google/re2j/re2j/1.1/re2j-1.1.jar:/home/user/.m2/repository/com/google/protobuf/protobuf-java/2.5.0/protobuf-java-2.5.0.jar:/home/user/.m2/repository/com/google/code/gson/gson/2.2.4/gson-2.2.4.jar:/home/user/.m2/repository/org/apache/hadoop/hadoop-auth/3.2.0/hadoop-auth-3.2.0.jar:/home/user/.m2/repository/com/nimbusds/nimbus-jose-jwt/4.41.1/nimbus-jose-jwt-4.41.1.jar:/home/user/.m2/repository/com/github/stephenc/jcip/jcip-annotations/1.0-1/jcip-annotations-1.0-1.jar:/home/user/.m2/repository/net/minidev/json-smart/2.3/json-smart-2.3.jar:/home/user/.m2/repository/net/minidev/accessors-smart/1.2/accessors-smart-1.2.jar:/home/user/.m2/repository/org/apache/curator/curator-framework/2.12.0/curator-framework-2.12.0.jar:/home/user/.m2/repository/com/jcraft/jsch/0.1.54/jsch-0.1.54.jar:/home/user/.m2/repository/org/apache/curator/curator-client/2.12.0/curator-client-2.12.0.jar:/home/user/.m2/repository/org/apache/curator/curator-recipes/2.12.0/curator-recipes-2.12.0.jar:/home/user/.m2/repository/com/google/code/findbugs/jsr305/3.0.0/jsr305-3.0.0.jar:/home/user/.m2/repository/org/apache/htrace/htrace-core4/4.1.0-incubating/htrace-core4-4.1.0-incubating.jar:/home/user/.m2/repository/org/apache/zookeeper/zookeeper/3.4.13/zookeeper-3.4.13.jar:/home/user/.m2/repository/org/apache/yetus/audience-annotations/0.5.0/audience-annotations-0.5.0.jar:/home/user/.m2/repository/org/apache/commons/commons-compress/1.4.1/commons-compress-1.4.1.jar:/home/user/.m2/repository/org/tukaani/xz/1.0/xz-1.0.jar:/home/user/.m2/repository/org/apache/kerby/kerb-simplekdc/1.0.1/kerb-simplekdc-1.0.1.jar:/home/user/.m2/repository/org/apache/kerby/kerb-client/1.0.1/kerb-client-1.0.1.jar:/home/user/.m2/repository/org/apache/kerby/kerby-config/1.0.1/kerby-config-1.0.1.jar:/home/user/.m2/repository/org/apache/kerby/kerb-core/1.0.1/kerb-core-1.0.1.jar:/home/user/.m2/repository/org/apache/kerby/kerby-pkix/1.0.1/kerby-pkix-1.0.1.jar:/home/user/.m2/repository/org/apache/kerby/kerby-asn1/1.0.1/kerby-asn1-1.0.1.jar:/home/user/.m2/repository/org/apache/kerby/kerby-util/1.0.1/kerby-util-1.0.1.jar:/home/user/.m2/repository/org/apache/kerby/kerb-common/1.0.1/kerb-common-1.0.1.jar:/home/user/.m2/repository/org/apache/kerby/kerb-crypto/1.0.1/kerb-crypto-1.0.1.jar:/home/user/.m2/repository/org/apache/kerby/kerb-util/1.0.1/kerb-util-1.0.1.jar:/home/user/.m2/repository/org/apache/kerby/token-provider/1.0.1/token-provider-1.0.1.jar:/home/user/.m2/repository/org/apache/kerby/kerb-admin/1.0.1/kerb-admin-1.0.1.jar:/home/user/.m2/repository/org/apache/kerby/kerb-server/1.0.1/kerb-server-1.0.1.jar:/home/user/.m2/repository/org/apache/kerby/kerb-identity/1.0.1/kerb-identity-1.0.1.jar:/home/user/.m2/repository/org/apache/kerby/kerby-xdr/1.0.1/kerby-xdr-1.0.1.jar:/home/user/.m2/repository/com/fasterxml/jackson/core/jackson-databind/2.9.5/jackson-databind-2.9.5.jar:/home/user/.m2/repository/com/fasterxml/jackson/core/jackson-annotations/2.9.5/jackson-annotations-2.9.5.jar:/home/user/.m2/repository/com/fasterxml/jackson/core/jackson-core/2.9.5/jackson-core-2.9.5.jar:/home/user/.m2/repository/org/codehaus/woodstox/stax2-api/3.1.4/stax2-api-3.1.4.jar:/home/user/.m2/repository/com/fasterxml/woodstox/woodstox-core/5.0.3/woodstox-core-5.0.3.jar:/home/user/.m2/repository/dnsjava/dnsjava/2.1.7/dnsjava-2.1.7.jar:/home/user/.m2/repository/org/apache/hadoop/hadoop-hdfs/3.2.0/hadoop-hdfs-3.2.0.jar:/home/user/.m2/repository/org/eclipse/jetty/jetty-util-ajax/9.3.24.v20180605/jetty-util-ajax-9.3.24.v20180605.jar:/home/user/.m2/repository/commons-daemon/commons-daemon/1.0.13/commons-daemon-1.0.13.jar:/home/user/.m2/repository/io/netty/netty/3.10.5.Final/netty-3.10.5.Final.jar:/home/user/.m2/repository/io/netty/netty-all/4.0.52.Final/netty-all-4.0.52.Final.jar:/home/user/.m2/repository/org/fusesource/leveldbjni/leveldbjni-all/1.8/leveldbjni-all-1.8.jar:/home/user/.m2/repository/org/apache/hadoop/hadoop-hdds-common/0.5.0-SNAPSHOT/hadoop-hdds-common-0.5.0-SNAPSHOT.jar:/home/user/.m2/repository/org/apache/hadoop/hadoop-hdds-config/0.5.0-SNAPSHOT/hadoop-hdds-config-0.5.0-SNAPSHOT.jar:/home/user/.m2/repository/javax/annotation/javax.annotation-api/1.2/javax.annotation-api-1.2.jar:/home/user/.m2/repository/org/apache/ratis/ratis-server/0.4.0-2337318-SNAPSHOT/ratis-server-0.4.0-2337318-SNAPSHOT.jar:/home/user/.m2/repository/org/apache/ratis/ratis-thirdparty-misc/0.2.0/ratis-thirdparty-misc-0.2.0.jar:/home/user/.m2/repository/org/apache/ratis/ratis-proto/0.4.0-2337318-SNAPSHOT/ratis-proto-0.4.0-2337318-SNAPSHOT.jar:/home/user/.m2/repository/org/apache/ratis/ratis-common/0.4.0-2337318-SNAPSHOT/ratis-common-0.4.0-2337318-SNAPSHOT.jar:/home/user/.m2/repository/org/apache/ratis/ratis-client/0.4.0-2337318-SNAPSHOT/ratis-client-0.4.0-2337318-SNAPSHOT.jar:/home/user/.m2/repository/org/apache/ratis/ratis-metrics/0.4.0-2337318-SNAPSHOT/ratis-metrics-0.4.0-2337318-SNAPSHOT.jar:/home/user/.m2/repository/org/apache/ratis/ratis-netty/0.4.0-2337318-SNAPSHOT/ratis-netty-0.4.0-2337318-SNAPSHOT.jar:/home/user/.m2/repository/org/apache/ratis/ratis-grpc/0.4.0-2337318-SNAPSHOT/ratis-grpc-0.4.0-2337318-SNAPSHOT.jar:/home/user/.m2/repository/org/rocksdb/rocksdbjni/6.0.1/rocksdbjni-6.0.1.jar:/home/user/.m2/repository/org/apache/logging/log4j/log4j-api/2.11.0/log4j-api-2.11.0.jar:/home/user/.m2/repository/org/apache/logging/log4j/log4j-core/2.11.0/log4j-core-2.11.0.jar:/home/user/.m2/repository/com/lmax/disruptor/3.4.2/disruptor-3.4.2.jar:/home/user/.m2/repository/org/apache/commons/commons-pool2/2.6.0/commons-pool2-2.6.0.jar:/home/user/.m2/repository/org/bouncycastle/bcpkix-jdk15on/1.60/bcpkix-jdk15on-1.60.jar:/home/user/.m2/repository/commons-validator/commons-validator/1.6/commons-validator-1.6.jar:/home/user/.m2/repository/commons-digester/commons-digester/1.8.1/commons-digester-1.8.1.jar:/home/user/.m2/repository/io/jaegertracing/jaeger-client/0.33.1/jaeger-client-0.33.1.jar:/home/user/.m2/repository/io/jaegertracing/jaeger-thrift/0.33.1/jaeger-thrift-0.33.1.jar:/home/user/.m2/repository/org/apache/thrift/libthrift/0.11.0/libthrift-0.11.0.jar:/home/user/.m2/repository/com/squareup/okhttp3/okhttp/3.9.0/okhttp-3.9.0.jar:/home/user/.m2/repository/com/squareup/okio/okio/1.13.0/okio-1.13.0.jar:/home/user/.m2/repository/io/jaegertracing/jaeger-core/0.33.1/jaeger-core-0.33.1.jar:/home/user/.m2/repository/io/jaegertracing/jaeger-tracerresolver/0.33.1/jaeger-tracerresolver-0.33.1.jar:/home/user/.m2/repository/io/opentracing/contrib/opentracing-tracerresolver/0.1.5/opentracing-tracerresolver-0.1.5.jar:/home/user/.m2/repository/io/opentracing/opentracing-util/0.31.0/opentracing-util-0.31.0.jar:/home/user/.m2/repository/io/opentracing/opentracing-api/0.31.0/opentracing-api-0.31.0.jar:/home/user/.m2/repository/io/opentracing/opentracing-noop/0.31.0/opentracing-noop-0.31.0.jar:/home/user/.m2/repository/org/yaml/snakeyaml/1.16/snakeyaml-1.16.jar:/home/user/.m2/repository/org/apache/hadoop/hadoop-hdfs-client/3.2.0/hadoop-hdfs-client-3.2.0.jar:/home/user/.m2/repository/info/picocli/picocli/3.9.6/picocli-3.9.6.jar:/home/user/.m2/repository/org/apache/hadoop/hadoop-hdds-server-scm/0.5.0-SNAPSHOT/hadoop-hdds-server-scm-0.5.0-SNAPSHOT.jar:/home/user/.m2/repository/org/apache/hadoop/hadoop-hdds-docs/0.5.0-SNAPSHOT/hadoop-hdds-docs-0.5.0-SNAPSHOT.jar:/home/user/.m2/repository/io/dropwizard/metrics/metrics-core/3.2.4/metrics-core-3.2.4.jar:/home/user/.m2/repository/org/hamcrest/hamcrest-all/1.3/hamcrest-all-1.3.jar:/home/user/.m2/repository/org/bouncycastle/bcprov-jdk15on/1.60/bcprov-jdk15on-1.60.jar:/home/user/.m2/repository/org/apache/hadoop/hadoop-hdds-server-framework/0.5.0-SNAPSHOT/hadoop-hdds-server-framework-0.5.0-SNAPSHOT.jar:/home/user/.m2/repository/org/apache/hadoop/hadoop-ozone-ozone-manager/0.5.0-SNAPSHOT/hadoop-ozone-ozone-manager-0.5.0-SNAPSHOT.jar:/home/user/.m2/repository/org/apache/hadoop/hadoop-hdds-container-service/0.5.0-SNAPSHOT/hadoop-hdds-container-service-0.5.0-SNAPSHOT.jar:/home/user/.m2/repository/org/apache/hadoop/hadoop-hdds-client/0.5.0-SNAPSHOT/hadoop-hdds-client-0.5.0-SNAPSHOT.jar:/home/user/.m2/repository/org/apache/hadoop/hadoop-ozone-common/0.5.0-SNAPSHOT/hadoop-ozone-common-0.5.0-SNAPSHOT.jar:/home/user/.m2/repository/org/apache/hadoop/hadoop-hdds-tools/0.5.0-SNAPSHOT/hadoop-hdds-tools-0.5.0-SNAPSHOT.jar:/home/user/.m2/repository/org/xerial/sqlite-jdbc/3.25.2/sqlite-jdbc-3.25.2.jar:/home/user/.m2/repository/org/apache/hadoop/hadoop-ozone-objectstore-service/0.5.0-SNAPSHOT/hadoop-ozone-objectstore-service-0.5.0-SNAPSHOT.jar:/home/user/.m2/repository/com/google/code/findbugs/findbugs/3.0.1/findbugs-3.0.1.jar:/home/user/.m2/repository/net/jcip/jcip-annotations/1.0/jcip-annotations-1.0.jar:/home/user/.m2/repository/com/google/code/findbugs/bcel-findbugs/6.0/bcel-findbugs-6.0.jar:/home/user/.m2/repository/com/google/code/findbugs/jFormatString/2.0.1/jFormatString-2.0.1.jar:/home/user/.m2/repository/dom4j/dom4j/1.6.1/dom4j-1.6.1.jar:/home/user/.m2/repository/xml-apis/xml-apis/1.0.b2/xml-apis-1.0.b2.jar:/home/user/.m2/repository/org/ow2/asm/asm-debug-all/5.0.2/asm-debug-all-5.0.2.jar:/home/user/.m2/repository/org/ow2/asm/asm-commons/5.0.2/asm-commons-5.0.2.jar:/home/user/.m2/repository/org/ow2/asm/asm-tree/5.0.2/asm-tree-5.0.2.jar:/home/user/.m2/repository/org/ow2/asm/asm/5.0.4/asm-5.0.4.jar:/home/user/.m2/repository/commons-lang/commons-lang/2.6/commons-lang-2.6.jar:/home/user/.m2/repository/com/apple/AppleJavaExtensions/1.4/AppleJavaExtensions-1.4.jar:/home/user/.m2/repository/jaxen/jaxen/1.1.6/jaxen-1.1.6.jar:/home/user/.m2/repository/org/apache/hadoop/hadoop-common/3.2.0/hadoop-common-3.2.0-tests.jar:/home/user/.m2/repository/org/apache/hadoop/hadoop-ozone-client/0.5.0-SNAPSHOT/hadoop-ozone-client-0.5.0-SNAPSHOT.jar:/home/user/.m2/repository/org/apache/hadoop/hadoop-hdfs/3.2.0/hadoop-hdfs-3.2.0-tests.jar:/workdir/hadoop-ozone/integration-test/target/test-classes:/home/user/.m2/repository/org/apache/hadoop/hadoop-ozone-s3gateway/0.5.0-SNAPSHOT/hadoop-ozone-s3gateway-0.5.0-SNAPSHOT.jar:/home/user/.m2/repository/org/jboss/weld/servlet/weld-servlet/2.4.7.Final/weld-servlet-2.4.7.Final.jar:/home/user/.m2/repository/org/glassfish/jersey/containers/jersey-container-servlet-core/2.27/jersey-container-servlet-core-2.27.jar:/home/user/.m2/repository/org/glassfish/hk2/external/javax.inject/2.5.0-b42/javax.inject-2.5.0-b42.jar:/home/user/.m2/repository/org/glassfish/jersey/core/jersey-common/2.27/jersey-common-2.27.jar:/home/user/.m2/repository/org/glassfish/hk2/osgi-resource-locator/1.0.1/osgi-resource-locator-1.0.1.jar:/home/user/.m2/repository/javax/ws/rs/javax.ws.rs-api/2.1/javax.ws.rs-api-2.1.jar:/home/user/.m2/repository/org/glassfish/jersey/ext/cdi/jersey-cdi1x/2.27/jersey-cdi1x-2.27.jar:/home/user/.m2/repository/org/glassfish/jersey/inject/jersey-hk2/2.27/jersey-hk2-2.27.jar:/home/user/.m2/repository/org/glassfish/hk2/hk2-locator/2.5.0-b42/hk2-locator-2.5.0-b42.jar:/home/user/.m2/repository/org/javassist/javassist/3.22.0-CR2/javassist-3.22.0-CR2.jar:/home/user/.m2/repository/org/glassfish/hk2/hk2-api/2.5.0/hk2-api-2.5.0.jar:/home/user/.m2/repository/org/glassfish/hk2/external/jakarta.inject/2.5.0/jakarta.inject-2.5.0.jar:/home/user/.m2/repository/org/glassfish/hk2/hk2-utils/2.5.0/hk2-utils-2.5.0.jar:/home/user/.m2/repository/jakarta/annotation/jakarta.annotation-api/1.3.4/jakarta.annotation-api-1.3.4.jar:/home/user/.m2/repository/org/glassfish/hk2/external/aopalliance-repackaged/2.5.0/aopalliance-repackaged-2.5.0.jar:/home/user/.m2/repository/com/fasterxml/jackson/dataformat/jackson-dataformat-xml/2.9.0/jackson-dataformat-xml-2.9.0.jar:/home/user/.m2/repository/com/fasterxml/jackson/module/jackson-module-jaxb-annotations/2.9.5/jackson-module-jaxb-annotations-2.9.5.jar:/home/user/.m2/repository/javax/enterprise/cdi-api/1.2/cdi-api-1.2.jar:/home/user/.m2/repository/javax/el/javax.el-api/3.0.0/javax.el-api-3.0.0.jar:/home/user/.m2/repository/javax/interceptor/javax.interceptor-api/1.2/javax.interceptor-api-1.2.jar:/home/user/.m2/repository/javax/inject/javax.inject/1/javax.inject-1.jar:/home/user/.m2/repository/com/sun/xml/bind/jaxb-core/2.3.0.1/jaxb-core-2.3.0.1.jar:/home/user/.m2/repository/javax/xml/bind/jaxb-api/2.3.0/jaxb-api-2.3.0.jar:/home/user/.m2/repository/javax/activation/activation/1.1.1/activation-1.1.1.jar:/home/user/.m2/repository/org/apache/hadoop/hadoop-ozone-csi/0.5.0-SNAPSHOT/hadoop-ozone-csi-0.5.0-SNAPSHOT.jar:/home/user/.m2/repository/com/google/protobuf/protobuf-java-util/3.5.1/protobuf-java-util-3.5.1.jar:/home/user/.m2/repository/io/grpc/grpc-netty/1.17.1/grpc-netty-1.17.1.jar:/home/user/.m2/repository/io/grpc/grpc-core/1.17.1/grpc-core-1.17.1.jar:/home/user/.m2/repository/io/grpc/grpc-context/1.17.1/grpc-context-1.17.1.jar:/home/user/.m2/repository/com/google/errorprone/error_prone_annotations/2.2.0/error_prone_annotations-2.2.0.jar:/home/user/.m2/repository/org/codehaus/mojo/animal-sniffer-annotations/1.17/animal-sniffer-annotations-1.17.jar:/home/user/.m2/repository/io/opencensus/opencensus-api/0.17.0/opencensus-api-0.17.0.jar:/home/user/.m2/repository/io/opencensus/opencensus-contrib-grpc-metrics/0.17.0/opencensus-contrib-grpc-metrics-0.17.0.jar:/home/user/.m2/repository/io/netty/netty-codec-http2/4.1.30.Final/netty-codec-http2-4.1.30.Final.jar:/home/user/.m2/repository/io/netty/netty-codec-http/4.1.30.Final/netty-codec-http-4.1.30.Final.jar:/home/user/.m2/repository/io/netty/netty-codec/4.1.30.Final/netty-codec-4.1.30.Final.jar:/home/user/.m2/repository/io/netty/netty-handler/4.1.30.Final/netty-handler-4.1.30.Final.jar:/home/user/.m2/repository/io/netty/netty-handler-proxy/4.1.30.Final/netty-handler-proxy-4.1.30.Final.jar:/home/user/.m2/repository/io/netty/netty-codec-socks/4.1.30.Final/netty-codec-socks-4.1.30.Final.jar:/home/user/.m2/repository/io/netty/netty-transport-native-epoll/4.1.30.Final/netty-transport-native-epoll-4.1.30.Final.jar:/home/user/.m2/repository/io/netty/netty-common/4.1.30.Final/netty-common-4.1.30.Final.jar:/home/user/.m2/repository/io/netty/netty-buffer/4.1.30.Final/netty-buffer-4.1.30.Final.jar:/home/user/.m2/repository/io/netty/netty-transport/4.1.30.Final/netty-transport-4.1.30.Final.jar:/home/user/.m2/repository/io/netty/netty-resolver/4.1.30.Final/netty-resolver-4.1.30.Final.jar:/home/user/.m2/repository/io/netty/netty-transport-native-unix-common/4.1.30.Final/netty-transport-native-unix-common-4.1.30.Final.jar:/home/user/.m2/repository/io/grpc/grpc-protobuf/1.17.1/grpc-protobuf-1.17.1.jar:/home/user/.m2/repository/com/google/api/grpc/proto-google-common-protos/1.0.0/proto-google-common-protos-1.0.0.jar:/home/user/.m2/repository/io/grpc/grpc-protobuf-lite/1.17.1/grpc-protobuf-lite-1.17.1.jar:/home/user/.m2/repository/io/grpc/grpc-stub/1.17.1/grpc-stub-1.17.1.jar:/home/user/.m2/repository/org/apache/hadoop/hadoop-ozone-recon/0.5.0-SNAPSHOT/hadoop-ozone-recon-0.5.0-SNAPSHOT.jar:/home/user/.m2/repository/org/apache/hadoop/hadoop-ozone-reconcodegen/0.5.0-SNAPSHOT/hadoop-ozone-reconcodegen-0.5.0-SNAPSHOT.jar:/home/user/.m2/repository/com/google/inject/extensions/guice-multibindings/4.0/guice-multibindings-4.0.jar:/home/user/.m2/repository/com/google/inject/guice/4.0/guice-4.0.jar:/home/user/.m2/repository/aopalliance/aopalliance/1.0/aopalliance-1.0.jar:/home/user/.m2/repository/org/glassfish/jersey/containers/jersey-container-servlet/2.27/jersey-container-servlet-2.27.jar:/home/user/.m2/repository/org/glassfish/hk2/guice-bridge/2.5.0/guice-bridge-2.5.0.jar:/home/user/.m2/repository/org/glassfish/jersey/core/jersey-server/2.27/jersey-server-2.27.jar:/home/user/.m2/repository/org/glassfish/jersey/core/jersey-client/2.27/jersey-client-2.27.jar:/home/user/.m2/repository/org/glassfish/jersey/media/jersey-media-jaxb/2.27/jersey-media-jaxb-2.27.jar:/home/user/.m2/repository/javax/validation/validation-api/1.1.0.Final/validation-api-1.1.0.Final.jar:/home/user/.m2/repository/org/glassfish/jersey/media/jersey-media-json-jackson/2.27/jersey-media-json-jackson-2.27.jar:/home/user/.m2/repository/org/glassfish/jersey/ext/jersey-entity-filtering/2.27/jersey-entity-filtering-2.27.jar:/home/user/.m2/repository/com/google/inject/extensions/guice-assistedinject/4.0/guice-assistedinject-4.0.jar:/home/user/.m2/repository/org/jooq/jooq/3.11.10/jooq-3.11.10.jar:/home/user/.m2/repository/org/jooq/jooq-meta/3.11.10/jooq-meta-3.11.10.jar:/home/user/.m2/repository/org/jooq/jooq-codegen/3.11.10/jooq-codegen-3.11.10.jar:/home/user/.m2/repository/com/jolbox/bonecp/0.8.0.RELEASE/bonecp-0.8.0.RELEASE.jar:/home/user/.m2/repository/org/springframework/spring-jdbc/5.1.3.RELEASE/spring-jdbc-5.1.3.RELEASE.jar:/home/user/.m2/repository/org/springframework/spring-beans/5.1.3.RELEASE/spring-beans-5.1.3.RELEASE.jar:/home/user/.m2/repository/org/springframework/spring-core/5.1.3.RELEASE/spring-core-5.1.3.RELEASE.jar:/home/user/.m2/repository/org/springframework/spring-jcl/5.1.3.RELEASE/spring-jcl-5.1.3.RELEASE.jar:/home/user/.m2/repository/org/springframework/spring-tx/5.1.3.RELEASE/spring-tx-5.1.3.RELEASE.jar:/home/user/.m2/repository/org/mockito/mockito-all/1.10.19/mockito-all-1.10.19.jar:/home/user/.m2/repository/junit/junit/4.11/junit-4.11.jar:/home/user/.m2/repository/org/hamcrest/hamcrest-core/1.3/hamcrest-core-1.3.jar:/home/user/.m2/repository/org/apache/hadoop/hadoop-distcp/3.2.0/hadoop-distcp-3.2.0.jar:/home/user/.m2/repository/org/apache/hadoop/hadoop-distcp/3.2.0/hadoop-distcp-3.2.0-tests.jar:/home/user/.m2/repository/org/apache/hadoop/hadoop-mapreduce-client-jobclient/3.2.0/hadoop-mapreduce-client-jobclient-3.2.0.jar:/home/user/.m2/repository/org/apache/hadoop/hadoop-mapreduce-client-common/3.2.0/hadoop-mapreduce-client-common-3.2.0.jar:/home/user/.m2/repository/org/apache/hadoop/hadoop-yarn-common/3.2.0/hadoop-yarn-common-3.2.0.jar:/home/user/.m2/repository/org/apache/hadoop/hadoop-yarn-api/3.2.0/hadoop-yarn-api-3.2.0.jar:/home/user/.m2/repository/com/sun/jersey/jersey-client/1.19/jersey-client-1.19.jar:/home/user/.m2/repository/com/sun/jersey/contribs/jersey-guice/1.19/jersey-guice-1.19.jar:/home/user/.m2/repository/com/fasterxml/jackson/jaxrs/jackson-jaxrs-json-provider/2.9.5/jackson-jaxrs-json-provider-2.9.5.jar:/home/user/.m2/repository/com/fasterxml/jackson/jaxrs/jackson-jaxrs-base/2.9.5/jackson-jaxrs-base-2.9.5.jar:/home/user/.m2/repository/org/apache/hadoop/hadoop-yarn-client/3.2.0/hadoop-yarn-client-3.2.0.jar:/home/user/.m2/repository/org/apache/hadoop/hadoop-mapreduce-client-core/3.2.0/hadoop-mapreduce-client-core-3.2.0.jar:/home/user/.m2/repository/com/google/inject/extensions/guice-servlet/4.0/guice-servlet-4.0.jar:/home/user/.m2/repository/org/powermock/powermock-module-junit4/1.6.5/powermock-module-junit4-1.6.5.jar:/home/user/.m2/repository/org/powermock/powermock-module-junit4-common/1.6.5/powermock-module-junit4-common-1.6.5.jar:/home/user/.m2/repository/org/powermock/powermock-core/1.6.5/powermock-core-1.6.5.jar:/home/user/.m2/repository/org/powermock/powermock-reflect/1.6.5/powermock-reflect-1.6.5.jar:/home/user/.m2/repository/org/powermock/powermock-api-mockito/1.6.5/powermock-api-mockito-1.6.5.jar:/home/user/.m2/repository/org/mockito/mockito-core/1.10.19/mockito-core-1.10.19.jar:/home/user/.m2/repository/org/objenesis/objenesis/1.0/objenesis-1.0.jar:/home/user/.m2/repository/org/powermock/powermock-api-mockito-common/1.6.5/powermock-api-mockito-common-1.6.5.jar:/home/user/.m2/repository/org/powermock/powermock-api-support/1.6.5/powermock-api-support-1.6.5.jar:"/>
    <property name="java.vm.vendor" value="IcedTea"/>
    <property name="sun.arch.data.model" value="64"/>
    <property name="test.build.dir" value="/workdir/hadoop-ozone/ozonefs/target/test-dir"/>
    <property name="test.cache.data" value=""/>
    <property name="java.vendor.url" value="https://icedtea.classpath.org"/>
    <property name="user.timezone" value=""/>
    <property name="java.vm.specification.version" value="1.8"/>
    <property name="os.name" value="Linux"/>
    <property name="test.build.data" value="/workdir/hadoop-ozone/ozonefs/target/test-dir"/>
    <property name="user.country" value="US"/>
    <property name="sun.java.launcher" value="SUN_STANDARD"/>
    <property name="sun.boot.library.path" value="/usr/lib/jvm/java-1.8-openjdk/jre/lib/amd64"/>
    <property name="sun.java.command" value="/workdir/hadoop-ozone/ozonefs/target/surefire/surefirebooter9136843109033523238.jar /workdir/hadoop-ozone/ozonefs/target/surefire 2019-09-20T09-23-56_214-jvmRun1 surefire2375909667112088690tmp surefire_1147975071040357303410tmp"/>
    <property name="test" value="!TestMiniChaosOzoneCluster"/>
    <property name="surefire.test.class.path" value="/workdir/hadoop-ozone/ozonefs/target/test-classes:/workdir/hadoop-ozone/ozonefs/target/classes:/home/user/.m2/repository/org/apache/hadoop/hadoop-common/3.2.0/hadoop-common-3.2.0.jar:/home/user/.m2/repository/org/apache/hadoop/hadoop-annotations/3.2.0/hadoop-annotations-3.2.0.jar:/usr/lib/jvm/java-1.8-openjdk/jre/../lib/tools.jar:/home/user/.m2/repository/com/google/guava/guava/11.0.2/guava-11.0.2.jar:/home/user/.m2/repository/commons-cli/commons-cli/1.2/commons-cli-1.2.jar:/home/user/.m2/repository/org/apache/commons/commons-math3/3.1.1/commons-math3-3.1.1.jar:/home/user/.m2/repository/org/apache/httpcomponents/httpclient/4.5.2/httpclient-4.5.2.jar:/home/user/.m2/repository/org/apache/httpcomponents/httpcore/4.4.4/httpcore-4.4.4.jar:/home/user/.m2/repository/commons-codec/commons-codec/1.11/commons-codec-1.11.jar:/home/user/.m2/repository/commons-io/commons-io/2.5/commons-io-2.5.jar:/home/user/.m2/repository/commons-net/commons-net/3.6/commons-net-3.6.jar:/home/user/.m2/repository/commons-collections/commons-collections/3.2.2/commons-collections-3.2.2.jar:/home/user/.m2/repository/javax/servlet/javax.servlet-api/3.1.0/javax.servlet-api-3.1.0.jar:/home/user/.m2/repository/org/eclipse/jetty/jetty-server/9.3.24.v20180605/jetty-server-9.3.24.v20180605.jar:/home/user/.m2/repository/org/eclipse/jetty/jetty-http/9.3.24.v20180605/jetty-http-9.3.24.v20180605.jar:/home/user/.m2/repository/org/eclipse/jetty/jetty-io/9.3.24.v20180605/jetty-io-9.3.24.v20180605.jar:/home/user/.m2/repository/org/eclipse/jetty/jetty-util/9.3.24.v20180605/jetty-util-9.3.24.v20180605.jar:/home/user/.m2/repository/org/eclipse/jetty/jetty-servlet/9.3.24.v20180605/jetty-servlet-9.3.24.v20180605.jar:/home/user/.m2/repository/org/eclipse/jetty/jetty-security/9.3.24.v20180605/jetty-security-9.3.24.v20180605.jar:/home/user/.m2/repository/org/eclipse/jetty/jetty-webapp/9.3.24.v20180605/jetty-webapp-9.3.24.v20180605.jar:/home/user/.m2/repository/org/eclipse/jetty/jetty-xml/9.3.24.v20180605/jetty-xml-9.3.24.v20180605.jar:/home/user/.m2/repository/javax/servlet/jsp/jsp-api/2.1/jsp-api-2.1.jar:/home/user/.m2/repository/com/sun/jersey/jersey-core/1.19/jersey-core-1.19.jar:/home/user/.m2/repository/javax/ws/rs/jsr311-api/1.1.1/jsr311-api-1.1.1.jar:/home/user/.m2/repository/com/sun/jersey/jersey-servlet/1.19/jersey-servlet-1.19.jar:/home/user/.m2/repository/com/sun/jersey/jersey-json/1.19/jersey-json-1.19.jar:/home/user/.m2/repository/org/codehaus/jettison/jettison/1.1/jettison-1.1.jar:/home/user/.m2/repository/com/sun/xml/bind/jaxb-impl/2.3.0.1/jaxb-impl-2.3.0.1.jar:/home/user/.m2/repository/org/codehaus/jackson/jackson-core-asl/1.9.13/jackson-core-asl-1.9.13.jar:/home/user/.m2/repository/org/codehaus/jackson/jackson-mapper-asl/1.9.13/jackson-mapper-asl-1.9.13.jar:/home/user/.m2/repository/org/codehaus/jackson/jackson-jaxrs/1.9.13/jackson-jaxrs-1.9.13.jar:/home/user/.m2/repository/org/codehaus/jackson/jackson-xc/1.9.13/jackson-xc-1.9.13.jar:/home/user/.m2/repository/com/sun/jersey/jersey-server/1.19/jersey-server-1.19.jar:/home/user/.m2/repository/commons-logging/commons-logging/1.1.3/commons-logging-1.1.3.jar:/home/user/.m2/repository/log4j/log4j/1.2.17/log4j-1.2.17.jar:/home/user/.m2/repository/commons-beanutils/commons-beanutils/1.9.3/commons-beanutils-1.9.3.jar:/home/user/.m2/repository/org/apache/commons/commons-configuration2/2.1.1/commons-configuration2-2.1.1.jar:/home/user/.m2/repository/org/apache/commons/commons-lang3/3.7/commons-lang3-3.7.jar:/home/user/.m2/repository/org/apache/commons/commons-text/1.4/commons-text-1.4.jar:/home/user/.m2/repository/org/slf4j/slf4j-api/1.7.25/slf4j-api-1.7.25.jar:/home/user/.m2/repository/org/slf4j/slf4j-log4j12/1.7.25/slf4j-log4j12-1.7.25.jar:/home/user/.m2/repository/org/apache/avro/avro/1.7.7/avro-1.7.7.jar:/home/user/.m2/repository/com/thoughtworks/paranamer/paranamer/2.3/paranamer-2.3.jar:/home/user/.m2/repository/org/xerial/snappy/snappy-java/1.0.5/snappy-java-1.0.5.jar:/home/user/.m2/repository/com/google/re2j/re2j/1.1/re2j-1.1.jar:/home/user/.m2/repository/com/google/protobuf/protobuf-java/2.5.0/protobuf-java-2.5.0.jar:/home/user/.m2/repository/com/google/code/gson/gson/2.2.4/gson-2.2.4.jar:/home/user/.m2/repository/org/apache/hadoop/hadoop-auth/3.2.0/hadoop-auth-3.2.0.jar:/home/user/.m2/repository/com/nimbusds/nimbus-jose-jwt/4.41.1/nimbus-jose-jwt-4.41.1.jar:/home/user/.m2/repository/com/github/stephenc/jcip/jcip-annotations/1.0-1/jcip-annotations-1.0-1.jar:/home/user/.m2/repository/net/minidev/json-smart/2.3/json-smart-2.3.jar:/home/user/.m2/repository/net/minidev/accessors-smart/1.2/accessors-smart-1.2.jar:/home/user/.m2/repository/org/apache/curator/curator-framework/2.12.0/curator-framework-2.12.0.jar:/home/user/.m2/repository/com/jcraft/jsch/0.1.54/jsch-0.1.54.jar:/home/user/.m2/repository/org/apache/curator/curator-client/2.12.0/curator-client-2.12.0.jar:/home/user/.m2/repository/org/apache/curator/curator-recipes/2.12.0/curator-recipes-2.12.0.jar:/home/user/.m2/repository/com/google/code/findbugs/jsr305/3.0.0/jsr305-3.0.0.jar:/home/user/.m2/repository/org/apache/htrace/htrace-core4/4.1.0-incubating/htrace-core4-4.1.0-incubating.jar:/home/user/.m2/repository/org/apache/zookeeper/zookeeper/3.4.13/zookeeper-3.4.13.jar:/home/user/.m2/repository/org/apache/yetus/audience-annotations/0.5.0/audience-annotations-0.5.0.jar:/home/user/.m2/repository/org/apache/commons/commons-compress/1.4.1/commons-compress-1.4.1.jar:/home/user/.m2/repository/org/tukaani/xz/1.0/xz-1.0.jar:/home/user/.m2/repository/org/apache/kerby/kerb-simplekdc/1.0.1/kerb-simplekdc-1.0.1.jar:/home/user/.m2/repository/org/apache/kerby/kerb-client/1.0.1/kerb-client-1.0.1.jar:/home/user/.m2/repository/org/apache/kerby/kerby-config/1.0.1/kerby-config-1.0.1.jar:/home/user/.m2/repository/org/apache/kerby/kerb-core/1.0.1/kerb-core-1.0.1.jar:/home/user/.m2/repository/org/apache/kerby/kerby-pkix/1.0.1/kerby-pkix-1.0.1.jar:/home/user/.m2/repository/org/apache/kerby/kerby-asn1/1.0.1/kerby-asn1-1.0.1.jar:/home/user/.m2/repository/org/apache/kerby/kerby-util/1.0.1/kerby-util-1.0.1.jar:/home/user/.m2/repository/org/apache/kerby/kerb-common/1.0.1/kerb-common-1.0.1.jar:/home/user/.m2/repository/org/apache/kerby/kerb-crypto/1.0.1/kerb-crypto-1.0.1.jar:/home/user/.m2/repository/org/apache/kerby/kerb-util/1.0.1/kerb-util-1.0.1.jar:/home/user/.m2/repository/org/apache/kerby/token-provider/1.0.1/token-provider-1.0.1.jar:/home/user/.m2/repository/org/apache/kerby/kerb-admin/1.0.1/kerb-admin-1.0.1.jar:/home/user/.m2/repository/org/apache/kerby/kerb-server/1.0.1/kerb-server-1.0.1.jar:/home/user/.m2/repository/org/apache/kerby/kerb-identity/1.0.1/kerb-identity-1.0.1.jar:/home/user/.m2/repository/org/apache/kerby/kerby-xdr/1.0.1/kerby-xdr-1.0.1.jar:/home/user/.m2/repository/com/fasterxml/jackson/core/jackson-databind/2.9.5/jackson-databind-2.9.5.jar:/home/user/.m2/repository/com/fasterxml/jackson/core/jackson-annotations/2.9.5/jackson-annotations-2.9.5.jar:/home/user/.m2/repository/com/fasterxml/jackson/core/jackson-core/2.9.5/jackson-core-2.9.5.jar:/home/user/.m2/repository/org/codehaus/woodstox/stax2-api/3.1.4/stax2-api-3.1.4.jar:/home/user/.m2/repository/com/fasterxml/woodstox/woodstox-core/5.0.3/woodstox-core-5.0.3.jar:/home/user/.m2/repository/dnsjava/dnsjava/2.1.7/dnsjava-2.1.7.jar:/home/user/.m2/repository/org/apache/hadoop/hadoop-hdfs/3.2.0/hadoop-hdfs-3.2.0.jar:/home/user/.m2/repository/org/eclipse/jetty/jetty-util-ajax/9.3.24.v20180605/jetty-util-ajax-9.3.24.v20180605.jar:/home/user/.m2/repository/commons-daemon/commons-daemon/1.0.13/commons-daemon-1.0.13.jar:/home/user/.m2/repository/io/netty/netty/3.10.5.Final/netty-3.10.5.Final.jar:/home/user/.m2/repository/io/netty/netty-all/4.0.52.Final/netty-all-4.0.52.Final.jar:/home/user/.m2/repository/org/fusesource/leveldbjni/leveldbjni-all/1.8/leveldbjni-all-1.8.jar:/home/user/.m2/repository/org/apache/hadoop/hadoop-hdds-common/0.5.0-SNAPSHOT/hadoop-hdds-common-0.5.0-SNAPSHOT.jar:/home/user/.m2/repository/org/apache/hadoop/hadoop-hdds-config/0.5.0-SNAPSHOT/hadoop-hdds-config-0.5.0-SNAPSHOT.jar:/home/user/.m2/repository/javax/annotation/javax.annotation-api/1.2/javax.annotation-api-1.2.jar:/home/user/.m2/repository/org/apache/ratis/ratis-server/0.4.0-2337318-SNAPSHOT/ratis-server-0.4.0-2337318-SNAPSHOT.jar:/home/user/.m2/repository/org/apache/ratis/ratis-thirdparty-misc/0.2.0/ratis-thirdparty-misc-0.2.0.jar:/home/user/.m2/repository/org/apache/ratis/ratis-proto/0.4.0-2337318-SNAPSHOT/ratis-proto-0.4.0-2337318-SNAPSHOT.jar:/home/user/.m2/repository/org/apache/ratis/ratis-common/0.4.0-2337318-SNAPSHOT/ratis-common-0.4.0-2337318-SNAPSHOT.jar:/home/user/.m2/repository/org/apache/ratis/ratis-client/0.4.0-2337318-SNAPSHOT/ratis-client-0.4.0-2337318-SNAPSHOT.jar:/home/user/.m2/repository/org/apache/ratis/ratis-metrics/0.4.0-2337318-SNAPSHOT/ratis-metrics-0.4.0-2337318-SNAPSHOT.jar:/home/user/.m2/repository/org/apache/ratis/ratis-netty/0.4.0-2337318-SNAPSHOT/ratis-netty-0.4.0-2337318-SNAPSHOT.jar:/home/user/.m2/repository/org/apache/ratis/ratis-grpc/0.4.0-2337318-SNAPSHOT/ratis-grpc-0.4.0-2337318-SNAPSHOT.jar:/home/user/.m2/repository/org/rocksdb/rocksdbjni/6.0.1/rocksdbjni-6.0.1.jar:/home/user/.m2/repository/org/apache/logging/log4j/log4j-api/2.11.0/log4j-api-2.11.0.jar:/home/user/.m2/repository/org/apache/logging/log4j/log4j-core/2.11.0/log4j-core-2.11.0.jar:/home/user/.m2/repository/com/lmax/disruptor/3.4.2/disruptor-3.4.2.jar:/home/user/.m2/repository/org/apache/commons/commons-pool2/2.6.0/commons-pool2-2.6.0.jar:/home/user/.m2/repository/org/bouncycastle/bcpkix-jdk15on/1.60/bcpkix-jdk15on-1.60.jar:/home/user/.m2/repository/commons-validator/commons-validator/1.6/commons-validator-1.6.jar:/home/user/.m2/repository/commons-digester/commons-digester/1.8.1/commons-digester-1.8.1.jar:/home/user/.m2/repository/io/jaegertracing/jaeger-client/0.33.1/jaeger-client-0.33.1.jar:/home/user/.m2/repository/io/jaegertracing/jaeger-thrift/0.33.1/jaeger-thrift-0.33.1.jar:/home/user/.m2/repository/org/apache/thrift/libthrift/0.11.0/libthrift-0.11.0.jar:/home/user/.m2/repository/com/squareup/okhttp3/okhttp/3.9.0/okhttp-3.9.0.jar:/home/user/.m2/repository/com/squareup/okio/okio/1.13.0/okio-1.13.0.jar:/home/user/.m2/repository/io/jaegertracing/jaeger-core/0.33.1/jaeger-core-0.33.1.jar:/home/user/.m2/repository/io/jaegertracing/jaeger-tracerresolver/0.33.1/jaeger-tracerresolver-0.33.1.jar:/home/user/.m2/repository/io/opentracing/contrib/opentracing-tracerresolver/0.1.5/opentracing-tracerresolver-0.1.5.jar:/home/user/.m2/repository/io/opentracing/opentracing-util/0.31.0/opentracing-util-0.31.0.jar:/home/user/.m2/repository/io/opentracing/opentracing-api/0.31.0/opentracing-api-0.31.0.jar:/home/user/.m2/repository/io/opentracing/opentracing-noop/0.31.0/opentracing-noop-0.31.0.jar:/home/user/.m2/repository/org/yaml/snakeyaml/1.16/snakeyaml-1.16.jar:/home/user/.m2/repository/org/apache/hadoop/hadoop-hdfs-client/3.2.0/hadoop-hdfs-client-3.2.0.jar:/home/user/.m2/repository/info/picocli/picocli/3.9.6/picocli-3.9.6.jar:/home/user/.m2/repository/org/apache/hadoop/hadoop-hdds-server-scm/0.5.0-SNAPSHOT/hadoop-hdds-server-scm-0.5.0-SNAPSHOT.jar:/home/user/.m2/repository/org/apache/hadoop/hadoop-hdds-docs/0.5.0-SNAPSHOT/hadoop-hdds-docs-0.5.0-SNAPSHOT.jar:/home/user/.m2/repository/io/dropwizard/metrics/metrics-core/3.2.4/metrics-core-3.2.4.jar:/home/user/.m2/repository/org/hamcrest/hamcrest-all/1.3/hamcrest-all-1.3.jar:/home/user/.m2/repository/org/bouncycastle/bcprov-jdk15on/1.60/bcprov-jdk15on-1.60.jar:/home/user/.m2/repository/org/apache/hadoop/hadoop-hdds-server-framework/0.5.0-SNAPSHOT/hadoop-hdds-server-framework-0.5.0-SNAPSHOT.jar:/home/user/.m2/repository/org/apache/hadoop/hadoop-ozone-ozone-manager/0.5.0-SNAPSHOT/hadoop-ozone-ozone-manager-0.5.0-SNAPSHOT.jar:/home/user/.m2/repository/org/apache/hadoop/hadoop-hdds-container-service/0.5.0-SNAPSHOT/hadoop-hdds-container-service-0.5.0-SNAPSHOT.jar:/home/user/.m2/repository/org/apache/hadoop/hadoop-hdds-client/0.5.0-SNAPSHOT/hadoop-hdds-client-0.5.0-SNAPSHOT.jar:/home/user/.m2/repository/org/apache/hadoop/hadoop-ozone-common/0.5.0-SNAPSHOT/hadoop-ozone-common-0.5.0-SNAPSHOT.jar:/home/user/.m2/repository/org/apache/hadoop/hadoop-hdds-tools/0.5.0-SNAPSHOT/hadoop-hdds-tools-0.5.0-SNAPSHOT.jar:/home/user/.m2/repository/org/xerial/sqlite-jdbc/3.25.2/sqlite-jdbc-3.25.2.jar:/home/user/.m2/repository/org/apache/hadoop/hadoop-ozone-objectstore-service/0.5.0-SNAPSHOT/hadoop-ozone-objectstore-service-0.5.0-SNAPSHOT.jar:/home/user/.m2/repository/com/google/code/findbugs/findbugs/3.0.1/findbugs-3.0.1.jar:/home/user/.m2/repository/net/jcip/jcip-annotations/1.0/jcip-annotations-1.0.jar:/home/user/.m2/repository/com/google/code/findbugs/bcel-findbugs/6.0/bcel-findbugs-6.0.jar:/home/user/.m2/repository/com/google/code/findbugs/jFormatString/2.0.1/jFormatString-2.0.1.jar:/home/user/.m2/repository/dom4j/dom4j/1.6.1/dom4j-1.6.1.jar:/home/user/.m2/repository/xml-apis/xml-apis/1.0.b2/xml-apis-1.0.b2.jar:/home/user/.m2/repository/org/ow2/asm/asm-debug-all/5.0.2/asm-debug-all-5.0.2.jar:/home/user/.m2/repository/org/ow2/asm/asm-commons/5.0.2/asm-commons-5.0.2.jar:/home/user/.m2/repository/org/ow2/asm/asm-tree/5.0.2/asm-tree-5.0.2.jar:/home/user/.m2/repository/org/ow2/asm/asm/5.0.4/asm-5.0.4.jar:/home/user/.m2/repository/commons-lang/commons-lang/2.6/commons-lang-2.6.jar:/home/user/.m2/repository/com/apple/AppleJavaExtensions/1.4/AppleJavaExtensions-1.4.jar:/home/user/.m2/repository/jaxen/jaxen/1.1.6/jaxen-1.1.6.jar:/home/user/.m2/repository/org/apache/hadoop/hadoop-common/3.2.0/hadoop-common-3.2.0-tests.jar:/home/user/.m2/repository/org/apache/hadoop/hadoop-ozone-client/0.5.0-SNAPSHOT/hadoop-ozone-client-0.5.0-SNAPSHOT.jar:/home/user/.m2/repository/org/apache/hadoop/hadoop-hdfs/3.2.0/hadoop-hdfs-3.2.0-tests.jar:/workdir/hadoop-ozone/integration-test/target/test-classes:/home/user/.m2/repository/org/apache/hadoop/hadoop-ozone-s3gateway/0.5.0-SNAPSHOT/hadoop-ozone-s3gateway-0.5.0-SNAPSHOT.jar:/home/user/.m2/repository/org/jboss/weld/servlet/weld-servlet/2.4.7.Final/weld-servlet-2.4.7.Final.jar:/home/user/.m2/repository/org/glassfish/jersey/containers/jersey-container-servlet-core/2.27/jersey-container-servlet-core-2.27.jar:/home/user/.m2/repository/org/glassfish/hk2/external/javax.inject/2.5.0-b42/javax.inject-2.5.0-b42.jar:/home/user/.m2/repository/org/glassfish/jersey/core/jersey-common/2.27/jersey-common-2.27.jar:/home/user/.m2/repository/org/glassfish/hk2/osgi-resource-locator/1.0.1/osgi-resource-locator-1.0.1.jar:/home/user/.m2/repository/javax/ws/rs/javax.ws.rs-api/2.1/javax.ws.rs-api-2.1.jar:/home/user/.m2/repository/org/glassfish/jersey/ext/cdi/jersey-cdi1x/2.27/jersey-cdi1x-2.27.jar:/home/user/.m2/repository/org/glassfish/jersey/inject/jersey-hk2/2.27/jersey-hk2-2.27.jar:/home/user/.m2/repository/org/glassfish/hk2/hk2-locator/2.5.0-b42/hk2-locator-2.5.0-b42.jar:/home/user/.m2/repository/org/javassist/javassist/3.22.0-CR2/javassist-3.22.0-CR2.jar:/home/user/.m2/repository/org/glassfish/hk2/hk2-api/2.5.0/hk2-api-2.5.0.jar:/home/user/.m2/repository/org/glassfish/hk2/external/jakarta.inject/2.5.0/jakarta.inject-2.5.0.jar:/home/user/.m2/repository/org/glassfish/hk2/hk2-utils/2.5.0/hk2-utils-2.5.0.jar:/home/user/.m2/repository/jakarta/annotation/jakarta.annotation-api/1.3.4/jakarta.annotation-api-1.3.4.jar:/home/user/.m2/repository/org/glassfish/hk2/external/aopalliance-repackaged/2.5.0/aopalliance-repackaged-2.5.0.jar:/home/user/.m2/repository/com/fasterxml/jackson/dataformat/jackson-dataformat-xml/2.9.0/jackson-dataformat-xml-2.9.0.jar:/home/user/.m2/repository/com/fasterxml/jackson/module/jackson-module-jaxb-annotations/2.9.5/jackson-module-jaxb-annotations-2.9.5.jar:/home/user/.m2/repository/javax/enterprise/cdi-api/1.2/cdi-api-1.2.jar:/home/user/.m2/repository/javax/el/javax.el-api/3.0.0/javax.el-api-3.0.0.jar:/home/user/.m2/repository/javax/interceptor/javax.interceptor-api/1.2/javax.interceptor-api-1.2.jar:/home/user/.m2/repository/javax/inject/javax.inject/1/javax.inject-1.jar:/home/user/.m2/repository/com/sun/xml/bind/jaxb-core/2.3.0.1/jaxb-core-2.3.0.1.jar:/home/user/.m2/repository/javax/xml/bind/jaxb-api/2.3.0/jaxb-api-2.3.0.jar:/home/user/.m2/repository/javax/activation/activation/1.1.1/activation-1.1.1.jar:/home/user/.m2/repository/org/apache/hadoop/hadoop-ozone-csi/0.5.0-SNAPSHOT/hadoop-ozone-csi-0.5.0-SNAPSHOT.jar:/home/user/.m2/repository/com/google/protobuf/protobuf-java-util/3.5.1/protobuf-java-util-3.5.1.jar:/home/user/.m2/repository/io/grpc/grpc-netty/1.17.1/grpc-netty-1.17.1.jar:/home/user/.m2/repository/io/grpc/grpc-core/1.17.1/grpc-core-1.17.1.jar:/home/user/.m2/repository/io/grpc/grpc-context/1.17.1/grpc-context-1.17.1.jar:/home/user/.m2/repository/com/google/errorprone/error_prone_annotations/2.2.0/error_prone_annotations-2.2.0.jar:/home/user/.m2/repository/org/codehaus/mojo/animal-sniffer-annotations/1.17/animal-sniffer-annotations-1.17.jar:/home/user/.m2/repository/io/opencensus/opencensus-api/0.17.0/opencensus-api-0.17.0.jar:/home/user/.m2/repository/io/opencensus/opencensus-contrib-grpc-metrics/0.17.0/opencensus-contrib-grpc-metrics-0.17.0.jar:/home/user/.m2/repository/io/netty/netty-codec-http2/4.1.30.Final/netty-codec-http2-4.1.30.Final.jar:/home/user/.m2/repository/io/netty/netty-codec-http/4.1.30.Final/netty-codec-http-4.1.30.Final.jar:/home/user/.m2/repository/io/netty/netty-codec/4.1.30.Final/netty-codec-4.1.30.Final.jar:/home/user/.m2/repository/io/netty/netty-handler/4.1.30.Final/netty-handler-4.1.30.Final.jar:/home/user/.m2/repository/io/netty/netty-handler-proxy/4.1.30.Final/netty-handler-proxy-4.1.30.Final.jar:/home/user/.m2/repository/io/netty/netty-codec-socks/4.1.30.Final/netty-codec-socks-4.1.30.Final.jar:/home/user/.m2/repository/io/netty/netty-transport-native-epoll/4.1.30.Final/netty-transport-native-epoll-4.1.30.Final.jar:/home/user/.m2/repository/io/netty/netty-common/4.1.30.Final/netty-common-4.1.30.Final.jar:/home/user/.m2/repository/io/netty/netty-buffer/4.1.30.Final/netty-buffer-4.1.30.Final.jar:/home/user/.m2/repository/io/netty/netty-transport/4.1.30.Final/netty-transport-4.1.30.Final.jar:/home/user/.m2/repository/io/netty/netty-resolver/4.1.30.Final/netty-resolver-4.1.30.Final.jar:/home/user/.m2/repository/io/netty/netty-transport-native-unix-common/4.1.30.Final/netty-transport-native-unix-common-4.1.30.Final.jar:/home/user/.m2/repository/io/grpc/grpc-protobuf/1.17.1/grpc-protobuf-1.17.1.jar:/home/user/.m2/repository/com/google/api/grpc/proto-google-common-protos/1.0.0/proto-google-common-protos-1.0.0.jar:/home/user/.m2/repository/io/grpc/grpc-protobuf-lite/1.17.1/grpc-protobuf-lite-1.17.1.jar:/home/user/.m2/repository/io/grpc/grpc-stub/1.17.1/grpc-stub-1.17.1.jar:/home/user/.m2/repository/org/apache/hadoop/hadoop-ozone-recon/0.5.0-SNAPSHOT/hadoop-ozone-recon-0.5.0-SNAPSHOT.jar:/home/user/.m2/repository/org/apache/hadoop/hadoop-ozone-reconcodegen/0.5.0-SNAPSHOT/hadoop-ozone-reconcodegen-0.5.0-SNAPSHOT.jar:/home/user/.m2/repository/com/google/inject/extensions/guice-multibindings/4.0/guice-multibindings-4.0.jar:/home/user/.m2/repository/com/google/inject/guice/4.0/guice-4.0.jar:/home/user/.m2/repository/aopalliance/aopalliance/1.0/aopalliance-1.0.jar:/home/user/.m2/repository/org/glassfish/jersey/containers/jersey-container-servlet/2.27/jersey-container-servlet-2.27.jar:/home/user/.m2/repository/org/glassfish/hk2/guice-bridge/2.5.0/guice-bridge-2.5.0.jar:/home/user/.m2/repository/org/glassfish/jersey/core/jersey-server/2.27/jersey-server-2.27.jar:/home/user/.m2/repository/org/glassfish/jersey/core/jersey-client/2.27/jersey-client-2.27.jar:/home/user/.m2/repository/org/glassfish/jersey/media/jersey-media-jaxb/2.27/jersey-media-jaxb-2.27.jar:/home/user/.m2/repository/javax/validation/validation-api/1.1.0.Final/validation-api-1.1.0.Final.jar:/home/user/.m2/repository/org/glassfish/jersey/media/jersey-media-json-jackson/2.27/jersey-media-json-jackson-2.27.jar:/home/user/.m2/repository/org/glassfish/jersey/ext/jersey-entity-filtering/2.27/jersey-entity-filtering-2.27.jar:/home/user/.m2/repository/com/google/inject/extensions/guice-assistedinject/4.0/guice-assistedinject-4.0.jar:/home/user/.m2/repository/org/jooq/jooq/3.11.10/jooq-3.11.10.jar:/home/user/.m2/repository/org/jooq/jooq-meta/3.11.10/jooq-meta-3.11.10.jar:/home/user/.m2/repository/org/jooq/jooq-codegen/3.11.10/jooq-codegen-3.11.10.jar:/home/user/.m2/repository/com/jolbox/bonecp/0.8.0.RELEASE/bonecp-0.8.0.RELEASE.jar:/home/user/.m2/repository/org/springframework/spring-jdbc/5.1.3.RELEASE/spring-jdbc-5.1.3.RELEASE.jar:/home/user/.m2/repository/org/springframework/spring-beans/5.1.3.RELEASE/spring-beans-5.1.3.RELEASE.jar:/home/user/.m2/repository/org/springframework/spring-core/5.1.3.RELEASE/spring-core-5.1.3.RELEASE.jar:/home/user/.m2/repository/org/springframework/spring-jcl/5.1.3.RELEASE/spring-jcl-5.1.3.RELEASE.jar:/home/user/.m2/repository/org/springframework/spring-tx/5.1.3.RELEASE/spring-tx-5.1.3.RELEASE.jar:/home/user/.m2/repository/org/mockito/mockito-all/1.10.19/mockito-all-1.10.19.jar:/home/user/.m2/repository/junit/junit/4.11/junit-4.11.jar:/home/user/.m2/repository/org/hamcrest/hamcrest-core/1.3/hamcrest-core-1.3.jar:/home/user/.m2/repository/org/apache/hadoop/hadoop-distcp/3.2.0/hadoop-distcp-3.2.0.jar:/home/user/.m2/repository/org/apache/hadoop/hadoop-distcp/3.2.0/hadoop-distcp-3.2.0-tests.jar:/home/user/.m2/repository/org/apache/hadoop/hadoop-mapreduce-client-jobclient/3.2.0/hadoop-mapreduce-client-jobclient-3.2.0.jar:/home/user/.m2/repository/org/apache/hadoop/hadoop-mapreduce-client-common/3.2.0/hadoop-mapreduce-client-common-3.2.0.jar:/home/user/.m2/repository/org/apache/hadoop/hadoop-yarn-common/3.2.0/hadoop-yarn-common-3.2.0.jar:/home/user/.m2/repository/org/apache/hadoop/hadoop-yarn-api/3.2.0/hadoop-yarn-api-3.2.0.jar:/home/user/.m2/repository/com/sun/jersey/jersey-client/1.19/jersey-client-1.19.jar:/home/user/.m2/repository/com/sun/jersey/contribs/jersey-guice/1.19/jersey-guice-1.19.jar:/home/user/.m2/repository/com/fasterxml/jackson/jaxrs/jackson-jaxrs-json-provider/2.9.5/jackson-jaxrs-json-provider-2.9.5.jar:/home/user/.m2/repository/com/fasterxml/jackson/jaxrs/jackson-jaxrs-base/2.9.5/jackson-jaxrs-base-2.9.5.jar:/home/user/.m2/repository/org/apache/hadoop/hadoop-yarn-client/3.2.0/hadoop-yarn-client-3.2.0.jar:/home/user/.m2/repository/org/apache/hadoop/hadoop-mapreduce-client-core/3.2.0/hadoop-mapreduce-client-core-3.2.0.jar:/home/user/.m2/repository/com/google/inject/extensions/guice-servlet/4.0/guice-servlet-4.0.jar:/home/user/.m2/repository/org/powermock/powermock-module-junit4/1.6.5/powermock-module-junit4-1.6.5.jar:/home/user/.m2/repository/org/powermock/powermock-module-junit4-common/1.6.5/powermock-module-junit4-common-1.6.5.jar:/home/user/.m2/repository/org/powermock/powermock-core/1.6.5/powermock-core-1.6.5.jar:/home/user/.m2/repository/org/powermock/powermock-reflect/1.6.5/powermock-reflect-1.6.5.jar:/home/user/.m2/repository/org/powermock/powermock-api-mockito/1.6.5/powermock-api-mockito-1.6.5.jar:/home/user/.m2/repository/org/mockito/mockito-core/1.10.19/mockito-core-1.10.19.jar:/home/user/.m2/repository/org/objenesis/objenesis/1.0/objenesis-1.0.jar:/home/user/.m2/repository/org/powermock/powermock-api-mockito-common/1.6.5/powermock-api-mockito-common-1.6.5.jar:/home/user/.m2/repository/org/powermock/powermock-api-support/1.6.5/powermock-api-support-1.6.5.jar:"/>
    <property name="sun.cpu.endian" value="little"/>
    <property name="user.home" value="/home/user"/>
    <property name="user.language" value="en"/>
    <property name="java.specification.vendor" value="Oracle Corporation"/>
    <property name="java.home" value="/usr/lib/jvm/java-1.8-openjdk/jre"/>
    <property name="java.security.krb5.conf" value="/workdir/hadoop-ozone/ozonefs/target/test-classes/krb5.conf"/>
    <property name="basedir" value="/workdir/hadoop-ozone/ozonefs"/>
    <property name="file.separator" value="/"/>
    <property name="line.separator" value="&#10;"/>
    <property name="java.vm.specification.vendor" value="Oracle Corporation"/>
    <property name="java.specification.name" value="Java Platform API Specification"/>
    <property name="java.awt.graphicsenv" value="sun.awt.X11GraphicsEnvironment"/>
    <property name="surefire.real.class.path" value="/workdir/hadoop-ozone/ozonefs/target/surefire/surefirebooter9136843109033523238.jar"/>
    <property name="hadoop.log.dir" value="/workdir/hadoop-ozone/ozonefs/target/log"/>
    <property name="sun.boot.class.path" value="/usr/lib/jvm/java-1.8-openjdk/jre/lib/resources.jar:/usr/lib/jvm/java-1.8-openjdk/jre/lib/rt.jar:/usr/lib/jvm/java-1.8-openjdk/jre/lib/sunrsasign.jar:/usr/lib/jvm/java-1.8-openjdk/jre/lib/jsse.jar:/usr/lib/jvm/java-1.8-openjdk/jre/lib/jce.jar:/usr/lib/jvm/java-1.8-openjdk/jre/lib/charsets.jar:/usr/lib/jvm/java-1.8-openjdk/jre/lib/jfr.jar:/usr/lib/jvm/java-1.8-openjdk/jre/classes"/>
    <property name="sun.management.compiler" value="HotSpot 64-Bit Tiered Compilers"/>
    <property name="java.runtime.version" value="1.8.0_212-b04"/>
    <property name="java.net.preferIPv4Stack" value="true"/>
    <property name="user.name" value="jenkins1000"/>
    <property name="path.separator" value=":"/>
    <property name="java.security.egd" value="file:///dev/urandom"/>
    <property name="os.version" value="3.10.0-957.12.2.el7.x86_64"/>
    <property name="java.endorsed.dirs" value="/usr/lib/jvm/java-1.8-openjdk/jre/lib/endorsed"/>
    <property name="java.runtime.name" value="OpenJDK Runtime Environment"/>
    <property name="file.encoding" value="UTF-8"/>
    <property name="java.vm.name" value="OpenJDK 64-Bit Server VM"/>
    <property name="test.build.webapps" value=""/>
    <property name="localRepository" value="/home/user/.m2/repository"/>
    <property name="java.vendor.url.bug" value="https://icedtea.classpath.org/bugzilla"/>
    <property name="java.io.tmpdir" value="/tmp"/>
    <property name="require.test.libhadoop" value=""/>
    <property name="java.version" value="1.8.0_212"/>
    <property name="user.dir" value="/workdir/hadoop-ozone/ozonefs"/>
    <property name="os.arch" value="amd64"/>
    <property name="java.vm.specification.name" value="Java Virtual Machine Specification"/>
    <property name="test.build.classes" value="/workdir/hadoop-ozone/ozonefs/target/test-classes"/>
    <property name="java.awt.printerjob" value="sun.print.PSPrinterJob"/>
    <property name="sun.os.patch.level" value="unknown"/>
    <property name="hadoop.tmp.dir" value="/workdir/hadoop-ozone/ozonefs/target/tmp"/>
    <property name="java.library.path" value="/usr/lib/jvm/java-1.8-openjdk/jre/lib/amd64/server:/usr/lib/jvm/java-1.8-openjdk/jre/lib/amd64:/usr/lib/jvm/java-1.8-openjdk/jre/../lib/amd64:/workdir/hadoop-ozone/ozonefs/target/native/target/usr/local/lib:/workdir/hadoop-ozone/ozonefs/../../hadoop-common-project/hadoop-common/target/native/target/usr/local/lib:/usr/java/packages/lib/amd64:/usr/lib64:/lib64:/lib:/usr/lib"/>
    <property name="java.vm.info" value="mixed mode"/>
    <property name="java.vendor" value="IcedTea"/>
    <property name="java.vm.version" value="25.212-b04"/>
    <property name="java.ext.dirs" value="/usr/lib/jvm/java-1.8-openjdk/jre/lib/ext:/usr/java/packages/lib/ext"/>
    <property name="sun.io.unicode.encoding" value="UnicodeLittle"/>
    <property name="java.class.version" value="52.0"/>
  </properties>
  <testcase name="testOzoneManagerFileSystemInterface[0]" classname="org.apache.hadoop.fs.ozone.TestOzoneFileInterfaces" time="24.4"/>
  <testcase name="testListStatus[0]" classname="org.apache.hadoop.fs.ozone.TestOzoneFileInterfaces" time="18.162"/>
  <testcase name="testDirectory[0]" classname="org.apache.hadoop.fs.ozone.TestOzoneFileInterfaces" time="17.865"/>
  <testcase name="testPathToKey[0]" classname="org.apache.hadoop.fs.ozone.TestOzoneFileInterfaces" time="18.045"/>
  <testcase name="testFileSystemInit[0]" classname="org.apache.hadoop.fs.ozone.TestOzoneFileInterfaces" time="18.065"/>
  <testcase name="testOzFsReadWrite[0]" classname="org.apache.hadoop.fs.ozone.TestOzoneFileInterfaces" time="17.838">
    <error message="Allocated 0 blocks. Requested 1 blocks" type="INTERNAL_ERROR org.apache.hadoop.ozone.om.exceptions.OMException">INTERNAL_ERROR org.apache.hadoop.ozone.om.exceptions.OMException: Allocated 0 blocks. Requested 1 blocks
	at org.apache.hadoop.ozone.om.protocolPB.OzoneManagerProtocolClientSideTranslatorPB.handleError(OzoneManagerProtocolClientSideTranslatorPB.java:725)
	at org.apache.hadoop.ozone.om.protocolPB.OzoneManagerProtocolClientSideTranslatorPB.createFile(OzoneManagerProtocolClientSideTranslatorPB.java:1474)
	at org.apache.hadoop.ozone.client.rpc.RpcClient.createFile(RpcClient.java:984)
	at org.apache.hadoop.ozone.client.OzoneBucket.createFile(OzoneBucket.java:535)
	at org.apache.hadoop.fs.ozone.BasicOzoneClientAdapterImpl.createFile(BasicOzoneClientAdapterImpl.java:181)
	at org.apache.hadoop.fs.ozone.BasicOzoneFileSystem.createOutputStream(BasicOzoneFileSystem.java:249)
	at org.apache.hadoop.fs.ozone.BasicOzoneFileSystem.create(BasicOzoneFileSystem.java:230)
	at org.apache.hadoop.fs.FileSystem.create(FileSystem.java:1118)
	at org.apache.hadoop.fs.FileSystem.create(FileSystem.java:1098)
	at org.apache.hadoop.fs.FileSystem.create(FileSystem.java:987)
	at org.apache.hadoop.fs.FileSystem.create(FileSystem.java:975)
	at org.apache.hadoop.fs.ozone.TestOzoneFileInterfaces.testOzFsReadWrite(TestOzoneFileInterfaces.java:186)
	at sun.reflect.NativeMethodAccessorImpl.invoke0(Native Method)
	at sun.reflect.NativeMethodAccessorImpl.invoke(NativeMethodAccessorImpl.java:62)
	at sun.reflect.DelegatingMethodAccessorImpl.invoke(DelegatingMethodAccessorImpl.java:43)
	at java.lang.reflect.Method.invoke(Method.java:498)
	at org.junit.runners.model.FrameworkMethod$1.runReflectiveCall(FrameworkMethod.java:47)
	at org.junit.internal.runners.model.ReflectiveCallable.run(ReflectiveCallable.java:12)
	at org.junit.runners.model.FrameworkMethod.invokeExplosively(FrameworkMethod.java:44)
	at org.junit.internal.runners.statements.InvokeMethod.evaluate(InvokeMethod.java:17)
	at org.junit.internal.runners.statements.RunBefores.evaluate(RunBefores.java:26)
	at org.junit.internal.runners.statements.RunAfters.evaluate(RunAfters.java:27)
	at org.junit.runners.ParentRunner.runLeaf(ParentRunner.java:271)
	at org.junit.runners.BlockJUnit4ClassRunner.runChild(BlockJUnit4ClassRunner.java:70)
	at org.junit.runners.BlockJUnit4ClassRunner.runChild(BlockJUnit4ClassRunner.java:50)
	at org.junit.runners.ParentRunner$3.run(ParentRunner.java:238)
	at org.junit.runners.ParentRunner$1.schedule(ParentRunner.java:63)
	at org.junit.runners.ParentRunner.runChildren(ParentRunner.java:236)
	at org.junit.runners.ParentRunner.access$000(ParentRunner.java:53)
	at org.junit.runners.ParentRunner$2.evaluate(ParentRunner.java:229)
	at org.junit.runners.ParentRunner.run(ParentRunner.java:309)
	at org.junit.runners.Suite.runChild(Suite.java:127)
	at org.junit.runners.Suite.runChild(Suite.java:26)
	at org.junit.runners.ParentRunner$3.run(ParentRunner.java:238)
	at org.junit.runners.ParentRunner$1.schedule(ParentRunner.java:63)
	at org.junit.runners.ParentRunner.runChildren(ParentRunner.java:236)
	at org.junit.runners.ParentRunner.access$000(ParentRunner.java:53)
	at org.junit.runners.ParentRunner$2.evaluate(ParentRunner.java:229)
	at org.junit.runners.ParentRunner.run(ParentRunner.java:309)
	at org.apache.maven.surefire.junit4.JUnit4Provider.execute(JUnit4Provider.java:365)
	at org.apache.maven.surefire.junit4.JUnit4Provider.executeWithRerun(JUnit4Provider.java:273)
	at org.apache.maven.surefire.junit4.JUnit4Provider.executeTestSet(JUnit4Provider.java:238)
	at org.apache.maven.surefire.junit4.JUnit4Provider.invoke(JUnit4Provider.java:159)
	at org.apache.maven.surefire.booter.ForkedBooter.invokeProviderInSameClassLoader(ForkedBooter.java:384)
	at org.apache.maven.surefire.booter.ForkedBooter.runSuitesInProcess(ForkedBooter.java:345)
	at org.apache.maven.surefire.booter.ForkedBooter.execute(ForkedBooter.java:126)
	at org.apache.maven.surefire.booter.ForkedBooter.main(ForkedBooter.java:418)
</error>
    <system-out><![CDATA[2019-09-20 14:26:24,432 [main] WARN  server.ServerUtils (ServerUtils.java:getScmDbDir(145)) - ozone.scm.db.dirs is not configured. We recommend adding this setting. Falling back to ozone.metadata.dirs instead.
2019-09-20 14:26:24,457 [main] WARN  server.ServerUtils (ServerUtils.java:getScmDbDir(145)) - ozone.scm.db.dirs is not configured. We recommend adding this setting. Falling back to ozone.metadata.dirs instead.
2019-09-20 14:26:24,457 [main] WARN  server.ServerUtils (ServerUtils.java:getScmDbDir(145)) - ozone.scm.db.dirs is not configured. We recommend adding this setting. Falling back to ozone.metadata.dirs instead.
2019-09-20 14:26:24,458 [main] INFO  db.DBStoreBuilder (DBStoreBuilder.java:addTable(110)) - using custom profile for table: deletedBlocks
2019-09-20 14:26:24,458 [main] INFO  db.DBStoreBuilder (DBStoreBuilder.java:processTables(161)) - Using default column profile:DBProfile.DISK for Table:deletedBlocks
2019-09-20 14:26:24,458 [main] INFO  db.DBStoreBuilder (DBStoreBuilder.java:addTable(110)) - using custom profile for table: validCerts
2019-09-20 14:26:24,458 [main] INFO  db.DBStoreBuilder (DBStoreBuilder.java:processTables(161)) - Using default column profile:DBProfile.DISK for Table:validCerts
2019-09-20 14:26:24,459 [main] INFO  db.DBStoreBuilder (DBStoreBuilder.java:addTable(110)) - using custom profile for table: revokedCerts
2019-09-20 14:26:24,459 [main] INFO  db.DBStoreBuilder (DBStoreBuilder.java:processTables(161)) - Using default column profile:DBProfile.DISK for Table:revokedCerts
2019-09-20 14:26:24,459 [main] INFO  db.DBStoreBuilder (DBStoreBuilder.java:addTable(110)) - using custom profile for table: default
2019-09-20 14:26:24,459 [main] INFO  db.DBStoreBuilder (DBStoreBuilder.java:processTables(167)) - Using default column profile:DBProfile.DISK for Table:default
2019-09-20 14:26:24,459 [main] INFO  db.DBStoreBuilder (DBStoreBuilder.java:getDbProfile(198)) - Using default options. DBProfile.DISK
2019-09-20 14:26:24,730 [main] INFO  net.NodeSchemaLoader (NodeSchemaLoader.java:loadSchemaFromFile(125)) - Loading file from sun.misc.CompoundEnumeration@36e98434
2019-09-20 14:26:24,730 [main] INFO  net.NodeSchemaLoader (NodeSchemaLoader.java:loadSchema(171)) - Loading network topology layer schema file
2019-09-20 14:26:24,739 [main] WARN  server.ServerUtils (ServerUtils.java:sanitizeUserArgs(70)) - ozone.scm.stale.node.interval value = 300000 is larger than max = 100000 based on the key value of ozone.scm.heartbeat.thread.interval, reset to the max value 100000.
2019-09-20 14:26:24,739 [main] WARN  server.ServerUtils (ServerUtils.java:sanitizeUserArgs(70)) - ozone.scm.stale.node.interval value = 300000 is larger than max = 100000 based on the key value of ozone.scm.heartbeat.thread.interval, reset to the max value 100000.
2019-09-20 14:26:24,740 [main] INFO  node.SCMNodeManager (SCMNodeManager.java:<init>(121)) - Entering startup safe mode.
2019-09-20 14:26:24,741 [main] INFO  algorithms.ContainerPlacementPolicyFactory (ContainerPlacementPolicyFactory.java:getPolicy(56)) - Create container placement policy of type org.apache.hadoop.hdds.scm.container.placement.algorithms.SCMContainerPlacementRandom
2019-09-20 14:26:24,741 [main] WARN  server.ServerUtils (ServerUtils.java:getScmDbDir(145)) - ozone.scm.db.dirs is not configured. We recommend adding this setting. Falling back to ozone.metadata.dirs instead.
2019-09-20 14:26:24,842 [main] INFO  pipeline.SCMPipelineManager (SCMPipelineManager.java:initializePipelineState(126)) - No pipeline exists in current db
2019-09-20 14:26:24,842 [main] WARN  server.ServerUtils (ServerUtils.java:getScmDbDir(145)) - ozone.scm.db.dirs is not configured. We recommend adding this setting. Falling back to ozone.metadata.dirs instead.
2019-09-20 14:26:24,938 [main] WARN  events.EventQueue (EventQueue.java:fireEvent(175)) - No event handler registered for event TypedEvent{payloadType=SafeModeStatus, name='SafeModeStatus'}
2019-09-20 14:26:24,940 [main] INFO  ipc.CallQueueManager (CallQueueManager.java:<init>(84)) - Using callQueue: class java.util.concurrent.LinkedBlockingQueue, queueCapacity: 2000, scheduler: class org.apache.hadoop.ipc.DefaultRpcScheduler, ipcBackoff: false.
2019-09-20 14:26:24,941 [Socket Reader #1 for port 32950] INFO  ipc.Server (Server.java:run(1074)) - Starting Socket Reader #1 for port 32950
2019-09-20 14:26:24,943 [main] INFO  ipc.CallQueueManager (CallQueueManager.java:<init>(84)) - Using callQueue: class java.util.concurrent.LinkedBlockingQueue, queueCapacity: 2000, scheduler: class org.apache.hadoop.ipc.DefaultRpcScheduler, ipcBackoff: false.
2019-09-20 14:26:24,944 [Socket Reader #1 for port 43207] INFO  ipc.Server (Server.java:run(1074)) - Starting Socket Reader #1 for port 43207
2019-09-20 14:26:24,946 [main] INFO  ipc.CallQueueManager (CallQueueManager.java:<init>(84)) - Using callQueue: class java.util.concurrent.LinkedBlockingQueue, queueCapacity: 2000, scheduler: class org.apache.hadoop.ipc.DefaultRpcScheduler, ipcBackoff: false.
2019-09-20 14:26:24,947 [Socket Reader #1 for port 34725] INFO  ipc.Server (Server.java:run(1074)) - Starting Socket Reader #1 for port 34725
2019-09-20 14:26:24,950 [main] INFO  hdfs.DFSUtil (DFSUtil.java:httpServerTemplateForNNAndJN(1641)) - Starting Web-server for scm at: http://0.0.0.0:0
2019-09-20 14:26:24,954 [main] INFO  server.AuthenticationFilter (AuthenticationFilter.java:constructSecretProvider(240)) - Unable to initialize FileSignerSecretProvider, falling back to use random secrets.
2019-09-20 14:26:24,955 [main] WARN  http.HttpRequestLog (HttpRequestLog.java:getRequestLog(97)) - Jetty request log can only be enabled using Log4j
2019-09-20 14:26:24,958 [main] INFO  http.HttpServer2 (HttpServer2.java:addGlobalFilter(975)) - Added global filter 'safety' (class=org.apache.hadoop.http.HttpServer2$QuotingInputFilter)
2019-09-20 14:26:24,960 [main] INFO  http.HttpServer2 (HttpServer2.java:addFilter(948)) - Added filter static_user_filter (class=org.apache.hadoop.http.lib.StaticUserWebFilter$StaticUserFilter) to context scm
2019-09-20 14:26:24,960 [main] INFO  http.HttpServer2 (HttpServer2.java:addFilter(958)) - Added filter static_user_filter (class=org.apache.hadoop.http.lib.StaticUserWebFilter$StaticUserFilter) to context logs
2019-09-20 14:26:24,960 [main] INFO  http.HttpServer2 (HttpServer2.java:addFilter(958)) - Added filter static_user_filter (class=org.apache.hadoop.http.lib.StaticUserWebFilter$StaticUserFilter) to context static
2019-09-20 14:26:24,963 [main] INFO  server.StorageContainerManager (StorageContainerManager.java:start(759)) - StorageContainerLocationProtocol RPC server is listening at /0.0.0.0:34725
2019-09-20 14:26:24,966 [main] WARN  impl.MetricsConfig (MetricsConfig.java:loadFirst(134)) - Cannot locate configuration: tried hadoop-metrics2-storagecontainermanager.properties,hadoop-metrics2.properties
2019-09-20 14:26:24,968 [main] INFO  impl.MetricsSystemImpl (MetricsSystemImpl.java:startTimer(374)) - Scheduled Metric snapshot period at 10 second(s).
2019-09-20 14:26:24,968 [main] INFO  impl.MetricsSystemImpl (MetricsSystemImpl.java:start(191)) - StorageContainerManager metrics system started
2019-09-20 14:26:25,035 [main] INFO  server.SCMClientProtocolServer (SCMClientProtocolServer.java:start(151)) - RPC server for Client  is listening at /0.0.0.0:34725
2019-09-20 14:26:25,035 [IPC Server listener on 34725] INFO  ipc.Server (Server.java:run(1153)) - IPC Server listener on 34725: starting
2019-09-20 14:26:25,035 [IPC Server Responder] INFO  ipc.Server (Server.java:run(1314)) - IPC Server Responder: starting
2019-09-20 14:26:25,038 [main] INFO  server.StorageContainerManager (StorageContainerManager.java:start(769)) - ScmBlockLocationProtocol RPC server is listening at /0.0.0.0:43207
2019-09-20 14:26:25,038 [main] INFO  server.SCMBlockProtocolServer (SCMBlockProtocolServer.java:start(140)) - RPC server for Block Protocol is listening at /0.0.0.0:43207
2019-09-20 14:26:25,039 [IPC Server Responder] INFO  ipc.Server (Server.java:run(1314)) - IPC Server Responder: starting
2019-09-20 14:26:25,039 [IPC Server listener on 43207] INFO  ipc.Server (Server.java:run(1153)) - IPC Server listener on 43207: starting
2019-09-20 14:26:25,042 [main] INFO  server.StorageContainerManager (StorageContainerManager.java:start(773)) - ScmDatanodeProtocl RPC server is listening at /0.0.0.0:32950
2019-09-20 14:26:25,042 [main] INFO  server.SCMDatanodeProtocolServer (SCMDatanodeProtocolServer.java:start(191)) - RPC server for DataNodes is listening at /0.0.0.0:32950
2019-09-20 14:26:25,042 [IPC Server Responder] INFO  ipc.Server (Server.java:run(1314)) - IPC Server Responder: starting
2019-09-20 14:26:25,043 [IPC Server listener on 32950] INFO  ipc.Server (Server.java:run(1153)) - IPC Server listener on 32950: starting
2019-09-20 14:26:25,048 [main] INFO  http.HttpServer2 (HttpServer2.java:bindListener(1191)) - Jetty bound to port 38286
2019-09-20 14:26:25,048 [main] INFO  server.Server (Server.java:doStart(351)) - jetty-9.3.24.v20180605, build timestamp: 2018-06-05T17:11:56Z, git hash: 84205aa28f11a4f31f2a3b86d1bba2cc8ab69827
2019-09-20 14:26:25,050 [main] INFO  handler.ContextHandler (ContextHandler.java:doStart(781)) - Started o.e.j.s.ServletContextHandler@7d95a717{/logs,file:///workdir/hadoop-ozone/ozonefs/target/log,AVAILABLE}
2019-09-20 14:26:25,051 [main] INFO  handler.ContextHandler (ContextHandler.java:doStart(781)) - Started o.e.j.s.ServletContextHandler@7a2ffb0b{/static,jar:file:/home/user/.m2/repository/org/apache/hadoop/hadoop-hdds-server-scm/0.5.0-SNAPSHOT/hadoop-hdds-server-scm-0.5.0-SNAPSHOT.jar!/webapps/static,AVAILABLE}
2019-09-20 14:26:25,091 [main] INFO  handler.ContextHandler (ContextHandler.java:doStart(781)) - Started o.e.j.w.WebAppContext@1fb00a6d{/,file:///tmp/jetty-0.0.0.0-38286-scm-_-any-3343273572944529654.dir/webapp/,AVAILABLE}{/scm}
2019-09-20 14:26:25,091 [main] INFO  server.AbstractConnector (AbstractConnector.java:doStart(278)) - Started ServerConnector@1c65ec63{HTTP/1.1,[http/1.1]}{0.0.0.0:38286}
2019-09-20 14:26:25,092 [main] INFO  server.Server (Server.java:doStart(419)) - Started @97697ms
2019-09-20 14:26:25,093 [main] INFO  server.BaseHttpServer (BaseHttpServer.java:updateConnectorAddress(213)) - HTTP server of SCM is listening at http://0.0.0.0:38286
2019-09-20 14:26:25,094 [main] WARN  server.ServerUtils (ServerUtils.java:getDBPath(222)) - ozone.om.db.dirs is not configured. We recommend adding this setting. Falling back to ozone.metadata.dirs instead.
2019-09-20 14:26:25,095 [org.apache.hadoop.util.JvmPauseMonitor$Monitor@10f192d8] INFO  util.JvmPauseMonitor (JvmPauseMonitor.java:run(188)) - Starting JVM pause monitor
2019-09-20 14:26:25,125 [main] WARN  server.ServerUtils (ServerUtils.java:getDBPath(222)) - ozone.om.db.dirs is not configured. We recommend adding this setting. Falling back to ozone.metadata.dirs instead.
2019-09-20 14:26:25,126 [main] WARN  server.ServerUtils (ServerUtils.java:getDBPath(222)) - ozone.om.db.dirs is not configured. We recommend adding this setting. Falling back to ozone.metadata.dirs instead.
2019-09-20 14:26:25,126 [main] INFO  om.OzoneManager (OzoneManager.java:setOMNodeDetails(645)) - OM Service ID is not set. Setting it to the default ID: omServiceIdDefault
2019-09-20 14:26:25,126 [main] INFO  om.OzoneManager (OzoneManager.java:setOMNodeDetails(651)) - OM Node ID is not set. Setting it to the OmStorage's OmID: 2994b0d5-e59b-4450-84c1-c6fc933aa4f8
2019-09-20 14:26:25,127 [main] INFO  om.OzoneManager (OzoneManager.java:loadOMHAConfigs(602)) - Found matching OM address with OMServiceId: null, OMNodeId: null, RPC Address: localhost:0 and Ratis port: 9872
2019-09-20 14:26:25,136 | INFO  | SCMAudit | user=jenkins1000 | ip=192.168.36.99 | op=GET_SCM_INFO null | ret=SUCCESS |  
2019-09-20 14:26:25,138 [main] WARN  server.ServerUtils (ServerUtils.java:getDBPath(222)) - ozone.om.db.dirs is not configured. We recommend adding this setting. Falling back to ozone.metadata.dirs instead.
2019-09-20 14:26:25,139 [main] INFO  db.DBStoreBuilder (DBStoreBuilder.java:addTable(110)) - using custom profile for table: userTable
2019-09-20 14:26:25,139 [main] INFO  db.DBStoreBuilder (DBStoreBuilder.java:processTables(161)) - Using default column profile:DBProfile.DISK for Table:userTable
2019-09-20 14:26:25,139 [main] INFO  db.DBStoreBuilder (DBStoreBuilder.java:addTable(110)) - using custom profile for table: volumeTable
2019-09-20 14:26:25,139 [main] INFO  db.DBStoreBuilder (DBStoreBuilder.java:processTables(161)) - Using default column profile:DBProfile.DISK for Table:volumeTable
2019-09-20 14:26:25,140 [main] INFO  db.DBStoreBuilder (DBStoreBuilder.java:addTable(110)) - using custom profile for table: bucketTable
2019-09-20 14:26:25,140 [main] INFO  db.DBStoreBuilder (DBStoreBuilder.java:processTables(161)) - Using default column profile:DBProfile.DISK for Table:bucketTable
2019-09-20 14:26:25,140 [main] INFO  db.DBStoreBuilder (DBStoreBuilder.java:addTable(110)) - using custom profile for table: keyTable
2019-09-20 14:26:25,140 [main] INFO  db.DBStoreBuilder (DBStoreBuilder.java:processTables(161)) - Using default column profile:DBProfile.DISK for Table:keyTable
2019-09-20 14:26:25,141 [main] INFO  db.DBStoreBuilder (DBStoreBuilder.java:addTable(110)) - using custom profile for table: deletedTable
2019-09-20 14:26:25,141 [main] INFO  db.DBStoreBuilder (DBStoreBuilder.java:processTables(161)) - Using default column profile:DBProfile.DISK for Table:deletedTable
2019-09-20 14:26:25,141 [main] INFO  db.DBStoreBuilder (DBStoreBuilder.java:addTable(110)) - using custom profile for table: openKeyTable
2019-09-20 14:26:25,141 [main] INFO  db.DBStoreBuilder (DBStoreBuilder.java:processTables(161)) - Using default column profile:DBProfile.DISK for Table:openKeyTable
2019-09-20 14:26:25,142 [main] INFO  db.DBStoreBuilder (DBStoreBuilder.java:addTable(110)) - using custom profile for table: s3Table
2019-09-20 14:26:25,142 [main] INFO  db.DBStoreBuilder (DBStoreBuilder.java:processTables(161)) - Using default column profile:DBProfile.DISK for Table:s3Table
2019-09-20 14:26:25,142 [main] INFO  db.DBStoreBuilder (DBStoreBuilder.java:addTable(110)) - using custom profile for table: multipartInfoTable
2019-09-20 14:26:25,142 [main] INFO  db.DBStoreBuilder (DBStoreBuilder.java:processTables(161)) - Using default column profile:DBProfile.DISK for Table:multipartInfoTable
2019-09-20 14:26:25,142 [main] INFO  db.DBStoreBuilder (DBStoreBuilder.java:addTable(110)) - using custom profile for table: dTokenTable
2019-09-20 14:26:25,143 [main] INFO  db.DBStoreBuilder (DBStoreBuilder.java:processTables(161)) - Using default column profile:DBProfile.DISK for Table:dTokenTable
2019-09-20 14:26:25,143 [main] INFO  db.DBStoreBuilder (DBStoreBuilder.java:addTable(110)) - using custom profile for table: s3SecretTable
2019-09-20 14:26:25,143 [main] INFO  db.DBStoreBuilder (DBStoreBuilder.java:processTables(161)) - Using default column profile:DBProfile.DISK for Table:s3SecretTable
2019-09-20 14:26:25,143 [main] INFO  db.DBStoreBuilder (DBStoreBuilder.java:addTable(110)) - using custom profile for table: prefixTable
2019-09-20 14:26:25,143 [main] INFO  db.DBStoreBuilder (DBStoreBuilder.java:processTables(161)) - Using default column profile:DBProfile.DISK for Table:prefixTable
2019-09-20 14:26:25,144 [main] INFO  db.DBStoreBuilder (DBStoreBuilder.java:addTable(110)) - using custom profile for table: default
2019-09-20 14:26:25,144 [main] INFO  db.DBStoreBuilder (DBStoreBuilder.java:processTables(167)) - Using default column profile:DBProfile.DISK for Table:default
2019-09-20 14:26:25,144 [main] INFO  db.DBStoreBuilder (DBStoreBuilder.java:getDbProfile(198)) - Using default options. DBProfile.DISK
2019-09-20 14:26:25,814 [main] INFO  ipc.CallQueueManager (CallQueueManager.java:<init>(84)) - Using callQueue: class java.util.concurrent.LinkedBlockingQueue, queueCapacity: 2000, scheduler: class org.apache.hadoop.ipc.DefaultRpcScheduler, ipcBackoff: false.
2019-09-20 14:26:25,816 [Socket Reader #1 for port 37943] INFO  ipc.Server (Server.java:run(1074)) - Starting Socket Reader #1 for port 37943
2019-09-20 14:26:25,843 [main] INFO  om.OzoneManager (OzoneManager.java:start(1256)) - OzoneManager RPC server is listening at localhost/127.0.0.1:37943
2019-09-20 14:26:25,844 [main] INFO  impl.MetricsSystemImpl (MetricsSystemImpl.java:init(158)) - OzoneManager metrics system started (again)
2019-09-20 14:26:25,844 [IPC Server Responder] INFO  ipc.Server (Server.java:run(1314)) - IPC Server Responder: starting
2019-09-20 14:26:25,845 [IPC Server listener on 37943] INFO  ipc.Server (Server.java:run(1153)) - IPC Server listener on 37943: starting
2019-09-20 14:26:25,850 [main] INFO  hdfs.DFSUtil (DFSUtil.java:httpServerTemplateForNNAndJN(1641)) - Starting Web-server for ozoneManager at: http://0.0.0.0:0
2019-09-20 14:26:25,853 [main] INFO  server.AuthenticationFilter (AuthenticationFilter.java:constructSecretProvider(240)) - Unable to initialize FileSignerSecretProvider, falling back to use random secrets.
2019-09-20 14:26:25,853 [main] WARN  http.HttpRequestLog (HttpRequestLog.java:getRequestLog(97)) - Jetty request log can only be enabled using Log4j
2019-09-20 14:26:25,856 [main] INFO  http.HttpServer2 (HttpServer2.java:addGlobalFilter(975)) - Added global filter 'safety' (class=org.apache.hadoop.http.HttpServer2$QuotingInputFilter)
2019-09-20 14:26:25,857 [main] INFO  http.HttpServer2 (HttpServer2.java:addFilter(948)) - Added filter static_user_filter (class=org.apache.hadoop.http.lib.StaticUserWebFilter$StaticUserFilter) to context ozoneManager
2019-09-20 14:26:25,858 [main] INFO  http.HttpServer2 (HttpServer2.java:addFilter(958)) - Added filter static_user_filter (class=org.apache.hadoop.http.lib.StaticUserWebFilter$StaticUserFilter) to context static
2019-09-20 14:26:25,858 [main] INFO  http.HttpServer2 (HttpServer2.java:addFilter(958)) - Added filter static_user_filter (class=org.apache.hadoop.http.lib.StaticUserWebFilter$StaticUserFilter) to context logs
2019-09-20 14:26:25,859 [main] INFO  http.HttpServer2 (HttpServer2.java:bindListener(1191)) - Jetty bound to port 43138
2019-09-20 14:26:25,859 [main] INFO  server.Server (Server.java:doStart(351)) - jetty-9.3.24.v20180605, build timestamp: 2018-06-05T17:11:56Z, git hash: 84205aa28f11a4f31f2a3b86d1bba2cc8ab69827
2019-09-20 14:26:25,861 [main] INFO  handler.ContextHandler (ContextHandler.java:doStart(781)) - Started o.e.j.s.ServletContextHandler@49392256{/logs,file:///workdir/hadoop-ozone/ozonefs/target/log,AVAILABLE}
2019-09-20 14:26:25,862 [main] INFO  handler.ContextHandler (ContextHandler.java:doStart(781)) - Started o.e.j.s.ServletContextHandler@3962b216{/static,jar:file:/home/user/.m2/repository/org/apache/hadoop/hadoop-ozone-ozone-manager/0.5.0-SNAPSHOT/hadoop-ozone-ozone-manager-0.5.0-SNAPSHOT.jar!/webapps/static,AVAILABLE}
2019-09-20 14:26:25,925 [main] INFO  handler.ContextHandler (ContextHandler.java:doStart(781)) - Started o.e.j.w.WebAppContext@16f2d883{/,file:///tmp/jetty-0.0.0.0-43138-ozoneManager-_-any-548879674714463246.dir/webapp/,AVAILABLE}{/ozoneManager}
2019-09-20 14:26:25,926 [main] INFO  server.AbstractConnector (AbstractConnector.java:doStart(278)) - Started ServerConnector@71806c64{HTTP/1.1,[http/1.1]}{0.0.0.0:43138}
2019-09-20 14:26:25,927 [main] INFO  server.Server (Server.java:doStart(419)) - Started @98531ms
2019-09-20 14:26:25,928 [main] INFO  server.BaseHttpServer (BaseHttpServer.java:updateConnectorAddress(213)) - HTTP server of OZONEMANAGER is listening at http://0.0.0.0:43138
2019-09-20 14:26:25,940 [main] INFO  impl.MetricsSystemImpl (MetricsSystemImpl.java:init(158)) - HddsDatanode metrics system started (again)
2019-09-20 14:26:25,943 [main] INFO  ozone.HddsDatanodeService (HddsDatanodeService.java:start(184)) - HddsDatanodeService host:pr-hdds-1569-p5fx8-1226042367 ip:192.168.36.99
2019-09-20 14:26:25,953 [main] INFO  volume.HddsVolume (HddsVolume.java:<init>(176)) - Creating Volume: /workdir/hadoop-ozone/ozonefs/target/test-dir/MiniOzoneClusterImpl-338b8348-b083-46f4-a27e-fb8b70a40c3f/datanode-0/data/containers/hdds of  storage type : DISK and capacity : 1482555576320
2019-09-20 14:26:25,953 [main] INFO  volume.VolumeSet (VolumeSet.java:initializeVolumeSet(170)) - Added Volume : /workdir/hadoop-ozone/ozonefs/target/test-dir/MiniOzoneClusterImpl-338b8348-b083-46f4-a27e-fb8b70a40c3f/datanode-0/data/containers/hdds to VolumeSet
2019-09-20 14:26:25,954 [main] INFO  volume.ThrottledAsyncChecker (ThrottledAsyncChecker.java:schedule(140)) - Scheduling a check for org.apache.hadoop.ozone.container.common.volume.HddsVolume@3a7d6976
2019-09-20 14:26:25,954 [main] INFO  volume.HddsVolumeChecker (HddsVolumeChecker.java:checkAllVolumes(203)) - Scheduled health check for volume org.apache.hadoop.ozone.container.common.volume.HddsVolume@3a7d6976
2019-09-20 14:26:25,985 [main] INFO  impl.RaftServerProxy (ConfUtils.java:logGet(43)) - raft.rpc.type = GRPC (default)
2019-09-20 14:26:25,986 [main] INFO  grpc.GrpcFactory (GrpcFactory.java:checkPooledByteBufAllocatorUseCacheForAllThreads(45)) - PERFORMANCE WARNING: useCacheForAllThreads is true that may cause Netty to create a lot garbage objects and, as a result, trigger GC.
	It is recommended to disable useCacheForAllThreads by setting -Dorg.apache.ratis.thirdparty.io.netty.allocator.useCacheForAllThreads=false in command line.
2019-09-20 14:26:25,986 [main] INFO  grpc.GrpcConfigKeys$Server (ConfUtils.java:logGet(43)) - raft.grpc.server.port = 0 (default)
2019-09-20 14:26:25,986 [main] INFO  server.GrpcService (ConfUtils.java:logGet(43)) - raft.grpc.message.size.max = 33570816 (custom)
2019-09-20 14:26:25,987 [main] INFO  server.RaftServerConfigKeys (ConfUtils.java:logGet(43)) - raft.server.log.appender.buffer.byte-limit = 33554432 (custom)
2019-09-20 14:26:25,987 [main] INFO  server.GrpcService (ConfUtils.java:logGet(43)) - raft.grpc.flow.control.window = 1MB (=1048576) (default)
2019-09-20 14:26:25,987 [main] INFO  server.RaftServerConfigKeys (ConfUtils.java:logGet(43)) - raft.server.rpc.request.timeout = 3000ms (default)
2019-09-20 14:26:25,988 [main] INFO  server.RaftServerConfigKeys (ConfUtils.java:logGet(43)) - raft.server.storage.dir = [/workdir/hadoop-ozone/ozonefs/target/test-dir/MiniOzoneClusterImpl-338b8348-b083-46f4-a27e-fb8b70a40c3f/datanode-0/data/ratis] (custom)
2019-09-20 14:26:25,989 [main] INFO  replication.SimpleContainerDownloader (SimpleContainerDownloader.java:<init>(72)) - Starting container downloader service to copy containers to replicate.
2019-09-20 14:26:25,991 [main] INFO  hdfs.DFSUtil (DFSUtil.java:httpServerTemplateForNNAndJN(1641)) - Starting Web-server for hddsDatanode at: http://0.0.0.0:0
2019-09-20 14:26:25,994 [main] INFO  server.AuthenticationFilter (AuthenticationFilter.java:constructSecretProvider(240)) - Unable to initialize FileSignerSecretProvider, falling back to use random secrets.
2019-09-20 14:26:25,995 [main] WARN  http.HttpRequestLog (HttpRequestLog.java:getRequestLog(97)) - Jetty request log can only be enabled using Log4j
2019-09-20 14:26:25,998 [main] INFO  http.HttpServer2 (HttpServer2.java:addGlobalFilter(975)) - Added global filter 'safety' (class=org.apache.hadoop.http.HttpServer2$QuotingInputFilter)
2019-09-20 14:26:25,999 [main] INFO  http.HttpServer2 (HttpServer2.java:addFilter(948)) - Added filter static_user_filter (class=org.apache.hadoop.http.lib.StaticUserWebFilter$StaticUserFilter) to context hddsDatanode
2019-09-20 14:26:25,999 [main] INFO  http.HttpServer2 (HttpServer2.java:addFilter(958)) - Added filter static_user_filter (class=org.apache.hadoop.http.lib.StaticUserWebFilter$StaticUserFilter) to context logs
2019-09-20 14:26:25,999 [main] INFO  http.HttpServer2 (HttpServer2.java:addFilter(958)) - Added filter static_user_filter (class=org.apache.hadoop.http.lib.StaticUserWebFilter$StaticUserFilter) to context static
2019-09-20 14:26:26,000 [main] INFO  http.HttpServer2 (HttpServer2.java:bindListener(1191)) - Jetty bound to port 40056
2019-09-20 14:26:26,001 [main] INFO  server.Server (Server.java:doStart(351)) - jetty-9.3.24.v20180605, build timestamp: 2018-06-05T17:11:56Z, git hash: 84205aa28f11a4f31f2a3b86d1bba2cc8ab69827
2019-09-20 14:26:26,003 [main] INFO  handler.ContextHandler (ContextHandler.java:doStart(781)) - Started o.e.j.s.ServletContextHandler@3b9a2629{/logs,file:///workdir/hadoop-ozone/ozonefs/target/log,AVAILABLE}
2019-09-20 14:26:26,004 [main] INFO  handler.ContextHandler (ContextHandler.java:doStart(781)) - Started o.e.j.s.ServletContextHandler@663e1144{/static,jar:file:/home/user/.m2/repository/org/apache/hadoop/hadoop-hdds-container-service/0.5.0-SNAPSHOT/hadoop-hdds-container-service-0.5.0-SNAPSHOT.jar!/webapps/static,AVAILABLE}
2019-09-20 14:26:26,046 [main] INFO  handler.ContextHandler (ContextHandler.java:doStart(781)) - Started o.e.j.w.WebAppContext@6792f2c6{/,file:///tmp/jetty-0.0.0.0-40056-hddsDatanode-_-any-3400604310558651773.dir/webapp/,AVAILABLE}{/hddsDatanode}
2019-09-20 14:26:26,047 [main] INFO  server.AbstractConnector (AbstractConnector.java:doStart(278)) - Started ServerConnector@52fed5b7{HTTP/1.1,[http/1.1]}{0.0.0.0:40056}
2019-09-20 14:26:26,048 [main] INFO  server.Server (Server.java:doStart(419)) - Started @98652ms
2019-09-20 14:26:26,049 [main] INFO  server.BaseHttpServer (BaseHttpServer.java:updateConnectorAddress(213)) - HTTP server of HDDSDATANODE is listening at http://0.0.0.0:40056
2019-09-20 14:26:26,232 | INFO  | ObjectStoreRestHttpServer | Listening HDDS REST traffic on /0.0.0.0:40182 |  
2019-09-20 14:26:26,232 [main] INFO  ozone.HddsDatanodeService (HddsDatanodeService.java:startPlugins(395)) - Started plug-in org.apache.hadoop.ozone.web.OzoneHddsDatanodeService@66f223fa
2019-09-20 14:26:26,232 [main] INFO  impl.MetricsSystemImpl (MetricsSystemImpl.java:init(158)) - HddsDatanode metrics system started (again)
2019-09-20 14:26:26,234 [main] INFO  ozone.HddsDatanodeService (HddsDatanodeService.java:start(184)) - HddsDatanodeService host:pr-hdds-1569-p5fx8-1226042367 ip:192.168.36.99
2019-09-20 14:26:26,234 [org.apache.hadoop.util.JvmPauseMonitor$Monitor@70771d1d] INFO  util.JvmPauseMonitor (JvmPauseMonitor.java:run(188)) - Starting JVM pause monitor
2019-09-20 14:26:26,239 [Datanode State Machine Thread - 0] INFO  datanode.InitDatanodeState (InitDatanodeState.java:persistContainerDatanodeDetails(140)) - DatanodeDetails is persisted to /workdir/hadoop-ozone/ozonefs/target/test-dir/MiniOzoneClusterImpl-338b8348-b083-46f4-a27e-fb8b70a40c3f/datanode-0/meta/datanode.id
2019-09-20 14:26:26,242 [main] INFO  volume.HddsVolume (HddsVolume.java:<init>(176)) - Creating Volume: /workdir/hadoop-ozone/ozonefs/target/test-dir/MiniOzoneClusterImpl-338b8348-b083-46f4-a27e-fb8b70a40c3f/datanode-1/data/containers/hdds of  storage type : DISK and capacity : 1482555576320
2019-09-20 14:26:26,243 [main] INFO  volume.VolumeSet (VolumeSet.java:initializeVolumeSet(170)) - Added Volume : /workdir/hadoop-ozone/ozonefs/target/test-dir/MiniOzoneClusterImpl-338b8348-b083-46f4-a27e-fb8b70a40c3f/datanode-1/data/containers/hdds to VolumeSet
2019-09-20 14:26:26,243 [main] INFO  volume.ThrottledAsyncChecker (ThrottledAsyncChecker.java:schedule(140)) - Scheduling a check for org.apache.hadoop.ozone.container.common.volume.HddsVolume@22561412
2019-09-20 14:26:26,243 [main] INFO  volume.HddsVolumeChecker (HddsVolumeChecker.java:checkAllVolumes(203)) - Scheduled health check for volume org.apache.hadoop.ozone.container.common.volume.HddsVolume@22561412
2019-09-20 14:26:26,271 [main] INFO  impl.RaftServerProxy (ConfUtils.java:logGet(43)) - raft.rpc.type = GRPC (default)
2019-09-20 14:26:26,271 [main] INFO  grpc.GrpcFactory (GrpcFactory.java:checkPooledByteBufAllocatorUseCacheForAllThreads(45)) - PERFORMANCE WARNING: useCacheForAllThreads is true that may cause Netty to create a lot garbage objects and, as a result, trigger GC.
	It is recommended to disable useCacheForAllThreads by setting -Dorg.apache.ratis.thirdparty.io.netty.allocator.useCacheForAllThreads=false in command line.
2019-09-20 14:26:26,271 [main] INFO  grpc.GrpcConfigKeys$Server (ConfUtils.java:logGet(43)) - raft.grpc.server.port = 0 (default)
2019-09-20 14:26:26,271 [main] INFO  server.GrpcService (ConfUtils.java:logGet(43)) - raft.grpc.message.size.max = 33570816 (custom)
2019-09-20 14:26:26,272 [main] INFO  server.RaftServerConfigKeys (ConfUtils.java:logGet(43)) - raft.server.log.appender.buffer.byte-limit = 33554432 (custom)
2019-09-20 14:26:26,272 [main] INFO  server.GrpcService (ConfUtils.java:logGet(43)) - raft.grpc.flow.control.window = 1MB (=1048576) (default)
2019-09-20 14:26:26,272 [main] INFO  server.RaftServerConfigKeys (ConfUtils.java:logGet(43)) - raft.server.rpc.request.timeout = 3000ms (default)
2019-09-20 14:26:26,273 [main] INFO  server.RaftServerConfigKeys (ConfUtils.java:logGet(43)) - raft.server.storage.dir = [/workdir/hadoop-ozone/ozonefs/target/test-dir/MiniOzoneClusterImpl-338b8348-b083-46f4-a27e-fb8b70a40c3f/datanode-1/data/ratis] (custom)
2019-09-20 14:26:26,273 [main] INFO  replication.SimpleContainerDownloader (SimpleContainerDownloader.java:<init>(72)) - Starting container downloader service to copy containers to replicate.
2019-09-20 14:26:26,275 [main] INFO  hdfs.DFSUtil (DFSUtil.java:httpServerTemplateForNNAndJN(1641)) - Starting Web-server for hddsDatanode at: http://0.0.0.0:0
2019-09-20 14:26:26,277 [main] INFO  server.AuthenticationFilter (AuthenticationFilter.java:constructSecretProvider(240)) - Unable to initialize FileSignerSecretProvider, falling back to use random secrets.
2019-09-20 14:26:26,277 [main] WARN  http.HttpRequestLog (HttpRequestLog.java:getRequestLog(97)) - Jetty request log can only be enabled using Log4j
2019-09-20 14:26:26,279 [main] INFO  http.HttpServer2 (HttpServer2.java:addGlobalFilter(975)) - Added global filter 'safety' (class=org.apache.hadoop.http.HttpServer2$QuotingInputFilter)
2019-09-20 14:26:26,280 [main] INFO  http.HttpServer2 (HttpServer2.java:addFilter(948)) - Added filter static_user_filter (class=org.apache.hadoop.http.lib.StaticUserWebFilter$StaticUserFilter) to context hddsDatanode
2019-09-20 14:26:26,280 [main] INFO  http.HttpServer2 (HttpServer2.java:addFilter(958)) - Added filter static_user_filter (class=org.apache.hadoop.http.lib.StaticUserWebFilter$StaticUserFilter) to context logs
2019-09-20 14:26:26,281 [main] INFO  http.HttpServer2 (HttpServer2.java:addFilter(958)) - Added filter static_user_filter (class=org.apache.hadoop.http.lib.StaticUserWebFilter$StaticUserFilter) to context static
2019-09-20 14:26:26,281 [main] INFO  http.HttpServer2 (HttpServer2.java:bindListener(1191)) - Jetty bound to port 40138
2019-09-20 14:26:26,282 [main] INFO  server.Server (Server.java:doStart(351)) - jetty-9.3.24.v20180605, build timestamp: 2018-06-05T17:11:56Z, git hash: 84205aa28f11a4f31f2a3b86d1bba2cc8ab69827
2019-09-20 14:26:26,284 [main] INFO  handler.ContextHandler (ContextHandler.java:doStart(781)) - Started o.e.j.s.ServletContextHandler@22f7bf36{/logs,file:///workdir/hadoop-ozone/ozonefs/target/log,AVAILABLE}
2019-09-20 14:26:26,285 [main] INFO  handler.ContextHandler (ContextHandler.java:doStart(781)) - Started o.e.j.s.ServletContextHandler@3fb4beb1{/static,jar:file:/home/user/.m2/repository/org/apache/hadoop/hadoop-hdds-container-service/0.5.0-SNAPSHOT/hadoop-hdds-container-service-0.5.0-SNAPSHOT.jar!/webapps/static,AVAILABLE}
2019-09-20 14:26:26,318 [main] INFO  handler.ContextHandler (ContextHandler.java:doStart(781)) - Started o.e.j.w.WebAppContext@ec70725{/,file:///tmp/jetty-0.0.0.0-40138-hddsDatanode-_-any-7355682650987394540.dir/webapp/,AVAILABLE}{/hddsDatanode}
2019-09-20 14:26:26,318 [main] INFO  server.AbstractConnector (AbstractConnector.java:doStart(278)) - Started ServerConnector@2082e0e4{HTTP/1.1,[http/1.1]}{0.0.0.0:40138}
2019-09-20 14:26:26,319 [main] INFO  server.Server (Server.java:doStart(419)) - Started @98924ms
2019-09-20 14:26:26,320 [main] INFO  server.BaseHttpServer (BaseHttpServer.java:updateConnectorAddress(213)) - HTTP server of HDDSDATANODE is listening at http://0.0.0.0:40138
2019-09-20 14:26:26,449 | INFO  | ObjectStoreRestHttpServer | Listening HDDS REST traffic on /0.0.0.0:35933 |  
2019-09-20 14:26:26,449 [main] INFO  ozone.HddsDatanodeService (HddsDatanodeService.java:startPlugins(395)) - Started plug-in org.apache.hadoop.ozone.web.OzoneHddsDatanodeService@48d24d63
2019-09-20 14:26:26,450 [main] INFO  impl.MetricsSystemImpl (MetricsSystemImpl.java:init(158)) - HddsDatanode metrics system started (again)
2019-09-20 14:26:26,452 [org.apache.hadoop.util.JvmPauseMonitor$Monitor@6f48b95b] INFO  util.JvmPauseMonitor (JvmPauseMonitor.java:run(188)) - Starting JVM pause monitor
2019-09-20 14:26:26,452 [main] INFO  ozone.HddsDatanodeService (HddsDatanodeService.java:start(184)) - HddsDatanodeService host:pr-hdds-1569-p5fx8-1226042367 ip:192.168.36.99
2019-09-20 14:26:26,454 [Datanode State Machine Thread - 0] INFO  datanode.InitDatanodeState (InitDatanodeState.java:persistContainerDatanodeDetails(140)) - DatanodeDetails is persisted to /workdir/hadoop-ozone/ozonefs/target/test-dir/MiniOzoneClusterImpl-338b8348-b083-46f4-a27e-fb8b70a40c3f/datanode-1/meta/datanode.id
2019-09-20 14:26:26,461 [main] INFO  volume.HddsVolume (HddsVolume.java:<init>(176)) - Creating Volume: /workdir/hadoop-ozone/ozonefs/target/test-dir/MiniOzoneClusterImpl-338b8348-b083-46f4-a27e-fb8b70a40c3f/datanode-2/data/containers/hdds of  storage type : DISK and capacity : 1482555576320
2019-09-20 14:26:26,461 [main] INFO  volume.VolumeSet (VolumeSet.java:initializeVolumeSet(170)) - Added Volume : /workdir/hadoop-ozone/ozonefs/target/test-dir/MiniOzoneClusterImpl-338b8348-b083-46f4-a27e-fb8b70a40c3f/datanode-2/data/containers/hdds to VolumeSet
2019-09-20 14:26:26,461 [main] INFO  volume.ThrottledAsyncChecker (ThrottledAsyncChecker.java:schedule(140)) - Scheduling a check for org.apache.hadoop.ozone.container.common.volume.HddsVolume@7e35d743
2019-09-20 14:26:26,462 [main] INFO  volume.HddsVolumeChecker (HddsVolumeChecker.java:checkAllVolumes(203)) - Scheduled health check for volume org.apache.hadoop.ozone.container.common.volume.HddsVolume@7e35d743
2019-09-20 14:26:26,482 [main] INFO  impl.RaftServerProxy (ConfUtils.java:logGet(43)) - raft.rpc.type = GRPC (default)
2019-09-20 14:26:26,482 [main] INFO  grpc.GrpcFactory (GrpcFactory.java:checkPooledByteBufAllocatorUseCacheForAllThreads(45)) - PERFORMANCE WARNING: useCacheForAllThreads is true that may cause Netty to create a lot garbage objects and, as a result, trigger GC.
	It is recommended to disable useCacheForAllThreads by setting -Dorg.apache.ratis.thirdparty.io.netty.allocator.useCacheForAllThreads=false in command line.
2019-09-20 14:26:26,482 [main] INFO  grpc.GrpcConfigKeys$Server (ConfUtils.java:logGet(43)) - raft.grpc.server.port = 0 (default)
2019-09-20 14:26:26,482 [main] INFO  server.GrpcService (ConfUtils.java:logGet(43)) - raft.grpc.message.size.max = 33570816 (custom)
2019-09-20 14:26:26,482 [main] INFO  server.RaftServerConfigKeys (ConfUtils.java:logGet(43)) - raft.server.log.appender.buffer.byte-limit = 33554432 (custom)
2019-09-20 14:26:26,483 [main] INFO  server.GrpcService (ConfUtils.java:logGet(43)) - raft.grpc.flow.control.window = 1MB (=1048576) (default)
2019-09-20 14:26:26,483 [main] INFO  server.RaftServerConfigKeys (ConfUtils.java:logGet(43)) - raft.server.rpc.request.timeout = 3000ms (default)
2019-09-20 14:26:26,483 [main] INFO  server.RaftServerConfigKeys (ConfUtils.java:logGet(43)) - raft.server.storage.dir = [/workdir/hadoop-ozone/ozonefs/target/test-dir/MiniOzoneClusterImpl-338b8348-b083-46f4-a27e-fb8b70a40c3f/datanode-2/data/ratis] (custom)
2019-09-20 14:26:26,484 [main] INFO  replication.SimpleContainerDownloader (SimpleContainerDownloader.java:<init>(72)) - Starting container downloader service to copy containers to replicate.
2019-09-20 14:26:26,485 [main] INFO  hdfs.DFSUtil (DFSUtil.java:httpServerTemplateForNNAndJN(1641)) - Starting Web-server for hddsDatanode at: http://0.0.0.0:0
2019-09-20 14:26:26,486 [main] INFO  server.AuthenticationFilter (AuthenticationFilter.java:constructSecretProvider(240)) - Unable to initialize FileSignerSecretProvider, falling back to use random secrets.
2019-09-20 14:26:26,487 [main] WARN  http.HttpRequestLog (HttpRequestLog.java:getRequestLog(97)) - Jetty request log can only be enabled using Log4j
2019-09-20 14:26:26,488 [main] INFO  http.HttpServer2 (HttpServer2.java:addGlobalFilter(975)) - Added global filter 'safety' (class=org.apache.hadoop.http.HttpServer2$QuotingInputFilter)
2019-09-20 14:26:26,489 [main] INFO  http.HttpServer2 (HttpServer2.java:addFilter(948)) - Added filter static_user_filter (class=org.apache.hadoop.http.lib.StaticUserWebFilter$StaticUserFilter) to context hddsDatanode
2019-09-20 14:26:26,489 [main] INFO  http.HttpServer2 (HttpServer2.java:addFilter(958)) - Added filter static_user_filter (class=org.apache.hadoop.http.lib.StaticUserWebFilter$StaticUserFilter) to context static
2019-09-20 14:26:26,489 [main] INFO  http.HttpServer2 (HttpServer2.java:addFilter(958)) - Added filter static_user_filter (class=org.apache.hadoop.http.lib.StaticUserWebFilter$StaticUserFilter) to context logs
2019-09-20 14:26:26,490 [main] INFO  http.HttpServer2 (HttpServer2.java:bindListener(1191)) - Jetty bound to port 37268
2019-09-20 14:26:26,490 [main] INFO  server.Server (Server.java:doStart(351)) - jetty-9.3.24.v20180605, build timestamp: 2018-06-05T17:11:56Z, git hash: 84205aa28f11a4f31f2a3b86d1bba2cc8ab69827
2019-09-20 14:26:26,492 [main] INFO  handler.ContextHandler (ContextHandler.java:doStart(781)) - Started o.e.j.s.ServletContextHandler@6e4bccc{/logs,file:///workdir/hadoop-ozone/ozonefs/target/log,AVAILABLE}
2019-09-20 14:26:26,492 [main] INFO  handler.ContextHandler (ContextHandler.java:doStart(781)) - Started o.e.j.s.ServletContextHandler@3d2ff73a{/static,jar:file:/home/user/.m2/repository/org/apache/hadoop/hadoop-hdds-container-service/0.5.0-SNAPSHOT/hadoop-hdds-container-service-0.5.0-SNAPSHOT.jar!/webapps/static,AVAILABLE}
2019-09-20 14:26:26,519 [main] INFO  handler.ContextHandler (ContextHandler.java:doStart(781)) - Started o.e.j.w.WebAppContext@33502cfe{/,file:///tmp/jetty-0.0.0.0-37268-hddsDatanode-_-any-7122946621814745966.dir/webapp/,AVAILABLE}{/hddsDatanode}
2019-09-20 14:26:26,519 [main] INFO  server.AbstractConnector (AbstractConnector.java:doStart(278)) - Started ServerConnector@729d1428{HTTP/1.1,[http/1.1]}{0.0.0.0:37268}
2019-09-20 14:26:26,520 [main] INFO  server.Server (Server.java:doStart(419)) - Started @99125ms
2019-09-20 14:26:26,521 [main] INFO  server.BaseHttpServer (BaseHttpServer.java:updateConnectorAddress(213)) - HTTP server of HDDSDATANODE is listening at http://0.0.0.0:37268
2019-09-20 14:26:26,647 | INFO  | ObjectStoreRestHttpServer | Listening HDDS REST traffic on /0.0.0.0:36180 |  
2019-09-20 14:26:26,647 [main] INFO  ozone.HddsDatanodeService (HddsDatanodeService.java:startPlugins(395)) - Started plug-in org.apache.hadoop.ozone.web.OzoneHddsDatanodeService@5c6be812
2019-09-20 14:26:26,648 [main] INFO  ozone.MiniOzoneClusterImpl (MiniOzoneClusterImpl.java:lambda$waitForClusterToBeReady$0(142)) - Waiting for cluster to be ready. Got 0 of 3 DN Heartbeats.
2019-09-20 14:26:26,649 [org.apache.hadoop.util.JvmPauseMonitor$Monitor@40db13c4] INFO  util.JvmPauseMonitor (JvmPauseMonitor.java:run(188)) - Starting JVM pause monitor
2019-09-20 14:26:26,652 [Datanode State Machine Thread - 0] INFO  datanode.InitDatanodeState (InitDatanodeState.java:persistContainerDatanodeDetails(140)) - DatanodeDetails is persisted to /workdir/hadoop-ozone/ozonefs/target/test-dir/MiniOzoneClusterImpl-338b8348-b083-46f4-a27e-fb8b70a40c3f/datanode-2/meta/datanode.id
2019-09-20 14:26:27,648 [main] INFO  ozone.MiniOzoneClusterImpl (MiniOzoneClusterImpl.java:lambda$waitForClusterToBeReady$0(142)) - Waiting for cluster to be ready. Got 0 of 3 DN Heartbeats.
2019-09-20 14:26:28,240 | INFO  | SCMAudit | user=jenkins1000 | ip=192.168.36.99 | op=GET_VERSION null | ret=SUCCESS |  
2019-09-20 14:26:28,265 [Datanode State Machine Thread - 0] INFO  ozoneimpl.OzoneContainer (OzoneContainer.java:start(186)) - Attempting to start container services.
2019-09-20 14:26:28,265 [Datanode State Machine Thread - 0] INFO  ozoneimpl.OzoneContainer (OzoneContainer.java:startContainerScrub(160)) - Background container scrubber has been disabled by hdds.containerscrub.enabled
2019-09-20 14:26:28,265 [Datanode State Machine Thread - 0] INFO  ratis.XceiverServerRatis (XceiverServerRatis.java:start(404)) - Starting XceiverServerRatis b39debcb-59eb-4ff3-9b06-894e333b5be6 at port 0
2019-09-20 14:26:28,273 [Datanode State Machine Thread - 0] INFO  impl.RaftServerProxy (RaftServerProxy.java:lambda$start$3(299)) - b39debcb-59eb-4ff3-9b06-894e333b5be6: start RPC server
2019-09-20 14:26:28,276 [Datanode State Machine Thread - 0] INFO  server.GrpcService (GrpcService.java:startImpl(149)) - b39debcb-59eb-4ff3-9b06-894e333b5be6: GrpcService started, listening on 0.0.0.0/0.0.0.0:36063
2019-09-20 14:26:28,277 [Datanode State Machine Thread - 0] INFO  ratis.XceiverServerRatis (XceiverServerRatis.java:start(414)) - XceiverServerRatis b39debcb-59eb-4ff3-9b06-894e333b5be6 is started using port 36063
2019-09-20 14:26:28,277 [Datanode State Machine Thread - 0] INFO  server.XceiverServerGrpc (XceiverServerGrpc.java:start(163)) - XceiverServerGrpc b39debcb-59eb-4ff3-9b06-894e333b5be6 is started using port 39773
2019-09-20 14:26:28,453 | INFO  | SCMAudit | user=jenkins1000 | ip=192.168.36.99 | op=GET_VERSION null | ret=SUCCESS |  
2019-09-20 14:26:28,472 [Datanode State Machine Thread - 0] INFO  ozoneimpl.OzoneContainer (OzoneContainer.java:start(186)) - Attempting to start container services.
2019-09-20 14:26:28,472 [Datanode State Machine Thread - 0] INFO  ozoneimpl.OzoneContainer (OzoneContainer.java:startContainerScrub(160)) - Background container scrubber has been disabled by hdds.containerscrub.enabled
2019-09-20 14:26:28,473 [Datanode State Machine Thread - 0] INFO  ratis.XceiverServerRatis (XceiverServerRatis.java:start(404)) - Starting XceiverServerRatis 3d6cea60-fef1-4ae8-b4b1-1f18b9d50500 at port 0
2019-09-20 14:26:28,479 [Datanode State Machine Thread - 0] INFO  impl.RaftServerProxy (RaftServerProxy.java:lambda$start$3(299)) - 3d6cea60-fef1-4ae8-b4b1-1f18b9d50500: start RPC server
2019-09-20 14:26:28,481 [Datanode State Machine Thread - 0] INFO  server.GrpcService (GrpcService.java:startImpl(149)) - 3d6cea60-fef1-4ae8-b4b1-1f18b9d50500: GrpcService started, listening on 0.0.0.0/0.0.0.0:38255
2019-09-20 14:26:28,481 [Datanode State Machine Thread - 0] INFO  ratis.XceiverServerRatis (XceiverServerRatis.java:start(414)) - XceiverServerRatis 3d6cea60-fef1-4ae8-b4b1-1f18b9d50500 is started using port 38255
2019-09-20 14:26:28,483 [Datanode State Machine Thread - 0] INFO  server.XceiverServerGrpc (XceiverServerGrpc.java:start(163)) - XceiverServerGrpc 3d6cea60-fef1-4ae8-b4b1-1f18b9d50500 is started using port 39477
2019-09-20 14:26:28,649 [main] INFO  ozone.MiniOzoneClusterImpl (MiniOzoneClusterImpl.java:lambda$waitForClusterToBeReady$0(142)) - Waiting for cluster to be ready. Got 0 of 3 DN Heartbeats.
2019-09-20 14:26:28,652 | INFO  | SCMAudit | user=jenkins1000 | ip=192.168.36.99 | op=GET_VERSION null | ret=SUCCESS |  
2019-09-20 14:26:28,671 [Datanode State Machine Thread - 0] INFO  ozoneimpl.OzoneContainer (OzoneContainer.java:start(186)) - Attempting to start container services.
2019-09-20 14:26:28,671 [Datanode State Machine Thread - 0] INFO  ozoneimpl.OzoneContainer (OzoneContainer.java:startContainerScrub(160)) - Background container scrubber has been disabled by hdds.containerscrub.enabled
2019-09-20 14:26:28,671 [Datanode State Machine Thread - 0] INFO  ratis.XceiverServerRatis (XceiverServerRatis.java:start(404)) - Starting XceiverServerRatis 15297862-8e3d-471b-9ead-84c6fd00747d at port 0
2019-09-20 14:26:28,678 [Datanode State Machine Thread - 0] INFO  impl.RaftServerProxy (RaftServerProxy.java:lambda$start$3(299)) - 15297862-8e3d-471b-9ead-84c6fd00747d: start RPC server
2019-09-20 14:26:28,679 [Datanode State Machine Thread - 0] INFO  server.GrpcService (GrpcService.java:startImpl(149)) - 15297862-8e3d-471b-9ead-84c6fd00747d: GrpcService started, listening on 0.0.0.0/0.0.0.0:41872
2019-09-20 14:26:28,679 [Datanode State Machine Thread - 0] INFO  ratis.XceiverServerRatis (XceiverServerRatis.java:start(414)) - XceiverServerRatis 15297862-8e3d-471b-9ead-84c6fd00747d is started using port 41872
2019-09-20 14:26:28,679 [Datanode State Machine Thread - 0] INFO  server.XceiverServerGrpc (XceiverServerGrpc.java:start(163)) - XceiverServerGrpc 15297862-8e3d-471b-9ead-84c6fd00747d is started using port 43904
2019-09-20 14:26:29,649 [main] INFO  ozone.MiniOzoneClusterImpl (MiniOzoneClusterImpl.java:lambda$waitForClusterToBeReady$0(142)) - Waiting for cluster to be ready. Got 0 of 3 DN Heartbeats.
2019-09-20 14:26:30,239 [IPC Server handler 0 on 32950] INFO  net.NetworkTopology (NetworkTopologyImpl.java:add(110)) - Added a new node: /default-rack/b39debcb-59eb-4ff3-9b06-894e333b5be6
2019-09-20 14:26:30,240 [IPC Server handler 0 on 32950] INFO  node.SCMNodeManager (SCMNodeManager.java:register(273)) - Registered Data node : b39debcb-59eb-4ff3-9b06-894e333b5be6{ip: 192.168.36.99, host: pr-hdds-1569-p5fx8-1226042367, networkLocation: /default-rack, certSerialId: null}
2019-09-20 14:26:30,241 [EventQueue-NodeRegistrationContainerReportForDataNodeSafeModeRule] INFO  safemode.SCMSafeModeManager (DataNodeSafeModeRule.java:process(71)) - SCM in safe mode. 1 DataNodes registered, 1 required.
2019-09-20 14:26:30,242 | INFO  | SCMAudit | user=jenkins1000 | ip=192.168.36.99 | op=REGISTER {datanodeDetails=b39debcb-59eb-4ff3-9b06-894e333b5be6{ip: 192.168.36.99, host: pr-hdds-1569-p5fx8-1226042367, networkLocation: /default-rack, certSerialId: null}} | ret=SUCCESS |  
2019-09-20 14:26:30,243 [EventQueue-NodeRegistrationContainerReportForDataNodeSafeModeRule] INFO  safemode.SCMSafeModeManager (SCMSafeModeManager.java:validateSafeModeExitRules(177)) - ScmSafeModeManager, all rules are successfully validated
2019-09-20 14:26:30,243 [EventQueue-NodeRegistrationContainerReportForDataNodeSafeModeRule] INFO  safemode.SCMSafeModeManager (SCMSafeModeManager.java:exitSafeMode(193)) - SCM exiting safe mode.
2019-09-20 14:26:30,255 [grpc-default-executor-0] INFO  impl.RaftServerProxy (RaftServerProxy.java:addNew(89)) - b39debcb-59eb-4ff3-9b06-894e333b5be6: addNew group-8797A8D26B4E:[b39debcb-59eb-4ff3-9b06-894e333b5be6:192.168.36.99:36063] returns group-8797A8D26B4E:java.util.concurrent.CompletableFuture@7e7eea14[Not completed]
2019-09-20 14:26:30,256 [pool-292-thread-1] INFO  impl.RaftServerImpl (RaftServerImpl.java:<init>(93)) - b39debcb-59eb-4ff3-9b06-894e333b5be6: new RaftServerImpl for group-8797A8D26B4E:[b39debcb-59eb-4ff3-9b06-894e333b5be6:192.168.36.99:36063] with ContainerStateMachine:uninitialized
2019-09-20 14:26:30,257 [pool-292-thread-1] INFO  server.RaftServerConfigKeys (ConfUtils.java:logGet(43)) - raft.server.rpc.timeout.min = 5s (custom)
2019-09-20 14:26:30,257 [pool-292-thread-1] INFO  server.RaftServerConfigKeys (ConfUtils.java:logGet(43)) - raft.server.rpc.timeout.max = 5200ms (custom)
2019-09-20 14:26:30,257 [pool-292-thread-1] INFO  server.RaftServerConfigKeys (ConfUtils.java:logGet(43)) - raft.server.rpcslowness.timeout = 120s (custom)
2019-09-20 14:26:30,257 [pool-292-thread-1] INFO  server.RaftServerConfigKeys (ConfUtils.java:logGet(43)) - raft.server.sleep.deviation.threshold = 300 (default)
2019-09-20 14:26:30,257 [pool-292-thread-1] INFO  server.RaftServerConfigKeys (ConfUtils.java:logGet(43)) - raft.server.log.appender.install.snapshot.enabled = false (custom)
2019-09-20 14:26:30,257 [pool-292-thread-1] INFO  impl.RaftServerImpl (ServerState.java:<init>(105)) - b39debcb-59eb-4ff3-9b06-894e333b5be6:group-8797A8D26B4E ConfigurationManager, init=-1: [b39debcb-59eb-4ff3-9b06-894e333b5be6:192.168.36.99:36063], old=null, confs=<EMPTY_MAP>
2019-09-20 14:26:30,258 [pool-292-thread-1] INFO  server.RaftServerConfigKeys (ConfUtils.java:logGet(43)) - raft.server.storage.dir = [/workdir/hadoop-ozone/ozonefs/target/test-dir/MiniOzoneClusterImpl-338b8348-b083-46f4-a27e-fb8b70a40c3f/datanode-0/data/ratis] (custom)
2019-09-20 14:26:30,258 [pool-292-thread-1] INFO  storage.RaftStorageDirectory (RaftStorageDirectory.java:analyzeStorage(246)) - The storage directory /workdir/hadoop-ozone/ozonefs/target/test-dir/MiniOzoneClusterImpl-338b8348-b083-46f4-a27e-fb8b70a40c3f/datanode-0/data/ratis/5857eb24-78b2-4f4e-a047-8797a8d26b4e does not exist. Creating ...
2019-09-20 14:26:30,283 [pool-292-thread-1] INFO  storage.RaftStorageDirectory (RaftStorageDirectory.java:tryLock(328)) - Lock on /workdir/hadoop-ozone/ozonefs/target/test-dir/MiniOzoneClusterImpl-338b8348-b083-46f4-a27e-fb8b70a40c3f/datanode-0/data/ratis/5857eb24-78b2-4f4e-a047-8797a8d26b4e/in_use.lock acquired by nodename 21669@pr-hdds-1569-p5fx8-1226042367
2019-09-20 14:26:30,309 [pool-292-thread-1] INFO  storage.RaftStorage (RaftStorage.java:format(72)) - Storage directory /workdir/hadoop-ozone/ozonefs/target/test-dir/MiniOzoneClusterImpl-338b8348-b083-46f4-a27e-fb8b70a40c3f/datanode-0/data/ratis/5857eb24-78b2-4f4e-a047-8797a8d26b4e has been successfully formatted.
2019-09-20 14:26:30,309 [pool-292-thread-1] INFO  ratis.ContainerStateMachine (ContainerStateMachine.java:loadSnapshot(226)) - group-8797A8D26B4E: The snapshot info is null. Setting the last applied indexto:(t:0, i:~)
2019-09-20 14:26:30,309 [pool-292-thread-1] INFO  server.RaftServerConfigKeys (ConfUtils.java:logGet(43)) - raft.server.leader.election.timeout = 120s (custom)
2019-09-20 14:26:30,309 [pool-292-thread-1] INFO  server.RaftServerConfigKeys (ConfUtils.java:logGet(43)) - raft.server.log.use.memory = false (default)
2019-09-20 14:26:30,310 [pool-292-thread-1] INFO  server.RaftServerConfigKeys (ConfUtils.java:logGet(43)) - raft.server.log.purge.gap = 1000000 (custom)
2019-09-20 14:26:30,310 [pool-292-thread-1] INFO  server.RaftServerConfigKeys (ConfUtils.java:logGet(43)) - raft.server.log.appender.buffer.byte-limit = 33554432 (custom)
2019-09-20 14:26:30,310 [pool-292-thread-1] INFO  server.RaftServerConfigKeys (ConfUtils.java:logGet(43)) - raft.server.log.segment.size.max = 1048576 (custom)
2019-09-20 14:26:30,310 [pool-292-thread-1] INFO  server.RaftServerConfigKeys (ConfUtils.java:logGet(43)) - raft.server.log.segment.cache.num.max = 2 (custom)
2019-09-20 14:26:30,310 [pool-292-thread-1] INFO  segmented.SegmentedRaftLogWorker (SegmentedRaftLogWorker.java:<init>(172)) - new b39debcb-59eb-4ff3-9b06-894e333b5be6-SegmentedRaftLogWorker:Storage Directory /workdir/hadoop-ozone/ozonefs/target/test-dir/MiniOzoneClusterImpl-338b8348-b083-46f4-a27e-fb8b70a40c3f/datanode-0/data/ratis/5857eb24-78b2-4f4e-a047-8797a8d26b4e for RaftStorage:Storage Directory /workdir/hadoop-ozone/ozonefs/target/test-dir/MiniOzoneClusterImpl-338b8348-b083-46f4-a27e-fb8b70a40c3f/datanode-0/data/ratis/5857eb24-78b2-4f4e-a047-8797a8d26b4e
2019-09-20 14:26:30,311 [pool-292-thread-1] INFO  server.RaftServerConfigKeys (ConfUtils.java:logGet(43)) - raft.server.log.queue.byte-limit = 2147483647 (custom)
2019-09-20 14:26:30,311 [pool-292-thread-1] INFO  server.RaftServerConfigKeys (ConfUtils.java:logGet(43)) - raft.server.log.queue.element-limit = 1024 (custom)
2019-09-20 14:26:30,311 [pool-292-thread-1] INFO  server.RaftServerConfigKeys (ConfUtils.java:logGet(43)) - raft.server.log.segment.size.max = 1048576 (custom)
2019-09-20 14:26:30,311 [pool-292-thread-1] INFO  server.RaftServerConfigKeys (ConfUtils.java:logGet(43)) - raft.server.log.preallocated.size = 16384 (custom)
2019-09-20 14:26:30,312 [pool-292-thread-1] INFO  server.RaftServerConfigKeys (ConfUtils.java:logGet(43)) - raft.server.log.write.buffer.size = 33554432 (custom)
2019-09-20 14:26:30,312 [pool-292-thread-1] INFO  server.RaftServerConfigKeys (ConfUtils.java:logGet(43)) - raft.server.log.force.sync.num = 128 (default)
2019-09-20 14:26:30,312 [pool-292-thread-1] INFO  server.RaftServerConfigKeys (ConfUtils.java:logGet(43)) - raft.server.log.statemachine.data.sync = true (default)
2019-09-20 14:26:30,312 [pool-292-thread-1] INFO  server.RaftServerConfigKeys (ConfUtils.java:logGet(43)) - raft.server.log.statemachine.data.sync.timeout = 10s (default)
2019-09-20 14:26:30,312 [pool-292-thread-1] INFO  server.RaftServerConfigKeys (ConfUtils.java:logGet(43)) - raft.server.log.statemachine.data.sync.timeout.retry = -1 (default)
2019-09-20 14:26:30,313 [pool-292-thread-1] INFO  server.RaftServerConfigKeys (ConfUtils.java:logGet(43)) - raft.server.log.statemachine.data.caching.enabled = true (custom)
2019-09-20 14:26:30,313 [pool-292-thread-1] INFO  segmented.SegmentedRaftLogWorker (SegmentedRaftLogWorker.java:lambda$new$0(132)) - b39debcb-59eb-4ff3-9b06-894e333b5be6-SegmentedRaftLogWorker:Storage Directory /workdir/hadoop-ozone/ozonefs/target/test-dir/MiniOzoneClusterImpl-338b8348-b083-46f4-a27e-fb8b70a40c3f/datanode-0/data/ratis/5857eb24-78b2-4f4e-a047-8797a8d26b4e: flushIndex: setUnconditionally 0 -> -1
2019-09-20 14:26:30,314 [pool-292-thread-1] INFO  server.RaftServerConfigKeys (ConfUtils.java:logGet(43)) - raft.server.snapshot.auto.trigger.enabled = true (custom)
2019-09-20 14:26:30,314 [pool-292-thread-1] INFO  server.RaftServerConfigKeys (ConfUtils.java:logGet(43)) - raft.server.snapshot.auto.trigger.threshold = 10000 (custom)
2019-09-20 14:26:30,314 [pool-292-thread-1] INFO  server.RaftServerConfigKeys (ConfUtils.java:logGet(43)) - raft.server.retrycache.expirytime = 600000ms (custom)
2019-09-20 14:26:30,314 [pool-292-thread-1] INFO  impl.RaftServerImpl (RaftServerImpl.java:start(180)) - b39debcb-59eb-4ff3-9b06-894e333b5be6: start group-8797A8D26B4E
2019-09-20 14:26:30,314 [pool-292-thread-1] INFO  impl.RaftServerImpl (RaftServerImpl.java:setRole(171)) - b39debcb-59eb-4ff3-9b06-894e333b5be6:group-8797A8D26B4E changes role from null to FOLLOWER at term 0 for startAsFollower
2019-09-20 14:26:30,314 [pool-292-thread-1] INFO  impl.RoleInfo (RoleInfo.java:updateAndGet(143)) - b39debcb-59eb-4ff3-9b06-894e333b5be6: start FollowerState
2019-09-20 14:26:30,315 [pool-292-thread-1] INFO  util.JmxRegister (JmxRegister.java:tryRegister(44)) - Successfully registered JMX Bean with object name Ratis:service=RaftServer,group=group-8797A8D26B4E,id=b39debcb-59eb-4ff3-9b06-894e333b5be6
2019-09-20 14:26:30,319 [RatisPipelineUtilsThread] INFO  pipeline.PipelineStateManager (PipelineStateManager.java:addPipeline(56)) - Created pipeline Pipeline[ Id: 5857eb24-78b2-4f4e-a047-8797a8d26b4e, Nodes: b39debcb-59eb-4ff3-9b06-894e333b5be6{ip: 192.168.36.99, host: pr-hdds-1569-p5fx8-1226042367, networkLocation: /default-rack, certSerialId: null}, Type:RATIS, Factor:ONE, State:OPEN]
2019-09-20 14:26:30,325 [grpc-default-executor-0] INFO  impl.RaftServerProxy (RaftServerProxy.java:addNew(89)) - b39debcb-59eb-4ff3-9b06-894e333b5be6: addNew group-327951D6E5C7:[b39debcb-59eb-4ff3-9b06-894e333b5be6:192.168.36.99:36063] returns group-327951D6E5C7:java.util.concurrent.CompletableFuture@4fca1586[Not completed]
2019-09-20 14:26:30,326 [pool-292-thread-1] INFO  impl.RaftServerImpl (RaftServerImpl.java:<init>(93)) - b39debcb-59eb-4ff3-9b06-894e333b5be6: new RaftServerImpl for group-327951D6E5C7:[b39debcb-59eb-4ff3-9b06-894e333b5be6:192.168.36.99:36063] with ContainerStateMachine:uninitialized
2019-09-20 14:26:30,326 [pool-292-thread-1] INFO  server.RaftServerConfigKeys (ConfUtils.java:logGet(43)) - raft.server.rpc.timeout.min = 5s (custom)
2019-09-20 14:26:30,326 [pool-292-thread-1] INFO  server.RaftServerConfigKeys (ConfUtils.java:logGet(43)) - raft.server.rpc.timeout.max = 5200ms (custom)
2019-09-20 14:26:30,326 [pool-292-thread-1] INFO  server.RaftServerConfigKeys (ConfUtils.java:logGet(43)) - raft.server.rpcslowness.timeout = 120s (custom)
2019-09-20 14:26:30,327 [pool-292-thread-1] INFO  server.RaftServerConfigKeys (ConfUtils.java:logGet(43)) - raft.server.sleep.deviation.threshold = 300 (default)
2019-09-20 14:26:30,327 [pool-292-thread-1] INFO  server.RaftServerConfigKeys (ConfUtils.java:logGet(43)) - raft.server.log.appender.install.snapshot.enabled = false (custom)
2019-09-20 14:26:30,327 [pool-292-thread-1] INFO  impl.RaftServerImpl (ServerState.java:<init>(105)) - b39debcb-59eb-4ff3-9b06-894e333b5be6:group-327951D6E5C7 ConfigurationManager, init=-1: [b39debcb-59eb-4ff3-9b06-894e333b5be6:192.168.36.99:36063], old=null, confs=<EMPTY_MAP>
2019-09-20 14:26:30,327 [pool-292-thread-1] INFO  server.RaftServerConfigKeys (ConfUtils.java:logGet(43)) - raft.server.storage.dir = [/workdir/hadoop-ozone/ozonefs/target/test-dir/MiniOzoneClusterImpl-338b8348-b083-46f4-a27e-fb8b70a40c3f/datanode-0/data/ratis] (custom)
2019-09-20 14:26:30,327 [pool-292-thread-1] INFO  storage.RaftStorageDirectory (RaftStorageDirectory.java:analyzeStorage(246)) - The storage directory /workdir/hadoop-ozone/ozonefs/target/test-dir/MiniOzoneClusterImpl-338b8348-b083-46f4-a27e-fb8b70a40c3f/datanode-0/data/ratis/fd4daa43-d2e4-46ae-a164-327951d6e5c7 does not exist. Creating ...
2019-09-20 14:26:30,347 [pool-292-thread-1] INFO  storage.RaftStorageDirectory (RaftStorageDirectory.java:tryLock(328)) - Lock on /workdir/hadoop-ozone/ozonefs/target/test-dir/MiniOzoneClusterImpl-338b8348-b083-46f4-a27e-fb8b70a40c3f/datanode-0/data/ratis/fd4daa43-d2e4-46ae-a164-327951d6e5c7/in_use.lock acquired by nodename 21669@pr-hdds-1569-p5fx8-1226042367
2019-09-20 14:26:30,363 [pool-292-thread-1] INFO  storage.RaftStorage (RaftStorage.java:format(72)) - Storage directory /workdir/hadoop-ozone/ozonefs/target/test-dir/MiniOzoneClusterImpl-338b8348-b083-46f4-a27e-fb8b70a40c3f/datanode-0/data/ratis/fd4daa43-d2e4-46ae-a164-327951d6e5c7 has been successfully formatted.
2019-09-20 14:26:30,364 [pool-292-thread-1] INFO  ratis.ContainerStateMachine (ContainerStateMachine.java:loadSnapshot(226)) - group-327951D6E5C7: The snapshot info is null. Setting the last applied indexto:(t:0, i:~)
2019-09-20 14:26:30,364 [pool-292-thread-1] INFO  server.RaftServerConfigKeys (ConfUtils.java:logGet(43)) - raft.server.leader.election.timeout = 120s (custom)
2019-09-20 14:26:30,364 [pool-292-thread-1] INFO  server.RaftServerConfigKeys (ConfUtils.java:logGet(43)) - raft.server.log.use.memory = false (default)
2019-09-20 14:26:30,364 [pool-292-thread-1] INFO  server.RaftServerConfigKeys (ConfUtils.java:logGet(43)) - raft.server.log.purge.gap = 1000000 (custom)
2019-09-20 14:26:30,364 [pool-292-thread-1] INFO  server.RaftServerConfigKeys (ConfUtils.java:logGet(43)) - raft.server.log.appender.buffer.byte-limit = 33554432 (custom)
2019-09-20 14:26:30,365 [pool-292-thread-1] INFO  server.RaftServerConfigKeys (ConfUtils.java:logGet(43)) - raft.server.log.segment.size.max = 1048576 (custom)
2019-09-20 14:26:30,365 [pool-292-thread-1] INFO  server.RaftServerConfigKeys (ConfUtils.java:logGet(43)) - raft.server.log.segment.cache.num.max = 2 (custom)
2019-09-20 14:26:30,365 [pool-292-thread-1] INFO  segmented.SegmentedRaftLogWorker (SegmentedRaftLogWorker.java:<init>(172)) - new b39debcb-59eb-4ff3-9b06-894e333b5be6-SegmentedRaftLogWorker:Storage Directory /workdir/hadoop-ozone/ozonefs/target/test-dir/MiniOzoneClusterImpl-338b8348-b083-46f4-a27e-fb8b70a40c3f/datanode-0/data/ratis/fd4daa43-d2e4-46ae-a164-327951d6e5c7 for RaftStorage:Storage Directory /workdir/hadoop-ozone/ozonefs/target/test-dir/MiniOzoneClusterImpl-338b8348-b083-46f4-a27e-fb8b70a40c3f/datanode-0/data/ratis/fd4daa43-d2e4-46ae-a164-327951d6e5c7
2019-09-20 14:26:30,365 [pool-292-thread-1] INFO  server.RaftServerConfigKeys (ConfUtils.java:logGet(43)) - raft.server.log.queue.byte-limit = 2147483647 (custom)
2019-09-20 14:26:30,365 [pool-292-thread-1] INFO  server.RaftServerConfigKeys (ConfUtils.java:logGet(43)) - raft.server.log.queue.element-limit = 1024 (custom)
2019-09-20 14:26:30,365 [pool-292-thread-1] INFO  server.RaftServerConfigKeys (ConfUtils.java:logGet(43)) - raft.server.log.segment.size.max = 1048576 (custom)
2019-09-20 14:26:30,366 [pool-292-thread-1] INFO  server.RaftServerConfigKeys (ConfUtils.java:logGet(43)) - raft.server.log.preallocated.size = 16384 (custom)
2019-09-20 14:26:30,366 [pool-292-thread-1] INFO  server.RaftServerConfigKeys (ConfUtils.java:logGet(43)) - raft.server.log.write.buffer.size = 33554432 (custom)
2019-09-20 14:26:30,366 [pool-292-thread-1] INFO  server.RaftServerConfigKeys (ConfUtils.java:logGet(43)) - raft.server.log.force.sync.num = 128 (default)
2019-09-20 14:26:30,366 [pool-292-thread-1] INFO  server.RaftServerConfigKeys (ConfUtils.java:logGet(43)) - raft.server.log.statemachine.data.sync = true (default)
2019-09-20 14:26:30,366 [pool-292-thread-1] INFO  server.RaftServerConfigKeys (ConfUtils.java:logGet(43)) - raft.server.log.statemachine.data.sync.timeout = 10s (default)
2019-09-20 14:26:30,366 [pool-292-thread-1] INFO  server.RaftServerConfigKeys (ConfUtils.java:logGet(43)) - raft.server.log.statemachine.data.sync.timeout.retry = -1 (default)
2019-09-20 14:26:30,367 [pool-292-thread-1] INFO  server.RaftServerConfigKeys (ConfUtils.java:logGet(43)) - raft.server.log.statemachine.data.caching.enabled = true (custom)
2019-09-20 14:26:30,367 [pool-292-thread-1] INFO  segmented.SegmentedRaftLogWorker (SegmentedRaftLogWorker.java:lambda$new$0(132)) - b39debcb-59eb-4ff3-9b06-894e333b5be6-SegmentedRaftLogWorker:Storage Directory /workdir/hadoop-ozone/ozonefs/target/test-dir/MiniOzoneClusterImpl-338b8348-b083-46f4-a27e-fb8b70a40c3f/datanode-0/data/ratis/fd4daa43-d2e4-46ae-a164-327951d6e5c7: flushIndex: setUnconditionally 0 -> -1
2019-09-20 14:26:30,367 [pool-292-thread-1] INFO  server.RaftServerConfigKeys (ConfUtils.java:logGet(43)) - raft.server.snapshot.auto.trigger.enabled = true (custom)
2019-09-20 14:26:30,367 [pool-292-thread-1] INFO  server.RaftServerConfigKeys (ConfUtils.java:logGet(43)) - raft.server.snapshot.auto.trigger.threshold = 10000 (custom)
2019-09-20 14:26:30,368 [pool-292-thread-1] INFO  server.RaftServerConfigKeys (ConfUtils.java:logGet(43)) - raft.server.retrycache.expirytime = 600000ms (custom)
2019-09-20 14:26:30,368 [pool-292-thread-1] INFO  impl.RaftServerImpl (RaftServerImpl.java:start(180)) - b39debcb-59eb-4ff3-9b06-894e333b5be6: start group-327951D6E5C7
2019-09-20 14:26:30,368 [pool-292-thread-1] INFO  impl.RaftServerImpl (RaftServerImpl.java:setRole(171)) - b39debcb-59eb-4ff3-9b06-894e333b5be6:group-327951D6E5C7 changes role from null to FOLLOWER at term 0 for startAsFollower
2019-09-20 14:26:30,368 [pool-292-thread-1] INFO  impl.RoleInfo (RoleInfo.java:updateAndGet(143)) - b39debcb-59eb-4ff3-9b06-894e333b5be6: start FollowerState
2019-09-20 14:26:30,368 [pool-292-thread-1] INFO  util.JmxRegister (JmxRegister.java:tryRegister(44)) - Successfully registered JMX Bean with object name Ratis:service=RaftServer,group=group-327951D6E5C7,id=b39debcb-59eb-4ff3-9b06-894e333b5be6
2019-09-20 14:26:30,372 [RatisPipelineUtilsThread] INFO  pipeline.PipelineStateManager (PipelineStateManager.java:addPipeline(56)) - Created pipeline Pipeline[ Id: fd4daa43-d2e4-46ae-a164-327951d6e5c7, Nodes: b39debcb-59eb-4ff3-9b06-894e333b5be6{ip: 192.168.36.99, host: pr-hdds-1569-p5fx8-1226042367, networkLocation: /default-rack, certSerialId: null}, Type:RATIS, Factor:ONE, State:OPEN]
2019-09-20 14:26:30,378 [grpc-default-executor-0] INFO  impl.RaftServerProxy (RaftServerProxy.java:addNew(89)) - b39debcb-59eb-4ff3-9b06-894e333b5be6: addNew group-8044A431FD9C:[b39debcb-59eb-4ff3-9b06-894e333b5be6:192.168.36.99:36063] returns group-8044A431FD9C:java.util.concurrent.CompletableFuture@1e51155b[Not completed]
2019-09-20 14:26:30,379 [pool-292-thread-1] INFO  impl.RaftServerImpl (RaftServerImpl.java:<init>(93)) - b39debcb-59eb-4ff3-9b06-894e333b5be6: new RaftServerImpl for group-8044A431FD9C:[b39debcb-59eb-4ff3-9b06-894e333b5be6:192.168.36.99:36063] with ContainerStateMachine:uninitialized
2019-09-20 14:26:30,379 [pool-292-thread-1] INFO  server.RaftServerConfigKeys (ConfUtils.java:logGet(43)) - raft.server.rpc.timeout.min = 5s (custom)
2019-09-20 14:26:30,379 [pool-292-thread-1] INFO  server.RaftServerConfigKeys (ConfUtils.java:logGet(43)) - raft.server.rpc.timeout.max = 5200ms (custom)
2019-09-20 14:26:30,379 [pool-292-thread-1] INFO  server.RaftServerConfigKeys (ConfUtils.java:logGet(43)) - raft.server.rpcslowness.timeout = 120s (custom)
2019-09-20 14:26:30,379 [pool-292-thread-1] INFO  server.RaftServerConfigKeys (ConfUtils.java:logGet(43)) - raft.server.sleep.deviation.threshold = 300 (default)
2019-09-20 14:26:30,379 [pool-292-thread-1] INFO  server.RaftServerConfigKeys (ConfUtils.java:logGet(43)) - raft.server.log.appender.install.snapshot.enabled = false (custom)
2019-09-20 14:26:30,380 [pool-292-thread-1] INFO  impl.RaftServerImpl (ServerState.java:<init>(105)) - b39debcb-59eb-4ff3-9b06-894e333b5be6:group-8044A431FD9C ConfigurationManager, init=-1: [b39debcb-59eb-4ff3-9b06-894e333b5be6:192.168.36.99:36063], old=null, confs=<EMPTY_MAP>
2019-09-20 14:26:30,380 [pool-292-thread-1] INFO  server.RaftServerConfigKeys (ConfUtils.java:logGet(43)) - raft.server.storage.dir = [/workdir/hadoop-ozone/ozonefs/target/test-dir/MiniOzoneClusterImpl-338b8348-b083-46f4-a27e-fb8b70a40c3f/datanode-0/data/ratis] (custom)
2019-09-20 14:26:30,380 [pool-292-thread-1] INFO  storage.RaftStorageDirectory (RaftStorageDirectory.java:analyzeStorage(246)) - The storage directory /workdir/hadoop-ozone/ozonefs/target/test-dir/MiniOzoneClusterImpl-338b8348-b083-46f4-a27e-fb8b70a40c3f/datanode-0/data/ratis/4bba9c62-defb-488b-a6ff-8044a431fd9c does not exist. Creating ...
2019-09-20 14:26:30,398 [pool-292-thread-1] INFO  storage.RaftStorageDirectory (RaftStorageDirectory.java:tryLock(328)) - Lock on /workdir/hadoop-ozone/ozonefs/target/test-dir/MiniOzoneClusterImpl-338b8348-b083-46f4-a27e-fb8b70a40c3f/datanode-0/data/ratis/4bba9c62-defb-488b-a6ff-8044a431fd9c/in_use.lock acquired by nodename 21669@pr-hdds-1569-p5fx8-1226042367
2019-09-20 14:26:30,420 [pool-292-thread-1] INFO  storage.RaftStorage (RaftStorage.java:format(72)) - Storage directory /workdir/hadoop-ozone/ozonefs/target/test-dir/MiniOzoneClusterImpl-338b8348-b083-46f4-a27e-fb8b70a40c3f/datanode-0/data/ratis/4bba9c62-defb-488b-a6ff-8044a431fd9c has been successfully formatted.
2019-09-20 14:26:30,420 [pool-292-thread-1] INFO  ratis.ContainerStateMachine (ContainerStateMachine.java:loadSnapshot(226)) - group-8044A431FD9C: The snapshot info is null. Setting the last applied indexto:(t:0, i:~)
2019-09-20 14:26:30,420 [pool-292-thread-1] INFO  server.RaftServerConfigKeys (ConfUtils.java:logGet(43)) - raft.server.leader.election.timeout = 120s (custom)
2019-09-20 14:26:30,421 [pool-292-thread-1] INFO  server.RaftServerConfigKeys (ConfUtils.java:logGet(43)) - raft.server.log.use.memory = false (default)
2019-09-20 14:26:30,421 [pool-292-thread-1] INFO  server.RaftServerConfigKeys (ConfUtils.java:logGet(43)) - raft.server.log.purge.gap = 1000000 (custom)
2019-09-20 14:26:30,421 [pool-292-thread-1] INFO  server.RaftServerConfigKeys (ConfUtils.java:logGet(43)) - raft.server.log.appender.buffer.byte-limit = 33554432 (custom)
2019-09-20 14:26:30,421 [pool-292-thread-1] INFO  server.RaftServerConfigKeys (ConfUtils.java:logGet(43)) - raft.server.log.segment.size.max = 1048576 (custom)
2019-09-20 14:26:30,421 [pool-292-thread-1] INFO  server.RaftServerConfigKeys (ConfUtils.java:logGet(43)) - raft.server.log.segment.cache.num.max = 2 (custom)
2019-09-20 14:26:30,421 [pool-292-thread-1] INFO  segmented.SegmentedRaftLogWorker (SegmentedRaftLogWorker.java:<init>(172)) - new b39debcb-59eb-4ff3-9b06-894e333b5be6-SegmentedRaftLogWorker:Storage Directory /workdir/hadoop-ozone/ozonefs/target/test-dir/MiniOzoneClusterImpl-338b8348-b083-46f4-a27e-fb8b70a40c3f/datanode-0/data/ratis/4bba9c62-defb-488b-a6ff-8044a431fd9c for RaftStorage:Storage Directory /workdir/hadoop-ozone/ozonefs/target/test-dir/MiniOzoneClusterImpl-338b8348-b083-46f4-a27e-fb8b70a40c3f/datanode-0/data/ratis/4bba9c62-defb-488b-a6ff-8044a431fd9c
2019-09-20 14:26:30,422 [pool-292-thread-1] INFO  server.RaftServerConfigKeys (ConfUtils.java:logGet(43)) - raft.server.log.queue.byte-limit = 2147483647 (custom)
2019-09-20 14:26:30,422 [pool-292-thread-1] INFO  server.RaftServerConfigKeys (ConfUtils.java:logGet(43)) - raft.server.log.queue.element-limit = 1024 (custom)
2019-09-20 14:26:30,422 [pool-292-thread-1] INFO  server.RaftServerConfigKeys (ConfUtils.java:logGet(43)) - raft.server.log.segment.size.max = 1048576 (custom)
2019-09-20 14:26:30,422 [pool-292-thread-1] INFO  server.RaftServerConfigKeys (ConfUtils.java:logGet(43)) - raft.server.log.preallocated.size = 16384 (custom)
2019-09-20 14:26:30,422 [pool-292-thread-1] INFO  server.RaftServerConfigKeys (ConfUtils.java:logGet(43)) - raft.server.log.write.buffer.size = 33554432 (custom)
2019-09-20 14:26:30,422 [pool-292-thread-1] INFO  server.RaftServerConfigKeys (ConfUtils.java:logGet(43)) - raft.server.log.force.sync.num = 128 (default)
2019-09-20 14:26:30,422 [pool-292-thread-1] INFO  server.RaftServerConfigKeys (ConfUtils.java:logGet(43)) - raft.server.log.statemachine.data.sync = true (default)
2019-09-20 14:26:30,423 [pool-292-thread-1] INFO  server.RaftServerConfigKeys (ConfUtils.java:logGet(43)) - raft.server.log.statemachine.data.sync.timeout = 10s (default)
2019-09-20 14:26:30,423 [pool-292-thread-1] INFO  server.RaftServerConfigKeys (ConfUtils.java:logGet(43)) - raft.server.log.statemachine.data.sync.timeout.retry = -1 (default)
2019-09-20 14:26:30,423 [pool-292-thread-1] INFO  server.RaftServerConfigKeys (ConfUtils.java:logGet(43)) - raft.server.log.statemachine.data.caching.enabled = true (custom)
2019-09-20 14:26:30,423 [pool-292-thread-1] INFO  segmented.SegmentedRaftLogWorker (SegmentedRaftLogWorker.java:lambda$new$0(132)) - b39debcb-59eb-4ff3-9b06-894e333b5be6-SegmentedRaftLogWorker:Storage Directory /workdir/hadoop-ozone/ozonefs/target/test-dir/MiniOzoneClusterImpl-338b8348-b083-46f4-a27e-fb8b70a40c3f/datanode-0/data/ratis/4bba9c62-defb-488b-a6ff-8044a431fd9c: flushIndex: setUnconditionally 0 -> -1
2019-09-20 14:26:30,423 [pool-292-thread-1] INFO  server.RaftServerConfigKeys (ConfUtils.java:logGet(43)) - raft.server.snapshot.auto.trigger.enabled = true (custom)
2019-09-20 14:26:30,424 [pool-292-thread-1] INFO  server.RaftServerConfigKeys (ConfUtils.java:logGet(43)) - raft.server.snapshot.auto.trigger.threshold = 10000 (custom)
2019-09-20 14:26:30,424 [pool-292-thread-1] INFO  server.RaftServerConfigKeys (ConfUtils.java:logGet(43)) - raft.server.retrycache.expirytime = 600000ms (custom)
2019-09-20 14:26:30,424 [pool-292-thread-1] INFO  impl.RaftServerImpl (RaftServerImpl.java:start(180)) - b39debcb-59eb-4ff3-9b06-894e333b5be6: start group-8044A431FD9C
2019-09-20 14:26:30,424 [pool-292-thread-1] INFO  impl.RaftServerImpl (RaftServerImpl.java:setRole(171)) - b39debcb-59eb-4ff3-9b06-894e333b5be6:group-8044A431FD9C changes role from null to FOLLOWER at term 0 for startAsFollower
2019-09-20 14:26:30,424 [pool-292-thread-1] INFO  impl.RoleInfo (RoleInfo.java:updateAndGet(143)) - b39debcb-59eb-4ff3-9b06-894e333b5be6: start FollowerState
2019-09-20 14:26:30,425 [pool-292-thread-1] INFO  util.JmxRegister (JmxRegister.java:tryRegister(44)) - Successfully registered JMX Bean with object name Ratis:service=RaftServer,group=group-8044A431FD9C,id=b39debcb-59eb-4ff3-9b06-894e333b5be6
2019-09-20 14:26:30,427 [RatisPipelineUtilsThread] INFO  pipeline.PipelineStateManager (PipelineStateManager.java:addPipeline(56)) - Created pipeline Pipeline[ Id: 4bba9c62-defb-488b-a6ff-8044a431fd9c, Nodes: b39debcb-59eb-4ff3-9b06-894e333b5be6{ip: 192.168.36.99, host: pr-hdds-1569-p5fx8-1226042367, networkLocation: /default-rack, certSerialId: null}, Type:RATIS, Factor:ONE, State:OPEN]
2019-09-20 14:26:30,433 [grpc-default-executor-0] INFO  impl.RaftServerProxy (RaftServerProxy.java:addNew(89)) - b39debcb-59eb-4ff3-9b06-894e333b5be6: addNew group-E44011899AC6:[b39debcb-59eb-4ff3-9b06-894e333b5be6:192.168.36.99:36063] returns group-E44011899AC6:java.util.concurrent.CompletableFuture@283f8f7c[Not completed]
2019-09-20 14:26:30,434 [pool-292-thread-1] INFO  impl.RaftServerImpl (RaftServerImpl.java:<init>(93)) - b39debcb-59eb-4ff3-9b06-894e333b5be6: new RaftServerImpl for group-E44011899AC6:[b39debcb-59eb-4ff3-9b06-894e333b5be6:192.168.36.99:36063] with ContainerStateMachine:uninitialized
2019-09-20 14:26:30,434 [pool-292-thread-1] INFO  server.RaftServerConfigKeys (ConfUtils.java:logGet(43)) - raft.server.rpc.timeout.min = 5s (custom)
2019-09-20 14:26:30,434 [pool-292-thread-1] INFO  server.RaftServerConfigKeys (ConfUtils.java:logGet(43)) - raft.server.rpc.timeout.max = 5200ms (custom)
2019-09-20 14:26:30,434 [pool-292-thread-1] INFO  server.RaftServerConfigKeys (ConfUtils.java:logGet(43)) - raft.server.rpcslowness.timeout = 120s (custom)
2019-09-20 14:26:30,434 [pool-292-thread-1] INFO  server.RaftServerConfigKeys (ConfUtils.java:logGet(43)) - raft.server.sleep.deviation.threshold = 300 (default)
2019-09-20 14:26:30,434 [pool-292-thread-1] INFO  server.RaftServerConfigKeys (ConfUtils.java:logGet(43)) - raft.server.log.appender.install.snapshot.enabled = false (custom)
2019-09-20 14:26:30,434 [pool-292-thread-1] INFO  impl.RaftServerImpl (ServerState.java:<init>(105)) - b39debcb-59eb-4ff3-9b06-894e333b5be6:group-E44011899AC6 ConfigurationManager, init=-1: [b39debcb-59eb-4ff3-9b06-894e333b5be6:192.168.36.99:36063], old=null, confs=<EMPTY_MAP>
2019-09-20 14:26:30,435 [pool-292-thread-1] INFO  server.RaftServerConfigKeys (ConfUtils.java:logGet(43)) - raft.server.storage.dir = [/workdir/hadoop-ozone/ozonefs/target/test-dir/MiniOzoneClusterImpl-338b8348-b083-46f4-a27e-fb8b70a40c3f/datanode-0/data/ratis] (custom)
2019-09-20 14:26:30,435 [pool-292-thread-1] INFO  storage.RaftStorageDirectory (RaftStorageDirectory.java:analyzeStorage(246)) - The storage directory /workdir/hadoop-ozone/ozonefs/target/test-dir/MiniOzoneClusterImpl-338b8348-b083-46f4-a27e-fb8b70a40c3f/datanode-0/data/ratis/c2343659-3c15-4d6e-ad2b-e44011899ac6 does not exist. Creating ...
2019-09-20 14:26:30,453 [pool-292-thread-1] INFO  storage.RaftStorageDirectory (RaftStorageDirectory.java:tryLock(328)) - Lock on /workdir/hadoop-ozone/ozonefs/target/test-dir/MiniOzoneClusterImpl-338b8348-b083-46f4-a27e-fb8b70a40c3f/datanode-0/data/ratis/c2343659-3c15-4d6e-ad2b-e44011899ac6/in_use.lock acquired by nodename 21669@pr-hdds-1569-p5fx8-1226042367
2019-09-20 14:26:30,453 [IPC Server handler 1 on 32950] INFO  net.NetworkTopology (NetworkTopologyImpl.java:add(110)) - Added a new node: /default-rack/3d6cea60-fef1-4ae8-b4b1-1f18b9d50500
2019-09-20 14:26:30,454 [IPC Server handler 1 on 32950] INFO  node.SCMNodeManager (SCMNodeManager.java:register(273)) - Registered Data node : 3d6cea60-fef1-4ae8-b4b1-1f18b9d50500{ip: 192.168.36.99, host: pr-hdds-1569-p5fx8-1226042367, networkLocation: /default-rack, certSerialId: null}
2019-09-20 14:26:30,454 | INFO  | SCMAudit | user=jenkins1000 | ip=192.168.36.99 | op=REGISTER {datanodeDetails=3d6cea60-fef1-4ae8-b4b1-1f18b9d50500{ip: 192.168.36.99, host: pr-hdds-1569-p5fx8-1226042367, networkLocation: /default-rack, certSerialId: null}} | ret=SUCCESS |  
2019-09-20 14:26:30,478 [pool-292-thread-1] INFO  storage.RaftStorage (RaftStorage.java:format(72)) - Storage directory /workdir/hadoop-ozone/ozonefs/target/test-dir/MiniOzoneClusterImpl-338b8348-b083-46f4-a27e-fb8b70a40c3f/datanode-0/data/ratis/c2343659-3c15-4d6e-ad2b-e44011899ac6 has been successfully formatted.
2019-09-20 14:26:30,479 [pool-292-thread-1] INFO  ratis.ContainerStateMachine (ContainerStateMachine.java:loadSnapshot(226)) - group-E44011899AC6: The snapshot info is null. Setting the last applied indexto:(t:0, i:~)
2019-09-20 14:26:30,479 [pool-292-thread-1] INFO  server.RaftServerConfigKeys (ConfUtils.java:logGet(43)) - raft.server.leader.election.timeout = 120s (custom)
2019-09-20 14:26:30,479 [pool-292-thread-1] INFO  server.RaftServerConfigKeys (ConfUtils.java:logGet(43)) - raft.server.log.use.memory = false (default)
2019-09-20 14:26:30,479 [pool-292-thread-1] INFO  server.RaftServerConfigKeys (ConfUtils.java:logGet(43)) - raft.server.log.purge.gap = 1000000 (custom)
2019-09-20 14:26:30,479 [pool-292-thread-1] INFO  server.RaftServerConfigKeys (ConfUtils.java:logGet(43)) - raft.server.log.appender.buffer.byte-limit = 33554432 (custom)
2019-09-20 14:26:30,479 [pool-292-thread-1] INFO  server.RaftServerConfigKeys (ConfUtils.java:logGet(43)) - raft.server.log.segment.size.max = 1048576 (custom)
2019-09-20 14:26:30,479 [pool-292-thread-1] INFO  server.RaftServerConfigKeys (ConfUtils.java:logGet(43)) - raft.server.log.segment.cache.num.max = 2 (custom)
2019-09-20 14:26:30,480 [pool-292-thread-1] INFO  segmented.SegmentedRaftLogWorker (SegmentedRaftLogWorker.java:<init>(172)) - new b39debcb-59eb-4ff3-9b06-894e333b5be6-SegmentedRaftLogWorker:Storage Directory /workdir/hadoop-ozone/ozonefs/target/test-dir/MiniOzoneClusterImpl-338b8348-b083-46f4-a27e-fb8b70a40c3f/datanode-0/data/ratis/c2343659-3c15-4d6e-ad2b-e44011899ac6 for RaftStorage:Storage Directory /workdir/hadoop-ozone/ozonefs/target/test-dir/MiniOzoneClusterImpl-338b8348-b083-46f4-a27e-fb8b70a40c3f/datanode-0/data/ratis/c2343659-3c15-4d6e-ad2b-e44011899ac6
2019-09-20 14:26:30,480 [pool-292-thread-1] INFO  server.RaftServerConfigKeys (ConfUtils.java:logGet(43)) - raft.server.log.queue.byte-limit = 2147483647 (custom)
2019-09-20 14:26:30,480 [pool-292-thread-1] INFO  server.RaftServerConfigKeys (ConfUtils.java:logGet(43)) - raft.server.log.queue.element-limit = 1024 (custom)
2019-09-20 14:26:30,480 [pool-292-thread-1] INFO  server.RaftServerConfigKeys (ConfUtils.java:logGet(43)) - raft.server.log.segment.size.max = 1048576 (custom)
2019-09-20 14:26:30,480 [pool-292-thread-1] INFO  server.RaftServerConfigKeys (ConfUtils.java:logGet(43)) - raft.server.log.preallocated.size = 16384 (custom)
2019-09-20 14:26:30,480 [pool-292-thread-1] INFO  server.RaftServerConfigKeys (ConfUtils.java:logGet(43)) - raft.server.log.write.buffer.size = 33554432 (custom)
2019-09-20 14:26:30,480 [pool-292-thread-1] INFO  server.RaftServerConfigKeys (ConfUtils.java:logGet(43)) - raft.server.log.force.sync.num = 128 (default)
2019-09-20 14:26:30,481 [pool-292-thread-1] INFO  server.RaftServerConfigKeys (ConfUtils.java:logGet(43)) - raft.server.log.statemachine.data.sync = true (default)
2019-09-20 14:26:30,481 [pool-292-thread-1] INFO  server.RaftServerConfigKeys (ConfUtils.java:logGet(43)) - raft.server.log.statemachine.data.sync.timeout = 10s (default)
2019-09-20 14:26:30,481 [pool-292-thread-1] INFO  server.RaftServerConfigKeys (ConfUtils.java:logGet(43)) - raft.server.log.statemachine.data.sync.timeout.retry = -1 (default)
2019-09-20 14:26:30,481 [pool-292-thread-1] INFO  server.RaftServerConfigKeys (ConfUtils.java:logGet(43)) - raft.server.log.statemachine.data.caching.enabled = true (custom)
2019-09-20 14:26:30,481 [pool-292-thread-1] INFO  segmented.SegmentedRaftLogWorker (SegmentedRaftLogWorker.java:lambda$new$0(132)) - b39debcb-59eb-4ff3-9b06-894e333b5be6-SegmentedRaftLogWorker:Storage Directory /workdir/hadoop-ozone/ozonefs/target/test-dir/MiniOzoneClusterImpl-338b8348-b083-46f4-a27e-fb8b70a40c3f/datanode-0/data/ratis/c2343659-3c15-4d6e-ad2b-e44011899ac6: flushIndex: setUnconditionally 0 -> -1
2019-09-20 14:26:30,482 [pool-292-thread-1] INFO  server.RaftServerConfigKeys (ConfUtils.java:logGet(43)) - raft.server.snapshot.auto.trigger.enabled = true (custom)
2019-09-20 14:26:30,482 [pool-292-thread-1] INFO  server.RaftServerConfigKeys (ConfUtils.java:logGet(43)) - raft.server.snapshot.auto.trigger.threshold = 10000 (custom)
2019-09-20 14:26:30,482 [pool-292-thread-1] INFO  server.RaftServerConfigKeys (ConfUtils.java:logGet(43)) - raft.server.retrycache.expirytime = 600000ms (custom)
2019-09-20 14:26:30,482 [pool-292-thread-1] INFO  impl.RaftServerImpl (RaftServerImpl.java:start(180)) - b39debcb-59eb-4ff3-9b06-894e333b5be6: start group-E44011899AC6
2019-09-20 14:26:30,482 [pool-292-thread-1] INFO  impl.RaftServerImpl (RaftServerImpl.java:setRole(171)) - b39debcb-59eb-4ff3-9b06-894e333b5be6:group-E44011899AC6 changes role from null to FOLLOWER at term 0 for startAsFollower
2019-09-20 14:26:30,482 [pool-292-thread-1] INFO  impl.RoleInfo (RoleInfo.java:updateAndGet(143)) - b39debcb-59eb-4ff3-9b06-894e333b5be6: start FollowerState
2019-09-20 14:26:30,483 [pool-292-thread-1] INFO  util.JmxRegister (JmxRegister.java:tryRegister(44)) - Successfully registered JMX Bean with object name Ratis:service=RaftServer,group=group-E44011899AC6,id=b39debcb-59eb-4ff3-9b06-894e333b5be6
2019-09-20 14:26:30,485 [RatisPipelineUtilsThread] INFO  pipeline.PipelineStateManager (PipelineStateManager.java:addPipeline(56)) - Created pipeline Pipeline[ Id: c2343659-3c15-4d6e-ad2b-e44011899ac6, Nodes: b39debcb-59eb-4ff3-9b06-894e333b5be6{ip: 192.168.36.99, host: pr-hdds-1569-p5fx8-1226042367, networkLocation: /default-rack, certSerialId: null}, Type:RATIS, Factor:ONE, State:OPEN]
2019-09-20 14:26:30,491 [grpc-default-executor-0] INFO  impl.RaftServerProxy (RaftServerProxy.java:addNew(89)) - b39debcb-59eb-4ff3-9b06-894e333b5be6: addNew group-41F95B3651C5:[b39debcb-59eb-4ff3-9b06-894e333b5be6:192.168.36.99:36063] returns group-41F95B3651C5:java.util.concurrent.CompletableFuture@1a1f6fa3[Not completed]
2019-09-20 14:26:30,492 [pool-292-thread-1] INFO  impl.RaftServerImpl (RaftServerImpl.java:<init>(93)) - b39debcb-59eb-4ff3-9b06-894e333b5be6: new RaftServerImpl for group-41F95B3651C5:[b39debcb-59eb-4ff3-9b06-894e333b5be6:192.168.36.99:36063] with ContainerStateMachine:uninitialized
2019-09-20 14:26:30,492 [pool-292-thread-1] INFO  server.RaftServerConfigKeys (ConfUtils.java:logGet(43)) - raft.server.rpc.timeout.min = 5s (custom)
2019-09-20 14:26:30,492 [pool-292-thread-1] INFO  server.RaftServerConfigKeys (ConfUtils.java:logGet(43)) - raft.server.rpc.timeout.max = 5200ms (custom)
2019-09-20 14:26:30,492 [pool-292-thread-1] INFO  server.RaftServerConfigKeys (ConfUtils.java:logGet(43)) - raft.server.rpcslowness.timeout = 120s (custom)
2019-09-20 14:26:30,492 [pool-292-thread-1] INFO  server.RaftServerConfigKeys (ConfUtils.java:logGet(43)) - raft.server.sleep.deviation.threshold = 300 (default)
2019-09-20 14:26:30,492 [pool-292-thread-1] INFO  server.RaftServerConfigKeys (ConfUtils.java:logGet(43)) - raft.server.log.appender.install.snapshot.enabled = false (custom)
2019-09-20 14:26:30,492 [pool-292-thread-1] INFO  impl.RaftServerImpl (ServerState.java:<init>(105)) - b39debcb-59eb-4ff3-9b06-894e333b5be6:group-41F95B3651C5 ConfigurationManager, init=-1: [b39debcb-59eb-4ff3-9b06-894e333b5be6:192.168.36.99:36063], old=null, confs=<EMPTY_MAP>
2019-09-20 14:26:30,492 [pool-292-thread-1] INFO  server.RaftServerConfigKeys (ConfUtils.java:logGet(43)) - raft.server.storage.dir = [/workdir/hadoop-ozone/ozonefs/target/test-dir/MiniOzoneClusterImpl-338b8348-b083-46f4-a27e-fb8b70a40c3f/datanode-0/data/ratis] (custom)
2019-09-20 14:26:30,493 [pool-292-thread-1] INFO  storage.RaftStorageDirectory (RaftStorageDirectory.java:analyzeStorage(246)) - The storage directory /workdir/hadoop-ozone/ozonefs/target/test-dir/MiniOzoneClusterImpl-338b8348-b083-46f4-a27e-fb8b70a40c3f/datanode-0/data/ratis/957ce5f0-c326-4efa-b72b-41f95b3651c5 does not exist. Creating ...
2019-09-20 14:26:30,508 [pool-292-thread-1] INFO  storage.RaftStorageDirectory (RaftStorageDirectory.java:tryLock(328)) - Lock on /workdir/hadoop-ozone/ozonefs/target/test-dir/MiniOzoneClusterImpl-338b8348-b083-46f4-a27e-fb8b70a40c3f/datanode-0/data/ratis/957ce5f0-c326-4efa-b72b-41f95b3651c5/in_use.lock acquired by nodename 21669@pr-hdds-1569-p5fx8-1226042367
2019-09-20 14:26:30,546 [pool-292-thread-1] INFO  storage.RaftStorage (RaftStorage.java:format(72)) - Storage directory /workdir/hadoop-ozone/ozonefs/target/test-dir/MiniOzoneClusterImpl-338b8348-b083-46f4-a27e-fb8b70a40c3f/datanode-0/data/ratis/957ce5f0-c326-4efa-b72b-41f95b3651c5 has been successfully formatted.
2019-09-20 14:26:30,546 [pool-292-thread-1] INFO  ratis.ContainerStateMachine (ContainerStateMachine.java:loadSnapshot(226)) - group-41F95B3651C5: The snapshot info is null. Setting the last applied indexto:(t:0, i:~)
2019-09-20 14:26:30,546 [pool-292-thread-1] INFO  server.RaftServerConfigKeys (ConfUtils.java:logGet(43)) - raft.server.leader.election.timeout = 120s (custom)
2019-09-20 14:26:30,546 [pool-292-thread-1] INFO  server.RaftServerConfigKeys (ConfUtils.java:logGet(43)) - raft.server.log.use.memory = false (default)
2019-09-20 14:26:30,546 [pool-292-thread-1] INFO  server.RaftServerConfigKeys (ConfUtils.java:logGet(43)) - raft.server.log.purge.gap = 1000000 (custom)
2019-09-20 14:26:30,547 [pool-292-thread-1] INFO  server.RaftServerConfigKeys (ConfUtils.java:logGet(43)) - raft.server.log.appender.buffer.byte-limit = 33554432 (custom)
2019-09-20 14:26:30,547 [pool-292-thread-1] INFO  server.RaftServerConfigKeys (ConfUtils.java:logGet(43)) - raft.server.log.segment.size.max = 1048576 (custom)
2019-09-20 14:26:30,547 [pool-292-thread-1] INFO  server.RaftServerConfigKeys (ConfUtils.java:logGet(43)) - raft.server.log.segment.cache.num.max = 2 (custom)
2019-09-20 14:26:30,547 [pool-292-thread-1] INFO  segmented.SegmentedRaftLogWorker (SegmentedRaftLogWorker.java:<init>(172)) - new b39debcb-59eb-4ff3-9b06-894e333b5be6-SegmentedRaftLogWorker:Storage Directory /workdir/hadoop-ozone/ozonefs/target/test-dir/MiniOzoneClusterImpl-338b8348-b083-46f4-a27e-fb8b70a40c3f/datanode-0/data/ratis/957ce5f0-c326-4efa-b72b-41f95b3651c5 for RaftStorage:Storage Directory /workdir/hadoop-ozone/ozonefs/target/test-dir/MiniOzoneClusterImpl-338b8348-b083-46f4-a27e-fb8b70a40c3f/datanode-0/data/ratis/957ce5f0-c326-4efa-b72b-41f95b3651c5
2019-09-20 14:26:30,547 [pool-292-thread-1] INFO  server.RaftServerConfigKeys (ConfUtils.java:logGet(43)) - raft.server.log.queue.byte-limit = 2147483647 (custom)
2019-09-20 14:26:30,547 [pool-292-thread-1] INFO  server.RaftServerConfigKeys (ConfUtils.java:logGet(43)) - raft.server.log.queue.element-limit = 1024 (custom)
2019-09-20 14:26:30,547 [pool-292-thread-1] INFO  server.RaftServerConfigKeys (ConfUtils.java:logGet(43)) - raft.server.log.segment.size.max = 1048576 (custom)
2019-09-20 14:26:30,547 [pool-292-thread-1] INFO  server.RaftServerConfigKeys (ConfUtils.java:logGet(43)) - raft.server.log.preallocated.size = 16384 (custom)
2019-09-20 14:26:30,547 [pool-292-thread-1] INFO  server.RaftServerConfigKeys (ConfUtils.java:logGet(43)) - raft.server.log.write.buffer.size = 33554432 (custom)
2019-09-20 14:26:30,548 [pool-292-thread-1] INFO  server.RaftServerConfigKeys (ConfUtils.java:logGet(43)) - raft.server.log.force.sync.num = 128 (default)
2019-09-20 14:26:30,548 [pool-292-thread-1] INFO  server.RaftServerConfigKeys (ConfUtils.java:logGet(43)) - raft.server.log.statemachine.data.sync = true (default)
2019-09-20 14:26:30,548 [pool-292-thread-1] INFO  server.RaftServerConfigKeys (ConfUtils.java:logGet(43)) - raft.server.log.statemachine.data.sync.timeout = 10s (default)
2019-09-20 14:26:30,548 [pool-292-thread-1] INFO  server.RaftServerConfigKeys (ConfUtils.java:logGet(43)) - raft.server.log.statemachine.data.sync.timeout.retry = -1 (default)
2019-09-20 14:26:30,548 [pool-292-thread-1] INFO  server.RaftServerConfigKeys (ConfUtils.java:logGet(43)) - raft.server.log.statemachine.data.caching.enabled = true (custom)
2019-09-20 14:26:30,548 [pool-292-thread-1] INFO  segmented.SegmentedRaftLogWorker (SegmentedRaftLogWorker.java:lambda$new$0(132)) - b39debcb-59eb-4ff3-9b06-894e333b5be6-SegmentedRaftLogWorker:Storage Directory /workdir/hadoop-ozone/ozonefs/target/test-dir/MiniOzoneClusterImpl-338b8348-b083-46f4-a27e-fb8b70a40c3f/datanode-0/data/ratis/957ce5f0-c326-4efa-b72b-41f95b3651c5: flushIndex: setUnconditionally 0 -> -1
2019-09-20 14:26:30,549 [pool-292-thread-1] INFO  server.RaftServerConfigKeys (ConfUtils.java:logGet(43)) - raft.server.snapshot.auto.trigger.enabled = true (custom)
2019-09-20 14:26:30,549 [pool-292-thread-1] INFO  server.RaftServerConfigKeys (ConfUtils.java:logGet(43)) - raft.server.snapshot.auto.trigger.threshold = 10000 (custom)
2019-09-20 14:26:30,549 [pool-292-thread-1] INFO  server.RaftServerConfigKeys (ConfUtils.java:logGet(43)) - raft.server.retrycache.expirytime = 600000ms (custom)
2019-09-20 14:26:30,549 [pool-292-thread-1] INFO  impl.RaftServerImpl (RaftServerImpl.java:start(180)) - b39debcb-59eb-4ff3-9b06-894e333b5be6: start group-41F95B3651C5
2019-09-20 14:26:30,549 [pool-292-thread-1] INFO  impl.RaftServerImpl (RaftServerImpl.java:setRole(171)) - b39debcb-59eb-4ff3-9b06-894e333b5be6:group-41F95B3651C5 changes role from null to FOLLOWER at term 0 for startAsFollower
2019-09-20 14:26:30,549 [pool-292-thread-1] INFO  impl.RoleInfo (RoleInfo.java:updateAndGet(143)) - b39debcb-59eb-4ff3-9b06-894e333b5be6: start FollowerState
2019-09-20 14:26:30,550 [pool-292-thread-1] INFO  util.JmxRegister (JmxRegister.java:tryRegister(44)) - Successfully registered JMX Bean with object name Ratis:service=RaftServer,group=group-41F95B3651C5,id=b39debcb-59eb-4ff3-9b06-894e333b5be6
2019-09-20 14:26:30,552 [RatisPipelineUtilsThread] INFO  pipeline.PipelineStateManager (PipelineStateManager.java:addPipeline(56)) - Created pipeline Pipeline[ Id: 957ce5f0-c326-4efa-b72b-41f95b3651c5, Nodes: b39debcb-59eb-4ff3-9b06-894e333b5be6{ip: 192.168.36.99, host: pr-hdds-1569-p5fx8-1226042367, networkLocation: /default-rack, certSerialId: null}, Type:RATIS, Factor:ONE, State:OPEN]
2019-09-20 14:26:30,558 [grpc-default-executor-0] INFO  impl.RaftServerProxy (RaftServerProxy.java:addNew(89)) - b39debcb-59eb-4ff3-9b06-894e333b5be6: addNew group-B97FE4E99A57:[b39debcb-59eb-4ff3-9b06-894e333b5be6:192.168.36.99:36063] returns group-B97FE4E99A57:java.util.concurrent.CompletableFuture@4f19a1c7[Not completed]
2019-09-20 14:26:30,559 [pool-292-thread-1] INFO  impl.RaftServerImpl (RaftServerImpl.java:<init>(93)) - b39debcb-59eb-4ff3-9b06-894e333b5be6: new RaftServerImpl for group-B97FE4E99A57:[b39debcb-59eb-4ff3-9b06-894e333b5be6:192.168.36.99:36063] with ContainerStateMachine:uninitialized
2019-09-20 14:26:30,559 [pool-292-thread-1] INFO  server.RaftServerConfigKeys (ConfUtils.java:logGet(43)) - raft.server.rpc.timeout.min = 5s (custom)
2019-09-20 14:26:30,559 [pool-292-thread-1] INFO  server.RaftServerConfigKeys (ConfUtils.java:logGet(43)) - raft.server.rpc.timeout.max = 5200ms (custom)
2019-09-20 14:26:30,559 [pool-292-thread-1] INFO  server.RaftServerConfigKeys (ConfUtils.java:logGet(43)) - raft.server.rpcslowness.timeout = 120s (custom)
2019-09-20 14:26:30,559 [pool-292-thread-1] INFO  server.RaftServerConfigKeys (ConfUtils.java:logGet(43)) - raft.server.sleep.deviation.threshold = 300 (default)
2019-09-20 14:26:30,559 [pool-292-thread-1] INFO  server.RaftServerConfigKeys (ConfUtils.java:logGet(43)) - raft.server.log.appender.install.snapshot.enabled = false (custom)
2019-09-20 14:26:30,560 [pool-292-thread-1] INFO  impl.RaftServerImpl (ServerState.java:<init>(105)) - b39debcb-59eb-4ff3-9b06-894e333b5be6:group-B97FE4E99A57 ConfigurationManager, init=-1: [b39debcb-59eb-4ff3-9b06-894e333b5be6:192.168.36.99:36063], old=null, confs=<EMPTY_MAP>
2019-09-20 14:26:30,560 [pool-292-thread-1] INFO  server.RaftServerConfigKeys (ConfUtils.java:logGet(43)) - raft.server.storage.dir = [/workdir/hadoop-ozone/ozonefs/target/test-dir/MiniOzoneClusterImpl-338b8348-b083-46f4-a27e-fb8b70a40c3f/datanode-0/data/ratis] (custom)
2019-09-20 14:26:30,560 [pool-292-thread-1] INFO  storage.RaftStorageDirectory (RaftStorageDirectory.java:analyzeStorage(246)) - The storage directory /workdir/hadoop-ozone/ozonefs/target/test-dir/MiniOzoneClusterImpl-338b8348-b083-46f4-a27e-fb8b70a40c3f/datanode-0/data/ratis/eccc4449-ca86-4e1f-b42a-b97fe4e99a57 does not exist. Creating ...
2019-09-20 14:26:30,588 [pool-292-thread-1] INFO  storage.RaftStorageDirectory (RaftStorageDirectory.java:tryLock(328)) - Lock on /workdir/hadoop-ozone/ozonefs/target/test-dir/MiniOzoneClusterImpl-338b8348-b083-46f4-a27e-fb8b70a40c3f/datanode-0/data/ratis/eccc4449-ca86-4e1f-b42a-b97fe4e99a57/in_use.lock acquired by nodename 21669@pr-hdds-1569-p5fx8-1226042367
2019-09-20 14:26:30,613 [pool-292-thread-1] INFO  storage.RaftStorage (RaftStorage.java:format(72)) - Storage directory /workdir/hadoop-ozone/ozonefs/target/test-dir/MiniOzoneClusterImpl-338b8348-b083-46f4-a27e-fb8b70a40c3f/datanode-0/data/ratis/eccc4449-ca86-4e1f-b42a-b97fe4e99a57 has been successfully formatted.
2019-09-20 14:26:30,614 [pool-292-thread-1] INFO  ratis.ContainerStateMachine (ContainerStateMachine.java:loadSnapshot(226)) - group-B97FE4E99A57: The snapshot info is null. Setting the last applied indexto:(t:0, i:~)
2019-09-20 14:26:30,614 [pool-292-thread-1] INFO  server.RaftServerConfigKeys (ConfUtils.java:logGet(43)) - raft.server.leader.election.timeout = 120s (custom)
2019-09-20 14:26:30,614 [pool-292-thread-1] INFO  server.RaftServerConfigKeys (ConfUtils.java:logGet(43)) - raft.server.log.use.memory = false (default)
2019-09-20 14:26:30,614 [pool-292-thread-1] INFO  server.RaftServerConfigKeys (ConfUtils.java:logGet(43)) - raft.server.log.purge.gap = 1000000 (custom)
2019-09-20 14:26:30,614 [pool-292-thread-1] INFO  server.RaftServerConfigKeys (ConfUtils.java:logGet(43)) - raft.server.log.appender.buffer.byte-limit = 33554432 (custom)
2019-09-20 14:26:30,614 [pool-292-thread-1] INFO  server.RaftServerConfigKeys (ConfUtils.java:logGet(43)) - raft.server.log.segment.size.max = 1048576 (custom)
2019-09-20 14:26:30,614 [pool-292-thread-1] INFO  server.RaftServerConfigKeys (ConfUtils.java:logGet(43)) - raft.server.log.segment.cache.num.max = 2 (custom)
2019-09-20 14:26:30,615 [pool-292-thread-1] INFO  segmented.SegmentedRaftLogWorker (SegmentedRaftLogWorker.java:<init>(172)) - new b39debcb-59eb-4ff3-9b06-894e333b5be6-SegmentedRaftLogWorker:Storage Directory /workdir/hadoop-ozone/ozonefs/target/test-dir/MiniOzoneClusterImpl-338b8348-b083-46f4-a27e-fb8b70a40c3f/datanode-0/data/ratis/eccc4449-ca86-4e1f-b42a-b97fe4e99a57 for RaftStorage:Storage Directory /workdir/hadoop-ozone/ozonefs/target/test-dir/MiniOzoneClusterImpl-338b8348-b083-46f4-a27e-fb8b70a40c3f/datanode-0/data/ratis/eccc4449-ca86-4e1f-b42a-b97fe4e99a57
2019-09-20 14:26:30,615 [pool-292-thread-1] INFO  server.RaftServerConfigKeys (ConfUtils.java:logGet(43)) - raft.server.log.queue.byte-limit = 2147483647 (custom)
2019-09-20 14:26:30,615 [pool-292-thread-1] INFO  server.RaftServerConfigKeys (ConfUtils.java:logGet(43)) - raft.server.log.queue.element-limit = 1024 (custom)
2019-09-20 14:26:30,615 [pool-292-thread-1] INFO  server.RaftServerConfigKeys (ConfUtils.java:logGet(43)) - raft.server.log.segment.size.max = 1048576 (custom)
2019-09-20 14:26:30,615 [pool-292-thread-1] INFO  server.RaftServerConfigKeys (ConfUtils.java:logGet(43)) - raft.server.log.preallocated.size = 16384 (custom)
2019-09-20 14:26:30,615 [pool-292-thread-1] INFO  server.RaftServerConfigKeys (ConfUtils.java:logGet(43)) - raft.server.log.write.buffer.size = 33554432 (custom)
2019-09-20 14:26:30,615 [pool-292-thread-1] INFO  server.RaftServerConfigKeys (ConfUtils.java:logGet(43)) - raft.server.log.force.sync.num = 128 (default)
2019-09-20 14:26:30,615 [pool-292-thread-1] INFO  server.RaftServerConfigKeys (ConfUtils.java:logGet(43)) - raft.server.log.statemachine.data.sync = true (default)
2019-09-20 14:26:30,616 [pool-292-thread-1] INFO  server.RaftServerConfigKeys (ConfUtils.java:logGet(43)) - raft.server.log.statemachine.data.sync.timeout = 10s (default)
2019-09-20 14:26:30,616 [pool-292-thread-1] INFO  server.RaftServerConfigKeys (ConfUtils.java:logGet(43)) - raft.server.log.statemachine.data.sync.timeout.retry = -1 (default)
2019-09-20 14:26:30,616 [pool-292-thread-1] INFO  server.RaftServerConfigKeys (ConfUtils.java:logGet(43)) - raft.server.log.statemachine.data.caching.enabled = true (custom)
2019-09-20 14:26:30,616 [pool-292-thread-1] INFO  segmented.SegmentedRaftLogWorker (SegmentedRaftLogWorker.java:lambda$new$0(132)) - b39debcb-59eb-4ff3-9b06-894e333b5be6-SegmentedRaftLogWorker:Storage Directory /workdir/hadoop-ozone/ozonefs/target/test-dir/MiniOzoneClusterImpl-338b8348-b083-46f4-a27e-fb8b70a40c3f/datanode-0/data/ratis/eccc4449-ca86-4e1f-b42a-b97fe4e99a57: flushIndex: setUnconditionally 0 -> -1
2019-09-20 14:26:30,616 [pool-292-thread-1] INFO  server.RaftServerConfigKeys (ConfUtils.java:logGet(43)) - raft.server.snapshot.auto.trigger.enabled = true (custom)
2019-09-20 14:26:30,617 [pool-292-thread-1] INFO  server.RaftServerConfigKeys (ConfUtils.java:logGet(43)) - raft.server.snapshot.auto.trigger.threshold = 10000 (custom)
2019-09-20 14:26:30,617 [pool-292-thread-1] INFO  server.RaftServerConfigKeys (ConfUtils.java:logGet(43)) - raft.server.retrycache.expirytime = 600000ms (custom)
2019-09-20 14:26:30,617 [pool-292-thread-1] INFO  impl.RaftServerImpl (RaftServerImpl.java:start(180)) - b39debcb-59eb-4ff3-9b06-894e333b5be6: start group-B97FE4E99A57
2019-09-20 14:26:30,617 [pool-292-thread-1] INFO  impl.RaftServerImpl (RaftServerImpl.java:setRole(171)) - b39debcb-59eb-4ff3-9b06-894e333b5be6:group-B97FE4E99A57 changes role from null to FOLLOWER at term 0 for startAsFollower
2019-09-20 14:26:30,617 [pool-292-thread-1] INFO  impl.RoleInfo (RoleInfo.java:updateAndGet(143)) - b39debcb-59eb-4ff3-9b06-894e333b5be6: start FollowerState
2019-09-20 14:26:30,618 [pool-292-thread-1] INFO  util.JmxRegister (JmxRegister.java:tryRegister(44)) - Successfully registered JMX Bean with object name Ratis:service=RaftServer,group=group-B97FE4E99A57,id=b39debcb-59eb-4ff3-9b06-894e333b5be6
2019-09-20 14:26:30,621 [RatisPipelineUtilsThread] INFO  pipeline.PipelineStateManager (PipelineStateManager.java:addPipeline(56)) - Created pipeline Pipeline[ Id: eccc4449-ca86-4e1f-b42a-b97fe4e99a57, Nodes: b39debcb-59eb-4ff3-9b06-894e333b5be6{ip: 192.168.36.99, host: pr-hdds-1569-p5fx8-1226042367, networkLocation: /default-rack, certSerialId: null}, Type:RATIS, Factor:ONE, State:OPEN]
2019-09-20 14:26:30,621 [RatisPipelineUtilsThread] INFO  pipeline.PipelinePlacementPolicy (PipelinePlacementPolicy.java:meetCriteria(91)) - Pipeline Placement: Doesn't meet the criteria to be viable node： b39debcb-59eb-4ff3-9b06-894e333b5be6 Heaviness: 6 limit: 5
2019-09-20 14:26:30,630 [grpc-default-executor-0] INFO  impl.RaftServerProxy (RaftServerProxy.java:addNew(89)) - 3d6cea60-fef1-4ae8-b4b1-1f18b9d50500: addNew group-9DA8BD493004:[3d6cea60-fef1-4ae8-b4b1-1f18b9d50500:192.168.36.99:38255] returns group-9DA8BD493004:java.util.concurrent.CompletableFuture@6720e37f[Not completed]
2019-09-20 14:26:30,632 [pool-303-thread-1] INFO  impl.RaftServerImpl (RaftServerImpl.java:<init>(93)) - 3d6cea60-fef1-4ae8-b4b1-1f18b9d50500: new RaftServerImpl for group-9DA8BD493004:[3d6cea60-fef1-4ae8-b4b1-1f18b9d50500:192.168.36.99:38255] with ContainerStateMachine:uninitialized
2019-09-20 14:26:30,632 [pool-303-thread-1] INFO  server.RaftServerConfigKeys (ConfUtils.java:logGet(43)) - raft.server.rpc.timeout.min = 5s (custom)
2019-09-20 14:26:30,632 [pool-303-thread-1] INFO  server.RaftServerConfigKeys (ConfUtils.java:logGet(43)) - raft.server.rpc.timeout.max = 5200ms (custom)
2019-09-20 14:26:30,632 [pool-303-thread-1] INFO  server.RaftServerConfigKeys (ConfUtils.java:logGet(43)) - raft.server.rpcslowness.timeout = 120s (custom)
2019-09-20 14:26:30,632 [pool-303-thread-1] INFO  server.RaftServerConfigKeys (ConfUtils.java:logGet(43)) - raft.server.sleep.deviation.threshold = 300 (default)
2019-09-20 14:26:30,633 [pool-303-thread-1] INFO  server.RaftServerConfigKeys (ConfUtils.java:logGet(43)) - raft.server.log.appender.install.snapshot.enabled = false (custom)
2019-09-20 14:26:30,633 [pool-303-thread-1] INFO  impl.RaftServerImpl (ServerState.java:<init>(105)) - 3d6cea60-fef1-4ae8-b4b1-1f18b9d50500:group-9DA8BD493004 ConfigurationManager, init=-1: [3d6cea60-fef1-4ae8-b4b1-1f18b9d50500:192.168.36.99:38255], old=null, confs=<EMPTY_MAP>
2019-09-20 14:26:30,633 [pool-303-thread-1] INFO  server.RaftServerConfigKeys (ConfUtils.java:logGet(43)) - raft.server.storage.dir = [/workdir/hadoop-ozone/ozonefs/target/test-dir/MiniOzoneClusterImpl-338b8348-b083-46f4-a27e-fb8b70a40c3f/datanode-1/data/ratis] (custom)
2019-09-20 14:26:30,633 [pool-303-thread-1] INFO  storage.RaftStorageDirectory (RaftStorageDirectory.java:analyzeStorage(246)) - The storage directory /workdir/hadoop-ozone/ozonefs/target/test-dir/MiniOzoneClusterImpl-338b8348-b083-46f4-a27e-fb8b70a40c3f/datanode-1/data/ratis/33dd0149-7fab-4ee8-af1b-9da8bd493004 does not exist. Creating ...
2019-09-20 14:26:30,650 [main] INFO  ozone.MiniOzoneClusterImpl (MiniOzoneClusterImpl.java:lambda$waitForClusterToBeReady$0(142)) - Waiting for cluster to be ready. Got 2 of 3 DN Heartbeats.
2019-09-20 14:26:30,652 [IPC Server handler 2 on 32950] INFO  net.NetworkTopology (NetworkTopologyImpl.java:add(110)) - Added a new node: /default-rack/15297862-8e3d-471b-9ead-84c6fd00747d
2019-09-20 14:26:30,652 [IPC Server handler 2 on 32950] INFO  node.SCMNodeManager (SCMNodeManager.java:register(273)) - Registered Data node : 15297862-8e3d-471b-9ead-84c6fd00747d{ip: 192.168.36.99, host: pr-hdds-1569-p5fx8-1226042367, networkLocation: /default-rack, certSerialId: null}
2019-09-20 14:26:30,653 | INFO  | SCMAudit | user=jenkins1000 | ip=192.168.36.99 | op=REGISTER {datanodeDetails=15297862-8e3d-471b-9ead-84c6fd00747d{ip: 192.168.36.99, host: pr-hdds-1569-p5fx8-1226042367, networkLocation: /default-rack, certSerialId: null}} | ret=SUCCESS |  
2019-09-20 14:26:30,655 [pool-303-thread-1] INFO  storage.RaftStorageDirectory (RaftStorageDirectory.java:tryLock(328)) - Lock on /workdir/hadoop-ozone/ozonefs/target/test-dir/MiniOzoneClusterImpl-338b8348-b083-46f4-a27e-fb8b70a40c3f/datanode-1/data/ratis/33dd0149-7fab-4ee8-af1b-9da8bd493004/in_use.lock acquired by nodename 21669@pr-hdds-1569-p5fx8-1226042367
2019-09-20 14:26:30,681 [pool-303-thread-1] INFO  storage.RaftStorage (RaftStorage.java:format(72)) - Storage directory /workdir/hadoop-ozone/ozonefs/target/test-dir/MiniOzoneClusterImpl-338b8348-b083-46f4-a27e-fb8b70a40c3f/datanode-1/data/ratis/33dd0149-7fab-4ee8-af1b-9da8bd493004 has been successfully formatted.
2019-09-20 14:26:30,681 [pool-303-thread-1] INFO  ratis.ContainerStateMachine (ContainerStateMachine.java:loadSnapshot(226)) - group-9DA8BD493004: The snapshot info is null. Setting the last applied indexto:(t:0, i:~)
2019-09-20 14:26:30,681 [pool-303-thread-1] INFO  server.RaftServerConfigKeys (ConfUtils.java:logGet(43)) - raft.server.leader.election.timeout = 120s (custom)
2019-09-20 14:26:30,681 [pool-303-thread-1] INFO  server.RaftServerConfigKeys (ConfUtils.java:logGet(43)) - raft.server.log.use.memory = false (default)
2019-09-20 14:26:30,682 [pool-303-thread-1] INFO  server.RaftServerConfigKeys (ConfUtils.java:logGet(43)) - raft.server.log.purge.gap = 1000000 (custom)
2019-09-20 14:26:30,682 [pool-303-thread-1] INFO  server.RaftServerConfigKeys (ConfUtils.java:logGet(43)) - raft.server.log.appender.buffer.byte-limit = 33554432 (custom)
2019-09-20 14:26:30,682 [pool-303-thread-1] INFO  server.RaftServerConfigKeys (ConfUtils.java:logGet(43)) - raft.server.log.segment.size.max = 1048576 (custom)
2019-09-20 14:26:30,682 [pool-303-thread-1] INFO  server.RaftServerConfigKeys (ConfUtils.java:logGet(43)) - raft.server.log.segment.cache.num.max = 2 (custom)
2019-09-20 14:26:30,682 [pool-303-thread-1] INFO  segmented.SegmentedRaftLogWorker (SegmentedRaftLogWorker.java:<init>(172)) - new 3d6cea60-fef1-4ae8-b4b1-1f18b9d50500-SegmentedRaftLogWorker:Storage Directory /workdir/hadoop-ozone/ozonefs/target/test-dir/MiniOzoneClusterImpl-338b8348-b083-46f4-a27e-fb8b70a40c3f/datanode-1/data/ratis/33dd0149-7fab-4ee8-af1b-9da8bd493004 for RaftStorage:Storage Directory /workdir/hadoop-ozone/ozonefs/target/test-dir/MiniOzoneClusterImpl-338b8348-b083-46f4-a27e-fb8b70a40c3f/datanode-1/data/ratis/33dd0149-7fab-4ee8-af1b-9da8bd493004
2019-09-20 14:26:30,683 [pool-303-thread-1] INFO  server.RaftServerConfigKeys (ConfUtils.java:logGet(43)) - raft.server.log.queue.byte-limit = 2147483647 (custom)
2019-09-20 14:26:30,683 [pool-303-thread-1] INFO  server.RaftServerConfigKeys (ConfUtils.java:logGet(43)) - raft.server.log.queue.element-limit = 1024 (custom)
2019-09-20 14:26:30,683 [pool-303-thread-1] INFO  server.RaftServerConfigKeys (ConfUtils.java:logGet(43)) - raft.server.log.segment.size.max = 1048576 (custom)
2019-09-20 14:26:30,683 [pool-303-thread-1] INFO  server.RaftServerConfigKeys (ConfUtils.java:logGet(43)) - raft.server.log.preallocated.size = 16384 (custom)
2019-09-20 14:26:30,684 [pool-303-thread-1] INFO  server.RaftServerConfigKeys (ConfUtils.java:logGet(43)) - raft.server.log.write.buffer.size = 33554432 (custom)
2019-09-20 14:26:30,684 [pool-303-thread-1] INFO  server.RaftServerConfigKeys (ConfUtils.java:logGet(43)) - raft.server.log.force.sync.num = 128 (default)
2019-09-20 14:26:30,684 [pool-303-thread-1] INFO  server.RaftServerConfigKeys (ConfUtils.java:logGet(43)) - raft.server.log.statemachine.data.sync = true (default)
2019-09-20 14:26:30,684 [pool-303-thread-1] INFO  server.RaftServerConfigKeys (ConfUtils.java:logGet(43)) - raft.server.log.statemachine.data.sync.timeout = 10s (default)
2019-09-20 14:26:30,684 [pool-303-thread-1] INFO  server.RaftServerConfigKeys (ConfUtils.java:logGet(43)) - raft.server.log.statemachine.data.sync.timeout.retry = -1 (default)
2019-09-20 14:26:30,685 [pool-303-thread-1] INFO  server.RaftServerConfigKeys (ConfUtils.java:logGet(43)) - raft.server.log.statemachine.data.caching.enabled = true (custom)
2019-09-20 14:26:30,685 [pool-303-thread-1] INFO  segmented.SegmentedRaftLogWorker (SegmentedRaftLogWorker.java:lambda$new$0(132)) - 3d6cea60-fef1-4ae8-b4b1-1f18b9d50500-SegmentedRaftLogWorker:Storage Directory /workdir/hadoop-ozone/ozonefs/target/test-dir/MiniOzoneClusterImpl-338b8348-b083-46f4-a27e-fb8b70a40c3f/datanode-1/data/ratis/33dd0149-7fab-4ee8-af1b-9da8bd493004: flushIndex: setUnconditionally 0 -> -1
2019-09-20 14:26:30,686 [pool-303-thread-1] INFO  server.RaftServerConfigKeys (ConfUtils.java:logGet(43)) - raft.server.snapshot.auto.trigger.enabled = true (custom)
2019-09-20 14:26:30,686 [pool-303-thread-1] INFO  server.RaftServerConfigKeys (ConfUtils.java:logGet(43)) - raft.server.snapshot.auto.trigger.threshold = 10000 (custom)
2019-09-20 14:26:30,686 [pool-303-thread-1] INFO  server.RaftServerConfigKeys (ConfUtils.java:logGet(43)) - raft.server.retrycache.expirytime = 600000ms (custom)
2019-09-20 14:26:30,686 [pool-303-thread-1] INFO  impl.RaftServerImpl (RaftServerImpl.java:start(180)) - 3d6cea60-fef1-4ae8-b4b1-1f18b9d50500: start group-9DA8BD493004
2019-09-20 14:26:30,686 [pool-303-thread-1] INFO  impl.RaftServerImpl (RaftServerImpl.java:setRole(171)) - 3d6cea60-fef1-4ae8-b4b1-1f18b9d50500:group-9DA8BD493004 changes role from null to FOLLOWER at term 0 for startAsFollower
2019-09-20 14:26:30,687 [pool-303-thread-1] INFO  impl.RoleInfo (RoleInfo.java:updateAndGet(143)) - 3d6cea60-fef1-4ae8-b4b1-1f18b9d50500: start FollowerState
2019-09-20 14:26:30,687 [pool-303-thread-1] INFO  util.JmxRegister (JmxRegister.java:tryRegister(44)) - Successfully registered JMX Bean with object name Ratis:service=RaftServer,group=group-9DA8BD493004,id=3d6cea60-fef1-4ae8-b4b1-1f18b9d50500
2019-09-20 14:26:30,690 [RatisPipelineUtilsThread] INFO  pipeline.PipelineStateManager (PipelineStateManager.java:addPipeline(56)) - Created pipeline Pipeline[ Id: 33dd0149-7fab-4ee8-af1b-9da8bd493004, Nodes: 3d6cea60-fef1-4ae8-b4b1-1f18b9d50500{ip: 192.168.36.99, host: pr-hdds-1569-p5fx8-1226042367, networkLocation: /default-rack, certSerialId: null}, Type:RATIS, Factor:ONE, State:OPEN]
2019-09-20 14:26:30,690 [RatisPipelineUtilsThread] INFO  pipeline.PipelinePlacementPolicy (PipelinePlacementPolicy.java:meetCriteria(91)) - Pipeline Placement: Doesn't meet the criteria to be viable node： b39debcb-59eb-4ff3-9b06-894e333b5be6 Heaviness: 6 limit: 5
2019-09-20 14:26:30,696 [grpc-default-executor-0] INFO  impl.RaftServerProxy (RaftServerProxy.java:addNew(89)) - 3d6cea60-fef1-4ae8-b4b1-1f18b9d50500: addNew group-B88A80290EB4:[3d6cea60-fef1-4ae8-b4b1-1f18b9d50500:192.168.36.99:38255] returns group-B88A80290EB4:java.util.concurrent.CompletableFuture@3028d20b[Not completed]
2019-09-20 14:26:30,698 [pool-303-thread-1] INFO  impl.RaftServerImpl (RaftServerImpl.java:<init>(93)) - 3d6cea60-fef1-4ae8-b4b1-1f18b9d50500: new RaftServerImpl for group-B88A80290EB4:[3d6cea60-fef1-4ae8-b4b1-1f18b9d50500:192.168.36.99:38255] with ContainerStateMachine:uninitialized
2019-09-20 14:26:30,698 [pool-303-thread-1] INFO  server.RaftServerConfigKeys (ConfUtils.java:logGet(43)) - raft.server.rpc.timeout.min = 5s (custom)
2019-09-20 14:26:30,698 [pool-303-thread-1] INFO  server.RaftServerConfigKeys (ConfUtils.java:logGet(43)) - raft.server.rpc.timeout.max = 5200ms (custom)
2019-09-20 14:26:30,699 [pool-303-thread-1] INFO  server.RaftServerConfigKeys (ConfUtils.java:logGet(43)) - raft.server.rpcslowness.timeout = 120s (custom)
2019-09-20 14:26:30,699 [pool-303-thread-1] INFO  server.RaftServerConfigKeys (ConfUtils.java:logGet(43)) - raft.server.sleep.deviation.threshold = 300 (default)
2019-09-20 14:26:30,699 [pool-303-thread-1] INFO  server.RaftServerConfigKeys (ConfUtils.java:logGet(43)) - raft.server.log.appender.install.snapshot.enabled = false (custom)
2019-09-20 14:26:30,699 [pool-303-thread-1] INFO  impl.RaftServerImpl (ServerState.java:<init>(105)) - 3d6cea60-fef1-4ae8-b4b1-1f18b9d50500:group-B88A80290EB4 ConfigurationManager, init=-1: [3d6cea60-fef1-4ae8-b4b1-1f18b9d50500:192.168.36.99:38255], old=null, confs=<EMPTY_MAP>
2019-09-20 14:26:30,699 [pool-303-thread-1] INFO  server.RaftServerConfigKeys (ConfUtils.java:logGet(43)) - raft.server.storage.dir = [/workdir/hadoop-ozone/ozonefs/target/test-dir/MiniOzoneClusterImpl-338b8348-b083-46f4-a27e-fb8b70a40c3f/datanode-1/data/ratis] (custom)
2019-09-20 14:26:30,700 [pool-303-thread-1] INFO  storage.RaftStorageDirectory (RaftStorageDirectory.java:analyzeStorage(246)) - The storage directory /workdir/hadoop-ozone/ozonefs/target/test-dir/MiniOzoneClusterImpl-338b8348-b083-46f4-a27e-fb8b70a40c3f/datanode-1/data/ratis/02a87bec-8664-47c6-9c33-b88a80290eb4 does not exist. Creating ...
2019-09-20 14:26:30,714 [pool-303-thread-1] INFO  storage.RaftStorageDirectory (RaftStorageDirectory.java:tryLock(328)) - Lock on /workdir/hadoop-ozone/ozonefs/target/test-dir/MiniOzoneClusterImpl-338b8348-b083-46f4-a27e-fb8b70a40c3f/datanode-1/data/ratis/02a87bec-8664-47c6-9c33-b88a80290eb4/in_use.lock acquired by nodename 21669@pr-hdds-1569-p5fx8-1226042367
2019-09-20 14:26:30,731 [pool-303-thread-1] INFO  storage.RaftStorage (RaftStorage.java:format(72)) - Storage directory /workdir/hadoop-ozone/ozonefs/target/test-dir/MiniOzoneClusterImpl-338b8348-b083-46f4-a27e-fb8b70a40c3f/datanode-1/data/ratis/02a87bec-8664-47c6-9c33-b88a80290eb4 has been successfully formatted.
2019-09-20 14:26:30,732 [pool-303-thread-1] INFO  ratis.ContainerStateMachine (ContainerStateMachine.java:loadSnapshot(226)) - group-B88A80290EB4: The snapshot info is null. Setting the last applied indexto:(t:0, i:~)
2019-09-20 14:26:30,732 [pool-303-thread-1] INFO  server.RaftServerConfigKeys (ConfUtils.java:logGet(43)) - raft.server.leader.election.timeout = 120s (custom)
2019-09-20 14:26:30,732 [pool-303-thread-1] INFO  server.RaftServerConfigKeys (ConfUtils.java:logGet(43)) - raft.server.log.use.memory = false (default)
2019-09-20 14:26:30,732 [pool-303-thread-1] INFO  server.RaftServerConfigKeys (ConfUtils.java:logGet(43)) - raft.server.log.purge.gap = 1000000 (custom)
2019-09-20 14:26:30,733 [pool-303-thread-1] INFO  server.RaftServerConfigKeys (ConfUtils.java:logGet(43)) - raft.server.log.appender.buffer.byte-limit = 33554432 (custom)
2019-09-20 14:26:30,733 [pool-303-thread-1] INFO  server.RaftServerConfigKeys (ConfUtils.java:logGet(43)) - raft.server.log.segment.size.max = 1048576 (custom)
2019-09-20 14:26:30,733 [pool-303-thread-1] INFO  server.RaftServerConfigKeys (ConfUtils.java:logGet(43)) - raft.server.log.segment.cache.num.max = 2 (custom)
2019-09-20 14:26:30,733 [pool-303-thread-1] INFO  segmented.SegmentedRaftLogWorker (SegmentedRaftLogWorker.java:<init>(172)) - new 3d6cea60-fef1-4ae8-b4b1-1f18b9d50500-SegmentedRaftLogWorker:Storage Directory /workdir/hadoop-ozone/ozonefs/target/test-dir/MiniOzoneClusterImpl-338b8348-b083-46f4-a27e-fb8b70a40c3f/datanode-1/data/ratis/02a87bec-8664-47c6-9c33-b88a80290eb4 for RaftStorage:Storage Directory /workdir/hadoop-ozone/ozonefs/target/test-dir/MiniOzoneClusterImpl-338b8348-b083-46f4-a27e-fb8b70a40c3f/datanode-1/data/ratis/02a87bec-8664-47c6-9c33-b88a80290eb4
2019-09-20 14:26:30,733 [pool-303-thread-1] INFO  server.RaftServerConfigKeys (ConfUtils.java:logGet(43)) - raft.server.log.queue.byte-limit = 2147483647 (custom)
2019-09-20 14:26:30,734 [pool-303-thread-1] INFO  server.RaftServerConfigKeys (ConfUtils.java:logGet(43)) - raft.server.log.queue.element-limit = 1024 (custom)
2019-09-20 14:26:30,734 [pool-303-thread-1] INFO  server.RaftServerConfigKeys (ConfUtils.java:logGet(43)) - raft.server.log.segment.size.max = 1048576 (custom)
2019-09-20 14:26:30,734 [pool-303-thread-1] INFO  server.RaftServerConfigKeys (ConfUtils.java:logGet(43)) - raft.server.log.preallocated.size = 16384 (custom)
2019-09-20 14:26:30,734 [pool-303-thread-1] INFO  server.RaftServerConfigKeys (ConfUtils.java:logGet(43)) - raft.server.log.write.buffer.size = 33554432 (custom)
2019-09-20 14:26:30,734 [pool-303-thread-1] INFO  server.RaftServerConfigKeys (ConfUtils.java:logGet(43)) - raft.server.log.force.sync.num = 128 (default)
2019-09-20 14:26:30,734 [pool-303-thread-1] INFO  server.RaftServerConfigKeys (ConfUtils.java:logGet(43)) - raft.server.log.statemachine.data.sync = true (default)
2019-09-20 14:26:30,735 [pool-303-thread-1] INFO  server.RaftServerConfigKeys (ConfUtils.java:logGet(43)) - raft.server.log.statemachine.data.sync.timeout = 10s (default)
2019-09-20 14:26:30,735 [pool-303-thread-1] INFO  server.RaftServerConfigKeys (ConfUtils.java:logGet(43)) - raft.server.log.statemachine.data.sync.timeout.retry = -1 (default)
2019-09-20 14:26:30,735 [pool-303-thread-1] INFO  server.RaftServerConfigKeys (ConfUtils.java:logGet(43)) - raft.server.log.statemachine.data.caching.enabled = true (custom)
2019-09-20 14:26:30,735 [pool-303-thread-1] INFO  segmented.SegmentedRaftLogWorker (SegmentedRaftLogWorker.java:lambda$new$0(132)) - 3d6cea60-fef1-4ae8-b4b1-1f18b9d50500-SegmentedRaftLogWorker:Storage Directory /workdir/hadoop-ozone/ozonefs/target/test-dir/MiniOzoneClusterImpl-338b8348-b083-46f4-a27e-fb8b70a40c3f/datanode-1/data/ratis/02a87bec-8664-47c6-9c33-b88a80290eb4: flushIndex: setUnconditionally 0 -> -1
2019-09-20 14:26:30,736 [pool-303-thread-1] INFO  server.RaftServerConfigKeys (ConfUtils.java:logGet(43)) - raft.server.snapshot.auto.trigger.enabled = true (custom)
2019-09-20 14:26:30,736 [pool-303-thread-1] INFO  server.RaftServerConfigKeys (ConfUtils.java:logGet(43)) - raft.server.snapshot.auto.trigger.threshold = 10000 (custom)
2019-09-20 14:26:30,736 [pool-303-thread-1] INFO  server.RaftServerConfigKeys (ConfUtils.java:logGet(43)) - raft.server.retrycache.expirytime = 600000ms (custom)
2019-09-20 14:26:30,736 [pool-303-thread-1] INFO  impl.RaftServerImpl (RaftServerImpl.java:start(180)) - 3d6cea60-fef1-4ae8-b4b1-1f18b9d50500: start group-B88A80290EB4
2019-09-20 14:26:30,736 [pool-303-thread-1] INFO  impl.RaftServerImpl (RaftServerImpl.java:setRole(171)) - 3d6cea60-fef1-4ae8-b4b1-1f18b9d50500:group-B88A80290EB4 changes role from null to FOLLOWER at term 0 for startAsFollower
2019-09-20 14:26:30,737 [pool-303-thread-1] INFO  impl.RoleInfo (RoleInfo.java:updateAndGet(143)) - 3d6cea60-fef1-4ae8-b4b1-1f18b9d50500: start FollowerState
2019-09-20 14:26:30,737 [pool-303-thread-1] INFO  util.JmxRegister (JmxRegister.java:tryRegister(44)) - Successfully registered JMX Bean with object name Ratis:service=RaftServer,group=group-B88A80290EB4,id=3d6cea60-fef1-4ae8-b4b1-1f18b9d50500
2019-09-20 14:26:30,740 [RatisPipelineUtilsThread] INFO  pipeline.PipelineStateManager (PipelineStateManager.java:addPipeline(56)) - Created pipeline Pipeline[ Id: 02a87bec-8664-47c6-9c33-b88a80290eb4, Nodes: 3d6cea60-fef1-4ae8-b4b1-1f18b9d50500{ip: 192.168.36.99, host: pr-hdds-1569-p5fx8-1226042367, networkLocation: /default-rack, certSerialId: null}, Type:RATIS, Factor:ONE, State:OPEN]
2019-09-20 14:26:30,740 [RatisPipelineUtilsThread] INFO  pipeline.PipelinePlacementPolicy (PipelinePlacementPolicy.java:meetCriteria(91)) - Pipeline Placement: Doesn't meet the criteria to be viable node： b39debcb-59eb-4ff3-9b06-894e333b5be6 Heaviness: 6 limit: 5
2019-09-20 14:26:30,746 [grpc-default-executor-0] INFO  impl.RaftServerProxy (RaftServerProxy.java:addNew(89)) - 3d6cea60-fef1-4ae8-b4b1-1f18b9d50500: addNew group-93EAEC66371D:[3d6cea60-fef1-4ae8-b4b1-1f18b9d50500:192.168.36.99:38255] returns group-93EAEC66371D:java.util.concurrent.CompletableFuture@7c6bbbe9[Not completed]
2019-09-20 14:26:30,747 [pool-303-thread-1] INFO  impl.RaftServerImpl (RaftServerImpl.java:<init>(93)) - 3d6cea60-fef1-4ae8-b4b1-1f18b9d50500: new RaftServerImpl for group-93EAEC66371D:[3d6cea60-fef1-4ae8-b4b1-1f18b9d50500:192.168.36.99:38255] with ContainerStateMachine:uninitialized
2019-09-20 14:26:30,748 [pool-303-thread-1] INFO  server.RaftServerConfigKeys (ConfUtils.java:logGet(43)) - raft.server.rpc.timeout.min = 5s (custom)
2019-09-20 14:26:30,748 [pool-303-thread-1] INFO  server.RaftServerConfigKeys (ConfUtils.java:logGet(43)) - raft.server.rpc.timeout.max = 5200ms (custom)
2019-09-20 14:26:30,748 [pool-303-thread-1] INFO  server.RaftServerConfigKeys (ConfUtils.java:logGet(43)) - raft.server.rpcslowness.timeout = 120s (custom)
2019-09-20 14:26:30,748 [pool-303-thread-1] INFO  server.RaftServerConfigKeys (ConfUtils.java:logGet(43)) - raft.server.sleep.deviation.threshold = 300 (default)
2019-09-20 14:26:30,748 [pool-303-thread-1] INFO  server.RaftServerConfigKeys (ConfUtils.java:logGet(43)) - raft.server.log.appender.install.snapshot.enabled = false (custom)
2019-09-20 14:26:30,748 [pool-303-thread-1] INFO  impl.RaftServerImpl (ServerState.java:<init>(105)) - 3d6cea60-fef1-4ae8-b4b1-1f18b9d50500:group-93EAEC66371D ConfigurationManager, init=-1: [3d6cea60-fef1-4ae8-b4b1-1f18b9d50500:192.168.36.99:38255], old=null, confs=<EMPTY_MAP>
2019-09-20 14:26:30,749 [pool-303-thread-1] INFO  server.RaftServerConfigKeys (ConfUtils.java:logGet(43)) - raft.server.storage.dir = [/workdir/hadoop-ozone/ozonefs/target/test-dir/MiniOzoneClusterImpl-338b8348-b083-46f4-a27e-fb8b70a40c3f/datanode-1/data/ratis] (custom)
2019-09-20 14:26:30,749 [pool-303-thread-1] INFO  storage.RaftStorageDirectory (RaftStorageDirectory.java:analyzeStorage(246)) - The storage directory /workdir/hadoop-ozone/ozonefs/target/test-dir/MiniOzoneClusterImpl-338b8348-b083-46f4-a27e-fb8b70a40c3f/datanode-1/data/ratis/a48919cb-28a2-47f6-bf4a-93eaec66371d does not exist. Creating ...
2019-09-20 14:26:30,773 [pool-303-thread-1] INFO  storage.RaftStorageDirectory (RaftStorageDirectory.java:tryLock(328)) - Lock on /workdir/hadoop-ozone/ozonefs/target/test-dir/MiniOzoneClusterImpl-338b8348-b083-46f4-a27e-fb8b70a40c3f/datanode-1/data/ratis/a48919cb-28a2-47f6-bf4a-93eaec66371d/in_use.lock acquired by nodename 21669@pr-hdds-1569-p5fx8-1226042367
2019-09-20 14:26:30,815 [pool-303-thread-1] INFO  storage.RaftStorage (RaftStorage.java:format(72)) - Storage directory /workdir/hadoop-ozone/ozonefs/target/test-dir/MiniOzoneClusterImpl-338b8348-b083-46f4-a27e-fb8b70a40c3f/datanode-1/data/ratis/a48919cb-28a2-47f6-bf4a-93eaec66371d has been successfully formatted.
2019-09-20 14:26:30,816 [pool-303-thread-1] INFO  ratis.ContainerStateMachine (ContainerStateMachine.java:loadSnapshot(226)) - group-93EAEC66371D: The snapshot info is null. Setting the last applied indexto:(t:0, i:~)
2019-09-20 14:26:30,816 [pool-303-thread-1] INFO  server.RaftServerConfigKeys (ConfUtils.java:logGet(43)) - raft.server.leader.election.timeout = 120s (custom)
2019-09-20 14:26:30,816 [pool-303-thread-1] INFO  server.RaftServerConfigKeys (ConfUtils.java:logGet(43)) - raft.server.log.use.memory = false (default)
2019-09-20 14:26:30,816 [pool-303-thread-1] INFO  server.RaftServerConfigKeys (ConfUtils.java:logGet(43)) - raft.server.log.purge.gap = 1000000 (custom)
2019-09-20 14:26:30,817 [pool-303-thread-1] INFO  server.RaftServerConfigKeys (ConfUtils.java:logGet(43)) - raft.server.log.appender.buffer.byte-limit = 33554432 (custom)
2019-09-20 14:26:30,817 [pool-303-thread-1] INFO  server.RaftServerConfigKeys (ConfUtils.java:logGet(43)) - raft.server.log.segment.size.max = 1048576 (custom)
2019-09-20 14:26:30,817 [pool-303-thread-1] INFO  server.RaftServerConfigKeys (ConfUtils.java:logGet(43)) - raft.server.log.segment.cache.num.max = 2 (custom)
2019-09-20 14:26:30,817 [pool-303-thread-1] INFO  segmented.SegmentedRaftLogWorker (SegmentedRaftLogWorker.java:<init>(172)) - new 3d6cea60-fef1-4ae8-b4b1-1f18b9d50500-SegmentedRaftLogWorker:Storage Directory /workdir/hadoop-ozone/ozonefs/target/test-dir/MiniOzoneClusterImpl-338b8348-b083-46f4-a27e-fb8b70a40c3f/datanode-1/data/ratis/a48919cb-28a2-47f6-bf4a-93eaec66371d for RaftStorage:Storage Directory /workdir/hadoop-ozone/ozonefs/target/test-dir/MiniOzoneClusterImpl-338b8348-b083-46f4-a27e-fb8b70a40c3f/datanode-1/data/ratis/a48919cb-28a2-47f6-bf4a-93eaec66371d
2019-09-20 14:26:30,817 [pool-303-thread-1] INFO  server.RaftServerConfigKeys (ConfUtils.java:logGet(43)) - raft.server.log.queue.byte-limit = 2147483647 (custom)
2019-09-20 14:26:30,818 [pool-303-thread-1] INFO  server.RaftServerConfigKeys (ConfUtils.java:logGet(43)) - raft.server.log.queue.element-limit = 1024 (custom)
2019-09-20 14:26:30,818 [pool-303-thread-1] INFO  server.RaftServerConfigKeys (ConfUtils.java:logGet(43)) - raft.server.log.segment.size.max = 1048576 (custom)
2019-09-20 14:26:30,818 [pool-303-thread-1] INFO  server.RaftServerConfigKeys (ConfUtils.java:logGet(43)) - raft.server.log.preallocated.size = 16384 (custom)
2019-09-20 14:26:30,818 [pool-303-thread-1] INFO  server.RaftServerConfigKeys (ConfUtils.java:logGet(43)) - raft.server.log.write.buffer.size = 33554432 (custom)
2019-09-20 14:26:30,818 [pool-303-thread-1] INFO  server.RaftServerConfigKeys (ConfUtils.java:logGet(43)) - raft.server.log.force.sync.num = 128 (default)
2019-09-20 14:26:30,819 [pool-303-thread-1] INFO  server.RaftServerConfigKeys (ConfUtils.java:logGet(43)) - raft.server.log.statemachine.data.sync = true (default)
2019-09-20 14:26:30,819 [pool-303-thread-1] INFO  server.RaftServerConfigKeys (ConfUtils.java:logGet(43)) - raft.server.log.statemachine.data.sync.timeout = 10s (default)
2019-09-20 14:26:30,819 [pool-303-thread-1] INFO  server.RaftServerConfigKeys (ConfUtils.java:logGet(43)) - raft.server.log.statemachine.data.sync.timeout.retry = -1 (default)
2019-09-20 14:26:30,819 [pool-303-thread-1] INFO  server.RaftServerConfigKeys (ConfUtils.java:logGet(43)) - raft.server.log.statemachine.data.caching.enabled = true (custom)
2019-09-20 14:26:30,819 [pool-303-thread-1] INFO  segmented.SegmentedRaftLogWorker (SegmentedRaftLogWorker.java:lambda$new$0(132)) - 3d6cea60-fef1-4ae8-b4b1-1f18b9d50500-SegmentedRaftLogWorker:Storage Directory /workdir/hadoop-ozone/ozonefs/target/test-dir/MiniOzoneClusterImpl-338b8348-b083-46f4-a27e-fb8b70a40c3f/datanode-1/data/ratis/a48919cb-28a2-47f6-bf4a-93eaec66371d: flushIndex: setUnconditionally 0 -> -1
2019-09-20 14:26:30,820 [pool-303-thread-1] INFO  server.RaftServerConfigKeys (ConfUtils.java:logGet(43)) - raft.server.snapshot.auto.trigger.enabled = true (custom)
2019-09-20 14:26:30,820 [pool-303-thread-1] INFO  server.RaftServerConfigKeys (ConfUtils.java:logGet(43)) - raft.server.snapshot.auto.trigger.threshold = 10000 (custom)
2019-09-20 14:26:30,820 [pool-303-thread-1] INFO  server.RaftServerConfigKeys (ConfUtils.java:logGet(43)) - raft.server.retrycache.expirytime = 600000ms (custom)
2019-09-20 14:26:30,820 [pool-303-thread-1] INFO  impl.RaftServerImpl (RaftServerImpl.java:start(180)) - 3d6cea60-fef1-4ae8-b4b1-1f18b9d50500: start group-93EAEC66371D
2019-09-20 14:26:30,821 [pool-303-thread-1] INFO  impl.RaftServerImpl (RaftServerImpl.java:setRole(171)) - 3d6cea60-fef1-4ae8-b4b1-1f18b9d50500:group-93EAEC66371D changes role from null to FOLLOWER at term 0 for startAsFollower
2019-09-20 14:26:30,821 [pool-303-thread-1] INFO  impl.RoleInfo (RoleInfo.java:updateAndGet(143)) - 3d6cea60-fef1-4ae8-b4b1-1f18b9d50500: start FollowerState
2019-09-20 14:26:30,821 [pool-303-thread-1] INFO  util.JmxRegister (JmxRegister.java:tryRegister(44)) - Successfully registered JMX Bean with object name Ratis:service=RaftServer,group=group-93EAEC66371D,id=3d6cea60-fef1-4ae8-b4b1-1f18b9d50500
2019-09-20 14:26:30,824 [RatisPipelineUtilsThread] INFO  pipeline.PipelineStateManager (PipelineStateManager.java:addPipeline(56)) - Created pipeline Pipeline[ Id: a48919cb-28a2-47f6-bf4a-93eaec66371d, Nodes: 3d6cea60-fef1-4ae8-b4b1-1f18b9d50500{ip: 192.168.36.99, host: pr-hdds-1569-p5fx8-1226042367, networkLocation: /default-rack, certSerialId: null}, Type:RATIS, Factor:ONE, State:OPEN]
2019-09-20 14:26:30,825 [RatisPipelineUtilsThread] INFO  pipeline.PipelinePlacementPolicy (PipelinePlacementPolicy.java:meetCriteria(91)) - Pipeline Placement: Doesn't meet the criteria to be viable node： b39debcb-59eb-4ff3-9b06-894e333b5be6 Heaviness: 6 limit: 5
2019-09-20 14:26:30,832 [grpc-default-executor-0] INFO  impl.RaftServerProxy (RaftServerProxy.java:addNew(89)) - 15297862-8e3d-471b-9ead-84c6fd00747d: addNew group-39F8634A7EE3:[15297862-8e3d-471b-9ead-84c6fd00747d:192.168.36.99:41872] returns group-39F8634A7EE3:java.util.concurrent.CompletableFuture@5cb8cafb[Not completed]
2019-09-20 14:26:30,835 [pool-314-thread-1] INFO  impl.RaftServerImpl (RaftServerImpl.java:<init>(93)) - 15297862-8e3d-471b-9ead-84c6fd00747d: new RaftServerImpl for group-39F8634A7EE3:[15297862-8e3d-471b-9ead-84c6fd00747d:192.168.36.99:41872] with ContainerStateMachine:uninitialized
2019-09-20 14:26:30,835 [pool-314-thread-1] INFO  server.RaftServerConfigKeys (ConfUtils.java:logGet(43)) - raft.server.rpc.timeout.min = 5s (custom)
2019-09-20 14:26:30,835 [pool-314-thread-1] INFO  server.RaftServerConfigKeys (ConfUtils.java:logGet(43)) - raft.server.rpc.timeout.max = 5200ms (custom)
2019-09-20 14:26:30,835 [pool-314-thread-1] INFO  server.RaftServerConfigKeys (ConfUtils.java:logGet(43)) - raft.server.rpcslowness.timeout = 120s (custom)
2019-09-20 14:26:30,835 [pool-314-thread-1] INFO  server.RaftServerConfigKeys (ConfUtils.java:logGet(43)) - raft.server.sleep.deviation.threshold = 300 (default)
2019-09-20 14:26:30,835 [pool-314-thread-1] INFO  server.RaftServerConfigKeys (ConfUtils.java:logGet(43)) - raft.server.log.appender.install.snapshot.enabled = false (custom)
2019-09-20 14:26:30,836 [pool-314-thread-1] INFO  impl.RaftServerImpl (ServerState.java:<init>(105)) - 15297862-8e3d-471b-9ead-84c6fd00747d:group-39F8634A7EE3 ConfigurationManager, init=-1: [15297862-8e3d-471b-9ead-84c6fd00747d:192.168.36.99:41872], old=null, confs=<EMPTY_MAP>
2019-09-20 14:26:30,836 [pool-314-thread-1] INFO  server.RaftServerConfigKeys (ConfUtils.java:logGet(43)) - raft.server.storage.dir = [/workdir/hadoop-ozone/ozonefs/target/test-dir/MiniOzoneClusterImpl-338b8348-b083-46f4-a27e-fb8b70a40c3f/datanode-2/data/ratis] (custom)
2019-09-20 14:26:30,836 [pool-314-thread-1] INFO  storage.RaftStorageDirectory (RaftStorageDirectory.java:analyzeStorage(246)) - The storage directory /workdir/hadoop-ozone/ozonefs/target/test-dir/MiniOzoneClusterImpl-338b8348-b083-46f4-a27e-fb8b70a40c3f/datanode-2/data/ratis/335344dd-0ed6-46fd-b053-39f8634a7ee3 does not exist. Creating ...
2019-09-20 14:26:30,866 [pool-314-thread-1] INFO  storage.RaftStorageDirectory (RaftStorageDirectory.java:tryLock(328)) - Lock on /workdir/hadoop-ozone/ozonefs/target/test-dir/MiniOzoneClusterImpl-338b8348-b083-46f4-a27e-fb8b70a40c3f/datanode-2/data/ratis/335344dd-0ed6-46fd-b053-39f8634a7ee3/in_use.lock acquired by nodename 21669@pr-hdds-1569-p5fx8-1226042367
2019-09-20 14:26:30,883 [pool-314-thread-1] INFO  storage.RaftStorage (RaftStorage.java:format(72)) - Storage directory /workdir/hadoop-ozone/ozonefs/target/test-dir/MiniOzoneClusterImpl-338b8348-b083-46f4-a27e-fb8b70a40c3f/datanode-2/data/ratis/335344dd-0ed6-46fd-b053-39f8634a7ee3 has been successfully formatted.
2019-09-20 14:26:30,883 [pool-314-thread-1] INFO  ratis.ContainerStateMachine (ContainerStateMachine.java:loadSnapshot(226)) - group-39F8634A7EE3: The snapshot info is null. Setting the last applied indexto:(t:0, i:~)
2019-09-20 14:26:30,883 [pool-314-thread-1] INFO  server.RaftServerConfigKeys (ConfUtils.java:logGet(43)) - raft.server.leader.election.timeout = 120s (custom)
2019-09-20 14:26:30,884 [pool-314-thread-1] INFO  server.RaftServerConfigKeys (ConfUtils.java:logGet(43)) - raft.server.log.use.memory = false (default)
2019-09-20 14:26:30,884 [pool-314-thread-1] INFO  server.RaftServerConfigKeys (ConfUtils.java:logGet(43)) - raft.server.log.purge.gap = 1000000 (custom)
2019-09-20 14:26:30,884 [pool-314-thread-1] INFO  server.RaftServerConfigKeys (ConfUtils.java:logGet(43)) - raft.server.log.appender.buffer.byte-limit = 33554432 (custom)
2019-09-20 14:26:30,884 [pool-314-thread-1] INFO  server.RaftServerConfigKeys (ConfUtils.java:logGet(43)) - raft.server.log.segment.size.max = 1048576 (custom)
2019-09-20 14:26:30,884 [pool-314-thread-1] INFO  server.RaftServerConfigKeys (ConfUtils.java:logGet(43)) - raft.server.log.segment.cache.num.max = 2 (custom)
2019-09-20 14:26:30,884 [pool-314-thread-1] INFO  segmented.SegmentedRaftLogWorker (SegmentedRaftLogWorker.java:<init>(172)) - new 15297862-8e3d-471b-9ead-84c6fd00747d-SegmentedRaftLogWorker:Storage Directory /workdir/hadoop-ozone/ozonefs/target/test-dir/MiniOzoneClusterImpl-338b8348-b083-46f4-a27e-fb8b70a40c3f/datanode-2/data/ratis/335344dd-0ed6-46fd-b053-39f8634a7ee3 for RaftStorage:Storage Directory /workdir/hadoop-ozone/ozonefs/target/test-dir/MiniOzoneClusterImpl-338b8348-b083-46f4-a27e-fb8b70a40c3f/datanode-2/data/ratis/335344dd-0ed6-46fd-b053-39f8634a7ee3
2019-09-20 14:26:30,885 [pool-314-thread-1] INFO  server.RaftServerConfigKeys (ConfUtils.java:logGet(43)) - raft.server.log.queue.byte-limit = 2147483647 (custom)
2019-09-20 14:26:30,885 [pool-314-thread-1] INFO  server.RaftServerConfigKeys (ConfUtils.java:logGet(43)) - raft.server.log.queue.element-limit = 1024 (custom)
2019-09-20 14:26:30,885 [pool-314-thread-1] INFO  server.RaftServerConfigKeys (ConfUtils.java:logGet(43)) - raft.server.log.segment.size.max = 1048576 (custom)
2019-09-20 14:26:30,885 [pool-314-thread-1] INFO  server.RaftServerConfigKeys (ConfUtils.java:logGet(43)) - raft.server.log.preallocated.size = 16384 (custom)
2019-09-20 14:26:30,885 [pool-314-thread-1] INFO  server.RaftServerConfigKeys (ConfUtils.java:logGet(43)) - raft.server.log.write.buffer.size = 33554432 (custom)
2019-09-20 14:26:30,886 [pool-314-thread-1] INFO  server.RaftServerConfigKeys (ConfUtils.java:logGet(43)) - raft.server.log.force.sync.num = 128 (default)
2019-09-20 14:26:30,886 [pool-314-thread-1] INFO  server.RaftServerConfigKeys (ConfUtils.java:logGet(43)) - raft.server.log.statemachine.data.sync = true (default)
2019-09-20 14:26:30,886 [pool-314-thread-1] INFO  server.RaftServerConfigKeys (ConfUtils.java:logGet(43)) - raft.server.log.statemachine.data.sync.timeout = 10s (default)
2019-09-20 14:26:30,886 [pool-314-thread-1] INFO  server.RaftServerConfigKeys (ConfUtils.java:logGet(43)) - raft.server.log.statemachine.data.sync.timeout.retry = -1 (default)
2019-09-20 14:26:30,886 [pool-314-thread-1] INFO  server.RaftServerConfigKeys (ConfUtils.java:logGet(43)) - raft.server.log.statemachine.data.caching.enabled = true (custom)
2019-09-20 14:26:30,887 [pool-314-thread-1] INFO  segmented.SegmentedRaftLogWorker (SegmentedRaftLogWorker.java:lambda$new$0(132)) - 15297862-8e3d-471b-9ead-84c6fd00747d-SegmentedRaftLogWorker:Storage Directory /workdir/hadoop-ozone/ozonefs/target/test-dir/MiniOzoneClusterImpl-338b8348-b083-46f4-a27e-fb8b70a40c3f/datanode-2/data/ratis/335344dd-0ed6-46fd-b053-39f8634a7ee3: flushIndex: setUnconditionally 0 -> -1
2019-09-20 14:26:30,887 [pool-314-thread-1] INFO  server.RaftServerConfigKeys (ConfUtils.java:logGet(43)) - raft.server.snapshot.auto.trigger.enabled = true (custom)
2019-09-20 14:26:30,887 [pool-314-thread-1] INFO  server.RaftServerConfigKeys (ConfUtils.java:logGet(43)) - raft.server.snapshot.auto.trigger.threshold = 10000 (custom)
2019-09-20 14:26:30,887 [pool-314-thread-1] INFO  server.RaftServerConfigKeys (ConfUtils.java:logGet(43)) - raft.server.retrycache.expirytime = 600000ms (custom)
2019-09-20 14:26:30,888 [pool-314-thread-1] INFO  impl.RaftServerImpl (RaftServerImpl.java:start(180)) - 15297862-8e3d-471b-9ead-84c6fd00747d: start group-39F8634A7EE3
2019-09-20 14:26:30,888 [pool-314-thread-1] INFO  impl.RaftServerImpl (RaftServerImpl.java:setRole(171)) - 15297862-8e3d-471b-9ead-84c6fd00747d:group-39F8634A7EE3 changes role from null to FOLLOWER at term 0 for startAsFollower
2019-09-20 14:26:30,888 [pool-314-thread-1] INFO  impl.RoleInfo (RoleInfo.java:updateAndGet(143)) - 15297862-8e3d-471b-9ead-84c6fd00747d: start FollowerState
2019-09-20 14:26:30,888 [pool-314-thread-1] INFO  util.JmxRegister (JmxRegister.java:tryRegister(44)) - Successfully registered JMX Bean with object name Ratis:service=RaftServer,group=group-39F8634A7EE3,id=15297862-8e3d-471b-9ead-84c6fd00747d
2019-09-20 14:26:30,891 [RatisPipelineUtilsThread] INFO  pipeline.PipelineStateManager (PipelineStateManager.java:addPipeline(56)) - Created pipeline Pipeline[ Id: 335344dd-0ed6-46fd-b053-39f8634a7ee3, Nodes: 15297862-8e3d-471b-9ead-84c6fd00747d{ip: 192.168.36.99, host: pr-hdds-1569-p5fx8-1226042367, networkLocation: /default-rack, certSerialId: null}, Type:RATIS, Factor:ONE, State:OPEN]
2019-09-20 14:26:30,891 [RatisPipelineUtilsThread] INFO  pipeline.PipelinePlacementPolicy (PipelinePlacementPolicy.java:meetCriteria(91)) - Pipeline Placement: Doesn't meet the criteria to be viable node： b39debcb-59eb-4ff3-9b06-894e333b5be6 Heaviness: 6 limit: 5
2019-09-20 14:26:30,897 [grpc-default-executor-0] INFO  impl.RaftServerProxy (RaftServerProxy.java:addNew(89)) - 3d6cea60-fef1-4ae8-b4b1-1f18b9d50500: addNew group-71841A6926A8:[3d6cea60-fef1-4ae8-b4b1-1f18b9d50500:192.168.36.99:38255] returns group-71841A6926A8:java.util.concurrent.CompletableFuture@39c0363d[Not completed]
2019-09-20 14:26:30,899 [pool-303-thread-1] INFO  impl.RaftServerImpl (RaftServerImpl.java:<init>(93)) - 3d6cea60-fef1-4ae8-b4b1-1f18b9d50500: new RaftServerImpl for group-71841A6926A8:[3d6cea60-fef1-4ae8-b4b1-1f18b9d50500:192.168.36.99:38255] with ContainerStateMachine:uninitialized
2019-09-20 14:26:30,899 [pool-303-thread-1] INFO  server.RaftServerConfigKeys (ConfUtils.java:logGet(43)) - raft.server.rpc.timeout.min = 5s (custom)
2019-09-20 14:26:30,899 [pool-303-thread-1] INFO  server.RaftServerConfigKeys (ConfUtils.java:logGet(43)) - raft.server.rpc.timeout.max = 5200ms (custom)
2019-09-20 14:26:30,899 [pool-303-thread-1] INFO  server.RaftServerConfigKeys (ConfUtils.java:logGet(43)) - raft.server.rpcslowness.timeout = 120s (custom)
2019-09-20 14:26:30,899 [pool-303-thread-1] INFO  server.RaftServerConfigKeys (ConfUtils.java:logGet(43)) - raft.server.sleep.deviation.threshold = 300 (default)
2019-09-20 14:26:30,900 [pool-303-thread-1] INFO  server.RaftServerConfigKeys (ConfUtils.java:logGet(43)) - raft.server.log.appender.install.snapshot.enabled = false (custom)
2019-09-20 14:26:30,900 [pool-303-thread-1] INFO  impl.RaftServerImpl (ServerState.java:<init>(105)) - 3d6cea60-fef1-4ae8-b4b1-1f18b9d50500:group-71841A6926A8 ConfigurationManager, init=-1: [3d6cea60-fef1-4ae8-b4b1-1f18b9d50500:192.168.36.99:38255], old=null, confs=<EMPTY_MAP>
2019-09-20 14:26:30,900 [pool-303-thread-1] INFO  server.RaftServerConfigKeys (ConfUtils.java:logGet(43)) - raft.server.storage.dir = [/workdir/hadoop-ozone/ozonefs/target/test-dir/MiniOzoneClusterImpl-338b8348-b083-46f4-a27e-fb8b70a40c3f/datanode-1/data/ratis] (custom)
2019-09-20 14:26:30,900 [pool-303-thread-1] INFO  storage.RaftStorageDirectory (RaftStorageDirectory.java:analyzeStorage(246)) - The storage directory /workdir/hadoop-ozone/ozonefs/target/test-dir/MiniOzoneClusterImpl-338b8348-b083-46f4-a27e-fb8b70a40c3f/datanode-1/data/ratis/361b4ef9-9b1b-4cd4-86ae-71841a6926a8 does not exist. Creating ...
2019-09-20 14:26:30,917 [pool-303-thread-1] INFO  storage.RaftStorageDirectory (RaftStorageDirectory.java:tryLock(328)) - Lock on /workdir/hadoop-ozone/ozonefs/target/test-dir/MiniOzoneClusterImpl-338b8348-b083-46f4-a27e-fb8b70a40c3f/datanode-1/data/ratis/361b4ef9-9b1b-4cd4-86ae-71841a6926a8/in_use.lock acquired by nodename 21669@pr-hdds-1569-p5fx8-1226042367
2019-09-20 14:26:30,934 [pool-303-thread-1] INFO  storage.RaftStorage (RaftStorage.java:format(72)) - Storage directory /workdir/hadoop-ozone/ozonefs/target/test-dir/MiniOzoneClusterImpl-338b8348-b083-46f4-a27e-fb8b70a40c3f/datanode-1/data/ratis/361b4ef9-9b1b-4cd4-86ae-71841a6926a8 has been successfully formatted.
2019-09-20 14:26:30,934 [pool-303-thread-1] INFO  ratis.ContainerStateMachine (ContainerStateMachine.java:loadSnapshot(226)) - group-71841A6926A8: The snapshot info is null. Setting the last applied indexto:(t:0, i:~)
2019-09-20 14:26:30,934 [pool-303-thread-1] INFO  server.RaftServerConfigKeys (ConfUtils.java:logGet(43)) - raft.server.leader.election.timeout = 120s (custom)
2019-09-20 14:26:30,934 [pool-303-thread-1] INFO  server.RaftServerConfigKeys (ConfUtils.java:logGet(43)) - raft.server.log.use.memory = false (default)
2019-09-20 14:26:30,935 [pool-303-thread-1] INFO  server.RaftServerConfigKeys (ConfUtils.java:logGet(43)) - raft.server.log.purge.gap = 1000000 (custom)
2019-09-20 14:26:30,935 [pool-303-thread-1] INFO  server.RaftServerConfigKeys (ConfUtils.java:logGet(43)) - raft.server.log.appender.buffer.byte-limit = 33554432 (custom)
2019-09-20 14:26:30,935 [pool-303-thread-1] INFO  server.RaftServerConfigKeys (ConfUtils.java:logGet(43)) - raft.server.log.segment.size.max = 1048576 (custom)
2019-09-20 14:26:30,935 [pool-303-thread-1] INFO  server.RaftServerConfigKeys (ConfUtils.java:logGet(43)) - raft.server.log.segment.cache.num.max = 2 (custom)
2019-09-20 14:26:30,935 [pool-303-thread-1] INFO  segmented.SegmentedRaftLogWorker (SegmentedRaftLogWorker.java:<init>(172)) - new 3d6cea60-fef1-4ae8-b4b1-1f18b9d50500-SegmentedRaftLogWorker:Storage Directory /workdir/hadoop-ozone/ozonefs/target/test-dir/MiniOzoneClusterImpl-338b8348-b083-46f4-a27e-fb8b70a40c3f/datanode-1/data/ratis/361b4ef9-9b1b-4cd4-86ae-71841a6926a8 for RaftStorage:Storage Directory /workdir/hadoop-ozone/ozonefs/target/test-dir/MiniOzoneClusterImpl-338b8348-b083-46f4-a27e-fb8b70a40c3f/datanode-1/data/ratis/361b4ef9-9b1b-4cd4-86ae-71841a6926a8
2019-09-20 14:26:30,936 [pool-303-thread-1] INFO  server.RaftServerConfigKeys (ConfUtils.java:logGet(43)) - raft.server.log.queue.byte-limit = 2147483647 (custom)
2019-09-20 14:26:30,936 [pool-303-thread-1] INFO  server.RaftServerConfigKeys (ConfUtils.java:logGet(43)) - raft.server.log.queue.element-limit = 1024 (custom)
2019-09-20 14:26:30,936 [pool-303-thread-1] INFO  server.RaftServerConfigKeys (ConfUtils.java:logGet(43)) - raft.server.log.segment.size.max = 1048576 (custom)
2019-09-20 14:26:30,936 [pool-303-thread-1] INFO  server.RaftServerConfigKeys (ConfUtils.java:logGet(43)) - raft.server.log.preallocated.size = 16384 (custom)
2019-09-20 14:26:30,936 [pool-303-thread-1] INFO  server.RaftServerConfigKeys (ConfUtils.java:logGet(43)) - raft.server.log.write.buffer.size = 33554432 (custom)
2019-09-20 14:26:30,937 [pool-303-thread-1] INFO  server.RaftServerConfigKeys (ConfUtils.java:logGet(43)) - raft.server.log.force.sync.num = 128 (default)
2019-09-20 14:26:30,937 [pool-303-thread-1] INFO  server.RaftServerConfigKeys (ConfUtils.java:logGet(43)) - raft.server.log.statemachine.data.sync = true (default)
2019-09-20 14:26:30,937 [pool-303-thread-1] INFO  server.RaftServerConfigKeys (ConfUtils.java:logGet(43)) - raft.server.log.statemachine.data.sync.timeout = 10s (default)
2019-09-20 14:26:30,937 [pool-303-thread-1] INFO  server.RaftServerConfigKeys (ConfUtils.java:logGet(43)) - raft.server.log.statemachine.data.sync.timeout.retry = -1 (default)
2019-09-20 14:26:30,937 [pool-303-thread-1] INFO  server.RaftServerConfigKeys (ConfUtils.java:logGet(43)) - raft.server.log.statemachine.data.caching.enabled = true (custom)
2019-09-20 14:26:30,938 [pool-303-thread-1] INFO  segmented.SegmentedRaftLogWorker (SegmentedRaftLogWorker.java:lambda$new$0(132)) - 3d6cea60-fef1-4ae8-b4b1-1f18b9d50500-SegmentedRaftLogWorker:Storage Directory /workdir/hadoop-ozone/ozonefs/target/test-dir/MiniOzoneClusterImpl-338b8348-b083-46f4-a27e-fb8b70a40c3f/datanode-1/data/ratis/361b4ef9-9b1b-4cd4-86ae-71841a6926a8: flushIndex: setUnconditionally 0 -> -1
2019-09-20 14:26:30,938 [pool-303-thread-1] INFO  server.RaftServerConfigKeys (ConfUtils.java:logGet(43)) - raft.server.snapshot.auto.trigger.enabled = true (custom)
2019-09-20 14:26:30,938 [pool-303-thread-1] INFO  server.RaftServerConfigKeys (ConfUtils.java:logGet(43)) - raft.server.snapshot.auto.trigger.threshold = 10000 (custom)
2019-09-20 14:26:30,939 [pool-303-thread-1] INFO  server.RaftServerConfigKeys (ConfUtils.java:logGet(43)) - raft.server.retrycache.expirytime = 600000ms (custom)
2019-09-20 14:26:30,939 [pool-303-thread-1] INFO  impl.RaftServerImpl (RaftServerImpl.java:start(180)) - 3d6cea60-fef1-4ae8-b4b1-1f18b9d50500: start group-71841A6926A8
2019-09-20 14:26:30,939 [pool-303-thread-1] INFO  impl.RaftServerImpl (RaftServerImpl.java:setRole(171)) - 3d6cea60-fef1-4ae8-b4b1-1f18b9d50500:group-71841A6926A8 changes role from null to FOLLOWER at term 0 for startAsFollower
2019-09-20 14:26:30,939 [pool-303-thread-1] INFO  impl.RoleInfo (RoleInfo.java:updateAndGet(143)) - 3d6cea60-fef1-4ae8-b4b1-1f18b9d50500: start FollowerState
2019-09-20 14:26:30,940 [pool-303-thread-1] INFO  util.JmxRegister (JmxRegister.java:tryRegister(44)) - Successfully registered JMX Bean with object name Ratis:service=RaftServer,group=group-71841A6926A8,id=3d6cea60-fef1-4ae8-b4b1-1f18b9d50500
2019-09-20 14:26:30,942 [RatisPipelineUtilsThread] INFO  pipeline.PipelineStateManager (PipelineStateManager.java:addPipeline(56)) - Created pipeline Pipeline[ Id: 361b4ef9-9b1b-4cd4-86ae-71841a6926a8, Nodes: 3d6cea60-fef1-4ae8-b4b1-1f18b9d50500{ip: 192.168.36.99, host: pr-hdds-1569-p5fx8-1226042367, networkLocation: /default-rack, certSerialId: null}, Type:RATIS, Factor:ONE, State:OPEN]
2019-09-20 14:26:30,943 [RatisPipelineUtilsThread] INFO  pipeline.PipelinePlacementPolicy (PipelinePlacementPolicy.java:meetCriteria(91)) - Pipeline Placement: Doesn't meet the criteria to be viable node： b39debcb-59eb-4ff3-9b06-894e333b5be6 Heaviness: 6 limit: 5
2019-09-20 14:26:30,948 [grpc-default-executor-0] INFO  impl.RaftServerProxy (RaftServerProxy.java:addNew(89)) - 3d6cea60-fef1-4ae8-b4b1-1f18b9d50500: addNew group-DA2FC0BAC68B:[3d6cea60-fef1-4ae8-b4b1-1f18b9d50500:192.168.36.99:38255] returns group-DA2FC0BAC68B:java.util.concurrent.CompletableFuture@6037b03c[Not completed]
2019-09-20 14:26:30,949 [pool-303-thread-1] INFO  impl.RaftServerImpl (RaftServerImpl.java:<init>(93)) - 3d6cea60-fef1-4ae8-b4b1-1f18b9d50500: new RaftServerImpl for group-DA2FC0BAC68B:[3d6cea60-fef1-4ae8-b4b1-1f18b9d50500:192.168.36.99:38255] with ContainerStateMachine:uninitialized
2019-09-20 14:26:30,950 [pool-303-thread-1] INFO  server.RaftServerConfigKeys (ConfUtils.java:logGet(43)) - raft.server.rpc.timeout.min = 5s (custom)
2019-09-20 14:26:30,950 [pool-303-thread-1] INFO  server.RaftServerConfigKeys (ConfUtils.java:logGet(43)) - raft.server.rpc.timeout.max = 5200ms (custom)
2019-09-20 14:26:30,950 [pool-303-thread-1] INFO  server.RaftServerConfigKeys (ConfUtils.java:logGet(43)) - raft.server.rpcslowness.timeout = 120s (custom)
2019-09-20 14:26:30,950 [pool-303-thread-1] INFO  server.RaftServerConfigKeys (ConfUtils.java:logGet(43)) - raft.server.sleep.deviation.threshold = 300 (default)
2019-09-20 14:26:30,950 [pool-303-thread-1] INFO  server.RaftServerConfigKeys (ConfUtils.java:logGet(43)) - raft.server.log.appender.install.snapshot.enabled = false (custom)
2019-09-20 14:26:30,950 [pool-303-thread-1] INFO  impl.RaftServerImpl (ServerState.java:<init>(105)) - 3d6cea60-fef1-4ae8-b4b1-1f18b9d50500:group-DA2FC0BAC68B ConfigurationManager, init=-1: [3d6cea60-fef1-4ae8-b4b1-1f18b9d50500:192.168.36.99:38255], old=null, confs=<EMPTY_MAP>
2019-09-20 14:26:30,951 [pool-303-thread-1] INFO  server.RaftServerConfigKeys (ConfUtils.java:logGet(43)) - raft.server.storage.dir = [/workdir/hadoop-ozone/ozonefs/target/test-dir/MiniOzoneClusterImpl-338b8348-b083-46f4-a27e-fb8b70a40c3f/datanode-1/data/ratis] (custom)
2019-09-20 14:26:30,951 [pool-303-thread-1] INFO  storage.RaftStorageDirectory (RaftStorageDirectory.java:analyzeStorage(246)) - The storage directory /workdir/hadoop-ozone/ozonefs/target/test-dir/MiniOzoneClusterImpl-338b8348-b083-46f4-a27e-fb8b70a40c3f/datanode-1/data/ratis/91461df3-94bb-404c-b6c5-da2fc0bac68b does not exist. Creating ...
2019-09-20 14:26:30,967 [pool-303-thread-1] INFO  storage.RaftStorageDirectory (RaftStorageDirectory.java:tryLock(328)) - Lock on /workdir/hadoop-ozone/ozonefs/target/test-dir/MiniOzoneClusterImpl-338b8348-b083-46f4-a27e-fb8b70a40c3f/datanode-1/data/ratis/91461df3-94bb-404c-b6c5-da2fc0bac68b/in_use.lock acquired by nodename 21669@pr-hdds-1569-p5fx8-1226042367
2019-09-20 14:26:30,993 [pool-303-thread-1] INFO  storage.RaftStorage (RaftStorage.java:format(72)) - Storage directory /workdir/hadoop-ozone/ozonefs/target/test-dir/MiniOzoneClusterImpl-338b8348-b083-46f4-a27e-fb8b70a40c3f/datanode-1/data/ratis/91461df3-94bb-404c-b6c5-da2fc0bac68b has been successfully formatted.
2019-09-20 14:26:30,993 [pool-303-thread-1] INFO  ratis.ContainerStateMachine (ContainerStateMachine.java:loadSnapshot(226)) - group-DA2FC0BAC68B: The snapshot info is null. Setting the last applied indexto:(t:0, i:~)
2019-09-20 14:26:30,993 [pool-303-thread-1] INFO  server.RaftServerConfigKeys (ConfUtils.java:logGet(43)) - raft.server.leader.election.timeout = 120s (custom)
2019-09-20 14:26:30,993 [pool-303-thread-1] INFO  server.RaftServerConfigKeys (ConfUtils.java:logGet(43)) - raft.server.log.use.memory = false (default)
2019-09-20 14:26:30,994 [pool-303-thread-1] INFO  server.RaftServerConfigKeys (ConfUtils.java:logGet(43)) - raft.server.log.purge.gap = 1000000 (custom)
2019-09-20 14:26:30,994 [pool-303-thread-1] INFO  server.RaftServerConfigKeys (ConfUtils.java:logGet(43)) - raft.server.log.appender.buffer.byte-limit = 33554432 (custom)
2019-09-20 14:26:30,994 [pool-303-thread-1] INFO  server.RaftServerConfigKeys (ConfUtils.java:logGet(43)) - raft.server.log.segment.size.max = 1048576 (custom)
2019-09-20 14:26:30,994 [pool-303-thread-1] INFO  server.RaftServerConfigKeys (ConfUtils.java:logGet(43)) - raft.server.log.segment.cache.num.max = 2 (custom)
2019-09-20 14:26:30,994 [pool-303-thread-1] INFO  segmented.SegmentedRaftLogWorker (SegmentedRaftLogWorker.java:<init>(172)) - new 3d6cea60-fef1-4ae8-b4b1-1f18b9d50500-SegmentedRaftLogWorker:Storage Directory /workdir/hadoop-ozone/ozonefs/target/test-dir/MiniOzoneClusterImpl-338b8348-b083-46f4-a27e-fb8b70a40c3f/datanode-1/data/ratis/91461df3-94bb-404c-b6c5-da2fc0bac68b for RaftStorage:Storage Directory /workdir/hadoop-ozone/ozonefs/target/test-dir/MiniOzoneClusterImpl-338b8348-b083-46f4-a27e-fb8b70a40c3f/datanode-1/data/ratis/91461df3-94bb-404c-b6c5-da2fc0bac68b
2019-09-20 14:26:30,994 [pool-303-thread-1] INFO  server.RaftServerConfigKeys (ConfUtils.java:logGet(43)) - raft.server.log.queue.byte-limit = 2147483647 (custom)
2019-09-20 14:26:30,995 [pool-303-thread-1] INFO  server.RaftServerConfigKeys (ConfUtils.java:logGet(43)) - raft.server.log.queue.element-limit = 1024 (custom)
2019-09-20 14:26:30,995 [pool-303-thread-1] INFO  server.RaftServerConfigKeys (ConfUtils.java:logGet(43)) - raft.server.log.segment.size.max = 1048576 (custom)
2019-09-20 14:26:30,995 [pool-303-thread-1] INFO  server.RaftServerConfigKeys (ConfUtils.java:logGet(43)) - raft.server.log.preallocated.size = 16384 (custom)
2019-09-20 14:26:30,995 [pool-303-thread-1] INFO  server.RaftServerConfigKeys (ConfUtils.java:logGet(43)) - raft.server.log.write.buffer.size = 33554432 (custom)
2019-09-20 14:26:30,995 [pool-303-thread-1] INFO  server.RaftServerConfigKeys (ConfUtils.java:logGet(43)) - raft.server.log.force.sync.num = 128 (default)
2019-09-20 14:26:30,995 [pool-303-thread-1] INFO  server.RaftServerConfigKeys (ConfUtils.java:logGet(43)) - raft.server.log.statemachine.data.sync = true (default)
2019-09-20 14:26:30,996 [pool-303-thread-1] INFO  server.RaftServerConfigKeys (ConfUtils.java:logGet(43)) - raft.server.log.statemachine.data.sync.timeout = 10s (default)
2019-09-20 14:26:30,996 [pool-303-thread-1] INFO  server.RaftServerConfigKeys (ConfUtils.java:logGet(43)) - raft.server.log.statemachine.data.sync.timeout.retry = -1 (default)
2019-09-20 14:26:30,996 [pool-303-thread-1] INFO  server.RaftServerConfigKeys (ConfUtils.java:logGet(43)) - raft.server.log.statemachine.data.caching.enabled = true (custom)
2019-09-20 14:26:30,996 [pool-303-thread-1] INFO  segmented.SegmentedRaftLogWorker (SegmentedRaftLogWorker.java:lambda$new$0(132)) - 3d6cea60-fef1-4ae8-b4b1-1f18b9d50500-SegmentedRaftLogWorker:Storage Directory /workdir/hadoop-ozone/ozonefs/target/test-dir/MiniOzoneClusterImpl-338b8348-b083-46f4-a27e-fb8b70a40c3f/datanode-1/data/ratis/91461df3-94bb-404c-b6c5-da2fc0bac68b: flushIndex: setUnconditionally 0 -> -1
2019-09-20 14:26:30,997 [pool-303-thread-1] INFO  server.RaftServerConfigKeys (ConfUtils.java:logGet(43)) - raft.server.snapshot.auto.trigger.enabled = true (custom)
2019-09-20 14:26:30,997 [pool-303-thread-1] INFO  server.RaftServerConfigKeys (ConfUtils.java:logGet(43)) - raft.server.snapshot.auto.trigger.threshold = 10000 (custom)
2019-09-20 14:26:30,997 [pool-303-thread-1] INFO  server.RaftServerConfigKeys (ConfUtils.java:logGet(43)) - raft.server.retrycache.expirytime = 600000ms (custom)
2019-09-20 14:26:30,997 [pool-303-thread-1] INFO  impl.RaftServerImpl (RaftServerImpl.java:start(180)) - 3d6cea60-fef1-4ae8-b4b1-1f18b9d50500: start group-DA2FC0BAC68B
2019-09-20 14:26:30,997 [pool-303-thread-1] INFO  impl.RaftServerImpl (RaftServerImpl.java:setRole(171)) - 3d6cea60-fef1-4ae8-b4b1-1f18b9d50500:group-DA2FC0BAC68B changes role from null to FOLLOWER at term 0 for startAsFollower
2019-09-20 14:26:30,997 [pool-303-thread-1] INFO  impl.RoleInfo (RoleInfo.java:updateAndGet(143)) - 3d6cea60-fef1-4ae8-b4b1-1f18b9d50500: start FollowerState
2019-09-20 14:26:30,998 [pool-303-thread-1] INFO  util.JmxRegister (JmxRegister.java:tryRegister(44)) - Successfully registered JMX Bean with object name Ratis:service=RaftServer,group=group-DA2FC0BAC68B,id=3d6cea60-fef1-4ae8-b4b1-1f18b9d50500
2019-09-20 14:26:31,001 [RatisPipelineUtilsThread] INFO  pipeline.PipelineStateManager (PipelineStateManager.java:addPipeline(56)) - Created pipeline Pipeline[ Id: 91461df3-94bb-404c-b6c5-da2fc0bac68b, Nodes: 3d6cea60-fef1-4ae8-b4b1-1f18b9d50500{ip: 192.168.36.99, host: pr-hdds-1569-p5fx8-1226042367, networkLocation: /default-rack, certSerialId: null}, Type:RATIS, Factor:ONE, State:OPEN]
2019-09-20 14:26:31,001 [RatisPipelineUtilsThread] INFO  pipeline.PipelinePlacementPolicy (PipelinePlacementPolicy.java:meetCriteria(91)) - Pipeline Placement: Doesn't meet the criteria to be viable node： b39debcb-59eb-4ff3-9b06-894e333b5be6 Heaviness: 6 limit: 5
2019-09-20 14:26:31,007 [grpc-default-executor-0] INFO  impl.RaftServerProxy (RaftServerProxy.java:addNew(89)) - 3d6cea60-fef1-4ae8-b4b1-1f18b9d50500: addNew group-F15E953A3AD3:[3d6cea60-fef1-4ae8-b4b1-1f18b9d50500:192.168.36.99:38255] returns group-F15E953A3AD3:java.util.concurrent.CompletableFuture@49f125ae[Not completed]
2019-09-20 14:26:31,009 [pool-303-thread-1] INFO  impl.RaftServerImpl (RaftServerImpl.java:<init>(93)) - 3d6cea60-fef1-4ae8-b4b1-1f18b9d50500: new RaftServerImpl for group-F15E953A3AD3:[3d6cea60-fef1-4ae8-b4b1-1f18b9d50500:192.168.36.99:38255] with ContainerStateMachine:uninitialized
2019-09-20 14:26:31,009 [pool-303-thread-1] INFO  server.RaftServerConfigKeys (ConfUtils.java:logGet(43)) - raft.server.rpc.timeout.min = 5s (custom)
2019-09-20 14:26:31,010 [pool-303-thread-1] INFO  server.RaftServerConfigKeys (ConfUtils.java:logGet(43)) - raft.server.rpc.timeout.max = 5200ms (custom)
2019-09-20 14:26:31,010 [pool-303-thread-1] INFO  server.RaftServerConfigKeys (ConfUtils.java:logGet(43)) - raft.server.rpcslowness.timeout = 120s (custom)
2019-09-20 14:26:31,010 [pool-303-thread-1] INFO  server.RaftServerConfigKeys (ConfUtils.java:logGet(43)) - raft.server.sleep.deviation.threshold = 300 (default)
2019-09-20 14:26:31,010 [pool-303-thread-1] INFO  server.RaftServerConfigKeys (ConfUtils.java:logGet(43)) - raft.server.log.appender.install.snapshot.enabled = false (custom)
2019-09-20 14:26:31,010 [pool-303-thread-1] INFO  impl.RaftServerImpl (ServerState.java:<init>(105)) - 3d6cea60-fef1-4ae8-b4b1-1f18b9d50500:group-F15E953A3AD3 ConfigurationManager, init=-1: [3d6cea60-fef1-4ae8-b4b1-1f18b9d50500:192.168.36.99:38255], old=null, confs=<EMPTY_MAP>
2019-09-20 14:26:31,010 [pool-303-thread-1] INFO  server.RaftServerConfigKeys (ConfUtils.java:logGet(43)) - raft.server.storage.dir = [/workdir/hadoop-ozone/ozonefs/target/test-dir/MiniOzoneClusterImpl-338b8348-b083-46f4-a27e-fb8b70a40c3f/datanode-1/data/ratis] (custom)
2019-09-20 14:26:31,011 [pool-303-thread-1] INFO  storage.RaftStorageDirectory (RaftStorageDirectory.java:analyzeStorage(246)) - The storage directory /workdir/hadoop-ozone/ozonefs/target/test-dir/MiniOzoneClusterImpl-338b8348-b083-46f4-a27e-fb8b70a40c3f/datanode-1/data/ratis/29745b16-7180-43e9-82c0-f15e953a3ad3 does not exist. Creating ...
2019-09-20 14:26:31,035 [pool-303-thread-1] INFO  storage.RaftStorageDirectory (RaftStorageDirectory.java:tryLock(328)) - Lock on /workdir/hadoop-ozone/ozonefs/target/test-dir/MiniOzoneClusterImpl-338b8348-b083-46f4-a27e-fb8b70a40c3f/datanode-1/data/ratis/29745b16-7180-43e9-82c0-f15e953a3ad3/in_use.lock acquired by nodename 21669@pr-hdds-1569-p5fx8-1226042367
2019-09-20 14:26:31,068 [pool-303-thread-1] INFO  storage.RaftStorage (RaftStorage.java:format(72)) - Storage directory /workdir/hadoop-ozone/ozonefs/target/test-dir/MiniOzoneClusterImpl-338b8348-b083-46f4-a27e-fb8b70a40c3f/datanode-1/data/ratis/29745b16-7180-43e9-82c0-f15e953a3ad3 has been successfully formatted.
2019-09-20 14:26:31,069 [pool-303-thread-1] INFO  ratis.ContainerStateMachine (ContainerStateMachine.java:loadSnapshot(226)) - group-F15E953A3AD3: The snapshot info is null. Setting the last applied indexto:(t:0, i:~)
2019-09-20 14:26:31,069 [pool-303-thread-1] INFO  server.RaftServerConfigKeys (ConfUtils.java:logGet(43)) - raft.server.leader.election.timeout = 120s (custom)
2019-09-20 14:26:31,069 [pool-303-thread-1] INFO  server.RaftServerConfigKeys (ConfUtils.java:logGet(43)) - raft.server.log.use.memory = false (default)
2019-09-20 14:26:31,069 [pool-303-thread-1] INFO  server.RaftServerConfigKeys (ConfUtils.java:logGet(43)) - raft.server.log.purge.gap = 1000000 (custom)
2019-09-20 14:26:31,070 [pool-303-thread-1] INFO  server.RaftServerConfigKeys (ConfUtils.java:logGet(43)) - raft.server.log.appender.buffer.byte-limit = 33554432 (custom)
2019-09-20 14:26:31,070 [pool-303-thread-1] INFO  server.RaftServerConfigKeys (ConfUtils.java:logGet(43)) - raft.server.log.segment.size.max = 1048576 (custom)
2019-09-20 14:26:31,070 [pool-303-thread-1] INFO  server.RaftServerConfigKeys (ConfUtils.java:logGet(43)) - raft.server.log.segment.cache.num.max = 2 (custom)
2019-09-20 14:26:31,070 [pool-303-thread-1] INFO  segmented.SegmentedRaftLogWorker (SegmentedRaftLogWorker.java:<init>(172)) - new 3d6cea60-fef1-4ae8-b4b1-1f18b9d50500-SegmentedRaftLogWorker:Storage Directory /workdir/hadoop-ozone/ozonefs/target/test-dir/MiniOzoneClusterImpl-338b8348-b083-46f4-a27e-fb8b70a40c3f/datanode-1/data/ratis/29745b16-7180-43e9-82c0-f15e953a3ad3 for RaftStorage:Storage Directory /workdir/hadoop-ozone/ozonefs/target/test-dir/MiniOzoneClusterImpl-338b8348-b083-46f4-a27e-fb8b70a40c3f/datanode-1/data/ratis/29745b16-7180-43e9-82c0-f15e953a3ad3
2019-09-20 14:26:31,070 [pool-303-thread-1] INFO  server.RaftServerConfigKeys (ConfUtils.java:logGet(43)) - raft.server.log.queue.byte-limit = 2147483647 (custom)
2019-09-20 14:26:31,071 [pool-303-thread-1] INFO  server.RaftServerConfigKeys (ConfUtils.java:logGet(43)) - raft.server.log.queue.element-limit = 1024 (custom)
2019-09-20 14:26:31,071 [pool-303-thread-1] INFO  server.RaftServerConfigKeys (ConfUtils.java:logGet(43)) - raft.server.log.segment.size.max = 1048576 (custom)
2019-09-20 14:26:31,071 [pool-303-thread-1] INFO  server.RaftServerConfigKeys (ConfUtils.java:logGet(43)) - raft.server.log.preallocated.size = 16384 (custom)
2019-09-20 14:26:31,071 [pool-303-thread-1] INFO  server.RaftServerConfigKeys (ConfUtils.java:logGet(43)) - raft.server.log.write.buffer.size = 33554432 (custom)
2019-09-20 14:26:31,071 [pool-303-thread-1] INFO  server.RaftServerConfigKeys (ConfUtils.java:logGet(43)) - raft.server.log.force.sync.num = 128 (default)
2019-09-20 14:26:31,071 [pool-303-thread-1] INFO  server.RaftServerConfigKeys (ConfUtils.java:logGet(43)) - raft.server.log.statemachine.data.sync = true (default)
2019-09-20 14:26:31,072 [pool-303-thread-1] INFO  server.RaftServerConfigKeys (ConfUtils.java:logGet(43)) - raft.server.log.statemachine.data.sync.timeout = 10s (default)
2019-09-20 14:26:31,072 [pool-303-thread-1] INFO  server.RaftServerConfigKeys (ConfUtils.java:logGet(43)) - raft.server.log.statemachine.data.sync.timeout.retry = -1 (default)
2019-09-20 14:26:31,072 [pool-303-thread-1] INFO  server.RaftServerConfigKeys (ConfUtils.java:logGet(43)) - raft.server.log.statemachine.data.caching.enabled = true (custom)
2019-09-20 14:26:31,072 [pool-303-thread-1] INFO  segmented.SegmentedRaftLogWorker (SegmentedRaftLogWorker.java:lambda$new$0(132)) - 3d6cea60-fef1-4ae8-b4b1-1f18b9d50500-SegmentedRaftLogWorker:Storage Directory /workdir/hadoop-ozone/ozonefs/target/test-dir/MiniOzoneClusterImpl-338b8348-b083-46f4-a27e-fb8b70a40c3f/datanode-1/data/ratis/29745b16-7180-43e9-82c0-f15e953a3ad3: flushIndex: setUnconditionally 0 -> -1
2019-09-20 14:26:31,073 [pool-303-thread-1] INFO  server.RaftServerConfigKeys (ConfUtils.java:logGet(43)) - raft.server.snapshot.auto.trigger.enabled = true (custom)
2019-09-20 14:26:31,073 [pool-303-thread-1] INFO  server.RaftServerConfigKeys (ConfUtils.java:logGet(43)) - raft.server.snapshot.auto.trigger.threshold = 10000 (custom)
2019-09-20 14:26:31,073 [pool-303-thread-1] INFO  server.RaftServerConfigKeys (ConfUtils.java:logGet(43)) - raft.server.retrycache.expirytime = 600000ms (custom)
2019-09-20 14:26:31,073 [pool-303-thread-1] INFO  impl.RaftServerImpl (RaftServerImpl.java:start(180)) - 3d6cea60-fef1-4ae8-b4b1-1f18b9d50500: start group-F15E953A3AD3
2019-09-20 14:26:31,073 [pool-303-thread-1] INFO  impl.RaftServerImpl (RaftServerImpl.java:setRole(171)) - 3d6cea60-fef1-4ae8-b4b1-1f18b9d50500:group-F15E953A3AD3 changes role from null to FOLLOWER at term 0 for startAsFollower
2019-09-20 14:26:31,074 [pool-303-thread-1] INFO  impl.RoleInfo (RoleInfo.java:updateAndGet(143)) - 3d6cea60-fef1-4ae8-b4b1-1f18b9d50500: start FollowerState
2019-09-20 14:26:31,074 [pool-303-thread-1] INFO  util.JmxRegister (JmxRegister.java:tryRegister(44)) - Successfully registered JMX Bean with object name Ratis:service=RaftServer,group=group-F15E953A3AD3,id=3d6cea60-fef1-4ae8-b4b1-1f18b9d50500
2019-09-20 14:26:31,078 [RatisPipelineUtilsThread] INFO  pipeline.PipelineStateManager (PipelineStateManager.java:addPipeline(56)) - Created pipeline Pipeline[ Id: 29745b16-7180-43e9-82c0-f15e953a3ad3, Nodes: 3d6cea60-fef1-4ae8-b4b1-1f18b9d50500{ip: 192.168.36.99, host: pr-hdds-1569-p5fx8-1226042367, networkLocation: /default-rack, certSerialId: null}, Type:RATIS, Factor:ONE, State:OPEN]
2019-09-20 14:26:31,078 [RatisPipelineUtilsThread] INFO  pipeline.PipelinePlacementPolicy (PipelinePlacementPolicy.java:meetCriteria(91)) - Pipeline Placement: Doesn't meet the criteria to be viable node： 3d6cea60-fef1-4ae8-b4b1-1f18b9d50500 Heaviness: 6 limit: 5
2019-09-20 14:26:31,078 [RatisPipelineUtilsThread] INFO  pipeline.PipelinePlacementPolicy (PipelinePlacementPolicy.java:meetCriteria(91)) - Pipeline Placement: Doesn't meet the criteria to be viable node： b39debcb-59eb-4ff3-9b06-894e333b5be6 Heaviness: 6 limit: 5
2019-09-20 14:26:31,084 [grpc-default-executor-0] INFO  impl.RaftServerProxy (RaftServerProxy.java:addNew(89)) - 15297862-8e3d-471b-9ead-84c6fd00747d: addNew group-0B382704A0DF:[15297862-8e3d-471b-9ead-84c6fd00747d:192.168.36.99:41872] returns group-0B382704A0DF:java.util.concurrent.CompletableFuture@7c243272[Not completed]
2019-09-20 14:26:31,086 [pool-314-thread-1] INFO  impl.RaftServerImpl (RaftServerImpl.java:<init>(93)) - 15297862-8e3d-471b-9ead-84c6fd00747d: new RaftServerImpl for group-0B382704A0DF:[15297862-8e3d-471b-9ead-84c6fd00747d:192.168.36.99:41872] with ContainerStateMachine:uninitialized
2019-09-20 14:26:31,086 [pool-314-thread-1] INFO  server.RaftServerConfigKeys (ConfUtils.java:logGet(43)) - raft.server.rpc.timeout.min = 5s (custom)
2019-09-20 14:26:31,086 [pool-314-thread-1] INFO  server.RaftServerConfigKeys (ConfUtils.java:logGet(43)) - raft.server.rpc.timeout.max = 5200ms (custom)
2019-09-20 14:26:31,086 [pool-314-thread-1] INFO  server.RaftServerConfigKeys (ConfUtils.java:logGet(43)) - raft.server.rpcslowness.timeout = 120s (custom)
2019-09-20 14:26:31,086 [pool-314-thread-1] INFO  server.RaftServerConfigKeys (ConfUtils.java:logGet(43)) - raft.server.sleep.deviation.threshold = 300 (default)
2019-09-20 14:26:31,086 [pool-314-thread-1] INFO  server.RaftServerConfigKeys (ConfUtils.java:logGet(43)) - raft.server.log.appender.install.snapshot.enabled = false (custom)
2019-09-20 14:26:31,087 [pool-314-thread-1] INFO  impl.RaftServerImpl (ServerState.java:<init>(105)) - 15297862-8e3d-471b-9ead-84c6fd00747d:group-0B382704A0DF ConfigurationManager, init=-1: [15297862-8e3d-471b-9ead-84c6fd00747d:192.168.36.99:41872], old=null, confs=<EMPTY_MAP>
2019-09-20 14:26:31,087 [pool-314-thread-1] INFO  server.RaftServerConfigKeys (ConfUtils.java:logGet(43)) - raft.server.storage.dir = [/workdir/hadoop-ozone/ozonefs/target/test-dir/MiniOzoneClusterImpl-338b8348-b083-46f4-a27e-fb8b70a40c3f/datanode-2/data/ratis] (custom)
2019-09-20 14:26:31,087 [pool-314-thread-1] INFO  storage.RaftStorageDirectory (RaftStorageDirectory.java:analyzeStorage(246)) - The storage directory /workdir/hadoop-ozone/ozonefs/target/test-dir/MiniOzoneClusterImpl-338b8348-b083-46f4-a27e-fb8b70a40c3f/datanode-2/data/ratis/1b13da94-8265-41ac-b542-0b382704a0df does not exist. Creating ...
2019-09-20 14:26:31,102 [pool-314-thread-1] INFO  storage.RaftStorageDirectory (RaftStorageDirectory.java:tryLock(328)) - Lock on /workdir/hadoop-ozone/ozonefs/target/test-dir/MiniOzoneClusterImpl-338b8348-b083-46f4-a27e-fb8b70a40c3f/datanode-2/data/ratis/1b13da94-8265-41ac-b542-0b382704a0df/in_use.lock acquired by nodename 21669@pr-hdds-1569-p5fx8-1226042367
2019-09-20 14:26:31,119 [pool-314-thread-1] INFO  storage.RaftStorage (RaftStorage.java:format(72)) - Storage directory /workdir/hadoop-ozone/ozonefs/target/test-dir/MiniOzoneClusterImpl-338b8348-b083-46f4-a27e-fb8b70a40c3f/datanode-2/data/ratis/1b13da94-8265-41ac-b542-0b382704a0df has been successfully formatted.
2019-09-20 14:26:31,120 [pool-314-thread-1] INFO  ratis.ContainerStateMachine (ContainerStateMachine.java:loadSnapshot(226)) - group-0B382704A0DF: The snapshot info is null. Setting the last applied indexto:(t:0, i:~)
2019-09-20 14:26:31,120 [pool-314-thread-1] INFO  server.RaftServerConfigKeys (ConfUtils.java:logGet(43)) - raft.server.leader.election.timeout = 120s (custom)
2019-09-20 14:26:31,120 [pool-314-thread-1] INFO  server.RaftServerConfigKeys (ConfUtils.java:logGet(43)) - raft.server.log.use.memory = false (default)
2019-09-20 14:26:31,120 [pool-314-thread-1] INFO  server.RaftServerConfigKeys (ConfUtils.java:logGet(43)) - raft.server.log.purge.gap = 1000000 (custom)
2019-09-20 14:26:31,120 [pool-314-thread-1] INFO  server.RaftServerConfigKeys (ConfUtils.java:logGet(43)) - raft.server.log.appender.buffer.byte-limit = 33554432 (custom)
2019-09-20 14:26:31,120 [pool-314-thread-1] INFO  server.RaftServerConfigKeys (ConfUtils.java:logGet(43)) - raft.server.log.segment.size.max = 1048576 (custom)
2019-09-20 14:26:31,120 [pool-314-thread-1] INFO  server.RaftServerConfigKeys (ConfUtils.java:logGet(43)) - raft.server.log.segment.cache.num.max = 2 (custom)
2019-09-20 14:26:31,121 [pool-314-thread-1] INFO  segmented.SegmentedRaftLogWorker (SegmentedRaftLogWorker.java:<init>(172)) - new 15297862-8e3d-471b-9ead-84c6fd00747d-SegmentedRaftLogWorker:Storage Directory /workdir/hadoop-ozone/ozonefs/target/test-dir/MiniOzoneClusterImpl-338b8348-b083-46f4-a27e-fb8b70a40c3f/datanode-2/data/ratis/1b13da94-8265-41ac-b542-0b382704a0df for RaftStorage:Storage Directory /workdir/hadoop-ozone/ozonefs/target/test-dir/MiniOzoneClusterImpl-338b8348-b083-46f4-a27e-fb8b70a40c3f/datanode-2/data/ratis/1b13da94-8265-41ac-b542-0b382704a0df
2019-09-20 14:26:31,121 [pool-314-thread-1] INFO  server.RaftServerConfigKeys (ConfUtils.java:logGet(43)) - raft.server.log.queue.byte-limit = 2147483647 (custom)
2019-09-20 14:26:31,121 [pool-314-thread-1] INFO  server.RaftServerConfigKeys (ConfUtils.java:logGet(43)) - raft.server.log.queue.element-limit = 1024 (custom)
2019-09-20 14:26:31,121 [pool-314-thread-1] INFO  server.RaftServerConfigKeys (ConfUtils.java:logGet(43)) - raft.server.log.segment.size.max = 1048576 (custom)
2019-09-20 14:26:31,121 [pool-314-thread-1] INFO  server.RaftServerConfigKeys (ConfUtils.java:logGet(43)) - raft.server.log.preallocated.size = 16384 (custom)
2019-09-20 14:26:31,121 [pool-314-thread-1] INFO  server.RaftServerConfigKeys (ConfUtils.java:logGet(43)) - raft.server.log.write.buffer.size = 33554432 (custom)
2019-09-20 14:26:31,122 [pool-314-thread-1] INFO  server.RaftServerConfigKeys (ConfUtils.java:logGet(43)) - raft.server.log.force.sync.num = 128 (default)
2019-09-20 14:26:31,122 [pool-314-thread-1] INFO  server.RaftServerConfigKeys (ConfUtils.java:logGet(43)) - raft.server.log.statemachine.data.sync = true (default)
2019-09-20 14:26:31,122 [pool-314-thread-1] INFO  server.RaftServerConfigKeys (ConfUtils.java:logGet(43)) - raft.server.log.statemachine.data.sync.timeout = 10s (default)
2019-09-20 14:26:31,122 [pool-314-thread-1] INFO  server.RaftServerConfigKeys (ConfUtils.java:logGet(43)) - raft.server.log.statemachine.data.sync.timeout.retry = -1 (default)
2019-09-20 14:26:31,122 [pool-314-thread-1] INFO  server.RaftServerConfigKeys (ConfUtils.java:logGet(43)) - raft.server.log.statemachine.data.caching.enabled = true (custom)
2019-09-20 14:26:31,123 [pool-314-thread-1] INFO  segmented.SegmentedRaftLogWorker (SegmentedRaftLogWorker.java:lambda$new$0(132)) - 15297862-8e3d-471b-9ead-84c6fd00747d-SegmentedRaftLogWorker:Storage Directory /workdir/hadoop-ozone/ozonefs/target/test-dir/MiniOzoneClusterImpl-338b8348-b083-46f4-a27e-fb8b70a40c3f/datanode-2/data/ratis/1b13da94-8265-41ac-b542-0b382704a0df: flushIndex: setUnconditionally 0 -> -1
2019-09-20 14:26:31,123 [pool-314-thread-1] INFO  server.RaftServerConfigKeys (ConfUtils.java:logGet(43)) - raft.server.snapshot.auto.trigger.enabled = true (custom)
2019-09-20 14:26:31,123 [pool-314-thread-1] INFO  server.RaftServerConfigKeys (ConfUtils.java:logGet(43)) - raft.server.snapshot.auto.trigger.threshold = 10000 (custom)
2019-09-20 14:26:31,123 [pool-314-thread-1] INFO  server.RaftServerConfigKeys (ConfUtils.java:logGet(43)) - raft.server.retrycache.expirytime = 600000ms (custom)
2019-09-20 14:26:31,123 [pool-314-thread-1] INFO  impl.RaftServerImpl (RaftServerImpl.java:start(180)) - 15297862-8e3d-471b-9ead-84c6fd00747d: start group-0B382704A0DF
2019-09-20 14:26:31,124 [pool-314-thread-1] INFO  impl.RaftServerImpl (RaftServerImpl.java:setRole(171)) - 15297862-8e3d-471b-9ead-84c6fd00747d:group-0B382704A0DF changes role from null to FOLLOWER at term 0 for startAsFollower
2019-09-20 14:26:31,124 [pool-314-thread-1] INFO  impl.RoleInfo (RoleInfo.java:updateAndGet(143)) - 15297862-8e3d-471b-9ead-84c6fd00747d: start FollowerState
2019-09-20 14:26:31,124 [pool-314-thread-1] INFO  util.JmxRegister (JmxRegister.java:tryRegister(44)) - Successfully registered JMX Bean with object name Ratis:service=RaftServer,group=group-0B382704A0DF,id=15297862-8e3d-471b-9ead-84c6fd00747d
2019-09-20 14:26:31,127 [RatisPipelineUtilsThread] INFO  pipeline.PipelineStateManager (PipelineStateManager.java:addPipeline(56)) - Created pipeline Pipeline[ Id: 1b13da94-8265-41ac-b542-0b382704a0df, Nodes: 15297862-8e3d-471b-9ead-84c6fd00747d{ip: 192.168.36.99, host: pr-hdds-1569-p5fx8-1226042367, networkLocation: /default-rack, certSerialId: null}, Type:RATIS, Factor:ONE, State:OPEN]
2019-09-20 14:26:31,127 [RatisPipelineUtilsThread] INFO  pipeline.PipelinePlacementPolicy (PipelinePlacementPolicy.java:meetCriteria(91)) - Pipeline Placement: Doesn't meet the criteria to be viable node： 3d6cea60-fef1-4ae8-b4b1-1f18b9d50500 Heaviness: 6 limit: 5
2019-09-20 14:26:31,127 [RatisPipelineUtilsThread] INFO  pipeline.PipelinePlacementPolicy (PipelinePlacementPolicy.java:meetCriteria(91)) - Pipeline Placement: Doesn't meet the criteria to be viable node： b39debcb-59eb-4ff3-9b06-894e333b5be6 Heaviness: 6 limit: 5
2019-09-20 14:26:31,133 [grpc-default-executor-0] INFO  impl.RaftServerProxy (RaftServerProxy.java:addNew(89)) - 15297862-8e3d-471b-9ead-84c6fd00747d: addNew group-9E8F4775402D:[15297862-8e3d-471b-9ead-84c6fd00747d:192.168.36.99:41872] returns group-9E8F4775402D:java.util.concurrent.CompletableFuture@9166282[Not completed]
2019-09-20 14:26:31,134 [pool-314-thread-1] INFO  impl.RaftServerImpl (RaftServerImpl.java:<init>(93)) - 15297862-8e3d-471b-9ead-84c6fd00747d: new RaftServerImpl for group-9E8F4775402D:[15297862-8e3d-471b-9ead-84c6fd00747d:192.168.36.99:41872] with ContainerStateMachine:uninitialized
2019-09-20 14:26:31,134 [pool-314-thread-1] INFO  server.RaftServerConfigKeys (ConfUtils.java:logGet(43)) - raft.server.rpc.timeout.min = 5s (custom)
2019-09-20 14:26:31,134 [pool-314-thread-1] INFO  server.RaftServerConfigKeys (ConfUtils.java:logGet(43)) - raft.server.rpc.timeout.max = 5200ms (custom)
2019-09-20 14:26:31,134 [pool-314-thread-1] INFO  server.RaftServerConfigKeys (ConfUtils.java:logGet(43)) - raft.server.rpcslowness.timeout = 120s (custom)
2019-09-20 14:26:31,134 [pool-314-thread-1] INFO  server.RaftServerConfigKeys (ConfUtils.java:logGet(43)) - raft.server.sleep.deviation.threshold = 300 (default)
2019-09-20 14:26:31,134 [pool-314-thread-1] INFO  server.RaftServerConfigKeys (ConfUtils.java:logGet(43)) - raft.server.log.appender.install.snapshot.enabled = false (custom)
2019-09-20 14:26:31,134 [pool-314-thread-1] INFO  impl.RaftServerImpl (ServerState.java:<init>(105)) - 15297862-8e3d-471b-9ead-84c6fd00747d:group-9E8F4775402D ConfigurationManager, init=-1: [15297862-8e3d-471b-9ead-84c6fd00747d:192.168.36.99:41872], old=null, confs=<EMPTY_MAP>
2019-09-20 14:26:31,135 [pool-314-thread-1] INFO  server.RaftServerConfigKeys (ConfUtils.java:logGet(43)) - raft.server.storage.dir = [/workdir/hadoop-ozone/ozonefs/target/test-dir/MiniOzoneClusterImpl-338b8348-b083-46f4-a27e-fb8b70a40c3f/datanode-2/data/ratis] (custom)
2019-09-20 14:26:31,135 [pool-314-thread-1] INFO  storage.RaftStorageDirectory (RaftStorageDirectory.java:analyzeStorage(246)) - The storage directory /workdir/hadoop-ozone/ozonefs/target/test-dir/MiniOzoneClusterImpl-338b8348-b083-46f4-a27e-fb8b70a40c3f/datanode-2/data/ratis/898fa695-099b-41ca-b38f-9e8f4775402d does not exist. Creating ...
2019-09-20 14:26:31,153 [pool-314-thread-1] INFO  storage.RaftStorageDirectory (RaftStorageDirectory.java:tryLock(328)) - Lock on /workdir/hadoop-ozone/ozonefs/target/test-dir/MiniOzoneClusterImpl-338b8348-b083-46f4-a27e-fb8b70a40c3f/datanode-2/data/ratis/898fa695-099b-41ca-b38f-9e8f4775402d/in_use.lock acquired by nodename 21669@pr-hdds-1569-p5fx8-1226042367
2019-09-20 14:26:31,170 [pool-314-thread-1] INFO  storage.RaftStorage (RaftStorage.java:format(72)) - Storage directory /workdir/hadoop-ozone/ozonefs/target/test-dir/MiniOzoneClusterImpl-338b8348-b083-46f4-a27e-fb8b70a40c3f/datanode-2/data/ratis/898fa695-099b-41ca-b38f-9e8f4775402d has been successfully formatted.
2019-09-20 14:26:31,170 [pool-314-thread-1] INFO  ratis.ContainerStateMachine (ContainerStateMachine.java:loadSnapshot(226)) - group-9E8F4775402D: The snapshot info is null. Setting the last applied indexto:(t:0, i:~)
2019-09-20 14:26:31,170 [pool-314-thread-1] INFO  server.RaftServerConfigKeys (ConfUtils.java:logGet(43)) - raft.server.leader.election.timeout = 120s (custom)
2019-09-20 14:26:31,170 [pool-314-thread-1] INFO  server.RaftServerConfigKeys (ConfUtils.java:logGet(43)) - raft.server.log.use.memory = false (default)
2019-09-20 14:26:31,171 [pool-314-thread-1] INFO  server.RaftServerConfigKeys (ConfUtils.java:logGet(43)) - raft.server.log.purge.gap = 1000000 (custom)
2019-09-20 14:26:31,171 [pool-314-thread-1] INFO  server.RaftServerConfigKeys (ConfUtils.java:logGet(43)) - raft.server.log.appender.buffer.byte-limit = 33554432 (custom)
2019-09-20 14:26:31,171 [pool-314-thread-1] INFO  server.RaftServerConfigKeys (ConfUtils.java:logGet(43)) - raft.server.log.segment.size.max = 1048576 (custom)
2019-09-20 14:26:31,171 [pool-314-thread-1] INFO  server.RaftServerConfigKeys (ConfUtils.java:logGet(43)) - raft.server.log.segment.cache.num.max = 2 (custom)
2019-09-20 14:26:31,171 [pool-314-thread-1] INFO  segmented.SegmentedRaftLogWorker (SegmentedRaftLogWorker.java:<init>(172)) - new 15297862-8e3d-471b-9ead-84c6fd00747d-SegmentedRaftLogWorker:Storage Directory /workdir/hadoop-ozone/ozonefs/target/test-dir/MiniOzoneClusterImpl-338b8348-b083-46f4-a27e-fb8b70a40c3f/datanode-2/data/ratis/898fa695-099b-41ca-b38f-9e8f4775402d for RaftStorage:Storage Directory /workdir/hadoop-ozone/ozonefs/target/test-dir/MiniOzoneClusterImpl-338b8348-b083-46f4-a27e-fb8b70a40c3f/datanode-2/data/ratis/898fa695-099b-41ca-b38f-9e8f4775402d
2019-09-20 14:26:31,171 [pool-314-thread-1] INFO  server.RaftServerConfigKeys (ConfUtils.java:logGet(43)) - raft.server.log.queue.byte-limit = 2147483647 (custom)
2019-09-20 14:26:31,171 [pool-314-thread-1] INFO  server.RaftServerConfigKeys (ConfUtils.java:logGet(43)) - raft.server.log.queue.element-limit = 1024 (custom)
2019-09-20 14:26:31,172 [pool-314-thread-1] INFO  server.RaftServerConfigKeys (ConfUtils.java:logGet(43)) - raft.server.log.segment.size.max = 1048576 (custom)
2019-09-20 14:26:31,172 [pool-314-thread-1] INFO  server.RaftServerConfigKeys (ConfUtils.java:logGet(43)) - raft.server.log.preallocated.size = 16384 (custom)
2019-09-20 14:26:31,172 [pool-314-thread-1] INFO  server.RaftServerConfigKeys (ConfUtils.java:logGet(43)) - raft.server.log.write.buffer.size = 33554432 (custom)
2019-09-20 14:26:31,172 [pool-314-thread-1] INFO  server.RaftServerConfigKeys (ConfUtils.java:logGet(43)) - raft.server.log.force.sync.num = 128 (default)
2019-09-20 14:26:31,172 [pool-314-thread-1] INFO  server.RaftServerConfigKeys (ConfUtils.java:logGet(43)) - raft.server.log.statemachine.data.sync = true (default)
2019-09-20 14:26:31,172 [pool-314-thread-1] INFO  server.RaftServerConfigKeys (ConfUtils.java:logGet(43)) - raft.server.log.statemachine.data.sync.timeout = 10s (default)
2019-09-20 14:26:31,172 [pool-314-thread-1] INFO  server.RaftServerConfigKeys (ConfUtils.java:logGet(43)) - raft.server.log.statemachine.data.sync.timeout.retry = -1 (default)
2019-09-20 14:26:31,172 [pool-314-thread-1] INFO  server.RaftServerConfigKeys (ConfUtils.java:logGet(43)) - raft.server.log.statemachine.data.caching.enabled = true (custom)
2019-09-20 14:26:31,173 [pool-314-thread-1] INFO  segmented.SegmentedRaftLogWorker (SegmentedRaftLogWorker.java:lambda$new$0(132)) - 15297862-8e3d-471b-9ead-84c6fd00747d-SegmentedRaftLogWorker:Storage Directory /workdir/hadoop-ozone/ozonefs/target/test-dir/MiniOzoneClusterImpl-338b8348-b083-46f4-a27e-fb8b70a40c3f/datanode-2/data/ratis/898fa695-099b-41ca-b38f-9e8f4775402d: flushIndex: setUnconditionally 0 -> -1
2019-09-20 14:26:31,173 [pool-314-thread-1] INFO  server.RaftServerConfigKeys (ConfUtils.java:logGet(43)) - raft.server.snapshot.auto.trigger.enabled = true (custom)
2019-09-20 14:26:31,173 [pool-314-thread-1] INFO  server.RaftServerConfigKeys (ConfUtils.java:logGet(43)) - raft.server.snapshot.auto.trigger.threshold = 10000 (custom)
2019-09-20 14:26:31,173 [pool-314-thread-1] INFO  server.RaftServerConfigKeys (ConfUtils.java:logGet(43)) - raft.server.retrycache.expirytime = 600000ms (custom)
2019-09-20 14:26:31,174 [pool-314-thread-1] INFO  impl.RaftServerImpl (RaftServerImpl.java:start(180)) - 15297862-8e3d-471b-9ead-84c6fd00747d: start group-9E8F4775402D
2019-09-20 14:26:31,174 [pool-314-thread-1] INFO  impl.RaftServerImpl (RaftServerImpl.java:setRole(171)) - 15297862-8e3d-471b-9ead-84c6fd00747d:group-9E8F4775402D changes role from null to FOLLOWER at term 0 for startAsFollower
2019-09-20 14:26:31,174 [pool-314-thread-1] INFO  impl.RoleInfo (RoleInfo.java:updateAndGet(143)) - 15297862-8e3d-471b-9ead-84c6fd00747d: start FollowerState
2019-09-20 14:26:31,174 [pool-314-thread-1] INFO  util.JmxRegister (JmxRegister.java:tryRegister(44)) - Successfully registered JMX Bean with object name Ratis:service=RaftServer,group=group-9E8F4775402D,id=15297862-8e3d-471b-9ead-84c6fd00747d
2019-09-20 14:26:31,177 [RatisPipelineUtilsThread] INFO  pipeline.PipelineStateManager (PipelineStateManager.java:addPipeline(56)) - Created pipeline Pipeline[ Id: 898fa695-099b-41ca-b38f-9e8f4775402d, Nodes: 15297862-8e3d-471b-9ead-84c6fd00747d{ip: 192.168.36.99, host: pr-hdds-1569-p5fx8-1226042367, networkLocation: /default-rack, certSerialId: null}, Type:RATIS, Factor:ONE, State:OPEN]
2019-09-20 14:26:31,177 [RatisPipelineUtilsThread] INFO  pipeline.PipelinePlacementPolicy (PipelinePlacementPolicy.java:meetCriteria(91)) - Pipeline Placement: Doesn't meet the criteria to be viable node： 3d6cea60-fef1-4ae8-b4b1-1f18b9d50500 Heaviness: 6 limit: 5
2019-09-20 14:26:31,177 [RatisPipelineUtilsThread] INFO  pipeline.PipelinePlacementPolicy (PipelinePlacementPolicy.java:meetCriteria(91)) - Pipeline Placement: Doesn't meet the criteria to be viable node： b39debcb-59eb-4ff3-9b06-894e333b5be6 Heaviness: 6 limit: 5
2019-09-20 14:26:31,182 [grpc-default-executor-0] INFO  impl.RaftServerProxy (RaftServerProxy.java:addNew(89)) - 15297862-8e3d-471b-9ead-84c6fd00747d: addNew group-88D912C5D544:[15297862-8e3d-471b-9ead-84c6fd00747d:192.168.36.99:41872] returns group-88D912C5D544:java.util.concurrent.CompletableFuture@b6d5aef[Not completed]
2019-09-20 14:26:31,183 [pool-314-thread-1] INFO  impl.RaftServerImpl (RaftServerImpl.java:<init>(93)) - 15297862-8e3d-471b-9ead-84c6fd00747d: new RaftServerImpl for group-88D912C5D544:[15297862-8e3d-471b-9ead-84c6fd00747d:192.168.36.99:41872] with ContainerStateMachine:uninitialized
2019-09-20 14:26:31,183 [pool-314-thread-1] INFO  server.RaftServerConfigKeys (ConfUtils.java:logGet(43)) - raft.server.rpc.timeout.min = 5s (custom)
2019-09-20 14:26:31,183 [pool-314-thread-1] INFO  server.RaftServerConfigKeys (ConfUtils.java:logGet(43)) - raft.server.rpc.timeout.max = 5200ms (custom)
2019-09-20 14:26:31,183 [pool-314-thread-1] INFO  server.RaftServerConfigKeys (ConfUtils.java:logGet(43)) - raft.server.rpcslowness.timeout = 120s (custom)
2019-09-20 14:26:31,183 [pool-314-thread-1] INFO  server.RaftServerConfigKeys (ConfUtils.java:logGet(43)) - raft.server.sleep.deviation.threshold = 300 (default)
2019-09-20 14:26:31,183 [pool-314-thread-1] INFO  server.RaftServerConfigKeys (ConfUtils.java:logGet(43)) - raft.server.log.appender.install.snapshot.enabled = false (custom)
2019-09-20 14:26:31,183 [pool-314-thread-1] INFO  impl.RaftServerImpl (ServerState.java:<init>(105)) - 15297862-8e3d-471b-9ead-84c6fd00747d:group-88D912C5D544 ConfigurationManager, init=-1: [15297862-8e3d-471b-9ead-84c6fd00747d:192.168.36.99:41872], old=null, confs=<EMPTY_MAP>
2019-09-20 14:26:31,184 [pool-314-thread-1] INFO  server.RaftServerConfigKeys (ConfUtils.java:logGet(43)) - raft.server.storage.dir = [/workdir/hadoop-ozone/ozonefs/target/test-dir/MiniOzoneClusterImpl-338b8348-b083-46f4-a27e-fb8b70a40c3f/datanode-2/data/ratis] (custom)
2019-09-20 14:26:31,184 [pool-314-thread-1] INFO  storage.RaftStorageDirectory (RaftStorageDirectory.java:analyzeStorage(246)) - The storage directory /workdir/hadoop-ozone/ozonefs/target/test-dir/MiniOzoneClusterImpl-338b8348-b083-46f4-a27e-fb8b70a40c3f/datanode-2/data/ratis/2754d931-5aa4-490e-8ad5-88d912c5d544 does not exist. Creating ...
2019-09-20 14:26:31,205 [pool-314-thread-1] INFO  storage.RaftStorageDirectory (RaftStorageDirectory.java:tryLock(328)) - Lock on /workdir/hadoop-ozone/ozonefs/target/test-dir/MiniOzoneClusterImpl-338b8348-b083-46f4-a27e-fb8b70a40c3f/datanode-2/data/ratis/2754d931-5aa4-490e-8ad5-88d912c5d544/in_use.lock acquired by nodename 21669@pr-hdds-1569-p5fx8-1226042367
2019-09-20 14:26:31,230 [pool-314-thread-1] INFO  storage.RaftStorage (RaftStorage.java:format(72)) - Storage directory /workdir/hadoop-ozone/ozonefs/target/test-dir/MiniOzoneClusterImpl-338b8348-b083-46f4-a27e-fb8b70a40c3f/datanode-2/data/ratis/2754d931-5aa4-490e-8ad5-88d912c5d544 has been successfully formatted.
2019-09-20 14:26:31,230 [pool-314-thread-1] INFO  ratis.ContainerStateMachine (ContainerStateMachine.java:loadSnapshot(226)) - group-88D912C5D544: The snapshot info is null. Setting the last applied indexto:(t:0, i:~)
2019-09-20 14:26:31,230 [pool-314-thread-1] INFO  server.RaftServerConfigKeys (ConfUtils.java:logGet(43)) - raft.server.leader.election.timeout = 120s (custom)
2019-09-20 14:26:31,231 [pool-314-thread-1] INFO  server.RaftServerConfigKeys (ConfUtils.java:logGet(43)) - raft.server.log.use.memory = false (default)
2019-09-20 14:26:31,231 [pool-314-thread-1] INFO  server.RaftServerConfigKeys (ConfUtils.java:logGet(43)) - raft.server.log.purge.gap = 1000000 (custom)
2019-09-20 14:26:31,231 [pool-314-thread-1] INFO  server.RaftServerConfigKeys (ConfUtils.java:logGet(43)) - raft.server.log.appender.buffer.byte-limit = 33554432 (custom)
2019-09-20 14:26:31,231 [pool-314-thread-1] INFO  server.RaftServerConfigKeys (ConfUtils.java:logGet(43)) - raft.server.log.segment.size.max = 1048576 (custom)
2019-09-20 14:26:31,231 [pool-314-thread-1] INFO  server.RaftServerConfigKeys (ConfUtils.java:logGet(43)) - raft.server.log.segment.cache.num.max = 2 (custom)
2019-09-20 14:26:31,231 [pool-314-thread-1] INFO  segmented.SegmentedRaftLogWorker (SegmentedRaftLogWorker.java:<init>(172)) - new 15297862-8e3d-471b-9ead-84c6fd00747d-SegmentedRaftLogWorker:Storage Directory /workdir/hadoop-ozone/ozonefs/target/test-dir/MiniOzoneClusterImpl-338b8348-b083-46f4-a27e-fb8b70a40c3f/datanode-2/data/ratis/2754d931-5aa4-490e-8ad5-88d912c5d544 for RaftStorage:Storage Directory /workdir/hadoop-ozone/ozonefs/target/test-dir/MiniOzoneClusterImpl-338b8348-b083-46f4-a27e-fb8b70a40c3f/datanode-2/data/ratis/2754d931-5aa4-490e-8ad5-88d912c5d544
2019-09-20 14:26:31,231 [pool-314-thread-1] INFO  server.RaftServerConfigKeys (ConfUtils.java:logGet(43)) - raft.server.log.queue.byte-limit = 2147483647 (custom)
2019-09-20 14:26:31,231 [pool-314-thread-1] INFO  server.RaftServerConfigKeys (ConfUtils.java:logGet(43)) - raft.server.log.queue.element-limit = 1024 (custom)
2019-09-20 14:26:31,232 [pool-314-thread-1] INFO  server.RaftServerConfigKeys (ConfUtils.java:logGet(43)) - raft.server.log.segment.size.max = 1048576 (custom)
2019-09-20 14:26:31,232 [pool-314-thread-1] INFO  server.RaftServerConfigKeys (ConfUtils.java:logGet(43)) - raft.server.log.preallocated.size = 16384 (custom)
2019-09-20 14:26:31,232 [pool-314-thread-1] INFO  server.RaftServerConfigKeys (ConfUtils.java:logGet(43)) - raft.server.log.write.buffer.size = 33554432 (custom)
2019-09-20 14:26:31,232 [pool-314-thread-1] INFO  server.RaftServerConfigKeys (ConfUtils.java:logGet(43)) - raft.server.log.force.sync.num = 128 (default)
2019-09-20 14:26:31,232 [pool-314-thread-1] INFO  server.RaftServerConfigKeys (ConfUtils.java:logGet(43)) - raft.server.log.statemachine.data.sync = true (default)
2019-09-20 14:26:31,232 [pool-314-thread-1] INFO  server.RaftServerConfigKeys (ConfUtils.java:logGet(43)) - raft.server.log.statemachine.data.sync.timeout = 10s (default)
2019-09-20 14:26:31,232 [pool-314-thread-1] INFO  server.RaftServerConfigKeys (ConfUtils.java:logGet(43)) - raft.server.log.statemachine.data.sync.timeout.retry = -1 (default)
2019-09-20 14:26:31,233 [pool-314-thread-1] INFO  server.RaftServerConfigKeys (ConfUtils.java:logGet(43)) - raft.server.log.statemachine.data.caching.enabled = true (custom)
2019-09-20 14:26:31,233 [pool-314-thread-1] INFO  segmented.SegmentedRaftLogWorker (SegmentedRaftLogWorker.java:lambda$new$0(132)) - 15297862-8e3d-471b-9ead-84c6fd00747d-SegmentedRaftLogWorker:Storage Directory /workdir/hadoop-ozone/ozonefs/target/test-dir/MiniOzoneClusterImpl-338b8348-b083-46f4-a27e-fb8b70a40c3f/datanode-2/data/ratis/2754d931-5aa4-490e-8ad5-88d912c5d544: flushIndex: setUnconditionally 0 -> -1
2019-09-20 14:26:31,233 [pool-314-thread-1] INFO  server.RaftServerConfigKeys (ConfUtils.java:logGet(43)) - raft.server.snapshot.auto.trigger.enabled = true (custom)
2019-09-20 14:26:31,233 [pool-314-thread-1] INFO  server.RaftServerConfigKeys (ConfUtils.java:logGet(43)) - raft.server.snapshot.auto.trigger.threshold = 10000 (custom)
2019-09-20 14:26:31,233 [pool-314-thread-1] INFO  server.RaftServerConfigKeys (ConfUtils.java:logGet(43)) - raft.server.retrycache.expirytime = 600000ms (custom)
2019-09-20 14:26:31,234 [pool-314-thread-1] INFO  impl.RaftServerImpl (RaftServerImpl.java:start(180)) - 15297862-8e3d-471b-9ead-84c6fd00747d: start group-88D912C5D544
2019-09-20 14:26:31,234 [pool-314-thread-1] INFO  impl.RaftServerImpl (RaftServerImpl.java:setRole(171)) - 15297862-8e3d-471b-9ead-84c6fd00747d:group-88D912C5D544 changes role from null to FOLLOWER at term 0 for startAsFollower
2019-09-20 14:26:31,234 [pool-314-thread-1] INFO  impl.RoleInfo (RoleInfo.java:updateAndGet(143)) - 15297862-8e3d-471b-9ead-84c6fd00747d: start FollowerState
2019-09-20 14:26:31,234 [pool-314-thread-1] INFO  util.JmxRegister (JmxRegister.java:tryRegister(44)) - Successfully registered JMX Bean with object name Ratis:service=RaftServer,group=group-88D912C5D544,id=15297862-8e3d-471b-9ead-84c6fd00747d
2019-09-20 14:26:31,237 [RatisPipelineUtilsThread] INFO  pipeline.PipelineStateManager (PipelineStateManager.java:addPipeline(56)) - Created pipeline Pipeline[ Id: 2754d931-5aa4-490e-8ad5-88d912c5d544, Nodes: 15297862-8e3d-471b-9ead-84c6fd00747d{ip: 192.168.36.99, host: pr-hdds-1569-p5fx8-1226042367, networkLocation: /default-rack, certSerialId: null}, Type:RATIS, Factor:ONE, State:OPEN]
2019-09-20 14:26:31,237 [RatisPipelineUtilsThread] INFO  pipeline.PipelinePlacementPolicy (PipelinePlacementPolicy.java:meetCriteria(91)) - Pipeline Placement: Doesn't meet the criteria to be viable node： 3d6cea60-fef1-4ae8-b4b1-1f18b9d50500 Heaviness: 6 limit: 5
2019-09-20 14:26:31,237 [RatisPipelineUtilsThread] INFO  pipeline.PipelinePlacementPolicy (PipelinePlacementPolicy.java:meetCriteria(91)) - Pipeline Placement: Doesn't meet the criteria to be viable node： b39debcb-59eb-4ff3-9b06-894e333b5be6 Heaviness: 6 limit: 5
2019-09-20 14:26:31,243 [grpc-default-executor-0] INFO  impl.RaftServerProxy (RaftServerProxy.java:addNew(89)) - 15297862-8e3d-471b-9ead-84c6fd00747d: addNew group-F05286A0B5AA:[15297862-8e3d-471b-9ead-84c6fd00747d:192.168.36.99:41872] returns group-F05286A0B5AA:java.util.concurrent.CompletableFuture@2fd39335[Not completed]
2019-09-20 14:26:31,244 [pool-314-thread-1] INFO  impl.RaftServerImpl (RaftServerImpl.java:<init>(93)) - 15297862-8e3d-471b-9ead-84c6fd00747d: new RaftServerImpl for group-F05286A0B5AA:[15297862-8e3d-471b-9ead-84c6fd00747d:192.168.36.99:41872] with ContainerStateMachine:uninitialized
2019-09-20 14:26:31,244 [pool-314-thread-1] INFO  server.RaftServerConfigKeys (ConfUtils.java:logGet(43)) - raft.server.rpc.timeout.min = 5s (custom)
2019-09-20 14:26:31,244 [pool-314-thread-1] INFO  server.RaftServerConfigKeys (ConfUtils.java:logGet(43)) - raft.server.rpc.timeout.max = 5200ms (custom)
2019-09-20 14:26:31,244 [pool-314-thread-1] INFO  server.RaftServerConfigKeys (ConfUtils.java:logGet(43)) - raft.server.rpcslowness.timeout = 120s (custom)
2019-09-20 14:26:31,244 [pool-314-thread-1] INFO  server.RaftServerConfigKeys (ConfUtils.java:logGet(43)) - raft.server.sleep.deviation.threshold = 300 (default)
2019-09-20 14:26:31,244 [pool-314-thread-1] INFO  server.RaftServerConfigKeys (ConfUtils.java:logGet(43)) - raft.server.log.appender.install.snapshot.enabled = false (custom)
2019-09-20 14:26:31,244 [pool-314-thread-1] INFO  impl.RaftServerImpl (ServerState.java:<init>(105)) - 15297862-8e3d-471b-9ead-84c6fd00747d:group-F05286A0B5AA ConfigurationManager, init=-1: [15297862-8e3d-471b-9ead-84c6fd00747d:192.168.36.99:41872], old=null, confs=<EMPTY_MAP>
2019-09-20 14:26:31,244 [pool-314-thread-1] INFO  server.RaftServerConfigKeys (ConfUtils.java:logGet(43)) - raft.server.storage.dir = [/workdir/hadoop-ozone/ozonefs/target/test-dir/MiniOzoneClusterImpl-338b8348-b083-46f4-a27e-fb8b70a40c3f/datanode-2/data/ratis] (custom)
2019-09-20 14:26:31,245 [pool-314-thread-1] INFO  storage.RaftStorageDirectory (RaftStorageDirectory.java:analyzeStorage(246)) - The storage directory /workdir/hadoop-ozone/ozonefs/target/test-dir/MiniOzoneClusterImpl-338b8348-b083-46f4-a27e-fb8b70a40c3f/datanode-2/data/ratis/e44fc052-5e2b-42d1-a130-f05286a0b5aa does not exist. Creating ...
2019-09-20 14:26:31,264 [pool-314-thread-1] INFO  storage.RaftStorageDirectory (RaftStorageDirectory.java:tryLock(328)) - Lock on /workdir/hadoop-ozone/ozonefs/target/test-dir/MiniOzoneClusterImpl-338b8348-b083-46f4-a27e-fb8b70a40c3f/datanode-2/data/ratis/e44fc052-5e2b-42d1-a130-f05286a0b5aa/in_use.lock acquired by nodename 21669@pr-hdds-1569-p5fx8-1226042367
2019-09-20 14:26:31,281 [pool-314-thread-1] INFO  storage.RaftStorage (RaftStorage.java:format(72)) - Storage directory /workdir/hadoop-ozone/ozonefs/target/test-dir/MiniOzoneClusterImpl-338b8348-b083-46f4-a27e-fb8b70a40c3f/datanode-2/data/ratis/e44fc052-5e2b-42d1-a130-f05286a0b5aa has been successfully formatted.
2019-09-20 14:26:31,281 [pool-314-thread-1] INFO  ratis.ContainerStateMachine (ContainerStateMachine.java:loadSnapshot(226)) - group-F05286A0B5AA: The snapshot info is null. Setting the last applied indexto:(t:0, i:~)
2019-09-20 14:26:31,281 [pool-314-thread-1] INFO  server.RaftServerConfigKeys (ConfUtils.java:logGet(43)) - raft.server.leader.election.timeout = 120s (custom)
2019-09-20 14:26:31,281 [pool-314-thread-1] INFO  server.RaftServerConfigKeys (ConfUtils.java:logGet(43)) - raft.server.log.use.memory = false (default)
2019-09-20 14:26:31,281 [pool-314-thread-1] INFO  server.RaftServerConfigKeys (ConfUtils.java:logGet(43)) - raft.server.log.purge.gap = 1000000 (custom)
2019-09-20 14:26:31,282 [pool-314-thread-1] INFO  server.RaftServerConfigKeys (ConfUtils.java:logGet(43)) - raft.server.log.appender.buffer.byte-limit = 33554432 (custom)
2019-09-20 14:26:31,282 [pool-314-thread-1] INFO  server.RaftServerConfigKeys (ConfUtils.java:logGet(43)) - raft.server.log.segment.size.max = 1048576 (custom)
2019-09-20 14:26:31,282 [pool-314-thread-1] INFO  server.RaftServerConfigKeys (ConfUtils.java:logGet(43)) - raft.server.log.segment.cache.num.max = 2 (custom)
2019-09-20 14:26:31,282 [pool-314-thread-1] INFO  segmented.SegmentedRaftLogWorker (SegmentedRaftLogWorker.java:<init>(172)) - new 15297862-8e3d-471b-9ead-84c6fd00747d-SegmentedRaftLogWorker:Storage Directory /workdir/hadoop-ozone/ozonefs/target/test-dir/MiniOzoneClusterImpl-338b8348-b083-46f4-a27e-fb8b70a40c3f/datanode-2/data/ratis/e44fc052-5e2b-42d1-a130-f05286a0b5aa for RaftStorage:Storage Directory /workdir/hadoop-ozone/ozonefs/target/test-dir/MiniOzoneClusterImpl-338b8348-b083-46f4-a27e-fb8b70a40c3f/datanode-2/data/ratis/e44fc052-5e2b-42d1-a130-f05286a0b5aa
2019-09-20 14:26:31,282 [pool-314-thread-1] INFO  server.RaftServerConfigKeys (ConfUtils.java:logGet(43)) - raft.server.log.queue.byte-limit = 2147483647 (custom)
2019-09-20 14:26:31,282 [pool-314-thread-1] INFO  server.RaftServerConfigKeys (ConfUtils.java:logGet(43)) - raft.server.log.queue.element-limit = 1024 (custom)
2019-09-20 14:26:31,282 [pool-314-thread-1] INFO  server.RaftServerConfigKeys (ConfUtils.java:logGet(43)) - raft.server.log.segment.size.max = 1048576 (custom)
2019-09-20 14:26:31,282 [pool-314-thread-1] INFO  server.RaftServerConfigKeys (ConfUtils.java:logGet(43)) - raft.server.log.preallocated.size = 16384 (custom)
2019-09-20 14:26:31,283 [pool-314-thread-1] INFO  server.RaftServerConfigKeys (ConfUtils.java:logGet(43)) - raft.server.log.write.buffer.size = 33554432 (custom)
2019-09-20 14:26:31,283 [pool-314-thread-1] INFO  server.RaftServerConfigKeys (ConfUtils.java:logGet(43)) - raft.server.log.force.sync.num = 128 (default)
2019-09-20 14:26:31,283 [pool-314-thread-1] INFO  server.RaftServerConfigKeys (ConfUtils.java:logGet(43)) - raft.server.log.statemachine.data.sync = true (default)
2019-09-20 14:26:31,283 [pool-314-thread-1] INFO  server.RaftServerConfigKeys (ConfUtils.java:logGet(43)) - raft.server.log.statemachine.data.sync.timeout = 10s (default)
2019-09-20 14:26:31,283 [pool-314-thread-1] INFO  server.RaftServerConfigKeys (ConfUtils.java:logGet(43)) - raft.server.log.statemachine.data.sync.timeout.retry = -1 (default)
2019-09-20 14:26:31,283 [pool-314-thread-1] INFO  server.RaftServerConfigKeys (ConfUtils.java:logGet(43)) - raft.server.log.statemachine.data.caching.enabled = true (custom)
2019-09-20 14:26:31,283 [pool-314-thread-1] INFO  segmented.SegmentedRaftLogWorker (SegmentedRaftLogWorker.java:lambda$new$0(132)) - 15297862-8e3d-471b-9ead-84c6fd00747d-SegmentedRaftLogWorker:Storage Directory /workdir/hadoop-ozone/ozonefs/target/test-dir/MiniOzoneClusterImpl-338b8348-b083-46f4-a27e-fb8b70a40c3f/datanode-2/data/ratis/e44fc052-5e2b-42d1-a130-f05286a0b5aa: flushIndex: setUnconditionally 0 -> -1
2019-09-20 14:26:31,284 [pool-314-thread-1] INFO  server.RaftServerConfigKeys (ConfUtils.java:logGet(43)) - raft.server.snapshot.auto.trigger.enabled = true (custom)
2019-09-20 14:26:31,284 [pool-314-thread-1] INFO  server.RaftServerConfigKeys (ConfUtils.java:logGet(43)) - raft.server.snapshot.auto.trigger.threshold = 10000 (custom)
2019-09-20 14:26:31,284 [pool-314-thread-1] INFO  server.RaftServerConfigKeys (ConfUtils.java:logGet(43)) - raft.server.retrycache.expirytime = 600000ms (custom)
2019-09-20 14:26:31,284 [pool-314-thread-1] INFO  impl.RaftServerImpl (RaftServerImpl.java:start(180)) - 15297862-8e3d-471b-9ead-84c6fd00747d: start group-F05286A0B5AA
2019-09-20 14:26:31,284 [pool-314-thread-1] INFO  impl.RaftServerImpl (RaftServerImpl.java:setRole(171)) - 15297862-8e3d-471b-9ead-84c6fd00747d:group-F05286A0B5AA changes role from null to FOLLOWER at term 0 for startAsFollower
2019-09-20 14:26:31,284 [pool-314-thread-1] INFO  impl.RoleInfo (RoleInfo.java:updateAndGet(143)) - 15297862-8e3d-471b-9ead-84c6fd00747d: start FollowerState
2019-09-20 14:26:31,285 [pool-314-thread-1] INFO  util.JmxRegister (JmxRegister.java:tryRegister(44)) - Successfully registered JMX Bean with object name Ratis:service=RaftServer,group=group-F05286A0B5AA,id=15297862-8e3d-471b-9ead-84c6fd00747d
2019-09-20 14:26:31,288 [RatisPipelineUtilsThread] INFO  pipeline.PipelineStateManager (PipelineStateManager.java:addPipeline(56)) - Created pipeline Pipeline[ Id: e44fc052-5e2b-42d1-a130-f05286a0b5aa, Nodes: 15297862-8e3d-471b-9ead-84c6fd00747d{ip: 192.168.36.99, host: pr-hdds-1569-p5fx8-1226042367, networkLocation: /default-rack, certSerialId: null}, Type:RATIS, Factor:ONE, State:OPEN]
2019-09-20 14:26:31,289 [RatisPipelineUtilsThread] INFO  pipeline.PipelinePlacementPolicy (PipelinePlacementPolicy.java:meetCriteria(91)) - Pipeline Placement: Doesn't meet the criteria to be viable node： 3d6cea60-fef1-4ae8-b4b1-1f18b9d50500 Heaviness: 6 limit: 5
2019-09-20 14:26:31,289 [RatisPipelineUtilsThread] INFO  pipeline.PipelinePlacementPolicy (PipelinePlacementPolicy.java:meetCriteria(91)) - Pipeline Placement: Doesn't meet the criteria to be viable node： b39debcb-59eb-4ff3-9b06-894e333b5be6 Heaviness: 6 limit: 5
2019-09-20 14:26:31,295 [grpc-default-executor-0] INFO  impl.RaftServerProxy (RaftServerProxy.java:addNew(89)) - 15297862-8e3d-471b-9ead-84c6fd00747d: addNew group-20F35A9807CC:[15297862-8e3d-471b-9ead-84c6fd00747d:192.168.36.99:41872] returns group-20F35A9807CC:java.util.concurrent.CompletableFuture@22cc93b2[Not completed]
2019-09-20 14:26:31,296 [pool-314-thread-1] INFO  impl.RaftServerImpl (RaftServerImpl.java:<init>(93)) - 15297862-8e3d-471b-9ead-84c6fd00747d: new RaftServerImpl for group-20F35A9807CC:[15297862-8e3d-471b-9ead-84c6fd00747d:192.168.36.99:41872] with ContainerStateMachine:uninitialized
2019-09-20 14:26:31,296 [pool-314-thread-1] INFO  server.RaftServerConfigKeys (ConfUtils.java:logGet(43)) - raft.server.rpc.timeout.min = 5s (custom)
2019-09-20 14:26:31,296 [pool-314-thread-1] INFO  server.RaftServerConfigKeys (ConfUtils.java:logGet(43)) - raft.server.rpc.timeout.max = 5200ms (custom)
2019-09-20 14:26:31,296 [pool-314-thread-1] INFO  server.RaftServerConfigKeys (ConfUtils.java:logGet(43)) - raft.server.rpcslowness.timeout = 120s (custom)
2019-09-20 14:26:31,296 [pool-314-thread-1] INFO  server.RaftServerConfigKeys (ConfUtils.java:logGet(43)) - raft.server.sleep.deviation.threshold = 300 (default)
2019-09-20 14:26:31,297 [pool-314-thread-1] INFO  server.RaftServerConfigKeys (ConfUtils.java:logGet(43)) - raft.server.log.appender.install.snapshot.enabled = false (custom)
2019-09-20 14:26:31,297 [pool-314-thread-1] INFO  impl.RaftServerImpl (ServerState.java:<init>(105)) - 15297862-8e3d-471b-9ead-84c6fd00747d:group-20F35A9807CC ConfigurationManager, init=-1: [15297862-8e3d-471b-9ead-84c6fd00747d:192.168.36.99:41872], old=null, confs=<EMPTY_MAP>
2019-09-20 14:26:31,297 [pool-314-thread-1] INFO  server.RaftServerConfigKeys (ConfUtils.java:logGet(43)) - raft.server.storage.dir = [/workdir/hadoop-ozone/ozonefs/target/test-dir/MiniOzoneClusterImpl-338b8348-b083-46f4-a27e-fb8b70a40c3f/datanode-2/data/ratis] (custom)
2019-09-20 14:26:31,297 [pool-314-thread-1] INFO  storage.RaftStorageDirectory (RaftStorageDirectory.java:analyzeStorage(246)) - The storage directory /workdir/hadoop-ozone/ozonefs/target/test-dir/MiniOzoneClusterImpl-338b8348-b083-46f4-a27e-fb8b70a40c3f/datanode-2/data/ratis/be409927-b147-4c16-89ed-20f35a9807cc does not exist. Creating ...
2019-09-20 14:26:31,314 [pool-314-thread-1] INFO  storage.RaftStorageDirectory (RaftStorageDirectory.java:tryLock(328)) - Lock on /workdir/hadoop-ozone/ozonefs/target/test-dir/MiniOzoneClusterImpl-338b8348-b083-46f4-a27e-fb8b70a40c3f/datanode-2/data/ratis/be409927-b147-4c16-89ed-20f35a9807cc/in_use.lock acquired by nodename 21669@pr-hdds-1569-p5fx8-1226042367
2019-09-20 14:26:31,365 [pool-314-thread-1] INFO  storage.RaftStorage (RaftStorage.java:format(72)) - Storage directory /workdir/hadoop-ozone/ozonefs/target/test-dir/MiniOzoneClusterImpl-338b8348-b083-46f4-a27e-fb8b70a40c3f/datanode-2/data/ratis/be409927-b147-4c16-89ed-20f35a9807cc has been successfully formatted.
2019-09-20 14:26:31,365 [pool-314-thread-1] INFO  ratis.ContainerStateMachine (ContainerStateMachine.java:loadSnapshot(226)) - group-20F35A9807CC: The snapshot info is null. Setting the last applied indexto:(t:0, i:~)
2019-09-20 14:26:31,365 [pool-314-thread-1] INFO  server.RaftServerConfigKeys (ConfUtils.java:logGet(43)) - raft.server.leader.election.timeout = 120s (custom)
2019-09-20 14:26:31,365 [pool-314-thread-1] INFO  server.RaftServerConfigKeys (ConfUtils.java:logGet(43)) - raft.server.log.use.memory = false (default)
2019-09-20 14:26:31,366 [pool-314-thread-1] INFO  server.RaftServerConfigKeys (ConfUtils.java:logGet(43)) - raft.server.log.purge.gap = 1000000 (custom)
2019-09-20 14:26:31,366 [pool-314-thread-1] INFO  server.RaftServerConfigKeys (ConfUtils.java:logGet(43)) - raft.server.log.appender.buffer.byte-limit = 33554432 (custom)
2019-09-20 14:26:31,366 [pool-314-thread-1] INFO  server.RaftServerConfigKeys (ConfUtils.java:logGet(43)) - raft.server.log.segment.size.max = 1048576 (custom)
2019-09-20 14:26:31,366 [pool-314-thread-1] INFO  server.RaftServerConfigKeys (ConfUtils.java:logGet(43)) - raft.server.log.segment.cache.num.max = 2 (custom)
2019-09-20 14:26:31,366 [pool-314-thread-1] INFO  segmented.SegmentedRaftLogWorker (SegmentedRaftLogWorker.java:<init>(172)) - new 15297862-8e3d-471b-9ead-84c6fd00747d-SegmentedRaftLogWorker:Storage Directory /workdir/hadoop-ozone/ozonefs/target/test-dir/MiniOzoneClusterImpl-338b8348-b083-46f4-a27e-fb8b70a40c3f/datanode-2/data/ratis/be409927-b147-4c16-89ed-20f35a9807cc for RaftStorage:Storage Directory /workdir/hadoop-ozone/ozonefs/target/test-dir/MiniOzoneClusterImpl-338b8348-b083-46f4-a27e-fb8b70a40c3f/datanode-2/data/ratis/be409927-b147-4c16-89ed-20f35a9807cc
2019-09-20 14:26:31,366 [pool-314-thread-1] INFO  server.RaftServerConfigKeys (ConfUtils.java:logGet(43)) - raft.server.log.queue.byte-limit = 2147483647 (custom)
2019-09-20 14:26:31,367 [pool-314-thread-1] INFO  server.RaftServerConfigKeys (ConfUtils.java:logGet(43)) - raft.server.log.queue.element-limit = 1024 (custom)
2019-09-20 14:26:31,367 [pool-314-thread-1] INFO  server.RaftServerConfigKeys (ConfUtils.java:logGet(43)) - raft.server.log.segment.size.max = 1048576 (custom)
2019-09-20 14:26:31,367 [pool-314-thread-1] INFO  server.RaftServerConfigKeys (ConfUtils.java:logGet(43)) - raft.server.log.preallocated.size = 16384 (custom)
2019-09-20 14:26:31,367 [pool-314-thread-1] INFO  server.RaftServerConfigKeys (ConfUtils.java:logGet(43)) - raft.server.log.write.buffer.size = 33554432 (custom)
2019-09-20 14:26:31,367 [pool-314-thread-1] INFO  server.RaftServerConfigKeys (ConfUtils.java:logGet(43)) - raft.server.log.force.sync.num = 128 (default)
2019-09-20 14:26:31,367 [pool-314-thread-1] INFO  server.RaftServerConfigKeys (ConfUtils.java:logGet(43)) - raft.server.log.statemachine.data.sync = true (default)
2019-09-20 14:26:31,368 [pool-314-thread-1] INFO  server.RaftServerConfigKeys (ConfUtils.java:logGet(43)) - raft.server.log.statemachine.data.sync.timeout = 10s (default)
2019-09-20 14:26:31,368 [pool-314-thread-1] INFO  server.RaftServerConfigKeys (ConfUtils.java:logGet(43)) - raft.server.log.statemachine.data.sync.timeout.retry = -1 (default)
2019-09-20 14:26:31,368 [pool-314-thread-1] INFO  server.RaftServerConfigKeys (ConfUtils.java:logGet(43)) - raft.server.log.statemachine.data.caching.enabled = true (custom)
2019-09-20 14:26:31,368 [pool-314-thread-1] INFO  segmented.SegmentedRaftLogWorker (SegmentedRaftLogWorker.java:lambda$new$0(132)) - 15297862-8e3d-471b-9ead-84c6fd00747d-SegmentedRaftLogWorker:Storage Directory /workdir/hadoop-ozone/ozonefs/target/test-dir/MiniOzoneClusterImpl-338b8348-b083-46f4-a27e-fb8b70a40c3f/datanode-2/data/ratis/be409927-b147-4c16-89ed-20f35a9807cc: flushIndex: setUnconditionally 0 -> -1
2019-09-20 14:26:31,369 [pool-314-thread-1] INFO  server.RaftServerConfigKeys (ConfUtils.java:logGet(43)) - raft.server.snapshot.auto.trigger.enabled = true (custom)
2019-09-20 14:26:31,369 [pool-314-thread-1] INFO  server.RaftServerConfigKeys (ConfUtils.java:logGet(43)) - raft.server.snapshot.auto.trigger.threshold = 10000 (custom)
2019-09-20 14:26:31,369 [pool-314-thread-1] INFO  server.RaftServerConfigKeys (ConfUtils.java:logGet(43)) - raft.server.retrycache.expirytime = 600000ms (custom)
2019-09-20 14:26:31,369 [pool-314-thread-1] INFO  impl.RaftServerImpl (RaftServerImpl.java:start(180)) - 15297862-8e3d-471b-9ead-84c6fd00747d: start group-20F35A9807CC
2019-09-20 14:26:31,369 [pool-314-thread-1] INFO  impl.RaftServerImpl (RaftServerImpl.java:setRole(171)) - 15297862-8e3d-471b-9ead-84c6fd00747d:group-20F35A9807CC changes role from null to FOLLOWER at term 0 for startAsFollower
2019-09-20 14:26:31,369 [pool-314-thread-1] INFO  impl.RoleInfo (RoleInfo.java:updateAndGet(143)) - 15297862-8e3d-471b-9ead-84c6fd00747d: start FollowerState
2019-09-20 14:26:31,370 [pool-314-thread-1] INFO  util.JmxRegister (JmxRegister.java:tryRegister(44)) - Successfully registered JMX Bean with object name Ratis:service=RaftServer,group=group-20F35A9807CC,id=15297862-8e3d-471b-9ead-84c6fd00747d
2019-09-20 14:26:31,373 [RatisPipelineUtilsThread] INFO  pipeline.PipelineStateManager (PipelineStateManager.java:addPipeline(56)) - Created pipeline Pipeline[ Id: be409927-b147-4c16-89ed-20f35a9807cc, Nodes: 15297862-8e3d-471b-9ead-84c6fd00747d{ip: 192.168.36.99, host: pr-hdds-1569-p5fx8-1226042367, networkLocation: /default-rack, certSerialId: null}, Type:RATIS, Factor:ONE, State:OPEN]
2019-09-20 14:26:31,373 [RatisPipelineUtilsThread] INFO  pipeline.PipelinePlacementPolicy (PipelinePlacementPolicy.java:meetCriteria(91)) - Pipeline Placement: Doesn't meet the criteria to be viable node： 3d6cea60-fef1-4ae8-b4b1-1f18b9d50500 Heaviness: 6 limit: 5
2019-09-20 14:26:31,373 [RatisPipelineUtilsThread] INFO  pipeline.PipelinePlacementPolicy (PipelinePlacementPolicy.java:meetCriteria(91)) - Pipeline Placement: Doesn't meet the criteria to be viable node： b39debcb-59eb-4ff3-9b06-894e333b5be6 Heaviness: 6 limit: 5
2019-09-20 14:26:31,373 [RatisPipelineUtilsThread] INFO  pipeline.PipelinePlacementPolicy (PipelinePlacementPolicy.java:meetCriteria(91)) - Pipeline Placement: Doesn't meet the criteria to be viable node： 15297862-8e3d-471b-9ead-84c6fd00747d Heaviness: 6 limit: 5
2019-09-20 14:26:31,374 [RatisPipelineUtilsThread] ERROR pipeline.PipelinePlacementPolicy (PipelinePlacementPolicy.java:filterViableNodes(148)) - Unable to find enough nodes that meet the criteria that cannot engage in more than 5 pipelines. Nodes required: 1 Found: 0, healthy nodes count inNodeManager: 3.
2019-09-20 14:26:31,374 [RatisPipelineUtilsThread] ERROR pipeline.SCMPipelineManager (SCMPipelineManager.java:createPipeline(161)) - Pipeline creation failed due to exception: Unable to find enough nodes that meet the criteria that cannot engage in more than 5 pipelines. Nodes required: 1 Found: 0, healthy nodes count inNodeManager: 3.
2019-09-20 14:26:31,374 [RatisPipelineUtilsThread] INFO  pipeline.PipelinePlacementPolicy (PipelinePlacementPolicy.java:meetCriteria(91)) - Pipeline Placement: Doesn't meet the criteria to be viable node： 3d6cea60-fef1-4ae8-b4b1-1f18b9d50500 Heaviness: 6 limit: 5
2019-09-20 14:26:31,374 [RatisPipelineUtilsThread] INFO  pipeline.PipelinePlacementPolicy (PipelinePlacementPolicy.java:meetCriteria(91)) - Pipeline Placement: Doesn't meet the criteria to be viable node： b39debcb-59eb-4ff3-9b06-894e333b5be6 Heaviness: 6 limit: 5
2019-09-20 14:26:31,375 [RatisPipelineUtilsThread] INFO  pipeline.PipelinePlacementPolicy (PipelinePlacementPolicy.java:meetCriteria(91)) - Pipeline Placement: Doesn't meet the criteria to be viable node： 15297862-8e3d-471b-9ead-84c6fd00747d Heaviness: 6 limit: 5
2019-09-20 14:26:31,375 [RatisPipelineUtilsThread] ERROR pipeline.PipelinePlacementPolicy (PipelinePlacementPolicy.java:filterViableNodes(148)) - Unable to find enough nodes that meet the criteria that cannot engage in more than 5 pipelines. Nodes required: 3 Found: 0, healthy nodes count inNodeManager: 3.
2019-09-20 14:26:31,375 [RatisPipelineUtilsThread] ERROR pipeline.SCMPipelineManager (SCMPipelineManager.java:createPipeline(161)) - Pipeline creation failed due to exception: Unable to find enough nodes that meet the criteria that cannot engage in more than 5 pipelines. Nodes required: 3 Found: 0, healthy nodes count inNodeManager: 3.
2019-09-20 14:26:31,375 [RatisPipelineUtilsThread] INFO  pipeline.PipelinePlacementPolicy (PipelinePlacementPolicy.java:meetCriteria(91)) - Pipeline Placement: Doesn't meet the criteria to be viable node： 3d6cea60-fef1-4ae8-b4b1-1f18b9d50500 Heaviness: 6 limit: 5
2019-09-20 14:26:31,375 [RatisPipelineUtilsThread] INFO  pipeline.PipelinePlacementPolicy (PipelinePlacementPolicy.java:meetCriteria(91)) - Pipeline Placement: Doesn't meet the criteria to be viable node： b39debcb-59eb-4ff3-9b06-894e333b5be6 Heaviness: 6 limit: 5
2019-09-20 14:26:31,376 [RatisPipelineUtilsThread] INFO  pipeline.PipelinePlacementPolicy (PipelinePlacementPolicy.java:meetCriteria(91)) - Pipeline Placement: Doesn't meet the criteria to be viable node： 15297862-8e3d-471b-9ead-84c6fd00747d Heaviness: 6 limit: 5
2019-09-20 14:26:31,376 [RatisPipelineUtilsThread] ERROR pipeline.PipelinePlacementPolicy (PipelinePlacementPolicy.java:filterViableNodes(148)) - Unable to find enough nodes that meet the criteria that cannot engage in more than 5 pipelines. Nodes required: 1 Found: 0, healthy nodes count inNodeManager: 3.
2019-09-20 14:26:31,376 [RatisPipelineUtilsThread] ERROR pipeline.SCMPipelineManager (SCMPipelineManager.java:createPipeline(161)) - Pipeline creation failed due to exception: Unable to find enough nodes that meet the criteria that cannot engage in more than 5 pipelines. Nodes required: 1 Found: 0, healthy nodes count inNodeManager: 3.
2019-09-20 14:26:31,376 [RatisPipelineUtilsThread] INFO  pipeline.PipelinePlacementPolicy (PipelinePlacementPolicy.java:meetCriteria(91)) - Pipeline Placement: Doesn't meet the criteria to be viable node： 3d6cea60-fef1-4ae8-b4b1-1f18b9d50500 Heaviness: 6 limit: 5
2019-09-20 14:26:31,376 [RatisPipelineUtilsThread] INFO  pipeline.PipelinePlacementPolicy (PipelinePlacementPolicy.java:meetCriteria(91)) - Pipeline Placement: Doesn't meet the criteria to be viable node： b39debcb-59eb-4ff3-9b06-894e333b5be6 Heaviness: 6 limit: 5
2019-09-20 14:26:31,376 [RatisPipelineUtilsThread] INFO  pipeline.PipelinePlacementPolicy (PipelinePlacementPolicy.java:meetCriteria(91)) - Pipeline Placement: Doesn't meet the criteria to be viable node： 15297862-8e3d-471b-9ead-84c6fd00747d Heaviness: 6 limit: 5
2019-09-20 14:26:31,377 [RatisPipelineUtilsThread] ERROR pipeline.PipelinePlacementPolicy (PipelinePlacementPolicy.java:filterViableNodes(148)) - Unable to find enough nodes that meet the criteria that cannot engage in more than 5 pipelines. Nodes required: 3 Found: 0, healthy nodes count inNodeManager: 3.
2019-09-20 14:26:31,377 [RatisPipelineUtilsThread] ERROR pipeline.SCMPipelineManager (SCMPipelineManager.java:createPipeline(161)) - Pipeline creation failed due to exception: Unable to find enough nodes that meet the criteria that cannot engage in more than 5 pipelines. Nodes required: 3 Found: 0, healthy nodes count inNodeManager: 3.
2019-09-20 14:26:31,650 [main] INFO  ozone.MiniOzoneClusterImpl (MiniOzoneClusterImpl.java:lambda$waitForClusterToBeReady$0(142)) - Cluster is ready. Got 3 of 3 DN Heartbeats.
2019-09-20 14:26:31,823 | INFO  | OMAudit | user=jenkins1000 | ip=127.0.0.1 | op=CREATE_VOLUME {admin=admin37393, owner=user56545, volume=volume19936, creationTime=1568989591821, quotaInBytes=1152921504606846976} | ret=SUCCESS |  
2019-09-20 14:26:31,831 | INFO  | OMAudit | user=jenkins1000 | ip=127.0.0.1 | op=CREATE_BUCKET {volume=volume19936, bucket=bucket65957, acls=[], isVersionEnabled=false, storageType=DISK, creationTime=0} | ret=SUCCESS |  
2019-09-20 14:26:31,851 | INFO  | OMAudit | user=jenkins1000 | ip=127.0.0.1 | op=READ_VOLUME {volume=volume19936} | ret=SUCCESS |  
2019-09-20 14:26:31,852 | INFO  | OMAudit | user=jenkins1000 | ip=127.0.0.1 | op=READ_BUCKET {volume=volume19936, bucket=bucket65957} | ret=SUCCESS |  
2019-09-20 14:26:31,895 [IPC Server handler 2 on 43207] INFO  pipeline.PipelinePlacementPolicy (PipelinePlacementPolicy.java:meetCriteria(91)) - Pipeline Placement: Doesn't meet the criteria to be viable node： 3d6cea60-fef1-4ae8-b4b1-1f18b9d50500 Heaviness: 6 limit: 5
2019-09-20 14:26:31,895 [IPC Server handler 2 on 43207] INFO  pipeline.PipelinePlacementPolicy (PipelinePlacementPolicy.java:meetCriteria(91)) - Pipeline Placement: Doesn't meet the criteria to be viable node： b39debcb-59eb-4ff3-9b06-894e333b5be6 Heaviness: 6 limit: 5
2019-09-20 14:26:31,895 [IPC Server handler 2 on 43207] INFO  pipeline.PipelinePlacementPolicy (PipelinePlacementPolicy.java:meetCriteria(91)) - Pipeline Placement: Doesn't meet the criteria to be viable node： 15297862-8e3d-471b-9ead-84c6fd00747d Heaviness: 6 limit: 5
2019-09-20 14:26:31,895 [IPC Server handler 2 on 43207] ERROR pipeline.PipelinePlacementPolicy (PipelinePlacementPolicy.java:filterViableNodes(148)) - Unable to find enough nodes that meet the criteria that cannot engage in more than 5 pipelines. Nodes required: 3 Found: 0, healthy nodes count inNodeManager: 3.
2019-09-20 14:26:31,895 [IPC Server handler 2 on 43207] ERROR pipeline.SCMPipelineManager (SCMPipelineManager.java:createPipeline(161)) - Pipeline creation failed due to exception: Unable to find enough nodes that meet the criteria that cannot engage in more than 5 pipelines. Nodes required: 3 Found: 0, healthy nodes count inNodeManager: 3.
2019-09-20 14:26:31,895 [IPC Server handler 2 on 43207] WARN  block.BlockManagerImpl (BlockManagerImpl.java:allocateBlock(192)) - Pipeline creation failed for type:RATIS factor:THREE. Retrying get pipelines call once.
org.apache.hadoop.hdds.scm.exceptions.SCMException: Unable to find enough nodes that meet the criteria that cannot engage in more than 5 pipelines. Nodes required: 3 Found: 0, healthy nodes count inNodeManager: 3.
	at org.apache.hadoop.hdds.scm.pipeline.PipelinePlacementPolicy.filterViableNodes(PipelinePlacementPolicy.java:149)
	at org.apache.hadoop.hdds.scm.pipeline.PipelinePlacementPolicy.chooseDatanodes(PipelinePlacementPolicy.java:172)
	at org.apache.hadoop.hdds.scm.pipeline.RatisPipelineProvider.create(RatisPipelineProvider.java:92)
	at org.apache.hadoop.hdds.scm.pipeline.PipelineFactory.create(PipelineFactory.java:57)
	at org.apache.hadoop.hdds.scm.pipeline.SCMPipelineManager.createPipeline(SCMPipelineManager.java:149)
	at org.apache.hadoop.hdds.scm.block.BlockManagerImpl.allocateBlock(BlockManagerImpl.java:190)
	at org.apache.hadoop.hdds.scm.server.SCMBlockProtocolServer.allocateBlock(SCMBlockProtocolServer.java:175)
	at org.apache.hadoop.ozone.protocolPB.ScmBlockLocationProtocolServerSideTranslatorPB.allocateScmBlock(ScmBlockLocationProtocolServerSideTranslatorPB.java:153)
	at org.apache.hadoop.ozone.protocolPB.ScmBlockLocationProtocolServerSideTranslatorPB.send(ScmBlockLocationProtocolServerSideTranslatorPB.java:112)
	at org.apache.hadoop.hdds.protocol.proto.ScmBlockLocationProtocolProtos$ScmBlockLocationProtocolService$2.callBlockingMethod(ScmBlockLocationProtocolProtos.java:13157)
	at org.apache.hadoop.ipc.ProtobufRpcEngine$Server$ProtoBufRpcInvoker.call(ProtobufRpcEngine.java:524)
	at org.apache.hadoop.ipc.RPC$Server.call(RPC.java:1025)
	at org.apache.hadoop.ipc.Server$RpcCall.run(Server.java:876)
	at org.apache.hadoop.ipc.Server$RpcCall.run(Server.java:822)
	at java.security.AccessController.doPrivileged(Native Method)
	at javax.security.auth.Subject.doAs(Subject.java:422)
	at org.apache.hadoop.security.UserGroupInformation.doAs(UserGroupInformation.java:1730)
	at org.apache.hadoop.ipc.Server$Handler.run(Server.java:2682)
2019-09-20 14:26:31,896 [IPC Server handler 2 on 43207] INFO  block.BlockManagerImpl (BlockManagerImpl.java:allocateBlock(198)) - Could not find available pipeline of type:RATIS and factor:THREE even after retrying
2019-09-20 14:26:31,896 [IPC Server handler 2 on 43207] ERROR block.BlockManagerImpl (BlockManagerImpl.java:allocateBlock(222)) - Unable to allocate a block for the size: 4194304, type: RATIS, factor: THREE
2019-09-20 14:26:31,896 | INFO  | SCMAudit | user=jenkins1000 | ip=192.168.36.99 | op=ALLOCATE_BLOCK {owner=2994b0d5-e59b-4450-84c1-c6fc933aa4f8, size=4194304, type=RATIS, factor=THREE} | ret=SUCCESS |  
2019-09-20 14:26:31,902 | ERROR | OMAudit | user=jenkins1000 | ip=127.0.0.1 | op=CREATE_FILE {volume=volume19936, bucket=bucket65957, key=RGEgN, dataSize=0, replicationType=RATIS, replicationFactor=THREE, keyLocationInfo=null} | ret=FAILURE | org.apache.hadoop.hdds.scm.exceptions.SCMException: Allocated 0 blocks. Requested 1 blocks
	at org.apache.hadoop.hdds.scm.protocolPB.ScmBlockLocationProtocolClientSideTranslatorPB.handleError(ScmBlockLocationProtocolClientSideTranslatorPB.java:118)
	at org.apache.hadoop.hdds.scm.protocolPB.ScmBlockLocationProtocolClientSideTranslatorPB.allocateBlock(ScmBlockLocationProtocolClientSideTranslatorPB.java:156) 
2019-09-20 14:26:31,905 [main] INFO  ozone.MiniOzoneClusterImpl (MiniOzoneClusterImpl.java:shutdown(321)) - Shutting down the Mini Ozone Cluster
2019-09-20 14:26:31,906 | INFO  | SCMAudit | user=null | ip=null | op=GET_SCM_INFO null | ret=SUCCESS |  
2019-09-20 14:26:31,906 [main] INFO  ozone.MiniOzoneClusterImpl (MiniOzoneClusterImpl.java:stop(336)) - Stopping the Mini Ozone Cluster
2019-09-20 14:26:31,906 [main] INFO  ozone.MiniOzoneClusterImpl (MiniOzoneClusterImpl.java:stop(338)) - Stopping the OzoneManager
2019-09-20 14:26:31,906 [main] INFO  ipc.Server (Server.java:stop(3082)) - Stopping server on 37943
2019-09-20 14:26:31,910 [IPC Server listener on 37943] INFO  ipc.Server (Server.java:run(1185)) - Stopping IPC Server listener on 37943
2019-09-20 14:26:31,910 [IPC Server Responder] INFO  ipc.Server (Server.java:run(1319)) - Stopping IPC Server Responder
2019-09-20 14:26:31,910 [main] INFO  ratis.OzoneManagerDoubleBuffer (OzoneManagerDoubleBuffer.java:stop(248)) - Stopping OMDoubleBuffer flush thread
2019-09-20 14:26:31,912 [OMDoubleBufferFlushThread] INFO  ratis.OzoneManagerDoubleBuffer (OzoneManagerDoubleBuffer.java:flushTransactions(191)) - OMDoubleBuffer flush thread OMDoubleBufferFlushThread is interrupted and will exit. OMDoubleBufferFlushThread
2019-09-20 14:26:31,912 [main] INFO  utils.BackgroundService (BackgroundService.java:shutdown(148)) - Shutting down service KeyDeletingService
2019-09-20 14:26:31,914 [main] INFO  handler.ContextHandler (ContextHandler.java:doStop(910)) - Stopped o.e.j.w.WebAppContext@16f2d883{/,null,UNAVAILABLE}{/ozoneManager}
2019-09-20 14:26:31,915 [main] INFO  server.AbstractConnector (AbstractConnector.java:doStop(318)) - Stopped ServerConnector@71806c64{HTTP/1.1,[http/1.1]}{0.0.0.0:0}
2019-09-20 14:26:31,915 [main] INFO  handler.ContextHandler (ContextHandler.java:doStop(910)) - Stopped o.e.j.s.ServletContextHandler@3962b216{/static,jar:file:/home/user/.m2/repository/org/apache/hadoop/hadoop-ozone-ozone-manager/0.5.0-SNAPSHOT/hadoop-ozone-ozone-manager-0.5.0-SNAPSHOT.jar!/webapps/static,UNAVAILABLE}
2019-09-20 14:26:31,915 [main] INFO  handler.ContextHandler (ContextHandler.java:doStop(910)) - Stopped o.e.j.s.ServletContextHandler@49392256{/logs,file:///workdir/hadoop-ozone/ozonefs/target/log,UNAVAILABLE}
2019-09-20 14:26:31,917 [main] INFO  ozone.MiniOzoneClusterImpl (MiniOzoneClusterImpl.java:stop(344)) - Shutting the HddsDatanodes
2019-09-20 14:26:31,918 [main] INFO  datanode.ObjectStoreHandler (ObjectStoreHandler.java:close(155)) - Closing ObjectStoreHandler.
2019-09-20 14:26:31,918 [ForkJoinPool.commonPool-worker-0] INFO  datanode.ObjectStoreHandler (ObjectStoreHandler.java:close(155)) - Closing ObjectStoreHandler.
2019-09-20 14:26:31,918 [main] INFO  ozone.HddsDatanodeService (HddsDatanodeService.java:stop(451)) - Stopped plug-in org.apache.hadoop.ozone.web.OzoneHddsDatanodeService@48d24d63
2019-09-20 14:26:31,918 [ForkJoinPool.commonPool-worker-0] INFO  ozone.HddsDatanodeService (HddsDatanodeService.java:stop(451)) - Stopped plug-in org.apache.hadoop.ozone.web.OzoneHddsDatanodeService@66f223fa
2019-09-20 14:26:32,234 [Datanode State Machine Thread - 0] INFO  statemachine.DatanodeStateMachine (DatanodeStateMachine.java:lambda$startDaemon$0(350)) - Ozone container server started.
2019-09-20 14:26:32,452 [Datanode State Machine Thread - 0] INFO  statemachine.DatanodeStateMachine (DatanodeStateMachine.java:lambda$startDaemon$0(350)) - Ozone container server started.
2019-09-20 14:26:32,651 | INFO  | SCMAudit | user=jenkins1000 | ip=192.168.36.99 | op=SEND_HEARTBEAT {datanodeUUID=15297862-8e3d-471b-9ead-84c6fd00747d, command=[]} | ret=SUCCESS |  
2019-09-20 14:26:33,245 [Thread-1502] INFO  container.ReplicationManager (ReplicationManager.java:start(151)) - Starting Replication Monitor Thread.
2019-09-20 14:26:33,248 [ReplicationMonitor] INFO  container.ReplicationManager (ReplicationManager.java:run(214)) - Replication Monitor Thread took 0 milliseconds for processing 0 containers.
2019-09-20 14:26:33,652 | INFO  | SCMAudit | user=jenkins1000 | ip=192.168.36.99 | op=SEND_HEARTBEAT {datanodeUUID=15297862-8e3d-471b-9ead-84c6fd00747d, command=[]} | ret=SUCCESS |  
2019-09-20 14:26:34,652 | INFO  | SCMAudit | user=jenkins1000 | ip=192.168.36.99 | op=SEND_HEARTBEAT {datanodeUUID=15297862-8e3d-471b-9ead-84c6fd00747d, command=[]} | ret=SUCCESS |  
2019-09-20 14:26:35,383 [Thread-1504] INFO  impl.FollowerState (FollowerState.java:run(106)) - b39debcb-59eb-4ff3-9b06-894e333b5be6:group-8797A8D26B4E changes to CANDIDATE, lastRpcTime:5068, electionTimeout:5068ms
2019-09-20 14:26:35,384 [Thread-1504] INFO  impl.RoleInfo (RoleInfo.java:shutdownFollowerState(121)) - b39debcb-59eb-4ff3-9b06-894e333b5be6: shutdown FollowerState
2019-09-20 14:26:35,384 [Thread-1504] INFO  impl.RaftServerImpl (RaftServerImpl.java:setRole(171)) - b39debcb-59eb-4ff3-9b06-894e333b5be6:group-8797A8D26B4E changes role from FOLLOWER to CANDIDATE at term 0 for changeToCandidate
2019-09-20 14:26:35,384 [Thread-1504] INFO  impl.RoleInfo (RoleInfo.java:updateAndGet(143)) - b39debcb-59eb-4ff3-9b06-894e333b5be6: start LeaderElection
2019-09-20 14:26:35,392 [Thread-1507] INFO  impl.FollowerState (FollowerState.java:run(106)) - b39debcb-59eb-4ff3-9b06-894e333b5be6:group-327951D6E5C7 changes to CANDIDATE, lastRpcTime:5023, electionTimeout:5023ms
2019-09-20 14:26:35,392 [Thread-1507] INFO  impl.RoleInfo (RoleInfo.java:shutdownFollowerState(121)) - b39debcb-59eb-4ff3-9b06-894e333b5be6: shutdown FollowerState
2019-09-20 14:26:35,392 [Thread-1507] INFO  impl.RaftServerImpl (RaftServerImpl.java:setRole(171)) - b39debcb-59eb-4ff3-9b06-894e333b5be6:group-327951D6E5C7 changes role from FOLLOWER to CANDIDATE at term 0 for changeToCandidate
2019-09-20 14:26:35,392 [Thread-1507] INFO  impl.RoleInfo (RoleInfo.java:updateAndGet(143)) - b39debcb-59eb-4ff3-9b06-894e333b5be6: start LeaderElection
2019-09-20 14:26:35,407 [b39debcb-59eb-4ff3-9b06-894e333b5be6:group-8797A8D26B4E:LeaderElection90] INFO  impl.LeaderElection (LeaderElection.java:askForVotes(181)) - b39debcb-59eb-4ff3-9b06-894e333b5be6:group-8797A8D26B4E:LeaderElection90: begin an election at term 1 for -1: [b39debcb-59eb-4ff3-9b06-894e333b5be6:192.168.36.99:36063], old=null
2019-09-20 14:26:35,407 [b39debcb-59eb-4ff3-9b06-894e333b5be6:group-327951D6E5C7:LeaderElection91] INFO  impl.LeaderElection (LeaderElection.java:askForVotes(181)) - b39debcb-59eb-4ff3-9b06-894e333b5be6:group-327951D6E5C7:LeaderElection91: begin an election at term 1 for -1: [b39debcb-59eb-4ff3-9b06-894e333b5be6:192.168.36.99:36063], old=null
2019-09-20 14:26:35,408 [b39debcb-59eb-4ff3-9b06-894e333b5be6:group-8797A8D26B4E:LeaderElection90] INFO  impl.RoleInfo (RoleInfo.java:shutdownLeaderElection(134)) - b39debcb-59eb-4ff3-9b06-894e333b5be6: shutdown LeaderElection
2019-09-20 14:26:35,408 [b39debcb-59eb-4ff3-9b06-894e333b5be6:group-327951D6E5C7:LeaderElection91] INFO  impl.RoleInfo (RoleInfo.java:shutdownLeaderElection(134)) - b39debcb-59eb-4ff3-9b06-894e333b5be6: shutdown LeaderElection
2019-09-20 14:26:35,408 [b39debcb-59eb-4ff3-9b06-894e333b5be6:group-8797A8D26B4E:LeaderElection90] INFO  impl.RaftServerImpl (RaftServerImpl.java:setRole(171)) - b39debcb-59eb-4ff3-9b06-894e333b5be6:group-8797A8D26B4E changes role from CANDIDATE to LEADER at term 1 for changeToLeader
2019-09-20 14:26:35,408 [b39debcb-59eb-4ff3-9b06-894e333b5be6:group-327951D6E5C7:LeaderElection91] INFO  impl.RaftServerImpl (RaftServerImpl.java:setRole(171)) - b39debcb-59eb-4ff3-9b06-894e333b5be6:group-327951D6E5C7 changes role from CANDIDATE to LEADER at term 1 for changeToLeader
2019-09-20 14:26:35,408 [b39debcb-59eb-4ff3-9b06-894e333b5be6:group-8797A8D26B4E:LeaderElection90] INFO  impl.RaftServerImpl (ServerState.java:setLeader(263)) - b39debcb-59eb-4ff3-9b06-894e333b5be6:group-8797A8D26B4E change Leader from null to b39debcb-59eb-4ff3-9b06-894e333b5be6 at term 1 for becomeLeader, leader elected after 5099ms
2019-09-20 14:26:35,408 [b39debcb-59eb-4ff3-9b06-894e333b5be6:group-327951D6E5C7:LeaderElection91] INFO  impl.RaftServerImpl (ServerState.java:setLeader(263)) - b39debcb-59eb-4ff3-9b06-894e333b5be6:group-327951D6E5C7 change Leader from null to b39debcb-59eb-4ff3-9b06-894e333b5be6 at term 1 for becomeLeader, leader elected after 5044ms
2019-09-20 14:26:35,409 [b39debcb-59eb-4ff3-9b06-894e333b5be6:group-8797A8D26B4E:LeaderElection90] INFO  server.RaftServerConfigKeys (ConfUtils.java:logGet(43)) - raft.server.staging.catchup.gap = 1000 (default)
2019-09-20 14:26:35,409 [b39debcb-59eb-4ff3-9b06-894e333b5be6:group-327951D6E5C7:LeaderElection91] INFO  server.RaftServerConfigKeys (ConfUtils.java:logGet(43)) - raft.server.staging.catchup.gap = 1000 (default)
2019-09-20 14:26:35,409 [b39debcb-59eb-4ff3-9b06-894e333b5be6:group-8797A8D26B4E:LeaderElection90] INFO  server.RaftServerConfigKeys (ConfUtils.java:logGet(43)) - raft.server.rpc.sleep.time = 25ms (default)
2019-09-20 14:26:35,409 [b39debcb-59eb-4ff3-9b06-894e333b5be6:group-327951D6E5C7:LeaderElection91] INFO  server.RaftServerConfigKeys (ConfUtils.java:logGet(43)) - raft.server.rpc.sleep.time = 25ms (default)
2019-09-20 14:26:35,409 [b39debcb-59eb-4ff3-9b06-894e333b5be6:group-8797A8D26B4E:LeaderElection90] INFO  server.RaftServerConfigKeys (ConfUtils.java:logGet(43)) - raft.server.write.element-limit = 4096 (default)
2019-09-20 14:26:35,409 [b39debcb-59eb-4ff3-9b06-894e333b5be6:group-327951D6E5C7:LeaderElection91] INFO  server.RaftServerConfigKeys (ConfUtils.java:logGet(43)) - raft.server.write.element-limit = 4096 (default)
2019-09-20 14:26:35,410 [b39debcb-59eb-4ff3-9b06-894e333b5be6:group-8797A8D26B4E:LeaderElection90] INFO  server.RaftServerConfigKeys (ConfUtils.java:logGet(43)) - raft.server.watch.timeout = 10s (default)
2019-09-20 14:26:35,410 [b39debcb-59eb-4ff3-9b06-894e333b5be6:group-327951D6E5C7:LeaderElection91] INFO  server.RaftServerConfigKeys (ConfUtils.java:logGet(43)) - raft.server.watch.timeout = 10s (default)
2019-09-20 14:26:35,410 [b39debcb-59eb-4ff3-9b06-894e333b5be6:group-8797A8D26B4E:LeaderElection90] INFO  server.RaftServerConfigKeys (ConfUtils.java:logGet(43)) - raft.server.watch.timeout.denomination = 1s (default)
2019-09-20 14:26:35,410 [b39debcb-59eb-4ff3-9b06-894e333b5be6:group-327951D6E5C7:LeaderElection91] INFO  server.RaftServerConfigKeys (ConfUtils.java:logGet(43)) - raft.server.watch.timeout.denomination = 1s (default)
2019-09-20 14:26:35,410 [b39debcb-59eb-4ff3-9b06-894e333b5be6:group-8797A8D26B4E:LeaderElection90] INFO  server.RaftServerConfigKeys (ConfUtils.java:logGet(43)) - raft.server.watch.element-limit = 65536 (default)
2019-09-20 14:26:35,410 [b39debcb-59eb-4ff3-9b06-894e333b5be6:group-327951D6E5C7:LeaderElection91] INFO  server.RaftServerConfigKeys (ConfUtils.java:logGet(43)) - raft.server.watch.element-limit = 65536 (default)
2019-09-20 14:26:35,411 [b39debcb-59eb-4ff3-9b06-894e333b5be6:group-8797A8D26B4E:LeaderElection90] INFO  impl.RoleInfo (RoleInfo.java:updateAndGet(143)) - b39debcb-59eb-4ff3-9b06-894e333b5be6: start LeaderState
2019-09-20 14:26:35,411 [b39debcb-59eb-4ff3-9b06-894e333b5be6:group-327951D6E5C7:LeaderElection91] INFO  impl.RoleInfo (RoleInfo.java:updateAndGet(143)) - b39debcb-59eb-4ff3-9b06-894e333b5be6: start LeaderState
2019-09-20 14:26:35,411 [b39debcb-59eb-4ff3-9b06-894e333b5be6:group-8797A8D26B4E:LeaderElection90] INFO  segmented.SegmentedRaftLogWorker (SegmentedRaftLogWorker.java:startLogSegment(380)) - b39debcb-59eb-4ff3-9b06-894e333b5be6-SegmentedRaftLogWorker:Storage Directory /workdir/hadoop-ozone/ozonefs/target/test-dir/MiniOzoneClusterImpl-338b8348-b083-46f4-a27e-fb8b70a40c3f/datanode-0/data/ratis/5857eb24-78b2-4f4e-a047-8797a8d26b4e: Starting segment from index:0
2019-09-20 14:26:35,411 [b39debcb-59eb-4ff3-9b06-894e333b5be6:group-327951D6E5C7:LeaderElection91] INFO  segmented.SegmentedRaftLogWorker (SegmentedRaftLogWorker.java:startLogSegment(380)) - b39debcb-59eb-4ff3-9b06-894e333b5be6-SegmentedRaftLogWorker:Storage Directory /workdir/hadoop-ozone/ozonefs/target/test-dir/MiniOzoneClusterImpl-338b8348-b083-46f4-a27e-fb8b70a40c3f/datanode-0/data/ratis/fd4daa43-d2e4-46ae-a164-327951d6e5c7: Starting segment from index:0
2019-09-20 14:26:35,412 [b39debcb-59eb-4ff3-9b06-894e333b5be6:group-327951D6E5C7:LeaderElection91] INFO  impl.RaftServerImpl (ServerState.java:setRaftConf(361)) - b39debcb-59eb-4ff3-9b06-894e333b5be6:group-327951D6E5C7 set configuration 0: [b39debcb-59eb-4ff3-9b06-894e333b5be6:192.168.36.99:36063], old=null at 0
2019-09-20 14:26:35,412 [b39debcb-59eb-4ff3-9b06-894e333b5be6:group-8797A8D26B4E:LeaderElection90] INFO  impl.RaftServerImpl (ServerState.java:setRaftConf(361)) - b39debcb-59eb-4ff3-9b06-894e333b5be6:group-8797A8D26B4E set configuration 0: [b39debcb-59eb-4ff3-9b06-894e333b5be6:192.168.36.99:36063], old=null at 0
2019-09-20 14:26:35,471 [b39debcb-59eb-4ff3-9b06-894e333b5be6-SegmentedRaftLogWorker:Storage Directory /workdir/hadoop-ozone/ozonefs/target/test-dir/MiniOzoneClusterImpl-338b8348-b083-46f4-a27e-fb8b70a40c3f/datanode-0/data/ratis/5857eb24-78b2-4f4e-a047-8797a8d26b4e] INFO  segmented.SegmentedRaftLogWorker (SegmentedRaftLogWorker.java:execute(569)) - b39debcb-59eb-4ff3-9b06-894e333b5be6-SegmentedRaftLogWorker:Storage Directory /workdir/hadoop-ozone/ozonefs/target/test-dir/MiniOzoneClusterImpl-338b8348-b083-46f4-a27e-fb8b70a40c3f/datanode-0/data/ratis/5857eb24-78b2-4f4e-a047-8797a8d26b4e: created new log segment /workdir/hadoop-ozone/ozonefs/target/test-dir/MiniOzoneClusterImpl-338b8348-b083-46f4-a27e-fb8b70a40c3f/datanode-0/data/ratis/5857eb24-78b2-4f4e-a047-8797a8d26b4e/current/log_inprogress_0
2019-09-20 14:26:35,471 [b39debcb-59eb-4ff3-9b06-894e333b5be6-SegmentedRaftLogWorker:Storage Directory /workdir/hadoop-ozone/ozonefs/target/test-dir/MiniOzoneClusterImpl-338b8348-b083-46f4-a27e-fb8b70a40c3f/datanode-0/data/ratis/fd4daa43-d2e4-46ae-a164-327951d6e5c7] INFO  segmented.SegmentedRaftLogWorker (SegmentedRaftLogWorker.java:execute(569)) - b39debcb-59eb-4ff3-9b06-894e333b5be6-SegmentedRaftLogWorker:Storage Directory /workdir/hadoop-ozone/ozonefs/target/test-dir/MiniOzoneClusterImpl-338b8348-b083-46f4-a27e-fb8b70a40c3f/datanode-0/data/ratis/fd4daa43-d2e4-46ae-a164-327951d6e5c7: created new log segment /workdir/hadoop-ozone/ozonefs/target/test-dir/MiniOzoneClusterImpl-338b8348-b083-46f4-a27e-fb8b70a40c3f/datanode-0/data/ratis/fd4daa43-d2e4-46ae-a164-327951d6e5c7/current/log_inprogress_0
2019-09-20 14:26:35,499 [Thread-1510] INFO  impl.FollowerState (FollowerState.java:run(106)) - b39debcb-59eb-4ff3-9b06-894e333b5be6:group-8044A431FD9C changes to CANDIDATE, lastRpcTime:5074, electionTimeout:5074ms
2019-09-20 14:26:35,499 [Thread-1510] INFO  impl.RoleInfo (RoleInfo.java:shutdownFollowerState(121)) - b39debcb-59eb-4ff3-9b06-894e333b5be6: shutdown FollowerState
2019-09-20 14:26:35,499 [Thread-1510] INFO  impl.RaftServerImpl (RaftServerImpl.java:setRole(171)) - b39debcb-59eb-4ff3-9b06-894e333b5be6:group-8044A431FD9C changes role from FOLLOWER to CANDIDATE at term 0 for changeToCandidate
2019-09-20 14:26:35,499 [Thread-1510] INFO  impl.RoleInfo (RoleInfo.java:updateAndGet(143)) - b39debcb-59eb-4ff3-9b06-894e333b5be6: start LeaderElection
2019-09-20 14:26:35,526 [b39debcb-59eb-4ff3-9b06-894e333b5be6:group-8044A431FD9C:LeaderElection92] INFO  impl.LeaderElection (LeaderElection.java:askForVotes(181)) - b39debcb-59eb-4ff3-9b06-894e333b5be6:group-8044A431FD9C:LeaderElection92: begin an election at term 1 for -1: [b39debcb-59eb-4ff3-9b06-894e333b5be6:192.168.36.99:36063], old=null
2019-09-20 14:26:35,526 [b39debcb-59eb-4ff3-9b06-894e333b5be6:group-8044A431FD9C:LeaderElection92] INFO  impl.RoleInfo (RoleInfo.java:shutdownLeaderElection(134)) - b39debcb-59eb-4ff3-9b06-894e333b5be6: shutdown LeaderElection
2019-09-20 14:26:35,526 [b39debcb-59eb-4ff3-9b06-894e333b5be6:group-8044A431FD9C:LeaderElection92] INFO  impl.RaftServerImpl (RaftServerImpl.java:setRole(171)) - b39debcb-59eb-4ff3-9b06-894e333b5be6:group-8044A431FD9C changes role from CANDIDATE to LEADER at term 1 for changeToLeader
2019-09-20 14:26:35,527 [b39debcb-59eb-4ff3-9b06-894e333b5be6:group-8044A431FD9C:LeaderElection92] INFO  impl.RaftServerImpl (ServerState.java:setLeader(263)) - b39debcb-59eb-4ff3-9b06-894e333b5be6:group-8044A431FD9C change Leader from null to b39debcb-59eb-4ff3-9b06-894e333b5be6 at term 1 for becomeLeader, leader elected after 5106ms
2019-09-20 14:26:35,527 [b39debcb-59eb-4ff3-9b06-894e333b5be6:group-8044A431FD9C:LeaderElection92] INFO  server.RaftServerConfigKeys (ConfUtils.java:logGet(43)) - raft.server.staging.catchup.gap = 1000 (default)
2019-09-20 14:26:35,527 [b39debcb-59eb-4ff3-9b06-894e333b5be6:group-8044A431FD9C:LeaderElection92] INFO  server.RaftServerConfigKeys (ConfUtils.java:logGet(43)) - raft.server.rpc.sleep.time = 25ms (default)
2019-09-20 14:26:35,527 [b39debcb-59eb-4ff3-9b06-894e333b5be6:group-8044A431FD9C:LeaderElection92] INFO  server.RaftServerConfigKeys (ConfUtils.java:logGet(43)) - raft.server.write.element-limit = 4096 (default)
2019-09-20 14:26:35,527 [b39debcb-59eb-4ff3-9b06-894e333b5be6:group-8044A431FD9C:LeaderElection92] INFO  server.RaftServerConfigKeys (ConfUtils.java:logGet(43)) - raft.server.watch.timeout = 10s (default)
2019-09-20 14:26:35,527 [b39debcb-59eb-4ff3-9b06-894e333b5be6:group-8044A431FD9C:LeaderElection92] INFO  server.RaftServerConfigKeys (ConfUtils.java:logGet(43)) - raft.server.watch.timeout.denomination = 1s (default)
2019-09-20 14:26:35,527 [b39debcb-59eb-4ff3-9b06-894e333b5be6:group-8044A431FD9C:LeaderElection92] INFO  server.RaftServerConfigKeys (ConfUtils.java:logGet(43)) - raft.server.watch.element-limit = 65536 (default)
2019-09-20 14:26:35,528 [b39debcb-59eb-4ff3-9b06-894e333b5be6:group-8044A431FD9C:LeaderElection92] INFO  impl.RoleInfo (RoleInfo.java:updateAndGet(143)) - b39debcb-59eb-4ff3-9b06-894e333b5be6: start LeaderState
2019-09-20 14:26:35,528 [b39debcb-59eb-4ff3-9b06-894e333b5be6:group-8044A431FD9C:LeaderElection92] INFO  segmented.SegmentedRaftLogWorker (SegmentedRaftLogWorker.java:startLogSegment(380)) - b39debcb-59eb-4ff3-9b06-894e333b5be6-SegmentedRaftLogWorker:Storage Directory /workdir/hadoop-ozone/ozonefs/target/test-dir/MiniOzoneClusterImpl-338b8348-b083-46f4-a27e-fb8b70a40c3f/datanode-0/data/ratis/4bba9c62-defb-488b-a6ff-8044a431fd9c: Starting segment from index:0
2019-09-20 14:26:35,529 [b39debcb-59eb-4ff3-9b06-894e333b5be6:group-8044A431FD9C:LeaderElection92] INFO  impl.RaftServerImpl (ServerState.java:setRaftConf(361)) - b39debcb-59eb-4ff3-9b06-894e333b5be6:group-8044A431FD9C set configuration 0: [b39debcb-59eb-4ff3-9b06-894e333b5be6:192.168.36.99:36063], old=null at 0
2019-09-20 14:26:35,569 [Thread-1513] INFO  impl.FollowerState (FollowerState.java:run(106)) - b39debcb-59eb-4ff3-9b06-894e333b5be6:group-E44011899AC6 changes to CANDIDATE, lastRpcTime:5086, electionTimeout:5086ms
2019-09-20 14:26:35,569 [Thread-1513] INFO  impl.RoleInfo (RoleInfo.java:shutdownFollowerState(121)) - b39debcb-59eb-4ff3-9b06-894e333b5be6: shutdown FollowerState
2019-09-20 14:26:35,569 [Thread-1513] INFO  impl.RaftServerImpl (RaftServerImpl.java:setRole(171)) - b39debcb-59eb-4ff3-9b06-894e333b5be6:group-E44011899AC6 changes role from FOLLOWER to CANDIDATE at term 0 for changeToCandidate
2019-09-20 14:26:35,569 [Thread-1513] INFO  impl.RoleInfo (RoleInfo.java:updateAndGet(143)) - b39debcb-59eb-4ff3-9b06-894e333b5be6: start LeaderElection
2019-09-20 14:26:35,576 [b39debcb-59eb-4ff3-9b06-894e333b5be6-SegmentedRaftLogWorker:Storage Directory /workdir/hadoop-ozone/ozonefs/target/test-dir/MiniOzoneClusterImpl-338b8348-b083-46f4-a27e-fb8b70a40c3f/datanode-0/data/ratis/4bba9c62-defb-488b-a6ff-8044a431fd9c] INFO  segmented.SegmentedRaftLogWorker (SegmentedRaftLogWorker.java:execute(569)) - b39debcb-59eb-4ff3-9b06-894e333b5be6-SegmentedRaftLogWorker:Storage Directory /workdir/hadoop-ozone/ozonefs/target/test-dir/MiniOzoneClusterImpl-338b8348-b083-46f4-a27e-fb8b70a40c3f/datanode-0/data/ratis/4bba9c62-defb-488b-a6ff-8044a431fd9c: created new log segment /workdir/hadoop-ozone/ozonefs/target/test-dir/MiniOzoneClusterImpl-338b8348-b083-46f4-a27e-fb8b70a40c3f/datanode-0/data/ratis/4bba9c62-defb-488b-a6ff-8044a431fd9c/current/log_inprogress_0
2019-09-20 14:26:35,591 [b39debcb-59eb-4ff3-9b06-894e333b5be6:group-E44011899AC6:LeaderElection93] INFO  impl.LeaderElection (LeaderElection.java:askForVotes(181)) - b39debcb-59eb-4ff3-9b06-894e333b5be6:group-E44011899AC6:LeaderElection93: begin an election at term 1 for -1: [b39debcb-59eb-4ff3-9b06-894e333b5be6:192.168.36.99:36063], old=null
2019-09-20 14:26:35,591 [b39debcb-59eb-4ff3-9b06-894e333b5be6:group-E44011899AC6:LeaderElection93] INFO  impl.RoleInfo (RoleInfo.java:shutdownLeaderElection(134)) - b39debcb-59eb-4ff3-9b06-894e333b5be6: shutdown LeaderElection
2019-09-20 14:26:35,592 [b39debcb-59eb-4ff3-9b06-894e333b5be6:group-E44011899AC6:LeaderElection93] INFO  impl.RaftServerImpl (RaftServerImpl.java:setRole(171)) - b39debcb-59eb-4ff3-9b06-894e333b5be6:group-E44011899AC6 changes role from CANDIDATE to LEADER at term 1 for changeToLeader
2019-09-20 14:26:35,592 [b39debcb-59eb-4ff3-9b06-894e333b5be6:group-E44011899AC6:LeaderElection93] INFO  impl.RaftServerImpl (ServerState.java:setLeader(263)) - b39debcb-59eb-4ff3-9b06-894e333b5be6:group-E44011899AC6 change Leader from null to b39debcb-59eb-4ff3-9b06-894e333b5be6 at term 1 for becomeLeader, leader elected after 5112ms
2019-09-20 14:26:35,592 [b39debcb-59eb-4ff3-9b06-894e333b5be6:group-E44011899AC6:LeaderElection93] INFO  server.RaftServerConfigKeys (ConfUtils.java:logGet(43)) - raft.server.staging.catchup.gap = 1000 (default)
2019-09-20 14:26:35,592 [b39debcb-59eb-4ff3-9b06-894e333b5be6:group-E44011899AC6:LeaderElection93] INFO  server.RaftServerConfigKeys (ConfUtils.java:logGet(43)) - raft.server.rpc.sleep.time = 25ms (default)
2019-09-20 14:26:35,592 [b39debcb-59eb-4ff3-9b06-894e333b5be6:group-E44011899AC6:LeaderElection93] INFO  server.RaftServerConfigKeys (ConfUtils.java:logGet(43)) - raft.server.write.element-limit = 4096 (default)
2019-09-20 14:26:35,592 [b39debcb-59eb-4ff3-9b06-894e333b5be6:group-E44011899AC6:LeaderElection93] INFO  server.RaftServerConfigKeys (ConfUtils.java:logGet(43)) - raft.server.watch.timeout = 10s (default)
2019-09-20 14:26:35,592 [b39debcb-59eb-4ff3-9b06-894e333b5be6:group-E44011899AC6:LeaderElection93] INFO  server.RaftServerConfigKeys (ConfUtils.java:logGet(43)) - raft.server.watch.timeout.denomination = 1s (default)
2019-09-20 14:26:35,592 [b39debcb-59eb-4ff3-9b06-894e333b5be6:group-E44011899AC6:LeaderElection93] INFO  server.RaftServerConfigKeys (ConfUtils.java:logGet(43)) - raft.server.watch.element-limit = 65536 (default)
2019-09-20 14:26:35,593 [b39debcb-59eb-4ff3-9b06-894e333b5be6:group-E44011899AC6:LeaderElection93] INFO  impl.RoleInfo (RoleInfo.java:updateAndGet(143)) - b39debcb-59eb-4ff3-9b06-894e333b5be6: start LeaderState
2019-09-20 14:26:35,593 [b39debcb-59eb-4ff3-9b06-894e333b5be6:group-E44011899AC6:LeaderElection93] INFO  segmented.SegmentedRaftLogWorker (SegmentedRaftLogWorker.java:startLogSegment(380)) - b39debcb-59eb-4ff3-9b06-894e333b5be6-SegmentedRaftLogWorker:Storage Directory /workdir/hadoop-ozone/ozonefs/target/test-dir/MiniOzoneClusterImpl-338b8348-b083-46f4-a27e-fb8b70a40c3f/datanode-0/data/ratis/c2343659-3c15-4d6e-ad2b-e44011899ac6: Starting segment from index:0
2019-09-20 14:26:35,594 [b39debcb-59eb-4ff3-9b06-894e333b5be6:group-E44011899AC6:LeaderElection93] INFO  impl.RaftServerImpl (ServerState.java:setRaftConf(361)) - b39debcb-59eb-4ff3-9b06-894e333b5be6:group-E44011899AC6 set configuration 0: [b39debcb-59eb-4ff3-9b06-894e333b5be6:192.168.36.99:36063], old=null at 0
2019-09-20 14:26:35,652 | INFO  | SCMAudit | user=jenkins1000 | ip=192.168.36.99 | op=SEND_HEARTBEAT {datanodeUUID=15297862-8e3d-471b-9ead-84c6fd00747d, command=[]} | ret=SUCCESS |  
2019-09-20 14:26:35,655 [b39debcb-59eb-4ff3-9b06-894e333b5be6-SegmentedRaftLogWorker:Storage Directory /workdir/hadoop-ozone/ozonefs/target/test-dir/MiniOzoneClusterImpl-338b8348-b083-46f4-a27e-fb8b70a40c3f/datanode-0/data/ratis/c2343659-3c15-4d6e-ad2b-e44011899ac6] INFO  segmented.SegmentedRaftLogWorker (SegmentedRaftLogWorker.java:execute(569)) - b39debcb-59eb-4ff3-9b06-894e333b5be6-SegmentedRaftLogWorker:Storage Directory /workdir/hadoop-ozone/ozonefs/target/test-dir/MiniOzoneClusterImpl-338b8348-b083-46f4-a27e-fb8b70a40c3f/datanode-0/data/ratis/c2343659-3c15-4d6e-ad2b-e44011899ac6: created new log segment /workdir/hadoop-ozone/ozonefs/target/test-dir/MiniOzoneClusterImpl-338b8348-b083-46f4-a27e-fb8b70a40c3f/datanode-0/data/ratis/c2343659-3c15-4d6e-ad2b-e44011899ac6/current/log_inprogress_0
2019-09-20 14:26:35,724 [Thread-1516] INFO  impl.FollowerState (FollowerState.java:run(106)) - b39debcb-59eb-4ff3-9b06-894e333b5be6:group-41F95B3651C5 changes to CANDIDATE, lastRpcTime:5174, electionTimeout:5174ms
2019-09-20 14:26:35,724 [Thread-1516] INFO  impl.RoleInfo (RoleInfo.java:shutdownFollowerState(121)) - b39debcb-59eb-4ff3-9b06-894e333b5be6: shutdown FollowerState
2019-09-20 14:26:35,724 [Thread-1516] INFO  impl.RaftServerImpl (RaftServerImpl.java:setRole(171)) - b39debcb-59eb-4ff3-9b06-894e333b5be6:group-41F95B3651C5 changes role from FOLLOWER to CANDIDATE at term 0 for changeToCandidate
2019-09-20 14:26:35,724 [Thread-1516] INFO  impl.RoleInfo (RoleInfo.java:updateAndGet(143)) - b39debcb-59eb-4ff3-9b06-894e333b5be6: start LeaderElection
2019-09-20 14:26:35,733 [Thread-1519] INFO  impl.FollowerState (FollowerState.java:run(106)) - b39debcb-59eb-4ff3-9b06-894e333b5be6:group-B97FE4E99A57 changes to CANDIDATE, lastRpcTime:5115, electionTimeout:5115ms
2019-09-20 14:26:35,733 [Thread-1519] INFO  impl.RoleInfo (RoleInfo.java:shutdownFollowerState(121)) - b39debcb-59eb-4ff3-9b06-894e333b5be6: shutdown FollowerState
2019-09-20 14:26:35,733 [Thread-1519] INFO  impl.RaftServerImpl (RaftServerImpl.java:setRole(171)) - b39debcb-59eb-4ff3-9b06-894e333b5be6:group-B97FE4E99A57 changes role from FOLLOWER to CANDIDATE at term 0 for changeToCandidate
2019-09-20 14:26:35,733 [Thread-1519] INFO  impl.RoleInfo (RoleInfo.java:updateAndGet(143)) - b39debcb-59eb-4ff3-9b06-894e333b5be6: start LeaderElection
2019-09-20 14:26:35,758 [Thread-1522] INFO  impl.FollowerState (FollowerState.java:run(106)) - 3d6cea60-fef1-4ae8-b4b1-1f18b9d50500:group-9DA8BD493004 changes to CANDIDATE, lastRpcTime:5071, electionTimeout:5071ms
2019-09-20 14:26:35,758 [Thread-1522] INFO  impl.RoleInfo (RoleInfo.java:shutdownFollowerState(121)) - 3d6cea60-fef1-4ae8-b4b1-1f18b9d50500: shutdown FollowerState
2019-09-20 14:26:35,758 [Thread-1522] INFO  impl.RaftServerImpl (RaftServerImpl.java:setRole(171)) - 3d6cea60-fef1-4ae8-b4b1-1f18b9d50500:group-9DA8BD493004 changes role from FOLLOWER to CANDIDATE at term 0 for changeToCandidate
2019-09-20 14:26:35,759 [Thread-1522] INFO  impl.RoleInfo (RoleInfo.java:updateAndGet(143)) - 3d6cea60-fef1-4ae8-b4b1-1f18b9d50500: start LeaderElection
2019-09-20 14:26:35,761 [b39debcb-59eb-4ff3-9b06-894e333b5be6:group-41F95B3651C5:LeaderElection94] INFO  impl.LeaderElection (LeaderElection.java:askForVotes(181)) - b39debcb-59eb-4ff3-9b06-894e333b5be6:group-41F95B3651C5:LeaderElection94: begin an election at term 1 for -1: [b39debcb-59eb-4ff3-9b06-894e333b5be6:192.168.36.99:36063], old=null
2019-09-20 14:26:35,761 [b39debcb-59eb-4ff3-9b06-894e333b5be6:group-B97FE4E99A57:LeaderElection95] INFO  impl.LeaderElection (LeaderElection.java:askForVotes(181)) - b39debcb-59eb-4ff3-9b06-894e333b5be6:group-B97FE4E99A57:LeaderElection95: begin an election at term 1 for -1: [b39debcb-59eb-4ff3-9b06-894e333b5be6:192.168.36.99:36063], old=null
2019-09-20 14:26:35,762 [b39debcb-59eb-4ff3-9b06-894e333b5be6:group-41F95B3651C5:LeaderElection94] INFO  impl.RoleInfo (RoleInfo.java:shutdownLeaderElection(134)) - b39debcb-59eb-4ff3-9b06-894e333b5be6: shutdown LeaderElection
2019-09-20 14:26:35,762 [b39debcb-59eb-4ff3-9b06-894e333b5be6:group-B97FE4E99A57:LeaderElection95] INFO  impl.RoleInfo (RoleInfo.java:shutdownLeaderElection(134)) - b39debcb-59eb-4ff3-9b06-894e333b5be6: shutdown LeaderElection
2019-09-20 14:26:35,762 [b39debcb-59eb-4ff3-9b06-894e333b5be6:group-41F95B3651C5:LeaderElection94] INFO  impl.RaftServerImpl (RaftServerImpl.java:setRole(171)) - b39debcb-59eb-4ff3-9b06-894e333b5be6:group-41F95B3651C5 changes role from CANDIDATE to LEADER at term 1 for changeToLeader
2019-09-20 14:26:35,762 [b39debcb-59eb-4ff3-9b06-894e333b5be6:group-B97FE4E99A57:LeaderElection95] INFO  impl.RaftServerImpl (RaftServerImpl.java:setRole(171)) - b39debcb-59eb-4ff3-9b06-894e333b5be6:group-B97FE4E99A57 changes role from CANDIDATE to LEADER at term 1 for changeToLeader
2019-09-20 14:26:35,762 [b39debcb-59eb-4ff3-9b06-894e333b5be6:group-41F95B3651C5:LeaderElection94] INFO  impl.RaftServerImpl (ServerState.java:setLeader(263)) - b39debcb-59eb-4ff3-9b06-894e333b5be6:group-41F95B3651C5 change Leader from null to b39debcb-59eb-4ff3-9b06-894e333b5be6 at term 1 for becomeLeader, leader elected after 5215ms
2019-09-20 14:26:35,762 [b39debcb-59eb-4ff3-9b06-894e333b5be6:group-B97FE4E99A57:LeaderElection95] INFO  impl.RaftServerImpl (ServerState.java:setLeader(263)) - b39debcb-59eb-4ff3-9b06-894e333b5be6:group-B97FE4E99A57 change Leader from null to b39debcb-59eb-4ff3-9b06-894e333b5be6 at term 1 for becomeLeader, leader elected after 5148ms
2019-09-20 14:26:35,762 [b39debcb-59eb-4ff3-9b06-894e333b5be6:group-41F95B3651C5:LeaderElection94] INFO  server.RaftServerConfigKeys (ConfUtils.java:logGet(43)) - raft.server.staging.catchup.gap = 1000 (default)
2019-09-20 14:26:35,762 [b39debcb-59eb-4ff3-9b06-894e333b5be6:group-B97FE4E99A57:LeaderElection95] INFO  server.RaftServerConfigKeys (ConfUtils.java:logGet(43)) - raft.server.staging.catchup.gap = 1000 (default)
2019-09-20 14:26:35,763 [b39debcb-59eb-4ff3-9b06-894e333b5be6:group-41F95B3651C5:LeaderElection94] INFO  server.RaftServerConfigKeys (ConfUtils.java:logGet(43)) - raft.server.rpc.sleep.time = 25ms (default)
2019-09-20 14:26:35,763 [b39debcb-59eb-4ff3-9b06-894e333b5be6:group-B97FE4E99A57:LeaderElection95] INFO  server.RaftServerConfigKeys (ConfUtils.java:logGet(43)) - raft.server.rpc.sleep.time = 25ms (default)
2019-09-20 14:26:35,763 [b39debcb-59eb-4ff3-9b06-894e333b5be6:group-41F95B3651C5:LeaderElection94] INFO  server.RaftServerConfigKeys (ConfUtils.java:logGet(43)) - raft.server.write.element-limit = 4096 (default)
2019-09-20 14:26:35,763 [b39debcb-59eb-4ff3-9b06-894e333b5be6:group-B97FE4E99A57:LeaderElection95] INFO  server.RaftServerConfigKeys (ConfUtils.java:logGet(43)) - raft.server.write.element-limit = 4096 (default)
2019-09-20 14:26:35,763 [b39debcb-59eb-4ff3-9b06-894e333b5be6:group-41F95B3651C5:LeaderElection94] INFO  server.RaftServerConfigKeys (ConfUtils.java:logGet(43)) - raft.server.watch.timeout = 10s (default)
2019-09-20 14:26:35,763 [b39debcb-59eb-4ff3-9b06-894e333b5be6:group-B97FE4E99A57:LeaderElection95] INFO  server.RaftServerConfigKeys (ConfUtils.java:logGet(43)) - raft.server.watch.timeout = 10s (default)
2019-09-20 14:26:35,763 [b39debcb-59eb-4ff3-9b06-894e333b5be6:group-41F95B3651C5:LeaderElection94] INFO  server.RaftServerConfigKeys (ConfUtils.java:logGet(43)) - raft.server.watch.timeout.denomination = 1s (default)
2019-09-20 14:26:35,763 [b39debcb-59eb-4ff3-9b06-894e333b5be6:group-B97FE4E99A57:LeaderElection95] INFO  server.RaftServerConfigKeys (ConfUtils.java:logGet(43)) - raft.server.watch.timeout.denomination = 1s (default)
2019-09-20 14:26:35,764 [b39debcb-59eb-4ff3-9b06-894e333b5be6:group-41F95B3651C5:LeaderElection94] INFO  server.RaftServerConfigKeys (ConfUtils.java:logGet(43)) - raft.server.watch.element-limit = 65536 (default)
2019-09-20 14:26:35,764 [b39debcb-59eb-4ff3-9b06-894e333b5be6:group-B97FE4E99A57:LeaderElection95] INFO  server.RaftServerConfigKeys (ConfUtils.java:logGet(43)) - raft.server.watch.element-limit = 65536 (default)
2019-09-20 14:26:35,764 [b39debcb-59eb-4ff3-9b06-894e333b5be6:group-41F95B3651C5:LeaderElection94] INFO  impl.RoleInfo (RoleInfo.java:updateAndGet(143)) - b39debcb-59eb-4ff3-9b06-894e333b5be6: start LeaderState
2019-09-20 14:26:35,764 [b39debcb-59eb-4ff3-9b06-894e333b5be6:group-B97FE4E99A57:LeaderElection95] INFO  impl.RoleInfo (RoleInfo.java:updateAndGet(143)) - b39debcb-59eb-4ff3-9b06-894e333b5be6: start LeaderState
2019-09-20 14:26:35,764 [b39debcb-59eb-4ff3-9b06-894e333b5be6:group-41F95B3651C5:LeaderElection94] INFO  segmented.SegmentedRaftLogWorker (SegmentedRaftLogWorker.java:startLogSegment(380)) - b39debcb-59eb-4ff3-9b06-894e333b5be6-SegmentedRaftLogWorker:Storage Directory /workdir/hadoop-ozone/ozonefs/target/test-dir/MiniOzoneClusterImpl-338b8348-b083-46f4-a27e-fb8b70a40c3f/datanode-0/data/ratis/957ce5f0-c326-4efa-b72b-41f95b3651c5: Starting segment from index:0
2019-09-20 14:26:35,764 [b39debcb-59eb-4ff3-9b06-894e333b5be6:group-B97FE4E99A57:LeaderElection95] INFO  segmented.SegmentedRaftLogWorker (SegmentedRaftLogWorker.java:startLogSegment(380)) - b39debcb-59eb-4ff3-9b06-894e333b5be6-SegmentedRaftLogWorker:Storage Directory /workdir/hadoop-ozone/ozonefs/target/test-dir/MiniOzoneClusterImpl-338b8348-b083-46f4-a27e-fb8b70a40c3f/datanode-0/data/ratis/eccc4449-ca86-4e1f-b42a-b97fe4e99a57: Starting segment from index:0
2019-09-20 14:26:35,765 [b39debcb-59eb-4ff3-9b06-894e333b5be6:group-41F95B3651C5:LeaderElection94] INFO  impl.RaftServerImpl (ServerState.java:setRaftConf(361)) - b39debcb-59eb-4ff3-9b06-894e333b5be6:group-41F95B3651C5 set configuration 0: [b39debcb-59eb-4ff3-9b06-894e333b5be6:192.168.36.99:36063], old=null at 0
2019-09-20 14:26:35,765 [b39debcb-59eb-4ff3-9b06-894e333b5be6:group-B97FE4E99A57:LeaderElection95] INFO  impl.RaftServerImpl (ServerState.java:setRaftConf(361)) - b39debcb-59eb-4ff3-9b06-894e333b5be6:group-B97FE4E99A57 set configuration 0: [b39debcb-59eb-4ff3-9b06-894e333b5be6:192.168.36.99:36063], old=null at 0
2019-09-20 14:26:35,784 [3d6cea60-fef1-4ae8-b4b1-1f18b9d50500:group-9DA8BD493004:LeaderElection96] INFO  impl.LeaderElection (LeaderElection.java:askForVotes(181)) - 3d6cea60-fef1-4ae8-b4b1-1f18b9d50500:group-9DA8BD493004:LeaderElection96: begin an election at term 1 for -1: [3d6cea60-fef1-4ae8-b4b1-1f18b9d50500:192.168.36.99:38255], old=null
2019-09-20 14:26:35,784 [3d6cea60-fef1-4ae8-b4b1-1f18b9d50500:group-9DA8BD493004:LeaderElection96] INFO  impl.RoleInfo (RoleInfo.java:shutdownLeaderElection(134)) - 3d6cea60-fef1-4ae8-b4b1-1f18b9d50500: shutdown LeaderElection
2019-09-20 14:26:35,784 [3d6cea60-fef1-4ae8-b4b1-1f18b9d50500:group-9DA8BD493004:LeaderElection96] INFO  impl.RaftServerImpl (RaftServerImpl.java:setRole(171)) - 3d6cea60-fef1-4ae8-b4b1-1f18b9d50500:group-9DA8BD493004 changes role from CANDIDATE to LEADER at term 1 for changeToLeader
2019-09-20 14:26:35,784 [3d6cea60-fef1-4ae8-b4b1-1f18b9d50500:group-9DA8BD493004:LeaderElection96] INFO  impl.RaftServerImpl (ServerState.java:setLeader(263)) - 3d6cea60-fef1-4ae8-b4b1-1f18b9d50500:group-9DA8BD493004 change Leader from null to 3d6cea60-fef1-4ae8-b4b1-1f18b9d50500 at term 1 for becomeLeader, leader elected after 5103ms
2019-09-20 14:26:35,784 [3d6cea60-fef1-4ae8-b4b1-1f18b9d50500:group-9DA8BD493004:LeaderElection96] INFO  server.RaftServerConfigKeys (ConfUtils.java:logGet(43)) - raft.server.staging.catchup.gap = 1000 (default)
2019-09-20 14:26:35,785 [3d6cea60-fef1-4ae8-b4b1-1f18b9d50500:group-9DA8BD493004:LeaderElection96] INFO  server.RaftServerConfigKeys (ConfUtils.java:logGet(43)) - raft.server.rpc.sleep.time = 25ms (default)
2019-09-20 14:26:35,785 [3d6cea60-fef1-4ae8-b4b1-1f18b9d50500:group-9DA8BD493004:LeaderElection96] INFO  server.RaftServerConfigKeys (ConfUtils.java:logGet(43)) - raft.server.write.element-limit = 4096 (default)
2019-09-20 14:26:35,785 [3d6cea60-fef1-4ae8-b4b1-1f18b9d50500:group-9DA8BD493004:LeaderElection96] INFO  server.RaftServerConfigKeys (ConfUtils.java:logGet(43)) - raft.server.watch.timeout = 10s (default)
2019-09-20 14:26:35,785 [3d6cea60-fef1-4ae8-b4b1-1f18b9d50500:group-9DA8BD493004:LeaderElection96] INFO  server.RaftServerConfigKeys (ConfUtils.java:logGet(43)) - raft.server.watch.timeout.denomination = 1s (default)
2019-09-20 14:26:35,785 [3d6cea60-fef1-4ae8-b4b1-1f18b9d50500:group-9DA8BD493004:LeaderElection96] INFO  server.RaftServerConfigKeys (ConfUtils.java:logGet(43)) - raft.server.watch.element-limit = 65536 (default)
2019-09-20 14:26:35,785 [3d6cea60-fef1-4ae8-b4b1-1f18b9d50500:group-9DA8BD493004:LeaderElection96] INFO  impl.RoleInfo (RoleInfo.java:updateAndGet(143)) - 3d6cea60-fef1-4ae8-b4b1-1f18b9d50500: start LeaderState
2019-09-20 14:26:35,786 [3d6cea60-fef1-4ae8-b4b1-1f18b9d50500:group-9DA8BD493004:LeaderElection96] INFO  segmented.SegmentedRaftLogWorker (SegmentedRaftLogWorker.java:startLogSegment(380)) - 3d6cea60-fef1-4ae8-b4b1-1f18b9d50500-SegmentedRaftLogWorker:Storage Directory /workdir/hadoop-ozone/ozonefs/target/test-dir/MiniOzoneClusterImpl-338b8348-b083-46f4-a27e-fb8b70a40c3f/datanode-1/data/ratis/33dd0149-7fab-4ee8-af1b-9da8bd493004: Starting segment from index:0
2019-09-20 14:26:35,786 [3d6cea60-fef1-4ae8-b4b1-1f18b9d50500:group-9DA8BD493004:LeaderElection96] INFO  impl.RaftServerImpl (ServerState.java:setRaftConf(361)) - 3d6cea60-fef1-4ae8-b4b1-1f18b9d50500:group-9DA8BD493004 set configuration 0: [3d6cea60-fef1-4ae8-b4b1-1f18b9d50500:192.168.36.99:38255], old=null at 0
2019-09-20 14:26:35,825 [b39debcb-59eb-4ff3-9b06-894e333b5be6-SegmentedRaftLogWorker:Storage Directory /workdir/hadoop-ozone/ozonefs/target/test-dir/MiniOzoneClusterImpl-338b8348-b083-46f4-a27e-fb8b70a40c3f/datanode-0/data/ratis/957ce5f0-c326-4efa-b72b-41f95b3651c5] INFO  segmented.SegmentedRaftLogWorker (SegmentedRaftLogWorker.java:execute(569)) - b39debcb-59eb-4ff3-9b06-894e333b5be6-SegmentedRaftLogWorker:Storage Directory /workdir/hadoop-ozone/ozonefs/target/test-dir/MiniOzoneClusterImpl-338b8348-b083-46f4-a27e-fb8b70a40c3f/datanode-0/data/ratis/957ce5f0-c326-4efa-b72b-41f95b3651c5: created new log segment /workdir/hadoop-ozone/ozonefs/target/test-dir/MiniOzoneClusterImpl-338b8348-b083-46f4-a27e-fb8b70a40c3f/datanode-0/data/ratis/957ce5f0-c326-4efa-b72b-41f95b3651c5/current/log_inprogress_0
2019-09-20 14:26:35,825 [b39debcb-59eb-4ff3-9b06-894e333b5be6-SegmentedRaftLogWorker:Storage Directory /workdir/hadoop-ozone/ozonefs/target/test-dir/MiniOzoneClusterImpl-338b8348-b083-46f4-a27e-fb8b70a40c3f/datanode-0/data/ratis/eccc4449-ca86-4e1f-b42a-b97fe4e99a57] INFO  segmented.SegmentedRaftLogWorker (SegmentedRaftLogWorker.java:execute(569)) - b39debcb-59eb-4ff3-9b06-894e333b5be6-SegmentedRaftLogWorker:Storage Directory /workdir/hadoop-ozone/ozonefs/target/test-dir/MiniOzoneClusterImpl-338b8348-b083-46f4-a27e-fb8b70a40c3f/datanode-0/data/ratis/eccc4449-ca86-4e1f-b42a-b97fe4e99a57: created new log segment /workdir/hadoop-ozone/ozonefs/target/test-dir/MiniOzoneClusterImpl-338b8348-b083-46f4-a27e-fb8b70a40c3f/datanode-0/data/ratis/eccc4449-ca86-4e1f-b42a-b97fe4e99a57/current/log_inprogress_0
2019-09-20 14:26:35,848 [3d6cea60-fef1-4ae8-b4b1-1f18b9d50500-SegmentedRaftLogWorker:Storage Directory /workdir/hadoop-ozone/ozonefs/target/test-dir/MiniOzoneClusterImpl-338b8348-b083-46f4-a27e-fb8b70a40c3f/datanode-1/data/ratis/33dd0149-7fab-4ee8-af1b-9da8bd493004] INFO  segmented.SegmentedRaftLogWorker (SegmentedRaftLogWorker.java:execute(569)) - 3d6cea60-fef1-4ae8-b4b1-1f18b9d50500-SegmentedRaftLogWorker:Storage Directory /workdir/hadoop-ozone/ozonefs/target/test-dir/MiniOzoneClusterImpl-338b8348-b083-46f4-a27e-fb8b70a40c3f/datanode-1/data/ratis/33dd0149-7fab-4ee8-af1b-9da8bd493004: created new log segment /workdir/hadoop-ozone/ozonefs/target/test-dir/MiniOzoneClusterImpl-338b8348-b083-46f4-a27e-fb8b70a40c3f/datanode-1/data/ratis/33dd0149-7fab-4ee8-af1b-9da8bd493004/current/log_inprogress_0
2019-09-20 14:26:35,917 [Thread-1525] INFO  impl.FollowerState (FollowerState.java:run(106)) - 3d6cea60-fef1-4ae8-b4b1-1f18b9d50500:group-B88A80290EB4 changes to CANDIDATE, lastRpcTime:5180, electionTimeout:5180ms
2019-09-20 14:26:35,917 [Thread-1525] INFO  impl.RoleInfo (RoleInfo.java:shutdownFollowerState(121)) - 3d6cea60-fef1-4ae8-b4b1-1f18b9d50500: shutdown FollowerState
2019-09-20 14:26:35,918 [Thread-1525] INFO  impl.RaftServerImpl (RaftServerImpl.java:setRole(171)) - 3d6cea60-fef1-4ae8-b4b1-1f18b9d50500:group-B88A80290EB4 changes role from FOLLOWER to CANDIDATE at term 0 for changeToCandidate
2019-09-20 14:26:35,918 [Thread-1525] INFO  impl.RoleInfo (RoleInfo.java:updateAndGet(143)) - 3d6cea60-fef1-4ae8-b4b1-1f18b9d50500: start LeaderElection
2019-09-20 14:26:35,944 [3d6cea60-fef1-4ae8-b4b1-1f18b9d50500:group-B88A80290EB4:LeaderElection97] INFO  impl.LeaderElection (LeaderElection.java:askForVotes(181)) - 3d6cea60-fef1-4ae8-b4b1-1f18b9d50500:group-B88A80290EB4:LeaderElection97: begin an election at term 1 for -1: [3d6cea60-fef1-4ae8-b4b1-1f18b9d50500:192.168.36.99:38255], old=null
2019-09-20 14:26:35,944 [3d6cea60-fef1-4ae8-b4b1-1f18b9d50500:group-B88A80290EB4:LeaderElection97] INFO  impl.RoleInfo (RoleInfo.java:shutdownLeaderElection(134)) - 3d6cea60-fef1-4ae8-b4b1-1f18b9d50500: shutdown LeaderElection
2019-09-20 14:26:35,944 [3d6cea60-fef1-4ae8-b4b1-1f18b9d50500:group-B88A80290EB4:LeaderElection97] INFO  impl.RaftServerImpl (RaftServerImpl.java:setRole(171)) - 3d6cea60-fef1-4ae8-b4b1-1f18b9d50500:group-B88A80290EB4 changes role from CANDIDATE to LEADER at term 1 for changeToLeader
2019-09-20 14:26:35,945 [3d6cea60-fef1-4ae8-b4b1-1f18b9d50500:group-B88A80290EB4:LeaderElection97] INFO  impl.RaftServerImpl (ServerState.java:setLeader(263)) - 3d6cea60-fef1-4ae8-b4b1-1f18b9d50500:group-B88A80290EB4 change Leader from null to 3d6cea60-fef1-4ae8-b4b1-1f18b9d50500 at term 1 for becomeLeader, leader elected after 5212ms
2019-09-20 14:26:35,945 [3d6cea60-fef1-4ae8-b4b1-1f18b9d50500:group-B88A80290EB4:LeaderElection97] INFO  server.RaftServerConfigKeys (ConfUtils.java:logGet(43)) - raft.server.staging.catchup.gap = 1000 (default)
2019-09-20 14:26:35,945 [3d6cea60-fef1-4ae8-b4b1-1f18b9d50500:group-B88A80290EB4:LeaderElection97] INFO  server.RaftServerConfigKeys (ConfUtils.java:logGet(43)) - raft.server.rpc.sleep.time = 25ms (default)
2019-09-20 14:26:35,945 [3d6cea60-fef1-4ae8-b4b1-1f18b9d50500:group-B88A80290EB4:LeaderElection97] INFO  server.RaftServerConfigKeys (ConfUtils.java:logGet(43)) - raft.server.write.element-limit = 4096 (default)
2019-09-20 14:26:35,945 [3d6cea60-fef1-4ae8-b4b1-1f18b9d50500:group-B88A80290EB4:LeaderElection97] INFO  server.RaftServerConfigKeys (ConfUtils.java:logGet(43)) - raft.server.watch.timeout = 10s (default)
2019-09-20 14:26:35,945 [3d6cea60-fef1-4ae8-b4b1-1f18b9d50500:group-B88A80290EB4:LeaderElection97] INFO  server.RaftServerConfigKeys (ConfUtils.java:logGet(43)) - raft.server.watch.timeout.denomination = 1s (default)
2019-09-20 14:26:35,945 [3d6cea60-fef1-4ae8-b4b1-1f18b9d50500:group-B88A80290EB4:LeaderElection97] INFO  server.RaftServerConfigKeys (ConfUtils.java:logGet(43)) - raft.server.watch.element-limit = 65536 (default)
2019-09-20 14:26:35,946 [3d6cea60-fef1-4ae8-b4b1-1f18b9d50500:group-B88A80290EB4:LeaderElection97] INFO  impl.RoleInfo (RoleInfo.java:updateAndGet(143)) - 3d6cea60-fef1-4ae8-b4b1-1f18b9d50500: start LeaderState
2019-09-20 14:26:35,946 [3d6cea60-fef1-4ae8-b4b1-1f18b9d50500:group-B88A80290EB4:LeaderElection97] INFO  segmented.SegmentedRaftLogWorker (SegmentedRaftLogWorker.java:startLogSegment(380)) - 3d6cea60-fef1-4ae8-b4b1-1f18b9d50500-SegmentedRaftLogWorker:Storage Directory /workdir/hadoop-ozone/ozonefs/target/test-dir/MiniOzoneClusterImpl-338b8348-b083-46f4-a27e-fb8b70a40c3f/datanode-1/data/ratis/02a87bec-8664-47c6-9c33-b88a80290eb4: Starting segment from index:0
2019-09-20 14:26:35,946 [3d6cea60-fef1-4ae8-b4b1-1f18b9d50500:group-B88A80290EB4:LeaderElection97] INFO  impl.RaftServerImpl (ServerState.java:setRaftConf(361)) - 3d6cea60-fef1-4ae8-b4b1-1f18b9d50500:group-B88A80290EB4 set configuration 0: [3d6cea60-fef1-4ae8-b4b1-1f18b9d50500:192.168.36.99:38255], old=null at 0
2019-09-20 14:26:35,978 [Thread-1528] INFO  impl.FollowerState (FollowerState.java:run(106)) - 3d6cea60-fef1-4ae8-b4b1-1f18b9d50500:group-93EAEC66371D changes to CANDIDATE, lastRpcTime:5157, electionTimeout:5157ms
2019-09-20 14:26:35,979 [Thread-1528] INFO  impl.RoleInfo (RoleInfo.java:shutdownFollowerState(121)) - 3d6cea60-fef1-4ae8-b4b1-1f18b9d50500: shutdown FollowerState
2019-09-20 14:26:35,979 [Thread-1528] INFO  impl.RaftServerImpl (RaftServerImpl.java:setRole(171)) - 3d6cea60-fef1-4ae8-b4b1-1f18b9d50500:group-93EAEC66371D changes role from FOLLOWER to CANDIDATE at term 0 for changeToCandidate
2019-09-20 14:26:35,979 [Thread-1528] INFO  impl.RoleInfo (RoleInfo.java:updateAndGet(143)) - 3d6cea60-fef1-4ae8-b4b1-1f18b9d50500: start LeaderElection
2019-09-20 14:26:36,008 [3d6cea60-fef1-4ae8-b4b1-1f18b9d50500-SegmentedRaftLogWorker:Storage Directory /workdir/hadoop-ozone/ozonefs/target/test-dir/MiniOzoneClusterImpl-338b8348-b083-46f4-a27e-fb8b70a40c3f/datanode-1/data/ratis/02a87bec-8664-47c6-9c33-b88a80290eb4] INFO  segmented.SegmentedRaftLogWorker (SegmentedRaftLogWorker.java:execute(569)) - 3d6cea60-fef1-4ae8-b4b1-1f18b9d50500-SegmentedRaftLogWorker:Storage Directory /workdir/hadoop-ozone/ozonefs/target/test-dir/MiniOzoneClusterImpl-338b8348-b083-46f4-a27e-fb8b70a40c3f/datanode-1/data/ratis/02a87bec-8664-47c6-9c33-b88a80290eb4: created new log segment /workdir/hadoop-ozone/ozonefs/target/test-dir/MiniOzoneClusterImpl-338b8348-b083-46f4-a27e-fb8b70a40c3f/datanode-1/data/ratis/02a87bec-8664-47c6-9c33-b88a80290eb4/current/log_inprogress_0
2019-09-20 14:26:36,008 [3d6cea60-fef1-4ae8-b4b1-1f18b9d50500:group-93EAEC66371D:LeaderElection98] INFO  impl.LeaderElection (LeaderElection.java:askForVotes(181)) - 3d6cea60-fef1-4ae8-b4b1-1f18b9d50500:group-93EAEC66371D:LeaderElection98: begin an election at term 1 for -1: [3d6cea60-fef1-4ae8-b4b1-1f18b9d50500:192.168.36.99:38255], old=null
2019-09-20 14:26:36,008 [3d6cea60-fef1-4ae8-b4b1-1f18b9d50500:group-93EAEC66371D:LeaderElection98] INFO  impl.RoleInfo (RoleInfo.java:shutdownLeaderElection(134)) - 3d6cea60-fef1-4ae8-b4b1-1f18b9d50500: shutdown LeaderElection
2019-09-20 14:26:36,008 [3d6cea60-fef1-4ae8-b4b1-1f18b9d50500:group-93EAEC66371D:LeaderElection98] INFO  impl.RaftServerImpl (RaftServerImpl.java:setRole(171)) - 3d6cea60-fef1-4ae8-b4b1-1f18b9d50500:group-93EAEC66371D changes role from CANDIDATE to LEADER at term 1 for changeToLeader
2019-09-20 14:26:36,008 [3d6cea60-fef1-4ae8-b4b1-1f18b9d50500:group-93EAEC66371D:LeaderElection98] INFO  impl.RaftServerImpl (ServerState.java:setLeader(263)) - 3d6cea60-fef1-4ae8-b4b1-1f18b9d50500:group-93EAEC66371D change Leader from null to 3d6cea60-fef1-4ae8-b4b1-1f18b9d50500 at term 1 for becomeLeader, leader elected after 5192ms
2019-09-20 14:26:36,009 [3d6cea60-fef1-4ae8-b4b1-1f18b9d50500:group-93EAEC66371D:LeaderElection98] INFO  server.RaftServerConfigKeys (ConfUtils.java:logGet(43)) - raft.server.staging.catchup.gap = 1000 (default)
2019-09-20 14:26:36,009 [3d6cea60-fef1-4ae8-b4b1-1f18b9d50500:group-93EAEC66371D:LeaderElection98] INFO  server.RaftServerConfigKeys (ConfUtils.java:logGet(43)) - raft.server.rpc.sleep.time = 25ms (default)
2019-09-20 14:26:36,009 [3d6cea60-fef1-4ae8-b4b1-1f18b9d50500:group-93EAEC66371D:LeaderElection98] INFO  server.RaftServerConfigKeys (ConfUtils.java:logGet(43)) - raft.server.write.element-limit = 4096 (default)
2019-09-20 14:26:36,009 [3d6cea60-fef1-4ae8-b4b1-1f18b9d50500:group-93EAEC66371D:LeaderElection98] INFO  server.RaftServerConfigKeys (ConfUtils.java:logGet(43)) - raft.server.watch.timeout = 10s (default)
2019-09-20 14:26:36,009 [3d6cea60-fef1-4ae8-b4b1-1f18b9d50500:group-93EAEC66371D:LeaderElection98] INFO  server.RaftServerConfigKeys (ConfUtils.java:logGet(43)) - raft.server.watch.timeout.denomination = 1s (default)
2019-09-20 14:26:36,009 [3d6cea60-fef1-4ae8-b4b1-1f18b9d50500:group-93EAEC66371D:LeaderElection98] INFO  server.RaftServerConfigKeys (ConfUtils.java:logGet(43)) - raft.server.watch.element-limit = 65536 (default)
2019-09-20 14:26:36,010 [3d6cea60-fef1-4ae8-b4b1-1f18b9d50500:group-93EAEC66371D:LeaderElection98] INFO  impl.RoleInfo (RoleInfo.java:updateAndGet(143)) - 3d6cea60-fef1-4ae8-b4b1-1f18b9d50500: start LeaderState
2019-09-20 14:26:36,010 [3d6cea60-fef1-4ae8-b4b1-1f18b9d50500:group-93EAEC66371D:LeaderElection98] INFO  segmented.SegmentedRaftLogWorker (SegmentedRaftLogWorker.java:startLogSegment(380)) - 3d6cea60-fef1-4ae8-b4b1-1f18b9d50500-SegmentedRaftLogWorker:Storage Directory /workdir/hadoop-ozone/ozonefs/target/test-dir/MiniOzoneClusterImpl-338b8348-b083-46f4-a27e-fb8b70a40c3f/datanode-1/data/ratis/a48919cb-28a2-47f6-bf4a-93eaec66371d: Starting segment from index:0
2019-09-20 14:26:36,011 [3d6cea60-fef1-4ae8-b4b1-1f18b9d50500:group-93EAEC66371D:LeaderElection98] INFO  impl.RaftServerImpl (ServerState.java:setRaftConf(361)) - 3d6cea60-fef1-4ae8-b4b1-1f18b9d50500:group-93EAEC66371D set configuration 0: [3d6cea60-fef1-4ae8-b4b1-1f18b9d50500:192.168.36.99:38255], old=null at 0
2019-09-20 14:26:36,012 [Thread-1531] INFO  impl.FollowerState (FollowerState.java:run(106)) - 15297862-8e3d-471b-9ead-84c6fd00747d:group-39F8634A7EE3 changes to CANDIDATE, lastRpcTime:5123, electionTimeout:5123ms
2019-09-20 14:26:36,012 [Thread-1531] INFO  impl.RoleInfo (RoleInfo.java:shutdownFollowerState(121)) - 15297862-8e3d-471b-9ead-84c6fd00747d: shutdown FollowerState
2019-09-20 14:26:36,012 [Thread-1531] INFO  impl.RaftServerImpl (RaftServerImpl.java:setRole(171)) - 15297862-8e3d-471b-9ead-84c6fd00747d:group-39F8634A7EE3 changes role from FOLLOWER to CANDIDATE at term 0 for changeToCandidate
2019-09-20 14:26:36,012 [Thread-1531] INFO  impl.RoleInfo (RoleInfo.java:updateAndGet(143)) - 15297862-8e3d-471b-9ead-84c6fd00747d: start LeaderElection
2019-09-20 14:26:36,069 [Thread-1534] INFO  impl.FollowerState (FollowerState.java:run(106)) - 3d6cea60-fef1-4ae8-b4b1-1f18b9d50500:group-71841A6926A8 changes to CANDIDATE, lastRpcTime:5129, electionTimeout:5129ms
2019-09-20 14:26:36,069 [Thread-1534] INFO  impl.RoleInfo (RoleInfo.java:shutdownFollowerState(121)) - 3d6cea60-fef1-4ae8-b4b1-1f18b9d50500: shutdown FollowerState
2019-09-20 14:26:36,069 [Thread-1534] INFO  impl.RaftServerImpl (RaftServerImpl.java:setRole(171)) - 3d6cea60-fef1-4ae8-b4b1-1f18b9d50500:group-71841A6926A8 changes role from FOLLOWER to CANDIDATE at term 0 for changeToCandidate
2019-09-20 14:26:36,069 [Thread-1534] INFO  impl.RoleInfo (RoleInfo.java:updateAndGet(143)) - 3d6cea60-fef1-4ae8-b4b1-1f18b9d50500: start LeaderElection
2019-09-20 14:26:36,072 [3d6cea60-fef1-4ae8-b4b1-1f18b9d50500-SegmentedRaftLogWorker:Storage Directory /workdir/hadoop-ozone/ozonefs/target/test-dir/MiniOzoneClusterImpl-338b8348-b083-46f4-a27e-fb8b70a40c3f/datanode-1/data/ratis/a48919cb-28a2-47f6-bf4a-93eaec66371d] INFO  segmented.SegmentedRaftLogWorker (SegmentedRaftLogWorker.java:execute(569)) - 3d6cea60-fef1-4ae8-b4b1-1f18b9d50500-SegmentedRaftLogWorker:Storage Directory /workdir/hadoop-ozone/ozonefs/target/test-dir/MiniOzoneClusterImpl-338b8348-b083-46f4-a27e-fb8b70a40c3f/datanode-1/data/ratis/a48919cb-28a2-47f6-bf4a-93eaec66371d: created new log segment /workdir/hadoop-ozone/ozonefs/target/test-dir/MiniOzoneClusterImpl-338b8348-b083-46f4-a27e-fb8b70a40c3f/datanode-1/data/ratis/a48919cb-28a2-47f6-bf4a-93eaec66371d/current/log_inprogress_0
2019-09-20 14:26:36,072 [15297862-8e3d-471b-9ead-84c6fd00747d:group-39F8634A7EE3:LeaderElection99] INFO  impl.LeaderElection (LeaderElection.java:askForVotes(181)) - 15297862-8e3d-471b-9ead-84c6fd00747d:group-39F8634A7EE3:LeaderElection99: begin an election at term 1 for -1: [15297862-8e3d-471b-9ead-84c6fd00747d:192.168.36.99:41872], old=null
2019-09-20 14:26:36,072 [15297862-8e3d-471b-9ead-84c6fd00747d:group-39F8634A7EE3:LeaderElection99] INFO  impl.RoleInfo (RoleInfo.java:shutdownLeaderElection(134)) - 15297862-8e3d-471b-9ead-84c6fd00747d: shutdown LeaderElection
2019-09-20 14:26:36,072 [15297862-8e3d-471b-9ead-84c6fd00747d:group-39F8634A7EE3:LeaderElection99] INFO  impl.RaftServerImpl (RaftServerImpl.java:setRole(171)) - 15297862-8e3d-471b-9ead-84c6fd00747d:group-39F8634A7EE3 changes role from CANDIDATE to LEADER at term 1 for changeToLeader
2019-09-20 14:26:36,072 [15297862-8e3d-471b-9ead-84c6fd00747d:group-39F8634A7EE3:LeaderElection99] INFO  impl.RaftServerImpl (ServerState.java:setLeader(263)) - 15297862-8e3d-471b-9ead-84c6fd00747d:group-39F8634A7EE3 change Leader from null to 15297862-8e3d-471b-9ead-84c6fd00747d at term 1 for becomeLeader, leader elected after 5188ms
2019-09-20 14:26:36,072 [15297862-8e3d-471b-9ead-84c6fd00747d:group-39F8634A7EE3:LeaderElection99] INFO  server.RaftServerConfigKeys (ConfUtils.java:logGet(43)) - raft.server.staging.catchup.gap = 1000 (default)
2019-09-20 14:26:36,073 [15297862-8e3d-471b-9ead-84c6fd00747d:group-39F8634A7EE3:LeaderElection99] INFO  server.RaftServerConfigKeys (ConfUtils.java:logGet(43)) - raft.server.rpc.sleep.time = 25ms (default)
2019-09-20 14:26:36,073 [15297862-8e3d-471b-9ead-84c6fd00747d:group-39F8634A7EE3:LeaderElection99] INFO  server.RaftServerConfigKeys (ConfUtils.java:logGet(43)) - raft.server.write.element-limit = 4096 (default)
2019-09-20 14:26:36,073 [15297862-8e3d-471b-9ead-84c6fd00747d:group-39F8634A7EE3:LeaderElection99] INFO  server.RaftServerConfigKeys (ConfUtils.java:logGet(43)) - raft.server.watch.timeout = 10s (default)
2019-09-20 14:26:36,073 [15297862-8e3d-471b-9ead-84c6fd00747d:group-39F8634A7EE3:LeaderElection99] INFO  server.RaftServerConfigKeys (ConfUtils.java:logGet(43)) - raft.server.watch.timeout.denomination = 1s (default)
2019-09-20 14:26:36,073 [15297862-8e3d-471b-9ead-84c6fd00747d:group-39F8634A7EE3:LeaderElection99] INFO  server.RaftServerConfigKeys (ConfUtils.java:logGet(43)) - raft.server.watch.element-limit = 65536 (default)
2019-09-20 14:26:36,073 [15297862-8e3d-471b-9ead-84c6fd00747d:group-39F8634A7EE3:LeaderElection99] INFO  impl.RoleInfo (RoleInfo.java:updateAndGet(143)) - 15297862-8e3d-471b-9ead-84c6fd00747d: start LeaderState
2019-09-20 14:26:36,074 [15297862-8e3d-471b-9ead-84c6fd00747d:group-39F8634A7EE3:LeaderElection99] INFO  segmented.SegmentedRaftLogWorker (SegmentedRaftLogWorker.java:startLogSegment(380)) - 15297862-8e3d-471b-9ead-84c6fd00747d-SegmentedRaftLogWorker:Storage Directory /workdir/hadoop-ozone/ozonefs/target/test-dir/MiniOzoneClusterImpl-338b8348-b083-46f4-a27e-fb8b70a40c3f/datanode-2/data/ratis/335344dd-0ed6-46fd-b053-39f8634a7ee3: Starting segment from index:0
2019-09-20 14:26:36,074 [15297862-8e3d-471b-9ead-84c6fd00747d:group-39F8634A7EE3:LeaderElection99] INFO  impl.RaftServerImpl (ServerState.java:setRaftConf(361)) - 15297862-8e3d-471b-9ead-84c6fd00747d:group-39F8634A7EE3 set configuration 0: [15297862-8e3d-471b-9ead-84c6fd00747d:192.168.36.99:41872], old=null at 0
2019-09-20 14:26:36,095 [3d6cea60-fef1-4ae8-b4b1-1f18b9d50500:group-71841A6926A8:LeaderElection100] INFO  impl.LeaderElection (LeaderElection.java:askForVotes(181)) - 3d6cea60-fef1-4ae8-b4b1-1f18b9d50500:group-71841A6926A8:LeaderElection100: begin an election at term 1 for -1: [3d6cea60-fef1-4ae8-b4b1-1f18b9d50500:192.168.36.99:38255], old=null
2019-09-20 14:26:36,095 [3d6cea60-fef1-4ae8-b4b1-1f18b9d50500:group-71841A6926A8:LeaderElection100] INFO  impl.RoleInfo (RoleInfo.java:shutdownLeaderElection(134)) - 3d6cea60-fef1-4ae8-b4b1-1f18b9d50500: shutdown LeaderElection
2019-09-20 14:26:36,095 [3d6cea60-fef1-4ae8-b4b1-1f18b9d50500:group-71841A6926A8:LeaderElection100] INFO  impl.RaftServerImpl (RaftServerImpl.java:setRole(171)) - 3d6cea60-fef1-4ae8-b4b1-1f18b9d50500:group-71841A6926A8 changes role from CANDIDATE to LEADER at term 1 for changeToLeader
2019-09-20 14:26:36,096 [3d6cea60-fef1-4ae8-b4b1-1f18b9d50500:group-71841A6926A8:LeaderElection100] INFO  impl.RaftServerImpl (ServerState.java:setLeader(263)) - 3d6cea60-fef1-4ae8-b4b1-1f18b9d50500:group-71841A6926A8 change Leader from null to 3d6cea60-fef1-4ae8-b4b1-1f18b9d50500 at term 1 for becomeLeader, leader elected after 5161ms
2019-09-20 14:26:36,096 [3d6cea60-fef1-4ae8-b4b1-1f18b9d50500:group-71841A6926A8:LeaderElection100] INFO  server.RaftServerConfigKeys (ConfUtils.java:logGet(43)) - raft.server.staging.catchup.gap = 1000 (default)
2019-09-20 14:26:36,096 [3d6cea60-fef1-4ae8-b4b1-1f18b9d50500:group-71841A6926A8:LeaderElection100] INFO  server.RaftServerConfigKeys (ConfUtils.java:logGet(43)) - raft.server.rpc.sleep.time = 25ms (default)
2019-09-20 14:26:36,096 [3d6cea60-fef1-4ae8-b4b1-1f18b9d50500:group-71841A6926A8:LeaderElection100] INFO  server.RaftServerConfigKeys (ConfUtils.java:logGet(43)) - raft.server.write.element-limit = 4096 (default)
2019-09-20 14:26:36,096 [3d6cea60-fef1-4ae8-b4b1-1f18b9d50500:group-71841A6926A8:LeaderElection100] INFO  server.RaftServerConfigKeys (ConfUtils.java:logGet(43)) - raft.server.watch.timeout = 10s (default)
2019-09-20 14:26:36,096 [3d6cea60-fef1-4ae8-b4b1-1f18b9d50500:group-71841A6926A8:LeaderElection100] INFO  server.RaftServerConfigKeys (ConfUtils.java:logGet(43)) - raft.server.watch.timeout.denomination = 1s (default)
2019-09-20 14:26:36,096 [3d6cea60-fef1-4ae8-b4b1-1f18b9d50500:group-71841A6926A8:LeaderElection100] INFO  server.RaftServerConfigKeys (ConfUtils.java:logGet(43)) - raft.server.watch.element-limit = 65536 (default)
2019-09-20 14:26:36,096 [3d6cea60-fef1-4ae8-b4b1-1f18b9d50500:group-71841A6926A8:LeaderElection100] INFO  impl.RoleInfo (RoleInfo.java:updateAndGet(143)) - 3d6cea60-fef1-4ae8-b4b1-1f18b9d50500: start LeaderState
2019-09-20 14:26:36,097 [3d6cea60-fef1-4ae8-b4b1-1f18b9d50500:group-71841A6926A8:LeaderElection100] INFO  segmented.SegmentedRaftLogWorker (SegmentedRaftLogWorker.java:startLogSegment(380)) - 3d6cea60-fef1-4ae8-b4b1-1f18b9d50500-SegmentedRaftLogWorker:Storage Directory /workdir/hadoop-ozone/ozonefs/target/test-dir/MiniOzoneClusterImpl-338b8348-b083-46f4-a27e-fb8b70a40c3f/datanode-1/data/ratis/361b4ef9-9b1b-4cd4-86ae-71841a6926a8: Starting segment from index:0
2019-09-20 14:26:36,097 [3d6cea60-fef1-4ae8-b4b1-1f18b9d50500:group-71841A6926A8:LeaderElection100] INFO  impl.RaftServerImpl (ServerState.java:setRaftConf(361)) - 3d6cea60-fef1-4ae8-b4b1-1f18b9d50500:group-71841A6926A8 set configuration 0: [3d6cea60-fef1-4ae8-b4b1-1f18b9d50500:192.168.36.99:38255], old=null at 0
2019-09-20 14:26:36,146 [15297862-8e3d-471b-9ead-84c6fd00747d-SegmentedRaftLogWorker:Storage Directory /workdir/hadoop-ozone/ozonefs/target/test-dir/MiniOzoneClusterImpl-338b8348-b083-46f4-a27e-fb8b70a40c3f/datanode-2/data/ratis/335344dd-0ed6-46fd-b053-39f8634a7ee3] INFO  segmented.SegmentedRaftLogWorker (SegmentedRaftLogWorker.java:execute(569)) - 15297862-8e3d-471b-9ead-84c6fd00747d-SegmentedRaftLogWorker:Storage Directory /workdir/hadoop-ozone/ozonefs/target/test-dir/MiniOzoneClusterImpl-338b8348-b083-46f4-a27e-fb8b70a40c3f/datanode-2/data/ratis/335344dd-0ed6-46fd-b053-39f8634a7ee3: created new log segment /workdir/hadoop-ozone/ozonefs/target/test-dir/MiniOzoneClusterImpl-338b8348-b083-46f4-a27e-fb8b70a40c3f/datanode-2/data/ratis/335344dd-0ed6-46fd-b053-39f8634a7ee3/current/log_inprogress_0
2019-09-20 14:26:36,148 [Thread-1543] INFO  impl.FollowerState (FollowerState.java:run(106)) - 15297862-8e3d-471b-9ead-84c6fd00747d:group-0B382704A0DF changes to CANDIDATE, lastRpcTime:5024, electionTimeout:5024ms
2019-09-20 14:26:36,148 [Thread-1543] INFO  impl.RoleInfo (RoleInfo.java:shutdownFollowerState(121)) - 15297862-8e3d-471b-9ead-84c6fd00747d: shutdown FollowerState
2019-09-20 14:26:36,149 [Thread-1543] INFO  impl.RaftServerImpl (RaftServerImpl.java:setRole(171)) - 15297862-8e3d-471b-9ead-84c6fd00747d:group-0B382704A0DF changes role from FOLLOWER to CANDIDATE at term 0 for changeToCandidate
2019-09-20 14:26:36,149 [Thread-1543] INFO  impl.RoleInfo (RoleInfo.java:updateAndGet(143)) - 15297862-8e3d-471b-9ead-84c6fd00747d: start LeaderElection
2019-09-20 14:26:36,160 [Thread-1537] INFO  impl.FollowerState (FollowerState.java:run(106)) - 3d6cea60-fef1-4ae8-b4b1-1f18b9d50500:group-DA2FC0BAC68B changes to CANDIDATE, lastRpcTime:5162, electionTimeout:5162ms
2019-09-20 14:26:36,160 [Thread-1537] INFO  impl.RoleInfo (RoleInfo.java:shutdownFollowerState(121)) - 3d6cea60-fef1-4ae8-b4b1-1f18b9d50500: shutdown FollowerState
2019-09-20 14:26:36,160 [Thread-1537] INFO  impl.RaftServerImpl (RaftServerImpl.java:setRole(171)) - 3d6cea60-fef1-4ae8-b4b1-1f18b9d50500:group-DA2FC0BAC68B changes role from FOLLOWER to CANDIDATE at term 0 for changeToCandidate
2019-09-20 14:26:36,160 [Thread-1537] INFO  impl.RoleInfo (RoleInfo.java:updateAndGet(143)) - 3d6cea60-fef1-4ae8-b4b1-1f18b9d50500: start LeaderElection
2019-09-20 14:26:36,163 [3d6cea60-fef1-4ae8-b4b1-1f18b9d50500-SegmentedRaftLogWorker:Storage Directory /workdir/hadoop-ozone/ozonefs/target/test-dir/MiniOzoneClusterImpl-338b8348-b083-46f4-a27e-fb8b70a40c3f/datanode-1/data/ratis/361b4ef9-9b1b-4cd4-86ae-71841a6926a8] INFO  segmented.SegmentedRaftLogWorker (SegmentedRaftLogWorker.java:execute(569)) - 3d6cea60-fef1-4ae8-b4b1-1f18b9d50500-SegmentedRaftLogWorker:Storage Directory /workdir/hadoop-ozone/ozonefs/target/test-dir/MiniOzoneClusterImpl-338b8348-b083-46f4-a27e-fb8b70a40c3f/datanode-1/data/ratis/361b4ef9-9b1b-4cd4-86ae-71841a6926a8: created new log segment /workdir/hadoop-ozone/ozonefs/target/test-dir/MiniOzoneClusterImpl-338b8348-b083-46f4-a27e-fb8b70a40c3f/datanode-1/data/ratis/361b4ef9-9b1b-4cd4-86ae-71841a6926a8/current/log_inprogress_0
2019-09-20 14:26:36,181 [15297862-8e3d-471b-9ead-84c6fd00747d:group-0B382704A0DF:LeaderElection101] INFO  impl.LeaderElection (LeaderElection.java:askForVotes(181)) - 15297862-8e3d-471b-9ead-84c6fd00747d:group-0B382704A0DF:LeaderElection101: begin an election at term 1 for -1: [15297862-8e3d-471b-9ead-84c6fd00747d:192.168.36.99:41872], old=null
2019-09-20 14:26:36,181 [3d6cea60-fef1-4ae8-b4b1-1f18b9d50500:group-DA2FC0BAC68B:LeaderElection102] INFO  impl.LeaderElection (LeaderElection.java:askForVotes(181)) - 3d6cea60-fef1-4ae8-b4b1-1f18b9d50500:group-DA2FC0BAC68B:LeaderElection102: begin an election at term 1 for -1: [3d6cea60-fef1-4ae8-b4b1-1f18b9d50500:192.168.36.99:38255], old=null
2019-09-20 14:26:36,181 [15297862-8e3d-471b-9ead-84c6fd00747d:group-0B382704A0DF:LeaderElection101] INFO  impl.RoleInfo (RoleInfo.java:shutdownLeaderElection(134)) - 15297862-8e3d-471b-9ead-84c6fd00747d: shutdown LeaderElection
2019-09-20 14:26:36,181 [3d6cea60-fef1-4ae8-b4b1-1f18b9d50500:group-DA2FC0BAC68B:LeaderElection102] INFO  impl.RoleInfo (RoleInfo.java:shutdownLeaderElection(134)) - 3d6cea60-fef1-4ae8-b4b1-1f18b9d50500: shutdown LeaderElection
2019-09-20 14:26:36,181 [15297862-8e3d-471b-9ead-84c6fd00747d:group-0B382704A0DF:LeaderElection101] INFO  impl.RaftServerImpl (RaftServerImpl.java:setRole(171)) - 15297862-8e3d-471b-9ead-84c6fd00747d:group-0B382704A0DF changes role from CANDIDATE to LEADER at term 1 for changeToLeader
2019-09-20 14:26:36,181 [3d6cea60-fef1-4ae8-b4b1-1f18b9d50500:group-DA2FC0BAC68B:LeaderElection102] INFO  impl.RaftServerImpl (RaftServerImpl.java:setRole(171)) - 3d6cea60-fef1-4ae8-b4b1-1f18b9d50500:group-DA2FC0BAC68B changes role from CANDIDATE to LEADER at term 1 for changeToLeader
2019-09-20 14:26:36,181 [15297862-8e3d-471b-9ead-84c6fd00747d:group-0B382704A0DF:LeaderElection101] INFO  impl.RaftServerImpl (ServerState.java:setLeader(263)) - 15297862-8e3d-471b-9ead-84c6fd00747d:group-0B382704A0DF change Leader from null to 15297862-8e3d-471b-9ead-84c6fd00747d at term 1 for becomeLeader, leader elected after 5061ms
2019-09-20 14:26:36,181 [3d6cea60-fef1-4ae8-b4b1-1f18b9d50500:group-DA2FC0BAC68B:LeaderElection102] INFO  impl.RaftServerImpl (ServerState.java:setLeader(263)) - 3d6cea60-fef1-4ae8-b4b1-1f18b9d50500:group-DA2FC0BAC68B change Leader from null to 3d6cea60-fef1-4ae8-b4b1-1f18b9d50500 at term 1 for becomeLeader, leader elected after 5187ms
2019-09-20 14:26:36,181 [15297862-8e3d-471b-9ead-84c6fd00747d:group-0B382704A0DF:LeaderElection101] INFO  server.RaftServerConfigKeys (ConfUtils.java:logGet(43)) - raft.server.staging.catchup.gap = 1000 (default)
2019-09-20 14:26:36,181 [3d6cea60-fef1-4ae8-b4b1-1f18b9d50500:group-DA2FC0BAC68B:LeaderElection102] INFO  server.RaftServerConfigKeys (ConfUtils.java:logGet(43)) - raft.server.staging.catchup.gap = 1000 (default)
2019-09-20 14:26:36,181 [15297862-8e3d-471b-9ead-84c6fd00747d:group-0B382704A0DF:LeaderElection101] INFO  server.RaftServerConfigKeys (ConfUtils.java:logGet(43)) - raft.server.rpc.sleep.time = 25ms (default)
2019-09-20 14:26:36,182 [3d6cea60-fef1-4ae8-b4b1-1f18b9d50500:group-DA2FC0BAC68B:LeaderElection102] INFO  server.RaftServerConfigKeys (ConfUtils.java:logGet(43)) - raft.server.rpc.sleep.time = 25ms (default)
2019-09-20 14:26:36,182 [15297862-8e3d-471b-9ead-84c6fd00747d:group-0B382704A0DF:LeaderElection101] INFO  server.RaftServerConfigKeys (ConfUtils.java:logGet(43)) - raft.server.write.element-limit = 4096 (default)
2019-09-20 14:26:36,182 [3d6cea60-fef1-4ae8-b4b1-1f18b9d50500:group-DA2FC0BAC68B:LeaderElection102] INFO  server.RaftServerConfigKeys (ConfUtils.java:logGet(43)) - raft.server.write.element-limit = 4096 (default)
2019-09-20 14:26:36,182 [15297862-8e3d-471b-9ead-84c6fd00747d:group-0B382704A0DF:LeaderElection101] INFO  server.RaftServerConfigKeys (ConfUtils.java:logGet(43)) - raft.server.watch.timeout = 10s (default)
2019-09-20 14:26:36,182 [3d6cea60-fef1-4ae8-b4b1-1f18b9d50500:group-DA2FC0BAC68B:LeaderElection102] INFO  server.RaftServerConfigKeys (ConfUtils.java:logGet(43)) - raft.server.watch.timeout = 10s (default)
2019-09-20 14:26:36,182 [15297862-8e3d-471b-9ead-84c6fd00747d:group-0B382704A0DF:LeaderElection101] INFO  server.RaftServerConfigKeys (ConfUtils.java:logGet(43)) - raft.server.watch.timeout.denomination = 1s (default)
2019-09-20 14:26:36,182 [3d6cea60-fef1-4ae8-b4b1-1f18b9d50500:group-DA2FC0BAC68B:LeaderElection102] INFO  server.RaftServerConfigKeys (ConfUtils.java:logGet(43)) - raft.server.watch.timeout.denomination = 1s (default)
2019-09-20 14:26:36,182 [15297862-8e3d-471b-9ead-84c6fd00747d:group-0B382704A0DF:LeaderElection101] INFO  server.RaftServerConfigKeys (ConfUtils.java:logGet(43)) - raft.server.watch.element-limit = 65536 (default)
2019-09-20 14:26:36,183 [3d6cea60-fef1-4ae8-b4b1-1f18b9d50500:group-DA2FC0BAC68B:LeaderElection102] INFO  server.RaftServerConfigKeys (ConfUtils.java:logGet(43)) - raft.server.watch.element-limit = 65536 (default)
2019-09-20 14:26:36,183 [15297862-8e3d-471b-9ead-84c6fd00747d:group-0B382704A0DF:LeaderElection101] INFO  impl.RoleInfo (RoleInfo.java:updateAndGet(143)) - 15297862-8e3d-471b-9ead-84c6fd00747d: start LeaderState
2019-09-20 14:26:36,183 [3d6cea60-fef1-4ae8-b4b1-1f18b9d50500:group-DA2FC0BAC68B:LeaderElection102] INFO  impl.RoleInfo (RoleInfo.java:updateAndGet(143)) - 3d6cea60-fef1-4ae8-b4b1-1f18b9d50500: start LeaderState
2019-09-20 14:26:36,183 [15297862-8e3d-471b-9ead-84c6fd00747d:group-0B382704A0DF:LeaderElection101] INFO  segmented.SegmentedRaftLogWorker (SegmentedRaftLogWorker.java:startLogSegment(380)) - 15297862-8e3d-471b-9ead-84c6fd00747d-SegmentedRaftLogWorker:Storage Directory /workdir/hadoop-ozone/ozonefs/target/test-dir/MiniOzoneClusterImpl-338b8348-b083-46f4-a27e-fb8b70a40c3f/datanode-2/data/ratis/1b13da94-8265-41ac-b542-0b382704a0df: Starting segment from index:0
2019-09-20 14:26:36,183 [3d6cea60-fef1-4ae8-b4b1-1f18b9d50500:group-DA2FC0BAC68B:LeaderElection102] INFO  segmented.SegmentedRaftLogWorker (SegmentedRaftLogWorker.java:startLogSegment(380)) - 3d6cea60-fef1-4ae8-b4b1-1f18b9d50500-SegmentedRaftLogWorker:Storage Directory /workdir/hadoop-ozone/ozonefs/target/test-dir/MiniOzoneClusterImpl-338b8348-b083-46f4-a27e-fb8b70a40c3f/datanode-1/data/ratis/91461df3-94bb-404c-b6c5-da2fc0bac68b: Starting segment from index:0
2019-09-20 14:26:36,183 [15297862-8e3d-471b-9ead-84c6fd00747d:group-0B382704A0DF:LeaderElection101] INFO  impl.RaftServerImpl (ServerState.java:setRaftConf(361)) - 15297862-8e3d-471b-9ead-84c6fd00747d:group-0B382704A0DF set configuration 0: [15297862-8e3d-471b-9ead-84c6fd00747d:192.168.36.99:41872], old=null at 0
2019-09-20 14:26:36,184 [3d6cea60-fef1-4ae8-b4b1-1f18b9d50500:group-DA2FC0BAC68B:LeaderElection102] INFO  impl.RaftServerImpl (ServerState.java:setRaftConf(361)) - 3d6cea60-fef1-4ae8-b4b1-1f18b9d50500:group-DA2FC0BAC68B set configuration 0: [3d6cea60-fef1-4ae8-b4b1-1f18b9d50500:192.168.36.99:38255], old=null at 0
2019-09-20 14:26:36,239 [15297862-8e3d-471b-9ead-84c6fd00747d-SegmentedRaftLogWorker:Storage Directory /workdir/hadoop-ozone/ozonefs/target/test-dir/MiniOzoneClusterImpl-338b8348-b083-46f4-a27e-fb8b70a40c3f/datanode-2/data/ratis/1b13da94-8265-41ac-b542-0b382704a0df] INFO  segmented.SegmentedRaftLogWorker (SegmentedRaftLogWorker.java:execute(569)) - 15297862-8e3d-471b-9ead-84c6fd00747d-SegmentedRaftLogWorker:Storage Directory /workdir/hadoop-ozone/ozonefs/target/test-dir/MiniOzoneClusterImpl-338b8348-b083-46f4-a27e-fb8b70a40c3f/datanode-2/data/ratis/1b13da94-8265-41ac-b542-0b382704a0df: created new log segment /workdir/hadoop-ozone/ozonefs/target/test-dir/MiniOzoneClusterImpl-338b8348-b083-46f4-a27e-fb8b70a40c3f/datanode-2/data/ratis/1b13da94-8265-41ac-b542-0b382704a0df/current/log_inprogress_0
2019-09-20 14:26:36,239 [3d6cea60-fef1-4ae8-b4b1-1f18b9d50500-SegmentedRaftLogWorker:Storage Directory /workdir/hadoop-ozone/ozonefs/target/test-dir/MiniOzoneClusterImpl-338b8348-b083-46f4-a27e-fb8b70a40c3f/datanode-1/data/ratis/91461df3-94bb-404c-b6c5-da2fc0bac68b] INFO  segmented.SegmentedRaftLogWorker (SegmentedRaftLogWorker.java:execute(569)) - 3d6cea60-fef1-4ae8-b4b1-1f18b9d50500-SegmentedRaftLogWorker:Storage Directory /workdir/hadoop-ozone/ozonefs/target/test-dir/MiniOzoneClusterImpl-338b8348-b083-46f4-a27e-fb8b70a40c3f/datanode-1/data/ratis/91461df3-94bb-404c-b6c5-da2fc0bac68b: created new log segment /workdir/hadoop-ozone/ozonefs/target/test-dir/MiniOzoneClusterImpl-338b8348-b083-46f4-a27e-fb8b70a40c3f/datanode-1/data/ratis/91461df3-94bb-404c-b6c5-da2fc0bac68b/current/log_inprogress_0
2019-09-20 14:26:36,247 [Thread-1540] INFO  impl.FollowerState (FollowerState.java:run(106)) - 3d6cea60-fef1-4ae8-b4b1-1f18b9d50500:group-F15E953A3AD3 changes to CANDIDATE, lastRpcTime:5173, electionTimeout:5173ms
2019-09-20 14:26:36,247 [Thread-1540] INFO  impl.RoleInfo (RoleInfo.java:shutdownFollowerState(121)) - 3d6cea60-fef1-4ae8-b4b1-1f18b9d50500: shutdown FollowerState
2019-09-20 14:26:36,247 [Thread-1540] INFO  impl.RaftServerImpl (RaftServerImpl.java:setRole(171)) - 3d6cea60-fef1-4ae8-b4b1-1f18b9d50500:group-F15E953A3AD3 changes role from FOLLOWER to CANDIDATE at term 0 for changeToCandidate
2019-09-20 14:26:36,248 [Thread-1540] INFO  impl.RoleInfo (RoleInfo.java:updateAndGet(143)) - 3d6cea60-fef1-4ae8-b4b1-1f18b9d50500: start LeaderElection
2019-09-20 14:26:36,265 [3d6cea60-fef1-4ae8-b4b1-1f18b9d50500:group-F15E953A3AD3:LeaderElection103] INFO  impl.LeaderElection (LeaderElection.java:askForVotes(181)) - 3d6cea60-fef1-4ae8-b4b1-1f18b9d50500:group-F15E953A3AD3:LeaderElection103: begin an election at term 1 for -1: [3d6cea60-fef1-4ae8-b4b1-1f18b9d50500:192.168.36.99:38255], old=null
2019-09-20 14:26:36,265 [3d6cea60-fef1-4ae8-b4b1-1f18b9d50500:group-F15E953A3AD3:LeaderElection103] INFO  impl.RoleInfo (RoleInfo.java:shutdownLeaderElection(134)) - 3d6cea60-fef1-4ae8-b4b1-1f18b9d50500: shutdown LeaderElection
2019-09-20 14:26:36,265 [3d6cea60-fef1-4ae8-b4b1-1f18b9d50500:group-F15E953A3AD3:LeaderElection103] INFO  impl.RaftServerImpl (RaftServerImpl.java:setRole(171)) - 3d6cea60-fef1-4ae8-b4b1-1f18b9d50500:group-F15E953A3AD3 changes role from CANDIDATE to LEADER at term 1 for changeToLeader
2019-09-20 14:26:36,265 [3d6cea60-fef1-4ae8-b4b1-1f18b9d50500:group-F15E953A3AD3:LeaderElection103] INFO  impl.RaftServerImpl (ServerState.java:setLeader(263)) - 3d6cea60-fef1-4ae8-b4b1-1f18b9d50500:group-F15E953A3AD3 change Leader from null to 3d6cea60-fef1-4ae8-b4b1-1f18b9d50500 at term 1 for becomeLeader, leader elected after 5196ms
2019-09-20 14:26:36,265 [3d6cea60-fef1-4ae8-b4b1-1f18b9d50500:group-F15E953A3AD3:LeaderElection103] INFO  server.RaftServerConfigKeys (ConfUtils.java:logGet(43)) - raft.server.staging.catchup.gap = 1000 (default)
2019-09-20 14:26:36,266 [3d6cea60-fef1-4ae8-b4b1-1f18b9d50500:group-F15E953A3AD3:LeaderElection103] INFO  server.RaftServerConfigKeys (ConfUtils.java:logGet(43)) - raft.server.rpc.sleep.time = 25ms (default)
2019-09-20 14:26:36,266 [3d6cea60-fef1-4ae8-b4b1-1f18b9d50500:group-F15E953A3AD3:LeaderElection103] INFO  server.RaftServerConfigKeys (ConfUtils.java:logGet(43)) - raft.server.write.element-limit = 4096 (default)
2019-09-20 14:26:36,266 [3d6cea60-fef1-4ae8-b4b1-1f18b9d50500:group-F15E953A3AD3:LeaderElection103] INFO  server.RaftServerConfigKeys (ConfUtils.java:logGet(43)) - raft.server.watch.timeout = 10s (default)
2019-09-20 14:26:36,266 [3d6cea60-fef1-4ae8-b4b1-1f18b9d50500:group-F15E953A3AD3:LeaderElection103] INFO  server.RaftServerConfigKeys (ConfUtils.java:logGet(43)) - raft.server.watch.timeout.denomination = 1s (default)
2019-09-20 14:26:36,266 [3d6cea60-fef1-4ae8-b4b1-1f18b9d50500:group-F15E953A3AD3:LeaderElection103] INFO  server.RaftServerConfigKeys (ConfUtils.java:logGet(43)) - raft.server.watch.element-limit = 65536 (default)
2019-09-20 14:26:36,266 [3d6cea60-fef1-4ae8-b4b1-1f18b9d50500:group-F15E953A3AD3:LeaderElection103] INFO  impl.RoleInfo (RoleInfo.java:updateAndGet(143)) - 3d6cea60-fef1-4ae8-b4b1-1f18b9d50500: start LeaderState
2019-09-20 14:26:36,266 [3d6cea60-fef1-4ae8-b4b1-1f18b9d50500:group-F15E953A3AD3:LeaderElection103] INFO  segmented.SegmentedRaftLogWorker (SegmentedRaftLogWorker.java:startLogSegment(380)) - 3d6cea60-fef1-4ae8-b4b1-1f18b9d50500-SegmentedRaftLogWorker:Storage Directory /workdir/hadoop-ozone/ozonefs/target/test-dir/MiniOzoneClusterImpl-338b8348-b083-46f4-a27e-fb8b70a40c3f/datanode-1/data/ratis/29745b16-7180-43e9-82c0-f15e953a3ad3: Starting segment from index:0
2019-09-20 14:26:36,267 [3d6cea60-fef1-4ae8-b4b1-1f18b9d50500:group-F15E953A3AD3:LeaderElection103] INFO  impl.RaftServerImpl (ServerState.java:setRaftConf(361)) - 3d6cea60-fef1-4ae8-b4b1-1f18b9d50500:group-F15E953A3AD3 set configuration 0: [3d6cea60-fef1-4ae8-b4b1-1f18b9d50500:192.168.36.99:38255], old=null at 0
2019-09-20 14:26:36,304 [Thread-1546] INFO  impl.FollowerState (FollowerState.java:run(106)) - 15297862-8e3d-471b-9ead-84c6fd00747d:group-9E8F4775402D changes to CANDIDATE, lastRpcTime:5130, electionTimeout:5130ms
2019-09-20 14:26:36,305 [Thread-1546] INFO  impl.RoleInfo (RoleInfo.java:shutdownFollowerState(121)) - 15297862-8e3d-471b-9ead-84c6fd00747d: shutdown FollowerState
2019-09-20 14:26:36,305 [Thread-1546] INFO  impl.RaftServerImpl (RaftServerImpl.java:setRole(171)) - 15297862-8e3d-471b-9ead-84c6fd00747d:group-9E8F4775402D changes role from FOLLOWER to CANDIDATE at term 0 for changeToCandidate
2019-09-20 14:26:36,305 [Thread-1546] INFO  impl.RoleInfo (RoleInfo.java:updateAndGet(143)) - 15297862-8e3d-471b-9ead-84c6fd00747d: start LeaderElection
2019-09-20 14:26:36,332 [3d6cea60-fef1-4ae8-b4b1-1f18b9d50500-SegmentedRaftLogWorker:Storage Directory /workdir/hadoop-ozone/ozonefs/target/test-dir/MiniOzoneClusterImpl-338b8348-b083-46f4-a27e-fb8b70a40c3f/datanode-1/data/ratis/29745b16-7180-43e9-82c0-f15e953a3ad3] INFO  segmented.SegmentedRaftLogWorker (SegmentedRaftLogWorker.java:execute(569)) - 3d6cea60-fef1-4ae8-b4b1-1f18b9d50500-SegmentedRaftLogWorker:Storage Directory /workdir/hadoop-ozone/ozonefs/target/test-dir/MiniOzoneClusterImpl-338b8348-b083-46f4-a27e-fb8b70a40c3f/datanode-1/data/ratis/29745b16-7180-43e9-82c0-f15e953a3ad3: created new log segment /workdir/hadoop-ozone/ozonefs/target/test-dir/MiniOzoneClusterImpl-338b8348-b083-46f4-a27e-fb8b70a40c3f/datanode-1/data/ratis/29745b16-7180-43e9-82c0-f15e953a3ad3/current/log_inprogress_0
2019-09-20 14:26:36,332 [15297862-8e3d-471b-9ead-84c6fd00747d:group-9E8F4775402D:LeaderElection104] INFO  impl.LeaderElection (LeaderElection.java:askForVotes(181)) - 15297862-8e3d-471b-9ead-84c6fd00747d:group-9E8F4775402D:LeaderElection104: begin an election at term 1 for -1: [15297862-8e3d-471b-9ead-84c6fd00747d:192.168.36.99:41872], old=null
2019-09-20 14:26:36,332 [15297862-8e3d-471b-9ead-84c6fd00747d:group-9E8F4775402D:LeaderElection104] INFO  impl.RoleInfo (RoleInfo.java:shutdownLeaderElection(134)) - 15297862-8e3d-471b-9ead-84c6fd00747d: shutdown LeaderElection
2019-09-20 14:26:36,332 [15297862-8e3d-471b-9ead-84c6fd00747d:group-9E8F4775402D:LeaderElection104] INFO  impl.RaftServerImpl (RaftServerImpl.java:setRole(171)) - 15297862-8e3d-471b-9ead-84c6fd00747d:group-9E8F4775402D changes role from CANDIDATE to LEADER at term 1 for changeToLeader
2019-09-20 14:26:36,332 [15297862-8e3d-471b-9ead-84c6fd00747d:group-9E8F4775402D:LeaderElection104] INFO  impl.RaftServerImpl (ServerState.java:setLeader(263)) - 15297862-8e3d-471b-9ead-84c6fd00747d:group-9E8F4775402D change Leader from null to 15297862-8e3d-471b-9ead-84c6fd00747d at term 1 for becomeLeader, leader elected after 5162ms
2019-09-20 14:26:36,333 [15297862-8e3d-471b-9ead-84c6fd00747d:group-9E8F4775402D:LeaderElection104] INFO  server.RaftServerConfigKeys (ConfUtils.java:logGet(43)) - raft.server.staging.catchup.gap = 1000 (default)
2019-09-20 14:26:36,333 [15297862-8e3d-471b-9ead-84c6fd00747d:group-9E8F4775402D:LeaderElection104] INFO  server.RaftServerConfigKeys (ConfUtils.java:logGet(43)) - raft.server.rpc.sleep.time = 25ms (default)
2019-09-20 14:26:36,333 [15297862-8e3d-471b-9ead-84c6fd00747d:group-9E8F4775402D:LeaderElection104] INFO  server.RaftServerConfigKeys (ConfUtils.java:logGet(43)) - raft.server.write.element-limit = 4096 (default)
2019-09-20 14:26:36,333 [15297862-8e3d-471b-9ead-84c6fd00747d:group-9E8F4775402D:LeaderElection104] INFO  server.RaftServerConfigKeys (ConfUtils.java:logGet(43)) - raft.server.watch.timeout = 10s (default)
2019-09-20 14:26:36,333 [15297862-8e3d-471b-9ead-84c6fd00747d:group-9E8F4775402D:LeaderElection104] INFO  server.RaftServerConfigKeys (ConfUtils.java:logGet(43)) - raft.server.watch.timeout.denomination = 1s (default)
2019-09-20 14:26:36,333 [15297862-8e3d-471b-9ead-84c6fd00747d:group-9E8F4775402D:LeaderElection104] INFO  server.RaftServerConfigKeys (ConfUtils.java:logGet(43)) - raft.server.watch.element-limit = 65536 (default)
2019-09-20 14:26:36,333 [15297862-8e3d-471b-9ead-84c6fd00747d:group-9E8F4775402D:LeaderElection104] INFO  impl.RoleInfo (RoleInfo.java:updateAndGet(143)) - 15297862-8e3d-471b-9ead-84c6fd00747d: start LeaderState
2019-09-20 14:26:36,334 [15297862-8e3d-471b-9ead-84c6fd00747d:group-9E8F4775402D:LeaderElection104] INFO  segmented.SegmentedRaftLogWorker (SegmentedRaftLogWorker.java:startLogSegment(380)) - 15297862-8e3d-471b-9ead-84c6fd00747d-SegmentedRaftLogWorker:Storage Directory /workdir/hadoop-ozone/ozonefs/target/test-dir/MiniOzoneClusterImpl-338b8348-b083-46f4-a27e-fb8b70a40c3f/datanode-2/data/ratis/898fa695-099b-41ca-b38f-9e8f4775402d: Starting segment from index:0
2019-09-20 14:26:36,334 [15297862-8e3d-471b-9ead-84c6fd00747d:group-9E8F4775402D:LeaderElection104] INFO  impl.RaftServerImpl (ServerState.java:setRaftConf(361)) - 15297862-8e3d-471b-9ead-84c6fd00747d:group-9E8F4775402D set configuration 0: [15297862-8e3d-471b-9ead-84c6fd00747d:192.168.36.99:41872], old=null at 0
2019-09-20 14:26:36,371 [Thread-1555] INFO  impl.FollowerState (FollowerState.java:run(106)) - 15297862-8e3d-471b-9ead-84c6fd00747d:group-20F35A9807CC changes to CANDIDATE, lastRpcTime:5001, electionTimeout:5001ms
2019-09-20 14:26:36,371 [Thread-1555] INFO  impl.RoleInfo (RoleInfo.java:shutdownFollowerState(121)) - 15297862-8e3d-471b-9ead-84c6fd00747d: shutdown FollowerState
2019-09-20 14:26:36,371 [Thread-1555] INFO  impl.RaftServerImpl (RaftServerImpl.java:setRole(171)) - 15297862-8e3d-471b-9ead-84c6fd00747d:group-20F35A9807CC changes role from FOLLOWER to CANDIDATE at term 0 for changeToCandidate
2019-09-20 14:26:36,372 [Thread-1555] INFO  impl.RoleInfo (RoleInfo.java:updateAndGet(143)) - 15297862-8e3d-471b-9ead-84c6fd00747d: start LeaderElection
2019-09-20 14:26:36,390 [15297862-8e3d-471b-9ead-84c6fd00747d-SegmentedRaftLogWorker:Storage Directory /workdir/hadoop-ozone/ozonefs/target/test-dir/MiniOzoneClusterImpl-338b8348-b083-46f4-a27e-fb8b70a40c3f/datanode-2/data/ratis/898fa695-099b-41ca-b38f-9e8f4775402d] INFO  segmented.SegmentedRaftLogWorker (SegmentedRaftLogWorker.java:execute(569)) - 15297862-8e3d-471b-9ead-84c6fd00747d-SegmentedRaftLogWorker:Storage Directory /workdir/hadoop-ozone/ozonefs/target/test-dir/MiniOzoneClusterImpl-338b8348-b083-46f4-a27e-fb8b70a40c3f/datanode-2/data/ratis/898fa695-099b-41ca-b38f-9e8f4775402d: created new log segment /workdir/hadoop-ozone/ozonefs/target/test-dir/MiniOzoneClusterImpl-338b8348-b083-46f4-a27e-fb8b70a40c3f/datanode-2/data/ratis/898fa695-099b-41ca-b38f-9e8f4775402d/current/log_inprogress_0
2019-09-20 14:26:36,398 [Thread-1552] INFO  impl.FollowerState (FollowerState.java:run(106)) - 15297862-8e3d-471b-9ead-84c6fd00747d:group-F05286A0B5AA changes to CANDIDATE, lastRpcTime:5113, electionTimeout:5113ms
2019-09-20 14:26:36,398 [Thread-1552] INFO  impl.RoleInfo (RoleInfo.java:shutdownFollowerState(121)) - 15297862-8e3d-471b-9ead-84c6fd00747d: shutdown FollowerState
2019-09-20 14:26:36,398 [Thread-1552] INFO  impl.RaftServerImpl (RaftServerImpl.java:setRole(171)) - 15297862-8e3d-471b-9ead-84c6fd00747d:group-F05286A0B5AA changes role from FOLLOWER to CANDIDATE at term 0 for changeToCandidate
2019-09-20 14:26:36,398 [Thread-1552] INFO  impl.RoleInfo (RoleInfo.java:updateAndGet(143)) - 15297862-8e3d-471b-9ead-84c6fd00747d: start LeaderElection
2019-09-20 14:26:36,408 [15297862-8e3d-471b-9ead-84c6fd00747d:group-20F35A9807CC:LeaderElection105] INFO  impl.LeaderElection (LeaderElection.java:askForVotes(181)) - 15297862-8e3d-471b-9ead-84c6fd00747d:group-20F35A9807CC:LeaderElection105: begin an election at term 1 for -1: [15297862-8e3d-471b-9ead-84c6fd00747d:192.168.36.99:41872], old=null
2019-09-20 14:26:36,408 [15297862-8e3d-471b-9ead-84c6fd00747d:group-20F35A9807CC:LeaderElection105] INFO  impl.RoleInfo (RoleInfo.java:shutdownLeaderElection(134)) - 15297862-8e3d-471b-9ead-84c6fd00747d: shutdown LeaderElection
2019-09-20 14:26:36,408 [15297862-8e3d-471b-9ead-84c6fd00747d:group-20F35A9807CC:LeaderElection105] INFO  impl.RaftServerImpl (RaftServerImpl.java:setRole(171)) - 15297862-8e3d-471b-9ead-84c6fd00747d:group-20F35A9807CC changes role from CANDIDATE to LEADER at term 1 for changeToLeader
2019-09-20 14:26:36,408 [15297862-8e3d-471b-9ead-84c6fd00747d:group-20F35A9807CC:LeaderElection105] INFO  impl.RaftServerImpl (ServerState.java:setLeader(263)) - 15297862-8e3d-471b-9ead-84c6fd00747d:group-20F35A9807CC change Leader from null to 15297862-8e3d-471b-9ead-84c6fd00747d at term 1 for becomeLeader, leader elected after 5042ms
2019-09-20 14:26:36,408 [15297862-8e3d-471b-9ead-84c6fd00747d:group-20F35A9807CC:LeaderElection105] INFO  server.RaftServerConfigKeys (ConfUtils.java:logGet(43)) - raft.server.staging.catchup.gap = 1000 (default)
2019-09-20 14:26:36,408 [15297862-8e3d-471b-9ead-84c6fd00747d:group-20F35A9807CC:LeaderElection105] INFO  server.RaftServerConfigKeys (ConfUtils.java:logGet(43)) - raft.server.rpc.sleep.time = 25ms (default)
2019-09-20 14:26:36,408 [15297862-8e3d-471b-9ead-84c6fd00747d:group-20F35A9807CC:LeaderElection105] INFO  server.RaftServerConfigKeys (ConfUtils.java:logGet(43)) - raft.server.write.element-limit = 4096 (default)
2019-09-20 14:26:36,409 [15297862-8e3d-471b-9ead-84c6fd00747d:group-20F35A9807CC:LeaderElection105] INFO  server.RaftServerConfigKeys (ConfUtils.java:logGet(43)) - raft.server.watch.timeout = 10s (default)
2019-09-20 14:26:36,409 [15297862-8e3d-471b-9ead-84c6fd00747d:group-20F35A9807CC:LeaderElection105] INFO  server.RaftServerConfigKeys (ConfUtils.java:logGet(43)) - raft.server.watch.timeout.denomination = 1s (default)
2019-09-20 14:26:36,409 [15297862-8e3d-471b-9ead-84c6fd00747d:group-20F35A9807CC:LeaderElection105] INFO  server.RaftServerConfigKeys (ConfUtils.java:logGet(43)) - raft.server.watch.element-limit = 65536 (default)
2019-09-20 14:26:36,409 [15297862-8e3d-471b-9ead-84c6fd00747d:group-20F35A9807CC:LeaderElection105] INFO  impl.RoleInfo (RoleInfo.java:updateAndGet(143)) - 15297862-8e3d-471b-9ead-84c6fd00747d: start LeaderState
2019-09-20 14:26:36,409 [15297862-8e3d-471b-9ead-84c6fd00747d:group-20F35A9807CC:LeaderElection105] INFO  segmented.SegmentedRaftLogWorker (SegmentedRaftLogWorker.java:startLogSegment(380)) - 15297862-8e3d-471b-9ead-84c6fd00747d-SegmentedRaftLogWorker:Storage Directory /workdir/hadoop-ozone/ozonefs/target/test-dir/MiniOzoneClusterImpl-338b8348-b083-46f4-a27e-fb8b70a40c3f/datanode-2/data/ratis/be409927-b147-4c16-89ed-20f35a9807cc: Starting segment from index:0
2019-09-20 14:26:36,410 [15297862-8e3d-471b-9ead-84c6fd00747d:group-20F35A9807CC:LeaderElection105] INFO  impl.RaftServerImpl (ServerState.java:setRaftConf(361)) - 15297862-8e3d-471b-9ead-84c6fd00747d:group-20F35A9807CC set configuration 0: [15297862-8e3d-471b-9ead-84c6fd00747d:192.168.36.99:41872], old=null at 0
2019-09-20 14:26:36,411 [Thread-1549] INFO  impl.FollowerState (FollowerState.java:run(106)) - 15297862-8e3d-471b-9ead-84c6fd00747d:group-88D912C5D544 changes to CANDIDATE, lastRpcTime:5177, electionTimeout:5177ms
2019-09-20 14:26:36,412 [Thread-1549] INFO  impl.RoleInfo (RoleInfo.java:shutdownFollowerState(121)) - 15297862-8e3d-471b-9ead-84c6fd00747d: shutdown FollowerState
2019-09-20 14:26:36,412 [Thread-1549] INFO  impl.RaftServerImpl (RaftServerImpl.java:setRole(171)) - 15297862-8e3d-471b-9ead-84c6fd00747d:group-88D912C5D544 changes role from FOLLOWER to CANDIDATE at term 0 for changeToCandidate
2019-09-20 14:26:36,412 [Thread-1549] INFO  impl.RoleInfo (RoleInfo.java:updateAndGet(143)) - 15297862-8e3d-471b-9ead-84c6fd00747d: start LeaderElection
2019-09-20 14:26:36,442 [15297862-8e3d-471b-9ead-84c6fd00747d:group-F05286A0B5AA:LeaderElection106] INFO  impl.LeaderElection (LeaderElection.java:askForVotes(181)) - 15297862-8e3d-471b-9ead-84c6fd00747d:group-F05286A0B5AA:LeaderElection106: begin an election at term 1 for -1: [15297862-8e3d-471b-9ead-84c6fd00747d:192.168.36.99:41872], old=null
2019-09-20 14:26:36,442 [15297862-8e3d-471b-9ead-84c6fd00747d:group-F05286A0B5AA:LeaderElection106] INFO  impl.RoleInfo (RoleInfo.java:shutdownLeaderElection(134)) - 15297862-8e3d-471b-9ead-84c6fd00747d: shutdown LeaderElection
2019-09-20 14:26:36,442 [15297862-8e3d-471b-9ead-84c6fd00747d:group-F05286A0B5AA:LeaderElection106] INFO  impl.RaftServerImpl (RaftServerImpl.java:setRole(171)) - 15297862-8e3d-471b-9ead-84c6fd00747d:group-F05286A0B5AA changes role from CANDIDATE to LEADER at term 1 for changeToLeader
2019-09-20 14:26:36,442 [15297862-8e3d-471b-9ead-84c6fd00747d:group-F05286A0B5AA:LeaderElection106] INFO  impl.RaftServerImpl (ServerState.java:setLeader(263)) - 15297862-8e3d-471b-9ead-84c6fd00747d:group-F05286A0B5AA change Leader from null to 15297862-8e3d-471b-9ead-84c6fd00747d at term 1 for becomeLeader, leader elected after 5161ms
2019-09-20 14:26:36,442 [15297862-8e3d-471b-9ead-84c6fd00747d:group-F05286A0B5AA:LeaderElection106] INFO  server.RaftServerConfigKeys (ConfUtils.java:logGet(43)) - raft.server.staging.catchup.gap = 1000 (default)
2019-09-20 14:26:36,442 [15297862-8e3d-471b-9ead-84c6fd00747d:group-F05286A0B5AA:LeaderElection106] INFO  server.RaftServerConfigKeys (ConfUtils.java:logGet(43)) - raft.server.rpc.sleep.time = 25ms (default)
2019-09-20 14:26:36,443 [15297862-8e3d-471b-9ead-84c6fd00747d:group-F05286A0B5AA:LeaderElection106] INFO  server.RaftServerConfigKeys (ConfUtils.java:logGet(43)) - raft.server.write.element-limit = 4096 (default)
2019-09-20 14:26:36,443 [15297862-8e3d-471b-9ead-84c6fd00747d:group-F05286A0B5AA:LeaderElection106] INFO  server.RaftServerConfigKeys (ConfUtils.java:logGet(43)) - raft.server.watch.timeout = 10s (default)
2019-09-20 14:26:36,443 [15297862-8e3d-471b-9ead-84c6fd00747d:group-F05286A0B5AA:LeaderElection106] INFO  server.RaftServerConfigKeys (ConfUtils.java:logGet(43)) - raft.server.watch.timeout.denomination = 1s (default)
2019-09-20 14:26:36,443 [15297862-8e3d-471b-9ead-84c6fd00747d:group-F05286A0B5AA:LeaderElection106] INFO  server.RaftServerConfigKeys (ConfUtils.java:logGet(43)) - raft.server.watch.element-limit = 65536 (default)
2019-09-20 14:26:36,443 [15297862-8e3d-471b-9ead-84c6fd00747d:group-F05286A0B5AA:LeaderElection106] INFO  impl.RoleInfo (RoleInfo.java:updateAndGet(143)) - 15297862-8e3d-471b-9ead-84c6fd00747d: start LeaderState
2019-09-20 14:26:36,443 [15297862-8e3d-471b-9ead-84c6fd00747d:group-F05286A0B5AA:LeaderElection106] INFO  segmented.SegmentedRaftLogWorker (SegmentedRaftLogWorker.java:startLogSegment(380)) - 15297862-8e3d-471b-9ead-84c6fd00747d-SegmentedRaftLogWorker:Storage Directory /workdir/hadoop-ozone/ozonefs/target/test-dir/MiniOzoneClusterImpl-338b8348-b083-46f4-a27e-fb8b70a40c3f/datanode-2/data/ratis/e44fc052-5e2b-42d1-a130-f05286a0b5aa: Starting segment from index:0
2019-09-20 14:26:36,444 [15297862-8e3d-471b-9ead-84c6fd00747d:group-F05286A0B5AA:LeaderElection106] INFO  impl.RaftServerImpl (ServerState.java:setRaftConf(361)) - 15297862-8e3d-471b-9ead-84c6fd00747d:group-F05286A0B5AA set configuration 0: [15297862-8e3d-471b-9ead-84c6fd00747d:192.168.36.99:41872], old=null at 0
2019-09-20 14:26:36,483 [15297862-8e3d-471b-9ead-84c6fd00747d-SegmentedRaftLogWorker:Storage Directory /workdir/hadoop-ozone/ozonefs/target/test-dir/MiniOzoneClusterImpl-338b8348-b083-46f4-a27e-fb8b70a40c3f/datanode-2/data/ratis/be409927-b147-4c16-89ed-20f35a9807cc] INFO  segmented.SegmentedRaftLogWorker (SegmentedRaftLogWorker.java:execute(569)) - 15297862-8e3d-471b-9ead-84c6fd00747d-SegmentedRaftLogWorker:Storage Directory /workdir/hadoop-ozone/ozonefs/target/test-dir/MiniOzoneClusterImpl-338b8348-b083-46f4-a27e-fb8b70a40c3f/datanode-2/data/ratis/be409927-b147-4c16-89ed-20f35a9807cc: created new log segment /workdir/hadoop-ozone/ozonefs/target/test-dir/MiniOzoneClusterImpl-338b8348-b083-46f4-a27e-fb8b70a40c3f/datanode-2/data/ratis/be409927-b147-4c16-89ed-20f35a9807cc/current/log_inprogress_0
2019-09-20 14:26:36,483 [15297862-8e3d-471b-9ead-84c6fd00747d:group-88D912C5D544:LeaderElection107] INFO  impl.LeaderElection (LeaderElection.java:askForVotes(181)) - 15297862-8e3d-471b-9ead-84c6fd00747d:group-88D912C5D544:LeaderElection107: begin an election at term 1 for -1: [15297862-8e3d-471b-9ead-84c6fd00747d:192.168.36.99:41872], old=null
2019-09-20 14:26:36,484 [15297862-8e3d-471b-9ead-84c6fd00747d:group-88D912C5D544:LeaderElection107] INFO  impl.RoleInfo (RoleInfo.java:shutdownLeaderElection(134)) - 15297862-8e3d-471b-9ead-84c6fd00747d: shutdown LeaderElection
2019-09-20 14:26:36,484 [15297862-8e3d-471b-9ead-84c6fd00747d:group-88D912C5D544:LeaderElection107] INFO  impl.RaftServerImpl (RaftServerImpl.java:setRole(171)) - 15297862-8e3d-471b-9ead-84c6fd00747d:group-88D912C5D544 changes role from CANDIDATE to LEADER at term 1 for changeToLeader
2019-09-20 14:26:36,484 [15297862-8e3d-471b-9ead-84c6fd00747d:group-88D912C5D544:LeaderElection107] INFO  impl.RaftServerImpl (ServerState.java:setLeader(263)) - 15297862-8e3d-471b-9ead-84c6fd00747d:group-88D912C5D544 change Leader from null to 15297862-8e3d-471b-9ead-84c6fd00747d at term 1 for becomeLeader, leader elected after 5253ms
2019-09-20 14:26:36,484 [15297862-8e3d-471b-9ead-84c6fd00747d:group-88D912C5D544:LeaderElection107] INFO  server.RaftServerConfigKeys (ConfUtils.java:logGet(43)) - raft.server.staging.catchup.gap = 1000 (default)
2019-09-20 14:26:36,484 [15297862-8e3d-471b-9ead-84c6fd00747d:group-88D912C5D544:LeaderElection107] INFO  server.RaftServerConfigKeys (ConfUtils.java:logGet(43)) - raft.server.rpc.sleep.time = 25ms (default)
2019-09-20 14:26:36,484 [15297862-8e3d-471b-9ead-84c6fd00747d:group-88D912C5D544:LeaderElection107] INFO  server.RaftServerConfigKeys (ConfUtils.java:logGet(43)) - raft.server.write.element-limit = 4096 (default)
2019-09-20 14:26:36,485 [15297862-8e3d-471b-9ead-84c6fd00747d:group-88D912C5D544:LeaderElection107] INFO  server.RaftServerConfigKeys (ConfUtils.java:logGet(43)) - raft.server.watch.timeout = 10s (default)
2019-09-20 14:26:36,485 [15297862-8e3d-471b-9ead-84c6fd00747d:group-88D912C5D544:LeaderElection107] INFO  server.RaftServerConfigKeys (ConfUtils.java:logGet(43)) - raft.server.watch.timeout.denomination = 1s (default)
2019-09-20 14:26:36,485 [15297862-8e3d-471b-9ead-84c6fd00747d:group-88D912C5D544:LeaderElection107] INFO  server.RaftServerConfigKeys (ConfUtils.java:logGet(43)) - raft.server.watch.element-limit = 65536 (default)
2019-09-20 14:26:36,485 [15297862-8e3d-471b-9ead-84c6fd00747d:group-88D912C5D544:LeaderElection107] INFO  impl.RoleInfo (RoleInfo.java:updateAndGet(143)) - 15297862-8e3d-471b-9ead-84c6fd00747d: start LeaderState
2019-09-20 14:26:36,485 [15297862-8e3d-471b-9ead-84c6fd00747d:group-88D912C5D544:LeaderElection107] INFO  segmented.SegmentedRaftLogWorker (SegmentedRaftLogWorker.java:startLogSegment(380)) - 15297862-8e3d-471b-9ead-84c6fd00747d-SegmentedRaftLogWorker:Storage Directory /workdir/hadoop-ozone/ozonefs/target/test-dir/MiniOzoneClusterImpl-338b8348-b083-46f4-a27e-fb8b70a40c3f/datanode-2/data/ratis/2754d931-5aa4-490e-8ad5-88d912c5d544: Starting segment from index:0
2019-09-20 14:26:36,486 [15297862-8e3d-471b-9ead-84c6fd00747d:group-88D912C5D544:LeaderElection107] INFO  impl.RaftServerImpl (ServerState.java:setRaftConf(361)) - 15297862-8e3d-471b-9ead-84c6fd00747d:group-88D912C5D544 set configuration 0: [15297862-8e3d-471b-9ead-84c6fd00747d:192.168.36.99:41872], old=null at 0
2019-09-20 14:26:36,500 [15297862-8e3d-471b-9ead-84c6fd00747d-SegmentedRaftLogWorker:Storage Directory /workdir/hadoop-ozone/ozonefs/target/test-dir/MiniOzoneClusterImpl-338b8348-b083-46f4-a27e-fb8b70a40c3f/datanode-2/data/ratis/e44fc052-5e2b-42d1-a130-f05286a0b5aa] INFO  segmented.SegmentedRaftLogWorker (SegmentedRaftLogWorker.java:execute(569)) - 15297862-8e3d-471b-9ead-84c6fd00747d-SegmentedRaftLogWorker:Storage Directory /workdir/hadoop-ozone/ozonefs/target/test-dir/MiniOzoneClusterImpl-338b8348-b083-46f4-a27e-fb8b70a40c3f/datanode-2/data/ratis/e44fc052-5e2b-42d1-a130-f05286a0b5aa: created new log segment /workdir/hadoop-ozone/ozonefs/target/test-dir/MiniOzoneClusterImpl-338b8348-b083-46f4-a27e-fb8b70a40c3f/datanode-2/data/ratis/e44fc052-5e2b-42d1-a130-f05286a0b5aa/current/log_inprogress_0
2019-09-20 14:26:36,576 [15297862-8e3d-471b-9ead-84c6fd00747d-SegmentedRaftLogWorker:Storage Directory /workdir/hadoop-ozone/ozonefs/target/test-dir/MiniOzoneClusterImpl-338b8348-b083-46f4-a27e-fb8b70a40c3f/datanode-2/data/ratis/2754d931-5aa4-490e-8ad5-88d912c5d544] INFO  segmented.SegmentedRaftLogWorker (SegmentedRaftLogWorker.java:execute(569)) - 15297862-8e3d-471b-9ead-84c6fd00747d-SegmentedRaftLogWorker:Storage Directory /workdir/hadoop-ozone/ozonefs/target/test-dir/MiniOzoneClusterImpl-338b8348-b083-46f4-a27e-fb8b70a40c3f/datanode-2/data/ratis/2754d931-5aa4-490e-8ad5-88d912c5d544: created new log segment /workdir/hadoop-ozone/ozonefs/target/test-dir/MiniOzoneClusterImpl-338b8348-b083-46f4-a27e-fb8b70a40c3f/datanode-2/data/ratis/2754d931-5aa4-490e-8ad5-88d912c5d544/current/log_inprogress_0
2019-09-20 14:26:36,653 | INFO  | SCMAudit | user=jenkins1000 | ip=192.168.36.99 | op=SEND_HEARTBEAT {datanodeUUID=15297862-8e3d-471b-9ead-84c6fd00747d, command=[]} | ret=SUCCESS |  
2019-09-20 14:26:36,919 [main] INFO  ozoneimpl.OzoneContainer (OzoneContainer.java:stop(199)) - Attempting to stop container services.
2019-09-20 14:26:36,919 [ForkJoinPool.commonPool-worker-0] INFO  ozoneimpl.OzoneContainer (OzoneContainer.java:stop(199)) - Attempting to stop container services.
2019-09-20 14:26:36,920 [main] INFO  impl.RaftServerProxy (RaftServerProxy.java:lambda$close$4(314)) - 3d6cea60-fef1-4ae8-b4b1-1f18b9d50500: close
2019-09-20 14:26:36,920 [ForkJoinPool.commonPool-worker-0] INFO  impl.RaftServerProxy (RaftServerProxy.java:lambda$close$4(314)) - b39debcb-59eb-4ff3-9b06-894e333b5be6: close
2019-09-20 14:26:36,920 [main] INFO  impl.RaftServerImpl (RaftServerImpl.java:lambda$shutdown$3(245)) - 3d6cea60-fef1-4ae8-b4b1-1f18b9d50500: shutdown group-71841A6926A8
2019-09-20 14:26:36,921 [ForkJoinPool.commonPool-worker-0] INFO  impl.RaftServerImpl (RaftServerImpl.java:lambda$shutdown$3(245)) - b39debcb-59eb-4ff3-9b06-894e333b5be6: shutdown group-B97FE4E99A57
2019-09-20 14:26:36,921 [main] INFO  util.JmxRegister (JmxRegister.java:unregister(73)) - Successfully un-registered JMX Bean with object name Ratis:service=RaftServer,group=group-71841A6926A8,id=3d6cea60-fef1-4ae8-b4b1-1f18b9d50500
2019-09-20 14:26:36,921 [ForkJoinPool.commonPool-worker-0] INFO  util.JmxRegister (JmxRegister.java:unregister(73)) - Successfully un-registered JMX Bean with object name Ratis:service=RaftServer,group=group-B97FE4E99A57,id=b39debcb-59eb-4ff3-9b06-894e333b5be6
2019-09-20 14:26:36,922 [main] INFO  impl.RoleInfo (RoleInfo.java:shutdownLeaderState(104)) - 3d6cea60-fef1-4ae8-b4b1-1f18b9d50500: shutdown LeaderState
2019-09-20 14:26:36,922 [ForkJoinPool.commonPool-worker-0] INFO  impl.RoleInfo (RoleInfo.java:shutdownLeaderState(104)) - b39debcb-59eb-4ff3-9b06-894e333b5be6: shutdown LeaderState
2019-09-20 14:26:36,922 [main] INFO  impl.PendingRequests (PendingRequests.java:sendNotLeaderResponses(202)) - 3d6cea60-fef1-4ae8-b4b1-1f18b9d50500-PendingRequests: sendNotLeaderResponses
2019-09-20 14:26:36,922 [ForkJoinPool.commonPool-worker-0] INFO  impl.PendingRequests (PendingRequests.java:sendNotLeaderResponses(202)) - b39debcb-59eb-4ff3-9b06-894e333b5be6-PendingRequests: sendNotLeaderResponses
2019-09-20 14:26:36,923 [main] INFO  impl.StateMachineUpdater (StateMachineUpdater.java:stopAndJoin(115)) - StateMachineUpdater:3d6cea60-fef1-4ae8-b4b1-1f18b9d50500:group-71841A6926A8: set stopIndex = 0
2019-09-20 14:26:36,923 [ForkJoinPool.commonPool-worker-0] INFO  impl.StateMachineUpdater (StateMachineUpdater.java:stopAndJoin(115)) - StateMachineUpdater:b39debcb-59eb-4ff3-9b06-894e333b5be6:group-B97FE4E99A57: set stopIndex = 0
2019-09-20 14:26:36,923 [main] INFO  impl.RaftServerImpl (ServerState.java:close(394)) - 3d6cea60-fef1-4ae8-b4b1-1f18b9d50500:group-71841A6926A8 closes. The last applied log index is 0
2019-09-20 14:26:36,924 [ForkJoinPool.commonPool-worker-0] INFO  impl.RaftServerImpl (ServerState.java:close(394)) - b39debcb-59eb-4ff3-9b06-894e333b5be6:group-B97FE4E99A57 closes. The last applied log index is 0
2019-09-20 14:26:36,924 [3d6cea60-fef1-4ae8-b4b1-1f18b9d50500-SegmentedRaftLogWorker:Storage Directory /workdir/hadoop-ozone/ozonefs/target/test-dir/MiniOzoneClusterImpl-338b8348-b083-46f4-a27e-fb8b70a40c3f/datanode-1/data/ratis/361b4ef9-9b1b-4cd4-86ae-71841a6926a8] INFO  segmented.SegmentedRaftLogWorker (SegmentedRaftLogWorker.java:run(313)) - 3d6cea60-fef1-4ae8-b4b1-1f18b9d50500-SegmentedRaftLogWorker:Storage Directory /workdir/hadoop-ozone/ozonefs/target/test-dir/MiniOzoneClusterImpl-338b8348-b083-46f4-a27e-fb8b70a40c3f/datanode-1/data/ratis/361b4ef9-9b1b-4cd4-86ae-71841a6926a8 was interrupted, exiting. There are 0 tasks remaining in the queue.
2019-09-20 14:26:36,924 [b39debcb-59eb-4ff3-9b06-894e333b5be6-SegmentedRaftLogWorker:Storage Directory /workdir/hadoop-ozone/ozonefs/target/test-dir/MiniOzoneClusterImpl-338b8348-b083-46f4-a27e-fb8b70a40c3f/datanode-0/data/ratis/eccc4449-ca86-4e1f-b42a-b97fe4e99a57] INFO  segmented.SegmentedRaftLogWorker (SegmentedRaftLogWorker.java:run(313)) - b39debcb-59eb-4ff3-9b06-894e333b5be6-SegmentedRaftLogWorker:Storage Directory /workdir/hadoop-ozone/ozonefs/target/test-dir/MiniOzoneClusterImpl-338b8348-b083-46f4-a27e-fb8b70a40c3f/datanode-0/data/ratis/eccc4449-ca86-4e1f-b42a-b97fe4e99a57 was interrupted, exiting. There are 0 tasks remaining in the queue.
2019-09-20 14:26:36,925 [main] INFO  segmented.SegmentedRaftLogWorker (SegmentedRaftLogWorker.java:close(228)) - 3d6cea60-fef1-4ae8-b4b1-1f18b9d50500-SegmentedRaftLogWorker:Storage Directory /workdir/hadoop-ozone/ozonefs/target/test-dir/MiniOzoneClusterImpl-338b8348-b083-46f4-a27e-fb8b70a40c3f/datanode-1/data/ratis/361b4ef9-9b1b-4cd4-86ae-71841a6926a8 close()
2019-09-20 14:26:36,925 [ForkJoinPool.commonPool-worker-0] INFO  segmented.SegmentedRaftLogWorker (SegmentedRaftLogWorker.java:close(228)) - b39debcb-59eb-4ff3-9b06-894e333b5be6-SegmentedRaftLogWorker:Storage Directory /workdir/hadoop-ozone/ozonefs/target/test-dir/MiniOzoneClusterImpl-338b8348-b083-46f4-a27e-fb8b70a40c3f/datanode-0/data/ratis/eccc4449-ca86-4e1f-b42a-b97fe4e99a57 close()
2019-09-20 14:26:36,927 [main] INFO  impl.RaftServerImpl (RaftServerImpl.java:lambda$shutdown$3(245)) - 3d6cea60-fef1-4ae8-b4b1-1f18b9d50500: shutdown group-B88A80290EB4
2019-09-20 14:26:36,929 [ForkJoinPool.commonPool-worker-0] INFO  impl.RaftServerImpl (RaftServerImpl.java:lambda$shutdown$3(245)) - b39debcb-59eb-4ff3-9b06-894e333b5be6: shutdown group-41F95B3651C5
2019-09-20 14:26:36,929 [main] INFO  util.JmxRegister (JmxRegister.java:unregister(73)) - Successfully un-registered JMX Bean with object name Ratis:service=RaftServer,group=group-B88A80290EB4,id=3d6cea60-fef1-4ae8-b4b1-1f18b9d50500
2019-09-20 14:26:36,929 [ForkJoinPool.commonPool-worker-0] INFO  util.JmxRegister (JmxRegister.java:unregister(73)) - Successfully un-registered JMX Bean with object name Ratis:service=RaftServer,group=group-41F95B3651C5,id=b39debcb-59eb-4ff3-9b06-894e333b5be6
2019-09-20 14:26:36,930 [main] INFO  impl.RoleInfo (RoleInfo.java:shutdownLeaderState(104)) - 3d6cea60-fef1-4ae8-b4b1-1f18b9d50500: shutdown LeaderState
2019-09-20 14:26:36,930 [ForkJoinPool.commonPool-worker-0] INFO  impl.RoleInfo (RoleInfo.java:shutdownLeaderState(104)) - b39debcb-59eb-4ff3-9b06-894e333b5be6: shutdown LeaderState
2019-09-20 14:26:36,930 [main] INFO  impl.PendingRequests (PendingRequests.java:sendNotLeaderResponses(202)) - 3d6cea60-fef1-4ae8-b4b1-1f18b9d50500-PendingRequests: sendNotLeaderResponses
2019-09-20 14:26:36,931 [ForkJoinPool.commonPool-worker-0] INFO  impl.PendingRequests (PendingRequests.java:sendNotLeaderResponses(202)) - b39debcb-59eb-4ff3-9b06-894e333b5be6-PendingRequests: sendNotLeaderResponses
2019-09-20 14:26:36,931 [main] INFO  impl.StateMachineUpdater (StateMachineUpdater.java:stopAndJoin(115)) - StateMachineUpdater:3d6cea60-fef1-4ae8-b4b1-1f18b9d50500:group-B88A80290EB4: set stopIndex = 0
2019-09-20 14:26:36,931 [ForkJoinPool.commonPool-worker-0] INFO  impl.StateMachineUpdater (StateMachineUpdater.java:stopAndJoin(115)) - StateMachineUpdater:b39debcb-59eb-4ff3-9b06-894e333b5be6:group-41F95B3651C5: set stopIndex = 0
2019-09-20 14:26:36,932 [main] INFO  impl.RaftServerImpl (ServerState.java:close(394)) - 3d6cea60-fef1-4ae8-b4b1-1f18b9d50500:group-B88A80290EB4 closes. The last applied log index is 0
2019-09-20 14:26:36,932 [ForkJoinPool.commonPool-worker-0] INFO  impl.RaftServerImpl (ServerState.java:close(394)) - b39debcb-59eb-4ff3-9b06-894e333b5be6:group-41F95B3651C5 closes. The last applied log index is 0
2019-09-20 14:26:36,932 [3d6cea60-fef1-4ae8-b4b1-1f18b9d50500-SegmentedRaftLogWorker:Storage Directory /workdir/hadoop-ozone/ozonefs/target/test-dir/MiniOzoneClusterImpl-338b8348-b083-46f4-a27e-fb8b70a40c3f/datanode-1/data/ratis/02a87bec-8664-47c6-9c33-b88a80290eb4] INFO  segmented.SegmentedRaftLogWorker (SegmentedRaftLogWorker.java:run(313)) - 3d6cea60-fef1-4ae8-b4b1-1f18b9d50500-SegmentedRaftLogWorker:Storage Directory /workdir/hadoop-ozone/ozonefs/target/test-dir/MiniOzoneClusterImpl-338b8348-b083-46f4-a27e-fb8b70a40c3f/datanode-1/data/ratis/02a87bec-8664-47c6-9c33-b88a80290eb4 was interrupted, exiting. There are 0 tasks remaining in the queue.
2019-09-20 14:26:36,933 [b39debcb-59eb-4ff3-9b06-894e333b5be6-SegmentedRaftLogWorker:Storage Directory /workdir/hadoop-ozone/ozonefs/target/test-dir/MiniOzoneClusterImpl-338b8348-b083-46f4-a27e-fb8b70a40c3f/datanode-0/data/ratis/957ce5f0-c326-4efa-b72b-41f95b3651c5] INFO  segmented.SegmentedRaftLogWorker (SegmentedRaftLogWorker.java:run(313)) - b39debcb-59eb-4ff3-9b06-894e333b5be6-SegmentedRaftLogWorker:Storage Directory /workdir/hadoop-ozone/ozonefs/target/test-dir/MiniOzoneClusterImpl-338b8348-b083-46f4-a27e-fb8b70a40c3f/datanode-0/data/ratis/957ce5f0-c326-4efa-b72b-41f95b3651c5 was interrupted, exiting. There are 0 tasks remaining in the queue.
2019-09-20 14:26:36,933 [main] INFO  segmented.SegmentedRaftLogWorker (SegmentedRaftLogWorker.java:close(228)) - 3d6cea60-fef1-4ae8-b4b1-1f18b9d50500-SegmentedRaftLogWorker:Storage Directory /workdir/hadoop-ozone/ozonefs/target/test-dir/MiniOzoneClusterImpl-338b8348-b083-46f4-a27e-fb8b70a40c3f/datanode-1/data/ratis/02a87bec-8664-47c6-9c33-b88a80290eb4 close()
2019-09-20 14:26:36,933 [ForkJoinPool.commonPool-worker-0] INFO  segmented.SegmentedRaftLogWorker (SegmentedRaftLogWorker.java:close(228)) - b39debcb-59eb-4ff3-9b06-894e333b5be6-SegmentedRaftLogWorker:Storage Directory /workdir/hadoop-ozone/ozonefs/target/test-dir/MiniOzoneClusterImpl-338b8348-b083-46f4-a27e-fb8b70a40c3f/datanode-0/data/ratis/957ce5f0-c326-4efa-b72b-41f95b3651c5 close()
2019-09-20 14:26:36,935 [main] INFO  impl.RaftServerImpl (RaftServerImpl.java:lambda$shutdown$3(245)) - 3d6cea60-fef1-4ae8-b4b1-1f18b9d50500: shutdown group-9DA8BD493004
2019-09-20 14:26:36,936 [ForkJoinPool.commonPool-worker-0] INFO  impl.RaftServerImpl (RaftServerImpl.java:lambda$shutdown$3(245)) - b39debcb-59eb-4ff3-9b06-894e333b5be6: shutdown group-E44011899AC6
2019-09-20 14:26:36,937 [main] INFO  util.JmxRegister (JmxRegister.java:unregister(73)) - Successfully un-registered JMX Bean with object name Ratis:service=RaftServer,group=group-9DA8BD493004,id=3d6cea60-fef1-4ae8-b4b1-1f18b9d50500
2019-09-20 14:26:36,937 [ForkJoinPool.commonPool-worker-0] INFO  util.JmxRegister (JmxRegister.java:unregister(73)) - Successfully un-registered JMX Bean with object name Ratis:service=RaftServer,group=group-E44011899AC6,id=b39debcb-59eb-4ff3-9b06-894e333b5be6
2019-09-20 14:26:36,937 [main] INFO  impl.RoleInfo (RoleInfo.java:shutdownLeaderState(104)) - 3d6cea60-fef1-4ae8-b4b1-1f18b9d50500: shutdown LeaderState
2019-09-20 14:26:36,937 [ForkJoinPool.commonPool-worker-0] INFO  impl.RoleInfo (RoleInfo.java:shutdownLeaderState(104)) - b39debcb-59eb-4ff3-9b06-894e333b5be6: shutdown LeaderState
2019-09-20 14:26:36,938 [main] INFO  impl.PendingRequests (PendingRequests.java:sendNotLeaderResponses(202)) - 3d6cea60-fef1-4ae8-b4b1-1f18b9d50500-PendingRequests: sendNotLeaderResponses
2019-09-20 14:26:36,938 [ForkJoinPool.commonPool-worker-0] INFO  impl.PendingRequests (PendingRequests.java:sendNotLeaderResponses(202)) - b39debcb-59eb-4ff3-9b06-894e333b5be6-PendingRequests: sendNotLeaderResponses
2019-09-20 14:26:36,938 [main] INFO  impl.StateMachineUpdater (StateMachineUpdater.java:stopAndJoin(115)) - StateMachineUpdater:3d6cea60-fef1-4ae8-b4b1-1f18b9d50500:group-9DA8BD493004: set stopIndex = 0
2019-09-20 14:26:36,939 [main] INFO  impl.RaftServerImpl (ServerState.java:close(394)) - 3d6cea60-fef1-4ae8-b4b1-1f18b9d50500:group-9DA8BD493004 closes. The last applied log index is 0
2019-09-20 14:26:36,939 [ForkJoinPool.commonPool-worker-0] INFO  impl.StateMachineUpdater (StateMachineUpdater.java:stopAndJoin(115)) - StateMachineUpdater:b39debcb-59eb-4ff3-9b06-894e333b5be6:group-E44011899AC6: set stopIndex = 0
2019-09-20 14:26:36,940 [ForkJoinPool.commonPool-worker-0] INFO  impl.RaftServerImpl (ServerState.java:close(394)) - b39debcb-59eb-4ff3-9b06-894e333b5be6:group-E44011899AC6 closes. The last applied log index is 0
2019-09-20 14:26:36,939 [3d6cea60-fef1-4ae8-b4b1-1f18b9d50500-SegmentedRaftLogWorker:Storage Directory /workdir/hadoop-ozone/ozonefs/target/test-dir/MiniOzoneClusterImpl-338b8348-b083-46f4-a27e-fb8b70a40c3f/datanode-1/data/ratis/33dd0149-7fab-4ee8-af1b-9da8bd493004] INFO  segmented.SegmentedRaftLogWorker (SegmentedRaftLogWorker.java:run(313)) - 3d6cea60-fef1-4ae8-b4b1-1f18b9d50500-SegmentedRaftLogWorker:Storage Directory /workdir/hadoop-ozone/ozonefs/target/test-dir/MiniOzoneClusterImpl-338b8348-b083-46f4-a27e-fb8b70a40c3f/datanode-1/data/ratis/33dd0149-7fab-4ee8-af1b-9da8bd493004 was interrupted, exiting. There are 0 tasks remaining in the queue.
2019-09-20 14:26:36,940 [b39debcb-59eb-4ff3-9b06-894e333b5be6-SegmentedRaftLogWorker:Storage Directory /workdir/hadoop-ozone/ozonefs/target/test-dir/MiniOzoneClusterImpl-338b8348-b083-46f4-a27e-fb8b70a40c3f/datanode-0/data/ratis/c2343659-3c15-4d6e-ad2b-e44011899ac6] INFO  segmented.SegmentedRaftLogWorker (SegmentedRaftLogWorker.java:run(313)) - b39debcb-59eb-4ff3-9b06-894e333b5be6-SegmentedRaftLogWorker:Storage Directory /workdir/hadoop-ozone/ozonefs/target/test-dir/MiniOzoneClusterImpl-338b8348-b083-46f4-a27e-fb8b70a40c3f/datanode-0/data/ratis/c2343659-3c15-4d6e-ad2b-e44011899ac6 was interrupted, exiting. There are 0 tasks remaining in the queue.
2019-09-20 14:26:36,940 [main] INFO  segmented.SegmentedRaftLogWorker (SegmentedRaftLogWorker.java:close(228)) - 3d6cea60-fef1-4ae8-b4b1-1f18b9d50500-SegmentedRaftLogWorker:Storage Directory /workdir/hadoop-ozone/ozonefs/target/test-dir/MiniOzoneClusterImpl-338b8348-b083-46f4-a27e-fb8b70a40c3f/datanode-1/data/ratis/33dd0149-7fab-4ee8-af1b-9da8bd493004 close()
2019-09-20 14:26:36,940 [ForkJoinPool.commonPool-worker-0] INFO  segmented.SegmentedRaftLogWorker (SegmentedRaftLogWorker.java:close(228)) - b39debcb-59eb-4ff3-9b06-894e333b5be6-SegmentedRaftLogWorker:Storage Directory /workdir/hadoop-ozone/ozonefs/target/test-dir/MiniOzoneClusterImpl-338b8348-b083-46f4-a27e-fb8b70a40c3f/datanode-0/data/ratis/c2343659-3c15-4d6e-ad2b-e44011899ac6 close()
2019-09-20 14:26:36,942 [main] INFO  impl.RaftServerImpl (RaftServerImpl.java:lambda$shutdown$3(245)) - 3d6cea60-fef1-4ae8-b4b1-1f18b9d50500: shutdown group-DA2FC0BAC68B
2019-09-20 14:26:36,943 [ForkJoinPool.commonPool-worker-0] INFO  impl.RaftServerImpl (RaftServerImpl.java:lambda$shutdown$3(245)) - b39debcb-59eb-4ff3-9b06-894e333b5be6: shutdown group-8797A8D26B4E
2019-09-20 14:26:36,944 [main] INFO  util.JmxRegister (JmxRegister.java:unregister(73)) - Successfully un-registered JMX Bean with object name Ratis:service=RaftServer,group=group-DA2FC0BAC68B,id=3d6cea60-fef1-4ae8-b4b1-1f18b9d50500
2019-09-20 14:26:36,944 [ForkJoinPool.commonPool-worker-0] INFO  util.JmxRegister (JmxRegister.java:unregister(73)) - Successfully un-registered JMX Bean with object name Ratis:service=RaftServer,group=group-8797A8D26B4E,id=b39debcb-59eb-4ff3-9b06-894e333b5be6
2019-09-20 14:26:36,944 [main] INFO  impl.RoleInfo (RoleInfo.java:shutdownLeaderState(104)) - 3d6cea60-fef1-4ae8-b4b1-1f18b9d50500: shutdown LeaderState
2019-09-20 14:26:36,944 [ForkJoinPool.commonPool-worker-0] INFO  impl.RoleInfo (RoleInfo.java:shutdownLeaderState(104)) - b39debcb-59eb-4ff3-9b06-894e333b5be6: shutdown LeaderState
2019-09-20 14:26:36,945 [main] INFO  impl.PendingRequests (PendingRequests.java:sendNotLeaderResponses(202)) - 3d6cea60-fef1-4ae8-b4b1-1f18b9d50500-PendingRequests: sendNotLeaderResponses
2019-09-20 14:26:36,945 [ForkJoinPool.commonPool-worker-0] INFO  impl.PendingRequests (PendingRequests.java:sendNotLeaderResponses(202)) - b39debcb-59eb-4ff3-9b06-894e333b5be6-PendingRequests: sendNotLeaderResponses
2019-09-20 14:26:36,945 [main] INFO  impl.StateMachineUpdater (StateMachineUpdater.java:stopAndJoin(115)) - StateMachineUpdater:3d6cea60-fef1-4ae8-b4b1-1f18b9d50500:group-DA2FC0BAC68B: set stopIndex = 0
2019-09-20 14:26:36,946 [main] INFO  impl.RaftServerImpl (ServerState.java:close(394)) - 3d6cea60-fef1-4ae8-b4b1-1f18b9d50500:group-DA2FC0BAC68B closes. The last applied log index is 0
2019-09-20 14:26:36,946 [ForkJoinPool.commonPool-worker-0] INFO  impl.StateMachineUpdater (StateMachineUpdater.java:stopAndJoin(115)) - StateMachineUpdater:b39debcb-59eb-4ff3-9b06-894e333b5be6:group-8797A8D26B4E: set stopIndex = 0
2019-09-20 14:26:36,946 [3d6cea60-fef1-4ae8-b4b1-1f18b9d50500-SegmentedRaftLogWorker:Storage Directory /workdir/hadoop-ozone/ozonefs/target/test-dir/MiniOzoneClusterImpl-338b8348-b083-46f4-a27e-fb8b70a40c3f/datanode-1/data/ratis/91461df3-94bb-404c-b6c5-da2fc0bac68b] INFO  segmented.SegmentedRaftLogWorker (SegmentedRaftLogWorker.java:run(313)) - 3d6cea60-fef1-4ae8-b4b1-1f18b9d50500-SegmentedRaftLogWorker:Storage Directory /workdir/hadoop-ozone/ozonefs/target/test-dir/MiniOzoneClusterImpl-338b8348-b083-46f4-a27e-fb8b70a40c3f/datanode-1/data/ratis/91461df3-94bb-404c-b6c5-da2fc0bac68b was interrupted, exiting. There are 0 tasks remaining in the queue.
2019-09-20 14:26:36,947 [ForkJoinPool.commonPool-worker-0] INFO  impl.RaftServerImpl (ServerState.java:close(394)) - b39debcb-59eb-4ff3-9b06-894e333b5be6:group-8797A8D26B4E closes. The last applied log index is 0
2019-09-20 14:26:36,947 [main] INFO  segmented.SegmentedRaftLogWorker (SegmentedRaftLogWorker.java:close(228)) - 3d6cea60-fef1-4ae8-b4b1-1f18b9d50500-SegmentedRaftLogWorker:Storage Directory /workdir/hadoop-ozone/ozonefs/target/test-dir/MiniOzoneClusterImpl-338b8348-b083-46f4-a27e-fb8b70a40c3f/datanode-1/data/ratis/91461df3-94bb-404c-b6c5-da2fc0bac68b close()
2019-09-20 14:26:36,947 [b39debcb-59eb-4ff3-9b06-894e333b5be6-SegmentedRaftLogWorker:Storage Directory /workdir/hadoop-ozone/ozonefs/target/test-dir/MiniOzoneClusterImpl-338b8348-b083-46f4-a27e-fb8b70a40c3f/datanode-0/data/ratis/5857eb24-78b2-4f4e-a047-8797a8d26b4e] INFO  segmented.SegmentedRaftLogWorker (SegmentedRaftLogWorker.java:run(313)) - b39debcb-59eb-4ff3-9b06-894e333b5be6-SegmentedRaftLogWorker:Storage Directory /workdir/hadoop-ozone/ozonefs/target/test-dir/MiniOzoneClusterImpl-338b8348-b083-46f4-a27e-fb8b70a40c3f/datanode-0/data/ratis/5857eb24-78b2-4f4e-a047-8797a8d26b4e was interrupted, exiting. There are 0 tasks remaining in the queue.
2019-09-20 14:26:36,949 [main] INFO  impl.RaftServerImpl (RaftServerImpl.java:lambda$shutdown$3(245)) - 3d6cea60-fef1-4ae8-b4b1-1f18b9d50500: shutdown group-F15E953A3AD3
2019-09-20 14:26:36,949 [ForkJoinPool.commonPool-worker-0] INFO  segmented.SegmentedRaftLogWorker (SegmentedRaftLogWorker.java:close(228)) - b39debcb-59eb-4ff3-9b06-894e333b5be6-SegmentedRaftLogWorker:Storage Directory /workdir/hadoop-ozone/ozonefs/target/test-dir/MiniOzoneClusterImpl-338b8348-b083-46f4-a27e-fb8b70a40c3f/datanode-0/data/ratis/5857eb24-78b2-4f4e-a047-8797a8d26b4e close()
2019-09-20 14:26:36,949 [main] INFO  util.JmxRegister (JmxRegister.java:unregister(73)) - Successfully un-registered JMX Bean with object name Ratis:service=RaftServer,group=group-F15E953A3AD3,id=3d6cea60-fef1-4ae8-b4b1-1f18b9d50500
2019-09-20 14:26:36,951 [main] INFO  impl.RoleInfo (RoleInfo.java:shutdownLeaderState(104)) - 3d6cea60-fef1-4ae8-b4b1-1f18b9d50500: shutdown LeaderState
2019-09-20 14:26:36,950 [ForkJoinPool.commonPool-worker-0] INFO  impl.RaftServerImpl (RaftServerImpl.java:lambda$shutdown$3(245)) - b39debcb-59eb-4ff3-9b06-894e333b5be6: shutdown group-327951D6E5C7
2019-09-20 14:26:36,951 [main] INFO  impl.PendingRequests (PendingRequests.java:sendNotLeaderResponses(202)) - 3d6cea60-fef1-4ae8-b4b1-1f18b9d50500-PendingRequests: sendNotLeaderResponses
2019-09-20 14:26:36,951 [ForkJoinPool.commonPool-worker-0] INFO  util.JmxRegister (JmxRegister.java:unregister(73)) - Successfully un-registered JMX Bean with object name Ratis:service=RaftServer,group=group-327951D6E5C7,id=b39debcb-59eb-4ff3-9b06-894e333b5be6
2019-09-20 14:26:36,952 [main] INFO  impl.StateMachineUpdater (StateMachineUpdater.java:stopAndJoin(115)) - StateMachineUpdater:3d6cea60-fef1-4ae8-b4b1-1f18b9d50500:group-F15E953A3AD3: set stopIndex = 0
2019-09-20 14:26:36,952 [ForkJoinPool.commonPool-worker-0] INFO  impl.RoleInfo (RoleInfo.java:shutdownLeaderState(104)) - b39debcb-59eb-4ff3-9b06-894e333b5be6: shutdown LeaderState
2019-09-20 14:26:36,952 [main] INFO  impl.RaftServerImpl (ServerState.java:close(394)) - 3d6cea60-fef1-4ae8-b4b1-1f18b9d50500:group-F15E953A3AD3 closes. The last applied log index is 0
2019-09-20 14:26:36,952 [ForkJoinPool.commonPool-worker-0] INFO  impl.PendingRequests (PendingRequests.java:sendNotLeaderResponses(202)) - b39debcb-59eb-4ff3-9b06-894e333b5be6-PendingRequests: sendNotLeaderResponses
2019-09-20 14:26:36,953 [3d6cea60-fef1-4ae8-b4b1-1f18b9d50500-SegmentedRaftLogWorker:Storage Directory /workdir/hadoop-ozone/ozonefs/target/test-dir/MiniOzoneClusterImpl-338b8348-b083-46f4-a27e-fb8b70a40c3f/datanode-1/data/ratis/29745b16-7180-43e9-82c0-f15e953a3ad3] INFO  segmented.SegmentedRaftLogWorker (SegmentedRaftLogWorker.java:run(313)) - 3d6cea60-fef1-4ae8-b4b1-1f18b9d50500-SegmentedRaftLogWorker:Storage Directory /workdir/hadoop-ozone/ozonefs/target/test-dir/MiniOzoneClusterImpl-338b8348-b083-46f4-a27e-fb8b70a40c3f/datanode-1/data/ratis/29745b16-7180-43e9-82c0-f15e953a3ad3 was interrupted, exiting. There are 0 tasks remaining in the queue.
2019-09-20 14:26:36,953 [ForkJoinPool.commonPool-worker-0] INFO  impl.StateMachineUpdater (StateMachineUpdater.java:stopAndJoin(115)) - StateMachineUpdater:b39debcb-59eb-4ff3-9b06-894e333b5be6:group-327951D6E5C7: set stopIndex = 0
2019-09-20 14:26:36,953 [main] INFO  segmented.SegmentedRaftLogWorker (SegmentedRaftLogWorker.java:close(228)) - 3d6cea60-fef1-4ae8-b4b1-1f18b9d50500-SegmentedRaftLogWorker:Storage Directory /workdir/hadoop-ozone/ozonefs/target/test-dir/MiniOzoneClusterImpl-338b8348-b083-46f4-a27e-fb8b70a40c3f/datanode-1/data/ratis/29745b16-7180-43e9-82c0-f15e953a3ad3 close()
2019-09-20 14:26:36,953 [ForkJoinPool.commonPool-worker-0] INFO  impl.RaftServerImpl (ServerState.java:close(394)) - b39debcb-59eb-4ff3-9b06-894e333b5be6:group-327951D6E5C7 closes. The last applied log index is 0
2019-09-20 14:26:36,955 [main] INFO  impl.RaftServerImpl (RaftServerImpl.java:lambda$shutdown$3(245)) - 3d6cea60-fef1-4ae8-b4b1-1f18b9d50500: shutdown group-93EAEC66371D
2019-09-20 14:26:36,955 [b39debcb-59eb-4ff3-9b06-894e333b5be6-SegmentedRaftLogWorker:Storage Directory /workdir/hadoop-ozone/ozonefs/target/test-dir/MiniOzoneClusterImpl-338b8348-b083-46f4-a27e-fb8b70a40c3f/datanode-0/data/ratis/fd4daa43-d2e4-46ae-a164-327951d6e5c7] INFO  segmented.SegmentedRaftLogWorker (SegmentedRaftLogWorker.java:run(313)) - b39debcb-59eb-4ff3-9b06-894e333b5be6-SegmentedRaftLogWorker:Storage Directory /workdir/hadoop-ozone/ozonefs/target/test-dir/MiniOzoneClusterImpl-338b8348-b083-46f4-a27e-fb8b70a40c3f/datanode-0/data/ratis/fd4daa43-d2e4-46ae-a164-327951d6e5c7 was interrupted, exiting. There are 0 tasks remaining in the queue.
2019-09-20 14:26:36,955 [main] INFO  util.JmxRegister (JmxRegister.java:unregister(73)) - Successfully un-registered JMX Bean with object name Ratis:service=RaftServer,group=group-93EAEC66371D,id=3d6cea60-fef1-4ae8-b4b1-1f18b9d50500
2019-09-20 14:26:36,956 [ForkJoinPool.commonPool-worker-0] INFO  segmented.SegmentedRaftLogWorker (SegmentedRaftLogWorker.java:close(228)) - b39debcb-59eb-4ff3-9b06-894e333b5be6-SegmentedRaftLogWorker:Storage Directory /workdir/hadoop-ozone/ozonefs/target/test-dir/MiniOzoneClusterImpl-338b8348-b083-46f4-a27e-fb8b70a40c3f/datanode-0/data/ratis/fd4daa43-d2e4-46ae-a164-327951d6e5c7 close()
2019-09-20 14:26:36,956 [main] INFO  impl.RoleInfo (RoleInfo.java:shutdownLeaderState(104)) - 3d6cea60-fef1-4ae8-b4b1-1f18b9d50500: shutdown LeaderState
2019-09-20 14:26:36,957 [ForkJoinPool.commonPool-worker-0] INFO  impl.RaftServerImpl (RaftServerImpl.java:lambda$shutdown$3(245)) - b39debcb-59eb-4ff3-9b06-894e333b5be6: shutdown group-8044A431FD9C
2019-09-20 14:26:36,958 [main] INFO  impl.PendingRequests (PendingRequests.java:sendNotLeaderResponses(202)) - 3d6cea60-fef1-4ae8-b4b1-1f18b9d50500-PendingRequests: sendNotLeaderResponses
2019-09-20 14:26:36,958 [ForkJoinPool.commonPool-worker-0] INFO  util.JmxRegister (JmxRegister.java:unregister(73)) - Successfully un-registered JMX Bean with object name Ratis:service=RaftServer,group=group-8044A431FD9C,id=b39debcb-59eb-4ff3-9b06-894e333b5be6
2019-09-20 14:26:36,958 [main] INFO  impl.StateMachineUpdater (StateMachineUpdater.java:stopAndJoin(115)) - StateMachineUpdater:3d6cea60-fef1-4ae8-b4b1-1f18b9d50500:group-93EAEC66371D: set stopIndex = 0
2019-09-20 14:26:36,959 [main] INFO  impl.RaftServerImpl (ServerState.java:close(394)) - 3d6cea60-fef1-4ae8-b4b1-1f18b9d50500:group-93EAEC66371D closes. The last applied log index is 0
2019-09-20 14:26:36,959 [ForkJoinPool.commonPool-worker-0] INFO  impl.RoleInfo (RoleInfo.java:shutdownLeaderState(104)) - b39debcb-59eb-4ff3-9b06-894e333b5be6: shutdown LeaderState
2019-09-20 14:26:36,959 [3d6cea60-fef1-4ae8-b4b1-1f18b9d50500-SegmentedRaftLogWorker:Storage Directory /workdir/hadoop-ozone/ozonefs/target/test-dir/MiniOzoneClusterImpl-338b8348-b083-46f4-a27e-fb8b70a40c3f/datanode-1/data/ratis/a48919cb-28a2-47f6-bf4a-93eaec66371d] INFO  segmented.SegmentedRaftLogWorker (SegmentedRaftLogWorker.java:run(313)) - 3d6cea60-fef1-4ae8-b4b1-1f18b9d50500-SegmentedRaftLogWorker:Storage Directory /workdir/hadoop-ozone/ozonefs/target/test-dir/MiniOzoneClusterImpl-338b8348-b083-46f4-a27e-fb8b70a40c3f/datanode-1/data/ratis/a48919cb-28a2-47f6-bf4a-93eaec66371d was interrupted, exiting. There are 0 tasks remaining in the queue.
2019-09-20 14:26:36,959 [ForkJoinPool.commonPool-worker-0] INFO  impl.PendingRequests (PendingRequests.java:sendNotLeaderResponses(202)) - b39debcb-59eb-4ff3-9b06-894e333b5be6-PendingRequests: sendNotLeaderResponses
2019-09-20 14:26:36,960 [main] INFO  segmented.SegmentedRaftLogWorker (SegmentedRaftLogWorker.java:close(228)) - 3d6cea60-fef1-4ae8-b4b1-1f18b9d50500-SegmentedRaftLogWorker:Storage Directory /workdir/hadoop-ozone/ozonefs/target/test-dir/MiniOzoneClusterImpl-338b8348-b083-46f4-a27e-fb8b70a40c3f/datanode-1/data/ratis/a48919cb-28a2-47f6-bf4a-93eaec66371d close()
2019-09-20 14:26:36,960 [ForkJoinPool.commonPool-worker-0] INFO  impl.StateMachineUpdater (StateMachineUpdater.java:stopAndJoin(115)) - StateMachineUpdater:b39debcb-59eb-4ff3-9b06-894e333b5be6:group-8044A431FD9C: set stopIndex = 0
2019-09-20 14:26:36,961 [main] INFO  server.GrpcService (GrpcService.java:closeImpl(155)) - 3d6cea60-fef1-4ae8-b4b1-1f18b9d50500: shutdown server with port 38255 now
2019-09-20 14:26:36,962 [ForkJoinPool.commonPool-worker-0] INFO  impl.RaftServerImpl (ServerState.java:close(394)) - b39debcb-59eb-4ff3-9b06-894e333b5be6:group-8044A431FD9C closes. The last applied log index is 0
2019-09-20 14:26:36,962 [b39debcb-59eb-4ff3-9b06-894e333b5be6-SegmentedRaftLogWorker:Storage Directory /workdir/hadoop-ozone/ozonefs/target/test-dir/MiniOzoneClusterImpl-338b8348-b083-46f4-a27e-fb8b70a40c3f/datanode-0/data/ratis/4bba9c62-defb-488b-a6ff-8044a431fd9c] INFO  segmented.SegmentedRaftLogWorker (SegmentedRaftLogWorker.java:run(313)) - b39debcb-59eb-4ff3-9b06-894e333b5be6-SegmentedRaftLogWorker:Storage Directory /workdir/hadoop-ozone/ozonefs/target/test-dir/MiniOzoneClusterImpl-338b8348-b083-46f4-a27e-fb8b70a40c3f/datanode-0/data/ratis/4bba9c62-defb-488b-a6ff-8044a431fd9c was interrupted, exiting. There are 0 tasks remaining in the queue.
2019-09-20 14:26:36,963 [main] INFO  server.GrpcService (GrpcService.java:closeImpl(163)) - 3d6cea60-fef1-4ae8-b4b1-1f18b9d50500: shutdown server with port 38255 successfully
2019-09-20 14:26:36,964 [ForkJoinPool.commonPool-worker-0] INFO  segmented.SegmentedRaftLogWorker (SegmentedRaftLogWorker.java:close(228)) - b39debcb-59eb-4ff3-9b06-894e333b5be6-SegmentedRaftLogWorker:Storage Directory /workdir/hadoop-ozone/ozonefs/target/test-dir/MiniOzoneClusterImpl-338b8348-b083-46f4-a27e-fb8b70a40c3f/datanode-0/data/ratis/4bba9c62-defb-488b-a6ff-8044a431fd9c close()
2019-09-20 14:26:36,965 [ForkJoinPool.commonPool-worker-0] INFO  server.GrpcService (GrpcService.java:closeImpl(155)) - b39debcb-59eb-4ff3-9b06-894e333b5be6: shutdown server with port 36063 now
2019-09-20 14:26:36,966 [main] INFO  utils.BackgroundService (BackgroundService.java:shutdown(148)) - Shutting down service BlockDeletingService
2019-09-20 14:26:36,967 [ForkJoinPool.commonPool-worker-0] INFO  server.GrpcService (GrpcService.java:closeImpl(163)) - b39debcb-59eb-4ff3-9b06-894e333b5be6: shutdown server with port 36063 successfully
2019-09-20 14:26:36,969 [refreshUsed-/workdir/hadoop-ozone/ozonefs/target/test-dir/MiniOzoneClusterImpl-338b8348-b083-46f4-a27e-fb8b70a40c3f/datanode-1/data/containers] WARN  fs.CachingGetSpaceUsed (CachingGetSpaceUsed.java:run(183)) - Thread Interrupted waiting to refresh disk information: sleep interrupted
2019-09-20 14:26:36,973 [ForkJoinPool.commonPool-worker-0] INFO  utils.BackgroundService (BackgroundService.java:shutdown(148)) - Shutting down service BlockDeletingService
2019-09-20 14:26:36,976 [refreshUsed-/workdir/hadoop-ozone/ozonefs/target/test-dir/MiniOzoneClusterImpl-338b8348-b083-46f4-a27e-fb8b70a40c3f/datanode-0/data/containers] WARN  fs.CachingGetSpaceUsed (CachingGetSpaceUsed.java:run(183)) - Thread Interrupted waiting to refresh disk information: sleep interrupted
2019-09-20 14:26:37,007 [main] INFO  statemachine.DatanodeStateMachine (DatanodeStateMachine.java:stopDaemon(395)) - Ozone container server stopped.
2019-09-20 14:26:37,008 [main] INFO  handler.ContextHandler (ContextHandler.java:doStop(910)) - Stopped o.e.j.w.WebAppContext@ec70725{/,null,UNAVAILABLE}{/hddsDatanode}
2019-09-20 14:26:37,009 [main] INFO  server.AbstractConnector (AbstractConnector.java:doStop(318)) - Stopped ServerConnector@2082e0e4{HTTP/1.1,[http/1.1]}{0.0.0.0:0}
2019-09-20 14:26:37,010 [main] INFO  handler.ContextHandler (ContextHandler.java:doStop(910)) - Stopped o.e.j.s.ServletContextHandler@3fb4beb1{/static,jar:file:/home/user/.m2/repository/org/apache/hadoop/hadoop-hdds-container-service/0.5.0-SNAPSHOT/hadoop-hdds-container-service-0.5.0-SNAPSHOT.jar!/webapps/static,UNAVAILABLE}
2019-09-20 14:26:37,012 [ForkJoinPool.commonPool-worker-0] INFO  statemachine.DatanodeStateMachine (DatanodeStateMachine.java:stopDaemon(395)) - Ozone container server stopped.
2019-09-20 14:26:37,012 [main] INFO  handler.ContextHandler (ContextHandler.java:doStop(910)) - Stopped o.e.j.s.ServletContextHandler@22f7bf36{/logs,file:///workdir/hadoop-ozone/ozonefs/target/log,UNAVAILABLE}
2019-09-20 14:26:37,015 [main] INFO  datanode.ObjectStoreHandler (ObjectStoreHandler.java:close(155)) - Closing ObjectStoreHandler.
2019-09-20 14:26:37,016 [ForkJoinPool.commonPool-worker-0] INFO  handler.ContextHandler (ContextHandler.java:doStop(910)) - Stopped o.e.j.w.WebAppContext@6792f2c6{/,null,UNAVAILABLE}{/hddsDatanode}
2019-09-20 14:26:37,017 [main] INFO  ozone.HddsDatanodeService (HddsDatanodeService.java:stop(451)) - Stopped plug-in org.apache.hadoop.ozone.web.OzoneHddsDatanodeService@5c6be812
2019-09-20 14:26:37,017 [ForkJoinPool.commonPool-worker-0] INFO  server.AbstractConnector (AbstractConnector.java:doStop(318)) - Stopped ServerConnector@52fed5b7{HTTP/1.1,[http/1.1]}{0.0.0.0:0}
2019-09-20 14:26:37,019 [ForkJoinPool.commonPool-worker-0] INFO  handler.ContextHandler (ContextHandler.java:doStop(910)) - Stopped o.e.j.s.ServletContextHandler@663e1144{/static,jar:file:/home/user/.m2/repository/org/apache/hadoop/hadoop-hdds-container-service/0.5.0-SNAPSHOT/hadoop-hdds-container-service-0.5.0-SNAPSHOT.jar!/webapps/static,UNAVAILABLE}
2019-09-20 14:26:37,020 [ForkJoinPool.commonPool-worker-0] INFO  handler.ContextHandler (ContextHandler.java:doStop(910)) - Stopped o.e.j.s.ServletContextHandler@3b9a2629{/logs,file:///workdir/hadoop-ozone/ozonefs/target/log,UNAVAILABLE}
2019-09-20 14:26:37,651 [Datanode State Machine Thread - 0] INFO  statemachine.DatanodeStateMachine (DatanodeStateMachine.java:lambda$startDaemon$0(350)) - Ozone container server started.
2019-09-20 14:26:42,018 [main] INFO  ozoneimpl.OzoneContainer (OzoneContainer.java:stop(199)) - Attempting to stop container services.
2019-09-20 14:26:42,018 [main] INFO  impl.RaftServerProxy (RaftServerProxy.java:lambda$close$4(314)) - 15297862-8e3d-471b-9ead-84c6fd00747d: close
2019-09-20 14:26:42,019 [main] INFO  impl.RaftServerImpl (RaftServerImpl.java:lambda$shutdown$3(245)) - 15297862-8e3d-471b-9ead-84c6fd00747d: shutdown group-39F8634A7EE3
2019-09-20 14:26:42,020 [ForkJoinPool.commonPool-worker-1] INFO  impl.RaftServerImpl (RaftServerImpl.java:lambda$shutdown$3(245)) - 15297862-8e3d-471b-9ead-84c6fd00747d: shutdown group-20F35A9807CC
2019-09-20 14:26:42,020 [main] INFO  util.JmxRegister (JmxRegister.java:unregister(73)) - Successfully un-registered JMX Bean with object name Ratis:service=RaftServer,group=group-39F8634A7EE3,id=15297862-8e3d-471b-9ead-84c6fd00747d
2019-09-20 14:26:42,020 [ForkJoinPool.commonPool-worker-1] INFO  util.JmxRegister (JmxRegister.java:unregister(73)) - Successfully un-registered JMX Bean with object name Ratis:service=RaftServer,group=group-20F35A9807CC,id=15297862-8e3d-471b-9ead-84c6fd00747d
2019-09-20 14:26:42,020 [main] INFO  impl.RoleInfo (RoleInfo.java:shutdownLeaderState(104)) - 15297862-8e3d-471b-9ead-84c6fd00747d: shutdown LeaderState
2019-09-20 14:26:42,021 [ForkJoinPool.commonPool-worker-1] INFO  impl.RoleInfo (RoleInfo.java:shutdownLeaderState(104)) - 15297862-8e3d-471b-9ead-84c6fd00747d: shutdown LeaderState
2019-09-20 14:26:42,021 [main] INFO  impl.PendingRequests (PendingRequests.java:sendNotLeaderResponses(202)) - 15297862-8e3d-471b-9ead-84c6fd00747d-PendingRequests: sendNotLeaderResponses
2019-09-20 14:26:42,021 [ForkJoinPool.commonPool-worker-1] INFO  impl.PendingRequests (PendingRequests.java:sendNotLeaderResponses(202)) - 15297862-8e3d-471b-9ead-84c6fd00747d-PendingRequests: sendNotLeaderResponses
2019-09-20 14:26:42,022 [main] INFO  impl.StateMachineUpdater (StateMachineUpdater.java:stopAndJoin(115)) - StateMachineUpdater:15297862-8e3d-471b-9ead-84c6fd00747d:group-39F8634A7EE3: set stopIndex = 0
2019-09-20 14:26:42,022 [ForkJoinPool.commonPool-worker-1] INFO  impl.StateMachineUpdater (StateMachineUpdater.java:stopAndJoin(115)) - StateMachineUpdater:15297862-8e3d-471b-9ead-84c6fd00747d:group-20F35A9807CC: set stopIndex = 0
2019-09-20 14:26:42,023 [main] INFO  impl.RaftServerImpl (ServerState.java:close(394)) - 15297862-8e3d-471b-9ead-84c6fd00747d:group-39F8634A7EE3 closes. The last applied log index is 0
2019-09-20 14:26:42,023 [ForkJoinPool.commonPool-worker-1] INFO  impl.RaftServerImpl (ServerState.java:close(394)) - 15297862-8e3d-471b-9ead-84c6fd00747d:group-20F35A9807CC closes. The last applied log index is 0
2019-09-20 14:26:42,024 [15297862-8e3d-471b-9ead-84c6fd00747d-SegmentedRaftLogWorker:Storage Directory /workdir/hadoop-ozone/ozonefs/target/test-dir/MiniOzoneClusterImpl-338b8348-b083-46f4-a27e-fb8b70a40c3f/datanode-2/data/ratis/335344dd-0ed6-46fd-b053-39f8634a7ee3] INFO  segmented.SegmentedRaftLogWorker (SegmentedRaftLogWorker.java:run(313)) - 15297862-8e3d-471b-9ead-84c6fd00747d-SegmentedRaftLogWorker:Storage Directory /workdir/hadoop-ozone/ozonefs/target/test-dir/MiniOzoneClusterImpl-338b8348-b083-46f4-a27e-fb8b70a40c3f/datanode-2/data/ratis/335344dd-0ed6-46fd-b053-39f8634a7ee3 was interrupted, exiting. There are 0 tasks remaining in the queue.
2019-09-20 14:26:42,024 [15297862-8e3d-471b-9ead-84c6fd00747d-SegmentedRaftLogWorker:Storage Directory /workdir/hadoop-ozone/ozonefs/target/test-dir/MiniOzoneClusterImpl-338b8348-b083-46f4-a27e-fb8b70a40c3f/datanode-2/data/ratis/be409927-b147-4c16-89ed-20f35a9807cc] INFO  segmented.SegmentedRaftLogWorker (SegmentedRaftLogWorker.java:run(313)) - 15297862-8e3d-471b-9ead-84c6fd00747d-SegmentedRaftLogWorker:Storage Directory /workdir/hadoop-ozone/ozonefs/target/test-dir/MiniOzoneClusterImpl-338b8348-b083-46f4-a27e-fb8b70a40c3f/datanode-2/data/ratis/be409927-b147-4c16-89ed-20f35a9807cc was interrupted, exiting. There are 0 tasks remaining in the queue.
2019-09-20 14:26:42,024 [main] INFO  segmented.SegmentedRaftLogWorker (SegmentedRaftLogWorker.java:close(228)) - 15297862-8e3d-471b-9ead-84c6fd00747d-SegmentedRaftLogWorker:Storage Directory /workdir/hadoop-ozone/ozonefs/target/test-dir/MiniOzoneClusterImpl-338b8348-b083-46f4-a27e-fb8b70a40c3f/datanode-2/data/ratis/335344dd-0ed6-46fd-b053-39f8634a7ee3 close()
2019-09-20 14:26:42,024 [ForkJoinPool.commonPool-worker-1] INFO  segmented.SegmentedRaftLogWorker (SegmentedRaftLogWorker.java:close(228)) - 15297862-8e3d-471b-9ead-84c6fd00747d-SegmentedRaftLogWorker:Storage Directory /workdir/hadoop-ozone/ozonefs/target/test-dir/MiniOzoneClusterImpl-338b8348-b083-46f4-a27e-fb8b70a40c3f/datanode-2/data/ratis/be409927-b147-4c16-89ed-20f35a9807cc close()
2019-09-20 14:26:42,026 [main] INFO  impl.RaftServerImpl (RaftServerImpl.java:lambda$shutdown$3(245)) - 15297862-8e3d-471b-9ead-84c6fd00747d: shutdown group-88D912C5D544
2019-09-20 14:26:42,027 [ForkJoinPool.commonPool-worker-1] INFO  impl.RaftServerImpl (RaftServerImpl.java:lambda$shutdown$3(245)) - 15297862-8e3d-471b-9ead-84c6fd00747d: shutdown group-0B382704A0DF
2019-09-20 14:26:42,028 [main] INFO  util.JmxRegister (JmxRegister.java:unregister(73)) - Successfully un-registered JMX Bean with object name Ratis:service=RaftServer,group=group-88D912C5D544,id=15297862-8e3d-471b-9ead-84c6fd00747d
2019-09-20 14:26:42,028 [ForkJoinPool.commonPool-worker-1] INFO  util.JmxRegister (JmxRegister.java:unregister(73)) - Successfully un-registered JMX Bean with object name Ratis:service=RaftServer,group=group-0B382704A0DF,id=15297862-8e3d-471b-9ead-84c6fd00747d
2019-09-20 14:26:42,028 [main] INFO  impl.RoleInfo (RoleInfo.java:shutdownLeaderState(104)) - 15297862-8e3d-471b-9ead-84c6fd00747d: shutdown LeaderState
2019-09-20 14:26:42,029 [ForkJoinPool.commonPool-worker-1] INFO  impl.RoleInfo (RoleInfo.java:shutdownLeaderState(104)) - 15297862-8e3d-471b-9ead-84c6fd00747d: shutdown LeaderState
2019-09-20 14:26:42,029 [main] INFO  impl.PendingRequests (PendingRequests.java:sendNotLeaderResponses(202)) - 15297862-8e3d-471b-9ead-84c6fd00747d-PendingRequests: sendNotLeaderResponses
2019-09-20 14:26:42,029 [ForkJoinPool.commonPool-worker-1] INFO  impl.PendingRequests (PendingRequests.java:sendNotLeaderResponses(202)) - 15297862-8e3d-471b-9ead-84c6fd00747d-PendingRequests: sendNotLeaderResponses
2019-09-20 14:26:42,030 [main] INFO  impl.StateMachineUpdater (StateMachineUpdater.java:stopAndJoin(115)) - StateMachineUpdater:15297862-8e3d-471b-9ead-84c6fd00747d:group-88D912C5D544: set stopIndex = 0
2019-09-20 14:26:42,030 [ForkJoinPool.commonPool-worker-1] INFO  impl.StateMachineUpdater (StateMachineUpdater.java:stopAndJoin(115)) - StateMachineUpdater:15297862-8e3d-471b-9ead-84c6fd00747d:group-0B382704A0DF: set stopIndex = 0
2019-09-20 14:26:42,031 [main] INFO  impl.RaftServerImpl (ServerState.java:close(394)) - 15297862-8e3d-471b-9ead-84c6fd00747d:group-88D912C5D544 closes. The last applied log index is 0
2019-09-20 14:26:42,031 [ForkJoinPool.commonPool-worker-1] INFO  impl.RaftServerImpl (ServerState.java:close(394)) - 15297862-8e3d-471b-9ead-84c6fd00747d:group-0B382704A0DF closes. The last applied log index is 0
2019-09-20 14:26:42,031 [15297862-8e3d-471b-9ead-84c6fd00747d-SegmentedRaftLogWorker:Storage Directory /workdir/hadoop-ozone/ozonefs/target/test-dir/MiniOzoneClusterImpl-338b8348-b083-46f4-a27e-fb8b70a40c3f/datanode-2/data/ratis/2754d931-5aa4-490e-8ad5-88d912c5d544] INFO  segmented.SegmentedRaftLogWorker (SegmentedRaftLogWorker.java:run(313)) - 15297862-8e3d-471b-9ead-84c6fd00747d-SegmentedRaftLogWorker:Storage Directory /workdir/hadoop-ozone/ozonefs/target/test-dir/MiniOzoneClusterImpl-338b8348-b083-46f4-a27e-fb8b70a40c3f/datanode-2/data/ratis/2754d931-5aa4-490e-8ad5-88d912c5d544 was interrupted, exiting. There are 0 tasks remaining in the queue.
2019-09-20 14:26:42,032 [15297862-8e3d-471b-9ead-84c6fd00747d-SegmentedRaftLogWorker:Storage Directory /workdir/hadoop-ozone/ozonefs/target/test-dir/MiniOzoneClusterImpl-338b8348-b083-46f4-a27e-fb8b70a40c3f/datanode-2/data/ratis/1b13da94-8265-41ac-b542-0b382704a0df] INFO  segmented.SegmentedRaftLogWorker (SegmentedRaftLogWorker.java:run(313)) - 15297862-8e3d-471b-9ead-84c6fd00747d-SegmentedRaftLogWorker:Storage Directory /workdir/hadoop-ozone/ozonefs/target/test-dir/MiniOzoneClusterImpl-338b8348-b083-46f4-a27e-fb8b70a40c3f/datanode-2/data/ratis/1b13da94-8265-41ac-b542-0b382704a0df was interrupted, exiting. There are 0 tasks remaining in the queue.
2019-09-20 14:26:42,036 [ForkJoinPool.commonPool-worker-1] INFO  segmented.SegmentedRaftLogWorker (SegmentedRaftLogWorker.java:close(228)) - 15297862-8e3d-471b-9ead-84c6fd00747d-SegmentedRaftLogWorker:Storage Directory /workdir/hadoop-ozone/ozonefs/target/test-dir/MiniOzoneClusterImpl-338b8348-b083-46f4-a27e-fb8b70a40c3f/datanode-2/data/ratis/1b13da94-8265-41ac-b542-0b382704a0df close()
2019-09-20 14:26:42,036 [main] INFO  segmented.SegmentedRaftLogWorker (SegmentedRaftLogWorker.java:close(228)) - 15297862-8e3d-471b-9ead-84c6fd00747d-SegmentedRaftLogWorker:Storage Directory /workdir/hadoop-ozone/ozonefs/target/test-dir/MiniOzoneClusterImpl-338b8348-b083-46f4-a27e-fb8b70a40c3f/datanode-2/data/ratis/2754d931-5aa4-490e-8ad5-88d912c5d544 close()
2019-09-20 14:26:42,037 [ForkJoinPool.commonPool-worker-1] INFO  impl.RaftServerImpl (RaftServerImpl.java:lambda$shutdown$3(245)) - 15297862-8e3d-471b-9ead-84c6fd00747d: shutdown group-F05286A0B5AA
2019-09-20 14:26:42,039 [main] INFO  impl.RaftServerImpl (RaftServerImpl.java:lambda$shutdown$3(245)) - 15297862-8e3d-471b-9ead-84c6fd00747d: shutdown group-9E8F4775402D
2019-09-20 14:26:42,039 [ForkJoinPool.commonPool-worker-1] INFO  util.JmxRegister (JmxRegister.java:unregister(73)) - Successfully un-registered JMX Bean with object name Ratis:service=RaftServer,group=group-F05286A0B5AA,id=15297862-8e3d-471b-9ead-84c6fd00747d
2019-09-20 14:26:42,040 [main] INFO  util.JmxRegister (JmxRegister.java:unregister(73)) - Successfully un-registered JMX Bean with object name Ratis:service=RaftServer,group=group-9E8F4775402D,id=15297862-8e3d-471b-9ead-84c6fd00747d
2019-09-20 14:26:42,040 [ForkJoinPool.commonPool-worker-1] INFO  impl.RoleInfo (RoleInfo.java:shutdownLeaderState(104)) - 15297862-8e3d-471b-9ead-84c6fd00747d: shutdown LeaderState
2019-09-20 14:26:42,040 [main] INFO  impl.RoleInfo (RoleInfo.java:shutdownLeaderState(104)) - 15297862-8e3d-471b-9ead-84c6fd00747d: shutdown LeaderState
2019-09-20 14:26:42,041 [ForkJoinPool.commonPool-worker-1] INFO  impl.PendingRequests (PendingRequests.java:sendNotLeaderResponses(202)) - 15297862-8e3d-471b-9ead-84c6fd00747d-PendingRequests: sendNotLeaderResponses
2019-09-20 14:26:42,041 [main] INFO  impl.PendingRequests (PendingRequests.java:sendNotLeaderResponses(202)) - 15297862-8e3d-471b-9ead-84c6fd00747d-PendingRequests: sendNotLeaderResponses
2019-09-20 14:26:42,041 [ForkJoinPool.commonPool-worker-1] INFO  impl.StateMachineUpdater (StateMachineUpdater.java:stopAndJoin(115)) - StateMachineUpdater:15297862-8e3d-471b-9ead-84c6fd00747d:group-F05286A0B5AA: set stopIndex = 0
2019-09-20 14:26:42,042 [main] INFO  impl.StateMachineUpdater (StateMachineUpdater.java:stopAndJoin(115)) - StateMachineUpdater:15297862-8e3d-471b-9ead-84c6fd00747d:group-9E8F4775402D: set stopIndex = 0
2019-09-20 14:26:42,042 [ForkJoinPool.commonPool-worker-1] INFO  impl.RaftServerImpl (ServerState.java:close(394)) - 15297862-8e3d-471b-9ead-84c6fd00747d:group-F05286A0B5AA closes. The last applied log index is 0
2019-09-20 14:26:42,043 [main] INFO  impl.RaftServerImpl (ServerState.java:close(394)) - 15297862-8e3d-471b-9ead-84c6fd00747d:group-9E8F4775402D closes. The last applied log index is 0
2019-09-20 14:26:42,043 [15297862-8e3d-471b-9ead-84c6fd00747d-SegmentedRaftLogWorker:Storage Directory /workdir/hadoop-ozone/ozonefs/target/test-dir/MiniOzoneClusterImpl-338b8348-b083-46f4-a27e-fb8b70a40c3f/datanode-2/data/ratis/e44fc052-5e2b-42d1-a130-f05286a0b5aa] INFO  segmented.SegmentedRaftLogWorker (SegmentedRaftLogWorker.java:run(313)) - 15297862-8e3d-471b-9ead-84c6fd00747d-SegmentedRaftLogWorker:Storage Directory /workdir/hadoop-ozone/ozonefs/target/test-dir/MiniOzoneClusterImpl-338b8348-b083-46f4-a27e-fb8b70a40c3f/datanode-2/data/ratis/e44fc052-5e2b-42d1-a130-f05286a0b5aa was interrupted, exiting. There are 0 tasks remaining in the queue.
2019-09-20 14:26:42,043 [15297862-8e3d-471b-9ead-84c6fd00747d-SegmentedRaftLogWorker:Storage Directory /workdir/hadoop-ozone/ozonefs/target/test-dir/MiniOzoneClusterImpl-338b8348-b083-46f4-a27e-fb8b70a40c3f/datanode-2/data/ratis/898fa695-099b-41ca-b38f-9e8f4775402d] INFO  segmented.SegmentedRaftLogWorker (SegmentedRaftLogWorker.java:run(313)) - 15297862-8e3d-471b-9ead-84c6fd00747d-SegmentedRaftLogWorker:Storage Directory /workdir/hadoop-ozone/ozonefs/target/test-dir/MiniOzoneClusterImpl-338b8348-b083-46f4-a27e-fb8b70a40c3f/datanode-2/data/ratis/898fa695-099b-41ca-b38f-9e8f4775402d was interrupted, exiting. There are 0 tasks remaining in the queue.
2019-09-20 14:26:42,044 [ForkJoinPool.commonPool-worker-1] INFO  segmented.SegmentedRaftLogWorker (SegmentedRaftLogWorker.java:close(228)) - 15297862-8e3d-471b-9ead-84c6fd00747d-SegmentedRaftLogWorker:Storage Directory /workdir/hadoop-ozone/ozonefs/target/test-dir/MiniOzoneClusterImpl-338b8348-b083-46f4-a27e-fb8b70a40c3f/datanode-2/data/ratis/e44fc052-5e2b-42d1-a130-f05286a0b5aa close()
2019-09-20 14:26:42,044 [main] INFO  segmented.SegmentedRaftLogWorker (SegmentedRaftLogWorker.java:close(228)) - 15297862-8e3d-471b-9ead-84c6fd00747d-SegmentedRaftLogWorker:Storage Directory /workdir/hadoop-ozone/ozonefs/target/test-dir/MiniOzoneClusterImpl-338b8348-b083-46f4-a27e-fb8b70a40c3f/datanode-2/data/ratis/898fa695-099b-41ca-b38f-9e8f4775402d close()
2019-09-20 14:26:42,046 [main] INFO  server.GrpcService (GrpcService.java:closeImpl(155)) - 15297862-8e3d-471b-9ead-84c6fd00747d: shutdown server with port 41872 now
2019-09-20 14:26:42,048 [main] INFO  server.GrpcService (GrpcService.java:closeImpl(163)) - 15297862-8e3d-471b-9ead-84c6fd00747d: shutdown server with port 41872 successfully
2019-09-20 14:26:42,051 [main] INFO  utils.BackgroundService (BackgroundService.java:shutdown(148)) - Shutting down service BlockDeletingService
2019-09-20 14:26:42,052 [refreshUsed-/workdir/hadoop-ozone/ozonefs/target/test-dir/MiniOzoneClusterImpl-338b8348-b083-46f4-a27e-fb8b70a40c3f/datanode-2/data/containers] WARN  fs.CachingGetSpaceUsed (CachingGetSpaceUsed.java:run(183)) - Thread Interrupted waiting to refresh disk information: sleep interrupted
2019-09-20 14:26:42,096 [main] INFO  statemachine.DatanodeStateMachine (DatanodeStateMachine.java:stopDaemon(395)) - Ozone container server stopped.
2019-09-20 14:26:42,097 [main] INFO  handler.ContextHandler (ContextHandler.java:doStop(910)) - Stopped o.e.j.w.WebAppContext@33502cfe{/,null,UNAVAILABLE}{/hddsDatanode}
2019-09-20 14:26:42,098 [main] INFO  server.AbstractConnector (AbstractConnector.java:doStop(318)) - Stopped ServerConnector@729d1428{HTTP/1.1,[http/1.1]}{0.0.0.0:0}
2019-09-20 14:26:42,099 [main] INFO  handler.ContextHandler (ContextHandler.java:doStop(910)) - Stopped o.e.j.s.ServletContextHandler@3d2ff73a{/static,jar:file:/home/user/.m2/repository/org/apache/hadoop/hadoop-hdds-container-service/0.5.0-SNAPSHOT/hadoop-hdds-container-service-0.5.0-SNAPSHOT.jar!/webapps/static,UNAVAILABLE}
2019-09-20 14:26:42,100 [main] INFO  handler.ContextHandler (ContextHandler.java:doStop(910)) - Stopped o.e.j.s.ServletContextHandler@6e4bccc{/logs,file:///workdir/hadoop-ozone/ozonefs/target/log,UNAVAILABLE}
2019-09-20 14:26:42,101 [main] INFO  ozone.MiniOzoneClusterImpl (MiniOzoneClusterImpl.java:stop(353)) - Stopping the StorageContainerManager
2019-09-20 14:26:42,101 [main] INFO  server.StorageContainerManager (StorageContainerManager.java:stop(797)) - Stopping Replication Manager Service.
2019-09-20 14:26:42,101 [main] INFO  container.ReplicationManager (ReplicationManager.java:stop(192)) - Stopping Replication Monitor Thread.
2019-09-20 14:26:42,101 [main] INFO  server.StorageContainerManager (StorageContainerManager.java:stop(804)) - Stopping Lease Manager of the command watchers
2019-09-20 14:26:42,101 [main] INFO  server.StorageContainerManager (StorageContainerManager.java:stop(811)) - Stopping datanode service RPC server
2019-09-20 14:26:42,102 [main] INFO  server.SCMDatanodeProtocolServer (SCMDatanodeProtocolServer.java:stop(367)) - Stopping the RPC server for DataNodes
2019-09-20 14:26:42,102 [main] INFO  ipc.Server (Server.java:stop(3082)) - Stopping server on 32950
2019-09-20 14:26:42,106 [IPC Server listener on 32950] INFO  ipc.Server (Server.java:run(1185)) - Stopping IPC Server listener on 32950
2019-09-20 14:26:42,106 [IPC Server Responder] INFO  ipc.Server (Server.java:run(1319)) - Stopping IPC Server Responder
2019-09-20 14:26:42,167 [SCM Heartbeat Processing Thread - 0] WARN  node.NodeStateManager (NodeStateManager.java:scheduleNextHealthCheck(655)) - Current Thread is interrupted, shutting down HB processing thread for Node Manager.
2019-09-20 14:26:42,167 [main] INFO  server.StorageContainerManager (StorageContainerManager.java:stop(819)) - Stopping block service RPC server
2019-09-20 14:26:42,167 [main] INFO  server.SCMBlockProtocolServer (SCMBlockProtocolServer.java:stop(148)) - Stopping the RPC server for Block Protocol
2019-09-20 14:26:42,168 [main] INFO  ipc.Server (Server.java:stop(3082)) - Stopping server on 43207
2019-09-20 14:26:42,170 [IPC Server listener on 43207] INFO  ipc.Server (Server.java:run(1185)) - Stopping IPC Server listener on 43207
2019-09-20 14:26:42,175 [main] INFO  server.StorageContainerManager (StorageContainerManager.java:stop(826)) - Stopping the StorageContainerLocationProtocol RPC server
2019-09-20 14:26:42,176 [main] INFO  server.SCMClientProtocolServer (SCMClientProtocolServer.java:stop(159)) - Stopping the RPC server for Client Protocol
2019-09-20 14:26:42,176 [main] INFO  ipc.Server (Server.java:stop(3082)) - Stopping server on 34725
2019-09-20 14:26:42,175 [IPC Server Responder] INFO  ipc.Server (Server.java:run(1319)) - Stopping IPC Server Responder
2019-09-20 14:26:42,180 [IPC Server listener on 34725] INFO  ipc.Server (Server.java:run(1185)) - Stopping IPC Server listener on 34725
2019-09-20 14:26:42,180 [main] INFO  server.StorageContainerManager (StorageContainerManager.java:stop(833)) - Stopping Storage Container Manager HTTP server.
2019-09-20 14:26:42,180 [IPC Server Responder] INFO  ipc.Server (Server.java:run(1319)) - Stopping IPC Server Responder
2019-09-20 14:26:42,183 [main] INFO  handler.ContextHandler (ContextHandler.java:doStop(910)) - Stopped o.e.j.w.WebAppContext@1fb00a6d{/,null,UNAVAILABLE}{/scm}
2019-09-20 14:26:42,183 [main] INFO  server.AbstractConnector (AbstractConnector.java:doStop(318)) - Stopped ServerConnector@1c65ec63{HTTP/1.1,[http/1.1]}{0.0.0.0:0}
2019-09-20 14:26:42,184 [main] INFO  handler.ContextHandler (ContextHandler.java:doStop(910)) - Stopped o.e.j.s.ServletContextHandler@7a2ffb0b{/static,jar:file:/home/user/.m2/repository/org/apache/hadoop/hadoop-hdds-server-scm/0.5.0-SNAPSHOT/hadoop-hdds-server-scm-0.5.0-SNAPSHOT.jar!/webapps/static,UNAVAILABLE}
2019-09-20 14:26:42,184 [main] INFO  handler.ContextHandler (ContextHandler.java:doStop(910)) - Stopped o.e.j.s.ServletContextHandler@7d95a717{/logs,file:///workdir/hadoop-ozone/ozonefs/target/log,UNAVAILABLE}
2019-09-20 14:26:42,186 [main] INFO  server.StorageContainerManager (StorageContainerManager.java:stop(844)) - Stopping Block Manager Service.
2019-09-20 14:26:42,186 [main] INFO  utils.BackgroundService (BackgroundService.java:shutdown(148)) - Shutting down service SCMBlockDeletingService
2019-09-20 14:26:42,187 [main] INFO  utils.BackgroundService (BackgroundService.java:shutdown(148)) - Shutting down service SCMBlockDeletingService
2019-09-20 14:26:42,187 [main] INFO  server.StorageContainerManager (StorageContainerManager.java:stop(866)) - Stopping SCM Event Queue.
2019-09-20 14:26:42,194 [main] INFO  impl.MetricsSystemImpl (MetricsSystemImpl.java:stop(210)) - Stopping HddsDatanode metrics system...
2019-09-20 14:26:42,208 [main] INFO  impl.MetricsSystemImpl (MetricsSystemImpl.java:stop(216)) - HddsDatanode metrics system stopped.
]]></system-out>
    <system-err><![CDATA[Sep 20, 2019 2:26:26 PM com.sun.jersey.server.impl.application.WebApplicationImpl _initiate
INFO: Initiating Jersey application, version 'Jersey: 1.19 02/11/2015 03:25 AM'
Sep 20, 2019 2:26:26 PM com.sun.jersey.server.impl.application.WebApplicationImpl _initiate
INFO: Initiating Jersey application, version 'Jersey: 1.19 02/11/2015 03:25 AM'
Sep 20, 2019 2:26:26 PM com.sun.jersey.server.impl.application.WebApplicationImpl _initiate
INFO: Initiating Jersey application, version 'Jersey: 1.19 02/11/2015 03:25 AM'
Sep 20, 2019 2:26:31 PM com.sun.jersey.server.impl.application.WebApplicationImpl _initiate
INFO: Initiating Jersey application, version 'Jersey: 1.19 02/11/2015 03:25 AM'
]]></system-err>
  </testcase>
  <testcase name="testOzoneManagerFileSystemInterface[1]" classname="org.apache.hadoop.fs.ozone.TestOzoneFileInterfaces" time="18.066"/>
  <testcase name="testListStatus[1]" classname="org.apache.hadoop.fs.ozone.TestOzoneFileInterfaces" time="17.523"/>
  <testcase name="testDirectory[1]" classname="org.apache.hadoop.fs.ozone.TestOzoneFileInterfaces" time="18.042"/>
  <testcase name="testPathToKey[1]" classname="org.apache.hadoop.fs.ozone.TestOzoneFileInterfaces" time="17.594"/>
  <testcase name="testFileSystemInit[1]" classname="org.apache.hadoop.fs.ozone.TestOzoneFileInterfaces" time="17.968"/>
  <testcase name="testOzFsReadWrite[1]" classname="org.apache.hadoop.fs.ozone.TestOzoneFileInterfaces" time="17.368">
    <error message="Allocated 0 blocks. Requested 1 blocks" type="INTERNAL_ERROR org.apache.hadoop.ozone.om.exceptions.OMException">INTERNAL_ERROR org.apache.hadoop.ozone.om.exceptions.OMException: Allocated 0 blocks. Requested 1 blocks
	at org.apache.hadoop.ozone.om.protocolPB.OzoneManagerProtocolClientSideTranslatorPB.handleError(OzoneManagerProtocolClientSideTranslatorPB.java:725)
	at org.apache.hadoop.ozone.om.protocolPB.OzoneManagerProtocolClientSideTranslatorPB.createFile(OzoneManagerProtocolClientSideTranslatorPB.java:1474)
	at org.apache.hadoop.ozone.client.rpc.RpcClient.createFile(RpcClient.java:984)
	at org.apache.hadoop.ozone.client.OzoneBucket.createFile(OzoneBucket.java:535)
	at org.apache.hadoop.fs.ozone.BasicOzoneClientAdapterImpl.createFile(BasicOzoneClientAdapterImpl.java:181)
	at org.apache.hadoop.fs.ozone.BasicOzoneFileSystem.createOutputStream(BasicOzoneFileSystem.java:249)
	at org.apache.hadoop.fs.ozone.BasicOzoneFileSystem.create(BasicOzoneFileSystem.java:230)
	at org.apache.hadoop.fs.FileSystem.create(FileSystem.java:1118)
	at org.apache.hadoop.fs.FileSystem.create(FileSystem.java:1098)
	at org.apache.hadoop.fs.FileSystem.create(FileSystem.java:987)
	at org.apache.hadoop.fs.FileSystem.create(FileSystem.java:975)
	at org.apache.hadoop.fs.ozone.TestOzoneFileInterfaces.testOzFsReadWrite(TestOzoneFileInterfaces.java:186)
	at sun.reflect.NativeMethodAccessorImpl.invoke0(Native Method)
	at sun.reflect.NativeMethodAccessorImpl.invoke(NativeMethodAccessorImpl.java:62)
	at sun.reflect.DelegatingMethodAccessorImpl.invoke(DelegatingMethodAccessorImpl.java:43)
	at java.lang.reflect.Method.invoke(Method.java:498)
	at org.junit.runners.model.FrameworkMethod$1.runReflectiveCall(FrameworkMethod.java:47)
	at org.junit.internal.runners.model.ReflectiveCallable.run(ReflectiveCallable.java:12)
	at org.junit.runners.model.FrameworkMethod.invokeExplosively(FrameworkMethod.java:44)
	at org.junit.internal.runners.statements.InvokeMethod.evaluate(InvokeMethod.java:17)
	at org.junit.internal.runners.statements.RunBefores.evaluate(RunBefores.java:26)
	at org.junit.internal.runners.statements.RunAfters.evaluate(RunAfters.java:27)
	at org.junit.runners.ParentRunner.runLeaf(ParentRunner.java:271)
	at org.junit.runners.BlockJUnit4ClassRunner.runChild(BlockJUnit4ClassRunner.java:70)
	at org.junit.runners.BlockJUnit4ClassRunner.runChild(BlockJUnit4ClassRunner.java:50)
	at org.junit.runners.ParentRunner$3.run(ParentRunner.java:238)
	at org.junit.runners.ParentRunner$1.schedule(ParentRunner.java:63)
	at org.junit.runners.ParentRunner.runChildren(ParentRunner.java:236)
	at org.junit.runners.ParentRunner.access$000(ParentRunner.java:53)
	at org.junit.runners.ParentRunner$2.evaluate(ParentRunner.java:229)
	at org.junit.runners.ParentRunner.run(ParentRunner.java:309)
	at org.junit.runners.Suite.runChild(Suite.java:127)
	at org.junit.runners.Suite.runChild(Suite.java:26)
	at org.junit.runners.ParentRunner$3.run(ParentRunner.java:238)
	at org.junit.runners.ParentRunner$1.schedule(ParentRunner.java:63)
	at org.junit.runners.ParentRunner.runChildren(ParentRunner.java:236)
	at org.junit.runners.ParentRunner.access$000(ParentRunner.java:53)
	at org.junit.runners.ParentRunner$2.evaluate(ParentRunner.java:229)
	at org.junit.runners.ParentRunner.run(ParentRunner.java:309)
	at org.apache.maven.surefire.junit4.JUnit4Provider.execute(JUnit4Provider.java:365)
	at org.apache.maven.surefire.junit4.JUnit4Provider.executeWithRerun(JUnit4Provider.java:273)
	at org.apache.maven.surefire.junit4.JUnit4Provider.executeTestSet(JUnit4Provider.java:238)
	at org.apache.maven.surefire.junit4.JUnit4Provider.invoke(JUnit4Provider.java:159)
	at org.apache.maven.surefire.booter.ForkedBooter.invokeProviderInSameClassLoader(ForkedBooter.java:384)
	at org.apache.maven.surefire.booter.ForkedBooter.runSuitesInProcess(ForkedBooter.java:345)
	at org.apache.maven.surefire.booter.ForkedBooter.execute(ForkedBooter.java:126)
	at org.apache.maven.surefire.booter.ForkedBooter.main(ForkedBooter.java:418)
</error>
    <system-out><![CDATA[2019-09-20 14:28:11,470 [main] WARN  server.ServerUtils (ServerUtils.java:getScmDbDir(145)) - ozone.scm.db.dirs is not configured. We recommend adding this setting. Falling back to ozone.metadata.dirs instead.
2019-09-20 14:28:11,489 [main] WARN  server.ServerUtils (ServerUtils.java:getScmDbDir(145)) - ozone.scm.db.dirs is not configured. We recommend adding this setting. Falling back to ozone.metadata.dirs instead.
2019-09-20 14:28:11,490 [main] WARN  server.ServerUtils (ServerUtils.java:getScmDbDir(145)) - ozone.scm.db.dirs is not configured. We recommend adding this setting. Falling back to ozone.metadata.dirs instead.
2019-09-20 14:28:11,490 [main] INFO  db.DBStoreBuilder (DBStoreBuilder.java:addTable(110)) - using custom profile for table: deletedBlocks
2019-09-20 14:28:11,491 [main] INFO  db.DBStoreBuilder (DBStoreBuilder.java:processTables(161)) - Using default column profile:DBProfile.DISK for Table:deletedBlocks
2019-09-20 14:28:11,491 [main] INFO  db.DBStoreBuilder (DBStoreBuilder.java:addTable(110)) - using custom profile for table: validCerts
2019-09-20 14:28:11,491 [main] INFO  db.DBStoreBuilder (DBStoreBuilder.java:processTables(161)) - Using default column profile:DBProfile.DISK for Table:validCerts
2019-09-20 14:28:11,492 [main] INFO  db.DBStoreBuilder (DBStoreBuilder.java:addTable(110)) - using custom profile for table: revokedCerts
2019-09-20 14:28:11,492 [main] INFO  db.DBStoreBuilder (DBStoreBuilder.java:processTables(161)) - Using default column profile:DBProfile.DISK for Table:revokedCerts
2019-09-20 14:28:11,492 [main] INFO  db.DBStoreBuilder (DBStoreBuilder.java:addTable(110)) - using custom profile for table: default
2019-09-20 14:28:11,492 [main] INFO  db.DBStoreBuilder (DBStoreBuilder.java:processTables(167)) - Using default column profile:DBProfile.DISK for Table:default
2019-09-20 14:28:11,493 [main] INFO  db.DBStoreBuilder (DBStoreBuilder.java:getDbProfile(198)) - Using default options. DBProfile.DISK
2019-09-20 14:28:11,769 [main] INFO  net.NodeSchemaLoader (NodeSchemaLoader.java:loadSchemaFromFile(125)) - Loading file from sun.misc.CompoundEnumeration@3c3f0f2e
2019-09-20 14:28:11,770 [main] INFO  net.NodeSchemaLoader (NodeSchemaLoader.java:loadSchema(171)) - Loading network topology layer schema file
2019-09-20 14:28:11,774 [main] WARN  server.ServerUtils (ServerUtils.java:sanitizeUserArgs(70)) - ozone.scm.stale.node.interval value = 300000 is larger than max = 100000 based on the key value of ozone.scm.heartbeat.thread.interval, reset to the max value 100000.
2019-09-20 14:28:11,775 [main] WARN  server.ServerUtils (ServerUtils.java:sanitizeUserArgs(70)) - ozone.scm.stale.node.interval value = 300000 is larger than max = 100000 based on the key value of ozone.scm.heartbeat.thread.interval, reset to the max value 100000.
2019-09-20 14:28:11,775 [main] INFO  node.SCMNodeManager (SCMNodeManager.java:<init>(121)) - Entering startup safe mode.
2019-09-20 14:28:11,776 [main] INFO  algorithms.ContainerPlacementPolicyFactory (ContainerPlacementPolicyFactory.java:getPolicy(56)) - Create container placement policy of type org.apache.hadoop.hdds.scm.container.placement.algorithms.SCMContainerPlacementRandom
2019-09-20 14:28:11,776 [main] WARN  server.ServerUtils (ServerUtils.java:getScmDbDir(145)) - ozone.scm.db.dirs is not configured. We recommend adding this setting. Falling back to ozone.metadata.dirs instead.
2019-09-20 14:28:11,894 [main] INFO  pipeline.SCMPipelineManager (SCMPipelineManager.java:initializePipelineState(126)) - No pipeline exists in current db
2019-09-20 14:28:11,894 [main] WARN  server.ServerUtils (ServerUtils.java:getScmDbDir(145)) - ozone.scm.db.dirs is not configured. We recommend adding this setting. Falling back to ozone.metadata.dirs instead.
2019-09-20 14:28:11,990 [main] WARN  events.EventQueue (EventQueue.java:fireEvent(175)) - No event handler registered for event TypedEvent{payloadType=SafeModeStatus, name='SafeModeStatus'}
2019-09-20 14:28:11,992 [main] INFO  ipc.CallQueueManager (CallQueueManager.java:<init>(84)) - Using callQueue: class java.util.concurrent.LinkedBlockingQueue, queueCapacity: 2000, scheduler: class org.apache.hadoop.ipc.DefaultRpcScheduler, ipcBackoff: false.
2019-09-20 14:28:11,993 [Socket Reader #1 for port 33047] INFO  ipc.Server (Server.java:run(1074)) - Starting Socket Reader #1 for port 33047
2019-09-20 14:28:11,995 [main] INFO  ipc.CallQueueManager (CallQueueManager.java:<init>(84)) - Using callQueue: class java.util.concurrent.LinkedBlockingQueue, queueCapacity: 2000, scheduler: class org.apache.hadoop.ipc.DefaultRpcScheduler, ipcBackoff: false.
2019-09-20 14:28:11,996 [Socket Reader #1 for port 43814] INFO  ipc.Server (Server.java:run(1074)) - Starting Socket Reader #1 for port 43814
2019-09-20 14:28:11,997 [main] INFO  ipc.CallQueueManager (CallQueueManager.java:<init>(84)) - Using callQueue: class java.util.concurrent.LinkedBlockingQueue, queueCapacity: 2000, scheduler: class org.apache.hadoop.ipc.DefaultRpcScheduler, ipcBackoff: false.
2019-09-20 14:28:11,998 [Socket Reader #1 for port 44030] INFO  ipc.Server (Server.java:run(1074)) - Starting Socket Reader #1 for port 44030
2019-09-20 14:28:12,000 [main] INFO  hdfs.DFSUtil (DFSUtil.java:httpServerTemplateForNNAndJN(1641)) - Starting Web-server for scm at: http://0.0.0.0:0
2019-09-20 14:28:12,003 [main] INFO  server.AuthenticationFilter (AuthenticationFilter.java:constructSecretProvider(240)) - Unable to initialize FileSignerSecretProvider, falling back to use random secrets.
2019-09-20 14:28:12,003 [main] WARN  http.HttpRequestLog (HttpRequestLog.java:getRequestLog(97)) - Jetty request log can only be enabled using Log4j
2019-09-20 14:28:12,005 [main] INFO  http.HttpServer2 (HttpServer2.java:addGlobalFilter(975)) - Added global filter 'safety' (class=org.apache.hadoop.http.HttpServer2$QuotingInputFilter)
2019-09-20 14:28:12,006 [main] INFO  http.HttpServer2 (HttpServer2.java:addFilter(948)) - Added filter static_user_filter (class=org.apache.hadoop.http.lib.StaticUserWebFilter$StaticUserFilter) to context scm
2019-09-20 14:28:12,006 [main] INFO  http.HttpServer2 (HttpServer2.java:addFilter(958)) - Added filter static_user_filter (class=org.apache.hadoop.http.lib.StaticUserWebFilter$StaticUserFilter) to context logs
2019-09-20 14:28:12,006 [main] INFO  http.HttpServer2 (HttpServer2.java:addFilter(958)) - Added filter static_user_filter (class=org.apache.hadoop.http.lib.StaticUserWebFilter$StaticUserFilter) to context static
2019-09-20 14:28:12,008 [main] INFO  server.StorageContainerManager (StorageContainerManager.java:start(759)) - StorageContainerLocationProtocol RPC server is listening at /0.0.0.0:44030
2019-09-20 14:28:12,011 [main] WARN  impl.MetricsConfig (MetricsConfig.java:loadFirst(134)) - Cannot locate configuration: tried hadoop-metrics2-storagecontainermanager.properties,hadoop-metrics2.properties
2019-09-20 14:28:12,011 [main] INFO  impl.MetricsSystemImpl (MetricsSystemImpl.java:startTimer(374)) - Scheduled Metric snapshot period at 10 second(s).
2019-09-20 14:28:12,012 [main] INFO  impl.MetricsSystemImpl (MetricsSystemImpl.java:start(191)) - StorageContainerManager metrics system started
2019-09-20 14:28:12,101 [main] INFO  server.SCMClientProtocolServer (SCMClientProtocolServer.java:start(151)) - RPC server for Client  is listening at /0.0.0.0:44030
2019-09-20 14:28:12,101 [IPC Server Responder] INFO  ipc.Server (Server.java:run(1314)) - IPC Server Responder: starting
2019-09-20 14:28:12,101 [IPC Server listener on 44030] INFO  ipc.Server (Server.java:run(1153)) - IPC Server listener on 44030: starting
2019-09-20 14:28:12,105 [main] INFO  server.StorageContainerManager (StorageContainerManager.java:start(769)) - ScmBlockLocationProtocol RPC server is listening at /0.0.0.0:43814
2019-09-20 14:28:12,105 [main] INFO  server.SCMBlockProtocolServer (SCMBlockProtocolServer.java:start(140)) - RPC server for Block Protocol is listening at /0.0.0.0:43814
2019-09-20 14:28:12,106 [IPC Server Responder] INFO  ipc.Server (Server.java:run(1314)) - IPC Server Responder: starting
2019-09-20 14:28:12,106 [IPC Server listener on 43814] INFO  ipc.Server (Server.java:run(1153)) - IPC Server listener on 43814: starting
2019-09-20 14:28:12,110 [main] INFO  server.StorageContainerManager (StorageContainerManager.java:start(773)) - ScmDatanodeProtocl RPC server is listening at /0.0.0.0:33047
2019-09-20 14:28:12,110 [main] INFO  server.SCMDatanodeProtocolServer (SCMDatanodeProtocolServer.java:start(191)) - RPC server for DataNodes is listening at /0.0.0.0:33047
2019-09-20 14:28:12,110 [IPC Server Responder] INFO  ipc.Server (Server.java:run(1314)) - IPC Server Responder: starting
2019-09-20 14:28:12,110 [IPC Server listener on 33047] INFO  ipc.Server (Server.java:run(1153)) - IPC Server listener on 33047: starting
2019-09-20 14:28:12,114 [main] INFO  http.HttpServer2 (HttpServer2.java:bindListener(1191)) - Jetty bound to port 38943
2019-09-20 14:28:12,114 [main] INFO  server.Server (Server.java:doStart(351)) - jetty-9.3.24.v20180605, build timestamp: 2018-06-05T17:11:56Z, git hash: 84205aa28f11a4f31f2a3b86d1bba2cc8ab69827
2019-09-20 14:28:12,118 [main] INFO  handler.ContextHandler (ContextHandler.java:doStart(781)) - Started o.e.j.s.ServletContextHandler@25a218a{/logs,file:///workdir/hadoop-ozone/ozonefs/target/log,AVAILABLE}
2019-09-20 14:28:12,118 [main] INFO  handler.ContextHandler (ContextHandler.java:doStart(781)) - Started o.e.j.s.ServletContextHandler@1efdaec0{/static,jar:file:/home/user/.m2/repository/org/apache/hadoop/hadoop-hdds-server-scm/0.5.0-SNAPSHOT/hadoop-hdds-server-scm-0.5.0-SNAPSHOT.jar!/webapps/static,AVAILABLE}
2019-09-20 14:28:12,167 [main] INFO  handler.ContextHandler (ContextHandler.java:doStart(781)) - Started o.e.j.w.WebAppContext@2baf9cd4{/,file:///tmp/jetty-0.0.0.0-38943-scm-_-any-2459055089709784296.dir/webapp/,AVAILABLE}{/scm}
2019-09-20 14:28:12,168 [main] INFO  server.AbstractConnector (AbstractConnector.java:doStart(278)) - Started ServerConnector@50c0392d{HTTP/1.1,[http/1.1]}{0.0.0.0:38943}
2019-09-20 14:28:12,169 [main] INFO  server.Server (Server.java:doStart(419)) - Started @204773ms
2019-09-20 14:28:12,170 [main] INFO  server.BaseHttpServer (BaseHttpServer.java:updateConnectorAddress(213)) - HTTP server of SCM is listening at http://0.0.0.0:38943
2019-09-20 14:28:12,171 [main] WARN  server.ServerUtils (ServerUtils.java:getDBPath(222)) - ozone.om.db.dirs is not configured. We recommend adding this setting. Falling back to ozone.metadata.dirs instead.
2019-09-20 14:28:12,171 [org.apache.hadoop.util.JvmPauseMonitor$Monitor@57a815a] INFO  util.JvmPauseMonitor (JvmPauseMonitor.java:run(188)) - Starting JVM pause monitor
2019-09-20 14:28:12,196 [main] WARN  server.ServerUtils (ServerUtils.java:getDBPath(222)) - ozone.om.db.dirs is not configured. We recommend adding this setting. Falling back to ozone.metadata.dirs instead.
2019-09-20 14:28:12,196 [main] WARN  server.ServerUtils (ServerUtils.java:getDBPath(222)) - ozone.om.db.dirs is not configured. We recommend adding this setting. Falling back to ozone.metadata.dirs instead.
2019-09-20 14:28:12,197 [main] INFO  om.OzoneManager (OzoneManager.java:setOMNodeDetails(645)) - OM Service ID is not set. Setting it to the default ID: omServiceIdDefault
2019-09-20 14:28:12,197 [main] INFO  om.OzoneManager (OzoneManager.java:setOMNodeDetails(651)) - OM Node ID is not set. Setting it to the OmStorage's OmID: bfa7ee78-73af-4cce-9ed7-76c357bb098f
2019-09-20 14:28:12,197 [main] INFO  om.OzoneManager (OzoneManager.java:loadOMHAConfigs(602)) - Found matching OM address with OMServiceId: null, OMNodeId: null, RPC Address: localhost:0 and Ratis port: 9872
2019-09-20 14:28:12,203 | INFO  | SCMAudit | user=jenkins1000 | ip=192.168.36.99 | op=GET_SCM_INFO null | ret=SUCCESS |  
2019-09-20 14:28:12,206 [main] WARN  server.ServerUtils (ServerUtils.java:getDBPath(222)) - ozone.om.db.dirs is not configured. We recommend adding this setting. Falling back to ozone.metadata.dirs instead.
2019-09-20 14:28:12,207 [main] INFO  db.DBStoreBuilder (DBStoreBuilder.java:addTable(110)) - using custom profile for table: userTable
2019-09-20 14:28:12,207 [main] INFO  db.DBStoreBuilder (DBStoreBuilder.java:processTables(161)) - Using default column profile:DBProfile.DISK for Table:userTable
2019-09-20 14:28:12,207 [main] INFO  db.DBStoreBuilder (DBStoreBuilder.java:addTable(110)) - using custom profile for table: volumeTable
2019-09-20 14:28:12,207 [main] INFO  db.DBStoreBuilder (DBStoreBuilder.java:processTables(161)) - Using default column profile:DBProfile.DISK for Table:volumeTable
2019-09-20 14:28:12,208 [main] INFO  db.DBStoreBuilder (DBStoreBuilder.java:addTable(110)) - using custom profile for table: bucketTable
2019-09-20 14:28:12,208 [main] INFO  db.DBStoreBuilder (DBStoreBuilder.java:processTables(161)) - Using default column profile:DBProfile.DISK for Table:bucketTable
2019-09-20 14:28:12,208 [main] INFO  db.DBStoreBuilder (DBStoreBuilder.java:addTable(110)) - using custom profile for table: keyTable
2019-09-20 14:28:12,208 [main] INFO  db.DBStoreBuilder (DBStoreBuilder.java:processTables(161)) - Using default column profile:DBProfile.DISK for Table:keyTable
2019-09-20 14:28:12,209 [main] INFO  db.DBStoreBuilder (DBStoreBuilder.java:addTable(110)) - using custom profile for table: deletedTable
2019-09-20 14:28:12,209 [main] INFO  db.DBStoreBuilder (DBStoreBuilder.java:processTables(161)) - Using default column profile:DBProfile.DISK for Table:deletedTable
2019-09-20 14:28:12,209 [main] INFO  db.DBStoreBuilder (DBStoreBuilder.java:addTable(110)) - using custom profile for table: openKeyTable
2019-09-20 14:28:12,209 [main] INFO  db.DBStoreBuilder (DBStoreBuilder.java:processTables(161)) - Using default column profile:DBProfile.DISK for Table:openKeyTable
2019-09-20 14:28:12,210 [main] INFO  db.DBStoreBuilder (DBStoreBuilder.java:addTable(110)) - using custom profile for table: s3Table
2019-09-20 14:28:12,210 [main] INFO  db.DBStoreBuilder (DBStoreBuilder.java:processTables(161)) - Using default column profile:DBProfile.DISK for Table:s3Table
2019-09-20 14:28:12,210 [main] INFO  db.DBStoreBuilder (DBStoreBuilder.java:addTable(110)) - using custom profile for table: multipartInfoTable
2019-09-20 14:28:12,211 [main] INFO  db.DBStoreBuilder (DBStoreBuilder.java:processTables(161)) - Using default column profile:DBProfile.DISK for Table:multipartInfoTable
2019-09-20 14:28:12,211 [main] INFO  db.DBStoreBuilder (DBStoreBuilder.java:addTable(110)) - using custom profile for table: dTokenTable
2019-09-20 14:28:12,211 [main] INFO  db.DBStoreBuilder (DBStoreBuilder.java:processTables(161)) - Using default column profile:DBProfile.DISK for Table:dTokenTable
2019-09-20 14:28:12,211 [main] INFO  db.DBStoreBuilder (DBStoreBuilder.java:addTable(110)) - using custom profile for table: s3SecretTable
2019-09-20 14:28:12,211 [main] INFO  db.DBStoreBuilder (DBStoreBuilder.java:processTables(161)) - Using default column profile:DBProfile.DISK for Table:s3SecretTable
2019-09-20 14:28:12,212 [main] INFO  db.DBStoreBuilder (DBStoreBuilder.java:addTable(110)) - using custom profile for table: prefixTable
2019-09-20 14:28:12,212 [main] INFO  db.DBStoreBuilder (DBStoreBuilder.java:processTables(161)) - Using default column profile:DBProfile.DISK for Table:prefixTable
2019-09-20 14:28:12,212 [main] INFO  db.DBStoreBuilder (DBStoreBuilder.java:addTable(110)) - using custom profile for table: default
2019-09-20 14:28:12,212 [main] INFO  db.DBStoreBuilder (DBStoreBuilder.java:processTables(167)) - Using default column profile:DBProfile.DISK for Table:default
2019-09-20 14:28:12,213 [main] INFO  db.DBStoreBuilder (DBStoreBuilder.java:getDbProfile(198)) - Using default options. DBProfile.DISK
2019-09-20 14:28:12,985 [main] INFO  ipc.CallQueueManager (CallQueueManager.java:<init>(84)) - Using callQueue: class java.util.concurrent.LinkedBlockingQueue, queueCapacity: 2000, scheduler: class org.apache.hadoop.ipc.DefaultRpcScheduler, ipcBackoff: false.
2019-09-20 14:28:12,986 [Socket Reader #1 for port 33772] INFO  ipc.Server (Server.java:run(1074)) - Starting Socket Reader #1 for port 33772
2019-09-20 14:28:13,013 [main] INFO  om.OzoneManager (OzoneManager.java:start(1256)) - OzoneManager RPC server is listening at localhost/127.0.0.1:33772
2019-09-20 14:28:13,014 [main] INFO  impl.MetricsSystemImpl (MetricsSystemImpl.java:init(158)) - OzoneManager metrics system started (again)
2019-09-20 14:28:13,015 [IPC Server Responder] INFO  ipc.Server (Server.java:run(1314)) - IPC Server Responder: starting
2019-09-20 14:28:13,015 [IPC Server listener on 33772] INFO  ipc.Server (Server.java:run(1153)) - IPC Server listener on 33772: starting
2019-09-20 14:28:13,025 [main] INFO  hdfs.DFSUtil (DFSUtil.java:httpServerTemplateForNNAndJN(1641)) - Starting Web-server for ozoneManager at: http://0.0.0.0:0
2019-09-20 14:28:13,027 [main] INFO  server.AuthenticationFilter (AuthenticationFilter.java:constructSecretProvider(240)) - Unable to initialize FileSignerSecretProvider, falling back to use random secrets.
2019-09-20 14:28:13,028 [main] WARN  http.HttpRequestLog (HttpRequestLog.java:getRequestLog(97)) - Jetty request log can only be enabled using Log4j
2019-09-20 14:28:13,030 [main] INFO  http.HttpServer2 (HttpServer2.java:addGlobalFilter(975)) - Added global filter 'safety' (class=org.apache.hadoop.http.HttpServer2$QuotingInputFilter)
2019-09-20 14:28:13,031 [main] INFO  http.HttpServer2 (HttpServer2.java:addFilter(948)) - Added filter static_user_filter (class=org.apache.hadoop.http.lib.StaticUserWebFilter$StaticUserFilter) to context ozoneManager
2019-09-20 14:28:13,031 [main] INFO  http.HttpServer2 (HttpServer2.java:addFilter(958)) - Added filter static_user_filter (class=org.apache.hadoop.http.lib.StaticUserWebFilter$StaticUserFilter) to context logs
2019-09-20 14:28:13,031 [main] INFO  http.HttpServer2 (HttpServer2.java:addFilter(958)) - Added filter static_user_filter (class=org.apache.hadoop.http.lib.StaticUserWebFilter$StaticUserFilter) to context static
2019-09-20 14:28:13,032 [main] INFO  http.HttpServer2 (HttpServer2.java:bindListener(1191)) - Jetty bound to port 44283
2019-09-20 14:28:13,032 [main] INFO  server.Server (Server.java:doStart(351)) - jetty-9.3.24.v20180605, build timestamp: 2018-06-05T17:11:56Z, git hash: 84205aa28f11a4f31f2a3b86d1bba2cc8ab69827
2019-09-20 14:28:13,034 [main] INFO  handler.ContextHandler (ContextHandler.java:doStart(781)) - Started o.e.j.s.ServletContextHandler@303c195f{/logs,file:///workdir/hadoop-ozone/ozonefs/target/log,AVAILABLE}
2019-09-20 14:28:13,035 [main] INFO  handler.ContextHandler (ContextHandler.java:doStart(781)) - Started o.e.j.s.ServletContextHandler@5db3afff{/static,jar:file:/home/user/.m2/repository/org/apache/hadoop/hadoop-ozone-ozone-manager/0.5.0-SNAPSHOT/hadoop-ozone-ozone-manager-0.5.0-SNAPSHOT.jar!/webapps/static,AVAILABLE}
2019-09-20 14:28:13,087 [main] INFO  handler.ContextHandler (ContextHandler.java:doStart(781)) - Started o.e.j.w.WebAppContext@49e69196{/,file:///tmp/jetty-0.0.0.0-44283-ozoneManager-_-any-1366528711653152993.dir/webapp/,AVAILABLE}{/ozoneManager}
2019-09-20 14:28:13,087 [main] INFO  server.AbstractConnector (AbstractConnector.java:doStart(278)) - Started ServerConnector@76e51181{HTTP/1.1,[http/1.1]}{0.0.0.0:44283}
2019-09-20 14:28:13,088 [main] INFO  server.Server (Server.java:doStart(419)) - Started @205693ms
2019-09-20 14:28:13,089 [main] INFO  server.BaseHttpServer (BaseHttpServer.java:updateConnectorAddress(213)) - HTTP server of OZONEMANAGER is listening at http://0.0.0.0:44283
2019-09-20 14:28:13,100 [main] INFO  impl.MetricsSystemImpl (MetricsSystemImpl.java:init(158)) - HddsDatanode metrics system started (again)
2019-09-20 14:28:13,102 [main] INFO  ozone.HddsDatanodeService (HddsDatanodeService.java:start(184)) - HddsDatanodeService host:pr-hdds-1569-p5fx8-1226042367 ip:192.168.36.99
2019-09-20 14:28:13,114 [main] INFO  volume.HddsVolume (HddsVolume.java:<init>(176)) - Creating Volume: /workdir/hadoop-ozone/ozonefs/target/test-dir/MiniOzoneClusterImpl-54451e80-538c-4519-a538-a89d0a6472e3/datanode-0/data/containers/hdds of  storage type : DISK and capacity : 1482555576320
2019-09-20 14:28:13,115 [main] INFO  volume.VolumeSet (VolumeSet.java:initializeVolumeSet(170)) - Added Volume : /workdir/hadoop-ozone/ozonefs/target/test-dir/MiniOzoneClusterImpl-54451e80-538c-4519-a538-a89d0a6472e3/datanode-0/data/containers/hdds to VolumeSet
2019-09-20 14:28:13,115 [main] INFO  volume.ThrottledAsyncChecker (ThrottledAsyncChecker.java:schedule(140)) - Scheduling a check for org.apache.hadoop.ozone.container.common.volume.HddsVolume@43b3d197
2019-09-20 14:28:13,116 [main] INFO  volume.HddsVolumeChecker (HddsVolumeChecker.java:checkAllVolumes(203)) - Scheduled health check for volume org.apache.hadoop.ozone.container.common.volume.HddsVolume@43b3d197
2019-09-20 14:28:13,143 [main] INFO  impl.RaftServerProxy (ConfUtils.java:logGet(43)) - raft.rpc.type = GRPC (default)
2019-09-20 14:28:13,144 [main] INFO  grpc.GrpcFactory (GrpcFactory.java:checkPooledByteBufAllocatorUseCacheForAllThreads(45)) - PERFORMANCE WARNING: useCacheForAllThreads is true that may cause Netty to create a lot garbage objects and, as a result, trigger GC.
	It is recommended to disable useCacheForAllThreads by setting -Dorg.apache.ratis.thirdparty.io.netty.allocator.useCacheForAllThreads=false in command line.
2019-09-20 14:28:13,144 [main] INFO  grpc.GrpcConfigKeys$Server (ConfUtils.java:logGet(43)) - raft.grpc.server.port = 0 (default)
2019-09-20 14:28:13,144 [main] INFO  server.GrpcService (ConfUtils.java:logGet(43)) - raft.grpc.message.size.max = 33570816 (custom)
2019-09-20 14:28:13,145 [main] INFO  server.RaftServerConfigKeys (ConfUtils.java:logGet(43)) - raft.server.log.appender.buffer.byte-limit = 33554432 (custom)
2019-09-20 14:28:13,145 [main] INFO  server.GrpcService (ConfUtils.java:logGet(43)) - raft.grpc.flow.control.window = 1MB (=1048576) (default)
2019-09-20 14:28:13,145 [main] INFO  server.RaftServerConfigKeys (ConfUtils.java:logGet(43)) - raft.server.rpc.request.timeout = 3000ms (default)
2019-09-20 14:28:13,146 [main] INFO  server.RaftServerConfigKeys (ConfUtils.java:logGet(43)) - raft.server.storage.dir = [/workdir/hadoop-ozone/ozonefs/target/test-dir/MiniOzoneClusterImpl-54451e80-538c-4519-a538-a89d0a6472e3/datanode-0/data/ratis] (custom)
2019-09-20 14:28:13,146 [main] INFO  replication.SimpleContainerDownloader (SimpleContainerDownloader.java:<init>(72)) - Starting container downloader service to copy containers to replicate.
2019-09-20 14:28:13,147 [main] INFO  hdfs.DFSUtil (DFSUtil.java:httpServerTemplateForNNAndJN(1641)) - Starting Web-server for hddsDatanode at: http://0.0.0.0:0
2019-09-20 14:28:13,149 [main] INFO  server.AuthenticationFilter (AuthenticationFilter.java:constructSecretProvider(240)) - Unable to initialize FileSignerSecretProvider, falling back to use random secrets.
2019-09-20 14:28:13,149 [main] WARN  http.HttpRequestLog (HttpRequestLog.java:getRequestLog(97)) - Jetty request log can only be enabled using Log4j
2019-09-20 14:28:13,151 [main] INFO  http.HttpServer2 (HttpServer2.java:addGlobalFilter(975)) - Added global filter 'safety' (class=org.apache.hadoop.http.HttpServer2$QuotingInputFilter)
2019-09-20 14:28:13,152 [main] INFO  http.HttpServer2 (HttpServer2.java:addFilter(948)) - Added filter static_user_filter (class=org.apache.hadoop.http.lib.StaticUserWebFilter$StaticUserFilter) to context hddsDatanode
2019-09-20 14:28:13,152 [main] INFO  http.HttpServer2 (HttpServer2.java:addFilter(958)) - Added filter static_user_filter (class=org.apache.hadoop.http.lib.StaticUserWebFilter$StaticUserFilter) to context logs
2019-09-20 14:28:13,152 [main] INFO  http.HttpServer2 (HttpServer2.java:addFilter(958)) - Added filter static_user_filter (class=org.apache.hadoop.http.lib.StaticUserWebFilter$StaticUserFilter) to context static
2019-09-20 14:28:13,153 [main] INFO  http.HttpServer2 (HttpServer2.java:bindListener(1191)) - Jetty bound to port 35718
2019-09-20 14:28:13,153 [main] INFO  server.Server (Server.java:doStart(351)) - jetty-9.3.24.v20180605, build timestamp: 2018-06-05T17:11:56Z, git hash: 84205aa28f11a4f31f2a3b86d1bba2cc8ab69827
2019-09-20 14:28:13,155 [main] INFO  handler.ContextHandler (ContextHandler.java:doStart(781)) - Started o.e.j.s.ServletContextHandler@3bafa95b{/logs,file:///workdir/hadoop-ozone/ozonefs/target/log,AVAILABLE}
2019-09-20 14:28:13,155 [main] INFO  handler.ContextHandler (ContextHandler.java:doStart(781)) - Started o.e.j.s.ServletContextHandler@31360632{/static,jar:file:/home/user/.m2/repository/org/apache/hadoop/hadoop-hdds-container-service/0.5.0-SNAPSHOT/hadoop-hdds-container-service-0.5.0-SNAPSHOT.jar!/webapps/static,AVAILABLE}
2019-09-20 14:28:13,185 [main] INFO  handler.ContextHandler (ContextHandler.java:doStart(781)) - Started o.e.j.w.WebAppContext@7ef9c234{/,file:///tmp/jetty-0.0.0.0-35718-hddsDatanode-_-any-1059254631242654377.dir/webapp/,AVAILABLE}{/hddsDatanode}
2019-09-20 14:28:13,186 [main] INFO  server.AbstractConnector (AbstractConnector.java:doStart(278)) - Started ServerConnector@580581b4{HTTP/1.1,[http/1.1]}{0.0.0.0:35718}
2019-09-20 14:28:13,186 [main] INFO  server.Server (Server.java:doStart(419)) - Started @205790ms
2019-09-20 14:28:13,188 [main] INFO  server.BaseHttpServer (BaseHttpServer.java:updateConnectorAddress(213)) - HTTP server of HDDSDATANODE is listening at http://0.0.0.0:35718
2019-09-20 14:28:13,311 | INFO  | ObjectStoreRestHttpServer | Listening HDDS REST traffic on /0.0.0.0:42186 |  
2019-09-20 14:28:13,311 [main] INFO  ozone.HddsDatanodeService (HddsDatanodeService.java:startPlugins(395)) - Started plug-in org.apache.hadoop.ozone.web.OzoneHddsDatanodeService@276af32d
2019-09-20 14:28:13,311 [main] INFO  impl.MetricsSystemImpl (MetricsSystemImpl.java:init(158)) - HddsDatanode metrics system started (again)
2019-09-20 14:28:13,314 [main] INFO  ozone.HddsDatanodeService (HddsDatanodeService.java:start(184)) - HddsDatanodeService host:pr-hdds-1569-p5fx8-1226042367 ip:192.168.36.99
2019-09-20 14:28:13,314 [org.apache.hadoop.util.JvmPauseMonitor$Monitor@3c106ce3] INFO  util.JvmPauseMonitor (JvmPauseMonitor.java:run(188)) - Starting JVM pause monitor
2019-09-20 14:28:13,316 [Datanode State Machine Thread - 0] INFO  datanode.InitDatanodeState (InitDatanodeState.java:persistContainerDatanodeDetails(140)) - DatanodeDetails is persisted to /workdir/hadoop-ozone/ozonefs/target/test-dir/MiniOzoneClusterImpl-54451e80-538c-4519-a538-a89d0a6472e3/datanode-0/meta/datanode.id
2019-09-20 14:28:13,324 [main] INFO  volume.HddsVolume (HddsVolume.java:<init>(176)) - Creating Volume: /workdir/hadoop-ozone/ozonefs/target/test-dir/MiniOzoneClusterImpl-54451e80-538c-4519-a538-a89d0a6472e3/datanode-1/data/containers/hdds of  storage type : DISK and capacity : 1482555576320
2019-09-20 14:28:13,325 [main] INFO  volume.VolumeSet (VolumeSet.java:initializeVolumeSet(170)) - Added Volume : /workdir/hadoop-ozone/ozonefs/target/test-dir/MiniOzoneClusterImpl-54451e80-538c-4519-a538-a89d0a6472e3/datanode-1/data/containers/hdds to VolumeSet
2019-09-20 14:28:13,325 [main] INFO  volume.ThrottledAsyncChecker (ThrottledAsyncChecker.java:schedule(140)) - Scheduling a check for org.apache.hadoop.ozone.container.common.volume.HddsVolume@48b14e4a
2019-09-20 14:28:13,325 [main] INFO  volume.HddsVolumeChecker (HddsVolumeChecker.java:checkAllVolumes(203)) - Scheduled health check for volume org.apache.hadoop.ozone.container.common.volume.HddsVolume@48b14e4a
2019-09-20 14:28:13,344 [main] INFO  impl.RaftServerProxy (ConfUtils.java:logGet(43)) - raft.rpc.type = GRPC (default)
2019-09-20 14:28:13,344 [main] INFO  grpc.GrpcFactory (GrpcFactory.java:checkPooledByteBufAllocatorUseCacheForAllThreads(45)) - PERFORMANCE WARNING: useCacheForAllThreads is true that may cause Netty to create a lot garbage objects and, as a result, trigger GC.
	It is recommended to disable useCacheForAllThreads by setting -Dorg.apache.ratis.thirdparty.io.netty.allocator.useCacheForAllThreads=false in command line.
2019-09-20 14:28:13,345 [main] INFO  grpc.GrpcConfigKeys$Server (ConfUtils.java:logGet(43)) - raft.grpc.server.port = 0 (default)
2019-09-20 14:28:13,345 [main] INFO  server.GrpcService (ConfUtils.java:logGet(43)) - raft.grpc.message.size.max = 33570816 (custom)
2019-09-20 14:28:13,345 [main] INFO  server.RaftServerConfigKeys (ConfUtils.java:logGet(43)) - raft.server.log.appender.buffer.byte-limit = 33554432 (custom)
2019-09-20 14:28:13,345 [main] INFO  server.GrpcService (ConfUtils.java:logGet(43)) - raft.grpc.flow.control.window = 1MB (=1048576) (default)
2019-09-20 14:28:13,345 [main] INFO  server.RaftServerConfigKeys (ConfUtils.java:logGet(43)) - raft.server.rpc.request.timeout = 3000ms (default)
2019-09-20 14:28:13,346 [main] INFO  server.RaftServerConfigKeys (ConfUtils.java:logGet(43)) - raft.server.storage.dir = [/workdir/hadoop-ozone/ozonefs/target/test-dir/MiniOzoneClusterImpl-54451e80-538c-4519-a538-a89d0a6472e3/datanode-1/data/ratis] (custom)
2019-09-20 14:28:13,346 [main] INFO  replication.SimpleContainerDownloader (SimpleContainerDownloader.java:<init>(72)) - Starting container downloader service to copy containers to replicate.
2019-09-20 14:28:13,347 [main] INFO  hdfs.DFSUtil (DFSUtil.java:httpServerTemplateForNNAndJN(1641)) - Starting Web-server for hddsDatanode at: http://0.0.0.0:0
2019-09-20 14:28:13,349 [main] INFO  server.AuthenticationFilter (AuthenticationFilter.java:constructSecretProvider(240)) - Unable to initialize FileSignerSecretProvider, falling back to use random secrets.
2019-09-20 14:28:13,349 [main] WARN  http.HttpRequestLog (HttpRequestLog.java:getRequestLog(97)) - Jetty request log can only be enabled using Log4j
2019-09-20 14:28:13,351 [main] INFO  http.HttpServer2 (HttpServer2.java:addGlobalFilter(975)) - Added global filter 'safety' (class=org.apache.hadoop.http.HttpServer2$QuotingInputFilter)
2019-09-20 14:28:13,352 [main] INFO  http.HttpServer2 (HttpServer2.java:addFilter(948)) - Added filter static_user_filter (class=org.apache.hadoop.http.lib.StaticUserWebFilter$StaticUserFilter) to context hddsDatanode
2019-09-20 14:28:13,352 [main] INFO  http.HttpServer2 (HttpServer2.java:addFilter(958)) - Added filter static_user_filter (class=org.apache.hadoop.http.lib.StaticUserWebFilter$StaticUserFilter) to context static
2019-09-20 14:28:13,353 [main] INFO  http.HttpServer2 (HttpServer2.java:addFilter(958)) - Added filter static_user_filter (class=org.apache.hadoop.http.lib.StaticUserWebFilter$StaticUserFilter) to context logs
2019-09-20 14:28:13,354 [main] INFO  http.HttpServer2 (HttpServer2.java:bindListener(1191)) - Jetty bound to port 39953
2019-09-20 14:28:13,355 [main] INFO  server.Server (Server.java:doStart(351)) - jetty-9.3.24.v20180605, build timestamp: 2018-06-05T17:11:56Z, git hash: 84205aa28f11a4f31f2a3b86d1bba2cc8ab69827
2019-09-20 14:28:13,357 [main] INFO  handler.ContextHandler (ContextHandler.java:doStart(781)) - Started o.e.j.s.ServletContextHandler@4c6e0143{/logs,file:///workdir/hadoop-ozone/ozonefs/target/log,AVAILABLE}
2019-09-20 14:28:13,357 [main] INFO  handler.ContextHandler (ContextHandler.java:doStart(781)) - Started o.e.j.s.ServletContextHandler@591e3e5e{/static,jar:file:/home/user/.m2/repository/org/apache/hadoop/hadoop-hdds-container-service/0.5.0-SNAPSHOT/hadoop-hdds-container-service-0.5.0-SNAPSHOT.jar!/webapps/static,AVAILABLE}
2019-09-20 14:28:13,394 [main] INFO  handler.ContextHandler (ContextHandler.java:doStart(781)) - Started o.e.j.w.WebAppContext@7aafaf44{/,file:///tmp/jetty-0.0.0.0-39953-hddsDatanode-_-any-6631463112339439616.dir/webapp/,AVAILABLE}{/hddsDatanode}
2019-09-20 14:28:13,394 [main] INFO  server.AbstractConnector (AbstractConnector.java:doStart(278)) - Started ServerConnector@1ed28f57{HTTP/1.1,[http/1.1]}{0.0.0.0:39953}
2019-09-20 14:28:13,395 [main] INFO  server.Server (Server.java:doStart(419)) - Started @205999ms
2019-09-20 14:28:13,397 [main] INFO  server.BaseHttpServer (BaseHttpServer.java:updateConnectorAddress(213)) - HTTP server of HDDSDATANODE is listening at http://0.0.0.0:39953
2019-09-20 14:28:13,530 | INFO  | ObjectStoreRestHttpServer | Listening HDDS REST traffic on /0.0.0.0:40508 |  
2019-09-20 14:28:13,530 [main] INFO  ozone.HddsDatanodeService (HddsDatanodeService.java:startPlugins(395)) - Started plug-in org.apache.hadoop.ozone.web.OzoneHddsDatanodeService@2fd1f0e4
2019-09-20 14:28:13,530 [main] INFO  impl.MetricsSystemImpl (MetricsSystemImpl.java:init(158)) - HddsDatanode metrics system started (again)
2019-09-20 14:28:13,533 [org.apache.hadoop.util.JvmPauseMonitor$Monitor@38f84312] INFO  util.JvmPauseMonitor (JvmPauseMonitor.java:run(188)) - Starting JVM pause monitor
2019-09-20 14:28:13,533 [main] INFO  ozone.HddsDatanodeService (HddsDatanodeService.java:start(184)) - HddsDatanodeService host:pr-hdds-1569-p5fx8-1226042367 ip:192.168.36.99
2019-09-20 14:28:13,535 [Datanode State Machine Thread - 0] INFO  datanode.InitDatanodeState (InitDatanodeState.java:persistContainerDatanodeDetails(140)) - DatanodeDetails is persisted to /workdir/hadoop-ozone/ozonefs/target/test-dir/MiniOzoneClusterImpl-54451e80-538c-4519-a538-a89d0a6472e3/datanode-1/meta/datanode.id
2019-09-20 14:28:13,544 [main] INFO  volume.HddsVolume (HddsVolume.java:<init>(176)) - Creating Volume: /workdir/hadoop-ozone/ozonefs/target/test-dir/MiniOzoneClusterImpl-54451e80-538c-4519-a538-a89d0a6472e3/datanode-2/data/containers/hdds of  storage type : DISK and capacity : 1482555576320
2019-09-20 14:28:13,545 [main] INFO  volume.VolumeSet (VolumeSet.java:initializeVolumeSet(170)) - Added Volume : /workdir/hadoop-ozone/ozonefs/target/test-dir/MiniOzoneClusterImpl-54451e80-538c-4519-a538-a89d0a6472e3/datanode-2/data/containers/hdds to VolumeSet
2019-09-20 14:28:13,545 [main] INFO  volume.ThrottledAsyncChecker (ThrottledAsyncChecker.java:schedule(140)) - Scheduling a check for org.apache.hadoop.ozone.container.common.volume.HddsVolume@5a487b86
2019-09-20 14:28:13,545 [main] INFO  volume.HddsVolumeChecker (HddsVolumeChecker.java:checkAllVolumes(203)) - Scheduled health check for volume org.apache.hadoop.ozone.container.common.volume.HddsVolume@5a487b86
2019-09-20 14:28:13,567 [main] INFO  impl.RaftServerProxy (ConfUtils.java:logGet(43)) - raft.rpc.type = GRPC (default)
2019-09-20 14:28:13,568 [main] INFO  grpc.GrpcFactory (GrpcFactory.java:checkPooledByteBufAllocatorUseCacheForAllThreads(45)) - PERFORMANCE WARNING: useCacheForAllThreads is true that may cause Netty to create a lot garbage objects and, as a result, trigger GC.
	It is recommended to disable useCacheForAllThreads by setting -Dorg.apache.ratis.thirdparty.io.netty.allocator.useCacheForAllThreads=false in command line.
2019-09-20 14:28:13,568 [main] INFO  grpc.GrpcConfigKeys$Server (ConfUtils.java:logGet(43)) - raft.grpc.server.port = 0 (default)
2019-09-20 14:28:13,568 [main] INFO  server.GrpcService (ConfUtils.java:logGet(43)) - raft.grpc.message.size.max = 33570816 (custom)
2019-09-20 14:28:13,568 [main] INFO  server.RaftServerConfigKeys (ConfUtils.java:logGet(43)) - raft.server.log.appender.buffer.byte-limit = 33554432 (custom)
2019-09-20 14:28:13,568 [main] INFO  server.GrpcService (ConfUtils.java:logGet(43)) - raft.grpc.flow.control.window = 1MB (=1048576) (default)
2019-09-20 14:28:13,569 [main] INFO  server.RaftServerConfigKeys (ConfUtils.java:logGet(43)) - raft.server.rpc.request.timeout = 3000ms (default)
2019-09-20 14:28:13,569 [main] INFO  server.RaftServerConfigKeys (ConfUtils.java:logGet(43)) - raft.server.storage.dir = [/workdir/hadoop-ozone/ozonefs/target/test-dir/MiniOzoneClusterImpl-54451e80-538c-4519-a538-a89d0a6472e3/datanode-2/data/ratis] (custom)
2019-09-20 14:28:13,569 [main] INFO  replication.SimpleContainerDownloader (SimpleContainerDownloader.java:<init>(72)) - Starting container downloader service to copy containers to replicate.
2019-09-20 14:28:13,570 [main] INFO  hdfs.DFSUtil (DFSUtil.java:httpServerTemplateForNNAndJN(1641)) - Starting Web-server for hddsDatanode at: http://0.0.0.0:0
2019-09-20 14:28:13,572 [main] INFO  server.AuthenticationFilter (AuthenticationFilter.java:constructSecretProvider(240)) - Unable to initialize FileSignerSecretProvider, falling back to use random secrets.
2019-09-20 14:28:13,572 [main] WARN  http.HttpRequestLog (HttpRequestLog.java:getRequestLog(97)) - Jetty request log can only be enabled using Log4j
2019-09-20 14:28:13,574 [main] INFO  http.HttpServer2 (HttpServer2.java:addGlobalFilter(975)) - Added global filter 'safety' (class=org.apache.hadoop.http.HttpServer2$QuotingInputFilter)
2019-09-20 14:28:13,575 [main] INFO  http.HttpServer2 (HttpServer2.java:addFilter(948)) - Added filter static_user_filter (class=org.apache.hadoop.http.lib.StaticUserWebFilter$StaticUserFilter) to context hddsDatanode
2019-09-20 14:28:13,575 [main] INFO  http.HttpServer2 (HttpServer2.java:addFilter(958)) - Added filter static_user_filter (class=org.apache.hadoop.http.lib.StaticUserWebFilter$StaticUserFilter) to context logs
2019-09-20 14:28:13,575 [main] INFO  http.HttpServer2 (HttpServer2.java:addFilter(958)) - Added filter static_user_filter (class=org.apache.hadoop.http.lib.StaticUserWebFilter$StaticUserFilter) to context static
2019-09-20 14:28:13,575 [main] INFO  http.HttpServer2 (HttpServer2.java:bindListener(1191)) - Jetty bound to port 35433
2019-09-20 14:28:13,576 [main] INFO  server.Server (Server.java:doStart(351)) - jetty-9.3.24.v20180605, build timestamp: 2018-06-05T17:11:56Z, git hash: 84205aa28f11a4f31f2a3b86d1bba2cc8ab69827
2019-09-20 14:28:13,577 [main] INFO  handler.ContextHandler (ContextHandler.java:doStart(781)) - Started o.e.j.s.ServletContextHandler@67127bb1{/logs,file:///workdir/hadoop-ozone/ozonefs/target/log,AVAILABLE}
2019-09-20 14:28:13,578 [main] INFO  handler.ContextHandler (ContextHandler.java:doStart(781)) - Started o.e.j.s.ServletContextHandler@54e1e8a7{/static,jar:file:/home/user/.m2/repository/org/apache/hadoop/hadoop-hdds-container-service/0.5.0-SNAPSHOT/hadoop-hdds-container-service-0.5.0-SNAPSHOT.jar!/webapps/static,AVAILABLE}
2019-09-20 14:28:13,604 [main] INFO  handler.ContextHandler (ContextHandler.java:doStart(781)) - Started o.e.j.w.WebAppContext@680f7a5e{/,file:///tmp/jetty-0.0.0.0-35433-hddsDatanode-_-any-2265853529935211233.dir/webapp/,AVAILABLE}{/hddsDatanode}
2019-09-20 14:28:13,604 [main] INFO  server.AbstractConnector (AbstractConnector.java:doStart(278)) - Started ServerConnector@3005133e{HTTP/1.1,[http/1.1]}{0.0.0.0:35433}
2019-09-20 14:28:13,606 [main] INFO  server.Server (Server.java:doStart(419)) - Started @206209ms
2019-09-20 14:28:13,606 [main] INFO  server.BaseHttpServer (BaseHttpServer.java:updateConnectorAddress(213)) - HTTP server of HDDSDATANODE is listening at http://0.0.0.0:35433
2019-09-20 14:28:13,729 | INFO  | ObjectStoreRestHttpServer | Listening HDDS REST traffic on /0.0.0.0:41735 |  
2019-09-20 14:28:13,729 [main] INFO  ozone.HddsDatanodeService (HddsDatanodeService.java:startPlugins(395)) - Started plug-in org.apache.hadoop.ozone.web.OzoneHddsDatanodeService@365a9434
2019-09-20 14:28:13,729 [main] INFO  ozone.MiniOzoneClusterImpl (MiniOzoneClusterImpl.java:lambda$waitForClusterToBeReady$0(142)) - Waiting for cluster to be ready. Got 0 of 3 DN Heartbeats.
2019-09-20 14:28:13,730 [org.apache.hadoop.util.JvmPauseMonitor$Monitor@63fbd95f] INFO  util.JvmPauseMonitor (JvmPauseMonitor.java:run(188)) - Starting JVM pause monitor
2019-09-20 14:28:13,732 [Datanode State Machine Thread - 0] INFO  datanode.InitDatanodeState (InitDatanodeState.java:persistContainerDatanodeDetails(140)) - DatanodeDetails is persisted to /workdir/hadoop-ozone/ozonefs/target/test-dir/MiniOzoneClusterImpl-54451e80-538c-4519-a538-a89d0a6472e3/datanode-2/meta/datanode.id
2019-09-20 14:28:14,730 [main] INFO  ozone.MiniOzoneClusterImpl (MiniOzoneClusterImpl.java:lambda$waitForClusterToBeReady$0(142)) - Waiting for cluster to be ready. Got 0 of 3 DN Heartbeats.
2019-09-20 14:28:15,319 | INFO  | SCMAudit | user=jenkins1000 | ip=192.168.36.99 | op=GET_VERSION null | ret=SUCCESS |  
2019-09-20 14:28:15,342 [Datanode State Machine Thread - 0] INFO  ozoneimpl.OzoneContainer (OzoneContainer.java:start(186)) - Attempting to start container services.
2019-09-20 14:28:15,343 [Datanode State Machine Thread - 0] INFO  ozoneimpl.OzoneContainer (OzoneContainer.java:startContainerScrub(160)) - Background container scrubber has been disabled by hdds.containerscrub.enabled
2019-09-20 14:28:15,343 [Datanode State Machine Thread - 0] INFO  ratis.XceiverServerRatis (XceiverServerRatis.java:start(404)) - Starting XceiverServerRatis 2809c2c2-ae59-4cd3-896b-694de5a9a212 at port 0
2019-09-20 14:28:15,350 [Datanode State Machine Thread - 0] INFO  impl.RaftServerProxy (RaftServerProxy.java:lambda$start$3(299)) - 2809c2c2-ae59-4cd3-896b-694de5a9a212: start RPC server
2019-09-20 14:28:15,352 [Datanode State Machine Thread - 0] INFO  server.GrpcService (GrpcService.java:startImpl(149)) - 2809c2c2-ae59-4cd3-896b-694de5a9a212: GrpcService started, listening on 0.0.0.0/0.0.0.0:42888
2019-09-20 14:28:15,352 [Datanode State Machine Thread - 0] INFO  ratis.XceiverServerRatis (XceiverServerRatis.java:start(414)) - XceiverServerRatis 2809c2c2-ae59-4cd3-896b-694de5a9a212 is started using port 42888
2019-09-20 14:28:15,354 [Datanode State Machine Thread - 0] INFO  server.XceiverServerGrpc (XceiverServerGrpc.java:start(163)) - XceiverServerGrpc 2809c2c2-ae59-4cd3-896b-694de5a9a212 is started using port 41742
2019-09-20 14:28:15,534 | INFO  | SCMAudit | user=jenkins1000 | ip=192.168.36.99 | op=GET_VERSION null | ret=SUCCESS |  
2019-09-20 14:28:15,555 [Datanode State Machine Thread - 0] INFO  ozoneimpl.OzoneContainer (OzoneContainer.java:start(186)) - Attempting to start container services.
2019-09-20 14:28:15,555 [Datanode State Machine Thread - 0] INFO  ozoneimpl.OzoneContainer (OzoneContainer.java:startContainerScrub(160)) - Background container scrubber has been disabled by hdds.containerscrub.enabled
2019-09-20 14:28:15,555 [Datanode State Machine Thread - 0] INFO  ratis.XceiverServerRatis (XceiverServerRatis.java:start(404)) - Starting XceiverServerRatis 49dcdc92-38f9-4214-ac53-ad04882e13af at port 0
2019-09-20 14:28:15,562 [Datanode State Machine Thread - 0] INFO  impl.RaftServerProxy (RaftServerProxy.java:lambda$start$3(299)) - 49dcdc92-38f9-4214-ac53-ad04882e13af: start RPC server
2019-09-20 14:28:15,563 [Datanode State Machine Thread - 0] INFO  server.GrpcService (GrpcService.java:startImpl(149)) - 49dcdc92-38f9-4214-ac53-ad04882e13af: GrpcService started, listening on 0.0.0.0/0.0.0.0:36985
2019-09-20 14:28:15,563 [Datanode State Machine Thread - 0] INFO  ratis.XceiverServerRatis (XceiverServerRatis.java:start(414)) - XceiverServerRatis 49dcdc92-38f9-4214-ac53-ad04882e13af is started using port 36985
2019-09-20 14:28:15,565 [Datanode State Machine Thread - 0] INFO  server.XceiverServerGrpc (XceiverServerGrpc.java:start(163)) - XceiverServerGrpc 49dcdc92-38f9-4214-ac53-ad04882e13af is started using port 32857
2019-09-20 14:28:15,730 | INFO  | SCMAudit | user=jenkins1000 | ip=192.168.36.99 | op=GET_VERSION null | ret=SUCCESS |  
2019-09-20 14:28:15,730 [main] INFO  ozone.MiniOzoneClusterImpl (MiniOzoneClusterImpl.java:lambda$waitForClusterToBeReady$0(142)) - Waiting for cluster to be ready. Got 0 of 3 DN Heartbeats.
2019-09-20 14:28:15,755 [Datanode State Machine Thread - 0] INFO  ozoneimpl.OzoneContainer (OzoneContainer.java:start(186)) - Attempting to start container services.
2019-09-20 14:28:15,755 [Datanode State Machine Thread - 0] INFO  ozoneimpl.OzoneContainer (OzoneContainer.java:startContainerScrub(160)) - Background container scrubber has been disabled by hdds.containerscrub.enabled
2019-09-20 14:28:15,755 [Datanode State Machine Thread - 0] INFO  ratis.XceiverServerRatis (XceiverServerRatis.java:start(404)) - Starting XceiverServerRatis 4a8b5aae-7936-4127-a6e1-51a8bd8ea200 at port 0
2019-09-20 14:28:15,764 [Datanode State Machine Thread - 0] INFO  impl.RaftServerProxy (RaftServerProxy.java:lambda$start$3(299)) - 4a8b5aae-7936-4127-a6e1-51a8bd8ea200: start RPC server
2019-09-20 14:28:15,765 [Datanode State Machine Thread - 0] INFO  server.GrpcService (GrpcService.java:startImpl(149)) - 4a8b5aae-7936-4127-a6e1-51a8bd8ea200: GrpcService started, listening on 0.0.0.0/0.0.0.0:33214
2019-09-20 14:28:15,765 [Datanode State Machine Thread - 0] INFO  ratis.XceiverServerRatis (XceiverServerRatis.java:start(414)) - XceiverServerRatis 4a8b5aae-7936-4127-a6e1-51a8bd8ea200 is started using port 33214
2019-09-20 14:28:15,765 [Datanode State Machine Thread - 0] INFO  server.XceiverServerGrpc (XceiverServerGrpc.java:start(163)) - XceiverServerGrpc 4a8b5aae-7936-4127-a6e1-51a8bd8ea200 is started using port 45180
2019-09-20 14:28:16,731 [main] INFO  ozone.MiniOzoneClusterImpl (MiniOzoneClusterImpl.java:lambda$waitForClusterToBeReady$0(142)) - Waiting for cluster to be ready. Got 0 of 3 DN Heartbeats.
2019-09-20 14:28:17,318 [IPC Server handler 1 on 33047] INFO  net.NetworkTopology (NetworkTopologyImpl.java:add(110)) - Added a new node: /default-rack/2809c2c2-ae59-4cd3-896b-694de5a9a212
2019-09-20 14:28:17,321 [IPC Server handler 1 on 33047] INFO  node.SCMNodeManager (SCMNodeManager.java:register(273)) - Registered Data node : 2809c2c2-ae59-4cd3-896b-694de5a9a212{ip: 192.168.36.99, host: pr-hdds-1569-p5fx8-1226042367, networkLocation: /default-rack, certSerialId: null}
2019-09-20 14:28:17,321 [EventQueue-NodeRegistrationContainerReportForDataNodeSafeModeRule] INFO  safemode.SCMSafeModeManager (DataNodeSafeModeRule.java:process(71)) - SCM in safe mode. 1 DataNodes registered, 1 required.
2019-09-20 14:28:17,322 | INFO  | SCMAudit | user=jenkins1000 | ip=192.168.36.99 | op=REGISTER {datanodeDetails=2809c2c2-ae59-4cd3-896b-694de5a9a212{ip: 192.168.36.99, host: pr-hdds-1569-p5fx8-1226042367, networkLocation: /default-rack, certSerialId: null}} | ret=SUCCESS |  
2019-09-20 14:28:17,324 [EventQueue-NodeRegistrationContainerReportForContainerSafeModeRule] INFO  safemode.SCMSafeModeManager (SCMSafeModeManager.java:validateSafeModeExitRules(177)) - ScmSafeModeManager, all rules are successfully validated
2019-09-20 14:28:17,324 [EventQueue-NodeRegistrationContainerReportForContainerSafeModeRule] INFO  safemode.SCMSafeModeManager (SCMSafeModeManager.java:exitSafeMode(193)) - SCM exiting safe mode.
2019-09-20 14:28:17,337 [grpc-default-executor-0] INFO  impl.RaftServerProxy (RaftServerProxy.java:addNew(89)) - 2809c2c2-ae59-4cd3-896b-694de5a9a212: addNew group-944305031B21:[2809c2c2-ae59-4cd3-896b-694de5a9a212:192.168.36.99:42888] returns group-944305031B21:java.util.concurrent.CompletableFuture@2d14fdce[Not completed]
2019-09-20 14:28:17,338 [pool-610-thread-1] INFO  impl.RaftServerImpl (RaftServerImpl.java:<init>(93)) - 2809c2c2-ae59-4cd3-896b-694de5a9a212: new RaftServerImpl for group-944305031B21:[2809c2c2-ae59-4cd3-896b-694de5a9a212:192.168.36.99:42888] with ContainerStateMachine:uninitialized
2019-09-20 14:28:17,338 [pool-610-thread-1] INFO  server.RaftServerConfigKeys (ConfUtils.java:logGet(43)) - raft.server.rpc.timeout.min = 5s (custom)
2019-09-20 14:28:17,338 [pool-610-thread-1] INFO  server.RaftServerConfigKeys (ConfUtils.java:logGet(43)) - raft.server.rpc.timeout.max = 5200ms (custom)
2019-09-20 14:28:17,339 [pool-610-thread-1] INFO  server.RaftServerConfigKeys (ConfUtils.java:logGet(43)) - raft.server.rpcslowness.timeout = 120s (custom)
2019-09-20 14:28:17,339 [pool-610-thread-1] INFO  server.RaftServerConfigKeys (ConfUtils.java:logGet(43)) - raft.server.sleep.deviation.threshold = 300 (default)
2019-09-20 14:28:17,339 [pool-610-thread-1] INFO  server.RaftServerConfigKeys (ConfUtils.java:logGet(43)) - raft.server.log.appender.install.snapshot.enabled = false (custom)
2019-09-20 14:28:17,339 [pool-610-thread-1] INFO  impl.RaftServerImpl (ServerState.java:<init>(105)) - 2809c2c2-ae59-4cd3-896b-694de5a9a212:group-944305031B21 ConfigurationManager, init=-1: [2809c2c2-ae59-4cd3-896b-694de5a9a212:192.168.36.99:42888], old=null, confs=<EMPTY_MAP>
2019-09-20 14:28:17,339 [pool-610-thread-1] INFO  server.RaftServerConfigKeys (ConfUtils.java:logGet(43)) - raft.server.storage.dir = [/workdir/hadoop-ozone/ozonefs/target/test-dir/MiniOzoneClusterImpl-54451e80-538c-4519-a538-a89d0a6472e3/datanode-0/data/ratis] (custom)
2019-09-20 14:28:17,340 [pool-610-thread-1] INFO  storage.RaftStorageDirectory (RaftStorageDirectory.java:analyzeStorage(246)) - The storage directory /workdir/hadoop-ozone/ozonefs/target/test-dir/MiniOzoneClusterImpl-54451e80-538c-4519-a538-a89d0a6472e3/datanode-0/data/ratis/8c0deaf9-8ea3-43d2-9a3e-944305031b21 does not exist. Creating ...
2019-09-20 14:28:17,356 [pool-610-thread-1] INFO  storage.RaftStorageDirectory (RaftStorageDirectory.java:tryLock(328)) - Lock on /workdir/hadoop-ozone/ozonefs/target/test-dir/MiniOzoneClusterImpl-54451e80-538c-4519-a538-a89d0a6472e3/datanode-0/data/ratis/8c0deaf9-8ea3-43d2-9a3e-944305031b21/in_use.lock acquired by nodename 21669@pr-hdds-1569-p5fx8-1226042367
2019-09-20 14:28:17,375 [pool-610-thread-1] INFO  storage.RaftStorage (RaftStorage.java:format(72)) - Storage directory /workdir/hadoop-ozone/ozonefs/target/test-dir/MiniOzoneClusterImpl-54451e80-538c-4519-a538-a89d0a6472e3/datanode-0/data/ratis/8c0deaf9-8ea3-43d2-9a3e-944305031b21 has been successfully formatted.
2019-09-20 14:28:17,375 [pool-610-thread-1] INFO  ratis.ContainerStateMachine (ContainerStateMachine.java:loadSnapshot(226)) - group-944305031B21: The snapshot info is null. Setting the last applied indexto:(t:0, i:~)
2019-09-20 14:28:17,375 [pool-610-thread-1] INFO  server.RaftServerConfigKeys (ConfUtils.java:logGet(43)) - raft.server.leader.election.timeout = 120s (custom)
2019-09-20 14:28:17,376 [pool-610-thread-1] INFO  server.RaftServerConfigKeys (ConfUtils.java:logGet(43)) - raft.server.log.use.memory = false (default)
2019-09-20 14:28:17,376 [pool-610-thread-1] INFO  server.RaftServerConfigKeys (ConfUtils.java:logGet(43)) - raft.server.log.purge.gap = 1000000 (custom)
2019-09-20 14:28:17,376 [pool-610-thread-1] INFO  server.RaftServerConfigKeys (ConfUtils.java:logGet(43)) - raft.server.log.appender.buffer.byte-limit = 33554432 (custom)
2019-09-20 14:28:17,376 [pool-610-thread-1] INFO  server.RaftServerConfigKeys (ConfUtils.java:logGet(43)) - raft.server.log.segment.size.max = 1048576 (custom)
2019-09-20 14:28:17,376 [pool-610-thread-1] INFO  server.RaftServerConfigKeys (ConfUtils.java:logGet(43)) - raft.server.log.segment.cache.num.max = 2 (custom)
2019-09-20 14:28:17,376 [pool-610-thread-1] INFO  segmented.SegmentedRaftLogWorker (SegmentedRaftLogWorker.java:<init>(172)) - new 2809c2c2-ae59-4cd3-896b-694de5a9a212-SegmentedRaftLogWorker:Storage Directory /workdir/hadoop-ozone/ozonefs/target/test-dir/MiniOzoneClusterImpl-54451e80-538c-4519-a538-a89d0a6472e3/datanode-0/data/ratis/8c0deaf9-8ea3-43d2-9a3e-944305031b21 for RaftStorage:Storage Directory /workdir/hadoop-ozone/ozonefs/target/test-dir/MiniOzoneClusterImpl-54451e80-538c-4519-a538-a89d0a6472e3/datanode-0/data/ratis/8c0deaf9-8ea3-43d2-9a3e-944305031b21
2019-09-20 14:28:17,377 [pool-610-thread-1] INFO  server.RaftServerConfigKeys (ConfUtils.java:logGet(43)) - raft.server.log.queue.byte-limit = 2147483647 (custom)
2019-09-20 14:28:17,377 [pool-610-thread-1] INFO  server.RaftServerConfigKeys (ConfUtils.java:logGet(43)) - raft.server.log.queue.element-limit = 1024 (custom)
2019-09-20 14:28:17,377 [pool-610-thread-1] INFO  server.RaftServerConfigKeys (ConfUtils.java:logGet(43)) - raft.server.log.segment.size.max = 1048576 (custom)
2019-09-20 14:28:17,377 [pool-610-thread-1] INFO  server.RaftServerConfigKeys (ConfUtils.java:logGet(43)) - raft.server.log.preallocated.size = 16384 (custom)
2019-09-20 14:28:17,377 [pool-610-thread-1] INFO  server.RaftServerConfigKeys (ConfUtils.java:logGet(43)) - raft.server.log.write.buffer.size = 33554432 (custom)
2019-09-20 14:28:17,378 [pool-610-thread-1] INFO  server.RaftServerConfigKeys (ConfUtils.java:logGet(43)) - raft.server.log.force.sync.num = 128 (default)
2019-09-20 14:28:17,378 [pool-610-thread-1] INFO  server.RaftServerConfigKeys (ConfUtils.java:logGet(43)) - raft.server.log.statemachine.data.sync = true (default)
2019-09-20 14:28:17,378 [pool-610-thread-1] INFO  server.RaftServerConfigKeys (ConfUtils.java:logGet(43)) - raft.server.log.statemachine.data.sync.timeout = 10s (default)
2019-09-20 14:28:17,378 [pool-610-thread-1] INFO  server.RaftServerConfigKeys (ConfUtils.java:logGet(43)) - raft.server.log.statemachine.data.sync.timeout.retry = -1 (default)
2019-09-20 14:28:17,378 [pool-610-thread-1] INFO  server.RaftServerConfigKeys (ConfUtils.java:logGet(43)) - raft.server.log.statemachine.data.caching.enabled = true (custom)
2019-09-20 14:28:17,379 [pool-610-thread-1] INFO  segmented.SegmentedRaftLogWorker (SegmentedRaftLogWorker.java:lambda$new$0(132)) - 2809c2c2-ae59-4cd3-896b-694de5a9a212-SegmentedRaftLogWorker:Storage Directory /workdir/hadoop-ozone/ozonefs/target/test-dir/MiniOzoneClusterImpl-54451e80-538c-4519-a538-a89d0a6472e3/datanode-0/data/ratis/8c0deaf9-8ea3-43d2-9a3e-944305031b21: flushIndex: setUnconditionally 0 -> -1
2019-09-20 14:28:17,379 [pool-610-thread-1] INFO  server.RaftServerConfigKeys (ConfUtils.java:logGet(43)) - raft.server.snapshot.auto.trigger.enabled = true (custom)
2019-09-20 14:28:17,379 [pool-610-thread-1] INFO  server.RaftServerConfigKeys (ConfUtils.java:logGet(43)) - raft.server.snapshot.auto.trigger.threshold = 10000 (custom)
2019-09-20 14:28:17,379 [pool-610-thread-1] INFO  server.RaftServerConfigKeys (ConfUtils.java:logGet(43)) - raft.server.retrycache.expirytime = 600000ms (custom)
2019-09-20 14:28:17,380 [pool-610-thread-1] INFO  impl.RaftServerImpl (RaftServerImpl.java:start(180)) - 2809c2c2-ae59-4cd3-896b-694de5a9a212: start group-944305031B21
2019-09-20 14:28:17,380 [pool-610-thread-1] INFO  impl.RaftServerImpl (RaftServerImpl.java:setRole(171)) - 2809c2c2-ae59-4cd3-896b-694de5a9a212:group-944305031B21 changes role from null to FOLLOWER at term 0 for startAsFollower
2019-09-20 14:28:17,380 [pool-610-thread-1] INFO  impl.RoleInfo (RoleInfo.java:updateAndGet(143)) - 2809c2c2-ae59-4cd3-896b-694de5a9a212: start FollowerState
2019-09-20 14:28:17,380 [pool-610-thread-1] INFO  util.JmxRegister (JmxRegister.java:tryRegister(44)) - Successfully registered JMX Bean with object name Ratis:service=RaftServer,group=group-944305031B21,id=2809c2c2-ae59-4cd3-896b-694de5a9a212
2019-09-20 14:28:17,385 [RatisPipelineUtilsThread] INFO  pipeline.PipelineStateManager (PipelineStateManager.java:addPipeline(56)) - Created pipeline Pipeline[ Id: 8c0deaf9-8ea3-43d2-9a3e-944305031b21, Nodes: 2809c2c2-ae59-4cd3-896b-694de5a9a212{ip: 192.168.36.99, host: pr-hdds-1569-p5fx8-1226042367, networkLocation: /default-rack, certSerialId: null}, Type:RATIS, Factor:ONE, State:OPEN]
2019-09-20 14:28:17,391 [grpc-default-executor-0] INFO  impl.RaftServerProxy (RaftServerProxy.java:addNew(89)) - 2809c2c2-ae59-4cd3-896b-694de5a9a212: addNew group-6394AA28873E:[2809c2c2-ae59-4cd3-896b-694de5a9a212:192.168.36.99:42888] returns group-6394AA28873E:java.util.concurrent.CompletableFuture@1c73b333[Not completed]
2019-09-20 14:28:17,392 [pool-610-thread-1] INFO  impl.RaftServerImpl (RaftServerImpl.java:<init>(93)) - 2809c2c2-ae59-4cd3-896b-694de5a9a212: new RaftServerImpl for group-6394AA28873E:[2809c2c2-ae59-4cd3-896b-694de5a9a212:192.168.36.99:42888] with ContainerStateMachine:uninitialized
2019-09-20 14:28:17,392 [pool-610-thread-1] INFO  server.RaftServerConfigKeys (ConfUtils.java:logGet(43)) - raft.server.rpc.timeout.min = 5s (custom)
2019-09-20 14:28:17,392 [pool-610-thread-1] INFO  server.RaftServerConfigKeys (ConfUtils.java:logGet(43)) - raft.server.rpc.timeout.max = 5200ms (custom)
2019-09-20 14:28:17,392 [pool-610-thread-1] INFO  server.RaftServerConfigKeys (ConfUtils.java:logGet(43)) - raft.server.rpcslowness.timeout = 120s (custom)
2019-09-20 14:28:17,392 [pool-610-thread-1] INFO  server.RaftServerConfigKeys (ConfUtils.java:logGet(43)) - raft.server.sleep.deviation.threshold = 300 (default)
2019-09-20 14:28:17,392 [pool-610-thread-1] INFO  server.RaftServerConfigKeys (ConfUtils.java:logGet(43)) - raft.server.log.appender.install.snapshot.enabled = false (custom)
2019-09-20 14:28:17,392 [pool-610-thread-1] INFO  impl.RaftServerImpl (ServerState.java:<init>(105)) - 2809c2c2-ae59-4cd3-896b-694de5a9a212:group-6394AA28873E ConfigurationManager, init=-1: [2809c2c2-ae59-4cd3-896b-694de5a9a212:192.168.36.99:42888], old=null, confs=<EMPTY_MAP>
2019-09-20 14:28:17,392 [pool-610-thread-1] INFO  server.RaftServerConfigKeys (ConfUtils.java:logGet(43)) - raft.server.storage.dir = [/workdir/hadoop-ozone/ozonefs/target/test-dir/MiniOzoneClusterImpl-54451e80-538c-4519-a538-a89d0a6472e3/datanode-0/data/ratis] (custom)
2019-09-20 14:28:17,393 [pool-610-thread-1] INFO  storage.RaftStorageDirectory (RaftStorageDirectory.java:analyzeStorage(246)) - The storage directory /workdir/hadoop-ozone/ozonefs/target/test-dir/MiniOzoneClusterImpl-54451e80-538c-4519-a538-a89d0a6472e3/datanode-0/data/ratis/db8c3c81-3275-4844-bd98-6394aa28873e does not exist. Creating ...
2019-09-20 14:28:17,409 [pool-610-thread-1] INFO  storage.RaftStorageDirectory (RaftStorageDirectory.java:tryLock(328)) - Lock on /workdir/hadoop-ozone/ozonefs/target/test-dir/MiniOzoneClusterImpl-54451e80-538c-4519-a538-a89d0a6472e3/datanode-0/data/ratis/db8c3c81-3275-4844-bd98-6394aa28873e/in_use.lock acquired by nodename 21669@pr-hdds-1569-p5fx8-1226042367
2019-09-20 14:28:17,427 [pool-610-thread-1] INFO  storage.RaftStorage (RaftStorage.java:format(72)) - Storage directory /workdir/hadoop-ozone/ozonefs/target/test-dir/MiniOzoneClusterImpl-54451e80-538c-4519-a538-a89d0a6472e3/datanode-0/data/ratis/db8c3c81-3275-4844-bd98-6394aa28873e has been successfully formatted.
2019-09-20 14:28:17,427 [pool-610-thread-1] INFO  ratis.ContainerStateMachine (ContainerStateMachine.java:loadSnapshot(226)) - group-6394AA28873E: The snapshot info is null. Setting the last applied indexto:(t:0, i:~)
2019-09-20 14:28:17,427 [pool-610-thread-1] INFO  server.RaftServerConfigKeys (ConfUtils.java:logGet(43)) - raft.server.leader.election.timeout = 120s (custom)
2019-09-20 14:28:17,427 [pool-610-thread-1] INFO  server.RaftServerConfigKeys (ConfUtils.java:logGet(43)) - raft.server.log.use.memory = false (default)
2019-09-20 14:28:17,428 [pool-610-thread-1] INFO  server.RaftServerConfigKeys (ConfUtils.java:logGet(43)) - raft.server.log.purge.gap = 1000000 (custom)
2019-09-20 14:28:17,428 [pool-610-thread-1] INFO  server.RaftServerConfigKeys (ConfUtils.java:logGet(43)) - raft.server.log.appender.buffer.byte-limit = 33554432 (custom)
2019-09-20 14:28:17,428 [pool-610-thread-1] INFO  server.RaftServerConfigKeys (ConfUtils.java:logGet(43)) - raft.server.log.segment.size.max = 1048576 (custom)
2019-09-20 14:28:17,428 [pool-610-thread-1] INFO  server.RaftServerConfigKeys (ConfUtils.java:logGet(43)) - raft.server.log.segment.cache.num.max = 2 (custom)
2019-09-20 14:28:17,428 [pool-610-thread-1] INFO  segmented.SegmentedRaftLogWorker (SegmentedRaftLogWorker.java:<init>(172)) - new 2809c2c2-ae59-4cd3-896b-694de5a9a212-SegmentedRaftLogWorker:Storage Directory /workdir/hadoop-ozone/ozonefs/target/test-dir/MiniOzoneClusterImpl-54451e80-538c-4519-a538-a89d0a6472e3/datanode-0/data/ratis/db8c3c81-3275-4844-bd98-6394aa28873e for RaftStorage:Storage Directory /workdir/hadoop-ozone/ozonefs/target/test-dir/MiniOzoneClusterImpl-54451e80-538c-4519-a538-a89d0a6472e3/datanode-0/data/ratis/db8c3c81-3275-4844-bd98-6394aa28873e
2019-09-20 14:28:17,428 [pool-610-thread-1] INFO  server.RaftServerConfigKeys (ConfUtils.java:logGet(43)) - raft.server.log.queue.byte-limit = 2147483647 (custom)
2019-09-20 14:28:17,429 [pool-610-thread-1] INFO  server.RaftServerConfigKeys (ConfUtils.java:logGet(43)) - raft.server.log.queue.element-limit = 1024 (custom)
2019-09-20 14:28:17,429 [pool-610-thread-1] INFO  server.RaftServerConfigKeys (ConfUtils.java:logGet(43)) - raft.server.log.segment.size.max = 1048576 (custom)
2019-09-20 14:28:17,429 [pool-610-thread-1] INFO  server.RaftServerConfigKeys (ConfUtils.java:logGet(43)) - raft.server.log.preallocated.size = 16384 (custom)
2019-09-20 14:28:17,429 [pool-610-thread-1] INFO  server.RaftServerConfigKeys (ConfUtils.java:logGet(43)) - raft.server.log.write.buffer.size = 33554432 (custom)
2019-09-20 14:28:17,429 [pool-610-thread-1] INFO  server.RaftServerConfigKeys (ConfUtils.java:logGet(43)) - raft.server.log.force.sync.num = 128 (default)
2019-09-20 14:28:17,429 [pool-610-thread-1] INFO  server.RaftServerConfigKeys (ConfUtils.java:logGet(43)) - raft.server.log.statemachine.data.sync = true (default)
2019-09-20 14:28:17,430 [pool-610-thread-1] INFO  server.RaftServerConfigKeys (ConfUtils.java:logGet(43)) - raft.server.log.statemachine.data.sync.timeout = 10s (default)
2019-09-20 14:28:17,430 [pool-610-thread-1] INFO  server.RaftServerConfigKeys (ConfUtils.java:logGet(43)) - raft.server.log.statemachine.data.sync.timeout.retry = -1 (default)
2019-09-20 14:28:17,430 [pool-610-thread-1] INFO  server.RaftServerConfigKeys (ConfUtils.java:logGet(43)) - raft.server.log.statemachine.data.caching.enabled = true (custom)
2019-09-20 14:28:17,430 [pool-610-thread-1] INFO  segmented.SegmentedRaftLogWorker (SegmentedRaftLogWorker.java:lambda$new$0(132)) - 2809c2c2-ae59-4cd3-896b-694de5a9a212-SegmentedRaftLogWorker:Storage Directory /workdir/hadoop-ozone/ozonefs/target/test-dir/MiniOzoneClusterImpl-54451e80-538c-4519-a538-a89d0a6472e3/datanode-0/data/ratis/db8c3c81-3275-4844-bd98-6394aa28873e: flushIndex: setUnconditionally 0 -> -1
2019-09-20 14:28:17,431 [pool-610-thread-1] INFO  server.RaftServerConfigKeys (ConfUtils.java:logGet(43)) - raft.server.snapshot.auto.trigger.enabled = true (custom)
2019-09-20 14:28:17,431 [pool-610-thread-1] INFO  server.RaftServerConfigKeys (ConfUtils.java:logGet(43)) - raft.server.snapshot.auto.trigger.threshold = 10000 (custom)
2019-09-20 14:28:17,431 [pool-610-thread-1] INFO  server.RaftServerConfigKeys (ConfUtils.java:logGet(43)) - raft.server.retrycache.expirytime = 600000ms (custom)
2019-09-20 14:28:17,431 [pool-610-thread-1] INFO  impl.RaftServerImpl (RaftServerImpl.java:start(180)) - 2809c2c2-ae59-4cd3-896b-694de5a9a212: start group-6394AA28873E
2019-09-20 14:28:17,431 [pool-610-thread-1] INFO  impl.RaftServerImpl (RaftServerImpl.java:setRole(171)) - 2809c2c2-ae59-4cd3-896b-694de5a9a212:group-6394AA28873E changes role from null to FOLLOWER at term 0 for startAsFollower
2019-09-20 14:28:17,432 [pool-610-thread-1] INFO  impl.RoleInfo (RoleInfo.java:updateAndGet(143)) - 2809c2c2-ae59-4cd3-896b-694de5a9a212: start FollowerState
2019-09-20 14:28:17,432 [pool-610-thread-1] INFO  util.JmxRegister (JmxRegister.java:tryRegister(44)) - Successfully registered JMX Bean with object name Ratis:service=RaftServer,group=group-6394AA28873E,id=2809c2c2-ae59-4cd3-896b-694de5a9a212
2019-09-20 14:28:17,435 [RatisPipelineUtilsThread] INFO  pipeline.PipelineStateManager (PipelineStateManager.java:addPipeline(56)) - Created pipeline Pipeline[ Id: db8c3c81-3275-4844-bd98-6394aa28873e, Nodes: 2809c2c2-ae59-4cd3-896b-694de5a9a212{ip: 192.168.36.99, host: pr-hdds-1569-p5fx8-1226042367, networkLocation: /default-rack, certSerialId: null}, Type:RATIS, Factor:ONE, State:OPEN]
2019-09-20 14:28:17,441 [grpc-default-executor-0] INFO  impl.RaftServerProxy (RaftServerProxy.java:addNew(89)) - 2809c2c2-ae59-4cd3-896b-694de5a9a212: addNew group-0594175F2BC2:[2809c2c2-ae59-4cd3-896b-694de5a9a212:192.168.36.99:42888] returns group-0594175F2BC2:java.util.concurrent.CompletableFuture@4d3b0281[Not completed]
2019-09-20 14:28:17,442 [pool-610-thread-1] INFO  impl.RaftServerImpl (RaftServerImpl.java:<init>(93)) - 2809c2c2-ae59-4cd3-896b-694de5a9a212: new RaftServerImpl for group-0594175F2BC2:[2809c2c2-ae59-4cd3-896b-694de5a9a212:192.168.36.99:42888] with ContainerStateMachine:uninitialized
2019-09-20 14:28:17,443 [pool-610-thread-1] INFO  server.RaftServerConfigKeys (ConfUtils.java:logGet(43)) - raft.server.rpc.timeout.min = 5s (custom)
2019-09-20 14:28:17,443 [pool-610-thread-1] INFO  server.RaftServerConfigKeys (ConfUtils.java:logGet(43)) - raft.server.rpc.timeout.max = 5200ms (custom)
2019-09-20 14:28:17,443 [pool-610-thread-1] INFO  server.RaftServerConfigKeys (ConfUtils.java:logGet(43)) - raft.server.rpcslowness.timeout = 120s (custom)
2019-09-20 14:28:17,443 [pool-610-thread-1] INFO  server.RaftServerConfigKeys (ConfUtils.java:logGet(43)) - raft.server.sleep.deviation.threshold = 300 (default)
2019-09-20 14:28:17,443 [pool-610-thread-1] INFO  server.RaftServerConfigKeys (ConfUtils.java:logGet(43)) - raft.server.log.appender.install.snapshot.enabled = false (custom)
2019-09-20 14:28:17,443 [pool-610-thread-1] INFO  impl.RaftServerImpl (ServerState.java:<init>(105)) - 2809c2c2-ae59-4cd3-896b-694de5a9a212:group-0594175F2BC2 ConfigurationManager, init=-1: [2809c2c2-ae59-4cd3-896b-694de5a9a212:192.168.36.99:42888], old=null, confs=<EMPTY_MAP>
2019-09-20 14:28:17,443 [pool-610-thread-1] INFO  server.RaftServerConfigKeys (ConfUtils.java:logGet(43)) - raft.server.storage.dir = [/workdir/hadoop-ozone/ozonefs/target/test-dir/MiniOzoneClusterImpl-54451e80-538c-4519-a538-a89d0a6472e3/datanode-0/data/ratis] (custom)
2019-09-20 14:28:17,444 [pool-610-thread-1] INFO  storage.RaftStorageDirectory (RaftStorageDirectory.java:analyzeStorage(246)) - The storage directory /workdir/hadoop-ozone/ozonefs/target/test-dir/MiniOzoneClusterImpl-54451e80-538c-4519-a538-a89d0a6472e3/datanode-0/data/ratis/4a5ebb96-8c8e-44a8-bc06-0594175f2bc2 does not exist. Creating ...
2019-09-20 14:28:17,461 [pool-610-thread-1] INFO  storage.RaftStorageDirectory (RaftStorageDirectory.java:tryLock(328)) - Lock on /workdir/hadoop-ozone/ozonefs/target/test-dir/MiniOzoneClusterImpl-54451e80-538c-4519-a538-a89d0a6472e3/datanode-0/data/ratis/4a5ebb96-8c8e-44a8-bc06-0594175f2bc2/in_use.lock acquired by nodename 21669@pr-hdds-1569-p5fx8-1226042367
2019-09-20 14:28:17,481 [pool-610-thread-1] INFO  storage.RaftStorage (RaftStorage.java:format(72)) - Storage directory /workdir/hadoop-ozone/ozonefs/target/test-dir/MiniOzoneClusterImpl-54451e80-538c-4519-a538-a89d0a6472e3/datanode-0/data/ratis/4a5ebb96-8c8e-44a8-bc06-0594175f2bc2 has been successfully formatted.
2019-09-20 14:28:17,481 [pool-610-thread-1] INFO  ratis.ContainerStateMachine (ContainerStateMachine.java:loadSnapshot(226)) - group-0594175F2BC2: The snapshot info is null. Setting the last applied indexto:(t:0, i:~)
2019-09-20 14:28:17,481 [pool-610-thread-1] INFO  server.RaftServerConfigKeys (ConfUtils.java:logGet(43)) - raft.server.leader.election.timeout = 120s (custom)
2019-09-20 14:28:17,481 [pool-610-thread-1] INFO  server.RaftServerConfigKeys (ConfUtils.java:logGet(43)) - raft.server.log.use.memory = false (default)
2019-09-20 14:28:17,481 [pool-610-thread-1] INFO  server.RaftServerConfigKeys (ConfUtils.java:logGet(43)) - raft.server.log.purge.gap = 1000000 (custom)
2019-09-20 14:28:17,482 [pool-610-thread-1] INFO  server.RaftServerConfigKeys (ConfUtils.java:logGet(43)) - raft.server.log.appender.buffer.byte-limit = 33554432 (custom)
2019-09-20 14:28:17,482 [pool-610-thread-1] INFO  server.RaftServerConfigKeys (ConfUtils.java:logGet(43)) - raft.server.log.segment.size.max = 1048576 (custom)
2019-09-20 14:28:17,482 [pool-610-thread-1] INFO  server.RaftServerConfigKeys (ConfUtils.java:logGet(43)) - raft.server.log.segment.cache.num.max = 2 (custom)
2019-09-20 14:28:17,482 [pool-610-thread-1] INFO  segmented.SegmentedRaftLogWorker (SegmentedRaftLogWorker.java:<init>(172)) - new 2809c2c2-ae59-4cd3-896b-694de5a9a212-SegmentedRaftLogWorker:Storage Directory /workdir/hadoop-ozone/ozonefs/target/test-dir/MiniOzoneClusterImpl-54451e80-538c-4519-a538-a89d0a6472e3/datanode-0/data/ratis/4a5ebb96-8c8e-44a8-bc06-0594175f2bc2 for RaftStorage:Storage Directory /workdir/hadoop-ozone/ozonefs/target/test-dir/MiniOzoneClusterImpl-54451e80-538c-4519-a538-a89d0a6472e3/datanode-0/data/ratis/4a5ebb96-8c8e-44a8-bc06-0594175f2bc2
2019-09-20 14:28:17,482 [pool-610-thread-1] INFO  server.RaftServerConfigKeys (ConfUtils.java:logGet(43)) - raft.server.log.queue.byte-limit = 2147483647 (custom)
2019-09-20 14:28:17,482 [pool-610-thread-1] INFO  server.RaftServerConfigKeys (ConfUtils.java:logGet(43)) - raft.server.log.queue.element-limit = 1024 (custom)
2019-09-20 14:28:17,482 [pool-610-thread-1] INFO  server.RaftServerConfigKeys (ConfUtils.java:logGet(43)) - raft.server.log.segment.size.max = 1048576 (custom)
2019-09-20 14:28:17,482 [pool-610-thread-1] INFO  server.RaftServerConfigKeys (ConfUtils.java:logGet(43)) - raft.server.log.preallocated.size = 16384 (custom)
2019-09-20 14:28:17,482 [pool-610-thread-1] INFO  server.RaftServerConfigKeys (ConfUtils.java:logGet(43)) - raft.server.log.write.buffer.size = 33554432 (custom)
2019-09-20 14:28:17,483 [pool-610-thread-1] INFO  server.RaftServerConfigKeys (ConfUtils.java:logGet(43)) - raft.server.log.force.sync.num = 128 (default)
2019-09-20 14:28:17,483 [pool-610-thread-1] INFO  server.RaftServerConfigKeys (ConfUtils.java:logGet(43)) - raft.server.log.statemachine.data.sync = true (default)
2019-09-20 14:28:17,483 [pool-610-thread-1] INFO  server.RaftServerConfigKeys (ConfUtils.java:logGet(43)) - raft.server.log.statemachine.data.sync.timeout = 10s (default)
2019-09-20 14:28:17,483 [pool-610-thread-1] INFO  server.RaftServerConfigKeys (ConfUtils.java:logGet(43)) - raft.server.log.statemachine.data.sync.timeout.retry = -1 (default)
2019-09-20 14:28:17,483 [pool-610-thread-1] INFO  server.RaftServerConfigKeys (ConfUtils.java:logGet(43)) - raft.server.log.statemachine.data.caching.enabled = true (custom)
2019-09-20 14:28:17,483 [pool-610-thread-1] INFO  segmented.SegmentedRaftLogWorker (SegmentedRaftLogWorker.java:lambda$new$0(132)) - 2809c2c2-ae59-4cd3-896b-694de5a9a212-SegmentedRaftLogWorker:Storage Directory /workdir/hadoop-ozone/ozonefs/target/test-dir/MiniOzoneClusterImpl-54451e80-538c-4519-a538-a89d0a6472e3/datanode-0/data/ratis/4a5ebb96-8c8e-44a8-bc06-0594175f2bc2: flushIndex: setUnconditionally 0 -> -1
2019-09-20 14:28:17,484 [pool-610-thread-1] INFO  server.RaftServerConfigKeys (ConfUtils.java:logGet(43)) - raft.server.snapshot.auto.trigger.enabled = true (custom)
2019-09-20 14:28:17,484 [pool-610-thread-1] INFO  server.RaftServerConfigKeys (ConfUtils.java:logGet(43)) - raft.server.snapshot.auto.trigger.threshold = 10000 (custom)
2019-09-20 14:28:17,484 [pool-610-thread-1] INFO  server.RaftServerConfigKeys (ConfUtils.java:logGet(43)) - raft.server.retrycache.expirytime = 600000ms (custom)
2019-09-20 14:28:17,484 [pool-610-thread-1] INFO  impl.RaftServerImpl (RaftServerImpl.java:start(180)) - 2809c2c2-ae59-4cd3-896b-694de5a9a212: start group-0594175F2BC2
2019-09-20 14:28:17,484 [pool-610-thread-1] INFO  impl.RaftServerImpl (RaftServerImpl.java:setRole(171)) - 2809c2c2-ae59-4cd3-896b-694de5a9a212:group-0594175F2BC2 changes role from null to FOLLOWER at term 0 for startAsFollower
2019-09-20 14:28:17,484 [pool-610-thread-1] INFO  impl.RoleInfo (RoleInfo.java:updateAndGet(143)) - 2809c2c2-ae59-4cd3-896b-694de5a9a212: start FollowerState
2019-09-20 14:28:17,485 [pool-610-thread-1] INFO  util.JmxRegister (JmxRegister.java:tryRegister(44)) - Successfully registered JMX Bean with object name Ratis:service=RaftServer,group=group-0594175F2BC2,id=2809c2c2-ae59-4cd3-896b-694de5a9a212
2019-09-20 14:28:17,488 [RatisPipelineUtilsThread] INFO  pipeline.PipelineStateManager (PipelineStateManager.java:addPipeline(56)) - Created pipeline Pipeline[ Id: 4a5ebb96-8c8e-44a8-bc06-0594175f2bc2, Nodes: 2809c2c2-ae59-4cd3-896b-694de5a9a212{ip: 192.168.36.99, host: pr-hdds-1569-p5fx8-1226042367, networkLocation: /default-rack, certSerialId: null}, Type:RATIS, Factor:ONE, State:OPEN]
2019-09-20 14:28:17,496 [grpc-default-executor-0] INFO  impl.RaftServerProxy (RaftServerProxy.java:addNew(89)) - 2809c2c2-ae59-4cd3-896b-694de5a9a212: addNew group-D8B511EF0B8D:[2809c2c2-ae59-4cd3-896b-694de5a9a212:192.168.36.99:42888] returns group-D8B511EF0B8D:java.util.concurrent.CompletableFuture@40f11a19[Not completed]
2019-09-20 14:28:17,497 [pool-610-thread-1] INFO  impl.RaftServerImpl (RaftServerImpl.java:<init>(93)) - 2809c2c2-ae59-4cd3-896b-694de5a9a212: new RaftServerImpl for group-D8B511EF0B8D:[2809c2c2-ae59-4cd3-896b-694de5a9a212:192.168.36.99:42888] with ContainerStateMachine:uninitialized
2019-09-20 14:28:17,497 [pool-610-thread-1] INFO  server.RaftServerConfigKeys (ConfUtils.java:logGet(43)) - raft.server.rpc.timeout.min = 5s (custom)
2019-09-20 14:28:17,497 [pool-610-thread-1] INFO  server.RaftServerConfigKeys (ConfUtils.java:logGet(43)) - raft.server.rpc.timeout.max = 5200ms (custom)
2019-09-20 14:28:17,497 [pool-610-thread-1] INFO  server.RaftServerConfigKeys (ConfUtils.java:logGet(43)) - raft.server.rpcslowness.timeout = 120s (custom)
2019-09-20 14:28:17,497 [pool-610-thread-1] INFO  server.RaftServerConfigKeys (ConfUtils.java:logGet(43)) - raft.server.sleep.deviation.threshold = 300 (default)
2019-09-20 14:28:17,497 [pool-610-thread-1] INFO  server.RaftServerConfigKeys (ConfUtils.java:logGet(43)) - raft.server.log.appender.install.snapshot.enabled = false (custom)
2019-09-20 14:28:17,498 [pool-610-thread-1] INFO  impl.RaftServerImpl (ServerState.java:<init>(105)) - 2809c2c2-ae59-4cd3-896b-694de5a9a212:group-D8B511EF0B8D ConfigurationManager, init=-1: [2809c2c2-ae59-4cd3-896b-694de5a9a212:192.168.36.99:42888], old=null, confs=<EMPTY_MAP>
2019-09-20 14:28:17,498 [pool-610-thread-1] INFO  server.RaftServerConfigKeys (ConfUtils.java:logGet(43)) - raft.server.storage.dir = [/workdir/hadoop-ozone/ozonefs/target/test-dir/MiniOzoneClusterImpl-54451e80-538c-4519-a538-a89d0a6472e3/datanode-0/data/ratis] (custom)
2019-09-20 14:28:17,498 [pool-610-thread-1] INFO  storage.RaftStorageDirectory (RaftStorageDirectory.java:analyzeStorage(246)) - The storage directory /workdir/hadoop-ozone/ozonefs/target/test-dir/MiniOzoneClusterImpl-54451e80-538c-4519-a538-a89d0a6472e3/datanode-0/data/ratis/09c61aa4-8130-4988-a93b-d8b511ef0b8d does not exist. Creating ...
2019-09-20 14:28:17,507 [pool-610-thread-1] INFO  storage.RaftStorageDirectory (RaftStorageDirectory.java:tryLock(328)) - Lock on /workdir/hadoop-ozone/ozonefs/target/test-dir/MiniOzoneClusterImpl-54451e80-538c-4519-a538-a89d0a6472e3/datanode-0/data/ratis/09c61aa4-8130-4988-a93b-d8b511ef0b8d/in_use.lock acquired by nodename 21669@pr-hdds-1569-p5fx8-1226042367
2019-09-20 14:28:17,518 [pool-610-thread-1] INFO  storage.RaftStorage (RaftStorage.java:format(72)) - Storage directory /workdir/hadoop-ozone/ozonefs/target/test-dir/MiniOzoneClusterImpl-54451e80-538c-4519-a538-a89d0a6472e3/datanode-0/data/ratis/09c61aa4-8130-4988-a93b-d8b511ef0b8d has been successfully formatted.
2019-09-20 14:28:17,518 [pool-610-thread-1] INFO  ratis.ContainerStateMachine (ContainerStateMachine.java:loadSnapshot(226)) - group-D8B511EF0B8D: The snapshot info is null. Setting the last applied indexto:(t:0, i:~)
2019-09-20 14:28:17,518 [pool-610-thread-1] INFO  server.RaftServerConfigKeys (ConfUtils.java:logGet(43)) - raft.server.leader.election.timeout = 120s (custom)
2019-09-20 14:28:17,518 [pool-610-thread-1] INFO  server.RaftServerConfigKeys (ConfUtils.java:logGet(43)) - raft.server.log.use.memory = false (default)
2019-09-20 14:28:17,518 [pool-610-thread-1] INFO  server.RaftServerConfigKeys (ConfUtils.java:logGet(43)) - raft.server.log.purge.gap = 1000000 (custom)
2019-09-20 14:28:17,518 [pool-610-thread-1] INFO  server.RaftServerConfigKeys (ConfUtils.java:logGet(43)) - raft.server.log.appender.buffer.byte-limit = 33554432 (custom)
2019-09-20 14:28:17,519 [pool-610-thread-1] INFO  server.RaftServerConfigKeys (ConfUtils.java:logGet(43)) - raft.server.log.segment.size.max = 1048576 (custom)
2019-09-20 14:28:17,519 [pool-610-thread-1] INFO  server.RaftServerConfigKeys (ConfUtils.java:logGet(43)) - raft.server.log.segment.cache.num.max = 2 (custom)
2019-09-20 14:28:17,519 [pool-610-thread-1] INFO  segmented.SegmentedRaftLogWorker (SegmentedRaftLogWorker.java:<init>(172)) - new 2809c2c2-ae59-4cd3-896b-694de5a9a212-SegmentedRaftLogWorker:Storage Directory /workdir/hadoop-ozone/ozonefs/target/test-dir/MiniOzoneClusterImpl-54451e80-538c-4519-a538-a89d0a6472e3/datanode-0/data/ratis/09c61aa4-8130-4988-a93b-d8b511ef0b8d for RaftStorage:Storage Directory /workdir/hadoop-ozone/ozonefs/target/test-dir/MiniOzoneClusterImpl-54451e80-538c-4519-a538-a89d0a6472e3/datanode-0/data/ratis/09c61aa4-8130-4988-a93b-d8b511ef0b8d
2019-09-20 14:28:17,519 [pool-610-thread-1] INFO  server.RaftServerConfigKeys (ConfUtils.java:logGet(43)) - raft.server.log.queue.byte-limit = 2147483647 (custom)
2019-09-20 14:28:17,519 [pool-610-thread-1] INFO  server.RaftServerConfigKeys (ConfUtils.java:logGet(43)) - raft.server.log.queue.element-limit = 1024 (custom)
2019-09-20 14:28:17,519 [pool-610-thread-1] INFO  server.RaftServerConfigKeys (ConfUtils.java:logGet(43)) - raft.server.log.segment.size.max = 1048576 (custom)
2019-09-20 14:28:17,519 [pool-610-thread-1] INFO  server.RaftServerConfigKeys (ConfUtils.java:logGet(43)) - raft.server.log.preallocated.size = 16384 (custom)
2019-09-20 14:28:17,519 [pool-610-thread-1] INFO  server.RaftServerConfigKeys (ConfUtils.java:logGet(43)) - raft.server.log.write.buffer.size = 33554432 (custom)
2019-09-20 14:28:17,520 [pool-610-thread-1] INFO  server.RaftServerConfigKeys (ConfUtils.java:logGet(43)) - raft.server.log.force.sync.num = 128 (default)
2019-09-20 14:28:17,520 [pool-610-thread-1] INFO  server.RaftServerConfigKeys (ConfUtils.java:logGet(43)) - raft.server.log.statemachine.data.sync = true (default)
2019-09-20 14:28:17,520 [pool-610-thread-1] INFO  server.RaftServerConfigKeys (ConfUtils.java:logGet(43)) - raft.server.log.statemachine.data.sync.timeout = 10s (default)
2019-09-20 14:28:17,520 [pool-610-thread-1] INFO  server.RaftServerConfigKeys (ConfUtils.java:logGet(43)) - raft.server.log.statemachine.data.sync.timeout.retry = -1 (default)
2019-09-20 14:28:17,520 [pool-610-thread-1] INFO  server.RaftServerConfigKeys (ConfUtils.java:logGet(43)) - raft.server.log.statemachine.data.caching.enabled = true (custom)
2019-09-20 14:28:17,520 [pool-610-thread-1] INFO  segmented.SegmentedRaftLogWorker (SegmentedRaftLogWorker.java:lambda$new$0(132)) - 2809c2c2-ae59-4cd3-896b-694de5a9a212-SegmentedRaftLogWorker:Storage Directory /workdir/hadoop-ozone/ozonefs/target/test-dir/MiniOzoneClusterImpl-54451e80-538c-4519-a538-a89d0a6472e3/datanode-0/data/ratis/09c61aa4-8130-4988-a93b-d8b511ef0b8d: flushIndex: setUnconditionally 0 -> -1
2019-09-20 14:28:17,521 [pool-610-thread-1] INFO  server.RaftServerConfigKeys (ConfUtils.java:logGet(43)) - raft.server.snapshot.auto.trigger.enabled = true (custom)
2019-09-20 14:28:17,521 [pool-610-thread-1] INFO  server.RaftServerConfigKeys (ConfUtils.java:logGet(43)) - raft.server.snapshot.auto.trigger.threshold = 10000 (custom)
2019-09-20 14:28:17,521 [pool-610-thread-1] INFO  server.RaftServerConfigKeys (ConfUtils.java:logGet(43)) - raft.server.retrycache.expirytime = 600000ms (custom)
2019-09-20 14:28:17,521 [pool-610-thread-1] INFO  impl.RaftServerImpl (RaftServerImpl.java:start(180)) - 2809c2c2-ae59-4cd3-896b-694de5a9a212: start group-D8B511EF0B8D
2019-09-20 14:28:17,521 [pool-610-thread-1] INFO  impl.RaftServerImpl (RaftServerImpl.java:setRole(171)) - 2809c2c2-ae59-4cd3-896b-694de5a9a212:group-D8B511EF0B8D changes role from null to FOLLOWER at term 0 for startAsFollower
2019-09-20 14:28:17,521 [pool-610-thread-1] INFO  impl.RoleInfo (RoleInfo.java:updateAndGet(143)) - 2809c2c2-ae59-4cd3-896b-694de5a9a212: start FollowerState
2019-09-20 14:28:17,522 [pool-610-thread-1] INFO  util.JmxRegister (JmxRegister.java:tryRegister(44)) - Successfully registered JMX Bean with object name Ratis:service=RaftServer,group=group-D8B511EF0B8D,id=2809c2c2-ae59-4cd3-896b-694de5a9a212
2019-09-20 14:28:17,524 [RatisPipelineUtilsThread] INFO  pipeline.PipelineStateManager (PipelineStateManager.java:addPipeline(56)) - Created pipeline Pipeline[ Id: 09c61aa4-8130-4988-a93b-d8b511ef0b8d, Nodes: 2809c2c2-ae59-4cd3-896b-694de5a9a212{ip: 192.168.36.99, host: pr-hdds-1569-p5fx8-1226042367, networkLocation: /default-rack, certSerialId: null}, Type:RATIS, Factor:ONE, State:OPEN]
2019-09-20 14:28:17,530 [grpc-default-executor-0] INFO  impl.RaftServerProxy (RaftServerProxy.java:addNew(89)) - 2809c2c2-ae59-4cd3-896b-694de5a9a212: addNew group-5F23EE7DFD90:[2809c2c2-ae59-4cd3-896b-694de5a9a212:192.168.36.99:42888] returns group-5F23EE7DFD90:java.util.concurrent.CompletableFuture@4975bb0b[Not completed]
2019-09-20 14:28:17,531 [pool-610-thread-1] INFO  impl.RaftServerImpl (RaftServerImpl.java:<init>(93)) - 2809c2c2-ae59-4cd3-896b-694de5a9a212: new RaftServerImpl for group-5F23EE7DFD90:[2809c2c2-ae59-4cd3-896b-694de5a9a212:192.168.36.99:42888] with ContainerStateMachine:uninitialized
2019-09-20 14:28:17,531 [pool-610-thread-1] INFO  server.RaftServerConfigKeys (ConfUtils.java:logGet(43)) - raft.server.rpc.timeout.min = 5s (custom)
2019-09-20 14:28:17,531 [pool-610-thread-1] INFO  server.RaftServerConfigKeys (ConfUtils.java:logGet(43)) - raft.server.rpc.timeout.max = 5200ms (custom)
2019-09-20 14:28:17,532 [pool-610-thread-1] INFO  server.RaftServerConfigKeys (ConfUtils.java:logGet(43)) - raft.server.rpcslowness.timeout = 120s (custom)
2019-09-20 14:28:17,532 [pool-610-thread-1] INFO  server.RaftServerConfigKeys (ConfUtils.java:logGet(43)) - raft.server.sleep.deviation.threshold = 300 (default)
2019-09-20 14:28:17,532 [pool-610-thread-1] INFO  server.RaftServerConfigKeys (ConfUtils.java:logGet(43)) - raft.server.log.appender.install.snapshot.enabled = false (custom)
2019-09-20 14:28:17,532 [pool-610-thread-1] INFO  impl.RaftServerImpl (ServerState.java:<init>(105)) - 2809c2c2-ae59-4cd3-896b-694de5a9a212:group-5F23EE7DFD90 ConfigurationManager, init=-1: [2809c2c2-ae59-4cd3-896b-694de5a9a212:192.168.36.99:42888], old=null, confs=<EMPTY_MAP>
2019-09-20 14:28:17,532 [pool-610-thread-1] INFO  server.RaftServerConfigKeys (ConfUtils.java:logGet(43)) - raft.server.storage.dir = [/workdir/hadoop-ozone/ozonefs/target/test-dir/MiniOzoneClusterImpl-54451e80-538c-4519-a538-a89d0a6472e3/datanode-0/data/ratis] (custom)
2019-09-20 14:28:17,532 [pool-610-thread-1] INFO  storage.RaftStorageDirectory (RaftStorageDirectory.java:analyzeStorage(246)) - The storage directory /workdir/hadoop-ozone/ozonefs/target/test-dir/MiniOzoneClusterImpl-54451e80-538c-4519-a538-a89d0a6472e3/datanode-0/data/ratis/82f74e79-e82f-4677-928f-5f23ee7dfd90 does not exist. Creating ...
2019-09-20 14:28:17,535 [IPC Server handler 0 on 33047] INFO  net.NetworkTopology (NetworkTopologyImpl.java:add(110)) - Added a new node: /default-rack/49dcdc92-38f9-4214-ac53-ad04882e13af
2019-09-20 14:28:17,535 [IPC Server handler 0 on 33047] INFO  node.SCMNodeManager (SCMNodeManager.java:register(273)) - Registered Data node : 49dcdc92-38f9-4214-ac53-ad04882e13af{ip: 192.168.36.99, host: pr-hdds-1569-p5fx8-1226042367, networkLocation: /default-rack, certSerialId: null}
2019-09-20 14:28:17,535 | INFO  | SCMAudit | user=jenkins1000 | ip=192.168.36.99 | op=REGISTER {datanodeDetails=49dcdc92-38f9-4214-ac53-ad04882e13af{ip: 192.168.36.99, host: pr-hdds-1569-p5fx8-1226042367, networkLocation: /default-rack, certSerialId: null}} | ret=SUCCESS |  
2019-09-20 14:28:17,540 [pool-610-thread-1] INFO  storage.RaftStorageDirectory (RaftStorageDirectory.java:tryLock(328)) - Lock on /workdir/hadoop-ozone/ozonefs/target/test-dir/MiniOzoneClusterImpl-54451e80-538c-4519-a538-a89d0a6472e3/datanode-0/data/ratis/82f74e79-e82f-4677-928f-5f23ee7dfd90/in_use.lock acquired by nodename 21669@pr-hdds-1569-p5fx8-1226042367
2019-09-20 14:28:17,567 [pool-610-thread-1] INFO  storage.RaftStorage (RaftStorage.java:format(72)) - Storage directory /workdir/hadoop-ozone/ozonefs/target/test-dir/MiniOzoneClusterImpl-54451e80-538c-4519-a538-a89d0a6472e3/datanode-0/data/ratis/82f74e79-e82f-4677-928f-5f23ee7dfd90 has been successfully formatted.
2019-09-20 14:28:17,567 [pool-610-thread-1] INFO  ratis.ContainerStateMachine (ContainerStateMachine.java:loadSnapshot(226)) - group-5F23EE7DFD90: The snapshot info is null. Setting the last applied indexto:(t:0, i:~)
2019-09-20 14:28:17,567 [pool-610-thread-1] INFO  server.RaftServerConfigKeys (ConfUtils.java:logGet(43)) - raft.server.leader.election.timeout = 120s (custom)
2019-09-20 14:28:17,568 [pool-610-thread-1] INFO  server.RaftServerConfigKeys (ConfUtils.java:logGet(43)) - raft.server.log.use.memory = false (default)
2019-09-20 14:28:17,568 [pool-610-thread-1] INFO  server.RaftServerConfigKeys (ConfUtils.java:logGet(43)) - raft.server.log.purge.gap = 1000000 (custom)
2019-09-20 14:28:17,568 [pool-610-thread-1] INFO  server.RaftServerConfigKeys (ConfUtils.java:logGet(43)) - raft.server.log.appender.buffer.byte-limit = 33554432 (custom)
2019-09-20 14:28:17,568 [pool-610-thread-1] INFO  server.RaftServerConfigKeys (ConfUtils.java:logGet(43)) - raft.server.log.segment.size.max = 1048576 (custom)
2019-09-20 14:28:17,568 [pool-610-thread-1] INFO  server.RaftServerConfigKeys (ConfUtils.java:logGet(43)) - raft.server.log.segment.cache.num.max = 2 (custom)
2019-09-20 14:28:17,569 [pool-610-thread-1] INFO  segmented.SegmentedRaftLogWorker (SegmentedRaftLogWorker.java:<init>(172)) - new 2809c2c2-ae59-4cd3-896b-694de5a9a212-SegmentedRaftLogWorker:Storage Directory /workdir/hadoop-ozone/ozonefs/target/test-dir/MiniOzoneClusterImpl-54451e80-538c-4519-a538-a89d0a6472e3/datanode-0/data/ratis/82f74e79-e82f-4677-928f-5f23ee7dfd90 for RaftStorage:Storage Directory /workdir/hadoop-ozone/ozonefs/target/test-dir/MiniOzoneClusterImpl-54451e80-538c-4519-a538-a89d0a6472e3/datanode-0/data/ratis/82f74e79-e82f-4677-928f-5f23ee7dfd90
2019-09-20 14:28:17,569 [pool-610-thread-1] INFO  server.RaftServerConfigKeys (ConfUtils.java:logGet(43)) - raft.server.log.queue.byte-limit = 2147483647 (custom)
2019-09-20 14:28:17,569 [pool-610-thread-1] INFO  server.RaftServerConfigKeys (ConfUtils.java:logGet(43)) - raft.server.log.queue.element-limit = 1024 (custom)
2019-09-20 14:28:17,569 [pool-610-thread-1] INFO  server.RaftServerConfigKeys (ConfUtils.java:logGet(43)) - raft.server.log.segment.size.max = 1048576 (custom)
2019-09-20 14:28:17,569 [pool-610-thread-1] INFO  server.RaftServerConfigKeys (ConfUtils.java:logGet(43)) - raft.server.log.preallocated.size = 16384 (custom)
2019-09-20 14:28:17,569 [pool-610-thread-1] INFO  server.RaftServerConfigKeys (ConfUtils.java:logGet(43)) - raft.server.log.write.buffer.size = 33554432 (custom)
2019-09-20 14:28:17,570 [pool-610-thread-1] INFO  server.RaftServerConfigKeys (ConfUtils.java:logGet(43)) - raft.server.log.force.sync.num = 128 (default)
2019-09-20 14:28:17,570 [pool-610-thread-1] INFO  server.RaftServerConfigKeys (ConfUtils.java:logGet(43)) - raft.server.log.statemachine.data.sync = true (default)
2019-09-20 14:28:17,570 [pool-610-thread-1] INFO  server.RaftServerConfigKeys (ConfUtils.java:logGet(43)) - raft.server.log.statemachine.data.sync.timeout = 10s (default)
2019-09-20 14:28:17,570 [pool-610-thread-1] INFO  server.RaftServerConfigKeys (ConfUtils.java:logGet(43)) - raft.server.log.statemachine.data.sync.timeout.retry = -1 (default)
2019-09-20 14:28:17,570 [pool-610-thread-1] INFO  server.RaftServerConfigKeys (ConfUtils.java:logGet(43)) - raft.server.log.statemachine.data.caching.enabled = true (custom)
2019-09-20 14:28:17,571 [pool-610-thread-1] INFO  segmented.SegmentedRaftLogWorker (SegmentedRaftLogWorker.java:lambda$new$0(132)) - 2809c2c2-ae59-4cd3-896b-694de5a9a212-SegmentedRaftLogWorker:Storage Directory /workdir/hadoop-ozone/ozonefs/target/test-dir/MiniOzoneClusterImpl-54451e80-538c-4519-a538-a89d0a6472e3/datanode-0/data/ratis/82f74e79-e82f-4677-928f-5f23ee7dfd90: flushIndex: setUnconditionally 0 -> -1
2019-09-20 14:28:17,571 [pool-610-thread-1] INFO  server.RaftServerConfigKeys (ConfUtils.java:logGet(43)) - raft.server.snapshot.auto.trigger.enabled = true (custom)
2019-09-20 14:28:17,571 [pool-610-thread-1] INFO  server.RaftServerConfigKeys (ConfUtils.java:logGet(43)) - raft.server.snapshot.auto.trigger.threshold = 10000 (custom)
2019-09-20 14:28:17,572 [pool-610-thread-1] INFO  server.RaftServerConfigKeys (ConfUtils.java:logGet(43)) - raft.server.retrycache.expirytime = 600000ms (custom)
2019-09-20 14:28:17,572 [pool-610-thread-1] INFO  impl.RaftServerImpl (RaftServerImpl.java:start(180)) - 2809c2c2-ae59-4cd3-896b-694de5a9a212: start group-5F23EE7DFD90
2019-09-20 14:28:17,572 [pool-610-thread-1] INFO  impl.RaftServerImpl (RaftServerImpl.java:setRole(171)) - 2809c2c2-ae59-4cd3-896b-694de5a9a212:group-5F23EE7DFD90 changes role from null to FOLLOWER at term 0 for startAsFollower
2019-09-20 14:28:17,572 [pool-610-thread-1] INFO  impl.RoleInfo (RoleInfo.java:updateAndGet(143)) - 2809c2c2-ae59-4cd3-896b-694de5a9a212: start FollowerState
2019-09-20 14:28:17,573 [pool-610-thread-1] INFO  util.JmxRegister (JmxRegister.java:tryRegister(44)) - Successfully registered JMX Bean with object name Ratis:service=RaftServer,group=group-5F23EE7DFD90,id=2809c2c2-ae59-4cd3-896b-694de5a9a212
2019-09-20 14:28:17,575 [RatisPipelineUtilsThread] INFO  pipeline.PipelineStateManager (PipelineStateManager.java:addPipeline(56)) - Created pipeline Pipeline[ Id: 82f74e79-e82f-4677-928f-5f23ee7dfd90, Nodes: 2809c2c2-ae59-4cd3-896b-694de5a9a212{ip: 192.168.36.99, host: pr-hdds-1569-p5fx8-1226042367, networkLocation: /default-rack, certSerialId: null}, Type:RATIS, Factor:ONE, State:OPEN]
2019-09-20 14:28:17,580 [grpc-default-executor-0] INFO  impl.RaftServerProxy (RaftServerProxy.java:addNew(89)) - 2809c2c2-ae59-4cd3-896b-694de5a9a212: addNew group-7321C7090C90:[2809c2c2-ae59-4cd3-896b-694de5a9a212:192.168.36.99:42888] returns group-7321C7090C90:java.util.concurrent.CompletableFuture@16881ac3[Not completed]
2019-09-20 14:28:17,581 [pool-610-thread-1] INFO  impl.RaftServerImpl (RaftServerImpl.java:<init>(93)) - 2809c2c2-ae59-4cd3-896b-694de5a9a212: new RaftServerImpl for group-7321C7090C90:[2809c2c2-ae59-4cd3-896b-694de5a9a212:192.168.36.99:42888] with ContainerStateMachine:uninitialized
2019-09-20 14:28:17,581 [pool-610-thread-1] INFO  server.RaftServerConfigKeys (ConfUtils.java:logGet(43)) - raft.server.rpc.timeout.min = 5s (custom)
2019-09-20 14:28:17,581 [pool-610-thread-1] INFO  server.RaftServerConfigKeys (ConfUtils.java:logGet(43)) - raft.server.rpc.timeout.max = 5200ms (custom)
2019-09-20 14:28:17,581 [pool-610-thread-1] INFO  server.RaftServerConfigKeys (ConfUtils.java:logGet(43)) - raft.server.rpcslowness.timeout = 120s (custom)
2019-09-20 14:28:17,581 [pool-610-thread-1] INFO  server.RaftServerConfigKeys (ConfUtils.java:logGet(43)) - raft.server.sleep.deviation.threshold = 300 (default)
2019-09-20 14:28:17,581 [pool-610-thread-1] INFO  server.RaftServerConfigKeys (ConfUtils.java:logGet(43)) - raft.server.log.appender.install.snapshot.enabled = false (custom)
2019-09-20 14:28:17,581 [pool-610-thread-1] INFO  impl.RaftServerImpl (ServerState.java:<init>(105)) - 2809c2c2-ae59-4cd3-896b-694de5a9a212:group-7321C7090C90 ConfigurationManager, init=-1: [2809c2c2-ae59-4cd3-896b-694de5a9a212:192.168.36.99:42888], old=null, confs=<EMPTY_MAP>
2019-09-20 14:28:17,582 [pool-610-thread-1] INFO  server.RaftServerConfigKeys (ConfUtils.java:logGet(43)) - raft.server.storage.dir = [/workdir/hadoop-ozone/ozonefs/target/test-dir/MiniOzoneClusterImpl-54451e80-538c-4519-a538-a89d0a6472e3/datanode-0/data/ratis] (custom)
2019-09-20 14:28:17,582 [pool-610-thread-1] INFO  storage.RaftStorageDirectory (RaftStorageDirectory.java:analyzeStorage(246)) - The storage directory /workdir/hadoop-ozone/ozonefs/target/test-dir/MiniOzoneClusterImpl-54451e80-538c-4519-a538-a89d0a6472e3/datanode-0/data/ratis/1301a57d-c25f-4c00-9eea-7321c7090c90 does not exist. Creating ...
2019-09-20 14:28:17,609 [pool-610-thread-1] INFO  storage.RaftStorageDirectory (RaftStorageDirectory.java:tryLock(328)) - Lock on /workdir/hadoop-ozone/ozonefs/target/test-dir/MiniOzoneClusterImpl-54451e80-538c-4519-a538-a89d0a6472e3/datanode-0/data/ratis/1301a57d-c25f-4c00-9eea-7321c7090c90/in_use.lock acquired by nodename 21669@pr-hdds-1569-p5fx8-1226042367
2019-09-20 14:28:17,634 [pool-610-thread-1] INFO  storage.RaftStorage (RaftStorage.java:format(72)) - Storage directory /workdir/hadoop-ozone/ozonefs/target/test-dir/MiniOzoneClusterImpl-54451e80-538c-4519-a538-a89d0a6472e3/datanode-0/data/ratis/1301a57d-c25f-4c00-9eea-7321c7090c90 has been successfully formatted.
2019-09-20 14:28:17,635 [pool-610-thread-1] INFO  ratis.ContainerStateMachine (ContainerStateMachine.java:loadSnapshot(226)) - group-7321C7090C90: The snapshot info is null. Setting the last applied indexto:(t:0, i:~)
2019-09-20 14:28:17,635 [pool-610-thread-1] INFO  server.RaftServerConfigKeys (ConfUtils.java:logGet(43)) - raft.server.leader.election.timeout = 120s (custom)
2019-09-20 14:28:17,635 [pool-610-thread-1] INFO  server.RaftServerConfigKeys (ConfUtils.java:logGet(43)) - raft.server.log.use.memory = false (default)
2019-09-20 14:28:17,635 [pool-610-thread-1] INFO  server.RaftServerConfigKeys (ConfUtils.java:logGet(43)) - raft.server.log.purge.gap = 1000000 (custom)
2019-09-20 14:28:17,635 [pool-610-thread-1] INFO  server.RaftServerConfigKeys (ConfUtils.java:logGet(43)) - raft.server.log.appender.buffer.byte-limit = 33554432 (custom)
2019-09-20 14:28:17,636 [pool-610-thread-1] INFO  server.RaftServerConfigKeys (ConfUtils.java:logGet(43)) - raft.server.log.segment.size.max = 1048576 (custom)
2019-09-20 14:28:17,636 [pool-610-thread-1] INFO  server.RaftServerConfigKeys (ConfUtils.java:logGet(43)) - raft.server.log.segment.cache.num.max = 2 (custom)
2019-09-20 14:28:17,636 [pool-610-thread-1] INFO  segmented.SegmentedRaftLogWorker (SegmentedRaftLogWorker.java:<init>(172)) - new 2809c2c2-ae59-4cd3-896b-694de5a9a212-SegmentedRaftLogWorker:Storage Directory /workdir/hadoop-ozone/ozonefs/target/test-dir/MiniOzoneClusterImpl-54451e80-538c-4519-a538-a89d0a6472e3/datanode-0/data/ratis/1301a57d-c25f-4c00-9eea-7321c7090c90 for RaftStorage:Storage Directory /workdir/hadoop-ozone/ozonefs/target/test-dir/MiniOzoneClusterImpl-54451e80-538c-4519-a538-a89d0a6472e3/datanode-0/data/ratis/1301a57d-c25f-4c00-9eea-7321c7090c90
2019-09-20 14:28:17,636 [pool-610-thread-1] INFO  server.RaftServerConfigKeys (ConfUtils.java:logGet(43)) - raft.server.log.queue.byte-limit = 2147483647 (custom)
2019-09-20 14:28:17,636 [pool-610-thread-1] INFO  server.RaftServerConfigKeys (ConfUtils.java:logGet(43)) - raft.server.log.queue.element-limit = 1024 (custom)
2019-09-20 14:28:17,637 [pool-610-thread-1] INFO  server.RaftServerConfigKeys (ConfUtils.java:logGet(43)) - raft.server.log.segment.size.max = 1048576 (custom)
2019-09-20 14:28:17,637 [pool-610-thread-1] INFO  server.RaftServerConfigKeys (ConfUtils.java:logGet(43)) - raft.server.log.preallocated.size = 16384 (custom)
2019-09-20 14:28:17,637 [pool-610-thread-1] INFO  server.RaftServerConfigKeys (ConfUtils.java:logGet(43)) - raft.server.log.write.buffer.size = 33554432 (custom)
2019-09-20 14:28:17,637 [pool-610-thread-1] INFO  server.RaftServerConfigKeys (ConfUtils.java:logGet(43)) - raft.server.log.force.sync.num = 128 (default)
2019-09-20 14:28:17,637 [pool-610-thread-1] INFO  server.RaftServerConfigKeys (ConfUtils.java:logGet(43)) - raft.server.log.statemachine.data.sync = true (default)
2019-09-20 14:28:17,637 [pool-610-thread-1] INFO  server.RaftServerConfigKeys (ConfUtils.java:logGet(43)) - raft.server.log.statemachine.data.sync.timeout = 10s (default)
2019-09-20 14:28:17,638 [pool-610-thread-1] INFO  server.RaftServerConfigKeys (ConfUtils.java:logGet(43)) - raft.server.log.statemachine.data.sync.timeout.retry = -1 (default)
2019-09-20 14:28:17,638 [pool-610-thread-1] INFO  server.RaftServerConfigKeys (ConfUtils.java:logGet(43)) - raft.server.log.statemachine.data.caching.enabled = true (custom)
2019-09-20 14:28:17,638 [pool-610-thread-1] INFO  segmented.SegmentedRaftLogWorker (SegmentedRaftLogWorker.java:lambda$new$0(132)) - 2809c2c2-ae59-4cd3-896b-694de5a9a212-SegmentedRaftLogWorker:Storage Directory /workdir/hadoop-ozone/ozonefs/target/test-dir/MiniOzoneClusterImpl-54451e80-538c-4519-a538-a89d0a6472e3/datanode-0/data/ratis/1301a57d-c25f-4c00-9eea-7321c7090c90: flushIndex: setUnconditionally 0 -> -1
2019-09-20 14:28:17,639 [pool-610-thread-1] INFO  server.RaftServerConfigKeys (ConfUtils.java:logGet(43)) - raft.server.snapshot.auto.trigger.enabled = true (custom)
2019-09-20 14:28:17,639 [pool-610-thread-1] INFO  server.RaftServerConfigKeys (ConfUtils.java:logGet(43)) - raft.server.snapshot.auto.trigger.threshold = 10000 (custom)
2019-09-20 14:28:17,639 [pool-610-thread-1] INFO  server.RaftServerConfigKeys (ConfUtils.java:logGet(43)) - raft.server.retrycache.expirytime = 600000ms (custom)
2019-09-20 14:28:17,639 [pool-610-thread-1] INFO  impl.RaftServerImpl (RaftServerImpl.java:start(180)) - 2809c2c2-ae59-4cd3-896b-694de5a9a212: start group-7321C7090C90
2019-09-20 14:28:17,639 [pool-610-thread-1] INFO  impl.RaftServerImpl (RaftServerImpl.java:setRole(171)) - 2809c2c2-ae59-4cd3-896b-694de5a9a212:group-7321C7090C90 changes role from null to FOLLOWER at term 0 for startAsFollower
2019-09-20 14:28:17,640 [pool-610-thread-1] INFO  impl.RoleInfo (RoleInfo.java:updateAndGet(143)) - 2809c2c2-ae59-4cd3-896b-694de5a9a212: start FollowerState
2019-09-20 14:28:17,640 [pool-610-thread-1] INFO  util.JmxRegister (JmxRegister.java:tryRegister(44)) - Successfully registered JMX Bean with object name Ratis:service=RaftServer,group=group-7321C7090C90,id=2809c2c2-ae59-4cd3-896b-694de5a9a212
2019-09-20 14:28:17,643 [RatisPipelineUtilsThread] INFO  pipeline.PipelineStateManager (PipelineStateManager.java:addPipeline(56)) - Created pipeline Pipeline[ Id: 1301a57d-c25f-4c00-9eea-7321c7090c90, Nodes: 2809c2c2-ae59-4cd3-896b-694de5a9a212{ip: 192.168.36.99, host: pr-hdds-1569-p5fx8-1226042367, networkLocation: /default-rack, certSerialId: null}, Type:RATIS, Factor:ONE, State:OPEN]
2019-09-20 14:28:17,643 [RatisPipelineUtilsThread] INFO  pipeline.PipelinePlacementPolicy (PipelinePlacementPolicy.java:meetCriteria(91)) - Pipeline Placement: Doesn't meet the criteria to be viable node： 2809c2c2-ae59-4cd3-896b-694de5a9a212 Heaviness: 6 limit: 5
2019-09-20 14:28:17,651 [grpc-default-executor-0] INFO  impl.RaftServerProxy (RaftServerProxy.java:addNew(89)) - 49dcdc92-38f9-4214-ac53-ad04882e13af: addNew group-BB79A2F577B9:[49dcdc92-38f9-4214-ac53-ad04882e13af:192.168.36.99:36985] returns group-BB79A2F577B9:java.util.concurrent.CompletableFuture@32055b1[Not completed]
2019-09-20 14:28:17,652 [pool-621-thread-1] INFO  impl.RaftServerImpl (RaftServerImpl.java:<init>(93)) - 49dcdc92-38f9-4214-ac53-ad04882e13af: new RaftServerImpl for group-BB79A2F577B9:[49dcdc92-38f9-4214-ac53-ad04882e13af:192.168.36.99:36985] with ContainerStateMachine:uninitialized
2019-09-20 14:28:17,652 [pool-621-thread-1] INFO  server.RaftServerConfigKeys (ConfUtils.java:logGet(43)) - raft.server.rpc.timeout.min = 5s (custom)
2019-09-20 14:28:17,652 [pool-621-thread-1] INFO  server.RaftServerConfigKeys (ConfUtils.java:logGet(43)) - raft.server.rpc.timeout.max = 5200ms (custom)
2019-09-20 14:28:17,652 [pool-621-thread-1] INFO  server.RaftServerConfigKeys (ConfUtils.java:logGet(43)) - raft.server.rpcslowness.timeout = 120s (custom)
2019-09-20 14:28:17,652 [pool-621-thread-1] INFO  server.RaftServerConfigKeys (ConfUtils.java:logGet(43)) - raft.server.sleep.deviation.threshold = 300 (default)
2019-09-20 14:28:17,653 [pool-621-thread-1] INFO  server.RaftServerConfigKeys (ConfUtils.java:logGet(43)) - raft.server.log.appender.install.snapshot.enabled = false (custom)
2019-09-20 14:28:17,653 [pool-621-thread-1] INFO  impl.RaftServerImpl (ServerState.java:<init>(105)) - 49dcdc92-38f9-4214-ac53-ad04882e13af:group-BB79A2F577B9 ConfigurationManager, init=-1: [49dcdc92-38f9-4214-ac53-ad04882e13af:192.168.36.99:36985], old=null, confs=<EMPTY_MAP>
2019-09-20 14:28:17,653 [pool-621-thread-1] INFO  server.RaftServerConfigKeys (ConfUtils.java:logGet(43)) - raft.server.storage.dir = [/workdir/hadoop-ozone/ozonefs/target/test-dir/MiniOzoneClusterImpl-54451e80-538c-4519-a538-a89d0a6472e3/datanode-1/data/ratis] (custom)
2019-09-20 14:28:17,653 [pool-621-thread-1] INFO  storage.RaftStorageDirectory (RaftStorageDirectory.java:analyzeStorage(246)) - The storage directory /workdir/hadoop-ozone/ozonefs/target/test-dir/MiniOzoneClusterImpl-54451e80-538c-4519-a538-a89d0a6472e3/datanode-1/data/ratis/7d266639-5a91-4d6e-8d01-bb79a2f577b9 does not exist. Creating ...
2019-09-20 14:28:17,676 [pool-621-thread-1] INFO  storage.RaftStorageDirectory (RaftStorageDirectory.java:tryLock(328)) - Lock on /workdir/hadoop-ozone/ozonefs/target/test-dir/MiniOzoneClusterImpl-54451e80-538c-4519-a538-a89d0a6472e3/datanode-1/data/ratis/7d266639-5a91-4d6e-8d01-bb79a2f577b9/in_use.lock acquired by nodename 21669@pr-hdds-1569-p5fx8-1226042367
2019-09-20 14:28:17,701 [pool-621-thread-1] INFO  storage.RaftStorage (RaftStorage.java:format(72)) - Storage directory /workdir/hadoop-ozone/ozonefs/target/test-dir/MiniOzoneClusterImpl-54451e80-538c-4519-a538-a89d0a6472e3/datanode-1/data/ratis/7d266639-5a91-4d6e-8d01-bb79a2f577b9 has been successfully formatted.
2019-09-20 14:28:17,702 [pool-621-thread-1] INFO  ratis.ContainerStateMachine (ContainerStateMachine.java:loadSnapshot(226)) - group-BB79A2F577B9: The snapshot info is null. Setting the last applied indexto:(t:0, i:~)
2019-09-20 14:28:17,702 [pool-621-thread-1] INFO  server.RaftServerConfigKeys (ConfUtils.java:logGet(43)) - raft.server.leader.election.timeout = 120s (custom)
2019-09-20 14:28:17,702 [pool-621-thread-1] INFO  server.RaftServerConfigKeys (ConfUtils.java:logGet(43)) - raft.server.log.use.memory = false (default)
2019-09-20 14:28:17,702 [pool-621-thread-1] INFO  server.RaftServerConfigKeys (ConfUtils.java:logGet(43)) - raft.server.log.purge.gap = 1000000 (custom)
2019-09-20 14:28:17,702 [pool-621-thread-1] INFO  server.RaftServerConfigKeys (ConfUtils.java:logGet(43)) - raft.server.log.appender.buffer.byte-limit = 33554432 (custom)
2019-09-20 14:28:17,702 [pool-621-thread-1] INFO  server.RaftServerConfigKeys (ConfUtils.java:logGet(43)) - raft.server.log.segment.size.max = 1048576 (custom)
2019-09-20 14:28:17,702 [pool-621-thread-1] INFO  server.RaftServerConfigKeys (ConfUtils.java:logGet(43)) - raft.server.log.segment.cache.num.max = 2 (custom)
2019-09-20 14:28:17,702 [pool-621-thread-1] INFO  segmented.SegmentedRaftLogWorker (SegmentedRaftLogWorker.java:<init>(172)) - new 49dcdc92-38f9-4214-ac53-ad04882e13af-SegmentedRaftLogWorker:Storage Directory /workdir/hadoop-ozone/ozonefs/target/test-dir/MiniOzoneClusterImpl-54451e80-538c-4519-a538-a89d0a6472e3/datanode-1/data/ratis/7d266639-5a91-4d6e-8d01-bb79a2f577b9 for RaftStorage:Storage Directory /workdir/hadoop-ozone/ozonefs/target/test-dir/MiniOzoneClusterImpl-54451e80-538c-4519-a538-a89d0a6472e3/datanode-1/data/ratis/7d266639-5a91-4d6e-8d01-bb79a2f577b9
2019-09-20 14:28:17,702 [pool-621-thread-1] INFO  server.RaftServerConfigKeys (ConfUtils.java:logGet(43)) - raft.server.log.queue.byte-limit = 2147483647 (custom)
2019-09-20 14:28:17,703 [pool-621-thread-1] INFO  server.RaftServerConfigKeys (ConfUtils.java:logGet(43)) - raft.server.log.queue.element-limit = 1024 (custom)
2019-09-20 14:28:17,703 [pool-621-thread-1] INFO  server.RaftServerConfigKeys (ConfUtils.java:logGet(43)) - raft.server.log.segment.size.max = 1048576 (custom)
2019-09-20 14:28:17,703 [pool-621-thread-1] INFO  server.RaftServerConfigKeys (ConfUtils.java:logGet(43)) - raft.server.log.preallocated.size = 16384 (custom)
2019-09-20 14:28:17,703 [pool-621-thread-1] INFO  server.RaftServerConfigKeys (ConfUtils.java:logGet(43)) - raft.server.log.write.buffer.size = 33554432 (custom)
2019-09-20 14:28:17,703 [pool-621-thread-1] INFO  server.RaftServerConfigKeys (ConfUtils.java:logGet(43)) - raft.server.log.force.sync.num = 128 (default)
2019-09-20 14:28:17,703 [pool-621-thread-1] INFO  server.RaftServerConfigKeys (ConfUtils.java:logGet(43)) - raft.server.log.statemachine.data.sync = true (default)
2019-09-20 14:28:17,703 [pool-621-thread-1] INFO  server.RaftServerConfigKeys (ConfUtils.java:logGet(43)) - raft.server.log.statemachine.data.sync.timeout = 10s (default)
2019-09-20 14:28:17,703 [pool-621-thread-1] INFO  server.RaftServerConfigKeys (ConfUtils.java:logGet(43)) - raft.server.log.statemachine.data.sync.timeout.retry = -1 (default)
2019-09-20 14:28:17,703 [pool-621-thread-1] INFO  server.RaftServerConfigKeys (ConfUtils.java:logGet(43)) - raft.server.log.statemachine.data.caching.enabled = true (custom)
2019-09-20 14:28:17,704 [pool-621-thread-1] INFO  segmented.SegmentedRaftLogWorker (SegmentedRaftLogWorker.java:lambda$new$0(132)) - 49dcdc92-38f9-4214-ac53-ad04882e13af-SegmentedRaftLogWorker:Storage Directory /workdir/hadoop-ozone/ozonefs/target/test-dir/MiniOzoneClusterImpl-54451e80-538c-4519-a538-a89d0a6472e3/datanode-1/data/ratis/7d266639-5a91-4d6e-8d01-bb79a2f577b9: flushIndex: setUnconditionally 0 -> -1
2019-09-20 14:28:17,704 [pool-621-thread-1] INFO  server.RaftServerConfigKeys (ConfUtils.java:logGet(43)) - raft.server.snapshot.auto.trigger.enabled = true (custom)
2019-09-20 14:28:17,704 [pool-621-thread-1] INFO  server.RaftServerConfigKeys (ConfUtils.java:logGet(43)) - raft.server.snapshot.auto.trigger.threshold = 10000 (custom)
2019-09-20 14:28:17,704 [pool-621-thread-1] INFO  server.RaftServerConfigKeys (ConfUtils.java:logGet(43)) - raft.server.retrycache.expirytime = 600000ms (custom)
2019-09-20 14:28:17,704 [pool-621-thread-1] INFO  impl.RaftServerImpl (RaftServerImpl.java:start(180)) - 49dcdc92-38f9-4214-ac53-ad04882e13af: start group-BB79A2F577B9
2019-09-20 14:28:17,704 [pool-621-thread-1] INFO  impl.RaftServerImpl (RaftServerImpl.java:setRole(171)) - 49dcdc92-38f9-4214-ac53-ad04882e13af:group-BB79A2F577B9 changes role from null to FOLLOWER at term 0 for startAsFollower
2019-09-20 14:28:17,705 [pool-621-thread-1] INFO  impl.RoleInfo (RoleInfo.java:updateAndGet(143)) - 49dcdc92-38f9-4214-ac53-ad04882e13af: start FollowerState
2019-09-20 14:28:17,705 [pool-621-thread-1] INFO  util.JmxRegister (JmxRegister.java:tryRegister(44)) - Successfully registered JMX Bean with object name Ratis:service=RaftServer,group=group-BB79A2F577B9,id=49dcdc92-38f9-4214-ac53-ad04882e13af
2019-09-20 14:28:17,707 [RatisPipelineUtilsThread] INFO  pipeline.PipelineStateManager (PipelineStateManager.java:addPipeline(56)) - Created pipeline Pipeline[ Id: 7d266639-5a91-4d6e-8d01-bb79a2f577b9, Nodes: 49dcdc92-38f9-4214-ac53-ad04882e13af{ip: 192.168.36.99, host: pr-hdds-1569-p5fx8-1226042367, networkLocation: /default-rack, certSerialId: null}, Type:RATIS, Factor:ONE, State:OPEN]
2019-09-20 14:28:17,708 [RatisPipelineUtilsThread] INFO  pipeline.PipelinePlacementPolicy (PipelinePlacementPolicy.java:meetCriteria(91)) - Pipeline Placement: Doesn't meet the criteria to be viable node： 2809c2c2-ae59-4cd3-896b-694de5a9a212 Heaviness: 6 limit: 5
2019-09-20 14:28:17,713 [grpc-default-executor-0] INFO  impl.RaftServerProxy (RaftServerProxy.java:addNew(89)) - 49dcdc92-38f9-4214-ac53-ad04882e13af: addNew group-BA13012C32CB:[49dcdc92-38f9-4214-ac53-ad04882e13af:192.168.36.99:36985] returns group-BA13012C32CB:java.util.concurrent.CompletableFuture@1a3e4865[Not completed]
2019-09-20 14:28:17,714 [pool-621-thread-1] INFO  impl.RaftServerImpl (RaftServerImpl.java:<init>(93)) - 49dcdc92-38f9-4214-ac53-ad04882e13af: new RaftServerImpl for group-BA13012C32CB:[49dcdc92-38f9-4214-ac53-ad04882e13af:192.168.36.99:36985] with ContainerStateMachine:uninitialized
2019-09-20 14:28:17,714 [pool-621-thread-1] INFO  server.RaftServerConfigKeys (ConfUtils.java:logGet(43)) - raft.server.rpc.timeout.min = 5s (custom)
2019-09-20 14:28:17,714 [pool-621-thread-1] INFO  server.RaftServerConfigKeys (ConfUtils.java:logGet(43)) - raft.server.rpc.timeout.max = 5200ms (custom)
2019-09-20 14:28:17,714 [pool-621-thread-1] INFO  server.RaftServerConfigKeys (ConfUtils.java:logGet(43)) - raft.server.rpcslowness.timeout = 120s (custom)
2019-09-20 14:28:17,714 [pool-621-thread-1] INFO  server.RaftServerConfigKeys (ConfUtils.java:logGet(43)) - raft.server.sleep.deviation.threshold = 300 (default)
2019-09-20 14:28:17,714 [pool-621-thread-1] INFO  server.RaftServerConfigKeys (ConfUtils.java:logGet(43)) - raft.server.log.appender.install.snapshot.enabled = false (custom)
2019-09-20 14:28:17,714 [pool-621-thread-1] INFO  impl.RaftServerImpl (ServerState.java:<init>(105)) - 49dcdc92-38f9-4214-ac53-ad04882e13af:group-BA13012C32CB ConfigurationManager, init=-1: [49dcdc92-38f9-4214-ac53-ad04882e13af:192.168.36.99:36985], old=null, confs=<EMPTY_MAP>
2019-09-20 14:28:17,714 [pool-621-thread-1] INFO  server.RaftServerConfigKeys (ConfUtils.java:logGet(43)) - raft.server.storage.dir = [/workdir/hadoop-ozone/ozonefs/target/test-dir/MiniOzoneClusterImpl-54451e80-538c-4519-a538-a89d0a6472e3/datanode-1/data/ratis] (custom)
2019-09-20 14:28:17,714 [pool-621-thread-1] INFO  storage.RaftStorageDirectory (RaftStorageDirectory.java:analyzeStorage(246)) - The storage directory /workdir/hadoop-ozone/ozonefs/target/test-dir/MiniOzoneClusterImpl-54451e80-538c-4519-a538-a89d0a6472e3/datanode-1/data/ratis/ec391de6-09b1-4bc3-b83c-ba13012c32cb does not exist. Creating ...
2019-09-20 14:28:17,731 [IPC Server handler 2 on 33047] INFO  net.NetworkTopology (NetworkTopologyImpl.java:add(110)) - Added a new node: /default-rack/4a8b5aae-7936-4127-a6e1-51a8bd8ea200
2019-09-20 14:28:17,731 [IPC Server handler 2 on 33047] INFO  node.SCMNodeManager (SCMNodeManager.java:register(273)) - Registered Data node : 4a8b5aae-7936-4127-a6e1-51a8bd8ea200{ip: 192.168.36.99, host: pr-hdds-1569-p5fx8-1226042367, networkLocation: /default-rack, certSerialId: null}
2019-09-20 14:28:17,731 [main] INFO  ozone.MiniOzoneClusterImpl (MiniOzoneClusterImpl.java:lambda$waitForClusterToBeReady$0(142)) - Cluster is ready. Got 3 of 3 DN Heartbeats.
2019-09-20 14:28:17,732 | INFO  | SCMAudit | user=jenkins1000 | ip=192.168.36.99 | op=REGISTER {datanodeDetails=4a8b5aae-7936-4127-a6e1-51a8bd8ea200{ip: 192.168.36.99, host: pr-hdds-1569-p5fx8-1226042367, networkLocation: /default-rack, certSerialId: null}} | ret=SUCCESS |  
2019-09-20 14:28:17,735 [pool-621-thread-1] INFO  storage.RaftStorageDirectory (RaftStorageDirectory.java:tryLock(328)) - Lock on /workdir/hadoop-ozone/ozonefs/target/test-dir/MiniOzoneClusterImpl-54451e80-538c-4519-a538-a89d0a6472e3/datanode-1/data/ratis/ec391de6-09b1-4bc3-b83c-ba13012c32cb/in_use.lock acquired by nodename 21669@pr-hdds-1569-p5fx8-1226042367
2019-09-20 14:28:17,761 [pool-621-thread-1] INFO  storage.RaftStorage (RaftStorage.java:format(72)) - Storage directory /workdir/hadoop-ozone/ozonefs/target/test-dir/MiniOzoneClusterImpl-54451e80-538c-4519-a538-a89d0a6472e3/datanode-1/data/ratis/ec391de6-09b1-4bc3-b83c-ba13012c32cb has been successfully formatted.
2019-09-20 14:28:17,761 [pool-621-thread-1] INFO  ratis.ContainerStateMachine (ContainerStateMachine.java:loadSnapshot(226)) - group-BA13012C32CB: The snapshot info is null. Setting the last applied indexto:(t:0, i:~)
2019-09-20 14:28:17,761 [pool-621-thread-1] INFO  server.RaftServerConfigKeys (ConfUtils.java:logGet(43)) - raft.server.leader.election.timeout = 120s (custom)
2019-09-20 14:28:17,761 [pool-621-thread-1] INFO  server.RaftServerConfigKeys (ConfUtils.java:logGet(43)) - raft.server.log.use.memory = false (default)
2019-09-20 14:28:17,761 [pool-621-thread-1] INFO  server.RaftServerConfigKeys (ConfUtils.java:logGet(43)) - raft.server.log.purge.gap = 1000000 (custom)
2019-09-20 14:28:17,762 [pool-621-thread-1] INFO  server.RaftServerConfigKeys (ConfUtils.java:logGet(43)) - raft.server.log.appender.buffer.byte-limit = 33554432 (custom)
2019-09-20 14:28:17,762 [pool-621-thread-1] INFO  server.RaftServerConfigKeys (ConfUtils.java:logGet(43)) - raft.server.log.segment.size.max = 1048576 (custom)
2019-09-20 14:28:17,762 [pool-621-thread-1] INFO  server.RaftServerConfigKeys (ConfUtils.java:logGet(43)) - raft.server.log.segment.cache.num.max = 2 (custom)
2019-09-20 14:28:17,762 [pool-621-thread-1] INFO  segmented.SegmentedRaftLogWorker (SegmentedRaftLogWorker.java:<init>(172)) - new 49dcdc92-38f9-4214-ac53-ad04882e13af-SegmentedRaftLogWorker:Storage Directory /workdir/hadoop-ozone/ozonefs/target/test-dir/MiniOzoneClusterImpl-54451e80-538c-4519-a538-a89d0a6472e3/datanode-1/data/ratis/ec391de6-09b1-4bc3-b83c-ba13012c32cb for RaftStorage:Storage Directory /workdir/hadoop-ozone/ozonefs/target/test-dir/MiniOzoneClusterImpl-54451e80-538c-4519-a538-a89d0a6472e3/datanode-1/data/ratis/ec391de6-09b1-4bc3-b83c-ba13012c32cb
2019-09-20 14:28:17,762 [pool-621-thread-1] INFO  server.RaftServerConfigKeys (ConfUtils.java:logGet(43)) - raft.server.log.queue.byte-limit = 2147483647 (custom)
2019-09-20 14:28:17,762 [pool-621-thread-1] INFO  server.RaftServerConfigKeys (ConfUtils.java:logGet(43)) - raft.server.log.queue.element-limit = 1024 (custom)
2019-09-20 14:28:17,763 [pool-621-thread-1] INFO  server.RaftServerConfigKeys (ConfUtils.java:logGet(43)) - raft.server.log.segment.size.max = 1048576 (custom)
2019-09-20 14:28:17,763 [pool-621-thread-1] INFO  server.RaftServerConfigKeys (ConfUtils.java:logGet(43)) - raft.server.log.preallocated.size = 16384 (custom)
2019-09-20 14:28:17,763 [pool-621-thread-1] INFO  server.RaftServerConfigKeys (ConfUtils.java:logGet(43)) - raft.server.log.write.buffer.size = 33554432 (custom)
2019-09-20 14:28:17,763 [pool-621-thread-1] INFO  server.RaftServerConfigKeys (ConfUtils.java:logGet(43)) - raft.server.log.force.sync.num = 128 (default)
2019-09-20 14:28:17,763 [pool-621-thread-1] INFO  server.RaftServerConfigKeys (ConfUtils.java:logGet(43)) - raft.server.log.statemachine.data.sync = true (default)
2019-09-20 14:28:17,763 [pool-621-thread-1] INFO  server.RaftServerConfigKeys (ConfUtils.java:logGet(43)) - raft.server.log.statemachine.data.sync.timeout = 10s (default)
2019-09-20 14:28:17,763 [pool-621-thread-1] INFO  server.RaftServerConfigKeys (ConfUtils.java:logGet(43)) - raft.server.log.statemachine.data.sync.timeout.retry = -1 (default)
2019-09-20 14:28:17,764 [pool-621-thread-1] INFO  server.RaftServerConfigKeys (ConfUtils.java:logGet(43)) - raft.server.log.statemachine.data.caching.enabled = true (custom)
2019-09-20 14:28:17,764 [pool-621-thread-1] INFO  segmented.SegmentedRaftLogWorker (SegmentedRaftLogWorker.java:lambda$new$0(132)) - 49dcdc92-38f9-4214-ac53-ad04882e13af-SegmentedRaftLogWorker:Storage Directory /workdir/hadoop-ozone/ozonefs/target/test-dir/MiniOzoneClusterImpl-54451e80-538c-4519-a538-a89d0a6472e3/datanode-1/data/ratis/ec391de6-09b1-4bc3-b83c-ba13012c32cb: flushIndex: setUnconditionally 0 -> -1
2019-09-20 14:28:17,764 [pool-621-thread-1] INFO  server.RaftServerConfigKeys (ConfUtils.java:logGet(43)) - raft.server.snapshot.auto.trigger.enabled = true (custom)
2019-09-20 14:28:17,764 [pool-621-thread-1] INFO  server.RaftServerConfigKeys (ConfUtils.java:logGet(43)) - raft.server.snapshot.auto.trigger.threshold = 10000 (custom)
2019-09-20 14:28:17,765 [pool-621-thread-1] INFO  server.RaftServerConfigKeys (ConfUtils.java:logGet(43)) - raft.server.retrycache.expirytime = 600000ms (custom)
2019-09-20 14:28:17,765 [pool-621-thread-1] INFO  impl.RaftServerImpl (RaftServerImpl.java:start(180)) - 49dcdc92-38f9-4214-ac53-ad04882e13af: start group-BA13012C32CB
2019-09-20 14:28:17,765 [pool-621-thread-1] INFO  impl.RaftServerImpl (RaftServerImpl.java:setRole(171)) - 49dcdc92-38f9-4214-ac53-ad04882e13af:group-BA13012C32CB changes role from null to FOLLOWER at term 0 for startAsFollower
2019-09-20 14:28:17,765 [pool-621-thread-1] INFO  impl.RoleInfo (RoleInfo.java:updateAndGet(143)) - 49dcdc92-38f9-4214-ac53-ad04882e13af: start FollowerState
2019-09-20 14:28:17,766 [pool-621-thread-1] INFO  util.JmxRegister (JmxRegister.java:tryRegister(44)) - Successfully registered JMX Bean with object name Ratis:service=RaftServer,group=group-BA13012C32CB,id=49dcdc92-38f9-4214-ac53-ad04882e13af
2019-09-20 14:28:17,769 [RatisPipelineUtilsThread] INFO  pipeline.PipelineStateManager (PipelineStateManager.java:addPipeline(56)) - Created pipeline Pipeline[ Id: ec391de6-09b1-4bc3-b83c-ba13012c32cb, Nodes: 49dcdc92-38f9-4214-ac53-ad04882e13af{ip: 192.168.36.99, host: pr-hdds-1569-p5fx8-1226042367, networkLocation: /default-rack, certSerialId: null}, Type:RATIS, Factor:ONE, State:OPEN]
2019-09-20 14:28:17,769 [RatisPipelineUtilsThread] INFO  pipeline.PipelinePlacementPolicy (PipelinePlacementPolicy.java:meetCriteria(91)) - Pipeline Placement: Doesn't meet the criteria to be viable node： 2809c2c2-ae59-4cd3-896b-694de5a9a212 Heaviness: 6 limit: 5
2019-09-20 14:28:17,775 [grpc-default-executor-0] INFO  impl.RaftServerProxy (RaftServerProxy.java:addNew(89)) - 49dcdc92-38f9-4214-ac53-ad04882e13af: addNew group-471F7F333382:[49dcdc92-38f9-4214-ac53-ad04882e13af:192.168.36.99:36985] returns group-471F7F333382:java.util.concurrent.CompletableFuture@7a02078a[Not completed]
2019-09-20 14:28:17,776 [pool-621-thread-1] INFO  impl.RaftServerImpl (RaftServerImpl.java:<init>(93)) - 49dcdc92-38f9-4214-ac53-ad04882e13af: new RaftServerImpl for group-471F7F333382:[49dcdc92-38f9-4214-ac53-ad04882e13af:192.168.36.99:36985] with ContainerStateMachine:uninitialized
2019-09-20 14:28:17,776 [pool-621-thread-1] INFO  server.RaftServerConfigKeys (ConfUtils.java:logGet(43)) - raft.server.rpc.timeout.min = 5s (custom)
2019-09-20 14:28:17,776 [pool-621-thread-1] INFO  server.RaftServerConfigKeys (ConfUtils.java:logGet(43)) - raft.server.rpc.timeout.max = 5200ms (custom)
2019-09-20 14:28:17,776 [pool-621-thread-1] INFO  server.RaftServerConfigKeys (ConfUtils.java:logGet(43)) - raft.server.rpcslowness.timeout = 120s (custom)
2019-09-20 14:28:17,776 [pool-621-thread-1] INFO  server.RaftServerConfigKeys (ConfUtils.java:logGet(43)) - raft.server.sleep.deviation.threshold = 300 (default)
2019-09-20 14:28:17,776 [pool-621-thread-1] INFO  server.RaftServerConfigKeys (ConfUtils.java:logGet(43)) - raft.server.log.appender.install.snapshot.enabled = false (custom)
2019-09-20 14:28:17,776 [pool-621-thread-1] INFO  impl.RaftServerImpl (ServerState.java:<init>(105)) - 49dcdc92-38f9-4214-ac53-ad04882e13af:group-471F7F333382 ConfigurationManager, init=-1: [49dcdc92-38f9-4214-ac53-ad04882e13af:192.168.36.99:36985], old=null, confs=<EMPTY_MAP>
2019-09-20 14:28:17,777 [pool-621-thread-1] INFO  server.RaftServerConfigKeys (ConfUtils.java:logGet(43)) - raft.server.storage.dir = [/workdir/hadoop-ozone/ozonefs/target/test-dir/MiniOzoneClusterImpl-54451e80-538c-4519-a538-a89d0a6472e3/datanode-1/data/ratis] (custom)
2019-09-20 14:28:17,777 [pool-621-thread-1] INFO  storage.RaftStorageDirectory (RaftStorageDirectory.java:analyzeStorage(246)) - The storage directory /workdir/hadoop-ozone/ozonefs/target/test-dir/MiniOzoneClusterImpl-54451e80-538c-4519-a538-a89d0a6472e3/datanode-1/data/ratis/fd23b221-2093-413e-81ed-471f7f333382 does not exist. Creating ...
2019-09-20 14:28:17,803 [pool-621-thread-1] INFO  storage.RaftStorageDirectory (RaftStorageDirectory.java:tryLock(328)) - Lock on /workdir/hadoop-ozone/ozonefs/target/test-dir/MiniOzoneClusterImpl-54451e80-538c-4519-a538-a89d0a6472e3/datanode-1/data/ratis/fd23b221-2093-413e-81ed-471f7f333382/in_use.lock acquired by nodename 21669@pr-hdds-1569-p5fx8-1226042367
2019-09-20 14:28:17,828 [pool-621-thread-1] INFO  storage.RaftStorage (RaftStorage.java:format(72)) - Storage directory /workdir/hadoop-ozone/ozonefs/target/test-dir/MiniOzoneClusterImpl-54451e80-538c-4519-a538-a89d0a6472e3/datanode-1/data/ratis/fd23b221-2093-413e-81ed-471f7f333382 has been successfully formatted.
2019-09-20 14:28:17,829 [pool-621-thread-1] INFO  ratis.ContainerStateMachine (ContainerStateMachine.java:loadSnapshot(226)) - group-471F7F333382: The snapshot info is null. Setting the last applied indexto:(t:0, i:~)
2019-09-20 14:28:17,829 [pool-621-thread-1] INFO  server.RaftServerConfigKeys (ConfUtils.java:logGet(43)) - raft.server.leader.election.timeout = 120s (custom)
2019-09-20 14:28:17,830 [pool-621-thread-1] INFO  server.RaftServerConfigKeys (ConfUtils.java:logGet(43)) - raft.server.log.use.memory = false (default)
2019-09-20 14:28:17,830 [pool-621-thread-1] INFO  server.RaftServerConfigKeys (ConfUtils.java:logGet(43)) - raft.server.log.purge.gap = 1000000 (custom)
2019-09-20 14:28:17,830 [pool-621-thread-1] INFO  server.RaftServerConfigKeys (ConfUtils.java:logGet(43)) - raft.server.log.appender.buffer.byte-limit = 33554432 (custom)
2019-09-20 14:28:17,830 [pool-621-thread-1] INFO  server.RaftServerConfigKeys (ConfUtils.java:logGet(43)) - raft.server.log.segment.size.max = 1048576 (custom)
2019-09-20 14:28:17,830 [pool-621-thread-1] INFO  server.RaftServerConfigKeys (ConfUtils.java:logGet(43)) - raft.server.log.segment.cache.num.max = 2 (custom)
2019-09-20 14:28:17,830 [pool-621-thread-1] INFO  segmented.SegmentedRaftLogWorker (SegmentedRaftLogWorker.java:<init>(172)) - new 49dcdc92-38f9-4214-ac53-ad04882e13af-SegmentedRaftLogWorker:Storage Directory /workdir/hadoop-ozone/ozonefs/target/test-dir/MiniOzoneClusterImpl-54451e80-538c-4519-a538-a89d0a6472e3/datanode-1/data/ratis/fd23b221-2093-413e-81ed-471f7f333382 for RaftStorage:Storage Directory /workdir/hadoop-ozone/ozonefs/target/test-dir/MiniOzoneClusterImpl-54451e80-538c-4519-a538-a89d0a6472e3/datanode-1/data/ratis/fd23b221-2093-413e-81ed-471f7f333382
2019-09-20 14:28:17,831 [pool-621-thread-1] INFO  server.RaftServerConfigKeys (ConfUtils.java:logGet(43)) - raft.server.log.queue.byte-limit = 2147483647 (custom)
2019-09-20 14:28:17,831 [pool-621-thread-1] INFO  server.RaftServerConfigKeys (ConfUtils.java:logGet(43)) - raft.server.log.queue.element-limit = 1024 (custom)
2019-09-20 14:28:17,831 [pool-621-thread-1] INFO  server.RaftServerConfigKeys (ConfUtils.java:logGet(43)) - raft.server.log.segment.size.max = 1048576 (custom)
2019-09-20 14:28:17,831 [pool-621-thread-1] INFO  server.RaftServerConfigKeys (ConfUtils.java:logGet(43)) - raft.server.log.preallocated.size = 16384 (custom)
2019-09-20 14:28:17,831 [pool-621-thread-1] INFO  server.RaftServerConfigKeys (ConfUtils.java:logGet(43)) - raft.server.log.write.buffer.size = 33554432 (custom)
2019-09-20 14:28:17,831 [pool-621-thread-1] INFO  server.RaftServerConfigKeys (ConfUtils.java:logGet(43)) - raft.server.log.force.sync.num = 128 (default)
2019-09-20 14:28:17,831 [pool-621-thread-1] INFO  server.RaftServerConfigKeys (ConfUtils.java:logGet(43)) - raft.server.log.statemachine.data.sync = true (default)
2019-09-20 14:28:17,831 [pool-621-thread-1] INFO  server.RaftServerConfigKeys (ConfUtils.java:logGet(43)) - raft.server.log.statemachine.data.sync.timeout = 10s (default)
2019-09-20 14:28:17,832 [pool-621-thread-1] INFO  server.RaftServerConfigKeys (ConfUtils.java:logGet(43)) - raft.server.log.statemachine.data.sync.timeout.retry = -1 (default)
2019-09-20 14:28:17,832 [pool-621-thread-1] INFO  server.RaftServerConfigKeys (ConfUtils.java:logGet(43)) - raft.server.log.statemachine.data.caching.enabled = true (custom)
2019-09-20 14:28:17,832 [pool-621-thread-1] INFO  segmented.SegmentedRaftLogWorker (SegmentedRaftLogWorker.java:lambda$new$0(132)) - 49dcdc92-38f9-4214-ac53-ad04882e13af-SegmentedRaftLogWorker:Storage Directory /workdir/hadoop-ozone/ozonefs/target/test-dir/MiniOzoneClusterImpl-54451e80-538c-4519-a538-a89d0a6472e3/datanode-1/data/ratis/fd23b221-2093-413e-81ed-471f7f333382: flushIndex: setUnconditionally 0 -> -1
2019-09-20 14:28:17,833 [pool-621-thread-1] INFO  server.RaftServerConfigKeys (ConfUtils.java:logGet(43)) - raft.server.snapshot.auto.trigger.enabled = true (custom)
2019-09-20 14:28:17,833 [pool-621-thread-1] INFO  server.RaftServerConfigKeys (ConfUtils.java:logGet(43)) - raft.server.snapshot.auto.trigger.threshold = 10000 (custom)
2019-09-20 14:28:17,833 [pool-621-thread-1] INFO  server.RaftServerConfigKeys (ConfUtils.java:logGet(43)) - raft.server.retrycache.expirytime = 600000ms (custom)
2019-09-20 14:28:17,833 [pool-621-thread-1] INFO  impl.RaftServerImpl (RaftServerImpl.java:start(180)) - 49dcdc92-38f9-4214-ac53-ad04882e13af: start group-471F7F333382
2019-09-20 14:28:17,833 [pool-621-thread-1] INFO  impl.RaftServerImpl (RaftServerImpl.java:setRole(171)) - 49dcdc92-38f9-4214-ac53-ad04882e13af:group-471F7F333382 changes role from null to FOLLOWER at term 0 for startAsFollower
2019-09-20 14:28:17,834 [pool-621-thread-1] INFO  impl.RoleInfo (RoleInfo.java:updateAndGet(143)) - 49dcdc92-38f9-4214-ac53-ad04882e13af: start FollowerState
2019-09-20 14:28:17,834 [pool-621-thread-1] INFO  util.JmxRegister (JmxRegister.java:tryRegister(44)) - Successfully registered JMX Bean with object name Ratis:service=RaftServer,group=group-471F7F333382,id=49dcdc92-38f9-4214-ac53-ad04882e13af
2019-09-20 14:28:17,840 [RatisPipelineUtilsThread] INFO  pipeline.PipelineStateManager (PipelineStateManager.java:addPipeline(56)) - Created pipeline Pipeline[ Id: fd23b221-2093-413e-81ed-471f7f333382, Nodes: 49dcdc92-38f9-4214-ac53-ad04882e13af{ip: 192.168.36.99, host: pr-hdds-1569-p5fx8-1226042367, networkLocation: /default-rack, certSerialId: null}, Type:RATIS, Factor:ONE, State:OPEN]
2019-09-20 14:28:17,840 [RatisPipelineUtilsThread] INFO  pipeline.PipelinePlacementPolicy (PipelinePlacementPolicy.java:meetCriteria(91)) - Pipeline Placement: Doesn't meet the criteria to be viable node： 2809c2c2-ae59-4cd3-896b-694de5a9a212 Heaviness: 6 limit: 5
2019-09-20 14:28:17,851 [grpc-default-executor-0] INFO  impl.RaftServerProxy (RaftServerProxy.java:addNew(89)) - 4a8b5aae-7936-4127-a6e1-51a8bd8ea200: addNew group-FAEDE7BA4DA4:[4a8b5aae-7936-4127-a6e1-51a8bd8ea200:192.168.36.99:33214] returns group-FAEDE7BA4DA4:java.util.concurrent.CompletableFuture@ea1eb07[Not completed]
2019-09-20 14:28:17,853 [pool-632-thread-1] INFO  impl.RaftServerImpl (RaftServerImpl.java:<init>(93)) - 4a8b5aae-7936-4127-a6e1-51a8bd8ea200: new RaftServerImpl for group-FAEDE7BA4DA4:[4a8b5aae-7936-4127-a6e1-51a8bd8ea200:192.168.36.99:33214] with ContainerStateMachine:uninitialized
2019-09-20 14:28:17,853 [pool-632-thread-1] INFO  server.RaftServerConfigKeys (ConfUtils.java:logGet(43)) - raft.server.rpc.timeout.min = 5s (custom)
2019-09-20 14:28:17,853 [pool-632-thread-1] INFO  server.RaftServerConfigKeys (ConfUtils.java:logGet(43)) - raft.server.rpc.timeout.max = 5200ms (custom)
2019-09-20 14:28:17,853 [pool-632-thread-1] INFO  server.RaftServerConfigKeys (ConfUtils.java:logGet(43)) - raft.server.rpcslowness.timeout = 120s (custom)
2019-09-20 14:28:17,853 [pool-632-thread-1] INFO  server.RaftServerConfigKeys (ConfUtils.java:logGet(43)) - raft.server.sleep.deviation.threshold = 300 (default)
2019-09-20 14:28:17,853 [pool-632-thread-1] INFO  server.RaftServerConfigKeys (ConfUtils.java:logGet(43)) - raft.server.log.appender.install.snapshot.enabled = false (custom)
2019-09-20 14:28:17,853 [pool-632-thread-1] INFO  impl.RaftServerImpl (ServerState.java:<init>(105)) - 4a8b5aae-7936-4127-a6e1-51a8bd8ea200:group-FAEDE7BA4DA4 ConfigurationManager, init=-1: [4a8b5aae-7936-4127-a6e1-51a8bd8ea200:192.168.36.99:33214], old=null, confs=<EMPTY_MAP>
2019-09-20 14:28:17,853 [pool-632-thread-1] INFO  server.RaftServerConfigKeys (ConfUtils.java:logGet(43)) - raft.server.storage.dir = [/workdir/hadoop-ozone/ozonefs/target/test-dir/MiniOzoneClusterImpl-54451e80-538c-4519-a538-a89d0a6472e3/datanode-2/data/ratis] (custom)
2019-09-20 14:28:17,854 [pool-632-thread-1] INFO  storage.RaftStorageDirectory (RaftStorageDirectory.java:analyzeStorage(246)) - The storage directory /workdir/hadoop-ozone/ozonefs/target/test-dir/MiniOzoneClusterImpl-54451e80-538c-4519-a538-a89d0a6472e3/datanode-2/data/ratis/de187570-aa13-4426-b59b-faede7ba4da4 does not exist. Creating ...
2019-09-20 14:28:17,878 | INFO  | OMAudit | user=jenkins1000 | ip=127.0.0.1 | op=CREATE_VOLUME {admin=admin15914, owner=user14519, volume=volume59835, creationTime=1568989697877, quotaInBytes=1152921504606846976} | ret=SUCCESS |  
2019-09-20 14:28:17,878 [pool-632-thread-1] INFO  storage.RaftStorageDirectory (RaftStorageDirectory.java:tryLock(328)) - Lock on /workdir/hadoop-ozone/ozonefs/target/test-dir/MiniOzoneClusterImpl-54451e80-538c-4519-a538-a89d0a6472e3/datanode-2/data/ratis/de187570-aa13-4426-b59b-faede7ba4da4/in_use.lock acquired by nodename 21669@pr-hdds-1569-p5fx8-1226042367
2019-09-20 14:28:17,885 | INFO  | OMAudit | user=jenkins1000 | ip=127.0.0.1 | op=CREATE_BUCKET {volume=volume59835, bucket=bucket02074, acls=[], isVersionEnabled=false, storageType=DISK, creationTime=0} | ret=SUCCESS |  
2019-09-20 14:28:17,904 [pool-632-thread-1] INFO  storage.RaftStorage (RaftStorage.java:format(72)) - Storage directory /workdir/hadoop-ozone/ozonefs/target/test-dir/MiniOzoneClusterImpl-54451e80-538c-4519-a538-a89d0a6472e3/datanode-2/data/ratis/de187570-aa13-4426-b59b-faede7ba4da4 has been successfully formatted.
2019-09-20 14:28:17,908 [pool-632-thread-1] INFO  ratis.ContainerStateMachine (ContainerStateMachine.java:loadSnapshot(226)) - group-FAEDE7BA4DA4: The snapshot info is null. Setting the last applied indexto:(t:0, i:~)
2019-09-20 14:28:17,908 [pool-632-thread-1] INFO  server.RaftServerConfigKeys (ConfUtils.java:logGet(43)) - raft.server.leader.election.timeout = 120s (custom)
2019-09-20 14:28:17,908 [pool-632-thread-1] INFO  server.RaftServerConfigKeys (ConfUtils.java:logGet(43)) - raft.server.log.use.memory = false (default)
2019-09-20 14:28:17,909 [pool-632-thread-1] INFO  server.RaftServerConfigKeys (ConfUtils.java:logGet(43)) - raft.server.log.purge.gap = 1000000 (custom)
2019-09-20 14:28:17,909 [pool-632-thread-1] INFO  server.RaftServerConfigKeys (ConfUtils.java:logGet(43)) - raft.server.log.appender.buffer.byte-limit = 33554432 (custom)
2019-09-20 14:28:17,909 [pool-632-thread-1] INFO  server.RaftServerConfigKeys (ConfUtils.java:logGet(43)) - raft.server.log.segment.size.max = 1048576 (custom)
2019-09-20 14:28:17,909 [pool-632-thread-1] INFO  server.RaftServerConfigKeys (ConfUtils.java:logGet(43)) - raft.server.log.segment.cache.num.max = 2 (custom)
2019-09-20 14:28:17,909 [pool-632-thread-1] INFO  segmented.SegmentedRaftLogWorker (SegmentedRaftLogWorker.java:<init>(172)) - new 4a8b5aae-7936-4127-a6e1-51a8bd8ea200-SegmentedRaftLogWorker:Storage Directory /workdir/hadoop-ozone/ozonefs/target/test-dir/MiniOzoneClusterImpl-54451e80-538c-4519-a538-a89d0a6472e3/datanode-2/data/ratis/de187570-aa13-4426-b59b-faede7ba4da4 for RaftStorage:Storage Directory /workdir/hadoop-ozone/ozonefs/target/test-dir/MiniOzoneClusterImpl-54451e80-538c-4519-a538-a89d0a6472e3/datanode-2/data/ratis/de187570-aa13-4426-b59b-faede7ba4da4
2019-09-20 14:28:17,909 [pool-632-thread-1] INFO  server.RaftServerConfigKeys (ConfUtils.java:logGet(43)) - raft.server.log.queue.byte-limit = 2147483647 (custom)
2019-09-20 14:28:17,909 [pool-632-thread-1] INFO  server.RaftServerConfigKeys (ConfUtils.java:logGet(43)) - raft.server.log.queue.element-limit = 1024 (custom)
2019-09-20 14:28:17,909 [pool-632-thread-1] INFO  server.RaftServerConfigKeys (ConfUtils.java:logGet(43)) - raft.server.log.segment.size.max = 1048576 (custom)
2019-09-20 14:28:17,910 [pool-632-thread-1] INFO  server.RaftServerConfigKeys (ConfUtils.java:logGet(43)) - raft.server.log.preallocated.size = 16384 (custom)
2019-09-20 14:28:17,910 [pool-632-thread-1] INFO  server.RaftServerConfigKeys (ConfUtils.java:logGet(43)) - raft.server.log.write.buffer.size = 33554432 (custom)
2019-09-20 14:28:17,910 [pool-632-thread-1] INFO  server.RaftServerConfigKeys (ConfUtils.java:logGet(43)) - raft.server.log.force.sync.num = 128 (default)
2019-09-20 14:28:17,910 [pool-632-thread-1] INFO  server.RaftServerConfigKeys (ConfUtils.java:logGet(43)) - raft.server.log.statemachine.data.sync = true (default)
2019-09-20 14:28:17,910 [pool-632-thread-1] INFO  server.RaftServerConfigKeys (ConfUtils.java:logGet(43)) - raft.server.log.statemachine.data.sync.timeout = 10s (default)
2019-09-20 14:28:17,910 [pool-632-thread-1] INFO  server.RaftServerConfigKeys (ConfUtils.java:logGet(43)) - raft.server.log.statemachine.data.sync.timeout.retry = -1 (default)
2019-09-20 14:28:17,910 [pool-632-thread-1] INFO  server.RaftServerConfigKeys (ConfUtils.java:logGet(43)) - raft.server.log.statemachine.data.caching.enabled = true (custom)
2019-09-20 14:28:17,910 [pool-632-thread-1] INFO  segmented.SegmentedRaftLogWorker (SegmentedRaftLogWorker.java:lambda$new$0(132)) - 4a8b5aae-7936-4127-a6e1-51a8bd8ea200-SegmentedRaftLogWorker:Storage Directory /workdir/hadoop-ozone/ozonefs/target/test-dir/MiniOzoneClusterImpl-54451e80-538c-4519-a538-a89d0a6472e3/datanode-2/data/ratis/de187570-aa13-4426-b59b-faede7ba4da4: flushIndex: setUnconditionally 0 -> -1
2019-09-20 14:28:17,911 [pool-632-thread-1] INFO  server.RaftServerConfigKeys (ConfUtils.java:logGet(43)) - raft.server.snapshot.auto.trigger.enabled = true (custom)
2019-09-20 14:28:17,911 [pool-632-thread-1] INFO  server.RaftServerConfigKeys (ConfUtils.java:logGet(43)) - raft.server.snapshot.auto.trigger.threshold = 10000 (custom)
2019-09-20 14:28:17,911 [pool-632-thread-1] INFO  server.RaftServerConfigKeys (ConfUtils.java:logGet(43)) - raft.server.retrycache.expirytime = 600000ms (custom)
2019-09-20 14:28:17,911 [pool-632-thread-1] INFO  impl.RaftServerImpl (RaftServerImpl.java:start(180)) - 4a8b5aae-7936-4127-a6e1-51a8bd8ea200: start group-FAEDE7BA4DA4
2019-09-20 14:28:17,911 [pool-632-thread-1] INFO  impl.RaftServerImpl (RaftServerImpl.java:setRole(171)) - 4a8b5aae-7936-4127-a6e1-51a8bd8ea200:group-FAEDE7BA4DA4 changes role from null to FOLLOWER at term 0 for startAsFollower
2019-09-20 14:28:17,911 [pool-632-thread-1] INFO  impl.RoleInfo (RoleInfo.java:updateAndGet(143)) - 4a8b5aae-7936-4127-a6e1-51a8bd8ea200: start FollowerState
2019-09-20 14:28:17,912 [pool-632-thread-1] INFO  util.JmxRegister (JmxRegister.java:tryRegister(44)) - Successfully registered JMX Bean with object name Ratis:service=RaftServer,group=group-FAEDE7BA4DA4,id=4a8b5aae-7936-4127-a6e1-51a8bd8ea200
2019-09-20 14:28:17,913 | INFO  | OMAudit | user=jenkins1000 | ip=127.0.0.1 | op=READ_VOLUME {volume=volume59835} | ret=SUCCESS |  
2019-09-20 14:28:17,914 [RatisPipelineUtilsThread] INFO  pipeline.PipelineStateManager (PipelineStateManager.java:addPipeline(56)) - Created pipeline Pipeline[ Id: de187570-aa13-4426-b59b-faede7ba4da4, Nodes: 4a8b5aae-7936-4127-a6e1-51a8bd8ea200{ip: 192.168.36.99, host: pr-hdds-1569-p5fx8-1226042367, networkLocation: /default-rack, certSerialId: null}, Type:RATIS, Factor:ONE, State:OPEN]
2019-09-20 14:28:17,914 [RatisPipelineUtilsThread] INFO  pipeline.PipelinePlacementPolicy (PipelinePlacementPolicy.java:meetCriteria(91)) - Pipeline Placement: Doesn't meet the criteria to be viable node： 2809c2c2-ae59-4cd3-896b-694de5a9a212 Heaviness: 6 limit: 5
2019-09-20 14:28:17,915 | INFO  | OMAudit | user=jenkins1000 | ip=127.0.0.1 | op=READ_BUCKET {volume=volume59835, bucket=bucket02074} | ret=SUCCESS |  
2019-09-20 14:28:17,919 [grpc-default-executor-0] INFO  impl.RaftServerProxy (RaftServerProxy.java:addNew(89)) - 49dcdc92-38f9-4214-ac53-ad04882e13af: addNew group-06EE6C2FEE9D:[49dcdc92-38f9-4214-ac53-ad04882e13af:192.168.36.99:36985] returns group-06EE6C2FEE9D:java.util.concurrent.CompletableFuture@35d80a9e[Not completed]
2019-09-20 14:28:17,920 [pool-621-thread-1] INFO  impl.RaftServerImpl (RaftServerImpl.java:<init>(93)) - 49dcdc92-38f9-4214-ac53-ad04882e13af: new RaftServerImpl for group-06EE6C2FEE9D:[49dcdc92-38f9-4214-ac53-ad04882e13af:192.168.36.99:36985] with ContainerStateMachine:uninitialized
2019-09-20 14:28:17,920 [pool-621-thread-1] INFO  server.RaftServerConfigKeys (ConfUtils.java:logGet(43)) - raft.server.rpc.timeout.min = 5s (custom)
2019-09-20 14:28:17,920 [pool-621-thread-1] INFO  server.RaftServerConfigKeys (ConfUtils.java:logGet(43)) - raft.server.rpc.timeout.max = 5200ms (custom)
2019-09-20 14:28:17,920 [pool-621-thread-1] INFO  server.RaftServerConfigKeys (ConfUtils.java:logGet(43)) - raft.server.rpcslowness.timeout = 120s (custom)
2019-09-20 14:28:17,921 [pool-621-thread-1] INFO  server.RaftServerConfigKeys (ConfUtils.java:logGet(43)) - raft.server.sleep.deviation.threshold = 300 (default)
2019-09-20 14:28:17,921 [pool-621-thread-1] INFO  server.RaftServerConfigKeys (ConfUtils.java:logGet(43)) - raft.server.log.appender.install.snapshot.enabled = false (custom)
2019-09-20 14:28:17,921 [pool-621-thread-1] INFO  impl.RaftServerImpl (ServerState.java:<init>(105)) - 49dcdc92-38f9-4214-ac53-ad04882e13af:group-06EE6C2FEE9D ConfigurationManager, init=-1: [49dcdc92-38f9-4214-ac53-ad04882e13af:192.168.36.99:36985], old=null, confs=<EMPTY_MAP>
2019-09-20 14:28:17,921 [pool-621-thread-1] INFO  server.RaftServerConfigKeys (ConfUtils.java:logGet(43)) - raft.server.storage.dir = [/workdir/hadoop-ozone/ozonefs/target/test-dir/MiniOzoneClusterImpl-54451e80-538c-4519-a538-a89d0a6472e3/datanode-1/data/ratis] (custom)
2019-09-20 14:28:17,921 [pool-621-thread-1] INFO  storage.RaftStorageDirectory (RaftStorageDirectory.java:analyzeStorage(246)) - The storage directory /workdir/hadoop-ozone/ozonefs/target/test-dir/MiniOzoneClusterImpl-54451e80-538c-4519-a538-a89d0a6472e3/datanode-1/data/ratis/d8b5f551-e5df-4107-ab53-06ee6c2fee9d does not exist. Creating ...
2019-09-20 14:28:17,945 [pool-621-thread-1] INFO  storage.RaftStorageDirectory (RaftStorageDirectory.java:tryLock(328)) - Lock on /workdir/hadoop-ozone/ozonefs/target/test-dir/MiniOzoneClusterImpl-54451e80-538c-4519-a538-a89d0a6472e3/datanode-1/data/ratis/d8b5f551-e5df-4107-ab53-06ee6c2fee9d/in_use.lock acquired by nodename 21669@pr-hdds-1569-p5fx8-1226042367
2019-09-20 14:28:17,968 [pool-621-thread-1] INFO  storage.RaftStorage (RaftStorage.java:format(72)) - Storage directory /workdir/hadoop-ozone/ozonefs/target/test-dir/MiniOzoneClusterImpl-54451e80-538c-4519-a538-a89d0a6472e3/datanode-1/data/ratis/d8b5f551-e5df-4107-ab53-06ee6c2fee9d has been successfully formatted.
2019-09-20 14:28:17,968 [pool-621-thread-1] INFO  ratis.ContainerStateMachine (ContainerStateMachine.java:loadSnapshot(226)) - group-06EE6C2FEE9D: The snapshot info is null. Setting the last applied indexto:(t:0, i:~)
2019-09-20 14:28:17,968 [pool-621-thread-1] INFO  server.RaftServerConfigKeys (ConfUtils.java:logGet(43)) - raft.server.leader.election.timeout = 120s (custom)
2019-09-20 14:28:17,968 [pool-621-thread-1] INFO  server.RaftServerConfigKeys (ConfUtils.java:logGet(43)) - raft.server.log.use.memory = false (default)
2019-09-20 14:28:17,969 [pool-621-thread-1] INFO  server.RaftServerConfigKeys (ConfUtils.java:logGet(43)) - raft.server.log.purge.gap = 1000000 (custom)
2019-09-20 14:28:17,969 [pool-621-thread-1] INFO  server.RaftServerConfigKeys (ConfUtils.java:logGet(43)) - raft.server.log.appender.buffer.byte-limit = 33554432 (custom)
2019-09-20 14:28:17,969 [pool-621-thread-1] INFO  server.RaftServerConfigKeys (ConfUtils.java:logGet(43)) - raft.server.log.segment.size.max = 1048576 (custom)
2019-09-20 14:28:17,969 [pool-621-thread-1] INFO  server.RaftServerConfigKeys (ConfUtils.java:logGet(43)) - raft.server.log.segment.cache.num.max = 2 (custom)
2019-09-20 14:28:17,969 [pool-621-thread-1] INFO  segmented.SegmentedRaftLogWorker (SegmentedRaftLogWorker.java:<init>(172)) - new 49dcdc92-38f9-4214-ac53-ad04882e13af-SegmentedRaftLogWorker:Storage Directory /workdir/hadoop-ozone/ozonefs/target/test-dir/MiniOzoneClusterImpl-54451e80-538c-4519-a538-a89d0a6472e3/datanode-1/data/ratis/d8b5f551-e5df-4107-ab53-06ee6c2fee9d for RaftStorage:Storage Directory /workdir/hadoop-ozone/ozonefs/target/test-dir/MiniOzoneClusterImpl-54451e80-538c-4519-a538-a89d0a6472e3/datanode-1/data/ratis/d8b5f551-e5df-4107-ab53-06ee6c2fee9d
2019-09-20 14:28:17,969 [pool-621-thread-1] INFO  server.RaftServerConfigKeys (ConfUtils.java:logGet(43)) - raft.server.log.queue.byte-limit = 2147483647 (custom)
2019-09-20 14:28:17,969 [pool-621-thread-1] INFO  server.RaftServerConfigKeys (ConfUtils.java:logGet(43)) - raft.server.log.queue.element-limit = 1024 (custom)
2019-09-20 14:28:17,970 [pool-621-thread-1] INFO  server.RaftServerConfigKeys (ConfUtils.java:logGet(43)) - raft.server.log.segment.size.max = 1048576 (custom)
2019-09-20 14:28:17,970 [pool-621-thread-1] INFO  server.RaftServerConfigKeys (ConfUtils.java:logGet(43)) - raft.server.log.preallocated.size = 16384 (custom)
2019-09-20 14:28:17,970 [pool-621-thread-1] INFO  server.RaftServerConfigKeys (ConfUtils.java:logGet(43)) - raft.server.log.write.buffer.size = 33554432 (custom)
2019-09-20 14:28:17,970 [pool-621-thread-1] INFO  server.RaftServerConfigKeys (ConfUtils.java:logGet(43)) - raft.server.log.force.sync.num = 128 (default)
2019-09-20 14:28:17,970 [pool-621-thread-1] INFO  server.RaftServerConfigKeys (ConfUtils.java:logGet(43)) - raft.server.log.statemachine.data.sync = true (default)
2019-09-20 14:28:17,970 [pool-621-thread-1] INFO  server.RaftServerConfigKeys (ConfUtils.java:logGet(43)) - raft.server.log.statemachine.data.sync.timeout = 10s (default)
2019-09-20 14:28:17,970 [pool-621-thread-1] INFO  server.RaftServerConfigKeys (ConfUtils.java:logGet(43)) - raft.server.log.statemachine.data.sync.timeout.retry = -1 (default)
2019-09-20 14:28:17,971 [pool-621-thread-1] INFO  server.RaftServerConfigKeys (ConfUtils.java:logGet(43)) - raft.server.log.statemachine.data.caching.enabled = true (custom)
2019-09-20 14:28:17,971 [pool-621-thread-1] INFO  segmented.SegmentedRaftLogWorker (SegmentedRaftLogWorker.java:lambda$new$0(132)) - 49dcdc92-38f9-4214-ac53-ad04882e13af-SegmentedRaftLogWorker:Storage Directory /workdir/hadoop-ozone/ozonefs/target/test-dir/MiniOzoneClusterImpl-54451e80-538c-4519-a538-a89d0a6472e3/datanode-1/data/ratis/d8b5f551-e5df-4107-ab53-06ee6c2fee9d: flushIndex: setUnconditionally 0 -> -1
2019-09-20 14:28:17,971 [pool-621-thread-1] INFO  server.RaftServerConfigKeys (ConfUtils.java:logGet(43)) - raft.server.snapshot.auto.trigger.enabled = true (custom)
2019-09-20 14:28:17,972 [pool-621-thread-1] INFO  server.RaftServerConfigKeys (ConfUtils.java:logGet(43)) - raft.server.snapshot.auto.trigger.threshold = 10000 (custom)
2019-09-20 14:28:17,972 [pool-621-thread-1] INFO  server.RaftServerConfigKeys (ConfUtils.java:logGet(43)) - raft.server.retrycache.expirytime = 600000ms (custom)
2019-09-20 14:28:17,972 [pool-621-thread-1] INFO  impl.RaftServerImpl (RaftServerImpl.java:start(180)) - 49dcdc92-38f9-4214-ac53-ad04882e13af: start group-06EE6C2FEE9D
2019-09-20 14:28:17,972 [pool-621-thread-1] INFO  impl.RaftServerImpl (RaftServerImpl.java:setRole(171)) - 49dcdc92-38f9-4214-ac53-ad04882e13af:group-06EE6C2FEE9D changes role from null to FOLLOWER at term 0 for startAsFollower
2019-09-20 14:28:17,972 [pool-621-thread-1] INFO  impl.RoleInfo (RoleInfo.java:updateAndGet(143)) - 49dcdc92-38f9-4214-ac53-ad04882e13af: start FollowerState
2019-09-20 14:28:17,973 [pool-621-thread-1] INFO  util.JmxRegister (JmxRegister.java:tryRegister(44)) - Successfully registered JMX Bean with object name Ratis:service=RaftServer,group=group-06EE6C2FEE9D,id=49dcdc92-38f9-4214-ac53-ad04882e13af
2019-09-20 14:28:17,975 [RatisPipelineUtilsThread] INFO  pipeline.PipelineStateManager (PipelineStateManager.java:addPipeline(56)) - Created pipeline Pipeline[ Id: d8b5f551-e5df-4107-ab53-06ee6c2fee9d, Nodes: 49dcdc92-38f9-4214-ac53-ad04882e13af{ip: 192.168.36.99, host: pr-hdds-1569-p5fx8-1226042367, networkLocation: /default-rack, certSerialId: null}, Type:RATIS, Factor:ONE, State:OPEN]
2019-09-20 14:28:17,976 [RatisPipelineUtilsThread] INFO  pipeline.PipelinePlacementPolicy (PipelinePlacementPolicy.java:meetCriteria(91)) - Pipeline Placement: Doesn't meet the criteria to be viable node： 2809c2c2-ae59-4cd3-896b-694de5a9a212 Heaviness: 6 limit: 5
2019-09-20 14:28:17,981 [grpc-default-executor-0] INFO  impl.RaftServerProxy (RaftServerProxy.java:addNew(89)) - 4a8b5aae-7936-4127-a6e1-51a8bd8ea200: addNew group-5F2E7755BA1C:[4a8b5aae-7936-4127-a6e1-51a8bd8ea200:192.168.36.99:33214] returns group-5F2E7755BA1C:java.util.concurrent.CompletableFuture@25df7dc8[Not completed]
2019-09-20 14:28:17,982 [pool-632-thread-1] INFO  impl.RaftServerImpl (RaftServerImpl.java:<init>(93)) - 4a8b5aae-7936-4127-a6e1-51a8bd8ea200: new RaftServerImpl for group-5F2E7755BA1C:[4a8b5aae-7936-4127-a6e1-51a8bd8ea200:192.168.36.99:33214] with ContainerStateMachine:uninitialized
2019-09-20 14:28:17,982 [pool-632-thread-1] INFO  server.RaftServerConfigKeys (ConfUtils.java:logGet(43)) - raft.server.rpc.timeout.min = 5s (custom)
2019-09-20 14:28:17,982 [pool-632-thread-1] INFO  server.RaftServerConfigKeys (ConfUtils.java:logGet(43)) - raft.server.rpc.timeout.max = 5200ms (custom)
2019-09-20 14:28:17,982 [pool-632-thread-1] INFO  server.RaftServerConfigKeys (ConfUtils.java:logGet(43)) - raft.server.rpcslowness.timeout = 120s (custom)
2019-09-20 14:28:17,982 [pool-632-thread-1] INFO  server.RaftServerConfigKeys (ConfUtils.java:logGet(43)) - raft.server.sleep.deviation.threshold = 300 (default)
2019-09-20 14:28:17,982 [pool-632-thread-1] INFO  server.RaftServerConfigKeys (ConfUtils.java:logGet(43)) - raft.server.log.appender.install.snapshot.enabled = false (custom)
2019-09-20 14:28:17,982 [pool-632-thread-1] INFO  impl.RaftServerImpl (ServerState.java:<init>(105)) - 4a8b5aae-7936-4127-a6e1-51a8bd8ea200:group-5F2E7755BA1C ConfigurationManager, init=-1: [4a8b5aae-7936-4127-a6e1-51a8bd8ea200:192.168.36.99:33214], old=null, confs=<EMPTY_MAP>
2019-09-20 14:28:17,982 [pool-632-thread-1] INFO  server.RaftServerConfigKeys (ConfUtils.java:logGet(43)) - raft.server.storage.dir = [/workdir/hadoop-ozone/ozonefs/target/test-dir/MiniOzoneClusterImpl-54451e80-538c-4519-a538-a89d0a6472e3/datanode-2/data/ratis] (custom)
2019-09-20 14:28:17,983 [pool-632-thread-1] INFO  storage.RaftStorageDirectory (RaftStorageDirectory.java:analyzeStorage(246)) - The storage directory /workdir/hadoop-ozone/ozonefs/target/test-dir/MiniOzoneClusterImpl-54451e80-538c-4519-a538-a89d0a6472e3/datanode-2/data/ratis/b7474f04-2bcf-496e-85dd-5f2e7755ba1c does not exist. Creating ...
2019-09-20 14:28:18,005 [pool-632-thread-1] INFO  storage.RaftStorageDirectory (RaftStorageDirectory.java:tryLock(328)) - Lock on /workdir/hadoop-ozone/ozonefs/target/test-dir/MiniOzoneClusterImpl-54451e80-538c-4519-a538-a89d0a6472e3/datanode-2/data/ratis/b7474f04-2bcf-496e-85dd-5f2e7755ba1c/in_use.lock acquired by nodename 21669@pr-hdds-1569-p5fx8-1226042367
2019-09-20 14:28:18,029 [pool-632-thread-1] INFO  storage.RaftStorage (RaftStorage.java:format(72)) - Storage directory /workdir/hadoop-ozone/ozonefs/target/test-dir/MiniOzoneClusterImpl-54451e80-538c-4519-a538-a89d0a6472e3/datanode-2/data/ratis/b7474f04-2bcf-496e-85dd-5f2e7755ba1c has been successfully formatted.
2019-09-20 14:28:18,030 [pool-632-thread-1] INFO  ratis.ContainerStateMachine (ContainerStateMachine.java:loadSnapshot(226)) - group-5F2E7755BA1C: The snapshot info is null. Setting the last applied indexto:(t:0, i:~)
2019-09-20 14:28:18,030 [pool-632-thread-1] INFO  server.RaftServerConfigKeys (ConfUtils.java:logGet(43)) - raft.server.leader.election.timeout = 120s (custom)
2019-09-20 14:28:18,030 [pool-632-thread-1] INFO  server.RaftServerConfigKeys (ConfUtils.java:logGet(43)) - raft.server.log.use.memory = false (default)
2019-09-20 14:28:18,030 [pool-632-thread-1] INFO  server.RaftServerConfigKeys (ConfUtils.java:logGet(43)) - raft.server.log.purge.gap = 1000000 (custom)
2019-09-20 14:28:18,031 [pool-632-thread-1] INFO  server.RaftServerConfigKeys (ConfUtils.java:logGet(43)) - raft.server.log.appender.buffer.byte-limit = 33554432 (custom)
2019-09-20 14:28:18,031 [pool-632-thread-1] INFO  server.RaftServerConfigKeys (ConfUtils.java:logGet(43)) - raft.server.log.segment.size.max = 1048576 (custom)
2019-09-20 14:28:18,031 [pool-632-thread-1] INFO  server.RaftServerConfigKeys (ConfUtils.java:logGet(43)) - raft.server.log.segment.cache.num.max = 2 (custom)
2019-09-20 14:28:18,031 [pool-632-thread-1] INFO  segmented.SegmentedRaftLogWorker (SegmentedRaftLogWorker.java:<init>(172)) - new 4a8b5aae-7936-4127-a6e1-51a8bd8ea200-SegmentedRaftLogWorker:Storage Directory /workdir/hadoop-ozone/ozonefs/target/test-dir/MiniOzoneClusterImpl-54451e80-538c-4519-a538-a89d0a6472e3/datanode-2/data/ratis/b7474f04-2bcf-496e-85dd-5f2e7755ba1c for RaftStorage:Storage Directory /workdir/hadoop-ozone/ozonefs/target/test-dir/MiniOzoneClusterImpl-54451e80-538c-4519-a538-a89d0a6472e3/datanode-2/data/ratis/b7474f04-2bcf-496e-85dd-5f2e7755ba1c
2019-09-20 14:28:18,031 [pool-632-thread-1] INFO  server.RaftServerConfigKeys (ConfUtils.java:logGet(43)) - raft.server.log.queue.byte-limit = 2147483647 (custom)
2019-09-20 14:28:18,031 [pool-632-thread-1] INFO  server.RaftServerConfigKeys (ConfUtils.java:logGet(43)) - raft.server.log.queue.element-limit = 1024 (custom)
2019-09-20 14:28:18,032 [pool-632-thread-1] INFO  server.RaftServerConfigKeys (ConfUtils.java:logGet(43)) - raft.server.log.segment.size.max = 1048576 (custom)
2019-09-20 14:28:18,032 [pool-632-thread-1] INFO  server.RaftServerConfigKeys (ConfUtils.java:logGet(43)) - raft.server.log.preallocated.size = 16384 (custom)
2019-09-20 14:28:18,032 [pool-632-thread-1] INFO  server.RaftServerConfigKeys (ConfUtils.java:logGet(43)) - raft.server.log.write.buffer.size = 33554432 (custom)
2019-09-20 14:28:18,032 [pool-632-thread-1] INFO  server.RaftServerConfigKeys (ConfUtils.java:logGet(43)) - raft.server.log.force.sync.num = 128 (default)
2019-09-20 14:28:18,032 [pool-632-thread-1] INFO  server.RaftServerConfigKeys (ConfUtils.java:logGet(43)) - raft.server.log.statemachine.data.sync = true (default)
2019-09-20 14:28:18,032 [pool-632-thread-1] INFO  server.RaftServerConfigKeys (ConfUtils.java:logGet(43)) - raft.server.log.statemachine.data.sync.timeout = 10s (default)
2019-09-20 14:28:18,032 [pool-632-thread-1] INFO  server.RaftServerConfigKeys (ConfUtils.java:logGet(43)) - raft.server.log.statemachine.data.sync.timeout.retry = -1 (default)
2019-09-20 14:28:18,033 [pool-632-thread-1] INFO  server.RaftServerConfigKeys (ConfUtils.java:logGet(43)) - raft.server.log.statemachine.data.caching.enabled = true (custom)
2019-09-20 14:28:18,033 [pool-632-thread-1] INFO  segmented.SegmentedRaftLogWorker (SegmentedRaftLogWorker.java:lambda$new$0(132)) - 4a8b5aae-7936-4127-a6e1-51a8bd8ea200-SegmentedRaftLogWorker:Storage Directory /workdir/hadoop-ozone/ozonefs/target/test-dir/MiniOzoneClusterImpl-54451e80-538c-4519-a538-a89d0a6472e3/datanode-2/data/ratis/b7474f04-2bcf-496e-85dd-5f2e7755ba1c: flushIndex: setUnconditionally 0 -> -1
2019-09-20 14:28:18,033 [pool-632-thread-1] INFO  server.RaftServerConfigKeys (ConfUtils.java:logGet(43)) - raft.server.snapshot.auto.trigger.enabled = true (custom)
2019-09-20 14:28:18,034 [pool-632-thread-1] INFO  server.RaftServerConfigKeys (ConfUtils.java:logGet(43)) - raft.server.snapshot.auto.trigger.threshold = 10000 (custom)
2019-09-20 14:28:18,034 [pool-632-thread-1] INFO  server.RaftServerConfigKeys (ConfUtils.java:logGet(43)) - raft.server.retrycache.expirytime = 600000ms (custom)
2019-09-20 14:28:18,034 [pool-632-thread-1] INFO  impl.RaftServerImpl (RaftServerImpl.java:start(180)) - 4a8b5aae-7936-4127-a6e1-51a8bd8ea200: start group-5F2E7755BA1C
2019-09-20 14:28:18,034 [pool-632-thread-1] INFO  impl.RaftServerImpl (RaftServerImpl.java:setRole(171)) - 4a8b5aae-7936-4127-a6e1-51a8bd8ea200:group-5F2E7755BA1C changes role from null to FOLLOWER at term 0 for startAsFollower
2019-09-20 14:28:18,034 [pool-632-thread-1] INFO  impl.RoleInfo (RoleInfo.java:updateAndGet(143)) - 4a8b5aae-7936-4127-a6e1-51a8bd8ea200: start FollowerState
2019-09-20 14:28:18,035 [pool-632-thread-1] INFO  util.JmxRegister (JmxRegister.java:tryRegister(44)) - Successfully registered JMX Bean with object name Ratis:service=RaftServer,group=group-5F2E7755BA1C,id=4a8b5aae-7936-4127-a6e1-51a8bd8ea200
2019-09-20 14:28:18,038 [RatisPipelineUtilsThread] INFO  pipeline.PipelineStateManager (PipelineStateManager.java:addPipeline(56)) - Created pipeline Pipeline[ Id: b7474f04-2bcf-496e-85dd-5f2e7755ba1c, Nodes: 4a8b5aae-7936-4127-a6e1-51a8bd8ea200{ip: 192.168.36.99, host: pr-hdds-1569-p5fx8-1226042367, networkLocation: /default-rack, certSerialId: null}, Type:RATIS, Factor:ONE, State:OPEN]
2019-09-20 14:28:18,038 [RatisPipelineUtilsThread] INFO  pipeline.PipelinePlacementPolicy (PipelinePlacementPolicy.java:meetCriteria(91)) - Pipeline Placement: Doesn't meet the criteria to be viable node： 2809c2c2-ae59-4cd3-896b-694de5a9a212 Heaviness: 6 limit: 5
2019-09-20 14:28:18,043 [grpc-default-executor-0] INFO  impl.RaftServerProxy (RaftServerProxy.java:addNew(89)) - 49dcdc92-38f9-4214-ac53-ad04882e13af: addNew group-9775BCCD6DFB:[49dcdc92-38f9-4214-ac53-ad04882e13af:192.168.36.99:36985] returns group-9775BCCD6DFB:java.util.concurrent.CompletableFuture@18831c45[Not completed]
2019-09-20 14:28:18,045 [pool-621-thread-1] INFO  impl.RaftServerImpl (RaftServerImpl.java:<init>(93)) - 49dcdc92-38f9-4214-ac53-ad04882e13af: new RaftServerImpl for group-9775BCCD6DFB:[49dcdc92-38f9-4214-ac53-ad04882e13af:192.168.36.99:36985] with ContainerStateMachine:uninitialized
2019-09-20 14:28:18,045 [pool-621-thread-1] INFO  server.RaftServerConfigKeys (ConfUtils.java:logGet(43)) - raft.server.rpc.timeout.min = 5s (custom)
2019-09-20 14:28:18,045 [pool-621-thread-1] INFO  server.RaftServerConfigKeys (ConfUtils.java:logGet(43)) - raft.server.rpc.timeout.max = 5200ms (custom)
2019-09-20 14:28:18,045 [pool-621-thread-1] INFO  server.RaftServerConfigKeys (ConfUtils.java:logGet(43)) - raft.server.rpcslowness.timeout = 120s (custom)
2019-09-20 14:28:18,045 [pool-621-thread-1] INFO  server.RaftServerConfigKeys (ConfUtils.java:logGet(43)) - raft.server.sleep.deviation.threshold = 300 (default)
2019-09-20 14:28:18,045 [pool-621-thread-1] INFO  server.RaftServerConfigKeys (ConfUtils.java:logGet(43)) - raft.server.log.appender.install.snapshot.enabled = false (custom)
2019-09-20 14:28:18,045 [pool-621-thread-1] INFO  impl.RaftServerImpl (ServerState.java:<init>(105)) - 49dcdc92-38f9-4214-ac53-ad04882e13af:group-9775BCCD6DFB ConfigurationManager, init=-1: [49dcdc92-38f9-4214-ac53-ad04882e13af:192.168.36.99:36985], old=null, confs=<EMPTY_MAP>
2019-09-20 14:28:18,046 [pool-621-thread-1] INFO  server.RaftServerConfigKeys (ConfUtils.java:logGet(43)) - raft.server.storage.dir = [/workdir/hadoop-ozone/ozonefs/target/test-dir/MiniOzoneClusterImpl-54451e80-538c-4519-a538-a89d0a6472e3/datanode-1/data/ratis] (custom)
2019-09-20 14:28:18,046 [pool-621-thread-1] INFO  storage.RaftStorageDirectory (RaftStorageDirectory.java:analyzeStorage(246)) - The storage directory /workdir/hadoop-ozone/ozonefs/target/test-dir/MiniOzoneClusterImpl-54451e80-538c-4519-a538-a89d0a6472e3/datanode-1/data/ratis/9d3e652c-ae38-4280-9fb4-9775bccd6dfb does not exist. Creating ...
2019-09-20 14:28:18,070 [pool-621-thread-1] INFO  storage.RaftStorageDirectory (RaftStorageDirectory.java:tryLock(328)) - Lock on /workdir/hadoop-ozone/ozonefs/target/test-dir/MiniOzoneClusterImpl-54451e80-538c-4519-a538-a89d0a6472e3/datanode-1/data/ratis/9d3e652c-ae38-4280-9fb4-9775bccd6dfb/in_use.lock acquired by nodename 21669@pr-hdds-1569-p5fx8-1226042367
2019-09-20 14:28:18,095 [pool-621-thread-1] INFO  storage.RaftStorage (RaftStorage.java:format(72)) - Storage directory /workdir/hadoop-ozone/ozonefs/target/test-dir/MiniOzoneClusterImpl-54451e80-538c-4519-a538-a89d0a6472e3/datanode-1/data/ratis/9d3e652c-ae38-4280-9fb4-9775bccd6dfb has been successfully formatted.
2019-09-20 14:28:18,095 [pool-621-thread-1] INFO  ratis.ContainerStateMachine (ContainerStateMachine.java:loadSnapshot(226)) - group-9775BCCD6DFB: The snapshot info is null. Setting the last applied indexto:(t:0, i:~)
2019-09-20 14:28:18,095 [pool-621-thread-1] INFO  server.RaftServerConfigKeys (ConfUtils.java:logGet(43)) - raft.server.leader.election.timeout = 120s (custom)
2019-09-20 14:28:18,095 [pool-621-thread-1] INFO  server.RaftServerConfigKeys (ConfUtils.java:logGet(43)) - raft.server.log.use.memory = false (default)
2019-09-20 14:28:18,095 [pool-621-thread-1] INFO  server.RaftServerConfigKeys (ConfUtils.java:logGet(43)) - raft.server.log.purge.gap = 1000000 (custom)
2019-09-20 14:28:18,096 [pool-621-thread-1] INFO  server.RaftServerConfigKeys (ConfUtils.java:logGet(43)) - raft.server.log.appender.buffer.byte-limit = 33554432 (custom)
2019-09-20 14:28:18,096 [pool-621-thread-1] INFO  server.RaftServerConfigKeys (ConfUtils.java:logGet(43)) - raft.server.log.segment.size.max = 1048576 (custom)
2019-09-20 14:28:18,096 [pool-621-thread-1] INFO  server.RaftServerConfigKeys (ConfUtils.java:logGet(43)) - raft.server.log.segment.cache.num.max = 2 (custom)
2019-09-20 14:28:18,096 [pool-621-thread-1] INFO  segmented.SegmentedRaftLogWorker (SegmentedRaftLogWorker.java:<init>(172)) - new 49dcdc92-38f9-4214-ac53-ad04882e13af-SegmentedRaftLogWorker:Storage Directory /workdir/hadoop-ozone/ozonefs/target/test-dir/MiniOzoneClusterImpl-54451e80-538c-4519-a538-a89d0a6472e3/datanode-1/data/ratis/9d3e652c-ae38-4280-9fb4-9775bccd6dfb for RaftStorage:Storage Directory /workdir/hadoop-ozone/ozonefs/target/test-dir/MiniOzoneClusterImpl-54451e80-538c-4519-a538-a89d0a6472e3/datanode-1/data/ratis/9d3e652c-ae38-4280-9fb4-9775bccd6dfb
2019-09-20 14:28:18,096 [pool-621-thread-1] INFO  server.RaftServerConfigKeys (ConfUtils.java:logGet(43)) - raft.server.log.queue.byte-limit = 2147483647 (custom)
2019-09-20 14:28:18,096 [pool-621-thread-1] INFO  server.RaftServerConfigKeys (ConfUtils.java:logGet(43)) - raft.server.log.queue.element-limit = 1024 (custom)
2019-09-20 14:28:18,096 [pool-621-thread-1] INFO  server.RaftServerConfigKeys (ConfUtils.java:logGet(43)) - raft.server.log.segment.size.max = 1048576 (custom)
2019-09-20 14:28:18,097 [pool-621-thread-1] INFO  server.RaftServerConfigKeys (ConfUtils.java:logGet(43)) - raft.server.log.preallocated.size = 16384 (custom)
2019-09-20 14:28:18,097 [pool-621-thread-1] INFO  server.RaftServerConfigKeys (ConfUtils.java:logGet(43)) - raft.server.log.write.buffer.size = 33554432 (custom)
2019-09-20 14:28:18,097 [pool-621-thread-1] INFO  server.RaftServerConfigKeys (ConfUtils.java:logGet(43)) - raft.server.log.force.sync.num = 128 (default)
2019-09-20 14:28:18,097 [pool-621-thread-1] INFO  server.RaftServerConfigKeys (ConfUtils.java:logGet(43)) - raft.server.log.statemachine.data.sync = true (default)
2019-09-20 14:28:18,097 [pool-621-thread-1] INFO  server.RaftServerConfigKeys (ConfUtils.java:logGet(43)) - raft.server.log.statemachine.data.sync.timeout = 10s (default)
2019-09-20 14:28:18,097 [pool-621-thread-1] INFO  server.RaftServerConfigKeys (ConfUtils.java:logGet(43)) - raft.server.log.statemachine.data.sync.timeout.retry = -1 (default)
2019-09-20 14:28:18,097 [pool-621-thread-1] INFO  server.RaftServerConfigKeys (ConfUtils.java:logGet(43)) - raft.server.log.statemachine.data.caching.enabled = true (custom)
2019-09-20 14:28:18,098 [pool-621-thread-1] INFO  segmented.SegmentedRaftLogWorker (SegmentedRaftLogWorker.java:lambda$new$0(132)) - 49dcdc92-38f9-4214-ac53-ad04882e13af-SegmentedRaftLogWorker:Storage Directory /workdir/hadoop-ozone/ozonefs/target/test-dir/MiniOzoneClusterImpl-54451e80-538c-4519-a538-a89d0a6472e3/datanode-1/data/ratis/9d3e652c-ae38-4280-9fb4-9775bccd6dfb: flushIndex: setUnconditionally 0 -> -1
2019-09-20 14:28:18,098 [pool-621-thread-1] INFO  server.RaftServerConfigKeys (ConfUtils.java:logGet(43)) - raft.server.snapshot.auto.trigger.enabled = true (custom)
2019-09-20 14:28:18,098 [pool-621-thread-1] INFO  server.RaftServerConfigKeys (ConfUtils.java:logGet(43)) - raft.server.snapshot.auto.trigger.threshold = 10000 (custom)
2019-09-20 14:28:18,098 [pool-621-thread-1] INFO  server.RaftServerConfigKeys (ConfUtils.java:logGet(43)) - raft.server.retrycache.expirytime = 600000ms (custom)
2019-09-20 14:28:18,099 [pool-621-thread-1] INFO  impl.RaftServerImpl (RaftServerImpl.java:start(180)) - 49dcdc92-38f9-4214-ac53-ad04882e13af: start group-9775BCCD6DFB
2019-09-20 14:28:18,099 [pool-621-thread-1] INFO  impl.RaftServerImpl (RaftServerImpl.java:setRole(171)) - 49dcdc92-38f9-4214-ac53-ad04882e13af:group-9775BCCD6DFB changes role from null to FOLLOWER at term 0 for startAsFollower
2019-09-20 14:28:18,099 [pool-621-thread-1] INFO  impl.RoleInfo (RoleInfo.java:updateAndGet(143)) - 49dcdc92-38f9-4214-ac53-ad04882e13af: start FollowerState
2019-09-20 14:28:18,099 [pool-621-thread-1] INFO  util.JmxRegister (JmxRegister.java:tryRegister(44)) - Successfully registered JMX Bean with object name Ratis:service=RaftServer,group=group-9775BCCD6DFB,id=49dcdc92-38f9-4214-ac53-ad04882e13af
2019-09-20 14:28:18,102 [RatisPipelineUtilsThread] INFO  pipeline.PipelineStateManager (PipelineStateManager.java:addPipeline(56)) - Created pipeline Pipeline[ Id: 9d3e652c-ae38-4280-9fb4-9775bccd6dfb, Nodes: 49dcdc92-38f9-4214-ac53-ad04882e13af{ip: 192.168.36.99, host: pr-hdds-1569-p5fx8-1226042367, networkLocation: /default-rack, certSerialId: null}, Type:RATIS, Factor:ONE, State:OPEN]
2019-09-20 14:28:18,102 [RatisPipelineUtilsThread] INFO  pipeline.PipelinePlacementPolicy (PipelinePlacementPolicy.java:meetCriteria(91)) - Pipeline Placement: Doesn't meet the criteria to be viable node： 2809c2c2-ae59-4cd3-896b-694de5a9a212 Heaviness: 6 limit: 5
2019-09-20 14:28:18,108 [grpc-default-executor-0] INFO  impl.RaftServerProxy (RaftServerProxy.java:addNew(89)) - 49dcdc92-38f9-4214-ac53-ad04882e13af: addNew group-560A720540C7:[49dcdc92-38f9-4214-ac53-ad04882e13af:192.168.36.99:36985] returns group-560A720540C7:java.util.concurrent.CompletableFuture@58c93bef[Not completed]
2019-09-20 14:28:18,109 [pool-621-thread-1] INFO  impl.RaftServerImpl (RaftServerImpl.java:<init>(93)) - 49dcdc92-38f9-4214-ac53-ad04882e13af: new RaftServerImpl for group-560A720540C7:[49dcdc92-38f9-4214-ac53-ad04882e13af:192.168.36.99:36985] with ContainerStateMachine:uninitialized
2019-09-20 14:28:18,109 [pool-621-thread-1] INFO  server.RaftServerConfigKeys (ConfUtils.java:logGet(43)) - raft.server.rpc.timeout.min = 5s (custom)
2019-09-20 14:28:18,109 [pool-621-thread-1] INFO  server.RaftServerConfigKeys (ConfUtils.java:logGet(43)) - raft.server.rpc.timeout.max = 5200ms (custom)
2019-09-20 14:28:18,109 [pool-621-thread-1] INFO  server.RaftServerConfigKeys (ConfUtils.java:logGet(43)) - raft.server.rpcslowness.timeout = 120s (custom)
2019-09-20 14:28:18,109 [pool-621-thread-1] INFO  server.RaftServerConfigKeys (ConfUtils.java:logGet(43)) - raft.server.sleep.deviation.threshold = 300 (default)
2019-09-20 14:28:18,109 [pool-621-thread-1] INFO  server.RaftServerConfigKeys (ConfUtils.java:logGet(43)) - raft.server.log.appender.install.snapshot.enabled = false (custom)
2019-09-20 14:28:18,110 [pool-621-thread-1] INFO  impl.RaftServerImpl (ServerState.java:<init>(105)) - 49dcdc92-38f9-4214-ac53-ad04882e13af:group-560A720540C7 ConfigurationManager, init=-1: [49dcdc92-38f9-4214-ac53-ad04882e13af:192.168.36.99:36985], old=null, confs=<EMPTY_MAP>
2019-09-20 14:28:18,110 [pool-621-thread-1] INFO  server.RaftServerConfigKeys (ConfUtils.java:logGet(43)) - raft.server.storage.dir = [/workdir/hadoop-ozone/ozonefs/target/test-dir/MiniOzoneClusterImpl-54451e80-538c-4519-a538-a89d0a6472e3/datanode-1/data/ratis] (custom)
2019-09-20 14:28:18,110 [pool-621-thread-1] INFO  storage.RaftStorageDirectory (RaftStorageDirectory.java:analyzeStorage(246)) - The storage directory /workdir/hadoop-ozone/ozonefs/target/test-dir/MiniOzoneClusterImpl-54451e80-538c-4519-a538-a89d0a6472e3/datanode-1/data/ratis/6dd61a1e-3fef-4335-9835-560a720540c7 does not exist. Creating ...
2019-09-20 14:28:18,149 [pool-621-thread-1] INFO  storage.RaftStorageDirectory (RaftStorageDirectory.java:tryLock(328)) - Lock on /workdir/hadoop-ozone/ozonefs/target/test-dir/MiniOzoneClusterImpl-54451e80-538c-4519-a538-a89d0a6472e3/datanode-1/data/ratis/6dd61a1e-3fef-4335-9835-560a720540c7/in_use.lock acquired by nodename 21669@pr-hdds-1569-p5fx8-1226042367
2019-09-20 14:28:18,174 [pool-621-thread-1] INFO  storage.RaftStorage (RaftStorage.java:format(72)) - Storage directory /workdir/hadoop-ozone/ozonefs/target/test-dir/MiniOzoneClusterImpl-54451e80-538c-4519-a538-a89d0a6472e3/datanode-1/data/ratis/6dd61a1e-3fef-4335-9835-560a720540c7 has been successfully formatted.
2019-09-20 14:28:18,175 [pool-621-thread-1] INFO  ratis.ContainerStateMachine (ContainerStateMachine.java:loadSnapshot(226)) - group-560A720540C7: The snapshot info is null. Setting the last applied indexto:(t:0, i:~)
2019-09-20 14:28:18,175 [pool-621-thread-1] INFO  server.RaftServerConfigKeys (ConfUtils.java:logGet(43)) - raft.server.leader.election.timeout = 120s (custom)
2019-09-20 14:28:18,175 [pool-621-thread-1] INFO  server.RaftServerConfigKeys (ConfUtils.java:logGet(43)) - raft.server.log.use.memory = false (default)
2019-09-20 14:28:18,175 [pool-621-thread-1] INFO  server.RaftServerConfigKeys (ConfUtils.java:logGet(43)) - raft.server.log.purge.gap = 1000000 (custom)
2019-09-20 14:28:18,176 [pool-621-thread-1] INFO  server.RaftServerConfigKeys (ConfUtils.java:logGet(43)) - raft.server.log.appender.buffer.byte-limit = 33554432 (custom)
2019-09-20 14:28:18,176 [pool-621-thread-1] INFO  server.RaftServerConfigKeys (ConfUtils.java:logGet(43)) - raft.server.log.segment.size.max = 1048576 (custom)
2019-09-20 14:28:18,176 [pool-621-thread-1] INFO  server.RaftServerConfigKeys (ConfUtils.java:logGet(43)) - raft.server.log.segment.cache.num.max = 2 (custom)
2019-09-20 14:28:18,176 [pool-621-thread-1] INFO  segmented.SegmentedRaftLogWorker (SegmentedRaftLogWorker.java:<init>(172)) - new 49dcdc92-38f9-4214-ac53-ad04882e13af-SegmentedRaftLogWorker:Storage Directory /workdir/hadoop-ozone/ozonefs/target/test-dir/MiniOzoneClusterImpl-54451e80-538c-4519-a538-a89d0a6472e3/datanode-1/data/ratis/6dd61a1e-3fef-4335-9835-560a720540c7 for RaftStorage:Storage Directory /workdir/hadoop-ozone/ozonefs/target/test-dir/MiniOzoneClusterImpl-54451e80-538c-4519-a538-a89d0a6472e3/datanode-1/data/ratis/6dd61a1e-3fef-4335-9835-560a720540c7
2019-09-20 14:28:18,176 [pool-621-thread-1] INFO  server.RaftServerConfigKeys (ConfUtils.java:logGet(43)) - raft.server.log.queue.byte-limit = 2147483647 (custom)
2019-09-20 14:28:18,176 [pool-621-thread-1] INFO  server.RaftServerConfigKeys (ConfUtils.java:logGet(43)) - raft.server.log.queue.element-limit = 1024 (custom)
2019-09-20 14:28:18,177 [pool-621-thread-1] INFO  server.RaftServerConfigKeys (ConfUtils.java:logGet(43)) - raft.server.log.segment.size.max = 1048576 (custom)
2019-09-20 14:28:18,177 [pool-621-thread-1] INFO  server.RaftServerConfigKeys (ConfUtils.java:logGet(43)) - raft.server.log.preallocated.size = 16384 (custom)
2019-09-20 14:28:18,177 [pool-621-thread-1] INFO  server.RaftServerConfigKeys (ConfUtils.java:logGet(43)) - raft.server.log.write.buffer.size = 33554432 (custom)
2019-09-20 14:28:18,177 [pool-621-thread-1] INFO  server.RaftServerConfigKeys (ConfUtils.java:logGet(43)) - raft.server.log.force.sync.num = 128 (default)
2019-09-20 14:28:18,177 [pool-621-thread-1] INFO  server.RaftServerConfigKeys (ConfUtils.java:logGet(43)) - raft.server.log.statemachine.data.sync = true (default)
2019-09-20 14:28:18,177 [pool-621-thread-1] INFO  server.RaftServerConfigKeys (ConfUtils.java:logGet(43)) - raft.server.log.statemachine.data.sync.timeout = 10s (default)
2019-09-20 14:28:18,177 [pool-621-thread-1] INFO  server.RaftServerConfigKeys (ConfUtils.java:logGet(43)) - raft.server.log.statemachine.data.sync.timeout.retry = -1 (default)
2019-09-20 14:28:18,178 [pool-621-thread-1] INFO  server.RaftServerConfigKeys (ConfUtils.java:logGet(43)) - raft.server.log.statemachine.data.caching.enabled = true (custom)
2019-09-20 14:28:18,178 [pool-621-thread-1] INFO  segmented.SegmentedRaftLogWorker (SegmentedRaftLogWorker.java:lambda$new$0(132)) - 49dcdc92-38f9-4214-ac53-ad04882e13af-SegmentedRaftLogWorker:Storage Directory /workdir/hadoop-ozone/ozonefs/target/test-dir/MiniOzoneClusterImpl-54451e80-538c-4519-a538-a89d0a6472e3/datanode-1/data/ratis/6dd61a1e-3fef-4335-9835-560a720540c7: flushIndex: setUnconditionally 0 -> -1
2019-09-20 14:28:18,178 [pool-621-thread-1] INFO  server.RaftServerConfigKeys (ConfUtils.java:logGet(43)) - raft.server.snapshot.auto.trigger.enabled = true (custom)
2019-09-20 14:28:18,179 [pool-621-thread-1] INFO  server.RaftServerConfigKeys (ConfUtils.java:logGet(43)) - raft.server.snapshot.auto.trigger.threshold = 10000 (custom)
2019-09-20 14:28:18,179 [pool-621-thread-1] INFO  server.RaftServerConfigKeys (ConfUtils.java:logGet(43)) - raft.server.retrycache.expirytime = 600000ms (custom)
2019-09-20 14:28:18,179 [pool-621-thread-1] INFO  impl.RaftServerImpl (RaftServerImpl.java:start(180)) - 49dcdc92-38f9-4214-ac53-ad04882e13af: start group-560A720540C7
2019-09-20 14:28:18,179 [pool-621-thread-1] INFO  impl.RaftServerImpl (RaftServerImpl.java:setRole(171)) - 49dcdc92-38f9-4214-ac53-ad04882e13af:group-560A720540C7 changes role from null to FOLLOWER at term 0 for startAsFollower
2019-09-20 14:28:18,179 [pool-621-thread-1] INFO  impl.RoleInfo (RoleInfo.java:updateAndGet(143)) - 49dcdc92-38f9-4214-ac53-ad04882e13af: start FollowerState
2019-09-20 14:28:18,180 [pool-621-thread-1] INFO  util.JmxRegister (JmxRegister.java:tryRegister(44)) - Successfully registered JMX Bean with object name Ratis:service=RaftServer,group=group-560A720540C7,id=49dcdc92-38f9-4214-ac53-ad04882e13af
2019-09-20 14:28:18,183 [RatisPipelineUtilsThread] INFO  pipeline.PipelineStateManager (PipelineStateManager.java:addPipeline(56)) - Created pipeline Pipeline[ Id: 6dd61a1e-3fef-4335-9835-560a720540c7, Nodes: 49dcdc92-38f9-4214-ac53-ad04882e13af{ip: 192.168.36.99, host: pr-hdds-1569-p5fx8-1226042367, networkLocation: /default-rack, certSerialId: null}, Type:RATIS, Factor:ONE, State:OPEN]
2019-09-20 14:28:18,183 [RatisPipelineUtilsThread] INFO  pipeline.PipelinePlacementPolicy (PipelinePlacementPolicy.java:meetCriteria(91)) - Pipeline Placement: Doesn't meet the criteria to be viable node： 49dcdc92-38f9-4214-ac53-ad04882e13af Heaviness: 6 limit: 5
2019-09-20 14:28:18,183 [RatisPipelineUtilsThread] INFO  pipeline.PipelinePlacementPolicy (PipelinePlacementPolicy.java:meetCriteria(91)) - Pipeline Placement: Doesn't meet the criteria to be viable node： 2809c2c2-ae59-4cd3-896b-694de5a9a212 Heaviness: 6 limit: 5
2019-09-20 14:28:18,188 [grpc-default-executor-0] INFO  impl.RaftServerProxy (RaftServerProxy.java:addNew(89)) - 4a8b5aae-7936-4127-a6e1-51a8bd8ea200: addNew group-C59381BAE87E:[4a8b5aae-7936-4127-a6e1-51a8bd8ea200:192.168.36.99:33214] returns group-C59381BAE87E:java.util.concurrent.CompletableFuture@66502858[Not completed]
2019-09-20 14:28:18,189 [pool-632-thread-1] INFO  impl.RaftServerImpl (RaftServerImpl.java:<init>(93)) - 4a8b5aae-7936-4127-a6e1-51a8bd8ea200: new RaftServerImpl for group-C59381BAE87E:[4a8b5aae-7936-4127-a6e1-51a8bd8ea200:192.168.36.99:33214] with ContainerStateMachine:uninitialized
2019-09-20 14:28:18,189 [pool-632-thread-1] INFO  server.RaftServerConfigKeys (ConfUtils.java:logGet(43)) - raft.server.rpc.timeout.min = 5s (custom)
2019-09-20 14:28:18,189 [pool-632-thread-1] INFO  server.RaftServerConfigKeys (ConfUtils.java:logGet(43)) - raft.server.rpc.timeout.max = 5200ms (custom)
2019-09-20 14:28:18,189 [pool-632-thread-1] INFO  server.RaftServerConfigKeys (ConfUtils.java:logGet(43)) - raft.server.rpcslowness.timeout = 120s (custom)
2019-09-20 14:28:18,189 [pool-632-thread-1] INFO  server.RaftServerConfigKeys (ConfUtils.java:logGet(43)) - raft.server.sleep.deviation.threshold = 300 (default)
2019-09-20 14:28:18,190 [pool-632-thread-1] INFO  server.RaftServerConfigKeys (ConfUtils.java:logGet(43)) - raft.server.log.appender.install.snapshot.enabled = false (custom)
2019-09-20 14:28:18,190 [pool-632-thread-1] INFO  impl.RaftServerImpl (ServerState.java:<init>(105)) - 4a8b5aae-7936-4127-a6e1-51a8bd8ea200:group-C59381BAE87E ConfigurationManager, init=-1: [4a8b5aae-7936-4127-a6e1-51a8bd8ea200:192.168.36.99:33214], old=null, confs=<EMPTY_MAP>
2019-09-20 14:28:18,190 [pool-632-thread-1] INFO  server.RaftServerConfigKeys (ConfUtils.java:logGet(43)) - raft.server.storage.dir = [/workdir/hadoop-ozone/ozonefs/target/test-dir/MiniOzoneClusterImpl-54451e80-538c-4519-a538-a89d0a6472e3/datanode-2/data/ratis] (custom)
2019-09-20 14:28:18,190 [pool-632-thread-1] INFO  storage.RaftStorageDirectory (RaftStorageDirectory.java:analyzeStorage(246)) - The storage directory /workdir/hadoop-ozone/ozonefs/target/test-dir/MiniOzoneClusterImpl-54451e80-538c-4519-a538-a89d0a6472e3/datanode-2/data/ratis/061ba1b7-6c99-4a5b-b87c-c59381bae87e does not exist. Creating ...
2019-09-20 14:28:18,216 [pool-632-thread-1] INFO  storage.RaftStorageDirectory (RaftStorageDirectory.java:tryLock(328)) - Lock on /workdir/hadoop-ozone/ozonefs/target/test-dir/MiniOzoneClusterImpl-54451e80-538c-4519-a538-a89d0a6472e3/datanode-2/data/ratis/061ba1b7-6c99-4a5b-b87c-c59381bae87e/in_use.lock acquired by nodename 21669@pr-hdds-1569-p5fx8-1226042367
2019-09-20 14:28:18,242 [pool-632-thread-1] INFO  storage.RaftStorage (RaftStorage.java:format(72)) - Storage directory /workdir/hadoop-ozone/ozonefs/target/test-dir/MiniOzoneClusterImpl-54451e80-538c-4519-a538-a89d0a6472e3/datanode-2/data/ratis/061ba1b7-6c99-4a5b-b87c-c59381bae87e has been successfully formatted.
2019-09-20 14:28:18,242 [pool-632-thread-1] INFO  ratis.ContainerStateMachine (ContainerStateMachine.java:loadSnapshot(226)) - group-C59381BAE87E: The snapshot info is null. Setting the last applied indexto:(t:0, i:~)
2019-09-20 14:28:18,242 [pool-632-thread-1] INFO  server.RaftServerConfigKeys (ConfUtils.java:logGet(43)) - raft.server.leader.election.timeout = 120s (custom)
2019-09-20 14:28:18,243 [pool-632-thread-1] INFO  server.RaftServerConfigKeys (ConfUtils.java:logGet(43)) - raft.server.log.use.memory = false (default)
2019-09-20 14:28:18,243 [pool-632-thread-1] INFO  server.RaftServerConfigKeys (ConfUtils.java:logGet(43)) - raft.server.log.purge.gap = 1000000 (custom)
2019-09-20 14:28:18,243 [pool-632-thread-1] INFO  server.RaftServerConfigKeys (ConfUtils.java:logGet(43)) - raft.server.log.appender.buffer.byte-limit = 33554432 (custom)
2019-09-20 14:28:18,243 [pool-632-thread-1] INFO  server.RaftServerConfigKeys (ConfUtils.java:logGet(43)) - raft.server.log.segment.size.max = 1048576 (custom)
2019-09-20 14:28:18,243 [pool-632-thread-1] INFO  server.RaftServerConfigKeys (ConfUtils.java:logGet(43)) - raft.server.log.segment.cache.num.max = 2 (custom)
2019-09-20 14:28:18,243 [pool-632-thread-1] INFO  segmented.SegmentedRaftLogWorker (SegmentedRaftLogWorker.java:<init>(172)) - new 4a8b5aae-7936-4127-a6e1-51a8bd8ea200-SegmentedRaftLogWorker:Storage Directory /workdir/hadoop-ozone/ozonefs/target/test-dir/MiniOzoneClusterImpl-54451e80-538c-4519-a538-a89d0a6472e3/datanode-2/data/ratis/061ba1b7-6c99-4a5b-b87c-c59381bae87e for RaftStorage:Storage Directory /workdir/hadoop-ozone/ozonefs/target/test-dir/MiniOzoneClusterImpl-54451e80-538c-4519-a538-a89d0a6472e3/datanode-2/data/ratis/061ba1b7-6c99-4a5b-b87c-c59381bae87e
2019-09-20 14:28:18,244 [pool-632-thread-1] INFO  server.RaftServerConfigKeys (ConfUtils.java:logGet(43)) - raft.server.log.queue.byte-limit = 2147483647 (custom)
2019-09-20 14:28:18,244 [pool-632-thread-1] INFO  server.RaftServerConfigKeys (ConfUtils.java:logGet(43)) - raft.server.log.queue.element-limit = 1024 (custom)
2019-09-20 14:28:18,244 [pool-632-thread-1] INFO  server.RaftServerConfigKeys (ConfUtils.java:logGet(43)) - raft.server.log.segment.size.max = 1048576 (custom)
2019-09-20 14:28:18,244 [pool-632-thread-1] INFO  server.RaftServerConfigKeys (ConfUtils.java:logGet(43)) - raft.server.log.preallocated.size = 16384 (custom)
2019-09-20 14:28:18,244 [pool-632-thread-1] INFO  server.RaftServerConfigKeys (ConfUtils.java:logGet(43)) - raft.server.log.write.buffer.size = 33554432 (custom)
2019-09-20 14:28:18,244 [pool-632-thread-1] INFO  server.RaftServerConfigKeys (ConfUtils.java:logGet(43)) - raft.server.log.force.sync.num = 128 (default)
2019-09-20 14:28:18,244 [pool-632-thread-1] INFO  server.RaftServerConfigKeys (ConfUtils.java:logGet(43)) - raft.server.log.statemachine.data.sync = true (default)
2019-09-20 14:28:18,245 [pool-632-thread-1] INFO  server.RaftServerConfigKeys (ConfUtils.java:logGet(43)) - raft.server.log.statemachine.data.sync.timeout = 10s (default)
2019-09-20 14:28:18,245 [pool-632-thread-1] INFO  server.RaftServerConfigKeys (ConfUtils.java:logGet(43)) - raft.server.log.statemachine.data.sync.timeout.retry = -1 (default)
2019-09-20 14:28:18,245 [pool-632-thread-1] INFO  server.RaftServerConfigKeys (ConfUtils.java:logGet(43)) - raft.server.log.statemachine.data.caching.enabled = true (custom)
2019-09-20 14:28:18,245 [pool-632-thread-1] INFO  segmented.SegmentedRaftLogWorker (SegmentedRaftLogWorker.java:lambda$new$0(132)) - 4a8b5aae-7936-4127-a6e1-51a8bd8ea200-SegmentedRaftLogWorker:Storage Directory /workdir/hadoop-ozone/ozonefs/target/test-dir/MiniOzoneClusterImpl-54451e80-538c-4519-a538-a89d0a6472e3/datanode-2/data/ratis/061ba1b7-6c99-4a5b-b87c-c59381bae87e: flushIndex: setUnconditionally 0 -> -1
2019-09-20 14:28:18,246 [pool-632-thread-1] INFO  server.RaftServerConfigKeys (ConfUtils.java:logGet(43)) - raft.server.snapshot.auto.trigger.enabled = true (custom)
2019-09-20 14:28:18,246 [pool-632-thread-1] INFO  server.RaftServerConfigKeys (ConfUtils.java:logGet(43)) - raft.server.snapshot.auto.trigger.threshold = 10000 (custom)
2019-09-20 14:28:18,246 [pool-632-thread-1] INFO  server.RaftServerConfigKeys (ConfUtils.java:logGet(43)) - raft.server.retrycache.expirytime = 600000ms (custom)
2019-09-20 14:28:18,246 [pool-632-thread-1] INFO  impl.RaftServerImpl (RaftServerImpl.java:start(180)) - 4a8b5aae-7936-4127-a6e1-51a8bd8ea200: start group-C59381BAE87E
2019-09-20 14:28:18,246 [pool-632-thread-1] INFO  impl.RaftServerImpl (RaftServerImpl.java:setRole(171)) - 4a8b5aae-7936-4127-a6e1-51a8bd8ea200:group-C59381BAE87E changes role from null to FOLLOWER at term 0 for startAsFollower
2019-09-20 14:28:18,246 [pool-632-thread-1] INFO  impl.RoleInfo (RoleInfo.java:updateAndGet(143)) - 4a8b5aae-7936-4127-a6e1-51a8bd8ea200: start FollowerState
2019-09-20 14:28:18,247 [pool-632-thread-1] INFO  util.JmxRegister (JmxRegister.java:tryRegister(44)) - Successfully registered JMX Bean with object name Ratis:service=RaftServer,group=group-C59381BAE87E,id=4a8b5aae-7936-4127-a6e1-51a8bd8ea200
2019-09-20 14:28:18,250 [RatisPipelineUtilsThread] INFO  pipeline.PipelineStateManager (PipelineStateManager.java:addPipeline(56)) - Created pipeline Pipeline[ Id: 061ba1b7-6c99-4a5b-b87c-c59381bae87e, Nodes: 4a8b5aae-7936-4127-a6e1-51a8bd8ea200{ip: 192.168.36.99, host: pr-hdds-1569-p5fx8-1226042367, networkLocation: /default-rack, certSerialId: null}, Type:RATIS, Factor:ONE, State:OPEN]
2019-09-20 14:28:18,250 [RatisPipelineUtilsThread] INFO  pipeline.PipelinePlacementPolicy (PipelinePlacementPolicy.java:meetCriteria(91)) - Pipeline Placement: Doesn't meet the criteria to be viable node： 49dcdc92-38f9-4214-ac53-ad04882e13af Heaviness: 6 limit: 5
2019-09-20 14:28:18,251 [RatisPipelineUtilsThread] INFO  pipeline.PipelinePlacementPolicy (PipelinePlacementPolicy.java:meetCriteria(91)) - Pipeline Placement: Doesn't meet the criteria to be viable node： 2809c2c2-ae59-4cd3-896b-694de5a9a212 Heaviness: 6 limit: 5
2019-09-20 14:28:18,256 [grpc-default-executor-0] INFO  impl.RaftServerProxy (RaftServerProxy.java:addNew(89)) - 4a8b5aae-7936-4127-a6e1-51a8bd8ea200: addNew group-E1A41681B918:[4a8b5aae-7936-4127-a6e1-51a8bd8ea200:192.168.36.99:33214] returns group-E1A41681B918:java.util.concurrent.CompletableFuture@40f8a488[Not completed]
2019-09-20 14:28:18,257 [pool-632-thread-1] INFO  impl.RaftServerImpl (RaftServerImpl.java:<init>(93)) - 4a8b5aae-7936-4127-a6e1-51a8bd8ea200: new RaftServerImpl for group-E1A41681B918:[4a8b5aae-7936-4127-a6e1-51a8bd8ea200:192.168.36.99:33214] with ContainerStateMachine:uninitialized
2019-09-20 14:28:18,257 [pool-632-thread-1] INFO  server.RaftServerConfigKeys (ConfUtils.java:logGet(43)) - raft.server.rpc.timeout.min = 5s (custom)
2019-09-20 14:28:18,257 [pool-632-thread-1] INFO  server.RaftServerConfigKeys (ConfUtils.java:logGet(43)) - raft.server.rpc.timeout.max = 5200ms (custom)
2019-09-20 14:28:18,257 [pool-632-thread-1] INFO  server.RaftServerConfigKeys (ConfUtils.java:logGet(43)) - raft.server.rpcslowness.timeout = 120s (custom)
2019-09-20 14:28:18,257 [pool-632-thread-1] INFO  server.RaftServerConfigKeys (ConfUtils.java:logGet(43)) - raft.server.sleep.deviation.threshold = 300 (default)
2019-09-20 14:28:18,257 [pool-632-thread-1] INFO  server.RaftServerConfigKeys (ConfUtils.java:logGet(43)) - raft.server.log.appender.install.snapshot.enabled = false (custom)
2019-09-20 14:28:18,257 [pool-632-thread-1] INFO  impl.RaftServerImpl (ServerState.java:<init>(105)) - 4a8b5aae-7936-4127-a6e1-51a8bd8ea200:group-E1A41681B918 ConfigurationManager, init=-1: [4a8b5aae-7936-4127-a6e1-51a8bd8ea200:192.168.36.99:33214], old=null, confs=<EMPTY_MAP>
2019-09-20 14:28:18,258 [pool-632-thread-1] INFO  server.RaftServerConfigKeys (ConfUtils.java:logGet(43)) - raft.server.storage.dir = [/workdir/hadoop-ozone/ozonefs/target/test-dir/MiniOzoneClusterImpl-54451e80-538c-4519-a538-a89d0a6472e3/datanode-2/data/ratis] (custom)
2019-09-20 14:28:18,258 [pool-632-thread-1] INFO  storage.RaftStorageDirectory (RaftStorageDirectory.java:analyzeStorage(246)) - The storage directory /workdir/hadoop-ozone/ozonefs/target/test-dir/MiniOzoneClusterImpl-54451e80-538c-4519-a538-a89d0a6472e3/datanode-2/data/ratis/a891bbbc-4227-4e39-82ff-e1a41681b918 does not exist. Creating ...
2019-09-20 14:28:18,284 [pool-632-thread-1] INFO  storage.RaftStorageDirectory (RaftStorageDirectory.java:tryLock(328)) - Lock on /workdir/hadoop-ozone/ozonefs/target/test-dir/MiniOzoneClusterImpl-54451e80-538c-4519-a538-a89d0a6472e3/datanode-2/data/ratis/a891bbbc-4227-4e39-82ff-e1a41681b918/in_use.lock acquired by nodename 21669@pr-hdds-1569-p5fx8-1226042367
2019-09-20 14:28:18,309 [pool-632-thread-1] INFO  storage.RaftStorage (RaftStorage.java:format(72)) - Storage directory /workdir/hadoop-ozone/ozonefs/target/test-dir/MiniOzoneClusterImpl-54451e80-538c-4519-a538-a89d0a6472e3/datanode-2/data/ratis/a891bbbc-4227-4e39-82ff-e1a41681b918 has been successfully formatted.
2019-09-20 14:28:18,310 [pool-632-thread-1] INFO  ratis.ContainerStateMachine (ContainerStateMachine.java:loadSnapshot(226)) - group-E1A41681B918: The snapshot info is null. Setting the last applied indexto:(t:0, i:~)
2019-09-20 14:28:18,310 [pool-632-thread-1] INFO  server.RaftServerConfigKeys (ConfUtils.java:logGet(43)) - raft.server.leader.election.timeout = 120s (custom)
2019-09-20 14:28:18,310 [pool-632-thread-1] INFO  server.RaftServerConfigKeys (ConfUtils.java:logGet(43)) - raft.server.log.use.memory = false (default)
2019-09-20 14:28:18,310 [pool-632-thread-1] INFO  server.RaftServerConfigKeys (ConfUtils.java:logGet(43)) - raft.server.log.purge.gap = 1000000 (custom)
2019-09-20 14:28:18,310 [pool-632-thread-1] INFO  server.RaftServerConfigKeys (ConfUtils.java:logGet(43)) - raft.server.log.appender.buffer.byte-limit = 33554432 (custom)
2019-09-20 14:28:18,310 [pool-632-thread-1] INFO  server.RaftServerConfigKeys (ConfUtils.java:logGet(43)) - raft.server.log.segment.size.max = 1048576 (custom)
2019-09-20 14:28:18,311 [pool-632-thread-1] INFO  server.RaftServerConfigKeys (ConfUtils.java:logGet(43)) - raft.server.log.segment.cache.num.max = 2 (custom)
2019-09-20 14:28:18,311 [pool-632-thread-1] INFO  segmented.SegmentedRaftLogWorker (SegmentedRaftLogWorker.java:<init>(172)) - new 4a8b5aae-7936-4127-a6e1-51a8bd8ea200-SegmentedRaftLogWorker:Storage Directory /workdir/hadoop-ozone/ozonefs/target/test-dir/MiniOzoneClusterImpl-54451e80-538c-4519-a538-a89d0a6472e3/datanode-2/data/ratis/a891bbbc-4227-4e39-82ff-e1a41681b918 for RaftStorage:Storage Directory /workdir/hadoop-ozone/ozonefs/target/test-dir/MiniOzoneClusterImpl-54451e80-538c-4519-a538-a89d0a6472e3/datanode-2/data/ratis/a891bbbc-4227-4e39-82ff-e1a41681b918
2019-09-20 14:28:18,311 [pool-632-thread-1] INFO  server.RaftServerConfigKeys (ConfUtils.java:logGet(43)) - raft.server.log.queue.byte-limit = 2147483647 (custom)
2019-09-20 14:28:18,311 [pool-632-thread-1] INFO  server.RaftServerConfigKeys (ConfUtils.java:logGet(43)) - raft.server.log.queue.element-limit = 1024 (custom)
2019-09-20 14:28:18,311 [pool-632-thread-1] INFO  server.RaftServerConfigKeys (ConfUtils.java:logGet(43)) - raft.server.log.segment.size.max = 1048576 (custom)
2019-09-20 14:28:18,311 [pool-632-thread-1] INFO  server.RaftServerConfigKeys (ConfUtils.java:logGet(43)) - raft.server.log.preallocated.size = 16384 (custom)
2019-09-20 14:28:18,312 [pool-632-thread-1] INFO  server.RaftServerConfigKeys (ConfUtils.java:logGet(43)) - raft.server.log.write.buffer.size = 33554432 (custom)
2019-09-20 14:28:18,312 [pool-632-thread-1] INFO  server.RaftServerConfigKeys (ConfUtils.java:logGet(43)) - raft.server.log.force.sync.num = 128 (default)
2019-09-20 14:28:18,312 [pool-632-thread-1] INFO  server.RaftServerConfigKeys (ConfUtils.java:logGet(43)) - raft.server.log.statemachine.data.sync = true (default)
2019-09-20 14:28:18,312 [pool-632-thread-1] INFO  server.RaftServerConfigKeys (ConfUtils.java:logGet(43)) - raft.server.log.statemachine.data.sync.timeout = 10s (default)
2019-09-20 14:28:18,312 [pool-632-thread-1] INFO  server.RaftServerConfigKeys (ConfUtils.java:logGet(43)) - raft.server.log.statemachine.data.sync.timeout.retry = -1 (default)
2019-09-20 14:28:18,312 [pool-632-thread-1] INFO  server.RaftServerConfigKeys (ConfUtils.java:logGet(43)) - raft.server.log.statemachine.data.caching.enabled = true (custom)
2019-09-20 14:28:18,313 [pool-632-thread-1] INFO  segmented.SegmentedRaftLogWorker (SegmentedRaftLogWorker.java:lambda$new$0(132)) - 4a8b5aae-7936-4127-a6e1-51a8bd8ea200-SegmentedRaftLogWorker:Storage Directory /workdir/hadoop-ozone/ozonefs/target/test-dir/MiniOzoneClusterImpl-54451e80-538c-4519-a538-a89d0a6472e3/datanode-2/data/ratis/a891bbbc-4227-4e39-82ff-e1a41681b918: flushIndex: setUnconditionally 0 -> -1
2019-09-20 14:28:18,313 [pool-632-thread-1] INFO  server.RaftServerConfigKeys (ConfUtils.java:logGet(43)) - raft.server.snapshot.auto.trigger.enabled = true (custom)
2019-09-20 14:28:18,313 [pool-632-thread-1] INFO  server.RaftServerConfigKeys (ConfUtils.java:logGet(43)) - raft.server.snapshot.auto.trigger.threshold = 10000 (custom)
2019-09-20 14:28:18,313 [pool-632-thread-1] INFO  server.RaftServerConfigKeys (ConfUtils.java:logGet(43)) - raft.server.retrycache.expirytime = 600000ms (custom)
2019-09-20 14:28:18,314 [pool-632-thread-1] INFO  impl.RaftServerImpl (RaftServerImpl.java:start(180)) - 4a8b5aae-7936-4127-a6e1-51a8bd8ea200: start group-E1A41681B918
2019-09-20 14:28:18,314 [pool-632-thread-1] INFO  impl.RaftServerImpl (RaftServerImpl.java:setRole(171)) - 4a8b5aae-7936-4127-a6e1-51a8bd8ea200:group-E1A41681B918 changes role from null to FOLLOWER at term 0 for startAsFollower
2019-09-20 14:28:18,314 [pool-632-thread-1] INFO  impl.RoleInfo (RoleInfo.java:updateAndGet(143)) - 4a8b5aae-7936-4127-a6e1-51a8bd8ea200: start FollowerState
2019-09-20 14:28:18,314 [pool-632-thread-1] INFO  util.JmxRegister (JmxRegister.java:tryRegister(44)) - Successfully registered JMX Bean with object name Ratis:service=RaftServer,group=group-E1A41681B918,id=4a8b5aae-7936-4127-a6e1-51a8bd8ea200
2019-09-20 14:28:18,318 [RatisPipelineUtilsThread] INFO  pipeline.PipelineStateManager (PipelineStateManager.java:addPipeline(56)) - Created pipeline Pipeline[ Id: a891bbbc-4227-4e39-82ff-e1a41681b918, Nodes: 4a8b5aae-7936-4127-a6e1-51a8bd8ea200{ip: 192.168.36.99, host: pr-hdds-1569-p5fx8-1226042367, networkLocation: /default-rack, certSerialId: null}, Type:RATIS, Factor:ONE, State:OPEN]
2019-09-20 14:28:18,318 [RatisPipelineUtilsThread] INFO  pipeline.PipelinePlacementPolicy (PipelinePlacementPolicy.java:meetCriteria(91)) - Pipeline Placement: Doesn't meet the criteria to be viable node： 49dcdc92-38f9-4214-ac53-ad04882e13af Heaviness: 6 limit: 5
2019-09-20 14:28:18,318 [RatisPipelineUtilsThread] INFO  pipeline.PipelinePlacementPolicy (PipelinePlacementPolicy.java:meetCriteria(91)) - Pipeline Placement: Doesn't meet the criteria to be viable node： 2809c2c2-ae59-4cd3-896b-694de5a9a212 Heaviness: 6 limit: 5
2019-09-20 14:28:18,324 [grpc-default-executor-0] INFO  impl.RaftServerProxy (RaftServerProxy.java:addNew(89)) - 4a8b5aae-7936-4127-a6e1-51a8bd8ea200: addNew group-567B117DAF68:[4a8b5aae-7936-4127-a6e1-51a8bd8ea200:192.168.36.99:33214] returns group-567B117DAF68:java.util.concurrent.CompletableFuture@4a5ef4f4[Not completed]
2019-09-20 14:28:18,325 [pool-632-thread-1] INFO  impl.RaftServerImpl (RaftServerImpl.java:<init>(93)) - 4a8b5aae-7936-4127-a6e1-51a8bd8ea200: new RaftServerImpl for group-567B117DAF68:[4a8b5aae-7936-4127-a6e1-51a8bd8ea200:192.168.36.99:33214] with ContainerStateMachine:uninitialized
2019-09-20 14:28:18,325 [pool-632-thread-1] INFO  server.RaftServerConfigKeys (ConfUtils.java:logGet(43)) - raft.server.rpc.timeout.min = 5s (custom)
2019-09-20 14:28:18,325 [pool-632-thread-1] INFO  server.RaftServerConfigKeys (ConfUtils.java:logGet(43)) - raft.server.rpc.timeout.max = 5200ms (custom)
2019-09-20 14:28:18,325 [pool-632-thread-1] INFO  server.RaftServerConfigKeys (ConfUtils.java:logGet(43)) - raft.server.rpcslowness.timeout = 120s (custom)
2019-09-20 14:28:18,326 [pool-632-thread-1] INFO  server.RaftServerConfigKeys (ConfUtils.java:logGet(43)) - raft.server.sleep.deviation.threshold = 300 (default)
2019-09-20 14:28:18,326 [pool-632-thread-1] INFO  server.RaftServerConfigKeys (ConfUtils.java:logGet(43)) - raft.server.log.appender.install.snapshot.enabled = false (custom)
2019-09-20 14:28:18,326 [pool-632-thread-1] INFO  impl.RaftServerImpl (ServerState.java:<init>(105)) - 4a8b5aae-7936-4127-a6e1-51a8bd8ea200:group-567B117DAF68 ConfigurationManager, init=-1: [4a8b5aae-7936-4127-a6e1-51a8bd8ea200:192.168.36.99:33214], old=null, confs=<EMPTY_MAP>
2019-09-20 14:28:18,326 [pool-632-thread-1] INFO  server.RaftServerConfigKeys (ConfUtils.java:logGet(43)) - raft.server.storage.dir = [/workdir/hadoop-ozone/ozonefs/target/test-dir/MiniOzoneClusterImpl-54451e80-538c-4519-a538-a89d0a6472e3/datanode-2/data/ratis] (custom)
2019-09-20 14:28:18,326 [pool-632-thread-1] INFO  storage.RaftStorageDirectory (RaftStorageDirectory.java:analyzeStorage(246)) - The storage directory /workdir/hadoop-ozone/ozonefs/target/test-dir/MiniOzoneClusterImpl-54451e80-538c-4519-a538-a89d0a6472e3/datanode-2/data/ratis/50c4e5d7-5c3e-4e57-8461-567b117daf68 does not exist. Creating ...
2019-09-20 14:28:18,351 [pool-632-thread-1] INFO  storage.RaftStorageDirectory (RaftStorageDirectory.java:tryLock(328)) - Lock on /workdir/hadoop-ozone/ozonefs/target/test-dir/MiniOzoneClusterImpl-54451e80-538c-4519-a538-a89d0a6472e3/datanode-2/data/ratis/50c4e5d7-5c3e-4e57-8461-567b117daf68/in_use.lock acquired by nodename 21669@pr-hdds-1569-p5fx8-1226042367
2019-09-20 14:28:18,376 [pool-632-thread-1] INFO  storage.RaftStorage (RaftStorage.java:format(72)) - Storage directory /workdir/hadoop-ozone/ozonefs/target/test-dir/MiniOzoneClusterImpl-54451e80-538c-4519-a538-a89d0a6472e3/datanode-2/data/ratis/50c4e5d7-5c3e-4e57-8461-567b117daf68 has been successfully formatted.
2019-09-20 14:28:18,377 [pool-632-thread-1] INFO  ratis.ContainerStateMachine (ContainerStateMachine.java:loadSnapshot(226)) - group-567B117DAF68: The snapshot info is null. Setting the last applied indexto:(t:0, i:~)
2019-09-20 14:28:18,377 [pool-632-thread-1] INFO  server.RaftServerConfigKeys (ConfUtils.java:logGet(43)) - raft.server.leader.election.timeout = 120s (custom)
2019-09-20 14:28:18,377 [pool-632-thread-1] INFO  server.RaftServerConfigKeys (ConfUtils.java:logGet(43)) - raft.server.log.use.memory = false (default)
2019-09-20 14:28:18,377 [pool-632-thread-1] INFO  server.RaftServerConfigKeys (ConfUtils.java:logGet(43)) - raft.server.log.purge.gap = 1000000 (custom)
2019-09-20 14:28:18,377 [pool-632-thread-1] INFO  server.RaftServerConfigKeys (ConfUtils.java:logGet(43)) - raft.server.log.appender.buffer.byte-limit = 33554432 (custom)
2019-09-20 14:28:18,378 [pool-632-thread-1] INFO  server.RaftServerConfigKeys (ConfUtils.java:logGet(43)) - raft.server.log.segment.size.max = 1048576 (custom)
2019-09-20 14:28:18,378 [pool-632-thread-1] INFO  server.RaftServerConfigKeys (ConfUtils.java:logGet(43)) - raft.server.log.segment.cache.num.max = 2 (custom)
2019-09-20 14:28:18,378 [pool-632-thread-1] INFO  segmented.SegmentedRaftLogWorker (SegmentedRaftLogWorker.java:<init>(172)) - new 4a8b5aae-7936-4127-a6e1-51a8bd8ea200-SegmentedRaftLogWorker:Storage Directory /workdir/hadoop-ozone/ozonefs/target/test-dir/MiniOzoneClusterImpl-54451e80-538c-4519-a538-a89d0a6472e3/datanode-2/data/ratis/50c4e5d7-5c3e-4e57-8461-567b117daf68 for RaftStorage:Storage Directory /workdir/hadoop-ozone/ozonefs/target/test-dir/MiniOzoneClusterImpl-54451e80-538c-4519-a538-a89d0a6472e3/datanode-2/data/ratis/50c4e5d7-5c3e-4e57-8461-567b117daf68
2019-09-20 14:28:18,378 [pool-632-thread-1] INFO  server.RaftServerConfigKeys (ConfUtils.java:logGet(43)) - raft.server.log.queue.byte-limit = 2147483647 (custom)
2019-09-20 14:28:18,378 [pool-632-thread-1] INFO  server.RaftServerConfigKeys (ConfUtils.java:logGet(43)) - raft.server.log.queue.element-limit = 1024 (custom)
2019-09-20 14:28:18,378 [pool-632-thread-1] INFO  server.RaftServerConfigKeys (ConfUtils.java:logGet(43)) - raft.server.log.segment.size.max = 1048576 (custom)
2019-09-20 14:28:18,379 [pool-632-thread-1] INFO  server.RaftServerConfigKeys (ConfUtils.java:logGet(43)) - raft.server.log.preallocated.size = 16384 (custom)
2019-09-20 14:28:18,379 [pool-632-thread-1] INFO  server.RaftServerConfigKeys (ConfUtils.java:logGet(43)) - raft.server.log.write.buffer.size = 33554432 (custom)
2019-09-20 14:28:18,379 [pool-632-thread-1] INFO  server.RaftServerConfigKeys (ConfUtils.java:logGet(43)) - raft.server.log.force.sync.num = 128 (default)
2019-09-20 14:28:18,379 [pool-632-thread-1] INFO  server.RaftServerConfigKeys (ConfUtils.java:logGet(43)) - raft.server.log.statemachine.data.sync = true (default)
2019-09-20 14:28:18,379 [pool-632-thread-1] INFO  server.RaftServerConfigKeys (ConfUtils.java:logGet(43)) - raft.server.log.statemachine.data.sync.timeout = 10s (default)
2019-09-20 14:28:18,379 [pool-632-thread-1] INFO  server.RaftServerConfigKeys (ConfUtils.java:logGet(43)) - raft.server.log.statemachine.data.sync.timeout.retry = -1 (default)
2019-09-20 14:28:18,379 [pool-632-thread-1] INFO  server.RaftServerConfigKeys (ConfUtils.java:logGet(43)) - raft.server.log.statemachine.data.caching.enabled = true (custom)
2019-09-20 14:28:18,380 [pool-632-thread-1] INFO  segmented.SegmentedRaftLogWorker (SegmentedRaftLogWorker.java:lambda$new$0(132)) - 4a8b5aae-7936-4127-a6e1-51a8bd8ea200-SegmentedRaftLogWorker:Storage Directory /workdir/hadoop-ozone/ozonefs/target/test-dir/MiniOzoneClusterImpl-54451e80-538c-4519-a538-a89d0a6472e3/datanode-2/data/ratis/50c4e5d7-5c3e-4e57-8461-567b117daf68: flushIndex: setUnconditionally 0 -> -1
2019-09-20 14:28:18,380 [pool-632-thread-1] INFO  server.RaftServerConfigKeys (ConfUtils.java:logGet(43)) - raft.server.snapshot.auto.trigger.enabled = true (custom)
2019-09-20 14:28:18,380 [pool-632-thread-1] INFO  server.RaftServerConfigKeys (ConfUtils.java:logGet(43)) - raft.server.snapshot.auto.trigger.threshold = 10000 (custom)
2019-09-20 14:28:18,380 [pool-632-thread-1] INFO  server.RaftServerConfigKeys (ConfUtils.java:logGet(43)) - raft.server.retrycache.expirytime = 600000ms (custom)
2019-09-20 14:28:18,381 [pool-632-thread-1] INFO  impl.RaftServerImpl (RaftServerImpl.java:start(180)) - 4a8b5aae-7936-4127-a6e1-51a8bd8ea200: start group-567B117DAF68
2019-09-20 14:28:18,381 [pool-632-thread-1] INFO  impl.RaftServerImpl (RaftServerImpl.java:setRole(171)) - 4a8b5aae-7936-4127-a6e1-51a8bd8ea200:group-567B117DAF68 changes role from null to FOLLOWER at term 0 for startAsFollower
2019-09-20 14:28:18,381 [pool-632-thread-1] INFO  impl.RoleInfo (RoleInfo.java:updateAndGet(143)) - 4a8b5aae-7936-4127-a6e1-51a8bd8ea200: start FollowerState
2019-09-20 14:28:18,381 [pool-632-thread-1] INFO  util.JmxRegister (JmxRegister.java:tryRegister(44)) - Successfully registered JMX Bean with object name Ratis:service=RaftServer,group=group-567B117DAF68,id=4a8b5aae-7936-4127-a6e1-51a8bd8ea200
2019-09-20 14:28:18,384 [RatisPipelineUtilsThread] INFO  pipeline.PipelineStateManager (PipelineStateManager.java:addPipeline(56)) - Created pipeline Pipeline[ Id: 50c4e5d7-5c3e-4e57-8461-567b117daf68, Nodes: 4a8b5aae-7936-4127-a6e1-51a8bd8ea200{ip: 192.168.36.99, host: pr-hdds-1569-p5fx8-1226042367, networkLocation: /default-rack, certSerialId: null}, Type:RATIS, Factor:ONE, State:OPEN]
2019-09-20 14:28:18,384 [RatisPipelineUtilsThread] INFO  pipeline.PipelinePlacementPolicy (PipelinePlacementPolicy.java:meetCriteria(91)) - Pipeline Placement: Doesn't meet the criteria to be viable node： 49dcdc92-38f9-4214-ac53-ad04882e13af Heaviness: 6 limit: 5
2019-09-20 14:28:18,384 [RatisPipelineUtilsThread] INFO  pipeline.PipelinePlacementPolicy (PipelinePlacementPolicy.java:meetCriteria(91)) - Pipeline Placement: Doesn't meet the criteria to be viable node： 2809c2c2-ae59-4cd3-896b-694de5a9a212 Heaviness: 6 limit: 5
2019-09-20 14:28:18,388 [grpc-default-executor-0] INFO  impl.RaftServerProxy (RaftServerProxy.java:addNew(89)) - 4a8b5aae-7936-4127-a6e1-51a8bd8ea200: addNew group-C32657DA6A2F:[4a8b5aae-7936-4127-a6e1-51a8bd8ea200:192.168.36.99:33214] returns group-C32657DA6A2F:java.util.concurrent.CompletableFuture@618eddf1[Not completed]
2019-09-20 14:28:18,389 [pool-632-thread-1] INFO  impl.RaftServerImpl (RaftServerImpl.java:<init>(93)) - 4a8b5aae-7936-4127-a6e1-51a8bd8ea200: new RaftServerImpl for group-C32657DA6A2F:[4a8b5aae-7936-4127-a6e1-51a8bd8ea200:192.168.36.99:33214] with ContainerStateMachine:uninitialized
2019-09-20 14:28:18,389 [pool-632-thread-1] INFO  server.RaftServerConfigKeys (ConfUtils.java:logGet(43)) - raft.server.rpc.timeout.min = 5s (custom)
2019-09-20 14:28:18,389 [pool-632-thread-1] INFO  server.RaftServerConfigKeys (ConfUtils.java:logGet(43)) - raft.server.rpc.timeout.max = 5200ms (custom)
2019-09-20 14:28:18,389 [pool-632-thread-1] INFO  server.RaftServerConfigKeys (ConfUtils.java:logGet(43)) - raft.server.rpcslowness.timeout = 120s (custom)
2019-09-20 14:28:18,389 [pool-632-thread-1] INFO  server.RaftServerConfigKeys (ConfUtils.java:logGet(43)) - raft.server.sleep.deviation.threshold = 300 (default)
2019-09-20 14:28:18,389 [pool-632-thread-1] INFO  server.RaftServerConfigKeys (ConfUtils.java:logGet(43)) - raft.server.log.appender.install.snapshot.enabled = false (custom)
2019-09-20 14:28:18,390 [pool-632-thread-1] INFO  impl.RaftServerImpl (ServerState.java:<init>(105)) - 4a8b5aae-7936-4127-a6e1-51a8bd8ea200:group-C32657DA6A2F ConfigurationManager, init=-1: [4a8b5aae-7936-4127-a6e1-51a8bd8ea200:192.168.36.99:33214], old=null, confs=<EMPTY_MAP>
2019-09-20 14:28:18,390 [pool-632-thread-1] INFO  server.RaftServerConfigKeys (ConfUtils.java:logGet(43)) - raft.server.storage.dir = [/workdir/hadoop-ozone/ozonefs/target/test-dir/MiniOzoneClusterImpl-54451e80-538c-4519-a538-a89d0a6472e3/datanode-2/data/ratis] (custom)
2019-09-20 14:28:18,390 [pool-632-thread-1] INFO  storage.RaftStorageDirectory (RaftStorageDirectory.java:analyzeStorage(246)) - The storage directory /workdir/hadoop-ozone/ozonefs/target/test-dir/MiniOzoneClusterImpl-54451e80-538c-4519-a538-a89d0a6472e3/datanode-2/data/ratis/3b43e061-9369-445c-8fcf-c32657da6a2f does not exist. Creating ...
2019-09-20 14:28:18,418 [pool-632-thread-1] INFO  storage.RaftStorageDirectory (RaftStorageDirectory.java:tryLock(328)) - Lock on /workdir/hadoop-ozone/ozonefs/target/test-dir/MiniOzoneClusterImpl-54451e80-538c-4519-a538-a89d0a6472e3/datanode-2/data/ratis/3b43e061-9369-445c-8fcf-c32657da6a2f/in_use.lock acquired by nodename 21669@pr-hdds-1569-p5fx8-1226042367
2019-09-20 14:28:18,436 [pool-632-thread-1] INFO  storage.RaftStorage (RaftStorage.java:format(72)) - Storage directory /workdir/hadoop-ozone/ozonefs/target/test-dir/MiniOzoneClusterImpl-54451e80-538c-4519-a538-a89d0a6472e3/datanode-2/data/ratis/3b43e061-9369-445c-8fcf-c32657da6a2f has been successfully formatted.
2019-09-20 14:28:18,436 [pool-632-thread-1] INFO  ratis.ContainerStateMachine (ContainerStateMachine.java:loadSnapshot(226)) - group-C32657DA6A2F: The snapshot info is null. Setting the last applied indexto:(t:0, i:~)
2019-09-20 14:28:18,436 [pool-632-thread-1] INFO  server.RaftServerConfigKeys (ConfUtils.java:logGet(43)) - raft.server.leader.election.timeout = 120s (custom)
2019-09-20 14:28:18,436 [pool-632-thread-1] INFO  server.RaftServerConfigKeys (ConfUtils.java:logGet(43)) - raft.server.log.use.memory = false (default)
2019-09-20 14:28:18,437 [pool-632-thread-1] INFO  server.RaftServerConfigKeys (ConfUtils.java:logGet(43)) - raft.server.log.purge.gap = 1000000 (custom)
2019-09-20 14:28:18,437 [pool-632-thread-1] INFO  server.RaftServerConfigKeys (ConfUtils.java:logGet(43)) - raft.server.log.appender.buffer.byte-limit = 33554432 (custom)
2019-09-20 14:28:18,437 [pool-632-thread-1] INFO  server.RaftServerConfigKeys (ConfUtils.java:logGet(43)) - raft.server.log.segment.size.max = 1048576 (custom)
2019-09-20 14:28:18,437 [pool-632-thread-1] INFO  server.RaftServerConfigKeys (ConfUtils.java:logGet(43)) - raft.server.log.segment.cache.num.max = 2 (custom)
2019-09-20 14:28:18,437 [pool-632-thread-1] INFO  segmented.SegmentedRaftLogWorker (SegmentedRaftLogWorker.java:<init>(172)) - new 4a8b5aae-7936-4127-a6e1-51a8bd8ea200-SegmentedRaftLogWorker:Storage Directory /workdir/hadoop-ozone/ozonefs/target/test-dir/MiniOzoneClusterImpl-54451e80-538c-4519-a538-a89d0a6472e3/datanode-2/data/ratis/3b43e061-9369-445c-8fcf-c32657da6a2f for RaftStorage:Storage Directory /workdir/hadoop-ozone/ozonefs/target/test-dir/MiniOzoneClusterImpl-54451e80-538c-4519-a538-a89d0a6472e3/datanode-2/data/ratis/3b43e061-9369-445c-8fcf-c32657da6a2f
2019-09-20 14:28:18,437 [pool-632-thread-1] INFO  server.RaftServerConfigKeys (ConfUtils.java:logGet(43)) - raft.server.log.queue.byte-limit = 2147483647 (custom)
2019-09-20 14:28:18,438 [pool-632-thread-1] INFO  server.RaftServerConfigKeys (ConfUtils.java:logGet(43)) - raft.server.log.queue.element-limit = 1024 (custom)
2019-09-20 14:28:18,438 [pool-632-thread-1] INFO  server.RaftServerConfigKeys (ConfUtils.java:logGet(43)) - raft.server.log.segment.size.max = 1048576 (custom)
2019-09-20 14:28:18,438 [pool-632-thread-1] INFO  server.RaftServerConfigKeys (ConfUtils.java:logGet(43)) - raft.server.log.preallocated.size = 16384 (custom)
2019-09-20 14:28:18,438 [pool-632-thread-1] INFO  server.RaftServerConfigKeys (ConfUtils.java:logGet(43)) - raft.server.log.write.buffer.size = 33554432 (custom)
2019-09-20 14:28:18,438 [pool-632-thread-1] INFO  server.RaftServerConfigKeys (ConfUtils.java:logGet(43)) - raft.server.log.force.sync.num = 128 (default)
2019-09-20 14:28:18,438 [pool-632-thread-1] INFO  server.RaftServerConfigKeys (ConfUtils.java:logGet(43)) - raft.server.log.statemachine.data.sync = true (default)
2019-09-20 14:28:18,438 [pool-632-thread-1] INFO  server.RaftServerConfigKeys (ConfUtils.java:logGet(43)) - raft.server.log.statemachine.data.sync.timeout = 10s (default)
2019-09-20 14:28:18,439 [pool-632-thread-1] INFO  server.RaftServerConfigKeys (ConfUtils.java:logGet(43)) - raft.server.log.statemachine.data.sync.timeout.retry = -1 (default)
2019-09-20 14:28:18,439 [pool-632-thread-1] INFO  server.RaftServerConfigKeys (ConfUtils.java:logGet(43)) - raft.server.log.statemachine.data.caching.enabled = true (custom)
2019-09-20 14:28:18,439 [pool-632-thread-1] INFO  segmented.SegmentedRaftLogWorker (SegmentedRaftLogWorker.java:lambda$new$0(132)) - 4a8b5aae-7936-4127-a6e1-51a8bd8ea200-SegmentedRaftLogWorker:Storage Directory /workdir/hadoop-ozone/ozonefs/target/test-dir/MiniOzoneClusterImpl-54451e80-538c-4519-a538-a89d0a6472e3/datanode-2/data/ratis/3b43e061-9369-445c-8fcf-c32657da6a2f: flushIndex: setUnconditionally 0 -> -1
2019-09-20 14:28:18,440 [pool-632-thread-1] INFO  server.RaftServerConfigKeys (ConfUtils.java:logGet(43)) - raft.server.snapshot.auto.trigger.enabled = true (custom)
2019-09-20 14:28:18,440 [pool-632-thread-1] INFO  server.RaftServerConfigKeys (ConfUtils.java:logGet(43)) - raft.server.snapshot.auto.trigger.threshold = 10000 (custom)
2019-09-20 14:28:18,440 [pool-632-thread-1] INFO  server.RaftServerConfigKeys (ConfUtils.java:logGet(43)) - raft.server.retrycache.expirytime = 600000ms (custom)
2019-09-20 14:28:18,440 [pool-632-thread-1] INFO  impl.RaftServerImpl (RaftServerImpl.java:start(180)) - 4a8b5aae-7936-4127-a6e1-51a8bd8ea200: start group-C32657DA6A2F
2019-09-20 14:28:18,440 [pool-632-thread-1] INFO  impl.RaftServerImpl (RaftServerImpl.java:setRole(171)) - 4a8b5aae-7936-4127-a6e1-51a8bd8ea200:group-C32657DA6A2F changes role from null to FOLLOWER at term 0 for startAsFollower
2019-09-20 14:28:18,440 [pool-632-thread-1] INFO  impl.RoleInfo (RoleInfo.java:updateAndGet(143)) - 4a8b5aae-7936-4127-a6e1-51a8bd8ea200: start FollowerState
2019-09-20 14:28:18,441 [pool-632-thread-1] INFO  util.JmxRegister (JmxRegister.java:tryRegister(44)) - Successfully registered JMX Bean with object name Ratis:service=RaftServer,group=group-C32657DA6A2F,id=4a8b5aae-7936-4127-a6e1-51a8bd8ea200
2019-09-20 14:28:18,443 [RatisPipelineUtilsThread] INFO  pipeline.PipelineStateManager (PipelineStateManager.java:addPipeline(56)) - Created pipeline Pipeline[ Id: 3b43e061-9369-445c-8fcf-c32657da6a2f, Nodes: 4a8b5aae-7936-4127-a6e1-51a8bd8ea200{ip: 192.168.36.99, host: pr-hdds-1569-p5fx8-1226042367, networkLocation: /default-rack, certSerialId: null}, Type:RATIS, Factor:ONE, State:OPEN]
2019-09-20 14:28:18,443 [RatisPipelineUtilsThread] INFO  pipeline.PipelinePlacementPolicy (PipelinePlacementPolicy.java:meetCriteria(91)) - Pipeline Placement: Doesn't meet the criteria to be viable node： 4a8b5aae-7936-4127-a6e1-51a8bd8ea200 Heaviness: 6 limit: 5
2019-09-20 14:28:18,444 [RatisPipelineUtilsThread] INFO  pipeline.PipelinePlacementPolicy (PipelinePlacementPolicy.java:meetCriteria(91)) - Pipeline Placement: Doesn't meet the criteria to be viable node： 49dcdc92-38f9-4214-ac53-ad04882e13af Heaviness: 6 limit: 5
2019-09-20 14:28:18,444 [RatisPipelineUtilsThread] INFO  pipeline.PipelinePlacementPolicy (PipelinePlacementPolicy.java:meetCriteria(91)) - Pipeline Placement: Doesn't meet the criteria to be viable node： 2809c2c2-ae59-4cd3-896b-694de5a9a212 Heaviness: 6 limit: 5
2019-09-20 14:28:18,444 [RatisPipelineUtilsThread] ERROR pipeline.PipelinePlacementPolicy (PipelinePlacementPolicy.java:filterViableNodes(148)) - Unable to find enough nodes that meet the criteria that cannot engage in more than 5 pipelines. Nodes required: 1 Found: 0, healthy nodes count inNodeManager: 3.
2019-09-20 14:28:18,444 [RatisPipelineUtilsThread] ERROR pipeline.SCMPipelineManager (SCMPipelineManager.java:createPipeline(161)) - Pipeline creation failed due to exception: Unable to find enough nodes that meet the criteria that cannot engage in more than 5 pipelines. Nodes required: 1 Found: 0, healthy nodes count inNodeManager: 3.
2019-09-20 14:28:18,445 [RatisPipelineUtilsThread] INFO  pipeline.PipelinePlacementPolicy (PipelinePlacementPolicy.java:meetCriteria(91)) - Pipeline Placement: Doesn't meet the criteria to be viable node： 4a8b5aae-7936-4127-a6e1-51a8bd8ea200 Heaviness: 6 limit: 5
2019-09-20 14:28:18,445 [RatisPipelineUtilsThread] INFO  pipeline.PipelinePlacementPolicy (PipelinePlacementPolicy.java:meetCriteria(91)) - Pipeline Placement: Doesn't meet the criteria to be viable node： 49dcdc92-38f9-4214-ac53-ad04882e13af Heaviness: 6 limit: 5
2019-09-20 14:28:18,445 [RatisPipelineUtilsThread] INFO  pipeline.PipelinePlacementPolicy (PipelinePlacementPolicy.java:meetCriteria(91)) - Pipeline Placement: Doesn't meet the criteria to be viable node： 2809c2c2-ae59-4cd3-896b-694de5a9a212 Heaviness: 6 limit: 5
2019-09-20 14:28:18,445 [RatisPipelineUtilsThread] ERROR pipeline.PipelinePlacementPolicy (PipelinePlacementPolicy.java:filterViableNodes(148)) - Unable to find enough nodes that meet the criteria that cannot engage in more than 5 pipelines. Nodes required: 3 Found: 0, healthy nodes count inNodeManager: 3.
2019-09-20 14:28:18,445 [RatisPipelineUtilsThread] ERROR pipeline.SCMPipelineManager (SCMPipelineManager.java:createPipeline(161)) - Pipeline creation failed due to exception: Unable to find enough nodes that meet the criteria that cannot engage in more than 5 pipelines. Nodes required: 3 Found: 0, healthy nodes count inNodeManager: 3.
2019-09-20 14:28:18,445 [IPC Server handler 1 on 43814] INFO  pipeline.PipelinePlacementPolicy (PipelinePlacementPolicy.java:meetCriteria(91)) - Pipeline Placement: Doesn't meet the criteria to be viable node： 4a8b5aae-7936-4127-a6e1-51a8bd8ea200 Heaviness: 6 limit: 5
2019-09-20 14:28:18,446 [IPC Server handler 1 on 43814] INFO  pipeline.PipelinePlacementPolicy (PipelinePlacementPolicy.java:meetCriteria(91)) - Pipeline Placement: Doesn't meet the criteria to be viable node： 49dcdc92-38f9-4214-ac53-ad04882e13af Heaviness: 6 limit: 5
2019-09-20 14:28:18,446 [IPC Server handler 1 on 43814] INFO  pipeline.PipelinePlacementPolicy (PipelinePlacementPolicy.java:meetCriteria(91)) - Pipeline Placement: Doesn't meet the criteria to be viable node： 2809c2c2-ae59-4cd3-896b-694de5a9a212 Heaviness: 6 limit: 5
2019-09-20 14:28:18,446 [IPC Server handler 1 on 43814] ERROR pipeline.PipelinePlacementPolicy (PipelinePlacementPolicy.java:filterViableNodes(148)) - Unable to find enough nodes that meet the criteria that cannot engage in more than 5 pipelines. Nodes required: 3 Found: 0, healthy nodes count inNodeManager: 3.
2019-09-20 14:28:18,446 [IPC Server handler 1 on 43814] ERROR pipeline.SCMPipelineManager (SCMPipelineManager.java:createPipeline(161)) - Pipeline creation failed due to exception: Unable to find enough nodes that meet the criteria that cannot engage in more than 5 pipelines. Nodes required: 3 Found: 0, healthy nodes count inNodeManager: 3.
2019-09-20 14:28:18,447 [IPC Server handler 1 on 43814] WARN  block.BlockManagerImpl (BlockManagerImpl.java:allocateBlock(192)) - Pipeline creation failed for type:RATIS factor:THREE. Retrying get pipelines call once.
org.apache.hadoop.hdds.scm.exceptions.SCMException: Unable to find enough nodes that meet the criteria that cannot engage in more than 5 pipelines. Nodes required: 3 Found: 0, healthy nodes count inNodeManager: 3.
	at org.apache.hadoop.hdds.scm.pipeline.PipelinePlacementPolicy.filterViableNodes(PipelinePlacementPolicy.java:149)
	at org.apache.hadoop.hdds.scm.pipeline.PipelinePlacementPolicy.chooseDatanodes(PipelinePlacementPolicy.java:172)
	at org.apache.hadoop.hdds.scm.pipeline.RatisPipelineProvider.create(RatisPipelineProvider.java:92)
	at org.apache.hadoop.hdds.scm.pipeline.PipelineFactory.create(PipelineFactory.java:57)
	at org.apache.hadoop.hdds.scm.pipeline.SCMPipelineManager.createPipeline(SCMPipelineManager.java:149)
	at org.apache.hadoop.hdds.scm.block.BlockManagerImpl.allocateBlock(BlockManagerImpl.java:190)
	at org.apache.hadoop.hdds.scm.server.SCMBlockProtocolServer.allocateBlock(SCMBlockProtocolServer.java:175)
	at org.apache.hadoop.ozone.protocolPB.ScmBlockLocationProtocolServerSideTranslatorPB.allocateScmBlock(ScmBlockLocationProtocolServerSideTranslatorPB.java:153)
	at org.apache.hadoop.ozone.protocolPB.ScmBlockLocationProtocolServerSideTranslatorPB.send(ScmBlockLocationProtocolServerSideTranslatorPB.java:112)
	at org.apache.hadoop.hdds.protocol.proto.ScmBlockLocationProtocolProtos$ScmBlockLocationProtocolService$2.callBlockingMethod(ScmBlockLocationProtocolProtos.java:13157)
	at org.apache.hadoop.ipc.ProtobufRpcEngine$Server$ProtoBufRpcInvoker.call(ProtobufRpcEngine.java:524)
	at org.apache.hadoop.ipc.RPC$Server.call(RPC.java:1025)
	at org.apache.hadoop.ipc.Server$RpcCall.run(Server.java:876)
	at org.apache.hadoop.ipc.Server$RpcCall.run(Server.java:822)
	at java.security.AccessController.doPrivileged(Native Method)
	at javax.security.auth.Subject.doAs(Subject.java:422)
	at org.apache.hadoop.security.UserGroupInformation.doAs(UserGroupInformation.java:1730)
	at org.apache.hadoop.ipc.Server$Handler.run(Server.java:2682)
2019-09-20 14:28:18,447 [RatisPipelineUtilsThread] INFO  pipeline.PipelinePlacementPolicy (PipelinePlacementPolicy.java:meetCriteria(91)) - Pipeline Placement: Doesn't meet the criteria to be viable node： 4a8b5aae-7936-4127-a6e1-51a8bd8ea200 Heaviness: 6 limit: 5
2019-09-20 14:28:18,447 [RatisPipelineUtilsThread] INFO  pipeline.PipelinePlacementPolicy (PipelinePlacementPolicy.java:meetCriteria(91)) - Pipeline Placement: Doesn't meet the criteria to be viable node： 49dcdc92-38f9-4214-ac53-ad04882e13af Heaviness: 6 limit: 5
2019-09-20 14:28:18,448 [RatisPipelineUtilsThread] INFO  pipeline.PipelinePlacementPolicy (PipelinePlacementPolicy.java:meetCriteria(91)) - Pipeline Placement: Doesn't meet the criteria to be viable node： 2809c2c2-ae59-4cd3-896b-694de5a9a212 Heaviness: 6 limit: 5
2019-09-20 14:28:18,448 [RatisPipelineUtilsThread] ERROR pipeline.PipelinePlacementPolicy (PipelinePlacementPolicy.java:filterViableNodes(148)) - Unable to find enough nodes that meet the criteria that cannot engage in more than 5 pipelines. Nodes required: 1 Found: 0, healthy nodes count inNodeManager: 3.
2019-09-20 14:28:18,448 [RatisPipelineUtilsThread] ERROR pipeline.SCMPipelineManager (SCMPipelineManager.java:createPipeline(161)) - Pipeline creation failed due to exception: Unable to find enough nodes that meet the criteria that cannot engage in more than 5 pipelines. Nodes required: 1 Found: 0, healthy nodes count inNodeManager: 3.
2019-09-20 14:28:18,448 [RatisPipelineUtilsThread] INFO  pipeline.PipelinePlacementPolicy (PipelinePlacementPolicy.java:meetCriteria(91)) - Pipeline Placement: Doesn't meet the criteria to be viable node： 4a8b5aae-7936-4127-a6e1-51a8bd8ea200 Heaviness: 6 limit: 5
2019-09-20 14:28:18,448 [RatisPipelineUtilsThread] INFO  pipeline.PipelinePlacementPolicy (PipelinePlacementPolicy.java:meetCriteria(91)) - Pipeline Placement: Doesn't meet the criteria to be viable node： 49dcdc92-38f9-4214-ac53-ad04882e13af Heaviness: 6 limit: 5
2019-09-20 14:28:18,449 [RatisPipelineUtilsThread] INFO  pipeline.PipelinePlacementPolicy (PipelinePlacementPolicy.java:meetCriteria(91)) - Pipeline Placement: Doesn't meet the criteria to be viable node： 2809c2c2-ae59-4cd3-896b-694de5a9a212 Heaviness: 6 limit: 5
2019-09-20 14:28:18,449 [RatisPipelineUtilsThread] ERROR pipeline.PipelinePlacementPolicy (PipelinePlacementPolicy.java:filterViableNodes(148)) - Unable to find enough nodes that meet the criteria that cannot engage in more than 5 pipelines. Nodes required: 3 Found: 0, healthy nodes count inNodeManager: 3.
2019-09-20 14:28:18,449 [RatisPipelineUtilsThread] ERROR pipeline.SCMPipelineManager (SCMPipelineManager.java:createPipeline(161)) - Pipeline creation failed due to exception: Unable to find enough nodes that meet the criteria that cannot engage in more than 5 pipelines. Nodes required: 3 Found: 0, healthy nodes count inNodeManager: 3.
2019-09-20 14:28:18,449 [IPC Server handler 1 on 43814] INFO  block.BlockManagerImpl (BlockManagerImpl.java:allocateBlock(198)) - Could not find available pipeline of type:RATIS and factor:THREE even after retrying
2019-09-20 14:28:18,449 [IPC Server handler 1 on 43814] ERROR block.BlockManagerImpl (BlockManagerImpl.java:allocateBlock(222)) - Unable to allocate a block for the size: 4194304, type: RATIS, factor: THREE
2019-09-20 14:28:18,449 | INFO  | SCMAudit | user=jenkins1000 | ip=192.168.36.99 | op=ALLOCATE_BLOCK {owner=bfa7ee78-73af-4cce-9ed7-76c357bb098f, size=4194304, type=RATIS, factor=THREE} | ret=SUCCESS |  
2019-09-20 14:28:18,450 | ERROR | OMAudit | user=jenkins1000 | ip=127.0.0.1 | op=CREATE_FILE {volume=volume59835, bucket=bucket02074, key=yaNxy, dataSize=0, replicationType=RATIS, replicationFactor=THREE, keyLocationInfo=null} | ret=FAILURE | org.apache.hadoop.hdds.scm.exceptions.SCMException: Allocated 0 blocks. Requested 1 blocks
	at org.apache.hadoop.hdds.scm.protocolPB.ScmBlockLocationProtocolClientSideTranslatorPB.handleError(ScmBlockLocationProtocolClientSideTranslatorPB.java:118)
	at org.apache.hadoop.hdds.scm.protocolPB.ScmBlockLocationProtocolClientSideTranslatorPB.allocateBlock(ScmBlockLocationProtocolClientSideTranslatorPB.java:156) 
2019-09-20 14:28:18,454 [main] INFO  ozone.MiniOzoneClusterImpl (MiniOzoneClusterImpl.java:shutdown(321)) - Shutting down the Mini Ozone Cluster
2019-09-20 14:28:18,454 | INFO  | SCMAudit | user=null | ip=null | op=GET_SCM_INFO null | ret=SUCCESS |  
2019-09-20 14:28:18,454 [main] INFO  ozone.MiniOzoneClusterImpl (MiniOzoneClusterImpl.java:stop(336)) - Stopping the Mini Ozone Cluster
2019-09-20 14:28:18,455 [main] INFO  ozone.MiniOzoneClusterImpl (MiniOzoneClusterImpl.java:stop(338)) - Stopping the OzoneManager
2019-09-20 14:28:18,455 [main] INFO  ipc.Server (Server.java:stop(3082)) - Stopping server on 33772
2019-09-20 14:28:18,461 [IPC Server listener on 33772] INFO  ipc.Server (Server.java:run(1185)) - Stopping IPC Server listener on 33772
2019-09-20 14:28:18,462 [main] INFO  ratis.OzoneManagerDoubleBuffer (OzoneManagerDoubleBuffer.java:stop(248)) - Stopping OMDoubleBuffer flush thread
2019-09-20 14:28:18,462 [IPC Server Responder] INFO  ipc.Server (Server.java:run(1319)) - Stopping IPC Server Responder
2019-09-20 14:28:18,464 [OMDoubleBufferFlushThread] INFO  ratis.OzoneManagerDoubleBuffer (OzoneManagerDoubleBuffer.java:flushTransactions(191)) - OMDoubleBuffer flush thread OMDoubleBufferFlushThread is interrupted and will exit. OMDoubleBufferFlushThread
2019-09-20 14:28:18,464 [main] INFO  utils.BackgroundService (BackgroundService.java:shutdown(148)) - Shutting down service KeyDeletingService
2019-09-20 14:28:18,466 [main] INFO  handler.ContextHandler (ContextHandler.java:doStop(910)) - Stopped o.e.j.w.WebAppContext@49e69196{/,null,UNAVAILABLE}{/ozoneManager}
2019-09-20 14:28:18,467 [main] INFO  server.AbstractConnector (AbstractConnector.java:doStop(318)) - Stopped ServerConnector@76e51181{HTTP/1.1,[http/1.1]}{0.0.0.0:0}
2019-09-20 14:28:18,467 [main] INFO  handler.ContextHandler (ContextHandler.java:doStop(910)) - Stopped o.e.j.s.ServletContextHandler@5db3afff{/static,jar:file:/home/user/.m2/repository/org/apache/hadoop/hadoop-ozone-ozone-manager/0.5.0-SNAPSHOT/hadoop-ozone-ozone-manager-0.5.0-SNAPSHOT.jar!/webapps/static,UNAVAILABLE}
2019-09-20 14:28:18,467 [main] INFO  handler.ContextHandler (ContextHandler.java:doStop(910)) - Stopped o.e.j.s.ServletContextHandler@303c195f{/logs,file:///workdir/hadoop-ozone/ozonefs/target/log,UNAVAILABLE}
2019-09-20 14:28:18,469 [main] INFO  ozone.MiniOzoneClusterImpl (MiniOzoneClusterImpl.java:stop(344)) - Shutting the HddsDatanodes
2019-09-20 14:28:18,470 [main] INFO  datanode.ObjectStoreHandler (ObjectStoreHandler.java:close(155)) - Closing ObjectStoreHandler.
2019-09-20 14:28:18,470 [ForkJoinPool.commonPool-worker-0] INFO  datanode.ObjectStoreHandler (ObjectStoreHandler.java:close(155)) - Closing ObjectStoreHandler.
2019-09-20 14:28:18,470 [main] INFO  ozone.HddsDatanodeService (HddsDatanodeService.java:stop(451)) - Stopped plug-in org.apache.hadoop.ozone.web.OzoneHddsDatanodeService@2fd1f0e4
2019-09-20 14:28:18,470 [ForkJoinPool.commonPool-worker-0] INFO  ozone.HddsDatanodeService (HddsDatanodeService.java:stop(451)) - Stopped plug-in org.apache.hadoop.ozone.web.OzoneHddsDatanodeService@276af32d
2019-09-20 14:28:19,314 [Datanode State Machine Thread - 0] INFO  statemachine.DatanodeStateMachine (DatanodeStateMachine.java:lambda$startDaemon$0(350)) - Ozone container server started.
2019-09-20 14:28:19,533 [Datanode State Machine Thread - 0] INFO  statemachine.DatanodeStateMachine (DatanodeStateMachine.java:lambda$startDaemon$0(350)) - Ozone container server started.
2019-09-20 14:28:19,731 | INFO  | SCMAudit | user=jenkins1000 | ip=192.168.36.99 | op=SEND_HEARTBEAT {datanodeUUID=4a8b5aae-7936-4127-a6e1-51a8bd8ea200, command=[]} | ret=SUCCESS |  
2019-09-20 14:28:20,325 [Thread-3092] INFO  container.ReplicationManager (ReplicationManager.java:start(151)) - Starting Replication Monitor Thread.
2019-09-20 14:28:20,328 [ReplicationMonitor] INFO  container.ReplicationManager (ReplicationManager.java:run(214)) - Replication Monitor Thread took 0 milliseconds for processing 0 containers.
2019-09-20 14:28:20,731 | INFO  | SCMAudit | user=jenkins1000 | ip=192.168.36.99 | op=SEND_HEARTBEAT {datanodeUUID=4a8b5aae-7936-4127-a6e1-51a8bd8ea200, command=[]} | ret=SUCCESS |  
2019-09-20 14:28:21,731 | INFO  | SCMAudit | user=jenkins1000 | ip=192.168.36.99 | op=SEND_HEARTBEAT {datanodeUUID=4a8b5aae-7936-4127-a6e1-51a8bd8ea200, command=[]} | ret=SUCCESS |  
2019-09-20 14:28:22,506 [Thread-3094] INFO  impl.FollowerState (FollowerState.java:run(106)) - 2809c2c2-ae59-4cd3-896b-694de5a9a212:group-944305031B21 changes to CANDIDATE, lastRpcTime:5125, electionTimeout:5125ms
2019-09-20 14:28:22,506 [Thread-3094] INFO  impl.RoleInfo (RoleInfo.java:shutdownFollowerState(121)) - 2809c2c2-ae59-4cd3-896b-694de5a9a212: shutdown FollowerState
2019-09-20 14:28:22,506 [Thread-3094] INFO  impl.RaftServerImpl (RaftServerImpl.java:setRole(171)) - 2809c2c2-ae59-4cd3-896b-694de5a9a212:group-944305031B21 changes role from FOLLOWER to CANDIDATE at term 0 for changeToCandidate
2019-09-20 14:28:22,506 [Thread-3094] INFO  impl.RoleInfo (RoleInfo.java:updateAndGet(143)) - 2809c2c2-ae59-4cd3-896b-694de5a9a212: start LeaderElection
2019-09-20 14:28:22,525 [Thread-3097] INFO  impl.FollowerState (FollowerState.java:run(106)) - 2809c2c2-ae59-4cd3-896b-694de5a9a212:group-6394AA28873E changes to CANDIDATE, lastRpcTime:5093, electionTimeout:5093ms
2019-09-20 14:28:22,525 [Thread-3097] INFO  impl.RoleInfo (RoleInfo.java:shutdownFollowerState(121)) - 2809c2c2-ae59-4cd3-896b-694de5a9a212: shutdown FollowerState
2019-09-20 14:28:22,525 [Thread-3097] INFO  impl.RaftServerImpl (RaftServerImpl.java:setRole(171)) - 2809c2c2-ae59-4cd3-896b-694de5a9a212:group-6394AA28873E changes role from FOLLOWER to CANDIDATE at term 0 for changeToCandidate
2019-09-20 14:28:22,526 [Thread-3097] INFO  impl.RoleInfo (RoleInfo.java:updateAndGet(143)) - 2809c2c2-ae59-4cd3-896b-694de5a9a212: start LeaderElection
2019-09-20 14:28:22,527 [2809c2c2-ae59-4cd3-896b-694de5a9a212:group-944305031B21:LeaderElection198] INFO  impl.LeaderElection (LeaderElection.java:askForVotes(181)) - 2809c2c2-ae59-4cd3-896b-694de5a9a212:group-944305031B21:LeaderElection198: begin an election at term 1 for -1: [2809c2c2-ae59-4cd3-896b-694de5a9a212:192.168.36.99:42888], old=null
2019-09-20 14:28:22,528 [2809c2c2-ae59-4cd3-896b-694de5a9a212:group-944305031B21:LeaderElection198] INFO  impl.RoleInfo (RoleInfo.java:shutdownLeaderElection(134)) - 2809c2c2-ae59-4cd3-896b-694de5a9a212: shutdown LeaderElection
2019-09-20 14:28:22,528 [2809c2c2-ae59-4cd3-896b-694de5a9a212:group-944305031B21:LeaderElection198] INFO  impl.RaftServerImpl (RaftServerImpl.java:setRole(171)) - 2809c2c2-ae59-4cd3-896b-694de5a9a212:group-944305031B21 changes role from CANDIDATE to LEADER at term 1 for changeToLeader
2019-09-20 14:28:22,528 [2809c2c2-ae59-4cd3-896b-694de5a9a212:group-944305031B21:LeaderElection198] INFO  impl.RaftServerImpl (ServerState.java:setLeader(263)) - 2809c2c2-ae59-4cd3-896b-694de5a9a212:group-944305031B21 change Leader from null to 2809c2c2-ae59-4cd3-896b-694de5a9a212 at term 1 for becomeLeader, leader elected after 5152ms
2019-09-20 14:28:22,528 [2809c2c2-ae59-4cd3-896b-694de5a9a212:group-944305031B21:LeaderElection198] INFO  server.RaftServerConfigKeys (ConfUtils.java:logGet(43)) - raft.server.staging.catchup.gap = 1000 (default)
2019-09-20 14:28:22,528 [2809c2c2-ae59-4cd3-896b-694de5a9a212:group-944305031B21:LeaderElection198] INFO  server.RaftServerConfigKeys (ConfUtils.java:logGet(43)) - raft.server.rpc.sleep.time = 25ms (default)
2019-09-20 14:28:22,528 [2809c2c2-ae59-4cd3-896b-694de5a9a212:group-944305031B21:LeaderElection198] INFO  server.RaftServerConfigKeys (ConfUtils.java:logGet(43)) - raft.server.write.element-limit = 4096 (default)
2019-09-20 14:28:22,529 [2809c2c2-ae59-4cd3-896b-694de5a9a212:group-944305031B21:LeaderElection198] INFO  server.RaftServerConfigKeys (ConfUtils.java:logGet(43)) - raft.server.watch.timeout = 10s (default)
2019-09-20 14:28:22,529 [2809c2c2-ae59-4cd3-896b-694de5a9a212:group-944305031B21:LeaderElection198] INFO  server.RaftServerConfigKeys (ConfUtils.java:logGet(43)) - raft.server.watch.timeout.denomination = 1s (default)
2019-09-20 14:28:22,529 [2809c2c2-ae59-4cd3-896b-694de5a9a212:group-944305031B21:LeaderElection198] INFO  server.RaftServerConfigKeys (ConfUtils.java:logGet(43)) - raft.server.watch.element-limit = 65536 (default)
2019-09-20 14:28:22,529 [2809c2c2-ae59-4cd3-896b-694de5a9a212:group-944305031B21:LeaderElection198] INFO  impl.RoleInfo (RoleInfo.java:updateAndGet(143)) - 2809c2c2-ae59-4cd3-896b-694de5a9a212: start LeaderState
2019-09-20 14:28:22,530 [2809c2c2-ae59-4cd3-896b-694de5a9a212:group-944305031B21:LeaderElection198] INFO  segmented.SegmentedRaftLogWorker (SegmentedRaftLogWorker.java:startLogSegment(380)) - 2809c2c2-ae59-4cd3-896b-694de5a9a212-SegmentedRaftLogWorker:Storage Directory /workdir/hadoop-ozone/ozonefs/target/test-dir/MiniOzoneClusterImpl-54451e80-538c-4519-a538-a89d0a6472e3/datanode-0/data/ratis/8c0deaf9-8ea3-43d2-9a3e-944305031b21: Starting segment from index:0
2019-09-20 14:28:22,530 [2809c2c2-ae59-4cd3-896b-694de5a9a212:group-944305031B21:LeaderElection198] INFO  impl.RaftServerImpl (ServerState.java:setRaftConf(361)) - 2809c2c2-ae59-4cd3-896b-694de5a9a212:group-944305031B21 set configuration 0: [2809c2c2-ae59-4cd3-896b-694de5a9a212:192.168.36.99:42888], old=null at 0
2019-09-20 14:28:22,550 [2809c2c2-ae59-4cd3-896b-694de5a9a212:group-6394AA28873E:LeaderElection199] INFO  impl.LeaderElection (LeaderElection.java:askForVotes(181)) - 2809c2c2-ae59-4cd3-896b-694de5a9a212:group-6394AA28873E:LeaderElection199: begin an election at term 1 for -1: [2809c2c2-ae59-4cd3-896b-694de5a9a212:192.168.36.99:42888], old=null
2019-09-20 14:28:22,550 [2809c2c2-ae59-4cd3-896b-694de5a9a212:group-6394AA28873E:LeaderElection199] INFO  impl.RoleInfo (RoleInfo.java:shutdownLeaderElection(134)) - 2809c2c2-ae59-4cd3-896b-694de5a9a212: shutdown LeaderElection
2019-09-20 14:28:22,550 [2809c2c2-ae59-4cd3-896b-694de5a9a212:group-6394AA28873E:LeaderElection199] INFO  impl.RaftServerImpl (RaftServerImpl.java:setRole(171)) - 2809c2c2-ae59-4cd3-896b-694de5a9a212:group-6394AA28873E changes role from CANDIDATE to LEADER at term 1 for changeToLeader
2019-09-20 14:28:22,550 [2809c2c2-ae59-4cd3-896b-694de5a9a212:group-6394AA28873E:LeaderElection199] INFO  impl.RaftServerImpl (ServerState.java:setLeader(263)) - 2809c2c2-ae59-4cd3-896b-694de5a9a212:group-6394AA28873E change Leader from null to 2809c2c2-ae59-4cd3-896b-694de5a9a212 at term 1 for becomeLeader, leader elected after 5122ms
2019-09-20 14:28:22,550 [2809c2c2-ae59-4cd3-896b-694de5a9a212:group-6394AA28873E:LeaderElection199] INFO  server.RaftServerConfigKeys (ConfUtils.java:logGet(43)) - raft.server.staging.catchup.gap = 1000 (default)
2019-09-20 14:28:22,550 [2809c2c2-ae59-4cd3-896b-694de5a9a212:group-6394AA28873E:LeaderElection199] INFO  server.RaftServerConfigKeys (ConfUtils.java:logGet(43)) - raft.server.rpc.sleep.time = 25ms (default)
2019-09-20 14:28:22,550 [2809c2c2-ae59-4cd3-896b-694de5a9a212:group-6394AA28873E:LeaderElection199] INFO  server.RaftServerConfigKeys (ConfUtils.java:logGet(43)) - raft.server.write.element-limit = 4096 (default)
2019-09-20 14:28:22,551 [2809c2c2-ae59-4cd3-896b-694de5a9a212:group-6394AA28873E:LeaderElection199] INFO  server.RaftServerConfigKeys (ConfUtils.java:logGet(43)) - raft.server.watch.timeout = 10s (default)
2019-09-20 14:28:22,551 [2809c2c2-ae59-4cd3-896b-694de5a9a212:group-6394AA28873E:LeaderElection199] INFO  server.RaftServerConfigKeys (ConfUtils.java:logGet(43)) - raft.server.watch.timeout.denomination = 1s (default)
2019-09-20 14:28:22,551 [2809c2c2-ae59-4cd3-896b-694de5a9a212:group-6394AA28873E:LeaderElection199] INFO  server.RaftServerConfigKeys (ConfUtils.java:logGet(43)) - raft.server.watch.element-limit = 65536 (default)
2019-09-20 14:28:22,551 [2809c2c2-ae59-4cd3-896b-694de5a9a212:group-6394AA28873E:LeaderElection199] INFO  impl.RoleInfo (RoleInfo.java:updateAndGet(143)) - 2809c2c2-ae59-4cd3-896b-694de5a9a212: start LeaderState
2019-09-20 14:28:22,551 [2809c2c2-ae59-4cd3-896b-694de5a9a212:group-6394AA28873E:LeaderElection199] INFO  segmented.SegmentedRaftLogWorker (SegmentedRaftLogWorker.java:startLogSegment(380)) - 2809c2c2-ae59-4cd3-896b-694de5a9a212-SegmentedRaftLogWorker:Storage Directory /workdir/hadoop-ozone/ozonefs/target/test-dir/MiniOzoneClusterImpl-54451e80-538c-4519-a538-a89d0a6472e3/datanode-0/data/ratis/db8c3c81-3275-4844-bd98-6394aa28873e: Starting segment from index:0
2019-09-20 14:28:22,552 [2809c2c2-ae59-4cd3-896b-694de5a9a212:group-6394AA28873E:LeaderElection199] INFO  impl.RaftServerImpl (ServerState.java:setRaftConf(361)) - 2809c2c2-ae59-4cd3-896b-694de5a9a212:group-6394AA28873E set configuration 0: [2809c2c2-ae59-4cd3-896b-694de5a9a212:192.168.36.99:42888], old=null at 0
2019-09-20 14:28:22,582 [2809c2c2-ae59-4cd3-896b-694de5a9a212-SegmentedRaftLogWorker:Storage Directory /workdir/hadoop-ozone/ozonefs/target/test-dir/MiniOzoneClusterImpl-54451e80-538c-4519-a538-a89d0a6472e3/datanode-0/data/ratis/8c0deaf9-8ea3-43d2-9a3e-944305031b21] INFO  segmented.SegmentedRaftLogWorker (SegmentedRaftLogWorker.java:execute(569)) - 2809c2c2-ae59-4cd3-896b-694de5a9a212-SegmentedRaftLogWorker:Storage Directory /workdir/hadoop-ozone/ozonefs/target/test-dir/MiniOzoneClusterImpl-54451e80-538c-4519-a538-a89d0a6472e3/datanode-0/data/ratis/8c0deaf9-8ea3-43d2-9a3e-944305031b21: created new log segment /workdir/hadoop-ozone/ozonefs/target/test-dir/MiniOzoneClusterImpl-54451e80-538c-4519-a538-a89d0a6472e3/datanode-0/data/ratis/8c0deaf9-8ea3-43d2-9a3e-944305031b21/current/log_inprogress_0
2019-09-20 14:28:22,600 [2809c2c2-ae59-4cd3-896b-694de5a9a212-SegmentedRaftLogWorker:Storage Directory /workdir/hadoop-ozone/ozonefs/target/test-dir/MiniOzoneClusterImpl-54451e80-538c-4519-a538-a89d0a6472e3/datanode-0/data/ratis/db8c3c81-3275-4844-bd98-6394aa28873e] INFO  segmented.SegmentedRaftLogWorker (SegmentedRaftLogWorker.java:execute(569)) - 2809c2c2-ae59-4cd3-896b-694de5a9a212-SegmentedRaftLogWorker:Storage Directory /workdir/hadoop-ozone/ozonefs/target/test-dir/MiniOzoneClusterImpl-54451e80-538c-4519-a538-a89d0a6472e3/datanode-0/data/ratis/db8c3c81-3275-4844-bd98-6394aa28873e: created new log segment /workdir/hadoop-ozone/ozonefs/target/test-dir/MiniOzoneClusterImpl-54451e80-538c-4519-a538-a89d0a6472e3/datanode-0/data/ratis/db8c3c81-3275-4844-bd98-6394aa28873e/current/log_inprogress_0
2019-09-20 14:28:22,624 [Thread-3103] INFO  impl.FollowerState (FollowerState.java:run(106)) - 2809c2c2-ae59-4cd3-896b-694de5a9a212:group-D8B511EF0B8D changes to CANDIDATE, lastRpcTime:5102, electionTimeout:5102ms
2019-09-20 14:28:22,624 [Thread-3103] INFO  impl.RoleInfo (RoleInfo.java:shutdownFollowerState(121)) - 2809c2c2-ae59-4cd3-896b-694de5a9a212: shutdown FollowerState
2019-09-20 14:28:22,624 [Thread-3103] INFO  impl.RaftServerImpl (RaftServerImpl.java:setRole(171)) - 2809c2c2-ae59-4cd3-896b-694de5a9a212:group-D8B511EF0B8D changes role from FOLLOWER to CANDIDATE at term 0 for changeToCandidate
2019-09-20 14:28:22,624 [Thread-3103] INFO  impl.RoleInfo (RoleInfo.java:updateAndGet(143)) - 2809c2c2-ae59-4cd3-896b-694de5a9a212: start LeaderElection
2019-09-20 14:28:22,645 [2809c2c2-ae59-4cd3-896b-694de5a9a212:group-D8B511EF0B8D:LeaderElection200] INFO  impl.LeaderElection (LeaderElection.java:askForVotes(181)) - 2809c2c2-ae59-4cd3-896b-694de5a9a212:group-D8B511EF0B8D:LeaderElection200: begin an election at term 1 for -1: [2809c2c2-ae59-4cd3-896b-694de5a9a212:192.168.36.99:42888], old=null
2019-09-20 14:28:22,645 [2809c2c2-ae59-4cd3-896b-694de5a9a212:group-D8B511EF0B8D:LeaderElection200] INFO  impl.RoleInfo (RoleInfo.java:shutdownLeaderElection(134)) - 2809c2c2-ae59-4cd3-896b-694de5a9a212: shutdown LeaderElection
2019-09-20 14:28:22,645 [2809c2c2-ae59-4cd3-896b-694de5a9a212:group-D8B511EF0B8D:LeaderElection200] INFO  impl.RaftServerImpl (RaftServerImpl.java:setRole(171)) - 2809c2c2-ae59-4cd3-896b-694de5a9a212:group-D8B511EF0B8D changes role from CANDIDATE to LEADER at term 1 for changeToLeader
2019-09-20 14:28:22,645 [2809c2c2-ae59-4cd3-896b-694de5a9a212:group-D8B511EF0B8D:LeaderElection200] INFO  impl.RaftServerImpl (ServerState.java:setLeader(263)) - 2809c2c2-ae59-4cd3-896b-694de5a9a212:group-D8B511EF0B8D change Leader from null to 2809c2c2-ae59-4cd3-896b-694de5a9a212 at term 1 for becomeLeader, leader elected after 5127ms
2019-09-20 14:28:22,645 [2809c2c2-ae59-4cd3-896b-694de5a9a212:group-D8B511EF0B8D:LeaderElection200] INFO  server.RaftServerConfigKeys (ConfUtils.java:logGet(43)) - raft.server.staging.catchup.gap = 1000 (default)
2019-09-20 14:28:22,646 [2809c2c2-ae59-4cd3-896b-694de5a9a212:group-D8B511EF0B8D:LeaderElection200] INFO  server.RaftServerConfigKeys (ConfUtils.java:logGet(43)) - raft.server.rpc.sleep.time = 25ms (default)
2019-09-20 14:28:22,646 [2809c2c2-ae59-4cd3-896b-694de5a9a212:group-D8B511EF0B8D:LeaderElection200] INFO  server.RaftServerConfigKeys (ConfUtils.java:logGet(43)) - raft.server.write.element-limit = 4096 (default)
2019-09-20 14:28:22,646 [2809c2c2-ae59-4cd3-896b-694de5a9a212:group-D8B511EF0B8D:LeaderElection200] INFO  server.RaftServerConfigKeys (ConfUtils.java:logGet(43)) - raft.server.watch.timeout = 10s (default)
2019-09-20 14:28:22,646 [2809c2c2-ae59-4cd3-896b-694de5a9a212:group-D8B511EF0B8D:LeaderElection200] INFO  server.RaftServerConfigKeys (ConfUtils.java:logGet(43)) - raft.server.watch.timeout.denomination = 1s (default)
2019-09-20 14:28:22,646 [2809c2c2-ae59-4cd3-896b-694de5a9a212:group-D8B511EF0B8D:LeaderElection200] INFO  server.RaftServerConfigKeys (ConfUtils.java:logGet(43)) - raft.server.watch.element-limit = 65536 (default)
2019-09-20 14:28:22,646 [2809c2c2-ae59-4cd3-896b-694de5a9a212:group-D8B511EF0B8D:LeaderElection200] INFO  impl.RoleInfo (RoleInfo.java:updateAndGet(143)) - 2809c2c2-ae59-4cd3-896b-694de5a9a212: start LeaderState
2019-09-20 14:28:22,647 [2809c2c2-ae59-4cd3-896b-694de5a9a212:group-D8B511EF0B8D:LeaderElection200] INFO  segmented.SegmentedRaftLogWorker (SegmentedRaftLogWorker.java:startLogSegment(380)) - 2809c2c2-ae59-4cd3-896b-694de5a9a212-SegmentedRaftLogWorker:Storage Directory /workdir/hadoop-ozone/ozonefs/target/test-dir/MiniOzoneClusterImpl-54451e80-538c-4519-a538-a89d0a6472e3/datanode-0/data/ratis/09c61aa4-8130-4988-a93b-d8b511ef0b8d: Starting segment from index:0
2019-09-20 14:28:22,647 [2809c2c2-ae59-4cd3-896b-694de5a9a212:group-D8B511EF0B8D:LeaderElection200] INFO  impl.RaftServerImpl (ServerState.java:setRaftConf(361)) - 2809c2c2-ae59-4cd3-896b-694de5a9a212:group-D8B511EF0B8D set configuration 0: [2809c2c2-ae59-4cd3-896b-694de5a9a212:192.168.36.99:42888], old=null at 0
2019-09-20 14:28:22,658 [Thread-3106] INFO  impl.FollowerState (FollowerState.java:run(106)) - 2809c2c2-ae59-4cd3-896b-694de5a9a212:group-5F23EE7DFD90 changes to CANDIDATE, lastRpcTime:5085, electionTimeout:5085ms
2019-09-20 14:28:22,658 [Thread-3106] INFO  impl.RoleInfo (RoleInfo.java:shutdownFollowerState(121)) - 2809c2c2-ae59-4cd3-896b-694de5a9a212: shutdown FollowerState
2019-09-20 14:28:22,658 [Thread-3106] INFO  impl.RaftServerImpl (RaftServerImpl.java:setRole(171)) - 2809c2c2-ae59-4cd3-896b-694de5a9a212:group-5F23EE7DFD90 changes role from FOLLOWER to CANDIDATE at term 0 for changeToCandidate
2019-09-20 14:28:22,658 [Thread-3106] INFO  impl.RoleInfo (RoleInfo.java:updateAndGet(143)) - 2809c2c2-ae59-4cd3-896b-694de5a9a212: start LeaderElection
2019-09-20 14:28:22,683 [Thread-3100] INFO  impl.FollowerState (FollowerState.java:run(106)) - 2809c2c2-ae59-4cd3-896b-694de5a9a212:group-0594175F2BC2 changes to CANDIDATE, lastRpcTime:5199, electionTimeout:5187ms
2019-09-20 14:28:22,684 [Thread-3100] INFO  impl.RoleInfo (RoleInfo.java:shutdownFollowerState(121)) - 2809c2c2-ae59-4cd3-896b-694de5a9a212: shutdown FollowerState
2019-09-20 14:28:22,684 [Thread-3100] INFO  impl.RaftServerImpl (RaftServerImpl.java:setRole(171)) - 2809c2c2-ae59-4cd3-896b-694de5a9a212:group-0594175F2BC2 changes role from FOLLOWER to CANDIDATE at term 0 for changeToCandidate
2019-09-20 14:28:22,684 [Thread-3100] INFO  impl.RoleInfo (RoleInfo.java:updateAndGet(143)) - 2809c2c2-ae59-4cd3-896b-694de5a9a212: start LeaderElection
2019-09-20 14:28:22,701 [2809c2c2-ae59-4cd3-896b-694de5a9a212-SegmentedRaftLogWorker:Storage Directory /workdir/hadoop-ozone/ozonefs/target/test-dir/MiniOzoneClusterImpl-54451e80-538c-4519-a538-a89d0a6472e3/datanode-0/data/ratis/09c61aa4-8130-4988-a93b-d8b511ef0b8d] INFO  segmented.SegmentedRaftLogWorker (SegmentedRaftLogWorker.java:execute(569)) - 2809c2c2-ae59-4cd3-896b-694de5a9a212-SegmentedRaftLogWorker:Storage Directory /workdir/hadoop-ozone/ozonefs/target/test-dir/MiniOzoneClusterImpl-54451e80-538c-4519-a538-a89d0a6472e3/datanode-0/data/ratis/09c61aa4-8130-4988-a93b-d8b511ef0b8d: created new log segment /workdir/hadoop-ozone/ozonefs/target/test-dir/MiniOzoneClusterImpl-54451e80-538c-4519-a538-a89d0a6472e3/datanode-0/data/ratis/09c61aa4-8130-4988-a93b-d8b511ef0b8d/current/log_inprogress_0
2019-09-20 14:28:22,701 [2809c2c2-ae59-4cd3-896b-694de5a9a212:group-5F23EE7DFD90:LeaderElection201] INFO  impl.LeaderElection (LeaderElection.java:askForVotes(181)) - 2809c2c2-ae59-4cd3-896b-694de5a9a212:group-5F23EE7DFD90:LeaderElection201: begin an election at term 1 for -1: [2809c2c2-ae59-4cd3-896b-694de5a9a212:192.168.36.99:42888], old=null
2019-09-20 14:28:22,701 [2809c2c2-ae59-4cd3-896b-694de5a9a212:group-0594175F2BC2:LeaderElection202] INFO  impl.LeaderElection (LeaderElection.java:askForVotes(181)) - 2809c2c2-ae59-4cd3-896b-694de5a9a212:group-0594175F2BC2:LeaderElection202: begin an election at term 1 for -1: [2809c2c2-ae59-4cd3-896b-694de5a9a212:192.168.36.99:42888], old=null
2019-09-20 14:28:22,701 [2809c2c2-ae59-4cd3-896b-694de5a9a212:group-5F23EE7DFD90:LeaderElection201] INFO  impl.RoleInfo (RoleInfo.java:shutdownLeaderElection(134)) - 2809c2c2-ae59-4cd3-896b-694de5a9a212: shutdown LeaderElection
2019-09-20 14:28:22,701 [2809c2c2-ae59-4cd3-896b-694de5a9a212:group-0594175F2BC2:LeaderElection202] INFO  impl.RoleInfo (RoleInfo.java:shutdownLeaderElection(134)) - 2809c2c2-ae59-4cd3-896b-694de5a9a212: shutdown LeaderElection
2019-09-20 14:28:22,701 [2809c2c2-ae59-4cd3-896b-694de5a9a212:group-5F23EE7DFD90:LeaderElection201] INFO  impl.RaftServerImpl (RaftServerImpl.java:setRole(171)) - 2809c2c2-ae59-4cd3-896b-694de5a9a212:group-5F23EE7DFD90 changes role from CANDIDATE to LEADER at term 1 for changeToLeader
2019-09-20 14:28:22,701 [2809c2c2-ae59-4cd3-896b-694de5a9a212:group-0594175F2BC2:LeaderElection202] INFO  impl.RaftServerImpl (RaftServerImpl.java:setRole(171)) - 2809c2c2-ae59-4cd3-896b-694de5a9a212:group-0594175F2BC2 changes role from CANDIDATE to LEADER at term 1 for changeToLeader
2019-09-20 14:28:22,702 [2809c2c2-ae59-4cd3-896b-694de5a9a212:group-5F23EE7DFD90:LeaderElection201] INFO  impl.RaftServerImpl (ServerState.java:setLeader(263)) - 2809c2c2-ae59-4cd3-896b-694de5a9a212:group-5F23EE7DFD90 change Leader from null to 2809c2c2-ae59-4cd3-896b-694de5a9a212 at term 1 for becomeLeader, leader elected after 5134ms
2019-09-20 14:28:22,702 [2809c2c2-ae59-4cd3-896b-694de5a9a212:group-0594175F2BC2:LeaderElection202] INFO  impl.RaftServerImpl (ServerState.java:setLeader(263)) - 2809c2c2-ae59-4cd3-896b-694de5a9a212:group-0594175F2BC2 change Leader from null to 2809c2c2-ae59-4cd3-896b-694de5a9a212 at term 1 for becomeLeader, leader elected after 5220ms
2019-09-20 14:28:22,702 [2809c2c2-ae59-4cd3-896b-694de5a9a212:group-5F23EE7DFD90:LeaderElection201] INFO  server.RaftServerConfigKeys (ConfUtils.java:logGet(43)) - raft.server.staging.catchup.gap = 1000 (default)
2019-09-20 14:28:22,702 [2809c2c2-ae59-4cd3-896b-694de5a9a212:group-0594175F2BC2:LeaderElection202] INFO  server.RaftServerConfigKeys (ConfUtils.java:logGet(43)) - raft.server.staging.catchup.gap = 1000 (default)
2019-09-20 14:28:22,702 [2809c2c2-ae59-4cd3-896b-694de5a9a212:group-5F23EE7DFD90:LeaderElection201] INFO  server.RaftServerConfigKeys (ConfUtils.java:logGet(43)) - raft.server.rpc.sleep.time = 25ms (default)
2019-09-20 14:28:22,702 [2809c2c2-ae59-4cd3-896b-694de5a9a212:group-0594175F2BC2:LeaderElection202] INFO  server.RaftServerConfigKeys (ConfUtils.java:logGet(43)) - raft.server.rpc.sleep.time = 25ms (default)
2019-09-20 14:28:22,702 [2809c2c2-ae59-4cd3-896b-694de5a9a212:group-5F23EE7DFD90:LeaderElection201] INFO  server.RaftServerConfigKeys (ConfUtils.java:logGet(43)) - raft.server.write.element-limit = 4096 (default)
2019-09-20 14:28:22,703 [2809c2c2-ae59-4cd3-896b-694de5a9a212:group-0594175F2BC2:LeaderElection202] INFO  server.RaftServerConfigKeys (ConfUtils.java:logGet(43)) - raft.server.write.element-limit = 4096 (default)
2019-09-20 14:28:22,703 [2809c2c2-ae59-4cd3-896b-694de5a9a212:group-5F23EE7DFD90:LeaderElection201] INFO  server.RaftServerConfigKeys (ConfUtils.java:logGet(43)) - raft.server.watch.timeout = 10s (default)
2019-09-20 14:28:22,703 [2809c2c2-ae59-4cd3-896b-694de5a9a212:group-0594175F2BC2:LeaderElection202] INFO  server.RaftServerConfigKeys (ConfUtils.java:logGet(43)) - raft.server.watch.timeout = 10s (default)
2019-09-20 14:28:22,703 [2809c2c2-ae59-4cd3-896b-694de5a9a212:group-5F23EE7DFD90:LeaderElection201] INFO  server.RaftServerConfigKeys (ConfUtils.java:logGet(43)) - raft.server.watch.timeout.denomination = 1s (default)
2019-09-20 14:28:22,703 [2809c2c2-ae59-4cd3-896b-694de5a9a212:group-0594175F2BC2:LeaderElection202] INFO  server.RaftServerConfigKeys (ConfUtils.java:logGet(43)) - raft.server.watch.timeout.denomination = 1s (default)
2019-09-20 14:28:22,703 [2809c2c2-ae59-4cd3-896b-694de5a9a212:group-5F23EE7DFD90:LeaderElection201] INFO  server.RaftServerConfigKeys (ConfUtils.java:logGet(43)) - raft.server.watch.element-limit = 65536 (default)
2019-09-20 14:28:22,703 [2809c2c2-ae59-4cd3-896b-694de5a9a212:group-0594175F2BC2:LeaderElection202] INFO  server.RaftServerConfigKeys (ConfUtils.java:logGet(43)) - raft.server.watch.element-limit = 65536 (default)
2019-09-20 14:28:22,704 [2809c2c2-ae59-4cd3-896b-694de5a9a212:group-5F23EE7DFD90:LeaderElection201] INFO  impl.RoleInfo (RoleInfo.java:updateAndGet(143)) - 2809c2c2-ae59-4cd3-896b-694de5a9a212: start LeaderState
2019-09-20 14:28:22,704 [2809c2c2-ae59-4cd3-896b-694de5a9a212:group-0594175F2BC2:LeaderElection202] INFO  impl.RoleInfo (RoleInfo.java:updateAndGet(143)) - 2809c2c2-ae59-4cd3-896b-694de5a9a212: start LeaderState
2019-09-20 14:28:22,704 [2809c2c2-ae59-4cd3-896b-694de5a9a212:group-5F23EE7DFD90:LeaderElection201] INFO  segmented.SegmentedRaftLogWorker (SegmentedRaftLogWorker.java:startLogSegment(380)) - 2809c2c2-ae59-4cd3-896b-694de5a9a212-SegmentedRaftLogWorker:Storage Directory /workdir/hadoop-ozone/ozonefs/target/test-dir/MiniOzoneClusterImpl-54451e80-538c-4519-a538-a89d0a6472e3/datanode-0/data/ratis/82f74e79-e82f-4677-928f-5f23ee7dfd90: Starting segment from index:0
2019-09-20 14:28:22,704 [2809c2c2-ae59-4cd3-896b-694de5a9a212:group-0594175F2BC2:LeaderElection202] INFO  segmented.SegmentedRaftLogWorker (SegmentedRaftLogWorker.java:startLogSegment(380)) - 2809c2c2-ae59-4cd3-896b-694de5a9a212-SegmentedRaftLogWorker:Storage Directory /workdir/hadoop-ozone/ozonefs/target/test-dir/MiniOzoneClusterImpl-54451e80-538c-4519-a538-a89d0a6472e3/datanode-0/data/ratis/4a5ebb96-8c8e-44a8-bc06-0594175f2bc2: Starting segment from index:0
2019-09-20 14:28:22,704 [2809c2c2-ae59-4cd3-896b-694de5a9a212:group-5F23EE7DFD90:LeaderElection201] INFO  impl.RaftServerImpl (ServerState.java:setRaftConf(361)) - 2809c2c2-ae59-4cd3-896b-694de5a9a212:group-5F23EE7DFD90 set configuration 0: [2809c2c2-ae59-4cd3-896b-694de5a9a212:192.168.36.99:42888], old=null at 0
2019-09-20 14:28:22,705 [2809c2c2-ae59-4cd3-896b-694de5a9a212:group-0594175F2BC2:LeaderElection202] INFO  impl.RaftServerImpl (ServerState.java:setRaftConf(361)) - 2809c2c2-ae59-4cd3-896b-694de5a9a212:group-0594175F2BC2 set configuration 0: [2809c2c2-ae59-4cd3-896b-694de5a9a212:192.168.36.99:42888], old=null at 0
2019-09-20 14:28:22,716 [Thread-3112] INFO  impl.FollowerState (FollowerState.java:run(106)) - 49dcdc92-38f9-4214-ac53-ad04882e13af:group-BB79A2F577B9 changes to CANDIDATE, lastRpcTime:5011, electionTimeout:5011ms
2019-09-20 14:28:22,716 [Thread-3112] INFO  impl.RoleInfo (RoleInfo.java:shutdownFollowerState(121)) - 49dcdc92-38f9-4214-ac53-ad04882e13af: shutdown FollowerState
2019-09-20 14:28:22,716 [Thread-3112] INFO  impl.RaftServerImpl (RaftServerImpl.java:setRole(171)) - 49dcdc92-38f9-4214-ac53-ad04882e13af:group-BB79A2F577B9 changes role from FOLLOWER to CANDIDATE at term 0 for changeToCandidate
2019-09-20 14:28:22,716 [Thread-3112] INFO  impl.RoleInfo (RoleInfo.java:updateAndGet(143)) - 49dcdc92-38f9-4214-ac53-ad04882e13af: start LeaderElection
2019-09-20 14:28:22,743 | INFO  | SCMAudit | user=jenkins1000 | ip=192.168.36.99 | op=SEND_HEARTBEAT {datanodeUUID=4a8b5aae-7936-4127-a6e1-51a8bd8ea200, command=[]} | ret=SUCCESS |  
2019-09-20 14:28:22,766 [2809c2c2-ae59-4cd3-896b-694de5a9a212-SegmentedRaftLogWorker:Storage Directory /workdir/hadoop-ozone/ozonefs/target/test-dir/MiniOzoneClusterImpl-54451e80-538c-4519-a538-a89d0a6472e3/datanode-0/data/ratis/4a5ebb96-8c8e-44a8-bc06-0594175f2bc2] INFO  segmented.SegmentedRaftLogWorker (SegmentedRaftLogWorker.java:execute(569)) - 2809c2c2-ae59-4cd3-896b-694de5a9a212-SegmentedRaftLogWorker:Storage Directory /workdir/hadoop-ozone/ozonefs/target/test-dir/MiniOzoneClusterImpl-54451e80-538c-4519-a538-a89d0a6472e3/datanode-0/data/ratis/4a5ebb96-8c8e-44a8-bc06-0594175f2bc2: created new log segment /workdir/hadoop-ozone/ozonefs/target/test-dir/MiniOzoneClusterImpl-54451e80-538c-4519-a538-a89d0a6472e3/datanode-0/data/ratis/4a5ebb96-8c8e-44a8-bc06-0594175f2bc2/current/log_inprogress_0
2019-09-20 14:28:22,767 [49dcdc92-38f9-4214-ac53-ad04882e13af:group-BB79A2F577B9:LeaderElection203] INFO  impl.LeaderElection (LeaderElection.java:askForVotes(181)) - 49dcdc92-38f9-4214-ac53-ad04882e13af:group-BB79A2F577B9:LeaderElection203: begin an election at term 1 for -1: [49dcdc92-38f9-4214-ac53-ad04882e13af:192.168.36.99:36985], old=null
2019-09-20 14:28:22,766 [2809c2c2-ae59-4cd3-896b-694de5a9a212-SegmentedRaftLogWorker:Storage Directory /workdir/hadoop-ozone/ozonefs/target/test-dir/MiniOzoneClusterImpl-54451e80-538c-4519-a538-a89d0a6472e3/datanode-0/data/ratis/82f74e79-e82f-4677-928f-5f23ee7dfd90] INFO  segmented.SegmentedRaftLogWorker (SegmentedRaftLogWorker.java:execute(569)) - 2809c2c2-ae59-4cd3-896b-694de5a9a212-SegmentedRaftLogWorker:Storage Directory /workdir/hadoop-ozone/ozonefs/target/test-dir/MiniOzoneClusterImpl-54451e80-538c-4519-a538-a89d0a6472e3/datanode-0/data/ratis/82f74e79-e82f-4677-928f-5f23ee7dfd90: created new log segment /workdir/hadoop-ozone/ozonefs/target/test-dir/MiniOzoneClusterImpl-54451e80-538c-4519-a538-a89d0a6472e3/datanode-0/data/ratis/82f74e79-e82f-4677-928f-5f23ee7dfd90/current/log_inprogress_0
2019-09-20 14:28:22,767 [49dcdc92-38f9-4214-ac53-ad04882e13af:group-BB79A2F577B9:LeaderElection203] INFO  impl.RoleInfo (RoleInfo.java:shutdownLeaderElection(134)) - 49dcdc92-38f9-4214-ac53-ad04882e13af: shutdown LeaderElection
2019-09-20 14:28:22,767 [49dcdc92-38f9-4214-ac53-ad04882e13af:group-BB79A2F577B9:LeaderElection203] INFO  impl.RaftServerImpl (RaftServerImpl.java:setRole(171)) - 49dcdc92-38f9-4214-ac53-ad04882e13af:group-BB79A2F577B9 changes role from CANDIDATE to LEADER at term 1 for changeToLeader
2019-09-20 14:28:22,767 [49dcdc92-38f9-4214-ac53-ad04882e13af:group-BB79A2F577B9:LeaderElection203] INFO  impl.RaftServerImpl (ServerState.java:setLeader(263)) - 49dcdc92-38f9-4214-ac53-ad04882e13af:group-BB79A2F577B9 change Leader from null to 49dcdc92-38f9-4214-ac53-ad04882e13af at term 1 for becomeLeader, leader elected after 5065ms
2019-09-20 14:28:22,767 [49dcdc92-38f9-4214-ac53-ad04882e13af:group-BB79A2F577B9:LeaderElection203] INFO  server.RaftServerConfigKeys (ConfUtils.java:logGet(43)) - raft.server.staging.catchup.gap = 1000 (default)
2019-09-20 14:28:22,767 [49dcdc92-38f9-4214-ac53-ad04882e13af:group-BB79A2F577B9:LeaderElection203] INFO  server.RaftServerConfigKeys (ConfUtils.java:logGet(43)) - raft.server.rpc.sleep.time = 25ms (default)
2019-09-20 14:28:22,768 [49dcdc92-38f9-4214-ac53-ad04882e13af:group-BB79A2F577B9:LeaderElection203] INFO  server.RaftServerConfigKeys (ConfUtils.java:logGet(43)) - raft.server.write.element-limit = 4096 (default)
2019-09-20 14:28:22,768 [49dcdc92-38f9-4214-ac53-ad04882e13af:group-BB79A2F577B9:LeaderElection203] INFO  server.RaftServerConfigKeys (ConfUtils.java:logGet(43)) - raft.server.watch.timeout = 10s (default)
2019-09-20 14:28:22,768 [49dcdc92-38f9-4214-ac53-ad04882e13af:group-BB79A2F577B9:LeaderElection203] INFO  server.RaftServerConfigKeys (ConfUtils.java:logGet(43)) - raft.server.watch.timeout.denomination = 1s (default)
2019-09-20 14:28:22,768 [49dcdc92-38f9-4214-ac53-ad04882e13af:group-BB79A2F577B9:LeaderElection203] INFO  server.RaftServerConfigKeys (ConfUtils.java:logGet(43)) - raft.server.watch.element-limit = 65536 (default)
2019-09-20 14:28:22,768 [49dcdc92-38f9-4214-ac53-ad04882e13af:group-BB79A2F577B9:LeaderElection203] INFO  impl.RoleInfo (RoleInfo.java:updateAndGet(143)) - 49dcdc92-38f9-4214-ac53-ad04882e13af: start LeaderState
2019-09-20 14:28:22,768 [49dcdc92-38f9-4214-ac53-ad04882e13af:group-BB79A2F577B9:LeaderElection203] INFO  segmented.SegmentedRaftLogWorker (SegmentedRaftLogWorker.java:startLogSegment(380)) - 49dcdc92-38f9-4214-ac53-ad04882e13af-SegmentedRaftLogWorker:Storage Directory /workdir/hadoop-ozone/ozonefs/target/test-dir/MiniOzoneClusterImpl-54451e80-538c-4519-a538-a89d0a6472e3/datanode-1/data/ratis/7d266639-5a91-4d6e-8d01-bb79a2f577b9: Starting segment from index:0
2019-09-20 14:28:22,769 [49dcdc92-38f9-4214-ac53-ad04882e13af:group-BB79A2F577B9:LeaderElection203] INFO  impl.RaftServerImpl (ServerState.java:setRaftConf(361)) - 49dcdc92-38f9-4214-ac53-ad04882e13af:group-BB79A2F577B9 set configuration 0: [49dcdc92-38f9-4214-ac53-ad04882e13af:192.168.36.99:36985], old=null at 0
2019-09-20 14:28:22,818 [49dcdc92-38f9-4214-ac53-ad04882e13af-SegmentedRaftLogWorker:Storage Directory /workdir/hadoop-ozone/ozonefs/target/test-dir/MiniOzoneClusterImpl-54451e80-538c-4519-a538-a89d0a6472e3/datanode-1/data/ratis/7d266639-5a91-4d6e-8d01-bb79a2f577b9] INFO  segmented.SegmentedRaftLogWorker (SegmentedRaftLogWorker.java:execute(569)) - 49dcdc92-38f9-4214-ac53-ad04882e13af-SegmentedRaftLogWorker:Storage Directory /workdir/hadoop-ozone/ozonefs/target/test-dir/MiniOzoneClusterImpl-54451e80-538c-4519-a538-a89d0a6472e3/datanode-1/data/ratis/7d266639-5a91-4d6e-8d01-bb79a2f577b9: created new log segment /workdir/hadoop-ozone/ozonefs/target/test-dir/MiniOzoneClusterImpl-54451e80-538c-4519-a538-a89d0a6472e3/datanode-1/data/ratis/7d266639-5a91-4d6e-8d01-bb79a2f577b9/current/log_inprogress_0
2019-09-20 14:28:22,824 [Thread-3109] INFO  impl.FollowerState (FollowerState.java:run(106)) - 2809c2c2-ae59-4cd3-896b-694de5a9a212:group-7321C7090C90 changes to CANDIDATE, lastRpcTime:5184, electionTimeout:5184ms
2019-09-20 14:28:22,824 [Thread-3109] INFO  impl.RoleInfo (RoleInfo.java:shutdownFollowerState(121)) - 2809c2c2-ae59-4cd3-896b-694de5a9a212: shutdown FollowerState
2019-09-20 14:28:22,824 [Thread-3109] INFO  impl.RaftServerImpl (RaftServerImpl.java:setRole(171)) - 2809c2c2-ae59-4cd3-896b-694de5a9a212:group-7321C7090C90 changes role from FOLLOWER to CANDIDATE at term 0 for changeToCandidate
2019-09-20 14:28:22,825 [Thread-3109] INFO  impl.RoleInfo (RoleInfo.java:updateAndGet(143)) - 2809c2c2-ae59-4cd3-896b-694de5a9a212: start LeaderElection
2019-09-20 14:28:22,860 [Thread-3115] INFO  impl.FollowerState (FollowerState.java:run(106)) - 49dcdc92-38f9-4214-ac53-ad04882e13af:group-BA13012C32CB changes to CANDIDATE, lastRpcTime:5094, electionTimeout:5094ms
2019-09-20 14:28:22,860 [Thread-3115] INFO  impl.RoleInfo (RoleInfo.java:shutdownFollowerState(121)) - 49dcdc92-38f9-4214-ac53-ad04882e13af: shutdown FollowerState
2019-09-20 14:28:22,860 [Thread-3115] INFO  impl.RaftServerImpl (RaftServerImpl.java:setRole(171)) - 49dcdc92-38f9-4214-ac53-ad04882e13af:group-BA13012C32CB changes role from FOLLOWER to CANDIDATE at term 0 for changeToCandidate
2019-09-20 14:28:22,860 [Thread-3115] INFO  impl.RoleInfo (RoleInfo.java:updateAndGet(143)) - 49dcdc92-38f9-4214-ac53-ad04882e13af: start LeaderElection
2019-09-20 14:28:22,881 [2809c2c2-ae59-4cd3-896b-694de5a9a212:group-7321C7090C90:LeaderElection204] INFO  impl.LeaderElection (LeaderElection.java:askForVotes(181)) - 2809c2c2-ae59-4cd3-896b-694de5a9a212:group-7321C7090C90:LeaderElection204: begin an election at term 1 for -1: [2809c2c2-ae59-4cd3-896b-694de5a9a212:192.168.36.99:42888], old=null
2019-09-20 14:28:22,881 [2809c2c2-ae59-4cd3-896b-694de5a9a212:group-7321C7090C90:LeaderElection204] INFO  impl.RoleInfo (RoleInfo.java:shutdownLeaderElection(134)) - 2809c2c2-ae59-4cd3-896b-694de5a9a212: shutdown LeaderElection
2019-09-20 14:28:22,881 [2809c2c2-ae59-4cd3-896b-694de5a9a212:group-7321C7090C90:LeaderElection204] INFO  impl.RaftServerImpl (RaftServerImpl.java:setRole(171)) - 2809c2c2-ae59-4cd3-896b-694de5a9a212:group-7321C7090C90 changes role from CANDIDATE to LEADER at term 1 for changeToLeader
2019-09-20 14:28:22,881 [2809c2c2-ae59-4cd3-896b-694de5a9a212:group-7321C7090C90:LeaderElection204] INFO  impl.RaftServerImpl (ServerState.java:setLeader(263)) - 2809c2c2-ae59-4cd3-896b-694de5a9a212:group-7321C7090C90 change Leader from null to 2809c2c2-ae59-4cd3-896b-694de5a9a212 at term 1 for becomeLeader, leader elected after 5246ms
2019-09-20 14:28:22,881 [2809c2c2-ae59-4cd3-896b-694de5a9a212:group-7321C7090C90:LeaderElection204] INFO  server.RaftServerConfigKeys (ConfUtils.java:logGet(43)) - raft.server.staging.catchup.gap = 1000 (default)
2019-09-20 14:28:22,882 [2809c2c2-ae59-4cd3-896b-694de5a9a212:group-7321C7090C90:LeaderElection204] INFO  server.RaftServerConfigKeys (ConfUtils.java:logGet(43)) - raft.server.rpc.sleep.time = 25ms (default)
2019-09-20 14:28:22,882 [2809c2c2-ae59-4cd3-896b-694de5a9a212:group-7321C7090C90:LeaderElection204] INFO  server.RaftServerConfigKeys (ConfUtils.java:logGet(43)) - raft.server.write.element-limit = 4096 (default)
2019-09-20 14:28:22,882 [2809c2c2-ae59-4cd3-896b-694de5a9a212:group-7321C7090C90:LeaderElection204] INFO  server.RaftServerConfigKeys (ConfUtils.java:logGet(43)) - raft.server.watch.timeout = 10s (default)
2019-09-20 14:28:22,882 [2809c2c2-ae59-4cd3-896b-694de5a9a212:group-7321C7090C90:LeaderElection204] INFO  server.RaftServerConfigKeys (ConfUtils.java:logGet(43)) - raft.server.watch.timeout.denomination = 1s (default)
2019-09-20 14:28:22,882 [2809c2c2-ae59-4cd3-896b-694de5a9a212:group-7321C7090C90:LeaderElection204] INFO  server.RaftServerConfigKeys (ConfUtils.java:logGet(43)) - raft.server.watch.element-limit = 65536 (default)
2019-09-20 14:28:22,882 [2809c2c2-ae59-4cd3-896b-694de5a9a212:group-7321C7090C90:LeaderElection204] INFO  impl.RoleInfo (RoleInfo.java:updateAndGet(143)) - 2809c2c2-ae59-4cd3-896b-694de5a9a212: start LeaderState
2019-09-20 14:28:22,883 [2809c2c2-ae59-4cd3-896b-694de5a9a212:group-7321C7090C90:LeaderElection204] INFO  segmented.SegmentedRaftLogWorker (SegmentedRaftLogWorker.java:startLogSegment(380)) - 2809c2c2-ae59-4cd3-896b-694de5a9a212-SegmentedRaftLogWorker:Storage Directory /workdir/hadoop-ozone/ozonefs/target/test-dir/MiniOzoneClusterImpl-54451e80-538c-4519-a538-a89d0a6472e3/datanode-0/data/ratis/1301a57d-c25f-4c00-9eea-7321c7090c90: Starting segment from index:0
2019-09-20 14:28:22,883 [2809c2c2-ae59-4cd3-896b-694de5a9a212:group-7321C7090C90:LeaderElection204] INFO  impl.RaftServerImpl (ServerState.java:setRaftConf(361)) - 2809c2c2-ae59-4cd3-896b-694de5a9a212:group-7321C7090C90 set configuration 0: [2809c2c2-ae59-4cd3-896b-694de5a9a212:192.168.36.99:42888], old=null at 0
2019-09-20 14:28:22,889 [49dcdc92-38f9-4214-ac53-ad04882e13af:group-BA13012C32CB:LeaderElection205] INFO  impl.LeaderElection (LeaderElection.java:askForVotes(181)) - 49dcdc92-38f9-4214-ac53-ad04882e13af:group-BA13012C32CB:LeaderElection205: begin an election at term 1 for -1: [49dcdc92-38f9-4214-ac53-ad04882e13af:192.168.36.99:36985], old=null
2019-09-20 14:28:22,889 [49dcdc92-38f9-4214-ac53-ad04882e13af:group-BA13012C32CB:LeaderElection205] INFO  impl.RoleInfo (RoleInfo.java:shutdownLeaderElection(134)) - 49dcdc92-38f9-4214-ac53-ad04882e13af: shutdown LeaderElection
2019-09-20 14:28:22,889 [49dcdc92-38f9-4214-ac53-ad04882e13af:group-BA13012C32CB:LeaderElection205] INFO  impl.RaftServerImpl (RaftServerImpl.java:setRole(171)) - 49dcdc92-38f9-4214-ac53-ad04882e13af:group-BA13012C32CB changes role from CANDIDATE to LEADER at term 1 for changeToLeader
2019-09-20 14:28:22,890 [49dcdc92-38f9-4214-ac53-ad04882e13af:group-BA13012C32CB:LeaderElection205] INFO  impl.RaftServerImpl (ServerState.java:setLeader(263)) - 49dcdc92-38f9-4214-ac53-ad04882e13af:group-BA13012C32CB change Leader from null to 49dcdc92-38f9-4214-ac53-ad04882e13af at term 1 for becomeLeader, leader elected after 5128ms
2019-09-20 14:28:22,890 [49dcdc92-38f9-4214-ac53-ad04882e13af:group-BA13012C32CB:LeaderElection205] INFO  server.RaftServerConfigKeys (ConfUtils.java:logGet(43)) - raft.server.staging.catchup.gap = 1000 (default)
2019-09-20 14:28:22,890 [49dcdc92-38f9-4214-ac53-ad04882e13af:group-BA13012C32CB:LeaderElection205] INFO  server.RaftServerConfigKeys (ConfUtils.java:logGet(43)) - raft.server.rpc.sleep.time = 25ms (default)
2019-09-20 14:28:22,890 [49dcdc92-38f9-4214-ac53-ad04882e13af:group-BA13012C32CB:LeaderElection205] INFO  server.RaftServerConfigKeys (ConfUtils.java:logGet(43)) - raft.server.write.element-limit = 4096 (default)
2019-09-20 14:28:22,890 [49dcdc92-38f9-4214-ac53-ad04882e13af:group-BA13012C32CB:LeaderElection205] INFO  server.RaftServerConfigKeys (ConfUtils.java:logGet(43)) - raft.server.watch.timeout = 10s (default)
2019-09-20 14:28:22,890 [49dcdc92-38f9-4214-ac53-ad04882e13af:group-BA13012C32CB:LeaderElection205] INFO  server.RaftServerConfigKeys (ConfUtils.java:logGet(43)) - raft.server.watch.timeout.denomination = 1s (default)
2019-09-20 14:28:22,890 [49dcdc92-38f9-4214-ac53-ad04882e13af:group-BA13012C32CB:LeaderElection205] INFO  server.RaftServerConfigKeys (ConfUtils.java:logGet(43)) - raft.server.watch.element-limit = 65536 (default)
2019-09-20 14:28:22,890 [49dcdc92-38f9-4214-ac53-ad04882e13af:group-BA13012C32CB:LeaderElection205] INFO  impl.RoleInfo (RoleInfo.java:updateAndGet(143)) - 49dcdc92-38f9-4214-ac53-ad04882e13af: start LeaderState
2019-09-20 14:28:22,890 [49dcdc92-38f9-4214-ac53-ad04882e13af:group-BA13012C32CB:LeaderElection205] INFO  segmented.SegmentedRaftLogWorker (SegmentedRaftLogWorker.java:startLogSegment(380)) - 49dcdc92-38f9-4214-ac53-ad04882e13af-SegmentedRaftLogWorker:Storage Directory /workdir/hadoop-ozone/ozonefs/target/test-dir/MiniOzoneClusterImpl-54451e80-538c-4519-a538-a89d0a6472e3/datanode-1/data/ratis/ec391de6-09b1-4bc3-b83c-ba13012c32cb: Starting segment from index:0
2019-09-20 14:28:22,891 [49dcdc92-38f9-4214-ac53-ad04882e13af:group-BA13012C32CB:LeaderElection205] INFO  impl.RaftServerImpl (ServerState.java:setRaftConf(361)) - 49dcdc92-38f9-4214-ac53-ad04882e13af:group-BA13012C32CB set configuration 0: [49dcdc92-38f9-4214-ac53-ad04882e13af:192.168.36.99:36985], old=null at 0
2019-09-20 14:28:22,948 [2809c2c2-ae59-4cd3-896b-694de5a9a212-SegmentedRaftLogWorker:Storage Directory /workdir/hadoop-ozone/ozonefs/target/test-dir/MiniOzoneClusterImpl-54451e80-538c-4519-a538-a89d0a6472e3/datanode-0/data/ratis/1301a57d-c25f-4c00-9eea-7321c7090c90] INFO  segmented.SegmentedRaftLogWorker (SegmentedRaftLogWorker.java:execute(569)) - 2809c2c2-ae59-4cd3-896b-694de5a9a212-SegmentedRaftLogWorker:Storage Directory /workdir/hadoop-ozone/ozonefs/target/test-dir/MiniOzoneClusterImpl-54451e80-538c-4519-a538-a89d0a6472e3/datanode-0/data/ratis/1301a57d-c25f-4c00-9eea-7321c7090c90: created new log segment /workdir/hadoop-ozone/ozonefs/target/test-dir/MiniOzoneClusterImpl-54451e80-538c-4519-a538-a89d0a6472e3/datanode-0/data/ratis/1301a57d-c25f-4c00-9eea-7321c7090c90/current/log_inprogress_0
2019-09-20 14:28:22,962 [Thread-3118] INFO  impl.FollowerState (FollowerState.java:run(106)) - 49dcdc92-38f9-4214-ac53-ad04882e13af:group-471F7F333382 changes to CANDIDATE, lastRpcTime:5128, electionTimeout:5128ms
2019-09-20 14:28:22,962 [Thread-3118] INFO  impl.RoleInfo (RoleInfo.java:shutdownFollowerState(121)) - 49dcdc92-38f9-4214-ac53-ad04882e13af: shutdown FollowerState
2019-09-20 14:28:22,962 [Thread-3118] INFO  impl.RaftServerImpl (RaftServerImpl.java:setRole(171)) - 49dcdc92-38f9-4214-ac53-ad04882e13af:group-471F7F333382 changes role from FOLLOWER to CANDIDATE at term 0 for changeToCandidate
2019-09-20 14:28:22,963 [Thread-3118] INFO  impl.RoleInfo (RoleInfo.java:updateAndGet(143)) - 49dcdc92-38f9-4214-ac53-ad04882e13af: start LeaderElection
2019-09-20 14:28:22,965 [49dcdc92-38f9-4214-ac53-ad04882e13af-SegmentedRaftLogWorker:Storage Directory /workdir/hadoop-ozone/ozonefs/target/test-dir/MiniOzoneClusterImpl-54451e80-538c-4519-a538-a89d0a6472e3/datanode-1/data/ratis/ec391de6-09b1-4bc3-b83c-ba13012c32cb] INFO  segmented.SegmentedRaftLogWorker (SegmentedRaftLogWorker.java:execute(569)) - 49dcdc92-38f9-4214-ac53-ad04882e13af-SegmentedRaftLogWorker:Storage Directory /workdir/hadoop-ozone/ozonefs/target/test-dir/MiniOzoneClusterImpl-54451e80-538c-4519-a538-a89d0a6472e3/datanode-1/data/ratis/ec391de6-09b1-4bc3-b83c-ba13012c32cb: created new log segment /workdir/hadoop-ozone/ozonefs/target/test-dir/MiniOzoneClusterImpl-54451e80-538c-4519-a538-a89d0a6472e3/datanode-1/data/ratis/ec391de6-09b1-4bc3-b83c-ba13012c32cb/current/log_inprogress_0
2019-09-20 14:28:22,975 [Thread-3123] INFO  impl.FollowerState (FollowerState.java:run(106)) - 4a8b5aae-7936-4127-a6e1-51a8bd8ea200:group-FAEDE7BA4DA4 changes to CANDIDATE, lastRpcTime:5063, electionTimeout:5063ms
2019-09-20 14:28:22,975 [Thread-3123] INFO  impl.RoleInfo (RoleInfo.java:shutdownFollowerState(121)) - 4a8b5aae-7936-4127-a6e1-51a8bd8ea200: shutdown FollowerState
2019-09-20 14:28:22,975 [Thread-3123] INFO  impl.RaftServerImpl (RaftServerImpl.java:setRole(171)) - 4a8b5aae-7936-4127-a6e1-51a8bd8ea200:group-FAEDE7BA4DA4 changes role from FOLLOWER to CANDIDATE at term 0 for changeToCandidate
2019-09-20 14:28:22,975 [Thread-3123] INFO  impl.RoleInfo (RoleInfo.java:updateAndGet(143)) - 4a8b5aae-7936-4127-a6e1-51a8bd8ea200: start LeaderElection
2019-09-20 14:28:23,131 [Thread-3126] INFO  impl.FollowerState (FollowerState.java:run(106)) - 49dcdc92-38f9-4214-ac53-ad04882e13af:group-06EE6C2FEE9D changes to CANDIDATE, lastRpcTime:5158, electionTimeout:5082ms
2019-09-20 14:28:23,142 [Thread-3126] INFO  impl.RoleInfo (RoleInfo.java:shutdownFollowerState(121)) - 49dcdc92-38f9-4214-ac53-ad04882e13af: shutdown FollowerState
2019-09-20 14:28:23,146 [49dcdc92-38f9-4214-ac53-ad04882e13af:group-471F7F333382:LeaderElection206] INFO  impl.LeaderElection (LeaderElection.java:askForVotes(181)) - 49dcdc92-38f9-4214-ac53-ad04882e13af:group-471F7F333382:LeaderElection206: begin an election at term 1 for -1: [49dcdc92-38f9-4214-ac53-ad04882e13af:192.168.36.99:36985], old=null
2019-09-20 14:28:23,151 [Thread-3132] INFO  impl.FollowerState (FollowerState.java:run(106)) - 49dcdc92-38f9-4214-ac53-ad04882e13af:group-9775BCCD6DFB changes to CANDIDATE, lastRpcTime:5052, electionTimeout:5047ms
2019-09-20 14:28:23,151 [49dcdc92-38f9-4214-ac53-ad04882e13af:group-471F7F333382:LeaderElection206] INFO  impl.RoleInfo (RoleInfo.java:shutdownLeaderElection(134)) - 49dcdc92-38f9-4214-ac53-ad04882e13af: shutdown LeaderElection
2019-09-20 14:28:23,151 [Thread-3126] INFO  impl.RaftServerImpl (RaftServerImpl.java:setRole(171)) - 49dcdc92-38f9-4214-ac53-ad04882e13af:group-06EE6C2FEE9D changes role from FOLLOWER to CANDIDATE at term 0 for changeToCandidate
2019-09-20 14:28:23,168 [4a8b5aae-7936-4127-a6e1-51a8bd8ea200:group-FAEDE7BA4DA4:LeaderElection207] INFO  impl.LeaderElection (LeaderElection.java:askForVotes(181)) - 4a8b5aae-7936-4127-a6e1-51a8bd8ea200:group-FAEDE7BA4DA4:LeaderElection207: begin an election at term 1 for -1: [4a8b5aae-7936-4127-a6e1-51a8bd8ea200:192.168.36.99:33214], old=null
2019-09-20 14:28:23,168 [49dcdc92-38f9-4214-ac53-ad04882e13af:group-471F7F333382:LeaderElection206] INFO  impl.RaftServerImpl (RaftServerImpl.java:setRole(171)) - 49dcdc92-38f9-4214-ac53-ad04882e13af:group-471F7F333382 changes role from CANDIDATE to LEADER at term 1 for changeToLeader
2019-09-20 14:28:23,176 [49dcdc92-38f9-4214-ac53-ad04882e13af:group-471F7F333382:LeaderElection206] INFO  impl.RaftServerImpl (ServerState.java:setLeader(263)) - 49dcdc92-38f9-4214-ac53-ad04882e13af:group-471F7F333382 change Leader from null to 49dcdc92-38f9-4214-ac53-ad04882e13af at term 1 for becomeLeader, leader elected after 5346ms
2019-09-20 14:28:23,167 [Thread-3129] INFO  impl.FollowerState (FollowerState.java:run(106)) - 4a8b5aae-7936-4127-a6e1-51a8bd8ea200:group-5F2E7755BA1C changes to CANDIDATE, lastRpcTime:5132, electionTimeout:5132ms
2019-09-20 14:28:23,160 [Thread-3132] INFO  impl.RoleInfo (RoleInfo.java:shutdownFollowerState(121)) - 49dcdc92-38f9-4214-ac53-ad04882e13af: shutdown FollowerState
2019-09-20 14:28:23,192 [Thread-3129] INFO  impl.RoleInfo (RoleInfo.java:shutdownFollowerState(121)) - 4a8b5aae-7936-4127-a6e1-51a8bd8ea200: shutdown FollowerState
2019-09-20 14:28:23,186 [49dcdc92-38f9-4214-ac53-ad04882e13af:group-471F7F333382:LeaderElection206] INFO  server.RaftServerConfigKeys (ConfUtils.java:logGet(43)) - raft.server.staging.catchup.gap = 1000 (default)
2019-09-20 14:28:23,171 [4a8b5aae-7936-4127-a6e1-51a8bd8ea200:group-FAEDE7BA4DA4:LeaderElection207] INFO  impl.RoleInfo (RoleInfo.java:shutdownLeaderElection(134)) - 4a8b5aae-7936-4127-a6e1-51a8bd8ea200: shutdown LeaderElection
2019-09-20 14:28:23,168 [Thread-3126] INFO  impl.RoleInfo (RoleInfo.java:updateAndGet(143)) - 49dcdc92-38f9-4214-ac53-ad04882e13af: start LeaderElection
2019-09-20 14:28:23,206 [4a8b5aae-7936-4127-a6e1-51a8bd8ea200:group-FAEDE7BA4DA4:LeaderElection207] INFO  impl.RaftServerImpl (RaftServerImpl.java:setRole(171)) - 4a8b5aae-7936-4127-a6e1-51a8bd8ea200:group-FAEDE7BA4DA4 changes role from CANDIDATE to LEADER at term 1 for changeToLeader
2019-09-20 14:28:23,206 [49dcdc92-38f9-4214-ac53-ad04882e13af:group-471F7F333382:LeaderElection206] INFO  server.RaftServerConfigKeys (ConfUtils.java:logGet(43)) - raft.server.rpc.sleep.time = 25ms (default)
2019-09-20 14:28:23,200 [Thread-3129] INFO  impl.RaftServerImpl (RaftServerImpl.java:setRole(171)) - 4a8b5aae-7936-4127-a6e1-51a8bd8ea200:group-5F2E7755BA1C changes role from FOLLOWER to CANDIDATE at term 0 for changeToCandidate
2019-09-20 14:28:23,200 [Thread-3132] INFO  impl.RaftServerImpl (RaftServerImpl.java:setRole(171)) - 49dcdc92-38f9-4214-ac53-ad04882e13af:group-9775BCCD6DFB changes role from FOLLOWER to CANDIDATE at term 0 for changeToCandidate
2019-09-20 14:28:23,220 [Thread-3129] INFO  impl.RoleInfo (RoleInfo.java:updateAndGet(143)) - 4a8b5aae-7936-4127-a6e1-51a8bd8ea200: start LeaderElection
2019-09-20 14:28:23,220 [49dcdc92-38f9-4214-ac53-ad04882e13af:group-471F7F333382:LeaderElection206] INFO  server.RaftServerConfigKeys (ConfUtils.java:logGet(43)) - raft.server.write.element-limit = 4096 (default)
2019-09-20 14:28:23,217 [4a8b5aae-7936-4127-a6e1-51a8bd8ea200:group-FAEDE7BA4DA4:LeaderElection207] INFO  impl.RaftServerImpl (ServerState.java:setLeader(263)) - 4a8b5aae-7936-4127-a6e1-51a8bd8ea200:group-FAEDE7BA4DA4 change Leader from null to 4a8b5aae-7936-4127-a6e1-51a8bd8ea200 at term 1 for becomeLeader, leader elected after 5309ms
2019-09-20 14:28:23,222 [49dcdc92-38f9-4214-ac53-ad04882e13af:group-471F7F333382:LeaderElection206] INFO  server.RaftServerConfigKeys (ConfUtils.java:logGet(43)) - raft.server.watch.timeout = 10s (default)
2019-09-20 14:28:23,253 [49dcdc92-38f9-4214-ac53-ad04882e13af:group-471F7F333382:LeaderElection206] INFO  server.RaftServerConfigKeys (ConfUtils.java:logGet(43)) - raft.server.watch.timeout.denomination = 1s (default)
2019-09-20 14:28:23,254 [49dcdc92-38f9-4214-ac53-ad04882e13af:group-471F7F333382:LeaderElection206] INFO  server.RaftServerConfigKeys (ConfUtils.java:logGet(43)) - raft.server.watch.element-limit = 65536 (default)
2019-09-20 14:28:23,220 [Thread-3132] INFO  impl.RoleInfo (RoleInfo.java:updateAndGet(143)) - 49dcdc92-38f9-4214-ac53-ad04882e13af: start LeaderElection
2019-09-20 14:28:23,255 [49dcdc92-38f9-4214-ac53-ad04882e13af:group-471F7F333382:LeaderElection206] INFO  impl.RoleInfo (RoleInfo.java:updateAndGet(143)) - 49dcdc92-38f9-4214-ac53-ad04882e13af: start LeaderState
2019-09-20 14:28:23,235 [4a8b5aae-7936-4127-a6e1-51a8bd8ea200:group-FAEDE7BA4DA4:LeaderElection207] INFO  server.RaftServerConfigKeys (ConfUtils.java:logGet(43)) - raft.server.staging.catchup.gap = 1000 (default)
2019-09-20 14:28:23,257 [49dcdc92-38f9-4214-ac53-ad04882e13af:group-471F7F333382:LeaderElection206] INFO  segmented.SegmentedRaftLogWorker (SegmentedRaftLogWorker.java:startLogSegment(380)) - 49dcdc92-38f9-4214-ac53-ad04882e13af-SegmentedRaftLogWorker:Storage Directory /workdir/hadoop-ozone/ozonefs/target/test-dir/MiniOzoneClusterImpl-54451e80-538c-4519-a538-a89d0a6472e3/datanode-1/data/ratis/fd23b221-2093-413e-81ed-471f7f333382: Starting segment from index:0
2019-09-20 14:28:23,257 [4a8b5aae-7936-4127-a6e1-51a8bd8ea200:group-FAEDE7BA4DA4:LeaderElection207] INFO  server.RaftServerConfigKeys (ConfUtils.java:logGet(43)) - raft.server.rpc.sleep.time = 25ms (default)
2019-09-20 14:28:23,262 [4a8b5aae-7936-4127-a6e1-51a8bd8ea200:group-FAEDE7BA4DA4:LeaderElection207] INFO  server.RaftServerConfigKeys (ConfUtils.java:logGet(43)) - raft.server.write.element-limit = 4096 (default)
2019-09-20 14:28:23,303 [49dcdc92-38f9-4214-ac53-ad04882e13af:group-9775BCCD6DFB:LeaderElection210] INFO  impl.LeaderElection (LeaderElection.java:askForVotes(181)) - 49dcdc92-38f9-4214-ac53-ad04882e13af:group-9775BCCD6DFB:LeaderElection210: begin an election at term 1 for -1: [49dcdc92-38f9-4214-ac53-ad04882e13af:192.168.36.99:36985], old=null
2019-09-20 14:28:23,303 [4a8b5aae-7936-4127-a6e1-51a8bd8ea200:group-5F2E7755BA1C:LeaderElection209] INFO  impl.LeaderElection (LeaderElection.java:askForVotes(181)) - 4a8b5aae-7936-4127-a6e1-51a8bd8ea200:group-5F2E7755BA1C:LeaderElection209: begin an election at term 1 for -1: [4a8b5aae-7936-4127-a6e1-51a8bd8ea200:192.168.36.99:33214], old=null
2019-09-20 14:28:23,303 [49dcdc92-38f9-4214-ac53-ad04882e13af:group-06EE6C2FEE9D:LeaderElection208] INFO  impl.LeaderElection (LeaderElection.java:askForVotes(181)) - 49dcdc92-38f9-4214-ac53-ad04882e13af:group-06EE6C2FEE9D:LeaderElection208: begin an election at term 1 for -1: [49dcdc92-38f9-4214-ac53-ad04882e13af:192.168.36.99:36985], old=null
2019-09-20 14:28:23,302 [Thread-3135] INFO  impl.FollowerState (FollowerState.java:run(106)) - 49dcdc92-38f9-4214-ac53-ad04882e13af:group-560A720540C7 changes to CANDIDATE, lastRpcTime:5122, electionTimeout:5115ms
2019-09-20 14:28:23,302 [Thread-3138] INFO  impl.FollowerState (FollowerState.java:run(106)) - 4a8b5aae-7936-4127-a6e1-51a8bd8ea200:group-C59381BAE87E changes to CANDIDATE, lastRpcTime:5055, electionTimeout:5055ms
2019-09-20 14:28:23,307 [Thread-3138] INFO  impl.RoleInfo (RoleInfo.java:shutdownFollowerState(121)) - 4a8b5aae-7936-4127-a6e1-51a8bd8ea200: shutdown FollowerState
2019-09-20 14:28:23,262 [49dcdc92-38f9-4214-ac53-ad04882e13af:group-471F7F333382:LeaderElection206] INFO  impl.RaftServerImpl (ServerState.java:setRaftConf(361)) - 49dcdc92-38f9-4214-ac53-ad04882e13af:group-471F7F333382 set configuration 0: [49dcdc92-38f9-4214-ac53-ad04882e13af:192.168.36.99:36985], old=null at 0
2019-09-20 14:28:23,307 [Thread-3138] INFO  impl.RaftServerImpl (RaftServerImpl.java:setRole(171)) - 4a8b5aae-7936-4127-a6e1-51a8bd8ea200:group-C59381BAE87E changes role from FOLLOWER to CANDIDATE at term 0 for changeToCandidate
2019-09-20 14:28:23,307 [Thread-3135] INFO  impl.RoleInfo (RoleInfo.java:shutdownFollowerState(121)) - 49dcdc92-38f9-4214-ac53-ad04882e13af: shutdown FollowerState
2019-09-20 14:28:23,308 [Thread-3135] INFO  impl.RaftServerImpl (RaftServerImpl.java:setRole(171)) - 49dcdc92-38f9-4214-ac53-ad04882e13af:group-560A720540C7 changes role from FOLLOWER to CANDIDATE at term 0 for changeToCandidate
2019-09-20 14:28:23,303 [49dcdc92-38f9-4214-ac53-ad04882e13af:group-06EE6C2FEE9D:LeaderElection208] INFO  impl.RoleInfo (RoleInfo.java:shutdownLeaderElection(134)) - 49dcdc92-38f9-4214-ac53-ad04882e13af: shutdown LeaderElection
2019-09-20 14:28:23,303 [4a8b5aae-7936-4127-a6e1-51a8bd8ea200:group-5F2E7755BA1C:LeaderElection209] INFO  impl.RoleInfo (RoleInfo.java:shutdownLeaderElection(134)) - 4a8b5aae-7936-4127-a6e1-51a8bd8ea200: shutdown LeaderElection
2019-09-20 14:28:23,303 [49dcdc92-38f9-4214-ac53-ad04882e13af:group-9775BCCD6DFB:LeaderElection210] INFO  impl.RoleInfo (RoleInfo.java:shutdownLeaderElection(134)) - 49dcdc92-38f9-4214-ac53-ad04882e13af: shutdown LeaderElection
2019-09-20 14:28:23,303 [4a8b5aae-7936-4127-a6e1-51a8bd8ea200:group-FAEDE7BA4DA4:LeaderElection207] INFO  server.RaftServerConfigKeys (ConfUtils.java:logGet(43)) - raft.server.watch.timeout = 10s (default)
2019-09-20 14:28:23,308 [49dcdc92-38f9-4214-ac53-ad04882e13af:group-9775BCCD6DFB:LeaderElection210] INFO  impl.RaftServerImpl (RaftServerImpl.java:setRole(171)) - 49dcdc92-38f9-4214-ac53-ad04882e13af:group-9775BCCD6DFB changes role from CANDIDATE to LEADER at term 1 for changeToLeader
2019-09-20 14:28:23,309 [49dcdc92-38f9-4214-ac53-ad04882e13af:group-9775BCCD6DFB:LeaderElection210] INFO  impl.RaftServerImpl (ServerState.java:setLeader(263)) - 49dcdc92-38f9-4214-ac53-ad04882e13af:group-9775BCCD6DFB change Leader from null to 49dcdc92-38f9-4214-ac53-ad04882e13af at term 1 for becomeLeader, leader elected after 5213ms
2019-09-20 14:28:23,308 [4a8b5aae-7936-4127-a6e1-51a8bd8ea200:group-5F2E7755BA1C:LeaderElection209] INFO  impl.RaftServerImpl (RaftServerImpl.java:setRole(171)) - 4a8b5aae-7936-4127-a6e1-51a8bd8ea200:group-5F2E7755BA1C changes role from CANDIDATE to LEADER at term 1 for changeToLeader
2019-09-20 14:28:23,309 [4a8b5aae-7936-4127-a6e1-51a8bd8ea200:group-5F2E7755BA1C:LeaderElection209] INFO  impl.RaftServerImpl (ServerState.java:setLeader(263)) - 4a8b5aae-7936-4127-a6e1-51a8bd8ea200:group-5F2E7755BA1C change Leader from null to 4a8b5aae-7936-4127-a6e1-51a8bd8ea200 at term 1 for becomeLeader, leader elected after 5278ms
2019-09-20 14:28:23,308 [49dcdc92-38f9-4214-ac53-ad04882e13af:group-06EE6C2FEE9D:LeaderElection208] INFO  impl.RaftServerImpl (RaftServerImpl.java:setRole(171)) - 49dcdc92-38f9-4214-ac53-ad04882e13af:group-06EE6C2FEE9D changes role from CANDIDATE to LEADER at term 1 for changeToLeader
2019-09-20 14:28:23,308 [Thread-3135] INFO  impl.RoleInfo (RoleInfo.java:updateAndGet(143)) - 49dcdc92-38f9-4214-ac53-ad04882e13af: start LeaderElection
2019-09-20 14:28:23,308 [Thread-3138] INFO  impl.RoleInfo (RoleInfo.java:updateAndGet(143)) - 4a8b5aae-7936-4127-a6e1-51a8bd8ea200: start LeaderElection
2019-09-20 14:28:23,309 [49dcdc92-38f9-4214-ac53-ad04882e13af:group-06EE6C2FEE9D:LeaderElection208] INFO  impl.RaftServerImpl (ServerState.java:setLeader(263)) - 49dcdc92-38f9-4214-ac53-ad04882e13af:group-06EE6C2FEE9D change Leader from null to 49dcdc92-38f9-4214-ac53-ad04882e13af at term 1 for becomeLeader, leader elected after 5340ms
2019-09-20 14:28:23,309 [4a8b5aae-7936-4127-a6e1-51a8bd8ea200:group-5F2E7755BA1C:LeaderElection209] INFO  server.RaftServerConfigKeys (ConfUtils.java:logGet(43)) - raft.server.staging.catchup.gap = 1000 (default)
2019-09-20 14:28:23,309 [49dcdc92-38f9-4214-ac53-ad04882e13af:group-9775BCCD6DFB:LeaderElection210] INFO  server.RaftServerConfigKeys (ConfUtils.java:logGet(43)) - raft.server.staging.catchup.gap = 1000 (default)
2019-09-20 14:28:23,313 [49dcdc92-38f9-4214-ac53-ad04882e13af:group-9775BCCD6DFB:LeaderElection210] INFO  server.RaftServerConfigKeys (ConfUtils.java:logGet(43)) - raft.server.rpc.sleep.time = 25ms (default)
2019-09-20 14:28:23,309 [4a8b5aae-7936-4127-a6e1-51a8bd8ea200:group-FAEDE7BA4DA4:LeaderElection207] INFO  server.RaftServerConfigKeys (ConfUtils.java:logGet(43)) - raft.server.watch.timeout.denomination = 1s (default)
2019-09-20 14:28:23,314 [49dcdc92-38f9-4214-ac53-ad04882e13af:group-9775BCCD6DFB:LeaderElection210] INFO  server.RaftServerConfigKeys (ConfUtils.java:logGet(43)) - raft.server.write.element-limit = 4096 (default)
2019-09-20 14:28:23,313 [4a8b5aae-7936-4127-a6e1-51a8bd8ea200:group-5F2E7755BA1C:LeaderElection209] INFO  server.RaftServerConfigKeys (ConfUtils.java:logGet(43)) - raft.server.rpc.sleep.time = 25ms (default)
2019-09-20 14:28:23,310 [49dcdc92-38f9-4214-ac53-ad04882e13af:group-06EE6C2FEE9D:LeaderElection208] INFO  server.RaftServerConfigKeys (ConfUtils.java:logGet(43)) - raft.server.staging.catchup.gap = 1000 (default)
2019-09-20 14:28:23,314 [4a8b5aae-7936-4127-a6e1-51a8bd8ea200:group-5F2E7755BA1C:LeaderElection209] INFO  server.RaftServerConfigKeys (ConfUtils.java:logGet(43)) - raft.server.write.element-limit = 4096 (default)
2019-09-20 14:28:23,314 [49dcdc92-38f9-4214-ac53-ad04882e13af:group-9775BCCD6DFB:LeaderElection210] INFO  server.RaftServerConfigKeys (ConfUtils.java:logGet(43)) - raft.server.watch.timeout = 10s (default)
2019-09-20 14:28:23,315 [49dcdc92-38f9-4214-ac53-ad04882e13af:group-9775BCCD6DFB:LeaderElection210] INFO  server.RaftServerConfigKeys (ConfUtils.java:logGet(43)) - raft.server.watch.timeout.denomination = 1s (default)
2019-09-20 14:28:23,314 [4a8b5aae-7936-4127-a6e1-51a8bd8ea200:group-FAEDE7BA4DA4:LeaderElection207] INFO  server.RaftServerConfigKeys (ConfUtils.java:logGet(43)) - raft.server.watch.element-limit = 65536 (default)
2019-09-20 14:28:23,315 [49dcdc92-38f9-4214-ac53-ad04882e13af:group-9775BCCD6DFB:LeaderElection210] INFO  server.RaftServerConfigKeys (ConfUtils.java:logGet(43)) - raft.server.watch.element-limit = 65536 (default)
2019-09-20 14:28:23,315 [4a8b5aae-7936-4127-a6e1-51a8bd8ea200:group-5F2E7755BA1C:LeaderElection209] INFO  server.RaftServerConfigKeys (ConfUtils.java:logGet(43)) - raft.server.watch.timeout = 10s (default)
2019-09-20 14:28:23,314 [49dcdc92-38f9-4214-ac53-ad04882e13af:group-06EE6C2FEE9D:LeaderElection208] INFO  server.RaftServerConfigKeys (ConfUtils.java:logGet(43)) - raft.server.rpc.sleep.time = 25ms (default)
2019-09-20 14:28:23,315 [4a8b5aae-7936-4127-a6e1-51a8bd8ea200:group-5F2E7755BA1C:LeaderElection209] INFO  server.RaftServerConfigKeys (ConfUtils.java:logGet(43)) - raft.server.watch.timeout.denomination = 1s (default)
2019-09-20 14:28:23,315 [49dcdc92-38f9-4214-ac53-ad04882e13af:group-9775BCCD6DFB:LeaderElection210] INFO  impl.RoleInfo (RoleInfo.java:updateAndGet(143)) - 49dcdc92-38f9-4214-ac53-ad04882e13af: start LeaderState
2019-09-20 14:28:23,315 [4a8b5aae-7936-4127-a6e1-51a8bd8ea200:group-FAEDE7BA4DA4:LeaderElection207] INFO  impl.RoleInfo (RoleInfo.java:updateAndGet(143)) - 4a8b5aae-7936-4127-a6e1-51a8bd8ea200: start LeaderState
2019-09-20 14:28:23,316 [49dcdc92-38f9-4214-ac53-ad04882e13af:group-9775BCCD6DFB:LeaderElection210] INFO  segmented.SegmentedRaftLogWorker (SegmentedRaftLogWorker.java:startLogSegment(380)) - 49dcdc92-38f9-4214-ac53-ad04882e13af-SegmentedRaftLogWorker:Storage Directory /workdir/hadoop-ozone/ozonefs/target/test-dir/MiniOzoneClusterImpl-54451e80-538c-4519-a538-a89d0a6472e3/datanode-1/data/ratis/9d3e652c-ae38-4280-9fb4-9775bccd6dfb: Starting segment from index:0
2019-09-20 14:28:23,316 [4a8b5aae-7936-4127-a6e1-51a8bd8ea200:group-5F2E7755BA1C:LeaderElection209] INFO  server.RaftServerConfigKeys (ConfUtils.java:logGet(43)) - raft.server.watch.element-limit = 65536 (default)
2019-09-20 14:28:23,316 [49dcdc92-38f9-4214-ac53-ad04882e13af:group-06EE6C2FEE9D:LeaderElection208] INFO  server.RaftServerConfigKeys (ConfUtils.java:logGet(43)) - raft.server.write.element-limit = 4096 (default)
2019-09-20 14:28:23,317 [49dcdc92-38f9-4214-ac53-ad04882e13af:group-9775BCCD6DFB:LeaderElection210] INFO  impl.RaftServerImpl (ServerState.java:setRaftConf(361)) - 49dcdc92-38f9-4214-ac53-ad04882e13af:group-9775BCCD6DFB set configuration 0: [49dcdc92-38f9-4214-ac53-ad04882e13af:192.168.36.99:36985], old=null at 0
2019-09-20 14:28:23,316 [4a8b5aae-7936-4127-a6e1-51a8bd8ea200:group-5F2E7755BA1C:LeaderElection209] INFO  impl.RoleInfo (RoleInfo.java:updateAndGet(143)) - 4a8b5aae-7936-4127-a6e1-51a8bd8ea200: start LeaderState
2019-09-20 14:28:23,316 [4a8b5aae-7936-4127-a6e1-51a8bd8ea200:group-FAEDE7BA4DA4:LeaderElection207] INFO  segmented.SegmentedRaftLogWorker (SegmentedRaftLogWorker.java:startLogSegment(380)) - 4a8b5aae-7936-4127-a6e1-51a8bd8ea200-SegmentedRaftLogWorker:Storage Directory /workdir/hadoop-ozone/ozonefs/target/test-dir/MiniOzoneClusterImpl-54451e80-538c-4519-a538-a89d0a6472e3/datanode-2/data/ratis/de187570-aa13-4426-b59b-faede7ba4da4: Starting segment from index:0
2019-09-20 14:28:23,317 [4a8b5aae-7936-4127-a6e1-51a8bd8ea200:group-5F2E7755BA1C:LeaderElection209] INFO  segmented.SegmentedRaftLogWorker (SegmentedRaftLogWorker.java:startLogSegment(380)) - 4a8b5aae-7936-4127-a6e1-51a8bd8ea200-SegmentedRaftLogWorker:Storage Directory /workdir/hadoop-ozone/ozonefs/target/test-dir/MiniOzoneClusterImpl-54451e80-538c-4519-a538-a89d0a6472e3/datanode-2/data/ratis/b7474f04-2bcf-496e-85dd-5f2e7755ba1c: Starting segment from index:0
2019-09-20 14:28:23,317 [49dcdc92-38f9-4214-ac53-ad04882e13af:group-06EE6C2FEE9D:LeaderElection208] INFO  server.RaftServerConfigKeys (ConfUtils.java:logGet(43)) - raft.server.watch.timeout = 10s (default)
2019-09-20 14:28:23,318 [4a8b5aae-7936-4127-a6e1-51a8bd8ea200:group-FAEDE7BA4DA4:LeaderElection207] INFO  impl.RaftServerImpl (ServerState.java:setRaftConf(361)) - 4a8b5aae-7936-4127-a6e1-51a8bd8ea200:group-FAEDE7BA4DA4 set configuration 0: [4a8b5aae-7936-4127-a6e1-51a8bd8ea200:192.168.36.99:33214], old=null at 0
2019-09-20 14:28:23,318 [49dcdc92-38f9-4214-ac53-ad04882e13af:group-06EE6C2FEE9D:LeaderElection208] INFO  server.RaftServerConfigKeys (ConfUtils.java:logGet(43)) - raft.server.watch.timeout.denomination = 1s (default)
2019-09-20 14:28:23,318 [4a8b5aae-7936-4127-a6e1-51a8bd8ea200:group-5F2E7755BA1C:LeaderElection209] INFO  impl.RaftServerImpl (ServerState.java:setRaftConf(361)) - 4a8b5aae-7936-4127-a6e1-51a8bd8ea200:group-5F2E7755BA1C set configuration 0: [4a8b5aae-7936-4127-a6e1-51a8bd8ea200:192.168.36.99:33214], old=null at 0
2019-09-20 14:28:23,318 [49dcdc92-38f9-4214-ac53-ad04882e13af:group-06EE6C2FEE9D:LeaderElection208] INFO  server.RaftServerConfigKeys (ConfUtils.java:logGet(43)) - raft.server.watch.element-limit = 65536 (default)
2019-09-20 14:28:23,318 [49dcdc92-38f9-4214-ac53-ad04882e13af:group-06EE6C2FEE9D:LeaderElection208] INFO  impl.RoleInfo (RoleInfo.java:updateAndGet(143)) - 49dcdc92-38f9-4214-ac53-ad04882e13af: start LeaderState
2019-09-20 14:28:23,319 [49dcdc92-38f9-4214-ac53-ad04882e13af:group-06EE6C2FEE9D:LeaderElection208] INFO  segmented.SegmentedRaftLogWorker (SegmentedRaftLogWorker.java:startLogSegment(380)) - 49dcdc92-38f9-4214-ac53-ad04882e13af-SegmentedRaftLogWorker:Storage Directory /workdir/hadoop-ozone/ozonefs/target/test-dir/MiniOzoneClusterImpl-54451e80-538c-4519-a538-a89d0a6472e3/datanode-1/data/ratis/d8b5f551-e5df-4107-ab53-06ee6c2fee9d: Starting segment from index:0
2019-09-20 14:28:23,319 [49dcdc92-38f9-4214-ac53-ad04882e13af:group-06EE6C2FEE9D:LeaderElection208] INFO  impl.RaftServerImpl (ServerState.java:setRaftConf(361)) - 49dcdc92-38f9-4214-ac53-ad04882e13af:group-06EE6C2FEE9D set configuration 0: [49dcdc92-38f9-4214-ac53-ad04882e13af:192.168.36.99:36985], old=null at 0
2019-09-20 14:28:23,326 [49dcdc92-38f9-4214-ac53-ad04882e13af-SegmentedRaftLogWorker:Storage Directory /workdir/hadoop-ozone/ozonefs/target/test-dir/MiniOzoneClusterImpl-54451e80-538c-4519-a538-a89d0a6472e3/datanode-1/data/ratis/fd23b221-2093-413e-81ed-471f7f333382] INFO  segmented.SegmentedRaftLogWorker (SegmentedRaftLogWorker.java:execute(569)) - 49dcdc92-38f9-4214-ac53-ad04882e13af-SegmentedRaftLogWorker:Storage Directory /workdir/hadoop-ozone/ozonefs/target/test-dir/MiniOzoneClusterImpl-54451e80-538c-4519-a538-a89d0a6472e3/datanode-1/data/ratis/fd23b221-2093-413e-81ed-471f7f333382: created new log segment /workdir/hadoop-ozone/ozonefs/target/test-dir/MiniOzoneClusterImpl-54451e80-538c-4519-a538-a89d0a6472e3/datanode-1/data/ratis/fd23b221-2093-413e-81ed-471f7f333382/current/log_inprogress_0
2019-09-20 14:28:23,343 [4a8b5aae-7936-4127-a6e1-51a8bd8ea200:group-C59381BAE87E:LeaderElection211] INFO  impl.LeaderElection (LeaderElection.java:askForVotes(181)) - 4a8b5aae-7936-4127-a6e1-51a8bd8ea200:group-C59381BAE87E:LeaderElection211: begin an election at term 1 for -1: [4a8b5aae-7936-4127-a6e1-51a8bd8ea200:192.168.36.99:33214], old=null
2019-09-20 14:28:23,343 [49dcdc92-38f9-4214-ac53-ad04882e13af:group-560A720540C7:LeaderElection212] INFO  impl.LeaderElection (LeaderElection.java:askForVotes(181)) - 49dcdc92-38f9-4214-ac53-ad04882e13af:group-560A720540C7:LeaderElection212: begin an election at term 1 for -1: [49dcdc92-38f9-4214-ac53-ad04882e13af:192.168.36.99:36985], old=null
2019-09-20 14:28:23,343 [4a8b5aae-7936-4127-a6e1-51a8bd8ea200:group-C59381BAE87E:LeaderElection211] INFO  impl.RoleInfo (RoleInfo.java:shutdownLeaderElection(134)) - 4a8b5aae-7936-4127-a6e1-51a8bd8ea200: shutdown LeaderElection
2019-09-20 14:28:23,344 [49dcdc92-38f9-4214-ac53-ad04882e13af:group-560A720540C7:LeaderElection212] INFO  impl.RoleInfo (RoleInfo.java:shutdownLeaderElection(134)) - 49dcdc92-38f9-4214-ac53-ad04882e13af: shutdown LeaderElection
2019-09-20 14:28:23,344 [4a8b5aae-7936-4127-a6e1-51a8bd8ea200:group-C59381BAE87E:LeaderElection211] INFO  impl.RaftServerImpl (RaftServerImpl.java:setRole(171)) - 4a8b5aae-7936-4127-a6e1-51a8bd8ea200:group-C59381BAE87E changes role from CANDIDATE to LEADER at term 1 for changeToLeader
2019-09-20 14:28:23,344 [49dcdc92-38f9-4214-ac53-ad04882e13af:group-560A720540C7:LeaderElection212] INFO  impl.RaftServerImpl (RaftServerImpl.java:setRole(171)) - 49dcdc92-38f9-4214-ac53-ad04882e13af:group-560A720540C7 changes role from CANDIDATE to LEADER at term 1 for changeToLeader
2019-09-20 14:28:23,344 [4a8b5aae-7936-4127-a6e1-51a8bd8ea200:group-C59381BAE87E:LeaderElection211] INFO  impl.RaftServerImpl (ServerState.java:setLeader(263)) - 4a8b5aae-7936-4127-a6e1-51a8bd8ea200:group-C59381BAE87E change Leader from null to 4a8b5aae-7936-4127-a6e1-51a8bd8ea200 at term 1 for becomeLeader, leader elected after 5101ms
2019-09-20 14:28:23,344 [49dcdc92-38f9-4214-ac53-ad04882e13af:group-560A720540C7:LeaderElection212] INFO  impl.RaftServerImpl (ServerState.java:setLeader(263)) - 49dcdc92-38f9-4214-ac53-ad04882e13af:group-560A720540C7 change Leader from null to 49dcdc92-38f9-4214-ac53-ad04882e13af at term 1 for becomeLeader, leader elected after 5169ms
2019-09-20 14:28:23,344 [4a8b5aae-7936-4127-a6e1-51a8bd8ea200:group-C59381BAE87E:LeaderElection211] INFO  server.RaftServerConfigKeys (ConfUtils.java:logGet(43)) - raft.server.staging.catchup.gap = 1000 (default)
2019-09-20 14:28:23,344 [49dcdc92-38f9-4214-ac53-ad04882e13af:group-560A720540C7:LeaderElection212] INFO  server.RaftServerConfigKeys (ConfUtils.java:logGet(43)) - raft.server.staging.catchup.gap = 1000 (default)
2019-09-20 14:28:23,345 [4a8b5aae-7936-4127-a6e1-51a8bd8ea200:group-C59381BAE87E:LeaderElection211] INFO  server.RaftServerConfigKeys (ConfUtils.java:logGet(43)) - raft.server.rpc.sleep.time = 25ms (default)
2019-09-20 14:28:23,345 [49dcdc92-38f9-4214-ac53-ad04882e13af:group-560A720540C7:LeaderElection212] INFO  server.RaftServerConfigKeys (ConfUtils.java:logGet(43)) - raft.server.rpc.sleep.time = 25ms (default)
2019-09-20 14:28:23,345 [4a8b5aae-7936-4127-a6e1-51a8bd8ea200:group-C59381BAE87E:LeaderElection211] INFO  server.RaftServerConfigKeys (ConfUtils.java:logGet(43)) - raft.server.write.element-limit = 4096 (default)
2019-09-20 14:28:23,345 [49dcdc92-38f9-4214-ac53-ad04882e13af:group-560A720540C7:LeaderElection212] INFO  server.RaftServerConfigKeys (ConfUtils.java:logGet(43)) - raft.server.write.element-limit = 4096 (default)
2019-09-20 14:28:23,345 [4a8b5aae-7936-4127-a6e1-51a8bd8ea200:group-C59381BAE87E:LeaderElection211] INFO  server.RaftServerConfigKeys (ConfUtils.java:logGet(43)) - raft.server.watch.timeout = 10s (default)
2019-09-20 14:28:23,345 [49dcdc92-38f9-4214-ac53-ad04882e13af:group-560A720540C7:LeaderElection212] INFO  server.RaftServerConfigKeys (ConfUtils.java:logGet(43)) - raft.server.watch.timeout = 10s (default)
2019-09-20 14:28:23,345 [4a8b5aae-7936-4127-a6e1-51a8bd8ea200:group-C59381BAE87E:LeaderElection211] INFO  server.RaftServerConfigKeys (ConfUtils.java:logGet(43)) - raft.server.watch.timeout.denomination = 1s (default)
2019-09-20 14:28:23,345 [49dcdc92-38f9-4214-ac53-ad04882e13af:group-560A720540C7:LeaderElection212] INFO  server.RaftServerConfigKeys (ConfUtils.java:logGet(43)) - raft.server.watch.timeout.denomination = 1s (default)
2019-09-20 14:28:23,346 [4a8b5aae-7936-4127-a6e1-51a8bd8ea200:group-C59381BAE87E:LeaderElection211] INFO  server.RaftServerConfigKeys (ConfUtils.java:logGet(43)) - raft.server.watch.element-limit = 65536 (default)
2019-09-20 14:28:23,346 [49dcdc92-38f9-4214-ac53-ad04882e13af:group-560A720540C7:LeaderElection212] INFO  server.RaftServerConfigKeys (ConfUtils.java:logGet(43)) - raft.server.watch.element-limit = 65536 (default)
2019-09-20 14:28:23,346 [4a8b5aae-7936-4127-a6e1-51a8bd8ea200:group-C59381BAE87E:LeaderElection211] INFO  impl.RoleInfo (RoleInfo.java:updateAndGet(143)) - 4a8b5aae-7936-4127-a6e1-51a8bd8ea200: start LeaderState
2019-09-20 14:28:23,346 [49dcdc92-38f9-4214-ac53-ad04882e13af:group-560A720540C7:LeaderElection212] INFO  impl.RoleInfo (RoleInfo.java:updateAndGet(143)) - 49dcdc92-38f9-4214-ac53-ad04882e13af: start LeaderState
2019-09-20 14:28:23,346 [4a8b5aae-7936-4127-a6e1-51a8bd8ea200:group-C59381BAE87E:LeaderElection211] INFO  segmented.SegmentedRaftLogWorker (SegmentedRaftLogWorker.java:startLogSegment(380)) - 4a8b5aae-7936-4127-a6e1-51a8bd8ea200-SegmentedRaftLogWorker:Storage Directory /workdir/hadoop-ozone/ozonefs/target/test-dir/MiniOzoneClusterImpl-54451e80-538c-4519-a538-a89d0a6472e3/datanode-2/data/ratis/061ba1b7-6c99-4a5b-b87c-c59381bae87e: Starting segment from index:0
2019-09-20 14:28:23,346 [49dcdc92-38f9-4214-ac53-ad04882e13af:group-560A720540C7:LeaderElection212] INFO  segmented.SegmentedRaftLogWorker (SegmentedRaftLogWorker.java:startLogSegment(380)) - 49dcdc92-38f9-4214-ac53-ad04882e13af-SegmentedRaftLogWorker:Storage Directory /workdir/hadoop-ozone/ozonefs/target/test-dir/MiniOzoneClusterImpl-54451e80-538c-4519-a538-a89d0a6472e3/datanode-1/data/ratis/6dd61a1e-3fef-4335-9835-560a720540c7: Starting segment from index:0
2019-09-20 14:28:23,347 [4a8b5aae-7936-4127-a6e1-51a8bd8ea200:group-C59381BAE87E:LeaderElection211] INFO  impl.RaftServerImpl (ServerState.java:setRaftConf(361)) - 4a8b5aae-7936-4127-a6e1-51a8bd8ea200:group-C59381BAE87E set configuration 0: [4a8b5aae-7936-4127-a6e1-51a8bd8ea200:192.168.36.99:33214], old=null at 0
2019-09-20 14:28:23,347 [49dcdc92-38f9-4214-ac53-ad04882e13af:group-560A720540C7:LeaderElection212] INFO  impl.RaftServerImpl (ServerState.java:setRaftConf(361)) - 49dcdc92-38f9-4214-ac53-ad04882e13af:group-560A720540C7 set configuration 0: [49dcdc92-38f9-4214-ac53-ad04882e13af:192.168.36.99:36985], old=null at 0
2019-09-20 14:28:23,348 [Thread-3141] INFO  impl.FollowerState (FollowerState.java:run(106)) - 4a8b5aae-7936-4127-a6e1-51a8bd8ea200:group-E1A41681B918 changes to CANDIDATE, lastRpcTime:5034, electionTimeout:5034ms
2019-09-20 14:28:23,349 [Thread-3141] INFO  impl.RoleInfo (RoleInfo.java:shutdownFollowerState(121)) - 4a8b5aae-7936-4127-a6e1-51a8bd8ea200: shutdown FollowerState
2019-09-20 14:28:23,349 [Thread-3141] INFO  impl.RaftServerImpl (RaftServerImpl.java:setRole(171)) - 4a8b5aae-7936-4127-a6e1-51a8bd8ea200:group-E1A41681B918 changes role from FOLLOWER to CANDIDATE at term 0 for changeToCandidate
2019-09-20 14:28:23,349 [Thread-3141] INFO  impl.RoleInfo (RoleInfo.java:updateAndGet(143)) - 4a8b5aae-7936-4127-a6e1-51a8bd8ea200: start LeaderElection
2019-09-20 14:28:23,427 [4a8b5aae-7936-4127-a6e1-51a8bd8ea200-SegmentedRaftLogWorker:Storage Directory /workdir/hadoop-ozone/ozonefs/target/test-dir/MiniOzoneClusterImpl-54451e80-538c-4519-a538-a89d0a6472e3/datanode-2/data/ratis/061ba1b7-6c99-4a5b-b87c-c59381bae87e] INFO  segmented.SegmentedRaftLogWorker (SegmentedRaftLogWorker.java:execute(569)) - 4a8b5aae-7936-4127-a6e1-51a8bd8ea200-SegmentedRaftLogWorker:Storage Directory /workdir/hadoop-ozone/ozonefs/target/test-dir/MiniOzoneClusterImpl-54451e80-538c-4519-a538-a89d0a6472e3/datanode-2/data/ratis/061ba1b7-6c99-4a5b-b87c-c59381bae87e: created new log segment /workdir/hadoop-ozone/ozonefs/target/test-dir/MiniOzoneClusterImpl-54451e80-538c-4519-a538-a89d0a6472e3/datanode-2/data/ratis/061ba1b7-6c99-4a5b-b87c-c59381bae87e/current/log_inprogress_0
2019-09-20 14:28:23,427 [4a8b5aae-7936-4127-a6e1-51a8bd8ea200:group-E1A41681B918:LeaderElection213] INFO  impl.LeaderElection (LeaderElection.java:askForVotes(181)) - 4a8b5aae-7936-4127-a6e1-51a8bd8ea200:group-E1A41681B918:LeaderElection213: begin an election at term 1 for -1: [4a8b5aae-7936-4127-a6e1-51a8bd8ea200:192.168.36.99:33214], old=null
2019-09-20 14:28:23,427 [4a8b5aae-7936-4127-a6e1-51a8bd8ea200-SegmentedRaftLogWorker:Storage Directory /workdir/hadoop-ozone/ozonefs/target/test-dir/MiniOzoneClusterImpl-54451e80-538c-4519-a538-a89d0a6472e3/datanode-2/data/ratis/de187570-aa13-4426-b59b-faede7ba4da4] INFO  segmented.SegmentedRaftLogWorker (SegmentedRaftLogWorker.java:execute(569)) - 4a8b5aae-7936-4127-a6e1-51a8bd8ea200-SegmentedRaftLogWorker:Storage Directory /workdir/hadoop-ozone/ozonefs/target/test-dir/MiniOzoneClusterImpl-54451e80-538c-4519-a538-a89d0a6472e3/datanode-2/data/ratis/de187570-aa13-4426-b59b-faede7ba4da4: created new log segment /workdir/hadoop-ozone/ozonefs/target/test-dir/MiniOzoneClusterImpl-54451e80-538c-4519-a538-a89d0a6472e3/datanode-2/data/ratis/de187570-aa13-4426-b59b-faede7ba4da4/current/log_inprogress_0
2019-09-20 14:28:23,427 [49dcdc92-38f9-4214-ac53-ad04882e13af-SegmentedRaftLogWorker:Storage Directory /workdir/hadoop-ozone/ozonefs/target/test-dir/MiniOzoneClusterImpl-54451e80-538c-4519-a538-a89d0a6472e3/datanode-1/data/ratis/9d3e652c-ae38-4280-9fb4-9775bccd6dfb] INFO  segmented.SegmentedRaftLogWorker (SegmentedRaftLogWorker.java:execute(569)) - 49dcdc92-38f9-4214-ac53-ad04882e13af-SegmentedRaftLogWorker:Storage Directory /workdir/hadoop-ozone/ozonefs/target/test-dir/MiniOzoneClusterImpl-54451e80-538c-4519-a538-a89d0a6472e3/datanode-1/data/ratis/9d3e652c-ae38-4280-9fb4-9775bccd6dfb: created new log segment /workdir/hadoop-ozone/ozonefs/target/test-dir/MiniOzoneClusterImpl-54451e80-538c-4519-a538-a89d0a6472e3/datanode-1/data/ratis/9d3e652c-ae38-4280-9fb4-9775bccd6dfb/current/log_inprogress_0
2019-09-20 14:28:23,427 [49dcdc92-38f9-4214-ac53-ad04882e13af-SegmentedRaftLogWorker:Storage Directory /workdir/hadoop-ozone/ozonefs/target/test-dir/MiniOzoneClusterImpl-54451e80-538c-4519-a538-a89d0a6472e3/datanode-1/data/ratis/d8b5f551-e5df-4107-ab53-06ee6c2fee9d] INFO  segmented.SegmentedRaftLogWorker (SegmentedRaftLogWorker.java:execute(569)) - 49dcdc92-38f9-4214-ac53-ad04882e13af-SegmentedRaftLogWorker:Storage Directory /workdir/hadoop-ozone/ozonefs/target/test-dir/MiniOzoneClusterImpl-54451e80-538c-4519-a538-a89d0a6472e3/datanode-1/data/ratis/d8b5f551-e5df-4107-ab53-06ee6c2fee9d: created new log segment /workdir/hadoop-ozone/ozonefs/target/test-dir/MiniOzoneClusterImpl-54451e80-538c-4519-a538-a89d0a6472e3/datanode-1/data/ratis/d8b5f551-e5df-4107-ab53-06ee6c2fee9d/current/log_inprogress_0
2019-09-20 14:28:23,427 [49dcdc92-38f9-4214-ac53-ad04882e13af-SegmentedRaftLogWorker:Storage Directory /workdir/hadoop-ozone/ozonefs/target/test-dir/MiniOzoneClusterImpl-54451e80-538c-4519-a538-a89d0a6472e3/datanode-1/data/ratis/6dd61a1e-3fef-4335-9835-560a720540c7] INFO  segmented.SegmentedRaftLogWorker (SegmentedRaftLogWorker.java:execute(569)) - 49dcdc92-38f9-4214-ac53-ad04882e13af-SegmentedRaftLogWorker:Storage Directory /workdir/hadoop-ozone/ozonefs/target/test-dir/MiniOzoneClusterImpl-54451e80-538c-4519-a538-a89d0a6472e3/datanode-1/data/ratis/6dd61a1e-3fef-4335-9835-560a720540c7: created new log segment /workdir/hadoop-ozone/ozonefs/target/test-dir/MiniOzoneClusterImpl-54451e80-538c-4519-a538-a89d0a6472e3/datanode-1/data/ratis/6dd61a1e-3fef-4335-9835-560a720540c7/current/log_inprogress_0
2019-09-20 14:28:23,427 [4a8b5aae-7936-4127-a6e1-51a8bd8ea200-SegmentedRaftLogWorker:Storage Directory /workdir/hadoop-ozone/ozonefs/target/test-dir/MiniOzoneClusterImpl-54451e80-538c-4519-a538-a89d0a6472e3/datanode-2/data/ratis/b7474f04-2bcf-496e-85dd-5f2e7755ba1c] INFO  segmented.SegmentedRaftLogWorker (SegmentedRaftLogWorker.java:execute(569)) - 4a8b5aae-7936-4127-a6e1-51a8bd8ea200-SegmentedRaftLogWorker:Storage Directory /workdir/hadoop-ozone/ozonefs/target/test-dir/MiniOzoneClusterImpl-54451e80-538c-4519-a538-a89d0a6472e3/datanode-2/data/ratis/b7474f04-2bcf-496e-85dd-5f2e7755ba1c: created new log segment /workdir/hadoop-ozone/ozonefs/target/test-dir/MiniOzoneClusterImpl-54451e80-538c-4519-a538-a89d0a6472e3/datanode-2/data/ratis/b7474f04-2bcf-496e-85dd-5f2e7755ba1c/current/log_inprogress_0
2019-09-20 14:28:23,427 [4a8b5aae-7936-4127-a6e1-51a8bd8ea200:group-E1A41681B918:LeaderElection213] INFO  impl.RoleInfo (RoleInfo.java:shutdownLeaderElection(134)) - 4a8b5aae-7936-4127-a6e1-51a8bd8ea200: shutdown LeaderElection
2019-09-20 14:28:23,429 [4a8b5aae-7936-4127-a6e1-51a8bd8ea200:group-E1A41681B918:LeaderElection213] INFO  impl.RaftServerImpl (RaftServerImpl.java:setRole(171)) - 4a8b5aae-7936-4127-a6e1-51a8bd8ea200:group-E1A41681B918 changes role from CANDIDATE to LEADER at term 1 for changeToLeader
2019-09-20 14:28:23,429 [4a8b5aae-7936-4127-a6e1-51a8bd8ea200:group-E1A41681B918:LeaderElection213] INFO  impl.RaftServerImpl (ServerState.java:setLeader(263)) - 4a8b5aae-7936-4127-a6e1-51a8bd8ea200:group-E1A41681B918 change Leader from null to 4a8b5aae-7936-4127-a6e1-51a8bd8ea200 at term 1 for becomeLeader, leader elected after 5118ms
2019-09-20 14:28:23,429 [4a8b5aae-7936-4127-a6e1-51a8bd8ea200:group-E1A41681B918:LeaderElection213] INFO  server.RaftServerConfigKeys (ConfUtils.java:logGet(43)) - raft.server.staging.catchup.gap = 1000 (default)
2019-09-20 14:28:23,429 [4a8b5aae-7936-4127-a6e1-51a8bd8ea200:group-E1A41681B918:LeaderElection213] INFO  server.RaftServerConfigKeys (ConfUtils.java:logGet(43)) - raft.server.rpc.sleep.time = 25ms (default)
2019-09-20 14:28:23,429 [4a8b5aae-7936-4127-a6e1-51a8bd8ea200:group-E1A41681B918:LeaderElection213] INFO  server.RaftServerConfigKeys (ConfUtils.java:logGet(43)) - raft.server.write.element-limit = 4096 (default)
2019-09-20 14:28:23,429 [4a8b5aae-7936-4127-a6e1-51a8bd8ea200:group-E1A41681B918:LeaderElection213] INFO  server.RaftServerConfigKeys (ConfUtils.java:logGet(43)) - raft.server.watch.timeout = 10s (default)
2019-09-20 14:28:23,430 [4a8b5aae-7936-4127-a6e1-51a8bd8ea200:group-E1A41681B918:LeaderElection213] INFO  server.RaftServerConfigKeys (ConfUtils.java:logGet(43)) - raft.server.watch.timeout.denomination = 1s (default)
2019-09-20 14:28:23,430 [4a8b5aae-7936-4127-a6e1-51a8bd8ea200:group-E1A41681B918:LeaderElection213] INFO  server.RaftServerConfigKeys (ConfUtils.java:logGet(43)) - raft.server.watch.element-limit = 65536 (default)
2019-09-20 14:28:23,430 [4a8b5aae-7936-4127-a6e1-51a8bd8ea200:group-E1A41681B918:LeaderElection213] INFO  impl.RoleInfo (RoleInfo.java:updateAndGet(143)) - 4a8b5aae-7936-4127-a6e1-51a8bd8ea200: start LeaderState
2019-09-20 14:28:23,430 [4a8b5aae-7936-4127-a6e1-51a8bd8ea200:group-E1A41681B918:LeaderElection213] INFO  segmented.SegmentedRaftLogWorker (SegmentedRaftLogWorker.java:startLogSegment(380)) - 4a8b5aae-7936-4127-a6e1-51a8bd8ea200-SegmentedRaftLogWorker:Storage Directory /workdir/hadoop-ozone/ozonefs/target/test-dir/MiniOzoneClusterImpl-54451e80-538c-4519-a538-a89d0a6472e3/datanode-2/data/ratis/a891bbbc-4227-4e39-82ff-e1a41681b918: Starting segment from index:0
2019-09-20 14:28:23,431 [4a8b5aae-7936-4127-a6e1-51a8bd8ea200:group-E1A41681B918:LeaderElection213] INFO  impl.RaftServerImpl (ServerState.java:setRaftConf(361)) - 4a8b5aae-7936-4127-a6e1-51a8bd8ea200:group-E1A41681B918 set configuration 0: [4a8b5aae-7936-4127-a6e1-51a8bd8ea200:192.168.36.99:33214], old=null at 0
2019-09-20 14:28:23,471 [ForkJoinPool.commonPool-worker-0] INFO  ozoneimpl.OzoneContainer (OzoneContainer.java:stop(199)) - Attempting to stop container services.
2019-09-20 14:28:23,471 [main] INFO  ozoneimpl.OzoneContainer (OzoneContainer.java:stop(199)) - Attempting to stop container services.
2019-09-20 14:28:23,472 [ForkJoinPool.commonPool-worker-0] INFO  impl.RaftServerProxy (RaftServerProxy.java:lambda$close$4(314)) - 2809c2c2-ae59-4cd3-896b-694de5a9a212: close
2019-09-20 14:28:23,472 [main] INFO  impl.RaftServerProxy (RaftServerProxy.java:lambda$close$4(314)) - 49dcdc92-38f9-4214-ac53-ad04882e13af: close
2019-09-20 14:28:23,472 [ForkJoinPool.commonPool-worker-0] INFO  impl.RaftServerImpl (RaftServerImpl.java:lambda$shutdown$3(245)) - 2809c2c2-ae59-4cd3-896b-694de5a9a212: shutdown group-6394AA28873E
2019-09-20 14:28:23,472 [main] INFO  impl.RaftServerImpl (RaftServerImpl.java:lambda$shutdown$3(245)) - 49dcdc92-38f9-4214-ac53-ad04882e13af: shutdown group-BB79A2F577B9
2019-09-20 14:28:23,473 [main] INFO  util.JmxRegister (JmxRegister.java:unregister(73)) - Successfully un-registered JMX Bean with object name Ratis:service=RaftServer,group=group-BB79A2F577B9,id=49dcdc92-38f9-4214-ac53-ad04882e13af
2019-09-20 14:28:23,474 [main] INFO  impl.RoleInfo (RoleInfo.java:shutdownLeaderState(104)) - 49dcdc92-38f9-4214-ac53-ad04882e13af: shutdown LeaderState
2019-09-20 14:28:23,473 [ForkJoinPool.commonPool-worker-0] INFO  util.JmxRegister (JmxRegister.java:unregister(73)) - Successfully un-registered JMX Bean with object name Ratis:service=RaftServer,group=group-6394AA28873E,id=2809c2c2-ae59-4cd3-896b-694de5a9a212
2019-09-20 14:28:23,474 [main] INFO  impl.PendingRequests (PendingRequests.java:sendNotLeaderResponses(202)) - 49dcdc92-38f9-4214-ac53-ad04882e13af-PendingRequests: sendNotLeaderResponses
2019-09-20 14:28:23,474 [ForkJoinPool.commonPool-worker-0] INFO  impl.RoleInfo (RoleInfo.java:shutdownLeaderState(104)) - 2809c2c2-ae59-4cd3-896b-694de5a9a212: shutdown LeaderState
2019-09-20 14:28:23,475 [main] INFO  impl.StateMachineUpdater (StateMachineUpdater.java:stopAndJoin(115)) - StateMachineUpdater:49dcdc92-38f9-4214-ac53-ad04882e13af:group-BB79A2F577B9: set stopIndex = 0
2019-09-20 14:28:23,475 [ForkJoinPool.commonPool-worker-0] INFO  impl.PendingRequests (PendingRequests.java:sendNotLeaderResponses(202)) - 2809c2c2-ae59-4cd3-896b-694de5a9a212-PendingRequests: sendNotLeaderResponses
2019-09-20 14:28:23,475 [main] INFO  impl.RaftServerImpl (ServerState.java:close(394)) - 49dcdc92-38f9-4214-ac53-ad04882e13af:group-BB79A2F577B9 closes. The last applied log index is 0
2019-09-20 14:28:23,476 [ForkJoinPool.commonPool-worker-0] INFO  impl.StateMachineUpdater (StateMachineUpdater.java:stopAndJoin(115)) - StateMachineUpdater:2809c2c2-ae59-4cd3-896b-694de5a9a212:group-6394AA28873E: set stopIndex = 0
2019-09-20 14:28:23,476 [49dcdc92-38f9-4214-ac53-ad04882e13af-SegmentedRaftLogWorker:Storage Directory /workdir/hadoop-ozone/ozonefs/target/test-dir/MiniOzoneClusterImpl-54451e80-538c-4519-a538-a89d0a6472e3/datanode-1/data/ratis/7d266639-5a91-4d6e-8d01-bb79a2f577b9] INFO  segmented.SegmentedRaftLogWorker (SegmentedRaftLogWorker.java:run(313)) - 49dcdc92-38f9-4214-ac53-ad04882e13af-SegmentedRaftLogWorker:Storage Directory /workdir/hadoop-ozone/ozonefs/target/test-dir/MiniOzoneClusterImpl-54451e80-538c-4519-a538-a89d0a6472e3/datanode-1/data/ratis/7d266639-5a91-4d6e-8d01-bb79a2f577b9 was interrupted, exiting. There are 0 tasks remaining in the queue.
2019-09-20 14:28:23,476 [ForkJoinPool.commonPool-worker-0] INFO  impl.RaftServerImpl (ServerState.java:close(394)) - 2809c2c2-ae59-4cd3-896b-694de5a9a212:group-6394AA28873E closes. The last applied log index is 0
2019-09-20 14:28:23,477 [2809c2c2-ae59-4cd3-896b-694de5a9a212-SegmentedRaftLogWorker:Storage Directory /workdir/hadoop-ozone/ozonefs/target/test-dir/MiniOzoneClusterImpl-54451e80-538c-4519-a538-a89d0a6472e3/datanode-0/data/ratis/db8c3c81-3275-4844-bd98-6394aa28873e] INFO  segmented.SegmentedRaftLogWorker (SegmentedRaftLogWorker.java:run(313)) - 2809c2c2-ae59-4cd3-896b-694de5a9a212-SegmentedRaftLogWorker:Storage Directory /workdir/hadoop-ozone/ozonefs/target/test-dir/MiniOzoneClusterImpl-54451e80-538c-4519-a538-a89d0a6472e3/datanode-0/data/ratis/db8c3c81-3275-4844-bd98-6394aa28873e was interrupted, exiting. There are 0 tasks remaining in the queue.
2019-09-20 14:28:23,494 [main] INFO  segmented.SegmentedRaftLogWorker (SegmentedRaftLogWorker.java:close(228)) - 49dcdc92-38f9-4214-ac53-ad04882e13af-SegmentedRaftLogWorker:Storage Directory /workdir/hadoop-ozone/ozonefs/target/test-dir/MiniOzoneClusterImpl-54451e80-538c-4519-a538-a89d0a6472e3/datanode-1/data/ratis/7d266639-5a91-4d6e-8d01-bb79a2f577b9 close()
2019-09-20 14:28:23,494 [ForkJoinPool.commonPool-worker-0] INFO  segmented.SegmentedRaftLogWorker (SegmentedRaftLogWorker.java:close(228)) - 2809c2c2-ae59-4cd3-896b-694de5a9a212-SegmentedRaftLogWorker:Storage Directory /workdir/hadoop-ozone/ozonefs/target/test-dir/MiniOzoneClusterImpl-54451e80-538c-4519-a538-a89d0a6472e3/datanode-0/data/ratis/db8c3c81-3275-4844-bd98-6394aa28873e close()
2019-09-20 14:28:23,497 [main] INFO  impl.RaftServerImpl (RaftServerImpl.java:lambda$shutdown$3(245)) - 49dcdc92-38f9-4214-ac53-ad04882e13af: shutdown group-BA13012C32CB
2019-09-20 14:28:23,499 [ForkJoinPool.commonPool-worker-0] INFO  impl.RaftServerImpl (RaftServerImpl.java:lambda$shutdown$3(245)) - 2809c2c2-ae59-4cd3-896b-694de5a9a212: shutdown group-D8B511EF0B8D
2019-09-20 14:28:23,499 [main] INFO  util.JmxRegister (JmxRegister.java:unregister(73)) - Successfully un-registered JMX Bean with object name Ratis:service=RaftServer,group=group-BA13012C32CB,id=49dcdc92-38f9-4214-ac53-ad04882e13af
2019-09-20 14:28:23,500 [ForkJoinPool.commonPool-worker-0] INFO  util.JmxRegister (JmxRegister.java:unregister(73)) - Successfully un-registered JMX Bean with object name Ratis:service=RaftServer,group=group-D8B511EF0B8D,id=2809c2c2-ae59-4cd3-896b-694de5a9a212
2019-09-20 14:28:23,500 [ForkJoinPool.commonPool-worker-0] INFO  impl.RoleInfo (RoleInfo.java:shutdownLeaderState(104)) - 2809c2c2-ae59-4cd3-896b-694de5a9a212: shutdown LeaderState
2019-09-20 14:28:23,501 [ForkJoinPool.commonPool-worker-0] INFO  impl.PendingRequests (PendingRequests.java:sendNotLeaderResponses(202)) - 2809c2c2-ae59-4cd3-896b-694de5a9a212-PendingRequests: sendNotLeaderResponses
2019-09-20 14:28:23,500 [main] INFO  impl.RoleInfo (RoleInfo.java:shutdownLeaderState(104)) - 49dcdc92-38f9-4214-ac53-ad04882e13af: shutdown LeaderState
2019-09-20 14:28:23,501 [ForkJoinPool.commonPool-worker-0] INFO  impl.StateMachineUpdater (StateMachineUpdater.java:stopAndJoin(115)) - StateMachineUpdater:2809c2c2-ae59-4cd3-896b-694de5a9a212:group-D8B511EF0B8D: set stopIndex = 0
2019-09-20 14:28:23,502 [main] INFO  impl.PendingRequests (PendingRequests.java:sendNotLeaderResponses(202)) - 49dcdc92-38f9-4214-ac53-ad04882e13af-PendingRequests: sendNotLeaderResponses
2019-09-20 14:28:23,502 [ForkJoinPool.commonPool-worker-0] INFO  impl.RaftServerImpl (ServerState.java:close(394)) - 2809c2c2-ae59-4cd3-896b-694de5a9a212:group-D8B511EF0B8D closes. The last applied log index is 0
2019-09-20 14:28:23,502 [main] INFO  impl.StateMachineUpdater (StateMachineUpdater.java:stopAndJoin(115)) - StateMachineUpdater:49dcdc92-38f9-4214-ac53-ad04882e13af:group-BA13012C32CB: set stopIndex = 0
2019-09-20 14:28:23,503 [main] INFO  impl.RaftServerImpl (ServerState.java:close(394)) - 49dcdc92-38f9-4214-ac53-ad04882e13af:group-BA13012C32CB closes. The last applied log index is 0
2019-09-20 14:28:23,503 [2809c2c2-ae59-4cd3-896b-694de5a9a212-SegmentedRaftLogWorker:Storage Directory /workdir/hadoop-ozone/ozonefs/target/test-dir/MiniOzoneClusterImpl-54451e80-538c-4519-a538-a89d0a6472e3/datanode-0/data/ratis/09c61aa4-8130-4988-a93b-d8b511ef0b8d] INFO  segmented.SegmentedRaftLogWorker (SegmentedRaftLogWorker.java:run(313)) - 2809c2c2-ae59-4cd3-896b-694de5a9a212-SegmentedRaftLogWorker:Storage Directory /workdir/hadoop-ozone/ozonefs/target/test-dir/MiniOzoneClusterImpl-54451e80-538c-4519-a538-a89d0a6472e3/datanode-0/data/ratis/09c61aa4-8130-4988-a93b-d8b511ef0b8d was interrupted, exiting. There are 0 tasks remaining in the queue.
2019-09-20 14:28:23,503 [4a8b5aae-7936-4127-a6e1-51a8bd8ea200-SegmentedRaftLogWorker:Storage Directory /workdir/hadoop-ozone/ozonefs/target/test-dir/MiniOzoneClusterImpl-54451e80-538c-4519-a538-a89d0a6472e3/datanode-2/data/ratis/a891bbbc-4227-4e39-82ff-e1a41681b918] INFO  segmented.SegmentedRaftLogWorker (SegmentedRaftLogWorker.java:execute(569)) - 4a8b5aae-7936-4127-a6e1-51a8bd8ea200-SegmentedRaftLogWorker:Storage Directory /workdir/hadoop-ozone/ozonefs/target/test-dir/MiniOzoneClusterImpl-54451e80-538c-4519-a538-a89d0a6472e3/datanode-2/data/ratis/a891bbbc-4227-4e39-82ff-e1a41681b918: created new log segment /workdir/hadoop-ozone/ozonefs/target/test-dir/MiniOzoneClusterImpl-54451e80-538c-4519-a538-a89d0a6472e3/datanode-2/data/ratis/a891bbbc-4227-4e39-82ff-e1a41681b918/current/log_inprogress_0
2019-09-20 14:28:23,504 [ForkJoinPool.commonPool-worker-0] INFO  segmented.SegmentedRaftLogWorker (SegmentedRaftLogWorker.java:close(228)) - 2809c2c2-ae59-4cd3-896b-694de5a9a212-SegmentedRaftLogWorker:Storage Directory /workdir/hadoop-ozone/ozonefs/target/test-dir/MiniOzoneClusterImpl-54451e80-538c-4519-a538-a89d0a6472e3/datanode-0/data/ratis/09c61aa4-8130-4988-a93b-d8b511ef0b8d close()
2019-09-20 14:28:23,503 [49dcdc92-38f9-4214-ac53-ad04882e13af-SegmentedRaftLogWorker:Storage Directory /workdir/hadoop-ozone/ozonefs/target/test-dir/MiniOzoneClusterImpl-54451e80-538c-4519-a538-a89d0a6472e3/datanode-1/data/ratis/ec391de6-09b1-4bc3-b83c-ba13012c32cb] INFO  segmented.SegmentedRaftLogWorker (SegmentedRaftLogWorker.java:run(313)) - 49dcdc92-38f9-4214-ac53-ad04882e13af-SegmentedRaftLogWorker:Storage Directory /workdir/hadoop-ozone/ozonefs/target/test-dir/MiniOzoneClusterImpl-54451e80-538c-4519-a538-a89d0a6472e3/datanode-1/data/ratis/ec391de6-09b1-4bc3-b83c-ba13012c32cb was interrupted, exiting. There are 0 tasks remaining in the queue.
2019-09-20 14:28:23,505 [ForkJoinPool.commonPool-worker-0] INFO  impl.RaftServerImpl (RaftServerImpl.java:lambda$shutdown$3(245)) - 2809c2c2-ae59-4cd3-896b-694de5a9a212: shutdown group-5F23EE7DFD90
2019-09-20 14:28:23,506 [main] INFO  segmented.SegmentedRaftLogWorker (SegmentedRaftLogWorker.java:close(228)) - 49dcdc92-38f9-4214-ac53-ad04882e13af-SegmentedRaftLogWorker:Storage Directory /workdir/hadoop-ozone/ozonefs/target/test-dir/MiniOzoneClusterImpl-54451e80-538c-4519-a538-a89d0a6472e3/datanode-1/data/ratis/ec391de6-09b1-4bc3-b83c-ba13012c32cb close()
2019-09-20 14:28:23,506 [ForkJoinPool.commonPool-worker-0] INFO  util.JmxRegister (JmxRegister.java:unregister(73)) - Successfully un-registered JMX Bean with object name Ratis:service=RaftServer,group=group-5F23EE7DFD90,id=2809c2c2-ae59-4cd3-896b-694de5a9a212
2019-09-20 14:28:23,508 [ForkJoinPool.commonPool-worker-0] INFO  impl.RoleInfo (RoleInfo.java:shutdownLeaderState(104)) - 2809c2c2-ae59-4cd3-896b-694de5a9a212: shutdown LeaderState
2019-09-20 14:28:23,508 [main] INFO  impl.RaftServerImpl (RaftServerImpl.java:lambda$shutdown$3(245)) - 49dcdc92-38f9-4214-ac53-ad04882e13af: shutdown group-06EE6C2FEE9D
2019-09-20 14:28:23,509 [ForkJoinPool.commonPool-worker-0] INFO  impl.PendingRequests (PendingRequests.java:sendNotLeaderResponses(202)) - 2809c2c2-ae59-4cd3-896b-694de5a9a212-PendingRequests: sendNotLeaderResponses
2019-09-20 14:28:23,509 [main] INFO  util.JmxRegister (JmxRegister.java:unregister(73)) - Successfully un-registered JMX Bean with object name Ratis:service=RaftServer,group=group-06EE6C2FEE9D,id=49dcdc92-38f9-4214-ac53-ad04882e13af
2019-09-20 14:28:23,509 [ForkJoinPool.commonPool-worker-0] INFO  impl.StateMachineUpdater (StateMachineUpdater.java:stopAndJoin(115)) - StateMachineUpdater:2809c2c2-ae59-4cd3-896b-694de5a9a212:group-5F23EE7DFD90: set stopIndex = 0
2019-09-20 14:28:23,510 [main] INFO  impl.RoleInfo (RoleInfo.java:shutdownLeaderState(104)) - 49dcdc92-38f9-4214-ac53-ad04882e13af: shutdown LeaderState
2019-09-20 14:28:23,510 [ForkJoinPool.commonPool-worker-0] INFO  impl.RaftServerImpl (ServerState.java:close(394)) - 2809c2c2-ae59-4cd3-896b-694de5a9a212:group-5F23EE7DFD90 closes. The last applied log index is 0
2019-09-20 14:28:23,510 [main] INFO  impl.PendingRequests (PendingRequests.java:sendNotLeaderResponses(202)) - 49dcdc92-38f9-4214-ac53-ad04882e13af-PendingRequests: sendNotLeaderResponses
2019-09-20 14:28:23,511 [2809c2c2-ae59-4cd3-896b-694de5a9a212-SegmentedRaftLogWorker:Storage Directory /workdir/hadoop-ozone/ozonefs/target/test-dir/MiniOzoneClusterImpl-54451e80-538c-4519-a538-a89d0a6472e3/datanode-0/data/ratis/82f74e79-e82f-4677-928f-5f23ee7dfd90] INFO  segmented.SegmentedRaftLogWorker (SegmentedRaftLogWorker.java:run(313)) - 2809c2c2-ae59-4cd3-896b-694de5a9a212-SegmentedRaftLogWorker:Storage Directory /workdir/hadoop-ozone/ozonefs/target/test-dir/MiniOzoneClusterImpl-54451e80-538c-4519-a538-a89d0a6472e3/datanode-0/data/ratis/82f74e79-e82f-4677-928f-5f23ee7dfd90 was interrupted, exiting. There are 0 tasks remaining in the queue.
2019-09-20 14:28:23,511 [main] INFO  impl.StateMachineUpdater (StateMachineUpdater.java:stopAndJoin(115)) - StateMachineUpdater:49dcdc92-38f9-4214-ac53-ad04882e13af:group-06EE6C2FEE9D: set stopIndex = 0
2019-09-20 14:28:23,511 [ForkJoinPool.commonPool-worker-0] INFO  segmented.SegmentedRaftLogWorker (SegmentedRaftLogWorker.java:close(228)) - 2809c2c2-ae59-4cd3-896b-694de5a9a212-SegmentedRaftLogWorker:Storage Directory /workdir/hadoop-ozone/ozonefs/target/test-dir/MiniOzoneClusterImpl-54451e80-538c-4519-a538-a89d0a6472e3/datanode-0/data/ratis/82f74e79-e82f-4677-928f-5f23ee7dfd90 close()
2019-09-20 14:28:23,511 [main] INFO  impl.RaftServerImpl (ServerState.java:close(394)) - 49dcdc92-38f9-4214-ac53-ad04882e13af:group-06EE6C2FEE9D closes. The last applied log index is 0
2019-09-20 14:28:23,513 [ForkJoinPool.commonPool-worker-0] INFO  impl.RaftServerImpl (RaftServerImpl.java:lambda$shutdown$3(245)) - 2809c2c2-ae59-4cd3-896b-694de5a9a212: shutdown group-0594175F2BC2
2019-09-20 14:28:23,514 [49dcdc92-38f9-4214-ac53-ad04882e13af-SegmentedRaftLogWorker:Storage Directory /workdir/hadoop-ozone/ozonefs/target/test-dir/MiniOzoneClusterImpl-54451e80-538c-4519-a538-a89d0a6472e3/datanode-1/data/ratis/d8b5f551-e5df-4107-ab53-06ee6c2fee9d] INFO  segmented.SegmentedRaftLogWorker (SegmentedRaftLogWorker.java:run(313)) - 49dcdc92-38f9-4214-ac53-ad04882e13af-SegmentedRaftLogWorker:Storage Directory /workdir/hadoop-ozone/ozonefs/target/test-dir/MiniOzoneClusterImpl-54451e80-538c-4519-a538-a89d0a6472e3/datanode-1/data/ratis/d8b5f551-e5df-4107-ab53-06ee6c2fee9d was interrupted, exiting. There are 0 tasks remaining in the queue.
2019-09-20 14:28:23,514 [ForkJoinPool.commonPool-worker-0] INFO  util.JmxRegister (JmxRegister.java:unregister(73)) - Successfully un-registered JMX Bean with object name Ratis:service=RaftServer,group=group-0594175F2BC2,id=2809c2c2-ae59-4cd3-896b-694de5a9a212
2019-09-20 14:28:23,514 [main] INFO  segmented.SegmentedRaftLogWorker (SegmentedRaftLogWorker.java:close(228)) - 49dcdc92-38f9-4214-ac53-ad04882e13af-SegmentedRaftLogWorker:Storage Directory /workdir/hadoop-ozone/ozonefs/target/test-dir/MiniOzoneClusterImpl-54451e80-538c-4519-a538-a89d0a6472e3/datanode-1/data/ratis/d8b5f551-e5df-4107-ab53-06ee6c2fee9d close()
2019-09-20 14:28:23,514 [ForkJoinPool.commonPool-worker-0] INFO  impl.RoleInfo (RoleInfo.java:shutdownLeaderState(104)) - 2809c2c2-ae59-4cd3-896b-694de5a9a212: shutdown LeaderState
2019-09-20 14:28:23,516 [main] INFO  impl.RaftServerImpl (RaftServerImpl.java:lambda$shutdown$3(245)) - 49dcdc92-38f9-4214-ac53-ad04882e13af: shutdown group-471F7F333382
2019-09-20 14:28:23,516 [ForkJoinPool.commonPool-worker-0] INFO  impl.PendingRequests (PendingRequests.java:sendNotLeaderResponses(202)) - 2809c2c2-ae59-4cd3-896b-694de5a9a212-PendingRequests: sendNotLeaderResponses
2019-09-20 14:28:23,517 [main] INFO  util.JmxRegister (JmxRegister.java:unregister(73)) - Successfully un-registered JMX Bean with object name Ratis:service=RaftServer,group=group-471F7F333382,id=49dcdc92-38f9-4214-ac53-ad04882e13af
2019-09-20 14:28:23,518 [main] INFO  impl.RoleInfo (RoleInfo.java:shutdownLeaderState(104)) - 49dcdc92-38f9-4214-ac53-ad04882e13af: shutdown LeaderState
2019-09-20 14:28:23,517 [ForkJoinPool.commonPool-worker-0] INFO  impl.StateMachineUpdater (StateMachineUpdater.java:stopAndJoin(115)) - StateMachineUpdater:2809c2c2-ae59-4cd3-896b-694de5a9a212:group-0594175F2BC2: set stopIndex = 0
2019-09-20 14:28:23,518 [main] INFO  impl.PendingRequests (PendingRequests.java:sendNotLeaderResponses(202)) - 49dcdc92-38f9-4214-ac53-ad04882e13af-PendingRequests: sendNotLeaderResponses
2019-09-20 14:28:23,518 [ForkJoinPool.commonPool-worker-0] INFO  impl.RaftServerImpl (ServerState.java:close(394)) - 2809c2c2-ae59-4cd3-896b-694de5a9a212:group-0594175F2BC2 closes. The last applied log index is 0
2019-09-20 14:28:23,519 [main] INFO  impl.StateMachineUpdater (StateMachineUpdater.java:stopAndJoin(115)) - StateMachineUpdater:49dcdc92-38f9-4214-ac53-ad04882e13af:group-471F7F333382: set stopIndex = 0
2019-09-20 14:28:23,519 [2809c2c2-ae59-4cd3-896b-694de5a9a212-SegmentedRaftLogWorker:Storage Directory /workdir/hadoop-ozone/ozonefs/target/test-dir/MiniOzoneClusterImpl-54451e80-538c-4519-a538-a89d0a6472e3/datanode-0/data/ratis/4a5ebb96-8c8e-44a8-bc06-0594175f2bc2] INFO  segmented.SegmentedRaftLogWorker (SegmentedRaftLogWorker.java:run(313)) - 2809c2c2-ae59-4cd3-896b-694de5a9a212-SegmentedRaftLogWorker:Storage Directory /workdir/hadoop-ozone/ozonefs/target/test-dir/MiniOzoneClusterImpl-54451e80-538c-4519-a538-a89d0a6472e3/datanode-0/data/ratis/4a5ebb96-8c8e-44a8-bc06-0594175f2bc2 was interrupted, exiting. There are 0 tasks remaining in the queue.
2019-09-20 14:28:23,520 [main] INFO  impl.RaftServerImpl (ServerState.java:close(394)) - 49dcdc92-38f9-4214-ac53-ad04882e13af:group-471F7F333382 closes. The last applied log index is 0
2019-09-20 14:28:23,520 [ForkJoinPool.commonPool-worker-0] INFO  segmented.SegmentedRaftLogWorker (SegmentedRaftLogWorker.java:close(228)) - 2809c2c2-ae59-4cd3-896b-694de5a9a212-SegmentedRaftLogWorker:Storage Directory /workdir/hadoop-ozone/ozonefs/target/test-dir/MiniOzoneClusterImpl-54451e80-538c-4519-a538-a89d0a6472e3/datanode-0/data/ratis/4a5ebb96-8c8e-44a8-bc06-0594175f2bc2 close()
2019-09-20 14:28:23,520 [49dcdc92-38f9-4214-ac53-ad04882e13af-SegmentedRaftLogWorker:Storage Directory /workdir/hadoop-ozone/ozonefs/target/test-dir/MiniOzoneClusterImpl-54451e80-538c-4519-a538-a89d0a6472e3/datanode-1/data/ratis/fd23b221-2093-413e-81ed-471f7f333382] INFO  segmented.SegmentedRaftLogWorker (SegmentedRaftLogWorker.java:run(313)) - 49dcdc92-38f9-4214-ac53-ad04882e13af-SegmentedRaftLogWorker:Storage Directory /workdir/hadoop-ozone/ozonefs/target/test-dir/MiniOzoneClusterImpl-54451e80-538c-4519-a538-a89d0a6472e3/datanode-1/data/ratis/fd23b221-2093-413e-81ed-471f7f333382 was interrupted, exiting. There are 0 tasks remaining in the queue.
2019-09-20 14:28:23,522 [ForkJoinPool.commonPool-worker-0] INFO  impl.RaftServerImpl (RaftServerImpl.java:lambda$shutdown$3(245)) - 2809c2c2-ae59-4cd3-896b-694de5a9a212: shutdown group-7321C7090C90
2019-09-20 14:28:23,522 [main] INFO  segmented.SegmentedRaftLogWorker (SegmentedRaftLogWorker.java:close(228)) - 49dcdc92-38f9-4214-ac53-ad04882e13af-SegmentedRaftLogWorker:Storage Directory /workdir/hadoop-ozone/ozonefs/target/test-dir/MiniOzoneClusterImpl-54451e80-538c-4519-a538-a89d0a6472e3/datanode-1/data/ratis/fd23b221-2093-413e-81ed-471f7f333382 close()
2019-09-20 14:28:23,522 [ForkJoinPool.commonPool-worker-0] INFO  util.JmxRegister (JmxRegister.java:unregister(73)) - Successfully un-registered JMX Bean with object name Ratis:service=RaftServer,group=group-7321C7090C90,id=2809c2c2-ae59-4cd3-896b-694de5a9a212
2019-09-20 14:28:23,524 [main] INFO  impl.RaftServerImpl (RaftServerImpl.java:lambda$shutdown$3(245)) - 49dcdc92-38f9-4214-ac53-ad04882e13af: shutdown group-9775BCCD6DFB
2019-09-20 14:28:23,524 [ForkJoinPool.commonPool-worker-0] INFO  impl.RoleInfo (RoleInfo.java:shutdownLeaderState(104)) - 2809c2c2-ae59-4cd3-896b-694de5a9a212: shutdown LeaderState
2019-09-20 14:28:23,525 [main] INFO  util.JmxRegister (JmxRegister.java:unregister(73)) - Successfully un-registered JMX Bean with object name Ratis:service=RaftServer,group=group-9775BCCD6DFB,id=49dcdc92-38f9-4214-ac53-ad04882e13af
2019-09-20 14:28:23,525 [ForkJoinPool.commonPool-worker-0] INFO  impl.PendingRequests (PendingRequests.java:sendNotLeaderResponses(202)) - 2809c2c2-ae59-4cd3-896b-694de5a9a212-PendingRequests: sendNotLeaderResponses
2019-09-20 14:28:23,525 [main] INFO  impl.RoleInfo (RoleInfo.java:shutdownLeaderState(104)) - 49dcdc92-38f9-4214-ac53-ad04882e13af: shutdown LeaderState
2019-09-20 14:28:23,526 [ForkJoinPool.commonPool-worker-0] INFO  impl.StateMachineUpdater (StateMachineUpdater.java:stopAndJoin(115)) - StateMachineUpdater:2809c2c2-ae59-4cd3-896b-694de5a9a212:group-7321C7090C90: set stopIndex = 0
2019-09-20 14:28:23,526 [main] INFO  impl.PendingRequests (PendingRequests.java:sendNotLeaderResponses(202)) - 49dcdc92-38f9-4214-ac53-ad04882e13af-PendingRequests: sendNotLeaderResponses
2019-09-20 14:28:23,526 [ForkJoinPool.commonPool-worker-0] INFO  impl.RaftServerImpl (ServerState.java:close(394)) - 2809c2c2-ae59-4cd3-896b-694de5a9a212:group-7321C7090C90 closes. The last applied log index is 0
2019-09-20 14:28:23,526 [main] INFO  impl.StateMachineUpdater (StateMachineUpdater.java:stopAndJoin(115)) - StateMachineUpdater:49dcdc92-38f9-4214-ac53-ad04882e13af:group-9775BCCD6DFB: set stopIndex = 0
2019-09-20 14:28:23,527 [2809c2c2-ae59-4cd3-896b-694de5a9a212-SegmentedRaftLogWorker:Storage Directory /workdir/hadoop-ozone/ozonefs/target/test-dir/MiniOzoneClusterImpl-54451e80-538c-4519-a538-a89d0a6472e3/datanode-0/data/ratis/1301a57d-c25f-4c00-9eea-7321c7090c90] INFO  segmented.SegmentedRaftLogWorker (SegmentedRaftLogWorker.java:run(313)) - 2809c2c2-ae59-4cd3-896b-694de5a9a212-SegmentedRaftLogWorker:Storage Directory /workdir/hadoop-ozone/ozonefs/target/test-dir/MiniOzoneClusterImpl-54451e80-538c-4519-a538-a89d0a6472e3/datanode-0/data/ratis/1301a57d-c25f-4c00-9eea-7321c7090c90 was interrupted, exiting. There are 0 tasks remaining in the queue.
2019-09-20 14:28:23,527 [main] INFO  impl.RaftServerImpl (ServerState.java:close(394)) - 49dcdc92-38f9-4214-ac53-ad04882e13af:group-9775BCCD6DFB closes. The last applied log index is 0
2019-09-20 14:28:23,527 [ForkJoinPool.commonPool-worker-0] INFO  segmented.SegmentedRaftLogWorker (SegmentedRaftLogWorker.java:close(228)) - 2809c2c2-ae59-4cd3-896b-694de5a9a212-SegmentedRaftLogWorker:Storage Directory /workdir/hadoop-ozone/ozonefs/target/test-dir/MiniOzoneClusterImpl-54451e80-538c-4519-a538-a89d0a6472e3/datanode-0/data/ratis/1301a57d-c25f-4c00-9eea-7321c7090c90 close()
2019-09-20 14:28:23,528 [49dcdc92-38f9-4214-ac53-ad04882e13af-SegmentedRaftLogWorker:Storage Directory /workdir/hadoop-ozone/ozonefs/target/test-dir/MiniOzoneClusterImpl-54451e80-538c-4519-a538-a89d0a6472e3/datanode-1/data/ratis/9d3e652c-ae38-4280-9fb4-9775bccd6dfb] INFO  segmented.SegmentedRaftLogWorker (SegmentedRaftLogWorker.java:run(313)) - 49dcdc92-38f9-4214-ac53-ad04882e13af-SegmentedRaftLogWorker:Storage Directory /workdir/hadoop-ozone/ozonefs/target/test-dir/MiniOzoneClusterImpl-54451e80-538c-4519-a538-a89d0a6472e3/datanode-1/data/ratis/9d3e652c-ae38-4280-9fb4-9775bccd6dfb was interrupted, exiting. There are 0 tasks remaining in the queue.
2019-09-20 14:28:23,529 [ForkJoinPool.commonPool-worker-0] INFO  impl.RaftServerImpl (RaftServerImpl.java:lambda$shutdown$3(245)) - 2809c2c2-ae59-4cd3-896b-694de5a9a212: shutdown group-944305031B21
2019-09-20 14:28:23,529 [main] INFO  segmented.SegmentedRaftLogWorker (SegmentedRaftLogWorker.java:close(228)) - 49dcdc92-38f9-4214-ac53-ad04882e13af-SegmentedRaftLogWorker:Storage Directory /workdir/hadoop-ozone/ozonefs/target/test-dir/MiniOzoneClusterImpl-54451e80-538c-4519-a538-a89d0a6472e3/datanode-1/data/ratis/9d3e652c-ae38-4280-9fb4-9775bccd6dfb close()
2019-09-20 14:28:23,530 [ForkJoinPool.commonPool-worker-0] INFO  util.JmxRegister (JmxRegister.java:unregister(73)) - Successfully un-registered JMX Bean with object name Ratis:service=RaftServer,group=group-944305031B21,id=2809c2c2-ae59-4cd3-896b-694de5a9a212
2019-09-20 14:28:23,531 [main] INFO  impl.RaftServerImpl (RaftServerImpl.java:lambda$shutdown$3(245)) - 49dcdc92-38f9-4214-ac53-ad04882e13af: shutdown group-560A720540C7
2019-09-20 14:28:23,532 [ForkJoinPool.commonPool-worker-0] INFO  impl.RoleInfo (RoleInfo.java:shutdownLeaderState(104)) - 2809c2c2-ae59-4cd3-896b-694de5a9a212: shutdown LeaderState
2019-09-20 14:28:23,532 [main] INFO  util.JmxRegister (JmxRegister.java:unregister(73)) - Successfully un-registered JMX Bean with object name Ratis:service=RaftServer,group=group-560A720540C7,id=49dcdc92-38f9-4214-ac53-ad04882e13af
2019-09-20 14:28:23,532 [ForkJoinPool.commonPool-worker-0] INFO  impl.PendingRequests (PendingRequests.java:sendNotLeaderResponses(202)) - 2809c2c2-ae59-4cd3-896b-694de5a9a212-PendingRequests: sendNotLeaderResponses
2019-09-20 14:28:23,532 [main] INFO  impl.RoleInfo (RoleInfo.java:shutdownLeaderState(104)) - 49dcdc92-38f9-4214-ac53-ad04882e13af: shutdown LeaderState
2019-09-20 14:28:23,533 [ForkJoinPool.commonPool-worker-0] INFO  impl.StateMachineUpdater (StateMachineUpdater.java:stopAndJoin(115)) - StateMachineUpdater:2809c2c2-ae59-4cd3-896b-694de5a9a212:group-944305031B21: set stopIndex = 0
2019-09-20 14:28:23,533 [main] INFO  impl.PendingRequests (PendingRequests.java:sendNotLeaderResponses(202)) - 49dcdc92-38f9-4214-ac53-ad04882e13af-PendingRequests: sendNotLeaderResponses
2019-09-20 14:28:23,533 [ForkJoinPool.commonPool-worker-0] INFO  impl.RaftServerImpl (ServerState.java:close(394)) - 2809c2c2-ae59-4cd3-896b-694de5a9a212:group-944305031B21 closes. The last applied log index is 0
2019-09-20 14:28:23,534 [main] INFO  impl.StateMachineUpdater (StateMachineUpdater.java:stopAndJoin(115)) - StateMachineUpdater:49dcdc92-38f9-4214-ac53-ad04882e13af:group-560A720540C7: set stopIndex = 0
2019-09-20 14:28:23,534 [main] INFO  impl.RaftServerImpl (ServerState.java:close(394)) - 49dcdc92-38f9-4214-ac53-ad04882e13af:group-560A720540C7 closes. The last applied log index is 0
2019-09-20 14:28:23,534 [2809c2c2-ae59-4cd3-896b-694de5a9a212-SegmentedRaftLogWorker:Storage Directory /workdir/hadoop-ozone/ozonefs/target/test-dir/MiniOzoneClusterImpl-54451e80-538c-4519-a538-a89d0a6472e3/datanode-0/data/ratis/8c0deaf9-8ea3-43d2-9a3e-944305031b21] INFO  segmented.SegmentedRaftLogWorker (SegmentedRaftLogWorker.java:run(313)) - 2809c2c2-ae59-4cd3-896b-694de5a9a212-SegmentedRaftLogWorker:Storage Directory /workdir/hadoop-ozone/ozonefs/target/test-dir/MiniOzoneClusterImpl-54451e80-538c-4519-a538-a89d0a6472e3/datanode-0/data/ratis/8c0deaf9-8ea3-43d2-9a3e-944305031b21 was interrupted, exiting. There are 0 tasks remaining in the queue.
2019-09-20 14:28:23,534 [49dcdc92-38f9-4214-ac53-ad04882e13af-SegmentedRaftLogWorker:Storage Directory /workdir/hadoop-ozone/ozonefs/target/test-dir/MiniOzoneClusterImpl-54451e80-538c-4519-a538-a89d0a6472e3/datanode-1/data/ratis/6dd61a1e-3fef-4335-9835-560a720540c7] INFO  segmented.SegmentedRaftLogWorker (SegmentedRaftLogWorker.java:run(313)) - 49dcdc92-38f9-4214-ac53-ad04882e13af-SegmentedRaftLogWorker:Storage Directory /workdir/hadoop-ozone/ozonefs/target/test-dir/MiniOzoneClusterImpl-54451e80-538c-4519-a538-a89d0a6472e3/datanode-1/data/ratis/6dd61a1e-3fef-4335-9835-560a720540c7 was interrupted, exiting. There are 0 tasks remaining in the queue.
2019-09-20 14:28:23,535 [ForkJoinPool.commonPool-worker-0] INFO  segmented.SegmentedRaftLogWorker (SegmentedRaftLogWorker.java:close(228)) - 2809c2c2-ae59-4cd3-896b-694de5a9a212-SegmentedRaftLogWorker:Storage Directory /workdir/hadoop-ozone/ozonefs/target/test-dir/MiniOzoneClusterImpl-54451e80-538c-4519-a538-a89d0a6472e3/datanode-0/data/ratis/8c0deaf9-8ea3-43d2-9a3e-944305031b21 close()
2019-09-20 14:28:23,535 [main] INFO  segmented.SegmentedRaftLogWorker (SegmentedRaftLogWorker.java:close(228)) - 49dcdc92-38f9-4214-ac53-ad04882e13af-SegmentedRaftLogWorker:Storage Directory /workdir/hadoop-ozone/ozonefs/target/test-dir/MiniOzoneClusterImpl-54451e80-538c-4519-a538-a89d0a6472e3/datanode-1/data/ratis/6dd61a1e-3fef-4335-9835-560a720540c7 close()
2019-09-20 14:28:23,537 [ForkJoinPool.commonPool-worker-0] INFO  server.GrpcService (GrpcService.java:closeImpl(155)) - 2809c2c2-ae59-4cd3-896b-694de5a9a212: shutdown server with port 42888 now
2019-09-20 14:28:23,538 [main] INFO  server.GrpcService (GrpcService.java:closeImpl(155)) - 49dcdc92-38f9-4214-ac53-ad04882e13af: shutdown server with port 36985 now
2019-09-20 14:28:23,540 [ForkJoinPool.commonPool-worker-0] INFO  server.GrpcService (GrpcService.java:closeImpl(163)) - 2809c2c2-ae59-4cd3-896b-694de5a9a212: shutdown server with port 42888 successfully
2019-09-20 14:28:23,541 [main] INFO  server.GrpcService (GrpcService.java:closeImpl(163)) - 49dcdc92-38f9-4214-ac53-ad04882e13af: shutdown server with port 36985 successfully
2019-09-20 14:28:23,543 [ForkJoinPool.commonPool-worker-0] INFO  utils.BackgroundService (BackgroundService.java:shutdown(148)) - Shutting down service BlockDeletingService
2019-09-20 14:28:23,544 [main] INFO  utils.BackgroundService (BackgroundService.java:shutdown(148)) - Shutting down service BlockDeletingService
2019-09-20 14:28:23,545 [refreshUsed-/workdir/hadoop-ozone/ozonefs/target/test-dir/MiniOzoneClusterImpl-54451e80-538c-4519-a538-a89d0a6472e3/datanode-0/data/containers] WARN  fs.CachingGetSpaceUsed (CachingGetSpaceUsed.java:run(183)) - Thread Interrupted waiting to refresh disk information: sleep interrupted
2019-09-20 14:28:23,545 [refreshUsed-/workdir/hadoop-ozone/ozonefs/target/test-dir/MiniOzoneClusterImpl-54451e80-538c-4519-a538-a89d0a6472e3/datanode-1/data/containers] WARN  fs.CachingGetSpaceUsed (CachingGetSpaceUsed.java:run(183)) - Thread Interrupted waiting to refresh disk information: sleep interrupted
2019-09-20 14:28:23,556 [Thread-3144] INFO  impl.FollowerState (FollowerState.java:run(106)) - 4a8b5aae-7936-4127-a6e1-51a8bd8ea200:group-567B117DAF68 changes to CANDIDATE, lastRpcTime:5175, electionTimeout:5175ms
2019-09-20 14:28:23,556 [Thread-3144] INFO  impl.RoleInfo (RoleInfo.java:shutdownFollowerState(121)) - 4a8b5aae-7936-4127-a6e1-51a8bd8ea200: shutdown FollowerState
2019-09-20 14:28:23,557 [Thread-3144] INFO  impl.RaftServerImpl (RaftServerImpl.java:setRole(171)) - 4a8b5aae-7936-4127-a6e1-51a8bd8ea200:group-567B117DAF68 changes role from FOLLOWER to CANDIDATE at term 0 for changeToCandidate
2019-09-20 14:28:23,557 [Thread-3144] INFO  impl.RoleInfo (RoleInfo.java:updateAndGet(143)) - 4a8b5aae-7936-4127-a6e1-51a8bd8ea200: start LeaderElection
2019-09-20 14:28:23,578 [ForkJoinPool.commonPool-worker-0] INFO  statemachine.DatanodeStateMachine (DatanodeStateMachine.java:stopDaemon(395)) - Ozone container server stopped.
2019-09-20 14:28:23,583 [main] INFO  statemachine.DatanodeStateMachine (DatanodeStateMachine.java:stopDaemon(395)) - Ozone container server stopped.
2019-09-20 14:28:23,585 [ForkJoinPool.commonPool-worker-0] INFO  handler.ContextHandler (ContextHandler.java:doStop(910)) - Stopped o.e.j.w.WebAppContext@7ef9c234{/,null,UNAVAILABLE}{/hddsDatanode}
2019-09-20 14:28:23,586 [main] INFO  handler.ContextHandler (ContextHandler.java:doStop(910)) - Stopped o.e.j.w.WebAppContext@7aafaf44{/,null,UNAVAILABLE}{/hddsDatanode}
2019-09-20 14:28:23,586 [ForkJoinPool.commonPool-worker-0] INFO  server.AbstractConnector (AbstractConnector.java:doStop(318)) - Stopped ServerConnector@580581b4{HTTP/1.1,[http/1.1]}{0.0.0.0:0}
2019-09-20 14:28:23,587 [main] INFO  server.AbstractConnector (AbstractConnector.java:doStop(318)) - Stopped ServerConnector@1ed28f57{HTTP/1.1,[http/1.1]}{0.0.0.0:0}
2019-09-20 14:28:23,587 [ForkJoinPool.commonPool-worker-0] INFO  handler.ContextHandler (ContextHandler.java:doStop(910)) - Stopped o.e.j.s.ServletContextHandler@31360632{/static,jar:file:/home/user/.m2/repository/org/apache/hadoop/hadoop-hdds-container-service/0.5.0-SNAPSHOT/hadoop-hdds-container-service-0.5.0-SNAPSHOT.jar!/webapps/static,UNAVAILABLE}
2019-09-20 14:28:23,588 [main] INFO  handler.ContextHandler (ContextHandler.java:doStop(910)) - Stopped o.e.j.s.ServletContextHandler@591e3e5e{/static,jar:file:/home/user/.m2/repository/org/apache/hadoop/hadoop-hdds-container-service/0.5.0-SNAPSHOT/hadoop-hdds-container-service-0.5.0-SNAPSHOT.jar!/webapps/static,UNAVAILABLE}
2019-09-20 14:28:23,589 [ForkJoinPool.commonPool-worker-0] INFO  handler.ContextHandler (ContextHandler.java:doStop(910)) - Stopped o.e.j.s.ServletContextHandler@3bafa95b{/logs,file:///workdir/hadoop-ozone/ozonefs/target/log,UNAVAILABLE}
2019-09-20 14:28:23,589 [main] INFO  handler.ContextHandler (ContextHandler.java:doStop(910)) - Stopped o.e.j.s.ServletContextHandler@4c6e0143{/logs,file:///workdir/hadoop-ozone/ozonefs/target/log,UNAVAILABLE}
2019-09-20 14:28:23,591 [ForkJoinPool.commonPool-worker-0] INFO  datanode.ObjectStoreHandler (ObjectStoreHandler.java:close(155)) - Closing ObjectStoreHandler.
2019-09-20 14:28:23,591 [ForkJoinPool.commonPool-worker-0] INFO  ozone.HddsDatanodeService (HddsDatanodeService.java:stop(451)) - Stopped plug-in org.apache.hadoop.ozone.web.OzoneHddsDatanodeService@365a9434
2019-09-20 14:28:23,595 [4a8b5aae-7936-4127-a6e1-51a8bd8ea200:group-567B117DAF68:LeaderElection214] INFO  impl.LeaderElection (LeaderElection.java:askForVotes(181)) - 4a8b5aae-7936-4127-a6e1-51a8bd8ea200:group-567B117DAF68:LeaderElection214: begin an election at term 1 for -1: [4a8b5aae-7936-4127-a6e1-51a8bd8ea200:192.168.36.99:33214], old=null
2019-09-20 14:28:23,595 [4a8b5aae-7936-4127-a6e1-51a8bd8ea200:group-567B117DAF68:LeaderElection214] INFO  impl.RoleInfo (RoleInfo.java:shutdownLeaderElection(134)) - 4a8b5aae-7936-4127-a6e1-51a8bd8ea200: shutdown LeaderElection
2019-09-20 14:28:23,596 [4a8b5aae-7936-4127-a6e1-51a8bd8ea200:group-567B117DAF68:LeaderElection214] INFO  impl.RaftServerImpl (RaftServerImpl.java:setRole(171)) - 4a8b5aae-7936-4127-a6e1-51a8bd8ea200:group-567B117DAF68 changes role from CANDIDATE to LEADER at term 1 for changeToLeader
2019-09-20 14:28:23,596 [4a8b5aae-7936-4127-a6e1-51a8bd8ea200:group-567B117DAF68:LeaderElection214] INFO  impl.RaftServerImpl (ServerState.java:setLeader(263)) - 4a8b5aae-7936-4127-a6e1-51a8bd8ea200:group-567B117DAF68 change Leader from null to 4a8b5aae-7936-4127-a6e1-51a8bd8ea200 at term 1 for becomeLeader, leader elected after 5218ms
2019-09-20 14:28:23,596 [4a8b5aae-7936-4127-a6e1-51a8bd8ea200:group-567B117DAF68:LeaderElection214] INFO  server.RaftServerConfigKeys (ConfUtils.java:logGet(43)) - raft.server.staging.catchup.gap = 1000 (default)
2019-09-20 14:28:23,596 [4a8b5aae-7936-4127-a6e1-51a8bd8ea200:group-567B117DAF68:LeaderElection214] INFO  server.RaftServerConfigKeys (ConfUtils.java:logGet(43)) - raft.server.rpc.sleep.time = 25ms (default)
2019-09-20 14:28:23,596 [4a8b5aae-7936-4127-a6e1-51a8bd8ea200:group-567B117DAF68:LeaderElection214] INFO  server.RaftServerConfigKeys (ConfUtils.java:logGet(43)) - raft.server.write.element-limit = 4096 (default)
2019-09-20 14:28:23,596 [4a8b5aae-7936-4127-a6e1-51a8bd8ea200:group-567B117DAF68:LeaderElection214] INFO  server.RaftServerConfigKeys (ConfUtils.java:logGet(43)) - raft.server.watch.timeout = 10s (default)
2019-09-20 14:28:23,596 [4a8b5aae-7936-4127-a6e1-51a8bd8ea200:group-567B117DAF68:LeaderElection214] INFO  server.RaftServerConfigKeys (ConfUtils.java:logGet(43)) - raft.server.watch.timeout.denomination = 1s (default)
2019-09-20 14:28:23,596 [4a8b5aae-7936-4127-a6e1-51a8bd8ea200:group-567B117DAF68:LeaderElection214] INFO  server.RaftServerConfigKeys (ConfUtils.java:logGet(43)) - raft.server.watch.element-limit = 65536 (default)
2019-09-20 14:28:23,597 [4a8b5aae-7936-4127-a6e1-51a8bd8ea200:group-567B117DAF68:LeaderElection214] INFO  impl.RoleInfo (RoleInfo.java:updateAndGet(143)) - 4a8b5aae-7936-4127-a6e1-51a8bd8ea200: start LeaderState
2019-09-20 14:28:23,597 [4a8b5aae-7936-4127-a6e1-51a8bd8ea200:group-567B117DAF68:LeaderElection214] INFO  segmented.SegmentedRaftLogWorker (SegmentedRaftLogWorker.java:startLogSegment(380)) - 4a8b5aae-7936-4127-a6e1-51a8bd8ea200-SegmentedRaftLogWorker:Storage Directory /workdir/hadoop-ozone/ozonefs/target/test-dir/MiniOzoneClusterImpl-54451e80-538c-4519-a538-a89d0a6472e3/datanode-2/data/ratis/50c4e5d7-5c3e-4e57-8461-567b117daf68: Starting segment from index:0
2019-09-20 14:28:23,597 [4a8b5aae-7936-4127-a6e1-51a8bd8ea200:group-567B117DAF68:LeaderElection214] INFO  impl.RaftServerImpl (ServerState.java:setRaftConf(361)) - 4a8b5aae-7936-4127-a6e1-51a8bd8ea200:group-567B117DAF68 set configuration 0: [4a8b5aae-7936-4127-a6e1-51a8bd8ea200:192.168.36.99:33214], old=null at 0
2019-09-20 14:28:23,618 [Thread-3147] INFO  impl.FollowerState (FollowerState.java:run(106)) - 4a8b5aae-7936-4127-a6e1-51a8bd8ea200:group-C32657DA6A2F changes to CANDIDATE, lastRpcTime:5177, electionTimeout:5177ms
2019-09-20 14:28:23,618 [Thread-3147] INFO  impl.RoleInfo (RoleInfo.java:shutdownFollowerState(121)) - 4a8b5aae-7936-4127-a6e1-51a8bd8ea200: shutdown FollowerState
2019-09-20 14:28:23,618 [Thread-3147] INFO  impl.RaftServerImpl (RaftServerImpl.java:setRole(171)) - 4a8b5aae-7936-4127-a6e1-51a8bd8ea200:group-C32657DA6A2F changes role from FOLLOWER to CANDIDATE at term 0 for changeToCandidate
2019-09-20 14:28:23,618 [Thread-3147] INFO  impl.RoleInfo (RoleInfo.java:updateAndGet(143)) - 4a8b5aae-7936-4127-a6e1-51a8bd8ea200: start LeaderElection
2019-09-20 14:28:23,662 [4a8b5aae-7936-4127-a6e1-51a8bd8ea200-SegmentedRaftLogWorker:Storage Directory /workdir/hadoop-ozone/ozonefs/target/test-dir/MiniOzoneClusterImpl-54451e80-538c-4519-a538-a89d0a6472e3/datanode-2/data/ratis/50c4e5d7-5c3e-4e57-8461-567b117daf68] INFO  segmented.SegmentedRaftLogWorker (SegmentedRaftLogWorker.java:execute(569)) - 4a8b5aae-7936-4127-a6e1-51a8bd8ea200-SegmentedRaftLogWorker:Storage Directory /workdir/hadoop-ozone/ozonefs/target/test-dir/MiniOzoneClusterImpl-54451e80-538c-4519-a538-a89d0a6472e3/datanode-2/data/ratis/50c4e5d7-5c3e-4e57-8461-567b117daf68: created new log segment /workdir/hadoop-ozone/ozonefs/target/test-dir/MiniOzoneClusterImpl-54451e80-538c-4519-a538-a89d0a6472e3/datanode-2/data/ratis/50c4e5d7-5c3e-4e57-8461-567b117daf68/current/log_inprogress_0
2019-09-20 14:28:23,662 [4a8b5aae-7936-4127-a6e1-51a8bd8ea200:group-C32657DA6A2F:LeaderElection215] INFO  impl.LeaderElection (LeaderElection.java:askForVotes(181)) - 4a8b5aae-7936-4127-a6e1-51a8bd8ea200:group-C32657DA6A2F:LeaderElection215: begin an election at term 1 for -1: [4a8b5aae-7936-4127-a6e1-51a8bd8ea200:192.168.36.99:33214], old=null
2019-09-20 14:28:23,663 [4a8b5aae-7936-4127-a6e1-51a8bd8ea200:group-C32657DA6A2F:LeaderElection215] INFO  impl.RoleInfo (RoleInfo.java:shutdownLeaderElection(134)) - 4a8b5aae-7936-4127-a6e1-51a8bd8ea200: shutdown LeaderElection
2019-09-20 14:28:23,663 [4a8b5aae-7936-4127-a6e1-51a8bd8ea200:group-C32657DA6A2F:LeaderElection215] INFO  impl.RaftServerImpl (RaftServerImpl.java:setRole(171)) - 4a8b5aae-7936-4127-a6e1-51a8bd8ea200:group-C32657DA6A2F changes role from CANDIDATE to LEADER at term 1 for changeToLeader
2019-09-20 14:28:23,663 [4a8b5aae-7936-4127-a6e1-51a8bd8ea200:group-C32657DA6A2F:LeaderElection215] INFO  impl.RaftServerImpl (ServerState.java:setLeader(263)) - 4a8b5aae-7936-4127-a6e1-51a8bd8ea200:group-C32657DA6A2F change Leader from null to 4a8b5aae-7936-4127-a6e1-51a8bd8ea200 at term 1 for becomeLeader, leader elected after 5226ms
2019-09-20 14:28:23,663 [4a8b5aae-7936-4127-a6e1-51a8bd8ea200:group-C32657DA6A2F:LeaderElection215] INFO  server.RaftServerConfigKeys (ConfUtils.java:logGet(43)) - raft.server.staging.catchup.gap = 1000 (default)
2019-09-20 14:28:23,663 [4a8b5aae-7936-4127-a6e1-51a8bd8ea200:group-C32657DA6A2F:LeaderElection215] INFO  server.RaftServerConfigKeys (ConfUtils.java:logGet(43)) - raft.server.rpc.sleep.time = 25ms (default)
2019-09-20 14:28:23,663 [4a8b5aae-7936-4127-a6e1-51a8bd8ea200:group-C32657DA6A2F:LeaderElection215] INFO  server.RaftServerConfigKeys (ConfUtils.java:logGet(43)) - raft.server.write.element-limit = 4096 (default)
2019-09-20 14:28:23,663 [4a8b5aae-7936-4127-a6e1-51a8bd8ea200:group-C32657DA6A2F:LeaderElection215] INFO  server.RaftServerConfigKeys (ConfUtils.java:logGet(43)) - raft.server.watch.timeout = 10s (default)
2019-09-20 14:28:23,664 [4a8b5aae-7936-4127-a6e1-51a8bd8ea200:group-C32657DA6A2F:LeaderElection215] INFO  server.RaftServerConfigKeys (ConfUtils.java:logGet(43)) - raft.server.watch.timeout.denomination = 1s (default)
2019-09-20 14:28:23,664 [4a8b5aae-7936-4127-a6e1-51a8bd8ea200:group-C32657DA6A2F:LeaderElection215] INFO  server.RaftServerConfigKeys (ConfUtils.java:logGet(43)) - raft.server.watch.element-limit = 65536 (default)
2019-09-20 14:28:23,664 [4a8b5aae-7936-4127-a6e1-51a8bd8ea200:group-C32657DA6A2F:LeaderElection215] INFO  impl.RoleInfo (RoleInfo.java:updateAndGet(143)) - 4a8b5aae-7936-4127-a6e1-51a8bd8ea200: start LeaderState
2019-09-20 14:28:23,664 [4a8b5aae-7936-4127-a6e1-51a8bd8ea200:group-C32657DA6A2F:LeaderElection215] INFO  segmented.SegmentedRaftLogWorker (SegmentedRaftLogWorker.java:startLogSegment(380)) - 4a8b5aae-7936-4127-a6e1-51a8bd8ea200-SegmentedRaftLogWorker:Storage Directory /workdir/hadoop-ozone/ozonefs/target/test-dir/MiniOzoneClusterImpl-54451e80-538c-4519-a538-a89d0a6472e3/datanode-2/data/ratis/3b43e061-9369-445c-8fcf-c32657da6a2f: Starting segment from index:0
2019-09-20 14:28:23,665 [4a8b5aae-7936-4127-a6e1-51a8bd8ea200:group-C32657DA6A2F:LeaderElection215] INFO  impl.RaftServerImpl (ServerState.java:setRaftConf(361)) - 4a8b5aae-7936-4127-a6e1-51a8bd8ea200:group-C32657DA6A2F set configuration 0: [4a8b5aae-7936-4127-a6e1-51a8bd8ea200:192.168.36.99:33214], old=null at 0
2019-09-20 14:28:23,729 [4a8b5aae-7936-4127-a6e1-51a8bd8ea200-SegmentedRaftLogWorker:Storage Directory /workdir/hadoop-ozone/ozonefs/target/test-dir/MiniOzoneClusterImpl-54451e80-538c-4519-a538-a89d0a6472e3/datanode-2/data/ratis/3b43e061-9369-445c-8fcf-c32657da6a2f] INFO  segmented.SegmentedRaftLogWorker (SegmentedRaftLogWorker.java:execute(569)) - 4a8b5aae-7936-4127-a6e1-51a8bd8ea200-SegmentedRaftLogWorker:Storage Directory /workdir/hadoop-ozone/ozonefs/target/test-dir/MiniOzoneClusterImpl-54451e80-538c-4519-a538-a89d0a6472e3/datanode-2/data/ratis/3b43e061-9369-445c-8fcf-c32657da6a2f: created new log segment /workdir/hadoop-ozone/ozonefs/target/test-dir/MiniOzoneClusterImpl-54451e80-538c-4519-a538-a89d0a6472e3/datanode-2/data/ratis/3b43e061-9369-445c-8fcf-c32657da6a2f/current/log_inprogress_0
2019-09-20 14:28:23,742 [Datanode State Machine Thread - 0] INFO  statemachine.DatanodeStateMachine (DatanodeStateMachine.java:lambda$startDaemon$0(350)) - Ozone container server started.
2019-09-20 14:28:28,592 [ForkJoinPool.commonPool-worker-0] INFO  ozoneimpl.OzoneContainer (OzoneContainer.java:stop(199)) - Attempting to stop container services.
2019-09-20 14:28:28,593 [ForkJoinPool.commonPool-worker-0] INFO  impl.RaftServerProxy (RaftServerProxy.java:lambda$close$4(314)) - 4a8b5aae-7936-4127-a6e1-51a8bd8ea200: close
2019-09-20 14:28:28,593 [ForkJoinPool.commonPool-worker-0] INFO  impl.RaftServerImpl (RaftServerImpl.java:lambda$shutdown$3(245)) - 4a8b5aae-7936-4127-a6e1-51a8bd8ea200: shutdown group-FAEDE7BA4DA4
2019-09-20 14:28:28,593 [ForkJoinPool.commonPool-worker-0] INFO  util.JmxRegister (JmxRegister.java:unregister(73)) - Successfully un-registered JMX Bean with object name Ratis:service=RaftServer,group=group-FAEDE7BA4DA4,id=4a8b5aae-7936-4127-a6e1-51a8bd8ea200
2019-09-20 14:28:28,593 [ForkJoinPool.commonPool-worker-0] INFO  impl.RoleInfo (RoleInfo.java:shutdownLeaderState(104)) - 4a8b5aae-7936-4127-a6e1-51a8bd8ea200: shutdown LeaderState
2019-09-20 14:28:28,594 [ForkJoinPool.commonPool-worker-0] INFO  impl.PendingRequests (PendingRequests.java:sendNotLeaderResponses(202)) - 4a8b5aae-7936-4127-a6e1-51a8bd8ea200-PendingRequests: sendNotLeaderResponses
2019-09-20 14:28:28,594 [ForkJoinPool.commonPool-worker-0] INFO  impl.StateMachineUpdater (StateMachineUpdater.java:stopAndJoin(115)) - StateMachineUpdater:4a8b5aae-7936-4127-a6e1-51a8bd8ea200:group-FAEDE7BA4DA4: set stopIndex = 0
2019-09-20 14:28:28,594 [ForkJoinPool.commonPool-worker-0] INFO  impl.RaftServerImpl (ServerState.java:close(394)) - 4a8b5aae-7936-4127-a6e1-51a8bd8ea200:group-FAEDE7BA4DA4 closes. The last applied log index is 0
2019-09-20 14:28:28,595 [4a8b5aae-7936-4127-a6e1-51a8bd8ea200-SegmentedRaftLogWorker:Storage Directory /workdir/hadoop-ozone/ozonefs/target/test-dir/MiniOzoneClusterImpl-54451e80-538c-4519-a538-a89d0a6472e3/datanode-2/data/ratis/de187570-aa13-4426-b59b-faede7ba4da4] INFO  segmented.SegmentedRaftLogWorker (SegmentedRaftLogWorker.java:run(313)) - 4a8b5aae-7936-4127-a6e1-51a8bd8ea200-SegmentedRaftLogWorker:Storage Directory /workdir/hadoop-ozone/ozonefs/target/test-dir/MiniOzoneClusterImpl-54451e80-538c-4519-a538-a89d0a6472e3/datanode-2/data/ratis/de187570-aa13-4426-b59b-faede7ba4da4 was interrupted, exiting. There are 0 tasks remaining in the queue.
2019-09-20 14:28:28,595 [ForkJoinPool.commonPool-worker-0] INFO  segmented.SegmentedRaftLogWorker (SegmentedRaftLogWorker.java:close(228)) - 4a8b5aae-7936-4127-a6e1-51a8bd8ea200-SegmentedRaftLogWorker:Storage Directory /workdir/hadoop-ozone/ozonefs/target/test-dir/MiniOzoneClusterImpl-54451e80-538c-4519-a538-a89d0a6472e3/datanode-2/data/ratis/de187570-aa13-4426-b59b-faede7ba4da4 close()
2019-09-20 14:28:28,597 [ForkJoinPool.commonPool-worker-0] INFO  impl.RaftServerImpl (RaftServerImpl.java:lambda$shutdown$3(245)) - 4a8b5aae-7936-4127-a6e1-51a8bd8ea200: shutdown group-C59381BAE87E
2019-09-20 14:28:28,597 [ForkJoinPool.commonPool-worker-0] INFO  util.JmxRegister (JmxRegister.java:unregister(73)) - Successfully un-registered JMX Bean with object name Ratis:service=RaftServer,group=group-C59381BAE87E,id=4a8b5aae-7936-4127-a6e1-51a8bd8ea200
2019-09-20 14:28:28,597 [ForkJoinPool.commonPool-worker-0] INFO  impl.RoleInfo (RoleInfo.java:shutdownLeaderState(104)) - 4a8b5aae-7936-4127-a6e1-51a8bd8ea200: shutdown LeaderState
2019-09-20 14:28:28,597 [ForkJoinPool.commonPool-worker-0] INFO  impl.PendingRequests (PendingRequests.java:sendNotLeaderResponses(202)) - 4a8b5aae-7936-4127-a6e1-51a8bd8ea200-PendingRequests: sendNotLeaderResponses
2019-09-20 14:28:28,598 [ForkJoinPool.commonPool-worker-0] INFO  impl.StateMachineUpdater (StateMachineUpdater.java:stopAndJoin(115)) - StateMachineUpdater:4a8b5aae-7936-4127-a6e1-51a8bd8ea200:group-C59381BAE87E: set stopIndex = 0
2019-09-20 14:28:28,598 [ForkJoinPool.commonPool-worker-0] INFO  impl.RaftServerImpl (ServerState.java:close(394)) - 4a8b5aae-7936-4127-a6e1-51a8bd8ea200:group-C59381BAE87E closes. The last applied log index is 0
2019-09-20 14:28:28,598 [4a8b5aae-7936-4127-a6e1-51a8bd8ea200-SegmentedRaftLogWorker:Storage Directory /workdir/hadoop-ozone/ozonefs/target/test-dir/MiniOzoneClusterImpl-54451e80-538c-4519-a538-a89d0a6472e3/datanode-2/data/ratis/061ba1b7-6c99-4a5b-b87c-c59381bae87e] INFO  segmented.SegmentedRaftLogWorker (SegmentedRaftLogWorker.java:run(313)) - 4a8b5aae-7936-4127-a6e1-51a8bd8ea200-SegmentedRaftLogWorker:Storage Directory /workdir/hadoop-ozone/ozonefs/target/test-dir/MiniOzoneClusterImpl-54451e80-538c-4519-a538-a89d0a6472e3/datanode-2/data/ratis/061ba1b7-6c99-4a5b-b87c-c59381bae87e was interrupted, exiting. There are 0 tasks remaining in the queue.
2019-09-20 14:28:28,598 [ForkJoinPool.commonPool-worker-0] INFO  segmented.SegmentedRaftLogWorker (SegmentedRaftLogWorker.java:close(228)) - 4a8b5aae-7936-4127-a6e1-51a8bd8ea200-SegmentedRaftLogWorker:Storage Directory /workdir/hadoop-ozone/ozonefs/target/test-dir/MiniOzoneClusterImpl-54451e80-538c-4519-a538-a89d0a6472e3/datanode-2/data/ratis/061ba1b7-6c99-4a5b-b87c-c59381bae87e close()
2019-09-20 14:28:28,600 [ForkJoinPool.commonPool-worker-0] INFO  impl.RaftServerImpl (RaftServerImpl.java:lambda$shutdown$3(245)) - 4a8b5aae-7936-4127-a6e1-51a8bd8ea200: shutdown group-567B117DAF68
2019-09-20 14:28:28,600 [ForkJoinPool.commonPool-worker-0] INFO  util.JmxRegister (JmxRegister.java:unregister(73)) - Successfully un-registered JMX Bean with object name Ratis:service=RaftServer,group=group-567B117DAF68,id=4a8b5aae-7936-4127-a6e1-51a8bd8ea200
2019-09-20 14:28:28,600 [ForkJoinPool.commonPool-worker-0] INFO  impl.RoleInfo (RoleInfo.java:shutdownLeaderState(104)) - 4a8b5aae-7936-4127-a6e1-51a8bd8ea200: shutdown LeaderState
2019-09-20 14:28:28,600 [ForkJoinPool.commonPool-worker-0] INFO  impl.PendingRequests (PendingRequests.java:sendNotLeaderResponses(202)) - 4a8b5aae-7936-4127-a6e1-51a8bd8ea200-PendingRequests: sendNotLeaderResponses
2019-09-20 14:28:28,600 [ForkJoinPool.commonPool-worker-0] INFO  impl.StateMachineUpdater (StateMachineUpdater.java:stopAndJoin(115)) - StateMachineUpdater:4a8b5aae-7936-4127-a6e1-51a8bd8ea200:group-567B117DAF68: set stopIndex = 0
2019-09-20 14:28:28,601 [ForkJoinPool.commonPool-worker-0] INFO  impl.RaftServerImpl (ServerState.java:close(394)) - 4a8b5aae-7936-4127-a6e1-51a8bd8ea200:group-567B117DAF68 closes. The last applied log index is 0
2019-09-20 14:28:28,601 [4a8b5aae-7936-4127-a6e1-51a8bd8ea200-SegmentedRaftLogWorker:Storage Directory /workdir/hadoop-ozone/ozonefs/target/test-dir/MiniOzoneClusterImpl-54451e80-538c-4519-a538-a89d0a6472e3/datanode-2/data/ratis/50c4e5d7-5c3e-4e57-8461-567b117daf68] INFO  segmented.SegmentedRaftLogWorker (SegmentedRaftLogWorker.java:run(313)) - 4a8b5aae-7936-4127-a6e1-51a8bd8ea200-SegmentedRaftLogWorker:Storage Directory /workdir/hadoop-ozone/ozonefs/target/test-dir/MiniOzoneClusterImpl-54451e80-538c-4519-a538-a89d0a6472e3/datanode-2/data/ratis/50c4e5d7-5c3e-4e57-8461-567b117daf68 was interrupted, exiting. There are 0 tasks remaining in the queue.
2019-09-20 14:28:28,601 [ForkJoinPool.commonPool-worker-0] INFO  segmented.SegmentedRaftLogWorker (SegmentedRaftLogWorker.java:close(228)) - 4a8b5aae-7936-4127-a6e1-51a8bd8ea200-SegmentedRaftLogWorker:Storage Directory /workdir/hadoop-ozone/ozonefs/target/test-dir/MiniOzoneClusterImpl-54451e80-538c-4519-a538-a89d0a6472e3/datanode-2/data/ratis/50c4e5d7-5c3e-4e57-8461-567b117daf68 close()
2019-09-20 14:28:28,603 [ForkJoinPool.commonPool-worker-0] INFO  impl.RaftServerImpl (RaftServerImpl.java:lambda$shutdown$3(245)) - 4a8b5aae-7936-4127-a6e1-51a8bd8ea200: shutdown group-E1A41681B918
2019-09-20 14:28:28,603 [ForkJoinPool.commonPool-worker-0] INFO  util.JmxRegister (JmxRegister.java:unregister(73)) - Successfully un-registered JMX Bean with object name Ratis:service=RaftServer,group=group-E1A41681B918,id=4a8b5aae-7936-4127-a6e1-51a8bd8ea200
2019-09-20 14:28:28,603 [ForkJoinPool.commonPool-worker-0] INFO  impl.RoleInfo (RoleInfo.java:shutdownLeaderState(104)) - 4a8b5aae-7936-4127-a6e1-51a8bd8ea200: shutdown LeaderState
2019-09-20 14:28:28,603 [ForkJoinPool.commonPool-worker-0] INFO  impl.PendingRequests (PendingRequests.java:sendNotLeaderResponses(202)) - 4a8b5aae-7936-4127-a6e1-51a8bd8ea200-PendingRequests: sendNotLeaderResponses
2019-09-20 14:28:28,604 [ForkJoinPool.commonPool-worker-0] INFO  impl.StateMachineUpdater (StateMachineUpdater.java:stopAndJoin(115)) - StateMachineUpdater:4a8b5aae-7936-4127-a6e1-51a8bd8ea200:group-E1A41681B918: set stopIndex = 0
2019-09-20 14:28:28,604 [ForkJoinPool.commonPool-worker-0] INFO  impl.RaftServerImpl (ServerState.java:close(394)) - 4a8b5aae-7936-4127-a6e1-51a8bd8ea200:group-E1A41681B918 closes. The last applied log index is 0
2019-09-20 14:28:28,604 [4a8b5aae-7936-4127-a6e1-51a8bd8ea200-SegmentedRaftLogWorker:Storage Directory /workdir/hadoop-ozone/ozonefs/target/test-dir/MiniOzoneClusterImpl-54451e80-538c-4519-a538-a89d0a6472e3/datanode-2/data/ratis/a891bbbc-4227-4e39-82ff-e1a41681b918] INFO  segmented.SegmentedRaftLogWorker (SegmentedRaftLogWorker.java:run(313)) - 4a8b5aae-7936-4127-a6e1-51a8bd8ea200-SegmentedRaftLogWorker:Storage Directory /workdir/hadoop-ozone/ozonefs/target/test-dir/MiniOzoneClusterImpl-54451e80-538c-4519-a538-a89d0a6472e3/datanode-2/data/ratis/a891bbbc-4227-4e39-82ff-e1a41681b918 was interrupted, exiting. There are 0 tasks remaining in the queue.
2019-09-20 14:28:28,605 [ForkJoinPool.commonPool-worker-0] INFO  segmented.SegmentedRaftLogWorker (SegmentedRaftLogWorker.java:close(228)) - 4a8b5aae-7936-4127-a6e1-51a8bd8ea200-SegmentedRaftLogWorker:Storage Directory /workdir/hadoop-ozone/ozonefs/target/test-dir/MiniOzoneClusterImpl-54451e80-538c-4519-a538-a89d0a6472e3/datanode-2/data/ratis/a891bbbc-4227-4e39-82ff-e1a41681b918 close()
2019-09-20 14:28:28,606 [ForkJoinPool.commonPool-worker-0] INFO  impl.RaftServerImpl (RaftServerImpl.java:lambda$shutdown$3(245)) - 4a8b5aae-7936-4127-a6e1-51a8bd8ea200: shutdown group-5F2E7755BA1C
2019-09-20 14:28:28,607 [ForkJoinPool.commonPool-worker-0] INFO  util.JmxRegister (JmxRegister.java:unregister(73)) - Successfully un-registered JMX Bean with object name Ratis:service=RaftServer,group=group-5F2E7755BA1C,id=4a8b5aae-7936-4127-a6e1-51a8bd8ea200
2019-09-20 14:28:28,607 [ForkJoinPool.commonPool-worker-0] INFO  impl.RoleInfo (RoleInfo.java:shutdownLeaderState(104)) - 4a8b5aae-7936-4127-a6e1-51a8bd8ea200: shutdown LeaderState
2019-09-20 14:28:28,607 [ForkJoinPool.commonPool-worker-0] INFO  impl.PendingRequests (PendingRequests.java:sendNotLeaderResponses(202)) - 4a8b5aae-7936-4127-a6e1-51a8bd8ea200-PendingRequests: sendNotLeaderResponses
2019-09-20 14:28:28,607 [ForkJoinPool.commonPool-worker-0] INFO  impl.StateMachineUpdater (StateMachineUpdater.java:stopAndJoin(115)) - StateMachineUpdater:4a8b5aae-7936-4127-a6e1-51a8bd8ea200:group-5F2E7755BA1C: set stopIndex = 0
2019-09-20 14:28:28,608 [ForkJoinPool.commonPool-worker-0] INFO  impl.RaftServerImpl (ServerState.java:close(394)) - 4a8b5aae-7936-4127-a6e1-51a8bd8ea200:group-5F2E7755BA1C closes. The last applied log index is 0
2019-09-20 14:28:28,608 [4a8b5aae-7936-4127-a6e1-51a8bd8ea200-SegmentedRaftLogWorker:Storage Directory /workdir/hadoop-ozone/ozonefs/target/test-dir/MiniOzoneClusterImpl-54451e80-538c-4519-a538-a89d0a6472e3/datanode-2/data/ratis/b7474f04-2bcf-496e-85dd-5f2e7755ba1c] INFO  segmented.SegmentedRaftLogWorker (SegmentedRaftLogWorker.java:run(313)) - 4a8b5aae-7936-4127-a6e1-51a8bd8ea200-SegmentedRaftLogWorker:Storage Directory /workdir/hadoop-ozone/ozonefs/target/test-dir/MiniOzoneClusterImpl-54451e80-538c-4519-a538-a89d0a6472e3/datanode-2/data/ratis/b7474f04-2bcf-496e-85dd-5f2e7755ba1c was interrupted, exiting. There are 0 tasks remaining in the queue.
2019-09-20 14:28:28,608 [ForkJoinPool.commonPool-worker-0] INFO  segmented.SegmentedRaftLogWorker (SegmentedRaftLogWorker.java:close(228)) - 4a8b5aae-7936-4127-a6e1-51a8bd8ea200-SegmentedRaftLogWorker:Storage Directory /workdir/hadoop-ozone/ozonefs/target/test-dir/MiniOzoneClusterImpl-54451e80-538c-4519-a538-a89d0a6472e3/datanode-2/data/ratis/b7474f04-2bcf-496e-85dd-5f2e7755ba1c close()
2019-09-20 14:28:28,609 [ForkJoinPool.commonPool-worker-0] INFO  impl.RaftServerImpl (RaftServerImpl.java:lambda$shutdown$3(245)) - 4a8b5aae-7936-4127-a6e1-51a8bd8ea200: shutdown group-C32657DA6A2F
2019-09-20 14:28:28,609 [ForkJoinPool.commonPool-worker-0] INFO  util.JmxRegister (JmxRegister.java:unregister(73)) - Successfully un-registered JMX Bean with object name Ratis:service=RaftServer,group=group-C32657DA6A2F,id=4a8b5aae-7936-4127-a6e1-51a8bd8ea200
2019-09-20 14:28:28,610 [ForkJoinPool.commonPool-worker-0] INFO  impl.RoleInfo (RoleInfo.java:shutdownLeaderState(104)) - 4a8b5aae-7936-4127-a6e1-51a8bd8ea200: shutdown LeaderState
2019-09-20 14:28:28,610 [ForkJoinPool.commonPool-worker-0] INFO  impl.PendingRequests (PendingRequests.java:sendNotLeaderResponses(202)) - 4a8b5aae-7936-4127-a6e1-51a8bd8ea200-PendingRequests: sendNotLeaderResponses
2019-09-20 14:28:28,610 [ForkJoinPool.commonPool-worker-0] INFO  impl.StateMachineUpdater (StateMachineUpdater.java:stopAndJoin(115)) - StateMachineUpdater:4a8b5aae-7936-4127-a6e1-51a8bd8ea200:group-C32657DA6A2F: set stopIndex = 0
2019-09-20 14:28:28,610 [ForkJoinPool.commonPool-worker-0] INFO  impl.RaftServerImpl (ServerState.java:close(394)) - 4a8b5aae-7936-4127-a6e1-51a8bd8ea200:group-C32657DA6A2F closes. The last applied log index is 0
2019-09-20 14:28:28,611 [4a8b5aae-7936-4127-a6e1-51a8bd8ea200-SegmentedRaftLogWorker:Storage Directory /workdir/hadoop-ozone/ozonefs/target/test-dir/MiniOzoneClusterImpl-54451e80-538c-4519-a538-a89d0a6472e3/datanode-2/data/ratis/3b43e061-9369-445c-8fcf-c32657da6a2f] INFO  segmented.SegmentedRaftLogWorker (SegmentedRaftLogWorker.java:run(313)) - 4a8b5aae-7936-4127-a6e1-51a8bd8ea200-SegmentedRaftLogWorker:Storage Directory /workdir/hadoop-ozone/ozonefs/target/test-dir/MiniOzoneClusterImpl-54451e80-538c-4519-a538-a89d0a6472e3/datanode-2/data/ratis/3b43e061-9369-445c-8fcf-c32657da6a2f was interrupted, exiting. There are 0 tasks remaining in the queue.
2019-09-20 14:28:28,611 [ForkJoinPool.commonPool-worker-0] INFO  segmented.SegmentedRaftLogWorker (SegmentedRaftLogWorker.java:close(228)) - 4a8b5aae-7936-4127-a6e1-51a8bd8ea200-SegmentedRaftLogWorker:Storage Directory /workdir/hadoop-ozone/ozonefs/target/test-dir/MiniOzoneClusterImpl-54451e80-538c-4519-a538-a89d0a6472e3/datanode-2/data/ratis/3b43e061-9369-445c-8fcf-c32657da6a2f close()
2019-09-20 14:28:28,612 [ForkJoinPool.commonPool-worker-0] INFO  server.GrpcService (GrpcService.java:closeImpl(155)) - 4a8b5aae-7936-4127-a6e1-51a8bd8ea200: shutdown server with port 33214 now
2019-09-20 14:28:28,613 [ForkJoinPool.commonPool-worker-0] INFO  server.GrpcService (GrpcService.java:closeImpl(163)) - 4a8b5aae-7936-4127-a6e1-51a8bd8ea200: shutdown server with port 33214 successfully
2019-09-20 14:28:28,615 [ForkJoinPool.commonPool-worker-0] INFO  utils.BackgroundService (BackgroundService.java:shutdown(148)) - Shutting down service BlockDeletingService
2019-09-20 14:28:28,617 [refreshUsed-/workdir/hadoop-ozone/ozonefs/target/test-dir/MiniOzoneClusterImpl-54451e80-538c-4519-a538-a89d0a6472e3/datanode-2/data/containers] WARN  fs.CachingGetSpaceUsed (CachingGetSpaceUsed.java:run(183)) - Thread Interrupted waiting to refresh disk information: sleep interrupted
2019-09-20 14:28:28,651 [ForkJoinPool.commonPool-worker-0] INFO  statemachine.DatanodeStateMachine (DatanodeStateMachine.java:stopDaemon(395)) - Ozone container server stopped.
2019-09-20 14:28:28,655 [ForkJoinPool.commonPool-worker-0] INFO  handler.ContextHandler (ContextHandler.java:doStop(910)) - Stopped o.e.j.w.WebAppContext@680f7a5e{/,null,UNAVAILABLE}{/hddsDatanode}
2019-09-20 14:28:28,655 [ForkJoinPool.commonPool-worker-0] INFO  server.AbstractConnector (AbstractConnector.java:doStop(318)) - Stopped ServerConnector@3005133e{HTTP/1.1,[http/1.1]}{0.0.0.0:0}
2019-09-20 14:28:28,656 [ForkJoinPool.commonPool-worker-0] INFO  handler.ContextHandler (ContextHandler.java:doStop(910)) - Stopped o.e.j.s.ServletContextHandler@54e1e8a7{/static,jar:file:/home/user/.m2/repository/org/apache/hadoop/hadoop-hdds-container-service/0.5.0-SNAPSHOT/hadoop-hdds-container-service-0.5.0-SNAPSHOT.jar!/webapps/static,UNAVAILABLE}
2019-09-20 14:28:28,658 [ForkJoinPool.commonPool-worker-0] INFO  handler.ContextHandler (ContextHandler.java:doStop(910)) - Stopped o.e.j.s.ServletContextHandler@67127bb1{/logs,file:///workdir/hadoop-ozone/ozonefs/target/log,UNAVAILABLE}
2019-09-20 14:28:28,659 [main] INFO  ozone.MiniOzoneClusterImpl (MiniOzoneClusterImpl.java:stop(353)) - Stopping the StorageContainerManager
2019-09-20 14:28:28,659 [main] INFO  server.StorageContainerManager (StorageContainerManager.java:stop(797)) - Stopping Replication Manager Service.
2019-09-20 14:28:28,659 [main] INFO  container.ReplicationManager (ReplicationManager.java:stop(192)) - Stopping Replication Monitor Thread.
2019-09-20 14:28:28,659 [main] INFO  server.StorageContainerManager (StorageContainerManager.java:stop(804)) - Stopping Lease Manager of the command watchers
2019-09-20 14:28:28,659 [main] INFO  server.StorageContainerManager (StorageContainerManager.java:stop(811)) - Stopping datanode service RPC server
2019-09-20 14:28:28,660 [main] INFO  server.SCMDatanodeProtocolServer (SCMDatanodeProtocolServer.java:stop(367)) - Stopping the RPC server for DataNodes
2019-09-20 14:28:28,660 [main] INFO  ipc.Server (Server.java:stop(3082)) - Stopping server on 33047
2019-09-20 14:28:28,661 [IPC Server listener on 33047] INFO  ipc.Server (Server.java:run(1185)) - Stopping IPC Server listener on 33047
2019-09-20 14:28:28,662 [IPC Server Responder] INFO  ipc.Server (Server.java:run(1319)) - Stopping IPC Server Responder
2019-09-20 14:28:28,747 [SCM Heartbeat Processing Thread - 0] WARN  node.NodeStateManager (NodeStateManager.java:scheduleNextHealthCheck(655)) - Current Thread is interrupted, shutting down HB processing thread for Node Manager.
2019-09-20 14:28:28,748 [main] INFO  server.StorageContainerManager (StorageContainerManager.java:stop(819)) - Stopping block service RPC server
2019-09-20 14:28:28,748 [main] INFO  server.SCMBlockProtocolServer (SCMBlockProtocolServer.java:stop(148)) - Stopping the RPC server for Block Protocol
2019-09-20 14:28:28,749 [main] INFO  ipc.Server (Server.java:stop(3082)) - Stopping server on 43814
2019-09-20 14:28:28,751 [IPC Server listener on 43814] INFO  ipc.Server (Server.java:run(1185)) - Stopping IPC Server listener on 43814
2019-09-20 14:28:28,751 [main] INFO  server.StorageContainerManager (StorageContainerManager.java:stop(826)) - Stopping the StorageContainerLocationProtocol RPC server
2019-09-20 14:28:28,752 [main] INFO  server.SCMClientProtocolServer (SCMClientProtocolServer.java:stop(159)) - Stopping the RPC server for Client Protocol
2019-09-20 14:28:28,753 [main] INFO  ipc.Server (Server.java:stop(3082)) - Stopping server on 44030
2019-09-20 14:28:28,753 [IPC Server Responder] INFO  ipc.Server (Server.java:run(1319)) - Stopping IPC Server Responder
2019-09-20 14:28:28,754 [IPC Server listener on 44030] INFO  ipc.Server (Server.java:run(1185)) - Stopping IPC Server listener on 44030
2019-09-20 14:28:28,757 [main] INFO  server.StorageContainerManager (StorageContainerManager.java:stop(833)) - Stopping Storage Container Manager HTTP server.
2019-09-20 14:28:28,759 [IPC Server Responder] INFO  ipc.Server (Server.java:run(1319)) - Stopping IPC Server Responder
2019-09-20 14:28:28,759 [main] INFO  handler.ContextHandler (ContextHandler.java:doStop(910)) - Stopped o.e.j.w.WebAppContext@2baf9cd4{/,null,UNAVAILABLE}{/scm}
2019-09-20 14:28:28,760 [main] INFO  server.AbstractConnector (AbstractConnector.java:doStop(318)) - Stopped ServerConnector@50c0392d{HTTP/1.1,[http/1.1]}{0.0.0.0:0}
2019-09-20 14:28:28,760 [main] INFO  handler.ContextHandler (ContextHandler.java:doStop(910)) - Stopped o.e.j.s.ServletContextHandler@1efdaec0{/static,jar:file:/home/user/.m2/repository/org/apache/hadoop/hadoop-hdds-server-scm/0.5.0-SNAPSHOT/hadoop-hdds-server-scm-0.5.0-SNAPSHOT.jar!/webapps/static,UNAVAILABLE}
2019-09-20 14:28:28,760 [main] INFO  handler.ContextHandler (ContextHandler.java:doStop(910)) - Stopped o.e.j.s.ServletContextHandler@25a218a{/logs,file:///workdir/hadoop-ozone/ozonefs/target/log,UNAVAILABLE}
2019-09-20 14:28:28,761 [main] INFO  server.StorageContainerManager (StorageContainerManager.java:stop(844)) - Stopping Block Manager Service.
2019-09-20 14:28:28,761 [main] INFO  utils.BackgroundService (BackgroundService.java:shutdown(148)) - Shutting down service SCMBlockDeletingService
2019-09-20 14:28:28,762 [main] INFO  utils.BackgroundService (BackgroundService.java:shutdown(148)) - Shutting down service SCMBlockDeletingService
2019-09-20 14:28:28,762 [main] INFO  server.StorageContainerManager (StorageContainerManager.java:stop(866)) - Stopping SCM Event Queue.
2019-09-20 14:28:28,779 [main] INFO  impl.MetricsSystemImpl (MetricsSystemImpl.java:stop(210)) - Stopping HddsDatanode metrics system...
2019-09-20 14:28:28,794 [main] INFO  impl.MetricsSystemImpl (MetricsSystemImpl.java:stop(216)) - HddsDatanode metrics system stopped.
]]></system-out>
    <system-err><![CDATA[Sep 20, 2019 2:28:13 PM com.sun.jersey.server.impl.application.WebApplicationImpl _initiate
INFO: Initiating Jersey application, version 'Jersey: 1.19 02/11/2015 03:25 AM'
Sep 20, 2019 2:28:13 PM com.sun.jersey.server.impl.application.WebApplicationImpl _initiate
INFO: Initiating Jersey application, version 'Jersey: 1.19 02/11/2015 03:25 AM'
Sep 20, 2019 2:28:13 PM com.sun.jersey.server.impl.application.WebApplicationImpl _initiate
INFO: Initiating Jersey application, version 'Jersey: 1.19 02/11/2015 03:25 AM'
Sep 20, 2019 2:28:17 PM com.sun.jersey.server.impl.application.WebApplicationImpl _initiate
INFO: Initiating Jersey application, version 'Jersey: 1.19 02/11/2015 03:25 AM'
]]></system-err>
  </testcase>
</testsuite>