<?xml version="1.0" encoding="UTF-8"?>
<testsuite xmlns:xsi="http://www.w3.org/2001/XMLSchema-instance" xsi:noNamespaceSchemaLocation="https://maven.apache.org/surefire/maven-surefire-plugin/xsd/surefire-test-report.xsd" name="org.apache.hadoop.fs.ozone.TestOzoneFileSystem" time="136.62" tests="7" errors="4" skipped="0" failures="0">
  <properties>
    <property name="awt.toolkit" value="sun.awt.X11.XToolkit"/>
    <property name="file.encoding.pkg" value="sun.io"/>
    <property name="java.specification.version" value="1.8"/>
    <property name="sun.cpu.isalist" value=""/>
    <property name="sun.jnu.encoding" value="UTF-8"/>
    <property name="java.class.path" value="/workdir/hadoop-ozone/ozonefs/target/test-classes:/workdir/hadoop-ozone/ozonefs/target/classes:/home/user/.m2/repository/org/apache/hadoop/hadoop-common/3.2.0/hadoop-common-3.2.0.jar:/home/user/.m2/repository/org/apache/hadoop/hadoop-annotations/3.2.0/hadoop-annotations-3.2.0.jar:/usr/lib/jvm/java-1.8-openjdk/jre/../lib/tools.jar:/home/user/.m2/repository/com/google/guava/guava/11.0.2/guava-11.0.2.jar:/home/user/.m2/repository/commons-cli/commons-cli/1.2/commons-cli-1.2.jar:/home/user/.m2/repository/org/apache/commons/commons-math3/3.1.1/commons-math3-3.1.1.jar:/home/user/.m2/repository/org/apache/httpcomponents/httpclient/4.5.2/httpclient-4.5.2.jar:/home/user/.m2/repository/org/apache/httpcomponents/httpcore/4.4.4/httpcore-4.4.4.jar:/home/user/.m2/repository/commons-codec/commons-codec/1.11/commons-codec-1.11.jar:/home/user/.m2/repository/commons-io/commons-io/2.5/commons-io-2.5.jar:/home/user/.m2/repository/commons-net/commons-net/3.6/commons-net-3.6.jar:/home/user/.m2/repository/commons-collections/commons-collections/3.2.2/commons-collections-3.2.2.jar:/home/user/.m2/repository/javax/servlet/javax.servlet-api/3.1.0/javax.servlet-api-3.1.0.jar:/home/user/.m2/repository/org/eclipse/jetty/jetty-server/9.3.24.v20180605/jetty-server-9.3.24.v20180605.jar:/home/user/.m2/repository/org/eclipse/jetty/jetty-http/9.3.24.v20180605/jetty-http-9.3.24.v20180605.jar:/home/user/.m2/repository/org/eclipse/jetty/jetty-io/9.3.24.v20180605/jetty-io-9.3.24.v20180605.jar:/home/user/.m2/repository/org/eclipse/jetty/jetty-util/9.3.24.v20180605/jetty-util-9.3.24.v20180605.jar:/home/user/.m2/repository/org/eclipse/jetty/jetty-servlet/9.3.24.v20180605/jetty-servlet-9.3.24.v20180605.jar:/home/user/.m2/repository/org/eclipse/jetty/jetty-security/9.3.24.v20180605/jetty-security-9.3.24.v20180605.jar:/home/user/.m2/repository/org/eclipse/jetty/jetty-webapp/9.3.24.v20180605/jetty-webapp-9.3.24.v20180605.jar:/home/user/.m2/repository/org/eclipse/jetty/jetty-xml/9.3.24.v20180605/jetty-xml-9.3.24.v20180605.jar:/home/user/.m2/repository/javax/servlet/jsp/jsp-api/2.1/jsp-api-2.1.jar:/home/user/.m2/repository/com/sun/jersey/jersey-core/1.19/jersey-core-1.19.jar:/home/user/.m2/repository/javax/ws/rs/jsr311-api/1.1.1/jsr311-api-1.1.1.jar:/home/user/.m2/repository/com/sun/jersey/jersey-servlet/1.19/jersey-servlet-1.19.jar:/home/user/.m2/repository/com/sun/jersey/jersey-json/1.19/jersey-json-1.19.jar:/home/user/.m2/repository/org/codehaus/jettison/jettison/1.1/jettison-1.1.jar:/home/user/.m2/repository/com/sun/xml/bind/jaxb-impl/2.3.0.1/jaxb-impl-2.3.0.1.jar:/home/user/.m2/repository/org/codehaus/jackson/jackson-core-asl/1.9.13/jackson-core-asl-1.9.13.jar:/home/user/.m2/repository/org/codehaus/jackson/jackson-mapper-asl/1.9.13/jackson-mapper-asl-1.9.13.jar:/home/user/.m2/repository/org/codehaus/jackson/jackson-jaxrs/1.9.13/jackson-jaxrs-1.9.13.jar:/home/user/.m2/repository/org/codehaus/jackson/jackson-xc/1.9.13/jackson-xc-1.9.13.jar:/home/user/.m2/repository/com/sun/jersey/jersey-server/1.19/jersey-server-1.19.jar:/home/user/.m2/repository/commons-logging/commons-logging/1.1.3/commons-logging-1.1.3.jar:/home/user/.m2/repository/log4j/log4j/1.2.17/log4j-1.2.17.jar:/home/user/.m2/repository/commons-beanutils/commons-beanutils/1.9.3/commons-beanutils-1.9.3.jar:/home/user/.m2/repository/org/apache/commons/commons-configuration2/2.1.1/commons-configuration2-2.1.1.jar:/home/user/.m2/repository/org/apache/commons/commons-lang3/3.7/commons-lang3-3.7.jar:/home/user/.m2/repository/org/apache/commons/commons-text/1.4/commons-text-1.4.jar:/home/user/.m2/repository/org/slf4j/slf4j-api/1.7.25/slf4j-api-1.7.25.jar:/home/user/.m2/repository/org/slf4j/slf4j-log4j12/1.7.25/slf4j-log4j12-1.7.25.jar:/home/user/.m2/repository/org/apache/avro/avro/1.7.7/avro-1.7.7.jar:/home/user/.m2/repository/com/thoughtworks/paranamer/paranamer/2.3/paranamer-2.3.jar:/home/user/.m2/repository/org/xerial/snappy/snappy-java/1.0.5/snappy-java-1.0.5.jar:/home/user/.m2/repository/com/google/re2j/re2j/1.1/re2j-1.1.jar:/home/user/.m2/repository/com/google/protobuf/protobuf-java/2.5.0/protobuf-java-2.5.0.jar:/home/user/.m2/repository/com/google/code/gson/gson/2.2.4/gson-2.2.4.jar:/home/user/.m2/repository/org/apache/hadoop/hadoop-auth/3.2.0/hadoop-auth-3.2.0.jar:/home/user/.m2/repository/com/nimbusds/nimbus-jose-jwt/4.41.1/nimbus-jose-jwt-4.41.1.jar:/home/user/.m2/repository/com/github/stephenc/jcip/jcip-annotations/1.0-1/jcip-annotations-1.0-1.jar:/home/user/.m2/repository/net/minidev/json-smart/2.3/json-smart-2.3.jar:/home/user/.m2/repository/net/minidev/accessors-smart/1.2/accessors-smart-1.2.jar:/home/user/.m2/repository/org/apache/curator/curator-framework/2.12.0/curator-framework-2.12.0.jar:/home/user/.m2/repository/com/jcraft/jsch/0.1.54/jsch-0.1.54.jar:/home/user/.m2/repository/org/apache/curator/curator-client/2.12.0/curator-client-2.12.0.jar:/home/user/.m2/repository/org/apache/curator/curator-recipes/2.12.0/curator-recipes-2.12.0.jar:/home/user/.m2/repository/com/google/code/findbugs/jsr305/3.0.0/jsr305-3.0.0.jar:/home/user/.m2/repository/org/apache/htrace/htrace-core4/4.1.0-incubating/htrace-core4-4.1.0-incubating.jar:/home/user/.m2/repository/org/apache/zookeeper/zookeeper/3.4.13/zookeeper-3.4.13.jar:/home/user/.m2/repository/org/apache/yetus/audience-annotations/0.5.0/audience-annotations-0.5.0.jar:/home/user/.m2/repository/org/apache/commons/commons-compress/1.4.1/commons-compress-1.4.1.jar:/home/user/.m2/repository/org/tukaani/xz/1.0/xz-1.0.jar:/home/user/.m2/repository/org/apache/kerby/kerb-simplekdc/1.0.1/kerb-simplekdc-1.0.1.jar:/home/user/.m2/repository/org/apache/kerby/kerb-client/1.0.1/kerb-client-1.0.1.jar:/home/user/.m2/repository/org/apache/kerby/kerby-config/1.0.1/kerby-config-1.0.1.jar:/home/user/.m2/repository/org/apache/kerby/kerb-core/1.0.1/kerb-core-1.0.1.jar:/home/user/.m2/repository/org/apache/kerby/kerby-pkix/1.0.1/kerby-pkix-1.0.1.jar:/home/user/.m2/repository/org/apache/kerby/kerby-asn1/1.0.1/kerby-asn1-1.0.1.jar:/home/user/.m2/repository/org/apache/kerby/kerby-util/1.0.1/kerby-util-1.0.1.jar:/home/user/.m2/repository/org/apache/kerby/kerb-common/1.0.1/kerb-common-1.0.1.jar:/home/user/.m2/repository/org/apache/kerby/kerb-crypto/1.0.1/kerb-crypto-1.0.1.jar:/home/user/.m2/repository/org/apache/kerby/kerb-util/1.0.1/kerb-util-1.0.1.jar:/home/user/.m2/repository/org/apache/kerby/token-provider/1.0.1/token-provider-1.0.1.jar:/home/user/.m2/repository/org/apache/kerby/kerb-admin/1.0.1/kerb-admin-1.0.1.jar:/home/user/.m2/repository/org/apache/kerby/kerb-server/1.0.1/kerb-server-1.0.1.jar:/home/user/.m2/repository/org/apache/kerby/kerb-identity/1.0.1/kerb-identity-1.0.1.jar:/home/user/.m2/repository/org/apache/kerby/kerby-xdr/1.0.1/kerby-xdr-1.0.1.jar:/home/user/.m2/repository/com/fasterxml/jackson/core/jackson-databind/2.9.5/jackson-databind-2.9.5.jar:/home/user/.m2/repository/com/fasterxml/jackson/core/jackson-annotations/2.9.5/jackson-annotations-2.9.5.jar:/home/user/.m2/repository/com/fasterxml/jackson/core/jackson-core/2.9.5/jackson-core-2.9.5.jar:/home/user/.m2/repository/org/codehaus/woodstox/stax2-api/3.1.4/stax2-api-3.1.4.jar:/home/user/.m2/repository/com/fasterxml/woodstox/woodstox-core/5.0.3/woodstox-core-5.0.3.jar:/home/user/.m2/repository/dnsjava/dnsjava/2.1.7/dnsjava-2.1.7.jar:/home/user/.m2/repository/org/apache/hadoop/hadoop-hdfs/3.2.0/hadoop-hdfs-3.2.0.jar:/home/user/.m2/repository/org/eclipse/jetty/jetty-util-ajax/9.3.24.v20180605/jetty-util-ajax-9.3.24.v20180605.jar:/home/user/.m2/repository/commons-daemon/commons-daemon/1.0.13/commons-daemon-1.0.13.jar:/home/user/.m2/repository/io/netty/netty/3.10.5.Final/netty-3.10.5.Final.jar:/home/user/.m2/repository/io/netty/netty-all/4.0.52.Final/netty-all-4.0.52.Final.jar:/home/user/.m2/repository/org/fusesource/leveldbjni/leveldbjni-all/1.8/leveldbjni-all-1.8.jar:/home/user/.m2/repository/org/apache/hadoop/hadoop-hdds-common/0.5.0-SNAPSHOT/hadoop-hdds-common-0.5.0-SNAPSHOT.jar:/home/user/.m2/repository/org/apache/hadoop/hadoop-hdds-config/0.5.0-SNAPSHOT/hadoop-hdds-config-0.5.0-SNAPSHOT.jar:/home/user/.m2/repository/javax/annotation/javax.annotation-api/1.2/javax.annotation-api-1.2.jar:/home/user/.m2/repository/org/apache/ratis/ratis-server/0.4.0-2337318-SNAPSHOT/ratis-server-0.4.0-2337318-SNAPSHOT.jar:/home/user/.m2/repository/org/apache/ratis/ratis-thirdparty-misc/0.2.0/ratis-thirdparty-misc-0.2.0.jar:/home/user/.m2/repository/org/apache/ratis/ratis-proto/0.4.0-2337318-SNAPSHOT/ratis-proto-0.4.0-2337318-SNAPSHOT.jar:/home/user/.m2/repository/org/apache/ratis/ratis-common/0.4.0-2337318-SNAPSHOT/ratis-common-0.4.0-2337318-SNAPSHOT.jar:/home/user/.m2/repository/org/apache/ratis/ratis-client/0.4.0-2337318-SNAPSHOT/ratis-client-0.4.0-2337318-SNAPSHOT.jar:/home/user/.m2/repository/org/apache/ratis/ratis-metrics/0.4.0-2337318-SNAPSHOT/ratis-metrics-0.4.0-2337318-SNAPSHOT.jar:/home/user/.m2/repository/org/apache/ratis/ratis-netty/0.4.0-2337318-SNAPSHOT/ratis-netty-0.4.0-2337318-SNAPSHOT.jar:/home/user/.m2/repository/org/apache/ratis/ratis-grpc/0.4.0-2337318-SNAPSHOT/ratis-grpc-0.4.0-2337318-SNAPSHOT.jar:/home/user/.m2/repository/org/rocksdb/rocksdbjni/6.0.1/rocksdbjni-6.0.1.jar:/home/user/.m2/repository/org/apache/logging/log4j/log4j-api/2.11.0/log4j-api-2.11.0.jar:/home/user/.m2/repository/org/apache/logging/log4j/log4j-core/2.11.0/log4j-core-2.11.0.jar:/home/user/.m2/repository/com/lmax/disruptor/3.4.2/disruptor-3.4.2.jar:/home/user/.m2/repository/org/apache/commons/commons-pool2/2.6.0/commons-pool2-2.6.0.jar:/home/user/.m2/repository/org/bouncycastle/bcpkix-jdk15on/1.60/bcpkix-jdk15on-1.60.jar:/home/user/.m2/repository/commons-validator/commons-validator/1.6/commons-validator-1.6.jar:/home/user/.m2/repository/commons-digester/commons-digester/1.8.1/commons-digester-1.8.1.jar:/home/user/.m2/repository/io/jaegertracing/jaeger-client/0.33.1/jaeger-client-0.33.1.jar:/home/user/.m2/repository/io/jaegertracing/jaeger-thrift/0.33.1/jaeger-thrift-0.33.1.jar:/home/user/.m2/repository/org/apache/thrift/libthrift/0.11.0/libthrift-0.11.0.jar:/home/user/.m2/repository/com/squareup/okhttp3/okhttp/3.9.0/okhttp-3.9.0.jar:/home/user/.m2/repository/com/squareup/okio/okio/1.13.0/okio-1.13.0.jar:/home/user/.m2/repository/io/jaegertracing/jaeger-core/0.33.1/jaeger-core-0.33.1.jar:/home/user/.m2/repository/io/jaegertracing/jaeger-tracerresolver/0.33.1/jaeger-tracerresolver-0.33.1.jar:/home/user/.m2/repository/io/opentracing/contrib/opentracing-tracerresolver/0.1.5/opentracing-tracerresolver-0.1.5.jar:/home/user/.m2/repository/io/opentracing/opentracing-util/0.31.0/opentracing-util-0.31.0.jar:/home/user/.m2/repository/io/opentracing/opentracing-api/0.31.0/opentracing-api-0.31.0.jar:/home/user/.m2/repository/io/opentracing/opentracing-noop/0.31.0/opentracing-noop-0.31.0.jar:/home/user/.m2/repository/org/yaml/snakeyaml/1.16/snakeyaml-1.16.jar:/home/user/.m2/repository/org/apache/hadoop/hadoop-hdfs-client/3.2.0/hadoop-hdfs-client-3.2.0.jar:/home/user/.m2/repository/info/picocli/picocli/3.9.6/picocli-3.9.6.jar:/home/user/.m2/repository/org/apache/hadoop/hadoop-hdds-server-scm/0.5.0-SNAPSHOT/hadoop-hdds-server-scm-0.5.0-SNAPSHOT.jar:/home/user/.m2/repository/org/apache/hadoop/hadoop-hdds-docs/0.5.0-SNAPSHOT/hadoop-hdds-docs-0.5.0-SNAPSHOT.jar:/home/user/.m2/repository/io/dropwizard/metrics/metrics-core/3.2.4/metrics-core-3.2.4.jar:/home/user/.m2/repository/org/hamcrest/hamcrest-all/1.3/hamcrest-all-1.3.jar:/home/user/.m2/repository/org/bouncycastle/bcprov-jdk15on/1.60/bcprov-jdk15on-1.60.jar:/home/user/.m2/repository/org/apache/hadoop/hadoop-hdds-server-framework/0.5.0-SNAPSHOT/hadoop-hdds-server-framework-0.5.0-SNAPSHOT.jar:/home/user/.m2/repository/org/apache/hadoop/hadoop-ozone-ozone-manager/0.5.0-SNAPSHOT/hadoop-ozone-ozone-manager-0.5.0-SNAPSHOT.jar:/home/user/.m2/repository/org/apache/hadoop/hadoop-hdds-container-service/0.5.0-SNAPSHOT/hadoop-hdds-container-service-0.5.0-SNAPSHOT.jar:/home/user/.m2/repository/org/apache/hadoop/hadoop-hdds-client/0.5.0-SNAPSHOT/hadoop-hdds-client-0.5.0-SNAPSHOT.jar:/home/user/.m2/repository/org/apache/hadoop/hadoop-ozone-common/0.5.0-SNAPSHOT/hadoop-ozone-common-0.5.0-SNAPSHOT.jar:/home/user/.m2/repository/org/apache/hadoop/hadoop-hdds-tools/0.5.0-SNAPSHOT/hadoop-hdds-tools-0.5.0-SNAPSHOT.jar:/home/user/.m2/repository/org/xerial/sqlite-jdbc/3.25.2/sqlite-jdbc-3.25.2.jar:/home/user/.m2/repository/org/apache/hadoop/hadoop-ozone-objectstore-service/0.5.0-SNAPSHOT/hadoop-ozone-objectstore-service-0.5.0-SNAPSHOT.jar:/home/user/.m2/repository/com/google/code/findbugs/findbugs/3.0.1/findbugs-3.0.1.jar:/home/user/.m2/repository/net/jcip/jcip-annotations/1.0/jcip-annotations-1.0.jar:/home/user/.m2/repository/com/google/code/findbugs/bcel-findbugs/6.0/bcel-findbugs-6.0.jar:/home/user/.m2/repository/com/google/code/findbugs/jFormatString/2.0.1/jFormatString-2.0.1.jar:/home/user/.m2/repository/dom4j/dom4j/1.6.1/dom4j-1.6.1.jar:/home/user/.m2/repository/xml-apis/xml-apis/1.0.b2/xml-apis-1.0.b2.jar:/home/user/.m2/repository/org/ow2/asm/asm-debug-all/5.0.2/asm-debug-all-5.0.2.jar:/home/user/.m2/repository/org/ow2/asm/asm-commons/5.0.2/asm-commons-5.0.2.jar:/home/user/.m2/repository/org/ow2/asm/asm-tree/5.0.2/asm-tree-5.0.2.jar:/home/user/.m2/repository/org/ow2/asm/asm/5.0.4/asm-5.0.4.jar:/home/user/.m2/repository/commons-lang/commons-lang/2.6/commons-lang-2.6.jar:/home/user/.m2/repository/com/apple/AppleJavaExtensions/1.4/AppleJavaExtensions-1.4.jar:/home/user/.m2/repository/jaxen/jaxen/1.1.6/jaxen-1.1.6.jar:/home/user/.m2/repository/org/apache/hadoop/hadoop-common/3.2.0/hadoop-common-3.2.0-tests.jar:/home/user/.m2/repository/org/apache/hadoop/hadoop-ozone-client/0.5.0-SNAPSHOT/hadoop-ozone-client-0.5.0-SNAPSHOT.jar:/home/user/.m2/repository/org/apache/hadoop/hadoop-hdfs/3.2.0/hadoop-hdfs-3.2.0-tests.jar:/workdir/hadoop-ozone/integration-test/target/test-classes:/home/user/.m2/repository/org/apache/hadoop/hadoop-ozone-s3gateway/0.5.0-SNAPSHOT/hadoop-ozone-s3gateway-0.5.0-SNAPSHOT.jar:/home/user/.m2/repository/org/jboss/weld/servlet/weld-servlet/2.4.7.Final/weld-servlet-2.4.7.Final.jar:/home/user/.m2/repository/org/glassfish/jersey/containers/jersey-container-servlet-core/2.27/jersey-container-servlet-core-2.27.jar:/home/user/.m2/repository/org/glassfish/hk2/external/javax.inject/2.5.0-b42/javax.inject-2.5.0-b42.jar:/home/user/.m2/repository/org/glassfish/jersey/core/jersey-common/2.27/jersey-common-2.27.jar:/home/user/.m2/repository/org/glassfish/hk2/osgi-resource-locator/1.0.1/osgi-resource-locator-1.0.1.jar:/home/user/.m2/repository/javax/ws/rs/javax.ws.rs-api/2.1/javax.ws.rs-api-2.1.jar:/home/user/.m2/repository/org/glassfish/jersey/ext/cdi/jersey-cdi1x/2.27/jersey-cdi1x-2.27.jar:/home/user/.m2/repository/org/glassfish/jersey/inject/jersey-hk2/2.27/jersey-hk2-2.27.jar:/home/user/.m2/repository/org/glassfish/hk2/hk2-locator/2.5.0-b42/hk2-locator-2.5.0-b42.jar:/home/user/.m2/repository/org/javassist/javassist/3.22.0-CR2/javassist-3.22.0-CR2.jar:/home/user/.m2/repository/org/glassfish/hk2/hk2-api/2.5.0/hk2-api-2.5.0.jar:/home/user/.m2/repository/org/glassfish/hk2/external/jakarta.inject/2.5.0/jakarta.inject-2.5.0.jar:/home/user/.m2/repository/org/glassfish/hk2/hk2-utils/2.5.0/hk2-utils-2.5.0.jar:/home/user/.m2/repository/jakarta/annotation/jakarta.annotation-api/1.3.4/jakarta.annotation-api-1.3.4.jar:/home/user/.m2/repository/org/glassfish/hk2/external/aopalliance-repackaged/2.5.0/aopalliance-repackaged-2.5.0.jar:/home/user/.m2/repository/com/fasterxml/jackson/dataformat/jackson-dataformat-xml/2.9.0/jackson-dataformat-xml-2.9.0.jar:/home/user/.m2/repository/com/fasterxml/jackson/module/jackson-module-jaxb-annotations/2.9.5/jackson-module-jaxb-annotations-2.9.5.jar:/home/user/.m2/repository/javax/enterprise/cdi-api/1.2/cdi-api-1.2.jar:/home/user/.m2/repository/javax/el/javax.el-api/3.0.0/javax.el-api-3.0.0.jar:/home/user/.m2/repository/javax/interceptor/javax.interceptor-api/1.2/javax.interceptor-api-1.2.jar:/home/user/.m2/repository/javax/inject/javax.inject/1/javax.inject-1.jar:/home/user/.m2/repository/com/sun/xml/bind/jaxb-core/2.3.0.1/jaxb-core-2.3.0.1.jar:/home/user/.m2/repository/javax/xml/bind/jaxb-api/2.3.0/jaxb-api-2.3.0.jar:/home/user/.m2/repository/javax/activation/activation/1.1.1/activation-1.1.1.jar:/home/user/.m2/repository/org/apache/hadoop/hadoop-ozone-csi/0.5.0-SNAPSHOT/hadoop-ozone-csi-0.5.0-SNAPSHOT.jar:/home/user/.m2/repository/com/google/protobuf/protobuf-java-util/3.5.1/protobuf-java-util-3.5.1.jar:/home/user/.m2/repository/io/grpc/grpc-netty/1.17.1/grpc-netty-1.17.1.jar:/home/user/.m2/repository/io/grpc/grpc-core/1.17.1/grpc-core-1.17.1.jar:/home/user/.m2/repository/io/grpc/grpc-context/1.17.1/grpc-context-1.17.1.jar:/home/user/.m2/repository/com/google/errorprone/error_prone_annotations/2.2.0/error_prone_annotations-2.2.0.jar:/home/user/.m2/repository/org/codehaus/mojo/animal-sniffer-annotations/1.17/animal-sniffer-annotations-1.17.jar:/home/user/.m2/repository/io/opencensus/opencensus-api/0.17.0/opencensus-api-0.17.0.jar:/home/user/.m2/repository/io/opencensus/opencensus-contrib-grpc-metrics/0.17.0/opencensus-contrib-grpc-metrics-0.17.0.jar:/home/user/.m2/repository/io/netty/netty-codec-http2/4.1.30.Final/netty-codec-http2-4.1.30.Final.jar:/home/user/.m2/repository/io/netty/netty-codec-http/4.1.30.Final/netty-codec-http-4.1.30.Final.jar:/home/user/.m2/repository/io/netty/netty-codec/4.1.30.Final/netty-codec-4.1.30.Final.jar:/home/user/.m2/repository/io/netty/netty-handler/4.1.30.Final/netty-handler-4.1.30.Final.jar:/home/user/.m2/repository/io/netty/netty-handler-proxy/4.1.30.Final/netty-handler-proxy-4.1.30.Final.jar:/home/user/.m2/repository/io/netty/netty-codec-socks/4.1.30.Final/netty-codec-socks-4.1.30.Final.jar:/home/user/.m2/repository/io/netty/netty-transport-native-epoll/4.1.30.Final/netty-transport-native-epoll-4.1.30.Final.jar:/home/user/.m2/repository/io/netty/netty-common/4.1.30.Final/netty-common-4.1.30.Final.jar:/home/user/.m2/repository/io/netty/netty-buffer/4.1.30.Final/netty-buffer-4.1.30.Final.jar:/home/user/.m2/repository/io/netty/netty-transport/4.1.30.Final/netty-transport-4.1.30.Final.jar:/home/user/.m2/repository/io/netty/netty-resolver/4.1.30.Final/netty-resolver-4.1.30.Final.jar:/home/user/.m2/repository/io/netty/netty-transport-native-unix-common/4.1.30.Final/netty-transport-native-unix-common-4.1.30.Final.jar:/home/user/.m2/repository/io/grpc/grpc-protobuf/1.17.1/grpc-protobuf-1.17.1.jar:/home/user/.m2/repository/com/google/api/grpc/proto-google-common-protos/1.0.0/proto-google-common-protos-1.0.0.jar:/home/user/.m2/repository/io/grpc/grpc-protobuf-lite/1.17.1/grpc-protobuf-lite-1.17.1.jar:/home/user/.m2/repository/io/grpc/grpc-stub/1.17.1/grpc-stub-1.17.1.jar:/home/user/.m2/repository/org/apache/hadoop/hadoop-ozone-recon/0.5.0-SNAPSHOT/hadoop-ozone-recon-0.5.0-SNAPSHOT.jar:/home/user/.m2/repository/org/apache/hadoop/hadoop-ozone-reconcodegen/0.5.0-SNAPSHOT/hadoop-ozone-reconcodegen-0.5.0-SNAPSHOT.jar:/home/user/.m2/repository/com/google/inject/extensions/guice-multibindings/4.0/guice-multibindings-4.0.jar:/home/user/.m2/repository/com/google/inject/guice/4.0/guice-4.0.jar:/home/user/.m2/repository/aopalliance/aopalliance/1.0/aopalliance-1.0.jar:/home/user/.m2/repository/org/glassfish/jersey/containers/jersey-container-servlet/2.27/jersey-container-servlet-2.27.jar:/home/user/.m2/repository/org/glassfish/hk2/guice-bridge/2.5.0/guice-bridge-2.5.0.jar:/home/user/.m2/repository/org/glassfish/jersey/core/jersey-server/2.27/jersey-server-2.27.jar:/home/user/.m2/repository/org/glassfish/jersey/core/jersey-client/2.27/jersey-client-2.27.jar:/home/user/.m2/repository/org/glassfish/jersey/media/jersey-media-jaxb/2.27/jersey-media-jaxb-2.27.jar:/home/user/.m2/repository/javax/validation/validation-api/1.1.0.Final/validation-api-1.1.0.Final.jar:/home/user/.m2/repository/org/glassfish/jersey/media/jersey-media-json-jackson/2.27/jersey-media-json-jackson-2.27.jar:/home/user/.m2/repository/org/glassfish/jersey/ext/jersey-entity-filtering/2.27/jersey-entity-filtering-2.27.jar:/home/user/.m2/repository/com/google/inject/extensions/guice-assistedinject/4.0/guice-assistedinject-4.0.jar:/home/user/.m2/repository/org/jooq/jooq/3.11.10/jooq-3.11.10.jar:/home/user/.m2/repository/org/jooq/jooq-meta/3.11.10/jooq-meta-3.11.10.jar:/home/user/.m2/repository/org/jooq/jooq-codegen/3.11.10/jooq-codegen-3.11.10.jar:/home/user/.m2/repository/com/jolbox/bonecp/0.8.0.RELEASE/bonecp-0.8.0.RELEASE.jar:/home/user/.m2/repository/org/springframework/spring-jdbc/5.1.3.RELEASE/spring-jdbc-5.1.3.RELEASE.jar:/home/user/.m2/repository/org/springframework/spring-beans/5.1.3.RELEASE/spring-beans-5.1.3.RELEASE.jar:/home/user/.m2/repository/org/springframework/spring-core/5.1.3.RELEASE/spring-core-5.1.3.RELEASE.jar:/home/user/.m2/repository/org/springframework/spring-jcl/5.1.3.RELEASE/spring-jcl-5.1.3.RELEASE.jar:/home/user/.m2/repository/org/springframework/spring-tx/5.1.3.RELEASE/spring-tx-5.1.3.RELEASE.jar:/home/user/.m2/repository/org/mockito/mockito-all/1.10.19/mockito-all-1.10.19.jar:/home/user/.m2/repository/junit/junit/4.11/junit-4.11.jar:/home/user/.m2/repository/org/hamcrest/hamcrest-core/1.3/hamcrest-core-1.3.jar:/home/user/.m2/repository/org/apache/hadoop/hadoop-distcp/3.2.0/hadoop-distcp-3.2.0.jar:/home/user/.m2/repository/org/apache/hadoop/hadoop-distcp/3.2.0/hadoop-distcp-3.2.0-tests.jar:/home/user/.m2/repository/org/apache/hadoop/hadoop-mapreduce-client-jobclient/3.2.0/hadoop-mapreduce-client-jobclient-3.2.0.jar:/home/user/.m2/repository/org/apache/hadoop/hadoop-mapreduce-client-common/3.2.0/hadoop-mapreduce-client-common-3.2.0.jar:/home/user/.m2/repository/org/apache/hadoop/hadoop-yarn-common/3.2.0/hadoop-yarn-common-3.2.0.jar:/home/user/.m2/repository/org/apache/hadoop/hadoop-yarn-api/3.2.0/hadoop-yarn-api-3.2.0.jar:/home/user/.m2/repository/com/sun/jersey/jersey-client/1.19/jersey-client-1.19.jar:/home/user/.m2/repository/com/sun/jersey/contribs/jersey-guice/1.19/jersey-guice-1.19.jar:/home/user/.m2/repository/com/fasterxml/jackson/jaxrs/jackson-jaxrs-json-provider/2.9.5/jackson-jaxrs-json-provider-2.9.5.jar:/home/user/.m2/repository/com/fasterxml/jackson/jaxrs/jackson-jaxrs-base/2.9.5/jackson-jaxrs-base-2.9.5.jar:/home/user/.m2/repository/org/apache/hadoop/hadoop-yarn-client/3.2.0/hadoop-yarn-client-3.2.0.jar:/home/user/.m2/repository/org/apache/hadoop/hadoop-mapreduce-client-core/3.2.0/hadoop-mapreduce-client-core-3.2.0.jar:/home/user/.m2/repository/com/google/inject/extensions/guice-servlet/4.0/guice-servlet-4.0.jar:/home/user/.m2/repository/org/powermock/powermock-module-junit4/1.6.5/powermock-module-junit4-1.6.5.jar:/home/user/.m2/repository/org/powermock/powermock-module-junit4-common/1.6.5/powermock-module-junit4-common-1.6.5.jar:/home/user/.m2/repository/org/powermock/powermock-core/1.6.5/powermock-core-1.6.5.jar:/home/user/.m2/repository/org/powermock/powermock-reflect/1.6.5/powermock-reflect-1.6.5.jar:/home/user/.m2/repository/org/powermock/powermock-api-mockito/1.6.5/powermock-api-mockito-1.6.5.jar:/home/user/.m2/repository/org/mockito/mockito-core/1.10.19/mockito-core-1.10.19.jar:/home/user/.m2/repository/org/objenesis/objenesis/1.0/objenesis-1.0.jar:/home/user/.m2/repository/org/powermock/powermock-api-mockito-common/1.6.5/powermock-api-mockito-common-1.6.5.jar:/home/user/.m2/repository/org/powermock/powermock-api-support/1.6.5/powermock-api-support-1.6.5.jar:"/>
    <property name="java.vm.vendor" value="IcedTea"/>
    <property name="sun.arch.data.model" value="64"/>
    <property name="test.build.dir" value="/workdir/hadoop-ozone/ozonefs/target/test-dir"/>
    <property name="test.cache.data" value=""/>
    <property name="java.vendor.url" value="https://icedtea.classpath.org"/>
    <property name="user.timezone" value=""/>
    <property name="java.vm.specification.version" value="1.8"/>
    <property name="os.name" value="Linux"/>
    <property name="test.build.data" value="/workdir/hadoop-ozone/ozonefs/target/test-dir"/>
    <property name="user.country" value="US"/>
    <property name="sun.java.launcher" value="SUN_STANDARD"/>
    <property name="sun.boot.library.path" value="/usr/lib/jvm/java-1.8-openjdk/jre/lib/amd64"/>
    <property name="sun.java.command" value="/workdir/hadoop-ozone/ozonefs/target/surefire/surefirebooter8792470035918357857.jar /workdir/hadoop-ozone/ozonefs/target/surefire 2019-09-20T09-23-56_214-jvmRun1 surefire876056330138753182tmp surefire_1004738366570829264420tmp"/>
    <property name="test" value="!TestMiniChaosOzoneCluster"/>
    <property name="surefire.test.class.path" value="/workdir/hadoop-ozone/ozonefs/target/test-classes:/workdir/hadoop-ozone/ozonefs/target/classes:/home/user/.m2/repository/org/apache/hadoop/hadoop-common/3.2.0/hadoop-common-3.2.0.jar:/home/user/.m2/repository/org/apache/hadoop/hadoop-annotations/3.2.0/hadoop-annotations-3.2.0.jar:/usr/lib/jvm/java-1.8-openjdk/jre/../lib/tools.jar:/home/user/.m2/repository/com/google/guava/guava/11.0.2/guava-11.0.2.jar:/home/user/.m2/repository/commons-cli/commons-cli/1.2/commons-cli-1.2.jar:/home/user/.m2/repository/org/apache/commons/commons-math3/3.1.1/commons-math3-3.1.1.jar:/home/user/.m2/repository/org/apache/httpcomponents/httpclient/4.5.2/httpclient-4.5.2.jar:/home/user/.m2/repository/org/apache/httpcomponents/httpcore/4.4.4/httpcore-4.4.4.jar:/home/user/.m2/repository/commons-codec/commons-codec/1.11/commons-codec-1.11.jar:/home/user/.m2/repository/commons-io/commons-io/2.5/commons-io-2.5.jar:/home/user/.m2/repository/commons-net/commons-net/3.6/commons-net-3.6.jar:/home/user/.m2/repository/commons-collections/commons-collections/3.2.2/commons-collections-3.2.2.jar:/home/user/.m2/repository/javax/servlet/javax.servlet-api/3.1.0/javax.servlet-api-3.1.0.jar:/home/user/.m2/repository/org/eclipse/jetty/jetty-server/9.3.24.v20180605/jetty-server-9.3.24.v20180605.jar:/home/user/.m2/repository/org/eclipse/jetty/jetty-http/9.3.24.v20180605/jetty-http-9.3.24.v20180605.jar:/home/user/.m2/repository/org/eclipse/jetty/jetty-io/9.3.24.v20180605/jetty-io-9.3.24.v20180605.jar:/home/user/.m2/repository/org/eclipse/jetty/jetty-util/9.3.24.v20180605/jetty-util-9.3.24.v20180605.jar:/home/user/.m2/repository/org/eclipse/jetty/jetty-servlet/9.3.24.v20180605/jetty-servlet-9.3.24.v20180605.jar:/home/user/.m2/repository/org/eclipse/jetty/jetty-security/9.3.24.v20180605/jetty-security-9.3.24.v20180605.jar:/home/user/.m2/repository/org/eclipse/jetty/jetty-webapp/9.3.24.v20180605/jetty-webapp-9.3.24.v20180605.jar:/home/user/.m2/repository/org/eclipse/jetty/jetty-xml/9.3.24.v20180605/jetty-xml-9.3.24.v20180605.jar:/home/user/.m2/repository/javax/servlet/jsp/jsp-api/2.1/jsp-api-2.1.jar:/home/user/.m2/repository/com/sun/jersey/jersey-core/1.19/jersey-core-1.19.jar:/home/user/.m2/repository/javax/ws/rs/jsr311-api/1.1.1/jsr311-api-1.1.1.jar:/home/user/.m2/repository/com/sun/jersey/jersey-servlet/1.19/jersey-servlet-1.19.jar:/home/user/.m2/repository/com/sun/jersey/jersey-json/1.19/jersey-json-1.19.jar:/home/user/.m2/repository/org/codehaus/jettison/jettison/1.1/jettison-1.1.jar:/home/user/.m2/repository/com/sun/xml/bind/jaxb-impl/2.3.0.1/jaxb-impl-2.3.0.1.jar:/home/user/.m2/repository/org/codehaus/jackson/jackson-core-asl/1.9.13/jackson-core-asl-1.9.13.jar:/home/user/.m2/repository/org/codehaus/jackson/jackson-mapper-asl/1.9.13/jackson-mapper-asl-1.9.13.jar:/home/user/.m2/repository/org/codehaus/jackson/jackson-jaxrs/1.9.13/jackson-jaxrs-1.9.13.jar:/home/user/.m2/repository/org/codehaus/jackson/jackson-xc/1.9.13/jackson-xc-1.9.13.jar:/home/user/.m2/repository/com/sun/jersey/jersey-server/1.19/jersey-server-1.19.jar:/home/user/.m2/repository/commons-logging/commons-logging/1.1.3/commons-logging-1.1.3.jar:/home/user/.m2/repository/log4j/log4j/1.2.17/log4j-1.2.17.jar:/home/user/.m2/repository/commons-beanutils/commons-beanutils/1.9.3/commons-beanutils-1.9.3.jar:/home/user/.m2/repository/org/apache/commons/commons-configuration2/2.1.1/commons-configuration2-2.1.1.jar:/home/user/.m2/repository/org/apache/commons/commons-lang3/3.7/commons-lang3-3.7.jar:/home/user/.m2/repository/org/apache/commons/commons-text/1.4/commons-text-1.4.jar:/home/user/.m2/repository/org/slf4j/slf4j-api/1.7.25/slf4j-api-1.7.25.jar:/home/user/.m2/repository/org/slf4j/slf4j-log4j12/1.7.25/slf4j-log4j12-1.7.25.jar:/home/user/.m2/repository/org/apache/avro/avro/1.7.7/avro-1.7.7.jar:/home/user/.m2/repository/com/thoughtworks/paranamer/paranamer/2.3/paranamer-2.3.jar:/home/user/.m2/repository/org/xerial/snappy/snappy-java/1.0.5/snappy-java-1.0.5.jar:/home/user/.m2/repository/com/google/re2j/re2j/1.1/re2j-1.1.jar:/home/user/.m2/repository/com/google/protobuf/protobuf-java/2.5.0/protobuf-java-2.5.0.jar:/home/user/.m2/repository/com/google/code/gson/gson/2.2.4/gson-2.2.4.jar:/home/user/.m2/repository/org/apache/hadoop/hadoop-auth/3.2.0/hadoop-auth-3.2.0.jar:/home/user/.m2/repository/com/nimbusds/nimbus-jose-jwt/4.41.1/nimbus-jose-jwt-4.41.1.jar:/home/user/.m2/repository/com/github/stephenc/jcip/jcip-annotations/1.0-1/jcip-annotations-1.0-1.jar:/home/user/.m2/repository/net/minidev/json-smart/2.3/json-smart-2.3.jar:/home/user/.m2/repository/net/minidev/accessors-smart/1.2/accessors-smart-1.2.jar:/home/user/.m2/repository/org/apache/curator/curator-framework/2.12.0/curator-framework-2.12.0.jar:/home/user/.m2/repository/com/jcraft/jsch/0.1.54/jsch-0.1.54.jar:/home/user/.m2/repository/org/apache/curator/curator-client/2.12.0/curator-client-2.12.0.jar:/home/user/.m2/repository/org/apache/curator/curator-recipes/2.12.0/curator-recipes-2.12.0.jar:/home/user/.m2/repository/com/google/code/findbugs/jsr305/3.0.0/jsr305-3.0.0.jar:/home/user/.m2/repository/org/apache/htrace/htrace-core4/4.1.0-incubating/htrace-core4-4.1.0-incubating.jar:/home/user/.m2/repository/org/apache/zookeeper/zookeeper/3.4.13/zookeeper-3.4.13.jar:/home/user/.m2/repository/org/apache/yetus/audience-annotations/0.5.0/audience-annotations-0.5.0.jar:/home/user/.m2/repository/org/apache/commons/commons-compress/1.4.1/commons-compress-1.4.1.jar:/home/user/.m2/repository/org/tukaani/xz/1.0/xz-1.0.jar:/home/user/.m2/repository/org/apache/kerby/kerb-simplekdc/1.0.1/kerb-simplekdc-1.0.1.jar:/home/user/.m2/repository/org/apache/kerby/kerb-client/1.0.1/kerb-client-1.0.1.jar:/home/user/.m2/repository/org/apache/kerby/kerby-config/1.0.1/kerby-config-1.0.1.jar:/home/user/.m2/repository/org/apache/kerby/kerb-core/1.0.1/kerb-core-1.0.1.jar:/home/user/.m2/repository/org/apache/kerby/kerby-pkix/1.0.1/kerby-pkix-1.0.1.jar:/home/user/.m2/repository/org/apache/kerby/kerby-asn1/1.0.1/kerby-asn1-1.0.1.jar:/home/user/.m2/repository/org/apache/kerby/kerby-util/1.0.1/kerby-util-1.0.1.jar:/home/user/.m2/repository/org/apache/kerby/kerb-common/1.0.1/kerb-common-1.0.1.jar:/home/user/.m2/repository/org/apache/kerby/kerb-crypto/1.0.1/kerb-crypto-1.0.1.jar:/home/user/.m2/repository/org/apache/kerby/kerb-util/1.0.1/kerb-util-1.0.1.jar:/home/user/.m2/repository/org/apache/kerby/token-provider/1.0.1/token-provider-1.0.1.jar:/home/user/.m2/repository/org/apache/kerby/kerb-admin/1.0.1/kerb-admin-1.0.1.jar:/home/user/.m2/repository/org/apache/kerby/kerb-server/1.0.1/kerb-server-1.0.1.jar:/home/user/.m2/repository/org/apache/kerby/kerb-identity/1.0.1/kerb-identity-1.0.1.jar:/home/user/.m2/repository/org/apache/kerby/kerby-xdr/1.0.1/kerby-xdr-1.0.1.jar:/home/user/.m2/repository/com/fasterxml/jackson/core/jackson-databind/2.9.5/jackson-databind-2.9.5.jar:/home/user/.m2/repository/com/fasterxml/jackson/core/jackson-annotations/2.9.5/jackson-annotations-2.9.5.jar:/home/user/.m2/repository/com/fasterxml/jackson/core/jackson-core/2.9.5/jackson-core-2.9.5.jar:/home/user/.m2/repository/org/codehaus/woodstox/stax2-api/3.1.4/stax2-api-3.1.4.jar:/home/user/.m2/repository/com/fasterxml/woodstox/woodstox-core/5.0.3/woodstox-core-5.0.3.jar:/home/user/.m2/repository/dnsjava/dnsjava/2.1.7/dnsjava-2.1.7.jar:/home/user/.m2/repository/org/apache/hadoop/hadoop-hdfs/3.2.0/hadoop-hdfs-3.2.0.jar:/home/user/.m2/repository/org/eclipse/jetty/jetty-util-ajax/9.3.24.v20180605/jetty-util-ajax-9.3.24.v20180605.jar:/home/user/.m2/repository/commons-daemon/commons-daemon/1.0.13/commons-daemon-1.0.13.jar:/home/user/.m2/repository/io/netty/netty/3.10.5.Final/netty-3.10.5.Final.jar:/home/user/.m2/repository/io/netty/netty-all/4.0.52.Final/netty-all-4.0.52.Final.jar:/home/user/.m2/repository/org/fusesource/leveldbjni/leveldbjni-all/1.8/leveldbjni-all-1.8.jar:/home/user/.m2/repository/org/apache/hadoop/hadoop-hdds-common/0.5.0-SNAPSHOT/hadoop-hdds-common-0.5.0-SNAPSHOT.jar:/home/user/.m2/repository/org/apache/hadoop/hadoop-hdds-config/0.5.0-SNAPSHOT/hadoop-hdds-config-0.5.0-SNAPSHOT.jar:/home/user/.m2/repository/javax/annotation/javax.annotation-api/1.2/javax.annotation-api-1.2.jar:/home/user/.m2/repository/org/apache/ratis/ratis-server/0.4.0-2337318-SNAPSHOT/ratis-server-0.4.0-2337318-SNAPSHOT.jar:/home/user/.m2/repository/org/apache/ratis/ratis-thirdparty-misc/0.2.0/ratis-thirdparty-misc-0.2.0.jar:/home/user/.m2/repository/org/apache/ratis/ratis-proto/0.4.0-2337318-SNAPSHOT/ratis-proto-0.4.0-2337318-SNAPSHOT.jar:/home/user/.m2/repository/org/apache/ratis/ratis-common/0.4.0-2337318-SNAPSHOT/ratis-common-0.4.0-2337318-SNAPSHOT.jar:/home/user/.m2/repository/org/apache/ratis/ratis-client/0.4.0-2337318-SNAPSHOT/ratis-client-0.4.0-2337318-SNAPSHOT.jar:/home/user/.m2/repository/org/apache/ratis/ratis-metrics/0.4.0-2337318-SNAPSHOT/ratis-metrics-0.4.0-2337318-SNAPSHOT.jar:/home/user/.m2/repository/org/apache/ratis/ratis-netty/0.4.0-2337318-SNAPSHOT/ratis-netty-0.4.0-2337318-SNAPSHOT.jar:/home/user/.m2/repository/org/apache/ratis/ratis-grpc/0.4.0-2337318-SNAPSHOT/ratis-grpc-0.4.0-2337318-SNAPSHOT.jar:/home/user/.m2/repository/org/rocksdb/rocksdbjni/6.0.1/rocksdbjni-6.0.1.jar:/home/user/.m2/repository/org/apache/logging/log4j/log4j-api/2.11.0/log4j-api-2.11.0.jar:/home/user/.m2/repository/org/apache/logging/log4j/log4j-core/2.11.0/log4j-core-2.11.0.jar:/home/user/.m2/repository/com/lmax/disruptor/3.4.2/disruptor-3.4.2.jar:/home/user/.m2/repository/org/apache/commons/commons-pool2/2.6.0/commons-pool2-2.6.0.jar:/home/user/.m2/repository/org/bouncycastle/bcpkix-jdk15on/1.60/bcpkix-jdk15on-1.60.jar:/home/user/.m2/repository/commons-validator/commons-validator/1.6/commons-validator-1.6.jar:/home/user/.m2/repository/commons-digester/commons-digester/1.8.1/commons-digester-1.8.1.jar:/home/user/.m2/repository/io/jaegertracing/jaeger-client/0.33.1/jaeger-client-0.33.1.jar:/home/user/.m2/repository/io/jaegertracing/jaeger-thrift/0.33.1/jaeger-thrift-0.33.1.jar:/home/user/.m2/repository/org/apache/thrift/libthrift/0.11.0/libthrift-0.11.0.jar:/home/user/.m2/repository/com/squareup/okhttp3/okhttp/3.9.0/okhttp-3.9.0.jar:/home/user/.m2/repository/com/squareup/okio/okio/1.13.0/okio-1.13.0.jar:/home/user/.m2/repository/io/jaegertracing/jaeger-core/0.33.1/jaeger-core-0.33.1.jar:/home/user/.m2/repository/io/jaegertracing/jaeger-tracerresolver/0.33.1/jaeger-tracerresolver-0.33.1.jar:/home/user/.m2/repository/io/opentracing/contrib/opentracing-tracerresolver/0.1.5/opentracing-tracerresolver-0.1.5.jar:/home/user/.m2/repository/io/opentracing/opentracing-util/0.31.0/opentracing-util-0.31.0.jar:/home/user/.m2/repository/io/opentracing/opentracing-api/0.31.0/opentracing-api-0.31.0.jar:/home/user/.m2/repository/io/opentracing/opentracing-noop/0.31.0/opentracing-noop-0.31.0.jar:/home/user/.m2/repository/org/yaml/snakeyaml/1.16/snakeyaml-1.16.jar:/home/user/.m2/repository/org/apache/hadoop/hadoop-hdfs-client/3.2.0/hadoop-hdfs-client-3.2.0.jar:/home/user/.m2/repository/info/picocli/picocli/3.9.6/picocli-3.9.6.jar:/home/user/.m2/repository/org/apache/hadoop/hadoop-hdds-server-scm/0.5.0-SNAPSHOT/hadoop-hdds-server-scm-0.5.0-SNAPSHOT.jar:/home/user/.m2/repository/org/apache/hadoop/hadoop-hdds-docs/0.5.0-SNAPSHOT/hadoop-hdds-docs-0.5.0-SNAPSHOT.jar:/home/user/.m2/repository/io/dropwizard/metrics/metrics-core/3.2.4/metrics-core-3.2.4.jar:/home/user/.m2/repository/org/hamcrest/hamcrest-all/1.3/hamcrest-all-1.3.jar:/home/user/.m2/repository/org/bouncycastle/bcprov-jdk15on/1.60/bcprov-jdk15on-1.60.jar:/home/user/.m2/repository/org/apache/hadoop/hadoop-hdds-server-framework/0.5.0-SNAPSHOT/hadoop-hdds-server-framework-0.5.0-SNAPSHOT.jar:/home/user/.m2/repository/org/apache/hadoop/hadoop-ozone-ozone-manager/0.5.0-SNAPSHOT/hadoop-ozone-ozone-manager-0.5.0-SNAPSHOT.jar:/home/user/.m2/repository/org/apache/hadoop/hadoop-hdds-container-service/0.5.0-SNAPSHOT/hadoop-hdds-container-service-0.5.0-SNAPSHOT.jar:/home/user/.m2/repository/org/apache/hadoop/hadoop-hdds-client/0.5.0-SNAPSHOT/hadoop-hdds-client-0.5.0-SNAPSHOT.jar:/home/user/.m2/repository/org/apache/hadoop/hadoop-ozone-common/0.5.0-SNAPSHOT/hadoop-ozone-common-0.5.0-SNAPSHOT.jar:/home/user/.m2/repository/org/apache/hadoop/hadoop-hdds-tools/0.5.0-SNAPSHOT/hadoop-hdds-tools-0.5.0-SNAPSHOT.jar:/home/user/.m2/repository/org/xerial/sqlite-jdbc/3.25.2/sqlite-jdbc-3.25.2.jar:/home/user/.m2/repository/org/apache/hadoop/hadoop-ozone-objectstore-service/0.5.0-SNAPSHOT/hadoop-ozone-objectstore-service-0.5.0-SNAPSHOT.jar:/home/user/.m2/repository/com/google/code/findbugs/findbugs/3.0.1/findbugs-3.0.1.jar:/home/user/.m2/repository/net/jcip/jcip-annotations/1.0/jcip-annotations-1.0.jar:/home/user/.m2/repository/com/google/code/findbugs/bcel-findbugs/6.0/bcel-findbugs-6.0.jar:/home/user/.m2/repository/com/google/code/findbugs/jFormatString/2.0.1/jFormatString-2.0.1.jar:/home/user/.m2/repository/dom4j/dom4j/1.6.1/dom4j-1.6.1.jar:/home/user/.m2/repository/xml-apis/xml-apis/1.0.b2/xml-apis-1.0.b2.jar:/home/user/.m2/repository/org/ow2/asm/asm-debug-all/5.0.2/asm-debug-all-5.0.2.jar:/home/user/.m2/repository/org/ow2/asm/asm-commons/5.0.2/asm-commons-5.0.2.jar:/home/user/.m2/repository/org/ow2/asm/asm-tree/5.0.2/asm-tree-5.0.2.jar:/home/user/.m2/repository/org/ow2/asm/asm/5.0.4/asm-5.0.4.jar:/home/user/.m2/repository/commons-lang/commons-lang/2.6/commons-lang-2.6.jar:/home/user/.m2/repository/com/apple/AppleJavaExtensions/1.4/AppleJavaExtensions-1.4.jar:/home/user/.m2/repository/jaxen/jaxen/1.1.6/jaxen-1.1.6.jar:/home/user/.m2/repository/org/apache/hadoop/hadoop-common/3.2.0/hadoop-common-3.2.0-tests.jar:/home/user/.m2/repository/org/apache/hadoop/hadoop-ozone-client/0.5.0-SNAPSHOT/hadoop-ozone-client-0.5.0-SNAPSHOT.jar:/home/user/.m2/repository/org/apache/hadoop/hadoop-hdfs/3.2.0/hadoop-hdfs-3.2.0-tests.jar:/workdir/hadoop-ozone/integration-test/target/test-classes:/home/user/.m2/repository/org/apache/hadoop/hadoop-ozone-s3gateway/0.5.0-SNAPSHOT/hadoop-ozone-s3gateway-0.5.0-SNAPSHOT.jar:/home/user/.m2/repository/org/jboss/weld/servlet/weld-servlet/2.4.7.Final/weld-servlet-2.4.7.Final.jar:/home/user/.m2/repository/org/glassfish/jersey/containers/jersey-container-servlet-core/2.27/jersey-container-servlet-core-2.27.jar:/home/user/.m2/repository/org/glassfish/hk2/external/javax.inject/2.5.0-b42/javax.inject-2.5.0-b42.jar:/home/user/.m2/repository/org/glassfish/jersey/core/jersey-common/2.27/jersey-common-2.27.jar:/home/user/.m2/repository/org/glassfish/hk2/osgi-resource-locator/1.0.1/osgi-resource-locator-1.0.1.jar:/home/user/.m2/repository/javax/ws/rs/javax.ws.rs-api/2.1/javax.ws.rs-api-2.1.jar:/home/user/.m2/repository/org/glassfish/jersey/ext/cdi/jersey-cdi1x/2.27/jersey-cdi1x-2.27.jar:/home/user/.m2/repository/org/glassfish/jersey/inject/jersey-hk2/2.27/jersey-hk2-2.27.jar:/home/user/.m2/repository/org/glassfish/hk2/hk2-locator/2.5.0-b42/hk2-locator-2.5.0-b42.jar:/home/user/.m2/repository/org/javassist/javassist/3.22.0-CR2/javassist-3.22.0-CR2.jar:/home/user/.m2/repository/org/glassfish/hk2/hk2-api/2.5.0/hk2-api-2.5.0.jar:/home/user/.m2/repository/org/glassfish/hk2/external/jakarta.inject/2.5.0/jakarta.inject-2.5.0.jar:/home/user/.m2/repository/org/glassfish/hk2/hk2-utils/2.5.0/hk2-utils-2.5.0.jar:/home/user/.m2/repository/jakarta/annotation/jakarta.annotation-api/1.3.4/jakarta.annotation-api-1.3.4.jar:/home/user/.m2/repository/org/glassfish/hk2/external/aopalliance-repackaged/2.5.0/aopalliance-repackaged-2.5.0.jar:/home/user/.m2/repository/com/fasterxml/jackson/dataformat/jackson-dataformat-xml/2.9.0/jackson-dataformat-xml-2.9.0.jar:/home/user/.m2/repository/com/fasterxml/jackson/module/jackson-module-jaxb-annotations/2.9.5/jackson-module-jaxb-annotations-2.9.5.jar:/home/user/.m2/repository/javax/enterprise/cdi-api/1.2/cdi-api-1.2.jar:/home/user/.m2/repository/javax/el/javax.el-api/3.0.0/javax.el-api-3.0.0.jar:/home/user/.m2/repository/javax/interceptor/javax.interceptor-api/1.2/javax.interceptor-api-1.2.jar:/home/user/.m2/repository/javax/inject/javax.inject/1/javax.inject-1.jar:/home/user/.m2/repository/com/sun/xml/bind/jaxb-core/2.3.0.1/jaxb-core-2.3.0.1.jar:/home/user/.m2/repository/javax/xml/bind/jaxb-api/2.3.0/jaxb-api-2.3.0.jar:/home/user/.m2/repository/javax/activation/activation/1.1.1/activation-1.1.1.jar:/home/user/.m2/repository/org/apache/hadoop/hadoop-ozone-csi/0.5.0-SNAPSHOT/hadoop-ozone-csi-0.5.0-SNAPSHOT.jar:/home/user/.m2/repository/com/google/protobuf/protobuf-java-util/3.5.1/protobuf-java-util-3.5.1.jar:/home/user/.m2/repository/io/grpc/grpc-netty/1.17.1/grpc-netty-1.17.1.jar:/home/user/.m2/repository/io/grpc/grpc-core/1.17.1/grpc-core-1.17.1.jar:/home/user/.m2/repository/io/grpc/grpc-context/1.17.1/grpc-context-1.17.1.jar:/home/user/.m2/repository/com/google/errorprone/error_prone_annotations/2.2.0/error_prone_annotations-2.2.0.jar:/home/user/.m2/repository/org/codehaus/mojo/animal-sniffer-annotations/1.17/animal-sniffer-annotations-1.17.jar:/home/user/.m2/repository/io/opencensus/opencensus-api/0.17.0/opencensus-api-0.17.0.jar:/home/user/.m2/repository/io/opencensus/opencensus-contrib-grpc-metrics/0.17.0/opencensus-contrib-grpc-metrics-0.17.0.jar:/home/user/.m2/repository/io/netty/netty-codec-http2/4.1.30.Final/netty-codec-http2-4.1.30.Final.jar:/home/user/.m2/repository/io/netty/netty-codec-http/4.1.30.Final/netty-codec-http-4.1.30.Final.jar:/home/user/.m2/repository/io/netty/netty-codec/4.1.30.Final/netty-codec-4.1.30.Final.jar:/home/user/.m2/repository/io/netty/netty-handler/4.1.30.Final/netty-handler-4.1.30.Final.jar:/home/user/.m2/repository/io/netty/netty-handler-proxy/4.1.30.Final/netty-handler-proxy-4.1.30.Final.jar:/home/user/.m2/repository/io/netty/netty-codec-socks/4.1.30.Final/netty-codec-socks-4.1.30.Final.jar:/home/user/.m2/repository/io/netty/netty-transport-native-epoll/4.1.30.Final/netty-transport-native-epoll-4.1.30.Final.jar:/home/user/.m2/repository/io/netty/netty-common/4.1.30.Final/netty-common-4.1.30.Final.jar:/home/user/.m2/repository/io/netty/netty-buffer/4.1.30.Final/netty-buffer-4.1.30.Final.jar:/home/user/.m2/repository/io/netty/netty-transport/4.1.30.Final/netty-transport-4.1.30.Final.jar:/home/user/.m2/repository/io/netty/netty-resolver/4.1.30.Final/netty-resolver-4.1.30.Final.jar:/home/user/.m2/repository/io/netty/netty-transport-native-unix-common/4.1.30.Final/netty-transport-native-unix-common-4.1.30.Final.jar:/home/user/.m2/repository/io/grpc/grpc-protobuf/1.17.1/grpc-protobuf-1.17.1.jar:/home/user/.m2/repository/com/google/api/grpc/proto-google-common-protos/1.0.0/proto-google-common-protos-1.0.0.jar:/home/user/.m2/repository/io/grpc/grpc-protobuf-lite/1.17.1/grpc-protobuf-lite-1.17.1.jar:/home/user/.m2/repository/io/grpc/grpc-stub/1.17.1/grpc-stub-1.17.1.jar:/home/user/.m2/repository/org/apache/hadoop/hadoop-ozone-recon/0.5.0-SNAPSHOT/hadoop-ozone-recon-0.5.0-SNAPSHOT.jar:/home/user/.m2/repository/org/apache/hadoop/hadoop-ozone-reconcodegen/0.5.0-SNAPSHOT/hadoop-ozone-reconcodegen-0.5.0-SNAPSHOT.jar:/home/user/.m2/repository/com/google/inject/extensions/guice-multibindings/4.0/guice-multibindings-4.0.jar:/home/user/.m2/repository/com/google/inject/guice/4.0/guice-4.0.jar:/home/user/.m2/repository/aopalliance/aopalliance/1.0/aopalliance-1.0.jar:/home/user/.m2/repository/org/glassfish/jersey/containers/jersey-container-servlet/2.27/jersey-container-servlet-2.27.jar:/home/user/.m2/repository/org/glassfish/hk2/guice-bridge/2.5.0/guice-bridge-2.5.0.jar:/home/user/.m2/repository/org/glassfish/jersey/core/jersey-server/2.27/jersey-server-2.27.jar:/home/user/.m2/repository/org/glassfish/jersey/core/jersey-client/2.27/jersey-client-2.27.jar:/home/user/.m2/repository/org/glassfish/jersey/media/jersey-media-jaxb/2.27/jersey-media-jaxb-2.27.jar:/home/user/.m2/repository/javax/validation/validation-api/1.1.0.Final/validation-api-1.1.0.Final.jar:/home/user/.m2/repository/org/glassfish/jersey/media/jersey-media-json-jackson/2.27/jersey-media-json-jackson-2.27.jar:/home/user/.m2/repository/org/glassfish/jersey/ext/jersey-entity-filtering/2.27/jersey-entity-filtering-2.27.jar:/home/user/.m2/repository/com/google/inject/extensions/guice-assistedinject/4.0/guice-assistedinject-4.0.jar:/home/user/.m2/repository/org/jooq/jooq/3.11.10/jooq-3.11.10.jar:/home/user/.m2/repository/org/jooq/jooq-meta/3.11.10/jooq-meta-3.11.10.jar:/home/user/.m2/repository/org/jooq/jooq-codegen/3.11.10/jooq-codegen-3.11.10.jar:/home/user/.m2/repository/com/jolbox/bonecp/0.8.0.RELEASE/bonecp-0.8.0.RELEASE.jar:/home/user/.m2/repository/org/springframework/spring-jdbc/5.1.3.RELEASE/spring-jdbc-5.1.3.RELEASE.jar:/home/user/.m2/repository/org/springframework/spring-beans/5.1.3.RELEASE/spring-beans-5.1.3.RELEASE.jar:/home/user/.m2/repository/org/springframework/spring-core/5.1.3.RELEASE/spring-core-5.1.3.RELEASE.jar:/home/user/.m2/repository/org/springframework/spring-jcl/5.1.3.RELEASE/spring-jcl-5.1.3.RELEASE.jar:/home/user/.m2/repository/org/springframework/spring-tx/5.1.3.RELEASE/spring-tx-5.1.3.RELEASE.jar:/home/user/.m2/repository/org/mockito/mockito-all/1.10.19/mockito-all-1.10.19.jar:/home/user/.m2/repository/junit/junit/4.11/junit-4.11.jar:/home/user/.m2/repository/org/hamcrest/hamcrest-core/1.3/hamcrest-core-1.3.jar:/home/user/.m2/repository/org/apache/hadoop/hadoop-distcp/3.2.0/hadoop-distcp-3.2.0.jar:/home/user/.m2/repository/org/apache/hadoop/hadoop-distcp/3.2.0/hadoop-distcp-3.2.0-tests.jar:/home/user/.m2/repository/org/apache/hadoop/hadoop-mapreduce-client-jobclient/3.2.0/hadoop-mapreduce-client-jobclient-3.2.0.jar:/home/user/.m2/repository/org/apache/hadoop/hadoop-mapreduce-client-common/3.2.0/hadoop-mapreduce-client-common-3.2.0.jar:/home/user/.m2/repository/org/apache/hadoop/hadoop-yarn-common/3.2.0/hadoop-yarn-common-3.2.0.jar:/home/user/.m2/repository/org/apache/hadoop/hadoop-yarn-api/3.2.0/hadoop-yarn-api-3.2.0.jar:/home/user/.m2/repository/com/sun/jersey/jersey-client/1.19/jersey-client-1.19.jar:/home/user/.m2/repository/com/sun/jersey/contribs/jersey-guice/1.19/jersey-guice-1.19.jar:/home/user/.m2/repository/com/fasterxml/jackson/jaxrs/jackson-jaxrs-json-provider/2.9.5/jackson-jaxrs-json-provider-2.9.5.jar:/home/user/.m2/repository/com/fasterxml/jackson/jaxrs/jackson-jaxrs-base/2.9.5/jackson-jaxrs-base-2.9.5.jar:/home/user/.m2/repository/org/apache/hadoop/hadoop-yarn-client/3.2.0/hadoop-yarn-client-3.2.0.jar:/home/user/.m2/repository/org/apache/hadoop/hadoop-mapreduce-client-core/3.2.0/hadoop-mapreduce-client-core-3.2.0.jar:/home/user/.m2/repository/com/google/inject/extensions/guice-servlet/4.0/guice-servlet-4.0.jar:/home/user/.m2/repository/org/powermock/powermock-module-junit4/1.6.5/powermock-module-junit4-1.6.5.jar:/home/user/.m2/repository/org/powermock/powermock-module-junit4-common/1.6.5/powermock-module-junit4-common-1.6.5.jar:/home/user/.m2/repository/org/powermock/powermock-core/1.6.5/powermock-core-1.6.5.jar:/home/user/.m2/repository/org/powermock/powermock-reflect/1.6.5/powermock-reflect-1.6.5.jar:/home/user/.m2/repository/org/powermock/powermock-api-mockito/1.6.5/powermock-api-mockito-1.6.5.jar:/home/user/.m2/repository/org/mockito/mockito-core/1.10.19/mockito-core-1.10.19.jar:/home/user/.m2/repository/org/objenesis/objenesis/1.0/objenesis-1.0.jar:/home/user/.m2/repository/org/powermock/powermock-api-mockito-common/1.6.5/powermock-api-mockito-common-1.6.5.jar:/home/user/.m2/repository/org/powermock/powermock-api-support/1.6.5/powermock-api-support-1.6.5.jar:"/>
    <property name="sun.cpu.endian" value="little"/>
    <property name="user.home" value="/home/user"/>
    <property name="user.language" value="en"/>
    <property name="java.specification.vendor" value="Oracle Corporation"/>
    <property name="java.home" value="/usr/lib/jvm/java-1.8-openjdk/jre"/>
    <property name="java.security.krb5.conf" value="/workdir/hadoop-ozone/ozonefs/target/test-classes/krb5.conf"/>
    <property name="basedir" value="/workdir/hadoop-ozone/ozonefs"/>
    <property name="file.separator" value="/"/>
    <property name="line.separator" value="&#10;"/>
    <property name="java.vm.specification.vendor" value="Oracle Corporation"/>
    <property name="java.specification.name" value="Java Platform API Specification"/>
    <property name="java.awt.graphicsenv" value="sun.awt.X11GraphicsEnvironment"/>
    <property name="surefire.real.class.path" value="/workdir/hadoop-ozone/ozonefs/target/surefire/surefirebooter8792470035918357857.jar"/>
    <property name="hadoop.log.dir" value="/workdir/hadoop-ozone/ozonefs/target/log"/>
    <property name="sun.boot.class.path" value="/usr/lib/jvm/java-1.8-openjdk/jre/lib/resources.jar:/usr/lib/jvm/java-1.8-openjdk/jre/lib/rt.jar:/usr/lib/jvm/java-1.8-openjdk/jre/lib/sunrsasign.jar:/usr/lib/jvm/java-1.8-openjdk/jre/lib/jsse.jar:/usr/lib/jvm/java-1.8-openjdk/jre/lib/jce.jar:/usr/lib/jvm/java-1.8-openjdk/jre/lib/charsets.jar:/usr/lib/jvm/java-1.8-openjdk/jre/lib/jfr.jar:/usr/lib/jvm/java-1.8-openjdk/jre/classes"/>
    <property name="sun.management.compiler" value="HotSpot 64-Bit Tiered Compilers"/>
    <property name="java.runtime.version" value="1.8.0_212-b04"/>
    <property name="java.net.preferIPv4Stack" value="true"/>
    <property name="user.name" value="jenkins1000"/>
    <property name="path.separator" value=":"/>
    <property name="java.security.egd" value="file:///dev/urandom"/>
    <property name="os.version" value="3.10.0-957.12.2.el7.x86_64"/>
    <property name="java.endorsed.dirs" value="/usr/lib/jvm/java-1.8-openjdk/jre/lib/endorsed"/>
    <property name="java.runtime.name" value="OpenJDK Runtime Environment"/>
    <property name="file.encoding" value="UTF-8"/>
    <property name="java.vm.name" value="OpenJDK 64-Bit Server VM"/>
    <property name="test.build.webapps" value=""/>
    <property name="localRepository" value="/home/user/.m2/repository"/>
    <property name="java.vendor.url.bug" value="https://icedtea.classpath.org/bugzilla"/>
    <property name="java.io.tmpdir" value="/tmp"/>
    <property name="require.test.libhadoop" value=""/>
    <property name="java.version" value="1.8.0_212"/>
    <property name="user.dir" value="/workdir/hadoop-ozone/ozonefs"/>
    <property name="os.arch" value="amd64"/>
    <property name="java.vm.specification.name" value="Java Virtual Machine Specification"/>
    <property name="test.build.classes" value="/workdir/hadoop-ozone/ozonefs/target/test-classes"/>
    <property name="java.awt.printerjob" value="sun.print.PSPrinterJob"/>
    <property name="sun.os.patch.level" value="unknown"/>
    <property name="hadoop.tmp.dir" value="/workdir/hadoop-ozone/ozonefs/target/tmp"/>
    <property name="java.library.path" value="/usr/lib/jvm/java-1.8-openjdk/jre/lib/amd64/server:/usr/lib/jvm/java-1.8-openjdk/jre/lib/amd64:/usr/lib/jvm/java-1.8-openjdk/jre/../lib/amd64:/workdir/hadoop-ozone/ozonefs/target/native/target/usr/local/lib:/workdir/hadoop-ozone/ozonefs/../../hadoop-common-project/hadoop-common/target/native/target/usr/local/lib:/usr/java/packages/lib/amd64:/usr/lib64:/lib64:/lib:/usr/lib"/>
    <property name="java.vm.info" value="mixed mode"/>
    <property name="java.vendor" value="IcedTea"/>
    <property name="java.vm.version" value="25.212-b04"/>
    <property name="java.ext.dirs" value="/usr/lib/jvm/java-1.8-openjdk/jre/lib/ext:/usr/java/packages/lib/ext"/>
    <property name="sun.io.unicode.encoding" value="UnicodeLittle"/>
    <property name="java.class.version" value="52.0"/>
  </properties>
  <testcase name="testOzoneFsServiceLoader" classname="org.apache.hadoop.fs.ozone.TestOzoneFileSystem" time="24.668"/>
  <testcase name="testListStatusOnRoot" classname="org.apache.hadoop.fs.ozone.TestOzoneFileSystem" time="18.109"/>
  <testcase name="testListStatusOnSubDirs" classname="org.apache.hadoop.fs.ozone.TestOzoneFileSystem" time="17.891">
    <error message="Allocated 0 blocks. Requested 1 blocks" type="INTERNAL_ERROR org.apache.hadoop.ozone.om.exceptions.OMException">INTERNAL_ERROR org.apache.hadoop.ozone.om.exceptions.OMException: Allocated 0 blocks. Requested 1 blocks
	at org.apache.hadoop.ozone.om.protocolPB.OzoneManagerProtocolClientSideTranslatorPB.handleError(OzoneManagerProtocolClientSideTranslatorPB.java:725)
	at org.apache.hadoop.ozone.om.protocolPB.OzoneManagerProtocolClientSideTranslatorPB.createFile(OzoneManagerProtocolClientSideTranslatorPB.java:1474)
	at org.apache.hadoop.ozone.client.rpc.RpcClient.createFile(RpcClient.java:984)
	at org.apache.hadoop.ozone.client.OzoneBucket.createFile(OzoneBucket.java:535)
	at org.apache.hadoop.fs.ozone.BasicOzoneClientAdapterImpl.createFile(BasicOzoneClientAdapterImpl.java:181)
	at org.apache.hadoop.fs.ozone.BasicOzoneFileSystem.createOutputStream(BasicOzoneFileSystem.java:249)
	at org.apache.hadoop.fs.ozone.BasicOzoneFileSystem.create(BasicOzoneFileSystem.java:230)
	at org.apache.hadoop.fs.FileSystem.create(FileSystem.java:1118)
	at org.apache.hadoop.fs.FileSystem.create(FileSystem.java:1098)
	at org.apache.hadoop.fs.FileSystem.create(FileSystem.java:987)
	at org.apache.hadoop.fs.contract.ContractTestUtils.createFile(ContractTestUtils.java:633)
	at org.apache.hadoop.fs.contract.ContractTestUtils.touch(ContractTestUtils.java:669)
	at org.apache.hadoop.fs.ozone.TestOzoneFileSystem.testListStatusOnSubDirs(TestOzoneFileSystem.java:271)
	at sun.reflect.NativeMethodAccessorImpl.invoke0(Native Method)
	at sun.reflect.NativeMethodAccessorImpl.invoke(NativeMethodAccessorImpl.java:62)
	at sun.reflect.DelegatingMethodAccessorImpl.invoke(DelegatingMethodAccessorImpl.java:43)
	at java.lang.reflect.Method.invoke(Method.java:498)
	at org.junit.runners.model.FrameworkMethod$1.runReflectiveCall(FrameworkMethod.java:47)
	at org.junit.internal.runners.model.ReflectiveCallable.run(ReflectiveCallable.java:12)
	at org.junit.runners.model.FrameworkMethod.invokeExplosively(FrameworkMethod.java:44)
	at org.junit.internal.runners.statements.InvokeMethod.evaluate(InvokeMethod.java:17)
	at org.junit.internal.runners.statements.RunBefores.evaluate(RunBefores.java:26)
	at org.junit.internal.runners.statements.RunAfters.evaluate(RunAfters.java:27)
	at org.junit.internal.runners.statements.FailOnTimeout$StatementThread.run(FailOnTimeout.java:74)
</error>
    <system-out><![CDATA[2019-09-20 14:15:57,958 [Thread-538] WARN  server.ServerUtils (ServerUtils.java:getScmDbDir(145)) - ozone.scm.db.dirs is not configured. We recommend adding this setting. Falling back to ozone.metadata.dirs instead.
2019-09-20 14:15:57,978 [Thread-538] WARN  server.ServerUtils (ServerUtils.java:getScmDbDir(145)) - ozone.scm.db.dirs is not configured. We recommend adding this setting. Falling back to ozone.metadata.dirs instead.
2019-09-20 14:15:57,978 [Thread-538] WARN  server.ServerUtils (ServerUtils.java:getScmDbDir(145)) - ozone.scm.db.dirs is not configured. We recommend adding this setting. Falling back to ozone.metadata.dirs instead.
2019-09-20 14:15:57,979 [Thread-538] INFO  db.DBStoreBuilder (DBStoreBuilder.java:addTable(110)) - using custom profile for table: deletedBlocks
2019-09-20 14:15:57,979 [Thread-538] INFO  db.DBStoreBuilder (DBStoreBuilder.java:processTables(161)) - Using default column profile:DBProfile.DISK for Table:deletedBlocks
2019-09-20 14:15:57,979 [Thread-538] INFO  db.DBStoreBuilder (DBStoreBuilder.java:addTable(110)) - using custom profile for table: validCerts
2019-09-20 14:15:57,979 [Thread-538] INFO  db.DBStoreBuilder (DBStoreBuilder.java:processTables(161)) - Using default column profile:DBProfile.DISK for Table:validCerts
2019-09-20 14:15:57,980 [Thread-538] INFO  db.DBStoreBuilder (DBStoreBuilder.java:addTable(110)) - using custom profile for table: revokedCerts
2019-09-20 14:15:57,980 [Thread-538] INFO  db.DBStoreBuilder (DBStoreBuilder.java:processTables(161)) - Using default column profile:DBProfile.DISK for Table:revokedCerts
2019-09-20 14:15:57,980 [Thread-538] INFO  db.DBStoreBuilder (DBStoreBuilder.java:addTable(110)) - using custom profile for table: default
2019-09-20 14:15:57,980 [Thread-538] INFO  db.DBStoreBuilder (DBStoreBuilder.java:processTables(167)) - Using default column profile:DBProfile.DISK for Table:default
2019-09-20 14:15:57,981 [Thread-538] INFO  db.DBStoreBuilder (DBStoreBuilder.java:getDbProfile(198)) - Using default options. DBProfile.DISK
2019-09-20 14:15:58,200 [Thread-538] INFO  net.NodeSchemaLoader (NodeSchemaLoader.java:loadSchemaFromFile(125)) - Loading file from sun.misc.CompoundEnumeration@3c4bf38a
2019-09-20 14:15:58,201 [Thread-538] INFO  net.NodeSchemaLoader (NodeSchemaLoader.java:loadSchema(171)) - Loading network topology layer schema file
2019-09-20 14:15:58,207 [Thread-538] WARN  server.ServerUtils (ServerUtils.java:sanitizeUserArgs(70)) - ozone.scm.stale.node.interval value = 300000 is larger than max = 100000 based on the key value of ozone.scm.heartbeat.thread.interval, reset to the max value 100000.
2019-09-20 14:15:58,207 [Thread-538] WARN  server.ServerUtils (ServerUtils.java:sanitizeUserArgs(70)) - ozone.scm.stale.node.interval value = 300000 is larger than max = 100000 based on the key value of ozone.scm.heartbeat.thread.interval, reset to the max value 100000.
2019-09-20 14:15:58,208 [Thread-538] INFO  node.SCMNodeManager (SCMNodeManager.java:<init>(121)) - Entering startup safe mode.
2019-09-20 14:15:58,209 [Thread-538] INFO  algorithms.ContainerPlacementPolicyFactory (ContainerPlacementPolicyFactory.java:getPolicy(56)) - Create container placement policy of type org.apache.hadoop.hdds.scm.container.placement.algorithms.SCMContainerPlacementRandom
2019-09-20 14:15:58,209 [Thread-538] WARN  server.ServerUtils (ServerUtils.java:getScmDbDir(145)) - ozone.scm.db.dirs is not configured. We recommend adding this setting. Falling back to ozone.metadata.dirs instead.
2019-09-20 14:15:58,293 [Thread-538] INFO  pipeline.SCMPipelineManager (SCMPipelineManager.java:initializePipelineState(126)) - No pipeline exists in current db
2019-09-20 14:15:58,293 [Thread-538] WARN  server.ServerUtils (ServerUtils.java:getScmDbDir(145)) - ozone.scm.db.dirs is not configured. We recommend adding this setting. Falling back to ozone.metadata.dirs instead.
2019-09-20 14:15:58,418 [Thread-538] WARN  events.EventQueue (EventQueue.java:fireEvent(175)) - No event handler registered for event TypedEvent{payloadType=SafeModeStatus, name='SafeModeStatus'}
2019-09-20 14:15:58,419 [Thread-538] INFO  ipc.CallQueueManager (CallQueueManager.java:<init>(84)) - Using callQueue: class java.util.concurrent.LinkedBlockingQueue, queueCapacity: 2000, scheduler: class org.apache.hadoop.ipc.DefaultRpcScheduler, ipcBackoff: false.
2019-09-20 14:15:58,420 [Socket Reader #1 for port 37013] INFO  ipc.Server (Server.java:run(1074)) - Starting Socket Reader #1 for port 37013
2019-09-20 14:15:58,423 [Thread-538] INFO  ipc.CallQueueManager (CallQueueManager.java:<init>(84)) - Using callQueue: class java.util.concurrent.LinkedBlockingQueue, queueCapacity: 2000, scheduler: class org.apache.hadoop.ipc.DefaultRpcScheduler, ipcBackoff: false.
2019-09-20 14:15:58,423 [Socket Reader #1 for port 33631] INFO  ipc.Server (Server.java:run(1074)) - Starting Socket Reader #1 for port 33631
2019-09-20 14:15:58,425 [Thread-538] INFO  ipc.CallQueueManager (CallQueueManager.java:<init>(84)) - Using callQueue: class java.util.concurrent.LinkedBlockingQueue, queueCapacity: 2000, scheduler: class org.apache.hadoop.ipc.DefaultRpcScheduler, ipcBackoff: false.
2019-09-20 14:15:58,426 [Socket Reader #1 for port 38897] INFO  ipc.Server (Server.java:run(1074)) - Starting Socket Reader #1 for port 38897
2019-09-20 14:15:58,429 [Thread-538] INFO  hdfs.DFSUtil (DFSUtil.java:httpServerTemplateForNNAndJN(1641)) - Starting Web-server for scm at: http://0.0.0.0:0
2019-09-20 14:15:58,432 [Thread-538] INFO  server.AuthenticationFilter (AuthenticationFilter.java:constructSecretProvider(240)) - Unable to initialize FileSignerSecretProvider, falling back to use random secrets.
2019-09-20 14:15:58,433 [Thread-538] WARN  http.HttpRequestLog (HttpRequestLog.java:getRequestLog(97)) - Jetty request log can only be enabled using Log4j
2019-09-20 14:15:58,435 [Thread-538] INFO  http.HttpServer2 (HttpServer2.java:addGlobalFilter(975)) - Added global filter 'safety' (class=org.apache.hadoop.http.HttpServer2$QuotingInputFilter)
2019-09-20 14:15:58,492 [Thread-538] INFO  http.HttpServer2 (HttpServer2.java:addFilter(948)) - Added filter static_user_filter (class=org.apache.hadoop.http.lib.StaticUserWebFilter$StaticUserFilter) to context scm
2019-09-20 14:15:58,492 [Thread-538] INFO  http.HttpServer2 (HttpServer2.java:addFilter(958)) - Added filter static_user_filter (class=org.apache.hadoop.http.lib.StaticUserWebFilter$StaticUserFilter) to context static
2019-09-20 14:15:58,492 [Thread-538] INFO  http.HttpServer2 (HttpServer2.java:addFilter(958)) - Added filter static_user_filter (class=org.apache.hadoop.http.lib.StaticUserWebFilter$StaticUserFilter) to context logs
2019-09-20 14:15:58,631 [Thread-538] INFO  server.StorageContainerManager (StorageContainerManager.java:start(759)) - StorageContainerLocationProtocol RPC server is listening at /0.0.0.0:38897
2019-09-20 14:15:58,634 [Thread-538] WARN  impl.MetricsConfig (MetricsConfig.java:loadFirst(134)) - Cannot locate configuration: tried hadoop-metrics2-storagecontainermanager.properties,hadoop-metrics2.properties
2019-09-20 14:15:58,638 [Thread-538] INFO  impl.MetricsSystemImpl (MetricsSystemImpl.java:startTimer(374)) - Scheduled Metric snapshot period at 10 second(s).
2019-09-20 14:15:58,638 [Thread-538] INFO  impl.MetricsSystemImpl (MetricsSystemImpl.java:start(191)) - StorageContainerManager metrics system started
2019-09-20 14:15:58,684 [Thread-538] INFO  server.SCMClientProtocolServer (SCMClientProtocolServer.java:start(151)) - RPC server for Client  is listening at /0.0.0.0:38897
2019-09-20 14:15:58,684 [IPC Server listener on 38897] INFO  ipc.Server (Server.java:run(1153)) - IPC Server listener on 38897: starting
2019-09-20 14:15:58,684 [IPC Server Responder] INFO  ipc.Server (Server.java:run(1314)) - IPC Server Responder: starting
2019-09-20 14:15:58,687 [Thread-538] INFO  server.StorageContainerManager (StorageContainerManager.java:start(769)) - ScmBlockLocationProtocol RPC server is listening at /0.0.0.0:33631
2019-09-20 14:15:58,687 [Thread-538] INFO  server.SCMBlockProtocolServer (SCMBlockProtocolServer.java:start(140)) - RPC server for Block Protocol is listening at /0.0.0.0:33631
2019-09-20 14:15:58,687 [IPC Server Responder] INFO  ipc.Server (Server.java:run(1314)) - IPC Server Responder: starting
2019-09-20 14:15:58,688 [IPC Server listener on 33631] INFO  ipc.Server (Server.java:run(1153)) - IPC Server listener on 33631: starting
2019-09-20 14:15:58,691 [Thread-538] INFO  server.StorageContainerManager (StorageContainerManager.java:start(773)) - ScmDatanodeProtocl RPC server is listening at /0.0.0.0:37013
2019-09-20 14:15:58,691 [Thread-538] INFO  server.SCMDatanodeProtocolServer (SCMDatanodeProtocolServer.java:start(191)) - RPC server for DataNodes is listening at /0.0.0.0:37013
2019-09-20 14:15:58,691 [IPC Server Responder] INFO  ipc.Server (Server.java:run(1314)) - IPC Server Responder: starting
2019-09-20 14:15:58,691 [IPC Server listener on 37013] INFO  ipc.Server (Server.java:run(1153)) - IPC Server listener on 37013: starting
2019-09-20 14:15:58,695 [Thread-538] INFO  http.HttpServer2 (HttpServer2.java:bindListener(1191)) - Jetty bound to port 40167
2019-09-20 14:15:58,695 [Thread-538] INFO  server.Server (Server.java:doStart(351)) - jetty-9.3.24.v20180605, build timestamp: 2018-06-05T17:11:56Z, git hash: 84205aa28f11a4f31f2a3b86d1bba2cc8ab69827
2019-09-20 14:15:58,697 [Thread-538] INFO  handler.ContextHandler (ContextHandler.java:doStart(781)) - Started o.e.j.s.ServletContextHandler@25e1ffda{/logs,file:///workdir/hadoop-ozone/ozonefs/target/log,AVAILABLE}
2019-09-20 14:15:58,697 [Thread-538] INFO  handler.ContextHandler (ContextHandler.java:doStart(781)) - Started o.e.j.s.ServletContextHandler@1d37f8a4{/static,jar:file:/home/user/.m2/repository/org/apache/hadoop/hadoop-hdds-server-scm/0.5.0-SNAPSHOT/hadoop-hdds-server-scm-0.5.0-SNAPSHOT.jar!/webapps/static,AVAILABLE}
2019-09-20 14:15:58,738 [Thread-538] INFO  handler.ContextHandler (ContextHandler.java:doStart(781)) - Started o.e.j.w.WebAppContext@1070a66a{/,file:///tmp/jetty-0.0.0.0-40167-scm-_-any-15478229941680365.dir/webapp/,AVAILABLE}{/scm}
2019-09-20 14:15:58,738 [Thread-538] INFO  server.AbstractConnector (AbstractConnector.java:doStart(278)) - Started ServerConnector@1065ad97{HTTP/1.1,[http/1.1]}{0.0.0.0:40167}
2019-09-20 14:15:58,739 [Thread-538] INFO  server.Server (Server.java:doStart(419)) - Started @44112ms
2019-09-20 14:15:58,740 [Thread-538] INFO  server.BaseHttpServer (BaseHttpServer.java:updateConnectorAddress(213)) - HTTP server of SCM is listening at http://0.0.0.0:40167
2019-09-20 14:15:58,741 [Thread-538] WARN  server.ServerUtils (ServerUtils.java:getDBPath(222)) - ozone.om.db.dirs is not configured. We recommend adding this setting. Falling back to ozone.metadata.dirs instead.
2019-09-20 14:15:58,741 [org.apache.hadoop.util.JvmPauseMonitor$Monitor@2d44f75b] INFO  util.JvmPauseMonitor (JvmPauseMonitor.java:run(188)) - Starting JVM pause monitor
2019-09-20 14:15:58,757 [Thread-538] WARN  server.ServerUtils (ServerUtils.java:getDBPath(222)) - ozone.om.db.dirs is not configured. We recommend adding this setting. Falling back to ozone.metadata.dirs instead.
2019-09-20 14:15:58,757 [Thread-538] WARN  server.ServerUtils (ServerUtils.java:getDBPath(222)) - ozone.om.db.dirs is not configured. We recommend adding this setting. Falling back to ozone.metadata.dirs instead.
2019-09-20 14:15:58,757 [Thread-538] INFO  om.OzoneManager (OzoneManager.java:setOMNodeDetails(645)) - OM Service ID is not set. Setting it to the default ID: omServiceIdDefault
2019-09-20 14:15:58,757 [Thread-538] INFO  om.OzoneManager (OzoneManager.java:setOMNodeDetails(651)) - OM Node ID is not set. Setting it to the OmStorage's OmID: caca4842-b646-4971-9502-c2f1bd75be50
2019-09-20 14:15:58,758 [Thread-538] INFO  om.OzoneManager (OzoneManager.java:loadOMHAConfigs(602)) - Found matching OM address with OMServiceId: null, OMNodeId: null, RPC Address: localhost:0 and Ratis port: 9872
2019-09-20 14:15:58,762 | INFO  | SCMAudit | user=jenkins1000 | ip=192.168.36.99 | op=GET_SCM_INFO null | ret=SUCCESS |  
2019-09-20 14:15:58,764 [Thread-538] WARN  server.ServerUtils (ServerUtils.java:getDBPath(222)) - ozone.om.db.dirs is not configured. We recommend adding this setting. Falling back to ozone.metadata.dirs instead.
2019-09-20 14:15:58,764 [Thread-538] INFO  db.DBStoreBuilder (DBStoreBuilder.java:addTable(110)) - using custom profile for table: userTable
2019-09-20 14:15:58,764 [Thread-538] INFO  db.DBStoreBuilder (DBStoreBuilder.java:processTables(161)) - Using default column profile:DBProfile.DISK for Table:userTable
2019-09-20 14:15:58,764 [Thread-538] INFO  db.DBStoreBuilder (DBStoreBuilder.java:addTable(110)) - using custom profile for table: volumeTable
2019-09-20 14:15:58,764 [Thread-538] INFO  db.DBStoreBuilder (DBStoreBuilder.java:processTables(161)) - Using default column profile:DBProfile.DISK for Table:volumeTable
2019-09-20 14:15:58,765 [Thread-538] INFO  db.DBStoreBuilder (DBStoreBuilder.java:addTable(110)) - using custom profile for table: bucketTable
2019-09-20 14:15:58,765 [Thread-538] INFO  db.DBStoreBuilder (DBStoreBuilder.java:processTables(161)) - Using default column profile:DBProfile.DISK for Table:bucketTable
2019-09-20 14:15:58,765 [Thread-538] INFO  db.DBStoreBuilder (DBStoreBuilder.java:addTable(110)) - using custom profile for table: keyTable
2019-09-20 14:15:58,765 [Thread-538] INFO  db.DBStoreBuilder (DBStoreBuilder.java:processTables(161)) - Using default column profile:DBProfile.DISK for Table:keyTable
2019-09-20 14:15:58,765 [Thread-538] INFO  db.DBStoreBuilder (DBStoreBuilder.java:addTable(110)) - using custom profile for table: deletedTable
2019-09-20 14:15:58,765 [Thread-538] INFO  db.DBStoreBuilder (DBStoreBuilder.java:processTables(161)) - Using default column profile:DBProfile.DISK for Table:deletedTable
2019-09-20 14:15:58,765 [Thread-538] INFO  db.DBStoreBuilder (DBStoreBuilder.java:addTable(110)) - using custom profile for table: openKeyTable
2019-09-20 14:15:58,765 [Thread-538] INFO  db.DBStoreBuilder (DBStoreBuilder.java:processTables(161)) - Using default column profile:DBProfile.DISK for Table:openKeyTable
2019-09-20 14:15:58,766 [Thread-538] INFO  db.DBStoreBuilder (DBStoreBuilder.java:addTable(110)) - using custom profile for table: s3Table
2019-09-20 14:15:58,766 [Thread-538] INFO  db.DBStoreBuilder (DBStoreBuilder.java:processTables(161)) - Using default column profile:DBProfile.DISK for Table:s3Table
2019-09-20 14:15:58,766 [Thread-538] INFO  db.DBStoreBuilder (DBStoreBuilder.java:addTable(110)) - using custom profile for table: multipartInfoTable
2019-09-20 14:15:58,766 [Thread-538] INFO  db.DBStoreBuilder (DBStoreBuilder.java:processTables(161)) - Using default column profile:DBProfile.DISK for Table:multipartInfoTable
2019-09-20 14:15:58,766 [Thread-538] INFO  db.DBStoreBuilder (DBStoreBuilder.java:addTable(110)) - using custom profile for table: dTokenTable
2019-09-20 14:15:58,766 [Thread-538] INFO  db.DBStoreBuilder (DBStoreBuilder.java:processTables(161)) - Using default column profile:DBProfile.DISK for Table:dTokenTable
2019-09-20 14:15:58,766 [Thread-538] INFO  db.DBStoreBuilder (DBStoreBuilder.java:addTable(110)) - using custom profile for table: s3SecretTable
2019-09-20 14:15:58,767 [Thread-538] INFO  db.DBStoreBuilder (DBStoreBuilder.java:processTables(161)) - Using default column profile:DBProfile.DISK for Table:s3SecretTable
2019-09-20 14:15:58,767 [Thread-538] INFO  db.DBStoreBuilder (DBStoreBuilder.java:addTable(110)) - using custom profile for table: prefixTable
2019-09-20 14:15:58,767 [Thread-538] INFO  db.DBStoreBuilder (DBStoreBuilder.java:processTables(161)) - Using default column profile:DBProfile.DISK for Table:prefixTable
2019-09-20 14:15:58,767 [Thread-538] INFO  db.DBStoreBuilder (DBStoreBuilder.java:addTable(110)) - using custom profile for table: default
2019-09-20 14:15:58,767 [Thread-538] INFO  db.DBStoreBuilder (DBStoreBuilder.java:processTables(167)) - Using default column profile:DBProfile.DISK for Table:default
2019-09-20 14:15:58,767 [Thread-538] INFO  db.DBStoreBuilder (DBStoreBuilder.java:getDbProfile(198)) - Using default options. DBProfile.DISK
2019-09-20 14:15:59,513 [Thread-538] INFO  ipc.CallQueueManager (CallQueueManager.java:<init>(84)) - Using callQueue: class java.util.concurrent.LinkedBlockingQueue, queueCapacity: 2000, scheduler: class org.apache.hadoop.ipc.DefaultRpcScheduler, ipcBackoff: false.
2019-09-20 14:15:59,514 [Socket Reader #1 for port 36717] INFO  ipc.Server (Server.java:run(1074)) - Starting Socket Reader #1 for port 36717
2019-09-20 14:15:59,541 [Thread-538] INFO  om.OzoneManager (OzoneManager.java:start(1256)) - OzoneManager RPC server is listening at localhost/127.0.0.1:36717
2019-09-20 14:15:59,541 [Thread-538] INFO  impl.MetricsSystemImpl (MetricsSystemImpl.java:init(158)) - OzoneManager metrics system started (again)
2019-09-20 14:15:59,541 [IPC Server Responder] INFO  ipc.Server (Server.java:run(1314)) - IPC Server Responder: starting
2019-09-20 14:15:59,542 [IPC Server listener on 36717] INFO  ipc.Server (Server.java:run(1153)) - IPC Server listener on 36717: starting
2019-09-20 14:15:59,548 [Thread-538] INFO  hdfs.DFSUtil (DFSUtil.java:httpServerTemplateForNNAndJN(1641)) - Starting Web-server for ozoneManager at: http://0.0.0.0:0
2019-09-20 14:15:59,550 [Thread-538] INFO  server.AuthenticationFilter (AuthenticationFilter.java:constructSecretProvider(240)) - Unable to initialize FileSignerSecretProvider, falling back to use random secrets.
2019-09-20 14:15:59,551 [Thread-538] WARN  http.HttpRequestLog (HttpRequestLog.java:getRequestLog(97)) - Jetty request log can only be enabled using Log4j
2019-09-20 14:15:59,553 [Thread-538] INFO  http.HttpServer2 (HttpServer2.java:addGlobalFilter(975)) - Added global filter 'safety' (class=org.apache.hadoop.http.HttpServer2$QuotingInputFilter)
2019-09-20 14:15:59,554 [Thread-538] INFO  http.HttpServer2 (HttpServer2.java:addFilter(948)) - Added filter static_user_filter (class=org.apache.hadoop.http.lib.StaticUserWebFilter$StaticUserFilter) to context ozoneManager
2019-09-20 14:15:59,554 [Thread-538] INFO  http.HttpServer2 (HttpServer2.java:addFilter(958)) - Added filter static_user_filter (class=org.apache.hadoop.http.lib.StaticUserWebFilter$StaticUserFilter) to context static
2019-09-20 14:15:59,554 [Thread-538] INFO  http.HttpServer2 (HttpServer2.java:addFilter(958)) - Added filter static_user_filter (class=org.apache.hadoop.http.lib.StaticUserWebFilter$StaticUserFilter) to context logs
2019-09-20 14:15:59,555 [Thread-538] INFO  http.HttpServer2 (HttpServer2.java:bindListener(1191)) - Jetty bound to port 35776
2019-09-20 14:15:59,555 [Thread-538] INFO  server.Server (Server.java:doStart(351)) - jetty-9.3.24.v20180605, build timestamp: 2018-06-05T17:11:56Z, git hash: 84205aa28f11a4f31f2a3b86d1bba2cc8ab69827
2019-09-20 14:15:59,557 [Thread-538] INFO  handler.ContextHandler (ContextHandler.java:doStart(781)) - Started o.e.j.s.ServletContextHandler@7e5bae21{/logs,file:///workdir/hadoop-ozone/ozonefs/target/log,AVAILABLE}
2019-09-20 14:15:59,557 [Thread-538] INFO  handler.ContextHandler (ContextHandler.java:doStart(781)) - Started o.e.j.s.ServletContextHandler@18f181b{/static,jar:file:/home/user/.m2/repository/org/apache/hadoop/hadoop-ozone-ozone-manager/0.5.0-SNAPSHOT/hadoop-ozone-ozone-manager-0.5.0-SNAPSHOT.jar!/webapps/static,AVAILABLE}
2019-09-20 14:15:59,607 [Thread-538] INFO  handler.ContextHandler (ContextHandler.java:doStart(781)) - Started o.e.j.w.WebAppContext@5bd37e93{/,file:///tmp/jetty-0.0.0.0-35776-ozoneManager-_-any-4491166112139021670.dir/webapp/,AVAILABLE}{/ozoneManager}
2019-09-20 14:15:59,608 [Thread-538] INFO  server.AbstractConnector (AbstractConnector.java:doStart(278)) - Started ServerConnector@2773442e{HTTP/1.1,[http/1.1]}{0.0.0.0:35776}
2019-09-20 14:15:59,609 [Thread-538] INFO  server.Server (Server.java:doStart(419)) - Started @44982ms
2019-09-20 14:15:59,610 [Thread-538] INFO  server.BaseHttpServer (BaseHttpServer.java:updateConnectorAddress(213)) - HTTP server of OZONEMANAGER is listening at http://0.0.0.0:35776
2019-09-20 14:15:59,623 [Thread-538] INFO  impl.MetricsSystemImpl (MetricsSystemImpl.java:init(158)) - HddsDatanode metrics system started (again)
2019-09-20 14:15:59,626 [Thread-538] INFO  ozone.HddsDatanodeService (HddsDatanodeService.java:start(184)) - HddsDatanodeService host:pr-hdds-1569-p5fx8-1226042367 ip:192.168.36.99
2019-09-20 14:15:59,634 [Thread-538] INFO  volume.HddsVolume (HddsVolume.java:<init>(176)) - Creating Volume: /workdir/hadoop-ozone/ozonefs/target/test-dir/MiniOzoneClusterImpl-cb4c4217-15c8-435f-b543-7039f65985cb/datanode-0/data/containers/hdds of  storage type : DISK and capacity : 1482555576320
2019-09-20 14:15:59,635 [Thread-538] INFO  volume.VolumeSet (VolumeSet.java:initializeVolumeSet(170)) - Added Volume : /workdir/hadoop-ozone/ozonefs/target/test-dir/MiniOzoneClusterImpl-cb4c4217-15c8-435f-b543-7039f65985cb/datanode-0/data/containers/hdds to VolumeSet
2019-09-20 14:15:59,636 [Thread-538] INFO  volume.ThrottledAsyncChecker (ThrottledAsyncChecker.java:schedule(140)) - Scheduling a check for org.apache.hadoop.ozone.container.common.volume.HddsVolume@14b902a9
2019-09-20 14:15:59,638 [Thread-538] INFO  volume.HddsVolumeChecker (HddsVolumeChecker.java:checkAllVolumes(203)) - Scheduled health check for volume org.apache.hadoop.ozone.container.common.volume.HddsVolume@14b902a9
2019-09-20 14:15:59,665 [Thread-538] INFO  impl.RaftServerProxy (ConfUtils.java:logGet(43)) - raft.rpc.type = GRPC (default)
2019-09-20 14:15:59,666 [Thread-538] INFO  grpc.GrpcFactory (GrpcFactory.java:checkPooledByteBufAllocatorUseCacheForAllThreads(45)) - PERFORMANCE WARNING: useCacheForAllThreads is true that may cause Netty to create a lot garbage objects and, as a result, trigger GC.
	It is recommended to disable useCacheForAllThreads by setting -Dorg.apache.ratis.thirdparty.io.netty.allocator.useCacheForAllThreads=false in command line.
2019-09-20 14:15:59,667 [Thread-538] INFO  grpc.GrpcConfigKeys$Server (ConfUtils.java:logGet(43)) - raft.grpc.server.port = 0 (default)
2019-09-20 14:15:59,667 [Thread-538] INFO  server.GrpcService (ConfUtils.java:logGet(43)) - raft.grpc.message.size.max = 33570816 (custom)
2019-09-20 14:15:59,668 [Thread-538] INFO  server.RaftServerConfigKeys (ConfUtils.java:logGet(43)) - raft.server.log.appender.buffer.byte-limit = 33554432 (custom)
2019-09-20 14:15:59,668 [Thread-538] INFO  server.GrpcService (ConfUtils.java:logGet(43)) - raft.grpc.flow.control.window = 1MB (=1048576) (default)
2019-09-20 14:15:59,668 [Thread-538] INFO  server.RaftServerConfigKeys (ConfUtils.java:logGet(43)) - raft.server.rpc.request.timeout = 3000ms (default)
2019-09-20 14:15:59,669 [Thread-538] INFO  server.RaftServerConfigKeys (ConfUtils.java:logGet(43)) - raft.server.storage.dir = [/workdir/hadoop-ozone/ozonefs/target/test-dir/MiniOzoneClusterImpl-cb4c4217-15c8-435f-b543-7039f65985cb/datanode-0/data/ratis] (custom)
2019-09-20 14:15:59,670 [Thread-538] INFO  replication.SimpleContainerDownloader (SimpleContainerDownloader.java:<init>(72)) - Starting container downloader service to copy containers to replicate.
2019-09-20 14:15:59,672 [Thread-538] INFO  hdfs.DFSUtil (DFSUtil.java:httpServerTemplateForNNAndJN(1641)) - Starting Web-server for hddsDatanode at: http://0.0.0.0:0
2019-09-20 14:15:59,674 [Thread-538] INFO  server.AuthenticationFilter (AuthenticationFilter.java:constructSecretProvider(240)) - Unable to initialize FileSignerSecretProvider, falling back to use random secrets.
2019-09-20 14:15:59,675 [Thread-538] WARN  http.HttpRequestLog (HttpRequestLog.java:getRequestLog(97)) - Jetty request log can only be enabled using Log4j
2019-09-20 14:15:59,677 [Thread-538] INFO  http.HttpServer2 (HttpServer2.java:addGlobalFilter(975)) - Added global filter 'safety' (class=org.apache.hadoop.http.HttpServer2$QuotingInputFilter)
2019-09-20 14:15:59,677 [Thread-538] INFO  http.HttpServer2 (HttpServer2.java:addFilter(948)) - Added filter static_user_filter (class=org.apache.hadoop.http.lib.StaticUserWebFilter$StaticUserFilter) to context hddsDatanode
2019-09-20 14:15:59,678 [Thread-538] INFO  http.HttpServer2 (HttpServer2.java:addFilter(958)) - Added filter static_user_filter (class=org.apache.hadoop.http.lib.StaticUserWebFilter$StaticUserFilter) to context logs
2019-09-20 14:15:59,678 [Thread-538] INFO  http.HttpServer2 (HttpServer2.java:addFilter(958)) - Added filter static_user_filter (class=org.apache.hadoop.http.lib.StaticUserWebFilter$StaticUserFilter) to context static
2019-09-20 14:15:59,678 [Thread-538] INFO  http.HttpServer2 (HttpServer2.java:bindListener(1191)) - Jetty bound to port 33950
2019-09-20 14:15:59,679 [Thread-538] INFO  server.Server (Server.java:doStart(351)) - jetty-9.3.24.v20180605, build timestamp: 2018-06-05T17:11:56Z, git hash: 84205aa28f11a4f31f2a3b86d1bba2cc8ab69827
2019-09-20 14:15:59,680 [Thread-538] INFO  handler.ContextHandler (ContextHandler.java:doStart(781)) - Started o.e.j.s.ServletContextHandler@1bd1b306{/logs,file:///workdir/hadoop-ozone/ozonefs/target/log,AVAILABLE}
2019-09-20 14:15:59,681 [Thread-538] INFO  handler.ContextHandler (ContextHandler.java:doStart(781)) - Started o.e.j.s.ServletContextHandler@13e00c97{/static,jar:file:/home/user/.m2/repository/org/apache/hadoop/hadoop-hdds-container-service/0.5.0-SNAPSHOT/hadoop-hdds-container-service-0.5.0-SNAPSHOT.jar!/webapps/static,AVAILABLE}
2019-09-20 14:15:59,712 [Thread-538] INFO  handler.ContextHandler (ContextHandler.java:doStart(781)) - Started o.e.j.w.WebAppContext@36eaa9eb{/,file:///tmp/jetty-0.0.0.0-33950-hddsDatanode-_-any-3728466333542421742.dir/webapp/,AVAILABLE}{/hddsDatanode}
2019-09-20 14:15:59,713 [Thread-538] INFO  server.AbstractConnector (AbstractConnector.java:doStart(278)) - Started ServerConnector@7010e5b4{HTTP/1.1,[http/1.1]}{0.0.0.0:33950}
2019-09-20 14:15:59,713 [Thread-538] INFO  server.Server (Server.java:doStart(419)) - Started @45086ms
2019-09-20 14:15:59,714 [Thread-538] INFO  server.BaseHttpServer (BaseHttpServer.java:updateConnectorAddress(213)) - HTTP server of HDDSDATANODE is listening at http://0.0.0.0:33950
2019-09-20 14:15:59,841 | INFO  | ObjectStoreRestHttpServer | Listening HDDS REST traffic on /0.0.0.0:41421 |  
2019-09-20 14:15:59,841 [Thread-538] INFO  ozone.HddsDatanodeService (HddsDatanodeService.java:startPlugins(395)) - Started plug-in org.apache.hadoop.ozone.web.OzoneHddsDatanodeService@20816387
2019-09-20 14:15:59,842 [Thread-538] INFO  impl.MetricsSystemImpl (MetricsSystemImpl.java:init(158)) - HddsDatanode metrics system started (again)
2019-09-20 14:15:59,844 [Thread-538] INFO  ozone.HddsDatanodeService (HddsDatanodeService.java:start(184)) - HddsDatanodeService host:pr-hdds-1569-p5fx8-1226042367 ip:192.168.36.99
2019-09-20 14:15:59,845 [org.apache.hadoop.util.JvmPauseMonitor$Monitor@5ad7e5b6] INFO  util.JvmPauseMonitor (JvmPauseMonitor.java:run(188)) - Starting JVM pause monitor
2019-09-20 14:15:59,847 [Datanode State Machine Thread - 0] INFO  datanode.InitDatanodeState (InitDatanodeState.java:persistContainerDatanodeDetails(140)) - DatanodeDetails is persisted to /workdir/hadoop-ozone/ozonefs/target/test-dir/MiniOzoneClusterImpl-cb4c4217-15c8-435f-b543-7039f65985cb/datanode-0/meta/datanode.id
2019-09-20 14:15:59,851 [Thread-538] INFO  volume.HddsVolume (HddsVolume.java:<init>(176)) - Creating Volume: /workdir/hadoop-ozone/ozonefs/target/test-dir/MiniOzoneClusterImpl-cb4c4217-15c8-435f-b543-7039f65985cb/datanode-1/data/containers/hdds of  storage type : DISK and capacity : 1482555576320
2019-09-20 14:15:59,851 [Thread-538] INFO  volume.VolumeSet (VolumeSet.java:initializeVolumeSet(170)) - Added Volume : /workdir/hadoop-ozone/ozonefs/target/test-dir/MiniOzoneClusterImpl-cb4c4217-15c8-435f-b543-7039f65985cb/datanode-1/data/containers/hdds to VolumeSet
2019-09-20 14:15:59,852 [Thread-538] INFO  volume.ThrottledAsyncChecker (ThrottledAsyncChecker.java:schedule(140)) - Scheduling a check for org.apache.hadoop.ozone.container.common.volume.HddsVolume@6544beb3
2019-09-20 14:15:59,852 [Thread-538] INFO  volume.HddsVolumeChecker (HddsVolumeChecker.java:checkAllVolumes(203)) - Scheduled health check for volume org.apache.hadoop.ozone.container.common.volume.HddsVolume@6544beb3
2019-09-20 14:15:59,871 [Thread-538] INFO  impl.RaftServerProxy (ConfUtils.java:logGet(43)) - raft.rpc.type = GRPC (default)
2019-09-20 14:15:59,871 [Thread-538] INFO  grpc.GrpcFactory (GrpcFactory.java:checkPooledByteBufAllocatorUseCacheForAllThreads(45)) - PERFORMANCE WARNING: useCacheForAllThreads is true that may cause Netty to create a lot garbage objects and, as a result, trigger GC.
	It is recommended to disable useCacheForAllThreads by setting -Dorg.apache.ratis.thirdparty.io.netty.allocator.useCacheForAllThreads=false in command line.
2019-09-20 14:15:59,871 [Thread-538] INFO  grpc.GrpcConfigKeys$Server (ConfUtils.java:logGet(43)) - raft.grpc.server.port = 0 (default)
2019-09-20 14:15:59,871 [Thread-538] INFO  server.GrpcService (ConfUtils.java:logGet(43)) - raft.grpc.message.size.max = 33570816 (custom)
2019-09-20 14:15:59,872 [Thread-538] INFO  server.RaftServerConfigKeys (ConfUtils.java:logGet(43)) - raft.server.log.appender.buffer.byte-limit = 33554432 (custom)
2019-09-20 14:15:59,872 [Thread-538] INFO  server.GrpcService (ConfUtils.java:logGet(43)) - raft.grpc.flow.control.window = 1MB (=1048576) (default)
2019-09-20 14:15:59,872 [Thread-538] INFO  server.RaftServerConfigKeys (ConfUtils.java:logGet(43)) - raft.server.rpc.request.timeout = 3000ms (default)
2019-09-20 14:15:59,872 [Thread-538] INFO  server.RaftServerConfigKeys (ConfUtils.java:logGet(43)) - raft.server.storage.dir = [/workdir/hadoop-ozone/ozonefs/target/test-dir/MiniOzoneClusterImpl-cb4c4217-15c8-435f-b543-7039f65985cb/datanode-1/data/ratis] (custom)
2019-09-20 14:15:59,873 [Thread-538] INFO  replication.SimpleContainerDownloader (SimpleContainerDownloader.java:<init>(72)) - Starting container downloader service to copy containers to replicate.
2019-09-20 14:15:59,874 [Thread-538] INFO  hdfs.DFSUtil (DFSUtil.java:httpServerTemplateForNNAndJN(1641)) - Starting Web-server for hddsDatanode at: http://0.0.0.0:0
2019-09-20 14:15:59,875 [Thread-538] INFO  server.AuthenticationFilter (AuthenticationFilter.java:constructSecretProvider(240)) - Unable to initialize FileSignerSecretProvider, falling back to use random secrets.
2019-09-20 14:15:59,876 [Thread-538] WARN  http.HttpRequestLog (HttpRequestLog.java:getRequestLog(97)) - Jetty request log can only be enabled using Log4j
2019-09-20 14:15:59,877 [Thread-538] INFO  http.HttpServer2 (HttpServer2.java:addGlobalFilter(975)) - Added global filter 'safety' (class=org.apache.hadoop.http.HttpServer2$QuotingInputFilter)
2019-09-20 14:15:59,877 [Thread-538] INFO  http.HttpServer2 (HttpServer2.java:addFilter(948)) - Added filter static_user_filter (class=org.apache.hadoop.http.lib.StaticUserWebFilter$StaticUserFilter) to context hddsDatanode
2019-09-20 14:15:59,878 [Thread-538] INFO  http.HttpServer2 (HttpServer2.java:addFilter(958)) - Added filter static_user_filter (class=org.apache.hadoop.http.lib.StaticUserWebFilter$StaticUserFilter) to context static
2019-09-20 14:15:59,878 [Thread-538] INFO  http.HttpServer2 (HttpServer2.java:addFilter(958)) - Added filter static_user_filter (class=org.apache.hadoop.http.lib.StaticUserWebFilter$StaticUserFilter) to context logs
2019-09-20 14:15:59,878 [Thread-538] INFO  http.HttpServer2 (HttpServer2.java:bindListener(1191)) - Jetty bound to port 37205
2019-09-20 14:15:59,878 [Thread-538] INFO  server.Server (Server.java:doStart(351)) - jetty-9.3.24.v20180605, build timestamp: 2018-06-05T17:11:56Z, git hash: 84205aa28f11a4f31f2a3b86d1bba2cc8ab69827
2019-09-20 14:15:59,880 [Thread-538] INFO  handler.ContextHandler (ContextHandler.java:doStart(781)) - Started o.e.j.s.ServletContextHandler@fc55a7d{/logs,file:///workdir/hadoop-ozone/ozonefs/target/log,AVAILABLE}
2019-09-20 14:15:59,880 [Thread-538] INFO  handler.ContextHandler (ContextHandler.java:doStart(781)) - Started o.e.j.s.ServletContextHandler@46d6cf16{/static,jar:file:/home/user/.m2/repository/org/apache/hadoop/hadoop-hdds-container-service/0.5.0-SNAPSHOT/hadoop-hdds-container-service-0.5.0-SNAPSHOT.jar!/webapps/static,AVAILABLE}
2019-09-20 14:15:59,907 [Thread-538] INFO  handler.ContextHandler (ContextHandler.java:doStart(781)) - Started o.e.j.w.WebAppContext@1017063f{/,file:///tmp/jetty-0.0.0.0-37205-hddsDatanode-_-any-2866526878895380300.dir/webapp/,AVAILABLE}{/hddsDatanode}
2019-09-20 14:15:59,907 [Thread-538] INFO  server.AbstractConnector (AbstractConnector.java:doStart(278)) - Started ServerConnector@40a7de90{HTTP/1.1,[http/1.1]}{0.0.0.0:37205}
2019-09-20 14:15:59,908 [Thread-538] INFO  server.Server (Server.java:doStart(419)) - Started @45282ms
2019-09-20 14:15:59,909 [Thread-538] INFO  server.BaseHttpServer (BaseHttpServer.java:updateConnectorAddress(213)) - HTTP server of HDDSDATANODE is listening at http://0.0.0.0:37205
2019-09-20 14:16:00,023 | INFO  | ObjectStoreRestHttpServer | Listening HDDS REST traffic on /0.0.0.0:44923 |  
2019-09-20 14:16:00,023 [Thread-538] INFO  ozone.HddsDatanodeService (HddsDatanodeService.java:startPlugins(395)) - Started plug-in org.apache.hadoop.ozone.web.OzoneHddsDatanodeService@3095502f
2019-09-20 14:16:00,024 [Thread-538] INFO  impl.MetricsSystemImpl (MetricsSystemImpl.java:init(158)) - HddsDatanode metrics system started (again)
2019-09-20 14:16:00,029 [Thread-538] INFO  ozone.HddsDatanodeService (HddsDatanodeService.java:start(184)) - HddsDatanodeService host:pr-hdds-1569-p5fx8-1226042367 ip:192.168.36.99
2019-09-20 14:16:00,029 [org.apache.hadoop.util.JvmPauseMonitor$Monitor@7e0442a7] INFO  util.JvmPauseMonitor (JvmPauseMonitor.java:run(188)) - Starting JVM pause monitor
2019-09-20 14:16:00,031 [Datanode State Machine Thread - 0] INFO  datanode.InitDatanodeState (InitDatanodeState.java:persistContainerDatanodeDetails(140)) - DatanodeDetails is persisted to /workdir/hadoop-ozone/ozonefs/target/test-dir/MiniOzoneClusterImpl-cb4c4217-15c8-435f-b543-7039f65985cb/datanode-1/meta/datanode.id
2019-09-20 14:16:00,036 [Thread-538] INFO  volume.HddsVolume (HddsVolume.java:<init>(176)) - Creating Volume: /workdir/hadoop-ozone/ozonefs/target/test-dir/MiniOzoneClusterImpl-cb4c4217-15c8-435f-b543-7039f65985cb/datanode-2/data/containers/hdds of  storage type : DISK and capacity : 1482555576320
2019-09-20 14:16:00,036 [Thread-538] INFO  volume.VolumeSet (VolumeSet.java:initializeVolumeSet(170)) - Added Volume : /workdir/hadoop-ozone/ozonefs/target/test-dir/MiniOzoneClusterImpl-cb4c4217-15c8-435f-b543-7039f65985cb/datanode-2/data/containers/hdds to VolumeSet
2019-09-20 14:16:00,036 [Thread-538] INFO  volume.ThrottledAsyncChecker (ThrottledAsyncChecker.java:schedule(140)) - Scheduling a check for org.apache.hadoop.ozone.container.common.volume.HddsVolume@5729dee8
2019-09-20 14:16:00,036 [Thread-538] INFO  volume.HddsVolumeChecker (HddsVolumeChecker.java:checkAllVolumes(203)) - Scheduled health check for volume org.apache.hadoop.ozone.container.common.volume.HddsVolume@5729dee8
2019-09-20 14:16:00,056 [Thread-538] INFO  impl.RaftServerProxy (ConfUtils.java:logGet(43)) - raft.rpc.type = GRPC (default)
2019-09-20 14:16:00,056 [Thread-538] INFO  grpc.GrpcFactory (GrpcFactory.java:checkPooledByteBufAllocatorUseCacheForAllThreads(45)) - PERFORMANCE WARNING: useCacheForAllThreads is true that may cause Netty to create a lot garbage objects and, as a result, trigger GC.
	It is recommended to disable useCacheForAllThreads by setting -Dorg.apache.ratis.thirdparty.io.netty.allocator.useCacheForAllThreads=false in command line.
2019-09-20 14:16:00,056 [Thread-538] INFO  grpc.GrpcConfigKeys$Server (ConfUtils.java:logGet(43)) - raft.grpc.server.port = 0 (default)
2019-09-20 14:16:00,056 [Thread-538] INFO  server.GrpcService (ConfUtils.java:logGet(43)) - raft.grpc.message.size.max = 33570816 (custom)
2019-09-20 14:16:00,056 [Thread-538] INFO  server.RaftServerConfigKeys (ConfUtils.java:logGet(43)) - raft.server.log.appender.buffer.byte-limit = 33554432 (custom)
2019-09-20 14:16:00,056 [Thread-538] INFO  server.GrpcService (ConfUtils.java:logGet(43)) - raft.grpc.flow.control.window = 1MB (=1048576) (default)
2019-09-20 14:16:00,057 [Thread-538] INFO  server.RaftServerConfigKeys (ConfUtils.java:logGet(43)) - raft.server.rpc.request.timeout = 3000ms (default)
2019-09-20 14:16:00,057 [Thread-538] INFO  server.RaftServerConfigKeys (ConfUtils.java:logGet(43)) - raft.server.storage.dir = [/workdir/hadoop-ozone/ozonefs/target/test-dir/MiniOzoneClusterImpl-cb4c4217-15c8-435f-b543-7039f65985cb/datanode-2/data/ratis] (custom)
2019-09-20 14:16:00,057 [Thread-538] INFO  replication.SimpleContainerDownloader (SimpleContainerDownloader.java:<init>(72)) - Starting container downloader service to copy containers to replicate.
2019-09-20 14:16:00,059 [Thread-538] INFO  hdfs.DFSUtil (DFSUtil.java:httpServerTemplateForNNAndJN(1641)) - Starting Web-server for hddsDatanode at: http://0.0.0.0:0
2019-09-20 14:16:00,061 [Thread-538] INFO  server.AuthenticationFilter (AuthenticationFilter.java:constructSecretProvider(240)) - Unable to initialize FileSignerSecretProvider, falling back to use random secrets.
2019-09-20 14:16:00,061 [Thread-538] WARN  http.HttpRequestLog (HttpRequestLog.java:getRequestLog(97)) - Jetty request log can only be enabled using Log4j
2019-09-20 14:16:00,064 [Thread-538] INFO  http.HttpServer2 (HttpServer2.java:addGlobalFilter(975)) - Added global filter 'safety' (class=org.apache.hadoop.http.HttpServer2$QuotingInputFilter)
2019-09-20 14:16:00,065 [Thread-538] INFO  http.HttpServer2 (HttpServer2.java:addFilter(948)) - Added filter static_user_filter (class=org.apache.hadoop.http.lib.StaticUserWebFilter$StaticUserFilter) to context hddsDatanode
2019-09-20 14:16:00,065 [Thread-538] INFO  http.HttpServer2 (HttpServer2.java:addFilter(958)) - Added filter static_user_filter (class=org.apache.hadoop.http.lib.StaticUserWebFilter$StaticUserFilter) to context static
2019-09-20 14:16:00,065 [Thread-538] INFO  http.HttpServer2 (HttpServer2.java:addFilter(958)) - Added filter static_user_filter (class=org.apache.hadoop.http.lib.StaticUserWebFilter$StaticUserFilter) to context logs
2019-09-20 14:16:00,066 [Thread-538] INFO  http.HttpServer2 (HttpServer2.java:bindListener(1191)) - Jetty bound to port 33300
2019-09-20 14:16:00,066 [Thread-538] INFO  server.Server (Server.java:doStart(351)) - jetty-9.3.24.v20180605, build timestamp: 2018-06-05T17:11:56Z, git hash: 84205aa28f11a4f31f2a3b86d1bba2cc8ab69827
2019-09-20 14:16:00,068 [Thread-538] INFO  handler.ContextHandler (ContextHandler.java:doStart(781)) - Started o.e.j.s.ServletContextHandler@162f9983{/logs,file:///workdir/hadoop-ozone/ozonefs/target/log,AVAILABLE}
2019-09-20 14:16:00,069 [Thread-538] INFO  handler.ContextHandler (ContextHandler.java:doStart(781)) - Started o.e.j.s.ServletContextHandler@1d17ff4e{/static,jar:file:/home/user/.m2/repository/org/apache/hadoop/hadoop-hdds-container-service/0.5.0-SNAPSHOT/hadoop-hdds-container-service-0.5.0-SNAPSHOT.jar!/webapps/static,AVAILABLE}
2019-09-20 14:16:00,124 [Thread-538] INFO  handler.ContextHandler (ContextHandler.java:doStart(781)) - Started o.e.j.w.WebAppContext@12b52279{/,file:///tmp/jetty-0.0.0.0-33300-hddsDatanode-_-any-9084980963823194457.dir/webapp/,AVAILABLE}{/hddsDatanode}
2019-09-20 14:16:00,125 [Thread-538] INFO  server.AbstractConnector (AbstractConnector.java:doStart(278)) - Started ServerConnector@7fe307d5{HTTP/1.1,[http/1.1]}{0.0.0.0:33300}
2019-09-20 14:16:00,127 [Thread-538] INFO  server.Server (Server.java:doStart(419)) - Started @45500ms
2019-09-20 14:16:00,128 [Thread-538] INFO  server.BaseHttpServer (BaseHttpServer.java:updateConnectorAddress(213)) - HTTP server of HDDSDATANODE is listening at http://0.0.0.0:33300
2019-09-20 14:16:00,255 | INFO  | ObjectStoreRestHttpServer | Listening HDDS REST traffic on /0.0.0.0:36280 |  
2019-09-20 14:16:00,255 [Thread-538] INFO  ozone.HddsDatanodeService (HddsDatanodeService.java:startPlugins(395)) - Started plug-in org.apache.hadoop.ozone.web.OzoneHddsDatanodeService@7cc0afed
2019-09-20 14:16:00,255 [Thread-538] INFO  ozone.MiniOzoneClusterImpl (MiniOzoneClusterImpl.java:lambda$waitForClusterToBeReady$0(142)) - Waiting for cluster to be ready. Got 0 of 3 DN Heartbeats.
2019-09-20 14:16:00,257 [org.apache.hadoop.util.JvmPauseMonitor$Monitor@3c371794] INFO  util.JvmPauseMonitor (JvmPauseMonitor.java:run(188)) - Starting JVM pause monitor
2019-09-20 14:16:00,260 [Datanode State Machine Thread - 0] INFO  datanode.InitDatanodeState (InitDatanodeState.java:persistContainerDatanodeDetails(140)) - DatanodeDetails is persisted to /workdir/hadoop-ozone/ozonefs/target/test-dir/MiniOzoneClusterImpl-cb4c4217-15c8-435f-b543-7039f65985cb/datanode-2/meta/datanode.id
2019-09-20 14:16:01,256 [Thread-538] INFO  ozone.MiniOzoneClusterImpl (MiniOzoneClusterImpl.java:lambda$waitForClusterToBeReady$0(142)) - Waiting for cluster to be ready. Got 0 of 3 DN Heartbeats.
2019-09-20 14:16:01,850 | INFO  | SCMAudit | user=jenkins1000 | ip=192.168.36.99 | op=GET_VERSION null | ret=SUCCESS |  
2019-09-20 14:16:01,869 [Datanode State Machine Thread - 0] INFO  ozoneimpl.OzoneContainer (OzoneContainer.java:start(186)) - Attempting to start container services.
2019-09-20 14:16:01,869 [Datanode State Machine Thread - 0] INFO  ozoneimpl.OzoneContainer (OzoneContainer.java:startContainerScrub(160)) - Background container scrubber has been disabled by hdds.containerscrub.enabled
2019-09-20 14:16:01,869 [Datanode State Machine Thread - 0] INFO  ratis.XceiverServerRatis (XceiverServerRatis.java:start(404)) - Starting XceiverServerRatis c39a907f-67e2-4a2b-96b7-2c2d3aca2dd1 at port 0
2019-09-20 14:16:01,876 [Datanode State Machine Thread - 0] INFO  impl.RaftServerProxy (RaftServerProxy.java:lambda$start$3(299)) - c39a907f-67e2-4a2b-96b7-2c2d3aca2dd1: start RPC server
2019-09-20 14:16:01,879 [Datanode State Machine Thread - 0] INFO  server.GrpcService (GrpcService.java:startImpl(149)) - c39a907f-67e2-4a2b-96b7-2c2d3aca2dd1: GrpcService started, listening on 0.0.0.0/0.0.0.0:36682
2019-09-20 14:16:01,879 [Datanode State Machine Thread - 0] INFO  ratis.XceiverServerRatis (XceiverServerRatis.java:start(414)) - XceiverServerRatis c39a907f-67e2-4a2b-96b7-2c2d3aca2dd1 is started using port 36682
2019-09-20 14:16:01,880 [Datanode State Machine Thread - 0] INFO  server.XceiverServerGrpc (XceiverServerGrpc.java:start(163)) - XceiverServerGrpc c39a907f-67e2-4a2b-96b7-2c2d3aca2dd1 is started using port 44679
2019-09-20 14:16:02,030 | INFO  | SCMAudit | user=jenkins1000 | ip=192.168.36.99 | op=GET_VERSION null | ret=SUCCESS |  
2019-09-20 14:16:02,048 [Datanode State Machine Thread - 0] INFO  ozoneimpl.OzoneContainer (OzoneContainer.java:start(186)) - Attempting to start container services.
2019-09-20 14:16:02,048 [Datanode State Machine Thread - 0] INFO  ozoneimpl.OzoneContainer (OzoneContainer.java:startContainerScrub(160)) - Background container scrubber has been disabled by hdds.containerscrub.enabled
2019-09-20 14:16:02,049 [Datanode State Machine Thread - 0] INFO  ratis.XceiverServerRatis (XceiverServerRatis.java:start(404)) - Starting XceiverServerRatis a9487f91-7da9-40bc-a63a-438d36035868 at port 0
2019-09-20 14:16:02,056 [Datanode State Machine Thread - 0] INFO  impl.RaftServerProxy (RaftServerProxy.java:lambda$start$3(299)) - a9487f91-7da9-40bc-a63a-438d36035868: start RPC server
2019-09-20 14:16:02,061 [Datanode State Machine Thread - 0] INFO  server.GrpcService (GrpcService.java:startImpl(149)) - a9487f91-7da9-40bc-a63a-438d36035868: GrpcService started, listening on 0.0.0.0/0.0.0.0:41098
2019-09-20 14:16:02,062 [Datanode State Machine Thread - 0] INFO  ratis.XceiverServerRatis (XceiverServerRatis.java:start(414)) - XceiverServerRatis a9487f91-7da9-40bc-a63a-438d36035868 is started using port 41098
2019-09-20 14:16:02,063 [Datanode State Machine Thread - 0] INFO  server.XceiverServerGrpc (XceiverServerGrpc.java:start(163)) - XceiverServerGrpc a9487f91-7da9-40bc-a63a-438d36035868 is started using port 41260
2019-09-20 14:16:02,256 [Thread-538] INFO  ozone.MiniOzoneClusterImpl (MiniOzoneClusterImpl.java:lambda$waitForClusterToBeReady$0(142)) - Waiting for cluster to be ready. Got 0 of 3 DN Heartbeats.
2019-09-20 14:16:02,258 | INFO  | SCMAudit | user=jenkins1000 | ip=192.168.36.99 | op=GET_VERSION null | ret=SUCCESS |  
2019-09-20 14:16:02,275 [Datanode State Machine Thread - 0] INFO  ozoneimpl.OzoneContainer (OzoneContainer.java:start(186)) - Attempting to start container services.
2019-09-20 14:16:02,275 [Datanode State Machine Thread - 0] INFO  ozoneimpl.OzoneContainer (OzoneContainer.java:startContainerScrub(160)) - Background container scrubber has been disabled by hdds.containerscrub.enabled
2019-09-20 14:16:02,276 [Datanode State Machine Thread - 0] INFO  ratis.XceiverServerRatis (XceiverServerRatis.java:start(404)) - Starting XceiverServerRatis 1bb2a9a8-5a93-4a9a-be35-605f45f451b0 at port 0
2019-09-20 14:16:02,284 [Datanode State Machine Thread - 0] INFO  impl.RaftServerProxy (RaftServerProxy.java:lambda$start$3(299)) - 1bb2a9a8-5a93-4a9a-be35-605f45f451b0: start RPC server
2019-09-20 14:16:02,285 [Datanode State Machine Thread - 0] INFO  server.GrpcService (GrpcService.java:startImpl(149)) - 1bb2a9a8-5a93-4a9a-be35-605f45f451b0: GrpcService started, listening on 0.0.0.0/0.0.0.0:45691
2019-09-20 14:16:02,285 [Datanode State Machine Thread - 0] INFO  ratis.XceiverServerRatis (XceiverServerRatis.java:start(414)) - XceiverServerRatis 1bb2a9a8-5a93-4a9a-be35-605f45f451b0 is started using port 45691
2019-09-20 14:16:02,286 [Datanode State Machine Thread - 0] INFO  server.XceiverServerGrpc (XceiverServerGrpc.java:start(163)) - XceiverServerGrpc 1bb2a9a8-5a93-4a9a-be35-605f45f451b0 is started using port 45403
2019-09-20 14:16:03,257 [Thread-538] INFO  ozone.MiniOzoneClusterImpl (MiniOzoneClusterImpl.java:lambda$waitForClusterToBeReady$0(142)) - Waiting for cluster to be ready. Got 0 of 3 DN Heartbeats.
2019-09-20 14:16:03,850 [IPC Server handler 0 on 37013] INFO  net.NetworkTopology (NetworkTopologyImpl.java:add(110)) - Added a new node: /default-rack/c39a907f-67e2-4a2b-96b7-2c2d3aca2dd1
2019-09-20 14:16:03,852 [IPC Server handler 0 on 37013] INFO  node.SCMNodeManager (SCMNodeManager.java:register(273)) - Registered Data node : c39a907f-67e2-4a2b-96b7-2c2d3aca2dd1{ip: 192.168.36.99, host: pr-hdds-1569-p5fx8-1226042367, networkLocation: /default-rack, certSerialId: null}
2019-09-20 14:16:03,853 [EventQueue-NodeRegistrationContainerReportForDataNodeSafeModeRule] INFO  safemode.SCMSafeModeManager (DataNodeSafeModeRule.java:process(71)) - SCM in safe mode. 1 DataNodes registered, 1 required.
2019-09-20 14:16:03,855 [EventQueue-NodeRegistrationContainerReportForDataNodeSafeModeRule] INFO  safemode.SCMSafeModeManager (SCMSafeModeManager.java:validateSafeModeExitRules(177)) - ScmSafeModeManager, all rules are successfully validated
2019-09-20 14:16:03,855 [EventQueue-NodeRegistrationContainerReportForDataNodeSafeModeRule] INFO  safemode.SCMSafeModeManager (SCMSafeModeManager.java:exitSafeMode(193)) - SCM exiting safe mode.
2019-09-20 14:16:03,855 | INFO  | SCMAudit | user=jenkins1000 | ip=192.168.36.99 | op=REGISTER {datanodeDetails=c39a907f-67e2-4a2b-96b7-2c2d3aca2dd1{ip: 192.168.36.99, host: pr-hdds-1569-p5fx8-1226042367, networkLocation: /default-rack, certSerialId: null}} | ret=SUCCESS |  
2019-09-20 14:16:03,873 [grpc-default-executor-0] INFO  impl.RaftServerProxy (RaftServerProxy.java:addNew(89)) - c39a907f-67e2-4a2b-96b7-2c2d3aca2dd1: addNew group-B5FA805EACA1:[c39a907f-67e2-4a2b-96b7-2c2d3aca2dd1:192.168.36.99:36682] returns group-B5FA805EACA1:java.util.concurrent.CompletableFuture@361353c4[Not completed]
2019-09-20 14:16:03,875 [pool-133-thread-1] INFO  impl.RaftServerImpl (RaftServerImpl.java:<init>(93)) - c39a907f-67e2-4a2b-96b7-2c2d3aca2dd1: new RaftServerImpl for group-B5FA805EACA1:[c39a907f-67e2-4a2b-96b7-2c2d3aca2dd1:192.168.36.99:36682] with ContainerStateMachine:uninitialized
2019-09-20 14:16:03,875 [pool-133-thread-1] INFO  server.RaftServerConfigKeys (ConfUtils.java:logGet(43)) - raft.server.rpc.timeout.min = 5s (custom)
2019-09-20 14:16:03,875 [pool-133-thread-1] INFO  server.RaftServerConfigKeys (ConfUtils.java:logGet(43)) - raft.server.rpc.timeout.max = 5200ms (custom)
2019-09-20 14:16:03,876 [pool-133-thread-1] INFO  server.RaftServerConfigKeys (ConfUtils.java:logGet(43)) - raft.server.rpcslowness.timeout = 120s (custom)
2019-09-20 14:16:03,876 [pool-133-thread-1] INFO  server.RaftServerConfigKeys (ConfUtils.java:logGet(43)) - raft.server.sleep.deviation.threshold = 300 (default)
2019-09-20 14:16:03,876 [pool-133-thread-1] INFO  server.RaftServerConfigKeys (ConfUtils.java:logGet(43)) - raft.server.log.appender.install.snapshot.enabled = false (custom)
2019-09-20 14:16:03,876 [pool-133-thread-1] INFO  impl.RaftServerImpl (ServerState.java:<init>(105)) - c39a907f-67e2-4a2b-96b7-2c2d3aca2dd1:group-B5FA805EACA1 ConfigurationManager, init=-1: [c39a907f-67e2-4a2b-96b7-2c2d3aca2dd1:192.168.36.99:36682], old=null, confs=<EMPTY_MAP>
2019-09-20 14:16:03,876 [pool-133-thread-1] INFO  server.RaftServerConfigKeys (ConfUtils.java:logGet(43)) - raft.server.storage.dir = [/workdir/hadoop-ozone/ozonefs/target/test-dir/MiniOzoneClusterImpl-cb4c4217-15c8-435f-b543-7039f65985cb/datanode-0/data/ratis] (custom)
2019-09-20 14:16:03,877 [pool-133-thread-1] INFO  storage.RaftStorageDirectory (RaftStorageDirectory.java:analyzeStorage(246)) - The storage directory /workdir/hadoop-ozone/ozonefs/target/test-dir/MiniOzoneClusterImpl-cb4c4217-15c8-435f-b543-7039f65985cb/datanode-0/data/ratis/c50a71e7-8184-45c8-a9fe-b5fa805eaca1 does not exist. Creating ...
2019-09-20 14:16:03,905 [pool-133-thread-1] INFO  storage.RaftStorageDirectory (RaftStorageDirectory.java:tryLock(328)) - Lock on /workdir/hadoop-ozone/ozonefs/target/test-dir/MiniOzoneClusterImpl-cb4c4217-15c8-435f-b543-7039f65985cb/datanode-0/data/ratis/c50a71e7-8184-45c8-a9fe-b5fa805eaca1/in_use.lock acquired by nodename 5474@pr-hdds-1569-p5fx8-1226042367
2019-09-20 14:16:03,930 [pool-133-thread-1] INFO  storage.RaftStorage (RaftStorage.java:format(72)) - Storage directory /workdir/hadoop-ozone/ozonefs/target/test-dir/MiniOzoneClusterImpl-cb4c4217-15c8-435f-b543-7039f65985cb/datanode-0/data/ratis/c50a71e7-8184-45c8-a9fe-b5fa805eaca1 has been successfully formatted.
2019-09-20 14:16:03,930 [pool-133-thread-1] INFO  ratis.ContainerStateMachine (ContainerStateMachine.java:loadSnapshot(226)) - group-B5FA805EACA1: The snapshot info is null. Setting the last applied indexto:(t:0, i:~)
2019-09-20 14:16:03,931 [pool-133-thread-1] INFO  server.RaftServerConfigKeys (ConfUtils.java:logGet(43)) - raft.server.leader.election.timeout = 120s (custom)
2019-09-20 14:16:03,931 [pool-133-thread-1] INFO  server.RaftServerConfigKeys (ConfUtils.java:logGet(43)) - raft.server.log.use.memory = false (default)
2019-09-20 14:16:03,931 [pool-133-thread-1] INFO  server.RaftServerConfigKeys (ConfUtils.java:logGet(43)) - raft.server.log.purge.gap = 1000000 (custom)
2019-09-20 14:16:03,931 [pool-133-thread-1] INFO  server.RaftServerConfigKeys (ConfUtils.java:logGet(43)) - raft.server.log.appender.buffer.byte-limit = 33554432 (custom)
2019-09-20 14:16:03,931 [pool-133-thread-1] INFO  server.RaftServerConfigKeys (ConfUtils.java:logGet(43)) - raft.server.log.segment.size.max = 1048576 (custom)
2019-09-20 14:16:03,931 [pool-133-thread-1] INFO  server.RaftServerConfigKeys (ConfUtils.java:logGet(43)) - raft.server.log.segment.cache.num.max = 2 (custom)
2019-09-20 14:16:03,932 [pool-133-thread-1] INFO  segmented.SegmentedRaftLogWorker (SegmentedRaftLogWorker.java:<init>(172)) - new c39a907f-67e2-4a2b-96b7-2c2d3aca2dd1-SegmentedRaftLogWorker:Storage Directory /workdir/hadoop-ozone/ozonefs/target/test-dir/MiniOzoneClusterImpl-cb4c4217-15c8-435f-b543-7039f65985cb/datanode-0/data/ratis/c50a71e7-8184-45c8-a9fe-b5fa805eaca1 for RaftStorage:Storage Directory /workdir/hadoop-ozone/ozonefs/target/test-dir/MiniOzoneClusterImpl-cb4c4217-15c8-435f-b543-7039f65985cb/datanode-0/data/ratis/c50a71e7-8184-45c8-a9fe-b5fa805eaca1
2019-09-20 14:16:03,932 [pool-133-thread-1] INFO  server.RaftServerConfigKeys (ConfUtils.java:logGet(43)) - raft.server.log.queue.byte-limit = 2147483647 (custom)
2019-09-20 14:16:03,932 [pool-133-thread-1] INFO  server.RaftServerConfigKeys (ConfUtils.java:logGet(43)) - raft.server.log.queue.element-limit = 1024 (custom)
2019-09-20 14:16:03,932 [pool-133-thread-1] INFO  server.RaftServerConfigKeys (ConfUtils.java:logGet(43)) - raft.server.log.segment.size.max = 1048576 (custom)
2019-09-20 14:16:03,932 [pool-133-thread-1] INFO  server.RaftServerConfigKeys (ConfUtils.java:logGet(43)) - raft.server.log.preallocated.size = 16384 (custom)
2019-09-20 14:16:03,933 [pool-133-thread-1] INFO  server.RaftServerConfigKeys (ConfUtils.java:logGet(43)) - raft.server.log.write.buffer.size = 33554432 (custom)
2019-09-20 14:16:03,933 [pool-133-thread-1] INFO  server.RaftServerConfigKeys (ConfUtils.java:logGet(43)) - raft.server.log.force.sync.num = 128 (default)
2019-09-20 14:16:03,933 [pool-133-thread-1] INFO  server.RaftServerConfigKeys (ConfUtils.java:logGet(43)) - raft.server.log.statemachine.data.sync = true (default)
2019-09-20 14:16:03,933 [pool-133-thread-1] INFO  server.RaftServerConfigKeys (ConfUtils.java:logGet(43)) - raft.server.log.statemachine.data.sync.timeout = 10s (default)
2019-09-20 14:16:03,933 [pool-133-thread-1] INFO  server.RaftServerConfigKeys (ConfUtils.java:logGet(43)) - raft.server.log.statemachine.data.sync.timeout.retry = -1 (default)
2019-09-20 14:16:03,934 [pool-133-thread-1] INFO  server.RaftServerConfigKeys (ConfUtils.java:logGet(43)) - raft.server.log.statemachine.data.caching.enabled = true (custom)
2019-09-20 14:16:03,934 [pool-133-thread-1] INFO  segmented.SegmentedRaftLogWorker (SegmentedRaftLogWorker.java:lambda$new$0(132)) - c39a907f-67e2-4a2b-96b7-2c2d3aca2dd1-SegmentedRaftLogWorker:Storage Directory /workdir/hadoop-ozone/ozonefs/target/test-dir/MiniOzoneClusterImpl-cb4c4217-15c8-435f-b543-7039f65985cb/datanode-0/data/ratis/c50a71e7-8184-45c8-a9fe-b5fa805eaca1: flushIndex: setUnconditionally 0 -> -1
2019-09-20 14:16:03,934 [pool-133-thread-1] INFO  server.RaftServerConfigKeys (ConfUtils.java:logGet(43)) - raft.server.snapshot.auto.trigger.enabled = true (custom)
2019-09-20 14:16:03,935 [pool-133-thread-1] INFO  server.RaftServerConfigKeys (ConfUtils.java:logGet(43)) - raft.server.snapshot.auto.trigger.threshold = 10000 (custom)
2019-09-20 14:16:03,935 [pool-133-thread-1] INFO  server.RaftServerConfigKeys (ConfUtils.java:logGet(43)) - raft.server.retrycache.expirytime = 600000ms (custom)
2019-09-20 14:16:03,935 [pool-133-thread-1] INFO  impl.RaftServerImpl (RaftServerImpl.java:start(180)) - c39a907f-67e2-4a2b-96b7-2c2d3aca2dd1: start group-B5FA805EACA1
2019-09-20 14:16:03,935 [pool-133-thread-1] INFO  impl.RaftServerImpl (RaftServerImpl.java:setRole(171)) - c39a907f-67e2-4a2b-96b7-2c2d3aca2dd1:group-B5FA805EACA1 changes role from null to FOLLOWER at term 0 for startAsFollower
2019-09-20 14:16:03,935 [pool-133-thread-1] INFO  impl.RoleInfo (RoleInfo.java:updateAndGet(143)) - c39a907f-67e2-4a2b-96b7-2c2d3aca2dd1: start FollowerState
2019-09-20 14:16:03,937 [pool-133-thread-1] INFO  util.JmxRegister (JmxRegister.java:tryRegister(44)) - Successfully registered JMX Bean with object name Ratis:service=RaftServer,group=group-B5FA805EACA1,id=c39a907f-67e2-4a2b-96b7-2c2d3aca2dd1
2019-09-20 14:16:03,943 [RatisPipelineUtilsThread] INFO  pipeline.PipelineStateManager (PipelineStateManager.java:addPipeline(56)) - Created pipeline Pipeline[ Id: c50a71e7-8184-45c8-a9fe-b5fa805eaca1, Nodes: c39a907f-67e2-4a2b-96b7-2c2d3aca2dd1{ip: 192.168.36.99, host: pr-hdds-1569-p5fx8-1226042367, networkLocation: /default-rack, certSerialId: null}, Type:RATIS, Factor:ONE, State:OPEN]
2019-09-20 14:16:03,952 [grpc-default-executor-0] INFO  impl.RaftServerProxy (RaftServerProxy.java:addNew(89)) - c39a907f-67e2-4a2b-96b7-2c2d3aca2dd1: addNew group-CBC889B4FF75:[c39a907f-67e2-4a2b-96b7-2c2d3aca2dd1:192.168.36.99:36682] returns group-CBC889B4FF75:java.util.concurrent.CompletableFuture@7ef8183[Not completed]
2019-09-20 14:16:03,954 [pool-133-thread-1] INFO  impl.RaftServerImpl (RaftServerImpl.java:<init>(93)) - c39a907f-67e2-4a2b-96b7-2c2d3aca2dd1: new RaftServerImpl for group-CBC889B4FF75:[c39a907f-67e2-4a2b-96b7-2c2d3aca2dd1:192.168.36.99:36682] with ContainerStateMachine:uninitialized
2019-09-20 14:16:03,954 [pool-133-thread-1] INFO  server.RaftServerConfigKeys (ConfUtils.java:logGet(43)) - raft.server.rpc.timeout.min = 5s (custom)
2019-09-20 14:16:03,954 [pool-133-thread-1] INFO  server.RaftServerConfigKeys (ConfUtils.java:logGet(43)) - raft.server.rpc.timeout.max = 5200ms (custom)
2019-09-20 14:16:03,954 [pool-133-thread-1] INFO  server.RaftServerConfigKeys (ConfUtils.java:logGet(43)) - raft.server.rpcslowness.timeout = 120s (custom)
2019-09-20 14:16:03,954 [pool-133-thread-1] INFO  server.RaftServerConfigKeys (ConfUtils.java:logGet(43)) - raft.server.sleep.deviation.threshold = 300 (default)
2019-09-20 14:16:03,954 [pool-133-thread-1] INFO  server.RaftServerConfigKeys (ConfUtils.java:logGet(43)) - raft.server.log.appender.install.snapshot.enabled = false (custom)
2019-09-20 14:16:03,954 [pool-133-thread-1] INFO  impl.RaftServerImpl (ServerState.java:<init>(105)) - c39a907f-67e2-4a2b-96b7-2c2d3aca2dd1:group-CBC889B4FF75 ConfigurationManager, init=-1: [c39a907f-67e2-4a2b-96b7-2c2d3aca2dd1:192.168.36.99:36682], old=null, confs=<EMPTY_MAP>
2019-09-20 14:16:03,955 [pool-133-thread-1] INFO  server.RaftServerConfigKeys (ConfUtils.java:logGet(43)) - raft.server.storage.dir = [/workdir/hadoop-ozone/ozonefs/target/test-dir/MiniOzoneClusterImpl-cb4c4217-15c8-435f-b543-7039f65985cb/datanode-0/data/ratis] (custom)
2019-09-20 14:16:03,955 [pool-133-thread-1] INFO  storage.RaftStorageDirectory (RaftStorageDirectory.java:analyzeStorage(246)) - The storage directory /workdir/hadoop-ozone/ozonefs/target/test-dir/MiniOzoneClusterImpl-cb4c4217-15c8-435f-b543-7039f65985cb/datanode-0/data/ratis/7b197210-7e8b-450c-8076-cbc889b4ff75 does not exist. Creating ...
2019-09-20 14:16:03,971 [pool-133-thread-1] INFO  storage.RaftStorageDirectory (RaftStorageDirectory.java:tryLock(328)) - Lock on /workdir/hadoop-ozone/ozonefs/target/test-dir/MiniOzoneClusterImpl-cb4c4217-15c8-435f-b543-7039f65985cb/datanode-0/data/ratis/7b197210-7e8b-450c-8076-cbc889b4ff75/in_use.lock acquired by nodename 5474@pr-hdds-1569-p5fx8-1226042367
2019-09-20 14:16:03,990 [pool-133-thread-1] INFO  storage.RaftStorage (RaftStorage.java:format(72)) - Storage directory /workdir/hadoop-ozone/ozonefs/target/test-dir/MiniOzoneClusterImpl-cb4c4217-15c8-435f-b543-7039f65985cb/datanode-0/data/ratis/7b197210-7e8b-450c-8076-cbc889b4ff75 has been successfully formatted.
2019-09-20 14:16:03,991 [pool-133-thread-1] INFO  ratis.ContainerStateMachine (ContainerStateMachine.java:loadSnapshot(226)) - group-CBC889B4FF75: The snapshot info is null. Setting the last applied indexto:(t:0, i:~)
2019-09-20 14:16:03,991 [pool-133-thread-1] INFO  server.RaftServerConfigKeys (ConfUtils.java:logGet(43)) - raft.server.leader.election.timeout = 120s (custom)
2019-09-20 14:16:03,991 [pool-133-thread-1] INFO  server.RaftServerConfigKeys (ConfUtils.java:logGet(43)) - raft.server.log.use.memory = false (default)
2019-09-20 14:16:03,991 [pool-133-thread-1] INFO  server.RaftServerConfigKeys (ConfUtils.java:logGet(43)) - raft.server.log.purge.gap = 1000000 (custom)
2019-09-20 14:16:03,991 [pool-133-thread-1] INFO  server.RaftServerConfigKeys (ConfUtils.java:logGet(43)) - raft.server.log.appender.buffer.byte-limit = 33554432 (custom)
2019-09-20 14:16:03,991 [pool-133-thread-1] INFO  server.RaftServerConfigKeys (ConfUtils.java:logGet(43)) - raft.server.log.segment.size.max = 1048576 (custom)
2019-09-20 14:16:03,992 [pool-133-thread-1] INFO  server.RaftServerConfigKeys (ConfUtils.java:logGet(43)) - raft.server.log.segment.cache.num.max = 2 (custom)
2019-09-20 14:16:03,992 [pool-133-thread-1] INFO  segmented.SegmentedRaftLogWorker (SegmentedRaftLogWorker.java:<init>(172)) - new c39a907f-67e2-4a2b-96b7-2c2d3aca2dd1-SegmentedRaftLogWorker:Storage Directory /workdir/hadoop-ozone/ozonefs/target/test-dir/MiniOzoneClusterImpl-cb4c4217-15c8-435f-b543-7039f65985cb/datanode-0/data/ratis/7b197210-7e8b-450c-8076-cbc889b4ff75 for RaftStorage:Storage Directory /workdir/hadoop-ozone/ozonefs/target/test-dir/MiniOzoneClusterImpl-cb4c4217-15c8-435f-b543-7039f65985cb/datanode-0/data/ratis/7b197210-7e8b-450c-8076-cbc889b4ff75
2019-09-20 14:16:03,992 [pool-133-thread-1] INFO  server.RaftServerConfigKeys (ConfUtils.java:logGet(43)) - raft.server.log.queue.byte-limit = 2147483647 (custom)
2019-09-20 14:16:03,992 [pool-133-thread-1] INFO  server.RaftServerConfigKeys (ConfUtils.java:logGet(43)) - raft.server.log.queue.element-limit = 1024 (custom)
2019-09-20 14:16:03,992 [pool-133-thread-1] INFO  server.RaftServerConfigKeys (ConfUtils.java:logGet(43)) - raft.server.log.segment.size.max = 1048576 (custom)
2019-09-20 14:16:03,992 [pool-133-thread-1] INFO  server.RaftServerConfigKeys (ConfUtils.java:logGet(43)) - raft.server.log.preallocated.size = 16384 (custom)
2019-09-20 14:16:03,992 [pool-133-thread-1] INFO  server.RaftServerConfigKeys (ConfUtils.java:logGet(43)) - raft.server.log.write.buffer.size = 33554432 (custom)
2019-09-20 14:16:03,993 [pool-133-thread-1] INFO  server.RaftServerConfigKeys (ConfUtils.java:logGet(43)) - raft.server.log.force.sync.num = 128 (default)
2019-09-20 14:16:03,993 [pool-133-thread-1] INFO  server.RaftServerConfigKeys (ConfUtils.java:logGet(43)) - raft.server.log.statemachine.data.sync = true (default)
2019-09-20 14:16:03,993 [pool-133-thread-1] INFO  server.RaftServerConfigKeys (ConfUtils.java:logGet(43)) - raft.server.log.statemachine.data.sync.timeout = 10s (default)
2019-09-20 14:16:03,993 [pool-133-thread-1] INFO  server.RaftServerConfigKeys (ConfUtils.java:logGet(43)) - raft.server.log.statemachine.data.sync.timeout.retry = -1 (default)
2019-09-20 14:16:03,993 [pool-133-thread-1] INFO  server.RaftServerConfigKeys (ConfUtils.java:logGet(43)) - raft.server.log.statemachine.data.caching.enabled = true (custom)
2019-09-20 14:16:03,994 [pool-133-thread-1] INFO  segmented.SegmentedRaftLogWorker (SegmentedRaftLogWorker.java:lambda$new$0(132)) - c39a907f-67e2-4a2b-96b7-2c2d3aca2dd1-SegmentedRaftLogWorker:Storage Directory /workdir/hadoop-ozone/ozonefs/target/test-dir/MiniOzoneClusterImpl-cb4c4217-15c8-435f-b543-7039f65985cb/datanode-0/data/ratis/7b197210-7e8b-450c-8076-cbc889b4ff75: flushIndex: setUnconditionally 0 -> -1
2019-09-20 14:16:03,994 [pool-133-thread-1] INFO  server.RaftServerConfigKeys (ConfUtils.java:logGet(43)) - raft.server.snapshot.auto.trigger.enabled = true (custom)
2019-09-20 14:16:03,994 [pool-133-thread-1] INFO  server.RaftServerConfigKeys (ConfUtils.java:logGet(43)) - raft.server.snapshot.auto.trigger.threshold = 10000 (custom)
2019-09-20 14:16:03,994 [pool-133-thread-1] INFO  server.RaftServerConfigKeys (ConfUtils.java:logGet(43)) - raft.server.retrycache.expirytime = 600000ms (custom)
2019-09-20 14:16:03,995 [pool-133-thread-1] INFO  impl.RaftServerImpl (RaftServerImpl.java:start(180)) - c39a907f-67e2-4a2b-96b7-2c2d3aca2dd1: start group-CBC889B4FF75
2019-09-20 14:16:03,995 [pool-133-thread-1] INFO  impl.RaftServerImpl (RaftServerImpl.java:setRole(171)) - c39a907f-67e2-4a2b-96b7-2c2d3aca2dd1:group-CBC889B4FF75 changes role from null to FOLLOWER at term 0 for startAsFollower
2019-09-20 14:16:03,995 [pool-133-thread-1] INFO  impl.RoleInfo (RoleInfo.java:updateAndGet(143)) - c39a907f-67e2-4a2b-96b7-2c2d3aca2dd1: start FollowerState
2019-09-20 14:16:03,995 [pool-133-thread-1] INFO  util.JmxRegister (JmxRegister.java:tryRegister(44)) - Successfully registered JMX Bean with object name Ratis:service=RaftServer,group=group-CBC889B4FF75,id=c39a907f-67e2-4a2b-96b7-2c2d3aca2dd1
2019-09-20 14:16:04,000 [RatisPipelineUtilsThread] INFO  pipeline.PipelineStateManager (PipelineStateManager.java:addPipeline(56)) - Created pipeline Pipeline[ Id: 7b197210-7e8b-450c-8076-cbc889b4ff75, Nodes: c39a907f-67e2-4a2b-96b7-2c2d3aca2dd1{ip: 192.168.36.99, host: pr-hdds-1569-p5fx8-1226042367, networkLocation: /default-rack, certSerialId: null}, Type:RATIS, Factor:ONE, State:OPEN]
2019-09-20 14:16:04,014 [grpc-default-executor-0] INFO  impl.RaftServerProxy (RaftServerProxy.java:addNew(89)) - c39a907f-67e2-4a2b-96b7-2c2d3aca2dd1: addNew group-370C7C948F8E:[c39a907f-67e2-4a2b-96b7-2c2d3aca2dd1:192.168.36.99:36682] returns group-370C7C948F8E:java.util.concurrent.CompletableFuture@563cac8b[Not completed]
2019-09-20 14:16:04,015 [pool-133-thread-1] INFO  impl.RaftServerImpl (RaftServerImpl.java:<init>(93)) - c39a907f-67e2-4a2b-96b7-2c2d3aca2dd1: new RaftServerImpl for group-370C7C948F8E:[c39a907f-67e2-4a2b-96b7-2c2d3aca2dd1:192.168.36.99:36682] with ContainerStateMachine:uninitialized
2019-09-20 14:16:04,015 [pool-133-thread-1] INFO  server.RaftServerConfigKeys (ConfUtils.java:logGet(43)) - raft.server.rpc.timeout.min = 5s (custom)
2019-09-20 14:16:04,015 [pool-133-thread-1] INFO  server.RaftServerConfigKeys (ConfUtils.java:logGet(43)) - raft.server.rpc.timeout.max = 5200ms (custom)
2019-09-20 14:16:04,015 [pool-133-thread-1] INFO  server.RaftServerConfigKeys (ConfUtils.java:logGet(43)) - raft.server.rpcslowness.timeout = 120s (custom)
2019-09-20 14:16:04,015 [pool-133-thread-1] INFO  server.RaftServerConfigKeys (ConfUtils.java:logGet(43)) - raft.server.sleep.deviation.threshold = 300 (default)
2019-09-20 14:16:04,015 [pool-133-thread-1] INFO  server.RaftServerConfigKeys (ConfUtils.java:logGet(43)) - raft.server.log.appender.install.snapshot.enabled = false (custom)
2019-09-20 14:16:04,016 [pool-133-thread-1] INFO  impl.RaftServerImpl (ServerState.java:<init>(105)) - c39a907f-67e2-4a2b-96b7-2c2d3aca2dd1:group-370C7C948F8E ConfigurationManager, init=-1: [c39a907f-67e2-4a2b-96b7-2c2d3aca2dd1:192.168.36.99:36682], old=null, confs=<EMPTY_MAP>
2019-09-20 14:16:04,016 [pool-133-thread-1] INFO  server.RaftServerConfigKeys (ConfUtils.java:logGet(43)) - raft.server.storage.dir = [/workdir/hadoop-ozone/ozonefs/target/test-dir/MiniOzoneClusterImpl-cb4c4217-15c8-435f-b543-7039f65985cb/datanode-0/data/ratis] (custom)
2019-09-20 14:16:04,016 [pool-133-thread-1] INFO  storage.RaftStorageDirectory (RaftStorageDirectory.java:analyzeStorage(246)) - The storage directory /workdir/hadoop-ozone/ozonefs/target/test-dir/MiniOzoneClusterImpl-cb4c4217-15c8-435f-b543-7039f65985cb/datanode-0/data/ratis/cbd3c622-75e5-4419-be49-370c7c948f8e does not exist. Creating ...
2019-09-20 14:16:04,031 [IPC Server handler 1 on 37013] INFO  net.NetworkTopology (NetworkTopologyImpl.java:add(110)) - Added a new node: /default-rack/a9487f91-7da9-40bc-a63a-438d36035868
2019-09-20 14:16:04,031 [IPC Server handler 1 on 37013] INFO  node.SCMNodeManager (SCMNodeManager.java:register(273)) - Registered Data node : a9487f91-7da9-40bc-a63a-438d36035868{ip: 192.168.36.99, host: pr-hdds-1569-p5fx8-1226042367, networkLocation: /default-rack, certSerialId: null}
2019-09-20 14:16:04,031 | INFO  | SCMAudit | user=jenkins1000 | ip=192.168.36.99 | op=REGISTER {datanodeDetails=a9487f91-7da9-40bc-a63a-438d36035868{ip: 192.168.36.99, host: pr-hdds-1569-p5fx8-1226042367, networkLocation: /default-rack, certSerialId: null}} | ret=SUCCESS |  
2019-09-20 14:16:04,034 [pool-133-thread-1] INFO  storage.RaftStorageDirectory (RaftStorageDirectory.java:tryLock(328)) - Lock on /workdir/hadoop-ozone/ozonefs/target/test-dir/MiniOzoneClusterImpl-cb4c4217-15c8-435f-b543-7039f65985cb/datanode-0/data/ratis/cbd3c622-75e5-4419-be49-370c7c948f8e/in_use.lock acquired by nodename 5474@pr-hdds-1569-p5fx8-1226042367
2019-09-20 14:16:04,052 [pool-133-thread-1] INFO  storage.RaftStorage (RaftStorage.java:format(72)) - Storage directory /workdir/hadoop-ozone/ozonefs/target/test-dir/MiniOzoneClusterImpl-cb4c4217-15c8-435f-b543-7039f65985cb/datanode-0/data/ratis/cbd3c622-75e5-4419-be49-370c7c948f8e has been successfully formatted.
2019-09-20 14:16:04,052 [pool-133-thread-1] INFO  ratis.ContainerStateMachine (ContainerStateMachine.java:loadSnapshot(226)) - group-370C7C948F8E: The snapshot info is null. Setting the last applied indexto:(t:0, i:~)
2019-09-20 14:16:04,052 [pool-133-thread-1] INFO  server.RaftServerConfigKeys (ConfUtils.java:logGet(43)) - raft.server.leader.election.timeout = 120s (custom)
2019-09-20 14:16:04,052 [pool-133-thread-1] INFO  server.RaftServerConfigKeys (ConfUtils.java:logGet(43)) - raft.server.log.use.memory = false (default)
2019-09-20 14:16:04,052 [pool-133-thread-1] INFO  server.RaftServerConfigKeys (ConfUtils.java:logGet(43)) - raft.server.log.purge.gap = 1000000 (custom)
2019-09-20 14:16:04,053 [pool-133-thread-1] INFO  server.RaftServerConfigKeys (ConfUtils.java:logGet(43)) - raft.server.log.appender.buffer.byte-limit = 33554432 (custom)
2019-09-20 14:16:04,053 [pool-133-thread-1] INFO  server.RaftServerConfigKeys (ConfUtils.java:logGet(43)) - raft.server.log.segment.size.max = 1048576 (custom)
2019-09-20 14:16:04,053 [pool-133-thread-1] INFO  server.RaftServerConfigKeys (ConfUtils.java:logGet(43)) - raft.server.log.segment.cache.num.max = 2 (custom)
2019-09-20 14:16:04,053 [pool-133-thread-1] INFO  segmented.SegmentedRaftLogWorker (SegmentedRaftLogWorker.java:<init>(172)) - new c39a907f-67e2-4a2b-96b7-2c2d3aca2dd1-SegmentedRaftLogWorker:Storage Directory /workdir/hadoop-ozone/ozonefs/target/test-dir/MiniOzoneClusterImpl-cb4c4217-15c8-435f-b543-7039f65985cb/datanode-0/data/ratis/cbd3c622-75e5-4419-be49-370c7c948f8e for RaftStorage:Storage Directory /workdir/hadoop-ozone/ozonefs/target/test-dir/MiniOzoneClusterImpl-cb4c4217-15c8-435f-b543-7039f65985cb/datanode-0/data/ratis/cbd3c622-75e5-4419-be49-370c7c948f8e
2019-09-20 14:16:04,053 [pool-133-thread-1] INFO  server.RaftServerConfigKeys (ConfUtils.java:logGet(43)) - raft.server.log.queue.byte-limit = 2147483647 (custom)
2019-09-20 14:16:04,053 [pool-133-thread-1] INFO  server.RaftServerConfigKeys (ConfUtils.java:logGet(43)) - raft.server.log.queue.element-limit = 1024 (custom)
2019-09-20 14:16:04,054 [pool-133-thread-1] INFO  server.RaftServerConfigKeys (ConfUtils.java:logGet(43)) - raft.server.log.segment.size.max = 1048576 (custom)
2019-09-20 14:16:04,054 [pool-133-thread-1] INFO  server.RaftServerConfigKeys (ConfUtils.java:logGet(43)) - raft.server.log.preallocated.size = 16384 (custom)
2019-09-20 14:16:04,054 [pool-133-thread-1] INFO  server.RaftServerConfigKeys (ConfUtils.java:logGet(43)) - raft.server.log.write.buffer.size = 33554432 (custom)
2019-09-20 14:16:04,054 [pool-133-thread-1] INFO  server.RaftServerConfigKeys (ConfUtils.java:logGet(43)) - raft.server.log.force.sync.num = 128 (default)
2019-09-20 14:16:04,054 [pool-133-thread-1] INFO  server.RaftServerConfigKeys (ConfUtils.java:logGet(43)) - raft.server.log.statemachine.data.sync = true (default)
2019-09-20 14:16:04,054 [pool-133-thread-1] INFO  server.RaftServerConfigKeys (ConfUtils.java:logGet(43)) - raft.server.log.statemachine.data.sync.timeout = 10s (default)
2019-09-20 14:16:04,055 [pool-133-thread-1] INFO  server.RaftServerConfigKeys (ConfUtils.java:logGet(43)) - raft.server.log.statemachine.data.sync.timeout.retry = -1 (default)
2019-09-20 14:16:04,055 [pool-133-thread-1] INFO  server.RaftServerConfigKeys (ConfUtils.java:logGet(43)) - raft.server.log.statemachine.data.caching.enabled = true (custom)
2019-09-20 14:16:04,055 [pool-133-thread-1] INFO  segmented.SegmentedRaftLogWorker (SegmentedRaftLogWorker.java:lambda$new$0(132)) - c39a907f-67e2-4a2b-96b7-2c2d3aca2dd1-SegmentedRaftLogWorker:Storage Directory /workdir/hadoop-ozone/ozonefs/target/test-dir/MiniOzoneClusterImpl-cb4c4217-15c8-435f-b543-7039f65985cb/datanode-0/data/ratis/cbd3c622-75e5-4419-be49-370c7c948f8e: flushIndex: setUnconditionally 0 -> -1
2019-09-20 14:16:04,055 [pool-133-thread-1] INFO  server.RaftServerConfigKeys (ConfUtils.java:logGet(43)) - raft.server.snapshot.auto.trigger.enabled = true (custom)
2019-09-20 14:16:04,056 [pool-133-thread-1] INFO  server.RaftServerConfigKeys (ConfUtils.java:logGet(43)) - raft.server.snapshot.auto.trigger.threshold = 10000 (custom)
2019-09-20 14:16:04,056 [pool-133-thread-1] INFO  server.RaftServerConfigKeys (ConfUtils.java:logGet(43)) - raft.server.retrycache.expirytime = 600000ms (custom)
2019-09-20 14:16:04,056 [pool-133-thread-1] INFO  impl.RaftServerImpl (RaftServerImpl.java:start(180)) - c39a907f-67e2-4a2b-96b7-2c2d3aca2dd1: start group-370C7C948F8E
2019-09-20 14:16:04,056 [pool-133-thread-1] INFO  impl.RaftServerImpl (RaftServerImpl.java:setRole(171)) - c39a907f-67e2-4a2b-96b7-2c2d3aca2dd1:group-370C7C948F8E changes role from null to FOLLOWER at term 0 for startAsFollower
2019-09-20 14:16:04,056 [pool-133-thread-1] INFO  impl.RoleInfo (RoleInfo.java:updateAndGet(143)) - c39a907f-67e2-4a2b-96b7-2c2d3aca2dd1: start FollowerState
2019-09-20 14:16:04,057 [pool-133-thread-1] INFO  util.JmxRegister (JmxRegister.java:tryRegister(44)) - Successfully registered JMX Bean with object name Ratis:service=RaftServer,group=group-370C7C948F8E,id=c39a907f-67e2-4a2b-96b7-2c2d3aca2dd1
2019-09-20 14:16:04,062 [RatisPipelineUtilsThread] INFO  pipeline.PipelineStateManager (PipelineStateManager.java:addPipeline(56)) - Created pipeline Pipeline[ Id: cbd3c622-75e5-4419-be49-370c7c948f8e, Nodes: c39a907f-67e2-4a2b-96b7-2c2d3aca2dd1{ip: 192.168.36.99, host: pr-hdds-1569-p5fx8-1226042367, networkLocation: /default-rack, certSerialId: null}, Type:RATIS, Factor:ONE, State:OPEN]
2019-09-20 14:16:04,078 [grpc-default-executor-0] INFO  impl.RaftServerProxy (RaftServerProxy.java:addNew(89)) - c39a907f-67e2-4a2b-96b7-2c2d3aca2dd1: addNew group-C4785DDB134C:[c39a907f-67e2-4a2b-96b7-2c2d3aca2dd1:192.168.36.99:36682] returns group-C4785DDB134C:java.util.concurrent.CompletableFuture@717f7b37[Not completed]
2019-09-20 14:16:04,079 [pool-133-thread-1] INFO  impl.RaftServerImpl (RaftServerImpl.java:<init>(93)) - c39a907f-67e2-4a2b-96b7-2c2d3aca2dd1: new RaftServerImpl for group-C4785DDB134C:[c39a907f-67e2-4a2b-96b7-2c2d3aca2dd1:192.168.36.99:36682] with ContainerStateMachine:uninitialized
2019-09-20 14:16:04,079 [pool-133-thread-1] INFO  server.RaftServerConfigKeys (ConfUtils.java:logGet(43)) - raft.server.rpc.timeout.min = 5s (custom)
2019-09-20 14:16:04,079 [pool-133-thread-1] INFO  server.RaftServerConfigKeys (ConfUtils.java:logGet(43)) - raft.server.rpc.timeout.max = 5200ms (custom)
2019-09-20 14:16:04,080 [pool-133-thread-1] INFO  server.RaftServerConfigKeys (ConfUtils.java:logGet(43)) - raft.server.rpcslowness.timeout = 120s (custom)
2019-09-20 14:16:04,080 [pool-133-thread-1] INFO  server.RaftServerConfigKeys (ConfUtils.java:logGet(43)) - raft.server.sleep.deviation.threshold = 300 (default)
2019-09-20 14:16:04,080 [pool-133-thread-1] INFO  server.RaftServerConfigKeys (ConfUtils.java:logGet(43)) - raft.server.log.appender.install.snapshot.enabled = false (custom)
2019-09-20 14:16:04,080 [pool-133-thread-1] INFO  impl.RaftServerImpl (ServerState.java:<init>(105)) - c39a907f-67e2-4a2b-96b7-2c2d3aca2dd1:group-C4785DDB134C ConfigurationManager, init=-1: [c39a907f-67e2-4a2b-96b7-2c2d3aca2dd1:192.168.36.99:36682], old=null, confs=<EMPTY_MAP>
2019-09-20 14:16:04,080 [pool-133-thread-1] INFO  server.RaftServerConfigKeys (ConfUtils.java:logGet(43)) - raft.server.storage.dir = [/workdir/hadoop-ozone/ozonefs/target/test-dir/MiniOzoneClusterImpl-cb4c4217-15c8-435f-b543-7039f65985cb/datanode-0/data/ratis] (custom)
2019-09-20 14:16:04,081 [pool-133-thread-1] INFO  storage.RaftStorageDirectory (RaftStorageDirectory.java:analyzeStorage(246)) - The storage directory /workdir/hadoop-ozone/ozonefs/target/test-dir/MiniOzoneClusterImpl-cb4c4217-15c8-435f-b543-7039f65985cb/datanode-0/data/ratis/baf7165c-b245-4703-9f7f-c4785ddb134c does not exist. Creating ...
2019-09-20 14:16:04,098 [pool-133-thread-1] INFO  storage.RaftStorageDirectory (RaftStorageDirectory.java:tryLock(328)) - Lock on /workdir/hadoop-ozone/ozonefs/target/test-dir/MiniOzoneClusterImpl-cb4c4217-15c8-435f-b543-7039f65985cb/datanode-0/data/ratis/baf7165c-b245-4703-9f7f-c4785ddb134c/in_use.lock acquired by nodename 5474@pr-hdds-1569-p5fx8-1226042367
2019-09-20 14:16:04,166 [pool-133-thread-1] INFO  storage.RaftStorage (RaftStorage.java:format(72)) - Storage directory /workdir/hadoop-ozone/ozonefs/target/test-dir/MiniOzoneClusterImpl-cb4c4217-15c8-435f-b543-7039f65985cb/datanode-0/data/ratis/baf7165c-b245-4703-9f7f-c4785ddb134c has been successfully formatted.
2019-09-20 14:16:04,166 [pool-133-thread-1] INFO  ratis.ContainerStateMachine (ContainerStateMachine.java:loadSnapshot(226)) - group-C4785DDB134C: The snapshot info is null. Setting the last applied indexto:(t:0, i:~)
2019-09-20 14:16:04,166 [pool-133-thread-1] INFO  server.RaftServerConfigKeys (ConfUtils.java:logGet(43)) - raft.server.leader.election.timeout = 120s (custom)
2019-09-20 14:16:04,166 [pool-133-thread-1] INFO  server.RaftServerConfigKeys (ConfUtils.java:logGet(43)) - raft.server.log.use.memory = false (default)
2019-09-20 14:16:04,167 [pool-133-thread-1] INFO  server.RaftServerConfigKeys (ConfUtils.java:logGet(43)) - raft.server.log.purge.gap = 1000000 (custom)
2019-09-20 14:16:04,167 [pool-133-thread-1] INFO  server.RaftServerConfigKeys (ConfUtils.java:logGet(43)) - raft.server.log.appender.buffer.byte-limit = 33554432 (custom)
2019-09-20 14:16:04,167 [pool-133-thread-1] INFO  server.RaftServerConfigKeys (ConfUtils.java:logGet(43)) - raft.server.log.segment.size.max = 1048576 (custom)
2019-09-20 14:16:04,167 [pool-133-thread-1] INFO  server.RaftServerConfigKeys (ConfUtils.java:logGet(43)) - raft.server.log.segment.cache.num.max = 2 (custom)
2019-09-20 14:16:04,167 [pool-133-thread-1] INFO  segmented.SegmentedRaftLogWorker (SegmentedRaftLogWorker.java:<init>(172)) - new c39a907f-67e2-4a2b-96b7-2c2d3aca2dd1-SegmentedRaftLogWorker:Storage Directory /workdir/hadoop-ozone/ozonefs/target/test-dir/MiniOzoneClusterImpl-cb4c4217-15c8-435f-b543-7039f65985cb/datanode-0/data/ratis/baf7165c-b245-4703-9f7f-c4785ddb134c for RaftStorage:Storage Directory /workdir/hadoop-ozone/ozonefs/target/test-dir/MiniOzoneClusterImpl-cb4c4217-15c8-435f-b543-7039f65985cb/datanode-0/data/ratis/baf7165c-b245-4703-9f7f-c4785ddb134c
2019-09-20 14:16:04,168 [pool-133-thread-1] INFO  server.RaftServerConfigKeys (ConfUtils.java:logGet(43)) - raft.server.log.queue.byte-limit = 2147483647 (custom)
2019-09-20 14:16:04,168 [pool-133-thread-1] INFO  server.RaftServerConfigKeys (ConfUtils.java:logGet(43)) - raft.server.log.queue.element-limit = 1024 (custom)
2019-09-20 14:16:04,168 [pool-133-thread-1] INFO  server.RaftServerConfigKeys (ConfUtils.java:logGet(43)) - raft.server.log.segment.size.max = 1048576 (custom)
2019-09-20 14:16:04,168 [pool-133-thread-1] INFO  server.RaftServerConfigKeys (ConfUtils.java:logGet(43)) - raft.server.log.preallocated.size = 16384 (custom)
2019-09-20 14:16:04,168 [pool-133-thread-1] INFO  server.RaftServerConfigKeys (ConfUtils.java:logGet(43)) - raft.server.log.write.buffer.size = 33554432 (custom)
2019-09-20 14:16:04,169 [pool-133-thread-1] INFO  server.RaftServerConfigKeys (ConfUtils.java:logGet(43)) - raft.server.log.force.sync.num = 128 (default)
2019-09-20 14:16:04,169 [pool-133-thread-1] INFO  server.RaftServerConfigKeys (ConfUtils.java:logGet(43)) - raft.server.log.statemachine.data.sync = true (default)
2019-09-20 14:16:04,169 [pool-133-thread-1] INFO  server.RaftServerConfigKeys (ConfUtils.java:logGet(43)) - raft.server.log.statemachine.data.sync.timeout = 10s (default)
2019-09-20 14:16:04,169 [pool-133-thread-1] INFO  server.RaftServerConfigKeys (ConfUtils.java:logGet(43)) - raft.server.log.statemachine.data.sync.timeout.retry = -1 (default)
2019-09-20 14:16:04,169 [pool-133-thread-1] INFO  server.RaftServerConfigKeys (ConfUtils.java:logGet(43)) - raft.server.log.statemachine.data.caching.enabled = true (custom)
2019-09-20 14:16:04,170 [pool-133-thread-1] INFO  segmented.SegmentedRaftLogWorker (SegmentedRaftLogWorker.java:lambda$new$0(132)) - c39a907f-67e2-4a2b-96b7-2c2d3aca2dd1-SegmentedRaftLogWorker:Storage Directory /workdir/hadoop-ozone/ozonefs/target/test-dir/MiniOzoneClusterImpl-cb4c4217-15c8-435f-b543-7039f65985cb/datanode-0/data/ratis/baf7165c-b245-4703-9f7f-c4785ddb134c: flushIndex: setUnconditionally 0 -> -1
2019-09-20 14:16:04,170 [pool-133-thread-1] INFO  server.RaftServerConfigKeys (ConfUtils.java:logGet(43)) - raft.server.snapshot.auto.trigger.enabled = true (custom)
2019-09-20 14:16:04,170 [pool-133-thread-1] INFO  server.RaftServerConfigKeys (ConfUtils.java:logGet(43)) - raft.server.snapshot.auto.trigger.threshold = 10000 (custom)
2019-09-20 14:16:04,171 [pool-133-thread-1] INFO  server.RaftServerConfigKeys (ConfUtils.java:logGet(43)) - raft.server.retrycache.expirytime = 600000ms (custom)
2019-09-20 14:16:04,171 [pool-133-thread-1] INFO  impl.RaftServerImpl (RaftServerImpl.java:start(180)) - c39a907f-67e2-4a2b-96b7-2c2d3aca2dd1: start group-C4785DDB134C
2019-09-20 14:16:04,171 [pool-133-thread-1] INFO  impl.RaftServerImpl (RaftServerImpl.java:setRole(171)) - c39a907f-67e2-4a2b-96b7-2c2d3aca2dd1:group-C4785DDB134C changes role from null to FOLLOWER at term 0 for startAsFollower
2019-09-20 14:16:04,171 [pool-133-thread-1] INFO  impl.RoleInfo (RoleInfo.java:updateAndGet(143)) - c39a907f-67e2-4a2b-96b7-2c2d3aca2dd1: start FollowerState
2019-09-20 14:16:04,178 [pool-133-thread-1] INFO  util.JmxRegister (JmxRegister.java:tryRegister(44)) - Successfully registered JMX Bean with object name Ratis:service=RaftServer,group=group-C4785DDB134C,id=c39a907f-67e2-4a2b-96b7-2c2d3aca2dd1
2019-09-20 14:16:04,189 [RatisPipelineUtilsThread] INFO  pipeline.PipelineStateManager (PipelineStateManager.java:addPipeline(56)) - Created pipeline Pipeline[ Id: baf7165c-b245-4703-9f7f-c4785ddb134c, Nodes: c39a907f-67e2-4a2b-96b7-2c2d3aca2dd1{ip: 192.168.36.99, host: pr-hdds-1569-p5fx8-1226042367, networkLocation: /default-rack, certSerialId: null}, Type:RATIS, Factor:ONE, State:OPEN]
2019-09-20 14:16:04,198 [grpc-default-executor-0] INFO  impl.RaftServerProxy (RaftServerProxy.java:addNew(89)) - a9487f91-7da9-40bc-a63a-438d36035868: addNew group-9E23107407D8:[a9487f91-7da9-40bc-a63a-438d36035868:192.168.36.99:41098] returns group-9E23107407D8:java.util.concurrent.CompletableFuture@60a470b9[Not completed]
2019-09-20 14:16:04,199 [pool-144-thread-1] INFO  impl.RaftServerImpl (RaftServerImpl.java:<init>(93)) - a9487f91-7da9-40bc-a63a-438d36035868: new RaftServerImpl for group-9E23107407D8:[a9487f91-7da9-40bc-a63a-438d36035868:192.168.36.99:41098] with ContainerStateMachine:uninitialized
2019-09-20 14:16:04,200 [pool-144-thread-1] INFO  server.RaftServerConfigKeys (ConfUtils.java:logGet(43)) - raft.server.rpc.timeout.min = 5s (custom)
2019-09-20 14:16:04,200 [pool-144-thread-1] INFO  server.RaftServerConfigKeys (ConfUtils.java:logGet(43)) - raft.server.rpc.timeout.max = 5200ms (custom)
2019-09-20 14:16:04,200 [pool-144-thread-1] INFO  server.RaftServerConfigKeys (ConfUtils.java:logGet(43)) - raft.server.rpcslowness.timeout = 120s (custom)
2019-09-20 14:16:04,200 [pool-144-thread-1] INFO  server.RaftServerConfigKeys (ConfUtils.java:logGet(43)) - raft.server.sleep.deviation.threshold = 300 (default)
2019-09-20 14:16:04,200 [pool-144-thread-1] INFO  server.RaftServerConfigKeys (ConfUtils.java:logGet(43)) - raft.server.log.appender.install.snapshot.enabled = false (custom)
2019-09-20 14:16:04,200 [pool-144-thread-1] INFO  impl.RaftServerImpl (ServerState.java:<init>(105)) - a9487f91-7da9-40bc-a63a-438d36035868:group-9E23107407D8 ConfigurationManager, init=-1: [a9487f91-7da9-40bc-a63a-438d36035868:192.168.36.99:41098], old=null, confs=<EMPTY_MAP>
2019-09-20 14:16:04,201 [pool-144-thread-1] INFO  server.RaftServerConfigKeys (ConfUtils.java:logGet(43)) - raft.server.storage.dir = [/workdir/hadoop-ozone/ozonefs/target/test-dir/MiniOzoneClusterImpl-cb4c4217-15c8-435f-b543-7039f65985cb/datanode-1/data/ratis] (custom)
2019-09-20 14:16:04,201 [pool-144-thread-1] INFO  storage.RaftStorageDirectory (RaftStorageDirectory.java:analyzeStorage(246)) - The storage directory /workdir/hadoop-ozone/ozonefs/target/test-dir/MiniOzoneClusterImpl-cb4c4217-15c8-435f-b543-7039f65985cb/datanode-1/data/ratis/0c0c6e78-691d-4f82-9fe0-9e23107407d8 does not exist. Creating ...
2019-09-20 14:16:04,218 [pool-144-thread-1] INFO  storage.RaftStorageDirectory (RaftStorageDirectory.java:tryLock(328)) - Lock on /workdir/hadoop-ozone/ozonefs/target/test-dir/MiniOzoneClusterImpl-cb4c4217-15c8-435f-b543-7039f65985cb/datanode-1/data/ratis/0c0c6e78-691d-4f82-9fe0-9e23107407d8/in_use.lock acquired by nodename 5474@pr-hdds-1569-p5fx8-1226042367
2019-09-20 14:16:04,251 [pool-144-thread-1] INFO  storage.RaftStorage (RaftStorage.java:format(72)) - Storage directory /workdir/hadoop-ozone/ozonefs/target/test-dir/MiniOzoneClusterImpl-cb4c4217-15c8-435f-b543-7039f65985cb/datanode-1/data/ratis/0c0c6e78-691d-4f82-9fe0-9e23107407d8 has been successfully formatted.
2019-09-20 14:16:04,251 [pool-144-thread-1] INFO  ratis.ContainerStateMachine (ContainerStateMachine.java:loadSnapshot(226)) - group-9E23107407D8: The snapshot info is null. Setting the last applied indexto:(t:0, i:~)
2019-09-20 14:16:04,251 [pool-144-thread-1] INFO  server.RaftServerConfigKeys (ConfUtils.java:logGet(43)) - raft.server.leader.election.timeout = 120s (custom)
2019-09-20 14:16:04,251 [pool-144-thread-1] INFO  server.RaftServerConfigKeys (ConfUtils.java:logGet(43)) - raft.server.log.use.memory = false (default)
2019-09-20 14:16:04,252 [pool-144-thread-1] INFO  server.RaftServerConfigKeys (ConfUtils.java:logGet(43)) - raft.server.log.purge.gap = 1000000 (custom)
2019-09-20 14:16:04,252 [pool-144-thread-1] INFO  server.RaftServerConfigKeys (ConfUtils.java:logGet(43)) - raft.server.log.appender.buffer.byte-limit = 33554432 (custom)
2019-09-20 14:16:04,252 [pool-144-thread-1] INFO  server.RaftServerConfigKeys (ConfUtils.java:logGet(43)) - raft.server.log.segment.size.max = 1048576 (custom)
2019-09-20 14:16:04,252 [pool-144-thread-1] INFO  server.RaftServerConfigKeys (ConfUtils.java:logGet(43)) - raft.server.log.segment.cache.num.max = 2 (custom)
2019-09-20 14:16:04,252 [pool-144-thread-1] INFO  segmented.SegmentedRaftLogWorker (SegmentedRaftLogWorker.java:<init>(172)) - new a9487f91-7da9-40bc-a63a-438d36035868-SegmentedRaftLogWorker:Storage Directory /workdir/hadoop-ozone/ozonefs/target/test-dir/MiniOzoneClusterImpl-cb4c4217-15c8-435f-b543-7039f65985cb/datanode-1/data/ratis/0c0c6e78-691d-4f82-9fe0-9e23107407d8 for RaftStorage:Storage Directory /workdir/hadoop-ozone/ozonefs/target/test-dir/MiniOzoneClusterImpl-cb4c4217-15c8-435f-b543-7039f65985cb/datanode-1/data/ratis/0c0c6e78-691d-4f82-9fe0-9e23107407d8
2019-09-20 14:16:04,253 [pool-144-thread-1] INFO  server.RaftServerConfigKeys (ConfUtils.java:logGet(43)) - raft.server.log.queue.byte-limit = 2147483647 (custom)
2019-09-20 14:16:04,253 [pool-144-thread-1] INFO  server.RaftServerConfigKeys (ConfUtils.java:logGet(43)) - raft.server.log.queue.element-limit = 1024 (custom)
2019-09-20 14:16:04,253 [pool-144-thread-1] INFO  server.RaftServerConfigKeys (ConfUtils.java:logGet(43)) - raft.server.log.segment.size.max = 1048576 (custom)
2019-09-20 14:16:04,253 [pool-144-thread-1] INFO  server.RaftServerConfigKeys (ConfUtils.java:logGet(43)) - raft.server.log.preallocated.size = 16384 (custom)
2019-09-20 14:16:04,253 [pool-144-thread-1] INFO  server.RaftServerConfigKeys (ConfUtils.java:logGet(43)) - raft.server.log.write.buffer.size = 33554432 (custom)
2019-09-20 14:16:04,253 [pool-144-thread-1] INFO  server.RaftServerConfigKeys (ConfUtils.java:logGet(43)) - raft.server.log.force.sync.num = 128 (default)
2019-09-20 14:16:04,254 [pool-144-thread-1] INFO  server.RaftServerConfigKeys (ConfUtils.java:logGet(43)) - raft.server.log.statemachine.data.sync = true (default)
2019-09-20 14:16:04,254 [pool-144-thread-1] INFO  server.RaftServerConfigKeys (ConfUtils.java:logGet(43)) - raft.server.log.statemachine.data.sync.timeout = 10s (default)
2019-09-20 14:16:04,254 [pool-144-thread-1] INFO  server.RaftServerConfigKeys (ConfUtils.java:logGet(43)) - raft.server.log.statemachine.data.sync.timeout.retry = -1 (default)
2019-09-20 14:16:04,254 [pool-144-thread-1] INFO  server.RaftServerConfigKeys (ConfUtils.java:logGet(43)) - raft.server.log.statemachine.data.caching.enabled = true (custom)
2019-09-20 14:16:04,255 [pool-144-thread-1] INFO  segmented.SegmentedRaftLogWorker (SegmentedRaftLogWorker.java:lambda$new$0(132)) - a9487f91-7da9-40bc-a63a-438d36035868-SegmentedRaftLogWorker:Storage Directory /workdir/hadoop-ozone/ozonefs/target/test-dir/MiniOzoneClusterImpl-cb4c4217-15c8-435f-b543-7039f65985cb/datanode-1/data/ratis/0c0c6e78-691d-4f82-9fe0-9e23107407d8: flushIndex: setUnconditionally 0 -> -1
2019-09-20 14:16:04,255 [pool-144-thread-1] INFO  server.RaftServerConfigKeys (ConfUtils.java:logGet(43)) - raft.server.snapshot.auto.trigger.enabled = true (custom)
2019-09-20 14:16:04,255 [pool-144-thread-1] INFO  server.RaftServerConfigKeys (ConfUtils.java:logGet(43)) - raft.server.snapshot.auto.trigger.threshold = 10000 (custom)
2019-09-20 14:16:04,256 [pool-144-thread-1] INFO  server.RaftServerConfigKeys (ConfUtils.java:logGet(43)) - raft.server.retrycache.expirytime = 600000ms (custom)
2019-09-20 14:16:04,256 [pool-144-thread-1] INFO  impl.RaftServerImpl (RaftServerImpl.java:start(180)) - a9487f91-7da9-40bc-a63a-438d36035868: start group-9E23107407D8
2019-09-20 14:16:04,256 [pool-144-thread-1] INFO  impl.RaftServerImpl (RaftServerImpl.java:setRole(171)) - a9487f91-7da9-40bc-a63a-438d36035868:group-9E23107407D8 changes role from null to FOLLOWER at term 0 for startAsFollower
2019-09-20 14:16:04,256 [pool-144-thread-1] INFO  impl.RoleInfo (RoleInfo.java:updateAndGet(143)) - a9487f91-7da9-40bc-a63a-438d36035868: start FollowerState
2019-09-20 14:16:04,257 [pool-144-thread-1] INFO  util.JmxRegister (JmxRegister.java:tryRegister(44)) - Successfully registered JMX Bean with object name Ratis:service=RaftServer,group=group-9E23107407D8,id=a9487f91-7da9-40bc-a63a-438d36035868
2019-09-20 14:16:04,257 [Thread-538] INFO  ozone.MiniOzoneClusterImpl (MiniOzoneClusterImpl.java:lambda$waitForClusterToBeReady$0(142)) - Waiting for cluster to be ready. Got 2 of 3 DN Heartbeats.
2019-09-20 14:16:04,260 [IPC Server handler 3 on 37013] INFO  net.NetworkTopology (NetworkTopologyImpl.java:add(110)) - Added a new node: /default-rack/1bb2a9a8-5a93-4a9a-be35-605f45f451b0
2019-09-20 14:16:04,260 [IPC Server handler 3 on 37013] INFO  node.SCMNodeManager (SCMNodeManager.java:register(273)) - Registered Data node : 1bb2a9a8-5a93-4a9a-be35-605f45f451b0{ip: 192.168.36.99, host: pr-hdds-1569-p5fx8-1226042367, networkLocation: /default-rack, certSerialId: null}
2019-09-20 14:16:04,260 [RatisPipelineUtilsThread] INFO  pipeline.PipelineStateManager (PipelineStateManager.java:addPipeline(56)) - Created pipeline Pipeline[ Id: 0c0c6e78-691d-4f82-9fe0-9e23107407d8, Nodes: a9487f91-7da9-40bc-a63a-438d36035868{ip: 192.168.36.99, host: pr-hdds-1569-p5fx8-1226042367, networkLocation: /default-rack, certSerialId: null}, Type:RATIS, Factor:ONE, State:OPEN]
2019-09-20 14:16:04,260 | INFO  | SCMAudit | user=jenkins1000 | ip=192.168.36.99 | op=REGISTER {datanodeDetails=1bb2a9a8-5a93-4a9a-be35-605f45f451b0{ip: 192.168.36.99, host: pr-hdds-1569-p5fx8-1226042367, networkLocation: /default-rack, certSerialId: null}} | ret=SUCCESS |  
2019-09-20 14:16:04,268 [grpc-default-executor-0] INFO  impl.RaftServerProxy (RaftServerProxy.java:addNew(89)) - c39a907f-67e2-4a2b-96b7-2c2d3aca2dd1: addNew group-07C2C3C447EE:[c39a907f-67e2-4a2b-96b7-2c2d3aca2dd1:192.168.36.99:36682] returns group-07C2C3C447EE:java.util.concurrent.CompletableFuture@428b99ec[Not completed]
2019-09-20 14:16:04,269 [pool-133-thread-1] INFO  impl.RaftServerImpl (RaftServerImpl.java:<init>(93)) - c39a907f-67e2-4a2b-96b7-2c2d3aca2dd1: new RaftServerImpl for group-07C2C3C447EE:[c39a907f-67e2-4a2b-96b7-2c2d3aca2dd1:192.168.36.99:36682] with ContainerStateMachine:uninitialized
2019-09-20 14:16:04,269 [pool-133-thread-1] INFO  server.RaftServerConfigKeys (ConfUtils.java:logGet(43)) - raft.server.rpc.timeout.min = 5s (custom)
2019-09-20 14:16:04,269 [pool-133-thread-1] INFO  server.RaftServerConfigKeys (ConfUtils.java:logGet(43)) - raft.server.rpc.timeout.max = 5200ms (custom)
2019-09-20 14:16:04,270 [pool-133-thread-1] INFO  server.RaftServerConfigKeys (ConfUtils.java:logGet(43)) - raft.server.rpcslowness.timeout = 120s (custom)
2019-09-20 14:16:04,270 [pool-133-thread-1] INFO  server.RaftServerConfigKeys (ConfUtils.java:logGet(43)) - raft.server.sleep.deviation.threshold = 300 (default)
2019-09-20 14:16:04,270 [pool-133-thread-1] INFO  server.RaftServerConfigKeys (ConfUtils.java:logGet(43)) - raft.server.log.appender.install.snapshot.enabled = false (custom)
2019-09-20 14:16:04,270 [pool-133-thread-1] INFO  impl.RaftServerImpl (ServerState.java:<init>(105)) - c39a907f-67e2-4a2b-96b7-2c2d3aca2dd1:group-07C2C3C447EE ConfigurationManager, init=-1: [c39a907f-67e2-4a2b-96b7-2c2d3aca2dd1:192.168.36.99:36682], old=null, confs=<EMPTY_MAP>
2019-09-20 14:16:04,270 [pool-133-thread-1] INFO  server.RaftServerConfigKeys (ConfUtils.java:logGet(43)) - raft.server.storage.dir = [/workdir/hadoop-ozone/ozonefs/target/test-dir/MiniOzoneClusterImpl-cb4c4217-15c8-435f-b543-7039f65985cb/datanode-0/data/ratis] (custom)
2019-09-20 14:16:04,271 [pool-133-thread-1] INFO  storage.RaftStorageDirectory (RaftStorageDirectory.java:analyzeStorage(246)) - The storage directory /workdir/hadoop-ozone/ozonefs/target/test-dir/MiniOzoneClusterImpl-cb4c4217-15c8-435f-b543-7039f65985cb/datanode-0/data/ratis/93004956-ad28-44c5-a97b-07c2c3c447ee does not exist. Creating ...
2019-09-20 14:16:04,293 [pool-133-thread-1] INFO  storage.RaftStorageDirectory (RaftStorageDirectory.java:tryLock(328)) - Lock on /workdir/hadoop-ozone/ozonefs/target/test-dir/MiniOzoneClusterImpl-cb4c4217-15c8-435f-b543-7039f65985cb/datanode-0/data/ratis/93004956-ad28-44c5-a97b-07c2c3c447ee/in_use.lock acquired by nodename 5474@pr-hdds-1569-p5fx8-1226042367
2019-09-20 14:16:04,310 [pool-133-thread-1] INFO  storage.RaftStorage (RaftStorage.java:format(72)) - Storage directory /workdir/hadoop-ozone/ozonefs/target/test-dir/MiniOzoneClusterImpl-cb4c4217-15c8-435f-b543-7039f65985cb/datanode-0/data/ratis/93004956-ad28-44c5-a97b-07c2c3c447ee has been successfully formatted.
2019-09-20 14:16:04,310 [pool-133-thread-1] INFO  ratis.ContainerStateMachine (ContainerStateMachine.java:loadSnapshot(226)) - group-07C2C3C447EE: The snapshot info is null. Setting the last applied indexto:(t:0, i:~)
2019-09-20 14:16:04,310 [pool-133-thread-1] INFO  server.RaftServerConfigKeys (ConfUtils.java:logGet(43)) - raft.server.leader.election.timeout = 120s (custom)
2019-09-20 14:16:04,311 [pool-133-thread-1] INFO  server.RaftServerConfigKeys (ConfUtils.java:logGet(43)) - raft.server.log.use.memory = false (default)
2019-09-20 14:16:04,311 [pool-133-thread-1] INFO  server.RaftServerConfigKeys (ConfUtils.java:logGet(43)) - raft.server.log.purge.gap = 1000000 (custom)
2019-09-20 14:16:04,311 [pool-133-thread-1] INFO  server.RaftServerConfigKeys (ConfUtils.java:logGet(43)) - raft.server.log.appender.buffer.byte-limit = 33554432 (custom)
2019-09-20 14:16:04,311 [pool-133-thread-1] INFO  server.RaftServerConfigKeys (ConfUtils.java:logGet(43)) - raft.server.log.segment.size.max = 1048576 (custom)
2019-09-20 14:16:04,311 [pool-133-thread-1] INFO  server.RaftServerConfigKeys (ConfUtils.java:logGet(43)) - raft.server.log.segment.cache.num.max = 2 (custom)
2019-09-20 14:16:04,311 [pool-133-thread-1] INFO  segmented.SegmentedRaftLogWorker (SegmentedRaftLogWorker.java:<init>(172)) - new c39a907f-67e2-4a2b-96b7-2c2d3aca2dd1-SegmentedRaftLogWorker:Storage Directory /workdir/hadoop-ozone/ozonefs/target/test-dir/MiniOzoneClusterImpl-cb4c4217-15c8-435f-b543-7039f65985cb/datanode-0/data/ratis/93004956-ad28-44c5-a97b-07c2c3c447ee for RaftStorage:Storage Directory /workdir/hadoop-ozone/ozonefs/target/test-dir/MiniOzoneClusterImpl-cb4c4217-15c8-435f-b543-7039f65985cb/datanode-0/data/ratis/93004956-ad28-44c5-a97b-07c2c3c447ee
2019-09-20 14:16:04,312 [pool-133-thread-1] INFO  server.RaftServerConfigKeys (ConfUtils.java:logGet(43)) - raft.server.log.queue.byte-limit = 2147483647 (custom)
2019-09-20 14:16:04,312 [pool-133-thread-1] INFO  server.RaftServerConfigKeys (ConfUtils.java:logGet(43)) - raft.server.log.queue.element-limit = 1024 (custom)
2019-09-20 14:16:04,312 [pool-133-thread-1] INFO  server.RaftServerConfigKeys (ConfUtils.java:logGet(43)) - raft.server.log.segment.size.max = 1048576 (custom)
2019-09-20 14:16:04,312 [pool-133-thread-1] INFO  server.RaftServerConfigKeys (ConfUtils.java:logGet(43)) - raft.server.log.preallocated.size = 16384 (custom)
2019-09-20 14:16:04,312 [pool-133-thread-1] INFO  server.RaftServerConfigKeys (ConfUtils.java:logGet(43)) - raft.server.log.write.buffer.size = 33554432 (custom)
2019-09-20 14:16:04,312 [pool-133-thread-1] INFO  server.RaftServerConfigKeys (ConfUtils.java:logGet(43)) - raft.server.log.force.sync.num = 128 (default)
2019-09-20 14:16:04,313 [pool-133-thread-1] INFO  server.RaftServerConfigKeys (ConfUtils.java:logGet(43)) - raft.server.log.statemachine.data.sync = true (default)
2019-09-20 14:16:04,313 [pool-133-thread-1] INFO  server.RaftServerConfigKeys (ConfUtils.java:logGet(43)) - raft.server.log.statemachine.data.sync.timeout = 10s (default)
2019-09-20 14:16:04,313 [pool-133-thread-1] INFO  server.RaftServerConfigKeys (ConfUtils.java:logGet(43)) - raft.server.log.statemachine.data.sync.timeout.retry = -1 (default)
2019-09-20 14:16:04,313 [pool-133-thread-1] INFO  server.RaftServerConfigKeys (ConfUtils.java:logGet(43)) - raft.server.log.statemachine.data.caching.enabled = true (custom)
2019-09-20 14:16:04,314 [pool-133-thread-1] INFO  segmented.SegmentedRaftLogWorker (SegmentedRaftLogWorker.java:lambda$new$0(132)) - c39a907f-67e2-4a2b-96b7-2c2d3aca2dd1-SegmentedRaftLogWorker:Storage Directory /workdir/hadoop-ozone/ozonefs/target/test-dir/MiniOzoneClusterImpl-cb4c4217-15c8-435f-b543-7039f65985cb/datanode-0/data/ratis/93004956-ad28-44c5-a97b-07c2c3c447ee: flushIndex: setUnconditionally 0 -> -1
2019-09-20 14:16:04,314 [pool-133-thread-1] INFO  server.RaftServerConfigKeys (ConfUtils.java:logGet(43)) - raft.server.snapshot.auto.trigger.enabled = true (custom)
2019-09-20 14:16:04,314 [pool-133-thread-1] INFO  server.RaftServerConfigKeys (ConfUtils.java:logGet(43)) - raft.server.snapshot.auto.trigger.threshold = 10000 (custom)
2019-09-20 14:16:04,314 [pool-133-thread-1] INFO  server.RaftServerConfigKeys (ConfUtils.java:logGet(43)) - raft.server.retrycache.expirytime = 600000ms (custom)
2019-09-20 14:16:04,315 [pool-133-thread-1] INFO  impl.RaftServerImpl (RaftServerImpl.java:start(180)) - c39a907f-67e2-4a2b-96b7-2c2d3aca2dd1: start group-07C2C3C447EE
2019-09-20 14:16:04,315 [pool-133-thread-1] INFO  impl.RaftServerImpl (RaftServerImpl.java:setRole(171)) - c39a907f-67e2-4a2b-96b7-2c2d3aca2dd1:group-07C2C3C447EE changes role from null to FOLLOWER at term 0 for startAsFollower
2019-09-20 14:16:04,315 [pool-133-thread-1] INFO  impl.RoleInfo (RoleInfo.java:updateAndGet(143)) - c39a907f-67e2-4a2b-96b7-2c2d3aca2dd1: start FollowerState
2019-09-20 14:16:04,315 [pool-133-thread-1] INFO  util.JmxRegister (JmxRegister.java:tryRegister(44)) - Successfully registered JMX Bean with object name Ratis:service=RaftServer,group=group-07C2C3C447EE,id=c39a907f-67e2-4a2b-96b7-2c2d3aca2dd1
2019-09-20 14:16:04,319 [RatisPipelineUtilsThread] INFO  pipeline.PipelineStateManager (PipelineStateManager.java:addPipeline(56)) - Created pipeline Pipeline[ Id: 93004956-ad28-44c5-a97b-07c2c3c447ee, Nodes: c39a907f-67e2-4a2b-96b7-2c2d3aca2dd1{ip: 192.168.36.99, host: pr-hdds-1569-p5fx8-1226042367, networkLocation: /default-rack, certSerialId: null}, Type:RATIS, Factor:ONE, State:OPEN]
2019-09-20 14:16:04,328 [grpc-default-executor-0] INFO  impl.RaftServerProxy (RaftServerProxy.java:addNew(89)) - 1bb2a9a8-5a93-4a9a-be35-605f45f451b0: addNew group-132FA62A4DEC:[1bb2a9a8-5a93-4a9a-be35-605f45f451b0:192.168.36.99:45691] returns group-132FA62A4DEC:java.util.concurrent.CompletableFuture@6d85a720[Not completed]
2019-09-20 14:16:04,329 [pool-155-thread-1] INFO  impl.RaftServerImpl (RaftServerImpl.java:<init>(93)) - 1bb2a9a8-5a93-4a9a-be35-605f45f451b0: new RaftServerImpl for group-132FA62A4DEC:[1bb2a9a8-5a93-4a9a-be35-605f45f451b0:192.168.36.99:45691] with ContainerStateMachine:uninitialized
2019-09-20 14:16:04,329 [pool-155-thread-1] INFO  server.RaftServerConfigKeys (ConfUtils.java:logGet(43)) - raft.server.rpc.timeout.min = 5s (custom)
2019-09-20 14:16:04,329 [pool-155-thread-1] INFO  server.RaftServerConfigKeys (ConfUtils.java:logGet(43)) - raft.server.rpc.timeout.max = 5200ms (custom)
2019-09-20 14:16:04,330 [pool-155-thread-1] INFO  server.RaftServerConfigKeys (ConfUtils.java:logGet(43)) - raft.server.rpcslowness.timeout = 120s (custom)
2019-09-20 14:16:04,330 [pool-155-thread-1] INFO  server.RaftServerConfigKeys (ConfUtils.java:logGet(43)) - raft.server.sleep.deviation.threshold = 300 (default)
2019-09-20 14:16:04,330 [pool-155-thread-1] INFO  server.RaftServerConfigKeys (ConfUtils.java:logGet(43)) - raft.server.log.appender.install.snapshot.enabled = false (custom)
2019-09-20 14:16:04,330 [pool-155-thread-1] INFO  impl.RaftServerImpl (ServerState.java:<init>(105)) - 1bb2a9a8-5a93-4a9a-be35-605f45f451b0:group-132FA62A4DEC ConfigurationManager, init=-1: [1bb2a9a8-5a93-4a9a-be35-605f45f451b0:192.168.36.99:45691], old=null, confs=<EMPTY_MAP>
2019-09-20 14:16:04,330 [pool-155-thread-1] INFO  server.RaftServerConfigKeys (ConfUtils.java:logGet(43)) - raft.server.storage.dir = [/workdir/hadoop-ozone/ozonefs/target/test-dir/MiniOzoneClusterImpl-cb4c4217-15c8-435f-b543-7039f65985cb/datanode-2/data/ratis] (custom)
2019-09-20 14:16:04,331 [pool-155-thread-1] INFO  storage.RaftStorageDirectory (RaftStorageDirectory.java:analyzeStorage(246)) - The storage directory /workdir/hadoop-ozone/ozonefs/target/test-dir/MiniOzoneClusterImpl-cb4c4217-15c8-435f-b543-7039f65985cb/datanode-2/data/ratis/0bf97120-52b7-4985-a416-132fa62a4dec does not exist. Creating ...
2019-09-20 14:16:04,352 [pool-155-thread-1] INFO  storage.RaftStorageDirectory (RaftStorageDirectory.java:tryLock(328)) - Lock on /workdir/hadoop-ozone/ozonefs/target/test-dir/MiniOzoneClusterImpl-cb4c4217-15c8-435f-b543-7039f65985cb/datanode-2/data/ratis/0bf97120-52b7-4985-a416-132fa62a4dec/in_use.lock acquired by nodename 5474@pr-hdds-1569-p5fx8-1226042367
2019-09-20 14:16:04,369 [pool-155-thread-1] INFO  storage.RaftStorage (RaftStorage.java:format(72)) - Storage directory /workdir/hadoop-ozone/ozonefs/target/test-dir/MiniOzoneClusterImpl-cb4c4217-15c8-435f-b543-7039f65985cb/datanode-2/data/ratis/0bf97120-52b7-4985-a416-132fa62a4dec has been successfully formatted.
2019-09-20 14:16:04,369 [pool-155-thread-1] INFO  ratis.ContainerStateMachine (ContainerStateMachine.java:loadSnapshot(226)) - group-132FA62A4DEC: The snapshot info is null. Setting the last applied indexto:(t:0, i:~)
2019-09-20 14:16:04,369 [pool-155-thread-1] INFO  server.RaftServerConfigKeys (ConfUtils.java:logGet(43)) - raft.server.leader.election.timeout = 120s (custom)
2019-09-20 14:16:04,370 [pool-155-thread-1] INFO  server.RaftServerConfigKeys (ConfUtils.java:logGet(43)) - raft.server.log.use.memory = false (default)
2019-09-20 14:16:04,370 [pool-155-thread-1] INFO  server.RaftServerConfigKeys (ConfUtils.java:logGet(43)) - raft.server.log.purge.gap = 1000000 (custom)
2019-09-20 14:16:04,370 [pool-155-thread-1] INFO  server.RaftServerConfigKeys (ConfUtils.java:logGet(43)) - raft.server.log.appender.buffer.byte-limit = 33554432 (custom)
2019-09-20 14:16:04,370 [pool-155-thread-1] INFO  server.RaftServerConfigKeys (ConfUtils.java:logGet(43)) - raft.server.log.segment.size.max = 1048576 (custom)
2019-09-20 14:16:04,370 [pool-155-thread-1] INFO  server.RaftServerConfigKeys (ConfUtils.java:logGet(43)) - raft.server.log.segment.cache.num.max = 2 (custom)
2019-09-20 14:16:04,371 [pool-155-thread-1] INFO  segmented.SegmentedRaftLogWorker (SegmentedRaftLogWorker.java:<init>(172)) - new 1bb2a9a8-5a93-4a9a-be35-605f45f451b0-SegmentedRaftLogWorker:Storage Directory /workdir/hadoop-ozone/ozonefs/target/test-dir/MiniOzoneClusterImpl-cb4c4217-15c8-435f-b543-7039f65985cb/datanode-2/data/ratis/0bf97120-52b7-4985-a416-132fa62a4dec for RaftStorage:Storage Directory /workdir/hadoop-ozone/ozonefs/target/test-dir/MiniOzoneClusterImpl-cb4c4217-15c8-435f-b543-7039f65985cb/datanode-2/data/ratis/0bf97120-52b7-4985-a416-132fa62a4dec
2019-09-20 14:16:04,371 [pool-155-thread-1] INFO  server.RaftServerConfigKeys (ConfUtils.java:logGet(43)) - raft.server.log.queue.byte-limit = 2147483647 (custom)
2019-09-20 14:16:04,371 [pool-155-thread-1] INFO  server.RaftServerConfigKeys (ConfUtils.java:logGet(43)) - raft.server.log.queue.element-limit = 1024 (custom)
2019-09-20 14:16:04,371 [pool-155-thread-1] INFO  server.RaftServerConfigKeys (ConfUtils.java:logGet(43)) - raft.server.log.segment.size.max = 1048576 (custom)
2019-09-20 14:16:04,372 [pool-155-thread-1] INFO  server.RaftServerConfigKeys (ConfUtils.java:logGet(43)) - raft.server.log.preallocated.size = 16384 (custom)
2019-09-20 14:16:04,372 [pool-155-thread-1] INFO  server.RaftServerConfigKeys (ConfUtils.java:logGet(43)) - raft.server.log.write.buffer.size = 33554432 (custom)
2019-09-20 14:16:04,372 [pool-155-thread-1] INFO  server.RaftServerConfigKeys (ConfUtils.java:logGet(43)) - raft.server.log.force.sync.num = 128 (default)
2019-09-20 14:16:04,372 [pool-155-thread-1] INFO  server.RaftServerConfigKeys (ConfUtils.java:logGet(43)) - raft.server.log.statemachine.data.sync = true (default)
2019-09-20 14:16:04,372 [pool-155-thread-1] INFO  server.RaftServerConfigKeys (ConfUtils.java:logGet(43)) - raft.server.log.statemachine.data.sync.timeout = 10s (default)
2019-09-20 14:16:04,372 [pool-155-thread-1] INFO  server.RaftServerConfigKeys (ConfUtils.java:logGet(43)) - raft.server.log.statemachine.data.sync.timeout.retry = -1 (default)
2019-09-20 14:16:04,373 [pool-155-thread-1] INFO  server.RaftServerConfigKeys (ConfUtils.java:logGet(43)) - raft.server.log.statemachine.data.caching.enabled = true (custom)
2019-09-20 14:16:04,373 [pool-155-thread-1] INFO  segmented.SegmentedRaftLogWorker (SegmentedRaftLogWorker.java:lambda$new$0(132)) - 1bb2a9a8-5a93-4a9a-be35-605f45f451b0-SegmentedRaftLogWorker:Storage Directory /workdir/hadoop-ozone/ozonefs/target/test-dir/MiniOzoneClusterImpl-cb4c4217-15c8-435f-b543-7039f65985cb/datanode-2/data/ratis/0bf97120-52b7-4985-a416-132fa62a4dec: flushIndex: setUnconditionally 0 -> -1
2019-09-20 14:16:04,374 [pool-155-thread-1] INFO  server.RaftServerConfigKeys (ConfUtils.java:logGet(43)) - raft.server.snapshot.auto.trigger.enabled = true (custom)
2019-09-20 14:16:04,374 [pool-155-thread-1] INFO  server.RaftServerConfigKeys (ConfUtils.java:logGet(43)) - raft.server.snapshot.auto.trigger.threshold = 10000 (custom)
2019-09-20 14:16:04,374 [pool-155-thread-1] INFO  server.RaftServerConfigKeys (ConfUtils.java:logGet(43)) - raft.server.retrycache.expirytime = 600000ms (custom)
2019-09-20 14:16:04,374 [pool-155-thread-1] INFO  impl.RaftServerImpl (RaftServerImpl.java:start(180)) - 1bb2a9a8-5a93-4a9a-be35-605f45f451b0: start group-132FA62A4DEC
2019-09-20 14:16:04,374 [pool-155-thread-1] INFO  impl.RaftServerImpl (RaftServerImpl.java:setRole(171)) - 1bb2a9a8-5a93-4a9a-be35-605f45f451b0:group-132FA62A4DEC changes role from null to FOLLOWER at term 0 for startAsFollower
2019-09-20 14:16:04,375 [pool-155-thread-1] INFO  impl.RoleInfo (RoleInfo.java:updateAndGet(143)) - 1bb2a9a8-5a93-4a9a-be35-605f45f451b0: start FollowerState
2019-09-20 14:16:04,375 [pool-155-thread-1] INFO  util.JmxRegister (JmxRegister.java:tryRegister(44)) - Successfully registered JMX Bean with object name Ratis:service=RaftServer,group=group-132FA62A4DEC,id=1bb2a9a8-5a93-4a9a-be35-605f45f451b0
2019-09-20 14:16:04,379 [RatisPipelineUtilsThread] INFO  pipeline.PipelineStateManager (PipelineStateManager.java:addPipeline(56)) - Created pipeline Pipeline[ Id: 0bf97120-52b7-4985-a416-132fa62a4dec, Nodes: 1bb2a9a8-5a93-4a9a-be35-605f45f451b0{ip: 192.168.36.99, host: pr-hdds-1569-p5fx8-1226042367, networkLocation: /default-rack, certSerialId: null}, Type:RATIS, Factor:ONE, State:OPEN]
2019-09-20 14:16:04,385 [grpc-default-executor-0] INFO  impl.RaftServerProxy (RaftServerProxy.java:addNew(89)) - 1bb2a9a8-5a93-4a9a-be35-605f45f451b0: addNew group-7DA763EAC7BA:[1bb2a9a8-5a93-4a9a-be35-605f45f451b0:192.168.36.99:45691] returns group-7DA763EAC7BA:java.util.concurrent.CompletableFuture@e832526[Not completed]
2019-09-20 14:16:04,386 [pool-155-thread-1] INFO  impl.RaftServerImpl (RaftServerImpl.java:<init>(93)) - 1bb2a9a8-5a93-4a9a-be35-605f45f451b0: new RaftServerImpl for group-7DA763EAC7BA:[1bb2a9a8-5a93-4a9a-be35-605f45f451b0:192.168.36.99:45691] with ContainerStateMachine:uninitialized
2019-09-20 14:16:04,387 [pool-155-thread-1] INFO  server.RaftServerConfigKeys (ConfUtils.java:logGet(43)) - raft.server.rpc.timeout.min = 5s (custom)
2019-09-20 14:16:04,387 [pool-155-thread-1] INFO  server.RaftServerConfigKeys (ConfUtils.java:logGet(43)) - raft.server.rpc.timeout.max = 5200ms (custom)
2019-09-20 14:16:04,387 [pool-155-thread-1] INFO  server.RaftServerConfigKeys (ConfUtils.java:logGet(43)) - raft.server.rpcslowness.timeout = 120s (custom)
2019-09-20 14:16:04,387 [pool-155-thread-1] INFO  server.RaftServerConfigKeys (ConfUtils.java:logGet(43)) - raft.server.sleep.deviation.threshold = 300 (default)
2019-09-20 14:16:04,387 [pool-155-thread-1] INFO  server.RaftServerConfigKeys (ConfUtils.java:logGet(43)) - raft.server.log.appender.install.snapshot.enabled = false (custom)
2019-09-20 14:16:04,387 [pool-155-thread-1] INFO  impl.RaftServerImpl (ServerState.java:<init>(105)) - 1bb2a9a8-5a93-4a9a-be35-605f45f451b0:group-7DA763EAC7BA ConfigurationManager, init=-1: [1bb2a9a8-5a93-4a9a-be35-605f45f451b0:192.168.36.99:45691], old=null, confs=<EMPTY_MAP>
2019-09-20 14:16:04,387 [pool-155-thread-1] INFO  server.RaftServerConfigKeys (ConfUtils.java:logGet(43)) - raft.server.storage.dir = [/workdir/hadoop-ozone/ozonefs/target/test-dir/MiniOzoneClusterImpl-cb4c4217-15c8-435f-b543-7039f65985cb/datanode-2/data/ratis] (custom)
2019-09-20 14:16:04,388 [pool-155-thread-1] INFO  storage.RaftStorageDirectory (RaftStorageDirectory.java:analyzeStorage(246)) - The storage directory /workdir/hadoop-ozone/ozonefs/target/test-dir/MiniOzoneClusterImpl-cb4c4217-15c8-435f-b543-7039f65985cb/datanode-2/data/ratis/18970d63-cd0e-49a0-8441-7da763eac7ba does not exist. Creating ...
2019-09-20 14:16:04,411 [pool-155-thread-1] INFO  storage.RaftStorageDirectory (RaftStorageDirectory.java:tryLock(328)) - Lock on /workdir/hadoop-ozone/ozonefs/target/test-dir/MiniOzoneClusterImpl-cb4c4217-15c8-435f-b543-7039f65985cb/datanode-2/data/ratis/18970d63-cd0e-49a0-8441-7da763eac7ba/in_use.lock acquired by nodename 5474@pr-hdds-1569-p5fx8-1226042367
2019-09-20 14:16:04,436 [pool-155-thread-1] INFO  storage.RaftStorage (RaftStorage.java:format(72)) - Storage directory /workdir/hadoop-ozone/ozonefs/target/test-dir/MiniOzoneClusterImpl-cb4c4217-15c8-435f-b543-7039f65985cb/datanode-2/data/ratis/18970d63-cd0e-49a0-8441-7da763eac7ba has been successfully formatted.
2019-09-20 14:16:04,437 [pool-155-thread-1] INFO  ratis.ContainerStateMachine (ContainerStateMachine.java:loadSnapshot(226)) - group-7DA763EAC7BA: The snapshot info is null. Setting the last applied indexto:(t:0, i:~)
2019-09-20 14:16:04,437 [pool-155-thread-1] INFO  server.RaftServerConfigKeys (ConfUtils.java:logGet(43)) - raft.server.leader.election.timeout = 120s (custom)
2019-09-20 14:16:04,437 [pool-155-thread-1] INFO  server.RaftServerConfigKeys (ConfUtils.java:logGet(43)) - raft.server.log.use.memory = false (default)
2019-09-20 14:16:04,437 [pool-155-thread-1] INFO  server.RaftServerConfigKeys (ConfUtils.java:logGet(43)) - raft.server.log.purge.gap = 1000000 (custom)
2019-09-20 14:16:04,437 [pool-155-thread-1] INFO  server.RaftServerConfigKeys (ConfUtils.java:logGet(43)) - raft.server.log.appender.buffer.byte-limit = 33554432 (custom)
2019-09-20 14:16:04,437 [pool-155-thread-1] INFO  server.RaftServerConfigKeys (ConfUtils.java:logGet(43)) - raft.server.log.segment.size.max = 1048576 (custom)
2019-09-20 14:16:04,438 [pool-155-thread-1] INFO  server.RaftServerConfigKeys (ConfUtils.java:logGet(43)) - raft.server.log.segment.cache.num.max = 2 (custom)
2019-09-20 14:16:04,438 [pool-155-thread-1] INFO  segmented.SegmentedRaftLogWorker (SegmentedRaftLogWorker.java:<init>(172)) - new 1bb2a9a8-5a93-4a9a-be35-605f45f451b0-SegmentedRaftLogWorker:Storage Directory /workdir/hadoop-ozone/ozonefs/target/test-dir/MiniOzoneClusterImpl-cb4c4217-15c8-435f-b543-7039f65985cb/datanode-2/data/ratis/18970d63-cd0e-49a0-8441-7da763eac7ba for RaftStorage:Storage Directory /workdir/hadoop-ozone/ozonefs/target/test-dir/MiniOzoneClusterImpl-cb4c4217-15c8-435f-b543-7039f65985cb/datanode-2/data/ratis/18970d63-cd0e-49a0-8441-7da763eac7ba
2019-09-20 14:16:04,438 [pool-155-thread-1] INFO  server.RaftServerConfigKeys (ConfUtils.java:logGet(43)) - raft.server.log.queue.byte-limit = 2147483647 (custom)
2019-09-20 14:16:04,438 [pool-155-thread-1] INFO  server.RaftServerConfigKeys (ConfUtils.java:logGet(43)) - raft.server.log.queue.element-limit = 1024 (custom)
2019-09-20 14:16:04,438 [pool-155-thread-1] INFO  server.RaftServerConfigKeys (ConfUtils.java:logGet(43)) - raft.server.log.segment.size.max = 1048576 (custom)
2019-09-20 14:16:04,438 [pool-155-thread-1] INFO  server.RaftServerConfigKeys (ConfUtils.java:logGet(43)) - raft.server.log.preallocated.size = 16384 (custom)
2019-09-20 14:16:04,439 [pool-155-thread-1] INFO  server.RaftServerConfigKeys (ConfUtils.java:logGet(43)) - raft.server.log.write.buffer.size = 33554432 (custom)
2019-09-20 14:16:04,439 [pool-155-thread-1] INFO  server.RaftServerConfigKeys (ConfUtils.java:logGet(43)) - raft.server.log.force.sync.num = 128 (default)
2019-09-20 14:16:04,439 [pool-155-thread-1] INFO  server.RaftServerConfigKeys (ConfUtils.java:logGet(43)) - raft.server.log.statemachine.data.sync = true (default)
2019-09-20 14:16:04,439 [pool-155-thread-1] INFO  server.RaftServerConfigKeys (ConfUtils.java:logGet(43)) - raft.server.log.statemachine.data.sync.timeout = 10s (default)
2019-09-20 14:16:04,439 [pool-155-thread-1] INFO  server.RaftServerConfigKeys (ConfUtils.java:logGet(43)) - raft.server.log.statemachine.data.sync.timeout.retry = -1 (default)
2019-09-20 14:16:04,439 [pool-155-thread-1] INFO  server.RaftServerConfigKeys (ConfUtils.java:logGet(43)) - raft.server.log.statemachine.data.caching.enabled = true (custom)
2019-09-20 14:16:04,440 [pool-155-thread-1] INFO  segmented.SegmentedRaftLogWorker (SegmentedRaftLogWorker.java:lambda$new$0(132)) - 1bb2a9a8-5a93-4a9a-be35-605f45f451b0-SegmentedRaftLogWorker:Storage Directory /workdir/hadoop-ozone/ozonefs/target/test-dir/MiniOzoneClusterImpl-cb4c4217-15c8-435f-b543-7039f65985cb/datanode-2/data/ratis/18970d63-cd0e-49a0-8441-7da763eac7ba: flushIndex: setUnconditionally 0 -> -1
2019-09-20 14:16:04,440 [pool-155-thread-1] INFO  server.RaftServerConfigKeys (ConfUtils.java:logGet(43)) - raft.server.snapshot.auto.trigger.enabled = true (custom)
2019-09-20 14:16:04,440 [pool-155-thread-1] INFO  server.RaftServerConfigKeys (ConfUtils.java:logGet(43)) - raft.server.snapshot.auto.trigger.threshold = 10000 (custom)
2019-09-20 14:16:04,440 [pool-155-thread-1] INFO  server.RaftServerConfigKeys (ConfUtils.java:logGet(43)) - raft.server.retrycache.expirytime = 600000ms (custom)
2019-09-20 14:16:04,441 [pool-155-thread-1] INFO  impl.RaftServerImpl (RaftServerImpl.java:start(180)) - 1bb2a9a8-5a93-4a9a-be35-605f45f451b0: start group-7DA763EAC7BA
2019-09-20 14:16:04,441 [pool-155-thread-1] INFO  impl.RaftServerImpl (RaftServerImpl.java:setRole(171)) - 1bb2a9a8-5a93-4a9a-be35-605f45f451b0:group-7DA763EAC7BA changes role from null to FOLLOWER at term 0 for startAsFollower
2019-09-20 14:16:04,441 [pool-155-thread-1] INFO  impl.RoleInfo (RoleInfo.java:updateAndGet(143)) - 1bb2a9a8-5a93-4a9a-be35-605f45f451b0: start FollowerState
2019-09-20 14:16:04,441 [pool-155-thread-1] INFO  util.JmxRegister (JmxRegister.java:tryRegister(44)) - Successfully registered JMX Bean with object name Ratis:service=RaftServer,group=group-7DA763EAC7BA,id=1bb2a9a8-5a93-4a9a-be35-605f45f451b0
2019-09-20 14:16:04,445 [RatisPipelineUtilsThread] INFO  pipeline.PipelineStateManager (PipelineStateManager.java:addPipeline(56)) - Created pipeline Pipeline[ Id: 18970d63-cd0e-49a0-8441-7da763eac7ba, Nodes: 1bb2a9a8-5a93-4a9a-be35-605f45f451b0{ip: 192.168.36.99, host: pr-hdds-1569-p5fx8-1226042367, networkLocation: /default-rack, certSerialId: null}, Type:RATIS, Factor:ONE, State:OPEN]
2019-09-20 14:16:04,451 [grpc-default-executor-0] INFO  impl.RaftServerProxy (RaftServerProxy.java:addNew(89)) - 1bb2a9a8-5a93-4a9a-be35-605f45f451b0: addNew group-5841A3609F60:[1bb2a9a8-5a93-4a9a-be35-605f45f451b0:192.168.36.99:45691] returns group-5841A3609F60:java.util.concurrent.CompletableFuture@645aa034[Not completed]
2019-09-20 14:16:04,452 [pool-155-thread-1] INFO  impl.RaftServerImpl (RaftServerImpl.java:<init>(93)) - 1bb2a9a8-5a93-4a9a-be35-605f45f451b0: new RaftServerImpl for group-5841A3609F60:[1bb2a9a8-5a93-4a9a-be35-605f45f451b0:192.168.36.99:45691] with ContainerStateMachine:uninitialized
2019-09-20 14:16:04,452 [pool-155-thread-1] INFO  server.RaftServerConfigKeys (ConfUtils.java:logGet(43)) - raft.server.rpc.timeout.min = 5s (custom)
2019-09-20 14:16:04,453 [pool-155-thread-1] INFO  server.RaftServerConfigKeys (ConfUtils.java:logGet(43)) - raft.server.rpc.timeout.max = 5200ms (custom)
2019-09-20 14:16:04,453 [pool-155-thread-1] INFO  server.RaftServerConfigKeys (ConfUtils.java:logGet(43)) - raft.server.rpcslowness.timeout = 120s (custom)
2019-09-20 14:16:04,453 [pool-155-thread-1] INFO  server.RaftServerConfigKeys (ConfUtils.java:logGet(43)) - raft.server.sleep.deviation.threshold = 300 (default)
2019-09-20 14:16:04,453 [pool-155-thread-1] INFO  server.RaftServerConfigKeys (ConfUtils.java:logGet(43)) - raft.server.log.appender.install.snapshot.enabled = false (custom)
2019-09-20 14:16:04,453 [pool-155-thread-1] INFO  impl.RaftServerImpl (ServerState.java:<init>(105)) - 1bb2a9a8-5a93-4a9a-be35-605f45f451b0:group-5841A3609F60 ConfigurationManager, init=-1: [1bb2a9a8-5a93-4a9a-be35-605f45f451b0:192.168.36.99:45691], old=null, confs=<EMPTY_MAP>
2019-09-20 14:16:04,453 [pool-155-thread-1] INFO  server.RaftServerConfigKeys (ConfUtils.java:logGet(43)) - raft.server.storage.dir = [/workdir/hadoop-ozone/ozonefs/target/test-dir/MiniOzoneClusterImpl-cb4c4217-15c8-435f-b543-7039f65985cb/datanode-2/data/ratis] (custom)
2019-09-20 14:16:04,454 [pool-155-thread-1] INFO  storage.RaftStorageDirectory (RaftStorageDirectory.java:analyzeStorage(246)) - The storage directory /workdir/hadoop-ozone/ozonefs/target/test-dir/MiniOzoneClusterImpl-cb4c4217-15c8-435f-b543-7039f65985cb/datanode-2/data/ratis/0b758fda-66d8-4ea2-b1f6-5841a3609f60 does not exist. Creating ...
2019-09-20 14:16:04,470 [pool-155-thread-1] INFO  storage.RaftStorageDirectory (RaftStorageDirectory.java:tryLock(328)) - Lock on /workdir/hadoop-ozone/ozonefs/target/test-dir/MiniOzoneClusterImpl-cb4c4217-15c8-435f-b543-7039f65985cb/datanode-2/data/ratis/0b758fda-66d8-4ea2-b1f6-5841a3609f60/in_use.lock acquired by nodename 5474@pr-hdds-1569-p5fx8-1226042367
2019-09-20 14:16:04,512 [pool-155-thread-1] INFO  storage.RaftStorage (RaftStorage.java:format(72)) - Storage directory /workdir/hadoop-ozone/ozonefs/target/test-dir/MiniOzoneClusterImpl-cb4c4217-15c8-435f-b543-7039f65985cb/datanode-2/data/ratis/0b758fda-66d8-4ea2-b1f6-5841a3609f60 has been successfully formatted.
2019-09-20 14:16:04,512 [pool-155-thread-1] INFO  ratis.ContainerStateMachine (ContainerStateMachine.java:loadSnapshot(226)) - group-5841A3609F60: The snapshot info is null. Setting the last applied indexto:(t:0, i:~)
2019-09-20 14:16:04,513 [pool-155-thread-1] INFO  server.RaftServerConfigKeys (ConfUtils.java:logGet(43)) - raft.server.leader.election.timeout = 120s (custom)
2019-09-20 14:16:04,513 [pool-155-thread-1] INFO  server.RaftServerConfigKeys (ConfUtils.java:logGet(43)) - raft.server.log.use.memory = false (default)
2019-09-20 14:16:04,513 [pool-155-thread-1] INFO  server.RaftServerConfigKeys (ConfUtils.java:logGet(43)) - raft.server.log.purge.gap = 1000000 (custom)
2019-09-20 14:16:04,513 [pool-155-thread-1] INFO  server.RaftServerConfigKeys (ConfUtils.java:logGet(43)) - raft.server.log.appender.buffer.byte-limit = 33554432 (custom)
2019-09-20 14:16:04,513 [pool-155-thread-1] INFO  server.RaftServerConfigKeys (ConfUtils.java:logGet(43)) - raft.server.log.segment.size.max = 1048576 (custom)
2019-09-20 14:16:04,513 [pool-155-thread-1] INFO  server.RaftServerConfigKeys (ConfUtils.java:logGet(43)) - raft.server.log.segment.cache.num.max = 2 (custom)
2019-09-20 14:16:04,514 [pool-155-thread-1] INFO  segmented.SegmentedRaftLogWorker (SegmentedRaftLogWorker.java:<init>(172)) - new 1bb2a9a8-5a93-4a9a-be35-605f45f451b0-SegmentedRaftLogWorker:Storage Directory /workdir/hadoop-ozone/ozonefs/target/test-dir/MiniOzoneClusterImpl-cb4c4217-15c8-435f-b543-7039f65985cb/datanode-2/data/ratis/0b758fda-66d8-4ea2-b1f6-5841a3609f60 for RaftStorage:Storage Directory /workdir/hadoop-ozone/ozonefs/target/test-dir/MiniOzoneClusterImpl-cb4c4217-15c8-435f-b543-7039f65985cb/datanode-2/data/ratis/0b758fda-66d8-4ea2-b1f6-5841a3609f60
2019-09-20 14:16:04,514 [pool-155-thread-1] INFO  server.RaftServerConfigKeys (ConfUtils.java:logGet(43)) - raft.server.log.queue.byte-limit = 2147483647 (custom)
2019-09-20 14:16:04,514 [pool-155-thread-1] INFO  server.RaftServerConfigKeys (ConfUtils.java:logGet(43)) - raft.server.log.queue.element-limit = 1024 (custom)
2019-09-20 14:16:04,514 [pool-155-thread-1] INFO  server.RaftServerConfigKeys (ConfUtils.java:logGet(43)) - raft.server.log.segment.size.max = 1048576 (custom)
2019-09-20 14:16:04,514 [pool-155-thread-1] INFO  server.RaftServerConfigKeys (ConfUtils.java:logGet(43)) - raft.server.log.preallocated.size = 16384 (custom)
2019-09-20 14:16:04,514 [pool-155-thread-1] INFO  server.RaftServerConfigKeys (ConfUtils.java:logGet(43)) - raft.server.log.write.buffer.size = 33554432 (custom)
2019-09-20 14:16:04,515 [pool-155-thread-1] INFO  server.RaftServerConfigKeys (ConfUtils.java:logGet(43)) - raft.server.log.force.sync.num = 128 (default)
2019-09-20 14:16:04,515 [pool-155-thread-1] INFO  server.RaftServerConfigKeys (ConfUtils.java:logGet(43)) - raft.server.log.statemachine.data.sync = true (default)
2019-09-20 14:16:04,515 [pool-155-thread-1] INFO  server.RaftServerConfigKeys (ConfUtils.java:logGet(43)) - raft.server.log.statemachine.data.sync.timeout = 10s (default)
2019-09-20 14:16:04,515 [pool-155-thread-1] INFO  server.RaftServerConfigKeys (ConfUtils.java:logGet(43)) - raft.server.log.statemachine.data.sync.timeout.retry = -1 (default)
2019-09-20 14:16:04,515 [pool-155-thread-1] INFO  server.RaftServerConfigKeys (ConfUtils.java:logGet(43)) - raft.server.log.statemachine.data.caching.enabled = true (custom)
2019-09-20 14:16:04,516 [pool-155-thread-1] INFO  segmented.SegmentedRaftLogWorker (SegmentedRaftLogWorker.java:lambda$new$0(132)) - 1bb2a9a8-5a93-4a9a-be35-605f45f451b0-SegmentedRaftLogWorker:Storage Directory /workdir/hadoop-ozone/ozonefs/target/test-dir/MiniOzoneClusterImpl-cb4c4217-15c8-435f-b543-7039f65985cb/datanode-2/data/ratis/0b758fda-66d8-4ea2-b1f6-5841a3609f60: flushIndex: setUnconditionally 0 -> -1
2019-09-20 14:16:04,516 [pool-155-thread-1] INFO  server.RaftServerConfigKeys (ConfUtils.java:logGet(43)) - raft.server.snapshot.auto.trigger.enabled = true (custom)
2019-09-20 14:16:04,516 [pool-155-thread-1] INFO  server.RaftServerConfigKeys (ConfUtils.java:logGet(43)) - raft.server.snapshot.auto.trigger.threshold = 10000 (custom)
2019-09-20 14:16:04,516 [pool-155-thread-1] INFO  server.RaftServerConfigKeys (ConfUtils.java:logGet(43)) - raft.server.retrycache.expirytime = 600000ms (custom)
2019-09-20 14:16:04,517 [pool-155-thread-1] INFO  impl.RaftServerImpl (RaftServerImpl.java:start(180)) - 1bb2a9a8-5a93-4a9a-be35-605f45f451b0: start group-5841A3609F60
2019-09-20 14:16:04,517 [pool-155-thread-1] INFO  impl.RaftServerImpl (RaftServerImpl.java:setRole(171)) - 1bb2a9a8-5a93-4a9a-be35-605f45f451b0:group-5841A3609F60 changes role from null to FOLLOWER at term 0 for startAsFollower
2019-09-20 14:16:04,517 [pool-155-thread-1] INFO  impl.RoleInfo (RoleInfo.java:updateAndGet(143)) - 1bb2a9a8-5a93-4a9a-be35-605f45f451b0: start FollowerState
2019-09-20 14:16:04,517 [pool-155-thread-1] INFO  util.JmxRegister (JmxRegister.java:tryRegister(44)) - Successfully registered JMX Bean with object name Ratis:service=RaftServer,group=group-5841A3609F60,id=1bb2a9a8-5a93-4a9a-be35-605f45f451b0
2019-09-20 14:16:04,521 [RatisPipelineUtilsThread] INFO  pipeline.PipelineStateManager (PipelineStateManager.java:addPipeline(56)) - Created pipeline Pipeline[ Id: 0b758fda-66d8-4ea2-b1f6-5841a3609f60, Nodes: 1bb2a9a8-5a93-4a9a-be35-605f45f451b0{ip: 192.168.36.99, host: pr-hdds-1569-p5fx8-1226042367, networkLocation: /default-rack, certSerialId: null}, Type:RATIS, Factor:ONE, State:OPEN]
2019-09-20 14:16:04,527 [grpc-default-executor-0] INFO  impl.RaftServerProxy (RaftServerProxy.java:addNew(89)) - c39a907f-67e2-4a2b-96b7-2c2d3aca2dd1: addNew group-22E53EA8B7F1:[c39a907f-67e2-4a2b-96b7-2c2d3aca2dd1:192.168.36.99:36682] returns group-22E53EA8B7F1:java.util.concurrent.CompletableFuture@788f42d0[Not completed]
2019-09-20 14:16:04,528 [pool-133-thread-1] INFO  impl.RaftServerImpl (RaftServerImpl.java:<init>(93)) - c39a907f-67e2-4a2b-96b7-2c2d3aca2dd1: new RaftServerImpl for group-22E53EA8B7F1:[c39a907f-67e2-4a2b-96b7-2c2d3aca2dd1:192.168.36.99:36682] with ContainerStateMachine:uninitialized
2019-09-20 14:16:04,529 [pool-133-thread-1] INFO  server.RaftServerConfigKeys (ConfUtils.java:logGet(43)) - raft.server.rpc.timeout.min = 5s (custom)
2019-09-20 14:16:04,529 [pool-133-thread-1] INFO  server.RaftServerConfigKeys (ConfUtils.java:logGet(43)) - raft.server.rpc.timeout.max = 5200ms (custom)
2019-09-20 14:16:04,529 [pool-133-thread-1] INFO  server.RaftServerConfigKeys (ConfUtils.java:logGet(43)) - raft.server.rpcslowness.timeout = 120s (custom)
2019-09-20 14:16:04,529 [pool-133-thread-1] INFO  server.RaftServerConfigKeys (ConfUtils.java:logGet(43)) - raft.server.sleep.deviation.threshold = 300 (default)
2019-09-20 14:16:04,529 [pool-133-thread-1] INFO  server.RaftServerConfigKeys (ConfUtils.java:logGet(43)) - raft.server.log.appender.install.snapshot.enabled = false (custom)
2019-09-20 14:16:04,529 [pool-133-thread-1] INFO  impl.RaftServerImpl (ServerState.java:<init>(105)) - c39a907f-67e2-4a2b-96b7-2c2d3aca2dd1:group-22E53EA8B7F1 ConfigurationManager, init=-1: [c39a907f-67e2-4a2b-96b7-2c2d3aca2dd1:192.168.36.99:36682], old=null, confs=<EMPTY_MAP>
2019-09-20 14:16:04,530 [pool-133-thread-1] INFO  server.RaftServerConfigKeys (ConfUtils.java:logGet(43)) - raft.server.storage.dir = [/workdir/hadoop-ozone/ozonefs/target/test-dir/MiniOzoneClusterImpl-cb4c4217-15c8-435f-b543-7039f65985cb/datanode-0/data/ratis] (custom)
2019-09-20 14:16:04,530 [pool-133-thread-1] INFO  storage.RaftStorageDirectory (RaftStorageDirectory.java:analyzeStorage(246)) - The storage directory /workdir/hadoop-ozone/ozonefs/target/test-dir/MiniOzoneClusterImpl-cb4c4217-15c8-435f-b543-7039f65985cb/datanode-0/data/ratis/4ec9894a-5f13-44f9-a8ee-22e53ea8b7f1 does not exist. Creating ...
2019-09-20 14:16:04,554 [pool-133-thread-1] INFO  storage.RaftStorageDirectory (RaftStorageDirectory.java:tryLock(328)) - Lock on /workdir/hadoop-ozone/ozonefs/target/test-dir/MiniOzoneClusterImpl-cb4c4217-15c8-435f-b543-7039f65985cb/datanode-0/data/ratis/4ec9894a-5f13-44f9-a8ee-22e53ea8b7f1/in_use.lock acquired by nodename 5474@pr-hdds-1569-p5fx8-1226042367
2019-09-20 14:16:04,571 [pool-133-thread-1] INFO  storage.RaftStorage (RaftStorage.java:format(72)) - Storage directory /workdir/hadoop-ozone/ozonefs/target/test-dir/MiniOzoneClusterImpl-cb4c4217-15c8-435f-b543-7039f65985cb/datanode-0/data/ratis/4ec9894a-5f13-44f9-a8ee-22e53ea8b7f1 has been successfully formatted.
2019-09-20 14:16:04,572 [pool-133-thread-1] INFO  ratis.ContainerStateMachine (ContainerStateMachine.java:loadSnapshot(226)) - group-22E53EA8B7F1: The snapshot info is null. Setting the last applied indexto:(t:0, i:~)
2019-09-20 14:16:04,572 [pool-133-thread-1] INFO  server.RaftServerConfigKeys (ConfUtils.java:logGet(43)) - raft.server.leader.election.timeout = 120s (custom)
2019-09-20 14:16:04,572 [pool-133-thread-1] INFO  server.RaftServerConfigKeys (ConfUtils.java:logGet(43)) - raft.server.log.use.memory = false (default)
2019-09-20 14:16:04,572 [pool-133-thread-1] INFO  server.RaftServerConfigKeys (ConfUtils.java:logGet(43)) - raft.server.log.purge.gap = 1000000 (custom)
2019-09-20 14:16:04,572 [pool-133-thread-1] INFO  server.RaftServerConfigKeys (ConfUtils.java:logGet(43)) - raft.server.log.appender.buffer.byte-limit = 33554432 (custom)
2019-09-20 14:16:04,572 [pool-133-thread-1] INFO  server.RaftServerConfigKeys (ConfUtils.java:logGet(43)) - raft.server.log.segment.size.max = 1048576 (custom)
2019-09-20 14:16:04,573 [pool-133-thread-1] INFO  server.RaftServerConfigKeys (ConfUtils.java:logGet(43)) - raft.server.log.segment.cache.num.max = 2 (custom)
2019-09-20 14:16:04,573 [pool-133-thread-1] INFO  segmented.SegmentedRaftLogWorker (SegmentedRaftLogWorker.java:<init>(172)) - new c39a907f-67e2-4a2b-96b7-2c2d3aca2dd1-SegmentedRaftLogWorker:Storage Directory /workdir/hadoop-ozone/ozonefs/target/test-dir/MiniOzoneClusterImpl-cb4c4217-15c8-435f-b543-7039f65985cb/datanode-0/data/ratis/4ec9894a-5f13-44f9-a8ee-22e53ea8b7f1 for RaftStorage:Storage Directory /workdir/hadoop-ozone/ozonefs/target/test-dir/MiniOzoneClusterImpl-cb4c4217-15c8-435f-b543-7039f65985cb/datanode-0/data/ratis/4ec9894a-5f13-44f9-a8ee-22e53ea8b7f1
2019-09-20 14:16:04,573 [pool-133-thread-1] INFO  server.RaftServerConfigKeys (ConfUtils.java:logGet(43)) - raft.server.log.queue.byte-limit = 2147483647 (custom)
2019-09-20 14:16:04,573 [pool-133-thread-1] INFO  server.RaftServerConfigKeys (ConfUtils.java:logGet(43)) - raft.server.log.queue.element-limit = 1024 (custom)
2019-09-20 14:16:04,573 [pool-133-thread-1] INFO  server.RaftServerConfigKeys (ConfUtils.java:logGet(43)) - raft.server.log.segment.size.max = 1048576 (custom)
2019-09-20 14:16:04,574 [pool-133-thread-1] INFO  server.RaftServerConfigKeys (ConfUtils.java:logGet(43)) - raft.server.log.preallocated.size = 16384 (custom)
2019-09-20 14:16:04,574 [pool-133-thread-1] INFO  server.RaftServerConfigKeys (ConfUtils.java:logGet(43)) - raft.server.log.write.buffer.size = 33554432 (custom)
2019-09-20 14:16:04,574 [pool-133-thread-1] INFO  server.RaftServerConfigKeys (ConfUtils.java:logGet(43)) - raft.server.log.force.sync.num = 128 (default)
2019-09-20 14:16:04,574 [pool-133-thread-1] INFO  server.RaftServerConfigKeys (ConfUtils.java:logGet(43)) - raft.server.log.statemachine.data.sync = true (default)
2019-09-20 14:16:04,574 [pool-133-thread-1] INFO  server.RaftServerConfigKeys (ConfUtils.java:logGet(43)) - raft.server.log.statemachine.data.sync.timeout = 10s (default)
2019-09-20 14:16:04,574 [pool-133-thread-1] INFO  server.RaftServerConfigKeys (ConfUtils.java:logGet(43)) - raft.server.log.statemachine.data.sync.timeout.retry = -1 (default)
2019-09-20 14:16:04,575 [pool-133-thread-1] INFO  server.RaftServerConfigKeys (ConfUtils.java:logGet(43)) - raft.server.log.statemachine.data.caching.enabled = true (custom)
2019-09-20 14:16:04,575 [pool-133-thread-1] INFO  segmented.SegmentedRaftLogWorker (SegmentedRaftLogWorker.java:lambda$new$0(132)) - c39a907f-67e2-4a2b-96b7-2c2d3aca2dd1-SegmentedRaftLogWorker:Storage Directory /workdir/hadoop-ozone/ozonefs/target/test-dir/MiniOzoneClusterImpl-cb4c4217-15c8-435f-b543-7039f65985cb/datanode-0/data/ratis/4ec9894a-5f13-44f9-a8ee-22e53ea8b7f1: flushIndex: setUnconditionally 0 -> -1
2019-09-20 14:16:04,576 [pool-133-thread-1] INFO  server.RaftServerConfigKeys (ConfUtils.java:logGet(43)) - raft.server.snapshot.auto.trigger.enabled = true (custom)
2019-09-20 14:16:04,576 [pool-133-thread-1] INFO  server.RaftServerConfigKeys (ConfUtils.java:logGet(43)) - raft.server.snapshot.auto.trigger.threshold = 10000 (custom)
2019-09-20 14:16:04,576 [pool-133-thread-1] INFO  server.RaftServerConfigKeys (ConfUtils.java:logGet(43)) - raft.server.retrycache.expirytime = 600000ms (custom)
2019-09-20 14:16:04,576 [pool-133-thread-1] INFO  impl.RaftServerImpl (RaftServerImpl.java:start(180)) - c39a907f-67e2-4a2b-96b7-2c2d3aca2dd1: start group-22E53EA8B7F1
2019-09-20 14:16:04,576 [pool-133-thread-1] INFO  impl.RaftServerImpl (RaftServerImpl.java:setRole(171)) - c39a907f-67e2-4a2b-96b7-2c2d3aca2dd1:group-22E53EA8B7F1 changes role from null to FOLLOWER at term 0 for startAsFollower
2019-09-20 14:16:04,577 [pool-133-thread-1] INFO  impl.RoleInfo (RoleInfo.java:updateAndGet(143)) - c39a907f-67e2-4a2b-96b7-2c2d3aca2dd1: start FollowerState
2019-09-20 14:16:04,577 [pool-133-thread-1] INFO  util.JmxRegister (JmxRegister.java:tryRegister(44)) - Successfully registered JMX Bean with object name Ratis:service=RaftServer,group=group-22E53EA8B7F1,id=c39a907f-67e2-4a2b-96b7-2c2d3aca2dd1
2019-09-20 14:16:04,580 [RatisPipelineUtilsThread] INFO  pipeline.PipelineStateManager (PipelineStateManager.java:addPipeline(56)) - Created pipeline Pipeline[ Id: 4ec9894a-5f13-44f9-a8ee-22e53ea8b7f1, Nodes: c39a907f-67e2-4a2b-96b7-2c2d3aca2dd1{ip: 192.168.36.99, host: pr-hdds-1569-p5fx8-1226042367, networkLocation: /default-rack, certSerialId: null}, Type:RATIS, Factor:ONE, State:OPEN]
2019-09-20 14:16:04,580 [RatisPipelineUtilsThread] INFO  pipeline.PipelinePlacementPolicy (PipelinePlacementPolicy.java:meetCriteria(91)) - Pipeline Placement: Doesn't meet the criteria to be viable node： c39a907f-67e2-4a2b-96b7-2c2d3aca2dd1 Heaviness: 6 limit: 5
2019-09-20 14:16:04,586 [grpc-default-executor-0] INFO  impl.RaftServerProxy (RaftServerProxy.java:addNew(89)) - a9487f91-7da9-40bc-a63a-438d36035868: addNew group-10BE75424EAA:[a9487f91-7da9-40bc-a63a-438d36035868:192.168.36.99:41098] returns group-10BE75424EAA:java.util.concurrent.CompletableFuture@582bc3ed[Not completed]
2019-09-20 14:16:04,588 [pool-144-thread-1] INFO  impl.RaftServerImpl (RaftServerImpl.java:<init>(93)) - a9487f91-7da9-40bc-a63a-438d36035868: new RaftServerImpl for group-10BE75424EAA:[a9487f91-7da9-40bc-a63a-438d36035868:192.168.36.99:41098] with ContainerStateMachine:uninitialized
2019-09-20 14:16:04,588 [pool-144-thread-1] INFO  server.RaftServerConfigKeys (ConfUtils.java:logGet(43)) - raft.server.rpc.timeout.min = 5s (custom)
2019-09-20 14:16:04,588 [pool-144-thread-1] INFO  server.RaftServerConfigKeys (ConfUtils.java:logGet(43)) - raft.server.rpc.timeout.max = 5200ms (custom)
2019-09-20 14:16:04,588 [pool-144-thread-1] INFO  server.RaftServerConfigKeys (ConfUtils.java:logGet(43)) - raft.server.rpcslowness.timeout = 120s (custom)
2019-09-20 14:16:04,588 [pool-144-thread-1] INFO  server.RaftServerConfigKeys (ConfUtils.java:logGet(43)) - raft.server.sleep.deviation.threshold = 300 (default)
2019-09-20 14:16:04,588 [pool-144-thread-1] INFO  server.RaftServerConfigKeys (ConfUtils.java:logGet(43)) - raft.server.log.appender.install.snapshot.enabled = false (custom)
2019-09-20 14:16:04,589 [pool-144-thread-1] INFO  impl.RaftServerImpl (ServerState.java:<init>(105)) - a9487f91-7da9-40bc-a63a-438d36035868:group-10BE75424EAA ConfigurationManager, init=-1: [a9487f91-7da9-40bc-a63a-438d36035868:192.168.36.99:41098], old=null, confs=<EMPTY_MAP>
2019-09-20 14:16:04,589 [pool-144-thread-1] INFO  server.RaftServerConfigKeys (ConfUtils.java:logGet(43)) - raft.server.storage.dir = [/workdir/hadoop-ozone/ozonefs/target/test-dir/MiniOzoneClusterImpl-cb4c4217-15c8-435f-b543-7039f65985cb/datanode-1/data/ratis] (custom)
2019-09-20 14:16:04,589 [pool-144-thread-1] INFO  storage.RaftStorageDirectory (RaftStorageDirectory.java:analyzeStorage(246)) - The storage directory /workdir/hadoop-ozone/ozonefs/target/test-dir/MiniOzoneClusterImpl-cb4c4217-15c8-435f-b543-7039f65985cb/datanode-1/data/ratis/f07e9860-ecd2-4714-92b4-10be75424eaa does not exist. Creating ...
2019-09-20 14:16:04,613 [pool-144-thread-1] INFO  storage.RaftStorageDirectory (RaftStorageDirectory.java:tryLock(328)) - Lock on /workdir/hadoop-ozone/ozonefs/target/test-dir/MiniOzoneClusterImpl-cb4c4217-15c8-435f-b543-7039f65985cb/datanode-1/data/ratis/f07e9860-ecd2-4714-92b4-10be75424eaa/in_use.lock acquired by nodename 5474@pr-hdds-1569-p5fx8-1226042367
2019-09-20 14:16:04,630 [pool-144-thread-1] INFO  storage.RaftStorage (RaftStorage.java:format(72)) - Storage directory /workdir/hadoop-ozone/ozonefs/target/test-dir/MiniOzoneClusterImpl-cb4c4217-15c8-435f-b543-7039f65985cb/datanode-1/data/ratis/f07e9860-ecd2-4714-92b4-10be75424eaa has been successfully formatted.
2019-09-20 14:16:04,630 [pool-144-thread-1] INFO  ratis.ContainerStateMachine (ContainerStateMachine.java:loadSnapshot(226)) - group-10BE75424EAA: The snapshot info is null. Setting the last applied indexto:(t:0, i:~)
2019-09-20 14:16:04,631 [pool-144-thread-1] INFO  server.RaftServerConfigKeys (ConfUtils.java:logGet(43)) - raft.server.leader.election.timeout = 120s (custom)
2019-09-20 14:16:04,631 [pool-144-thread-1] INFO  server.RaftServerConfigKeys (ConfUtils.java:logGet(43)) - raft.server.log.use.memory = false (default)
2019-09-20 14:16:04,631 [pool-144-thread-1] INFO  server.RaftServerConfigKeys (ConfUtils.java:logGet(43)) - raft.server.log.purge.gap = 1000000 (custom)
2019-09-20 14:16:04,631 [pool-144-thread-1] INFO  server.RaftServerConfigKeys (ConfUtils.java:logGet(43)) - raft.server.log.appender.buffer.byte-limit = 33554432 (custom)
2019-09-20 14:16:04,631 [pool-144-thread-1] INFO  server.RaftServerConfigKeys (ConfUtils.java:logGet(43)) - raft.server.log.segment.size.max = 1048576 (custom)
2019-09-20 14:16:04,631 [pool-144-thread-1] INFO  server.RaftServerConfigKeys (ConfUtils.java:logGet(43)) - raft.server.log.segment.cache.num.max = 2 (custom)
2019-09-20 14:16:04,631 [pool-144-thread-1] INFO  segmented.SegmentedRaftLogWorker (SegmentedRaftLogWorker.java:<init>(172)) - new a9487f91-7da9-40bc-a63a-438d36035868-SegmentedRaftLogWorker:Storage Directory /workdir/hadoop-ozone/ozonefs/target/test-dir/MiniOzoneClusterImpl-cb4c4217-15c8-435f-b543-7039f65985cb/datanode-1/data/ratis/f07e9860-ecd2-4714-92b4-10be75424eaa for RaftStorage:Storage Directory /workdir/hadoop-ozone/ozonefs/target/test-dir/MiniOzoneClusterImpl-cb4c4217-15c8-435f-b543-7039f65985cb/datanode-1/data/ratis/f07e9860-ecd2-4714-92b4-10be75424eaa
2019-09-20 14:16:04,632 [pool-144-thread-1] INFO  server.RaftServerConfigKeys (ConfUtils.java:logGet(43)) - raft.server.log.queue.byte-limit = 2147483647 (custom)
2019-09-20 14:16:04,632 [pool-144-thread-1] INFO  server.RaftServerConfigKeys (ConfUtils.java:logGet(43)) - raft.server.log.queue.element-limit = 1024 (custom)
2019-09-20 14:16:04,632 [pool-144-thread-1] INFO  server.RaftServerConfigKeys (ConfUtils.java:logGet(43)) - raft.server.log.segment.size.max = 1048576 (custom)
2019-09-20 14:16:04,632 [pool-144-thread-1] INFO  server.RaftServerConfigKeys (ConfUtils.java:logGet(43)) - raft.server.log.preallocated.size = 16384 (custom)
2019-09-20 14:16:04,632 [pool-144-thread-1] INFO  server.RaftServerConfigKeys (ConfUtils.java:logGet(43)) - raft.server.log.write.buffer.size = 33554432 (custom)
2019-09-20 14:16:04,632 [pool-144-thread-1] INFO  server.RaftServerConfigKeys (ConfUtils.java:logGet(43)) - raft.server.log.force.sync.num = 128 (default)
2019-09-20 14:16:04,632 [pool-144-thread-1] INFO  server.RaftServerConfigKeys (ConfUtils.java:logGet(43)) - raft.server.log.statemachine.data.sync = true (default)
2019-09-20 14:16:04,633 [pool-144-thread-1] INFO  server.RaftServerConfigKeys (ConfUtils.java:logGet(43)) - raft.server.log.statemachine.data.sync.timeout = 10s (default)
2019-09-20 14:16:04,633 [pool-144-thread-1] INFO  server.RaftServerConfigKeys (ConfUtils.java:logGet(43)) - raft.server.log.statemachine.data.sync.timeout.retry = -1 (default)
2019-09-20 14:16:04,633 [pool-144-thread-1] INFO  server.RaftServerConfigKeys (ConfUtils.java:logGet(43)) - raft.server.log.statemachine.data.caching.enabled = true (custom)
2019-09-20 14:16:04,633 [pool-144-thread-1] INFO  segmented.SegmentedRaftLogWorker (SegmentedRaftLogWorker.java:lambda$new$0(132)) - a9487f91-7da9-40bc-a63a-438d36035868-SegmentedRaftLogWorker:Storage Directory /workdir/hadoop-ozone/ozonefs/target/test-dir/MiniOzoneClusterImpl-cb4c4217-15c8-435f-b543-7039f65985cb/datanode-1/data/ratis/f07e9860-ecd2-4714-92b4-10be75424eaa: flushIndex: setUnconditionally 0 -> -1
2019-09-20 14:16:04,634 [pool-144-thread-1] INFO  server.RaftServerConfigKeys (ConfUtils.java:logGet(43)) - raft.server.snapshot.auto.trigger.enabled = true (custom)
2019-09-20 14:16:04,634 [pool-144-thread-1] INFO  server.RaftServerConfigKeys (ConfUtils.java:logGet(43)) - raft.server.snapshot.auto.trigger.threshold = 10000 (custom)
2019-09-20 14:16:04,634 [pool-144-thread-1] INFO  server.RaftServerConfigKeys (ConfUtils.java:logGet(43)) - raft.server.retrycache.expirytime = 600000ms (custom)
2019-09-20 14:16:04,634 [pool-144-thread-1] INFO  impl.RaftServerImpl (RaftServerImpl.java:start(180)) - a9487f91-7da9-40bc-a63a-438d36035868: start group-10BE75424EAA
2019-09-20 14:16:04,634 [pool-144-thread-1] INFO  impl.RaftServerImpl (RaftServerImpl.java:setRole(171)) - a9487f91-7da9-40bc-a63a-438d36035868:group-10BE75424EAA changes role from null to FOLLOWER at term 0 for startAsFollower
2019-09-20 14:16:04,635 [pool-144-thread-1] INFO  impl.RoleInfo (RoleInfo.java:updateAndGet(143)) - a9487f91-7da9-40bc-a63a-438d36035868: start FollowerState
2019-09-20 14:16:04,635 [pool-144-thread-1] INFO  util.JmxRegister (JmxRegister.java:tryRegister(44)) - Successfully registered JMX Bean with object name Ratis:service=RaftServer,group=group-10BE75424EAA,id=a9487f91-7da9-40bc-a63a-438d36035868
2019-09-20 14:16:04,638 [RatisPipelineUtilsThread] INFO  pipeline.PipelineStateManager (PipelineStateManager.java:addPipeline(56)) - Created pipeline Pipeline[ Id: f07e9860-ecd2-4714-92b4-10be75424eaa, Nodes: a9487f91-7da9-40bc-a63a-438d36035868{ip: 192.168.36.99, host: pr-hdds-1569-p5fx8-1226042367, networkLocation: /default-rack, certSerialId: null}, Type:RATIS, Factor:ONE, State:OPEN]
2019-09-20 14:16:04,638 [RatisPipelineUtilsThread] INFO  pipeline.PipelinePlacementPolicy (PipelinePlacementPolicy.java:meetCriteria(91)) - Pipeline Placement: Doesn't meet the criteria to be viable node： c39a907f-67e2-4a2b-96b7-2c2d3aca2dd1 Heaviness: 6 limit: 5
2019-09-20 14:16:04,644 [grpc-default-executor-0] INFO  impl.RaftServerProxy (RaftServerProxy.java:addNew(89)) - a9487f91-7da9-40bc-a63a-438d36035868: addNew group-E163E8060D31:[a9487f91-7da9-40bc-a63a-438d36035868:192.168.36.99:41098] returns group-E163E8060D31:java.util.concurrent.CompletableFuture@22faedab[Not completed]
2019-09-20 14:16:04,645 [pool-144-thread-1] INFO  impl.RaftServerImpl (RaftServerImpl.java:<init>(93)) - a9487f91-7da9-40bc-a63a-438d36035868: new RaftServerImpl for group-E163E8060D31:[a9487f91-7da9-40bc-a63a-438d36035868:192.168.36.99:41098] with ContainerStateMachine:uninitialized
2019-09-20 14:16:04,645 [pool-144-thread-1] INFO  server.RaftServerConfigKeys (ConfUtils.java:logGet(43)) - raft.server.rpc.timeout.min = 5s (custom)
2019-09-20 14:16:04,645 [pool-144-thread-1] INFO  server.RaftServerConfigKeys (ConfUtils.java:logGet(43)) - raft.server.rpc.timeout.max = 5200ms (custom)
2019-09-20 14:16:04,645 [pool-144-thread-1] INFO  server.RaftServerConfigKeys (ConfUtils.java:logGet(43)) - raft.server.rpcslowness.timeout = 120s (custom)
2019-09-20 14:16:04,646 [pool-144-thread-1] INFO  server.RaftServerConfigKeys (ConfUtils.java:logGet(43)) - raft.server.sleep.deviation.threshold = 300 (default)
2019-09-20 14:16:04,646 [pool-144-thread-1] INFO  server.RaftServerConfigKeys (ConfUtils.java:logGet(43)) - raft.server.log.appender.install.snapshot.enabled = false (custom)
2019-09-20 14:16:04,646 [pool-144-thread-1] INFO  impl.RaftServerImpl (ServerState.java:<init>(105)) - a9487f91-7da9-40bc-a63a-438d36035868:group-E163E8060D31 ConfigurationManager, init=-1: [a9487f91-7da9-40bc-a63a-438d36035868:192.168.36.99:41098], old=null, confs=<EMPTY_MAP>
2019-09-20 14:16:04,646 [pool-144-thread-1] INFO  server.RaftServerConfigKeys (ConfUtils.java:logGet(43)) - raft.server.storage.dir = [/workdir/hadoop-ozone/ozonefs/target/test-dir/MiniOzoneClusterImpl-cb4c4217-15c8-435f-b543-7039f65985cb/datanode-1/data/ratis] (custom)
2019-09-20 14:16:04,646 [pool-144-thread-1] INFO  storage.RaftStorageDirectory (RaftStorageDirectory.java:analyzeStorage(246)) - The storage directory /workdir/hadoop-ozone/ozonefs/target/test-dir/MiniOzoneClusterImpl-cb4c4217-15c8-435f-b543-7039f65985cb/datanode-1/data/ratis/8a5e392f-a174-4582-8873-e163e8060d31 does not exist. Creating ...
2019-09-20 14:16:04,664 [pool-144-thread-1] INFO  storage.RaftStorageDirectory (RaftStorageDirectory.java:tryLock(328)) - Lock on /workdir/hadoop-ozone/ozonefs/target/test-dir/MiniOzoneClusterImpl-cb4c4217-15c8-435f-b543-7039f65985cb/datanode-1/data/ratis/8a5e392f-a174-4582-8873-e163e8060d31/in_use.lock acquired by nodename 5474@pr-hdds-1569-p5fx8-1226042367
2019-09-20 14:16:04,681 [pool-144-thread-1] INFO  storage.RaftStorage (RaftStorage.java:format(72)) - Storage directory /workdir/hadoop-ozone/ozonefs/target/test-dir/MiniOzoneClusterImpl-cb4c4217-15c8-435f-b543-7039f65985cb/datanode-1/data/ratis/8a5e392f-a174-4582-8873-e163e8060d31 has been successfully formatted.
2019-09-20 14:16:04,681 [pool-144-thread-1] INFO  ratis.ContainerStateMachine (ContainerStateMachine.java:loadSnapshot(226)) - group-E163E8060D31: The snapshot info is null. Setting the last applied indexto:(t:0, i:~)
2019-09-20 14:16:04,681 [pool-144-thread-1] INFO  server.RaftServerConfigKeys (ConfUtils.java:logGet(43)) - raft.server.leader.election.timeout = 120s (custom)
2019-09-20 14:16:04,681 [pool-144-thread-1] INFO  server.RaftServerConfigKeys (ConfUtils.java:logGet(43)) - raft.server.log.use.memory = false (default)
2019-09-20 14:16:04,682 [pool-144-thread-1] INFO  server.RaftServerConfigKeys (ConfUtils.java:logGet(43)) - raft.server.log.purge.gap = 1000000 (custom)
2019-09-20 14:16:04,682 [pool-144-thread-1] INFO  server.RaftServerConfigKeys (ConfUtils.java:logGet(43)) - raft.server.log.appender.buffer.byte-limit = 33554432 (custom)
2019-09-20 14:16:04,682 [pool-144-thread-1] INFO  server.RaftServerConfigKeys (ConfUtils.java:logGet(43)) - raft.server.log.segment.size.max = 1048576 (custom)
2019-09-20 14:16:04,682 [pool-144-thread-1] INFO  server.RaftServerConfigKeys (ConfUtils.java:logGet(43)) - raft.server.log.segment.cache.num.max = 2 (custom)
2019-09-20 14:16:04,682 [pool-144-thread-1] INFO  segmented.SegmentedRaftLogWorker (SegmentedRaftLogWorker.java:<init>(172)) - new a9487f91-7da9-40bc-a63a-438d36035868-SegmentedRaftLogWorker:Storage Directory /workdir/hadoop-ozone/ozonefs/target/test-dir/MiniOzoneClusterImpl-cb4c4217-15c8-435f-b543-7039f65985cb/datanode-1/data/ratis/8a5e392f-a174-4582-8873-e163e8060d31 for RaftStorage:Storage Directory /workdir/hadoop-ozone/ozonefs/target/test-dir/MiniOzoneClusterImpl-cb4c4217-15c8-435f-b543-7039f65985cb/datanode-1/data/ratis/8a5e392f-a174-4582-8873-e163e8060d31
2019-09-20 14:16:04,682 [pool-144-thread-1] INFO  server.RaftServerConfigKeys (ConfUtils.java:logGet(43)) - raft.server.log.queue.byte-limit = 2147483647 (custom)
2019-09-20 14:16:04,682 [pool-144-thread-1] INFO  server.RaftServerConfigKeys (ConfUtils.java:logGet(43)) - raft.server.log.queue.element-limit = 1024 (custom)
2019-09-20 14:16:04,682 [pool-144-thread-1] INFO  server.RaftServerConfigKeys (ConfUtils.java:logGet(43)) - raft.server.log.segment.size.max = 1048576 (custom)
2019-09-20 14:16:04,683 [pool-144-thread-1] INFO  server.RaftServerConfigKeys (ConfUtils.java:logGet(43)) - raft.server.log.preallocated.size = 16384 (custom)
2019-09-20 14:16:04,683 [pool-144-thread-1] INFO  server.RaftServerConfigKeys (ConfUtils.java:logGet(43)) - raft.server.log.write.buffer.size = 33554432 (custom)
2019-09-20 14:16:04,683 [pool-144-thread-1] INFO  server.RaftServerConfigKeys (ConfUtils.java:logGet(43)) - raft.server.log.force.sync.num = 128 (default)
2019-09-20 14:16:04,683 [pool-144-thread-1] INFO  server.RaftServerConfigKeys (ConfUtils.java:logGet(43)) - raft.server.log.statemachine.data.sync = true (default)
2019-09-20 14:16:04,683 [pool-144-thread-1] INFO  server.RaftServerConfigKeys (ConfUtils.java:logGet(43)) - raft.server.log.statemachine.data.sync.timeout = 10s (default)
2019-09-20 14:16:04,683 [pool-144-thread-1] INFO  server.RaftServerConfigKeys (ConfUtils.java:logGet(43)) - raft.server.log.statemachine.data.sync.timeout.retry = -1 (default)
2019-09-20 14:16:04,683 [pool-144-thread-1] INFO  server.RaftServerConfigKeys (ConfUtils.java:logGet(43)) - raft.server.log.statemachine.data.caching.enabled = true (custom)
2019-09-20 14:16:04,683 [pool-144-thread-1] INFO  segmented.SegmentedRaftLogWorker (SegmentedRaftLogWorker.java:lambda$new$0(132)) - a9487f91-7da9-40bc-a63a-438d36035868-SegmentedRaftLogWorker:Storage Directory /workdir/hadoop-ozone/ozonefs/target/test-dir/MiniOzoneClusterImpl-cb4c4217-15c8-435f-b543-7039f65985cb/datanode-1/data/ratis/8a5e392f-a174-4582-8873-e163e8060d31: flushIndex: setUnconditionally 0 -> -1
2019-09-20 14:16:04,684 [pool-144-thread-1] INFO  server.RaftServerConfigKeys (ConfUtils.java:logGet(43)) - raft.server.snapshot.auto.trigger.enabled = true (custom)
2019-09-20 14:16:04,684 [pool-144-thread-1] INFO  server.RaftServerConfigKeys (ConfUtils.java:logGet(43)) - raft.server.snapshot.auto.trigger.threshold = 10000 (custom)
2019-09-20 14:16:04,684 [pool-144-thread-1] INFO  server.RaftServerConfigKeys (ConfUtils.java:logGet(43)) - raft.server.retrycache.expirytime = 600000ms (custom)
2019-09-20 14:16:04,684 [pool-144-thread-1] INFO  impl.RaftServerImpl (RaftServerImpl.java:start(180)) - a9487f91-7da9-40bc-a63a-438d36035868: start group-E163E8060D31
2019-09-20 14:16:04,684 [pool-144-thread-1] INFO  impl.RaftServerImpl (RaftServerImpl.java:setRole(171)) - a9487f91-7da9-40bc-a63a-438d36035868:group-E163E8060D31 changes role from null to FOLLOWER at term 0 for startAsFollower
2019-09-20 14:16:04,684 [pool-144-thread-1] INFO  impl.RoleInfo (RoleInfo.java:updateAndGet(143)) - a9487f91-7da9-40bc-a63a-438d36035868: start FollowerState
2019-09-20 14:16:04,685 [pool-144-thread-1] INFO  util.JmxRegister (JmxRegister.java:tryRegister(44)) - Successfully registered JMX Bean with object name Ratis:service=RaftServer,group=group-E163E8060D31,id=a9487f91-7da9-40bc-a63a-438d36035868
2019-09-20 14:16:04,688 [RatisPipelineUtilsThread] INFO  pipeline.PipelineStateManager (PipelineStateManager.java:addPipeline(56)) - Created pipeline Pipeline[ Id: 8a5e392f-a174-4582-8873-e163e8060d31, Nodes: a9487f91-7da9-40bc-a63a-438d36035868{ip: 192.168.36.99, host: pr-hdds-1569-p5fx8-1226042367, networkLocation: /default-rack, certSerialId: null}, Type:RATIS, Factor:ONE, State:OPEN]
2019-09-20 14:16:04,688 [RatisPipelineUtilsThread] INFO  pipeline.PipelinePlacementPolicy (PipelinePlacementPolicy.java:meetCriteria(91)) - Pipeline Placement: Doesn't meet the criteria to be viable node： c39a907f-67e2-4a2b-96b7-2c2d3aca2dd1 Heaviness: 6 limit: 5
2019-09-20 14:16:04,694 [grpc-default-executor-0] INFO  impl.RaftServerProxy (RaftServerProxy.java:addNew(89)) - 1bb2a9a8-5a93-4a9a-be35-605f45f451b0: addNew group-875676B2775F:[1bb2a9a8-5a93-4a9a-be35-605f45f451b0:192.168.36.99:45691] returns group-875676B2775F:java.util.concurrent.CompletableFuture@41c30da0[Not completed]
2019-09-20 14:16:04,694 [pool-155-thread-1] INFO  impl.RaftServerImpl (RaftServerImpl.java:<init>(93)) - 1bb2a9a8-5a93-4a9a-be35-605f45f451b0: new RaftServerImpl for group-875676B2775F:[1bb2a9a8-5a93-4a9a-be35-605f45f451b0:192.168.36.99:45691] with ContainerStateMachine:uninitialized
2019-09-20 14:16:04,695 [pool-155-thread-1] INFO  server.RaftServerConfigKeys (ConfUtils.java:logGet(43)) - raft.server.rpc.timeout.min = 5s (custom)
2019-09-20 14:16:04,695 [pool-155-thread-1] INFO  server.RaftServerConfigKeys (ConfUtils.java:logGet(43)) - raft.server.rpc.timeout.max = 5200ms (custom)
2019-09-20 14:16:04,695 [pool-155-thread-1] INFO  server.RaftServerConfigKeys (ConfUtils.java:logGet(43)) - raft.server.rpcslowness.timeout = 120s (custom)
2019-09-20 14:16:04,695 [pool-155-thread-1] INFO  server.RaftServerConfigKeys (ConfUtils.java:logGet(43)) - raft.server.sleep.deviation.threshold = 300 (default)
2019-09-20 14:16:04,695 [pool-155-thread-1] INFO  server.RaftServerConfigKeys (ConfUtils.java:logGet(43)) - raft.server.log.appender.install.snapshot.enabled = false (custom)
2019-09-20 14:16:04,695 [pool-155-thread-1] INFO  impl.RaftServerImpl (ServerState.java:<init>(105)) - 1bb2a9a8-5a93-4a9a-be35-605f45f451b0:group-875676B2775F ConfigurationManager, init=-1: [1bb2a9a8-5a93-4a9a-be35-605f45f451b0:192.168.36.99:45691], old=null, confs=<EMPTY_MAP>
2019-09-20 14:16:04,695 [pool-155-thread-1] INFO  server.RaftServerConfigKeys (ConfUtils.java:logGet(43)) - raft.server.storage.dir = [/workdir/hadoop-ozone/ozonefs/target/test-dir/MiniOzoneClusterImpl-cb4c4217-15c8-435f-b543-7039f65985cb/datanode-2/data/ratis] (custom)
2019-09-20 14:16:04,696 [pool-155-thread-1] INFO  storage.RaftStorageDirectory (RaftStorageDirectory.java:analyzeStorage(246)) - The storage directory /workdir/hadoop-ozone/ozonefs/target/test-dir/MiniOzoneClusterImpl-cb4c4217-15c8-435f-b543-7039f65985cb/datanode-2/data/ratis/44009f93-8c9e-4d20-8048-875676b2775f does not exist. Creating ...
2019-09-20 14:16:04,715 [pool-155-thread-1] INFO  storage.RaftStorageDirectory (RaftStorageDirectory.java:tryLock(328)) - Lock on /workdir/hadoop-ozone/ozonefs/target/test-dir/MiniOzoneClusterImpl-cb4c4217-15c8-435f-b543-7039f65985cb/datanode-2/data/ratis/44009f93-8c9e-4d20-8048-875676b2775f/in_use.lock acquired by nodename 5474@pr-hdds-1569-p5fx8-1226042367
2019-09-20 14:16:04,758 [pool-155-thread-1] INFO  storage.RaftStorage (RaftStorage.java:format(72)) - Storage directory /workdir/hadoop-ozone/ozonefs/target/test-dir/MiniOzoneClusterImpl-cb4c4217-15c8-435f-b543-7039f65985cb/datanode-2/data/ratis/44009f93-8c9e-4d20-8048-875676b2775f has been successfully formatted.
2019-09-20 14:16:04,758 [pool-155-thread-1] INFO  ratis.ContainerStateMachine (ContainerStateMachine.java:loadSnapshot(226)) - group-875676B2775F: The snapshot info is null. Setting the last applied indexto:(t:0, i:~)
2019-09-20 14:16:04,758 [pool-155-thread-1] INFO  server.RaftServerConfigKeys (ConfUtils.java:logGet(43)) - raft.server.leader.election.timeout = 120s (custom)
2019-09-20 14:16:04,758 [pool-155-thread-1] INFO  server.RaftServerConfigKeys (ConfUtils.java:logGet(43)) - raft.server.log.use.memory = false (default)
2019-09-20 14:16:04,759 [pool-155-thread-1] INFO  server.RaftServerConfigKeys (ConfUtils.java:logGet(43)) - raft.server.log.purge.gap = 1000000 (custom)
2019-09-20 14:16:04,759 [pool-155-thread-1] INFO  server.RaftServerConfigKeys (ConfUtils.java:logGet(43)) - raft.server.log.appender.buffer.byte-limit = 33554432 (custom)
2019-09-20 14:16:04,759 [pool-155-thread-1] INFO  server.RaftServerConfigKeys (ConfUtils.java:logGet(43)) - raft.server.log.segment.size.max = 1048576 (custom)
2019-09-20 14:16:04,759 [pool-155-thread-1] INFO  server.RaftServerConfigKeys (ConfUtils.java:logGet(43)) - raft.server.log.segment.cache.num.max = 2 (custom)
2019-09-20 14:16:04,759 [pool-155-thread-1] INFO  segmented.SegmentedRaftLogWorker (SegmentedRaftLogWorker.java:<init>(172)) - new 1bb2a9a8-5a93-4a9a-be35-605f45f451b0-SegmentedRaftLogWorker:Storage Directory /workdir/hadoop-ozone/ozonefs/target/test-dir/MiniOzoneClusterImpl-cb4c4217-15c8-435f-b543-7039f65985cb/datanode-2/data/ratis/44009f93-8c9e-4d20-8048-875676b2775f for RaftStorage:Storage Directory /workdir/hadoop-ozone/ozonefs/target/test-dir/MiniOzoneClusterImpl-cb4c4217-15c8-435f-b543-7039f65985cb/datanode-2/data/ratis/44009f93-8c9e-4d20-8048-875676b2775f
2019-09-20 14:16:04,760 [pool-155-thread-1] INFO  server.RaftServerConfigKeys (ConfUtils.java:logGet(43)) - raft.server.log.queue.byte-limit = 2147483647 (custom)
2019-09-20 14:16:04,760 [pool-155-thread-1] INFO  server.RaftServerConfigKeys (ConfUtils.java:logGet(43)) - raft.server.log.queue.element-limit = 1024 (custom)
2019-09-20 14:16:04,760 [pool-155-thread-1] INFO  server.RaftServerConfigKeys (ConfUtils.java:logGet(43)) - raft.server.log.segment.size.max = 1048576 (custom)
2019-09-20 14:16:04,760 [pool-155-thread-1] INFO  server.RaftServerConfigKeys (ConfUtils.java:logGet(43)) - raft.server.log.preallocated.size = 16384 (custom)
2019-09-20 14:16:04,760 [pool-155-thread-1] INFO  server.RaftServerConfigKeys (ConfUtils.java:logGet(43)) - raft.server.log.write.buffer.size = 33554432 (custom)
2019-09-20 14:16:04,760 [pool-155-thread-1] INFO  server.RaftServerConfigKeys (ConfUtils.java:logGet(43)) - raft.server.log.force.sync.num = 128 (default)
2019-09-20 14:16:04,760 [pool-155-thread-1] INFO  server.RaftServerConfigKeys (ConfUtils.java:logGet(43)) - raft.server.log.statemachine.data.sync = true (default)
2019-09-20 14:16:04,761 [pool-155-thread-1] INFO  server.RaftServerConfigKeys (ConfUtils.java:logGet(43)) - raft.server.log.statemachine.data.sync.timeout = 10s (default)
2019-09-20 14:16:04,761 [pool-155-thread-1] INFO  server.RaftServerConfigKeys (ConfUtils.java:logGet(43)) - raft.server.log.statemachine.data.sync.timeout.retry = -1 (default)
2019-09-20 14:16:04,761 [pool-155-thread-1] INFO  server.RaftServerConfigKeys (ConfUtils.java:logGet(43)) - raft.server.log.statemachine.data.caching.enabled = true (custom)
2019-09-20 14:16:04,761 [pool-155-thread-1] INFO  segmented.SegmentedRaftLogWorker (SegmentedRaftLogWorker.java:lambda$new$0(132)) - 1bb2a9a8-5a93-4a9a-be35-605f45f451b0-SegmentedRaftLogWorker:Storage Directory /workdir/hadoop-ozone/ozonefs/target/test-dir/MiniOzoneClusterImpl-cb4c4217-15c8-435f-b543-7039f65985cb/datanode-2/data/ratis/44009f93-8c9e-4d20-8048-875676b2775f: flushIndex: setUnconditionally 0 -> -1
2019-09-20 14:16:04,762 [pool-155-thread-1] INFO  server.RaftServerConfigKeys (ConfUtils.java:logGet(43)) - raft.server.snapshot.auto.trigger.enabled = true (custom)
2019-09-20 14:16:04,762 [pool-155-thread-1] INFO  server.RaftServerConfigKeys (ConfUtils.java:logGet(43)) - raft.server.snapshot.auto.trigger.threshold = 10000 (custom)
2019-09-20 14:16:04,762 [pool-155-thread-1] INFO  server.RaftServerConfigKeys (ConfUtils.java:logGet(43)) - raft.server.retrycache.expirytime = 600000ms (custom)
2019-09-20 14:16:04,762 [pool-155-thread-1] INFO  impl.RaftServerImpl (RaftServerImpl.java:start(180)) - 1bb2a9a8-5a93-4a9a-be35-605f45f451b0: start group-875676B2775F
2019-09-20 14:16:04,762 [pool-155-thread-1] INFO  impl.RaftServerImpl (RaftServerImpl.java:setRole(171)) - 1bb2a9a8-5a93-4a9a-be35-605f45f451b0:group-875676B2775F changes role from null to FOLLOWER at term 0 for startAsFollower
2019-09-20 14:16:04,763 [pool-155-thread-1] INFO  impl.RoleInfo (RoleInfo.java:updateAndGet(143)) - 1bb2a9a8-5a93-4a9a-be35-605f45f451b0: start FollowerState
2019-09-20 14:16:04,763 [pool-155-thread-1] INFO  util.JmxRegister (JmxRegister.java:tryRegister(44)) - Successfully registered JMX Bean with object name Ratis:service=RaftServer,group=group-875676B2775F,id=1bb2a9a8-5a93-4a9a-be35-605f45f451b0
2019-09-20 14:16:04,766 [RatisPipelineUtilsThread] INFO  pipeline.PipelineStateManager (PipelineStateManager.java:addPipeline(56)) - Created pipeline Pipeline[ Id: 44009f93-8c9e-4d20-8048-875676b2775f, Nodes: 1bb2a9a8-5a93-4a9a-be35-605f45f451b0{ip: 192.168.36.99, host: pr-hdds-1569-p5fx8-1226042367, networkLocation: /default-rack, certSerialId: null}, Type:RATIS, Factor:ONE, State:OPEN]
2019-09-20 14:16:04,766 [RatisPipelineUtilsThread] INFO  pipeline.PipelinePlacementPolicy (PipelinePlacementPolicy.java:meetCriteria(91)) - Pipeline Placement: Doesn't meet the criteria to be viable node： c39a907f-67e2-4a2b-96b7-2c2d3aca2dd1 Heaviness: 6 limit: 5
2019-09-20 14:16:04,772 [grpc-default-executor-0] INFO  impl.RaftServerProxy (RaftServerProxy.java:addNew(89)) - 1bb2a9a8-5a93-4a9a-be35-605f45f451b0: addNew group-B16E596BAD5D:[1bb2a9a8-5a93-4a9a-be35-605f45f451b0:192.168.36.99:45691] returns group-B16E596BAD5D:java.util.concurrent.CompletableFuture@1978c42a[Not completed]
2019-09-20 14:16:04,773 [pool-155-thread-1] INFO  impl.RaftServerImpl (RaftServerImpl.java:<init>(93)) - 1bb2a9a8-5a93-4a9a-be35-605f45f451b0: new RaftServerImpl for group-B16E596BAD5D:[1bb2a9a8-5a93-4a9a-be35-605f45f451b0:192.168.36.99:45691] with ContainerStateMachine:uninitialized
2019-09-20 14:16:04,773 [pool-155-thread-1] INFO  server.RaftServerConfigKeys (ConfUtils.java:logGet(43)) - raft.server.rpc.timeout.min = 5s (custom)
2019-09-20 14:16:04,773 [pool-155-thread-1] INFO  server.RaftServerConfigKeys (ConfUtils.java:logGet(43)) - raft.server.rpc.timeout.max = 5200ms (custom)
2019-09-20 14:16:04,774 [pool-155-thread-1] INFO  server.RaftServerConfigKeys (ConfUtils.java:logGet(43)) - raft.server.rpcslowness.timeout = 120s (custom)
2019-09-20 14:16:04,774 [pool-155-thread-1] INFO  server.RaftServerConfigKeys (ConfUtils.java:logGet(43)) - raft.server.sleep.deviation.threshold = 300 (default)
2019-09-20 14:16:04,774 [pool-155-thread-1] INFO  server.RaftServerConfigKeys (ConfUtils.java:logGet(43)) - raft.server.log.appender.install.snapshot.enabled = false (custom)
2019-09-20 14:16:04,774 [pool-155-thread-1] INFO  impl.RaftServerImpl (ServerState.java:<init>(105)) - 1bb2a9a8-5a93-4a9a-be35-605f45f451b0:group-B16E596BAD5D ConfigurationManager, init=-1: [1bb2a9a8-5a93-4a9a-be35-605f45f451b0:192.168.36.99:45691], old=null, confs=<EMPTY_MAP>
2019-09-20 14:16:04,774 [pool-155-thread-1] INFO  server.RaftServerConfigKeys (ConfUtils.java:logGet(43)) - raft.server.storage.dir = [/workdir/hadoop-ozone/ozonefs/target/test-dir/MiniOzoneClusterImpl-cb4c4217-15c8-435f-b543-7039f65985cb/datanode-2/data/ratis] (custom)
2019-09-20 14:16:04,775 [pool-155-thread-1] INFO  storage.RaftStorageDirectory (RaftStorageDirectory.java:analyzeStorage(246)) - The storage directory /workdir/hadoop-ozone/ozonefs/target/test-dir/MiniOzoneClusterImpl-cb4c4217-15c8-435f-b543-7039f65985cb/datanode-2/data/ratis/790c5026-175e-45f3-9671-b16e596bad5d does not exist. Creating ...
2019-09-20 14:16:04,791 [pool-155-thread-1] INFO  storage.RaftStorageDirectory (RaftStorageDirectory.java:tryLock(328)) - Lock on /workdir/hadoop-ozone/ozonefs/target/test-dir/MiniOzoneClusterImpl-cb4c4217-15c8-435f-b543-7039f65985cb/datanode-2/data/ratis/790c5026-175e-45f3-9671-b16e596bad5d/in_use.lock acquired by nodename 5474@pr-hdds-1569-p5fx8-1226042367
2019-09-20 14:16:04,808 [pool-155-thread-1] INFO  storage.RaftStorage (RaftStorage.java:format(72)) - Storage directory /workdir/hadoop-ozone/ozonefs/target/test-dir/MiniOzoneClusterImpl-cb4c4217-15c8-435f-b543-7039f65985cb/datanode-2/data/ratis/790c5026-175e-45f3-9671-b16e596bad5d has been successfully formatted.
2019-09-20 14:16:04,809 [pool-155-thread-1] INFO  ratis.ContainerStateMachine (ContainerStateMachine.java:loadSnapshot(226)) - group-B16E596BAD5D: The snapshot info is null. Setting the last applied indexto:(t:0, i:~)
2019-09-20 14:16:04,809 [pool-155-thread-1] INFO  server.RaftServerConfigKeys (ConfUtils.java:logGet(43)) - raft.server.leader.election.timeout = 120s (custom)
2019-09-20 14:16:04,809 [pool-155-thread-1] INFO  server.RaftServerConfigKeys (ConfUtils.java:logGet(43)) - raft.server.log.use.memory = false (default)
2019-09-20 14:16:04,809 [pool-155-thread-1] INFO  server.RaftServerConfigKeys (ConfUtils.java:logGet(43)) - raft.server.log.purge.gap = 1000000 (custom)
2019-09-20 14:16:04,809 [pool-155-thread-1] INFO  server.RaftServerConfigKeys (ConfUtils.java:logGet(43)) - raft.server.log.appender.buffer.byte-limit = 33554432 (custom)
2019-09-20 14:16:04,810 [pool-155-thread-1] INFO  server.RaftServerConfigKeys (ConfUtils.java:logGet(43)) - raft.server.log.segment.size.max = 1048576 (custom)
2019-09-20 14:16:04,810 [pool-155-thread-1] INFO  server.RaftServerConfigKeys (ConfUtils.java:logGet(43)) - raft.server.log.segment.cache.num.max = 2 (custom)
2019-09-20 14:16:04,810 [pool-155-thread-1] INFO  segmented.SegmentedRaftLogWorker (SegmentedRaftLogWorker.java:<init>(172)) - new 1bb2a9a8-5a93-4a9a-be35-605f45f451b0-SegmentedRaftLogWorker:Storage Directory /workdir/hadoop-ozone/ozonefs/target/test-dir/MiniOzoneClusterImpl-cb4c4217-15c8-435f-b543-7039f65985cb/datanode-2/data/ratis/790c5026-175e-45f3-9671-b16e596bad5d for RaftStorage:Storage Directory /workdir/hadoop-ozone/ozonefs/target/test-dir/MiniOzoneClusterImpl-cb4c4217-15c8-435f-b543-7039f65985cb/datanode-2/data/ratis/790c5026-175e-45f3-9671-b16e596bad5d
2019-09-20 14:16:04,810 [pool-155-thread-1] INFO  server.RaftServerConfigKeys (ConfUtils.java:logGet(43)) - raft.server.log.queue.byte-limit = 2147483647 (custom)
2019-09-20 14:16:04,810 [pool-155-thread-1] INFO  server.RaftServerConfigKeys (ConfUtils.java:logGet(43)) - raft.server.log.queue.element-limit = 1024 (custom)
2019-09-20 14:16:04,810 [pool-155-thread-1] INFO  server.RaftServerConfigKeys (ConfUtils.java:logGet(43)) - raft.server.log.segment.size.max = 1048576 (custom)
2019-09-20 14:16:04,810 [pool-155-thread-1] INFO  server.RaftServerConfigKeys (ConfUtils.java:logGet(43)) - raft.server.log.preallocated.size = 16384 (custom)
2019-09-20 14:16:04,811 [pool-155-thread-1] INFO  server.RaftServerConfigKeys (ConfUtils.java:logGet(43)) - raft.server.log.write.buffer.size = 33554432 (custom)
2019-09-20 14:16:04,811 [pool-155-thread-1] INFO  server.RaftServerConfigKeys (ConfUtils.java:logGet(43)) - raft.server.log.force.sync.num = 128 (default)
2019-09-20 14:16:04,811 [pool-155-thread-1] INFO  server.RaftServerConfigKeys (ConfUtils.java:logGet(43)) - raft.server.log.statemachine.data.sync = true (default)
2019-09-20 14:16:04,811 [pool-155-thread-1] INFO  server.RaftServerConfigKeys (ConfUtils.java:logGet(43)) - raft.server.log.statemachine.data.sync.timeout = 10s (default)
2019-09-20 14:16:04,811 [pool-155-thread-1] INFO  server.RaftServerConfigKeys (ConfUtils.java:logGet(43)) - raft.server.log.statemachine.data.sync.timeout.retry = -1 (default)
2019-09-20 14:16:04,811 [pool-155-thread-1] INFO  server.RaftServerConfigKeys (ConfUtils.java:logGet(43)) - raft.server.log.statemachine.data.caching.enabled = true (custom)
2019-09-20 14:16:04,812 [pool-155-thread-1] INFO  segmented.SegmentedRaftLogWorker (SegmentedRaftLogWorker.java:lambda$new$0(132)) - 1bb2a9a8-5a93-4a9a-be35-605f45f451b0-SegmentedRaftLogWorker:Storage Directory /workdir/hadoop-ozone/ozonefs/target/test-dir/MiniOzoneClusterImpl-cb4c4217-15c8-435f-b543-7039f65985cb/datanode-2/data/ratis/790c5026-175e-45f3-9671-b16e596bad5d: flushIndex: setUnconditionally 0 -> -1
2019-09-20 14:16:04,812 [pool-155-thread-1] INFO  server.RaftServerConfigKeys (ConfUtils.java:logGet(43)) - raft.server.snapshot.auto.trigger.enabled = true (custom)
2019-09-20 14:16:04,812 [pool-155-thread-1] INFO  server.RaftServerConfigKeys (ConfUtils.java:logGet(43)) - raft.server.snapshot.auto.trigger.threshold = 10000 (custom)
2019-09-20 14:16:04,813 [pool-155-thread-1] INFO  server.RaftServerConfigKeys (ConfUtils.java:logGet(43)) - raft.server.retrycache.expirytime = 600000ms (custom)
2019-09-20 14:16:04,813 [pool-155-thread-1] INFO  impl.RaftServerImpl (RaftServerImpl.java:start(180)) - 1bb2a9a8-5a93-4a9a-be35-605f45f451b0: start group-B16E596BAD5D
2019-09-20 14:16:04,813 [pool-155-thread-1] INFO  impl.RaftServerImpl (RaftServerImpl.java:setRole(171)) - 1bb2a9a8-5a93-4a9a-be35-605f45f451b0:group-B16E596BAD5D changes role from null to FOLLOWER at term 0 for startAsFollower
2019-09-20 14:16:04,813 [pool-155-thread-1] INFO  impl.RoleInfo (RoleInfo.java:updateAndGet(143)) - 1bb2a9a8-5a93-4a9a-be35-605f45f451b0: start FollowerState
2019-09-20 14:16:04,813 [pool-155-thread-1] INFO  util.JmxRegister (JmxRegister.java:tryRegister(44)) - Successfully registered JMX Bean with object name Ratis:service=RaftServer,group=group-B16E596BAD5D,id=1bb2a9a8-5a93-4a9a-be35-605f45f451b0
2019-09-20 14:16:04,820 [RatisPipelineUtilsThread] INFO  pipeline.PipelineStateManager (PipelineStateManager.java:addPipeline(56)) - Created pipeline Pipeline[ Id: 790c5026-175e-45f3-9671-b16e596bad5d, Nodes: 1bb2a9a8-5a93-4a9a-be35-605f45f451b0{ip: 192.168.36.99, host: pr-hdds-1569-p5fx8-1226042367, networkLocation: /default-rack, certSerialId: null}, Type:RATIS, Factor:ONE, State:OPEN]
2019-09-20 14:16:04,820 [RatisPipelineUtilsThread] INFO  pipeline.PipelinePlacementPolicy (PipelinePlacementPolicy.java:meetCriteria(91)) - Pipeline Placement: Doesn't meet the criteria to be viable node： c39a907f-67e2-4a2b-96b7-2c2d3aca2dd1 Heaviness: 6 limit: 5
2019-09-20 14:16:04,826 [grpc-default-executor-0] INFO  impl.RaftServerProxy (RaftServerProxy.java:addNew(89)) - 1bb2a9a8-5a93-4a9a-be35-605f45f451b0: addNew group-0E528B2DC573:[1bb2a9a8-5a93-4a9a-be35-605f45f451b0:192.168.36.99:45691] returns group-0E528B2DC573:java.util.concurrent.CompletableFuture@b650538[Not completed]
2019-09-20 14:16:04,827 [pool-155-thread-1] INFO  impl.RaftServerImpl (RaftServerImpl.java:<init>(93)) - 1bb2a9a8-5a93-4a9a-be35-605f45f451b0: new RaftServerImpl for group-0E528B2DC573:[1bb2a9a8-5a93-4a9a-be35-605f45f451b0:192.168.36.99:45691] with ContainerStateMachine:uninitialized
2019-09-20 14:16:04,827 [pool-155-thread-1] INFO  server.RaftServerConfigKeys (ConfUtils.java:logGet(43)) - raft.server.rpc.timeout.min = 5s (custom)
2019-09-20 14:16:04,828 [pool-155-thread-1] INFO  server.RaftServerConfigKeys (ConfUtils.java:logGet(43)) - raft.server.rpc.timeout.max = 5200ms (custom)
2019-09-20 14:16:04,828 [pool-155-thread-1] INFO  server.RaftServerConfigKeys (ConfUtils.java:logGet(43)) - raft.server.rpcslowness.timeout = 120s (custom)
2019-09-20 14:16:04,828 [pool-155-thread-1] INFO  server.RaftServerConfigKeys (ConfUtils.java:logGet(43)) - raft.server.sleep.deviation.threshold = 300 (default)
2019-09-20 14:16:04,828 [pool-155-thread-1] INFO  server.RaftServerConfigKeys (ConfUtils.java:logGet(43)) - raft.server.log.appender.install.snapshot.enabled = false (custom)
2019-09-20 14:16:04,828 [pool-155-thread-1] INFO  impl.RaftServerImpl (ServerState.java:<init>(105)) - 1bb2a9a8-5a93-4a9a-be35-605f45f451b0:group-0E528B2DC573 ConfigurationManager, init=-1: [1bb2a9a8-5a93-4a9a-be35-605f45f451b0:192.168.36.99:45691], old=null, confs=<EMPTY_MAP>
2019-09-20 14:16:04,828 [pool-155-thread-1] INFO  server.RaftServerConfigKeys (ConfUtils.java:logGet(43)) - raft.server.storage.dir = [/workdir/hadoop-ozone/ozonefs/target/test-dir/MiniOzoneClusterImpl-cb4c4217-15c8-435f-b543-7039f65985cb/datanode-2/data/ratis] (custom)
2019-09-20 14:16:04,829 [pool-155-thread-1] INFO  storage.RaftStorageDirectory (RaftStorageDirectory.java:analyzeStorage(246)) - The storage directory /workdir/hadoop-ozone/ozonefs/target/test-dir/MiniOzoneClusterImpl-cb4c4217-15c8-435f-b543-7039f65985cb/datanode-2/data/ratis/46f0d42b-1881-49ff-8ddd-0e528b2dc573 does not exist. Creating ...
2019-09-20 14:16:04,850 [pool-155-thread-1] INFO  storage.RaftStorageDirectory (RaftStorageDirectory.java:tryLock(328)) - Lock on /workdir/hadoop-ozone/ozonefs/target/test-dir/MiniOzoneClusterImpl-cb4c4217-15c8-435f-b543-7039f65985cb/datanode-2/data/ratis/46f0d42b-1881-49ff-8ddd-0e528b2dc573/in_use.lock acquired by nodename 5474@pr-hdds-1569-p5fx8-1226042367
2019-09-20 14:16:04,876 [pool-155-thread-1] INFO  storage.RaftStorage (RaftStorage.java:format(72)) - Storage directory /workdir/hadoop-ozone/ozonefs/target/test-dir/MiniOzoneClusterImpl-cb4c4217-15c8-435f-b543-7039f65985cb/datanode-2/data/ratis/46f0d42b-1881-49ff-8ddd-0e528b2dc573 has been successfully formatted.
2019-09-20 14:16:04,876 [pool-155-thread-1] INFO  ratis.ContainerStateMachine (ContainerStateMachine.java:loadSnapshot(226)) - group-0E528B2DC573: The snapshot info is null. Setting the last applied indexto:(t:0, i:~)
2019-09-20 14:16:04,876 [pool-155-thread-1] INFO  server.RaftServerConfigKeys (ConfUtils.java:logGet(43)) - raft.server.leader.election.timeout = 120s (custom)
2019-09-20 14:16:04,877 [pool-155-thread-1] INFO  server.RaftServerConfigKeys (ConfUtils.java:logGet(43)) - raft.server.log.use.memory = false (default)
2019-09-20 14:16:04,877 [pool-155-thread-1] INFO  server.RaftServerConfigKeys (ConfUtils.java:logGet(43)) - raft.server.log.purge.gap = 1000000 (custom)
2019-09-20 14:16:04,877 [pool-155-thread-1] INFO  server.RaftServerConfigKeys (ConfUtils.java:logGet(43)) - raft.server.log.appender.buffer.byte-limit = 33554432 (custom)
2019-09-20 14:16:04,877 [pool-155-thread-1] INFO  server.RaftServerConfigKeys (ConfUtils.java:logGet(43)) - raft.server.log.segment.size.max = 1048576 (custom)
2019-09-20 14:16:04,877 [pool-155-thread-1] INFO  server.RaftServerConfigKeys (ConfUtils.java:logGet(43)) - raft.server.log.segment.cache.num.max = 2 (custom)
2019-09-20 14:16:04,877 [pool-155-thread-1] INFO  segmented.SegmentedRaftLogWorker (SegmentedRaftLogWorker.java:<init>(172)) - new 1bb2a9a8-5a93-4a9a-be35-605f45f451b0-SegmentedRaftLogWorker:Storage Directory /workdir/hadoop-ozone/ozonefs/target/test-dir/MiniOzoneClusterImpl-cb4c4217-15c8-435f-b543-7039f65985cb/datanode-2/data/ratis/46f0d42b-1881-49ff-8ddd-0e528b2dc573 for RaftStorage:Storage Directory /workdir/hadoop-ozone/ozonefs/target/test-dir/MiniOzoneClusterImpl-cb4c4217-15c8-435f-b543-7039f65985cb/datanode-2/data/ratis/46f0d42b-1881-49ff-8ddd-0e528b2dc573
2019-09-20 14:16:04,878 [pool-155-thread-1] INFO  server.RaftServerConfigKeys (ConfUtils.java:logGet(43)) - raft.server.log.queue.byte-limit = 2147483647 (custom)
2019-09-20 14:16:04,878 [pool-155-thread-1] INFO  server.RaftServerConfigKeys (ConfUtils.java:logGet(43)) - raft.server.log.queue.element-limit = 1024 (custom)
2019-09-20 14:16:04,878 [pool-155-thread-1] INFO  server.RaftServerConfigKeys (ConfUtils.java:logGet(43)) - raft.server.log.segment.size.max = 1048576 (custom)
2019-09-20 14:16:04,878 [pool-155-thread-1] INFO  server.RaftServerConfigKeys (ConfUtils.java:logGet(43)) - raft.server.log.preallocated.size = 16384 (custom)
2019-09-20 14:16:04,878 [pool-155-thread-1] INFO  server.RaftServerConfigKeys (ConfUtils.java:logGet(43)) - raft.server.log.write.buffer.size = 33554432 (custom)
2019-09-20 14:16:04,878 [pool-155-thread-1] INFO  server.RaftServerConfigKeys (ConfUtils.java:logGet(43)) - raft.server.log.force.sync.num = 128 (default)
2019-09-20 14:16:04,879 [pool-155-thread-1] INFO  server.RaftServerConfigKeys (ConfUtils.java:logGet(43)) - raft.server.log.statemachine.data.sync = true (default)
2019-09-20 14:16:04,879 [pool-155-thread-1] INFO  server.RaftServerConfigKeys (ConfUtils.java:logGet(43)) - raft.server.log.statemachine.data.sync.timeout = 10s (default)
2019-09-20 14:16:04,879 [pool-155-thread-1] INFO  server.RaftServerConfigKeys (ConfUtils.java:logGet(43)) - raft.server.log.statemachine.data.sync.timeout.retry = -1 (default)
2019-09-20 14:16:04,879 [pool-155-thread-1] INFO  server.RaftServerConfigKeys (ConfUtils.java:logGet(43)) - raft.server.log.statemachine.data.caching.enabled = true (custom)
2019-09-20 14:16:04,879 [pool-155-thread-1] INFO  segmented.SegmentedRaftLogWorker (SegmentedRaftLogWorker.java:lambda$new$0(132)) - 1bb2a9a8-5a93-4a9a-be35-605f45f451b0-SegmentedRaftLogWorker:Storage Directory /workdir/hadoop-ozone/ozonefs/target/test-dir/MiniOzoneClusterImpl-cb4c4217-15c8-435f-b543-7039f65985cb/datanode-2/data/ratis/46f0d42b-1881-49ff-8ddd-0e528b2dc573: flushIndex: setUnconditionally 0 -> -1
2019-09-20 14:16:04,880 [pool-155-thread-1] INFO  server.RaftServerConfigKeys (ConfUtils.java:logGet(43)) - raft.server.snapshot.auto.trigger.enabled = true (custom)
2019-09-20 14:16:04,880 [pool-155-thread-1] INFO  server.RaftServerConfigKeys (ConfUtils.java:logGet(43)) - raft.server.snapshot.auto.trigger.threshold = 10000 (custom)
2019-09-20 14:16:04,880 [pool-155-thread-1] INFO  server.RaftServerConfigKeys (ConfUtils.java:logGet(43)) - raft.server.retrycache.expirytime = 600000ms (custom)
2019-09-20 14:16:04,880 [pool-155-thread-1] INFO  impl.RaftServerImpl (RaftServerImpl.java:start(180)) - 1bb2a9a8-5a93-4a9a-be35-605f45f451b0: start group-0E528B2DC573
2019-09-20 14:16:04,881 [pool-155-thread-1] INFO  impl.RaftServerImpl (RaftServerImpl.java:setRole(171)) - 1bb2a9a8-5a93-4a9a-be35-605f45f451b0:group-0E528B2DC573 changes role from null to FOLLOWER at term 0 for startAsFollower
2019-09-20 14:16:04,881 [pool-155-thread-1] INFO  impl.RoleInfo (RoleInfo.java:updateAndGet(143)) - 1bb2a9a8-5a93-4a9a-be35-605f45f451b0: start FollowerState
2019-09-20 14:16:04,881 [pool-155-thread-1] INFO  util.JmxRegister (JmxRegister.java:tryRegister(44)) - Successfully registered JMX Bean with object name Ratis:service=RaftServer,group=group-0E528B2DC573,id=1bb2a9a8-5a93-4a9a-be35-605f45f451b0
2019-09-20 14:16:04,884 [RatisPipelineUtilsThread] INFO  pipeline.PipelineStateManager (PipelineStateManager.java:addPipeline(56)) - Created pipeline Pipeline[ Id: 46f0d42b-1881-49ff-8ddd-0e528b2dc573, Nodes: 1bb2a9a8-5a93-4a9a-be35-605f45f451b0{ip: 192.168.36.99, host: pr-hdds-1569-p5fx8-1226042367, networkLocation: /default-rack, certSerialId: null}, Type:RATIS, Factor:ONE, State:OPEN]
2019-09-20 14:16:04,885 [RatisPipelineUtilsThread] INFO  pipeline.PipelinePlacementPolicy (PipelinePlacementPolicy.java:meetCriteria(91)) - Pipeline Placement: Doesn't meet the criteria to be viable node： c39a907f-67e2-4a2b-96b7-2c2d3aca2dd1 Heaviness: 6 limit: 5
2019-09-20 14:16:04,885 [RatisPipelineUtilsThread] INFO  pipeline.PipelinePlacementPolicy (PipelinePlacementPolicy.java:meetCriteria(91)) - Pipeline Placement: Doesn't meet the criteria to be viable node： 1bb2a9a8-5a93-4a9a-be35-605f45f451b0 Heaviness: 6 limit: 5
2019-09-20 14:16:04,892 [grpc-default-executor-0] INFO  impl.RaftServerProxy (RaftServerProxy.java:addNew(89)) - a9487f91-7da9-40bc-a63a-438d36035868: addNew group-58F281C2E506:[a9487f91-7da9-40bc-a63a-438d36035868:192.168.36.99:41098] returns group-58F281C2E506:java.util.concurrent.CompletableFuture@6f1f4b8d[Not completed]
2019-09-20 14:16:04,893 [pool-144-thread-1] INFO  impl.RaftServerImpl (RaftServerImpl.java:<init>(93)) - a9487f91-7da9-40bc-a63a-438d36035868: new RaftServerImpl for group-58F281C2E506:[a9487f91-7da9-40bc-a63a-438d36035868:192.168.36.99:41098] with ContainerStateMachine:uninitialized
2019-09-20 14:16:04,893 [pool-144-thread-1] INFO  server.RaftServerConfigKeys (ConfUtils.java:logGet(43)) - raft.server.rpc.timeout.min = 5s (custom)
2019-09-20 14:16:04,894 [pool-144-thread-1] INFO  server.RaftServerConfigKeys (ConfUtils.java:logGet(43)) - raft.server.rpc.timeout.max = 5200ms (custom)
2019-09-20 14:16:04,894 [pool-144-thread-1] INFO  server.RaftServerConfigKeys (ConfUtils.java:logGet(43)) - raft.server.rpcslowness.timeout = 120s (custom)
2019-09-20 14:16:04,894 [pool-144-thread-1] INFO  server.RaftServerConfigKeys (ConfUtils.java:logGet(43)) - raft.server.sleep.deviation.threshold = 300 (default)
2019-09-20 14:16:04,894 [pool-144-thread-1] INFO  server.RaftServerConfigKeys (ConfUtils.java:logGet(43)) - raft.server.log.appender.install.snapshot.enabled = false (custom)
2019-09-20 14:16:04,894 [pool-144-thread-1] INFO  impl.RaftServerImpl (ServerState.java:<init>(105)) - a9487f91-7da9-40bc-a63a-438d36035868:group-58F281C2E506 ConfigurationManager, init=-1: [a9487f91-7da9-40bc-a63a-438d36035868:192.168.36.99:41098], old=null, confs=<EMPTY_MAP>
2019-09-20 14:16:04,894 [pool-144-thread-1] INFO  server.RaftServerConfigKeys (ConfUtils.java:logGet(43)) - raft.server.storage.dir = [/workdir/hadoop-ozone/ozonefs/target/test-dir/MiniOzoneClusterImpl-cb4c4217-15c8-435f-b543-7039f65985cb/datanode-1/data/ratis] (custom)
2019-09-20 14:16:04,895 [pool-144-thread-1] INFO  storage.RaftStorageDirectory (RaftStorageDirectory.java:analyzeStorage(246)) - The storage directory /workdir/hadoop-ozone/ozonefs/target/test-dir/MiniOzoneClusterImpl-cb4c4217-15c8-435f-b543-7039f65985cb/datanode-1/data/ratis/a0affa03-d077-4f45-be98-58f281c2e506 does not exist. Creating ...
2019-09-20 14:16:04,909 [pool-144-thread-1] INFO  storage.RaftStorageDirectory (RaftStorageDirectory.java:tryLock(328)) - Lock on /workdir/hadoop-ozone/ozonefs/target/test-dir/MiniOzoneClusterImpl-cb4c4217-15c8-435f-b543-7039f65985cb/datanode-1/data/ratis/a0affa03-d077-4f45-be98-58f281c2e506/in_use.lock acquired by nodename 5474@pr-hdds-1569-p5fx8-1226042367
2019-09-20 14:16:04,927 [pool-144-thread-1] INFO  storage.RaftStorage (RaftStorage.java:format(72)) - Storage directory /workdir/hadoop-ozone/ozonefs/target/test-dir/MiniOzoneClusterImpl-cb4c4217-15c8-435f-b543-7039f65985cb/datanode-1/data/ratis/a0affa03-d077-4f45-be98-58f281c2e506 has been successfully formatted.
2019-09-20 14:16:04,927 [pool-144-thread-1] INFO  ratis.ContainerStateMachine (ContainerStateMachine.java:loadSnapshot(226)) - group-58F281C2E506: The snapshot info is null. Setting the last applied indexto:(t:0, i:~)
2019-09-20 14:16:04,927 [pool-144-thread-1] INFO  server.RaftServerConfigKeys (ConfUtils.java:logGet(43)) - raft.server.leader.election.timeout = 120s (custom)
2019-09-20 14:16:04,927 [pool-144-thread-1] INFO  server.RaftServerConfigKeys (ConfUtils.java:logGet(43)) - raft.server.log.use.memory = false (default)
2019-09-20 14:16:04,927 [pool-144-thread-1] INFO  server.RaftServerConfigKeys (ConfUtils.java:logGet(43)) - raft.server.log.purge.gap = 1000000 (custom)
2019-09-20 14:16:04,928 [pool-144-thread-1] INFO  server.RaftServerConfigKeys (ConfUtils.java:logGet(43)) - raft.server.log.appender.buffer.byte-limit = 33554432 (custom)
2019-09-20 14:16:04,928 [pool-144-thread-1] INFO  server.RaftServerConfigKeys (ConfUtils.java:logGet(43)) - raft.server.log.segment.size.max = 1048576 (custom)
2019-09-20 14:16:04,928 [pool-144-thread-1] INFO  server.RaftServerConfigKeys (ConfUtils.java:logGet(43)) - raft.server.log.segment.cache.num.max = 2 (custom)
2019-09-20 14:16:04,928 [pool-144-thread-1] INFO  segmented.SegmentedRaftLogWorker (SegmentedRaftLogWorker.java:<init>(172)) - new a9487f91-7da9-40bc-a63a-438d36035868-SegmentedRaftLogWorker:Storage Directory /workdir/hadoop-ozone/ozonefs/target/test-dir/MiniOzoneClusterImpl-cb4c4217-15c8-435f-b543-7039f65985cb/datanode-1/data/ratis/a0affa03-d077-4f45-be98-58f281c2e506 for RaftStorage:Storage Directory /workdir/hadoop-ozone/ozonefs/target/test-dir/MiniOzoneClusterImpl-cb4c4217-15c8-435f-b543-7039f65985cb/datanode-1/data/ratis/a0affa03-d077-4f45-be98-58f281c2e506
2019-09-20 14:16:04,928 [pool-144-thread-1] INFO  server.RaftServerConfigKeys (ConfUtils.java:logGet(43)) - raft.server.log.queue.byte-limit = 2147483647 (custom)
2019-09-20 14:16:04,928 [pool-144-thread-1] INFO  server.RaftServerConfigKeys (ConfUtils.java:logGet(43)) - raft.server.log.queue.element-limit = 1024 (custom)
2019-09-20 14:16:04,929 [pool-144-thread-1] INFO  server.RaftServerConfigKeys (ConfUtils.java:logGet(43)) - raft.server.log.segment.size.max = 1048576 (custom)
2019-09-20 14:16:04,929 [pool-144-thread-1] INFO  server.RaftServerConfigKeys (ConfUtils.java:logGet(43)) - raft.server.log.preallocated.size = 16384 (custom)
2019-09-20 14:16:04,929 [pool-144-thread-1] INFO  server.RaftServerConfigKeys (ConfUtils.java:logGet(43)) - raft.server.log.write.buffer.size = 33554432 (custom)
2019-09-20 14:16:04,929 [pool-144-thread-1] INFO  server.RaftServerConfigKeys (ConfUtils.java:logGet(43)) - raft.server.log.force.sync.num = 128 (default)
2019-09-20 14:16:04,929 [pool-144-thread-1] INFO  server.RaftServerConfigKeys (ConfUtils.java:logGet(43)) - raft.server.log.statemachine.data.sync = true (default)
2019-09-20 14:16:04,929 [pool-144-thread-1] INFO  server.RaftServerConfigKeys (ConfUtils.java:logGet(43)) - raft.server.log.statemachine.data.sync.timeout = 10s (default)
2019-09-20 14:16:04,929 [pool-144-thread-1] INFO  server.RaftServerConfigKeys (ConfUtils.java:logGet(43)) - raft.server.log.statemachine.data.sync.timeout.retry = -1 (default)
2019-09-20 14:16:04,930 [pool-144-thread-1] INFO  server.RaftServerConfigKeys (ConfUtils.java:logGet(43)) - raft.server.log.statemachine.data.caching.enabled = true (custom)
2019-09-20 14:16:04,930 [pool-144-thread-1] INFO  segmented.SegmentedRaftLogWorker (SegmentedRaftLogWorker.java:lambda$new$0(132)) - a9487f91-7da9-40bc-a63a-438d36035868-SegmentedRaftLogWorker:Storage Directory /workdir/hadoop-ozone/ozonefs/target/test-dir/MiniOzoneClusterImpl-cb4c4217-15c8-435f-b543-7039f65985cb/datanode-1/data/ratis/a0affa03-d077-4f45-be98-58f281c2e506: flushIndex: setUnconditionally 0 -> -1
2019-09-20 14:16:04,930 [pool-144-thread-1] INFO  server.RaftServerConfigKeys (ConfUtils.java:logGet(43)) - raft.server.snapshot.auto.trigger.enabled = true (custom)
2019-09-20 14:16:04,931 [pool-144-thread-1] INFO  server.RaftServerConfigKeys (ConfUtils.java:logGet(43)) - raft.server.snapshot.auto.trigger.threshold = 10000 (custom)
2019-09-20 14:16:04,931 [pool-144-thread-1] INFO  server.RaftServerConfigKeys (ConfUtils.java:logGet(43)) - raft.server.retrycache.expirytime = 600000ms (custom)
2019-09-20 14:16:04,931 [pool-144-thread-1] INFO  impl.RaftServerImpl (RaftServerImpl.java:start(180)) - a9487f91-7da9-40bc-a63a-438d36035868: start group-58F281C2E506
2019-09-20 14:16:04,931 [pool-144-thread-1] INFO  impl.RaftServerImpl (RaftServerImpl.java:setRole(171)) - a9487f91-7da9-40bc-a63a-438d36035868:group-58F281C2E506 changes role from null to FOLLOWER at term 0 for startAsFollower
2019-09-20 14:16:04,931 [pool-144-thread-1] INFO  impl.RoleInfo (RoleInfo.java:updateAndGet(143)) - a9487f91-7da9-40bc-a63a-438d36035868: start FollowerState
2019-09-20 14:16:04,932 [pool-144-thread-1] INFO  util.JmxRegister (JmxRegister.java:tryRegister(44)) - Successfully registered JMX Bean with object name Ratis:service=RaftServer,group=group-58F281C2E506,id=a9487f91-7da9-40bc-a63a-438d36035868
2019-09-20 14:16:04,935 [RatisPipelineUtilsThread] INFO  pipeline.PipelineStateManager (PipelineStateManager.java:addPipeline(56)) - Created pipeline Pipeline[ Id: a0affa03-d077-4f45-be98-58f281c2e506, Nodes: a9487f91-7da9-40bc-a63a-438d36035868{ip: 192.168.36.99, host: pr-hdds-1569-p5fx8-1226042367, networkLocation: /default-rack, certSerialId: null}, Type:RATIS, Factor:ONE, State:OPEN]
2019-09-20 14:16:04,936 [RatisPipelineUtilsThread] INFO  pipeline.PipelinePlacementPolicy (PipelinePlacementPolicy.java:meetCriteria(91)) - Pipeline Placement: Doesn't meet the criteria to be viable node： c39a907f-67e2-4a2b-96b7-2c2d3aca2dd1 Heaviness: 6 limit: 5
2019-09-20 14:16:04,936 [RatisPipelineUtilsThread] INFO  pipeline.PipelinePlacementPolicy (PipelinePlacementPolicy.java:meetCriteria(91)) - Pipeline Placement: Doesn't meet the criteria to be viable node： 1bb2a9a8-5a93-4a9a-be35-605f45f451b0 Heaviness: 6 limit: 5
2019-09-20 14:16:04,942 [grpc-default-executor-0] INFO  impl.RaftServerProxy (RaftServerProxy.java:addNew(89)) - a9487f91-7da9-40bc-a63a-438d36035868: addNew group-84EFE7D30268:[a9487f91-7da9-40bc-a63a-438d36035868:192.168.36.99:41098] returns group-84EFE7D30268:java.util.concurrent.CompletableFuture@b43ba45[Not completed]
2019-09-20 14:16:04,943 [pool-144-thread-1] INFO  impl.RaftServerImpl (RaftServerImpl.java:<init>(93)) - a9487f91-7da9-40bc-a63a-438d36035868: new RaftServerImpl for group-84EFE7D30268:[a9487f91-7da9-40bc-a63a-438d36035868:192.168.36.99:41098] with ContainerStateMachine:uninitialized
2019-09-20 14:16:04,943 [pool-144-thread-1] INFO  server.RaftServerConfigKeys (ConfUtils.java:logGet(43)) - raft.server.rpc.timeout.min = 5s (custom)
2019-09-20 14:16:04,943 [pool-144-thread-1] INFO  server.RaftServerConfigKeys (ConfUtils.java:logGet(43)) - raft.server.rpc.timeout.max = 5200ms (custom)
2019-09-20 14:16:04,943 [pool-144-thread-1] INFO  server.RaftServerConfigKeys (ConfUtils.java:logGet(43)) - raft.server.rpcslowness.timeout = 120s (custom)
2019-09-20 14:16:04,943 [pool-144-thread-1] INFO  server.RaftServerConfigKeys (ConfUtils.java:logGet(43)) - raft.server.sleep.deviation.threshold = 300 (default)
2019-09-20 14:16:04,944 [pool-144-thread-1] INFO  server.RaftServerConfigKeys (ConfUtils.java:logGet(43)) - raft.server.log.appender.install.snapshot.enabled = false (custom)
2019-09-20 14:16:04,944 [pool-144-thread-1] INFO  impl.RaftServerImpl (ServerState.java:<init>(105)) - a9487f91-7da9-40bc-a63a-438d36035868:group-84EFE7D30268 ConfigurationManager, init=-1: [a9487f91-7da9-40bc-a63a-438d36035868:192.168.36.99:41098], old=null, confs=<EMPTY_MAP>
2019-09-20 14:16:04,944 [pool-144-thread-1] INFO  server.RaftServerConfigKeys (ConfUtils.java:logGet(43)) - raft.server.storage.dir = [/workdir/hadoop-ozone/ozonefs/target/test-dir/MiniOzoneClusterImpl-cb4c4217-15c8-435f-b543-7039f65985cb/datanode-1/data/ratis] (custom)
2019-09-20 14:16:04,944 [pool-144-thread-1] INFO  storage.RaftStorageDirectory (RaftStorageDirectory.java:analyzeStorage(246)) - The storage directory /workdir/hadoop-ozone/ozonefs/target/test-dir/MiniOzoneClusterImpl-cb4c4217-15c8-435f-b543-7039f65985cb/datanode-1/data/ratis/e8407a01-92f7-465a-b4d7-84efe7d30268 does not exist. Creating ...
2019-09-20 14:16:04,960 [pool-144-thread-1] INFO  storage.RaftStorageDirectory (RaftStorageDirectory.java:tryLock(328)) - Lock on /workdir/hadoop-ozone/ozonefs/target/test-dir/MiniOzoneClusterImpl-cb4c4217-15c8-435f-b543-7039f65985cb/datanode-1/data/ratis/e8407a01-92f7-465a-b4d7-84efe7d30268/in_use.lock acquired by nodename 5474@pr-hdds-1569-p5fx8-1226042367
2019-09-20 14:16:04,986 [pool-144-thread-1] INFO  storage.RaftStorage (RaftStorage.java:format(72)) - Storage directory /workdir/hadoop-ozone/ozonefs/target/test-dir/MiniOzoneClusterImpl-cb4c4217-15c8-435f-b543-7039f65985cb/datanode-1/data/ratis/e8407a01-92f7-465a-b4d7-84efe7d30268 has been successfully formatted.
2019-09-20 14:16:04,986 [pool-144-thread-1] INFO  ratis.ContainerStateMachine (ContainerStateMachine.java:loadSnapshot(226)) - group-84EFE7D30268: The snapshot info is null. Setting the last applied indexto:(t:0, i:~)
2019-09-20 14:16:04,986 [pool-144-thread-1] INFO  server.RaftServerConfigKeys (ConfUtils.java:logGet(43)) - raft.server.leader.election.timeout = 120s (custom)
2019-09-20 14:16:04,986 [pool-144-thread-1] INFO  server.RaftServerConfigKeys (ConfUtils.java:logGet(43)) - raft.server.log.use.memory = false (default)
2019-09-20 14:16:04,987 [pool-144-thread-1] INFO  server.RaftServerConfigKeys (ConfUtils.java:logGet(43)) - raft.server.log.purge.gap = 1000000 (custom)
2019-09-20 14:16:04,987 [pool-144-thread-1] INFO  server.RaftServerConfigKeys (ConfUtils.java:logGet(43)) - raft.server.log.appender.buffer.byte-limit = 33554432 (custom)
2019-09-20 14:16:04,987 [pool-144-thread-1] INFO  server.RaftServerConfigKeys (ConfUtils.java:logGet(43)) - raft.server.log.segment.size.max = 1048576 (custom)
2019-09-20 14:16:04,987 [pool-144-thread-1] INFO  server.RaftServerConfigKeys (ConfUtils.java:logGet(43)) - raft.server.log.segment.cache.num.max = 2 (custom)
2019-09-20 14:16:04,987 [pool-144-thread-1] INFO  segmented.SegmentedRaftLogWorker (SegmentedRaftLogWorker.java:<init>(172)) - new a9487f91-7da9-40bc-a63a-438d36035868-SegmentedRaftLogWorker:Storage Directory /workdir/hadoop-ozone/ozonefs/target/test-dir/MiniOzoneClusterImpl-cb4c4217-15c8-435f-b543-7039f65985cb/datanode-1/data/ratis/e8407a01-92f7-465a-b4d7-84efe7d30268 for RaftStorage:Storage Directory /workdir/hadoop-ozone/ozonefs/target/test-dir/MiniOzoneClusterImpl-cb4c4217-15c8-435f-b543-7039f65985cb/datanode-1/data/ratis/e8407a01-92f7-465a-b4d7-84efe7d30268
2019-09-20 14:16:04,987 [pool-144-thread-1] INFO  server.RaftServerConfigKeys (ConfUtils.java:logGet(43)) - raft.server.log.queue.byte-limit = 2147483647 (custom)
2019-09-20 14:16:04,988 [pool-144-thread-1] INFO  server.RaftServerConfigKeys (ConfUtils.java:logGet(43)) - raft.server.log.queue.element-limit = 1024 (custom)
2019-09-20 14:16:04,988 [pool-144-thread-1] INFO  server.RaftServerConfigKeys (ConfUtils.java:logGet(43)) - raft.server.log.segment.size.max = 1048576 (custom)
2019-09-20 14:16:04,988 [pool-144-thread-1] INFO  server.RaftServerConfigKeys (ConfUtils.java:logGet(43)) - raft.server.log.preallocated.size = 16384 (custom)
2019-09-20 14:16:04,988 [pool-144-thread-1] INFO  server.RaftServerConfigKeys (ConfUtils.java:logGet(43)) - raft.server.log.write.buffer.size = 33554432 (custom)
2019-09-20 14:16:04,988 [pool-144-thread-1] INFO  server.RaftServerConfigKeys (ConfUtils.java:logGet(43)) - raft.server.log.force.sync.num = 128 (default)
2019-09-20 14:16:04,989 [pool-144-thread-1] INFO  server.RaftServerConfigKeys (ConfUtils.java:logGet(43)) - raft.server.log.statemachine.data.sync = true (default)
2019-09-20 14:16:04,989 [pool-144-thread-1] INFO  server.RaftServerConfigKeys (ConfUtils.java:logGet(43)) - raft.server.log.statemachine.data.sync.timeout = 10s (default)
2019-09-20 14:16:04,989 [pool-144-thread-1] INFO  server.RaftServerConfigKeys (ConfUtils.java:logGet(43)) - raft.server.log.statemachine.data.sync.timeout.retry = -1 (default)
2019-09-20 14:16:04,989 [pool-144-thread-1] INFO  server.RaftServerConfigKeys (ConfUtils.java:logGet(43)) - raft.server.log.statemachine.data.caching.enabled = true (custom)
2019-09-20 14:16:04,989 [pool-144-thread-1] INFO  segmented.SegmentedRaftLogWorker (SegmentedRaftLogWorker.java:lambda$new$0(132)) - a9487f91-7da9-40bc-a63a-438d36035868-SegmentedRaftLogWorker:Storage Directory /workdir/hadoop-ozone/ozonefs/target/test-dir/MiniOzoneClusterImpl-cb4c4217-15c8-435f-b543-7039f65985cb/datanode-1/data/ratis/e8407a01-92f7-465a-b4d7-84efe7d30268: flushIndex: setUnconditionally 0 -> -1
2019-09-20 14:16:04,990 [pool-144-thread-1] INFO  server.RaftServerConfigKeys (ConfUtils.java:logGet(43)) - raft.server.snapshot.auto.trigger.enabled = true (custom)
2019-09-20 14:16:04,990 [pool-144-thread-1] INFO  server.RaftServerConfigKeys (ConfUtils.java:logGet(43)) - raft.server.snapshot.auto.trigger.threshold = 10000 (custom)
2019-09-20 14:16:04,990 [pool-144-thread-1] INFO  server.RaftServerConfigKeys (ConfUtils.java:logGet(43)) - raft.server.retrycache.expirytime = 600000ms (custom)
2019-09-20 14:16:04,991 [pool-144-thread-1] INFO  impl.RaftServerImpl (RaftServerImpl.java:start(180)) - a9487f91-7da9-40bc-a63a-438d36035868: start group-84EFE7D30268
2019-09-20 14:16:04,991 [pool-144-thread-1] INFO  impl.RaftServerImpl (RaftServerImpl.java:setRole(171)) - a9487f91-7da9-40bc-a63a-438d36035868:group-84EFE7D30268 changes role from null to FOLLOWER at term 0 for startAsFollower
2019-09-20 14:16:04,991 [pool-144-thread-1] INFO  impl.RoleInfo (RoleInfo.java:updateAndGet(143)) - a9487f91-7da9-40bc-a63a-438d36035868: start FollowerState
2019-09-20 14:16:04,991 [pool-144-thread-1] INFO  util.JmxRegister (JmxRegister.java:tryRegister(44)) - Successfully registered JMX Bean with object name Ratis:service=RaftServer,group=group-84EFE7D30268,id=a9487f91-7da9-40bc-a63a-438d36035868
2019-09-20 14:16:04,995 [RatisPipelineUtilsThread] INFO  pipeline.PipelineStateManager (PipelineStateManager.java:addPipeline(56)) - Created pipeline Pipeline[ Id: e8407a01-92f7-465a-b4d7-84efe7d30268, Nodes: a9487f91-7da9-40bc-a63a-438d36035868{ip: 192.168.36.99, host: pr-hdds-1569-p5fx8-1226042367, networkLocation: /default-rack, certSerialId: null}, Type:RATIS, Factor:ONE, State:OPEN]
2019-09-20 14:16:04,995 [RatisPipelineUtilsThread] INFO  pipeline.PipelinePlacementPolicy (PipelinePlacementPolicy.java:meetCriteria(91)) - Pipeline Placement: Doesn't meet the criteria to be viable node： c39a907f-67e2-4a2b-96b7-2c2d3aca2dd1 Heaviness: 6 limit: 5
2019-09-20 14:16:04,996 [RatisPipelineUtilsThread] INFO  pipeline.PipelinePlacementPolicy (PipelinePlacementPolicy.java:meetCriteria(91)) - Pipeline Placement: Doesn't meet the criteria to be viable node： 1bb2a9a8-5a93-4a9a-be35-605f45f451b0 Heaviness: 6 limit: 5
2019-09-20 14:16:05,002 [grpc-default-executor-0] INFO  impl.RaftServerProxy (RaftServerProxy.java:addNew(89)) - a9487f91-7da9-40bc-a63a-438d36035868: addNew group-E47D4E3B5DAF:[a9487f91-7da9-40bc-a63a-438d36035868:192.168.36.99:41098] returns group-E47D4E3B5DAF:java.util.concurrent.CompletableFuture@62f15d57[Not completed]
2019-09-20 14:16:05,003 [pool-144-thread-1] INFO  impl.RaftServerImpl (RaftServerImpl.java:<init>(93)) - a9487f91-7da9-40bc-a63a-438d36035868: new RaftServerImpl for group-E47D4E3B5DAF:[a9487f91-7da9-40bc-a63a-438d36035868:192.168.36.99:41098] with ContainerStateMachine:uninitialized
2019-09-20 14:16:05,003 [pool-144-thread-1] INFO  server.RaftServerConfigKeys (ConfUtils.java:logGet(43)) - raft.server.rpc.timeout.min = 5s (custom)
2019-09-20 14:16:05,003 [pool-144-thread-1] INFO  server.RaftServerConfigKeys (ConfUtils.java:logGet(43)) - raft.server.rpc.timeout.max = 5200ms (custom)
2019-09-20 14:16:05,004 [pool-144-thread-1] INFO  server.RaftServerConfigKeys (ConfUtils.java:logGet(43)) - raft.server.rpcslowness.timeout = 120s (custom)
2019-09-20 14:16:05,004 [pool-144-thread-1] INFO  server.RaftServerConfigKeys (ConfUtils.java:logGet(43)) - raft.server.sleep.deviation.threshold = 300 (default)
2019-09-20 14:16:05,004 [pool-144-thread-1] INFO  server.RaftServerConfigKeys (ConfUtils.java:logGet(43)) - raft.server.log.appender.install.snapshot.enabled = false (custom)
2019-09-20 14:16:05,004 [pool-144-thread-1] INFO  impl.RaftServerImpl (ServerState.java:<init>(105)) - a9487f91-7da9-40bc-a63a-438d36035868:group-E47D4E3B5DAF ConfigurationManager, init=-1: [a9487f91-7da9-40bc-a63a-438d36035868:192.168.36.99:41098], old=null, confs=<EMPTY_MAP>
2019-09-20 14:16:05,004 [pool-144-thread-1] INFO  server.RaftServerConfigKeys (ConfUtils.java:logGet(43)) - raft.server.storage.dir = [/workdir/hadoop-ozone/ozonefs/target/test-dir/MiniOzoneClusterImpl-cb4c4217-15c8-435f-b543-7039f65985cb/datanode-1/data/ratis] (custom)
2019-09-20 14:16:05,005 [pool-144-thread-1] INFO  storage.RaftStorageDirectory (RaftStorageDirectory.java:analyzeStorage(246)) - The storage directory /workdir/hadoop-ozone/ozonefs/target/test-dir/MiniOzoneClusterImpl-cb4c4217-15c8-435f-b543-7039f65985cb/datanode-1/data/ratis/88669020-8cd8-4408-927a-e47d4e3b5daf does not exist. Creating ...
2019-09-20 14:16:05,028 [pool-144-thread-1] INFO  storage.RaftStorageDirectory (RaftStorageDirectory.java:tryLock(328)) - Lock on /workdir/hadoop-ozone/ozonefs/target/test-dir/MiniOzoneClusterImpl-cb4c4217-15c8-435f-b543-7039f65985cb/datanode-1/data/ratis/88669020-8cd8-4408-927a-e47d4e3b5daf/in_use.lock acquired by nodename 5474@pr-hdds-1569-p5fx8-1226042367
2019-09-20 14:16:05,045 [pool-144-thread-1] INFO  storage.RaftStorage (RaftStorage.java:format(72)) - Storage directory /workdir/hadoop-ozone/ozonefs/target/test-dir/MiniOzoneClusterImpl-cb4c4217-15c8-435f-b543-7039f65985cb/datanode-1/data/ratis/88669020-8cd8-4408-927a-e47d4e3b5daf has been successfully formatted.
2019-09-20 14:16:05,045 [pool-144-thread-1] INFO  ratis.ContainerStateMachine (ContainerStateMachine.java:loadSnapshot(226)) - group-E47D4E3B5DAF: The snapshot info is null. Setting the last applied indexto:(t:0, i:~)
2019-09-20 14:16:05,046 [pool-144-thread-1] INFO  server.RaftServerConfigKeys (ConfUtils.java:logGet(43)) - raft.server.leader.election.timeout = 120s (custom)
2019-09-20 14:16:05,046 [pool-144-thread-1] INFO  server.RaftServerConfigKeys (ConfUtils.java:logGet(43)) - raft.server.log.use.memory = false (default)
2019-09-20 14:16:05,046 [pool-144-thread-1] INFO  server.RaftServerConfigKeys (ConfUtils.java:logGet(43)) - raft.server.log.purge.gap = 1000000 (custom)
2019-09-20 14:16:05,046 [pool-144-thread-1] INFO  server.RaftServerConfigKeys (ConfUtils.java:logGet(43)) - raft.server.log.appender.buffer.byte-limit = 33554432 (custom)
2019-09-20 14:16:05,046 [pool-144-thread-1] INFO  server.RaftServerConfigKeys (ConfUtils.java:logGet(43)) - raft.server.log.segment.size.max = 1048576 (custom)
2019-09-20 14:16:05,047 [pool-144-thread-1] INFO  server.RaftServerConfigKeys (ConfUtils.java:logGet(43)) - raft.server.log.segment.cache.num.max = 2 (custom)
2019-09-20 14:16:05,047 [pool-144-thread-1] INFO  segmented.SegmentedRaftLogWorker (SegmentedRaftLogWorker.java:<init>(172)) - new a9487f91-7da9-40bc-a63a-438d36035868-SegmentedRaftLogWorker:Storage Directory /workdir/hadoop-ozone/ozonefs/target/test-dir/MiniOzoneClusterImpl-cb4c4217-15c8-435f-b543-7039f65985cb/datanode-1/data/ratis/88669020-8cd8-4408-927a-e47d4e3b5daf for RaftStorage:Storage Directory /workdir/hadoop-ozone/ozonefs/target/test-dir/MiniOzoneClusterImpl-cb4c4217-15c8-435f-b543-7039f65985cb/datanode-1/data/ratis/88669020-8cd8-4408-927a-e47d4e3b5daf
2019-09-20 14:16:05,047 [pool-144-thread-1] INFO  server.RaftServerConfigKeys (ConfUtils.java:logGet(43)) - raft.server.log.queue.byte-limit = 2147483647 (custom)
2019-09-20 14:16:05,047 [pool-144-thread-1] INFO  server.RaftServerConfigKeys (ConfUtils.java:logGet(43)) - raft.server.log.queue.element-limit = 1024 (custom)
2019-09-20 14:16:05,047 [pool-144-thread-1] INFO  server.RaftServerConfigKeys (ConfUtils.java:logGet(43)) - raft.server.log.segment.size.max = 1048576 (custom)
2019-09-20 14:16:05,047 [pool-144-thread-1] INFO  server.RaftServerConfigKeys (ConfUtils.java:logGet(43)) - raft.server.log.preallocated.size = 16384 (custom)
2019-09-20 14:16:05,048 [pool-144-thread-1] INFO  server.RaftServerConfigKeys (ConfUtils.java:logGet(43)) - raft.server.log.write.buffer.size = 33554432 (custom)
2019-09-20 14:16:05,048 [pool-144-thread-1] INFO  server.RaftServerConfigKeys (ConfUtils.java:logGet(43)) - raft.server.log.force.sync.num = 128 (default)
2019-09-20 14:16:05,048 [pool-144-thread-1] INFO  server.RaftServerConfigKeys (ConfUtils.java:logGet(43)) - raft.server.log.statemachine.data.sync = true (default)
2019-09-20 14:16:05,048 [pool-144-thread-1] INFO  server.RaftServerConfigKeys (ConfUtils.java:logGet(43)) - raft.server.log.statemachine.data.sync.timeout = 10s (default)
2019-09-20 14:16:05,048 [pool-144-thread-1] INFO  server.RaftServerConfigKeys (ConfUtils.java:logGet(43)) - raft.server.log.statemachine.data.sync.timeout.retry = -1 (default)
2019-09-20 14:16:05,048 [pool-144-thread-1] INFO  server.RaftServerConfigKeys (ConfUtils.java:logGet(43)) - raft.server.log.statemachine.data.caching.enabled = true (custom)
2019-09-20 14:16:05,049 [pool-144-thread-1] INFO  segmented.SegmentedRaftLogWorker (SegmentedRaftLogWorker.java:lambda$new$0(132)) - a9487f91-7da9-40bc-a63a-438d36035868-SegmentedRaftLogWorker:Storage Directory /workdir/hadoop-ozone/ozonefs/target/test-dir/MiniOzoneClusterImpl-cb4c4217-15c8-435f-b543-7039f65985cb/datanode-1/data/ratis/88669020-8cd8-4408-927a-e47d4e3b5daf: flushIndex: setUnconditionally 0 -> -1
2019-09-20 14:16:05,049 [pool-144-thread-1] INFO  server.RaftServerConfigKeys (ConfUtils.java:logGet(43)) - raft.server.snapshot.auto.trigger.enabled = true (custom)
2019-09-20 14:16:05,049 [pool-144-thread-1] INFO  server.RaftServerConfigKeys (ConfUtils.java:logGet(43)) - raft.server.snapshot.auto.trigger.threshold = 10000 (custom)
2019-09-20 14:16:05,050 [pool-144-thread-1] INFO  server.RaftServerConfigKeys (ConfUtils.java:logGet(43)) - raft.server.retrycache.expirytime = 600000ms (custom)
2019-09-20 14:16:05,050 [pool-144-thread-1] INFO  impl.RaftServerImpl (RaftServerImpl.java:start(180)) - a9487f91-7da9-40bc-a63a-438d36035868: start group-E47D4E3B5DAF
2019-09-20 14:16:05,050 [pool-144-thread-1] INFO  impl.RaftServerImpl (RaftServerImpl.java:setRole(171)) - a9487f91-7da9-40bc-a63a-438d36035868:group-E47D4E3B5DAF changes role from null to FOLLOWER at term 0 for startAsFollower
2019-09-20 14:16:05,050 [pool-144-thread-1] INFO  impl.RoleInfo (RoleInfo.java:updateAndGet(143)) - a9487f91-7da9-40bc-a63a-438d36035868: start FollowerState
2019-09-20 14:16:05,051 [pool-144-thread-1] INFO  util.JmxRegister (JmxRegister.java:tryRegister(44)) - Successfully registered JMX Bean with object name Ratis:service=RaftServer,group=group-E47D4E3B5DAF,id=a9487f91-7da9-40bc-a63a-438d36035868
2019-09-20 14:16:05,055 [RatisPipelineUtilsThread] INFO  pipeline.PipelineStateManager (PipelineStateManager.java:addPipeline(56)) - Created pipeline Pipeline[ Id: 88669020-8cd8-4408-927a-e47d4e3b5daf, Nodes: a9487f91-7da9-40bc-a63a-438d36035868{ip: 192.168.36.99, host: pr-hdds-1569-p5fx8-1226042367, networkLocation: /default-rack, certSerialId: null}, Type:RATIS, Factor:ONE, State:OPEN]
2019-09-20 14:16:05,055 [RatisPipelineUtilsThread] INFO  pipeline.PipelinePlacementPolicy (PipelinePlacementPolicy.java:meetCriteria(91)) - Pipeline Placement: Doesn't meet the criteria to be viable node： a9487f91-7da9-40bc-a63a-438d36035868 Heaviness: 6 limit: 5
2019-09-20 14:16:05,055 [RatisPipelineUtilsThread] INFO  pipeline.PipelinePlacementPolicy (PipelinePlacementPolicy.java:meetCriteria(91)) - Pipeline Placement: Doesn't meet the criteria to be viable node： c39a907f-67e2-4a2b-96b7-2c2d3aca2dd1 Heaviness: 6 limit: 5
2019-09-20 14:16:05,055 [RatisPipelineUtilsThread] INFO  pipeline.PipelinePlacementPolicy (PipelinePlacementPolicy.java:meetCriteria(91)) - Pipeline Placement: Doesn't meet the criteria to be viable node： 1bb2a9a8-5a93-4a9a-be35-605f45f451b0 Heaviness: 6 limit: 5
2019-09-20 14:16:05,056 [RatisPipelineUtilsThread] ERROR pipeline.PipelinePlacementPolicy (PipelinePlacementPolicy.java:filterViableNodes(148)) - Unable to find enough nodes that meet the criteria that cannot engage in more than 5 pipelines. Nodes required: 1 Found: 0, healthy nodes count inNodeManager: 3.
2019-09-20 14:16:05,056 [RatisPipelineUtilsThread] ERROR pipeline.SCMPipelineManager (SCMPipelineManager.java:createPipeline(161)) - Pipeline creation failed due to exception: Unable to find enough nodes that meet the criteria that cannot engage in more than 5 pipelines. Nodes required: 1 Found: 0, healthy nodes count inNodeManager: 3.
2019-09-20 14:16:05,056 [RatisPipelineUtilsThread] INFO  pipeline.PipelinePlacementPolicy (PipelinePlacementPolicy.java:meetCriteria(91)) - Pipeline Placement: Doesn't meet the criteria to be viable node： a9487f91-7da9-40bc-a63a-438d36035868 Heaviness: 6 limit: 5
2019-09-20 14:16:05,056 [RatisPipelineUtilsThread] INFO  pipeline.PipelinePlacementPolicy (PipelinePlacementPolicy.java:meetCriteria(91)) - Pipeline Placement: Doesn't meet the criteria to be viable node： c39a907f-67e2-4a2b-96b7-2c2d3aca2dd1 Heaviness: 6 limit: 5
2019-09-20 14:16:05,056 [RatisPipelineUtilsThread] INFO  pipeline.PipelinePlacementPolicy (PipelinePlacementPolicy.java:meetCriteria(91)) - Pipeline Placement: Doesn't meet the criteria to be viable node： 1bb2a9a8-5a93-4a9a-be35-605f45f451b0 Heaviness: 6 limit: 5
2019-09-20 14:16:05,056 [RatisPipelineUtilsThread] ERROR pipeline.PipelinePlacementPolicy (PipelinePlacementPolicy.java:filterViableNodes(148)) - Unable to find enough nodes that meet the criteria that cannot engage in more than 5 pipelines. Nodes required: 3 Found: 0, healthy nodes count inNodeManager: 3.
2019-09-20 14:16:05,057 [RatisPipelineUtilsThread] ERROR pipeline.SCMPipelineManager (SCMPipelineManager.java:createPipeline(161)) - Pipeline creation failed due to exception: Unable to find enough nodes that meet the criteria that cannot engage in more than 5 pipelines. Nodes required: 3 Found: 0, healthy nodes count inNodeManager: 3.
2019-09-20 14:16:05,057 [RatisPipelineUtilsThread] INFO  pipeline.PipelinePlacementPolicy (PipelinePlacementPolicy.java:meetCriteria(91)) - Pipeline Placement: Doesn't meet the criteria to be viable node： a9487f91-7da9-40bc-a63a-438d36035868 Heaviness: 6 limit: 5
2019-09-20 14:16:05,057 [RatisPipelineUtilsThread] INFO  pipeline.PipelinePlacementPolicy (PipelinePlacementPolicy.java:meetCriteria(91)) - Pipeline Placement: Doesn't meet the criteria to be viable node： c39a907f-67e2-4a2b-96b7-2c2d3aca2dd1 Heaviness: 6 limit: 5
2019-09-20 14:16:05,057 [RatisPipelineUtilsThread] INFO  pipeline.PipelinePlacementPolicy (PipelinePlacementPolicy.java:meetCriteria(91)) - Pipeline Placement: Doesn't meet the criteria to be viable node： 1bb2a9a8-5a93-4a9a-be35-605f45f451b0 Heaviness: 6 limit: 5
2019-09-20 14:16:05,057 [RatisPipelineUtilsThread] ERROR pipeline.PipelinePlacementPolicy (PipelinePlacementPolicy.java:filterViableNodes(148)) - Unable to find enough nodes that meet the criteria that cannot engage in more than 5 pipelines. Nodes required: 1 Found: 0, healthy nodes count inNodeManager: 3.
2019-09-20 14:16:05,058 [RatisPipelineUtilsThread] ERROR pipeline.SCMPipelineManager (SCMPipelineManager.java:createPipeline(161)) - Pipeline creation failed due to exception: Unable to find enough nodes that meet the criteria that cannot engage in more than 5 pipelines. Nodes required: 1 Found: 0, healthy nodes count inNodeManager: 3.
2019-09-20 14:16:05,058 [RatisPipelineUtilsThread] INFO  pipeline.PipelinePlacementPolicy (PipelinePlacementPolicy.java:meetCriteria(91)) - Pipeline Placement: Doesn't meet the criteria to be viable node： a9487f91-7da9-40bc-a63a-438d36035868 Heaviness: 6 limit: 5
2019-09-20 14:16:05,058 [RatisPipelineUtilsThread] INFO  pipeline.PipelinePlacementPolicy (PipelinePlacementPolicy.java:meetCriteria(91)) - Pipeline Placement: Doesn't meet the criteria to be viable node： c39a907f-67e2-4a2b-96b7-2c2d3aca2dd1 Heaviness: 6 limit: 5
2019-09-20 14:16:05,058 [RatisPipelineUtilsThread] INFO  pipeline.PipelinePlacementPolicy (PipelinePlacementPolicy.java:meetCriteria(91)) - Pipeline Placement: Doesn't meet the criteria to be viable node： 1bb2a9a8-5a93-4a9a-be35-605f45f451b0 Heaviness: 6 limit: 5
2019-09-20 14:16:05,058 [RatisPipelineUtilsThread] ERROR pipeline.PipelinePlacementPolicy (PipelinePlacementPolicy.java:filterViableNodes(148)) - Unable to find enough nodes that meet the criteria that cannot engage in more than 5 pipelines. Nodes required: 3 Found: 0, healthy nodes count inNodeManager: 3.
2019-09-20 14:16:05,058 [RatisPipelineUtilsThread] ERROR pipeline.SCMPipelineManager (SCMPipelineManager.java:createPipeline(161)) - Pipeline creation failed due to exception: Unable to find enough nodes that meet the criteria that cannot engage in more than 5 pipelines. Nodes required: 3 Found: 0, healthy nodes count inNodeManager: 3.
2019-09-20 14:16:05,258 [Thread-538] INFO  ozone.MiniOzoneClusterImpl (MiniOzoneClusterImpl.java:lambda$waitForClusterToBeReady$0(142)) - Cluster is ready. Got 3 of 3 DN Heartbeats.
2019-09-20 14:16:05,428 | INFO  | OMAudit | user=jenkins1000 | ip=127.0.0.1 | op=CREATE_VOLUME {admin=admin08043, owner=user93052, volume=volume52978, creationTime=1568988965427, quotaInBytes=1152921504606846976} | ret=SUCCESS |  
2019-09-20 14:16:05,438 | INFO  | OMAudit | user=jenkins1000 | ip=127.0.0.1 | op=CREATE_BUCKET {volume=volume52978, bucket=bucket03966, acls=[], isVersionEnabled=false, storageType=DISK, creationTime=0} | ret=SUCCESS |  
2019-09-20 14:16:05,457 | INFO  | OMAudit | user=jenkins1000 | ip=127.0.0.1 | op=READ_VOLUME {volume=volume52978} | ret=SUCCESS |  
2019-09-20 14:16:05,459 | INFO  | OMAudit | user=jenkins1000 | ip=127.0.0.1 | op=READ_BUCKET {volume=volume52978, bucket=bucket03966} | ret=SUCCESS |  
2019-09-20 14:16:05,479 | INFO  | OMAudit | user=jenkins1000 | ip=127.0.0.1 | op=CREATE_DIRECTORY {volume=volume52978, bucket=bucket03966, key=dir1/dir11/dir111, dataSize=0, replicationType=null, replicationFactor=null, keyLocationInfo=null} | ret=SUCCESS |  
2019-09-20 14:16:05,482 | INFO  | OMAudit | user=jenkins1000 | ip=127.0.0.1 | op=CREATE_DIRECTORY {volume=volume52978, bucket=bucket03966, key=dir1/dir12, dataSize=0, replicationType=null, replicationFactor=null, keyLocationInfo=null} | ret=SUCCESS |  
2019-09-20 14:16:05,537 [IPC Server handler 1 on 33631] INFO  pipeline.PipelinePlacementPolicy (PipelinePlacementPolicy.java:meetCriteria(91)) - Pipeline Placement: Doesn't meet the criteria to be viable node： a9487f91-7da9-40bc-a63a-438d36035868 Heaviness: 6 limit: 5
2019-09-20 14:16:05,538 [IPC Server handler 1 on 33631] INFO  pipeline.PipelinePlacementPolicy (PipelinePlacementPolicy.java:meetCriteria(91)) - Pipeline Placement: Doesn't meet the criteria to be viable node： c39a907f-67e2-4a2b-96b7-2c2d3aca2dd1 Heaviness: 6 limit: 5
2019-09-20 14:16:05,538 [IPC Server handler 1 on 33631] INFO  pipeline.PipelinePlacementPolicy (PipelinePlacementPolicy.java:meetCriteria(91)) - Pipeline Placement: Doesn't meet the criteria to be viable node： 1bb2a9a8-5a93-4a9a-be35-605f45f451b0 Heaviness: 6 limit: 5
2019-09-20 14:16:05,539 [IPC Server handler 1 on 33631] ERROR pipeline.PipelinePlacementPolicy (PipelinePlacementPolicy.java:filterViableNodes(148)) - Unable to find enough nodes that meet the criteria that cannot engage in more than 5 pipelines. Nodes required: 3 Found: 0, healthy nodes count inNodeManager: 3.
2019-09-20 14:16:05,539 [IPC Server handler 1 on 33631] ERROR pipeline.SCMPipelineManager (SCMPipelineManager.java:createPipeline(161)) - Pipeline creation failed due to exception: Unable to find enough nodes that meet the criteria that cannot engage in more than 5 pipelines. Nodes required: 3 Found: 0, healthy nodes count inNodeManager: 3.
2019-09-20 14:16:05,540 [IPC Server handler 1 on 33631] WARN  block.BlockManagerImpl (BlockManagerImpl.java:allocateBlock(192)) - Pipeline creation failed for type:RATIS factor:THREE. Retrying get pipelines call once.
org.apache.hadoop.hdds.scm.exceptions.SCMException: Unable to find enough nodes that meet the criteria that cannot engage in more than 5 pipelines. Nodes required: 3 Found: 0, healthy nodes count inNodeManager: 3.
	at org.apache.hadoop.hdds.scm.pipeline.PipelinePlacementPolicy.filterViableNodes(PipelinePlacementPolicy.java:149)
	at org.apache.hadoop.hdds.scm.pipeline.PipelinePlacementPolicy.chooseDatanodes(PipelinePlacementPolicy.java:172)
	at org.apache.hadoop.hdds.scm.pipeline.RatisPipelineProvider.create(RatisPipelineProvider.java:92)
	at org.apache.hadoop.hdds.scm.pipeline.PipelineFactory.create(PipelineFactory.java:57)
	at org.apache.hadoop.hdds.scm.pipeline.SCMPipelineManager.createPipeline(SCMPipelineManager.java:149)
	at org.apache.hadoop.hdds.scm.block.BlockManagerImpl.allocateBlock(BlockManagerImpl.java:190)
	at org.apache.hadoop.hdds.scm.server.SCMBlockProtocolServer.allocateBlock(SCMBlockProtocolServer.java:175)
	at org.apache.hadoop.ozone.protocolPB.ScmBlockLocationProtocolServerSideTranslatorPB.allocateScmBlock(ScmBlockLocationProtocolServerSideTranslatorPB.java:153)
	at org.apache.hadoop.ozone.protocolPB.ScmBlockLocationProtocolServerSideTranslatorPB.send(ScmBlockLocationProtocolServerSideTranslatorPB.java:112)
	at org.apache.hadoop.hdds.protocol.proto.ScmBlockLocationProtocolProtos$ScmBlockLocationProtocolService$2.callBlockingMethod(ScmBlockLocationProtocolProtos.java:13157)
	at org.apache.hadoop.ipc.ProtobufRpcEngine$Server$ProtoBufRpcInvoker.call(ProtobufRpcEngine.java:524)
	at org.apache.hadoop.ipc.RPC$Server.call(RPC.java:1025)
	at org.apache.hadoop.ipc.Server$RpcCall.run(Server.java:876)
	at org.apache.hadoop.ipc.Server$RpcCall.run(Server.java:822)
	at java.security.AccessController.doPrivileged(Native Method)
	at javax.security.auth.Subject.doAs(Subject.java:422)
	at org.apache.hadoop.security.UserGroupInformation.doAs(UserGroupInformation.java:1730)
	at org.apache.hadoop.ipc.Server$Handler.run(Server.java:2682)
2019-09-20 14:16:05,544 [IPC Server handler 1 on 33631] INFO  block.BlockManagerImpl (BlockManagerImpl.java:allocateBlock(198)) - Could not find available pipeline of type:RATIS and factor:THREE even after retrying
2019-09-20 14:16:05,544 [IPC Server handler 1 on 33631] ERROR block.BlockManagerImpl (BlockManagerImpl.java:allocateBlock(222)) - Unable to allocate a block for the size: 4194304, type: RATIS, factor: THREE
2019-09-20 14:16:05,544 | INFO  | SCMAudit | user=jenkins1000 | ip=192.168.36.99 | op=ALLOCATE_BLOCK {owner=caca4842-b646-4971-9502-c2f1bd75be50, size=4194304, type=RATIS, factor=THREE} | ret=SUCCESS |  
2019-09-20 14:16:05,552 | ERROR | OMAudit | user=jenkins1000 | ip=127.0.0.1 | op=CREATE_FILE {volume=volume52978, bucket=bucket03966, key=dir1/dir12/file121, dataSize=0, replicationType=RATIS, replicationFactor=THREE, keyLocationInfo=null} | ret=FAILURE | org.apache.hadoop.hdds.scm.exceptions.SCMException: Allocated 0 blocks. Requested 1 blocks
	at org.apache.hadoop.hdds.scm.protocolPB.ScmBlockLocationProtocolClientSideTranslatorPB.handleError(ScmBlockLocationProtocolClientSideTranslatorPB.java:118)
	at org.apache.hadoop.hdds.scm.protocolPB.ScmBlockLocationProtocolClientSideTranslatorPB.allocateBlock(ScmBlockLocationProtocolClientSideTranslatorPB.java:156) 
2019-09-20 14:16:05,554 [Thread-538] INFO  ozone.MiniOzoneClusterImpl (MiniOzoneClusterImpl.java:shutdown(321)) - Shutting down the Mini Ozone Cluster
2019-09-20 14:16:05,554 | INFO  | SCMAudit | user=null | ip=null | op=GET_SCM_INFO null | ret=SUCCESS |  
2019-09-20 14:16:05,554 [Thread-538] INFO  ozone.MiniOzoneClusterImpl (MiniOzoneClusterImpl.java:stop(336)) - Stopping the Mini Ozone Cluster
2019-09-20 14:16:05,555 [Thread-538] INFO  ozone.MiniOzoneClusterImpl (MiniOzoneClusterImpl.java:stop(338)) - Stopping the OzoneManager
2019-09-20 14:16:05,555 [Thread-538] INFO  ipc.Server (Server.java:stop(3082)) - Stopping server on 36717
2019-09-20 14:16:05,557 [IPC Server listener on 36717] INFO  ipc.Server (Server.java:run(1185)) - Stopping IPC Server listener on 36717
2019-09-20 14:16:05,558 [IPC Server Responder] INFO  ipc.Server (Server.java:run(1319)) - Stopping IPC Server Responder
2019-09-20 14:16:05,558 [Thread-538] INFO  ratis.OzoneManagerDoubleBuffer (OzoneManagerDoubleBuffer.java:stop(248)) - Stopping OMDoubleBuffer flush thread
2019-09-20 14:16:05,560 [OMDoubleBufferFlushThread] INFO  ratis.OzoneManagerDoubleBuffer (OzoneManagerDoubleBuffer.java:flushTransactions(191)) - OMDoubleBuffer flush thread OMDoubleBufferFlushThread is interrupted and will exit. OMDoubleBufferFlushThread
2019-09-20 14:16:05,560 [Thread-538] INFO  utils.BackgroundService (BackgroundService.java:shutdown(148)) - Shutting down service KeyDeletingService
2019-09-20 14:16:05,562 [Thread-538] INFO  handler.ContextHandler (ContextHandler.java:doStop(910)) - Stopped o.e.j.w.WebAppContext@5bd37e93{/,null,UNAVAILABLE}{/ozoneManager}
2019-09-20 14:16:05,562 [Thread-538] INFO  server.AbstractConnector (AbstractConnector.java:doStop(318)) - Stopped ServerConnector@2773442e{HTTP/1.1,[http/1.1]}{0.0.0.0:0}
2019-09-20 14:16:05,563 [Thread-538] INFO  handler.ContextHandler (ContextHandler.java:doStop(910)) - Stopped o.e.j.s.ServletContextHandler@18f181b{/static,jar:file:/home/user/.m2/repository/org/apache/hadoop/hadoop-ozone-ozone-manager/0.5.0-SNAPSHOT/hadoop-ozone-ozone-manager-0.5.0-SNAPSHOT.jar!/webapps/static,UNAVAILABLE}
2019-09-20 14:16:05,563 [Thread-538] INFO  handler.ContextHandler (ContextHandler.java:doStop(910)) - Stopped o.e.j.s.ServletContextHandler@7e5bae21{/logs,file:///workdir/hadoop-ozone/ozonefs/target/log,UNAVAILABLE}
2019-09-20 14:16:05,566 [Thread-538] INFO  ozone.MiniOzoneClusterImpl (MiniOzoneClusterImpl.java:stop(344)) - Shutting the HddsDatanodes
2019-09-20 14:16:05,566 [Thread-538] INFO  datanode.ObjectStoreHandler (ObjectStoreHandler.java:close(155)) - Closing ObjectStoreHandler.
2019-09-20 14:16:05,567 [ForkJoinPool.commonPool-worker-0] INFO  datanode.ObjectStoreHandler (ObjectStoreHandler.java:close(155)) - Closing ObjectStoreHandler.
2019-09-20 14:16:05,567 [Thread-538] INFO  ozone.HddsDatanodeService (HddsDatanodeService.java:stop(451)) - Stopped plug-in org.apache.hadoop.ozone.web.OzoneHddsDatanodeService@3095502f
2019-09-20 14:16:05,568 [ForkJoinPool.commonPool-worker-0] INFO  ozone.HddsDatanodeService (HddsDatanodeService.java:stop(451)) - Stopped plug-in org.apache.hadoop.ozone.web.OzoneHddsDatanodeService@20816387
2019-09-20 14:16:05,845 [Datanode State Machine Thread - 0] INFO  statemachine.DatanodeStateMachine (DatanodeStateMachine.java:lambda$startDaemon$0(350)) - Ozone container server started.
2019-09-20 14:16:06,029 [Datanode State Machine Thread - 0] INFO  statemachine.DatanodeStateMachine (DatanodeStateMachine.java:lambda$startDaemon$0(350)) - Ozone container server started.
2019-09-20 14:16:06,259 | INFO  | SCMAudit | user=jenkins1000 | ip=192.168.36.99 | op=SEND_HEARTBEAT {datanodeUUID=1bb2a9a8-5a93-4a9a-be35-605f45f451b0, command=[]} | ret=SUCCESS |  
2019-09-20 14:16:06,856 [Thread-710] INFO  container.ReplicationManager (ReplicationManager.java:start(151)) - Starting Replication Monitor Thread.
2019-09-20 14:16:06,859 [ReplicationMonitor] INFO  container.ReplicationManager (ReplicationManager.java:run(214)) - Replication Monitor Thread took 0 milliseconds for processing 0 containers.
2019-09-20 14:16:07,259 | INFO  | SCMAudit | user=jenkins1000 | ip=192.168.36.99 | op=SEND_HEARTBEAT {datanodeUUID=1bb2a9a8-5a93-4a9a-be35-605f45f451b0, command=[]} | ret=SUCCESS |  
2019-09-20 14:16:08,259 | INFO  | SCMAudit | user=jenkins1000 | ip=192.168.36.99 | op=SEND_HEARTBEAT {datanodeUUID=1bb2a9a8-5a93-4a9a-be35-605f45f451b0, command=[]} | ret=SUCCESS |  
2019-09-20 14:16:09,006 [Thread-712] INFO  impl.FollowerState (FollowerState.java:run(106)) - c39a907f-67e2-4a2b-96b7-2c2d3aca2dd1:group-B5FA805EACA1 changes to CANDIDATE, lastRpcTime:5070, electionTimeout:5070ms
2019-09-20 14:16:09,007 [Thread-712] INFO  impl.RoleInfo (RoleInfo.java:shutdownFollowerState(121)) - c39a907f-67e2-4a2b-96b7-2c2d3aca2dd1: shutdown FollowerState
2019-09-20 14:16:09,007 [Thread-712] INFO  impl.RaftServerImpl (RaftServerImpl.java:setRole(171)) - c39a907f-67e2-4a2b-96b7-2c2d3aca2dd1:group-B5FA805EACA1 changes role from FOLLOWER to CANDIDATE at term 0 for changeToCandidate
2019-09-20 14:16:09,008 [Thread-712] INFO  impl.RoleInfo (RoleInfo.java:updateAndGet(143)) - c39a907f-67e2-4a2b-96b7-2c2d3aca2dd1: start LeaderElection
2019-09-20 14:16:09,043 [c39a907f-67e2-4a2b-96b7-2c2d3aca2dd1:group-B5FA805EACA1:LeaderElection36] INFO  impl.LeaderElection (LeaderElection.java:askForVotes(181)) - c39a907f-67e2-4a2b-96b7-2c2d3aca2dd1:group-B5FA805EACA1:LeaderElection36: begin an election at term 1 for -1: [c39a907f-67e2-4a2b-96b7-2c2d3aca2dd1:192.168.36.99:36682], old=null
2019-09-20 14:16:09,044 [c39a907f-67e2-4a2b-96b7-2c2d3aca2dd1:group-B5FA805EACA1:LeaderElection36] INFO  impl.RoleInfo (RoleInfo.java:shutdownLeaderElection(134)) - c39a907f-67e2-4a2b-96b7-2c2d3aca2dd1: shutdown LeaderElection
2019-09-20 14:16:09,044 [c39a907f-67e2-4a2b-96b7-2c2d3aca2dd1:group-B5FA805EACA1:LeaderElection36] INFO  impl.RaftServerImpl (RaftServerImpl.java:setRole(171)) - c39a907f-67e2-4a2b-96b7-2c2d3aca2dd1:group-B5FA805EACA1 changes role from CANDIDATE to LEADER at term 1 for changeToLeader
2019-09-20 14:16:09,044 [c39a907f-67e2-4a2b-96b7-2c2d3aca2dd1:group-B5FA805EACA1:LeaderElection36] INFO  impl.RaftServerImpl (ServerState.java:setLeader(263)) - c39a907f-67e2-4a2b-96b7-2c2d3aca2dd1:group-B5FA805EACA1 change Leader from null to c39a907f-67e2-4a2b-96b7-2c2d3aca2dd1 at term 1 for becomeLeader, leader elected after 5113ms
2019-09-20 14:16:09,045 [c39a907f-67e2-4a2b-96b7-2c2d3aca2dd1:group-B5FA805EACA1:LeaderElection36] INFO  server.RaftServerConfigKeys (ConfUtils.java:logGet(43)) - raft.server.staging.catchup.gap = 1000 (default)
2019-09-20 14:16:09,045 [c39a907f-67e2-4a2b-96b7-2c2d3aca2dd1:group-B5FA805EACA1:LeaderElection36] INFO  server.RaftServerConfigKeys (ConfUtils.java:logGet(43)) - raft.server.rpc.sleep.time = 25ms (default)
2019-09-20 14:16:09,045 [c39a907f-67e2-4a2b-96b7-2c2d3aca2dd1:group-B5FA805EACA1:LeaderElection36] INFO  server.RaftServerConfigKeys (ConfUtils.java:logGet(43)) - raft.server.write.element-limit = 4096 (default)
2019-09-20 14:16:09,046 [c39a907f-67e2-4a2b-96b7-2c2d3aca2dd1:group-B5FA805EACA1:LeaderElection36] INFO  server.RaftServerConfigKeys (ConfUtils.java:logGet(43)) - raft.server.watch.timeout = 10s (default)
2019-09-20 14:16:09,046 [c39a907f-67e2-4a2b-96b7-2c2d3aca2dd1:group-B5FA805EACA1:LeaderElection36] INFO  server.RaftServerConfigKeys (ConfUtils.java:logGet(43)) - raft.server.watch.timeout.denomination = 1s (default)
2019-09-20 14:16:09,046 [c39a907f-67e2-4a2b-96b7-2c2d3aca2dd1:group-B5FA805EACA1:LeaderElection36] INFO  server.RaftServerConfigKeys (ConfUtils.java:logGet(43)) - raft.server.watch.element-limit = 65536 (default)
2019-09-20 14:16:09,046 [c39a907f-67e2-4a2b-96b7-2c2d3aca2dd1:group-B5FA805EACA1:LeaderElection36] INFO  impl.RoleInfo (RoleInfo.java:updateAndGet(143)) - c39a907f-67e2-4a2b-96b7-2c2d3aca2dd1: start LeaderState
2019-09-20 14:16:09,047 [c39a907f-67e2-4a2b-96b7-2c2d3aca2dd1:group-B5FA805EACA1:LeaderElection36] INFO  segmented.SegmentedRaftLogWorker (SegmentedRaftLogWorker.java:startLogSegment(380)) - c39a907f-67e2-4a2b-96b7-2c2d3aca2dd1-SegmentedRaftLogWorker:Storage Directory /workdir/hadoop-ozone/ozonefs/target/test-dir/MiniOzoneClusterImpl-cb4c4217-15c8-435f-b543-7039f65985cb/datanode-0/data/ratis/c50a71e7-8184-45c8-a9fe-b5fa805eaca1: Starting segment from index:0
2019-09-20 14:16:09,048 [c39a907f-67e2-4a2b-96b7-2c2d3aca2dd1:group-B5FA805EACA1:LeaderElection36] INFO  impl.RaftServerImpl (ServerState.java:setRaftConf(361)) - c39a907f-67e2-4a2b-96b7-2c2d3aca2dd1:group-B5FA805EACA1 set configuration 0: [c39a907f-67e2-4a2b-96b7-2c2d3aca2dd1:192.168.36.99:36682], old=null at 0
2019-09-20 14:16:09,079 [Thread-715] INFO  impl.FollowerState (FollowerState.java:run(106)) - c39a907f-67e2-4a2b-96b7-2c2d3aca2dd1:group-CBC889B4FF75 changes to CANDIDATE, lastRpcTime:5084, electionTimeout:5084ms
2019-09-20 14:16:09,080 [Thread-715] INFO  impl.RoleInfo (RoleInfo.java:shutdownFollowerState(121)) - c39a907f-67e2-4a2b-96b7-2c2d3aca2dd1: shutdown FollowerState
2019-09-20 14:16:09,080 [Thread-715] INFO  impl.RaftServerImpl (RaftServerImpl.java:setRole(171)) - c39a907f-67e2-4a2b-96b7-2c2d3aca2dd1:group-CBC889B4FF75 changes role from FOLLOWER to CANDIDATE at term 0 for changeToCandidate
2019-09-20 14:16:09,080 [Thread-715] INFO  impl.RoleInfo (RoleInfo.java:updateAndGet(143)) - c39a907f-67e2-4a2b-96b7-2c2d3aca2dd1: start LeaderElection
2019-09-20 14:16:09,103 [c39a907f-67e2-4a2b-96b7-2c2d3aca2dd1-SegmentedRaftLogWorker:Storage Directory /workdir/hadoop-ozone/ozonefs/target/test-dir/MiniOzoneClusterImpl-cb4c4217-15c8-435f-b543-7039f65985cb/datanode-0/data/ratis/c50a71e7-8184-45c8-a9fe-b5fa805eaca1] INFO  segmented.SegmentedRaftLogWorker (SegmentedRaftLogWorker.java:execute(569)) - c39a907f-67e2-4a2b-96b7-2c2d3aca2dd1-SegmentedRaftLogWorker:Storage Directory /workdir/hadoop-ozone/ozonefs/target/test-dir/MiniOzoneClusterImpl-cb4c4217-15c8-435f-b543-7039f65985cb/datanode-0/data/ratis/c50a71e7-8184-45c8-a9fe-b5fa805eaca1: created new log segment /workdir/hadoop-ozone/ozonefs/target/test-dir/MiniOzoneClusterImpl-cb4c4217-15c8-435f-b543-7039f65985cb/datanode-0/data/ratis/c50a71e7-8184-45c8-a9fe-b5fa805eaca1/current/log_inprogress_0
2019-09-20 14:16:09,104 [c39a907f-67e2-4a2b-96b7-2c2d3aca2dd1:group-CBC889B4FF75:LeaderElection37] INFO  impl.LeaderElection (LeaderElection.java:askForVotes(181)) - c39a907f-67e2-4a2b-96b7-2c2d3aca2dd1:group-CBC889B4FF75:LeaderElection37: begin an election at term 1 for -1: [c39a907f-67e2-4a2b-96b7-2c2d3aca2dd1:192.168.36.99:36682], old=null
2019-09-20 14:16:09,105 [c39a907f-67e2-4a2b-96b7-2c2d3aca2dd1:group-CBC889B4FF75:LeaderElection37] INFO  impl.RoleInfo (RoleInfo.java:shutdownLeaderElection(134)) - c39a907f-67e2-4a2b-96b7-2c2d3aca2dd1: shutdown LeaderElection
2019-09-20 14:16:09,105 [c39a907f-67e2-4a2b-96b7-2c2d3aca2dd1:group-CBC889B4FF75:LeaderElection37] INFO  impl.RaftServerImpl (RaftServerImpl.java:setRole(171)) - c39a907f-67e2-4a2b-96b7-2c2d3aca2dd1:group-CBC889B4FF75 changes role from CANDIDATE to LEADER at term 1 for changeToLeader
2019-09-20 14:16:09,105 [c39a907f-67e2-4a2b-96b7-2c2d3aca2dd1:group-CBC889B4FF75:LeaderElection37] INFO  impl.RaftServerImpl (ServerState.java:setLeader(263)) - c39a907f-67e2-4a2b-96b7-2c2d3aca2dd1:group-CBC889B4FF75 change Leader from null to c39a907f-67e2-4a2b-96b7-2c2d3aca2dd1 at term 1 for becomeLeader, leader elected after 5114ms
2019-09-20 14:16:09,105 [c39a907f-67e2-4a2b-96b7-2c2d3aca2dd1:group-CBC889B4FF75:LeaderElection37] INFO  server.RaftServerConfigKeys (ConfUtils.java:logGet(43)) - raft.server.staging.catchup.gap = 1000 (default)
2019-09-20 14:16:09,105 [c39a907f-67e2-4a2b-96b7-2c2d3aca2dd1:group-CBC889B4FF75:LeaderElection37] INFO  server.RaftServerConfigKeys (ConfUtils.java:logGet(43)) - raft.server.rpc.sleep.time = 25ms (default)
2019-09-20 14:16:09,106 [c39a907f-67e2-4a2b-96b7-2c2d3aca2dd1:group-CBC889B4FF75:LeaderElection37] INFO  server.RaftServerConfigKeys (ConfUtils.java:logGet(43)) - raft.server.write.element-limit = 4096 (default)
2019-09-20 14:16:09,106 [c39a907f-67e2-4a2b-96b7-2c2d3aca2dd1:group-CBC889B4FF75:LeaderElection37] INFO  server.RaftServerConfigKeys (ConfUtils.java:logGet(43)) - raft.server.watch.timeout = 10s (default)
2019-09-20 14:16:09,106 [c39a907f-67e2-4a2b-96b7-2c2d3aca2dd1:group-CBC889B4FF75:LeaderElection37] INFO  server.RaftServerConfigKeys (ConfUtils.java:logGet(43)) - raft.server.watch.timeout.denomination = 1s (default)
2019-09-20 14:16:09,106 [c39a907f-67e2-4a2b-96b7-2c2d3aca2dd1:group-CBC889B4FF75:LeaderElection37] INFO  server.RaftServerConfigKeys (ConfUtils.java:logGet(43)) - raft.server.watch.element-limit = 65536 (default)
2019-09-20 14:16:09,107 [c39a907f-67e2-4a2b-96b7-2c2d3aca2dd1:group-CBC889B4FF75:LeaderElection37] INFO  impl.RoleInfo (RoleInfo.java:updateAndGet(143)) - c39a907f-67e2-4a2b-96b7-2c2d3aca2dd1: start LeaderState
2019-09-20 14:16:09,107 [c39a907f-67e2-4a2b-96b7-2c2d3aca2dd1:group-CBC889B4FF75:LeaderElection37] INFO  segmented.SegmentedRaftLogWorker (SegmentedRaftLogWorker.java:startLogSegment(380)) - c39a907f-67e2-4a2b-96b7-2c2d3aca2dd1-SegmentedRaftLogWorker:Storage Directory /workdir/hadoop-ozone/ozonefs/target/test-dir/MiniOzoneClusterImpl-cb4c4217-15c8-435f-b543-7039f65985cb/datanode-0/data/ratis/7b197210-7e8b-450c-8076-cbc889b4ff75: Starting segment from index:0
2019-09-20 14:16:09,108 [c39a907f-67e2-4a2b-96b7-2c2d3aca2dd1:group-CBC889B4FF75:LeaderElection37] INFO  impl.RaftServerImpl (ServerState.java:setRaftConf(361)) - c39a907f-67e2-4a2b-96b7-2c2d3aca2dd1:group-CBC889B4FF75 set configuration 0: [c39a907f-67e2-4a2b-96b7-2c2d3aca2dd1:192.168.36.99:36682], old=null at 0
2019-09-20 14:16:09,163 [c39a907f-67e2-4a2b-96b7-2c2d3aca2dd1-SegmentedRaftLogWorker:Storage Directory /workdir/hadoop-ozone/ozonefs/target/test-dir/MiniOzoneClusterImpl-cb4c4217-15c8-435f-b543-7039f65985cb/datanode-0/data/ratis/7b197210-7e8b-450c-8076-cbc889b4ff75] INFO  segmented.SegmentedRaftLogWorker (SegmentedRaftLogWorker.java:execute(569)) - c39a907f-67e2-4a2b-96b7-2c2d3aca2dd1-SegmentedRaftLogWorker:Storage Directory /workdir/hadoop-ozone/ozonefs/target/test-dir/MiniOzoneClusterImpl-cb4c4217-15c8-435f-b543-7039f65985cb/datanode-0/data/ratis/7b197210-7e8b-450c-8076-cbc889b4ff75: created new log segment /workdir/hadoop-ozone/ozonefs/target/test-dir/MiniOzoneClusterImpl-cb4c4217-15c8-435f-b543-7039f65985cb/datanode-0/data/ratis/7b197210-7e8b-450c-8076-cbc889b4ff75/current/log_inprogress_0
2019-09-20 14:16:09,181 [Thread-718] INFO  impl.FollowerState (FollowerState.java:run(106)) - c39a907f-67e2-4a2b-96b7-2c2d3aca2dd1:group-370C7C948F8E changes to CANDIDATE, lastRpcTime:5124, electionTimeout:5124ms
2019-09-20 14:16:09,181 [Thread-718] INFO  impl.RoleInfo (RoleInfo.java:shutdownFollowerState(121)) - c39a907f-67e2-4a2b-96b7-2c2d3aca2dd1: shutdown FollowerState
2019-09-20 14:16:09,181 [Thread-718] INFO  impl.RaftServerImpl (RaftServerImpl.java:setRole(171)) - c39a907f-67e2-4a2b-96b7-2c2d3aca2dd1:group-370C7C948F8E changes role from FOLLOWER to CANDIDATE at term 0 for changeToCandidate
2019-09-20 14:16:09,182 [Thread-718] INFO  impl.RoleInfo (RoleInfo.java:updateAndGet(143)) - c39a907f-67e2-4a2b-96b7-2c2d3aca2dd1: start LeaderElection
2019-09-20 14:16:09,194 [c39a907f-67e2-4a2b-96b7-2c2d3aca2dd1:group-370C7C948F8E:LeaderElection38] INFO  impl.LeaderElection (LeaderElection.java:askForVotes(181)) - c39a907f-67e2-4a2b-96b7-2c2d3aca2dd1:group-370C7C948F8E:LeaderElection38: begin an election at term 1 for -1: [c39a907f-67e2-4a2b-96b7-2c2d3aca2dd1:192.168.36.99:36682], old=null
2019-09-20 14:16:09,194 [c39a907f-67e2-4a2b-96b7-2c2d3aca2dd1:group-370C7C948F8E:LeaderElection38] INFO  impl.RoleInfo (RoleInfo.java:shutdownLeaderElection(134)) - c39a907f-67e2-4a2b-96b7-2c2d3aca2dd1: shutdown LeaderElection
2019-09-20 14:16:09,194 [c39a907f-67e2-4a2b-96b7-2c2d3aca2dd1:group-370C7C948F8E:LeaderElection38] INFO  impl.RaftServerImpl (RaftServerImpl.java:setRole(171)) - c39a907f-67e2-4a2b-96b7-2c2d3aca2dd1:group-370C7C948F8E changes role from CANDIDATE to LEADER at term 1 for changeToLeader
2019-09-20 14:16:09,194 [c39a907f-67e2-4a2b-96b7-2c2d3aca2dd1:group-370C7C948F8E:LeaderElection38] INFO  impl.RaftServerImpl (ServerState.java:setLeader(263)) - c39a907f-67e2-4a2b-96b7-2c2d3aca2dd1:group-370C7C948F8E change Leader from null to c39a907f-67e2-4a2b-96b7-2c2d3aca2dd1 at term 1 for becomeLeader, leader elected after 5142ms
2019-09-20 14:16:09,195 [c39a907f-67e2-4a2b-96b7-2c2d3aca2dd1:group-370C7C948F8E:LeaderElection38] INFO  server.RaftServerConfigKeys (ConfUtils.java:logGet(43)) - raft.server.staging.catchup.gap = 1000 (default)
2019-09-20 14:16:09,195 [c39a907f-67e2-4a2b-96b7-2c2d3aca2dd1:group-370C7C948F8E:LeaderElection38] INFO  server.RaftServerConfigKeys (ConfUtils.java:logGet(43)) - raft.server.rpc.sleep.time = 25ms (default)
2019-09-20 14:16:09,195 [c39a907f-67e2-4a2b-96b7-2c2d3aca2dd1:group-370C7C948F8E:LeaderElection38] INFO  server.RaftServerConfigKeys (ConfUtils.java:logGet(43)) - raft.server.write.element-limit = 4096 (default)
2019-09-20 14:16:09,195 [c39a907f-67e2-4a2b-96b7-2c2d3aca2dd1:group-370C7C948F8E:LeaderElection38] INFO  server.RaftServerConfigKeys (ConfUtils.java:logGet(43)) - raft.server.watch.timeout = 10s (default)
2019-09-20 14:16:09,195 [c39a907f-67e2-4a2b-96b7-2c2d3aca2dd1:group-370C7C948F8E:LeaderElection38] INFO  server.RaftServerConfigKeys (ConfUtils.java:logGet(43)) - raft.server.watch.timeout.denomination = 1s (default)
2019-09-20 14:16:09,196 [c39a907f-67e2-4a2b-96b7-2c2d3aca2dd1:group-370C7C948F8E:LeaderElection38] INFO  server.RaftServerConfigKeys (ConfUtils.java:logGet(43)) - raft.server.watch.element-limit = 65536 (default)
2019-09-20 14:16:09,196 [c39a907f-67e2-4a2b-96b7-2c2d3aca2dd1:group-370C7C948F8E:LeaderElection38] INFO  impl.RoleInfo (RoleInfo.java:updateAndGet(143)) - c39a907f-67e2-4a2b-96b7-2c2d3aca2dd1: start LeaderState
2019-09-20 14:16:09,196 [c39a907f-67e2-4a2b-96b7-2c2d3aca2dd1:group-370C7C948F8E:LeaderElection38] INFO  segmented.SegmentedRaftLogWorker (SegmentedRaftLogWorker.java:startLogSegment(380)) - c39a907f-67e2-4a2b-96b7-2c2d3aca2dd1-SegmentedRaftLogWorker:Storage Directory /workdir/hadoop-ozone/ozonefs/target/test-dir/MiniOzoneClusterImpl-cb4c4217-15c8-435f-b543-7039f65985cb/datanode-0/data/ratis/cbd3c622-75e5-4419-be49-370c7c948f8e: Starting segment from index:0
2019-09-20 14:16:09,197 [c39a907f-67e2-4a2b-96b7-2c2d3aca2dd1:group-370C7C948F8E:LeaderElection38] INFO  impl.RaftServerImpl (ServerState.java:setRaftConf(361)) - c39a907f-67e2-4a2b-96b7-2c2d3aca2dd1:group-370C7C948F8E set configuration 0: [c39a907f-67e2-4a2b-96b7-2c2d3aca2dd1:192.168.36.99:36682], old=null at 0
2019-09-20 14:16:09,248 [c39a907f-67e2-4a2b-96b7-2c2d3aca2dd1-SegmentedRaftLogWorker:Storage Directory /workdir/hadoop-ozone/ozonefs/target/test-dir/MiniOzoneClusterImpl-cb4c4217-15c8-435f-b543-7039f65985cb/datanode-0/data/ratis/cbd3c622-75e5-4419-be49-370c7c948f8e] INFO  segmented.SegmentedRaftLogWorker (SegmentedRaftLogWorker.java:execute(569)) - c39a907f-67e2-4a2b-96b7-2c2d3aca2dd1-SegmentedRaftLogWorker:Storage Directory /workdir/hadoop-ozone/ozonefs/target/test-dir/MiniOzoneClusterImpl-cb4c4217-15c8-435f-b543-7039f65985cb/datanode-0/data/ratis/cbd3c622-75e5-4419-be49-370c7c948f8e: created new log segment /workdir/hadoop-ozone/ozonefs/target/test-dir/MiniOzoneClusterImpl-cb4c4217-15c8-435f-b543-7039f65985cb/datanode-0/data/ratis/cbd3c622-75e5-4419-be49-370c7c948f8e/current/log_inprogress_0
2019-09-20 14:16:09,257 [Thread-724] INFO  impl.FollowerState (FollowerState.java:run(106)) - a9487f91-7da9-40bc-a63a-438d36035868:group-9E23107407D8 changes to CANDIDATE, lastRpcTime:5000, electionTimeout:5000ms
2019-09-20 14:16:09,257 [Thread-724] INFO  impl.RoleInfo (RoleInfo.java:shutdownFollowerState(121)) - a9487f91-7da9-40bc-a63a-438d36035868: shutdown FollowerState
2019-09-20 14:16:09,257 [Thread-724] INFO  impl.RaftServerImpl (RaftServerImpl.java:setRole(171)) - a9487f91-7da9-40bc-a63a-438d36035868:group-9E23107407D8 changes role from FOLLOWER to CANDIDATE at term 0 for changeToCandidate
2019-09-20 14:16:09,257 [Thread-724] INFO  impl.RoleInfo (RoleInfo.java:updateAndGet(143)) - a9487f91-7da9-40bc-a63a-438d36035868: start LeaderElection
2019-09-20 14:16:09,272 [Thread-721] INFO  impl.FollowerState (FollowerState.java:run(106)) - c39a907f-67e2-4a2b-96b7-2c2d3aca2dd1:group-C4785DDB134C changes to CANDIDATE, lastRpcTime:5096, electionTimeout:5092ms
2019-09-20 14:16:09,272 [Thread-721] INFO  impl.RoleInfo (RoleInfo.java:shutdownFollowerState(121)) - c39a907f-67e2-4a2b-96b7-2c2d3aca2dd1: shutdown FollowerState
2019-09-20 14:16:09,273 [Thread-721] INFO  impl.RaftServerImpl (RaftServerImpl.java:setRole(171)) - c39a907f-67e2-4a2b-96b7-2c2d3aca2dd1:group-C4785DDB134C changes role from FOLLOWER to CANDIDATE at term 0 for changeToCandidate
2019-09-20 14:16:09,273 [Thread-721] INFO  impl.RoleInfo (RoleInfo.java:updateAndGet(143)) - c39a907f-67e2-4a2b-96b7-2c2d3aca2dd1: start LeaderElection
2019-09-20 14:16:09,276 | INFO  | SCMAudit | user=jenkins1000 | ip=192.168.36.99 | op=SEND_HEARTBEAT {datanodeUUID=1bb2a9a8-5a93-4a9a-be35-605f45f451b0, command=[]} | ret=SUCCESS |  
2019-09-20 14:16:09,279 [a9487f91-7da9-40bc-a63a-438d36035868:group-9E23107407D8:LeaderElection39] INFO  impl.LeaderElection (LeaderElection.java:askForVotes(181)) - a9487f91-7da9-40bc-a63a-438d36035868:group-9E23107407D8:LeaderElection39: begin an election at term 1 for -1: [a9487f91-7da9-40bc-a63a-438d36035868:192.168.36.99:41098], old=null
2019-09-20 14:16:09,279 [a9487f91-7da9-40bc-a63a-438d36035868:group-9E23107407D8:LeaderElection39] INFO  impl.RoleInfo (RoleInfo.java:shutdownLeaderElection(134)) - a9487f91-7da9-40bc-a63a-438d36035868: shutdown LeaderElection
2019-09-20 14:16:09,279 [a9487f91-7da9-40bc-a63a-438d36035868:group-9E23107407D8:LeaderElection39] INFO  impl.RaftServerImpl (RaftServerImpl.java:setRole(171)) - a9487f91-7da9-40bc-a63a-438d36035868:group-9E23107407D8 changes role from CANDIDATE to LEADER at term 1 for changeToLeader
2019-09-20 14:16:09,279 [a9487f91-7da9-40bc-a63a-438d36035868:group-9E23107407D8:LeaderElection39] INFO  impl.RaftServerImpl (ServerState.java:setLeader(263)) - a9487f91-7da9-40bc-a63a-438d36035868:group-9E23107407D8 change Leader from null to a9487f91-7da9-40bc-a63a-438d36035868 at term 1 for becomeLeader, leader elected after 5028ms
2019-09-20 14:16:09,280 [a9487f91-7da9-40bc-a63a-438d36035868:group-9E23107407D8:LeaderElection39] INFO  server.RaftServerConfigKeys (ConfUtils.java:logGet(43)) - raft.server.staging.catchup.gap = 1000 (default)
2019-09-20 14:16:09,280 [a9487f91-7da9-40bc-a63a-438d36035868:group-9E23107407D8:LeaderElection39] INFO  server.RaftServerConfigKeys (ConfUtils.java:logGet(43)) - raft.server.rpc.sleep.time = 25ms (default)
2019-09-20 14:16:09,280 [a9487f91-7da9-40bc-a63a-438d36035868:group-9E23107407D8:LeaderElection39] INFO  server.RaftServerConfigKeys (ConfUtils.java:logGet(43)) - raft.server.write.element-limit = 4096 (default)
2019-09-20 14:16:09,280 [a9487f91-7da9-40bc-a63a-438d36035868:group-9E23107407D8:LeaderElection39] INFO  server.RaftServerConfigKeys (ConfUtils.java:logGet(43)) - raft.server.watch.timeout = 10s (default)
2019-09-20 14:16:09,280 [a9487f91-7da9-40bc-a63a-438d36035868:group-9E23107407D8:LeaderElection39] INFO  server.RaftServerConfigKeys (ConfUtils.java:logGet(43)) - raft.server.watch.timeout.denomination = 1s (default)
2019-09-20 14:16:09,281 [a9487f91-7da9-40bc-a63a-438d36035868:group-9E23107407D8:LeaderElection39] INFO  server.RaftServerConfigKeys (ConfUtils.java:logGet(43)) - raft.server.watch.element-limit = 65536 (default)
2019-09-20 14:16:09,281 [a9487f91-7da9-40bc-a63a-438d36035868:group-9E23107407D8:LeaderElection39] INFO  impl.RoleInfo (RoleInfo.java:updateAndGet(143)) - a9487f91-7da9-40bc-a63a-438d36035868: start LeaderState
2019-09-20 14:16:09,281 [a9487f91-7da9-40bc-a63a-438d36035868:group-9E23107407D8:LeaderElection39] INFO  segmented.SegmentedRaftLogWorker (SegmentedRaftLogWorker.java:startLogSegment(380)) - a9487f91-7da9-40bc-a63a-438d36035868-SegmentedRaftLogWorker:Storage Directory /workdir/hadoop-ozone/ozonefs/target/test-dir/MiniOzoneClusterImpl-cb4c4217-15c8-435f-b543-7039f65985cb/datanode-1/data/ratis/0c0c6e78-691d-4f82-9fe0-9e23107407d8: Starting segment from index:0
2019-09-20 14:16:09,282 [a9487f91-7da9-40bc-a63a-438d36035868:group-9E23107407D8:LeaderElection39] INFO  impl.RaftServerImpl (ServerState.java:setRaftConf(361)) - a9487f91-7da9-40bc-a63a-438d36035868:group-9E23107407D8 set configuration 0: [a9487f91-7da9-40bc-a63a-438d36035868:192.168.36.99:41098], old=null at 0
2019-09-20 14:16:09,306 [c39a907f-67e2-4a2b-96b7-2c2d3aca2dd1:group-C4785DDB134C:LeaderElection40] INFO  impl.LeaderElection (LeaderElection.java:askForVotes(181)) - c39a907f-67e2-4a2b-96b7-2c2d3aca2dd1:group-C4785DDB134C:LeaderElection40: begin an election at term 1 for -1: [c39a907f-67e2-4a2b-96b7-2c2d3aca2dd1:192.168.36.99:36682], old=null
2019-09-20 14:16:09,307 [c39a907f-67e2-4a2b-96b7-2c2d3aca2dd1:group-C4785DDB134C:LeaderElection40] INFO  impl.RoleInfo (RoleInfo.java:shutdownLeaderElection(134)) - c39a907f-67e2-4a2b-96b7-2c2d3aca2dd1: shutdown LeaderElection
2019-09-20 14:16:09,307 [c39a907f-67e2-4a2b-96b7-2c2d3aca2dd1:group-C4785DDB134C:LeaderElection40] INFO  impl.RaftServerImpl (RaftServerImpl.java:setRole(171)) - c39a907f-67e2-4a2b-96b7-2c2d3aca2dd1:group-C4785DDB134C changes role from CANDIDATE to LEADER at term 1 for changeToLeader
2019-09-20 14:16:09,307 [c39a907f-67e2-4a2b-96b7-2c2d3aca2dd1:group-C4785DDB134C:LeaderElection40] INFO  impl.RaftServerImpl (ServerState.java:setLeader(263)) - c39a907f-67e2-4a2b-96b7-2c2d3aca2dd1:group-C4785DDB134C change Leader from null to c39a907f-67e2-4a2b-96b7-2c2d3aca2dd1 at term 1 for becomeLeader, leader elected after 5140ms
2019-09-20 14:16:09,307 [c39a907f-67e2-4a2b-96b7-2c2d3aca2dd1:group-C4785DDB134C:LeaderElection40] INFO  server.RaftServerConfigKeys (ConfUtils.java:logGet(43)) - raft.server.staging.catchup.gap = 1000 (default)
2019-09-20 14:16:09,308 [c39a907f-67e2-4a2b-96b7-2c2d3aca2dd1:group-C4785DDB134C:LeaderElection40] INFO  server.RaftServerConfigKeys (ConfUtils.java:logGet(43)) - raft.server.rpc.sleep.time = 25ms (default)
2019-09-20 14:16:09,308 [c39a907f-67e2-4a2b-96b7-2c2d3aca2dd1:group-C4785DDB134C:LeaderElection40] INFO  server.RaftServerConfigKeys (ConfUtils.java:logGet(43)) - raft.server.write.element-limit = 4096 (default)
2019-09-20 14:16:09,308 [c39a907f-67e2-4a2b-96b7-2c2d3aca2dd1:group-C4785DDB134C:LeaderElection40] INFO  server.RaftServerConfigKeys (ConfUtils.java:logGet(43)) - raft.server.watch.timeout = 10s (default)
2019-09-20 14:16:09,308 [c39a907f-67e2-4a2b-96b7-2c2d3aca2dd1:group-C4785DDB134C:LeaderElection40] INFO  server.RaftServerConfigKeys (ConfUtils.java:logGet(43)) - raft.server.watch.timeout.denomination = 1s (default)
2019-09-20 14:16:09,309 [c39a907f-67e2-4a2b-96b7-2c2d3aca2dd1:group-C4785DDB134C:LeaderElection40] INFO  server.RaftServerConfigKeys (ConfUtils.java:logGet(43)) - raft.server.watch.element-limit = 65536 (default)
2019-09-20 14:16:09,309 [c39a907f-67e2-4a2b-96b7-2c2d3aca2dd1:group-C4785DDB134C:LeaderElection40] INFO  impl.RoleInfo (RoleInfo.java:updateAndGet(143)) - c39a907f-67e2-4a2b-96b7-2c2d3aca2dd1: start LeaderState
2019-09-20 14:16:09,309 [c39a907f-67e2-4a2b-96b7-2c2d3aca2dd1:group-C4785DDB134C:LeaderElection40] INFO  segmented.SegmentedRaftLogWorker (SegmentedRaftLogWorker.java:startLogSegment(380)) - c39a907f-67e2-4a2b-96b7-2c2d3aca2dd1-SegmentedRaftLogWorker:Storage Directory /workdir/hadoop-ozone/ozonefs/target/test-dir/MiniOzoneClusterImpl-cb4c4217-15c8-435f-b543-7039f65985cb/datanode-0/data/ratis/baf7165c-b245-4703-9f7f-c4785ddb134c: Starting segment from index:0
2019-09-20 14:16:09,310 [c39a907f-67e2-4a2b-96b7-2c2d3aca2dd1:group-C4785DDB134C:LeaderElection40] INFO  impl.RaftServerImpl (ServerState.java:setRaftConf(361)) - c39a907f-67e2-4a2b-96b7-2c2d3aca2dd1:group-C4785DDB134C set configuration 0: [c39a907f-67e2-4a2b-96b7-2c2d3aca2dd1:192.168.36.99:36682], old=null at 0
2019-09-20 14:16:09,373 [a9487f91-7da9-40bc-a63a-438d36035868-SegmentedRaftLogWorker:Storage Directory /workdir/hadoop-ozone/ozonefs/target/test-dir/MiniOzoneClusterImpl-cb4c4217-15c8-435f-b543-7039f65985cb/datanode-1/data/ratis/0c0c6e78-691d-4f82-9fe0-9e23107407d8] INFO  segmented.SegmentedRaftLogWorker (SegmentedRaftLogWorker.java:execute(569)) - a9487f91-7da9-40bc-a63a-438d36035868-SegmentedRaftLogWorker:Storage Directory /workdir/hadoop-ozone/ozonefs/target/test-dir/MiniOzoneClusterImpl-cb4c4217-15c8-435f-b543-7039f65985cb/datanode-1/data/ratis/0c0c6e78-691d-4f82-9fe0-9e23107407d8: created new log segment /workdir/hadoop-ozone/ozonefs/target/test-dir/MiniOzoneClusterImpl-cb4c4217-15c8-435f-b543-7039f65985cb/datanode-1/data/ratis/0c0c6e78-691d-4f82-9fe0-9e23107407d8/current/log_inprogress_0
2019-09-20 14:16:09,373 [c39a907f-67e2-4a2b-96b7-2c2d3aca2dd1-SegmentedRaftLogWorker:Storage Directory /workdir/hadoop-ozone/ozonefs/target/test-dir/MiniOzoneClusterImpl-cb4c4217-15c8-435f-b543-7039f65985cb/datanode-0/data/ratis/baf7165c-b245-4703-9f7f-c4785ddb134c] INFO  segmented.SegmentedRaftLogWorker (SegmentedRaftLogWorker.java:execute(569)) - c39a907f-67e2-4a2b-96b7-2c2d3aca2dd1-SegmentedRaftLogWorker:Storage Directory /workdir/hadoop-ozone/ozonefs/target/test-dir/MiniOzoneClusterImpl-cb4c4217-15c8-435f-b543-7039f65985cb/datanode-0/data/ratis/baf7165c-b245-4703-9f7f-c4785ddb134c: created new log segment /workdir/hadoop-ozone/ozonefs/target/test-dir/MiniOzoneClusterImpl-cb4c4217-15c8-435f-b543-7039f65985cb/datanode-0/data/ratis/baf7165c-b245-4703-9f7f-c4785ddb134c/current/log_inprogress_0
2019-09-20 14:16:09,411 [Thread-727] INFO  impl.FollowerState (FollowerState.java:run(106)) - c39a907f-67e2-4a2b-96b7-2c2d3aca2dd1:group-07C2C3C447EE changes to CANDIDATE, lastRpcTime:5095, electionTimeout:5095ms
2019-09-20 14:16:09,411 [Thread-727] INFO  impl.RoleInfo (RoleInfo.java:shutdownFollowerState(121)) - c39a907f-67e2-4a2b-96b7-2c2d3aca2dd1: shutdown FollowerState
2019-09-20 14:16:09,411 [Thread-727] INFO  impl.RaftServerImpl (RaftServerImpl.java:setRole(171)) - c39a907f-67e2-4a2b-96b7-2c2d3aca2dd1:group-07C2C3C447EE changes role from FOLLOWER to CANDIDATE at term 0 for changeToCandidate
2019-09-20 14:16:09,411 [Thread-727] INFO  impl.RoleInfo (RoleInfo.java:updateAndGet(143)) - c39a907f-67e2-4a2b-96b7-2c2d3aca2dd1: start LeaderElection
2019-09-20 14:16:09,432 [c39a907f-67e2-4a2b-96b7-2c2d3aca2dd1:group-07C2C3C447EE:LeaderElection41] INFO  impl.LeaderElection (LeaderElection.java:askForVotes(181)) - c39a907f-67e2-4a2b-96b7-2c2d3aca2dd1:group-07C2C3C447EE:LeaderElection41: begin an election at term 1 for -1: [c39a907f-67e2-4a2b-96b7-2c2d3aca2dd1:192.168.36.99:36682], old=null
2019-09-20 14:16:09,432 [c39a907f-67e2-4a2b-96b7-2c2d3aca2dd1:group-07C2C3C447EE:LeaderElection41] INFO  impl.RoleInfo (RoleInfo.java:shutdownLeaderElection(134)) - c39a907f-67e2-4a2b-96b7-2c2d3aca2dd1: shutdown LeaderElection
2019-09-20 14:16:09,433 [c39a907f-67e2-4a2b-96b7-2c2d3aca2dd1:group-07C2C3C447EE:LeaderElection41] INFO  impl.RaftServerImpl (RaftServerImpl.java:setRole(171)) - c39a907f-67e2-4a2b-96b7-2c2d3aca2dd1:group-07C2C3C447EE changes role from CANDIDATE to LEADER at term 1 for changeToLeader
2019-09-20 14:16:09,433 [c39a907f-67e2-4a2b-96b7-2c2d3aca2dd1:group-07C2C3C447EE:LeaderElection41] INFO  impl.RaftServerImpl (ServerState.java:setLeader(263)) - c39a907f-67e2-4a2b-96b7-2c2d3aca2dd1:group-07C2C3C447EE change Leader from null to c39a907f-67e2-4a2b-96b7-2c2d3aca2dd1 at term 1 for becomeLeader, leader elected after 5122ms
2019-09-20 14:16:09,433 [c39a907f-67e2-4a2b-96b7-2c2d3aca2dd1:group-07C2C3C447EE:LeaderElection41] INFO  server.RaftServerConfigKeys (ConfUtils.java:logGet(43)) - raft.server.staging.catchup.gap = 1000 (default)
2019-09-20 14:16:09,433 [c39a907f-67e2-4a2b-96b7-2c2d3aca2dd1:group-07C2C3C447EE:LeaderElection41] INFO  server.RaftServerConfigKeys (ConfUtils.java:logGet(43)) - raft.server.rpc.sleep.time = 25ms (default)
2019-09-20 14:16:09,433 [c39a907f-67e2-4a2b-96b7-2c2d3aca2dd1:group-07C2C3C447EE:LeaderElection41] INFO  server.RaftServerConfigKeys (ConfUtils.java:logGet(43)) - raft.server.write.element-limit = 4096 (default)
2019-09-20 14:16:09,433 [c39a907f-67e2-4a2b-96b7-2c2d3aca2dd1:group-07C2C3C447EE:LeaderElection41] INFO  server.RaftServerConfigKeys (ConfUtils.java:logGet(43)) - raft.server.watch.timeout = 10s (default)
2019-09-20 14:16:09,434 [c39a907f-67e2-4a2b-96b7-2c2d3aca2dd1:group-07C2C3C447EE:LeaderElection41] INFO  server.RaftServerConfigKeys (ConfUtils.java:logGet(43)) - raft.server.watch.timeout.denomination = 1s (default)
2019-09-20 14:16:09,434 [c39a907f-67e2-4a2b-96b7-2c2d3aca2dd1:group-07C2C3C447EE:LeaderElection41] INFO  server.RaftServerConfigKeys (ConfUtils.java:logGet(43)) - raft.server.watch.element-limit = 65536 (default)
2019-09-20 14:16:09,434 [c39a907f-67e2-4a2b-96b7-2c2d3aca2dd1:group-07C2C3C447EE:LeaderElection41] INFO  impl.RoleInfo (RoleInfo.java:updateAndGet(143)) - c39a907f-67e2-4a2b-96b7-2c2d3aca2dd1: start LeaderState
2019-09-20 14:16:09,435 [c39a907f-67e2-4a2b-96b7-2c2d3aca2dd1:group-07C2C3C447EE:LeaderElection41] INFO  segmented.SegmentedRaftLogWorker (SegmentedRaftLogWorker.java:startLogSegment(380)) - c39a907f-67e2-4a2b-96b7-2c2d3aca2dd1-SegmentedRaftLogWorker:Storage Directory /workdir/hadoop-ozone/ozonefs/target/test-dir/MiniOzoneClusterImpl-cb4c4217-15c8-435f-b543-7039f65985cb/datanode-0/data/ratis/93004956-ad28-44c5-a97b-07c2c3c447ee: Starting segment from index:0
2019-09-20 14:16:09,435 [c39a907f-67e2-4a2b-96b7-2c2d3aca2dd1:group-07C2C3C447EE:LeaderElection41] INFO  impl.RaftServerImpl (ServerState.java:setRaftConf(361)) - c39a907f-67e2-4a2b-96b7-2c2d3aca2dd1:group-07C2C3C447EE set configuration 0: [c39a907f-67e2-4a2b-96b7-2c2d3aca2dd1:192.168.36.99:36682], old=null at 0
2019-09-20 14:16:09,491 [c39a907f-67e2-4a2b-96b7-2c2d3aca2dd1-SegmentedRaftLogWorker:Storage Directory /workdir/hadoop-ozone/ozonefs/target/test-dir/MiniOzoneClusterImpl-cb4c4217-15c8-435f-b543-7039f65985cb/datanode-0/data/ratis/93004956-ad28-44c5-a97b-07c2c3c447ee] INFO  segmented.SegmentedRaftLogWorker (SegmentedRaftLogWorker.java:execute(569)) - c39a907f-67e2-4a2b-96b7-2c2d3aca2dd1-SegmentedRaftLogWorker:Storage Directory /workdir/hadoop-ozone/ozonefs/target/test-dir/MiniOzoneClusterImpl-cb4c4217-15c8-435f-b543-7039f65985cb/datanode-0/data/ratis/93004956-ad28-44c5-a97b-07c2c3c447ee: created new log segment /workdir/hadoop-ozone/ozonefs/target/test-dir/MiniOzoneClusterImpl-cb4c4217-15c8-435f-b543-7039f65985cb/datanode-0/data/ratis/93004956-ad28-44c5-a97b-07c2c3c447ee/current/log_inprogress_0
2019-09-20 14:16:09,519 [Thread-730] INFO  impl.FollowerState (FollowerState.java:run(106)) - 1bb2a9a8-5a93-4a9a-be35-605f45f451b0:group-132FA62A4DEC changes to CANDIDATE, lastRpcTime:5144, electionTimeout:5144ms
2019-09-20 14:16:09,519 [Thread-730] INFO  impl.RoleInfo (RoleInfo.java:shutdownFollowerState(121)) - 1bb2a9a8-5a93-4a9a-be35-605f45f451b0: shutdown FollowerState
2019-09-20 14:16:09,519 [Thread-730] INFO  impl.RaftServerImpl (RaftServerImpl.java:setRole(171)) - 1bb2a9a8-5a93-4a9a-be35-605f45f451b0:group-132FA62A4DEC changes role from FOLLOWER to CANDIDATE at term 0 for changeToCandidate
2019-09-20 14:16:09,520 [Thread-730] INFO  impl.RoleInfo (RoleInfo.java:updateAndGet(143)) - 1bb2a9a8-5a93-4a9a-be35-605f45f451b0: start LeaderElection
2019-09-20 14:16:09,541 [1bb2a9a8-5a93-4a9a-be35-605f45f451b0:group-132FA62A4DEC:LeaderElection42] INFO  impl.LeaderElection (LeaderElection.java:askForVotes(181)) - 1bb2a9a8-5a93-4a9a-be35-605f45f451b0:group-132FA62A4DEC:LeaderElection42: begin an election at term 1 for -1: [1bb2a9a8-5a93-4a9a-be35-605f45f451b0:192.168.36.99:45691], old=null
2019-09-20 14:16:09,541 [1bb2a9a8-5a93-4a9a-be35-605f45f451b0:group-132FA62A4DEC:LeaderElection42] INFO  impl.RoleInfo (RoleInfo.java:shutdownLeaderElection(134)) - 1bb2a9a8-5a93-4a9a-be35-605f45f451b0: shutdown LeaderElection
2019-09-20 14:16:09,542 [1bb2a9a8-5a93-4a9a-be35-605f45f451b0:group-132FA62A4DEC:LeaderElection42] INFO  impl.RaftServerImpl (RaftServerImpl.java:setRole(171)) - 1bb2a9a8-5a93-4a9a-be35-605f45f451b0:group-132FA62A4DEC changes role from CANDIDATE to LEADER at term 1 for changeToLeader
2019-09-20 14:16:09,542 [1bb2a9a8-5a93-4a9a-be35-605f45f451b0:group-132FA62A4DEC:LeaderElection42] INFO  impl.RaftServerImpl (ServerState.java:setLeader(263)) - 1bb2a9a8-5a93-4a9a-be35-605f45f451b0:group-132FA62A4DEC change Leader from null to 1bb2a9a8-5a93-4a9a-be35-605f45f451b0 at term 1 for becomeLeader, leader elected after 5172ms
2019-09-20 14:16:09,542 [1bb2a9a8-5a93-4a9a-be35-605f45f451b0:group-132FA62A4DEC:LeaderElection42] INFO  server.RaftServerConfigKeys (ConfUtils.java:logGet(43)) - raft.server.staging.catchup.gap = 1000 (default)
2019-09-20 14:16:09,542 [1bb2a9a8-5a93-4a9a-be35-605f45f451b0:group-132FA62A4DEC:LeaderElection42] INFO  server.RaftServerConfigKeys (ConfUtils.java:logGet(43)) - raft.server.rpc.sleep.time = 25ms (default)
2019-09-20 14:16:09,542 [1bb2a9a8-5a93-4a9a-be35-605f45f451b0:group-132FA62A4DEC:LeaderElection42] INFO  server.RaftServerConfigKeys (ConfUtils.java:logGet(43)) - raft.server.write.element-limit = 4096 (default)
2019-09-20 14:16:09,543 [Thread-733] INFO  impl.FollowerState (FollowerState.java:run(106)) - 1bb2a9a8-5a93-4a9a-be35-605f45f451b0:group-7DA763EAC7BA changes to CANDIDATE, lastRpcTime:5101, electionTimeout:5101ms
2019-09-20 14:16:09,543 [Thread-733] INFO  impl.RoleInfo (RoleInfo.java:shutdownFollowerState(121)) - 1bb2a9a8-5a93-4a9a-be35-605f45f451b0: shutdown FollowerState
2019-09-20 14:16:09,543 [1bb2a9a8-5a93-4a9a-be35-605f45f451b0:group-132FA62A4DEC:LeaderElection42] INFO  server.RaftServerConfigKeys (ConfUtils.java:logGet(43)) - raft.server.watch.timeout = 10s (default)
2019-09-20 14:16:09,543 [Thread-733] INFO  impl.RaftServerImpl (RaftServerImpl.java:setRole(171)) - 1bb2a9a8-5a93-4a9a-be35-605f45f451b0:group-7DA763EAC7BA changes role from FOLLOWER to CANDIDATE at term 0 for changeToCandidate
2019-09-20 14:16:09,543 [1bb2a9a8-5a93-4a9a-be35-605f45f451b0:group-132FA62A4DEC:LeaderElection42] INFO  server.RaftServerConfigKeys (ConfUtils.java:logGet(43)) - raft.server.watch.timeout.denomination = 1s (default)
2019-09-20 14:16:09,543 [Thread-733] INFO  impl.RoleInfo (RoleInfo.java:updateAndGet(143)) - 1bb2a9a8-5a93-4a9a-be35-605f45f451b0: start LeaderElection
2019-09-20 14:16:09,544 [1bb2a9a8-5a93-4a9a-be35-605f45f451b0:group-132FA62A4DEC:LeaderElection42] INFO  server.RaftServerConfigKeys (ConfUtils.java:logGet(43)) - raft.server.watch.element-limit = 65536 (default)
2019-09-20 14:16:09,545 [1bb2a9a8-5a93-4a9a-be35-605f45f451b0:group-132FA62A4DEC:LeaderElection42] INFO  impl.RoleInfo (RoleInfo.java:updateAndGet(143)) - 1bb2a9a8-5a93-4a9a-be35-605f45f451b0: start LeaderState
2019-09-20 14:16:09,546 [1bb2a9a8-5a93-4a9a-be35-605f45f451b0:group-132FA62A4DEC:LeaderElection42] INFO  segmented.SegmentedRaftLogWorker (SegmentedRaftLogWorker.java:startLogSegment(380)) - 1bb2a9a8-5a93-4a9a-be35-605f45f451b0-SegmentedRaftLogWorker:Storage Directory /workdir/hadoop-ozone/ozonefs/target/test-dir/MiniOzoneClusterImpl-cb4c4217-15c8-435f-b543-7039f65985cb/datanode-2/data/ratis/0bf97120-52b7-4985-a416-132fa62a4dec: Starting segment from index:0
2019-09-20 14:16:09,547 [1bb2a9a8-5a93-4a9a-be35-605f45f451b0:group-132FA62A4DEC:LeaderElection42] INFO  impl.RaftServerImpl (ServerState.java:setRaftConf(361)) - 1bb2a9a8-5a93-4a9a-be35-605f45f451b0:group-132FA62A4DEC set configuration 0: [1bb2a9a8-5a93-4a9a-be35-605f45f451b0:192.168.36.99:45691], old=null at 0
2019-09-20 14:16:09,584 [1bb2a9a8-5a93-4a9a-be35-605f45f451b0:group-7DA763EAC7BA:LeaderElection43] INFO  impl.LeaderElection (LeaderElection.java:askForVotes(181)) - 1bb2a9a8-5a93-4a9a-be35-605f45f451b0:group-7DA763EAC7BA:LeaderElection43: begin an election at term 1 for -1: [1bb2a9a8-5a93-4a9a-be35-605f45f451b0:192.168.36.99:45691], old=null
2019-09-20 14:16:09,584 [1bb2a9a8-5a93-4a9a-be35-605f45f451b0:group-7DA763EAC7BA:LeaderElection43] INFO  impl.RoleInfo (RoleInfo.java:shutdownLeaderElection(134)) - 1bb2a9a8-5a93-4a9a-be35-605f45f451b0: shutdown LeaderElection
2019-09-20 14:16:09,584 [1bb2a9a8-5a93-4a9a-be35-605f45f451b0:group-7DA763EAC7BA:LeaderElection43] INFO  impl.RaftServerImpl (RaftServerImpl.java:setRole(171)) - 1bb2a9a8-5a93-4a9a-be35-605f45f451b0:group-7DA763EAC7BA changes role from CANDIDATE to LEADER at term 1 for changeToLeader
2019-09-20 14:16:09,585 [1bb2a9a8-5a93-4a9a-be35-605f45f451b0:group-7DA763EAC7BA:LeaderElection43] INFO  impl.RaftServerImpl (ServerState.java:setLeader(263)) - 1bb2a9a8-5a93-4a9a-be35-605f45f451b0:group-7DA763EAC7BA change Leader from null to 1bb2a9a8-5a93-4a9a-be35-605f45f451b0 at term 1 for becomeLeader, leader elected after 5147ms
2019-09-20 14:16:09,585 [1bb2a9a8-5a93-4a9a-be35-605f45f451b0:group-7DA763EAC7BA:LeaderElection43] INFO  server.RaftServerConfigKeys (ConfUtils.java:logGet(43)) - raft.server.staging.catchup.gap = 1000 (default)
2019-09-20 14:16:09,585 [1bb2a9a8-5a93-4a9a-be35-605f45f451b0:group-7DA763EAC7BA:LeaderElection43] INFO  server.RaftServerConfigKeys (ConfUtils.java:logGet(43)) - raft.server.rpc.sleep.time = 25ms (default)
2019-09-20 14:16:09,585 [1bb2a9a8-5a93-4a9a-be35-605f45f451b0:group-7DA763EAC7BA:LeaderElection43] INFO  server.RaftServerConfigKeys (ConfUtils.java:logGet(43)) - raft.server.write.element-limit = 4096 (default)
2019-09-20 14:16:09,586 [1bb2a9a8-5a93-4a9a-be35-605f45f451b0:group-7DA763EAC7BA:LeaderElection43] INFO  server.RaftServerConfigKeys (ConfUtils.java:logGet(43)) - raft.server.watch.timeout = 10s (default)
2019-09-20 14:16:09,586 [1bb2a9a8-5a93-4a9a-be35-605f45f451b0:group-7DA763EAC7BA:LeaderElection43] INFO  server.RaftServerConfigKeys (ConfUtils.java:logGet(43)) - raft.server.watch.timeout.denomination = 1s (default)
2019-09-20 14:16:09,586 [1bb2a9a8-5a93-4a9a-be35-605f45f451b0:group-7DA763EAC7BA:LeaderElection43] INFO  server.RaftServerConfigKeys (ConfUtils.java:logGet(43)) - raft.server.watch.element-limit = 65536 (default)
2019-09-20 14:16:09,586 [1bb2a9a8-5a93-4a9a-be35-605f45f451b0:group-7DA763EAC7BA:LeaderElection43] INFO  impl.RoleInfo (RoleInfo.java:updateAndGet(143)) - 1bb2a9a8-5a93-4a9a-be35-605f45f451b0: start LeaderState
2019-09-20 14:16:09,587 [1bb2a9a8-5a93-4a9a-be35-605f45f451b0:group-7DA763EAC7BA:LeaderElection43] INFO  segmented.SegmentedRaftLogWorker (SegmentedRaftLogWorker.java:startLogSegment(380)) - 1bb2a9a8-5a93-4a9a-be35-605f45f451b0-SegmentedRaftLogWorker:Storage Directory /workdir/hadoop-ozone/ozonefs/target/test-dir/MiniOzoneClusterImpl-cb4c4217-15c8-435f-b543-7039f65985cb/datanode-2/data/ratis/18970d63-cd0e-49a0-8441-7da763eac7ba: Starting segment from index:0
2019-09-20 14:16:09,587 [1bb2a9a8-5a93-4a9a-be35-605f45f451b0:group-7DA763EAC7BA:LeaderElection43] INFO  impl.RaftServerImpl (ServerState.java:setRaftConf(361)) - 1bb2a9a8-5a93-4a9a-be35-605f45f451b0:group-7DA763EAC7BA set configuration 0: [1bb2a9a8-5a93-4a9a-be35-605f45f451b0:192.168.36.99:45691], old=null at 0
2019-09-20 14:16:09,626 [1bb2a9a8-5a93-4a9a-be35-605f45f451b0-SegmentedRaftLogWorker:Storage Directory /workdir/hadoop-ozone/ozonefs/target/test-dir/MiniOzoneClusterImpl-cb4c4217-15c8-435f-b543-7039f65985cb/datanode-2/data/ratis/0bf97120-52b7-4985-a416-132fa62a4dec] INFO  segmented.SegmentedRaftLogWorker (SegmentedRaftLogWorker.java:execute(569)) - 1bb2a9a8-5a93-4a9a-be35-605f45f451b0-SegmentedRaftLogWorker:Storage Directory /workdir/hadoop-ozone/ozonefs/target/test-dir/MiniOzoneClusterImpl-cb4c4217-15c8-435f-b543-7039f65985cb/datanode-2/data/ratis/0bf97120-52b7-4985-a416-132fa62a4dec: created new log segment /workdir/hadoop-ozone/ozonefs/target/test-dir/MiniOzoneClusterImpl-cb4c4217-15c8-435f-b543-7039f65985cb/datanode-2/data/ratis/0bf97120-52b7-4985-a416-132fa62a4dec/current/log_inprogress_0
2019-09-20 14:16:09,651 [1bb2a9a8-5a93-4a9a-be35-605f45f451b0-SegmentedRaftLogWorker:Storage Directory /workdir/hadoop-ozone/ozonefs/target/test-dir/MiniOzoneClusterImpl-cb4c4217-15c8-435f-b543-7039f65985cb/datanode-2/data/ratis/18970d63-cd0e-49a0-8441-7da763eac7ba] INFO  segmented.SegmentedRaftLogWorker (SegmentedRaftLogWorker.java:execute(569)) - 1bb2a9a8-5a93-4a9a-be35-605f45f451b0-SegmentedRaftLogWorker:Storage Directory /workdir/hadoop-ozone/ozonefs/target/test-dir/MiniOzoneClusterImpl-cb4c4217-15c8-435f-b543-7039f65985cb/datanode-2/data/ratis/18970d63-cd0e-49a0-8441-7da763eac7ba: created new log segment /workdir/hadoop-ozone/ozonefs/target/test-dir/MiniOzoneClusterImpl-cb4c4217-15c8-435f-b543-7039f65985cb/datanode-2/data/ratis/18970d63-cd0e-49a0-8441-7da763eac7ba/current/log_inprogress_0
2019-09-20 14:16:09,682 [Thread-736] INFO  impl.FollowerState (FollowerState.java:run(106)) - 1bb2a9a8-5a93-4a9a-be35-605f45f451b0:group-5841A3609F60 changes to CANDIDATE, lastRpcTime:5164, electionTimeout:5164ms
2019-09-20 14:16:09,682 [Thread-736] INFO  impl.RoleInfo (RoleInfo.java:shutdownFollowerState(121)) - 1bb2a9a8-5a93-4a9a-be35-605f45f451b0: shutdown FollowerState
2019-09-20 14:16:09,682 [Thread-736] INFO  impl.RaftServerImpl (RaftServerImpl.java:setRole(171)) - 1bb2a9a8-5a93-4a9a-be35-605f45f451b0:group-5841A3609F60 changes role from FOLLOWER to CANDIDATE at term 0 for changeToCandidate
2019-09-20 14:16:09,682 [Thread-736] INFO  impl.RoleInfo (RoleInfo.java:updateAndGet(143)) - 1bb2a9a8-5a93-4a9a-be35-605f45f451b0: start LeaderElection
2019-09-20 14:16:09,702 [1bb2a9a8-5a93-4a9a-be35-605f45f451b0:group-5841A3609F60:LeaderElection44] INFO  impl.LeaderElection (LeaderElection.java:askForVotes(181)) - 1bb2a9a8-5a93-4a9a-be35-605f45f451b0:group-5841A3609F60:LeaderElection44: begin an election at term 1 for -1: [1bb2a9a8-5a93-4a9a-be35-605f45f451b0:192.168.36.99:45691], old=null
2019-09-20 14:16:09,702 [1bb2a9a8-5a93-4a9a-be35-605f45f451b0:group-5841A3609F60:LeaderElection44] INFO  impl.RoleInfo (RoleInfo.java:shutdownLeaderElection(134)) - 1bb2a9a8-5a93-4a9a-be35-605f45f451b0: shutdown LeaderElection
2019-09-20 14:16:09,702 [1bb2a9a8-5a93-4a9a-be35-605f45f451b0:group-5841A3609F60:LeaderElection44] INFO  impl.RaftServerImpl (RaftServerImpl.java:setRole(171)) - 1bb2a9a8-5a93-4a9a-be35-605f45f451b0:group-5841A3609F60 changes role from CANDIDATE to LEADER at term 1 for changeToLeader
2019-09-20 14:16:09,702 [1bb2a9a8-5a93-4a9a-be35-605f45f451b0:group-5841A3609F60:LeaderElection44] INFO  impl.RaftServerImpl (ServerState.java:setLeader(263)) - 1bb2a9a8-5a93-4a9a-be35-605f45f451b0:group-5841A3609F60 change Leader from null to 1bb2a9a8-5a93-4a9a-be35-605f45f451b0 at term 1 for becomeLeader, leader elected after 5189ms
2019-09-20 14:16:09,702 [1bb2a9a8-5a93-4a9a-be35-605f45f451b0:group-5841A3609F60:LeaderElection44] INFO  server.RaftServerConfigKeys (ConfUtils.java:logGet(43)) - raft.server.staging.catchup.gap = 1000 (default)
2019-09-20 14:16:09,703 [1bb2a9a8-5a93-4a9a-be35-605f45f451b0:group-5841A3609F60:LeaderElection44] INFO  server.RaftServerConfigKeys (ConfUtils.java:logGet(43)) - raft.server.rpc.sleep.time = 25ms (default)
2019-09-20 14:16:09,703 [1bb2a9a8-5a93-4a9a-be35-605f45f451b0:group-5841A3609F60:LeaderElection44] INFO  server.RaftServerConfigKeys (ConfUtils.java:logGet(43)) - raft.server.write.element-limit = 4096 (default)
2019-09-20 14:16:09,703 [1bb2a9a8-5a93-4a9a-be35-605f45f451b0:group-5841A3609F60:LeaderElection44] INFO  server.RaftServerConfigKeys (ConfUtils.java:logGet(43)) - raft.server.watch.timeout = 10s (default)
2019-09-20 14:16:09,703 [1bb2a9a8-5a93-4a9a-be35-605f45f451b0:group-5841A3609F60:LeaderElection44] INFO  server.RaftServerConfigKeys (ConfUtils.java:logGet(43)) - raft.server.watch.timeout.denomination = 1s (default)
2019-09-20 14:16:09,703 [1bb2a9a8-5a93-4a9a-be35-605f45f451b0:group-5841A3609F60:LeaderElection44] INFO  server.RaftServerConfigKeys (ConfUtils.java:logGet(43)) - raft.server.watch.element-limit = 65536 (default)
2019-09-20 14:16:09,704 [1bb2a9a8-5a93-4a9a-be35-605f45f451b0:group-5841A3609F60:LeaderElection44] INFO  impl.RoleInfo (RoleInfo.java:updateAndGet(143)) - 1bb2a9a8-5a93-4a9a-be35-605f45f451b0: start LeaderState
2019-09-20 14:16:09,704 [1bb2a9a8-5a93-4a9a-be35-605f45f451b0:group-5841A3609F60:LeaderElection44] INFO  segmented.SegmentedRaftLogWorker (SegmentedRaftLogWorker.java:startLogSegment(380)) - 1bb2a9a8-5a93-4a9a-be35-605f45f451b0-SegmentedRaftLogWorker:Storage Directory /workdir/hadoop-ozone/ozonefs/target/test-dir/MiniOzoneClusterImpl-cb4c4217-15c8-435f-b543-7039f65985cb/datanode-2/data/ratis/0b758fda-66d8-4ea2-b1f6-5841a3609f60: Starting segment from index:0
2019-09-20 14:16:09,705 [1bb2a9a8-5a93-4a9a-be35-605f45f451b0:group-5841A3609F60:LeaderElection44] INFO  impl.RaftServerImpl (ServerState.java:setRaftConf(361)) - 1bb2a9a8-5a93-4a9a-be35-605f45f451b0:group-5841A3609F60 set configuration 0: [1bb2a9a8-5a93-4a9a-be35-605f45f451b0:192.168.36.99:45691], old=null at 0
2019-09-20 14:16:09,714 [Thread-739] INFO  impl.FollowerState (FollowerState.java:run(106)) - c39a907f-67e2-4a2b-96b7-2c2d3aca2dd1:group-22E53EA8B7F1 changes to CANDIDATE, lastRpcTime:5137, electionTimeout:5137ms
2019-09-20 14:16:09,714 [Thread-739] INFO  impl.RoleInfo (RoleInfo.java:shutdownFollowerState(121)) - c39a907f-67e2-4a2b-96b7-2c2d3aca2dd1: shutdown FollowerState
2019-09-20 14:16:09,715 [Thread-739] INFO  impl.RaftServerImpl (RaftServerImpl.java:setRole(171)) - c39a907f-67e2-4a2b-96b7-2c2d3aca2dd1:group-22E53EA8B7F1 changes role from FOLLOWER to CANDIDATE at term 0 for changeToCandidate
2019-09-20 14:16:09,715 [Thread-739] INFO  impl.RoleInfo (RoleInfo.java:updateAndGet(143)) - c39a907f-67e2-4a2b-96b7-2c2d3aca2dd1: start LeaderElection
2019-09-20 14:16:09,746 [Thread-742] INFO  impl.FollowerState (FollowerState.java:run(106)) - a9487f91-7da9-40bc-a63a-438d36035868:group-10BE75424EAA changes to CANDIDATE, lastRpcTime:5110, electionTimeout:5082ms
2019-09-20 14:16:09,746 [Thread-742] INFO  impl.RoleInfo (RoleInfo.java:shutdownFollowerState(121)) - a9487f91-7da9-40bc-a63a-438d36035868: shutdown FollowerState
2019-09-20 14:16:09,746 [Thread-742] INFO  impl.RaftServerImpl (RaftServerImpl.java:setRole(171)) - a9487f91-7da9-40bc-a63a-438d36035868:group-10BE75424EAA changes role from FOLLOWER to CANDIDATE at term 0 for changeToCandidate
2019-09-20 14:16:09,746 [Thread-742] INFO  impl.RoleInfo (RoleInfo.java:updateAndGet(143)) - a9487f91-7da9-40bc-a63a-438d36035868: start LeaderElection
2019-09-20 14:16:09,760 [1bb2a9a8-5a93-4a9a-be35-605f45f451b0-SegmentedRaftLogWorker:Storage Directory /workdir/hadoop-ozone/ozonefs/target/test-dir/MiniOzoneClusterImpl-cb4c4217-15c8-435f-b543-7039f65985cb/datanode-2/data/ratis/0b758fda-66d8-4ea2-b1f6-5841a3609f60] INFO  segmented.SegmentedRaftLogWorker (SegmentedRaftLogWorker.java:execute(569)) - 1bb2a9a8-5a93-4a9a-be35-605f45f451b0-SegmentedRaftLogWorker:Storage Directory /workdir/hadoop-ozone/ozonefs/target/test-dir/MiniOzoneClusterImpl-cb4c4217-15c8-435f-b543-7039f65985cb/datanode-2/data/ratis/0b758fda-66d8-4ea2-b1f6-5841a3609f60: created new log segment /workdir/hadoop-ozone/ozonefs/target/test-dir/MiniOzoneClusterImpl-cb4c4217-15c8-435f-b543-7039f65985cb/datanode-2/data/ratis/0b758fda-66d8-4ea2-b1f6-5841a3609f60/current/log_inprogress_0
2019-09-20 14:16:09,769 [c39a907f-67e2-4a2b-96b7-2c2d3aca2dd1:group-22E53EA8B7F1:LeaderElection45] INFO  impl.LeaderElection (LeaderElection.java:askForVotes(181)) - c39a907f-67e2-4a2b-96b7-2c2d3aca2dd1:group-22E53EA8B7F1:LeaderElection45: begin an election at term 1 for -1: [c39a907f-67e2-4a2b-96b7-2c2d3aca2dd1:192.168.36.99:36682], old=null
2019-09-20 14:16:09,769 [c39a907f-67e2-4a2b-96b7-2c2d3aca2dd1:group-22E53EA8B7F1:LeaderElection45] INFO  impl.RoleInfo (RoleInfo.java:shutdownLeaderElection(134)) - c39a907f-67e2-4a2b-96b7-2c2d3aca2dd1: shutdown LeaderElection
2019-09-20 14:16:09,769 [c39a907f-67e2-4a2b-96b7-2c2d3aca2dd1:group-22E53EA8B7F1:LeaderElection45] INFO  impl.RaftServerImpl (RaftServerImpl.java:setRole(171)) - c39a907f-67e2-4a2b-96b7-2c2d3aca2dd1:group-22E53EA8B7F1 changes role from CANDIDATE to LEADER at term 1 for changeToLeader
2019-09-20 14:16:09,769 [c39a907f-67e2-4a2b-96b7-2c2d3aca2dd1:group-22E53EA8B7F1:LeaderElection45] INFO  impl.RaftServerImpl (ServerState.java:setLeader(263)) - c39a907f-67e2-4a2b-96b7-2c2d3aca2dd1:group-22E53EA8B7F1 change Leader from null to c39a907f-67e2-4a2b-96b7-2c2d3aca2dd1 at term 1 for becomeLeader, leader elected after 5197ms
2019-09-20 14:16:09,770 [c39a907f-67e2-4a2b-96b7-2c2d3aca2dd1:group-22E53EA8B7F1:LeaderElection45] INFO  server.RaftServerConfigKeys (ConfUtils.java:logGet(43)) - raft.server.staging.catchup.gap = 1000 (default)
2019-09-20 14:16:09,770 [c39a907f-67e2-4a2b-96b7-2c2d3aca2dd1:group-22E53EA8B7F1:LeaderElection45] INFO  server.RaftServerConfigKeys (ConfUtils.java:logGet(43)) - raft.server.rpc.sleep.time = 25ms (default)
2019-09-20 14:16:09,770 [c39a907f-67e2-4a2b-96b7-2c2d3aca2dd1:group-22E53EA8B7F1:LeaderElection45] INFO  server.RaftServerConfigKeys (ConfUtils.java:logGet(43)) - raft.server.write.element-limit = 4096 (default)
2019-09-20 14:16:09,770 [c39a907f-67e2-4a2b-96b7-2c2d3aca2dd1:group-22E53EA8B7F1:LeaderElection45] INFO  server.RaftServerConfigKeys (ConfUtils.java:logGet(43)) - raft.server.watch.timeout = 10s (default)
2019-09-20 14:16:09,770 [c39a907f-67e2-4a2b-96b7-2c2d3aca2dd1:group-22E53EA8B7F1:LeaderElection45] INFO  server.RaftServerConfigKeys (ConfUtils.java:logGet(43)) - raft.server.watch.timeout.denomination = 1s (default)
2019-09-20 14:16:09,770 [c39a907f-67e2-4a2b-96b7-2c2d3aca2dd1:group-22E53EA8B7F1:LeaderElection45] INFO  server.RaftServerConfigKeys (ConfUtils.java:logGet(43)) - raft.server.watch.element-limit = 65536 (default)
2019-09-20 14:16:09,771 [c39a907f-67e2-4a2b-96b7-2c2d3aca2dd1:group-22E53EA8B7F1:LeaderElection45] INFO  impl.RoleInfo (RoleInfo.java:updateAndGet(143)) - c39a907f-67e2-4a2b-96b7-2c2d3aca2dd1: start LeaderState
2019-09-20 14:16:09,771 [c39a907f-67e2-4a2b-96b7-2c2d3aca2dd1:group-22E53EA8B7F1:LeaderElection45] INFO  segmented.SegmentedRaftLogWorker (SegmentedRaftLogWorker.java:startLogSegment(380)) - c39a907f-67e2-4a2b-96b7-2c2d3aca2dd1-SegmentedRaftLogWorker:Storage Directory /workdir/hadoop-ozone/ozonefs/target/test-dir/MiniOzoneClusterImpl-cb4c4217-15c8-435f-b543-7039f65985cb/datanode-0/data/ratis/4ec9894a-5f13-44f9-a8ee-22e53ea8b7f1: Starting segment from index:0
2019-09-20 14:16:09,772 [c39a907f-67e2-4a2b-96b7-2c2d3aca2dd1:group-22E53EA8B7F1:LeaderElection45] INFO  impl.RaftServerImpl (ServerState.java:setRaftConf(361)) - c39a907f-67e2-4a2b-96b7-2c2d3aca2dd1:group-22E53EA8B7F1 set configuration 0: [c39a907f-67e2-4a2b-96b7-2c2d3aca2dd1:192.168.36.99:36682], old=null at 0
2019-09-20 14:16:09,777 [a9487f91-7da9-40bc-a63a-438d36035868:group-10BE75424EAA:LeaderElection46] INFO  impl.LeaderElection (LeaderElection.java:askForVotes(181)) - a9487f91-7da9-40bc-a63a-438d36035868:group-10BE75424EAA:LeaderElection46: begin an election at term 1 for -1: [a9487f91-7da9-40bc-a63a-438d36035868:192.168.36.99:41098], old=null
2019-09-20 14:16:09,777 [a9487f91-7da9-40bc-a63a-438d36035868:group-10BE75424EAA:LeaderElection46] INFO  impl.RoleInfo (RoleInfo.java:shutdownLeaderElection(134)) - a9487f91-7da9-40bc-a63a-438d36035868: shutdown LeaderElection
2019-09-20 14:16:09,777 [a9487f91-7da9-40bc-a63a-438d36035868:group-10BE75424EAA:LeaderElection46] INFO  impl.RaftServerImpl (RaftServerImpl.java:setRole(171)) - a9487f91-7da9-40bc-a63a-438d36035868:group-10BE75424EAA changes role from CANDIDATE to LEADER at term 1 for changeToLeader
2019-09-20 14:16:09,778 [a9487f91-7da9-40bc-a63a-438d36035868:group-10BE75424EAA:LeaderElection46] INFO  impl.RaftServerImpl (ServerState.java:setLeader(263)) - a9487f91-7da9-40bc-a63a-438d36035868:group-10BE75424EAA change Leader from null to a9487f91-7da9-40bc-a63a-438d36035868 at term 1 for becomeLeader, leader elected after 5147ms
2019-09-20 14:16:09,778 [a9487f91-7da9-40bc-a63a-438d36035868:group-10BE75424EAA:LeaderElection46] INFO  server.RaftServerConfigKeys (ConfUtils.java:logGet(43)) - raft.server.staging.catchup.gap = 1000 (default)
2019-09-20 14:16:09,778 [a9487f91-7da9-40bc-a63a-438d36035868:group-10BE75424EAA:LeaderElection46] INFO  server.RaftServerConfigKeys (ConfUtils.java:logGet(43)) - raft.server.rpc.sleep.time = 25ms (default)
2019-09-20 14:16:09,778 [a9487f91-7da9-40bc-a63a-438d36035868:group-10BE75424EAA:LeaderElection46] INFO  server.RaftServerConfigKeys (ConfUtils.java:logGet(43)) - raft.server.write.element-limit = 4096 (default)
2019-09-20 14:16:09,778 [a9487f91-7da9-40bc-a63a-438d36035868:group-10BE75424EAA:LeaderElection46] INFO  server.RaftServerConfigKeys (ConfUtils.java:logGet(43)) - raft.server.watch.timeout = 10s (default)
2019-09-20 14:16:09,778 [a9487f91-7da9-40bc-a63a-438d36035868:group-10BE75424EAA:LeaderElection46] INFO  server.RaftServerConfigKeys (ConfUtils.java:logGet(43)) - raft.server.watch.timeout.denomination = 1s (default)
2019-09-20 14:16:09,779 [a9487f91-7da9-40bc-a63a-438d36035868:group-10BE75424EAA:LeaderElection46] INFO  server.RaftServerConfigKeys (ConfUtils.java:logGet(43)) - raft.server.watch.element-limit = 65536 (default)
2019-09-20 14:16:09,779 [a9487f91-7da9-40bc-a63a-438d36035868:group-10BE75424EAA:LeaderElection46] INFO  impl.RoleInfo (RoleInfo.java:updateAndGet(143)) - a9487f91-7da9-40bc-a63a-438d36035868: start LeaderState
2019-09-20 14:16:09,779 [a9487f91-7da9-40bc-a63a-438d36035868:group-10BE75424EAA:LeaderElection46] INFO  segmented.SegmentedRaftLogWorker (SegmentedRaftLogWorker.java:startLogSegment(380)) - a9487f91-7da9-40bc-a63a-438d36035868-SegmentedRaftLogWorker:Storage Directory /workdir/hadoop-ozone/ozonefs/target/test-dir/MiniOzoneClusterImpl-cb4c4217-15c8-435f-b543-7039f65985cb/datanode-1/data/ratis/f07e9860-ecd2-4714-92b4-10be75424eaa: Starting segment from index:0
2019-09-20 14:16:09,780 [a9487f91-7da9-40bc-a63a-438d36035868:group-10BE75424EAA:LeaderElection46] INFO  impl.RaftServerImpl (ServerState.java:setRaftConf(361)) - a9487f91-7da9-40bc-a63a-438d36035868:group-10BE75424EAA set configuration 0: [a9487f91-7da9-40bc-a63a-438d36035868:192.168.36.99:41098], old=null at 0
2019-09-20 14:16:09,781 [Thread-745] INFO  impl.FollowerState (FollowerState.java:run(106)) - a9487f91-7da9-40bc-a63a-438d36035868:group-E163E8060D31 changes to CANDIDATE, lastRpcTime:5096, electionTimeout:5096ms
2019-09-20 14:16:09,781 [Thread-745] INFO  impl.RoleInfo (RoleInfo.java:shutdownFollowerState(121)) - a9487f91-7da9-40bc-a63a-438d36035868: shutdown FollowerState
2019-09-20 14:16:09,781 [Thread-745] INFO  impl.RaftServerImpl (RaftServerImpl.java:setRole(171)) - a9487f91-7da9-40bc-a63a-438d36035868:group-E163E8060D31 changes role from FOLLOWER to CANDIDATE at term 0 for changeToCandidate
2019-09-20 14:16:09,781 [Thread-745] INFO  impl.RoleInfo (RoleInfo.java:updateAndGet(143)) - a9487f91-7da9-40bc-a63a-438d36035868: start LeaderElection
2019-09-20 14:16:09,833 [Thread-748] INFO  impl.FollowerState (FollowerState.java:run(106)) - 1bb2a9a8-5a93-4a9a-be35-605f45f451b0:group-875676B2775F changes to CANDIDATE, lastRpcTime:5070, electionTimeout:5070ms
2019-09-20 14:16:09,833 [Thread-748] INFO  impl.RoleInfo (RoleInfo.java:shutdownFollowerState(121)) - 1bb2a9a8-5a93-4a9a-be35-605f45f451b0: shutdown FollowerState
2019-09-20 14:16:09,834 [Thread-748] INFO  impl.RaftServerImpl (RaftServerImpl.java:setRole(171)) - 1bb2a9a8-5a93-4a9a-be35-605f45f451b0:group-875676B2775F changes role from FOLLOWER to CANDIDATE at term 0 for changeToCandidate
2019-09-20 14:16:09,834 [Thread-748] INFO  impl.RoleInfo (RoleInfo.java:updateAndGet(143)) - 1bb2a9a8-5a93-4a9a-be35-605f45f451b0: start LeaderElection
2019-09-20 14:16:09,853 [c39a907f-67e2-4a2b-96b7-2c2d3aca2dd1-SegmentedRaftLogWorker:Storage Directory /workdir/hadoop-ozone/ozonefs/target/test-dir/MiniOzoneClusterImpl-cb4c4217-15c8-435f-b543-7039f65985cb/datanode-0/data/ratis/4ec9894a-5f13-44f9-a8ee-22e53ea8b7f1] INFO  segmented.SegmentedRaftLogWorker (SegmentedRaftLogWorker.java:execute(569)) - c39a907f-67e2-4a2b-96b7-2c2d3aca2dd1-SegmentedRaftLogWorker:Storage Directory /workdir/hadoop-ozone/ozonefs/target/test-dir/MiniOzoneClusterImpl-cb4c4217-15c8-435f-b543-7039f65985cb/datanode-0/data/ratis/4ec9894a-5f13-44f9-a8ee-22e53ea8b7f1: created new log segment /workdir/hadoop-ozone/ozonefs/target/test-dir/MiniOzoneClusterImpl-cb4c4217-15c8-435f-b543-7039f65985cb/datanode-0/data/ratis/4ec9894a-5f13-44f9-a8ee-22e53ea8b7f1/current/log_inprogress_0
2019-09-20 14:16:09,853 [1bb2a9a8-5a93-4a9a-be35-605f45f451b0:group-875676B2775F:LeaderElection48] INFO  impl.LeaderElection (LeaderElection.java:askForVotes(181)) - 1bb2a9a8-5a93-4a9a-be35-605f45f451b0:group-875676B2775F:LeaderElection48: begin an election at term 1 for -1: [1bb2a9a8-5a93-4a9a-be35-605f45f451b0:192.168.36.99:45691], old=null
2019-09-20 14:16:09,853 [a9487f91-7da9-40bc-a63a-438d36035868:group-E163E8060D31:LeaderElection47] INFO  impl.LeaderElection (LeaderElection.java:askForVotes(181)) - a9487f91-7da9-40bc-a63a-438d36035868:group-E163E8060D31:LeaderElection47: begin an election at term 1 for -1: [a9487f91-7da9-40bc-a63a-438d36035868:192.168.36.99:41098], old=null
2019-09-20 14:16:09,853 [a9487f91-7da9-40bc-a63a-438d36035868-SegmentedRaftLogWorker:Storage Directory /workdir/hadoop-ozone/ozonefs/target/test-dir/MiniOzoneClusterImpl-cb4c4217-15c8-435f-b543-7039f65985cb/datanode-1/data/ratis/f07e9860-ecd2-4714-92b4-10be75424eaa] INFO  segmented.SegmentedRaftLogWorker (SegmentedRaftLogWorker.java:execute(569)) - a9487f91-7da9-40bc-a63a-438d36035868-SegmentedRaftLogWorker:Storage Directory /workdir/hadoop-ozone/ozonefs/target/test-dir/MiniOzoneClusterImpl-cb4c4217-15c8-435f-b543-7039f65985cb/datanode-1/data/ratis/f07e9860-ecd2-4714-92b4-10be75424eaa: created new log segment /workdir/hadoop-ozone/ozonefs/target/test-dir/MiniOzoneClusterImpl-cb4c4217-15c8-435f-b543-7039f65985cb/datanode-1/data/ratis/f07e9860-ecd2-4714-92b4-10be75424eaa/current/log_inprogress_0
2019-09-20 14:16:09,853 [a9487f91-7da9-40bc-a63a-438d36035868:group-E163E8060D31:LeaderElection47] INFO  impl.RoleInfo (RoleInfo.java:shutdownLeaderElection(134)) - a9487f91-7da9-40bc-a63a-438d36035868: shutdown LeaderElection
2019-09-20 14:16:09,854 [a9487f91-7da9-40bc-a63a-438d36035868:group-E163E8060D31:LeaderElection47] INFO  impl.RaftServerImpl (RaftServerImpl.java:setRole(171)) - a9487f91-7da9-40bc-a63a-438d36035868:group-E163E8060D31 changes role from CANDIDATE to LEADER at term 1 for changeToLeader
2019-09-20 14:16:09,853 [1bb2a9a8-5a93-4a9a-be35-605f45f451b0:group-875676B2775F:LeaderElection48] INFO  impl.RoleInfo (RoleInfo.java:shutdownLeaderElection(134)) - 1bb2a9a8-5a93-4a9a-be35-605f45f451b0: shutdown LeaderElection
2019-09-20 14:16:09,854 [a9487f91-7da9-40bc-a63a-438d36035868:group-E163E8060D31:LeaderElection47] INFO  impl.RaftServerImpl (ServerState.java:setLeader(263)) - a9487f91-7da9-40bc-a63a-438d36035868:group-E163E8060D31 change Leader from null to a9487f91-7da9-40bc-a63a-438d36035868 at term 1 for becomeLeader, leader elected after 5172ms
2019-09-20 14:16:09,854 [1bb2a9a8-5a93-4a9a-be35-605f45f451b0:group-875676B2775F:LeaderElection48] INFO  impl.RaftServerImpl (RaftServerImpl.java:setRole(171)) - 1bb2a9a8-5a93-4a9a-be35-605f45f451b0:group-875676B2775F changes role from CANDIDATE to LEADER at term 1 for changeToLeader
2019-09-20 14:16:09,854 [a9487f91-7da9-40bc-a63a-438d36035868:group-E163E8060D31:LeaderElection47] INFO  server.RaftServerConfigKeys (ConfUtils.java:logGet(43)) - raft.server.staging.catchup.gap = 1000 (default)
2019-09-20 14:16:09,854 [1bb2a9a8-5a93-4a9a-be35-605f45f451b0:group-875676B2775F:LeaderElection48] INFO  impl.RaftServerImpl (ServerState.java:setLeader(263)) - 1bb2a9a8-5a93-4a9a-be35-605f45f451b0:group-875676B2775F change Leader from null to 1bb2a9a8-5a93-4a9a-be35-605f45f451b0 at term 1 for becomeLeader, leader elected after 5096ms
2019-09-20 14:16:09,855 [a9487f91-7da9-40bc-a63a-438d36035868:group-E163E8060D31:LeaderElection47] INFO  server.RaftServerConfigKeys (ConfUtils.java:logGet(43)) - raft.server.rpc.sleep.time = 25ms (default)
2019-09-20 14:16:09,855 [1bb2a9a8-5a93-4a9a-be35-605f45f451b0:group-875676B2775F:LeaderElection48] INFO  server.RaftServerConfigKeys (ConfUtils.java:logGet(43)) - raft.server.staging.catchup.gap = 1000 (default)
2019-09-20 14:16:09,855 [a9487f91-7da9-40bc-a63a-438d36035868:group-E163E8060D31:LeaderElection47] INFO  server.RaftServerConfigKeys (ConfUtils.java:logGet(43)) - raft.server.write.element-limit = 4096 (default)
2019-09-20 14:16:09,855 [1bb2a9a8-5a93-4a9a-be35-605f45f451b0:group-875676B2775F:LeaderElection48] INFO  server.RaftServerConfigKeys (ConfUtils.java:logGet(43)) - raft.server.rpc.sleep.time = 25ms (default)
2019-09-20 14:16:09,855 [a9487f91-7da9-40bc-a63a-438d36035868:group-E163E8060D31:LeaderElection47] INFO  server.RaftServerConfigKeys (ConfUtils.java:logGet(43)) - raft.server.watch.timeout = 10s (default)
2019-09-20 14:16:09,856 [1bb2a9a8-5a93-4a9a-be35-605f45f451b0:group-875676B2775F:LeaderElection48] INFO  server.RaftServerConfigKeys (ConfUtils.java:logGet(43)) - raft.server.write.element-limit = 4096 (default)
2019-09-20 14:16:09,856 [a9487f91-7da9-40bc-a63a-438d36035868:group-E163E8060D31:LeaderElection47] INFO  server.RaftServerConfigKeys (ConfUtils.java:logGet(43)) - raft.server.watch.timeout.denomination = 1s (default)
2019-09-20 14:16:09,856 [1bb2a9a8-5a93-4a9a-be35-605f45f451b0:group-875676B2775F:LeaderElection48] INFO  server.RaftServerConfigKeys (ConfUtils.java:logGet(43)) - raft.server.watch.timeout = 10s (default)
2019-09-20 14:16:09,856 [a9487f91-7da9-40bc-a63a-438d36035868:group-E163E8060D31:LeaderElection47] INFO  server.RaftServerConfigKeys (ConfUtils.java:logGet(43)) - raft.server.watch.element-limit = 65536 (default)
2019-09-20 14:16:09,856 [1bb2a9a8-5a93-4a9a-be35-605f45f451b0:group-875676B2775F:LeaderElection48] INFO  server.RaftServerConfigKeys (ConfUtils.java:logGet(43)) - raft.server.watch.timeout.denomination = 1s (default)
2019-09-20 14:16:09,857 [a9487f91-7da9-40bc-a63a-438d36035868:group-E163E8060D31:LeaderElection47] INFO  impl.RoleInfo (RoleInfo.java:updateAndGet(143)) - a9487f91-7da9-40bc-a63a-438d36035868: start LeaderState
2019-09-20 14:16:09,857 [1bb2a9a8-5a93-4a9a-be35-605f45f451b0:group-875676B2775F:LeaderElection48] INFO  server.RaftServerConfigKeys (ConfUtils.java:logGet(43)) - raft.server.watch.element-limit = 65536 (default)
2019-09-20 14:16:09,857 [a9487f91-7da9-40bc-a63a-438d36035868:group-E163E8060D31:LeaderElection47] INFO  segmented.SegmentedRaftLogWorker (SegmentedRaftLogWorker.java:startLogSegment(380)) - a9487f91-7da9-40bc-a63a-438d36035868-SegmentedRaftLogWorker:Storage Directory /workdir/hadoop-ozone/ozonefs/target/test-dir/MiniOzoneClusterImpl-cb4c4217-15c8-435f-b543-7039f65985cb/datanode-1/data/ratis/8a5e392f-a174-4582-8873-e163e8060d31: Starting segment from index:0
2019-09-20 14:16:09,857 [1bb2a9a8-5a93-4a9a-be35-605f45f451b0:group-875676B2775F:LeaderElection48] INFO  impl.RoleInfo (RoleInfo.java:updateAndGet(143)) - 1bb2a9a8-5a93-4a9a-be35-605f45f451b0: start LeaderState
2019-09-20 14:16:09,858 [1bb2a9a8-5a93-4a9a-be35-605f45f451b0:group-875676B2775F:LeaderElection48] INFO  segmented.SegmentedRaftLogWorker (SegmentedRaftLogWorker.java:startLogSegment(380)) - 1bb2a9a8-5a93-4a9a-be35-605f45f451b0-SegmentedRaftLogWorker:Storage Directory /workdir/hadoop-ozone/ozonefs/target/test-dir/MiniOzoneClusterImpl-cb4c4217-15c8-435f-b543-7039f65985cb/datanode-2/data/ratis/44009f93-8c9e-4d20-8048-875676b2775f: Starting segment from index:0
2019-09-20 14:16:09,858 [a9487f91-7da9-40bc-a63a-438d36035868:group-E163E8060D31:LeaderElection47] INFO  impl.RaftServerImpl (ServerState.java:setRaftConf(361)) - a9487f91-7da9-40bc-a63a-438d36035868:group-E163E8060D31 set configuration 0: [a9487f91-7da9-40bc-a63a-438d36035868:192.168.36.99:41098], old=null at 0
2019-09-20 14:16:09,859 [1bb2a9a8-5a93-4a9a-be35-605f45f451b0:group-875676B2775F:LeaderElection48] INFO  impl.RaftServerImpl (ServerState.java:setRaftConf(361)) - 1bb2a9a8-5a93-4a9a-be35-605f45f451b0:group-875676B2775F set configuration 0: [1bb2a9a8-5a93-4a9a-be35-605f45f451b0:192.168.36.99:45691], old=null at 0
2019-09-20 14:16:09,912 [a9487f91-7da9-40bc-a63a-438d36035868-SegmentedRaftLogWorker:Storage Directory /workdir/hadoop-ozone/ozonefs/target/test-dir/MiniOzoneClusterImpl-cb4c4217-15c8-435f-b543-7039f65985cb/datanode-1/data/ratis/8a5e392f-a174-4582-8873-e163e8060d31] INFO  segmented.SegmentedRaftLogWorker (SegmentedRaftLogWorker.java:execute(569)) - a9487f91-7da9-40bc-a63a-438d36035868-SegmentedRaftLogWorker:Storage Directory /workdir/hadoop-ozone/ozonefs/target/test-dir/MiniOzoneClusterImpl-cb4c4217-15c8-435f-b543-7039f65985cb/datanode-1/data/ratis/8a5e392f-a174-4582-8873-e163e8060d31: created new log segment /workdir/hadoop-ozone/ozonefs/target/test-dir/MiniOzoneClusterImpl-cb4c4217-15c8-435f-b543-7039f65985cb/datanode-1/data/ratis/8a5e392f-a174-4582-8873-e163e8060d31/current/log_inprogress_0
2019-09-20 14:16:09,912 [1bb2a9a8-5a93-4a9a-be35-605f45f451b0-SegmentedRaftLogWorker:Storage Directory /workdir/hadoop-ozone/ozonefs/target/test-dir/MiniOzoneClusterImpl-cb4c4217-15c8-435f-b543-7039f65985cb/datanode-2/data/ratis/44009f93-8c9e-4d20-8048-875676b2775f] INFO  segmented.SegmentedRaftLogWorker (SegmentedRaftLogWorker.java:execute(569)) - 1bb2a9a8-5a93-4a9a-be35-605f45f451b0-SegmentedRaftLogWorker:Storage Directory /workdir/hadoop-ozone/ozonefs/target/test-dir/MiniOzoneClusterImpl-cb4c4217-15c8-435f-b543-7039f65985cb/datanode-2/data/ratis/44009f93-8c9e-4d20-8048-875676b2775f: created new log segment /workdir/hadoop-ozone/ozonefs/target/test-dir/MiniOzoneClusterImpl-cb4c4217-15c8-435f-b543-7039f65985cb/datanode-2/data/ratis/44009f93-8c9e-4d20-8048-875676b2775f/current/log_inprogress_0
2019-09-20 14:16:09,925 [Thread-751] INFO  impl.FollowerState (FollowerState.java:run(106)) - 1bb2a9a8-5a93-4a9a-be35-605f45f451b0:group-B16E596BAD5D changes to CANDIDATE, lastRpcTime:5111, electionTimeout:5111ms
2019-09-20 14:16:09,925 [Thread-751] INFO  impl.RoleInfo (RoleInfo.java:shutdownFollowerState(121)) - 1bb2a9a8-5a93-4a9a-be35-605f45f451b0: shutdown FollowerState
2019-09-20 14:16:09,925 [Thread-751] INFO  impl.RaftServerImpl (RaftServerImpl.java:setRole(171)) - 1bb2a9a8-5a93-4a9a-be35-605f45f451b0:group-B16E596BAD5D changes role from FOLLOWER to CANDIDATE at term 0 for changeToCandidate
2019-09-20 14:16:09,925 [Thread-751] INFO  impl.RoleInfo (RoleInfo.java:updateAndGet(143)) - 1bb2a9a8-5a93-4a9a-be35-605f45f451b0: start LeaderElection
2019-09-20 14:16:09,945 [Thread-754] INFO  impl.FollowerState (FollowerState.java:run(106)) - 1bb2a9a8-5a93-4a9a-be35-605f45f451b0:group-0E528B2DC573 changes to CANDIDATE, lastRpcTime:5064, electionTimeout:5064ms
2019-09-20 14:16:09,945 [Thread-754] INFO  impl.RoleInfo (RoleInfo.java:shutdownFollowerState(121)) - 1bb2a9a8-5a93-4a9a-be35-605f45f451b0: shutdown FollowerState
2019-09-20 14:16:09,946 [Thread-754] INFO  impl.RaftServerImpl (RaftServerImpl.java:setRole(171)) - 1bb2a9a8-5a93-4a9a-be35-605f45f451b0:group-0E528B2DC573 changes role from FOLLOWER to CANDIDATE at term 0 for changeToCandidate
2019-09-20 14:16:09,946 [Thread-754] INFO  impl.RoleInfo (RoleInfo.java:updateAndGet(143)) - 1bb2a9a8-5a93-4a9a-be35-605f45f451b0: start LeaderElection
2019-09-20 14:16:09,954 [1bb2a9a8-5a93-4a9a-be35-605f45f451b0:group-B16E596BAD5D:LeaderElection49] INFO  impl.LeaderElection (LeaderElection.java:askForVotes(181)) - 1bb2a9a8-5a93-4a9a-be35-605f45f451b0:group-B16E596BAD5D:LeaderElection49: begin an election at term 1 for -1: [1bb2a9a8-5a93-4a9a-be35-605f45f451b0:192.168.36.99:45691], old=null
2019-09-20 14:16:09,954 [1bb2a9a8-5a93-4a9a-be35-605f45f451b0:group-B16E596BAD5D:LeaderElection49] INFO  impl.RoleInfo (RoleInfo.java:shutdownLeaderElection(134)) - 1bb2a9a8-5a93-4a9a-be35-605f45f451b0: shutdown LeaderElection
2019-09-20 14:16:09,954 [1bb2a9a8-5a93-4a9a-be35-605f45f451b0:group-B16E596BAD5D:LeaderElection49] INFO  impl.RaftServerImpl (RaftServerImpl.java:setRole(171)) - 1bb2a9a8-5a93-4a9a-be35-605f45f451b0:group-B16E596BAD5D changes role from CANDIDATE to LEADER at term 1 for changeToLeader
2019-09-20 14:16:09,954 [1bb2a9a8-5a93-4a9a-be35-605f45f451b0:group-B16E596BAD5D:LeaderElection49] INFO  impl.RaftServerImpl (ServerState.java:setLeader(263)) - 1bb2a9a8-5a93-4a9a-be35-605f45f451b0:group-B16E596BAD5D change Leader from null to 1bb2a9a8-5a93-4a9a-be35-605f45f451b0 at term 1 for becomeLeader, leader elected after 5145ms
2019-09-20 14:16:09,954 [1bb2a9a8-5a93-4a9a-be35-605f45f451b0:group-B16E596BAD5D:LeaderElection49] INFO  server.RaftServerConfigKeys (ConfUtils.java:logGet(43)) - raft.server.staging.catchup.gap = 1000 (default)
2019-09-20 14:16:09,955 [1bb2a9a8-5a93-4a9a-be35-605f45f451b0:group-B16E596BAD5D:LeaderElection49] INFO  server.RaftServerConfigKeys (ConfUtils.java:logGet(43)) - raft.server.rpc.sleep.time = 25ms (default)
2019-09-20 14:16:09,955 [1bb2a9a8-5a93-4a9a-be35-605f45f451b0:group-B16E596BAD5D:LeaderElection49] INFO  server.RaftServerConfigKeys (ConfUtils.java:logGet(43)) - raft.server.write.element-limit = 4096 (default)
2019-09-20 14:16:09,955 [1bb2a9a8-5a93-4a9a-be35-605f45f451b0:group-B16E596BAD5D:LeaderElection49] INFO  server.RaftServerConfigKeys (ConfUtils.java:logGet(43)) - raft.server.watch.timeout = 10s (default)
2019-09-20 14:16:09,955 [1bb2a9a8-5a93-4a9a-be35-605f45f451b0:group-B16E596BAD5D:LeaderElection49] INFO  server.RaftServerConfigKeys (ConfUtils.java:logGet(43)) - raft.server.watch.timeout.denomination = 1s (default)
2019-09-20 14:16:09,955 [1bb2a9a8-5a93-4a9a-be35-605f45f451b0:group-B16E596BAD5D:LeaderElection49] INFO  server.RaftServerConfigKeys (ConfUtils.java:logGet(43)) - raft.server.watch.element-limit = 65536 (default)
2019-09-20 14:16:09,956 [1bb2a9a8-5a93-4a9a-be35-605f45f451b0:group-B16E596BAD5D:LeaderElection49] INFO  impl.RoleInfo (RoleInfo.java:updateAndGet(143)) - 1bb2a9a8-5a93-4a9a-be35-605f45f451b0: start LeaderState
2019-09-20 14:16:09,956 [1bb2a9a8-5a93-4a9a-be35-605f45f451b0:group-B16E596BAD5D:LeaderElection49] INFO  segmented.SegmentedRaftLogWorker (SegmentedRaftLogWorker.java:startLogSegment(380)) - 1bb2a9a8-5a93-4a9a-be35-605f45f451b0-SegmentedRaftLogWorker:Storage Directory /workdir/hadoop-ozone/ozonefs/target/test-dir/MiniOzoneClusterImpl-cb4c4217-15c8-435f-b543-7039f65985cb/datanode-2/data/ratis/790c5026-175e-45f3-9671-b16e596bad5d: Starting segment from index:0
2019-09-20 14:16:09,957 [1bb2a9a8-5a93-4a9a-be35-605f45f451b0:group-B16E596BAD5D:LeaderElection49] INFO  impl.RaftServerImpl (ServerState.java:setRaftConf(361)) - 1bb2a9a8-5a93-4a9a-be35-605f45f451b0:group-B16E596BAD5D set configuration 0: [1bb2a9a8-5a93-4a9a-be35-605f45f451b0:192.168.36.99:45691], old=null at 0
2019-09-20 14:16:09,971 [1bb2a9a8-5a93-4a9a-be35-605f45f451b0:group-0E528B2DC573:LeaderElection50] INFO  impl.LeaderElection (LeaderElection.java:askForVotes(181)) - 1bb2a9a8-5a93-4a9a-be35-605f45f451b0:group-0E528B2DC573:LeaderElection50: begin an election at term 1 for -1: [1bb2a9a8-5a93-4a9a-be35-605f45f451b0:192.168.36.99:45691], old=null
2019-09-20 14:16:09,971 [1bb2a9a8-5a93-4a9a-be35-605f45f451b0:group-0E528B2DC573:LeaderElection50] INFO  impl.RoleInfo (RoleInfo.java:shutdownLeaderElection(134)) - 1bb2a9a8-5a93-4a9a-be35-605f45f451b0: shutdown LeaderElection
2019-09-20 14:16:09,971 [1bb2a9a8-5a93-4a9a-be35-605f45f451b0:group-0E528B2DC573:LeaderElection50] INFO  impl.RaftServerImpl (RaftServerImpl.java:setRole(171)) - 1bb2a9a8-5a93-4a9a-be35-605f45f451b0:group-0E528B2DC573 changes role from CANDIDATE to LEADER at term 1 for changeToLeader
2019-09-20 14:16:09,971 [1bb2a9a8-5a93-4a9a-be35-605f45f451b0:group-0E528B2DC573:LeaderElection50] INFO  impl.RaftServerImpl (ServerState.java:setLeader(263)) - 1bb2a9a8-5a93-4a9a-be35-605f45f451b0:group-0E528B2DC573 change Leader from null to 1bb2a9a8-5a93-4a9a-be35-605f45f451b0 at term 1 for becomeLeader, leader elected after 5094ms
2019-09-20 14:16:09,972 [1bb2a9a8-5a93-4a9a-be35-605f45f451b0:group-0E528B2DC573:LeaderElection50] INFO  server.RaftServerConfigKeys (ConfUtils.java:logGet(43)) - raft.server.staging.catchup.gap = 1000 (default)
2019-09-20 14:16:09,972 [1bb2a9a8-5a93-4a9a-be35-605f45f451b0:group-0E528B2DC573:LeaderElection50] INFO  server.RaftServerConfigKeys (ConfUtils.java:logGet(43)) - raft.server.rpc.sleep.time = 25ms (default)
2019-09-20 14:16:09,972 [1bb2a9a8-5a93-4a9a-be35-605f45f451b0:group-0E528B2DC573:LeaderElection50] INFO  server.RaftServerConfigKeys (ConfUtils.java:logGet(43)) - raft.server.write.element-limit = 4096 (default)
2019-09-20 14:16:09,972 [1bb2a9a8-5a93-4a9a-be35-605f45f451b0:group-0E528B2DC573:LeaderElection50] INFO  server.RaftServerConfigKeys (ConfUtils.java:logGet(43)) - raft.server.watch.timeout = 10s (default)
2019-09-20 14:16:09,972 [1bb2a9a8-5a93-4a9a-be35-605f45f451b0:group-0E528B2DC573:LeaderElection50] INFO  server.RaftServerConfigKeys (ConfUtils.java:logGet(43)) - raft.server.watch.timeout.denomination = 1s (default)
2019-09-20 14:16:09,973 [1bb2a9a8-5a93-4a9a-be35-605f45f451b0:group-0E528B2DC573:LeaderElection50] INFO  server.RaftServerConfigKeys (ConfUtils.java:logGet(43)) - raft.server.watch.element-limit = 65536 (default)
2019-09-20 14:16:09,973 [1bb2a9a8-5a93-4a9a-be35-605f45f451b0:group-0E528B2DC573:LeaderElection50] INFO  impl.RoleInfo (RoleInfo.java:updateAndGet(143)) - 1bb2a9a8-5a93-4a9a-be35-605f45f451b0: start LeaderState
2019-09-20 14:16:09,973 [1bb2a9a8-5a93-4a9a-be35-605f45f451b0:group-0E528B2DC573:LeaderElection50] INFO  segmented.SegmentedRaftLogWorker (SegmentedRaftLogWorker.java:startLogSegment(380)) - 1bb2a9a8-5a93-4a9a-be35-605f45f451b0-SegmentedRaftLogWorker:Storage Directory /workdir/hadoop-ozone/ozonefs/target/test-dir/MiniOzoneClusterImpl-cb4c4217-15c8-435f-b543-7039f65985cb/datanode-2/data/ratis/46f0d42b-1881-49ff-8ddd-0e528b2dc573: Starting segment from index:0
2019-09-20 14:16:09,974 [1bb2a9a8-5a93-4a9a-be35-605f45f451b0:group-0E528B2DC573:LeaderElection50] INFO  impl.RaftServerImpl (ServerState.java:setRaftConf(361)) - 1bb2a9a8-5a93-4a9a-be35-605f45f451b0:group-0E528B2DC573 set configuration 0: [1bb2a9a8-5a93-4a9a-be35-605f45f451b0:192.168.36.99:45691], old=null at 0
2019-09-20 14:16:10,021 [1bb2a9a8-5a93-4a9a-be35-605f45f451b0-SegmentedRaftLogWorker:Storage Directory /workdir/hadoop-ozone/ozonefs/target/test-dir/MiniOzoneClusterImpl-cb4c4217-15c8-435f-b543-7039f65985cb/datanode-2/data/ratis/790c5026-175e-45f3-9671-b16e596bad5d] INFO  segmented.SegmentedRaftLogWorker (SegmentedRaftLogWorker.java:execute(569)) - 1bb2a9a8-5a93-4a9a-be35-605f45f451b0-SegmentedRaftLogWorker:Storage Directory /workdir/hadoop-ozone/ozonefs/target/test-dir/MiniOzoneClusterImpl-cb4c4217-15c8-435f-b543-7039f65985cb/datanode-2/data/ratis/790c5026-175e-45f3-9671-b16e596bad5d: created new log segment /workdir/hadoop-ozone/ozonefs/target/test-dir/MiniOzoneClusterImpl-cb4c4217-15c8-435f-b543-7039f65985cb/datanode-2/data/ratis/790c5026-175e-45f3-9671-b16e596bad5d/current/log_inprogress_0
2019-09-20 14:16:10,038 [1bb2a9a8-5a93-4a9a-be35-605f45f451b0-SegmentedRaftLogWorker:Storage Directory /workdir/hadoop-ozone/ozonefs/target/test-dir/MiniOzoneClusterImpl-cb4c4217-15c8-435f-b543-7039f65985cb/datanode-2/data/ratis/46f0d42b-1881-49ff-8ddd-0e528b2dc573] INFO  segmented.SegmentedRaftLogWorker (SegmentedRaftLogWorker.java:execute(569)) - 1bb2a9a8-5a93-4a9a-be35-605f45f451b0-SegmentedRaftLogWorker:Storage Directory /workdir/hadoop-ozone/ozonefs/target/test-dir/MiniOzoneClusterImpl-cb4c4217-15c8-435f-b543-7039f65985cb/datanode-2/data/ratis/46f0d42b-1881-49ff-8ddd-0e528b2dc573: created new log segment /workdir/hadoop-ozone/ozonefs/target/test-dir/MiniOzoneClusterImpl-cb4c4217-15c8-435f-b543-7039f65985cb/datanode-2/data/ratis/46f0d42b-1881-49ff-8ddd-0e528b2dc573/current/log_inprogress_0
2019-09-20 14:16:10,045 [Thread-757] INFO  impl.FollowerState (FollowerState.java:run(106)) - a9487f91-7da9-40bc-a63a-438d36035868:group-58F281C2E506 changes to CANDIDATE, lastRpcTime:5113, electionTimeout:5113ms
2019-09-20 14:16:10,045 [Thread-757] INFO  impl.RoleInfo (RoleInfo.java:shutdownFollowerState(121)) - a9487f91-7da9-40bc-a63a-438d36035868: shutdown FollowerState
2019-09-20 14:16:10,045 [Thread-757] INFO  impl.RaftServerImpl (RaftServerImpl.java:setRole(171)) - a9487f91-7da9-40bc-a63a-438d36035868:group-58F281C2E506 changes role from FOLLOWER to CANDIDATE at term 0 for changeToCandidate
2019-09-20 14:16:10,046 [Thread-757] INFO  impl.RoleInfo (RoleInfo.java:updateAndGet(143)) - a9487f91-7da9-40bc-a63a-438d36035868: start LeaderElection
2019-09-20 14:16:10,080 [a9487f91-7da9-40bc-a63a-438d36035868:group-58F281C2E506:LeaderElection51] INFO  impl.LeaderElection (LeaderElection.java:askForVotes(181)) - a9487f91-7da9-40bc-a63a-438d36035868:group-58F281C2E506:LeaderElection51: begin an election at term 1 for -1: [a9487f91-7da9-40bc-a63a-438d36035868:192.168.36.99:41098], old=null
2019-09-20 14:16:10,080 [a9487f91-7da9-40bc-a63a-438d36035868:group-58F281C2E506:LeaderElection51] INFO  impl.RoleInfo (RoleInfo.java:shutdownLeaderElection(134)) - a9487f91-7da9-40bc-a63a-438d36035868: shutdown LeaderElection
2019-09-20 14:16:10,080 [a9487f91-7da9-40bc-a63a-438d36035868:group-58F281C2E506:LeaderElection51] INFO  impl.RaftServerImpl (RaftServerImpl.java:setRole(171)) - a9487f91-7da9-40bc-a63a-438d36035868:group-58F281C2E506 changes role from CANDIDATE to LEADER at term 1 for changeToLeader
2019-09-20 14:16:10,081 [a9487f91-7da9-40bc-a63a-438d36035868:group-58F281C2E506:LeaderElection51] INFO  impl.RaftServerImpl (ServerState.java:setLeader(263)) - a9487f91-7da9-40bc-a63a-438d36035868:group-58F281C2E506 change Leader from null to a9487f91-7da9-40bc-a63a-438d36035868 at term 1 for becomeLeader, leader elected after 5153ms
2019-09-20 14:16:10,081 [a9487f91-7da9-40bc-a63a-438d36035868:group-58F281C2E506:LeaderElection51] INFO  server.RaftServerConfigKeys (ConfUtils.java:logGet(43)) - raft.server.staging.catchup.gap = 1000 (default)
2019-09-20 14:16:10,081 [a9487f91-7da9-40bc-a63a-438d36035868:group-58F281C2E506:LeaderElection51] INFO  server.RaftServerConfigKeys (ConfUtils.java:logGet(43)) - raft.server.rpc.sleep.time = 25ms (default)
2019-09-20 14:16:10,081 [a9487f91-7da9-40bc-a63a-438d36035868:group-58F281C2E506:LeaderElection51] INFO  server.RaftServerConfigKeys (ConfUtils.java:logGet(43)) - raft.server.write.element-limit = 4096 (default)
2019-09-20 14:16:10,081 [a9487f91-7da9-40bc-a63a-438d36035868:group-58F281C2E506:LeaderElection51] INFO  server.RaftServerConfigKeys (ConfUtils.java:logGet(43)) - raft.server.watch.timeout = 10s (default)
2019-09-20 14:16:10,082 [a9487f91-7da9-40bc-a63a-438d36035868:group-58F281C2E506:LeaderElection51] INFO  server.RaftServerConfigKeys (ConfUtils.java:logGet(43)) - raft.server.watch.timeout.denomination = 1s (default)
2019-09-20 14:16:10,082 [a9487f91-7da9-40bc-a63a-438d36035868:group-58F281C2E506:LeaderElection51] INFO  server.RaftServerConfigKeys (ConfUtils.java:logGet(43)) - raft.server.watch.element-limit = 65536 (default)
2019-09-20 14:16:10,082 [a9487f91-7da9-40bc-a63a-438d36035868:group-58F281C2E506:LeaderElection51] INFO  impl.RoleInfo (RoleInfo.java:updateAndGet(143)) - a9487f91-7da9-40bc-a63a-438d36035868: start LeaderState
2019-09-20 14:16:10,082 [a9487f91-7da9-40bc-a63a-438d36035868:group-58F281C2E506:LeaderElection51] INFO  segmented.SegmentedRaftLogWorker (SegmentedRaftLogWorker.java:startLogSegment(380)) - a9487f91-7da9-40bc-a63a-438d36035868-SegmentedRaftLogWorker:Storage Directory /workdir/hadoop-ozone/ozonefs/target/test-dir/MiniOzoneClusterImpl-cb4c4217-15c8-435f-b543-7039f65985cb/datanode-1/data/ratis/a0affa03-d077-4f45-be98-58f281c2e506: Starting segment from index:0
2019-09-20 14:16:10,083 [a9487f91-7da9-40bc-a63a-438d36035868:group-58F281C2E506:LeaderElection51] INFO  impl.RaftServerImpl (ServerState.java:setRaftConf(361)) - a9487f91-7da9-40bc-a63a-438d36035868:group-58F281C2E506 set configuration 0: [a9487f91-7da9-40bc-a63a-438d36035868:192.168.36.99:41098], old=null at 0
2019-09-20 14:16:10,139 [a9487f91-7da9-40bc-a63a-438d36035868-SegmentedRaftLogWorker:Storage Directory /workdir/hadoop-ozone/ozonefs/target/test-dir/MiniOzoneClusterImpl-cb4c4217-15c8-435f-b543-7039f65985cb/datanode-1/data/ratis/a0affa03-d077-4f45-be98-58f281c2e506] INFO  segmented.SegmentedRaftLogWorker (SegmentedRaftLogWorker.java:execute(569)) - a9487f91-7da9-40bc-a63a-438d36035868-SegmentedRaftLogWorker:Storage Directory /workdir/hadoop-ozone/ozonefs/target/test-dir/MiniOzoneClusterImpl-cb4c4217-15c8-435f-b543-7039f65985cb/datanode-1/data/ratis/a0affa03-d077-4f45-be98-58f281c2e506: created new log segment /workdir/hadoop-ozone/ozonefs/target/test-dir/MiniOzoneClusterImpl-cb4c4217-15c8-435f-b543-7039f65985cb/datanode-1/data/ratis/a0affa03-d077-4f45-be98-58f281c2e506/current/log_inprogress_0
2019-09-20 14:16:10,151 [Thread-763] INFO  impl.FollowerState (FollowerState.java:run(106)) - a9487f91-7da9-40bc-a63a-438d36035868:group-E47D4E3B5DAF changes to CANDIDATE, lastRpcTime:5100, electionTimeout:5100ms
2019-09-20 14:16:10,151 [Thread-763] INFO  impl.RoleInfo (RoleInfo.java:shutdownFollowerState(121)) - a9487f91-7da9-40bc-a63a-438d36035868: shutdown FollowerState
2019-09-20 14:16:10,151 [Thread-763] INFO  impl.RaftServerImpl (RaftServerImpl.java:setRole(171)) - a9487f91-7da9-40bc-a63a-438d36035868:group-E47D4E3B5DAF changes role from FOLLOWER to CANDIDATE at term 0 for changeToCandidate
2019-09-20 14:16:10,151 [Thread-763] INFO  impl.RoleInfo (RoleInfo.java:updateAndGet(143)) - a9487f91-7da9-40bc-a63a-438d36035868: start LeaderElection
2019-09-20 14:16:10,171 [Thread-760] INFO  impl.FollowerState (FollowerState.java:run(106)) - a9487f91-7da9-40bc-a63a-438d36035868:group-84EFE7D30268 changes to CANDIDATE, lastRpcTime:5179, electionTimeout:5179ms
2019-09-20 14:16:10,171 [Thread-760] INFO  impl.RoleInfo (RoleInfo.java:shutdownFollowerState(121)) - a9487f91-7da9-40bc-a63a-438d36035868: shutdown FollowerState
2019-09-20 14:16:10,171 [Thread-760] INFO  impl.RaftServerImpl (RaftServerImpl.java:setRole(171)) - a9487f91-7da9-40bc-a63a-438d36035868:group-84EFE7D30268 changes role from FOLLOWER to CANDIDATE at term 0 for changeToCandidate
2019-09-20 14:16:10,171 [Thread-760] INFO  impl.RoleInfo (RoleInfo.java:updateAndGet(143)) - a9487f91-7da9-40bc-a63a-438d36035868: start LeaderElection
2019-09-20 14:16:10,173 [a9487f91-7da9-40bc-a63a-438d36035868:group-E47D4E3B5DAF:LeaderElection52] INFO  impl.LeaderElection (LeaderElection.java:askForVotes(181)) - a9487f91-7da9-40bc-a63a-438d36035868:group-E47D4E3B5DAF:LeaderElection52: begin an election at term 1 for -1: [a9487f91-7da9-40bc-a63a-438d36035868:192.168.36.99:41098], old=null
2019-09-20 14:16:10,174 [a9487f91-7da9-40bc-a63a-438d36035868:group-E47D4E3B5DAF:LeaderElection52] INFO  impl.RoleInfo (RoleInfo.java:shutdownLeaderElection(134)) - a9487f91-7da9-40bc-a63a-438d36035868: shutdown LeaderElection
2019-09-20 14:16:10,174 [a9487f91-7da9-40bc-a63a-438d36035868:group-E47D4E3B5DAF:LeaderElection52] INFO  impl.RaftServerImpl (RaftServerImpl.java:setRole(171)) - a9487f91-7da9-40bc-a63a-438d36035868:group-E47D4E3B5DAF changes role from CANDIDATE to LEADER at term 1 for changeToLeader
2019-09-20 14:16:10,174 [a9487f91-7da9-40bc-a63a-438d36035868:group-E47D4E3B5DAF:LeaderElection52] INFO  impl.RaftServerImpl (ServerState.java:setLeader(263)) - a9487f91-7da9-40bc-a63a-438d36035868:group-E47D4E3B5DAF change Leader from null to a9487f91-7da9-40bc-a63a-438d36035868 at term 1 for becomeLeader, leader elected after 5128ms
2019-09-20 14:16:10,174 [a9487f91-7da9-40bc-a63a-438d36035868:group-E47D4E3B5DAF:LeaderElection52] INFO  server.RaftServerConfigKeys (ConfUtils.java:logGet(43)) - raft.server.staging.catchup.gap = 1000 (default)
2019-09-20 14:16:10,175 [a9487f91-7da9-40bc-a63a-438d36035868:group-E47D4E3B5DAF:LeaderElection52] INFO  server.RaftServerConfigKeys (ConfUtils.java:logGet(43)) - raft.server.rpc.sleep.time = 25ms (default)
2019-09-20 14:16:10,175 [a9487f91-7da9-40bc-a63a-438d36035868:group-E47D4E3B5DAF:LeaderElection52] INFO  server.RaftServerConfigKeys (ConfUtils.java:logGet(43)) - raft.server.write.element-limit = 4096 (default)
2019-09-20 14:16:10,175 [a9487f91-7da9-40bc-a63a-438d36035868:group-E47D4E3B5DAF:LeaderElection52] INFO  server.RaftServerConfigKeys (ConfUtils.java:logGet(43)) - raft.server.watch.timeout = 10s (default)
2019-09-20 14:16:10,175 [a9487f91-7da9-40bc-a63a-438d36035868:group-E47D4E3B5DAF:LeaderElection52] INFO  server.RaftServerConfigKeys (ConfUtils.java:logGet(43)) - raft.server.watch.timeout.denomination = 1s (default)
2019-09-20 14:16:10,175 [a9487f91-7da9-40bc-a63a-438d36035868:group-E47D4E3B5DAF:LeaderElection52] INFO  server.RaftServerConfigKeys (ConfUtils.java:logGet(43)) - raft.server.watch.element-limit = 65536 (default)
2019-09-20 14:16:10,175 [a9487f91-7da9-40bc-a63a-438d36035868:group-E47D4E3B5DAF:LeaderElection52] INFO  impl.RoleInfo (RoleInfo.java:updateAndGet(143)) - a9487f91-7da9-40bc-a63a-438d36035868: start LeaderState
2019-09-20 14:16:10,176 [a9487f91-7da9-40bc-a63a-438d36035868:group-E47D4E3B5DAF:LeaderElection52] INFO  segmented.SegmentedRaftLogWorker (SegmentedRaftLogWorker.java:startLogSegment(380)) - a9487f91-7da9-40bc-a63a-438d36035868-SegmentedRaftLogWorker:Storage Directory /workdir/hadoop-ozone/ozonefs/target/test-dir/MiniOzoneClusterImpl-cb4c4217-15c8-435f-b543-7039f65985cb/datanode-1/data/ratis/88669020-8cd8-4408-927a-e47d4e3b5daf: Starting segment from index:0
2019-09-20 14:16:10,176 [a9487f91-7da9-40bc-a63a-438d36035868:group-E47D4E3B5DAF:LeaderElection52] INFO  impl.RaftServerImpl (ServerState.java:setRaftConf(361)) - a9487f91-7da9-40bc-a63a-438d36035868:group-E47D4E3B5DAF set configuration 0: [a9487f91-7da9-40bc-a63a-438d36035868:192.168.36.99:41098], old=null at 0
2019-09-20 14:16:10,190 [a9487f91-7da9-40bc-a63a-438d36035868:group-84EFE7D30268:LeaderElection53] INFO  impl.LeaderElection (LeaderElection.java:askForVotes(181)) - a9487f91-7da9-40bc-a63a-438d36035868:group-84EFE7D30268:LeaderElection53: begin an election at term 1 for -1: [a9487f91-7da9-40bc-a63a-438d36035868:192.168.36.99:41098], old=null
2019-09-20 14:16:10,190 [a9487f91-7da9-40bc-a63a-438d36035868:group-84EFE7D30268:LeaderElection53] INFO  impl.RoleInfo (RoleInfo.java:shutdownLeaderElection(134)) - a9487f91-7da9-40bc-a63a-438d36035868: shutdown LeaderElection
2019-09-20 14:16:10,190 [a9487f91-7da9-40bc-a63a-438d36035868:group-84EFE7D30268:LeaderElection53] INFO  impl.RaftServerImpl (RaftServerImpl.java:setRole(171)) - a9487f91-7da9-40bc-a63a-438d36035868:group-84EFE7D30268 changes role from CANDIDATE to LEADER at term 1 for changeToLeader
2019-09-20 14:16:10,190 [a9487f91-7da9-40bc-a63a-438d36035868:group-84EFE7D30268:LeaderElection53] INFO  impl.RaftServerImpl (ServerState.java:setLeader(263)) - a9487f91-7da9-40bc-a63a-438d36035868:group-84EFE7D30268 change Leader from null to a9487f91-7da9-40bc-a63a-438d36035868 at term 1 for becomeLeader, leader elected after 5203ms
2019-09-20 14:16:10,190 [a9487f91-7da9-40bc-a63a-438d36035868:group-84EFE7D30268:LeaderElection53] INFO  server.RaftServerConfigKeys (ConfUtils.java:logGet(43)) - raft.server.staging.catchup.gap = 1000 (default)
2019-09-20 14:16:10,191 [a9487f91-7da9-40bc-a63a-438d36035868:group-84EFE7D30268:LeaderElection53] INFO  server.RaftServerConfigKeys (ConfUtils.java:logGet(43)) - raft.server.rpc.sleep.time = 25ms (default)
2019-09-20 14:16:10,191 [a9487f91-7da9-40bc-a63a-438d36035868:group-84EFE7D30268:LeaderElection53] INFO  server.RaftServerConfigKeys (ConfUtils.java:logGet(43)) - raft.server.write.element-limit = 4096 (default)
2019-09-20 14:16:10,191 [a9487f91-7da9-40bc-a63a-438d36035868:group-84EFE7D30268:LeaderElection53] INFO  server.RaftServerConfigKeys (ConfUtils.java:logGet(43)) - raft.server.watch.timeout = 10s (default)
2019-09-20 14:16:10,191 [a9487f91-7da9-40bc-a63a-438d36035868:group-84EFE7D30268:LeaderElection53] INFO  server.RaftServerConfigKeys (ConfUtils.java:logGet(43)) - raft.server.watch.timeout.denomination = 1s (default)
2019-09-20 14:16:10,191 [a9487f91-7da9-40bc-a63a-438d36035868:group-84EFE7D30268:LeaderElection53] INFO  server.RaftServerConfigKeys (ConfUtils.java:logGet(43)) - raft.server.watch.element-limit = 65536 (default)
2019-09-20 14:16:10,192 [a9487f91-7da9-40bc-a63a-438d36035868:group-84EFE7D30268:LeaderElection53] INFO  impl.RoleInfo (RoleInfo.java:updateAndGet(143)) - a9487f91-7da9-40bc-a63a-438d36035868: start LeaderState
2019-09-20 14:16:10,192 [a9487f91-7da9-40bc-a63a-438d36035868:group-84EFE7D30268:LeaderElection53] INFO  segmented.SegmentedRaftLogWorker (SegmentedRaftLogWorker.java:startLogSegment(380)) - a9487f91-7da9-40bc-a63a-438d36035868-SegmentedRaftLogWorker:Storage Directory /workdir/hadoop-ozone/ozonefs/target/test-dir/MiniOzoneClusterImpl-cb4c4217-15c8-435f-b543-7039f65985cb/datanode-1/data/ratis/e8407a01-92f7-465a-b4d7-84efe7d30268: Starting segment from index:0
2019-09-20 14:16:10,193 [a9487f91-7da9-40bc-a63a-438d36035868:group-84EFE7D30268:LeaderElection53] INFO  impl.RaftServerImpl (ServerState.java:setRaftConf(361)) - a9487f91-7da9-40bc-a63a-438d36035868:group-84EFE7D30268 set configuration 0: [a9487f91-7da9-40bc-a63a-438d36035868:192.168.36.99:41098], old=null at 0
2019-09-20 14:16:10,240 [a9487f91-7da9-40bc-a63a-438d36035868-SegmentedRaftLogWorker:Storage Directory /workdir/hadoop-ozone/ozonefs/target/test-dir/MiniOzoneClusterImpl-cb4c4217-15c8-435f-b543-7039f65985cb/datanode-1/data/ratis/88669020-8cd8-4408-927a-e47d4e3b5daf] INFO  segmented.SegmentedRaftLogWorker (SegmentedRaftLogWorker.java:execute(569)) - a9487f91-7da9-40bc-a63a-438d36035868-SegmentedRaftLogWorker:Storage Directory /workdir/hadoop-ozone/ozonefs/target/test-dir/MiniOzoneClusterImpl-cb4c4217-15c8-435f-b543-7039f65985cb/datanode-1/data/ratis/88669020-8cd8-4408-927a-e47d4e3b5daf: created new log segment /workdir/hadoop-ozone/ozonefs/target/test-dir/MiniOzoneClusterImpl-cb4c4217-15c8-435f-b543-7039f65985cb/datanode-1/data/ratis/88669020-8cd8-4408-927a-e47d4e3b5daf/current/log_inprogress_0
2019-09-20 14:16:10,257 [a9487f91-7da9-40bc-a63a-438d36035868-SegmentedRaftLogWorker:Storage Directory /workdir/hadoop-ozone/ozonefs/target/test-dir/MiniOzoneClusterImpl-cb4c4217-15c8-435f-b543-7039f65985cb/datanode-1/data/ratis/e8407a01-92f7-465a-b4d7-84efe7d30268] INFO  segmented.SegmentedRaftLogWorker (SegmentedRaftLogWorker.java:execute(569)) - a9487f91-7da9-40bc-a63a-438d36035868-SegmentedRaftLogWorker:Storage Directory /workdir/hadoop-ozone/ozonefs/target/test-dir/MiniOzoneClusterImpl-cb4c4217-15c8-435f-b543-7039f65985cb/datanode-1/data/ratis/e8407a01-92f7-465a-b4d7-84efe7d30268: created new log segment /workdir/hadoop-ozone/ozonefs/target/test-dir/MiniOzoneClusterImpl-cb4c4217-15c8-435f-b543-7039f65985cb/datanode-1/data/ratis/e8407a01-92f7-465a-b4d7-84efe7d30268/current/log_inprogress_0
2019-09-20 14:16:10,260 | INFO  | SCMAudit | user=jenkins1000 | ip=192.168.36.99 | op=SEND_HEARTBEAT {datanodeUUID=1bb2a9a8-5a93-4a9a-be35-605f45f451b0, command=[]} | ret=SUCCESS |  
2019-09-20 14:16:10,568 [Thread-538] INFO  ozoneimpl.OzoneContainer (OzoneContainer.java:stop(199)) - Attempting to stop container services.
2019-09-20 14:16:10,569 [ForkJoinPool.commonPool-worker-0] INFO  ozoneimpl.OzoneContainer (OzoneContainer.java:stop(199)) - Attempting to stop container services.
2019-09-20 14:16:10,569 [Thread-538] INFO  impl.RaftServerProxy (RaftServerProxy.java:lambda$close$4(314)) - a9487f91-7da9-40bc-a63a-438d36035868: close
2019-09-20 14:16:10,569 [ForkJoinPool.commonPool-worker-0] INFO  impl.RaftServerProxy (RaftServerProxy.java:lambda$close$4(314)) - c39a907f-67e2-4a2b-96b7-2c2d3aca2dd1: close
2019-09-20 14:16:10,570 [Thread-538] INFO  impl.RaftServerImpl (RaftServerImpl.java:lambda$shutdown$3(245)) - a9487f91-7da9-40bc-a63a-438d36035868: shutdown group-9E23107407D8
2019-09-20 14:16:10,570 [ForkJoinPool.commonPool-worker-0] INFO  impl.RaftServerImpl (RaftServerImpl.java:lambda$shutdown$3(245)) - c39a907f-67e2-4a2b-96b7-2c2d3aca2dd1: shutdown group-CBC889B4FF75
2019-09-20 14:16:10,570 [Thread-538] INFO  util.JmxRegister (JmxRegister.java:unregister(73)) - Successfully un-registered JMX Bean with object name Ratis:service=RaftServer,group=group-9E23107407D8,id=a9487f91-7da9-40bc-a63a-438d36035868
2019-09-20 14:16:10,571 [ForkJoinPool.commonPool-worker-0] INFO  util.JmxRegister (JmxRegister.java:unregister(73)) - Successfully un-registered JMX Bean with object name Ratis:service=RaftServer,group=group-CBC889B4FF75,id=c39a907f-67e2-4a2b-96b7-2c2d3aca2dd1
2019-09-20 14:16:10,571 [Thread-538] INFO  impl.RoleInfo (RoleInfo.java:shutdownLeaderState(104)) - a9487f91-7da9-40bc-a63a-438d36035868: shutdown LeaderState
2019-09-20 14:16:10,571 [ForkJoinPool.commonPool-worker-0] INFO  impl.RoleInfo (RoleInfo.java:shutdownLeaderState(104)) - c39a907f-67e2-4a2b-96b7-2c2d3aca2dd1: shutdown LeaderState
2019-09-20 14:16:10,572 [Thread-538] INFO  impl.PendingRequests (PendingRequests.java:sendNotLeaderResponses(202)) - a9487f91-7da9-40bc-a63a-438d36035868-PendingRequests: sendNotLeaderResponses
2019-09-20 14:16:10,572 [ForkJoinPool.commonPool-worker-0] INFO  impl.PendingRequests (PendingRequests.java:sendNotLeaderResponses(202)) - c39a907f-67e2-4a2b-96b7-2c2d3aca2dd1-PendingRequests: sendNotLeaderResponses
2019-09-20 14:16:10,572 [Thread-538] INFO  impl.StateMachineUpdater (StateMachineUpdater.java:stopAndJoin(115)) - StateMachineUpdater:a9487f91-7da9-40bc-a63a-438d36035868:group-9E23107407D8: set stopIndex = 0
2019-09-20 14:16:10,573 [ForkJoinPool.commonPool-worker-0] INFO  impl.StateMachineUpdater (StateMachineUpdater.java:stopAndJoin(115)) - StateMachineUpdater:c39a907f-67e2-4a2b-96b7-2c2d3aca2dd1:group-CBC889B4FF75: set stopIndex = 0
2019-09-20 14:16:10,573 [Thread-538] INFO  impl.RaftServerImpl (ServerState.java:close(394)) - a9487f91-7da9-40bc-a63a-438d36035868:group-9E23107407D8 closes. The last applied log index is 0
2019-09-20 14:16:10,574 [ForkJoinPool.commonPool-worker-0] INFO  impl.RaftServerImpl (ServerState.java:close(394)) - c39a907f-67e2-4a2b-96b7-2c2d3aca2dd1:group-CBC889B4FF75 closes. The last applied log index is 0
2019-09-20 14:16:10,574 [a9487f91-7da9-40bc-a63a-438d36035868-SegmentedRaftLogWorker:Storage Directory /workdir/hadoop-ozone/ozonefs/target/test-dir/MiniOzoneClusterImpl-cb4c4217-15c8-435f-b543-7039f65985cb/datanode-1/data/ratis/0c0c6e78-691d-4f82-9fe0-9e23107407d8] INFO  segmented.SegmentedRaftLogWorker (SegmentedRaftLogWorker.java:run(313)) - a9487f91-7da9-40bc-a63a-438d36035868-SegmentedRaftLogWorker:Storage Directory /workdir/hadoop-ozone/ozonefs/target/test-dir/MiniOzoneClusterImpl-cb4c4217-15c8-435f-b543-7039f65985cb/datanode-1/data/ratis/0c0c6e78-691d-4f82-9fe0-9e23107407d8 was interrupted, exiting. There are 0 tasks remaining in the queue.
2019-09-20 14:16:10,574 [c39a907f-67e2-4a2b-96b7-2c2d3aca2dd1-SegmentedRaftLogWorker:Storage Directory /workdir/hadoop-ozone/ozonefs/target/test-dir/MiniOzoneClusterImpl-cb4c4217-15c8-435f-b543-7039f65985cb/datanode-0/data/ratis/7b197210-7e8b-450c-8076-cbc889b4ff75] INFO  segmented.SegmentedRaftLogWorker (SegmentedRaftLogWorker.java:run(313)) - c39a907f-67e2-4a2b-96b7-2c2d3aca2dd1-SegmentedRaftLogWorker:Storage Directory /workdir/hadoop-ozone/ozonefs/target/test-dir/MiniOzoneClusterImpl-cb4c4217-15c8-435f-b543-7039f65985cb/datanode-0/data/ratis/7b197210-7e8b-450c-8076-cbc889b4ff75 was interrupted, exiting. There are 0 tasks remaining in the queue.
2019-09-20 14:16:10,575 [Thread-538] INFO  segmented.SegmentedRaftLogWorker (SegmentedRaftLogWorker.java:close(228)) - a9487f91-7da9-40bc-a63a-438d36035868-SegmentedRaftLogWorker:Storage Directory /workdir/hadoop-ozone/ozonefs/target/test-dir/MiniOzoneClusterImpl-cb4c4217-15c8-435f-b543-7039f65985cb/datanode-1/data/ratis/0c0c6e78-691d-4f82-9fe0-9e23107407d8 close()
2019-09-20 14:16:10,575 [ForkJoinPool.commonPool-worker-0] INFO  segmented.SegmentedRaftLogWorker (SegmentedRaftLogWorker.java:close(228)) - c39a907f-67e2-4a2b-96b7-2c2d3aca2dd1-SegmentedRaftLogWorker:Storage Directory /workdir/hadoop-ozone/ozonefs/target/test-dir/MiniOzoneClusterImpl-cb4c4217-15c8-435f-b543-7039f65985cb/datanode-0/data/ratis/7b197210-7e8b-450c-8076-cbc889b4ff75 close()
2019-09-20 14:16:10,577 [Thread-538] INFO  impl.RaftServerImpl (RaftServerImpl.java:lambda$shutdown$3(245)) - a9487f91-7da9-40bc-a63a-438d36035868: shutdown group-E47D4E3B5DAF
2019-09-20 14:16:10,579 [ForkJoinPool.commonPool-worker-0] INFO  impl.RaftServerImpl (RaftServerImpl.java:lambda$shutdown$3(245)) - c39a907f-67e2-4a2b-96b7-2c2d3aca2dd1: shutdown group-370C7C948F8E
2019-09-20 14:16:10,579 [Thread-538] INFO  util.JmxRegister (JmxRegister.java:unregister(73)) - Successfully un-registered JMX Bean with object name Ratis:service=RaftServer,group=group-E47D4E3B5DAF,id=a9487f91-7da9-40bc-a63a-438d36035868
2019-09-20 14:16:10,579 [ForkJoinPool.commonPool-worker-0] INFO  util.JmxRegister (JmxRegister.java:unregister(73)) - Successfully un-registered JMX Bean with object name Ratis:service=RaftServer,group=group-370C7C948F8E,id=c39a907f-67e2-4a2b-96b7-2c2d3aca2dd1
2019-09-20 14:16:10,580 [Thread-538] INFO  impl.RoleInfo (RoleInfo.java:shutdownLeaderState(104)) - a9487f91-7da9-40bc-a63a-438d36035868: shutdown LeaderState
2019-09-20 14:16:10,580 [ForkJoinPool.commonPool-worker-0] INFO  impl.RoleInfo (RoleInfo.java:shutdownLeaderState(104)) - c39a907f-67e2-4a2b-96b7-2c2d3aca2dd1: shutdown LeaderState
2019-09-20 14:16:10,581 [Thread-538] INFO  impl.PendingRequests (PendingRequests.java:sendNotLeaderResponses(202)) - a9487f91-7da9-40bc-a63a-438d36035868-PendingRequests: sendNotLeaderResponses
2019-09-20 14:16:10,581 [ForkJoinPool.commonPool-worker-0] INFO  impl.PendingRequests (PendingRequests.java:sendNotLeaderResponses(202)) - c39a907f-67e2-4a2b-96b7-2c2d3aca2dd1-PendingRequests: sendNotLeaderResponses
2019-09-20 14:16:10,581 [Thread-538] INFO  impl.StateMachineUpdater (StateMachineUpdater.java:stopAndJoin(115)) - StateMachineUpdater:a9487f91-7da9-40bc-a63a-438d36035868:group-E47D4E3B5DAF: set stopIndex = 0
2019-09-20 14:16:10,582 [ForkJoinPool.commonPool-worker-0] INFO  impl.StateMachineUpdater (StateMachineUpdater.java:stopAndJoin(115)) - StateMachineUpdater:c39a907f-67e2-4a2b-96b7-2c2d3aca2dd1:group-370C7C948F8E: set stopIndex = 0
2019-09-20 14:16:10,582 [Thread-538] INFO  impl.RaftServerImpl (ServerState.java:close(394)) - a9487f91-7da9-40bc-a63a-438d36035868:group-E47D4E3B5DAF closes. The last applied log index is 0
2019-09-20 14:16:10,582 [ForkJoinPool.commonPool-worker-0] INFO  impl.RaftServerImpl (ServerState.java:close(394)) - c39a907f-67e2-4a2b-96b7-2c2d3aca2dd1:group-370C7C948F8E closes. The last applied log index is 0
2019-09-20 14:16:10,583 [a9487f91-7da9-40bc-a63a-438d36035868-SegmentedRaftLogWorker:Storage Directory /workdir/hadoop-ozone/ozonefs/target/test-dir/MiniOzoneClusterImpl-cb4c4217-15c8-435f-b543-7039f65985cb/datanode-1/data/ratis/88669020-8cd8-4408-927a-e47d4e3b5daf] INFO  segmented.SegmentedRaftLogWorker (SegmentedRaftLogWorker.java:run(313)) - a9487f91-7da9-40bc-a63a-438d36035868-SegmentedRaftLogWorker:Storage Directory /workdir/hadoop-ozone/ozonefs/target/test-dir/MiniOzoneClusterImpl-cb4c4217-15c8-435f-b543-7039f65985cb/datanode-1/data/ratis/88669020-8cd8-4408-927a-e47d4e3b5daf was interrupted, exiting. There are 0 tasks remaining in the queue.
2019-09-20 14:16:10,583 [c39a907f-67e2-4a2b-96b7-2c2d3aca2dd1-SegmentedRaftLogWorker:Storage Directory /workdir/hadoop-ozone/ozonefs/target/test-dir/MiniOzoneClusterImpl-cb4c4217-15c8-435f-b543-7039f65985cb/datanode-0/data/ratis/cbd3c622-75e5-4419-be49-370c7c948f8e] INFO  segmented.SegmentedRaftLogWorker (SegmentedRaftLogWorker.java:run(313)) - c39a907f-67e2-4a2b-96b7-2c2d3aca2dd1-SegmentedRaftLogWorker:Storage Directory /workdir/hadoop-ozone/ozonefs/target/test-dir/MiniOzoneClusterImpl-cb4c4217-15c8-435f-b543-7039f65985cb/datanode-0/data/ratis/cbd3c622-75e5-4419-be49-370c7c948f8e was interrupted, exiting. There are 0 tasks remaining in the queue.
2019-09-20 14:16:10,583 [Thread-538] INFO  segmented.SegmentedRaftLogWorker (SegmentedRaftLogWorker.java:close(228)) - a9487f91-7da9-40bc-a63a-438d36035868-SegmentedRaftLogWorker:Storage Directory /workdir/hadoop-ozone/ozonefs/target/test-dir/MiniOzoneClusterImpl-cb4c4217-15c8-435f-b543-7039f65985cb/datanode-1/data/ratis/88669020-8cd8-4408-927a-e47d4e3b5daf close()
2019-09-20 14:16:10,583 [ForkJoinPool.commonPool-worker-0] INFO  segmented.SegmentedRaftLogWorker (SegmentedRaftLogWorker.java:close(228)) - c39a907f-67e2-4a2b-96b7-2c2d3aca2dd1-SegmentedRaftLogWorker:Storage Directory /workdir/hadoop-ozone/ozonefs/target/test-dir/MiniOzoneClusterImpl-cb4c4217-15c8-435f-b543-7039f65985cb/datanode-0/data/ratis/cbd3c622-75e5-4419-be49-370c7c948f8e close()
2019-09-20 14:16:10,585 [Thread-538] INFO  impl.RaftServerImpl (RaftServerImpl.java:lambda$shutdown$3(245)) - a9487f91-7da9-40bc-a63a-438d36035868: shutdown group-E163E8060D31
2019-09-20 14:16:10,586 [ForkJoinPool.commonPool-worker-0] INFO  impl.RaftServerImpl (RaftServerImpl.java:lambda$shutdown$3(245)) - c39a907f-67e2-4a2b-96b7-2c2d3aca2dd1: shutdown group-07C2C3C447EE
2019-09-20 14:16:10,586 [Thread-538] INFO  util.JmxRegister (JmxRegister.java:unregister(73)) - Successfully un-registered JMX Bean with object name Ratis:service=RaftServer,group=group-E163E8060D31,id=a9487f91-7da9-40bc-a63a-438d36035868
2019-09-20 14:16:10,587 [ForkJoinPool.commonPool-worker-0] INFO  util.JmxRegister (JmxRegister.java:unregister(73)) - Successfully un-registered JMX Bean with object name Ratis:service=RaftServer,group=group-07C2C3C447EE,id=c39a907f-67e2-4a2b-96b7-2c2d3aca2dd1
2019-09-20 14:16:10,587 [ForkJoinPool.commonPool-worker-0] INFO  impl.RoleInfo (RoleInfo.java:shutdownLeaderState(104)) - c39a907f-67e2-4a2b-96b7-2c2d3aca2dd1: shutdown LeaderState
2019-09-20 14:16:10,587 [Thread-538] INFO  impl.RoleInfo (RoleInfo.java:shutdownLeaderState(104)) - a9487f91-7da9-40bc-a63a-438d36035868: shutdown LeaderState
2019-09-20 14:16:10,588 [ForkJoinPool.commonPool-worker-0] INFO  impl.PendingRequests (PendingRequests.java:sendNotLeaderResponses(202)) - c39a907f-67e2-4a2b-96b7-2c2d3aca2dd1-PendingRequests: sendNotLeaderResponses
2019-09-20 14:16:10,588 [Thread-538] INFO  impl.PendingRequests (PendingRequests.java:sendNotLeaderResponses(202)) - a9487f91-7da9-40bc-a63a-438d36035868-PendingRequests: sendNotLeaderResponses
2019-09-20 14:16:10,589 [ForkJoinPool.commonPool-worker-0] INFO  impl.StateMachineUpdater (StateMachineUpdater.java:stopAndJoin(115)) - StateMachineUpdater:c39a907f-67e2-4a2b-96b7-2c2d3aca2dd1:group-07C2C3C447EE: set stopIndex = 0
2019-09-20 14:16:10,589 [Thread-538] INFO  impl.StateMachineUpdater (StateMachineUpdater.java:stopAndJoin(115)) - StateMachineUpdater:a9487f91-7da9-40bc-a63a-438d36035868:group-E163E8060D31: set stopIndex = 0
2019-09-20 14:16:10,589 [ForkJoinPool.commonPool-worker-0] INFO  impl.RaftServerImpl (ServerState.java:close(394)) - c39a907f-67e2-4a2b-96b7-2c2d3aca2dd1:group-07C2C3C447EE closes. The last applied log index is 0
2019-09-20 14:16:10,590 [Thread-538] INFO  impl.RaftServerImpl (ServerState.java:close(394)) - a9487f91-7da9-40bc-a63a-438d36035868:group-E163E8060D31 closes. The last applied log index is 0
2019-09-20 14:16:10,590 [c39a907f-67e2-4a2b-96b7-2c2d3aca2dd1-SegmentedRaftLogWorker:Storage Directory /workdir/hadoop-ozone/ozonefs/target/test-dir/MiniOzoneClusterImpl-cb4c4217-15c8-435f-b543-7039f65985cb/datanode-0/data/ratis/93004956-ad28-44c5-a97b-07c2c3c447ee] INFO  segmented.SegmentedRaftLogWorker (SegmentedRaftLogWorker.java:run(313)) - c39a907f-67e2-4a2b-96b7-2c2d3aca2dd1-SegmentedRaftLogWorker:Storage Directory /workdir/hadoop-ozone/ozonefs/target/test-dir/MiniOzoneClusterImpl-cb4c4217-15c8-435f-b543-7039f65985cb/datanode-0/data/ratis/93004956-ad28-44c5-a97b-07c2c3c447ee was interrupted, exiting. There are 0 tasks remaining in the queue.
2019-09-20 14:16:10,591 [a9487f91-7da9-40bc-a63a-438d36035868-SegmentedRaftLogWorker:Storage Directory /workdir/hadoop-ozone/ozonefs/target/test-dir/MiniOzoneClusterImpl-cb4c4217-15c8-435f-b543-7039f65985cb/datanode-1/data/ratis/8a5e392f-a174-4582-8873-e163e8060d31] INFO  segmented.SegmentedRaftLogWorker (SegmentedRaftLogWorker.java:run(313)) - a9487f91-7da9-40bc-a63a-438d36035868-SegmentedRaftLogWorker:Storage Directory /workdir/hadoop-ozone/ozonefs/target/test-dir/MiniOzoneClusterImpl-cb4c4217-15c8-435f-b543-7039f65985cb/datanode-1/data/ratis/8a5e392f-a174-4582-8873-e163e8060d31 was interrupted, exiting. There are 0 tasks remaining in the queue.
2019-09-20 14:16:10,591 [ForkJoinPool.commonPool-worker-0] INFO  segmented.SegmentedRaftLogWorker (SegmentedRaftLogWorker.java:close(228)) - c39a907f-67e2-4a2b-96b7-2c2d3aca2dd1-SegmentedRaftLogWorker:Storage Directory /workdir/hadoop-ozone/ozonefs/target/test-dir/MiniOzoneClusterImpl-cb4c4217-15c8-435f-b543-7039f65985cb/datanode-0/data/ratis/93004956-ad28-44c5-a97b-07c2c3c447ee close()
2019-09-20 14:16:10,591 [Thread-538] INFO  segmented.SegmentedRaftLogWorker (SegmentedRaftLogWorker.java:close(228)) - a9487f91-7da9-40bc-a63a-438d36035868-SegmentedRaftLogWorker:Storage Directory /workdir/hadoop-ozone/ozonefs/target/test-dir/MiniOzoneClusterImpl-cb4c4217-15c8-435f-b543-7039f65985cb/datanode-1/data/ratis/8a5e392f-a174-4582-8873-e163e8060d31 close()
2019-09-20 14:16:10,592 [ForkJoinPool.commonPool-worker-0] INFO  impl.RaftServerImpl (RaftServerImpl.java:lambda$shutdown$3(245)) - c39a907f-67e2-4a2b-96b7-2c2d3aca2dd1: shutdown group-B5FA805EACA1
2019-09-20 14:16:10,594 [Thread-538] INFO  impl.RaftServerImpl (RaftServerImpl.java:lambda$shutdown$3(245)) - a9487f91-7da9-40bc-a63a-438d36035868: shutdown group-58F281C2E506
2019-09-20 14:16:10,594 [ForkJoinPool.commonPool-worker-0] INFO  util.JmxRegister (JmxRegister.java:unregister(73)) - Successfully un-registered JMX Bean with object name Ratis:service=RaftServer,group=group-B5FA805EACA1,id=c39a907f-67e2-4a2b-96b7-2c2d3aca2dd1
2019-09-20 14:16:10,595 [Thread-538] INFO  util.JmxRegister (JmxRegister.java:unregister(73)) - Successfully un-registered JMX Bean with object name Ratis:service=RaftServer,group=group-58F281C2E506,id=a9487f91-7da9-40bc-a63a-438d36035868
2019-09-20 14:16:10,595 [Thread-538] INFO  impl.RoleInfo (RoleInfo.java:shutdownLeaderState(104)) - a9487f91-7da9-40bc-a63a-438d36035868: shutdown LeaderState
2019-09-20 14:16:10,595 [ForkJoinPool.commonPool-worker-0] INFO  impl.RoleInfo (RoleInfo.java:shutdownLeaderState(104)) - c39a907f-67e2-4a2b-96b7-2c2d3aca2dd1: shutdown LeaderState
2019-09-20 14:16:10,596 [Thread-538] INFO  impl.PendingRequests (PendingRequests.java:sendNotLeaderResponses(202)) - a9487f91-7da9-40bc-a63a-438d36035868-PendingRequests: sendNotLeaderResponses
2019-09-20 14:16:10,596 [ForkJoinPool.commonPool-worker-0] INFO  impl.PendingRequests (PendingRequests.java:sendNotLeaderResponses(202)) - c39a907f-67e2-4a2b-96b7-2c2d3aca2dd1-PendingRequests: sendNotLeaderResponses
2019-09-20 14:16:10,596 [Thread-538] INFO  impl.StateMachineUpdater (StateMachineUpdater.java:stopAndJoin(115)) - StateMachineUpdater:a9487f91-7da9-40bc-a63a-438d36035868:group-58F281C2E506: set stopIndex = 0
2019-09-20 14:16:10,597 [ForkJoinPool.commonPool-worker-0] INFO  impl.StateMachineUpdater (StateMachineUpdater.java:stopAndJoin(115)) - StateMachineUpdater:c39a907f-67e2-4a2b-96b7-2c2d3aca2dd1:group-B5FA805EACA1: set stopIndex = 0
2019-09-20 14:16:10,597 [Thread-538] INFO  impl.RaftServerImpl (ServerState.java:close(394)) - a9487f91-7da9-40bc-a63a-438d36035868:group-58F281C2E506 closes. The last applied log index is 0
2019-09-20 14:16:10,597 [ForkJoinPool.commonPool-worker-0] INFO  impl.RaftServerImpl (ServerState.java:close(394)) - c39a907f-67e2-4a2b-96b7-2c2d3aca2dd1:group-B5FA805EACA1 closes. The last applied log index is 0
2019-09-20 14:16:10,598 [a9487f91-7da9-40bc-a63a-438d36035868-SegmentedRaftLogWorker:Storage Directory /workdir/hadoop-ozone/ozonefs/target/test-dir/MiniOzoneClusterImpl-cb4c4217-15c8-435f-b543-7039f65985cb/datanode-1/data/ratis/a0affa03-d077-4f45-be98-58f281c2e506] INFO  segmented.SegmentedRaftLogWorker (SegmentedRaftLogWorker.java:run(313)) - a9487f91-7da9-40bc-a63a-438d36035868-SegmentedRaftLogWorker:Storage Directory /workdir/hadoop-ozone/ozonefs/target/test-dir/MiniOzoneClusterImpl-cb4c4217-15c8-435f-b543-7039f65985cb/datanode-1/data/ratis/a0affa03-d077-4f45-be98-58f281c2e506 was interrupted, exiting. There are 0 tasks remaining in the queue.
2019-09-20 14:16:10,598 [c39a907f-67e2-4a2b-96b7-2c2d3aca2dd1-SegmentedRaftLogWorker:Storage Directory /workdir/hadoop-ozone/ozonefs/target/test-dir/MiniOzoneClusterImpl-cb4c4217-15c8-435f-b543-7039f65985cb/datanode-0/data/ratis/c50a71e7-8184-45c8-a9fe-b5fa805eaca1] INFO  segmented.SegmentedRaftLogWorker (SegmentedRaftLogWorker.java:run(313)) - c39a907f-67e2-4a2b-96b7-2c2d3aca2dd1-SegmentedRaftLogWorker:Storage Directory /workdir/hadoop-ozone/ozonefs/target/test-dir/MiniOzoneClusterImpl-cb4c4217-15c8-435f-b543-7039f65985cb/datanode-0/data/ratis/c50a71e7-8184-45c8-a9fe-b5fa805eaca1 was interrupted, exiting. There are 0 tasks remaining in the queue.
2019-09-20 14:16:10,598 [Thread-538] INFO  segmented.SegmentedRaftLogWorker (SegmentedRaftLogWorker.java:close(228)) - a9487f91-7da9-40bc-a63a-438d36035868-SegmentedRaftLogWorker:Storage Directory /workdir/hadoop-ozone/ozonefs/target/test-dir/MiniOzoneClusterImpl-cb4c4217-15c8-435f-b543-7039f65985cb/datanode-1/data/ratis/a0affa03-d077-4f45-be98-58f281c2e506 close()
2019-09-20 14:16:10,599 [ForkJoinPool.commonPool-worker-0] INFO  segmented.SegmentedRaftLogWorker (SegmentedRaftLogWorker.java:close(228)) - c39a907f-67e2-4a2b-96b7-2c2d3aca2dd1-SegmentedRaftLogWorker:Storage Directory /workdir/hadoop-ozone/ozonefs/target/test-dir/MiniOzoneClusterImpl-cb4c4217-15c8-435f-b543-7039f65985cb/datanode-0/data/ratis/c50a71e7-8184-45c8-a9fe-b5fa805eaca1 close()
2019-09-20 14:16:10,600 [Thread-538] INFO  impl.RaftServerImpl (RaftServerImpl.java:lambda$shutdown$3(245)) - a9487f91-7da9-40bc-a63a-438d36035868: shutdown group-10BE75424EAA
2019-09-20 14:16:10,602 [ForkJoinPool.commonPool-worker-0] INFO  impl.RaftServerImpl (RaftServerImpl.java:lambda$shutdown$3(245)) - c39a907f-67e2-4a2b-96b7-2c2d3aca2dd1: shutdown group-22E53EA8B7F1
2019-09-20 14:16:10,602 [Thread-538] INFO  util.JmxRegister (JmxRegister.java:unregister(73)) - Successfully un-registered JMX Bean with object name Ratis:service=RaftServer,group=group-10BE75424EAA,id=a9487f91-7da9-40bc-a63a-438d36035868
2019-09-20 14:16:10,602 [Thread-538] INFO  impl.RoleInfo (RoleInfo.java:shutdownLeaderState(104)) - a9487f91-7da9-40bc-a63a-438d36035868: shutdown LeaderState
2019-09-20 14:16:10,602 [ForkJoinPool.commonPool-worker-0] INFO  util.JmxRegister (JmxRegister.java:unregister(73)) - Successfully un-registered JMX Bean with object name Ratis:service=RaftServer,group=group-22E53EA8B7F1,id=c39a907f-67e2-4a2b-96b7-2c2d3aca2dd1
2019-09-20 14:16:10,603 [Thread-538] INFO  impl.PendingRequests (PendingRequests.java:sendNotLeaderResponses(202)) - a9487f91-7da9-40bc-a63a-438d36035868-PendingRequests: sendNotLeaderResponses
2019-09-20 14:16:10,603 [ForkJoinPool.commonPool-worker-0] INFO  impl.RoleInfo (RoleInfo.java:shutdownLeaderState(104)) - c39a907f-67e2-4a2b-96b7-2c2d3aca2dd1: shutdown LeaderState
2019-09-20 14:16:10,604 [Thread-538] INFO  impl.StateMachineUpdater (StateMachineUpdater.java:stopAndJoin(115)) - StateMachineUpdater:a9487f91-7da9-40bc-a63a-438d36035868:group-10BE75424EAA: set stopIndex = 0
2019-09-20 14:16:10,604 [ForkJoinPool.commonPool-worker-0] INFO  impl.PendingRequests (PendingRequests.java:sendNotLeaderResponses(202)) - c39a907f-67e2-4a2b-96b7-2c2d3aca2dd1-PendingRequests: sendNotLeaderResponses
2019-09-20 14:16:10,604 [Thread-538] INFO  impl.RaftServerImpl (ServerState.java:close(394)) - a9487f91-7da9-40bc-a63a-438d36035868:group-10BE75424EAA closes. The last applied log index is 0
2019-09-20 14:16:10,604 [ForkJoinPool.commonPool-worker-0] INFO  impl.StateMachineUpdater (StateMachineUpdater.java:stopAndJoin(115)) - StateMachineUpdater:c39a907f-67e2-4a2b-96b7-2c2d3aca2dd1:group-22E53EA8B7F1: set stopIndex = 0
2019-09-20 14:16:10,605 [a9487f91-7da9-40bc-a63a-438d36035868-SegmentedRaftLogWorker:Storage Directory /workdir/hadoop-ozone/ozonefs/target/test-dir/MiniOzoneClusterImpl-cb4c4217-15c8-435f-b543-7039f65985cb/datanode-1/data/ratis/f07e9860-ecd2-4714-92b4-10be75424eaa] INFO  segmented.SegmentedRaftLogWorker (SegmentedRaftLogWorker.java:run(313)) - a9487f91-7da9-40bc-a63a-438d36035868-SegmentedRaftLogWorker:Storage Directory /workdir/hadoop-ozone/ozonefs/target/test-dir/MiniOzoneClusterImpl-cb4c4217-15c8-435f-b543-7039f65985cb/datanode-1/data/ratis/f07e9860-ecd2-4714-92b4-10be75424eaa was interrupted, exiting. There are 0 tasks remaining in the queue.
2019-09-20 14:16:10,605 [ForkJoinPool.commonPool-worker-0] INFO  impl.RaftServerImpl (ServerState.java:close(394)) - c39a907f-67e2-4a2b-96b7-2c2d3aca2dd1:group-22E53EA8B7F1 closes. The last applied log index is 0
2019-09-20 14:16:10,605 [Thread-538] INFO  segmented.SegmentedRaftLogWorker (SegmentedRaftLogWorker.java:close(228)) - a9487f91-7da9-40bc-a63a-438d36035868-SegmentedRaftLogWorker:Storage Directory /workdir/hadoop-ozone/ozonefs/target/test-dir/MiniOzoneClusterImpl-cb4c4217-15c8-435f-b543-7039f65985cb/datanode-1/data/ratis/f07e9860-ecd2-4714-92b4-10be75424eaa close()
2019-09-20 14:16:10,606 [c39a907f-67e2-4a2b-96b7-2c2d3aca2dd1-SegmentedRaftLogWorker:Storage Directory /workdir/hadoop-ozone/ozonefs/target/test-dir/MiniOzoneClusterImpl-cb4c4217-15c8-435f-b543-7039f65985cb/datanode-0/data/ratis/4ec9894a-5f13-44f9-a8ee-22e53ea8b7f1] INFO  segmented.SegmentedRaftLogWorker (SegmentedRaftLogWorker.java:run(313)) - c39a907f-67e2-4a2b-96b7-2c2d3aca2dd1-SegmentedRaftLogWorker:Storage Directory /workdir/hadoop-ozone/ozonefs/target/test-dir/MiniOzoneClusterImpl-cb4c4217-15c8-435f-b543-7039f65985cb/datanode-0/data/ratis/4ec9894a-5f13-44f9-a8ee-22e53ea8b7f1 was interrupted, exiting. There are 0 tasks remaining in the queue.
2019-09-20 14:16:10,607 [Thread-538] INFO  impl.RaftServerImpl (RaftServerImpl.java:lambda$shutdown$3(245)) - a9487f91-7da9-40bc-a63a-438d36035868: shutdown group-84EFE7D30268
2019-09-20 14:16:10,607 [ForkJoinPool.commonPool-worker-0] INFO  segmented.SegmentedRaftLogWorker (SegmentedRaftLogWorker.java:close(228)) - c39a907f-67e2-4a2b-96b7-2c2d3aca2dd1-SegmentedRaftLogWorker:Storage Directory /workdir/hadoop-ozone/ozonefs/target/test-dir/MiniOzoneClusterImpl-cb4c4217-15c8-435f-b543-7039f65985cb/datanode-0/data/ratis/4ec9894a-5f13-44f9-a8ee-22e53ea8b7f1 close()
2019-09-20 14:16:10,608 [Thread-538] INFO  util.JmxRegister (JmxRegister.java:unregister(73)) - Successfully un-registered JMX Bean with object name Ratis:service=RaftServer,group=group-84EFE7D30268,id=a9487f91-7da9-40bc-a63a-438d36035868
2019-09-20 14:16:10,609 [ForkJoinPool.commonPool-worker-0] INFO  impl.RaftServerImpl (RaftServerImpl.java:lambda$shutdown$3(245)) - c39a907f-67e2-4a2b-96b7-2c2d3aca2dd1: shutdown group-C4785DDB134C
2019-09-20 14:16:10,609 [Thread-538] INFO  impl.RoleInfo (RoleInfo.java:shutdownLeaderState(104)) - a9487f91-7da9-40bc-a63a-438d36035868: shutdown LeaderState
2019-09-20 14:16:10,610 [ForkJoinPool.commonPool-worker-0] INFO  util.JmxRegister (JmxRegister.java:unregister(73)) - Successfully un-registered JMX Bean with object name Ratis:service=RaftServer,group=group-C4785DDB134C,id=c39a907f-67e2-4a2b-96b7-2c2d3aca2dd1
2019-09-20 14:16:10,610 [ForkJoinPool.commonPool-worker-0] INFO  impl.RoleInfo (RoleInfo.java:shutdownLeaderState(104)) - c39a907f-67e2-4a2b-96b7-2c2d3aca2dd1: shutdown LeaderState
2019-09-20 14:16:10,610 [Thread-538] INFO  impl.PendingRequests (PendingRequests.java:sendNotLeaderResponses(202)) - a9487f91-7da9-40bc-a63a-438d36035868-PendingRequests: sendNotLeaderResponses
2019-09-20 14:16:10,611 [ForkJoinPool.commonPool-worker-0] INFO  impl.PendingRequests (PendingRequests.java:sendNotLeaderResponses(202)) - c39a907f-67e2-4a2b-96b7-2c2d3aca2dd1-PendingRequests: sendNotLeaderResponses
2019-09-20 14:16:10,611 [Thread-538] INFO  impl.StateMachineUpdater (StateMachineUpdater.java:stopAndJoin(115)) - StateMachineUpdater:a9487f91-7da9-40bc-a63a-438d36035868:group-84EFE7D30268: set stopIndex = 0
2019-09-20 14:16:10,611 [ForkJoinPool.commonPool-worker-0] INFO  impl.StateMachineUpdater (StateMachineUpdater.java:stopAndJoin(115)) - StateMachineUpdater:c39a907f-67e2-4a2b-96b7-2c2d3aca2dd1:group-C4785DDB134C: set stopIndex = 0
2019-09-20 14:16:10,612 [ForkJoinPool.commonPool-worker-0] INFO  impl.RaftServerImpl (ServerState.java:close(394)) - c39a907f-67e2-4a2b-96b7-2c2d3aca2dd1:group-C4785DDB134C closes. The last applied log index is 0
2019-09-20 14:16:10,612 [Thread-538] INFO  impl.RaftServerImpl (ServerState.java:close(394)) - a9487f91-7da9-40bc-a63a-438d36035868:group-84EFE7D30268 closes. The last applied log index is 0
2019-09-20 14:16:10,612 [c39a907f-67e2-4a2b-96b7-2c2d3aca2dd1-SegmentedRaftLogWorker:Storage Directory /workdir/hadoop-ozone/ozonefs/target/test-dir/MiniOzoneClusterImpl-cb4c4217-15c8-435f-b543-7039f65985cb/datanode-0/data/ratis/baf7165c-b245-4703-9f7f-c4785ddb134c] INFO  segmented.SegmentedRaftLogWorker (SegmentedRaftLogWorker.java:run(313)) - c39a907f-67e2-4a2b-96b7-2c2d3aca2dd1-SegmentedRaftLogWorker:Storage Directory /workdir/hadoop-ozone/ozonefs/target/test-dir/MiniOzoneClusterImpl-cb4c4217-15c8-435f-b543-7039f65985cb/datanode-0/data/ratis/baf7165c-b245-4703-9f7f-c4785ddb134c was interrupted, exiting. There are 0 tasks remaining in the queue.
2019-09-20 14:16:10,613 [a9487f91-7da9-40bc-a63a-438d36035868-SegmentedRaftLogWorker:Storage Directory /workdir/hadoop-ozone/ozonefs/target/test-dir/MiniOzoneClusterImpl-cb4c4217-15c8-435f-b543-7039f65985cb/datanode-1/data/ratis/e8407a01-92f7-465a-b4d7-84efe7d30268] INFO  segmented.SegmentedRaftLogWorker (SegmentedRaftLogWorker.java:run(313)) - a9487f91-7da9-40bc-a63a-438d36035868-SegmentedRaftLogWorker:Storage Directory /workdir/hadoop-ozone/ozonefs/target/test-dir/MiniOzoneClusterImpl-cb4c4217-15c8-435f-b543-7039f65985cb/datanode-1/data/ratis/e8407a01-92f7-465a-b4d7-84efe7d30268 was interrupted, exiting. There are 0 tasks remaining in the queue.
2019-09-20 14:16:10,613 [ForkJoinPool.commonPool-worker-0] INFO  segmented.SegmentedRaftLogWorker (SegmentedRaftLogWorker.java:close(228)) - c39a907f-67e2-4a2b-96b7-2c2d3aca2dd1-SegmentedRaftLogWorker:Storage Directory /workdir/hadoop-ozone/ozonefs/target/test-dir/MiniOzoneClusterImpl-cb4c4217-15c8-435f-b543-7039f65985cb/datanode-0/data/ratis/baf7165c-b245-4703-9f7f-c4785ddb134c close()
2019-09-20 14:16:10,613 [Thread-538] INFO  segmented.SegmentedRaftLogWorker (SegmentedRaftLogWorker.java:close(228)) - a9487f91-7da9-40bc-a63a-438d36035868-SegmentedRaftLogWorker:Storage Directory /workdir/hadoop-ozone/ozonefs/target/test-dir/MiniOzoneClusterImpl-cb4c4217-15c8-435f-b543-7039f65985cb/datanode-1/data/ratis/e8407a01-92f7-465a-b4d7-84efe7d30268 close()
2019-09-20 14:16:10,614 [ForkJoinPool.commonPool-worker-0] INFO  server.GrpcService (GrpcService.java:closeImpl(155)) - c39a907f-67e2-4a2b-96b7-2c2d3aca2dd1: shutdown server with port 36682 now
2019-09-20 14:16:10,616 [Thread-538] INFO  server.GrpcService (GrpcService.java:closeImpl(155)) - a9487f91-7da9-40bc-a63a-438d36035868: shutdown server with port 41098 now
2019-09-20 14:16:10,617 [ForkJoinPool.commonPool-worker-0] INFO  server.GrpcService (GrpcService.java:closeImpl(163)) - c39a907f-67e2-4a2b-96b7-2c2d3aca2dd1: shutdown server with port 36682 successfully
2019-09-20 14:16:10,618 [Thread-538] INFO  server.GrpcService (GrpcService.java:closeImpl(163)) - a9487f91-7da9-40bc-a63a-438d36035868: shutdown server with port 41098 successfully
2019-09-20 14:16:10,622 [Thread-538] INFO  utils.BackgroundService (BackgroundService.java:shutdown(148)) - Shutting down service BlockDeletingService
2019-09-20 14:16:10,626 [refreshUsed-/workdir/hadoop-ozone/ozonefs/target/test-dir/MiniOzoneClusterImpl-cb4c4217-15c8-435f-b543-7039f65985cb/datanode-1/data/containers] WARN  fs.CachingGetSpaceUsed (CachingGetSpaceUsed.java:run(183)) - Thread Interrupted waiting to refresh disk information: sleep interrupted
2019-09-20 14:16:10,626 [ForkJoinPool.commonPool-worker-0] INFO  utils.BackgroundService (BackgroundService.java:shutdown(148)) - Shutting down service BlockDeletingService
2019-09-20 14:16:10,629 [refreshUsed-/workdir/hadoop-ozone/ozonefs/target/test-dir/MiniOzoneClusterImpl-cb4c4217-15c8-435f-b543-7039f65985cb/datanode-0/data/containers] WARN  fs.CachingGetSpaceUsed (CachingGetSpaceUsed.java:run(183)) - Thread Interrupted waiting to refresh disk information: sleep interrupted
2019-09-20 14:16:10,658 [ForkJoinPool.commonPool-worker-0] INFO  statemachine.DatanodeStateMachine (DatanodeStateMachine.java:stopDaemon(395)) - Ozone container server stopped.
2019-09-20 14:16:10,658 [Thread-538] INFO  statemachine.DatanodeStateMachine (DatanodeStateMachine.java:stopDaemon(395)) - Ozone container server stopped.
2019-09-20 14:16:10,662 [Thread-538] INFO  handler.ContextHandler (ContextHandler.java:doStop(910)) - Stopped o.e.j.w.WebAppContext@1017063f{/,null,UNAVAILABLE}{/hddsDatanode}
2019-09-20 14:16:10,662 [ForkJoinPool.commonPool-worker-0] INFO  handler.ContextHandler (ContextHandler.java:doStop(910)) - Stopped o.e.j.w.WebAppContext@36eaa9eb{/,null,UNAVAILABLE}{/hddsDatanode}
2019-09-20 14:16:10,663 [ForkJoinPool.commonPool-worker-0] INFO  server.AbstractConnector (AbstractConnector.java:doStop(318)) - Stopped ServerConnector@7010e5b4{HTTP/1.1,[http/1.1]}{0.0.0.0:0}
2019-09-20 14:16:10,663 [Thread-538] INFO  server.AbstractConnector (AbstractConnector.java:doStop(318)) - Stopped ServerConnector@40a7de90{HTTP/1.1,[http/1.1]}{0.0.0.0:0}
2019-09-20 14:16:10,664 [ForkJoinPool.commonPool-worker-0] INFO  handler.ContextHandler (ContextHandler.java:doStop(910)) - Stopped o.e.j.s.ServletContextHandler@13e00c97{/static,jar:file:/home/user/.m2/repository/org/apache/hadoop/hadoop-hdds-container-service/0.5.0-SNAPSHOT/hadoop-hdds-container-service-0.5.0-SNAPSHOT.jar!/webapps/static,UNAVAILABLE}
2019-09-20 14:16:10,664 [Thread-538] INFO  handler.ContextHandler (ContextHandler.java:doStop(910)) - Stopped o.e.j.s.ServletContextHandler@46d6cf16{/static,jar:file:/home/user/.m2/repository/org/apache/hadoop/hadoop-hdds-container-service/0.5.0-SNAPSHOT/hadoop-hdds-container-service-0.5.0-SNAPSHOT.jar!/webapps/static,UNAVAILABLE}
2019-09-20 14:16:10,665 [ForkJoinPool.commonPool-worker-0] INFO  handler.ContextHandler (ContextHandler.java:doStop(910)) - Stopped o.e.j.s.ServletContextHandler@1bd1b306{/logs,file:///workdir/hadoop-ozone/ozonefs/target/log,UNAVAILABLE}
2019-09-20 14:16:10,665 [Thread-538] INFO  handler.ContextHandler (ContextHandler.java:doStop(910)) - Stopped o.e.j.s.ServletContextHandler@fc55a7d{/logs,file:///workdir/hadoop-ozone/ozonefs/target/log,UNAVAILABLE}
2019-09-20 14:16:10,666 [ForkJoinPool.commonPool-worker-0] INFO  datanode.ObjectStoreHandler (ObjectStoreHandler.java:close(155)) - Closing ObjectStoreHandler.
2019-09-20 14:16:10,667 [ForkJoinPool.commonPool-worker-0] INFO  ozone.HddsDatanodeService (HddsDatanodeService.java:stop(451)) - Stopped plug-in org.apache.hadoop.ozone.web.OzoneHddsDatanodeService@7cc0afed
2019-09-20 14:16:11,258 [Datanode State Machine Thread - 0] INFO  statemachine.DatanodeStateMachine (DatanodeStateMachine.java:lambda$startDaemon$0(350)) - Ozone container server started.
2019-09-20 14:16:15,668 [ForkJoinPool.commonPool-worker-0] INFO  ozoneimpl.OzoneContainer (OzoneContainer.java:stop(199)) - Attempting to stop container services.
2019-09-20 14:16:15,669 [ForkJoinPool.commonPool-worker-0] INFO  impl.RaftServerProxy (RaftServerProxy.java:lambda$close$4(314)) - 1bb2a9a8-5a93-4a9a-be35-605f45f451b0: close
2019-09-20 14:16:15,669 [ForkJoinPool.commonPool-worker-0] INFO  impl.RaftServerImpl (RaftServerImpl.java:lambda$shutdown$3(245)) - 1bb2a9a8-5a93-4a9a-be35-605f45f451b0: shutdown group-132FA62A4DEC
2019-09-20 14:16:15,669 [ForkJoinPool.commonPool-worker-0] INFO  util.JmxRegister (JmxRegister.java:unregister(73)) - Successfully un-registered JMX Bean with object name Ratis:service=RaftServer,group=group-132FA62A4DEC,id=1bb2a9a8-5a93-4a9a-be35-605f45f451b0
2019-09-20 14:16:15,670 [ForkJoinPool.commonPool-worker-0] INFO  impl.RoleInfo (RoleInfo.java:shutdownLeaderState(104)) - 1bb2a9a8-5a93-4a9a-be35-605f45f451b0: shutdown LeaderState
2019-09-20 14:16:15,670 [ForkJoinPool.commonPool-worker-0] INFO  impl.PendingRequests (PendingRequests.java:sendNotLeaderResponses(202)) - 1bb2a9a8-5a93-4a9a-be35-605f45f451b0-PendingRequests: sendNotLeaderResponses
2019-09-20 14:16:15,671 [ForkJoinPool.commonPool-worker-0] INFO  impl.StateMachineUpdater (StateMachineUpdater.java:stopAndJoin(115)) - StateMachineUpdater:1bb2a9a8-5a93-4a9a-be35-605f45f451b0:group-132FA62A4DEC: set stopIndex = 0
2019-09-20 14:16:15,671 [ForkJoinPool.commonPool-worker-0] INFO  impl.RaftServerImpl (ServerState.java:close(394)) - 1bb2a9a8-5a93-4a9a-be35-605f45f451b0:group-132FA62A4DEC closes. The last applied log index is 0
2019-09-20 14:16:15,671 [1bb2a9a8-5a93-4a9a-be35-605f45f451b0-SegmentedRaftLogWorker:Storage Directory /workdir/hadoop-ozone/ozonefs/target/test-dir/MiniOzoneClusterImpl-cb4c4217-15c8-435f-b543-7039f65985cb/datanode-2/data/ratis/0bf97120-52b7-4985-a416-132fa62a4dec] INFO  segmented.SegmentedRaftLogWorker (SegmentedRaftLogWorker.java:run(313)) - 1bb2a9a8-5a93-4a9a-be35-605f45f451b0-SegmentedRaftLogWorker:Storage Directory /workdir/hadoop-ozone/ozonefs/target/test-dir/MiniOzoneClusterImpl-cb4c4217-15c8-435f-b543-7039f65985cb/datanode-2/data/ratis/0bf97120-52b7-4985-a416-132fa62a4dec was interrupted, exiting. There are 0 tasks remaining in the queue.
2019-09-20 14:16:15,672 [ForkJoinPool.commonPool-worker-0] INFO  segmented.SegmentedRaftLogWorker (SegmentedRaftLogWorker.java:close(228)) - 1bb2a9a8-5a93-4a9a-be35-605f45f451b0-SegmentedRaftLogWorker:Storage Directory /workdir/hadoop-ozone/ozonefs/target/test-dir/MiniOzoneClusterImpl-cb4c4217-15c8-435f-b543-7039f65985cb/datanode-2/data/ratis/0bf97120-52b7-4985-a416-132fa62a4dec close()
2019-09-20 14:16:15,673 [ForkJoinPool.commonPool-worker-0] INFO  impl.RaftServerImpl (RaftServerImpl.java:lambda$shutdown$3(245)) - 1bb2a9a8-5a93-4a9a-be35-605f45f451b0: shutdown group-0E528B2DC573
2019-09-20 14:16:15,673 [ForkJoinPool.commonPool-worker-0] INFO  util.JmxRegister (JmxRegister.java:unregister(73)) - Successfully un-registered JMX Bean with object name Ratis:service=RaftServer,group=group-0E528B2DC573,id=1bb2a9a8-5a93-4a9a-be35-605f45f451b0
2019-09-20 14:16:15,674 [ForkJoinPool.commonPool-worker-0] INFO  impl.RoleInfo (RoleInfo.java:shutdownLeaderState(104)) - 1bb2a9a8-5a93-4a9a-be35-605f45f451b0: shutdown LeaderState
2019-09-20 14:16:15,674 [ForkJoinPool.commonPool-worker-0] INFO  impl.PendingRequests (PendingRequests.java:sendNotLeaderResponses(202)) - 1bb2a9a8-5a93-4a9a-be35-605f45f451b0-PendingRequests: sendNotLeaderResponses
2019-09-20 14:16:15,675 [ForkJoinPool.commonPool-worker-0] INFO  impl.StateMachineUpdater (StateMachineUpdater.java:stopAndJoin(115)) - StateMachineUpdater:1bb2a9a8-5a93-4a9a-be35-605f45f451b0:group-0E528B2DC573: set stopIndex = 0
2019-09-20 14:16:15,675 [ForkJoinPool.commonPool-worker-0] INFO  impl.RaftServerImpl (ServerState.java:close(394)) - 1bb2a9a8-5a93-4a9a-be35-605f45f451b0:group-0E528B2DC573 closes. The last applied log index is 0
2019-09-20 14:16:15,675 [1bb2a9a8-5a93-4a9a-be35-605f45f451b0-SegmentedRaftLogWorker:Storage Directory /workdir/hadoop-ozone/ozonefs/target/test-dir/MiniOzoneClusterImpl-cb4c4217-15c8-435f-b543-7039f65985cb/datanode-2/data/ratis/46f0d42b-1881-49ff-8ddd-0e528b2dc573] INFO  segmented.SegmentedRaftLogWorker (SegmentedRaftLogWorker.java:run(313)) - 1bb2a9a8-5a93-4a9a-be35-605f45f451b0-SegmentedRaftLogWorker:Storage Directory /workdir/hadoop-ozone/ozonefs/target/test-dir/MiniOzoneClusterImpl-cb4c4217-15c8-435f-b543-7039f65985cb/datanode-2/data/ratis/46f0d42b-1881-49ff-8ddd-0e528b2dc573 was interrupted, exiting. There are 0 tasks remaining in the queue.
2019-09-20 14:16:15,676 [ForkJoinPool.commonPool-worker-0] INFO  segmented.SegmentedRaftLogWorker (SegmentedRaftLogWorker.java:close(228)) - 1bb2a9a8-5a93-4a9a-be35-605f45f451b0-SegmentedRaftLogWorker:Storage Directory /workdir/hadoop-ozone/ozonefs/target/test-dir/MiniOzoneClusterImpl-cb4c4217-15c8-435f-b543-7039f65985cb/datanode-2/data/ratis/46f0d42b-1881-49ff-8ddd-0e528b2dc573 close()
2019-09-20 14:16:15,677 [ForkJoinPool.commonPool-worker-0] INFO  impl.RaftServerImpl (RaftServerImpl.java:lambda$shutdown$3(245)) - 1bb2a9a8-5a93-4a9a-be35-605f45f451b0: shutdown group-5841A3609F60
2019-09-20 14:16:15,677 [ForkJoinPool.commonPool-worker-0] INFO  util.JmxRegister (JmxRegister.java:unregister(73)) - Successfully un-registered JMX Bean with object name Ratis:service=RaftServer,group=group-5841A3609F60,id=1bb2a9a8-5a93-4a9a-be35-605f45f451b0
2019-09-20 14:16:15,678 [ForkJoinPool.commonPool-worker-0] INFO  impl.RoleInfo (RoleInfo.java:shutdownLeaderState(104)) - 1bb2a9a8-5a93-4a9a-be35-605f45f451b0: shutdown LeaderState
2019-09-20 14:16:15,678 [ForkJoinPool.commonPool-worker-0] INFO  impl.PendingRequests (PendingRequests.java:sendNotLeaderResponses(202)) - 1bb2a9a8-5a93-4a9a-be35-605f45f451b0-PendingRequests: sendNotLeaderResponses
2019-09-20 14:16:15,678 [ForkJoinPool.commonPool-worker-0] INFO  impl.StateMachineUpdater (StateMachineUpdater.java:stopAndJoin(115)) - StateMachineUpdater:1bb2a9a8-5a93-4a9a-be35-605f45f451b0:group-5841A3609F60: set stopIndex = 0
2019-09-20 14:16:15,679 [ForkJoinPool.commonPool-worker-0] INFO  impl.RaftServerImpl (ServerState.java:close(394)) - 1bb2a9a8-5a93-4a9a-be35-605f45f451b0:group-5841A3609F60 closes. The last applied log index is 0
2019-09-20 14:16:15,679 [1bb2a9a8-5a93-4a9a-be35-605f45f451b0-SegmentedRaftLogWorker:Storage Directory /workdir/hadoop-ozone/ozonefs/target/test-dir/MiniOzoneClusterImpl-cb4c4217-15c8-435f-b543-7039f65985cb/datanode-2/data/ratis/0b758fda-66d8-4ea2-b1f6-5841a3609f60] INFO  segmented.SegmentedRaftLogWorker (SegmentedRaftLogWorker.java:run(313)) - 1bb2a9a8-5a93-4a9a-be35-605f45f451b0-SegmentedRaftLogWorker:Storage Directory /workdir/hadoop-ozone/ozonefs/target/test-dir/MiniOzoneClusterImpl-cb4c4217-15c8-435f-b543-7039f65985cb/datanode-2/data/ratis/0b758fda-66d8-4ea2-b1f6-5841a3609f60 was interrupted, exiting. There are 0 tasks remaining in the queue.
2019-09-20 14:16:15,679 [ForkJoinPool.commonPool-worker-0] INFO  segmented.SegmentedRaftLogWorker (SegmentedRaftLogWorker.java:close(228)) - 1bb2a9a8-5a93-4a9a-be35-605f45f451b0-SegmentedRaftLogWorker:Storage Directory /workdir/hadoop-ozone/ozonefs/target/test-dir/MiniOzoneClusterImpl-cb4c4217-15c8-435f-b543-7039f65985cb/datanode-2/data/ratis/0b758fda-66d8-4ea2-b1f6-5841a3609f60 close()
2019-09-20 14:16:15,681 [ForkJoinPool.commonPool-worker-0] INFO  impl.RaftServerImpl (RaftServerImpl.java:lambda$shutdown$3(245)) - 1bb2a9a8-5a93-4a9a-be35-605f45f451b0: shutdown group-7DA763EAC7BA
2019-09-20 14:16:15,681 [ForkJoinPool.commonPool-worker-0] INFO  util.JmxRegister (JmxRegister.java:unregister(73)) - Successfully un-registered JMX Bean with object name Ratis:service=RaftServer,group=group-7DA763EAC7BA,id=1bb2a9a8-5a93-4a9a-be35-605f45f451b0
2019-09-20 14:16:15,681 [ForkJoinPool.commonPool-worker-0] INFO  impl.RoleInfo (RoleInfo.java:shutdownLeaderState(104)) - 1bb2a9a8-5a93-4a9a-be35-605f45f451b0: shutdown LeaderState
2019-09-20 14:16:15,682 [ForkJoinPool.commonPool-worker-0] INFO  impl.PendingRequests (PendingRequests.java:sendNotLeaderResponses(202)) - 1bb2a9a8-5a93-4a9a-be35-605f45f451b0-PendingRequests: sendNotLeaderResponses
2019-09-20 14:16:15,682 [ForkJoinPool.commonPool-worker-0] INFO  impl.StateMachineUpdater (StateMachineUpdater.java:stopAndJoin(115)) - StateMachineUpdater:1bb2a9a8-5a93-4a9a-be35-605f45f451b0:group-7DA763EAC7BA: set stopIndex = 0
2019-09-20 14:16:15,682 [ForkJoinPool.commonPool-worker-0] INFO  impl.RaftServerImpl (ServerState.java:close(394)) - 1bb2a9a8-5a93-4a9a-be35-605f45f451b0:group-7DA763EAC7BA closes. The last applied log index is 0
2019-09-20 14:16:15,683 [1bb2a9a8-5a93-4a9a-be35-605f45f451b0-SegmentedRaftLogWorker:Storage Directory /workdir/hadoop-ozone/ozonefs/target/test-dir/MiniOzoneClusterImpl-cb4c4217-15c8-435f-b543-7039f65985cb/datanode-2/data/ratis/18970d63-cd0e-49a0-8441-7da763eac7ba] INFO  segmented.SegmentedRaftLogWorker (SegmentedRaftLogWorker.java:run(313)) - 1bb2a9a8-5a93-4a9a-be35-605f45f451b0-SegmentedRaftLogWorker:Storage Directory /workdir/hadoop-ozone/ozonefs/target/test-dir/MiniOzoneClusterImpl-cb4c4217-15c8-435f-b543-7039f65985cb/datanode-2/data/ratis/18970d63-cd0e-49a0-8441-7da763eac7ba was interrupted, exiting. There are 0 tasks remaining in the queue.
2019-09-20 14:16:15,683 [ForkJoinPool.commonPool-worker-0] INFO  segmented.SegmentedRaftLogWorker (SegmentedRaftLogWorker.java:close(228)) - 1bb2a9a8-5a93-4a9a-be35-605f45f451b0-SegmentedRaftLogWorker:Storage Directory /workdir/hadoop-ozone/ozonefs/target/test-dir/MiniOzoneClusterImpl-cb4c4217-15c8-435f-b543-7039f65985cb/datanode-2/data/ratis/18970d63-cd0e-49a0-8441-7da763eac7ba close()
2019-09-20 14:16:15,684 [ForkJoinPool.commonPool-worker-0] INFO  impl.RaftServerImpl (RaftServerImpl.java:lambda$shutdown$3(245)) - 1bb2a9a8-5a93-4a9a-be35-605f45f451b0: shutdown group-875676B2775F
2019-09-20 14:16:15,685 [ForkJoinPool.commonPool-worker-0] INFO  util.JmxRegister (JmxRegister.java:unregister(73)) - Successfully un-registered JMX Bean with object name Ratis:service=RaftServer,group=group-875676B2775F,id=1bb2a9a8-5a93-4a9a-be35-605f45f451b0
2019-09-20 14:16:15,685 [ForkJoinPool.commonPool-worker-0] INFO  impl.RoleInfo (RoleInfo.java:shutdownLeaderState(104)) - 1bb2a9a8-5a93-4a9a-be35-605f45f451b0: shutdown LeaderState
2019-09-20 14:16:15,685 [ForkJoinPool.commonPool-worker-0] INFO  impl.PendingRequests (PendingRequests.java:sendNotLeaderResponses(202)) - 1bb2a9a8-5a93-4a9a-be35-605f45f451b0-PendingRequests: sendNotLeaderResponses
2019-09-20 14:16:15,686 [ForkJoinPool.commonPool-worker-0] INFO  impl.StateMachineUpdater (StateMachineUpdater.java:stopAndJoin(115)) - StateMachineUpdater:1bb2a9a8-5a93-4a9a-be35-605f45f451b0:group-875676B2775F: set stopIndex = 0
2019-09-20 14:16:15,686 [ForkJoinPool.commonPool-worker-0] INFO  impl.RaftServerImpl (ServerState.java:close(394)) - 1bb2a9a8-5a93-4a9a-be35-605f45f451b0:group-875676B2775F closes. The last applied log index is 0
2019-09-20 14:16:15,687 [1bb2a9a8-5a93-4a9a-be35-605f45f451b0-SegmentedRaftLogWorker:Storage Directory /workdir/hadoop-ozone/ozonefs/target/test-dir/MiniOzoneClusterImpl-cb4c4217-15c8-435f-b543-7039f65985cb/datanode-2/data/ratis/44009f93-8c9e-4d20-8048-875676b2775f] INFO  segmented.SegmentedRaftLogWorker (SegmentedRaftLogWorker.java:run(313)) - 1bb2a9a8-5a93-4a9a-be35-605f45f451b0-SegmentedRaftLogWorker:Storage Directory /workdir/hadoop-ozone/ozonefs/target/test-dir/MiniOzoneClusterImpl-cb4c4217-15c8-435f-b543-7039f65985cb/datanode-2/data/ratis/44009f93-8c9e-4d20-8048-875676b2775f was interrupted, exiting. There are 0 tasks remaining in the queue.
2019-09-20 14:16:15,687 [ForkJoinPool.commonPool-worker-0] INFO  segmented.SegmentedRaftLogWorker (SegmentedRaftLogWorker.java:close(228)) - 1bb2a9a8-5a93-4a9a-be35-605f45f451b0-SegmentedRaftLogWorker:Storage Directory /workdir/hadoop-ozone/ozonefs/target/test-dir/MiniOzoneClusterImpl-cb4c4217-15c8-435f-b543-7039f65985cb/datanode-2/data/ratis/44009f93-8c9e-4d20-8048-875676b2775f close()
2019-09-20 14:16:15,688 [ForkJoinPool.commonPool-worker-0] INFO  impl.RaftServerImpl (RaftServerImpl.java:lambda$shutdown$3(245)) - 1bb2a9a8-5a93-4a9a-be35-605f45f451b0: shutdown group-B16E596BAD5D
2019-09-20 14:16:15,689 [ForkJoinPool.commonPool-worker-0] INFO  util.JmxRegister (JmxRegister.java:unregister(73)) - Successfully un-registered JMX Bean with object name Ratis:service=RaftServer,group=group-B16E596BAD5D,id=1bb2a9a8-5a93-4a9a-be35-605f45f451b0
2019-09-20 14:16:15,689 [ForkJoinPool.commonPool-worker-0] INFO  impl.RoleInfo (RoleInfo.java:shutdownLeaderState(104)) - 1bb2a9a8-5a93-4a9a-be35-605f45f451b0: shutdown LeaderState
2019-09-20 14:16:15,689 [ForkJoinPool.commonPool-worker-0] INFO  impl.PendingRequests (PendingRequests.java:sendNotLeaderResponses(202)) - 1bb2a9a8-5a93-4a9a-be35-605f45f451b0-PendingRequests: sendNotLeaderResponses
2019-09-20 14:16:15,690 [ForkJoinPool.commonPool-worker-0] INFO  impl.StateMachineUpdater (StateMachineUpdater.java:stopAndJoin(115)) - StateMachineUpdater:1bb2a9a8-5a93-4a9a-be35-605f45f451b0:group-B16E596BAD5D: set stopIndex = 0
2019-09-20 14:16:15,690 [ForkJoinPool.commonPool-worker-0] INFO  impl.RaftServerImpl (ServerState.java:close(394)) - 1bb2a9a8-5a93-4a9a-be35-605f45f451b0:group-B16E596BAD5D closes. The last applied log index is 0
2019-09-20 14:16:15,690 [1bb2a9a8-5a93-4a9a-be35-605f45f451b0-SegmentedRaftLogWorker:Storage Directory /workdir/hadoop-ozone/ozonefs/target/test-dir/MiniOzoneClusterImpl-cb4c4217-15c8-435f-b543-7039f65985cb/datanode-2/data/ratis/790c5026-175e-45f3-9671-b16e596bad5d] INFO  segmented.SegmentedRaftLogWorker (SegmentedRaftLogWorker.java:run(313)) - 1bb2a9a8-5a93-4a9a-be35-605f45f451b0-SegmentedRaftLogWorker:Storage Directory /workdir/hadoop-ozone/ozonefs/target/test-dir/MiniOzoneClusterImpl-cb4c4217-15c8-435f-b543-7039f65985cb/datanode-2/data/ratis/790c5026-175e-45f3-9671-b16e596bad5d was interrupted, exiting. There are 0 tasks remaining in the queue.
2019-09-20 14:16:15,691 [ForkJoinPool.commonPool-worker-0] INFO  segmented.SegmentedRaftLogWorker (SegmentedRaftLogWorker.java:close(228)) - 1bb2a9a8-5a93-4a9a-be35-605f45f451b0-SegmentedRaftLogWorker:Storage Directory /workdir/hadoop-ozone/ozonefs/target/test-dir/MiniOzoneClusterImpl-cb4c4217-15c8-435f-b543-7039f65985cb/datanode-2/data/ratis/790c5026-175e-45f3-9671-b16e596bad5d close()
2019-09-20 14:16:15,692 [ForkJoinPool.commonPool-worker-0] INFO  server.GrpcService (GrpcService.java:closeImpl(155)) - 1bb2a9a8-5a93-4a9a-be35-605f45f451b0: shutdown server with port 45691 now
2019-09-20 14:16:15,693 [ForkJoinPool.commonPool-worker-0] INFO  server.GrpcService (GrpcService.java:closeImpl(163)) - 1bb2a9a8-5a93-4a9a-be35-605f45f451b0: shutdown server with port 45691 successfully
2019-09-20 14:16:15,696 [ForkJoinPool.commonPool-worker-0] INFO  utils.BackgroundService (BackgroundService.java:shutdown(148)) - Shutting down service BlockDeletingService
2019-09-20 14:16:15,697 [refreshUsed-/workdir/hadoop-ozone/ozonefs/target/test-dir/MiniOzoneClusterImpl-cb4c4217-15c8-435f-b543-7039f65985cb/datanode-2/data/containers] WARN  fs.CachingGetSpaceUsed (CachingGetSpaceUsed.java:run(183)) - Thread Interrupted waiting to refresh disk information: sleep interrupted
2019-09-20 14:16:15,730 [ForkJoinPool.commonPool-worker-0] INFO  statemachine.DatanodeStateMachine (DatanodeStateMachine.java:stopDaemon(395)) - Ozone container server stopped.
2019-09-20 14:16:15,744 [ForkJoinPool.commonPool-worker-0] INFO  handler.ContextHandler (ContextHandler.java:doStop(910)) - Stopped o.e.j.w.WebAppContext@12b52279{/,null,UNAVAILABLE}{/hddsDatanode}
2019-09-20 14:16:15,745 [ForkJoinPool.commonPool-worker-0] INFO  server.AbstractConnector (AbstractConnector.java:doStop(318)) - Stopped ServerConnector@7fe307d5{HTTP/1.1,[http/1.1]}{0.0.0.0:0}
2019-09-20 14:16:15,746 [ForkJoinPool.commonPool-worker-0] INFO  handler.ContextHandler (ContextHandler.java:doStop(910)) - Stopped o.e.j.s.ServletContextHandler@1d17ff4e{/static,jar:file:/home/user/.m2/repository/org/apache/hadoop/hadoop-hdds-container-service/0.5.0-SNAPSHOT/hadoop-hdds-container-service-0.5.0-SNAPSHOT.jar!/webapps/static,UNAVAILABLE}
2019-09-20 14:16:15,747 [ForkJoinPool.commonPool-worker-0] INFO  handler.ContextHandler (ContextHandler.java:doStop(910)) - Stopped o.e.j.s.ServletContextHandler@162f9983{/logs,file:///workdir/hadoop-ozone/ozonefs/target/log,UNAVAILABLE}
2019-09-20 14:16:15,748 [Thread-538] INFO  ozone.MiniOzoneClusterImpl (MiniOzoneClusterImpl.java:stop(353)) - Stopping the StorageContainerManager
2019-09-20 14:16:15,748 [Thread-538] INFO  server.StorageContainerManager (StorageContainerManager.java:stop(797)) - Stopping Replication Manager Service.
2019-09-20 14:16:15,748 [Thread-538] INFO  container.ReplicationManager (ReplicationManager.java:stop(192)) - Stopping Replication Monitor Thread.
2019-09-20 14:16:15,748 [Thread-538] INFO  server.StorageContainerManager (StorageContainerManager.java:stop(804)) - Stopping Lease Manager of the command watchers
2019-09-20 14:16:15,748 [Thread-538] INFO  server.StorageContainerManager (StorageContainerManager.java:stop(811)) - Stopping datanode service RPC server
2019-09-20 14:16:15,748 [Thread-538] INFO  server.SCMDatanodeProtocolServer (SCMDatanodeProtocolServer.java:stop(367)) - Stopping the RPC server for DataNodes
2019-09-20 14:16:15,749 [Thread-538] INFO  ipc.Server (Server.java:stop(3082)) - Stopping server on 37013
2019-09-20 14:16:15,750 [IPC Server listener on 37013] INFO  ipc.Server (Server.java:run(1185)) - Stopping IPC Server listener on 37013
2019-09-20 14:16:15,750 [IPC Server Responder] INFO  ipc.Server (Server.java:run(1319)) - Stopping IPC Server Responder
2019-09-20 14:16:15,755 [SCM Heartbeat Processing Thread - 0] WARN  node.NodeStateManager (NodeStateManager.java:scheduleNextHealthCheck(655)) - Current Thread is interrupted, shutting down HB processing thread for Node Manager.
2019-09-20 14:16:15,755 [Thread-538] INFO  server.StorageContainerManager (StorageContainerManager.java:stop(819)) - Stopping block service RPC server
2019-09-20 14:16:15,755 [Thread-538] INFO  server.SCMBlockProtocolServer (SCMBlockProtocolServer.java:stop(148)) - Stopping the RPC server for Block Protocol
2019-09-20 14:16:15,755 [Thread-538] INFO  ipc.Server (Server.java:stop(3082)) - Stopping server on 33631
2019-09-20 14:16:15,756 [IPC Server listener on 33631] INFO  ipc.Server (Server.java:run(1185)) - Stopping IPC Server listener on 33631
2019-09-20 14:16:15,757 [Thread-538] INFO  server.StorageContainerManager (StorageContainerManager.java:stop(826)) - Stopping the StorageContainerLocationProtocol RPC server
2019-09-20 14:16:15,757 [IPC Server Responder] INFO  ipc.Server (Server.java:run(1319)) - Stopping IPC Server Responder
2019-09-20 14:16:15,757 [Thread-538] INFO  server.SCMClientProtocolServer (SCMClientProtocolServer.java:stop(159)) - Stopping the RPC server for Client Protocol
2019-09-20 14:16:15,758 [Thread-538] INFO  ipc.Server (Server.java:stop(3082)) - Stopping server on 38897
2019-09-20 14:16:15,760 [IPC Server listener on 38897] INFO  ipc.Server (Server.java:run(1185)) - Stopping IPC Server listener on 38897
2019-09-20 14:16:15,760 [IPC Server Responder] INFO  ipc.Server (Server.java:run(1319)) - Stopping IPC Server Responder
2019-09-20 14:16:15,760 [Thread-538] INFO  server.StorageContainerManager (StorageContainerManager.java:stop(833)) - Stopping Storage Container Manager HTTP server.
2019-09-20 14:16:15,763 [Thread-538] INFO  handler.ContextHandler (ContextHandler.java:doStop(910)) - Stopped o.e.j.w.WebAppContext@1070a66a{/,null,UNAVAILABLE}{/scm}
2019-09-20 14:16:15,763 [Thread-538] INFO  server.AbstractConnector (AbstractConnector.java:doStop(318)) - Stopped ServerConnector@1065ad97{HTTP/1.1,[http/1.1]}{0.0.0.0:0}
2019-09-20 14:16:15,764 [Thread-538] INFO  handler.ContextHandler (ContextHandler.java:doStop(910)) - Stopped o.e.j.s.ServletContextHandler@1d37f8a4{/static,jar:file:/home/user/.m2/repository/org/apache/hadoop/hadoop-hdds-server-scm/0.5.0-SNAPSHOT/hadoop-hdds-server-scm-0.5.0-SNAPSHOT.jar!/webapps/static,UNAVAILABLE}
2019-09-20 14:16:15,764 [Thread-538] INFO  handler.ContextHandler (ContextHandler.java:doStop(910)) - Stopped o.e.j.s.ServletContextHandler@25e1ffda{/logs,file:///workdir/hadoop-ozone/ozonefs/target/log,UNAVAILABLE}
2019-09-20 14:16:15,765 [Thread-538] INFO  server.StorageContainerManager (StorageContainerManager.java:stop(844)) - Stopping Block Manager Service.
2019-09-20 14:16:15,765 [Thread-538] INFO  utils.BackgroundService (BackgroundService.java:shutdown(148)) - Shutting down service SCMBlockDeletingService
2019-09-20 14:16:15,765 [Thread-538] INFO  utils.BackgroundService (BackgroundService.java:shutdown(148)) - Shutting down service SCMBlockDeletingService
2019-09-20 14:16:15,766 [Thread-538] INFO  server.StorageContainerManager (StorageContainerManager.java:stop(866)) - Stopping SCM Event Queue.
2019-09-20 14:16:15,769 [Thread-538] INFO  impl.MetricsSystemImpl (MetricsSystemImpl.java:stop(210)) - Stopping HddsDatanode metrics system...
2019-09-20 14:16:15,780 [Thread-538] INFO  impl.MetricsSystemImpl (MetricsSystemImpl.java:stop(216)) - HddsDatanode metrics system stopped.
]]></system-out>
    <system-err><![CDATA[Sep 20, 2019 2:15:59 PM com.sun.jersey.server.impl.application.WebApplicationImpl _initiate
INFO: Initiating Jersey application, version 'Jersey: 1.19 02/11/2015 03:25 AM'
Sep 20, 2019 2:15:59 PM com.sun.jersey.server.impl.application.WebApplicationImpl _initiate
INFO: Initiating Jersey application, version 'Jersey: 1.19 02/11/2015 03:25 AM'
Sep 20, 2019 2:16:00 PM com.sun.jersey.server.impl.application.WebApplicationImpl _initiate
INFO: Initiating Jersey application, version 'Jersey: 1.19 02/11/2015 03:25 AM'
Sep 20, 2019 2:16:05 PM com.sun.jersey.server.impl.application.WebApplicationImpl _initiate
INFO: Initiating Jersey application, version 'Jersey: 1.19 02/11/2015 03:25 AM'
]]></system-err>
  </testcase>
  <testcase name="testListStatus" classname="org.apache.hadoop.fs.ozone.TestOzoneFileSystem" time="17.32">
    <error message="Allocated 0 blocks. Requested 1 blocks" type="INTERNAL_ERROR org.apache.hadoop.ozone.om.exceptions.OMException">INTERNAL_ERROR org.apache.hadoop.ozone.om.exceptions.OMException: Allocated 0 blocks. Requested 1 blocks
	at org.apache.hadoop.ozone.om.protocolPB.OzoneManagerProtocolClientSideTranslatorPB.handleError(OzoneManagerProtocolClientSideTranslatorPB.java:725)
	at org.apache.hadoop.ozone.om.protocolPB.OzoneManagerProtocolClientSideTranslatorPB.createFile(OzoneManagerProtocolClientSideTranslatorPB.java:1474)
	at org.apache.hadoop.ozone.client.rpc.RpcClient.createFile(RpcClient.java:984)
	at org.apache.hadoop.ozone.client.OzoneBucket.createFile(OzoneBucket.java:535)
	at org.apache.hadoop.fs.ozone.BasicOzoneClientAdapterImpl.createFile(BasicOzoneClientAdapterImpl.java:181)
	at org.apache.hadoop.fs.ozone.BasicOzoneFileSystem.createOutputStream(BasicOzoneFileSystem.java:249)
	at org.apache.hadoop.fs.ozone.BasicOzoneFileSystem.create(BasicOzoneFileSystem.java:230)
	at org.apache.hadoop.fs.FileSystem.create(FileSystem.java:1118)
	at org.apache.hadoop.fs.FileSystem.create(FileSystem.java:1098)
	at org.apache.hadoop.fs.FileSystem.create(FileSystem.java:987)
	at org.apache.hadoop.fs.contract.ContractTestUtils.createFile(ContractTestUtils.java:633)
	at org.apache.hadoop.fs.contract.ContractTestUtils.touch(ContractTestUtils.java:669)
	at org.apache.hadoop.fs.ozone.TestOzoneFileSystem.testListStatus(TestOzoneFileSystem.java:179)
	at sun.reflect.NativeMethodAccessorImpl.invoke0(Native Method)
	at sun.reflect.NativeMethodAccessorImpl.invoke(NativeMethodAccessorImpl.java:62)
	at sun.reflect.DelegatingMethodAccessorImpl.invoke(DelegatingMethodAccessorImpl.java:43)
	at java.lang.reflect.Method.invoke(Method.java:498)
	at org.junit.runners.model.FrameworkMethod$1.runReflectiveCall(FrameworkMethod.java:47)
	at org.junit.internal.runners.model.ReflectiveCallable.run(ReflectiveCallable.java:12)
	at org.junit.runners.model.FrameworkMethod.invokeExplosively(FrameworkMethod.java:44)
	at org.junit.internal.runners.statements.InvokeMethod.evaluate(InvokeMethod.java:17)
	at org.junit.internal.runners.statements.RunBefores.evaluate(RunBefores.java:26)
	at org.junit.internal.runners.statements.RunAfters.evaluate(RunAfters.java:27)
	at org.junit.internal.runners.statements.FailOnTimeout$StatementThread.run(FailOnTimeout.java:74)
</error>
    <system-out><![CDATA[2019-09-20 14:16:15,845 [Thread-804] WARN  server.ServerUtils (ServerUtils.java:getScmDbDir(145)) - ozone.scm.db.dirs is not configured. We recommend adding this setting. Falling back to ozone.metadata.dirs instead.
2019-09-20 14:16:15,866 [Thread-804] WARN  server.ServerUtils (ServerUtils.java:getScmDbDir(145)) - ozone.scm.db.dirs is not configured. We recommend adding this setting. Falling back to ozone.metadata.dirs instead.
2019-09-20 14:16:15,867 [Thread-804] WARN  server.ServerUtils (ServerUtils.java:getScmDbDir(145)) - ozone.scm.db.dirs is not configured. We recommend adding this setting. Falling back to ozone.metadata.dirs instead.
2019-09-20 14:16:15,868 [Thread-804] INFO  db.DBStoreBuilder (DBStoreBuilder.java:addTable(110)) - using custom profile for table: deletedBlocks
2019-09-20 14:16:15,868 [Thread-804] INFO  db.DBStoreBuilder (DBStoreBuilder.java:processTables(161)) - Using default column profile:DBProfile.DISK for Table:deletedBlocks
2019-09-20 14:16:15,868 [Thread-804] INFO  db.DBStoreBuilder (DBStoreBuilder.java:addTable(110)) - using custom profile for table: validCerts
2019-09-20 14:16:15,869 [Thread-804] INFO  db.DBStoreBuilder (DBStoreBuilder.java:processTables(161)) - Using default column profile:DBProfile.DISK for Table:validCerts
2019-09-20 14:16:15,869 [Thread-804] INFO  db.DBStoreBuilder (DBStoreBuilder.java:addTable(110)) - using custom profile for table: revokedCerts
2019-09-20 14:16:15,869 [Thread-804] INFO  db.DBStoreBuilder (DBStoreBuilder.java:processTables(161)) - Using default column profile:DBProfile.DISK for Table:revokedCerts
2019-09-20 14:16:15,870 [Thread-804] INFO  db.DBStoreBuilder (DBStoreBuilder.java:addTable(110)) - using custom profile for table: default
2019-09-20 14:16:15,870 [Thread-804] INFO  db.DBStoreBuilder (DBStoreBuilder.java:processTables(167)) - Using default column profile:DBProfile.DISK for Table:default
2019-09-20 14:16:15,870 [Thread-804] INFO  db.DBStoreBuilder (DBStoreBuilder.java:getDbProfile(198)) - Using default options. DBProfile.DISK
2019-09-20 14:16:16,125 [Thread-804] INFO  net.NodeSchemaLoader (NodeSchemaLoader.java:loadSchemaFromFile(125)) - Loading file from sun.misc.CompoundEnumeration@6f0395e0
2019-09-20 14:16:16,125 [Thread-804] INFO  net.NodeSchemaLoader (NodeSchemaLoader.java:loadSchema(171)) - Loading network topology layer schema file
2019-09-20 14:16:16,132 [Thread-804] WARN  server.ServerUtils (ServerUtils.java:sanitizeUserArgs(70)) - ozone.scm.stale.node.interval value = 300000 is larger than max = 100000 based on the key value of ozone.scm.heartbeat.thread.interval, reset to the max value 100000.
2019-09-20 14:16:16,132 [Thread-804] WARN  server.ServerUtils (ServerUtils.java:sanitizeUserArgs(70)) - ozone.scm.stale.node.interval value = 300000 is larger than max = 100000 based on the key value of ozone.scm.heartbeat.thread.interval, reset to the max value 100000.
2019-09-20 14:16:16,133 [Thread-804] INFO  node.SCMNodeManager (SCMNodeManager.java:<init>(121)) - Entering startup safe mode.
2019-09-20 14:16:16,134 [Thread-804] INFO  algorithms.ContainerPlacementPolicyFactory (ContainerPlacementPolicyFactory.java:getPolicy(56)) - Create container placement policy of type org.apache.hadoop.hdds.scm.container.placement.algorithms.SCMContainerPlacementRandom
2019-09-20 14:16:16,134 [Thread-804] WARN  server.ServerUtils (ServerUtils.java:getScmDbDir(145)) - ozone.scm.db.dirs is not configured. We recommend adding this setting. Falling back to ozone.metadata.dirs instead.
2019-09-20 14:16:16,221 [Thread-804] INFO  pipeline.SCMPipelineManager (SCMPipelineManager.java:initializePipelineState(126)) - No pipeline exists in current db
2019-09-20 14:16:16,222 [Thread-804] WARN  server.ServerUtils (ServerUtils.java:getScmDbDir(145)) - ozone.scm.db.dirs is not configured. We recommend adding this setting. Falling back to ozone.metadata.dirs instead.
2019-09-20 14:16:16,337 [Thread-804] WARN  events.EventQueue (EventQueue.java:fireEvent(175)) - No event handler registered for event TypedEvent{payloadType=SafeModeStatus, name='SafeModeStatus'}
2019-09-20 14:16:16,338 [Thread-804] INFO  ipc.CallQueueManager (CallQueueManager.java:<init>(84)) - Using callQueue: class java.util.concurrent.LinkedBlockingQueue, queueCapacity: 2000, scheduler: class org.apache.hadoop.ipc.DefaultRpcScheduler, ipcBackoff: false.
2019-09-20 14:16:16,339 [Socket Reader #1 for port 36137] INFO  ipc.Server (Server.java:run(1074)) - Starting Socket Reader #1 for port 36137
2019-09-20 14:16:16,341 [Thread-804] INFO  ipc.CallQueueManager (CallQueueManager.java:<init>(84)) - Using callQueue: class java.util.concurrent.LinkedBlockingQueue, queueCapacity: 2000, scheduler: class org.apache.hadoop.ipc.DefaultRpcScheduler, ipcBackoff: false.
2019-09-20 14:16:16,342 [Socket Reader #1 for port 42713] INFO  ipc.Server (Server.java:run(1074)) - Starting Socket Reader #1 for port 42713
2019-09-20 14:16:16,344 [Thread-804] INFO  ipc.CallQueueManager (CallQueueManager.java:<init>(84)) - Using callQueue: class java.util.concurrent.LinkedBlockingQueue, queueCapacity: 2000, scheduler: class org.apache.hadoop.ipc.DefaultRpcScheduler, ipcBackoff: false.
2019-09-20 14:16:16,345 [Socket Reader #1 for port 33636] INFO  ipc.Server (Server.java:run(1074)) - Starting Socket Reader #1 for port 33636
2019-09-20 14:16:16,348 [Thread-804] INFO  hdfs.DFSUtil (DFSUtil.java:httpServerTemplateForNNAndJN(1641)) - Starting Web-server for scm at: http://0.0.0.0:0
2019-09-20 14:16:16,353 [Thread-804] INFO  server.AuthenticationFilter (AuthenticationFilter.java:constructSecretProvider(240)) - Unable to initialize FileSignerSecretProvider, falling back to use random secrets.
2019-09-20 14:16:16,353 [Thread-804] WARN  http.HttpRequestLog (HttpRequestLog.java:getRequestLog(97)) - Jetty request log can only be enabled using Log4j
2019-09-20 14:16:16,357 [Thread-804] INFO  http.HttpServer2 (HttpServer2.java:addGlobalFilter(975)) - Added global filter 'safety' (class=org.apache.hadoop.http.HttpServer2$QuotingInputFilter)
2019-09-20 14:16:16,359 [Thread-804] INFO  http.HttpServer2 (HttpServer2.java:addFilter(948)) - Added filter static_user_filter (class=org.apache.hadoop.http.lib.StaticUserWebFilter$StaticUserFilter) to context scm
2019-09-20 14:16:16,359 [Thread-804] INFO  http.HttpServer2 (HttpServer2.java:addFilter(958)) - Added filter static_user_filter (class=org.apache.hadoop.http.lib.StaticUserWebFilter$StaticUserFilter) to context logs
2019-09-20 14:16:16,360 [Thread-804] INFO  http.HttpServer2 (HttpServer2.java:addFilter(958)) - Added filter static_user_filter (class=org.apache.hadoop.http.lib.StaticUserWebFilter$StaticUserFilter) to context static
2019-09-20 14:16:16,363 [Thread-804] INFO  server.StorageContainerManager (StorageContainerManager.java:start(759)) - StorageContainerLocationProtocol RPC server is listening at /0.0.0.0:33636
2019-09-20 14:16:16,367 [Thread-804] WARN  impl.MetricsConfig (MetricsConfig.java:loadFirst(134)) - Cannot locate configuration: tried hadoop-metrics2-storagecontainermanager.properties,hadoop-metrics2.properties
2019-09-20 14:16:16,370 [Thread-804] INFO  impl.MetricsSystemImpl (MetricsSystemImpl.java:startTimer(374)) - Scheduled Metric snapshot period at 10 second(s).
2019-09-20 14:16:16,370 [Thread-804] INFO  impl.MetricsSystemImpl (MetricsSystemImpl.java:start(191)) - StorageContainerManager metrics system started
2019-09-20 14:16:16,422 [Thread-804] INFO  server.SCMClientProtocolServer (SCMClientProtocolServer.java:start(151)) - RPC server for Client  is listening at /0.0.0.0:33636
2019-09-20 14:16:16,422 [IPC Server Responder] INFO  ipc.Server (Server.java:run(1314)) - IPC Server Responder: starting
2019-09-20 14:16:16,422 [IPC Server listener on 33636] INFO  ipc.Server (Server.java:run(1153)) - IPC Server listener on 33636: starting
2019-09-20 14:16:16,427 [Thread-804] INFO  server.StorageContainerManager (StorageContainerManager.java:start(769)) - ScmBlockLocationProtocol RPC server is listening at /0.0.0.0:42713
2019-09-20 14:16:16,427 [Thread-804] INFO  server.SCMBlockProtocolServer (SCMBlockProtocolServer.java:start(140)) - RPC server for Block Protocol is listening at /0.0.0.0:42713
2019-09-20 14:16:16,427 [IPC Server Responder] INFO  ipc.Server (Server.java:run(1314)) - IPC Server Responder: starting
2019-09-20 14:16:16,427 [IPC Server listener on 42713] INFO  ipc.Server (Server.java:run(1153)) - IPC Server listener on 42713: starting
2019-09-20 14:16:16,432 [Thread-804] INFO  server.StorageContainerManager (StorageContainerManager.java:start(773)) - ScmDatanodeProtocl RPC server is listening at /0.0.0.0:36137
2019-09-20 14:16:16,432 [Thread-804] INFO  server.SCMDatanodeProtocolServer (SCMDatanodeProtocolServer.java:start(191)) - RPC server for DataNodes is listening at /0.0.0.0:36137
2019-09-20 14:16:16,432 [IPC Server Responder] INFO  ipc.Server (Server.java:run(1314)) - IPC Server Responder: starting
2019-09-20 14:16:16,432 [IPC Server listener on 36137] INFO  ipc.Server (Server.java:run(1153)) - IPC Server listener on 36137: starting
2019-09-20 14:16:16,437 [Thread-804] INFO  http.HttpServer2 (HttpServer2.java:bindListener(1191)) - Jetty bound to port 42290
2019-09-20 14:16:16,437 [Thread-804] INFO  server.Server (Server.java:doStart(351)) - jetty-9.3.24.v20180605, build timestamp: 2018-06-05T17:11:56Z, git hash: 84205aa28f11a4f31f2a3b86d1bba2cc8ab69827
2019-09-20 14:16:16,439 [Thread-804] INFO  handler.ContextHandler (ContextHandler.java:doStart(781)) - Started o.e.j.s.ServletContextHandler@7cb97259{/logs,file:///workdir/hadoop-ozone/ozonefs/target/log,AVAILABLE}
2019-09-20 14:16:16,440 [Thread-804] INFO  handler.ContextHandler (ContextHandler.java:doStart(781)) - Started o.e.j.s.ServletContextHandler@77581a49{/static,jar:file:/home/user/.m2/repository/org/apache/hadoop/hadoop-hdds-server-scm/0.5.0-SNAPSHOT/hadoop-hdds-server-scm-0.5.0-SNAPSHOT.jar!/webapps/static,AVAILABLE}
2019-09-20 14:16:16,482 [Thread-804] INFO  handler.ContextHandler (ContextHandler.java:doStart(781)) - Started o.e.j.w.WebAppContext@5e1b2de8{/,file:///tmp/jetty-0.0.0.0-42290-scm-_-any-8634229261571178718.dir/webapp/,AVAILABLE}{/scm}
2019-09-20 14:16:16,482 [Thread-804] INFO  server.AbstractConnector (AbstractConnector.java:doStart(278)) - Started ServerConnector@c61f82e{HTTP/1.1,[http/1.1]}{0.0.0.0:42290}
2019-09-20 14:16:16,483 [Thread-804] INFO  server.Server (Server.java:doStart(419)) - Started @61856ms
2019-09-20 14:16:16,484 [Thread-804] INFO  server.BaseHttpServer (BaseHttpServer.java:updateConnectorAddress(213)) - HTTP server of SCM is listening at http://0.0.0.0:42290
2019-09-20 14:16:16,484 [Thread-804] WARN  server.ServerUtils (ServerUtils.java:getDBPath(222)) - ozone.om.db.dirs is not configured. We recommend adding this setting. Falling back to ozone.metadata.dirs instead.
2019-09-20 14:16:16,485 [org.apache.hadoop.util.JvmPauseMonitor$Monitor@71c88ebf] INFO  util.JvmPauseMonitor (JvmPauseMonitor.java:run(188)) - Starting JVM pause monitor
2019-09-20 14:16:16,503 [Thread-804] WARN  server.ServerUtils (ServerUtils.java:getDBPath(222)) - ozone.om.db.dirs is not configured. We recommend adding this setting. Falling back to ozone.metadata.dirs instead.
2019-09-20 14:16:16,503 [Thread-804] WARN  server.ServerUtils (ServerUtils.java:getDBPath(222)) - ozone.om.db.dirs is not configured. We recommend adding this setting. Falling back to ozone.metadata.dirs instead.
2019-09-20 14:16:16,504 [Thread-804] INFO  om.OzoneManager (OzoneManager.java:setOMNodeDetails(645)) - OM Service ID is not set. Setting it to the default ID: omServiceIdDefault
2019-09-20 14:16:16,504 [Thread-804] INFO  om.OzoneManager (OzoneManager.java:setOMNodeDetails(651)) - OM Node ID is not set. Setting it to the OmStorage's OmID: 798d2af6-5656-43ed-b77a-daaa745a25f6
2019-09-20 14:16:16,504 [Thread-804] INFO  om.OzoneManager (OzoneManager.java:loadOMHAConfigs(602)) - Found matching OM address with OMServiceId: null, OMNodeId: null, RPC Address: localhost:0 and Ratis port: 9872
2019-09-20 14:16:16,508 | INFO  | SCMAudit | user=jenkins1000 | ip=192.168.36.99 | op=GET_SCM_INFO null | ret=SUCCESS |  
2019-09-20 14:16:16,511 [Thread-804] WARN  server.ServerUtils (ServerUtils.java:getDBPath(222)) - ozone.om.db.dirs is not configured. We recommend adding this setting. Falling back to ozone.metadata.dirs instead.
2019-09-20 14:16:16,512 [Thread-804] INFO  db.DBStoreBuilder (DBStoreBuilder.java:addTable(110)) - using custom profile for table: userTable
2019-09-20 14:16:16,512 [Thread-804] INFO  db.DBStoreBuilder (DBStoreBuilder.java:processTables(161)) - Using default column profile:DBProfile.DISK for Table:userTable
2019-09-20 14:16:16,512 [Thread-804] INFO  db.DBStoreBuilder (DBStoreBuilder.java:addTable(110)) - using custom profile for table: volumeTable
2019-09-20 14:16:16,512 [Thread-804] INFO  db.DBStoreBuilder (DBStoreBuilder.java:processTables(161)) - Using default column profile:DBProfile.DISK for Table:volumeTable
2019-09-20 14:16:16,513 [Thread-804] INFO  db.DBStoreBuilder (DBStoreBuilder.java:addTable(110)) - using custom profile for table: bucketTable
2019-09-20 14:16:16,513 [Thread-804] INFO  db.DBStoreBuilder (DBStoreBuilder.java:processTables(161)) - Using default column profile:DBProfile.DISK for Table:bucketTable
2019-09-20 14:16:16,513 [Thread-804] INFO  db.DBStoreBuilder (DBStoreBuilder.java:addTable(110)) - using custom profile for table: keyTable
2019-09-20 14:16:16,513 [Thread-804] INFO  db.DBStoreBuilder (DBStoreBuilder.java:processTables(161)) - Using default column profile:DBProfile.DISK for Table:keyTable
2019-09-20 14:16:16,513 [Thread-804] INFO  db.DBStoreBuilder (DBStoreBuilder.java:addTable(110)) - using custom profile for table: deletedTable
2019-09-20 14:16:16,514 [Thread-804] INFO  db.DBStoreBuilder (DBStoreBuilder.java:processTables(161)) - Using default column profile:DBProfile.DISK for Table:deletedTable
2019-09-20 14:16:16,514 [Thread-804] INFO  db.DBStoreBuilder (DBStoreBuilder.java:addTable(110)) - using custom profile for table: openKeyTable
2019-09-20 14:16:16,514 [Thread-804] INFO  db.DBStoreBuilder (DBStoreBuilder.java:processTables(161)) - Using default column profile:DBProfile.DISK for Table:openKeyTable
2019-09-20 14:16:16,514 [Thread-804] INFO  db.DBStoreBuilder (DBStoreBuilder.java:addTable(110)) - using custom profile for table: s3Table
2019-09-20 14:16:16,515 [Thread-804] INFO  db.DBStoreBuilder (DBStoreBuilder.java:processTables(161)) - Using default column profile:DBProfile.DISK for Table:s3Table
2019-09-20 14:16:16,515 [Thread-804] INFO  db.DBStoreBuilder (DBStoreBuilder.java:addTable(110)) - using custom profile for table: multipartInfoTable
2019-09-20 14:16:16,515 [Thread-804] INFO  db.DBStoreBuilder (DBStoreBuilder.java:processTables(161)) - Using default column profile:DBProfile.DISK for Table:multipartInfoTable
2019-09-20 14:16:16,515 [Thread-804] INFO  db.DBStoreBuilder (DBStoreBuilder.java:addTable(110)) - using custom profile for table: dTokenTable
2019-09-20 14:16:16,515 [Thread-804] INFO  db.DBStoreBuilder (DBStoreBuilder.java:processTables(161)) - Using default column profile:DBProfile.DISK for Table:dTokenTable
2019-09-20 14:16:16,516 [Thread-804] INFO  db.DBStoreBuilder (DBStoreBuilder.java:addTable(110)) - using custom profile for table: s3SecretTable
2019-09-20 14:16:16,516 [Thread-804] INFO  db.DBStoreBuilder (DBStoreBuilder.java:processTables(161)) - Using default column profile:DBProfile.DISK for Table:s3SecretTable
2019-09-20 14:16:16,516 [Thread-804] INFO  db.DBStoreBuilder (DBStoreBuilder.java:addTable(110)) - using custom profile for table: prefixTable
2019-09-20 14:16:16,516 [Thread-804] INFO  db.DBStoreBuilder (DBStoreBuilder.java:processTables(161)) - Using default column profile:DBProfile.DISK for Table:prefixTable
2019-09-20 14:16:16,517 [Thread-804] INFO  db.DBStoreBuilder (DBStoreBuilder.java:addTable(110)) - using custom profile for table: default
2019-09-20 14:16:16,517 [Thread-804] INFO  db.DBStoreBuilder (DBStoreBuilder.java:processTables(167)) - Using default column profile:DBProfile.DISK for Table:default
2019-09-20 14:16:16,517 [Thread-804] INFO  db.DBStoreBuilder (DBStoreBuilder.java:getDbProfile(198)) - Using default options. DBProfile.DISK
2019-09-20 14:16:17,323 [Thread-804] INFO  ipc.CallQueueManager (CallQueueManager.java:<init>(84)) - Using callQueue: class java.util.concurrent.LinkedBlockingQueue, queueCapacity: 2000, scheduler: class org.apache.hadoop.ipc.DefaultRpcScheduler, ipcBackoff: false.
2019-09-20 14:16:17,324 [Socket Reader #1 for port 46552] INFO  ipc.Server (Server.java:run(1074)) - Starting Socket Reader #1 for port 46552
2019-09-20 14:16:17,344 [Thread-804] INFO  om.OzoneManager (OzoneManager.java:start(1256)) - OzoneManager RPC server is listening at localhost/127.0.0.1:46552
2019-09-20 14:16:17,344 [Thread-804] INFO  impl.MetricsSystemImpl (MetricsSystemImpl.java:init(158)) - OzoneManager metrics system started (again)
2019-09-20 14:16:17,345 [IPC Server Responder] INFO  ipc.Server (Server.java:run(1314)) - IPC Server Responder: starting
2019-09-20 14:16:17,345 [IPC Server listener on 46552] INFO  ipc.Server (Server.java:run(1153)) - IPC Server listener on 46552: starting
2019-09-20 14:16:17,350 [Thread-804] INFO  hdfs.DFSUtil (DFSUtil.java:httpServerTemplateForNNAndJN(1641)) - Starting Web-server for ozoneManager at: http://0.0.0.0:0
2019-09-20 14:16:17,352 [Thread-804] INFO  server.AuthenticationFilter (AuthenticationFilter.java:constructSecretProvider(240)) - Unable to initialize FileSignerSecretProvider, falling back to use random secrets.
2019-09-20 14:16:17,352 [Thread-804] WARN  http.HttpRequestLog (HttpRequestLog.java:getRequestLog(97)) - Jetty request log can only be enabled using Log4j
2019-09-20 14:16:17,354 [Thread-804] INFO  http.HttpServer2 (HttpServer2.java:addGlobalFilter(975)) - Added global filter 'safety' (class=org.apache.hadoop.http.HttpServer2$QuotingInputFilter)
2019-09-20 14:16:17,355 [Thread-804] INFO  http.HttpServer2 (HttpServer2.java:addFilter(948)) - Added filter static_user_filter (class=org.apache.hadoop.http.lib.StaticUserWebFilter$StaticUserFilter) to context ozoneManager
2019-09-20 14:16:17,355 [Thread-804] INFO  http.HttpServer2 (HttpServer2.java:addFilter(958)) - Added filter static_user_filter (class=org.apache.hadoop.http.lib.StaticUserWebFilter$StaticUserFilter) to context logs
2019-09-20 14:16:17,355 [Thread-804] INFO  http.HttpServer2 (HttpServer2.java:addFilter(958)) - Added filter static_user_filter (class=org.apache.hadoop.http.lib.StaticUserWebFilter$StaticUserFilter) to context static
2019-09-20 14:16:17,355 [Thread-804] INFO  http.HttpServer2 (HttpServer2.java:bindListener(1191)) - Jetty bound to port 35988
2019-09-20 14:16:17,356 [Thread-804] INFO  server.Server (Server.java:doStart(351)) - jetty-9.3.24.v20180605, build timestamp: 2018-06-05T17:11:56Z, git hash: 84205aa28f11a4f31f2a3b86d1bba2cc8ab69827
2019-09-20 14:16:17,357 [Thread-804] INFO  handler.ContextHandler (ContextHandler.java:doStart(781)) - Started o.e.j.s.ServletContextHandler@452c01e{/logs,file:///workdir/hadoop-ozone/ozonefs/target/log,AVAILABLE}
2019-09-20 14:16:17,358 [Thread-804] INFO  handler.ContextHandler (ContextHandler.java:doStart(781)) - Started o.e.j.s.ServletContextHandler@547290de{/static,jar:file:/home/user/.m2/repository/org/apache/hadoop/hadoop-ozone-ozone-manager/0.5.0-SNAPSHOT/hadoop-ozone-ozone-manager-0.5.0-SNAPSHOT.jar!/webapps/static,AVAILABLE}
2019-09-20 14:16:17,402 [Thread-804] INFO  handler.ContextHandler (ContextHandler.java:doStart(781)) - Started o.e.j.w.WebAppContext@2980b4ad{/,file:///tmp/jetty-0.0.0.0-35988-ozoneManager-_-any-2609854038286750251.dir/webapp/,AVAILABLE}{/ozoneManager}
2019-09-20 14:16:17,402 [Thread-804] INFO  server.AbstractConnector (AbstractConnector.java:doStart(278)) - Started ServerConnector@3aefb9ad{HTTP/1.1,[http/1.1]}{0.0.0.0:35988}
2019-09-20 14:16:17,403 [Thread-804] INFO  server.Server (Server.java:doStart(419)) - Started @62776ms
2019-09-20 14:16:17,404 [Thread-804] INFO  server.BaseHttpServer (BaseHttpServer.java:updateConnectorAddress(213)) - HTTP server of OZONEMANAGER is listening at http://0.0.0.0:35988
2019-09-20 14:16:17,414 [Thread-804] INFO  impl.MetricsSystemImpl (MetricsSystemImpl.java:init(158)) - HddsDatanode metrics system started (again)
2019-09-20 14:16:17,416 [Thread-804] INFO  ozone.HddsDatanodeService (HddsDatanodeService.java:start(184)) - HddsDatanodeService host:pr-hdds-1569-p5fx8-1226042367 ip:192.168.36.99
2019-09-20 14:16:17,423 [Thread-804] INFO  volume.HddsVolume (HddsVolume.java:<init>(176)) - Creating Volume: /workdir/hadoop-ozone/ozonefs/target/test-dir/MiniOzoneClusterImpl-bceee591-9a40-46aa-b11c-5805cf83e67e/datanode-0/data/containers/hdds of  storage type : DISK and capacity : 1482555576320
2019-09-20 14:16:17,423 [Thread-804] INFO  volume.VolumeSet (VolumeSet.java:initializeVolumeSet(170)) - Added Volume : /workdir/hadoop-ozone/ozonefs/target/test-dir/MiniOzoneClusterImpl-bceee591-9a40-46aa-b11c-5805cf83e67e/datanode-0/data/containers/hdds to VolumeSet
2019-09-20 14:16:17,423 [Thread-804] INFO  volume.ThrottledAsyncChecker (ThrottledAsyncChecker.java:schedule(140)) - Scheduling a check for org.apache.hadoop.ozone.container.common.volume.HddsVolume@4116149a
2019-09-20 14:16:17,424 [Thread-804] INFO  volume.HddsVolumeChecker (HddsVolumeChecker.java:checkAllVolumes(203)) - Scheduled health check for volume org.apache.hadoop.ozone.container.common.volume.HddsVolume@4116149a
2019-09-20 14:16:17,447 [Thread-804] INFO  impl.RaftServerProxy (ConfUtils.java:logGet(43)) - raft.rpc.type = GRPC (default)
2019-09-20 14:16:17,447 [Thread-804] INFO  grpc.GrpcFactory (GrpcFactory.java:checkPooledByteBufAllocatorUseCacheForAllThreads(45)) - PERFORMANCE WARNING: useCacheForAllThreads is true that may cause Netty to create a lot garbage objects and, as a result, trigger GC.
	It is recommended to disable useCacheForAllThreads by setting -Dorg.apache.ratis.thirdparty.io.netty.allocator.useCacheForAllThreads=false in command line.
2019-09-20 14:16:17,448 [Thread-804] INFO  grpc.GrpcConfigKeys$Server (ConfUtils.java:logGet(43)) - raft.grpc.server.port = 0 (default)
2019-09-20 14:16:17,448 [Thread-804] INFO  server.GrpcService (ConfUtils.java:logGet(43)) - raft.grpc.message.size.max = 33570816 (custom)
2019-09-20 14:16:17,448 [Thread-804] INFO  server.RaftServerConfigKeys (ConfUtils.java:logGet(43)) - raft.server.log.appender.buffer.byte-limit = 33554432 (custom)
2019-09-20 14:16:17,449 [Thread-804] INFO  server.GrpcService (ConfUtils.java:logGet(43)) - raft.grpc.flow.control.window = 1MB (=1048576) (default)
2019-09-20 14:16:17,449 [Thread-804] INFO  server.RaftServerConfigKeys (ConfUtils.java:logGet(43)) - raft.server.rpc.request.timeout = 3000ms (default)
2019-09-20 14:16:17,449 [Thread-804] INFO  server.RaftServerConfigKeys (ConfUtils.java:logGet(43)) - raft.server.storage.dir = [/workdir/hadoop-ozone/ozonefs/target/test-dir/MiniOzoneClusterImpl-bceee591-9a40-46aa-b11c-5805cf83e67e/datanode-0/data/ratis] (custom)
2019-09-20 14:16:17,450 [Thread-804] INFO  replication.SimpleContainerDownloader (SimpleContainerDownloader.java:<init>(72)) - Starting container downloader service to copy containers to replicate.
2019-09-20 14:16:17,451 [Thread-804] INFO  hdfs.DFSUtil (DFSUtil.java:httpServerTemplateForNNAndJN(1641)) - Starting Web-server for hddsDatanode at: http://0.0.0.0:0
2019-09-20 14:16:17,453 [Thread-804] INFO  server.AuthenticationFilter (AuthenticationFilter.java:constructSecretProvider(240)) - Unable to initialize FileSignerSecretProvider, falling back to use random secrets.
2019-09-20 14:16:17,453 [Thread-804] WARN  http.HttpRequestLog (HttpRequestLog.java:getRequestLog(97)) - Jetty request log can only be enabled using Log4j
2019-09-20 14:16:17,455 [Thread-804] INFO  http.HttpServer2 (HttpServer2.java:addGlobalFilter(975)) - Added global filter 'safety' (class=org.apache.hadoop.http.HttpServer2$QuotingInputFilter)
2019-09-20 14:16:17,456 [Thread-804] INFO  http.HttpServer2 (HttpServer2.java:addFilter(948)) - Added filter static_user_filter (class=org.apache.hadoop.http.lib.StaticUserWebFilter$StaticUserFilter) to context hddsDatanode
2019-09-20 14:16:17,456 [Thread-804] INFO  http.HttpServer2 (HttpServer2.java:addFilter(958)) - Added filter static_user_filter (class=org.apache.hadoop.http.lib.StaticUserWebFilter$StaticUserFilter) to context static
2019-09-20 14:16:17,456 [Thread-804] INFO  http.HttpServer2 (HttpServer2.java:addFilter(958)) - Added filter static_user_filter (class=org.apache.hadoop.http.lib.StaticUserWebFilter$StaticUserFilter) to context logs
2019-09-20 14:16:17,457 [Thread-804] INFO  http.HttpServer2 (HttpServer2.java:bindListener(1191)) - Jetty bound to port 42626
2019-09-20 14:16:17,457 [Thread-804] INFO  server.Server (Server.java:doStart(351)) - jetty-9.3.24.v20180605, build timestamp: 2018-06-05T17:11:56Z, git hash: 84205aa28f11a4f31f2a3b86d1bba2cc8ab69827
2019-09-20 14:16:17,459 [Thread-804] INFO  handler.ContextHandler (ContextHandler.java:doStart(781)) - Started o.e.j.s.ServletContextHandler@1ebceed8{/logs,file:///workdir/hadoop-ozone/ozonefs/target/log,AVAILABLE}
2019-09-20 14:16:17,459 [Thread-804] INFO  handler.ContextHandler (ContextHandler.java:doStart(781)) - Started o.e.j.s.ServletContextHandler@6c1094e2{/static,jar:file:/home/user/.m2/repository/org/apache/hadoop/hadoop-hdds-container-service/0.5.0-SNAPSHOT/hadoop-hdds-container-service-0.5.0-SNAPSHOT.jar!/webapps/static,AVAILABLE}
2019-09-20 14:16:17,487 [Thread-804] INFO  handler.ContextHandler (ContextHandler.java:doStart(781)) - Started o.e.j.w.WebAppContext@48749221{/,file:///tmp/jetty-0.0.0.0-42626-hddsDatanode-_-any-4919992911326712168.dir/webapp/,AVAILABLE}{/hddsDatanode}
2019-09-20 14:16:17,487 [Thread-804] INFO  server.AbstractConnector (AbstractConnector.java:doStart(278)) - Started ServerConnector@18312cb9{HTTP/1.1,[http/1.1]}{0.0.0.0:42626}
2019-09-20 14:16:17,488 [Thread-804] INFO  server.Server (Server.java:doStart(419)) - Started @62861ms
2019-09-20 14:16:17,489 [Thread-804] INFO  server.BaseHttpServer (BaseHttpServer.java:updateConnectorAddress(213)) - HTTP server of HDDSDATANODE is listening at http://0.0.0.0:42626
2019-09-20 14:16:17,612 | INFO  | ObjectStoreRestHttpServer | Listening HDDS REST traffic on /0.0.0.0:37875 |  
2019-09-20 14:16:17,612 [Thread-804] INFO  ozone.HddsDatanodeService (HddsDatanodeService.java:startPlugins(395)) - Started plug-in org.apache.hadoop.ozone.web.OzoneHddsDatanodeService@18302089
2019-09-20 14:16:17,613 [Thread-804] INFO  impl.MetricsSystemImpl (MetricsSystemImpl.java:init(158)) - HddsDatanode metrics system started (again)
2019-09-20 14:16:17,615 [org.apache.hadoop.util.JvmPauseMonitor$Monitor@380dc16e] INFO  util.JvmPauseMonitor (JvmPauseMonitor.java:run(188)) - Starting JVM pause monitor
2019-09-20 14:16:17,615 [Thread-804] INFO  ozone.HddsDatanodeService (HddsDatanodeService.java:start(184)) - HddsDatanodeService host:pr-hdds-1569-p5fx8-1226042367 ip:192.168.36.99
2019-09-20 14:16:17,617 [Datanode State Machine Thread - 0] INFO  datanode.InitDatanodeState (InitDatanodeState.java:persistContainerDatanodeDetails(140)) - DatanodeDetails is persisted to /workdir/hadoop-ozone/ozonefs/target/test-dir/MiniOzoneClusterImpl-bceee591-9a40-46aa-b11c-5805cf83e67e/datanode-0/meta/datanode.id
2019-09-20 14:16:17,622 [Thread-804] INFO  volume.HddsVolume (HddsVolume.java:<init>(176)) - Creating Volume: /workdir/hadoop-ozone/ozonefs/target/test-dir/MiniOzoneClusterImpl-bceee591-9a40-46aa-b11c-5805cf83e67e/datanode-1/data/containers/hdds of  storage type : DISK and capacity : 1482555576320
2019-09-20 14:16:17,623 [Thread-804] INFO  volume.VolumeSet (VolumeSet.java:initializeVolumeSet(170)) - Added Volume : /workdir/hadoop-ozone/ozonefs/target/test-dir/MiniOzoneClusterImpl-bceee591-9a40-46aa-b11c-5805cf83e67e/datanode-1/data/containers/hdds to VolumeSet
2019-09-20 14:16:17,623 [Thread-804] INFO  volume.ThrottledAsyncChecker (ThrottledAsyncChecker.java:schedule(140)) - Scheduling a check for org.apache.hadoop.ozone.container.common.volume.HddsVolume@19af7b1d
2019-09-20 14:16:17,623 [Thread-804] INFO  volume.HddsVolumeChecker (HddsVolumeChecker.java:checkAllVolumes(203)) - Scheduled health check for volume org.apache.hadoop.ozone.container.common.volume.HddsVolume@19af7b1d
2019-09-20 14:16:17,643 [Thread-804] INFO  impl.RaftServerProxy (ConfUtils.java:logGet(43)) - raft.rpc.type = GRPC (default)
2019-09-20 14:16:17,643 [Thread-804] INFO  grpc.GrpcFactory (GrpcFactory.java:checkPooledByteBufAllocatorUseCacheForAllThreads(45)) - PERFORMANCE WARNING: useCacheForAllThreads is true that may cause Netty to create a lot garbage objects and, as a result, trigger GC.
	It is recommended to disable useCacheForAllThreads by setting -Dorg.apache.ratis.thirdparty.io.netty.allocator.useCacheForAllThreads=false in command line.
2019-09-20 14:16:17,643 [Thread-804] INFO  grpc.GrpcConfigKeys$Server (ConfUtils.java:logGet(43)) - raft.grpc.server.port = 0 (default)
2019-09-20 14:16:17,643 [Thread-804] INFO  server.GrpcService (ConfUtils.java:logGet(43)) - raft.grpc.message.size.max = 33570816 (custom)
2019-09-20 14:16:17,643 [Thread-804] INFO  server.RaftServerConfigKeys (ConfUtils.java:logGet(43)) - raft.server.log.appender.buffer.byte-limit = 33554432 (custom)
2019-09-20 14:16:17,644 [Thread-804] INFO  server.GrpcService (ConfUtils.java:logGet(43)) - raft.grpc.flow.control.window = 1MB (=1048576) (default)
2019-09-20 14:16:17,644 [Thread-804] INFO  server.RaftServerConfigKeys (ConfUtils.java:logGet(43)) - raft.server.rpc.request.timeout = 3000ms (default)
2019-09-20 14:16:17,644 [Thread-804] INFO  server.RaftServerConfigKeys (ConfUtils.java:logGet(43)) - raft.server.storage.dir = [/workdir/hadoop-ozone/ozonefs/target/test-dir/MiniOzoneClusterImpl-bceee591-9a40-46aa-b11c-5805cf83e67e/datanode-1/data/ratis] (custom)
2019-09-20 14:16:17,645 [Thread-804] INFO  replication.SimpleContainerDownloader (SimpleContainerDownloader.java:<init>(72)) - Starting container downloader service to copy containers to replicate.
2019-09-20 14:16:17,646 [Thread-804] INFO  hdfs.DFSUtil (DFSUtil.java:httpServerTemplateForNNAndJN(1641)) - Starting Web-server for hddsDatanode at: http://0.0.0.0:0
2019-09-20 14:16:17,647 [Thread-804] INFO  server.AuthenticationFilter (AuthenticationFilter.java:constructSecretProvider(240)) - Unable to initialize FileSignerSecretProvider, falling back to use random secrets.
2019-09-20 14:16:17,648 [Thread-804] WARN  http.HttpRequestLog (HttpRequestLog.java:getRequestLog(97)) - Jetty request log can only be enabled using Log4j
2019-09-20 14:16:17,649 [Thread-804] INFO  http.HttpServer2 (HttpServer2.java:addGlobalFilter(975)) - Added global filter 'safety' (class=org.apache.hadoop.http.HttpServer2$QuotingInputFilter)
2019-09-20 14:16:17,650 [Thread-804] INFO  http.HttpServer2 (HttpServer2.java:addFilter(948)) - Added filter static_user_filter (class=org.apache.hadoop.http.lib.StaticUserWebFilter$StaticUserFilter) to context hddsDatanode
2019-09-20 14:16:17,650 [Thread-804] INFO  http.HttpServer2 (HttpServer2.java:addFilter(958)) - Added filter static_user_filter (class=org.apache.hadoop.http.lib.StaticUserWebFilter$StaticUserFilter) to context logs
2019-09-20 14:16:17,650 [Thread-804] INFO  http.HttpServer2 (HttpServer2.java:addFilter(958)) - Added filter static_user_filter (class=org.apache.hadoop.http.lib.StaticUserWebFilter$StaticUserFilter) to context static
2019-09-20 14:16:17,651 [Thread-804] INFO  http.HttpServer2 (HttpServer2.java:bindListener(1191)) - Jetty bound to port 41183
2019-09-20 14:16:17,651 [Thread-804] INFO  server.Server (Server.java:doStart(351)) - jetty-9.3.24.v20180605, build timestamp: 2018-06-05T17:11:56Z, git hash: 84205aa28f11a4f31f2a3b86d1bba2cc8ab69827
2019-09-20 14:16:17,652 [Thread-804] INFO  handler.ContextHandler (ContextHandler.java:doStart(781)) - Started o.e.j.s.ServletContextHandler@48643845{/logs,file:///workdir/hadoop-ozone/ozonefs/target/log,AVAILABLE}
2019-09-20 14:16:17,653 [Thread-804] INFO  handler.ContextHandler (ContextHandler.java:doStart(781)) - Started o.e.j.s.ServletContextHandler@2de457c5{/static,jar:file:/home/user/.m2/repository/org/apache/hadoop/hadoop-hdds-container-service/0.5.0-SNAPSHOT/hadoop-hdds-container-service-0.5.0-SNAPSHOT.jar!/webapps/static,AVAILABLE}
2019-09-20 14:16:17,679 [Thread-804] INFO  handler.ContextHandler (ContextHandler.java:doStart(781)) - Started o.e.j.w.WebAppContext@5ffc45c2{/,file:///tmp/jetty-0.0.0.0-41183-hddsDatanode-_-any-6698276207493627146.dir/webapp/,AVAILABLE}{/hddsDatanode}
2019-09-20 14:16:17,680 [Thread-804] INFO  server.AbstractConnector (AbstractConnector.java:doStart(278)) - Started ServerConnector@13452c7a{HTTP/1.1,[http/1.1]}{0.0.0.0:41183}
2019-09-20 14:16:17,681 [Thread-804] INFO  server.Server (Server.java:doStart(419)) - Started @63054ms
2019-09-20 14:16:17,682 [Thread-804] INFO  server.BaseHttpServer (BaseHttpServer.java:updateConnectorAddress(213)) - HTTP server of HDDSDATANODE is listening at http://0.0.0.0:41183
2019-09-20 14:16:17,808 | INFO  | ObjectStoreRestHttpServer | Listening HDDS REST traffic on /0.0.0.0:45799 |  
2019-09-20 14:16:17,808 [Thread-804] INFO  ozone.HddsDatanodeService (HddsDatanodeService.java:startPlugins(395)) - Started plug-in org.apache.hadoop.ozone.web.OzoneHddsDatanodeService@278acbc4
2019-09-20 14:16:17,809 [Thread-804] INFO  impl.MetricsSystemImpl (MetricsSystemImpl.java:init(158)) - HddsDatanode metrics system started (again)
2019-09-20 14:16:17,811 [Thread-804] INFO  ozone.HddsDatanodeService (HddsDatanodeService.java:start(184)) - HddsDatanodeService host:pr-hdds-1569-p5fx8-1226042367 ip:192.168.36.99
2019-09-20 14:16:17,811 [org.apache.hadoop.util.JvmPauseMonitor$Monitor@19ed2654] INFO  util.JvmPauseMonitor (JvmPauseMonitor.java:run(188)) - Starting JVM pause monitor
2019-09-20 14:16:17,814 [Datanode State Machine Thread - 0] INFO  datanode.InitDatanodeState (InitDatanodeState.java:persistContainerDatanodeDetails(140)) - DatanodeDetails is persisted to /workdir/hadoop-ozone/ozonefs/target/test-dir/MiniOzoneClusterImpl-bceee591-9a40-46aa-b11c-5805cf83e67e/datanode-1/meta/datanode.id
2019-09-20 14:16:17,819 [Thread-804] INFO  volume.HddsVolume (HddsVolume.java:<init>(176)) - Creating Volume: /workdir/hadoop-ozone/ozonefs/target/test-dir/MiniOzoneClusterImpl-bceee591-9a40-46aa-b11c-5805cf83e67e/datanode-2/data/containers/hdds of  storage type : DISK and capacity : 1482555576320
2019-09-20 14:16:17,819 [Thread-804] INFO  volume.VolumeSet (VolumeSet.java:initializeVolumeSet(170)) - Added Volume : /workdir/hadoop-ozone/ozonefs/target/test-dir/MiniOzoneClusterImpl-bceee591-9a40-46aa-b11c-5805cf83e67e/datanode-2/data/containers/hdds to VolumeSet
2019-09-20 14:16:17,819 [Thread-804] INFO  volume.ThrottledAsyncChecker (ThrottledAsyncChecker.java:schedule(140)) - Scheduling a check for org.apache.hadoop.ozone.container.common.volume.HddsVolume@747bb94f
2019-09-20 14:16:17,820 [Thread-804] INFO  volume.HddsVolumeChecker (HddsVolumeChecker.java:checkAllVolumes(203)) - Scheduled health check for volume org.apache.hadoop.ozone.container.common.volume.HddsVolume@747bb94f
2019-09-20 14:16:17,841 [Thread-804] INFO  impl.RaftServerProxy (ConfUtils.java:logGet(43)) - raft.rpc.type = GRPC (default)
2019-09-20 14:16:17,841 [Thread-804] INFO  grpc.GrpcFactory (GrpcFactory.java:checkPooledByteBufAllocatorUseCacheForAllThreads(45)) - PERFORMANCE WARNING: useCacheForAllThreads is true that may cause Netty to create a lot garbage objects and, as a result, trigger GC.
	It is recommended to disable useCacheForAllThreads by setting -Dorg.apache.ratis.thirdparty.io.netty.allocator.useCacheForAllThreads=false in command line.
2019-09-20 14:16:17,841 [Thread-804] INFO  grpc.GrpcConfigKeys$Server (ConfUtils.java:logGet(43)) - raft.grpc.server.port = 0 (default)
2019-09-20 14:16:17,841 [Thread-804] INFO  server.GrpcService (ConfUtils.java:logGet(43)) - raft.grpc.message.size.max = 33570816 (custom)
2019-09-20 14:16:17,841 [Thread-804] INFO  server.RaftServerConfigKeys (ConfUtils.java:logGet(43)) - raft.server.log.appender.buffer.byte-limit = 33554432 (custom)
2019-09-20 14:16:17,842 [Thread-804] INFO  server.GrpcService (ConfUtils.java:logGet(43)) - raft.grpc.flow.control.window = 1MB (=1048576) (default)
2019-09-20 14:16:17,842 [Thread-804] INFO  server.RaftServerConfigKeys (ConfUtils.java:logGet(43)) - raft.server.rpc.request.timeout = 3000ms (default)
2019-09-20 14:16:17,842 [Thread-804] INFO  server.RaftServerConfigKeys (ConfUtils.java:logGet(43)) - raft.server.storage.dir = [/workdir/hadoop-ozone/ozonefs/target/test-dir/MiniOzoneClusterImpl-bceee591-9a40-46aa-b11c-5805cf83e67e/datanode-2/data/ratis] (custom)
2019-09-20 14:16:17,843 [Thread-804] INFO  replication.SimpleContainerDownloader (SimpleContainerDownloader.java:<init>(72)) - Starting container downloader service to copy containers to replicate.
2019-09-20 14:16:17,844 [Thread-804] INFO  hdfs.DFSUtil (DFSUtil.java:httpServerTemplateForNNAndJN(1641)) - Starting Web-server for hddsDatanode at: http://0.0.0.0:0
2019-09-20 14:16:17,847 [Thread-804] INFO  server.AuthenticationFilter (AuthenticationFilter.java:constructSecretProvider(240)) - Unable to initialize FileSignerSecretProvider, falling back to use random secrets.
2019-09-20 14:16:17,847 [Thread-804] WARN  http.HttpRequestLog (HttpRequestLog.java:getRequestLog(97)) - Jetty request log can only be enabled using Log4j
2019-09-20 14:16:17,850 [Thread-804] INFO  http.HttpServer2 (HttpServer2.java:addGlobalFilter(975)) - Added global filter 'safety' (class=org.apache.hadoop.http.HttpServer2$QuotingInputFilter)
2019-09-20 14:16:17,851 [Thread-804] INFO  http.HttpServer2 (HttpServer2.java:addFilter(948)) - Added filter static_user_filter (class=org.apache.hadoop.http.lib.StaticUserWebFilter$StaticUserFilter) to context hddsDatanode
2019-09-20 14:16:17,851 [Thread-804] INFO  http.HttpServer2 (HttpServer2.java:addFilter(958)) - Added filter static_user_filter (class=org.apache.hadoop.http.lib.StaticUserWebFilter$StaticUserFilter) to context logs
2019-09-20 14:16:17,851 [Thread-804] INFO  http.HttpServer2 (HttpServer2.java:addFilter(958)) - Added filter static_user_filter (class=org.apache.hadoop.http.lib.StaticUserWebFilter$StaticUserFilter) to context static
2019-09-20 14:16:17,852 [Thread-804] INFO  http.HttpServer2 (HttpServer2.java:bindListener(1191)) - Jetty bound to port 33099
2019-09-20 14:16:17,853 [Thread-804] INFO  server.Server (Server.java:doStart(351)) - jetty-9.3.24.v20180605, build timestamp: 2018-06-05T17:11:56Z, git hash: 84205aa28f11a4f31f2a3b86d1bba2cc8ab69827
2019-09-20 14:16:17,855 [Thread-804] INFO  handler.ContextHandler (ContextHandler.java:doStart(781)) - Started o.e.j.s.ServletContextHandler@6c720310{/logs,file:///workdir/hadoop-ozone/ozonefs/target/log,AVAILABLE}
2019-09-20 14:16:17,855 [Thread-804] INFO  handler.ContextHandler (ContextHandler.java:doStart(781)) - Started o.e.j.s.ServletContextHandler@7cb70fd5{/static,jar:file:/home/user/.m2/repository/org/apache/hadoop/hadoop-hdds-container-service/0.5.0-SNAPSHOT/hadoop-hdds-container-service-0.5.0-SNAPSHOT.jar!/webapps/static,AVAILABLE}
2019-09-20 14:16:17,897 [Thread-804] INFO  handler.ContextHandler (ContextHandler.java:doStart(781)) - Started o.e.j.w.WebAppContext@402ee467{/,file:///tmp/jetty-0.0.0.0-33099-hddsDatanode-_-any-4285230978191332436.dir/webapp/,AVAILABLE}{/hddsDatanode}
2019-09-20 14:16:17,897 [Thread-804] INFO  server.AbstractConnector (AbstractConnector.java:doStart(278)) - Started ServerConnector@1849dd16{HTTP/1.1,[http/1.1]}{0.0.0.0:33099}
2019-09-20 14:16:17,899 [Thread-804] INFO  server.Server (Server.java:doStart(419)) - Started @63272ms
2019-09-20 14:16:17,899 [Thread-804] INFO  server.BaseHttpServer (BaseHttpServer.java:updateConnectorAddress(213)) - HTTP server of HDDSDATANODE is listening at http://0.0.0.0:33099
2019-09-20 14:16:18,029 | INFO  | ObjectStoreRestHttpServer | Listening HDDS REST traffic on /0.0.0.0:36514 |  
2019-09-20 14:16:18,029 [Thread-804] INFO  ozone.HddsDatanodeService (HddsDatanodeService.java:startPlugins(395)) - Started plug-in org.apache.hadoop.ozone.web.OzoneHddsDatanodeService@7f29bc7c
2019-09-20 14:16:18,029 [Thread-804] INFO  ozone.MiniOzoneClusterImpl (MiniOzoneClusterImpl.java:lambda$waitForClusterToBeReady$0(142)) - Waiting for cluster to be ready. Got 0 of 3 DN Heartbeats.
2019-09-20 14:16:18,031 [org.apache.hadoop.util.JvmPauseMonitor$Monitor@109f6755] INFO  util.JvmPauseMonitor (JvmPauseMonitor.java:run(188)) - Starting JVM pause monitor
2019-09-20 14:16:18,034 [Datanode State Machine Thread - 0] INFO  datanode.InitDatanodeState (InitDatanodeState.java:persistContainerDatanodeDetails(140)) - DatanodeDetails is persisted to /workdir/hadoop-ozone/ozonefs/target/test-dir/MiniOzoneClusterImpl-bceee591-9a40-46aa-b11c-5805cf83e67e/datanode-2/meta/datanode.id
2019-09-20 14:16:19,030 [Thread-804] INFO  ozone.MiniOzoneClusterImpl (MiniOzoneClusterImpl.java:lambda$waitForClusterToBeReady$0(142)) - Waiting for cluster to be ready. Got 0 of 3 DN Heartbeats.
2019-09-20 14:16:19,621 | INFO  | SCMAudit | user=jenkins1000 | ip=192.168.36.99 | op=GET_VERSION null | ret=SUCCESS |  
2019-09-20 14:16:19,640 [Datanode State Machine Thread - 0] INFO  ozoneimpl.OzoneContainer (OzoneContainer.java:start(186)) - Attempting to start container services.
2019-09-20 14:16:19,640 [Datanode State Machine Thread - 0] INFO  ozoneimpl.OzoneContainer (OzoneContainer.java:startContainerScrub(160)) - Background container scrubber has been disabled by hdds.containerscrub.enabled
2019-09-20 14:16:19,641 [Datanode State Machine Thread - 0] INFO  ratis.XceiverServerRatis (XceiverServerRatis.java:start(404)) - Starting XceiverServerRatis a0dd9521-a4a3-4dd5-8b72-1a675d264ce6 at port 0
2019-09-20 14:16:19,648 [Datanode State Machine Thread - 0] INFO  impl.RaftServerProxy (RaftServerProxy.java:lambda$start$3(299)) - a0dd9521-a4a3-4dd5-8b72-1a675d264ce6: start RPC server
2019-09-20 14:16:19,651 [Datanode State Machine Thread - 0] INFO  server.GrpcService (GrpcService.java:startImpl(149)) - a0dd9521-a4a3-4dd5-8b72-1a675d264ce6: GrpcService started, listening on 0.0.0.0/0.0.0.0:33314
2019-09-20 14:16:19,652 [Datanode State Machine Thread - 0] INFO  ratis.XceiverServerRatis (XceiverServerRatis.java:start(414)) - XceiverServerRatis a0dd9521-a4a3-4dd5-8b72-1a675d264ce6 is started using port 33314
2019-09-20 14:16:19,657 [Datanode State Machine Thread - 0] INFO  server.XceiverServerGrpc (XceiverServerGrpc.java:start(163)) - XceiverServerGrpc a0dd9521-a4a3-4dd5-8b72-1a675d264ce6 is started using port 39380
2019-09-20 14:16:19,812 | INFO  | SCMAudit | user=jenkins1000 | ip=192.168.36.99 | op=GET_VERSION null | ret=SUCCESS |  
2019-09-20 14:16:19,836 [Datanode State Machine Thread - 0] INFO  ozoneimpl.OzoneContainer (OzoneContainer.java:start(186)) - Attempting to start container services.
2019-09-20 14:16:19,836 [Datanode State Machine Thread - 0] INFO  ozoneimpl.OzoneContainer (OzoneContainer.java:startContainerScrub(160)) - Background container scrubber has been disabled by hdds.containerscrub.enabled
2019-09-20 14:16:19,837 [Datanode State Machine Thread - 0] INFO  ratis.XceiverServerRatis (XceiverServerRatis.java:start(404)) - Starting XceiverServerRatis ca8d0dbc-d7b9-40b5-b8a6-1ec03291533d at port 0
2019-09-20 14:16:19,844 [Datanode State Machine Thread - 0] INFO  impl.RaftServerProxy (RaftServerProxy.java:lambda$start$3(299)) - ca8d0dbc-d7b9-40b5-b8a6-1ec03291533d: start RPC server
2019-09-20 14:16:19,845 [Datanode State Machine Thread - 0] INFO  server.GrpcService (GrpcService.java:startImpl(149)) - ca8d0dbc-d7b9-40b5-b8a6-1ec03291533d: GrpcService started, listening on 0.0.0.0/0.0.0.0:36906
2019-09-20 14:16:19,845 [Datanode State Machine Thread - 0] INFO  ratis.XceiverServerRatis (XceiverServerRatis.java:start(414)) - XceiverServerRatis ca8d0dbc-d7b9-40b5-b8a6-1ec03291533d is started using port 36906
2019-09-20 14:16:19,846 [Datanode State Machine Thread - 0] INFO  server.XceiverServerGrpc (XceiverServerGrpc.java:start(163)) - XceiverServerGrpc ca8d0dbc-d7b9-40b5-b8a6-1ec03291533d is started using port 38186
2019-09-20 14:16:20,030 [Thread-804] INFO  ozone.MiniOzoneClusterImpl (MiniOzoneClusterImpl.java:lambda$waitForClusterToBeReady$0(142)) - Waiting for cluster to be ready. Got 0 of 3 DN Heartbeats.
2019-09-20 14:16:20,032 | INFO  | SCMAudit | user=jenkins1000 | ip=192.168.36.99 | op=GET_VERSION null | ret=SUCCESS |  
2019-09-20 14:16:20,055 [Datanode State Machine Thread - 0] INFO  ozoneimpl.OzoneContainer (OzoneContainer.java:start(186)) - Attempting to start container services.
2019-09-20 14:16:20,055 [Datanode State Machine Thread - 0] INFO  ozoneimpl.OzoneContainer (OzoneContainer.java:startContainerScrub(160)) - Background container scrubber has been disabled by hdds.containerscrub.enabled
2019-09-20 14:16:20,055 [Datanode State Machine Thread - 0] INFO  ratis.XceiverServerRatis (XceiverServerRatis.java:start(404)) - Starting XceiverServerRatis de3dee47-223f-471a-94cf-733bf04e3bfa at port 0
2019-09-20 14:16:20,065 [Datanode State Machine Thread - 0] INFO  impl.RaftServerProxy (RaftServerProxy.java:lambda$start$3(299)) - de3dee47-223f-471a-94cf-733bf04e3bfa: start RPC server
2019-09-20 14:16:20,066 [Datanode State Machine Thread - 0] INFO  server.GrpcService (GrpcService.java:startImpl(149)) - de3dee47-223f-471a-94cf-733bf04e3bfa: GrpcService started, listening on 0.0.0.0/0.0.0.0:36983
2019-09-20 14:16:20,066 [Datanode State Machine Thread - 0] INFO  ratis.XceiverServerRatis (XceiverServerRatis.java:start(414)) - XceiverServerRatis de3dee47-223f-471a-94cf-733bf04e3bfa is started using port 36983
2019-09-20 14:16:20,068 [Datanode State Machine Thread - 0] INFO  server.XceiverServerGrpc (XceiverServerGrpc.java:start(163)) - XceiverServerGrpc de3dee47-223f-471a-94cf-733bf04e3bfa is started using port 40886
2019-09-20 14:16:21,034 [Thread-804] INFO  ozone.MiniOzoneClusterImpl (MiniOzoneClusterImpl.java:lambda$waitForClusterToBeReady$0(142)) - Waiting for cluster to be ready. Got 0 of 3 DN Heartbeats.
2019-09-20 14:16:21,620 [IPC Server handler 0 on 36137] INFO  net.NetworkTopology (NetworkTopologyImpl.java:add(110)) - Added a new node: /default-rack/a0dd9521-a4a3-4dd5-8b72-1a675d264ce6
2019-09-20 14:16:21,622 [IPC Server handler 0 on 36137] INFO  node.SCMNodeManager (SCMNodeManager.java:register(273)) - Registered Data node : a0dd9521-a4a3-4dd5-8b72-1a675d264ce6{ip: 192.168.36.99, host: pr-hdds-1569-p5fx8-1226042367, networkLocation: /default-rack, certSerialId: null}
2019-09-20 14:16:21,623 [EventQueue-NodeRegistrationContainerReportForDataNodeSafeModeRule] INFO  safemode.SCMSafeModeManager (DataNodeSafeModeRule.java:process(71)) - SCM in safe mode. 1 DataNodes registered, 1 required.
2019-09-20 14:16:21,624 | INFO  | SCMAudit | user=jenkins1000 | ip=192.168.36.99 | op=REGISTER {datanodeDetails=a0dd9521-a4a3-4dd5-8b72-1a675d264ce6{ip: 192.168.36.99, host: pr-hdds-1569-p5fx8-1226042367, networkLocation: /default-rack, certSerialId: null}} | ret=SUCCESS |  
2019-09-20 14:16:21,624 [EventQueue-NodeRegistrationContainerReportForDataNodeSafeModeRule] INFO  safemode.SCMSafeModeManager (SCMSafeModeManager.java:validateSafeModeExitRules(177)) - ScmSafeModeManager, all rules are successfully validated
2019-09-20 14:16:21,624 [EventQueue-NodeRegistrationContainerReportForDataNodeSafeModeRule] INFO  safemode.SCMSafeModeManager (SCMSafeModeManager.java:exitSafeMode(193)) - SCM exiting safe mode.
2019-09-20 14:16:21,640 [grpc-default-executor-0] INFO  impl.RaftServerProxy (RaftServerProxy.java:addNew(89)) - a0dd9521-a4a3-4dd5-8b72-1a675d264ce6: addNew group-54717F9B0EEB:[a0dd9521-a4a3-4dd5-8b72-1a675d264ce6:192.168.36.99:33314] returns group-54717F9B0EEB:java.util.concurrent.CompletableFuture@14222db1[Not completed]
2019-09-20 14:16:21,642 [pool-186-thread-1] INFO  impl.RaftServerImpl (RaftServerImpl.java:<init>(93)) - a0dd9521-a4a3-4dd5-8b72-1a675d264ce6: new RaftServerImpl for group-54717F9B0EEB:[a0dd9521-a4a3-4dd5-8b72-1a675d264ce6:192.168.36.99:33314] with ContainerStateMachine:uninitialized
2019-09-20 14:16:21,642 [pool-186-thread-1] INFO  server.RaftServerConfigKeys (ConfUtils.java:logGet(43)) - raft.server.rpc.timeout.min = 5s (custom)
2019-09-20 14:16:21,642 [pool-186-thread-1] INFO  server.RaftServerConfigKeys (ConfUtils.java:logGet(43)) - raft.server.rpc.timeout.max = 5200ms (custom)
2019-09-20 14:16:21,643 [pool-186-thread-1] INFO  server.RaftServerConfigKeys (ConfUtils.java:logGet(43)) - raft.server.rpcslowness.timeout = 120s (custom)
2019-09-20 14:16:21,643 [pool-186-thread-1] INFO  server.RaftServerConfigKeys (ConfUtils.java:logGet(43)) - raft.server.sleep.deviation.threshold = 300 (default)
2019-09-20 14:16:21,643 [pool-186-thread-1] INFO  server.RaftServerConfigKeys (ConfUtils.java:logGet(43)) - raft.server.log.appender.install.snapshot.enabled = false (custom)
2019-09-20 14:16:21,643 [pool-186-thread-1] INFO  impl.RaftServerImpl (ServerState.java:<init>(105)) - a0dd9521-a4a3-4dd5-8b72-1a675d264ce6:group-54717F9B0EEB ConfigurationManager, init=-1: [a0dd9521-a4a3-4dd5-8b72-1a675d264ce6:192.168.36.99:33314], old=null, confs=<EMPTY_MAP>
2019-09-20 14:16:21,643 [pool-186-thread-1] INFO  server.RaftServerConfigKeys (ConfUtils.java:logGet(43)) - raft.server.storage.dir = [/workdir/hadoop-ozone/ozonefs/target/test-dir/MiniOzoneClusterImpl-bceee591-9a40-46aa-b11c-5805cf83e67e/datanode-0/data/ratis] (custom)
2019-09-20 14:16:21,644 [pool-186-thread-1] INFO  storage.RaftStorageDirectory (RaftStorageDirectory.java:analyzeStorage(246)) - The storage directory /workdir/hadoop-ozone/ozonefs/target/test-dir/MiniOzoneClusterImpl-bceee591-9a40-46aa-b11c-5805cf83e67e/datanode-0/data/ratis/2a4f1592-b88b-4b29-bbb4-54717f9b0eeb does not exist. Creating ...
2019-09-20 14:16:21,668 [pool-186-thread-1] INFO  storage.RaftStorageDirectory (RaftStorageDirectory.java:tryLock(328)) - Lock on /workdir/hadoop-ozone/ozonefs/target/test-dir/MiniOzoneClusterImpl-bceee591-9a40-46aa-b11c-5805cf83e67e/datanode-0/data/ratis/2a4f1592-b88b-4b29-bbb4-54717f9b0eeb/in_use.lock acquired by nodename 5474@pr-hdds-1569-p5fx8-1226042367
2019-09-20 14:16:21,685 [pool-186-thread-1] INFO  storage.RaftStorage (RaftStorage.java:format(72)) - Storage directory /workdir/hadoop-ozone/ozonefs/target/test-dir/MiniOzoneClusterImpl-bceee591-9a40-46aa-b11c-5805cf83e67e/datanode-0/data/ratis/2a4f1592-b88b-4b29-bbb4-54717f9b0eeb has been successfully formatted.
2019-09-20 14:16:21,685 [pool-186-thread-1] INFO  ratis.ContainerStateMachine (ContainerStateMachine.java:loadSnapshot(226)) - group-54717F9B0EEB: The snapshot info is null. Setting the last applied indexto:(t:0, i:~)
2019-09-20 14:16:21,685 [pool-186-thread-1] INFO  server.RaftServerConfigKeys (ConfUtils.java:logGet(43)) - raft.server.leader.election.timeout = 120s (custom)
2019-09-20 14:16:21,686 [pool-186-thread-1] INFO  server.RaftServerConfigKeys (ConfUtils.java:logGet(43)) - raft.server.log.use.memory = false (default)
2019-09-20 14:16:21,686 [pool-186-thread-1] INFO  server.RaftServerConfigKeys (ConfUtils.java:logGet(43)) - raft.server.log.purge.gap = 1000000 (custom)
2019-09-20 14:16:21,686 [pool-186-thread-1] INFO  server.RaftServerConfigKeys (ConfUtils.java:logGet(43)) - raft.server.log.appender.buffer.byte-limit = 33554432 (custom)
2019-09-20 14:16:21,686 [pool-186-thread-1] INFO  server.RaftServerConfigKeys (ConfUtils.java:logGet(43)) - raft.server.log.segment.size.max = 1048576 (custom)
2019-09-20 14:16:21,686 [pool-186-thread-1] INFO  server.RaftServerConfigKeys (ConfUtils.java:logGet(43)) - raft.server.log.segment.cache.num.max = 2 (custom)
2019-09-20 14:16:21,687 [pool-186-thread-1] INFO  segmented.SegmentedRaftLogWorker (SegmentedRaftLogWorker.java:<init>(172)) - new a0dd9521-a4a3-4dd5-8b72-1a675d264ce6-SegmentedRaftLogWorker:Storage Directory /workdir/hadoop-ozone/ozonefs/target/test-dir/MiniOzoneClusterImpl-bceee591-9a40-46aa-b11c-5805cf83e67e/datanode-0/data/ratis/2a4f1592-b88b-4b29-bbb4-54717f9b0eeb for RaftStorage:Storage Directory /workdir/hadoop-ozone/ozonefs/target/test-dir/MiniOzoneClusterImpl-bceee591-9a40-46aa-b11c-5805cf83e67e/datanode-0/data/ratis/2a4f1592-b88b-4b29-bbb4-54717f9b0eeb
2019-09-20 14:16:21,687 [pool-186-thread-1] INFO  server.RaftServerConfigKeys (ConfUtils.java:logGet(43)) - raft.server.log.queue.byte-limit = 2147483647 (custom)
2019-09-20 14:16:21,687 [pool-186-thread-1] INFO  server.RaftServerConfigKeys (ConfUtils.java:logGet(43)) - raft.server.log.queue.element-limit = 1024 (custom)
2019-09-20 14:16:21,688 [pool-186-thread-1] INFO  server.RaftServerConfigKeys (ConfUtils.java:logGet(43)) - raft.server.log.segment.size.max = 1048576 (custom)
2019-09-20 14:16:21,688 [pool-186-thread-1] INFO  server.RaftServerConfigKeys (ConfUtils.java:logGet(43)) - raft.server.log.preallocated.size = 16384 (custom)
2019-09-20 14:16:21,688 [pool-186-thread-1] INFO  server.RaftServerConfigKeys (ConfUtils.java:logGet(43)) - raft.server.log.write.buffer.size = 33554432 (custom)
2019-09-20 14:16:21,688 [pool-186-thread-1] INFO  server.RaftServerConfigKeys (ConfUtils.java:logGet(43)) - raft.server.log.force.sync.num = 128 (default)
2019-09-20 14:16:21,688 [pool-186-thread-1] INFO  server.RaftServerConfigKeys (ConfUtils.java:logGet(43)) - raft.server.log.statemachine.data.sync = true (default)
2019-09-20 14:16:21,689 [pool-186-thread-1] INFO  server.RaftServerConfigKeys (ConfUtils.java:logGet(43)) - raft.server.log.statemachine.data.sync.timeout = 10s (default)
2019-09-20 14:16:21,689 [pool-186-thread-1] INFO  server.RaftServerConfigKeys (ConfUtils.java:logGet(43)) - raft.server.log.statemachine.data.sync.timeout.retry = -1 (default)
2019-09-20 14:16:21,689 [pool-186-thread-1] INFO  server.RaftServerConfigKeys (ConfUtils.java:logGet(43)) - raft.server.log.statemachine.data.caching.enabled = true (custom)
2019-09-20 14:16:21,690 [pool-186-thread-1] INFO  segmented.SegmentedRaftLogWorker (SegmentedRaftLogWorker.java:lambda$new$0(132)) - a0dd9521-a4a3-4dd5-8b72-1a675d264ce6-SegmentedRaftLogWorker:Storage Directory /workdir/hadoop-ozone/ozonefs/target/test-dir/MiniOzoneClusterImpl-bceee591-9a40-46aa-b11c-5805cf83e67e/datanode-0/data/ratis/2a4f1592-b88b-4b29-bbb4-54717f9b0eeb: flushIndex: setUnconditionally 0 -> -1
2019-09-20 14:16:21,690 [pool-186-thread-1] INFO  server.RaftServerConfigKeys (ConfUtils.java:logGet(43)) - raft.server.snapshot.auto.trigger.enabled = true (custom)
2019-09-20 14:16:21,690 [pool-186-thread-1] INFO  server.RaftServerConfigKeys (ConfUtils.java:logGet(43)) - raft.server.snapshot.auto.trigger.threshold = 10000 (custom)
2019-09-20 14:16:21,691 [pool-186-thread-1] INFO  server.RaftServerConfigKeys (ConfUtils.java:logGet(43)) - raft.server.retrycache.expirytime = 600000ms (custom)
2019-09-20 14:16:21,691 [pool-186-thread-1] INFO  impl.RaftServerImpl (RaftServerImpl.java:start(180)) - a0dd9521-a4a3-4dd5-8b72-1a675d264ce6: start group-54717F9B0EEB
2019-09-20 14:16:21,691 [pool-186-thread-1] INFO  impl.RaftServerImpl (RaftServerImpl.java:setRole(171)) - a0dd9521-a4a3-4dd5-8b72-1a675d264ce6:group-54717F9B0EEB changes role from null to FOLLOWER at term 0 for startAsFollower
2019-09-20 14:16:21,691 [pool-186-thread-1] INFO  impl.RoleInfo (RoleInfo.java:updateAndGet(143)) - a0dd9521-a4a3-4dd5-8b72-1a675d264ce6: start FollowerState
2019-09-20 14:16:21,692 [pool-186-thread-1] INFO  util.JmxRegister (JmxRegister.java:tryRegister(44)) - Successfully registered JMX Bean with object name Ratis:service=RaftServer,group=group-54717F9B0EEB,id=a0dd9521-a4a3-4dd5-8b72-1a675d264ce6
2019-09-20 14:16:21,696 [RatisPipelineUtilsThread] INFO  pipeline.PipelineStateManager (PipelineStateManager.java:addPipeline(56)) - Created pipeline Pipeline[ Id: 2a4f1592-b88b-4b29-bbb4-54717f9b0eeb, Nodes: a0dd9521-a4a3-4dd5-8b72-1a675d264ce6{ip: 192.168.36.99, host: pr-hdds-1569-p5fx8-1226042367, networkLocation: /default-rack, certSerialId: null}, Type:RATIS, Factor:ONE, State:OPEN]
2019-09-20 14:16:21,702 [grpc-default-executor-0] INFO  impl.RaftServerProxy (RaftServerProxy.java:addNew(89)) - a0dd9521-a4a3-4dd5-8b72-1a675d264ce6: addNew group-186D73DE6A8B:[a0dd9521-a4a3-4dd5-8b72-1a675d264ce6:192.168.36.99:33314] returns group-186D73DE6A8B:java.util.concurrent.CompletableFuture@257c7cbd[Not completed]
2019-09-20 14:16:21,704 [pool-186-thread-1] INFO  impl.RaftServerImpl (RaftServerImpl.java:<init>(93)) - a0dd9521-a4a3-4dd5-8b72-1a675d264ce6: new RaftServerImpl for group-186D73DE6A8B:[a0dd9521-a4a3-4dd5-8b72-1a675d264ce6:192.168.36.99:33314] with ContainerStateMachine:uninitialized
2019-09-20 14:16:21,704 [pool-186-thread-1] INFO  server.RaftServerConfigKeys (ConfUtils.java:logGet(43)) - raft.server.rpc.timeout.min = 5s (custom)
2019-09-20 14:16:21,704 [pool-186-thread-1] INFO  server.RaftServerConfigKeys (ConfUtils.java:logGet(43)) - raft.server.rpc.timeout.max = 5200ms (custom)
2019-09-20 14:16:21,705 [pool-186-thread-1] INFO  server.RaftServerConfigKeys (ConfUtils.java:logGet(43)) - raft.server.rpcslowness.timeout = 120s (custom)
2019-09-20 14:16:21,705 [pool-186-thread-1] INFO  server.RaftServerConfigKeys (ConfUtils.java:logGet(43)) - raft.server.sleep.deviation.threshold = 300 (default)
2019-09-20 14:16:21,705 [pool-186-thread-1] INFO  server.RaftServerConfigKeys (ConfUtils.java:logGet(43)) - raft.server.log.appender.install.snapshot.enabled = false (custom)
2019-09-20 14:16:21,705 [pool-186-thread-1] INFO  impl.RaftServerImpl (ServerState.java:<init>(105)) - a0dd9521-a4a3-4dd5-8b72-1a675d264ce6:group-186D73DE6A8B ConfigurationManager, init=-1: [a0dd9521-a4a3-4dd5-8b72-1a675d264ce6:192.168.36.99:33314], old=null, confs=<EMPTY_MAP>
2019-09-20 14:16:21,705 [pool-186-thread-1] INFO  server.RaftServerConfigKeys (ConfUtils.java:logGet(43)) - raft.server.storage.dir = [/workdir/hadoop-ozone/ozonefs/target/test-dir/MiniOzoneClusterImpl-bceee591-9a40-46aa-b11c-5805cf83e67e/datanode-0/data/ratis] (custom)
2019-09-20 14:16:21,706 [pool-186-thread-1] INFO  storage.RaftStorageDirectory (RaftStorageDirectory.java:analyzeStorage(246)) - The storage directory /workdir/hadoop-ozone/ozonefs/target/test-dir/MiniOzoneClusterImpl-bceee591-9a40-46aa-b11c-5805cf83e67e/datanode-0/data/ratis/3f8fe7c9-0f78-48f4-9864-186d73de6a8b does not exist. Creating ...
2019-09-20 14:16:21,720 [pool-186-thread-1] INFO  storage.RaftStorageDirectory (RaftStorageDirectory.java:tryLock(328)) - Lock on /workdir/hadoop-ozone/ozonefs/target/test-dir/MiniOzoneClusterImpl-bceee591-9a40-46aa-b11c-5805cf83e67e/datanode-0/data/ratis/3f8fe7c9-0f78-48f4-9864-186d73de6a8b/in_use.lock acquired by nodename 5474@pr-hdds-1569-p5fx8-1226042367
2019-09-20 14:16:21,738 [pool-186-thread-1] INFO  storage.RaftStorage (RaftStorage.java:format(72)) - Storage directory /workdir/hadoop-ozone/ozonefs/target/test-dir/MiniOzoneClusterImpl-bceee591-9a40-46aa-b11c-5805cf83e67e/datanode-0/data/ratis/3f8fe7c9-0f78-48f4-9864-186d73de6a8b has been successfully formatted.
2019-09-20 14:16:21,739 [pool-186-thread-1] INFO  ratis.ContainerStateMachine (ContainerStateMachine.java:loadSnapshot(226)) - group-186D73DE6A8B: The snapshot info is null. Setting the last applied indexto:(t:0, i:~)
2019-09-20 14:16:21,739 [pool-186-thread-1] INFO  server.RaftServerConfigKeys (ConfUtils.java:logGet(43)) - raft.server.leader.election.timeout = 120s (custom)
2019-09-20 14:16:21,739 [pool-186-thread-1] INFO  server.RaftServerConfigKeys (ConfUtils.java:logGet(43)) - raft.server.log.use.memory = false (default)
2019-09-20 14:16:21,739 [pool-186-thread-1] INFO  server.RaftServerConfigKeys (ConfUtils.java:logGet(43)) - raft.server.log.purge.gap = 1000000 (custom)
2019-09-20 14:16:21,739 [pool-186-thread-1] INFO  server.RaftServerConfigKeys (ConfUtils.java:logGet(43)) - raft.server.log.appender.buffer.byte-limit = 33554432 (custom)
2019-09-20 14:16:21,740 [pool-186-thread-1] INFO  server.RaftServerConfigKeys (ConfUtils.java:logGet(43)) - raft.server.log.segment.size.max = 1048576 (custom)
2019-09-20 14:16:21,740 [pool-186-thread-1] INFO  server.RaftServerConfigKeys (ConfUtils.java:logGet(43)) - raft.server.log.segment.cache.num.max = 2 (custom)
2019-09-20 14:16:21,740 [pool-186-thread-1] INFO  segmented.SegmentedRaftLogWorker (SegmentedRaftLogWorker.java:<init>(172)) - new a0dd9521-a4a3-4dd5-8b72-1a675d264ce6-SegmentedRaftLogWorker:Storage Directory /workdir/hadoop-ozone/ozonefs/target/test-dir/MiniOzoneClusterImpl-bceee591-9a40-46aa-b11c-5805cf83e67e/datanode-0/data/ratis/3f8fe7c9-0f78-48f4-9864-186d73de6a8b for RaftStorage:Storage Directory /workdir/hadoop-ozone/ozonefs/target/test-dir/MiniOzoneClusterImpl-bceee591-9a40-46aa-b11c-5805cf83e67e/datanode-0/data/ratis/3f8fe7c9-0f78-48f4-9864-186d73de6a8b
2019-09-20 14:16:21,740 [pool-186-thread-1] INFO  server.RaftServerConfigKeys (ConfUtils.java:logGet(43)) - raft.server.log.queue.byte-limit = 2147483647 (custom)
2019-09-20 14:16:21,740 [pool-186-thread-1] INFO  server.RaftServerConfigKeys (ConfUtils.java:logGet(43)) - raft.server.log.queue.element-limit = 1024 (custom)
2019-09-20 14:16:21,740 [pool-186-thread-1] INFO  server.RaftServerConfigKeys (ConfUtils.java:logGet(43)) - raft.server.log.segment.size.max = 1048576 (custom)
2019-09-20 14:16:21,741 [pool-186-thread-1] INFO  server.RaftServerConfigKeys (ConfUtils.java:logGet(43)) - raft.server.log.preallocated.size = 16384 (custom)
2019-09-20 14:16:21,741 [pool-186-thread-1] INFO  server.RaftServerConfigKeys (ConfUtils.java:logGet(43)) - raft.server.log.write.buffer.size = 33554432 (custom)
2019-09-20 14:16:21,741 [pool-186-thread-1] INFO  server.RaftServerConfigKeys (ConfUtils.java:logGet(43)) - raft.server.log.force.sync.num = 128 (default)
2019-09-20 14:16:21,741 [pool-186-thread-1] INFO  server.RaftServerConfigKeys (ConfUtils.java:logGet(43)) - raft.server.log.statemachine.data.sync = true (default)
2019-09-20 14:16:21,741 [pool-186-thread-1] INFO  server.RaftServerConfigKeys (ConfUtils.java:logGet(43)) - raft.server.log.statemachine.data.sync.timeout = 10s (default)
2019-09-20 14:16:21,741 [pool-186-thread-1] INFO  server.RaftServerConfigKeys (ConfUtils.java:logGet(43)) - raft.server.log.statemachine.data.sync.timeout.retry = -1 (default)
2019-09-20 14:16:21,742 [pool-186-thread-1] INFO  server.RaftServerConfigKeys (ConfUtils.java:logGet(43)) - raft.server.log.statemachine.data.caching.enabled = true (custom)
2019-09-20 14:16:21,742 [pool-186-thread-1] INFO  segmented.SegmentedRaftLogWorker (SegmentedRaftLogWorker.java:lambda$new$0(132)) - a0dd9521-a4a3-4dd5-8b72-1a675d264ce6-SegmentedRaftLogWorker:Storage Directory /workdir/hadoop-ozone/ozonefs/target/test-dir/MiniOzoneClusterImpl-bceee591-9a40-46aa-b11c-5805cf83e67e/datanode-0/data/ratis/3f8fe7c9-0f78-48f4-9864-186d73de6a8b: flushIndex: setUnconditionally 0 -> -1
2019-09-20 14:16:21,742 [pool-186-thread-1] INFO  server.RaftServerConfigKeys (ConfUtils.java:logGet(43)) - raft.server.snapshot.auto.trigger.enabled = true (custom)
2019-09-20 14:16:21,742 [pool-186-thread-1] INFO  server.RaftServerConfigKeys (ConfUtils.java:logGet(43)) - raft.server.snapshot.auto.trigger.threshold = 10000 (custom)
2019-09-20 14:16:21,743 [pool-186-thread-1] INFO  server.RaftServerConfigKeys (ConfUtils.java:logGet(43)) - raft.server.retrycache.expirytime = 600000ms (custom)
2019-09-20 14:16:21,743 [pool-186-thread-1] INFO  impl.RaftServerImpl (RaftServerImpl.java:start(180)) - a0dd9521-a4a3-4dd5-8b72-1a675d264ce6: start group-186D73DE6A8B
2019-09-20 14:16:21,743 [pool-186-thread-1] INFO  impl.RaftServerImpl (RaftServerImpl.java:setRole(171)) - a0dd9521-a4a3-4dd5-8b72-1a675d264ce6:group-186D73DE6A8B changes role from null to FOLLOWER at term 0 for startAsFollower
2019-09-20 14:16:21,743 [pool-186-thread-1] INFO  impl.RoleInfo (RoleInfo.java:updateAndGet(143)) - a0dd9521-a4a3-4dd5-8b72-1a675d264ce6: start FollowerState
2019-09-20 14:16:21,744 [pool-186-thread-1] INFO  util.JmxRegister (JmxRegister.java:tryRegister(44)) - Successfully registered JMX Bean with object name Ratis:service=RaftServer,group=group-186D73DE6A8B,id=a0dd9521-a4a3-4dd5-8b72-1a675d264ce6
2019-09-20 14:16:21,746 [RatisPipelineUtilsThread] INFO  pipeline.PipelineStateManager (PipelineStateManager.java:addPipeline(56)) - Created pipeline Pipeline[ Id: 3f8fe7c9-0f78-48f4-9864-186d73de6a8b, Nodes: a0dd9521-a4a3-4dd5-8b72-1a675d264ce6{ip: 192.168.36.99, host: pr-hdds-1569-p5fx8-1226042367, networkLocation: /default-rack, certSerialId: null}, Type:RATIS, Factor:ONE, State:OPEN]
2019-09-20 14:16:21,755 [grpc-default-executor-0] INFO  impl.RaftServerProxy (RaftServerProxy.java:addNew(89)) - a0dd9521-a4a3-4dd5-8b72-1a675d264ce6: addNew group-F192CA306A28:[a0dd9521-a4a3-4dd5-8b72-1a675d264ce6:192.168.36.99:33314] returns group-F192CA306A28:java.util.concurrent.CompletableFuture@740dd2fe[Not completed]
2019-09-20 14:16:21,758 [pool-186-thread-1] INFO  impl.RaftServerImpl (RaftServerImpl.java:<init>(93)) - a0dd9521-a4a3-4dd5-8b72-1a675d264ce6: new RaftServerImpl for group-F192CA306A28:[a0dd9521-a4a3-4dd5-8b72-1a675d264ce6:192.168.36.99:33314] with ContainerStateMachine:uninitialized
2019-09-20 14:16:21,758 [pool-186-thread-1] INFO  server.RaftServerConfigKeys (ConfUtils.java:logGet(43)) - raft.server.rpc.timeout.min = 5s (custom)
2019-09-20 14:16:21,758 [pool-186-thread-1] INFO  server.RaftServerConfigKeys (ConfUtils.java:logGet(43)) - raft.server.rpc.timeout.max = 5200ms (custom)
2019-09-20 14:16:21,758 [pool-186-thread-1] INFO  server.RaftServerConfigKeys (ConfUtils.java:logGet(43)) - raft.server.rpcslowness.timeout = 120s (custom)
2019-09-20 14:16:21,759 [pool-186-thread-1] INFO  server.RaftServerConfigKeys (ConfUtils.java:logGet(43)) - raft.server.sleep.deviation.threshold = 300 (default)
2019-09-20 14:16:21,759 [pool-186-thread-1] INFO  server.RaftServerConfigKeys (ConfUtils.java:logGet(43)) - raft.server.log.appender.install.snapshot.enabled = false (custom)
2019-09-20 14:16:21,759 [pool-186-thread-1] INFO  impl.RaftServerImpl (ServerState.java:<init>(105)) - a0dd9521-a4a3-4dd5-8b72-1a675d264ce6:group-F192CA306A28 ConfigurationManager, init=-1: [a0dd9521-a4a3-4dd5-8b72-1a675d264ce6:192.168.36.99:33314], old=null, confs=<EMPTY_MAP>
2019-09-20 14:16:21,759 [pool-186-thread-1] INFO  server.RaftServerConfigKeys (ConfUtils.java:logGet(43)) - raft.server.storage.dir = [/workdir/hadoop-ozone/ozonefs/target/test-dir/MiniOzoneClusterImpl-bceee591-9a40-46aa-b11c-5805cf83e67e/datanode-0/data/ratis] (custom)
2019-09-20 14:16:21,760 [pool-186-thread-1] INFO  storage.RaftStorageDirectory (RaftStorageDirectory.java:analyzeStorage(246)) - The storage directory /workdir/hadoop-ozone/ozonefs/target/test-dir/MiniOzoneClusterImpl-bceee591-9a40-46aa-b11c-5805cf83e67e/datanode-0/data/ratis/a45cdcb3-3bff-48c3-8760-f192ca306a28 does not exist. Creating ...
2019-09-20 14:16:21,790 [pool-186-thread-1] INFO  storage.RaftStorageDirectory (RaftStorageDirectory.java:tryLock(328)) - Lock on /workdir/hadoop-ozone/ozonefs/target/test-dir/MiniOzoneClusterImpl-bceee591-9a40-46aa-b11c-5805cf83e67e/datanode-0/data/ratis/a45cdcb3-3bff-48c3-8760-f192ca306a28/in_use.lock acquired by nodename 5474@pr-hdds-1569-p5fx8-1226042367
2019-09-20 14:16:21,808 [pool-186-thread-1] INFO  storage.RaftStorage (RaftStorage.java:format(72)) - Storage directory /workdir/hadoop-ozone/ozonefs/target/test-dir/MiniOzoneClusterImpl-bceee591-9a40-46aa-b11c-5805cf83e67e/datanode-0/data/ratis/a45cdcb3-3bff-48c3-8760-f192ca306a28 has been successfully formatted.
2019-09-20 14:16:21,808 [pool-186-thread-1] INFO  ratis.ContainerStateMachine (ContainerStateMachine.java:loadSnapshot(226)) - group-F192CA306A28: The snapshot info is null. Setting the last applied indexto:(t:0, i:~)
2019-09-20 14:16:21,808 [pool-186-thread-1] INFO  server.RaftServerConfigKeys (ConfUtils.java:logGet(43)) - raft.server.leader.election.timeout = 120s (custom)
2019-09-20 14:16:21,808 [pool-186-thread-1] INFO  server.RaftServerConfigKeys (ConfUtils.java:logGet(43)) - raft.server.log.use.memory = false (default)
2019-09-20 14:16:21,809 [pool-186-thread-1] INFO  server.RaftServerConfigKeys (ConfUtils.java:logGet(43)) - raft.server.log.purge.gap = 1000000 (custom)
2019-09-20 14:16:21,809 [pool-186-thread-1] INFO  server.RaftServerConfigKeys (ConfUtils.java:logGet(43)) - raft.server.log.appender.buffer.byte-limit = 33554432 (custom)
2019-09-20 14:16:21,809 [pool-186-thread-1] INFO  server.RaftServerConfigKeys (ConfUtils.java:logGet(43)) - raft.server.log.segment.size.max = 1048576 (custom)
2019-09-20 14:16:21,809 [pool-186-thread-1] INFO  server.RaftServerConfigKeys (ConfUtils.java:logGet(43)) - raft.server.log.segment.cache.num.max = 2 (custom)
2019-09-20 14:16:21,809 [pool-186-thread-1] INFO  segmented.SegmentedRaftLogWorker (SegmentedRaftLogWorker.java:<init>(172)) - new a0dd9521-a4a3-4dd5-8b72-1a675d264ce6-SegmentedRaftLogWorker:Storage Directory /workdir/hadoop-ozone/ozonefs/target/test-dir/MiniOzoneClusterImpl-bceee591-9a40-46aa-b11c-5805cf83e67e/datanode-0/data/ratis/a45cdcb3-3bff-48c3-8760-f192ca306a28 for RaftStorage:Storage Directory /workdir/hadoop-ozone/ozonefs/target/test-dir/MiniOzoneClusterImpl-bceee591-9a40-46aa-b11c-5805cf83e67e/datanode-0/data/ratis/a45cdcb3-3bff-48c3-8760-f192ca306a28
2019-09-20 14:16:21,809 [pool-186-thread-1] INFO  server.RaftServerConfigKeys (ConfUtils.java:logGet(43)) - raft.server.log.queue.byte-limit = 2147483647 (custom)
2019-09-20 14:16:21,809 [pool-186-thread-1] INFO  server.RaftServerConfigKeys (ConfUtils.java:logGet(43)) - raft.server.log.queue.element-limit = 1024 (custom)
2019-09-20 14:16:21,810 [pool-186-thread-1] INFO  server.RaftServerConfigKeys (ConfUtils.java:logGet(43)) - raft.server.log.segment.size.max = 1048576 (custom)
2019-09-20 14:16:21,810 [pool-186-thread-1] INFO  server.RaftServerConfigKeys (ConfUtils.java:logGet(43)) - raft.server.log.preallocated.size = 16384 (custom)
2019-09-20 14:16:21,810 [pool-186-thread-1] INFO  server.RaftServerConfigKeys (ConfUtils.java:logGet(43)) - raft.server.log.write.buffer.size = 33554432 (custom)
2019-09-20 14:16:21,810 [pool-186-thread-1] INFO  server.RaftServerConfigKeys (ConfUtils.java:logGet(43)) - raft.server.log.force.sync.num = 128 (default)
2019-09-20 14:16:21,810 [pool-186-thread-1] INFO  server.RaftServerConfigKeys (ConfUtils.java:logGet(43)) - raft.server.log.statemachine.data.sync = true (default)
2019-09-20 14:16:21,810 [pool-186-thread-1] INFO  server.RaftServerConfigKeys (ConfUtils.java:logGet(43)) - raft.server.log.statemachine.data.sync.timeout = 10s (default)
2019-09-20 14:16:21,810 [pool-186-thread-1] INFO  server.RaftServerConfigKeys (ConfUtils.java:logGet(43)) - raft.server.log.statemachine.data.sync.timeout.retry = -1 (default)
2019-09-20 14:16:21,811 [pool-186-thread-1] INFO  server.RaftServerConfigKeys (ConfUtils.java:logGet(43)) - raft.server.log.statemachine.data.caching.enabled = true (custom)
2019-09-20 14:16:21,811 [pool-186-thread-1] INFO  segmented.SegmentedRaftLogWorker (SegmentedRaftLogWorker.java:lambda$new$0(132)) - a0dd9521-a4a3-4dd5-8b72-1a675d264ce6-SegmentedRaftLogWorker:Storage Directory /workdir/hadoop-ozone/ozonefs/target/test-dir/MiniOzoneClusterImpl-bceee591-9a40-46aa-b11c-5805cf83e67e/datanode-0/data/ratis/a45cdcb3-3bff-48c3-8760-f192ca306a28: flushIndex: setUnconditionally 0 -> -1
2019-09-20 14:16:21,811 [pool-186-thread-1] INFO  server.RaftServerConfigKeys (ConfUtils.java:logGet(43)) - raft.server.snapshot.auto.trigger.enabled = true (custom)
2019-09-20 14:16:21,812 [pool-186-thread-1] INFO  server.RaftServerConfigKeys (ConfUtils.java:logGet(43)) - raft.server.snapshot.auto.trigger.threshold = 10000 (custom)
2019-09-20 14:16:21,812 [pool-186-thread-1] INFO  server.RaftServerConfigKeys (ConfUtils.java:logGet(43)) - raft.server.retrycache.expirytime = 600000ms (custom)
2019-09-20 14:16:21,812 [pool-186-thread-1] INFO  impl.RaftServerImpl (RaftServerImpl.java:start(180)) - a0dd9521-a4a3-4dd5-8b72-1a675d264ce6: start group-F192CA306A28
2019-09-20 14:16:21,812 [pool-186-thread-1] INFO  impl.RaftServerImpl (RaftServerImpl.java:setRole(171)) - a0dd9521-a4a3-4dd5-8b72-1a675d264ce6:group-F192CA306A28 changes role from null to FOLLOWER at term 0 for startAsFollower
2019-09-20 14:16:21,812 [pool-186-thread-1] INFO  impl.RoleInfo (RoleInfo.java:updateAndGet(143)) - a0dd9521-a4a3-4dd5-8b72-1a675d264ce6: start FollowerState
2019-09-20 14:16:21,813 [pool-186-thread-1] INFO  util.JmxRegister (JmxRegister.java:tryRegister(44)) - Successfully registered JMX Bean with object name Ratis:service=RaftServer,group=group-F192CA306A28,id=a0dd9521-a4a3-4dd5-8b72-1a675d264ce6
2019-09-20 14:16:21,817 [IPC Server handler 3 on 36137] INFO  net.NetworkTopology (NetworkTopologyImpl.java:add(110)) - Added a new node: /default-rack/ca8d0dbc-d7b9-40b5-b8a6-1ec03291533d
2019-09-20 14:16:21,817 [IPC Server handler 3 on 36137] INFO  node.SCMNodeManager (SCMNodeManager.java:register(273)) - Registered Data node : ca8d0dbc-d7b9-40b5-b8a6-1ec03291533d{ip: 192.168.36.99, host: pr-hdds-1569-p5fx8-1226042367, networkLocation: /default-rack, certSerialId: null}
2019-09-20 14:16:21,818 [RatisPipelineUtilsThread] INFO  pipeline.PipelineStateManager (PipelineStateManager.java:addPipeline(56)) - Created pipeline Pipeline[ Id: a45cdcb3-3bff-48c3-8760-f192ca306a28, Nodes: a0dd9521-a4a3-4dd5-8b72-1a675d264ce6{ip: 192.168.36.99, host: pr-hdds-1569-p5fx8-1226042367, networkLocation: /default-rack, certSerialId: null}, Type:RATIS, Factor:ONE, State:OPEN]
2019-09-20 14:16:21,819 | INFO  | SCMAudit | user=jenkins1000 | ip=192.168.36.99 | op=REGISTER {datanodeDetails=ca8d0dbc-d7b9-40b5-b8a6-1ec03291533d{ip: 192.168.36.99, host: pr-hdds-1569-p5fx8-1226042367, networkLocation: /default-rack, certSerialId: null}} | ret=SUCCESS |  
2019-09-20 14:16:21,829 [grpc-default-executor-0] INFO  impl.RaftServerProxy (RaftServerProxy.java:addNew(89)) - ca8d0dbc-d7b9-40b5-b8a6-1ec03291533d: addNew group-088B08B19C69:[ca8d0dbc-d7b9-40b5-b8a6-1ec03291533d:192.168.36.99:36906] returns group-088B08B19C69:java.util.concurrent.CompletableFuture@6a43efde[Not completed]
2019-09-20 14:16:21,831 [pool-197-thread-1] INFO  impl.RaftServerImpl (RaftServerImpl.java:<init>(93)) - ca8d0dbc-d7b9-40b5-b8a6-1ec03291533d: new RaftServerImpl for group-088B08B19C69:[ca8d0dbc-d7b9-40b5-b8a6-1ec03291533d:192.168.36.99:36906] with ContainerStateMachine:uninitialized
2019-09-20 14:16:21,831 [pool-197-thread-1] INFO  server.RaftServerConfigKeys (ConfUtils.java:logGet(43)) - raft.server.rpc.timeout.min = 5s (custom)
2019-09-20 14:16:21,831 [pool-197-thread-1] INFO  server.RaftServerConfigKeys (ConfUtils.java:logGet(43)) - raft.server.rpc.timeout.max = 5200ms (custom)
2019-09-20 14:16:21,831 [pool-197-thread-1] INFO  server.RaftServerConfigKeys (ConfUtils.java:logGet(43)) - raft.server.rpcslowness.timeout = 120s (custom)
2019-09-20 14:16:21,831 [pool-197-thread-1] INFO  server.RaftServerConfigKeys (ConfUtils.java:logGet(43)) - raft.server.sleep.deviation.threshold = 300 (default)
2019-09-20 14:16:21,831 [pool-197-thread-1] INFO  server.RaftServerConfigKeys (ConfUtils.java:logGet(43)) - raft.server.log.appender.install.snapshot.enabled = false (custom)
2019-09-20 14:16:21,832 [pool-197-thread-1] INFO  impl.RaftServerImpl (ServerState.java:<init>(105)) - ca8d0dbc-d7b9-40b5-b8a6-1ec03291533d:group-088B08B19C69 ConfigurationManager, init=-1: [ca8d0dbc-d7b9-40b5-b8a6-1ec03291533d:192.168.36.99:36906], old=null, confs=<EMPTY_MAP>
2019-09-20 14:16:21,832 [pool-197-thread-1] INFO  server.RaftServerConfigKeys (ConfUtils.java:logGet(43)) - raft.server.storage.dir = [/workdir/hadoop-ozone/ozonefs/target/test-dir/MiniOzoneClusterImpl-bceee591-9a40-46aa-b11c-5805cf83e67e/datanode-1/data/ratis] (custom)
2019-09-20 14:16:21,832 [pool-197-thread-1] INFO  storage.RaftStorageDirectory (RaftStorageDirectory.java:analyzeStorage(246)) - The storage directory /workdir/hadoop-ozone/ozonefs/target/test-dir/MiniOzoneClusterImpl-bceee591-9a40-46aa-b11c-5805cf83e67e/datanode-1/data/ratis/d89a62fa-12c5-485a-8141-088b08b19c69 does not exist. Creating ...
2019-09-20 14:16:21,858 [pool-197-thread-1] INFO  storage.RaftStorageDirectory (RaftStorageDirectory.java:tryLock(328)) - Lock on /workdir/hadoop-ozone/ozonefs/target/test-dir/MiniOzoneClusterImpl-bceee591-9a40-46aa-b11c-5805cf83e67e/datanode-1/data/ratis/d89a62fa-12c5-485a-8141-088b08b19c69/in_use.lock acquired by nodename 5474@pr-hdds-1569-p5fx8-1226042367
2019-09-20 14:16:21,875 [pool-197-thread-1] INFO  storage.RaftStorage (RaftStorage.java:format(72)) - Storage directory /workdir/hadoop-ozone/ozonefs/target/test-dir/MiniOzoneClusterImpl-bceee591-9a40-46aa-b11c-5805cf83e67e/datanode-1/data/ratis/d89a62fa-12c5-485a-8141-088b08b19c69 has been successfully formatted.
2019-09-20 14:16:21,875 [pool-197-thread-1] INFO  ratis.ContainerStateMachine (ContainerStateMachine.java:loadSnapshot(226)) - group-088B08B19C69: The snapshot info is null. Setting the last applied indexto:(t:0, i:~)
2019-09-20 14:16:21,876 [pool-197-thread-1] INFO  server.RaftServerConfigKeys (ConfUtils.java:logGet(43)) - raft.server.leader.election.timeout = 120s (custom)
2019-09-20 14:16:21,876 [pool-197-thread-1] INFO  server.RaftServerConfigKeys (ConfUtils.java:logGet(43)) - raft.server.log.use.memory = false (default)
2019-09-20 14:16:21,876 [pool-197-thread-1] INFO  server.RaftServerConfigKeys (ConfUtils.java:logGet(43)) - raft.server.log.purge.gap = 1000000 (custom)
2019-09-20 14:16:21,876 [pool-197-thread-1] INFO  server.RaftServerConfigKeys (ConfUtils.java:logGet(43)) - raft.server.log.appender.buffer.byte-limit = 33554432 (custom)
2019-09-20 14:16:21,876 [pool-197-thread-1] INFO  server.RaftServerConfigKeys (ConfUtils.java:logGet(43)) - raft.server.log.segment.size.max = 1048576 (custom)
2019-09-20 14:16:21,877 [pool-197-thread-1] INFO  server.RaftServerConfigKeys (ConfUtils.java:logGet(43)) - raft.server.log.segment.cache.num.max = 2 (custom)
2019-09-20 14:16:21,877 [pool-197-thread-1] INFO  segmented.SegmentedRaftLogWorker (SegmentedRaftLogWorker.java:<init>(172)) - new ca8d0dbc-d7b9-40b5-b8a6-1ec03291533d-SegmentedRaftLogWorker:Storage Directory /workdir/hadoop-ozone/ozonefs/target/test-dir/MiniOzoneClusterImpl-bceee591-9a40-46aa-b11c-5805cf83e67e/datanode-1/data/ratis/d89a62fa-12c5-485a-8141-088b08b19c69 for RaftStorage:Storage Directory /workdir/hadoop-ozone/ozonefs/target/test-dir/MiniOzoneClusterImpl-bceee591-9a40-46aa-b11c-5805cf83e67e/datanode-1/data/ratis/d89a62fa-12c5-485a-8141-088b08b19c69
2019-09-20 14:16:21,877 [pool-197-thread-1] INFO  server.RaftServerConfigKeys (ConfUtils.java:logGet(43)) - raft.server.log.queue.byte-limit = 2147483647 (custom)
2019-09-20 14:16:21,877 [pool-197-thread-1] INFO  server.RaftServerConfigKeys (ConfUtils.java:logGet(43)) - raft.server.log.queue.element-limit = 1024 (custom)
2019-09-20 14:16:21,878 [pool-197-thread-1] INFO  server.RaftServerConfigKeys (ConfUtils.java:logGet(43)) - raft.server.log.segment.size.max = 1048576 (custom)
2019-09-20 14:16:21,878 [pool-197-thread-1] INFO  server.RaftServerConfigKeys (ConfUtils.java:logGet(43)) - raft.server.log.preallocated.size = 16384 (custom)
2019-09-20 14:16:21,878 [pool-197-thread-1] INFO  server.RaftServerConfigKeys (ConfUtils.java:logGet(43)) - raft.server.log.write.buffer.size = 33554432 (custom)
2019-09-20 14:16:21,878 [pool-197-thread-1] INFO  server.RaftServerConfigKeys (ConfUtils.java:logGet(43)) - raft.server.log.force.sync.num = 128 (default)
2019-09-20 14:16:21,878 [pool-197-thread-1] INFO  server.RaftServerConfigKeys (ConfUtils.java:logGet(43)) - raft.server.log.statemachine.data.sync = true (default)
2019-09-20 14:16:21,878 [pool-197-thread-1] INFO  server.RaftServerConfigKeys (ConfUtils.java:logGet(43)) - raft.server.log.statemachine.data.sync.timeout = 10s (default)
2019-09-20 14:16:21,879 [pool-197-thread-1] INFO  server.RaftServerConfigKeys (ConfUtils.java:logGet(43)) - raft.server.log.statemachine.data.sync.timeout.retry = -1 (default)
2019-09-20 14:16:21,879 [pool-197-thread-1] INFO  server.RaftServerConfigKeys (ConfUtils.java:logGet(43)) - raft.server.log.statemachine.data.caching.enabled = true (custom)
2019-09-20 14:16:21,879 [pool-197-thread-1] INFO  segmented.SegmentedRaftLogWorker (SegmentedRaftLogWorker.java:lambda$new$0(132)) - ca8d0dbc-d7b9-40b5-b8a6-1ec03291533d-SegmentedRaftLogWorker:Storage Directory /workdir/hadoop-ozone/ozonefs/target/test-dir/MiniOzoneClusterImpl-bceee591-9a40-46aa-b11c-5805cf83e67e/datanode-1/data/ratis/d89a62fa-12c5-485a-8141-088b08b19c69: flushIndex: setUnconditionally 0 -> -1
2019-09-20 14:16:21,880 [pool-197-thread-1] INFO  server.RaftServerConfigKeys (ConfUtils.java:logGet(43)) - raft.server.snapshot.auto.trigger.enabled = true (custom)
2019-09-20 14:16:21,880 [pool-197-thread-1] INFO  server.RaftServerConfigKeys (ConfUtils.java:logGet(43)) - raft.server.snapshot.auto.trigger.threshold = 10000 (custom)
2019-09-20 14:16:21,880 [pool-197-thread-1] INFO  server.RaftServerConfigKeys (ConfUtils.java:logGet(43)) - raft.server.retrycache.expirytime = 600000ms (custom)
2019-09-20 14:16:21,880 [pool-197-thread-1] INFO  impl.RaftServerImpl (RaftServerImpl.java:start(180)) - ca8d0dbc-d7b9-40b5-b8a6-1ec03291533d: start group-088B08B19C69
2019-09-20 14:16:21,881 [pool-197-thread-1] INFO  impl.RaftServerImpl (RaftServerImpl.java:setRole(171)) - ca8d0dbc-d7b9-40b5-b8a6-1ec03291533d:group-088B08B19C69 changes role from null to FOLLOWER at term 0 for startAsFollower
2019-09-20 14:16:21,881 [pool-197-thread-1] INFO  impl.RoleInfo (RoleInfo.java:updateAndGet(143)) - ca8d0dbc-d7b9-40b5-b8a6-1ec03291533d: start FollowerState
2019-09-20 14:16:21,881 [pool-197-thread-1] INFO  util.JmxRegister (JmxRegister.java:tryRegister(44)) - Successfully registered JMX Bean with object name Ratis:service=RaftServer,group=group-088B08B19C69,id=ca8d0dbc-d7b9-40b5-b8a6-1ec03291533d
2019-09-20 14:16:21,885 [RatisPipelineUtilsThread] INFO  pipeline.PipelineStateManager (PipelineStateManager.java:addPipeline(56)) - Created pipeline Pipeline[ Id: d89a62fa-12c5-485a-8141-088b08b19c69, Nodes: ca8d0dbc-d7b9-40b5-b8a6-1ec03291533d{ip: 192.168.36.99, host: pr-hdds-1569-p5fx8-1226042367, networkLocation: /default-rack, certSerialId: null}, Type:RATIS, Factor:ONE, State:OPEN]
2019-09-20 14:16:21,891 [grpc-default-executor-0] INFO  impl.RaftServerProxy (RaftServerProxy.java:addNew(89)) - a0dd9521-a4a3-4dd5-8b72-1a675d264ce6: addNew group-4AB1BF63E0C8:[a0dd9521-a4a3-4dd5-8b72-1a675d264ce6:192.168.36.99:33314] returns group-4AB1BF63E0C8:java.util.concurrent.CompletableFuture@394162f7[Not completed]
2019-09-20 14:16:21,893 [pool-186-thread-1] INFO  impl.RaftServerImpl (RaftServerImpl.java:<init>(93)) - a0dd9521-a4a3-4dd5-8b72-1a675d264ce6: new RaftServerImpl for group-4AB1BF63E0C8:[a0dd9521-a4a3-4dd5-8b72-1a675d264ce6:192.168.36.99:33314] with ContainerStateMachine:uninitialized
2019-09-20 14:16:21,893 [pool-186-thread-1] INFO  server.RaftServerConfigKeys (ConfUtils.java:logGet(43)) - raft.server.rpc.timeout.min = 5s (custom)
2019-09-20 14:16:21,893 [pool-186-thread-1] INFO  server.RaftServerConfigKeys (ConfUtils.java:logGet(43)) - raft.server.rpc.timeout.max = 5200ms (custom)
2019-09-20 14:16:21,894 [pool-186-thread-1] INFO  server.RaftServerConfigKeys (ConfUtils.java:logGet(43)) - raft.server.rpcslowness.timeout = 120s (custom)
2019-09-20 14:16:21,894 [pool-186-thread-1] INFO  server.RaftServerConfigKeys (ConfUtils.java:logGet(43)) - raft.server.sleep.deviation.threshold = 300 (default)
2019-09-20 14:16:21,894 [pool-186-thread-1] INFO  server.RaftServerConfigKeys (ConfUtils.java:logGet(43)) - raft.server.log.appender.install.snapshot.enabled = false (custom)
2019-09-20 14:16:21,894 [pool-186-thread-1] INFO  impl.RaftServerImpl (ServerState.java:<init>(105)) - a0dd9521-a4a3-4dd5-8b72-1a675d264ce6:group-4AB1BF63E0C8 ConfigurationManager, init=-1: [a0dd9521-a4a3-4dd5-8b72-1a675d264ce6:192.168.36.99:33314], old=null, confs=<EMPTY_MAP>
2019-09-20 14:16:21,894 [pool-186-thread-1] INFO  server.RaftServerConfigKeys (ConfUtils.java:logGet(43)) - raft.server.storage.dir = [/workdir/hadoop-ozone/ozonefs/target/test-dir/MiniOzoneClusterImpl-bceee591-9a40-46aa-b11c-5805cf83e67e/datanode-0/data/ratis] (custom)
2019-09-20 14:16:21,895 [pool-186-thread-1] INFO  storage.RaftStorageDirectory (RaftStorageDirectory.java:analyzeStorage(246)) - The storage directory /workdir/hadoop-ozone/ozonefs/target/test-dir/MiniOzoneClusterImpl-bceee591-9a40-46aa-b11c-5805cf83e67e/datanode-0/data/ratis/f5b29b62-2061-4e7d-893c-4ab1bf63e0c8 does not exist. Creating ...
2019-09-20 14:16:21,909 [pool-186-thread-1] INFO  storage.RaftStorageDirectory (RaftStorageDirectory.java:tryLock(328)) - Lock on /workdir/hadoop-ozone/ozonefs/target/test-dir/MiniOzoneClusterImpl-bceee591-9a40-46aa-b11c-5805cf83e67e/datanode-0/data/ratis/f5b29b62-2061-4e7d-893c-4ab1bf63e0c8/in_use.lock acquired by nodename 5474@pr-hdds-1569-p5fx8-1226042367
2019-09-20 14:16:21,959 [pool-186-thread-1] INFO  storage.RaftStorage (RaftStorage.java:format(72)) - Storage directory /workdir/hadoop-ozone/ozonefs/target/test-dir/MiniOzoneClusterImpl-bceee591-9a40-46aa-b11c-5805cf83e67e/datanode-0/data/ratis/f5b29b62-2061-4e7d-893c-4ab1bf63e0c8 has been successfully formatted.
2019-09-20 14:16:21,959 [pool-186-thread-1] INFO  ratis.ContainerStateMachine (ContainerStateMachine.java:loadSnapshot(226)) - group-4AB1BF63E0C8: The snapshot info is null. Setting the last applied indexto:(t:0, i:~)
2019-09-20 14:16:21,960 [pool-186-thread-1] INFO  server.RaftServerConfigKeys (ConfUtils.java:logGet(43)) - raft.server.leader.election.timeout = 120s (custom)
2019-09-20 14:16:21,960 [pool-186-thread-1] INFO  server.RaftServerConfigKeys (ConfUtils.java:logGet(43)) - raft.server.log.use.memory = false (default)
2019-09-20 14:16:21,960 [pool-186-thread-1] INFO  server.RaftServerConfigKeys (ConfUtils.java:logGet(43)) - raft.server.log.purge.gap = 1000000 (custom)
2019-09-20 14:16:21,960 [pool-186-thread-1] INFO  server.RaftServerConfigKeys (ConfUtils.java:logGet(43)) - raft.server.log.appender.buffer.byte-limit = 33554432 (custom)
2019-09-20 14:16:21,960 [pool-186-thread-1] INFO  server.RaftServerConfigKeys (ConfUtils.java:logGet(43)) - raft.server.log.segment.size.max = 1048576 (custom)
2019-09-20 14:16:21,960 [pool-186-thread-1] INFO  server.RaftServerConfigKeys (ConfUtils.java:logGet(43)) - raft.server.log.segment.cache.num.max = 2 (custom)
2019-09-20 14:16:21,961 [pool-186-thread-1] INFO  segmented.SegmentedRaftLogWorker (SegmentedRaftLogWorker.java:<init>(172)) - new a0dd9521-a4a3-4dd5-8b72-1a675d264ce6-SegmentedRaftLogWorker:Storage Directory /workdir/hadoop-ozone/ozonefs/target/test-dir/MiniOzoneClusterImpl-bceee591-9a40-46aa-b11c-5805cf83e67e/datanode-0/data/ratis/f5b29b62-2061-4e7d-893c-4ab1bf63e0c8 for RaftStorage:Storage Directory /workdir/hadoop-ozone/ozonefs/target/test-dir/MiniOzoneClusterImpl-bceee591-9a40-46aa-b11c-5805cf83e67e/datanode-0/data/ratis/f5b29b62-2061-4e7d-893c-4ab1bf63e0c8
2019-09-20 14:16:21,961 [pool-186-thread-1] INFO  server.RaftServerConfigKeys (ConfUtils.java:logGet(43)) - raft.server.log.queue.byte-limit = 2147483647 (custom)
2019-09-20 14:16:21,961 [pool-186-thread-1] INFO  server.RaftServerConfigKeys (ConfUtils.java:logGet(43)) - raft.server.log.queue.element-limit = 1024 (custom)
2019-09-20 14:16:21,961 [pool-186-thread-1] INFO  server.RaftServerConfigKeys (ConfUtils.java:logGet(43)) - raft.server.log.segment.size.max = 1048576 (custom)
2019-09-20 14:16:21,961 [pool-186-thread-1] INFO  server.RaftServerConfigKeys (ConfUtils.java:logGet(43)) - raft.server.log.preallocated.size = 16384 (custom)
2019-09-20 14:16:21,961 [pool-186-thread-1] INFO  server.RaftServerConfigKeys (ConfUtils.java:logGet(43)) - raft.server.log.write.buffer.size = 33554432 (custom)
2019-09-20 14:16:21,962 [pool-186-thread-1] INFO  server.RaftServerConfigKeys (ConfUtils.java:logGet(43)) - raft.server.log.force.sync.num = 128 (default)
2019-09-20 14:16:21,962 [pool-186-thread-1] INFO  server.RaftServerConfigKeys (ConfUtils.java:logGet(43)) - raft.server.log.statemachine.data.sync = true (default)
2019-09-20 14:16:21,962 [pool-186-thread-1] INFO  server.RaftServerConfigKeys (ConfUtils.java:logGet(43)) - raft.server.log.statemachine.data.sync.timeout = 10s (default)
2019-09-20 14:16:21,962 [pool-186-thread-1] INFO  server.RaftServerConfigKeys (ConfUtils.java:logGet(43)) - raft.server.log.statemachine.data.sync.timeout.retry = -1 (default)
2019-09-20 14:16:21,963 [pool-186-thread-1] INFO  server.RaftServerConfigKeys (ConfUtils.java:logGet(43)) - raft.server.log.statemachine.data.caching.enabled = true (custom)
2019-09-20 14:16:21,963 [pool-186-thread-1] INFO  segmented.SegmentedRaftLogWorker (SegmentedRaftLogWorker.java:lambda$new$0(132)) - a0dd9521-a4a3-4dd5-8b72-1a675d264ce6-SegmentedRaftLogWorker:Storage Directory /workdir/hadoop-ozone/ozonefs/target/test-dir/MiniOzoneClusterImpl-bceee591-9a40-46aa-b11c-5805cf83e67e/datanode-0/data/ratis/f5b29b62-2061-4e7d-893c-4ab1bf63e0c8: flushIndex: setUnconditionally 0 -> -1
2019-09-20 14:16:21,964 [pool-186-thread-1] INFO  server.RaftServerConfigKeys (ConfUtils.java:logGet(43)) - raft.server.snapshot.auto.trigger.enabled = true (custom)
2019-09-20 14:16:21,964 [pool-186-thread-1] INFO  server.RaftServerConfigKeys (ConfUtils.java:logGet(43)) - raft.server.snapshot.auto.trigger.threshold = 10000 (custom)
2019-09-20 14:16:21,964 [pool-186-thread-1] INFO  server.RaftServerConfigKeys (ConfUtils.java:logGet(43)) - raft.server.retrycache.expirytime = 600000ms (custom)
2019-09-20 14:16:21,964 [pool-186-thread-1] INFO  impl.RaftServerImpl (RaftServerImpl.java:start(180)) - a0dd9521-a4a3-4dd5-8b72-1a675d264ce6: start group-4AB1BF63E0C8
2019-09-20 14:16:21,964 [pool-186-thread-1] INFO  impl.RaftServerImpl (RaftServerImpl.java:setRole(171)) - a0dd9521-a4a3-4dd5-8b72-1a675d264ce6:group-4AB1BF63E0C8 changes role from null to FOLLOWER at term 0 for startAsFollower
2019-09-20 14:16:21,965 [pool-186-thread-1] INFO  impl.RoleInfo (RoleInfo.java:updateAndGet(143)) - a0dd9521-a4a3-4dd5-8b72-1a675d264ce6: start FollowerState
2019-09-20 14:16:21,965 [pool-186-thread-1] INFO  util.JmxRegister (JmxRegister.java:tryRegister(44)) - Successfully registered JMX Bean with object name Ratis:service=RaftServer,group=group-4AB1BF63E0C8,id=a0dd9521-a4a3-4dd5-8b72-1a675d264ce6
2019-09-20 14:16:21,968 [RatisPipelineUtilsThread] INFO  pipeline.PipelineStateManager (PipelineStateManager.java:addPipeline(56)) - Created pipeline Pipeline[ Id: f5b29b62-2061-4e7d-893c-4ab1bf63e0c8, Nodes: a0dd9521-a4a3-4dd5-8b72-1a675d264ce6{ip: 192.168.36.99, host: pr-hdds-1569-p5fx8-1226042367, networkLocation: /default-rack, certSerialId: null}, Type:RATIS, Factor:ONE, State:OPEN]
2019-09-20 14:16:21,974 [grpc-default-executor-0] INFO  impl.RaftServerProxy (RaftServerProxy.java:addNew(89)) - ca8d0dbc-d7b9-40b5-b8a6-1ec03291533d: addNew group-D509C7A0F8FC:[ca8d0dbc-d7b9-40b5-b8a6-1ec03291533d:192.168.36.99:36906] returns group-D509C7A0F8FC:java.util.concurrent.CompletableFuture@3be7c3aa[Not completed]
2019-09-20 14:16:21,976 [pool-197-thread-1] INFO  impl.RaftServerImpl (RaftServerImpl.java:<init>(93)) - ca8d0dbc-d7b9-40b5-b8a6-1ec03291533d: new RaftServerImpl for group-D509C7A0F8FC:[ca8d0dbc-d7b9-40b5-b8a6-1ec03291533d:192.168.36.99:36906] with ContainerStateMachine:uninitialized
2019-09-20 14:16:21,976 [pool-197-thread-1] INFO  server.RaftServerConfigKeys (ConfUtils.java:logGet(43)) - raft.server.rpc.timeout.min = 5s (custom)
2019-09-20 14:16:21,976 [pool-197-thread-1] INFO  server.RaftServerConfigKeys (ConfUtils.java:logGet(43)) - raft.server.rpc.timeout.max = 5200ms (custom)
2019-09-20 14:16:21,976 [pool-197-thread-1] INFO  server.RaftServerConfigKeys (ConfUtils.java:logGet(43)) - raft.server.rpcslowness.timeout = 120s (custom)
2019-09-20 14:16:21,976 [pool-197-thread-1] INFO  server.RaftServerConfigKeys (ConfUtils.java:logGet(43)) - raft.server.sleep.deviation.threshold = 300 (default)
2019-09-20 14:16:21,976 [pool-197-thread-1] INFO  server.RaftServerConfigKeys (ConfUtils.java:logGet(43)) - raft.server.log.appender.install.snapshot.enabled = false (custom)
2019-09-20 14:16:21,977 [pool-197-thread-1] INFO  impl.RaftServerImpl (ServerState.java:<init>(105)) - ca8d0dbc-d7b9-40b5-b8a6-1ec03291533d:group-D509C7A0F8FC ConfigurationManager, init=-1: [ca8d0dbc-d7b9-40b5-b8a6-1ec03291533d:192.168.36.99:36906], old=null, confs=<EMPTY_MAP>
2019-09-20 14:16:21,977 [pool-197-thread-1] INFO  server.RaftServerConfigKeys (ConfUtils.java:logGet(43)) - raft.server.storage.dir = [/workdir/hadoop-ozone/ozonefs/target/test-dir/MiniOzoneClusterImpl-bceee591-9a40-46aa-b11c-5805cf83e67e/datanode-1/data/ratis] (custom)
2019-09-20 14:16:21,977 [pool-197-thread-1] INFO  storage.RaftStorageDirectory (RaftStorageDirectory.java:analyzeStorage(246)) - The storage directory /workdir/hadoop-ozone/ozonefs/target/test-dir/MiniOzoneClusterImpl-bceee591-9a40-46aa-b11c-5805cf83e67e/datanode-1/data/ratis/848b1150-16df-4f2f-a15e-d509c7a0f8fc does not exist. Creating ...
2019-09-20 14:16:22,001 [pool-197-thread-1] INFO  storage.RaftStorageDirectory (RaftStorageDirectory.java:tryLock(328)) - Lock on /workdir/hadoop-ozone/ozonefs/target/test-dir/MiniOzoneClusterImpl-bceee591-9a40-46aa-b11c-5805cf83e67e/datanode-1/data/ratis/848b1150-16df-4f2f-a15e-d509c7a0f8fc/in_use.lock acquired by nodename 5474@pr-hdds-1569-p5fx8-1226042367
2019-09-20 14:16:22,027 [pool-197-thread-1] INFO  storage.RaftStorage (RaftStorage.java:format(72)) - Storage directory /workdir/hadoop-ozone/ozonefs/target/test-dir/MiniOzoneClusterImpl-bceee591-9a40-46aa-b11c-5805cf83e67e/datanode-1/data/ratis/848b1150-16df-4f2f-a15e-d509c7a0f8fc has been successfully formatted.
2019-09-20 14:16:22,027 [pool-197-thread-1] INFO  ratis.ContainerStateMachine (ContainerStateMachine.java:loadSnapshot(226)) - group-D509C7A0F8FC: The snapshot info is null. Setting the last applied indexto:(t:0, i:~)
2019-09-20 14:16:22,027 [pool-197-thread-1] INFO  server.RaftServerConfigKeys (ConfUtils.java:logGet(43)) - raft.server.leader.election.timeout = 120s (custom)
2019-09-20 14:16:22,027 [pool-197-thread-1] INFO  server.RaftServerConfigKeys (ConfUtils.java:logGet(43)) - raft.server.log.use.memory = false (default)
2019-09-20 14:16:22,028 [pool-197-thread-1] INFO  server.RaftServerConfigKeys (ConfUtils.java:logGet(43)) - raft.server.log.purge.gap = 1000000 (custom)
2019-09-20 14:16:22,028 [pool-197-thread-1] INFO  server.RaftServerConfigKeys (ConfUtils.java:logGet(43)) - raft.server.log.appender.buffer.byte-limit = 33554432 (custom)
2019-09-20 14:16:22,028 [pool-197-thread-1] INFO  server.RaftServerConfigKeys (ConfUtils.java:logGet(43)) - raft.server.log.segment.size.max = 1048576 (custom)
2019-09-20 14:16:22,028 [pool-197-thread-1] INFO  server.RaftServerConfigKeys (ConfUtils.java:logGet(43)) - raft.server.log.segment.cache.num.max = 2 (custom)
2019-09-20 14:16:22,028 [pool-197-thread-1] INFO  segmented.SegmentedRaftLogWorker (SegmentedRaftLogWorker.java:<init>(172)) - new ca8d0dbc-d7b9-40b5-b8a6-1ec03291533d-SegmentedRaftLogWorker:Storage Directory /workdir/hadoop-ozone/ozonefs/target/test-dir/MiniOzoneClusterImpl-bceee591-9a40-46aa-b11c-5805cf83e67e/datanode-1/data/ratis/848b1150-16df-4f2f-a15e-d509c7a0f8fc for RaftStorage:Storage Directory /workdir/hadoop-ozone/ozonefs/target/test-dir/MiniOzoneClusterImpl-bceee591-9a40-46aa-b11c-5805cf83e67e/datanode-1/data/ratis/848b1150-16df-4f2f-a15e-d509c7a0f8fc
2019-09-20 14:16:22,029 [pool-197-thread-1] INFO  server.RaftServerConfigKeys (ConfUtils.java:logGet(43)) - raft.server.log.queue.byte-limit = 2147483647 (custom)
2019-09-20 14:16:22,029 [pool-197-thread-1] INFO  server.RaftServerConfigKeys (ConfUtils.java:logGet(43)) - raft.server.log.queue.element-limit = 1024 (custom)
2019-09-20 14:16:22,029 [pool-197-thread-1] INFO  server.RaftServerConfigKeys (ConfUtils.java:logGet(43)) - raft.server.log.segment.size.max = 1048576 (custom)
2019-09-20 14:16:22,029 [pool-197-thread-1] INFO  server.RaftServerConfigKeys (ConfUtils.java:logGet(43)) - raft.server.log.preallocated.size = 16384 (custom)
2019-09-20 14:16:22,029 [pool-197-thread-1] INFO  server.RaftServerConfigKeys (ConfUtils.java:logGet(43)) - raft.server.log.write.buffer.size = 33554432 (custom)
2019-09-20 14:16:22,029 [pool-197-thread-1] INFO  server.RaftServerConfigKeys (ConfUtils.java:logGet(43)) - raft.server.log.force.sync.num = 128 (default)
2019-09-20 14:16:22,030 [pool-197-thread-1] INFO  server.RaftServerConfigKeys (ConfUtils.java:logGet(43)) - raft.server.log.statemachine.data.sync = true (default)
2019-09-20 14:16:22,030 [pool-197-thread-1] INFO  server.RaftServerConfigKeys (ConfUtils.java:logGet(43)) - raft.server.log.statemachine.data.sync.timeout = 10s (default)
2019-09-20 14:16:22,030 [pool-197-thread-1] INFO  server.RaftServerConfigKeys (ConfUtils.java:logGet(43)) - raft.server.log.statemachine.data.sync.timeout.retry = -1 (default)
2019-09-20 14:16:22,030 [pool-197-thread-1] INFO  server.RaftServerConfigKeys (ConfUtils.java:logGet(43)) - raft.server.log.statemachine.data.caching.enabled = true (custom)
2019-09-20 14:16:22,031 [pool-197-thread-1] INFO  segmented.SegmentedRaftLogWorker (SegmentedRaftLogWorker.java:lambda$new$0(132)) - ca8d0dbc-d7b9-40b5-b8a6-1ec03291533d-SegmentedRaftLogWorker:Storage Directory /workdir/hadoop-ozone/ozonefs/target/test-dir/MiniOzoneClusterImpl-bceee591-9a40-46aa-b11c-5805cf83e67e/datanode-1/data/ratis/848b1150-16df-4f2f-a15e-d509c7a0f8fc: flushIndex: setUnconditionally 0 -> -1
2019-09-20 14:16:22,031 [pool-197-thread-1] INFO  server.RaftServerConfigKeys (ConfUtils.java:logGet(43)) - raft.server.snapshot.auto.trigger.enabled = true (custom)
2019-09-20 14:16:22,031 [pool-197-thread-1] INFO  server.RaftServerConfigKeys (ConfUtils.java:logGet(43)) - raft.server.snapshot.auto.trigger.threshold = 10000 (custom)
2019-09-20 14:16:22,031 [pool-197-thread-1] INFO  server.RaftServerConfigKeys (ConfUtils.java:logGet(43)) - raft.server.retrycache.expirytime = 600000ms (custom)
2019-09-20 14:16:22,032 [pool-197-thread-1] INFO  impl.RaftServerImpl (RaftServerImpl.java:start(180)) - ca8d0dbc-d7b9-40b5-b8a6-1ec03291533d: start group-D509C7A0F8FC
2019-09-20 14:16:22,032 [pool-197-thread-1] INFO  impl.RaftServerImpl (RaftServerImpl.java:setRole(171)) - ca8d0dbc-d7b9-40b5-b8a6-1ec03291533d:group-D509C7A0F8FC changes role from null to FOLLOWER at term 0 for startAsFollower
2019-09-20 14:16:22,032 [pool-197-thread-1] INFO  impl.RoleInfo (RoleInfo.java:updateAndGet(143)) - ca8d0dbc-d7b9-40b5-b8a6-1ec03291533d: start FollowerState
2019-09-20 14:16:22,032 [pool-197-thread-1] INFO  util.JmxRegister (JmxRegister.java:tryRegister(44)) - Successfully registered JMX Bean with object name Ratis:service=RaftServer,group=group-D509C7A0F8FC,id=ca8d0dbc-d7b9-40b5-b8a6-1ec03291533d
2019-09-20 14:16:22,033 [IPC Server handler 1 on 36137] INFO  net.NetworkTopology (NetworkTopologyImpl.java:add(110)) - Added a new node: /default-rack/de3dee47-223f-471a-94cf-733bf04e3bfa
2019-09-20 14:16:22,033 [IPC Server handler 1 on 36137] INFO  node.SCMNodeManager (SCMNodeManager.java:register(273)) - Registered Data node : de3dee47-223f-471a-94cf-733bf04e3bfa{ip: 192.168.36.99, host: pr-hdds-1569-p5fx8-1226042367, networkLocation: /default-rack, certSerialId: null}
2019-09-20 14:16:22,034 | INFO  | SCMAudit | user=jenkins1000 | ip=192.168.36.99 | op=REGISTER {datanodeDetails=de3dee47-223f-471a-94cf-733bf04e3bfa{ip: 192.168.36.99, host: pr-hdds-1569-p5fx8-1226042367, networkLocation: /default-rack, certSerialId: null}} | ret=SUCCESS |  
2019-09-20 14:16:22,035 [Thread-804] INFO  ozone.MiniOzoneClusterImpl (MiniOzoneClusterImpl.java:lambda$waitForClusterToBeReady$0(142)) - Cluster is ready. Got 3 of 3 DN Heartbeats.
2019-09-20 14:16:22,036 [RatisPipelineUtilsThread] INFO  pipeline.PipelineStateManager (PipelineStateManager.java:addPipeline(56)) - Created pipeline Pipeline[ Id: 848b1150-16df-4f2f-a15e-d509c7a0f8fc, Nodes: ca8d0dbc-d7b9-40b5-b8a6-1ec03291533d{ip: 192.168.36.99, host: pr-hdds-1569-p5fx8-1226042367, networkLocation: /default-rack, certSerialId: null}, Type:RATIS, Factor:ONE, State:OPEN]
2019-09-20 14:16:22,044 [grpc-default-executor-0] INFO  impl.RaftServerProxy (RaftServerProxy.java:addNew(89)) - ca8d0dbc-d7b9-40b5-b8a6-1ec03291533d: addNew group-45C22742DD10:[ca8d0dbc-d7b9-40b5-b8a6-1ec03291533d:192.168.36.99:36906] returns group-45C22742DD10:java.util.concurrent.CompletableFuture@63f84998[Not completed]
2019-09-20 14:16:22,046 [pool-197-thread-1] INFO  impl.RaftServerImpl (RaftServerImpl.java:<init>(93)) - ca8d0dbc-d7b9-40b5-b8a6-1ec03291533d: new RaftServerImpl for group-45C22742DD10:[ca8d0dbc-d7b9-40b5-b8a6-1ec03291533d:192.168.36.99:36906] with ContainerStateMachine:uninitialized
2019-09-20 14:16:22,046 [pool-197-thread-1] INFO  server.RaftServerConfigKeys (ConfUtils.java:logGet(43)) - raft.server.rpc.timeout.min = 5s (custom)
2019-09-20 14:16:22,046 [pool-197-thread-1] INFO  server.RaftServerConfigKeys (ConfUtils.java:logGet(43)) - raft.server.rpc.timeout.max = 5200ms (custom)
2019-09-20 14:16:22,046 [pool-197-thread-1] INFO  server.RaftServerConfigKeys (ConfUtils.java:logGet(43)) - raft.server.rpcslowness.timeout = 120s (custom)
2019-09-20 14:16:22,046 [pool-197-thread-1] INFO  server.RaftServerConfigKeys (ConfUtils.java:logGet(43)) - raft.server.sleep.deviation.threshold = 300 (default)
2019-09-20 14:16:22,046 [pool-197-thread-1] INFO  server.RaftServerConfigKeys (ConfUtils.java:logGet(43)) - raft.server.log.appender.install.snapshot.enabled = false (custom)
2019-09-20 14:16:22,047 [pool-197-thread-1] INFO  impl.RaftServerImpl (ServerState.java:<init>(105)) - ca8d0dbc-d7b9-40b5-b8a6-1ec03291533d:group-45C22742DD10 ConfigurationManager, init=-1: [ca8d0dbc-d7b9-40b5-b8a6-1ec03291533d:192.168.36.99:36906], old=null, confs=<EMPTY_MAP>
2019-09-20 14:16:22,047 [pool-197-thread-1] INFO  server.RaftServerConfigKeys (ConfUtils.java:logGet(43)) - raft.server.storage.dir = [/workdir/hadoop-ozone/ozonefs/target/test-dir/MiniOzoneClusterImpl-bceee591-9a40-46aa-b11c-5805cf83e67e/datanode-1/data/ratis] (custom)
2019-09-20 14:16:22,047 [pool-197-thread-1] INFO  storage.RaftStorageDirectory (RaftStorageDirectory.java:analyzeStorage(246)) - The storage directory /workdir/hadoop-ozone/ozonefs/target/test-dir/MiniOzoneClusterImpl-bceee591-9a40-46aa-b11c-5805cf83e67e/datanode-1/data/ratis/792f9395-746d-43c0-9682-45c22742dd10 does not exist. Creating ...
2019-09-20 14:16:22,069 [pool-197-thread-1] INFO  storage.RaftStorageDirectory (RaftStorageDirectory.java:tryLock(328)) - Lock on /workdir/hadoop-ozone/ozonefs/target/test-dir/MiniOzoneClusterImpl-bceee591-9a40-46aa-b11c-5805cf83e67e/datanode-1/data/ratis/792f9395-746d-43c0-9682-45c22742dd10/in_use.lock acquired by nodename 5474@pr-hdds-1569-p5fx8-1226042367
2019-09-20 14:16:22,086 [pool-197-thread-1] INFO  storage.RaftStorage (RaftStorage.java:format(72)) - Storage directory /workdir/hadoop-ozone/ozonefs/target/test-dir/MiniOzoneClusterImpl-bceee591-9a40-46aa-b11c-5805cf83e67e/datanode-1/data/ratis/792f9395-746d-43c0-9682-45c22742dd10 has been successfully formatted.
2019-09-20 14:16:22,087 [pool-197-thread-1] INFO  ratis.ContainerStateMachine (ContainerStateMachine.java:loadSnapshot(226)) - group-45C22742DD10: The snapshot info is null. Setting the last applied indexto:(t:0, i:~)
2019-09-20 14:16:22,087 [pool-197-thread-1] INFO  server.RaftServerConfigKeys (ConfUtils.java:logGet(43)) - raft.server.leader.election.timeout = 120s (custom)
2019-09-20 14:16:22,088 [pool-197-thread-1] INFO  server.RaftServerConfigKeys (ConfUtils.java:logGet(43)) - raft.server.log.use.memory = false (default)
2019-09-20 14:16:22,088 [pool-197-thread-1] INFO  server.RaftServerConfigKeys (ConfUtils.java:logGet(43)) - raft.server.log.purge.gap = 1000000 (custom)
2019-09-20 14:16:22,088 [pool-197-thread-1] INFO  server.RaftServerConfigKeys (ConfUtils.java:logGet(43)) - raft.server.log.appender.buffer.byte-limit = 33554432 (custom)
2019-09-20 14:16:22,088 [pool-197-thread-1] INFO  server.RaftServerConfigKeys (ConfUtils.java:logGet(43)) - raft.server.log.segment.size.max = 1048576 (custom)
2019-09-20 14:16:22,088 [pool-197-thread-1] INFO  server.RaftServerConfigKeys (ConfUtils.java:logGet(43)) - raft.server.log.segment.cache.num.max = 2 (custom)
2019-09-20 14:16:22,089 [pool-197-thread-1] INFO  segmented.SegmentedRaftLogWorker (SegmentedRaftLogWorker.java:<init>(172)) - new ca8d0dbc-d7b9-40b5-b8a6-1ec03291533d-SegmentedRaftLogWorker:Storage Directory /workdir/hadoop-ozone/ozonefs/target/test-dir/MiniOzoneClusterImpl-bceee591-9a40-46aa-b11c-5805cf83e67e/datanode-1/data/ratis/792f9395-746d-43c0-9682-45c22742dd10 for RaftStorage:Storage Directory /workdir/hadoop-ozone/ozonefs/target/test-dir/MiniOzoneClusterImpl-bceee591-9a40-46aa-b11c-5805cf83e67e/datanode-1/data/ratis/792f9395-746d-43c0-9682-45c22742dd10
2019-09-20 14:16:22,089 [pool-197-thread-1] INFO  server.RaftServerConfigKeys (ConfUtils.java:logGet(43)) - raft.server.log.queue.byte-limit = 2147483647 (custom)
2019-09-20 14:16:22,089 [pool-197-thread-1] INFO  server.RaftServerConfigKeys (ConfUtils.java:logGet(43)) - raft.server.log.queue.element-limit = 1024 (custom)
2019-09-20 14:16:22,089 [pool-197-thread-1] INFO  server.RaftServerConfigKeys (ConfUtils.java:logGet(43)) - raft.server.log.segment.size.max = 1048576 (custom)
2019-09-20 14:16:22,089 [pool-197-thread-1] INFO  server.RaftServerConfigKeys (ConfUtils.java:logGet(43)) - raft.server.log.preallocated.size = 16384 (custom)
2019-09-20 14:16:22,089 [pool-197-thread-1] INFO  server.RaftServerConfigKeys (ConfUtils.java:logGet(43)) - raft.server.log.write.buffer.size = 33554432 (custom)
2019-09-20 14:16:22,089 [pool-197-thread-1] INFO  server.RaftServerConfigKeys (ConfUtils.java:logGet(43)) - raft.server.log.force.sync.num = 128 (default)
2019-09-20 14:16:22,090 [pool-197-thread-1] INFO  server.RaftServerConfigKeys (ConfUtils.java:logGet(43)) - raft.server.log.statemachine.data.sync = true (default)
2019-09-20 14:16:22,090 [pool-197-thread-1] INFO  server.RaftServerConfigKeys (ConfUtils.java:logGet(43)) - raft.server.log.statemachine.data.sync.timeout = 10s (default)
2019-09-20 14:16:22,090 [pool-197-thread-1] INFO  server.RaftServerConfigKeys (ConfUtils.java:logGet(43)) - raft.server.log.statemachine.data.sync.timeout.retry = -1 (default)
2019-09-20 14:16:22,090 [pool-197-thread-1] INFO  server.RaftServerConfigKeys (ConfUtils.java:logGet(43)) - raft.server.log.statemachine.data.caching.enabled = true (custom)
2019-09-20 14:16:22,091 [pool-197-thread-1] INFO  segmented.SegmentedRaftLogWorker (SegmentedRaftLogWorker.java:lambda$new$0(132)) - ca8d0dbc-d7b9-40b5-b8a6-1ec03291533d-SegmentedRaftLogWorker:Storage Directory /workdir/hadoop-ozone/ozonefs/target/test-dir/MiniOzoneClusterImpl-bceee591-9a40-46aa-b11c-5805cf83e67e/datanode-1/data/ratis/792f9395-746d-43c0-9682-45c22742dd10: flushIndex: setUnconditionally 0 -> -1
2019-09-20 14:16:22,092 [pool-197-thread-1] INFO  server.RaftServerConfigKeys (ConfUtils.java:logGet(43)) - raft.server.snapshot.auto.trigger.enabled = true (custom)
2019-09-20 14:16:22,092 [pool-197-thread-1] INFO  server.RaftServerConfigKeys (ConfUtils.java:logGet(43)) - raft.server.snapshot.auto.trigger.threshold = 10000 (custom)
2019-09-20 14:16:22,092 [pool-197-thread-1] INFO  server.RaftServerConfigKeys (ConfUtils.java:logGet(43)) - raft.server.retrycache.expirytime = 600000ms (custom)
2019-09-20 14:16:22,093 [pool-197-thread-1] INFO  impl.RaftServerImpl (RaftServerImpl.java:start(180)) - ca8d0dbc-d7b9-40b5-b8a6-1ec03291533d: start group-45C22742DD10
2019-09-20 14:16:22,093 [pool-197-thread-1] INFO  impl.RaftServerImpl (RaftServerImpl.java:setRole(171)) - ca8d0dbc-d7b9-40b5-b8a6-1ec03291533d:group-45C22742DD10 changes role from null to FOLLOWER at term 0 for startAsFollower
2019-09-20 14:16:22,093 [pool-197-thread-1] INFO  impl.RoleInfo (RoleInfo.java:updateAndGet(143)) - ca8d0dbc-d7b9-40b5-b8a6-1ec03291533d: start FollowerState
2019-09-20 14:16:22,094 [pool-197-thread-1] INFO  util.JmxRegister (JmxRegister.java:tryRegister(44)) - Successfully registered JMX Bean with object name Ratis:service=RaftServer,group=group-45C22742DD10,id=ca8d0dbc-d7b9-40b5-b8a6-1ec03291533d
2019-09-20 14:16:22,100 [RatisPipelineUtilsThread] INFO  pipeline.PipelineStateManager (PipelineStateManager.java:addPipeline(56)) - Created pipeline Pipeline[ Id: 792f9395-746d-43c0-9682-45c22742dd10, Nodes: ca8d0dbc-d7b9-40b5-b8a6-1ec03291533d{ip: 192.168.36.99, host: pr-hdds-1569-p5fx8-1226042367, networkLocation: /default-rack, certSerialId: null}, Type:RATIS, Factor:ONE, State:OPEN]
2019-09-20 14:16:22,108 [grpc-default-executor-0] INFO  impl.RaftServerProxy (RaftServerProxy.java:addNew(89)) - ca8d0dbc-d7b9-40b5-b8a6-1ec03291533d: addNew group-B3B10882026F:[ca8d0dbc-d7b9-40b5-b8a6-1ec03291533d:192.168.36.99:36906] returns group-B3B10882026F:java.util.concurrent.CompletableFuture@575c54ac[Not completed]
2019-09-20 14:16:22,110 [pool-197-thread-1] INFO  impl.RaftServerImpl (RaftServerImpl.java:<init>(93)) - ca8d0dbc-d7b9-40b5-b8a6-1ec03291533d: new RaftServerImpl for group-B3B10882026F:[ca8d0dbc-d7b9-40b5-b8a6-1ec03291533d:192.168.36.99:36906] with ContainerStateMachine:uninitialized
2019-09-20 14:16:22,110 [pool-197-thread-1] INFO  server.RaftServerConfigKeys (ConfUtils.java:logGet(43)) - raft.server.rpc.timeout.min = 5s (custom)
2019-09-20 14:16:22,111 [pool-197-thread-1] INFO  server.RaftServerConfigKeys (ConfUtils.java:logGet(43)) - raft.server.rpc.timeout.max = 5200ms (custom)
2019-09-20 14:16:22,111 [pool-197-thread-1] INFO  server.RaftServerConfigKeys (ConfUtils.java:logGet(43)) - raft.server.rpcslowness.timeout = 120s (custom)
2019-09-20 14:16:22,111 [pool-197-thread-1] INFO  server.RaftServerConfigKeys (ConfUtils.java:logGet(43)) - raft.server.sleep.deviation.threshold = 300 (default)
2019-09-20 14:16:22,111 [pool-197-thread-1] INFO  server.RaftServerConfigKeys (ConfUtils.java:logGet(43)) - raft.server.log.appender.install.snapshot.enabled = false (custom)
2019-09-20 14:16:22,111 [pool-197-thread-1] INFO  impl.RaftServerImpl (ServerState.java:<init>(105)) - ca8d0dbc-d7b9-40b5-b8a6-1ec03291533d:group-B3B10882026F ConfigurationManager, init=-1: [ca8d0dbc-d7b9-40b5-b8a6-1ec03291533d:192.168.36.99:36906], old=null, confs=<EMPTY_MAP>
2019-09-20 14:16:22,112 [pool-197-thread-1] INFO  server.RaftServerConfigKeys (ConfUtils.java:logGet(43)) - raft.server.storage.dir = [/workdir/hadoop-ozone/ozonefs/target/test-dir/MiniOzoneClusterImpl-bceee591-9a40-46aa-b11c-5805cf83e67e/datanode-1/data/ratis] (custom)
2019-09-20 14:16:22,112 [pool-197-thread-1] INFO  storage.RaftStorageDirectory (RaftStorageDirectory.java:analyzeStorage(246)) - The storage directory /workdir/hadoop-ozone/ozonefs/target/test-dir/MiniOzoneClusterImpl-bceee591-9a40-46aa-b11c-5805cf83e67e/datanode-1/data/ratis/4a878540-ba09-4fbd-881d-b3b10882026f does not exist. Creating ...
2019-09-20 14:16:22,136 [pool-197-thread-1] INFO  storage.RaftStorageDirectory (RaftStorageDirectory.java:tryLock(328)) - Lock on /workdir/hadoop-ozone/ozonefs/target/test-dir/MiniOzoneClusterImpl-bceee591-9a40-46aa-b11c-5805cf83e67e/datanode-1/data/ratis/4a878540-ba09-4fbd-881d-b3b10882026f/in_use.lock acquired by nodename 5474@pr-hdds-1569-p5fx8-1226042367
2019-09-20 14:16:22,162 [pool-197-thread-1] INFO  storage.RaftStorage (RaftStorage.java:format(72)) - Storage directory /workdir/hadoop-ozone/ozonefs/target/test-dir/MiniOzoneClusterImpl-bceee591-9a40-46aa-b11c-5805cf83e67e/datanode-1/data/ratis/4a878540-ba09-4fbd-881d-b3b10882026f has been successfully formatted.
2019-09-20 14:16:22,163 [pool-197-thread-1] INFO  ratis.ContainerStateMachine (ContainerStateMachine.java:loadSnapshot(226)) - group-B3B10882026F: The snapshot info is null. Setting the last applied indexto:(t:0, i:~)
2019-09-20 14:16:22,163 [pool-197-thread-1] INFO  server.RaftServerConfigKeys (ConfUtils.java:logGet(43)) - raft.server.leader.election.timeout = 120s (custom)
2019-09-20 14:16:22,163 [pool-197-thread-1] INFO  server.RaftServerConfigKeys (ConfUtils.java:logGet(43)) - raft.server.log.use.memory = false (default)
2019-09-20 14:16:22,163 [pool-197-thread-1] INFO  server.RaftServerConfigKeys (ConfUtils.java:logGet(43)) - raft.server.log.purge.gap = 1000000 (custom)
2019-09-20 14:16:22,163 [pool-197-thread-1] INFO  server.RaftServerConfigKeys (ConfUtils.java:logGet(43)) - raft.server.log.appender.buffer.byte-limit = 33554432 (custom)
2019-09-20 14:16:22,164 [pool-197-thread-1] INFO  server.RaftServerConfigKeys (ConfUtils.java:logGet(43)) - raft.server.log.segment.size.max = 1048576 (custom)
2019-09-20 14:16:22,164 [pool-197-thread-1] INFO  server.RaftServerConfigKeys (ConfUtils.java:logGet(43)) - raft.server.log.segment.cache.num.max = 2 (custom)
2019-09-20 14:16:22,164 [pool-197-thread-1] INFO  segmented.SegmentedRaftLogWorker (SegmentedRaftLogWorker.java:<init>(172)) - new ca8d0dbc-d7b9-40b5-b8a6-1ec03291533d-SegmentedRaftLogWorker:Storage Directory /workdir/hadoop-ozone/ozonefs/target/test-dir/MiniOzoneClusterImpl-bceee591-9a40-46aa-b11c-5805cf83e67e/datanode-1/data/ratis/4a878540-ba09-4fbd-881d-b3b10882026f for RaftStorage:Storage Directory /workdir/hadoop-ozone/ozonefs/target/test-dir/MiniOzoneClusterImpl-bceee591-9a40-46aa-b11c-5805cf83e67e/datanode-1/data/ratis/4a878540-ba09-4fbd-881d-b3b10882026f
2019-09-20 14:16:22,164 [pool-197-thread-1] INFO  server.RaftServerConfigKeys (ConfUtils.java:logGet(43)) - raft.server.log.queue.byte-limit = 2147483647 (custom)
2019-09-20 14:16:22,164 [pool-197-thread-1] INFO  server.RaftServerConfigKeys (ConfUtils.java:logGet(43)) - raft.server.log.queue.element-limit = 1024 (custom)
2019-09-20 14:16:22,165 [pool-197-thread-1] INFO  server.RaftServerConfigKeys (ConfUtils.java:logGet(43)) - raft.server.log.segment.size.max = 1048576 (custom)
2019-09-20 14:16:22,165 [pool-197-thread-1] INFO  server.RaftServerConfigKeys (ConfUtils.java:logGet(43)) - raft.server.log.preallocated.size = 16384 (custom)
2019-09-20 14:16:22,165 [pool-197-thread-1] INFO  server.RaftServerConfigKeys (ConfUtils.java:logGet(43)) - raft.server.log.write.buffer.size = 33554432 (custom)
2019-09-20 14:16:22,165 [pool-197-thread-1] INFO  server.RaftServerConfigKeys (ConfUtils.java:logGet(43)) - raft.server.log.force.sync.num = 128 (default)
2019-09-20 14:16:22,165 [pool-197-thread-1] INFO  server.RaftServerConfigKeys (ConfUtils.java:logGet(43)) - raft.server.log.statemachine.data.sync = true (default)
2019-09-20 14:16:22,165 [pool-197-thread-1] INFO  server.RaftServerConfigKeys (ConfUtils.java:logGet(43)) - raft.server.log.statemachine.data.sync.timeout = 10s (default)
2019-09-20 14:16:22,166 [pool-197-thread-1] INFO  server.RaftServerConfigKeys (ConfUtils.java:logGet(43)) - raft.server.log.statemachine.data.sync.timeout.retry = -1 (default)
2019-09-20 14:16:22,166 [pool-197-thread-1] INFO  server.RaftServerConfigKeys (ConfUtils.java:logGet(43)) - raft.server.log.statemachine.data.caching.enabled = true (custom)
2019-09-20 14:16:22,166 [pool-197-thread-1] INFO  segmented.SegmentedRaftLogWorker (SegmentedRaftLogWorker.java:lambda$new$0(132)) - ca8d0dbc-d7b9-40b5-b8a6-1ec03291533d-SegmentedRaftLogWorker:Storage Directory /workdir/hadoop-ozone/ozonefs/target/test-dir/MiniOzoneClusterImpl-bceee591-9a40-46aa-b11c-5805cf83e67e/datanode-1/data/ratis/4a878540-ba09-4fbd-881d-b3b10882026f: flushIndex: setUnconditionally 0 -> -1
2019-09-20 14:16:22,167 [pool-197-thread-1] INFO  server.RaftServerConfigKeys (ConfUtils.java:logGet(43)) - raft.server.snapshot.auto.trigger.enabled = true (custom)
2019-09-20 14:16:22,167 [pool-197-thread-1] INFO  server.RaftServerConfigKeys (ConfUtils.java:logGet(43)) - raft.server.snapshot.auto.trigger.threshold = 10000 (custom)
2019-09-20 14:16:22,167 [pool-197-thread-1] INFO  server.RaftServerConfigKeys (ConfUtils.java:logGet(43)) - raft.server.retrycache.expirytime = 600000ms (custom)
2019-09-20 14:16:22,167 [pool-197-thread-1] INFO  impl.RaftServerImpl (RaftServerImpl.java:start(180)) - ca8d0dbc-d7b9-40b5-b8a6-1ec03291533d: start group-B3B10882026F
2019-09-20 14:16:22,167 [pool-197-thread-1] INFO  impl.RaftServerImpl (RaftServerImpl.java:setRole(171)) - ca8d0dbc-d7b9-40b5-b8a6-1ec03291533d:group-B3B10882026F changes role from null to FOLLOWER at term 0 for startAsFollower
2019-09-20 14:16:22,168 [pool-197-thread-1] INFO  impl.RoleInfo (RoleInfo.java:updateAndGet(143)) - ca8d0dbc-d7b9-40b5-b8a6-1ec03291533d: start FollowerState
2019-09-20 14:16:22,168 [pool-197-thread-1] INFO  util.JmxRegister (JmxRegister.java:tryRegister(44)) - Successfully registered JMX Bean with object name Ratis:service=RaftServer,group=group-B3B10882026F,id=ca8d0dbc-d7b9-40b5-b8a6-1ec03291533d
2019-09-20 14:16:22,171 [RatisPipelineUtilsThread] INFO  pipeline.PipelineStateManager (PipelineStateManager.java:addPipeline(56)) - Created pipeline Pipeline[ Id: 4a878540-ba09-4fbd-881d-b3b10882026f, Nodes: ca8d0dbc-d7b9-40b5-b8a6-1ec03291533d{ip: 192.168.36.99, host: pr-hdds-1569-p5fx8-1226042367, networkLocation: /default-rack, certSerialId: null}, Type:RATIS, Factor:ONE, State:OPEN]
2019-09-20 14:16:22,178 [grpc-default-executor-0] INFO  impl.RaftServerProxy (RaftServerProxy.java:addNew(89)) - a0dd9521-a4a3-4dd5-8b72-1a675d264ce6: addNew group-60F63FB23959:[a0dd9521-a4a3-4dd5-8b72-1a675d264ce6:192.168.36.99:33314] returns group-60F63FB23959:java.util.concurrent.CompletableFuture@411e602e[Not completed]
2019-09-20 14:16:22,179 [pool-186-thread-1] INFO  impl.RaftServerImpl (RaftServerImpl.java:<init>(93)) - a0dd9521-a4a3-4dd5-8b72-1a675d264ce6: new RaftServerImpl for group-60F63FB23959:[a0dd9521-a4a3-4dd5-8b72-1a675d264ce6:192.168.36.99:33314] with ContainerStateMachine:uninitialized
2019-09-20 14:16:22,179 [pool-186-thread-1] INFO  server.RaftServerConfigKeys (ConfUtils.java:logGet(43)) - raft.server.rpc.timeout.min = 5s (custom)
2019-09-20 14:16:22,179 [pool-186-thread-1] INFO  server.RaftServerConfigKeys (ConfUtils.java:logGet(43)) - raft.server.rpc.timeout.max = 5200ms (custom)
2019-09-20 14:16:22,179 [pool-186-thread-1] INFO  server.RaftServerConfigKeys (ConfUtils.java:logGet(43)) - raft.server.rpcslowness.timeout = 120s (custom)
2019-09-20 14:16:22,180 [pool-186-thread-1] INFO  server.RaftServerConfigKeys (ConfUtils.java:logGet(43)) - raft.server.sleep.deviation.threshold = 300 (default)
2019-09-20 14:16:22,180 [pool-186-thread-1] INFO  server.RaftServerConfigKeys (ConfUtils.java:logGet(43)) - raft.server.log.appender.install.snapshot.enabled = false (custom)
2019-09-20 14:16:22,180 [pool-186-thread-1] INFO  impl.RaftServerImpl (ServerState.java:<init>(105)) - a0dd9521-a4a3-4dd5-8b72-1a675d264ce6:group-60F63FB23959 ConfigurationManager, init=-1: [a0dd9521-a4a3-4dd5-8b72-1a675d264ce6:192.168.36.99:33314], old=null, confs=<EMPTY_MAP>
2019-09-20 14:16:22,180 [pool-186-thread-1] INFO  server.RaftServerConfigKeys (ConfUtils.java:logGet(43)) - raft.server.storage.dir = [/workdir/hadoop-ozone/ozonefs/target/test-dir/MiniOzoneClusterImpl-bceee591-9a40-46aa-b11c-5805cf83e67e/datanode-0/data/ratis] (custom)
2019-09-20 14:16:22,180 [pool-186-thread-1] INFO  storage.RaftStorageDirectory (RaftStorageDirectory.java:analyzeStorage(246)) - The storage directory /workdir/hadoop-ozone/ozonefs/target/test-dir/MiniOzoneClusterImpl-bceee591-9a40-46aa-b11c-5805cf83e67e/datanode-0/data/ratis/804b84c0-26e7-4546-b9e0-60f63fb23959 does not exist. Creating ...
2019-09-20 14:16:22,221 [pool-186-thread-1] INFO  storage.RaftStorageDirectory (RaftStorageDirectory.java:tryLock(328)) - Lock on /workdir/hadoop-ozone/ozonefs/target/test-dir/MiniOzoneClusterImpl-bceee591-9a40-46aa-b11c-5805cf83e67e/datanode-0/data/ratis/804b84c0-26e7-4546-b9e0-60f63fb23959/in_use.lock acquired by nodename 5474@pr-hdds-1569-p5fx8-1226042367
2019-09-20 14:16:22,234 | INFO  | OMAudit | user=jenkins1000 | ip=127.0.0.1 | op=CREATE_VOLUME {admin=admin86341, owner=user26719, volume=volume26614, creationTime=1568988982234, quotaInBytes=1152921504606846976} | ret=SUCCESS |  
2019-09-20 14:16:22,244 | INFO  | OMAudit | user=jenkins1000 | ip=127.0.0.1 | op=CREATE_BUCKET {volume=volume26614, bucket=bucket14012, acls=[], isVersionEnabled=false, storageType=DISK, creationTime=0} | ret=SUCCESS |  
2019-09-20 14:16:22,246 [pool-186-thread-1] INFO  storage.RaftStorage (RaftStorage.java:format(72)) - Storage directory /workdir/hadoop-ozone/ozonefs/target/test-dir/MiniOzoneClusterImpl-bceee591-9a40-46aa-b11c-5805cf83e67e/datanode-0/data/ratis/804b84c0-26e7-4546-b9e0-60f63fb23959 has been successfully formatted.
2019-09-20 14:16:22,247 [pool-186-thread-1] INFO  ratis.ContainerStateMachine (ContainerStateMachine.java:loadSnapshot(226)) - group-60F63FB23959: The snapshot info is null. Setting the last applied indexto:(t:0, i:~)
2019-09-20 14:16:22,247 [pool-186-thread-1] INFO  server.RaftServerConfigKeys (ConfUtils.java:logGet(43)) - raft.server.leader.election.timeout = 120s (custom)
2019-09-20 14:16:22,247 [pool-186-thread-1] INFO  server.RaftServerConfigKeys (ConfUtils.java:logGet(43)) - raft.server.log.use.memory = false (default)
2019-09-20 14:16:22,247 [pool-186-thread-1] INFO  server.RaftServerConfigKeys (ConfUtils.java:logGet(43)) - raft.server.log.purge.gap = 1000000 (custom)
2019-09-20 14:16:22,247 [pool-186-thread-1] INFO  server.RaftServerConfigKeys (ConfUtils.java:logGet(43)) - raft.server.log.appender.buffer.byte-limit = 33554432 (custom)
2019-09-20 14:16:22,247 [pool-186-thread-1] INFO  server.RaftServerConfigKeys (ConfUtils.java:logGet(43)) - raft.server.log.segment.size.max = 1048576 (custom)
2019-09-20 14:16:22,248 [pool-186-thread-1] INFO  server.RaftServerConfigKeys (ConfUtils.java:logGet(43)) - raft.server.log.segment.cache.num.max = 2 (custom)
2019-09-20 14:16:22,248 [pool-186-thread-1] INFO  segmented.SegmentedRaftLogWorker (SegmentedRaftLogWorker.java:<init>(172)) - new a0dd9521-a4a3-4dd5-8b72-1a675d264ce6-SegmentedRaftLogWorker:Storage Directory /workdir/hadoop-ozone/ozonefs/target/test-dir/MiniOzoneClusterImpl-bceee591-9a40-46aa-b11c-5805cf83e67e/datanode-0/data/ratis/804b84c0-26e7-4546-b9e0-60f63fb23959 for RaftStorage:Storage Directory /workdir/hadoop-ozone/ozonefs/target/test-dir/MiniOzoneClusterImpl-bceee591-9a40-46aa-b11c-5805cf83e67e/datanode-0/data/ratis/804b84c0-26e7-4546-b9e0-60f63fb23959
2019-09-20 14:16:22,248 [pool-186-thread-1] INFO  server.RaftServerConfigKeys (ConfUtils.java:logGet(43)) - raft.server.log.queue.byte-limit = 2147483647 (custom)
2019-09-20 14:16:22,248 [pool-186-thread-1] INFO  server.RaftServerConfigKeys (ConfUtils.java:logGet(43)) - raft.server.log.queue.element-limit = 1024 (custom)
2019-09-20 14:16:22,248 [pool-186-thread-1] INFO  server.RaftServerConfigKeys (ConfUtils.java:logGet(43)) - raft.server.log.segment.size.max = 1048576 (custom)
2019-09-20 14:16:22,248 [pool-186-thread-1] INFO  server.RaftServerConfigKeys (ConfUtils.java:logGet(43)) - raft.server.log.preallocated.size = 16384 (custom)
2019-09-20 14:16:22,248 [pool-186-thread-1] INFO  server.RaftServerConfigKeys (ConfUtils.java:logGet(43)) - raft.server.log.write.buffer.size = 33554432 (custom)
2019-09-20 14:16:22,248 [pool-186-thread-1] INFO  server.RaftServerConfigKeys (ConfUtils.java:logGet(43)) - raft.server.log.force.sync.num = 128 (default)
2019-09-20 14:16:22,249 [pool-186-thread-1] INFO  server.RaftServerConfigKeys (ConfUtils.java:logGet(43)) - raft.server.log.statemachine.data.sync = true (default)
2019-09-20 14:16:22,249 [pool-186-thread-1] INFO  server.RaftServerConfigKeys (ConfUtils.java:logGet(43)) - raft.server.log.statemachine.data.sync.timeout = 10s (default)
2019-09-20 14:16:22,249 [pool-186-thread-1] INFO  server.RaftServerConfigKeys (ConfUtils.java:logGet(43)) - raft.server.log.statemachine.data.sync.timeout.retry = -1 (default)
2019-09-20 14:16:22,249 [pool-186-thread-1] INFO  server.RaftServerConfigKeys (ConfUtils.java:logGet(43)) - raft.server.log.statemachine.data.caching.enabled = true (custom)
2019-09-20 14:16:22,249 [pool-186-thread-1] INFO  segmented.SegmentedRaftLogWorker (SegmentedRaftLogWorker.java:lambda$new$0(132)) - a0dd9521-a4a3-4dd5-8b72-1a675d264ce6-SegmentedRaftLogWorker:Storage Directory /workdir/hadoop-ozone/ozonefs/target/test-dir/MiniOzoneClusterImpl-bceee591-9a40-46aa-b11c-5805cf83e67e/datanode-0/data/ratis/804b84c0-26e7-4546-b9e0-60f63fb23959: flushIndex: setUnconditionally 0 -> -1
2019-09-20 14:16:22,250 [pool-186-thread-1] INFO  server.RaftServerConfigKeys (ConfUtils.java:logGet(43)) - raft.server.snapshot.auto.trigger.enabled = true (custom)
2019-09-20 14:16:22,250 [pool-186-thread-1] INFO  server.RaftServerConfigKeys (ConfUtils.java:logGet(43)) - raft.server.snapshot.auto.trigger.threshold = 10000 (custom)
2019-09-20 14:16:22,250 [pool-186-thread-1] INFO  server.RaftServerConfigKeys (ConfUtils.java:logGet(43)) - raft.server.retrycache.expirytime = 600000ms (custom)
2019-09-20 14:16:22,250 [pool-186-thread-1] INFO  impl.RaftServerImpl (RaftServerImpl.java:start(180)) - a0dd9521-a4a3-4dd5-8b72-1a675d264ce6: start group-60F63FB23959
2019-09-20 14:16:22,250 [pool-186-thread-1] INFO  impl.RaftServerImpl (RaftServerImpl.java:setRole(171)) - a0dd9521-a4a3-4dd5-8b72-1a675d264ce6:group-60F63FB23959 changes role from null to FOLLOWER at term 0 for startAsFollower
2019-09-20 14:16:22,250 [pool-186-thread-1] INFO  impl.RoleInfo (RoleInfo.java:updateAndGet(143)) - a0dd9521-a4a3-4dd5-8b72-1a675d264ce6: start FollowerState
2019-09-20 14:16:22,252 [pool-186-thread-1] INFO  util.JmxRegister (JmxRegister.java:tryRegister(44)) - Successfully registered JMX Bean with object name Ratis:service=RaftServer,group=group-60F63FB23959,id=a0dd9521-a4a3-4dd5-8b72-1a675d264ce6
2019-09-20 14:16:22,263 [RatisPipelineUtilsThread] INFO  pipeline.PipelineStateManager (PipelineStateManager.java:addPipeline(56)) - Created pipeline Pipeline[ Id: 804b84c0-26e7-4546-b9e0-60f63fb23959, Nodes: a0dd9521-a4a3-4dd5-8b72-1a675d264ce6{ip: 192.168.36.99, host: pr-hdds-1569-p5fx8-1226042367, networkLocation: /default-rack, certSerialId: null}, Type:RATIS, Factor:ONE, State:OPEN]
2019-09-20 14:16:22,265 | INFO  | OMAudit | user=jenkins1000 | ip=127.0.0.1 | op=READ_VOLUME {volume=volume26614} | ret=SUCCESS |  
2019-09-20 14:16:22,268 | INFO  | OMAudit | user=jenkins1000 | ip=127.0.0.1 | op=READ_BUCKET {volume=volume26614, bucket=bucket14012} | ret=SUCCESS |  
2019-09-20 14:16:22,269 [grpc-default-executor-0] INFO  impl.RaftServerProxy (RaftServerProxy.java:addNew(89)) - a0dd9521-a4a3-4dd5-8b72-1a675d264ce6: addNew group-8FC665219536:[a0dd9521-a4a3-4dd5-8b72-1a675d264ce6:192.168.36.99:33314] returns group-8FC665219536:java.util.concurrent.CompletableFuture@3f840632[Not completed]
2019-09-20 14:16:22,270 [pool-186-thread-1] INFO  impl.RaftServerImpl (RaftServerImpl.java:<init>(93)) - a0dd9521-a4a3-4dd5-8b72-1a675d264ce6: new RaftServerImpl for group-8FC665219536:[a0dd9521-a4a3-4dd5-8b72-1a675d264ce6:192.168.36.99:33314] with ContainerStateMachine:uninitialized
2019-09-20 14:16:22,270 [pool-186-thread-1] INFO  server.RaftServerConfigKeys (ConfUtils.java:logGet(43)) - raft.server.rpc.timeout.min = 5s (custom)
2019-09-20 14:16:22,271 [pool-186-thread-1] INFO  server.RaftServerConfigKeys (ConfUtils.java:logGet(43)) - raft.server.rpc.timeout.max = 5200ms (custom)
2019-09-20 14:16:22,271 [pool-186-thread-1] INFO  server.RaftServerConfigKeys (ConfUtils.java:logGet(43)) - raft.server.rpcslowness.timeout = 120s (custom)
2019-09-20 14:16:22,271 [pool-186-thread-1] INFO  server.RaftServerConfigKeys (ConfUtils.java:logGet(43)) - raft.server.sleep.deviation.threshold = 300 (default)
2019-09-20 14:16:22,271 [pool-186-thread-1] INFO  server.RaftServerConfigKeys (ConfUtils.java:logGet(43)) - raft.server.log.appender.install.snapshot.enabled = false (custom)
2019-09-20 14:16:22,271 [pool-186-thread-1] INFO  impl.RaftServerImpl (ServerState.java:<init>(105)) - a0dd9521-a4a3-4dd5-8b72-1a675d264ce6:group-8FC665219536 ConfigurationManager, init=-1: [a0dd9521-a4a3-4dd5-8b72-1a675d264ce6:192.168.36.99:33314], old=null, confs=<EMPTY_MAP>
2019-09-20 14:16:22,271 [pool-186-thread-1] INFO  server.RaftServerConfigKeys (ConfUtils.java:logGet(43)) - raft.server.storage.dir = [/workdir/hadoop-ozone/ozonefs/target/test-dir/MiniOzoneClusterImpl-bceee591-9a40-46aa-b11c-5805cf83e67e/datanode-0/data/ratis] (custom)
2019-09-20 14:16:22,272 [pool-186-thread-1] INFO  storage.RaftStorageDirectory (RaftStorageDirectory.java:analyzeStorage(246)) - The storage directory /workdir/hadoop-ozone/ozonefs/target/test-dir/MiniOzoneClusterImpl-bceee591-9a40-46aa-b11c-5805cf83e67e/datanode-0/data/ratis/4fbe39c0-1d30-4cd1-a0b7-8fc665219536 does not exist. Creating ...
2019-09-20 14:16:22,289 [pool-186-thread-1] INFO  storage.RaftStorageDirectory (RaftStorageDirectory.java:tryLock(328)) - Lock on /workdir/hadoop-ozone/ozonefs/target/test-dir/MiniOzoneClusterImpl-bceee591-9a40-46aa-b11c-5805cf83e67e/datanode-0/data/ratis/4fbe39c0-1d30-4cd1-a0b7-8fc665219536/in_use.lock acquired by nodename 5474@pr-hdds-1569-p5fx8-1226042367
2019-09-20 14:16:22,306 [pool-186-thread-1] INFO  storage.RaftStorage (RaftStorage.java:format(72)) - Storage directory /workdir/hadoop-ozone/ozonefs/target/test-dir/MiniOzoneClusterImpl-bceee591-9a40-46aa-b11c-5805cf83e67e/datanode-0/data/ratis/4fbe39c0-1d30-4cd1-a0b7-8fc665219536 has been successfully formatted.
2019-09-20 14:16:22,306 [pool-186-thread-1] INFO  ratis.ContainerStateMachine (ContainerStateMachine.java:loadSnapshot(226)) - group-8FC665219536: The snapshot info is null. Setting the last applied indexto:(t:0, i:~)
2019-09-20 14:16:22,306 [pool-186-thread-1] INFO  server.RaftServerConfigKeys (ConfUtils.java:logGet(43)) - raft.server.leader.election.timeout = 120s (custom)
2019-09-20 14:16:22,306 [pool-186-thread-1] INFO  server.RaftServerConfigKeys (ConfUtils.java:logGet(43)) - raft.server.log.use.memory = false (default)
2019-09-20 14:16:22,306 [pool-186-thread-1] INFO  server.RaftServerConfigKeys (ConfUtils.java:logGet(43)) - raft.server.log.purge.gap = 1000000 (custom)
2019-09-20 14:16:22,306 [pool-186-thread-1] INFO  server.RaftServerConfigKeys (ConfUtils.java:logGet(43)) - raft.server.log.appender.buffer.byte-limit = 33554432 (custom)
2019-09-20 14:16:22,307 [pool-186-thread-1] INFO  server.RaftServerConfigKeys (ConfUtils.java:logGet(43)) - raft.server.log.segment.size.max = 1048576 (custom)
2019-09-20 14:16:22,307 [pool-186-thread-1] INFO  server.RaftServerConfigKeys (ConfUtils.java:logGet(43)) - raft.server.log.segment.cache.num.max = 2 (custom)
2019-09-20 14:16:22,307 [pool-186-thread-1] INFO  segmented.SegmentedRaftLogWorker (SegmentedRaftLogWorker.java:<init>(172)) - new a0dd9521-a4a3-4dd5-8b72-1a675d264ce6-SegmentedRaftLogWorker:Storage Directory /workdir/hadoop-ozone/ozonefs/target/test-dir/MiniOzoneClusterImpl-bceee591-9a40-46aa-b11c-5805cf83e67e/datanode-0/data/ratis/4fbe39c0-1d30-4cd1-a0b7-8fc665219536 for RaftStorage:Storage Directory /workdir/hadoop-ozone/ozonefs/target/test-dir/MiniOzoneClusterImpl-bceee591-9a40-46aa-b11c-5805cf83e67e/datanode-0/data/ratis/4fbe39c0-1d30-4cd1-a0b7-8fc665219536
2019-09-20 14:16:22,307 [pool-186-thread-1] INFO  server.RaftServerConfigKeys (ConfUtils.java:logGet(43)) - raft.server.log.queue.byte-limit = 2147483647 (custom)
2019-09-20 14:16:22,307 [pool-186-thread-1] INFO  server.RaftServerConfigKeys (ConfUtils.java:logGet(43)) - raft.server.log.queue.element-limit = 1024 (custom)
2019-09-20 14:16:22,307 [pool-186-thread-1] INFO  server.RaftServerConfigKeys (ConfUtils.java:logGet(43)) - raft.server.log.segment.size.max = 1048576 (custom)
2019-09-20 14:16:22,307 [pool-186-thread-1] INFO  server.RaftServerConfigKeys (ConfUtils.java:logGet(43)) - raft.server.log.preallocated.size = 16384 (custom)
2019-09-20 14:16:22,308 [pool-186-thread-1] INFO  server.RaftServerConfigKeys (ConfUtils.java:logGet(43)) - raft.server.log.write.buffer.size = 33554432 (custom)
2019-09-20 14:16:22,308 [pool-186-thread-1] INFO  server.RaftServerConfigKeys (ConfUtils.java:logGet(43)) - raft.server.log.force.sync.num = 128 (default)
2019-09-20 14:16:22,308 [pool-186-thread-1] INFO  server.RaftServerConfigKeys (ConfUtils.java:logGet(43)) - raft.server.log.statemachine.data.sync = true (default)
2019-09-20 14:16:22,308 [pool-186-thread-1] INFO  server.RaftServerConfigKeys (ConfUtils.java:logGet(43)) - raft.server.log.statemachine.data.sync.timeout = 10s (default)
2019-09-20 14:16:22,308 [pool-186-thread-1] INFO  server.RaftServerConfigKeys (ConfUtils.java:logGet(43)) - raft.server.log.statemachine.data.sync.timeout.retry = -1 (default)
2019-09-20 14:16:22,308 [pool-186-thread-1] INFO  server.RaftServerConfigKeys (ConfUtils.java:logGet(43)) - raft.server.log.statemachine.data.caching.enabled = true (custom)
2019-09-20 14:16:22,308 [pool-186-thread-1] INFO  segmented.SegmentedRaftLogWorker (SegmentedRaftLogWorker.java:lambda$new$0(132)) - a0dd9521-a4a3-4dd5-8b72-1a675d264ce6-SegmentedRaftLogWorker:Storage Directory /workdir/hadoop-ozone/ozonefs/target/test-dir/MiniOzoneClusterImpl-bceee591-9a40-46aa-b11c-5805cf83e67e/datanode-0/data/ratis/4fbe39c0-1d30-4cd1-a0b7-8fc665219536: flushIndex: setUnconditionally 0 -> -1
2019-09-20 14:16:22,309 [pool-186-thread-1] INFO  server.RaftServerConfigKeys (ConfUtils.java:logGet(43)) - raft.server.snapshot.auto.trigger.enabled = true (custom)
2019-09-20 14:16:22,309 [pool-186-thread-1] INFO  server.RaftServerConfigKeys (ConfUtils.java:logGet(43)) - raft.server.snapshot.auto.trigger.threshold = 10000 (custom)
2019-09-20 14:16:22,309 [pool-186-thread-1] INFO  server.RaftServerConfigKeys (ConfUtils.java:logGet(43)) - raft.server.retrycache.expirytime = 600000ms (custom)
2019-09-20 14:16:22,309 [pool-186-thread-1] INFO  impl.RaftServerImpl (RaftServerImpl.java:start(180)) - a0dd9521-a4a3-4dd5-8b72-1a675d264ce6: start group-8FC665219536
2019-09-20 14:16:22,309 [pool-186-thread-1] INFO  impl.RaftServerImpl (RaftServerImpl.java:setRole(171)) - a0dd9521-a4a3-4dd5-8b72-1a675d264ce6:group-8FC665219536 changes role from null to FOLLOWER at term 0 for startAsFollower
2019-09-20 14:16:22,309 [pool-186-thread-1] INFO  impl.RoleInfo (RoleInfo.java:updateAndGet(143)) - a0dd9521-a4a3-4dd5-8b72-1a675d264ce6: start FollowerState
2019-09-20 14:16:22,310 [pool-186-thread-1] INFO  util.JmxRegister (JmxRegister.java:tryRegister(44)) - Successfully registered JMX Bean with object name Ratis:service=RaftServer,group=group-8FC665219536,id=a0dd9521-a4a3-4dd5-8b72-1a675d264ce6
2019-09-20 14:16:22,313 [RatisPipelineUtilsThread] INFO  pipeline.PipelineStateManager (PipelineStateManager.java:addPipeline(56)) - Created pipeline Pipeline[ Id: 4fbe39c0-1d30-4cd1-a0b7-8fc665219536, Nodes: a0dd9521-a4a3-4dd5-8b72-1a675d264ce6{ip: 192.168.36.99, host: pr-hdds-1569-p5fx8-1226042367, networkLocation: /default-rack, certSerialId: null}, Type:RATIS, Factor:ONE, State:OPEN]
2019-09-20 14:16:22,313 [RatisPipelineUtilsThread] INFO  pipeline.PipelinePlacementPolicy (PipelinePlacementPolicy.java:meetCriteria(91)) - Pipeline Placement: Doesn't meet the criteria to be viable node： a0dd9521-a4a3-4dd5-8b72-1a675d264ce6 Heaviness: 6 limit: 5
2019-09-20 14:16:22,319 [grpc-default-executor-0] INFO  impl.RaftServerProxy (RaftServerProxy.java:addNew(89)) - ca8d0dbc-d7b9-40b5-b8a6-1ec03291533d: addNew group-E6455A7D087D:[ca8d0dbc-d7b9-40b5-b8a6-1ec03291533d:192.168.36.99:36906] returns group-E6455A7D087D:java.util.concurrent.CompletableFuture@37112dc4[Not completed]
2019-09-20 14:16:22,320 [pool-197-thread-1] INFO  impl.RaftServerImpl (RaftServerImpl.java:<init>(93)) - ca8d0dbc-d7b9-40b5-b8a6-1ec03291533d: new RaftServerImpl for group-E6455A7D087D:[ca8d0dbc-d7b9-40b5-b8a6-1ec03291533d:192.168.36.99:36906] with ContainerStateMachine:uninitialized
2019-09-20 14:16:22,320 [pool-197-thread-1] INFO  server.RaftServerConfigKeys (ConfUtils.java:logGet(43)) - raft.server.rpc.timeout.min = 5s (custom)
2019-09-20 14:16:22,320 [pool-197-thread-1] INFO  server.RaftServerConfigKeys (ConfUtils.java:logGet(43)) - raft.server.rpc.timeout.max = 5200ms (custom)
2019-09-20 14:16:22,321 [pool-197-thread-1] INFO  server.RaftServerConfigKeys (ConfUtils.java:logGet(43)) - raft.server.rpcslowness.timeout = 120s (custom)
2019-09-20 14:16:22,321 [pool-197-thread-1] INFO  server.RaftServerConfigKeys (ConfUtils.java:logGet(43)) - raft.server.sleep.deviation.threshold = 300 (default)
2019-09-20 14:16:22,321 [pool-197-thread-1] INFO  server.RaftServerConfigKeys (ConfUtils.java:logGet(43)) - raft.server.log.appender.install.snapshot.enabled = false (custom)
2019-09-20 14:16:22,321 [pool-197-thread-1] INFO  impl.RaftServerImpl (ServerState.java:<init>(105)) - ca8d0dbc-d7b9-40b5-b8a6-1ec03291533d:group-E6455A7D087D ConfigurationManager, init=-1: [ca8d0dbc-d7b9-40b5-b8a6-1ec03291533d:192.168.36.99:36906], old=null, confs=<EMPTY_MAP>
2019-09-20 14:16:22,321 [pool-197-thread-1] INFO  server.RaftServerConfigKeys (ConfUtils.java:logGet(43)) - raft.server.storage.dir = [/workdir/hadoop-ozone/ozonefs/target/test-dir/MiniOzoneClusterImpl-bceee591-9a40-46aa-b11c-5805cf83e67e/datanode-1/data/ratis] (custom)
2019-09-20 14:16:22,321 [pool-197-thread-1] INFO  storage.RaftStorageDirectory (RaftStorageDirectory.java:analyzeStorage(246)) - The storage directory /workdir/hadoop-ozone/ozonefs/target/test-dir/MiniOzoneClusterImpl-bceee591-9a40-46aa-b11c-5805cf83e67e/datanode-1/data/ratis/71b2a21f-78ec-4064-a756-e6455a7d087d does not exist. Creating ...
2019-09-20 14:16:22,339 [pool-197-thread-1] INFO  storage.RaftStorageDirectory (RaftStorageDirectory.java:tryLock(328)) - Lock on /workdir/hadoop-ozone/ozonefs/target/test-dir/MiniOzoneClusterImpl-bceee591-9a40-46aa-b11c-5805cf83e67e/datanode-1/data/ratis/71b2a21f-78ec-4064-a756-e6455a7d087d/in_use.lock acquired by nodename 5474@pr-hdds-1569-p5fx8-1226042367
2019-09-20 14:16:22,356 [pool-197-thread-1] INFO  storage.RaftStorage (RaftStorage.java:format(72)) - Storage directory /workdir/hadoop-ozone/ozonefs/target/test-dir/MiniOzoneClusterImpl-bceee591-9a40-46aa-b11c-5805cf83e67e/datanode-1/data/ratis/71b2a21f-78ec-4064-a756-e6455a7d087d has been successfully formatted.
2019-09-20 14:16:22,357 [pool-197-thread-1] INFO  ratis.ContainerStateMachine (ContainerStateMachine.java:loadSnapshot(226)) - group-E6455A7D087D: The snapshot info is null. Setting the last applied indexto:(t:0, i:~)
2019-09-20 14:16:22,357 [pool-197-thread-1] INFO  server.RaftServerConfigKeys (ConfUtils.java:logGet(43)) - raft.server.leader.election.timeout = 120s (custom)
2019-09-20 14:16:22,357 [pool-197-thread-1] INFO  server.RaftServerConfigKeys (ConfUtils.java:logGet(43)) - raft.server.log.use.memory = false (default)
2019-09-20 14:16:22,357 [pool-197-thread-1] INFO  server.RaftServerConfigKeys (ConfUtils.java:logGet(43)) - raft.server.log.purge.gap = 1000000 (custom)
2019-09-20 14:16:22,357 [pool-197-thread-1] INFO  server.RaftServerConfigKeys (ConfUtils.java:logGet(43)) - raft.server.log.appender.buffer.byte-limit = 33554432 (custom)
2019-09-20 14:16:22,358 [pool-197-thread-1] INFO  server.RaftServerConfigKeys (ConfUtils.java:logGet(43)) - raft.server.log.segment.size.max = 1048576 (custom)
2019-09-20 14:16:22,358 [pool-197-thread-1] INFO  server.RaftServerConfigKeys (ConfUtils.java:logGet(43)) - raft.server.log.segment.cache.num.max = 2 (custom)
2019-09-20 14:16:22,358 [pool-197-thread-1] INFO  segmented.SegmentedRaftLogWorker (SegmentedRaftLogWorker.java:<init>(172)) - new ca8d0dbc-d7b9-40b5-b8a6-1ec03291533d-SegmentedRaftLogWorker:Storage Directory /workdir/hadoop-ozone/ozonefs/target/test-dir/MiniOzoneClusterImpl-bceee591-9a40-46aa-b11c-5805cf83e67e/datanode-1/data/ratis/71b2a21f-78ec-4064-a756-e6455a7d087d for RaftStorage:Storage Directory /workdir/hadoop-ozone/ozonefs/target/test-dir/MiniOzoneClusterImpl-bceee591-9a40-46aa-b11c-5805cf83e67e/datanode-1/data/ratis/71b2a21f-78ec-4064-a756-e6455a7d087d
2019-09-20 14:16:22,358 [pool-197-thread-1] INFO  server.RaftServerConfigKeys (ConfUtils.java:logGet(43)) - raft.server.log.queue.byte-limit = 2147483647 (custom)
2019-09-20 14:16:22,358 [pool-197-thread-1] INFO  server.RaftServerConfigKeys (ConfUtils.java:logGet(43)) - raft.server.log.queue.element-limit = 1024 (custom)
2019-09-20 14:16:22,359 [pool-197-thread-1] INFO  server.RaftServerConfigKeys (ConfUtils.java:logGet(43)) - raft.server.log.segment.size.max = 1048576 (custom)
2019-09-20 14:16:22,359 [pool-197-thread-1] INFO  server.RaftServerConfigKeys (ConfUtils.java:logGet(43)) - raft.server.log.preallocated.size = 16384 (custom)
2019-09-20 14:16:22,359 [pool-197-thread-1] INFO  server.RaftServerConfigKeys (ConfUtils.java:logGet(43)) - raft.server.log.write.buffer.size = 33554432 (custom)
2019-09-20 14:16:22,359 [pool-197-thread-1] INFO  server.RaftServerConfigKeys (ConfUtils.java:logGet(43)) - raft.server.log.force.sync.num = 128 (default)
2019-09-20 14:16:22,359 [pool-197-thread-1] INFO  server.RaftServerConfigKeys (ConfUtils.java:logGet(43)) - raft.server.log.statemachine.data.sync = true (default)
2019-09-20 14:16:22,360 [pool-197-thread-1] INFO  server.RaftServerConfigKeys (ConfUtils.java:logGet(43)) - raft.server.log.statemachine.data.sync.timeout = 10s (default)
2019-09-20 14:16:22,360 [pool-197-thread-1] INFO  server.RaftServerConfigKeys (ConfUtils.java:logGet(43)) - raft.server.log.statemachine.data.sync.timeout.retry = -1 (default)
2019-09-20 14:16:22,360 [pool-197-thread-1] INFO  server.RaftServerConfigKeys (ConfUtils.java:logGet(43)) - raft.server.log.statemachine.data.caching.enabled = true (custom)
2019-09-20 14:16:22,360 [pool-197-thread-1] INFO  segmented.SegmentedRaftLogWorker (SegmentedRaftLogWorker.java:lambda$new$0(132)) - ca8d0dbc-d7b9-40b5-b8a6-1ec03291533d-SegmentedRaftLogWorker:Storage Directory /workdir/hadoop-ozone/ozonefs/target/test-dir/MiniOzoneClusterImpl-bceee591-9a40-46aa-b11c-5805cf83e67e/datanode-1/data/ratis/71b2a21f-78ec-4064-a756-e6455a7d087d: flushIndex: setUnconditionally 0 -> -1
2019-09-20 14:16:22,361 [pool-197-thread-1] INFO  server.RaftServerConfigKeys (ConfUtils.java:logGet(43)) - raft.server.snapshot.auto.trigger.enabled = true (custom)
2019-09-20 14:16:22,361 [pool-197-thread-1] INFO  server.RaftServerConfigKeys (ConfUtils.java:logGet(43)) - raft.server.snapshot.auto.trigger.threshold = 10000 (custom)
2019-09-20 14:16:22,361 [pool-197-thread-1] INFO  server.RaftServerConfigKeys (ConfUtils.java:logGet(43)) - raft.server.retrycache.expirytime = 600000ms (custom)
2019-09-20 14:16:22,362 [pool-197-thread-1] INFO  impl.RaftServerImpl (RaftServerImpl.java:start(180)) - ca8d0dbc-d7b9-40b5-b8a6-1ec03291533d: start group-E6455A7D087D
2019-09-20 14:16:22,362 [pool-197-thread-1] INFO  impl.RaftServerImpl (RaftServerImpl.java:setRole(171)) - ca8d0dbc-d7b9-40b5-b8a6-1ec03291533d:group-E6455A7D087D changes role from null to FOLLOWER at term 0 for startAsFollower
2019-09-20 14:16:22,362 [pool-197-thread-1] INFO  impl.RoleInfo (RoleInfo.java:updateAndGet(143)) - ca8d0dbc-d7b9-40b5-b8a6-1ec03291533d: start FollowerState
2019-09-20 14:16:22,362 [pool-197-thread-1] INFO  util.JmxRegister (JmxRegister.java:tryRegister(44)) - Successfully registered JMX Bean with object name Ratis:service=RaftServer,group=group-E6455A7D087D,id=ca8d0dbc-d7b9-40b5-b8a6-1ec03291533d
2019-09-20 14:16:22,366 [RatisPipelineUtilsThread] INFO  pipeline.PipelineStateManager (PipelineStateManager.java:addPipeline(56)) - Created pipeline Pipeline[ Id: 71b2a21f-78ec-4064-a756-e6455a7d087d, Nodes: ca8d0dbc-d7b9-40b5-b8a6-1ec03291533d{ip: 192.168.36.99, host: pr-hdds-1569-p5fx8-1226042367, networkLocation: /default-rack, certSerialId: null}, Type:RATIS, Factor:ONE, State:OPEN]
2019-09-20 14:16:22,366 [RatisPipelineUtilsThread] INFO  pipeline.PipelinePlacementPolicy (PipelinePlacementPolicy.java:meetCriteria(91)) - Pipeline Placement: Doesn't meet the criteria to be viable node： a0dd9521-a4a3-4dd5-8b72-1a675d264ce6 Heaviness: 6 limit: 5
2019-09-20 14:16:22,372 [grpc-default-executor-0] INFO  impl.RaftServerProxy (RaftServerProxy.java:addNew(89)) - ca8d0dbc-d7b9-40b5-b8a6-1ec03291533d: addNew group-113548003A19:[ca8d0dbc-d7b9-40b5-b8a6-1ec03291533d:192.168.36.99:36906] returns group-113548003A19:java.util.concurrent.CompletableFuture@64e8cadb[Not completed]
2019-09-20 14:16:22,374 [pool-197-thread-1] INFO  impl.RaftServerImpl (RaftServerImpl.java:<init>(93)) - ca8d0dbc-d7b9-40b5-b8a6-1ec03291533d: new RaftServerImpl for group-113548003A19:[ca8d0dbc-d7b9-40b5-b8a6-1ec03291533d:192.168.36.99:36906] with ContainerStateMachine:uninitialized
2019-09-20 14:16:22,374 [pool-197-thread-1] INFO  server.RaftServerConfigKeys (ConfUtils.java:logGet(43)) - raft.server.rpc.timeout.min = 5s (custom)
2019-09-20 14:16:22,374 [pool-197-thread-1] INFO  server.RaftServerConfigKeys (ConfUtils.java:logGet(43)) - raft.server.rpc.timeout.max = 5200ms (custom)
2019-09-20 14:16:22,374 [pool-197-thread-1] INFO  server.RaftServerConfigKeys (ConfUtils.java:logGet(43)) - raft.server.rpcslowness.timeout = 120s (custom)
2019-09-20 14:16:22,374 [pool-197-thread-1] INFO  server.RaftServerConfigKeys (ConfUtils.java:logGet(43)) - raft.server.sleep.deviation.threshold = 300 (default)
2019-09-20 14:16:22,375 [pool-197-thread-1] INFO  server.RaftServerConfigKeys (ConfUtils.java:logGet(43)) - raft.server.log.appender.install.snapshot.enabled = false (custom)
2019-09-20 14:16:22,375 [pool-197-thread-1] INFO  impl.RaftServerImpl (ServerState.java:<init>(105)) - ca8d0dbc-d7b9-40b5-b8a6-1ec03291533d:group-113548003A19 ConfigurationManager, init=-1: [ca8d0dbc-d7b9-40b5-b8a6-1ec03291533d:192.168.36.99:36906], old=null, confs=<EMPTY_MAP>
2019-09-20 14:16:22,375 [pool-197-thread-1] INFO  server.RaftServerConfigKeys (ConfUtils.java:logGet(43)) - raft.server.storage.dir = [/workdir/hadoop-ozone/ozonefs/target/test-dir/MiniOzoneClusterImpl-bceee591-9a40-46aa-b11c-5805cf83e67e/datanode-1/data/ratis] (custom)
2019-09-20 14:16:22,375 [pool-197-thread-1] INFO  storage.RaftStorageDirectory (RaftStorageDirectory.java:analyzeStorage(246)) - The storage directory /workdir/hadoop-ozone/ozonefs/target/test-dir/MiniOzoneClusterImpl-bceee591-9a40-46aa-b11c-5805cf83e67e/datanode-1/data/ratis/2b98d471-7dcb-4b13-870d-113548003a19 does not exist. Creating ...
2019-09-20 14:16:22,398 [pool-197-thread-1] INFO  storage.RaftStorageDirectory (RaftStorageDirectory.java:tryLock(328)) - Lock on /workdir/hadoop-ozone/ozonefs/target/test-dir/MiniOzoneClusterImpl-bceee591-9a40-46aa-b11c-5805cf83e67e/datanode-1/data/ratis/2b98d471-7dcb-4b13-870d-113548003a19/in_use.lock acquired by nodename 5474@pr-hdds-1569-p5fx8-1226042367
2019-09-20 14:16:22,415 [pool-197-thread-1] INFO  storage.RaftStorage (RaftStorage.java:format(72)) - Storage directory /workdir/hadoop-ozone/ozonefs/target/test-dir/MiniOzoneClusterImpl-bceee591-9a40-46aa-b11c-5805cf83e67e/datanode-1/data/ratis/2b98d471-7dcb-4b13-870d-113548003a19 has been successfully formatted.
2019-09-20 14:16:22,416 [pool-197-thread-1] INFO  ratis.ContainerStateMachine (ContainerStateMachine.java:loadSnapshot(226)) - group-113548003A19: The snapshot info is null. Setting the last applied indexto:(t:0, i:~)
2019-09-20 14:16:22,416 [pool-197-thread-1] INFO  server.RaftServerConfigKeys (ConfUtils.java:logGet(43)) - raft.server.leader.election.timeout = 120s (custom)
2019-09-20 14:16:22,416 [pool-197-thread-1] INFO  server.RaftServerConfigKeys (ConfUtils.java:logGet(43)) - raft.server.log.use.memory = false (default)
2019-09-20 14:16:22,416 [pool-197-thread-1] INFO  server.RaftServerConfigKeys (ConfUtils.java:logGet(43)) - raft.server.log.purge.gap = 1000000 (custom)
2019-09-20 14:16:22,416 [pool-197-thread-1] INFO  server.RaftServerConfigKeys (ConfUtils.java:logGet(43)) - raft.server.log.appender.buffer.byte-limit = 33554432 (custom)
2019-09-20 14:16:22,417 [pool-197-thread-1] INFO  server.RaftServerConfigKeys (ConfUtils.java:logGet(43)) - raft.server.log.segment.size.max = 1048576 (custom)
2019-09-20 14:16:22,417 [pool-197-thread-1] INFO  server.RaftServerConfigKeys (ConfUtils.java:logGet(43)) - raft.server.log.segment.cache.num.max = 2 (custom)
2019-09-20 14:16:22,417 [pool-197-thread-1] INFO  segmented.SegmentedRaftLogWorker (SegmentedRaftLogWorker.java:<init>(172)) - new ca8d0dbc-d7b9-40b5-b8a6-1ec03291533d-SegmentedRaftLogWorker:Storage Directory /workdir/hadoop-ozone/ozonefs/target/test-dir/MiniOzoneClusterImpl-bceee591-9a40-46aa-b11c-5805cf83e67e/datanode-1/data/ratis/2b98d471-7dcb-4b13-870d-113548003a19 for RaftStorage:Storage Directory /workdir/hadoop-ozone/ozonefs/target/test-dir/MiniOzoneClusterImpl-bceee591-9a40-46aa-b11c-5805cf83e67e/datanode-1/data/ratis/2b98d471-7dcb-4b13-870d-113548003a19
2019-09-20 14:16:22,417 [pool-197-thread-1] INFO  server.RaftServerConfigKeys (ConfUtils.java:logGet(43)) - raft.server.log.queue.byte-limit = 2147483647 (custom)
2019-09-20 14:16:22,417 [pool-197-thread-1] INFO  server.RaftServerConfigKeys (ConfUtils.java:logGet(43)) - raft.server.log.queue.element-limit = 1024 (custom)
2019-09-20 14:16:22,417 [pool-197-thread-1] INFO  server.RaftServerConfigKeys (ConfUtils.java:logGet(43)) - raft.server.log.segment.size.max = 1048576 (custom)
2019-09-20 14:16:22,418 [pool-197-thread-1] INFO  server.RaftServerConfigKeys (ConfUtils.java:logGet(43)) - raft.server.log.preallocated.size = 16384 (custom)
2019-09-20 14:16:22,418 [pool-197-thread-1] INFO  server.RaftServerConfigKeys (ConfUtils.java:logGet(43)) - raft.server.log.write.buffer.size = 33554432 (custom)
2019-09-20 14:16:22,418 [pool-197-thread-1] INFO  server.RaftServerConfigKeys (ConfUtils.java:logGet(43)) - raft.server.log.force.sync.num = 128 (default)
2019-09-20 14:16:22,418 [pool-197-thread-1] INFO  server.RaftServerConfigKeys (ConfUtils.java:logGet(43)) - raft.server.log.statemachine.data.sync = true (default)
2019-09-20 14:16:22,418 [pool-197-thread-1] INFO  server.RaftServerConfigKeys (ConfUtils.java:logGet(43)) - raft.server.log.statemachine.data.sync.timeout = 10s (default)
2019-09-20 14:16:22,418 [pool-197-thread-1] INFO  server.RaftServerConfigKeys (ConfUtils.java:logGet(43)) - raft.server.log.statemachine.data.sync.timeout.retry = -1 (default)
2019-09-20 14:16:22,419 [pool-197-thread-1] INFO  server.RaftServerConfigKeys (ConfUtils.java:logGet(43)) - raft.server.log.statemachine.data.caching.enabled = true (custom)
2019-09-20 14:16:22,419 [pool-197-thread-1] INFO  segmented.SegmentedRaftLogWorker (SegmentedRaftLogWorker.java:lambda$new$0(132)) - ca8d0dbc-d7b9-40b5-b8a6-1ec03291533d-SegmentedRaftLogWorker:Storage Directory /workdir/hadoop-ozone/ozonefs/target/test-dir/MiniOzoneClusterImpl-bceee591-9a40-46aa-b11c-5805cf83e67e/datanode-1/data/ratis/2b98d471-7dcb-4b13-870d-113548003a19: flushIndex: setUnconditionally 0 -> -1
2019-09-20 14:16:22,419 [pool-197-thread-1] INFO  server.RaftServerConfigKeys (ConfUtils.java:logGet(43)) - raft.server.snapshot.auto.trigger.enabled = true (custom)
2019-09-20 14:16:22,420 [pool-197-thread-1] INFO  server.RaftServerConfigKeys (ConfUtils.java:logGet(43)) - raft.server.snapshot.auto.trigger.threshold = 10000 (custom)
2019-09-20 14:16:22,420 [pool-197-thread-1] INFO  server.RaftServerConfigKeys (ConfUtils.java:logGet(43)) - raft.server.retrycache.expirytime = 600000ms (custom)
2019-09-20 14:16:22,420 [pool-197-thread-1] INFO  impl.RaftServerImpl (RaftServerImpl.java:start(180)) - ca8d0dbc-d7b9-40b5-b8a6-1ec03291533d: start group-113548003A19
2019-09-20 14:16:22,420 [pool-197-thread-1] INFO  impl.RaftServerImpl (RaftServerImpl.java:setRole(171)) - ca8d0dbc-d7b9-40b5-b8a6-1ec03291533d:group-113548003A19 changes role from null to FOLLOWER at term 0 for startAsFollower
2019-09-20 14:16:22,420 [pool-197-thread-1] INFO  impl.RoleInfo (RoleInfo.java:updateAndGet(143)) - ca8d0dbc-d7b9-40b5-b8a6-1ec03291533d: start FollowerState
2019-09-20 14:16:22,421 [pool-197-thread-1] INFO  util.JmxRegister (JmxRegister.java:tryRegister(44)) - Successfully registered JMX Bean with object name Ratis:service=RaftServer,group=group-113548003A19,id=ca8d0dbc-d7b9-40b5-b8a6-1ec03291533d
2019-09-20 14:16:22,424 [RatisPipelineUtilsThread] INFO  pipeline.PipelineStateManager (PipelineStateManager.java:addPipeline(56)) - Created pipeline Pipeline[ Id: 2b98d471-7dcb-4b13-870d-113548003a19, Nodes: ca8d0dbc-d7b9-40b5-b8a6-1ec03291533d{ip: 192.168.36.99, host: pr-hdds-1569-p5fx8-1226042367, networkLocation: /default-rack, certSerialId: null}, Type:RATIS, Factor:ONE, State:OPEN]
2019-09-20 14:16:22,424 [RatisPipelineUtilsThread] INFO  pipeline.PipelinePlacementPolicy (PipelinePlacementPolicy.java:meetCriteria(91)) - Pipeline Placement: Doesn't meet the criteria to be viable node： ca8d0dbc-d7b9-40b5-b8a6-1ec03291533d Heaviness: 6 limit: 5
2019-09-20 14:16:22,424 [RatisPipelineUtilsThread] INFO  pipeline.PipelinePlacementPolicy (PipelinePlacementPolicy.java:meetCriteria(91)) - Pipeline Placement: Doesn't meet the criteria to be viable node： a0dd9521-a4a3-4dd5-8b72-1a675d264ce6 Heaviness: 6 limit: 5
2019-09-20 14:16:22,432 [grpc-default-executor-0] INFO  impl.RaftServerProxy (RaftServerProxy.java:addNew(89)) - de3dee47-223f-471a-94cf-733bf04e3bfa: addNew group-E4632BB8347C:[de3dee47-223f-471a-94cf-733bf04e3bfa:192.168.36.99:36983] returns group-E4632BB8347C:java.util.concurrent.CompletableFuture@52fd6b89[Not completed]
2019-09-20 14:16:22,434 [pool-208-thread-1] INFO  impl.RaftServerImpl (RaftServerImpl.java:<init>(93)) - de3dee47-223f-471a-94cf-733bf04e3bfa: new RaftServerImpl for group-E4632BB8347C:[de3dee47-223f-471a-94cf-733bf04e3bfa:192.168.36.99:36983] with ContainerStateMachine:uninitialized
2019-09-20 14:16:22,434 [pool-208-thread-1] INFO  server.RaftServerConfigKeys (ConfUtils.java:logGet(43)) - raft.server.rpc.timeout.min = 5s (custom)
2019-09-20 14:16:22,434 [pool-208-thread-1] INFO  server.RaftServerConfigKeys (ConfUtils.java:logGet(43)) - raft.server.rpc.timeout.max = 5200ms (custom)
2019-09-20 14:16:22,435 [pool-208-thread-1] INFO  server.RaftServerConfigKeys (ConfUtils.java:logGet(43)) - raft.server.rpcslowness.timeout = 120s (custom)
2019-09-20 14:16:22,435 [pool-208-thread-1] INFO  server.RaftServerConfigKeys (ConfUtils.java:logGet(43)) - raft.server.sleep.deviation.threshold = 300 (default)
2019-09-20 14:16:22,435 [pool-208-thread-1] INFO  server.RaftServerConfigKeys (ConfUtils.java:logGet(43)) - raft.server.log.appender.install.snapshot.enabled = false (custom)
2019-09-20 14:16:22,435 [pool-208-thread-1] INFO  impl.RaftServerImpl (ServerState.java:<init>(105)) - de3dee47-223f-471a-94cf-733bf04e3bfa:group-E4632BB8347C ConfigurationManager, init=-1: [de3dee47-223f-471a-94cf-733bf04e3bfa:192.168.36.99:36983], old=null, confs=<EMPTY_MAP>
2019-09-20 14:16:22,435 [pool-208-thread-1] INFO  server.RaftServerConfigKeys (ConfUtils.java:logGet(43)) - raft.server.storage.dir = [/workdir/hadoop-ozone/ozonefs/target/test-dir/MiniOzoneClusterImpl-bceee591-9a40-46aa-b11c-5805cf83e67e/datanode-2/data/ratis] (custom)
2019-09-20 14:16:22,436 [pool-208-thread-1] INFO  storage.RaftStorageDirectory (RaftStorageDirectory.java:analyzeStorage(246)) - The storage directory /workdir/hadoop-ozone/ozonefs/target/test-dir/MiniOzoneClusterImpl-bceee591-9a40-46aa-b11c-5805cf83e67e/datanode-2/data/ratis/4fc205cf-1266-449c-bc31-e4632bb8347c does not exist. Creating ...
2019-09-20 14:16:22,466 [pool-208-thread-1] INFO  storage.RaftStorageDirectory (RaftStorageDirectory.java:tryLock(328)) - Lock on /workdir/hadoop-ozone/ozonefs/target/test-dir/MiniOzoneClusterImpl-bceee591-9a40-46aa-b11c-5805cf83e67e/datanode-2/data/ratis/4fc205cf-1266-449c-bc31-e4632bb8347c/in_use.lock acquired by nodename 5474@pr-hdds-1569-p5fx8-1226042367
2019-09-20 14:16:22,483 [pool-208-thread-1] INFO  storage.RaftStorage (RaftStorage.java:format(72)) - Storage directory /workdir/hadoop-ozone/ozonefs/target/test-dir/MiniOzoneClusterImpl-bceee591-9a40-46aa-b11c-5805cf83e67e/datanode-2/data/ratis/4fc205cf-1266-449c-bc31-e4632bb8347c has been successfully formatted.
2019-09-20 14:16:22,483 [pool-208-thread-1] INFO  ratis.ContainerStateMachine (ContainerStateMachine.java:loadSnapshot(226)) - group-E4632BB8347C: The snapshot info is null. Setting the last applied indexto:(t:0, i:~)
2019-09-20 14:16:22,483 [pool-208-thread-1] INFO  server.RaftServerConfigKeys (ConfUtils.java:logGet(43)) - raft.server.leader.election.timeout = 120s (custom)
2019-09-20 14:16:22,484 [pool-208-thread-1] INFO  server.RaftServerConfigKeys (ConfUtils.java:logGet(43)) - raft.server.log.use.memory = false (default)
2019-09-20 14:16:22,484 [pool-208-thread-1] INFO  server.RaftServerConfigKeys (ConfUtils.java:logGet(43)) - raft.server.log.purge.gap = 1000000 (custom)
2019-09-20 14:16:22,484 [pool-208-thread-1] INFO  server.RaftServerConfigKeys (ConfUtils.java:logGet(43)) - raft.server.log.appender.buffer.byte-limit = 33554432 (custom)
2019-09-20 14:16:22,484 [pool-208-thread-1] INFO  server.RaftServerConfigKeys (ConfUtils.java:logGet(43)) - raft.server.log.segment.size.max = 1048576 (custom)
2019-09-20 14:16:22,484 [pool-208-thread-1] INFO  server.RaftServerConfigKeys (ConfUtils.java:logGet(43)) - raft.server.log.segment.cache.num.max = 2 (custom)
2019-09-20 14:16:22,484 [pool-208-thread-1] INFO  segmented.SegmentedRaftLogWorker (SegmentedRaftLogWorker.java:<init>(172)) - new de3dee47-223f-471a-94cf-733bf04e3bfa-SegmentedRaftLogWorker:Storage Directory /workdir/hadoop-ozone/ozonefs/target/test-dir/MiniOzoneClusterImpl-bceee591-9a40-46aa-b11c-5805cf83e67e/datanode-2/data/ratis/4fc205cf-1266-449c-bc31-e4632bb8347c for RaftStorage:Storage Directory /workdir/hadoop-ozone/ozonefs/target/test-dir/MiniOzoneClusterImpl-bceee591-9a40-46aa-b11c-5805cf83e67e/datanode-2/data/ratis/4fc205cf-1266-449c-bc31-e4632bb8347c
2019-09-20 14:16:22,485 [pool-208-thread-1] INFO  server.RaftServerConfigKeys (ConfUtils.java:logGet(43)) - raft.server.log.queue.byte-limit = 2147483647 (custom)
2019-09-20 14:16:22,485 [pool-208-thread-1] INFO  server.RaftServerConfigKeys (ConfUtils.java:logGet(43)) - raft.server.log.queue.element-limit = 1024 (custom)
2019-09-20 14:16:22,485 [pool-208-thread-1] INFO  server.RaftServerConfigKeys (ConfUtils.java:logGet(43)) - raft.server.log.segment.size.max = 1048576 (custom)
2019-09-20 14:16:22,485 [pool-208-thread-1] INFO  server.RaftServerConfigKeys (ConfUtils.java:logGet(43)) - raft.server.log.preallocated.size = 16384 (custom)
2019-09-20 14:16:22,486 [pool-208-thread-1] INFO  server.RaftServerConfigKeys (ConfUtils.java:logGet(43)) - raft.server.log.write.buffer.size = 33554432 (custom)
2019-09-20 14:16:22,486 [pool-208-thread-1] INFO  server.RaftServerConfigKeys (ConfUtils.java:logGet(43)) - raft.server.log.force.sync.num = 128 (default)
2019-09-20 14:16:22,486 [pool-208-thread-1] INFO  server.RaftServerConfigKeys (ConfUtils.java:logGet(43)) - raft.server.log.statemachine.data.sync = true (default)
2019-09-20 14:16:22,486 [pool-208-thread-1] INFO  server.RaftServerConfigKeys (ConfUtils.java:logGet(43)) - raft.server.log.statemachine.data.sync.timeout = 10s (default)
2019-09-20 14:16:22,486 [pool-208-thread-1] INFO  server.RaftServerConfigKeys (ConfUtils.java:logGet(43)) - raft.server.log.statemachine.data.sync.timeout.retry = -1 (default)
2019-09-20 14:16:22,487 [pool-208-thread-1] INFO  server.RaftServerConfigKeys (ConfUtils.java:logGet(43)) - raft.server.log.statemachine.data.caching.enabled = true (custom)
2019-09-20 14:16:22,487 [pool-208-thread-1] INFO  segmented.SegmentedRaftLogWorker (SegmentedRaftLogWorker.java:lambda$new$0(132)) - de3dee47-223f-471a-94cf-733bf04e3bfa-SegmentedRaftLogWorker:Storage Directory /workdir/hadoop-ozone/ozonefs/target/test-dir/MiniOzoneClusterImpl-bceee591-9a40-46aa-b11c-5805cf83e67e/datanode-2/data/ratis/4fc205cf-1266-449c-bc31-e4632bb8347c: flushIndex: setUnconditionally 0 -> -1
2019-09-20 14:16:22,487 [pool-208-thread-1] INFO  server.RaftServerConfigKeys (ConfUtils.java:logGet(43)) - raft.server.snapshot.auto.trigger.enabled = true (custom)
2019-09-20 14:16:22,488 [pool-208-thread-1] INFO  server.RaftServerConfigKeys (ConfUtils.java:logGet(43)) - raft.server.snapshot.auto.trigger.threshold = 10000 (custom)
2019-09-20 14:16:22,488 [pool-208-thread-1] INFO  server.RaftServerConfigKeys (ConfUtils.java:logGet(43)) - raft.server.retrycache.expirytime = 600000ms (custom)
2019-09-20 14:16:22,488 [pool-208-thread-1] INFO  impl.RaftServerImpl (RaftServerImpl.java:start(180)) - de3dee47-223f-471a-94cf-733bf04e3bfa: start group-E4632BB8347C
2019-09-20 14:16:22,488 [pool-208-thread-1] INFO  impl.RaftServerImpl (RaftServerImpl.java:setRole(171)) - de3dee47-223f-471a-94cf-733bf04e3bfa:group-E4632BB8347C changes role from null to FOLLOWER at term 0 for startAsFollower
2019-09-20 14:16:22,488 [pool-208-thread-1] INFO  impl.RoleInfo (RoleInfo.java:updateAndGet(143)) - de3dee47-223f-471a-94cf-733bf04e3bfa: start FollowerState
2019-09-20 14:16:22,489 [pool-208-thread-1] INFO  util.JmxRegister (JmxRegister.java:tryRegister(44)) - Successfully registered JMX Bean with object name Ratis:service=RaftServer,group=group-E4632BB8347C,id=de3dee47-223f-471a-94cf-733bf04e3bfa
2019-09-20 14:16:22,492 [RatisPipelineUtilsThread] INFO  pipeline.PipelineStateManager (PipelineStateManager.java:addPipeline(56)) - Created pipeline Pipeline[ Id: 4fc205cf-1266-449c-bc31-e4632bb8347c, Nodes: de3dee47-223f-471a-94cf-733bf04e3bfa{ip: 192.168.36.99, host: pr-hdds-1569-p5fx8-1226042367, networkLocation: /default-rack, certSerialId: null}, Type:RATIS, Factor:ONE, State:OPEN]
2019-09-20 14:16:22,492 [RatisPipelineUtilsThread] INFO  pipeline.PipelinePlacementPolicy (PipelinePlacementPolicy.java:meetCriteria(91)) - Pipeline Placement: Doesn't meet the criteria to be viable node： ca8d0dbc-d7b9-40b5-b8a6-1ec03291533d Heaviness: 6 limit: 5
2019-09-20 14:16:22,492 [RatisPipelineUtilsThread] INFO  pipeline.PipelinePlacementPolicy (PipelinePlacementPolicy.java:meetCriteria(91)) - Pipeline Placement: Doesn't meet the criteria to be viable node： a0dd9521-a4a3-4dd5-8b72-1a675d264ce6 Heaviness: 6 limit: 5
2019-09-20 14:16:22,498 [grpc-default-executor-0] INFO  impl.RaftServerProxy (RaftServerProxy.java:addNew(89)) - de3dee47-223f-471a-94cf-733bf04e3bfa: addNew group-2EA618774F35:[de3dee47-223f-471a-94cf-733bf04e3bfa:192.168.36.99:36983] returns group-2EA618774F35:java.util.concurrent.CompletableFuture@61c45d68[Not completed]
2019-09-20 14:16:22,499 [pool-208-thread-1] INFO  impl.RaftServerImpl (RaftServerImpl.java:<init>(93)) - de3dee47-223f-471a-94cf-733bf04e3bfa: new RaftServerImpl for group-2EA618774F35:[de3dee47-223f-471a-94cf-733bf04e3bfa:192.168.36.99:36983] with ContainerStateMachine:uninitialized
2019-09-20 14:16:22,499 [pool-208-thread-1] INFO  server.RaftServerConfigKeys (ConfUtils.java:logGet(43)) - raft.server.rpc.timeout.min = 5s (custom)
2019-09-20 14:16:22,499 [pool-208-thread-1] INFO  server.RaftServerConfigKeys (ConfUtils.java:logGet(43)) - raft.server.rpc.timeout.max = 5200ms (custom)
2019-09-20 14:16:22,500 [pool-208-thread-1] INFO  server.RaftServerConfigKeys (ConfUtils.java:logGet(43)) - raft.server.rpcslowness.timeout = 120s (custom)
2019-09-20 14:16:22,500 [pool-208-thread-1] INFO  server.RaftServerConfigKeys (ConfUtils.java:logGet(43)) - raft.server.sleep.deviation.threshold = 300 (default)
2019-09-20 14:16:22,500 [pool-208-thread-1] INFO  server.RaftServerConfigKeys (ConfUtils.java:logGet(43)) - raft.server.log.appender.install.snapshot.enabled = false (custom)
2019-09-20 14:16:22,500 [pool-208-thread-1] INFO  impl.RaftServerImpl (ServerState.java:<init>(105)) - de3dee47-223f-471a-94cf-733bf04e3bfa:group-2EA618774F35 ConfigurationManager, init=-1: [de3dee47-223f-471a-94cf-733bf04e3bfa:192.168.36.99:36983], old=null, confs=<EMPTY_MAP>
2019-09-20 14:16:22,500 [pool-208-thread-1] INFO  server.RaftServerConfigKeys (ConfUtils.java:logGet(43)) - raft.server.storage.dir = [/workdir/hadoop-ozone/ozonefs/target/test-dir/MiniOzoneClusterImpl-bceee591-9a40-46aa-b11c-5805cf83e67e/datanode-2/data/ratis] (custom)
2019-09-20 14:16:22,501 [pool-208-thread-1] INFO  storage.RaftStorageDirectory (RaftStorageDirectory.java:analyzeStorage(246)) - The storage directory /workdir/hadoop-ozone/ozonefs/target/test-dir/MiniOzoneClusterImpl-bceee591-9a40-46aa-b11c-5805cf83e67e/datanode-2/data/ratis/16bb0950-c53f-4ce1-aff7-2ea618774f35 does not exist. Creating ...
2019-09-20 14:16:22,517 [pool-208-thread-1] INFO  storage.RaftStorageDirectory (RaftStorageDirectory.java:tryLock(328)) - Lock on /workdir/hadoop-ozone/ozonefs/target/test-dir/MiniOzoneClusterImpl-bceee591-9a40-46aa-b11c-5805cf83e67e/datanode-2/data/ratis/16bb0950-c53f-4ce1-aff7-2ea618774f35/in_use.lock acquired by nodename 5474@pr-hdds-1569-p5fx8-1226042367
2019-09-20 14:16:22,542 [pool-208-thread-1] INFO  storage.RaftStorage (RaftStorage.java:format(72)) - Storage directory /workdir/hadoop-ozone/ozonefs/target/test-dir/MiniOzoneClusterImpl-bceee591-9a40-46aa-b11c-5805cf83e67e/datanode-2/data/ratis/16bb0950-c53f-4ce1-aff7-2ea618774f35 has been successfully formatted.
2019-09-20 14:16:22,542 [pool-208-thread-1] INFO  ratis.ContainerStateMachine (ContainerStateMachine.java:loadSnapshot(226)) - group-2EA618774F35: The snapshot info is null. Setting the last applied indexto:(t:0, i:~)
2019-09-20 14:16:22,542 [pool-208-thread-1] INFO  server.RaftServerConfigKeys (ConfUtils.java:logGet(43)) - raft.server.leader.election.timeout = 120s (custom)
2019-09-20 14:16:22,543 [pool-208-thread-1] INFO  server.RaftServerConfigKeys (ConfUtils.java:logGet(43)) - raft.server.log.use.memory = false (default)
2019-09-20 14:16:22,543 [pool-208-thread-1] INFO  server.RaftServerConfigKeys (ConfUtils.java:logGet(43)) - raft.server.log.purge.gap = 1000000 (custom)
2019-09-20 14:16:22,543 [pool-208-thread-1] INFO  server.RaftServerConfigKeys (ConfUtils.java:logGet(43)) - raft.server.log.appender.buffer.byte-limit = 33554432 (custom)
2019-09-20 14:16:22,543 [pool-208-thread-1] INFO  server.RaftServerConfigKeys (ConfUtils.java:logGet(43)) - raft.server.log.segment.size.max = 1048576 (custom)
2019-09-20 14:16:22,543 [pool-208-thread-1] INFO  server.RaftServerConfigKeys (ConfUtils.java:logGet(43)) - raft.server.log.segment.cache.num.max = 2 (custom)
2019-09-20 14:16:22,543 [pool-208-thread-1] INFO  segmented.SegmentedRaftLogWorker (SegmentedRaftLogWorker.java:<init>(172)) - new de3dee47-223f-471a-94cf-733bf04e3bfa-SegmentedRaftLogWorker:Storage Directory /workdir/hadoop-ozone/ozonefs/target/test-dir/MiniOzoneClusterImpl-bceee591-9a40-46aa-b11c-5805cf83e67e/datanode-2/data/ratis/16bb0950-c53f-4ce1-aff7-2ea618774f35 for RaftStorage:Storage Directory /workdir/hadoop-ozone/ozonefs/target/test-dir/MiniOzoneClusterImpl-bceee591-9a40-46aa-b11c-5805cf83e67e/datanode-2/data/ratis/16bb0950-c53f-4ce1-aff7-2ea618774f35
2019-09-20 14:16:22,544 [pool-208-thread-1] INFO  server.RaftServerConfigKeys (ConfUtils.java:logGet(43)) - raft.server.log.queue.byte-limit = 2147483647 (custom)
2019-09-20 14:16:22,544 [pool-208-thread-1] INFO  server.RaftServerConfigKeys (ConfUtils.java:logGet(43)) - raft.server.log.queue.element-limit = 1024 (custom)
2019-09-20 14:16:22,544 [pool-208-thread-1] INFO  server.RaftServerConfigKeys (ConfUtils.java:logGet(43)) - raft.server.log.segment.size.max = 1048576 (custom)
2019-09-20 14:16:22,544 [pool-208-thread-1] INFO  server.RaftServerConfigKeys (ConfUtils.java:logGet(43)) - raft.server.log.preallocated.size = 16384 (custom)
2019-09-20 14:16:22,544 [pool-208-thread-1] INFO  server.RaftServerConfigKeys (ConfUtils.java:logGet(43)) - raft.server.log.write.buffer.size = 33554432 (custom)
2019-09-20 14:16:22,544 [pool-208-thread-1] INFO  server.RaftServerConfigKeys (ConfUtils.java:logGet(43)) - raft.server.log.force.sync.num = 128 (default)
2019-09-20 14:16:22,544 [pool-208-thread-1] INFO  server.RaftServerConfigKeys (ConfUtils.java:logGet(43)) - raft.server.log.statemachine.data.sync = true (default)
2019-09-20 14:16:22,545 [pool-208-thread-1] INFO  server.RaftServerConfigKeys (ConfUtils.java:logGet(43)) - raft.server.log.statemachine.data.sync.timeout = 10s (default)
2019-09-20 14:16:22,545 [pool-208-thread-1] INFO  server.RaftServerConfigKeys (ConfUtils.java:logGet(43)) - raft.server.log.statemachine.data.sync.timeout.retry = -1 (default)
2019-09-20 14:16:22,545 [pool-208-thread-1] INFO  server.RaftServerConfigKeys (ConfUtils.java:logGet(43)) - raft.server.log.statemachine.data.caching.enabled = true (custom)
2019-09-20 14:16:22,545 [pool-208-thread-1] INFO  segmented.SegmentedRaftLogWorker (SegmentedRaftLogWorker.java:lambda$new$0(132)) - de3dee47-223f-471a-94cf-733bf04e3bfa-SegmentedRaftLogWorker:Storage Directory /workdir/hadoop-ozone/ozonefs/target/test-dir/MiniOzoneClusterImpl-bceee591-9a40-46aa-b11c-5805cf83e67e/datanode-2/data/ratis/16bb0950-c53f-4ce1-aff7-2ea618774f35: flushIndex: setUnconditionally 0 -> -1
2019-09-20 14:16:22,546 [pool-208-thread-1] INFO  server.RaftServerConfigKeys (ConfUtils.java:logGet(43)) - raft.server.snapshot.auto.trigger.enabled = true (custom)
2019-09-20 14:16:22,546 [pool-208-thread-1] INFO  server.RaftServerConfigKeys (ConfUtils.java:logGet(43)) - raft.server.snapshot.auto.trigger.threshold = 10000 (custom)
2019-09-20 14:16:22,546 [pool-208-thread-1] INFO  server.RaftServerConfigKeys (ConfUtils.java:logGet(43)) - raft.server.retrycache.expirytime = 600000ms (custom)
2019-09-20 14:16:22,546 [pool-208-thread-1] INFO  impl.RaftServerImpl (RaftServerImpl.java:start(180)) - de3dee47-223f-471a-94cf-733bf04e3bfa: start group-2EA618774F35
2019-09-20 14:16:22,546 [pool-208-thread-1] INFO  impl.RaftServerImpl (RaftServerImpl.java:setRole(171)) - de3dee47-223f-471a-94cf-733bf04e3bfa:group-2EA618774F35 changes role from null to FOLLOWER at term 0 for startAsFollower
2019-09-20 14:16:22,547 [pool-208-thread-1] INFO  impl.RoleInfo (RoleInfo.java:updateAndGet(143)) - de3dee47-223f-471a-94cf-733bf04e3bfa: start FollowerState
2019-09-20 14:16:22,547 [pool-208-thread-1] INFO  util.JmxRegister (JmxRegister.java:tryRegister(44)) - Successfully registered JMX Bean with object name Ratis:service=RaftServer,group=group-2EA618774F35,id=de3dee47-223f-471a-94cf-733bf04e3bfa
2019-09-20 14:16:22,550 [RatisPipelineUtilsThread] INFO  pipeline.PipelineStateManager (PipelineStateManager.java:addPipeline(56)) - Created pipeline Pipeline[ Id: 16bb0950-c53f-4ce1-aff7-2ea618774f35, Nodes: de3dee47-223f-471a-94cf-733bf04e3bfa{ip: 192.168.36.99, host: pr-hdds-1569-p5fx8-1226042367, networkLocation: /default-rack, certSerialId: null}, Type:RATIS, Factor:ONE, State:OPEN]
2019-09-20 14:16:22,550 [RatisPipelineUtilsThread] INFO  pipeline.PipelinePlacementPolicy (PipelinePlacementPolicy.java:meetCriteria(91)) - Pipeline Placement: Doesn't meet the criteria to be viable node： ca8d0dbc-d7b9-40b5-b8a6-1ec03291533d Heaviness: 6 limit: 5
2019-09-20 14:16:22,550 [RatisPipelineUtilsThread] INFO  pipeline.PipelinePlacementPolicy (PipelinePlacementPolicy.java:meetCriteria(91)) - Pipeline Placement: Doesn't meet the criteria to be viable node： a0dd9521-a4a3-4dd5-8b72-1a675d264ce6 Heaviness: 6 limit: 5
2019-09-20 14:16:22,556 [grpc-default-executor-0] INFO  impl.RaftServerProxy (RaftServerProxy.java:addNew(89)) - de3dee47-223f-471a-94cf-733bf04e3bfa: addNew group-83D18BA28479:[de3dee47-223f-471a-94cf-733bf04e3bfa:192.168.36.99:36983] returns group-83D18BA28479:java.util.concurrent.CompletableFuture@7c1b98e6[Not completed]
2019-09-20 14:16:22,557 [pool-208-thread-1] INFO  impl.RaftServerImpl (RaftServerImpl.java:<init>(93)) - de3dee47-223f-471a-94cf-733bf04e3bfa: new RaftServerImpl for group-83D18BA28479:[de3dee47-223f-471a-94cf-733bf04e3bfa:192.168.36.99:36983] with ContainerStateMachine:uninitialized
2019-09-20 14:16:22,557 [pool-208-thread-1] INFO  server.RaftServerConfigKeys (ConfUtils.java:logGet(43)) - raft.server.rpc.timeout.min = 5s (custom)
2019-09-20 14:16:22,557 [pool-208-thread-1] INFO  server.RaftServerConfigKeys (ConfUtils.java:logGet(43)) - raft.server.rpc.timeout.max = 5200ms (custom)
2019-09-20 14:16:22,558 [pool-208-thread-1] INFO  server.RaftServerConfigKeys (ConfUtils.java:logGet(43)) - raft.server.rpcslowness.timeout = 120s (custom)
2019-09-20 14:16:22,558 [pool-208-thread-1] INFO  server.RaftServerConfigKeys (ConfUtils.java:logGet(43)) - raft.server.sleep.deviation.threshold = 300 (default)
2019-09-20 14:16:22,558 [pool-208-thread-1] INFO  server.RaftServerConfigKeys (ConfUtils.java:logGet(43)) - raft.server.log.appender.install.snapshot.enabled = false (custom)
2019-09-20 14:16:22,558 [pool-208-thread-1] INFO  impl.RaftServerImpl (ServerState.java:<init>(105)) - de3dee47-223f-471a-94cf-733bf04e3bfa:group-83D18BA28479 ConfigurationManager, init=-1: [de3dee47-223f-471a-94cf-733bf04e3bfa:192.168.36.99:36983], old=null, confs=<EMPTY_MAP>
2019-09-20 14:16:22,558 [pool-208-thread-1] INFO  server.RaftServerConfigKeys (ConfUtils.java:logGet(43)) - raft.server.storage.dir = [/workdir/hadoop-ozone/ozonefs/target/test-dir/MiniOzoneClusterImpl-bceee591-9a40-46aa-b11c-5805cf83e67e/datanode-2/data/ratis] (custom)
2019-09-20 14:16:22,558 [pool-208-thread-1] INFO  storage.RaftStorageDirectory (RaftStorageDirectory.java:analyzeStorage(246)) - The storage directory /workdir/hadoop-ozone/ozonefs/target/test-dir/MiniOzoneClusterImpl-bceee591-9a40-46aa-b11c-5805cf83e67e/datanode-2/data/ratis/52953f57-9726-409d-bc8e-83d18ba28479 does not exist. Creating ...
2019-09-20 14:16:22,576 [pool-208-thread-1] INFO  storage.RaftStorageDirectory (RaftStorageDirectory.java:tryLock(328)) - Lock on /workdir/hadoop-ozone/ozonefs/target/test-dir/MiniOzoneClusterImpl-bceee591-9a40-46aa-b11c-5805cf83e67e/datanode-2/data/ratis/52953f57-9726-409d-bc8e-83d18ba28479/in_use.lock acquired by nodename 5474@pr-hdds-1569-p5fx8-1226042367
2019-09-20 14:16:22,601 [pool-208-thread-1] INFO  storage.RaftStorage (RaftStorage.java:format(72)) - Storage directory /workdir/hadoop-ozone/ozonefs/target/test-dir/MiniOzoneClusterImpl-bceee591-9a40-46aa-b11c-5805cf83e67e/datanode-2/data/ratis/52953f57-9726-409d-bc8e-83d18ba28479 has been successfully formatted.
2019-09-20 14:16:22,601 [pool-208-thread-1] INFO  ratis.ContainerStateMachine (ContainerStateMachine.java:loadSnapshot(226)) - group-83D18BA28479: The snapshot info is null. Setting the last applied indexto:(t:0, i:~)
2019-09-20 14:16:22,602 [pool-208-thread-1] INFO  server.RaftServerConfigKeys (ConfUtils.java:logGet(43)) - raft.server.leader.election.timeout = 120s (custom)
2019-09-20 14:16:22,602 [pool-208-thread-1] INFO  server.RaftServerConfigKeys (ConfUtils.java:logGet(43)) - raft.server.log.use.memory = false (default)
2019-09-20 14:16:22,602 [pool-208-thread-1] INFO  server.RaftServerConfigKeys (ConfUtils.java:logGet(43)) - raft.server.log.purge.gap = 1000000 (custom)
2019-09-20 14:16:22,602 [pool-208-thread-1] INFO  server.RaftServerConfigKeys (ConfUtils.java:logGet(43)) - raft.server.log.appender.buffer.byte-limit = 33554432 (custom)
2019-09-20 14:16:22,602 [pool-208-thread-1] INFO  server.RaftServerConfigKeys (ConfUtils.java:logGet(43)) - raft.server.log.segment.size.max = 1048576 (custom)
2019-09-20 14:16:22,602 [pool-208-thread-1] INFO  server.RaftServerConfigKeys (ConfUtils.java:logGet(43)) - raft.server.log.segment.cache.num.max = 2 (custom)
2019-09-20 14:16:22,603 [pool-208-thread-1] INFO  segmented.SegmentedRaftLogWorker (SegmentedRaftLogWorker.java:<init>(172)) - new de3dee47-223f-471a-94cf-733bf04e3bfa-SegmentedRaftLogWorker:Storage Directory /workdir/hadoop-ozone/ozonefs/target/test-dir/MiniOzoneClusterImpl-bceee591-9a40-46aa-b11c-5805cf83e67e/datanode-2/data/ratis/52953f57-9726-409d-bc8e-83d18ba28479 for RaftStorage:Storage Directory /workdir/hadoop-ozone/ozonefs/target/test-dir/MiniOzoneClusterImpl-bceee591-9a40-46aa-b11c-5805cf83e67e/datanode-2/data/ratis/52953f57-9726-409d-bc8e-83d18ba28479
2019-09-20 14:16:22,603 [pool-208-thread-1] INFO  server.RaftServerConfigKeys (ConfUtils.java:logGet(43)) - raft.server.log.queue.byte-limit = 2147483647 (custom)
2019-09-20 14:16:22,603 [pool-208-thread-1] INFO  server.RaftServerConfigKeys (ConfUtils.java:logGet(43)) - raft.server.log.queue.element-limit = 1024 (custom)
2019-09-20 14:16:22,603 [pool-208-thread-1] INFO  server.RaftServerConfigKeys (ConfUtils.java:logGet(43)) - raft.server.log.segment.size.max = 1048576 (custom)
2019-09-20 14:16:22,603 [pool-208-thread-1] INFO  server.RaftServerConfigKeys (ConfUtils.java:logGet(43)) - raft.server.log.preallocated.size = 16384 (custom)
2019-09-20 14:16:22,604 [pool-208-thread-1] INFO  server.RaftServerConfigKeys (ConfUtils.java:logGet(43)) - raft.server.log.write.buffer.size = 33554432 (custom)
2019-09-20 14:16:22,604 [pool-208-thread-1] INFO  server.RaftServerConfigKeys (ConfUtils.java:logGet(43)) - raft.server.log.force.sync.num = 128 (default)
2019-09-20 14:16:22,604 [pool-208-thread-1] INFO  server.RaftServerConfigKeys (ConfUtils.java:logGet(43)) - raft.server.log.statemachine.data.sync = true (default)
2019-09-20 14:16:22,604 [pool-208-thread-1] INFO  server.RaftServerConfigKeys (ConfUtils.java:logGet(43)) - raft.server.log.statemachine.data.sync.timeout = 10s (default)
2019-09-20 14:16:22,604 [pool-208-thread-1] INFO  server.RaftServerConfigKeys (ConfUtils.java:logGet(43)) - raft.server.log.statemachine.data.sync.timeout.retry = -1 (default)
2019-09-20 14:16:22,605 [pool-208-thread-1] INFO  server.RaftServerConfigKeys (ConfUtils.java:logGet(43)) - raft.server.log.statemachine.data.caching.enabled = true (custom)
2019-09-20 14:16:22,605 [pool-208-thread-1] INFO  segmented.SegmentedRaftLogWorker (SegmentedRaftLogWorker.java:lambda$new$0(132)) - de3dee47-223f-471a-94cf-733bf04e3bfa-SegmentedRaftLogWorker:Storage Directory /workdir/hadoop-ozone/ozonefs/target/test-dir/MiniOzoneClusterImpl-bceee591-9a40-46aa-b11c-5805cf83e67e/datanode-2/data/ratis/52953f57-9726-409d-bc8e-83d18ba28479: flushIndex: setUnconditionally 0 -> -1
2019-09-20 14:16:22,605 [pool-208-thread-1] INFO  server.RaftServerConfigKeys (ConfUtils.java:logGet(43)) - raft.server.snapshot.auto.trigger.enabled = true (custom)
2019-09-20 14:16:22,606 [pool-208-thread-1] INFO  server.RaftServerConfigKeys (ConfUtils.java:logGet(43)) - raft.server.snapshot.auto.trigger.threshold = 10000 (custom)
2019-09-20 14:16:22,606 [pool-208-thread-1] INFO  server.RaftServerConfigKeys (ConfUtils.java:logGet(43)) - raft.server.retrycache.expirytime = 600000ms (custom)
2019-09-20 14:16:22,606 [pool-208-thread-1] INFO  impl.RaftServerImpl (RaftServerImpl.java:start(180)) - de3dee47-223f-471a-94cf-733bf04e3bfa: start group-83D18BA28479
2019-09-20 14:16:22,606 [pool-208-thread-1] INFO  impl.RaftServerImpl (RaftServerImpl.java:setRole(171)) - de3dee47-223f-471a-94cf-733bf04e3bfa:group-83D18BA28479 changes role from null to FOLLOWER at term 0 for startAsFollower
2019-09-20 14:16:22,606 [pool-208-thread-1] INFO  impl.RoleInfo (RoleInfo.java:updateAndGet(143)) - de3dee47-223f-471a-94cf-733bf04e3bfa: start FollowerState
2019-09-20 14:16:22,607 [pool-208-thread-1] INFO  util.JmxRegister (JmxRegister.java:tryRegister(44)) - Successfully registered JMX Bean with object name Ratis:service=RaftServer,group=group-83D18BA28479,id=de3dee47-223f-471a-94cf-733bf04e3bfa
2019-09-20 14:16:22,610 [RatisPipelineUtilsThread] INFO  pipeline.PipelineStateManager (PipelineStateManager.java:addPipeline(56)) - Created pipeline Pipeline[ Id: 52953f57-9726-409d-bc8e-83d18ba28479, Nodes: de3dee47-223f-471a-94cf-733bf04e3bfa{ip: 192.168.36.99, host: pr-hdds-1569-p5fx8-1226042367, networkLocation: /default-rack, certSerialId: null}, Type:RATIS, Factor:ONE, State:OPEN]
2019-09-20 14:16:22,610 [RatisPipelineUtilsThread] INFO  pipeline.PipelinePlacementPolicy (PipelinePlacementPolicy.java:meetCriteria(91)) - Pipeline Placement: Doesn't meet the criteria to be viable node： ca8d0dbc-d7b9-40b5-b8a6-1ec03291533d Heaviness: 6 limit: 5
2019-09-20 14:16:22,611 [RatisPipelineUtilsThread] INFO  pipeline.PipelinePlacementPolicy (PipelinePlacementPolicy.java:meetCriteria(91)) - Pipeline Placement: Doesn't meet the criteria to be viable node： a0dd9521-a4a3-4dd5-8b72-1a675d264ce6 Heaviness: 6 limit: 5
2019-09-20 14:16:22,616 [grpc-default-executor-0] INFO  impl.RaftServerProxy (RaftServerProxy.java:addNew(89)) - de3dee47-223f-471a-94cf-733bf04e3bfa: addNew group-AC16993CBC09:[de3dee47-223f-471a-94cf-733bf04e3bfa:192.168.36.99:36983] returns group-AC16993CBC09:java.util.concurrent.CompletableFuture@41809977[Not completed]
2019-09-20 14:16:22,618 [pool-208-thread-1] INFO  impl.RaftServerImpl (RaftServerImpl.java:<init>(93)) - de3dee47-223f-471a-94cf-733bf04e3bfa: new RaftServerImpl for group-AC16993CBC09:[de3dee47-223f-471a-94cf-733bf04e3bfa:192.168.36.99:36983] with ContainerStateMachine:uninitialized
2019-09-20 14:16:22,618 [pool-208-thread-1] INFO  server.RaftServerConfigKeys (ConfUtils.java:logGet(43)) - raft.server.rpc.timeout.min = 5s (custom)
2019-09-20 14:16:22,618 [pool-208-thread-1] INFO  server.RaftServerConfigKeys (ConfUtils.java:logGet(43)) - raft.server.rpc.timeout.max = 5200ms (custom)
2019-09-20 14:16:22,618 [pool-208-thread-1] INFO  server.RaftServerConfigKeys (ConfUtils.java:logGet(43)) - raft.server.rpcslowness.timeout = 120s (custom)
2019-09-20 14:16:22,618 [pool-208-thread-1] INFO  server.RaftServerConfigKeys (ConfUtils.java:logGet(43)) - raft.server.sleep.deviation.threshold = 300 (default)
2019-09-20 14:16:22,618 [pool-208-thread-1] INFO  server.RaftServerConfigKeys (ConfUtils.java:logGet(43)) - raft.server.log.appender.install.snapshot.enabled = false (custom)
2019-09-20 14:16:22,619 [pool-208-thread-1] INFO  impl.RaftServerImpl (ServerState.java:<init>(105)) - de3dee47-223f-471a-94cf-733bf04e3bfa:group-AC16993CBC09 ConfigurationManager, init=-1: [de3dee47-223f-471a-94cf-733bf04e3bfa:192.168.36.99:36983], old=null, confs=<EMPTY_MAP>
2019-09-20 14:16:22,619 [pool-208-thread-1] INFO  server.RaftServerConfigKeys (ConfUtils.java:logGet(43)) - raft.server.storage.dir = [/workdir/hadoop-ozone/ozonefs/target/test-dir/MiniOzoneClusterImpl-bceee591-9a40-46aa-b11c-5805cf83e67e/datanode-2/data/ratis] (custom)
2019-09-20 14:16:22,620 [pool-208-thread-1] INFO  storage.RaftStorageDirectory (RaftStorageDirectory.java:analyzeStorage(246)) - The storage directory /workdir/hadoop-ozone/ozonefs/target/test-dir/MiniOzoneClusterImpl-bceee591-9a40-46aa-b11c-5805cf83e67e/datanode-2/data/ratis/a691f3e7-1ddd-4318-966c-ac16993cbc09 does not exist. Creating ...
2019-09-20 14:16:22,643 [pool-208-thread-1] INFO  storage.RaftStorageDirectory (RaftStorageDirectory.java:tryLock(328)) - Lock on /workdir/hadoop-ozone/ozonefs/target/test-dir/MiniOzoneClusterImpl-bceee591-9a40-46aa-b11c-5805cf83e67e/datanode-2/data/ratis/a691f3e7-1ddd-4318-966c-ac16993cbc09/in_use.lock acquired by nodename 5474@pr-hdds-1569-p5fx8-1226042367
2019-09-20 14:16:22,660 [pool-208-thread-1] INFO  storage.RaftStorage (RaftStorage.java:format(72)) - Storage directory /workdir/hadoop-ozone/ozonefs/target/test-dir/MiniOzoneClusterImpl-bceee591-9a40-46aa-b11c-5805cf83e67e/datanode-2/data/ratis/a691f3e7-1ddd-4318-966c-ac16993cbc09 has been successfully formatted.
2019-09-20 14:16:22,661 [pool-208-thread-1] INFO  ratis.ContainerStateMachine (ContainerStateMachine.java:loadSnapshot(226)) - group-AC16993CBC09: The snapshot info is null. Setting the last applied indexto:(t:0, i:~)
2019-09-20 14:16:22,661 [pool-208-thread-1] INFO  server.RaftServerConfigKeys (ConfUtils.java:logGet(43)) - raft.server.leader.election.timeout = 120s (custom)
2019-09-20 14:16:22,661 [pool-208-thread-1] INFO  server.RaftServerConfigKeys (ConfUtils.java:logGet(43)) - raft.server.log.use.memory = false (default)
2019-09-20 14:16:22,661 [pool-208-thread-1] INFO  server.RaftServerConfigKeys (ConfUtils.java:logGet(43)) - raft.server.log.purge.gap = 1000000 (custom)
2019-09-20 14:16:22,661 [pool-208-thread-1] INFO  server.RaftServerConfigKeys (ConfUtils.java:logGet(43)) - raft.server.log.appender.buffer.byte-limit = 33554432 (custom)
2019-09-20 14:16:22,661 [pool-208-thread-1] INFO  server.RaftServerConfigKeys (ConfUtils.java:logGet(43)) - raft.server.log.segment.size.max = 1048576 (custom)
2019-09-20 14:16:22,662 [pool-208-thread-1] INFO  server.RaftServerConfigKeys (ConfUtils.java:logGet(43)) - raft.server.log.segment.cache.num.max = 2 (custom)
2019-09-20 14:16:22,662 [pool-208-thread-1] INFO  segmented.SegmentedRaftLogWorker (SegmentedRaftLogWorker.java:<init>(172)) - new de3dee47-223f-471a-94cf-733bf04e3bfa-SegmentedRaftLogWorker:Storage Directory /workdir/hadoop-ozone/ozonefs/target/test-dir/MiniOzoneClusterImpl-bceee591-9a40-46aa-b11c-5805cf83e67e/datanode-2/data/ratis/a691f3e7-1ddd-4318-966c-ac16993cbc09 for RaftStorage:Storage Directory /workdir/hadoop-ozone/ozonefs/target/test-dir/MiniOzoneClusterImpl-bceee591-9a40-46aa-b11c-5805cf83e67e/datanode-2/data/ratis/a691f3e7-1ddd-4318-966c-ac16993cbc09
2019-09-20 14:16:22,662 [pool-208-thread-1] INFO  server.RaftServerConfigKeys (ConfUtils.java:logGet(43)) - raft.server.log.queue.byte-limit = 2147483647 (custom)
2019-09-20 14:16:22,662 [pool-208-thread-1] INFO  server.RaftServerConfigKeys (ConfUtils.java:logGet(43)) - raft.server.log.queue.element-limit = 1024 (custom)
2019-09-20 14:16:22,662 [pool-208-thread-1] INFO  server.RaftServerConfigKeys (ConfUtils.java:logGet(43)) - raft.server.log.segment.size.max = 1048576 (custom)
2019-09-20 14:16:22,663 [pool-208-thread-1] INFO  server.RaftServerConfigKeys (ConfUtils.java:logGet(43)) - raft.server.log.preallocated.size = 16384 (custom)
2019-09-20 14:16:22,663 [pool-208-thread-1] INFO  server.RaftServerConfigKeys (ConfUtils.java:logGet(43)) - raft.server.log.write.buffer.size = 33554432 (custom)
2019-09-20 14:16:22,663 [pool-208-thread-1] INFO  server.RaftServerConfigKeys (ConfUtils.java:logGet(43)) - raft.server.log.force.sync.num = 128 (default)
2019-09-20 14:16:22,663 [pool-208-thread-1] INFO  server.RaftServerConfigKeys (ConfUtils.java:logGet(43)) - raft.server.log.statemachine.data.sync = true (default)
2019-09-20 14:16:22,663 [pool-208-thread-1] INFO  server.RaftServerConfigKeys (ConfUtils.java:logGet(43)) - raft.server.log.statemachine.data.sync.timeout = 10s (default)
2019-09-20 14:16:22,663 [pool-208-thread-1] INFO  server.RaftServerConfigKeys (ConfUtils.java:logGet(43)) - raft.server.log.statemachine.data.sync.timeout.retry = -1 (default)
2019-09-20 14:16:22,664 [pool-208-thread-1] INFO  server.RaftServerConfigKeys (ConfUtils.java:logGet(43)) - raft.server.log.statemachine.data.caching.enabled = true (custom)
2019-09-20 14:16:22,664 [pool-208-thread-1] INFO  segmented.SegmentedRaftLogWorker (SegmentedRaftLogWorker.java:lambda$new$0(132)) - de3dee47-223f-471a-94cf-733bf04e3bfa-SegmentedRaftLogWorker:Storage Directory /workdir/hadoop-ozone/ozonefs/target/test-dir/MiniOzoneClusterImpl-bceee591-9a40-46aa-b11c-5805cf83e67e/datanode-2/data/ratis/a691f3e7-1ddd-4318-966c-ac16993cbc09: flushIndex: setUnconditionally 0 -> -1
2019-09-20 14:16:22,665 [pool-208-thread-1] INFO  server.RaftServerConfigKeys (ConfUtils.java:logGet(43)) - raft.server.snapshot.auto.trigger.enabled = true (custom)
2019-09-20 14:16:22,665 [pool-208-thread-1] INFO  server.RaftServerConfigKeys (ConfUtils.java:logGet(43)) - raft.server.snapshot.auto.trigger.threshold = 10000 (custom)
2019-09-20 14:16:22,665 [pool-208-thread-1] INFO  server.RaftServerConfigKeys (ConfUtils.java:logGet(43)) - raft.server.retrycache.expirytime = 600000ms (custom)
2019-09-20 14:16:22,665 [pool-208-thread-1] INFO  impl.RaftServerImpl (RaftServerImpl.java:start(180)) - de3dee47-223f-471a-94cf-733bf04e3bfa: start group-AC16993CBC09
2019-09-20 14:16:22,665 [pool-208-thread-1] INFO  impl.RaftServerImpl (RaftServerImpl.java:setRole(171)) - de3dee47-223f-471a-94cf-733bf04e3bfa:group-AC16993CBC09 changes role from null to FOLLOWER at term 0 for startAsFollower
2019-09-20 14:16:22,666 [pool-208-thread-1] INFO  impl.RoleInfo (RoleInfo.java:updateAndGet(143)) - de3dee47-223f-471a-94cf-733bf04e3bfa: start FollowerState
2019-09-20 14:16:22,666 [pool-208-thread-1] INFO  util.JmxRegister (JmxRegister.java:tryRegister(44)) - Successfully registered JMX Bean with object name Ratis:service=RaftServer,group=group-AC16993CBC09,id=de3dee47-223f-471a-94cf-733bf04e3bfa
2019-09-20 14:16:22,669 [RatisPipelineUtilsThread] INFO  pipeline.PipelineStateManager (PipelineStateManager.java:addPipeline(56)) - Created pipeline Pipeline[ Id: a691f3e7-1ddd-4318-966c-ac16993cbc09, Nodes: de3dee47-223f-471a-94cf-733bf04e3bfa{ip: 192.168.36.99, host: pr-hdds-1569-p5fx8-1226042367, networkLocation: /default-rack, certSerialId: null}, Type:RATIS, Factor:ONE, State:OPEN]
2019-09-20 14:16:22,670 [RatisPipelineUtilsThread] INFO  pipeline.PipelinePlacementPolicy (PipelinePlacementPolicy.java:meetCriteria(91)) - Pipeline Placement: Doesn't meet the criteria to be viable node： ca8d0dbc-d7b9-40b5-b8a6-1ec03291533d Heaviness: 6 limit: 5
2019-09-20 14:16:22,670 [RatisPipelineUtilsThread] INFO  pipeline.PipelinePlacementPolicy (PipelinePlacementPolicy.java:meetCriteria(91)) - Pipeline Placement: Doesn't meet the criteria to be viable node： a0dd9521-a4a3-4dd5-8b72-1a675d264ce6 Heaviness: 6 limit: 5
2019-09-20 14:16:22,676 [grpc-default-executor-0] INFO  impl.RaftServerProxy (RaftServerProxy.java:addNew(89)) - de3dee47-223f-471a-94cf-733bf04e3bfa: addNew group-2FC00D84C472:[de3dee47-223f-471a-94cf-733bf04e3bfa:192.168.36.99:36983] returns group-2FC00D84C472:java.util.concurrent.CompletableFuture@3c35800e[Not completed]
2019-09-20 14:16:22,677 [pool-208-thread-1] INFO  impl.RaftServerImpl (RaftServerImpl.java:<init>(93)) - de3dee47-223f-471a-94cf-733bf04e3bfa: new RaftServerImpl for group-2FC00D84C472:[de3dee47-223f-471a-94cf-733bf04e3bfa:192.168.36.99:36983] with ContainerStateMachine:uninitialized
2019-09-20 14:16:22,678 [pool-208-thread-1] INFO  server.RaftServerConfigKeys (ConfUtils.java:logGet(43)) - raft.server.rpc.timeout.min = 5s (custom)
2019-09-20 14:16:22,678 [pool-208-thread-1] INFO  server.RaftServerConfigKeys (ConfUtils.java:logGet(43)) - raft.server.rpc.timeout.max = 5200ms (custom)
2019-09-20 14:16:22,678 [pool-208-thread-1] INFO  server.RaftServerConfigKeys (ConfUtils.java:logGet(43)) - raft.server.rpcslowness.timeout = 120s (custom)
2019-09-20 14:16:22,678 [pool-208-thread-1] INFO  server.RaftServerConfigKeys (ConfUtils.java:logGet(43)) - raft.server.sleep.deviation.threshold = 300 (default)
2019-09-20 14:16:22,678 [pool-208-thread-1] INFO  server.RaftServerConfigKeys (ConfUtils.java:logGet(43)) - raft.server.log.appender.install.snapshot.enabled = false (custom)
2019-09-20 14:16:22,678 [pool-208-thread-1] INFO  impl.RaftServerImpl (ServerState.java:<init>(105)) - de3dee47-223f-471a-94cf-733bf04e3bfa:group-2FC00D84C472 ConfigurationManager, init=-1: [de3dee47-223f-471a-94cf-733bf04e3bfa:192.168.36.99:36983], old=null, confs=<EMPTY_MAP>
2019-09-20 14:16:22,679 [pool-208-thread-1] INFO  server.RaftServerConfigKeys (ConfUtils.java:logGet(43)) - raft.server.storage.dir = [/workdir/hadoop-ozone/ozonefs/target/test-dir/MiniOzoneClusterImpl-bceee591-9a40-46aa-b11c-5805cf83e67e/datanode-2/data/ratis] (custom)
2019-09-20 14:16:22,679 [pool-208-thread-1] INFO  storage.RaftStorageDirectory (RaftStorageDirectory.java:analyzeStorage(246)) - The storage directory /workdir/hadoop-ozone/ozonefs/target/test-dir/MiniOzoneClusterImpl-bceee591-9a40-46aa-b11c-5805cf83e67e/datanode-2/data/ratis/5380d445-d724-46ff-8b58-2fc00d84c472 does not exist. Creating ...
2019-09-20 14:16:22,719 [pool-208-thread-1] INFO  storage.RaftStorageDirectory (RaftStorageDirectory.java:tryLock(328)) - Lock on /workdir/hadoop-ozone/ozonefs/target/test-dir/MiniOzoneClusterImpl-bceee591-9a40-46aa-b11c-5805cf83e67e/datanode-2/data/ratis/5380d445-d724-46ff-8b58-2fc00d84c472/in_use.lock acquired by nodename 5474@pr-hdds-1569-p5fx8-1226042367
2019-09-20 14:16:22,736 [pool-208-thread-1] INFO  storage.RaftStorage (RaftStorage.java:format(72)) - Storage directory /workdir/hadoop-ozone/ozonefs/target/test-dir/MiniOzoneClusterImpl-bceee591-9a40-46aa-b11c-5805cf83e67e/datanode-2/data/ratis/5380d445-d724-46ff-8b58-2fc00d84c472 has been successfully formatted.
2019-09-20 14:16:22,736 [pool-208-thread-1] INFO  ratis.ContainerStateMachine (ContainerStateMachine.java:loadSnapshot(226)) - group-2FC00D84C472: The snapshot info is null. Setting the last applied indexto:(t:0, i:~)
2019-09-20 14:16:22,736 [pool-208-thread-1] INFO  server.RaftServerConfigKeys (ConfUtils.java:logGet(43)) - raft.server.leader.election.timeout = 120s (custom)
2019-09-20 14:16:22,737 [pool-208-thread-1] INFO  server.RaftServerConfigKeys (ConfUtils.java:logGet(43)) - raft.server.log.use.memory = false (default)
2019-09-20 14:16:22,737 [pool-208-thread-1] INFO  server.RaftServerConfigKeys (ConfUtils.java:logGet(43)) - raft.server.log.purge.gap = 1000000 (custom)
2019-09-20 14:16:22,737 [pool-208-thread-1] INFO  server.RaftServerConfigKeys (ConfUtils.java:logGet(43)) - raft.server.log.appender.buffer.byte-limit = 33554432 (custom)
2019-09-20 14:16:22,737 [pool-208-thread-1] INFO  server.RaftServerConfigKeys (ConfUtils.java:logGet(43)) - raft.server.log.segment.size.max = 1048576 (custom)
2019-09-20 14:16:22,737 [pool-208-thread-1] INFO  server.RaftServerConfigKeys (ConfUtils.java:logGet(43)) - raft.server.log.segment.cache.num.max = 2 (custom)
2019-09-20 14:16:22,737 [pool-208-thread-1] INFO  segmented.SegmentedRaftLogWorker (SegmentedRaftLogWorker.java:<init>(172)) - new de3dee47-223f-471a-94cf-733bf04e3bfa-SegmentedRaftLogWorker:Storage Directory /workdir/hadoop-ozone/ozonefs/target/test-dir/MiniOzoneClusterImpl-bceee591-9a40-46aa-b11c-5805cf83e67e/datanode-2/data/ratis/5380d445-d724-46ff-8b58-2fc00d84c472 for RaftStorage:Storage Directory /workdir/hadoop-ozone/ozonefs/target/test-dir/MiniOzoneClusterImpl-bceee591-9a40-46aa-b11c-5805cf83e67e/datanode-2/data/ratis/5380d445-d724-46ff-8b58-2fc00d84c472
2019-09-20 14:16:22,738 [pool-208-thread-1] INFO  server.RaftServerConfigKeys (ConfUtils.java:logGet(43)) - raft.server.log.queue.byte-limit = 2147483647 (custom)
2019-09-20 14:16:22,738 [pool-208-thread-1] INFO  server.RaftServerConfigKeys (ConfUtils.java:logGet(43)) - raft.server.log.queue.element-limit = 1024 (custom)
2019-09-20 14:16:22,738 [pool-208-thread-1] INFO  server.RaftServerConfigKeys (ConfUtils.java:logGet(43)) - raft.server.log.segment.size.max = 1048576 (custom)
2019-09-20 14:16:22,738 [pool-208-thread-1] INFO  server.RaftServerConfigKeys (ConfUtils.java:logGet(43)) - raft.server.log.preallocated.size = 16384 (custom)
2019-09-20 14:16:22,738 [pool-208-thread-1] INFO  server.RaftServerConfigKeys (ConfUtils.java:logGet(43)) - raft.server.log.write.buffer.size = 33554432 (custom)
2019-09-20 14:16:22,738 [pool-208-thread-1] INFO  server.RaftServerConfigKeys (ConfUtils.java:logGet(43)) - raft.server.log.force.sync.num = 128 (default)
2019-09-20 14:16:22,739 [pool-208-thread-1] INFO  server.RaftServerConfigKeys (ConfUtils.java:logGet(43)) - raft.server.log.statemachine.data.sync = true (default)
2019-09-20 14:16:22,739 [pool-208-thread-1] INFO  server.RaftServerConfigKeys (ConfUtils.java:logGet(43)) - raft.server.log.statemachine.data.sync.timeout = 10s (default)
2019-09-20 14:16:22,739 [pool-208-thread-1] INFO  server.RaftServerConfigKeys (ConfUtils.java:logGet(43)) - raft.server.log.statemachine.data.sync.timeout.retry = -1 (default)
2019-09-20 14:16:22,739 [pool-208-thread-1] INFO  server.RaftServerConfigKeys (ConfUtils.java:logGet(43)) - raft.server.log.statemachine.data.caching.enabled = true (custom)
2019-09-20 14:16:22,739 [pool-208-thread-1] INFO  segmented.SegmentedRaftLogWorker (SegmentedRaftLogWorker.java:lambda$new$0(132)) - de3dee47-223f-471a-94cf-733bf04e3bfa-SegmentedRaftLogWorker:Storage Directory /workdir/hadoop-ozone/ozonefs/target/test-dir/MiniOzoneClusterImpl-bceee591-9a40-46aa-b11c-5805cf83e67e/datanode-2/data/ratis/5380d445-d724-46ff-8b58-2fc00d84c472: flushIndex: setUnconditionally 0 -> -1
2019-09-20 14:16:22,740 [pool-208-thread-1] INFO  server.RaftServerConfigKeys (ConfUtils.java:logGet(43)) - raft.server.snapshot.auto.trigger.enabled = true (custom)
2019-09-20 14:16:22,740 [pool-208-thread-1] INFO  server.RaftServerConfigKeys (ConfUtils.java:logGet(43)) - raft.server.snapshot.auto.trigger.threshold = 10000 (custom)
2019-09-20 14:16:22,740 [pool-208-thread-1] INFO  server.RaftServerConfigKeys (ConfUtils.java:logGet(43)) - raft.server.retrycache.expirytime = 600000ms (custom)
2019-09-20 14:16:22,740 [pool-208-thread-1] INFO  impl.RaftServerImpl (RaftServerImpl.java:start(180)) - de3dee47-223f-471a-94cf-733bf04e3bfa: start group-2FC00D84C472
2019-09-20 14:16:22,741 [pool-208-thread-1] INFO  impl.RaftServerImpl (RaftServerImpl.java:setRole(171)) - de3dee47-223f-471a-94cf-733bf04e3bfa:group-2FC00D84C472 changes role from null to FOLLOWER at term 0 for startAsFollower
2019-09-20 14:16:22,741 [pool-208-thread-1] INFO  impl.RoleInfo (RoleInfo.java:updateAndGet(143)) - de3dee47-223f-471a-94cf-733bf04e3bfa: start FollowerState
2019-09-20 14:16:22,741 [pool-208-thread-1] INFO  util.JmxRegister (JmxRegister.java:tryRegister(44)) - Successfully registered JMX Bean with object name Ratis:service=RaftServer,group=group-2FC00D84C472,id=de3dee47-223f-471a-94cf-733bf04e3bfa
2019-09-20 14:16:22,744 [RatisPipelineUtilsThread] INFO  pipeline.PipelineStateManager (PipelineStateManager.java:addPipeline(56)) - Created pipeline Pipeline[ Id: 5380d445-d724-46ff-8b58-2fc00d84c472, Nodes: de3dee47-223f-471a-94cf-733bf04e3bfa{ip: 192.168.36.99, host: pr-hdds-1569-p5fx8-1226042367, networkLocation: /default-rack, certSerialId: null}, Type:RATIS, Factor:ONE, State:OPEN]
2019-09-20 14:16:22,745 [RatisPipelineUtilsThread] INFO  pipeline.PipelinePlacementPolicy (PipelinePlacementPolicy.java:meetCriteria(91)) - Pipeline Placement: Doesn't meet the criteria to be viable node： ca8d0dbc-d7b9-40b5-b8a6-1ec03291533d Heaviness: 6 limit: 5
2019-09-20 14:16:22,745 [RatisPipelineUtilsThread] INFO  pipeline.PipelinePlacementPolicy (PipelinePlacementPolicy.java:meetCriteria(91)) - Pipeline Placement: Doesn't meet the criteria to be viable node： a0dd9521-a4a3-4dd5-8b72-1a675d264ce6 Heaviness: 6 limit: 5
2019-09-20 14:16:22,751 [grpc-default-executor-0] INFO  impl.RaftServerProxy (RaftServerProxy.java:addNew(89)) - de3dee47-223f-471a-94cf-733bf04e3bfa: addNew group-88730C160D2A:[de3dee47-223f-471a-94cf-733bf04e3bfa:192.168.36.99:36983] returns group-88730C160D2A:java.util.concurrent.CompletableFuture@1eea032e[Not completed]
2019-09-20 14:16:22,752 [pool-208-thread-1] INFO  impl.RaftServerImpl (RaftServerImpl.java:<init>(93)) - de3dee47-223f-471a-94cf-733bf04e3bfa: new RaftServerImpl for group-88730C160D2A:[de3dee47-223f-471a-94cf-733bf04e3bfa:192.168.36.99:36983] with ContainerStateMachine:uninitialized
2019-09-20 14:16:22,752 [pool-208-thread-1] INFO  server.RaftServerConfigKeys (ConfUtils.java:logGet(43)) - raft.server.rpc.timeout.min = 5s (custom)
2019-09-20 14:16:22,752 [pool-208-thread-1] INFO  server.RaftServerConfigKeys (ConfUtils.java:logGet(43)) - raft.server.rpc.timeout.max = 5200ms (custom)
2019-09-20 14:16:22,752 [pool-208-thread-1] INFO  server.RaftServerConfigKeys (ConfUtils.java:logGet(43)) - raft.server.rpcslowness.timeout = 120s (custom)
2019-09-20 14:16:22,752 [pool-208-thread-1] INFO  server.RaftServerConfigKeys (ConfUtils.java:logGet(43)) - raft.server.sleep.deviation.threshold = 300 (default)
2019-09-20 14:16:22,752 [pool-208-thread-1] INFO  server.RaftServerConfigKeys (ConfUtils.java:logGet(43)) - raft.server.log.appender.install.snapshot.enabled = false (custom)
2019-09-20 14:16:22,753 [pool-208-thread-1] INFO  impl.RaftServerImpl (ServerState.java:<init>(105)) - de3dee47-223f-471a-94cf-733bf04e3bfa:group-88730C160D2A ConfigurationManager, init=-1: [de3dee47-223f-471a-94cf-733bf04e3bfa:192.168.36.99:36983], old=null, confs=<EMPTY_MAP>
2019-09-20 14:16:22,753 [pool-208-thread-1] INFO  server.RaftServerConfigKeys (ConfUtils.java:logGet(43)) - raft.server.storage.dir = [/workdir/hadoop-ozone/ozonefs/target/test-dir/MiniOzoneClusterImpl-bceee591-9a40-46aa-b11c-5805cf83e67e/datanode-2/data/ratis] (custom)
2019-09-20 14:16:22,753 [pool-208-thread-1] INFO  storage.RaftStorageDirectory (RaftStorageDirectory.java:analyzeStorage(246)) - The storage directory /workdir/hadoop-ozone/ozonefs/target/test-dir/MiniOzoneClusterImpl-bceee591-9a40-46aa-b11c-5805cf83e67e/datanode-2/data/ratis/40086de0-8d0a-47e2-a237-88730c160d2a does not exist. Creating ...
2019-09-20 14:16:22,778 [pool-208-thread-1] INFO  storage.RaftStorageDirectory (RaftStorageDirectory.java:tryLock(328)) - Lock on /workdir/hadoop-ozone/ozonefs/target/test-dir/MiniOzoneClusterImpl-bceee591-9a40-46aa-b11c-5805cf83e67e/datanode-2/data/ratis/40086de0-8d0a-47e2-a237-88730c160d2a/in_use.lock acquired by nodename 5474@pr-hdds-1569-p5fx8-1226042367
2019-09-20 14:16:22,795 [pool-208-thread-1] INFO  storage.RaftStorage (RaftStorage.java:format(72)) - Storage directory /workdir/hadoop-ozone/ozonefs/target/test-dir/MiniOzoneClusterImpl-bceee591-9a40-46aa-b11c-5805cf83e67e/datanode-2/data/ratis/40086de0-8d0a-47e2-a237-88730c160d2a has been successfully formatted.
2019-09-20 14:16:22,795 [pool-208-thread-1] INFO  ratis.ContainerStateMachine (ContainerStateMachine.java:loadSnapshot(226)) - group-88730C160D2A: The snapshot info is null. Setting the last applied indexto:(t:0, i:~)
2019-09-20 14:16:22,796 [pool-208-thread-1] INFO  server.RaftServerConfigKeys (ConfUtils.java:logGet(43)) - raft.server.leader.election.timeout = 120s (custom)
2019-09-20 14:16:22,796 [pool-208-thread-1] INFO  server.RaftServerConfigKeys (ConfUtils.java:logGet(43)) - raft.server.log.use.memory = false (default)
2019-09-20 14:16:22,796 [pool-208-thread-1] INFO  server.RaftServerConfigKeys (ConfUtils.java:logGet(43)) - raft.server.log.purge.gap = 1000000 (custom)
2019-09-20 14:16:22,796 [pool-208-thread-1] INFO  server.RaftServerConfigKeys (ConfUtils.java:logGet(43)) - raft.server.log.appender.buffer.byte-limit = 33554432 (custom)
2019-09-20 14:16:22,796 [pool-208-thread-1] INFO  server.RaftServerConfigKeys (ConfUtils.java:logGet(43)) - raft.server.log.segment.size.max = 1048576 (custom)
2019-09-20 14:16:22,796 [pool-208-thread-1] INFO  server.RaftServerConfigKeys (ConfUtils.java:logGet(43)) - raft.server.log.segment.cache.num.max = 2 (custom)
2019-09-20 14:16:22,797 [pool-208-thread-1] INFO  segmented.SegmentedRaftLogWorker (SegmentedRaftLogWorker.java:<init>(172)) - new de3dee47-223f-471a-94cf-733bf04e3bfa-SegmentedRaftLogWorker:Storage Directory /workdir/hadoop-ozone/ozonefs/target/test-dir/MiniOzoneClusterImpl-bceee591-9a40-46aa-b11c-5805cf83e67e/datanode-2/data/ratis/40086de0-8d0a-47e2-a237-88730c160d2a for RaftStorage:Storage Directory /workdir/hadoop-ozone/ozonefs/target/test-dir/MiniOzoneClusterImpl-bceee591-9a40-46aa-b11c-5805cf83e67e/datanode-2/data/ratis/40086de0-8d0a-47e2-a237-88730c160d2a
2019-09-20 14:16:22,797 [pool-208-thread-1] INFO  server.RaftServerConfigKeys (ConfUtils.java:logGet(43)) - raft.server.log.queue.byte-limit = 2147483647 (custom)
2019-09-20 14:16:22,797 [pool-208-thread-1] INFO  server.RaftServerConfigKeys (ConfUtils.java:logGet(43)) - raft.server.log.queue.element-limit = 1024 (custom)
2019-09-20 14:16:22,797 [pool-208-thread-1] INFO  server.RaftServerConfigKeys (ConfUtils.java:logGet(43)) - raft.server.log.segment.size.max = 1048576 (custom)
2019-09-20 14:16:22,797 [pool-208-thread-1] INFO  server.RaftServerConfigKeys (ConfUtils.java:logGet(43)) - raft.server.log.preallocated.size = 16384 (custom)
2019-09-20 14:16:22,797 [pool-208-thread-1] INFO  server.RaftServerConfigKeys (ConfUtils.java:logGet(43)) - raft.server.log.write.buffer.size = 33554432 (custom)
2019-09-20 14:16:22,798 [pool-208-thread-1] INFO  server.RaftServerConfigKeys (ConfUtils.java:logGet(43)) - raft.server.log.force.sync.num = 128 (default)
2019-09-20 14:16:22,798 [pool-208-thread-1] INFO  server.RaftServerConfigKeys (ConfUtils.java:logGet(43)) - raft.server.log.statemachine.data.sync = true (default)
2019-09-20 14:16:22,798 [pool-208-thread-1] INFO  server.RaftServerConfigKeys (ConfUtils.java:logGet(43)) - raft.server.log.statemachine.data.sync.timeout = 10s (default)
2019-09-20 14:16:22,798 [pool-208-thread-1] INFO  server.RaftServerConfigKeys (ConfUtils.java:logGet(43)) - raft.server.log.statemachine.data.sync.timeout.retry = -1 (default)
2019-09-20 14:16:22,798 [pool-208-thread-1] INFO  server.RaftServerConfigKeys (ConfUtils.java:logGet(43)) - raft.server.log.statemachine.data.caching.enabled = true (custom)
2019-09-20 14:16:22,799 [pool-208-thread-1] INFO  segmented.SegmentedRaftLogWorker (SegmentedRaftLogWorker.java:lambda$new$0(132)) - de3dee47-223f-471a-94cf-733bf04e3bfa-SegmentedRaftLogWorker:Storage Directory /workdir/hadoop-ozone/ozonefs/target/test-dir/MiniOzoneClusterImpl-bceee591-9a40-46aa-b11c-5805cf83e67e/datanode-2/data/ratis/40086de0-8d0a-47e2-a237-88730c160d2a: flushIndex: setUnconditionally 0 -> -1
2019-09-20 14:16:22,799 [pool-208-thread-1] INFO  server.RaftServerConfigKeys (ConfUtils.java:logGet(43)) - raft.server.snapshot.auto.trigger.enabled = true (custom)
2019-09-20 14:16:22,799 [pool-208-thread-1] INFO  server.RaftServerConfigKeys (ConfUtils.java:logGet(43)) - raft.server.snapshot.auto.trigger.threshold = 10000 (custom)
2019-09-20 14:16:22,799 [pool-208-thread-1] INFO  server.RaftServerConfigKeys (ConfUtils.java:logGet(43)) - raft.server.retrycache.expirytime = 600000ms (custom)
2019-09-20 14:16:22,800 [pool-208-thread-1] INFO  impl.RaftServerImpl (RaftServerImpl.java:start(180)) - de3dee47-223f-471a-94cf-733bf04e3bfa: start group-88730C160D2A
2019-09-20 14:16:22,800 [pool-208-thread-1] INFO  impl.RaftServerImpl (RaftServerImpl.java:setRole(171)) - de3dee47-223f-471a-94cf-733bf04e3bfa:group-88730C160D2A changes role from null to FOLLOWER at term 0 for startAsFollower
2019-09-20 14:16:22,800 [pool-208-thread-1] INFO  impl.RoleInfo (RoleInfo.java:updateAndGet(143)) - de3dee47-223f-471a-94cf-733bf04e3bfa: start FollowerState
2019-09-20 14:16:22,800 [pool-208-thread-1] INFO  util.JmxRegister (JmxRegister.java:tryRegister(44)) - Successfully registered JMX Bean with object name Ratis:service=RaftServer,group=group-88730C160D2A,id=de3dee47-223f-471a-94cf-733bf04e3bfa
2019-09-20 14:16:22,803 [RatisPipelineUtilsThread] INFO  pipeline.PipelineStateManager (PipelineStateManager.java:addPipeline(56)) - Created pipeline Pipeline[ Id: 40086de0-8d0a-47e2-a237-88730c160d2a, Nodes: de3dee47-223f-471a-94cf-733bf04e3bfa{ip: 192.168.36.99, host: pr-hdds-1569-p5fx8-1226042367, networkLocation: /default-rack, certSerialId: null}, Type:RATIS, Factor:ONE, State:OPEN]
2019-09-20 14:16:22,804 [RatisPipelineUtilsThread] INFO  pipeline.PipelinePlacementPolicy (PipelinePlacementPolicy.java:meetCriteria(91)) - Pipeline Placement: Doesn't meet the criteria to be viable node： ca8d0dbc-d7b9-40b5-b8a6-1ec03291533d Heaviness: 6 limit: 5
2019-09-20 14:16:22,804 [RatisPipelineUtilsThread] INFO  pipeline.PipelinePlacementPolicy (PipelinePlacementPolicy.java:meetCriteria(91)) - Pipeline Placement: Doesn't meet the criteria to be viable node： a0dd9521-a4a3-4dd5-8b72-1a675d264ce6 Heaviness: 6 limit: 5
2019-09-20 14:16:22,804 [RatisPipelineUtilsThread] INFO  pipeline.PipelinePlacementPolicy (PipelinePlacementPolicy.java:meetCriteria(91)) - Pipeline Placement: Doesn't meet the criteria to be viable node： de3dee47-223f-471a-94cf-733bf04e3bfa Heaviness: 6 limit: 5
2019-09-20 14:16:22,804 [RatisPipelineUtilsThread] ERROR pipeline.PipelinePlacementPolicy (PipelinePlacementPolicy.java:filterViableNodes(148)) - Unable to find enough nodes that meet the criteria that cannot engage in more than 5 pipelines. Nodes required: 1 Found: 0, healthy nodes count inNodeManager: 3.
2019-09-20 14:16:22,805 [RatisPipelineUtilsThread] ERROR pipeline.SCMPipelineManager (SCMPipelineManager.java:createPipeline(161)) - Pipeline creation failed due to exception: Unable to find enough nodes that meet the criteria that cannot engage in more than 5 pipelines. Nodes required: 1 Found: 0, healthy nodes count inNodeManager: 3.
2019-09-20 14:16:22,805 [RatisPipelineUtilsThread] INFO  pipeline.PipelinePlacementPolicy (PipelinePlacementPolicy.java:meetCriteria(91)) - Pipeline Placement: Doesn't meet the criteria to be viable node： ca8d0dbc-d7b9-40b5-b8a6-1ec03291533d Heaviness: 6 limit: 5
2019-09-20 14:16:22,805 [RatisPipelineUtilsThread] INFO  pipeline.PipelinePlacementPolicy (PipelinePlacementPolicy.java:meetCriteria(91)) - Pipeline Placement: Doesn't meet the criteria to be viable node： a0dd9521-a4a3-4dd5-8b72-1a675d264ce6 Heaviness: 6 limit: 5
2019-09-20 14:16:22,805 [RatisPipelineUtilsThread] INFO  pipeline.PipelinePlacementPolicy (PipelinePlacementPolicy.java:meetCriteria(91)) - Pipeline Placement: Doesn't meet the criteria to be viable node： de3dee47-223f-471a-94cf-733bf04e3bfa Heaviness: 6 limit: 5
2019-09-20 14:16:22,805 [RatisPipelineUtilsThread] ERROR pipeline.PipelinePlacementPolicy (PipelinePlacementPolicy.java:filterViableNodes(148)) - Unable to find enough nodes that meet the criteria that cannot engage in more than 5 pipelines. Nodes required: 3 Found: 0, healthy nodes count inNodeManager: 3.
2019-09-20 14:16:22,805 [RatisPipelineUtilsThread] ERROR pipeline.SCMPipelineManager (SCMPipelineManager.java:createPipeline(161)) - Pipeline creation failed due to exception: Unable to find enough nodes that meet the criteria that cannot engage in more than 5 pipelines. Nodes required: 3 Found: 0, healthy nodes count inNodeManager: 3.
2019-09-20 14:16:22,806 [RatisPipelineUtilsThread] INFO  pipeline.PipelinePlacementPolicy (PipelinePlacementPolicy.java:meetCriteria(91)) - Pipeline Placement: Doesn't meet the criteria to be viable node： ca8d0dbc-d7b9-40b5-b8a6-1ec03291533d Heaviness: 6 limit: 5
2019-09-20 14:16:22,806 [RatisPipelineUtilsThread] INFO  pipeline.PipelinePlacementPolicy (PipelinePlacementPolicy.java:meetCriteria(91)) - Pipeline Placement: Doesn't meet the criteria to be viable node： a0dd9521-a4a3-4dd5-8b72-1a675d264ce6 Heaviness: 6 limit: 5
2019-09-20 14:16:22,806 [RatisPipelineUtilsThread] INFO  pipeline.PipelinePlacementPolicy (PipelinePlacementPolicy.java:meetCriteria(91)) - Pipeline Placement: Doesn't meet the criteria to be viable node： de3dee47-223f-471a-94cf-733bf04e3bfa Heaviness: 6 limit: 5
2019-09-20 14:16:22,806 [RatisPipelineUtilsThread] ERROR pipeline.PipelinePlacementPolicy (PipelinePlacementPolicy.java:filterViableNodes(148)) - Unable to find enough nodes that meet the criteria that cannot engage in more than 5 pipelines. Nodes required: 1 Found: 0, healthy nodes count inNodeManager: 3.
2019-09-20 14:16:22,806 [RatisPipelineUtilsThread] ERROR pipeline.SCMPipelineManager (SCMPipelineManager.java:createPipeline(161)) - Pipeline creation failed due to exception: Unable to find enough nodes that meet the criteria that cannot engage in more than 5 pipelines. Nodes required: 1 Found: 0, healthy nodes count inNodeManager: 3.
2019-09-20 14:16:22,807 [RatisPipelineUtilsThread] INFO  pipeline.PipelinePlacementPolicy (PipelinePlacementPolicy.java:meetCriteria(91)) - Pipeline Placement: Doesn't meet the criteria to be viable node： ca8d0dbc-d7b9-40b5-b8a6-1ec03291533d Heaviness: 6 limit: 5
2019-09-20 14:16:22,807 [RatisPipelineUtilsThread] INFO  pipeline.PipelinePlacementPolicy (PipelinePlacementPolicy.java:meetCriteria(91)) - Pipeline Placement: Doesn't meet the criteria to be viable node： a0dd9521-a4a3-4dd5-8b72-1a675d264ce6 Heaviness: 6 limit: 5
2019-09-20 14:16:22,807 [RatisPipelineUtilsThread] INFO  pipeline.PipelinePlacementPolicy (PipelinePlacementPolicy.java:meetCriteria(91)) - Pipeline Placement: Doesn't meet the criteria to be viable node： de3dee47-223f-471a-94cf-733bf04e3bfa Heaviness: 6 limit: 5
2019-09-20 14:16:22,807 [RatisPipelineUtilsThread] ERROR pipeline.PipelinePlacementPolicy (PipelinePlacementPolicy.java:filterViableNodes(148)) - Unable to find enough nodes that meet the criteria that cannot engage in more than 5 pipelines. Nodes required: 3 Found: 0, healthy nodes count inNodeManager: 3.
2019-09-20 14:16:22,807 [RatisPipelineUtilsThread] ERROR pipeline.SCMPipelineManager (SCMPipelineManager.java:createPipeline(161)) - Pipeline creation failed due to exception: Unable to find enough nodes that meet the criteria that cannot engage in more than 5 pipelines. Nodes required: 3 Found: 0, healthy nodes count inNodeManager: 3.
2019-09-20 14:16:22,808 [IPC Server handler 4 on 42713] INFO  pipeline.PipelinePlacementPolicy (PipelinePlacementPolicy.java:meetCriteria(91)) - Pipeline Placement: Doesn't meet the criteria to be viable node： ca8d0dbc-d7b9-40b5-b8a6-1ec03291533d Heaviness: 6 limit: 5
2019-09-20 14:16:22,808 [IPC Server handler 4 on 42713] INFO  pipeline.PipelinePlacementPolicy (PipelinePlacementPolicy.java:meetCriteria(91)) - Pipeline Placement: Doesn't meet the criteria to be viable node： a0dd9521-a4a3-4dd5-8b72-1a675d264ce6 Heaviness: 6 limit: 5
2019-09-20 14:16:22,808 [IPC Server handler 4 on 42713] INFO  pipeline.PipelinePlacementPolicy (PipelinePlacementPolicy.java:meetCriteria(91)) - Pipeline Placement: Doesn't meet the criteria to be viable node： de3dee47-223f-471a-94cf-733bf04e3bfa Heaviness: 6 limit: 5
2019-09-20 14:16:22,808 [IPC Server handler 4 on 42713] ERROR pipeline.PipelinePlacementPolicy (PipelinePlacementPolicy.java:filterViableNodes(148)) - Unable to find enough nodes that meet the criteria that cannot engage in more than 5 pipelines. Nodes required: 3 Found: 0, healthy nodes count inNodeManager: 3.
2019-09-20 14:16:22,809 [IPC Server handler 4 on 42713] ERROR pipeline.SCMPipelineManager (SCMPipelineManager.java:createPipeline(161)) - Pipeline creation failed due to exception: Unable to find enough nodes that meet the criteria that cannot engage in more than 5 pipelines. Nodes required: 3 Found: 0, healthy nodes count inNodeManager: 3.
2019-09-20 14:16:22,809 [IPC Server handler 4 on 42713] WARN  block.BlockManagerImpl (BlockManagerImpl.java:allocateBlock(192)) - Pipeline creation failed for type:RATIS factor:THREE. Retrying get pipelines call once.
org.apache.hadoop.hdds.scm.exceptions.SCMException: Unable to find enough nodes that meet the criteria that cannot engage in more than 5 pipelines. Nodes required: 3 Found: 0, healthy nodes count inNodeManager: 3.
	at org.apache.hadoop.hdds.scm.pipeline.PipelinePlacementPolicy.filterViableNodes(PipelinePlacementPolicy.java:149)
	at org.apache.hadoop.hdds.scm.pipeline.PipelinePlacementPolicy.chooseDatanodes(PipelinePlacementPolicy.java:172)
	at org.apache.hadoop.hdds.scm.pipeline.RatisPipelineProvider.create(RatisPipelineProvider.java:92)
	at org.apache.hadoop.hdds.scm.pipeline.PipelineFactory.create(PipelineFactory.java:57)
	at org.apache.hadoop.hdds.scm.pipeline.SCMPipelineManager.createPipeline(SCMPipelineManager.java:149)
	at org.apache.hadoop.hdds.scm.block.BlockManagerImpl.allocateBlock(BlockManagerImpl.java:190)
	at org.apache.hadoop.hdds.scm.server.SCMBlockProtocolServer.allocateBlock(SCMBlockProtocolServer.java:175)
	at org.apache.hadoop.ozone.protocolPB.ScmBlockLocationProtocolServerSideTranslatorPB.allocateScmBlock(ScmBlockLocationProtocolServerSideTranslatorPB.java:153)
	at org.apache.hadoop.ozone.protocolPB.ScmBlockLocationProtocolServerSideTranslatorPB.send(ScmBlockLocationProtocolServerSideTranslatorPB.java:112)
	at org.apache.hadoop.hdds.protocol.proto.ScmBlockLocationProtocolProtos$ScmBlockLocationProtocolService$2.callBlockingMethod(ScmBlockLocationProtocolProtos.java:13157)
	at org.apache.hadoop.ipc.ProtobufRpcEngine$Server$ProtoBufRpcInvoker.call(ProtobufRpcEngine.java:524)
	at org.apache.hadoop.ipc.RPC$Server.call(RPC.java:1025)
	at org.apache.hadoop.ipc.Server$RpcCall.run(Server.java:876)
	at org.apache.hadoop.ipc.Server$RpcCall.run(Server.java:822)
	at java.security.AccessController.doPrivileged(Native Method)
	at javax.security.auth.Subject.doAs(Subject.java:422)
	at org.apache.hadoop.security.UserGroupInformation.doAs(UserGroupInformation.java:1730)
	at org.apache.hadoop.ipc.Server$Handler.run(Server.java:2682)
2019-09-20 14:16:22,810 [IPC Server handler 4 on 42713] INFO  block.BlockManagerImpl (BlockManagerImpl.java:allocateBlock(198)) - Could not find available pipeline of type:RATIS and factor:THREE even after retrying
2019-09-20 14:16:22,810 [IPC Server handler 4 on 42713] ERROR block.BlockManagerImpl (BlockManagerImpl.java:allocateBlock(222)) - Unable to allocate a block for the size: 4194304, type: RATIS, factor: THREE
2019-09-20 14:16:22,810 | INFO  | SCMAudit | user=jenkins1000 | ip=192.168.36.99 | op=ALLOCATE_BLOCK {owner=798d2af6-5656-43ed-b77a-daaa745a25f6, size=4194304, type=RATIS, factor=THREE} | ret=SUCCESS |  
2019-09-20 14:16:22,812 | ERROR | OMAudit | user=jenkins1000 | ip=127.0.0.1 | op=CREATE_FILE {volume=volume26614, bucket=bucket14012, key=testListStatus/key1, dataSize=0, replicationType=RATIS, replicationFactor=THREE, keyLocationInfo=null} | ret=FAILURE | org.apache.hadoop.hdds.scm.exceptions.SCMException: Allocated 0 blocks. Requested 1 blocks
	at org.apache.hadoop.hdds.scm.protocolPB.ScmBlockLocationProtocolClientSideTranslatorPB.handleError(ScmBlockLocationProtocolClientSideTranslatorPB.java:118)
	at org.apache.hadoop.hdds.scm.protocolPB.ScmBlockLocationProtocolClientSideTranslatorPB.allocateBlock(ScmBlockLocationProtocolClientSideTranslatorPB.java:156) 
2019-09-20 14:16:22,816 [Thread-804] INFO  ozone.MiniOzoneClusterImpl (MiniOzoneClusterImpl.java:shutdown(321)) - Shutting down the Mini Ozone Cluster
2019-09-20 14:16:22,817 | INFO  | SCMAudit | user=null | ip=null | op=GET_SCM_INFO null | ret=SUCCESS |  
2019-09-20 14:16:22,817 [Thread-804] INFO  ozone.MiniOzoneClusterImpl (MiniOzoneClusterImpl.java:stop(336)) - Stopping the Mini Ozone Cluster
2019-09-20 14:16:22,817 [Thread-804] INFO  ozone.MiniOzoneClusterImpl (MiniOzoneClusterImpl.java:stop(338)) - Stopping the OzoneManager
2019-09-20 14:16:22,817 [Thread-804] INFO  ipc.Server (Server.java:stop(3082)) - Stopping server on 46552
2019-09-20 14:16:22,821 [IPC Server listener on 46552] INFO  ipc.Server (Server.java:run(1185)) - Stopping IPC Server listener on 46552
2019-09-20 14:16:22,822 [Thread-804] INFO  ratis.OzoneManagerDoubleBuffer (OzoneManagerDoubleBuffer.java:stop(248)) - Stopping OMDoubleBuffer flush thread
2019-09-20 14:16:22,824 [IPC Server Responder] INFO  ipc.Server (Server.java:run(1319)) - Stopping IPC Server Responder
2019-09-20 14:16:22,824 [OMDoubleBufferFlushThread] INFO  ratis.OzoneManagerDoubleBuffer (OzoneManagerDoubleBuffer.java:flushTransactions(191)) - OMDoubleBuffer flush thread OMDoubleBufferFlushThread is interrupted and will exit. OMDoubleBufferFlushThread
2019-09-20 14:16:22,824 [Thread-804] INFO  utils.BackgroundService (BackgroundService.java:shutdown(148)) - Shutting down service KeyDeletingService
2019-09-20 14:16:22,827 [Thread-804] INFO  handler.ContextHandler (ContextHandler.java:doStop(910)) - Stopped o.e.j.w.WebAppContext@2980b4ad{/,null,UNAVAILABLE}{/ozoneManager}
2019-09-20 14:16:22,828 [Thread-804] INFO  server.AbstractConnector (AbstractConnector.java:doStop(318)) - Stopped ServerConnector@3aefb9ad{HTTP/1.1,[http/1.1]}{0.0.0.0:0}
2019-09-20 14:16:22,828 [Thread-804] INFO  handler.ContextHandler (ContextHandler.java:doStop(910)) - Stopped o.e.j.s.ServletContextHandler@547290de{/static,jar:file:/home/user/.m2/repository/org/apache/hadoop/hadoop-ozone-ozone-manager/0.5.0-SNAPSHOT/hadoop-ozone-ozone-manager-0.5.0-SNAPSHOT.jar!/webapps/static,UNAVAILABLE}
2019-09-20 14:16:22,828 [Thread-804] INFO  handler.ContextHandler (ContextHandler.java:doStop(910)) - Stopped o.e.j.s.ServletContextHandler@452c01e{/logs,file:///workdir/hadoop-ozone/ozonefs/target/log,UNAVAILABLE}
2019-09-20 14:16:22,831 [Thread-804] INFO  ozone.MiniOzoneClusterImpl (MiniOzoneClusterImpl.java:stop(344)) - Shutting the HddsDatanodes
2019-09-20 14:16:22,832 [Thread-804] INFO  datanode.ObjectStoreHandler (ObjectStoreHandler.java:close(155)) - Closing ObjectStoreHandler.
2019-09-20 14:16:22,832 [ForkJoinPool.commonPool-worker-1] INFO  datanode.ObjectStoreHandler (ObjectStoreHandler.java:close(155)) - Closing ObjectStoreHandler.
2019-09-20 14:16:22,832 [Thread-804] INFO  ozone.HddsDatanodeService (HddsDatanodeService.java:stop(451)) - Stopped plug-in org.apache.hadoop.ozone.web.OzoneHddsDatanodeService@278acbc4
2019-09-20 14:16:22,833 [ForkJoinPool.commonPool-worker-1] INFO  ozone.HddsDatanodeService (HddsDatanodeService.java:stop(451)) - Stopped plug-in org.apache.hadoop.ozone.web.OzoneHddsDatanodeService@18302089
2019-09-20 14:16:23,616 [Datanode State Machine Thread - 0] INFO  statemachine.DatanodeStateMachine (DatanodeStateMachine.java:lambda$startDaemon$0(350)) - Ozone container server started.
2019-09-20 14:16:23,811 [Datanode State Machine Thread - 0] INFO  statemachine.DatanodeStateMachine (DatanodeStateMachine.java:lambda$startDaemon$0(350)) - Ozone container server started.
2019-09-20 14:16:24,034 | INFO  | SCMAudit | user=jenkins1000 | ip=192.168.36.99 | op=SEND_HEARTBEAT {datanodeUUID=de3dee47-223f-471a-94cf-733bf04e3bfa, command=[]} | ret=SUCCESS |  
2019-09-20 14:16:24,626 [Thread-976] INFO  container.ReplicationManager (ReplicationManager.java:start(151)) - Starting Replication Monitor Thread.
2019-09-20 14:16:24,629 [ReplicationMonitor] INFO  container.ReplicationManager (ReplicationManager.java:run(214)) - Replication Monitor Thread took 0 milliseconds for processing 0 containers.
2019-09-20 14:16:25,034 | INFO  | SCMAudit | user=jenkins1000 | ip=192.168.36.99 | op=SEND_HEARTBEAT {datanodeUUID=de3dee47-223f-471a-94cf-733bf04e3bfa, command=[]} | ret=SUCCESS |  
2019-09-20 14:16:26,034 | INFO  | SCMAudit | user=jenkins1000 | ip=192.168.36.99 | op=SEND_HEARTBEAT {datanodeUUID=de3dee47-223f-471a-94cf-733bf04e3bfa, command=[]} | ret=SUCCESS |  
2019-09-20 14:16:26,711 [Thread-978] INFO  impl.FollowerState (FollowerState.java:run(106)) - a0dd9521-a4a3-4dd5-8b72-1a675d264ce6:group-54717F9B0EEB changes to CANDIDATE, lastRpcTime:5019, electionTimeout:5019ms
2019-09-20 14:16:26,711 [Thread-978] INFO  impl.RoleInfo (RoleInfo.java:shutdownFollowerState(121)) - a0dd9521-a4a3-4dd5-8b72-1a675d264ce6: shutdown FollowerState
2019-09-20 14:16:26,711 [Thread-978] INFO  impl.RaftServerImpl (RaftServerImpl.java:setRole(171)) - a0dd9521-a4a3-4dd5-8b72-1a675d264ce6:group-54717F9B0EEB changes role from FOLLOWER to CANDIDATE at term 0 for changeToCandidate
2019-09-20 14:16:26,712 [Thread-978] INFO  impl.RoleInfo (RoleInfo.java:updateAndGet(143)) - a0dd9521-a4a3-4dd5-8b72-1a675d264ce6: start LeaderElection
2019-09-20 14:16:26,736 [a0dd9521-a4a3-4dd5-8b72-1a675d264ce6:group-54717F9B0EEB:LeaderElection54] INFO  impl.LeaderElection (LeaderElection.java:askForVotes(181)) - a0dd9521-a4a3-4dd5-8b72-1a675d264ce6:group-54717F9B0EEB:LeaderElection54: begin an election at term 1 for -1: [a0dd9521-a4a3-4dd5-8b72-1a675d264ce6:192.168.36.99:33314], old=null
2019-09-20 14:16:26,736 [a0dd9521-a4a3-4dd5-8b72-1a675d264ce6:group-54717F9B0EEB:LeaderElection54] INFO  impl.RoleInfo (RoleInfo.java:shutdownLeaderElection(134)) - a0dd9521-a4a3-4dd5-8b72-1a675d264ce6: shutdown LeaderElection
2019-09-20 14:16:26,736 [a0dd9521-a4a3-4dd5-8b72-1a675d264ce6:group-54717F9B0EEB:LeaderElection54] INFO  impl.RaftServerImpl (RaftServerImpl.java:setRole(171)) - a0dd9521-a4a3-4dd5-8b72-1a675d264ce6:group-54717F9B0EEB changes role from CANDIDATE to LEADER at term 1 for changeToLeader
2019-09-20 14:16:26,737 [a0dd9521-a4a3-4dd5-8b72-1a675d264ce6:group-54717F9B0EEB:LeaderElection54] INFO  impl.RaftServerImpl (ServerState.java:setLeader(263)) - a0dd9521-a4a3-4dd5-8b72-1a675d264ce6:group-54717F9B0EEB change Leader from null to a0dd9521-a4a3-4dd5-8b72-1a675d264ce6 at term 1 for becomeLeader, leader elected after 5051ms
2019-09-20 14:16:26,737 [a0dd9521-a4a3-4dd5-8b72-1a675d264ce6:group-54717F9B0EEB:LeaderElection54] INFO  server.RaftServerConfigKeys (ConfUtils.java:logGet(43)) - raft.server.staging.catchup.gap = 1000 (default)
2019-09-20 14:16:26,737 [a0dd9521-a4a3-4dd5-8b72-1a675d264ce6:group-54717F9B0EEB:LeaderElection54] INFO  server.RaftServerConfigKeys (ConfUtils.java:logGet(43)) - raft.server.rpc.sleep.time = 25ms (default)
2019-09-20 14:16:26,737 [a0dd9521-a4a3-4dd5-8b72-1a675d264ce6:group-54717F9B0EEB:LeaderElection54] INFO  server.RaftServerConfigKeys (ConfUtils.java:logGet(43)) - raft.server.write.element-limit = 4096 (default)
2019-09-20 14:16:26,737 [a0dd9521-a4a3-4dd5-8b72-1a675d264ce6:group-54717F9B0EEB:LeaderElection54] INFO  server.RaftServerConfigKeys (ConfUtils.java:logGet(43)) - raft.server.watch.timeout = 10s (default)
2019-09-20 14:16:26,738 [a0dd9521-a4a3-4dd5-8b72-1a675d264ce6:group-54717F9B0EEB:LeaderElection54] INFO  server.RaftServerConfigKeys (ConfUtils.java:logGet(43)) - raft.server.watch.timeout.denomination = 1s (default)
2019-09-20 14:16:26,738 [a0dd9521-a4a3-4dd5-8b72-1a675d264ce6:group-54717F9B0EEB:LeaderElection54] INFO  server.RaftServerConfigKeys (ConfUtils.java:logGet(43)) - raft.server.watch.element-limit = 65536 (default)
2019-09-20 14:16:26,738 [a0dd9521-a4a3-4dd5-8b72-1a675d264ce6:group-54717F9B0EEB:LeaderElection54] INFO  impl.RoleInfo (RoleInfo.java:updateAndGet(143)) - a0dd9521-a4a3-4dd5-8b72-1a675d264ce6: start LeaderState
2019-09-20 14:16:26,738 [a0dd9521-a4a3-4dd5-8b72-1a675d264ce6:group-54717F9B0EEB:LeaderElection54] INFO  segmented.SegmentedRaftLogWorker (SegmentedRaftLogWorker.java:startLogSegment(380)) - a0dd9521-a4a3-4dd5-8b72-1a675d264ce6-SegmentedRaftLogWorker:Storage Directory /workdir/hadoop-ozone/ozonefs/target/test-dir/MiniOzoneClusterImpl-bceee591-9a40-46aa-b11c-5805cf83e67e/datanode-0/data/ratis/2a4f1592-b88b-4b29-bbb4-54717f9b0eeb: Starting segment from index:0
2019-09-20 14:16:26,739 [a0dd9521-a4a3-4dd5-8b72-1a675d264ce6:group-54717F9B0EEB:LeaderElection54] INFO  impl.RaftServerImpl (ServerState.java:setRaftConf(361)) - a0dd9521-a4a3-4dd5-8b72-1a675d264ce6:group-54717F9B0EEB set configuration 0: [a0dd9521-a4a3-4dd5-8b72-1a675d264ce6:192.168.36.99:33314], old=null at 0
2019-09-20 14:16:26,803 [a0dd9521-a4a3-4dd5-8b72-1a675d264ce6-SegmentedRaftLogWorker:Storage Directory /workdir/hadoop-ozone/ozonefs/target/test-dir/MiniOzoneClusterImpl-bceee591-9a40-46aa-b11c-5805cf83e67e/datanode-0/data/ratis/2a4f1592-b88b-4b29-bbb4-54717f9b0eeb] INFO  segmented.SegmentedRaftLogWorker (SegmentedRaftLogWorker.java:execute(569)) - a0dd9521-a4a3-4dd5-8b72-1a675d264ce6-SegmentedRaftLogWorker:Storage Directory /workdir/hadoop-ozone/ozonefs/target/test-dir/MiniOzoneClusterImpl-bceee591-9a40-46aa-b11c-5805cf83e67e/datanode-0/data/ratis/2a4f1592-b88b-4b29-bbb4-54717f9b0eeb: created new log segment /workdir/hadoop-ozone/ozonefs/target/test-dir/MiniOzoneClusterImpl-bceee591-9a40-46aa-b11c-5805cf83e67e/datanode-0/data/ratis/2a4f1592-b88b-4b29-bbb4-54717f9b0eeb/current/log_inprogress_0
2019-09-20 14:16:26,884 [Thread-984] INFO  impl.FollowerState (FollowerState.java:run(106)) - a0dd9521-a4a3-4dd5-8b72-1a675d264ce6:group-F192CA306A28 changes to CANDIDATE, lastRpcTime:5071, electionTimeout:5071ms
2019-09-20 14:16:26,884 [Thread-984] INFO  impl.RoleInfo (RoleInfo.java:shutdownFollowerState(121)) - a0dd9521-a4a3-4dd5-8b72-1a675d264ce6: shutdown FollowerState
2019-09-20 14:16:26,884 [Thread-984] INFO  impl.RaftServerImpl (RaftServerImpl.java:setRole(171)) - a0dd9521-a4a3-4dd5-8b72-1a675d264ce6:group-F192CA306A28 changes role from FOLLOWER to CANDIDATE at term 0 for changeToCandidate
2019-09-20 14:16:26,885 [Thread-984] INFO  impl.RoleInfo (RoleInfo.java:updateAndGet(143)) - a0dd9521-a4a3-4dd5-8b72-1a675d264ce6: start LeaderElection
2019-09-20 14:16:26,905 [a0dd9521-a4a3-4dd5-8b72-1a675d264ce6:group-F192CA306A28:LeaderElection55] INFO  impl.LeaderElection (LeaderElection.java:askForVotes(181)) - a0dd9521-a4a3-4dd5-8b72-1a675d264ce6:group-F192CA306A28:LeaderElection55: begin an election at term 1 for -1: [a0dd9521-a4a3-4dd5-8b72-1a675d264ce6:192.168.36.99:33314], old=null
2019-09-20 14:16:26,905 [a0dd9521-a4a3-4dd5-8b72-1a675d264ce6:group-F192CA306A28:LeaderElection55] INFO  impl.RoleInfo (RoleInfo.java:shutdownLeaderElection(134)) - a0dd9521-a4a3-4dd5-8b72-1a675d264ce6: shutdown LeaderElection
2019-09-20 14:16:26,906 [a0dd9521-a4a3-4dd5-8b72-1a675d264ce6:group-F192CA306A28:LeaderElection55] INFO  impl.RaftServerImpl (RaftServerImpl.java:setRole(171)) - a0dd9521-a4a3-4dd5-8b72-1a675d264ce6:group-F192CA306A28 changes role from CANDIDATE to LEADER at term 1 for changeToLeader
2019-09-20 14:16:26,906 [a0dd9521-a4a3-4dd5-8b72-1a675d264ce6:group-F192CA306A28:LeaderElection55] INFO  impl.RaftServerImpl (ServerState.java:setLeader(263)) - a0dd9521-a4a3-4dd5-8b72-1a675d264ce6:group-F192CA306A28 change Leader from null to a0dd9521-a4a3-4dd5-8b72-1a675d264ce6 at term 1 for becomeLeader, leader elected after 5097ms
2019-09-20 14:16:26,906 [a0dd9521-a4a3-4dd5-8b72-1a675d264ce6:group-F192CA306A28:LeaderElection55] INFO  server.RaftServerConfigKeys (ConfUtils.java:logGet(43)) - raft.server.staging.catchup.gap = 1000 (default)
2019-09-20 14:16:26,906 [a0dd9521-a4a3-4dd5-8b72-1a675d264ce6:group-F192CA306A28:LeaderElection55] INFO  server.RaftServerConfigKeys (ConfUtils.java:logGet(43)) - raft.server.rpc.sleep.time = 25ms (default)
2019-09-20 14:16:26,906 [a0dd9521-a4a3-4dd5-8b72-1a675d264ce6:group-F192CA306A28:LeaderElection55] INFO  server.RaftServerConfigKeys (ConfUtils.java:logGet(43)) - raft.server.write.element-limit = 4096 (default)
2019-09-20 14:16:26,907 [a0dd9521-a4a3-4dd5-8b72-1a675d264ce6:group-F192CA306A28:LeaderElection55] INFO  server.RaftServerConfigKeys (ConfUtils.java:logGet(43)) - raft.server.watch.timeout = 10s (default)
2019-09-20 14:16:26,907 [a0dd9521-a4a3-4dd5-8b72-1a675d264ce6:group-F192CA306A28:LeaderElection55] INFO  server.RaftServerConfigKeys (ConfUtils.java:logGet(43)) - raft.server.watch.timeout.denomination = 1s (default)
2019-09-20 14:16:26,907 [a0dd9521-a4a3-4dd5-8b72-1a675d264ce6:group-F192CA306A28:LeaderElection55] INFO  server.RaftServerConfigKeys (ConfUtils.java:logGet(43)) - raft.server.watch.element-limit = 65536 (default)
2019-09-20 14:16:26,907 [a0dd9521-a4a3-4dd5-8b72-1a675d264ce6:group-F192CA306A28:LeaderElection55] INFO  impl.RoleInfo (RoleInfo.java:updateAndGet(143)) - a0dd9521-a4a3-4dd5-8b72-1a675d264ce6: start LeaderState
2019-09-20 14:16:26,907 [a0dd9521-a4a3-4dd5-8b72-1a675d264ce6:group-F192CA306A28:LeaderElection55] INFO  segmented.SegmentedRaftLogWorker (SegmentedRaftLogWorker.java:startLogSegment(380)) - a0dd9521-a4a3-4dd5-8b72-1a675d264ce6-SegmentedRaftLogWorker:Storage Directory /workdir/hadoop-ozone/ozonefs/target/test-dir/MiniOzoneClusterImpl-bceee591-9a40-46aa-b11c-5805cf83e67e/datanode-0/data/ratis/a45cdcb3-3bff-48c3-8760-f192ca306a28: Starting segment from index:0
2019-09-20 14:16:26,908 [a0dd9521-a4a3-4dd5-8b72-1a675d264ce6:group-F192CA306A28:LeaderElection55] INFO  impl.RaftServerImpl (ServerState.java:setRaftConf(361)) - a0dd9521-a4a3-4dd5-8b72-1a675d264ce6:group-F192CA306A28 set configuration 0: [a0dd9521-a4a3-4dd5-8b72-1a675d264ce6:192.168.36.99:33314], old=null at 0
2019-09-20 14:16:26,935 [Thread-981] INFO  impl.FollowerState (FollowerState.java:run(106)) - a0dd9521-a4a3-4dd5-8b72-1a675d264ce6:group-186D73DE6A8B changes to CANDIDATE, lastRpcTime:5191, electionTimeout:5191ms
2019-09-20 14:16:26,935 [Thread-981] INFO  impl.RoleInfo (RoleInfo.java:shutdownFollowerState(121)) - a0dd9521-a4a3-4dd5-8b72-1a675d264ce6: shutdown FollowerState
2019-09-20 14:16:26,935 [Thread-981] INFO  impl.RaftServerImpl (RaftServerImpl.java:setRole(171)) - a0dd9521-a4a3-4dd5-8b72-1a675d264ce6:group-186D73DE6A8B changes role from FOLLOWER to CANDIDATE at term 0 for changeToCandidate
2019-09-20 14:16:26,935 [Thread-981] INFO  impl.RoleInfo (RoleInfo.java:updateAndGet(143)) - a0dd9521-a4a3-4dd5-8b72-1a675d264ce6: start LeaderElection
2019-09-20 14:16:26,955 [Thread-987] INFO  impl.FollowerState (FollowerState.java:run(106)) - ca8d0dbc-d7b9-40b5-b8a6-1ec03291533d:group-088B08B19C69 changes to CANDIDATE, lastRpcTime:5074, electionTimeout:5074ms
2019-09-20 14:16:26,955 [Thread-987] INFO  impl.RoleInfo (RoleInfo.java:shutdownFollowerState(121)) - ca8d0dbc-d7b9-40b5-b8a6-1ec03291533d: shutdown FollowerState
2019-09-20 14:16:26,956 [Thread-987] INFO  impl.RaftServerImpl (RaftServerImpl.java:setRole(171)) - ca8d0dbc-d7b9-40b5-b8a6-1ec03291533d:group-088B08B19C69 changes role from FOLLOWER to CANDIDATE at term 0 for changeToCandidate
2019-09-20 14:16:26,956 [Thread-987] INFO  impl.RoleInfo (RoleInfo.java:updateAndGet(143)) - ca8d0dbc-d7b9-40b5-b8a6-1ec03291533d: start LeaderElection
2019-09-20 14:16:26,965 [a0dd9521-a4a3-4dd5-8b72-1a675d264ce6-SegmentedRaftLogWorker:Storage Directory /workdir/hadoop-ozone/ozonefs/target/test-dir/MiniOzoneClusterImpl-bceee591-9a40-46aa-b11c-5805cf83e67e/datanode-0/data/ratis/a45cdcb3-3bff-48c3-8760-f192ca306a28] INFO  segmented.SegmentedRaftLogWorker (SegmentedRaftLogWorker.java:execute(569)) - a0dd9521-a4a3-4dd5-8b72-1a675d264ce6-SegmentedRaftLogWorker:Storage Directory /workdir/hadoop-ozone/ozonefs/target/test-dir/MiniOzoneClusterImpl-bceee591-9a40-46aa-b11c-5805cf83e67e/datanode-0/data/ratis/a45cdcb3-3bff-48c3-8760-f192ca306a28: created new log segment /workdir/hadoop-ozone/ozonefs/target/test-dir/MiniOzoneClusterImpl-bceee591-9a40-46aa-b11c-5805cf83e67e/datanode-0/data/ratis/a45cdcb3-3bff-48c3-8760-f192ca306a28/current/log_inprogress_0
2019-09-20 14:16:26,965 [a0dd9521-a4a3-4dd5-8b72-1a675d264ce6:group-186D73DE6A8B:LeaderElection56] INFO  impl.LeaderElection (LeaderElection.java:askForVotes(181)) - a0dd9521-a4a3-4dd5-8b72-1a675d264ce6:group-186D73DE6A8B:LeaderElection56: begin an election at term 1 for -1: [a0dd9521-a4a3-4dd5-8b72-1a675d264ce6:192.168.36.99:33314], old=null
2019-09-20 14:16:26,966 [a0dd9521-a4a3-4dd5-8b72-1a675d264ce6:group-186D73DE6A8B:LeaderElection56] INFO  impl.RoleInfo (RoleInfo.java:shutdownLeaderElection(134)) - a0dd9521-a4a3-4dd5-8b72-1a675d264ce6: shutdown LeaderElection
2019-09-20 14:16:26,966 [a0dd9521-a4a3-4dd5-8b72-1a675d264ce6:group-186D73DE6A8B:LeaderElection56] INFO  impl.RaftServerImpl (RaftServerImpl.java:setRole(171)) - a0dd9521-a4a3-4dd5-8b72-1a675d264ce6:group-186D73DE6A8B changes role from CANDIDATE to LEADER at term 1 for changeToLeader
2019-09-20 14:16:26,966 [a0dd9521-a4a3-4dd5-8b72-1a675d264ce6:group-186D73DE6A8B:LeaderElection56] INFO  impl.RaftServerImpl (ServerState.java:setLeader(263)) - a0dd9521-a4a3-4dd5-8b72-1a675d264ce6:group-186D73DE6A8B change Leader from null to a0dd9521-a4a3-4dd5-8b72-1a675d264ce6 at term 1 for becomeLeader, leader elected after 5227ms
2019-09-20 14:16:26,966 [a0dd9521-a4a3-4dd5-8b72-1a675d264ce6:group-186D73DE6A8B:LeaderElection56] INFO  server.RaftServerConfigKeys (ConfUtils.java:logGet(43)) - raft.server.staging.catchup.gap = 1000 (default)
2019-09-20 14:16:26,966 [a0dd9521-a4a3-4dd5-8b72-1a675d264ce6:group-186D73DE6A8B:LeaderElection56] INFO  server.RaftServerConfigKeys (ConfUtils.java:logGet(43)) - raft.server.rpc.sleep.time = 25ms (default)
2019-09-20 14:16:26,967 [a0dd9521-a4a3-4dd5-8b72-1a675d264ce6:group-186D73DE6A8B:LeaderElection56] INFO  server.RaftServerConfigKeys (ConfUtils.java:logGet(43)) - raft.server.write.element-limit = 4096 (default)
2019-09-20 14:16:26,967 [a0dd9521-a4a3-4dd5-8b72-1a675d264ce6:group-186D73DE6A8B:LeaderElection56] INFO  server.RaftServerConfigKeys (ConfUtils.java:logGet(43)) - raft.server.watch.timeout = 10s (default)
2019-09-20 14:16:26,967 [a0dd9521-a4a3-4dd5-8b72-1a675d264ce6:group-186D73DE6A8B:LeaderElection56] INFO  server.RaftServerConfigKeys (ConfUtils.java:logGet(43)) - raft.server.watch.timeout.denomination = 1s (default)
2019-09-20 14:16:26,967 [a0dd9521-a4a3-4dd5-8b72-1a675d264ce6:group-186D73DE6A8B:LeaderElection56] INFO  server.RaftServerConfigKeys (ConfUtils.java:logGet(43)) - raft.server.watch.element-limit = 65536 (default)
2019-09-20 14:16:26,967 [a0dd9521-a4a3-4dd5-8b72-1a675d264ce6:group-186D73DE6A8B:LeaderElection56] INFO  impl.RoleInfo (RoleInfo.java:updateAndGet(143)) - a0dd9521-a4a3-4dd5-8b72-1a675d264ce6: start LeaderState
2019-09-20 14:16:26,968 [a0dd9521-a4a3-4dd5-8b72-1a675d264ce6:group-186D73DE6A8B:LeaderElection56] INFO  segmented.SegmentedRaftLogWorker (SegmentedRaftLogWorker.java:startLogSegment(380)) - a0dd9521-a4a3-4dd5-8b72-1a675d264ce6-SegmentedRaftLogWorker:Storage Directory /workdir/hadoop-ozone/ozonefs/target/test-dir/MiniOzoneClusterImpl-bceee591-9a40-46aa-b11c-5805cf83e67e/datanode-0/data/ratis/3f8fe7c9-0f78-48f4-9864-186d73de6a8b: Starting segment from index:0
2019-09-20 14:16:26,968 [a0dd9521-a4a3-4dd5-8b72-1a675d264ce6:group-186D73DE6A8B:LeaderElection56] INFO  impl.RaftServerImpl (ServerState.java:setRaftConf(361)) - a0dd9521-a4a3-4dd5-8b72-1a675d264ce6:group-186D73DE6A8B set configuration 0: [a0dd9521-a4a3-4dd5-8b72-1a675d264ce6:192.168.36.99:33314], old=null at 0
2019-09-20 14:16:26,980 [ca8d0dbc-d7b9-40b5-b8a6-1ec03291533d:group-088B08B19C69:LeaderElection57] INFO  impl.LeaderElection (LeaderElection.java:askForVotes(181)) - ca8d0dbc-d7b9-40b5-b8a6-1ec03291533d:group-088B08B19C69:LeaderElection57: begin an election at term 1 for -1: [ca8d0dbc-d7b9-40b5-b8a6-1ec03291533d:192.168.36.99:36906], old=null
2019-09-20 14:16:26,980 [ca8d0dbc-d7b9-40b5-b8a6-1ec03291533d:group-088B08B19C69:LeaderElection57] INFO  impl.RoleInfo (RoleInfo.java:shutdownLeaderElection(134)) - ca8d0dbc-d7b9-40b5-b8a6-1ec03291533d: shutdown LeaderElection
2019-09-20 14:16:26,980 [ca8d0dbc-d7b9-40b5-b8a6-1ec03291533d:group-088B08B19C69:LeaderElection57] INFO  impl.RaftServerImpl (RaftServerImpl.java:setRole(171)) - ca8d0dbc-d7b9-40b5-b8a6-1ec03291533d:group-088B08B19C69 changes role from CANDIDATE to LEADER at term 1 for changeToLeader
2019-09-20 14:16:26,980 [ca8d0dbc-d7b9-40b5-b8a6-1ec03291533d:group-088B08B19C69:LeaderElection57] INFO  impl.RaftServerImpl (ServerState.java:setLeader(263)) - ca8d0dbc-d7b9-40b5-b8a6-1ec03291533d:group-088B08B19C69 change Leader from null to ca8d0dbc-d7b9-40b5-b8a6-1ec03291533d at term 1 for becomeLeader, leader elected after 5104ms
2019-09-20 14:16:26,980 [ca8d0dbc-d7b9-40b5-b8a6-1ec03291533d:group-088B08B19C69:LeaderElection57] INFO  server.RaftServerConfigKeys (ConfUtils.java:logGet(43)) - raft.server.staging.catchup.gap = 1000 (default)
2019-09-20 14:16:26,981 [ca8d0dbc-d7b9-40b5-b8a6-1ec03291533d:group-088B08B19C69:LeaderElection57] INFO  server.RaftServerConfigKeys (ConfUtils.java:logGet(43)) - raft.server.rpc.sleep.time = 25ms (default)
2019-09-20 14:16:26,981 [ca8d0dbc-d7b9-40b5-b8a6-1ec03291533d:group-088B08B19C69:LeaderElection57] INFO  server.RaftServerConfigKeys (ConfUtils.java:logGet(43)) - raft.server.write.element-limit = 4096 (default)
2019-09-20 14:16:26,981 [ca8d0dbc-d7b9-40b5-b8a6-1ec03291533d:group-088B08B19C69:LeaderElection57] INFO  server.RaftServerConfigKeys (ConfUtils.java:logGet(43)) - raft.server.watch.timeout = 10s (default)
2019-09-20 14:16:26,981 [ca8d0dbc-d7b9-40b5-b8a6-1ec03291533d:group-088B08B19C69:LeaderElection57] INFO  server.RaftServerConfigKeys (ConfUtils.java:logGet(43)) - raft.server.watch.timeout.denomination = 1s (default)
2019-09-20 14:16:26,981 [ca8d0dbc-d7b9-40b5-b8a6-1ec03291533d:group-088B08B19C69:LeaderElection57] INFO  server.RaftServerConfigKeys (ConfUtils.java:logGet(43)) - raft.server.watch.element-limit = 65536 (default)
2019-09-20 14:16:26,982 [ca8d0dbc-d7b9-40b5-b8a6-1ec03291533d:group-088B08B19C69:LeaderElection57] INFO  impl.RoleInfo (RoleInfo.java:updateAndGet(143)) - ca8d0dbc-d7b9-40b5-b8a6-1ec03291533d: start LeaderState
2019-09-20 14:16:26,982 [ca8d0dbc-d7b9-40b5-b8a6-1ec03291533d:group-088B08B19C69:LeaderElection57] INFO  segmented.SegmentedRaftLogWorker (SegmentedRaftLogWorker.java:startLogSegment(380)) - ca8d0dbc-d7b9-40b5-b8a6-1ec03291533d-SegmentedRaftLogWorker:Storage Directory /workdir/hadoop-ozone/ozonefs/target/test-dir/MiniOzoneClusterImpl-bceee591-9a40-46aa-b11c-5805cf83e67e/datanode-1/data/ratis/d89a62fa-12c5-485a-8141-088b08b19c69: Starting segment from index:0
2019-09-20 14:16:26,983 [ca8d0dbc-d7b9-40b5-b8a6-1ec03291533d:group-088B08B19C69:LeaderElection57] INFO  impl.RaftServerImpl (ServerState.java:setRaftConf(361)) - ca8d0dbc-d7b9-40b5-b8a6-1ec03291533d:group-088B08B19C69 set configuration 0: [ca8d0dbc-d7b9-40b5-b8a6-1ec03291533d:192.168.36.99:36906], old=null at 0
2019-09-20 14:16:27,035 | INFO  | SCMAudit | user=jenkins1000 | ip=192.168.36.99 | op=SEND_HEARTBEAT {datanodeUUID=de3dee47-223f-471a-94cf-733bf04e3bfa, command=[]} | ret=SUCCESS |  
2019-09-20 14:16:27,037 [ca8d0dbc-d7b9-40b5-b8a6-1ec03291533d-SegmentedRaftLogWorker:Storage Directory /workdir/hadoop-ozone/ozonefs/target/test-dir/MiniOzoneClusterImpl-bceee591-9a40-46aa-b11c-5805cf83e67e/datanode-1/data/ratis/d89a62fa-12c5-485a-8141-088b08b19c69] INFO  segmented.SegmentedRaftLogWorker (SegmentedRaftLogWorker.java:execute(569)) - ca8d0dbc-d7b9-40b5-b8a6-1ec03291533d-SegmentedRaftLogWorker:Storage Directory /workdir/hadoop-ozone/ozonefs/target/test-dir/MiniOzoneClusterImpl-bceee591-9a40-46aa-b11c-5805cf83e67e/datanode-1/data/ratis/d89a62fa-12c5-485a-8141-088b08b19c69: created new log segment /workdir/hadoop-ozone/ozonefs/target/test-dir/MiniOzoneClusterImpl-bceee591-9a40-46aa-b11c-5805cf83e67e/datanode-1/data/ratis/d89a62fa-12c5-485a-8141-088b08b19c69/current/log_inprogress_0
2019-09-20 14:16:27,040 [Thread-990] INFO  impl.FollowerState (FollowerState.java:run(106)) - a0dd9521-a4a3-4dd5-8b72-1a675d264ce6:group-4AB1BF63E0C8 changes to CANDIDATE, lastRpcTime:5075, electionTimeout:5075ms
2019-09-20 14:16:27,040 [Thread-990] INFO  impl.RoleInfo (RoleInfo.java:shutdownFollowerState(121)) - a0dd9521-a4a3-4dd5-8b72-1a675d264ce6: shutdown FollowerState
2019-09-20 14:16:27,041 [Thread-990] INFO  impl.RaftServerImpl (RaftServerImpl.java:setRole(171)) - a0dd9521-a4a3-4dd5-8b72-1a675d264ce6:group-4AB1BF63E0C8 changes role from FOLLOWER to CANDIDATE at term 0 for changeToCandidate
2019-09-20 14:16:27,041 [Thread-990] INFO  impl.RoleInfo (RoleInfo.java:updateAndGet(143)) - a0dd9521-a4a3-4dd5-8b72-1a675d264ce6: start LeaderElection
2019-09-20 14:16:27,040 [a0dd9521-a4a3-4dd5-8b72-1a675d264ce6-SegmentedRaftLogWorker:Storage Directory /workdir/hadoop-ozone/ozonefs/target/test-dir/MiniOzoneClusterImpl-bceee591-9a40-46aa-b11c-5805cf83e67e/datanode-0/data/ratis/3f8fe7c9-0f78-48f4-9864-186d73de6a8b] INFO  segmented.SegmentedRaftLogWorker (SegmentedRaftLogWorker.java:execute(569)) - a0dd9521-a4a3-4dd5-8b72-1a675d264ce6-SegmentedRaftLogWorker:Storage Directory /workdir/hadoop-ozone/ozonefs/target/test-dir/MiniOzoneClusterImpl-bceee591-9a40-46aa-b11c-5805cf83e67e/datanode-0/data/ratis/3f8fe7c9-0f78-48f4-9864-186d73de6a8b: created new log segment /workdir/hadoop-ozone/ozonefs/target/test-dir/MiniOzoneClusterImpl-bceee591-9a40-46aa-b11c-5805cf83e67e/datanode-0/data/ratis/3f8fe7c9-0f78-48f4-9864-186d73de6a8b/current/log_inprogress_0
2019-09-20 14:16:27,046 [Thread-993] INFO  impl.FollowerState (FollowerState.java:run(106)) - ca8d0dbc-d7b9-40b5-b8a6-1ec03291533d:group-D509C7A0F8FC changes to CANDIDATE, lastRpcTime:5013, electionTimeout:5013ms
2019-09-20 14:16:27,046 [Thread-993] INFO  impl.RoleInfo (RoleInfo.java:shutdownFollowerState(121)) - ca8d0dbc-d7b9-40b5-b8a6-1ec03291533d: shutdown FollowerState
2019-09-20 14:16:27,046 [Thread-993] INFO  impl.RaftServerImpl (RaftServerImpl.java:setRole(171)) - ca8d0dbc-d7b9-40b5-b8a6-1ec03291533d:group-D509C7A0F8FC changes role from FOLLOWER to CANDIDATE at term 0 for changeToCandidate
2019-09-20 14:16:27,046 [Thread-993] INFO  impl.RoleInfo (RoleInfo.java:updateAndGet(143)) - ca8d0dbc-d7b9-40b5-b8a6-1ec03291533d: start LeaderElection
2019-09-20 14:16:27,056 [a0dd9521-a4a3-4dd5-8b72-1a675d264ce6:group-4AB1BF63E0C8:LeaderElection58] INFO  impl.LeaderElection (LeaderElection.java:askForVotes(181)) - a0dd9521-a4a3-4dd5-8b72-1a675d264ce6:group-4AB1BF63E0C8:LeaderElection58: begin an election at term 1 for -1: [a0dd9521-a4a3-4dd5-8b72-1a675d264ce6:192.168.36.99:33314], old=null
2019-09-20 14:16:27,056 [a0dd9521-a4a3-4dd5-8b72-1a675d264ce6:group-4AB1BF63E0C8:LeaderElection58] INFO  impl.RoleInfo (RoleInfo.java:shutdownLeaderElection(134)) - a0dd9521-a4a3-4dd5-8b72-1a675d264ce6: shutdown LeaderElection
2019-09-20 14:16:27,056 [a0dd9521-a4a3-4dd5-8b72-1a675d264ce6:group-4AB1BF63E0C8:LeaderElection58] INFO  impl.RaftServerImpl (RaftServerImpl.java:setRole(171)) - a0dd9521-a4a3-4dd5-8b72-1a675d264ce6:group-4AB1BF63E0C8 changes role from CANDIDATE to LEADER at term 1 for changeToLeader
2019-09-20 14:16:27,056 [a0dd9521-a4a3-4dd5-8b72-1a675d264ce6:group-4AB1BF63E0C8:LeaderElection58] INFO  impl.RaftServerImpl (ServerState.java:setLeader(263)) - a0dd9521-a4a3-4dd5-8b72-1a675d264ce6:group-4AB1BF63E0C8 change Leader from null to a0dd9521-a4a3-4dd5-8b72-1a675d264ce6 at term 1 for becomeLeader, leader elected after 5096ms
2019-09-20 14:16:27,057 [a0dd9521-a4a3-4dd5-8b72-1a675d264ce6:group-4AB1BF63E0C8:LeaderElection58] INFO  server.RaftServerConfigKeys (ConfUtils.java:logGet(43)) - raft.server.staging.catchup.gap = 1000 (default)
2019-09-20 14:16:27,057 [a0dd9521-a4a3-4dd5-8b72-1a675d264ce6:group-4AB1BF63E0C8:LeaderElection58] INFO  server.RaftServerConfigKeys (ConfUtils.java:logGet(43)) - raft.server.rpc.sleep.time = 25ms (default)
2019-09-20 14:16:27,057 [a0dd9521-a4a3-4dd5-8b72-1a675d264ce6:group-4AB1BF63E0C8:LeaderElection58] INFO  server.RaftServerConfigKeys (ConfUtils.java:logGet(43)) - raft.server.write.element-limit = 4096 (default)
2019-09-20 14:16:27,057 [a0dd9521-a4a3-4dd5-8b72-1a675d264ce6:group-4AB1BF63E0C8:LeaderElection58] INFO  server.RaftServerConfigKeys (ConfUtils.java:logGet(43)) - raft.server.watch.timeout = 10s (default)
2019-09-20 14:16:27,058 [a0dd9521-a4a3-4dd5-8b72-1a675d264ce6:group-4AB1BF63E0C8:LeaderElection58] INFO  server.RaftServerConfigKeys (ConfUtils.java:logGet(43)) - raft.server.watch.timeout.denomination = 1s (default)
2019-09-20 14:16:27,058 [a0dd9521-a4a3-4dd5-8b72-1a675d264ce6:group-4AB1BF63E0C8:LeaderElection58] INFO  server.RaftServerConfigKeys (ConfUtils.java:logGet(43)) - raft.server.watch.element-limit = 65536 (default)
2019-09-20 14:16:27,058 [a0dd9521-a4a3-4dd5-8b72-1a675d264ce6:group-4AB1BF63E0C8:LeaderElection58] INFO  impl.RoleInfo (RoleInfo.java:updateAndGet(143)) - a0dd9521-a4a3-4dd5-8b72-1a675d264ce6: start LeaderState
2019-09-20 14:16:27,059 [a0dd9521-a4a3-4dd5-8b72-1a675d264ce6:group-4AB1BF63E0C8:LeaderElection58] INFO  segmented.SegmentedRaftLogWorker (SegmentedRaftLogWorker.java:startLogSegment(380)) - a0dd9521-a4a3-4dd5-8b72-1a675d264ce6-SegmentedRaftLogWorker:Storage Directory /workdir/hadoop-ozone/ozonefs/target/test-dir/MiniOzoneClusterImpl-bceee591-9a40-46aa-b11c-5805cf83e67e/datanode-0/data/ratis/f5b29b62-2061-4e7d-893c-4ab1bf63e0c8: Starting segment from index:0
2019-09-20 14:16:27,059 [a0dd9521-a4a3-4dd5-8b72-1a675d264ce6:group-4AB1BF63E0C8:LeaderElection58] INFO  impl.RaftServerImpl (ServerState.java:setRaftConf(361)) - a0dd9521-a4a3-4dd5-8b72-1a675d264ce6:group-4AB1BF63E0C8 set configuration 0: [a0dd9521-a4a3-4dd5-8b72-1a675d264ce6:192.168.36.99:33314], old=null at 0
2019-09-20 14:16:27,091 [ca8d0dbc-d7b9-40b5-b8a6-1ec03291533d:group-D509C7A0F8FC:LeaderElection59] INFO  impl.LeaderElection (LeaderElection.java:askForVotes(181)) - ca8d0dbc-d7b9-40b5-b8a6-1ec03291533d:group-D509C7A0F8FC:LeaderElection59: begin an election at term 1 for -1: [ca8d0dbc-d7b9-40b5-b8a6-1ec03291533d:192.168.36.99:36906], old=null
2019-09-20 14:16:27,091 [ca8d0dbc-d7b9-40b5-b8a6-1ec03291533d:group-D509C7A0F8FC:LeaderElection59] INFO  impl.RoleInfo (RoleInfo.java:shutdownLeaderElection(134)) - ca8d0dbc-d7b9-40b5-b8a6-1ec03291533d: shutdown LeaderElection
2019-09-20 14:16:27,092 [ca8d0dbc-d7b9-40b5-b8a6-1ec03291533d:group-D509C7A0F8FC:LeaderElection59] INFO  impl.RaftServerImpl (RaftServerImpl.java:setRole(171)) - ca8d0dbc-d7b9-40b5-b8a6-1ec03291533d:group-D509C7A0F8FC changes role from CANDIDATE to LEADER at term 1 for changeToLeader
2019-09-20 14:16:27,092 [ca8d0dbc-d7b9-40b5-b8a6-1ec03291533d:group-D509C7A0F8FC:LeaderElection59] INFO  impl.RaftServerImpl (ServerState.java:setLeader(263)) - ca8d0dbc-d7b9-40b5-b8a6-1ec03291533d:group-D509C7A0F8FC change Leader from null to ca8d0dbc-d7b9-40b5-b8a6-1ec03291533d at term 1 for becomeLeader, leader elected after 5064ms
2019-09-20 14:16:27,092 [ca8d0dbc-d7b9-40b5-b8a6-1ec03291533d:group-D509C7A0F8FC:LeaderElection59] INFO  server.RaftServerConfigKeys (ConfUtils.java:logGet(43)) - raft.server.staging.catchup.gap = 1000 (default)
2019-09-20 14:16:27,092 [ca8d0dbc-d7b9-40b5-b8a6-1ec03291533d:group-D509C7A0F8FC:LeaderElection59] INFO  server.RaftServerConfigKeys (ConfUtils.java:logGet(43)) - raft.server.rpc.sleep.time = 25ms (default)
2019-09-20 14:16:27,092 [ca8d0dbc-d7b9-40b5-b8a6-1ec03291533d:group-D509C7A0F8FC:LeaderElection59] INFO  server.RaftServerConfigKeys (ConfUtils.java:logGet(43)) - raft.server.write.element-limit = 4096 (default)
2019-09-20 14:16:27,092 [ca8d0dbc-d7b9-40b5-b8a6-1ec03291533d:group-D509C7A0F8FC:LeaderElection59] INFO  server.RaftServerConfigKeys (ConfUtils.java:logGet(43)) - raft.server.watch.timeout = 10s (default)
2019-09-20 14:16:27,093 [ca8d0dbc-d7b9-40b5-b8a6-1ec03291533d:group-D509C7A0F8FC:LeaderElection59] INFO  server.RaftServerConfigKeys (ConfUtils.java:logGet(43)) - raft.server.watch.timeout.denomination = 1s (default)
2019-09-20 14:16:27,093 [ca8d0dbc-d7b9-40b5-b8a6-1ec03291533d:group-D509C7A0F8FC:LeaderElection59] INFO  server.RaftServerConfigKeys (ConfUtils.java:logGet(43)) - raft.server.watch.element-limit = 65536 (default)
2019-09-20 14:16:27,093 [ca8d0dbc-d7b9-40b5-b8a6-1ec03291533d:group-D509C7A0F8FC:LeaderElection59] INFO  impl.RoleInfo (RoleInfo.java:updateAndGet(143)) - ca8d0dbc-d7b9-40b5-b8a6-1ec03291533d: start LeaderState
2019-09-20 14:16:27,093 [ca8d0dbc-d7b9-40b5-b8a6-1ec03291533d:group-D509C7A0F8FC:LeaderElection59] INFO  segmented.SegmentedRaftLogWorker (SegmentedRaftLogWorker.java:startLogSegment(380)) - ca8d0dbc-d7b9-40b5-b8a6-1ec03291533d-SegmentedRaftLogWorker:Storage Directory /workdir/hadoop-ozone/ozonefs/target/test-dir/MiniOzoneClusterImpl-bceee591-9a40-46aa-b11c-5805cf83e67e/datanode-1/data/ratis/848b1150-16df-4f2f-a15e-d509c7a0f8fc: Starting segment from index:0
2019-09-20 14:16:27,094 [ca8d0dbc-d7b9-40b5-b8a6-1ec03291533d:group-D509C7A0F8FC:LeaderElection59] INFO  impl.RaftServerImpl (ServerState.java:setRaftConf(361)) - ca8d0dbc-d7b9-40b5-b8a6-1ec03291533d:group-D509C7A0F8FC set configuration 0: [ca8d0dbc-d7b9-40b5-b8a6-1ec03291533d:192.168.36.99:36906], old=null at 0
2019-09-20 14:16:27,123 [Thread-996] INFO  impl.FollowerState (FollowerState.java:run(106)) - ca8d0dbc-d7b9-40b5-b8a6-1ec03291533d:group-45C22742DD10 changes to CANDIDATE, lastRpcTime:5029, electionTimeout:5029ms
2019-09-20 14:16:27,123 [Thread-996] INFO  impl.RoleInfo (RoleInfo.java:shutdownFollowerState(121)) - ca8d0dbc-d7b9-40b5-b8a6-1ec03291533d: shutdown FollowerState
2019-09-20 14:16:27,123 [Thread-996] INFO  impl.RaftServerImpl (RaftServerImpl.java:setRole(171)) - ca8d0dbc-d7b9-40b5-b8a6-1ec03291533d:group-45C22742DD10 changes role from FOLLOWER to CANDIDATE at term 0 for changeToCandidate
2019-09-20 14:16:27,123 [Thread-996] INFO  impl.RoleInfo (RoleInfo.java:updateAndGet(143)) - ca8d0dbc-d7b9-40b5-b8a6-1ec03291533d: start LeaderElection
2019-09-20 14:16:27,141 [a0dd9521-a4a3-4dd5-8b72-1a675d264ce6-SegmentedRaftLogWorker:Storage Directory /workdir/hadoop-ozone/ozonefs/target/test-dir/MiniOzoneClusterImpl-bceee591-9a40-46aa-b11c-5805cf83e67e/datanode-0/data/ratis/f5b29b62-2061-4e7d-893c-4ab1bf63e0c8] INFO  segmented.SegmentedRaftLogWorker (SegmentedRaftLogWorker.java:execute(569)) - a0dd9521-a4a3-4dd5-8b72-1a675d264ce6-SegmentedRaftLogWorker:Storage Directory /workdir/hadoop-ozone/ozonefs/target/test-dir/MiniOzoneClusterImpl-bceee591-9a40-46aa-b11c-5805cf83e67e/datanode-0/data/ratis/f5b29b62-2061-4e7d-893c-4ab1bf63e0c8: created new log segment /workdir/hadoop-ozone/ozonefs/target/test-dir/MiniOzoneClusterImpl-bceee591-9a40-46aa-b11c-5805cf83e67e/datanode-0/data/ratis/f5b29b62-2061-4e7d-893c-4ab1bf63e0c8/current/log_inprogress_0
2019-09-20 14:16:27,183 [ca8d0dbc-d7b9-40b5-b8a6-1ec03291533d-SegmentedRaftLogWorker:Storage Directory /workdir/hadoop-ozone/ozonefs/target/test-dir/MiniOzoneClusterImpl-bceee591-9a40-46aa-b11c-5805cf83e67e/datanode-1/data/ratis/848b1150-16df-4f2f-a15e-d509c7a0f8fc] INFO  segmented.SegmentedRaftLogWorker (SegmentedRaftLogWorker.java:execute(569)) - ca8d0dbc-d7b9-40b5-b8a6-1ec03291533d-SegmentedRaftLogWorker:Storage Directory /workdir/hadoop-ozone/ozonefs/target/test-dir/MiniOzoneClusterImpl-bceee591-9a40-46aa-b11c-5805cf83e67e/datanode-1/data/ratis/848b1150-16df-4f2f-a15e-d509c7a0f8fc: created new log segment /workdir/hadoop-ozone/ozonefs/target/test-dir/MiniOzoneClusterImpl-bceee591-9a40-46aa-b11c-5805cf83e67e/datanode-1/data/ratis/848b1150-16df-4f2f-a15e-d509c7a0f8fc/current/log_inprogress_0
2019-09-20 14:16:27,183 [ca8d0dbc-d7b9-40b5-b8a6-1ec03291533d:group-45C22742DD10:LeaderElection60] INFO  impl.LeaderElection (LeaderElection.java:askForVotes(181)) - ca8d0dbc-d7b9-40b5-b8a6-1ec03291533d:group-45C22742DD10:LeaderElection60: begin an election at term 1 for -1: [ca8d0dbc-d7b9-40b5-b8a6-1ec03291533d:192.168.36.99:36906], old=null
2019-09-20 14:16:27,184 [ca8d0dbc-d7b9-40b5-b8a6-1ec03291533d:group-45C22742DD10:LeaderElection60] INFO  impl.RoleInfo (RoleInfo.java:shutdownLeaderElection(134)) - ca8d0dbc-d7b9-40b5-b8a6-1ec03291533d: shutdown LeaderElection
2019-09-20 14:16:27,184 [ca8d0dbc-d7b9-40b5-b8a6-1ec03291533d:group-45C22742DD10:LeaderElection60] INFO  impl.RaftServerImpl (RaftServerImpl.java:setRole(171)) - ca8d0dbc-d7b9-40b5-b8a6-1ec03291533d:group-45C22742DD10 changes role from CANDIDATE to LEADER at term 1 for changeToLeader
2019-09-20 14:16:27,184 [ca8d0dbc-d7b9-40b5-b8a6-1ec03291533d:group-45C22742DD10:LeaderElection60] INFO  impl.RaftServerImpl (ServerState.java:setLeader(263)) - ca8d0dbc-d7b9-40b5-b8a6-1ec03291533d:group-45C22742DD10 change Leader from null to ca8d0dbc-d7b9-40b5-b8a6-1ec03291533d at term 1 for becomeLeader, leader elected after 5097ms
2019-09-20 14:16:27,184 [ca8d0dbc-d7b9-40b5-b8a6-1ec03291533d:group-45C22742DD10:LeaderElection60] INFO  server.RaftServerConfigKeys (ConfUtils.java:logGet(43)) - raft.server.staging.catchup.gap = 1000 (default)
2019-09-20 14:16:27,185 [ca8d0dbc-d7b9-40b5-b8a6-1ec03291533d:group-45C22742DD10:LeaderElection60] INFO  server.RaftServerConfigKeys (ConfUtils.java:logGet(43)) - raft.server.rpc.sleep.time = 25ms (default)
2019-09-20 14:16:27,185 [ca8d0dbc-d7b9-40b5-b8a6-1ec03291533d:group-45C22742DD10:LeaderElection60] INFO  server.RaftServerConfigKeys (ConfUtils.java:logGet(43)) - raft.server.write.element-limit = 4096 (default)
2019-09-20 14:16:27,185 [ca8d0dbc-d7b9-40b5-b8a6-1ec03291533d:group-45C22742DD10:LeaderElection60] INFO  server.RaftServerConfigKeys (ConfUtils.java:logGet(43)) - raft.server.watch.timeout = 10s (default)
2019-09-20 14:16:27,185 [ca8d0dbc-d7b9-40b5-b8a6-1ec03291533d:group-45C22742DD10:LeaderElection60] INFO  server.RaftServerConfigKeys (ConfUtils.java:logGet(43)) - raft.server.watch.timeout.denomination = 1s (default)
2019-09-20 14:16:27,185 [ca8d0dbc-d7b9-40b5-b8a6-1ec03291533d:group-45C22742DD10:LeaderElection60] INFO  server.RaftServerConfigKeys (ConfUtils.java:logGet(43)) - raft.server.watch.element-limit = 65536 (default)
2019-09-20 14:16:27,186 [ca8d0dbc-d7b9-40b5-b8a6-1ec03291533d:group-45C22742DD10:LeaderElection60] INFO  impl.RoleInfo (RoleInfo.java:updateAndGet(143)) - ca8d0dbc-d7b9-40b5-b8a6-1ec03291533d: start LeaderState
2019-09-20 14:16:27,186 [ca8d0dbc-d7b9-40b5-b8a6-1ec03291533d:group-45C22742DD10:LeaderElection60] INFO  segmented.SegmentedRaftLogWorker (SegmentedRaftLogWorker.java:startLogSegment(380)) - ca8d0dbc-d7b9-40b5-b8a6-1ec03291533d-SegmentedRaftLogWorker:Storage Directory /workdir/hadoop-ozone/ozonefs/target/test-dir/MiniOzoneClusterImpl-bceee591-9a40-46aa-b11c-5805cf83e67e/datanode-1/data/ratis/792f9395-746d-43c0-9682-45c22742dd10: Starting segment from index:0
2019-09-20 14:16:27,187 [ca8d0dbc-d7b9-40b5-b8a6-1ec03291533d:group-45C22742DD10:LeaderElection60] INFO  impl.RaftServerImpl (ServerState.java:setRaftConf(361)) - ca8d0dbc-d7b9-40b5-b8a6-1ec03291533d:group-45C22742DD10 set configuration 0: [ca8d0dbc-d7b9-40b5-b8a6-1ec03291533d:192.168.36.99:36906], old=null at 0
2019-09-20 14:16:27,242 [ca8d0dbc-d7b9-40b5-b8a6-1ec03291533d-SegmentedRaftLogWorker:Storage Directory /workdir/hadoop-ozone/ozonefs/target/test-dir/MiniOzoneClusterImpl-bceee591-9a40-46aa-b11c-5805cf83e67e/datanode-1/data/ratis/792f9395-746d-43c0-9682-45c22742dd10] INFO  segmented.SegmentedRaftLogWorker (SegmentedRaftLogWorker.java:execute(569)) - ca8d0dbc-d7b9-40b5-b8a6-1ec03291533d-SegmentedRaftLogWorker:Storage Directory /workdir/hadoop-ozone/ozonefs/target/test-dir/MiniOzoneClusterImpl-bceee591-9a40-46aa-b11c-5805cf83e67e/datanode-1/data/ratis/792f9395-746d-43c0-9682-45c22742dd10: created new log segment /workdir/hadoop-ozone/ozonefs/target/test-dir/MiniOzoneClusterImpl-bceee591-9a40-46aa-b11c-5805cf83e67e/datanode-1/data/ratis/792f9395-746d-43c0-9682-45c22742dd10/current/log_inprogress_0
2019-09-20 14:16:27,266 [Thread-1003] INFO  impl.FollowerState (FollowerState.java:run(106)) - a0dd9521-a4a3-4dd5-8b72-1a675d264ce6:group-60F63FB23959 changes to CANDIDATE, lastRpcTime:5015, electionTimeout:5014ms
2019-09-20 14:16:27,266 [Thread-1003] INFO  impl.RoleInfo (RoleInfo.java:shutdownFollowerState(121)) - a0dd9521-a4a3-4dd5-8b72-1a675d264ce6: shutdown FollowerState
2019-09-20 14:16:27,267 [Thread-1003] INFO  impl.RaftServerImpl (RaftServerImpl.java:setRole(171)) - a0dd9521-a4a3-4dd5-8b72-1a675d264ce6:group-60F63FB23959 changes role from FOLLOWER to CANDIDATE at term 0 for changeToCandidate
2019-09-20 14:16:27,267 [Thread-1003] INFO  impl.RoleInfo (RoleInfo.java:updateAndGet(143)) - a0dd9521-a4a3-4dd5-8b72-1a675d264ce6: start LeaderElection
2019-09-20 14:16:27,293 [a0dd9521-a4a3-4dd5-8b72-1a675d264ce6:group-60F63FB23959:LeaderElection61] INFO  impl.LeaderElection (LeaderElection.java:askForVotes(181)) - a0dd9521-a4a3-4dd5-8b72-1a675d264ce6:group-60F63FB23959:LeaderElection61: begin an election at term 1 for -1: [a0dd9521-a4a3-4dd5-8b72-1a675d264ce6:192.168.36.99:33314], old=null
2019-09-20 14:16:27,293 [a0dd9521-a4a3-4dd5-8b72-1a675d264ce6:group-60F63FB23959:LeaderElection61] INFO  impl.RoleInfo (RoleInfo.java:shutdownLeaderElection(134)) - a0dd9521-a4a3-4dd5-8b72-1a675d264ce6: shutdown LeaderElection
2019-09-20 14:16:27,293 [a0dd9521-a4a3-4dd5-8b72-1a675d264ce6:group-60F63FB23959:LeaderElection61] INFO  impl.RaftServerImpl (RaftServerImpl.java:setRole(171)) - a0dd9521-a4a3-4dd5-8b72-1a675d264ce6:group-60F63FB23959 changes role from CANDIDATE to LEADER at term 1 for changeToLeader
2019-09-20 14:16:27,293 [a0dd9521-a4a3-4dd5-8b72-1a675d264ce6:group-60F63FB23959:LeaderElection61] INFO  impl.RaftServerImpl (ServerState.java:setLeader(263)) - a0dd9521-a4a3-4dd5-8b72-1a675d264ce6:group-60F63FB23959 change Leader from null to a0dd9521-a4a3-4dd5-8b72-1a675d264ce6 at term 1 for becomeLeader, leader elected after 5046ms
2019-09-20 14:16:27,293 [a0dd9521-a4a3-4dd5-8b72-1a675d264ce6:group-60F63FB23959:LeaderElection61] INFO  server.RaftServerConfigKeys (ConfUtils.java:logGet(43)) - raft.server.staging.catchup.gap = 1000 (default)
2019-09-20 14:16:27,293 [a0dd9521-a4a3-4dd5-8b72-1a675d264ce6:group-60F63FB23959:LeaderElection61] INFO  server.RaftServerConfigKeys (ConfUtils.java:logGet(43)) - raft.server.rpc.sleep.time = 25ms (default)
2019-09-20 14:16:27,294 [a0dd9521-a4a3-4dd5-8b72-1a675d264ce6:group-60F63FB23959:LeaderElection61] INFO  server.RaftServerConfigKeys (ConfUtils.java:logGet(43)) - raft.server.write.element-limit = 4096 (default)
2019-09-20 14:16:27,294 [a0dd9521-a4a3-4dd5-8b72-1a675d264ce6:group-60F63FB23959:LeaderElection61] INFO  server.RaftServerConfigKeys (ConfUtils.java:logGet(43)) - raft.server.watch.timeout = 10s (default)
2019-09-20 14:16:27,294 [a0dd9521-a4a3-4dd5-8b72-1a675d264ce6:group-60F63FB23959:LeaderElection61] INFO  server.RaftServerConfigKeys (ConfUtils.java:logGet(43)) - raft.server.watch.timeout.denomination = 1s (default)
2019-09-20 14:16:27,294 [a0dd9521-a4a3-4dd5-8b72-1a675d264ce6:group-60F63FB23959:LeaderElection61] INFO  server.RaftServerConfigKeys (ConfUtils.java:logGet(43)) - raft.server.watch.element-limit = 65536 (default)
2019-09-20 14:16:27,294 [a0dd9521-a4a3-4dd5-8b72-1a675d264ce6:group-60F63FB23959:LeaderElection61] INFO  impl.RoleInfo (RoleInfo.java:updateAndGet(143)) - a0dd9521-a4a3-4dd5-8b72-1a675d264ce6: start LeaderState
2019-09-20 14:16:27,295 [a0dd9521-a4a3-4dd5-8b72-1a675d264ce6:group-60F63FB23959:LeaderElection61] INFO  segmented.SegmentedRaftLogWorker (SegmentedRaftLogWorker.java:startLogSegment(380)) - a0dd9521-a4a3-4dd5-8b72-1a675d264ce6-SegmentedRaftLogWorker:Storage Directory /workdir/hadoop-ozone/ozonefs/target/test-dir/MiniOzoneClusterImpl-bceee591-9a40-46aa-b11c-5805cf83e67e/datanode-0/data/ratis/804b84c0-26e7-4546-b9e0-60f63fb23959: Starting segment from index:0
2019-09-20 14:16:27,295 [a0dd9521-a4a3-4dd5-8b72-1a675d264ce6:group-60F63FB23959:LeaderElection61] INFO  impl.RaftServerImpl (ServerState.java:setRaftConf(361)) - a0dd9521-a4a3-4dd5-8b72-1a675d264ce6:group-60F63FB23959 set configuration 0: [a0dd9521-a4a3-4dd5-8b72-1a675d264ce6:192.168.36.99:33314], old=null at 0
2019-09-20 14:16:27,351 [a0dd9521-a4a3-4dd5-8b72-1a675d264ce6-SegmentedRaftLogWorker:Storage Directory /workdir/hadoop-ozone/ozonefs/target/test-dir/MiniOzoneClusterImpl-bceee591-9a40-46aa-b11c-5805cf83e67e/datanode-0/data/ratis/804b84c0-26e7-4546-b9e0-60f63fb23959] INFO  segmented.SegmentedRaftLogWorker (SegmentedRaftLogWorker.java:execute(569)) - a0dd9521-a4a3-4dd5-8b72-1a675d264ce6-SegmentedRaftLogWorker:Storage Directory /workdir/hadoop-ozone/ozonefs/target/test-dir/MiniOzoneClusterImpl-bceee591-9a40-46aa-b11c-5805cf83e67e/datanode-0/data/ratis/804b84c0-26e7-4546-b9e0-60f63fb23959: created new log segment /workdir/hadoop-ozone/ozonefs/target/test-dir/MiniOzoneClusterImpl-bceee591-9a40-46aa-b11c-5805cf83e67e/datanode-0/data/ratis/804b84c0-26e7-4546-b9e0-60f63fb23959/current/log_inprogress_0
2019-09-20 14:16:27,354 [Thread-999] INFO  impl.FollowerState (FollowerState.java:run(106)) - ca8d0dbc-d7b9-40b5-b8a6-1ec03291533d:group-B3B10882026F changes to CANDIDATE, lastRpcTime:5186, electionTimeout:5186ms
2019-09-20 14:16:27,354 [Thread-999] INFO  impl.RoleInfo (RoleInfo.java:shutdownFollowerState(121)) - ca8d0dbc-d7b9-40b5-b8a6-1ec03291533d: shutdown FollowerState
2019-09-20 14:16:27,355 [Thread-999] INFO  impl.RaftServerImpl (RaftServerImpl.java:setRole(171)) - ca8d0dbc-d7b9-40b5-b8a6-1ec03291533d:group-B3B10882026F changes role from FOLLOWER to CANDIDATE at term 0 for changeToCandidate
2019-09-20 14:16:27,355 [Thread-999] INFO  impl.RoleInfo (RoleInfo.java:updateAndGet(143)) - ca8d0dbc-d7b9-40b5-b8a6-1ec03291533d: start LeaderElection
2019-09-20 14:16:27,402 [ca8d0dbc-d7b9-40b5-b8a6-1ec03291533d:group-B3B10882026F:LeaderElection62] INFO  impl.LeaderElection (LeaderElection.java:askForVotes(181)) - ca8d0dbc-d7b9-40b5-b8a6-1ec03291533d:group-B3B10882026F:LeaderElection62: begin an election at term 1 for -1: [ca8d0dbc-d7b9-40b5-b8a6-1ec03291533d:192.168.36.99:36906], old=null
2019-09-20 14:16:27,402 [ca8d0dbc-d7b9-40b5-b8a6-1ec03291533d:group-B3B10882026F:LeaderElection62] INFO  impl.RoleInfo (RoleInfo.java:shutdownLeaderElection(134)) - ca8d0dbc-d7b9-40b5-b8a6-1ec03291533d: shutdown LeaderElection
2019-09-20 14:16:27,402 [ca8d0dbc-d7b9-40b5-b8a6-1ec03291533d:group-B3B10882026F:LeaderElection62] INFO  impl.RaftServerImpl (RaftServerImpl.java:setRole(171)) - ca8d0dbc-d7b9-40b5-b8a6-1ec03291533d:group-B3B10882026F changes role from CANDIDATE to LEADER at term 1 for changeToLeader
2019-09-20 14:16:27,402 [ca8d0dbc-d7b9-40b5-b8a6-1ec03291533d:group-B3B10882026F:LeaderElection62] INFO  impl.RaftServerImpl (ServerState.java:setLeader(263)) - ca8d0dbc-d7b9-40b5-b8a6-1ec03291533d:group-B3B10882026F change Leader from null to ca8d0dbc-d7b9-40b5-b8a6-1ec03291533d at term 1 for becomeLeader, leader elected after 5239ms
2019-09-20 14:16:27,402 [ca8d0dbc-d7b9-40b5-b8a6-1ec03291533d:group-B3B10882026F:LeaderElection62] INFO  server.RaftServerConfigKeys (ConfUtils.java:logGet(43)) - raft.server.staging.catchup.gap = 1000 (default)
2019-09-20 14:16:27,402 [ca8d0dbc-d7b9-40b5-b8a6-1ec03291533d:group-B3B10882026F:LeaderElection62] INFO  server.RaftServerConfigKeys (ConfUtils.java:logGet(43)) - raft.server.rpc.sleep.time = 25ms (default)
2019-09-20 14:16:27,403 [ca8d0dbc-d7b9-40b5-b8a6-1ec03291533d:group-B3B10882026F:LeaderElection62] INFO  server.RaftServerConfigKeys (ConfUtils.java:logGet(43)) - raft.server.write.element-limit = 4096 (default)
2019-09-20 14:16:27,403 [ca8d0dbc-d7b9-40b5-b8a6-1ec03291533d:group-B3B10882026F:LeaderElection62] INFO  server.RaftServerConfigKeys (ConfUtils.java:logGet(43)) - raft.server.watch.timeout = 10s (default)
2019-09-20 14:16:27,403 [ca8d0dbc-d7b9-40b5-b8a6-1ec03291533d:group-B3B10882026F:LeaderElection62] INFO  server.RaftServerConfigKeys (ConfUtils.java:logGet(43)) - raft.server.watch.timeout.denomination = 1s (default)
2019-09-20 14:16:27,403 [ca8d0dbc-d7b9-40b5-b8a6-1ec03291533d:group-B3B10882026F:LeaderElection62] INFO  server.RaftServerConfigKeys (ConfUtils.java:logGet(43)) - raft.server.watch.element-limit = 65536 (default)
2019-09-20 14:16:27,403 [ca8d0dbc-d7b9-40b5-b8a6-1ec03291533d:group-B3B10882026F:LeaderElection62] INFO  impl.RoleInfo (RoleInfo.java:updateAndGet(143)) - ca8d0dbc-d7b9-40b5-b8a6-1ec03291533d: start LeaderState
2019-09-20 14:16:27,403 [ca8d0dbc-d7b9-40b5-b8a6-1ec03291533d:group-B3B10882026F:LeaderElection62] INFO  segmented.SegmentedRaftLogWorker (SegmentedRaftLogWorker.java:startLogSegment(380)) - ca8d0dbc-d7b9-40b5-b8a6-1ec03291533d-SegmentedRaftLogWorker:Storage Directory /workdir/hadoop-ozone/ozonefs/target/test-dir/MiniOzoneClusterImpl-bceee591-9a40-46aa-b11c-5805cf83e67e/datanode-1/data/ratis/4a878540-ba09-4fbd-881d-b3b10882026f: Starting segment from index:0
2019-09-20 14:16:27,404 [ca8d0dbc-d7b9-40b5-b8a6-1ec03291533d:group-B3B10882026F:LeaderElection62] INFO  impl.RaftServerImpl (ServerState.java:setRaftConf(361)) - ca8d0dbc-d7b9-40b5-b8a6-1ec03291533d:group-B3B10882026F set configuration 0: [ca8d0dbc-d7b9-40b5-b8a6-1ec03291533d:192.168.36.99:36906], old=null at 0
2019-09-20 14:16:27,443 [Thread-1007] INFO  impl.FollowerState (FollowerState.java:run(106)) - a0dd9521-a4a3-4dd5-8b72-1a675d264ce6:group-8FC665219536 changes to CANDIDATE, lastRpcTime:5133, electionTimeout:5133ms
2019-09-20 14:16:27,443 [Thread-1007] INFO  impl.RoleInfo (RoleInfo.java:shutdownFollowerState(121)) - a0dd9521-a4a3-4dd5-8b72-1a675d264ce6: shutdown FollowerState
2019-09-20 14:16:27,443 [Thread-1007] INFO  impl.RaftServerImpl (RaftServerImpl.java:setRole(171)) - a0dd9521-a4a3-4dd5-8b72-1a675d264ce6:group-8FC665219536 changes role from FOLLOWER to CANDIDATE at term 0 for changeToCandidate
2019-09-20 14:16:27,443 [Thread-1007] INFO  impl.RoleInfo (RoleInfo.java:updateAndGet(143)) - a0dd9521-a4a3-4dd5-8b72-1a675d264ce6: start LeaderElection
2019-09-20 14:16:27,452 [ca8d0dbc-d7b9-40b5-b8a6-1ec03291533d-SegmentedRaftLogWorker:Storage Directory /workdir/hadoop-ozone/ozonefs/target/test-dir/MiniOzoneClusterImpl-bceee591-9a40-46aa-b11c-5805cf83e67e/datanode-1/data/ratis/4a878540-ba09-4fbd-881d-b3b10882026f] INFO  segmented.SegmentedRaftLogWorker (SegmentedRaftLogWorker.java:execute(569)) - ca8d0dbc-d7b9-40b5-b8a6-1ec03291533d-SegmentedRaftLogWorker:Storage Directory /workdir/hadoop-ozone/ozonefs/target/test-dir/MiniOzoneClusterImpl-bceee591-9a40-46aa-b11c-5805cf83e67e/datanode-1/data/ratis/4a878540-ba09-4fbd-881d-b3b10882026f: created new log segment /workdir/hadoop-ozone/ozonefs/target/test-dir/MiniOzoneClusterImpl-bceee591-9a40-46aa-b11c-5805cf83e67e/datanode-1/data/ratis/4a878540-ba09-4fbd-881d-b3b10882026f/current/log_inprogress_0
2019-09-20 14:16:27,469 [a0dd9521-a4a3-4dd5-8b72-1a675d264ce6:group-8FC665219536:LeaderElection63] INFO  impl.LeaderElection (LeaderElection.java:askForVotes(181)) - a0dd9521-a4a3-4dd5-8b72-1a675d264ce6:group-8FC665219536:LeaderElection63: begin an election at term 1 for -1: [a0dd9521-a4a3-4dd5-8b72-1a675d264ce6:192.168.36.99:33314], old=null
2019-09-20 14:16:27,469 [a0dd9521-a4a3-4dd5-8b72-1a675d264ce6:group-8FC665219536:LeaderElection63] INFO  impl.RoleInfo (RoleInfo.java:shutdownLeaderElection(134)) - a0dd9521-a4a3-4dd5-8b72-1a675d264ce6: shutdown LeaderElection
2019-09-20 14:16:27,469 [a0dd9521-a4a3-4dd5-8b72-1a675d264ce6:group-8FC665219536:LeaderElection63] INFO  impl.RaftServerImpl (RaftServerImpl.java:setRole(171)) - a0dd9521-a4a3-4dd5-8b72-1a675d264ce6:group-8FC665219536 changes role from CANDIDATE to LEADER at term 1 for changeToLeader
2019-09-20 14:16:27,469 [a0dd9521-a4a3-4dd5-8b72-1a675d264ce6:group-8FC665219536:LeaderElection63] INFO  impl.RaftServerImpl (ServerState.java:setLeader(263)) - a0dd9521-a4a3-4dd5-8b72-1a675d264ce6:group-8FC665219536 change Leader from null to a0dd9521-a4a3-4dd5-8b72-1a675d264ce6 at term 1 for becomeLeader, leader elected after 5163ms
2019-09-20 14:16:27,470 [a0dd9521-a4a3-4dd5-8b72-1a675d264ce6:group-8FC665219536:LeaderElection63] INFO  server.RaftServerConfigKeys (ConfUtils.java:logGet(43)) - raft.server.staging.catchup.gap = 1000 (default)
2019-09-20 14:16:27,470 [a0dd9521-a4a3-4dd5-8b72-1a675d264ce6:group-8FC665219536:LeaderElection63] INFO  server.RaftServerConfigKeys (ConfUtils.java:logGet(43)) - raft.server.rpc.sleep.time = 25ms (default)
2019-09-20 14:16:27,470 [a0dd9521-a4a3-4dd5-8b72-1a675d264ce6:group-8FC665219536:LeaderElection63] INFO  server.RaftServerConfigKeys (ConfUtils.java:logGet(43)) - raft.server.write.element-limit = 4096 (default)
2019-09-20 14:16:27,470 [a0dd9521-a4a3-4dd5-8b72-1a675d264ce6:group-8FC665219536:LeaderElection63] INFO  server.RaftServerConfigKeys (ConfUtils.java:logGet(43)) - raft.server.watch.timeout = 10s (default)
2019-09-20 14:16:27,470 [a0dd9521-a4a3-4dd5-8b72-1a675d264ce6:group-8FC665219536:LeaderElection63] INFO  server.RaftServerConfigKeys (ConfUtils.java:logGet(43)) - raft.server.watch.timeout.denomination = 1s (default)
2019-09-20 14:16:27,471 [a0dd9521-a4a3-4dd5-8b72-1a675d264ce6:group-8FC665219536:LeaderElection63] INFO  server.RaftServerConfigKeys (ConfUtils.java:logGet(43)) - raft.server.watch.element-limit = 65536 (default)
2019-09-20 14:16:27,471 [a0dd9521-a4a3-4dd5-8b72-1a675d264ce6:group-8FC665219536:LeaderElection63] INFO  impl.RoleInfo (RoleInfo.java:updateAndGet(143)) - a0dd9521-a4a3-4dd5-8b72-1a675d264ce6: start LeaderState
2019-09-20 14:16:27,471 [a0dd9521-a4a3-4dd5-8b72-1a675d264ce6:group-8FC665219536:LeaderElection63] INFO  segmented.SegmentedRaftLogWorker (SegmentedRaftLogWorker.java:startLogSegment(380)) - a0dd9521-a4a3-4dd5-8b72-1a675d264ce6-SegmentedRaftLogWorker:Storage Directory /workdir/hadoop-ozone/ozonefs/target/test-dir/MiniOzoneClusterImpl-bceee591-9a40-46aa-b11c-5805cf83e67e/datanode-0/data/ratis/4fbe39c0-1d30-4cd1-a0b7-8fc665219536: Starting segment from index:0
2019-09-20 14:16:27,472 [a0dd9521-a4a3-4dd5-8b72-1a675d264ce6:group-8FC665219536:LeaderElection63] INFO  impl.RaftServerImpl (ServerState.java:setRaftConf(361)) - a0dd9521-a4a3-4dd5-8b72-1a675d264ce6:group-8FC665219536 set configuration 0: [a0dd9521-a4a3-4dd5-8b72-1a675d264ce6:192.168.36.99:33314], old=null at 0
2019-09-20 14:16:27,481 [Thread-1010] INFO  impl.FollowerState (FollowerState.java:run(106)) - ca8d0dbc-d7b9-40b5-b8a6-1ec03291533d:group-E6455A7D087D changes to CANDIDATE, lastRpcTime:5119, electionTimeout:5119ms
2019-09-20 14:16:27,482 [Thread-1010] INFO  impl.RoleInfo (RoleInfo.java:shutdownFollowerState(121)) - ca8d0dbc-d7b9-40b5-b8a6-1ec03291533d: shutdown FollowerState
2019-09-20 14:16:27,482 [Thread-1010] INFO  impl.RaftServerImpl (RaftServerImpl.java:setRole(171)) - ca8d0dbc-d7b9-40b5-b8a6-1ec03291533d:group-E6455A7D087D changes role from FOLLOWER to CANDIDATE at term 0 for changeToCandidate
2019-09-20 14:16:27,482 [Thread-1010] INFO  impl.RoleInfo (RoleInfo.java:updateAndGet(143)) - ca8d0dbc-d7b9-40b5-b8a6-1ec03291533d: start LeaderElection
2019-09-20 14:16:27,501 [Thread-1013] INFO  impl.FollowerState (FollowerState.java:run(106)) - ca8d0dbc-d7b9-40b5-b8a6-1ec03291533d:group-113548003A19 changes to CANDIDATE, lastRpcTime:5080, electionTimeout:5073ms
2019-09-20 14:16:27,501 [Thread-1013] INFO  impl.RoleInfo (RoleInfo.java:shutdownFollowerState(121)) - ca8d0dbc-d7b9-40b5-b8a6-1ec03291533d: shutdown FollowerState
2019-09-20 14:16:27,501 [Thread-1013] INFO  impl.RaftServerImpl (RaftServerImpl.java:setRole(171)) - ca8d0dbc-d7b9-40b5-b8a6-1ec03291533d:group-113548003A19 changes role from FOLLOWER to CANDIDATE at term 0 for changeToCandidate
2019-09-20 14:16:27,501 [Thread-1013] INFO  impl.RoleInfo (RoleInfo.java:updateAndGet(143)) - ca8d0dbc-d7b9-40b5-b8a6-1ec03291533d: start LeaderElection
2019-09-20 14:16:27,519 [a0dd9521-a4a3-4dd5-8b72-1a675d264ce6-SegmentedRaftLogWorker:Storage Directory /workdir/hadoop-ozone/ozonefs/target/test-dir/MiniOzoneClusterImpl-bceee591-9a40-46aa-b11c-5805cf83e67e/datanode-0/data/ratis/4fbe39c0-1d30-4cd1-a0b7-8fc665219536] INFO  segmented.SegmentedRaftLogWorker (SegmentedRaftLogWorker.java:execute(569)) - a0dd9521-a4a3-4dd5-8b72-1a675d264ce6-SegmentedRaftLogWorker:Storage Directory /workdir/hadoop-ozone/ozonefs/target/test-dir/MiniOzoneClusterImpl-bceee591-9a40-46aa-b11c-5805cf83e67e/datanode-0/data/ratis/4fbe39c0-1d30-4cd1-a0b7-8fc665219536: created new log segment /workdir/hadoop-ozone/ozonefs/target/test-dir/MiniOzoneClusterImpl-bceee591-9a40-46aa-b11c-5805cf83e67e/datanode-0/data/ratis/4fbe39c0-1d30-4cd1-a0b7-8fc665219536/current/log_inprogress_0
2019-09-20 14:16:27,520 [ca8d0dbc-d7b9-40b5-b8a6-1ec03291533d:group-E6455A7D087D:LeaderElection64] INFO  impl.LeaderElection (LeaderElection.java:askForVotes(181)) - ca8d0dbc-d7b9-40b5-b8a6-1ec03291533d:group-E6455A7D087D:LeaderElection64: begin an election at term 1 for -1: [ca8d0dbc-d7b9-40b5-b8a6-1ec03291533d:192.168.36.99:36906], old=null
2019-09-20 14:16:27,520 [ca8d0dbc-d7b9-40b5-b8a6-1ec03291533d:group-113548003A19:LeaderElection65] INFO  impl.LeaderElection (LeaderElection.java:askForVotes(181)) - ca8d0dbc-d7b9-40b5-b8a6-1ec03291533d:group-113548003A19:LeaderElection65: begin an election at term 1 for -1: [ca8d0dbc-d7b9-40b5-b8a6-1ec03291533d:192.168.36.99:36906], old=null
2019-09-20 14:16:27,520 [ca8d0dbc-d7b9-40b5-b8a6-1ec03291533d:group-E6455A7D087D:LeaderElection64] INFO  impl.RoleInfo (RoleInfo.java:shutdownLeaderElection(134)) - ca8d0dbc-d7b9-40b5-b8a6-1ec03291533d: shutdown LeaderElection
2019-09-20 14:16:27,520 [ca8d0dbc-d7b9-40b5-b8a6-1ec03291533d:group-113548003A19:LeaderElection65] INFO  impl.RoleInfo (RoleInfo.java:shutdownLeaderElection(134)) - ca8d0dbc-d7b9-40b5-b8a6-1ec03291533d: shutdown LeaderElection
2019-09-20 14:16:27,520 [ca8d0dbc-d7b9-40b5-b8a6-1ec03291533d:group-E6455A7D087D:LeaderElection64] INFO  impl.RaftServerImpl (RaftServerImpl.java:setRole(171)) - ca8d0dbc-d7b9-40b5-b8a6-1ec03291533d:group-E6455A7D087D changes role from CANDIDATE to LEADER at term 1 for changeToLeader
2019-09-20 14:16:27,520 [ca8d0dbc-d7b9-40b5-b8a6-1ec03291533d:group-113548003A19:LeaderElection65] INFO  impl.RaftServerImpl (RaftServerImpl.java:setRole(171)) - ca8d0dbc-d7b9-40b5-b8a6-1ec03291533d:group-113548003A19 changes role from CANDIDATE to LEADER at term 1 for changeToLeader
2019-09-20 14:16:27,520 [ca8d0dbc-d7b9-40b5-b8a6-1ec03291533d:group-E6455A7D087D:LeaderElection64] INFO  impl.RaftServerImpl (ServerState.java:setLeader(263)) - ca8d0dbc-d7b9-40b5-b8a6-1ec03291533d:group-E6455A7D087D change Leader from null to ca8d0dbc-d7b9-40b5-b8a6-1ec03291533d at term 1 for becomeLeader, leader elected after 5163ms
2019-09-20 14:16:27,520 [ca8d0dbc-d7b9-40b5-b8a6-1ec03291533d:group-113548003A19:LeaderElection65] INFO  impl.RaftServerImpl (ServerState.java:setLeader(263)) - ca8d0dbc-d7b9-40b5-b8a6-1ec03291533d:group-113548003A19 change Leader from null to ca8d0dbc-d7b9-40b5-b8a6-1ec03291533d at term 1 for becomeLeader, leader elected after 5104ms
2019-09-20 14:16:27,521 [ca8d0dbc-d7b9-40b5-b8a6-1ec03291533d:group-E6455A7D087D:LeaderElection64] INFO  server.RaftServerConfigKeys (ConfUtils.java:logGet(43)) - raft.server.staging.catchup.gap = 1000 (default)
2019-09-20 14:16:27,521 [ca8d0dbc-d7b9-40b5-b8a6-1ec03291533d:group-113548003A19:LeaderElection65] INFO  server.RaftServerConfigKeys (ConfUtils.java:logGet(43)) - raft.server.staging.catchup.gap = 1000 (default)
2019-09-20 14:16:27,521 [ca8d0dbc-d7b9-40b5-b8a6-1ec03291533d:group-E6455A7D087D:LeaderElection64] INFO  server.RaftServerConfigKeys (ConfUtils.java:logGet(43)) - raft.server.rpc.sleep.time = 25ms (default)
2019-09-20 14:16:27,521 [ca8d0dbc-d7b9-40b5-b8a6-1ec03291533d:group-113548003A19:LeaderElection65] INFO  server.RaftServerConfigKeys (ConfUtils.java:logGet(43)) - raft.server.rpc.sleep.time = 25ms (default)
2019-09-20 14:16:27,521 [ca8d0dbc-d7b9-40b5-b8a6-1ec03291533d:group-E6455A7D087D:LeaderElection64] INFO  server.RaftServerConfigKeys (ConfUtils.java:logGet(43)) - raft.server.write.element-limit = 4096 (default)
2019-09-20 14:16:27,521 [ca8d0dbc-d7b9-40b5-b8a6-1ec03291533d:group-113548003A19:LeaderElection65] INFO  server.RaftServerConfigKeys (ConfUtils.java:logGet(43)) - raft.server.write.element-limit = 4096 (default)
2019-09-20 14:16:27,521 [ca8d0dbc-d7b9-40b5-b8a6-1ec03291533d:group-E6455A7D087D:LeaderElection64] INFO  server.RaftServerConfigKeys (ConfUtils.java:logGet(43)) - raft.server.watch.timeout = 10s (default)
2019-09-20 14:16:27,522 [ca8d0dbc-d7b9-40b5-b8a6-1ec03291533d:group-113548003A19:LeaderElection65] INFO  server.RaftServerConfigKeys (ConfUtils.java:logGet(43)) - raft.server.watch.timeout = 10s (default)
2019-09-20 14:16:27,522 [ca8d0dbc-d7b9-40b5-b8a6-1ec03291533d:group-E6455A7D087D:LeaderElection64] INFO  server.RaftServerConfigKeys (ConfUtils.java:logGet(43)) - raft.server.watch.timeout.denomination = 1s (default)
2019-09-20 14:16:27,522 [ca8d0dbc-d7b9-40b5-b8a6-1ec03291533d:group-113548003A19:LeaderElection65] INFO  server.RaftServerConfigKeys (ConfUtils.java:logGet(43)) - raft.server.watch.timeout.denomination = 1s (default)
2019-09-20 14:16:27,522 [ca8d0dbc-d7b9-40b5-b8a6-1ec03291533d:group-E6455A7D087D:LeaderElection64] INFO  server.RaftServerConfigKeys (ConfUtils.java:logGet(43)) - raft.server.watch.element-limit = 65536 (default)
2019-09-20 14:16:27,522 [ca8d0dbc-d7b9-40b5-b8a6-1ec03291533d:group-113548003A19:LeaderElection65] INFO  server.RaftServerConfigKeys (ConfUtils.java:logGet(43)) - raft.server.watch.element-limit = 65536 (default)
2019-09-20 14:16:27,523 [ca8d0dbc-d7b9-40b5-b8a6-1ec03291533d:group-E6455A7D087D:LeaderElection64] INFO  impl.RoleInfo (RoleInfo.java:updateAndGet(143)) - ca8d0dbc-d7b9-40b5-b8a6-1ec03291533d: start LeaderState
2019-09-20 14:16:27,523 [ca8d0dbc-d7b9-40b5-b8a6-1ec03291533d:group-113548003A19:LeaderElection65] INFO  impl.RoleInfo (RoleInfo.java:updateAndGet(143)) - ca8d0dbc-d7b9-40b5-b8a6-1ec03291533d: start LeaderState
2019-09-20 14:16:27,523 [ca8d0dbc-d7b9-40b5-b8a6-1ec03291533d:group-E6455A7D087D:LeaderElection64] INFO  segmented.SegmentedRaftLogWorker (SegmentedRaftLogWorker.java:startLogSegment(380)) - ca8d0dbc-d7b9-40b5-b8a6-1ec03291533d-SegmentedRaftLogWorker:Storage Directory /workdir/hadoop-ozone/ozonefs/target/test-dir/MiniOzoneClusterImpl-bceee591-9a40-46aa-b11c-5805cf83e67e/datanode-1/data/ratis/71b2a21f-78ec-4064-a756-e6455a7d087d: Starting segment from index:0
2019-09-20 14:16:27,523 [ca8d0dbc-d7b9-40b5-b8a6-1ec03291533d:group-113548003A19:LeaderElection65] INFO  segmented.SegmentedRaftLogWorker (SegmentedRaftLogWorker.java:startLogSegment(380)) - ca8d0dbc-d7b9-40b5-b8a6-1ec03291533d-SegmentedRaftLogWorker:Storage Directory /workdir/hadoop-ozone/ozonefs/target/test-dir/MiniOzoneClusterImpl-bceee591-9a40-46aa-b11c-5805cf83e67e/datanode-1/data/ratis/2b98d471-7dcb-4b13-870d-113548003a19: Starting segment from index:0
2019-09-20 14:16:27,523 [ca8d0dbc-d7b9-40b5-b8a6-1ec03291533d:group-E6455A7D087D:LeaderElection64] INFO  impl.RaftServerImpl (ServerState.java:setRaftConf(361)) - ca8d0dbc-d7b9-40b5-b8a6-1ec03291533d:group-E6455A7D087D set configuration 0: [ca8d0dbc-d7b9-40b5-b8a6-1ec03291533d:192.168.36.99:36906], old=null at 0
2019-09-20 14:16:27,524 [ca8d0dbc-d7b9-40b5-b8a6-1ec03291533d:group-113548003A19:LeaderElection65] INFO  impl.RaftServerImpl (ServerState.java:setRaftConf(361)) - ca8d0dbc-d7b9-40b5-b8a6-1ec03291533d:group-113548003A19 set configuration 0: [ca8d0dbc-d7b9-40b5-b8a6-1ec03291533d:192.168.36.99:36906], old=null at 0
2019-09-20 14:16:27,578 [ca8d0dbc-d7b9-40b5-b8a6-1ec03291533d-SegmentedRaftLogWorker:Storage Directory /workdir/hadoop-ozone/ozonefs/target/test-dir/MiniOzoneClusterImpl-bceee591-9a40-46aa-b11c-5805cf83e67e/datanode-1/data/ratis/71b2a21f-78ec-4064-a756-e6455a7d087d] INFO  segmented.SegmentedRaftLogWorker (SegmentedRaftLogWorker.java:execute(569)) - ca8d0dbc-d7b9-40b5-b8a6-1ec03291533d-SegmentedRaftLogWorker:Storage Directory /workdir/hadoop-ozone/ozonefs/target/test-dir/MiniOzoneClusterImpl-bceee591-9a40-46aa-b11c-5805cf83e67e/datanode-1/data/ratis/71b2a21f-78ec-4064-a756-e6455a7d087d: created new log segment /workdir/hadoop-ozone/ozonefs/target/test-dir/MiniOzoneClusterImpl-bceee591-9a40-46aa-b11c-5805cf83e67e/datanode-1/data/ratis/71b2a21f-78ec-4064-a756-e6455a7d087d/current/log_inprogress_0
2019-09-20 14:16:27,578 [ca8d0dbc-d7b9-40b5-b8a6-1ec03291533d-SegmentedRaftLogWorker:Storage Directory /workdir/hadoop-ozone/ozonefs/target/test-dir/MiniOzoneClusterImpl-bceee591-9a40-46aa-b11c-5805cf83e67e/datanode-1/data/ratis/2b98d471-7dcb-4b13-870d-113548003a19] INFO  segmented.SegmentedRaftLogWorker (SegmentedRaftLogWorker.java:execute(569)) - ca8d0dbc-d7b9-40b5-b8a6-1ec03291533d-SegmentedRaftLogWorker:Storage Directory /workdir/hadoop-ozone/ozonefs/target/test-dir/MiniOzoneClusterImpl-bceee591-9a40-46aa-b11c-5805cf83e67e/datanode-1/data/ratis/2b98d471-7dcb-4b13-870d-113548003a19: created new log segment /workdir/hadoop-ozone/ozonefs/target/test-dir/MiniOzoneClusterImpl-bceee591-9a40-46aa-b11c-5805cf83e67e/datanode-1/data/ratis/2b98d471-7dcb-4b13-870d-113548003a19/current/log_inprogress_0
2019-09-20 14:16:27,644 [Thread-1016] INFO  impl.FollowerState (FollowerState.java:run(106)) - de3dee47-223f-471a-94cf-733bf04e3bfa:group-E4632BB8347C changes to CANDIDATE, lastRpcTime:5155, electionTimeout:5155ms
2019-09-20 14:16:27,644 [Thread-1016] INFO  impl.RoleInfo (RoleInfo.java:shutdownFollowerState(121)) - de3dee47-223f-471a-94cf-733bf04e3bfa: shutdown FollowerState
2019-09-20 14:16:27,644 [Thread-1016] INFO  impl.RaftServerImpl (RaftServerImpl.java:setRole(171)) - de3dee47-223f-471a-94cf-733bf04e3bfa:group-E4632BB8347C changes role from FOLLOWER to CANDIDATE at term 0 for changeToCandidate
2019-09-20 14:16:27,644 [Thread-1016] INFO  impl.RoleInfo (RoleInfo.java:updateAndGet(143)) - de3dee47-223f-471a-94cf-733bf04e3bfa: start LeaderElection
2019-09-20 14:16:27,670 [de3dee47-223f-471a-94cf-733bf04e3bfa:group-E4632BB8347C:LeaderElection66] INFO  impl.LeaderElection (LeaderElection.java:askForVotes(181)) - de3dee47-223f-471a-94cf-733bf04e3bfa:group-E4632BB8347C:LeaderElection66: begin an election at term 1 for -1: [de3dee47-223f-471a-94cf-733bf04e3bfa:192.168.36.99:36983], old=null
2019-09-20 14:16:27,671 [de3dee47-223f-471a-94cf-733bf04e3bfa:group-E4632BB8347C:LeaderElection66] INFO  impl.RoleInfo (RoleInfo.java:shutdownLeaderElection(134)) - de3dee47-223f-471a-94cf-733bf04e3bfa: shutdown LeaderElection
2019-09-20 14:16:27,671 [de3dee47-223f-471a-94cf-733bf04e3bfa:group-E4632BB8347C:LeaderElection66] INFO  impl.RaftServerImpl (RaftServerImpl.java:setRole(171)) - de3dee47-223f-471a-94cf-733bf04e3bfa:group-E4632BB8347C changes role from CANDIDATE to LEADER at term 1 for changeToLeader
2019-09-20 14:16:27,671 [de3dee47-223f-471a-94cf-733bf04e3bfa:group-E4632BB8347C:LeaderElection66] INFO  impl.RaftServerImpl (ServerState.java:setLeader(263)) - de3dee47-223f-471a-94cf-733bf04e3bfa:group-E4632BB8347C change Leader from null to de3dee47-223f-471a-94cf-733bf04e3bfa at term 1 for becomeLeader, leader elected after 5187ms
2019-09-20 14:16:27,671 [de3dee47-223f-471a-94cf-733bf04e3bfa:group-E4632BB8347C:LeaderElection66] INFO  server.RaftServerConfigKeys (ConfUtils.java:logGet(43)) - raft.server.staging.catchup.gap = 1000 (default)
2019-09-20 14:16:27,671 [de3dee47-223f-471a-94cf-733bf04e3bfa:group-E4632BB8347C:LeaderElection66] INFO  server.RaftServerConfigKeys (ConfUtils.java:logGet(43)) - raft.server.rpc.sleep.time = 25ms (default)
2019-09-20 14:16:27,671 [de3dee47-223f-471a-94cf-733bf04e3bfa:group-E4632BB8347C:LeaderElection66] INFO  server.RaftServerConfigKeys (ConfUtils.java:logGet(43)) - raft.server.write.element-limit = 4096 (default)
2019-09-20 14:16:27,671 [de3dee47-223f-471a-94cf-733bf04e3bfa:group-E4632BB8347C:LeaderElection66] INFO  server.RaftServerConfigKeys (ConfUtils.java:logGet(43)) - raft.server.watch.timeout = 10s (default)
2019-09-20 14:16:27,672 [de3dee47-223f-471a-94cf-733bf04e3bfa:group-E4632BB8347C:LeaderElection66] INFO  server.RaftServerConfigKeys (ConfUtils.java:logGet(43)) - raft.server.watch.timeout.denomination = 1s (default)
2019-09-20 14:16:27,672 [de3dee47-223f-471a-94cf-733bf04e3bfa:group-E4632BB8347C:LeaderElection66] INFO  server.RaftServerConfigKeys (ConfUtils.java:logGet(43)) - raft.server.watch.element-limit = 65536 (default)
2019-09-20 14:16:27,672 [de3dee47-223f-471a-94cf-733bf04e3bfa:group-E4632BB8347C:LeaderElection66] INFO  impl.RoleInfo (RoleInfo.java:updateAndGet(143)) - de3dee47-223f-471a-94cf-733bf04e3bfa: start LeaderState
2019-09-20 14:16:27,672 [de3dee47-223f-471a-94cf-733bf04e3bfa:group-E4632BB8347C:LeaderElection66] INFO  segmented.SegmentedRaftLogWorker (SegmentedRaftLogWorker.java:startLogSegment(380)) - de3dee47-223f-471a-94cf-733bf04e3bfa-SegmentedRaftLogWorker:Storage Directory /workdir/hadoop-ozone/ozonefs/target/test-dir/MiniOzoneClusterImpl-bceee591-9a40-46aa-b11c-5805cf83e67e/datanode-2/data/ratis/4fc205cf-1266-449c-bc31-e4632bb8347c: Starting segment from index:0
2019-09-20 14:16:27,673 [de3dee47-223f-471a-94cf-733bf04e3bfa:group-E4632BB8347C:LeaderElection66] INFO  impl.RaftServerImpl (ServerState.java:setRaftConf(361)) - de3dee47-223f-471a-94cf-733bf04e3bfa:group-E4632BB8347C set configuration 0: [de3dee47-223f-471a-94cf-733bf04e3bfa:192.168.36.99:36983], old=null at 0
2019-09-20 14:16:27,678 [Thread-1019] INFO  impl.FollowerState (FollowerState.java:run(106)) - de3dee47-223f-471a-94cf-733bf04e3bfa:group-2EA618774F35 changes to CANDIDATE, lastRpcTime:5131, electionTimeout:5131ms
2019-09-20 14:16:27,678 [Thread-1019] INFO  impl.RoleInfo (RoleInfo.java:shutdownFollowerState(121)) - de3dee47-223f-471a-94cf-733bf04e3bfa: shutdown FollowerState
2019-09-20 14:16:27,678 [Thread-1019] INFO  impl.RaftServerImpl (RaftServerImpl.java:setRole(171)) - de3dee47-223f-471a-94cf-733bf04e3bfa:group-2EA618774F35 changes role from FOLLOWER to CANDIDATE at term 0 for changeToCandidate
2019-09-20 14:16:27,678 [Thread-1019] INFO  impl.RoleInfo (RoleInfo.java:updateAndGet(143)) - de3dee47-223f-471a-94cf-733bf04e3bfa: start LeaderElection
2019-09-20 14:16:27,729 [de3dee47-223f-471a-94cf-733bf04e3bfa-SegmentedRaftLogWorker:Storage Directory /workdir/hadoop-ozone/ozonefs/target/test-dir/MiniOzoneClusterImpl-bceee591-9a40-46aa-b11c-5805cf83e67e/datanode-2/data/ratis/4fc205cf-1266-449c-bc31-e4632bb8347c] INFO  segmented.SegmentedRaftLogWorker (SegmentedRaftLogWorker.java:execute(569)) - de3dee47-223f-471a-94cf-733bf04e3bfa-SegmentedRaftLogWorker:Storage Directory /workdir/hadoop-ozone/ozonefs/target/test-dir/MiniOzoneClusterImpl-bceee591-9a40-46aa-b11c-5805cf83e67e/datanode-2/data/ratis/4fc205cf-1266-449c-bc31-e4632bb8347c: created new log segment /workdir/hadoop-ozone/ozonefs/target/test-dir/MiniOzoneClusterImpl-bceee591-9a40-46aa-b11c-5805cf83e67e/datanode-2/data/ratis/4fc205cf-1266-449c-bc31-e4632bb8347c/current/log_inprogress_0
2019-09-20 14:16:27,729 [de3dee47-223f-471a-94cf-733bf04e3bfa:group-2EA618774F35:LeaderElection67] INFO  impl.LeaderElection (LeaderElection.java:askForVotes(181)) - de3dee47-223f-471a-94cf-733bf04e3bfa:group-2EA618774F35:LeaderElection67: begin an election at term 1 for -1: [de3dee47-223f-471a-94cf-733bf04e3bfa:192.168.36.99:36983], old=null
2019-09-20 14:16:27,730 [de3dee47-223f-471a-94cf-733bf04e3bfa:group-2EA618774F35:LeaderElection67] INFO  impl.RoleInfo (RoleInfo.java:shutdownLeaderElection(134)) - de3dee47-223f-471a-94cf-733bf04e3bfa: shutdown LeaderElection
2019-09-20 14:16:27,730 [de3dee47-223f-471a-94cf-733bf04e3bfa:group-2EA618774F35:LeaderElection67] INFO  impl.RaftServerImpl (RaftServerImpl.java:setRole(171)) - de3dee47-223f-471a-94cf-733bf04e3bfa:group-2EA618774F35 changes role from CANDIDATE to LEADER at term 1 for changeToLeader
2019-09-20 14:16:27,730 [de3dee47-223f-471a-94cf-733bf04e3bfa:group-2EA618774F35:LeaderElection67] INFO  impl.RaftServerImpl (ServerState.java:setLeader(263)) - de3dee47-223f-471a-94cf-733bf04e3bfa:group-2EA618774F35 change Leader from null to de3dee47-223f-471a-94cf-733bf04e3bfa at term 1 for becomeLeader, leader elected after 5187ms
2019-09-20 14:16:27,730 [de3dee47-223f-471a-94cf-733bf04e3bfa:group-2EA618774F35:LeaderElection67] INFO  server.RaftServerConfigKeys (ConfUtils.java:logGet(43)) - raft.server.staging.catchup.gap = 1000 (default)
2019-09-20 14:16:27,730 [de3dee47-223f-471a-94cf-733bf04e3bfa:group-2EA618774F35:LeaderElection67] INFO  server.RaftServerConfigKeys (ConfUtils.java:logGet(43)) - raft.server.rpc.sleep.time = 25ms (default)
2019-09-20 14:16:27,731 [de3dee47-223f-471a-94cf-733bf04e3bfa:group-2EA618774F35:LeaderElection67] INFO  server.RaftServerConfigKeys (ConfUtils.java:logGet(43)) - raft.server.write.element-limit = 4096 (default)
2019-09-20 14:16:27,731 [de3dee47-223f-471a-94cf-733bf04e3bfa:group-2EA618774F35:LeaderElection67] INFO  server.RaftServerConfigKeys (ConfUtils.java:logGet(43)) - raft.server.watch.timeout = 10s (default)
2019-09-20 14:16:27,731 [de3dee47-223f-471a-94cf-733bf04e3bfa:group-2EA618774F35:LeaderElection67] INFO  server.RaftServerConfigKeys (ConfUtils.java:logGet(43)) - raft.server.watch.timeout.denomination = 1s (default)
2019-09-20 14:16:27,731 [de3dee47-223f-471a-94cf-733bf04e3bfa:group-2EA618774F35:LeaderElection67] INFO  server.RaftServerConfigKeys (ConfUtils.java:logGet(43)) - raft.server.watch.element-limit = 65536 (default)
2019-09-20 14:16:27,731 [de3dee47-223f-471a-94cf-733bf04e3bfa:group-2EA618774F35:LeaderElection67] INFO  impl.RoleInfo (RoleInfo.java:updateAndGet(143)) - de3dee47-223f-471a-94cf-733bf04e3bfa: start LeaderState
2019-09-20 14:16:27,732 [de3dee47-223f-471a-94cf-733bf04e3bfa:group-2EA618774F35:LeaderElection67] INFO  segmented.SegmentedRaftLogWorker (SegmentedRaftLogWorker.java:startLogSegment(380)) - de3dee47-223f-471a-94cf-733bf04e3bfa-SegmentedRaftLogWorker:Storage Directory /workdir/hadoop-ozone/ozonefs/target/test-dir/MiniOzoneClusterImpl-bceee591-9a40-46aa-b11c-5805cf83e67e/datanode-2/data/ratis/16bb0950-c53f-4ce1-aff7-2ea618774f35: Starting segment from index:0
2019-09-20 14:16:27,732 [de3dee47-223f-471a-94cf-733bf04e3bfa:group-2EA618774F35:LeaderElection67] INFO  impl.RaftServerImpl (ServerState.java:setRaftConf(361)) - de3dee47-223f-471a-94cf-733bf04e3bfa:group-2EA618774F35 set configuration 0: [de3dee47-223f-471a-94cf-733bf04e3bfa:192.168.36.99:36983], old=null at 0
2019-09-20 14:16:27,739 [Thread-1022] INFO  impl.FollowerState (FollowerState.java:run(106)) - de3dee47-223f-471a-94cf-733bf04e3bfa:group-83D18BA28479 changes to CANDIDATE, lastRpcTime:5132, electionTimeout:5132ms
2019-09-20 14:16:27,739 [Thread-1022] INFO  impl.RoleInfo (RoleInfo.java:shutdownFollowerState(121)) - de3dee47-223f-471a-94cf-733bf04e3bfa: shutdown FollowerState
2019-09-20 14:16:27,739 [Thread-1022] INFO  impl.RaftServerImpl (RaftServerImpl.java:setRole(171)) - de3dee47-223f-471a-94cf-733bf04e3bfa:group-83D18BA28479 changes role from FOLLOWER to CANDIDATE at term 0 for changeToCandidate
2019-09-20 14:16:27,739 [Thread-1022] INFO  impl.RoleInfo (RoleInfo.java:updateAndGet(143)) - de3dee47-223f-471a-94cf-733bf04e3bfa: start LeaderElection
2019-09-20 14:16:27,766 [Thread-1025] INFO  impl.FollowerState (FollowerState.java:run(106)) - de3dee47-223f-471a-94cf-733bf04e3bfa:group-AC16993CBC09 changes to CANDIDATE, lastRpcTime:5100, electionTimeout:5094ms
2019-09-20 14:16:27,766 [Thread-1025] INFO  impl.RoleInfo (RoleInfo.java:shutdownFollowerState(121)) - de3dee47-223f-471a-94cf-733bf04e3bfa: shutdown FollowerState
2019-09-20 14:16:27,766 [Thread-1025] INFO  impl.RaftServerImpl (RaftServerImpl.java:setRole(171)) - de3dee47-223f-471a-94cf-733bf04e3bfa:group-AC16993CBC09 changes role from FOLLOWER to CANDIDATE at term 0 for changeToCandidate
2019-09-20 14:16:27,766 [Thread-1025] INFO  impl.RoleInfo (RoleInfo.java:updateAndGet(143)) - de3dee47-223f-471a-94cf-733bf04e3bfa: start LeaderElection
2019-09-20 14:16:27,788 [de3dee47-223f-471a-94cf-733bf04e3bfa-SegmentedRaftLogWorker:Storage Directory /workdir/hadoop-ozone/ozonefs/target/test-dir/MiniOzoneClusterImpl-bceee591-9a40-46aa-b11c-5805cf83e67e/datanode-2/data/ratis/16bb0950-c53f-4ce1-aff7-2ea618774f35] INFO  segmented.SegmentedRaftLogWorker (SegmentedRaftLogWorker.java:execute(569)) - de3dee47-223f-471a-94cf-733bf04e3bfa-SegmentedRaftLogWorker:Storage Directory /workdir/hadoop-ozone/ozonefs/target/test-dir/MiniOzoneClusterImpl-bceee591-9a40-46aa-b11c-5805cf83e67e/datanode-2/data/ratis/16bb0950-c53f-4ce1-aff7-2ea618774f35: created new log segment /workdir/hadoop-ozone/ozonefs/target/test-dir/MiniOzoneClusterImpl-bceee591-9a40-46aa-b11c-5805cf83e67e/datanode-2/data/ratis/16bb0950-c53f-4ce1-aff7-2ea618774f35/current/log_inprogress_0
2019-09-20 14:16:27,788 [de3dee47-223f-471a-94cf-733bf04e3bfa:group-AC16993CBC09:LeaderElection69] INFO  impl.LeaderElection (LeaderElection.java:askForVotes(181)) - de3dee47-223f-471a-94cf-733bf04e3bfa:group-AC16993CBC09:LeaderElection69: begin an election at term 1 for -1: [de3dee47-223f-471a-94cf-733bf04e3bfa:192.168.36.99:36983], old=null
2019-09-20 14:16:27,788 [de3dee47-223f-471a-94cf-733bf04e3bfa:group-83D18BA28479:LeaderElection68] INFO  impl.LeaderElection (LeaderElection.java:askForVotes(181)) - de3dee47-223f-471a-94cf-733bf04e3bfa:group-83D18BA28479:LeaderElection68: begin an election at term 1 for -1: [de3dee47-223f-471a-94cf-733bf04e3bfa:192.168.36.99:36983], old=null
2019-09-20 14:16:27,788 [de3dee47-223f-471a-94cf-733bf04e3bfa:group-AC16993CBC09:LeaderElection69] INFO  impl.RoleInfo (RoleInfo.java:shutdownLeaderElection(134)) - de3dee47-223f-471a-94cf-733bf04e3bfa: shutdown LeaderElection
2019-09-20 14:16:27,788 [de3dee47-223f-471a-94cf-733bf04e3bfa:group-83D18BA28479:LeaderElection68] INFO  impl.RoleInfo (RoleInfo.java:shutdownLeaderElection(134)) - de3dee47-223f-471a-94cf-733bf04e3bfa: shutdown LeaderElection
2019-09-20 14:16:27,789 [de3dee47-223f-471a-94cf-733bf04e3bfa:group-AC16993CBC09:LeaderElection69] INFO  impl.RaftServerImpl (RaftServerImpl.java:setRole(171)) - de3dee47-223f-471a-94cf-733bf04e3bfa:group-AC16993CBC09 changes role from CANDIDATE to LEADER at term 1 for changeToLeader
2019-09-20 14:16:27,789 [de3dee47-223f-471a-94cf-733bf04e3bfa:group-83D18BA28479:LeaderElection68] INFO  impl.RaftServerImpl (RaftServerImpl.java:setRole(171)) - de3dee47-223f-471a-94cf-733bf04e3bfa:group-83D18BA28479 changes role from CANDIDATE to LEADER at term 1 for changeToLeader
2019-09-20 14:16:27,789 [de3dee47-223f-471a-94cf-733bf04e3bfa:group-AC16993CBC09:LeaderElection69] INFO  impl.RaftServerImpl (ServerState.java:setLeader(263)) - de3dee47-223f-471a-94cf-733bf04e3bfa:group-AC16993CBC09 change Leader from null to de3dee47-223f-471a-94cf-733bf04e3bfa at term 1 for becomeLeader, leader elected after 5128ms
2019-09-20 14:16:27,789 [de3dee47-223f-471a-94cf-733bf04e3bfa:group-83D18BA28479:LeaderElection68] INFO  impl.RaftServerImpl (ServerState.java:setLeader(263)) - de3dee47-223f-471a-94cf-733bf04e3bfa:group-83D18BA28479 change Leader from null to de3dee47-223f-471a-94cf-733bf04e3bfa at term 1 for becomeLeader, leader elected after 5187ms
2019-09-20 14:16:27,789 [de3dee47-223f-471a-94cf-733bf04e3bfa:group-AC16993CBC09:LeaderElection69] INFO  server.RaftServerConfigKeys (ConfUtils.java:logGet(43)) - raft.server.staging.catchup.gap = 1000 (default)
2019-09-20 14:16:27,789 [de3dee47-223f-471a-94cf-733bf04e3bfa:group-83D18BA28479:LeaderElection68] INFO  server.RaftServerConfigKeys (ConfUtils.java:logGet(43)) - raft.server.staging.catchup.gap = 1000 (default)
2019-09-20 14:16:27,789 [de3dee47-223f-471a-94cf-733bf04e3bfa:group-AC16993CBC09:LeaderElection69] INFO  server.RaftServerConfigKeys (ConfUtils.java:logGet(43)) - raft.server.rpc.sleep.time = 25ms (default)
2019-09-20 14:16:27,790 [de3dee47-223f-471a-94cf-733bf04e3bfa:group-83D18BA28479:LeaderElection68] INFO  server.RaftServerConfigKeys (ConfUtils.java:logGet(43)) - raft.server.rpc.sleep.time = 25ms (default)
2019-09-20 14:16:27,790 [de3dee47-223f-471a-94cf-733bf04e3bfa:group-AC16993CBC09:LeaderElection69] INFO  server.RaftServerConfigKeys (ConfUtils.java:logGet(43)) - raft.server.write.element-limit = 4096 (default)
2019-09-20 14:16:27,790 [de3dee47-223f-471a-94cf-733bf04e3bfa:group-83D18BA28479:LeaderElection68] INFO  server.RaftServerConfigKeys (ConfUtils.java:logGet(43)) - raft.server.write.element-limit = 4096 (default)
2019-09-20 14:16:27,790 [de3dee47-223f-471a-94cf-733bf04e3bfa:group-AC16993CBC09:LeaderElection69] INFO  server.RaftServerConfigKeys (ConfUtils.java:logGet(43)) - raft.server.watch.timeout = 10s (default)
2019-09-20 14:16:27,790 [de3dee47-223f-471a-94cf-733bf04e3bfa:group-83D18BA28479:LeaderElection68] INFO  server.RaftServerConfigKeys (ConfUtils.java:logGet(43)) - raft.server.watch.timeout = 10s (default)
2019-09-20 14:16:27,790 [de3dee47-223f-471a-94cf-733bf04e3bfa:group-AC16993CBC09:LeaderElection69] INFO  server.RaftServerConfigKeys (ConfUtils.java:logGet(43)) - raft.server.watch.timeout.denomination = 1s (default)
2019-09-20 14:16:27,790 [de3dee47-223f-471a-94cf-733bf04e3bfa:group-83D18BA28479:LeaderElection68] INFO  server.RaftServerConfigKeys (ConfUtils.java:logGet(43)) - raft.server.watch.timeout.denomination = 1s (default)
2019-09-20 14:16:27,791 [de3dee47-223f-471a-94cf-733bf04e3bfa:group-AC16993CBC09:LeaderElection69] INFO  server.RaftServerConfigKeys (ConfUtils.java:logGet(43)) - raft.server.watch.element-limit = 65536 (default)
2019-09-20 14:16:27,791 [de3dee47-223f-471a-94cf-733bf04e3bfa:group-83D18BA28479:LeaderElection68] INFO  server.RaftServerConfigKeys (ConfUtils.java:logGet(43)) - raft.server.watch.element-limit = 65536 (default)
2019-09-20 14:16:27,791 [de3dee47-223f-471a-94cf-733bf04e3bfa:group-AC16993CBC09:LeaderElection69] INFO  impl.RoleInfo (RoleInfo.java:updateAndGet(143)) - de3dee47-223f-471a-94cf-733bf04e3bfa: start LeaderState
2019-09-20 14:16:27,791 [de3dee47-223f-471a-94cf-733bf04e3bfa:group-83D18BA28479:LeaderElection68] INFO  impl.RoleInfo (RoleInfo.java:updateAndGet(143)) - de3dee47-223f-471a-94cf-733bf04e3bfa: start LeaderState
2019-09-20 14:16:27,791 [de3dee47-223f-471a-94cf-733bf04e3bfa:group-AC16993CBC09:LeaderElection69] INFO  segmented.SegmentedRaftLogWorker (SegmentedRaftLogWorker.java:startLogSegment(380)) - de3dee47-223f-471a-94cf-733bf04e3bfa-SegmentedRaftLogWorker:Storage Directory /workdir/hadoop-ozone/ozonefs/target/test-dir/MiniOzoneClusterImpl-bceee591-9a40-46aa-b11c-5805cf83e67e/datanode-2/data/ratis/a691f3e7-1ddd-4318-966c-ac16993cbc09: Starting segment from index:0
2019-09-20 14:16:27,791 [de3dee47-223f-471a-94cf-733bf04e3bfa:group-83D18BA28479:LeaderElection68] INFO  segmented.SegmentedRaftLogWorker (SegmentedRaftLogWorker.java:startLogSegment(380)) - de3dee47-223f-471a-94cf-733bf04e3bfa-SegmentedRaftLogWorker:Storage Directory /workdir/hadoop-ozone/ozonefs/target/test-dir/MiniOzoneClusterImpl-bceee591-9a40-46aa-b11c-5805cf83e67e/datanode-2/data/ratis/52953f57-9726-409d-bc8e-83d18ba28479: Starting segment from index:0
2019-09-20 14:16:27,792 [de3dee47-223f-471a-94cf-733bf04e3bfa:group-AC16993CBC09:LeaderElection69] INFO  impl.RaftServerImpl (ServerState.java:setRaftConf(361)) - de3dee47-223f-471a-94cf-733bf04e3bfa:group-AC16993CBC09 set configuration 0: [de3dee47-223f-471a-94cf-733bf04e3bfa:192.168.36.99:36983], old=null at 0
2019-09-20 14:16:27,792 [de3dee47-223f-471a-94cf-733bf04e3bfa:group-83D18BA28479:LeaderElection68] INFO  impl.RaftServerImpl (ServerState.java:setRaftConf(361)) - de3dee47-223f-471a-94cf-733bf04e3bfa:group-83D18BA28479 set configuration 0: [de3dee47-223f-471a-94cf-733bf04e3bfa:192.168.36.99:36983], old=null at 0
2019-09-20 14:16:27,833 [Thread-804] INFO  ozoneimpl.OzoneContainer (OzoneContainer.java:stop(199)) - Attempting to stop container services.
2019-09-20 14:16:27,834 [ForkJoinPool.commonPool-worker-1] INFO  ozoneimpl.OzoneContainer (OzoneContainer.java:stop(199)) - Attempting to stop container services.
2019-09-20 14:16:27,834 [Thread-804] INFO  impl.RaftServerProxy (RaftServerProxy.java:lambda$close$4(314)) - ca8d0dbc-d7b9-40b5-b8a6-1ec03291533d: close
2019-09-20 14:16:27,834 [ForkJoinPool.commonPool-worker-1] INFO  impl.RaftServerProxy (RaftServerProxy.java:lambda$close$4(314)) - a0dd9521-a4a3-4dd5-8b72-1a675d264ce6: close
2019-09-20 14:16:27,834 [Thread-804] INFO  impl.RaftServerImpl (RaftServerImpl.java:lambda$shutdown$3(245)) - ca8d0dbc-d7b9-40b5-b8a6-1ec03291533d: shutdown group-45C22742DD10
2019-09-20 14:16:27,834 [ForkJoinPool.commonPool-worker-1] INFO  impl.RaftServerImpl (RaftServerImpl.java:lambda$shutdown$3(245)) - a0dd9521-a4a3-4dd5-8b72-1a675d264ce6: shutdown group-186D73DE6A8B
2019-09-20 14:16:27,835 [Thread-804] INFO  util.JmxRegister (JmxRegister.java:unregister(73)) - Successfully un-registered JMX Bean with object name Ratis:service=RaftServer,group=group-45C22742DD10,id=ca8d0dbc-d7b9-40b5-b8a6-1ec03291533d
2019-09-20 14:16:27,835 [ForkJoinPool.commonPool-worker-1] INFO  util.JmxRegister (JmxRegister.java:unregister(73)) - Successfully un-registered JMX Bean with object name Ratis:service=RaftServer,group=group-186D73DE6A8B,id=a0dd9521-a4a3-4dd5-8b72-1a675d264ce6
2019-09-20 14:16:27,835 [Thread-804] INFO  impl.RoleInfo (RoleInfo.java:shutdownLeaderState(104)) - ca8d0dbc-d7b9-40b5-b8a6-1ec03291533d: shutdown LeaderState
2019-09-20 14:16:27,835 [ForkJoinPool.commonPool-worker-1] INFO  impl.RoleInfo (RoleInfo.java:shutdownLeaderState(104)) - a0dd9521-a4a3-4dd5-8b72-1a675d264ce6: shutdown LeaderState
2019-09-20 14:16:27,836 [Thread-804] INFO  impl.PendingRequests (PendingRequests.java:sendNotLeaderResponses(202)) - ca8d0dbc-d7b9-40b5-b8a6-1ec03291533d-PendingRequests: sendNotLeaderResponses
2019-09-20 14:16:27,836 [ForkJoinPool.commonPool-worker-1] INFO  impl.PendingRequests (PendingRequests.java:sendNotLeaderResponses(202)) - a0dd9521-a4a3-4dd5-8b72-1a675d264ce6-PendingRequests: sendNotLeaderResponses
2019-09-20 14:16:27,836 [Thread-804] INFO  impl.StateMachineUpdater (StateMachineUpdater.java:stopAndJoin(115)) - StateMachineUpdater:ca8d0dbc-d7b9-40b5-b8a6-1ec03291533d:group-45C22742DD10: set stopIndex = 0
2019-09-20 14:16:27,836 [ForkJoinPool.commonPool-worker-1] INFO  impl.StateMachineUpdater (StateMachineUpdater.java:stopAndJoin(115)) - StateMachineUpdater:a0dd9521-a4a3-4dd5-8b72-1a675d264ce6:group-186D73DE6A8B: set stopIndex = 0
2019-09-20 14:16:27,836 [Thread-804] INFO  impl.RaftServerImpl (ServerState.java:close(394)) - ca8d0dbc-d7b9-40b5-b8a6-1ec03291533d:group-45C22742DD10 closes. The last applied log index is 0
2019-09-20 14:16:27,837 [ForkJoinPool.commonPool-worker-1] INFO  impl.RaftServerImpl (ServerState.java:close(394)) - a0dd9521-a4a3-4dd5-8b72-1a675d264ce6:group-186D73DE6A8B closes. The last applied log index is 0
2019-09-20 14:16:27,837 [ca8d0dbc-d7b9-40b5-b8a6-1ec03291533d-SegmentedRaftLogWorker:Storage Directory /workdir/hadoop-ozone/ozonefs/target/test-dir/MiniOzoneClusterImpl-bceee591-9a40-46aa-b11c-5805cf83e67e/datanode-1/data/ratis/792f9395-746d-43c0-9682-45c22742dd10] INFO  segmented.SegmentedRaftLogWorker (SegmentedRaftLogWorker.java:run(313)) - ca8d0dbc-d7b9-40b5-b8a6-1ec03291533d-SegmentedRaftLogWorker:Storage Directory /workdir/hadoop-ozone/ozonefs/target/test-dir/MiniOzoneClusterImpl-bceee591-9a40-46aa-b11c-5805cf83e67e/datanode-1/data/ratis/792f9395-746d-43c0-9682-45c22742dd10 was interrupted, exiting. There are 0 tasks remaining in the queue.
2019-09-20 14:16:27,837 [a0dd9521-a4a3-4dd5-8b72-1a675d264ce6-SegmentedRaftLogWorker:Storage Directory /workdir/hadoop-ozone/ozonefs/target/test-dir/MiniOzoneClusterImpl-bceee591-9a40-46aa-b11c-5805cf83e67e/datanode-0/data/ratis/3f8fe7c9-0f78-48f4-9864-186d73de6a8b] INFO  segmented.SegmentedRaftLogWorker (SegmentedRaftLogWorker.java:run(313)) - a0dd9521-a4a3-4dd5-8b72-1a675d264ce6-SegmentedRaftLogWorker:Storage Directory /workdir/hadoop-ozone/ozonefs/target/test-dir/MiniOzoneClusterImpl-bceee591-9a40-46aa-b11c-5805cf83e67e/datanode-0/data/ratis/3f8fe7c9-0f78-48f4-9864-186d73de6a8b was interrupted, exiting. There are 0 tasks remaining in the queue.
2019-09-20 14:16:27,837 [Thread-804] INFO  segmented.SegmentedRaftLogWorker (SegmentedRaftLogWorker.java:close(228)) - ca8d0dbc-d7b9-40b5-b8a6-1ec03291533d-SegmentedRaftLogWorker:Storage Directory /workdir/hadoop-ozone/ozonefs/target/test-dir/MiniOzoneClusterImpl-bceee591-9a40-46aa-b11c-5805cf83e67e/datanode-1/data/ratis/792f9395-746d-43c0-9682-45c22742dd10 close()
2019-09-20 14:16:27,838 [ForkJoinPool.commonPool-worker-1] INFO  segmented.SegmentedRaftLogWorker (SegmentedRaftLogWorker.java:close(228)) - a0dd9521-a4a3-4dd5-8b72-1a675d264ce6-SegmentedRaftLogWorker:Storage Directory /workdir/hadoop-ozone/ozonefs/target/test-dir/MiniOzoneClusterImpl-bceee591-9a40-46aa-b11c-5805cf83e67e/datanode-0/data/ratis/3f8fe7c9-0f78-48f4-9864-186d73de6a8b close()
2019-09-20 14:16:27,840 [de3dee47-223f-471a-94cf-733bf04e3bfa-SegmentedRaftLogWorker:Storage Directory /workdir/hadoop-ozone/ozonefs/target/test-dir/MiniOzoneClusterImpl-bceee591-9a40-46aa-b11c-5805cf83e67e/datanode-2/data/ratis/a691f3e7-1ddd-4318-966c-ac16993cbc09] INFO  segmented.SegmentedRaftLogWorker (SegmentedRaftLogWorker.java:execute(569)) - de3dee47-223f-471a-94cf-733bf04e3bfa-SegmentedRaftLogWorker:Storage Directory /workdir/hadoop-ozone/ozonefs/target/test-dir/MiniOzoneClusterImpl-bceee591-9a40-46aa-b11c-5805cf83e67e/datanode-2/data/ratis/a691f3e7-1ddd-4318-966c-ac16993cbc09: created new log segment /workdir/hadoop-ozone/ozonefs/target/test-dir/MiniOzoneClusterImpl-bceee591-9a40-46aa-b11c-5805cf83e67e/datanode-2/data/ratis/a691f3e7-1ddd-4318-966c-ac16993cbc09/current/log_inprogress_0
2019-09-20 14:16:27,840 [de3dee47-223f-471a-94cf-733bf04e3bfa-SegmentedRaftLogWorker:Storage Directory /workdir/hadoop-ozone/ozonefs/target/test-dir/MiniOzoneClusterImpl-bceee591-9a40-46aa-b11c-5805cf83e67e/datanode-2/data/ratis/52953f57-9726-409d-bc8e-83d18ba28479] INFO  segmented.SegmentedRaftLogWorker (SegmentedRaftLogWorker.java:execute(569)) - de3dee47-223f-471a-94cf-733bf04e3bfa-SegmentedRaftLogWorker:Storage Directory /workdir/hadoop-ozone/ozonefs/target/test-dir/MiniOzoneClusterImpl-bceee591-9a40-46aa-b11c-5805cf83e67e/datanode-2/data/ratis/52953f57-9726-409d-bc8e-83d18ba28479: created new log segment /workdir/hadoop-ozone/ozonefs/target/test-dir/MiniOzoneClusterImpl-bceee591-9a40-46aa-b11c-5805cf83e67e/datanode-2/data/ratis/52953f57-9726-409d-bc8e-83d18ba28479/current/log_inprogress_0
2019-09-20 14:16:27,840 [Thread-804] INFO  impl.RaftServerImpl (RaftServerImpl.java:lambda$shutdown$3(245)) - ca8d0dbc-d7b9-40b5-b8a6-1ec03291533d: shutdown group-E6455A7D087D
2019-09-20 14:16:27,841 [ForkJoinPool.commonPool-worker-1] INFO  impl.RaftServerImpl (RaftServerImpl.java:lambda$shutdown$3(245)) - a0dd9521-a4a3-4dd5-8b72-1a675d264ce6: shutdown group-60F63FB23959
2019-09-20 14:16:27,842 [Thread-804] INFO  util.JmxRegister (JmxRegister.java:unregister(73)) - Successfully un-registered JMX Bean with object name Ratis:service=RaftServer,group=group-E6455A7D087D,id=ca8d0dbc-d7b9-40b5-b8a6-1ec03291533d
2019-09-20 14:16:27,842 [ForkJoinPool.commonPool-worker-1] INFO  util.JmxRegister (JmxRegister.java:unregister(73)) - Successfully un-registered JMX Bean with object name Ratis:service=RaftServer,group=group-60F63FB23959,id=a0dd9521-a4a3-4dd5-8b72-1a675d264ce6
2019-09-20 14:16:27,842 [Thread-804] INFO  impl.RoleInfo (RoleInfo.java:shutdownLeaderState(104)) - ca8d0dbc-d7b9-40b5-b8a6-1ec03291533d: shutdown LeaderState
2019-09-20 14:16:27,843 [ForkJoinPool.commonPool-worker-1] INFO  impl.RoleInfo (RoleInfo.java:shutdownLeaderState(104)) - a0dd9521-a4a3-4dd5-8b72-1a675d264ce6: shutdown LeaderState
2019-09-20 14:16:27,843 [Thread-804] INFO  impl.PendingRequests (PendingRequests.java:sendNotLeaderResponses(202)) - ca8d0dbc-d7b9-40b5-b8a6-1ec03291533d-PendingRequests: sendNotLeaderResponses
2019-09-20 14:16:27,843 [ForkJoinPool.commonPool-worker-1] INFO  impl.PendingRequests (PendingRequests.java:sendNotLeaderResponses(202)) - a0dd9521-a4a3-4dd5-8b72-1a675d264ce6-PendingRequests: sendNotLeaderResponses
2019-09-20 14:16:27,844 [Thread-804] INFO  impl.StateMachineUpdater (StateMachineUpdater.java:stopAndJoin(115)) - StateMachineUpdater:ca8d0dbc-d7b9-40b5-b8a6-1ec03291533d:group-E6455A7D087D: set stopIndex = 0
2019-09-20 14:16:27,844 [ForkJoinPool.commonPool-worker-1] INFO  impl.StateMachineUpdater (StateMachineUpdater.java:stopAndJoin(115)) - StateMachineUpdater:a0dd9521-a4a3-4dd5-8b72-1a675d264ce6:group-60F63FB23959: set stopIndex = 0
2019-09-20 14:16:27,844 [Thread-804] INFO  impl.RaftServerImpl (ServerState.java:close(394)) - ca8d0dbc-d7b9-40b5-b8a6-1ec03291533d:group-E6455A7D087D closes. The last applied log index is 0
2019-09-20 14:16:27,844 [ForkJoinPool.commonPool-worker-1] INFO  impl.RaftServerImpl (ServerState.java:close(394)) - a0dd9521-a4a3-4dd5-8b72-1a675d264ce6:group-60F63FB23959 closes. The last applied log index is 0
2019-09-20 14:16:27,844 [ca8d0dbc-d7b9-40b5-b8a6-1ec03291533d-SegmentedRaftLogWorker:Storage Directory /workdir/hadoop-ozone/ozonefs/target/test-dir/MiniOzoneClusterImpl-bceee591-9a40-46aa-b11c-5805cf83e67e/datanode-1/data/ratis/71b2a21f-78ec-4064-a756-e6455a7d087d] INFO  segmented.SegmentedRaftLogWorker (SegmentedRaftLogWorker.java:run(313)) - ca8d0dbc-d7b9-40b5-b8a6-1ec03291533d-SegmentedRaftLogWorker:Storage Directory /workdir/hadoop-ozone/ozonefs/target/test-dir/MiniOzoneClusterImpl-bceee591-9a40-46aa-b11c-5805cf83e67e/datanode-1/data/ratis/71b2a21f-78ec-4064-a756-e6455a7d087d was interrupted, exiting. There are 0 tasks remaining in the queue.
2019-09-20 14:16:27,845 [a0dd9521-a4a3-4dd5-8b72-1a675d264ce6-SegmentedRaftLogWorker:Storage Directory /workdir/hadoop-ozone/ozonefs/target/test-dir/MiniOzoneClusterImpl-bceee591-9a40-46aa-b11c-5805cf83e67e/datanode-0/data/ratis/804b84c0-26e7-4546-b9e0-60f63fb23959] INFO  segmented.SegmentedRaftLogWorker (SegmentedRaftLogWorker.java:run(313)) - a0dd9521-a4a3-4dd5-8b72-1a675d264ce6-SegmentedRaftLogWorker:Storage Directory /workdir/hadoop-ozone/ozonefs/target/test-dir/MiniOzoneClusterImpl-bceee591-9a40-46aa-b11c-5805cf83e67e/datanode-0/data/ratis/804b84c0-26e7-4546-b9e0-60f63fb23959 was interrupted, exiting. There are 0 tasks remaining in the queue.
2019-09-20 14:16:27,845 [Thread-804] INFO  segmented.SegmentedRaftLogWorker (SegmentedRaftLogWorker.java:close(228)) - ca8d0dbc-d7b9-40b5-b8a6-1ec03291533d-SegmentedRaftLogWorker:Storage Directory /workdir/hadoop-ozone/ozonefs/target/test-dir/MiniOzoneClusterImpl-bceee591-9a40-46aa-b11c-5805cf83e67e/datanode-1/data/ratis/71b2a21f-78ec-4064-a756-e6455a7d087d close()
2019-09-20 14:16:27,845 [ForkJoinPool.commonPool-worker-1] INFO  segmented.SegmentedRaftLogWorker (SegmentedRaftLogWorker.java:close(228)) - a0dd9521-a4a3-4dd5-8b72-1a675d264ce6-SegmentedRaftLogWorker:Storage Directory /workdir/hadoop-ozone/ozonefs/target/test-dir/MiniOzoneClusterImpl-bceee591-9a40-46aa-b11c-5805cf83e67e/datanode-0/data/ratis/804b84c0-26e7-4546-b9e0-60f63fb23959 close()
2019-09-20 14:16:27,846 [Thread-804] INFO  impl.RaftServerImpl (RaftServerImpl.java:lambda$shutdown$3(245)) - ca8d0dbc-d7b9-40b5-b8a6-1ec03291533d: shutdown group-D509C7A0F8FC
2019-09-20 14:16:27,848 [ForkJoinPool.commonPool-worker-1] INFO  impl.RaftServerImpl (RaftServerImpl.java:lambda$shutdown$3(245)) - a0dd9521-a4a3-4dd5-8b72-1a675d264ce6: shutdown group-F192CA306A28
2019-09-20 14:16:27,848 [Thread-804] INFO  util.JmxRegister (JmxRegister.java:unregister(73)) - Successfully un-registered JMX Bean with object name Ratis:service=RaftServer,group=group-D509C7A0F8FC,id=ca8d0dbc-d7b9-40b5-b8a6-1ec03291533d
2019-09-20 14:16:27,848 [ForkJoinPool.commonPool-worker-1] INFO  util.JmxRegister (JmxRegister.java:unregister(73)) - Successfully un-registered JMX Bean with object name Ratis:service=RaftServer,group=group-F192CA306A28,id=a0dd9521-a4a3-4dd5-8b72-1a675d264ce6
2019-09-20 14:16:27,848 [Thread-804] INFO  impl.RoleInfo (RoleInfo.java:shutdownLeaderState(104)) - ca8d0dbc-d7b9-40b5-b8a6-1ec03291533d: shutdown LeaderState
2019-09-20 14:16:27,849 [ForkJoinPool.commonPool-worker-1] INFO  impl.RoleInfo (RoleInfo.java:shutdownLeaderState(104)) - a0dd9521-a4a3-4dd5-8b72-1a675d264ce6: shutdown LeaderState
2019-09-20 14:16:27,849 [Thread-804] INFO  impl.PendingRequests (PendingRequests.java:sendNotLeaderResponses(202)) - ca8d0dbc-d7b9-40b5-b8a6-1ec03291533d-PendingRequests: sendNotLeaderResponses
2019-09-20 14:16:27,849 [ForkJoinPool.commonPool-worker-1] INFO  impl.PendingRequests (PendingRequests.java:sendNotLeaderResponses(202)) - a0dd9521-a4a3-4dd5-8b72-1a675d264ce6-PendingRequests: sendNotLeaderResponses
2019-09-20 14:16:27,850 [Thread-804] INFO  impl.StateMachineUpdater (StateMachineUpdater.java:stopAndJoin(115)) - StateMachineUpdater:ca8d0dbc-d7b9-40b5-b8a6-1ec03291533d:group-D509C7A0F8FC: set stopIndex = 0
2019-09-20 14:16:27,850 [ForkJoinPool.commonPool-worker-1] INFO  impl.StateMachineUpdater (StateMachineUpdater.java:stopAndJoin(115)) - StateMachineUpdater:a0dd9521-a4a3-4dd5-8b72-1a675d264ce6:group-F192CA306A28: set stopIndex = 0
2019-09-20 14:16:27,850 [Thread-804] INFO  impl.RaftServerImpl (ServerState.java:close(394)) - ca8d0dbc-d7b9-40b5-b8a6-1ec03291533d:group-D509C7A0F8FC closes. The last applied log index is 0
2019-09-20 14:16:27,850 [ForkJoinPool.commonPool-worker-1] INFO  impl.RaftServerImpl (ServerState.java:close(394)) - a0dd9521-a4a3-4dd5-8b72-1a675d264ce6:group-F192CA306A28 closes. The last applied log index is 0
2019-09-20 14:16:27,851 [ca8d0dbc-d7b9-40b5-b8a6-1ec03291533d-SegmentedRaftLogWorker:Storage Directory /workdir/hadoop-ozone/ozonefs/target/test-dir/MiniOzoneClusterImpl-bceee591-9a40-46aa-b11c-5805cf83e67e/datanode-1/data/ratis/848b1150-16df-4f2f-a15e-d509c7a0f8fc] INFO  segmented.SegmentedRaftLogWorker (SegmentedRaftLogWorker.java:run(313)) - ca8d0dbc-d7b9-40b5-b8a6-1ec03291533d-SegmentedRaftLogWorker:Storage Directory /workdir/hadoop-ozone/ozonefs/target/test-dir/MiniOzoneClusterImpl-bceee591-9a40-46aa-b11c-5805cf83e67e/datanode-1/data/ratis/848b1150-16df-4f2f-a15e-d509c7a0f8fc was interrupted, exiting. There are 0 tasks remaining in the queue.
2019-09-20 14:16:27,851 [a0dd9521-a4a3-4dd5-8b72-1a675d264ce6-SegmentedRaftLogWorker:Storage Directory /workdir/hadoop-ozone/ozonefs/target/test-dir/MiniOzoneClusterImpl-bceee591-9a40-46aa-b11c-5805cf83e67e/datanode-0/data/ratis/a45cdcb3-3bff-48c3-8760-f192ca306a28] INFO  segmented.SegmentedRaftLogWorker (SegmentedRaftLogWorker.java:run(313)) - a0dd9521-a4a3-4dd5-8b72-1a675d264ce6-SegmentedRaftLogWorker:Storage Directory /workdir/hadoop-ozone/ozonefs/target/test-dir/MiniOzoneClusterImpl-bceee591-9a40-46aa-b11c-5805cf83e67e/datanode-0/data/ratis/a45cdcb3-3bff-48c3-8760-f192ca306a28 was interrupted, exiting. There are 0 tasks remaining in the queue.
2019-09-20 14:16:27,851 [Thread-804] INFO  segmented.SegmentedRaftLogWorker (SegmentedRaftLogWorker.java:close(228)) - ca8d0dbc-d7b9-40b5-b8a6-1ec03291533d-SegmentedRaftLogWorker:Storage Directory /workdir/hadoop-ozone/ozonefs/target/test-dir/MiniOzoneClusterImpl-bceee591-9a40-46aa-b11c-5805cf83e67e/datanode-1/data/ratis/848b1150-16df-4f2f-a15e-d509c7a0f8fc close()
2019-09-20 14:16:27,851 [ForkJoinPool.commonPool-worker-1] INFO  segmented.SegmentedRaftLogWorker (SegmentedRaftLogWorker.java:close(228)) - a0dd9521-a4a3-4dd5-8b72-1a675d264ce6-SegmentedRaftLogWorker:Storage Directory /workdir/hadoop-ozone/ozonefs/target/test-dir/MiniOzoneClusterImpl-bceee591-9a40-46aa-b11c-5805cf83e67e/datanode-0/data/ratis/a45cdcb3-3bff-48c3-8760-f192ca306a28 close()
2019-09-20 14:16:27,853 [Thread-804] INFO  impl.RaftServerImpl (RaftServerImpl.java:lambda$shutdown$3(245)) - ca8d0dbc-d7b9-40b5-b8a6-1ec03291533d: shutdown group-113548003A19
2019-09-20 14:16:27,854 [ForkJoinPool.commonPool-worker-1] INFO  impl.RaftServerImpl (RaftServerImpl.java:lambda$shutdown$3(245)) - a0dd9521-a4a3-4dd5-8b72-1a675d264ce6: shutdown group-8FC665219536
2019-09-20 14:16:27,854 [Thread-804] INFO  util.JmxRegister (JmxRegister.java:unregister(73)) - Successfully un-registered JMX Bean with object name Ratis:service=RaftServer,group=group-113548003A19,id=ca8d0dbc-d7b9-40b5-b8a6-1ec03291533d
2019-09-20 14:16:27,855 [Thread-804] INFO  impl.RoleInfo (RoleInfo.java:shutdownLeaderState(104)) - ca8d0dbc-d7b9-40b5-b8a6-1ec03291533d: shutdown LeaderState
2019-09-20 14:16:27,855 [ForkJoinPool.commonPool-worker-1] INFO  util.JmxRegister (JmxRegister.java:unregister(73)) - Successfully un-registered JMX Bean with object name Ratis:service=RaftServer,group=group-8FC665219536,id=a0dd9521-a4a3-4dd5-8b72-1a675d264ce6
2019-09-20 14:16:27,855 [Thread-804] INFO  impl.PendingRequests (PendingRequests.java:sendNotLeaderResponses(202)) - ca8d0dbc-d7b9-40b5-b8a6-1ec03291533d-PendingRequests: sendNotLeaderResponses
2019-09-20 14:16:27,855 [Thread-1028] INFO  impl.FollowerState (FollowerState.java:run(106)) - de3dee47-223f-471a-94cf-733bf04e3bfa:group-2FC00D84C472 changes to CANDIDATE, lastRpcTime:5114, electionTimeout:5114ms
2019-09-20 14:16:27,855 [ForkJoinPool.commonPool-worker-1] INFO  impl.RoleInfo (RoleInfo.java:shutdownLeaderState(104)) - a0dd9521-a4a3-4dd5-8b72-1a675d264ce6: shutdown LeaderState
2019-09-20 14:16:27,856 [Thread-1028] INFO  impl.RoleInfo (RoleInfo.java:shutdownFollowerState(121)) - de3dee47-223f-471a-94cf-733bf04e3bfa: shutdown FollowerState
2019-09-20 14:16:27,856 [Thread-804] INFO  impl.StateMachineUpdater (StateMachineUpdater.java:stopAndJoin(115)) - StateMachineUpdater:ca8d0dbc-d7b9-40b5-b8a6-1ec03291533d:group-113548003A19: set stopIndex = 0
2019-09-20 14:16:27,856 [Thread-804] INFO  impl.RaftServerImpl (ServerState.java:close(394)) - ca8d0dbc-d7b9-40b5-b8a6-1ec03291533d:group-113548003A19 closes. The last applied log index is 0
2019-09-20 14:16:27,856 [Thread-1028] INFO  impl.RaftServerImpl (RaftServerImpl.java:setRole(171)) - de3dee47-223f-471a-94cf-733bf04e3bfa:group-2FC00D84C472 changes role from FOLLOWER to CANDIDATE at term 0 for changeToCandidate
2019-09-20 14:16:27,857 [ca8d0dbc-d7b9-40b5-b8a6-1ec03291533d-SegmentedRaftLogWorker:Storage Directory /workdir/hadoop-ozone/ozonefs/target/test-dir/MiniOzoneClusterImpl-bceee591-9a40-46aa-b11c-5805cf83e67e/datanode-1/data/ratis/2b98d471-7dcb-4b13-870d-113548003a19] INFO  segmented.SegmentedRaftLogWorker (SegmentedRaftLogWorker.java:run(313)) - ca8d0dbc-d7b9-40b5-b8a6-1ec03291533d-SegmentedRaftLogWorker:Storage Directory /workdir/hadoop-ozone/ozonefs/target/test-dir/MiniOzoneClusterImpl-bceee591-9a40-46aa-b11c-5805cf83e67e/datanode-1/data/ratis/2b98d471-7dcb-4b13-870d-113548003a19 was interrupted, exiting. There are 0 tasks remaining in the queue.
2019-09-20 14:16:27,856 [ForkJoinPool.commonPool-worker-1] INFO  impl.PendingRequests (PendingRequests.java:sendNotLeaderResponses(202)) - a0dd9521-a4a3-4dd5-8b72-1a675d264ce6-PendingRequests: sendNotLeaderResponses
2019-09-20 14:16:27,857 [Thread-804] INFO  segmented.SegmentedRaftLogWorker (SegmentedRaftLogWorker.java:close(228)) - ca8d0dbc-d7b9-40b5-b8a6-1ec03291533d-SegmentedRaftLogWorker:Storage Directory /workdir/hadoop-ozone/ozonefs/target/test-dir/MiniOzoneClusterImpl-bceee591-9a40-46aa-b11c-5805cf83e67e/datanode-1/data/ratis/2b98d471-7dcb-4b13-870d-113548003a19 close()
2019-09-20 14:16:27,857 [Thread-1028] INFO  impl.RoleInfo (RoleInfo.java:updateAndGet(143)) - de3dee47-223f-471a-94cf-733bf04e3bfa: start LeaderElection
2019-09-20 14:16:27,859 [Thread-804] INFO  impl.RaftServerImpl (RaftServerImpl.java:lambda$shutdown$3(245)) - ca8d0dbc-d7b9-40b5-b8a6-1ec03291533d: shutdown group-B3B10882026F
2019-09-20 14:16:27,857 [ForkJoinPool.commonPool-worker-1] INFO  impl.StateMachineUpdater (StateMachineUpdater.java:stopAndJoin(115)) - StateMachineUpdater:a0dd9521-a4a3-4dd5-8b72-1a675d264ce6:group-8FC665219536: set stopIndex = 0
2019-09-20 14:16:27,861 [Thread-804] INFO  util.JmxRegister (JmxRegister.java:unregister(73)) - Successfully un-registered JMX Bean with object name Ratis:service=RaftServer,group=group-B3B10882026F,id=ca8d0dbc-d7b9-40b5-b8a6-1ec03291533d
2019-09-20 14:16:27,861 [Thread-804] INFO  impl.RoleInfo (RoleInfo.java:shutdownLeaderState(104)) - ca8d0dbc-d7b9-40b5-b8a6-1ec03291533d: shutdown LeaderState
2019-09-20 14:16:27,861 [ForkJoinPool.commonPool-worker-1] INFO  impl.RaftServerImpl (ServerState.java:close(394)) - a0dd9521-a4a3-4dd5-8b72-1a675d264ce6:group-8FC665219536 closes. The last applied log index is 0
2019-09-20 14:16:27,861 [Thread-804] INFO  impl.PendingRequests (PendingRequests.java:sendNotLeaderResponses(202)) - ca8d0dbc-d7b9-40b5-b8a6-1ec03291533d-PendingRequests: sendNotLeaderResponses
2019-09-20 14:16:27,862 [a0dd9521-a4a3-4dd5-8b72-1a675d264ce6-SegmentedRaftLogWorker:Storage Directory /workdir/hadoop-ozone/ozonefs/target/test-dir/MiniOzoneClusterImpl-bceee591-9a40-46aa-b11c-5805cf83e67e/datanode-0/data/ratis/4fbe39c0-1d30-4cd1-a0b7-8fc665219536] INFO  segmented.SegmentedRaftLogWorker (SegmentedRaftLogWorker.java:run(313)) - a0dd9521-a4a3-4dd5-8b72-1a675d264ce6-SegmentedRaftLogWorker:Storage Directory /workdir/hadoop-ozone/ozonefs/target/test-dir/MiniOzoneClusterImpl-bceee591-9a40-46aa-b11c-5805cf83e67e/datanode-0/data/ratis/4fbe39c0-1d30-4cd1-a0b7-8fc665219536 was interrupted, exiting. There are 0 tasks remaining in the queue.
2019-09-20 14:16:27,862 [Thread-804] INFO  impl.StateMachineUpdater (StateMachineUpdater.java:stopAndJoin(115)) - StateMachineUpdater:ca8d0dbc-d7b9-40b5-b8a6-1ec03291533d:group-B3B10882026F: set stopIndex = 0
2019-09-20 14:16:27,862 [ForkJoinPool.commonPool-worker-1] INFO  segmented.SegmentedRaftLogWorker (SegmentedRaftLogWorker.java:close(228)) - a0dd9521-a4a3-4dd5-8b72-1a675d264ce6-SegmentedRaftLogWorker:Storage Directory /workdir/hadoop-ozone/ozonefs/target/test-dir/MiniOzoneClusterImpl-bceee591-9a40-46aa-b11c-5805cf83e67e/datanode-0/data/ratis/4fbe39c0-1d30-4cd1-a0b7-8fc665219536 close()
2019-09-20 14:16:27,862 [Thread-804] INFO  impl.RaftServerImpl (ServerState.java:close(394)) - ca8d0dbc-d7b9-40b5-b8a6-1ec03291533d:group-B3B10882026F closes. The last applied log index is 0
2019-09-20 14:16:27,864 [ForkJoinPool.commonPool-worker-1] INFO  impl.RaftServerImpl (RaftServerImpl.java:lambda$shutdown$3(245)) - a0dd9521-a4a3-4dd5-8b72-1a675d264ce6: shutdown group-54717F9B0EEB
2019-09-20 14:16:27,864 [ca8d0dbc-d7b9-40b5-b8a6-1ec03291533d-SegmentedRaftLogWorker:Storage Directory /workdir/hadoop-ozone/ozonefs/target/test-dir/MiniOzoneClusterImpl-bceee591-9a40-46aa-b11c-5805cf83e67e/datanode-1/data/ratis/4a878540-ba09-4fbd-881d-b3b10882026f] INFO  segmented.SegmentedRaftLogWorker (SegmentedRaftLogWorker.java:run(313)) - ca8d0dbc-d7b9-40b5-b8a6-1ec03291533d-SegmentedRaftLogWorker:Storage Directory /workdir/hadoop-ozone/ozonefs/target/test-dir/MiniOzoneClusterImpl-bceee591-9a40-46aa-b11c-5805cf83e67e/datanode-1/data/ratis/4a878540-ba09-4fbd-881d-b3b10882026f was interrupted, exiting. There are 0 tasks remaining in the queue.
2019-09-20 14:16:27,864 [ForkJoinPool.commonPool-worker-1] INFO  util.JmxRegister (JmxRegister.java:unregister(73)) - Successfully un-registered JMX Bean with object name Ratis:service=RaftServer,group=group-54717F9B0EEB,id=a0dd9521-a4a3-4dd5-8b72-1a675d264ce6
2019-09-20 14:16:27,864 [Thread-804] INFO  segmented.SegmentedRaftLogWorker (SegmentedRaftLogWorker.java:close(228)) - ca8d0dbc-d7b9-40b5-b8a6-1ec03291533d-SegmentedRaftLogWorker:Storage Directory /workdir/hadoop-ozone/ozonefs/target/test-dir/MiniOzoneClusterImpl-bceee591-9a40-46aa-b11c-5805cf83e67e/datanode-1/data/ratis/4a878540-ba09-4fbd-881d-b3b10882026f close()
2019-09-20 14:16:27,865 [ForkJoinPool.commonPool-worker-1] INFO  impl.RoleInfo (RoleInfo.java:shutdownLeaderState(104)) - a0dd9521-a4a3-4dd5-8b72-1a675d264ce6: shutdown LeaderState
2019-09-20 14:16:27,866 [Thread-804] INFO  impl.RaftServerImpl (RaftServerImpl.java:lambda$shutdown$3(245)) - ca8d0dbc-d7b9-40b5-b8a6-1ec03291533d: shutdown group-088B08B19C69
2019-09-20 14:16:27,866 [ForkJoinPool.commonPool-worker-1] INFO  impl.PendingRequests (PendingRequests.java:sendNotLeaderResponses(202)) - a0dd9521-a4a3-4dd5-8b72-1a675d264ce6-PendingRequests: sendNotLeaderResponses
2019-09-20 14:16:27,867 [Thread-804] INFO  util.JmxRegister (JmxRegister.java:unregister(73)) - Successfully un-registered JMX Bean with object name Ratis:service=RaftServer,group=group-088B08B19C69,id=ca8d0dbc-d7b9-40b5-b8a6-1ec03291533d
2019-09-20 14:16:27,867 [ForkJoinPool.commonPool-worker-1] INFO  impl.StateMachineUpdater (StateMachineUpdater.java:stopAndJoin(115)) - StateMachineUpdater:a0dd9521-a4a3-4dd5-8b72-1a675d264ce6:group-54717F9B0EEB: set stopIndex = 0
2019-09-20 14:16:27,867 [Thread-804] INFO  impl.RoleInfo (RoleInfo.java:shutdownLeaderState(104)) - ca8d0dbc-d7b9-40b5-b8a6-1ec03291533d: shutdown LeaderState
2019-09-20 14:16:27,867 [ForkJoinPool.commonPool-worker-1] INFO  impl.RaftServerImpl (ServerState.java:close(394)) - a0dd9521-a4a3-4dd5-8b72-1a675d264ce6:group-54717F9B0EEB closes. The last applied log index is 0
2019-09-20 14:16:27,868 [Thread-804] INFO  impl.PendingRequests (PendingRequests.java:sendNotLeaderResponses(202)) - ca8d0dbc-d7b9-40b5-b8a6-1ec03291533d-PendingRequests: sendNotLeaderResponses
2019-09-20 14:16:27,868 [a0dd9521-a4a3-4dd5-8b72-1a675d264ce6-SegmentedRaftLogWorker:Storage Directory /workdir/hadoop-ozone/ozonefs/target/test-dir/MiniOzoneClusterImpl-bceee591-9a40-46aa-b11c-5805cf83e67e/datanode-0/data/ratis/2a4f1592-b88b-4b29-bbb4-54717f9b0eeb] INFO  segmented.SegmentedRaftLogWorker (SegmentedRaftLogWorker.java:run(313)) - a0dd9521-a4a3-4dd5-8b72-1a675d264ce6-SegmentedRaftLogWorker:Storage Directory /workdir/hadoop-ozone/ozonefs/target/test-dir/MiniOzoneClusterImpl-bceee591-9a40-46aa-b11c-5805cf83e67e/datanode-0/data/ratis/2a4f1592-b88b-4b29-bbb4-54717f9b0eeb was interrupted, exiting. There are 0 tasks remaining in the queue.
2019-09-20 14:16:27,868 [Thread-804] INFO  impl.StateMachineUpdater (StateMachineUpdater.java:stopAndJoin(115)) - StateMachineUpdater:ca8d0dbc-d7b9-40b5-b8a6-1ec03291533d:group-088B08B19C69: set stopIndex = 0
2019-09-20 14:16:27,869 [ForkJoinPool.commonPool-worker-1] INFO  segmented.SegmentedRaftLogWorker (SegmentedRaftLogWorker.java:close(228)) - a0dd9521-a4a3-4dd5-8b72-1a675d264ce6-SegmentedRaftLogWorker:Storage Directory /workdir/hadoop-ozone/ozonefs/target/test-dir/MiniOzoneClusterImpl-bceee591-9a40-46aa-b11c-5805cf83e67e/datanode-0/data/ratis/2a4f1592-b88b-4b29-bbb4-54717f9b0eeb close()
2019-09-20 14:16:27,869 [Thread-804] INFO  impl.RaftServerImpl (ServerState.java:close(394)) - ca8d0dbc-d7b9-40b5-b8a6-1ec03291533d:group-088B08B19C69 closes. The last applied log index is 0
2019-09-20 14:16:27,870 [ForkJoinPool.commonPool-worker-1] INFO  impl.RaftServerImpl (RaftServerImpl.java:lambda$shutdown$3(245)) - a0dd9521-a4a3-4dd5-8b72-1a675d264ce6: shutdown group-4AB1BF63E0C8
2019-09-20 14:16:27,871 [ca8d0dbc-d7b9-40b5-b8a6-1ec03291533d-SegmentedRaftLogWorker:Storage Directory /workdir/hadoop-ozone/ozonefs/target/test-dir/MiniOzoneClusterImpl-bceee591-9a40-46aa-b11c-5805cf83e67e/datanode-1/data/ratis/d89a62fa-12c5-485a-8141-088b08b19c69] INFO  segmented.SegmentedRaftLogWorker (SegmentedRaftLogWorker.java:run(313)) - ca8d0dbc-d7b9-40b5-b8a6-1ec03291533d-SegmentedRaftLogWorker:Storage Directory /workdir/hadoop-ozone/ozonefs/target/test-dir/MiniOzoneClusterImpl-bceee591-9a40-46aa-b11c-5805cf83e67e/datanode-1/data/ratis/d89a62fa-12c5-485a-8141-088b08b19c69 was interrupted, exiting. There are 0 tasks remaining in the queue.
2019-09-20 14:16:27,871 [ForkJoinPool.commonPool-worker-1] INFO  util.JmxRegister (JmxRegister.java:unregister(73)) - Successfully un-registered JMX Bean with object name Ratis:service=RaftServer,group=group-4AB1BF63E0C8,id=a0dd9521-a4a3-4dd5-8b72-1a675d264ce6
2019-09-20 14:16:27,871 [Thread-804] INFO  segmented.SegmentedRaftLogWorker (SegmentedRaftLogWorker.java:close(228)) - ca8d0dbc-d7b9-40b5-b8a6-1ec03291533d-SegmentedRaftLogWorker:Storage Directory /workdir/hadoop-ozone/ozonefs/target/test-dir/MiniOzoneClusterImpl-bceee591-9a40-46aa-b11c-5805cf83e67e/datanode-1/data/ratis/d89a62fa-12c5-485a-8141-088b08b19c69 close()
2019-09-20 14:16:27,871 [ForkJoinPool.commonPool-worker-1] INFO  impl.RoleInfo (RoleInfo.java:shutdownLeaderState(104)) - a0dd9521-a4a3-4dd5-8b72-1a675d264ce6: shutdown LeaderState
2019-09-20 14:16:27,873 [Thread-804] INFO  server.GrpcService (GrpcService.java:closeImpl(155)) - ca8d0dbc-d7b9-40b5-b8a6-1ec03291533d: shutdown server with port 36906 now
2019-09-20 14:16:27,873 [ForkJoinPool.commonPool-worker-1] INFO  impl.PendingRequests (PendingRequests.java:sendNotLeaderResponses(202)) - a0dd9521-a4a3-4dd5-8b72-1a675d264ce6-PendingRequests: sendNotLeaderResponses
2019-09-20 14:16:27,873 [ForkJoinPool.commonPool-worker-1] INFO  impl.StateMachineUpdater (StateMachineUpdater.java:stopAndJoin(115)) - StateMachineUpdater:a0dd9521-a4a3-4dd5-8b72-1a675d264ce6:group-4AB1BF63E0C8: set stopIndex = 0
2019-09-20 14:16:27,875 [ForkJoinPool.commonPool-worker-1] INFO  impl.RaftServerImpl (ServerState.java:close(394)) - a0dd9521-a4a3-4dd5-8b72-1a675d264ce6:group-4AB1BF63E0C8 closes. The last applied log index is 0
2019-09-20 14:16:27,875 [Thread-804] INFO  server.GrpcService (GrpcService.java:closeImpl(163)) - ca8d0dbc-d7b9-40b5-b8a6-1ec03291533d: shutdown server with port 36906 successfully
2019-09-20 14:16:27,875 [a0dd9521-a4a3-4dd5-8b72-1a675d264ce6-SegmentedRaftLogWorker:Storage Directory /workdir/hadoop-ozone/ozonefs/target/test-dir/MiniOzoneClusterImpl-bceee591-9a40-46aa-b11c-5805cf83e67e/datanode-0/data/ratis/f5b29b62-2061-4e7d-893c-4ab1bf63e0c8] INFO  segmented.SegmentedRaftLogWorker (SegmentedRaftLogWorker.java:run(313)) - a0dd9521-a4a3-4dd5-8b72-1a675d264ce6-SegmentedRaftLogWorker:Storage Directory /workdir/hadoop-ozone/ozonefs/target/test-dir/MiniOzoneClusterImpl-bceee591-9a40-46aa-b11c-5805cf83e67e/datanode-0/data/ratis/f5b29b62-2061-4e7d-893c-4ab1bf63e0c8 was interrupted, exiting. There are 0 tasks remaining in the queue.
2019-09-20 14:16:27,876 [ForkJoinPool.commonPool-worker-1] INFO  segmented.SegmentedRaftLogWorker (SegmentedRaftLogWorker.java:close(228)) - a0dd9521-a4a3-4dd5-8b72-1a675d264ce6-SegmentedRaftLogWorker:Storage Directory /workdir/hadoop-ozone/ozonefs/target/test-dir/MiniOzoneClusterImpl-bceee591-9a40-46aa-b11c-5805cf83e67e/datanode-0/data/ratis/f5b29b62-2061-4e7d-893c-4ab1bf63e0c8 close()
2019-09-20 14:16:27,877 [ForkJoinPool.commonPool-worker-1] INFO  server.GrpcService (GrpcService.java:closeImpl(155)) - a0dd9521-a4a3-4dd5-8b72-1a675d264ce6: shutdown server with port 33314 now
2019-09-20 14:16:27,878 [Thread-804] INFO  utils.BackgroundService (BackgroundService.java:shutdown(148)) - Shutting down service BlockDeletingService
2019-09-20 14:16:27,879 [ForkJoinPool.commonPool-worker-1] INFO  server.GrpcService (GrpcService.java:closeImpl(163)) - a0dd9521-a4a3-4dd5-8b72-1a675d264ce6: shutdown server with port 33314 successfully
2019-09-20 14:16:27,880 [refreshUsed-/workdir/hadoop-ozone/ozonefs/target/test-dir/MiniOzoneClusterImpl-bceee591-9a40-46aa-b11c-5805cf83e67e/datanode-1/data/containers] WARN  fs.CachingGetSpaceUsed (CachingGetSpaceUsed.java:run(183)) - Thread Interrupted waiting to refresh disk information: sleep interrupted
2019-09-20 14:16:27,880 [ForkJoinPool.commonPool-worker-1] INFO  utils.BackgroundService (BackgroundService.java:shutdown(148)) - Shutting down service BlockDeletingService
2019-09-20 14:16:27,883 [refreshUsed-/workdir/hadoop-ozone/ozonefs/target/test-dir/MiniOzoneClusterImpl-bceee591-9a40-46aa-b11c-5805cf83e67e/datanode-0/data/containers] WARN  fs.CachingGetSpaceUsed (CachingGetSpaceUsed.java:run(183)) - Thread Interrupted waiting to refresh disk information: sleep interrupted
2019-09-20 14:16:27,890 [de3dee47-223f-471a-94cf-733bf04e3bfa:group-2FC00D84C472:LeaderElection70] INFO  impl.LeaderElection (LeaderElection.java:askForVotes(181)) - de3dee47-223f-471a-94cf-733bf04e3bfa:group-2FC00D84C472:LeaderElection70: begin an election at term 1 for -1: [de3dee47-223f-471a-94cf-733bf04e3bfa:192.168.36.99:36983], old=null
2019-09-20 14:16:27,891 [de3dee47-223f-471a-94cf-733bf04e3bfa:group-2FC00D84C472:LeaderElection70] INFO  impl.RoleInfo (RoleInfo.java:shutdownLeaderElection(134)) - de3dee47-223f-471a-94cf-733bf04e3bfa: shutdown LeaderElection
2019-09-20 14:16:27,891 [de3dee47-223f-471a-94cf-733bf04e3bfa:group-2FC00D84C472:LeaderElection70] INFO  impl.RaftServerImpl (RaftServerImpl.java:setRole(171)) - de3dee47-223f-471a-94cf-733bf04e3bfa:group-2FC00D84C472 changes role from CANDIDATE to LEADER at term 1 for changeToLeader
2019-09-20 14:16:27,891 [de3dee47-223f-471a-94cf-733bf04e3bfa:group-2FC00D84C472:LeaderElection70] INFO  impl.RaftServerImpl (ServerState.java:setLeader(263)) - de3dee47-223f-471a-94cf-733bf04e3bfa:group-2FC00D84C472 change Leader from null to de3dee47-223f-471a-94cf-733bf04e3bfa at term 1 for becomeLeader, leader elected after 5154ms
2019-09-20 14:16:27,891 [de3dee47-223f-471a-94cf-733bf04e3bfa:group-2FC00D84C472:LeaderElection70] INFO  server.RaftServerConfigKeys (ConfUtils.java:logGet(43)) - raft.server.staging.catchup.gap = 1000 (default)
2019-09-20 14:16:27,891 [de3dee47-223f-471a-94cf-733bf04e3bfa:group-2FC00D84C472:LeaderElection70] INFO  server.RaftServerConfigKeys (ConfUtils.java:logGet(43)) - raft.server.rpc.sleep.time = 25ms (default)
2019-09-20 14:16:27,891 [de3dee47-223f-471a-94cf-733bf04e3bfa:group-2FC00D84C472:LeaderElection70] INFO  server.RaftServerConfigKeys (ConfUtils.java:logGet(43)) - raft.server.write.element-limit = 4096 (default)
2019-09-20 14:16:27,892 [de3dee47-223f-471a-94cf-733bf04e3bfa:group-2FC00D84C472:LeaderElection70] INFO  server.RaftServerConfigKeys (ConfUtils.java:logGet(43)) - raft.server.watch.timeout = 10s (default)
2019-09-20 14:16:27,892 [de3dee47-223f-471a-94cf-733bf04e3bfa:group-2FC00D84C472:LeaderElection70] INFO  server.RaftServerConfigKeys (ConfUtils.java:logGet(43)) - raft.server.watch.timeout.denomination = 1s (default)
2019-09-20 14:16:27,892 [de3dee47-223f-471a-94cf-733bf04e3bfa:group-2FC00D84C472:LeaderElection70] INFO  server.RaftServerConfigKeys (ConfUtils.java:logGet(43)) - raft.server.watch.element-limit = 65536 (default)
2019-09-20 14:16:27,892 [de3dee47-223f-471a-94cf-733bf04e3bfa:group-2FC00D84C472:LeaderElection70] INFO  impl.RoleInfo (RoleInfo.java:updateAndGet(143)) - de3dee47-223f-471a-94cf-733bf04e3bfa: start LeaderState
2019-09-20 14:16:27,893 [de3dee47-223f-471a-94cf-733bf04e3bfa:group-2FC00D84C472:LeaderElection70] INFO  segmented.SegmentedRaftLogWorker (SegmentedRaftLogWorker.java:startLogSegment(380)) - de3dee47-223f-471a-94cf-733bf04e3bfa-SegmentedRaftLogWorker:Storage Directory /workdir/hadoop-ozone/ozonefs/target/test-dir/MiniOzoneClusterImpl-bceee591-9a40-46aa-b11c-5805cf83e67e/datanode-2/data/ratis/5380d445-d724-46ff-8b58-2fc00d84c472: Starting segment from index:0
2019-09-20 14:16:27,893 [de3dee47-223f-471a-94cf-733bf04e3bfa:group-2FC00D84C472:LeaderElection70] INFO  impl.RaftServerImpl (ServerState.java:setRaftConf(361)) - de3dee47-223f-471a-94cf-733bf04e3bfa:group-2FC00D84C472 set configuration 0: [de3dee47-223f-471a-94cf-733bf04e3bfa:192.168.36.99:36983], old=null at 0
2019-09-20 14:16:27,929 [ForkJoinPool.commonPool-worker-1] INFO  statemachine.DatanodeStateMachine (DatanodeStateMachine.java:stopDaemon(395)) - Ozone container server stopped.
2019-09-20 14:16:27,933 [ForkJoinPool.commonPool-worker-1] INFO  handler.ContextHandler (ContextHandler.java:doStop(910)) - Stopped o.e.j.w.WebAppContext@48749221{/,null,UNAVAILABLE}{/hddsDatanode}
2019-09-20 14:16:27,934 [ForkJoinPool.commonPool-worker-1] INFO  server.AbstractConnector (AbstractConnector.java:doStop(318)) - Stopped ServerConnector@18312cb9{HTTP/1.1,[http/1.1]}{0.0.0.0:0}
2019-09-20 14:16:27,935 [ForkJoinPool.commonPool-worker-1] INFO  handler.ContextHandler (ContextHandler.java:doStop(910)) - Stopped o.e.j.s.ServletContextHandler@6c1094e2{/static,jar:file:/home/user/.m2/repository/org/apache/hadoop/hadoop-hdds-container-service/0.5.0-SNAPSHOT/hadoop-hdds-container-service-0.5.0-SNAPSHOT.jar!/webapps/static,UNAVAILABLE}
2019-09-20 14:16:27,936 [ForkJoinPool.commonPool-worker-1] INFO  handler.ContextHandler (ContextHandler.java:doStop(910)) - Stopped o.e.j.s.ServletContextHandler@1ebceed8{/logs,file:///workdir/hadoop-ozone/ozonefs/target/log,UNAVAILABLE}
2019-09-20 14:16:27,938 [ForkJoinPool.commonPool-worker-1] INFO  datanode.ObjectStoreHandler (ObjectStoreHandler.java:close(155)) - Closing ObjectStoreHandler.
2019-09-20 14:16:27,938 [ForkJoinPool.commonPool-worker-1] INFO  ozone.HddsDatanodeService (HddsDatanodeService.java:stop(451)) - Stopped plug-in org.apache.hadoop.ozone.web.OzoneHddsDatanodeService@7f29bc7c
2019-09-20 14:16:27,941 [Thread-804] INFO  statemachine.DatanodeStateMachine (DatanodeStateMachine.java:stopDaemon(395)) - Ozone container server stopped.
2019-09-20 14:16:27,942 [Thread-804] INFO  handler.ContextHandler (ContextHandler.java:doStop(910)) - Stopped o.e.j.w.WebAppContext@5ffc45c2{/,null,UNAVAILABLE}{/hddsDatanode}
2019-09-20 14:16:27,942 [Thread-804] INFO  server.AbstractConnector (AbstractConnector.java:doStop(318)) - Stopped ServerConnector@13452c7a{HTTP/1.1,[http/1.1]}{0.0.0.0:0}
2019-09-20 14:16:27,943 [Thread-804] INFO  handler.ContextHandler (ContextHandler.java:doStop(910)) - Stopped o.e.j.s.ServletContextHandler@2de457c5{/static,jar:file:/home/user/.m2/repository/org/apache/hadoop/hadoop-hdds-container-service/0.5.0-SNAPSHOT/hadoop-hdds-container-service-0.5.0-SNAPSHOT.jar!/webapps/static,UNAVAILABLE}
2019-09-20 14:16:27,943 [Thread-804] INFO  handler.ContextHandler (ContextHandler.java:doStop(910)) - Stopped o.e.j.s.ServletContextHandler@48643845{/logs,file:///workdir/hadoop-ozone/ozonefs/target/log,UNAVAILABLE}
2019-09-20 14:16:27,958 [de3dee47-223f-471a-94cf-733bf04e3bfa-SegmentedRaftLogWorker:Storage Directory /workdir/hadoop-ozone/ozonefs/target/test-dir/MiniOzoneClusterImpl-bceee591-9a40-46aa-b11c-5805cf83e67e/datanode-2/data/ratis/5380d445-d724-46ff-8b58-2fc00d84c472] INFO  segmented.SegmentedRaftLogWorker (SegmentedRaftLogWorker.java:execute(569)) - de3dee47-223f-471a-94cf-733bf04e3bfa-SegmentedRaftLogWorker:Storage Directory /workdir/hadoop-ozone/ozonefs/target/test-dir/MiniOzoneClusterImpl-bceee591-9a40-46aa-b11c-5805cf83e67e/datanode-2/data/ratis/5380d445-d724-46ff-8b58-2fc00d84c472: created new log segment /workdir/hadoop-ozone/ozonefs/target/test-dir/MiniOzoneClusterImpl-bceee591-9a40-46aa-b11c-5805cf83e67e/datanode-2/data/ratis/5380d445-d724-46ff-8b58-2fc00d84c472/current/log_inprogress_0
2019-09-20 14:16:27,972 [Thread-1031] INFO  impl.FollowerState (FollowerState.java:run(106)) - de3dee47-223f-471a-94cf-733bf04e3bfa:group-88730C160D2A changes to CANDIDATE, lastRpcTime:5171, electionTimeout:5171ms
2019-09-20 14:16:27,972 [Thread-1031] INFO  impl.RoleInfo (RoleInfo.java:shutdownFollowerState(121)) - de3dee47-223f-471a-94cf-733bf04e3bfa: shutdown FollowerState
2019-09-20 14:16:27,972 [Thread-1031] INFO  impl.RaftServerImpl (RaftServerImpl.java:setRole(171)) - de3dee47-223f-471a-94cf-733bf04e3bfa:group-88730C160D2A changes role from FOLLOWER to CANDIDATE at term 0 for changeToCandidate
2019-09-20 14:16:27,972 [Thread-1031] INFO  impl.RoleInfo (RoleInfo.java:updateAndGet(143)) - de3dee47-223f-471a-94cf-733bf04e3bfa: start LeaderElection
2019-09-20 14:16:27,991 [de3dee47-223f-471a-94cf-733bf04e3bfa:group-88730C160D2A:LeaderElection71] INFO  impl.LeaderElection (LeaderElection.java:askForVotes(181)) - de3dee47-223f-471a-94cf-733bf04e3bfa:group-88730C160D2A:LeaderElection71: begin an election at term 1 for -1: [de3dee47-223f-471a-94cf-733bf04e3bfa:192.168.36.99:36983], old=null
2019-09-20 14:16:27,992 [de3dee47-223f-471a-94cf-733bf04e3bfa:group-88730C160D2A:LeaderElection71] INFO  impl.RoleInfo (RoleInfo.java:shutdownLeaderElection(134)) - de3dee47-223f-471a-94cf-733bf04e3bfa: shutdown LeaderElection
2019-09-20 14:16:27,992 [de3dee47-223f-471a-94cf-733bf04e3bfa:group-88730C160D2A:LeaderElection71] INFO  impl.RaftServerImpl (RaftServerImpl.java:setRole(171)) - de3dee47-223f-471a-94cf-733bf04e3bfa:group-88730C160D2A changes role from CANDIDATE to LEADER at term 1 for changeToLeader
2019-09-20 14:16:27,992 [de3dee47-223f-471a-94cf-733bf04e3bfa:group-88730C160D2A:LeaderElection71] INFO  impl.RaftServerImpl (ServerState.java:setLeader(263)) - de3dee47-223f-471a-94cf-733bf04e3bfa:group-88730C160D2A change Leader from null to de3dee47-223f-471a-94cf-733bf04e3bfa at term 1 for becomeLeader, leader elected after 5196ms
2019-09-20 14:16:27,992 [de3dee47-223f-471a-94cf-733bf04e3bfa:group-88730C160D2A:LeaderElection71] INFO  server.RaftServerConfigKeys (ConfUtils.java:logGet(43)) - raft.server.staging.catchup.gap = 1000 (default)
2019-09-20 14:16:27,992 [de3dee47-223f-471a-94cf-733bf04e3bfa:group-88730C160D2A:LeaderElection71] INFO  server.RaftServerConfigKeys (ConfUtils.java:logGet(43)) - raft.server.rpc.sleep.time = 25ms (default)
2019-09-20 14:16:27,993 [de3dee47-223f-471a-94cf-733bf04e3bfa:group-88730C160D2A:LeaderElection71] INFO  server.RaftServerConfigKeys (ConfUtils.java:logGet(43)) - raft.server.write.element-limit = 4096 (default)
2019-09-20 14:16:27,993 [de3dee47-223f-471a-94cf-733bf04e3bfa:group-88730C160D2A:LeaderElection71] INFO  server.RaftServerConfigKeys (ConfUtils.java:logGet(43)) - raft.server.watch.timeout = 10s (default)
2019-09-20 14:16:27,993 [de3dee47-223f-471a-94cf-733bf04e3bfa:group-88730C160D2A:LeaderElection71] INFO  server.RaftServerConfigKeys (ConfUtils.java:logGet(43)) - raft.server.watch.timeout.denomination = 1s (default)
2019-09-20 14:16:27,993 [de3dee47-223f-471a-94cf-733bf04e3bfa:group-88730C160D2A:LeaderElection71] INFO  server.RaftServerConfigKeys (ConfUtils.java:logGet(43)) - raft.server.watch.element-limit = 65536 (default)
2019-09-20 14:16:27,993 [de3dee47-223f-471a-94cf-733bf04e3bfa:group-88730C160D2A:LeaderElection71] INFO  impl.RoleInfo (RoleInfo.java:updateAndGet(143)) - de3dee47-223f-471a-94cf-733bf04e3bfa: start LeaderState
2019-09-20 14:16:27,994 [de3dee47-223f-471a-94cf-733bf04e3bfa:group-88730C160D2A:LeaderElection71] INFO  segmented.SegmentedRaftLogWorker (SegmentedRaftLogWorker.java:startLogSegment(380)) - de3dee47-223f-471a-94cf-733bf04e3bfa-SegmentedRaftLogWorker:Storage Directory /workdir/hadoop-ozone/ozonefs/target/test-dir/MiniOzoneClusterImpl-bceee591-9a40-46aa-b11c-5805cf83e67e/datanode-2/data/ratis/40086de0-8d0a-47e2-a237-88730c160d2a: Starting segment from index:0
2019-09-20 14:16:27,994 [de3dee47-223f-471a-94cf-733bf04e3bfa:group-88730C160D2A:LeaderElection71] INFO  impl.RaftServerImpl (ServerState.java:setRaftConf(361)) - de3dee47-223f-471a-94cf-733bf04e3bfa:group-88730C160D2A set configuration 0: [de3dee47-223f-471a-94cf-733bf04e3bfa:192.168.36.99:36983], old=null at 0
2019-09-20 14:16:28,033 [Datanode State Machine Thread - 0] INFO  statemachine.DatanodeStateMachine (DatanodeStateMachine.java:lambda$startDaemon$0(350)) - Ozone container server started.
2019-09-20 14:16:28,050 [de3dee47-223f-471a-94cf-733bf04e3bfa-SegmentedRaftLogWorker:Storage Directory /workdir/hadoop-ozone/ozonefs/target/test-dir/MiniOzoneClusterImpl-bceee591-9a40-46aa-b11c-5805cf83e67e/datanode-2/data/ratis/40086de0-8d0a-47e2-a237-88730c160d2a] INFO  segmented.SegmentedRaftLogWorker (SegmentedRaftLogWorker.java:execute(569)) - de3dee47-223f-471a-94cf-733bf04e3bfa-SegmentedRaftLogWorker:Storage Directory /workdir/hadoop-ozone/ozonefs/target/test-dir/MiniOzoneClusterImpl-bceee591-9a40-46aa-b11c-5805cf83e67e/datanode-2/data/ratis/40086de0-8d0a-47e2-a237-88730c160d2a: created new log segment /workdir/hadoop-ozone/ozonefs/target/test-dir/MiniOzoneClusterImpl-bceee591-9a40-46aa-b11c-5805cf83e67e/datanode-2/data/ratis/40086de0-8d0a-47e2-a237-88730c160d2a/current/log_inprogress_0
2019-09-20 14:16:32,940 [ForkJoinPool.commonPool-worker-1] INFO  ozoneimpl.OzoneContainer (OzoneContainer.java:stop(199)) - Attempting to stop container services.
2019-09-20 14:16:32,941 [ForkJoinPool.commonPool-worker-1] INFO  impl.RaftServerProxy (RaftServerProxy.java:lambda$close$4(314)) - de3dee47-223f-471a-94cf-733bf04e3bfa: close
2019-09-20 14:16:32,941 [ForkJoinPool.commonPool-worker-1] INFO  impl.RaftServerImpl (RaftServerImpl.java:lambda$shutdown$3(245)) - de3dee47-223f-471a-94cf-733bf04e3bfa: shutdown group-2EA618774F35
2019-09-20 14:16:32,941 [ForkJoinPool.commonPool-worker-1] INFO  util.JmxRegister (JmxRegister.java:unregister(73)) - Successfully un-registered JMX Bean with object name Ratis:service=RaftServer,group=group-2EA618774F35,id=de3dee47-223f-471a-94cf-733bf04e3bfa
2019-09-20 14:16:32,942 [ForkJoinPool.commonPool-worker-1] INFO  impl.RoleInfo (RoleInfo.java:shutdownLeaderState(104)) - de3dee47-223f-471a-94cf-733bf04e3bfa: shutdown LeaderState
2019-09-20 14:16:32,942 [ForkJoinPool.commonPool-worker-1] INFO  impl.PendingRequests (PendingRequests.java:sendNotLeaderResponses(202)) - de3dee47-223f-471a-94cf-733bf04e3bfa-PendingRequests: sendNotLeaderResponses
2019-09-20 14:16:32,942 [ForkJoinPool.commonPool-worker-1] INFO  impl.StateMachineUpdater (StateMachineUpdater.java:stopAndJoin(115)) - StateMachineUpdater:de3dee47-223f-471a-94cf-733bf04e3bfa:group-2EA618774F35: set stopIndex = 0
2019-09-20 14:16:32,943 [ForkJoinPool.commonPool-worker-1] INFO  impl.RaftServerImpl (ServerState.java:close(394)) - de3dee47-223f-471a-94cf-733bf04e3bfa:group-2EA618774F35 closes. The last applied log index is 0
2019-09-20 14:16:32,943 [de3dee47-223f-471a-94cf-733bf04e3bfa-SegmentedRaftLogWorker:Storage Directory /workdir/hadoop-ozone/ozonefs/target/test-dir/MiniOzoneClusterImpl-bceee591-9a40-46aa-b11c-5805cf83e67e/datanode-2/data/ratis/16bb0950-c53f-4ce1-aff7-2ea618774f35] INFO  segmented.SegmentedRaftLogWorker (SegmentedRaftLogWorker.java:run(313)) - de3dee47-223f-471a-94cf-733bf04e3bfa-SegmentedRaftLogWorker:Storage Directory /workdir/hadoop-ozone/ozonefs/target/test-dir/MiniOzoneClusterImpl-bceee591-9a40-46aa-b11c-5805cf83e67e/datanode-2/data/ratis/16bb0950-c53f-4ce1-aff7-2ea618774f35 was interrupted, exiting. There are 0 tasks remaining in the queue.
2019-09-20 14:16:32,944 [ForkJoinPool.commonPool-worker-1] INFO  segmented.SegmentedRaftLogWorker (SegmentedRaftLogWorker.java:close(228)) - de3dee47-223f-471a-94cf-733bf04e3bfa-SegmentedRaftLogWorker:Storage Directory /workdir/hadoop-ozone/ozonefs/target/test-dir/MiniOzoneClusterImpl-bceee591-9a40-46aa-b11c-5805cf83e67e/datanode-2/data/ratis/16bb0950-c53f-4ce1-aff7-2ea618774f35 close()
2019-09-20 14:16:32,945 [ForkJoinPool.commonPool-worker-1] INFO  impl.RaftServerImpl (RaftServerImpl.java:lambda$shutdown$3(245)) - de3dee47-223f-471a-94cf-733bf04e3bfa: shutdown group-2FC00D84C472
2019-09-20 14:16:32,945 [ForkJoinPool.commonPool-worker-1] INFO  util.JmxRegister (JmxRegister.java:unregister(73)) - Successfully un-registered JMX Bean with object name Ratis:service=RaftServer,group=group-2FC00D84C472,id=de3dee47-223f-471a-94cf-733bf04e3bfa
2019-09-20 14:16:32,946 [ForkJoinPool.commonPool-worker-1] INFO  impl.RoleInfo (RoleInfo.java:shutdownLeaderState(104)) - de3dee47-223f-471a-94cf-733bf04e3bfa: shutdown LeaderState
2019-09-20 14:16:32,946 [ForkJoinPool.commonPool-worker-1] INFO  impl.PendingRequests (PendingRequests.java:sendNotLeaderResponses(202)) - de3dee47-223f-471a-94cf-733bf04e3bfa-PendingRequests: sendNotLeaderResponses
2019-09-20 14:16:32,947 [ForkJoinPool.commonPool-worker-1] INFO  impl.StateMachineUpdater (StateMachineUpdater.java:stopAndJoin(115)) - StateMachineUpdater:de3dee47-223f-471a-94cf-733bf04e3bfa:group-2FC00D84C472: set stopIndex = 0
2019-09-20 14:16:32,947 [ForkJoinPool.commonPool-worker-1] INFO  impl.RaftServerImpl (ServerState.java:close(394)) - de3dee47-223f-471a-94cf-733bf04e3bfa:group-2FC00D84C472 closes. The last applied log index is 0
2019-09-20 14:16:32,947 [de3dee47-223f-471a-94cf-733bf04e3bfa-SegmentedRaftLogWorker:Storage Directory /workdir/hadoop-ozone/ozonefs/target/test-dir/MiniOzoneClusterImpl-bceee591-9a40-46aa-b11c-5805cf83e67e/datanode-2/data/ratis/5380d445-d724-46ff-8b58-2fc00d84c472] INFO  segmented.SegmentedRaftLogWorker (SegmentedRaftLogWorker.java:run(313)) - de3dee47-223f-471a-94cf-733bf04e3bfa-SegmentedRaftLogWorker:Storage Directory /workdir/hadoop-ozone/ozonefs/target/test-dir/MiniOzoneClusterImpl-bceee591-9a40-46aa-b11c-5805cf83e67e/datanode-2/data/ratis/5380d445-d724-46ff-8b58-2fc00d84c472 was interrupted, exiting. There are 0 tasks remaining in the queue.
2019-09-20 14:16:32,948 [ForkJoinPool.commonPool-worker-1] INFO  segmented.SegmentedRaftLogWorker (SegmentedRaftLogWorker.java:close(228)) - de3dee47-223f-471a-94cf-733bf04e3bfa-SegmentedRaftLogWorker:Storage Directory /workdir/hadoop-ozone/ozonefs/target/test-dir/MiniOzoneClusterImpl-bceee591-9a40-46aa-b11c-5805cf83e67e/datanode-2/data/ratis/5380d445-d724-46ff-8b58-2fc00d84c472 close()
2019-09-20 14:16:32,949 [ForkJoinPool.commonPool-worker-1] INFO  impl.RaftServerImpl (RaftServerImpl.java:lambda$shutdown$3(245)) - de3dee47-223f-471a-94cf-733bf04e3bfa: shutdown group-E4632BB8347C
2019-09-20 14:16:32,950 [ForkJoinPool.commonPool-worker-1] INFO  util.JmxRegister (JmxRegister.java:unregister(73)) - Successfully un-registered JMX Bean with object name Ratis:service=RaftServer,group=group-E4632BB8347C,id=de3dee47-223f-471a-94cf-733bf04e3bfa
2019-09-20 14:16:32,950 [ForkJoinPool.commonPool-worker-1] INFO  impl.RoleInfo (RoleInfo.java:shutdownLeaderState(104)) - de3dee47-223f-471a-94cf-733bf04e3bfa: shutdown LeaderState
2019-09-20 14:16:32,950 [ForkJoinPool.commonPool-worker-1] INFO  impl.PendingRequests (PendingRequests.java:sendNotLeaderResponses(202)) - de3dee47-223f-471a-94cf-733bf04e3bfa-PendingRequests: sendNotLeaderResponses
2019-09-20 14:16:32,951 [ForkJoinPool.commonPool-worker-1] INFO  impl.StateMachineUpdater (StateMachineUpdater.java:stopAndJoin(115)) - StateMachineUpdater:de3dee47-223f-471a-94cf-733bf04e3bfa:group-E4632BB8347C: set stopIndex = 0
2019-09-20 14:16:32,951 [ForkJoinPool.commonPool-worker-1] INFO  impl.RaftServerImpl (ServerState.java:close(394)) - de3dee47-223f-471a-94cf-733bf04e3bfa:group-E4632BB8347C closes. The last applied log index is 0
2019-09-20 14:16:32,951 [de3dee47-223f-471a-94cf-733bf04e3bfa-SegmentedRaftLogWorker:Storage Directory /workdir/hadoop-ozone/ozonefs/target/test-dir/MiniOzoneClusterImpl-bceee591-9a40-46aa-b11c-5805cf83e67e/datanode-2/data/ratis/4fc205cf-1266-449c-bc31-e4632bb8347c] INFO  segmented.SegmentedRaftLogWorker (SegmentedRaftLogWorker.java:run(313)) - de3dee47-223f-471a-94cf-733bf04e3bfa-SegmentedRaftLogWorker:Storage Directory /workdir/hadoop-ozone/ozonefs/target/test-dir/MiniOzoneClusterImpl-bceee591-9a40-46aa-b11c-5805cf83e67e/datanode-2/data/ratis/4fc205cf-1266-449c-bc31-e4632bb8347c was interrupted, exiting. There are 0 tasks remaining in the queue.
2019-09-20 14:16:32,952 [ForkJoinPool.commonPool-worker-1] INFO  segmented.SegmentedRaftLogWorker (SegmentedRaftLogWorker.java:close(228)) - de3dee47-223f-471a-94cf-733bf04e3bfa-SegmentedRaftLogWorker:Storage Directory /workdir/hadoop-ozone/ozonefs/target/test-dir/MiniOzoneClusterImpl-bceee591-9a40-46aa-b11c-5805cf83e67e/datanode-2/data/ratis/4fc205cf-1266-449c-bc31-e4632bb8347c close()
2019-09-20 14:16:32,953 [ForkJoinPool.commonPool-worker-1] INFO  impl.RaftServerImpl (RaftServerImpl.java:lambda$shutdown$3(245)) - de3dee47-223f-471a-94cf-733bf04e3bfa: shutdown group-88730C160D2A
2019-09-20 14:16:32,953 [ForkJoinPool.commonPool-worker-1] INFO  util.JmxRegister (JmxRegister.java:unregister(73)) - Successfully un-registered JMX Bean with object name Ratis:service=RaftServer,group=group-88730C160D2A,id=de3dee47-223f-471a-94cf-733bf04e3bfa
2019-09-20 14:16:32,954 [ForkJoinPool.commonPool-worker-1] INFO  impl.RoleInfo (RoleInfo.java:shutdownLeaderState(104)) - de3dee47-223f-471a-94cf-733bf04e3bfa: shutdown LeaderState
2019-09-20 14:16:32,954 [ForkJoinPool.commonPool-worker-1] INFO  impl.PendingRequests (PendingRequests.java:sendNotLeaderResponses(202)) - de3dee47-223f-471a-94cf-733bf04e3bfa-PendingRequests: sendNotLeaderResponses
2019-09-20 14:16:32,954 [ForkJoinPool.commonPool-worker-1] INFO  impl.StateMachineUpdater (StateMachineUpdater.java:stopAndJoin(115)) - StateMachineUpdater:de3dee47-223f-471a-94cf-733bf04e3bfa:group-88730C160D2A: set stopIndex = 0
2019-09-20 14:16:32,955 [ForkJoinPool.commonPool-worker-1] INFO  impl.RaftServerImpl (ServerState.java:close(394)) - de3dee47-223f-471a-94cf-733bf04e3bfa:group-88730C160D2A closes. The last applied log index is 0
2019-09-20 14:16:32,955 [de3dee47-223f-471a-94cf-733bf04e3bfa-SegmentedRaftLogWorker:Storage Directory /workdir/hadoop-ozone/ozonefs/target/test-dir/MiniOzoneClusterImpl-bceee591-9a40-46aa-b11c-5805cf83e67e/datanode-2/data/ratis/40086de0-8d0a-47e2-a237-88730c160d2a] INFO  segmented.SegmentedRaftLogWorker (SegmentedRaftLogWorker.java:run(313)) - de3dee47-223f-471a-94cf-733bf04e3bfa-SegmentedRaftLogWorker:Storage Directory /workdir/hadoop-ozone/ozonefs/target/test-dir/MiniOzoneClusterImpl-bceee591-9a40-46aa-b11c-5805cf83e67e/datanode-2/data/ratis/40086de0-8d0a-47e2-a237-88730c160d2a was interrupted, exiting. There are 0 tasks remaining in the queue.
2019-09-20 14:16:32,955 [ForkJoinPool.commonPool-worker-1] INFO  segmented.SegmentedRaftLogWorker (SegmentedRaftLogWorker.java:close(228)) - de3dee47-223f-471a-94cf-733bf04e3bfa-SegmentedRaftLogWorker:Storage Directory /workdir/hadoop-ozone/ozonefs/target/test-dir/MiniOzoneClusterImpl-bceee591-9a40-46aa-b11c-5805cf83e67e/datanode-2/data/ratis/40086de0-8d0a-47e2-a237-88730c160d2a close()
2019-09-20 14:16:32,957 [ForkJoinPool.commonPool-worker-1] INFO  impl.RaftServerImpl (RaftServerImpl.java:lambda$shutdown$3(245)) - de3dee47-223f-471a-94cf-733bf04e3bfa: shutdown group-AC16993CBC09
2019-09-20 14:16:32,957 [ForkJoinPool.commonPool-worker-1] INFO  util.JmxRegister (JmxRegister.java:unregister(73)) - Successfully un-registered JMX Bean with object name Ratis:service=RaftServer,group=group-AC16993CBC09,id=de3dee47-223f-471a-94cf-733bf04e3bfa
2019-09-20 14:16:32,957 [ForkJoinPool.commonPool-worker-1] INFO  impl.RoleInfo (RoleInfo.java:shutdownLeaderState(104)) - de3dee47-223f-471a-94cf-733bf04e3bfa: shutdown LeaderState
2019-09-20 14:16:32,958 [ForkJoinPool.commonPool-worker-1] INFO  impl.PendingRequests (PendingRequests.java:sendNotLeaderResponses(202)) - de3dee47-223f-471a-94cf-733bf04e3bfa-PendingRequests: sendNotLeaderResponses
2019-09-20 14:16:32,958 [ForkJoinPool.commonPool-worker-1] INFO  impl.StateMachineUpdater (StateMachineUpdater.java:stopAndJoin(115)) - StateMachineUpdater:de3dee47-223f-471a-94cf-733bf04e3bfa:group-AC16993CBC09: set stopIndex = 0
2019-09-20 14:16:32,958 [ForkJoinPool.commonPool-worker-1] INFO  impl.RaftServerImpl (ServerState.java:close(394)) - de3dee47-223f-471a-94cf-733bf04e3bfa:group-AC16993CBC09 closes. The last applied log index is 0
2019-09-20 14:16:32,959 [de3dee47-223f-471a-94cf-733bf04e3bfa-SegmentedRaftLogWorker:Storage Directory /workdir/hadoop-ozone/ozonefs/target/test-dir/MiniOzoneClusterImpl-bceee591-9a40-46aa-b11c-5805cf83e67e/datanode-2/data/ratis/a691f3e7-1ddd-4318-966c-ac16993cbc09] INFO  segmented.SegmentedRaftLogWorker (SegmentedRaftLogWorker.java:run(313)) - de3dee47-223f-471a-94cf-733bf04e3bfa-SegmentedRaftLogWorker:Storage Directory /workdir/hadoop-ozone/ozonefs/target/test-dir/MiniOzoneClusterImpl-bceee591-9a40-46aa-b11c-5805cf83e67e/datanode-2/data/ratis/a691f3e7-1ddd-4318-966c-ac16993cbc09 was interrupted, exiting. There are 0 tasks remaining in the queue.
2019-09-20 14:16:32,959 [ForkJoinPool.commonPool-worker-1] INFO  segmented.SegmentedRaftLogWorker (SegmentedRaftLogWorker.java:close(228)) - de3dee47-223f-471a-94cf-733bf04e3bfa-SegmentedRaftLogWorker:Storage Directory /workdir/hadoop-ozone/ozonefs/target/test-dir/MiniOzoneClusterImpl-bceee591-9a40-46aa-b11c-5805cf83e67e/datanode-2/data/ratis/a691f3e7-1ddd-4318-966c-ac16993cbc09 close()
2019-09-20 14:16:32,960 [ForkJoinPool.commonPool-worker-1] INFO  impl.RaftServerImpl (RaftServerImpl.java:lambda$shutdown$3(245)) - de3dee47-223f-471a-94cf-733bf04e3bfa: shutdown group-83D18BA28479
2019-09-20 14:16:32,961 [ForkJoinPool.commonPool-worker-1] INFO  util.JmxRegister (JmxRegister.java:unregister(73)) - Successfully un-registered JMX Bean with object name Ratis:service=RaftServer,group=group-83D18BA28479,id=de3dee47-223f-471a-94cf-733bf04e3bfa
2019-09-20 14:16:32,961 [ForkJoinPool.commonPool-worker-1] INFO  impl.RoleInfo (RoleInfo.java:shutdownLeaderState(104)) - de3dee47-223f-471a-94cf-733bf04e3bfa: shutdown LeaderState
2019-09-20 14:16:32,961 [ForkJoinPool.commonPool-worker-1] INFO  impl.PendingRequests (PendingRequests.java:sendNotLeaderResponses(202)) - de3dee47-223f-471a-94cf-733bf04e3bfa-PendingRequests: sendNotLeaderResponses
2019-09-20 14:16:32,962 [ForkJoinPool.commonPool-worker-1] INFO  impl.StateMachineUpdater (StateMachineUpdater.java:stopAndJoin(115)) - StateMachineUpdater:de3dee47-223f-471a-94cf-733bf04e3bfa:group-83D18BA28479: set stopIndex = 0
2019-09-20 14:16:32,962 [ForkJoinPool.commonPool-worker-1] INFO  impl.RaftServerImpl (ServerState.java:close(394)) - de3dee47-223f-471a-94cf-733bf04e3bfa:group-83D18BA28479 closes. The last applied log index is 0
2019-09-20 14:16:32,962 [de3dee47-223f-471a-94cf-733bf04e3bfa-SegmentedRaftLogWorker:Storage Directory /workdir/hadoop-ozone/ozonefs/target/test-dir/MiniOzoneClusterImpl-bceee591-9a40-46aa-b11c-5805cf83e67e/datanode-2/data/ratis/52953f57-9726-409d-bc8e-83d18ba28479] INFO  segmented.SegmentedRaftLogWorker (SegmentedRaftLogWorker.java:run(313)) - de3dee47-223f-471a-94cf-733bf04e3bfa-SegmentedRaftLogWorker:Storage Directory /workdir/hadoop-ozone/ozonefs/target/test-dir/MiniOzoneClusterImpl-bceee591-9a40-46aa-b11c-5805cf83e67e/datanode-2/data/ratis/52953f57-9726-409d-bc8e-83d18ba28479 was interrupted, exiting. There are 0 tasks remaining in the queue.
2019-09-20 14:16:32,963 [ForkJoinPool.commonPool-worker-1] INFO  segmented.SegmentedRaftLogWorker (SegmentedRaftLogWorker.java:close(228)) - de3dee47-223f-471a-94cf-733bf04e3bfa-SegmentedRaftLogWorker:Storage Directory /workdir/hadoop-ozone/ozonefs/target/test-dir/MiniOzoneClusterImpl-bceee591-9a40-46aa-b11c-5805cf83e67e/datanode-2/data/ratis/52953f57-9726-409d-bc8e-83d18ba28479 close()
2019-09-20 14:16:32,964 [ForkJoinPool.commonPool-worker-1] INFO  server.GrpcService (GrpcService.java:closeImpl(155)) - de3dee47-223f-471a-94cf-733bf04e3bfa: shutdown server with port 36983 now
2019-09-20 14:16:32,965 [ForkJoinPool.commonPool-worker-1] INFO  server.GrpcService (GrpcService.java:closeImpl(163)) - de3dee47-223f-471a-94cf-733bf04e3bfa: shutdown server with port 36983 successfully
2019-09-20 14:16:32,967 [ForkJoinPool.commonPool-worker-1] INFO  utils.BackgroundService (BackgroundService.java:shutdown(148)) - Shutting down service BlockDeletingService
2019-09-20 14:16:32,968 [refreshUsed-/workdir/hadoop-ozone/ozonefs/target/test-dir/MiniOzoneClusterImpl-bceee591-9a40-46aa-b11c-5805cf83e67e/datanode-2/data/containers] WARN  fs.CachingGetSpaceUsed (CachingGetSpaceUsed.java:run(183)) - Thread Interrupted waiting to refresh disk information: sleep interrupted
2019-09-20 14:16:32,999 [ForkJoinPool.commonPool-worker-1] INFO  statemachine.DatanodeStateMachine (DatanodeStateMachine.java:stopDaemon(395)) - Ozone container server stopped.
2019-09-20 14:16:33,002 [ForkJoinPool.commonPool-worker-1] INFO  handler.ContextHandler (ContextHandler.java:doStop(910)) - Stopped o.e.j.w.WebAppContext@402ee467{/,null,UNAVAILABLE}{/hddsDatanode}
2019-09-20 14:16:33,003 [ForkJoinPool.commonPool-worker-1] INFO  server.AbstractConnector (AbstractConnector.java:doStop(318)) - Stopped ServerConnector@1849dd16{HTTP/1.1,[http/1.1]}{0.0.0.0:0}
2019-09-20 14:16:33,006 [ForkJoinPool.commonPool-worker-1] INFO  handler.ContextHandler (ContextHandler.java:doStop(910)) - Stopped o.e.j.s.ServletContextHandler@7cb70fd5{/static,jar:file:/home/user/.m2/repository/org/apache/hadoop/hadoop-hdds-container-service/0.5.0-SNAPSHOT/hadoop-hdds-container-service-0.5.0-SNAPSHOT.jar!/webapps/static,UNAVAILABLE}
2019-09-20 14:16:33,006 [ForkJoinPool.commonPool-worker-1] INFO  handler.ContextHandler (ContextHandler.java:doStop(910)) - Stopped o.e.j.s.ServletContextHandler@6c720310{/logs,file:///workdir/hadoop-ozone/ozonefs/target/log,UNAVAILABLE}
2019-09-20 14:16:33,007 [Thread-804] INFO  ozone.MiniOzoneClusterImpl (MiniOzoneClusterImpl.java:stop(353)) - Stopping the StorageContainerManager
2019-09-20 14:16:33,007 [Thread-804] INFO  server.StorageContainerManager (StorageContainerManager.java:stop(797)) - Stopping Replication Manager Service.
2019-09-20 14:16:33,008 [Thread-804] INFO  container.ReplicationManager (ReplicationManager.java:stop(192)) - Stopping Replication Monitor Thread.
2019-09-20 14:16:33,008 [Thread-804] INFO  server.StorageContainerManager (StorageContainerManager.java:stop(804)) - Stopping Lease Manager of the command watchers
2019-09-20 14:16:33,008 [Thread-804] INFO  server.StorageContainerManager (StorageContainerManager.java:stop(811)) - Stopping datanode service RPC server
2019-09-20 14:16:33,008 [Thread-804] INFO  server.SCMDatanodeProtocolServer (SCMDatanodeProtocolServer.java:stop(367)) - Stopping the RPC server for DataNodes
2019-09-20 14:16:33,008 [Thread-804] INFO  ipc.Server (Server.java:stop(3082)) - Stopping server on 36137
2019-09-20 14:16:33,011 [IPC Server listener on 36137] INFO  ipc.Server (Server.java:run(1185)) - Stopping IPC Server listener on 36137
2019-09-20 14:16:33,011 [IPC Server Responder] INFO  ipc.Server (Server.java:run(1319)) - Stopping IPC Server Responder
2019-09-20 14:16:33,074 [SCM Heartbeat Processing Thread - 0] WARN  node.NodeStateManager (NodeStateManager.java:scheduleNextHealthCheck(655)) - Current Thread is interrupted, shutting down HB processing thread for Node Manager.
2019-09-20 14:16:33,074 [Thread-804] INFO  server.StorageContainerManager (StorageContainerManager.java:stop(819)) - Stopping block service RPC server
2019-09-20 14:16:33,075 [Thread-804] INFO  server.SCMBlockProtocolServer (SCMBlockProtocolServer.java:stop(148)) - Stopping the RPC server for Block Protocol
2019-09-20 14:16:33,075 [Thread-804] INFO  ipc.Server (Server.java:stop(3082)) - Stopping server on 42713
2019-09-20 14:16:33,077 [Thread-804] INFO  server.StorageContainerManager (StorageContainerManager.java:stop(826)) - Stopping the StorageContainerLocationProtocol RPC server
2019-09-20 14:16:33,077 [Thread-804] INFO  server.SCMClientProtocolServer (SCMClientProtocolServer.java:stop(159)) - Stopping the RPC server for Client Protocol
2019-09-20 14:16:33,077 [Thread-804] INFO  ipc.Server (Server.java:stop(3082)) - Stopping server on 33636
2019-09-20 14:16:33,079 [IPC Server listener on 42713] INFO  ipc.Server (Server.java:run(1185)) - Stopping IPC Server listener on 42713
2019-09-20 14:16:33,080 [Thread-804] INFO  server.StorageContainerManager (StorageContainerManager.java:stop(833)) - Stopping Storage Container Manager HTTP server.
2019-09-20 14:16:33,080 [IPC Server Responder] INFO  ipc.Server (Server.java:run(1319)) - Stopping IPC Server Responder
2019-09-20 14:16:33,079 [IPC Server listener on 33636] INFO  ipc.Server (Server.java:run(1185)) - Stopping IPC Server listener on 33636
2019-09-20 14:16:33,081 [IPC Server Responder] INFO  ipc.Server (Server.java:run(1319)) - Stopping IPC Server Responder
2019-09-20 14:16:33,083 [Thread-804] INFO  handler.ContextHandler (ContextHandler.java:doStop(910)) - Stopped o.e.j.w.WebAppContext@5e1b2de8{/,null,UNAVAILABLE}{/scm}
2019-09-20 14:16:33,084 [Thread-804] INFO  server.AbstractConnector (AbstractConnector.java:doStop(318)) - Stopped ServerConnector@c61f82e{HTTP/1.1,[http/1.1]}{0.0.0.0:0}
2019-09-20 14:16:33,084 [Thread-804] INFO  handler.ContextHandler (ContextHandler.java:doStop(910)) - Stopped o.e.j.s.ServletContextHandler@77581a49{/static,jar:file:/home/user/.m2/repository/org/apache/hadoop/hadoop-hdds-server-scm/0.5.0-SNAPSHOT/hadoop-hdds-server-scm-0.5.0-SNAPSHOT.jar!/webapps/static,UNAVAILABLE}
2019-09-20 14:16:33,085 [Thread-804] INFO  handler.ContextHandler (ContextHandler.java:doStop(910)) - Stopped o.e.j.s.ServletContextHandler@7cb97259{/logs,file:///workdir/hadoop-ozone/ozonefs/target/log,UNAVAILABLE}
2019-09-20 14:16:33,086 [Thread-804] INFO  server.StorageContainerManager (StorageContainerManager.java:stop(844)) - Stopping Block Manager Service.
2019-09-20 14:16:33,086 [Thread-804] INFO  utils.BackgroundService (BackgroundService.java:shutdown(148)) - Shutting down service SCMBlockDeletingService
2019-09-20 14:16:33,087 [Thread-804] INFO  utils.BackgroundService (BackgroundService.java:shutdown(148)) - Shutting down service SCMBlockDeletingService
2019-09-20 14:16:33,087 [Thread-804] INFO  server.StorageContainerManager (StorageContainerManager.java:stop(866)) - Stopping SCM Event Queue.
2019-09-20 14:16:33,102 [Thread-804] INFO  impl.MetricsSystemImpl (MetricsSystemImpl.java:stop(210)) - Stopping HddsDatanode metrics system...
2019-09-20 14:16:33,113 [Thread-804] INFO  impl.MetricsSystemImpl (MetricsSystemImpl.java:stop(216)) - HddsDatanode metrics system stopped.
]]></system-out>
    <system-err><![CDATA[Sep 20, 2019 2:16:17 PM com.sun.jersey.server.impl.application.WebApplicationImpl _initiate
INFO: Initiating Jersey application, version 'Jersey: 1.19 02/11/2015 03:25 AM'
Sep 20, 2019 2:16:17 PM com.sun.jersey.server.impl.application.WebApplicationImpl _initiate
INFO: Initiating Jersey application, version 'Jersey: 1.19 02/11/2015 03:25 AM'
Sep 20, 2019 2:16:17 PM com.sun.jersey.server.impl.application.WebApplicationImpl _initiate
INFO: Initiating Jersey application, version 'Jersey: 1.19 02/11/2015 03:25 AM'
Sep 20, 2019 2:16:22 PM com.sun.jersey.server.impl.application.WebApplicationImpl _initiate
INFO: Initiating Jersey application, version 'Jersey: 1.19 02/11/2015 03:25 AM'
]]></system-err>
  </testcase>
  <testcase name="testCreateDoesNotAddParentDirKeys" classname="org.apache.hadoop.fs.ozone.TestOzoneFileSystem" time="17.796">
    <error message="Allocated 0 blocks. Requested 1 blocks" type="INTERNAL_ERROR org.apache.hadoop.ozone.om.exceptions.OMException">INTERNAL_ERROR org.apache.hadoop.ozone.om.exceptions.OMException: Allocated 0 blocks. Requested 1 blocks
	at org.apache.hadoop.ozone.om.protocolPB.OzoneManagerProtocolClientSideTranslatorPB.handleError(OzoneManagerProtocolClientSideTranslatorPB.java:725)
	at org.apache.hadoop.ozone.om.protocolPB.OzoneManagerProtocolClientSideTranslatorPB.createFile(OzoneManagerProtocolClientSideTranslatorPB.java:1474)
	at org.apache.hadoop.ozone.client.rpc.RpcClient.createFile(RpcClient.java:984)
	at org.apache.hadoop.ozone.client.OzoneBucket.createFile(OzoneBucket.java:535)
	at org.apache.hadoop.fs.ozone.BasicOzoneClientAdapterImpl.createFile(BasicOzoneClientAdapterImpl.java:181)
	at org.apache.hadoop.fs.ozone.BasicOzoneFileSystem.createOutputStream(BasicOzoneFileSystem.java:249)
	at org.apache.hadoop.fs.ozone.BasicOzoneFileSystem.create(BasicOzoneFileSystem.java:230)
	at org.apache.hadoop.fs.FileSystem.create(FileSystem.java:1118)
	at org.apache.hadoop.fs.FileSystem.create(FileSystem.java:1098)
	at org.apache.hadoop.fs.FileSystem.create(FileSystem.java:987)
	at org.apache.hadoop.fs.contract.ContractTestUtils.createFile(ContractTestUtils.java:633)
	at org.apache.hadoop.fs.contract.ContractTestUtils.touch(ContractTestUtils.java:669)
	at org.apache.hadoop.fs.ozone.TestOzoneFileSystem.testCreateDoesNotAddParentDirKeys(TestOzoneFileSystem.java:130)
	at sun.reflect.NativeMethodAccessorImpl.invoke0(Native Method)
	at sun.reflect.NativeMethodAccessorImpl.invoke(NativeMethodAccessorImpl.java:62)
	at sun.reflect.DelegatingMethodAccessorImpl.invoke(DelegatingMethodAccessorImpl.java:43)
	at java.lang.reflect.Method.invoke(Method.java:498)
	at org.junit.runners.model.FrameworkMethod$1.runReflectiveCall(FrameworkMethod.java:47)
	at org.junit.internal.runners.model.ReflectiveCallable.run(ReflectiveCallable.java:12)
	at org.junit.runners.model.FrameworkMethod.invokeExplosively(FrameworkMethod.java:44)
	at org.junit.internal.runners.statements.InvokeMethod.evaluate(InvokeMethod.java:17)
	at org.junit.internal.runners.statements.RunBefores.evaluate(RunBefores.java:26)
	at org.junit.internal.runners.statements.RunAfters.evaluate(RunAfters.java:27)
	at org.junit.internal.runners.statements.FailOnTimeout$StatementThread.run(FailOnTimeout.java:74)
</error>
    <system-out><![CDATA[2019-09-20 14:16:33,167 [Thread-1070] WARN  server.ServerUtils (ServerUtils.java:getScmDbDir(145)) - ozone.scm.db.dirs is not configured. We recommend adding this setting. Falling back to ozone.metadata.dirs instead.
2019-09-20 14:16:33,184 [Thread-1070] WARN  server.ServerUtils (ServerUtils.java:getScmDbDir(145)) - ozone.scm.db.dirs is not configured. We recommend adding this setting. Falling back to ozone.metadata.dirs instead.
2019-09-20 14:16:33,185 [Thread-1070] WARN  server.ServerUtils (ServerUtils.java:getScmDbDir(145)) - ozone.scm.db.dirs is not configured. We recommend adding this setting. Falling back to ozone.metadata.dirs instead.
2019-09-20 14:16:33,185 [Thread-1070] INFO  db.DBStoreBuilder (DBStoreBuilder.java:addTable(110)) - using custom profile for table: deletedBlocks
2019-09-20 14:16:33,186 [Thread-1070] INFO  db.DBStoreBuilder (DBStoreBuilder.java:processTables(161)) - Using default column profile:DBProfile.DISK for Table:deletedBlocks
2019-09-20 14:16:33,186 [Thread-1070] INFO  db.DBStoreBuilder (DBStoreBuilder.java:addTable(110)) - using custom profile for table: validCerts
2019-09-20 14:16:33,186 [Thread-1070] INFO  db.DBStoreBuilder (DBStoreBuilder.java:processTables(161)) - Using default column profile:DBProfile.DISK for Table:validCerts
2019-09-20 14:16:33,187 [Thread-1070] INFO  db.DBStoreBuilder (DBStoreBuilder.java:addTable(110)) - using custom profile for table: revokedCerts
2019-09-20 14:16:33,187 [Thread-1070] INFO  db.DBStoreBuilder (DBStoreBuilder.java:processTables(161)) - Using default column profile:DBProfile.DISK for Table:revokedCerts
2019-09-20 14:16:33,187 [Thread-1070] INFO  db.DBStoreBuilder (DBStoreBuilder.java:addTable(110)) - using custom profile for table: default
2019-09-20 14:16:33,188 [Thread-1070] INFO  db.DBStoreBuilder (DBStoreBuilder.java:processTables(167)) - Using default column profile:DBProfile.DISK for Table:default
2019-09-20 14:16:33,188 [Thread-1070] INFO  db.DBStoreBuilder (DBStoreBuilder.java:getDbProfile(198)) - Using default options. DBProfile.DISK
2019-09-20 14:16:33,331 [Thread-1070] INFO  net.NodeSchemaLoader (NodeSchemaLoader.java:loadSchemaFromFile(125)) - Loading file from sun.misc.CompoundEnumeration@786b6263
2019-09-20 14:16:33,332 [Thread-1070] INFO  net.NodeSchemaLoader (NodeSchemaLoader.java:loadSchema(171)) - Loading network topology layer schema file
2019-09-20 14:16:33,337 [Thread-1070] WARN  server.ServerUtils (ServerUtils.java:sanitizeUserArgs(70)) - ozone.scm.stale.node.interval value = 300000 is larger than max = 100000 based on the key value of ozone.scm.heartbeat.thread.interval, reset to the max value 100000.
2019-09-20 14:16:33,338 [Thread-1070] WARN  server.ServerUtils (ServerUtils.java:sanitizeUserArgs(70)) - ozone.scm.stale.node.interval value = 300000 is larger than max = 100000 based on the key value of ozone.scm.heartbeat.thread.interval, reset to the max value 100000.
2019-09-20 14:16:33,338 [Thread-1070] INFO  node.SCMNodeManager (SCMNodeManager.java:<init>(121)) - Entering startup safe mode.
2019-09-20 14:16:33,339 [Thread-1070] INFO  algorithms.ContainerPlacementPolicyFactory (ContainerPlacementPolicyFactory.java:getPolicy(56)) - Create container placement policy of type org.apache.hadoop.hdds.scm.container.placement.algorithms.SCMContainerPlacementRandom
2019-09-20 14:16:33,339 [Thread-1070] WARN  server.ServerUtils (ServerUtils.java:getScmDbDir(145)) - ozone.scm.db.dirs is not configured. We recommend adding this setting. Falling back to ozone.metadata.dirs instead.
2019-09-20 14:16:33,424 [Thread-1070] INFO  pipeline.SCMPipelineManager (SCMPipelineManager.java:initializePipelineState(126)) - No pipeline exists in current db
2019-09-20 14:16:33,424 [Thread-1070] WARN  server.ServerUtils (ServerUtils.java:getScmDbDir(145)) - ozone.scm.db.dirs is not configured. We recommend adding this setting. Falling back to ozone.metadata.dirs instead.
2019-09-20 14:16:33,517 [Thread-1070] WARN  events.EventQueue (EventQueue.java:fireEvent(175)) - No event handler registered for event TypedEvent{payloadType=SafeModeStatus, name='SafeModeStatus'}
2019-09-20 14:16:33,519 [Thread-1070] INFO  ipc.CallQueueManager (CallQueueManager.java:<init>(84)) - Using callQueue: class java.util.concurrent.LinkedBlockingQueue, queueCapacity: 2000, scheduler: class org.apache.hadoop.ipc.DefaultRpcScheduler, ipcBackoff: false.
2019-09-20 14:16:33,520 [Socket Reader #1 for port 33109] INFO  ipc.Server (Server.java:run(1074)) - Starting Socket Reader #1 for port 33109
2019-09-20 14:16:33,522 [Thread-1070] INFO  ipc.CallQueueManager (CallQueueManager.java:<init>(84)) - Using callQueue: class java.util.concurrent.LinkedBlockingQueue, queueCapacity: 2000, scheduler: class org.apache.hadoop.ipc.DefaultRpcScheduler, ipcBackoff: false.
2019-09-20 14:16:33,523 [Socket Reader #1 for port 41812] INFO  ipc.Server (Server.java:run(1074)) - Starting Socket Reader #1 for port 41812
2019-09-20 14:16:33,524 [Thread-1070] INFO  ipc.CallQueueManager (CallQueueManager.java:<init>(84)) - Using callQueue: class java.util.concurrent.LinkedBlockingQueue, queueCapacity: 2000, scheduler: class org.apache.hadoop.ipc.DefaultRpcScheduler, ipcBackoff: false.
2019-09-20 14:16:33,525 [Socket Reader #1 for port 34177] INFO  ipc.Server (Server.java:run(1074)) - Starting Socket Reader #1 for port 34177
2019-09-20 14:16:33,529 [Thread-1070] INFO  hdfs.DFSUtil (DFSUtil.java:httpServerTemplateForNNAndJN(1641)) - Starting Web-server for scm at: http://0.0.0.0:0
2019-09-20 14:16:33,535 [Thread-1070] INFO  server.AuthenticationFilter (AuthenticationFilter.java:constructSecretProvider(240)) - Unable to initialize FileSignerSecretProvider, falling back to use random secrets.
2019-09-20 14:16:33,536 [Thread-1070] WARN  http.HttpRequestLog (HttpRequestLog.java:getRequestLog(97)) - Jetty request log can only be enabled using Log4j
2019-09-20 14:16:33,539 [Thread-1070] INFO  http.HttpServer2 (HttpServer2.java:addGlobalFilter(975)) - Added global filter 'safety' (class=org.apache.hadoop.http.HttpServer2$QuotingInputFilter)
2019-09-20 14:16:33,540 [Thread-1070] INFO  http.HttpServer2 (HttpServer2.java:addFilter(948)) - Added filter static_user_filter (class=org.apache.hadoop.http.lib.StaticUserWebFilter$StaticUserFilter) to context scm
2019-09-20 14:16:33,540 [Thread-1070] INFO  http.HttpServer2 (HttpServer2.java:addFilter(958)) - Added filter static_user_filter (class=org.apache.hadoop.http.lib.StaticUserWebFilter$StaticUserFilter) to context logs
2019-09-20 14:16:33,540 [Thread-1070] INFO  http.HttpServer2 (HttpServer2.java:addFilter(958)) - Added filter static_user_filter (class=org.apache.hadoop.http.lib.StaticUserWebFilter$StaticUserFilter) to context static
2019-09-20 14:16:33,543 [Thread-1070] INFO  server.StorageContainerManager (StorageContainerManager.java:start(759)) - StorageContainerLocationProtocol RPC server is listening at /0.0.0.0:34177
2019-09-20 14:16:33,547 [Thread-1070] WARN  impl.MetricsConfig (MetricsConfig.java:loadFirst(134)) - Cannot locate configuration: tried hadoop-metrics2-storagecontainermanager.properties,hadoop-metrics2.properties
2019-09-20 14:16:33,548 [Thread-1070] INFO  impl.MetricsSystemImpl (MetricsSystemImpl.java:startTimer(374)) - Scheduled Metric snapshot period at 10 second(s).
2019-09-20 14:16:33,549 [Thread-1070] INFO  impl.MetricsSystemImpl (MetricsSystemImpl.java:start(191)) - StorageContainerManager metrics system started
2019-09-20 14:16:33,895 [Thread-1070] INFO  server.SCMClientProtocolServer (SCMClientProtocolServer.java:start(151)) - RPC server for Client  is listening at /0.0.0.0:34177
2019-09-20 14:16:33,896 [IPC Server Responder] INFO  ipc.Server (Server.java:run(1314)) - IPC Server Responder: starting
2019-09-20 14:16:33,896 [IPC Server listener on 34177] INFO  ipc.Server (Server.java:run(1153)) - IPC Server listener on 34177: starting
2019-09-20 14:16:33,900 [Thread-1070] INFO  server.StorageContainerManager (StorageContainerManager.java:start(769)) - ScmBlockLocationProtocol RPC server is listening at /0.0.0.0:41812
2019-09-20 14:16:33,900 [Thread-1070] INFO  server.SCMBlockProtocolServer (SCMBlockProtocolServer.java:start(140)) - RPC server for Block Protocol is listening at /0.0.0.0:41812
2019-09-20 14:16:33,901 [IPC Server Responder] INFO  ipc.Server (Server.java:run(1314)) - IPC Server Responder: starting
2019-09-20 14:16:33,901 [IPC Server listener on 41812] INFO  ipc.Server (Server.java:run(1153)) - IPC Server listener on 41812: starting
2019-09-20 14:16:33,906 [Thread-1070] INFO  server.StorageContainerManager (StorageContainerManager.java:start(773)) - ScmDatanodeProtocl RPC server is listening at /0.0.0.0:33109
2019-09-20 14:16:33,906 [Thread-1070] INFO  server.SCMDatanodeProtocolServer (SCMDatanodeProtocolServer.java:start(191)) - RPC server for DataNodes is listening at /0.0.0.0:33109
2019-09-20 14:16:33,907 [IPC Server Responder] INFO  ipc.Server (Server.java:run(1314)) - IPC Server Responder: starting
2019-09-20 14:16:33,907 [IPC Server listener on 33109] INFO  ipc.Server (Server.java:run(1153)) - IPC Server listener on 33109: starting
2019-09-20 14:16:33,910 [Thread-1070] INFO  http.HttpServer2 (HttpServer2.java:bindListener(1191)) - Jetty bound to port 39316
2019-09-20 14:16:33,910 [Thread-1070] INFO  server.Server (Server.java:doStart(351)) - jetty-9.3.24.v20180605, build timestamp: 2018-06-05T17:11:56Z, git hash: 84205aa28f11a4f31f2a3b86d1bba2cc8ab69827
2019-09-20 14:16:33,912 [Thread-1070] INFO  handler.ContextHandler (ContextHandler.java:doStart(781)) - Started o.e.j.s.ServletContextHandler@68f2ffc6{/logs,file:///workdir/hadoop-ozone/ozonefs/target/log,AVAILABLE}
2019-09-20 14:16:33,913 [Thread-1070] INFO  handler.ContextHandler (ContextHandler.java:doStart(781)) - Started o.e.j.s.ServletContextHandler@24d50468{/static,jar:file:/home/user/.m2/repository/org/apache/hadoop/hadoop-hdds-server-scm/0.5.0-SNAPSHOT/hadoop-hdds-server-scm-0.5.0-SNAPSHOT.jar!/webapps/static,AVAILABLE}
2019-09-20 14:16:33,956 [Thread-1070] INFO  handler.ContextHandler (ContextHandler.java:doStart(781)) - Started o.e.j.w.WebAppContext@3ca87a21{/,file:///tmp/jetty-0.0.0.0-39316-scm-_-any-1885688904673203622.dir/webapp/,AVAILABLE}{/scm}
2019-09-20 14:16:33,956 [Thread-1070] INFO  server.AbstractConnector (AbstractConnector.java:doStart(278)) - Started ServerConnector@5e2e12dc{HTTP/1.1,[http/1.1]}{0.0.0.0:39316}
2019-09-20 14:16:33,958 [Thread-1070] INFO  server.Server (Server.java:doStart(419)) - Started @79332ms
2019-09-20 14:16:33,960 [Thread-1070] INFO  server.BaseHttpServer (BaseHttpServer.java:updateConnectorAddress(213)) - HTTP server of SCM is listening at http://0.0.0.0:39316
2019-09-20 14:16:33,961 [Thread-1070] WARN  server.ServerUtils (ServerUtils.java:getDBPath(222)) - ozone.om.db.dirs is not configured. We recommend adding this setting. Falling back to ozone.metadata.dirs instead.
2019-09-20 14:16:33,961 [org.apache.hadoop.util.JvmPauseMonitor$Monitor@3bca6f96] INFO  util.JvmPauseMonitor (JvmPauseMonitor.java:run(188)) - Starting JVM pause monitor
2019-09-20 14:16:33,979 [Thread-1070] WARN  server.ServerUtils (ServerUtils.java:getDBPath(222)) - ozone.om.db.dirs is not configured. We recommend adding this setting. Falling back to ozone.metadata.dirs instead.
2019-09-20 14:16:33,979 [Thread-1070] WARN  server.ServerUtils (ServerUtils.java:getDBPath(222)) - ozone.om.db.dirs is not configured. We recommend adding this setting. Falling back to ozone.metadata.dirs instead.
2019-09-20 14:16:33,980 [Thread-1070] INFO  om.OzoneManager (OzoneManager.java:setOMNodeDetails(645)) - OM Service ID is not set. Setting it to the default ID: omServiceIdDefault
2019-09-20 14:16:33,980 [Thread-1070] INFO  om.OzoneManager (OzoneManager.java:setOMNodeDetails(651)) - OM Node ID is not set. Setting it to the OmStorage's OmID: 6941ecaa-c1ff-4b20-93be-d03c0e388abc
2019-09-20 14:16:33,980 [Thread-1070] INFO  om.OzoneManager (OzoneManager.java:loadOMHAConfigs(602)) - Found matching OM address with OMServiceId: null, OMNodeId: null, RPC Address: localhost:0 and Ratis port: 9872
2019-09-20 14:16:33,985 | INFO  | SCMAudit | user=jenkins1000 | ip=192.168.36.99 | op=GET_SCM_INFO null | ret=SUCCESS |  
2019-09-20 14:16:33,987 [Thread-1070] WARN  server.ServerUtils (ServerUtils.java:getDBPath(222)) - ozone.om.db.dirs is not configured. We recommend adding this setting. Falling back to ozone.metadata.dirs instead.
2019-09-20 14:16:33,987 [Thread-1070] INFO  db.DBStoreBuilder (DBStoreBuilder.java:addTable(110)) - using custom profile for table: userTable
2019-09-20 14:16:33,987 [Thread-1070] INFO  db.DBStoreBuilder (DBStoreBuilder.java:processTables(161)) - Using default column profile:DBProfile.DISK for Table:userTable
2019-09-20 14:16:33,988 [Thread-1070] INFO  db.DBStoreBuilder (DBStoreBuilder.java:addTable(110)) - using custom profile for table: volumeTable
2019-09-20 14:16:33,988 [Thread-1070] INFO  db.DBStoreBuilder (DBStoreBuilder.java:processTables(161)) - Using default column profile:DBProfile.DISK for Table:volumeTable
2019-09-20 14:16:33,988 [Thread-1070] INFO  db.DBStoreBuilder (DBStoreBuilder.java:addTable(110)) - using custom profile for table: bucketTable
2019-09-20 14:16:33,988 [Thread-1070] INFO  db.DBStoreBuilder (DBStoreBuilder.java:processTables(161)) - Using default column profile:DBProfile.DISK for Table:bucketTable
2019-09-20 14:16:33,988 [Thread-1070] INFO  db.DBStoreBuilder (DBStoreBuilder.java:addTable(110)) - using custom profile for table: keyTable
2019-09-20 14:16:33,988 [Thread-1070] INFO  db.DBStoreBuilder (DBStoreBuilder.java:processTables(161)) - Using default column profile:DBProfile.DISK for Table:keyTable
2019-09-20 14:16:33,989 [Thread-1070] INFO  db.DBStoreBuilder (DBStoreBuilder.java:addTable(110)) - using custom profile for table: deletedTable
2019-09-20 14:16:33,989 [Thread-1070] INFO  db.DBStoreBuilder (DBStoreBuilder.java:processTables(161)) - Using default column profile:DBProfile.DISK for Table:deletedTable
2019-09-20 14:16:33,989 [Thread-1070] INFO  db.DBStoreBuilder (DBStoreBuilder.java:addTable(110)) - using custom profile for table: openKeyTable
2019-09-20 14:16:33,989 [Thread-1070] INFO  db.DBStoreBuilder (DBStoreBuilder.java:processTables(161)) - Using default column profile:DBProfile.DISK for Table:openKeyTable
2019-09-20 14:16:33,989 [Thread-1070] INFO  db.DBStoreBuilder (DBStoreBuilder.java:addTable(110)) - using custom profile for table: s3Table
2019-09-20 14:16:33,989 [Thread-1070] INFO  db.DBStoreBuilder (DBStoreBuilder.java:processTables(161)) - Using default column profile:DBProfile.DISK for Table:s3Table
2019-09-20 14:16:33,989 [Thread-1070] INFO  db.DBStoreBuilder (DBStoreBuilder.java:addTable(110)) - using custom profile for table: multipartInfoTable
2019-09-20 14:16:33,989 [Thread-1070] INFO  db.DBStoreBuilder (DBStoreBuilder.java:processTables(161)) - Using default column profile:DBProfile.DISK for Table:multipartInfoTable
2019-09-20 14:16:33,990 [Thread-1070] INFO  db.DBStoreBuilder (DBStoreBuilder.java:addTable(110)) - using custom profile for table: dTokenTable
2019-09-20 14:16:33,990 [Thread-1070] INFO  db.DBStoreBuilder (DBStoreBuilder.java:processTables(161)) - Using default column profile:DBProfile.DISK for Table:dTokenTable
2019-09-20 14:16:33,990 [Thread-1070] INFO  db.DBStoreBuilder (DBStoreBuilder.java:addTable(110)) - using custom profile for table: s3SecretTable
2019-09-20 14:16:33,990 [Thread-1070] INFO  db.DBStoreBuilder (DBStoreBuilder.java:processTables(161)) - Using default column profile:DBProfile.DISK for Table:s3SecretTable
2019-09-20 14:16:33,990 [Thread-1070] INFO  db.DBStoreBuilder (DBStoreBuilder.java:addTable(110)) - using custom profile for table: prefixTable
2019-09-20 14:16:33,990 [Thread-1070] INFO  db.DBStoreBuilder (DBStoreBuilder.java:processTables(161)) - Using default column profile:DBProfile.DISK for Table:prefixTable
2019-09-20 14:16:33,990 [Thread-1070] INFO  db.DBStoreBuilder (DBStoreBuilder.java:addTable(110)) - using custom profile for table: default
2019-09-20 14:16:33,991 [Thread-1070] INFO  db.DBStoreBuilder (DBStoreBuilder.java:processTables(167)) - Using default column profile:DBProfile.DISK for Table:default
2019-09-20 14:16:33,991 [Thread-1070] INFO  db.DBStoreBuilder (DBStoreBuilder.java:getDbProfile(198)) - Using default options. DBProfile.DISK
2019-09-20 14:16:34,634 [Thread-1070] INFO  ipc.CallQueueManager (CallQueueManager.java:<init>(84)) - Using callQueue: class java.util.concurrent.LinkedBlockingQueue, queueCapacity: 2000, scheduler: class org.apache.hadoop.ipc.DefaultRpcScheduler, ipcBackoff: false.
2019-09-20 14:16:34,635 [Socket Reader #1 for port 33263] INFO  ipc.Server (Server.java:run(1074)) - Starting Socket Reader #1 for port 33263
2019-09-20 14:16:34,662 [Thread-1070] INFO  om.OzoneManager (OzoneManager.java:start(1256)) - OzoneManager RPC server is listening at localhost/127.0.0.1:33263
2019-09-20 14:16:34,662 [Thread-1070] INFO  impl.MetricsSystemImpl (MetricsSystemImpl.java:init(158)) - OzoneManager metrics system started (again)
2019-09-20 14:16:34,663 [IPC Server Responder] INFO  ipc.Server (Server.java:run(1314)) - IPC Server Responder: starting
2019-09-20 14:16:34,664 [IPC Server listener on 33263] INFO  ipc.Server (Server.java:run(1153)) - IPC Server listener on 33263: starting
2019-09-20 14:16:34,670 [Thread-1070] INFO  hdfs.DFSUtil (DFSUtil.java:httpServerTemplateForNNAndJN(1641)) - Starting Web-server for ozoneManager at: http://0.0.0.0:0
2019-09-20 14:16:34,672 [Thread-1070] INFO  server.AuthenticationFilter (AuthenticationFilter.java:constructSecretProvider(240)) - Unable to initialize FileSignerSecretProvider, falling back to use random secrets.
2019-09-20 14:16:34,673 [Thread-1070] WARN  http.HttpRequestLog (HttpRequestLog.java:getRequestLog(97)) - Jetty request log can only be enabled using Log4j
2019-09-20 14:16:34,675 [Thread-1070] INFO  http.HttpServer2 (HttpServer2.java:addGlobalFilter(975)) - Added global filter 'safety' (class=org.apache.hadoop.http.HttpServer2$QuotingInputFilter)
2019-09-20 14:16:34,676 [Thread-1070] INFO  http.HttpServer2 (HttpServer2.java:addFilter(948)) - Added filter static_user_filter (class=org.apache.hadoop.http.lib.StaticUserWebFilter$StaticUserFilter) to context ozoneManager
2019-09-20 14:16:34,676 [Thread-1070] INFO  http.HttpServer2 (HttpServer2.java:addFilter(958)) - Added filter static_user_filter (class=org.apache.hadoop.http.lib.StaticUserWebFilter$StaticUserFilter) to context static
2019-09-20 14:16:34,676 [Thread-1070] INFO  http.HttpServer2 (HttpServer2.java:addFilter(958)) - Added filter static_user_filter (class=org.apache.hadoop.http.lib.StaticUserWebFilter$StaticUserFilter) to context logs
2019-09-20 14:16:34,677 [Thread-1070] INFO  http.HttpServer2 (HttpServer2.java:bindListener(1191)) - Jetty bound to port 36660
2019-09-20 14:16:34,677 [Thread-1070] INFO  server.Server (Server.java:doStart(351)) - jetty-9.3.24.v20180605, build timestamp: 2018-06-05T17:11:56Z, git hash: 84205aa28f11a4f31f2a3b86d1bba2cc8ab69827
2019-09-20 14:16:34,679 [Thread-1070] INFO  handler.ContextHandler (ContextHandler.java:doStart(781)) - Started o.e.j.s.ServletContextHandler@575be112{/logs,file:///workdir/hadoop-ozone/ozonefs/target/log,AVAILABLE}
2019-09-20 14:16:34,680 [Thread-1070] INFO  handler.ContextHandler (ContextHandler.java:doStart(781)) - Started o.e.j.s.ServletContextHandler@1af04994{/static,jar:file:/home/user/.m2/repository/org/apache/hadoop/hadoop-ozone-ozone-manager/0.5.0-SNAPSHOT/hadoop-ozone-ozone-manager-0.5.0-SNAPSHOT.jar!/webapps/static,AVAILABLE}
2019-09-20 14:16:34,744 [Thread-1070] INFO  handler.ContextHandler (ContextHandler.java:doStart(781)) - Started o.e.j.w.WebAppContext@744b4c7e{/,file:///tmp/jetty-0.0.0.0-36660-ozoneManager-_-any-7868307131253331121.dir/webapp/,AVAILABLE}{/ozoneManager}
2019-09-20 14:16:34,745 [Thread-1070] INFO  server.AbstractConnector (AbstractConnector.java:doStart(278)) - Started ServerConnector@1b6a25a9{HTTP/1.1,[http/1.1]}{0.0.0.0:36660}
2019-09-20 14:16:34,746 [Thread-1070] INFO  server.Server (Server.java:doStart(419)) - Started @80119ms
2019-09-20 14:16:34,747 [Thread-1070] INFO  server.BaseHttpServer (BaseHttpServer.java:updateConnectorAddress(213)) - HTTP server of OZONEMANAGER is listening at http://0.0.0.0:36660
2019-09-20 14:16:34,754 [Thread-1070] INFO  impl.MetricsSystemImpl (MetricsSystemImpl.java:init(158)) - HddsDatanode metrics system started (again)
2019-09-20 14:16:34,756 [Thread-1070] INFO  ozone.HddsDatanodeService (HddsDatanodeService.java:start(184)) - HddsDatanodeService host:pr-hdds-1569-p5fx8-1226042367 ip:192.168.36.99
2019-09-20 14:16:34,765 [Thread-1070] INFO  volume.HddsVolume (HddsVolume.java:<init>(176)) - Creating Volume: /workdir/hadoop-ozone/ozonefs/target/test-dir/MiniOzoneClusterImpl-7e8c7029-0518-46b6-9dc3-3175ad8e4a05/datanode-0/data/containers/hdds of  storage type : DISK and capacity : 1482555576320
2019-09-20 14:16:34,765 [Thread-1070] INFO  volume.VolumeSet (VolumeSet.java:initializeVolumeSet(170)) - Added Volume : /workdir/hadoop-ozone/ozonefs/target/test-dir/MiniOzoneClusterImpl-7e8c7029-0518-46b6-9dc3-3175ad8e4a05/datanode-0/data/containers/hdds to VolumeSet
2019-09-20 14:16:34,765 [Thread-1070] INFO  volume.ThrottledAsyncChecker (ThrottledAsyncChecker.java:schedule(140)) - Scheduling a check for org.apache.hadoop.ozone.container.common.volume.HddsVolume@2225e318
2019-09-20 14:16:34,766 [Thread-1070] INFO  volume.HddsVolumeChecker (HddsVolumeChecker.java:checkAllVolumes(203)) - Scheduled health check for volume org.apache.hadoop.ozone.container.common.volume.HddsVolume@2225e318
2019-09-20 14:16:34,788 [Thread-1070] INFO  impl.RaftServerProxy (ConfUtils.java:logGet(43)) - raft.rpc.type = GRPC (default)
2019-09-20 14:16:34,788 [Thread-1070] INFO  grpc.GrpcFactory (GrpcFactory.java:checkPooledByteBufAllocatorUseCacheForAllThreads(45)) - PERFORMANCE WARNING: useCacheForAllThreads is true that may cause Netty to create a lot garbage objects and, as a result, trigger GC.
	It is recommended to disable useCacheForAllThreads by setting -Dorg.apache.ratis.thirdparty.io.netty.allocator.useCacheForAllThreads=false in command line.
2019-09-20 14:16:34,789 [Thread-1070] INFO  grpc.GrpcConfigKeys$Server (ConfUtils.java:logGet(43)) - raft.grpc.server.port = 0 (default)
2019-09-20 14:16:34,789 [Thread-1070] INFO  server.GrpcService (ConfUtils.java:logGet(43)) - raft.grpc.message.size.max = 33570816 (custom)
2019-09-20 14:16:34,789 [Thread-1070] INFO  server.RaftServerConfigKeys (ConfUtils.java:logGet(43)) - raft.server.log.appender.buffer.byte-limit = 33554432 (custom)
2019-09-20 14:16:34,789 [Thread-1070] INFO  server.GrpcService (ConfUtils.java:logGet(43)) - raft.grpc.flow.control.window = 1MB (=1048576) (default)
2019-09-20 14:16:34,789 [Thread-1070] INFO  server.RaftServerConfigKeys (ConfUtils.java:logGet(43)) - raft.server.rpc.request.timeout = 3000ms (default)
2019-09-20 14:16:34,790 [Thread-1070] INFO  server.RaftServerConfigKeys (ConfUtils.java:logGet(43)) - raft.server.storage.dir = [/workdir/hadoop-ozone/ozonefs/target/test-dir/MiniOzoneClusterImpl-7e8c7029-0518-46b6-9dc3-3175ad8e4a05/datanode-0/data/ratis] (custom)
2019-09-20 14:16:34,790 [Thread-1070] INFO  replication.SimpleContainerDownloader (SimpleContainerDownloader.java:<init>(72)) - Starting container downloader service to copy containers to replicate.
2019-09-20 14:16:34,791 [Thread-1070] INFO  hdfs.DFSUtil (DFSUtil.java:httpServerTemplateForNNAndJN(1641)) - Starting Web-server for hddsDatanode at: http://0.0.0.0:0
2019-09-20 14:16:34,793 [Thread-1070] INFO  server.AuthenticationFilter (AuthenticationFilter.java:constructSecretProvider(240)) - Unable to initialize FileSignerSecretProvider, falling back to use random secrets.
2019-09-20 14:16:34,793 [Thread-1070] WARN  http.HttpRequestLog (HttpRequestLog.java:getRequestLog(97)) - Jetty request log can only be enabled using Log4j
2019-09-20 14:16:34,795 [Thread-1070] INFO  http.HttpServer2 (HttpServer2.java:addGlobalFilter(975)) - Added global filter 'safety' (class=org.apache.hadoop.http.HttpServer2$QuotingInputFilter)
2019-09-20 14:16:34,795 [Thread-1070] INFO  http.HttpServer2 (HttpServer2.java:addFilter(948)) - Added filter static_user_filter (class=org.apache.hadoop.http.lib.StaticUserWebFilter$StaticUserFilter) to context hddsDatanode
2019-09-20 14:16:34,795 [Thread-1070] INFO  http.HttpServer2 (HttpServer2.java:addFilter(958)) - Added filter static_user_filter (class=org.apache.hadoop.http.lib.StaticUserWebFilter$StaticUserFilter) to context logs
2019-09-20 14:16:34,795 [Thread-1070] INFO  http.HttpServer2 (HttpServer2.java:addFilter(958)) - Added filter static_user_filter (class=org.apache.hadoop.http.lib.StaticUserWebFilter$StaticUserFilter) to context static
2019-09-20 14:16:34,796 [Thread-1070] INFO  http.HttpServer2 (HttpServer2.java:bindListener(1191)) - Jetty bound to port 38418
2019-09-20 14:16:34,796 [Thread-1070] INFO  server.Server (Server.java:doStart(351)) - jetty-9.3.24.v20180605, build timestamp: 2018-06-05T17:11:56Z, git hash: 84205aa28f11a4f31f2a3b86d1bba2cc8ab69827
2019-09-20 14:16:34,798 [Thread-1070] INFO  handler.ContextHandler (ContextHandler.java:doStart(781)) - Started o.e.j.s.ServletContextHandler@2bfbfda1{/logs,file:///workdir/hadoop-ozone/ozonefs/target/log,AVAILABLE}
2019-09-20 14:16:34,798 [Thread-1070] INFO  handler.ContextHandler (ContextHandler.java:doStart(781)) - Started o.e.j.s.ServletContextHandler@41cf15f4{/static,jar:file:/home/user/.m2/repository/org/apache/hadoop/hadoop-hdds-container-service/0.5.0-SNAPSHOT/hadoop-hdds-container-service-0.5.0-SNAPSHOT.jar!/webapps/static,AVAILABLE}
2019-09-20 14:16:34,825 [Thread-1070] INFO  handler.ContextHandler (ContextHandler.java:doStart(781)) - Started o.e.j.w.WebAppContext@3b8f6883{/,file:///tmp/jetty-0.0.0.0-38418-hddsDatanode-_-any-7022568477828172839.dir/webapp/,AVAILABLE}{/hddsDatanode}
2019-09-20 14:16:34,825 [Thread-1070] INFO  server.AbstractConnector (AbstractConnector.java:doStart(278)) - Started ServerConnector@8c0f33c{HTTP/1.1,[http/1.1]}{0.0.0.0:38418}
2019-09-20 14:16:34,826 [Thread-1070] INFO  server.Server (Server.java:doStart(419)) - Started @80199ms
2019-09-20 14:16:34,827 [Thread-1070] INFO  server.BaseHttpServer (BaseHttpServer.java:updateConnectorAddress(213)) - HTTP server of HDDSDATANODE is listening at http://0.0.0.0:38418
2019-09-20 14:16:34,958 | INFO  | ObjectStoreRestHttpServer | Listening HDDS REST traffic on /0.0.0.0:34467 |  
2019-09-20 14:16:34,958 [Thread-1070] INFO  ozone.HddsDatanodeService (HddsDatanodeService.java:startPlugins(395)) - Started plug-in org.apache.hadoop.ozone.web.OzoneHddsDatanodeService@70be8709
2019-09-20 14:16:34,958 [Thread-1070] INFO  impl.MetricsSystemImpl (MetricsSystemImpl.java:init(158)) - HddsDatanode metrics system started (again)
2019-09-20 14:16:34,960 [Thread-1070] INFO  ozone.HddsDatanodeService (HddsDatanodeService.java:start(184)) - HddsDatanodeService host:pr-hdds-1569-p5fx8-1226042367 ip:192.168.36.99
2019-09-20 14:16:34,961 [org.apache.hadoop.util.JvmPauseMonitor$Monitor@7fa891ae] INFO  util.JvmPauseMonitor (JvmPauseMonitor.java:run(188)) - Starting JVM pause monitor
2019-09-20 14:16:34,962 [Datanode State Machine Thread - 0] INFO  datanode.InitDatanodeState (InitDatanodeState.java:persistContainerDatanodeDetails(140)) - DatanodeDetails is persisted to /workdir/hadoop-ozone/ozonefs/target/test-dir/MiniOzoneClusterImpl-7e8c7029-0518-46b6-9dc3-3175ad8e4a05/datanode-0/meta/datanode.id
2019-09-20 14:16:34,968 [Thread-1070] INFO  volume.HddsVolume (HddsVolume.java:<init>(176)) - Creating Volume: /workdir/hadoop-ozone/ozonefs/target/test-dir/MiniOzoneClusterImpl-7e8c7029-0518-46b6-9dc3-3175ad8e4a05/datanode-1/data/containers/hdds of  storage type : DISK and capacity : 1482555576320
2019-09-20 14:16:34,968 [Thread-1070] INFO  volume.VolumeSet (VolumeSet.java:initializeVolumeSet(170)) - Added Volume : /workdir/hadoop-ozone/ozonefs/target/test-dir/MiniOzoneClusterImpl-7e8c7029-0518-46b6-9dc3-3175ad8e4a05/datanode-1/data/containers/hdds to VolumeSet
2019-09-20 14:16:34,969 [Thread-1070] INFO  volume.ThrottledAsyncChecker (ThrottledAsyncChecker.java:schedule(140)) - Scheduling a check for org.apache.hadoop.ozone.container.common.volume.HddsVolume@68771f40
2019-09-20 14:16:34,969 [Thread-1070] INFO  volume.HddsVolumeChecker (HddsVolumeChecker.java:checkAllVolumes(203)) - Scheduled health check for volume org.apache.hadoop.ozone.container.common.volume.HddsVolume@68771f40
2019-09-20 14:16:34,999 [Thread-1070] INFO  impl.RaftServerProxy (ConfUtils.java:logGet(43)) - raft.rpc.type = GRPC (default)
2019-09-20 14:16:34,999 [Thread-1070] INFO  grpc.GrpcFactory (GrpcFactory.java:checkPooledByteBufAllocatorUseCacheForAllThreads(45)) - PERFORMANCE WARNING: useCacheForAllThreads is true that may cause Netty to create a lot garbage objects and, as a result, trigger GC.
	It is recommended to disable useCacheForAllThreads by setting -Dorg.apache.ratis.thirdparty.io.netty.allocator.useCacheForAllThreads=false in command line.
2019-09-20 14:16:35,000 [Thread-1070] INFO  grpc.GrpcConfigKeys$Server (ConfUtils.java:logGet(43)) - raft.grpc.server.port = 0 (default)
2019-09-20 14:16:35,000 [Thread-1070] INFO  server.GrpcService (ConfUtils.java:logGet(43)) - raft.grpc.message.size.max = 33570816 (custom)
2019-09-20 14:16:35,000 [Thread-1070] INFO  server.RaftServerConfigKeys (ConfUtils.java:logGet(43)) - raft.server.log.appender.buffer.byte-limit = 33554432 (custom)
2019-09-20 14:16:35,000 [Thread-1070] INFO  server.GrpcService (ConfUtils.java:logGet(43)) - raft.grpc.flow.control.window = 1MB (=1048576) (default)
2019-09-20 14:16:35,000 [Thread-1070] INFO  server.RaftServerConfigKeys (ConfUtils.java:logGet(43)) - raft.server.rpc.request.timeout = 3000ms (default)
2019-09-20 14:16:35,001 [Thread-1070] INFO  server.RaftServerConfigKeys (ConfUtils.java:logGet(43)) - raft.server.storage.dir = [/workdir/hadoop-ozone/ozonefs/target/test-dir/MiniOzoneClusterImpl-7e8c7029-0518-46b6-9dc3-3175ad8e4a05/datanode-1/data/ratis] (custom)
2019-09-20 14:16:35,002 [Thread-1070] INFO  replication.SimpleContainerDownloader (SimpleContainerDownloader.java:<init>(72)) - Starting container downloader service to copy containers to replicate.
2019-09-20 14:16:35,003 [Thread-1070] INFO  hdfs.DFSUtil (DFSUtil.java:httpServerTemplateForNNAndJN(1641)) - Starting Web-server for hddsDatanode at: http://0.0.0.0:0
2019-09-20 14:16:35,006 [Thread-1070] INFO  server.AuthenticationFilter (AuthenticationFilter.java:constructSecretProvider(240)) - Unable to initialize FileSignerSecretProvider, falling back to use random secrets.
2019-09-20 14:16:35,007 [Thread-1070] WARN  http.HttpRequestLog (HttpRequestLog.java:getRequestLog(97)) - Jetty request log can only be enabled using Log4j
2019-09-20 14:16:35,010 [Thread-1070] INFO  http.HttpServer2 (HttpServer2.java:addGlobalFilter(975)) - Added global filter 'safety' (class=org.apache.hadoop.http.HttpServer2$QuotingInputFilter)
2019-09-20 14:16:35,011 [Thread-1070] INFO  http.HttpServer2 (HttpServer2.java:addFilter(948)) - Added filter static_user_filter (class=org.apache.hadoop.http.lib.StaticUserWebFilter$StaticUserFilter) to context hddsDatanode
2019-09-20 14:16:35,011 [Thread-1070] INFO  http.HttpServer2 (HttpServer2.java:addFilter(958)) - Added filter static_user_filter (class=org.apache.hadoop.http.lib.StaticUserWebFilter$StaticUserFilter) to context static
2019-09-20 14:16:35,012 [Thread-1070] INFO  http.HttpServer2 (HttpServer2.java:addFilter(958)) - Added filter static_user_filter (class=org.apache.hadoop.http.lib.StaticUserWebFilter$StaticUserFilter) to context logs
2019-09-20 14:16:35,012 [Thread-1070] INFO  http.HttpServer2 (HttpServer2.java:bindListener(1191)) - Jetty bound to port 36740
2019-09-20 14:16:35,013 [Thread-1070] INFO  server.Server (Server.java:doStart(351)) - jetty-9.3.24.v20180605, build timestamp: 2018-06-05T17:11:56Z, git hash: 84205aa28f11a4f31f2a3b86d1bba2cc8ab69827
2019-09-20 14:16:35,015 [Thread-1070] INFO  handler.ContextHandler (ContextHandler.java:doStart(781)) - Started o.e.j.s.ServletContextHandler@2cade497{/logs,file:///workdir/hadoop-ozone/ozonefs/target/log,AVAILABLE}
2019-09-20 14:16:35,015 [Thread-1070] INFO  handler.ContextHandler (ContextHandler.java:doStart(781)) - Started o.e.j.s.ServletContextHandler@69c95a6d{/static,jar:file:/home/user/.m2/repository/org/apache/hadoop/hadoop-hdds-container-service/0.5.0-SNAPSHOT/hadoop-hdds-container-service-0.5.0-SNAPSHOT.jar!/webapps/static,AVAILABLE}
2019-09-20 14:16:35,050 [Thread-1070] INFO  handler.ContextHandler (ContextHandler.java:doStart(781)) - Started o.e.j.w.WebAppContext@54058e6{/,file:///tmp/jetty-0.0.0.0-36740-hddsDatanode-_-any-3719355146853498401.dir/webapp/,AVAILABLE}{/hddsDatanode}
2019-09-20 14:16:35,050 [Thread-1070] INFO  server.AbstractConnector (AbstractConnector.java:doStart(278)) - Started ServerConnector@156dac55{HTTP/1.1,[http/1.1]}{0.0.0.0:36740}
2019-09-20 14:16:35,052 [Thread-1070] INFO  server.Server (Server.java:doStart(419)) - Started @80425ms
2019-09-20 14:16:35,052 [Thread-1070] INFO  server.BaseHttpServer (BaseHttpServer.java:updateConnectorAddress(213)) - HTTP server of HDDSDATANODE is listening at http://0.0.0.0:36740
2019-09-20 14:16:35,185 | INFO  | ObjectStoreRestHttpServer | Listening HDDS REST traffic on /0.0.0.0:33643 |  
2019-09-20 14:16:35,186 [Thread-1070] INFO  ozone.HddsDatanodeService (HddsDatanodeService.java:startPlugins(395)) - Started plug-in org.apache.hadoop.ozone.web.OzoneHddsDatanodeService@7bbdc7ae
2019-09-20 14:16:35,186 [Thread-1070] INFO  impl.MetricsSystemImpl (MetricsSystemImpl.java:init(158)) - HddsDatanode metrics system started (again)
2019-09-20 14:16:35,189 [org.apache.hadoop.util.JvmPauseMonitor$Monitor@4b295aaf] INFO  util.JvmPauseMonitor (JvmPauseMonitor.java:run(188)) - Starting JVM pause monitor
2019-09-20 14:16:35,189 [Thread-1070] INFO  ozone.HddsDatanodeService (HddsDatanodeService.java:start(184)) - HddsDatanodeService host:pr-hdds-1569-p5fx8-1226042367 ip:192.168.36.99
2019-09-20 14:16:35,190 [Datanode State Machine Thread - 0] INFO  datanode.InitDatanodeState (InitDatanodeState.java:persistContainerDatanodeDetails(140)) - DatanodeDetails is persisted to /workdir/hadoop-ozone/ozonefs/target/test-dir/MiniOzoneClusterImpl-7e8c7029-0518-46b6-9dc3-3175ad8e4a05/datanode-1/meta/datanode.id
2019-09-20 14:16:35,197 [Thread-1070] INFO  volume.HddsVolume (HddsVolume.java:<init>(176)) - Creating Volume: /workdir/hadoop-ozone/ozonefs/target/test-dir/MiniOzoneClusterImpl-7e8c7029-0518-46b6-9dc3-3175ad8e4a05/datanode-2/data/containers/hdds of  storage type : DISK and capacity : 1482555576320
2019-09-20 14:16:35,197 [Thread-1070] INFO  volume.VolumeSet (VolumeSet.java:initializeVolumeSet(170)) - Added Volume : /workdir/hadoop-ozone/ozonefs/target/test-dir/MiniOzoneClusterImpl-7e8c7029-0518-46b6-9dc3-3175ad8e4a05/datanode-2/data/containers/hdds to VolumeSet
2019-09-20 14:16:35,198 [Thread-1070] INFO  volume.ThrottledAsyncChecker (ThrottledAsyncChecker.java:schedule(140)) - Scheduling a check for org.apache.hadoop.ozone.container.common.volume.HddsVolume@7bdca525
2019-09-20 14:16:35,198 [Thread-1070] INFO  volume.HddsVolumeChecker (HddsVolumeChecker.java:checkAllVolumes(203)) - Scheduled health check for volume org.apache.hadoop.ozone.container.common.volume.HddsVolume@7bdca525
2019-09-20 14:16:35,230 [Thread-1070] INFO  impl.RaftServerProxy (ConfUtils.java:logGet(43)) - raft.rpc.type = GRPC (default)
2019-09-20 14:16:35,230 [Thread-1070] INFO  grpc.GrpcFactory (GrpcFactory.java:checkPooledByteBufAllocatorUseCacheForAllThreads(45)) - PERFORMANCE WARNING: useCacheForAllThreads is true that may cause Netty to create a lot garbage objects and, as a result, trigger GC.
	It is recommended to disable useCacheForAllThreads by setting -Dorg.apache.ratis.thirdparty.io.netty.allocator.useCacheForAllThreads=false in command line.
2019-09-20 14:16:35,230 [Thread-1070] INFO  grpc.GrpcConfigKeys$Server (ConfUtils.java:logGet(43)) - raft.grpc.server.port = 0 (default)
2019-09-20 14:16:35,230 [Thread-1070] INFO  server.GrpcService (ConfUtils.java:logGet(43)) - raft.grpc.message.size.max = 33570816 (custom)
2019-09-20 14:16:35,231 [Thread-1070] INFO  server.RaftServerConfigKeys (ConfUtils.java:logGet(43)) - raft.server.log.appender.buffer.byte-limit = 33554432 (custom)
2019-09-20 14:16:35,231 [Thread-1070] INFO  server.GrpcService (ConfUtils.java:logGet(43)) - raft.grpc.flow.control.window = 1MB (=1048576) (default)
2019-09-20 14:16:35,231 [Thread-1070] INFO  server.RaftServerConfigKeys (ConfUtils.java:logGet(43)) - raft.server.rpc.request.timeout = 3000ms (default)
2019-09-20 14:16:35,232 [Thread-1070] INFO  server.RaftServerConfigKeys (ConfUtils.java:logGet(43)) - raft.server.storage.dir = [/workdir/hadoop-ozone/ozonefs/target/test-dir/MiniOzoneClusterImpl-7e8c7029-0518-46b6-9dc3-3175ad8e4a05/datanode-2/data/ratis] (custom)
2019-09-20 14:16:35,232 [Thread-1070] INFO  replication.SimpleContainerDownloader (SimpleContainerDownloader.java:<init>(72)) - Starting container downloader service to copy containers to replicate.
2019-09-20 14:16:35,234 [Thread-1070] INFO  hdfs.DFSUtil (DFSUtil.java:httpServerTemplateForNNAndJN(1641)) - Starting Web-server for hddsDatanode at: http://0.0.0.0:0
2019-09-20 14:16:35,236 [Thread-1070] INFO  server.AuthenticationFilter (AuthenticationFilter.java:constructSecretProvider(240)) - Unable to initialize FileSignerSecretProvider, falling back to use random secrets.
2019-09-20 14:16:35,237 [Thread-1070] WARN  http.HttpRequestLog (HttpRequestLog.java:getRequestLog(97)) - Jetty request log can only be enabled using Log4j
2019-09-20 14:16:35,240 [Thread-1070] INFO  http.HttpServer2 (HttpServer2.java:addGlobalFilter(975)) - Added global filter 'safety' (class=org.apache.hadoop.http.HttpServer2$QuotingInputFilter)
2019-09-20 14:16:35,240 [Thread-1070] INFO  http.HttpServer2 (HttpServer2.java:addFilter(948)) - Added filter static_user_filter (class=org.apache.hadoop.http.lib.StaticUserWebFilter$StaticUserFilter) to context hddsDatanode
2019-09-20 14:16:35,241 [Thread-1070] INFO  http.HttpServer2 (HttpServer2.java:addFilter(958)) - Added filter static_user_filter (class=org.apache.hadoop.http.lib.StaticUserWebFilter$StaticUserFilter) to context static
2019-09-20 14:16:35,241 [Thread-1070] INFO  http.HttpServer2 (HttpServer2.java:addFilter(958)) - Added filter static_user_filter (class=org.apache.hadoop.http.lib.StaticUserWebFilter$StaticUserFilter) to context logs
2019-09-20 14:16:35,242 [Thread-1070] INFO  http.HttpServer2 (HttpServer2.java:bindListener(1191)) - Jetty bound to port 36653
2019-09-20 14:16:35,242 [Thread-1070] INFO  server.Server (Server.java:doStart(351)) - jetty-9.3.24.v20180605, build timestamp: 2018-06-05T17:11:56Z, git hash: 84205aa28f11a4f31f2a3b86d1bba2cc8ab69827
2019-09-20 14:16:35,244 [Thread-1070] INFO  handler.ContextHandler (ContextHandler.java:doStart(781)) - Started o.e.j.s.ServletContextHandler@5413859f{/logs,file:///workdir/hadoop-ozone/ozonefs/target/log,AVAILABLE}
2019-09-20 14:16:35,245 [Thread-1070] INFO  handler.ContextHandler (ContextHandler.java:doStart(781)) - Started o.e.j.s.ServletContextHandler@7f2a4fcc{/static,jar:file:/home/user/.m2/repository/org/apache/hadoop/hadoop-hdds-container-service/0.5.0-SNAPSHOT/hadoop-hdds-container-service-0.5.0-SNAPSHOT.jar!/webapps/static,AVAILABLE}
2019-09-20 14:16:35,286 [Thread-1070] INFO  handler.ContextHandler (ContextHandler.java:doStart(781)) - Started o.e.j.w.WebAppContext@dbe9a06{/,file:///tmp/jetty-0.0.0.0-36653-hddsDatanode-_-any-1661199202231076189.dir/webapp/,AVAILABLE}{/hddsDatanode}
2019-09-20 14:16:35,287 [Thread-1070] INFO  server.AbstractConnector (AbstractConnector.java:doStart(278)) - Started ServerConnector@7c15afac{HTTP/1.1,[http/1.1]}{0.0.0.0:36653}
2019-09-20 14:16:35,287 [Thread-1070] INFO  server.Server (Server.java:doStart(419)) - Started @80661ms
2019-09-20 14:16:35,288 [Thread-1070] INFO  server.BaseHttpServer (BaseHttpServer.java:updateConnectorAddress(213)) - HTTP server of HDDSDATANODE is listening at http://0.0.0.0:36653
2019-09-20 14:16:35,437 | INFO  | ObjectStoreRestHttpServer | Listening HDDS REST traffic on /0.0.0.0:45576 |  
2019-09-20 14:16:35,437 [Thread-1070] INFO  ozone.HddsDatanodeService (HddsDatanodeService.java:startPlugins(395)) - Started plug-in org.apache.hadoop.ozone.web.OzoneHddsDatanodeService@70e80bc3
2019-09-20 14:16:35,437 [Thread-1070] INFO  ozone.MiniOzoneClusterImpl (MiniOzoneClusterImpl.java:lambda$waitForClusterToBeReady$0(142)) - Waiting for cluster to be ready. Got 0 of 3 DN Heartbeats.
2019-09-20 14:16:35,439 [org.apache.hadoop.util.JvmPauseMonitor$Monitor@6180b396] INFO  util.JvmPauseMonitor (JvmPauseMonitor.java:run(188)) - Starting JVM pause monitor
2019-09-20 14:16:35,441 [Datanode State Machine Thread - 0] INFO  datanode.InitDatanodeState (InitDatanodeState.java:persistContainerDatanodeDetails(140)) - DatanodeDetails is persisted to /workdir/hadoop-ozone/ozonefs/target/test-dir/MiniOzoneClusterImpl-7e8c7029-0518-46b6-9dc3-3175ad8e4a05/datanode-2/meta/datanode.id
2019-09-20 14:16:36,438 [Thread-1070] INFO  ozone.MiniOzoneClusterImpl (MiniOzoneClusterImpl.java:lambda$waitForClusterToBeReady$0(142)) - Waiting for cluster to be ready. Got 0 of 3 DN Heartbeats.
2019-09-20 14:16:36,966 | INFO  | SCMAudit | user=jenkins1000 | ip=192.168.36.99 | op=GET_VERSION null | ret=SUCCESS |  
2019-09-20 14:16:36,987 [Datanode State Machine Thread - 0] INFO  ozoneimpl.OzoneContainer (OzoneContainer.java:start(186)) - Attempting to start container services.
2019-09-20 14:16:36,987 [Datanode State Machine Thread - 0] INFO  ozoneimpl.OzoneContainer (OzoneContainer.java:startContainerScrub(160)) - Background container scrubber has been disabled by hdds.containerscrub.enabled
2019-09-20 14:16:36,987 [Datanode State Machine Thread - 0] INFO  ratis.XceiverServerRatis (XceiverServerRatis.java:start(404)) - Starting XceiverServerRatis 13a328b2-3d84-4ca1-a243-9eae790dea4c at port 0
2019-09-20 14:16:36,994 [Datanode State Machine Thread - 0] INFO  impl.RaftServerProxy (RaftServerProxy.java:lambda$start$3(299)) - 13a328b2-3d84-4ca1-a243-9eae790dea4c: start RPC server
2019-09-20 14:16:36,997 [Datanode State Machine Thread - 0] INFO  server.GrpcService (GrpcService.java:startImpl(149)) - 13a328b2-3d84-4ca1-a243-9eae790dea4c: GrpcService started, listening on 0.0.0.0/0.0.0.0:41227
2019-09-20 14:16:36,997 [Datanode State Machine Thread - 0] INFO  ratis.XceiverServerRatis (XceiverServerRatis.java:start(414)) - XceiverServerRatis 13a328b2-3d84-4ca1-a243-9eae790dea4c is started using port 41227
2019-09-20 14:16:36,997 [Datanode State Machine Thread - 0] INFO  server.XceiverServerGrpc (XceiverServerGrpc.java:start(163)) - XceiverServerGrpc 13a328b2-3d84-4ca1-a243-9eae790dea4c is started using port 44146
2019-09-20 14:16:37,190 | INFO  | SCMAudit | user=jenkins1000 | ip=192.168.36.99 | op=GET_VERSION null | ret=SUCCESS |  
2019-09-20 14:16:37,219 [Datanode State Machine Thread - 0] INFO  ozoneimpl.OzoneContainer (OzoneContainer.java:start(186)) - Attempting to start container services.
2019-09-20 14:16:37,219 [Datanode State Machine Thread - 0] INFO  ozoneimpl.OzoneContainer (OzoneContainer.java:startContainerScrub(160)) - Background container scrubber has been disabled by hdds.containerscrub.enabled
2019-09-20 14:16:37,219 [Datanode State Machine Thread - 0] INFO  ratis.XceiverServerRatis (XceiverServerRatis.java:start(404)) - Starting XceiverServerRatis 3dd27507-a8cb-43da-a44e-e873f99ae85b at port 0
2019-09-20 14:16:37,226 [Datanode State Machine Thread - 0] INFO  impl.RaftServerProxy (RaftServerProxy.java:lambda$start$3(299)) - 3dd27507-a8cb-43da-a44e-e873f99ae85b: start RPC server
2019-09-20 14:16:37,227 [Datanode State Machine Thread - 0] INFO  server.GrpcService (GrpcService.java:startImpl(149)) - 3dd27507-a8cb-43da-a44e-e873f99ae85b: GrpcService started, listening on 0.0.0.0/0.0.0.0:33496
2019-09-20 14:16:37,227 [Datanode State Machine Thread - 0] INFO  ratis.XceiverServerRatis (XceiverServerRatis.java:start(414)) - XceiverServerRatis 3dd27507-a8cb-43da-a44e-e873f99ae85b is started using port 33496
2019-09-20 14:16:37,228 [Datanode State Machine Thread - 0] INFO  server.XceiverServerGrpc (XceiverServerGrpc.java:start(163)) - XceiverServerGrpc 3dd27507-a8cb-43da-a44e-e873f99ae85b is started using port 41976
2019-09-20 14:16:37,439 [Thread-1070] INFO  ozone.MiniOzoneClusterImpl (MiniOzoneClusterImpl.java:lambda$waitForClusterToBeReady$0(142)) - Waiting for cluster to be ready. Got 0 of 3 DN Heartbeats.
2019-09-20 14:16:37,440 | INFO  | SCMAudit | user=jenkins1000 | ip=192.168.36.99 | op=GET_VERSION null | ret=SUCCESS |  
2019-09-20 14:16:37,457 [Datanode State Machine Thread - 0] INFO  ozoneimpl.OzoneContainer (OzoneContainer.java:start(186)) - Attempting to start container services.
2019-09-20 14:16:37,457 [Datanode State Machine Thread - 0] INFO  ozoneimpl.OzoneContainer (OzoneContainer.java:startContainerScrub(160)) - Background container scrubber has been disabled by hdds.containerscrub.enabled
2019-09-20 14:16:37,457 [Datanode State Machine Thread - 0] INFO  ratis.XceiverServerRatis (XceiverServerRatis.java:start(404)) - Starting XceiverServerRatis 25438d07-0339-4bf6-8997-22533ce336d6 at port 0
2019-09-20 14:16:37,464 [Datanode State Machine Thread - 0] INFO  impl.RaftServerProxy (RaftServerProxy.java:lambda$start$3(299)) - 25438d07-0339-4bf6-8997-22533ce336d6: start RPC server
2019-09-20 14:16:37,466 [Datanode State Machine Thread - 0] INFO  server.GrpcService (GrpcService.java:startImpl(149)) - 25438d07-0339-4bf6-8997-22533ce336d6: GrpcService started, listening on 0.0.0.0/0.0.0.0:35646
2019-09-20 14:16:37,466 [Datanode State Machine Thread - 0] INFO  ratis.XceiverServerRatis (XceiverServerRatis.java:start(414)) - XceiverServerRatis 25438d07-0339-4bf6-8997-22533ce336d6 is started using port 35646
2019-09-20 14:16:37,466 [Datanode State Machine Thread - 0] INFO  server.XceiverServerGrpc (XceiverServerGrpc.java:start(163)) - XceiverServerGrpc 25438d07-0339-4bf6-8997-22533ce336d6 is started using port 33469
2019-09-20 14:16:38,439 [Thread-1070] INFO  ozone.MiniOzoneClusterImpl (MiniOzoneClusterImpl.java:lambda$waitForClusterToBeReady$0(142)) - Waiting for cluster to be ready. Got 0 of 3 DN Heartbeats.
2019-09-20 14:16:38,965 [IPC Server handler 0 on 33109] INFO  net.NetworkTopology (NetworkTopologyImpl.java:add(110)) - Added a new node: /default-rack/13a328b2-3d84-4ca1-a243-9eae790dea4c
2019-09-20 14:16:38,967 [IPC Server handler 0 on 33109] INFO  node.SCMNodeManager (SCMNodeManager.java:register(273)) - Registered Data node : 13a328b2-3d84-4ca1-a243-9eae790dea4c{ip: 192.168.36.99, host: pr-hdds-1569-p5fx8-1226042367, networkLocation: /default-rack, certSerialId: null}
2019-09-20 14:16:38,968 [EventQueue-NodeRegistrationContainerReportForDataNodeSafeModeRule] INFO  safemode.SCMSafeModeManager (DataNodeSafeModeRule.java:process(71)) - SCM in safe mode. 1 DataNodes registered, 1 required.
2019-09-20 14:16:38,970 [EventQueue-NodeRegistrationContainerReportForContainerSafeModeRule] INFO  safemode.SCMSafeModeManager (SCMSafeModeManager.java:validateSafeModeExitRules(177)) - ScmSafeModeManager, all rules are successfully validated
2019-09-20 14:16:38,969 | INFO  | SCMAudit | user=jenkins1000 | ip=192.168.36.99 | op=REGISTER {datanodeDetails=13a328b2-3d84-4ca1-a243-9eae790dea4c{ip: 192.168.36.99, host: pr-hdds-1569-p5fx8-1226042367, networkLocation: /default-rack, certSerialId: null}} | ret=SUCCESS |  
2019-09-20 14:16:38,970 [EventQueue-NodeRegistrationContainerReportForContainerSafeModeRule] INFO  safemode.SCMSafeModeManager (SCMSafeModeManager.java:exitSafeMode(193)) - SCM exiting safe mode.
2019-09-20 14:16:38,982 [grpc-default-executor-0] INFO  impl.RaftServerProxy (RaftServerProxy.java:addNew(89)) - 13a328b2-3d84-4ca1-a243-9eae790dea4c: addNew group-74C363CA8F7D:[13a328b2-3d84-4ca1-a243-9eae790dea4c:192.168.36.99:41227] returns group-74C363CA8F7D:java.util.concurrent.CompletableFuture@ab105ff[Not completed]
2019-09-20 14:16:38,983 [pool-239-thread-1] INFO  impl.RaftServerImpl (RaftServerImpl.java:<init>(93)) - 13a328b2-3d84-4ca1-a243-9eae790dea4c: new RaftServerImpl for group-74C363CA8F7D:[13a328b2-3d84-4ca1-a243-9eae790dea4c:192.168.36.99:41227] with ContainerStateMachine:uninitialized
2019-09-20 14:16:38,983 [pool-239-thread-1] INFO  server.RaftServerConfigKeys (ConfUtils.java:logGet(43)) - raft.server.rpc.timeout.min = 5s (custom)
2019-09-20 14:16:38,984 [pool-239-thread-1] INFO  server.RaftServerConfigKeys (ConfUtils.java:logGet(43)) - raft.server.rpc.timeout.max = 5200ms (custom)
2019-09-20 14:16:38,984 [pool-239-thread-1] INFO  server.RaftServerConfigKeys (ConfUtils.java:logGet(43)) - raft.server.rpcslowness.timeout = 120s (custom)
2019-09-20 14:16:38,984 [pool-239-thread-1] INFO  server.RaftServerConfigKeys (ConfUtils.java:logGet(43)) - raft.server.sleep.deviation.threshold = 300 (default)
2019-09-20 14:16:38,984 [pool-239-thread-1] INFO  server.RaftServerConfigKeys (ConfUtils.java:logGet(43)) - raft.server.log.appender.install.snapshot.enabled = false (custom)
2019-09-20 14:16:38,984 [pool-239-thread-1] INFO  impl.RaftServerImpl (ServerState.java:<init>(105)) - 13a328b2-3d84-4ca1-a243-9eae790dea4c:group-74C363CA8F7D ConfigurationManager, init=-1: [13a328b2-3d84-4ca1-a243-9eae790dea4c:192.168.36.99:41227], old=null, confs=<EMPTY_MAP>
2019-09-20 14:16:38,984 [pool-239-thread-1] INFO  server.RaftServerConfigKeys (ConfUtils.java:logGet(43)) - raft.server.storage.dir = [/workdir/hadoop-ozone/ozonefs/target/test-dir/MiniOzoneClusterImpl-7e8c7029-0518-46b6-9dc3-3175ad8e4a05/datanode-0/data/ratis] (custom)
2019-09-20 14:16:38,985 [pool-239-thread-1] INFO  storage.RaftStorageDirectory (RaftStorageDirectory.java:analyzeStorage(246)) - The storage directory /workdir/hadoop-ozone/ozonefs/target/test-dir/MiniOzoneClusterImpl-7e8c7029-0518-46b6-9dc3-3175ad8e4a05/datanode-0/data/ratis/00f4358a-4380-4ba5-a50b-74c363ca8f7d does not exist. Creating ...
2019-09-20 14:16:39,003 [pool-239-thread-1] INFO  storage.RaftStorageDirectory (RaftStorageDirectory.java:tryLock(328)) - Lock on /workdir/hadoop-ozone/ozonefs/target/test-dir/MiniOzoneClusterImpl-7e8c7029-0518-46b6-9dc3-3175ad8e4a05/datanode-0/data/ratis/00f4358a-4380-4ba5-a50b-74c363ca8f7d/in_use.lock acquired by nodename 5474@pr-hdds-1569-p5fx8-1226042367
2019-09-20 14:16:39,026 [pool-239-thread-1] INFO  storage.RaftStorage (RaftStorage.java:format(72)) - Storage directory /workdir/hadoop-ozone/ozonefs/target/test-dir/MiniOzoneClusterImpl-7e8c7029-0518-46b6-9dc3-3175ad8e4a05/datanode-0/data/ratis/00f4358a-4380-4ba5-a50b-74c363ca8f7d has been successfully formatted.
2019-09-20 14:16:39,026 [pool-239-thread-1] INFO  ratis.ContainerStateMachine (ContainerStateMachine.java:loadSnapshot(226)) - group-74C363CA8F7D: The snapshot info is null. Setting the last applied indexto:(t:0, i:~)
2019-09-20 14:16:39,027 [pool-239-thread-1] INFO  server.RaftServerConfigKeys (ConfUtils.java:logGet(43)) - raft.server.leader.election.timeout = 120s (custom)
2019-09-20 14:16:39,027 [pool-239-thread-1] INFO  server.RaftServerConfigKeys (ConfUtils.java:logGet(43)) - raft.server.log.use.memory = false (default)
2019-09-20 14:16:39,027 [pool-239-thread-1] INFO  server.RaftServerConfigKeys (ConfUtils.java:logGet(43)) - raft.server.log.purge.gap = 1000000 (custom)
2019-09-20 14:16:39,027 [pool-239-thread-1] INFO  server.RaftServerConfigKeys (ConfUtils.java:logGet(43)) - raft.server.log.appender.buffer.byte-limit = 33554432 (custom)
2019-09-20 14:16:39,027 [pool-239-thread-1] INFO  server.RaftServerConfigKeys (ConfUtils.java:logGet(43)) - raft.server.log.segment.size.max = 1048576 (custom)
2019-09-20 14:16:39,027 [pool-239-thread-1] INFO  server.RaftServerConfigKeys (ConfUtils.java:logGet(43)) - raft.server.log.segment.cache.num.max = 2 (custom)
2019-09-20 14:16:39,028 [pool-239-thread-1] INFO  segmented.SegmentedRaftLogWorker (SegmentedRaftLogWorker.java:<init>(172)) - new 13a328b2-3d84-4ca1-a243-9eae790dea4c-SegmentedRaftLogWorker:Storage Directory /workdir/hadoop-ozone/ozonefs/target/test-dir/MiniOzoneClusterImpl-7e8c7029-0518-46b6-9dc3-3175ad8e4a05/datanode-0/data/ratis/00f4358a-4380-4ba5-a50b-74c363ca8f7d for RaftStorage:Storage Directory /workdir/hadoop-ozone/ozonefs/target/test-dir/MiniOzoneClusterImpl-7e8c7029-0518-46b6-9dc3-3175ad8e4a05/datanode-0/data/ratis/00f4358a-4380-4ba5-a50b-74c363ca8f7d
2019-09-20 14:16:39,028 [pool-239-thread-1] INFO  server.RaftServerConfigKeys (ConfUtils.java:logGet(43)) - raft.server.log.queue.byte-limit = 2147483647 (custom)
2019-09-20 14:16:39,028 [pool-239-thread-1] INFO  server.RaftServerConfigKeys (ConfUtils.java:logGet(43)) - raft.server.log.queue.element-limit = 1024 (custom)
2019-09-20 14:16:39,029 [pool-239-thread-1] INFO  server.RaftServerConfigKeys (ConfUtils.java:logGet(43)) - raft.server.log.segment.size.max = 1048576 (custom)
2019-09-20 14:16:39,029 [pool-239-thread-1] INFO  server.RaftServerConfigKeys (ConfUtils.java:logGet(43)) - raft.server.log.preallocated.size = 16384 (custom)
2019-09-20 14:16:39,029 [pool-239-thread-1] INFO  server.RaftServerConfigKeys (ConfUtils.java:logGet(43)) - raft.server.log.write.buffer.size = 33554432 (custom)
2019-09-20 14:16:39,029 [pool-239-thread-1] INFO  server.RaftServerConfigKeys (ConfUtils.java:logGet(43)) - raft.server.log.force.sync.num = 128 (default)
2019-09-20 14:16:39,029 [pool-239-thread-1] INFO  server.RaftServerConfigKeys (ConfUtils.java:logGet(43)) - raft.server.log.statemachine.data.sync = true (default)
2019-09-20 14:16:39,030 [pool-239-thread-1] INFO  server.RaftServerConfigKeys (ConfUtils.java:logGet(43)) - raft.server.log.statemachine.data.sync.timeout = 10s (default)
2019-09-20 14:16:39,030 [pool-239-thread-1] INFO  server.RaftServerConfigKeys (ConfUtils.java:logGet(43)) - raft.server.log.statemachine.data.sync.timeout.retry = -1 (default)
2019-09-20 14:16:39,030 [pool-239-thread-1] INFO  server.RaftServerConfigKeys (ConfUtils.java:logGet(43)) - raft.server.log.statemachine.data.caching.enabled = true (custom)
2019-09-20 14:16:39,031 [pool-239-thread-1] INFO  segmented.SegmentedRaftLogWorker (SegmentedRaftLogWorker.java:lambda$new$0(132)) - 13a328b2-3d84-4ca1-a243-9eae790dea4c-SegmentedRaftLogWorker:Storage Directory /workdir/hadoop-ozone/ozonefs/target/test-dir/MiniOzoneClusterImpl-7e8c7029-0518-46b6-9dc3-3175ad8e4a05/datanode-0/data/ratis/00f4358a-4380-4ba5-a50b-74c363ca8f7d: flushIndex: setUnconditionally 0 -> -1
2019-09-20 14:16:39,031 [pool-239-thread-1] INFO  server.RaftServerConfigKeys (ConfUtils.java:logGet(43)) - raft.server.snapshot.auto.trigger.enabled = true (custom)
2019-09-20 14:16:39,031 [pool-239-thread-1] INFO  server.RaftServerConfigKeys (ConfUtils.java:logGet(43)) - raft.server.snapshot.auto.trigger.threshold = 10000 (custom)
2019-09-20 14:16:39,031 [pool-239-thread-1] INFO  server.RaftServerConfigKeys (ConfUtils.java:logGet(43)) - raft.server.retrycache.expirytime = 600000ms (custom)
2019-09-20 14:16:39,032 [pool-239-thread-1] INFO  impl.RaftServerImpl (RaftServerImpl.java:start(180)) - 13a328b2-3d84-4ca1-a243-9eae790dea4c: start group-74C363CA8F7D
2019-09-20 14:16:39,032 [pool-239-thread-1] INFO  impl.RaftServerImpl (RaftServerImpl.java:setRole(171)) - 13a328b2-3d84-4ca1-a243-9eae790dea4c:group-74C363CA8F7D changes role from null to FOLLOWER at term 0 for startAsFollower
2019-09-20 14:16:39,032 [pool-239-thread-1] INFO  impl.RoleInfo (RoleInfo.java:updateAndGet(143)) - 13a328b2-3d84-4ca1-a243-9eae790dea4c: start FollowerState
2019-09-20 14:16:39,033 [pool-239-thread-1] INFO  util.JmxRegister (JmxRegister.java:tryRegister(44)) - Successfully registered JMX Bean with object name Ratis:service=RaftServer,group=group-74C363CA8F7D,id=13a328b2-3d84-4ca1-a243-9eae790dea4c
2019-09-20 14:16:39,037 [RatisPipelineUtilsThread] INFO  pipeline.PipelineStateManager (PipelineStateManager.java:addPipeline(56)) - Created pipeline Pipeline[ Id: 00f4358a-4380-4ba5-a50b-74c363ca8f7d, Nodes: 13a328b2-3d84-4ca1-a243-9eae790dea4c{ip: 192.168.36.99, host: pr-hdds-1569-p5fx8-1226042367, networkLocation: /default-rack, certSerialId: null}, Type:RATIS, Factor:ONE, State:OPEN]
2019-09-20 14:16:39,043 [grpc-default-executor-0] INFO  impl.RaftServerProxy (RaftServerProxy.java:addNew(89)) - 13a328b2-3d84-4ca1-a243-9eae790dea4c: addNew group-2E50DD560C55:[13a328b2-3d84-4ca1-a243-9eae790dea4c:192.168.36.99:41227] returns group-2E50DD560C55:java.util.concurrent.CompletableFuture@3b71494b[Not completed]
2019-09-20 14:16:39,044 [pool-239-thread-1] INFO  impl.RaftServerImpl (RaftServerImpl.java:<init>(93)) - 13a328b2-3d84-4ca1-a243-9eae790dea4c: new RaftServerImpl for group-2E50DD560C55:[13a328b2-3d84-4ca1-a243-9eae790dea4c:192.168.36.99:41227] with ContainerStateMachine:uninitialized
2019-09-20 14:16:39,045 [pool-239-thread-1] INFO  server.RaftServerConfigKeys (ConfUtils.java:logGet(43)) - raft.server.rpc.timeout.min = 5s (custom)
2019-09-20 14:16:39,045 [pool-239-thread-1] INFO  server.RaftServerConfigKeys (ConfUtils.java:logGet(43)) - raft.server.rpc.timeout.max = 5200ms (custom)
2019-09-20 14:16:39,045 [pool-239-thread-1] INFO  server.RaftServerConfigKeys (ConfUtils.java:logGet(43)) - raft.server.rpcslowness.timeout = 120s (custom)
2019-09-20 14:16:39,045 [pool-239-thread-1] INFO  server.RaftServerConfigKeys (ConfUtils.java:logGet(43)) - raft.server.sleep.deviation.threshold = 300 (default)
2019-09-20 14:16:39,045 [pool-239-thread-1] INFO  server.RaftServerConfigKeys (ConfUtils.java:logGet(43)) - raft.server.log.appender.install.snapshot.enabled = false (custom)
2019-09-20 14:16:39,045 [pool-239-thread-1] INFO  impl.RaftServerImpl (ServerState.java:<init>(105)) - 13a328b2-3d84-4ca1-a243-9eae790dea4c:group-2E50DD560C55 ConfigurationManager, init=-1: [13a328b2-3d84-4ca1-a243-9eae790dea4c:192.168.36.99:41227], old=null, confs=<EMPTY_MAP>
2019-09-20 14:16:39,045 [pool-239-thread-1] INFO  server.RaftServerConfigKeys (ConfUtils.java:logGet(43)) - raft.server.storage.dir = [/workdir/hadoop-ozone/ozonefs/target/test-dir/MiniOzoneClusterImpl-7e8c7029-0518-46b6-9dc3-3175ad8e4a05/datanode-0/data/ratis] (custom)
2019-09-20 14:16:39,046 [pool-239-thread-1] INFO  storage.RaftStorageDirectory (RaftStorageDirectory.java:analyzeStorage(246)) - The storage directory /workdir/hadoop-ozone/ozonefs/target/test-dir/MiniOzoneClusterImpl-7e8c7029-0518-46b6-9dc3-3175ad8e4a05/datanode-0/data/ratis/c50ce9f3-9901-4561-bdfd-2e50dd560c55 does not exist. Creating ...
2019-09-20 14:16:39,065 [pool-239-thread-1] INFO  storage.RaftStorageDirectory (RaftStorageDirectory.java:tryLock(328)) - Lock on /workdir/hadoop-ozone/ozonefs/target/test-dir/MiniOzoneClusterImpl-7e8c7029-0518-46b6-9dc3-3175ad8e4a05/datanode-0/data/ratis/c50ce9f3-9901-4561-bdfd-2e50dd560c55/in_use.lock acquired by nodename 5474@pr-hdds-1569-p5fx8-1226042367
2019-09-20 14:16:39,084 [pool-239-thread-1] INFO  storage.RaftStorage (RaftStorage.java:format(72)) - Storage directory /workdir/hadoop-ozone/ozonefs/target/test-dir/MiniOzoneClusterImpl-7e8c7029-0518-46b6-9dc3-3175ad8e4a05/datanode-0/data/ratis/c50ce9f3-9901-4561-bdfd-2e50dd560c55 has been successfully formatted.
2019-09-20 14:16:39,084 [pool-239-thread-1] INFO  ratis.ContainerStateMachine (ContainerStateMachine.java:loadSnapshot(226)) - group-2E50DD560C55: The snapshot info is null. Setting the last applied indexto:(t:0, i:~)
2019-09-20 14:16:39,085 [pool-239-thread-1] INFO  server.RaftServerConfigKeys (ConfUtils.java:logGet(43)) - raft.server.leader.election.timeout = 120s (custom)
2019-09-20 14:16:39,085 [pool-239-thread-1] INFO  server.RaftServerConfigKeys (ConfUtils.java:logGet(43)) - raft.server.log.use.memory = false (default)
2019-09-20 14:16:39,085 [pool-239-thread-1] INFO  server.RaftServerConfigKeys (ConfUtils.java:logGet(43)) - raft.server.log.purge.gap = 1000000 (custom)
2019-09-20 14:16:39,085 [pool-239-thread-1] INFO  server.RaftServerConfigKeys (ConfUtils.java:logGet(43)) - raft.server.log.appender.buffer.byte-limit = 33554432 (custom)
2019-09-20 14:16:39,085 [pool-239-thread-1] INFO  server.RaftServerConfigKeys (ConfUtils.java:logGet(43)) - raft.server.log.segment.size.max = 1048576 (custom)
2019-09-20 14:16:39,085 [pool-239-thread-1] INFO  server.RaftServerConfigKeys (ConfUtils.java:logGet(43)) - raft.server.log.segment.cache.num.max = 2 (custom)
2019-09-20 14:16:39,085 [pool-239-thread-1] INFO  segmented.SegmentedRaftLogWorker (SegmentedRaftLogWorker.java:<init>(172)) - new 13a328b2-3d84-4ca1-a243-9eae790dea4c-SegmentedRaftLogWorker:Storage Directory /workdir/hadoop-ozone/ozonefs/target/test-dir/MiniOzoneClusterImpl-7e8c7029-0518-46b6-9dc3-3175ad8e4a05/datanode-0/data/ratis/c50ce9f3-9901-4561-bdfd-2e50dd560c55 for RaftStorage:Storage Directory /workdir/hadoop-ozone/ozonefs/target/test-dir/MiniOzoneClusterImpl-7e8c7029-0518-46b6-9dc3-3175ad8e4a05/datanode-0/data/ratis/c50ce9f3-9901-4561-bdfd-2e50dd560c55
2019-09-20 14:16:39,086 [pool-239-thread-1] INFO  server.RaftServerConfigKeys (ConfUtils.java:logGet(43)) - raft.server.log.queue.byte-limit = 2147483647 (custom)
2019-09-20 14:16:39,086 [pool-239-thread-1] INFO  server.RaftServerConfigKeys (ConfUtils.java:logGet(43)) - raft.server.log.queue.element-limit = 1024 (custom)
2019-09-20 14:16:39,086 [pool-239-thread-1] INFO  server.RaftServerConfigKeys (ConfUtils.java:logGet(43)) - raft.server.log.segment.size.max = 1048576 (custom)
2019-09-20 14:16:39,086 [pool-239-thread-1] INFO  server.RaftServerConfigKeys (ConfUtils.java:logGet(43)) - raft.server.log.preallocated.size = 16384 (custom)
2019-09-20 14:16:39,086 [pool-239-thread-1] INFO  server.RaftServerConfigKeys (ConfUtils.java:logGet(43)) - raft.server.log.write.buffer.size = 33554432 (custom)
2019-09-20 14:16:39,086 [pool-239-thread-1] INFO  server.RaftServerConfigKeys (ConfUtils.java:logGet(43)) - raft.server.log.force.sync.num = 128 (default)
2019-09-20 14:16:39,086 [pool-239-thread-1] INFO  server.RaftServerConfigKeys (ConfUtils.java:logGet(43)) - raft.server.log.statemachine.data.sync = true (default)
2019-09-20 14:16:39,087 [pool-239-thread-1] INFO  server.RaftServerConfigKeys (ConfUtils.java:logGet(43)) - raft.server.log.statemachine.data.sync.timeout = 10s (default)
2019-09-20 14:16:39,087 [pool-239-thread-1] INFO  server.RaftServerConfigKeys (ConfUtils.java:logGet(43)) - raft.server.log.statemachine.data.sync.timeout.retry = -1 (default)
2019-09-20 14:16:39,087 [pool-239-thread-1] INFO  server.RaftServerConfigKeys (ConfUtils.java:logGet(43)) - raft.server.log.statemachine.data.caching.enabled = true (custom)
2019-09-20 14:16:39,087 [pool-239-thread-1] INFO  segmented.SegmentedRaftLogWorker (SegmentedRaftLogWorker.java:lambda$new$0(132)) - 13a328b2-3d84-4ca1-a243-9eae790dea4c-SegmentedRaftLogWorker:Storage Directory /workdir/hadoop-ozone/ozonefs/target/test-dir/MiniOzoneClusterImpl-7e8c7029-0518-46b6-9dc3-3175ad8e4a05/datanode-0/data/ratis/c50ce9f3-9901-4561-bdfd-2e50dd560c55: flushIndex: setUnconditionally 0 -> -1
2019-09-20 14:16:39,087 [pool-239-thread-1] INFO  server.RaftServerConfigKeys (ConfUtils.java:logGet(43)) - raft.server.snapshot.auto.trigger.enabled = true (custom)
2019-09-20 14:16:39,088 [pool-239-thread-1] INFO  server.RaftServerConfigKeys (ConfUtils.java:logGet(43)) - raft.server.snapshot.auto.trigger.threshold = 10000 (custom)
2019-09-20 14:16:39,088 [pool-239-thread-1] INFO  server.RaftServerConfigKeys (ConfUtils.java:logGet(43)) - raft.server.retrycache.expirytime = 600000ms (custom)
2019-09-20 14:16:39,088 [pool-239-thread-1] INFO  impl.RaftServerImpl (RaftServerImpl.java:start(180)) - 13a328b2-3d84-4ca1-a243-9eae790dea4c: start group-2E50DD560C55
2019-09-20 14:16:39,088 [pool-239-thread-1] INFO  impl.RaftServerImpl (RaftServerImpl.java:setRole(171)) - 13a328b2-3d84-4ca1-a243-9eae790dea4c:group-2E50DD560C55 changes role from null to FOLLOWER at term 0 for startAsFollower
2019-09-20 14:16:39,088 [pool-239-thread-1] INFO  impl.RoleInfo (RoleInfo.java:updateAndGet(143)) - 13a328b2-3d84-4ca1-a243-9eae790dea4c: start FollowerState
2019-09-20 14:16:39,089 [pool-239-thread-1] INFO  util.JmxRegister (JmxRegister.java:tryRegister(44)) - Successfully registered JMX Bean with object name Ratis:service=RaftServer,group=group-2E50DD560C55,id=13a328b2-3d84-4ca1-a243-9eae790dea4c
2019-09-20 14:16:39,092 [RatisPipelineUtilsThread] INFO  pipeline.PipelineStateManager (PipelineStateManager.java:addPipeline(56)) - Created pipeline Pipeline[ Id: c50ce9f3-9901-4561-bdfd-2e50dd560c55, Nodes: 13a328b2-3d84-4ca1-a243-9eae790dea4c{ip: 192.168.36.99, host: pr-hdds-1569-p5fx8-1226042367, networkLocation: /default-rack, certSerialId: null}, Type:RATIS, Factor:ONE, State:OPEN]
2019-09-20 14:16:39,097 [grpc-default-executor-0] INFO  impl.RaftServerProxy (RaftServerProxy.java:addNew(89)) - 13a328b2-3d84-4ca1-a243-9eae790dea4c: addNew group-A04701A4A7A4:[13a328b2-3d84-4ca1-a243-9eae790dea4c:192.168.36.99:41227] returns group-A04701A4A7A4:java.util.concurrent.CompletableFuture@6a9efab0[Not completed]
2019-09-20 14:16:39,098 [pool-239-thread-1] INFO  impl.RaftServerImpl (RaftServerImpl.java:<init>(93)) - 13a328b2-3d84-4ca1-a243-9eae790dea4c: new RaftServerImpl for group-A04701A4A7A4:[13a328b2-3d84-4ca1-a243-9eae790dea4c:192.168.36.99:41227] with ContainerStateMachine:uninitialized
2019-09-20 14:16:39,099 [pool-239-thread-1] INFO  server.RaftServerConfigKeys (ConfUtils.java:logGet(43)) - raft.server.rpc.timeout.min = 5s (custom)
2019-09-20 14:16:39,099 [pool-239-thread-1] INFO  server.RaftServerConfigKeys (ConfUtils.java:logGet(43)) - raft.server.rpc.timeout.max = 5200ms (custom)
2019-09-20 14:16:39,099 [pool-239-thread-1] INFO  server.RaftServerConfigKeys (ConfUtils.java:logGet(43)) - raft.server.rpcslowness.timeout = 120s (custom)
2019-09-20 14:16:39,099 [pool-239-thread-1] INFO  server.RaftServerConfigKeys (ConfUtils.java:logGet(43)) - raft.server.sleep.deviation.threshold = 300 (default)
2019-09-20 14:16:39,099 [pool-239-thread-1] INFO  server.RaftServerConfigKeys (ConfUtils.java:logGet(43)) - raft.server.log.appender.install.snapshot.enabled = false (custom)
2019-09-20 14:16:39,099 [pool-239-thread-1] INFO  impl.RaftServerImpl (ServerState.java:<init>(105)) - 13a328b2-3d84-4ca1-a243-9eae790dea4c:group-A04701A4A7A4 ConfigurationManager, init=-1: [13a328b2-3d84-4ca1-a243-9eae790dea4c:192.168.36.99:41227], old=null, confs=<EMPTY_MAP>
2019-09-20 14:16:39,099 [pool-239-thread-1] INFO  server.RaftServerConfigKeys (ConfUtils.java:logGet(43)) - raft.server.storage.dir = [/workdir/hadoop-ozone/ozonefs/target/test-dir/MiniOzoneClusterImpl-7e8c7029-0518-46b6-9dc3-3175ad8e4a05/datanode-0/data/ratis] (custom)
2019-09-20 14:16:39,100 [pool-239-thread-1] INFO  storage.RaftStorageDirectory (RaftStorageDirectory.java:analyzeStorage(246)) - The storage directory /workdir/hadoop-ozone/ozonefs/target/test-dir/MiniOzoneClusterImpl-7e8c7029-0518-46b6-9dc3-3175ad8e4a05/datanode-0/data/ratis/c62f8210-c4ba-4d80-9b56-a04701a4a7a4 does not exist. Creating ...
2019-09-20 14:16:39,122 [pool-239-thread-1] INFO  storage.RaftStorageDirectory (RaftStorageDirectory.java:tryLock(328)) - Lock on /workdir/hadoop-ozone/ozonefs/target/test-dir/MiniOzoneClusterImpl-7e8c7029-0518-46b6-9dc3-3175ad8e4a05/datanode-0/data/ratis/c62f8210-c4ba-4d80-9b56-a04701a4a7a4/in_use.lock acquired by nodename 5474@pr-hdds-1569-p5fx8-1226042367
2019-09-20 14:16:39,151 [pool-239-thread-1] INFO  storage.RaftStorage (RaftStorage.java:format(72)) - Storage directory /workdir/hadoop-ozone/ozonefs/target/test-dir/MiniOzoneClusterImpl-7e8c7029-0518-46b6-9dc3-3175ad8e4a05/datanode-0/data/ratis/c62f8210-c4ba-4d80-9b56-a04701a4a7a4 has been successfully formatted.
2019-09-20 14:16:39,151 [pool-239-thread-1] INFO  ratis.ContainerStateMachine (ContainerStateMachine.java:loadSnapshot(226)) - group-A04701A4A7A4: The snapshot info is null. Setting the last applied indexto:(t:0, i:~)
2019-09-20 14:16:39,151 [pool-239-thread-1] INFO  server.RaftServerConfigKeys (ConfUtils.java:logGet(43)) - raft.server.leader.election.timeout = 120s (custom)
2019-09-20 14:16:39,151 [pool-239-thread-1] INFO  server.RaftServerConfigKeys (ConfUtils.java:logGet(43)) - raft.server.log.use.memory = false (default)
2019-09-20 14:16:39,151 [pool-239-thread-1] INFO  server.RaftServerConfigKeys (ConfUtils.java:logGet(43)) - raft.server.log.purge.gap = 1000000 (custom)
2019-09-20 14:16:39,151 [pool-239-thread-1] INFO  server.RaftServerConfigKeys (ConfUtils.java:logGet(43)) - raft.server.log.appender.buffer.byte-limit = 33554432 (custom)
2019-09-20 14:16:39,152 [pool-239-thread-1] INFO  server.RaftServerConfigKeys (ConfUtils.java:logGet(43)) - raft.server.log.segment.size.max = 1048576 (custom)
2019-09-20 14:16:39,152 [pool-239-thread-1] INFO  server.RaftServerConfigKeys (ConfUtils.java:logGet(43)) - raft.server.log.segment.cache.num.max = 2 (custom)
2019-09-20 14:16:39,152 [pool-239-thread-1] INFO  segmented.SegmentedRaftLogWorker (SegmentedRaftLogWorker.java:<init>(172)) - new 13a328b2-3d84-4ca1-a243-9eae790dea4c-SegmentedRaftLogWorker:Storage Directory /workdir/hadoop-ozone/ozonefs/target/test-dir/MiniOzoneClusterImpl-7e8c7029-0518-46b6-9dc3-3175ad8e4a05/datanode-0/data/ratis/c62f8210-c4ba-4d80-9b56-a04701a4a7a4 for RaftStorage:Storage Directory /workdir/hadoop-ozone/ozonefs/target/test-dir/MiniOzoneClusterImpl-7e8c7029-0518-46b6-9dc3-3175ad8e4a05/datanode-0/data/ratis/c62f8210-c4ba-4d80-9b56-a04701a4a7a4
2019-09-20 14:16:39,152 [pool-239-thread-1] INFO  server.RaftServerConfigKeys (ConfUtils.java:logGet(43)) - raft.server.log.queue.byte-limit = 2147483647 (custom)
2019-09-20 14:16:39,152 [pool-239-thread-1] INFO  server.RaftServerConfigKeys (ConfUtils.java:logGet(43)) - raft.server.log.queue.element-limit = 1024 (custom)
2019-09-20 14:16:39,152 [pool-239-thread-1] INFO  server.RaftServerConfigKeys (ConfUtils.java:logGet(43)) - raft.server.log.segment.size.max = 1048576 (custom)
2019-09-20 14:16:39,152 [pool-239-thread-1] INFO  server.RaftServerConfigKeys (ConfUtils.java:logGet(43)) - raft.server.log.preallocated.size = 16384 (custom)
2019-09-20 14:16:39,153 [pool-239-thread-1] INFO  server.RaftServerConfigKeys (ConfUtils.java:logGet(43)) - raft.server.log.write.buffer.size = 33554432 (custom)
2019-09-20 14:16:39,153 [pool-239-thread-1] INFO  server.RaftServerConfigKeys (ConfUtils.java:logGet(43)) - raft.server.log.force.sync.num = 128 (default)
2019-09-20 14:16:39,153 [pool-239-thread-1] INFO  server.RaftServerConfigKeys (ConfUtils.java:logGet(43)) - raft.server.log.statemachine.data.sync = true (default)
2019-09-20 14:16:39,153 [pool-239-thread-1] INFO  server.RaftServerConfigKeys (ConfUtils.java:logGet(43)) - raft.server.log.statemachine.data.sync.timeout = 10s (default)
2019-09-20 14:16:39,153 [pool-239-thread-1] INFO  server.RaftServerConfigKeys (ConfUtils.java:logGet(43)) - raft.server.log.statemachine.data.sync.timeout.retry = -1 (default)
2019-09-20 14:16:39,153 [pool-239-thread-1] INFO  server.RaftServerConfigKeys (ConfUtils.java:logGet(43)) - raft.server.log.statemachine.data.caching.enabled = true (custom)
2019-09-20 14:16:39,154 [pool-239-thread-1] INFO  segmented.SegmentedRaftLogWorker (SegmentedRaftLogWorker.java:lambda$new$0(132)) - 13a328b2-3d84-4ca1-a243-9eae790dea4c-SegmentedRaftLogWorker:Storage Directory /workdir/hadoop-ozone/ozonefs/target/test-dir/MiniOzoneClusterImpl-7e8c7029-0518-46b6-9dc3-3175ad8e4a05/datanode-0/data/ratis/c62f8210-c4ba-4d80-9b56-a04701a4a7a4: flushIndex: setUnconditionally 0 -> -1
2019-09-20 14:16:39,154 [pool-239-thread-1] INFO  server.RaftServerConfigKeys (ConfUtils.java:logGet(43)) - raft.server.snapshot.auto.trigger.enabled = true (custom)
2019-09-20 14:16:39,154 [pool-239-thread-1] INFO  server.RaftServerConfigKeys (ConfUtils.java:logGet(43)) - raft.server.snapshot.auto.trigger.threshold = 10000 (custom)
2019-09-20 14:16:39,154 [pool-239-thread-1] INFO  server.RaftServerConfigKeys (ConfUtils.java:logGet(43)) - raft.server.retrycache.expirytime = 600000ms (custom)
2019-09-20 14:16:39,154 [pool-239-thread-1] INFO  impl.RaftServerImpl (RaftServerImpl.java:start(180)) - 13a328b2-3d84-4ca1-a243-9eae790dea4c: start group-A04701A4A7A4
2019-09-20 14:16:39,155 [pool-239-thread-1] INFO  impl.RaftServerImpl (RaftServerImpl.java:setRole(171)) - 13a328b2-3d84-4ca1-a243-9eae790dea4c:group-A04701A4A7A4 changes role from null to FOLLOWER at term 0 for startAsFollower
2019-09-20 14:16:39,155 [pool-239-thread-1] INFO  impl.RoleInfo (RoleInfo.java:updateAndGet(143)) - 13a328b2-3d84-4ca1-a243-9eae790dea4c: start FollowerState
2019-09-20 14:16:39,155 [pool-239-thread-1] INFO  util.JmxRegister (JmxRegister.java:tryRegister(44)) - Successfully registered JMX Bean with object name Ratis:service=RaftServer,group=group-A04701A4A7A4,id=13a328b2-3d84-4ca1-a243-9eae790dea4c
2019-09-20 14:16:39,158 [RatisPipelineUtilsThread] INFO  pipeline.PipelineStateManager (PipelineStateManager.java:addPipeline(56)) - Created pipeline Pipeline[ Id: c62f8210-c4ba-4d80-9b56-a04701a4a7a4, Nodes: 13a328b2-3d84-4ca1-a243-9eae790dea4c{ip: 192.168.36.99, host: pr-hdds-1569-p5fx8-1226042367, networkLocation: /default-rack, certSerialId: null}, Type:RATIS, Factor:ONE, State:OPEN]
2019-09-20 14:16:39,164 [grpc-default-executor-0] INFO  impl.RaftServerProxy (RaftServerProxy.java:addNew(89)) - 13a328b2-3d84-4ca1-a243-9eae790dea4c: addNew group-010F0DF81EE6:[13a328b2-3d84-4ca1-a243-9eae790dea4c:192.168.36.99:41227] returns group-010F0DF81EE6:java.util.concurrent.CompletableFuture@fdd7978[Not completed]
2019-09-20 14:16:39,165 [pool-239-thread-1] INFO  impl.RaftServerImpl (RaftServerImpl.java:<init>(93)) - 13a328b2-3d84-4ca1-a243-9eae790dea4c: new RaftServerImpl for group-010F0DF81EE6:[13a328b2-3d84-4ca1-a243-9eae790dea4c:192.168.36.99:41227] with ContainerStateMachine:uninitialized
2019-09-20 14:16:39,165 [pool-239-thread-1] INFO  server.RaftServerConfigKeys (ConfUtils.java:logGet(43)) - raft.server.rpc.timeout.min = 5s (custom)
2019-09-20 14:16:39,165 [pool-239-thread-1] INFO  server.RaftServerConfigKeys (ConfUtils.java:logGet(43)) - raft.server.rpc.timeout.max = 5200ms (custom)
2019-09-20 14:16:39,165 [pool-239-thread-1] INFO  server.RaftServerConfigKeys (ConfUtils.java:logGet(43)) - raft.server.rpcslowness.timeout = 120s (custom)
2019-09-20 14:16:39,165 [pool-239-thread-1] INFO  server.RaftServerConfigKeys (ConfUtils.java:logGet(43)) - raft.server.sleep.deviation.threshold = 300 (default)
2019-09-20 14:16:39,165 [pool-239-thread-1] INFO  server.RaftServerConfigKeys (ConfUtils.java:logGet(43)) - raft.server.log.appender.install.snapshot.enabled = false (custom)
2019-09-20 14:16:39,166 [pool-239-thread-1] INFO  impl.RaftServerImpl (ServerState.java:<init>(105)) - 13a328b2-3d84-4ca1-a243-9eae790dea4c:group-010F0DF81EE6 ConfigurationManager, init=-1: [13a328b2-3d84-4ca1-a243-9eae790dea4c:192.168.36.99:41227], old=null, confs=<EMPTY_MAP>
2019-09-20 14:16:39,166 [pool-239-thread-1] INFO  server.RaftServerConfigKeys (ConfUtils.java:logGet(43)) - raft.server.storage.dir = [/workdir/hadoop-ozone/ozonefs/target/test-dir/MiniOzoneClusterImpl-7e8c7029-0518-46b6-9dc3-3175ad8e4a05/datanode-0/data/ratis] (custom)
2019-09-20 14:16:39,166 [pool-239-thread-1] INFO  storage.RaftStorageDirectory (RaftStorageDirectory.java:analyzeStorage(246)) - The storage directory /workdir/hadoop-ozone/ozonefs/target/test-dir/MiniOzoneClusterImpl-7e8c7029-0518-46b6-9dc3-3175ad8e4a05/datanode-0/data/ratis/cff79dc3-190f-4534-aeea-010f0df81ee6 does not exist. Creating ...
2019-09-20 14:16:39,191 [IPC Server handler 1 on 33109] INFO  net.NetworkTopology (NetworkTopologyImpl.java:add(110)) - Added a new node: /default-rack/3dd27507-a8cb-43da-a44e-e873f99ae85b
2019-09-20 14:16:39,191 [IPC Server handler 1 on 33109] INFO  node.SCMNodeManager (SCMNodeManager.java:register(273)) - Registered Data node : 3dd27507-a8cb-43da-a44e-e873f99ae85b{ip: 192.168.36.99, host: pr-hdds-1569-p5fx8-1226042367, networkLocation: /default-rack, certSerialId: null}
2019-09-20 14:16:39,192 | INFO  | SCMAudit | user=jenkins1000 | ip=192.168.36.99 | op=REGISTER {datanodeDetails=3dd27507-a8cb-43da-a44e-e873f99ae85b{ip: 192.168.36.99, host: pr-hdds-1569-p5fx8-1226042367, networkLocation: /default-rack, certSerialId: null}} | ret=SUCCESS |  
2019-09-20 14:16:39,193 [pool-239-thread-1] INFO  storage.RaftStorageDirectory (RaftStorageDirectory.java:tryLock(328)) - Lock on /workdir/hadoop-ozone/ozonefs/target/test-dir/MiniOzoneClusterImpl-7e8c7029-0518-46b6-9dc3-3175ad8e4a05/datanode-0/data/ratis/cff79dc3-190f-4534-aeea-010f0df81ee6/in_use.lock acquired by nodename 5474@pr-hdds-1569-p5fx8-1226042367
2019-09-20 14:16:39,210 [pool-239-thread-1] INFO  storage.RaftStorage (RaftStorage.java:format(72)) - Storage directory /workdir/hadoop-ozone/ozonefs/target/test-dir/MiniOzoneClusterImpl-7e8c7029-0518-46b6-9dc3-3175ad8e4a05/datanode-0/data/ratis/cff79dc3-190f-4534-aeea-010f0df81ee6 has been successfully formatted.
2019-09-20 14:16:39,210 [pool-239-thread-1] INFO  ratis.ContainerStateMachine (ContainerStateMachine.java:loadSnapshot(226)) - group-010F0DF81EE6: The snapshot info is null. Setting the last applied indexto:(t:0, i:~)
2019-09-20 14:16:39,210 [pool-239-thread-1] INFO  server.RaftServerConfigKeys (ConfUtils.java:logGet(43)) - raft.server.leader.election.timeout = 120s (custom)
2019-09-20 14:16:39,210 [pool-239-thread-1] INFO  server.RaftServerConfigKeys (ConfUtils.java:logGet(43)) - raft.server.log.use.memory = false (default)
2019-09-20 14:16:39,211 [pool-239-thread-1] INFO  server.RaftServerConfigKeys (ConfUtils.java:logGet(43)) - raft.server.log.purge.gap = 1000000 (custom)
2019-09-20 14:16:39,211 [pool-239-thread-1] INFO  server.RaftServerConfigKeys (ConfUtils.java:logGet(43)) - raft.server.log.appender.buffer.byte-limit = 33554432 (custom)
2019-09-20 14:16:39,211 [pool-239-thread-1] INFO  server.RaftServerConfigKeys (ConfUtils.java:logGet(43)) - raft.server.log.segment.size.max = 1048576 (custom)
2019-09-20 14:16:39,211 [pool-239-thread-1] INFO  server.RaftServerConfigKeys (ConfUtils.java:logGet(43)) - raft.server.log.segment.cache.num.max = 2 (custom)
2019-09-20 14:16:39,211 [pool-239-thread-1] INFO  segmented.SegmentedRaftLogWorker (SegmentedRaftLogWorker.java:<init>(172)) - new 13a328b2-3d84-4ca1-a243-9eae790dea4c-SegmentedRaftLogWorker:Storage Directory /workdir/hadoop-ozone/ozonefs/target/test-dir/MiniOzoneClusterImpl-7e8c7029-0518-46b6-9dc3-3175ad8e4a05/datanode-0/data/ratis/cff79dc3-190f-4534-aeea-010f0df81ee6 for RaftStorage:Storage Directory /workdir/hadoop-ozone/ozonefs/target/test-dir/MiniOzoneClusterImpl-7e8c7029-0518-46b6-9dc3-3175ad8e4a05/datanode-0/data/ratis/cff79dc3-190f-4534-aeea-010f0df81ee6
2019-09-20 14:16:39,212 [pool-239-thread-1] INFO  server.RaftServerConfigKeys (ConfUtils.java:logGet(43)) - raft.server.log.queue.byte-limit = 2147483647 (custom)
2019-09-20 14:16:39,212 [pool-239-thread-1] INFO  server.RaftServerConfigKeys (ConfUtils.java:logGet(43)) - raft.server.log.queue.element-limit = 1024 (custom)
2019-09-20 14:16:39,212 [pool-239-thread-1] INFO  server.RaftServerConfigKeys (ConfUtils.java:logGet(43)) - raft.server.log.segment.size.max = 1048576 (custom)
2019-09-20 14:16:39,212 [pool-239-thread-1] INFO  server.RaftServerConfigKeys (ConfUtils.java:logGet(43)) - raft.server.log.preallocated.size = 16384 (custom)
2019-09-20 14:16:39,212 [pool-239-thread-1] INFO  server.RaftServerConfigKeys (ConfUtils.java:logGet(43)) - raft.server.log.write.buffer.size = 33554432 (custom)
2019-09-20 14:16:39,212 [pool-239-thread-1] INFO  server.RaftServerConfigKeys (ConfUtils.java:logGet(43)) - raft.server.log.force.sync.num = 128 (default)
2019-09-20 14:16:39,213 [pool-239-thread-1] INFO  server.RaftServerConfigKeys (ConfUtils.java:logGet(43)) - raft.server.log.statemachine.data.sync = true (default)
2019-09-20 14:16:39,213 [pool-239-thread-1] INFO  server.RaftServerConfigKeys (ConfUtils.java:logGet(43)) - raft.server.log.statemachine.data.sync.timeout = 10s (default)
2019-09-20 14:16:39,213 [pool-239-thread-1] INFO  server.RaftServerConfigKeys (ConfUtils.java:logGet(43)) - raft.server.log.statemachine.data.sync.timeout.retry = -1 (default)
2019-09-20 14:16:39,213 [pool-239-thread-1] INFO  server.RaftServerConfigKeys (ConfUtils.java:logGet(43)) - raft.server.log.statemachine.data.caching.enabled = true (custom)
2019-09-20 14:16:39,214 [pool-239-thread-1] INFO  segmented.SegmentedRaftLogWorker (SegmentedRaftLogWorker.java:lambda$new$0(132)) - 13a328b2-3d84-4ca1-a243-9eae790dea4c-SegmentedRaftLogWorker:Storage Directory /workdir/hadoop-ozone/ozonefs/target/test-dir/MiniOzoneClusterImpl-7e8c7029-0518-46b6-9dc3-3175ad8e4a05/datanode-0/data/ratis/cff79dc3-190f-4534-aeea-010f0df81ee6: flushIndex: setUnconditionally 0 -> -1
2019-09-20 14:16:39,214 [pool-239-thread-1] INFO  server.RaftServerConfigKeys (ConfUtils.java:logGet(43)) - raft.server.snapshot.auto.trigger.enabled = true (custom)
2019-09-20 14:16:39,214 [pool-239-thread-1] INFO  server.RaftServerConfigKeys (ConfUtils.java:logGet(43)) - raft.server.snapshot.auto.trigger.threshold = 10000 (custom)
2019-09-20 14:16:39,215 [pool-239-thread-1] INFO  server.RaftServerConfigKeys (ConfUtils.java:logGet(43)) - raft.server.retrycache.expirytime = 600000ms (custom)
2019-09-20 14:16:39,215 [pool-239-thread-1] INFO  impl.RaftServerImpl (RaftServerImpl.java:start(180)) - 13a328b2-3d84-4ca1-a243-9eae790dea4c: start group-010F0DF81EE6
2019-09-20 14:16:39,215 [pool-239-thread-1] INFO  impl.RaftServerImpl (RaftServerImpl.java:setRole(171)) - 13a328b2-3d84-4ca1-a243-9eae790dea4c:group-010F0DF81EE6 changes role from null to FOLLOWER at term 0 for startAsFollower
2019-09-20 14:16:39,215 [pool-239-thread-1] INFO  impl.RoleInfo (RoleInfo.java:updateAndGet(143)) - 13a328b2-3d84-4ca1-a243-9eae790dea4c: start FollowerState
2019-09-20 14:16:39,216 [pool-239-thread-1] INFO  util.JmxRegister (JmxRegister.java:tryRegister(44)) - Successfully registered JMX Bean with object name Ratis:service=RaftServer,group=group-010F0DF81EE6,id=13a328b2-3d84-4ca1-a243-9eae790dea4c
2019-09-20 14:16:39,218 [RatisPipelineUtilsThread] INFO  pipeline.PipelineStateManager (PipelineStateManager.java:addPipeline(56)) - Created pipeline Pipeline[ Id: cff79dc3-190f-4534-aeea-010f0df81ee6, Nodes: 13a328b2-3d84-4ca1-a243-9eae790dea4c{ip: 192.168.36.99, host: pr-hdds-1569-p5fx8-1226042367, networkLocation: /default-rack, certSerialId: null}, Type:RATIS, Factor:ONE, State:OPEN]
2019-09-20 14:16:39,227 [grpc-default-executor-0] INFO  impl.RaftServerProxy (RaftServerProxy.java:addNew(89)) - 3dd27507-a8cb-43da-a44e-e873f99ae85b: addNew group-001D06732F40:[3dd27507-a8cb-43da-a44e-e873f99ae85b:192.168.36.99:33496] returns group-001D06732F40:java.util.concurrent.CompletableFuture@6aa48da9[Not completed]
2019-09-20 14:16:39,228 [pool-250-thread-1] INFO  impl.RaftServerImpl (RaftServerImpl.java:<init>(93)) - 3dd27507-a8cb-43da-a44e-e873f99ae85b: new RaftServerImpl for group-001D06732F40:[3dd27507-a8cb-43da-a44e-e873f99ae85b:192.168.36.99:33496] with ContainerStateMachine:uninitialized
2019-09-20 14:16:39,228 [pool-250-thread-1] INFO  server.RaftServerConfigKeys (ConfUtils.java:logGet(43)) - raft.server.rpc.timeout.min = 5s (custom)
2019-09-20 14:16:39,228 [pool-250-thread-1] INFO  server.RaftServerConfigKeys (ConfUtils.java:logGet(43)) - raft.server.rpc.timeout.max = 5200ms (custom)
2019-09-20 14:16:39,229 [pool-250-thread-1] INFO  server.RaftServerConfigKeys (ConfUtils.java:logGet(43)) - raft.server.rpcslowness.timeout = 120s (custom)
2019-09-20 14:16:39,229 [pool-250-thread-1] INFO  server.RaftServerConfigKeys (ConfUtils.java:logGet(43)) - raft.server.sleep.deviation.threshold = 300 (default)
2019-09-20 14:16:39,229 [pool-250-thread-1] INFO  server.RaftServerConfigKeys (ConfUtils.java:logGet(43)) - raft.server.log.appender.install.snapshot.enabled = false (custom)
2019-09-20 14:16:39,229 [pool-250-thread-1] INFO  impl.RaftServerImpl (ServerState.java:<init>(105)) - 3dd27507-a8cb-43da-a44e-e873f99ae85b:group-001D06732F40 ConfigurationManager, init=-1: [3dd27507-a8cb-43da-a44e-e873f99ae85b:192.168.36.99:33496], old=null, confs=<EMPTY_MAP>
2019-09-20 14:16:39,229 [pool-250-thread-1] INFO  server.RaftServerConfigKeys (ConfUtils.java:logGet(43)) - raft.server.storage.dir = [/workdir/hadoop-ozone/ozonefs/target/test-dir/MiniOzoneClusterImpl-7e8c7029-0518-46b6-9dc3-3175ad8e4a05/datanode-1/data/ratis] (custom)
2019-09-20 14:16:39,230 [pool-250-thread-1] INFO  storage.RaftStorageDirectory (RaftStorageDirectory.java:analyzeStorage(246)) - The storage directory /workdir/hadoop-ozone/ozonefs/target/test-dir/MiniOzoneClusterImpl-7e8c7029-0518-46b6-9dc3-3175ad8e4a05/datanode-1/data/ratis/91cce41b-6b19-4e5d-98e9-001d06732f40 does not exist. Creating ...
2019-09-20 14:16:39,252 [pool-250-thread-1] INFO  storage.RaftStorageDirectory (RaftStorageDirectory.java:tryLock(328)) - Lock on /workdir/hadoop-ozone/ozonefs/target/test-dir/MiniOzoneClusterImpl-7e8c7029-0518-46b6-9dc3-3175ad8e4a05/datanode-1/data/ratis/91cce41b-6b19-4e5d-98e9-001d06732f40/in_use.lock acquired by nodename 5474@pr-hdds-1569-p5fx8-1226042367
2019-09-20 14:16:39,269 [pool-250-thread-1] INFO  storage.RaftStorage (RaftStorage.java:format(72)) - Storage directory /workdir/hadoop-ozone/ozonefs/target/test-dir/MiniOzoneClusterImpl-7e8c7029-0518-46b6-9dc3-3175ad8e4a05/datanode-1/data/ratis/91cce41b-6b19-4e5d-98e9-001d06732f40 has been successfully formatted.
2019-09-20 14:16:39,269 [pool-250-thread-1] INFO  ratis.ContainerStateMachine (ContainerStateMachine.java:loadSnapshot(226)) - group-001D06732F40: The snapshot info is null. Setting the last applied indexto:(t:0, i:~)
2019-09-20 14:16:39,269 [pool-250-thread-1] INFO  server.RaftServerConfigKeys (ConfUtils.java:logGet(43)) - raft.server.leader.election.timeout = 120s (custom)
2019-09-20 14:16:39,270 [pool-250-thread-1] INFO  server.RaftServerConfigKeys (ConfUtils.java:logGet(43)) - raft.server.log.use.memory = false (default)
2019-09-20 14:16:39,270 [pool-250-thread-1] INFO  server.RaftServerConfigKeys (ConfUtils.java:logGet(43)) - raft.server.log.purge.gap = 1000000 (custom)
2019-09-20 14:16:39,270 [pool-250-thread-1] INFO  server.RaftServerConfigKeys (ConfUtils.java:logGet(43)) - raft.server.log.appender.buffer.byte-limit = 33554432 (custom)
2019-09-20 14:16:39,270 [pool-250-thread-1] INFO  server.RaftServerConfigKeys (ConfUtils.java:logGet(43)) - raft.server.log.segment.size.max = 1048576 (custom)
2019-09-20 14:16:39,270 [pool-250-thread-1] INFO  server.RaftServerConfigKeys (ConfUtils.java:logGet(43)) - raft.server.log.segment.cache.num.max = 2 (custom)
2019-09-20 14:16:39,271 [pool-250-thread-1] INFO  segmented.SegmentedRaftLogWorker (SegmentedRaftLogWorker.java:<init>(172)) - new 3dd27507-a8cb-43da-a44e-e873f99ae85b-SegmentedRaftLogWorker:Storage Directory /workdir/hadoop-ozone/ozonefs/target/test-dir/MiniOzoneClusterImpl-7e8c7029-0518-46b6-9dc3-3175ad8e4a05/datanode-1/data/ratis/91cce41b-6b19-4e5d-98e9-001d06732f40 for RaftStorage:Storage Directory /workdir/hadoop-ozone/ozonefs/target/test-dir/MiniOzoneClusterImpl-7e8c7029-0518-46b6-9dc3-3175ad8e4a05/datanode-1/data/ratis/91cce41b-6b19-4e5d-98e9-001d06732f40
2019-09-20 14:16:39,271 [pool-250-thread-1] INFO  server.RaftServerConfigKeys (ConfUtils.java:logGet(43)) - raft.server.log.queue.byte-limit = 2147483647 (custom)
2019-09-20 14:16:39,271 [pool-250-thread-1] INFO  server.RaftServerConfigKeys (ConfUtils.java:logGet(43)) - raft.server.log.queue.element-limit = 1024 (custom)
2019-09-20 14:16:39,271 [pool-250-thread-1] INFO  server.RaftServerConfigKeys (ConfUtils.java:logGet(43)) - raft.server.log.segment.size.max = 1048576 (custom)
2019-09-20 14:16:39,272 [pool-250-thread-1] INFO  server.RaftServerConfigKeys (ConfUtils.java:logGet(43)) - raft.server.log.preallocated.size = 16384 (custom)
2019-09-20 14:16:39,272 [pool-250-thread-1] INFO  server.RaftServerConfigKeys (ConfUtils.java:logGet(43)) - raft.server.log.write.buffer.size = 33554432 (custom)
2019-09-20 14:16:39,272 [pool-250-thread-1] INFO  server.RaftServerConfigKeys (ConfUtils.java:logGet(43)) - raft.server.log.force.sync.num = 128 (default)
2019-09-20 14:16:39,272 [pool-250-thread-1] INFO  server.RaftServerConfigKeys (ConfUtils.java:logGet(43)) - raft.server.log.statemachine.data.sync = true (default)
2019-09-20 14:16:39,272 [pool-250-thread-1] INFO  server.RaftServerConfigKeys (ConfUtils.java:logGet(43)) - raft.server.log.statemachine.data.sync.timeout = 10s (default)
2019-09-20 14:16:39,272 [pool-250-thread-1] INFO  server.RaftServerConfigKeys (ConfUtils.java:logGet(43)) - raft.server.log.statemachine.data.sync.timeout.retry = -1 (default)
2019-09-20 14:16:39,273 [pool-250-thread-1] INFO  server.RaftServerConfigKeys (ConfUtils.java:logGet(43)) - raft.server.log.statemachine.data.caching.enabled = true (custom)
2019-09-20 14:16:39,273 [pool-250-thread-1] INFO  segmented.SegmentedRaftLogWorker (SegmentedRaftLogWorker.java:lambda$new$0(132)) - 3dd27507-a8cb-43da-a44e-e873f99ae85b-SegmentedRaftLogWorker:Storage Directory /workdir/hadoop-ozone/ozonefs/target/test-dir/MiniOzoneClusterImpl-7e8c7029-0518-46b6-9dc3-3175ad8e4a05/datanode-1/data/ratis/91cce41b-6b19-4e5d-98e9-001d06732f40: flushIndex: setUnconditionally 0 -> -1
2019-09-20 14:16:39,274 [pool-250-thread-1] INFO  server.RaftServerConfigKeys (ConfUtils.java:logGet(43)) - raft.server.snapshot.auto.trigger.enabled = true (custom)
2019-09-20 14:16:39,274 [pool-250-thread-1] INFO  server.RaftServerConfigKeys (ConfUtils.java:logGet(43)) - raft.server.snapshot.auto.trigger.threshold = 10000 (custom)
2019-09-20 14:16:39,274 [pool-250-thread-1] INFO  server.RaftServerConfigKeys (ConfUtils.java:logGet(43)) - raft.server.retrycache.expirytime = 600000ms (custom)
2019-09-20 14:16:39,274 [pool-250-thread-1] INFO  impl.RaftServerImpl (RaftServerImpl.java:start(180)) - 3dd27507-a8cb-43da-a44e-e873f99ae85b: start group-001D06732F40
2019-09-20 14:16:39,274 [pool-250-thread-1] INFO  impl.RaftServerImpl (RaftServerImpl.java:setRole(171)) - 3dd27507-a8cb-43da-a44e-e873f99ae85b:group-001D06732F40 changes role from null to FOLLOWER at term 0 for startAsFollower
2019-09-20 14:16:39,275 [pool-250-thread-1] INFO  impl.RoleInfo (RoleInfo.java:updateAndGet(143)) - 3dd27507-a8cb-43da-a44e-e873f99ae85b: start FollowerState
2019-09-20 14:16:39,275 [pool-250-thread-1] INFO  util.JmxRegister (JmxRegister.java:tryRegister(44)) - Successfully registered JMX Bean with object name Ratis:service=RaftServer,group=group-001D06732F40,id=3dd27507-a8cb-43da-a44e-e873f99ae85b
2019-09-20 14:16:39,279 [RatisPipelineUtilsThread] INFO  pipeline.PipelineStateManager (PipelineStateManager.java:addPipeline(56)) - Created pipeline Pipeline[ Id: 91cce41b-6b19-4e5d-98e9-001d06732f40, Nodes: 3dd27507-a8cb-43da-a44e-e873f99ae85b{ip: 192.168.36.99, host: pr-hdds-1569-p5fx8-1226042367, networkLocation: /default-rack, certSerialId: null}, Type:RATIS, Factor:ONE, State:OPEN]
2019-09-20 14:16:39,285 [grpc-default-executor-0] INFO  impl.RaftServerProxy (RaftServerProxy.java:addNew(89)) - 13a328b2-3d84-4ca1-a243-9eae790dea4c: addNew group-412FDC78579E:[13a328b2-3d84-4ca1-a243-9eae790dea4c:192.168.36.99:41227] returns group-412FDC78579E:java.util.concurrent.CompletableFuture@4bcc92b0[Not completed]
2019-09-20 14:16:39,287 [pool-239-thread-1] INFO  impl.RaftServerImpl (RaftServerImpl.java:<init>(93)) - 13a328b2-3d84-4ca1-a243-9eae790dea4c: new RaftServerImpl for group-412FDC78579E:[13a328b2-3d84-4ca1-a243-9eae790dea4c:192.168.36.99:41227] with ContainerStateMachine:uninitialized
2019-09-20 14:16:39,287 [pool-239-thread-1] INFO  server.RaftServerConfigKeys (ConfUtils.java:logGet(43)) - raft.server.rpc.timeout.min = 5s (custom)
2019-09-20 14:16:39,287 [pool-239-thread-1] INFO  server.RaftServerConfigKeys (ConfUtils.java:logGet(43)) - raft.server.rpc.timeout.max = 5200ms (custom)
2019-09-20 14:16:39,287 [pool-239-thread-1] INFO  server.RaftServerConfigKeys (ConfUtils.java:logGet(43)) - raft.server.rpcslowness.timeout = 120s (custom)
2019-09-20 14:16:39,287 [pool-239-thread-1] INFO  server.RaftServerConfigKeys (ConfUtils.java:logGet(43)) - raft.server.sleep.deviation.threshold = 300 (default)
2019-09-20 14:16:39,288 [pool-239-thread-1] INFO  server.RaftServerConfigKeys (ConfUtils.java:logGet(43)) - raft.server.log.appender.install.snapshot.enabled = false (custom)
2019-09-20 14:16:39,288 [pool-239-thread-1] INFO  impl.RaftServerImpl (ServerState.java:<init>(105)) - 13a328b2-3d84-4ca1-a243-9eae790dea4c:group-412FDC78579E ConfigurationManager, init=-1: [13a328b2-3d84-4ca1-a243-9eae790dea4c:192.168.36.99:41227], old=null, confs=<EMPTY_MAP>
2019-09-20 14:16:39,288 [pool-239-thread-1] INFO  server.RaftServerConfigKeys (ConfUtils.java:logGet(43)) - raft.server.storage.dir = [/workdir/hadoop-ozone/ozonefs/target/test-dir/MiniOzoneClusterImpl-7e8c7029-0518-46b6-9dc3-3175ad8e4a05/datanode-0/data/ratis] (custom)
2019-09-20 14:16:39,289 [pool-239-thread-1] INFO  storage.RaftStorageDirectory (RaftStorageDirectory.java:analyzeStorage(246)) - The storage directory /workdir/hadoop-ozone/ozonefs/target/test-dir/MiniOzoneClusterImpl-7e8c7029-0518-46b6-9dc3-3175ad8e4a05/datanode-0/data/ratis/a1c5a7e4-945c-42fd-9120-412fdc78579e does not exist. Creating ...
2019-09-20 14:16:39,334 [pool-239-thread-1] INFO  storage.RaftStorageDirectory (RaftStorageDirectory.java:tryLock(328)) - Lock on /workdir/hadoop-ozone/ozonefs/target/test-dir/MiniOzoneClusterImpl-7e8c7029-0518-46b6-9dc3-3175ad8e4a05/datanode-0/data/ratis/a1c5a7e4-945c-42fd-9120-412fdc78579e/in_use.lock acquired by nodename 5474@pr-hdds-1569-p5fx8-1226042367
2019-09-20 14:16:39,360 [pool-239-thread-1] INFO  storage.RaftStorage (RaftStorage.java:format(72)) - Storage directory /workdir/hadoop-ozone/ozonefs/target/test-dir/MiniOzoneClusterImpl-7e8c7029-0518-46b6-9dc3-3175ad8e4a05/datanode-0/data/ratis/a1c5a7e4-945c-42fd-9120-412fdc78579e has been successfully formatted.
2019-09-20 14:16:39,360 [pool-239-thread-1] INFO  ratis.ContainerStateMachine (ContainerStateMachine.java:loadSnapshot(226)) - group-412FDC78579E: The snapshot info is null. Setting the last applied indexto:(t:0, i:~)
2019-09-20 14:16:39,360 [pool-239-thread-1] INFO  server.RaftServerConfigKeys (ConfUtils.java:logGet(43)) - raft.server.leader.election.timeout = 120s (custom)
2019-09-20 14:16:39,360 [pool-239-thread-1] INFO  server.RaftServerConfigKeys (ConfUtils.java:logGet(43)) - raft.server.log.use.memory = false (default)
2019-09-20 14:16:39,360 [pool-239-thread-1] INFO  server.RaftServerConfigKeys (ConfUtils.java:logGet(43)) - raft.server.log.purge.gap = 1000000 (custom)
2019-09-20 14:16:39,361 [pool-239-thread-1] INFO  server.RaftServerConfigKeys (ConfUtils.java:logGet(43)) - raft.server.log.appender.buffer.byte-limit = 33554432 (custom)
2019-09-20 14:16:39,361 [pool-239-thread-1] INFO  server.RaftServerConfigKeys (ConfUtils.java:logGet(43)) - raft.server.log.segment.size.max = 1048576 (custom)
2019-09-20 14:16:39,361 [pool-239-thread-1] INFO  server.RaftServerConfigKeys (ConfUtils.java:logGet(43)) - raft.server.log.segment.cache.num.max = 2 (custom)
2019-09-20 14:16:39,361 [pool-239-thread-1] INFO  segmented.SegmentedRaftLogWorker (SegmentedRaftLogWorker.java:<init>(172)) - new 13a328b2-3d84-4ca1-a243-9eae790dea4c-SegmentedRaftLogWorker:Storage Directory /workdir/hadoop-ozone/ozonefs/target/test-dir/MiniOzoneClusterImpl-7e8c7029-0518-46b6-9dc3-3175ad8e4a05/datanode-0/data/ratis/a1c5a7e4-945c-42fd-9120-412fdc78579e for RaftStorage:Storage Directory /workdir/hadoop-ozone/ozonefs/target/test-dir/MiniOzoneClusterImpl-7e8c7029-0518-46b6-9dc3-3175ad8e4a05/datanode-0/data/ratis/a1c5a7e4-945c-42fd-9120-412fdc78579e
2019-09-20 14:16:39,361 [pool-239-thread-1] INFO  server.RaftServerConfigKeys (ConfUtils.java:logGet(43)) - raft.server.log.queue.byte-limit = 2147483647 (custom)
2019-09-20 14:16:39,361 [pool-239-thread-1] INFO  server.RaftServerConfigKeys (ConfUtils.java:logGet(43)) - raft.server.log.queue.element-limit = 1024 (custom)
2019-09-20 14:16:39,362 [pool-239-thread-1] INFO  server.RaftServerConfigKeys (ConfUtils.java:logGet(43)) - raft.server.log.segment.size.max = 1048576 (custom)
2019-09-20 14:16:39,362 [pool-239-thread-1] INFO  server.RaftServerConfigKeys (ConfUtils.java:logGet(43)) - raft.server.log.preallocated.size = 16384 (custom)
2019-09-20 14:16:39,362 [pool-239-thread-1] INFO  server.RaftServerConfigKeys (ConfUtils.java:logGet(43)) - raft.server.log.write.buffer.size = 33554432 (custom)
2019-09-20 14:16:39,362 [pool-239-thread-1] INFO  server.RaftServerConfigKeys (ConfUtils.java:logGet(43)) - raft.server.log.force.sync.num = 128 (default)
2019-09-20 14:16:39,362 [pool-239-thread-1] INFO  server.RaftServerConfigKeys (ConfUtils.java:logGet(43)) - raft.server.log.statemachine.data.sync = true (default)
2019-09-20 14:16:39,362 [pool-239-thread-1] INFO  server.RaftServerConfigKeys (ConfUtils.java:logGet(43)) - raft.server.log.statemachine.data.sync.timeout = 10s (default)
2019-09-20 14:16:39,363 [pool-239-thread-1] INFO  server.RaftServerConfigKeys (ConfUtils.java:logGet(43)) - raft.server.log.statemachine.data.sync.timeout.retry = -1 (default)
2019-09-20 14:16:39,363 [pool-239-thread-1] INFO  server.RaftServerConfigKeys (ConfUtils.java:logGet(43)) - raft.server.log.statemachine.data.caching.enabled = true (custom)
2019-09-20 14:16:39,363 [pool-239-thread-1] INFO  segmented.SegmentedRaftLogWorker (SegmentedRaftLogWorker.java:lambda$new$0(132)) - 13a328b2-3d84-4ca1-a243-9eae790dea4c-SegmentedRaftLogWorker:Storage Directory /workdir/hadoop-ozone/ozonefs/target/test-dir/MiniOzoneClusterImpl-7e8c7029-0518-46b6-9dc3-3175ad8e4a05/datanode-0/data/ratis/a1c5a7e4-945c-42fd-9120-412fdc78579e: flushIndex: setUnconditionally 0 -> -1
2019-09-20 14:16:39,363 [pool-239-thread-1] INFO  server.RaftServerConfigKeys (ConfUtils.java:logGet(43)) - raft.server.snapshot.auto.trigger.enabled = true (custom)
2019-09-20 14:16:39,364 [pool-239-thread-1] INFO  server.RaftServerConfigKeys (ConfUtils.java:logGet(43)) - raft.server.snapshot.auto.trigger.threshold = 10000 (custom)
2019-09-20 14:16:39,364 [pool-239-thread-1] INFO  server.RaftServerConfigKeys (ConfUtils.java:logGet(43)) - raft.server.retrycache.expirytime = 600000ms (custom)
2019-09-20 14:16:39,364 [pool-239-thread-1] INFO  impl.RaftServerImpl (RaftServerImpl.java:start(180)) - 13a328b2-3d84-4ca1-a243-9eae790dea4c: start group-412FDC78579E
2019-09-20 14:16:39,364 [pool-239-thread-1] INFO  impl.RaftServerImpl (RaftServerImpl.java:setRole(171)) - 13a328b2-3d84-4ca1-a243-9eae790dea4c:group-412FDC78579E changes role from null to FOLLOWER at term 0 for startAsFollower
2019-09-20 14:16:39,364 [pool-239-thread-1] INFO  impl.RoleInfo (RoleInfo.java:updateAndGet(143)) - 13a328b2-3d84-4ca1-a243-9eae790dea4c: start FollowerState
2019-09-20 14:16:39,365 [pool-239-thread-1] INFO  util.JmxRegister (JmxRegister.java:tryRegister(44)) - Successfully registered JMX Bean with object name Ratis:service=RaftServer,group=group-412FDC78579E,id=13a328b2-3d84-4ca1-a243-9eae790dea4c
2019-09-20 14:16:39,368 [RatisPipelineUtilsThread] INFO  pipeline.PipelineStateManager (PipelineStateManager.java:addPipeline(56)) - Created pipeline Pipeline[ Id: a1c5a7e4-945c-42fd-9120-412fdc78579e, Nodes: 13a328b2-3d84-4ca1-a243-9eae790dea4c{ip: 192.168.36.99, host: pr-hdds-1569-p5fx8-1226042367, networkLocation: /default-rack, certSerialId: null}, Type:RATIS, Factor:ONE, State:OPEN]
2019-09-20 14:16:39,373 [grpc-default-executor-0] INFO  impl.RaftServerProxy (RaftServerProxy.java:addNew(89)) - 13a328b2-3d84-4ca1-a243-9eae790dea4c: addNew group-9F03DDC47D8F:[13a328b2-3d84-4ca1-a243-9eae790dea4c:192.168.36.99:41227] returns group-9F03DDC47D8F:java.util.concurrent.CompletableFuture@6c567b6c[Not completed]
2019-09-20 14:16:39,374 [pool-239-thread-1] INFO  impl.RaftServerImpl (RaftServerImpl.java:<init>(93)) - 13a328b2-3d84-4ca1-a243-9eae790dea4c: new RaftServerImpl for group-9F03DDC47D8F:[13a328b2-3d84-4ca1-a243-9eae790dea4c:192.168.36.99:41227] with ContainerStateMachine:uninitialized
2019-09-20 14:16:39,374 [pool-239-thread-1] INFO  server.RaftServerConfigKeys (ConfUtils.java:logGet(43)) - raft.server.rpc.timeout.min = 5s (custom)
2019-09-20 14:16:39,374 [pool-239-thread-1] INFO  server.RaftServerConfigKeys (ConfUtils.java:logGet(43)) - raft.server.rpc.timeout.max = 5200ms (custom)
2019-09-20 14:16:39,374 [pool-239-thread-1] INFO  server.RaftServerConfigKeys (ConfUtils.java:logGet(43)) - raft.server.rpcslowness.timeout = 120s (custom)
2019-09-20 14:16:39,375 [pool-239-thread-1] INFO  server.RaftServerConfigKeys (ConfUtils.java:logGet(43)) - raft.server.sleep.deviation.threshold = 300 (default)
2019-09-20 14:16:39,375 [pool-239-thread-1] INFO  server.RaftServerConfigKeys (ConfUtils.java:logGet(43)) - raft.server.log.appender.install.snapshot.enabled = false (custom)
2019-09-20 14:16:39,375 [pool-239-thread-1] INFO  impl.RaftServerImpl (ServerState.java:<init>(105)) - 13a328b2-3d84-4ca1-a243-9eae790dea4c:group-9F03DDC47D8F ConfigurationManager, init=-1: [13a328b2-3d84-4ca1-a243-9eae790dea4c:192.168.36.99:41227], old=null, confs=<EMPTY_MAP>
2019-09-20 14:16:39,375 [pool-239-thread-1] INFO  server.RaftServerConfigKeys (ConfUtils.java:logGet(43)) - raft.server.storage.dir = [/workdir/hadoop-ozone/ozonefs/target/test-dir/MiniOzoneClusterImpl-7e8c7029-0518-46b6-9dc3-3175ad8e4a05/datanode-0/data/ratis] (custom)
2019-09-20 14:16:39,375 [pool-239-thread-1] INFO  storage.RaftStorageDirectory (RaftStorageDirectory.java:analyzeStorage(246)) - The storage directory /workdir/hadoop-ozone/ozonefs/target/test-dir/MiniOzoneClusterImpl-7e8c7029-0518-46b6-9dc3-3175ad8e4a05/datanode-0/data/ratis/51b4957f-f9d8-4c32-a7c4-9f03ddc47d8f does not exist. Creating ...
2019-09-20 14:16:39,393 [pool-239-thread-1] INFO  storage.RaftStorageDirectory (RaftStorageDirectory.java:tryLock(328)) - Lock on /workdir/hadoop-ozone/ozonefs/target/test-dir/MiniOzoneClusterImpl-7e8c7029-0518-46b6-9dc3-3175ad8e4a05/datanode-0/data/ratis/51b4957f-f9d8-4c32-a7c4-9f03ddc47d8f/in_use.lock acquired by nodename 5474@pr-hdds-1569-p5fx8-1226042367
2019-09-20 14:16:39,410 [pool-239-thread-1] INFO  storage.RaftStorage (RaftStorage.java:format(72)) - Storage directory /workdir/hadoop-ozone/ozonefs/target/test-dir/MiniOzoneClusterImpl-7e8c7029-0518-46b6-9dc3-3175ad8e4a05/datanode-0/data/ratis/51b4957f-f9d8-4c32-a7c4-9f03ddc47d8f has been successfully formatted.
2019-09-20 14:16:39,410 [pool-239-thread-1] INFO  ratis.ContainerStateMachine (ContainerStateMachine.java:loadSnapshot(226)) - group-9F03DDC47D8F: The snapshot info is null. Setting the last applied indexto:(t:0, i:~)
2019-09-20 14:16:39,410 [pool-239-thread-1] INFO  server.RaftServerConfigKeys (ConfUtils.java:logGet(43)) - raft.server.leader.election.timeout = 120s (custom)
2019-09-20 14:16:39,411 [pool-239-thread-1] INFO  server.RaftServerConfigKeys (ConfUtils.java:logGet(43)) - raft.server.log.use.memory = false (default)
2019-09-20 14:16:39,411 [pool-239-thread-1] INFO  server.RaftServerConfigKeys (ConfUtils.java:logGet(43)) - raft.server.log.purge.gap = 1000000 (custom)
2019-09-20 14:16:39,411 [pool-239-thread-1] INFO  server.RaftServerConfigKeys (ConfUtils.java:logGet(43)) - raft.server.log.appender.buffer.byte-limit = 33554432 (custom)
2019-09-20 14:16:39,411 [pool-239-thread-1] INFO  server.RaftServerConfigKeys (ConfUtils.java:logGet(43)) - raft.server.log.segment.size.max = 1048576 (custom)
2019-09-20 14:16:39,411 [pool-239-thread-1] INFO  server.RaftServerConfigKeys (ConfUtils.java:logGet(43)) - raft.server.log.segment.cache.num.max = 2 (custom)
2019-09-20 14:16:39,412 [pool-239-thread-1] INFO  segmented.SegmentedRaftLogWorker (SegmentedRaftLogWorker.java:<init>(172)) - new 13a328b2-3d84-4ca1-a243-9eae790dea4c-SegmentedRaftLogWorker:Storage Directory /workdir/hadoop-ozone/ozonefs/target/test-dir/MiniOzoneClusterImpl-7e8c7029-0518-46b6-9dc3-3175ad8e4a05/datanode-0/data/ratis/51b4957f-f9d8-4c32-a7c4-9f03ddc47d8f for RaftStorage:Storage Directory /workdir/hadoop-ozone/ozonefs/target/test-dir/MiniOzoneClusterImpl-7e8c7029-0518-46b6-9dc3-3175ad8e4a05/datanode-0/data/ratis/51b4957f-f9d8-4c32-a7c4-9f03ddc47d8f
2019-09-20 14:16:39,412 [pool-239-thread-1] INFO  server.RaftServerConfigKeys (ConfUtils.java:logGet(43)) - raft.server.log.queue.byte-limit = 2147483647 (custom)
2019-09-20 14:16:39,412 [pool-239-thread-1] INFO  server.RaftServerConfigKeys (ConfUtils.java:logGet(43)) - raft.server.log.queue.element-limit = 1024 (custom)
2019-09-20 14:16:39,412 [pool-239-thread-1] INFO  server.RaftServerConfigKeys (ConfUtils.java:logGet(43)) - raft.server.log.segment.size.max = 1048576 (custom)
2019-09-20 14:16:39,412 [pool-239-thread-1] INFO  server.RaftServerConfigKeys (ConfUtils.java:logGet(43)) - raft.server.log.preallocated.size = 16384 (custom)
2019-09-20 14:16:39,413 [pool-239-thread-1] INFO  server.RaftServerConfigKeys (ConfUtils.java:logGet(43)) - raft.server.log.write.buffer.size = 33554432 (custom)
2019-09-20 14:16:39,413 [pool-239-thread-1] INFO  server.RaftServerConfigKeys (ConfUtils.java:logGet(43)) - raft.server.log.force.sync.num = 128 (default)
2019-09-20 14:16:39,413 [pool-239-thread-1] INFO  server.RaftServerConfigKeys (ConfUtils.java:logGet(43)) - raft.server.log.statemachine.data.sync = true (default)
2019-09-20 14:16:39,413 [pool-239-thread-1] INFO  server.RaftServerConfigKeys (ConfUtils.java:logGet(43)) - raft.server.log.statemachine.data.sync.timeout = 10s (default)
2019-09-20 14:16:39,413 [pool-239-thread-1] INFO  server.RaftServerConfigKeys (ConfUtils.java:logGet(43)) - raft.server.log.statemachine.data.sync.timeout.retry = -1 (default)
2019-09-20 14:16:39,413 [pool-239-thread-1] INFO  server.RaftServerConfigKeys (ConfUtils.java:logGet(43)) - raft.server.log.statemachine.data.caching.enabled = true (custom)
2019-09-20 14:16:39,414 [pool-239-thread-1] INFO  segmented.SegmentedRaftLogWorker (SegmentedRaftLogWorker.java:lambda$new$0(132)) - 13a328b2-3d84-4ca1-a243-9eae790dea4c-SegmentedRaftLogWorker:Storage Directory /workdir/hadoop-ozone/ozonefs/target/test-dir/MiniOzoneClusterImpl-7e8c7029-0518-46b6-9dc3-3175ad8e4a05/datanode-0/data/ratis/51b4957f-f9d8-4c32-a7c4-9f03ddc47d8f: flushIndex: setUnconditionally 0 -> -1
2019-09-20 14:16:39,414 [pool-239-thread-1] INFO  server.RaftServerConfigKeys (ConfUtils.java:logGet(43)) - raft.server.snapshot.auto.trigger.enabled = true (custom)
2019-09-20 14:16:39,414 [pool-239-thread-1] INFO  server.RaftServerConfigKeys (ConfUtils.java:logGet(43)) - raft.server.snapshot.auto.trigger.threshold = 10000 (custom)
2019-09-20 14:16:39,415 [pool-239-thread-1] INFO  server.RaftServerConfigKeys (ConfUtils.java:logGet(43)) - raft.server.retrycache.expirytime = 600000ms (custom)
2019-09-20 14:16:39,415 [pool-239-thread-1] INFO  impl.RaftServerImpl (RaftServerImpl.java:start(180)) - 13a328b2-3d84-4ca1-a243-9eae790dea4c: start group-9F03DDC47D8F
2019-09-20 14:16:39,415 [pool-239-thread-1] INFO  impl.RaftServerImpl (RaftServerImpl.java:setRole(171)) - 13a328b2-3d84-4ca1-a243-9eae790dea4c:group-9F03DDC47D8F changes role from null to FOLLOWER at term 0 for startAsFollower
2019-09-20 14:16:39,415 [pool-239-thread-1] INFO  impl.RoleInfo (RoleInfo.java:updateAndGet(143)) - 13a328b2-3d84-4ca1-a243-9eae790dea4c: start FollowerState
2019-09-20 14:16:39,416 [pool-239-thread-1] INFO  util.JmxRegister (JmxRegister.java:tryRegister(44)) - Successfully registered JMX Bean with object name Ratis:service=RaftServer,group=group-9F03DDC47D8F,id=13a328b2-3d84-4ca1-a243-9eae790dea4c
2019-09-20 14:16:39,418 [RatisPipelineUtilsThread] INFO  pipeline.PipelineStateManager (PipelineStateManager.java:addPipeline(56)) - Created pipeline Pipeline[ Id: 51b4957f-f9d8-4c32-a7c4-9f03ddc47d8f, Nodes: 13a328b2-3d84-4ca1-a243-9eae790dea4c{ip: 192.168.36.99, host: pr-hdds-1569-p5fx8-1226042367, networkLocation: /default-rack, certSerialId: null}, Type:RATIS, Factor:ONE, State:OPEN]
2019-09-20 14:16:39,419 [RatisPipelineUtilsThread] INFO  pipeline.PipelinePlacementPolicy (PipelinePlacementPolicy.java:meetCriteria(91)) - Pipeline Placement: Doesn't meet the criteria to be viable node： 13a328b2-3d84-4ca1-a243-9eae790dea4c Heaviness: 6 limit: 5
2019-09-20 14:16:39,424 [grpc-default-executor-0] INFO  impl.RaftServerProxy (RaftServerProxy.java:addNew(89)) - 3dd27507-a8cb-43da-a44e-e873f99ae85b: addNew group-3EB72DF12019:[3dd27507-a8cb-43da-a44e-e873f99ae85b:192.168.36.99:33496] returns group-3EB72DF12019:java.util.concurrent.CompletableFuture@7c3057cf[Not completed]
2019-09-20 14:16:39,426 [pool-250-thread-1] INFO  impl.RaftServerImpl (RaftServerImpl.java:<init>(93)) - 3dd27507-a8cb-43da-a44e-e873f99ae85b: new RaftServerImpl for group-3EB72DF12019:[3dd27507-a8cb-43da-a44e-e873f99ae85b:192.168.36.99:33496] with ContainerStateMachine:uninitialized
2019-09-20 14:16:39,426 [pool-250-thread-1] INFO  server.RaftServerConfigKeys (ConfUtils.java:logGet(43)) - raft.server.rpc.timeout.min = 5s (custom)
2019-09-20 14:16:39,426 [pool-250-thread-1] INFO  server.RaftServerConfigKeys (ConfUtils.java:logGet(43)) - raft.server.rpc.timeout.max = 5200ms (custom)
2019-09-20 14:16:39,426 [pool-250-thread-1] INFO  server.RaftServerConfigKeys (ConfUtils.java:logGet(43)) - raft.server.rpcslowness.timeout = 120s (custom)
2019-09-20 14:16:39,426 [pool-250-thread-1] INFO  server.RaftServerConfigKeys (ConfUtils.java:logGet(43)) - raft.server.sleep.deviation.threshold = 300 (default)
2019-09-20 14:16:39,426 [pool-250-thread-1] INFO  server.RaftServerConfigKeys (ConfUtils.java:logGet(43)) - raft.server.log.appender.install.snapshot.enabled = false (custom)
2019-09-20 14:16:39,427 [pool-250-thread-1] INFO  impl.RaftServerImpl (ServerState.java:<init>(105)) - 3dd27507-a8cb-43da-a44e-e873f99ae85b:group-3EB72DF12019 ConfigurationManager, init=-1: [3dd27507-a8cb-43da-a44e-e873f99ae85b:192.168.36.99:33496], old=null, confs=<EMPTY_MAP>
2019-09-20 14:16:39,427 [pool-250-thread-1] INFO  server.RaftServerConfigKeys (ConfUtils.java:logGet(43)) - raft.server.storage.dir = [/workdir/hadoop-ozone/ozonefs/target/test-dir/MiniOzoneClusterImpl-7e8c7029-0518-46b6-9dc3-3175ad8e4a05/datanode-1/data/ratis] (custom)
2019-09-20 14:16:39,427 [pool-250-thread-1] INFO  storage.RaftStorageDirectory (RaftStorageDirectory.java:analyzeStorage(246)) - The storage directory /workdir/hadoop-ozone/ozonefs/target/test-dir/MiniOzoneClusterImpl-7e8c7029-0518-46b6-9dc3-3175ad8e4a05/datanode-1/data/ratis/2cda2fdd-6c90-4479-8ec9-3eb72df12019 does not exist. Creating ...
2019-09-20 14:16:39,440 [Thread-1070] INFO  ozone.MiniOzoneClusterImpl (MiniOzoneClusterImpl.java:lambda$waitForClusterToBeReady$0(142)) - Waiting for cluster to be ready. Got 2 of 3 DN Heartbeats.
2019-09-20 14:16:39,441 [IPC Server handler 2 on 33109] INFO  net.NetworkTopology (NetworkTopologyImpl.java:add(110)) - Added a new node: /default-rack/25438d07-0339-4bf6-8997-22533ce336d6
2019-09-20 14:16:39,441 [IPC Server handler 2 on 33109] INFO  node.SCMNodeManager (SCMNodeManager.java:register(273)) - Registered Data node : 25438d07-0339-4bf6-8997-22533ce336d6{ip: 192.168.36.99, host: pr-hdds-1569-p5fx8-1226042367, networkLocation: /default-rack, certSerialId: null}
2019-09-20 14:16:39,441 | INFO  | SCMAudit | user=jenkins1000 | ip=192.168.36.99 | op=REGISTER {datanodeDetails=25438d07-0339-4bf6-8997-22533ce336d6{ip: 192.168.36.99, host: pr-hdds-1569-p5fx8-1226042367, networkLocation: /default-rack, certSerialId: null}} | ret=SUCCESS |  
2019-09-20 14:16:39,445 [pool-250-thread-1] INFO  storage.RaftStorageDirectory (RaftStorageDirectory.java:tryLock(328)) - Lock on /workdir/hadoop-ozone/ozonefs/target/test-dir/MiniOzoneClusterImpl-7e8c7029-0518-46b6-9dc3-3175ad8e4a05/datanode-1/data/ratis/2cda2fdd-6c90-4479-8ec9-3eb72df12019/in_use.lock acquired by nodename 5474@pr-hdds-1569-p5fx8-1226042367
2019-09-20 14:16:39,470 [pool-250-thread-1] INFO  storage.RaftStorage (RaftStorage.java:format(72)) - Storage directory /workdir/hadoop-ozone/ozonefs/target/test-dir/MiniOzoneClusterImpl-7e8c7029-0518-46b6-9dc3-3175ad8e4a05/datanode-1/data/ratis/2cda2fdd-6c90-4479-8ec9-3eb72df12019 has been successfully formatted.
2019-09-20 14:16:39,471 [pool-250-thread-1] INFO  ratis.ContainerStateMachine (ContainerStateMachine.java:loadSnapshot(226)) - group-3EB72DF12019: The snapshot info is null. Setting the last applied indexto:(t:0, i:~)
2019-09-20 14:16:39,471 [pool-250-thread-1] INFO  server.RaftServerConfigKeys (ConfUtils.java:logGet(43)) - raft.server.leader.election.timeout = 120s (custom)
2019-09-20 14:16:39,471 [pool-250-thread-1] INFO  server.RaftServerConfigKeys (ConfUtils.java:logGet(43)) - raft.server.log.use.memory = false (default)
2019-09-20 14:16:39,471 [pool-250-thread-1] INFO  server.RaftServerConfigKeys (ConfUtils.java:logGet(43)) - raft.server.log.purge.gap = 1000000 (custom)
2019-09-20 14:16:39,472 [pool-250-thread-1] INFO  server.RaftServerConfigKeys (ConfUtils.java:logGet(43)) - raft.server.log.appender.buffer.byte-limit = 33554432 (custom)
2019-09-20 14:16:39,472 [pool-250-thread-1] INFO  server.RaftServerConfigKeys (ConfUtils.java:logGet(43)) - raft.server.log.segment.size.max = 1048576 (custom)
2019-09-20 14:16:39,472 [pool-250-thread-1] INFO  server.RaftServerConfigKeys (ConfUtils.java:logGet(43)) - raft.server.log.segment.cache.num.max = 2 (custom)
2019-09-20 14:16:39,472 [pool-250-thread-1] INFO  segmented.SegmentedRaftLogWorker (SegmentedRaftLogWorker.java:<init>(172)) - new 3dd27507-a8cb-43da-a44e-e873f99ae85b-SegmentedRaftLogWorker:Storage Directory /workdir/hadoop-ozone/ozonefs/target/test-dir/MiniOzoneClusterImpl-7e8c7029-0518-46b6-9dc3-3175ad8e4a05/datanode-1/data/ratis/2cda2fdd-6c90-4479-8ec9-3eb72df12019 for RaftStorage:Storage Directory /workdir/hadoop-ozone/ozonefs/target/test-dir/MiniOzoneClusterImpl-7e8c7029-0518-46b6-9dc3-3175ad8e4a05/datanode-1/data/ratis/2cda2fdd-6c90-4479-8ec9-3eb72df12019
2019-09-20 14:16:39,472 [pool-250-thread-1] INFO  server.RaftServerConfigKeys (ConfUtils.java:logGet(43)) - raft.server.log.queue.byte-limit = 2147483647 (custom)
2019-09-20 14:16:39,472 [pool-250-thread-1] INFO  server.RaftServerConfigKeys (ConfUtils.java:logGet(43)) - raft.server.log.queue.element-limit = 1024 (custom)
2019-09-20 14:16:39,473 [pool-250-thread-1] INFO  server.RaftServerConfigKeys (ConfUtils.java:logGet(43)) - raft.server.log.segment.size.max = 1048576 (custom)
2019-09-20 14:16:39,473 [pool-250-thread-1] INFO  server.RaftServerConfigKeys (ConfUtils.java:logGet(43)) - raft.server.log.preallocated.size = 16384 (custom)
2019-09-20 14:16:39,473 [pool-250-thread-1] INFO  server.RaftServerConfigKeys (ConfUtils.java:logGet(43)) - raft.server.log.write.buffer.size = 33554432 (custom)
2019-09-20 14:16:39,473 [pool-250-thread-1] INFO  server.RaftServerConfigKeys (ConfUtils.java:logGet(43)) - raft.server.log.force.sync.num = 128 (default)
2019-09-20 14:16:39,473 [pool-250-thread-1] INFO  server.RaftServerConfigKeys (ConfUtils.java:logGet(43)) - raft.server.log.statemachine.data.sync = true (default)
2019-09-20 14:16:39,473 [pool-250-thread-1] INFO  server.RaftServerConfigKeys (ConfUtils.java:logGet(43)) - raft.server.log.statemachine.data.sync.timeout = 10s (default)
2019-09-20 14:16:39,473 [pool-250-thread-1] INFO  server.RaftServerConfigKeys (ConfUtils.java:logGet(43)) - raft.server.log.statemachine.data.sync.timeout.retry = -1 (default)
2019-09-20 14:16:39,474 [pool-250-thread-1] INFO  server.RaftServerConfigKeys (ConfUtils.java:logGet(43)) - raft.server.log.statemachine.data.caching.enabled = true (custom)
2019-09-20 14:16:39,474 [pool-250-thread-1] INFO  segmented.SegmentedRaftLogWorker (SegmentedRaftLogWorker.java:lambda$new$0(132)) - 3dd27507-a8cb-43da-a44e-e873f99ae85b-SegmentedRaftLogWorker:Storage Directory /workdir/hadoop-ozone/ozonefs/target/test-dir/MiniOzoneClusterImpl-7e8c7029-0518-46b6-9dc3-3175ad8e4a05/datanode-1/data/ratis/2cda2fdd-6c90-4479-8ec9-3eb72df12019: flushIndex: setUnconditionally 0 -> -1
2019-09-20 14:16:39,474 [pool-250-thread-1] INFO  server.RaftServerConfigKeys (ConfUtils.java:logGet(43)) - raft.server.snapshot.auto.trigger.enabled = true (custom)
2019-09-20 14:16:39,474 [pool-250-thread-1] INFO  server.RaftServerConfigKeys (ConfUtils.java:logGet(43)) - raft.server.snapshot.auto.trigger.threshold = 10000 (custom)
2019-09-20 14:16:39,475 [pool-250-thread-1] INFO  server.RaftServerConfigKeys (ConfUtils.java:logGet(43)) - raft.server.retrycache.expirytime = 600000ms (custom)
2019-09-20 14:16:39,475 [pool-250-thread-1] INFO  impl.RaftServerImpl (RaftServerImpl.java:start(180)) - 3dd27507-a8cb-43da-a44e-e873f99ae85b: start group-3EB72DF12019
2019-09-20 14:16:39,475 [pool-250-thread-1] INFO  impl.RaftServerImpl (RaftServerImpl.java:setRole(171)) - 3dd27507-a8cb-43da-a44e-e873f99ae85b:group-3EB72DF12019 changes role from null to FOLLOWER at term 0 for startAsFollower
2019-09-20 14:16:39,475 [pool-250-thread-1] INFO  impl.RoleInfo (RoleInfo.java:updateAndGet(143)) - 3dd27507-a8cb-43da-a44e-e873f99ae85b: start FollowerState
2019-09-20 14:16:39,476 [pool-250-thread-1] INFO  util.JmxRegister (JmxRegister.java:tryRegister(44)) - Successfully registered JMX Bean with object name Ratis:service=RaftServer,group=group-3EB72DF12019,id=3dd27507-a8cb-43da-a44e-e873f99ae85b
2019-09-20 14:16:39,479 [RatisPipelineUtilsThread] INFO  pipeline.PipelineStateManager (PipelineStateManager.java:addPipeline(56)) - Created pipeline Pipeline[ Id: 2cda2fdd-6c90-4479-8ec9-3eb72df12019, Nodes: 3dd27507-a8cb-43da-a44e-e873f99ae85b{ip: 192.168.36.99, host: pr-hdds-1569-p5fx8-1226042367, networkLocation: /default-rack, certSerialId: null}, Type:RATIS, Factor:ONE, State:OPEN]
2019-09-20 14:16:39,479 [RatisPipelineUtilsThread] INFO  pipeline.PipelinePlacementPolicy (PipelinePlacementPolicy.java:meetCriteria(91)) - Pipeline Placement: Doesn't meet the criteria to be viable node： 13a328b2-3d84-4ca1-a243-9eae790dea4c Heaviness: 6 limit: 5
2019-09-20 14:16:39,484 [grpc-default-executor-0] INFO  impl.RaftServerProxy (RaftServerProxy.java:addNew(89)) - 3dd27507-a8cb-43da-a44e-e873f99ae85b: addNew group-C304A31D1F65:[3dd27507-a8cb-43da-a44e-e873f99ae85b:192.168.36.99:33496] returns group-C304A31D1F65:java.util.concurrent.CompletableFuture@a803cfd[Not completed]
2019-09-20 14:16:39,486 [pool-250-thread-1] INFO  impl.RaftServerImpl (RaftServerImpl.java:<init>(93)) - 3dd27507-a8cb-43da-a44e-e873f99ae85b: new RaftServerImpl for group-C304A31D1F65:[3dd27507-a8cb-43da-a44e-e873f99ae85b:192.168.36.99:33496] with ContainerStateMachine:uninitialized
2019-09-20 14:16:39,486 [pool-250-thread-1] INFO  server.RaftServerConfigKeys (ConfUtils.java:logGet(43)) - raft.server.rpc.timeout.min = 5s (custom)
2019-09-20 14:16:39,486 [pool-250-thread-1] INFO  server.RaftServerConfigKeys (ConfUtils.java:logGet(43)) - raft.server.rpc.timeout.max = 5200ms (custom)
2019-09-20 14:16:39,486 [pool-250-thread-1] INFO  server.RaftServerConfigKeys (ConfUtils.java:logGet(43)) - raft.server.rpcslowness.timeout = 120s (custom)
2019-09-20 14:16:39,486 [pool-250-thread-1] INFO  server.RaftServerConfigKeys (ConfUtils.java:logGet(43)) - raft.server.sleep.deviation.threshold = 300 (default)
2019-09-20 14:16:39,486 [pool-250-thread-1] INFO  server.RaftServerConfigKeys (ConfUtils.java:logGet(43)) - raft.server.log.appender.install.snapshot.enabled = false (custom)
2019-09-20 14:16:39,487 [pool-250-thread-1] INFO  impl.RaftServerImpl (ServerState.java:<init>(105)) - 3dd27507-a8cb-43da-a44e-e873f99ae85b:group-C304A31D1F65 ConfigurationManager, init=-1: [3dd27507-a8cb-43da-a44e-e873f99ae85b:192.168.36.99:33496], old=null, confs=<EMPTY_MAP>
2019-09-20 14:16:39,487 [pool-250-thread-1] INFO  server.RaftServerConfigKeys (ConfUtils.java:logGet(43)) - raft.server.storage.dir = [/workdir/hadoop-ozone/ozonefs/target/test-dir/MiniOzoneClusterImpl-7e8c7029-0518-46b6-9dc3-3175ad8e4a05/datanode-1/data/ratis] (custom)
2019-09-20 14:16:39,487 [pool-250-thread-1] INFO  storage.RaftStorageDirectory (RaftStorageDirectory.java:analyzeStorage(246)) - The storage directory /workdir/hadoop-ozone/ozonefs/target/test-dir/MiniOzoneClusterImpl-7e8c7029-0518-46b6-9dc3-3175ad8e4a05/datanode-1/data/ratis/f99d6a7a-ffc4-4b85-b7e9-c304a31d1f65 does not exist. Creating ...
2019-09-20 14:16:39,506 [pool-250-thread-1] INFO  storage.RaftStorageDirectory (RaftStorageDirectory.java:tryLock(328)) - Lock on /workdir/hadoop-ozone/ozonefs/target/test-dir/MiniOzoneClusterImpl-7e8c7029-0518-46b6-9dc3-3175ad8e4a05/datanode-1/data/ratis/f99d6a7a-ffc4-4b85-b7e9-c304a31d1f65/in_use.lock acquired by nodename 5474@pr-hdds-1569-p5fx8-1226042367
2019-09-20 14:16:39,555 [pool-250-thread-1] INFO  storage.RaftStorage (RaftStorage.java:format(72)) - Storage directory /workdir/hadoop-ozone/ozonefs/target/test-dir/MiniOzoneClusterImpl-7e8c7029-0518-46b6-9dc3-3175ad8e4a05/datanode-1/data/ratis/f99d6a7a-ffc4-4b85-b7e9-c304a31d1f65 has been successfully formatted.
2019-09-20 14:16:39,556 [pool-250-thread-1] INFO  ratis.ContainerStateMachine (ContainerStateMachine.java:loadSnapshot(226)) - group-C304A31D1F65: The snapshot info is null. Setting the last applied indexto:(t:0, i:~)
2019-09-20 14:16:39,556 [pool-250-thread-1] INFO  server.RaftServerConfigKeys (ConfUtils.java:logGet(43)) - raft.server.leader.election.timeout = 120s (custom)
2019-09-20 14:16:39,556 [pool-250-thread-1] INFO  server.RaftServerConfigKeys (ConfUtils.java:logGet(43)) - raft.server.log.use.memory = false (default)
2019-09-20 14:16:39,556 [pool-250-thread-1] INFO  server.RaftServerConfigKeys (ConfUtils.java:logGet(43)) - raft.server.log.purge.gap = 1000000 (custom)
2019-09-20 14:16:39,556 [pool-250-thread-1] INFO  server.RaftServerConfigKeys (ConfUtils.java:logGet(43)) - raft.server.log.appender.buffer.byte-limit = 33554432 (custom)
2019-09-20 14:16:39,556 [pool-250-thread-1] INFO  server.RaftServerConfigKeys (ConfUtils.java:logGet(43)) - raft.server.log.segment.size.max = 1048576 (custom)
2019-09-20 14:16:39,557 [pool-250-thread-1] INFO  server.RaftServerConfigKeys (ConfUtils.java:logGet(43)) - raft.server.log.segment.cache.num.max = 2 (custom)
2019-09-20 14:16:39,557 [pool-250-thread-1] INFO  segmented.SegmentedRaftLogWorker (SegmentedRaftLogWorker.java:<init>(172)) - new 3dd27507-a8cb-43da-a44e-e873f99ae85b-SegmentedRaftLogWorker:Storage Directory /workdir/hadoop-ozone/ozonefs/target/test-dir/MiniOzoneClusterImpl-7e8c7029-0518-46b6-9dc3-3175ad8e4a05/datanode-1/data/ratis/f99d6a7a-ffc4-4b85-b7e9-c304a31d1f65 for RaftStorage:Storage Directory /workdir/hadoop-ozone/ozonefs/target/test-dir/MiniOzoneClusterImpl-7e8c7029-0518-46b6-9dc3-3175ad8e4a05/datanode-1/data/ratis/f99d6a7a-ffc4-4b85-b7e9-c304a31d1f65
2019-09-20 14:16:39,557 [pool-250-thread-1] INFO  server.RaftServerConfigKeys (ConfUtils.java:logGet(43)) - raft.server.log.queue.byte-limit = 2147483647 (custom)
2019-09-20 14:16:39,557 [pool-250-thread-1] INFO  server.RaftServerConfigKeys (ConfUtils.java:logGet(43)) - raft.server.log.queue.element-limit = 1024 (custom)
2019-09-20 14:16:39,557 [pool-250-thread-1] INFO  server.RaftServerConfigKeys (ConfUtils.java:logGet(43)) - raft.server.log.segment.size.max = 1048576 (custom)
2019-09-20 14:16:39,557 [pool-250-thread-1] INFO  server.RaftServerConfigKeys (ConfUtils.java:logGet(43)) - raft.server.log.preallocated.size = 16384 (custom)
2019-09-20 14:16:39,558 [pool-250-thread-1] INFO  server.RaftServerConfigKeys (ConfUtils.java:logGet(43)) - raft.server.log.write.buffer.size = 33554432 (custom)
2019-09-20 14:16:39,558 [pool-250-thread-1] INFO  server.RaftServerConfigKeys (ConfUtils.java:logGet(43)) - raft.server.log.force.sync.num = 128 (default)
2019-09-20 14:16:39,558 [pool-250-thread-1] INFO  server.RaftServerConfigKeys (ConfUtils.java:logGet(43)) - raft.server.log.statemachine.data.sync = true (default)
2019-09-20 14:16:39,558 [pool-250-thread-1] INFO  server.RaftServerConfigKeys (ConfUtils.java:logGet(43)) - raft.server.log.statemachine.data.sync.timeout = 10s (default)
2019-09-20 14:16:39,558 [pool-250-thread-1] INFO  server.RaftServerConfigKeys (ConfUtils.java:logGet(43)) - raft.server.log.statemachine.data.sync.timeout.retry = -1 (default)
2019-09-20 14:16:39,558 [pool-250-thread-1] INFO  server.RaftServerConfigKeys (ConfUtils.java:logGet(43)) - raft.server.log.statemachine.data.caching.enabled = true (custom)
2019-09-20 14:16:39,559 [pool-250-thread-1] INFO  segmented.SegmentedRaftLogWorker (SegmentedRaftLogWorker.java:lambda$new$0(132)) - 3dd27507-a8cb-43da-a44e-e873f99ae85b-SegmentedRaftLogWorker:Storage Directory /workdir/hadoop-ozone/ozonefs/target/test-dir/MiniOzoneClusterImpl-7e8c7029-0518-46b6-9dc3-3175ad8e4a05/datanode-1/data/ratis/f99d6a7a-ffc4-4b85-b7e9-c304a31d1f65: flushIndex: setUnconditionally 0 -> -1
2019-09-20 14:16:39,559 [pool-250-thread-1] INFO  server.RaftServerConfigKeys (ConfUtils.java:logGet(43)) - raft.server.snapshot.auto.trigger.enabled = true (custom)
2019-09-20 14:16:39,559 [pool-250-thread-1] INFO  server.RaftServerConfigKeys (ConfUtils.java:logGet(43)) - raft.server.snapshot.auto.trigger.threshold = 10000 (custom)
2019-09-20 14:16:39,559 [pool-250-thread-1] INFO  server.RaftServerConfigKeys (ConfUtils.java:logGet(43)) - raft.server.retrycache.expirytime = 600000ms (custom)
2019-09-20 14:16:39,560 [pool-250-thread-1] INFO  impl.RaftServerImpl (RaftServerImpl.java:start(180)) - 3dd27507-a8cb-43da-a44e-e873f99ae85b: start group-C304A31D1F65
2019-09-20 14:16:39,560 [pool-250-thread-1] INFO  impl.RaftServerImpl (RaftServerImpl.java:setRole(171)) - 3dd27507-a8cb-43da-a44e-e873f99ae85b:group-C304A31D1F65 changes role from null to FOLLOWER at term 0 for startAsFollower
2019-09-20 14:16:39,560 [pool-250-thread-1] INFO  impl.RoleInfo (RoleInfo.java:updateAndGet(143)) - 3dd27507-a8cb-43da-a44e-e873f99ae85b: start FollowerState
2019-09-20 14:16:39,561 [pool-250-thread-1] INFO  util.JmxRegister (JmxRegister.java:tryRegister(44)) - Successfully registered JMX Bean with object name Ratis:service=RaftServer,group=group-C304A31D1F65,id=3dd27507-a8cb-43da-a44e-e873f99ae85b
2019-09-20 14:16:39,563 [RatisPipelineUtilsThread] INFO  pipeline.PipelineStateManager (PipelineStateManager.java:addPipeline(56)) - Created pipeline Pipeline[ Id: f99d6a7a-ffc4-4b85-b7e9-c304a31d1f65, Nodes: 3dd27507-a8cb-43da-a44e-e873f99ae85b{ip: 192.168.36.99, host: pr-hdds-1569-p5fx8-1226042367, networkLocation: /default-rack, certSerialId: null}, Type:RATIS, Factor:ONE, State:OPEN]
2019-09-20 14:16:39,564 [RatisPipelineUtilsThread] INFO  pipeline.PipelinePlacementPolicy (PipelinePlacementPolicy.java:meetCriteria(91)) - Pipeline Placement: Doesn't meet the criteria to be viable node： 13a328b2-3d84-4ca1-a243-9eae790dea4c Heaviness: 6 limit: 5
2019-09-20 14:16:39,569 [grpc-default-executor-0] INFO  impl.RaftServerProxy (RaftServerProxy.java:addNew(89)) - 3dd27507-a8cb-43da-a44e-e873f99ae85b: addNew group-5A14390E3A6B:[3dd27507-a8cb-43da-a44e-e873f99ae85b:192.168.36.99:33496] returns group-5A14390E3A6B:java.util.concurrent.CompletableFuture@17655954[Not completed]
2019-09-20 14:16:39,571 [pool-250-thread-1] INFO  impl.RaftServerImpl (RaftServerImpl.java:<init>(93)) - 3dd27507-a8cb-43da-a44e-e873f99ae85b: new RaftServerImpl for group-5A14390E3A6B:[3dd27507-a8cb-43da-a44e-e873f99ae85b:192.168.36.99:33496] with ContainerStateMachine:uninitialized
2019-09-20 14:16:39,571 [pool-250-thread-1] INFO  server.RaftServerConfigKeys (ConfUtils.java:logGet(43)) - raft.server.rpc.timeout.min = 5s (custom)
2019-09-20 14:16:39,571 [pool-250-thread-1] INFO  server.RaftServerConfigKeys (ConfUtils.java:logGet(43)) - raft.server.rpc.timeout.max = 5200ms (custom)
2019-09-20 14:16:39,571 [pool-250-thread-1] INFO  server.RaftServerConfigKeys (ConfUtils.java:logGet(43)) - raft.server.rpcslowness.timeout = 120s (custom)
2019-09-20 14:16:39,571 [pool-250-thread-1] INFO  server.RaftServerConfigKeys (ConfUtils.java:logGet(43)) - raft.server.sleep.deviation.threshold = 300 (default)
2019-09-20 14:16:39,571 [pool-250-thread-1] INFO  server.RaftServerConfigKeys (ConfUtils.java:logGet(43)) - raft.server.log.appender.install.snapshot.enabled = false (custom)
2019-09-20 14:16:39,571 [pool-250-thread-1] INFO  impl.RaftServerImpl (ServerState.java:<init>(105)) - 3dd27507-a8cb-43da-a44e-e873f99ae85b:group-5A14390E3A6B ConfigurationManager, init=-1: [3dd27507-a8cb-43da-a44e-e873f99ae85b:192.168.36.99:33496], old=null, confs=<EMPTY_MAP>
2019-09-20 14:16:39,572 [pool-250-thread-1] INFO  server.RaftServerConfigKeys (ConfUtils.java:logGet(43)) - raft.server.storage.dir = [/workdir/hadoop-ozone/ozonefs/target/test-dir/MiniOzoneClusterImpl-7e8c7029-0518-46b6-9dc3-3175ad8e4a05/datanode-1/data/ratis] (custom)
2019-09-20 14:16:39,572 [pool-250-thread-1] INFO  storage.RaftStorageDirectory (RaftStorageDirectory.java:analyzeStorage(246)) - The storage directory /workdir/hadoop-ozone/ozonefs/target/test-dir/MiniOzoneClusterImpl-7e8c7029-0518-46b6-9dc3-3175ad8e4a05/datanode-1/data/ratis/beb9fe3c-6e2f-4b06-897d-5a14390e3a6b does not exist. Creating ...
2019-09-20 14:16:39,589 [pool-250-thread-1] INFO  storage.RaftStorageDirectory (RaftStorageDirectory.java:tryLock(328)) - Lock on /workdir/hadoop-ozone/ozonefs/target/test-dir/MiniOzoneClusterImpl-7e8c7029-0518-46b6-9dc3-3175ad8e4a05/datanode-1/data/ratis/beb9fe3c-6e2f-4b06-897d-5a14390e3a6b/in_use.lock acquired by nodename 5474@pr-hdds-1569-p5fx8-1226042367
2019-09-20 14:16:39,631 [pool-250-thread-1] INFO  storage.RaftStorage (RaftStorage.java:format(72)) - Storage directory /workdir/hadoop-ozone/ozonefs/target/test-dir/MiniOzoneClusterImpl-7e8c7029-0518-46b6-9dc3-3175ad8e4a05/datanode-1/data/ratis/beb9fe3c-6e2f-4b06-897d-5a14390e3a6b has been successfully formatted.
2019-09-20 14:16:39,631 [pool-250-thread-1] INFO  ratis.ContainerStateMachine (ContainerStateMachine.java:loadSnapshot(226)) - group-5A14390E3A6B: The snapshot info is null. Setting the last applied indexto:(t:0, i:~)
2019-09-20 14:16:39,631 [pool-250-thread-1] INFO  server.RaftServerConfigKeys (ConfUtils.java:logGet(43)) - raft.server.leader.election.timeout = 120s (custom)
2019-09-20 14:16:39,632 [pool-250-thread-1] INFO  server.RaftServerConfigKeys (ConfUtils.java:logGet(43)) - raft.server.log.use.memory = false (default)
2019-09-20 14:16:39,632 [pool-250-thread-1] INFO  server.RaftServerConfigKeys (ConfUtils.java:logGet(43)) - raft.server.log.purge.gap = 1000000 (custom)
2019-09-20 14:16:39,632 [pool-250-thread-1] INFO  server.RaftServerConfigKeys (ConfUtils.java:logGet(43)) - raft.server.log.appender.buffer.byte-limit = 33554432 (custom)
2019-09-20 14:16:39,632 [pool-250-thread-1] INFO  server.RaftServerConfigKeys (ConfUtils.java:logGet(43)) - raft.server.log.segment.size.max = 1048576 (custom)
2019-09-20 14:16:39,632 [pool-250-thread-1] INFO  server.RaftServerConfigKeys (ConfUtils.java:logGet(43)) - raft.server.log.segment.cache.num.max = 2 (custom)
2019-09-20 14:16:39,633 [pool-250-thread-1] INFO  segmented.SegmentedRaftLogWorker (SegmentedRaftLogWorker.java:<init>(172)) - new 3dd27507-a8cb-43da-a44e-e873f99ae85b-SegmentedRaftLogWorker:Storage Directory /workdir/hadoop-ozone/ozonefs/target/test-dir/MiniOzoneClusterImpl-7e8c7029-0518-46b6-9dc3-3175ad8e4a05/datanode-1/data/ratis/beb9fe3c-6e2f-4b06-897d-5a14390e3a6b for RaftStorage:Storage Directory /workdir/hadoop-ozone/ozonefs/target/test-dir/MiniOzoneClusterImpl-7e8c7029-0518-46b6-9dc3-3175ad8e4a05/datanode-1/data/ratis/beb9fe3c-6e2f-4b06-897d-5a14390e3a6b
2019-09-20 14:16:39,633 [pool-250-thread-1] INFO  server.RaftServerConfigKeys (ConfUtils.java:logGet(43)) - raft.server.log.queue.byte-limit = 2147483647 (custom)
2019-09-20 14:16:39,633 [pool-250-thread-1] INFO  server.RaftServerConfigKeys (ConfUtils.java:logGet(43)) - raft.server.log.queue.element-limit = 1024 (custom)
2019-09-20 14:16:39,633 [pool-250-thread-1] INFO  server.RaftServerConfigKeys (ConfUtils.java:logGet(43)) - raft.server.log.segment.size.max = 1048576 (custom)
2019-09-20 14:16:39,633 [pool-250-thread-1] INFO  server.RaftServerConfigKeys (ConfUtils.java:logGet(43)) - raft.server.log.preallocated.size = 16384 (custom)
2019-09-20 14:16:39,633 [pool-250-thread-1] INFO  server.RaftServerConfigKeys (ConfUtils.java:logGet(43)) - raft.server.log.write.buffer.size = 33554432 (custom)
2019-09-20 14:16:39,634 [pool-250-thread-1] INFO  server.RaftServerConfigKeys (ConfUtils.java:logGet(43)) - raft.server.log.force.sync.num = 128 (default)
2019-09-20 14:16:39,634 [pool-250-thread-1] INFO  server.RaftServerConfigKeys (ConfUtils.java:logGet(43)) - raft.server.log.statemachine.data.sync = true (default)
2019-09-20 14:16:39,634 [pool-250-thread-1] INFO  server.RaftServerConfigKeys (ConfUtils.java:logGet(43)) - raft.server.log.statemachine.data.sync.timeout = 10s (default)
2019-09-20 14:16:39,634 [pool-250-thread-1] INFO  server.RaftServerConfigKeys (ConfUtils.java:logGet(43)) - raft.server.log.statemachine.data.sync.timeout.retry = -1 (default)
2019-09-20 14:16:39,634 [pool-250-thread-1] INFO  server.RaftServerConfigKeys (ConfUtils.java:logGet(43)) - raft.server.log.statemachine.data.caching.enabled = true (custom)
2019-09-20 14:16:39,635 [pool-250-thread-1] INFO  segmented.SegmentedRaftLogWorker (SegmentedRaftLogWorker.java:lambda$new$0(132)) - 3dd27507-a8cb-43da-a44e-e873f99ae85b-SegmentedRaftLogWorker:Storage Directory /workdir/hadoop-ozone/ozonefs/target/test-dir/MiniOzoneClusterImpl-7e8c7029-0518-46b6-9dc3-3175ad8e4a05/datanode-1/data/ratis/beb9fe3c-6e2f-4b06-897d-5a14390e3a6b: flushIndex: setUnconditionally 0 -> -1
2019-09-20 14:16:39,635 [pool-250-thread-1] INFO  server.RaftServerConfigKeys (ConfUtils.java:logGet(43)) - raft.server.snapshot.auto.trigger.enabled = true (custom)
2019-09-20 14:16:39,635 [pool-250-thread-1] INFO  server.RaftServerConfigKeys (ConfUtils.java:logGet(43)) - raft.server.snapshot.auto.trigger.threshold = 10000 (custom)
2019-09-20 14:16:39,635 [pool-250-thread-1] INFO  server.RaftServerConfigKeys (ConfUtils.java:logGet(43)) - raft.server.retrycache.expirytime = 600000ms (custom)
2019-09-20 14:16:39,636 [pool-250-thread-1] INFO  impl.RaftServerImpl (RaftServerImpl.java:start(180)) - 3dd27507-a8cb-43da-a44e-e873f99ae85b: start group-5A14390E3A6B
2019-09-20 14:16:39,636 [pool-250-thread-1] INFO  impl.RaftServerImpl (RaftServerImpl.java:setRole(171)) - 3dd27507-a8cb-43da-a44e-e873f99ae85b:group-5A14390E3A6B changes role from null to FOLLOWER at term 0 for startAsFollower
2019-09-20 14:16:39,636 [pool-250-thread-1] INFO  impl.RoleInfo (RoleInfo.java:updateAndGet(143)) - 3dd27507-a8cb-43da-a44e-e873f99ae85b: start FollowerState
2019-09-20 14:16:39,636 [pool-250-thread-1] INFO  util.JmxRegister (JmxRegister.java:tryRegister(44)) - Successfully registered JMX Bean with object name Ratis:service=RaftServer,group=group-5A14390E3A6B,id=3dd27507-a8cb-43da-a44e-e873f99ae85b
2019-09-20 14:16:39,639 [RatisPipelineUtilsThread] INFO  pipeline.PipelineStateManager (PipelineStateManager.java:addPipeline(56)) - Created pipeline Pipeline[ Id: beb9fe3c-6e2f-4b06-897d-5a14390e3a6b, Nodes: 3dd27507-a8cb-43da-a44e-e873f99ae85b{ip: 192.168.36.99, host: pr-hdds-1569-p5fx8-1226042367, networkLocation: /default-rack, certSerialId: null}, Type:RATIS, Factor:ONE, State:OPEN]
2019-09-20 14:16:39,639 [RatisPipelineUtilsThread] INFO  pipeline.PipelinePlacementPolicy (PipelinePlacementPolicy.java:meetCriteria(91)) - Pipeline Placement: Doesn't meet the criteria to be viable node： 13a328b2-3d84-4ca1-a243-9eae790dea4c Heaviness: 6 limit: 5
2019-09-20 14:16:39,647 [grpc-default-executor-0] INFO  impl.RaftServerProxy (RaftServerProxy.java:addNew(89)) - 25438d07-0339-4bf6-8997-22533ce336d6: addNew group-359AED0BCB41:[25438d07-0339-4bf6-8997-22533ce336d6:192.168.36.99:35646] returns group-359AED0BCB41:java.util.concurrent.CompletableFuture@1a65f6bf[Not completed]
2019-09-20 14:16:39,648 [pool-261-thread-1] INFO  impl.RaftServerImpl (RaftServerImpl.java:<init>(93)) - 25438d07-0339-4bf6-8997-22533ce336d6: new RaftServerImpl for group-359AED0BCB41:[25438d07-0339-4bf6-8997-22533ce336d6:192.168.36.99:35646] with ContainerStateMachine:uninitialized
2019-09-20 14:16:39,649 [pool-261-thread-1] INFO  server.RaftServerConfigKeys (ConfUtils.java:logGet(43)) - raft.server.rpc.timeout.min = 5s (custom)
2019-09-20 14:16:39,649 [pool-261-thread-1] INFO  server.RaftServerConfigKeys (ConfUtils.java:logGet(43)) - raft.server.rpc.timeout.max = 5200ms (custom)
2019-09-20 14:16:39,649 [pool-261-thread-1] INFO  server.RaftServerConfigKeys (ConfUtils.java:logGet(43)) - raft.server.rpcslowness.timeout = 120s (custom)
2019-09-20 14:16:39,649 [pool-261-thread-1] INFO  server.RaftServerConfigKeys (ConfUtils.java:logGet(43)) - raft.server.sleep.deviation.threshold = 300 (default)
2019-09-20 14:16:39,649 [pool-261-thread-1] INFO  server.RaftServerConfigKeys (ConfUtils.java:logGet(43)) - raft.server.log.appender.install.snapshot.enabled = false (custom)
2019-09-20 14:16:39,649 [pool-261-thread-1] INFO  impl.RaftServerImpl (ServerState.java:<init>(105)) - 25438d07-0339-4bf6-8997-22533ce336d6:group-359AED0BCB41 ConfigurationManager, init=-1: [25438d07-0339-4bf6-8997-22533ce336d6:192.168.36.99:35646], old=null, confs=<EMPTY_MAP>
2019-09-20 14:16:39,649 [pool-261-thread-1] INFO  server.RaftServerConfigKeys (ConfUtils.java:logGet(43)) - raft.server.storage.dir = [/workdir/hadoop-ozone/ozonefs/target/test-dir/MiniOzoneClusterImpl-7e8c7029-0518-46b6-9dc3-3175ad8e4a05/datanode-2/data/ratis] (custom)
2019-09-20 14:16:39,650 [pool-261-thread-1] INFO  storage.RaftStorageDirectory (RaftStorageDirectory.java:analyzeStorage(246)) - The storage directory /workdir/hadoop-ozone/ozonefs/target/test-dir/MiniOzoneClusterImpl-7e8c7029-0518-46b6-9dc3-3175ad8e4a05/datanode-2/data/ratis/40ba29fb-c143-46ae-8a19-359aed0bcb41 does not exist. Creating ...
2019-09-20 14:16:39,665 [pool-261-thread-1] INFO  storage.RaftStorageDirectory (RaftStorageDirectory.java:tryLock(328)) - Lock on /workdir/hadoop-ozone/ozonefs/target/test-dir/MiniOzoneClusterImpl-7e8c7029-0518-46b6-9dc3-3175ad8e4a05/datanode-2/data/ratis/40ba29fb-c143-46ae-8a19-359aed0bcb41/in_use.lock acquired by nodename 5474@pr-hdds-1569-p5fx8-1226042367
2019-09-20 14:16:39,682 [pool-261-thread-1] INFO  storage.RaftStorage (RaftStorage.java:format(72)) - Storage directory /workdir/hadoop-ozone/ozonefs/target/test-dir/MiniOzoneClusterImpl-7e8c7029-0518-46b6-9dc3-3175ad8e4a05/datanode-2/data/ratis/40ba29fb-c143-46ae-8a19-359aed0bcb41 has been successfully formatted.
2019-09-20 14:16:39,682 [pool-261-thread-1] INFO  ratis.ContainerStateMachine (ContainerStateMachine.java:loadSnapshot(226)) - group-359AED0BCB41: The snapshot info is null. Setting the last applied indexto:(t:0, i:~)
2019-09-20 14:16:39,682 [pool-261-thread-1] INFO  server.RaftServerConfigKeys (ConfUtils.java:logGet(43)) - raft.server.leader.election.timeout = 120s (custom)
2019-09-20 14:16:39,682 [pool-261-thread-1] INFO  server.RaftServerConfigKeys (ConfUtils.java:logGet(43)) - raft.server.log.use.memory = false (default)
2019-09-20 14:16:39,682 [pool-261-thread-1] INFO  server.RaftServerConfigKeys (ConfUtils.java:logGet(43)) - raft.server.log.purge.gap = 1000000 (custom)
2019-09-20 14:16:39,683 [pool-261-thread-1] INFO  server.RaftServerConfigKeys (ConfUtils.java:logGet(43)) - raft.server.log.appender.buffer.byte-limit = 33554432 (custom)
2019-09-20 14:16:39,683 [pool-261-thread-1] INFO  server.RaftServerConfigKeys (ConfUtils.java:logGet(43)) - raft.server.log.segment.size.max = 1048576 (custom)
2019-09-20 14:16:39,683 [pool-261-thread-1] INFO  server.RaftServerConfigKeys (ConfUtils.java:logGet(43)) - raft.server.log.segment.cache.num.max = 2 (custom)
2019-09-20 14:16:39,683 [pool-261-thread-1] INFO  segmented.SegmentedRaftLogWorker (SegmentedRaftLogWorker.java:<init>(172)) - new 25438d07-0339-4bf6-8997-22533ce336d6-SegmentedRaftLogWorker:Storage Directory /workdir/hadoop-ozone/ozonefs/target/test-dir/MiniOzoneClusterImpl-7e8c7029-0518-46b6-9dc3-3175ad8e4a05/datanode-2/data/ratis/40ba29fb-c143-46ae-8a19-359aed0bcb41 for RaftStorage:Storage Directory /workdir/hadoop-ozone/ozonefs/target/test-dir/MiniOzoneClusterImpl-7e8c7029-0518-46b6-9dc3-3175ad8e4a05/datanode-2/data/ratis/40ba29fb-c143-46ae-8a19-359aed0bcb41
2019-09-20 14:16:39,683 [pool-261-thread-1] INFO  server.RaftServerConfigKeys (ConfUtils.java:logGet(43)) - raft.server.log.queue.byte-limit = 2147483647 (custom)
2019-09-20 14:16:39,683 [pool-261-thread-1] INFO  server.RaftServerConfigKeys (ConfUtils.java:logGet(43)) - raft.server.log.queue.element-limit = 1024 (custom)
2019-09-20 14:16:39,684 [pool-261-thread-1] INFO  server.RaftServerConfigKeys (ConfUtils.java:logGet(43)) - raft.server.log.segment.size.max = 1048576 (custom)
2019-09-20 14:16:39,684 [pool-261-thread-1] INFO  server.RaftServerConfigKeys (ConfUtils.java:logGet(43)) - raft.server.log.preallocated.size = 16384 (custom)
2019-09-20 14:16:39,684 [pool-261-thread-1] INFO  server.RaftServerConfigKeys (ConfUtils.java:logGet(43)) - raft.server.log.write.buffer.size = 33554432 (custom)
2019-09-20 14:16:39,684 [pool-261-thread-1] INFO  server.RaftServerConfigKeys (ConfUtils.java:logGet(43)) - raft.server.log.force.sync.num = 128 (default)
2019-09-20 14:16:39,685 [pool-261-thread-1] INFO  server.RaftServerConfigKeys (ConfUtils.java:logGet(43)) - raft.server.log.statemachine.data.sync = true (default)
2019-09-20 14:16:39,685 [pool-261-thread-1] INFO  server.RaftServerConfigKeys (ConfUtils.java:logGet(43)) - raft.server.log.statemachine.data.sync.timeout = 10s (default)
2019-09-20 14:16:39,685 [pool-261-thread-1] INFO  server.RaftServerConfigKeys (ConfUtils.java:logGet(43)) - raft.server.log.statemachine.data.sync.timeout.retry = -1 (default)
2019-09-20 14:16:39,685 [pool-261-thread-1] INFO  server.RaftServerConfigKeys (ConfUtils.java:logGet(43)) - raft.server.log.statemachine.data.caching.enabled = true (custom)
2019-09-20 14:16:39,686 [pool-261-thread-1] INFO  segmented.SegmentedRaftLogWorker (SegmentedRaftLogWorker.java:lambda$new$0(132)) - 25438d07-0339-4bf6-8997-22533ce336d6-SegmentedRaftLogWorker:Storage Directory /workdir/hadoop-ozone/ozonefs/target/test-dir/MiniOzoneClusterImpl-7e8c7029-0518-46b6-9dc3-3175ad8e4a05/datanode-2/data/ratis/40ba29fb-c143-46ae-8a19-359aed0bcb41: flushIndex: setUnconditionally 0 -> -1
2019-09-20 14:16:39,686 [pool-261-thread-1] INFO  server.RaftServerConfigKeys (ConfUtils.java:logGet(43)) - raft.server.snapshot.auto.trigger.enabled = true (custom)
2019-09-20 14:16:39,686 [pool-261-thread-1] INFO  server.RaftServerConfigKeys (ConfUtils.java:logGet(43)) - raft.server.snapshot.auto.trigger.threshold = 10000 (custom)
2019-09-20 14:16:39,686 [pool-261-thread-1] INFO  server.RaftServerConfigKeys (ConfUtils.java:logGet(43)) - raft.server.retrycache.expirytime = 600000ms (custom)
2019-09-20 14:16:39,687 [pool-261-thread-1] INFO  impl.RaftServerImpl (RaftServerImpl.java:start(180)) - 25438d07-0339-4bf6-8997-22533ce336d6: start group-359AED0BCB41
2019-09-20 14:16:39,687 [pool-261-thread-1] INFO  impl.RaftServerImpl (RaftServerImpl.java:setRole(171)) - 25438d07-0339-4bf6-8997-22533ce336d6:group-359AED0BCB41 changes role from null to FOLLOWER at term 0 for startAsFollower
2019-09-20 14:16:39,687 [pool-261-thread-1] INFO  impl.RoleInfo (RoleInfo.java:updateAndGet(143)) - 25438d07-0339-4bf6-8997-22533ce336d6: start FollowerState
2019-09-20 14:16:39,687 [pool-261-thread-1] INFO  util.JmxRegister (JmxRegister.java:tryRegister(44)) - Successfully registered JMX Bean with object name Ratis:service=RaftServer,group=group-359AED0BCB41,id=25438d07-0339-4bf6-8997-22533ce336d6
2019-09-20 14:16:39,690 [RatisPipelineUtilsThread] INFO  pipeline.PipelineStateManager (PipelineStateManager.java:addPipeline(56)) - Created pipeline Pipeline[ Id: 40ba29fb-c143-46ae-8a19-359aed0bcb41, Nodes: 25438d07-0339-4bf6-8997-22533ce336d6{ip: 192.168.36.99, host: pr-hdds-1569-p5fx8-1226042367, networkLocation: /default-rack, certSerialId: null}, Type:RATIS, Factor:ONE, State:OPEN]
2019-09-20 14:16:39,690 [RatisPipelineUtilsThread] INFO  pipeline.PipelinePlacementPolicy (PipelinePlacementPolicy.java:meetCriteria(91)) - Pipeline Placement: Doesn't meet the criteria to be viable node： 13a328b2-3d84-4ca1-a243-9eae790dea4c Heaviness: 6 limit: 5
2019-09-20 14:16:39,696 [grpc-default-executor-0] INFO  impl.RaftServerProxy (RaftServerProxy.java:addNew(89)) - 25438d07-0339-4bf6-8997-22533ce336d6: addNew group-6F7FB3E315D6:[25438d07-0339-4bf6-8997-22533ce336d6:192.168.36.99:35646] returns group-6F7FB3E315D6:java.util.concurrent.CompletableFuture@4126e8f0[Not completed]
2019-09-20 14:16:39,697 [pool-261-thread-1] INFO  impl.RaftServerImpl (RaftServerImpl.java:<init>(93)) - 25438d07-0339-4bf6-8997-22533ce336d6: new RaftServerImpl for group-6F7FB3E315D6:[25438d07-0339-4bf6-8997-22533ce336d6:192.168.36.99:35646] with ContainerStateMachine:uninitialized
2019-09-20 14:16:39,697 [pool-261-thread-1] INFO  server.RaftServerConfigKeys (ConfUtils.java:logGet(43)) - raft.server.rpc.timeout.min = 5s (custom)
2019-09-20 14:16:39,697 [pool-261-thread-1] INFO  server.RaftServerConfigKeys (ConfUtils.java:logGet(43)) - raft.server.rpc.timeout.max = 5200ms (custom)
2019-09-20 14:16:39,697 [pool-261-thread-1] INFO  server.RaftServerConfigKeys (ConfUtils.java:logGet(43)) - raft.server.rpcslowness.timeout = 120s (custom)
2019-09-20 14:16:39,697 [pool-261-thread-1] INFO  server.RaftServerConfigKeys (ConfUtils.java:logGet(43)) - raft.server.sleep.deviation.threshold = 300 (default)
2019-09-20 14:16:39,697 [pool-261-thread-1] INFO  server.RaftServerConfigKeys (ConfUtils.java:logGet(43)) - raft.server.log.appender.install.snapshot.enabled = false (custom)
2019-09-20 14:16:39,698 [pool-261-thread-1] INFO  impl.RaftServerImpl (ServerState.java:<init>(105)) - 25438d07-0339-4bf6-8997-22533ce336d6:group-6F7FB3E315D6 ConfigurationManager, init=-1: [25438d07-0339-4bf6-8997-22533ce336d6:192.168.36.99:35646], old=null, confs=<EMPTY_MAP>
2019-09-20 14:16:39,698 [pool-261-thread-1] INFO  server.RaftServerConfigKeys (ConfUtils.java:logGet(43)) - raft.server.storage.dir = [/workdir/hadoop-ozone/ozonefs/target/test-dir/MiniOzoneClusterImpl-7e8c7029-0518-46b6-9dc3-3175ad8e4a05/datanode-2/data/ratis] (custom)
2019-09-20 14:16:39,698 [pool-261-thread-1] INFO  storage.RaftStorageDirectory (RaftStorageDirectory.java:analyzeStorage(246)) - The storage directory /workdir/hadoop-ozone/ozonefs/target/test-dir/MiniOzoneClusterImpl-7e8c7029-0518-46b6-9dc3-3175ad8e4a05/datanode-2/data/ratis/21df82f4-741d-4639-a234-6f7fb3e315d6 does not exist. Creating ...
2019-09-20 14:16:39,715 [pool-261-thread-1] INFO  storage.RaftStorageDirectory (RaftStorageDirectory.java:tryLock(328)) - Lock on /workdir/hadoop-ozone/ozonefs/target/test-dir/MiniOzoneClusterImpl-7e8c7029-0518-46b6-9dc3-3175ad8e4a05/datanode-2/data/ratis/21df82f4-741d-4639-a234-6f7fb3e315d6/in_use.lock acquired by nodename 5474@pr-hdds-1569-p5fx8-1226042367
2019-09-20 14:16:39,732 [pool-261-thread-1] INFO  storage.RaftStorage (RaftStorage.java:format(72)) - Storage directory /workdir/hadoop-ozone/ozonefs/target/test-dir/MiniOzoneClusterImpl-7e8c7029-0518-46b6-9dc3-3175ad8e4a05/datanode-2/data/ratis/21df82f4-741d-4639-a234-6f7fb3e315d6 has been successfully formatted.
2019-09-20 14:16:39,733 [pool-261-thread-1] INFO  ratis.ContainerStateMachine (ContainerStateMachine.java:loadSnapshot(226)) - group-6F7FB3E315D6: The snapshot info is null. Setting the last applied indexto:(t:0, i:~)
2019-09-20 14:16:39,733 [pool-261-thread-1] INFO  server.RaftServerConfigKeys (ConfUtils.java:logGet(43)) - raft.server.leader.election.timeout = 120s (custom)
2019-09-20 14:16:39,733 [pool-261-thread-1] INFO  server.RaftServerConfigKeys (ConfUtils.java:logGet(43)) - raft.server.log.use.memory = false (default)
2019-09-20 14:16:39,733 [pool-261-thread-1] INFO  server.RaftServerConfigKeys (ConfUtils.java:logGet(43)) - raft.server.log.purge.gap = 1000000 (custom)
2019-09-20 14:16:39,733 [pool-261-thread-1] INFO  server.RaftServerConfigKeys (ConfUtils.java:logGet(43)) - raft.server.log.appender.buffer.byte-limit = 33554432 (custom)
2019-09-20 14:16:39,734 [pool-261-thread-1] INFO  server.RaftServerConfigKeys (ConfUtils.java:logGet(43)) - raft.server.log.segment.size.max = 1048576 (custom)
2019-09-20 14:16:39,734 [pool-261-thread-1] INFO  server.RaftServerConfigKeys (ConfUtils.java:logGet(43)) - raft.server.log.segment.cache.num.max = 2 (custom)
2019-09-20 14:16:39,734 [pool-261-thread-1] INFO  segmented.SegmentedRaftLogWorker (SegmentedRaftLogWorker.java:<init>(172)) - new 25438d07-0339-4bf6-8997-22533ce336d6-SegmentedRaftLogWorker:Storage Directory /workdir/hadoop-ozone/ozonefs/target/test-dir/MiniOzoneClusterImpl-7e8c7029-0518-46b6-9dc3-3175ad8e4a05/datanode-2/data/ratis/21df82f4-741d-4639-a234-6f7fb3e315d6 for RaftStorage:Storage Directory /workdir/hadoop-ozone/ozonefs/target/test-dir/MiniOzoneClusterImpl-7e8c7029-0518-46b6-9dc3-3175ad8e4a05/datanode-2/data/ratis/21df82f4-741d-4639-a234-6f7fb3e315d6
2019-09-20 14:16:39,734 [pool-261-thread-1] INFO  server.RaftServerConfigKeys (ConfUtils.java:logGet(43)) - raft.server.log.queue.byte-limit = 2147483647 (custom)
2019-09-20 14:16:39,734 [pool-261-thread-1] INFO  server.RaftServerConfigKeys (ConfUtils.java:logGet(43)) - raft.server.log.queue.element-limit = 1024 (custom)
2019-09-20 14:16:39,734 [pool-261-thread-1] INFO  server.RaftServerConfigKeys (ConfUtils.java:logGet(43)) - raft.server.log.segment.size.max = 1048576 (custom)
2019-09-20 14:16:39,734 [pool-261-thread-1] INFO  server.RaftServerConfigKeys (ConfUtils.java:logGet(43)) - raft.server.log.preallocated.size = 16384 (custom)
2019-09-20 14:16:39,735 [pool-261-thread-1] INFO  server.RaftServerConfigKeys (ConfUtils.java:logGet(43)) - raft.server.log.write.buffer.size = 33554432 (custom)
2019-09-20 14:16:39,735 [pool-261-thread-1] INFO  server.RaftServerConfigKeys (ConfUtils.java:logGet(43)) - raft.server.log.force.sync.num = 128 (default)
2019-09-20 14:16:39,735 [pool-261-thread-1] INFO  server.RaftServerConfigKeys (ConfUtils.java:logGet(43)) - raft.server.log.statemachine.data.sync = true (default)
2019-09-20 14:16:39,735 [pool-261-thread-1] INFO  server.RaftServerConfigKeys (ConfUtils.java:logGet(43)) - raft.server.log.statemachine.data.sync.timeout = 10s (default)
2019-09-20 14:16:39,735 [pool-261-thread-1] INFO  server.RaftServerConfigKeys (ConfUtils.java:logGet(43)) - raft.server.log.statemachine.data.sync.timeout.retry = -1 (default)
2019-09-20 14:16:39,735 [pool-261-thread-1] INFO  server.RaftServerConfigKeys (ConfUtils.java:logGet(43)) - raft.server.log.statemachine.data.caching.enabled = true (custom)
2019-09-20 14:16:39,736 [pool-261-thread-1] INFO  segmented.SegmentedRaftLogWorker (SegmentedRaftLogWorker.java:lambda$new$0(132)) - 25438d07-0339-4bf6-8997-22533ce336d6-SegmentedRaftLogWorker:Storage Directory /workdir/hadoop-ozone/ozonefs/target/test-dir/MiniOzoneClusterImpl-7e8c7029-0518-46b6-9dc3-3175ad8e4a05/datanode-2/data/ratis/21df82f4-741d-4639-a234-6f7fb3e315d6: flushIndex: setUnconditionally 0 -> -1
2019-09-20 14:16:39,736 [pool-261-thread-1] INFO  server.RaftServerConfigKeys (ConfUtils.java:logGet(43)) - raft.server.snapshot.auto.trigger.enabled = true (custom)
2019-09-20 14:16:39,736 [pool-261-thread-1] INFO  server.RaftServerConfigKeys (ConfUtils.java:logGet(43)) - raft.server.snapshot.auto.trigger.threshold = 10000 (custom)
2019-09-20 14:16:39,736 [pool-261-thread-1] INFO  server.RaftServerConfigKeys (ConfUtils.java:logGet(43)) - raft.server.retrycache.expirytime = 600000ms (custom)
2019-09-20 14:16:39,737 [pool-261-thread-1] INFO  impl.RaftServerImpl (RaftServerImpl.java:start(180)) - 25438d07-0339-4bf6-8997-22533ce336d6: start group-6F7FB3E315D6
2019-09-20 14:16:39,737 [pool-261-thread-1] INFO  impl.RaftServerImpl (RaftServerImpl.java:setRole(171)) - 25438d07-0339-4bf6-8997-22533ce336d6:group-6F7FB3E315D6 changes role from null to FOLLOWER at term 0 for startAsFollower
2019-09-20 14:16:39,737 [pool-261-thread-1] INFO  impl.RoleInfo (RoleInfo.java:updateAndGet(143)) - 25438d07-0339-4bf6-8997-22533ce336d6: start FollowerState
2019-09-20 14:16:39,737 [pool-261-thread-1] INFO  util.JmxRegister (JmxRegister.java:tryRegister(44)) - Successfully registered JMX Bean with object name Ratis:service=RaftServer,group=group-6F7FB3E315D6,id=25438d07-0339-4bf6-8997-22533ce336d6
2019-09-20 14:16:39,740 [RatisPipelineUtilsThread] INFO  pipeline.PipelineStateManager (PipelineStateManager.java:addPipeline(56)) - Created pipeline Pipeline[ Id: 21df82f4-741d-4639-a234-6f7fb3e315d6, Nodes: 25438d07-0339-4bf6-8997-22533ce336d6{ip: 192.168.36.99, host: pr-hdds-1569-p5fx8-1226042367, networkLocation: /default-rack, certSerialId: null}, Type:RATIS, Factor:ONE, State:OPEN]
2019-09-20 14:16:39,741 [RatisPipelineUtilsThread] INFO  pipeline.PipelinePlacementPolicy (PipelinePlacementPolicy.java:meetCriteria(91)) - Pipeline Placement: Doesn't meet the criteria to be viable node： 13a328b2-3d84-4ca1-a243-9eae790dea4c Heaviness: 6 limit: 5
2019-09-20 14:16:39,746 [grpc-default-executor-0] INFO  impl.RaftServerProxy (RaftServerProxy.java:addNew(89)) - 25438d07-0339-4bf6-8997-22533ce336d6: addNew group-62EF282E5990:[25438d07-0339-4bf6-8997-22533ce336d6:192.168.36.99:35646] returns group-62EF282E5990:java.util.concurrent.CompletableFuture@7c5e5bc4[Not completed]
2019-09-20 14:16:39,747 [pool-261-thread-1] INFO  impl.RaftServerImpl (RaftServerImpl.java:<init>(93)) - 25438d07-0339-4bf6-8997-22533ce336d6: new RaftServerImpl for group-62EF282E5990:[25438d07-0339-4bf6-8997-22533ce336d6:192.168.36.99:35646] with ContainerStateMachine:uninitialized
2019-09-20 14:16:39,747 [pool-261-thread-1] INFO  server.RaftServerConfigKeys (ConfUtils.java:logGet(43)) - raft.server.rpc.timeout.min = 5s (custom)
2019-09-20 14:16:39,747 [pool-261-thread-1] INFO  server.RaftServerConfigKeys (ConfUtils.java:logGet(43)) - raft.server.rpc.timeout.max = 5200ms (custom)
2019-09-20 14:16:39,748 [pool-261-thread-1] INFO  server.RaftServerConfigKeys (ConfUtils.java:logGet(43)) - raft.server.rpcslowness.timeout = 120s (custom)
2019-09-20 14:16:39,748 [pool-261-thread-1] INFO  server.RaftServerConfigKeys (ConfUtils.java:logGet(43)) - raft.server.sleep.deviation.threshold = 300 (default)
2019-09-20 14:16:39,748 [pool-261-thread-1] INFO  server.RaftServerConfigKeys (ConfUtils.java:logGet(43)) - raft.server.log.appender.install.snapshot.enabled = false (custom)
2019-09-20 14:16:39,748 [pool-261-thread-1] INFO  impl.RaftServerImpl (ServerState.java:<init>(105)) - 25438d07-0339-4bf6-8997-22533ce336d6:group-62EF282E5990 ConfigurationManager, init=-1: [25438d07-0339-4bf6-8997-22533ce336d6:192.168.36.99:35646], old=null, confs=<EMPTY_MAP>
2019-09-20 14:16:39,748 [pool-261-thread-1] INFO  server.RaftServerConfigKeys (ConfUtils.java:logGet(43)) - raft.server.storage.dir = [/workdir/hadoop-ozone/ozonefs/target/test-dir/MiniOzoneClusterImpl-7e8c7029-0518-46b6-9dc3-3175ad8e4a05/datanode-2/data/ratis] (custom)
2019-09-20 14:16:39,748 [pool-261-thread-1] INFO  storage.RaftStorageDirectory (RaftStorageDirectory.java:analyzeStorage(246)) - The storage directory /workdir/hadoop-ozone/ozonefs/target/test-dir/MiniOzoneClusterImpl-7e8c7029-0518-46b6-9dc3-3175ad8e4a05/datanode-2/data/ratis/adfcb1fd-26ce-4751-b3c2-62ef282e5990 does not exist. Creating ...
2019-09-20 14:16:39,799 [pool-261-thread-1] INFO  storage.RaftStorageDirectory (RaftStorageDirectory.java:tryLock(328)) - Lock on /workdir/hadoop-ozone/ozonefs/target/test-dir/MiniOzoneClusterImpl-7e8c7029-0518-46b6-9dc3-3175ad8e4a05/datanode-2/data/ratis/adfcb1fd-26ce-4751-b3c2-62ef282e5990/in_use.lock acquired by nodename 5474@pr-hdds-1569-p5fx8-1226042367
2019-09-20 14:16:39,842 [pool-261-thread-1] INFO  storage.RaftStorage (RaftStorage.java:format(72)) - Storage directory /workdir/hadoop-ozone/ozonefs/target/test-dir/MiniOzoneClusterImpl-7e8c7029-0518-46b6-9dc3-3175ad8e4a05/datanode-2/data/ratis/adfcb1fd-26ce-4751-b3c2-62ef282e5990 has been successfully formatted.
2019-09-20 14:16:39,842 [pool-261-thread-1] INFO  ratis.ContainerStateMachine (ContainerStateMachine.java:loadSnapshot(226)) - group-62EF282E5990: The snapshot info is null. Setting the last applied indexto:(t:0, i:~)
2019-09-20 14:16:39,842 [pool-261-thread-1] INFO  server.RaftServerConfigKeys (ConfUtils.java:logGet(43)) - raft.server.leader.election.timeout = 120s (custom)
2019-09-20 14:16:39,842 [pool-261-thread-1] INFO  server.RaftServerConfigKeys (ConfUtils.java:logGet(43)) - raft.server.log.use.memory = false (default)
2019-09-20 14:16:39,842 [pool-261-thread-1] INFO  server.RaftServerConfigKeys (ConfUtils.java:logGet(43)) - raft.server.log.purge.gap = 1000000 (custom)
2019-09-20 14:16:39,842 [pool-261-thread-1] INFO  server.RaftServerConfigKeys (ConfUtils.java:logGet(43)) - raft.server.log.appender.buffer.byte-limit = 33554432 (custom)
2019-09-20 14:16:39,843 [pool-261-thread-1] INFO  server.RaftServerConfigKeys (ConfUtils.java:logGet(43)) - raft.server.log.segment.size.max = 1048576 (custom)
2019-09-20 14:16:39,843 [pool-261-thread-1] INFO  server.RaftServerConfigKeys (ConfUtils.java:logGet(43)) - raft.server.log.segment.cache.num.max = 2 (custom)
2019-09-20 14:16:39,843 [pool-261-thread-1] INFO  segmented.SegmentedRaftLogWorker (SegmentedRaftLogWorker.java:<init>(172)) - new 25438d07-0339-4bf6-8997-22533ce336d6-SegmentedRaftLogWorker:Storage Directory /workdir/hadoop-ozone/ozonefs/target/test-dir/MiniOzoneClusterImpl-7e8c7029-0518-46b6-9dc3-3175ad8e4a05/datanode-2/data/ratis/adfcb1fd-26ce-4751-b3c2-62ef282e5990 for RaftStorage:Storage Directory /workdir/hadoop-ozone/ozonefs/target/test-dir/MiniOzoneClusterImpl-7e8c7029-0518-46b6-9dc3-3175ad8e4a05/datanode-2/data/ratis/adfcb1fd-26ce-4751-b3c2-62ef282e5990
2019-09-20 14:16:39,843 [pool-261-thread-1] INFO  server.RaftServerConfigKeys (ConfUtils.java:logGet(43)) - raft.server.log.queue.byte-limit = 2147483647 (custom)
2019-09-20 14:16:39,843 [pool-261-thread-1] INFO  server.RaftServerConfigKeys (ConfUtils.java:logGet(43)) - raft.server.log.queue.element-limit = 1024 (custom)
2019-09-20 14:16:39,843 [pool-261-thread-1] INFO  server.RaftServerConfigKeys (ConfUtils.java:logGet(43)) - raft.server.log.segment.size.max = 1048576 (custom)
2019-09-20 14:16:39,844 [pool-261-thread-1] INFO  server.RaftServerConfigKeys (ConfUtils.java:logGet(43)) - raft.server.log.preallocated.size = 16384 (custom)
2019-09-20 14:16:39,844 [pool-261-thread-1] INFO  server.RaftServerConfigKeys (ConfUtils.java:logGet(43)) - raft.server.log.write.buffer.size = 33554432 (custom)
2019-09-20 14:16:39,844 [pool-261-thread-1] INFO  server.RaftServerConfigKeys (ConfUtils.java:logGet(43)) - raft.server.log.force.sync.num = 128 (default)
2019-09-20 14:16:39,844 [pool-261-thread-1] INFO  server.RaftServerConfigKeys (ConfUtils.java:logGet(43)) - raft.server.log.statemachine.data.sync = true (default)
2019-09-20 14:16:39,844 [pool-261-thread-1] INFO  server.RaftServerConfigKeys (ConfUtils.java:logGet(43)) - raft.server.log.statemachine.data.sync.timeout = 10s (default)
2019-09-20 14:16:39,844 [pool-261-thread-1] INFO  server.RaftServerConfigKeys (ConfUtils.java:logGet(43)) - raft.server.log.statemachine.data.sync.timeout.retry = -1 (default)
2019-09-20 14:16:39,844 [pool-261-thread-1] INFO  server.RaftServerConfigKeys (ConfUtils.java:logGet(43)) - raft.server.log.statemachine.data.caching.enabled = true (custom)
2019-09-20 14:16:39,845 [pool-261-thread-1] INFO  segmented.SegmentedRaftLogWorker (SegmentedRaftLogWorker.java:lambda$new$0(132)) - 25438d07-0339-4bf6-8997-22533ce336d6-SegmentedRaftLogWorker:Storage Directory /workdir/hadoop-ozone/ozonefs/target/test-dir/MiniOzoneClusterImpl-7e8c7029-0518-46b6-9dc3-3175ad8e4a05/datanode-2/data/ratis/adfcb1fd-26ce-4751-b3c2-62ef282e5990: flushIndex: setUnconditionally 0 -> -1
2019-09-20 14:16:39,845 [pool-261-thread-1] INFO  server.RaftServerConfigKeys (ConfUtils.java:logGet(43)) - raft.server.snapshot.auto.trigger.enabled = true (custom)
2019-09-20 14:16:39,845 [pool-261-thread-1] INFO  server.RaftServerConfigKeys (ConfUtils.java:logGet(43)) - raft.server.snapshot.auto.trigger.threshold = 10000 (custom)
2019-09-20 14:16:39,845 [pool-261-thread-1] INFO  server.RaftServerConfigKeys (ConfUtils.java:logGet(43)) - raft.server.retrycache.expirytime = 600000ms (custom)
2019-09-20 14:16:39,846 [pool-261-thread-1] INFO  impl.RaftServerImpl (RaftServerImpl.java:start(180)) - 25438d07-0339-4bf6-8997-22533ce336d6: start group-62EF282E5990
2019-09-20 14:16:39,846 [pool-261-thread-1] INFO  impl.RaftServerImpl (RaftServerImpl.java:setRole(171)) - 25438d07-0339-4bf6-8997-22533ce336d6:group-62EF282E5990 changes role from null to FOLLOWER at term 0 for startAsFollower
2019-09-20 14:16:39,846 [pool-261-thread-1] INFO  impl.RoleInfo (RoleInfo.java:updateAndGet(143)) - 25438d07-0339-4bf6-8997-22533ce336d6: start FollowerState
2019-09-20 14:16:39,846 [pool-261-thread-1] INFO  util.JmxRegister (JmxRegister.java:tryRegister(44)) - Successfully registered JMX Bean with object name Ratis:service=RaftServer,group=group-62EF282E5990,id=25438d07-0339-4bf6-8997-22533ce336d6
2019-09-20 14:16:39,850 [RatisPipelineUtilsThread] INFO  pipeline.PipelineStateManager (PipelineStateManager.java:addPipeline(56)) - Created pipeline Pipeline[ Id: adfcb1fd-26ce-4751-b3c2-62ef282e5990, Nodes: 25438d07-0339-4bf6-8997-22533ce336d6{ip: 192.168.36.99, host: pr-hdds-1569-p5fx8-1226042367, networkLocation: /default-rack, certSerialId: null}, Type:RATIS, Factor:ONE, State:OPEN]
2019-09-20 14:16:39,851 [RatisPipelineUtilsThread] INFO  pipeline.PipelinePlacementPolicy (PipelinePlacementPolicy.java:meetCriteria(91)) - Pipeline Placement: Doesn't meet the criteria to be viable node： 13a328b2-3d84-4ca1-a243-9eae790dea4c Heaviness: 6 limit: 5
2019-09-20 14:16:39,858 [grpc-default-executor-0] INFO  impl.RaftServerProxy (RaftServerProxy.java:addNew(89)) - 3dd27507-a8cb-43da-a44e-e873f99ae85b: addNew group-9AD4883BF3EC:[3dd27507-a8cb-43da-a44e-e873f99ae85b:192.168.36.99:33496] returns group-9AD4883BF3EC:java.util.concurrent.CompletableFuture@103e7f0f[Not completed]
2019-09-20 14:16:39,859 [pool-250-thread-1] INFO  impl.RaftServerImpl (RaftServerImpl.java:<init>(93)) - 3dd27507-a8cb-43da-a44e-e873f99ae85b: new RaftServerImpl for group-9AD4883BF3EC:[3dd27507-a8cb-43da-a44e-e873f99ae85b:192.168.36.99:33496] with ContainerStateMachine:uninitialized
2019-09-20 14:16:39,859 [pool-250-thread-1] INFO  server.RaftServerConfigKeys (ConfUtils.java:logGet(43)) - raft.server.rpc.timeout.min = 5s (custom)
2019-09-20 14:16:39,859 [pool-250-thread-1] INFO  server.RaftServerConfigKeys (ConfUtils.java:logGet(43)) - raft.server.rpc.timeout.max = 5200ms (custom)
2019-09-20 14:16:39,859 [pool-250-thread-1] INFO  server.RaftServerConfigKeys (ConfUtils.java:logGet(43)) - raft.server.rpcslowness.timeout = 120s (custom)
2019-09-20 14:16:39,859 [pool-250-thread-1] INFO  server.RaftServerConfigKeys (ConfUtils.java:logGet(43)) - raft.server.sleep.deviation.threshold = 300 (default)
2019-09-20 14:16:39,859 [pool-250-thread-1] INFO  server.RaftServerConfigKeys (ConfUtils.java:logGet(43)) - raft.server.log.appender.install.snapshot.enabled = false (custom)
2019-09-20 14:16:39,860 [pool-250-thread-1] INFO  impl.RaftServerImpl (ServerState.java:<init>(105)) - 3dd27507-a8cb-43da-a44e-e873f99ae85b:group-9AD4883BF3EC ConfigurationManager, init=-1: [3dd27507-a8cb-43da-a44e-e873f99ae85b:192.168.36.99:33496], old=null, confs=<EMPTY_MAP>
2019-09-20 14:16:39,860 [pool-250-thread-1] INFO  server.RaftServerConfigKeys (ConfUtils.java:logGet(43)) - raft.server.storage.dir = [/workdir/hadoop-ozone/ozonefs/target/test-dir/MiniOzoneClusterImpl-7e8c7029-0518-46b6-9dc3-3175ad8e4a05/datanode-1/data/ratis] (custom)
2019-09-20 14:16:39,860 [pool-250-thread-1] INFO  storage.RaftStorageDirectory (RaftStorageDirectory.java:analyzeStorage(246)) - The storage directory /workdir/hadoop-ozone/ozonefs/target/test-dir/MiniOzoneClusterImpl-7e8c7029-0518-46b6-9dc3-3175ad8e4a05/datanode-1/data/ratis/909d4151-c3ea-4082-8b68-9ad4883bf3ec does not exist. Creating ...
2019-09-20 14:16:39,868 [pool-250-thread-1] INFO  storage.RaftStorageDirectory (RaftStorageDirectory.java:tryLock(328)) - Lock on /workdir/hadoop-ozone/ozonefs/target/test-dir/MiniOzoneClusterImpl-7e8c7029-0518-46b6-9dc3-3175ad8e4a05/datanode-1/data/ratis/909d4151-c3ea-4082-8b68-9ad4883bf3ec/in_use.lock acquired by nodename 5474@pr-hdds-1569-p5fx8-1226042367
2019-09-20 14:16:39,885 [pool-250-thread-1] INFO  storage.RaftStorage (RaftStorage.java:format(72)) - Storage directory /workdir/hadoop-ozone/ozonefs/target/test-dir/MiniOzoneClusterImpl-7e8c7029-0518-46b6-9dc3-3175ad8e4a05/datanode-1/data/ratis/909d4151-c3ea-4082-8b68-9ad4883bf3ec has been successfully formatted.
2019-09-20 14:16:39,885 [pool-250-thread-1] INFO  ratis.ContainerStateMachine (ContainerStateMachine.java:loadSnapshot(226)) - group-9AD4883BF3EC: The snapshot info is null. Setting the last applied indexto:(t:0, i:~)
2019-09-20 14:16:39,885 [pool-250-thread-1] INFO  server.RaftServerConfigKeys (ConfUtils.java:logGet(43)) - raft.server.leader.election.timeout = 120s (custom)
2019-09-20 14:16:39,886 [pool-250-thread-1] INFO  server.RaftServerConfigKeys (ConfUtils.java:logGet(43)) - raft.server.log.use.memory = false (default)
2019-09-20 14:16:39,886 [pool-250-thread-1] INFO  server.RaftServerConfigKeys (ConfUtils.java:logGet(43)) - raft.server.log.purge.gap = 1000000 (custom)
2019-09-20 14:16:39,886 [pool-250-thread-1] INFO  server.RaftServerConfigKeys (ConfUtils.java:logGet(43)) - raft.server.log.appender.buffer.byte-limit = 33554432 (custom)
2019-09-20 14:16:39,886 [pool-250-thread-1] INFO  server.RaftServerConfigKeys (ConfUtils.java:logGet(43)) - raft.server.log.segment.size.max = 1048576 (custom)
2019-09-20 14:16:39,886 [pool-250-thread-1] INFO  server.RaftServerConfigKeys (ConfUtils.java:logGet(43)) - raft.server.log.segment.cache.num.max = 2 (custom)
2019-09-20 14:16:39,886 [pool-250-thread-1] INFO  segmented.SegmentedRaftLogWorker (SegmentedRaftLogWorker.java:<init>(172)) - new 3dd27507-a8cb-43da-a44e-e873f99ae85b-SegmentedRaftLogWorker:Storage Directory /workdir/hadoop-ozone/ozonefs/target/test-dir/MiniOzoneClusterImpl-7e8c7029-0518-46b6-9dc3-3175ad8e4a05/datanode-1/data/ratis/909d4151-c3ea-4082-8b68-9ad4883bf3ec for RaftStorage:Storage Directory /workdir/hadoop-ozone/ozonefs/target/test-dir/MiniOzoneClusterImpl-7e8c7029-0518-46b6-9dc3-3175ad8e4a05/datanode-1/data/ratis/909d4151-c3ea-4082-8b68-9ad4883bf3ec
2019-09-20 14:16:39,887 [pool-250-thread-1] INFO  server.RaftServerConfigKeys (ConfUtils.java:logGet(43)) - raft.server.log.queue.byte-limit = 2147483647 (custom)
2019-09-20 14:16:39,887 [pool-250-thread-1] INFO  server.RaftServerConfigKeys (ConfUtils.java:logGet(43)) - raft.server.log.queue.element-limit = 1024 (custom)
2019-09-20 14:16:39,887 [pool-250-thread-1] INFO  server.RaftServerConfigKeys (ConfUtils.java:logGet(43)) - raft.server.log.segment.size.max = 1048576 (custom)
2019-09-20 14:16:39,887 [pool-250-thread-1] INFO  server.RaftServerConfigKeys (ConfUtils.java:logGet(43)) - raft.server.log.preallocated.size = 16384 (custom)
2019-09-20 14:16:39,887 [pool-250-thread-1] INFO  server.RaftServerConfigKeys (ConfUtils.java:logGet(43)) - raft.server.log.write.buffer.size = 33554432 (custom)
2019-09-20 14:16:39,887 [pool-250-thread-1] INFO  server.RaftServerConfigKeys (ConfUtils.java:logGet(43)) - raft.server.log.force.sync.num = 128 (default)
2019-09-20 14:16:39,887 [pool-250-thread-1] INFO  server.RaftServerConfigKeys (ConfUtils.java:logGet(43)) - raft.server.log.statemachine.data.sync = true (default)
2019-09-20 14:16:39,888 [pool-250-thread-1] INFO  server.RaftServerConfigKeys (ConfUtils.java:logGet(43)) - raft.server.log.statemachine.data.sync.timeout = 10s (default)
2019-09-20 14:16:39,888 [pool-250-thread-1] INFO  server.RaftServerConfigKeys (ConfUtils.java:logGet(43)) - raft.server.log.statemachine.data.sync.timeout.retry = -1 (default)
2019-09-20 14:16:39,888 [pool-250-thread-1] INFO  server.RaftServerConfigKeys (ConfUtils.java:logGet(43)) - raft.server.log.statemachine.data.caching.enabled = true (custom)
2019-09-20 14:16:39,888 [pool-250-thread-1] INFO  segmented.SegmentedRaftLogWorker (SegmentedRaftLogWorker.java:lambda$new$0(132)) - 3dd27507-a8cb-43da-a44e-e873f99ae85b-SegmentedRaftLogWorker:Storage Directory /workdir/hadoop-ozone/ozonefs/target/test-dir/MiniOzoneClusterImpl-7e8c7029-0518-46b6-9dc3-3175ad8e4a05/datanode-1/data/ratis/909d4151-c3ea-4082-8b68-9ad4883bf3ec: flushIndex: setUnconditionally 0 -> -1
2019-09-20 14:16:39,889 [pool-250-thread-1] INFO  server.RaftServerConfigKeys (ConfUtils.java:logGet(43)) - raft.server.snapshot.auto.trigger.enabled = true (custom)
2019-09-20 14:16:39,889 [pool-250-thread-1] INFO  server.RaftServerConfigKeys (ConfUtils.java:logGet(43)) - raft.server.snapshot.auto.trigger.threshold = 10000 (custom)
2019-09-20 14:16:39,889 [pool-250-thread-1] INFO  server.RaftServerConfigKeys (ConfUtils.java:logGet(43)) - raft.server.retrycache.expirytime = 600000ms (custom)
2019-09-20 14:16:39,889 [pool-250-thread-1] INFO  impl.RaftServerImpl (RaftServerImpl.java:start(180)) - 3dd27507-a8cb-43da-a44e-e873f99ae85b: start group-9AD4883BF3EC
2019-09-20 14:16:39,889 [pool-250-thread-1] INFO  impl.RaftServerImpl (RaftServerImpl.java:setRole(171)) - 3dd27507-a8cb-43da-a44e-e873f99ae85b:group-9AD4883BF3EC changes role from null to FOLLOWER at term 0 for startAsFollower
2019-09-20 14:16:39,890 [pool-250-thread-1] INFO  impl.RoleInfo (RoleInfo.java:updateAndGet(143)) - 3dd27507-a8cb-43da-a44e-e873f99ae85b: start FollowerState
2019-09-20 14:16:39,890 [pool-250-thread-1] INFO  util.JmxRegister (JmxRegister.java:tryRegister(44)) - Successfully registered JMX Bean with object name Ratis:service=RaftServer,group=group-9AD4883BF3EC,id=3dd27507-a8cb-43da-a44e-e873f99ae85b
2019-09-20 14:16:39,893 [RatisPipelineUtilsThread] INFO  pipeline.PipelineStateManager (PipelineStateManager.java:addPipeline(56)) - Created pipeline Pipeline[ Id: 909d4151-c3ea-4082-8b68-9ad4883bf3ec, Nodes: 3dd27507-a8cb-43da-a44e-e873f99ae85b{ip: 192.168.36.99, host: pr-hdds-1569-p5fx8-1226042367, networkLocation: /default-rack, certSerialId: null}, Type:RATIS, Factor:ONE, State:OPEN]
2019-09-20 14:16:39,894 [RatisPipelineUtilsThread] INFO  pipeline.PipelinePlacementPolicy (PipelinePlacementPolicy.java:meetCriteria(91)) - Pipeline Placement: Doesn't meet the criteria to be viable node： 13a328b2-3d84-4ca1-a243-9eae790dea4c Heaviness: 6 limit: 5
2019-09-20 14:16:39,899 [grpc-default-executor-0] INFO  impl.RaftServerProxy (RaftServerProxy.java:addNew(89)) - 3dd27507-a8cb-43da-a44e-e873f99ae85b: addNew group-07574B375768:[3dd27507-a8cb-43da-a44e-e873f99ae85b:192.168.36.99:33496] returns group-07574B375768:java.util.concurrent.CompletableFuture@b7cd347[Not completed]
2019-09-20 14:16:39,900 [pool-250-thread-1] INFO  impl.RaftServerImpl (RaftServerImpl.java:<init>(93)) - 3dd27507-a8cb-43da-a44e-e873f99ae85b: new RaftServerImpl for group-07574B375768:[3dd27507-a8cb-43da-a44e-e873f99ae85b:192.168.36.99:33496] with ContainerStateMachine:uninitialized
2019-09-20 14:16:39,900 [pool-250-thread-1] INFO  server.RaftServerConfigKeys (ConfUtils.java:logGet(43)) - raft.server.rpc.timeout.min = 5s (custom)
2019-09-20 14:16:39,900 [pool-250-thread-1] INFO  server.RaftServerConfigKeys (ConfUtils.java:logGet(43)) - raft.server.rpc.timeout.max = 5200ms (custom)
2019-09-20 14:16:39,900 [pool-250-thread-1] INFO  server.RaftServerConfigKeys (ConfUtils.java:logGet(43)) - raft.server.rpcslowness.timeout = 120s (custom)
2019-09-20 14:16:39,900 [pool-250-thread-1] INFO  server.RaftServerConfigKeys (ConfUtils.java:logGet(43)) - raft.server.sleep.deviation.threshold = 300 (default)
2019-09-20 14:16:39,901 [pool-250-thread-1] INFO  server.RaftServerConfigKeys (ConfUtils.java:logGet(43)) - raft.server.log.appender.install.snapshot.enabled = false (custom)
2019-09-20 14:16:39,901 [pool-250-thread-1] INFO  impl.RaftServerImpl (ServerState.java:<init>(105)) - 3dd27507-a8cb-43da-a44e-e873f99ae85b:group-07574B375768 ConfigurationManager, init=-1: [3dd27507-a8cb-43da-a44e-e873f99ae85b:192.168.36.99:33496], old=null, confs=<EMPTY_MAP>
2019-09-20 14:16:39,901 [pool-250-thread-1] INFO  server.RaftServerConfigKeys (ConfUtils.java:logGet(43)) - raft.server.storage.dir = [/workdir/hadoop-ozone/ozonefs/target/test-dir/MiniOzoneClusterImpl-7e8c7029-0518-46b6-9dc3-3175ad8e4a05/datanode-1/data/ratis] (custom)
2019-09-20 14:16:39,901 [pool-250-thread-1] INFO  storage.RaftStorageDirectory (RaftStorageDirectory.java:analyzeStorage(246)) - The storage directory /workdir/hadoop-ozone/ozonefs/target/test-dir/MiniOzoneClusterImpl-7e8c7029-0518-46b6-9dc3-3175ad8e4a05/datanode-1/data/ratis/8cc409c9-da89-483a-aeaf-07574b375768 does not exist. Creating ...
2019-09-20 14:16:39,918 [pool-250-thread-1] INFO  storage.RaftStorageDirectory (RaftStorageDirectory.java:tryLock(328)) - Lock on /workdir/hadoop-ozone/ozonefs/target/test-dir/MiniOzoneClusterImpl-7e8c7029-0518-46b6-9dc3-3175ad8e4a05/datanode-1/data/ratis/8cc409c9-da89-483a-aeaf-07574b375768/in_use.lock acquired by nodename 5474@pr-hdds-1569-p5fx8-1226042367
2019-09-20 14:16:39,936 [pool-250-thread-1] INFO  storage.RaftStorage (RaftStorage.java:format(72)) - Storage directory /workdir/hadoop-ozone/ozonefs/target/test-dir/MiniOzoneClusterImpl-7e8c7029-0518-46b6-9dc3-3175ad8e4a05/datanode-1/data/ratis/8cc409c9-da89-483a-aeaf-07574b375768 has been successfully formatted.
2019-09-20 14:16:39,936 [pool-250-thread-1] INFO  ratis.ContainerStateMachine (ContainerStateMachine.java:loadSnapshot(226)) - group-07574B375768: The snapshot info is null. Setting the last applied indexto:(t:0, i:~)
2019-09-20 14:16:39,936 [pool-250-thread-1] INFO  server.RaftServerConfigKeys (ConfUtils.java:logGet(43)) - raft.server.leader.election.timeout = 120s (custom)
2019-09-20 14:16:39,936 [pool-250-thread-1] INFO  server.RaftServerConfigKeys (ConfUtils.java:logGet(43)) - raft.server.log.use.memory = false (default)
2019-09-20 14:16:39,936 [pool-250-thread-1] INFO  server.RaftServerConfigKeys (ConfUtils.java:logGet(43)) - raft.server.log.purge.gap = 1000000 (custom)
2019-09-20 14:16:39,936 [pool-250-thread-1] INFO  server.RaftServerConfigKeys (ConfUtils.java:logGet(43)) - raft.server.log.appender.buffer.byte-limit = 33554432 (custom)
2019-09-20 14:16:39,937 [pool-250-thread-1] INFO  server.RaftServerConfigKeys (ConfUtils.java:logGet(43)) - raft.server.log.segment.size.max = 1048576 (custom)
2019-09-20 14:16:39,937 [pool-250-thread-1] INFO  server.RaftServerConfigKeys (ConfUtils.java:logGet(43)) - raft.server.log.segment.cache.num.max = 2 (custom)
2019-09-20 14:16:39,937 [pool-250-thread-1] INFO  segmented.SegmentedRaftLogWorker (SegmentedRaftLogWorker.java:<init>(172)) - new 3dd27507-a8cb-43da-a44e-e873f99ae85b-SegmentedRaftLogWorker:Storage Directory /workdir/hadoop-ozone/ozonefs/target/test-dir/MiniOzoneClusterImpl-7e8c7029-0518-46b6-9dc3-3175ad8e4a05/datanode-1/data/ratis/8cc409c9-da89-483a-aeaf-07574b375768 for RaftStorage:Storage Directory /workdir/hadoop-ozone/ozonefs/target/test-dir/MiniOzoneClusterImpl-7e8c7029-0518-46b6-9dc3-3175ad8e4a05/datanode-1/data/ratis/8cc409c9-da89-483a-aeaf-07574b375768
2019-09-20 14:16:39,937 [pool-250-thread-1] INFO  server.RaftServerConfigKeys (ConfUtils.java:logGet(43)) - raft.server.log.queue.byte-limit = 2147483647 (custom)
2019-09-20 14:16:39,937 [pool-250-thread-1] INFO  server.RaftServerConfigKeys (ConfUtils.java:logGet(43)) - raft.server.log.queue.element-limit = 1024 (custom)
2019-09-20 14:16:39,937 [pool-250-thread-1] INFO  server.RaftServerConfigKeys (ConfUtils.java:logGet(43)) - raft.server.log.segment.size.max = 1048576 (custom)
2019-09-20 14:16:39,938 [pool-250-thread-1] INFO  server.RaftServerConfigKeys (ConfUtils.java:logGet(43)) - raft.server.log.preallocated.size = 16384 (custom)
2019-09-20 14:16:39,938 [pool-250-thread-1] INFO  server.RaftServerConfigKeys (ConfUtils.java:logGet(43)) - raft.server.log.write.buffer.size = 33554432 (custom)
2019-09-20 14:16:39,938 [pool-250-thread-1] INFO  server.RaftServerConfigKeys (ConfUtils.java:logGet(43)) - raft.server.log.force.sync.num = 128 (default)
2019-09-20 14:16:39,938 [pool-250-thread-1] INFO  server.RaftServerConfigKeys (ConfUtils.java:logGet(43)) - raft.server.log.statemachine.data.sync = true (default)
2019-09-20 14:16:39,938 [pool-250-thread-1] INFO  server.RaftServerConfigKeys (ConfUtils.java:logGet(43)) - raft.server.log.statemachine.data.sync.timeout = 10s (default)
2019-09-20 14:16:39,938 [pool-250-thread-1] INFO  server.RaftServerConfigKeys (ConfUtils.java:logGet(43)) - raft.server.log.statemachine.data.sync.timeout.retry = -1 (default)
2019-09-20 14:16:39,938 [pool-250-thread-1] INFO  server.RaftServerConfigKeys (ConfUtils.java:logGet(43)) - raft.server.log.statemachine.data.caching.enabled = true (custom)
2019-09-20 14:16:39,939 [pool-250-thread-1] INFO  segmented.SegmentedRaftLogWorker (SegmentedRaftLogWorker.java:lambda$new$0(132)) - 3dd27507-a8cb-43da-a44e-e873f99ae85b-SegmentedRaftLogWorker:Storage Directory /workdir/hadoop-ozone/ozonefs/target/test-dir/MiniOzoneClusterImpl-7e8c7029-0518-46b6-9dc3-3175ad8e4a05/datanode-1/data/ratis/8cc409c9-da89-483a-aeaf-07574b375768: flushIndex: setUnconditionally 0 -> -1
2019-09-20 14:16:39,939 [pool-250-thread-1] INFO  server.RaftServerConfigKeys (ConfUtils.java:logGet(43)) - raft.server.snapshot.auto.trigger.enabled = true (custom)
2019-09-20 14:16:39,939 [pool-250-thread-1] INFO  server.RaftServerConfigKeys (ConfUtils.java:logGet(43)) - raft.server.snapshot.auto.trigger.threshold = 10000 (custom)
2019-09-20 14:16:39,939 [pool-250-thread-1] INFO  server.RaftServerConfigKeys (ConfUtils.java:logGet(43)) - raft.server.retrycache.expirytime = 600000ms (custom)
2019-09-20 14:16:39,940 [pool-250-thread-1] INFO  impl.RaftServerImpl (RaftServerImpl.java:start(180)) - 3dd27507-a8cb-43da-a44e-e873f99ae85b: start group-07574B375768
2019-09-20 14:16:39,940 [pool-250-thread-1] INFO  impl.RaftServerImpl (RaftServerImpl.java:setRole(171)) - 3dd27507-a8cb-43da-a44e-e873f99ae85b:group-07574B375768 changes role from null to FOLLOWER at term 0 for startAsFollower
2019-09-20 14:16:39,940 [pool-250-thread-1] INFO  impl.RoleInfo (RoleInfo.java:updateAndGet(143)) - 3dd27507-a8cb-43da-a44e-e873f99ae85b: start FollowerState
2019-09-20 14:16:39,940 [pool-250-thread-1] INFO  util.JmxRegister (JmxRegister.java:tryRegister(44)) - Successfully registered JMX Bean with object name Ratis:service=RaftServer,group=group-07574B375768,id=3dd27507-a8cb-43da-a44e-e873f99ae85b
2019-09-20 14:16:39,943 [RatisPipelineUtilsThread] INFO  pipeline.PipelineStateManager (PipelineStateManager.java:addPipeline(56)) - Created pipeline Pipeline[ Id: 8cc409c9-da89-483a-aeaf-07574b375768, Nodes: 3dd27507-a8cb-43da-a44e-e873f99ae85b{ip: 192.168.36.99, host: pr-hdds-1569-p5fx8-1226042367, networkLocation: /default-rack, certSerialId: null}, Type:RATIS, Factor:ONE, State:OPEN]
2019-09-20 14:16:39,943 [RatisPipelineUtilsThread] INFO  pipeline.PipelinePlacementPolicy (PipelinePlacementPolicy.java:meetCriteria(91)) - Pipeline Placement: Doesn't meet the criteria to be viable node： 13a328b2-3d84-4ca1-a243-9eae790dea4c Heaviness: 6 limit: 5
2019-09-20 14:16:39,944 [RatisPipelineUtilsThread] INFO  pipeline.PipelinePlacementPolicy (PipelinePlacementPolicy.java:meetCriteria(91)) - Pipeline Placement: Doesn't meet the criteria to be viable node： 3dd27507-a8cb-43da-a44e-e873f99ae85b Heaviness: 6 limit: 5
2019-09-20 14:16:39,949 [grpc-default-executor-0] INFO  impl.RaftServerProxy (RaftServerProxy.java:addNew(89)) - 25438d07-0339-4bf6-8997-22533ce336d6: addNew group-E43046B1C2CB:[25438d07-0339-4bf6-8997-22533ce336d6:192.168.36.99:35646] returns group-E43046B1C2CB:java.util.concurrent.CompletableFuture@450f865d[Not completed]
2019-09-20 14:16:39,951 [pool-261-thread-1] INFO  impl.RaftServerImpl (RaftServerImpl.java:<init>(93)) - 25438d07-0339-4bf6-8997-22533ce336d6: new RaftServerImpl for group-E43046B1C2CB:[25438d07-0339-4bf6-8997-22533ce336d6:192.168.36.99:35646] with ContainerStateMachine:uninitialized
2019-09-20 14:16:39,952 [pool-261-thread-1] INFO  server.RaftServerConfigKeys (ConfUtils.java:logGet(43)) - raft.server.rpc.timeout.min = 5s (custom)
2019-09-20 14:16:39,952 [pool-261-thread-1] INFO  server.RaftServerConfigKeys (ConfUtils.java:logGet(43)) - raft.server.rpc.timeout.max = 5200ms (custom)
2019-09-20 14:16:39,952 [pool-261-thread-1] INFO  server.RaftServerConfigKeys (ConfUtils.java:logGet(43)) - raft.server.rpcslowness.timeout = 120s (custom)
2019-09-20 14:16:39,952 [pool-261-thread-1] INFO  server.RaftServerConfigKeys (ConfUtils.java:logGet(43)) - raft.server.sleep.deviation.threshold = 300 (default)
2019-09-20 14:16:39,952 [pool-261-thread-1] INFO  server.RaftServerConfigKeys (ConfUtils.java:logGet(43)) - raft.server.log.appender.install.snapshot.enabled = false (custom)
2019-09-20 14:16:39,952 [pool-261-thread-1] INFO  impl.RaftServerImpl (ServerState.java:<init>(105)) - 25438d07-0339-4bf6-8997-22533ce336d6:group-E43046B1C2CB ConfigurationManager, init=-1: [25438d07-0339-4bf6-8997-22533ce336d6:192.168.36.99:35646], old=null, confs=<EMPTY_MAP>
2019-09-20 14:16:39,953 [pool-261-thread-1] INFO  server.RaftServerConfigKeys (ConfUtils.java:logGet(43)) - raft.server.storage.dir = [/workdir/hadoop-ozone/ozonefs/target/test-dir/MiniOzoneClusterImpl-7e8c7029-0518-46b6-9dc3-3175ad8e4a05/datanode-2/data/ratis] (custom)
2019-09-20 14:16:39,953 [pool-261-thread-1] INFO  storage.RaftStorageDirectory (RaftStorageDirectory.java:analyzeStorage(246)) - The storage directory /workdir/hadoop-ozone/ozonefs/target/test-dir/MiniOzoneClusterImpl-7e8c7029-0518-46b6-9dc3-3175ad8e4a05/datanode-2/data/ratis/21327f95-9b02-4911-b3bd-e43046b1c2cb does not exist. Creating ...
2019-09-20 14:16:39,969 [pool-261-thread-1] INFO  storage.RaftStorageDirectory (RaftStorageDirectory.java:tryLock(328)) - Lock on /workdir/hadoop-ozone/ozonefs/target/test-dir/MiniOzoneClusterImpl-7e8c7029-0518-46b6-9dc3-3175ad8e4a05/datanode-2/data/ratis/21327f95-9b02-4911-b3bd-e43046b1c2cb/in_use.lock acquired by nodename 5474@pr-hdds-1569-p5fx8-1226042367
2019-09-20 14:16:39,986 [pool-261-thread-1] INFO  storage.RaftStorage (RaftStorage.java:format(72)) - Storage directory /workdir/hadoop-ozone/ozonefs/target/test-dir/MiniOzoneClusterImpl-7e8c7029-0518-46b6-9dc3-3175ad8e4a05/datanode-2/data/ratis/21327f95-9b02-4911-b3bd-e43046b1c2cb has been successfully formatted.
2019-09-20 14:16:39,987 [pool-261-thread-1] INFO  ratis.ContainerStateMachine (ContainerStateMachine.java:loadSnapshot(226)) - group-E43046B1C2CB: The snapshot info is null. Setting the last applied indexto:(t:0, i:~)
2019-09-20 14:16:39,987 [pool-261-thread-1] INFO  server.RaftServerConfigKeys (ConfUtils.java:logGet(43)) - raft.server.leader.election.timeout = 120s (custom)
2019-09-20 14:16:39,987 [pool-261-thread-1] INFO  server.RaftServerConfigKeys (ConfUtils.java:logGet(43)) - raft.server.log.use.memory = false (default)
2019-09-20 14:16:39,987 [pool-261-thread-1] INFO  server.RaftServerConfigKeys (ConfUtils.java:logGet(43)) - raft.server.log.purge.gap = 1000000 (custom)
2019-09-20 14:16:39,987 [pool-261-thread-1] INFO  server.RaftServerConfigKeys (ConfUtils.java:logGet(43)) - raft.server.log.appender.buffer.byte-limit = 33554432 (custom)
2019-09-20 14:16:39,988 [pool-261-thread-1] INFO  server.RaftServerConfigKeys (ConfUtils.java:logGet(43)) - raft.server.log.segment.size.max = 1048576 (custom)
2019-09-20 14:16:39,988 [pool-261-thread-1] INFO  server.RaftServerConfigKeys (ConfUtils.java:logGet(43)) - raft.server.log.segment.cache.num.max = 2 (custom)
2019-09-20 14:16:39,988 [pool-261-thread-1] INFO  segmented.SegmentedRaftLogWorker (SegmentedRaftLogWorker.java:<init>(172)) - new 25438d07-0339-4bf6-8997-22533ce336d6-SegmentedRaftLogWorker:Storage Directory /workdir/hadoop-ozone/ozonefs/target/test-dir/MiniOzoneClusterImpl-7e8c7029-0518-46b6-9dc3-3175ad8e4a05/datanode-2/data/ratis/21327f95-9b02-4911-b3bd-e43046b1c2cb for RaftStorage:Storage Directory /workdir/hadoop-ozone/ozonefs/target/test-dir/MiniOzoneClusterImpl-7e8c7029-0518-46b6-9dc3-3175ad8e4a05/datanode-2/data/ratis/21327f95-9b02-4911-b3bd-e43046b1c2cb
2019-09-20 14:16:39,988 [pool-261-thread-1] INFO  server.RaftServerConfigKeys (ConfUtils.java:logGet(43)) - raft.server.log.queue.byte-limit = 2147483647 (custom)
2019-09-20 14:16:39,988 [pool-261-thread-1] INFO  server.RaftServerConfigKeys (ConfUtils.java:logGet(43)) - raft.server.log.queue.element-limit = 1024 (custom)
2019-09-20 14:16:39,988 [pool-261-thread-1] INFO  server.RaftServerConfigKeys (ConfUtils.java:logGet(43)) - raft.server.log.segment.size.max = 1048576 (custom)
2019-09-20 14:16:39,989 [pool-261-thread-1] INFO  server.RaftServerConfigKeys (ConfUtils.java:logGet(43)) - raft.server.log.preallocated.size = 16384 (custom)
2019-09-20 14:16:39,989 [pool-261-thread-1] INFO  server.RaftServerConfigKeys (ConfUtils.java:logGet(43)) - raft.server.log.write.buffer.size = 33554432 (custom)
2019-09-20 14:16:39,989 [pool-261-thread-1] INFO  server.RaftServerConfigKeys (ConfUtils.java:logGet(43)) - raft.server.log.force.sync.num = 128 (default)
2019-09-20 14:16:39,989 [pool-261-thread-1] INFO  server.RaftServerConfigKeys (ConfUtils.java:logGet(43)) - raft.server.log.statemachine.data.sync = true (default)
2019-09-20 14:16:39,989 [pool-261-thread-1] INFO  server.RaftServerConfigKeys (ConfUtils.java:logGet(43)) - raft.server.log.statemachine.data.sync.timeout = 10s (default)
2019-09-20 14:16:39,989 [pool-261-thread-1] INFO  server.RaftServerConfigKeys (ConfUtils.java:logGet(43)) - raft.server.log.statemachine.data.sync.timeout.retry = -1 (default)
2019-09-20 14:16:39,990 [pool-261-thread-1] INFO  server.RaftServerConfigKeys (ConfUtils.java:logGet(43)) - raft.server.log.statemachine.data.caching.enabled = true (custom)
2019-09-20 14:16:39,990 [pool-261-thread-1] INFO  segmented.SegmentedRaftLogWorker (SegmentedRaftLogWorker.java:lambda$new$0(132)) - 25438d07-0339-4bf6-8997-22533ce336d6-SegmentedRaftLogWorker:Storage Directory /workdir/hadoop-ozone/ozonefs/target/test-dir/MiniOzoneClusterImpl-7e8c7029-0518-46b6-9dc3-3175ad8e4a05/datanode-2/data/ratis/21327f95-9b02-4911-b3bd-e43046b1c2cb: flushIndex: setUnconditionally 0 -> -1
2019-09-20 14:16:39,990 [pool-261-thread-1] INFO  server.RaftServerConfigKeys (ConfUtils.java:logGet(43)) - raft.server.snapshot.auto.trigger.enabled = true (custom)
2019-09-20 14:16:39,991 [pool-261-thread-1] INFO  server.RaftServerConfigKeys (ConfUtils.java:logGet(43)) - raft.server.snapshot.auto.trigger.threshold = 10000 (custom)
2019-09-20 14:16:39,991 [pool-261-thread-1] INFO  server.RaftServerConfigKeys (ConfUtils.java:logGet(43)) - raft.server.retrycache.expirytime = 600000ms (custom)
2019-09-20 14:16:39,991 [pool-261-thread-1] INFO  impl.RaftServerImpl (RaftServerImpl.java:start(180)) - 25438d07-0339-4bf6-8997-22533ce336d6: start group-E43046B1C2CB
2019-09-20 14:16:39,991 [pool-261-thread-1] INFO  impl.RaftServerImpl (RaftServerImpl.java:setRole(171)) - 25438d07-0339-4bf6-8997-22533ce336d6:group-E43046B1C2CB changes role from null to FOLLOWER at term 0 for startAsFollower
2019-09-20 14:16:39,991 [pool-261-thread-1] INFO  impl.RoleInfo (RoleInfo.java:updateAndGet(143)) - 25438d07-0339-4bf6-8997-22533ce336d6: start FollowerState
2019-09-20 14:16:39,992 [pool-261-thread-1] INFO  util.JmxRegister (JmxRegister.java:tryRegister(44)) - Successfully registered JMX Bean with object name Ratis:service=RaftServer,group=group-E43046B1C2CB,id=25438d07-0339-4bf6-8997-22533ce336d6
2019-09-20 14:16:39,995 [RatisPipelineUtilsThread] INFO  pipeline.PipelineStateManager (PipelineStateManager.java:addPipeline(56)) - Created pipeline Pipeline[ Id: 21327f95-9b02-4911-b3bd-e43046b1c2cb, Nodes: 25438d07-0339-4bf6-8997-22533ce336d6{ip: 192.168.36.99, host: pr-hdds-1569-p5fx8-1226042367, networkLocation: /default-rack, certSerialId: null}, Type:RATIS, Factor:ONE, State:OPEN]
2019-09-20 14:16:39,995 [RatisPipelineUtilsThread] INFO  pipeline.PipelinePlacementPolicy (PipelinePlacementPolicy.java:meetCriteria(91)) - Pipeline Placement: Doesn't meet the criteria to be viable node： 13a328b2-3d84-4ca1-a243-9eae790dea4c Heaviness: 6 limit: 5
2019-09-20 14:16:39,995 [RatisPipelineUtilsThread] INFO  pipeline.PipelinePlacementPolicy (PipelinePlacementPolicy.java:meetCriteria(91)) - Pipeline Placement: Doesn't meet the criteria to be viable node： 3dd27507-a8cb-43da-a44e-e873f99ae85b Heaviness: 6 limit: 5
2019-09-20 14:16:40,001 [grpc-default-executor-0] INFO  impl.RaftServerProxy (RaftServerProxy.java:addNew(89)) - 25438d07-0339-4bf6-8997-22533ce336d6: addNew group-403592C46DC5:[25438d07-0339-4bf6-8997-22533ce336d6:192.168.36.99:35646] returns group-403592C46DC5:java.util.concurrent.CompletableFuture@3c20312b[Not completed]
2019-09-20 14:16:40,002 [pool-261-thread-1] INFO  impl.RaftServerImpl (RaftServerImpl.java:<init>(93)) - 25438d07-0339-4bf6-8997-22533ce336d6: new RaftServerImpl for group-403592C46DC5:[25438d07-0339-4bf6-8997-22533ce336d6:192.168.36.99:35646] with ContainerStateMachine:uninitialized
2019-09-20 14:16:40,002 [pool-261-thread-1] INFO  server.RaftServerConfigKeys (ConfUtils.java:logGet(43)) - raft.server.rpc.timeout.min = 5s (custom)
2019-09-20 14:16:40,002 [pool-261-thread-1] INFO  server.RaftServerConfigKeys (ConfUtils.java:logGet(43)) - raft.server.rpc.timeout.max = 5200ms (custom)
2019-09-20 14:16:40,003 [pool-261-thread-1] INFO  server.RaftServerConfigKeys (ConfUtils.java:logGet(43)) - raft.server.rpcslowness.timeout = 120s (custom)
2019-09-20 14:16:40,003 [pool-261-thread-1] INFO  server.RaftServerConfigKeys (ConfUtils.java:logGet(43)) - raft.server.sleep.deviation.threshold = 300 (default)
2019-09-20 14:16:40,003 [pool-261-thread-1] INFO  server.RaftServerConfigKeys (ConfUtils.java:logGet(43)) - raft.server.log.appender.install.snapshot.enabled = false (custom)
2019-09-20 14:16:40,003 [pool-261-thread-1] INFO  impl.RaftServerImpl (ServerState.java:<init>(105)) - 25438d07-0339-4bf6-8997-22533ce336d6:group-403592C46DC5 ConfigurationManager, init=-1: [25438d07-0339-4bf6-8997-22533ce336d6:192.168.36.99:35646], old=null, confs=<EMPTY_MAP>
2019-09-20 14:16:40,004 [pool-261-thread-1] INFO  server.RaftServerConfigKeys (ConfUtils.java:logGet(43)) - raft.server.storage.dir = [/workdir/hadoop-ozone/ozonefs/target/test-dir/MiniOzoneClusterImpl-7e8c7029-0518-46b6-9dc3-3175ad8e4a05/datanode-2/data/ratis] (custom)
2019-09-20 14:16:40,004 [pool-261-thread-1] INFO  storage.RaftStorageDirectory (RaftStorageDirectory.java:analyzeStorage(246)) - The storage directory /workdir/hadoop-ozone/ozonefs/target/test-dir/MiniOzoneClusterImpl-7e8c7029-0518-46b6-9dc3-3175ad8e4a05/datanode-2/data/ratis/f51feb66-7abc-4137-a1fb-403592c46dc5 does not exist. Creating ...
2019-09-20 14:16:40,045 [pool-261-thread-1] INFO  storage.RaftStorageDirectory (RaftStorageDirectory.java:tryLock(328)) - Lock on /workdir/hadoop-ozone/ozonefs/target/test-dir/MiniOzoneClusterImpl-7e8c7029-0518-46b6-9dc3-3175ad8e4a05/datanode-2/data/ratis/f51feb66-7abc-4137-a1fb-403592c46dc5/in_use.lock acquired by nodename 5474@pr-hdds-1569-p5fx8-1226042367
2019-09-20 14:16:40,062 [pool-261-thread-1] INFO  storage.RaftStorage (RaftStorage.java:format(72)) - Storage directory /workdir/hadoop-ozone/ozonefs/target/test-dir/MiniOzoneClusterImpl-7e8c7029-0518-46b6-9dc3-3175ad8e4a05/datanode-2/data/ratis/f51feb66-7abc-4137-a1fb-403592c46dc5 has been successfully formatted.
2019-09-20 14:16:40,062 [pool-261-thread-1] INFO  ratis.ContainerStateMachine (ContainerStateMachine.java:loadSnapshot(226)) - group-403592C46DC5: The snapshot info is null. Setting the last applied indexto:(t:0, i:~)
2019-09-20 14:16:40,063 [pool-261-thread-1] INFO  server.RaftServerConfigKeys (ConfUtils.java:logGet(43)) - raft.server.leader.election.timeout = 120s (custom)
2019-09-20 14:16:40,063 [pool-261-thread-1] INFO  server.RaftServerConfigKeys (ConfUtils.java:logGet(43)) - raft.server.log.use.memory = false (default)
2019-09-20 14:16:40,063 [pool-261-thread-1] INFO  server.RaftServerConfigKeys (ConfUtils.java:logGet(43)) - raft.server.log.purge.gap = 1000000 (custom)
2019-09-20 14:16:40,063 [pool-261-thread-1] INFO  server.RaftServerConfigKeys (ConfUtils.java:logGet(43)) - raft.server.log.appender.buffer.byte-limit = 33554432 (custom)
2019-09-20 14:16:40,063 [pool-261-thread-1] INFO  server.RaftServerConfigKeys (ConfUtils.java:logGet(43)) - raft.server.log.segment.size.max = 1048576 (custom)
2019-09-20 14:16:40,063 [pool-261-thread-1] INFO  server.RaftServerConfigKeys (ConfUtils.java:logGet(43)) - raft.server.log.segment.cache.num.max = 2 (custom)
2019-09-20 14:16:40,064 [pool-261-thread-1] INFO  segmented.SegmentedRaftLogWorker (SegmentedRaftLogWorker.java:<init>(172)) - new 25438d07-0339-4bf6-8997-22533ce336d6-SegmentedRaftLogWorker:Storage Directory /workdir/hadoop-ozone/ozonefs/target/test-dir/MiniOzoneClusterImpl-7e8c7029-0518-46b6-9dc3-3175ad8e4a05/datanode-2/data/ratis/f51feb66-7abc-4137-a1fb-403592c46dc5 for RaftStorage:Storage Directory /workdir/hadoop-ozone/ozonefs/target/test-dir/MiniOzoneClusterImpl-7e8c7029-0518-46b6-9dc3-3175ad8e4a05/datanode-2/data/ratis/f51feb66-7abc-4137-a1fb-403592c46dc5
2019-09-20 14:16:40,064 [pool-261-thread-1] INFO  server.RaftServerConfigKeys (ConfUtils.java:logGet(43)) - raft.server.log.queue.byte-limit = 2147483647 (custom)
2019-09-20 14:16:40,064 [pool-261-thread-1] INFO  server.RaftServerConfigKeys (ConfUtils.java:logGet(43)) - raft.server.log.queue.element-limit = 1024 (custom)
2019-09-20 14:16:40,064 [pool-261-thread-1] INFO  server.RaftServerConfigKeys (ConfUtils.java:logGet(43)) - raft.server.log.segment.size.max = 1048576 (custom)
2019-09-20 14:16:40,064 [pool-261-thread-1] INFO  server.RaftServerConfigKeys (ConfUtils.java:logGet(43)) - raft.server.log.preallocated.size = 16384 (custom)
2019-09-20 14:16:40,064 [pool-261-thread-1] INFO  server.RaftServerConfigKeys (ConfUtils.java:logGet(43)) - raft.server.log.write.buffer.size = 33554432 (custom)
2019-09-20 14:16:40,065 [pool-261-thread-1] INFO  server.RaftServerConfigKeys (ConfUtils.java:logGet(43)) - raft.server.log.force.sync.num = 128 (default)
2019-09-20 14:16:40,065 [pool-261-thread-1] INFO  server.RaftServerConfigKeys (ConfUtils.java:logGet(43)) - raft.server.log.statemachine.data.sync = true (default)
2019-09-20 14:16:40,065 [pool-261-thread-1] INFO  server.RaftServerConfigKeys (ConfUtils.java:logGet(43)) - raft.server.log.statemachine.data.sync.timeout = 10s (default)
2019-09-20 14:16:40,065 [pool-261-thread-1] INFO  server.RaftServerConfigKeys (ConfUtils.java:logGet(43)) - raft.server.log.statemachine.data.sync.timeout.retry = -1 (default)
2019-09-20 14:16:40,065 [pool-261-thread-1] INFO  server.RaftServerConfigKeys (ConfUtils.java:logGet(43)) - raft.server.log.statemachine.data.caching.enabled = true (custom)
2019-09-20 14:16:40,066 [pool-261-thread-1] INFO  segmented.SegmentedRaftLogWorker (SegmentedRaftLogWorker.java:lambda$new$0(132)) - 25438d07-0339-4bf6-8997-22533ce336d6-SegmentedRaftLogWorker:Storage Directory /workdir/hadoop-ozone/ozonefs/target/test-dir/MiniOzoneClusterImpl-7e8c7029-0518-46b6-9dc3-3175ad8e4a05/datanode-2/data/ratis/f51feb66-7abc-4137-a1fb-403592c46dc5: flushIndex: setUnconditionally 0 -> -1
2019-09-20 14:16:40,066 [pool-261-thread-1] INFO  server.RaftServerConfigKeys (ConfUtils.java:logGet(43)) - raft.server.snapshot.auto.trigger.enabled = true (custom)
2019-09-20 14:16:40,066 [pool-261-thread-1] INFO  server.RaftServerConfigKeys (ConfUtils.java:logGet(43)) - raft.server.snapshot.auto.trigger.threshold = 10000 (custom)
2019-09-20 14:16:40,066 [pool-261-thread-1] INFO  server.RaftServerConfigKeys (ConfUtils.java:logGet(43)) - raft.server.retrycache.expirytime = 600000ms (custom)
2019-09-20 14:16:40,066 [pool-261-thread-1] INFO  impl.RaftServerImpl (RaftServerImpl.java:start(180)) - 25438d07-0339-4bf6-8997-22533ce336d6: start group-403592C46DC5
2019-09-20 14:16:40,067 [pool-261-thread-1] INFO  impl.RaftServerImpl (RaftServerImpl.java:setRole(171)) - 25438d07-0339-4bf6-8997-22533ce336d6:group-403592C46DC5 changes role from null to FOLLOWER at term 0 for startAsFollower
2019-09-20 14:16:40,067 [pool-261-thread-1] INFO  impl.RoleInfo (RoleInfo.java:updateAndGet(143)) - 25438d07-0339-4bf6-8997-22533ce336d6: start FollowerState
2019-09-20 14:16:40,067 [pool-261-thread-1] INFO  util.JmxRegister (JmxRegister.java:tryRegister(44)) - Successfully registered JMX Bean with object name Ratis:service=RaftServer,group=group-403592C46DC5,id=25438d07-0339-4bf6-8997-22533ce336d6
2019-09-20 14:16:40,070 [RatisPipelineUtilsThread] INFO  pipeline.PipelineStateManager (PipelineStateManager.java:addPipeline(56)) - Created pipeline Pipeline[ Id: f51feb66-7abc-4137-a1fb-403592c46dc5, Nodes: 25438d07-0339-4bf6-8997-22533ce336d6{ip: 192.168.36.99, host: pr-hdds-1569-p5fx8-1226042367, networkLocation: /default-rack, certSerialId: null}, Type:RATIS, Factor:ONE, State:OPEN]
2019-09-20 14:16:40,070 [RatisPipelineUtilsThread] INFO  pipeline.PipelinePlacementPolicy (PipelinePlacementPolicy.java:meetCriteria(91)) - Pipeline Placement: Doesn't meet the criteria to be viable node： 13a328b2-3d84-4ca1-a243-9eae790dea4c Heaviness: 6 limit: 5
2019-09-20 14:16:40,071 [RatisPipelineUtilsThread] INFO  pipeline.PipelinePlacementPolicy (PipelinePlacementPolicy.java:meetCriteria(91)) - Pipeline Placement: Doesn't meet the criteria to be viable node： 3dd27507-a8cb-43da-a44e-e873f99ae85b Heaviness: 6 limit: 5
2019-09-20 14:16:40,076 [grpc-default-executor-0] INFO  impl.RaftServerProxy (RaftServerProxy.java:addNew(89)) - 25438d07-0339-4bf6-8997-22533ce336d6: addNew group-B5545ED76E83:[25438d07-0339-4bf6-8997-22533ce336d6:192.168.36.99:35646] returns group-B5545ED76E83:java.util.concurrent.CompletableFuture@71661953[Not completed]
2019-09-20 14:16:40,077 [pool-261-thread-1] INFO  impl.RaftServerImpl (RaftServerImpl.java:<init>(93)) - 25438d07-0339-4bf6-8997-22533ce336d6: new RaftServerImpl for group-B5545ED76E83:[25438d07-0339-4bf6-8997-22533ce336d6:192.168.36.99:35646] with ContainerStateMachine:uninitialized
2019-09-20 14:16:40,077 [pool-261-thread-1] INFO  server.RaftServerConfigKeys (ConfUtils.java:logGet(43)) - raft.server.rpc.timeout.min = 5s (custom)
2019-09-20 14:16:40,077 [pool-261-thread-1] INFO  server.RaftServerConfigKeys (ConfUtils.java:logGet(43)) - raft.server.rpc.timeout.max = 5200ms (custom)
2019-09-20 14:16:40,077 [pool-261-thread-1] INFO  server.RaftServerConfigKeys (ConfUtils.java:logGet(43)) - raft.server.rpcslowness.timeout = 120s (custom)
2019-09-20 14:16:40,077 [pool-261-thread-1] INFO  server.RaftServerConfigKeys (ConfUtils.java:logGet(43)) - raft.server.sleep.deviation.threshold = 300 (default)
2019-09-20 14:16:40,078 [pool-261-thread-1] INFO  server.RaftServerConfigKeys (ConfUtils.java:logGet(43)) - raft.server.log.appender.install.snapshot.enabled = false (custom)
2019-09-20 14:16:40,078 [pool-261-thread-1] INFO  impl.RaftServerImpl (ServerState.java:<init>(105)) - 25438d07-0339-4bf6-8997-22533ce336d6:group-B5545ED76E83 ConfigurationManager, init=-1: [25438d07-0339-4bf6-8997-22533ce336d6:192.168.36.99:35646], old=null, confs=<EMPTY_MAP>
2019-09-20 14:16:40,078 [pool-261-thread-1] INFO  server.RaftServerConfigKeys (ConfUtils.java:logGet(43)) - raft.server.storage.dir = [/workdir/hadoop-ozone/ozonefs/target/test-dir/MiniOzoneClusterImpl-7e8c7029-0518-46b6-9dc3-3175ad8e4a05/datanode-2/data/ratis] (custom)
2019-09-20 14:16:40,078 [pool-261-thread-1] INFO  storage.RaftStorageDirectory (RaftStorageDirectory.java:analyzeStorage(246)) - The storage directory /workdir/hadoop-ozone/ozonefs/target/test-dir/MiniOzoneClusterImpl-7e8c7029-0518-46b6-9dc3-3175ad8e4a05/datanode-2/data/ratis/dc9f1f18-02d1-498b-93da-b5545ed76e83 does not exist. Creating ...
2019-09-20 14:16:40,112 [pool-261-thread-1] INFO  storage.RaftStorageDirectory (RaftStorageDirectory.java:tryLock(328)) - Lock on /workdir/hadoop-ozone/ozonefs/target/test-dir/MiniOzoneClusterImpl-7e8c7029-0518-46b6-9dc3-3175ad8e4a05/datanode-2/data/ratis/dc9f1f18-02d1-498b-93da-b5545ed76e83/in_use.lock acquired by nodename 5474@pr-hdds-1569-p5fx8-1226042367
2019-09-20 14:16:40,130 [pool-261-thread-1] INFO  storage.RaftStorage (RaftStorage.java:format(72)) - Storage directory /workdir/hadoop-ozone/ozonefs/target/test-dir/MiniOzoneClusterImpl-7e8c7029-0518-46b6-9dc3-3175ad8e4a05/datanode-2/data/ratis/dc9f1f18-02d1-498b-93da-b5545ed76e83 has been successfully formatted.
2019-09-20 14:16:40,130 [pool-261-thread-1] INFO  ratis.ContainerStateMachine (ContainerStateMachine.java:loadSnapshot(226)) - group-B5545ED76E83: The snapshot info is null. Setting the last applied indexto:(t:0, i:~)
2019-09-20 14:16:40,130 [pool-261-thread-1] INFO  server.RaftServerConfigKeys (ConfUtils.java:logGet(43)) - raft.server.leader.election.timeout = 120s (custom)
2019-09-20 14:16:40,130 [pool-261-thread-1] INFO  server.RaftServerConfigKeys (ConfUtils.java:logGet(43)) - raft.server.log.use.memory = false (default)
2019-09-20 14:16:40,130 [pool-261-thread-1] INFO  server.RaftServerConfigKeys (ConfUtils.java:logGet(43)) - raft.server.log.purge.gap = 1000000 (custom)
2019-09-20 14:16:40,131 [pool-261-thread-1] INFO  server.RaftServerConfigKeys (ConfUtils.java:logGet(43)) - raft.server.log.appender.buffer.byte-limit = 33554432 (custom)
2019-09-20 14:16:40,131 [pool-261-thread-1] INFO  server.RaftServerConfigKeys (ConfUtils.java:logGet(43)) - raft.server.log.segment.size.max = 1048576 (custom)
2019-09-20 14:16:40,131 [pool-261-thread-1] INFO  server.RaftServerConfigKeys (ConfUtils.java:logGet(43)) - raft.server.log.segment.cache.num.max = 2 (custom)
2019-09-20 14:16:40,131 [pool-261-thread-1] INFO  segmented.SegmentedRaftLogWorker (SegmentedRaftLogWorker.java:<init>(172)) - new 25438d07-0339-4bf6-8997-22533ce336d6-SegmentedRaftLogWorker:Storage Directory /workdir/hadoop-ozone/ozonefs/target/test-dir/MiniOzoneClusterImpl-7e8c7029-0518-46b6-9dc3-3175ad8e4a05/datanode-2/data/ratis/dc9f1f18-02d1-498b-93da-b5545ed76e83 for RaftStorage:Storage Directory /workdir/hadoop-ozone/ozonefs/target/test-dir/MiniOzoneClusterImpl-7e8c7029-0518-46b6-9dc3-3175ad8e4a05/datanode-2/data/ratis/dc9f1f18-02d1-498b-93da-b5545ed76e83
2019-09-20 14:16:40,131 [pool-261-thread-1] INFO  server.RaftServerConfigKeys (ConfUtils.java:logGet(43)) - raft.server.log.queue.byte-limit = 2147483647 (custom)
2019-09-20 14:16:40,131 [pool-261-thread-1] INFO  server.RaftServerConfigKeys (ConfUtils.java:logGet(43)) - raft.server.log.queue.element-limit = 1024 (custom)
2019-09-20 14:16:40,131 [pool-261-thread-1] INFO  server.RaftServerConfigKeys (ConfUtils.java:logGet(43)) - raft.server.log.segment.size.max = 1048576 (custom)
2019-09-20 14:16:40,132 [pool-261-thread-1] INFO  server.RaftServerConfigKeys (ConfUtils.java:logGet(43)) - raft.server.log.preallocated.size = 16384 (custom)
2019-09-20 14:16:40,132 [pool-261-thread-1] INFO  server.RaftServerConfigKeys (ConfUtils.java:logGet(43)) - raft.server.log.write.buffer.size = 33554432 (custom)
2019-09-20 14:16:40,132 [pool-261-thread-1] INFO  server.RaftServerConfigKeys (ConfUtils.java:logGet(43)) - raft.server.log.force.sync.num = 128 (default)
2019-09-20 14:16:40,132 [pool-261-thread-1] INFO  server.RaftServerConfigKeys (ConfUtils.java:logGet(43)) - raft.server.log.statemachine.data.sync = true (default)
2019-09-20 14:16:40,132 [pool-261-thread-1] INFO  server.RaftServerConfigKeys (ConfUtils.java:logGet(43)) - raft.server.log.statemachine.data.sync.timeout = 10s (default)
2019-09-20 14:16:40,132 [pool-261-thread-1] INFO  server.RaftServerConfigKeys (ConfUtils.java:logGet(43)) - raft.server.log.statemachine.data.sync.timeout.retry = -1 (default)
2019-09-20 14:16:40,132 [pool-261-thread-1] INFO  server.RaftServerConfigKeys (ConfUtils.java:logGet(43)) - raft.server.log.statemachine.data.caching.enabled = true (custom)
2019-09-20 14:16:40,133 [pool-261-thread-1] INFO  segmented.SegmentedRaftLogWorker (SegmentedRaftLogWorker.java:lambda$new$0(132)) - 25438d07-0339-4bf6-8997-22533ce336d6-SegmentedRaftLogWorker:Storage Directory /workdir/hadoop-ozone/ozonefs/target/test-dir/MiniOzoneClusterImpl-7e8c7029-0518-46b6-9dc3-3175ad8e4a05/datanode-2/data/ratis/dc9f1f18-02d1-498b-93da-b5545ed76e83: flushIndex: setUnconditionally 0 -> -1
2019-09-20 14:16:40,133 [pool-261-thread-1] INFO  server.RaftServerConfigKeys (ConfUtils.java:logGet(43)) - raft.server.snapshot.auto.trigger.enabled = true (custom)
2019-09-20 14:16:40,133 [pool-261-thread-1] INFO  server.RaftServerConfigKeys (ConfUtils.java:logGet(43)) - raft.server.snapshot.auto.trigger.threshold = 10000 (custom)
2019-09-20 14:16:40,133 [pool-261-thread-1] INFO  server.RaftServerConfigKeys (ConfUtils.java:logGet(43)) - raft.server.retrycache.expirytime = 600000ms (custom)
2019-09-20 14:16:40,134 [pool-261-thread-1] INFO  impl.RaftServerImpl (RaftServerImpl.java:start(180)) - 25438d07-0339-4bf6-8997-22533ce336d6: start group-B5545ED76E83
2019-09-20 14:16:40,134 [pool-261-thread-1] INFO  impl.RaftServerImpl (RaftServerImpl.java:setRole(171)) - 25438d07-0339-4bf6-8997-22533ce336d6:group-B5545ED76E83 changes role from null to FOLLOWER at term 0 for startAsFollower
2019-09-20 14:16:40,134 [pool-261-thread-1] INFO  impl.RoleInfo (RoleInfo.java:updateAndGet(143)) - 25438d07-0339-4bf6-8997-22533ce336d6: start FollowerState
2019-09-20 14:16:40,134 [pool-261-thread-1] INFO  util.JmxRegister (JmxRegister.java:tryRegister(44)) - Successfully registered JMX Bean with object name Ratis:service=RaftServer,group=group-B5545ED76E83,id=25438d07-0339-4bf6-8997-22533ce336d6
2019-09-20 14:16:40,137 [RatisPipelineUtilsThread] INFO  pipeline.PipelineStateManager (PipelineStateManager.java:addPipeline(56)) - Created pipeline Pipeline[ Id: dc9f1f18-02d1-498b-93da-b5545ed76e83, Nodes: 25438d07-0339-4bf6-8997-22533ce336d6{ip: 192.168.36.99, host: pr-hdds-1569-p5fx8-1226042367, networkLocation: /default-rack, certSerialId: null}, Type:RATIS, Factor:ONE, State:OPEN]
2019-09-20 14:16:40,137 [RatisPipelineUtilsThread] INFO  pipeline.PipelinePlacementPolicy (PipelinePlacementPolicy.java:meetCriteria(91)) - Pipeline Placement: Doesn't meet the criteria to be viable node： 13a328b2-3d84-4ca1-a243-9eae790dea4c Heaviness: 6 limit: 5
2019-09-20 14:16:40,137 [RatisPipelineUtilsThread] INFO  pipeline.PipelinePlacementPolicy (PipelinePlacementPolicy.java:meetCriteria(91)) - Pipeline Placement: Doesn't meet the criteria to be viable node： 3dd27507-a8cb-43da-a44e-e873f99ae85b Heaviness: 6 limit: 5
2019-09-20 14:16:40,138 [RatisPipelineUtilsThread] INFO  pipeline.PipelinePlacementPolicy (PipelinePlacementPolicy.java:meetCriteria(91)) - Pipeline Placement: Doesn't meet the criteria to be viable node： 25438d07-0339-4bf6-8997-22533ce336d6 Heaviness: 6 limit: 5
2019-09-20 14:16:40,138 [RatisPipelineUtilsThread] ERROR pipeline.PipelinePlacementPolicy (PipelinePlacementPolicy.java:filterViableNodes(148)) - Unable to find enough nodes that meet the criteria that cannot engage in more than 5 pipelines. Nodes required: 1 Found: 0, healthy nodes count inNodeManager: 3.
2019-09-20 14:16:40,138 [RatisPipelineUtilsThread] ERROR pipeline.SCMPipelineManager (SCMPipelineManager.java:createPipeline(161)) - Pipeline creation failed due to exception: Unable to find enough nodes that meet the criteria that cannot engage in more than 5 pipelines. Nodes required: 1 Found: 0, healthy nodes count inNodeManager: 3.
2019-09-20 14:16:40,138 [RatisPipelineUtilsThread] INFO  pipeline.PipelinePlacementPolicy (PipelinePlacementPolicy.java:meetCriteria(91)) - Pipeline Placement: Doesn't meet the criteria to be viable node： 13a328b2-3d84-4ca1-a243-9eae790dea4c Heaviness: 6 limit: 5
2019-09-20 14:16:40,138 [RatisPipelineUtilsThread] INFO  pipeline.PipelinePlacementPolicy (PipelinePlacementPolicy.java:meetCriteria(91)) - Pipeline Placement: Doesn't meet the criteria to be viable node： 3dd27507-a8cb-43da-a44e-e873f99ae85b Heaviness: 6 limit: 5
2019-09-20 14:16:40,138 [RatisPipelineUtilsThread] INFO  pipeline.PipelinePlacementPolicy (PipelinePlacementPolicy.java:meetCriteria(91)) - Pipeline Placement: Doesn't meet the criteria to be viable node： 25438d07-0339-4bf6-8997-22533ce336d6 Heaviness: 6 limit: 5
2019-09-20 14:16:40,139 [RatisPipelineUtilsThread] ERROR pipeline.PipelinePlacementPolicy (PipelinePlacementPolicy.java:filterViableNodes(148)) - Unable to find enough nodes that meet the criteria that cannot engage in more than 5 pipelines. Nodes required: 3 Found: 0, healthy nodes count inNodeManager: 3.
2019-09-20 14:16:40,139 [RatisPipelineUtilsThread] ERROR pipeline.SCMPipelineManager (SCMPipelineManager.java:createPipeline(161)) - Pipeline creation failed due to exception: Unable to find enough nodes that meet the criteria that cannot engage in more than 5 pipelines. Nodes required: 3 Found: 0, healthy nodes count inNodeManager: 3.
2019-09-20 14:16:40,139 [RatisPipelineUtilsThread] INFO  pipeline.PipelinePlacementPolicy (PipelinePlacementPolicy.java:meetCriteria(91)) - Pipeline Placement: Doesn't meet the criteria to be viable node： 13a328b2-3d84-4ca1-a243-9eae790dea4c Heaviness: 6 limit: 5
2019-09-20 14:16:40,139 [RatisPipelineUtilsThread] INFO  pipeline.PipelinePlacementPolicy (PipelinePlacementPolicy.java:meetCriteria(91)) - Pipeline Placement: Doesn't meet the criteria to be viable node： 3dd27507-a8cb-43da-a44e-e873f99ae85b Heaviness: 6 limit: 5
2019-09-20 14:16:40,139 [RatisPipelineUtilsThread] INFO  pipeline.PipelinePlacementPolicy (PipelinePlacementPolicy.java:meetCriteria(91)) - Pipeline Placement: Doesn't meet the criteria to be viable node： 25438d07-0339-4bf6-8997-22533ce336d6 Heaviness: 6 limit: 5
2019-09-20 14:16:40,140 [RatisPipelineUtilsThread] ERROR pipeline.PipelinePlacementPolicy (PipelinePlacementPolicy.java:filterViableNodes(148)) - Unable to find enough nodes that meet the criteria that cannot engage in more than 5 pipelines. Nodes required: 1 Found: 0, healthy nodes count inNodeManager: 3.
2019-09-20 14:16:40,140 [RatisPipelineUtilsThread] ERROR pipeline.SCMPipelineManager (SCMPipelineManager.java:createPipeline(161)) - Pipeline creation failed due to exception: Unable to find enough nodes that meet the criteria that cannot engage in more than 5 pipelines. Nodes required: 1 Found: 0, healthy nodes count inNodeManager: 3.
2019-09-20 14:16:40,140 [RatisPipelineUtilsThread] INFO  pipeline.PipelinePlacementPolicy (PipelinePlacementPolicy.java:meetCriteria(91)) - Pipeline Placement: Doesn't meet the criteria to be viable node： 13a328b2-3d84-4ca1-a243-9eae790dea4c Heaviness: 6 limit: 5
2019-09-20 14:16:40,140 [RatisPipelineUtilsThread] INFO  pipeline.PipelinePlacementPolicy (PipelinePlacementPolicy.java:meetCriteria(91)) - Pipeline Placement: Doesn't meet the criteria to be viable node： 3dd27507-a8cb-43da-a44e-e873f99ae85b Heaviness: 6 limit: 5
2019-09-20 14:16:40,140 [RatisPipelineUtilsThread] INFO  pipeline.PipelinePlacementPolicy (PipelinePlacementPolicy.java:meetCriteria(91)) - Pipeline Placement: Doesn't meet the criteria to be viable node： 25438d07-0339-4bf6-8997-22533ce336d6 Heaviness: 6 limit: 5
2019-09-20 14:16:40,140 [RatisPipelineUtilsThread] ERROR pipeline.PipelinePlacementPolicy (PipelinePlacementPolicy.java:filterViableNodes(148)) - Unable to find enough nodes that meet the criteria that cannot engage in more than 5 pipelines. Nodes required: 3 Found: 0, healthy nodes count inNodeManager: 3.
2019-09-20 14:16:40,141 [RatisPipelineUtilsThread] ERROR pipeline.SCMPipelineManager (SCMPipelineManager.java:createPipeline(161)) - Pipeline creation failed due to exception: Unable to find enough nodes that meet the criteria that cannot engage in more than 5 pipelines. Nodes required: 3 Found: 0, healthy nodes count inNodeManager: 3.
2019-09-20 14:16:40,440 [Thread-1070] INFO  ozone.MiniOzoneClusterImpl (MiniOzoneClusterImpl.java:lambda$waitForClusterToBeReady$0(142)) - Cluster is ready. Got 3 of 3 DN Heartbeats.
2019-09-20 14:16:40,590 | INFO  | OMAudit | user=jenkins1000 | ip=127.0.0.1 | op=CREATE_VOLUME {admin=admin09551, owner=user80537, volume=volume02625, creationTime=1568989000589, quotaInBytes=1152921504606846976} | ret=SUCCESS |  
2019-09-20 14:16:40,596 | INFO  | OMAudit | user=jenkins1000 | ip=127.0.0.1 | op=CREATE_BUCKET {volume=volume02625, bucket=bucket31626, acls=[], isVersionEnabled=false, storageType=DISK, creationTime=0} | ret=SUCCESS |  
2019-09-20 14:16:40,623 | INFO  | OMAudit | user=jenkins1000 | ip=127.0.0.1 | op=READ_VOLUME {volume=volume02625} | ret=SUCCESS |  
2019-09-20 14:16:40,626 | INFO  | OMAudit | user=jenkins1000 | ip=127.0.0.1 | op=READ_BUCKET {volume=volume02625, bucket=bucket31626} | ret=SUCCESS |  
2019-09-20 14:16:40,648 [IPC Server handler 1 on 41812] INFO  pipeline.PipelinePlacementPolicy (PipelinePlacementPolicy.java:meetCriteria(91)) - Pipeline Placement: Doesn't meet the criteria to be viable node： 13a328b2-3d84-4ca1-a243-9eae790dea4c Heaviness: 6 limit: 5
2019-09-20 14:16:40,649 [IPC Server handler 1 on 41812] INFO  pipeline.PipelinePlacementPolicy (PipelinePlacementPolicy.java:meetCriteria(91)) - Pipeline Placement: Doesn't meet the criteria to be viable node： 3dd27507-a8cb-43da-a44e-e873f99ae85b Heaviness: 6 limit: 5
2019-09-20 14:16:40,649 [IPC Server handler 1 on 41812] INFO  pipeline.PipelinePlacementPolicy (PipelinePlacementPolicy.java:meetCriteria(91)) - Pipeline Placement: Doesn't meet the criteria to be viable node： 25438d07-0339-4bf6-8997-22533ce336d6 Heaviness: 6 limit: 5
2019-09-20 14:16:40,649 [IPC Server handler 1 on 41812] ERROR pipeline.PipelinePlacementPolicy (PipelinePlacementPolicy.java:filterViableNodes(148)) - Unable to find enough nodes that meet the criteria that cannot engage in more than 5 pipelines. Nodes required: 3 Found: 0, healthy nodes count inNodeManager: 3.
2019-09-20 14:16:40,650 [IPC Server handler 1 on 41812] ERROR pipeline.SCMPipelineManager (SCMPipelineManager.java:createPipeline(161)) - Pipeline creation failed due to exception: Unable to find enough nodes that meet the criteria that cannot engage in more than 5 pipelines. Nodes required: 3 Found: 0, healthy nodes count inNodeManager: 3.
2019-09-20 14:16:40,650 [IPC Server handler 1 on 41812] WARN  block.BlockManagerImpl (BlockManagerImpl.java:allocateBlock(192)) - Pipeline creation failed for type:RATIS factor:THREE. Retrying get pipelines call once.
org.apache.hadoop.hdds.scm.exceptions.SCMException: Unable to find enough nodes that meet the criteria that cannot engage in more than 5 pipelines. Nodes required: 3 Found: 0, healthy nodes count inNodeManager: 3.
	at org.apache.hadoop.hdds.scm.pipeline.PipelinePlacementPolicy.filterViableNodes(PipelinePlacementPolicy.java:149)
	at org.apache.hadoop.hdds.scm.pipeline.PipelinePlacementPolicy.chooseDatanodes(PipelinePlacementPolicy.java:172)
	at org.apache.hadoop.hdds.scm.pipeline.RatisPipelineProvider.create(RatisPipelineProvider.java:92)
	at org.apache.hadoop.hdds.scm.pipeline.PipelineFactory.create(PipelineFactory.java:57)
	at org.apache.hadoop.hdds.scm.pipeline.SCMPipelineManager.createPipeline(SCMPipelineManager.java:149)
	at org.apache.hadoop.hdds.scm.block.BlockManagerImpl.allocateBlock(BlockManagerImpl.java:190)
	at org.apache.hadoop.hdds.scm.server.SCMBlockProtocolServer.allocateBlock(SCMBlockProtocolServer.java:175)
	at org.apache.hadoop.ozone.protocolPB.ScmBlockLocationProtocolServerSideTranslatorPB.allocateScmBlock(ScmBlockLocationProtocolServerSideTranslatorPB.java:153)
	at org.apache.hadoop.ozone.protocolPB.ScmBlockLocationProtocolServerSideTranslatorPB.send(ScmBlockLocationProtocolServerSideTranslatorPB.java:112)
	at org.apache.hadoop.hdds.protocol.proto.ScmBlockLocationProtocolProtos$ScmBlockLocationProtocolService$2.callBlockingMethod(ScmBlockLocationProtocolProtos.java:13157)
	at org.apache.hadoop.ipc.ProtobufRpcEngine$Server$ProtoBufRpcInvoker.call(ProtobufRpcEngine.java:524)
	at org.apache.hadoop.ipc.RPC$Server.call(RPC.java:1025)
	at org.apache.hadoop.ipc.Server$RpcCall.run(Server.java:876)
	at org.apache.hadoop.ipc.Server$RpcCall.run(Server.java:822)
	at java.security.AccessController.doPrivileged(Native Method)
	at javax.security.auth.Subject.doAs(Subject.java:422)
	at org.apache.hadoop.security.UserGroupInformation.doAs(UserGroupInformation.java:1730)
	at org.apache.hadoop.ipc.Server$Handler.run(Server.java:2682)
2019-09-20 14:16:40,650 [IPC Server handler 1 on 41812] INFO  block.BlockManagerImpl (BlockManagerImpl.java:allocateBlock(198)) - Could not find available pipeline of type:RATIS and factor:THREE even after retrying
2019-09-20 14:16:40,651 [IPC Server handler 1 on 41812] ERROR block.BlockManagerImpl (BlockManagerImpl.java:allocateBlock(222)) - Unable to allocate a block for the size: 4194304, type: RATIS, factor: THREE
2019-09-20 14:16:40,651 | INFO  | SCMAudit | user=jenkins1000 | ip=192.168.36.99 | op=ALLOCATE_BLOCK {owner=6941ecaa-c1ff-4b20-93be-d03c0e388abc, size=4194304, type=RATIS, factor=THREE} | ret=SUCCESS |  
2019-09-20 14:16:40,653 | ERROR | OMAudit | user=jenkins1000 | ip=127.0.0.1 | op=CREATE_FILE {volume=volume02625, bucket=bucket31626, key=testCreateDoesNotAddParentDirKeys/parent/child, dataSize=0, replicationType=RATIS, replicationFactor=THREE, keyLocationInfo=null} | ret=FAILURE | org.apache.hadoop.hdds.scm.exceptions.SCMException: Allocated 0 blocks. Requested 1 blocks
	at org.apache.hadoop.hdds.scm.protocolPB.ScmBlockLocationProtocolClientSideTranslatorPB.handleError(ScmBlockLocationProtocolClientSideTranslatorPB.java:118)
	at org.apache.hadoop.hdds.scm.protocolPB.ScmBlockLocationProtocolClientSideTranslatorPB.allocateBlock(ScmBlockLocationProtocolClientSideTranslatorPB.java:156) 
2019-09-20 14:16:40,655 [Thread-1070] INFO  ozone.MiniOzoneClusterImpl (MiniOzoneClusterImpl.java:shutdown(321)) - Shutting down the Mini Ozone Cluster
2019-09-20 14:16:40,655 | INFO  | SCMAudit | user=null | ip=null | op=GET_SCM_INFO null | ret=SUCCESS |  
2019-09-20 14:16:40,655 [Thread-1070] INFO  ozone.MiniOzoneClusterImpl (MiniOzoneClusterImpl.java:stop(336)) - Stopping the Mini Ozone Cluster
2019-09-20 14:16:40,655 [Thread-1070] INFO  ozone.MiniOzoneClusterImpl (MiniOzoneClusterImpl.java:stop(338)) - Stopping the OzoneManager
2019-09-20 14:16:40,655 [Thread-1070] INFO  ipc.Server (Server.java:stop(3082)) - Stopping server on 33263
2019-09-20 14:16:40,662 [IPC Server listener on 33263] INFO  ipc.Server (Server.java:run(1185)) - Stopping IPC Server listener on 33263
2019-09-20 14:16:40,663 [Thread-1070] INFO  ratis.OzoneManagerDoubleBuffer (OzoneManagerDoubleBuffer.java:stop(248)) - Stopping OMDoubleBuffer flush thread
2019-09-20 14:16:40,663 [IPC Server Responder] INFO  ipc.Server (Server.java:run(1319)) - Stopping IPC Server Responder
2019-09-20 14:16:40,669 [OMDoubleBufferFlushThread] INFO  ratis.OzoneManagerDoubleBuffer (OzoneManagerDoubleBuffer.java:flushTransactions(191)) - OMDoubleBuffer flush thread OMDoubleBufferFlushThread is interrupted and will exit. OMDoubleBufferFlushThread
2019-09-20 14:16:40,670 [Thread-1070] INFO  utils.BackgroundService (BackgroundService.java:shutdown(148)) - Shutting down service KeyDeletingService
2019-09-20 14:16:40,672 [Thread-1070] INFO  handler.ContextHandler (ContextHandler.java:doStop(910)) - Stopped o.e.j.w.WebAppContext@744b4c7e{/,null,UNAVAILABLE}{/ozoneManager}
2019-09-20 14:16:40,672 [Thread-1070] INFO  server.AbstractConnector (AbstractConnector.java:doStop(318)) - Stopped ServerConnector@1b6a25a9{HTTP/1.1,[http/1.1]}{0.0.0.0:0}
2019-09-20 14:16:40,673 [Thread-1070] INFO  handler.ContextHandler (ContextHandler.java:doStop(910)) - Stopped o.e.j.s.ServletContextHandler@1af04994{/static,jar:file:/home/user/.m2/repository/org/apache/hadoop/hadoop-ozone-ozone-manager/0.5.0-SNAPSHOT/hadoop-ozone-ozone-manager-0.5.0-SNAPSHOT.jar!/webapps/static,UNAVAILABLE}
2019-09-20 14:16:40,673 [Thread-1070] INFO  handler.ContextHandler (ContextHandler.java:doStop(910)) - Stopped o.e.j.s.ServletContextHandler@575be112{/logs,file:///workdir/hadoop-ozone/ozonefs/target/log,UNAVAILABLE}
2019-09-20 14:16:40,676 [Thread-1070] INFO  ozone.MiniOzoneClusterImpl (MiniOzoneClusterImpl.java:stop(344)) - Shutting the HddsDatanodes
2019-09-20 14:16:40,676 [Thread-1070] INFO  datanode.ObjectStoreHandler (ObjectStoreHandler.java:close(155)) - Closing ObjectStoreHandler.
2019-09-20 14:16:40,676 [ForkJoinPool.commonPool-worker-0] INFO  datanode.ObjectStoreHandler (ObjectStoreHandler.java:close(155)) - Closing ObjectStoreHandler.
2019-09-20 14:16:40,677 [Thread-1070] INFO  ozone.HddsDatanodeService (HddsDatanodeService.java:stop(451)) - Stopped plug-in org.apache.hadoop.ozone.web.OzoneHddsDatanodeService@7bbdc7ae
2019-09-20 14:16:40,677 [ForkJoinPool.commonPool-worker-0] INFO  ozone.HddsDatanodeService (HddsDatanodeService.java:stop(451)) - Stopped plug-in org.apache.hadoop.ozone.web.OzoneHddsDatanodeService@70be8709
2019-09-20 14:16:40,961 [Datanode State Machine Thread - 0] INFO  statemachine.DatanodeStateMachine (DatanodeStateMachine.java:lambda$startDaemon$0(350)) - Ozone container server started.
2019-09-20 14:16:41,190 [Datanode State Machine Thread - 0] INFO  statemachine.DatanodeStateMachine (DatanodeStateMachine.java:lambda$startDaemon$0(350)) - Ozone container server started.
2019-09-20 14:16:41,441 | INFO  | SCMAudit | user=jenkins1000 | ip=192.168.36.99 | op=SEND_HEARTBEAT {datanodeUUID=25438d07-0339-4bf6-8997-22533ce336d6, command=[]} | ret=SUCCESS |  
2019-09-20 14:16:41,971 [Thread-1242] INFO  container.ReplicationManager (ReplicationManager.java:start(151)) - Starting Replication Monitor Thread.
2019-09-20 14:16:41,974 [ReplicationMonitor] INFO  container.ReplicationManager (ReplicationManager.java:run(214)) - Replication Monitor Thread took 0 milliseconds for processing 0 containers.
2019-09-20 14:16:42,441 | INFO  | SCMAudit | user=jenkins1000 | ip=192.168.36.99 | op=SEND_HEARTBEAT {datanodeUUID=25438d07-0339-4bf6-8997-22533ce336d6, command=[]} | ret=SUCCESS |  
2019-09-20 14:16:43,440 | INFO  | SCMAudit | user=jenkins1000 | ip=192.168.36.99 | op=SEND_HEARTBEAT {datanodeUUID=25438d07-0339-4bf6-8997-22533ce336d6, command=[]} | ret=SUCCESS |  
2019-09-20 14:16:44,194 [Thread-1250] INFO  impl.FollowerState (FollowerState.java:run(106)) - 13a328b2-3d84-4ca1-a243-9eae790dea4c:group-A04701A4A7A4 changes to CANDIDATE, lastRpcTime:5039, electionTimeout:5039ms
2019-09-20 14:16:44,195 [Thread-1250] INFO  impl.RoleInfo (RoleInfo.java:shutdownFollowerState(121)) - 13a328b2-3d84-4ca1-a243-9eae790dea4c: shutdown FollowerState
2019-09-20 14:16:44,195 [Thread-1250] INFO  impl.RaftServerImpl (RaftServerImpl.java:setRole(171)) - 13a328b2-3d84-4ca1-a243-9eae790dea4c:group-A04701A4A7A4 changes role from FOLLOWER to CANDIDATE at term 0 for changeToCandidate
2019-09-20 14:16:44,195 [Thread-1250] INFO  impl.RoleInfo (RoleInfo.java:updateAndGet(143)) - 13a328b2-3d84-4ca1-a243-9eae790dea4c: start LeaderElection
2019-09-20 14:16:44,214 [13a328b2-3d84-4ca1-a243-9eae790dea4c:group-A04701A4A7A4:LeaderElection72] INFO  impl.LeaderElection (LeaderElection.java:askForVotes(181)) - 13a328b2-3d84-4ca1-a243-9eae790dea4c:group-A04701A4A7A4:LeaderElection72: begin an election at term 1 for -1: [13a328b2-3d84-4ca1-a243-9eae790dea4c:192.168.36.99:41227], old=null
2019-09-20 14:16:44,215 [13a328b2-3d84-4ca1-a243-9eae790dea4c:group-A04701A4A7A4:LeaderElection72] INFO  impl.RoleInfo (RoleInfo.java:shutdownLeaderElection(134)) - 13a328b2-3d84-4ca1-a243-9eae790dea4c: shutdown LeaderElection
2019-09-20 14:16:44,215 [13a328b2-3d84-4ca1-a243-9eae790dea4c:group-A04701A4A7A4:LeaderElection72] INFO  impl.RaftServerImpl (RaftServerImpl.java:setRole(171)) - 13a328b2-3d84-4ca1-a243-9eae790dea4c:group-A04701A4A7A4 changes role from CANDIDATE to LEADER at term 1 for changeToLeader
2019-09-20 14:16:44,215 [13a328b2-3d84-4ca1-a243-9eae790dea4c:group-A04701A4A7A4:LeaderElection72] INFO  impl.RaftServerImpl (ServerState.java:setLeader(263)) - 13a328b2-3d84-4ca1-a243-9eae790dea4c:group-A04701A4A7A4 change Leader from null to 13a328b2-3d84-4ca1-a243-9eae790dea4c at term 1 for becomeLeader, leader elected after 5064ms
2019-09-20 14:16:44,215 [13a328b2-3d84-4ca1-a243-9eae790dea4c:group-A04701A4A7A4:LeaderElection72] INFO  server.RaftServerConfigKeys (ConfUtils.java:logGet(43)) - raft.server.staging.catchup.gap = 1000 (default)
2019-09-20 14:16:44,216 [13a328b2-3d84-4ca1-a243-9eae790dea4c:group-A04701A4A7A4:LeaderElection72] INFO  server.RaftServerConfigKeys (ConfUtils.java:logGet(43)) - raft.server.rpc.sleep.time = 25ms (default)
2019-09-20 14:16:44,216 [Thread-1253] INFO  impl.FollowerState (FollowerState.java:run(106)) - 13a328b2-3d84-4ca1-a243-9eae790dea4c:group-010F0DF81EE6 changes to CANDIDATE, lastRpcTime:5000, electionTimeout:5000ms
2019-09-20 14:16:44,216 [13a328b2-3d84-4ca1-a243-9eae790dea4c:group-A04701A4A7A4:LeaderElection72] INFO  server.RaftServerConfigKeys (ConfUtils.java:logGet(43)) - raft.server.write.element-limit = 4096 (default)
2019-09-20 14:16:44,216 [Thread-1253] INFO  impl.RoleInfo (RoleInfo.java:shutdownFollowerState(121)) - 13a328b2-3d84-4ca1-a243-9eae790dea4c: shutdown FollowerState
2019-09-20 14:16:44,216 [13a328b2-3d84-4ca1-a243-9eae790dea4c:group-A04701A4A7A4:LeaderElection72] INFO  server.RaftServerConfigKeys (ConfUtils.java:logGet(43)) - raft.server.watch.timeout = 10s (default)
2019-09-20 14:16:44,216 [Thread-1253] INFO  impl.RaftServerImpl (RaftServerImpl.java:setRole(171)) - 13a328b2-3d84-4ca1-a243-9eae790dea4c:group-010F0DF81EE6 changes role from FOLLOWER to CANDIDATE at term 0 for changeToCandidate
2019-09-20 14:16:44,216 [13a328b2-3d84-4ca1-a243-9eae790dea4c:group-A04701A4A7A4:LeaderElection72] INFO  server.RaftServerConfigKeys (ConfUtils.java:logGet(43)) - raft.server.watch.timeout.denomination = 1s (default)
2019-09-20 14:16:44,216 [Thread-1253] INFO  impl.RoleInfo (RoleInfo.java:updateAndGet(143)) - 13a328b2-3d84-4ca1-a243-9eae790dea4c: start LeaderElection
2019-09-20 14:16:44,217 [13a328b2-3d84-4ca1-a243-9eae790dea4c:group-A04701A4A7A4:LeaderElection72] INFO  server.RaftServerConfigKeys (ConfUtils.java:logGet(43)) - raft.server.watch.element-limit = 65536 (default)
2019-09-20 14:16:44,223 [13a328b2-3d84-4ca1-a243-9eae790dea4c:group-A04701A4A7A4:LeaderElection72] INFO  impl.RoleInfo (RoleInfo.java:updateAndGet(143)) - 13a328b2-3d84-4ca1-a243-9eae790dea4c: start LeaderState
2019-09-20 14:16:44,223 [13a328b2-3d84-4ca1-a243-9eae790dea4c:group-A04701A4A7A4:LeaderElection72] INFO  segmented.SegmentedRaftLogWorker (SegmentedRaftLogWorker.java:startLogSegment(380)) - 13a328b2-3d84-4ca1-a243-9eae790dea4c-SegmentedRaftLogWorker:Storage Directory /workdir/hadoop-ozone/ozonefs/target/test-dir/MiniOzoneClusterImpl-7e8c7029-0518-46b6-9dc3-3175ad8e4a05/datanode-0/data/ratis/c62f8210-c4ba-4d80-9b56-a04701a4a7a4: Starting segment from index:0
2019-09-20 14:16:44,224 [13a328b2-3d84-4ca1-a243-9eae790dea4c:group-A04701A4A7A4:LeaderElection72] INFO  impl.RaftServerImpl (ServerState.java:setRaftConf(361)) - 13a328b2-3d84-4ca1-a243-9eae790dea4c:group-A04701A4A7A4 set configuration 0: [13a328b2-3d84-4ca1-a243-9eae790dea4c:192.168.36.99:41227], old=null at 0
2019-09-20 14:16:44,226 [Thread-1244] INFO  impl.FollowerState (FollowerState.java:run(106)) - 13a328b2-3d84-4ca1-a243-9eae790dea4c:group-74C363CA8F7D changes to CANDIDATE, lastRpcTime:5193, electionTimeout:5193ms
2019-09-20 14:16:44,226 [Thread-1244] INFO  impl.RoleInfo (RoleInfo.java:shutdownFollowerState(121)) - 13a328b2-3d84-4ca1-a243-9eae790dea4c: shutdown FollowerState
2019-09-20 14:16:44,226 [Thread-1244] INFO  impl.RaftServerImpl (RaftServerImpl.java:setRole(171)) - 13a328b2-3d84-4ca1-a243-9eae790dea4c:group-74C363CA8F7D changes role from FOLLOWER to CANDIDATE at term 0 for changeToCandidate
2019-09-20 14:16:44,226 [Thread-1244] INFO  impl.RoleInfo (RoleInfo.java:updateAndGet(143)) - 13a328b2-3d84-4ca1-a243-9eae790dea4c: start LeaderElection
2019-09-20 14:16:44,242 [13a328b2-3d84-4ca1-a243-9eae790dea4c:group-010F0DF81EE6:LeaderElection73] INFO  impl.LeaderElection (LeaderElection.java:askForVotes(181)) - 13a328b2-3d84-4ca1-a243-9eae790dea4c:group-010F0DF81EE6:LeaderElection73: begin an election at term 1 for -1: [13a328b2-3d84-4ca1-a243-9eae790dea4c:192.168.36.99:41227], old=null
2019-09-20 14:16:44,242 [13a328b2-3d84-4ca1-a243-9eae790dea4c:group-74C363CA8F7D:LeaderElection74] INFO  impl.LeaderElection (LeaderElection.java:askForVotes(181)) - 13a328b2-3d84-4ca1-a243-9eae790dea4c:group-74C363CA8F7D:LeaderElection74: begin an election at term 1 for -1: [13a328b2-3d84-4ca1-a243-9eae790dea4c:192.168.36.99:41227], old=null
2019-09-20 14:16:44,242 [13a328b2-3d84-4ca1-a243-9eae790dea4c:group-010F0DF81EE6:LeaderElection73] INFO  impl.RoleInfo (RoleInfo.java:shutdownLeaderElection(134)) - 13a328b2-3d84-4ca1-a243-9eae790dea4c: shutdown LeaderElection
2019-09-20 14:16:44,242 [13a328b2-3d84-4ca1-a243-9eae790dea4c:group-74C363CA8F7D:LeaderElection74] INFO  impl.RoleInfo (RoleInfo.java:shutdownLeaderElection(134)) - 13a328b2-3d84-4ca1-a243-9eae790dea4c: shutdown LeaderElection
2019-09-20 14:16:44,242 [13a328b2-3d84-4ca1-a243-9eae790dea4c:group-010F0DF81EE6:LeaderElection73] INFO  impl.RaftServerImpl (RaftServerImpl.java:setRole(171)) - 13a328b2-3d84-4ca1-a243-9eae790dea4c:group-010F0DF81EE6 changes role from CANDIDATE to LEADER at term 1 for changeToLeader
2019-09-20 14:16:44,242 [13a328b2-3d84-4ca1-a243-9eae790dea4c:group-74C363CA8F7D:LeaderElection74] INFO  impl.RaftServerImpl (RaftServerImpl.java:setRole(171)) - 13a328b2-3d84-4ca1-a243-9eae790dea4c:group-74C363CA8F7D changes role from CANDIDATE to LEADER at term 1 for changeToLeader
2019-09-20 14:16:44,242 [13a328b2-3d84-4ca1-a243-9eae790dea4c:group-010F0DF81EE6:LeaderElection73] INFO  impl.RaftServerImpl (ServerState.java:setLeader(263)) - 13a328b2-3d84-4ca1-a243-9eae790dea4c:group-010F0DF81EE6 change Leader from null to 13a328b2-3d84-4ca1-a243-9eae790dea4c at term 1 for becomeLeader, leader elected after 5032ms
2019-09-20 14:16:44,243 [13a328b2-3d84-4ca1-a243-9eae790dea4c:group-74C363CA8F7D:LeaderElection74] INFO  impl.RaftServerImpl (ServerState.java:setLeader(263)) - 13a328b2-3d84-4ca1-a243-9eae790dea4c:group-74C363CA8F7D change Leader from null to 13a328b2-3d84-4ca1-a243-9eae790dea4c at term 1 for becomeLeader, leader elected after 5216ms
2019-09-20 14:16:44,243 [13a328b2-3d84-4ca1-a243-9eae790dea4c:group-010F0DF81EE6:LeaderElection73] INFO  server.RaftServerConfigKeys (ConfUtils.java:logGet(43)) - raft.server.staging.catchup.gap = 1000 (default)
2019-09-20 14:16:44,243 [13a328b2-3d84-4ca1-a243-9eae790dea4c:group-74C363CA8F7D:LeaderElection74] INFO  server.RaftServerConfigKeys (ConfUtils.java:logGet(43)) - raft.server.staging.catchup.gap = 1000 (default)
2019-09-20 14:16:44,243 [13a328b2-3d84-4ca1-a243-9eae790dea4c:group-010F0DF81EE6:LeaderElection73] INFO  server.RaftServerConfigKeys (ConfUtils.java:logGet(43)) - raft.server.rpc.sleep.time = 25ms (default)
2019-09-20 14:16:44,243 [13a328b2-3d84-4ca1-a243-9eae790dea4c:group-74C363CA8F7D:LeaderElection74] INFO  server.RaftServerConfigKeys (ConfUtils.java:logGet(43)) - raft.server.rpc.sleep.time = 25ms (default)
2019-09-20 14:16:44,243 [13a328b2-3d84-4ca1-a243-9eae790dea4c:group-010F0DF81EE6:LeaderElection73] INFO  server.RaftServerConfigKeys (ConfUtils.java:logGet(43)) - raft.server.write.element-limit = 4096 (default)
2019-09-20 14:16:44,244 [13a328b2-3d84-4ca1-a243-9eae790dea4c:group-74C363CA8F7D:LeaderElection74] INFO  server.RaftServerConfigKeys (ConfUtils.java:logGet(43)) - raft.server.write.element-limit = 4096 (default)
2019-09-20 14:16:44,244 [13a328b2-3d84-4ca1-a243-9eae790dea4c:group-010F0DF81EE6:LeaderElection73] INFO  server.RaftServerConfigKeys (ConfUtils.java:logGet(43)) - raft.server.watch.timeout = 10s (default)
2019-09-20 14:16:44,244 [13a328b2-3d84-4ca1-a243-9eae790dea4c:group-74C363CA8F7D:LeaderElection74] INFO  server.RaftServerConfigKeys (ConfUtils.java:logGet(43)) - raft.server.watch.timeout = 10s (default)
2019-09-20 14:16:44,244 [13a328b2-3d84-4ca1-a243-9eae790dea4c:group-010F0DF81EE6:LeaderElection73] INFO  server.RaftServerConfigKeys (ConfUtils.java:logGet(43)) - raft.server.watch.timeout.denomination = 1s (default)
2019-09-20 14:16:44,244 [13a328b2-3d84-4ca1-a243-9eae790dea4c:group-74C363CA8F7D:LeaderElection74] INFO  server.RaftServerConfigKeys (ConfUtils.java:logGet(43)) - raft.server.watch.timeout.denomination = 1s (default)
2019-09-20 14:16:44,244 [13a328b2-3d84-4ca1-a243-9eae790dea4c:group-010F0DF81EE6:LeaderElection73] INFO  server.RaftServerConfigKeys (ConfUtils.java:logGet(43)) - raft.server.watch.element-limit = 65536 (default)
2019-09-20 14:16:44,244 [13a328b2-3d84-4ca1-a243-9eae790dea4c:group-74C363CA8F7D:LeaderElection74] INFO  server.RaftServerConfigKeys (ConfUtils.java:logGet(43)) - raft.server.watch.element-limit = 65536 (default)
2019-09-20 14:16:44,245 [13a328b2-3d84-4ca1-a243-9eae790dea4c:group-010F0DF81EE6:LeaderElection73] INFO  impl.RoleInfo (RoleInfo.java:updateAndGet(143)) - 13a328b2-3d84-4ca1-a243-9eae790dea4c: start LeaderState
2019-09-20 14:16:44,245 [13a328b2-3d84-4ca1-a243-9eae790dea4c:group-74C363CA8F7D:LeaderElection74] INFO  impl.RoleInfo (RoleInfo.java:updateAndGet(143)) - 13a328b2-3d84-4ca1-a243-9eae790dea4c: start LeaderState
2019-09-20 14:16:44,245 [13a328b2-3d84-4ca1-a243-9eae790dea4c:group-010F0DF81EE6:LeaderElection73] INFO  segmented.SegmentedRaftLogWorker (SegmentedRaftLogWorker.java:startLogSegment(380)) - 13a328b2-3d84-4ca1-a243-9eae790dea4c-SegmentedRaftLogWorker:Storage Directory /workdir/hadoop-ozone/ozonefs/target/test-dir/MiniOzoneClusterImpl-7e8c7029-0518-46b6-9dc3-3175ad8e4a05/datanode-0/data/ratis/cff79dc3-190f-4534-aeea-010f0df81ee6: Starting segment from index:0
2019-09-20 14:16:44,245 [13a328b2-3d84-4ca1-a243-9eae790dea4c:group-74C363CA8F7D:LeaderElection74] INFO  segmented.SegmentedRaftLogWorker (SegmentedRaftLogWorker.java:startLogSegment(380)) - 13a328b2-3d84-4ca1-a243-9eae790dea4c-SegmentedRaftLogWorker:Storage Directory /workdir/hadoop-ozone/ozonefs/target/test-dir/MiniOzoneClusterImpl-7e8c7029-0518-46b6-9dc3-3175ad8e4a05/datanode-0/data/ratis/00f4358a-4380-4ba5-a50b-74c363ca8f7d: Starting segment from index:0
2019-09-20 14:16:44,246 [13a328b2-3d84-4ca1-a243-9eae790dea4c:group-010F0DF81EE6:LeaderElection73] INFO  impl.RaftServerImpl (ServerState.java:setRaftConf(361)) - 13a328b2-3d84-4ca1-a243-9eae790dea4c:group-010F0DF81EE6 set configuration 0: [13a328b2-3d84-4ca1-a243-9eae790dea4c:192.168.36.99:41227], old=null at 0
2019-09-20 14:16:44,246 [13a328b2-3d84-4ca1-a243-9eae790dea4c:group-74C363CA8F7D:LeaderElection74] INFO  impl.RaftServerImpl (ServerState.java:setRaftConf(361)) - 13a328b2-3d84-4ca1-a243-9eae790dea4c:group-74C363CA8F7D set configuration 0: [13a328b2-3d84-4ca1-a243-9eae790dea4c:192.168.36.99:41227], old=null at 0
2019-09-20 14:16:44,249 [Thread-1247] INFO  impl.FollowerState (FollowerState.java:run(106)) - 13a328b2-3d84-4ca1-a243-9eae790dea4c:group-2E50DD560C55 changes to CANDIDATE, lastRpcTime:5160, electionTimeout:5160ms
2019-09-20 14:16:44,249 [Thread-1247] INFO  impl.RoleInfo (RoleInfo.java:shutdownFollowerState(121)) - 13a328b2-3d84-4ca1-a243-9eae790dea4c: shutdown FollowerState
2019-09-20 14:16:44,249 [Thread-1247] INFO  impl.RaftServerImpl (RaftServerImpl.java:setRole(171)) - 13a328b2-3d84-4ca1-a243-9eae790dea4c:group-2E50DD560C55 changes role from FOLLOWER to CANDIDATE at term 0 for changeToCandidate
2019-09-20 14:16:44,249 [Thread-1247] INFO  impl.RoleInfo (RoleInfo.java:updateAndGet(143)) - 13a328b2-3d84-4ca1-a243-9eae790dea4c: start LeaderElection
2019-09-20 14:16:44,269 [13a328b2-3d84-4ca1-a243-9eae790dea4c:group-2E50DD560C55:LeaderElection75] INFO  impl.LeaderElection (LeaderElection.java:askForVotes(181)) - 13a328b2-3d84-4ca1-a243-9eae790dea4c:group-2E50DD560C55:LeaderElection75: begin an election at term 1 for -1: [13a328b2-3d84-4ca1-a243-9eae790dea4c:192.168.36.99:41227], old=null
2019-09-20 14:16:44,269 [13a328b2-3d84-4ca1-a243-9eae790dea4c:group-2E50DD560C55:LeaderElection75] INFO  impl.RoleInfo (RoleInfo.java:shutdownLeaderElection(134)) - 13a328b2-3d84-4ca1-a243-9eae790dea4c: shutdown LeaderElection
2019-09-20 14:16:44,269 [13a328b2-3d84-4ca1-a243-9eae790dea4c:group-2E50DD560C55:LeaderElection75] INFO  impl.RaftServerImpl (RaftServerImpl.java:setRole(171)) - 13a328b2-3d84-4ca1-a243-9eae790dea4c:group-2E50DD560C55 changes role from CANDIDATE to LEADER at term 1 for changeToLeader
2019-09-20 14:16:44,269 [13a328b2-3d84-4ca1-a243-9eae790dea4c:group-2E50DD560C55:LeaderElection75] INFO  impl.RaftServerImpl (ServerState.java:setLeader(263)) - 13a328b2-3d84-4ca1-a243-9eae790dea4c:group-2E50DD560C55 change Leader from null to 13a328b2-3d84-4ca1-a243-9eae790dea4c at term 1 for becomeLeader, leader elected after 5184ms
2019-09-20 14:16:44,269 [13a328b2-3d84-4ca1-a243-9eae790dea4c:group-2E50DD560C55:LeaderElection75] INFO  server.RaftServerConfigKeys (ConfUtils.java:logGet(43)) - raft.server.staging.catchup.gap = 1000 (default)
2019-09-20 14:16:44,270 [13a328b2-3d84-4ca1-a243-9eae790dea4c:group-2E50DD560C55:LeaderElection75] INFO  server.RaftServerConfigKeys (ConfUtils.java:logGet(43)) - raft.server.rpc.sleep.time = 25ms (default)
2019-09-20 14:16:44,270 [13a328b2-3d84-4ca1-a243-9eae790dea4c:group-2E50DD560C55:LeaderElection75] INFO  server.RaftServerConfigKeys (ConfUtils.java:logGet(43)) - raft.server.write.element-limit = 4096 (default)
2019-09-20 14:16:44,270 [13a328b2-3d84-4ca1-a243-9eae790dea4c:group-2E50DD560C55:LeaderElection75] INFO  server.RaftServerConfigKeys (ConfUtils.java:logGet(43)) - raft.server.watch.timeout = 10s (default)
2019-09-20 14:16:44,270 [13a328b2-3d84-4ca1-a243-9eae790dea4c:group-2E50DD560C55:LeaderElection75] INFO  server.RaftServerConfigKeys (ConfUtils.java:logGet(43)) - raft.server.watch.timeout.denomination = 1s (default)
2019-09-20 14:16:44,270 [13a328b2-3d84-4ca1-a243-9eae790dea4c:group-2E50DD560C55:LeaderElection75] INFO  server.RaftServerConfigKeys (ConfUtils.java:logGet(43)) - raft.server.watch.element-limit = 65536 (default)
2019-09-20 14:16:44,270 [13a328b2-3d84-4ca1-a243-9eae790dea4c:group-2E50DD560C55:LeaderElection75] INFO  impl.RoleInfo (RoleInfo.java:updateAndGet(143)) - 13a328b2-3d84-4ca1-a243-9eae790dea4c: start LeaderState
2019-09-20 14:16:44,271 [13a328b2-3d84-4ca1-a243-9eae790dea4c:group-2E50DD560C55:LeaderElection75] INFO  segmented.SegmentedRaftLogWorker (SegmentedRaftLogWorker.java:startLogSegment(380)) - 13a328b2-3d84-4ca1-a243-9eae790dea4c-SegmentedRaftLogWorker:Storage Directory /workdir/hadoop-ozone/ozonefs/target/test-dir/MiniOzoneClusterImpl-7e8c7029-0518-46b6-9dc3-3175ad8e4a05/datanode-0/data/ratis/c50ce9f3-9901-4561-bdfd-2e50dd560c55: Starting segment from index:0
2019-09-20 14:16:44,271 [13a328b2-3d84-4ca1-a243-9eae790dea4c:group-2E50DD560C55:LeaderElection75] INFO  impl.RaftServerImpl (ServerState.java:setRaftConf(361)) - 13a328b2-3d84-4ca1-a243-9eae790dea4c:group-2E50DD560C55 set configuration 0: [13a328b2-3d84-4ca1-a243-9eae790dea4c:192.168.36.99:41227], old=null at 0
2019-09-20 14:16:44,289 [13a328b2-3d84-4ca1-a243-9eae790dea4c-SegmentedRaftLogWorker:Storage Directory /workdir/hadoop-ozone/ozonefs/target/test-dir/MiniOzoneClusterImpl-7e8c7029-0518-46b6-9dc3-3175ad8e4a05/datanode-0/data/ratis/c62f8210-c4ba-4d80-9b56-a04701a4a7a4] INFO  segmented.SegmentedRaftLogWorker (SegmentedRaftLogWorker.java:execute(569)) - 13a328b2-3d84-4ca1-a243-9eae790dea4c-SegmentedRaftLogWorker:Storage Directory /workdir/hadoop-ozone/ozonefs/target/test-dir/MiniOzoneClusterImpl-7e8c7029-0518-46b6-9dc3-3175ad8e4a05/datanode-0/data/ratis/c62f8210-c4ba-4d80-9b56-a04701a4a7a4: created new log segment /workdir/hadoop-ozone/ozonefs/target/test-dir/MiniOzoneClusterImpl-7e8c7029-0518-46b6-9dc3-3175ad8e4a05/datanode-0/data/ratis/c62f8210-c4ba-4d80-9b56-a04701a4a7a4/current/log_inprogress_0
2019-09-20 14:16:44,310 [13a328b2-3d84-4ca1-a243-9eae790dea4c-SegmentedRaftLogWorker:Storage Directory /workdir/hadoop-ozone/ozonefs/target/test-dir/MiniOzoneClusterImpl-7e8c7029-0518-46b6-9dc3-3175ad8e4a05/datanode-0/data/ratis/cff79dc3-190f-4534-aeea-010f0df81ee6] INFO  segmented.SegmentedRaftLogWorker (SegmentedRaftLogWorker.java:execute(569)) - 13a328b2-3d84-4ca1-a243-9eae790dea4c-SegmentedRaftLogWorker:Storage Directory /workdir/hadoop-ozone/ozonefs/target/test-dir/MiniOzoneClusterImpl-7e8c7029-0518-46b6-9dc3-3175ad8e4a05/datanode-0/data/ratis/cff79dc3-190f-4534-aeea-010f0df81ee6: created new log segment /workdir/hadoop-ozone/ozonefs/target/test-dir/MiniOzoneClusterImpl-7e8c7029-0518-46b6-9dc3-3175ad8e4a05/datanode-0/data/ratis/cff79dc3-190f-4534-aeea-010f0df81ee6/current/log_inprogress_0
2019-09-20 14:16:44,310 [13a328b2-3d84-4ca1-a243-9eae790dea4c-SegmentedRaftLogWorker:Storage Directory /workdir/hadoop-ozone/ozonefs/target/test-dir/MiniOzoneClusterImpl-7e8c7029-0518-46b6-9dc3-3175ad8e4a05/datanode-0/data/ratis/00f4358a-4380-4ba5-a50b-74c363ca8f7d] INFO  segmented.SegmentedRaftLogWorker (SegmentedRaftLogWorker.java:execute(569)) - 13a328b2-3d84-4ca1-a243-9eae790dea4c-SegmentedRaftLogWorker:Storage Directory /workdir/hadoop-ozone/ozonefs/target/test-dir/MiniOzoneClusterImpl-7e8c7029-0518-46b6-9dc3-3175ad8e4a05/datanode-0/data/ratis/00f4358a-4380-4ba5-a50b-74c363ca8f7d: created new log segment /workdir/hadoop-ozone/ozonefs/target/test-dir/MiniOzoneClusterImpl-7e8c7029-0518-46b6-9dc3-3175ad8e4a05/datanode-0/data/ratis/00f4358a-4380-4ba5-a50b-74c363ca8f7d/current/log_inprogress_0
2019-09-20 14:16:44,326 [13a328b2-3d84-4ca1-a243-9eae790dea4c-SegmentedRaftLogWorker:Storage Directory /workdir/hadoop-ozone/ozonefs/target/test-dir/MiniOzoneClusterImpl-7e8c7029-0518-46b6-9dc3-3175ad8e4a05/datanode-0/data/ratis/c50ce9f3-9901-4561-bdfd-2e50dd560c55] INFO  segmented.SegmentedRaftLogWorker (SegmentedRaftLogWorker.java:execute(569)) - 13a328b2-3d84-4ca1-a243-9eae790dea4c-SegmentedRaftLogWorker:Storage Directory /workdir/hadoop-ozone/ozonefs/target/test-dir/MiniOzoneClusterImpl-7e8c7029-0518-46b6-9dc3-3175ad8e4a05/datanode-0/data/ratis/c50ce9f3-9901-4561-bdfd-2e50dd560c55: created new log segment /workdir/hadoop-ozone/ozonefs/target/test-dir/MiniOzoneClusterImpl-7e8c7029-0518-46b6-9dc3-3175ad8e4a05/datanode-0/data/ratis/c50ce9f3-9901-4561-bdfd-2e50dd560c55/current/log_inprogress_0
2019-09-20 14:16:44,441 | INFO  | SCMAudit | user=jenkins1000 | ip=192.168.36.99 | op=SEND_HEARTBEAT {datanodeUUID=25438d07-0339-4bf6-8997-22533ce336d6, command=[]} | ret=SUCCESS |  
2019-09-20 14:16:44,475 [Thread-1256] INFO  impl.FollowerState (FollowerState.java:run(106)) - 3dd27507-a8cb-43da-a44e-e873f99ae85b:group-001D06732F40 changes to CANDIDATE, lastRpcTime:5200, electionTimeout:5200ms
2019-09-20 14:16:44,476 [Thread-1256] INFO  impl.RoleInfo (RoleInfo.java:shutdownFollowerState(121)) - 3dd27507-a8cb-43da-a44e-e873f99ae85b: shutdown FollowerState
2019-09-20 14:16:44,476 [Thread-1256] INFO  impl.RaftServerImpl (RaftServerImpl.java:setRole(171)) - 3dd27507-a8cb-43da-a44e-e873f99ae85b:group-001D06732F40 changes role from FOLLOWER to CANDIDATE at term 0 for changeToCandidate
2019-09-20 14:16:44,476 [Thread-1256] INFO  impl.RoleInfo (RoleInfo.java:updateAndGet(143)) - 3dd27507-a8cb-43da-a44e-e873f99ae85b: start LeaderElection
2019-09-20 14:16:44,487 [Thread-1259] INFO  impl.FollowerState (FollowerState.java:run(106)) - 13a328b2-3d84-4ca1-a243-9eae790dea4c:group-412FDC78579E changes to CANDIDATE, lastRpcTime:5122, electionTimeout:5122ms
2019-09-20 14:16:44,487 [Thread-1259] INFO  impl.RoleInfo (RoleInfo.java:shutdownFollowerState(121)) - 13a328b2-3d84-4ca1-a243-9eae790dea4c: shutdown FollowerState
2019-09-20 14:16:44,487 [Thread-1259] INFO  impl.RaftServerImpl (RaftServerImpl.java:setRole(171)) - 13a328b2-3d84-4ca1-a243-9eae790dea4c:group-412FDC78579E changes role from FOLLOWER to CANDIDATE at term 0 for changeToCandidate
2019-09-20 14:16:44,487 [Thread-1259] INFO  impl.RoleInfo (RoleInfo.java:updateAndGet(143)) - 13a328b2-3d84-4ca1-a243-9eae790dea4c: start LeaderElection
2019-09-20 14:16:44,511 [3dd27507-a8cb-43da-a44e-e873f99ae85b:group-001D06732F40:LeaderElection76] INFO  impl.LeaderElection (LeaderElection.java:askForVotes(181)) - 3dd27507-a8cb-43da-a44e-e873f99ae85b:group-001D06732F40:LeaderElection76: begin an election at term 1 for -1: [3dd27507-a8cb-43da-a44e-e873f99ae85b:192.168.36.99:33496], old=null
2019-09-20 14:16:44,511 [13a328b2-3d84-4ca1-a243-9eae790dea4c:group-412FDC78579E:LeaderElection77] INFO  impl.LeaderElection (LeaderElection.java:askForVotes(181)) - 13a328b2-3d84-4ca1-a243-9eae790dea4c:group-412FDC78579E:LeaderElection77: begin an election at term 1 for -1: [13a328b2-3d84-4ca1-a243-9eae790dea4c:192.168.36.99:41227], old=null
2019-09-20 14:16:44,511 [3dd27507-a8cb-43da-a44e-e873f99ae85b:group-001D06732F40:LeaderElection76] INFO  impl.RoleInfo (RoleInfo.java:shutdownLeaderElection(134)) - 3dd27507-a8cb-43da-a44e-e873f99ae85b: shutdown LeaderElection
2019-09-20 14:16:44,511 [13a328b2-3d84-4ca1-a243-9eae790dea4c:group-412FDC78579E:LeaderElection77] INFO  impl.RoleInfo (RoleInfo.java:shutdownLeaderElection(134)) - 13a328b2-3d84-4ca1-a243-9eae790dea4c: shutdown LeaderElection
2019-09-20 14:16:44,511 [3dd27507-a8cb-43da-a44e-e873f99ae85b:group-001D06732F40:LeaderElection76] INFO  impl.RaftServerImpl (RaftServerImpl.java:setRole(171)) - 3dd27507-a8cb-43da-a44e-e873f99ae85b:group-001D06732F40 changes role from CANDIDATE to LEADER at term 1 for changeToLeader
2019-09-20 14:16:44,511 [13a328b2-3d84-4ca1-a243-9eae790dea4c:group-412FDC78579E:LeaderElection77] INFO  impl.RaftServerImpl (RaftServerImpl.java:setRole(171)) - 13a328b2-3d84-4ca1-a243-9eae790dea4c:group-412FDC78579E changes role from CANDIDATE to LEADER at term 1 for changeToLeader
2019-09-20 14:16:44,511 [3dd27507-a8cb-43da-a44e-e873f99ae85b:group-001D06732F40:LeaderElection76] INFO  impl.RaftServerImpl (ServerState.java:setLeader(263)) - 3dd27507-a8cb-43da-a44e-e873f99ae85b:group-001D06732F40 change Leader from null to 3dd27507-a8cb-43da-a44e-e873f99ae85b at term 1 for becomeLeader, leader elected after 5241ms
2019-09-20 14:16:44,512 [13a328b2-3d84-4ca1-a243-9eae790dea4c:group-412FDC78579E:LeaderElection77] INFO  impl.RaftServerImpl (ServerState.java:setLeader(263)) - 13a328b2-3d84-4ca1-a243-9eae790dea4c:group-412FDC78579E change Leader from null to 13a328b2-3d84-4ca1-a243-9eae790dea4c at term 1 for becomeLeader, leader elected after 5151ms
2019-09-20 14:16:44,512 [3dd27507-a8cb-43da-a44e-e873f99ae85b:group-001D06732F40:LeaderElection76] INFO  server.RaftServerConfigKeys (ConfUtils.java:logGet(43)) - raft.server.staging.catchup.gap = 1000 (default)
2019-09-20 14:16:44,512 [13a328b2-3d84-4ca1-a243-9eae790dea4c:group-412FDC78579E:LeaderElection77] INFO  server.RaftServerConfigKeys (ConfUtils.java:logGet(43)) - raft.server.staging.catchup.gap = 1000 (default)
2019-09-20 14:16:44,512 [13a328b2-3d84-4ca1-a243-9eae790dea4c:group-412FDC78579E:LeaderElection77] INFO  server.RaftServerConfigKeys (ConfUtils.java:logGet(43)) - raft.server.rpc.sleep.time = 25ms (default)
2019-09-20 14:16:44,512 [Thread-1262] INFO  impl.FollowerState (FollowerState.java:run(106)) - 13a328b2-3d84-4ca1-a243-9eae790dea4c:group-9F03DDC47D8F changes to CANDIDATE, lastRpcTime:5096, electionTimeout:5096ms
2019-09-20 14:16:44,512 [13a328b2-3d84-4ca1-a243-9eae790dea4c:group-412FDC78579E:LeaderElection77] INFO  server.RaftServerConfigKeys (ConfUtils.java:logGet(43)) - raft.server.write.element-limit = 4096 (default)
2019-09-20 14:16:44,512 [3dd27507-a8cb-43da-a44e-e873f99ae85b:group-001D06732F40:LeaderElection76] INFO  server.RaftServerConfigKeys (ConfUtils.java:logGet(43)) - raft.server.rpc.sleep.time = 25ms (default)
2019-09-20 14:16:44,513 [13a328b2-3d84-4ca1-a243-9eae790dea4c:group-412FDC78579E:LeaderElection77] INFO  server.RaftServerConfigKeys (ConfUtils.java:logGet(43)) - raft.server.watch.timeout = 10s (default)
2019-09-20 14:16:44,512 [Thread-1262] INFO  impl.RoleInfo (RoleInfo.java:shutdownFollowerState(121)) - 13a328b2-3d84-4ca1-a243-9eae790dea4c: shutdown FollowerState
2019-09-20 14:16:44,513 [13a328b2-3d84-4ca1-a243-9eae790dea4c:group-412FDC78579E:LeaderElection77] INFO  server.RaftServerConfigKeys (ConfUtils.java:logGet(43)) - raft.server.watch.timeout.denomination = 1s (default)
2019-09-20 14:16:44,513 [3dd27507-a8cb-43da-a44e-e873f99ae85b:group-001D06732F40:LeaderElection76] INFO  server.RaftServerConfigKeys (ConfUtils.java:logGet(43)) - raft.server.write.element-limit = 4096 (default)
2019-09-20 14:16:44,513 [13a328b2-3d84-4ca1-a243-9eae790dea4c:group-412FDC78579E:LeaderElection77] INFO  server.RaftServerConfigKeys (ConfUtils.java:logGet(43)) - raft.server.watch.element-limit = 65536 (default)
2019-09-20 14:16:44,513 [Thread-1262] INFO  impl.RaftServerImpl (RaftServerImpl.java:setRole(171)) - 13a328b2-3d84-4ca1-a243-9eae790dea4c:group-9F03DDC47D8F changes role from FOLLOWER to CANDIDATE at term 0 for changeToCandidate
2019-09-20 14:16:44,514 [3dd27507-a8cb-43da-a44e-e873f99ae85b:group-001D06732F40:LeaderElection76] INFO  server.RaftServerConfigKeys (ConfUtils.java:logGet(43)) - raft.server.watch.timeout = 10s (default)
2019-09-20 14:16:44,514 [Thread-1262] INFO  impl.RoleInfo (RoleInfo.java:updateAndGet(143)) - 13a328b2-3d84-4ca1-a243-9eae790dea4c: start LeaderElection
2019-09-20 14:16:44,514 [13a328b2-3d84-4ca1-a243-9eae790dea4c:group-412FDC78579E:LeaderElection77] INFO  impl.RoleInfo (RoleInfo.java:updateAndGet(143)) - 13a328b2-3d84-4ca1-a243-9eae790dea4c: start LeaderState
2019-09-20 14:16:44,514 [3dd27507-a8cb-43da-a44e-e873f99ae85b:group-001D06732F40:LeaderElection76] INFO  server.RaftServerConfigKeys (ConfUtils.java:logGet(43)) - raft.server.watch.timeout.denomination = 1s (default)
2019-09-20 14:16:44,514 [13a328b2-3d84-4ca1-a243-9eae790dea4c:group-412FDC78579E:LeaderElection77] INFO  segmented.SegmentedRaftLogWorker (SegmentedRaftLogWorker.java:startLogSegment(380)) - 13a328b2-3d84-4ca1-a243-9eae790dea4c-SegmentedRaftLogWorker:Storage Directory /workdir/hadoop-ozone/ozonefs/target/test-dir/MiniOzoneClusterImpl-7e8c7029-0518-46b6-9dc3-3175ad8e4a05/datanode-0/data/ratis/a1c5a7e4-945c-42fd-9120-412fdc78579e: Starting segment from index:0
2019-09-20 14:16:44,514 [3dd27507-a8cb-43da-a44e-e873f99ae85b:group-001D06732F40:LeaderElection76] INFO  server.RaftServerConfigKeys (ConfUtils.java:logGet(43)) - raft.server.watch.element-limit = 65536 (default)
2019-09-20 14:16:44,515 [13a328b2-3d84-4ca1-a243-9eae790dea4c:group-412FDC78579E:LeaderElection77] INFO  impl.RaftServerImpl (ServerState.java:setRaftConf(361)) - 13a328b2-3d84-4ca1-a243-9eae790dea4c:group-412FDC78579E set configuration 0: [13a328b2-3d84-4ca1-a243-9eae790dea4c:192.168.36.99:41227], old=null at 0
2019-09-20 14:16:44,515 [3dd27507-a8cb-43da-a44e-e873f99ae85b:group-001D06732F40:LeaderElection76] INFO  impl.RoleInfo (RoleInfo.java:updateAndGet(143)) - 3dd27507-a8cb-43da-a44e-e873f99ae85b: start LeaderState
2019-09-20 14:16:44,516 [3dd27507-a8cb-43da-a44e-e873f99ae85b:group-001D06732F40:LeaderElection76] INFO  segmented.SegmentedRaftLogWorker (SegmentedRaftLogWorker.java:startLogSegment(380)) - 3dd27507-a8cb-43da-a44e-e873f99ae85b-SegmentedRaftLogWorker:Storage Directory /workdir/hadoop-ozone/ozonefs/target/test-dir/MiniOzoneClusterImpl-7e8c7029-0518-46b6-9dc3-3175ad8e4a05/datanode-1/data/ratis/91cce41b-6b19-4e5d-98e9-001d06732f40: Starting segment from index:0
2019-09-20 14:16:44,516 [3dd27507-a8cb-43da-a44e-e873f99ae85b:group-001D06732F40:LeaderElection76] INFO  impl.RaftServerImpl (ServerState.java:setRaftConf(361)) - 3dd27507-a8cb-43da-a44e-e873f99ae85b:group-001D06732F40 set configuration 0: [3dd27507-a8cb-43da-a44e-e873f99ae85b:192.168.36.99:33496], old=null at 0
2019-09-20 14:16:44,542 [13a328b2-3d84-4ca1-a243-9eae790dea4c:group-9F03DDC47D8F:LeaderElection78] INFO  impl.LeaderElection (LeaderElection.java:askForVotes(181)) - 13a328b2-3d84-4ca1-a243-9eae790dea4c:group-9F03DDC47D8F:LeaderElection78: begin an election at term 1 for -1: [13a328b2-3d84-4ca1-a243-9eae790dea4c:192.168.36.99:41227], old=null
2019-09-20 14:16:44,542 [13a328b2-3d84-4ca1-a243-9eae790dea4c:group-9F03DDC47D8F:LeaderElection78] INFO  impl.RoleInfo (RoleInfo.java:shutdownLeaderElection(134)) - 13a328b2-3d84-4ca1-a243-9eae790dea4c: shutdown LeaderElection
2019-09-20 14:16:44,542 [13a328b2-3d84-4ca1-a243-9eae790dea4c:group-9F03DDC47D8F:LeaderElection78] INFO  impl.RaftServerImpl (RaftServerImpl.java:setRole(171)) - 13a328b2-3d84-4ca1-a243-9eae790dea4c:group-9F03DDC47D8F changes role from CANDIDATE to LEADER at term 1 for changeToLeader
2019-09-20 14:16:44,542 [13a328b2-3d84-4ca1-a243-9eae790dea4c:group-9F03DDC47D8F:LeaderElection78] INFO  impl.RaftServerImpl (ServerState.java:setLeader(263)) - 13a328b2-3d84-4ca1-a243-9eae790dea4c:group-9F03DDC47D8F change Leader from null to 13a328b2-3d84-4ca1-a243-9eae790dea4c at term 1 for becomeLeader, leader elected after 5131ms
2019-09-20 14:16:44,542 [13a328b2-3d84-4ca1-a243-9eae790dea4c:group-9F03DDC47D8F:LeaderElection78] INFO  server.RaftServerConfigKeys (ConfUtils.java:logGet(43)) - raft.server.staging.catchup.gap = 1000 (default)
2019-09-20 14:16:44,542 [13a328b2-3d84-4ca1-a243-9eae790dea4c:group-9F03DDC47D8F:LeaderElection78] INFO  server.RaftServerConfigKeys (ConfUtils.java:logGet(43)) - raft.server.rpc.sleep.time = 25ms (default)
2019-09-20 14:16:44,543 [13a328b2-3d84-4ca1-a243-9eae790dea4c:group-9F03DDC47D8F:LeaderElection78] INFO  server.RaftServerConfigKeys (ConfUtils.java:logGet(43)) - raft.server.write.element-limit = 4096 (default)
2019-09-20 14:16:44,543 [13a328b2-3d84-4ca1-a243-9eae790dea4c:group-9F03DDC47D8F:LeaderElection78] INFO  server.RaftServerConfigKeys (ConfUtils.java:logGet(43)) - raft.server.watch.timeout = 10s (default)
2019-09-20 14:16:44,543 [13a328b2-3d84-4ca1-a243-9eae790dea4c:group-9F03DDC47D8F:LeaderElection78] INFO  server.RaftServerConfigKeys (ConfUtils.java:logGet(43)) - raft.server.watch.timeout.denomination = 1s (default)
2019-09-20 14:16:44,543 [13a328b2-3d84-4ca1-a243-9eae790dea4c:group-9F03DDC47D8F:LeaderElection78] INFO  server.RaftServerConfigKeys (ConfUtils.java:logGet(43)) - raft.server.watch.element-limit = 65536 (default)
2019-09-20 14:16:44,543 [13a328b2-3d84-4ca1-a243-9eae790dea4c:group-9F03DDC47D8F:LeaderElection78] INFO  impl.RoleInfo (RoleInfo.java:updateAndGet(143)) - 13a328b2-3d84-4ca1-a243-9eae790dea4c: start LeaderState
2019-09-20 14:16:44,544 [13a328b2-3d84-4ca1-a243-9eae790dea4c:group-9F03DDC47D8F:LeaderElection78] INFO  segmented.SegmentedRaftLogWorker (SegmentedRaftLogWorker.java:startLogSegment(380)) - 13a328b2-3d84-4ca1-a243-9eae790dea4c-SegmentedRaftLogWorker:Storage Directory /workdir/hadoop-ozone/ozonefs/target/test-dir/MiniOzoneClusterImpl-7e8c7029-0518-46b6-9dc3-3175ad8e4a05/datanode-0/data/ratis/51b4957f-f9d8-4c32-a7c4-9f03ddc47d8f: Starting segment from index:0
2019-09-20 14:16:44,544 [13a328b2-3d84-4ca1-a243-9eae790dea4c:group-9F03DDC47D8F:LeaderElection78] INFO  impl.RaftServerImpl (ServerState.java:setRaftConf(361)) - 13a328b2-3d84-4ca1-a243-9eae790dea4c:group-9F03DDC47D8F set configuration 0: [13a328b2-3d84-4ca1-a243-9eae790dea4c:192.168.36.99:41227], old=null at 0
2019-09-20 14:16:44,567 [Thread-1265] INFO  impl.FollowerState (FollowerState.java:run(106)) - 3dd27507-a8cb-43da-a44e-e873f99ae85b:group-3EB72DF12019 changes to CANDIDATE, lastRpcTime:5091, electionTimeout:5091ms
2019-09-20 14:16:44,567 [Thread-1265] INFO  impl.RoleInfo (RoleInfo.java:shutdownFollowerState(121)) - 3dd27507-a8cb-43da-a44e-e873f99ae85b: shutdown FollowerState
2019-09-20 14:16:44,567 [Thread-1265] INFO  impl.RaftServerImpl (RaftServerImpl.java:setRole(171)) - 3dd27507-a8cb-43da-a44e-e873f99ae85b:group-3EB72DF12019 changes role from FOLLOWER to CANDIDATE at term 0 for changeToCandidate
2019-09-20 14:16:44,567 [Thread-1265] INFO  impl.RoleInfo (RoleInfo.java:updateAndGet(143)) - 3dd27507-a8cb-43da-a44e-e873f99ae85b: start LeaderElection
2019-09-20 14:16:44,575 [3dd27507-a8cb-43da-a44e-e873f99ae85b-SegmentedRaftLogWorker:Storage Directory /workdir/hadoop-ozone/ozonefs/target/test-dir/MiniOzoneClusterImpl-7e8c7029-0518-46b6-9dc3-3175ad8e4a05/datanode-1/data/ratis/91cce41b-6b19-4e5d-98e9-001d06732f40] INFO  segmented.SegmentedRaftLogWorker (SegmentedRaftLogWorker.java:execute(569)) - 3dd27507-a8cb-43da-a44e-e873f99ae85b-SegmentedRaftLogWorker:Storage Directory /workdir/hadoop-ozone/ozonefs/target/test-dir/MiniOzoneClusterImpl-7e8c7029-0518-46b6-9dc3-3175ad8e4a05/datanode-1/data/ratis/91cce41b-6b19-4e5d-98e9-001d06732f40: created new log segment /workdir/hadoop-ozone/ozonefs/target/test-dir/MiniOzoneClusterImpl-7e8c7029-0518-46b6-9dc3-3175ad8e4a05/datanode-1/data/ratis/91cce41b-6b19-4e5d-98e9-001d06732f40/current/log_inprogress_0
2019-09-20 14:16:44,575 [13a328b2-3d84-4ca1-a243-9eae790dea4c-SegmentedRaftLogWorker:Storage Directory /workdir/hadoop-ozone/ozonefs/target/test-dir/MiniOzoneClusterImpl-7e8c7029-0518-46b6-9dc3-3175ad8e4a05/datanode-0/data/ratis/a1c5a7e4-945c-42fd-9120-412fdc78579e] INFO  segmented.SegmentedRaftLogWorker (SegmentedRaftLogWorker.java:execute(569)) - 13a328b2-3d84-4ca1-a243-9eae790dea4c-SegmentedRaftLogWorker:Storage Directory /workdir/hadoop-ozone/ozonefs/target/test-dir/MiniOzoneClusterImpl-7e8c7029-0518-46b6-9dc3-3175ad8e4a05/datanode-0/data/ratis/a1c5a7e4-945c-42fd-9120-412fdc78579e: created new log segment /workdir/hadoop-ozone/ozonefs/target/test-dir/MiniOzoneClusterImpl-7e8c7029-0518-46b6-9dc3-3175ad8e4a05/datanode-0/data/ratis/a1c5a7e4-945c-42fd-9120-412fdc78579e/current/log_inprogress_0
2019-09-20 14:16:44,601 [3dd27507-a8cb-43da-a44e-e873f99ae85b:group-3EB72DF12019:LeaderElection79] INFO  impl.LeaderElection (LeaderElection.java:askForVotes(181)) - 3dd27507-a8cb-43da-a44e-e873f99ae85b:group-3EB72DF12019:LeaderElection79: begin an election at term 1 for -1: [3dd27507-a8cb-43da-a44e-e873f99ae85b:192.168.36.99:33496], old=null
2019-09-20 14:16:44,601 [3dd27507-a8cb-43da-a44e-e873f99ae85b:group-3EB72DF12019:LeaderElection79] INFO  impl.RoleInfo (RoleInfo.java:shutdownLeaderElection(134)) - 3dd27507-a8cb-43da-a44e-e873f99ae85b: shutdown LeaderElection
2019-09-20 14:16:44,601 [3dd27507-a8cb-43da-a44e-e873f99ae85b:group-3EB72DF12019:LeaderElection79] INFO  impl.RaftServerImpl (RaftServerImpl.java:setRole(171)) - 3dd27507-a8cb-43da-a44e-e873f99ae85b:group-3EB72DF12019 changes role from CANDIDATE to LEADER at term 1 for changeToLeader
2019-09-20 14:16:44,601 [3dd27507-a8cb-43da-a44e-e873f99ae85b:group-3EB72DF12019:LeaderElection79] INFO  impl.RaftServerImpl (ServerState.java:setLeader(263)) - 3dd27507-a8cb-43da-a44e-e873f99ae85b:group-3EB72DF12019 change Leader from null to 3dd27507-a8cb-43da-a44e-e873f99ae85b at term 1 for becomeLeader, leader elected after 5130ms
2019-09-20 14:16:44,601 [3dd27507-a8cb-43da-a44e-e873f99ae85b:group-3EB72DF12019:LeaderElection79] INFO  server.RaftServerConfigKeys (ConfUtils.java:logGet(43)) - raft.server.staging.catchup.gap = 1000 (default)
2019-09-20 14:16:44,602 [3dd27507-a8cb-43da-a44e-e873f99ae85b:group-3EB72DF12019:LeaderElection79] INFO  server.RaftServerConfigKeys (ConfUtils.java:logGet(43)) - raft.server.rpc.sleep.time = 25ms (default)
2019-09-20 14:16:44,602 [3dd27507-a8cb-43da-a44e-e873f99ae85b:group-3EB72DF12019:LeaderElection79] INFO  server.RaftServerConfigKeys (ConfUtils.java:logGet(43)) - raft.server.write.element-limit = 4096 (default)
2019-09-20 14:16:44,602 [3dd27507-a8cb-43da-a44e-e873f99ae85b:group-3EB72DF12019:LeaderElection79] INFO  server.RaftServerConfigKeys (ConfUtils.java:logGet(43)) - raft.server.watch.timeout = 10s (default)
2019-09-20 14:16:44,602 [3dd27507-a8cb-43da-a44e-e873f99ae85b:group-3EB72DF12019:LeaderElection79] INFO  server.RaftServerConfigKeys (ConfUtils.java:logGet(43)) - raft.server.watch.timeout.denomination = 1s (default)
2019-09-20 14:16:44,602 [3dd27507-a8cb-43da-a44e-e873f99ae85b:group-3EB72DF12019:LeaderElection79] INFO  server.RaftServerConfigKeys (ConfUtils.java:logGet(43)) - raft.server.watch.element-limit = 65536 (default)
2019-09-20 14:16:44,602 [3dd27507-a8cb-43da-a44e-e873f99ae85b:group-3EB72DF12019:LeaderElection79] INFO  impl.RoleInfo (RoleInfo.java:updateAndGet(143)) - 3dd27507-a8cb-43da-a44e-e873f99ae85b: start LeaderState
2019-09-20 14:16:44,603 [3dd27507-a8cb-43da-a44e-e873f99ae85b:group-3EB72DF12019:LeaderElection79] INFO  segmented.SegmentedRaftLogWorker (SegmentedRaftLogWorker.java:startLogSegment(380)) - 3dd27507-a8cb-43da-a44e-e873f99ae85b-SegmentedRaftLogWorker:Storage Directory /workdir/hadoop-ozone/ozonefs/target/test-dir/MiniOzoneClusterImpl-7e8c7029-0518-46b6-9dc3-3175ad8e4a05/datanode-1/data/ratis/2cda2fdd-6c90-4479-8ec9-3eb72df12019: Starting segment from index:0
2019-09-20 14:16:44,603 [3dd27507-a8cb-43da-a44e-e873f99ae85b:group-3EB72DF12019:LeaderElection79] INFO  impl.RaftServerImpl (ServerState.java:setRaftConf(361)) - 3dd27507-a8cb-43da-a44e-e873f99ae85b:group-3EB72DF12019 set configuration 0: [3dd27507-a8cb-43da-a44e-e873f99ae85b:192.168.36.99:33496], old=null at 0
2019-09-20 14:16:44,609 [13a328b2-3d84-4ca1-a243-9eae790dea4c-SegmentedRaftLogWorker:Storage Directory /workdir/hadoop-ozone/ozonefs/target/test-dir/MiniOzoneClusterImpl-7e8c7029-0518-46b6-9dc3-3175ad8e4a05/datanode-0/data/ratis/51b4957f-f9d8-4c32-a7c4-9f03ddc47d8f] INFO  segmented.SegmentedRaftLogWorker (SegmentedRaftLogWorker.java:execute(569)) - 13a328b2-3d84-4ca1-a243-9eae790dea4c-SegmentedRaftLogWorker:Storage Directory /workdir/hadoop-ozone/ozonefs/target/test-dir/MiniOzoneClusterImpl-7e8c7029-0518-46b6-9dc3-3175ad8e4a05/datanode-0/data/ratis/51b4957f-f9d8-4c32-a7c4-9f03ddc47d8f: created new log segment /workdir/hadoop-ozone/ozonefs/target/test-dir/MiniOzoneClusterImpl-7e8c7029-0518-46b6-9dc3-3175ad8e4a05/datanode-0/data/ratis/51b4957f-f9d8-4c32-a7c4-9f03ddc47d8f/current/log_inprogress_0
2019-09-20 14:16:44,638 [Thread-1271] INFO  impl.FollowerState (FollowerState.java:run(106)) - 3dd27507-a8cb-43da-a44e-e873f99ae85b:group-5A14390E3A6B changes to CANDIDATE, lastRpcTime:5002, electionTimeout:5002ms
2019-09-20 14:16:44,639 [Thread-1271] INFO  impl.RoleInfo (RoleInfo.java:shutdownFollowerState(121)) - 3dd27507-a8cb-43da-a44e-e873f99ae85b: shutdown FollowerState
2019-09-20 14:16:44,639 [Thread-1271] INFO  impl.RaftServerImpl (RaftServerImpl.java:setRole(171)) - 3dd27507-a8cb-43da-a44e-e873f99ae85b:group-5A14390E3A6B changes role from FOLLOWER to CANDIDATE at term 0 for changeToCandidate
2019-09-20 14:16:44,639 [Thread-1271] INFO  impl.RoleInfo (RoleInfo.java:updateAndGet(143)) - 3dd27507-a8cb-43da-a44e-e873f99ae85b: start LeaderElection
2019-09-20 14:16:44,652 [Thread-1268] INFO  impl.FollowerState (FollowerState.java:run(106)) - 3dd27507-a8cb-43da-a44e-e873f99ae85b:group-C304A31D1F65 changes to CANDIDATE, lastRpcTime:5091, electionTimeout:5091ms
2019-09-20 14:16:44,652 [Thread-1268] INFO  impl.RoleInfo (RoleInfo.java:shutdownFollowerState(121)) - 3dd27507-a8cb-43da-a44e-e873f99ae85b: shutdown FollowerState
2019-09-20 14:16:44,652 [Thread-1268] INFO  impl.RaftServerImpl (RaftServerImpl.java:setRole(171)) - 3dd27507-a8cb-43da-a44e-e873f99ae85b:group-C304A31D1F65 changes role from FOLLOWER to CANDIDATE at term 0 for changeToCandidate
2019-09-20 14:16:44,652 [Thread-1268] INFO  impl.RoleInfo (RoleInfo.java:updateAndGet(143)) - 3dd27507-a8cb-43da-a44e-e873f99ae85b: start LeaderElection
2019-09-20 14:16:44,669 [3dd27507-a8cb-43da-a44e-e873f99ae85b:group-5A14390E3A6B:LeaderElection80] INFO  impl.LeaderElection (LeaderElection.java:askForVotes(181)) - 3dd27507-a8cb-43da-a44e-e873f99ae85b:group-5A14390E3A6B:LeaderElection80: begin an election at term 1 for -1: [3dd27507-a8cb-43da-a44e-e873f99ae85b:192.168.36.99:33496], old=null
2019-09-20 14:16:44,669 [3dd27507-a8cb-43da-a44e-e873f99ae85b:group-5A14390E3A6B:LeaderElection80] INFO  impl.RoleInfo (RoleInfo.java:shutdownLeaderElection(134)) - 3dd27507-a8cb-43da-a44e-e873f99ae85b: shutdown LeaderElection
2019-09-20 14:16:44,670 [3dd27507-a8cb-43da-a44e-e873f99ae85b:group-5A14390E3A6B:LeaderElection80] INFO  impl.RaftServerImpl (RaftServerImpl.java:setRole(171)) - 3dd27507-a8cb-43da-a44e-e873f99ae85b:group-5A14390E3A6B changes role from CANDIDATE to LEADER at term 1 for changeToLeader
2019-09-20 14:16:44,670 [3dd27507-a8cb-43da-a44e-e873f99ae85b:group-5A14390E3A6B:LeaderElection80] INFO  impl.RaftServerImpl (ServerState.java:setLeader(263)) - 3dd27507-a8cb-43da-a44e-e873f99ae85b:group-5A14390E3A6B change Leader from null to 3dd27507-a8cb-43da-a44e-e873f99ae85b at term 1 for becomeLeader, leader elected after 5038ms
2019-09-20 14:16:44,670 [3dd27507-a8cb-43da-a44e-e873f99ae85b:group-5A14390E3A6B:LeaderElection80] INFO  server.RaftServerConfigKeys (ConfUtils.java:logGet(43)) - raft.server.staging.catchup.gap = 1000 (default)
2019-09-20 14:16:44,670 [3dd27507-a8cb-43da-a44e-e873f99ae85b:group-5A14390E3A6B:LeaderElection80] INFO  server.RaftServerConfigKeys (ConfUtils.java:logGet(43)) - raft.server.rpc.sleep.time = 25ms (default)
2019-09-20 14:16:44,670 [3dd27507-a8cb-43da-a44e-e873f99ae85b:group-5A14390E3A6B:LeaderElection80] INFO  server.RaftServerConfigKeys (ConfUtils.java:logGet(43)) - raft.server.write.element-limit = 4096 (default)
2019-09-20 14:16:44,670 [3dd27507-a8cb-43da-a44e-e873f99ae85b:group-5A14390E3A6B:LeaderElection80] INFO  server.RaftServerConfigKeys (ConfUtils.java:logGet(43)) - raft.server.watch.timeout = 10s (default)
2019-09-20 14:16:44,670 [3dd27507-a8cb-43da-a44e-e873f99ae85b:group-5A14390E3A6B:LeaderElection80] INFO  server.RaftServerConfigKeys (ConfUtils.java:logGet(43)) - raft.server.watch.timeout.denomination = 1s (default)
2019-09-20 14:16:44,671 [3dd27507-a8cb-43da-a44e-e873f99ae85b:group-5A14390E3A6B:LeaderElection80] INFO  server.RaftServerConfigKeys (ConfUtils.java:logGet(43)) - raft.server.watch.element-limit = 65536 (default)
2019-09-20 14:16:44,671 [3dd27507-a8cb-43da-a44e-e873f99ae85b:group-5A14390E3A6B:LeaderElection80] INFO  impl.RoleInfo (RoleInfo.java:updateAndGet(143)) - 3dd27507-a8cb-43da-a44e-e873f99ae85b: start LeaderState
2019-09-20 14:16:44,671 [3dd27507-a8cb-43da-a44e-e873f99ae85b:group-5A14390E3A6B:LeaderElection80] INFO  segmented.SegmentedRaftLogWorker (SegmentedRaftLogWorker.java:startLogSegment(380)) - 3dd27507-a8cb-43da-a44e-e873f99ae85b-SegmentedRaftLogWorker:Storage Directory /workdir/hadoop-ozone/ozonefs/target/test-dir/MiniOzoneClusterImpl-7e8c7029-0518-46b6-9dc3-3175ad8e4a05/datanode-1/data/ratis/beb9fe3c-6e2f-4b06-897d-5a14390e3a6b: Starting segment from index:0
2019-09-20 14:16:44,672 [3dd27507-a8cb-43da-a44e-e873f99ae85b:group-5A14390E3A6B:LeaderElection80] INFO  impl.RaftServerImpl (ServerState.java:setRaftConf(361)) - 3dd27507-a8cb-43da-a44e-e873f99ae85b:group-5A14390E3A6B set configuration 0: [3dd27507-a8cb-43da-a44e-e873f99ae85b:192.168.36.99:33496], old=null at 0
2019-09-20 14:16:44,678 [3dd27507-a8cb-43da-a44e-e873f99ae85b-SegmentedRaftLogWorker:Storage Directory /workdir/hadoop-ozone/ozonefs/target/test-dir/MiniOzoneClusterImpl-7e8c7029-0518-46b6-9dc3-3175ad8e4a05/datanode-1/data/ratis/2cda2fdd-6c90-4479-8ec9-3eb72df12019] INFO  segmented.SegmentedRaftLogWorker (SegmentedRaftLogWorker.java:execute(569)) - 3dd27507-a8cb-43da-a44e-e873f99ae85b-SegmentedRaftLogWorker:Storage Directory /workdir/hadoop-ozone/ozonefs/target/test-dir/MiniOzoneClusterImpl-7e8c7029-0518-46b6-9dc3-3175ad8e4a05/datanode-1/data/ratis/2cda2fdd-6c90-4479-8ec9-3eb72df12019: created new log segment /workdir/hadoop-ozone/ozonefs/target/test-dir/MiniOzoneClusterImpl-7e8c7029-0518-46b6-9dc3-3175ad8e4a05/datanode-1/data/ratis/2cda2fdd-6c90-4479-8ec9-3eb72df12019/current/log_inprogress_0
2019-09-20 14:16:44,678 [3dd27507-a8cb-43da-a44e-e873f99ae85b:group-C304A31D1F65:LeaderElection81] INFO  impl.LeaderElection (LeaderElection.java:askForVotes(181)) - 3dd27507-a8cb-43da-a44e-e873f99ae85b:group-C304A31D1F65:LeaderElection81: begin an election at term 1 for -1: [3dd27507-a8cb-43da-a44e-e873f99ae85b:192.168.36.99:33496], old=null
2019-09-20 14:16:44,678 [3dd27507-a8cb-43da-a44e-e873f99ae85b:group-C304A31D1F65:LeaderElection81] INFO  impl.RoleInfo (RoleInfo.java:shutdownLeaderElection(134)) - 3dd27507-a8cb-43da-a44e-e873f99ae85b: shutdown LeaderElection
2019-09-20 14:16:44,678 [3dd27507-a8cb-43da-a44e-e873f99ae85b:group-C304A31D1F65:LeaderElection81] INFO  impl.RaftServerImpl (RaftServerImpl.java:setRole(171)) - 3dd27507-a8cb-43da-a44e-e873f99ae85b:group-C304A31D1F65 changes role from CANDIDATE to LEADER at term 1 for changeToLeader
2019-09-20 14:16:44,678 [3dd27507-a8cb-43da-a44e-e873f99ae85b:group-C304A31D1F65:LeaderElection81] INFO  impl.RaftServerImpl (ServerState.java:setLeader(263)) - 3dd27507-a8cb-43da-a44e-e873f99ae85b:group-C304A31D1F65 change Leader from null to 3dd27507-a8cb-43da-a44e-e873f99ae85b at term 1 for becomeLeader, leader elected after 5122ms
2019-09-20 14:16:44,679 [3dd27507-a8cb-43da-a44e-e873f99ae85b:group-C304A31D1F65:LeaderElection81] INFO  server.RaftServerConfigKeys (ConfUtils.java:logGet(43)) - raft.server.staging.catchup.gap = 1000 (default)
2019-09-20 14:16:44,679 [3dd27507-a8cb-43da-a44e-e873f99ae85b:group-C304A31D1F65:LeaderElection81] INFO  server.RaftServerConfigKeys (ConfUtils.java:logGet(43)) - raft.server.rpc.sleep.time = 25ms (default)
2019-09-20 14:16:44,679 [3dd27507-a8cb-43da-a44e-e873f99ae85b:group-C304A31D1F65:LeaderElection81] INFO  server.RaftServerConfigKeys (ConfUtils.java:logGet(43)) - raft.server.write.element-limit = 4096 (default)
2019-09-20 14:16:44,679 [3dd27507-a8cb-43da-a44e-e873f99ae85b:group-C304A31D1F65:LeaderElection81] INFO  server.RaftServerConfigKeys (ConfUtils.java:logGet(43)) - raft.server.watch.timeout = 10s (default)
2019-09-20 14:16:44,679 [3dd27507-a8cb-43da-a44e-e873f99ae85b:group-C304A31D1F65:LeaderElection81] INFO  server.RaftServerConfigKeys (ConfUtils.java:logGet(43)) - raft.server.watch.timeout.denomination = 1s (default)
2019-09-20 14:16:44,680 [3dd27507-a8cb-43da-a44e-e873f99ae85b:group-C304A31D1F65:LeaderElection81] INFO  server.RaftServerConfigKeys (ConfUtils.java:logGet(43)) - raft.server.watch.element-limit = 65536 (default)
2019-09-20 14:16:44,680 [3dd27507-a8cb-43da-a44e-e873f99ae85b:group-C304A31D1F65:LeaderElection81] INFO  impl.RoleInfo (RoleInfo.java:updateAndGet(143)) - 3dd27507-a8cb-43da-a44e-e873f99ae85b: start LeaderState
2019-09-20 14:16:44,680 [3dd27507-a8cb-43da-a44e-e873f99ae85b:group-C304A31D1F65:LeaderElection81] INFO  segmented.SegmentedRaftLogWorker (SegmentedRaftLogWorker.java:startLogSegment(380)) - 3dd27507-a8cb-43da-a44e-e873f99ae85b-SegmentedRaftLogWorker:Storage Directory /workdir/hadoop-ozone/ozonefs/target/test-dir/MiniOzoneClusterImpl-7e8c7029-0518-46b6-9dc3-3175ad8e4a05/datanode-1/data/ratis/f99d6a7a-ffc4-4b85-b7e9-c304a31d1f65: Starting segment from index:0
2019-09-20 14:16:44,681 [3dd27507-a8cb-43da-a44e-e873f99ae85b:group-C304A31D1F65:LeaderElection81] INFO  impl.RaftServerImpl (ServerState.java:setRaftConf(361)) - 3dd27507-a8cb-43da-a44e-e873f99ae85b:group-C304A31D1F65 set configuration 0: [3dd27507-a8cb-43da-a44e-e873f99ae85b:192.168.36.99:33496], old=null at 0
2019-09-20 14:16:44,728 [Thread-1274] INFO  impl.FollowerState (FollowerState.java:run(106)) - 25438d07-0339-4bf6-8997-22533ce336d6:group-359AED0BCB41 changes to CANDIDATE, lastRpcTime:5041, electionTimeout:5041ms
2019-09-20 14:16:44,729 [Thread-1274] INFO  impl.RoleInfo (RoleInfo.java:shutdownFollowerState(121)) - 25438d07-0339-4bf6-8997-22533ce336d6: shutdown FollowerState
2019-09-20 14:16:44,729 [Thread-1274] INFO  impl.RaftServerImpl (RaftServerImpl.java:setRole(171)) - 25438d07-0339-4bf6-8997-22533ce336d6:group-359AED0BCB41 changes role from FOLLOWER to CANDIDATE at term 0 for changeToCandidate
2019-09-20 14:16:44,729 [Thread-1274] INFO  impl.RoleInfo (RoleInfo.java:updateAndGet(143)) - 25438d07-0339-4bf6-8997-22533ce336d6: start LeaderElection
2019-09-20 14:16:44,750 [Thread-1277] INFO  impl.FollowerState (FollowerState.java:run(106)) - 25438d07-0339-4bf6-8997-22533ce336d6:group-6F7FB3E315D6 changes to CANDIDATE, lastRpcTime:5012, electionTimeout:5012ms
2019-09-20 14:16:44,750 [Thread-1277] INFO  impl.RoleInfo (RoleInfo.java:shutdownFollowerState(121)) - 25438d07-0339-4bf6-8997-22533ce336d6: shutdown FollowerState
2019-09-20 14:16:44,750 [Thread-1277] INFO  impl.RaftServerImpl (RaftServerImpl.java:setRole(171)) - 25438d07-0339-4bf6-8997-22533ce336d6:group-6F7FB3E315D6 changes role from FOLLOWER to CANDIDATE at term 0 for changeToCandidate
2019-09-20 14:16:44,750 [Thread-1277] INFO  impl.RoleInfo (RoleInfo.java:updateAndGet(143)) - 25438d07-0339-4bf6-8997-22533ce336d6: start LeaderElection
2019-09-20 14:16:44,761 [3dd27507-a8cb-43da-a44e-e873f99ae85b-SegmentedRaftLogWorker:Storage Directory /workdir/hadoop-ozone/ozonefs/target/test-dir/MiniOzoneClusterImpl-7e8c7029-0518-46b6-9dc3-3175ad8e4a05/datanode-1/data/ratis/beb9fe3c-6e2f-4b06-897d-5a14390e3a6b] INFO  segmented.SegmentedRaftLogWorker (SegmentedRaftLogWorker.java:execute(569)) - 3dd27507-a8cb-43da-a44e-e873f99ae85b-SegmentedRaftLogWorker:Storage Directory /workdir/hadoop-ozone/ozonefs/target/test-dir/MiniOzoneClusterImpl-7e8c7029-0518-46b6-9dc3-3175ad8e4a05/datanode-1/data/ratis/beb9fe3c-6e2f-4b06-897d-5a14390e3a6b: created new log segment /workdir/hadoop-ozone/ozonefs/target/test-dir/MiniOzoneClusterImpl-7e8c7029-0518-46b6-9dc3-3175ad8e4a05/datanode-1/data/ratis/beb9fe3c-6e2f-4b06-897d-5a14390e3a6b/current/log_inprogress_0
2019-09-20 14:16:44,762 [25438d07-0339-4bf6-8997-22533ce336d6:group-359AED0BCB41:LeaderElection82] INFO  impl.LeaderElection (LeaderElection.java:askForVotes(181)) - 25438d07-0339-4bf6-8997-22533ce336d6:group-359AED0BCB41:LeaderElection82: begin an election at term 1 for -1: [25438d07-0339-4bf6-8997-22533ce336d6:192.168.36.99:35646], old=null
2019-09-20 14:16:44,761 [3dd27507-a8cb-43da-a44e-e873f99ae85b-SegmentedRaftLogWorker:Storage Directory /workdir/hadoop-ozone/ozonefs/target/test-dir/MiniOzoneClusterImpl-7e8c7029-0518-46b6-9dc3-3175ad8e4a05/datanode-1/data/ratis/f99d6a7a-ffc4-4b85-b7e9-c304a31d1f65] INFO  segmented.SegmentedRaftLogWorker (SegmentedRaftLogWorker.java:execute(569)) - 3dd27507-a8cb-43da-a44e-e873f99ae85b-SegmentedRaftLogWorker:Storage Directory /workdir/hadoop-ozone/ozonefs/target/test-dir/MiniOzoneClusterImpl-7e8c7029-0518-46b6-9dc3-3175ad8e4a05/datanode-1/data/ratis/f99d6a7a-ffc4-4b85-b7e9-c304a31d1f65: created new log segment /workdir/hadoop-ozone/ozonefs/target/test-dir/MiniOzoneClusterImpl-7e8c7029-0518-46b6-9dc3-3175ad8e4a05/datanode-1/data/ratis/f99d6a7a-ffc4-4b85-b7e9-c304a31d1f65/current/log_inprogress_0
2019-09-20 14:16:44,762 [25438d07-0339-4bf6-8997-22533ce336d6:group-359AED0BCB41:LeaderElection82] INFO  impl.RoleInfo (RoleInfo.java:shutdownLeaderElection(134)) - 25438d07-0339-4bf6-8997-22533ce336d6: shutdown LeaderElection
2019-09-20 14:16:44,762 [25438d07-0339-4bf6-8997-22533ce336d6:group-359AED0BCB41:LeaderElection82] INFO  impl.RaftServerImpl (RaftServerImpl.java:setRole(171)) - 25438d07-0339-4bf6-8997-22533ce336d6:group-359AED0BCB41 changes role from CANDIDATE to LEADER at term 1 for changeToLeader
2019-09-20 14:16:44,762 [25438d07-0339-4bf6-8997-22533ce336d6:group-359AED0BCB41:LeaderElection82] INFO  impl.RaftServerImpl (ServerState.java:setLeader(263)) - 25438d07-0339-4bf6-8997-22533ce336d6:group-359AED0BCB41 change Leader from null to 25438d07-0339-4bf6-8997-22533ce336d6 at term 1 for becomeLeader, leader elected after 5080ms
2019-09-20 14:16:44,762 [25438d07-0339-4bf6-8997-22533ce336d6:group-359AED0BCB41:LeaderElection82] INFO  server.RaftServerConfigKeys (ConfUtils.java:logGet(43)) - raft.server.staging.catchup.gap = 1000 (default)
2019-09-20 14:16:44,763 [25438d07-0339-4bf6-8997-22533ce336d6:group-359AED0BCB41:LeaderElection82] INFO  server.RaftServerConfigKeys (ConfUtils.java:logGet(43)) - raft.server.rpc.sleep.time = 25ms (default)
2019-09-20 14:16:44,763 [25438d07-0339-4bf6-8997-22533ce336d6:group-359AED0BCB41:LeaderElection82] INFO  server.RaftServerConfigKeys (ConfUtils.java:logGet(43)) - raft.server.write.element-limit = 4096 (default)
2019-09-20 14:16:44,763 [25438d07-0339-4bf6-8997-22533ce336d6:group-359AED0BCB41:LeaderElection82] INFO  server.RaftServerConfigKeys (ConfUtils.java:logGet(43)) - raft.server.watch.timeout = 10s (default)
2019-09-20 14:16:44,763 [25438d07-0339-4bf6-8997-22533ce336d6:group-359AED0BCB41:LeaderElection82] INFO  server.RaftServerConfigKeys (ConfUtils.java:logGet(43)) - raft.server.watch.timeout.denomination = 1s (default)
2019-09-20 14:16:44,763 [25438d07-0339-4bf6-8997-22533ce336d6:group-359AED0BCB41:LeaderElection82] INFO  server.RaftServerConfigKeys (ConfUtils.java:logGet(43)) - raft.server.watch.element-limit = 65536 (default)
2019-09-20 14:16:44,763 [25438d07-0339-4bf6-8997-22533ce336d6:group-359AED0BCB41:LeaderElection82] INFO  impl.RoleInfo (RoleInfo.java:updateAndGet(143)) - 25438d07-0339-4bf6-8997-22533ce336d6: start LeaderState
2019-09-20 14:16:44,764 [25438d07-0339-4bf6-8997-22533ce336d6:group-359AED0BCB41:LeaderElection82] INFO  segmented.SegmentedRaftLogWorker (SegmentedRaftLogWorker.java:startLogSegment(380)) - 25438d07-0339-4bf6-8997-22533ce336d6-SegmentedRaftLogWorker:Storage Directory /workdir/hadoop-ozone/ozonefs/target/test-dir/MiniOzoneClusterImpl-7e8c7029-0518-46b6-9dc3-3175ad8e4a05/datanode-2/data/ratis/40ba29fb-c143-46ae-8a19-359aed0bcb41: Starting segment from index:0
2019-09-20 14:16:44,764 [25438d07-0339-4bf6-8997-22533ce336d6:group-359AED0BCB41:LeaderElection82] INFO  impl.RaftServerImpl (ServerState.java:setRaftConf(361)) - 25438d07-0339-4bf6-8997-22533ce336d6:group-359AED0BCB41 set configuration 0: [25438d07-0339-4bf6-8997-22533ce336d6:192.168.36.99:35646], old=null at 0
2019-09-20 14:16:44,795 [25438d07-0339-4bf6-8997-22533ce336d6:group-6F7FB3E315D6:LeaderElection83] INFO  impl.LeaderElection (LeaderElection.java:askForVotes(181)) - 25438d07-0339-4bf6-8997-22533ce336d6:group-6F7FB3E315D6:LeaderElection83: begin an election at term 1 for -1: [25438d07-0339-4bf6-8997-22533ce336d6:192.168.36.99:35646], old=null
2019-09-20 14:16:44,796 [25438d07-0339-4bf6-8997-22533ce336d6:group-6F7FB3E315D6:LeaderElection83] INFO  impl.RoleInfo (RoleInfo.java:shutdownLeaderElection(134)) - 25438d07-0339-4bf6-8997-22533ce336d6: shutdown LeaderElection
2019-09-20 14:16:44,796 [25438d07-0339-4bf6-8997-22533ce336d6:group-6F7FB3E315D6:LeaderElection83] INFO  impl.RaftServerImpl (RaftServerImpl.java:setRole(171)) - 25438d07-0339-4bf6-8997-22533ce336d6:group-6F7FB3E315D6 changes role from CANDIDATE to LEADER at term 1 for changeToLeader
2019-09-20 14:16:44,796 [25438d07-0339-4bf6-8997-22533ce336d6:group-6F7FB3E315D6:LeaderElection83] INFO  impl.RaftServerImpl (ServerState.java:setLeader(263)) - 25438d07-0339-4bf6-8997-22533ce336d6:group-6F7FB3E315D6 change Leader from null to 25438d07-0339-4bf6-8997-22533ce336d6 at term 1 for becomeLeader, leader elected after 5062ms
2019-09-20 14:16:44,796 [25438d07-0339-4bf6-8997-22533ce336d6:group-6F7FB3E315D6:LeaderElection83] INFO  server.RaftServerConfigKeys (ConfUtils.java:logGet(43)) - raft.server.staging.catchup.gap = 1000 (default)
2019-09-20 14:16:44,796 [25438d07-0339-4bf6-8997-22533ce336d6:group-6F7FB3E315D6:LeaderElection83] INFO  server.RaftServerConfigKeys (ConfUtils.java:logGet(43)) - raft.server.rpc.sleep.time = 25ms (default)
2019-09-20 14:16:44,796 [25438d07-0339-4bf6-8997-22533ce336d6:group-6F7FB3E315D6:LeaderElection83] INFO  server.RaftServerConfigKeys (ConfUtils.java:logGet(43)) - raft.server.write.element-limit = 4096 (default)
2019-09-20 14:16:44,796 [25438d07-0339-4bf6-8997-22533ce336d6:group-6F7FB3E315D6:LeaderElection83] INFO  server.RaftServerConfigKeys (ConfUtils.java:logGet(43)) - raft.server.watch.timeout = 10s (default)
2019-09-20 14:16:44,797 [25438d07-0339-4bf6-8997-22533ce336d6:group-6F7FB3E315D6:LeaderElection83] INFO  server.RaftServerConfigKeys (ConfUtils.java:logGet(43)) - raft.server.watch.timeout.denomination = 1s (default)
2019-09-20 14:16:44,797 [25438d07-0339-4bf6-8997-22533ce336d6:group-6F7FB3E315D6:LeaderElection83] INFO  server.RaftServerConfigKeys (ConfUtils.java:logGet(43)) - raft.server.watch.element-limit = 65536 (default)
2019-09-20 14:16:44,797 [25438d07-0339-4bf6-8997-22533ce336d6:group-6F7FB3E315D6:LeaderElection83] INFO  impl.RoleInfo (RoleInfo.java:updateAndGet(143)) - 25438d07-0339-4bf6-8997-22533ce336d6: start LeaderState
2019-09-20 14:16:44,797 [25438d07-0339-4bf6-8997-22533ce336d6:group-6F7FB3E315D6:LeaderElection83] INFO  segmented.SegmentedRaftLogWorker (SegmentedRaftLogWorker.java:startLogSegment(380)) - 25438d07-0339-4bf6-8997-22533ce336d6-SegmentedRaftLogWorker:Storage Directory /workdir/hadoop-ozone/ozonefs/target/test-dir/MiniOzoneClusterImpl-7e8c7029-0518-46b6-9dc3-3175ad8e4a05/datanode-2/data/ratis/21df82f4-741d-4639-a234-6f7fb3e315d6: Starting segment from index:0
2019-09-20 14:16:44,798 [25438d07-0339-4bf6-8997-22533ce336d6:group-6F7FB3E315D6:LeaderElection83] INFO  impl.RaftServerImpl (ServerState.java:setRaftConf(361)) - 25438d07-0339-4bf6-8997-22533ce336d6:group-6F7FB3E315D6 set configuration 0: [25438d07-0339-4bf6-8997-22533ce336d6:192.168.36.99:35646], old=null at 0
2019-09-20 14:16:44,829 [25438d07-0339-4bf6-8997-22533ce336d6-SegmentedRaftLogWorker:Storage Directory /workdir/hadoop-ozone/ozonefs/target/test-dir/MiniOzoneClusterImpl-7e8c7029-0518-46b6-9dc3-3175ad8e4a05/datanode-2/data/ratis/40ba29fb-c143-46ae-8a19-359aed0bcb41] INFO  segmented.SegmentedRaftLogWorker (SegmentedRaftLogWorker.java:execute(569)) - 25438d07-0339-4bf6-8997-22533ce336d6-SegmentedRaftLogWorker:Storage Directory /workdir/hadoop-ozone/ozonefs/target/test-dir/MiniOzoneClusterImpl-7e8c7029-0518-46b6-9dc3-3175ad8e4a05/datanode-2/data/ratis/40ba29fb-c143-46ae-8a19-359aed0bcb41: created new log segment /workdir/hadoop-ozone/ozonefs/target/test-dir/MiniOzoneClusterImpl-7e8c7029-0518-46b6-9dc3-3175ad8e4a05/datanode-2/data/ratis/40ba29fb-c143-46ae-8a19-359aed0bcb41/current/log_inprogress_0
2019-09-20 14:16:44,854 [25438d07-0339-4bf6-8997-22533ce336d6-SegmentedRaftLogWorker:Storage Directory /workdir/hadoop-ozone/ozonefs/target/test-dir/MiniOzoneClusterImpl-7e8c7029-0518-46b6-9dc3-3175ad8e4a05/datanode-2/data/ratis/21df82f4-741d-4639-a234-6f7fb3e315d6] INFO  segmented.SegmentedRaftLogWorker (SegmentedRaftLogWorker.java:execute(569)) - 25438d07-0339-4bf6-8997-22533ce336d6-SegmentedRaftLogWorker:Storage Directory /workdir/hadoop-ozone/ozonefs/target/test-dir/MiniOzoneClusterImpl-7e8c7029-0518-46b6-9dc3-3175ad8e4a05/datanode-2/data/ratis/21df82f4-741d-4639-a234-6f7fb3e315d6: created new log segment /workdir/hadoop-ozone/ozonefs/target/test-dir/MiniOzoneClusterImpl-7e8c7029-0518-46b6-9dc3-3175ad8e4a05/datanode-2/data/ratis/21df82f4-741d-4639-a234-6f7fb3e315d6/current/log_inprogress_0
2019-09-20 14:16:44,946 [Thread-1286] INFO  impl.FollowerState (FollowerState.java:run(106)) - 3dd27507-a8cb-43da-a44e-e873f99ae85b:group-07574B375768 changes to CANDIDATE, lastRpcTime:5006, electionTimeout:5006ms
2019-09-20 14:16:44,947 [Thread-1286] INFO  impl.RoleInfo (RoleInfo.java:shutdownFollowerState(121)) - 3dd27507-a8cb-43da-a44e-e873f99ae85b: shutdown FollowerState
2019-09-20 14:16:44,947 [Thread-1286] INFO  impl.RaftServerImpl (RaftServerImpl.java:setRole(171)) - 3dd27507-a8cb-43da-a44e-e873f99ae85b:group-07574B375768 changes role from FOLLOWER to CANDIDATE at term 0 for changeToCandidate
2019-09-20 14:16:44,947 [Thread-1286] INFO  impl.RoleInfo (RoleInfo.java:updateAndGet(143)) - 3dd27507-a8cb-43da-a44e-e873f99ae85b: start LeaderElection
2019-09-20 14:16:44,963 [3dd27507-a8cb-43da-a44e-e873f99ae85b:group-07574B375768:LeaderElection84] INFO  impl.LeaderElection (LeaderElection.java:askForVotes(181)) - 3dd27507-a8cb-43da-a44e-e873f99ae85b:group-07574B375768:LeaderElection84: begin an election at term 1 for -1: [3dd27507-a8cb-43da-a44e-e873f99ae85b:192.168.36.99:33496], old=null
2019-09-20 14:16:44,963 [3dd27507-a8cb-43da-a44e-e873f99ae85b:group-07574B375768:LeaderElection84] INFO  impl.RoleInfo (RoleInfo.java:shutdownLeaderElection(134)) - 3dd27507-a8cb-43da-a44e-e873f99ae85b: shutdown LeaderElection
2019-09-20 14:16:44,963 [3dd27507-a8cb-43da-a44e-e873f99ae85b:group-07574B375768:LeaderElection84] INFO  impl.RaftServerImpl (RaftServerImpl.java:setRole(171)) - 3dd27507-a8cb-43da-a44e-e873f99ae85b:group-07574B375768 changes role from CANDIDATE to LEADER at term 1 for changeToLeader
2019-09-20 14:16:44,964 [3dd27507-a8cb-43da-a44e-e873f99ae85b:group-07574B375768:LeaderElection84] INFO  impl.RaftServerImpl (ServerState.java:setLeader(263)) - 3dd27507-a8cb-43da-a44e-e873f99ae85b:group-07574B375768 change Leader from null to 3dd27507-a8cb-43da-a44e-e873f99ae85b at term 1 for becomeLeader, leader elected after 5027ms
2019-09-20 14:16:44,964 [3dd27507-a8cb-43da-a44e-e873f99ae85b:group-07574B375768:LeaderElection84] INFO  server.RaftServerConfigKeys (ConfUtils.java:logGet(43)) - raft.server.staging.catchup.gap = 1000 (default)
2019-09-20 14:16:44,964 [3dd27507-a8cb-43da-a44e-e873f99ae85b:group-07574B375768:LeaderElection84] INFO  server.RaftServerConfigKeys (ConfUtils.java:logGet(43)) - raft.server.rpc.sleep.time = 25ms (default)
2019-09-20 14:16:44,964 [3dd27507-a8cb-43da-a44e-e873f99ae85b:group-07574B375768:LeaderElection84] INFO  server.RaftServerConfigKeys (ConfUtils.java:logGet(43)) - raft.server.write.element-limit = 4096 (default)
2019-09-20 14:16:44,964 [3dd27507-a8cb-43da-a44e-e873f99ae85b:group-07574B375768:LeaderElection84] INFO  server.RaftServerConfigKeys (ConfUtils.java:logGet(43)) - raft.server.watch.timeout = 10s (default)
2019-09-20 14:16:44,965 [3dd27507-a8cb-43da-a44e-e873f99ae85b:group-07574B375768:LeaderElection84] INFO  server.RaftServerConfigKeys (ConfUtils.java:logGet(43)) - raft.server.watch.timeout.denomination = 1s (default)
2019-09-20 14:16:44,965 [3dd27507-a8cb-43da-a44e-e873f99ae85b:group-07574B375768:LeaderElection84] INFO  server.RaftServerConfigKeys (ConfUtils.java:logGet(43)) - raft.server.watch.element-limit = 65536 (default)
2019-09-20 14:16:44,965 [3dd27507-a8cb-43da-a44e-e873f99ae85b:group-07574B375768:LeaderElection84] INFO  impl.RoleInfo (RoleInfo.java:updateAndGet(143)) - 3dd27507-a8cb-43da-a44e-e873f99ae85b: start LeaderState
2019-09-20 14:16:44,965 [3dd27507-a8cb-43da-a44e-e873f99ae85b:group-07574B375768:LeaderElection84] INFO  segmented.SegmentedRaftLogWorker (SegmentedRaftLogWorker.java:startLogSegment(380)) - 3dd27507-a8cb-43da-a44e-e873f99ae85b-SegmentedRaftLogWorker:Storage Directory /workdir/hadoop-ozone/ozonefs/target/test-dir/MiniOzoneClusterImpl-7e8c7029-0518-46b6-9dc3-3175ad8e4a05/datanode-1/data/ratis/8cc409c9-da89-483a-aeaf-07574b375768: Starting segment from index:0
2019-09-20 14:16:44,966 [3dd27507-a8cb-43da-a44e-e873f99ae85b:group-07574B375768:LeaderElection84] INFO  impl.RaftServerImpl (ServerState.java:setRaftConf(361)) - 3dd27507-a8cb-43da-a44e-e873f99ae85b:group-07574B375768 set configuration 0: [3dd27507-a8cb-43da-a44e-e873f99ae85b:192.168.36.99:33496], old=null at 0
2019-09-20 14:16:44,990 [Thread-1283] INFO  impl.FollowerState (FollowerState.java:run(106)) - 3dd27507-a8cb-43da-a44e-e873f99ae85b:group-9AD4883BF3EC changes to CANDIDATE, lastRpcTime:5100, electionTimeout:5100ms
2019-09-20 14:16:44,990 [Thread-1283] INFO  impl.RoleInfo (RoleInfo.java:shutdownFollowerState(121)) - 3dd27507-a8cb-43da-a44e-e873f99ae85b: shutdown FollowerState
2019-09-20 14:16:44,991 [Thread-1283] INFO  impl.RaftServerImpl (RaftServerImpl.java:setRole(171)) - 3dd27507-a8cb-43da-a44e-e873f99ae85b:group-9AD4883BF3EC changes role from FOLLOWER to CANDIDATE at term 0 for changeToCandidate
2019-09-20 14:16:44,991 [Thread-1283] INFO  impl.RoleInfo (RoleInfo.java:updateAndGet(143)) - 3dd27507-a8cb-43da-a44e-e873f99ae85b: start LeaderElection
2019-09-20 14:16:45,017 [Thread-1289] INFO  impl.FollowerState (FollowerState.java:run(106)) - 25438d07-0339-4bf6-8997-22533ce336d6:group-E43046B1C2CB changes to CANDIDATE, lastRpcTime:5025, electionTimeout:5025ms
2019-09-20 14:16:45,017 [Thread-1289] INFO  impl.RoleInfo (RoleInfo.java:shutdownFollowerState(121)) - 25438d07-0339-4bf6-8997-22533ce336d6: shutdown FollowerState
2019-09-20 14:16:45,017 [Thread-1289] INFO  impl.RaftServerImpl (RaftServerImpl.java:setRole(171)) - 25438d07-0339-4bf6-8997-22533ce336d6:group-E43046B1C2CB changes role from FOLLOWER to CANDIDATE at term 0 for changeToCandidate
2019-09-20 14:16:45,018 [Thread-1289] INFO  impl.RoleInfo (RoleInfo.java:updateAndGet(143)) - 25438d07-0339-4bf6-8997-22533ce336d6: start LeaderElection
2019-09-20 14:16:45,022 [3dd27507-a8cb-43da-a44e-e873f99ae85b-SegmentedRaftLogWorker:Storage Directory /workdir/hadoop-ozone/ozonefs/target/test-dir/MiniOzoneClusterImpl-7e8c7029-0518-46b6-9dc3-3175ad8e4a05/datanode-1/data/ratis/8cc409c9-da89-483a-aeaf-07574b375768] INFO  segmented.SegmentedRaftLogWorker (SegmentedRaftLogWorker.java:execute(569)) - 3dd27507-a8cb-43da-a44e-e873f99ae85b-SegmentedRaftLogWorker:Storage Directory /workdir/hadoop-ozone/ozonefs/target/test-dir/MiniOzoneClusterImpl-7e8c7029-0518-46b6-9dc3-3175ad8e4a05/datanode-1/data/ratis/8cc409c9-da89-483a-aeaf-07574b375768: created new log segment /workdir/hadoop-ozone/ozonefs/target/test-dir/MiniOzoneClusterImpl-7e8c7029-0518-46b6-9dc3-3175ad8e4a05/datanode-1/data/ratis/8cc409c9-da89-483a-aeaf-07574b375768/current/log_inprogress_0
2019-09-20 14:16:45,022 [3dd27507-a8cb-43da-a44e-e873f99ae85b:group-9AD4883BF3EC:LeaderElection85] INFO  impl.LeaderElection (LeaderElection.java:askForVotes(181)) - 3dd27507-a8cb-43da-a44e-e873f99ae85b:group-9AD4883BF3EC:LeaderElection85: begin an election at term 1 for -1: [3dd27507-a8cb-43da-a44e-e873f99ae85b:192.168.36.99:33496], old=null
2019-09-20 14:16:45,022 [3dd27507-a8cb-43da-a44e-e873f99ae85b:group-9AD4883BF3EC:LeaderElection85] INFO  impl.RoleInfo (RoleInfo.java:shutdownLeaderElection(134)) - 3dd27507-a8cb-43da-a44e-e873f99ae85b: shutdown LeaderElection
2019-09-20 14:16:45,022 [3dd27507-a8cb-43da-a44e-e873f99ae85b:group-9AD4883BF3EC:LeaderElection85] INFO  impl.RaftServerImpl (RaftServerImpl.java:setRole(171)) - 3dd27507-a8cb-43da-a44e-e873f99ae85b:group-9AD4883BF3EC changes role from CANDIDATE to LEADER at term 1 for changeToLeader
2019-09-20 14:16:45,022 [3dd27507-a8cb-43da-a44e-e873f99ae85b:group-9AD4883BF3EC:LeaderElection85] INFO  impl.RaftServerImpl (ServerState.java:setLeader(263)) - 3dd27507-a8cb-43da-a44e-e873f99ae85b:group-9AD4883BF3EC change Leader from null to 3dd27507-a8cb-43da-a44e-e873f99ae85b at term 1 for becomeLeader, leader elected after 5136ms
2019-09-20 14:16:45,023 [3dd27507-a8cb-43da-a44e-e873f99ae85b:group-9AD4883BF3EC:LeaderElection85] INFO  server.RaftServerConfigKeys (ConfUtils.java:logGet(43)) - raft.server.staging.catchup.gap = 1000 (default)
2019-09-20 14:16:45,023 [3dd27507-a8cb-43da-a44e-e873f99ae85b:group-9AD4883BF3EC:LeaderElection85] INFO  server.RaftServerConfigKeys (ConfUtils.java:logGet(43)) - raft.server.rpc.sleep.time = 25ms (default)
2019-09-20 14:16:45,023 [3dd27507-a8cb-43da-a44e-e873f99ae85b:group-9AD4883BF3EC:LeaderElection85] INFO  server.RaftServerConfigKeys (ConfUtils.java:logGet(43)) - raft.server.write.element-limit = 4096 (default)
2019-09-20 14:16:45,023 [3dd27507-a8cb-43da-a44e-e873f99ae85b:group-9AD4883BF3EC:LeaderElection85] INFO  server.RaftServerConfigKeys (ConfUtils.java:logGet(43)) - raft.server.watch.timeout = 10s (default)
2019-09-20 14:16:45,023 [3dd27507-a8cb-43da-a44e-e873f99ae85b:group-9AD4883BF3EC:LeaderElection85] INFO  server.RaftServerConfigKeys (ConfUtils.java:logGet(43)) - raft.server.watch.timeout.denomination = 1s (default)
2019-09-20 14:16:45,023 [3dd27507-a8cb-43da-a44e-e873f99ae85b:group-9AD4883BF3EC:LeaderElection85] INFO  server.RaftServerConfigKeys (ConfUtils.java:logGet(43)) - raft.server.watch.element-limit = 65536 (default)
2019-09-20 14:16:45,024 [3dd27507-a8cb-43da-a44e-e873f99ae85b:group-9AD4883BF3EC:LeaderElection85] INFO  impl.RoleInfo (RoleInfo.java:updateAndGet(143)) - 3dd27507-a8cb-43da-a44e-e873f99ae85b: start LeaderState
2019-09-20 14:16:45,024 [3dd27507-a8cb-43da-a44e-e873f99ae85b:group-9AD4883BF3EC:LeaderElection85] INFO  segmented.SegmentedRaftLogWorker (SegmentedRaftLogWorker.java:startLogSegment(380)) - 3dd27507-a8cb-43da-a44e-e873f99ae85b-SegmentedRaftLogWorker:Storage Directory /workdir/hadoop-ozone/ozonefs/target/test-dir/MiniOzoneClusterImpl-7e8c7029-0518-46b6-9dc3-3175ad8e4a05/datanode-1/data/ratis/909d4151-c3ea-4082-8b68-9ad4883bf3ec: Starting segment from index:0
2019-09-20 14:16:45,024 [3dd27507-a8cb-43da-a44e-e873f99ae85b:group-9AD4883BF3EC:LeaderElection85] INFO  impl.RaftServerImpl (ServerState.java:setRaftConf(361)) - 3dd27507-a8cb-43da-a44e-e873f99ae85b:group-9AD4883BF3EC set configuration 0: [3dd27507-a8cb-43da-a44e-e873f99ae85b:192.168.36.99:33496], old=null at 0
2019-09-20 14:16:45,036 [Thread-1280] INFO  impl.FollowerState (FollowerState.java:run(106)) - 25438d07-0339-4bf6-8997-22533ce336d6:group-62EF282E5990 changes to CANDIDATE, lastRpcTime:5189, electionTimeout:5189ms
2019-09-20 14:16:45,036 [Thread-1280] INFO  impl.RoleInfo (RoleInfo.java:shutdownFollowerState(121)) - 25438d07-0339-4bf6-8997-22533ce336d6: shutdown FollowerState
2019-09-20 14:16:45,036 [Thread-1280] INFO  impl.RaftServerImpl (RaftServerImpl.java:setRole(171)) - 25438d07-0339-4bf6-8997-22533ce336d6:group-62EF282E5990 changes role from FOLLOWER to CANDIDATE at term 0 for changeToCandidate
2019-09-20 14:16:45,036 [Thread-1280] INFO  impl.RoleInfo (RoleInfo.java:updateAndGet(143)) - 25438d07-0339-4bf6-8997-22533ce336d6: start LeaderElection
2019-09-20 14:16:45,039 [25438d07-0339-4bf6-8997-22533ce336d6:group-E43046B1C2CB:LeaderElection86] INFO  impl.LeaderElection (LeaderElection.java:askForVotes(181)) - 25438d07-0339-4bf6-8997-22533ce336d6:group-E43046B1C2CB:LeaderElection86: begin an election at term 1 for -1: [25438d07-0339-4bf6-8997-22533ce336d6:192.168.36.99:35646], old=null
2019-09-20 14:16:45,039 [25438d07-0339-4bf6-8997-22533ce336d6:group-E43046B1C2CB:LeaderElection86] INFO  impl.RoleInfo (RoleInfo.java:shutdownLeaderElection(134)) - 25438d07-0339-4bf6-8997-22533ce336d6: shutdown LeaderElection
2019-09-20 14:16:45,039 [25438d07-0339-4bf6-8997-22533ce336d6:group-E43046B1C2CB:LeaderElection86] INFO  impl.RaftServerImpl (RaftServerImpl.java:setRole(171)) - 25438d07-0339-4bf6-8997-22533ce336d6:group-E43046B1C2CB changes role from CANDIDATE to LEADER at term 1 for changeToLeader
2019-09-20 14:16:45,039 [25438d07-0339-4bf6-8997-22533ce336d6:group-E43046B1C2CB:LeaderElection86] INFO  impl.RaftServerImpl (ServerState.java:setLeader(263)) - 25438d07-0339-4bf6-8997-22533ce336d6:group-E43046B1C2CB change Leader from null to 25438d07-0339-4bf6-8997-22533ce336d6 at term 1 for becomeLeader, leader elected after 5052ms
2019-09-20 14:16:45,039 [25438d07-0339-4bf6-8997-22533ce336d6:group-E43046B1C2CB:LeaderElection86] INFO  server.RaftServerConfigKeys (ConfUtils.java:logGet(43)) - raft.server.staging.catchup.gap = 1000 (default)
2019-09-20 14:16:45,039 [25438d07-0339-4bf6-8997-22533ce336d6:group-E43046B1C2CB:LeaderElection86] INFO  server.RaftServerConfigKeys (ConfUtils.java:logGet(43)) - raft.server.rpc.sleep.time = 25ms (default)
2019-09-20 14:16:45,039 [25438d07-0339-4bf6-8997-22533ce336d6:group-E43046B1C2CB:LeaderElection86] INFO  server.RaftServerConfigKeys (ConfUtils.java:logGet(43)) - raft.server.write.element-limit = 4096 (default)
2019-09-20 14:16:45,039 [25438d07-0339-4bf6-8997-22533ce336d6:group-E43046B1C2CB:LeaderElection86] INFO  server.RaftServerConfigKeys (ConfUtils.java:logGet(43)) - raft.server.watch.timeout = 10s (default)
2019-09-20 14:16:45,040 [25438d07-0339-4bf6-8997-22533ce336d6:group-E43046B1C2CB:LeaderElection86] INFO  server.RaftServerConfigKeys (ConfUtils.java:logGet(43)) - raft.server.watch.timeout.denomination = 1s (default)
2019-09-20 14:16:45,040 [25438d07-0339-4bf6-8997-22533ce336d6:group-E43046B1C2CB:LeaderElection86] INFO  server.RaftServerConfigKeys (ConfUtils.java:logGet(43)) - raft.server.watch.element-limit = 65536 (default)
2019-09-20 14:16:45,040 [25438d07-0339-4bf6-8997-22533ce336d6:group-E43046B1C2CB:LeaderElection86] INFO  impl.RoleInfo (RoleInfo.java:updateAndGet(143)) - 25438d07-0339-4bf6-8997-22533ce336d6: start LeaderState
2019-09-20 14:16:45,040 [25438d07-0339-4bf6-8997-22533ce336d6:group-E43046B1C2CB:LeaderElection86] INFO  segmented.SegmentedRaftLogWorker (SegmentedRaftLogWorker.java:startLogSegment(380)) - 25438d07-0339-4bf6-8997-22533ce336d6-SegmentedRaftLogWorker:Storage Directory /workdir/hadoop-ozone/ozonefs/target/test-dir/MiniOzoneClusterImpl-7e8c7029-0518-46b6-9dc3-3175ad8e4a05/datanode-2/data/ratis/21327f95-9b02-4911-b3bd-e43046b1c2cb: Starting segment from index:0
2019-09-20 14:16:45,041 [25438d07-0339-4bf6-8997-22533ce336d6:group-E43046B1C2CB:LeaderElection86] INFO  impl.RaftServerImpl (ServerState.java:setRaftConf(361)) - 25438d07-0339-4bf6-8997-22533ce336d6:group-E43046B1C2CB set configuration 0: [25438d07-0339-4bf6-8997-22533ce336d6:192.168.36.99:35646], old=null at 0
2019-09-20 14:16:45,056 [25438d07-0339-4bf6-8997-22533ce336d6:group-62EF282E5990:LeaderElection87] INFO  impl.LeaderElection (LeaderElection.java:askForVotes(181)) - 25438d07-0339-4bf6-8997-22533ce336d6:group-62EF282E5990:LeaderElection87: begin an election at term 1 for -1: [25438d07-0339-4bf6-8997-22533ce336d6:192.168.36.99:35646], old=null
2019-09-20 14:16:45,056 [25438d07-0339-4bf6-8997-22533ce336d6:group-62EF282E5990:LeaderElection87] INFO  impl.RoleInfo (RoleInfo.java:shutdownLeaderElection(134)) - 25438d07-0339-4bf6-8997-22533ce336d6: shutdown LeaderElection
2019-09-20 14:16:45,056 [25438d07-0339-4bf6-8997-22533ce336d6:group-62EF282E5990:LeaderElection87] INFO  impl.RaftServerImpl (RaftServerImpl.java:setRole(171)) - 25438d07-0339-4bf6-8997-22533ce336d6:group-62EF282E5990 changes role from CANDIDATE to LEADER at term 1 for changeToLeader
2019-09-20 14:16:45,056 [25438d07-0339-4bf6-8997-22533ce336d6:group-62EF282E5990:LeaderElection87] INFO  impl.RaftServerImpl (ServerState.java:setLeader(263)) - 25438d07-0339-4bf6-8997-22533ce336d6:group-62EF282E5990 change Leader from null to 25438d07-0339-4bf6-8997-22533ce336d6 at term 1 for becomeLeader, leader elected after 5214ms
2019-09-20 14:16:45,057 [25438d07-0339-4bf6-8997-22533ce336d6:group-62EF282E5990:LeaderElection87] INFO  server.RaftServerConfigKeys (ConfUtils.java:logGet(43)) - raft.server.staging.catchup.gap = 1000 (default)
2019-09-20 14:16:45,057 [25438d07-0339-4bf6-8997-22533ce336d6:group-62EF282E5990:LeaderElection87] INFO  server.RaftServerConfigKeys (ConfUtils.java:logGet(43)) - raft.server.rpc.sleep.time = 25ms (default)
2019-09-20 14:16:45,057 [25438d07-0339-4bf6-8997-22533ce336d6:group-62EF282E5990:LeaderElection87] INFO  server.RaftServerConfigKeys (ConfUtils.java:logGet(43)) - raft.server.write.element-limit = 4096 (default)
2019-09-20 14:16:45,057 [25438d07-0339-4bf6-8997-22533ce336d6:group-62EF282E5990:LeaderElection87] INFO  server.RaftServerConfigKeys (ConfUtils.java:logGet(43)) - raft.server.watch.timeout = 10s (default)
2019-09-20 14:16:45,057 [25438d07-0339-4bf6-8997-22533ce336d6:group-62EF282E5990:LeaderElection87] INFO  server.RaftServerConfigKeys (ConfUtils.java:logGet(43)) - raft.server.watch.timeout.denomination = 1s (default)
2019-09-20 14:16:45,057 [25438d07-0339-4bf6-8997-22533ce336d6:group-62EF282E5990:LeaderElection87] INFO  server.RaftServerConfigKeys (ConfUtils.java:logGet(43)) - raft.server.watch.element-limit = 65536 (default)
2019-09-20 14:16:45,058 [25438d07-0339-4bf6-8997-22533ce336d6:group-62EF282E5990:LeaderElection87] INFO  impl.RoleInfo (RoleInfo.java:updateAndGet(143)) - 25438d07-0339-4bf6-8997-22533ce336d6: start LeaderState
2019-09-20 14:16:45,058 [25438d07-0339-4bf6-8997-22533ce336d6:group-62EF282E5990:LeaderElection87] INFO  segmented.SegmentedRaftLogWorker (SegmentedRaftLogWorker.java:startLogSegment(380)) - 25438d07-0339-4bf6-8997-22533ce336d6-SegmentedRaftLogWorker:Storage Directory /workdir/hadoop-ozone/ozonefs/target/test-dir/MiniOzoneClusterImpl-7e8c7029-0518-46b6-9dc3-3175ad8e4a05/datanode-2/data/ratis/adfcb1fd-26ce-4751-b3c2-62ef282e5990: Starting segment from index:0
2019-09-20 14:16:45,058 [25438d07-0339-4bf6-8997-22533ce336d6:group-62EF282E5990:LeaderElection87] INFO  impl.RaftServerImpl (ServerState.java:setRaftConf(361)) - 25438d07-0339-4bf6-8997-22533ce336d6:group-62EF282E5990 set configuration 0: [25438d07-0339-4bf6-8997-22533ce336d6:192.168.36.99:35646], old=null at 0
2019-09-20 14:16:45,067 [Thread-1292] INFO  impl.FollowerState (FollowerState.java:run(106)) - 25438d07-0339-4bf6-8997-22533ce336d6:group-403592C46DC5 changes to CANDIDATE, lastRpcTime:5000, electionTimeout:5000ms
2019-09-20 14:16:45,067 [Thread-1292] INFO  impl.RoleInfo (RoleInfo.java:shutdownFollowerState(121)) - 25438d07-0339-4bf6-8997-22533ce336d6: shutdown FollowerState
2019-09-20 14:16:45,067 [Thread-1292] INFO  impl.RaftServerImpl (RaftServerImpl.java:setRole(171)) - 25438d07-0339-4bf6-8997-22533ce336d6:group-403592C46DC5 changes role from FOLLOWER to CANDIDATE at term 0 for changeToCandidate
2019-09-20 14:16:45,068 [Thread-1292] INFO  impl.RoleInfo (RoleInfo.java:updateAndGet(143)) - 25438d07-0339-4bf6-8997-22533ce336d6: start LeaderElection
2019-09-20 14:16:45,081 [3dd27507-a8cb-43da-a44e-e873f99ae85b-SegmentedRaftLogWorker:Storage Directory /workdir/hadoop-ozone/ozonefs/target/test-dir/MiniOzoneClusterImpl-7e8c7029-0518-46b6-9dc3-3175ad8e4a05/datanode-1/data/ratis/909d4151-c3ea-4082-8b68-9ad4883bf3ec] INFO  segmented.SegmentedRaftLogWorker (SegmentedRaftLogWorker.java:execute(569)) - 3dd27507-a8cb-43da-a44e-e873f99ae85b-SegmentedRaftLogWorker:Storage Directory /workdir/hadoop-ozone/ozonefs/target/test-dir/MiniOzoneClusterImpl-7e8c7029-0518-46b6-9dc3-3175ad8e4a05/datanode-1/data/ratis/909d4151-c3ea-4082-8b68-9ad4883bf3ec: created new log segment /workdir/hadoop-ozone/ozonefs/target/test-dir/MiniOzoneClusterImpl-7e8c7029-0518-46b6-9dc3-3175ad8e4a05/datanode-1/data/ratis/909d4151-c3ea-4082-8b68-9ad4883bf3ec/current/log_inprogress_0
2019-09-20 14:16:45,081 [25438d07-0339-4bf6-8997-22533ce336d6:group-403592C46DC5:LeaderElection88] INFO  impl.LeaderElection (LeaderElection.java:askForVotes(181)) - 25438d07-0339-4bf6-8997-22533ce336d6:group-403592C46DC5:LeaderElection88: begin an election at term 1 for -1: [25438d07-0339-4bf6-8997-22533ce336d6:192.168.36.99:35646], old=null
2019-09-20 14:16:45,082 [25438d07-0339-4bf6-8997-22533ce336d6:group-403592C46DC5:LeaderElection88] INFO  impl.RoleInfo (RoleInfo.java:shutdownLeaderElection(134)) - 25438d07-0339-4bf6-8997-22533ce336d6: shutdown LeaderElection
2019-09-20 14:16:45,082 [25438d07-0339-4bf6-8997-22533ce336d6:group-403592C46DC5:LeaderElection88] INFO  impl.RaftServerImpl (RaftServerImpl.java:setRole(171)) - 25438d07-0339-4bf6-8997-22533ce336d6:group-403592C46DC5 changes role from CANDIDATE to LEADER at term 1 for changeToLeader
2019-09-20 14:16:45,082 [25438d07-0339-4bf6-8997-22533ce336d6:group-403592C46DC5:LeaderElection88] INFO  impl.RaftServerImpl (ServerState.java:setLeader(263)) - 25438d07-0339-4bf6-8997-22533ce336d6:group-403592C46DC5 change Leader from null to 25438d07-0339-4bf6-8997-22533ce336d6 at term 1 for becomeLeader, leader elected after 5019ms
2019-09-20 14:16:45,082 [25438d07-0339-4bf6-8997-22533ce336d6:group-403592C46DC5:LeaderElection88] INFO  server.RaftServerConfigKeys (ConfUtils.java:logGet(43)) - raft.server.staging.catchup.gap = 1000 (default)
2019-09-20 14:16:45,082 [25438d07-0339-4bf6-8997-22533ce336d6:group-403592C46DC5:LeaderElection88] INFO  server.RaftServerConfigKeys (ConfUtils.java:logGet(43)) - raft.server.rpc.sleep.time = 25ms (default)
2019-09-20 14:16:45,082 [25438d07-0339-4bf6-8997-22533ce336d6:group-403592C46DC5:LeaderElection88] INFO  server.RaftServerConfigKeys (ConfUtils.java:logGet(43)) - raft.server.write.element-limit = 4096 (default)
2019-09-20 14:16:45,082 [25438d07-0339-4bf6-8997-22533ce336d6:group-403592C46DC5:LeaderElection88] INFO  server.RaftServerConfigKeys (ConfUtils.java:logGet(43)) - raft.server.watch.timeout = 10s (default)
2019-09-20 14:16:45,082 [25438d07-0339-4bf6-8997-22533ce336d6:group-403592C46DC5:LeaderElection88] INFO  server.RaftServerConfigKeys (ConfUtils.java:logGet(43)) - raft.server.watch.timeout.denomination = 1s (default)
2019-09-20 14:16:45,082 [25438d07-0339-4bf6-8997-22533ce336d6:group-403592C46DC5:LeaderElection88] INFO  server.RaftServerConfigKeys (ConfUtils.java:logGet(43)) - raft.server.watch.element-limit = 65536 (default)
2019-09-20 14:16:45,083 [25438d07-0339-4bf6-8997-22533ce336d6:group-403592C46DC5:LeaderElection88] INFO  impl.RoleInfo (RoleInfo.java:updateAndGet(143)) - 25438d07-0339-4bf6-8997-22533ce336d6: start LeaderState
2019-09-20 14:16:45,083 [25438d07-0339-4bf6-8997-22533ce336d6:group-403592C46DC5:LeaderElection88] INFO  segmented.SegmentedRaftLogWorker (SegmentedRaftLogWorker.java:startLogSegment(380)) - 25438d07-0339-4bf6-8997-22533ce336d6-SegmentedRaftLogWorker:Storage Directory /workdir/hadoop-ozone/ozonefs/target/test-dir/MiniOzoneClusterImpl-7e8c7029-0518-46b6-9dc3-3175ad8e4a05/datanode-2/data/ratis/f51feb66-7abc-4137-a1fb-403592c46dc5: Starting segment from index:0
2019-09-20 14:16:45,083 [25438d07-0339-4bf6-8997-22533ce336d6:group-403592C46DC5:LeaderElection88] INFO  impl.RaftServerImpl (ServerState.java:setRaftConf(361)) - 25438d07-0339-4bf6-8997-22533ce336d6:group-403592C46DC5 set configuration 0: [25438d07-0339-4bf6-8997-22533ce336d6:192.168.36.99:35646], old=null at 0
2019-09-20 14:16:45,098 [25438d07-0339-4bf6-8997-22533ce336d6-SegmentedRaftLogWorker:Storage Directory /workdir/hadoop-ozone/ozonefs/target/test-dir/MiniOzoneClusterImpl-7e8c7029-0518-46b6-9dc3-3175ad8e4a05/datanode-2/data/ratis/21327f95-9b02-4911-b3bd-e43046b1c2cb] INFO  segmented.SegmentedRaftLogWorker (SegmentedRaftLogWorker.java:execute(569)) - 25438d07-0339-4bf6-8997-22533ce336d6-SegmentedRaftLogWorker:Storage Directory /workdir/hadoop-ozone/ozonefs/target/test-dir/MiniOzoneClusterImpl-7e8c7029-0518-46b6-9dc3-3175ad8e4a05/datanode-2/data/ratis/21327f95-9b02-4911-b3bd-e43046b1c2cb: created new log segment /workdir/hadoop-ozone/ozonefs/target/test-dir/MiniOzoneClusterImpl-7e8c7029-0518-46b6-9dc3-3175ad8e4a05/datanode-2/data/ratis/21327f95-9b02-4911-b3bd-e43046b1c2cb/current/log_inprogress_0
2019-09-20 14:16:45,115 [25438d07-0339-4bf6-8997-22533ce336d6-SegmentedRaftLogWorker:Storage Directory /workdir/hadoop-ozone/ozonefs/target/test-dir/MiniOzoneClusterImpl-7e8c7029-0518-46b6-9dc3-3175ad8e4a05/datanode-2/data/ratis/adfcb1fd-26ce-4751-b3c2-62ef282e5990] INFO  segmented.SegmentedRaftLogWorker (SegmentedRaftLogWorker.java:execute(569)) - 25438d07-0339-4bf6-8997-22533ce336d6-SegmentedRaftLogWorker:Storage Directory /workdir/hadoop-ozone/ozonefs/target/test-dir/MiniOzoneClusterImpl-7e8c7029-0518-46b6-9dc3-3175ad8e4a05/datanode-2/data/ratis/adfcb1fd-26ce-4751-b3c2-62ef282e5990: created new log segment /workdir/hadoop-ozone/ozonefs/target/test-dir/MiniOzoneClusterImpl-7e8c7029-0518-46b6-9dc3-3175ad8e4a05/datanode-2/data/ratis/adfcb1fd-26ce-4751-b3c2-62ef282e5990/current/log_inprogress_0
2019-09-20 14:16:45,132 [25438d07-0339-4bf6-8997-22533ce336d6-SegmentedRaftLogWorker:Storage Directory /workdir/hadoop-ozone/ozonefs/target/test-dir/MiniOzoneClusterImpl-7e8c7029-0518-46b6-9dc3-3175ad8e4a05/datanode-2/data/ratis/f51feb66-7abc-4137-a1fb-403592c46dc5] INFO  segmented.SegmentedRaftLogWorker (SegmentedRaftLogWorker.java:execute(569)) - 25438d07-0339-4bf6-8997-22533ce336d6-SegmentedRaftLogWorker:Storage Directory /workdir/hadoop-ozone/ozonefs/target/test-dir/MiniOzoneClusterImpl-7e8c7029-0518-46b6-9dc3-3175ad8e4a05/datanode-2/data/ratis/f51feb66-7abc-4137-a1fb-403592c46dc5: created new log segment /workdir/hadoop-ozone/ozonefs/target/test-dir/MiniOzoneClusterImpl-7e8c7029-0518-46b6-9dc3-3175ad8e4a05/datanode-2/data/ratis/f51feb66-7abc-4137-a1fb-403592c46dc5/current/log_inprogress_0
2019-09-20 14:16:45,145 [Thread-1295] INFO  impl.FollowerState (FollowerState.java:run(106)) - 25438d07-0339-4bf6-8997-22533ce336d6:group-B5545ED76E83 changes to CANDIDATE, lastRpcTime:5011, electionTimeout:5011ms
2019-09-20 14:16:45,146 [Thread-1295] INFO  impl.RoleInfo (RoleInfo.java:shutdownFollowerState(121)) - 25438d07-0339-4bf6-8997-22533ce336d6: shutdown FollowerState
2019-09-20 14:16:45,146 [Thread-1295] INFO  impl.RaftServerImpl (RaftServerImpl.java:setRole(171)) - 25438d07-0339-4bf6-8997-22533ce336d6:group-B5545ED76E83 changes role from FOLLOWER to CANDIDATE at term 0 for changeToCandidate
2019-09-20 14:16:45,146 [Thread-1295] INFO  impl.RoleInfo (RoleInfo.java:updateAndGet(143)) - 25438d07-0339-4bf6-8997-22533ce336d6: start LeaderElection
2019-09-20 14:16:45,166 [25438d07-0339-4bf6-8997-22533ce336d6:group-B5545ED76E83:LeaderElection89] INFO  impl.LeaderElection (LeaderElection.java:askForVotes(181)) - 25438d07-0339-4bf6-8997-22533ce336d6:group-B5545ED76E83:LeaderElection89: begin an election at term 1 for -1: [25438d07-0339-4bf6-8997-22533ce336d6:192.168.36.99:35646], old=null
2019-09-20 14:16:45,166 [25438d07-0339-4bf6-8997-22533ce336d6:group-B5545ED76E83:LeaderElection89] INFO  impl.RoleInfo (RoleInfo.java:shutdownLeaderElection(134)) - 25438d07-0339-4bf6-8997-22533ce336d6: shutdown LeaderElection
2019-09-20 14:16:45,166 [25438d07-0339-4bf6-8997-22533ce336d6:group-B5545ED76E83:LeaderElection89] INFO  impl.RaftServerImpl (RaftServerImpl.java:setRole(171)) - 25438d07-0339-4bf6-8997-22533ce336d6:group-B5545ED76E83 changes role from CANDIDATE to LEADER at term 1 for changeToLeader
2019-09-20 14:16:45,166 [25438d07-0339-4bf6-8997-22533ce336d6:group-B5545ED76E83:LeaderElection89] INFO  impl.RaftServerImpl (ServerState.java:setLeader(263)) - 25438d07-0339-4bf6-8997-22533ce336d6:group-B5545ED76E83 change Leader from null to 25438d07-0339-4bf6-8997-22533ce336d6 at term 1 for becomeLeader, leader elected after 5036ms
2019-09-20 14:16:45,167 [25438d07-0339-4bf6-8997-22533ce336d6:group-B5545ED76E83:LeaderElection89] INFO  server.RaftServerConfigKeys (ConfUtils.java:logGet(43)) - raft.server.staging.catchup.gap = 1000 (default)
2019-09-20 14:16:45,167 [25438d07-0339-4bf6-8997-22533ce336d6:group-B5545ED76E83:LeaderElection89] INFO  server.RaftServerConfigKeys (ConfUtils.java:logGet(43)) - raft.server.rpc.sleep.time = 25ms (default)
2019-09-20 14:16:45,167 [25438d07-0339-4bf6-8997-22533ce336d6:group-B5545ED76E83:LeaderElection89] INFO  server.RaftServerConfigKeys (ConfUtils.java:logGet(43)) - raft.server.write.element-limit = 4096 (default)
2019-09-20 14:16:45,167 [25438d07-0339-4bf6-8997-22533ce336d6:group-B5545ED76E83:LeaderElection89] INFO  server.RaftServerConfigKeys (ConfUtils.java:logGet(43)) - raft.server.watch.timeout = 10s (default)
2019-09-20 14:16:45,167 [25438d07-0339-4bf6-8997-22533ce336d6:group-B5545ED76E83:LeaderElection89] INFO  server.RaftServerConfigKeys (ConfUtils.java:logGet(43)) - raft.server.watch.timeout.denomination = 1s (default)
2019-09-20 14:16:45,167 [25438d07-0339-4bf6-8997-22533ce336d6:group-B5545ED76E83:LeaderElection89] INFO  server.RaftServerConfigKeys (ConfUtils.java:logGet(43)) - raft.server.watch.element-limit = 65536 (default)
2019-09-20 14:16:45,168 [25438d07-0339-4bf6-8997-22533ce336d6:group-B5545ED76E83:LeaderElection89] INFO  impl.RoleInfo (RoleInfo.java:updateAndGet(143)) - 25438d07-0339-4bf6-8997-22533ce336d6: start LeaderState
2019-09-20 14:16:45,168 [25438d07-0339-4bf6-8997-22533ce336d6:group-B5545ED76E83:LeaderElection89] INFO  segmented.SegmentedRaftLogWorker (SegmentedRaftLogWorker.java:startLogSegment(380)) - 25438d07-0339-4bf6-8997-22533ce336d6-SegmentedRaftLogWorker:Storage Directory /workdir/hadoop-ozone/ozonefs/target/test-dir/MiniOzoneClusterImpl-7e8c7029-0518-46b6-9dc3-3175ad8e4a05/datanode-2/data/ratis/dc9f1f18-02d1-498b-93da-b5545ed76e83: Starting segment from index:0
2019-09-20 14:16:45,169 [25438d07-0339-4bf6-8997-22533ce336d6:group-B5545ED76E83:LeaderElection89] INFO  impl.RaftServerImpl (ServerState.java:setRaftConf(361)) - 25438d07-0339-4bf6-8997-22533ce336d6:group-B5545ED76E83 set configuration 0: [25438d07-0339-4bf6-8997-22533ce336d6:192.168.36.99:35646], old=null at 0
2019-09-20 14:16:45,225 [25438d07-0339-4bf6-8997-22533ce336d6-SegmentedRaftLogWorker:Storage Directory /workdir/hadoop-ozone/ozonefs/target/test-dir/MiniOzoneClusterImpl-7e8c7029-0518-46b6-9dc3-3175ad8e4a05/datanode-2/data/ratis/dc9f1f18-02d1-498b-93da-b5545ed76e83] INFO  segmented.SegmentedRaftLogWorker (SegmentedRaftLogWorker.java:execute(569)) - 25438d07-0339-4bf6-8997-22533ce336d6-SegmentedRaftLogWorker:Storage Directory /workdir/hadoop-ozone/ozonefs/target/test-dir/MiniOzoneClusterImpl-7e8c7029-0518-46b6-9dc3-3175ad8e4a05/datanode-2/data/ratis/dc9f1f18-02d1-498b-93da-b5545ed76e83: created new log segment /workdir/hadoop-ozone/ozonefs/target/test-dir/MiniOzoneClusterImpl-7e8c7029-0518-46b6-9dc3-3175ad8e4a05/datanode-2/data/ratis/dc9f1f18-02d1-498b-93da-b5545ed76e83/current/log_inprogress_0
2019-09-20 14:16:45,441 | INFO  | SCMAudit | user=jenkins1000 | ip=192.168.36.99 | op=SEND_HEARTBEAT {datanodeUUID=25438d07-0339-4bf6-8997-22533ce336d6, command=[]} | ret=SUCCESS |  
2019-09-20 14:16:45,678 [Thread-1070] INFO  ozoneimpl.OzoneContainer (OzoneContainer.java:stop(199)) - Attempting to stop container services.
2019-09-20 14:16:45,678 [ForkJoinPool.commonPool-worker-0] INFO  ozoneimpl.OzoneContainer (OzoneContainer.java:stop(199)) - Attempting to stop container services.
2019-09-20 14:16:45,679 [Thread-1070] INFO  impl.RaftServerProxy (RaftServerProxy.java:lambda$close$4(314)) - 3dd27507-a8cb-43da-a44e-e873f99ae85b: close
2019-09-20 14:16:45,679 [ForkJoinPool.commonPool-worker-0] INFO  impl.RaftServerProxy (RaftServerProxy.java:lambda$close$4(314)) - 13a328b2-3d84-4ca1-a243-9eae790dea4c: close
2019-09-20 14:16:45,679 [Thread-1070] INFO  impl.RaftServerImpl (RaftServerImpl.java:lambda$shutdown$3(245)) - 3dd27507-a8cb-43da-a44e-e873f99ae85b: shutdown group-001D06732F40
2019-09-20 14:16:45,679 [ForkJoinPool.commonPool-worker-0] INFO  impl.RaftServerImpl (RaftServerImpl.java:lambda$shutdown$3(245)) - 13a328b2-3d84-4ca1-a243-9eae790dea4c: shutdown group-74C363CA8F7D
2019-09-20 14:16:45,680 [Thread-1070] INFO  util.JmxRegister (JmxRegister.java:unregister(73)) - Successfully un-registered JMX Bean with object name Ratis:service=RaftServer,group=group-001D06732F40,id=3dd27507-a8cb-43da-a44e-e873f99ae85b
2019-09-20 14:16:45,680 [ForkJoinPool.commonPool-worker-0] INFO  util.JmxRegister (JmxRegister.java:unregister(73)) - Successfully un-registered JMX Bean with object name Ratis:service=RaftServer,group=group-74C363CA8F7D,id=13a328b2-3d84-4ca1-a243-9eae790dea4c
2019-09-20 14:16:45,681 [ForkJoinPool.commonPool-worker-0] INFO  impl.RoleInfo (RoleInfo.java:shutdownLeaderState(104)) - 13a328b2-3d84-4ca1-a243-9eae790dea4c: shutdown LeaderState
2019-09-20 14:16:45,680 [Thread-1070] INFO  impl.RoleInfo (RoleInfo.java:shutdownLeaderState(104)) - 3dd27507-a8cb-43da-a44e-e873f99ae85b: shutdown LeaderState
2019-09-20 14:16:45,681 [ForkJoinPool.commonPool-worker-0] INFO  impl.PendingRequests (PendingRequests.java:sendNotLeaderResponses(202)) - 13a328b2-3d84-4ca1-a243-9eae790dea4c-PendingRequests: sendNotLeaderResponses
2019-09-20 14:16:45,682 [Thread-1070] INFO  impl.PendingRequests (PendingRequests.java:sendNotLeaderResponses(202)) - 3dd27507-a8cb-43da-a44e-e873f99ae85b-PendingRequests: sendNotLeaderResponses
2019-09-20 14:16:45,682 [ForkJoinPool.commonPool-worker-0] INFO  impl.StateMachineUpdater (StateMachineUpdater.java:stopAndJoin(115)) - StateMachineUpdater:13a328b2-3d84-4ca1-a243-9eae790dea4c:group-74C363CA8F7D: set stopIndex = 0
2019-09-20 14:16:45,682 [Thread-1070] INFO  impl.StateMachineUpdater (StateMachineUpdater.java:stopAndJoin(115)) - StateMachineUpdater:3dd27507-a8cb-43da-a44e-e873f99ae85b:group-001D06732F40: set stopIndex = 0
2019-09-20 14:16:45,683 [ForkJoinPool.commonPool-worker-0] INFO  impl.RaftServerImpl (ServerState.java:close(394)) - 13a328b2-3d84-4ca1-a243-9eae790dea4c:group-74C363CA8F7D closes. The last applied log index is 0
2019-09-20 14:16:45,683 [Thread-1070] INFO  impl.RaftServerImpl (ServerState.java:close(394)) - 3dd27507-a8cb-43da-a44e-e873f99ae85b:group-001D06732F40 closes. The last applied log index is 0
2019-09-20 14:16:45,683 [13a328b2-3d84-4ca1-a243-9eae790dea4c-SegmentedRaftLogWorker:Storage Directory /workdir/hadoop-ozone/ozonefs/target/test-dir/MiniOzoneClusterImpl-7e8c7029-0518-46b6-9dc3-3175ad8e4a05/datanode-0/data/ratis/00f4358a-4380-4ba5-a50b-74c363ca8f7d] INFO  segmented.SegmentedRaftLogWorker (SegmentedRaftLogWorker.java:run(313)) - 13a328b2-3d84-4ca1-a243-9eae790dea4c-SegmentedRaftLogWorker:Storage Directory /workdir/hadoop-ozone/ozonefs/target/test-dir/MiniOzoneClusterImpl-7e8c7029-0518-46b6-9dc3-3175ad8e4a05/datanode-0/data/ratis/00f4358a-4380-4ba5-a50b-74c363ca8f7d was interrupted, exiting. There are 0 tasks remaining in the queue.
2019-09-20 14:16:45,684 [3dd27507-a8cb-43da-a44e-e873f99ae85b-SegmentedRaftLogWorker:Storage Directory /workdir/hadoop-ozone/ozonefs/target/test-dir/MiniOzoneClusterImpl-7e8c7029-0518-46b6-9dc3-3175ad8e4a05/datanode-1/data/ratis/91cce41b-6b19-4e5d-98e9-001d06732f40] INFO  segmented.SegmentedRaftLogWorker (SegmentedRaftLogWorker.java:run(313)) - 3dd27507-a8cb-43da-a44e-e873f99ae85b-SegmentedRaftLogWorker:Storage Directory /workdir/hadoop-ozone/ozonefs/target/test-dir/MiniOzoneClusterImpl-7e8c7029-0518-46b6-9dc3-3175ad8e4a05/datanode-1/data/ratis/91cce41b-6b19-4e5d-98e9-001d06732f40 was interrupted, exiting. There are 0 tasks remaining in the queue.
2019-09-20 14:16:45,684 [ForkJoinPool.commonPool-worker-0] INFO  segmented.SegmentedRaftLogWorker (SegmentedRaftLogWorker.java:close(228)) - 13a328b2-3d84-4ca1-a243-9eae790dea4c-SegmentedRaftLogWorker:Storage Directory /workdir/hadoop-ozone/ozonefs/target/test-dir/MiniOzoneClusterImpl-7e8c7029-0518-46b6-9dc3-3175ad8e4a05/datanode-0/data/ratis/00f4358a-4380-4ba5-a50b-74c363ca8f7d close()
2019-09-20 14:16:45,684 [Thread-1070] INFO  segmented.SegmentedRaftLogWorker (SegmentedRaftLogWorker.java:close(228)) - 3dd27507-a8cb-43da-a44e-e873f99ae85b-SegmentedRaftLogWorker:Storage Directory /workdir/hadoop-ozone/ozonefs/target/test-dir/MiniOzoneClusterImpl-7e8c7029-0518-46b6-9dc3-3175ad8e4a05/datanode-1/data/ratis/91cce41b-6b19-4e5d-98e9-001d06732f40 close()
2019-09-20 14:16:45,686 [ForkJoinPool.commonPool-worker-0] INFO  impl.RaftServerImpl (RaftServerImpl.java:lambda$shutdown$3(245)) - 13a328b2-3d84-4ca1-a243-9eae790dea4c: shutdown group-A04701A4A7A4
2019-09-20 14:16:45,693 [Thread-1070] INFO  impl.RaftServerImpl (RaftServerImpl.java:lambda$shutdown$3(245)) - 3dd27507-a8cb-43da-a44e-e873f99ae85b: shutdown group-5A14390E3A6B
2019-09-20 14:16:45,693 [ForkJoinPool.commonPool-worker-0] INFO  util.JmxRegister (JmxRegister.java:unregister(73)) - Successfully un-registered JMX Bean with object name Ratis:service=RaftServer,group=group-A04701A4A7A4,id=13a328b2-3d84-4ca1-a243-9eae790dea4c
2019-09-20 14:16:45,693 [Thread-1070] INFO  util.JmxRegister (JmxRegister.java:unregister(73)) - Successfully un-registered JMX Bean with object name Ratis:service=RaftServer,group=group-5A14390E3A6B,id=3dd27507-a8cb-43da-a44e-e873f99ae85b
2019-09-20 14:16:45,694 [ForkJoinPool.commonPool-worker-0] INFO  impl.RoleInfo (RoleInfo.java:shutdownLeaderState(104)) - 13a328b2-3d84-4ca1-a243-9eae790dea4c: shutdown LeaderState
2019-09-20 14:16:45,694 [Thread-1070] INFO  impl.RoleInfo (RoleInfo.java:shutdownLeaderState(104)) - 3dd27507-a8cb-43da-a44e-e873f99ae85b: shutdown LeaderState
2019-09-20 14:16:45,694 [ForkJoinPool.commonPool-worker-0] INFO  impl.PendingRequests (PendingRequests.java:sendNotLeaderResponses(202)) - 13a328b2-3d84-4ca1-a243-9eae790dea4c-PendingRequests: sendNotLeaderResponses
2019-09-20 14:16:45,695 [Thread-1070] INFO  impl.PendingRequests (PendingRequests.java:sendNotLeaderResponses(202)) - 3dd27507-a8cb-43da-a44e-e873f99ae85b-PendingRequests: sendNotLeaderResponses
2019-09-20 14:16:45,695 [ForkJoinPool.commonPool-worker-0] INFO  impl.StateMachineUpdater (StateMachineUpdater.java:stopAndJoin(115)) - StateMachineUpdater:13a328b2-3d84-4ca1-a243-9eae790dea4c:group-A04701A4A7A4: set stopIndex = 0
2019-09-20 14:16:45,695 [Thread-1070] INFO  impl.StateMachineUpdater (StateMachineUpdater.java:stopAndJoin(115)) - StateMachineUpdater:3dd27507-a8cb-43da-a44e-e873f99ae85b:group-5A14390E3A6B: set stopIndex = 0
2019-09-20 14:16:45,696 [Thread-1070] INFO  impl.RaftServerImpl (ServerState.java:close(394)) - 3dd27507-a8cb-43da-a44e-e873f99ae85b:group-5A14390E3A6B closes. The last applied log index is 0
2019-09-20 14:16:45,696 [ForkJoinPool.commonPool-worker-0] INFO  impl.RaftServerImpl (ServerState.java:close(394)) - 13a328b2-3d84-4ca1-a243-9eae790dea4c:group-A04701A4A7A4 closes. The last applied log index is 0
2019-09-20 14:16:45,696 [3dd27507-a8cb-43da-a44e-e873f99ae85b-SegmentedRaftLogWorker:Storage Directory /workdir/hadoop-ozone/ozonefs/target/test-dir/MiniOzoneClusterImpl-7e8c7029-0518-46b6-9dc3-3175ad8e4a05/datanode-1/data/ratis/beb9fe3c-6e2f-4b06-897d-5a14390e3a6b] INFO  segmented.SegmentedRaftLogWorker (SegmentedRaftLogWorker.java:run(313)) - 3dd27507-a8cb-43da-a44e-e873f99ae85b-SegmentedRaftLogWorker:Storage Directory /workdir/hadoop-ozone/ozonefs/target/test-dir/MiniOzoneClusterImpl-7e8c7029-0518-46b6-9dc3-3175ad8e4a05/datanode-1/data/ratis/beb9fe3c-6e2f-4b06-897d-5a14390e3a6b was interrupted, exiting. There are 0 tasks remaining in the queue.
2019-09-20 14:16:45,697 [13a328b2-3d84-4ca1-a243-9eae790dea4c-SegmentedRaftLogWorker:Storage Directory /workdir/hadoop-ozone/ozonefs/target/test-dir/MiniOzoneClusterImpl-7e8c7029-0518-46b6-9dc3-3175ad8e4a05/datanode-0/data/ratis/c62f8210-c4ba-4d80-9b56-a04701a4a7a4] INFO  segmented.SegmentedRaftLogWorker (SegmentedRaftLogWorker.java:run(313)) - 13a328b2-3d84-4ca1-a243-9eae790dea4c-SegmentedRaftLogWorker:Storage Directory /workdir/hadoop-ozone/ozonefs/target/test-dir/MiniOzoneClusterImpl-7e8c7029-0518-46b6-9dc3-3175ad8e4a05/datanode-0/data/ratis/c62f8210-c4ba-4d80-9b56-a04701a4a7a4 was interrupted, exiting. There are 0 tasks remaining in the queue.
2019-09-20 14:16:45,697 [Thread-1070] INFO  segmented.SegmentedRaftLogWorker (SegmentedRaftLogWorker.java:close(228)) - 3dd27507-a8cb-43da-a44e-e873f99ae85b-SegmentedRaftLogWorker:Storage Directory /workdir/hadoop-ozone/ozonefs/target/test-dir/MiniOzoneClusterImpl-7e8c7029-0518-46b6-9dc3-3175ad8e4a05/datanode-1/data/ratis/beb9fe3c-6e2f-4b06-897d-5a14390e3a6b close()
2019-09-20 14:16:45,697 [ForkJoinPool.commonPool-worker-0] INFO  segmented.SegmentedRaftLogWorker (SegmentedRaftLogWorker.java:close(228)) - 13a328b2-3d84-4ca1-a243-9eae790dea4c-SegmentedRaftLogWorker:Storage Directory /workdir/hadoop-ozone/ozonefs/target/test-dir/MiniOzoneClusterImpl-7e8c7029-0518-46b6-9dc3-3175ad8e4a05/datanode-0/data/ratis/c62f8210-c4ba-4d80-9b56-a04701a4a7a4 close()
2019-09-20 14:16:45,698 [Thread-1070] INFO  impl.RaftServerImpl (RaftServerImpl.java:lambda$shutdown$3(245)) - 3dd27507-a8cb-43da-a44e-e873f99ae85b: shutdown group-C304A31D1F65
2019-09-20 14:16:45,698 [ForkJoinPool.commonPool-worker-0] INFO  impl.RaftServerImpl (RaftServerImpl.java:lambda$shutdown$3(245)) - 13a328b2-3d84-4ca1-a243-9eae790dea4c: shutdown group-010F0DF81EE6
2019-09-20 14:16:45,698 [Thread-1070] INFO  util.JmxRegister (JmxRegister.java:unregister(73)) - Successfully un-registered JMX Bean with object name Ratis:service=RaftServer,group=group-C304A31D1F65,id=3dd27507-a8cb-43da-a44e-e873f99ae85b
2019-09-20 14:16:45,698 [ForkJoinPool.commonPool-worker-0] INFO  util.JmxRegister (JmxRegister.java:unregister(73)) - Successfully un-registered JMX Bean with object name Ratis:service=RaftServer,group=group-010F0DF81EE6,id=13a328b2-3d84-4ca1-a243-9eae790dea4c
2019-09-20 14:16:45,699 [Thread-1070] INFO  impl.RoleInfo (RoleInfo.java:shutdownLeaderState(104)) - 3dd27507-a8cb-43da-a44e-e873f99ae85b: shutdown LeaderState
2019-09-20 14:16:45,699 [ForkJoinPool.commonPool-worker-0] INFO  impl.RoleInfo (RoleInfo.java:shutdownLeaderState(104)) - 13a328b2-3d84-4ca1-a243-9eae790dea4c: shutdown LeaderState
2019-09-20 14:16:45,699 [Thread-1070] INFO  impl.PendingRequests (PendingRequests.java:sendNotLeaderResponses(202)) - 3dd27507-a8cb-43da-a44e-e873f99ae85b-PendingRequests: sendNotLeaderResponses
2019-09-20 14:16:45,700 [ForkJoinPool.commonPool-worker-0] INFO  impl.PendingRequests (PendingRequests.java:sendNotLeaderResponses(202)) - 13a328b2-3d84-4ca1-a243-9eae790dea4c-PendingRequests: sendNotLeaderResponses
2019-09-20 14:16:45,700 [Thread-1070] INFO  impl.StateMachineUpdater (StateMachineUpdater.java:stopAndJoin(115)) - StateMachineUpdater:3dd27507-a8cb-43da-a44e-e873f99ae85b:group-C304A31D1F65: set stopIndex = 0
2019-09-20 14:16:45,701 [ForkJoinPool.commonPool-worker-0] INFO  impl.StateMachineUpdater (StateMachineUpdater.java:stopAndJoin(115)) - StateMachineUpdater:13a328b2-3d84-4ca1-a243-9eae790dea4c:group-010F0DF81EE6: set stopIndex = 0
2019-09-20 14:16:45,701 [ForkJoinPool.commonPool-worker-0] INFO  impl.RaftServerImpl (ServerState.java:close(394)) - 13a328b2-3d84-4ca1-a243-9eae790dea4c:group-010F0DF81EE6 closes. The last applied log index is 0
2019-09-20 14:16:45,701 [Thread-1070] INFO  impl.RaftServerImpl (ServerState.java:close(394)) - 3dd27507-a8cb-43da-a44e-e873f99ae85b:group-C304A31D1F65 closes. The last applied log index is 0
2019-09-20 14:16:45,702 [13a328b2-3d84-4ca1-a243-9eae790dea4c-SegmentedRaftLogWorker:Storage Directory /workdir/hadoop-ozone/ozonefs/target/test-dir/MiniOzoneClusterImpl-7e8c7029-0518-46b6-9dc3-3175ad8e4a05/datanode-0/data/ratis/cff79dc3-190f-4534-aeea-010f0df81ee6] INFO  segmented.SegmentedRaftLogWorker (SegmentedRaftLogWorker.java:run(313)) - 13a328b2-3d84-4ca1-a243-9eae790dea4c-SegmentedRaftLogWorker:Storage Directory /workdir/hadoop-ozone/ozonefs/target/test-dir/MiniOzoneClusterImpl-7e8c7029-0518-46b6-9dc3-3175ad8e4a05/datanode-0/data/ratis/cff79dc3-190f-4534-aeea-010f0df81ee6 was interrupted, exiting. There are 0 tasks remaining in the queue.
2019-09-20 14:16:45,702 [3dd27507-a8cb-43da-a44e-e873f99ae85b-SegmentedRaftLogWorker:Storage Directory /workdir/hadoop-ozone/ozonefs/target/test-dir/MiniOzoneClusterImpl-7e8c7029-0518-46b6-9dc3-3175ad8e4a05/datanode-1/data/ratis/f99d6a7a-ffc4-4b85-b7e9-c304a31d1f65] INFO  segmented.SegmentedRaftLogWorker (SegmentedRaftLogWorker.java:run(313)) - 3dd27507-a8cb-43da-a44e-e873f99ae85b-SegmentedRaftLogWorker:Storage Directory /workdir/hadoop-ozone/ozonefs/target/test-dir/MiniOzoneClusterImpl-7e8c7029-0518-46b6-9dc3-3175ad8e4a05/datanode-1/data/ratis/f99d6a7a-ffc4-4b85-b7e9-c304a31d1f65 was interrupted, exiting. There are 0 tasks remaining in the queue.
2019-09-20 14:16:45,702 [ForkJoinPool.commonPool-worker-0] INFO  segmented.SegmentedRaftLogWorker (SegmentedRaftLogWorker.java:close(228)) - 13a328b2-3d84-4ca1-a243-9eae790dea4c-SegmentedRaftLogWorker:Storage Directory /workdir/hadoop-ozone/ozonefs/target/test-dir/MiniOzoneClusterImpl-7e8c7029-0518-46b6-9dc3-3175ad8e4a05/datanode-0/data/ratis/cff79dc3-190f-4534-aeea-010f0df81ee6 close()
2019-09-20 14:16:45,702 [Thread-1070] INFO  segmented.SegmentedRaftLogWorker (SegmentedRaftLogWorker.java:close(228)) - 3dd27507-a8cb-43da-a44e-e873f99ae85b-SegmentedRaftLogWorker:Storage Directory /workdir/hadoop-ozone/ozonefs/target/test-dir/MiniOzoneClusterImpl-7e8c7029-0518-46b6-9dc3-3175ad8e4a05/datanode-1/data/ratis/f99d6a7a-ffc4-4b85-b7e9-c304a31d1f65 close()
2019-09-20 14:16:45,703 [ForkJoinPool.commonPool-worker-0] INFO  impl.RaftServerImpl (RaftServerImpl.java:lambda$shutdown$3(245)) - 13a328b2-3d84-4ca1-a243-9eae790dea4c: shutdown group-2E50DD560C55
2019-09-20 14:16:45,703 [Thread-1070] INFO  impl.RaftServerImpl (RaftServerImpl.java:lambda$shutdown$3(245)) - 3dd27507-a8cb-43da-a44e-e873f99ae85b: shutdown group-3EB72DF12019
2019-09-20 14:16:45,703 [ForkJoinPool.commonPool-worker-0] INFO  util.JmxRegister (JmxRegister.java:unregister(73)) - Successfully un-registered JMX Bean with object name Ratis:service=RaftServer,group=group-2E50DD560C55,id=13a328b2-3d84-4ca1-a243-9eae790dea4c
2019-09-20 14:16:45,704 [ForkJoinPool.commonPool-worker-0] INFO  impl.RoleInfo (RoleInfo.java:shutdownLeaderState(104)) - 13a328b2-3d84-4ca1-a243-9eae790dea4c: shutdown LeaderState
2019-09-20 14:16:45,703 [Thread-1070] INFO  util.JmxRegister (JmxRegister.java:unregister(73)) - Successfully un-registered JMX Bean with object name Ratis:service=RaftServer,group=group-3EB72DF12019,id=3dd27507-a8cb-43da-a44e-e873f99ae85b
2019-09-20 14:16:45,704 [ForkJoinPool.commonPool-worker-0] INFO  impl.PendingRequests (PendingRequests.java:sendNotLeaderResponses(202)) - 13a328b2-3d84-4ca1-a243-9eae790dea4c-PendingRequests: sendNotLeaderResponses
2019-09-20 14:16:45,704 [Thread-1070] INFO  impl.RoleInfo (RoleInfo.java:shutdownLeaderState(104)) - 3dd27507-a8cb-43da-a44e-e873f99ae85b: shutdown LeaderState
2019-09-20 14:16:45,705 [ForkJoinPool.commonPool-worker-0] INFO  impl.StateMachineUpdater (StateMachineUpdater.java:stopAndJoin(115)) - StateMachineUpdater:13a328b2-3d84-4ca1-a243-9eae790dea4c:group-2E50DD560C55: set stopIndex = 0
2019-09-20 14:16:45,705 [Thread-1070] INFO  impl.PendingRequests (PendingRequests.java:sendNotLeaderResponses(202)) - 3dd27507-a8cb-43da-a44e-e873f99ae85b-PendingRequests: sendNotLeaderResponses
2019-09-20 14:16:45,705 [ForkJoinPool.commonPool-worker-0] INFO  impl.RaftServerImpl (ServerState.java:close(394)) - 13a328b2-3d84-4ca1-a243-9eae790dea4c:group-2E50DD560C55 closes. The last applied log index is 0
2019-09-20 14:16:45,706 [Thread-1070] INFO  impl.StateMachineUpdater (StateMachineUpdater.java:stopAndJoin(115)) - StateMachineUpdater:3dd27507-a8cb-43da-a44e-e873f99ae85b:group-3EB72DF12019: set stopIndex = 0
2019-09-20 14:16:45,706 [13a328b2-3d84-4ca1-a243-9eae790dea4c-SegmentedRaftLogWorker:Storage Directory /workdir/hadoop-ozone/ozonefs/target/test-dir/MiniOzoneClusterImpl-7e8c7029-0518-46b6-9dc3-3175ad8e4a05/datanode-0/data/ratis/c50ce9f3-9901-4561-bdfd-2e50dd560c55] INFO  segmented.SegmentedRaftLogWorker (SegmentedRaftLogWorker.java:run(313)) - 13a328b2-3d84-4ca1-a243-9eae790dea4c-SegmentedRaftLogWorker:Storage Directory /workdir/hadoop-ozone/ozonefs/target/test-dir/MiniOzoneClusterImpl-7e8c7029-0518-46b6-9dc3-3175ad8e4a05/datanode-0/data/ratis/c50ce9f3-9901-4561-bdfd-2e50dd560c55 was interrupted, exiting. There are 0 tasks remaining in the queue.
2019-09-20 14:16:45,706 [Thread-1070] INFO  impl.RaftServerImpl (ServerState.java:close(394)) - 3dd27507-a8cb-43da-a44e-e873f99ae85b:group-3EB72DF12019 closes. The last applied log index is 0
2019-09-20 14:16:45,707 [ForkJoinPool.commonPool-worker-0] INFO  segmented.SegmentedRaftLogWorker (SegmentedRaftLogWorker.java:close(228)) - 13a328b2-3d84-4ca1-a243-9eae790dea4c-SegmentedRaftLogWorker:Storage Directory /workdir/hadoop-ozone/ozonefs/target/test-dir/MiniOzoneClusterImpl-7e8c7029-0518-46b6-9dc3-3175ad8e4a05/datanode-0/data/ratis/c50ce9f3-9901-4561-bdfd-2e50dd560c55 close()
2019-09-20 14:16:45,707 [3dd27507-a8cb-43da-a44e-e873f99ae85b-SegmentedRaftLogWorker:Storage Directory /workdir/hadoop-ozone/ozonefs/target/test-dir/MiniOzoneClusterImpl-7e8c7029-0518-46b6-9dc3-3175ad8e4a05/datanode-1/data/ratis/2cda2fdd-6c90-4479-8ec9-3eb72df12019] INFO  segmented.SegmentedRaftLogWorker (SegmentedRaftLogWorker.java:run(313)) - 3dd27507-a8cb-43da-a44e-e873f99ae85b-SegmentedRaftLogWorker:Storage Directory /workdir/hadoop-ozone/ozonefs/target/test-dir/MiniOzoneClusterImpl-7e8c7029-0518-46b6-9dc3-3175ad8e4a05/datanode-1/data/ratis/2cda2fdd-6c90-4479-8ec9-3eb72df12019 was interrupted, exiting. There are 0 tasks remaining in the queue.
2019-09-20 14:16:45,707 [ForkJoinPool.commonPool-worker-0] INFO  impl.RaftServerImpl (RaftServerImpl.java:lambda$shutdown$3(245)) - 13a328b2-3d84-4ca1-a243-9eae790dea4c: shutdown group-412FDC78579E
2019-09-20 14:16:45,708 [Thread-1070] INFO  segmented.SegmentedRaftLogWorker (SegmentedRaftLogWorker.java:close(228)) - 3dd27507-a8cb-43da-a44e-e873f99ae85b-SegmentedRaftLogWorker:Storage Directory /workdir/hadoop-ozone/ozonefs/target/test-dir/MiniOzoneClusterImpl-7e8c7029-0518-46b6-9dc3-3175ad8e4a05/datanode-1/data/ratis/2cda2fdd-6c90-4479-8ec9-3eb72df12019 close()
2019-09-20 14:16:45,708 [ForkJoinPool.commonPool-worker-0] INFO  util.JmxRegister (JmxRegister.java:unregister(73)) - Successfully un-registered JMX Bean with object name Ratis:service=RaftServer,group=group-412FDC78579E,id=13a328b2-3d84-4ca1-a243-9eae790dea4c
2019-09-20 14:16:45,708 [Thread-1070] INFO  impl.RaftServerImpl (RaftServerImpl.java:lambda$shutdown$3(245)) - 3dd27507-a8cb-43da-a44e-e873f99ae85b: shutdown group-07574B375768
2019-09-20 14:16:45,708 [ForkJoinPool.commonPool-worker-0] INFO  impl.RoleInfo (RoleInfo.java:shutdownLeaderState(104)) - 13a328b2-3d84-4ca1-a243-9eae790dea4c: shutdown LeaderState
2019-09-20 14:16:45,709 [Thread-1070] INFO  util.JmxRegister (JmxRegister.java:unregister(73)) - Successfully un-registered JMX Bean with object name Ratis:service=RaftServer,group=group-07574B375768,id=3dd27507-a8cb-43da-a44e-e873f99ae85b
2019-09-20 14:16:45,709 [ForkJoinPool.commonPool-worker-0] INFO  impl.PendingRequests (PendingRequests.java:sendNotLeaderResponses(202)) - 13a328b2-3d84-4ca1-a243-9eae790dea4c-PendingRequests: sendNotLeaderResponses
2019-09-20 14:16:45,709 [Thread-1070] INFO  impl.RoleInfo (RoleInfo.java:shutdownLeaderState(104)) - 3dd27507-a8cb-43da-a44e-e873f99ae85b: shutdown LeaderState
2019-09-20 14:16:45,710 [ForkJoinPool.commonPool-worker-0] INFO  impl.StateMachineUpdater (StateMachineUpdater.java:stopAndJoin(115)) - StateMachineUpdater:13a328b2-3d84-4ca1-a243-9eae790dea4c:group-412FDC78579E: set stopIndex = 0
2019-09-20 14:16:45,710 [Thread-1070] INFO  impl.PendingRequests (PendingRequests.java:sendNotLeaderResponses(202)) - 3dd27507-a8cb-43da-a44e-e873f99ae85b-PendingRequests: sendNotLeaderResponses
2019-09-20 14:16:45,710 [ForkJoinPool.commonPool-worker-0] INFO  impl.RaftServerImpl (ServerState.java:close(394)) - 13a328b2-3d84-4ca1-a243-9eae790dea4c:group-412FDC78579E closes. The last applied log index is 0
2019-09-20 14:16:45,711 [Thread-1070] INFO  impl.StateMachineUpdater (StateMachineUpdater.java:stopAndJoin(115)) - StateMachineUpdater:3dd27507-a8cb-43da-a44e-e873f99ae85b:group-07574B375768: set stopIndex = 0
2019-09-20 14:16:45,711 [13a328b2-3d84-4ca1-a243-9eae790dea4c-SegmentedRaftLogWorker:Storage Directory /workdir/hadoop-ozone/ozonefs/target/test-dir/MiniOzoneClusterImpl-7e8c7029-0518-46b6-9dc3-3175ad8e4a05/datanode-0/data/ratis/a1c5a7e4-945c-42fd-9120-412fdc78579e] INFO  segmented.SegmentedRaftLogWorker (SegmentedRaftLogWorker.java:run(313)) - 13a328b2-3d84-4ca1-a243-9eae790dea4c-SegmentedRaftLogWorker:Storage Directory /workdir/hadoop-ozone/ozonefs/target/test-dir/MiniOzoneClusterImpl-7e8c7029-0518-46b6-9dc3-3175ad8e4a05/datanode-0/data/ratis/a1c5a7e4-945c-42fd-9120-412fdc78579e was interrupted, exiting. There are 0 tasks remaining in the queue.
2019-09-20 14:16:45,711 [Thread-1070] INFO  impl.RaftServerImpl (ServerState.java:close(394)) - 3dd27507-a8cb-43da-a44e-e873f99ae85b:group-07574B375768 closes. The last applied log index is 0
2019-09-20 14:16:45,712 [ForkJoinPool.commonPool-worker-0] INFO  segmented.SegmentedRaftLogWorker (SegmentedRaftLogWorker.java:close(228)) - 13a328b2-3d84-4ca1-a243-9eae790dea4c-SegmentedRaftLogWorker:Storage Directory /workdir/hadoop-ozone/ozonefs/target/test-dir/MiniOzoneClusterImpl-7e8c7029-0518-46b6-9dc3-3175ad8e4a05/datanode-0/data/ratis/a1c5a7e4-945c-42fd-9120-412fdc78579e close()
2019-09-20 14:16:45,712 [3dd27507-a8cb-43da-a44e-e873f99ae85b-SegmentedRaftLogWorker:Storage Directory /workdir/hadoop-ozone/ozonefs/target/test-dir/MiniOzoneClusterImpl-7e8c7029-0518-46b6-9dc3-3175ad8e4a05/datanode-1/data/ratis/8cc409c9-da89-483a-aeaf-07574b375768] INFO  segmented.SegmentedRaftLogWorker (SegmentedRaftLogWorker.java:run(313)) - 3dd27507-a8cb-43da-a44e-e873f99ae85b-SegmentedRaftLogWorker:Storage Directory /workdir/hadoop-ozone/ozonefs/target/test-dir/MiniOzoneClusterImpl-7e8c7029-0518-46b6-9dc3-3175ad8e4a05/datanode-1/data/ratis/8cc409c9-da89-483a-aeaf-07574b375768 was interrupted, exiting. There are 0 tasks remaining in the queue.
2019-09-20 14:16:45,712 [ForkJoinPool.commonPool-worker-0] INFO  impl.RaftServerImpl (RaftServerImpl.java:lambda$shutdown$3(245)) - 13a328b2-3d84-4ca1-a243-9eae790dea4c: shutdown group-9F03DDC47D8F
2019-09-20 14:16:45,713 [Thread-1070] INFO  segmented.SegmentedRaftLogWorker (SegmentedRaftLogWorker.java:close(228)) - 3dd27507-a8cb-43da-a44e-e873f99ae85b-SegmentedRaftLogWorker:Storage Directory /workdir/hadoop-ozone/ozonefs/target/test-dir/MiniOzoneClusterImpl-7e8c7029-0518-46b6-9dc3-3175ad8e4a05/datanode-1/data/ratis/8cc409c9-da89-483a-aeaf-07574b375768 close()
2019-09-20 14:16:45,713 [ForkJoinPool.commonPool-worker-0] INFO  util.JmxRegister (JmxRegister.java:unregister(73)) - Successfully un-registered JMX Bean with object name Ratis:service=RaftServer,group=group-9F03DDC47D8F,id=13a328b2-3d84-4ca1-a243-9eae790dea4c
2019-09-20 14:16:45,713 [Thread-1070] INFO  impl.RaftServerImpl (RaftServerImpl.java:lambda$shutdown$3(245)) - 3dd27507-a8cb-43da-a44e-e873f99ae85b: shutdown group-9AD4883BF3EC
2019-09-20 14:16:45,713 [ForkJoinPool.commonPool-worker-0] INFO  impl.RoleInfo (RoleInfo.java:shutdownLeaderState(104)) - 13a328b2-3d84-4ca1-a243-9eae790dea4c: shutdown LeaderState
2019-09-20 14:16:45,714 [Thread-1070] INFO  util.JmxRegister (JmxRegister.java:unregister(73)) - Successfully un-registered JMX Bean with object name Ratis:service=RaftServer,group=group-9AD4883BF3EC,id=3dd27507-a8cb-43da-a44e-e873f99ae85b
2019-09-20 14:16:45,714 [Thread-1070] INFO  impl.RoleInfo (RoleInfo.java:shutdownLeaderState(104)) - 3dd27507-a8cb-43da-a44e-e873f99ae85b: shutdown LeaderState
2019-09-20 14:16:45,714 [ForkJoinPool.commonPool-worker-0] INFO  impl.PendingRequests (PendingRequests.java:sendNotLeaderResponses(202)) - 13a328b2-3d84-4ca1-a243-9eae790dea4c-PendingRequests: sendNotLeaderResponses
2019-09-20 14:16:45,715 [Thread-1070] INFO  impl.PendingRequests (PendingRequests.java:sendNotLeaderResponses(202)) - 3dd27507-a8cb-43da-a44e-e873f99ae85b-PendingRequests: sendNotLeaderResponses
2019-09-20 14:16:45,715 [ForkJoinPool.commonPool-worker-0] INFO  impl.StateMachineUpdater (StateMachineUpdater.java:stopAndJoin(115)) - StateMachineUpdater:13a328b2-3d84-4ca1-a243-9eae790dea4c:group-9F03DDC47D8F: set stopIndex = 0
2019-09-20 14:16:45,715 [Thread-1070] INFO  impl.StateMachineUpdater (StateMachineUpdater.java:stopAndJoin(115)) - StateMachineUpdater:3dd27507-a8cb-43da-a44e-e873f99ae85b:group-9AD4883BF3EC: set stopIndex = 0
2019-09-20 14:16:45,716 [Thread-1070] INFO  impl.RaftServerImpl (ServerState.java:close(394)) - 3dd27507-a8cb-43da-a44e-e873f99ae85b:group-9AD4883BF3EC closes. The last applied log index is 0
2019-09-20 14:16:45,716 [ForkJoinPool.commonPool-worker-0] INFO  impl.RaftServerImpl (ServerState.java:close(394)) - 13a328b2-3d84-4ca1-a243-9eae790dea4c:group-9F03DDC47D8F closes. The last applied log index is 0
2019-09-20 14:16:45,716 [3dd27507-a8cb-43da-a44e-e873f99ae85b-SegmentedRaftLogWorker:Storage Directory /workdir/hadoop-ozone/ozonefs/target/test-dir/MiniOzoneClusterImpl-7e8c7029-0518-46b6-9dc3-3175ad8e4a05/datanode-1/data/ratis/909d4151-c3ea-4082-8b68-9ad4883bf3ec] INFO  segmented.SegmentedRaftLogWorker (SegmentedRaftLogWorker.java:run(313)) - 3dd27507-a8cb-43da-a44e-e873f99ae85b-SegmentedRaftLogWorker:Storage Directory /workdir/hadoop-ozone/ozonefs/target/test-dir/MiniOzoneClusterImpl-7e8c7029-0518-46b6-9dc3-3175ad8e4a05/datanode-1/data/ratis/909d4151-c3ea-4082-8b68-9ad4883bf3ec was interrupted, exiting. There are 0 tasks remaining in the queue.
2019-09-20 14:16:45,717 [13a328b2-3d84-4ca1-a243-9eae790dea4c-SegmentedRaftLogWorker:Storage Directory /workdir/hadoop-ozone/ozonefs/target/test-dir/MiniOzoneClusterImpl-7e8c7029-0518-46b6-9dc3-3175ad8e4a05/datanode-0/data/ratis/51b4957f-f9d8-4c32-a7c4-9f03ddc47d8f] INFO  segmented.SegmentedRaftLogWorker (SegmentedRaftLogWorker.java:run(313)) - 13a328b2-3d84-4ca1-a243-9eae790dea4c-SegmentedRaftLogWorker:Storage Directory /workdir/hadoop-ozone/ozonefs/target/test-dir/MiniOzoneClusterImpl-7e8c7029-0518-46b6-9dc3-3175ad8e4a05/datanode-0/data/ratis/51b4957f-f9d8-4c32-a7c4-9f03ddc47d8f was interrupted, exiting. There are 0 tasks remaining in the queue.
2019-09-20 14:16:45,717 [Thread-1070] INFO  segmented.SegmentedRaftLogWorker (SegmentedRaftLogWorker.java:close(228)) - 3dd27507-a8cb-43da-a44e-e873f99ae85b-SegmentedRaftLogWorker:Storage Directory /workdir/hadoop-ozone/ozonefs/target/test-dir/MiniOzoneClusterImpl-7e8c7029-0518-46b6-9dc3-3175ad8e4a05/datanode-1/data/ratis/909d4151-c3ea-4082-8b68-9ad4883bf3ec close()
2019-09-20 14:16:45,717 [ForkJoinPool.commonPool-worker-0] INFO  segmented.SegmentedRaftLogWorker (SegmentedRaftLogWorker.java:close(228)) - 13a328b2-3d84-4ca1-a243-9eae790dea4c-SegmentedRaftLogWorker:Storage Directory /workdir/hadoop-ozone/ozonefs/target/test-dir/MiniOzoneClusterImpl-7e8c7029-0518-46b6-9dc3-3175ad8e4a05/datanode-0/data/ratis/51b4957f-f9d8-4c32-a7c4-9f03ddc47d8f close()
2019-09-20 14:16:45,718 [Thread-1070] INFO  server.GrpcService (GrpcService.java:closeImpl(155)) - 3dd27507-a8cb-43da-a44e-e873f99ae85b: shutdown server with port 33496 now
2019-09-20 14:16:45,718 [ForkJoinPool.commonPool-worker-0] INFO  server.GrpcService (GrpcService.java:closeImpl(155)) - 13a328b2-3d84-4ca1-a243-9eae790dea4c: shutdown server with port 41227 now
2019-09-20 14:16:45,720 [Thread-1070] INFO  server.GrpcService (GrpcService.java:closeImpl(163)) - 3dd27507-a8cb-43da-a44e-e873f99ae85b: shutdown server with port 33496 successfully
2019-09-20 14:16:45,722 [ForkJoinPool.commonPool-worker-0] INFO  server.GrpcService (GrpcService.java:closeImpl(163)) - 13a328b2-3d84-4ca1-a243-9eae790dea4c: shutdown server with port 41227 successfully
2019-09-20 14:16:45,724 [ForkJoinPool.commonPool-worker-0] INFO  utils.BackgroundService (BackgroundService.java:shutdown(148)) - Shutting down service BlockDeletingService
2019-09-20 14:16:45,727 [refreshUsed-/workdir/hadoop-ozone/ozonefs/target/test-dir/MiniOzoneClusterImpl-7e8c7029-0518-46b6-9dc3-3175ad8e4a05/datanode-0/data/containers] WARN  fs.CachingGetSpaceUsed (CachingGetSpaceUsed.java:run(183)) - Thread Interrupted waiting to refresh disk information: sleep interrupted
2019-09-20 14:16:45,728 [Thread-1070] INFO  utils.BackgroundService (BackgroundService.java:shutdown(148)) - Shutting down service BlockDeletingService
2019-09-20 14:16:45,733 [refreshUsed-/workdir/hadoop-ozone/ozonefs/target/test-dir/MiniOzoneClusterImpl-7e8c7029-0518-46b6-9dc3-3175ad8e4a05/datanode-1/data/containers] WARN  fs.CachingGetSpaceUsed (CachingGetSpaceUsed.java:run(183)) - Thread Interrupted waiting to refresh disk information: sleep interrupted
2019-09-20 14:16:45,760 [Thread-1070] INFO  statemachine.DatanodeStateMachine (DatanodeStateMachine.java:stopDaemon(395)) - Ozone container server stopped.
2019-09-20 14:16:45,761 [Thread-1070] INFO  handler.ContextHandler (ContextHandler.java:doStop(910)) - Stopped o.e.j.w.WebAppContext@54058e6{/,null,UNAVAILABLE}{/hddsDatanode}
2019-09-20 14:16:45,762 [Thread-1070] INFO  server.AbstractConnector (AbstractConnector.java:doStop(318)) - Stopped ServerConnector@156dac55{HTTP/1.1,[http/1.1]}{0.0.0.0:0}
2019-09-20 14:16:45,765 [ForkJoinPool.commonPool-worker-0] INFO  statemachine.DatanodeStateMachine (DatanodeStateMachine.java:stopDaemon(395)) - Ozone container server stopped.
2019-09-20 14:16:45,765 [Thread-1070] INFO  handler.ContextHandler (ContextHandler.java:doStop(910)) - Stopped o.e.j.s.ServletContextHandler@69c95a6d{/static,jar:file:/home/user/.m2/repository/org/apache/hadoop/hadoop-hdds-container-service/0.5.0-SNAPSHOT/hadoop-hdds-container-service-0.5.0-SNAPSHOT.jar!/webapps/static,UNAVAILABLE}
2019-09-20 14:16:45,768 [Thread-1070] INFO  handler.ContextHandler (ContextHandler.java:doStop(910)) - Stopped o.e.j.s.ServletContextHandler@2cade497{/logs,file:///workdir/hadoop-ozone/ozonefs/target/log,UNAVAILABLE}
2019-09-20 14:16:45,769 [ForkJoinPool.commonPool-worker-0] INFO  handler.ContextHandler (ContextHandler.java:doStop(910)) - Stopped o.e.j.w.WebAppContext@3b8f6883{/,null,UNAVAILABLE}{/hddsDatanode}
2019-09-20 14:16:45,770 [Thread-1070] INFO  datanode.ObjectStoreHandler (ObjectStoreHandler.java:close(155)) - Closing ObjectStoreHandler.
2019-09-20 14:16:45,770 [ForkJoinPool.commonPool-worker-0] INFO  server.AbstractConnector (AbstractConnector.java:doStop(318)) - Stopped ServerConnector@8c0f33c{HTTP/1.1,[http/1.1]}{0.0.0.0:0}
2019-09-20 14:16:45,770 [Thread-1070] INFO  ozone.HddsDatanodeService (HddsDatanodeService.java:stop(451)) - Stopped plug-in org.apache.hadoop.ozone.web.OzoneHddsDatanodeService@70e80bc3
2019-09-20 14:16:45,771 [ForkJoinPool.commonPool-worker-0] INFO  handler.ContextHandler (ContextHandler.java:doStop(910)) - Stopped o.e.j.s.ServletContextHandler@41cf15f4{/static,jar:file:/home/user/.m2/repository/org/apache/hadoop/hadoop-hdds-container-service/0.5.0-SNAPSHOT/hadoop-hdds-container-service-0.5.0-SNAPSHOT.jar!/webapps/static,UNAVAILABLE}
2019-09-20 14:16:45,773 [ForkJoinPool.commonPool-worker-0] INFO  handler.ContextHandler (ContextHandler.java:doStop(910)) - Stopped o.e.j.s.ServletContextHandler@2bfbfda1{/logs,file:///workdir/hadoop-ozone/ozonefs/target/log,UNAVAILABLE}
2019-09-20 14:16:46,438 [Datanode State Machine Thread - 0] INFO  statemachine.DatanodeStateMachine (DatanodeStateMachine.java:lambda$startDaemon$0(350)) - Ozone container server started.
2019-09-20 14:16:50,772 [Thread-1070] INFO  ozoneimpl.OzoneContainer (OzoneContainer.java:stop(199)) - Attempting to stop container services.
2019-09-20 14:16:50,773 [Thread-1070] INFO  impl.RaftServerProxy (RaftServerProxy.java:lambda$close$4(314)) - 25438d07-0339-4bf6-8997-22533ce336d6: close
2019-09-20 14:16:50,774 [Thread-1070] INFO  impl.RaftServerImpl (RaftServerImpl.java:lambda$shutdown$3(245)) - 25438d07-0339-4bf6-8997-22533ce336d6: shutdown group-359AED0BCB41
2019-09-20 14:16:50,774 [ForkJoinPool.commonPool-worker-1] INFO  impl.RaftServerImpl (RaftServerImpl.java:lambda$shutdown$3(245)) - 25438d07-0339-4bf6-8997-22533ce336d6: shutdown group-62EF282E5990
2019-09-20 14:16:50,774 [Thread-1070] INFO  util.JmxRegister (JmxRegister.java:unregister(73)) - Successfully un-registered JMX Bean with object name Ratis:service=RaftServer,group=group-359AED0BCB41,id=25438d07-0339-4bf6-8997-22533ce336d6
2019-09-20 14:16:50,774 [ForkJoinPool.commonPool-worker-1] INFO  util.JmxRegister (JmxRegister.java:unregister(73)) - Successfully un-registered JMX Bean with object name Ratis:service=RaftServer,group=group-62EF282E5990,id=25438d07-0339-4bf6-8997-22533ce336d6
2019-09-20 14:16:50,775 [Thread-1070] INFO  impl.RoleInfo (RoleInfo.java:shutdownLeaderState(104)) - 25438d07-0339-4bf6-8997-22533ce336d6: shutdown LeaderState
2019-09-20 14:16:50,775 [ForkJoinPool.commonPool-worker-1] INFO  impl.RoleInfo (RoleInfo.java:shutdownLeaderState(104)) - 25438d07-0339-4bf6-8997-22533ce336d6: shutdown LeaderState
2019-09-20 14:16:50,775 [Thread-1070] INFO  impl.PendingRequests (PendingRequests.java:sendNotLeaderResponses(202)) - 25438d07-0339-4bf6-8997-22533ce336d6-PendingRequests: sendNotLeaderResponses
2019-09-20 14:16:50,776 [ForkJoinPool.commonPool-worker-1] INFO  impl.PendingRequests (PendingRequests.java:sendNotLeaderResponses(202)) - 25438d07-0339-4bf6-8997-22533ce336d6-PendingRequests: sendNotLeaderResponses
2019-09-20 14:16:50,776 [Thread-1070] INFO  impl.StateMachineUpdater (StateMachineUpdater.java:stopAndJoin(115)) - StateMachineUpdater:25438d07-0339-4bf6-8997-22533ce336d6:group-359AED0BCB41: set stopIndex = 0
2019-09-20 14:16:50,776 [ForkJoinPool.commonPool-worker-1] INFO  impl.StateMachineUpdater (StateMachineUpdater.java:stopAndJoin(115)) - StateMachineUpdater:25438d07-0339-4bf6-8997-22533ce336d6:group-62EF282E5990: set stopIndex = 0
2019-09-20 14:16:50,777 [Thread-1070] INFO  impl.RaftServerImpl (ServerState.java:close(394)) - 25438d07-0339-4bf6-8997-22533ce336d6:group-359AED0BCB41 closes. The last applied log index is 0
2019-09-20 14:16:50,777 [ForkJoinPool.commonPool-worker-1] INFO  impl.RaftServerImpl (ServerState.java:close(394)) - 25438d07-0339-4bf6-8997-22533ce336d6:group-62EF282E5990 closes. The last applied log index is 0
2019-09-20 14:16:50,777 [25438d07-0339-4bf6-8997-22533ce336d6-SegmentedRaftLogWorker:Storage Directory /workdir/hadoop-ozone/ozonefs/target/test-dir/MiniOzoneClusterImpl-7e8c7029-0518-46b6-9dc3-3175ad8e4a05/datanode-2/data/ratis/40ba29fb-c143-46ae-8a19-359aed0bcb41] INFO  segmented.SegmentedRaftLogWorker (SegmentedRaftLogWorker.java:run(313)) - 25438d07-0339-4bf6-8997-22533ce336d6-SegmentedRaftLogWorker:Storage Directory /workdir/hadoop-ozone/ozonefs/target/test-dir/MiniOzoneClusterImpl-7e8c7029-0518-46b6-9dc3-3175ad8e4a05/datanode-2/data/ratis/40ba29fb-c143-46ae-8a19-359aed0bcb41 was interrupted, exiting. There are 0 tasks remaining in the queue.
2019-09-20 14:16:50,777 [25438d07-0339-4bf6-8997-22533ce336d6-SegmentedRaftLogWorker:Storage Directory /workdir/hadoop-ozone/ozonefs/target/test-dir/MiniOzoneClusterImpl-7e8c7029-0518-46b6-9dc3-3175ad8e4a05/datanode-2/data/ratis/adfcb1fd-26ce-4751-b3c2-62ef282e5990] INFO  segmented.SegmentedRaftLogWorker (SegmentedRaftLogWorker.java:run(313)) - 25438d07-0339-4bf6-8997-22533ce336d6-SegmentedRaftLogWorker:Storage Directory /workdir/hadoop-ozone/ozonefs/target/test-dir/MiniOzoneClusterImpl-7e8c7029-0518-46b6-9dc3-3175ad8e4a05/datanode-2/data/ratis/adfcb1fd-26ce-4751-b3c2-62ef282e5990 was interrupted, exiting. There are 0 tasks remaining in the queue.
2019-09-20 14:16:50,778 [Thread-1070] INFO  segmented.SegmentedRaftLogWorker (SegmentedRaftLogWorker.java:close(228)) - 25438d07-0339-4bf6-8997-22533ce336d6-SegmentedRaftLogWorker:Storage Directory /workdir/hadoop-ozone/ozonefs/target/test-dir/MiniOzoneClusterImpl-7e8c7029-0518-46b6-9dc3-3175ad8e4a05/datanode-2/data/ratis/40ba29fb-c143-46ae-8a19-359aed0bcb41 close()
2019-09-20 14:16:50,778 [Thread-1070] INFO  impl.RaftServerImpl (RaftServerImpl.java:lambda$shutdown$3(245)) - 25438d07-0339-4bf6-8997-22533ce336d6: shutdown group-B5545ED76E83
2019-09-20 14:16:50,779 [Thread-1070] INFO  util.JmxRegister (JmxRegister.java:unregister(73)) - Successfully un-registered JMX Bean with object name Ratis:service=RaftServer,group=group-B5545ED76E83,id=25438d07-0339-4bf6-8997-22533ce336d6
2019-09-20 14:16:50,779 [Thread-1070] INFO  impl.RoleInfo (RoleInfo.java:shutdownLeaderState(104)) - 25438d07-0339-4bf6-8997-22533ce336d6: shutdown LeaderState
2019-09-20 14:16:50,779 [Thread-1070] INFO  impl.PendingRequests (PendingRequests.java:sendNotLeaderResponses(202)) - 25438d07-0339-4bf6-8997-22533ce336d6-PendingRequests: sendNotLeaderResponses
2019-09-20 14:16:50,780 [Thread-1070] INFO  impl.StateMachineUpdater (StateMachineUpdater.java:stopAndJoin(115)) - StateMachineUpdater:25438d07-0339-4bf6-8997-22533ce336d6:group-B5545ED76E83: set stopIndex = 0
2019-09-20 14:16:50,780 [Thread-1070] INFO  impl.RaftServerImpl (ServerState.java:close(394)) - 25438d07-0339-4bf6-8997-22533ce336d6:group-B5545ED76E83 closes. The last applied log index is 0
2019-09-20 14:16:50,781 [25438d07-0339-4bf6-8997-22533ce336d6-SegmentedRaftLogWorker:Storage Directory /workdir/hadoop-ozone/ozonefs/target/test-dir/MiniOzoneClusterImpl-7e8c7029-0518-46b6-9dc3-3175ad8e4a05/datanode-2/data/ratis/dc9f1f18-02d1-498b-93da-b5545ed76e83] INFO  segmented.SegmentedRaftLogWorker (SegmentedRaftLogWorker.java:run(313)) - 25438d07-0339-4bf6-8997-22533ce336d6-SegmentedRaftLogWorker:Storage Directory /workdir/hadoop-ozone/ozonefs/target/test-dir/MiniOzoneClusterImpl-7e8c7029-0518-46b6-9dc3-3175ad8e4a05/datanode-2/data/ratis/dc9f1f18-02d1-498b-93da-b5545ed76e83 was interrupted, exiting. There are 0 tasks remaining in the queue.
2019-09-20 14:16:50,790 [Thread-1070] INFO  segmented.SegmentedRaftLogWorker (SegmentedRaftLogWorker.java:close(228)) - 25438d07-0339-4bf6-8997-22533ce336d6-SegmentedRaftLogWorker:Storage Directory /workdir/hadoop-ozone/ozonefs/target/test-dir/MiniOzoneClusterImpl-7e8c7029-0518-46b6-9dc3-3175ad8e4a05/datanode-2/data/ratis/dc9f1f18-02d1-498b-93da-b5545ed76e83 close()
2019-09-20 14:16:50,790 [ForkJoinPool.commonPool-worker-1] INFO  segmented.SegmentedRaftLogWorker (SegmentedRaftLogWorker.java:close(228)) - 25438d07-0339-4bf6-8997-22533ce336d6-SegmentedRaftLogWorker:Storage Directory /workdir/hadoop-ozone/ozonefs/target/test-dir/MiniOzoneClusterImpl-7e8c7029-0518-46b6-9dc3-3175ad8e4a05/datanode-2/data/ratis/adfcb1fd-26ce-4751-b3c2-62ef282e5990 close()
2019-09-20 14:16:50,790 [Thread-1070] INFO  impl.RaftServerImpl (RaftServerImpl.java:lambda$shutdown$3(245)) - 25438d07-0339-4bf6-8997-22533ce336d6: shutdown group-6F7FB3E315D6
2019-09-20 14:16:50,790 [ForkJoinPool.commonPool-worker-1] INFO  impl.RaftServerImpl (RaftServerImpl.java:lambda$shutdown$3(245)) - 25438d07-0339-4bf6-8997-22533ce336d6: shutdown group-403592C46DC5
2019-09-20 14:16:50,791 [Thread-1070] INFO  util.JmxRegister (JmxRegister.java:unregister(73)) - Successfully un-registered JMX Bean with object name Ratis:service=RaftServer,group=group-6F7FB3E315D6,id=25438d07-0339-4bf6-8997-22533ce336d6
2019-09-20 14:16:50,791 [ForkJoinPool.commonPool-worker-1] INFO  util.JmxRegister (JmxRegister.java:unregister(73)) - Successfully un-registered JMX Bean with object name Ratis:service=RaftServer,group=group-403592C46DC5,id=25438d07-0339-4bf6-8997-22533ce336d6
2019-09-20 14:16:50,791 [Thread-1070] INFO  impl.RoleInfo (RoleInfo.java:shutdownLeaderState(104)) - 25438d07-0339-4bf6-8997-22533ce336d6: shutdown LeaderState
2019-09-20 14:16:50,791 [ForkJoinPool.commonPool-worker-1] INFO  impl.RoleInfo (RoleInfo.java:shutdownLeaderState(104)) - 25438d07-0339-4bf6-8997-22533ce336d6: shutdown LeaderState
2019-09-20 14:16:50,792 [Thread-1070] INFO  impl.PendingRequests (PendingRequests.java:sendNotLeaderResponses(202)) - 25438d07-0339-4bf6-8997-22533ce336d6-PendingRequests: sendNotLeaderResponses
2019-09-20 14:16:50,792 [ForkJoinPool.commonPool-worker-1] INFO  impl.PendingRequests (PendingRequests.java:sendNotLeaderResponses(202)) - 25438d07-0339-4bf6-8997-22533ce336d6-PendingRequests: sendNotLeaderResponses
2019-09-20 14:16:50,793 [Thread-1070] INFO  impl.StateMachineUpdater (StateMachineUpdater.java:stopAndJoin(115)) - StateMachineUpdater:25438d07-0339-4bf6-8997-22533ce336d6:group-6F7FB3E315D6: set stopIndex = 0
2019-09-20 14:16:50,793 [ForkJoinPool.commonPool-worker-1] INFO  impl.StateMachineUpdater (StateMachineUpdater.java:stopAndJoin(115)) - StateMachineUpdater:25438d07-0339-4bf6-8997-22533ce336d6:group-403592C46DC5: set stopIndex = 0
2019-09-20 14:16:50,793 [Thread-1070] INFO  impl.RaftServerImpl (ServerState.java:close(394)) - 25438d07-0339-4bf6-8997-22533ce336d6:group-6F7FB3E315D6 closes. The last applied log index is 0
2019-09-20 14:16:50,793 [ForkJoinPool.commonPool-worker-1] INFO  impl.RaftServerImpl (ServerState.java:close(394)) - 25438d07-0339-4bf6-8997-22533ce336d6:group-403592C46DC5 closes. The last applied log index is 0
2019-09-20 14:16:50,794 [25438d07-0339-4bf6-8997-22533ce336d6-SegmentedRaftLogWorker:Storage Directory /workdir/hadoop-ozone/ozonefs/target/test-dir/MiniOzoneClusterImpl-7e8c7029-0518-46b6-9dc3-3175ad8e4a05/datanode-2/data/ratis/21df82f4-741d-4639-a234-6f7fb3e315d6] INFO  segmented.SegmentedRaftLogWorker (SegmentedRaftLogWorker.java:run(313)) - 25438d07-0339-4bf6-8997-22533ce336d6-SegmentedRaftLogWorker:Storage Directory /workdir/hadoop-ozone/ozonefs/target/test-dir/MiniOzoneClusterImpl-7e8c7029-0518-46b6-9dc3-3175ad8e4a05/datanode-2/data/ratis/21df82f4-741d-4639-a234-6f7fb3e315d6 was interrupted, exiting. There are 0 tasks remaining in the queue.
2019-09-20 14:16:50,794 [25438d07-0339-4bf6-8997-22533ce336d6-SegmentedRaftLogWorker:Storage Directory /workdir/hadoop-ozone/ozonefs/target/test-dir/MiniOzoneClusterImpl-7e8c7029-0518-46b6-9dc3-3175ad8e4a05/datanode-2/data/ratis/f51feb66-7abc-4137-a1fb-403592c46dc5] INFO  segmented.SegmentedRaftLogWorker (SegmentedRaftLogWorker.java:run(313)) - 25438d07-0339-4bf6-8997-22533ce336d6-SegmentedRaftLogWorker:Storage Directory /workdir/hadoop-ozone/ozonefs/target/test-dir/MiniOzoneClusterImpl-7e8c7029-0518-46b6-9dc3-3175ad8e4a05/datanode-2/data/ratis/f51feb66-7abc-4137-a1fb-403592c46dc5 was interrupted, exiting. There are 0 tasks remaining in the queue.
2019-09-20 14:16:50,794 [Thread-1070] INFO  segmented.SegmentedRaftLogWorker (SegmentedRaftLogWorker.java:close(228)) - 25438d07-0339-4bf6-8997-22533ce336d6-SegmentedRaftLogWorker:Storage Directory /workdir/hadoop-ozone/ozonefs/target/test-dir/MiniOzoneClusterImpl-7e8c7029-0518-46b6-9dc3-3175ad8e4a05/datanode-2/data/ratis/21df82f4-741d-4639-a234-6f7fb3e315d6 close()
2019-09-20 14:16:50,795 [ForkJoinPool.commonPool-worker-1] INFO  segmented.SegmentedRaftLogWorker (SegmentedRaftLogWorker.java:close(228)) - 25438d07-0339-4bf6-8997-22533ce336d6-SegmentedRaftLogWorker:Storage Directory /workdir/hadoop-ozone/ozonefs/target/test-dir/MiniOzoneClusterImpl-7e8c7029-0518-46b6-9dc3-3175ad8e4a05/datanode-2/data/ratis/f51feb66-7abc-4137-a1fb-403592c46dc5 close()
2019-09-20 14:16:50,795 [Thread-1070] INFO  impl.RaftServerImpl (RaftServerImpl.java:lambda$shutdown$3(245)) - 25438d07-0339-4bf6-8997-22533ce336d6: shutdown group-E43046B1C2CB
2019-09-20 14:16:50,796 [Thread-1070] INFO  util.JmxRegister (JmxRegister.java:unregister(73)) - Successfully un-registered JMX Bean with object name Ratis:service=RaftServer,group=group-E43046B1C2CB,id=25438d07-0339-4bf6-8997-22533ce336d6
2019-09-20 14:16:50,796 [Thread-1070] INFO  impl.RoleInfo (RoleInfo.java:shutdownLeaderState(104)) - 25438d07-0339-4bf6-8997-22533ce336d6: shutdown LeaderState
2019-09-20 14:16:50,796 [Thread-1070] INFO  impl.PendingRequests (PendingRequests.java:sendNotLeaderResponses(202)) - 25438d07-0339-4bf6-8997-22533ce336d6-PendingRequests: sendNotLeaderResponses
2019-09-20 14:16:50,797 [Thread-1070] INFO  impl.StateMachineUpdater (StateMachineUpdater.java:stopAndJoin(115)) - StateMachineUpdater:25438d07-0339-4bf6-8997-22533ce336d6:group-E43046B1C2CB: set stopIndex = 0
2019-09-20 14:16:50,797 [Thread-1070] INFO  impl.RaftServerImpl (ServerState.java:close(394)) - 25438d07-0339-4bf6-8997-22533ce336d6:group-E43046B1C2CB closes. The last applied log index is 0
2019-09-20 14:16:50,798 [25438d07-0339-4bf6-8997-22533ce336d6-SegmentedRaftLogWorker:Storage Directory /workdir/hadoop-ozone/ozonefs/target/test-dir/MiniOzoneClusterImpl-7e8c7029-0518-46b6-9dc3-3175ad8e4a05/datanode-2/data/ratis/21327f95-9b02-4911-b3bd-e43046b1c2cb] INFO  segmented.SegmentedRaftLogWorker (SegmentedRaftLogWorker.java:run(313)) - 25438d07-0339-4bf6-8997-22533ce336d6-SegmentedRaftLogWorker:Storage Directory /workdir/hadoop-ozone/ozonefs/target/test-dir/MiniOzoneClusterImpl-7e8c7029-0518-46b6-9dc3-3175ad8e4a05/datanode-2/data/ratis/21327f95-9b02-4911-b3bd-e43046b1c2cb was interrupted, exiting. There are 0 tasks remaining in the queue.
2019-09-20 14:16:50,798 [Thread-1070] INFO  segmented.SegmentedRaftLogWorker (SegmentedRaftLogWorker.java:close(228)) - 25438d07-0339-4bf6-8997-22533ce336d6-SegmentedRaftLogWorker:Storage Directory /workdir/hadoop-ozone/ozonefs/target/test-dir/MiniOzoneClusterImpl-7e8c7029-0518-46b6-9dc3-3175ad8e4a05/datanode-2/data/ratis/21327f95-9b02-4911-b3bd-e43046b1c2cb close()
2019-09-20 14:16:50,798 [Thread-1070] INFO  server.GrpcService (GrpcService.java:closeImpl(155)) - 25438d07-0339-4bf6-8997-22533ce336d6: shutdown server with port 35646 now
2019-09-20 14:16:50,800 [Thread-1070] INFO  server.GrpcService (GrpcService.java:closeImpl(163)) - 25438d07-0339-4bf6-8997-22533ce336d6: shutdown server with port 35646 successfully
2019-09-20 14:16:50,802 [Thread-1070] INFO  utils.BackgroundService (BackgroundService.java:shutdown(148)) - Shutting down service BlockDeletingService
2019-09-20 14:16:50,804 [refreshUsed-/workdir/hadoop-ozone/ozonefs/target/test-dir/MiniOzoneClusterImpl-7e8c7029-0518-46b6-9dc3-3175ad8e4a05/datanode-2/data/containers] WARN  fs.CachingGetSpaceUsed (CachingGetSpaceUsed.java:run(183)) - Thread Interrupted waiting to refresh disk information: sleep interrupted
2019-09-20 14:16:50,831 [Thread-1070] INFO  statemachine.DatanodeStateMachine (DatanodeStateMachine.java:stopDaemon(395)) - Ozone container server stopped.
2019-09-20 14:16:50,843 [Thread-1070] INFO  handler.ContextHandler (ContextHandler.java:doStop(910)) - Stopped o.e.j.w.WebAppContext@dbe9a06{/,null,UNAVAILABLE}{/hddsDatanode}
2019-09-20 14:16:50,844 [Thread-1070] INFO  server.AbstractConnector (AbstractConnector.java:doStop(318)) - Stopped ServerConnector@7c15afac{HTTP/1.1,[http/1.1]}{0.0.0.0:0}
2019-09-20 14:16:50,845 [Thread-1070] INFO  handler.ContextHandler (ContextHandler.java:doStop(910)) - Stopped o.e.j.s.ServletContextHandler@7f2a4fcc{/static,jar:file:/home/user/.m2/repository/org/apache/hadoop/hadoop-hdds-container-service/0.5.0-SNAPSHOT/hadoop-hdds-container-service-0.5.0-SNAPSHOT.jar!/webapps/static,UNAVAILABLE}
2019-09-20 14:16:50,845 [Thread-1070] INFO  handler.ContextHandler (ContextHandler.java:doStop(910)) - Stopped o.e.j.s.ServletContextHandler@5413859f{/logs,file:///workdir/hadoop-ozone/ozonefs/target/log,UNAVAILABLE}
2019-09-20 14:16:50,846 [Thread-1070] INFO  ozone.MiniOzoneClusterImpl (MiniOzoneClusterImpl.java:stop(353)) - Stopping the StorageContainerManager
2019-09-20 14:16:50,846 [Thread-1070] INFO  server.StorageContainerManager (StorageContainerManager.java:stop(797)) - Stopping Replication Manager Service.
2019-09-20 14:16:50,846 [Thread-1070] INFO  container.ReplicationManager (ReplicationManager.java:stop(192)) - Stopping Replication Monitor Thread.
2019-09-20 14:16:50,846 [Thread-1070] INFO  server.StorageContainerManager (StorageContainerManager.java:stop(804)) - Stopping Lease Manager of the command watchers
2019-09-20 14:16:50,847 [Thread-1070] INFO  server.StorageContainerManager (StorageContainerManager.java:stop(811)) - Stopping datanode service RPC server
2019-09-20 14:16:50,847 [Thread-1070] INFO  server.SCMDatanodeProtocolServer (SCMDatanodeProtocolServer.java:stop(367)) - Stopping the RPC server for DataNodes
2019-09-20 14:16:50,847 [Thread-1070] INFO  ipc.Server (Server.java:stop(3082)) - Stopping server on 33109
2019-09-20 14:16:50,849 [IPC Server listener on 33109] INFO  ipc.Server (Server.java:run(1185)) - Stopping IPC Server listener on 33109
2019-09-20 14:16:50,849 [IPC Server Responder] INFO  ipc.Server (Server.java:run(1319)) - Stopping IPC Server Responder
2019-09-20 14:16:50,886 [SCM Heartbeat Processing Thread - 0] WARN  node.NodeStateManager (NodeStateManager.java:scheduleNextHealthCheck(655)) - Current Thread is interrupted, shutting down HB processing thread for Node Manager.
2019-09-20 14:16:50,886 [Thread-1070] INFO  server.StorageContainerManager (StorageContainerManager.java:stop(819)) - Stopping block service RPC server
2019-09-20 14:16:50,887 [Thread-1070] INFO  server.SCMBlockProtocolServer (SCMBlockProtocolServer.java:stop(148)) - Stopping the RPC server for Block Protocol
2019-09-20 14:16:50,887 [Thread-1070] INFO  ipc.Server (Server.java:stop(3082)) - Stopping server on 41812
2019-09-20 14:16:50,888 [IPC Server listener on 41812] INFO  ipc.Server (Server.java:run(1185)) - Stopping IPC Server listener on 41812
2019-09-20 14:16:50,889 [Thread-1070] INFO  server.StorageContainerManager (StorageContainerManager.java:stop(826)) - Stopping the StorageContainerLocationProtocol RPC server
2019-09-20 14:16:50,889 [IPC Server Responder] INFO  ipc.Server (Server.java:run(1319)) - Stopping IPC Server Responder
2019-09-20 14:16:50,889 [Thread-1070] INFO  server.SCMClientProtocolServer (SCMClientProtocolServer.java:stop(159)) - Stopping the RPC server for Client Protocol
2019-09-20 14:16:50,890 [Thread-1070] INFO  ipc.Server (Server.java:stop(3082)) - Stopping server on 34177
2019-09-20 14:16:50,892 [IPC Server listener on 34177] INFO  ipc.Server (Server.java:run(1185)) - Stopping IPC Server listener on 34177
2019-09-20 14:16:50,892 [Thread-1070] INFO  server.StorageContainerManager (StorageContainerManager.java:stop(833)) - Stopping Storage Container Manager HTTP server.
2019-09-20 14:16:50,892 [IPC Server Responder] INFO  ipc.Server (Server.java:run(1319)) - Stopping IPC Server Responder
2019-09-20 14:16:50,895 [Thread-1070] INFO  handler.ContextHandler (ContextHandler.java:doStop(910)) - Stopped o.e.j.w.WebAppContext@3ca87a21{/,null,UNAVAILABLE}{/scm}
2019-09-20 14:16:50,896 [Thread-1070] INFO  server.AbstractConnector (AbstractConnector.java:doStop(318)) - Stopped ServerConnector@5e2e12dc{HTTP/1.1,[http/1.1]}{0.0.0.0:0}
2019-09-20 14:16:50,897 [Thread-1070] INFO  handler.ContextHandler (ContextHandler.java:doStop(910)) - Stopped o.e.j.s.ServletContextHandler@24d50468{/static,jar:file:/home/user/.m2/repository/org/apache/hadoop/hadoop-hdds-server-scm/0.5.0-SNAPSHOT/hadoop-hdds-server-scm-0.5.0-SNAPSHOT.jar!/webapps/static,UNAVAILABLE}
2019-09-20 14:16:50,897 [Thread-1070] INFO  handler.ContextHandler (ContextHandler.java:doStop(910)) - Stopped o.e.j.s.ServletContextHandler@68f2ffc6{/logs,file:///workdir/hadoop-ozone/ozonefs/target/log,UNAVAILABLE}
2019-09-20 14:16:50,898 [Thread-1070] INFO  server.StorageContainerManager (StorageContainerManager.java:stop(844)) - Stopping Block Manager Service.
2019-09-20 14:16:50,898 [Thread-1070] INFO  utils.BackgroundService (BackgroundService.java:shutdown(148)) - Shutting down service SCMBlockDeletingService
2019-09-20 14:16:50,899 [Thread-1070] INFO  utils.BackgroundService (BackgroundService.java:shutdown(148)) - Shutting down service SCMBlockDeletingService
2019-09-20 14:16:50,900 [Thread-1070] INFO  server.StorageContainerManager (StorageContainerManager.java:stop(866)) - Stopping SCM Event Queue.
2019-09-20 14:16:50,903 [Thread-1070] INFO  impl.MetricsSystemImpl (MetricsSystemImpl.java:stop(210)) - Stopping HddsDatanode metrics system...
2019-09-20 14:16:50,910 [Thread-1070] INFO  impl.MetricsSystemImpl (MetricsSystemImpl.java:stop(216)) - HddsDatanode metrics system stopped.
]]></system-out>
    <system-err><![CDATA[Sep 20, 2019 2:16:34 PM com.sun.jersey.server.impl.application.WebApplicationImpl _initiate
INFO: Initiating Jersey application, version 'Jersey: 1.19 02/11/2015 03:25 AM'
Sep 20, 2019 2:16:35 PM com.sun.jersey.server.impl.application.WebApplicationImpl _initiate
INFO: Initiating Jersey application, version 'Jersey: 1.19 02/11/2015 03:25 AM'
Sep 20, 2019 2:16:35 PM com.sun.jersey.server.impl.application.WebApplicationImpl _initiate
INFO: Initiating Jersey application, version 'Jersey: 1.19 02/11/2015 03:25 AM'
Sep 20, 2019 2:16:40 PM com.sun.jersey.server.impl.application.WebApplicationImpl _initiate
INFO: Initiating Jersey application, version 'Jersey: 1.19 02/11/2015 03:25 AM'
]]></system-err>
  </testcase>
  <testcase name="testDeleteCreatesFakeParentDir" classname="org.apache.hadoop.fs.ozone.TestOzoneFileSystem" time="17.719">
    <error message="Allocated 0 blocks. Requested 1 blocks" type="INTERNAL_ERROR org.apache.hadoop.ozone.om.exceptions.OMException">INTERNAL_ERROR org.apache.hadoop.ozone.om.exceptions.OMException: Allocated 0 blocks. Requested 1 blocks
	at org.apache.hadoop.ozone.om.protocolPB.OzoneManagerProtocolClientSideTranslatorPB.handleError(OzoneManagerProtocolClientSideTranslatorPB.java:725)
	at org.apache.hadoop.ozone.om.protocolPB.OzoneManagerProtocolClientSideTranslatorPB.createFile(OzoneManagerProtocolClientSideTranslatorPB.java:1474)
	at org.apache.hadoop.ozone.client.rpc.RpcClient.createFile(RpcClient.java:984)
	at org.apache.hadoop.ozone.client.OzoneBucket.createFile(OzoneBucket.java:535)
	at org.apache.hadoop.fs.ozone.BasicOzoneClientAdapterImpl.createFile(BasicOzoneClientAdapterImpl.java:181)
	at org.apache.hadoop.fs.ozone.BasicOzoneFileSystem.createOutputStream(BasicOzoneFileSystem.java:249)
	at org.apache.hadoop.fs.ozone.BasicOzoneFileSystem.create(BasicOzoneFileSystem.java:230)
	at org.apache.hadoop.fs.FileSystem.create(FileSystem.java:1118)
	at org.apache.hadoop.fs.FileSystem.create(FileSystem.java:1098)
	at org.apache.hadoop.fs.FileSystem.create(FileSystem.java:987)
	at org.apache.hadoop.fs.contract.ContractTestUtils.createFile(ContractTestUtils.java:633)
	at org.apache.hadoop.fs.contract.ContractTestUtils.touch(ContractTestUtils.java:669)
	at org.apache.hadoop.fs.ozone.TestOzoneFileSystem.testDeleteCreatesFakeParentDir(TestOzoneFileSystem.java:154)
	at sun.reflect.NativeMethodAccessorImpl.invoke0(Native Method)
	at sun.reflect.NativeMethodAccessorImpl.invoke(NativeMethodAccessorImpl.java:62)
	at sun.reflect.DelegatingMethodAccessorImpl.invoke(DelegatingMethodAccessorImpl.java:43)
	at java.lang.reflect.Method.invoke(Method.java:498)
	at org.junit.runners.model.FrameworkMethod$1.runReflectiveCall(FrameworkMethod.java:47)
	at org.junit.internal.runners.model.ReflectiveCallable.run(ReflectiveCallable.java:12)
	at org.junit.runners.model.FrameworkMethod.invokeExplosively(FrameworkMethod.java:44)
	at org.junit.internal.runners.statements.InvokeMethod.evaluate(InvokeMethod.java:17)
	at org.junit.internal.runners.statements.RunBefores.evaluate(RunBefores.java:26)
	at org.junit.internal.runners.statements.RunAfters.evaluate(RunAfters.java:27)
	at org.junit.internal.runners.statements.FailOnTimeout$StatementThread.run(FailOnTimeout.java:74)
</error>
    <system-out><![CDATA[2019-09-20 14:16:50,967 [Thread-1336] WARN  server.ServerUtils (ServerUtils.java:getScmDbDir(145)) - ozone.scm.db.dirs is not configured. We recommend adding this setting. Falling back to ozone.metadata.dirs instead.
2019-09-20 14:16:50,987 [Thread-1336] WARN  server.ServerUtils (ServerUtils.java:getScmDbDir(145)) - ozone.scm.db.dirs is not configured. We recommend adding this setting. Falling back to ozone.metadata.dirs instead.
2019-09-20 14:16:50,987 [Thread-1336] WARN  server.ServerUtils (ServerUtils.java:getScmDbDir(145)) - ozone.scm.db.dirs is not configured. We recommend adding this setting. Falling back to ozone.metadata.dirs instead.
2019-09-20 14:16:50,988 [Thread-1336] INFO  db.DBStoreBuilder (DBStoreBuilder.java:addTable(110)) - using custom profile for table: deletedBlocks
2019-09-20 14:16:50,988 [Thread-1336] INFO  db.DBStoreBuilder (DBStoreBuilder.java:processTables(161)) - Using default column profile:DBProfile.DISK for Table:deletedBlocks
2019-09-20 14:16:50,988 [Thread-1336] INFO  db.DBStoreBuilder (DBStoreBuilder.java:addTable(110)) - using custom profile for table: validCerts
2019-09-20 14:16:50,989 [Thread-1336] INFO  db.DBStoreBuilder (DBStoreBuilder.java:processTables(161)) - Using default column profile:DBProfile.DISK for Table:validCerts
2019-09-20 14:16:50,989 [Thread-1336] INFO  db.DBStoreBuilder (DBStoreBuilder.java:addTable(110)) - using custom profile for table: revokedCerts
2019-09-20 14:16:50,989 [Thread-1336] INFO  db.DBStoreBuilder (DBStoreBuilder.java:processTables(161)) - Using default column profile:DBProfile.DISK for Table:revokedCerts
2019-09-20 14:16:50,989 [Thread-1336] INFO  db.DBStoreBuilder (DBStoreBuilder.java:addTable(110)) - using custom profile for table: default
2019-09-20 14:16:50,989 [Thread-1336] INFO  db.DBStoreBuilder (DBStoreBuilder.java:processTables(167)) - Using default column profile:DBProfile.DISK for Table:default
2019-09-20 14:16:50,990 [Thread-1336] INFO  db.DBStoreBuilder (DBStoreBuilder.java:getDbProfile(198)) - Using default options. DBProfile.DISK
2019-09-20 14:16:51,267 [Thread-1336] INFO  net.NodeSchemaLoader (NodeSchemaLoader.java:loadSchemaFromFile(125)) - Loading file from sun.misc.CompoundEnumeration@5ff96712
2019-09-20 14:16:51,267 [Thread-1336] INFO  net.NodeSchemaLoader (NodeSchemaLoader.java:loadSchema(171)) - Loading network topology layer schema file
2019-09-20 14:16:51,273 [Thread-1336] WARN  server.ServerUtils (ServerUtils.java:sanitizeUserArgs(70)) - ozone.scm.stale.node.interval value = 300000 is larger than max = 100000 based on the key value of ozone.scm.heartbeat.thread.interval, reset to the max value 100000.
2019-09-20 14:16:51,273 [Thread-1336] WARN  server.ServerUtils (ServerUtils.java:sanitizeUserArgs(70)) - ozone.scm.stale.node.interval value = 300000 is larger than max = 100000 based on the key value of ozone.scm.heartbeat.thread.interval, reset to the max value 100000.
2019-09-20 14:16:51,274 [Thread-1336] INFO  node.SCMNodeManager (SCMNodeManager.java:<init>(121)) - Entering startup safe mode.
2019-09-20 14:16:51,275 [Thread-1336] INFO  algorithms.ContainerPlacementPolicyFactory (ContainerPlacementPolicyFactory.java:getPolicy(56)) - Create container placement policy of type org.apache.hadoop.hdds.scm.container.placement.algorithms.SCMContainerPlacementRandom
2019-09-20 14:16:51,275 [Thread-1336] WARN  server.ServerUtils (ServerUtils.java:getScmDbDir(145)) - ozone.scm.db.dirs is not configured. We recommend adding this setting. Falling back to ozone.metadata.dirs instead.
2019-09-20 14:16:51,382 [Thread-1336] INFO  pipeline.SCMPipelineManager (SCMPipelineManager.java:initializePipelineState(126)) - No pipeline exists in current db
2019-09-20 14:16:51,382 [Thread-1336] WARN  server.ServerUtils (ServerUtils.java:getScmDbDir(145)) - ozone.scm.db.dirs is not configured. We recommend adding this setting. Falling back to ozone.metadata.dirs instead.
2019-09-20 14:16:51,479 [Thread-1336] WARN  events.EventQueue (EventQueue.java:fireEvent(175)) - No event handler registered for event TypedEvent{payloadType=SafeModeStatus, name='SafeModeStatus'}
2019-09-20 14:16:51,480 [Thread-1336] INFO  ipc.CallQueueManager (CallQueueManager.java:<init>(84)) - Using callQueue: class java.util.concurrent.LinkedBlockingQueue, queueCapacity: 2000, scheduler: class org.apache.hadoop.ipc.DefaultRpcScheduler, ipcBackoff: false.
2019-09-20 14:16:51,481 [Socket Reader #1 for port 44382] INFO  ipc.Server (Server.java:run(1074)) - Starting Socket Reader #1 for port 44382
2019-09-20 14:16:51,483 [Thread-1336] INFO  ipc.CallQueueManager (CallQueueManager.java:<init>(84)) - Using callQueue: class java.util.concurrent.LinkedBlockingQueue, queueCapacity: 2000, scheduler: class org.apache.hadoop.ipc.DefaultRpcScheduler, ipcBackoff: false.
2019-09-20 14:16:51,484 [Socket Reader #1 for port 38139] INFO  ipc.Server (Server.java:run(1074)) - Starting Socket Reader #1 for port 38139
2019-09-20 14:16:51,485 [Thread-1336] INFO  ipc.CallQueueManager (CallQueueManager.java:<init>(84)) - Using callQueue: class java.util.concurrent.LinkedBlockingQueue, queueCapacity: 2000, scheduler: class org.apache.hadoop.ipc.DefaultRpcScheduler, ipcBackoff: false.
2019-09-20 14:16:51,486 [Socket Reader #1 for port 46326] INFO  ipc.Server (Server.java:run(1074)) - Starting Socket Reader #1 for port 46326
2019-09-20 14:16:51,489 [Thread-1336] INFO  hdfs.DFSUtil (DFSUtil.java:httpServerTemplateForNNAndJN(1641)) - Starting Web-server for scm at: http://0.0.0.0:0
2019-09-20 14:16:51,493 [Thread-1336] INFO  server.AuthenticationFilter (AuthenticationFilter.java:constructSecretProvider(240)) - Unable to initialize FileSignerSecretProvider, falling back to use random secrets.
2019-09-20 14:16:51,494 [Thread-1336] WARN  http.HttpRequestLog (HttpRequestLog.java:getRequestLog(97)) - Jetty request log can only be enabled using Log4j
2019-09-20 14:16:51,497 [Thread-1336] INFO  http.HttpServer2 (HttpServer2.java:addGlobalFilter(975)) - Added global filter 'safety' (class=org.apache.hadoop.http.HttpServer2$QuotingInputFilter)
2019-09-20 14:16:51,499 [Thread-1336] INFO  http.HttpServer2 (HttpServer2.java:addFilter(948)) - Added filter static_user_filter (class=org.apache.hadoop.http.lib.StaticUserWebFilter$StaticUserFilter) to context scm
2019-09-20 14:16:51,499 [Thread-1336] INFO  http.HttpServer2 (HttpServer2.java:addFilter(958)) - Added filter static_user_filter (class=org.apache.hadoop.http.lib.StaticUserWebFilter$StaticUserFilter) to context static
2019-09-20 14:16:51,499 [Thread-1336] INFO  http.HttpServer2 (HttpServer2.java:addFilter(958)) - Added filter static_user_filter (class=org.apache.hadoop.http.lib.StaticUserWebFilter$StaticUserFilter) to context logs
2019-09-20 14:16:51,502 [Thread-1336] INFO  server.StorageContainerManager (StorageContainerManager.java:start(759)) - StorageContainerLocationProtocol RPC server is listening at /0.0.0.0:46326
2019-09-20 14:16:51,506 [Thread-1336] WARN  impl.MetricsConfig (MetricsConfig.java:loadFirst(134)) - Cannot locate configuration: tried hadoop-metrics2-storagecontainermanager.properties,hadoop-metrics2.properties
2019-09-20 14:16:51,507 [Thread-1336] INFO  impl.MetricsSystemImpl (MetricsSystemImpl.java:startTimer(374)) - Scheduled Metric snapshot period at 10 second(s).
2019-09-20 14:16:51,507 [Thread-1336] INFO  impl.MetricsSystemImpl (MetricsSystemImpl.java:start(191)) - StorageContainerManager metrics system started
2019-09-20 14:16:51,600 [Thread-1336] INFO  server.SCMClientProtocolServer (SCMClientProtocolServer.java:start(151)) - RPC server for Client  is listening at /0.0.0.0:46326
2019-09-20 14:16:51,600 [IPC Server Responder] INFO  ipc.Server (Server.java:run(1314)) - IPC Server Responder: starting
2019-09-20 14:16:51,600 [IPC Server listener on 46326] INFO  ipc.Server (Server.java:run(1153)) - IPC Server listener on 46326: starting
2019-09-20 14:16:51,609 [Thread-1336] INFO  server.StorageContainerManager (StorageContainerManager.java:start(769)) - ScmBlockLocationProtocol RPC server is listening at /0.0.0.0:38139
2019-09-20 14:16:51,609 [Thread-1336] INFO  server.SCMBlockProtocolServer (SCMBlockProtocolServer.java:start(140)) - RPC server for Block Protocol is listening at /0.0.0.0:38139
2019-09-20 14:16:51,610 [IPC Server Responder] INFO  ipc.Server (Server.java:run(1314)) - IPC Server Responder: starting
2019-09-20 14:16:51,610 [IPC Server listener on 38139] INFO  ipc.Server (Server.java:run(1153)) - IPC Server listener on 38139: starting
2019-09-20 14:16:51,614 [Thread-1336] INFO  server.StorageContainerManager (StorageContainerManager.java:start(773)) - ScmDatanodeProtocl RPC server is listening at /0.0.0.0:44382
2019-09-20 14:16:51,614 [Thread-1336] INFO  server.SCMDatanodeProtocolServer (SCMDatanodeProtocolServer.java:start(191)) - RPC server for DataNodes is listening at /0.0.0.0:44382
2019-09-20 14:16:51,615 [IPC Server Responder] INFO  ipc.Server (Server.java:run(1314)) - IPC Server Responder: starting
2019-09-20 14:16:51,617 [IPC Server listener on 44382] INFO  ipc.Server (Server.java:run(1153)) - IPC Server listener on 44382: starting
2019-09-20 14:16:51,622 [Thread-1336] INFO  http.HttpServer2 (HttpServer2.java:bindListener(1191)) - Jetty bound to port 35323
2019-09-20 14:16:51,623 [Thread-1336] INFO  server.Server (Server.java:doStart(351)) - jetty-9.3.24.v20180605, build timestamp: 2018-06-05T17:11:56Z, git hash: 84205aa28f11a4f31f2a3b86d1bba2cc8ab69827
2019-09-20 14:16:51,625 [Thread-1336] INFO  handler.ContextHandler (ContextHandler.java:doStart(781)) - Started o.e.j.s.ServletContextHandler@6c546c3b{/logs,file:///workdir/hadoop-ozone/ozonefs/target/log,AVAILABLE}
2019-09-20 14:16:51,626 [Thread-1336] INFO  handler.ContextHandler (ContextHandler.java:doStart(781)) - Started o.e.j.s.ServletContextHandler@4c596e3c{/static,jar:file:/home/user/.m2/repository/org/apache/hadoop/hadoop-hdds-server-scm/0.5.0-SNAPSHOT/hadoop-hdds-server-scm-0.5.0-SNAPSHOT.jar!/webapps/static,AVAILABLE}
2019-09-20 14:16:51,666 [Thread-1336] INFO  handler.ContextHandler (ContextHandler.java:doStart(781)) - Started o.e.j.w.WebAppContext@7daf7f8e{/,file:///tmp/jetty-0.0.0.0-35323-scm-_-any-3714975369563890622.dir/webapp/,AVAILABLE}{/scm}
2019-09-20 14:16:51,666 [Thread-1336] INFO  server.AbstractConnector (AbstractConnector.java:doStart(278)) - Started ServerConnector@2523b040{HTTP/1.1,[http/1.1]}{0.0.0.0:35323}
2019-09-20 14:16:51,667 [Thread-1336] INFO  server.Server (Server.java:doStart(419)) - Started @97040ms
2019-09-20 14:16:51,668 [Thread-1336] INFO  server.BaseHttpServer (BaseHttpServer.java:updateConnectorAddress(213)) - HTTP server of SCM is listening at http://0.0.0.0:35323
2019-09-20 14:16:51,669 [Thread-1336] WARN  server.ServerUtils (ServerUtils.java:getDBPath(222)) - ozone.om.db.dirs is not configured. We recommend adding this setting. Falling back to ozone.metadata.dirs instead.
2019-09-20 14:16:51,670 [org.apache.hadoop.util.JvmPauseMonitor$Monitor@18d31a5f] INFO  util.JvmPauseMonitor (JvmPauseMonitor.java:run(188)) - Starting JVM pause monitor
2019-09-20 14:16:51,694 [Thread-1336] WARN  server.ServerUtils (ServerUtils.java:getDBPath(222)) - ozone.om.db.dirs is not configured. We recommend adding this setting. Falling back to ozone.metadata.dirs instead.
2019-09-20 14:16:51,694 [Thread-1336] WARN  server.ServerUtils (ServerUtils.java:getDBPath(222)) - ozone.om.db.dirs is not configured. We recommend adding this setting. Falling back to ozone.metadata.dirs instead.
2019-09-20 14:16:51,695 [Thread-1336] INFO  om.OzoneManager (OzoneManager.java:setOMNodeDetails(645)) - OM Service ID is not set. Setting it to the default ID: omServiceIdDefault
2019-09-20 14:16:51,695 [Thread-1336] INFO  om.OzoneManager (OzoneManager.java:setOMNodeDetails(651)) - OM Node ID is not set. Setting it to the OmStorage's OmID: 6d531a8d-4296-4291-8a0e-c9f690c9417f
2019-09-20 14:16:51,695 [Thread-1336] INFO  om.OzoneManager (OzoneManager.java:loadOMHAConfigs(602)) - Found matching OM address with OMServiceId: null, OMNodeId: null, RPC Address: localhost:0 and Ratis port: 9872
2019-09-20 14:16:51,701 | INFO  | SCMAudit | user=jenkins1000 | ip=192.168.36.99 | op=GET_SCM_INFO null | ret=SUCCESS |  
2019-09-20 14:16:51,704 [Thread-1336] WARN  server.ServerUtils (ServerUtils.java:getDBPath(222)) - ozone.om.db.dirs is not configured. We recommend adding this setting. Falling back to ozone.metadata.dirs instead.
2019-09-20 14:16:51,704 [Thread-1336] INFO  db.DBStoreBuilder (DBStoreBuilder.java:addTable(110)) - using custom profile for table: userTable
2019-09-20 14:16:51,704 [Thread-1336] INFO  db.DBStoreBuilder (DBStoreBuilder.java:processTables(161)) - Using default column profile:DBProfile.DISK for Table:userTable
2019-09-20 14:16:51,705 [Thread-1336] INFO  db.DBStoreBuilder (DBStoreBuilder.java:addTable(110)) - using custom profile for table: volumeTable
2019-09-20 14:16:51,705 [Thread-1336] INFO  db.DBStoreBuilder (DBStoreBuilder.java:processTables(161)) - Using default column profile:DBProfile.DISK for Table:volumeTable
2019-09-20 14:16:51,705 [Thread-1336] INFO  db.DBStoreBuilder (DBStoreBuilder.java:addTable(110)) - using custom profile for table: bucketTable
2019-09-20 14:16:51,705 [Thread-1336] INFO  db.DBStoreBuilder (DBStoreBuilder.java:processTables(161)) - Using default column profile:DBProfile.DISK for Table:bucketTable
2019-09-20 14:16:51,706 [Thread-1336] INFO  db.DBStoreBuilder (DBStoreBuilder.java:addTable(110)) - using custom profile for table: keyTable
2019-09-20 14:16:51,706 [Thread-1336] INFO  db.DBStoreBuilder (DBStoreBuilder.java:processTables(161)) - Using default column profile:DBProfile.DISK for Table:keyTable
2019-09-20 14:16:51,706 [Thread-1336] INFO  db.DBStoreBuilder (DBStoreBuilder.java:addTable(110)) - using custom profile for table: deletedTable
2019-09-20 14:16:51,706 [Thread-1336] INFO  db.DBStoreBuilder (DBStoreBuilder.java:processTables(161)) - Using default column profile:DBProfile.DISK for Table:deletedTable
2019-09-20 14:16:51,707 [Thread-1336] INFO  db.DBStoreBuilder (DBStoreBuilder.java:addTable(110)) - using custom profile for table: openKeyTable
2019-09-20 14:16:51,707 [Thread-1336] INFO  db.DBStoreBuilder (DBStoreBuilder.java:processTables(161)) - Using default column profile:DBProfile.DISK for Table:openKeyTable
2019-09-20 14:16:51,707 [Thread-1336] INFO  db.DBStoreBuilder (DBStoreBuilder.java:addTable(110)) - using custom profile for table: s3Table
2019-09-20 14:16:51,707 [Thread-1336] INFO  db.DBStoreBuilder (DBStoreBuilder.java:processTables(161)) - Using default column profile:DBProfile.DISK for Table:s3Table
2019-09-20 14:16:51,707 [Thread-1336] INFO  db.DBStoreBuilder (DBStoreBuilder.java:addTable(110)) - using custom profile for table: multipartInfoTable
2019-09-20 14:16:51,708 [Thread-1336] INFO  db.DBStoreBuilder (DBStoreBuilder.java:processTables(161)) - Using default column profile:DBProfile.DISK for Table:multipartInfoTable
2019-09-20 14:16:51,708 [Thread-1336] INFO  db.DBStoreBuilder (DBStoreBuilder.java:addTable(110)) - using custom profile for table: dTokenTable
2019-09-20 14:16:51,708 [Thread-1336] INFO  db.DBStoreBuilder (DBStoreBuilder.java:processTables(161)) - Using default column profile:DBProfile.DISK for Table:dTokenTable
2019-09-20 14:16:51,708 [Thread-1336] INFO  db.DBStoreBuilder (DBStoreBuilder.java:addTable(110)) - using custom profile for table: s3SecretTable
2019-09-20 14:16:51,709 [Thread-1336] INFO  db.DBStoreBuilder (DBStoreBuilder.java:processTables(161)) - Using default column profile:DBProfile.DISK for Table:s3SecretTable
2019-09-20 14:16:51,709 [Thread-1336] INFO  db.DBStoreBuilder (DBStoreBuilder.java:addTable(110)) - using custom profile for table: prefixTable
2019-09-20 14:16:51,709 [Thread-1336] INFO  db.DBStoreBuilder (DBStoreBuilder.java:processTables(161)) - Using default column profile:DBProfile.DISK for Table:prefixTable
2019-09-20 14:16:51,709 [Thread-1336] INFO  db.DBStoreBuilder (DBStoreBuilder.java:addTable(110)) - using custom profile for table: default
2019-09-20 14:16:51,709 [Thread-1336] INFO  db.DBStoreBuilder (DBStoreBuilder.java:processTables(167)) - Using default column profile:DBProfile.DISK for Table:default
2019-09-20 14:16:51,710 [Thread-1336] INFO  db.DBStoreBuilder (DBStoreBuilder.java:getDbProfile(198)) - Using default options. DBProfile.DISK
2019-09-20 14:16:52,450 [Thread-1336] INFO  ipc.CallQueueManager (CallQueueManager.java:<init>(84)) - Using callQueue: class java.util.concurrent.LinkedBlockingQueue, queueCapacity: 2000, scheduler: class org.apache.hadoop.ipc.DefaultRpcScheduler, ipcBackoff: false.
2019-09-20 14:16:52,451 [Socket Reader #1 for port 39075] INFO  ipc.Server (Server.java:run(1074)) - Starting Socket Reader #1 for port 39075
2019-09-20 14:16:52,481 [Thread-1336] INFO  om.OzoneManager (OzoneManager.java:start(1256)) - OzoneManager RPC server is listening at localhost/127.0.0.1:39075
2019-09-20 14:16:52,482 [Thread-1336] INFO  impl.MetricsSystemImpl (MetricsSystemImpl.java:init(158)) - OzoneManager metrics system started (again)
2019-09-20 14:16:52,483 [IPC Server Responder] INFO  ipc.Server (Server.java:run(1314)) - IPC Server Responder: starting
2019-09-20 14:16:52,483 [IPC Server listener on 39075] INFO  ipc.Server (Server.java:run(1153)) - IPC Server listener on 39075: starting
2019-09-20 14:16:52,489 [Thread-1336] INFO  hdfs.DFSUtil (DFSUtil.java:httpServerTemplateForNNAndJN(1641)) - Starting Web-server for ozoneManager at: http://0.0.0.0:0
2019-09-20 14:16:52,492 [Thread-1336] INFO  server.AuthenticationFilter (AuthenticationFilter.java:constructSecretProvider(240)) - Unable to initialize FileSignerSecretProvider, falling back to use random secrets.
2019-09-20 14:16:52,492 [Thread-1336] WARN  http.HttpRequestLog (HttpRequestLog.java:getRequestLog(97)) - Jetty request log can only be enabled using Log4j
2019-09-20 14:16:52,495 [Thread-1336] INFO  http.HttpServer2 (HttpServer2.java:addGlobalFilter(975)) - Added global filter 'safety' (class=org.apache.hadoop.http.HttpServer2$QuotingInputFilter)
2019-09-20 14:16:52,496 [Thread-1336] INFO  http.HttpServer2 (HttpServer2.java:addFilter(948)) - Added filter static_user_filter (class=org.apache.hadoop.http.lib.StaticUserWebFilter$StaticUserFilter) to context ozoneManager
2019-09-20 14:16:52,496 [Thread-1336] INFO  http.HttpServer2 (HttpServer2.java:addFilter(958)) - Added filter static_user_filter (class=org.apache.hadoop.http.lib.StaticUserWebFilter$StaticUserFilter) to context logs
2019-09-20 14:16:52,496 [Thread-1336] INFO  http.HttpServer2 (HttpServer2.java:addFilter(958)) - Added filter static_user_filter (class=org.apache.hadoop.http.lib.StaticUserWebFilter$StaticUserFilter) to context static
2019-09-20 14:16:52,497 [Thread-1336] INFO  http.HttpServer2 (HttpServer2.java:bindListener(1191)) - Jetty bound to port 36486
2019-09-20 14:16:52,498 [Thread-1336] INFO  server.Server (Server.java:doStart(351)) - jetty-9.3.24.v20180605, build timestamp: 2018-06-05T17:11:56Z, git hash: 84205aa28f11a4f31f2a3b86d1bba2cc8ab69827
2019-09-20 14:16:52,500 [Thread-1336] INFO  handler.ContextHandler (ContextHandler.java:doStart(781)) - Started o.e.j.s.ServletContextHandler@45e93019{/logs,file:///workdir/hadoop-ozone/ozonefs/target/log,AVAILABLE}
2019-09-20 14:16:52,501 [Thread-1336] INFO  handler.ContextHandler (ContextHandler.java:doStart(781)) - Started o.e.j.s.ServletContextHandler@7bd42373{/static,jar:file:/home/user/.m2/repository/org/apache/hadoop/hadoop-ozone-ozone-manager/0.5.0-SNAPSHOT/hadoop-ozone-ozone-manager-0.5.0-SNAPSHOT.jar!/webapps/static,AVAILABLE}
2019-09-20 14:16:52,564 [Thread-1336] INFO  handler.ContextHandler (ContextHandler.java:doStart(781)) - Started o.e.j.w.WebAppContext@62d4ac8c{/,file:///tmp/jetty-0.0.0.0-36486-ozoneManager-_-any-5656656657028778280.dir/webapp/,AVAILABLE}{/ozoneManager}
2019-09-20 14:16:52,564 [Thread-1336] INFO  server.AbstractConnector (AbstractConnector.java:doStart(278)) - Started ServerConnector@6439d210{HTTP/1.1,[http/1.1]}{0.0.0.0:36486}
2019-09-20 14:16:52,565 [Thread-1336] INFO  server.Server (Server.java:doStart(419)) - Started @97939ms
2019-09-20 14:16:52,566 [Thread-1336] INFO  server.BaseHttpServer (BaseHttpServer.java:updateConnectorAddress(213)) - HTTP server of OZONEMANAGER is listening at http://0.0.0.0:36486
2019-09-20 14:16:52,575 [Thread-1336] INFO  impl.MetricsSystemImpl (MetricsSystemImpl.java:init(158)) - HddsDatanode metrics system started (again)
2019-09-20 14:16:52,577 [Thread-1336] INFO  ozone.HddsDatanodeService (HddsDatanodeService.java:start(184)) - HddsDatanodeService host:pr-hdds-1569-p5fx8-1226042367 ip:192.168.36.99
2019-09-20 14:16:52,586 [Thread-1336] INFO  volume.HddsVolume (HddsVolume.java:<init>(176)) - Creating Volume: /workdir/hadoop-ozone/ozonefs/target/test-dir/MiniOzoneClusterImpl-a6efaa66-6ca1-47a3-8b50-c5fe67a1a9f1/datanode-0/data/containers/hdds of  storage type : DISK and capacity : 1482555576320
2019-09-20 14:16:52,587 [Thread-1336] INFO  volume.VolumeSet (VolumeSet.java:initializeVolumeSet(170)) - Added Volume : /workdir/hadoop-ozone/ozonefs/target/test-dir/MiniOzoneClusterImpl-a6efaa66-6ca1-47a3-8b50-c5fe67a1a9f1/datanode-0/data/containers/hdds to VolumeSet
2019-09-20 14:16:52,587 [Thread-1336] INFO  volume.ThrottledAsyncChecker (ThrottledAsyncChecker.java:schedule(140)) - Scheduling a check for org.apache.hadoop.ozone.container.common.volume.HddsVolume@6c61c04d
2019-09-20 14:16:52,587 [Thread-1336] INFO  volume.HddsVolumeChecker (HddsVolumeChecker.java:checkAllVolumes(203)) - Scheduled health check for volume org.apache.hadoop.ozone.container.common.volume.HddsVolume@6c61c04d
2019-09-20 14:16:52,610 [Thread-1336] INFO  impl.RaftServerProxy (ConfUtils.java:logGet(43)) - raft.rpc.type = GRPC (default)
2019-09-20 14:16:52,610 [Thread-1336] INFO  grpc.GrpcFactory (GrpcFactory.java:checkPooledByteBufAllocatorUseCacheForAllThreads(45)) - PERFORMANCE WARNING: useCacheForAllThreads is true that may cause Netty to create a lot garbage objects and, as a result, trigger GC.
	It is recommended to disable useCacheForAllThreads by setting -Dorg.apache.ratis.thirdparty.io.netty.allocator.useCacheForAllThreads=false in command line.
2019-09-20 14:16:52,610 [Thread-1336] INFO  grpc.GrpcConfigKeys$Server (ConfUtils.java:logGet(43)) - raft.grpc.server.port = 0 (default)
2019-09-20 14:16:52,610 [Thread-1336] INFO  server.GrpcService (ConfUtils.java:logGet(43)) - raft.grpc.message.size.max = 33570816 (custom)
2019-09-20 14:16:52,610 [Thread-1336] INFO  server.RaftServerConfigKeys (ConfUtils.java:logGet(43)) - raft.server.log.appender.buffer.byte-limit = 33554432 (custom)
2019-09-20 14:16:52,611 [Thread-1336] INFO  server.GrpcService (ConfUtils.java:logGet(43)) - raft.grpc.flow.control.window = 1MB (=1048576) (default)
2019-09-20 14:16:52,611 [Thread-1336] INFO  server.RaftServerConfigKeys (ConfUtils.java:logGet(43)) - raft.server.rpc.request.timeout = 3000ms (default)
2019-09-20 14:16:52,611 [Thread-1336] INFO  server.RaftServerConfigKeys (ConfUtils.java:logGet(43)) - raft.server.storage.dir = [/workdir/hadoop-ozone/ozonefs/target/test-dir/MiniOzoneClusterImpl-a6efaa66-6ca1-47a3-8b50-c5fe67a1a9f1/datanode-0/data/ratis] (custom)
2019-09-20 14:16:52,612 [Thread-1336] INFO  replication.SimpleContainerDownloader (SimpleContainerDownloader.java:<init>(72)) - Starting container downloader service to copy containers to replicate.
2019-09-20 14:16:52,614 [Thread-1336] INFO  hdfs.DFSUtil (DFSUtil.java:httpServerTemplateForNNAndJN(1641)) - Starting Web-server for hddsDatanode at: http://0.0.0.0:0
2019-09-20 14:16:52,615 [Thread-1336] INFO  server.AuthenticationFilter (AuthenticationFilter.java:constructSecretProvider(240)) - Unable to initialize FileSignerSecretProvider, falling back to use random secrets.
2019-09-20 14:16:52,615 [Thread-1336] WARN  http.HttpRequestLog (HttpRequestLog.java:getRequestLog(97)) - Jetty request log can only be enabled using Log4j
2019-09-20 14:16:52,617 [Thread-1336] INFO  http.HttpServer2 (HttpServer2.java:addGlobalFilter(975)) - Added global filter 'safety' (class=org.apache.hadoop.http.HttpServer2$QuotingInputFilter)
2019-09-20 14:16:52,617 [Thread-1336] INFO  http.HttpServer2 (HttpServer2.java:addFilter(948)) - Added filter static_user_filter (class=org.apache.hadoop.http.lib.StaticUserWebFilter$StaticUserFilter) to context hddsDatanode
2019-09-20 14:16:52,618 [Thread-1336] INFO  http.HttpServer2 (HttpServer2.java:addFilter(958)) - Added filter static_user_filter (class=org.apache.hadoop.http.lib.StaticUserWebFilter$StaticUserFilter) to context logs
2019-09-20 14:16:52,618 [Thread-1336] INFO  http.HttpServer2 (HttpServer2.java:addFilter(958)) - Added filter static_user_filter (class=org.apache.hadoop.http.lib.StaticUserWebFilter$StaticUserFilter) to context static
2019-09-20 14:16:52,618 [Thread-1336] INFO  http.HttpServer2 (HttpServer2.java:bindListener(1191)) - Jetty bound to port 33023
2019-09-20 14:16:52,618 [Thread-1336] INFO  server.Server (Server.java:doStart(351)) - jetty-9.3.24.v20180605, build timestamp: 2018-06-05T17:11:56Z, git hash: 84205aa28f11a4f31f2a3b86d1bba2cc8ab69827
2019-09-20 14:16:52,620 [Thread-1336] INFO  handler.ContextHandler (ContextHandler.java:doStart(781)) - Started o.e.j.s.ServletContextHandler@16303977{/logs,file:///workdir/hadoop-ozone/ozonefs/target/log,AVAILABLE}
2019-09-20 14:16:52,621 [Thread-1336] INFO  handler.ContextHandler (ContextHandler.java:doStart(781)) - Started o.e.j.s.ServletContextHandler@1693f718{/static,jar:file:/home/user/.m2/repository/org/apache/hadoop/hadoop-hdds-container-service/0.5.0-SNAPSHOT/hadoop-hdds-container-service-0.5.0-SNAPSHOT.jar!/webapps/static,AVAILABLE}
2019-09-20 14:16:52,647 [Thread-1336] INFO  handler.ContextHandler (ContextHandler.java:doStart(781)) - Started o.e.j.w.WebAppContext@107153dc{/,file:///tmp/jetty-0.0.0.0-33023-hddsDatanode-_-any-2152622886395461533.dir/webapp/,AVAILABLE}{/hddsDatanode}
2019-09-20 14:16:52,647 [Thread-1336] INFO  server.AbstractConnector (AbstractConnector.java:doStart(278)) - Started ServerConnector@5250cbd3{HTTP/1.1,[http/1.1]}{0.0.0.0:33023}
2019-09-20 14:16:52,647 [Thread-1336] INFO  server.Server (Server.java:doStart(419)) - Started @98021ms
2019-09-20 14:16:52,649 [Thread-1336] INFO  server.BaseHttpServer (BaseHttpServer.java:updateConnectorAddress(213)) - HTTP server of HDDSDATANODE is listening at http://0.0.0.0:33023
2019-09-20 14:16:52,766 | INFO  | ObjectStoreRestHttpServer | Listening HDDS REST traffic on /0.0.0.0:39425 |  
2019-09-20 14:16:52,766 [Thread-1336] INFO  ozone.HddsDatanodeService (HddsDatanodeService.java:startPlugins(395)) - Started plug-in org.apache.hadoop.ozone.web.OzoneHddsDatanodeService@521ff29a
2019-09-20 14:16:52,767 [Thread-1336] INFO  impl.MetricsSystemImpl (MetricsSystemImpl.java:init(158)) - HddsDatanode metrics system started (again)
2019-09-20 14:16:52,769 [org.apache.hadoop.util.JvmPauseMonitor$Monitor@78ca04c3] INFO  util.JvmPauseMonitor (JvmPauseMonitor.java:run(188)) - Starting JVM pause monitor
2019-09-20 14:16:52,769 [Thread-1336] INFO  ozone.HddsDatanodeService (HddsDatanodeService.java:start(184)) - HddsDatanodeService host:pr-hdds-1569-p5fx8-1226042367 ip:192.168.36.99
2019-09-20 14:16:52,774 [Datanode State Machine Thread - 0] INFO  datanode.InitDatanodeState (InitDatanodeState.java:persistContainerDatanodeDetails(140)) - DatanodeDetails is persisted to /workdir/hadoop-ozone/ozonefs/target/test-dir/MiniOzoneClusterImpl-a6efaa66-6ca1-47a3-8b50-c5fe67a1a9f1/datanode-0/meta/datanode.id
2019-09-20 14:16:52,778 [Thread-1336] INFO  volume.HddsVolume (HddsVolume.java:<init>(176)) - Creating Volume: /workdir/hadoop-ozone/ozonefs/target/test-dir/MiniOzoneClusterImpl-a6efaa66-6ca1-47a3-8b50-c5fe67a1a9f1/datanode-1/data/containers/hdds of  storage type : DISK and capacity : 1482555576320
2019-09-20 14:16:52,778 [Thread-1336] INFO  volume.VolumeSet (VolumeSet.java:initializeVolumeSet(170)) - Added Volume : /workdir/hadoop-ozone/ozonefs/target/test-dir/MiniOzoneClusterImpl-a6efaa66-6ca1-47a3-8b50-c5fe67a1a9f1/datanode-1/data/containers/hdds to VolumeSet
2019-09-20 14:16:52,778 [Thread-1336] INFO  volume.ThrottledAsyncChecker (ThrottledAsyncChecker.java:schedule(140)) - Scheduling a check for org.apache.hadoop.ozone.container.common.volume.HddsVolume@6699305f
2019-09-20 14:16:52,778 [Thread-1336] INFO  volume.HddsVolumeChecker (HddsVolumeChecker.java:checkAllVolumes(203)) - Scheduled health check for volume org.apache.hadoop.ozone.container.common.volume.HddsVolume@6699305f
2019-09-20 14:16:52,799 [Thread-1336] INFO  impl.RaftServerProxy (ConfUtils.java:logGet(43)) - raft.rpc.type = GRPC (default)
2019-09-20 14:16:52,799 [Thread-1336] INFO  grpc.GrpcFactory (GrpcFactory.java:checkPooledByteBufAllocatorUseCacheForAllThreads(45)) - PERFORMANCE WARNING: useCacheForAllThreads is true that may cause Netty to create a lot garbage objects and, as a result, trigger GC.
	It is recommended to disable useCacheForAllThreads by setting -Dorg.apache.ratis.thirdparty.io.netty.allocator.useCacheForAllThreads=false in command line.
2019-09-20 14:16:52,799 [Thread-1336] INFO  grpc.GrpcConfigKeys$Server (ConfUtils.java:logGet(43)) - raft.grpc.server.port = 0 (default)
2019-09-20 14:16:52,800 [Thread-1336] INFO  server.GrpcService (ConfUtils.java:logGet(43)) - raft.grpc.message.size.max = 33570816 (custom)
2019-09-20 14:16:52,800 [Thread-1336] INFO  server.RaftServerConfigKeys (ConfUtils.java:logGet(43)) - raft.server.log.appender.buffer.byte-limit = 33554432 (custom)
2019-09-20 14:16:52,800 [Thread-1336] INFO  server.GrpcService (ConfUtils.java:logGet(43)) - raft.grpc.flow.control.window = 1MB (=1048576) (default)
2019-09-20 14:16:52,800 [Thread-1336] INFO  server.RaftServerConfigKeys (ConfUtils.java:logGet(43)) - raft.server.rpc.request.timeout = 3000ms (default)
2019-09-20 14:16:52,800 [Thread-1336] INFO  server.RaftServerConfigKeys (ConfUtils.java:logGet(43)) - raft.server.storage.dir = [/workdir/hadoop-ozone/ozonefs/target/test-dir/MiniOzoneClusterImpl-a6efaa66-6ca1-47a3-8b50-c5fe67a1a9f1/datanode-1/data/ratis] (custom)
2019-09-20 14:16:52,801 [Thread-1336] INFO  replication.SimpleContainerDownloader (SimpleContainerDownloader.java:<init>(72)) - Starting container downloader service to copy containers to replicate.
2019-09-20 14:16:52,802 [Thread-1336] INFO  hdfs.DFSUtil (DFSUtil.java:httpServerTemplateForNNAndJN(1641)) - Starting Web-server for hddsDatanode at: http://0.0.0.0:0
2019-09-20 14:16:52,804 [Thread-1336] INFO  server.AuthenticationFilter (AuthenticationFilter.java:constructSecretProvider(240)) - Unable to initialize FileSignerSecretProvider, falling back to use random secrets.
2019-09-20 14:16:52,805 [Thread-1336] WARN  http.HttpRequestLog (HttpRequestLog.java:getRequestLog(97)) - Jetty request log can only be enabled using Log4j
2019-09-20 14:16:52,808 [Thread-1336] INFO  http.HttpServer2 (HttpServer2.java:addGlobalFilter(975)) - Added global filter 'safety' (class=org.apache.hadoop.http.HttpServer2$QuotingInputFilter)
2019-09-20 14:16:52,809 [Thread-1336] INFO  http.HttpServer2 (HttpServer2.java:addFilter(948)) - Added filter static_user_filter (class=org.apache.hadoop.http.lib.StaticUserWebFilter$StaticUserFilter) to context hddsDatanode
2019-09-20 14:16:52,809 [Thread-1336] INFO  http.HttpServer2 (HttpServer2.java:addFilter(958)) - Added filter static_user_filter (class=org.apache.hadoop.http.lib.StaticUserWebFilter$StaticUserFilter) to context static
2019-09-20 14:16:52,809 [Thread-1336] INFO  http.HttpServer2 (HttpServer2.java:addFilter(958)) - Added filter static_user_filter (class=org.apache.hadoop.http.lib.StaticUserWebFilter$StaticUserFilter) to context logs
2019-09-20 14:16:52,810 [Thread-1336] INFO  http.HttpServer2 (HttpServer2.java:bindListener(1191)) - Jetty bound to port 35305
2019-09-20 14:16:52,811 [Thread-1336] INFO  server.Server (Server.java:doStart(351)) - jetty-9.3.24.v20180605, build timestamp: 2018-06-05T17:11:56Z, git hash: 84205aa28f11a4f31f2a3b86d1bba2cc8ab69827
2019-09-20 14:16:52,814 [Thread-1336] INFO  handler.ContextHandler (ContextHandler.java:doStart(781)) - Started o.e.j.s.ServletContextHandler@45b63821{/logs,file:///workdir/hadoop-ozone/ozonefs/target/log,AVAILABLE}
2019-09-20 14:16:52,814 [Thread-1336] INFO  handler.ContextHandler (ContextHandler.java:doStart(781)) - Started o.e.j.s.ServletContextHandler@40c73883{/static,jar:file:/home/user/.m2/repository/org/apache/hadoop/hadoop-hdds-container-service/0.5.0-SNAPSHOT/hadoop-hdds-container-service-0.5.0-SNAPSHOT.jar!/webapps/static,AVAILABLE}
2019-09-20 14:16:52,856 [Thread-1336] INFO  handler.ContextHandler (ContextHandler.java:doStart(781)) - Started o.e.j.w.WebAppContext@3fb898fc{/,file:///tmp/jetty-0.0.0.0-35305-hddsDatanode-_-any-4156201291253175365.dir/webapp/,AVAILABLE}{/hddsDatanode}
2019-09-20 14:16:52,857 [Thread-1336] INFO  server.AbstractConnector (AbstractConnector.java:doStart(278)) - Started ServerConnector@6a873154{HTTP/1.1,[http/1.1]}{0.0.0.0:35305}
2019-09-20 14:16:52,858 [Thread-1336] INFO  server.Server (Server.java:doStart(419)) - Started @98231ms
2019-09-20 14:16:52,859 [Thread-1336] INFO  server.BaseHttpServer (BaseHttpServer.java:updateConnectorAddress(213)) - HTTP server of HDDSDATANODE is listening at http://0.0.0.0:35305
2019-09-20 14:16:53,011 | INFO  | ObjectStoreRestHttpServer | Listening HDDS REST traffic on /0.0.0.0:45094 |  
2019-09-20 14:16:53,011 [Thread-1336] INFO  ozone.HddsDatanodeService (HddsDatanodeService.java:startPlugins(395)) - Started plug-in org.apache.hadoop.ozone.web.OzoneHddsDatanodeService@5b84d0b4
2019-09-20 14:16:53,012 [Thread-1336] INFO  impl.MetricsSystemImpl (MetricsSystemImpl.java:init(158)) - HddsDatanode metrics system started (again)
2019-09-20 14:16:53,015 [org.apache.hadoop.util.JvmPauseMonitor$Monitor@4acf5f74] INFO  util.JvmPauseMonitor (JvmPauseMonitor.java:run(188)) - Starting JVM pause monitor
2019-09-20 14:16:53,016 [Thread-1336] INFO  ozone.HddsDatanodeService (HddsDatanodeService.java:start(184)) - HddsDatanodeService host:pr-hdds-1569-p5fx8-1226042367 ip:192.168.36.99
2019-09-20 14:16:53,017 [Datanode State Machine Thread - 0] INFO  datanode.InitDatanodeState (InitDatanodeState.java:persistContainerDatanodeDetails(140)) - DatanodeDetails is persisted to /workdir/hadoop-ozone/ozonefs/target/test-dir/MiniOzoneClusterImpl-a6efaa66-6ca1-47a3-8b50-c5fe67a1a9f1/datanode-1/meta/datanode.id
2019-09-20 14:16:53,025 [Thread-1336] INFO  volume.HddsVolume (HddsVolume.java:<init>(176)) - Creating Volume: /workdir/hadoop-ozone/ozonefs/target/test-dir/MiniOzoneClusterImpl-a6efaa66-6ca1-47a3-8b50-c5fe67a1a9f1/datanode-2/data/containers/hdds of  storage type : DISK and capacity : 1482555576320
2019-09-20 14:16:53,026 [Thread-1336] INFO  volume.VolumeSet (VolumeSet.java:initializeVolumeSet(170)) - Added Volume : /workdir/hadoop-ozone/ozonefs/target/test-dir/MiniOzoneClusterImpl-a6efaa66-6ca1-47a3-8b50-c5fe67a1a9f1/datanode-2/data/containers/hdds to VolumeSet
2019-09-20 14:16:53,026 [Thread-1336] INFO  volume.ThrottledAsyncChecker (ThrottledAsyncChecker.java:schedule(140)) - Scheduling a check for org.apache.hadoop.ozone.container.common.volume.HddsVolume@415ab2d3
2019-09-20 14:16:53,027 [Thread-1336] INFO  volume.HddsVolumeChecker (HddsVolumeChecker.java:checkAllVolumes(203)) - Scheduled health check for volume org.apache.hadoop.ozone.container.common.volume.HddsVolume@415ab2d3
2019-09-20 14:16:53,056 [Thread-1336] INFO  impl.RaftServerProxy (ConfUtils.java:logGet(43)) - raft.rpc.type = GRPC (default)
2019-09-20 14:16:53,057 [Thread-1336] INFO  grpc.GrpcFactory (GrpcFactory.java:checkPooledByteBufAllocatorUseCacheForAllThreads(45)) - PERFORMANCE WARNING: useCacheForAllThreads is true that may cause Netty to create a lot garbage objects and, as a result, trigger GC.
	It is recommended to disable useCacheForAllThreads by setting -Dorg.apache.ratis.thirdparty.io.netty.allocator.useCacheForAllThreads=false in command line.
2019-09-20 14:16:53,057 [Thread-1336] INFO  grpc.GrpcConfigKeys$Server (ConfUtils.java:logGet(43)) - raft.grpc.server.port = 0 (default)
2019-09-20 14:16:53,057 [Thread-1336] INFO  server.GrpcService (ConfUtils.java:logGet(43)) - raft.grpc.message.size.max = 33570816 (custom)
2019-09-20 14:16:53,057 [Thread-1336] INFO  server.RaftServerConfigKeys (ConfUtils.java:logGet(43)) - raft.server.log.appender.buffer.byte-limit = 33554432 (custom)
2019-09-20 14:16:53,058 [Thread-1336] INFO  server.GrpcService (ConfUtils.java:logGet(43)) - raft.grpc.flow.control.window = 1MB (=1048576) (default)
2019-09-20 14:16:53,058 [Thread-1336] INFO  server.RaftServerConfigKeys (ConfUtils.java:logGet(43)) - raft.server.rpc.request.timeout = 3000ms (default)
2019-09-20 14:16:53,058 [Thread-1336] INFO  server.RaftServerConfigKeys (ConfUtils.java:logGet(43)) - raft.server.storage.dir = [/workdir/hadoop-ozone/ozonefs/target/test-dir/MiniOzoneClusterImpl-a6efaa66-6ca1-47a3-8b50-c5fe67a1a9f1/datanode-2/data/ratis] (custom)
2019-09-20 14:16:53,059 [Thread-1336] INFO  replication.SimpleContainerDownloader (SimpleContainerDownloader.java:<init>(72)) - Starting container downloader service to copy containers to replicate.
2019-09-20 14:16:53,060 [Thread-1336] INFO  hdfs.DFSUtil (DFSUtil.java:httpServerTemplateForNNAndJN(1641)) - Starting Web-server for hddsDatanode at: http://0.0.0.0:0
2019-09-20 14:16:53,063 [Thread-1336] INFO  server.AuthenticationFilter (AuthenticationFilter.java:constructSecretProvider(240)) - Unable to initialize FileSignerSecretProvider, falling back to use random secrets.
2019-09-20 14:16:53,064 [Thread-1336] WARN  http.HttpRequestLog (HttpRequestLog.java:getRequestLog(97)) - Jetty request log can only be enabled using Log4j
2019-09-20 14:16:53,066 [Thread-1336] INFO  http.HttpServer2 (HttpServer2.java:addGlobalFilter(975)) - Added global filter 'safety' (class=org.apache.hadoop.http.HttpServer2$QuotingInputFilter)
2019-09-20 14:16:53,067 [Thread-1336] INFO  http.HttpServer2 (HttpServer2.java:addFilter(948)) - Added filter static_user_filter (class=org.apache.hadoop.http.lib.StaticUserWebFilter$StaticUserFilter) to context hddsDatanode
2019-09-20 14:16:53,067 [Thread-1336] INFO  http.HttpServer2 (HttpServer2.java:addFilter(958)) - Added filter static_user_filter (class=org.apache.hadoop.http.lib.StaticUserWebFilter$StaticUserFilter) to context logs
2019-09-20 14:16:53,067 [Thread-1336] INFO  http.HttpServer2 (HttpServer2.java:addFilter(958)) - Added filter static_user_filter (class=org.apache.hadoop.http.lib.StaticUserWebFilter$StaticUserFilter) to context static
2019-09-20 14:16:53,068 [Thread-1336] INFO  http.HttpServer2 (HttpServer2.java:bindListener(1191)) - Jetty bound to port 45959
2019-09-20 14:16:53,068 [Thread-1336] INFO  server.Server (Server.java:doStart(351)) - jetty-9.3.24.v20180605, build timestamp: 2018-06-05T17:11:56Z, git hash: 84205aa28f11a4f31f2a3b86d1bba2cc8ab69827
2019-09-20 14:16:53,071 [Thread-1336] INFO  handler.ContextHandler (ContextHandler.java:doStart(781)) - Started o.e.j.s.ServletContextHandler@324f24a3{/logs,file:///workdir/hadoop-ozone/ozonefs/target/log,AVAILABLE}
2019-09-20 14:16:53,071 [Thread-1336] INFO  handler.ContextHandler (ContextHandler.java:doStart(781)) - Started o.e.j.s.ServletContextHandler@6c4c0e71{/static,jar:file:/home/user/.m2/repository/org/apache/hadoop/hadoop-hdds-container-service/0.5.0-SNAPSHOT/hadoop-hdds-container-service-0.5.0-SNAPSHOT.jar!/webapps/static,AVAILABLE}
2019-09-20 14:16:53,107 [Thread-1336] INFO  handler.ContextHandler (ContextHandler.java:doStart(781)) - Started o.e.j.w.WebAppContext@37e43771{/,file:///tmp/jetty-0.0.0.0-45959-hddsDatanode-_-any-5082716996024747067.dir/webapp/,AVAILABLE}{/hddsDatanode}
2019-09-20 14:16:53,107 [Thread-1336] INFO  server.AbstractConnector (AbstractConnector.java:doStart(278)) - Started ServerConnector@3e39732a{HTTP/1.1,[http/1.1]}{0.0.0.0:45959}
2019-09-20 14:16:53,109 [Thread-1336] INFO  server.Server (Server.java:doStart(419)) - Started @98482ms
2019-09-20 14:16:53,110 [Thread-1336] INFO  server.BaseHttpServer (BaseHttpServer.java:updateConnectorAddress(213)) - HTTP server of HDDSDATANODE is listening at http://0.0.0.0:45959
2019-09-20 14:16:53,235 | INFO  | ObjectStoreRestHttpServer | Listening HDDS REST traffic on /0.0.0.0:41199 |  
2019-09-20 14:16:53,235 [Thread-1336] INFO  ozone.HddsDatanodeService (HddsDatanodeService.java:startPlugins(395)) - Started plug-in org.apache.hadoop.ozone.web.OzoneHddsDatanodeService@1b13d0ce
2019-09-20 14:16:53,235 [Thread-1336] INFO  ozone.MiniOzoneClusterImpl (MiniOzoneClusterImpl.java:lambda$waitForClusterToBeReady$0(142)) - Waiting for cluster to be ready. Got 0 of 3 DN Heartbeats.
2019-09-20 14:16:53,238 [org.apache.hadoop.util.JvmPauseMonitor$Monitor@4d7cfd2f] INFO  util.JvmPauseMonitor (JvmPauseMonitor.java:run(188)) - Starting JVM pause monitor
2019-09-20 14:16:53,240 [Datanode State Machine Thread - 0] INFO  datanode.InitDatanodeState (InitDatanodeState.java:persistContainerDatanodeDetails(140)) - DatanodeDetails is persisted to /workdir/hadoop-ozone/ozonefs/target/test-dir/MiniOzoneClusterImpl-a6efaa66-6ca1-47a3-8b50-c5fe67a1a9f1/datanode-2/meta/datanode.id
2019-09-20 14:16:54,236 [Thread-1336] INFO  ozone.MiniOzoneClusterImpl (MiniOzoneClusterImpl.java:lambda$waitForClusterToBeReady$0(142)) - Waiting for cluster to be ready. Got 0 of 3 DN Heartbeats.
2019-09-20 14:16:54,776 | INFO  | SCMAudit | user=jenkins1000 | ip=192.168.36.99 | op=GET_VERSION null | ret=SUCCESS |  
2019-09-20 14:16:54,798 [Datanode State Machine Thread - 0] INFO  ozoneimpl.OzoneContainer (OzoneContainer.java:start(186)) - Attempting to start container services.
2019-09-20 14:16:54,798 [Datanode State Machine Thread - 0] INFO  ozoneimpl.OzoneContainer (OzoneContainer.java:startContainerScrub(160)) - Background container scrubber has been disabled by hdds.containerscrub.enabled
2019-09-20 14:16:54,798 [Datanode State Machine Thread - 0] INFO  ratis.XceiverServerRatis (XceiverServerRatis.java:start(404)) - Starting XceiverServerRatis 35085a69-c577-4be4-bc35-5cb4b1e64437 at port 0
2019-09-20 14:16:54,806 [Datanode State Machine Thread - 0] INFO  impl.RaftServerProxy (RaftServerProxy.java:lambda$start$3(299)) - 35085a69-c577-4be4-bc35-5cb4b1e64437: start RPC server
2019-09-20 14:16:54,810 [Datanode State Machine Thread - 0] INFO  server.GrpcService (GrpcService.java:startImpl(149)) - 35085a69-c577-4be4-bc35-5cb4b1e64437: GrpcService started, listening on 0.0.0.0/0.0.0.0:45686
2019-09-20 14:16:54,810 [Datanode State Machine Thread - 0] INFO  ratis.XceiverServerRatis (XceiverServerRatis.java:start(414)) - XceiverServerRatis 35085a69-c577-4be4-bc35-5cb4b1e64437 is started using port 45686
2019-09-20 14:16:54,811 [Datanode State Machine Thread - 0] INFO  server.XceiverServerGrpc (XceiverServerGrpc.java:start(163)) - XceiverServerGrpc 35085a69-c577-4be4-bc35-5cb4b1e64437 is started using port 45481
2019-09-20 14:16:55,016 | INFO  | SCMAudit | user=jenkins1000 | ip=192.168.36.99 | op=GET_VERSION null | ret=SUCCESS |  
2019-09-20 14:16:55,038 [Datanode State Machine Thread - 0] INFO  ozoneimpl.OzoneContainer (OzoneContainer.java:start(186)) - Attempting to start container services.
2019-09-20 14:16:55,038 [Datanode State Machine Thread - 0] INFO  ozoneimpl.OzoneContainer (OzoneContainer.java:startContainerScrub(160)) - Background container scrubber has been disabled by hdds.containerscrub.enabled
2019-09-20 14:16:55,038 [Datanode State Machine Thread - 0] INFO  ratis.XceiverServerRatis (XceiverServerRatis.java:start(404)) - Starting XceiverServerRatis 5417499b-8247-461e-be10-1b45bf247d25 at port 0
2019-09-20 14:16:55,048 [Datanode State Machine Thread - 0] INFO  impl.RaftServerProxy (RaftServerProxy.java:lambda$start$3(299)) - 5417499b-8247-461e-be10-1b45bf247d25: start RPC server
2019-09-20 14:16:55,049 [Datanode State Machine Thread - 0] INFO  server.GrpcService (GrpcService.java:startImpl(149)) - 5417499b-8247-461e-be10-1b45bf247d25: GrpcService started, listening on 0.0.0.0/0.0.0.0:43697
2019-09-20 14:16:55,049 [Datanode State Machine Thread - 0] INFO  ratis.XceiverServerRatis (XceiverServerRatis.java:start(414)) - XceiverServerRatis 5417499b-8247-461e-be10-1b45bf247d25 is started using port 43697
2019-09-20 14:16:55,050 [Datanode State Machine Thread - 0] INFO  server.XceiverServerGrpc (XceiverServerGrpc.java:start(163)) - XceiverServerGrpc 5417499b-8247-461e-be10-1b45bf247d25 is started using port 39778
2019-09-20 14:16:55,236 [Thread-1336] INFO  ozone.MiniOzoneClusterImpl (MiniOzoneClusterImpl.java:lambda$waitForClusterToBeReady$0(142)) - Waiting for cluster to be ready. Got 0 of 3 DN Heartbeats.
2019-09-20 14:16:55,239 | INFO  | SCMAudit | user=jenkins1000 | ip=192.168.36.99 | op=GET_VERSION null | ret=SUCCESS |  
2019-09-20 14:16:55,263 [Datanode State Machine Thread - 0] INFO  ozoneimpl.OzoneContainer (OzoneContainer.java:start(186)) - Attempting to start container services.
2019-09-20 14:16:55,264 [Datanode State Machine Thread - 0] INFO  ozoneimpl.OzoneContainer (OzoneContainer.java:startContainerScrub(160)) - Background container scrubber has been disabled by hdds.containerscrub.enabled
2019-09-20 14:16:55,264 [Datanode State Machine Thread - 0] INFO  ratis.XceiverServerRatis (XceiverServerRatis.java:start(404)) - Starting XceiverServerRatis f858022d-8b6c-40dd-9b02-9ee6db579943 at port 0
2019-09-20 14:16:55,272 [Datanode State Machine Thread - 0] INFO  impl.RaftServerProxy (RaftServerProxy.java:lambda$start$3(299)) - f858022d-8b6c-40dd-9b02-9ee6db579943: start RPC server
2019-09-20 14:16:55,274 [Datanode State Machine Thread - 0] INFO  server.GrpcService (GrpcService.java:startImpl(149)) - f858022d-8b6c-40dd-9b02-9ee6db579943: GrpcService started, listening on 0.0.0.0/0.0.0.0:35753
2019-09-20 14:16:55,274 [Datanode State Machine Thread - 0] INFO  ratis.XceiverServerRatis (XceiverServerRatis.java:start(414)) - XceiverServerRatis f858022d-8b6c-40dd-9b02-9ee6db579943 is started using port 35753
2019-09-20 14:16:55,275 [Datanode State Machine Thread - 0] INFO  server.XceiverServerGrpc (XceiverServerGrpc.java:start(163)) - XceiverServerGrpc f858022d-8b6c-40dd-9b02-9ee6db579943 is started using port 34952
2019-09-20 14:16:56,237 [Thread-1336] INFO  ozone.MiniOzoneClusterImpl (MiniOzoneClusterImpl.java:lambda$waitForClusterToBeReady$0(142)) - Waiting for cluster to be ready. Got 0 of 3 DN Heartbeats.
2019-09-20 14:16:56,775 [IPC Server handler 0 on 44382] INFO  net.NetworkTopology (NetworkTopologyImpl.java:add(110)) - Added a new node: /default-rack/35085a69-c577-4be4-bc35-5cb4b1e64437
2019-09-20 14:16:56,777 [IPC Server handler 0 on 44382] INFO  node.SCMNodeManager (SCMNodeManager.java:register(273)) - Registered Data node : 35085a69-c577-4be4-bc35-5cb4b1e64437{ip: 192.168.36.99, host: pr-hdds-1569-p5fx8-1226042367, networkLocation: /default-rack, certSerialId: null}
2019-09-20 14:16:56,778 [EventQueue-NodeRegistrationContainerReportForDataNodeSafeModeRule] INFO  safemode.SCMSafeModeManager (DataNodeSafeModeRule.java:process(71)) - SCM in safe mode. 1 DataNodes registered, 1 required.
2019-09-20 14:16:56,780 [EventQueue-NodeRegistrationContainerReportForDataNodeSafeModeRule] INFO  safemode.SCMSafeModeManager (SCMSafeModeManager.java:validateSafeModeExitRules(177)) - ScmSafeModeManager, all rules are successfully validated
2019-09-20 14:16:56,780 [EventQueue-NodeRegistrationContainerReportForDataNodeSafeModeRule] INFO  safemode.SCMSafeModeManager (SCMSafeModeManager.java:exitSafeMode(193)) - SCM exiting safe mode.
2019-09-20 14:16:56,780 | INFO  | SCMAudit | user=jenkins1000 | ip=192.168.36.99 | op=REGISTER {datanodeDetails=35085a69-c577-4be4-bc35-5cb4b1e64437{ip: 192.168.36.99, host: pr-hdds-1569-p5fx8-1226042367, networkLocation: /default-rack, certSerialId: null}} | ret=SUCCESS |  
2019-09-20 14:16:56,797 [grpc-default-executor-0] INFO  impl.RaftServerProxy (RaftServerProxy.java:addNew(89)) - 35085a69-c577-4be4-bc35-5cb4b1e64437: addNew group-FC49ACB49171:[35085a69-c577-4be4-bc35-5cb4b1e64437:192.168.36.99:45686] returns group-FC49ACB49171:java.util.concurrent.CompletableFuture@36d06a1e[Not completed]
2019-09-20 14:16:56,800 [pool-292-thread-1] INFO  impl.RaftServerImpl (RaftServerImpl.java:<init>(93)) - 35085a69-c577-4be4-bc35-5cb4b1e64437: new RaftServerImpl for group-FC49ACB49171:[35085a69-c577-4be4-bc35-5cb4b1e64437:192.168.36.99:45686] with ContainerStateMachine:uninitialized
2019-09-20 14:16:56,800 [pool-292-thread-1] INFO  server.RaftServerConfigKeys (ConfUtils.java:logGet(43)) - raft.server.rpc.timeout.min = 5s (custom)
2019-09-20 14:16:56,800 [pool-292-thread-1] INFO  server.RaftServerConfigKeys (ConfUtils.java:logGet(43)) - raft.server.rpc.timeout.max = 5200ms (custom)
2019-09-20 14:16:56,800 [pool-292-thread-1] INFO  server.RaftServerConfigKeys (ConfUtils.java:logGet(43)) - raft.server.rpcslowness.timeout = 120s (custom)
2019-09-20 14:16:56,800 [pool-292-thread-1] INFO  server.RaftServerConfigKeys (ConfUtils.java:logGet(43)) - raft.server.sleep.deviation.threshold = 300 (default)
2019-09-20 14:16:56,801 [pool-292-thread-1] INFO  server.RaftServerConfigKeys (ConfUtils.java:logGet(43)) - raft.server.log.appender.install.snapshot.enabled = false (custom)
2019-09-20 14:16:56,801 [pool-292-thread-1] INFO  impl.RaftServerImpl (ServerState.java:<init>(105)) - 35085a69-c577-4be4-bc35-5cb4b1e64437:group-FC49ACB49171 ConfigurationManager, init=-1: [35085a69-c577-4be4-bc35-5cb4b1e64437:192.168.36.99:45686], old=null, confs=<EMPTY_MAP>
2019-09-20 14:16:56,801 [pool-292-thread-1] INFO  server.RaftServerConfigKeys (ConfUtils.java:logGet(43)) - raft.server.storage.dir = [/workdir/hadoop-ozone/ozonefs/target/test-dir/MiniOzoneClusterImpl-a6efaa66-6ca1-47a3-8b50-c5fe67a1a9f1/datanode-0/data/ratis] (custom)
2019-09-20 14:16:56,802 [pool-292-thread-1] INFO  storage.RaftStorageDirectory (RaftStorageDirectory.java:analyzeStorage(246)) - The storage directory /workdir/hadoop-ozone/ozonefs/target/test-dir/MiniOzoneClusterImpl-a6efaa66-6ca1-47a3-8b50-c5fe67a1a9f1/datanode-0/data/ratis/22a242a4-ef20-4598-b8d5-fc49acb49171 does not exist. Creating ...
2019-09-20 14:16:56,824 [pool-292-thread-1] INFO  storage.RaftStorageDirectory (RaftStorageDirectory.java:tryLock(328)) - Lock on /workdir/hadoop-ozone/ozonefs/target/test-dir/MiniOzoneClusterImpl-a6efaa66-6ca1-47a3-8b50-c5fe67a1a9f1/datanode-0/data/ratis/22a242a4-ef20-4598-b8d5-fc49acb49171/in_use.lock acquired by nodename 5474@pr-hdds-1569-p5fx8-1226042367
2019-09-20 14:16:56,849 [pool-292-thread-1] INFO  storage.RaftStorage (RaftStorage.java:format(72)) - Storage directory /workdir/hadoop-ozone/ozonefs/target/test-dir/MiniOzoneClusterImpl-a6efaa66-6ca1-47a3-8b50-c5fe67a1a9f1/datanode-0/data/ratis/22a242a4-ef20-4598-b8d5-fc49acb49171 has been successfully formatted.
2019-09-20 14:16:56,849 [pool-292-thread-1] INFO  ratis.ContainerStateMachine (ContainerStateMachine.java:loadSnapshot(226)) - group-FC49ACB49171: The snapshot info is null. Setting the last applied indexto:(t:0, i:~)
2019-09-20 14:16:56,850 [pool-292-thread-1] INFO  server.RaftServerConfigKeys (ConfUtils.java:logGet(43)) - raft.server.leader.election.timeout = 120s (custom)
2019-09-20 14:16:56,850 [pool-292-thread-1] INFO  server.RaftServerConfigKeys (ConfUtils.java:logGet(43)) - raft.server.log.use.memory = false (default)
2019-09-20 14:16:56,850 [pool-292-thread-1] INFO  server.RaftServerConfigKeys (ConfUtils.java:logGet(43)) - raft.server.log.purge.gap = 1000000 (custom)
2019-09-20 14:16:56,850 [pool-292-thread-1] INFO  server.RaftServerConfigKeys (ConfUtils.java:logGet(43)) - raft.server.log.appender.buffer.byte-limit = 33554432 (custom)
2019-09-20 14:16:56,850 [pool-292-thread-1] INFO  server.RaftServerConfigKeys (ConfUtils.java:logGet(43)) - raft.server.log.segment.size.max = 1048576 (custom)
2019-09-20 14:16:56,851 [pool-292-thread-1] INFO  server.RaftServerConfigKeys (ConfUtils.java:logGet(43)) - raft.server.log.segment.cache.num.max = 2 (custom)
2019-09-20 14:16:56,851 [pool-292-thread-1] INFO  segmented.SegmentedRaftLogWorker (SegmentedRaftLogWorker.java:<init>(172)) - new 35085a69-c577-4be4-bc35-5cb4b1e64437-SegmentedRaftLogWorker:Storage Directory /workdir/hadoop-ozone/ozonefs/target/test-dir/MiniOzoneClusterImpl-a6efaa66-6ca1-47a3-8b50-c5fe67a1a9f1/datanode-0/data/ratis/22a242a4-ef20-4598-b8d5-fc49acb49171 for RaftStorage:Storage Directory /workdir/hadoop-ozone/ozonefs/target/test-dir/MiniOzoneClusterImpl-a6efaa66-6ca1-47a3-8b50-c5fe67a1a9f1/datanode-0/data/ratis/22a242a4-ef20-4598-b8d5-fc49acb49171
2019-09-20 14:16:56,851 [pool-292-thread-1] INFO  server.RaftServerConfigKeys (ConfUtils.java:logGet(43)) - raft.server.log.queue.byte-limit = 2147483647 (custom)
2019-09-20 14:16:56,851 [pool-292-thread-1] INFO  server.RaftServerConfigKeys (ConfUtils.java:logGet(43)) - raft.server.log.queue.element-limit = 1024 (custom)
2019-09-20 14:16:56,852 [pool-292-thread-1] INFO  server.RaftServerConfigKeys (ConfUtils.java:logGet(43)) - raft.server.log.segment.size.max = 1048576 (custom)
2019-09-20 14:16:56,852 [pool-292-thread-1] INFO  server.RaftServerConfigKeys (ConfUtils.java:logGet(43)) - raft.server.log.preallocated.size = 16384 (custom)
2019-09-20 14:16:56,852 [pool-292-thread-1] INFO  server.RaftServerConfigKeys (ConfUtils.java:logGet(43)) - raft.server.log.write.buffer.size = 33554432 (custom)
2019-09-20 14:16:56,852 [pool-292-thread-1] INFO  server.RaftServerConfigKeys (ConfUtils.java:logGet(43)) - raft.server.log.force.sync.num = 128 (default)
2019-09-20 14:16:56,852 [pool-292-thread-1] INFO  server.RaftServerConfigKeys (ConfUtils.java:logGet(43)) - raft.server.log.statemachine.data.sync = true (default)
2019-09-20 14:16:56,853 [pool-292-thread-1] INFO  server.RaftServerConfigKeys (ConfUtils.java:logGet(43)) - raft.server.log.statemachine.data.sync.timeout = 10s (default)
2019-09-20 14:16:56,853 [pool-292-thread-1] INFO  server.RaftServerConfigKeys (ConfUtils.java:logGet(43)) - raft.server.log.statemachine.data.sync.timeout.retry = -1 (default)
2019-09-20 14:16:56,853 [pool-292-thread-1] INFO  server.RaftServerConfigKeys (ConfUtils.java:logGet(43)) - raft.server.log.statemachine.data.caching.enabled = true (custom)
2019-09-20 14:16:56,854 [pool-292-thread-1] INFO  segmented.SegmentedRaftLogWorker (SegmentedRaftLogWorker.java:lambda$new$0(132)) - 35085a69-c577-4be4-bc35-5cb4b1e64437-SegmentedRaftLogWorker:Storage Directory /workdir/hadoop-ozone/ozonefs/target/test-dir/MiniOzoneClusterImpl-a6efaa66-6ca1-47a3-8b50-c5fe67a1a9f1/datanode-0/data/ratis/22a242a4-ef20-4598-b8d5-fc49acb49171: flushIndex: setUnconditionally 0 -> -1
2019-09-20 14:16:56,854 [pool-292-thread-1] INFO  server.RaftServerConfigKeys (ConfUtils.java:logGet(43)) - raft.server.snapshot.auto.trigger.enabled = true (custom)
2019-09-20 14:16:56,854 [pool-292-thread-1] INFO  server.RaftServerConfigKeys (ConfUtils.java:logGet(43)) - raft.server.snapshot.auto.trigger.threshold = 10000 (custom)
2019-09-20 14:16:56,854 [pool-292-thread-1] INFO  server.RaftServerConfigKeys (ConfUtils.java:logGet(43)) - raft.server.retrycache.expirytime = 600000ms (custom)
2019-09-20 14:16:56,855 [pool-292-thread-1] INFO  impl.RaftServerImpl (RaftServerImpl.java:start(180)) - 35085a69-c577-4be4-bc35-5cb4b1e64437: start group-FC49ACB49171
2019-09-20 14:16:56,855 [pool-292-thread-1] INFO  impl.RaftServerImpl (RaftServerImpl.java:setRole(171)) - 35085a69-c577-4be4-bc35-5cb4b1e64437:group-FC49ACB49171 changes role from null to FOLLOWER at term 0 for startAsFollower
2019-09-20 14:16:56,855 [pool-292-thread-1] INFO  impl.RoleInfo (RoleInfo.java:updateAndGet(143)) - 35085a69-c577-4be4-bc35-5cb4b1e64437: start FollowerState
2019-09-20 14:16:56,856 [pool-292-thread-1] INFO  util.JmxRegister (JmxRegister.java:tryRegister(44)) - Successfully registered JMX Bean with object name Ratis:service=RaftServer,group=group-FC49ACB49171,id=35085a69-c577-4be4-bc35-5cb4b1e64437
2019-09-20 14:16:56,860 [RatisPipelineUtilsThread] INFO  pipeline.PipelineStateManager (PipelineStateManager.java:addPipeline(56)) - Created pipeline Pipeline[ Id: 22a242a4-ef20-4598-b8d5-fc49acb49171, Nodes: 35085a69-c577-4be4-bc35-5cb4b1e64437{ip: 192.168.36.99, host: pr-hdds-1569-p5fx8-1226042367, networkLocation: /default-rack, certSerialId: null}, Type:RATIS, Factor:ONE, State:OPEN]
2019-09-20 14:16:56,866 [grpc-default-executor-0] INFO  impl.RaftServerProxy (RaftServerProxy.java:addNew(89)) - 35085a69-c577-4be4-bc35-5cb4b1e64437: addNew group-F447E6D10F59:[35085a69-c577-4be4-bc35-5cb4b1e64437:192.168.36.99:45686] returns group-F447E6D10F59:java.util.concurrent.CompletableFuture@7acfbb3[Not completed]
2019-09-20 14:16:56,867 [pool-292-thread-1] INFO  impl.RaftServerImpl (RaftServerImpl.java:<init>(93)) - 35085a69-c577-4be4-bc35-5cb4b1e64437: new RaftServerImpl for group-F447E6D10F59:[35085a69-c577-4be4-bc35-5cb4b1e64437:192.168.36.99:45686] with ContainerStateMachine:uninitialized
2019-09-20 14:16:56,868 [pool-292-thread-1] INFO  server.RaftServerConfigKeys (ConfUtils.java:logGet(43)) - raft.server.rpc.timeout.min = 5s (custom)
2019-09-20 14:16:56,868 [pool-292-thread-1] INFO  server.RaftServerConfigKeys (ConfUtils.java:logGet(43)) - raft.server.rpc.timeout.max = 5200ms (custom)
2019-09-20 14:16:56,868 [pool-292-thread-1] INFO  server.RaftServerConfigKeys (ConfUtils.java:logGet(43)) - raft.server.rpcslowness.timeout = 120s (custom)
2019-09-20 14:16:56,868 [pool-292-thread-1] INFO  server.RaftServerConfigKeys (ConfUtils.java:logGet(43)) - raft.server.sleep.deviation.threshold = 300 (default)
2019-09-20 14:16:56,868 [pool-292-thread-1] INFO  server.RaftServerConfigKeys (ConfUtils.java:logGet(43)) - raft.server.log.appender.install.snapshot.enabled = false (custom)
2019-09-20 14:16:56,868 [pool-292-thread-1] INFO  impl.RaftServerImpl (ServerState.java:<init>(105)) - 35085a69-c577-4be4-bc35-5cb4b1e64437:group-F447E6D10F59 ConfigurationManager, init=-1: [35085a69-c577-4be4-bc35-5cb4b1e64437:192.168.36.99:45686], old=null, confs=<EMPTY_MAP>
2019-09-20 14:16:56,868 [pool-292-thread-1] INFO  server.RaftServerConfigKeys (ConfUtils.java:logGet(43)) - raft.server.storage.dir = [/workdir/hadoop-ozone/ozonefs/target/test-dir/MiniOzoneClusterImpl-a6efaa66-6ca1-47a3-8b50-c5fe67a1a9f1/datanode-0/data/ratis] (custom)
2019-09-20 14:16:56,869 [pool-292-thread-1] INFO  storage.RaftStorageDirectory (RaftStorageDirectory.java:analyzeStorage(246)) - The storage directory /workdir/hadoop-ozone/ozonefs/target/test-dir/MiniOzoneClusterImpl-a6efaa66-6ca1-47a3-8b50-c5fe67a1a9f1/datanode-0/data/ratis/52531425-eb06-4650-a2ed-f447e6d10f59 does not exist. Creating ...
2019-09-20 14:16:56,888 [pool-292-thread-1] INFO  storage.RaftStorageDirectory (RaftStorageDirectory.java:tryLock(328)) - Lock on /workdir/hadoop-ozone/ozonefs/target/test-dir/MiniOzoneClusterImpl-a6efaa66-6ca1-47a3-8b50-c5fe67a1a9f1/datanode-0/data/ratis/52531425-eb06-4650-a2ed-f447e6d10f59/in_use.lock acquired by nodename 5474@pr-hdds-1569-p5fx8-1226042367
2019-09-20 14:16:56,903 [pool-292-thread-1] INFO  storage.RaftStorage (RaftStorage.java:format(72)) - Storage directory /workdir/hadoop-ozone/ozonefs/target/test-dir/MiniOzoneClusterImpl-a6efaa66-6ca1-47a3-8b50-c5fe67a1a9f1/datanode-0/data/ratis/52531425-eb06-4650-a2ed-f447e6d10f59 has been successfully formatted.
2019-09-20 14:16:56,903 [pool-292-thread-1] INFO  ratis.ContainerStateMachine (ContainerStateMachine.java:loadSnapshot(226)) - group-F447E6D10F59: The snapshot info is null. Setting the last applied indexto:(t:0, i:~)
2019-09-20 14:16:56,903 [pool-292-thread-1] INFO  server.RaftServerConfigKeys (ConfUtils.java:logGet(43)) - raft.server.leader.election.timeout = 120s (custom)
2019-09-20 14:16:56,904 [pool-292-thread-1] INFO  server.RaftServerConfigKeys (ConfUtils.java:logGet(43)) - raft.server.log.use.memory = false (default)
2019-09-20 14:16:56,904 [pool-292-thread-1] INFO  server.RaftServerConfigKeys (ConfUtils.java:logGet(43)) - raft.server.log.purge.gap = 1000000 (custom)
2019-09-20 14:16:56,904 [pool-292-thread-1] INFO  server.RaftServerConfigKeys (ConfUtils.java:logGet(43)) - raft.server.log.appender.buffer.byte-limit = 33554432 (custom)
2019-09-20 14:16:56,904 [pool-292-thread-1] INFO  server.RaftServerConfigKeys (ConfUtils.java:logGet(43)) - raft.server.log.segment.size.max = 1048576 (custom)
2019-09-20 14:16:56,904 [pool-292-thread-1] INFO  server.RaftServerConfigKeys (ConfUtils.java:logGet(43)) - raft.server.log.segment.cache.num.max = 2 (custom)
2019-09-20 14:16:56,904 [pool-292-thread-1] INFO  segmented.SegmentedRaftLogWorker (SegmentedRaftLogWorker.java:<init>(172)) - new 35085a69-c577-4be4-bc35-5cb4b1e64437-SegmentedRaftLogWorker:Storage Directory /workdir/hadoop-ozone/ozonefs/target/test-dir/MiniOzoneClusterImpl-a6efaa66-6ca1-47a3-8b50-c5fe67a1a9f1/datanode-0/data/ratis/52531425-eb06-4650-a2ed-f447e6d10f59 for RaftStorage:Storage Directory /workdir/hadoop-ozone/ozonefs/target/test-dir/MiniOzoneClusterImpl-a6efaa66-6ca1-47a3-8b50-c5fe67a1a9f1/datanode-0/data/ratis/52531425-eb06-4650-a2ed-f447e6d10f59
2019-09-20 14:16:56,904 [pool-292-thread-1] INFO  server.RaftServerConfigKeys (ConfUtils.java:logGet(43)) - raft.server.log.queue.byte-limit = 2147483647 (custom)
2019-09-20 14:16:56,904 [pool-292-thread-1] INFO  server.RaftServerConfigKeys (ConfUtils.java:logGet(43)) - raft.server.log.queue.element-limit = 1024 (custom)
2019-09-20 14:16:56,905 [pool-292-thread-1] INFO  server.RaftServerConfigKeys (ConfUtils.java:logGet(43)) - raft.server.log.segment.size.max = 1048576 (custom)
2019-09-20 14:16:56,905 [pool-292-thread-1] INFO  server.RaftServerConfigKeys (ConfUtils.java:logGet(43)) - raft.server.log.preallocated.size = 16384 (custom)
2019-09-20 14:16:56,905 [pool-292-thread-1] INFO  server.RaftServerConfigKeys (ConfUtils.java:logGet(43)) - raft.server.log.write.buffer.size = 33554432 (custom)
2019-09-20 14:16:56,905 [pool-292-thread-1] INFO  server.RaftServerConfigKeys (ConfUtils.java:logGet(43)) - raft.server.log.force.sync.num = 128 (default)
2019-09-20 14:16:56,905 [pool-292-thread-1] INFO  server.RaftServerConfigKeys (ConfUtils.java:logGet(43)) - raft.server.log.statemachine.data.sync = true (default)
2019-09-20 14:16:56,905 [pool-292-thread-1] INFO  server.RaftServerConfigKeys (ConfUtils.java:logGet(43)) - raft.server.log.statemachine.data.sync.timeout = 10s (default)
2019-09-20 14:16:56,905 [pool-292-thread-1] INFO  server.RaftServerConfigKeys (ConfUtils.java:logGet(43)) - raft.server.log.statemachine.data.sync.timeout.retry = -1 (default)
2019-09-20 14:16:56,905 [pool-292-thread-1] INFO  server.RaftServerConfigKeys (ConfUtils.java:logGet(43)) - raft.server.log.statemachine.data.caching.enabled = true (custom)
2019-09-20 14:16:56,906 [pool-292-thread-1] INFO  segmented.SegmentedRaftLogWorker (SegmentedRaftLogWorker.java:lambda$new$0(132)) - 35085a69-c577-4be4-bc35-5cb4b1e64437-SegmentedRaftLogWorker:Storage Directory /workdir/hadoop-ozone/ozonefs/target/test-dir/MiniOzoneClusterImpl-a6efaa66-6ca1-47a3-8b50-c5fe67a1a9f1/datanode-0/data/ratis/52531425-eb06-4650-a2ed-f447e6d10f59: flushIndex: setUnconditionally 0 -> -1
2019-09-20 14:16:56,906 [pool-292-thread-1] INFO  server.RaftServerConfigKeys (ConfUtils.java:logGet(43)) - raft.server.snapshot.auto.trigger.enabled = true (custom)
2019-09-20 14:16:56,906 [pool-292-thread-1] INFO  server.RaftServerConfigKeys (ConfUtils.java:logGet(43)) - raft.server.snapshot.auto.trigger.threshold = 10000 (custom)
2019-09-20 14:16:56,906 [pool-292-thread-1] INFO  server.RaftServerConfigKeys (ConfUtils.java:logGet(43)) - raft.server.retrycache.expirytime = 600000ms (custom)
2019-09-20 14:16:56,906 [pool-292-thread-1] INFO  impl.RaftServerImpl (RaftServerImpl.java:start(180)) - 35085a69-c577-4be4-bc35-5cb4b1e64437: start group-F447E6D10F59
2019-09-20 14:16:56,906 [pool-292-thread-1] INFO  impl.RaftServerImpl (RaftServerImpl.java:setRole(171)) - 35085a69-c577-4be4-bc35-5cb4b1e64437:group-F447E6D10F59 changes role from null to FOLLOWER at term 0 for startAsFollower
2019-09-20 14:16:56,907 [pool-292-thread-1] INFO  impl.RoleInfo (RoleInfo.java:updateAndGet(143)) - 35085a69-c577-4be4-bc35-5cb4b1e64437: start FollowerState
2019-09-20 14:16:56,907 [pool-292-thread-1] INFO  util.JmxRegister (JmxRegister.java:tryRegister(44)) - Successfully registered JMX Bean with object name Ratis:service=RaftServer,group=group-F447E6D10F59,id=35085a69-c577-4be4-bc35-5cb4b1e64437
2019-09-20 14:16:56,910 [RatisPipelineUtilsThread] INFO  pipeline.PipelineStateManager (PipelineStateManager.java:addPipeline(56)) - Created pipeline Pipeline[ Id: 52531425-eb06-4650-a2ed-f447e6d10f59, Nodes: 35085a69-c577-4be4-bc35-5cb4b1e64437{ip: 192.168.36.99, host: pr-hdds-1569-p5fx8-1226042367, networkLocation: /default-rack, certSerialId: null}, Type:RATIS, Factor:ONE, State:OPEN]
2019-09-20 14:16:56,916 [grpc-default-executor-0] INFO  impl.RaftServerProxy (RaftServerProxy.java:addNew(89)) - 35085a69-c577-4be4-bc35-5cb4b1e64437: addNew group-0663E4AFB9B4:[35085a69-c577-4be4-bc35-5cb4b1e64437:192.168.36.99:45686] returns group-0663E4AFB9B4:java.util.concurrent.CompletableFuture@56ff9551[Not completed]
2019-09-20 14:16:56,917 [pool-292-thread-1] INFO  impl.RaftServerImpl (RaftServerImpl.java:<init>(93)) - 35085a69-c577-4be4-bc35-5cb4b1e64437: new RaftServerImpl for group-0663E4AFB9B4:[35085a69-c577-4be4-bc35-5cb4b1e64437:192.168.36.99:45686] with ContainerStateMachine:uninitialized
2019-09-20 14:16:56,917 [pool-292-thread-1] INFO  server.RaftServerConfigKeys (ConfUtils.java:logGet(43)) - raft.server.rpc.timeout.min = 5s (custom)
2019-09-20 14:16:56,917 [pool-292-thread-1] INFO  server.RaftServerConfigKeys (ConfUtils.java:logGet(43)) - raft.server.rpc.timeout.max = 5200ms (custom)
2019-09-20 14:16:56,917 [pool-292-thread-1] INFO  server.RaftServerConfigKeys (ConfUtils.java:logGet(43)) - raft.server.rpcslowness.timeout = 120s (custom)
2019-09-20 14:16:56,917 [pool-292-thread-1] INFO  server.RaftServerConfigKeys (ConfUtils.java:logGet(43)) - raft.server.sleep.deviation.threshold = 300 (default)
2019-09-20 14:16:56,917 [pool-292-thread-1] INFO  server.RaftServerConfigKeys (ConfUtils.java:logGet(43)) - raft.server.log.appender.install.snapshot.enabled = false (custom)
2019-09-20 14:16:56,917 [pool-292-thread-1] INFO  impl.RaftServerImpl (ServerState.java:<init>(105)) - 35085a69-c577-4be4-bc35-5cb4b1e64437:group-0663E4AFB9B4 ConfigurationManager, init=-1: [35085a69-c577-4be4-bc35-5cb4b1e64437:192.168.36.99:45686], old=null, confs=<EMPTY_MAP>
2019-09-20 14:16:56,917 [pool-292-thread-1] INFO  server.RaftServerConfigKeys (ConfUtils.java:logGet(43)) - raft.server.storage.dir = [/workdir/hadoop-ozone/ozonefs/target/test-dir/MiniOzoneClusterImpl-a6efaa66-6ca1-47a3-8b50-c5fe67a1a9f1/datanode-0/data/ratis] (custom)
2019-09-20 14:16:56,918 [pool-292-thread-1] INFO  storage.RaftStorageDirectory (RaftStorageDirectory.java:analyzeStorage(246)) - The storage directory /workdir/hadoop-ozone/ozonefs/target/test-dir/MiniOzoneClusterImpl-a6efaa66-6ca1-47a3-8b50-c5fe67a1a9f1/datanode-0/data/ratis/ad0f28ef-a4c4-4c8f-b151-0663e4afb9b4 does not exist. Creating ...
2019-09-20 14:16:56,937 [pool-292-thread-1] INFO  storage.RaftStorageDirectory (RaftStorageDirectory.java:tryLock(328)) - Lock on /workdir/hadoop-ozone/ozonefs/target/test-dir/MiniOzoneClusterImpl-a6efaa66-6ca1-47a3-8b50-c5fe67a1a9f1/datanode-0/data/ratis/ad0f28ef-a4c4-4c8f-b151-0663e4afb9b4/in_use.lock acquired by nodename 5474@pr-hdds-1569-p5fx8-1226042367
2019-09-20 14:16:56,954 [pool-292-thread-1] INFO  storage.RaftStorage (RaftStorage.java:format(72)) - Storage directory /workdir/hadoop-ozone/ozonefs/target/test-dir/MiniOzoneClusterImpl-a6efaa66-6ca1-47a3-8b50-c5fe67a1a9f1/datanode-0/data/ratis/ad0f28ef-a4c4-4c8f-b151-0663e4afb9b4 has been successfully formatted.
2019-09-20 14:16:56,954 [pool-292-thread-1] INFO  ratis.ContainerStateMachine (ContainerStateMachine.java:loadSnapshot(226)) - group-0663E4AFB9B4: The snapshot info is null. Setting the last applied indexto:(t:0, i:~)
2019-09-20 14:16:56,954 [pool-292-thread-1] INFO  server.RaftServerConfigKeys (ConfUtils.java:logGet(43)) - raft.server.leader.election.timeout = 120s (custom)
2019-09-20 14:16:56,954 [pool-292-thread-1] INFO  server.RaftServerConfigKeys (ConfUtils.java:logGet(43)) - raft.server.log.use.memory = false (default)
2019-09-20 14:16:56,955 [pool-292-thread-1] INFO  server.RaftServerConfigKeys (ConfUtils.java:logGet(43)) - raft.server.log.purge.gap = 1000000 (custom)
2019-09-20 14:16:56,955 [pool-292-thread-1] INFO  server.RaftServerConfigKeys (ConfUtils.java:logGet(43)) - raft.server.log.appender.buffer.byte-limit = 33554432 (custom)
2019-09-20 14:16:56,955 [pool-292-thread-1] INFO  server.RaftServerConfigKeys (ConfUtils.java:logGet(43)) - raft.server.log.segment.size.max = 1048576 (custom)
2019-09-20 14:16:56,955 [pool-292-thread-1] INFO  server.RaftServerConfigKeys (ConfUtils.java:logGet(43)) - raft.server.log.segment.cache.num.max = 2 (custom)
2019-09-20 14:16:56,955 [pool-292-thread-1] INFO  segmented.SegmentedRaftLogWorker (SegmentedRaftLogWorker.java:<init>(172)) - new 35085a69-c577-4be4-bc35-5cb4b1e64437-SegmentedRaftLogWorker:Storage Directory /workdir/hadoop-ozone/ozonefs/target/test-dir/MiniOzoneClusterImpl-a6efaa66-6ca1-47a3-8b50-c5fe67a1a9f1/datanode-0/data/ratis/ad0f28ef-a4c4-4c8f-b151-0663e4afb9b4 for RaftStorage:Storage Directory /workdir/hadoop-ozone/ozonefs/target/test-dir/MiniOzoneClusterImpl-a6efaa66-6ca1-47a3-8b50-c5fe67a1a9f1/datanode-0/data/ratis/ad0f28ef-a4c4-4c8f-b151-0663e4afb9b4
2019-09-20 14:16:56,955 [pool-292-thread-1] INFO  server.RaftServerConfigKeys (ConfUtils.java:logGet(43)) - raft.server.log.queue.byte-limit = 2147483647 (custom)
2019-09-20 14:16:56,955 [pool-292-thread-1] INFO  server.RaftServerConfigKeys (ConfUtils.java:logGet(43)) - raft.server.log.queue.element-limit = 1024 (custom)
2019-09-20 14:16:56,955 [pool-292-thread-1] INFO  server.RaftServerConfigKeys (ConfUtils.java:logGet(43)) - raft.server.log.segment.size.max = 1048576 (custom)
2019-09-20 14:16:56,955 [pool-292-thread-1] INFO  server.RaftServerConfigKeys (ConfUtils.java:logGet(43)) - raft.server.log.preallocated.size = 16384 (custom)
2019-09-20 14:16:56,955 [pool-292-thread-1] INFO  server.RaftServerConfigKeys (ConfUtils.java:logGet(43)) - raft.server.log.write.buffer.size = 33554432 (custom)
2019-09-20 14:16:56,956 [pool-292-thread-1] INFO  server.RaftServerConfigKeys (ConfUtils.java:logGet(43)) - raft.server.log.force.sync.num = 128 (default)
2019-09-20 14:16:56,956 [pool-292-thread-1] INFO  server.RaftServerConfigKeys (ConfUtils.java:logGet(43)) - raft.server.log.statemachine.data.sync = true (default)
2019-09-20 14:16:56,956 [pool-292-thread-1] INFO  server.RaftServerConfigKeys (ConfUtils.java:logGet(43)) - raft.server.log.statemachine.data.sync.timeout = 10s (default)
2019-09-20 14:16:56,956 [pool-292-thread-1] INFO  server.RaftServerConfigKeys (ConfUtils.java:logGet(43)) - raft.server.log.statemachine.data.sync.timeout.retry = -1 (default)
2019-09-20 14:16:56,956 [pool-292-thread-1] INFO  server.RaftServerConfigKeys (ConfUtils.java:logGet(43)) - raft.server.log.statemachine.data.caching.enabled = true (custom)
2019-09-20 14:16:56,956 [pool-292-thread-1] INFO  segmented.SegmentedRaftLogWorker (SegmentedRaftLogWorker.java:lambda$new$0(132)) - 35085a69-c577-4be4-bc35-5cb4b1e64437-SegmentedRaftLogWorker:Storage Directory /workdir/hadoop-ozone/ozonefs/target/test-dir/MiniOzoneClusterImpl-a6efaa66-6ca1-47a3-8b50-c5fe67a1a9f1/datanode-0/data/ratis/ad0f28ef-a4c4-4c8f-b151-0663e4afb9b4: flushIndex: setUnconditionally 0 -> -1
2019-09-20 14:16:56,956 [pool-292-thread-1] INFO  server.RaftServerConfigKeys (ConfUtils.java:logGet(43)) - raft.server.snapshot.auto.trigger.enabled = true (custom)
2019-09-20 14:16:56,957 [pool-292-thread-1] INFO  server.RaftServerConfigKeys (ConfUtils.java:logGet(43)) - raft.server.snapshot.auto.trigger.threshold = 10000 (custom)
2019-09-20 14:16:56,957 [pool-292-thread-1] INFO  server.RaftServerConfigKeys (ConfUtils.java:logGet(43)) - raft.server.retrycache.expirytime = 600000ms (custom)
2019-09-20 14:16:56,957 [pool-292-thread-1] INFO  impl.RaftServerImpl (RaftServerImpl.java:start(180)) - 35085a69-c577-4be4-bc35-5cb4b1e64437: start group-0663E4AFB9B4
2019-09-20 14:16:56,957 [pool-292-thread-1] INFO  impl.RaftServerImpl (RaftServerImpl.java:setRole(171)) - 35085a69-c577-4be4-bc35-5cb4b1e64437:group-0663E4AFB9B4 changes role from null to FOLLOWER at term 0 for startAsFollower
2019-09-20 14:16:56,957 [pool-292-thread-1] INFO  impl.RoleInfo (RoleInfo.java:updateAndGet(143)) - 35085a69-c577-4be4-bc35-5cb4b1e64437: start FollowerState
2019-09-20 14:16:56,957 [pool-292-thread-1] INFO  util.JmxRegister (JmxRegister.java:tryRegister(44)) - Successfully registered JMX Bean with object name Ratis:service=RaftServer,group=group-0663E4AFB9B4,id=35085a69-c577-4be4-bc35-5cb4b1e64437
2019-09-20 14:16:56,960 [RatisPipelineUtilsThread] INFO  pipeline.PipelineStateManager (PipelineStateManager.java:addPipeline(56)) - Created pipeline Pipeline[ Id: ad0f28ef-a4c4-4c8f-b151-0663e4afb9b4, Nodes: 35085a69-c577-4be4-bc35-5cb4b1e64437{ip: 192.168.36.99, host: pr-hdds-1569-p5fx8-1226042367, networkLocation: /default-rack, certSerialId: null}, Type:RATIS, Factor:ONE, State:OPEN]
2019-09-20 14:16:56,965 [grpc-default-executor-0] INFO  impl.RaftServerProxy (RaftServerProxy.java:addNew(89)) - 35085a69-c577-4be4-bc35-5cb4b1e64437: addNew group-9BAA92225F20:[35085a69-c577-4be4-bc35-5cb4b1e64437:192.168.36.99:45686] returns group-9BAA92225F20:java.util.concurrent.CompletableFuture@4f2e55f8[Not completed]
2019-09-20 14:16:56,966 [pool-292-thread-1] INFO  impl.RaftServerImpl (RaftServerImpl.java:<init>(93)) - 35085a69-c577-4be4-bc35-5cb4b1e64437: new RaftServerImpl for group-9BAA92225F20:[35085a69-c577-4be4-bc35-5cb4b1e64437:192.168.36.99:45686] with ContainerStateMachine:uninitialized
2019-09-20 14:16:56,966 [pool-292-thread-1] INFO  server.RaftServerConfigKeys (ConfUtils.java:logGet(43)) - raft.server.rpc.timeout.min = 5s (custom)
2019-09-20 14:16:56,966 [pool-292-thread-1] INFO  server.RaftServerConfigKeys (ConfUtils.java:logGet(43)) - raft.server.rpc.timeout.max = 5200ms (custom)
2019-09-20 14:16:56,966 [pool-292-thread-1] INFO  server.RaftServerConfigKeys (ConfUtils.java:logGet(43)) - raft.server.rpcslowness.timeout = 120s (custom)
2019-09-20 14:16:56,967 [pool-292-thread-1] INFO  server.RaftServerConfigKeys (ConfUtils.java:logGet(43)) - raft.server.sleep.deviation.threshold = 300 (default)
2019-09-20 14:16:56,967 [pool-292-thread-1] INFO  server.RaftServerConfigKeys (ConfUtils.java:logGet(43)) - raft.server.log.appender.install.snapshot.enabled = false (custom)
2019-09-20 14:16:56,967 [pool-292-thread-1] INFO  impl.RaftServerImpl (ServerState.java:<init>(105)) - 35085a69-c577-4be4-bc35-5cb4b1e64437:group-9BAA92225F20 ConfigurationManager, init=-1: [35085a69-c577-4be4-bc35-5cb4b1e64437:192.168.36.99:45686], old=null, confs=<EMPTY_MAP>
2019-09-20 14:16:56,967 [pool-292-thread-1] INFO  server.RaftServerConfigKeys (ConfUtils.java:logGet(43)) - raft.server.storage.dir = [/workdir/hadoop-ozone/ozonefs/target/test-dir/MiniOzoneClusterImpl-a6efaa66-6ca1-47a3-8b50-c5fe67a1a9f1/datanode-0/data/ratis] (custom)
2019-09-20 14:16:56,967 [pool-292-thread-1] INFO  storage.RaftStorageDirectory (RaftStorageDirectory.java:analyzeStorage(246)) - The storage directory /workdir/hadoop-ozone/ozonefs/target/test-dir/MiniOzoneClusterImpl-a6efaa66-6ca1-47a3-8b50-c5fe67a1a9f1/datanode-0/data/ratis/9d648d1f-eb63-4431-91ca-9baa92225f20 does not exist. Creating ...
2019-09-20 14:16:56,989 [pool-292-thread-1] INFO  storage.RaftStorageDirectory (RaftStorageDirectory.java:tryLock(328)) - Lock on /workdir/hadoop-ozone/ozonefs/target/test-dir/MiniOzoneClusterImpl-a6efaa66-6ca1-47a3-8b50-c5fe67a1a9f1/datanode-0/data/ratis/9d648d1f-eb63-4431-91ca-9baa92225f20/in_use.lock acquired by nodename 5474@pr-hdds-1569-p5fx8-1226042367
2019-09-20 14:16:57,006 [pool-292-thread-1] INFO  storage.RaftStorage (RaftStorage.java:format(72)) - Storage directory /workdir/hadoop-ozone/ozonefs/target/test-dir/MiniOzoneClusterImpl-a6efaa66-6ca1-47a3-8b50-c5fe67a1a9f1/datanode-0/data/ratis/9d648d1f-eb63-4431-91ca-9baa92225f20 has been successfully formatted.
2019-09-20 14:16:57,007 [pool-292-thread-1] INFO  ratis.ContainerStateMachine (ContainerStateMachine.java:loadSnapshot(226)) - group-9BAA92225F20: The snapshot info is null. Setting the last applied indexto:(t:0, i:~)
2019-09-20 14:16:57,007 [pool-292-thread-1] INFO  server.RaftServerConfigKeys (ConfUtils.java:logGet(43)) - raft.server.leader.election.timeout = 120s (custom)
2019-09-20 14:16:57,007 [pool-292-thread-1] INFO  server.RaftServerConfigKeys (ConfUtils.java:logGet(43)) - raft.server.log.use.memory = false (default)
2019-09-20 14:16:57,007 [pool-292-thread-1] INFO  server.RaftServerConfigKeys (ConfUtils.java:logGet(43)) - raft.server.log.purge.gap = 1000000 (custom)
2019-09-20 14:16:57,007 [pool-292-thread-1] INFO  server.RaftServerConfigKeys (ConfUtils.java:logGet(43)) - raft.server.log.appender.buffer.byte-limit = 33554432 (custom)
2019-09-20 14:16:57,008 [pool-292-thread-1] INFO  server.RaftServerConfigKeys (ConfUtils.java:logGet(43)) - raft.server.log.segment.size.max = 1048576 (custom)
2019-09-20 14:16:57,008 [pool-292-thread-1] INFO  server.RaftServerConfigKeys (ConfUtils.java:logGet(43)) - raft.server.log.segment.cache.num.max = 2 (custom)
2019-09-20 14:16:57,008 [pool-292-thread-1] INFO  segmented.SegmentedRaftLogWorker (SegmentedRaftLogWorker.java:<init>(172)) - new 35085a69-c577-4be4-bc35-5cb4b1e64437-SegmentedRaftLogWorker:Storage Directory /workdir/hadoop-ozone/ozonefs/target/test-dir/MiniOzoneClusterImpl-a6efaa66-6ca1-47a3-8b50-c5fe67a1a9f1/datanode-0/data/ratis/9d648d1f-eb63-4431-91ca-9baa92225f20 for RaftStorage:Storage Directory /workdir/hadoop-ozone/ozonefs/target/test-dir/MiniOzoneClusterImpl-a6efaa66-6ca1-47a3-8b50-c5fe67a1a9f1/datanode-0/data/ratis/9d648d1f-eb63-4431-91ca-9baa92225f20
2019-09-20 14:16:57,008 [pool-292-thread-1] INFO  server.RaftServerConfigKeys (ConfUtils.java:logGet(43)) - raft.server.log.queue.byte-limit = 2147483647 (custom)
2019-09-20 14:16:57,008 [pool-292-thread-1] INFO  server.RaftServerConfigKeys (ConfUtils.java:logGet(43)) - raft.server.log.queue.element-limit = 1024 (custom)
2019-09-20 14:16:57,008 [pool-292-thread-1] INFO  server.RaftServerConfigKeys (ConfUtils.java:logGet(43)) - raft.server.log.segment.size.max = 1048576 (custom)
2019-09-20 14:16:57,008 [pool-292-thread-1] INFO  server.RaftServerConfigKeys (ConfUtils.java:logGet(43)) - raft.server.log.preallocated.size = 16384 (custom)
2019-09-20 14:16:57,009 [pool-292-thread-1] INFO  server.RaftServerConfigKeys (ConfUtils.java:logGet(43)) - raft.server.log.write.buffer.size = 33554432 (custom)
2019-09-20 14:16:57,009 [pool-292-thread-1] INFO  server.RaftServerConfigKeys (ConfUtils.java:logGet(43)) - raft.server.log.force.sync.num = 128 (default)
2019-09-20 14:16:57,009 [pool-292-thread-1] INFO  server.RaftServerConfigKeys (ConfUtils.java:logGet(43)) - raft.server.log.statemachine.data.sync = true (default)
2019-09-20 14:16:57,009 [pool-292-thread-1] INFO  server.RaftServerConfigKeys (ConfUtils.java:logGet(43)) - raft.server.log.statemachine.data.sync.timeout = 10s (default)
2019-09-20 14:16:57,009 [pool-292-thread-1] INFO  server.RaftServerConfigKeys (ConfUtils.java:logGet(43)) - raft.server.log.statemachine.data.sync.timeout.retry = -1 (default)
2019-09-20 14:16:57,009 [pool-292-thread-1] INFO  server.RaftServerConfigKeys (ConfUtils.java:logGet(43)) - raft.server.log.statemachine.data.caching.enabled = true (custom)
2019-09-20 14:16:57,010 [pool-292-thread-1] INFO  segmented.SegmentedRaftLogWorker (SegmentedRaftLogWorker.java:lambda$new$0(132)) - 35085a69-c577-4be4-bc35-5cb4b1e64437-SegmentedRaftLogWorker:Storage Directory /workdir/hadoop-ozone/ozonefs/target/test-dir/MiniOzoneClusterImpl-a6efaa66-6ca1-47a3-8b50-c5fe67a1a9f1/datanode-0/data/ratis/9d648d1f-eb63-4431-91ca-9baa92225f20: flushIndex: setUnconditionally 0 -> -1
2019-09-20 14:16:57,010 [pool-292-thread-1] INFO  server.RaftServerConfigKeys (ConfUtils.java:logGet(43)) - raft.server.snapshot.auto.trigger.enabled = true (custom)
2019-09-20 14:16:57,010 [pool-292-thread-1] INFO  server.RaftServerConfigKeys (ConfUtils.java:logGet(43)) - raft.server.snapshot.auto.trigger.threshold = 10000 (custom)
2019-09-20 14:16:57,010 [pool-292-thread-1] INFO  server.RaftServerConfigKeys (ConfUtils.java:logGet(43)) - raft.server.retrycache.expirytime = 600000ms (custom)
2019-09-20 14:16:57,011 [pool-292-thread-1] INFO  impl.RaftServerImpl (RaftServerImpl.java:start(180)) - 35085a69-c577-4be4-bc35-5cb4b1e64437: start group-9BAA92225F20
2019-09-20 14:16:57,011 [pool-292-thread-1] INFO  impl.RaftServerImpl (RaftServerImpl.java:setRole(171)) - 35085a69-c577-4be4-bc35-5cb4b1e64437:group-9BAA92225F20 changes role from null to FOLLOWER at term 0 for startAsFollower
2019-09-20 14:16:57,011 [pool-292-thread-1] INFO  impl.RoleInfo (RoleInfo.java:updateAndGet(143)) - 35085a69-c577-4be4-bc35-5cb4b1e64437: start FollowerState
2019-09-20 14:16:57,011 [pool-292-thread-1] INFO  util.JmxRegister (JmxRegister.java:tryRegister(44)) - Successfully registered JMX Bean with object name Ratis:service=RaftServer,group=group-9BAA92225F20,id=35085a69-c577-4be4-bc35-5cb4b1e64437
2019-09-20 14:16:57,014 [RatisPipelineUtilsThread] INFO  pipeline.PipelineStateManager (PipelineStateManager.java:addPipeline(56)) - Created pipeline Pipeline[ Id: 9d648d1f-eb63-4431-91ca-9baa92225f20, Nodes: 35085a69-c577-4be4-bc35-5cb4b1e64437{ip: 192.168.36.99, host: pr-hdds-1569-p5fx8-1226042367, networkLocation: /default-rack, certSerialId: null}, Type:RATIS, Factor:ONE, State:OPEN]
2019-09-20 14:16:57,017 [IPC Server handler 2 on 44382] INFO  net.NetworkTopology (NetworkTopologyImpl.java:add(110)) - Added a new node: /default-rack/5417499b-8247-461e-be10-1b45bf247d25
2019-09-20 14:16:57,017 [IPC Server handler 2 on 44382] INFO  node.SCMNodeManager (SCMNodeManager.java:register(273)) - Registered Data node : 5417499b-8247-461e-be10-1b45bf247d25{ip: 192.168.36.99, host: pr-hdds-1569-p5fx8-1226042367, networkLocation: /default-rack, certSerialId: null}
2019-09-20 14:16:57,018 | INFO  | SCMAudit | user=jenkins1000 | ip=192.168.36.99 | op=REGISTER {datanodeDetails=5417499b-8247-461e-be10-1b45bf247d25{ip: 192.168.36.99, host: pr-hdds-1569-p5fx8-1226042367, networkLocation: /default-rack, certSerialId: null}} | ret=SUCCESS |  
2019-09-20 14:16:57,020 [grpc-default-executor-0] INFO  impl.RaftServerProxy (RaftServerProxy.java:addNew(89)) - 35085a69-c577-4be4-bc35-5cb4b1e64437: addNew group-A99371238950:[35085a69-c577-4be4-bc35-5cb4b1e64437:192.168.36.99:45686] returns group-A99371238950:java.util.concurrent.CompletableFuture@52b12f07[Not completed]
2019-09-20 14:16:57,021 [pool-292-thread-1] INFO  impl.RaftServerImpl (RaftServerImpl.java:<init>(93)) - 35085a69-c577-4be4-bc35-5cb4b1e64437: new RaftServerImpl for group-A99371238950:[35085a69-c577-4be4-bc35-5cb4b1e64437:192.168.36.99:45686] with ContainerStateMachine:uninitialized
2019-09-20 14:16:57,021 [pool-292-thread-1] INFO  server.RaftServerConfigKeys (ConfUtils.java:logGet(43)) - raft.server.rpc.timeout.min = 5s (custom)
2019-09-20 14:16:57,021 [pool-292-thread-1] INFO  server.RaftServerConfigKeys (ConfUtils.java:logGet(43)) - raft.server.rpc.timeout.max = 5200ms (custom)
2019-09-20 14:16:57,021 [pool-292-thread-1] INFO  server.RaftServerConfigKeys (ConfUtils.java:logGet(43)) - raft.server.rpcslowness.timeout = 120s (custom)
2019-09-20 14:16:57,021 [pool-292-thread-1] INFO  server.RaftServerConfigKeys (ConfUtils.java:logGet(43)) - raft.server.sleep.deviation.threshold = 300 (default)
2019-09-20 14:16:57,022 [pool-292-thread-1] INFO  server.RaftServerConfigKeys (ConfUtils.java:logGet(43)) - raft.server.log.appender.install.snapshot.enabled = false (custom)
2019-09-20 14:16:57,022 [pool-292-thread-1] INFO  impl.RaftServerImpl (ServerState.java:<init>(105)) - 35085a69-c577-4be4-bc35-5cb4b1e64437:group-A99371238950 ConfigurationManager, init=-1: [35085a69-c577-4be4-bc35-5cb4b1e64437:192.168.36.99:45686], old=null, confs=<EMPTY_MAP>
2019-09-20 14:16:57,022 [pool-292-thread-1] INFO  server.RaftServerConfigKeys (ConfUtils.java:logGet(43)) - raft.server.storage.dir = [/workdir/hadoop-ozone/ozonefs/target/test-dir/MiniOzoneClusterImpl-a6efaa66-6ca1-47a3-8b50-c5fe67a1a9f1/datanode-0/data/ratis] (custom)
2019-09-20 14:16:57,022 [pool-292-thread-1] INFO  storage.RaftStorageDirectory (RaftStorageDirectory.java:analyzeStorage(246)) - The storage directory /workdir/hadoop-ozone/ozonefs/target/test-dir/MiniOzoneClusterImpl-a6efaa66-6ca1-47a3-8b50-c5fe67a1a9f1/datanode-0/data/ratis/7030b0a7-a615-4bf0-a199-a99371238950 does not exist. Creating ...
2019-09-20 14:16:57,042 [pool-292-thread-1] INFO  storage.RaftStorageDirectory (RaftStorageDirectory.java:tryLock(328)) - Lock on /workdir/hadoop-ozone/ozonefs/target/test-dir/MiniOzoneClusterImpl-a6efaa66-6ca1-47a3-8b50-c5fe67a1a9f1/datanode-0/data/ratis/7030b0a7-a615-4bf0-a199-a99371238950/in_use.lock acquired by nodename 5474@pr-hdds-1569-p5fx8-1226042367
2019-09-20 14:16:57,077 [pool-292-thread-1] INFO  storage.RaftStorage (RaftStorage.java:format(72)) - Storage directory /workdir/hadoop-ozone/ozonefs/target/test-dir/MiniOzoneClusterImpl-a6efaa66-6ca1-47a3-8b50-c5fe67a1a9f1/datanode-0/data/ratis/7030b0a7-a615-4bf0-a199-a99371238950 has been successfully formatted.
2019-09-20 14:16:57,078 [pool-292-thread-1] INFO  ratis.ContainerStateMachine (ContainerStateMachine.java:loadSnapshot(226)) - group-A99371238950: The snapshot info is null. Setting the last applied indexto:(t:0, i:~)
2019-09-20 14:16:57,078 [pool-292-thread-1] INFO  server.RaftServerConfigKeys (ConfUtils.java:logGet(43)) - raft.server.leader.election.timeout = 120s (custom)
2019-09-20 14:16:57,078 [pool-292-thread-1] INFO  server.RaftServerConfigKeys (ConfUtils.java:logGet(43)) - raft.server.log.use.memory = false (default)
2019-09-20 14:16:57,078 [pool-292-thread-1] INFO  server.RaftServerConfigKeys (ConfUtils.java:logGet(43)) - raft.server.log.purge.gap = 1000000 (custom)
2019-09-20 14:16:57,078 [pool-292-thread-1] INFO  server.RaftServerConfigKeys (ConfUtils.java:logGet(43)) - raft.server.log.appender.buffer.byte-limit = 33554432 (custom)
2019-09-20 14:16:57,079 [pool-292-thread-1] INFO  server.RaftServerConfigKeys (ConfUtils.java:logGet(43)) - raft.server.log.segment.size.max = 1048576 (custom)
2019-09-20 14:16:57,079 [pool-292-thread-1] INFO  server.RaftServerConfigKeys (ConfUtils.java:logGet(43)) - raft.server.log.segment.cache.num.max = 2 (custom)
2019-09-20 14:16:57,079 [pool-292-thread-1] INFO  segmented.SegmentedRaftLogWorker (SegmentedRaftLogWorker.java:<init>(172)) - new 35085a69-c577-4be4-bc35-5cb4b1e64437-SegmentedRaftLogWorker:Storage Directory /workdir/hadoop-ozone/ozonefs/target/test-dir/MiniOzoneClusterImpl-a6efaa66-6ca1-47a3-8b50-c5fe67a1a9f1/datanode-0/data/ratis/7030b0a7-a615-4bf0-a199-a99371238950 for RaftStorage:Storage Directory /workdir/hadoop-ozone/ozonefs/target/test-dir/MiniOzoneClusterImpl-a6efaa66-6ca1-47a3-8b50-c5fe67a1a9f1/datanode-0/data/ratis/7030b0a7-a615-4bf0-a199-a99371238950
2019-09-20 14:16:57,079 [pool-292-thread-1] INFO  server.RaftServerConfigKeys (ConfUtils.java:logGet(43)) - raft.server.log.queue.byte-limit = 2147483647 (custom)
2019-09-20 14:16:57,079 [pool-292-thread-1] INFO  server.RaftServerConfigKeys (ConfUtils.java:logGet(43)) - raft.server.log.queue.element-limit = 1024 (custom)
2019-09-20 14:16:57,079 [pool-292-thread-1] INFO  server.RaftServerConfigKeys (ConfUtils.java:logGet(43)) - raft.server.log.segment.size.max = 1048576 (custom)
2019-09-20 14:16:57,079 [pool-292-thread-1] INFO  server.RaftServerConfigKeys (ConfUtils.java:logGet(43)) - raft.server.log.preallocated.size = 16384 (custom)
2019-09-20 14:16:57,079 [pool-292-thread-1] INFO  server.RaftServerConfigKeys (ConfUtils.java:logGet(43)) - raft.server.log.write.buffer.size = 33554432 (custom)
2019-09-20 14:16:57,079 [pool-292-thread-1] INFO  server.RaftServerConfigKeys (ConfUtils.java:logGet(43)) - raft.server.log.force.sync.num = 128 (default)
2019-09-20 14:16:57,079 [pool-292-thread-1] INFO  server.RaftServerConfigKeys (ConfUtils.java:logGet(43)) - raft.server.log.statemachine.data.sync = true (default)
2019-09-20 14:16:57,080 [pool-292-thread-1] INFO  server.RaftServerConfigKeys (ConfUtils.java:logGet(43)) - raft.server.log.statemachine.data.sync.timeout = 10s (default)
2019-09-20 14:16:57,080 [pool-292-thread-1] INFO  server.RaftServerConfigKeys (ConfUtils.java:logGet(43)) - raft.server.log.statemachine.data.sync.timeout.retry = -1 (default)
2019-09-20 14:16:57,080 [pool-292-thread-1] INFO  server.RaftServerConfigKeys (ConfUtils.java:logGet(43)) - raft.server.log.statemachine.data.caching.enabled = true (custom)
2019-09-20 14:16:57,080 [pool-292-thread-1] INFO  segmented.SegmentedRaftLogWorker (SegmentedRaftLogWorker.java:lambda$new$0(132)) - 35085a69-c577-4be4-bc35-5cb4b1e64437-SegmentedRaftLogWorker:Storage Directory /workdir/hadoop-ozone/ozonefs/target/test-dir/MiniOzoneClusterImpl-a6efaa66-6ca1-47a3-8b50-c5fe67a1a9f1/datanode-0/data/ratis/7030b0a7-a615-4bf0-a199-a99371238950: flushIndex: setUnconditionally 0 -> -1
2019-09-20 14:16:57,080 [pool-292-thread-1] INFO  server.RaftServerConfigKeys (ConfUtils.java:logGet(43)) - raft.server.snapshot.auto.trigger.enabled = true (custom)
2019-09-20 14:16:57,081 [pool-292-thread-1] INFO  server.RaftServerConfigKeys (ConfUtils.java:logGet(43)) - raft.server.snapshot.auto.trigger.threshold = 10000 (custom)
2019-09-20 14:16:57,081 [pool-292-thread-1] INFO  server.RaftServerConfigKeys (ConfUtils.java:logGet(43)) - raft.server.retrycache.expirytime = 600000ms (custom)
2019-09-20 14:16:57,081 [pool-292-thread-1] INFO  impl.RaftServerImpl (RaftServerImpl.java:start(180)) - 35085a69-c577-4be4-bc35-5cb4b1e64437: start group-A99371238950
2019-09-20 14:16:57,081 [pool-292-thread-1] INFO  impl.RaftServerImpl (RaftServerImpl.java:setRole(171)) - 35085a69-c577-4be4-bc35-5cb4b1e64437:group-A99371238950 changes role from null to FOLLOWER at term 0 for startAsFollower
2019-09-20 14:16:57,081 [pool-292-thread-1] INFO  impl.RoleInfo (RoleInfo.java:updateAndGet(143)) - 35085a69-c577-4be4-bc35-5cb4b1e64437: start FollowerState
2019-09-20 14:16:57,082 [pool-292-thread-1] INFO  util.JmxRegister (JmxRegister.java:tryRegister(44)) - Successfully registered JMX Bean with object name Ratis:service=RaftServer,group=group-A99371238950,id=35085a69-c577-4be4-bc35-5cb4b1e64437
2019-09-20 14:16:57,085 [RatisPipelineUtilsThread] INFO  pipeline.PipelineStateManager (PipelineStateManager.java:addPipeline(56)) - Created pipeline Pipeline[ Id: 7030b0a7-a615-4bf0-a199-a99371238950, Nodes: 35085a69-c577-4be4-bc35-5cb4b1e64437{ip: 192.168.36.99, host: pr-hdds-1569-p5fx8-1226042367, networkLocation: /default-rack, certSerialId: null}, Type:RATIS, Factor:ONE, State:OPEN]
2019-09-20 14:16:57,091 [grpc-default-executor-0] INFO  impl.RaftServerProxy (RaftServerProxy.java:addNew(89)) - 35085a69-c577-4be4-bc35-5cb4b1e64437: addNew group-E30C82D1DFDF:[35085a69-c577-4be4-bc35-5cb4b1e64437:192.168.36.99:45686] returns group-E30C82D1DFDF:java.util.concurrent.CompletableFuture@3a71b2b0[Not completed]
2019-09-20 14:16:57,092 [pool-292-thread-1] INFO  impl.RaftServerImpl (RaftServerImpl.java:<init>(93)) - 35085a69-c577-4be4-bc35-5cb4b1e64437: new RaftServerImpl for group-E30C82D1DFDF:[35085a69-c577-4be4-bc35-5cb4b1e64437:192.168.36.99:45686] with ContainerStateMachine:uninitialized
2019-09-20 14:16:57,092 [pool-292-thread-1] INFO  server.RaftServerConfigKeys (ConfUtils.java:logGet(43)) - raft.server.rpc.timeout.min = 5s (custom)
2019-09-20 14:16:57,092 [pool-292-thread-1] INFO  server.RaftServerConfigKeys (ConfUtils.java:logGet(43)) - raft.server.rpc.timeout.max = 5200ms (custom)
2019-09-20 14:16:57,092 [pool-292-thread-1] INFO  server.RaftServerConfigKeys (ConfUtils.java:logGet(43)) - raft.server.rpcslowness.timeout = 120s (custom)
2019-09-20 14:16:57,092 [pool-292-thread-1] INFO  server.RaftServerConfigKeys (ConfUtils.java:logGet(43)) - raft.server.sleep.deviation.threshold = 300 (default)
2019-09-20 14:16:57,092 [pool-292-thread-1] INFO  server.RaftServerConfigKeys (ConfUtils.java:logGet(43)) - raft.server.log.appender.install.snapshot.enabled = false (custom)
2019-09-20 14:16:57,092 [pool-292-thread-1] INFO  impl.RaftServerImpl (ServerState.java:<init>(105)) - 35085a69-c577-4be4-bc35-5cb4b1e64437:group-E30C82D1DFDF ConfigurationManager, init=-1: [35085a69-c577-4be4-bc35-5cb4b1e64437:192.168.36.99:45686], old=null, confs=<EMPTY_MAP>
2019-09-20 14:16:57,093 [pool-292-thread-1] INFO  server.RaftServerConfigKeys (ConfUtils.java:logGet(43)) - raft.server.storage.dir = [/workdir/hadoop-ozone/ozonefs/target/test-dir/MiniOzoneClusterImpl-a6efaa66-6ca1-47a3-8b50-c5fe67a1a9f1/datanode-0/data/ratis] (custom)
2019-09-20 14:16:57,093 [pool-292-thread-1] INFO  storage.RaftStorageDirectory (RaftStorageDirectory.java:analyzeStorage(246)) - The storage directory /workdir/hadoop-ozone/ozonefs/target/test-dir/MiniOzoneClusterImpl-a6efaa66-6ca1-47a3-8b50-c5fe67a1a9f1/datanode-0/data/ratis/6322bf10-6f52-4473-b56a-e30c82d1dfdf does not exist. Creating ...
2019-09-20 14:16:57,111 [pool-292-thread-1] INFO  storage.RaftStorageDirectory (RaftStorageDirectory.java:tryLock(328)) - Lock on /workdir/hadoop-ozone/ozonefs/target/test-dir/MiniOzoneClusterImpl-a6efaa66-6ca1-47a3-8b50-c5fe67a1a9f1/datanode-0/data/ratis/6322bf10-6f52-4473-b56a-e30c82d1dfdf/in_use.lock acquired by nodename 5474@pr-hdds-1569-p5fx8-1226042367
2019-09-20 14:16:57,128 [pool-292-thread-1] INFO  storage.RaftStorage (RaftStorage.java:format(72)) - Storage directory /workdir/hadoop-ozone/ozonefs/target/test-dir/MiniOzoneClusterImpl-a6efaa66-6ca1-47a3-8b50-c5fe67a1a9f1/datanode-0/data/ratis/6322bf10-6f52-4473-b56a-e30c82d1dfdf has been successfully formatted.
2019-09-20 14:16:57,128 [pool-292-thread-1] INFO  ratis.ContainerStateMachine (ContainerStateMachine.java:loadSnapshot(226)) - group-E30C82D1DFDF: The snapshot info is null. Setting the last applied indexto:(t:0, i:~)
2019-09-20 14:16:57,128 [pool-292-thread-1] INFO  server.RaftServerConfigKeys (ConfUtils.java:logGet(43)) - raft.server.leader.election.timeout = 120s (custom)
2019-09-20 14:16:57,128 [pool-292-thread-1] INFO  server.RaftServerConfigKeys (ConfUtils.java:logGet(43)) - raft.server.log.use.memory = false (default)
2019-09-20 14:16:57,129 [pool-292-thread-1] INFO  server.RaftServerConfigKeys (ConfUtils.java:logGet(43)) - raft.server.log.purge.gap = 1000000 (custom)
2019-09-20 14:16:57,129 [pool-292-thread-1] INFO  server.RaftServerConfigKeys (ConfUtils.java:logGet(43)) - raft.server.log.appender.buffer.byte-limit = 33554432 (custom)
2019-09-20 14:16:57,129 [pool-292-thread-1] INFO  server.RaftServerConfigKeys (ConfUtils.java:logGet(43)) - raft.server.log.segment.size.max = 1048576 (custom)
2019-09-20 14:16:57,129 [pool-292-thread-1] INFO  server.RaftServerConfigKeys (ConfUtils.java:logGet(43)) - raft.server.log.segment.cache.num.max = 2 (custom)
2019-09-20 14:16:57,129 [pool-292-thread-1] INFO  segmented.SegmentedRaftLogWorker (SegmentedRaftLogWorker.java:<init>(172)) - new 35085a69-c577-4be4-bc35-5cb4b1e64437-SegmentedRaftLogWorker:Storage Directory /workdir/hadoop-ozone/ozonefs/target/test-dir/MiniOzoneClusterImpl-a6efaa66-6ca1-47a3-8b50-c5fe67a1a9f1/datanode-0/data/ratis/6322bf10-6f52-4473-b56a-e30c82d1dfdf for RaftStorage:Storage Directory /workdir/hadoop-ozone/ozonefs/target/test-dir/MiniOzoneClusterImpl-a6efaa66-6ca1-47a3-8b50-c5fe67a1a9f1/datanode-0/data/ratis/6322bf10-6f52-4473-b56a-e30c82d1dfdf
2019-09-20 14:16:57,129 [pool-292-thread-1] INFO  server.RaftServerConfigKeys (ConfUtils.java:logGet(43)) - raft.server.log.queue.byte-limit = 2147483647 (custom)
2019-09-20 14:16:57,129 [pool-292-thread-1] INFO  server.RaftServerConfigKeys (ConfUtils.java:logGet(43)) - raft.server.log.queue.element-limit = 1024 (custom)
2019-09-20 14:16:57,129 [pool-292-thread-1] INFO  server.RaftServerConfigKeys (ConfUtils.java:logGet(43)) - raft.server.log.segment.size.max = 1048576 (custom)
2019-09-20 14:16:57,129 [pool-292-thread-1] INFO  server.RaftServerConfigKeys (ConfUtils.java:logGet(43)) - raft.server.log.preallocated.size = 16384 (custom)
2019-09-20 14:16:57,130 [pool-292-thread-1] INFO  server.RaftServerConfigKeys (ConfUtils.java:logGet(43)) - raft.server.log.write.buffer.size = 33554432 (custom)
2019-09-20 14:16:57,130 [pool-292-thread-1] INFO  server.RaftServerConfigKeys (ConfUtils.java:logGet(43)) - raft.server.log.force.sync.num = 128 (default)
2019-09-20 14:16:57,130 [pool-292-thread-1] INFO  server.RaftServerConfigKeys (ConfUtils.java:logGet(43)) - raft.server.log.statemachine.data.sync = true (default)
2019-09-20 14:16:57,130 [pool-292-thread-1] INFO  server.RaftServerConfigKeys (ConfUtils.java:logGet(43)) - raft.server.log.statemachine.data.sync.timeout = 10s (default)
2019-09-20 14:16:57,130 [pool-292-thread-1] INFO  server.RaftServerConfigKeys (ConfUtils.java:logGet(43)) - raft.server.log.statemachine.data.sync.timeout.retry = -1 (default)
2019-09-20 14:16:57,130 [pool-292-thread-1] INFO  server.RaftServerConfigKeys (ConfUtils.java:logGet(43)) - raft.server.log.statemachine.data.caching.enabled = true (custom)
2019-09-20 14:16:57,130 [pool-292-thread-1] INFO  segmented.SegmentedRaftLogWorker (SegmentedRaftLogWorker.java:lambda$new$0(132)) - 35085a69-c577-4be4-bc35-5cb4b1e64437-SegmentedRaftLogWorker:Storage Directory /workdir/hadoop-ozone/ozonefs/target/test-dir/MiniOzoneClusterImpl-a6efaa66-6ca1-47a3-8b50-c5fe67a1a9f1/datanode-0/data/ratis/6322bf10-6f52-4473-b56a-e30c82d1dfdf: flushIndex: setUnconditionally 0 -> -1
2019-09-20 14:16:57,131 [pool-292-thread-1] INFO  server.RaftServerConfigKeys (ConfUtils.java:logGet(43)) - raft.server.snapshot.auto.trigger.enabled = true (custom)
2019-09-20 14:16:57,131 [pool-292-thread-1] INFO  server.RaftServerConfigKeys (ConfUtils.java:logGet(43)) - raft.server.snapshot.auto.trigger.threshold = 10000 (custom)
2019-09-20 14:16:57,131 [pool-292-thread-1] INFO  server.RaftServerConfigKeys (ConfUtils.java:logGet(43)) - raft.server.retrycache.expirytime = 600000ms (custom)
2019-09-20 14:16:57,131 [pool-292-thread-1] INFO  impl.RaftServerImpl (RaftServerImpl.java:start(180)) - 35085a69-c577-4be4-bc35-5cb4b1e64437: start group-E30C82D1DFDF
2019-09-20 14:16:57,131 [pool-292-thread-1] INFO  impl.RaftServerImpl (RaftServerImpl.java:setRole(171)) - 35085a69-c577-4be4-bc35-5cb4b1e64437:group-E30C82D1DFDF changes role from null to FOLLOWER at term 0 for startAsFollower
2019-09-20 14:16:57,131 [pool-292-thread-1] INFO  impl.RoleInfo (RoleInfo.java:updateAndGet(143)) - 35085a69-c577-4be4-bc35-5cb4b1e64437: start FollowerState
2019-09-20 14:16:57,132 [pool-292-thread-1] INFO  util.JmxRegister (JmxRegister.java:tryRegister(44)) - Successfully registered JMX Bean with object name Ratis:service=RaftServer,group=group-E30C82D1DFDF,id=35085a69-c577-4be4-bc35-5cb4b1e64437
2019-09-20 14:16:57,135 [RatisPipelineUtilsThread] INFO  pipeline.PipelineStateManager (PipelineStateManager.java:addPipeline(56)) - Created pipeline Pipeline[ Id: 6322bf10-6f52-4473-b56a-e30c82d1dfdf, Nodes: 35085a69-c577-4be4-bc35-5cb4b1e64437{ip: 192.168.36.99, host: pr-hdds-1569-p5fx8-1226042367, networkLocation: /default-rack, certSerialId: null}, Type:RATIS, Factor:ONE, State:OPEN]
2019-09-20 14:16:57,135 [RatisPipelineUtilsThread] INFO  pipeline.PipelinePlacementPolicy (PipelinePlacementPolicy.java:meetCriteria(91)) - Pipeline Placement: Doesn't meet the criteria to be viable node： 35085a69-c577-4be4-bc35-5cb4b1e64437 Heaviness: 6 limit: 5
2019-09-20 14:16:57,144 [grpc-default-executor-0] INFO  impl.RaftServerProxy (RaftServerProxy.java:addNew(89)) - 5417499b-8247-461e-be10-1b45bf247d25: addNew group-4DB31C551A4C:[5417499b-8247-461e-be10-1b45bf247d25:192.168.36.99:43697] returns group-4DB31C551A4C:java.util.concurrent.CompletableFuture@727e84[Not completed]
2019-09-20 14:16:57,145 [pool-303-thread-1] INFO  impl.RaftServerImpl (RaftServerImpl.java:<init>(93)) - 5417499b-8247-461e-be10-1b45bf247d25: new RaftServerImpl for group-4DB31C551A4C:[5417499b-8247-461e-be10-1b45bf247d25:192.168.36.99:43697] with ContainerStateMachine:uninitialized
2019-09-20 14:16:57,145 [pool-303-thread-1] INFO  server.RaftServerConfigKeys (ConfUtils.java:logGet(43)) - raft.server.rpc.timeout.min = 5s (custom)
2019-09-20 14:16:57,146 [pool-303-thread-1] INFO  server.RaftServerConfigKeys (ConfUtils.java:logGet(43)) - raft.server.rpc.timeout.max = 5200ms (custom)
2019-09-20 14:16:57,146 [pool-303-thread-1] INFO  server.RaftServerConfigKeys (ConfUtils.java:logGet(43)) - raft.server.rpcslowness.timeout = 120s (custom)
2019-09-20 14:16:57,146 [pool-303-thread-1] INFO  server.RaftServerConfigKeys (ConfUtils.java:logGet(43)) - raft.server.sleep.deviation.threshold = 300 (default)
2019-09-20 14:16:57,146 [pool-303-thread-1] INFO  server.RaftServerConfigKeys (ConfUtils.java:logGet(43)) - raft.server.log.appender.install.snapshot.enabled = false (custom)
2019-09-20 14:16:57,146 [pool-303-thread-1] INFO  impl.RaftServerImpl (ServerState.java:<init>(105)) - 5417499b-8247-461e-be10-1b45bf247d25:group-4DB31C551A4C ConfigurationManager, init=-1: [5417499b-8247-461e-be10-1b45bf247d25:192.168.36.99:43697], old=null, confs=<EMPTY_MAP>
2019-09-20 14:16:57,146 [pool-303-thread-1] INFO  server.RaftServerConfigKeys (ConfUtils.java:logGet(43)) - raft.server.storage.dir = [/workdir/hadoop-ozone/ozonefs/target/test-dir/MiniOzoneClusterImpl-a6efaa66-6ca1-47a3-8b50-c5fe67a1a9f1/datanode-1/data/ratis] (custom)
2019-09-20 14:16:57,147 [pool-303-thread-1] INFO  storage.RaftStorageDirectory (RaftStorageDirectory.java:analyzeStorage(246)) - The storage directory /workdir/hadoop-ozone/ozonefs/target/test-dir/MiniOzoneClusterImpl-a6efaa66-6ca1-47a3-8b50-c5fe67a1a9f1/datanode-1/data/ratis/d7502638-1999-4c99-89f6-4db31c551a4c does not exist. Creating ...
2019-09-20 14:16:57,170 [pool-303-thread-1] INFO  storage.RaftStorageDirectory (RaftStorageDirectory.java:tryLock(328)) - Lock on /workdir/hadoop-ozone/ozonefs/target/test-dir/MiniOzoneClusterImpl-a6efaa66-6ca1-47a3-8b50-c5fe67a1a9f1/datanode-1/data/ratis/d7502638-1999-4c99-89f6-4db31c551a4c/in_use.lock acquired by nodename 5474@pr-hdds-1569-p5fx8-1226042367
2019-09-20 14:16:57,187 [pool-303-thread-1] INFO  storage.RaftStorage (RaftStorage.java:format(72)) - Storage directory /workdir/hadoop-ozone/ozonefs/target/test-dir/MiniOzoneClusterImpl-a6efaa66-6ca1-47a3-8b50-c5fe67a1a9f1/datanode-1/data/ratis/d7502638-1999-4c99-89f6-4db31c551a4c has been successfully formatted.
2019-09-20 14:16:57,187 [pool-303-thread-1] INFO  ratis.ContainerStateMachine (ContainerStateMachine.java:loadSnapshot(226)) - group-4DB31C551A4C: The snapshot info is null. Setting the last applied indexto:(t:0, i:~)
2019-09-20 14:16:57,188 [pool-303-thread-1] INFO  server.RaftServerConfigKeys (ConfUtils.java:logGet(43)) - raft.server.leader.election.timeout = 120s (custom)
2019-09-20 14:16:57,188 [pool-303-thread-1] INFO  server.RaftServerConfigKeys (ConfUtils.java:logGet(43)) - raft.server.log.use.memory = false (default)
2019-09-20 14:16:57,188 [pool-303-thread-1] INFO  server.RaftServerConfigKeys (ConfUtils.java:logGet(43)) - raft.server.log.purge.gap = 1000000 (custom)
2019-09-20 14:16:57,188 [pool-303-thread-1] INFO  server.RaftServerConfigKeys (ConfUtils.java:logGet(43)) - raft.server.log.appender.buffer.byte-limit = 33554432 (custom)
2019-09-20 14:16:57,188 [pool-303-thread-1] INFO  server.RaftServerConfigKeys (ConfUtils.java:logGet(43)) - raft.server.log.segment.size.max = 1048576 (custom)
2019-09-20 14:16:57,188 [pool-303-thread-1] INFO  server.RaftServerConfigKeys (ConfUtils.java:logGet(43)) - raft.server.log.segment.cache.num.max = 2 (custom)
2019-09-20 14:16:57,188 [pool-303-thread-1] INFO  segmented.SegmentedRaftLogWorker (SegmentedRaftLogWorker.java:<init>(172)) - new 5417499b-8247-461e-be10-1b45bf247d25-SegmentedRaftLogWorker:Storage Directory /workdir/hadoop-ozone/ozonefs/target/test-dir/MiniOzoneClusterImpl-a6efaa66-6ca1-47a3-8b50-c5fe67a1a9f1/datanode-1/data/ratis/d7502638-1999-4c99-89f6-4db31c551a4c for RaftStorage:Storage Directory /workdir/hadoop-ozone/ozonefs/target/test-dir/MiniOzoneClusterImpl-a6efaa66-6ca1-47a3-8b50-c5fe67a1a9f1/datanode-1/data/ratis/d7502638-1999-4c99-89f6-4db31c551a4c
2019-09-20 14:16:57,189 [pool-303-thread-1] INFO  server.RaftServerConfigKeys (ConfUtils.java:logGet(43)) - raft.server.log.queue.byte-limit = 2147483647 (custom)
2019-09-20 14:16:57,189 [pool-303-thread-1] INFO  server.RaftServerConfigKeys (ConfUtils.java:logGet(43)) - raft.server.log.queue.element-limit = 1024 (custom)
2019-09-20 14:16:57,189 [pool-303-thread-1] INFO  server.RaftServerConfigKeys (ConfUtils.java:logGet(43)) - raft.server.log.segment.size.max = 1048576 (custom)
2019-09-20 14:16:57,189 [pool-303-thread-1] INFO  server.RaftServerConfigKeys (ConfUtils.java:logGet(43)) - raft.server.log.preallocated.size = 16384 (custom)
2019-09-20 14:16:57,189 [pool-303-thread-1] INFO  server.RaftServerConfigKeys (ConfUtils.java:logGet(43)) - raft.server.log.write.buffer.size = 33554432 (custom)
2019-09-20 14:16:57,190 [pool-303-thread-1] INFO  server.RaftServerConfigKeys (ConfUtils.java:logGet(43)) - raft.server.log.force.sync.num = 128 (default)
2019-09-20 14:16:57,190 [pool-303-thread-1] INFO  server.RaftServerConfigKeys (ConfUtils.java:logGet(43)) - raft.server.log.statemachine.data.sync = true (default)
2019-09-20 14:16:57,190 [pool-303-thread-1] INFO  server.RaftServerConfigKeys (ConfUtils.java:logGet(43)) - raft.server.log.statemachine.data.sync.timeout = 10s (default)
2019-09-20 14:16:57,190 [pool-303-thread-1] INFO  server.RaftServerConfigKeys (ConfUtils.java:logGet(43)) - raft.server.log.statemachine.data.sync.timeout.retry = -1 (default)
2019-09-20 14:16:57,190 [pool-303-thread-1] INFO  server.RaftServerConfigKeys (ConfUtils.java:logGet(43)) - raft.server.log.statemachine.data.caching.enabled = true (custom)
2019-09-20 14:16:57,191 [pool-303-thread-1] INFO  segmented.SegmentedRaftLogWorker (SegmentedRaftLogWorker.java:lambda$new$0(132)) - 5417499b-8247-461e-be10-1b45bf247d25-SegmentedRaftLogWorker:Storage Directory /workdir/hadoop-ozone/ozonefs/target/test-dir/MiniOzoneClusterImpl-a6efaa66-6ca1-47a3-8b50-c5fe67a1a9f1/datanode-1/data/ratis/d7502638-1999-4c99-89f6-4db31c551a4c: flushIndex: setUnconditionally 0 -> -1
2019-09-20 14:16:57,191 [pool-303-thread-1] INFO  server.RaftServerConfigKeys (ConfUtils.java:logGet(43)) - raft.server.snapshot.auto.trigger.enabled = true (custom)
2019-09-20 14:16:57,191 [pool-303-thread-1] INFO  server.RaftServerConfigKeys (ConfUtils.java:logGet(43)) - raft.server.snapshot.auto.trigger.threshold = 10000 (custom)
2019-09-20 14:16:57,191 [pool-303-thread-1] INFO  server.RaftServerConfigKeys (ConfUtils.java:logGet(43)) - raft.server.retrycache.expirytime = 600000ms (custom)
2019-09-20 14:16:57,192 [pool-303-thread-1] INFO  impl.RaftServerImpl (RaftServerImpl.java:start(180)) - 5417499b-8247-461e-be10-1b45bf247d25: start group-4DB31C551A4C
2019-09-20 14:16:57,192 [pool-303-thread-1] INFO  impl.RaftServerImpl (RaftServerImpl.java:setRole(171)) - 5417499b-8247-461e-be10-1b45bf247d25:group-4DB31C551A4C changes role from null to FOLLOWER at term 0 for startAsFollower
2019-09-20 14:16:57,192 [pool-303-thread-1] INFO  impl.RoleInfo (RoleInfo.java:updateAndGet(143)) - 5417499b-8247-461e-be10-1b45bf247d25: start FollowerState
2019-09-20 14:16:57,192 [pool-303-thread-1] INFO  util.JmxRegister (JmxRegister.java:tryRegister(44)) - Successfully registered JMX Bean with object name Ratis:service=RaftServer,group=group-4DB31C551A4C,id=5417499b-8247-461e-be10-1b45bf247d25
2019-09-20 14:16:57,195 [RatisPipelineUtilsThread] INFO  pipeline.PipelineStateManager (PipelineStateManager.java:addPipeline(56)) - Created pipeline Pipeline[ Id: d7502638-1999-4c99-89f6-4db31c551a4c, Nodes: 5417499b-8247-461e-be10-1b45bf247d25{ip: 192.168.36.99, host: pr-hdds-1569-p5fx8-1226042367, networkLocation: /default-rack, certSerialId: null}, Type:RATIS, Factor:ONE, State:OPEN]
2019-09-20 14:16:57,196 [RatisPipelineUtilsThread] INFO  pipeline.PipelinePlacementPolicy (PipelinePlacementPolicy.java:meetCriteria(91)) - Pipeline Placement: Doesn't meet the criteria to be viable node： 35085a69-c577-4be4-bc35-5cb4b1e64437 Heaviness: 6 limit: 5
2019-09-20 14:16:57,201 [grpc-default-executor-0] INFO  impl.RaftServerProxy (RaftServerProxy.java:addNew(89)) - 5417499b-8247-461e-be10-1b45bf247d25: addNew group-167FB18B324E:[5417499b-8247-461e-be10-1b45bf247d25:192.168.36.99:43697] returns group-167FB18B324E:java.util.concurrent.CompletableFuture@305a23d9[Not completed]
2019-09-20 14:16:57,202 [pool-303-thread-1] INFO  impl.RaftServerImpl (RaftServerImpl.java:<init>(93)) - 5417499b-8247-461e-be10-1b45bf247d25: new RaftServerImpl for group-167FB18B324E:[5417499b-8247-461e-be10-1b45bf247d25:192.168.36.99:43697] with ContainerStateMachine:uninitialized
2019-09-20 14:16:57,203 [pool-303-thread-1] INFO  server.RaftServerConfigKeys (ConfUtils.java:logGet(43)) - raft.server.rpc.timeout.min = 5s (custom)
2019-09-20 14:16:57,203 [pool-303-thread-1] INFO  server.RaftServerConfigKeys (ConfUtils.java:logGet(43)) - raft.server.rpc.timeout.max = 5200ms (custom)
2019-09-20 14:16:57,203 [pool-303-thread-1] INFO  server.RaftServerConfigKeys (ConfUtils.java:logGet(43)) - raft.server.rpcslowness.timeout = 120s (custom)
2019-09-20 14:16:57,203 [pool-303-thread-1] INFO  server.RaftServerConfigKeys (ConfUtils.java:logGet(43)) - raft.server.sleep.deviation.threshold = 300 (default)
2019-09-20 14:16:57,203 [pool-303-thread-1] INFO  server.RaftServerConfigKeys (ConfUtils.java:logGet(43)) - raft.server.log.appender.install.snapshot.enabled = false (custom)
2019-09-20 14:16:57,203 [pool-303-thread-1] INFO  impl.RaftServerImpl (ServerState.java:<init>(105)) - 5417499b-8247-461e-be10-1b45bf247d25:group-167FB18B324E ConfigurationManager, init=-1: [5417499b-8247-461e-be10-1b45bf247d25:192.168.36.99:43697], old=null, confs=<EMPTY_MAP>
2019-09-20 14:16:57,203 [pool-303-thread-1] INFO  server.RaftServerConfigKeys (ConfUtils.java:logGet(43)) - raft.server.storage.dir = [/workdir/hadoop-ozone/ozonefs/target/test-dir/MiniOzoneClusterImpl-a6efaa66-6ca1-47a3-8b50-c5fe67a1a9f1/datanode-1/data/ratis] (custom)
2019-09-20 14:16:57,204 [pool-303-thread-1] INFO  storage.RaftStorageDirectory (RaftStorageDirectory.java:analyzeStorage(246)) - The storage directory /workdir/hadoop-ozone/ozonefs/target/test-dir/MiniOzoneClusterImpl-a6efaa66-6ca1-47a3-8b50-c5fe67a1a9f1/datanode-1/data/ratis/0e2b4a4e-e4e7-4be8-8fef-167fb18b324e does not exist. Creating ...
2019-09-20 14:16:57,221 [pool-303-thread-1] INFO  storage.RaftStorageDirectory (RaftStorageDirectory.java:tryLock(328)) - Lock on /workdir/hadoop-ozone/ozonefs/target/test-dir/MiniOzoneClusterImpl-a6efaa66-6ca1-47a3-8b50-c5fe67a1a9f1/datanode-1/data/ratis/0e2b4a4e-e4e7-4be8-8fef-167fb18b324e/in_use.lock acquired by nodename 5474@pr-hdds-1569-p5fx8-1226042367
2019-09-20 14:16:57,237 [Thread-1336] INFO  ozone.MiniOzoneClusterImpl (MiniOzoneClusterImpl.java:lambda$waitForClusterToBeReady$0(142)) - Waiting for cluster to be ready. Got 2 of 3 DN Heartbeats.
2019-09-20 14:16:57,238 [pool-303-thread-1] INFO  storage.RaftStorage (RaftStorage.java:format(72)) - Storage directory /workdir/hadoop-ozone/ozonefs/target/test-dir/MiniOzoneClusterImpl-a6efaa66-6ca1-47a3-8b50-c5fe67a1a9f1/datanode-1/data/ratis/0e2b4a4e-e4e7-4be8-8fef-167fb18b324e has been successfully formatted.
2019-09-20 14:16:57,238 [pool-303-thread-1] INFO  ratis.ContainerStateMachine (ContainerStateMachine.java:loadSnapshot(226)) - group-167FB18B324E: The snapshot info is null. Setting the last applied indexto:(t:0, i:~)
2019-09-20 14:16:57,238 [pool-303-thread-1] INFO  server.RaftServerConfigKeys (ConfUtils.java:logGet(43)) - raft.server.leader.election.timeout = 120s (custom)
2019-09-20 14:16:57,238 [pool-303-thread-1] INFO  server.RaftServerConfigKeys (ConfUtils.java:logGet(43)) - raft.server.log.use.memory = false (default)
2019-09-20 14:16:57,238 [pool-303-thread-1] INFO  server.RaftServerConfigKeys (ConfUtils.java:logGet(43)) - raft.server.log.purge.gap = 1000000 (custom)
2019-09-20 14:16:57,238 [pool-303-thread-1] INFO  server.RaftServerConfigKeys (ConfUtils.java:logGet(43)) - raft.server.log.appender.buffer.byte-limit = 33554432 (custom)
2019-09-20 14:16:57,239 [pool-303-thread-1] INFO  server.RaftServerConfigKeys (ConfUtils.java:logGet(43)) - raft.server.log.segment.size.max = 1048576 (custom)
2019-09-20 14:16:57,239 [pool-303-thread-1] INFO  server.RaftServerConfigKeys (ConfUtils.java:logGet(43)) - raft.server.log.segment.cache.num.max = 2 (custom)
2019-09-20 14:16:57,239 [pool-303-thread-1] INFO  segmented.SegmentedRaftLogWorker (SegmentedRaftLogWorker.java:<init>(172)) - new 5417499b-8247-461e-be10-1b45bf247d25-SegmentedRaftLogWorker:Storage Directory /workdir/hadoop-ozone/ozonefs/target/test-dir/MiniOzoneClusterImpl-a6efaa66-6ca1-47a3-8b50-c5fe67a1a9f1/datanode-1/data/ratis/0e2b4a4e-e4e7-4be8-8fef-167fb18b324e for RaftStorage:Storage Directory /workdir/hadoop-ozone/ozonefs/target/test-dir/MiniOzoneClusterImpl-a6efaa66-6ca1-47a3-8b50-c5fe67a1a9f1/datanode-1/data/ratis/0e2b4a4e-e4e7-4be8-8fef-167fb18b324e
2019-09-20 14:16:57,239 [pool-303-thread-1] INFO  server.RaftServerConfigKeys (ConfUtils.java:logGet(43)) - raft.server.log.queue.byte-limit = 2147483647 (custom)
2019-09-20 14:16:57,239 [pool-303-thread-1] INFO  server.RaftServerConfigKeys (ConfUtils.java:logGet(43)) - raft.server.log.queue.element-limit = 1024 (custom)
2019-09-20 14:16:57,239 [pool-303-thread-1] INFO  server.RaftServerConfigKeys (ConfUtils.java:logGet(43)) - raft.server.log.segment.size.max = 1048576 (custom)
2019-09-20 14:16:57,239 [pool-303-thread-1] INFO  server.RaftServerConfigKeys (ConfUtils.java:logGet(43)) - raft.server.log.preallocated.size = 16384 (custom)
2019-09-20 14:16:57,240 [pool-303-thread-1] INFO  server.RaftServerConfigKeys (ConfUtils.java:logGet(43)) - raft.server.log.write.buffer.size = 33554432 (custom)
2019-09-20 14:16:57,240 [pool-303-thread-1] INFO  server.RaftServerConfigKeys (ConfUtils.java:logGet(43)) - raft.server.log.force.sync.num = 128 (default)
2019-09-20 14:16:57,240 [pool-303-thread-1] INFO  server.RaftServerConfigKeys (ConfUtils.java:logGet(43)) - raft.server.log.statemachine.data.sync = true (default)
2019-09-20 14:16:57,240 [pool-303-thread-1] INFO  server.RaftServerConfigKeys (ConfUtils.java:logGet(43)) - raft.server.log.statemachine.data.sync.timeout = 10s (default)
2019-09-20 14:16:57,240 [pool-303-thread-1] INFO  server.RaftServerConfigKeys (ConfUtils.java:logGet(43)) - raft.server.log.statemachine.data.sync.timeout.retry = -1 (default)
2019-09-20 14:16:57,240 [IPC Server handler 1 on 44382] INFO  net.NetworkTopology (NetworkTopologyImpl.java:add(110)) - Added a new node: /default-rack/f858022d-8b6c-40dd-9b02-9ee6db579943
2019-09-20 14:16:57,240 [pool-303-thread-1] INFO  server.RaftServerConfigKeys (ConfUtils.java:logGet(43)) - raft.server.log.statemachine.data.caching.enabled = true (custom)
2019-09-20 14:16:57,240 [IPC Server handler 1 on 44382] INFO  node.SCMNodeManager (SCMNodeManager.java:register(273)) - Registered Data node : f858022d-8b6c-40dd-9b02-9ee6db579943{ip: 192.168.36.99, host: pr-hdds-1569-p5fx8-1226042367, networkLocation: /default-rack, certSerialId: null}
2019-09-20 14:16:57,241 [pool-303-thread-1] INFO  segmented.SegmentedRaftLogWorker (SegmentedRaftLogWorker.java:lambda$new$0(132)) - 5417499b-8247-461e-be10-1b45bf247d25-SegmentedRaftLogWorker:Storage Directory /workdir/hadoop-ozone/ozonefs/target/test-dir/MiniOzoneClusterImpl-a6efaa66-6ca1-47a3-8b50-c5fe67a1a9f1/datanode-1/data/ratis/0e2b4a4e-e4e7-4be8-8fef-167fb18b324e: flushIndex: setUnconditionally 0 -> -1
2019-09-20 14:16:57,241 | INFO  | SCMAudit | user=jenkins1000 | ip=192.168.36.99 | op=REGISTER {datanodeDetails=f858022d-8b6c-40dd-9b02-9ee6db579943{ip: 192.168.36.99, host: pr-hdds-1569-p5fx8-1226042367, networkLocation: /default-rack, certSerialId: null}} | ret=SUCCESS |  
2019-09-20 14:16:57,241 [pool-303-thread-1] INFO  server.RaftServerConfigKeys (ConfUtils.java:logGet(43)) - raft.server.snapshot.auto.trigger.enabled = true (custom)
2019-09-20 14:16:57,241 [pool-303-thread-1] INFO  server.RaftServerConfigKeys (ConfUtils.java:logGet(43)) - raft.server.snapshot.auto.trigger.threshold = 10000 (custom)
2019-09-20 14:16:57,241 [pool-303-thread-1] INFO  server.RaftServerConfigKeys (ConfUtils.java:logGet(43)) - raft.server.retrycache.expirytime = 600000ms (custom)
2019-09-20 14:16:57,241 [pool-303-thread-1] INFO  impl.RaftServerImpl (RaftServerImpl.java:start(180)) - 5417499b-8247-461e-be10-1b45bf247d25: start group-167FB18B324E
2019-09-20 14:16:57,241 [pool-303-thread-1] INFO  impl.RaftServerImpl (RaftServerImpl.java:setRole(171)) - 5417499b-8247-461e-be10-1b45bf247d25:group-167FB18B324E changes role from null to FOLLOWER at term 0 for startAsFollower
2019-09-20 14:16:57,242 [pool-303-thread-1] INFO  impl.RoleInfo (RoleInfo.java:updateAndGet(143)) - 5417499b-8247-461e-be10-1b45bf247d25: start FollowerState
2019-09-20 14:16:57,242 [pool-303-thread-1] INFO  util.JmxRegister (JmxRegister.java:tryRegister(44)) - Successfully registered JMX Bean with object name Ratis:service=RaftServer,group=group-167FB18B324E,id=5417499b-8247-461e-be10-1b45bf247d25
2019-09-20 14:16:57,245 [RatisPipelineUtilsThread] INFO  pipeline.PipelineStateManager (PipelineStateManager.java:addPipeline(56)) - Created pipeline Pipeline[ Id: 0e2b4a4e-e4e7-4be8-8fef-167fb18b324e, Nodes: 5417499b-8247-461e-be10-1b45bf247d25{ip: 192.168.36.99, host: pr-hdds-1569-p5fx8-1226042367, networkLocation: /default-rack, certSerialId: null}, Type:RATIS, Factor:ONE, State:OPEN]
2019-09-20 14:16:57,245 [RatisPipelineUtilsThread] INFO  pipeline.PipelinePlacementPolicy (PipelinePlacementPolicy.java:meetCriteria(91)) - Pipeline Placement: Doesn't meet the criteria to be viable node： 35085a69-c577-4be4-bc35-5cb4b1e64437 Heaviness: 6 limit: 5
2019-09-20 14:16:57,251 [grpc-default-executor-0] INFO  impl.RaftServerProxy (RaftServerProxy.java:addNew(89)) - 5417499b-8247-461e-be10-1b45bf247d25: addNew group-693EB31740FE:[5417499b-8247-461e-be10-1b45bf247d25:192.168.36.99:43697] returns group-693EB31740FE:java.util.concurrent.CompletableFuture@692a04ec[Not completed]
2019-09-20 14:16:57,252 [pool-303-thread-1] INFO  impl.RaftServerImpl (RaftServerImpl.java:<init>(93)) - 5417499b-8247-461e-be10-1b45bf247d25: new RaftServerImpl for group-693EB31740FE:[5417499b-8247-461e-be10-1b45bf247d25:192.168.36.99:43697] with ContainerStateMachine:uninitialized
2019-09-20 14:16:57,252 [pool-303-thread-1] INFO  server.RaftServerConfigKeys (ConfUtils.java:logGet(43)) - raft.server.rpc.timeout.min = 5s (custom)
2019-09-20 14:16:57,252 [pool-303-thread-1] INFO  server.RaftServerConfigKeys (ConfUtils.java:logGet(43)) - raft.server.rpc.timeout.max = 5200ms (custom)
2019-09-20 14:16:57,252 [pool-303-thread-1] INFO  server.RaftServerConfigKeys (ConfUtils.java:logGet(43)) - raft.server.rpcslowness.timeout = 120s (custom)
2019-09-20 14:16:57,252 [pool-303-thread-1] INFO  server.RaftServerConfigKeys (ConfUtils.java:logGet(43)) - raft.server.sleep.deviation.threshold = 300 (default)
2019-09-20 14:16:57,253 [pool-303-thread-1] INFO  server.RaftServerConfigKeys (ConfUtils.java:logGet(43)) - raft.server.log.appender.install.snapshot.enabled = false (custom)
2019-09-20 14:16:57,253 [pool-303-thread-1] INFO  impl.RaftServerImpl (ServerState.java:<init>(105)) - 5417499b-8247-461e-be10-1b45bf247d25:group-693EB31740FE ConfigurationManager, init=-1: [5417499b-8247-461e-be10-1b45bf247d25:192.168.36.99:43697], old=null, confs=<EMPTY_MAP>
2019-09-20 14:16:57,253 [pool-303-thread-1] INFO  server.RaftServerConfigKeys (ConfUtils.java:logGet(43)) - raft.server.storage.dir = [/workdir/hadoop-ozone/ozonefs/target/test-dir/MiniOzoneClusterImpl-a6efaa66-6ca1-47a3-8b50-c5fe67a1a9f1/datanode-1/data/ratis] (custom)
2019-09-20 14:16:57,253 [pool-303-thread-1] INFO  storage.RaftStorageDirectory (RaftStorageDirectory.java:analyzeStorage(246)) - The storage directory /workdir/hadoop-ozone/ozonefs/target/test-dir/MiniOzoneClusterImpl-a6efaa66-6ca1-47a3-8b50-c5fe67a1a9f1/datanode-1/data/ratis/a0b3baaa-accb-434f-b688-693eb31740fe does not exist. Creating ...
2019-09-20 14:16:57,271 [pool-303-thread-1] INFO  storage.RaftStorageDirectory (RaftStorageDirectory.java:tryLock(328)) - Lock on /workdir/hadoop-ozone/ozonefs/target/test-dir/MiniOzoneClusterImpl-a6efaa66-6ca1-47a3-8b50-c5fe67a1a9f1/datanode-1/data/ratis/a0b3baaa-accb-434f-b688-693eb31740fe/in_use.lock acquired by nodename 5474@pr-hdds-1569-p5fx8-1226042367
2019-09-20 14:16:57,289 [pool-303-thread-1] INFO  storage.RaftStorage (RaftStorage.java:format(72)) - Storage directory /workdir/hadoop-ozone/ozonefs/target/test-dir/MiniOzoneClusterImpl-a6efaa66-6ca1-47a3-8b50-c5fe67a1a9f1/datanode-1/data/ratis/a0b3baaa-accb-434f-b688-693eb31740fe has been successfully formatted.
2019-09-20 14:16:57,290 [pool-303-thread-1] INFO  ratis.ContainerStateMachine (ContainerStateMachine.java:loadSnapshot(226)) - group-693EB31740FE: The snapshot info is null. Setting the last applied indexto:(t:0, i:~)
2019-09-20 14:16:57,290 [pool-303-thread-1] INFO  server.RaftServerConfigKeys (ConfUtils.java:logGet(43)) - raft.server.leader.election.timeout = 120s (custom)
2019-09-20 14:16:57,290 [pool-303-thread-1] INFO  server.RaftServerConfigKeys (ConfUtils.java:logGet(43)) - raft.server.log.use.memory = false (default)
2019-09-20 14:16:57,290 [pool-303-thread-1] INFO  server.RaftServerConfigKeys (ConfUtils.java:logGet(43)) - raft.server.log.purge.gap = 1000000 (custom)
2019-09-20 14:16:57,290 [pool-303-thread-1] INFO  server.RaftServerConfigKeys (ConfUtils.java:logGet(43)) - raft.server.log.appender.buffer.byte-limit = 33554432 (custom)
2019-09-20 14:16:57,290 [pool-303-thread-1] INFO  server.RaftServerConfigKeys (ConfUtils.java:logGet(43)) - raft.server.log.segment.size.max = 1048576 (custom)
2019-09-20 14:16:57,290 [pool-303-thread-1] INFO  server.RaftServerConfigKeys (ConfUtils.java:logGet(43)) - raft.server.log.segment.cache.num.max = 2 (custom)
2019-09-20 14:16:57,290 [pool-303-thread-1] INFO  segmented.SegmentedRaftLogWorker (SegmentedRaftLogWorker.java:<init>(172)) - new 5417499b-8247-461e-be10-1b45bf247d25-SegmentedRaftLogWorker:Storage Directory /workdir/hadoop-ozone/ozonefs/target/test-dir/MiniOzoneClusterImpl-a6efaa66-6ca1-47a3-8b50-c5fe67a1a9f1/datanode-1/data/ratis/a0b3baaa-accb-434f-b688-693eb31740fe for RaftStorage:Storage Directory /workdir/hadoop-ozone/ozonefs/target/test-dir/MiniOzoneClusterImpl-a6efaa66-6ca1-47a3-8b50-c5fe67a1a9f1/datanode-1/data/ratis/a0b3baaa-accb-434f-b688-693eb31740fe
2019-09-20 14:16:57,290 [pool-303-thread-1] INFO  server.RaftServerConfigKeys (ConfUtils.java:logGet(43)) - raft.server.log.queue.byte-limit = 2147483647 (custom)
2019-09-20 14:16:57,290 [pool-303-thread-1] INFO  server.RaftServerConfigKeys (ConfUtils.java:logGet(43)) - raft.server.log.queue.element-limit = 1024 (custom)
2019-09-20 14:16:57,290 [pool-303-thread-1] INFO  server.RaftServerConfigKeys (ConfUtils.java:logGet(43)) - raft.server.log.segment.size.max = 1048576 (custom)
2019-09-20 14:16:57,291 [pool-303-thread-1] INFO  server.RaftServerConfigKeys (ConfUtils.java:logGet(43)) - raft.server.log.preallocated.size = 16384 (custom)
2019-09-20 14:16:57,291 [pool-303-thread-1] INFO  server.RaftServerConfigKeys (ConfUtils.java:logGet(43)) - raft.server.log.write.buffer.size = 33554432 (custom)
2019-09-20 14:16:57,291 [pool-303-thread-1] INFO  server.RaftServerConfigKeys (ConfUtils.java:logGet(43)) - raft.server.log.force.sync.num = 128 (default)
2019-09-20 14:16:57,291 [pool-303-thread-1] INFO  server.RaftServerConfigKeys (ConfUtils.java:logGet(43)) - raft.server.log.statemachine.data.sync = true (default)
2019-09-20 14:16:57,291 [pool-303-thread-1] INFO  server.RaftServerConfigKeys (ConfUtils.java:logGet(43)) - raft.server.log.statemachine.data.sync.timeout = 10s (default)
2019-09-20 14:16:57,291 [pool-303-thread-1] INFO  server.RaftServerConfigKeys (ConfUtils.java:logGet(43)) - raft.server.log.statemachine.data.sync.timeout.retry = -1 (default)
2019-09-20 14:16:57,291 [pool-303-thread-1] INFO  server.RaftServerConfigKeys (ConfUtils.java:logGet(43)) - raft.server.log.statemachine.data.caching.enabled = true (custom)
2019-09-20 14:16:57,291 [pool-303-thread-1] INFO  segmented.SegmentedRaftLogWorker (SegmentedRaftLogWorker.java:lambda$new$0(132)) - 5417499b-8247-461e-be10-1b45bf247d25-SegmentedRaftLogWorker:Storage Directory /workdir/hadoop-ozone/ozonefs/target/test-dir/MiniOzoneClusterImpl-a6efaa66-6ca1-47a3-8b50-c5fe67a1a9f1/datanode-1/data/ratis/a0b3baaa-accb-434f-b688-693eb31740fe: flushIndex: setUnconditionally 0 -> -1
2019-09-20 14:16:57,292 [pool-303-thread-1] INFO  server.RaftServerConfigKeys (ConfUtils.java:logGet(43)) - raft.server.snapshot.auto.trigger.enabled = true (custom)
2019-09-20 14:16:57,292 [pool-303-thread-1] INFO  server.RaftServerConfigKeys (ConfUtils.java:logGet(43)) - raft.server.snapshot.auto.trigger.threshold = 10000 (custom)
2019-09-20 14:16:57,292 [pool-303-thread-1] INFO  server.RaftServerConfigKeys (ConfUtils.java:logGet(43)) - raft.server.retrycache.expirytime = 600000ms (custom)
2019-09-20 14:16:57,292 [pool-303-thread-1] INFO  impl.RaftServerImpl (RaftServerImpl.java:start(180)) - 5417499b-8247-461e-be10-1b45bf247d25: start group-693EB31740FE
2019-09-20 14:16:57,292 [pool-303-thread-1] INFO  impl.RaftServerImpl (RaftServerImpl.java:setRole(171)) - 5417499b-8247-461e-be10-1b45bf247d25:group-693EB31740FE changes role from null to FOLLOWER at term 0 for startAsFollower
2019-09-20 14:16:57,292 [pool-303-thread-1] INFO  impl.RoleInfo (RoleInfo.java:updateAndGet(143)) - 5417499b-8247-461e-be10-1b45bf247d25: start FollowerState
2019-09-20 14:16:57,292 [pool-303-thread-1] INFO  util.JmxRegister (JmxRegister.java:tryRegister(44)) - Successfully registered JMX Bean with object name Ratis:service=RaftServer,group=group-693EB31740FE,id=5417499b-8247-461e-be10-1b45bf247d25
2019-09-20 14:16:57,295 [RatisPipelineUtilsThread] INFO  pipeline.PipelineStateManager (PipelineStateManager.java:addPipeline(56)) - Created pipeline Pipeline[ Id: a0b3baaa-accb-434f-b688-693eb31740fe, Nodes: 5417499b-8247-461e-be10-1b45bf247d25{ip: 192.168.36.99, host: pr-hdds-1569-p5fx8-1226042367, networkLocation: /default-rack, certSerialId: null}, Type:RATIS, Factor:ONE, State:OPEN]
2019-09-20 14:16:57,295 [RatisPipelineUtilsThread] INFO  pipeline.PipelinePlacementPolicy (PipelinePlacementPolicy.java:meetCriteria(91)) - Pipeline Placement: Doesn't meet the criteria to be viable node： 35085a69-c577-4be4-bc35-5cb4b1e64437 Heaviness: 6 limit: 5
2019-09-20 14:16:57,302 [grpc-default-executor-0] INFO  impl.RaftServerProxy (RaftServerProxy.java:addNew(89)) - f858022d-8b6c-40dd-9b02-9ee6db579943: addNew group-4703EFA8EAF7:[f858022d-8b6c-40dd-9b02-9ee6db579943:192.168.36.99:35753] returns group-4703EFA8EAF7:java.util.concurrent.CompletableFuture@36744c95[Not completed]
2019-09-20 14:16:57,303 [pool-314-thread-1] INFO  impl.RaftServerImpl (RaftServerImpl.java:<init>(93)) - f858022d-8b6c-40dd-9b02-9ee6db579943: new RaftServerImpl for group-4703EFA8EAF7:[f858022d-8b6c-40dd-9b02-9ee6db579943:192.168.36.99:35753] with ContainerStateMachine:uninitialized
2019-09-20 14:16:57,303 [pool-314-thread-1] INFO  server.RaftServerConfigKeys (ConfUtils.java:logGet(43)) - raft.server.rpc.timeout.min = 5s (custom)
2019-09-20 14:16:57,303 [pool-314-thread-1] INFO  server.RaftServerConfigKeys (ConfUtils.java:logGet(43)) - raft.server.rpc.timeout.max = 5200ms (custom)
2019-09-20 14:16:57,303 [pool-314-thread-1] INFO  server.RaftServerConfigKeys (ConfUtils.java:logGet(43)) - raft.server.rpcslowness.timeout = 120s (custom)
2019-09-20 14:16:57,303 [pool-314-thread-1] INFO  server.RaftServerConfigKeys (ConfUtils.java:logGet(43)) - raft.server.sleep.deviation.threshold = 300 (default)
2019-09-20 14:16:57,303 [pool-314-thread-1] INFO  server.RaftServerConfigKeys (ConfUtils.java:logGet(43)) - raft.server.log.appender.install.snapshot.enabled = false (custom)
2019-09-20 14:16:57,303 [pool-314-thread-1] INFO  impl.RaftServerImpl (ServerState.java:<init>(105)) - f858022d-8b6c-40dd-9b02-9ee6db579943:group-4703EFA8EAF7 ConfigurationManager, init=-1: [f858022d-8b6c-40dd-9b02-9ee6db579943:192.168.36.99:35753], old=null, confs=<EMPTY_MAP>
2019-09-20 14:16:57,304 [pool-314-thread-1] INFO  server.RaftServerConfigKeys (ConfUtils.java:logGet(43)) - raft.server.storage.dir = [/workdir/hadoop-ozone/ozonefs/target/test-dir/MiniOzoneClusterImpl-a6efaa66-6ca1-47a3-8b50-c5fe67a1a9f1/datanode-2/data/ratis] (custom)
2019-09-20 14:16:57,304 [pool-314-thread-1] INFO  storage.RaftStorageDirectory (RaftStorageDirectory.java:analyzeStorage(246)) - The storage directory /workdir/hadoop-ozone/ozonefs/target/test-dir/MiniOzoneClusterImpl-a6efaa66-6ca1-47a3-8b50-c5fe67a1a9f1/datanode-2/data/ratis/4e1b4d1a-7f9f-4bd8-a3ff-4703efa8eaf7 does not exist. Creating ...
2019-09-20 14:16:57,323 [pool-314-thread-1] INFO  storage.RaftStorageDirectory (RaftStorageDirectory.java:tryLock(328)) - Lock on /workdir/hadoop-ozone/ozonefs/target/test-dir/MiniOzoneClusterImpl-a6efaa66-6ca1-47a3-8b50-c5fe67a1a9f1/datanode-2/data/ratis/4e1b4d1a-7f9f-4bd8-a3ff-4703efa8eaf7/in_use.lock acquired by nodename 5474@pr-hdds-1569-p5fx8-1226042367
2019-09-20 14:16:57,340 [pool-314-thread-1] INFO  storage.RaftStorage (RaftStorage.java:format(72)) - Storage directory /workdir/hadoop-ozone/ozonefs/target/test-dir/MiniOzoneClusterImpl-a6efaa66-6ca1-47a3-8b50-c5fe67a1a9f1/datanode-2/data/ratis/4e1b4d1a-7f9f-4bd8-a3ff-4703efa8eaf7 has been successfully formatted.
2019-09-20 14:16:57,340 [pool-314-thread-1] INFO  ratis.ContainerStateMachine (ContainerStateMachine.java:loadSnapshot(226)) - group-4703EFA8EAF7: The snapshot info is null. Setting the last applied indexto:(t:0, i:~)
2019-09-20 14:16:57,340 [pool-314-thread-1] INFO  server.RaftServerConfigKeys (ConfUtils.java:logGet(43)) - raft.server.leader.election.timeout = 120s (custom)
2019-09-20 14:16:57,340 [pool-314-thread-1] INFO  server.RaftServerConfigKeys (ConfUtils.java:logGet(43)) - raft.server.log.use.memory = false (default)
2019-09-20 14:16:57,341 [pool-314-thread-1] INFO  server.RaftServerConfigKeys (ConfUtils.java:logGet(43)) - raft.server.log.purge.gap = 1000000 (custom)
2019-09-20 14:16:57,341 [pool-314-thread-1] INFO  server.RaftServerConfigKeys (ConfUtils.java:logGet(43)) - raft.server.log.appender.buffer.byte-limit = 33554432 (custom)
2019-09-20 14:16:57,341 [pool-314-thread-1] INFO  server.RaftServerConfigKeys (ConfUtils.java:logGet(43)) - raft.server.log.segment.size.max = 1048576 (custom)
2019-09-20 14:16:57,341 [pool-314-thread-1] INFO  server.RaftServerConfigKeys (ConfUtils.java:logGet(43)) - raft.server.log.segment.cache.num.max = 2 (custom)
2019-09-20 14:16:57,341 [pool-314-thread-1] INFO  segmented.SegmentedRaftLogWorker (SegmentedRaftLogWorker.java:<init>(172)) - new f858022d-8b6c-40dd-9b02-9ee6db579943-SegmentedRaftLogWorker:Storage Directory /workdir/hadoop-ozone/ozonefs/target/test-dir/MiniOzoneClusterImpl-a6efaa66-6ca1-47a3-8b50-c5fe67a1a9f1/datanode-2/data/ratis/4e1b4d1a-7f9f-4bd8-a3ff-4703efa8eaf7 for RaftStorage:Storage Directory /workdir/hadoop-ozone/ozonefs/target/test-dir/MiniOzoneClusterImpl-a6efaa66-6ca1-47a3-8b50-c5fe67a1a9f1/datanode-2/data/ratis/4e1b4d1a-7f9f-4bd8-a3ff-4703efa8eaf7
2019-09-20 14:16:57,341 [pool-314-thread-1] INFO  server.RaftServerConfigKeys (ConfUtils.java:logGet(43)) - raft.server.log.queue.byte-limit = 2147483647 (custom)
2019-09-20 14:16:57,341 [pool-314-thread-1] INFO  server.RaftServerConfigKeys (ConfUtils.java:logGet(43)) - raft.server.log.queue.element-limit = 1024 (custom)
2019-09-20 14:16:57,341 [pool-314-thread-1] INFO  server.RaftServerConfigKeys (ConfUtils.java:logGet(43)) - raft.server.log.segment.size.max = 1048576 (custom)
2019-09-20 14:16:57,341 [pool-314-thread-1] INFO  server.RaftServerConfigKeys (ConfUtils.java:logGet(43)) - raft.server.log.preallocated.size = 16384 (custom)
2019-09-20 14:16:57,341 [pool-314-thread-1] INFO  server.RaftServerConfigKeys (ConfUtils.java:logGet(43)) - raft.server.log.write.buffer.size = 33554432 (custom)
2019-09-20 14:16:57,342 [pool-314-thread-1] INFO  server.RaftServerConfigKeys (ConfUtils.java:logGet(43)) - raft.server.log.force.sync.num = 128 (default)
2019-09-20 14:16:57,342 [pool-314-thread-1] INFO  server.RaftServerConfigKeys (ConfUtils.java:logGet(43)) - raft.server.log.statemachine.data.sync = true (default)
2019-09-20 14:16:57,342 [pool-314-thread-1] INFO  server.RaftServerConfigKeys (ConfUtils.java:logGet(43)) - raft.server.log.statemachine.data.sync.timeout = 10s (default)
2019-09-20 14:16:57,342 [pool-314-thread-1] INFO  server.RaftServerConfigKeys (ConfUtils.java:logGet(43)) - raft.server.log.statemachine.data.sync.timeout.retry = -1 (default)
2019-09-20 14:16:57,342 [pool-314-thread-1] INFO  server.RaftServerConfigKeys (ConfUtils.java:logGet(43)) - raft.server.log.statemachine.data.caching.enabled = true (custom)
2019-09-20 14:16:57,342 [pool-314-thread-1] INFO  segmented.SegmentedRaftLogWorker (SegmentedRaftLogWorker.java:lambda$new$0(132)) - f858022d-8b6c-40dd-9b02-9ee6db579943-SegmentedRaftLogWorker:Storage Directory /workdir/hadoop-ozone/ozonefs/target/test-dir/MiniOzoneClusterImpl-a6efaa66-6ca1-47a3-8b50-c5fe67a1a9f1/datanode-2/data/ratis/4e1b4d1a-7f9f-4bd8-a3ff-4703efa8eaf7: flushIndex: setUnconditionally 0 -> -1
2019-09-20 14:16:57,342 [pool-314-thread-1] INFO  server.RaftServerConfigKeys (ConfUtils.java:logGet(43)) - raft.server.snapshot.auto.trigger.enabled = true (custom)
2019-09-20 14:16:57,342 [pool-314-thread-1] INFO  server.RaftServerConfigKeys (ConfUtils.java:logGet(43)) - raft.server.snapshot.auto.trigger.threshold = 10000 (custom)
2019-09-20 14:16:57,343 [pool-314-thread-1] INFO  server.RaftServerConfigKeys (ConfUtils.java:logGet(43)) - raft.server.retrycache.expirytime = 600000ms (custom)
2019-09-20 14:16:57,343 [pool-314-thread-1] INFO  impl.RaftServerImpl (RaftServerImpl.java:start(180)) - f858022d-8b6c-40dd-9b02-9ee6db579943: start group-4703EFA8EAF7
2019-09-20 14:16:57,343 [pool-314-thread-1] INFO  impl.RaftServerImpl (RaftServerImpl.java:setRole(171)) - f858022d-8b6c-40dd-9b02-9ee6db579943:group-4703EFA8EAF7 changes role from null to FOLLOWER at term 0 for startAsFollower
2019-09-20 14:16:57,343 [pool-314-thread-1] INFO  impl.RoleInfo (RoleInfo.java:updateAndGet(143)) - f858022d-8b6c-40dd-9b02-9ee6db579943: start FollowerState
2019-09-20 14:16:57,343 [pool-314-thread-1] INFO  util.JmxRegister (JmxRegister.java:tryRegister(44)) - Successfully registered JMX Bean with object name Ratis:service=RaftServer,group=group-4703EFA8EAF7,id=f858022d-8b6c-40dd-9b02-9ee6db579943
2019-09-20 14:16:57,346 [RatisPipelineUtilsThread] INFO  pipeline.PipelineStateManager (PipelineStateManager.java:addPipeline(56)) - Created pipeline Pipeline[ Id: 4e1b4d1a-7f9f-4bd8-a3ff-4703efa8eaf7, Nodes: f858022d-8b6c-40dd-9b02-9ee6db579943{ip: 192.168.36.99, host: pr-hdds-1569-p5fx8-1226042367, networkLocation: /default-rack, certSerialId: null}, Type:RATIS, Factor:ONE, State:OPEN]
2019-09-20 14:16:57,346 [RatisPipelineUtilsThread] INFO  pipeline.PipelinePlacementPolicy (PipelinePlacementPolicy.java:meetCriteria(91)) - Pipeline Placement: Doesn't meet the criteria to be viable node： 35085a69-c577-4be4-bc35-5cb4b1e64437 Heaviness: 6 limit: 5
2019-09-20 14:16:57,352 [grpc-default-executor-0] INFO  impl.RaftServerProxy (RaftServerProxy.java:addNew(89)) - f858022d-8b6c-40dd-9b02-9ee6db579943: addNew group-133D4EB9930F:[f858022d-8b6c-40dd-9b02-9ee6db579943:192.168.36.99:35753] returns group-133D4EB9930F:java.util.concurrent.CompletableFuture@54eb8ada[Not completed]
2019-09-20 14:16:57,352 [pool-314-thread-1] INFO  impl.RaftServerImpl (RaftServerImpl.java:<init>(93)) - f858022d-8b6c-40dd-9b02-9ee6db579943: new RaftServerImpl for group-133D4EB9930F:[f858022d-8b6c-40dd-9b02-9ee6db579943:192.168.36.99:35753] with ContainerStateMachine:uninitialized
2019-09-20 14:16:57,352 [pool-314-thread-1] INFO  server.RaftServerConfigKeys (ConfUtils.java:logGet(43)) - raft.server.rpc.timeout.min = 5s (custom)
2019-09-20 14:16:57,353 [pool-314-thread-1] INFO  server.RaftServerConfigKeys (ConfUtils.java:logGet(43)) - raft.server.rpc.timeout.max = 5200ms (custom)
2019-09-20 14:16:57,353 [pool-314-thread-1] INFO  server.RaftServerConfigKeys (ConfUtils.java:logGet(43)) - raft.server.rpcslowness.timeout = 120s (custom)
2019-09-20 14:16:57,353 [pool-314-thread-1] INFO  server.RaftServerConfigKeys (ConfUtils.java:logGet(43)) - raft.server.sleep.deviation.threshold = 300 (default)
2019-09-20 14:16:57,353 [pool-314-thread-1] INFO  server.RaftServerConfigKeys (ConfUtils.java:logGet(43)) - raft.server.log.appender.install.snapshot.enabled = false (custom)
2019-09-20 14:16:57,353 [pool-314-thread-1] INFO  impl.RaftServerImpl (ServerState.java:<init>(105)) - f858022d-8b6c-40dd-9b02-9ee6db579943:group-133D4EB9930F ConfigurationManager, init=-1: [f858022d-8b6c-40dd-9b02-9ee6db579943:192.168.36.99:35753], old=null, confs=<EMPTY_MAP>
2019-09-20 14:16:57,353 [pool-314-thread-1] INFO  server.RaftServerConfigKeys (ConfUtils.java:logGet(43)) - raft.server.storage.dir = [/workdir/hadoop-ozone/ozonefs/target/test-dir/MiniOzoneClusterImpl-a6efaa66-6ca1-47a3-8b50-c5fe67a1a9f1/datanode-2/data/ratis] (custom)
2019-09-20 14:16:57,353 [pool-314-thread-1] INFO  storage.RaftStorageDirectory (RaftStorageDirectory.java:analyzeStorage(246)) - The storage directory /workdir/hadoop-ozone/ozonefs/target/test-dir/MiniOzoneClusterImpl-a6efaa66-6ca1-47a3-8b50-c5fe67a1a9f1/datanode-2/data/ratis/c1dfeb57-d96b-4426-9536-133d4eb9930f does not exist. Creating ...
2019-09-20 14:16:57,407 [pool-314-thread-1] INFO  storage.RaftStorageDirectory (RaftStorageDirectory.java:tryLock(328)) - Lock on /workdir/hadoop-ozone/ozonefs/target/test-dir/MiniOzoneClusterImpl-a6efaa66-6ca1-47a3-8b50-c5fe67a1a9f1/datanode-2/data/ratis/c1dfeb57-d96b-4426-9536-133d4eb9930f/in_use.lock acquired by nodename 5474@pr-hdds-1569-p5fx8-1226042367
2019-09-20 14:16:57,433 [pool-314-thread-1] INFO  storage.RaftStorage (RaftStorage.java:format(72)) - Storage directory /workdir/hadoop-ozone/ozonefs/target/test-dir/MiniOzoneClusterImpl-a6efaa66-6ca1-47a3-8b50-c5fe67a1a9f1/datanode-2/data/ratis/c1dfeb57-d96b-4426-9536-133d4eb9930f has been successfully formatted.
2019-09-20 14:16:57,433 [pool-314-thread-1] INFO  ratis.ContainerStateMachine (ContainerStateMachine.java:loadSnapshot(226)) - group-133D4EB9930F: The snapshot info is null. Setting the last applied indexto:(t:0, i:~)
2019-09-20 14:16:57,433 [pool-314-thread-1] INFO  server.RaftServerConfigKeys (ConfUtils.java:logGet(43)) - raft.server.leader.election.timeout = 120s (custom)
2019-09-20 14:16:57,433 [pool-314-thread-1] INFO  server.RaftServerConfigKeys (ConfUtils.java:logGet(43)) - raft.server.log.use.memory = false (default)
2019-09-20 14:16:57,433 [pool-314-thread-1] INFO  server.RaftServerConfigKeys (ConfUtils.java:logGet(43)) - raft.server.log.purge.gap = 1000000 (custom)
2019-09-20 14:16:57,434 [pool-314-thread-1] INFO  server.RaftServerConfigKeys (ConfUtils.java:logGet(43)) - raft.server.log.appender.buffer.byte-limit = 33554432 (custom)
2019-09-20 14:16:57,434 [pool-314-thread-1] INFO  server.RaftServerConfigKeys (ConfUtils.java:logGet(43)) - raft.server.log.segment.size.max = 1048576 (custom)
2019-09-20 14:16:57,434 [pool-314-thread-1] INFO  server.RaftServerConfigKeys (ConfUtils.java:logGet(43)) - raft.server.log.segment.cache.num.max = 2 (custom)
2019-09-20 14:16:57,434 [pool-314-thread-1] INFO  segmented.SegmentedRaftLogWorker (SegmentedRaftLogWorker.java:<init>(172)) - new f858022d-8b6c-40dd-9b02-9ee6db579943-SegmentedRaftLogWorker:Storage Directory /workdir/hadoop-ozone/ozonefs/target/test-dir/MiniOzoneClusterImpl-a6efaa66-6ca1-47a3-8b50-c5fe67a1a9f1/datanode-2/data/ratis/c1dfeb57-d96b-4426-9536-133d4eb9930f for RaftStorage:Storage Directory /workdir/hadoop-ozone/ozonefs/target/test-dir/MiniOzoneClusterImpl-a6efaa66-6ca1-47a3-8b50-c5fe67a1a9f1/datanode-2/data/ratis/c1dfeb57-d96b-4426-9536-133d4eb9930f
2019-09-20 14:16:57,434 [pool-314-thread-1] INFO  server.RaftServerConfigKeys (ConfUtils.java:logGet(43)) - raft.server.log.queue.byte-limit = 2147483647 (custom)
2019-09-20 14:16:57,434 [pool-314-thread-1] INFO  server.RaftServerConfigKeys (ConfUtils.java:logGet(43)) - raft.server.log.queue.element-limit = 1024 (custom)
2019-09-20 14:16:57,434 [pool-314-thread-1] INFO  server.RaftServerConfigKeys (ConfUtils.java:logGet(43)) - raft.server.log.segment.size.max = 1048576 (custom)
2019-09-20 14:16:57,435 [pool-314-thread-1] INFO  server.RaftServerConfigKeys (ConfUtils.java:logGet(43)) - raft.server.log.preallocated.size = 16384 (custom)
2019-09-20 14:16:57,435 [pool-314-thread-1] INFO  server.RaftServerConfigKeys (ConfUtils.java:logGet(43)) - raft.server.log.write.buffer.size = 33554432 (custom)
2019-09-20 14:16:57,435 [pool-314-thread-1] INFO  server.RaftServerConfigKeys (ConfUtils.java:logGet(43)) - raft.server.log.force.sync.num = 128 (default)
2019-09-20 14:16:57,435 [pool-314-thread-1] INFO  server.RaftServerConfigKeys (ConfUtils.java:logGet(43)) - raft.server.log.statemachine.data.sync = true (default)
2019-09-20 14:16:57,435 [pool-314-thread-1] INFO  server.RaftServerConfigKeys (ConfUtils.java:logGet(43)) - raft.server.log.statemachine.data.sync.timeout = 10s (default)
2019-09-20 14:16:57,435 [pool-314-thread-1] INFO  server.RaftServerConfigKeys (ConfUtils.java:logGet(43)) - raft.server.log.statemachine.data.sync.timeout.retry = -1 (default)
2019-09-20 14:16:57,435 [pool-314-thread-1] INFO  server.RaftServerConfigKeys (ConfUtils.java:logGet(43)) - raft.server.log.statemachine.data.caching.enabled = true (custom)
2019-09-20 14:16:57,436 [pool-314-thread-1] INFO  segmented.SegmentedRaftLogWorker (SegmentedRaftLogWorker.java:lambda$new$0(132)) - f858022d-8b6c-40dd-9b02-9ee6db579943-SegmentedRaftLogWorker:Storage Directory /workdir/hadoop-ozone/ozonefs/target/test-dir/MiniOzoneClusterImpl-a6efaa66-6ca1-47a3-8b50-c5fe67a1a9f1/datanode-2/data/ratis/c1dfeb57-d96b-4426-9536-133d4eb9930f: flushIndex: setUnconditionally 0 -> -1
2019-09-20 14:16:57,436 [pool-314-thread-1] INFO  server.RaftServerConfigKeys (ConfUtils.java:logGet(43)) - raft.server.snapshot.auto.trigger.enabled = true (custom)
2019-09-20 14:16:57,436 [pool-314-thread-1] INFO  server.RaftServerConfigKeys (ConfUtils.java:logGet(43)) - raft.server.snapshot.auto.trigger.threshold = 10000 (custom)
2019-09-20 14:16:57,436 [pool-314-thread-1] INFO  server.RaftServerConfigKeys (ConfUtils.java:logGet(43)) - raft.server.retrycache.expirytime = 600000ms (custom)
2019-09-20 14:16:57,436 [pool-314-thread-1] INFO  impl.RaftServerImpl (RaftServerImpl.java:start(180)) - f858022d-8b6c-40dd-9b02-9ee6db579943: start group-133D4EB9930F
2019-09-20 14:16:57,437 [pool-314-thread-1] INFO  impl.RaftServerImpl (RaftServerImpl.java:setRole(171)) - f858022d-8b6c-40dd-9b02-9ee6db579943:group-133D4EB9930F changes role from null to FOLLOWER at term 0 for startAsFollower
2019-09-20 14:16:57,437 [pool-314-thread-1] INFO  impl.RoleInfo (RoleInfo.java:updateAndGet(143)) - f858022d-8b6c-40dd-9b02-9ee6db579943: start FollowerState
2019-09-20 14:16:57,437 [pool-314-thread-1] INFO  util.JmxRegister (JmxRegister.java:tryRegister(44)) - Successfully registered JMX Bean with object name Ratis:service=RaftServer,group=group-133D4EB9930F,id=f858022d-8b6c-40dd-9b02-9ee6db579943
2019-09-20 14:16:57,440 [RatisPipelineUtilsThread] INFO  pipeline.PipelineStateManager (PipelineStateManager.java:addPipeline(56)) - Created pipeline Pipeline[ Id: c1dfeb57-d96b-4426-9536-133d4eb9930f, Nodes: f858022d-8b6c-40dd-9b02-9ee6db579943{ip: 192.168.36.99, host: pr-hdds-1569-p5fx8-1226042367, networkLocation: /default-rack, certSerialId: null}, Type:RATIS, Factor:ONE, State:OPEN]
2019-09-20 14:16:57,441 [RatisPipelineUtilsThread] INFO  pipeline.PipelinePlacementPolicy (PipelinePlacementPolicy.java:meetCriteria(91)) - Pipeline Placement: Doesn't meet the criteria to be viable node： 35085a69-c577-4be4-bc35-5cb4b1e64437 Heaviness: 6 limit: 5
2019-09-20 14:16:57,446 [grpc-default-executor-0] INFO  impl.RaftServerProxy (RaftServerProxy.java:addNew(89)) - f858022d-8b6c-40dd-9b02-9ee6db579943: addNew group-718DE70A78A2:[f858022d-8b6c-40dd-9b02-9ee6db579943:192.168.36.99:35753] returns group-718DE70A78A2:java.util.concurrent.CompletableFuture@57070e3e[Not completed]
2019-09-20 14:16:57,447 [pool-314-thread-1] INFO  impl.RaftServerImpl (RaftServerImpl.java:<init>(93)) - f858022d-8b6c-40dd-9b02-9ee6db579943: new RaftServerImpl for group-718DE70A78A2:[f858022d-8b6c-40dd-9b02-9ee6db579943:192.168.36.99:35753] with ContainerStateMachine:uninitialized
2019-09-20 14:16:57,447 [pool-314-thread-1] INFO  server.RaftServerConfigKeys (ConfUtils.java:logGet(43)) - raft.server.rpc.timeout.min = 5s (custom)
2019-09-20 14:16:57,448 [pool-314-thread-1] INFO  server.RaftServerConfigKeys (ConfUtils.java:logGet(43)) - raft.server.rpc.timeout.max = 5200ms (custom)
2019-09-20 14:16:57,448 [pool-314-thread-1] INFO  server.RaftServerConfigKeys (ConfUtils.java:logGet(43)) - raft.server.rpcslowness.timeout = 120s (custom)
2019-09-20 14:16:57,448 [pool-314-thread-1] INFO  server.RaftServerConfigKeys (ConfUtils.java:logGet(43)) - raft.server.sleep.deviation.threshold = 300 (default)
2019-09-20 14:16:57,448 [pool-314-thread-1] INFO  server.RaftServerConfigKeys (ConfUtils.java:logGet(43)) - raft.server.log.appender.install.snapshot.enabled = false (custom)
2019-09-20 14:16:57,448 [pool-314-thread-1] INFO  impl.RaftServerImpl (ServerState.java:<init>(105)) - f858022d-8b6c-40dd-9b02-9ee6db579943:group-718DE70A78A2 ConfigurationManager, init=-1: [f858022d-8b6c-40dd-9b02-9ee6db579943:192.168.36.99:35753], old=null, confs=<EMPTY_MAP>
2019-09-20 14:16:57,448 [pool-314-thread-1] INFO  server.RaftServerConfigKeys (ConfUtils.java:logGet(43)) - raft.server.storage.dir = [/workdir/hadoop-ozone/ozonefs/target/test-dir/MiniOzoneClusterImpl-a6efaa66-6ca1-47a3-8b50-c5fe67a1a9f1/datanode-2/data/ratis] (custom)
2019-09-20 14:16:57,448 [pool-314-thread-1] INFO  storage.RaftStorageDirectory (RaftStorageDirectory.java:analyzeStorage(246)) - The storage directory /workdir/hadoop-ozone/ozonefs/target/test-dir/MiniOzoneClusterImpl-a6efaa66-6ca1-47a3-8b50-c5fe67a1a9f1/datanode-2/data/ratis/0953624d-6e37-4b93-a2e0-718de70a78a2 does not exist. Creating ...
2019-09-20 14:16:57,466 [pool-314-thread-1] INFO  storage.RaftStorageDirectory (RaftStorageDirectory.java:tryLock(328)) - Lock on /workdir/hadoop-ozone/ozonefs/target/test-dir/MiniOzoneClusterImpl-a6efaa66-6ca1-47a3-8b50-c5fe67a1a9f1/datanode-2/data/ratis/0953624d-6e37-4b93-a2e0-718de70a78a2/in_use.lock acquired by nodename 5474@pr-hdds-1569-p5fx8-1226042367
2019-09-20 14:16:57,492 [pool-314-thread-1] INFO  storage.RaftStorage (RaftStorage.java:format(72)) - Storage directory /workdir/hadoop-ozone/ozonefs/target/test-dir/MiniOzoneClusterImpl-a6efaa66-6ca1-47a3-8b50-c5fe67a1a9f1/datanode-2/data/ratis/0953624d-6e37-4b93-a2e0-718de70a78a2 has been successfully formatted.
2019-09-20 14:16:57,492 [pool-314-thread-1] INFO  ratis.ContainerStateMachine (ContainerStateMachine.java:loadSnapshot(226)) - group-718DE70A78A2: The snapshot info is null. Setting the last applied indexto:(t:0, i:~)
2019-09-20 14:16:57,492 [pool-314-thread-1] INFO  server.RaftServerConfigKeys (ConfUtils.java:logGet(43)) - raft.server.leader.election.timeout = 120s (custom)
2019-09-20 14:16:57,492 [pool-314-thread-1] INFO  server.RaftServerConfigKeys (ConfUtils.java:logGet(43)) - raft.server.log.use.memory = false (default)
2019-09-20 14:16:57,492 [pool-314-thread-1] INFO  server.RaftServerConfigKeys (ConfUtils.java:logGet(43)) - raft.server.log.purge.gap = 1000000 (custom)
2019-09-20 14:16:57,492 [pool-314-thread-1] INFO  server.RaftServerConfigKeys (ConfUtils.java:logGet(43)) - raft.server.log.appender.buffer.byte-limit = 33554432 (custom)
2019-09-20 14:16:57,492 [pool-314-thread-1] INFO  server.RaftServerConfigKeys (ConfUtils.java:logGet(43)) - raft.server.log.segment.size.max = 1048576 (custom)
2019-09-20 14:16:57,493 [pool-314-thread-1] INFO  server.RaftServerConfigKeys (ConfUtils.java:logGet(43)) - raft.server.log.segment.cache.num.max = 2 (custom)
2019-09-20 14:16:57,493 [pool-314-thread-1] INFO  segmented.SegmentedRaftLogWorker (SegmentedRaftLogWorker.java:<init>(172)) - new f858022d-8b6c-40dd-9b02-9ee6db579943-SegmentedRaftLogWorker:Storage Directory /workdir/hadoop-ozone/ozonefs/target/test-dir/MiniOzoneClusterImpl-a6efaa66-6ca1-47a3-8b50-c5fe67a1a9f1/datanode-2/data/ratis/0953624d-6e37-4b93-a2e0-718de70a78a2 for RaftStorage:Storage Directory /workdir/hadoop-ozone/ozonefs/target/test-dir/MiniOzoneClusterImpl-a6efaa66-6ca1-47a3-8b50-c5fe67a1a9f1/datanode-2/data/ratis/0953624d-6e37-4b93-a2e0-718de70a78a2
2019-09-20 14:16:57,493 [pool-314-thread-1] INFO  server.RaftServerConfigKeys (ConfUtils.java:logGet(43)) - raft.server.log.queue.byte-limit = 2147483647 (custom)
2019-09-20 14:16:57,493 [pool-314-thread-1] INFO  server.RaftServerConfigKeys (ConfUtils.java:logGet(43)) - raft.server.log.queue.element-limit = 1024 (custom)
2019-09-20 14:16:57,493 [pool-314-thread-1] INFO  server.RaftServerConfigKeys (ConfUtils.java:logGet(43)) - raft.server.log.segment.size.max = 1048576 (custom)
2019-09-20 14:16:57,493 [pool-314-thread-1] INFO  server.RaftServerConfigKeys (ConfUtils.java:logGet(43)) - raft.server.log.preallocated.size = 16384 (custom)
2019-09-20 14:16:57,493 [pool-314-thread-1] INFO  server.RaftServerConfigKeys (ConfUtils.java:logGet(43)) - raft.server.log.write.buffer.size = 33554432 (custom)
2019-09-20 14:16:57,493 [pool-314-thread-1] INFO  server.RaftServerConfigKeys (ConfUtils.java:logGet(43)) - raft.server.log.force.sync.num = 128 (default)
2019-09-20 14:16:57,493 [pool-314-thread-1] INFO  server.RaftServerConfigKeys (ConfUtils.java:logGet(43)) - raft.server.log.statemachine.data.sync = true (default)
2019-09-20 14:16:57,493 [pool-314-thread-1] INFO  server.RaftServerConfigKeys (ConfUtils.java:logGet(43)) - raft.server.log.statemachine.data.sync.timeout = 10s (default)
2019-09-20 14:16:57,493 [pool-314-thread-1] INFO  server.RaftServerConfigKeys (ConfUtils.java:logGet(43)) - raft.server.log.statemachine.data.sync.timeout.retry = -1 (default)
2019-09-20 14:16:57,494 [pool-314-thread-1] INFO  server.RaftServerConfigKeys (ConfUtils.java:logGet(43)) - raft.server.log.statemachine.data.caching.enabled = true (custom)
2019-09-20 14:16:57,494 [pool-314-thread-1] INFO  segmented.SegmentedRaftLogWorker (SegmentedRaftLogWorker.java:lambda$new$0(132)) - f858022d-8b6c-40dd-9b02-9ee6db579943-SegmentedRaftLogWorker:Storage Directory /workdir/hadoop-ozone/ozonefs/target/test-dir/MiniOzoneClusterImpl-a6efaa66-6ca1-47a3-8b50-c5fe67a1a9f1/datanode-2/data/ratis/0953624d-6e37-4b93-a2e0-718de70a78a2: flushIndex: setUnconditionally 0 -> -1
2019-09-20 14:16:57,494 [pool-314-thread-1] INFO  server.RaftServerConfigKeys (ConfUtils.java:logGet(43)) - raft.server.snapshot.auto.trigger.enabled = true (custom)
2019-09-20 14:16:57,494 [pool-314-thread-1] INFO  server.RaftServerConfigKeys (ConfUtils.java:logGet(43)) - raft.server.snapshot.auto.trigger.threshold = 10000 (custom)
2019-09-20 14:16:57,494 [pool-314-thread-1] INFO  server.RaftServerConfigKeys (ConfUtils.java:logGet(43)) - raft.server.retrycache.expirytime = 600000ms (custom)
2019-09-20 14:16:57,494 [pool-314-thread-1] INFO  impl.RaftServerImpl (RaftServerImpl.java:start(180)) - f858022d-8b6c-40dd-9b02-9ee6db579943: start group-718DE70A78A2
2019-09-20 14:16:57,495 [pool-314-thread-1] INFO  impl.RaftServerImpl (RaftServerImpl.java:setRole(171)) - f858022d-8b6c-40dd-9b02-9ee6db579943:group-718DE70A78A2 changes role from null to FOLLOWER at term 0 for startAsFollower
2019-09-20 14:16:57,495 [pool-314-thread-1] INFO  impl.RoleInfo (RoleInfo.java:updateAndGet(143)) - f858022d-8b6c-40dd-9b02-9ee6db579943: start FollowerState
2019-09-20 14:16:57,495 [pool-314-thread-1] INFO  util.JmxRegister (JmxRegister.java:tryRegister(44)) - Successfully registered JMX Bean with object name Ratis:service=RaftServer,group=group-718DE70A78A2,id=f858022d-8b6c-40dd-9b02-9ee6db579943
2019-09-20 14:16:57,498 [RatisPipelineUtilsThread] INFO  pipeline.PipelineStateManager (PipelineStateManager.java:addPipeline(56)) - Created pipeline Pipeline[ Id: 0953624d-6e37-4b93-a2e0-718de70a78a2, Nodes: f858022d-8b6c-40dd-9b02-9ee6db579943{ip: 192.168.36.99, host: pr-hdds-1569-p5fx8-1226042367, networkLocation: /default-rack, certSerialId: null}, Type:RATIS, Factor:ONE, State:OPEN]
2019-09-20 14:16:57,498 [RatisPipelineUtilsThread] INFO  pipeline.PipelinePlacementPolicy (PipelinePlacementPolicy.java:meetCriteria(91)) - Pipeline Placement: Doesn't meet the criteria to be viable node： 35085a69-c577-4be4-bc35-5cb4b1e64437 Heaviness: 6 limit: 5
2019-09-20 14:16:57,503 [grpc-default-executor-0] INFO  impl.RaftServerProxy (RaftServerProxy.java:addNew(89)) - 5417499b-8247-461e-be10-1b45bf247d25: addNew group-1205E2255D61:[5417499b-8247-461e-be10-1b45bf247d25:192.168.36.99:43697] returns group-1205E2255D61:java.util.concurrent.CompletableFuture@51e28d0c[Not completed]
2019-09-20 14:16:57,504 [pool-303-thread-1] INFO  impl.RaftServerImpl (RaftServerImpl.java:<init>(93)) - 5417499b-8247-461e-be10-1b45bf247d25: new RaftServerImpl for group-1205E2255D61:[5417499b-8247-461e-be10-1b45bf247d25:192.168.36.99:43697] with ContainerStateMachine:uninitialized
2019-09-20 14:16:57,504 [pool-303-thread-1] INFO  server.RaftServerConfigKeys (ConfUtils.java:logGet(43)) - raft.server.rpc.timeout.min = 5s (custom)
2019-09-20 14:16:57,504 [pool-303-thread-1] INFO  server.RaftServerConfigKeys (ConfUtils.java:logGet(43)) - raft.server.rpc.timeout.max = 5200ms (custom)
2019-09-20 14:16:57,504 [pool-303-thread-1] INFO  server.RaftServerConfigKeys (ConfUtils.java:logGet(43)) - raft.server.rpcslowness.timeout = 120s (custom)
2019-09-20 14:16:57,504 [pool-303-thread-1] INFO  server.RaftServerConfigKeys (ConfUtils.java:logGet(43)) - raft.server.sleep.deviation.threshold = 300 (default)
2019-09-20 14:16:57,505 [pool-303-thread-1] INFO  server.RaftServerConfigKeys (ConfUtils.java:logGet(43)) - raft.server.log.appender.install.snapshot.enabled = false (custom)
2019-09-20 14:16:57,505 [pool-303-thread-1] INFO  impl.RaftServerImpl (ServerState.java:<init>(105)) - 5417499b-8247-461e-be10-1b45bf247d25:group-1205E2255D61 ConfigurationManager, init=-1: [5417499b-8247-461e-be10-1b45bf247d25:192.168.36.99:43697], old=null, confs=<EMPTY_MAP>
2019-09-20 14:16:57,505 [pool-303-thread-1] INFO  server.RaftServerConfigKeys (ConfUtils.java:logGet(43)) - raft.server.storage.dir = [/workdir/hadoop-ozone/ozonefs/target/test-dir/MiniOzoneClusterImpl-a6efaa66-6ca1-47a3-8b50-c5fe67a1a9f1/datanode-1/data/ratis] (custom)
2019-09-20 14:16:57,505 [pool-303-thread-1] INFO  storage.RaftStorageDirectory (RaftStorageDirectory.java:analyzeStorage(246)) - The storage directory /workdir/hadoop-ozone/ozonefs/target/test-dir/MiniOzoneClusterImpl-a6efaa66-6ca1-47a3-8b50-c5fe67a1a9f1/datanode-1/data/ratis/80e9f96d-374c-41c3-a9d8-1205e2255d61 does not exist. Creating ...
2019-09-20 14:16:57,525 [pool-303-thread-1] INFO  storage.RaftStorageDirectory (RaftStorageDirectory.java:tryLock(328)) - Lock on /workdir/hadoop-ozone/ozonefs/target/test-dir/MiniOzoneClusterImpl-a6efaa66-6ca1-47a3-8b50-c5fe67a1a9f1/datanode-1/data/ratis/80e9f96d-374c-41c3-a9d8-1205e2255d61/in_use.lock acquired by nodename 5474@pr-hdds-1569-p5fx8-1226042367
2019-09-20 14:16:57,542 [pool-303-thread-1] INFO  storage.RaftStorage (RaftStorage.java:format(72)) - Storage directory /workdir/hadoop-ozone/ozonefs/target/test-dir/MiniOzoneClusterImpl-a6efaa66-6ca1-47a3-8b50-c5fe67a1a9f1/datanode-1/data/ratis/80e9f96d-374c-41c3-a9d8-1205e2255d61 has been successfully formatted.
2019-09-20 14:16:57,543 [pool-303-thread-1] INFO  ratis.ContainerStateMachine (ContainerStateMachine.java:loadSnapshot(226)) - group-1205E2255D61: The snapshot info is null. Setting the last applied indexto:(t:0, i:~)
2019-09-20 14:16:57,543 [pool-303-thread-1] INFO  server.RaftServerConfigKeys (ConfUtils.java:logGet(43)) - raft.server.leader.election.timeout = 120s (custom)
2019-09-20 14:16:57,543 [pool-303-thread-1] INFO  server.RaftServerConfigKeys (ConfUtils.java:logGet(43)) - raft.server.log.use.memory = false (default)
2019-09-20 14:16:57,543 [pool-303-thread-1] INFO  server.RaftServerConfigKeys (ConfUtils.java:logGet(43)) - raft.server.log.purge.gap = 1000000 (custom)
2019-09-20 14:16:57,543 [pool-303-thread-1] INFO  server.RaftServerConfigKeys (ConfUtils.java:logGet(43)) - raft.server.log.appender.buffer.byte-limit = 33554432 (custom)
2019-09-20 14:16:57,543 [pool-303-thread-1] INFO  server.RaftServerConfigKeys (ConfUtils.java:logGet(43)) - raft.server.log.segment.size.max = 1048576 (custom)
2019-09-20 14:16:57,543 [pool-303-thread-1] INFO  server.RaftServerConfigKeys (ConfUtils.java:logGet(43)) - raft.server.log.segment.cache.num.max = 2 (custom)
2019-09-20 14:16:57,543 [pool-303-thread-1] INFO  segmented.SegmentedRaftLogWorker (SegmentedRaftLogWorker.java:<init>(172)) - new 5417499b-8247-461e-be10-1b45bf247d25-SegmentedRaftLogWorker:Storage Directory /workdir/hadoop-ozone/ozonefs/target/test-dir/MiniOzoneClusterImpl-a6efaa66-6ca1-47a3-8b50-c5fe67a1a9f1/datanode-1/data/ratis/80e9f96d-374c-41c3-a9d8-1205e2255d61 for RaftStorage:Storage Directory /workdir/hadoop-ozone/ozonefs/target/test-dir/MiniOzoneClusterImpl-a6efaa66-6ca1-47a3-8b50-c5fe67a1a9f1/datanode-1/data/ratis/80e9f96d-374c-41c3-a9d8-1205e2255d61
2019-09-20 14:16:57,543 [pool-303-thread-1] INFO  server.RaftServerConfigKeys (ConfUtils.java:logGet(43)) - raft.server.log.queue.byte-limit = 2147483647 (custom)
2019-09-20 14:16:57,544 [pool-303-thread-1] INFO  server.RaftServerConfigKeys (ConfUtils.java:logGet(43)) - raft.server.log.queue.element-limit = 1024 (custom)
2019-09-20 14:16:57,544 [pool-303-thread-1] INFO  server.RaftServerConfigKeys (ConfUtils.java:logGet(43)) - raft.server.log.segment.size.max = 1048576 (custom)
2019-09-20 14:16:57,544 [pool-303-thread-1] INFO  server.RaftServerConfigKeys (ConfUtils.java:logGet(43)) - raft.server.log.preallocated.size = 16384 (custom)
2019-09-20 14:16:57,544 [pool-303-thread-1] INFO  server.RaftServerConfigKeys (ConfUtils.java:logGet(43)) - raft.server.log.write.buffer.size = 33554432 (custom)
2019-09-20 14:16:57,544 [pool-303-thread-1] INFO  server.RaftServerConfigKeys (ConfUtils.java:logGet(43)) - raft.server.log.force.sync.num = 128 (default)
2019-09-20 14:16:57,544 [pool-303-thread-1] INFO  server.RaftServerConfigKeys (ConfUtils.java:logGet(43)) - raft.server.log.statemachine.data.sync = true (default)
2019-09-20 14:16:57,544 [pool-303-thread-1] INFO  server.RaftServerConfigKeys (ConfUtils.java:logGet(43)) - raft.server.log.statemachine.data.sync.timeout = 10s (default)
2019-09-20 14:16:57,544 [pool-303-thread-1] INFO  server.RaftServerConfigKeys (ConfUtils.java:logGet(43)) - raft.server.log.statemachine.data.sync.timeout.retry = -1 (default)
2019-09-20 14:16:57,544 [pool-303-thread-1] INFO  server.RaftServerConfigKeys (ConfUtils.java:logGet(43)) - raft.server.log.statemachine.data.caching.enabled = true (custom)
2019-09-20 14:16:57,544 [pool-303-thread-1] INFO  segmented.SegmentedRaftLogWorker (SegmentedRaftLogWorker.java:lambda$new$0(132)) - 5417499b-8247-461e-be10-1b45bf247d25-SegmentedRaftLogWorker:Storage Directory /workdir/hadoop-ozone/ozonefs/target/test-dir/MiniOzoneClusterImpl-a6efaa66-6ca1-47a3-8b50-c5fe67a1a9f1/datanode-1/data/ratis/80e9f96d-374c-41c3-a9d8-1205e2255d61: flushIndex: setUnconditionally 0 -> -1
2019-09-20 14:16:57,545 [pool-303-thread-1] INFO  server.RaftServerConfigKeys (ConfUtils.java:logGet(43)) - raft.server.snapshot.auto.trigger.enabled = true (custom)
2019-09-20 14:16:57,545 [pool-303-thread-1] INFO  server.RaftServerConfigKeys (ConfUtils.java:logGet(43)) - raft.server.snapshot.auto.trigger.threshold = 10000 (custom)
2019-09-20 14:16:57,545 [pool-303-thread-1] INFO  server.RaftServerConfigKeys (ConfUtils.java:logGet(43)) - raft.server.retrycache.expirytime = 600000ms (custom)
2019-09-20 14:16:57,545 [pool-303-thread-1] INFO  impl.RaftServerImpl (RaftServerImpl.java:start(180)) - 5417499b-8247-461e-be10-1b45bf247d25: start group-1205E2255D61
2019-09-20 14:16:57,545 [pool-303-thread-1] INFO  impl.RaftServerImpl (RaftServerImpl.java:setRole(171)) - 5417499b-8247-461e-be10-1b45bf247d25:group-1205E2255D61 changes role from null to FOLLOWER at term 0 for startAsFollower
2019-09-20 14:16:57,545 [pool-303-thread-1] INFO  impl.RoleInfo (RoleInfo.java:updateAndGet(143)) - 5417499b-8247-461e-be10-1b45bf247d25: start FollowerState
2019-09-20 14:16:57,546 [pool-303-thread-1] INFO  util.JmxRegister (JmxRegister.java:tryRegister(44)) - Successfully registered JMX Bean with object name Ratis:service=RaftServer,group=group-1205E2255D61,id=5417499b-8247-461e-be10-1b45bf247d25
2019-09-20 14:16:57,549 [RatisPipelineUtilsThread] INFO  pipeline.PipelineStateManager (PipelineStateManager.java:addPipeline(56)) - Created pipeline Pipeline[ Id: 80e9f96d-374c-41c3-a9d8-1205e2255d61, Nodes: 5417499b-8247-461e-be10-1b45bf247d25{ip: 192.168.36.99, host: pr-hdds-1569-p5fx8-1226042367, networkLocation: /default-rack, certSerialId: null}, Type:RATIS, Factor:ONE, State:OPEN]
2019-09-20 14:16:57,549 [RatisPipelineUtilsThread] INFO  pipeline.PipelinePlacementPolicy (PipelinePlacementPolicy.java:meetCriteria(91)) - Pipeline Placement: Doesn't meet the criteria to be viable node： 35085a69-c577-4be4-bc35-5cb4b1e64437 Heaviness: 6 limit: 5
2019-09-20 14:16:57,555 [grpc-default-executor-0] INFO  impl.RaftServerProxy (RaftServerProxy.java:addNew(89)) - f858022d-8b6c-40dd-9b02-9ee6db579943: addNew group-19861E3A1E4B:[f858022d-8b6c-40dd-9b02-9ee6db579943:192.168.36.99:35753] returns group-19861E3A1E4B:java.util.concurrent.CompletableFuture@62b596e0[Not completed]
2019-09-20 14:16:57,556 [pool-314-thread-1] INFO  impl.RaftServerImpl (RaftServerImpl.java:<init>(93)) - f858022d-8b6c-40dd-9b02-9ee6db579943: new RaftServerImpl for group-19861E3A1E4B:[f858022d-8b6c-40dd-9b02-9ee6db579943:192.168.36.99:35753] with ContainerStateMachine:uninitialized
2019-09-20 14:16:57,556 [pool-314-thread-1] INFO  server.RaftServerConfigKeys (ConfUtils.java:logGet(43)) - raft.server.rpc.timeout.min = 5s (custom)
2019-09-20 14:16:57,556 [pool-314-thread-1] INFO  server.RaftServerConfigKeys (ConfUtils.java:logGet(43)) - raft.server.rpc.timeout.max = 5200ms (custom)
2019-09-20 14:16:57,556 [pool-314-thread-1] INFO  server.RaftServerConfigKeys (ConfUtils.java:logGet(43)) - raft.server.rpcslowness.timeout = 120s (custom)
2019-09-20 14:16:57,556 [pool-314-thread-1] INFO  server.RaftServerConfigKeys (ConfUtils.java:logGet(43)) - raft.server.sleep.deviation.threshold = 300 (default)
2019-09-20 14:16:57,556 [pool-314-thread-1] INFO  server.RaftServerConfigKeys (ConfUtils.java:logGet(43)) - raft.server.log.appender.install.snapshot.enabled = false (custom)
2019-09-20 14:16:57,556 [pool-314-thread-1] INFO  impl.RaftServerImpl (ServerState.java:<init>(105)) - f858022d-8b6c-40dd-9b02-9ee6db579943:group-19861E3A1E4B ConfigurationManager, init=-1: [f858022d-8b6c-40dd-9b02-9ee6db579943:192.168.36.99:35753], old=null, confs=<EMPTY_MAP>
2019-09-20 14:16:57,556 [pool-314-thread-1] INFO  server.RaftServerConfigKeys (ConfUtils.java:logGet(43)) - raft.server.storage.dir = [/workdir/hadoop-ozone/ozonefs/target/test-dir/MiniOzoneClusterImpl-a6efaa66-6ca1-47a3-8b50-c5fe67a1a9f1/datanode-2/data/ratis] (custom)
2019-09-20 14:16:57,557 [pool-314-thread-1] INFO  storage.RaftStorageDirectory (RaftStorageDirectory.java:analyzeStorage(246)) - The storage directory /workdir/hadoop-ozone/ozonefs/target/test-dir/MiniOzoneClusterImpl-a6efaa66-6ca1-47a3-8b50-c5fe67a1a9f1/datanode-2/data/ratis/bb3c65dd-e2f1-47f2-8b76-19861e3a1e4b does not exist. Creating ...
2019-09-20 14:16:57,576 [pool-314-thread-1] INFO  storage.RaftStorageDirectory (RaftStorageDirectory.java:tryLock(328)) - Lock on /workdir/hadoop-ozone/ozonefs/target/test-dir/MiniOzoneClusterImpl-a6efaa66-6ca1-47a3-8b50-c5fe67a1a9f1/datanode-2/data/ratis/bb3c65dd-e2f1-47f2-8b76-19861e3a1e4b/in_use.lock acquired by nodename 5474@pr-hdds-1569-p5fx8-1226042367
2019-09-20 14:16:57,593 [pool-314-thread-1] INFO  storage.RaftStorage (RaftStorage.java:format(72)) - Storage directory /workdir/hadoop-ozone/ozonefs/target/test-dir/MiniOzoneClusterImpl-a6efaa66-6ca1-47a3-8b50-c5fe67a1a9f1/datanode-2/data/ratis/bb3c65dd-e2f1-47f2-8b76-19861e3a1e4b has been successfully formatted.
2019-09-20 14:16:57,593 [pool-314-thread-1] INFO  ratis.ContainerStateMachine (ContainerStateMachine.java:loadSnapshot(226)) - group-19861E3A1E4B: The snapshot info is null. Setting the last applied indexto:(t:0, i:~)
2019-09-20 14:16:57,593 [pool-314-thread-1] INFO  server.RaftServerConfigKeys (ConfUtils.java:logGet(43)) - raft.server.leader.election.timeout = 120s (custom)
2019-09-20 14:16:57,593 [pool-314-thread-1] INFO  server.RaftServerConfigKeys (ConfUtils.java:logGet(43)) - raft.server.log.use.memory = false (default)
2019-09-20 14:16:57,594 [pool-314-thread-1] INFO  server.RaftServerConfigKeys (ConfUtils.java:logGet(43)) - raft.server.log.purge.gap = 1000000 (custom)
2019-09-20 14:16:57,594 [pool-314-thread-1] INFO  server.RaftServerConfigKeys (ConfUtils.java:logGet(43)) - raft.server.log.appender.buffer.byte-limit = 33554432 (custom)
2019-09-20 14:16:57,594 [pool-314-thread-1] INFO  server.RaftServerConfigKeys (ConfUtils.java:logGet(43)) - raft.server.log.segment.size.max = 1048576 (custom)
2019-09-20 14:16:57,594 [pool-314-thread-1] INFO  server.RaftServerConfigKeys (ConfUtils.java:logGet(43)) - raft.server.log.segment.cache.num.max = 2 (custom)
2019-09-20 14:16:57,594 [pool-314-thread-1] INFO  segmented.SegmentedRaftLogWorker (SegmentedRaftLogWorker.java:<init>(172)) - new f858022d-8b6c-40dd-9b02-9ee6db579943-SegmentedRaftLogWorker:Storage Directory /workdir/hadoop-ozone/ozonefs/target/test-dir/MiniOzoneClusterImpl-a6efaa66-6ca1-47a3-8b50-c5fe67a1a9f1/datanode-2/data/ratis/bb3c65dd-e2f1-47f2-8b76-19861e3a1e4b for RaftStorage:Storage Directory /workdir/hadoop-ozone/ozonefs/target/test-dir/MiniOzoneClusterImpl-a6efaa66-6ca1-47a3-8b50-c5fe67a1a9f1/datanode-2/data/ratis/bb3c65dd-e2f1-47f2-8b76-19861e3a1e4b
2019-09-20 14:16:57,594 [pool-314-thread-1] INFO  server.RaftServerConfigKeys (ConfUtils.java:logGet(43)) - raft.server.log.queue.byte-limit = 2147483647 (custom)
2019-09-20 14:16:57,594 [pool-314-thread-1] INFO  server.RaftServerConfigKeys (ConfUtils.java:logGet(43)) - raft.server.log.queue.element-limit = 1024 (custom)
2019-09-20 14:16:57,594 [pool-314-thread-1] INFO  server.RaftServerConfigKeys (ConfUtils.java:logGet(43)) - raft.server.log.segment.size.max = 1048576 (custom)
2019-09-20 14:16:57,594 [pool-314-thread-1] INFO  server.RaftServerConfigKeys (ConfUtils.java:logGet(43)) - raft.server.log.preallocated.size = 16384 (custom)
2019-09-20 14:16:57,594 [pool-314-thread-1] INFO  server.RaftServerConfigKeys (ConfUtils.java:logGet(43)) - raft.server.log.write.buffer.size = 33554432 (custom)
2019-09-20 14:16:57,595 [pool-314-thread-1] INFO  server.RaftServerConfigKeys (ConfUtils.java:logGet(43)) - raft.server.log.force.sync.num = 128 (default)
2019-09-20 14:16:57,595 [pool-314-thread-1] INFO  server.RaftServerConfigKeys (ConfUtils.java:logGet(43)) - raft.server.log.statemachine.data.sync = true (default)
2019-09-20 14:16:57,595 [pool-314-thread-1] INFO  server.RaftServerConfigKeys (ConfUtils.java:logGet(43)) - raft.server.log.statemachine.data.sync.timeout = 10s (default)
2019-09-20 14:16:57,595 [pool-314-thread-1] INFO  server.RaftServerConfigKeys (ConfUtils.java:logGet(43)) - raft.server.log.statemachine.data.sync.timeout.retry = -1 (default)
2019-09-20 14:16:57,595 [pool-314-thread-1] INFO  server.RaftServerConfigKeys (ConfUtils.java:logGet(43)) - raft.server.log.statemachine.data.caching.enabled = true (custom)
2019-09-20 14:16:57,595 [pool-314-thread-1] INFO  segmented.SegmentedRaftLogWorker (SegmentedRaftLogWorker.java:lambda$new$0(132)) - f858022d-8b6c-40dd-9b02-9ee6db579943-SegmentedRaftLogWorker:Storage Directory /workdir/hadoop-ozone/ozonefs/target/test-dir/MiniOzoneClusterImpl-a6efaa66-6ca1-47a3-8b50-c5fe67a1a9f1/datanode-2/data/ratis/bb3c65dd-e2f1-47f2-8b76-19861e3a1e4b: flushIndex: setUnconditionally 0 -> -1
2019-09-20 14:16:57,595 [pool-314-thread-1] INFO  server.RaftServerConfigKeys (ConfUtils.java:logGet(43)) - raft.server.snapshot.auto.trigger.enabled = true (custom)
2019-09-20 14:16:57,595 [pool-314-thread-1] INFO  server.RaftServerConfigKeys (ConfUtils.java:logGet(43)) - raft.server.snapshot.auto.trigger.threshold = 10000 (custom)
2019-09-20 14:16:57,596 [pool-314-thread-1] INFO  server.RaftServerConfigKeys (ConfUtils.java:logGet(43)) - raft.server.retrycache.expirytime = 600000ms (custom)
2019-09-20 14:16:57,596 [pool-314-thread-1] INFO  impl.RaftServerImpl (RaftServerImpl.java:start(180)) - f858022d-8b6c-40dd-9b02-9ee6db579943: start group-19861E3A1E4B
2019-09-20 14:16:57,596 [pool-314-thread-1] INFO  impl.RaftServerImpl (RaftServerImpl.java:setRole(171)) - f858022d-8b6c-40dd-9b02-9ee6db579943:group-19861E3A1E4B changes role from null to FOLLOWER at term 0 for startAsFollower
2019-09-20 14:16:57,596 [pool-314-thread-1] INFO  impl.RoleInfo (RoleInfo.java:updateAndGet(143)) - f858022d-8b6c-40dd-9b02-9ee6db579943: start FollowerState
2019-09-20 14:16:57,596 [pool-314-thread-1] INFO  util.JmxRegister (JmxRegister.java:tryRegister(44)) - Successfully registered JMX Bean with object name Ratis:service=RaftServer,group=group-19861E3A1E4B,id=f858022d-8b6c-40dd-9b02-9ee6db579943
2019-09-20 14:16:57,598 [RatisPipelineUtilsThread] INFO  pipeline.PipelineStateManager (PipelineStateManager.java:addPipeline(56)) - Created pipeline Pipeline[ Id: bb3c65dd-e2f1-47f2-8b76-19861e3a1e4b, Nodes: f858022d-8b6c-40dd-9b02-9ee6db579943{ip: 192.168.36.99, host: pr-hdds-1569-p5fx8-1226042367, networkLocation: /default-rack, certSerialId: null}, Type:RATIS, Factor:ONE, State:OPEN]
2019-09-20 14:16:57,599 [RatisPipelineUtilsThread] INFO  pipeline.PipelinePlacementPolicy (PipelinePlacementPolicy.java:meetCriteria(91)) - Pipeline Placement: Doesn't meet the criteria to be viable node： 35085a69-c577-4be4-bc35-5cb4b1e64437 Heaviness: 6 limit: 5
2019-09-20 14:16:57,603 [grpc-default-executor-0] INFO  impl.RaftServerProxy (RaftServerProxy.java:addNew(89)) - 5417499b-8247-461e-be10-1b45bf247d25: addNew group-68229F7D6B88:[5417499b-8247-461e-be10-1b45bf247d25:192.168.36.99:43697] returns group-68229F7D6B88:java.util.concurrent.CompletableFuture@45c2e6a1[Not completed]
2019-09-20 14:16:57,604 [pool-303-thread-1] INFO  impl.RaftServerImpl (RaftServerImpl.java:<init>(93)) - 5417499b-8247-461e-be10-1b45bf247d25: new RaftServerImpl for group-68229F7D6B88:[5417499b-8247-461e-be10-1b45bf247d25:192.168.36.99:43697] with ContainerStateMachine:uninitialized
2019-09-20 14:16:57,604 [pool-303-thread-1] INFO  server.RaftServerConfigKeys (ConfUtils.java:logGet(43)) - raft.server.rpc.timeout.min = 5s (custom)
2019-09-20 14:16:57,604 [pool-303-thread-1] INFO  server.RaftServerConfigKeys (ConfUtils.java:logGet(43)) - raft.server.rpc.timeout.max = 5200ms (custom)
2019-09-20 14:16:57,604 [pool-303-thread-1] INFO  server.RaftServerConfigKeys (ConfUtils.java:logGet(43)) - raft.server.rpcslowness.timeout = 120s (custom)
2019-09-20 14:16:57,604 [pool-303-thread-1] INFO  server.RaftServerConfigKeys (ConfUtils.java:logGet(43)) - raft.server.sleep.deviation.threshold = 300 (default)
2019-09-20 14:16:57,604 [pool-303-thread-1] INFO  server.RaftServerConfigKeys (ConfUtils.java:logGet(43)) - raft.server.log.appender.install.snapshot.enabled = false (custom)
2019-09-20 14:16:57,604 [pool-303-thread-1] INFO  impl.RaftServerImpl (ServerState.java:<init>(105)) - 5417499b-8247-461e-be10-1b45bf247d25:group-68229F7D6B88 ConfigurationManager, init=-1: [5417499b-8247-461e-be10-1b45bf247d25:192.168.36.99:43697], old=null, confs=<EMPTY_MAP>
2019-09-20 14:16:57,605 [pool-303-thread-1] INFO  server.RaftServerConfigKeys (ConfUtils.java:logGet(43)) - raft.server.storage.dir = [/workdir/hadoop-ozone/ozonefs/target/test-dir/MiniOzoneClusterImpl-a6efaa66-6ca1-47a3-8b50-c5fe67a1a9f1/datanode-1/data/ratis] (custom)
2019-09-20 14:16:57,605 [pool-303-thread-1] INFO  storage.RaftStorageDirectory (RaftStorageDirectory.java:analyzeStorage(246)) - The storage directory /workdir/hadoop-ozone/ozonefs/target/test-dir/MiniOzoneClusterImpl-a6efaa66-6ca1-47a3-8b50-c5fe67a1a9f1/datanode-1/data/ratis/95cbde8c-f224-4fda-bfea-68229f7d6b88 does not exist. Creating ...
2019-09-20 14:16:57,660 [pool-303-thread-1] INFO  storage.RaftStorageDirectory (RaftStorageDirectory.java:tryLock(328)) - Lock on /workdir/hadoop-ozone/ozonefs/target/test-dir/MiniOzoneClusterImpl-a6efaa66-6ca1-47a3-8b50-c5fe67a1a9f1/datanode-1/data/ratis/95cbde8c-f224-4fda-bfea-68229f7d6b88/in_use.lock acquired by nodename 5474@pr-hdds-1569-p5fx8-1226042367
2019-09-20 14:16:57,694 [pool-303-thread-1] INFO  storage.RaftStorage (RaftStorage.java:format(72)) - Storage directory /workdir/hadoop-ozone/ozonefs/target/test-dir/MiniOzoneClusterImpl-a6efaa66-6ca1-47a3-8b50-c5fe67a1a9f1/datanode-1/data/ratis/95cbde8c-f224-4fda-bfea-68229f7d6b88 has been successfully formatted.
2019-09-20 14:16:57,694 [pool-303-thread-1] INFO  ratis.ContainerStateMachine (ContainerStateMachine.java:loadSnapshot(226)) - group-68229F7D6B88: The snapshot info is null. Setting the last applied indexto:(t:0, i:~)
2019-09-20 14:16:57,695 [pool-303-thread-1] INFO  server.RaftServerConfigKeys (ConfUtils.java:logGet(43)) - raft.server.leader.election.timeout = 120s (custom)
2019-09-20 14:16:57,695 [pool-303-thread-1] INFO  server.RaftServerConfigKeys (ConfUtils.java:logGet(43)) - raft.server.log.use.memory = false (default)
2019-09-20 14:16:57,695 [pool-303-thread-1] INFO  server.RaftServerConfigKeys (ConfUtils.java:logGet(43)) - raft.server.log.purge.gap = 1000000 (custom)
2019-09-20 14:16:57,695 [pool-303-thread-1] INFO  server.RaftServerConfigKeys (ConfUtils.java:logGet(43)) - raft.server.log.appender.buffer.byte-limit = 33554432 (custom)
2019-09-20 14:16:57,695 [pool-303-thread-1] INFO  server.RaftServerConfigKeys (ConfUtils.java:logGet(43)) - raft.server.log.segment.size.max = 1048576 (custom)
2019-09-20 14:16:57,695 [pool-303-thread-1] INFO  server.RaftServerConfigKeys (ConfUtils.java:logGet(43)) - raft.server.log.segment.cache.num.max = 2 (custom)
2019-09-20 14:16:57,695 [pool-303-thread-1] INFO  segmented.SegmentedRaftLogWorker (SegmentedRaftLogWorker.java:<init>(172)) - new 5417499b-8247-461e-be10-1b45bf247d25-SegmentedRaftLogWorker:Storage Directory /workdir/hadoop-ozone/ozonefs/target/test-dir/MiniOzoneClusterImpl-a6efaa66-6ca1-47a3-8b50-c5fe67a1a9f1/datanode-1/data/ratis/95cbde8c-f224-4fda-bfea-68229f7d6b88 for RaftStorage:Storage Directory /workdir/hadoop-ozone/ozonefs/target/test-dir/MiniOzoneClusterImpl-a6efaa66-6ca1-47a3-8b50-c5fe67a1a9f1/datanode-1/data/ratis/95cbde8c-f224-4fda-bfea-68229f7d6b88
2019-09-20 14:16:57,696 [pool-303-thread-1] INFO  server.RaftServerConfigKeys (ConfUtils.java:logGet(43)) - raft.server.log.queue.byte-limit = 2147483647 (custom)
2019-09-20 14:16:57,696 [pool-303-thread-1] INFO  server.RaftServerConfigKeys (ConfUtils.java:logGet(43)) - raft.server.log.queue.element-limit = 1024 (custom)
2019-09-20 14:16:57,696 [pool-303-thread-1] INFO  server.RaftServerConfigKeys (ConfUtils.java:logGet(43)) - raft.server.log.segment.size.max = 1048576 (custom)
2019-09-20 14:16:57,696 [pool-303-thread-1] INFO  server.RaftServerConfigKeys (ConfUtils.java:logGet(43)) - raft.server.log.preallocated.size = 16384 (custom)
2019-09-20 14:16:57,696 [pool-303-thread-1] INFO  server.RaftServerConfigKeys (ConfUtils.java:logGet(43)) - raft.server.log.write.buffer.size = 33554432 (custom)
2019-09-20 14:16:57,696 [pool-303-thread-1] INFO  server.RaftServerConfigKeys (ConfUtils.java:logGet(43)) - raft.server.log.force.sync.num = 128 (default)
2019-09-20 14:16:57,696 [pool-303-thread-1] INFO  server.RaftServerConfigKeys (ConfUtils.java:logGet(43)) - raft.server.log.statemachine.data.sync = true (default)
2019-09-20 14:16:57,697 [pool-303-thread-1] INFO  server.RaftServerConfigKeys (ConfUtils.java:logGet(43)) - raft.server.log.statemachine.data.sync.timeout = 10s (default)
2019-09-20 14:16:57,697 [pool-303-thread-1] INFO  server.RaftServerConfigKeys (ConfUtils.java:logGet(43)) - raft.server.log.statemachine.data.sync.timeout.retry = -1 (default)
2019-09-20 14:16:57,697 [pool-303-thread-1] INFO  server.RaftServerConfigKeys (ConfUtils.java:logGet(43)) - raft.server.log.statemachine.data.caching.enabled = true (custom)
2019-09-20 14:16:57,697 [pool-303-thread-1] INFO  segmented.SegmentedRaftLogWorker (SegmentedRaftLogWorker.java:lambda$new$0(132)) - 5417499b-8247-461e-be10-1b45bf247d25-SegmentedRaftLogWorker:Storage Directory /workdir/hadoop-ozone/ozonefs/target/test-dir/MiniOzoneClusterImpl-a6efaa66-6ca1-47a3-8b50-c5fe67a1a9f1/datanode-1/data/ratis/95cbde8c-f224-4fda-bfea-68229f7d6b88: flushIndex: setUnconditionally 0 -> -1
2019-09-20 14:16:57,698 [pool-303-thread-1] INFO  server.RaftServerConfigKeys (ConfUtils.java:logGet(43)) - raft.server.snapshot.auto.trigger.enabled = true (custom)
2019-09-20 14:16:57,698 [pool-303-thread-1] INFO  server.RaftServerConfigKeys (ConfUtils.java:logGet(43)) - raft.server.snapshot.auto.trigger.threshold = 10000 (custom)
2019-09-20 14:16:57,698 [pool-303-thread-1] INFO  server.RaftServerConfigKeys (ConfUtils.java:logGet(43)) - raft.server.retrycache.expirytime = 600000ms (custom)
2019-09-20 14:16:57,698 [pool-303-thread-1] INFO  impl.RaftServerImpl (RaftServerImpl.java:start(180)) - 5417499b-8247-461e-be10-1b45bf247d25: start group-68229F7D6B88
2019-09-20 14:16:57,698 [pool-303-thread-1] INFO  impl.RaftServerImpl (RaftServerImpl.java:setRole(171)) - 5417499b-8247-461e-be10-1b45bf247d25:group-68229F7D6B88 changes role from null to FOLLOWER at term 0 for startAsFollower
2019-09-20 14:16:57,698 [pool-303-thread-1] INFO  impl.RoleInfo (RoleInfo.java:updateAndGet(143)) - 5417499b-8247-461e-be10-1b45bf247d25: start FollowerState
2019-09-20 14:16:57,699 [pool-303-thread-1] INFO  util.JmxRegister (JmxRegister.java:tryRegister(44)) - Successfully registered JMX Bean with object name Ratis:service=RaftServer,group=group-68229F7D6B88,id=5417499b-8247-461e-be10-1b45bf247d25
2019-09-20 14:16:57,701 [RatisPipelineUtilsThread] INFO  pipeline.PipelineStateManager (PipelineStateManager.java:addPipeline(56)) - Created pipeline Pipeline[ Id: 95cbde8c-f224-4fda-bfea-68229f7d6b88, Nodes: 5417499b-8247-461e-be10-1b45bf247d25{ip: 192.168.36.99, host: pr-hdds-1569-p5fx8-1226042367, networkLocation: /default-rack, certSerialId: null}, Type:RATIS, Factor:ONE, State:OPEN]
2019-09-20 14:16:57,702 [RatisPipelineUtilsThread] INFO  pipeline.PipelinePlacementPolicy (PipelinePlacementPolicy.java:meetCriteria(91)) - Pipeline Placement: Doesn't meet the criteria to be viable node： 35085a69-c577-4be4-bc35-5cb4b1e64437 Heaviness: 6 limit: 5
2019-09-20 14:16:57,707 [grpc-default-executor-0] INFO  impl.RaftServerProxy (RaftServerProxy.java:addNew(89)) - 5417499b-8247-461e-be10-1b45bf247d25: addNew group-F9E625D07E23:[5417499b-8247-461e-be10-1b45bf247d25:192.168.36.99:43697] returns group-F9E625D07E23:java.util.concurrent.CompletableFuture@66b318c2[Not completed]
2019-09-20 14:16:57,708 [pool-303-thread-1] INFO  impl.RaftServerImpl (RaftServerImpl.java:<init>(93)) - 5417499b-8247-461e-be10-1b45bf247d25: new RaftServerImpl for group-F9E625D07E23:[5417499b-8247-461e-be10-1b45bf247d25:192.168.36.99:43697] with ContainerStateMachine:uninitialized
2019-09-20 14:16:57,708 [pool-303-thread-1] INFO  server.RaftServerConfigKeys (ConfUtils.java:logGet(43)) - raft.server.rpc.timeout.min = 5s (custom)
2019-09-20 14:16:57,708 [pool-303-thread-1] INFO  server.RaftServerConfigKeys (ConfUtils.java:logGet(43)) - raft.server.rpc.timeout.max = 5200ms (custom)
2019-09-20 14:16:57,708 [pool-303-thread-1] INFO  server.RaftServerConfigKeys (ConfUtils.java:logGet(43)) - raft.server.rpcslowness.timeout = 120s (custom)
2019-09-20 14:16:57,708 [pool-303-thread-1] INFO  server.RaftServerConfigKeys (ConfUtils.java:logGet(43)) - raft.server.sleep.deviation.threshold = 300 (default)
2019-09-20 14:16:57,708 [pool-303-thread-1] INFO  server.RaftServerConfigKeys (ConfUtils.java:logGet(43)) - raft.server.log.appender.install.snapshot.enabled = false (custom)
2019-09-20 14:16:57,708 [pool-303-thread-1] INFO  impl.RaftServerImpl (ServerState.java:<init>(105)) - 5417499b-8247-461e-be10-1b45bf247d25:group-F9E625D07E23 ConfigurationManager, init=-1: [5417499b-8247-461e-be10-1b45bf247d25:192.168.36.99:43697], old=null, confs=<EMPTY_MAP>
2019-09-20 14:16:57,708 [pool-303-thread-1] INFO  server.RaftServerConfigKeys (ConfUtils.java:logGet(43)) - raft.server.storage.dir = [/workdir/hadoop-ozone/ozonefs/target/test-dir/MiniOzoneClusterImpl-a6efaa66-6ca1-47a3-8b50-c5fe67a1a9f1/datanode-1/data/ratis] (custom)
2019-09-20 14:16:57,709 [pool-303-thread-1] INFO  storage.RaftStorageDirectory (RaftStorageDirectory.java:analyzeStorage(246)) - The storage directory /workdir/hadoop-ozone/ozonefs/target/test-dir/MiniOzoneClusterImpl-a6efaa66-6ca1-47a3-8b50-c5fe67a1a9f1/datanode-1/data/ratis/946b76ec-79fa-4f0a-963d-f9e625d07e23 does not exist. Creating ...
2019-09-20 14:16:57,728 [pool-303-thread-1] INFO  storage.RaftStorageDirectory (RaftStorageDirectory.java:tryLock(328)) - Lock on /workdir/hadoop-ozone/ozonefs/target/test-dir/MiniOzoneClusterImpl-a6efaa66-6ca1-47a3-8b50-c5fe67a1a9f1/datanode-1/data/ratis/946b76ec-79fa-4f0a-963d-f9e625d07e23/in_use.lock acquired by nodename 5474@pr-hdds-1569-p5fx8-1226042367
2019-09-20 14:16:57,753 [pool-303-thread-1] INFO  storage.RaftStorage (RaftStorage.java:format(72)) - Storage directory /workdir/hadoop-ozone/ozonefs/target/test-dir/MiniOzoneClusterImpl-a6efaa66-6ca1-47a3-8b50-c5fe67a1a9f1/datanode-1/data/ratis/946b76ec-79fa-4f0a-963d-f9e625d07e23 has been successfully formatted.
2019-09-20 14:16:57,753 [pool-303-thread-1] INFO  ratis.ContainerStateMachine (ContainerStateMachine.java:loadSnapshot(226)) - group-F9E625D07E23: The snapshot info is null. Setting the last applied indexto:(t:0, i:~)
2019-09-20 14:16:57,754 [pool-303-thread-1] INFO  server.RaftServerConfigKeys (ConfUtils.java:logGet(43)) - raft.server.leader.election.timeout = 120s (custom)
2019-09-20 14:16:57,754 [pool-303-thread-1] INFO  server.RaftServerConfigKeys (ConfUtils.java:logGet(43)) - raft.server.log.use.memory = false (default)
2019-09-20 14:16:57,754 [pool-303-thread-1] INFO  server.RaftServerConfigKeys (ConfUtils.java:logGet(43)) - raft.server.log.purge.gap = 1000000 (custom)
2019-09-20 14:16:57,754 [pool-303-thread-1] INFO  server.RaftServerConfigKeys (ConfUtils.java:logGet(43)) - raft.server.log.appender.buffer.byte-limit = 33554432 (custom)
2019-09-20 14:16:57,754 [pool-303-thread-1] INFO  server.RaftServerConfigKeys (ConfUtils.java:logGet(43)) - raft.server.log.segment.size.max = 1048576 (custom)
2019-09-20 14:16:57,755 [pool-303-thread-1] INFO  server.RaftServerConfigKeys (ConfUtils.java:logGet(43)) - raft.server.log.segment.cache.num.max = 2 (custom)
2019-09-20 14:16:57,755 [pool-303-thread-1] INFO  segmented.SegmentedRaftLogWorker (SegmentedRaftLogWorker.java:<init>(172)) - new 5417499b-8247-461e-be10-1b45bf247d25-SegmentedRaftLogWorker:Storage Directory /workdir/hadoop-ozone/ozonefs/target/test-dir/MiniOzoneClusterImpl-a6efaa66-6ca1-47a3-8b50-c5fe67a1a9f1/datanode-1/data/ratis/946b76ec-79fa-4f0a-963d-f9e625d07e23 for RaftStorage:Storage Directory /workdir/hadoop-ozone/ozonefs/target/test-dir/MiniOzoneClusterImpl-a6efaa66-6ca1-47a3-8b50-c5fe67a1a9f1/datanode-1/data/ratis/946b76ec-79fa-4f0a-963d-f9e625d07e23
2019-09-20 14:16:57,755 [pool-303-thread-1] INFO  server.RaftServerConfigKeys (ConfUtils.java:logGet(43)) - raft.server.log.queue.byte-limit = 2147483647 (custom)
2019-09-20 14:16:57,755 [pool-303-thread-1] INFO  server.RaftServerConfigKeys (ConfUtils.java:logGet(43)) - raft.server.log.queue.element-limit = 1024 (custom)
2019-09-20 14:16:57,755 [pool-303-thread-1] INFO  server.RaftServerConfigKeys (ConfUtils.java:logGet(43)) - raft.server.log.segment.size.max = 1048576 (custom)
2019-09-20 14:16:57,755 [pool-303-thread-1] INFO  server.RaftServerConfigKeys (ConfUtils.java:logGet(43)) - raft.server.log.preallocated.size = 16384 (custom)
2019-09-20 14:16:57,756 [pool-303-thread-1] INFO  server.RaftServerConfigKeys (ConfUtils.java:logGet(43)) - raft.server.log.write.buffer.size = 33554432 (custom)
2019-09-20 14:16:57,756 [pool-303-thread-1] INFO  server.RaftServerConfigKeys (ConfUtils.java:logGet(43)) - raft.server.log.force.sync.num = 128 (default)
2019-09-20 14:16:57,756 [pool-303-thread-1] INFO  server.RaftServerConfigKeys (ConfUtils.java:logGet(43)) - raft.server.log.statemachine.data.sync = true (default)
2019-09-20 14:16:57,756 [pool-303-thread-1] INFO  server.RaftServerConfigKeys (ConfUtils.java:logGet(43)) - raft.server.log.statemachine.data.sync.timeout = 10s (default)
2019-09-20 14:16:57,756 [pool-303-thread-1] INFO  server.RaftServerConfigKeys (ConfUtils.java:logGet(43)) - raft.server.log.statemachine.data.sync.timeout.retry = -1 (default)
2019-09-20 14:16:57,756 [pool-303-thread-1] INFO  server.RaftServerConfigKeys (ConfUtils.java:logGet(43)) - raft.server.log.statemachine.data.caching.enabled = true (custom)
2019-09-20 14:16:57,757 [pool-303-thread-1] INFO  segmented.SegmentedRaftLogWorker (SegmentedRaftLogWorker.java:lambda$new$0(132)) - 5417499b-8247-461e-be10-1b45bf247d25-SegmentedRaftLogWorker:Storage Directory /workdir/hadoop-ozone/ozonefs/target/test-dir/MiniOzoneClusterImpl-a6efaa66-6ca1-47a3-8b50-c5fe67a1a9f1/datanode-1/data/ratis/946b76ec-79fa-4f0a-963d-f9e625d07e23: flushIndex: setUnconditionally 0 -> -1
2019-09-20 14:16:57,757 [pool-303-thread-1] INFO  server.RaftServerConfigKeys (ConfUtils.java:logGet(43)) - raft.server.snapshot.auto.trigger.enabled = true (custom)
2019-09-20 14:16:57,757 [pool-303-thread-1] INFO  server.RaftServerConfigKeys (ConfUtils.java:logGet(43)) - raft.server.snapshot.auto.trigger.threshold = 10000 (custom)
2019-09-20 14:16:57,758 [pool-303-thread-1] INFO  server.RaftServerConfigKeys (ConfUtils.java:logGet(43)) - raft.server.retrycache.expirytime = 600000ms (custom)
2019-09-20 14:16:57,758 [pool-303-thread-1] INFO  impl.RaftServerImpl (RaftServerImpl.java:start(180)) - 5417499b-8247-461e-be10-1b45bf247d25: start group-F9E625D07E23
2019-09-20 14:16:57,758 [pool-303-thread-1] INFO  impl.RaftServerImpl (RaftServerImpl.java:setRole(171)) - 5417499b-8247-461e-be10-1b45bf247d25:group-F9E625D07E23 changes role from null to FOLLOWER at term 0 for startAsFollower
2019-09-20 14:16:57,758 [pool-303-thread-1] INFO  impl.RoleInfo (RoleInfo.java:updateAndGet(143)) - 5417499b-8247-461e-be10-1b45bf247d25: start FollowerState
2019-09-20 14:16:57,759 [pool-303-thread-1] INFO  util.JmxRegister (JmxRegister.java:tryRegister(44)) - Successfully registered JMX Bean with object name Ratis:service=RaftServer,group=group-F9E625D07E23,id=5417499b-8247-461e-be10-1b45bf247d25
2019-09-20 14:16:57,761 [RatisPipelineUtilsThread] INFO  pipeline.PipelineStateManager (PipelineStateManager.java:addPipeline(56)) - Created pipeline Pipeline[ Id: 946b76ec-79fa-4f0a-963d-f9e625d07e23, Nodes: 5417499b-8247-461e-be10-1b45bf247d25{ip: 192.168.36.99, host: pr-hdds-1569-p5fx8-1226042367, networkLocation: /default-rack, certSerialId: null}, Type:RATIS, Factor:ONE, State:OPEN]
2019-09-20 14:16:57,761 [RatisPipelineUtilsThread] INFO  pipeline.PipelinePlacementPolicy (PipelinePlacementPolicy.java:meetCriteria(91)) - Pipeline Placement: Doesn't meet the criteria to be viable node： 5417499b-8247-461e-be10-1b45bf247d25 Heaviness: 6 limit: 5
2019-09-20 14:16:57,762 [RatisPipelineUtilsThread] INFO  pipeline.PipelinePlacementPolicy (PipelinePlacementPolicy.java:meetCriteria(91)) - Pipeline Placement: Doesn't meet the criteria to be viable node： 35085a69-c577-4be4-bc35-5cb4b1e64437 Heaviness: 6 limit: 5
2019-09-20 14:16:57,767 [grpc-default-executor-0] INFO  impl.RaftServerProxy (RaftServerProxy.java:addNew(89)) - f858022d-8b6c-40dd-9b02-9ee6db579943: addNew group-31C23DFCFCFD:[f858022d-8b6c-40dd-9b02-9ee6db579943:192.168.36.99:35753] returns group-31C23DFCFCFD:java.util.concurrent.CompletableFuture@58fd02d8[Not completed]
2019-09-20 14:16:57,768 [pool-314-thread-1] INFO  impl.RaftServerImpl (RaftServerImpl.java:<init>(93)) - f858022d-8b6c-40dd-9b02-9ee6db579943: new RaftServerImpl for group-31C23DFCFCFD:[f858022d-8b6c-40dd-9b02-9ee6db579943:192.168.36.99:35753] with ContainerStateMachine:uninitialized
2019-09-20 14:16:57,768 [pool-314-thread-1] INFO  server.RaftServerConfigKeys (ConfUtils.java:logGet(43)) - raft.server.rpc.timeout.min = 5s (custom)
2019-09-20 14:16:57,768 [pool-314-thread-1] INFO  server.RaftServerConfigKeys (ConfUtils.java:logGet(43)) - raft.server.rpc.timeout.max = 5200ms (custom)
2019-09-20 14:16:57,768 [pool-314-thread-1] INFO  server.RaftServerConfigKeys (ConfUtils.java:logGet(43)) - raft.server.rpcslowness.timeout = 120s (custom)
2019-09-20 14:16:57,768 [pool-314-thread-1] INFO  server.RaftServerConfigKeys (ConfUtils.java:logGet(43)) - raft.server.sleep.deviation.threshold = 300 (default)
2019-09-20 14:16:57,768 [pool-314-thread-1] INFO  server.RaftServerConfigKeys (ConfUtils.java:logGet(43)) - raft.server.log.appender.install.snapshot.enabled = false (custom)
2019-09-20 14:16:57,768 [pool-314-thread-1] INFO  impl.RaftServerImpl (ServerState.java:<init>(105)) - f858022d-8b6c-40dd-9b02-9ee6db579943:group-31C23DFCFCFD ConfigurationManager, init=-1: [f858022d-8b6c-40dd-9b02-9ee6db579943:192.168.36.99:35753], old=null, confs=<EMPTY_MAP>
2019-09-20 14:16:57,768 [pool-314-thread-1] INFO  server.RaftServerConfigKeys (ConfUtils.java:logGet(43)) - raft.server.storage.dir = [/workdir/hadoop-ozone/ozonefs/target/test-dir/MiniOzoneClusterImpl-a6efaa66-6ca1-47a3-8b50-c5fe67a1a9f1/datanode-2/data/ratis] (custom)
2019-09-20 14:16:57,769 [pool-314-thread-1] INFO  storage.RaftStorageDirectory (RaftStorageDirectory.java:analyzeStorage(246)) - The storage directory /workdir/hadoop-ozone/ozonefs/target/test-dir/MiniOzoneClusterImpl-a6efaa66-6ca1-47a3-8b50-c5fe67a1a9f1/datanode-2/data/ratis/e942deb7-4504-4b0d-b6df-31c23dfcfcfd does not exist. Creating ...
2019-09-20 14:16:57,787 [pool-314-thread-1] INFO  storage.RaftStorageDirectory (RaftStorageDirectory.java:tryLock(328)) - Lock on /workdir/hadoop-ozone/ozonefs/target/test-dir/MiniOzoneClusterImpl-a6efaa66-6ca1-47a3-8b50-c5fe67a1a9f1/datanode-2/data/ratis/e942deb7-4504-4b0d-b6df-31c23dfcfcfd/in_use.lock acquired by nodename 5474@pr-hdds-1569-p5fx8-1226042367
2019-09-20 14:16:57,812 [pool-314-thread-1] INFO  storage.RaftStorage (RaftStorage.java:format(72)) - Storage directory /workdir/hadoop-ozone/ozonefs/target/test-dir/MiniOzoneClusterImpl-a6efaa66-6ca1-47a3-8b50-c5fe67a1a9f1/datanode-2/data/ratis/e942deb7-4504-4b0d-b6df-31c23dfcfcfd has been successfully formatted.
2019-09-20 14:16:57,812 [pool-314-thread-1] INFO  ratis.ContainerStateMachine (ContainerStateMachine.java:loadSnapshot(226)) - group-31C23DFCFCFD: The snapshot info is null. Setting the last applied indexto:(t:0, i:~)
2019-09-20 14:16:57,813 [pool-314-thread-1] INFO  server.RaftServerConfigKeys (ConfUtils.java:logGet(43)) - raft.server.leader.election.timeout = 120s (custom)
2019-09-20 14:16:57,813 [pool-314-thread-1] INFO  server.RaftServerConfigKeys (ConfUtils.java:logGet(43)) - raft.server.log.use.memory = false (default)
2019-09-20 14:16:57,813 [pool-314-thread-1] INFO  server.RaftServerConfigKeys (ConfUtils.java:logGet(43)) - raft.server.log.purge.gap = 1000000 (custom)
2019-09-20 14:16:57,813 [pool-314-thread-1] INFO  server.RaftServerConfigKeys (ConfUtils.java:logGet(43)) - raft.server.log.appender.buffer.byte-limit = 33554432 (custom)
2019-09-20 14:16:57,813 [pool-314-thread-1] INFO  server.RaftServerConfigKeys (ConfUtils.java:logGet(43)) - raft.server.log.segment.size.max = 1048576 (custom)
2019-09-20 14:16:57,813 [pool-314-thread-1] INFO  server.RaftServerConfigKeys (ConfUtils.java:logGet(43)) - raft.server.log.segment.cache.num.max = 2 (custom)
2019-09-20 14:16:57,813 [pool-314-thread-1] INFO  segmented.SegmentedRaftLogWorker (SegmentedRaftLogWorker.java:<init>(172)) - new f858022d-8b6c-40dd-9b02-9ee6db579943-SegmentedRaftLogWorker:Storage Directory /workdir/hadoop-ozone/ozonefs/target/test-dir/MiniOzoneClusterImpl-a6efaa66-6ca1-47a3-8b50-c5fe67a1a9f1/datanode-2/data/ratis/e942deb7-4504-4b0d-b6df-31c23dfcfcfd for RaftStorage:Storage Directory /workdir/hadoop-ozone/ozonefs/target/test-dir/MiniOzoneClusterImpl-a6efaa66-6ca1-47a3-8b50-c5fe67a1a9f1/datanode-2/data/ratis/e942deb7-4504-4b0d-b6df-31c23dfcfcfd
2019-09-20 14:16:57,814 [pool-314-thread-1] INFO  server.RaftServerConfigKeys (ConfUtils.java:logGet(43)) - raft.server.log.queue.byte-limit = 2147483647 (custom)
2019-09-20 14:16:57,814 [pool-314-thread-1] INFO  server.RaftServerConfigKeys (ConfUtils.java:logGet(43)) - raft.server.log.queue.element-limit = 1024 (custom)
2019-09-20 14:16:57,814 [pool-314-thread-1] INFO  server.RaftServerConfigKeys (ConfUtils.java:logGet(43)) - raft.server.log.segment.size.max = 1048576 (custom)
2019-09-20 14:16:57,814 [pool-314-thread-1] INFO  server.RaftServerConfigKeys (ConfUtils.java:logGet(43)) - raft.server.log.preallocated.size = 16384 (custom)
2019-09-20 14:16:57,814 [pool-314-thread-1] INFO  server.RaftServerConfigKeys (ConfUtils.java:logGet(43)) - raft.server.log.write.buffer.size = 33554432 (custom)
2019-09-20 14:16:57,814 [pool-314-thread-1] INFO  server.RaftServerConfigKeys (ConfUtils.java:logGet(43)) - raft.server.log.force.sync.num = 128 (default)
2019-09-20 14:16:57,815 [pool-314-thread-1] INFO  server.RaftServerConfigKeys (ConfUtils.java:logGet(43)) - raft.server.log.statemachine.data.sync = true (default)
2019-09-20 14:16:57,815 [pool-314-thread-1] INFO  server.RaftServerConfigKeys (ConfUtils.java:logGet(43)) - raft.server.log.statemachine.data.sync.timeout = 10s (default)
2019-09-20 14:16:57,815 [pool-314-thread-1] INFO  server.RaftServerConfigKeys (ConfUtils.java:logGet(43)) - raft.server.log.statemachine.data.sync.timeout.retry = -1 (default)
2019-09-20 14:16:57,815 [pool-314-thread-1] INFO  server.RaftServerConfigKeys (ConfUtils.java:logGet(43)) - raft.server.log.statemachine.data.caching.enabled = true (custom)
2019-09-20 14:16:57,815 [pool-314-thread-1] INFO  segmented.SegmentedRaftLogWorker (SegmentedRaftLogWorker.java:lambda$new$0(132)) - f858022d-8b6c-40dd-9b02-9ee6db579943-SegmentedRaftLogWorker:Storage Directory /workdir/hadoop-ozone/ozonefs/target/test-dir/MiniOzoneClusterImpl-a6efaa66-6ca1-47a3-8b50-c5fe67a1a9f1/datanode-2/data/ratis/e942deb7-4504-4b0d-b6df-31c23dfcfcfd: flushIndex: setUnconditionally 0 -> -1
2019-09-20 14:16:57,816 [pool-314-thread-1] INFO  server.RaftServerConfigKeys (ConfUtils.java:logGet(43)) - raft.server.snapshot.auto.trigger.enabled = true (custom)
2019-09-20 14:16:57,816 [pool-314-thread-1] INFO  server.RaftServerConfigKeys (ConfUtils.java:logGet(43)) - raft.server.snapshot.auto.trigger.threshold = 10000 (custom)
2019-09-20 14:16:57,816 [pool-314-thread-1] INFO  server.RaftServerConfigKeys (ConfUtils.java:logGet(43)) - raft.server.retrycache.expirytime = 600000ms (custom)
2019-09-20 14:16:57,816 [pool-314-thread-1] INFO  impl.RaftServerImpl (RaftServerImpl.java:start(180)) - f858022d-8b6c-40dd-9b02-9ee6db579943: start group-31C23DFCFCFD
2019-09-20 14:16:57,816 [pool-314-thread-1] INFO  impl.RaftServerImpl (RaftServerImpl.java:setRole(171)) - f858022d-8b6c-40dd-9b02-9ee6db579943:group-31C23DFCFCFD changes role from null to FOLLOWER at term 0 for startAsFollower
2019-09-20 14:16:57,817 [pool-314-thread-1] INFO  impl.RoleInfo (RoleInfo.java:updateAndGet(143)) - f858022d-8b6c-40dd-9b02-9ee6db579943: start FollowerState
2019-09-20 14:16:57,817 [pool-314-thread-1] INFO  util.JmxRegister (JmxRegister.java:tryRegister(44)) - Successfully registered JMX Bean with object name Ratis:service=RaftServer,group=group-31C23DFCFCFD,id=f858022d-8b6c-40dd-9b02-9ee6db579943
2019-09-20 14:16:57,820 [RatisPipelineUtilsThread] INFO  pipeline.PipelineStateManager (PipelineStateManager.java:addPipeline(56)) - Created pipeline Pipeline[ Id: e942deb7-4504-4b0d-b6df-31c23dfcfcfd, Nodes: f858022d-8b6c-40dd-9b02-9ee6db579943{ip: 192.168.36.99, host: pr-hdds-1569-p5fx8-1226042367, networkLocation: /default-rack, certSerialId: null}, Type:RATIS, Factor:ONE, State:OPEN]
2019-09-20 14:16:57,821 [RatisPipelineUtilsThread] INFO  pipeline.PipelinePlacementPolicy (PipelinePlacementPolicy.java:meetCriteria(91)) - Pipeline Placement: Doesn't meet the criteria to be viable node： 5417499b-8247-461e-be10-1b45bf247d25 Heaviness: 6 limit: 5
2019-09-20 14:16:57,821 [RatisPipelineUtilsThread] INFO  pipeline.PipelinePlacementPolicy (PipelinePlacementPolicy.java:meetCriteria(91)) - Pipeline Placement: Doesn't meet the criteria to be viable node： 35085a69-c577-4be4-bc35-5cb4b1e64437 Heaviness: 6 limit: 5
2019-09-20 14:16:57,827 [grpc-default-executor-0] INFO  impl.RaftServerProxy (RaftServerProxy.java:addNew(89)) - f858022d-8b6c-40dd-9b02-9ee6db579943: addNew group-635D868E2231:[f858022d-8b6c-40dd-9b02-9ee6db579943:192.168.36.99:35753] returns group-635D868E2231:java.util.concurrent.CompletableFuture@72100664[Not completed]
2019-09-20 14:16:57,828 [pool-314-thread-1] INFO  impl.RaftServerImpl (RaftServerImpl.java:<init>(93)) - f858022d-8b6c-40dd-9b02-9ee6db579943: new RaftServerImpl for group-635D868E2231:[f858022d-8b6c-40dd-9b02-9ee6db579943:192.168.36.99:35753] with ContainerStateMachine:uninitialized
2019-09-20 14:16:57,828 [pool-314-thread-1] INFO  server.RaftServerConfigKeys (ConfUtils.java:logGet(43)) - raft.server.rpc.timeout.min = 5s (custom)
2019-09-20 14:16:57,828 [pool-314-thread-1] INFO  server.RaftServerConfigKeys (ConfUtils.java:logGet(43)) - raft.server.rpc.timeout.max = 5200ms (custom)
2019-09-20 14:16:57,828 [pool-314-thread-1] INFO  server.RaftServerConfigKeys (ConfUtils.java:logGet(43)) - raft.server.rpcslowness.timeout = 120s (custom)
2019-09-20 14:16:57,828 [pool-314-thread-1] INFO  server.RaftServerConfigKeys (ConfUtils.java:logGet(43)) - raft.server.sleep.deviation.threshold = 300 (default)
2019-09-20 14:16:57,829 [pool-314-thread-1] INFO  server.RaftServerConfigKeys (ConfUtils.java:logGet(43)) - raft.server.log.appender.install.snapshot.enabled = false (custom)
2019-09-20 14:16:57,829 [pool-314-thread-1] INFO  impl.RaftServerImpl (ServerState.java:<init>(105)) - f858022d-8b6c-40dd-9b02-9ee6db579943:group-635D868E2231 ConfigurationManager, init=-1: [f858022d-8b6c-40dd-9b02-9ee6db579943:192.168.36.99:35753], old=null, confs=<EMPTY_MAP>
2019-09-20 14:16:57,829 [pool-314-thread-1] INFO  server.RaftServerConfigKeys (ConfUtils.java:logGet(43)) - raft.server.storage.dir = [/workdir/hadoop-ozone/ozonefs/target/test-dir/MiniOzoneClusterImpl-a6efaa66-6ca1-47a3-8b50-c5fe67a1a9f1/datanode-2/data/ratis] (custom)
2019-09-20 14:16:57,829 [pool-314-thread-1] INFO  storage.RaftStorageDirectory (RaftStorageDirectory.java:analyzeStorage(246)) - The storage directory /workdir/hadoop-ozone/ozonefs/target/test-dir/MiniOzoneClusterImpl-a6efaa66-6ca1-47a3-8b50-c5fe67a1a9f1/datanode-2/data/ratis/a2d2c12f-1c86-4b1d-8ac3-635d868e2231 does not exist. Creating ...
2019-09-20 14:16:57,854 [pool-314-thread-1] INFO  storage.RaftStorageDirectory (RaftStorageDirectory.java:tryLock(328)) - Lock on /workdir/hadoop-ozone/ozonefs/target/test-dir/MiniOzoneClusterImpl-a6efaa66-6ca1-47a3-8b50-c5fe67a1a9f1/datanode-2/data/ratis/a2d2c12f-1c86-4b1d-8ac3-635d868e2231/in_use.lock acquired by nodename 5474@pr-hdds-1569-p5fx8-1226042367
2019-09-20 14:16:57,913 [pool-314-thread-1] INFO  storage.RaftStorage (RaftStorage.java:format(72)) - Storage directory /workdir/hadoop-ozone/ozonefs/target/test-dir/MiniOzoneClusterImpl-a6efaa66-6ca1-47a3-8b50-c5fe67a1a9f1/datanode-2/data/ratis/a2d2c12f-1c86-4b1d-8ac3-635d868e2231 has been successfully formatted.
2019-09-20 14:16:57,913 [pool-314-thread-1] INFO  ratis.ContainerStateMachine (ContainerStateMachine.java:loadSnapshot(226)) - group-635D868E2231: The snapshot info is null. Setting the last applied indexto:(t:0, i:~)
2019-09-20 14:16:57,913 [pool-314-thread-1] INFO  server.RaftServerConfigKeys (ConfUtils.java:logGet(43)) - raft.server.leader.election.timeout = 120s (custom)
2019-09-20 14:16:57,914 [pool-314-thread-1] INFO  server.RaftServerConfigKeys (ConfUtils.java:logGet(43)) - raft.server.log.use.memory = false (default)
2019-09-20 14:16:57,914 [pool-314-thread-1] INFO  server.RaftServerConfigKeys (ConfUtils.java:logGet(43)) - raft.server.log.purge.gap = 1000000 (custom)
2019-09-20 14:16:57,914 [pool-314-thread-1] INFO  server.RaftServerConfigKeys (ConfUtils.java:logGet(43)) - raft.server.log.appender.buffer.byte-limit = 33554432 (custom)
2019-09-20 14:16:57,914 [pool-314-thread-1] INFO  server.RaftServerConfigKeys (ConfUtils.java:logGet(43)) - raft.server.log.segment.size.max = 1048576 (custom)
2019-09-20 14:16:57,914 [pool-314-thread-1] INFO  server.RaftServerConfigKeys (ConfUtils.java:logGet(43)) - raft.server.log.segment.cache.num.max = 2 (custom)
2019-09-20 14:16:57,914 [pool-314-thread-1] INFO  segmented.SegmentedRaftLogWorker (SegmentedRaftLogWorker.java:<init>(172)) - new f858022d-8b6c-40dd-9b02-9ee6db579943-SegmentedRaftLogWorker:Storage Directory /workdir/hadoop-ozone/ozonefs/target/test-dir/MiniOzoneClusterImpl-a6efaa66-6ca1-47a3-8b50-c5fe67a1a9f1/datanode-2/data/ratis/a2d2c12f-1c86-4b1d-8ac3-635d868e2231 for RaftStorage:Storage Directory /workdir/hadoop-ozone/ozonefs/target/test-dir/MiniOzoneClusterImpl-a6efaa66-6ca1-47a3-8b50-c5fe67a1a9f1/datanode-2/data/ratis/a2d2c12f-1c86-4b1d-8ac3-635d868e2231
2019-09-20 14:16:57,915 [pool-314-thread-1] INFO  server.RaftServerConfigKeys (ConfUtils.java:logGet(43)) - raft.server.log.queue.byte-limit = 2147483647 (custom)
2019-09-20 14:16:57,915 [pool-314-thread-1] INFO  server.RaftServerConfigKeys (ConfUtils.java:logGet(43)) - raft.server.log.queue.element-limit = 1024 (custom)
2019-09-20 14:16:57,915 [pool-314-thread-1] INFO  server.RaftServerConfigKeys (ConfUtils.java:logGet(43)) - raft.server.log.segment.size.max = 1048576 (custom)
2019-09-20 14:16:57,915 [pool-314-thread-1] INFO  server.RaftServerConfigKeys (ConfUtils.java:logGet(43)) - raft.server.log.preallocated.size = 16384 (custom)
2019-09-20 14:16:57,915 [pool-314-thread-1] INFO  server.RaftServerConfigKeys (ConfUtils.java:logGet(43)) - raft.server.log.write.buffer.size = 33554432 (custom)
2019-09-20 14:16:57,915 [pool-314-thread-1] INFO  server.RaftServerConfigKeys (ConfUtils.java:logGet(43)) - raft.server.log.force.sync.num = 128 (default)
2019-09-20 14:16:57,916 [pool-314-thread-1] INFO  server.RaftServerConfigKeys (ConfUtils.java:logGet(43)) - raft.server.log.statemachine.data.sync = true (default)
2019-09-20 14:16:57,916 [pool-314-thread-1] INFO  server.RaftServerConfigKeys (ConfUtils.java:logGet(43)) - raft.server.log.statemachine.data.sync.timeout = 10s (default)
2019-09-20 14:16:57,916 [pool-314-thread-1] INFO  server.RaftServerConfigKeys (ConfUtils.java:logGet(43)) - raft.server.log.statemachine.data.sync.timeout.retry = -1 (default)
2019-09-20 14:16:57,916 [pool-314-thread-1] INFO  server.RaftServerConfigKeys (ConfUtils.java:logGet(43)) - raft.server.log.statemachine.data.caching.enabled = true (custom)
2019-09-20 14:16:57,916 [pool-314-thread-1] INFO  segmented.SegmentedRaftLogWorker (SegmentedRaftLogWorker.java:lambda$new$0(132)) - f858022d-8b6c-40dd-9b02-9ee6db579943-SegmentedRaftLogWorker:Storage Directory /workdir/hadoop-ozone/ozonefs/target/test-dir/MiniOzoneClusterImpl-a6efaa66-6ca1-47a3-8b50-c5fe67a1a9f1/datanode-2/data/ratis/a2d2c12f-1c86-4b1d-8ac3-635d868e2231: flushIndex: setUnconditionally 0 -> -1
2019-09-20 14:16:57,917 [pool-314-thread-1] INFO  server.RaftServerConfigKeys (ConfUtils.java:logGet(43)) - raft.server.snapshot.auto.trigger.enabled = true (custom)
2019-09-20 14:16:57,917 [pool-314-thread-1] INFO  server.RaftServerConfigKeys (ConfUtils.java:logGet(43)) - raft.server.snapshot.auto.trigger.threshold = 10000 (custom)
2019-09-20 14:16:57,917 [pool-314-thread-1] INFO  server.RaftServerConfigKeys (ConfUtils.java:logGet(43)) - raft.server.retrycache.expirytime = 600000ms (custom)
2019-09-20 14:16:57,917 [pool-314-thread-1] INFO  impl.RaftServerImpl (RaftServerImpl.java:start(180)) - f858022d-8b6c-40dd-9b02-9ee6db579943: start group-635D868E2231
2019-09-20 14:16:57,918 [pool-314-thread-1] INFO  impl.RaftServerImpl (RaftServerImpl.java:setRole(171)) - f858022d-8b6c-40dd-9b02-9ee6db579943:group-635D868E2231 changes role from null to FOLLOWER at term 0 for startAsFollower
2019-09-20 14:16:57,918 [pool-314-thread-1] INFO  impl.RoleInfo (RoleInfo.java:updateAndGet(143)) - f858022d-8b6c-40dd-9b02-9ee6db579943: start FollowerState
2019-09-20 14:16:57,918 [pool-314-thread-1] INFO  util.JmxRegister (JmxRegister.java:tryRegister(44)) - Successfully registered JMX Bean with object name Ratis:service=RaftServer,group=group-635D868E2231,id=f858022d-8b6c-40dd-9b02-9ee6db579943
2019-09-20 14:16:57,921 [RatisPipelineUtilsThread] INFO  pipeline.PipelineStateManager (PipelineStateManager.java:addPipeline(56)) - Created pipeline Pipeline[ Id: a2d2c12f-1c86-4b1d-8ac3-635d868e2231, Nodes: f858022d-8b6c-40dd-9b02-9ee6db579943{ip: 192.168.36.99, host: pr-hdds-1569-p5fx8-1226042367, networkLocation: /default-rack, certSerialId: null}, Type:RATIS, Factor:ONE, State:OPEN]
2019-09-20 14:16:57,921 [RatisPipelineUtilsThread] INFO  pipeline.PipelinePlacementPolicy (PipelinePlacementPolicy.java:meetCriteria(91)) - Pipeline Placement: Doesn't meet the criteria to be viable node： 5417499b-8247-461e-be10-1b45bf247d25 Heaviness: 6 limit: 5
2019-09-20 14:16:57,922 [RatisPipelineUtilsThread] INFO  pipeline.PipelinePlacementPolicy (PipelinePlacementPolicy.java:meetCriteria(91)) - Pipeline Placement: Doesn't meet the criteria to be viable node： 35085a69-c577-4be4-bc35-5cb4b1e64437 Heaviness: 6 limit: 5
2019-09-20 14:16:57,922 [RatisPipelineUtilsThread] INFO  pipeline.PipelinePlacementPolicy (PipelinePlacementPolicy.java:meetCriteria(91)) - Pipeline Placement: Doesn't meet the criteria to be viable node： f858022d-8b6c-40dd-9b02-9ee6db579943 Heaviness: 6 limit: 5
2019-09-20 14:16:57,922 [RatisPipelineUtilsThread] ERROR pipeline.PipelinePlacementPolicy (PipelinePlacementPolicy.java:filterViableNodes(148)) - Unable to find enough nodes that meet the criteria that cannot engage in more than 5 pipelines. Nodes required: 1 Found: 0, healthy nodes count inNodeManager: 3.
2019-09-20 14:16:57,922 [RatisPipelineUtilsThread] ERROR pipeline.SCMPipelineManager (SCMPipelineManager.java:createPipeline(161)) - Pipeline creation failed due to exception: Unable to find enough nodes that meet the criteria that cannot engage in more than 5 pipelines. Nodes required: 1 Found: 0, healthy nodes count inNodeManager: 3.
2019-09-20 14:16:57,922 [RatisPipelineUtilsThread] INFO  pipeline.PipelinePlacementPolicy (PipelinePlacementPolicy.java:meetCriteria(91)) - Pipeline Placement: Doesn't meet the criteria to be viable node： 5417499b-8247-461e-be10-1b45bf247d25 Heaviness: 6 limit: 5
2019-09-20 14:16:57,923 [RatisPipelineUtilsThread] INFO  pipeline.PipelinePlacementPolicy (PipelinePlacementPolicy.java:meetCriteria(91)) - Pipeline Placement: Doesn't meet the criteria to be viable node： 35085a69-c577-4be4-bc35-5cb4b1e64437 Heaviness: 6 limit: 5
2019-09-20 14:16:57,923 [RatisPipelineUtilsThread] INFO  pipeline.PipelinePlacementPolicy (PipelinePlacementPolicy.java:meetCriteria(91)) - Pipeline Placement: Doesn't meet the criteria to be viable node： f858022d-8b6c-40dd-9b02-9ee6db579943 Heaviness: 6 limit: 5
2019-09-20 14:16:57,923 [RatisPipelineUtilsThread] ERROR pipeline.PipelinePlacementPolicy (PipelinePlacementPolicy.java:filterViableNodes(148)) - Unable to find enough nodes that meet the criteria that cannot engage in more than 5 pipelines. Nodes required: 3 Found: 0, healthy nodes count inNodeManager: 3.
2019-09-20 14:16:57,923 [RatisPipelineUtilsThread] ERROR pipeline.SCMPipelineManager (SCMPipelineManager.java:createPipeline(161)) - Pipeline creation failed due to exception: Unable to find enough nodes that meet the criteria that cannot engage in more than 5 pipelines. Nodes required: 3 Found: 0, healthy nodes count inNodeManager: 3.
2019-09-20 14:16:57,923 [RatisPipelineUtilsThread] INFO  pipeline.PipelinePlacementPolicy (PipelinePlacementPolicy.java:meetCriteria(91)) - Pipeline Placement: Doesn't meet the criteria to be viable node： 5417499b-8247-461e-be10-1b45bf247d25 Heaviness: 6 limit: 5
2019-09-20 14:16:57,923 [RatisPipelineUtilsThread] INFO  pipeline.PipelinePlacementPolicy (PipelinePlacementPolicy.java:meetCriteria(91)) - Pipeline Placement: Doesn't meet the criteria to be viable node： 35085a69-c577-4be4-bc35-5cb4b1e64437 Heaviness: 6 limit: 5
2019-09-20 14:16:57,924 [RatisPipelineUtilsThread] INFO  pipeline.PipelinePlacementPolicy (PipelinePlacementPolicy.java:meetCriteria(91)) - Pipeline Placement: Doesn't meet the criteria to be viable node： f858022d-8b6c-40dd-9b02-9ee6db579943 Heaviness: 6 limit: 5
2019-09-20 14:16:57,924 [RatisPipelineUtilsThread] ERROR pipeline.PipelinePlacementPolicy (PipelinePlacementPolicy.java:filterViableNodes(148)) - Unable to find enough nodes that meet the criteria that cannot engage in more than 5 pipelines. Nodes required: 1 Found: 0, healthy nodes count inNodeManager: 3.
2019-09-20 14:16:57,924 [RatisPipelineUtilsThread] ERROR pipeline.SCMPipelineManager (SCMPipelineManager.java:createPipeline(161)) - Pipeline creation failed due to exception: Unable to find enough nodes that meet the criteria that cannot engage in more than 5 pipelines. Nodes required: 1 Found: 0, healthy nodes count inNodeManager: 3.
2019-09-20 14:16:57,924 [RatisPipelineUtilsThread] INFO  pipeline.PipelinePlacementPolicy (PipelinePlacementPolicy.java:meetCriteria(91)) - Pipeline Placement: Doesn't meet the criteria to be viable node： 5417499b-8247-461e-be10-1b45bf247d25 Heaviness: 6 limit: 5
2019-09-20 14:16:57,924 [RatisPipelineUtilsThread] INFO  pipeline.PipelinePlacementPolicy (PipelinePlacementPolicy.java:meetCriteria(91)) - Pipeline Placement: Doesn't meet the criteria to be viable node： 35085a69-c577-4be4-bc35-5cb4b1e64437 Heaviness: 6 limit: 5
2019-09-20 14:16:57,924 [RatisPipelineUtilsThread] INFO  pipeline.PipelinePlacementPolicy (PipelinePlacementPolicy.java:meetCriteria(91)) - Pipeline Placement: Doesn't meet the criteria to be viable node： f858022d-8b6c-40dd-9b02-9ee6db579943 Heaviness: 6 limit: 5
2019-09-20 14:16:57,925 [RatisPipelineUtilsThread] ERROR pipeline.PipelinePlacementPolicy (PipelinePlacementPolicy.java:filterViableNodes(148)) - Unable to find enough nodes that meet the criteria that cannot engage in more than 5 pipelines. Nodes required: 3 Found: 0, healthy nodes count inNodeManager: 3.
2019-09-20 14:16:57,925 [RatisPipelineUtilsThread] ERROR pipeline.SCMPipelineManager (SCMPipelineManager.java:createPipeline(161)) - Pipeline creation failed due to exception: Unable to find enough nodes that meet the criteria that cannot engage in more than 5 pipelines. Nodes required: 3 Found: 0, healthy nodes count inNodeManager: 3.
2019-09-20 14:16:58,237 [Thread-1336] INFO  ozone.MiniOzoneClusterImpl (MiniOzoneClusterImpl.java:lambda$waitForClusterToBeReady$0(142)) - Cluster is ready. Got 3 of 3 DN Heartbeats.
2019-09-20 14:16:58,390 | INFO  | OMAudit | user=jenkins1000 | ip=127.0.0.1 | op=CREATE_VOLUME {admin=admin58304, owner=user62587, volume=volume43754, creationTime=1568989018388, quotaInBytes=1152921504606846976} | ret=SUCCESS |  
2019-09-20 14:16:58,399 | INFO  | OMAudit | user=jenkins1000 | ip=127.0.0.1 | op=CREATE_BUCKET {volume=volume43754, bucket=bucket67340, acls=[], isVersionEnabled=false, storageType=DISK, creationTime=0} | ret=SUCCESS |  
2019-09-20 14:16:58,418 | INFO  | OMAudit | user=jenkins1000 | ip=127.0.0.1 | op=READ_VOLUME {volume=volume43754} | ret=SUCCESS |  
2019-09-20 14:16:58,420 | INFO  | OMAudit | user=jenkins1000 | ip=127.0.0.1 | op=READ_BUCKET {volume=volume43754, bucket=bucket67340} | ret=SUCCESS |  
2019-09-20 14:16:58,442 [IPC Server handler 0 on 38139] INFO  pipeline.PipelinePlacementPolicy (PipelinePlacementPolicy.java:meetCriteria(91)) - Pipeline Placement: Doesn't meet the criteria to be viable node： 5417499b-8247-461e-be10-1b45bf247d25 Heaviness: 6 limit: 5
2019-09-20 14:16:58,442 [IPC Server handler 0 on 38139] INFO  pipeline.PipelinePlacementPolicy (PipelinePlacementPolicy.java:meetCriteria(91)) - Pipeline Placement: Doesn't meet the criteria to be viable node： 35085a69-c577-4be4-bc35-5cb4b1e64437 Heaviness: 6 limit: 5
2019-09-20 14:16:58,442 [IPC Server handler 0 on 38139] INFO  pipeline.PipelinePlacementPolicy (PipelinePlacementPolicy.java:meetCriteria(91)) - Pipeline Placement: Doesn't meet the criteria to be viable node： f858022d-8b6c-40dd-9b02-9ee6db579943 Heaviness: 6 limit: 5
2019-09-20 14:16:58,443 [IPC Server handler 0 on 38139] ERROR pipeline.PipelinePlacementPolicy (PipelinePlacementPolicy.java:filterViableNodes(148)) - Unable to find enough nodes that meet the criteria that cannot engage in more than 5 pipelines. Nodes required: 3 Found: 0, healthy nodes count inNodeManager: 3.
2019-09-20 14:16:58,443 [IPC Server handler 0 on 38139] ERROR pipeline.SCMPipelineManager (SCMPipelineManager.java:createPipeline(161)) - Pipeline creation failed due to exception: Unable to find enough nodes that meet the criteria that cannot engage in more than 5 pipelines. Nodes required: 3 Found: 0, healthy nodes count inNodeManager: 3.
2019-09-20 14:16:58,443 [IPC Server handler 0 on 38139] WARN  block.BlockManagerImpl (BlockManagerImpl.java:allocateBlock(192)) - Pipeline creation failed for type:RATIS factor:THREE. Retrying get pipelines call once.
org.apache.hadoop.hdds.scm.exceptions.SCMException: Unable to find enough nodes that meet the criteria that cannot engage in more than 5 pipelines. Nodes required: 3 Found: 0, healthy nodes count inNodeManager: 3.
	at org.apache.hadoop.hdds.scm.pipeline.PipelinePlacementPolicy.filterViableNodes(PipelinePlacementPolicy.java:149)
	at org.apache.hadoop.hdds.scm.pipeline.PipelinePlacementPolicy.chooseDatanodes(PipelinePlacementPolicy.java:172)
	at org.apache.hadoop.hdds.scm.pipeline.RatisPipelineProvider.create(RatisPipelineProvider.java:92)
	at org.apache.hadoop.hdds.scm.pipeline.PipelineFactory.create(PipelineFactory.java:57)
	at org.apache.hadoop.hdds.scm.pipeline.SCMPipelineManager.createPipeline(SCMPipelineManager.java:149)
	at org.apache.hadoop.hdds.scm.block.BlockManagerImpl.allocateBlock(BlockManagerImpl.java:190)
	at org.apache.hadoop.hdds.scm.server.SCMBlockProtocolServer.allocateBlock(SCMBlockProtocolServer.java:175)
	at org.apache.hadoop.ozone.protocolPB.ScmBlockLocationProtocolServerSideTranslatorPB.allocateScmBlock(ScmBlockLocationProtocolServerSideTranslatorPB.java:153)
	at org.apache.hadoop.ozone.protocolPB.ScmBlockLocationProtocolServerSideTranslatorPB.send(ScmBlockLocationProtocolServerSideTranslatorPB.java:112)
	at org.apache.hadoop.hdds.protocol.proto.ScmBlockLocationProtocolProtos$ScmBlockLocationProtocolService$2.callBlockingMethod(ScmBlockLocationProtocolProtos.java:13157)
	at org.apache.hadoop.ipc.ProtobufRpcEngine$Server$ProtoBufRpcInvoker.call(ProtobufRpcEngine.java:524)
	at org.apache.hadoop.ipc.RPC$Server.call(RPC.java:1025)
	at org.apache.hadoop.ipc.Server$RpcCall.run(Server.java:876)
	at org.apache.hadoop.ipc.Server$RpcCall.run(Server.java:822)
	at java.security.AccessController.doPrivileged(Native Method)
	at javax.security.auth.Subject.doAs(Subject.java:422)
	at org.apache.hadoop.security.UserGroupInformation.doAs(UserGroupInformation.java:1730)
	at org.apache.hadoop.ipc.Server$Handler.run(Server.java:2682)
2019-09-20 14:16:58,444 [IPC Server handler 0 on 38139] INFO  block.BlockManagerImpl (BlockManagerImpl.java:allocateBlock(198)) - Could not find available pipeline of type:RATIS and factor:THREE even after retrying
2019-09-20 14:16:58,444 [IPC Server handler 0 on 38139] ERROR block.BlockManagerImpl (BlockManagerImpl.java:allocateBlock(222)) - Unable to allocate a block for the size: 4194304, type: RATIS, factor: THREE
2019-09-20 14:16:58,444 | INFO  | SCMAudit | user=jenkins1000 | ip=192.168.36.99 | op=ALLOCATE_BLOCK {owner=6d531a8d-4296-4291-8a0e-c9f690c9417f, size=4194304, type=RATIS, factor=THREE} | ret=SUCCESS |  
2019-09-20 14:16:58,446 | ERROR | OMAudit | user=jenkins1000 | ip=127.0.0.1 | op=CREATE_FILE {volume=volume43754, bucket=bucket67340, key=testDeleteCreatesFakeParentDir/parent/child, dataSize=0, replicationType=RATIS, replicationFactor=THREE, keyLocationInfo=null} | ret=FAILURE | org.apache.hadoop.hdds.scm.exceptions.SCMException: Allocated 0 blocks. Requested 1 blocks
	at org.apache.hadoop.hdds.scm.protocolPB.ScmBlockLocationProtocolClientSideTranslatorPB.handleError(ScmBlockLocationProtocolClientSideTranslatorPB.java:118)
	at org.apache.hadoop.hdds.scm.protocolPB.ScmBlockLocationProtocolClientSideTranslatorPB.allocateBlock(ScmBlockLocationProtocolClientSideTranslatorPB.java:156) 
2019-09-20 14:16:58,448 [Thread-1336] INFO  ozone.MiniOzoneClusterImpl (MiniOzoneClusterImpl.java:shutdown(321)) - Shutting down the Mini Ozone Cluster
2019-09-20 14:16:58,448 | INFO  | SCMAudit | user=null | ip=null | op=GET_SCM_INFO null | ret=SUCCESS |  
2019-09-20 14:16:58,448 [Thread-1336] INFO  ozone.MiniOzoneClusterImpl (MiniOzoneClusterImpl.java:stop(336)) - Stopping the Mini Ozone Cluster
2019-09-20 14:16:58,448 [Thread-1336] INFO  ozone.MiniOzoneClusterImpl (MiniOzoneClusterImpl.java:stop(338)) - Stopping the OzoneManager
2019-09-20 14:16:58,448 [Thread-1336] INFO  ipc.Server (Server.java:stop(3082)) - Stopping server on 39075
2019-09-20 14:16:58,452 [IPC Server listener on 39075] INFO  ipc.Server (Server.java:run(1185)) - Stopping IPC Server listener on 39075
2019-09-20 14:16:58,452 [Thread-1336] INFO  ratis.OzoneManagerDoubleBuffer (OzoneManagerDoubleBuffer.java:stop(248)) - Stopping OMDoubleBuffer flush thread
2019-09-20 14:16:58,453 [IPC Server Responder] INFO  ipc.Server (Server.java:run(1319)) - Stopping IPC Server Responder
2019-09-20 14:16:58,453 [OMDoubleBufferFlushThread] INFO  ratis.OzoneManagerDoubleBuffer (OzoneManagerDoubleBuffer.java:flushTransactions(191)) - OMDoubleBuffer flush thread OMDoubleBufferFlushThread is interrupted and will exit. OMDoubleBufferFlushThread
2019-09-20 14:16:58,455 [Thread-1336] INFO  utils.BackgroundService (BackgroundService.java:shutdown(148)) - Shutting down service KeyDeletingService
2019-09-20 14:16:58,457 [Thread-1336] INFO  handler.ContextHandler (ContextHandler.java:doStop(910)) - Stopped o.e.j.w.WebAppContext@62d4ac8c{/,null,UNAVAILABLE}{/ozoneManager}
2019-09-20 14:16:58,457 [Thread-1336] INFO  server.AbstractConnector (AbstractConnector.java:doStop(318)) - Stopped ServerConnector@6439d210{HTTP/1.1,[http/1.1]}{0.0.0.0:0}
2019-09-20 14:16:58,458 [Thread-1336] INFO  handler.ContextHandler (ContextHandler.java:doStop(910)) - Stopped o.e.j.s.ServletContextHandler@7bd42373{/static,jar:file:/home/user/.m2/repository/org/apache/hadoop/hadoop-ozone-ozone-manager/0.5.0-SNAPSHOT/hadoop-ozone-ozone-manager-0.5.0-SNAPSHOT.jar!/webapps/static,UNAVAILABLE}
2019-09-20 14:16:58,458 [Thread-1336] INFO  handler.ContextHandler (ContextHandler.java:doStop(910)) - Stopped o.e.j.s.ServletContextHandler@45e93019{/logs,file:///workdir/hadoop-ozone/ozonefs/target/log,UNAVAILABLE}
2019-09-20 14:16:58,460 [Thread-1336] INFO  ozone.MiniOzoneClusterImpl (MiniOzoneClusterImpl.java:stop(344)) - Shutting the HddsDatanodes
2019-09-20 14:16:58,461 [Thread-1336] INFO  datanode.ObjectStoreHandler (ObjectStoreHandler.java:close(155)) - Closing ObjectStoreHandler.
2019-09-20 14:16:58,461 [ForkJoinPool.commonPool-worker-0] INFO  datanode.ObjectStoreHandler (ObjectStoreHandler.java:close(155)) - Closing ObjectStoreHandler.
2019-09-20 14:16:58,461 [Thread-1336] INFO  ozone.HddsDatanodeService (HddsDatanodeService.java:stop(451)) - Stopped plug-in org.apache.hadoop.ozone.web.OzoneHddsDatanodeService@5b84d0b4
2019-09-20 14:16:58,461 [ForkJoinPool.commonPool-worker-0] INFO  ozone.HddsDatanodeService (HddsDatanodeService.java:stop(451)) - Stopped plug-in org.apache.hadoop.ozone.web.OzoneHddsDatanodeService@521ff29a
2019-09-20 14:16:58,769 [Datanode State Machine Thread - 0] INFO  statemachine.DatanodeStateMachine (DatanodeStateMachine.java:lambda$startDaemon$0(350)) - Ozone container server started.
2019-09-20 14:16:59,014 [Datanode State Machine Thread - 0] INFO  statemachine.DatanodeStateMachine (DatanodeStateMachine.java:lambda$startDaemon$0(350)) - Ozone container server started.
2019-09-20 14:16:59,241 | INFO  | SCMAudit | user=jenkins1000 | ip=192.168.36.99 | op=SEND_HEARTBEAT {datanodeUUID=f858022d-8b6c-40dd-9b02-9ee6db579943, command=[]} | ret=SUCCESS |  
2019-09-20 14:16:59,781 [Thread-1508] INFO  container.ReplicationManager (ReplicationManager.java:start(151)) - Starting Replication Monitor Thread.
2019-09-20 14:16:59,784 [ReplicationMonitor] INFO  container.ReplicationManager (ReplicationManager.java:run(214)) - Replication Monitor Thread took 0 milliseconds for processing 0 containers.
2019-09-20 14:17:00,240 | INFO  | SCMAudit | user=jenkins1000 | ip=192.168.36.99 | op=SEND_HEARTBEAT {datanodeUUID=f858022d-8b6c-40dd-9b02-9ee6db579943, command=[]} | ret=SUCCESS |  
2019-09-20 14:17:01,241 | INFO  | SCMAudit | user=jenkins1000 | ip=192.168.36.99 | op=SEND_HEARTBEAT {datanodeUUID=f858022d-8b6c-40dd-9b02-9ee6db579943, command=[]} | ret=SUCCESS |  
2019-09-20 14:17:01,971 [Thread-1516] INFO  impl.FollowerState (FollowerState.java:run(106)) - 35085a69-c577-4be4-bc35-5cb4b1e64437:group-0663E4AFB9B4 changes to CANDIDATE, lastRpcTime:5013, electionTimeout:5013ms
2019-09-20 14:17:01,971 [Thread-1516] INFO  impl.RoleInfo (RoleInfo.java:shutdownFollowerState(121)) - 35085a69-c577-4be4-bc35-5cb4b1e64437: shutdown FollowerState
2019-09-20 14:17:01,971 [Thread-1516] INFO  impl.RaftServerImpl (RaftServerImpl.java:setRole(171)) - 35085a69-c577-4be4-bc35-5cb4b1e64437:group-0663E4AFB9B4 changes role from FOLLOWER to CANDIDATE at term 0 for changeToCandidate
2019-09-20 14:17:01,971 [Thread-1516] INFO  impl.RoleInfo (RoleInfo.java:updateAndGet(143)) - 35085a69-c577-4be4-bc35-5cb4b1e64437: start LeaderElection
2019-09-20 14:17:01,998 [35085a69-c577-4be4-bc35-5cb4b1e64437:group-0663E4AFB9B4:LeaderElection90] INFO  impl.LeaderElection (LeaderElection.java:askForVotes(181)) - 35085a69-c577-4be4-bc35-5cb4b1e64437:group-0663E4AFB9B4:LeaderElection90: begin an election at term 1 for -1: [35085a69-c577-4be4-bc35-5cb4b1e64437:192.168.36.99:45686], old=null
2019-09-20 14:17:01,998 [35085a69-c577-4be4-bc35-5cb4b1e64437:group-0663E4AFB9B4:LeaderElection90] INFO  impl.RoleInfo (RoleInfo.java:shutdownLeaderElection(134)) - 35085a69-c577-4be4-bc35-5cb4b1e64437: shutdown LeaderElection
2019-09-20 14:17:01,998 [35085a69-c577-4be4-bc35-5cb4b1e64437:group-0663E4AFB9B4:LeaderElection90] INFO  impl.RaftServerImpl (RaftServerImpl.java:setRole(171)) - 35085a69-c577-4be4-bc35-5cb4b1e64437:group-0663E4AFB9B4 changes role from CANDIDATE to LEADER at term 1 for changeToLeader
2019-09-20 14:17:01,999 [35085a69-c577-4be4-bc35-5cb4b1e64437:group-0663E4AFB9B4:LeaderElection90] INFO  impl.RaftServerImpl (ServerState.java:setLeader(263)) - 35085a69-c577-4be4-bc35-5cb4b1e64437:group-0663E4AFB9B4 change Leader from null to 35085a69-c577-4be4-bc35-5cb4b1e64437 at term 1 for becomeLeader, leader elected after 5044ms
2019-09-20 14:17:01,999 [35085a69-c577-4be4-bc35-5cb4b1e64437:group-0663E4AFB9B4:LeaderElection90] INFO  server.RaftServerConfigKeys (ConfUtils.java:logGet(43)) - raft.server.staging.catchup.gap = 1000 (default)
2019-09-20 14:17:01,999 [35085a69-c577-4be4-bc35-5cb4b1e64437:group-0663E4AFB9B4:LeaderElection90] INFO  server.RaftServerConfigKeys (ConfUtils.java:logGet(43)) - raft.server.rpc.sleep.time = 25ms (default)
2019-09-20 14:17:01,999 [35085a69-c577-4be4-bc35-5cb4b1e64437:group-0663E4AFB9B4:LeaderElection90] INFO  server.RaftServerConfigKeys (ConfUtils.java:logGet(43)) - raft.server.write.element-limit = 4096 (default)
2019-09-20 14:17:01,999 [35085a69-c577-4be4-bc35-5cb4b1e64437:group-0663E4AFB9B4:LeaderElection90] INFO  server.RaftServerConfigKeys (ConfUtils.java:logGet(43)) - raft.server.watch.timeout = 10s (default)
2019-09-20 14:17:02,000 [35085a69-c577-4be4-bc35-5cb4b1e64437:group-0663E4AFB9B4:LeaderElection90] INFO  server.RaftServerConfigKeys (ConfUtils.java:logGet(43)) - raft.server.watch.timeout.denomination = 1s (default)
2019-09-20 14:17:02,000 [35085a69-c577-4be4-bc35-5cb4b1e64437:group-0663E4AFB9B4:LeaderElection90] INFO  server.RaftServerConfigKeys (ConfUtils.java:logGet(43)) - raft.server.watch.element-limit = 65536 (default)
2019-09-20 14:17:02,000 [35085a69-c577-4be4-bc35-5cb4b1e64437:group-0663E4AFB9B4:LeaderElection90] INFO  impl.RoleInfo (RoleInfo.java:updateAndGet(143)) - 35085a69-c577-4be4-bc35-5cb4b1e64437: start LeaderState
2019-09-20 14:17:02,000 [35085a69-c577-4be4-bc35-5cb4b1e64437:group-0663E4AFB9B4:LeaderElection90] INFO  segmented.SegmentedRaftLogWorker (SegmentedRaftLogWorker.java:startLogSegment(380)) - 35085a69-c577-4be4-bc35-5cb4b1e64437-SegmentedRaftLogWorker:Storage Directory /workdir/hadoop-ozone/ozonefs/target/test-dir/MiniOzoneClusterImpl-a6efaa66-6ca1-47a3-8b50-c5fe67a1a9f1/datanode-0/data/ratis/ad0f28ef-a4c4-4c8f-b151-0663e4afb9b4: Starting segment from index:0
2019-09-20 14:17:02,001 [35085a69-c577-4be4-bc35-5cb4b1e64437:group-0663E4AFB9B4:LeaderElection90] INFO  impl.RaftServerImpl (ServerState.java:setRaftConf(361)) - 35085a69-c577-4be4-bc35-5cb4b1e64437:group-0663E4AFB9B4 set configuration 0: [35085a69-c577-4be4-bc35-5cb4b1e64437:192.168.36.99:45686], old=null at 0
2019-09-20 14:17:02,047 [Thread-1513] INFO  impl.FollowerState (FollowerState.java:run(106)) - 35085a69-c577-4be4-bc35-5cb4b1e64437:group-F447E6D10F59 changes to CANDIDATE, lastRpcTime:5140, electionTimeout:5140ms
2019-09-20 14:17:02,047 [Thread-1513] INFO  impl.RoleInfo (RoleInfo.java:shutdownFollowerState(121)) - 35085a69-c577-4be4-bc35-5cb4b1e64437: shutdown FollowerState
2019-09-20 14:17:02,047 [Thread-1513] INFO  impl.RaftServerImpl (RaftServerImpl.java:setRole(171)) - 35085a69-c577-4be4-bc35-5cb4b1e64437:group-F447E6D10F59 changes role from FOLLOWER to CANDIDATE at term 0 for changeToCandidate
2019-09-20 14:17:02,048 [Thread-1513] INFO  impl.RoleInfo (RoleInfo.java:updateAndGet(143)) - 35085a69-c577-4be4-bc35-5cb4b1e64437: start LeaderElection
2019-09-20 14:17:02,048 [Thread-1510] INFO  impl.FollowerState (FollowerState.java:run(106)) - 35085a69-c577-4be4-bc35-5cb4b1e64437:group-FC49ACB49171 changes to CANDIDATE, lastRpcTime:5192, electionTimeout:5192ms
2019-09-20 14:17:02,048 [Thread-1510] INFO  impl.RoleInfo (RoleInfo.java:shutdownFollowerState(121)) - 35085a69-c577-4be4-bc35-5cb4b1e64437: shutdown FollowerState
2019-09-20 14:17:02,048 [Thread-1510] INFO  impl.RaftServerImpl (RaftServerImpl.java:setRole(171)) - 35085a69-c577-4be4-bc35-5cb4b1e64437:group-FC49ACB49171 changes role from FOLLOWER to CANDIDATE at term 0 for changeToCandidate
2019-09-20 14:17:02,050 [Thread-1510] INFO  impl.RoleInfo (RoleInfo.java:updateAndGet(143)) - 35085a69-c577-4be4-bc35-5cb4b1e64437: start LeaderElection
2019-09-20 14:17:02,056 [35085a69-c577-4be4-bc35-5cb4b1e64437-SegmentedRaftLogWorker:Storage Directory /workdir/hadoop-ozone/ozonefs/target/test-dir/MiniOzoneClusterImpl-a6efaa66-6ca1-47a3-8b50-c5fe67a1a9f1/datanode-0/data/ratis/ad0f28ef-a4c4-4c8f-b151-0663e4afb9b4] INFO  segmented.SegmentedRaftLogWorker (SegmentedRaftLogWorker.java:execute(569)) - 35085a69-c577-4be4-bc35-5cb4b1e64437-SegmentedRaftLogWorker:Storage Directory /workdir/hadoop-ozone/ozonefs/target/test-dir/MiniOzoneClusterImpl-a6efaa66-6ca1-47a3-8b50-c5fe67a1a9f1/datanode-0/data/ratis/ad0f28ef-a4c4-4c8f-b151-0663e4afb9b4: created new log segment /workdir/hadoop-ozone/ozonefs/target/test-dir/MiniOzoneClusterImpl-a6efaa66-6ca1-47a3-8b50-c5fe67a1a9f1/datanode-0/data/ratis/ad0f28ef-a4c4-4c8f-b151-0663e4afb9b4/current/log_inprogress_0
2019-09-20 14:17:02,062 [35085a69-c577-4be4-bc35-5cb4b1e64437:group-FC49ACB49171:LeaderElection92] INFO  impl.LeaderElection (LeaderElection.java:askForVotes(181)) - 35085a69-c577-4be4-bc35-5cb4b1e64437:group-FC49ACB49171:LeaderElection92: begin an election at term 1 for -1: [35085a69-c577-4be4-bc35-5cb4b1e64437:192.168.36.99:45686], old=null
2019-09-20 14:17:02,062 [35085a69-c577-4be4-bc35-5cb4b1e64437:group-F447E6D10F59:LeaderElection91] INFO  impl.LeaderElection (LeaderElection.java:askForVotes(181)) - 35085a69-c577-4be4-bc35-5cb4b1e64437:group-F447E6D10F59:LeaderElection91: begin an election at term 1 for -1: [35085a69-c577-4be4-bc35-5cb4b1e64437:192.168.36.99:45686], old=null
2019-09-20 14:17:02,062 [35085a69-c577-4be4-bc35-5cb4b1e64437:group-FC49ACB49171:LeaderElection92] INFO  impl.RoleInfo (RoleInfo.java:shutdownLeaderElection(134)) - 35085a69-c577-4be4-bc35-5cb4b1e64437: shutdown LeaderElection
2019-09-20 14:17:02,063 [35085a69-c577-4be4-bc35-5cb4b1e64437:group-F447E6D10F59:LeaderElection91] INFO  impl.RoleInfo (RoleInfo.java:shutdownLeaderElection(134)) - 35085a69-c577-4be4-bc35-5cb4b1e64437: shutdown LeaderElection
2019-09-20 14:17:02,063 [35085a69-c577-4be4-bc35-5cb4b1e64437:group-FC49ACB49171:LeaderElection92] INFO  impl.RaftServerImpl (RaftServerImpl.java:setRole(171)) - 35085a69-c577-4be4-bc35-5cb4b1e64437:group-FC49ACB49171 changes role from CANDIDATE to LEADER at term 1 for changeToLeader
2019-09-20 14:17:02,063 [35085a69-c577-4be4-bc35-5cb4b1e64437:group-F447E6D10F59:LeaderElection91] INFO  impl.RaftServerImpl (RaftServerImpl.java:setRole(171)) - 35085a69-c577-4be4-bc35-5cb4b1e64437:group-F447E6D10F59 changes role from CANDIDATE to LEADER at term 1 for changeToLeader
2019-09-20 14:17:02,063 [35085a69-c577-4be4-bc35-5cb4b1e64437:group-FC49ACB49171:LeaderElection92] INFO  impl.RaftServerImpl (ServerState.java:setLeader(263)) - 35085a69-c577-4be4-bc35-5cb4b1e64437:group-FC49ACB49171 change Leader from null to 35085a69-c577-4be4-bc35-5cb4b1e64437 at term 1 for becomeLeader, leader elected after 5213ms
2019-09-20 14:17:02,063 [35085a69-c577-4be4-bc35-5cb4b1e64437:group-F447E6D10F59:LeaderElection91] INFO  impl.RaftServerImpl (ServerState.java:setLeader(263)) - 35085a69-c577-4be4-bc35-5cb4b1e64437:group-F447E6D10F59 change Leader from null to 35085a69-c577-4be4-bc35-5cb4b1e64437 at term 1 for becomeLeader, leader elected after 5159ms
2019-09-20 14:17:02,063 [35085a69-c577-4be4-bc35-5cb4b1e64437:group-FC49ACB49171:LeaderElection92] INFO  server.RaftServerConfigKeys (ConfUtils.java:logGet(43)) - raft.server.staging.catchup.gap = 1000 (default)
2019-09-20 14:17:02,064 [35085a69-c577-4be4-bc35-5cb4b1e64437:group-F447E6D10F59:LeaderElection91] INFO  server.RaftServerConfigKeys (ConfUtils.java:logGet(43)) - raft.server.staging.catchup.gap = 1000 (default)
2019-09-20 14:17:02,064 [35085a69-c577-4be4-bc35-5cb4b1e64437:group-FC49ACB49171:LeaderElection92] INFO  server.RaftServerConfigKeys (ConfUtils.java:logGet(43)) - raft.server.rpc.sleep.time = 25ms (default)
2019-09-20 14:17:02,064 [35085a69-c577-4be4-bc35-5cb4b1e64437:group-F447E6D10F59:LeaderElection91] INFO  server.RaftServerConfigKeys (ConfUtils.java:logGet(43)) - raft.server.rpc.sleep.time = 25ms (default)
2019-09-20 14:17:02,064 [35085a69-c577-4be4-bc35-5cb4b1e64437:group-FC49ACB49171:LeaderElection92] INFO  server.RaftServerConfigKeys (ConfUtils.java:logGet(43)) - raft.server.write.element-limit = 4096 (default)
2019-09-20 14:17:02,064 [35085a69-c577-4be4-bc35-5cb4b1e64437:group-F447E6D10F59:LeaderElection91] INFO  server.RaftServerConfigKeys (ConfUtils.java:logGet(43)) - raft.server.write.element-limit = 4096 (default)
2019-09-20 14:17:02,064 [35085a69-c577-4be4-bc35-5cb4b1e64437:group-FC49ACB49171:LeaderElection92] INFO  server.RaftServerConfigKeys (ConfUtils.java:logGet(43)) - raft.server.watch.timeout = 10s (default)
2019-09-20 14:17:02,064 [35085a69-c577-4be4-bc35-5cb4b1e64437:group-F447E6D10F59:LeaderElection91] INFO  server.RaftServerConfigKeys (ConfUtils.java:logGet(43)) - raft.server.watch.timeout = 10s (default)
2019-09-20 14:17:02,065 [35085a69-c577-4be4-bc35-5cb4b1e64437:group-FC49ACB49171:LeaderElection92] INFO  server.RaftServerConfigKeys (ConfUtils.java:logGet(43)) - raft.server.watch.timeout.denomination = 1s (default)
2019-09-20 14:17:02,065 [35085a69-c577-4be4-bc35-5cb4b1e64437:group-F447E6D10F59:LeaderElection91] INFO  server.RaftServerConfigKeys (ConfUtils.java:logGet(43)) - raft.server.watch.timeout.denomination = 1s (default)
2019-09-20 14:17:02,065 [35085a69-c577-4be4-bc35-5cb4b1e64437:group-FC49ACB49171:LeaderElection92] INFO  server.RaftServerConfigKeys (ConfUtils.java:logGet(43)) - raft.server.watch.element-limit = 65536 (default)
2019-09-20 14:17:02,065 [35085a69-c577-4be4-bc35-5cb4b1e64437:group-F447E6D10F59:LeaderElection91] INFO  server.RaftServerConfigKeys (ConfUtils.java:logGet(43)) - raft.server.watch.element-limit = 65536 (default)
2019-09-20 14:17:02,065 [35085a69-c577-4be4-bc35-5cb4b1e64437:group-FC49ACB49171:LeaderElection92] INFO  impl.RoleInfo (RoleInfo.java:updateAndGet(143)) - 35085a69-c577-4be4-bc35-5cb4b1e64437: start LeaderState
2019-09-20 14:17:02,066 [35085a69-c577-4be4-bc35-5cb4b1e64437:group-F447E6D10F59:LeaderElection91] INFO  impl.RoleInfo (RoleInfo.java:updateAndGet(143)) - 35085a69-c577-4be4-bc35-5cb4b1e64437: start LeaderState
2019-09-20 14:17:02,066 [35085a69-c577-4be4-bc35-5cb4b1e64437:group-FC49ACB49171:LeaderElection92] INFO  segmented.SegmentedRaftLogWorker (SegmentedRaftLogWorker.java:startLogSegment(380)) - 35085a69-c577-4be4-bc35-5cb4b1e64437-SegmentedRaftLogWorker:Storage Directory /workdir/hadoop-ozone/ozonefs/target/test-dir/MiniOzoneClusterImpl-a6efaa66-6ca1-47a3-8b50-c5fe67a1a9f1/datanode-0/data/ratis/22a242a4-ef20-4598-b8d5-fc49acb49171: Starting segment from index:0
2019-09-20 14:17:02,066 [35085a69-c577-4be4-bc35-5cb4b1e64437:group-F447E6D10F59:LeaderElection91] INFO  segmented.SegmentedRaftLogWorker (SegmentedRaftLogWorker.java:startLogSegment(380)) - 35085a69-c577-4be4-bc35-5cb4b1e64437-SegmentedRaftLogWorker:Storage Directory /workdir/hadoop-ozone/ozonefs/target/test-dir/MiniOzoneClusterImpl-a6efaa66-6ca1-47a3-8b50-c5fe67a1a9f1/datanode-0/data/ratis/52531425-eb06-4650-a2ed-f447e6d10f59: Starting segment from index:0
2019-09-20 14:17:02,066 [35085a69-c577-4be4-bc35-5cb4b1e64437:group-FC49ACB49171:LeaderElection92] INFO  impl.RaftServerImpl (ServerState.java:setRaftConf(361)) - 35085a69-c577-4be4-bc35-5cb4b1e64437:group-FC49ACB49171 set configuration 0: [35085a69-c577-4be4-bc35-5cb4b1e64437:192.168.36.99:45686], old=null at 0
2019-09-20 14:17:02,067 [35085a69-c577-4be4-bc35-5cb4b1e64437:group-F447E6D10F59:LeaderElection91] INFO  impl.RaftServerImpl (ServerState.java:setRaftConf(361)) - 35085a69-c577-4be4-bc35-5cb4b1e64437:group-F447E6D10F59 set configuration 0: [35085a69-c577-4be4-bc35-5cb4b1e64437:192.168.36.99:45686], old=null at 0
2019-09-20 14:17:02,122 [Thread-1519] INFO  impl.FollowerState (FollowerState.java:run(106)) - 35085a69-c577-4be4-bc35-5cb4b1e64437:group-9BAA92225F20 changes to CANDIDATE, lastRpcTime:5111, electionTimeout:5111ms
2019-09-20 14:17:02,123 [Thread-1519] INFO  impl.RoleInfo (RoleInfo.java:shutdownFollowerState(121)) - 35085a69-c577-4be4-bc35-5cb4b1e64437: shutdown FollowerState
2019-09-20 14:17:02,123 [Thread-1519] INFO  impl.RaftServerImpl (RaftServerImpl.java:setRole(171)) - 35085a69-c577-4be4-bc35-5cb4b1e64437:group-9BAA92225F20 changes role from FOLLOWER to CANDIDATE at term 0 for changeToCandidate
2019-09-20 14:17:02,123 [Thread-1519] INFO  impl.RoleInfo (RoleInfo.java:updateAndGet(143)) - 35085a69-c577-4be4-bc35-5cb4b1e64437: start LeaderElection
2019-09-20 14:17:02,130 [35085a69-c577-4be4-bc35-5cb4b1e64437-SegmentedRaftLogWorker:Storage Directory /workdir/hadoop-ozone/ozonefs/target/test-dir/MiniOzoneClusterImpl-a6efaa66-6ca1-47a3-8b50-c5fe67a1a9f1/datanode-0/data/ratis/52531425-eb06-4650-a2ed-f447e6d10f59] INFO  segmented.SegmentedRaftLogWorker (SegmentedRaftLogWorker.java:execute(569)) - 35085a69-c577-4be4-bc35-5cb4b1e64437-SegmentedRaftLogWorker:Storage Directory /workdir/hadoop-ozone/ozonefs/target/test-dir/MiniOzoneClusterImpl-a6efaa66-6ca1-47a3-8b50-c5fe67a1a9f1/datanode-0/data/ratis/52531425-eb06-4650-a2ed-f447e6d10f59: created new log segment /workdir/hadoop-ozone/ozonefs/target/test-dir/MiniOzoneClusterImpl-a6efaa66-6ca1-47a3-8b50-c5fe67a1a9f1/datanode-0/data/ratis/52531425-eb06-4650-a2ed-f447e6d10f59/current/log_inprogress_0
2019-09-20 14:17:02,130 [35085a69-c577-4be4-bc35-5cb4b1e64437-SegmentedRaftLogWorker:Storage Directory /workdir/hadoop-ozone/ozonefs/target/test-dir/MiniOzoneClusterImpl-a6efaa66-6ca1-47a3-8b50-c5fe67a1a9f1/datanode-0/data/ratis/22a242a4-ef20-4598-b8d5-fc49acb49171] INFO  segmented.SegmentedRaftLogWorker (SegmentedRaftLogWorker.java:execute(569)) - 35085a69-c577-4be4-bc35-5cb4b1e64437-SegmentedRaftLogWorker:Storage Directory /workdir/hadoop-ozone/ozonefs/target/test-dir/MiniOzoneClusterImpl-a6efaa66-6ca1-47a3-8b50-c5fe67a1a9f1/datanode-0/data/ratis/22a242a4-ef20-4598-b8d5-fc49acb49171: created new log segment /workdir/hadoop-ozone/ozonefs/target/test-dir/MiniOzoneClusterImpl-a6efaa66-6ca1-47a3-8b50-c5fe67a1a9f1/datanode-0/data/ratis/22a242a4-ef20-4598-b8d5-fc49acb49171/current/log_inprogress_0
2019-09-20 14:17:02,139 [35085a69-c577-4be4-bc35-5cb4b1e64437:group-9BAA92225F20:LeaderElection93] INFO  impl.LeaderElection (LeaderElection.java:askForVotes(181)) - 35085a69-c577-4be4-bc35-5cb4b1e64437:group-9BAA92225F20:LeaderElection93: begin an election at term 1 for -1: [35085a69-c577-4be4-bc35-5cb4b1e64437:192.168.36.99:45686], old=null
2019-09-20 14:17:02,139 [35085a69-c577-4be4-bc35-5cb4b1e64437:group-9BAA92225F20:LeaderElection93] INFO  impl.RoleInfo (RoleInfo.java:shutdownLeaderElection(134)) - 35085a69-c577-4be4-bc35-5cb4b1e64437: shutdown LeaderElection
2019-09-20 14:17:02,139 [35085a69-c577-4be4-bc35-5cb4b1e64437:group-9BAA92225F20:LeaderElection93] INFO  impl.RaftServerImpl (RaftServerImpl.java:setRole(171)) - 35085a69-c577-4be4-bc35-5cb4b1e64437:group-9BAA92225F20 changes role from CANDIDATE to LEADER at term 1 for changeToLeader
2019-09-20 14:17:02,139 [35085a69-c577-4be4-bc35-5cb4b1e64437:group-9BAA92225F20:LeaderElection93] INFO  impl.RaftServerImpl (ServerState.java:setLeader(263)) - 35085a69-c577-4be4-bc35-5cb4b1e64437:group-9BAA92225F20 change Leader from null to 35085a69-c577-4be4-bc35-5cb4b1e64437 at term 1 for becomeLeader, leader elected after 5132ms
2019-09-20 14:17:02,139 [35085a69-c577-4be4-bc35-5cb4b1e64437:group-9BAA92225F20:LeaderElection93] INFO  server.RaftServerConfigKeys (ConfUtils.java:logGet(43)) - raft.server.staging.catchup.gap = 1000 (default)
2019-09-20 14:17:02,140 [35085a69-c577-4be4-bc35-5cb4b1e64437:group-9BAA92225F20:LeaderElection93] INFO  server.RaftServerConfigKeys (ConfUtils.java:logGet(43)) - raft.server.rpc.sleep.time = 25ms (default)
2019-09-20 14:17:02,140 [35085a69-c577-4be4-bc35-5cb4b1e64437:group-9BAA92225F20:LeaderElection93] INFO  server.RaftServerConfigKeys (ConfUtils.java:logGet(43)) - raft.server.write.element-limit = 4096 (default)
2019-09-20 14:17:02,140 [35085a69-c577-4be4-bc35-5cb4b1e64437:group-9BAA92225F20:LeaderElection93] INFO  server.RaftServerConfigKeys (ConfUtils.java:logGet(43)) - raft.server.watch.timeout = 10s (default)
2019-09-20 14:17:02,140 [35085a69-c577-4be4-bc35-5cb4b1e64437:group-9BAA92225F20:LeaderElection93] INFO  server.RaftServerConfigKeys (ConfUtils.java:logGet(43)) - raft.server.watch.timeout.denomination = 1s (default)
2019-09-20 14:17:02,140 [35085a69-c577-4be4-bc35-5cb4b1e64437:group-9BAA92225F20:LeaderElection93] INFO  server.RaftServerConfigKeys (ConfUtils.java:logGet(43)) - raft.server.watch.element-limit = 65536 (default)
2019-09-20 14:17:02,141 [35085a69-c577-4be4-bc35-5cb4b1e64437:group-9BAA92225F20:LeaderElection93] INFO  impl.RoleInfo (RoleInfo.java:updateAndGet(143)) - 35085a69-c577-4be4-bc35-5cb4b1e64437: start LeaderState
2019-09-20 14:17:02,141 [35085a69-c577-4be4-bc35-5cb4b1e64437:group-9BAA92225F20:LeaderElection93] INFO  segmented.SegmentedRaftLogWorker (SegmentedRaftLogWorker.java:startLogSegment(380)) - 35085a69-c577-4be4-bc35-5cb4b1e64437-SegmentedRaftLogWorker:Storage Directory /workdir/hadoop-ozone/ozonefs/target/test-dir/MiniOzoneClusterImpl-a6efaa66-6ca1-47a3-8b50-c5fe67a1a9f1/datanode-0/data/ratis/9d648d1f-eb63-4431-91ca-9baa92225f20: Starting segment from index:0
2019-09-20 14:17:02,142 [35085a69-c577-4be4-bc35-5cb4b1e64437:group-9BAA92225F20:LeaderElection93] INFO  impl.RaftServerImpl (ServerState.java:setRaftConf(361)) - 35085a69-c577-4be4-bc35-5cb4b1e64437:group-9BAA92225F20 set configuration 0: [35085a69-c577-4be4-bc35-5cb4b1e64437:192.168.36.99:45686], old=null at 0
2019-09-20 14:17:02,144 [Thread-1522] INFO  impl.FollowerState (FollowerState.java:run(106)) - 35085a69-c577-4be4-bc35-5cb4b1e64437:group-A99371238950 changes to CANDIDATE, lastRpcTime:5062, electionTimeout:5062ms
2019-09-20 14:17:02,144 [Thread-1522] INFO  impl.RoleInfo (RoleInfo.java:shutdownFollowerState(121)) - 35085a69-c577-4be4-bc35-5cb4b1e64437: shutdown FollowerState
2019-09-20 14:17:02,144 [Thread-1522] INFO  impl.RaftServerImpl (RaftServerImpl.java:setRole(171)) - 35085a69-c577-4be4-bc35-5cb4b1e64437:group-A99371238950 changes role from FOLLOWER to CANDIDATE at term 0 for changeToCandidate
2019-09-20 14:17:02,144 [Thread-1522] INFO  impl.RoleInfo (RoleInfo.java:updateAndGet(143)) - 35085a69-c577-4be4-bc35-5cb4b1e64437: start LeaderElection
2019-09-20 14:17:02,187 [Thread-1525] INFO  impl.FollowerState (FollowerState.java:run(106)) - 35085a69-c577-4be4-bc35-5cb4b1e64437:group-E30C82D1DFDF changes to CANDIDATE, lastRpcTime:5055, electionTimeout:5055ms
2019-09-20 14:17:02,187 [Thread-1525] INFO  impl.RoleInfo (RoleInfo.java:shutdownFollowerState(121)) - 35085a69-c577-4be4-bc35-5cb4b1e64437: shutdown FollowerState
2019-09-20 14:17:02,187 [Thread-1525] INFO  impl.RaftServerImpl (RaftServerImpl.java:setRole(171)) - 35085a69-c577-4be4-bc35-5cb4b1e64437:group-E30C82D1DFDF changes role from FOLLOWER to CANDIDATE at term 0 for changeToCandidate
2019-09-20 14:17:02,187 [Thread-1525] INFO  impl.RoleInfo (RoleInfo.java:updateAndGet(143)) - 35085a69-c577-4be4-bc35-5cb4b1e64437: start LeaderElection
2019-09-20 14:17:02,191 [35085a69-c577-4be4-bc35-5cb4b1e64437-SegmentedRaftLogWorker:Storage Directory /workdir/hadoop-ozone/ozonefs/target/test-dir/MiniOzoneClusterImpl-a6efaa66-6ca1-47a3-8b50-c5fe67a1a9f1/datanode-0/data/ratis/9d648d1f-eb63-4431-91ca-9baa92225f20] INFO  segmented.SegmentedRaftLogWorker (SegmentedRaftLogWorker.java:execute(569)) - 35085a69-c577-4be4-bc35-5cb4b1e64437-SegmentedRaftLogWorker:Storage Directory /workdir/hadoop-ozone/ozonefs/target/test-dir/MiniOzoneClusterImpl-a6efaa66-6ca1-47a3-8b50-c5fe67a1a9f1/datanode-0/data/ratis/9d648d1f-eb63-4431-91ca-9baa92225f20: created new log segment /workdir/hadoop-ozone/ozonefs/target/test-dir/MiniOzoneClusterImpl-a6efaa66-6ca1-47a3-8b50-c5fe67a1a9f1/datanode-0/data/ratis/9d648d1f-eb63-4431-91ca-9baa92225f20/current/log_inprogress_0
2019-09-20 14:17:02,191 [35085a69-c577-4be4-bc35-5cb4b1e64437:group-A99371238950:LeaderElection94] INFO  impl.LeaderElection (LeaderElection.java:askForVotes(181)) - 35085a69-c577-4be4-bc35-5cb4b1e64437:group-A99371238950:LeaderElection94: begin an election at term 1 for -1: [35085a69-c577-4be4-bc35-5cb4b1e64437:192.168.36.99:45686], old=null
2019-09-20 14:17:02,191 [35085a69-c577-4be4-bc35-5cb4b1e64437:group-A99371238950:LeaderElection94] INFO  impl.RoleInfo (RoleInfo.java:shutdownLeaderElection(134)) - 35085a69-c577-4be4-bc35-5cb4b1e64437: shutdown LeaderElection
2019-09-20 14:17:02,192 [35085a69-c577-4be4-bc35-5cb4b1e64437:group-A99371238950:LeaderElection94] INFO  impl.RaftServerImpl (RaftServerImpl.java:setRole(171)) - 35085a69-c577-4be4-bc35-5cb4b1e64437:group-A99371238950 changes role from CANDIDATE to LEADER at term 1 for changeToLeader
2019-09-20 14:17:02,192 [35085a69-c577-4be4-bc35-5cb4b1e64437:group-A99371238950:LeaderElection94] INFO  impl.RaftServerImpl (ServerState.java:setLeader(263)) - 35085a69-c577-4be4-bc35-5cb4b1e64437:group-A99371238950 change Leader from null to 35085a69-c577-4be4-bc35-5cb4b1e64437 at term 1 for becomeLeader, leader elected after 5114ms
2019-09-20 14:17:02,192 [35085a69-c577-4be4-bc35-5cb4b1e64437:group-A99371238950:LeaderElection94] INFO  server.RaftServerConfigKeys (ConfUtils.java:logGet(43)) - raft.server.staging.catchup.gap = 1000 (default)
2019-09-20 14:17:02,192 [35085a69-c577-4be4-bc35-5cb4b1e64437:group-A99371238950:LeaderElection94] INFO  server.RaftServerConfigKeys (ConfUtils.java:logGet(43)) - raft.server.rpc.sleep.time = 25ms (default)
2019-09-20 14:17:02,192 [35085a69-c577-4be4-bc35-5cb4b1e64437:group-A99371238950:LeaderElection94] INFO  server.RaftServerConfigKeys (ConfUtils.java:logGet(43)) - raft.server.write.element-limit = 4096 (default)
2019-09-20 14:17:02,192 [35085a69-c577-4be4-bc35-5cb4b1e64437:group-A99371238950:LeaderElection94] INFO  server.RaftServerConfigKeys (ConfUtils.java:logGet(43)) - raft.server.watch.timeout = 10s (default)
2019-09-20 14:17:02,193 [35085a69-c577-4be4-bc35-5cb4b1e64437:group-A99371238950:LeaderElection94] INFO  server.RaftServerConfigKeys (ConfUtils.java:logGet(43)) - raft.server.watch.timeout.denomination = 1s (default)
2019-09-20 14:17:02,193 [35085a69-c577-4be4-bc35-5cb4b1e64437:group-A99371238950:LeaderElection94] INFO  server.RaftServerConfigKeys (ConfUtils.java:logGet(43)) - raft.server.watch.element-limit = 65536 (default)
2019-09-20 14:17:02,193 [35085a69-c577-4be4-bc35-5cb4b1e64437:group-A99371238950:LeaderElection94] INFO  impl.RoleInfo (RoleInfo.java:updateAndGet(143)) - 35085a69-c577-4be4-bc35-5cb4b1e64437: start LeaderState
2019-09-20 14:17:02,193 [35085a69-c577-4be4-bc35-5cb4b1e64437:group-A99371238950:LeaderElection94] INFO  segmented.SegmentedRaftLogWorker (SegmentedRaftLogWorker.java:startLogSegment(380)) - 35085a69-c577-4be4-bc35-5cb4b1e64437-SegmentedRaftLogWorker:Storage Directory /workdir/hadoop-ozone/ozonefs/target/test-dir/MiniOzoneClusterImpl-a6efaa66-6ca1-47a3-8b50-c5fe67a1a9f1/datanode-0/data/ratis/7030b0a7-a615-4bf0-a199-a99371238950: Starting segment from index:0
2019-09-20 14:17:02,194 [35085a69-c577-4be4-bc35-5cb4b1e64437:group-A99371238950:LeaderElection94] INFO  impl.RaftServerImpl (ServerState.java:setRaftConf(361)) - 35085a69-c577-4be4-bc35-5cb4b1e64437:group-A99371238950 set configuration 0: [35085a69-c577-4be4-bc35-5cb4b1e64437:192.168.36.99:45686], old=null at 0
2019-09-20 14:17:02,198 [35085a69-c577-4be4-bc35-5cb4b1e64437:group-E30C82D1DFDF:LeaderElection95] INFO  impl.LeaderElection (LeaderElection.java:askForVotes(181)) - 35085a69-c577-4be4-bc35-5cb4b1e64437:group-E30C82D1DFDF:LeaderElection95: begin an election at term 1 for -1: [35085a69-c577-4be4-bc35-5cb4b1e64437:192.168.36.99:45686], old=null
2019-09-20 14:17:02,198 [35085a69-c577-4be4-bc35-5cb4b1e64437:group-E30C82D1DFDF:LeaderElection95] INFO  impl.RoleInfo (RoleInfo.java:shutdownLeaderElection(134)) - 35085a69-c577-4be4-bc35-5cb4b1e64437: shutdown LeaderElection
2019-09-20 14:17:02,198 [35085a69-c577-4be4-bc35-5cb4b1e64437:group-E30C82D1DFDF:LeaderElection95] INFO  impl.RaftServerImpl (RaftServerImpl.java:setRole(171)) - 35085a69-c577-4be4-bc35-5cb4b1e64437:group-E30C82D1DFDF changes role from CANDIDATE to LEADER at term 1 for changeToLeader
2019-09-20 14:17:02,198 [35085a69-c577-4be4-bc35-5cb4b1e64437:group-E30C82D1DFDF:LeaderElection95] INFO  impl.RaftServerImpl (ServerState.java:setLeader(263)) - 35085a69-c577-4be4-bc35-5cb4b1e64437:group-E30C82D1DFDF change Leader from null to 35085a69-c577-4be4-bc35-5cb4b1e64437 at term 1 for becomeLeader, leader elected after 5069ms
2019-09-20 14:17:02,198 [35085a69-c577-4be4-bc35-5cb4b1e64437:group-E30C82D1DFDF:LeaderElection95] INFO  server.RaftServerConfigKeys (ConfUtils.java:logGet(43)) - raft.server.staging.catchup.gap = 1000 (default)
2019-09-20 14:17:02,198 [35085a69-c577-4be4-bc35-5cb4b1e64437:group-E30C82D1DFDF:LeaderElection95] INFO  server.RaftServerConfigKeys (ConfUtils.java:logGet(43)) - raft.server.rpc.sleep.time = 25ms (default)
2019-09-20 14:17:02,199 [35085a69-c577-4be4-bc35-5cb4b1e64437:group-E30C82D1DFDF:LeaderElection95] INFO  server.RaftServerConfigKeys (ConfUtils.java:logGet(43)) - raft.server.write.element-limit = 4096 (default)
2019-09-20 14:17:02,199 [35085a69-c577-4be4-bc35-5cb4b1e64437:group-E30C82D1DFDF:LeaderElection95] INFO  server.RaftServerConfigKeys (ConfUtils.java:logGet(43)) - raft.server.watch.timeout = 10s (default)
2019-09-20 14:17:02,199 [35085a69-c577-4be4-bc35-5cb4b1e64437:group-E30C82D1DFDF:LeaderElection95] INFO  server.RaftServerConfigKeys (ConfUtils.java:logGet(43)) - raft.server.watch.timeout.denomination = 1s (default)
2019-09-20 14:17:02,199 [35085a69-c577-4be4-bc35-5cb4b1e64437:group-E30C82D1DFDF:LeaderElection95] INFO  server.RaftServerConfigKeys (ConfUtils.java:logGet(43)) - raft.server.watch.element-limit = 65536 (default)
2019-09-20 14:17:02,199 [35085a69-c577-4be4-bc35-5cb4b1e64437:group-E30C82D1DFDF:LeaderElection95] INFO  impl.RoleInfo (RoleInfo.java:updateAndGet(143)) - 35085a69-c577-4be4-bc35-5cb4b1e64437: start LeaderState
2019-09-20 14:17:02,199 [35085a69-c577-4be4-bc35-5cb4b1e64437:group-E30C82D1DFDF:LeaderElection95] INFO  segmented.SegmentedRaftLogWorker (SegmentedRaftLogWorker.java:startLogSegment(380)) - 35085a69-c577-4be4-bc35-5cb4b1e64437-SegmentedRaftLogWorker:Storage Directory /workdir/hadoop-ozone/ozonefs/target/test-dir/MiniOzoneClusterImpl-a6efaa66-6ca1-47a3-8b50-c5fe67a1a9f1/datanode-0/data/ratis/6322bf10-6f52-4473-b56a-e30c82d1dfdf: Starting segment from index:0
2019-09-20 14:17:02,200 [35085a69-c577-4be4-bc35-5cb4b1e64437:group-E30C82D1DFDF:LeaderElection95] INFO  impl.RaftServerImpl (ServerState.java:setRaftConf(361)) - 35085a69-c577-4be4-bc35-5cb4b1e64437:group-E30C82D1DFDF set configuration 0: [35085a69-c577-4be4-bc35-5cb4b1e64437:192.168.36.99:45686], old=null at 0
2019-09-20 14:17:02,240 | INFO  | SCMAudit | user=jenkins1000 | ip=192.168.36.99 | op=SEND_HEARTBEAT {datanodeUUID=f858022d-8b6c-40dd-9b02-9ee6db579943, command=[]} | ret=SUCCESS |  
2019-09-20 14:17:02,259 [35085a69-c577-4be4-bc35-5cb4b1e64437-SegmentedRaftLogWorker:Storage Directory /workdir/hadoop-ozone/ozonefs/target/test-dir/MiniOzoneClusterImpl-a6efaa66-6ca1-47a3-8b50-c5fe67a1a9f1/datanode-0/data/ratis/7030b0a7-a615-4bf0-a199-a99371238950] INFO  segmented.SegmentedRaftLogWorker (SegmentedRaftLogWorker.java:execute(569)) - 35085a69-c577-4be4-bc35-5cb4b1e64437-SegmentedRaftLogWorker:Storage Directory /workdir/hadoop-ozone/ozonefs/target/test-dir/MiniOzoneClusterImpl-a6efaa66-6ca1-47a3-8b50-c5fe67a1a9f1/datanode-0/data/ratis/7030b0a7-a615-4bf0-a199-a99371238950: created new log segment /workdir/hadoop-ozone/ozonefs/target/test-dir/MiniOzoneClusterImpl-a6efaa66-6ca1-47a3-8b50-c5fe67a1a9f1/datanode-0/data/ratis/7030b0a7-a615-4bf0-a199-a99371238950/current/log_inprogress_0
2019-09-20 14:17:02,301 [35085a69-c577-4be4-bc35-5cb4b1e64437-SegmentedRaftLogWorker:Storage Directory /workdir/hadoop-ozone/ozonefs/target/test-dir/MiniOzoneClusterImpl-a6efaa66-6ca1-47a3-8b50-c5fe67a1a9f1/datanode-0/data/ratis/6322bf10-6f52-4473-b56a-e30c82d1dfdf] INFO  segmented.SegmentedRaftLogWorker (SegmentedRaftLogWorker.java:execute(569)) - 35085a69-c577-4be4-bc35-5cb4b1e64437-SegmentedRaftLogWorker:Storage Directory /workdir/hadoop-ozone/ozonefs/target/test-dir/MiniOzoneClusterImpl-a6efaa66-6ca1-47a3-8b50-c5fe67a1a9f1/datanode-0/data/ratis/6322bf10-6f52-4473-b56a-e30c82d1dfdf: created new log segment /workdir/hadoop-ozone/ozonefs/target/test-dir/MiniOzoneClusterImpl-a6efaa66-6ca1-47a3-8b50-c5fe67a1a9f1/datanode-0/data/ratis/6322bf10-6f52-4473-b56a-e30c82d1dfdf/current/log_inprogress_0
2019-09-20 14:17:02,305 [Thread-1531] INFO  impl.FollowerState (FollowerState.java:run(106)) - 5417499b-8247-461e-be10-1b45bf247d25:group-167FB18B324E changes to CANDIDATE, lastRpcTime:5063, electionTimeout:5063ms
2019-09-20 14:17:02,305 [Thread-1531] INFO  impl.RoleInfo (RoleInfo.java:shutdownFollowerState(121)) - 5417499b-8247-461e-be10-1b45bf247d25: shutdown FollowerState
2019-09-20 14:17:02,305 [Thread-1531] INFO  impl.RaftServerImpl (RaftServerImpl.java:setRole(171)) - 5417499b-8247-461e-be10-1b45bf247d25:group-167FB18B324E changes role from FOLLOWER to CANDIDATE at term 0 for changeToCandidate
2019-09-20 14:17:02,306 [Thread-1531] INFO  impl.RoleInfo (RoleInfo.java:updateAndGet(143)) - 5417499b-8247-461e-be10-1b45bf247d25: start LeaderElection
2019-09-20 14:17:02,326 [5417499b-8247-461e-be10-1b45bf247d25:group-167FB18B324E:LeaderElection96] INFO  impl.LeaderElection (LeaderElection.java:askForVotes(181)) - 5417499b-8247-461e-be10-1b45bf247d25:group-167FB18B324E:LeaderElection96: begin an election at term 1 for -1: [5417499b-8247-461e-be10-1b45bf247d25:192.168.36.99:43697], old=null
2019-09-20 14:17:02,326 [5417499b-8247-461e-be10-1b45bf247d25:group-167FB18B324E:LeaderElection96] INFO  impl.RoleInfo (RoleInfo.java:shutdownLeaderElection(134)) - 5417499b-8247-461e-be10-1b45bf247d25: shutdown LeaderElection
2019-09-20 14:17:02,327 [5417499b-8247-461e-be10-1b45bf247d25:group-167FB18B324E:LeaderElection96] INFO  impl.RaftServerImpl (RaftServerImpl.java:setRole(171)) - 5417499b-8247-461e-be10-1b45bf247d25:group-167FB18B324E changes role from CANDIDATE to LEADER at term 1 for changeToLeader
2019-09-20 14:17:02,327 [5417499b-8247-461e-be10-1b45bf247d25:group-167FB18B324E:LeaderElection96] INFO  impl.RaftServerImpl (ServerState.java:setLeader(263)) - 5417499b-8247-461e-be10-1b45bf247d25:group-167FB18B324E change Leader from null to 5417499b-8247-461e-be10-1b45bf247d25 at term 1 for becomeLeader, leader elected after 5088ms
2019-09-20 14:17:02,327 [5417499b-8247-461e-be10-1b45bf247d25:group-167FB18B324E:LeaderElection96] INFO  server.RaftServerConfigKeys (ConfUtils.java:logGet(43)) - raft.server.staging.catchup.gap = 1000 (default)
2019-09-20 14:17:02,327 [5417499b-8247-461e-be10-1b45bf247d25:group-167FB18B324E:LeaderElection96] INFO  server.RaftServerConfigKeys (ConfUtils.java:logGet(43)) - raft.server.rpc.sleep.time = 25ms (default)
2019-09-20 14:17:02,327 [5417499b-8247-461e-be10-1b45bf247d25:group-167FB18B324E:LeaderElection96] INFO  server.RaftServerConfigKeys (ConfUtils.java:logGet(43)) - raft.server.write.element-limit = 4096 (default)
2019-09-20 14:17:02,327 [5417499b-8247-461e-be10-1b45bf247d25:group-167FB18B324E:LeaderElection96] INFO  server.RaftServerConfigKeys (ConfUtils.java:logGet(43)) - raft.server.watch.timeout = 10s (default)
2019-09-20 14:17:02,328 [5417499b-8247-461e-be10-1b45bf247d25:group-167FB18B324E:LeaderElection96] INFO  server.RaftServerConfigKeys (ConfUtils.java:logGet(43)) - raft.server.watch.timeout.denomination = 1s (default)
2019-09-20 14:17:02,328 [5417499b-8247-461e-be10-1b45bf247d25:group-167FB18B324E:LeaderElection96] INFO  server.RaftServerConfigKeys (ConfUtils.java:logGet(43)) - raft.server.watch.element-limit = 65536 (default)
2019-09-20 14:17:02,328 [5417499b-8247-461e-be10-1b45bf247d25:group-167FB18B324E:LeaderElection96] INFO  impl.RoleInfo (RoleInfo.java:updateAndGet(143)) - 5417499b-8247-461e-be10-1b45bf247d25: start LeaderState
2019-09-20 14:17:02,328 [5417499b-8247-461e-be10-1b45bf247d25:group-167FB18B324E:LeaderElection96] INFO  segmented.SegmentedRaftLogWorker (SegmentedRaftLogWorker.java:startLogSegment(380)) - 5417499b-8247-461e-be10-1b45bf247d25-SegmentedRaftLogWorker:Storage Directory /workdir/hadoop-ozone/ozonefs/target/test-dir/MiniOzoneClusterImpl-a6efaa66-6ca1-47a3-8b50-c5fe67a1a9f1/datanode-1/data/ratis/0e2b4a4e-e4e7-4be8-8fef-167fb18b324e: Starting segment from index:0
2019-09-20 14:17:02,329 [5417499b-8247-461e-be10-1b45bf247d25:group-167FB18B324E:LeaderElection96] INFO  impl.RaftServerImpl (ServerState.java:setRaftConf(361)) - 5417499b-8247-461e-be10-1b45bf247d25:group-167FB18B324E set configuration 0: [5417499b-8247-461e-be10-1b45bf247d25:192.168.36.99:43697], old=null at 0
2019-09-20 14:17:02,343 [Thread-1528] INFO  impl.FollowerState (FollowerState.java:run(106)) - 5417499b-8247-461e-be10-1b45bf247d25:group-4DB31C551A4C changes to CANDIDATE, lastRpcTime:5151, electionTimeout:5151ms
2019-09-20 14:17:02,343 [Thread-1528] INFO  impl.RoleInfo (RoleInfo.java:shutdownFollowerState(121)) - 5417499b-8247-461e-be10-1b45bf247d25: shutdown FollowerState
2019-09-20 14:17:02,344 [Thread-1528] INFO  impl.RaftServerImpl (RaftServerImpl.java:setRole(171)) - 5417499b-8247-461e-be10-1b45bf247d25:group-4DB31C551A4C changes role from FOLLOWER to CANDIDATE at term 0 for changeToCandidate
2019-09-20 14:17:02,344 [Thread-1528] INFO  impl.RoleInfo (RoleInfo.java:updateAndGet(143)) - 5417499b-8247-461e-be10-1b45bf247d25: start LeaderElection
2019-09-20 14:17:02,385 [5417499b-8247-461e-be10-1b45bf247d25-SegmentedRaftLogWorker:Storage Directory /workdir/hadoop-ozone/ozonefs/target/test-dir/MiniOzoneClusterImpl-a6efaa66-6ca1-47a3-8b50-c5fe67a1a9f1/datanode-1/data/ratis/0e2b4a4e-e4e7-4be8-8fef-167fb18b324e] INFO  segmented.SegmentedRaftLogWorker (SegmentedRaftLogWorker.java:execute(569)) - 5417499b-8247-461e-be10-1b45bf247d25-SegmentedRaftLogWorker:Storage Directory /workdir/hadoop-ozone/ozonefs/target/test-dir/MiniOzoneClusterImpl-a6efaa66-6ca1-47a3-8b50-c5fe67a1a9f1/datanode-1/data/ratis/0e2b4a4e-e4e7-4be8-8fef-167fb18b324e: created new log segment /workdir/hadoop-ozone/ozonefs/target/test-dir/MiniOzoneClusterImpl-a6efaa66-6ca1-47a3-8b50-c5fe67a1a9f1/datanode-1/data/ratis/0e2b4a4e-e4e7-4be8-8fef-167fb18b324e/current/log_inprogress_0
2019-09-20 14:17:02,385 [5417499b-8247-461e-be10-1b45bf247d25:group-4DB31C551A4C:LeaderElection97] INFO  impl.LeaderElection (LeaderElection.java:askForVotes(181)) - 5417499b-8247-461e-be10-1b45bf247d25:group-4DB31C551A4C:LeaderElection97: begin an election at term 1 for -1: [5417499b-8247-461e-be10-1b45bf247d25:192.168.36.99:43697], old=null
2019-09-20 14:17:02,385 [5417499b-8247-461e-be10-1b45bf247d25:group-4DB31C551A4C:LeaderElection97] INFO  impl.RoleInfo (RoleInfo.java:shutdownLeaderElection(134)) - 5417499b-8247-461e-be10-1b45bf247d25: shutdown LeaderElection
2019-09-20 14:17:02,386 [5417499b-8247-461e-be10-1b45bf247d25:group-4DB31C551A4C:LeaderElection97] INFO  impl.RaftServerImpl (RaftServerImpl.java:setRole(171)) - 5417499b-8247-461e-be10-1b45bf247d25:group-4DB31C551A4C changes role from CANDIDATE to LEADER at term 1 for changeToLeader
2019-09-20 14:17:02,386 [5417499b-8247-461e-be10-1b45bf247d25:group-4DB31C551A4C:LeaderElection97] INFO  impl.RaftServerImpl (ServerState.java:setLeader(263)) - 5417499b-8247-461e-be10-1b45bf247d25:group-4DB31C551A4C change Leader from null to 5417499b-8247-461e-be10-1b45bf247d25 at term 1 for becomeLeader, leader elected after 5198ms
2019-09-20 14:17:02,386 [5417499b-8247-461e-be10-1b45bf247d25:group-4DB31C551A4C:LeaderElection97] INFO  server.RaftServerConfigKeys (ConfUtils.java:logGet(43)) - raft.server.staging.catchup.gap = 1000 (default)
2019-09-20 14:17:02,386 [5417499b-8247-461e-be10-1b45bf247d25:group-4DB31C551A4C:LeaderElection97] INFO  server.RaftServerConfigKeys (ConfUtils.java:logGet(43)) - raft.server.rpc.sleep.time = 25ms (default)
2019-09-20 14:17:02,386 [5417499b-8247-461e-be10-1b45bf247d25:group-4DB31C551A4C:LeaderElection97] INFO  server.RaftServerConfigKeys (ConfUtils.java:logGet(43)) - raft.server.write.element-limit = 4096 (default)
2019-09-20 14:17:02,386 [5417499b-8247-461e-be10-1b45bf247d25:group-4DB31C551A4C:LeaderElection97] INFO  server.RaftServerConfigKeys (ConfUtils.java:logGet(43)) - raft.server.watch.timeout = 10s (default)
2019-09-20 14:17:02,387 [5417499b-8247-461e-be10-1b45bf247d25:group-4DB31C551A4C:LeaderElection97] INFO  server.RaftServerConfigKeys (ConfUtils.java:logGet(43)) - raft.server.watch.timeout.denomination = 1s (default)
2019-09-20 14:17:02,387 [5417499b-8247-461e-be10-1b45bf247d25:group-4DB31C551A4C:LeaderElection97] INFO  server.RaftServerConfigKeys (ConfUtils.java:logGet(43)) - raft.server.watch.element-limit = 65536 (default)
2019-09-20 14:17:02,387 [5417499b-8247-461e-be10-1b45bf247d25:group-4DB31C551A4C:LeaderElection97] INFO  impl.RoleInfo (RoleInfo.java:updateAndGet(143)) - 5417499b-8247-461e-be10-1b45bf247d25: start LeaderState
2019-09-20 14:17:02,387 [5417499b-8247-461e-be10-1b45bf247d25:group-4DB31C551A4C:LeaderElection97] INFO  segmented.SegmentedRaftLogWorker (SegmentedRaftLogWorker.java:startLogSegment(380)) - 5417499b-8247-461e-be10-1b45bf247d25-SegmentedRaftLogWorker:Storage Directory /workdir/hadoop-ozone/ozonefs/target/test-dir/MiniOzoneClusterImpl-a6efaa66-6ca1-47a3-8b50-c5fe67a1a9f1/datanode-1/data/ratis/d7502638-1999-4c99-89f6-4db31c551a4c: Starting segment from index:0
2019-09-20 14:17:02,388 [5417499b-8247-461e-be10-1b45bf247d25:group-4DB31C551A4C:LeaderElection97] INFO  impl.RaftServerImpl (ServerState.java:setRaftConf(361)) - 5417499b-8247-461e-be10-1b45bf247d25:group-4DB31C551A4C set configuration 0: [5417499b-8247-461e-be10-1b45bf247d25:192.168.36.99:43697], old=null at 0
2019-09-20 14:17:02,435 [5417499b-8247-461e-be10-1b45bf247d25-SegmentedRaftLogWorker:Storage Directory /workdir/hadoop-ozone/ozonefs/target/test-dir/MiniOzoneClusterImpl-a6efaa66-6ca1-47a3-8b50-c5fe67a1a9f1/datanode-1/data/ratis/d7502638-1999-4c99-89f6-4db31c551a4c] INFO  segmented.SegmentedRaftLogWorker (SegmentedRaftLogWorker.java:execute(569)) - 5417499b-8247-461e-be10-1b45bf247d25-SegmentedRaftLogWorker:Storage Directory /workdir/hadoop-ozone/ozonefs/target/test-dir/MiniOzoneClusterImpl-a6efaa66-6ca1-47a3-8b50-c5fe67a1a9f1/datanode-1/data/ratis/d7502638-1999-4c99-89f6-4db31c551a4c: created new log segment /workdir/hadoop-ozone/ozonefs/target/test-dir/MiniOzoneClusterImpl-a6efaa66-6ca1-47a3-8b50-c5fe67a1a9f1/datanode-1/data/ratis/d7502638-1999-4c99-89f6-4db31c551a4c/current/log_inprogress_0
2019-09-20 14:17:02,483 [Thread-1537] INFO  impl.FollowerState (FollowerState.java:run(106)) - f858022d-8b6c-40dd-9b02-9ee6db579943:group-4703EFA8EAF7 changes to CANDIDATE, lastRpcTime:5140, electionTimeout:5140ms
2019-09-20 14:17:02,483 [Thread-1537] INFO  impl.RoleInfo (RoleInfo.java:shutdownFollowerState(121)) - f858022d-8b6c-40dd-9b02-9ee6db579943: shutdown FollowerState
2019-09-20 14:17:02,484 [Thread-1537] INFO  impl.RaftServerImpl (RaftServerImpl.java:setRole(171)) - f858022d-8b6c-40dd-9b02-9ee6db579943:group-4703EFA8EAF7 changes role from FOLLOWER to CANDIDATE at term 0 for changeToCandidate
2019-09-20 14:17:02,484 [Thread-1537] INFO  impl.RoleInfo (RoleInfo.java:updateAndGet(143)) - f858022d-8b6c-40dd-9b02-9ee6db579943: start LeaderElection
2019-09-20 14:17:02,493 [Thread-1534] INFO  impl.FollowerState (FollowerState.java:run(106)) - 5417499b-8247-461e-be10-1b45bf247d25:group-693EB31740FE changes to CANDIDATE, lastRpcTime:5200, electionTimeout:5200ms
2019-09-20 14:17:02,493 [Thread-1534] INFO  impl.RoleInfo (RoleInfo.java:shutdownFollowerState(121)) - 5417499b-8247-461e-be10-1b45bf247d25: shutdown FollowerState
2019-09-20 14:17:02,493 [Thread-1534] INFO  impl.RaftServerImpl (RaftServerImpl.java:setRole(171)) - 5417499b-8247-461e-be10-1b45bf247d25:group-693EB31740FE changes role from FOLLOWER to CANDIDATE at term 0 for changeToCandidate
2019-09-20 14:17:02,493 [Thread-1534] INFO  impl.RoleInfo (RoleInfo.java:updateAndGet(143)) - 5417499b-8247-461e-be10-1b45bf247d25: start LeaderElection
2019-09-20 14:17:02,537 [Thread-1540] INFO  impl.FollowerState (FollowerState.java:run(106)) - f858022d-8b6c-40dd-9b02-9ee6db579943:group-133D4EB9930F changes to CANDIDATE, lastRpcTime:5100, electionTimeout:5100ms
2019-09-20 14:17:02,537 [Thread-1540] INFO  impl.RoleInfo (RoleInfo.java:shutdownFollowerState(121)) - f858022d-8b6c-40dd-9b02-9ee6db579943: shutdown FollowerState
2019-09-20 14:17:02,537 [Thread-1540] INFO  impl.RaftServerImpl (RaftServerImpl.java:setRole(171)) - f858022d-8b6c-40dd-9b02-9ee6db579943:group-133D4EB9930F changes role from FOLLOWER to CANDIDATE at term 0 for changeToCandidate
2019-09-20 14:17:02,538 [Thread-1540] INFO  impl.RoleInfo (RoleInfo.java:updateAndGet(143)) - f858022d-8b6c-40dd-9b02-9ee6db579943: start LeaderElection
2019-09-20 14:17:02,544 [f858022d-8b6c-40dd-9b02-9ee6db579943:group-4703EFA8EAF7:LeaderElection98] INFO  impl.LeaderElection (LeaderElection.java:askForVotes(181)) - f858022d-8b6c-40dd-9b02-9ee6db579943:group-4703EFA8EAF7:LeaderElection98: begin an election at term 1 for -1: [f858022d-8b6c-40dd-9b02-9ee6db579943:192.168.36.99:35753], old=null
2019-09-20 14:17:02,544 [5417499b-8247-461e-be10-1b45bf247d25:group-693EB31740FE:LeaderElection99] INFO  impl.LeaderElection (LeaderElection.java:askForVotes(181)) - 5417499b-8247-461e-be10-1b45bf247d25:group-693EB31740FE:LeaderElection99: begin an election at term 1 for -1: [5417499b-8247-461e-be10-1b45bf247d25:192.168.36.99:43697], old=null
2019-09-20 14:17:02,544 [f858022d-8b6c-40dd-9b02-9ee6db579943:group-4703EFA8EAF7:LeaderElection98] INFO  impl.RoleInfo (RoleInfo.java:shutdownLeaderElection(134)) - f858022d-8b6c-40dd-9b02-9ee6db579943: shutdown LeaderElection
2019-09-20 14:17:02,544 [5417499b-8247-461e-be10-1b45bf247d25:group-693EB31740FE:LeaderElection99] INFO  impl.RoleInfo (RoleInfo.java:shutdownLeaderElection(134)) - 5417499b-8247-461e-be10-1b45bf247d25: shutdown LeaderElection
2019-09-20 14:17:02,545 [5417499b-8247-461e-be10-1b45bf247d25:group-693EB31740FE:LeaderElection99] INFO  impl.RaftServerImpl (RaftServerImpl.java:setRole(171)) - 5417499b-8247-461e-be10-1b45bf247d25:group-693EB31740FE changes role from CANDIDATE to LEADER at term 1 for changeToLeader
2019-09-20 14:17:02,545 [f858022d-8b6c-40dd-9b02-9ee6db579943:group-4703EFA8EAF7:LeaderElection98] INFO  impl.RaftServerImpl (RaftServerImpl.java:setRole(171)) - f858022d-8b6c-40dd-9b02-9ee6db579943:group-4703EFA8EAF7 changes role from CANDIDATE to LEADER at term 1 for changeToLeader
2019-09-20 14:17:02,545 [5417499b-8247-461e-be10-1b45bf247d25:group-693EB31740FE:LeaderElection99] INFO  impl.RaftServerImpl (ServerState.java:setLeader(263)) - 5417499b-8247-461e-be10-1b45bf247d25:group-693EB31740FE change Leader from null to 5417499b-8247-461e-be10-1b45bf247d25 at term 1 for becomeLeader, leader elected after 5255ms
2019-09-20 14:17:02,545 [f858022d-8b6c-40dd-9b02-9ee6db579943:group-4703EFA8EAF7:LeaderElection98] INFO  impl.RaftServerImpl (ServerState.java:setLeader(263)) - f858022d-8b6c-40dd-9b02-9ee6db579943:group-4703EFA8EAF7 change Leader from null to f858022d-8b6c-40dd-9b02-9ee6db579943 at term 1 for becomeLeader, leader elected after 5204ms
2019-09-20 14:17:02,545 [5417499b-8247-461e-be10-1b45bf247d25:group-693EB31740FE:LeaderElection99] INFO  server.RaftServerConfigKeys (ConfUtils.java:logGet(43)) - raft.server.staging.catchup.gap = 1000 (default)
2019-09-20 14:17:02,545 [f858022d-8b6c-40dd-9b02-9ee6db579943:group-4703EFA8EAF7:LeaderElection98] INFO  server.RaftServerConfigKeys (ConfUtils.java:logGet(43)) - raft.server.staging.catchup.gap = 1000 (default)
2019-09-20 14:17:02,545 [5417499b-8247-461e-be10-1b45bf247d25:group-693EB31740FE:LeaderElection99] INFO  server.RaftServerConfigKeys (ConfUtils.java:logGet(43)) - raft.server.rpc.sleep.time = 25ms (default)
2019-09-20 14:17:02,546 [f858022d-8b6c-40dd-9b02-9ee6db579943:group-4703EFA8EAF7:LeaderElection98] INFO  server.RaftServerConfigKeys (ConfUtils.java:logGet(43)) - raft.server.rpc.sleep.time = 25ms (default)
2019-09-20 14:17:02,546 [5417499b-8247-461e-be10-1b45bf247d25:group-693EB31740FE:LeaderElection99] INFO  server.RaftServerConfigKeys (ConfUtils.java:logGet(43)) - raft.server.write.element-limit = 4096 (default)
2019-09-20 14:17:02,546 [f858022d-8b6c-40dd-9b02-9ee6db579943:group-4703EFA8EAF7:LeaderElection98] INFO  server.RaftServerConfigKeys (ConfUtils.java:logGet(43)) - raft.server.write.element-limit = 4096 (default)
2019-09-20 14:17:02,546 [5417499b-8247-461e-be10-1b45bf247d25:group-693EB31740FE:LeaderElection99] INFO  server.RaftServerConfigKeys (ConfUtils.java:logGet(43)) - raft.server.watch.timeout = 10s (default)
2019-09-20 14:17:02,546 [f858022d-8b6c-40dd-9b02-9ee6db579943:group-4703EFA8EAF7:LeaderElection98] INFO  server.RaftServerConfigKeys (ConfUtils.java:logGet(43)) - raft.server.watch.timeout = 10s (default)
2019-09-20 14:17:02,546 [5417499b-8247-461e-be10-1b45bf247d25:group-693EB31740FE:LeaderElection99] INFO  server.RaftServerConfigKeys (ConfUtils.java:logGet(43)) - raft.server.watch.timeout.denomination = 1s (default)
2019-09-20 14:17:02,546 [f858022d-8b6c-40dd-9b02-9ee6db579943:group-4703EFA8EAF7:LeaderElection98] INFO  server.RaftServerConfigKeys (ConfUtils.java:logGet(43)) - raft.server.watch.timeout.denomination = 1s (default)
2019-09-20 14:17:02,547 [5417499b-8247-461e-be10-1b45bf247d25:group-693EB31740FE:LeaderElection99] INFO  server.RaftServerConfigKeys (ConfUtils.java:logGet(43)) - raft.server.watch.element-limit = 65536 (default)
2019-09-20 14:17:02,547 [f858022d-8b6c-40dd-9b02-9ee6db579943:group-4703EFA8EAF7:LeaderElection98] INFO  server.RaftServerConfigKeys (ConfUtils.java:logGet(43)) - raft.server.watch.element-limit = 65536 (default)
2019-09-20 14:17:02,547 [5417499b-8247-461e-be10-1b45bf247d25:group-693EB31740FE:LeaderElection99] INFO  impl.RoleInfo (RoleInfo.java:updateAndGet(143)) - 5417499b-8247-461e-be10-1b45bf247d25: start LeaderState
2019-09-20 14:17:02,547 [f858022d-8b6c-40dd-9b02-9ee6db579943:group-4703EFA8EAF7:LeaderElection98] INFO  impl.RoleInfo (RoleInfo.java:updateAndGet(143)) - f858022d-8b6c-40dd-9b02-9ee6db579943: start LeaderState
2019-09-20 14:17:02,547 [5417499b-8247-461e-be10-1b45bf247d25:group-693EB31740FE:LeaderElection99] INFO  segmented.SegmentedRaftLogWorker (SegmentedRaftLogWorker.java:startLogSegment(380)) - 5417499b-8247-461e-be10-1b45bf247d25-SegmentedRaftLogWorker:Storage Directory /workdir/hadoop-ozone/ozonefs/target/test-dir/MiniOzoneClusterImpl-a6efaa66-6ca1-47a3-8b50-c5fe67a1a9f1/datanode-1/data/ratis/a0b3baaa-accb-434f-b688-693eb31740fe: Starting segment from index:0
2019-09-20 14:17:02,547 [f858022d-8b6c-40dd-9b02-9ee6db579943:group-4703EFA8EAF7:LeaderElection98] INFO  segmented.SegmentedRaftLogWorker (SegmentedRaftLogWorker.java:startLogSegment(380)) - f858022d-8b6c-40dd-9b02-9ee6db579943-SegmentedRaftLogWorker:Storage Directory /workdir/hadoop-ozone/ozonefs/target/test-dir/MiniOzoneClusterImpl-a6efaa66-6ca1-47a3-8b50-c5fe67a1a9f1/datanode-2/data/ratis/4e1b4d1a-7f9f-4bd8-a3ff-4703efa8eaf7: Starting segment from index:0
2019-09-20 14:17:02,548 [5417499b-8247-461e-be10-1b45bf247d25:group-693EB31740FE:LeaderElection99] INFO  impl.RaftServerImpl (ServerState.java:setRaftConf(361)) - 5417499b-8247-461e-be10-1b45bf247d25:group-693EB31740FE set configuration 0: [5417499b-8247-461e-be10-1b45bf247d25:192.168.36.99:43697], old=null at 0
2019-09-20 14:17:02,548 [f858022d-8b6c-40dd-9b02-9ee6db579943:group-4703EFA8EAF7:LeaderElection98] INFO  impl.RaftServerImpl (ServerState.java:setRaftConf(361)) - f858022d-8b6c-40dd-9b02-9ee6db579943:group-4703EFA8EAF7 set configuration 0: [f858022d-8b6c-40dd-9b02-9ee6db579943:192.168.36.99:35753], old=null at 0
2019-09-20 14:17:02,586 [f858022d-8b6c-40dd-9b02-9ee6db579943:group-133D4EB9930F:LeaderElection100] INFO  impl.LeaderElection (LeaderElection.java:askForVotes(181)) - f858022d-8b6c-40dd-9b02-9ee6db579943:group-133D4EB9930F:LeaderElection100: begin an election at term 1 for -1: [f858022d-8b6c-40dd-9b02-9ee6db579943:192.168.36.99:35753], old=null
2019-09-20 14:17:02,587 [f858022d-8b6c-40dd-9b02-9ee6db579943:group-133D4EB9930F:LeaderElection100] INFO  impl.RoleInfo (RoleInfo.java:shutdownLeaderElection(134)) - f858022d-8b6c-40dd-9b02-9ee6db579943: shutdown LeaderElection
2019-09-20 14:17:02,587 [f858022d-8b6c-40dd-9b02-9ee6db579943:group-133D4EB9930F:LeaderElection100] INFO  impl.RaftServerImpl (RaftServerImpl.java:setRole(171)) - f858022d-8b6c-40dd-9b02-9ee6db579943:group-133D4EB9930F changes role from CANDIDATE to LEADER at term 1 for changeToLeader
2019-09-20 14:17:02,587 [f858022d-8b6c-40dd-9b02-9ee6db579943:group-133D4EB9930F:LeaderElection100] INFO  impl.RaftServerImpl (ServerState.java:setLeader(263)) - f858022d-8b6c-40dd-9b02-9ee6db579943:group-133D4EB9930F change Leader from null to f858022d-8b6c-40dd-9b02-9ee6db579943 at term 1 for becomeLeader, leader elected after 5153ms
2019-09-20 14:17:02,587 [f858022d-8b6c-40dd-9b02-9ee6db579943:group-133D4EB9930F:LeaderElection100] INFO  server.RaftServerConfigKeys (ConfUtils.java:logGet(43)) - raft.server.staging.catchup.gap = 1000 (default)
2019-09-20 14:17:02,587 [f858022d-8b6c-40dd-9b02-9ee6db579943:group-133D4EB9930F:LeaderElection100] INFO  server.RaftServerConfigKeys (ConfUtils.java:logGet(43)) - raft.server.rpc.sleep.time = 25ms (default)
2019-09-20 14:17:02,588 [f858022d-8b6c-40dd-9b02-9ee6db579943:group-133D4EB9930F:LeaderElection100] INFO  server.RaftServerConfigKeys (ConfUtils.java:logGet(43)) - raft.server.write.element-limit = 4096 (default)
2019-09-20 14:17:02,588 [f858022d-8b6c-40dd-9b02-9ee6db579943:group-133D4EB9930F:LeaderElection100] INFO  server.RaftServerConfigKeys (ConfUtils.java:logGet(43)) - raft.server.watch.timeout = 10s (default)
2019-09-20 14:17:02,588 [f858022d-8b6c-40dd-9b02-9ee6db579943:group-133D4EB9930F:LeaderElection100] INFO  server.RaftServerConfigKeys (ConfUtils.java:logGet(43)) - raft.server.watch.timeout.denomination = 1s (default)
2019-09-20 14:17:02,588 [f858022d-8b6c-40dd-9b02-9ee6db579943:group-133D4EB9930F:LeaderElection100] INFO  server.RaftServerConfigKeys (ConfUtils.java:logGet(43)) - raft.server.watch.element-limit = 65536 (default)
2019-09-20 14:17:02,588 [f858022d-8b6c-40dd-9b02-9ee6db579943:group-133D4EB9930F:LeaderElection100] INFO  impl.RoleInfo (RoleInfo.java:updateAndGet(143)) - f858022d-8b6c-40dd-9b02-9ee6db579943: start LeaderState
2019-09-20 14:17:02,589 [f858022d-8b6c-40dd-9b02-9ee6db579943:group-133D4EB9930F:LeaderElection100] INFO  segmented.SegmentedRaftLogWorker (SegmentedRaftLogWorker.java:startLogSegment(380)) - f858022d-8b6c-40dd-9b02-9ee6db579943-SegmentedRaftLogWorker:Storage Directory /workdir/hadoop-ozone/ozonefs/target/test-dir/MiniOzoneClusterImpl-a6efaa66-6ca1-47a3-8b50-c5fe67a1a9f1/datanode-2/data/ratis/c1dfeb57-d96b-4426-9536-133d4eb9930f: Starting segment from index:0
2019-09-20 14:17:02,589 [f858022d-8b6c-40dd-9b02-9ee6db579943:group-133D4EB9930F:LeaderElection100] INFO  impl.RaftServerImpl (ServerState.java:setRaftConf(361)) - f858022d-8b6c-40dd-9b02-9ee6db579943:group-133D4EB9930F set configuration 0: [f858022d-8b6c-40dd-9b02-9ee6db579943:192.168.36.99:35753], old=null at 0
2019-09-20 14:17:02,612 [f858022d-8b6c-40dd-9b02-9ee6db579943-SegmentedRaftLogWorker:Storage Directory /workdir/hadoop-ozone/ozonefs/target/test-dir/MiniOzoneClusterImpl-a6efaa66-6ca1-47a3-8b50-c5fe67a1a9f1/datanode-2/data/ratis/4e1b4d1a-7f9f-4bd8-a3ff-4703efa8eaf7] INFO  segmented.SegmentedRaftLogWorker (SegmentedRaftLogWorker.java:execute(569)) - f858022d-8b6c-40dd-9b02-9ee6db579943-SegmentedRaftLogWorker:Storage Directory /workdir/hadoop-ozone/ozonefs/target/test-dir/MiniOzoneClusterImpl-a6efaa66-6ca1-47a3-8b50-c5fe67a1a9f1/datanode-2/data/ratis/4e1b4d1a-7f9f-4bd8-a3ff-4703efa8eaf7: created new log segment /workdir/hadoop-ozone/ozonefs/target/test-dir/MiniOzoneClusterImpl-a6efaa66-6ca1-47a3-8b50-c5fe67a1a9f1/datanode-2/data/ratis/4e1b4d1a-7f9f-4bd8-a3ff-4703efa8eaf7/current/log_inprogress_0
2019-09-20 14:17:02,612 [5417499b-8247-461e-be10-1b45bf247d25-SegmentedRaftLogWorker:Storage Directory /workdir/hadoop-ozone/ozonefs/target/test-dir/MiniOzoneClusterImpl-a6efaa66-6ca1-47a3-8b50-c5fe67a1a9f1/datanode-1/data/ratis/a0b3baaa-accb-434f-b688-693eb31740fe] INFO  segmented.SegmentedRaftLogWorker (SegmentedRaftLogWorker.java:execute(569)) - 5417499b-8247-461e-be10-1b45bf247d25-SegmentedRaftLogWorker:Storage Directory /workdir/hadoop-ozone/ozonefs/target/test-dir/MiniOzoneClusterImpl-a6efaa66-6ca1-47a3-8b50-c5fe67a1a9f1/datanode-1/data/ratis/a0b3baaa-accb-434f-b688-693eb31740fe: created new log segment /workdir/hadoop-ozone/ozonefs/target/test-dir/MiniOzoneClusterImpl-a6efaa66-6ca1-47a3-8b50-c5fe67a1a9f1/datanode-1/data/ratis/a0b3baaa-accb-434f-b688-693eb31740fe/current/log_inprogress_0
2019-09-20 14:17:02,628 [Thread-1546] INFO  impl.FollowerState (FollowerState.java:run(106)) - 5417499b-8247-461e-be10-1b45bf247d25:group-1205E2255D61 changes to CANDIDATE, lastRpcTime:5082, electionTimeout:5082ms
2019-09-20 14:17:02,628 [Thread-1546] INFO  impl.RoleInfo (RoleInfo.java:shutdownFollowerState(121)) - 5417499b-8247-461e-be10-1b45bf247d25: shutdown FollowerState
2019-09-20 14:17:02,628 [Thread-1546] INFO  impl.RaftServerImpl (RaftServerImpl.java:setRole(171)) - 5417499b-8247-461e-be10-1b45bf247d25:group-1205E2255D61 changes role from FOLLOWER to CANDIDATE at term 0 for changeToCandidate
2019-09-20 14:17:02,628 [Thread-1546] INFO  impl.RoleInfo (RoleInfo.java:updateAndGet(143)) - 5417499b-8247-461e-be10-1b45bf247d25: start LeaderElection
2019-09-20 14:17:02,645 [f858022d-8b6c-40dd-9b02-9ee6db579943-SegmentedRaftLogWorker:Storage Directory /workdir/hadoop-ozone/ozonefs/target/test-dir/MiniOzoneClusterImpl-a6efaa66-6ca1-47a3-8b50-c5fe67a1a9f1/datanode-2/data/ratis/c1dfeb57-d96b-4426-9536-133d4eb9930f] INFO  segmented.SegmentedRaftLogWorker (SegmentedRaftLogWorker.java:execute(569)) - f858022d-8b6c-40dd-9b02-9ee6db579943-SegmentedRaftLogWorker:Storage Directory /workdir/hadoop-ozone/ozonefs/target/test-dir/MiniOzoneClusterImpl-a6efaa66-6ca1-47a3-8b50-c5fe67a1a9f1/datanode-2/data/ratis/c1dfeb57-d96b-4426-9536-133d4eb9930f: created new log segment /workdir/hadoop-ozone/ozonefs/target/test-dir/MiniOzoneClusterImpl-a6efaa66-6ca1-47a3-8b50-c5fe67a1a9f1/datanode-2/data/ratis/c1dfeb57-d96b-4426-9536-133d4eb9930f/current/log_inprogress_0
2019-09-20 14:17:02,662 [5417499b-8247-461e-be10-1b45bf247d25:group-1205E2255D61:LeaderElection101] INFO  impl.LeaderElection (LeaderElection.java:askForVotes(181)) - 5417499b-8247-461e-be10-1b45bf247d25:group-1205E2255D61:LeaderElection101: begin an election at term 1 for -1: [5417499b-8247-461e-be10-1b45bf247d25:192.168.36.99:43697], old=null
2019-09-20 14:17:02,662 [5417499b-8247-461e-be10-1b45bf247d25:group-1205E2255D61:LeaderElection101] INFO  impl.RoleInfo (RoleInfo.java:shutdownLeaderElection(134)) - 5417499b-8247-461e-be10-1b45bf247d25: shutdown LeaderElection
2019-09-20 14:17:02,663 [5417499b-8247-461e-be10-1b45bf247d25:group-1205E2255D61:LeaderElection101] INFO  impl.RaftServerImpl (RaftServerImpl.java:setRole(171)) - 5417499b-8247-461e-be10-1b45bf247d25:group-1205E2255D61 changes role from CANDIDATE to LEADER at term 1 for changeToLeader
2019-09-20 14:17:02,663 [5417499b-8247-461e-be10-1b45bf247d25:group-1205E2255D61:LeaderElection101] INFO  impl.RaftServerImpl (ServerState.java:setLeader(263)) - 5417499b-8247-461e-be10-1b45bf247d25:group-1205E2255D61 change Leader from null to 5417499b-8247-461e-be10-1b45bf247d25 at term 1 for becomeLeader, leader elected after 5119ms
2019-09-20 14:17:02,663 [5417499b-8247-461e-be10-1b45bf247d25:group-1205E2255D61:LeaderElection101] INFO  server.RaftServerConfigKeys (ConfUtils.java:logGet(43)) - raft.server.staging.catchup.gap = 1000 (default)
2019-09-20 14:17:02,663 [5417499b-8247-461e-be10-1b45bf247d25:group-1205E2255D61:LeaderElection101] INFO  server.RaftServerConfigKeys (ConfUtils.java:logGet(43)) - raft.server.rpc.sleep.time = 25ms (default)
2019-09-20 14:17:02,663 [5417499b-8247-461e-be10-1b45bf247d25:group-1205E2255D61:LeaderElection101] INFO  server.RaftServerConfigKeys (ConfUtils.java:logGet(43)) - raft.server.write.element-limit = 4096 (default)
2019-09-20 14:17:02,663 [5417499b-8247-461e-be10-1b45bf247d25:group-1205E2255D61:LeaderElection101] INFO  server.RaftServerConfigKeys (ConfUtils.java:logGet(43)) - raft.server.watch.timeout = 10s (default)
2019-09-20 14:17:02,663 [5417499b-8247-461e-be10-1b45bf247d25:group-1205E2255D61:LeaderElection101] INFO  server.RaftServerConfigKeys (ConfUtils.java:logGet(43)) - raft.server.watch.timeout.denomination = 1s (default)
2019-09-20 14:17:02,664 [5417499b-8247-461e-be10-1b45bf247d25:group-1205E2255D61:LeaderElection101] INFO  server.RaftServerConfigKeys (ConfUtils.java:logGet(43)) - raft.server.watch.element-limit = 65536 (default)
2019-09-20 14:17:02,664 [5417499b-8247-461e-be10-1b45bf247d25:group-1205E2255D61:LeaderElection101] INFO  impl.RoleInfo (RoleInfo.java:updateAndGet(143)) - 5417499b-8247-461e-be10-1b45bf247d25: start LeaderState
2019-09-20 14:17:02,664 [5417499b-8247-461e-be10-1b45bf247d25:group-1205E2255D61:LeaderElection101] INFO  segmented.SegmentedRaftLogWorker (SegmentedRaftLogWorker.java:startLogSegment(380)) - 5417499b-8247-461e-be10-1b45bf247d25-SegmentedRaftLogWorker:Storage Directory /workdir/hadoop-ozone/ozonefs/target/test-dir/MiniOzoneClusterImpl-a6efaa66-6ca1-47a3-8b50-c5fe67a1a9f1/datanode-1/data/ratis/80e9f96d-374c-41c3-a9d8-1205e2255d61: Starting segment from index:0
2019-09-20 14:17:02,665 [5417499b-8247-461e-be10-1b45bf247d25:group-1205E2255D61:LeaderElection101] INFO  impl.RaftServerImpl (ServerState.java:setRaftConf(361)) - 5417499b-8247-461e-be10-1b45bf247d25:group-1205E2255D61 set configuration 0: [5417499b-8247-461e-be10-1b45bf247d25:192.168.36.99:43697], old=null at 0
2019-09-20 14:17:02,665 [Thread-1543] INFO  impl.FollowerState (FollowerState.java:run(106)) - f858022d-8b6c-40dd-9b02-9ee6db579943:group-718DE70A78A2 changes to CANDIDATE, lastRpcTime:5170, electionTimeout:5170ms
2019-09-20 14:17:02,665 [Thread-1543] INFO  impl.RoleInfo (RoleInfo.java:shutdownFollowerState(121)) - f858022d-8b6c-40dd-9b02-9ee6db579943: shutdown FollowerState
2019-09-20 14:17:02,665 [Thread-1543] INFO  impl.RaftServerImpl (RaftServerImpl.java:setRole(171)) - f858022d-8b6c-40dd-9b02-9ee6db579943:group-718DE70A78A2 changes role from FOLLOWER to CANDIDATE at term 0 for changeToCandidate
2019-09-20 14:17:02,666 [Thread-1543] INFO  impl.RoleInfo (RoleInfo.java:updateAndGet(143)) - f858022d-8b6c-40dd-9b02-9ee6db579943: start LeaderElection
2019-09-20 14:17:02,713 [Thread-1549] INFO  impl.FollowerState (FollowerState.java:run(106)) - f858022d-8b6c-40dd-9b02-9ee6db579943:group-19861E3A1E4B changes to CANDIDATE, lastRpcTime:5117, electionTimeout:5117ms
2019-09-20 14:17:02,713 [Thread-1549] INFO  impl.RoleInfo (RoleInfo.java:shutdownFollowerState(121)) - f858022d-8b6c-40dd-9b02-9ee6db579943: shutdown FollowerState
2019-09-20 14:17:02,714 [Thread-1549] INFO  impl.RaftServerImpl (RaftServerImpl.java:setRole(171)) - f858022d-8b6c-40dd-9b02-9ee6db579943:group-19861E3A1E4B changes role from FOLLOWER to CANDIDATE at term 0 for changeToCandidate
2019-09-20 14:17:02,714 [Thread-1549] INFO  impl.RoleInfo (RoleInfo.java:updateAndGet(143)) - f858022d-8b6c-40dd-9b02-9ee6db579943: start LeaderElection
2019-09-20 14:17:02,729 [5417499b-8247-461e-be10-1b45bf247d25-SegmentedRaftLogWorker:Storage Directory /workdir/hadoop-ozone/ozonefs/target/test-dir/MiniOzoneClusterImpl-a6efaa66-6ca1-47a3-8b50-c5fe67a1a9f1/datanode-1/data/ratis/80e9f96d-374c-41c3-a9d8-1205e2255d61] INFO  segmented.SegmentedRaftLogWorker (SegmentedRaftLogWorker.java:execute(569)) - 5417499b-8247-461e-be10-1b45bf247d25-SegmentedRaftLogWorker:Storage Directory /workdir/hadoop-ozone/ozonefs/target/test-dir/MiniOzoneClusterImpl-a6efaa66-6ca1-47a3-8b50-c5fe67a1a9f1/datanode-1/data/ratis/80e9f96d-374c-41c3-a9d8-1205e2255d61: created new log segment /workdir/hadoop-ozone/ozonefs/target/test-dir/MiniOzoneClusterImpl-a6efaa66-6ca1-47a3-8b50-c5fe67a1a9f1/datanode-1/data/ratis/80e9f96d-374c-41c3-a9d8-1205e2255d61/current/log_inprogress_0
2019-09-20 14:17:02,729 [f858022d-8b6c-40dd-9b02-9ee6db579943:group-718DE70A78A2:LeaderElection102] INFO  impl.LeaderElection (LeaderElection.java:askForVotes(181)) - f858022d-8b6c-40dd-9b02-9ee6db579943:group-718DE70A78A2:LeaderElection102: begin an election at term 1 for -1: [f858022d-8b6c-40dd-9b02-9ee6db579943:192.168.36.99:35753], old=null
2019-09-20 14:17:02,730 [f858022d-8b6c-40dd-9b02-9ee6db579943:group-718DE70A78A2:LeaderElection102] INFO  impl.RoleInfo (RoleInfo.java:shutdownLeaderElection(134)) - f858022d-8b6c-40dd-9b02-9ee6db579943: shutdown LeaderElection
2019-09-20 14:17:02,730 [f858022d-8b6c-40dd-9b02-9ee6db579943:group-718DE70A78A2:LeaderElection102] INFO  impl.RaftServerImpl (RaftServerImpl.java:setRole(171)) - f858022d-8b6c-40dd-9b02-9ee6db579943:group-718DE70A78A2 changes role from CANDIDATE to LEADER at term 1 for changeToLeader
2019-09-20 14:17:02,730 [f858022d-8b6c-40dd-9b02-9ee6db579943:group-718DE70A78A2:LeaderElection102] INFO  impl.RaftServerImpl (ServerState.java:setLeader(263)) - f858022d-8b6c-40dd-9b02-9ee6db579943:group-718DE70A78A2 change Leader from null to f858022d-8b6c-40dd-9b02-9ee6db579943 at term 1 for becomeLeader, leader elected after 5237ms
2019-09-20 14:17:02,730 [f858022d-8b6c-40dd-9b02-9ee6db579943:group-718DE70A78A2:LeaderElection102] INFO  server.RaftServerConfigKeys (ConfUtils.java:logGet(43)) - raft.server.staging.catchup.gap = 1000 (default)
2019-09-20 14:17:02,730 [f858022d-8b6c-40dd-9b02-9ee6db579943:group-718DE70A78A2:LeaderElection102] INFO  server.RaftServerConfigKeys (ConfUtils.java:logGet(43)) - raft.server.rpc.sleep.time = 25ms (default)
2019-09-20 14:17:02,730 [f858022d-8b6c-40dd-9b02-9ee6db579943:group-718DE70A78A2:LeaderElection102] INFO  server.RaftServerConfigKeys (ConfUtils.java:logGet(43)) - raft.server.write.element-limit = 4096 (default)
2019-09-20 14:17:02,731 [f858022d-8b6c-40dd-9b02-9ee6db579943:group-718DE70A78A2:LeaderElection102] INFO  server.RaftServerConfigKeys (ConfUtils.java:logGet(43)) - raft.server.watch.timeout = 10s (default)
2019-09-20 14:17:02,731 [f858022d-8b6c-40dd-9b02-9ee6db579943:group-718DE70A78A2:LeaderElection102] INFO  server.RaftServerConfigKeys (ConfUtils.java:logGet(43)) - raft.server.watch.timeout.denomination = 1s (default)
2019-09-20 14:17:02,731 [f858022d-8b6c-40dd-9b02-9ee6db579943:group-718DE70A78A2:LeaderElection102] INFO  server.RaftServerConfigKeys (ConfUtils.java:logGet(43)) - raft.server.watch.element-limit = 65536 (default)
2019-09-20 14:17:02,731 [f858022d-8b6c-40dd-9b02-9ee6db579943:group-718DE70A78A2:LeaderElection102] INFO  impl.RoleInfo (RoleInfo.java:updateAndGet(143)) - f858022d-8b6c-40dd-9b02-9ee6db579943: start LeaderState
2019-09-20 14:17:02,732 [f858022d-8b6c-40dd-9b02-9ee6db579943:group-718DE70A78A2:LeaderElection102] INFO  segmented.SegmentedRaftLogWorker (SegmentedRaftLogWorker.java:startLogSegment(380)) - f858022d-8b6c-40dd-9b02-9ee6db579943-SegmentedRaftLogWorker:Storage Directory /workdir/hadoop-ozone/ozonefs/target/test-dir/MiniOzoneClusterImpl-a6efaa66-6ca1-47a3-8b50-c5fe67a1a9f1/datanode-2/data/ratis/0953624d-6e37-4b93-a2e0-718de70a78a2: Starting segment from index:0
2019-09-20 14:17:02,732 [f858022d-8b6c-40dd-9b02-9ee6db579943:group-718DE70A78A2:LeaderElection102] INFO  impl.RaftServerImpl (ServerState.java:setRaftConf(361)) - f858022d-8b6c-40dd-9b02-9ee6db579943:group-718DE70A78A2 set configuration 0: [f858022d-8b6c-40dd-9b02-9ee6db579943:192.168.36.99:35753], old=null at 0
2019-09-20 14:17:02,746 [f858022d-8b6c-40dd-9b02-9ee6db579943:group-19861E3A1E4B:LeaderElection103] INFO  impl.LeaderElection (LeaderElection.java:askForVotes(181)) - f858022d-8b6c-40dd-9b02-9ee6db579943:group-19861E3A1E4B:LeaderElection103: begin an election at term 1 for -1: [f858022d-8b6c-40dd-9b02-9ee6db579943:192.168.36.99:35753], old=null
2019-09-20 14:17:02,747 [f858022d-8b6c-40dd-9b02-9ee6db579943:group-19861E3A1E4B:LeaderElection103] INFO  impl.RoleInfo (RoleInfo.java:shutdownLeaderElection(134)) - f858022d-8b6c-40dd-9b02-9ee6db579943: shutdown LeaderElection
2019-09-20 14:17:02,747 [f858022d-8b6c-40dd-9b02-9ee6db579943:group-19861E3A1E4B:LeaderElection103] INFO  impl.RaftServerImpl (RaftServerImpl.java:setRole(171)) - f858022d-8b6c-40dd-9b02-9ee6db579943:group-19861E3A1E4B changes role from CANDIDATE to LEADER at term 1 for changeToLeader
2019-09-20 14:17:02,747 [f858022d-8b6c-40dd-9b02-9ee6db579943:group-19861E3A1E4B:LeaderElection103] INFO  impl.RaftServerImpl (ServerState.java:setLeader(263)) - f858022d-8b6c-40dd-9b02-9ee6db579943:group-19861E3A1E4B change Leader from null to f858022d-8b6c-40dd-9b02-9ee6db579943 at term 1 for becomeLeader, leader elected after 5153ms
2019-09-20 14:17:02,747 [f858022d-8b6c-40dd-9b02-9ee6db579943:group-19861E3A1E4B:LeaderElection103] INFO  server.RaftServerConfigKeys (ConfUtils.java:logGet(43)) - raft.server.staging.catchup.gap = 1000 (default)
2019-09-20 14:17:02,747 [f858022d-8b6c-40dd-9b02-9ee6db579943:group-19861E3A1E4B:LeaderElection103] INFO  server.RaftServerConfigKeys (ConfUtils.java:logGet(43)) - raft.server.rpc.sleep.time = 25ms (default)
2019-09-20 14:17:02,747 [f858022d-8b6c-40dd-9b02-9ee6db579943:group-19861E3A1E4B:LeaderElection103] INFO  server.RaftServerConfigKeys (ConfUtils.java:logGet(43)) - raft.server.write.element-limit = 4096 (default)
2019-09-20 14:17:02,748 [f858022d-8b6c-40dd-9b02-9ee6db579943:group-19861E3A1E4B:LeaderElection103] INFO  server.RaftServerConfigKeys (ConfUtils.java:logGet(43)) - raft.server.watch.timeout = 10s (default)
2019-09-20 14:17:02,748 [f858022d-8b6c-40dd-9b02-9ee6db579943:group-19861E3A1E4B:LeaderElection103] INFO  server.RaftServerConfigKeys (ConfUtils.java:logGet(43)) - raft.server.watch.timeout.denomination = 1s (default)
2019-09-20 14:17:02,748 [f858022d-8b6c-40dd-9b02-9ee6db579943:group-19861E3A1E4B:LeaderElection103] INFO  server.RaftServerConfigKeys (ConfUtils.java:logGet(43)) - raft.server.watch.element-limit = 65536 (default)
2019-09-20 14:17:02,748 [f858022d-8b6c-40dd-9b02-9ee6db579943:group-19861E3A1E4B:LeaderElection103] INFO  impl.RoleInfo (RoleInfo.java:updateAndGet(143)) - f858022d-8b6c-40dd-9b02-9ee6db579943: start LeaderState
2019-09-20 14:17:02,748 [f858022d-8b6c-40dd-9b02-9ee6db579943:group-19861E3A1E4B:LeaderElection103] INFO  segmented.SegmentedRaftLogWorker (SegmentedRaftLogWorker.java:startLogSegment(380)) - f858022d-8b6c-40dd-9b02-9ee6db579943-SegmentedRaftLogWorker:Storage Directory /workdir/hadoop-ozone/ozonefs/target/test-dir/MiniOzoneClusterImpl-a6efaa66-6ca1-47a3-8b50-c5fe67a1a9f1/datanode-2/data/ratis/bb3c65dd-e2f1-47f2-8b76-19861e3a1e4b: Starting segment from index:0
2019-09-20 14:17:02,749 [f858022d-8b6c-40dd-9b02-9ee6db579943:group-19861E3A1E4B:LeaderElection103] INFO  impl.RaftServerImpl (ServerState.java:setRaftConf(361)) - f858022d-8b6c-40dd-9b02-9ee6db579943:group-19861E3A1E4B set configuration 0: [f858022d-8b6c-40dd-9b02-9ee6db579943:192.168.36.99:35753], old=null at 0
2019-09-20 14:17:02,763 [Thread-1552] INFO  impl.FollowerState (FollowerState.java:run(106)) - 5417499b-8247-461e-be10-1b45bf247d25:group-68229F7D6B88 changes to CANDIDATE, lastRpcTime:5064, electionTimeout:5064ms
2019-09-20 14:17:02,763 [Thread-1552] INFO  impl.RoleInfo (RoleInfo.java:shutdownFollowerState(121)) - 5417499b-8247-461e-be10-1b45bf247d25: shutdown FollowerState
2019-09-20 14:17:02,763 [Thread-1552] INFO  impl.RaftServerImpl (RaftServerImpl.java:setRole(171)) - 5417499b-8247-461e-be10-1b45bf247d25:group-68229F7D6B88 changes role from FOLLOWER to CANDIDATE at term 0 for changeToCandidate
2019-09-20 14:17:02,763 [Thread-1552] INFO  impl.RoleInfo (RoleInfo.java:updateAndGet(143)) - 5417499b-8247-461e-be10-1b45bf247d25: start LeaderElection
2019-09-20 14:17:02,806 [Thread-1555] INFO  impl.FollowerState (FollowerState.java:run(106)) - 5417499b-8247-461e-be10-1b45bf247d25:group-F9E625D07E23 changes to CANDIDATE, lastRpcTime:5047, electionTimeout:5047ms
2019-09-20 14:17:02,806 [Thread-1555] INFO  impl.RoleInfo (RoleInfo.java:shutdownFollowerState(121)) - 5417499b-8247-461e-be10-1b45bf247d25: shutdown FollowerState
2019-09-20 14:17:02,806 [Thread-1555] INFO  impl.RaftServerImpl (RaftServerImpl.java:setRole(171)) - 5417499b-8247-461e-be10-1b45bf247d25:group-F9E625D07E23 changes role from FOLLOWER to CANDIDATE at term 0 for changeToCandidate
2019-09-20 14:17:02,806 [Thread-1555] INFO  impl.RoleInfo (RoleInfo.java:updateAndGet(143)) - 5417499b-8247-461e-be10-1b45bf247d25: start LeaderElection
2019-09-20 14:17:02,822 [f858022d-8b6c-40dd-9b02-9ee6db579943-SegmentedRaftLogWorker:Storage Directory /workdir/hadoop-ozone/ozonefs/target/test-dir/MiniOzoneClusterImpl-a6efaa66-6ca1-47a3-8b50-c5fe67a1a9f1/datanode-2/data/ratis/0953624d-6e37-4b93-a2e0-718de70a78a2] INFO  segmented.SegmentedRaftLogWorker (SegmentedRaftLogWorker.java:execute(569)) - f858022d-8b6c-40dd-9b02-9ee6db579943-SegmentedRaftLogWorker:Storage Directory /workdir/hadoop-ozone/ozonefs/target/test-dir/MiniOzoneClusterImpl-a6efaa66-6ca1-47a3-8b50-c5fe67a1a9f1/datanode-2/data/ratis/0953624d-6e37-4b93-a2e0-718de70a78a2: created new log segment /workdir/hadoop-ozone/ozonefs/target/test-dir/MiniOzoneClusterImpl-a6efaa66-6ca1-47a3-8b50-c5fe67a1a9f1/datanode-2/data/ratis/0953624d-6e37-4b93-a2e0-718de70a78a2/current/log_inprogress_0
2019-09-20 14:17:02,822 [f858022d-8b6c-40dd-9b02-9ee6db579943-SegmentedRaftLogWorker:Storage Directory /workdir/hadoop-ozone/ozonefs/target/test-dir/MiniOzoneClusterImpl-a6efaa66-6ca1-47a3-8b50-c5fe67a1a9f1/datanode-2/data/ratis/bb3c65dd-e2f1-47f2-8b76-19861e3a1e4b] INFO  segmented.SegmentedRaftLogWorker (SegmentedRaftLogWorker.java:execute(569)) - f858022d-8b6c-40dd-9b02-9ee6db579943-SegmentedRaftLogWorker:Storage Directory /workdir/hadoop-ozone/ozonefs/target/test-dir/MiniOzoneClusterImpl-a6efaa66-6ca1-47a3-8b50-c5fe67a1a9f1/datanode-2/data/ratis/bb3c65dd-e2f1-47f2-8b76-19861e3a1e4b: created new log segment /workdir/hadoop-ozone/ozonefs/target/test-dir/MiniOzoneClusterImpl-a6efaa66-6ca1-47a3-8b50-c5fe67a1a9f1/datanode-2/data/ratis/bb3c65dd-e2f1-47f2-8b76-19861e3a1e4b/current/log_inprogress_0
2019-09-20 14:17:02,830 [5417499b-8247-461e-be10-1b45bf247d25:group-68229F7D6B88:LeaderElection104] INFO  impl.LeaderElection (LeaderElection.java:askForVotes(181)) - 5417499b-8247-461e-be10-1b45bf247d25:group-68229F7D6B88:LeaderElection104: begin an election at term 1 for -1: [5417499b-8247-461e-be10-1b45bf247d25:192.168.36.99:43697], old=null
2019-09-20 14:17:02,831 [5417499b-8247-461e-be10-1b45bf247d25:group-68229F7D6B88:LeaderElection104] INFO  impl.RoleInfo (RoleInfo.java:shutdownLeaderElection(134)) - 5417499b-8247-461e-be10-1b45bf247d25: shutdown LeaderElection
2019-09-20 14:17:02,831 [5417499b-8247-461e-be10-1b45bf247d25:group-68229F7D6B88:LeaderElection104] INFO  impl.RaftServerImpl (RaftServerImpl.java:setRole(171)) - 5417499b-8247-461e-be10-1b45bf247d25:group-68229F7D6B88 changes role from CANDIDATE to LEADER at term 1 for changeToLeader
2019-09-20 14:17:02,831 [5417499b-8247-461e-be10-1b45bf247d25:group-68229F7D6B88:LeaderElection104] INFO  impl.RaftServerImpl (ServerState.java:setLeader(263)) - 5417499b-8247-461e-be10-1b45bf247d25:group-68229F7D6B88 change Leader from null to 5417499b-8247-461e-be10-1b45bf247d25 at term 1 for becomeLeader, leader elected after 5136ms
2019-09-20 14:17:02,831 [5417499b-8247-461e-be10-1b45bf247d25:group-68229F7D6B88:LeaderElection104] INFO  server.RaftServerConfigKeys (ConfUtils.java:logGet(43)) - raft.server.staging.catchup.gap = 1000 (default)
2019-09-20 14:17:02,831 [5417499b-8247-461e-be10-1b45bf247d25:group-68229F7D6B88:LeaderElection104] INFO  server.RaftServerConfigKeys (ConfUtils.java:logGet(43)) - raft.server.rpc.sleep.time = 25ms (default)
2019-09-20 14:17:02,831 [5417499b-8247-461e-be10-1b45bf247d25:group-68229F7D6B88:LeaderElection104] INFO  server.RaftServerConfigKeys (ConfUtils.java:logGet(43)) - raft.server.write.element-limit = 4096 (default)
2019-09-20 14:17:02,832 [5417499b-8247-461e-be10-1b45bf247d25:group-68229F7D6B88:LeaderElection104] INFO  server.RaftServerConfigKeys (ConfUtils.java:logGet(43)) - raft.server.watch.timeout = 10s (default)
2019-09-20 14:17:02,832 [5417499b-8247-461e-be10-1b45bf247d25:group-68229F7D6B88:LeaderElection104] INFO  server.RaftServerConfigKeys (ConfUtils.java:logGet(43)) - raft.server.watch.timeout.denomination = 1s (default)
2019-09-20 14:17:02,832 [5417499b-8247-461e-be10-1b45bf247d25:group-68229F7D6B88:LeaderElection104] INFO  server.RaftServerConfigKeys (ConfUtils.java:logGet(43)) - raft.server.watch.element-limit = 65536 (default)
2019-09-20 14:17:02,832 [5417499b-8247-461e-be10-1b45bf247d25:group-68229F7D6B88:LeaderElection104] INFO  impl.RoleInfo (RoleInfo.java:updateAndGet(143)) - 5417499b-8247-461e-be10-1b45bf247d25: start LeaderState
2019-09-20 14:17:02,832 [5417499b-8247-461e-be10-1b45bf247d25:group-68229F7D6B88:LeaderElection104] INFO  segmented.SegmentedRaftLogWorker (SegmentedRaftLogWorker.java:startLogSegment(380)) - 5417499b-8247-461e-be10-1b45bf247d25-SegmentedRaftLogWorker:Storage Directory /workdir/hadoop-ozone/ozonefs/target/test-dir/MiniOzoneClusterImpl-a6efaa66-6ca1-47a3-8b50-c5fe67a1a9f1/datanode-1/data/ratis/95cbde8c-f224-4fda-bfea-68229f7d6b88: Starting segment from index:0
2019-09-20 14:17:02,833 [5417499b-8247-461e-be10-1b45bf247d25:group-68229F7D6B88:LeaderElection104] INFO  impl.RaftServerImpl (ServerState.java:setRaftConf(361)) - 5417499b-8247-461e-be10-1b45bf247d25:group-68229F7D6B88 set configuration 0: [5417499b-8247-461e-be10-1b45bf247d25:192.168.36.99:43697], old=null at 0
2019-09-20 14:17:02,839 [5417499b-8247-461e-be10-1b45bf247d25:group-F9E625D07E23:LeaderElection105] INFO  impl.LeaderElection (LeaderElection.java:askForVotes(181)) - 5417499b-8247-461e-be10-1b45bf247d25:group-F9E625D07E23:LeaderElection105: begin an election at term 1 for -1: [5417499b-8247-461e-be10-1b45bf247d25:192.168.36.99:43697], old=null
2019-09-20 14:17:02,839 [5417499b-8247-461e-be10-1b45bf247d25:group-F9E625D07E23:LeaderElection105] INFO  impl.RoleInfo (RoleInfo.java:shutdownLeaderElection(134)) - 5417499b-8247-461e-be10-1b45bf247d25: shutdown LeaderElection
2019-09-20 14:17:02,839 [5417499b-8247-461e-be10-1b45bf247d25:group-F9E625D07E23:LeaderElection105] INFO  impl.RaftServerImpl (RaftServerImpl.java:setRole(171)) - 5417499b-8247-461e-be10-1b45bf247d25:group-F9E625D07E23 changes role from CANDIDATE to LEADER at term 1 for changeToLeader
2019-09-20 14:17:02,839 [5417499b-8247-461e-be10-1b45bf247d25:group-F9E625D07E23:LeaderElection105] INFO  impl.RaftServerImpl (ServerState.java:setLeader(263)) - 5417499b-8247-461e-be10-1b45bf247d25:group-F9E625D07E23 change Leader from null to 5417499b-8247-461e-be10-1b45bf247d25 at term 1 for becomeLeader, leader elected after 5085ms
2019-09-20 14:17:02,839 [5417499b-8247-461e-be10-1b45bf247d25:group-F9E625D07E23:LeaderElection105] INFO  server.RaftServerConfigKeys (ConfUtils.java:logGet(43)) - raft.server.staging.catchup.gap = 1000 (default)
2019-09-20 14:17:02,839 [5417499b-8247-461e-be10-1b45bf247d25:group-F9E625D07E23:LeaderElection105] INFO  server.RaftServerConfigKeys (ConfUtils.java:logGet(43)) - raft.server.rpc.sleep.time = 25ms (default)
2019-09-20 14:17:02,839 [5417499b-8247-461e-be10-1b45bf247d25:group-F9E625D07E23:LeaderElection105] INFO  server.RaftServerConfigKeys (ConfUtils.java:logGet(43)) - raft.server.write.element-limit = 4096 (default)
2019-09-20 14:17:02,840 [5417499b-8247-461e-be10-1b45bf247d25:group-F9E625D07E23:LeaderElection105] INFO  server.RaftServerConfigKeys (ConfUtils.java:logGet(43)) - raft.server.watch.timeout = 10s (default)
2019-09-20 14:17:02,840 [5417499b-8247-461e-be10-1b45bf247d25:group-F9E625D07E23:LeaderElection105] INFO  server.RaftServerConfigKeys (ConfUtils.java:logGet(43)) - raft.server.watch.timeout.denomination = 1s (default)
2019-09-20 14:17:02,840 [5417499b-8247-461e-be10-1b45bf247d25:group-F9E625D07E23:LeaderElection105] INFO  server.RaftServerConfigKeys (ConfUtils.java:logGet(43)) - raft.server.watch.element-limit = 65536 (default)
2019-09-20 14:17:02,840 [5417499b-8247-461e-be10-1b45bf247d25:group-F9E625D07E23:LeaderElection105] INFO  impl.RoleInfo (RoleInfo.java:updateAndGet(143)) - 5417499b-8247-461e-be10-1b45bf247d25: start LeaderState
2019-09-20 14:17:02,840 [5417499b-8247-461e-be10-1b45bf247d25:group-F9E625D07E23:LeaderElection105] INFO  segmented.SegmentedRaftLogWorker (SegmentedRaftLogWorker.java:startLogSegment(380)) - 5417499b-8247-461e-be10-1b45bf247d25-SegmentedRaftLogWorker:Storage Directory /workdir/hadoop-ozone/ozonefs/target/test-dir/MiniOzoneClusterImpl-a6efaa66-6ca1-47a3-8b50-c5fe67a1a9f1/datanode-1/data/ratis/946b76ec-79fa-4f0a-963d-f9e625d07e23: Starting segment from index:0
2019-09-20 14:17:02,841 [5417499b-8247-461e-be10-1b45bf247d25:group-F9E625D07E23:LeaderElection105] INFO  impl.RaftServerImpl (ServerState.java:setRaftConf(361)) - 5417499b-8247-461e-be10-1b45bf247d25:group-F9E625D07E23 set configuration 0: [5417499b-8247-461e-be10-1b45bf247d25:192.168.36.99:43697], old=null at 0
2019-09-20 14:17:02,868 [Thread-1558] INFO  impl.FollowerState (FollowerState.java:run(106)) - f858022d-8b6c-40dd-9b02-9ee6db579943:group-31C23DFCFCFD changes to CANDIDATE, lastRpcTime:5051, electionTimeout:5051ms
2019-09-20 14:17:02,868 [Thread-1558] INFO  impl.RoleInfo (RoleInfo.java:shutdownFollowerState(121)) - f858022d-8b6c-40dd-9b02-9ee6db579943: shutdown FollowerState
2019-09-20 14:17:02,868 [Thread-1558] INFO  impl.RaftServerImpl (RaftServerImpl.java:setRole(171)) - f858022d-8b6c-40dd-9b02-9ee6db579943:group-31C23DFCFCFD changes role from FOLLOWER to CANDIDATE at term 0 for changeToCandidate
2019-09-20 14:17:02,868 [Thread-1558] INFO  impl.RoleInfo (RoleInfo.java:updateAndGet(143)) - f858022d-8b6c-40dd-9b02-9ee6db579943: start LeaderElection
2019-09-20 14:17:02,898 [5417499b-8247-461e-be10-1b45bf247d25-SegmentedRaftLogWorker:Storage Directory /workdir/hadoop-ozone/ozonefs/target/test-dir/MiniOzoneClusterImpl-a6efaa66-6ca1-47a3-8b50-c5fe67a1a9f1/datanode-1/data/ratis/95cbde8c-f224-4fda-bfea-68229f7d6b88] INFO  segmented.SegmentedRaftLogWorker (SegmentedRaftLogWorker.java:execute(569)) - 5417499b-8247-461e-be10-1b45bf247d25-SegmentedRaftLogWorker:Storage Directory /workdir/hadoop-ozone/ozonefs/target/test-dir/MiniOzoneClusterImpl-a6efaa66-6ca1-47a3-8b50-c5fe67a1a9f1/datanode-1/data/ratis/95cbde8c-f224-4fda-bfea-68229f7d6b88: created new log segment /workdir/hadoop-ozone/ozonefs/target/test-dir/MiniOzoneClusterImpl-a6efaa66-6ca1-47a3-8b50-c5fe67a1a9f1/datanode-1/data/ratis/95cbde8c-f224-4fda-bfea-68229f7d6b88/current/log_inprogress_0
2019-09-20 14:17:02,898 [5417499b-8247-461e-be10-1b45bf247d25-SegmentedRaftLogWorker:Storage Directory /workdir/hadoop-ozone/ozonefs/target/test-dir/MiniOzoneClusterImpl-a6efaa66-6ca1-47a3-8b50-c5fe67a1a9f1/datanode-1/data/ratis/946b76ec-79fa-4f0a-963d-f9e625d07e23] INFO  segmented.SegmentedRaftLogWorker (SegmentedRaftLogWorker.java:execute(569)) - 5417499b-8247-461e-be10-1b45bf247d25-SegmentedRaftLogWorker:Storage Directory /workdir/hadoop-ozone/ozonefs/target/test-dir/MiniOzoneClusterImpl-a6efaa66-6ca1-47a3-8b50-c5fe67a1a9f1/datanode-1/data/ratis/946b76ec-79fa-4f0a-963d-f9e625d07e23: created new log segment /workdir/hadoop-ozone/ozonefs/target/test-dir/MiniOzoneClusterImpl-a6efaa66-6ca1-47a3-8b50-c5fe67a1a9f1/datanode-1/data/ratis/946b76ec-79fa-4f0a-963d-f9e625d07e23/current/log_inprogress_0
2019-09-20 14:17:02,898 [f858022d-8b6c-40dd-9b02-9ee6db579943:group-31C23DFCFCFD:LeaderElection106] INFO  impl.LeaderElection (LeaderElection.java:askForVotes(181)) - f858022d-8b6c-40dd-9b02-9ee6db579943:group-31C23DFCFCFD:LeaderElection106: begin an election at term 1 for -1: [f858022d-8b6c-40dd-9b02-9ee6db579943:192.168.36.99:35753], old=null
2019-09-20 14:17:02,898 [f858022d-8b6c-40dd-9b02-9ee6db579943:group-31C23DFCFCFD:LeaderElection106] INFO  impl.RoleInfo (RoleInfo.java:shutdownLeaderElection(134)) - f858022d-8b6c-40dd-9b02-9ee6db579943: shutdown LeaderElection
2019-09-20 14:17:02,898 [f858022d-8b6c-40dd-9b02-9ee6db579943:group-31C23DFCFCFD:LeaderElection106] INFO  impl.RaftServerImpl (RaftServerImpl.java:setRole(171)) - f858022d-8b6c-40dd-9b02-9ee6db579943:group-31C23DFCFCFD changes role from CANDIDATE to LEADER at term 1 for changeToLeader
2019-09-20 14:17:02,898 [f858022d-8b6c-40dd-9b02-9ee6db579943:group-31C23DFCFCFD:LeaderElection106] INFO  impl.RaftServerImpl (ServerState.java:setLeader(263)) - f858022d-8b6c-40dd-9b02-9ee6db579943:group-31C23DFCFCFD change Leader from null to f858022d-8b6c-40dd-9b02-9ee6db579943 at term 1 for becomeLeader, leader elected after 5085ms
2019-09-20 14:17:02,899 [f858022d-8b6c-40dd-9b02-9ee6db579943:group-31C23DFCFCFD:LeaderElection106] INFO  server.RaftServerConfigKeys (ConfUtils.java:logGet(43)) - raft.server.staging.catchup.gap = 1000 (default)
2019-09-20 14:17:02,899 [f858022d-8b6c-40dd-9b02-9ee6db579943:group-31C23DFCFCFD:LeaderElection106] INFO  server.RaftServerConfigKeys (ConfUtils.java:logGet(43)) - raft.server.rpc.sleep.time = 25ms (default)
2019-09-20 14:17:02,899 [f858022d-8b6c-40dd-9b02-9ee6db579943:group-31C23DFCFCFD:LeaderElection106] INFO  server.RaftServerConfigKeys (ConfUtils.java:logGet(43)) - raft.server.write.element-limit = 4096 (default)
2019-09-20 14:17:02,899 [f858022d-8b6c-40dd-9b02-9ee6db579943:group-31C23DFCFCFD:LeaderElection106] INFO  server.RaftServerConfigKeys (ConfUtils.java:logGet(43)) - raft.server.watch.timeout = 10s (default)
2019-09-20 14:17:02,899 [f858022d-8b6c-40dd-9b02-9ee6db579943:group-31C23DFCFCFD:LeaderElection106] INFO  server.RaftServerConfigKeys (ConfUtils.java:logGet(43)) - raft.server.watch.timeout.denomination = 1s (default)
2019-09-20 14:17:02,899 [f858022d-8b6c-40dd-9b02-9ee6db579943:group-31C23DFCFCFD:LeaderElection106] INFO  server.RaftServerConfigKeys (ConfUtils.java:logGet(43)) - raft.server.watch.element-limit = 65536 (default)
2019-09-20 14:17:02,900 [f858022d-8b6c-40dd-9b02-9ee6db579943:group-31C23DFCFCFD:LeaderElection106] INFO  impl.RoleInfo (RoleInfo.java:updateAndGet(143)) - f858022d-8b6c-40dd-9b02-9ee6db579943: start LeaderState
2019-09-20 14:17:02,900 [f858022d-8b6c-40dd-9b02-9ee6db579943:group-31C23DFCFCFD:LeaderElection106] INFO  segmented.SegmentedRaftLogWorker (SegmentedRaftLogWorker.java:startLogSegment(380)) - f858022d-8b6c-40dd-9b02-9ee6db579943-SegmentedRaftLogWorker:Storage Directory /workdir/hadoop-ozone/ozonefs/target/test-dir/MiniOzoneClusterImpl-a6efaa66-6ca1-47a3-8b50-c5fe67a1a9f1/datanode-2/data/ratis/e942deb7-4504-4b0d-b6df-31c23dfcfcfd: Starting segment from index:0
2019-09-20 14:17:02,900 [f858022d-8b6c-40dd-9b02-9ee6db579943:group-31C23DFCFCFD:LeaderElection106] INFO  impl.RaftServerImpl (ServerState.java:setRaftConf(361)) - f858022d-8b6c-40dd-9b02-9ee6db579943:group-31C23DFCFCFD set configuration 0: [f858022d-8b6c-40dd-9b02-9ee6db579943:192.168.36.99:35753], old=null at 0
2019-09-20 14:17:02,957 [f858022d-8b6c-40dd-9b02-9ee6db579943-SegmentedRaftLogWorker:Storage Directory /workdir/hadoop-ozone/ozonefs/target/test-dir/MiniOzoneClusterImpl-a6efaa66-6ca1-47a3-8b50-c5fe67a1a9f1/datanode-2/data/ratis/e942deb7-4504-4b0d-b6df-31c23dfcfcfd] INFO  segmented.SegmentedRaftLogWorker (SegmentedRaftLogWorker.java:execute(569)) - f858022d-8b6c-40dd-9b02-9ee6db579943-SegmentedRaftLogWorker:Storage Directory /workdir/hadoop-ozone/ozonefs/target/test-dir/MiniOzoneClusterImpl-a6efaa66-6ca1-47a3-8b50-c5fe67a1a9f1/datanode-2/data/ratis/e942deb7-4504-4b0d-b6df-31c23dfcfcfd: created new log segment /workdir/hadoop-ozone/ozonefs/target/test-dir/MiniOzoneClusterImpl-a6efaa66-6ca1-47a3-8b50-c5fe67a1a9f1/datanode-2/data/ratis/e942deb7-4504-4b0d-b6df-31c23dfcfcfd/current/log_inprogress_0
2019-09-20 14:17:03,096 [Thread-1561] INFO  impl.FollowerState (FollowerState.java:run(106)) - f858022d-8b6c-40dd-9b02-9ee6db579943:group-635D868E2231 changes to CANDIDATE, lastRpcTime:5178, electionTimeout:5178ms
2019-09-20 14:17:03,097 [Thread-1561] INFO  impl.RoleInfo (RoleInfo.java:shutdownFollowerState(121)) - f858022d-8b6c-40dd-9b02-9ee6db579943: shutdown FollowerState
2019-09-20 14:17:03,097 [Thread-1561] INFO  impl.RaftServerImpl (RaftServerImpl.java:setRole(171)) - f858022d-8b6c-40dd-9b02-9ee6db579943:group-635D868E2231 changes role from FOLLOWER to CANDIDATE at term 0 for changeToCandidate
2019-09-20 14:17:03,097 [Thread-1561] INFO  impl.RoleInfo (RoleInfo.java:updateAndGet(143)) - f858022d-8b6c-40dd-9b02-9ee6db579943: start LeaderElection
2019-09-20 14:17:03,125 [f858022d-8b6c-40dd-9b02-9ee6db579943:group-635D868E2231:LeaderElection107] INFO  impl.LeaderElection (LeaderElection.java:askForVotes(181)) - f858022d-8b6c-40dd-9b02-9ee6db579943:group-635D868E2231:LeaderElection107: begin an election at term 1 for -1: [f858022d-8b6c-40dd-9b02-9ee6db579943:192.168.36.99:35753], old=null
2019-09-20 14:17:03,125 [f858022d-8b6c-40dd-9b02-9ee6db579943:group-635D868E2231:LeaderElection107] INFO  impl.RoleInfo (RoleInfo.java:shutdownLeaderElection(134)) - f858022d-8b6c-40dd-9b02-9ee6db579943: shutdown LeaderElection
2019-09-20 14:17:03,125 [f858022d-8b6c-40dd-9b02-9ee6db579943:group-635D868E2231:LeaderElection107] INFO  impl.RaftServerImpl (RaftServerImpl.java:setRole(171)) - f858022d-8b6c-40dd-9b02-9ee6db579943:group-635D868E2231 changes role from CANDIDATE to LEADER at term 1 for changeToLeader
2019-09-20 14:17:03,125 [f858022d-8b6c-40dd-9b02-9ee6db579943:group-635D868E2231:LeaderElection107] INFO  impl.RaftServerImpl (ServerState.java:setLeader(263)) - f858022d-8b6c-40dd-9b02-9ee6db579943:group-635D868E2231 change Leader from null to f858022d-8b6c-40dd-9b02-9ee6db579943 at term 1 for becomeLeader, leader elected after 5211ms
2019-09-20 14:17:03,125 [f858022d-8b6c-40dd-9b02-9ee6db579943:group-635D868E2231:LeaderElection107] INFO  server.RaftServerConfigKeys (ConfUtils.java:logGet(43)) - raft.server.staging.catchup.gap = 1000 (default)
2019-09-20 14:17:03,125 [f858022d-8b6c-40dd-9b02-9ee6db579943:group-635D868E2231:LeaderElection107] INFO  server.RaftServerConfigKeys (ConfUtils.java:logGet(43)) - raft.server.rpc.sleep.time = 25ms (default)
2019-09-20 14:17:03,126 [f858022d-8b6c-40dd-9b02-9ee6db579943:group-635D868E2231:LeaderElection107] INFO  server.RaftServerConfigKeys (ConfUtils.java:logGet(43)) - raft.server.write.element-limit = 4096 (default)
2019-09-20 14:17:03,126 [f858022d-8b6c-40dd-9b02-9ee6db579943:group-635D868E2231:LeaderElection107] INFO  server.RaftServerConfigKeys (ConfUtils.java:logGet(43)) - raft.server.watch.timeout = 10s (default)
2019-09-20 14:17:03,126 [f858022d-8b6c-40dd-9b02-9ee6db579943:group-635D868E2231:LeaderElection107] INFO  server.RaftServerConfigKeys (ConfUtils.java:logGet(43)) - raft.server.watch.timeout.denomination = 1s (default)
2019-09-20 14:17:03,126 [f858022d-8b6c-40dd-9b02-9ee6db579943:group-635D868E2231:LeaderElection107] INFO  server.RaftServerConfigKeys (ConfUtils.java:logGet(43)) - raft.server.watch.element-limit = 65536 (default)
2019-09-20 14:17:03,126 [f858022d-8b6c-40dd-9b02-9ee6db579943:group-635D868E2231:LeaderElection107] INFO  impl.RoleInfo (RoleInfo.java:updateAndGet(143)) - f858022d-8b6c-40dd-9b02-9ee6db579943: start LeaderState
2019-09-20 14:17:03,127 [f858022d-8b6c-40dd-9b02-9ee6db579943:group-635D868E2231:LeaderElection107] INFO  segmented.SegmentedRaftLogWorker (SegmentedRaftLogWorker.java:startLogSegment(380)) - f858022d-8b6c-40dd-9b02-9ee6db579943-SegmentedRaftLogWorker:Storage Directory /workdir/hadoop-ozone/ozonefs/target/test-dir/MiniOzoneClusterImpl-a6efaa66-6ca1-47a3-8b50-c5fe67a1a9f1/datanode-2/data/ratis/a2d2c12f-1c86-4b1d-8ac3-635d868e2231: Starting segment from index:0
2019-09-20 14:17:03,127 [f858022d-8b6c-40dd-9b02-9ee6db579943:group-635D868E2231:LeaderElection107] INFO  impl.RaftServerImpl (ServerState.java:setRaftConf(361)) - f858022d-8b6c-40dd-9b02-9ee6db579943:group-635D868E2231 set configuration 0: [f858022d-8b6c-40dd-9b02-9ee6db579943:192.168.36.99:35753], old=null at 0
2019-09-20 14:17:03,192 [f858022d-8b6c-40dd-9b02-9ee6db579943-SegmentedRaftLogWorker:Storage Directory /workdir/hadoop-ozone/ozonefs/target/test-dir/MiniOzoneClusterImpl-a6efaa66-6ca1-47a3-8b50-c5fe67a1a9f1/datanode-2/data/ratis/a2d2c12f-1c86-4b1d-8ac3-635d868e2231] INFO  segmented.SegmentedRaftLogWorker (SegmentedRaftLogWorker.java:execute(569)) - f858022d-8b6c-40dd-9b02-9ee6db579943-SegmentedRaftLogWorker:Storage Directory /workdir/hadoop-ozone/ozonefs/target/test-dir/MiniOzoneClusterImpl-a6efaa66-6ca1-47a3-8b50-c5fe67a1a9f1/datanode-2/data/ratis/a2d2c12f-1c86-4b1d-8ac3-635d868e2231: created new log segment /workdir/hadoop-ozone/ozonefs/target/test-dir/MiniOzoneClusterImpl-a6efaa66-6ca1-47a3-8b50-c5fe67a1a9f1/datanode-2/data/ratis/a2d2c12f-1c86-4b1d-8ac3-635d868e2231/current/log_inprogress_0
2019-09-20 14:17:03,241 | INFO  | SCMAudit | user=jenkins1000 | ip=192.168.36.99 | op=SEND_HEARTBEAT {datanodeUUID=f858022d-8b6c-40dd-9b02-9ee6db579943, command=[]} | ret=SUCCESS |  
2019-09-20 14:17:03,462 [Thread-1336] INFO  ozoneimpl.OzoneContainer (OzoneContainer.java:stop(199)) - Attempting to stop container services.
2019-09-20 14:17:03,462 [ForkJoinPool.commonPool-worker-0] INFO  ozoneimpl.OzoneContainer (OzoneContainer.java:stop(199)) - Attempting to stop container services.
2019-09-20 14:17:03,463 [Thread-1336] INFO  impl.RaftServerProxy (RaftServerProxy.java:lambda$close$4(314)) - 5417499b-8247-461e-be10-1b45bf247d25: close
2019-09-20 14:17:03,463 [ForkJoinPool.commonPool-worker-0] INFO  impl.RaftServerProxy (RaftServerProxy.java:lambda$close$4(314)) - 35085a69-c577-4be4-bc35-5cb4b1e64437: close
2019-09-20 14:17:03,463 [Thread-1336] INFO  impl.RaftServerImpl (RaftServerImpl.java:lambda$shutdown$3(245)) - 5417499b-8247-461e-be10-1b45bf247d25: shutdown group-4DB31C551A4C
2019-09-20 14:17:03,463 [ForkJoinPool.commonPool-worker-0] INFO  impl.RaftServerImpl (RaftServerImpl.java:lambda$shutdown$3(245)) - 35085a69-c577-4be4-bc35-5cb4b1e64437: shutdown group-FC49ACB49171
2019-09-20 14:17:03,464 [Thread-1336] INFO  util.JmxRegister (JmxRegister.java:unregister(73)) - Successfully un-registered JMX Bean with object name Ratis:service=RaftServer,group=group-4DB31C551A4C,id=5417499b-8247-461e-be10-1b45bf247d25
2019-09-20 14:17:03,464 [ForkJoinPool.commonPool-worker-0] INFO  util.JmxRegister (JmxRegister.java:unregister(73)) - Successfully un-registered JMX Bean with object name Ratis:service=RaftServer,group=group-FC49ACB49171,id=35085a69-c577-4be4-bc35-5cb4b1e64437
2019-09-20 14:17:03,464 [Thread-1336] INFO  impl.RoleInfo (RoleInfo.java:shutdownLeaderState(104)) - 5417499b-8247-461e-be10-1b45bf247d25: shutdown LeaderState
2019-09-20 14:17:03,464 [ForkJoinPool.commonPool-worker-0] INFO  impl.RoleInfo (RoleInfo.java:shutdownLeaderState(104)) - 35085a69-c577-4be4-bc35-5cb4b1e64437: shutdown LeaderState
2019-09-20 14:17:03,465 [Thread-1336] INFO  impl.PendingRequests (PendingRequests.java:sendNotLeaderResponses(202)) - 5417499b-8247-461e-be10-1b45bf247d25-PendingRequests: sendNotLeaderResponses
2019-09-20 14:17:03,465 [ForkJoinPool.commonPool-worker-0] INFO  impl.PendingRequests (PendingRequests.java:sendNotLeaderResponses(202)) - 35085a69-c577-4be4-bc35-5cb4b1e64437-PendingRequests: sendNotLeaderResponses
2019-09-20 14:17:03,466 [Thread-1336] INFO  impl.StateMachineUpdater (StateMachineUpdater.java:stopAndJoin(115)) - StateMachineUpdater:5417499b-8247-461e-be10-1b45bf247d25:group-4DB31C551A4C: set stopIndex = 0
2019-09-20 14:17:03,466 [ForkJoinPool.commonPool-worker-0] INFO  impl.StateMachineUpdater (StateMachineUpdater.java:stopAndJoin(115)) - StateMachineUpdater:35085a69-c577-4be4-bc35-5cb4b1e64437:group-FC49ACB49171: set stopIndex = 0
2019-09-20 14:17:03,466 [Thread-1336] INFO  impl.RaftServerImpl (ServerState.java:close(394)) - 5417499b-8247-461e-be10-1b45bf247d25:group-4DB31C551A4C closes. The last applied log index is 0
2019-09-20 14:17:03,467 [ForkJoinPool.commonPool-worker-0] INFO  impl.RaftServerImpl (ServerState.java:close(394)) - 35085a69-c577-4be4-bc35-5cb4b1e64437:group-FC49ACB49171 closes. The last applied log index is 0
2019-09-20 14:17:03,467 [5417499b-8247-461e-be10-1b45bf247d25-SegmentedRaftLogWorker:Storage Directory /workdir/hadoop-ozone/ozonefs/target/test-dir/MiniOzoneClusterImpl-a6efaa66-6ca1-47a3-8b50-c5fe67a1a9f1/datanode-1/data/ratis/d7502638-1999-4c99-89f6-4db31c551a4c] INFO  segmented.SegmentedRaftLogWorker (SegmentedRaftLogWorker.java:run(313)) - 5417499b-8247-461e-be10-1b45bf247d25-SegmentedRaftLogWorker:Storage Directory /workdir/hadoop-ozone/ozonefs/target/test-dir/MiniOzoneClusterImpl-a6efaa66-6ca1-47a3-8b50-c5fe67a1a9f1/datanode-1/data/ratis/d7502638-1999-4c99-89f6-4db31c551a4c was interrupted, exiting. There are 0 tasks remaining in the queue.
2019-09-20 14:17:03,468 [35085a69-c577-4be4-bc35-5cb4b1e64437-SegmentedRaftLogWorker:Storage Directory /workdir/hadoop-ozone/ozonefs/target/test-dir/MiniOzoneClusterImpl-a6efaa66-6ca1-47a3-8b50-c5fe67a1a9f1/datanode-0/data/ratis/22a242a4-ef20-4598-b8d5-fc49acb49171] INFO  segmented.SegmentedRaftLogWorker (SegmentedRaftLogWorker.java:run(313)) - 35085a69-c577-4be4-bc35-5cb4b1e64437-SegmentedRaftLogWorker:Storage Directory /workdir/hadoop-ozone/ozonefs/target/test-dir/MiniOzoneClusterImpl-a6efaa66-6ca1-47a3-8b50-c5fe67a1a9f1/datanode-0/data/ratis/22a242a4-ef20-4598-b8d5-fc49acb49171 was interrupted, exiting. There are 0 tasks remaining in the queue.
2019-09-20 14:17:03,468 [Thread-1336] INFO  segmented.SegmentedRaftLogWorker (SegmentedRaftLogWorker.java:close(228)) - 5417499b-8247-461e-be10-1b45bf247d25-SegmentedRaftLogWorker:Storage Directory /workdir/hadoop-ozone/ozonefs/target/test-dir/MiniOzoneClusterImpl-a6efaa66-6ca1-47a3-8b50-c5fe67a1a9f1/datanode-1/data/ratis/d7502638-1999-4c99-89f6-4db31c551a4c close()
2019-09-20 14:17:03,468 [ForkJoinPool.commonPool-worker-0] INFO  segmented.SegmentedRaftLogWorker (SegmentedRaftLogWorker.java:close(228)) - 35085a69-c577-4be4-bc35-5cb4b1e64437-SegmentedRaftLogWorker:Storage Directory /workdir/hadoop-ozone/ozonefs/target/test-dir/MiniOzoneClusterImpl-a6efaa66-6ca1-47a3-8b50-c5fe67a1a9f1/datanode-0/data/ratis/22a242a4-ef20-4598-b8d5-fc49acb49171 close()
2019-09-20 14:17:03,473 [Thread-1336] INFO  impl.RaftServerImpl (RaftServerImpl.java:lambda$shutdown$3(245)) - 5417499b-8247-461e-be10-1b45bf247d25: shutdown group-68229F7D6B88
2019-09-20 14:17:03,473 [ForkJoinPool.commonPool-worker-0] INFO  impl.RaftServerImpl (RaftServerImpl.java:lambda$shutdown$3(245)) - 35085a69-c577-4be4-bc35-5cb4b1e64437: shutdown group-F447E6D10F59
2019-09-20 14:17:03,473 [Thread-1336] INFO  util.JmxRegister (JmxRegister.java:unregister(73)) - Successfully un-registered JMX Bean with object name Ratis:service=RaftServer,group=group-68229F7D6B88,id=5417499b-8247-461e-be10-1b45bf247d25
2019-09-20 14:17:03,474 [ForkJoinPool.commonPool-worker-0] INFO  util.JmxRegister (JmxRegister.java:unregister(73)) - Successfully un-registered JMX Bean with object name Ratis:service=RaftServer,group=group-F447E6D10F59,id=35085a69-c577-4be4-bc35-5cb4b1e64437
2019-09-20 14:17:03,474 [Thread-1336] INFO  impl.RoleInfo (RoleInfo.java:shutdownLeaderState(104)) - 5417499b-8247-461e-be10-1b45bf247d25: shutdown LeaderState
2019-09-20 14:17:03,474 [ForkJoinPool.commonPool-worker-0] INFO  impl.RoleInfo (RoleInfo.java:shutdownLeaderState(104)) - 35085a69-c577-4be4-bc35-5cb4b1e64437: shutdown LeaderState
2019-09-20 14:17:03,475 [Thread-1336] INFO  impl.PendingRequests (PendingRequests.java:sendNotLeaderResponses(202)) - 5417499b-8247-461e-be10-1b45bf247d25-PendingRequests: sendNotLeaderResponses
2019-09-20 14:17:03,475 [ForkJoinPool.commonPool-worker-0] INFO  impl.PendingRequests (PendingRequests.java:sendNotLeaderResponses(202)) - 35085a69-c577-4be4-bc35-5cb4b1e64437-PendingRequests: sendNotLeaderResponses
2019-09-20 14:17:03,476 [Thread-1336] INFO  impl.StateMachineUpdater (StateMachineUpdater.java:stopAndJoin(115)) - StateMachineUpdater:5417499b-8247-461e-be10-1b45bf247d25:group-68229F7D6B88: set stopIndex = 0
2019-09-20 14:17:03,476 [ForkJoinPool.commonPool-worker-0] INFO  impl.StateMachineUpdater (StateMachineUpdater.java:stopAndJoin(115)) - StateMachineUpdater:35085a69-c577-4be4-bc35-5cb4b1e64437:group-F447E6D10F59: set stopIndex = 0
2019-09-20 14:17:03,477 [Thread-1336] INFO  impl.RaftServerImpl (ServerState.java:close(394)) - 5417499b-8247-461e-be10-1b45bf247d25:group-68229F7D6B88 closes. The last applied log index is 0
2019-09-20 14:17:03,477 [ForkJoinPool.commonPool-worker-0] INFO  impl.RaftServerImpl (ServerState.java:close(394)) - 35085a69-c577-4be4-bc35-5cb4b1e64437:group-F447E6D10F59 closes. The last applied log index is 0
2019-09-20 14:17:03,478 [5417499b-8247-461e-be10-1b45bf247d25-SegmentedRaftLogWorker:Storage Directory /workdir/hadoop-ozone/ozonefs/target/test-dir/MiniOzoneClusterImpl-a6efaa66-6ca1-47a3-8b50-c5fe67a1a9f1/datanode-1/data/ratis/95cbde8c-f224-4fda-bfea-68229f7d6b88] INFO  segmented.SegmentedRaftLogWorker (SegmentedRaftLogWorker.java:run(313)) - 5417499b-8247-461e-be10-1b45bf247d25-SegmentedRaftLogWorker:Storage Directory /workdir/hadoop-ozone/ozonefs/target/test-dir/MiniOzoneClusterImpl-a6efaa66-6ca1-47a3-8b50-c5fe67a1a9f1/datanode-1/data/ratis/95cbde8c-f224-4fda-bfea-68229f7d6b88 was interrupted, exiting. There are 0 tasks remaining in the queue.
2019-09-20 14:17:03,478 [Thread-1336] INFO  segmented.SegmentedRaftLogWorker (SegmentedRaftLogWorker.java:close(228)) - 5417499b-8247-461e-be10-1b45bf247d25-SegmentedRaftLogWorker:Storage Directory /workdir/hadoop-ozone/ozonefs/target/test-dir/MiniOzoneClusterImpl-a6efaa66-6ca1-47a3-8b50-c5fe67a1a9f1/datanode-1/data/ratis/95cbde8c-f224-4fda-bfea-68229f7d6b88 close()
2019-09-20 14:17:03,481 [35085a69-c577-4be4-bc35-5cb4b1e64437-SegmentedRaftLogWorker:Storage Directory /workdir/hadoop-ozone/ozonefs/target/test-dir/MiniOzoneClusterImpl-a6efaa66-6ca1-47a3-8b50-c5fe67a1a9f1/datanode-0/data/ratis/52531425-eb06-4650-a2ed-f447e6d10f59] INFO  segmented.SegmentedRaftLogWorker (SegmentedRaftLogWorker.java:run(313)) - 35085a69-c577-4be4-bc35-5cb4b1e64437-SegmentedRaftLogWorker:Storage Directory /workdir/hadoop-ozone/ozonefs/target/test-dir/MiniOzoneClusterImpl-a6efaa66-6ca1-47a3-8b50-c5fe67a1a9f1/datanode-0/data/ratis/52531425-eb06-4650-a2ed-f447e6d10f59 was interrupted, exiting. There are 0 tasks remaining in the queue.
2019-09-20 14:17:03,481 [Thread-1336] INFO  impl.RaftServerImpl (RaftServerImpl.java:lambda$shutdown$3(245)) - 5417499b-8247-461e-be10-1b45bf247d25: shutdown group-693EB31740FE
2019-09-20 14:17:03,481 [ForkJoinPool.commonPool-worker-0] INFO  segmented.SegmentedRaftLogWorker (SegmentedRaftLogWorker.java:close(228)) - 35085a69-c577-4be4-bc35-5cb4b1e64437-SegmentedRaftLogWorker:Storage Directory /workdir/hadoop-ozone/ozonefs/target/test-dir/MiniOzoneClusterImpl-a6efaa66-6ca1-47a3-8b50-c5fe67a1a9f1/datanode-0/data/ratis/52531425-eb06-4650-a2ed-f447e6d10f59 close()
2019-09-20 14:17:03,482 [Thread-1336] INFO  util.JmxRegister (JmxRegister.java:unregister(73)) - Successfully un-registered JMX Bean with object name Ratis:service=RaftServer,group=group-693EB31740FE,id=5417499b-8247-461e-be10-1b45bf247d25
2019-09-20 14:17:03,483 [ForkJoinPool.commonPool-worker-0] INFO  impl.RaftServerImpl (RaftServerImpl.java:lambda$shutdown$3(245)) - 35085a69-c577-4be4-bc35-5cb4b1e64437: shutdown group-0663E4AFB9B4
2019-09-20 14:17:03,484 [Thread-1336] INFO  impl.RoleInfo (RoleInfo.java:shutdownLeaderState(104)) - 5417499b-8247-461e-be10-1b45bf247d25: shutdown LeaderState
2019-09-20 14:17:03,484 [ForkJoinPool.commonPool-worker-0] INFO  util.JmxRegister (JmxRegister.java:unregister(73)) - Successfully un-registered JMX Bean with object name Ratis:service=RaftServer,group=group-0663E4AFB9B4,id=35085a69-c577-4be4-bc35-5cb4b1e64437
2019-09-20 14:17:03,484 [Thread-1336] INFO  impl.PendingRequests (PendingRequests.java:sendNotLeaderResponses(202)) - 5417499b-8247-461e-be10-1b45bf247d25-PendingRequests: sendNotLeaderResponses
2019-09-20 14:17:03,484 [ForkJoinPool.commonPool-worker-0] INFO  impl.RoleInfo (RoleInfo.java:shutdownLeaderState(104)) - 35085a69-c577-4be4-bc35-5cb4b1e64437: shutdown LeaderState
2019-09-20 14:17:03,485 [Thread-1336] INFO  impl.StateMachineUpdater (StateMachineUpdater.java:stopAndJoin(115)) - StateMachineUpdater:5417499b-8247-461e-be10-1b45bf247d25:group-693EB31740FE: set stopIndex = 0
2019-09-20 14:17:03,485 [ForkJoinPool.commonPool-worker-0] INFO  impl.PendingRequests (PendingRequests.java:sendNotLeaderResponses(202)) - 35085a69-c577-4be4-bc35-5cb4b1e64437-PendingRequests: sendNotLeaderResponses
2019-09-20 14:17:03,485 [Thread-1336] INFO  impl.RaftServerImpl (ServerState.java:close(394)) - 5417499b-8247-461e-be10-1b45bf247d25:group-693EB31740FE closes. The last applied log index is 0
2019-09-20 14:17:03,486 [ForkJoinPool.commonPool-worker-0] INFO  impl.StateMachineUpdater (StateMachineUpdater.java:stopAndJoin(115)) - StateMachineUpdater:35085a69-c577-4be4-bc35-5cb4b1e64437:group-0663E4AFB9B4: set stopIndex = 0
2019-09-20 14:17:03,486 [ForkJoinPool.commonPool-worker-0] INFO  impl.RaftServerImpl (ServerState.java:close(394)) - 35085a69-c577-4be4-bc35-5cb4b1e64437:group-0663E4AFB9B4 closes. The last applied log index is 0
2019-09-20 14:17:03,486 [5417499b-8247-461e-be10-1b45bf247d25-SegmentedRaftLogWorker:Storage Directory /workdir/hadoop-ozone/ozonefs/target/test-dir/MiniOzoneClusterImpl-a6efaa66-6ca1-47a3-8b50-c5fe67a1a9f1/datanode-1/data/ratis/a0b3baaa-accb-434f-b688-693eb31740fe] INFO  segmented.SegmentedRaftLogWorker (SegmentedRaftLogWorker.java:run(313)) - 5417499b-8247-461e-be10-1b45bf247d25-SegmentedRaftLogWorker:Storage Directory /workdir/hadoop-ozone/ozonefs/target/test-dir/MiniOzoneClusterImpl-a6efaa66-6ca1-47a3-8b50-c5fe67a1a9f1/datanode-1/data/ratis/a0b3baaa-accb-434f-b688-693eb31740fe was interrupted, exiting. There are 0 tasks remaining in the queue.
2019-09-20 14:17:03,487 [35085a69-c577-4be4-bc35-5cb4b1e64437-SegmentedRaftLogWorker:Storage Directory /workdir/hadoop-ozone/ozonefs/target/test-dir/MiniOzoneClusterImpl-a6efaa66-6ca1-47a3-8b50-c5fe67a1a9f1/datanode-0/data/ratis/ad0f28ef-a4c4-4c8f-b151-0663e4afb9b4] INFO  segmented.SegmentedRaftLogWorker (SegmentedRaftLogWorker.java:run(313)) - 35085a69-c577-4be4-bc35-5cb4b1e64437-SegmentedRaftLogWorker:Storage Directory /workdir/hadoop-ozone/ozonefs/target/test-dir/MiniOzoneClusterImpl-a6efaa66-6ca1-47a3-8b50-c5fe67a1a9f1/datanode-0/data/ratis/ad0f28ef-a4c4-4c8f-b151-0663e4afb9b4 was interrupted, exiting. There are 0 tasks remaining in the queue.
2019-09-20 14:17:03,487 [Thread-1336] INFO  segmented.SegmentedRaftLogWorker (SegmentedRaftLogWorker.java:close(228)) - 5417499b-8247-461e-be10-1b45bf247d25-SegmentedRaftLogWorker:Storage Directory /workdir/hadoop-ozone/ozonefs/target/test-dir/MiniOzoneClusterImpl-a6efaa66-6ca1-47a3-8b50-c5fe67a1a9f1/datanode-1/data/ratis/a0b3baaa-accb-434f-b688-693eb31740fe close()
2019-09-20 14:17:03,487 [ForkJoinPool.commonPool-worker-0] INFO  segmented.SegmentedRaftLogWorker (SegmentedRaftLogWorker.java:close(228)) - 35085a69-c577-4be4-bc35-5cb4b1e64437-SegmentedRaftLogWorker:Storage Directory /workdir/hadoop-ozone/ozonefs/target/test-dir/MiniOzoneClusterImpl-a6efaa66-6ca1-47a3-8b50-c5fe67a1a9f1/datanode-0/data/ratis/ad0f28ef-a4c4-4c8f-b151-0663e4afb9b4 close()
2019-09-20 14:17:03,489 [Thread-1336] INFO  impl.RaftServerImpl (RaftServerImpl.java:lambda$shutdown$3(245)) - 5417499b-8247-461e-be10-1b45bf247d25: shutdown group-1205E2255D61
2019-09-20 14:17:03,491 [ForkJoinPool.commonPool-worker-0] INFO  impl.RaftServerImpl (RaftServerImpl.java:lambda$shutdown$3(245)) - 35085a69-c577-4be4-bc35-5cb4b1e64437: shutdown group-9BAA92225F20
2019-09-20 14:17:03,491 [Thread-1336] INFO  util.JmxRegister (JmxRegister.java:unregister(73)) - Successfully un-registered JMX Bean with object name Ratis:service=RaftServer,group=group-1205E2255D61,id=5417499b-8247-461e-be10-1b45bf247d25
2019-09-20 14:17:03,491 [ForkJoinPool.commonPool-worker-0] INFO  util.JmxRegister (JmxRegister.java:unregister(73)) - Successfully un-registered JMX Bean with object name Ratis:service=RaftServer,group=group-9BAA92225F20,id=35085a69-c577-4be4-bc35-5cb4b1e64437
2019-09-20 14:17:03,492 [Thread-1336] INFO  impl.RoleInfo (RoleInfo.java:shutdownLeaderState(104)) - 5417499b-8247-461e-be10-1b45bf247d25: shutdown LeaderState
2019-09-20 14:17:03,492 [ForkJoinPool.commonPool-worker-0] INFO  impl.RoleInfo (RoleInfo.java:shutdownLeaderState(104)) - 35085a69-c577-4be4-bc35-5cb4b1e64437: shutdown LeaderState
2019-09-20 14:17:03,492 [Thread-1336] INFO  impl.PendingRequests (PendingRequests.java:sendNotLeaderResponses(202)) - 5417499b-8247-461e-be10-1b45bf247d25-PendingRequests: sendNotLeaderResponses
2019-09-20 14:17:03,493 [ForkJoinPool.commonPool-worker-0] INFO  impl.PendingRequests (PendingRequests.java:sendNotLeaderResponses(202)) - 35085a69-c577-4be4-bc35-5cb4b1e64437-PendingRequests: sendNotLeaderResponses
2019-09-20 14:17:03,493 [Thread-1336] INFO  impl.StateMachineUpdater (StateMachineUpdater.java:stopAndJoin(115)) - StateMachineUpdater:5417499b-8247-461e-be10-1b45bf247d25:group-1205E2255D61: set stopIndex = 0
2019-09-20 14:17:03,493 [ForkJoinPool.commonPool-worker-0] INFO  impl.StateMachineUpdater (StateMachineUpdater.java:stopAndJoin(115)) - StateMachineUpdater:35085a69-c577-4be4-bc35-5cb4b1e64437:group-9BAA92225F20: set stopIndex = 0
2019-09-20 14:17:03,493 [Thread-1336] INFO  impl.RaftServerImpl (ServerState.java:close(394)) - 5417499b-8247-461e-be10-1b45bf247d25:group-1205E2255D61 closes. The last applied log index is 0
2019-09-20 14:17:03,494 [ForkJoinPool.commonPool-worker-0] INFO  impl.RaftServerImpl (ServerState.java:close(394)) - 35085a69-c577-4be4-bc35-5cb4b1e64437:group-9BAA92225F20 closes. The last applied log index is 0
2019-09-20 14:17:03,494 [5417499b-8247-461e-be10-1b45bf247d25-SegmentedRaftLogWorker:Storage Directory /workdir/hadoop-ozone/ozonefs/target/test-dir/MiniOzoneClusterImpl-a6efaa66-6ca1-47a3-8b50-c5fe67a1a9f1/datanode-1/data/ratis/80e9f96d-374c-41c3-a9d8-1205e2255d61] INFO  segmented.SegmentedRaftLogWorker (SegmentedRaftLogWorker.java:run(313)) - 5417499b-8247-461e-be10-1b45bf247d25-SegmentedRaftLogWorker:Storage Directory /workdir/hadoop-ozone/ozonefs/target/test-dir/MiniOzoneClusterImpl-a6efaa66-6ca1-47a3-8b50-c5fe67a1a9f1/datanode-1/data/ratis/80e9f96d-374c-41c3-a9d8-1205e2255d61 was interrupted, exiting. There are 0 tasks remaining in the queue.
2019-09-20 14:17:03,494 [35085a69-c577-4be4-bc35-5cb4b1e64437-SegmentedRaftLogWorker:Storage Directory /workdir/hadoop-ozone/ozonefs/target/test-dir/MiniOzoneClusterImpl-a6efaa66-6ca1-47a3-8b50-c5fe67a1a9f1/datanode-0/data/ratis/9d648d1f-eb63-4431-91ca-9baa92225f20] INFO  segmented.SegmentedRaftLogWorker (SegmentedRaftLogWorker.java:run(313)) - 35085a69-c577-4be4-bc35-5cb4b1e64437-SegmentedRaftLogWorker:Storage Directory /workdir/hadoop-ozone/ozonefs/target/test-dir/MiniOzoneClusterImpl-a6efaa66-6ca1-47a3-8b50-c5fe67a1a9f1/datanode-0/data/ratis/9d648d1f-eb63-4431-91ca-9baa92225f20 was interrupted, exiting. There are 0 tasks remaining in the queue.
2019-09-20 14:17:03,495 [Thread-1336] INFO  segmented.SegmentedRaftLogWorker (SegmentedRaftLogWorker.java:close(228)) - 5417499b-8247-461e-be10-1b45bf247d25-SegmentedRaftLogWorker:Storage Directory /workdir/hadoop-ozone/ozonefs/target/test-dir/MiniOzoneClusterImpl-a6efaa66-6ca1-47a3-8b50-c5fe67a1a9f1/datanode-1/data/ratis/80e9f96d-374c-41c3-a9d8-1205e2255d61 close()
2019-09-20 14:17:03,495 [ForkJoinPool.commonPool-worker-0] INFO  segmented.SegmentedRaftLogWorker (SegmentedRaftLogWorker.java:close(228)) - 35085a69-c577-4be4-bc35-5cb4b1e64437-SegmentedRaftLogWorker:Storage Directory /workdir/hadoop-ozone/ozonefs/target/test-dir/MiniOzoneClusterImpl-a6efaa66-6ca1-47a3-8b50-c5fe67a1a9f1/datanode-0/data/ratis/9d648d1f-eb63-4431-91ca-9baa92225f20 close()
2019-09-20 14:17:03,496 [Thread-1336] INFO  impl.RaftServerImpl (RaftServerImpl.java:lambda$shutdown$3(245)) - 5417499b-8247-461e-be10-1b45bf247d25: shutdown group-167FB18B324E
2019-09-20 14:17:03,497 [ForkJoinPool.commonPool-worker-0] INFO  impl.RaftServerImpl (RaftServerImpl.java:lambda$shutdown$3(245)) - 35085a69-c577-4be4-bc35-5cb4b1e64437: shutdown group-A99371238950
2019-09-20 14:17:03,498 [Thread-1336] INFO  util.JmxRegister (JmxRegister.java:unregister(73)) - Successfully un-registered JMX Bean with object name Ratis:service=RaftServer,group=group-167FB18B324E,id=5417499b-8247-461e-be10-1b45bf247d25
2019-09-20 14:17:03,498 [ForkJoinPool.commonPool-worker-0] INFO  util.JmxRegister (JmxRegister.java:unregister(73)) - Successfully un-registered JMX Bean with object name Ratis:service=RaftServer,group=group-A99371238950,id=35085a69-c577-4be4-bc35-5cb4b1e64437
2019-09-20 14:17:03,498 [Thread-1336] INFO  impl.RoleInfo (RoleInfo.java:shutdownLeaderState(104)) - 5417499b-8247-461e-be10-1b45bf247d25: shutdown LeaderState
2019-09-20 14:17:03,498 [ForkJoinPool.commonPool-worker-0] INFO  impl.RoleInfo (RoleInfo.java:shutdownLeaderState(104)) - 35085a69-c577-4be4-bc35-5cb4b1e64437: shutdown LeaderState
2019-09-20 14:17:03,499 [Thread-1336] INFO  impl.PendingRequests (PendingRequests.java:sendNotLeaderResponses(202)) - 5417499b-8247-461e-be10-1b45bf247d25-PendingRequests: sendNotLeaderResponses
2019-09-20 14:17:03,499 [ForkJoinPool.commonPool-worker-0] INFO  impl.PendingRequests (PendingRequests.java:sendNotLeaderResponses(202)) - 35085a69-c577-4be4-bc35-5cb4b1e64437-PendingRequests: sendNotLeaderResponses
2019-09-20 14:17:03,499 [Thread-1336] INFO  impl.StateMachineUpdater (StateMachineUpdater.java:stopAndJoin(115)) - StateMachineUpdater:5417499b-8247-461e-be10-1b45bf247d25:group-167FB18B324E: set stopIndex = 0
2019-09-20 14:17:03,499 [ForkJoinPool.commonPool-worker-0] INFO  impl.StateMachineUpdater (StateMachineUpdater.java:stopAndJoin(115)) - StateMachineUpdater:35085a69-c577-4be4-bc35-5cb4b1e64437:group-A99371238950: set stopIndex = 0
2019-09-20 14:17:03,500 [ForkJoinPool.commonPool-worker-0] INFO  impl.RaftServerImpl (ServerState.java:close(394)) - 35085a69-c577-4be4-bc35-5cb4b1e64437:group-A99371238950 closes. The last applied log index is 0
2019-09-20 14:17:03,499 [Thread-1336] INFO  impl.RaftServerImpl (ServerState.java:close(394)) - 5417499b-8247-461e-be10-1b45bf247d25:group-167FB18B324E closes. The last applied log index is 0
2019-09-20 14:17:03,500 [35085a69-c577-4be4-bc35-5cb4b1e64437-SegmentedRaftLogWorker:Storage Directory /workdir/hadoop-ozone/ozonefs/target/test-dir/MiniOzoneClusterImpl-a6efaa66-6ca1-47a3-8b50-c5fe67a1a9f1/datanode-0/data/ratis/7030b0a7-a615-4bf0-a199-a99371238950] INFO  segmented.SegmentedRaftLogWorker (SegmentedRaftLogWorker.java:run(313)) - 35085a69-c577-4be4-bc35-5cb4b1e64437-SegmentedRaftLogWorker:Storage Directory /workdir/hadoop-ozone/ozonefs/target/test-dir/MiniOzoneClusterImpl-a6efaa66-6ca1-47a3-8b50-c5fe67a1a9f1/datanode-0/data/ratis/7030b0a7-a615-4bf0-a199-a99371238950 was interrupted, exiting. There are 0 tasks remaining in the queue.
2019-09-20 14:17:03,500 [5417499b-8247-461e-be10-1b45bf247d25-SegmentedRaftLogWorker:Storage Directory /workdir/hadoop-ozone/ozonefs/target/test-dir/MiniOzoneClusterImpl-a6efaa66-6ca1-47a3-8b50-c5fe67a1a9f1/datanode-1/data/ratis/0e2b4a4e-e4e7-4be8-8fef-167fb18b324e] INFO  segmented.SegmentedRaftLogWorker (SegmentedRaftLogWorker.java:run(313)) - 5417499b-8247-461e-be10-1b45bf247d25-SegmentedRaftLogWorker:Storage Directory /workdir/hadoop-ozone/ozonefs/target/test-dir/MiniOzoneClusterImpl-a6efaa66-6ca1-47a3-8b50-c5fe67a1a9f1/datanode-1/data/ratis/0e2b4a4e-e4e7-4be8-8fef-167fb18b324e was interrupted, exiting. There are 0 tasks remaining in the queue.
2019-09-20 14:17:03,501 [ForkJoinPool.commonPool-worker-0] INFO  segmented.SegmentedRaftLogWorker (SegmentedRaftLogWorker.java:close(228)) - 35085a69-c577-4be4-bc35-5cb4b1e64437-SegmentedRaftLogWorker:Storage Directory /workdir/hadoop-ozone/ozonefs/target/test-dir/MiniOzoneClusterImpl-a6efaa66-6ca1-47a3-8b50-c5fe67a1a9f1/datanode-0/data/ratis/7030b0a7-a615-4bf0-a199-a99371238950 close()
2019-09-20 14:17:03,501 [Thread-1336] INFO  segmented.SegmentedRaftLogWorker (SegmentedRaftLogWorker.java:close(228)) - 5417499b-8247-461e-be10-1b45bf247d25-SegmentedRaftLogWorker:Storage Directory /workdir/hadoop-ozone/ozonefs/target/test-dir/MiniOzoneClusterImpl-a6efaa66-6ca1-47a3-8b50-c5fe67a1a9f1/datanode-1/data/ratis/0e2b4a4e-e4e7-4be8-8fef-167fb18b324e close()
2019-09-20 14:17:03,502 [ForkJoinPool.commonPool-worker-0] INFO  impl.RaftServerImpl (RaftServerImpl.java:lambda$shutdown$3(245)) - 35085a69-c577-4be4-bc35-5cb4b1e64437: shutdown group-E30C82D1DFDF
2019-09-20 14:17:03,504 [Thread-1336] INFO  impl.RaftServerImpl (RaftServerImpl.java:lambda$shutdown$3(245)) - 5417499b-8247-461e-be10-1b45bf247d25: shutdown group-F9E625D07E23
2019-09-20 14:17:03,504 [ForkJoinPool.commonPool-worker-0] INFO  util.JmxRegister (JmxRegister.java:unregister(73)) - Successfully un-registered JMX Bean with object name Ratis:service=RaftServer,group=group-E30C82D1DFDF,id=35085a69-c577-4be4-bc35-5cb4b1e64437
2019-09-20 14:17:03,505 [Thread-1336] INFO  util.JmxRegister (JmxRegister.java:unregister(73)) - Successfully un-registered JMX Bean with object name Ratis:service=RaftServer,group=group-F9E625D07E23,id=5417499b-8247-461e-be10-1b45bf247d25
2019-09-20 14:17:03,505 [ForkJoinPool.commonPool-worker-0] INFO  impl.RoleInfo (RoleInfo.java:shutdownLeaderState(104)) - 35085a69-c577-4be4-bc35-5cb4b1e64437: shutdown LeaderState
2019-09-20 14:17:03,505 [Thread-1336] INFO  impl.RoleInfo (RoleInfo.java:shutdownLeaderState(104)) - 5417499b-8247-461e-be10-1b45bf247d25: shutdown LeaderState
2019-09-20 14:17:03,505 [ForkJoinPool.commonPool-worker-0] INFO  impl.PendingRequests (PendingRequests.java:sendNotLeaderResponses(202)) - 35085a69-c577-4be4-bc35-5cb4b1e64437-PendingRequests: sendNotLeaderResponses
2019-09-20 14:17:03,505 [Thread-1336] INFO  impl.PendingRequests (PendingRequests.java:sendNotLeaderResponses(202)) - 5417499b-8247-461e-be10-1b45bf247d25-PendingRequests: sendNotLeaderResponses
2019-09-20 14:17:03,506 [ForkJoinPool.commonPool-worker-0] INFO  impl.StateMachineUpdater (StateMachineUpdater.java:stopAndJoin(115)) - StateMachineUpdater:35085a69-c577-4be4-bc35-5cb4b1e64437:group-E30C82D1DFDF: set stopIndex = 0
2019-09-20 14:17:03,506 [Thread-1336] INFO  impl.StateMachineUpdater (StateMachineUpdater.java:stopAndJoin(115)) - StateMachineUpdater:5417499b-8247-461e-be10-1b45bf247d25:group-F9E625D07E23: set stopIndex = 0
2019-09-20 14:17:03,506 [ForkJoinPool.commonPool-worker-0] INFO  impl.RaftServerImpl (ServerState.java:close(394)) - 35085a69-c577-4be4-bc35-5cb4b1e64437:group-E30C82D1DFDF closes. The last applied log index is 0
2019-09-20 14:17:03,506 [Thread-1336] INFO  impl.RaftServerImpl (ServerState.java:close(394)) - 5417499b-8247-461e-be10-1b45bf247d25:group-F9E625D07E23 closes. The last applied log index is 0
2019-09-20 14:17:03,507 [35085a69-c577-4be4-bc35-5cb4b1e64437-SegmentedRaftLogWorker:Storage Directory /workdir/hadoop-ozone/ozonefs/target/test-dir/MiniOzoneClusterImpl-a6efaa66-6ca1-47a3-8b50-c5fe67a1a9f1/datanode-0/data/ratis/6322bf10-6f52-4473-b56a-e30c82d1dfdf] INFO  segmented.SegmentedRaftLogWorker (SegmentedRaftLogWorker.java:run(313)) - 35085a69-c577-4be4-bc35-5cb4b1e64437-SegmentedRaftLogWorker:Storage Directory /workdir/hadoop-ozone/ozonefs/target/test-dir/MiniOzoneClusterImpl-a6efaa66-6ca1-47a3-8b50-c5fe67a1a9f1/datanode-0/data/ratis/6322bf10-6f52-4473-b56a-e30c82d1dfdf was interrupted, exiting. There are 0 tasks remaining in the queue.
2019-09-20 14:17:03,507 [5417499b-8247-461e-be10-1b45bf247d25-SegmentedRaftLogWorker:Storage Directory /workdir/hadoop-ozone/ozonefs/target/test-dir/MiniOzoneClusterImpl-a6efaa66-6ca1-47a3-8b50-c5fe67a1a9f1/datanode-1/data/ratis/946b76ec-79fa-4f0a-963d-f9e625d07e23] INFO  segmented.SegmentedRaftLogWorker (SegmentedRaftLogWorker.java:run(313)) - 5417499b-8247-461e-be10-1b45bf247d25-SegmentedRaftLogWorker:Storage Directory /workdir/hadoop-ozone/ozonefs/target/test-dir/MiniOzoneClusterImpl-a6efaa66-6ca1-47a3-8b50-c5fe67a1a9f1/datanode-1/data/ratis/946b76ec-79fa-4f0a-963d-f9e625d07e23 was interrupted, exiting. There are 0 tasks remaining in the queue.
2019-09-20 14:17:03,507 [ForkJoinPool.commonPool-worker-0] INFO  segmented.SegmentedRaftLogWorker (SegmentedRaftLogWorker.java:close(228)) - 35085a69-c577-4be4-bc35-5cb4b1e64437-SegmentedRaftLogWorker:Storage Directory /workdir/hadoop-ozone/ozonefs/target/test-dir/MiniOzoneClusterImpl-a6efaa66-6ca1-47a3-8b50-c5fe67a1a9f1/datanode-0/data/ratis/6322bf10-6f52-4473-b56a-e30c82d1dfdf close()
2019-09-20 14:17:03,507 [Thread-1336] INFO  segmented.SegmentedRaftLogWorker (SegmentedRaftLogWorker.java:close(228)) - 5417499b-8247-461e-be10-1b45bf247d25-SegmentedRaftLogWorker:Storage Directory /workdir/hadoop-ozone/ozonefs/target/test-dir/MiniOzoneClusterImpl-a6efaa66-6ca1-47a3-8b50-c5fe67a1a9f1/datanode-1/data/ratis/946b76ec-79fa-4f0a-963d-f9e625d07e23 close()
2019-09-20 14:17:03,508 [ForkJoinPool.commonPool-worker-0] INFO  server.GrpcService (GrpcService.java:closeImpl(155)) - 35085a69-c577-4be4-bc35-5cb4b1e64437: shutdown server with port 45686 now
2019-09-20 14:17:03,510 [Thread-1336] INFO  server.GrpcService (GrpcService.java:closeImpl(155)) - 5417499b-8247-461e-be10-1b45bf247d25: shutdown server with port 43697 now
2019-09-20 14:17:03,511 [ForkJoinPool.commonPool-worker-0] INFO  server.GrpcService (GrpcService.java:closeImpl(163)) - 35085a69-c577-4be4-bc35-5cb4b1e64437: shutdown server with port 45686 successfully
2019-09-20 14:17:03,512 [Thread-1336] INFO  server.GrpcService (GrpcService.java:closeImpl(163)) - 5417499b-8247-461e-be10-1b45bf247d25: shutdown server with port 43697 successfully
2019-09-20 14:17:03,513 [Thread-1336] INFO  utils.BackgroundService (BackgroundService.java:shutdown(148)) - Shutting down service BlockDeletingService
2019-09-20 14:17:03,513 [ForkJoinPool.commonPool-worker-0] INFO  utils.BackgroundService (BackgroundService.java:shutdown(148)) - Shutting down service BlockDeletingService
2019-09-20 14:17:03,515 [refreshUsed-/workdir/hadoop-ozone/ozonefs/target/test-dir/MiniOzoneClusterImpl-a6efaa66-6ca1-47a3-8b50-c5fe67a1a9f1/datanode-1/data/containers] WARN  fs.CachingGetSpaceUsed (CachingGetSpaceUsed.java:run(183)) - Thread Interrupted waiting to refresh disk information: sleep interrupted
2019-09-20 14:17:03,519 [refreshUsed-/workdir/hadoop-ozone/ozonefs/target/test-dir/MiniOzoneClusterImpl-a6efaa66-6ca1-47a3-8b50-c5fe67a1a9f1/datanode-0/data/containers] WARN  fs.CachingGetSpaceUsed (CachingGetSpaceUsed.java:run(183)) - Thread Interrupted waiting to refresh disk information: sleep interrupted
2019-09-20 14:17:03,544 [Thread-1336] INFO  statemachine.DatanodeStateMachine (DatanodeStateMachine.java:stopDaemon(395)) - Ozone container server stopped.
2019-09-20 14:17:03,544 [ForkJoinPool.commonPool-worker-0] INFO  statemachine.DatanodeStateMachine (DatanodeStateMachine.java:stopDaemon(395)) - Ozone container server stopped.
2019-09-20 14:17:03,547 [ForkJoinPool.commonPool-worker-0] INFO  handler.ContextHandler (ContextHandler.java:doStop(910)) - Stopped o.e.j.w.WebAppContext@107153dc{/,null,UNAVAILABLE}{/hddsDatanode}
2019-09-20 14:17:03,547 [Thread-1336] INFO  handler.ContextHandler (ContextHandler.java:doStop(910)) - Stopped o.e.j.w.WebAppContext@3fb898fc{/,null,UNAVAILABLE}{/hddsDatanode}
2019-09-20 14:17:03,548 [ForkJoinPool.commonPool-worker-0] INFO  server.AbstractConnector (AbstractConnector.java:doStop(318)) - Stopped ServerConnector@5250cbd3{HTTP/1.1,[http/1.1]}{0.0.0.0:0}
2019-09-20 14:17:03,548 [Thread-1336] INFO  server.AbstractConnector (AbstractConnector.java:doStop(318)) - Stopped ServerConnector@6a873154{HTTP/1.1,[http/1.1]}{0.0.0.0:0}
2019-09-20 14:17:03,549 [ForkJoinPool.commonPool-worker-0] INFO  handler.ContextHandler (ContextHandler.java:doStop(910)) - Stopped o.e.j.s.ServletContextHandler@1693f718{/static,jar:file:/home/user/.m2/repository/org/apache/hadoop/hadoop-hdds-container-service/0.5.0-SNAPSHOT/hadoop-hdds-container-service-0.5.0-SNAPSHOT.jar!/webapps/static,UNAVAILABLE}
2019-09-20 14:17:03,549 [Thread-1336] INFO  handler.ContextHandler (ContextHandler.java:doStop(910)) - Stopped o.e.j.s.ServletContextHandler@40c73883{/static,jar:file:/home/user/.m2/repository/org/apache/hadoop/hadoop-hdds-container-service/0.5.0-SNAPSHOT/hadoop-hdds-container-service-0.5.0-SNAPSHOT.jar!/webapps/static,UNAVAILABLE}
2019-09-20 14:17:03,550 [ForkJoinPool.commonPool-worker-0] INFO  handler.ContextHandler (ContextHandler.java:doStop(910)) - Stopped o.e.j.s.ServletContextHandler@16303977{/logs,file:///workdir/hadoop-ozone/ozonefs/target/log,UNAVAILABLE}
2019-09-20 14:17:03,550 [Thread-1336] INFO  handler.ContextHandler (ContextHandler.java:doStop(910)) - Stopped o.e.j.s.ServletContextHandler@45b63821{/logs,file:///workdir/hadoop-ozone/ozonefs/target/log,UNAVAILABLE}
2019-09-20 14:17:03,550 [Thread-1336] INFO  datanode.ObjectStoreHandler (ObjectStoreHandler.java:close(155)) - Closing ObjectStoreHandler.
2019-09-20 14:17:03,551 [Thread-1336] INFO  ozone.HddsDatanodeService (HddsDatanodeService.java:stop(451)) - Stopped plug-in org.apache.hadoop.ozone.web.OzoneHddsDatanodeService@1b13d0ce
2019-09-20 14:17:04,239 [Datanode State Machine Thread - 0] INFO  statemachine.DatanodeStateMachine (DatanodeStateMachine.java:lambda$startDaemon$0(350)) - Ozone container server started.
2019-09-20 14:17:08,552 [Thread-1336] INFO  ozoneimpl.OzoneContainer (OzoneContainer.java:stop(199)) - Attempting to stop container services.
2019-09-20 14:17:08,552 [Thread-1336] INFO  impl.RaftServerProxy (RaftServerProxy.java:lambda$close$4(314)) - f858022d-8b6c-40dd-9b02-9ee6db579943: close
2019-09-20 14:17:08,553 [Thread-1336] INFO  impl.RaftServerImpl (RaftServerImpl.java:lambda$shutdown$3(245)) - f858022d-8b6c-40dd-9b02-9ee6db579943: shutdown group-4703EFA8EAF7
2019-09-20 14:17:08,553 [ForkJoinPool.commonPool-worker-1] INFO  impl.RaftServerImpl (RaftServerImpl.java:lambda$shutdown$3(245)) - f858022d-8b6c-40dd-9b02-9ee6db579943: shutdown group-133D4EB9930F
2019-09-20 14:17:08,553 [Thread-1336] INFO  util.JmxRegister (JmxRegister.java:unregister(73)) - Successfully un-registered JMX Bean with object name Ratis:service=RaftServer,group=group-4703EFA8EAF7,id=f858022d-8b6c-40dd-9b02-9ee6db579943
2019-09-20 14:17:08,554 [ForkJoinPool.commonPool-worker-1] INFO  util.JmxRegister (JmxRegister.java:unregister(73)) - Successfully un-registered JMX Bean with object name Ratis:service=RaftServer,group=group-133D4EB9930F,id=f858022d-8b6c-40dd-9b02-9ee6db579943
2019-09-20 14:17:08,554 [Thread-1336] INFO  impl.RoleInfo (RoleInfo.java:shutdownLeaderState(104)) - f858022d-8b6c-40dd-9b02-9ee6db579943: shutdown LeaderState
2019-09-20 14:17:08,554 [ForkJoinPool.commonPool-worker-1] INFO  impl.RoleInfo (RoleInfo.java:shutdownLeaderState(104)) - f858022d-8b6c-40dd-9b02-9ee6db579943: shutdown LeaderState
2019-09-20 14:17:08,555 [Thread-1336] INFO  impl.PendingRequests (PendingRequests.java:sendNotLeaderResponses(202)) - f858022d-8b6c-40dd-9b02-9ee6db579943-PendingRequests: sendNotLeaderResponses
2019-09-20 14:17:08,555 [ForkJoinPool.commonPool-worker-1] INFO  impl.PendingRequests (PendingRequests.java:sendNotLeaderResponses(202)) - f858022d-8b6c-40dd-9b02-9ee6db579943-PendingRequests: sendNotLeaderResponses
2019-09-20 14:17:08,555 [Thread-1336] INFO  impl.StateMachineUpdater (StateMachineUpdater.java:stopAndJoin(115)) - StateMachineUpdater:f858022d-8b6c-40dd-9b02-9ee6db579943:group-4703EFA8EAF7: set stopIndex = 0
2019-09-20 14:17:08,555 [ForkJoinPool.commonPool-worker-1] INFO  impl.StateMachineUpdater (StateMachineUpdater.java:stopAndJoin(115)) - StateMachineUpdater:f858022d-8b6c-40dd-9b02-9ee6db579943:group-133D4EB9930F: set stopIndex = 0
2019-09-20 14:17:08,556 [Thread-1336] INFO  impl.RaftServerImpl (ServerState.java:close(394)) - f858022d-8b6c-40dd-9b02-9ee6db579943:group-4703EFA8EAF7 closes. The last applied log index is 0
2019-09-20 14:17:08,556 [ForkJoinPool.commonPool-worker-1] INFO  impl.RaftServerImpl (ServerState.java:close(394)) - f858022d-8b6c-40dd-9b02-9ee6db579943:group-133D4EB9930F closes. The last applied log index is 0
2019-09-20 14:17:08,556 [f858022d-8b6c-40dd-9b02-9ee6db579943-SegmentedRaftLogWorker:Storage Directory /workdir/hadoop-ozone/ozonefs/target/test-dir/MiniOzoneClusterImpl-a6efaa66-6ca1-47a3-8b50-c5fe67a1a9f1/datanode-2/data/ratis/4e1b4d1a-7f9f-4bd8-a3ff-4703efa8eaf7] INFO  segmented.SegmentedRaftLogWorker (SegmentedRaftLogWorker.java:run(313)) - f858022d-8b6c-40dd-9b02-9ee6db579943-SegmentedRaftLogWorker:Storage Directory /workdir/hadoop-ozone/ozonefs/target/test-dir/MiniOzoneClusterImpl-a6efaa66-6ca1-47a3-8b50-c5fe67a1a9f1/datanode-2/data/ratis/4e1b4d1a-7f9f-4bd8-a3ff-4703efa8eaf7 was interrupted, exiting. There are 0 tasks remaining in the queue.
2019-09-20 14:17:08,556 [f858022d-8b6c-40dd-9b02-9ee6db579943-SegmentedRaftLogWorker:Storage Directory /workdir/hadoop-ozone/ozonefs/target/test-dir/MiniOzoneClusterImpl-a6efaa66-6ca1-47a3-8b50-c5fe67a1a9f1/datanode-2/data/ratis/c1dfeb57-d96b-4426-9536-133d4eb9930f] INFO  segmented.SegmentedRaftLogWorker (SegmentedRaftLogWorker.java:run(313)) - f858022d-8b6c-40dd-9b02-9ee6db579943-SegmentedRaftLogWorker:Storage Directory /workdir/hadoop-ozone/ozonefs/target/test-dir/MiniOzoneClusterImpl-a6efaa66-6ca1-47a3-8b50-c5fe67a1a9f1/datanode-2/data/ratis/c1dfeb57-d96b-4426-9536-133d4eb9930f was interrupted, exiting. There are 0 tasks remaining in the queue.
2019-09-20 14:17:08,557 [Thread-1336] INFO  segmented.SegmentedRaftLogWorker (SegmentedRaftLogWorker.java:close(228)) - f858022d-8b6c-40dd-9b02-9ee6db579943-SegmentedRaftLogWorker:Storage Directory /workdir/hadoop-ozone/ozonefs/target/test-dir/MiniOzoneClusterImpl-a6efaa66-6ca1-47a3-8b50-c5fe67a1a9f1/datanode-2/data/ratis/4e1b4d1a-7f9f-4bd8-a3ff-4703efa8eaf7 close()
2019-09-20 14:17:08,557 [ForkJoinPool.commonPool-worker-1] INFO  segmented.SegmentedRaftLogWorker (SegmentedRaftLogWorker.java:close(228)) - f858022d-8b6c-40dd-9b02-9ee6db579943-SegmentedRaftLogWorker:Storage Directory /workdir/hadoop-ozone/ozonefs/target/test-dir/MiniOzoneClusterImpl-a6efaa66-6ca1-47a3-8b50-c5fe67a1a9f1/datanode-2/data/ratis/c1dfeb57-d96b-4426-9536-133d4eb9930f close()
2019-09-20 14:17:08,559 [Thread-1336] INFO  impl.RaftServerImpl (RaftServerImpl.java:lambda$shutdown$3(245)) - f858022d-8b6c-40dd-9b02-9ee6db579943: shutdown group-635D868E2231
2019-09-20 14:17:08,559 [ForkJoinPool.commonPool-worker-1] INFO  impl.RaftServerImpl (RaftServerImpl.java:lambda$shutdown$3(245)) - f858022d-8b6c-40dd-9b02-9ee6db579943: shutdown group-718DE70A78A2
2019-09-20 14:17:08,560 [Thread-1336] INFO  util.JmxRegister (JmxRegister.java:unregister(73)) - Successfully un-registered JMX Bean with object name Ratis:service=RaftServer,group=group-635D868E2231,id=f858022d-8b6c-40dd-9b02-9ee6db579943
2019-09-20 14:17:08,560 [Thread-1336] INFO  impl.RoleInfo (RoleInfo.java:shutdownLeaderState(104)) - f858022d-8b6c-40dd-9b02-9ee6db579943: shutdown LeaderState
2019-09-20 14:17:08,560 [ForkJoinPool.commonPool-worker-1] INFO  util.JmxRegister (JmxRegister.java:unregister(73)) - Successfully un-registered JMX Bean with object name Ratis:service=RaftServer,group=group-718DE70A78A2,id=f858022d-8b6c-40dd-9b02-9ee6db579943
2019-09-20 14:17:08,561 [Thread-1336] INFO  impl.PendingRequests (PendingRequests.java:sendNotLeaderResponses(202)) - f858022d-8b6c-40dd-9b02-9ee6db579943-PendingRequests: sendNotLeaderResponses
2019-09-20 14:17:08,561 [ForkJoinPool.commonPool-worker-1] INFO  impl.RoleInfo (RoleInfo.java:shutdownLeaderState(104)) - f858022d-8b6c-40dd-9b02-9ee6db579943: shutdown LeaderState
2019-09-20 14:17:08,561 [Thread-1336] INFO  impl.StateMachineUpdater (StateMachineUpdater.java:stopAndJoin(115)) - StateMachineUpdater:f858022d-8b6c-40dd-9b02-9ee6db579943:group-635D868E2231: set stopIndex = 0
2019-09-20 14:17:08,561 [ForkJoinPool.commonPool-worker-1] INFO  impl.PendingRequests (PendingRequests.java:sendNotLeaderResponses(202)) - f858022d-8b6c-40dd-9b02-9ee6db579943-PendingRequests: sendNotLeaderResponses
2019-09-20 14:17:08,562 [Thread-1336] INFO  impl.RaftServerImpl (ServerState.java:close(394)) - f858022d-8b6c-40dd-9b02-9ee6db579943:group-635D868E2231 closes. The last applied log index is 0
2019-09-20 14:17:08,562 [ForkJoinPool.commonPool-worker-1] INFO  impl.StateMachineUpdater (StateMachineUpdater.java:stopAndJoin(115)) - StateMachineUpdater:f858022d-8b6c-40dd-9b02-9ee6db579943:group-718DE70A78A2: set stopIndex = 0
2019-09-20 14:17:08,562 [ForkJoinPool.commonPool-worker-1] INFO  impl.RaftServerImpl (ServerState.java:close(394)) - f858022d-8b6c-40dd-9b02-9ee6db579943:group-718DE70A78A2 closes. The last applied log index is 0
2019-09-20 14:17:08,562 [f858022d-8b6c-40dd-9b02-9ee6db579943-SegmentedRaftLogWorker:Storage Directory /workdir/hadoop-ozone/ozonefs/target/test-dir/MiniOzoneClusterImpl-a6efaa66-6ca1-47a3-8b50-c5fe67a1a9f1/datanode-2/data/ratis/a2d2c12f-1c86-4b1d-8ac3-635d868e2231] INFO  segmented.SegmentedRaftLogWorker (SegmentedRaftLogWorker.java:run(313)) - f858022d-8b6c-40dd-9b02-9ee6db579943-SegmentedRaftLogWorker:Storage Directory /workdir/hadoop-ozone/ozonefs/target/test-dir/MiniOzoneClusterImpl-a6efaa66-6ca1-47a3-8b50-c5fe67a1a9f1/datanode-2/data/ratis/a2d2c12f-1c86-4b1d-8ac3-635d868e2231 was interrupted, exiting. There are 0 tasks remaining in the queue.
2019-09-20 14:17:08,563 [f858022d-8b6c-40dd-9b02-9ee6db579943-SegmentedRaftLogWorker:Storage Directory /workdir/hadoop-ozone/ozonefs/target/test-dir/MiniOzoneClusterImpl-a6efaa66-6ca1-47a3-8b50-c5fe67a1a9f1/datanode-2/data/ratis/0953624d-6e37-4b93-a2e0-718de70a78a2] INFO  segmented.SegmentedRaftLogWorker (SegmentedRaftLogWorker.java:run(313)) - f858022d-8b6c-40dd-9b02-9ee6db579943-SegmentedRaftLogWorker:Storage Directory /workdir/hadoop-ozone/ozonefs/target/test-dir/MiniOzoneClusterImpl-a6efaa66-6ca1-47a3-8b50-c5fe67a1a9f1/datanode-2/data/ratis/0953624d-6e37-4b93-a2e0-718de70a78a2 was interrupted, exiting. There are 0 tasks remaining in the queue.
2019-09-20 14:17:08,563 [Thread-1336] INFO  segmented.SegmentedRaftLogWorker (SegmentedRaftLogWorker.java:close(228)) - f858022d-8b6c-40dd-9b02-9ee6db579943-SegmentedRaftLogWorker:Storage Directory /workdir/hadoop-ozone/ozonefs/target/test-dir/MiniOzoneClusterImpl-a6efaa66-6ca1-47a3-8b50-c5fe67a1a9f1/datanode-2/data/ratis/a2d2c12f-1c86-4b1d-8ac3-635d868e2231 close()
2019-09-20 14:17:08,563 [ForkJoinPool.commonPool-worker-1] INFO  segmented.SegmentedRaftLogWorker (SegmentedRaftLogWorker.java:close(228)) - f858022d-8b6c-40dd-9b02-9ee6db579943-SegmentedRaftLogWorker:Storage Directory /workdir/hadoop-ozone/ozonefs/target/test-dir/MiniOzoneClusterImpl-a6efaa66-6ca1-47a3-8b50-c5fe67a1a9f1/datanode-2/data/ratis/0953624d-6e37-4b93-a2e0-718de70a78a2 close()
2019-09-20 14:17:08,564 [Thread-1336] INFO  impl.RaftServerImpl (RaftServerImpl.java:lambda$shutdown$3(245)) - f858022d-8b6c-40dd-9b02-9ee6db579943: shutdown group-31C23DFCFCFD
2019-09-20 14:17:08,565 [Thread-1336] INFO  util.JmxRegister (JmxRegister.java:unregister(73)) - Successfully un-registered JMX Bean with object name Ratis:service=RaftServer,group=group-31C23DFCFCFD,id=f858022d-8b6c-40dd-9b02-9ee6db579943
2019-09-20 14:17:08,565 [Thread-1336] INFO  impl.RoleInfo (RoleInfo.java:shutdownLeaderState(104)) - f858022d-8b6c-40dd-9b02-9ee6db579943: shutdown LeaderState
2019-09-20 14:17:08,566 [Thread-1336] INFO  impl.PendingRequests (PendingRequests.java:sendNotLeaderResponses(202)) - f858022d-8b6c-40dd-9b02-9ee6db579943-PendingRequests: sendNotLeaderResponses
2019-09-20 14:17:08,566 [Thread-1336] INFO  impl.StateMachineUpdater (StateMachineUpdater.java:stopAndJoin(115)) - StateMachineUpdater:f858022d-8b6c-40dd-9b02-9ee6db579943:group-31C23DFCFCFD: set stopIndex = 0
2019-09-20 14:17:08,566 [Thread-1336] INFO  impl.RaftServerImpl (ServerState.java:close(394)) - f858022d-8b6c-40dd-9b02-9ee6db579943:group-31C23DFCFCFD closes. The last applied log index is 0
2019-09-20 14:17:08,567 [f858022d-8b6c-40dd-9b02-9ee6db579943-SegmentedRaftLogWorker:Storage Directory /workdir/hadoop-ozone/ozonefs/target/test-dir/MiniOzoneClusterImpl-a6efaa66-6ca1-47a3-8b50-c5fe67a1a9f1/datanode-2/data/ratis/e942deb7-4504-4b0d-b6df-31c23dfcfcfd] INFO  segmented.SegmentedRaftLogWorker (SegmentedRaftLogWorker.java:run(313)) - f858022d-8b6c-40dd-9b02-9ee6db579943-SegmentedRaftLogWorker:Storage Directory /workdir/hadoop-ozone/ozonefs/target/test-dir/MiniOzoneClusterImpl-a6efaa66-6ca1-47a3-8b50-c5fe67a1a9f1/datanode-2/data/ratis/e942deb7-4504-4b0d-b6df-31c23dfcfcfd was interrupted, exiting. There are 0 tasks remaining in the queue.
2019-09-20 14:17:08,567 [Thread-1336] INFO  segmented.SegmentedRaftLogWorker (SegmentedRaftLogWorker.java:close(228)) - f858022d-8b6c-40dd-9b02-9ee6db579943-SegmentedRaftLogWorker:Storage Directory /workdir/hadoop-ozone/ozonefs/target/test-dir/MiniOzoneClusterImpl-a6efaa66-6ca1-47a3-8b50-c5fe67a1a9f1/datanode-2/data/ratis/e942deb7-4504-4b0d-b6df-31c23dfcfcfd close()
2019-09-20 14:17:08,568 [Thread-1336] INFO  impl.RaftServerImpl (RaftServerImpl.java:lambda$shutdown$3(245)) - f858022d-8b6c-40dd-9b02-9ee6db579943: shutdown group-19861E3A1E4B
2019-09-20 14:17:08,569 [Thread-1336] INFO  util.JmxRegister (JmxRegister.java:unregister(73)) - Successfully un-registered JMX Bean with object name Ratis:service=RaftServer,group=group-19861E3A1E4B,id=f858022d-8b6c-40dd-9b02-9ee6db579943
2019-09-20 14:17:08,569 [Thread-1336] INFO  impl.RoleInfo (RoleInfo.java:shutdownLeaderState(104)) - f858022d-8b6c-40dd-9b02-9ee6db579943: shutdown LeaderState
2019-09-20 14:17:08,569 [Thread-1336] INFO  impl.PendingRequests (PendingRequests.java:sendNotLeaderResponses(202)) - f858022d-8b6c-40dd-9b02-9ee6db579943-PendingRequests: sendNotLeaderResponses
2019-09-20 14:17:08,570 [Thread-1336] INFO  impl.StateMachineUpdater (StateMachineUpdater.java:stopAndJoin(115)) - StateMachineUpdater:f858022d-8b6c-40dd-9b02-9ee6db579943:group-19861E3A1E4B: set stopIndex = 0
2019-09-20 14:17:08,570 [Thread-1336] INFO  impl.RaftServerImpl (ServerState.java:close(394)) - f858022d-8b6c-40dd-9b02-9ee6db579943:group-19861E3A1E4B closes. The last applied log index is 0
2019-09-20 14:17:08,570 [f858022d-8b6c-40dd-9b02-9ee6db579943-SegmentedRaftLogWorker:Storage Directory /workdir/hadoop-ozone/ozonefs/target/test-dir/MiniOzoneClusterImpl-a6efaa66-6ca1-47a3-8b50-c5fe67a1a9f1/datanode-2/data/ratis/bb3c65dd-e2f1-47f2-8b76-19861e3a1e4b] INFO  segmented.SegmentedRaftLogWorker (SegmentedRaftLogWorker.java:run(313)) - f858022d-8b6c-40dd-9b02-9ee6db579943-SegmentedRaftLogWorker:Storage Directory /workdir/hadoop-ozone/ozonefs/target/test-dir/MiniOzoneClusterImpl-a6efaa66-6ca1-47a3-8b50-c5fe67a1a9f1/datanode-2/data/ratis/bb3c65dd-e2f1-47f2-8b76-19861e3a1e4b was interrupted, exiting. There are 0 tasks remaining in the queue.
2019-09-20 14:17:08,571 [Thread-1336] INFO  segmented.SegmentedRaftLogWorker (SegmentedRaftLogWorker.java:close(228)) - f858022d-8b6c-40dd-9b02-9ee6db579943-SegmentedRaftLogWorker:Storage Directory /workdir/hadoop-ozone/ozonefs/target/test-dir/MiniOzoneClusterImpl-a6efaa66-6ca1-47a3-8b50-c5fe67a1a9f1/datanode-2/data/ratis/bb3c65dd-e2f1-47f2-8b76-19861e3a1e4b close()
2019-09-20 14:17:08,572 [Thread-1336] INFO  server.GrpcService (GrpcService.java:closeImpl(155)) - f858022d-8b6c-40dd-9b02-9ee6db579943: shutdown server with port 35753 now
2019-09-20 14:17:08,573 [Thread-1336] INFO  server.GrpcService (GrpcService.java:closeImpl(163)) - f858022d-8b6c-40dd-9b02-9ee6db579943: shutdown server with port 35753 successfully
2019-09-20 14:17:08,578 [Thread-1336] INFO  utils.BackgroundService (BackgroundService.java:shutdown(148)) - Shutting down service BlockDeletingService
2019-09-20 14:17:08,581 [refreshUsed-/workdir/hadoop-ozone/ozonefs/target/test-dir/MiniOzoneClusterImpl-a6efaa66-6ca1-47a3-8b50-c5fe67a1a9f1/datanode-2/data/containers] WARN  fs.CachingGetSpaceUsed (CachingGetSpaceUsed.java:run(183)) - Thread Interrupted waiting to refresh disk information: sleep interrupted
2019-09-20 14:17:08,605 [Thread-1336] INFO  statemachine.DatanodeStateMachine (DatanodeStateMachine.java:stopDaemon(395)) - Ozone container server stopped.
2019-09-20 14:17:08,606 [Thread-1336] INFO  handler.ContextHandler (ContextHandler.java:doStop(910)) - Stopped o.e.j.w.WebAppContext@37e43771{/,null,UNAVAILABLE}{/hddsDatanode}
2019-09-20 14:17:08,607 [Thread-1336] INFO  server.AbstractConnector (AbstractConnector.java:doStop(318)) - Stopped ServerConnector@3e39732a{HTTP/1.1,[http/1.1]}{0.0.0.0:0}
2019-09-20 14:17:08,607 [Thread-1336] INFO  handler.ContextHandler (ContextHandler.java:doStop(910)) - Stopped o.e.j.s.ServletContextHandler@6c4c0e71{/static,jar:file:/home/user/.m2/repository/org/apache/hadoop/hadoop-hdds-container-service/0.5.0-SNAPSHOT/hadoop-hdds-container-service-0.5.0-SNAPSHOT.jar!/webapps/static,UNAVAILABLE}
2019-09-20 14:17:08,608 [Thread-1336] INFO  handler.ContextHandler (ContextHandler.java:doStop(910)) - Stopped o.e.j.s.ServletContextHandler@324f24a3{/logs,file:///workdir/hadoop-ozone/ozonefs/target/log,UNAVAILABLE}
2019-09-20 14:17:08,609 [Thread-1336] INFO  ozone.MiniOzoneClusterImpl (MiniOzoneClusterImpl.java:stop(353)) - Stopping the StorageContainerManager
2019-09-20 14:17:08,609 [Thread-1336] INFO  server.StorageContainerManager (StorageContainerManager.java:stop(797)) - Stopping Replication Manager Service.
2019-09-20 14:17:08,609 [Thread-1336] INFO  container.ReplicationManager (ReplicationManager.java:stop(192)) - Stopping Replication Monitor Thread.
2019-09-20 14:17:08,609 [Thread-1336] INFO  server.StorageContainerManager (StorageContainerManager.java:stop(804)) - Stopping Lease Manager of the command watchers
2019-09-20 14:17:08,609 [Thread-1336] INFO  server.StorageContainerManager (StorageContainerManager.java:stop(811)) - Stopping datanode service RPC server
2019-09-20 14:17:08,609 [Thread-1336] INFO  server.SCMDatanodeProtocolServer (SCMDatanodeProtocolServer.java:stop(367)) - Stopping the RPC server for DataNodes
2019-09-20 14:17:08,609 [Thread-1336] INFO  ipc.Server (Server.java:stop(3082)) - Stopping server on 44382
2019-09-20 14:17:08,612 [IPC Server listener on 44382] INFO  ipc.Server (Server.java:run(1185)) - Stopping IPC Server listener on 44382
2019-09-20 14:17:08,612 [IPC Server Responder] INFO  ipc.Server (Server.java:run(1319)) - Stopping IPC Server Responder
2019-09-20 14:17:08,614 [SCM Heartbeat Processing Thread - 0] WARN  node.NodeStateManager (NodeStateManager.java:scheduleNextHealthCheck(655)) - Current Thread is interrupted, shutting down HB processing thread for Node Manager.
2019-09-20 14:17:08,614 [Thread-1336] INFO  server.StorageContainerManager (StorageContainerManager.java:stop(819)) - Stopping block service RPC server
2019-09-20 14:17:08,614 [Thread-1336] INFO  server.SCMBlockProtocolServer (SCMBlockProtocolServer.java:stop(148)) - Stopping the RPC server for Block Protocol
2019-09-20 14:17:08,614 [Thread-1336] INFO  ipc.Server (Server.java:stop(3082)) - Stopping server on 38139
2019-09-20 14:17:08,615 [IPC Server listener on 38139] INFO  ipc.Server (Server.java:run(1185)) - Stopping IPC Server listener on 38139
2019-09-20 14:17:08,617 [Thread-1336] INFO  server.StorageContainerManager (StorageContainerManager.java:stop(826)) - Stopping the StorageContainerLocationProtocol RPC server
2019-09-20 14:17:08,618 [IPC Server Responder] INFO  ipc.Server (Server.java:run(1319)) - Stopping IPC Server Responder
2019-09-20 14:17:08,618 [Thread-1336] INFO  server.SCMClientProtocolServer (SCMClientProtocolServer.java:stop(159)) - Stopping the RPC server for Client Protocol
2019-09-20 14:17:08,619 [Thread-1336] INFO  ipc.Server (Server.java:stop(3082)) - Stopping server on 46326
2019-09-20 14:17:08,620 [IPC Server listener on 46326] INFO  ipc.Server (Server.java:run(1185)) - Stopping IPC Server listener on 46326
2019-09-20 14:17:08,620 [Thread-1336] INFO  server.StorageContainerManager (StorageContainerManager.java:stop(833)) - Stopping Storage Container Manager HTTP server.
2019-09-20 14:17:08,620 [IPC Server Responder] INFO  ipc.Server (Server.java:run(1319)) - Stopping IPC Server Responder
2019-09-20 14:17:08,622 [Thread-1336] INFO  handler.ContextHandler (ContextHandler.java:doStop(910)) - Stopped o.e.j.w.WebAppContext@7daf7f8e{/,null,UNAVAILABLE}{/scm}
2019-09-20 14:17:08,622 [Thread-1336] INFO  server.AbstractConnector (AbstractConnector.java:doStop(318)) - Stopped ServerConnector@2523b040{HTTP/1.1,[http/1.1]}{0.0.0.0:0}
2019-09-20 14:17:08,623 [Thread-1336] INFO  handler.ContextHandler (ContextHandler.java:doStop(910)) - Stopped o.e.j.s.ServletContextHandler@4c596e3c{/static,jar:file:/home/user/.m2/repository/org/apache/hadoop/hadoop-hdds-server-scm/0.5.0-SNAPSHOT/hadoop-hdds-server-scm-0.5.0-SNAPSHOT.jar!/webapps/static,UNAVAILABLE}
2019-09-20 14:17:08,623 [Thread-1336] INFO  handler.ContextHandler (ContextHandler.java:doStop(910)) - Stopped o.e.j.s.ServletContextHandler@6c546c3b{/logs,file:///workdir/hadoop-ozone/ozonefs/target/log,UNAVAILABLE}
2019-09-20 14:17:08,624 [Thread-1336] INFO  server.StorageContainerManager (StorageContainerManager.java:stop(844)) - Stopping Block Manager Service.
2019-09-20 14:17:08,624 [Thread-1336] INFO  utils.BackgroundService (BackgroundService.java:shutdown(148)) - Shutting down service SCMBlockDeletingService
2019-09-20 14:17:08,624 [Thread-1336] INFO  utils.BackgroundService (BackgroundService.java:shutdown(148)) - Shutting down service SCMBlockDeletingService
2019-09-20 14:17:08,624 [Thread-1336] INFO  server.StorageContainerManager (StorageContainerManager.java:stop(866)) - Stopping SCM Event Queue.
2019-09-20 14:17:08,627 [Thread-1336] INFO  impl.MetricsSystemImpl (MetricsSystemImpl.java:stop(210)) - Stopping HddsDatanode metrics system...
2019-09-20 14:17:08,637 [Thread-1336] INFO  impl.MetricsSystemImpl (MetricsSystemImpl.java:stop(216)) - HddsDatanode metrics system stopped.
]]></system-out>
    <system-err><![CDATA[Sep 20, 2019 2:16:52 PM com.sun.jersey.server.impl.application.WebApplicationImpl _initiate
INFO: Initiating Jersey application, version 'Jersey: 1.19 02/11/2015 03:25 AM'
Sep 20, 2019 2:16:52 PM com.sun.jersey.server.impl.application.WebApplicationImpl _initiate
INFO: Initiating Jersey application, version 'Jersey: 1.19 02/11/2015 03:25 AM'
Sep 20, 2019 2:16:53 PM com.sun.jersey.server.impl.application.WebApplicationImpl _initiate
INFO: Initiating Jersey application, version 'Jersey: 1.19 02/11/2015 03:25 AM'
Sep 20, 2019 2:16:58 PM com.sun.jersey.server.impl.application.WebApplicationImpl _initiate
INFO: Initiating Jersey application, version 'Jersey: 1.19 02/11/2015 03:25 AM'
]]></system-err>
  </testcase>
  <testcase name="testListStatusOnLargeDirectory" classname="org.apache.hadoop.fs.ozone.TestOzoneFileSystem" time="22.965"/>
</testsuite>