<?xml version="1.0" encoding="UTF-8"?>
<testsuite xmlns:xsi="http://www.w3.org/2001/XMLSchema-instance" xsi:noNamespaceSchemaLocation="https://maven.apache.org/surefire/maven-surefire-plugin/xsd/surefire-test-report.xsd" name="org.apache.hadoop.fs.ozone.TestOzoneFSInputStream" time="50.653" tests="1" errors="1" skipped="0" failures="0">
  <properties>
    <property name="awt.toolkit" value="sun.awt.X11.XToolkit"/>
    <property name="file.encoding.pkg" value="sun.io"/>
    <property name="java.specification.version" value="1.8"/>
    <property name="sun.cpu.isalist" value=""/>
    <property name="sun.jnu.encoding" value="UTF-8"/>
    <property name="java.class.path" value="/workdir/hadoop-ozone/ozonefs/target/test-classes:/workdir/hadoop-ozone/ozonefs/target/classes:/home/user/.m2/repository/org/apache/hadoop/hadoop-common/3.2.0/hadoop-common-3.2.0.jar:/home/user/.m2/repository/org/apache/hadoop/hadoop-annotations/3.2.0/hadoop-annotations-3.2.0.jar:/usr/lib/jvm/java-1.8-openjdk/jre/../lib/tools.jar:/home/user/.m2/repository/com/google/guava/guava/11.0.2/guava-11.0.2.jar:/home/user/.m2/repository/commons-cli/commons-cli/1.2/commons-cli-1.2.jar:/home/user/.m2/repository/org/apache/commons/commons-math3/3.1.1/commons-math3-3.1.1.jar:/home/user/.m2/repository/org/apache/httpcomponents/httpclient/4.5.2/httpclient-4.5.2.jar:/home/user/.m2/repository/org/apache/httpcomponents/httpcore/4.4.4/httpcore-4.4.4.jar:/home/user/.m2/repository/commons-codec/commons-codec/1.11/commons-codec-1.11.jar:/home/user/.m2/repository/commons-io/commons-io/2.5/commons-io-2.5.jar:/home/user/.m2/repository/commons-net/commons-net/3.6/commons-net-3.6.jar:/home/user/.m2/repository/commons-collections/commons-collections/3.2.2/commons-collections-3.2.2.jar:/home/user/.m2/repository/javax/servlet/javax.servlet-api/3.1.0/javax.servlet-api-3.1.0.jar:/home/user/.m2/repository/org/eclipse/jetty/jetty-server/9.3.24.v20180605/jetty-server-9.3.24.v20180605.jar:/home/user/.m2/repository/org/eclipse/jetty/jetty-http/9.3.24.v20180605/jetty-http-9.3.24.v20180605.jar:/home/user/.m2/repository/org/eclipse/jetty/jetty-io/9.3.24.v20180605/jetty-io-9.3.24.v20180605.jar:/home/user/.m2/repository/org/eclipse/jetty/jetty-util/9.3.24.v20180605/jetty-util-9.3.24.v20180605.jar:/home/user/.m2/repository/org/eclipse/jetty/jetty-servlet/9.3.24.v20180605/jetty-servlet-9.3.24.v20180605.jar:/home/user/.m2/repository/org/eclipse/jetty/jetty-security/9.3.24.v20180605/jetty-security-9.3.24.v20180605.jar:/home/user/.m2/repository/org/eclipse/jetty/jetty-webapp/9.3.24.v20180605/jetty-webapp-9.3.24.v20180605.jar:/home/user/.m2/repository/org/eclipse/jetty/jetty-xml/9.3.24.v20180605/jetty-xml-9.3.24.v20180605.jar:/home/user/.m2/repository/javax/servlet/jsp/jsp-api/2.1/jsp-api-2.1.jar:/home/user/.m2/repository/com/sun/jersey/jersey-core/1.19/jersey-core-1.19.jar:/home/user/.m2/repository/javax/ws/rs/jsr311-api/1.1.1/jsr311-api-1.1.1.jar:/home/user/.m2/repository/com/sun/jersey/jersey-servlet/1.19/jersey-servlet-1.19.jar:/home/user/.m2/repository/com/sun/jersey/jersey-json/1.19/jersey-json-1.19.jar:/home/user/.m2/repository/org/codehaus/jettison/jettison/1.1/jettison-1.1.jar:/home/user/.m2/repository/com/sun/xml/bind/jaxb-impl/2.3.0.1/jaxb-impl-2.3.0.1.jar:/home/user/.m2/repository/org/codehaus/jackson/jackson-core-asl/1.9.13/jackson-core-asl-1.9.13.jar:/home/user/.m2/repository/org/codehaus/jackson/jackson-mapper-asl/1.9.13/jackson-mapper-asl-1.9.13.jar:/home/user/.m2/repository/org/codehaus/jackson/jackson-jaxrs/1.9.13/jackson-jaxrs-1.9.13.jar:/home/user/.m2/repository/org/codehaus/jackson/jackson-xc/1.9.13/jackson-xc-1.9.13.jar:/home/user/.m2/repository/com/sun/jersey/jersey-server/1.19/jersey-server-1.19.jar:/home/user/.m2/repository/commons-logging/commons-logging/1.1.3/commons-logging-1.1.3.jar:/home/user/.m2/repository/log4j/log4j/1.2.17/log4j-1.2.17.jar:/home/user/.m2/repository/commons-beanutils/commons-beanutils/1.9.3/commons-beanutils-1.9.3.jar:/home/user/.m2/repository/org/apache/commons/commons-configuration2/2.1.1/commons-configuration2-2.1.1.jar:/home/user/.m2/repository/org/apache/commons/commons-lang3/3.7/commons-lang3-3.7.jar:/home/user/.m2/repository/org/apache/commons/commons-text/1.4/commons-text-1.4.jar:/home/user/.m2/repository/org/slf4j/slf4j-api/1.7.25/slf4j-api-1.7.25.jar:/home/user/.m2/repository/org/slf4j/slf4j-log4j12/1.7.25/slf4j-log4j12-1.7.25.jar:/home/user/.m2/repository/org/apache/avro/avro/1.7.7/avro-1.7.7.jar:/home/user/.m2/repository/com/thoughtworks/paranamer/paranamer/2.3/paranamer-2.3.jar:/home/user/.m2/repository/org/xerial/snappy/snappy-java/1.0.5/snappy-java-1.0.5.jar:/home/user/.m2/repository/com/google/re2j/re2j/1.1/re2j-1.1.jar:/home/user/.m2/repository/com/google/protobuf/protobuf-java/2.5.0/protobuf-java-2.5.0.jar:/home/user/.m2/repository/com/google/code/gson/gson/2.2.4/gson-2.2.4.jar:/home/user/.m2/repository/org/apache/hadoop/hadoop-auth/3.2.0/hadoop-auth-3.2.0.jar:/home/user/.m2/repository/com/nimbusds/nimbus-jose-jwt/4.41.1/nimbus-jose-jwt-4.41.1.jar:/home/user/.m2/repository/com/github/stephenc/jcip/jcip-annotations/1.0-1/jcip-annotations-1.0-1.jar:/home/user/.m2/repository/net/minidev/json-smart/2.3/json-smart-2.3.jar:/home/user/.m2/repository/net/minidev/accessors-smart/1.2/accessors-smart-1.2.jar:/home/user/.m2/repository/org/apache/curator/curator-framework/2.12.0/curator-framework-2.12.0.jar:/home/user/.m2/repository/com/jcraft/jsch/0.1.54/jsch-0.1.54.jar:/home/user/.m2/repository/org/apache/curator/curator-client/2.12.0/curator-client-2.12.0.jar:/home/user/.m2/repository/org/apache/curator/curator-recipes/2.12.0/curator-recipes-2.12.0.jar:/home/user/.m2/repository/com/google/code/findbugs/jsr305/3.0.0/jsr305-3.0.0.jar:/home/user/.m2/repository/org/apache/htrace/htrace-core4/4.1.0-incubating/htrace-core4-4.1.0-incubating.jar:/home/user/.m2/repository/org/apache/zookeeper/zookeeper/3.4.13/zookeeper-3.4.13.jar:/home/user/.m2/repository/org/apache/yetus/audience-annotations/0.5.0/audience-annotations-0.5.0.jar:/home/user/.m2/repository/org/apache/commons/commons-compress/1.4.1/commons-compress-1.4.1.jar:/home/user/.m2/repository/org/tukaani/xz/1.0/xz-1.0.jar:/home/user/.m2/repository/org/apache/kerby/kerb-simplekdc/1.0.1/kerb-simplekdc-1.0.1.jar:/home/user/.m2/repository/org/apache/kerby/kerb-client/1.0.1/kerb-client-1.0.1.jar:/home/user/.m2/repository/org/apache/kerby/kerby-config/1.0.1/kerby-config-1.0.1.jar:/home/user/.m2/repository/org/apache/kerby/kerb-core/1.0.1/kerb-core-1.0.1.jar:/home/user/.m2/repository/org/apache/kerby/kerby-pkix/1.0.1/kerby-pkix-1.0.1.jar:/home/user/.m2/repository/org/apache/kerby/kerby-asn1/1.0.1/kerby-asn1-1.0.1.jar:/home/user/.m2/repository/org/apache/kerby/kerby-util/1.0.1/kerby-util-1.0.1.jar:/home/user/.m2/repository/org/apache/kerby/kerb-common/1.0.1/kerb-common-1.0.1.jar:/home/user/.m2/repository/org/apache/kerby/kerb-crypto/1.0.1/kerb-crypto-1.0.1.jar:/home/user/.m2/repository/org/apache/kerby/kerb-util/1.0.1/kerb-util-1.0.1.jar:/home/user/.m2/repository/org/apache/kerby/token-provider/1.0.1/token-provider-1.0.1.jar:/home/user/.m2/repository/org/apache/kerby/kerb-admin/1.0.1/kerb-admin-1.0.1.jar:/home/user/.m2/repository/org/apache/kerby/kerb-server/1.0.1/kerb-server-1.0.1.jar:/home/user/.m2/repository/org/apache/kerby/kerb-identity/1.0.1/kerb-identity-1.0.1.jar:/home/user/.m2/repository/org/apache/kerby/kerby-xdr/1.0.1/kerby-xdr-1.0.1.jar:/home/user/.m2/repository/com/fasterxml/jackson/core/jackson-databind/2.9.5/jackson-databind-2.9.5.jar:/home/user/.m2/repository/com/fasterxml/jackson/core/jackson-annotations/2.9.5/jackson-annotations-2.9.5.jar:/home/user/.m2/repository/com/fasterxml/jackson/core/jackson-core/2.9.5/jackson-core-2.9.5.jar:/home/user/.m2/repository/org/codehaus/woodstox/stax2-api/3.1.4/stax2-api-3.1.4.jar:/home/user/.m2/repository/com/fasterxml/woodstox/woodstox-core/5.0.3/woodstox-core-5.0.3.jar:/home/user/.m2/repository/dnsjava/dnsjava/2.1.7/dnsjava-2.1.7.jar:/home/user/.m2/repository/org/apache/hadoop/hadoop-hdfs/3.2.0/hadoop-hdfs-3.2.0.jar:/home/user/.m2/repository/org/eclipse/jetty/jetty-util-ajax/9.3.24.v20180605/jetty-util-ajax-9.3.24.v20180605.jar:/home/user/.m2/repository/commons-daemon/commons-daemon/1.0.13/commons-daemon-1.0.13.jar:/home/user/.m2/repository/io/netty/netty/3.10.5.Final/netty-3.10.5.Final.jar:/home/user/.m2/repository/io/netty/netty-all/4.0.52.Final/netty-all-4.0.52.Final.jar:/home/user/.m2/repository/org/fusesource/leveldbjni/leveldbjni-all/1.8/leveldbjni-all-1.8.jar:/home/user/.m2/repository/org/apache/hadoop/hadoop-hdds-common/0.5.0-SNAPSHOT/hadoop-hdds-common-0.5.0-SNAPSHOT.jar:/home/user/.m2/repository/org/apache/hadoop/hadoop-hdds-config/0.5.0-SNAPSHOT/hadoop-hdds-config-0.5.0-SNAPSHOT.jar:/home/user/.m2/repository/javax/annotation/javax.annotation-api/1.2/javax.annotation-api-1.2.jar:/home/user/.m2/repository/org/apache/ratis/ratis-server/0.4.0-2337318-SNAPSHOT/ratis-server-0.4.0-2337318-SNAPSHOT.jar:/home/user/.m2/repository/org/apache/ratis/ratis-thirdparty-misc/0.2.0/ratis-thirdparty-misc-0.2.0.jar:/home/user/.m2/repository/org/apache/ratis/ratis-proto/0.4.0-2337318-SNAPSHOT/ratis-proto-0.4.0-2337318-SNAPSHOT.jar:/home/user/.m2/repository/org/apache/ratis/ratis-common/0.4.0-2337318-SNAPSHOT/ratis-common-0.4.0-2337318-SNAPSHOT.jar:/home/user/.m2/repository/org/apache/ratis/ratis-client/0.4.0-2337318-SNAPSHOT/ratis-client-0.4.0-2337318-SNAPSHOT.jar:/home/user/.m2/repository/org/apache/ratis/ratis-metrics/0.4.0-2337318-SNAPSHOT/ratis-metrics-0.4.0-2337318-SNAPSHOT.jar:/home/user/.m2/repository/org/apache/ratis/ratis-netty/0.4.0-2337318-SNAPSHOT/ratis-netty-0.4.0-2337318-SNAPSHOT.jar:/home/user/.m2/repository/org/apache/ratis/ratis-grpc/0.4.0-2337318-SNAPSHOT/ratis-grpc-0.4.0-2337318-SNAPSHOT.jar:/home/user/.m2/repository/org/rocksdb/rocksdbjni/6.0.1/rocksdbjni-6.0.1.jar:/home/user/.m2/repository/org/apache/logging/log4j/log4j-api/2.11.0/log4j-api-2.11.0.jar:/home/user/.m2/repository/org/apache/logging/log4j/log4j-core/2.11.0/log4j-core-2.11.0.jar:/home/user/.m2/repository/com/lmax/disruptor/3.4.2/disruptor-3.4.2.jar:/home/user/.m2/repository/org/apache/commons/commons-pool2/2.6.0/commons-pool2-2.6.0.jar:/home/user/.m2/repository/org/bouncycastle/bcpkix-jdk15on/1.60/bcpkix-jdk15on-1.60.jar:/home/user/.m2/repository/commons-validator/commons-validator/1.6/commons-validator-1.6.jar:/home/user/.m2/repository/commons-digester/commons-digester/1.8.1/commons-digester-1.8.1.jar:/home/user/.m2/repository/io/jaegertracing/jaeger-client/0.33.1/jaeger-client-0.33.1.jar:/home/user/.m2/repository/io/jaegertracing/jaeger-thrift/0.33.1/jaeger-thrift-0.33.1.jar:/home/user/.m2/repository/org/apache/thrift/libthrift/0.11.0/libthrift-0.11.0.jar:/home/user/.m2/repository/com/squareup/okhttp3/okhttp/3.9.0/okhttp-3.9.0.jar:/home/user/.m2/repository/com/squareup/okio/okio/1.13.0/okio-1.13.0.jar:/home/user/.m2/repository/io/jaegertracing/jaeger-core/0.33.1/jaeger-core-0.33.1.jar:/home/user/.m2/repository/io/jaegertracing/jaeger-tracerresolver/0.33.1/jaeger-tracerresolver-0.33.1.jar:/home/user/.m2/repository/io/opentracing/contrib/opentracing-tracerresolver/0.1.5/opentracing-tracerresolver-0.1.5.jar:/home/user/.m2/repository/io/opentracing/opentracing-util/0.31.0/opentracing-util-0.31.0.jar:/home/user/.m2/repository/io/opentracing/opentracing-api/0.31.0/opentracing-api-0.31.0.jar:/home/user/.m2/repository/io/opentracing/opentracing-noop/0.31.0/opentracing-noop-0.31.0.jar:/home/user/.m2/repository/org/yaml/snakeyaml/1.16/snakeyaml-1.16.jar:/home/user/.m2/repository/org/apache/hadoop/hadoop-hdfs-client/3.2.0/hadoop-hdfs-client-3.2.0.jar:/home/user/.m2/repository/info/picocli/picocli/3.9.6/picocli-3.9.6.jar:/home/user/.m2/repository/org/apache/hadoop/hadoop-hdds-server-scm/0.5.0-SNAPSHOT/hadoop-hdds-server-scm-0.5.0-SNAPSHOT.jar:/home/user/.m2/repository/org/apache/hadoop/hadoop-hdds-docs/0.5.0-SNAPSHOT/hadoop-hdds-docs-0.5.0-SNAPSHOT.jar:/home/user/.m2/repository/io/dropwizard/metrics/metrics-core/3.2.4/metrics-core-3.2.4.jar:/home/user/.m2/repository/org/hamcrest/hamcrest-all/1.3/hamcrest-all-1.3.jar:/home/user/.m2/repository/org/bouncycastle/bcprov-jdk15on/1.60/bcprov-jdk15on-1.60.jar:/home/user/.m2/repository/org/apache/hadoop/hadoop-hdds-server-framework/0.5.0-SNAPSHOT/hadoop-hdds-server-framework-0.5.0-SNAPSHOT.jar:/home/user/.m2/repository/org/apache/hadoop/hadoop-ozone-ozone-manager/0.5.0-SNAPSHOT/hadoop-ozone-ozone-manager-0.5.0-SNAPSHOT.jar:/home/user/.m2/repository/org/apache/hadoop/hadoop-hdds-container-service/0.5.0-SNAPSHOT/hadoop-hdds-container-service-0.5.0-SNAPSHOT.jar:/home/user/.m2/repository/org/apache/hadoop/hadoop-hdds-client/0.5.0-SNAPSHOT/hadoop-hdds-client-0.5.0-SNAPSHOT.jar:/home/user/.m2/repository/org/apache/hadoop/hadoop-ozone-common/0.5.0-SNAPSHOT/hadoop-ozone-common-0.5.0-SNAPSHOT.jar:/home/user/.m2/repository/org/apache/hadoop/hadoop-hdds-tools/0.5.0-SNAPSHOT/hadoop-hdds-tools-0.5.0-SNAPSHOT.jar:/home/user/.m2/repository/org/xerial/sqlite-jdbc/3.25.2/sqlite-jdbc-3.25.2.jar:/home/user/.m2/repository/org/apache/hadoop/hadoop-ozone-objectstore-service/0.5.0-SNAPSHOT/hadoop-ozone-objectstore-service-0.5.0-SNAPSHOT.jar:/home/user/.m2/repository/com/google/code/findbugs/findbugs/3.0.1/findbugs-3.0.1.jar:/home/user/.m2/repository/net/jcip/jcip-annotations/1.0/jcip-annotations-1.0.jar:/home/user/.m2/repository/com/google/code/findbugs/bcel-findbugs/6.0/bcel-findbugs-6.0.jar:/home/user/.m2/repository/com/google/code/findbugs/jFormatString/2.0.1/jFormatString-2.0.1.jar:/home/user/.m2/repository/dom4j/dom4j/1.6.1/dom4j-1.6.1.jar:/home/user/.m2/repository/xml-apis/xml-apis/1.0.b2/xml-apis-1.0.b2.jar:/home/user/.m2/repository/org/ow2/asm/asm-debug-all/5.0.2/asm-debug-all-5.0.2.jar:/home/user/.m2/repository/org/ow2/asm/asm-commons/5.0.2/asm-commons-5.0.2.jar:/home/user/.m2/repository/org/ow2/asm/asm-tree/5.0.2/asm-tree-5.0.2.jar:/home/user/.m2/repository/org/ow2/asm/asm/5.0.4/asm-5.0.4.jar:/home/user/.m2/repository/commons-lang/commons-lang/2.6/commons-lang-2.6.jar:/home/user/.m2/repository/com/apple/AppleJavaExtensions/1.4/AppleJavaExtensions-1.4.jar:/home/user/.m2/repository/jaxen/jaxen/1.1.6/jaxen-1.1.6.jar:/home/user/.m2/repository/org/apache/hadoop/hadoop-common/3.2.0/hadoop-common-3.2.0-tests.jar:/home/user/.m2/repository/org/apache/hadoop/hadoop-ozone-client/0.5.0-SNAPSHOT/hadoop-ozone-client-0.5.0-SNAPSHOT.jar:/home/user/.m2/repository/org/apache/hadoop/hadoop-hdfs/3.2.0/hadoop-hdfs-3.2.0-tests.jar:/workdir/hadoop-ozone/integration-test/target/test-classes:/home/user/.m2/repository/org/apache/hadoop/hadoop-ozone-s3gateway/0.5.0-SNAPSHOT/hadoop-ozone-s3gateway-0.5.0-SNAPSHOT.jar:/home/user/.m2/repository/org/jboss/weld/servlet/weld-servlet/2.4.7.Final/weld-servlet-2.4.7.Final.jar:/home/user/.m2/repository/org/glassfish/jersey/containers/jersey-container-servlet-core/2.27/jersey-container-servlet-core-2.27.jar:/home/user/.m2/repository/org/glassfish/hk2/external/javax.inject/2.5.0-b42/javax.inject-2.5.0-b42.jar:/home/user/.m2/repository/org/glassfish/jersey/core/jersey-common/2.27/jersey-common-2.27.jar:/home/user/.m2/repository/org/glassfish/hk2/osgi-resource-locator/1.0.1/osgi-resource-locator-1.0.1.jar:/home/user/.m2/repository/javax/ws/rs/javax.ws.rs-api/2.1/javax.ws.rs-api-2.1.jar:/home/user/.m2/repository/org/glassfish/jersey/ext/cdi/jersey-cdi1x/2.27/jersey-cdi1x-2.27.jar:/home/user/.m2/repository/org/glassfish/jersey/inject/jersey-hk2/2.27/jersey-hk2-2.27.jar:/home/user/.m2/repository/org/glassfish/hk2/hk2-locator/2.5.0-b42/hk2-locator-2.5.0-b42.jar:/home/user/.m2/repository/org/javassist/javassist/3.22.0-CR2/javassist-3.22.0-CR2.jar:/home/user/.m2/repository/org/glassfish/hk2/hk2-api/2.5.0/hk2-api-2.5.0.jar:/home/user/.m2/repository/org/glassfish/hk2/external/jakarta.inject/2.5.0/jakarta.inject-2.5.0.jar:/home/user/.m2/repository/org/glassfish/hk2/hk2-utils/2.5.0/hk2-utils-2.5.0.jar:/home/user/.m2/repository/jakarta/annotation/jakarta.annotation-api/1.3.4/jakarta.annotation-api-1.3.4.jar:/home/user/.m2/repository/org/glassfish/hk2/external/aopalliance-repackaged/2.5.0/aopalliance-repackaged-2.5.0.jar:/home/user/.m2/repository/com/fasterxml/jackson/dataformat/jackson-dataformat-xml/2.9.0/jackson-dataformat-xml-2.9.0.jar:/home/user/.m2/repository/com/fasterxml/jackson/module/jackson-module-jaxb-annotations/2.9.5/jackson-module-jaxb-annotations-2.9.5.jar:/home/user/.m2/repository/javax/enterprise/cdi-api/1.2/cdi-api-1.2.jar:/home/user/.m2/repository/javax/el/javax.el-api/3.0.0/javax.el-api-3.0.0.jar:/home/user/.m2/repository/javax/interceptor/javax.interceptor-api/1.2/javax.interceptor-api-1.2.jar:/home/user/.m2/repository/javax/inject/javax.inject/1/javax.inject-1.jar:/home/user/.m2/repository/com/sun/xml/bind/jaxb-core/2.3.0.1/jaxb-core-2.3.0.1.jar:/home/user/.m2/repository/javax/xml/bind/jaxb-api/2.3.0/jaxb-api-2.3.0.jar:/home/user/.m2/repository/javax/activation/activation/1.1.1/activation-1.1.1.jar:/home/user/.m2/repository/org/apache/hadoop/hadoop-ozone-csi/0.5.0-SNAPSHOT/hadoop-ozone-csi-0.5.0-SNAPSHOT.jar:/home/user/.m2/repository/com/google/protobuf/protobuf-java-util/3.5.1/protobuf-java-util-3.5.1.jar:/home/user/.m2/repository/io/grpc/grpc-netty/1.17.1/grpc-netty-1.17.1.jar:/home/user/.m2/repository/io/grpc/grpc-core/1.17.1/grpc-core-1.17.1.jar:/home/user/.m2/repository/io/grpc/grpc-context/1.17.1/grpc-context-1.17.1.jar:/home/user/.m2/repository/com/google/errorprone/error_prone_annotations/2.2.0/error_prone_annotations-2.2.0.jar:/home/user/.m2/repository/org/codehaus/mojo/animal-sniffer-annotations/1.17/animal-sniffer-annotations-1.17.jar:/home/user/.m2/repository/io/opencensus/opencensus-api/0.17.0/opencensus-api-0.17.0.jar:/home/user/.m2/repository/io/opencensus/opencensus-contrib-grpc-metrics/0.17.0/opencensus-contrib-grpc-metrics-0.17.0.jar:/home/user/.m2/repository/io/netty/netty-codec-http2/4.1.30.Final/netty-codec-http2-4.1.30.Final.jar:/home/user/.m2/repository/io/netty/netty-codec-http/4.1.30.Final/netty-codec-http-4.1.30.Final.jar:/home/user/.m2/repository/io/netty/netty-codec/4.1.30.Final/netty-codec-4.1.30.Final.jar:/home/user/.m2/repository/io/netty/netty-handler/4.1.30.Final/netty-handler-4.1.30.Final.jar:/home/user/.m2/repository/io/netty/netty-handler-proxy/4.1.30.Final/netty-handler-proxy-4.1.30.Final.jar:/home/user/.m2/repository/io/netty/netty-codec-socks/4.1.30.Final/netty-codec-socks-4.1.30.Final.jar:/home/user/.m2/repository/io/netty/netty-transport-native-epoll/4.1.30.Final/netty-transport-native-epoll-4.1.30.Final.jar:/home/user/.m2/repository/io/netty/netty-common/4.1.30.Final/netty-common-4.1.30.Final.jar:/home/user/.m2/repository/io/netty/netty-buffer/4.1.30.Final/netty-buffer-4.1.30.Final.jar:/home/user/.m2/repository/io/netty/netty-transport/4.1.30.Final/netty-transport-4.1.30.Final.jar:/home/user/.m2/repository/io/netty/netty-resolver/4.1.30.Final/netty-resolver-4.1.30.Final.jar:/home/user/.m2/repository/io/netty/netty-transport-native-unix-common/4.1.30.Final/netty-transport-native-unix-common-4.1.30.Final.jar:/home/user/.m2/repository/io/grpc/grpc-protobuf/1.17.1/grpc-protobuf-1.17.1.jar:/home/user/.m2/repository/com/google/api/grpc/proto-google-common-protos/1.0.0/proto-google-common-protos-1.0.0.jar:/home/user/.m2/repository/io/grpc/grpc-protobuf-lite/1.17.1/grpc-protobuf-lite-1.17.1.jar:/home/user/.m2/repository/io/grpc/grpc-stub/1.17.1/grpc-stub-1.17.1.jar:/home/user/.m2/repository/org/apache/hadoop/hadoop-ozone-recon/0.5.0-SNAPSHOT/hadoop-ozone-recon-0.5.0-SNAPSHOT.jar:/home/user/.m2/repository/org/apache/hadoop/hadoop-ozone-reconcodegen/0.5.0-SNAPSHOT/hadoop-ozone-reconcodegen-0.5.0-SNAPSHOT.jar:/home/user/.m2/repository/com/google/inject/extensions/guice-multibindings/4.0/guice-multibindings-4.0.jar:/home/user/.m2/repository/com/google/inject/guice/4.0/guice-4.0.jar:/home/user/.m2/repository/aopalliance/aopalliance/1.0/aopalliance-1.0.jar:/home/user/.m2/repository/org/glassfish/jersey/containers/jersey-container-servlet/2.27/jersey-container-servlet-2.27.jar:/home/user/.m2/repository/org/glassfish/hk2/guice-bridge/2.5.0/guice-bridge-2.5.0.jar:/home/user/.m2/repository/org/glassfish/jersey/core/jersey-server/2.27/jersey-server-2.27.jar:/home/user/.m2/repository/org/glassfish/jersey/core/jersey-client/2.27/jersey-client-2.27.jar:/home/user/.m2/repository/org/glassfish/jersey/media/jersey-media-jaxb/2.27/jersey-media-jaxb-2.27.jar:/home/user/.m2/repository/javax/validation/validation-api/1.1.0.Final/validation-api-1.1.0.Final.jar:/home/user/.m2/repository/org/glassfish/jersey/media/jersey-media-json-jackson/2.27/jersey-media-json-jackson-2.27.jar:/home/user/.m2/repository/org/glassfish/jersey/ext/jersey-entity-filtering/2.27/jersey-entity-filtering-2.27.jar:/home/user/.m2/repository/com/google/inject/extensions/guice-assistedinject/4.0/guice-assistedinject-4.0.jar:/home/user/.m2/repository/org/jooq/jooq/3.11.10/jooq-3.11.10.jar:/home/user/.m2/repository/org/jooq/jooq-meta/3.11.10/jooq-meta-3.11.10.jar:/home/user/.m2/repository/org/jooq/jooq-codegen/3.11.10/jooq-codegen-3.11.10.jar:/home/user/.m2/repository/com/jolbox/bonecp/0.8.0.RELEASE/bonecp-0.8.0.RELEASE.jar:/home/user/.m2/repository/org/springframework/spring-jdbc/5.1.3.RELEASE/spring-jdbc-5.1.3.RELEASE.jar:/home/user/.m2/repository/org/springframework/spring-beans/5.1.3.RELEASE/spring-beans-5.1.3.RELEASE.jar:/home/user/.m2/repository/org/springframework/spring-core/5.1.3.RELEASE/spring-core-5.1.3.RELEASE.jar:/home/user/.m2/repository/org/springframework/spring-jcl/5.1.3.RELEASE/spring-jcl-5.1.3.RELEASE.jar:/home/user/.m2/repository/org/springframework/spring-tx/5.1.3.RELEASE/spring-tx-5.1.3.RELEASE.jar:/home/user/.m2/repository/org/mockito/mockito-all/1.10.19/mockito-all-1.10.19.jar:/home/user/.m2/repository/junit/junit/4.11/junit-4.11.jar:/home/user/.m2/repository/org/hamcrest/hamcrest-core/1.3/hamcrest-core-1.3.jar:/home/user/.m2/repository/org/apache/hadoop/hadoop-distcp/3.2.0/hadoop-distcp-3.2.0.jar:/home/user/.m2/repository/org/apache/hadoop/hadoop-distcp/3.2.0/hadoop-distcp-3.2.0-tests.jar:/home/user/.m2/repository/org/apache/hadoop/hadoop-mapreduce-client-jobclient/3.2.0/hadoop-mapreduce-client-jobclient-3.2.0.jar:/home/user/.m2/repository/org/apache/hadoop/hadoop-mapreduce-client-common/3.2.0/hadoop-mapreduce-client-common-3.2.0.jar:/home/user/.m2/repository/org/apache/hadoop/hadoop-yarn-common/3.2.0/hadoop-yarn-common-3.2.0.jar:/home/user/.m2/repository/org/apache/hadoop/hadoop-yarn-api/3.2.0/hadoop-yarn-api-3.2.0.jar:/home/user/.m2/repository/com/sun/jersey/jersey-client/1.19/jersey-client-1.19.jar:/home/user/.m2/repository/com/sun/jersey/contribs/jersey-guice/1.19/jersey-guice-1.19.jar:/home/user/.m2/repository/com/fasterxml/jackson/jaxrs/jackson-jaxrs-json-provider/2.9.5/jackson-jaxrs-json-provider-2.9.5.jar:/home/user/.m2/repository/com/fasterxml/jackson/jaxrs/jackson-jaxrs-base/2.9.5/jackson-jaxrs-base-2.9.5.jar:/home/user/.m2/repository/org/apache/hadoop/hadoop-yarn-client/3.2.0/hadoop-yarn-client-3.2.0.jar:/home/user/.m2/repository/org/apache/hadoop/hadoop-mapreduce-client-core/3.2.0/hadoop-mapreduce-client-core-3.2.0.jar:/home/user/.m2/repository/com/google/inject/extensions/guice-servlet/4.0/guice-servlet-4.0.jar:/home/user/.m2/repository/org/powermock/powermock-module-junit4/1.6.5/powermock-module-junit4-1.6.5.jar:/home/user/.m2/repository/org/powermock/powermock-module-junit4-common/1.6.5/powermock-module-junit4-common-1.6.5.jar:/home/user/.m2/repository/org/powermock/powermock-core/1.6.5/powermock-core-1.6.5.jar:/home/user/.m2/repository/org/powermock/powermock-reflect/1.6.5/powermock-reflect-1.6.5.jar:/home/user/.m2/repository/org/powermock/powermock-api-mockito/1.6.5/powermock-api-mockito-1.6.5.jar:/home/user/.m2/repository/org/mockito/mockito-core/1.10.19/mockito-core-1.10.19.jar:/home/user/.m2/repository/org/objenesis/objenesis/1.0/objenesis-1.0.jar:/home/user/.m2/repository/org/powermock/powermock-api-mockito-common/1.6.5/powermock-api-mockito-common-1.6.5.jar:/home/user/.m2/repository/org/powermock/powermock-api-support/1.6.5/powermock-api-support-1.6.5.jar:"/>
    <property name="java.vm.vendor" value="IcedTea"/>
    <property name="sun.arch.data.model" value="64"/>
    <property name="test.build.dir" value="/workdir/hadoop-ozone/ozonefs/target/test-dir"/>
    <property name="test.cache.data" value=""/>
    <property name="java.vendor.url" value="https://icedtea.classpath.org"/>
    <property name="user.timezone" value=""/>
    <property name="java.vm.specification.version" value="1.8"/>
    <property name="os.name" value="Linux"/>
    <property name="test.build.data" value="/workdir/hadoop-ozone/ozonefs/target/test-dir"/>
    <property name="user.country" value="US"/>
    <property name="sun.java.launcher" value="SUN_STANDARD"/>
    <property name="sun.boot.library.path" value="/usr/lib/jvm/java-1.8-openjdk/jre/lib/amd64"/>
    <property name="sun.java.command" value="/workdir/hadoop-ozone/ozonefs/target/surefire/surefirebooter6005152232434018072.jar /workdir/hadoop-ozone/ozonefs/target/surefire 2019-09-20T09-23-56_214-jvmRun1 surefire2235670088652955390tmp surefire_1134045709642218815646tmp"/>
    <property name="test" value="!TestMiniChaosOzoneCluster"/>
    <property name="surefire.test.class.path" value="/workdir/hadoop-ozone/ozonefs/target/test-classes:/workdir/hadoop-ozone/ozonefs/target/classes:/home/user/.m2/repository/org/apache/hadoop/hadoop-common/3.2.0/hadoop-common-3.2.0.jar:/home/user/.m2/repository/org/apache/hadoop/hadoop-annotations/3.2.0/hadoop-annotations-3.2.0.jar:/usr/lib/jvm/java-1.8-openjdk/jre/../lib/tools.jar:/home/user/.m2/repository/com/google/guava/guava/11.0.2/guava-11.0.2.jar:/home/user/.m2/repository/commons-cli/commons-cli/1.2/commons-cli-1.2.jar:/home/user/.m2/repository/org/apache/commons/commons-math3/3.1.1/commons-math3-3.1.1.jar:/home/user/.m2/repository/org/apache/httpcomponents/httpclient/4.5.2/httpclient-4.5.2.jar:/home/user/.m2/repository/org/apache/httpcomponents/httpcore/4.4.4/httpcore-4.4.4.jar:/home/user/.m2/repository/commons-codec/commons-codec/1.11/commons-codec-1.11.jar:/home/user/.m2/repository/commons-io/commons-io/2.5/commons-io-2.5.jar:/home/user/.m2/repository/commons-net/commons-net/3.6/commons-net-3.6.jar:/home/user/.m2/repository/commons-collections/commons-collections/3.2.2/commons-collections-3.2.2.jar:/home/user/.m2/repository/javax/servlet/javax.servlet-api/3.1.0/javax.servlet-api-3.1.0.jar:/home/user/.m2/repository/org/eclipse/jetty/jetty-server/9.3.24.v20180605/jetty-server-9.3.24.v20180605.jar:/home/user/.m2/repository/org/eclipse/jetty/jetty-http/9.3.24.v20180605/jetty-http-9.3.24.v20180605.jar:/home/user/.m2/repository/org/eclipse/jetty/jetty-io/9.3.24.v20180605/jetty-io-9.3.24.v20180605.jar:/home/user/.m2/repository/org/eclipse/jetty/jetty-util/9.3.24.v20180605/jetty-util-9.3.24.v20180605.jar:/home/user/.m2/repository/org/eclipse/jetty/jetty-servlet/9.3.24.v20180605/jetty-servlet-9.3.24.v20180605.jar:/home/user/.m2/repository/org/eclipse/jetty/jetty-security/9.3.24.v20180605/jetty-security-9.3.24.v20180605.jar:/home/user/.m2/repository/org/eclipse/jetty/jetty-webapp/9.3.24.v20180605/jetty-webapp-9.3.24.v20180605.jar:/home/user/.m2/repository/org/eclipse/jetty/jetty-xml/9.3.24.v20180605/jetty-xml-9.3.24.v20180605.jar:/home/user/.m2/repository/javax/servlet/jsp/jsp-api/2.1/jsp-api-2.1.jar:/home/user/.m2/repository/com/sun/jersey/jersey-core/1.19/jersey-core-1.19.jar:/home/user/.m2/repository/javax/ws/rs/jsr311-api/1.1.1/jsr311-api-1.1.1.jar:/home/user/.m2/repository/com/sun/jersey/jersey-servlet/1.19/jersey-servlet-1.19.jar:/home/user/.m2/repository/com/sun/jersey/jersey-json/1.19/jersey-json-1.19.jar:/home/user/.m2/repository/org/codehaus/jettison/jettison/1.1/jettison-1.1.jar:/home/user/.m2/repository/com/sun/xml/bind/jaxb-impl/2.3.0.1/jaxb-impl-2.3.0.1.jar:/home/user/.m2/repository/org/codehaus/jackson/jackson-core-asl/1.9.13/jackson-core-asl-1.9.13.jar:/home/user/.m2/repository/org/codehaus/jackson/jackson-mapper-asl/1.9.13/jackson-mapper-asl-1.9.13.jar:/home/user/.m2/repository/org/codehaus/jackson/jackson-jaxrs/1.9.13/jackson-jaxrs-1.9.13.jar:/home/user/.m2/repository/org/codehaus/jackson/jackson-xc/1.9.13/jackson-xc-1.9.13.jar:/home/user/.m2/repository/com/sun/jersey/jersey-server/1.19/jersey-server-1.19.jar:/home/user/.m2/repository/commons-logging/commons-logging/1.1.3/commons-logging-1.1.3.jar:/home/user/.m2/repository/log4j/log4j/1.2.17/log4j-1.2.17.jar:/home/user/.m2/repository/commons-beanutils/commons-beanutils/1.9.3/commons-beanutils-1.9.3.jar:/home/user/.m2/repository/org/apache/commons/commons-configuration2/2.1.1/commons-configuration2-2.1.1.jar:/home/user/.m2/repository/org/apache/commons/commons-lang3/3.7/commons-lang3-3.7.jar:/home/user/.m2/repository/org/apache/commons/commons-text/1.4/commons-text-1.4.jar:/home/user/.m2/repository/org/slf4j/slf4j-api/1.7.25/slf4j-api-1.7.25.jar:/home/user/.m2/repository/org/slf4j/slf4j-log4j12/1.7.25/slf4j-log4j12-1.7.25.jar:/home/user/.m2/repository/org/apache/avro/avro/1.7.7/avro-1.7.7.jar:/home/user/.m2/repository/com/thoughtworks/paranamer/paranamer/2.3/paranamer-2.3.jar:/home/user/.m2/repository/org/xerial/snappy/snappy-java/1.0.5/snappy-java-1.0.5.jar:/home/user/.m2/repository/com/google/re2j/re2j/1.1/re2j-1.1.jar:/home/user/.m2/repository/com/google/protobuf/protobuf-java/2.5.0/protobuf-java-2.5.0.jar:/home/user/.m2/repository/com/google/code/gson/gson/2.2.4/gson-2.2.4.jar:/home/user/.m2/repository/org/apache/hadoop/hadoop-auth/3.2.0/hadoop-auth-3.2.0.jar:/home/user/.m2/repository/com/nimbusds/nimbus-jose-jwt/4.41.1/nimbus-jose-jwt-4.41.1.jar:/home/user/.m2/repository/com/github/stephenc/jcip/jcip-annotations/1.0-1/jcip-annotations-1.0-1.jar:/home/user/.m2/repository/net/minidev/json-smart/2.3/json-smart-2.3.jar:/home/user/.m2/repository/net/minidev/accessors-smart/1.2/accessors-smart-1.2.jar:/home/user/.m2/repository/org/apache/curator/curator-framework/2.12.0/curator-framework-2.12.0.jar:/home/user/.m2/repository/com/jcraft/jsch/0.1.54/jsch-0.1.54.jar:/home/user/.m2/repository/org/apache/curator/curator-client/2.12.0/curator-client-2.12.0.jar:/home/user/.m2/repository/org/apache/curator/curator-recipes/2.12.0/curator-recipes-2.12.0.jar:/home/user/.m2/repository/com/google/code/findbugs/jsr305/3.0.0/jsr305-3.0.0.jar:/home/user/.m2/repository/org/apache/htrace/htrace-core4/4.1.0-incubating/htrace-core4-4.1.0-incubating.jar:/home/user/.m2/repository/org/apache/zookeeper/zookeeper/3.4.13/zookeeper-3.4.13.jar:/home/user/.m2/repository/org/apache/yetus/audience-annotations/0.5.0/audience-annotations-0.5.0.jar:/home/user/.m2/repository/org/apache/commons/commons-compress/1.4.1/commons-compress-1.4.1.jar:/home/user/.m2/repository/org/tukaani/xz/1.0/xz-1.0.jar:/home/user/.m2/repository/org/apache/kerby/kerb-simplekdc/1.0.1/kerb-simplekdc-1.0.1.jar:/home/user/.m2/repository/org/apache/kerby/kerb-client/1.0.1/kerb-client-1.0.1.jar:/home/user/.m2/repository/org/apache/kerby/kerby-config/1.0.1/kerby-config-1.0.1.jar:/home/user/.m2/repository/org/apache/kerby/kerb-core/1.0.1/kerb-core-1.0.1.jar:/home/user/.m2/repository/org/apache/kerby/kerby-pkix/1.0.1/kerby-pkix-1.0.1.jar:/home/user/.m2/repository/org/apache/kerby/kerby-asn1/1.0.1/kerby-asn1-1.0.1.jar:/home/user/.m2/repository/org/apache/kerby/kerby-util/1.0.1/kerby-util-1.0.1.jar:/home/user/.m2/repository/org/apache/kerby/kerb-common/1.0.1/kerb-common-1.0.1.jar:/home/user/.m2/repository/org/apache/kerby/kerb-crypto/1.0.1/kerb-crypto-1.0.1.jar:/home/user/.m2/repository/org/apache/kerby/kerb-util/1.0.1/kerb-util-1.0.1.jar:/home/user/.m2/repository/org/apache/kerby/token-provider/1.0.1/token-provider-1.0.1.jar:/home/user/.m2/repository/org/apache/kerby/kerb-admin/1.0.1/kerb-admin-1.0.1.jar:/home/user/.m2/repository/org/apache/kerby/kerb-server/1.0.1/kerb-server-1.0.1.jar:/home/user/.m2/repository/org/apache/kerby/kerb-identity/1.0.1/kerb-identity-1.0.1.jar:/home/user/.m2/repository/org/apache/kerby/kerby-xdr/1.0.1/kerby-xdr-1.0.1.jar:/home/user/.m2/repository/com/fasterxml/jackson/core/jackson-databind/2.9.5/jackson-databind-2.9.5.jar:/home/user/.m2/repository/com/fasterxml/jackson/core/jackson-annotations/2.9.5/jackson-annotations-2.9.5.jar:/home/user/.m2/repository/com/fasterxml/jackson/core/jackson-core/2.9.5/jackson-core-2.9.5.jar:/home/user/.m2/repository/org/codehaus/woodstox/stax2-api/3.1.4/stax2-api-3.1.4.jar:/home/user/.m2/repository/com/fasterxml/woodstox/woodstox-core/5.0.3/woodstox-core-5.0.3.jar:/home/user/.m2/repository/dnsjava/dnsjava/2.1.7/dnsjava-2.1.7.jar:/home/user/.m2/repository/org/apache/hadoop/hadoop-hdfs/3.2.0/hadoop-hdfs-3.2.0.jar:/home/user/.m2/repository/org/eclipse/jetty/jetty-util-ajax/9.3.24.v20180605/jetty-util-ajax-9.3.24.v20180605.jar:/home/user/.m2/repository/commons-daemon/commons-daemon/1.0.13/commons-daemon-1.0.13.jar:/home/user/.m2/repository/io/netty/netty/3.10.5.Final/netty-3.10.5.Final.jar:/home/user/.m2/repository/io/netty/netty-all/4.0.52.Final/netty-all-4.0.52.Final.jar:/home/user/.m2/repository/org/fusesource/leveldbjni/leveldbjni-all/1.8/leveldbjni-all-1.8.jar:/home/user/.m2/repository/org/apache/hadoop/hadoop-hdds-common/0.5.0-SNAPSHOT/hadoop-hdds-common-0.5.0-SNAPSHOT.jar:/home/user/.m2/repository/org/apache/hadoop/hadoop-hdds-config/0.5.0-SNAPSHOT/hadoop-hdds-config-0.5.0-SNAPSHOT.jar:/home/user/.m2/repository/javax/annotation/javax.annotation-api/1.2/javax.annotation-api-1.2.jar:/home/user/.m2/repository/org/apache/ratis/ratis-server/0.4.0-2337318-SNAPSHOT/ratis-server-0.4.0-2337318-SNAPSHOT.jar:/home/user/.m2/repository/org/apache/ratis/ratis-thirdparty-misc/0.2.0/ratis-thirdparty-misc-0.2.0.jar:/home/user/.m2/repository/org/apache/ratis/ratis-proto/0.4.0-2337318-SNAPSHOT/ratis-proto-0.4.0-2337318-SNAPSHOT.jar:/home/user/.m2/repository/org/apache/ratis/ratis-common/0.4.0-2337318-SNAPSHOT/ratis-common-0.4.0-2337318-SNAPSHOT.jar:/home/user/.m2/repository/org/apache/ratis/ratis-client/0.4.0-2337318-SNAPSHOT/ratis-client-0.4.0-2337318-SNAPSHOT.jar:/home/user/.m2/repository/org/apache/ratis/ratis-metrics/0.4.0-2337318-SNAPSHOT/ratis-metrics-0.4.0-2337318-SNAPSHOT.jar:/home/user/.m2/repository/org/apache/ratis/ratis-netty/0.4.0-2337318-SNAPSHOT/ratis-netty-0.4.0-2337318-SNAPSHOT.jar:/home/user/.m2/repository/org/apache/ratis/ratis-grpc/0.4.0-2337318-SNAPSHOT/ratis-grpc-0.4.0-2337318-SNAPSHOT.jar:/home/user/.m2/repository/org/rocksdb/rocksdbjni/6.0.1/rocksdbjni-6.0.1.jar:/home/user/.m2/repository/org/apache/logging/log4j/log4j-api/2.11.0/log4j-api-2.11.0.jar:/home/user/.m2/repository/org/apache/logging/log4j/log4j-core/2.11.0/log4j-core-2.11.0.jar:/home/user/.m2/repository/com/lmax/disruptor/3.4.2/disruptor-3.4.2.jar:/home/user/.m2/repository/org/apache/commons/commons-pool2/2.6.0/commons-pool2-2.6.0.jar:/home/user/.m2/repository/org/bouncycastle/bcpkix-jdk15on/1.60/bcpkix-jdk15on-1.60.jar:/home/user/.m2/repository/commons-validator/commons-validator/1.6/commons-validator-1.6.jar:/home/user/.m2/repository/commons-digester/commons-digester/1.8.1/commons-digester-1.8.1.jar:/home/user/.m2/repository/io/jaegertracing/jaeger-client/0.33.1/jaeger-client-0.33.1.jar:/home/user/.m2/repository/io/jaegertracing/jaeger-thrift/0.33.1/jaeger-thrift-0.33.1.jar:/home/user/.m2/repository/org/apache/thrift/libthrift/0.11.0/libthrift-0.11.0.jar:/home/user/.m2/repository/com/squareup/okhttp3/okhttp/3.9.0/okhttp-3.9.0.jar:/home/user/.m2/repository/com/squareup/okio/okio/1.13.0/okio-1.13.0.jar:/home/user/.m2/repository/io/jaegertracing/jaeger-core/0.33.1/jaeger-core-0.33.1.jar:/home/user/.m2/repository/io/jaegertracing/jaeger-tracerresolver/0.33.1/jaeger-tracerresolver-0.33.1.jar:/home/user/.m2/repository/io/opentracing/contrib/opentracing-tracerresolver/0.1.5/opentracing-tracerresolver-0.1.5.jar:/home/user/.m2/repository/io/opentracing/opentracing-util/0.31.0/opentracing-util-0.31.0.jar:/home/user/.m2/repository/io/opentracing/opentracing-api/0.31.0/opentracing-api-0.31.0.jar:/home/user/.m2/repository/io/opentracing/opentracing-noop/0.31.0/opentracing-noop-0.31.0.jar:/home/user/.m2/repository/org/yaml/snakeyaml/1.16/snakeyaml-1.16.jar:/home/user/.m2/repository/org/apache/hadoop/hadoop-hdfs-client/3.2.0/hadoop-hdfs-client-3.2.0.jar:/home/user/.m2/repository/info/picocli/picocli/3.9.6/picocli-3.9.6.jar:/home/user/.m2/repository/org/apache/hadoop/hadoop-hdds-server-scm/0.5.0-SNAPSHOT/hadoop-hdds-server-scm-0.5.0-SNAPSHOT.jar:/home/user/.m2/repository/org/apache/hadoop/hadoop-hdds-docs/0.5.0-SNAPSHOT/hadoop-hdds-docs-0.5.0-SNAPSHOT.jar:/home/user/.m2/repository/io/dropwizard/metrics/metrics-core/3.2.4/metrics-core-3.2.4.jar:/home/user/.m2/repository/org/hamcrest/hamcrest-all/1.3/hamcrest-all-1.3.jar:/home/user/.m2/repository/org/bouncycastle/bcprov-jdk15on/1.60/bcprov-jdk15on-1.60.jar:/home/user/.m2/repository/org/apache/hadoop/hadoop-hdds-server-framework/0.5.0-SNAPSHOT/hadoop-hdds-server-framework-0.5.0-SNAPSHOT.jar:/home/user/.m2/repository/org/apache/hadoop/hadoop-ozone-ozone-manager/0.5.0-SNAPSHOT/hadoop-ozone-ozone-manager-0.5.0-SNAPSHOT.jar:/home/user/.m2/repository/org/apache/hadoop/hadoop-hdds-container-service/0.5.0-SNAPSHOT/hadoop-hdds-container-service-0.5.0-SNAPSHOT.jar:/home/user/.m2/repository/org/apache/hadoop/hadoop-hdds-client/0.5.0-SNAPSHOT/hadoop-hdds-client-0.5.0-SNAPSHOT.jar:/home/user/.m2/repository/org/apache/hadoop/hadoop-ozone-common/0.5.0-SNAPSHOT/hadoop-ozone-common-0.5.0-SNAPSHOT.jar:/home/user/.m2/repository/org/apache/hadoop/hadoop-hdds-tools/0.5.0-SNAPSHOT/hadoop-hdds-tools-0.5.0-SNAPSHOT.jar:/home/user/.m2/repository/org/xerial/sqlite-jdbc/3.25.2/sqlite-jdbc-3.25.2.jar:/home/user/.m2/repository/org/apache/hadoop/hadoop-ozone-objectstore-service/0.5.0-SNAPSHOT/hadoop-ozone-objectstore-service-0.5.0-SNAPSHOT.jar:/home/user/.m2/repository/com/google/code/findbugs/findbugs/3.0.1/findbugs-3.0.1.jar:/home/user/.m2/repository/net/jcip/jcip-annotations/1.0/jcip-annotations-1.0.jar:/home/user/.m2/repository/com/google/code/findbugs/bcel-findbugs/6.0/bcel-findbugs-6.0.jar:/home/user/.m2/repository/com/google/code/findbugs/jFormatString/2.0.1/jFormatString-2.0.1.jar:/home/user/.m2/repository/dom4j/dom4j/1.6.1/dom4j-1.6.1.jar:/home/user/.m2/repository/xml-apis/xml-apis/1.0.b2/xml-apis-1.0.b2.jar:/home/user/.m2/repository/org/ow2/asm/asm-debug-all/5.0.2/asm-debug-all-5.0.2.jar:/home/user/.m2/repository/org/ow2/asm/asm-commons/5.0.2/asm-commons-5.0.2.jar:/home/user/.m2/repository/org/ow2/asm/asm-tree/5.0.2/asm-tree-5.0.2.jar:/home/user/.m2/repository/org/ow2/asm/asm/5.0.4/asm-5.0.4.jar:/home/user/.m2/repository/commons-lang/commons-lang/2.6/commons-lang-2.6.jar:/home/user/.m2/repository/com/apple/AppleJavaExtensions/1.4/AppleJavaExtensions-1.4.jar:/home/user/.m2/repository/jaxen/jaxen/1.1.6/jaxen-1.1.6.jar:/home/user/.m2/repository/org/apache/hadoop/hadoop-common/3.2.0/hadoop-common-3.2.0-tests.jar:/home/user/.m2/repository/org/apache/hadoop/hadoop-ozone-client/0.5.0-SNAPSHOT/hadoop-ozone-client-0.5.0-SNAPSHOT.jar:/home/user/.m2/repository/org/apache/hadoop/hadoop-hdfs/3.2.0/hadoop-hdfs-3.2.0-tests.jar:/workdir/hadoop-ozone/integration-test/target/test-classes:/home/user/.m2/repository/org/apache/hadoop/hadoop-ozone-s3gateway/0.5.0-SNAPSHOT/hadoop-ozone-s3gateway-0.5.0-SNAPSHOT.jar:/home/user/.m2/repository/org/jboss/weld/servlet/weld-servlet/2.4.7.Final/weld-servlet-2.4.7.Final.jar:/home/user/.m2/repository/org/glassfish/jersey/containers/jersey-container-servlet-core/2.27/jersey-container-servlet-core-2.27.jar:/home/user/.m2/repository/org/glassfish/hk2/external/javax.inject/2.5.0-b42/javax.inject-2.5.0-b42.jar:/home/user/.m2/repository/org/glassfish/jersey/core/jersey-common/2.27/jersey-common-2.27.jar:/home/user/.m2/repository/org/glassfish/hk2/osgi-resource-locator/1.0.1/osgi-resource-locator-1.0.1.jar:/home/user/.m2/repository/javax/ws/rs/javax.ws.rs-api/2.1/javax.ws.rs-api-2.1.jar:/home/user/.m2/repository/org/glassfish/jersey/ext/cdi/jersey-cdi1x/2.27/jersey-cdi1x-2.27.jar:/home/user/.m2/repository/org/glassfish/jersey/inject/jersey-hk2/2.27/jersey-hk2-2.27.jar:/home/user/.m2/repository/org/glassfish/hk2/hk2-locator/2.5.0-b42/hk2-locator-2.5.0-b42.jar:/home/user/.m2/repository/org/javassist/javassist/3.22.0-CR2/javassist-3.22.0-CR2.jar:/home/user/.m2/repository/org/glassfish/hk2/hk2-api/2.5.0/hk2-api-2.5.0.jar:/home/user/.m2/repository/org/glassfish/hk2/external/jakarta.inject/2.5.0/jakarta.inject-2.5.0.jar:/home/user/.m2/repository/org/glassfish/hk2/hk2-utils/2.5.0/hk2-utils-2.5.0.jar:/home/user/.m2/repository/jakarta/annotation/jakarta.annotation-api/1.3.4/jakarta.annotation-api-1.3.4.jar:/home/user/.m2/repository/org/glassfish/hk2/external/aopalliance-repackaged/2.5.0/aopalliance-repackaged-2.5.0.jar:/home/user/.m2/repository/com/fasterxml/jackson/dataformat/jackson-dataformat-xml/2.9.0/jackson-dataformat-xml-2.9.0.jar:/home/user/.m2/repository/com/fasterxml/jackson/module/jackson-module-jaxb-annotations/2.9.5/jackson-module-jaxb-annotations-2.9.5.jar:/home/user/.m2/repository/javax/enterprise/cdi-api/1.2/cdi-api-1.2.jar:/home/user/.m2/repository/javax/el/javax.el-api/3.0.0/javax.el-api-3.0.0.jar:/home/user/.m2/repository/javax/interceptor/javax.interceptor-api/1.2/javax.interceptor-api-1.2.jar:/home/user/.m2/repository/javax/inject/javax.inject/1/javax.inject-1.jar:/home/user/.m2/repository/com/sun/xml/bind/jaxb-core/2.3.0.1/jaxb-core-2.3.0.1.jar:/home/user/.m2/repository/javax/xml/bind/jaxb-api/2.3.0/jaxb-api-2.3.0.jar:/home/user/.m2/repository/javax/activation/activation/1.1.1/activation-1.1.1.jar:/home/user/.m2/repository/org/apache/hadoop/hadoop-ozone-csi/0.5.0-SNAPSHOT/hadoop-ozone-csi-0.5.0-SNAPSHOT.jar:/home/user/.m2/repository/com/google/protobuf/protobuf-java-util/3.5.1/protobuf-java-util-3.5.1.jar:/home/user/.m2/repository/io/grpc/grpc-netty/1.17.1/grpc-netty-1.17.1.jar:/home/user/.m2/repository/io/grpc/grpc-core/1.17.1/grpc-core-1.17.1.jar:/home/user/.m2/repository/io/grpc/grpc-context/1.17.1/grpc-context-1.17.1.jar:/home/user/.m2/repository/com/google/errorprone/error_prone_annotations/2.2.0/error_prone_annotations-2.2.0.jar:/home/user/.m2/repository/org/codehaus/mojo/animal-sniffer-annotations/1.17/animal-sniffer-annotations-1.17.jar:/home/user/.m2/repository/io/opencensus/opencensus-api/0.17.0/opencensus-api-0.17.0.jar:/home/user/.m2/repository/io/opencensus/opencensus-contrib-grpc-metrics/0.17.0/opencensus-contrib-grpc-metrics-0.17.0.jar:/home/user/.m2/repository/io/netty/netty-codec-http2/4.1.30.Final/netty-codec-http2-4.1.30.Final.jar:/home/user/.m2/repository/io/netty/netty-codec-http/4.1.30.Final/netty-codec-http-4.1.30.Final.jar:/home/user/.m2/repository/io/netty/netty-codec/4.1.30.Final/netty-codec-4.1.30.Final.jar:/home/user/.m2/repository/io/netty/netty-handler/4.1.30.Final/netty-handler-4.1.30.Final.jar:/home/user/.m2/repository/io/netty/netty-handler-proxy/4.1.30.Final/netty-handler-proxy-4.1.30.Final.jar:/home/user/.m2/repository/io/netty/netty-codec-socks/4.1.30.Final/netty-codec-socks-4.1.30.Final.jar:/home/user/.m2/repository/io/netty/netty-transport-native-epoll/4.1.30.Final/netty-transport-native-epoll-4.1.30.Final.jar:/home/user/.m2/repository/io/netty/netty-common/4.1.30.Final/netty-common-4.1.30.Final.jar:/home/user/.m2/repository/io/netty/netty-buffer/4.1.30.Final/netty-buffer-4.1.30.Final.jar:/home/user/.m2/repository/io/netty/netty-transport/4.1.30.Final/netty-transport-4.1.30.Final.jar:/home/user/.m2/repository/io/netty/netty-resolver/4.1.30.Final/netty-resolver-4.1.30.Final.jar:/home/user/.m2/repository/io/netty/netty-transport-native-unix-common/4.1.30.Final/netty-transport-native-unix-common-4.1.30.Final.jar:/home/user/.m2/repository/io/grpc/grpc-protobuf/1.17.1/grpc-protobuf-1.17.1.jar:/home/user/.m2/repository/com/google/api/grpc/proto-google-common-protos/1.0.0/proto-google-common-protos-1.0.0.jar:/home/user/.m2/repository/io/grpc/grpc-protobuf-lite/1.17.1/grpc-protobuf-lite-1.17.1.jar:/home/user/.m2/repository/io/grpc/grpc-stub/1.17.1/grpc-stub-1.17.1.jar:/home/user/.m2/repository/org/apache/hadoop/hadoop-ozone-recon/0.5.0-SNAPSHOT/hadoop-ozone-recon-0.5.0-SNAPSHOT.jar:/home/user/.m2/repository/org/apache/hadoop/hadoop-ozone-reconcodegen/0.5.0-SNAPSHOT/hadoop-ozone-reconcodegen-0.5.0-SNAPSHOT.jar:/home/user/.m2/repository/com/google/inject/extensions/guice-multibindings/4.0/guice-multibindings-4.0.jar:/home/user/.m2/repository/com/google/inject/guice/4.0/guice-4.0.jar:/home/user/.m2/repository/aopalliance/aopalliance/1.0/aopalliance-1.0.jar:/home/user/.m2/repository/org/glassfish/jersey/containers/jersey-container-servlet/2.27/jersey-container-servlet-2.27.jar:/home/user/.m2/repository/org/glassfish/hk2/guice-bridge/2.5.0/guice-bridge-2.5.0.jar:/home/user/.m2/repository/org/glassfish/jersey/core/jersey-server/2.27/jersey-server-2.27.jar:/home/user/.m2/repository/org/glassfish/jersey/core/jersey-client/2.27/jersey-client-2.27.jar:/home/user/.m2/repository/org/glassfish/jersey/media/jersey-media-jaxb/2.27/jersey-media-jaxb-2.27.jar:/home/user/.m2/repository/javax/validation/validation-api/1.1.0.Final/validation-api-1.1.0.Final.jar:/home/user/.m2/repository/org/glassfish/jersey/media/jersey-media-json-jackson/2.27/jersey-media-json-jackson-2.27.jar:/home/user/.m2/repository/org/glassfish/jersey/ext/jersey-entity-filtering/2.27/jersey-entity-filtering-2.27.jar:/home/user/.m2/repository/com/google/inject/extensions/guice-assistedinject/4.0/guice-assistedinject-4.0.jar:/home/user/.m2/repository/org/jooq/jooq/3.11.10/jooq-3.11.10.jar:/home/user/.m2/repository/org/jooq/jooq-meta/3.11.10/jooq-meta-3.11.10.jar:/home/user/.m2/repository/org/jooq/jooq-codegen/3.11.10/jooq-codegen-3.11.10.jar:/home/user/.m2/repository/com/jolbox/bonecp/0.8.0.RELEASE/bonecp-0.8.0.RELEASE.jar:/home/user/.m2/repository/org/springframework/spring-jdbc/5.1.3.RELEASE/spring-jdbc-5.1.3.RELEASE.jar:/home/user/.m2/repository/org/springframework/spring-beans/5.1.3.RELEASE/spring-beans-5.1.3.RELEASE.jar:/home/user/.m2/repository/org/springframework/spring-core/5.1.3.RELEASE/spring-core-5.1.3.RELEASE.jar:/home/user/.m2/repository/org/springframework/spring-jcl/5.1.3.RELEASE/spring-jcl-5.1.3.RELEASE.jar:/home/user/.m2/repository/org/springframework/spring-tx/5.1.3.RELEASE/spring-tx-5.1.3.RELEASE.jar:/home/user/.m2/repository/org/mockito/mockito-all/1.10.19/mockito-all-1.10.19.jar:/home/user/.m2/repository/junit/junit/4.11/junit-4.11.jar:/home/user/.m2/repository/org/hamcrest/hamcrest-core/1.3/hamcrest-core-1.3.jar:/home/user/.m2/repository/org/apache/hadoop/hadoop-distcp/3.2.0/hadoop-distcp-3.2.0.jar:/home/user/.m2/repository/org/apache/hadoop/hadoop-distcp/3.2.0/hadoop-distcp-3.2.0-tests.jar:/home/user/.m2/repository/org/apache/hadoop/hadoop-mapreduce-client-jobclient/3.2.0/hadoop-mapreduce-client-jobclient-3.2.0.jar:/home/user/.m2/repository/org/apache/hadoop/hadoop-mapreduce-client-common/3.2.0/hadoop-mapreduce-client-common-3.2.0.jar:/home/user/.m2/repository/org/apache/hadoop/hadoop-yarn-common/3.2.0/hadoop-yarn-common-3.2.0.jar:/home/user/.m2/repository/org/apache/hadoop/hadoop-yarn-api/3.2.0/hadoop-yarn-api-3.2.0.jar:/home/user/.m2/repository/com/sun/jersey/jersey-client/1.19/jersey-client-1.19.jar:/home/user/.m2/repository/com/sun/jersey/contribs/jersey-guice/1.19/jersey-guice-1.19.jar:/home/user/.m2/repository/com/fasterxml/jackson/jaxrs/jackson-jaxrs-json-provider/2.9.5/jackson-jaxrs-json-provider-2.9.5.jar:/home/user/.m2/repository/com/fasterxml/jackson/jaxrs/jackson-jaxrs-base/2.9.5/jackson-jaxrs-base-2.9.5.jar:/home/user/.m2/repository/org/apache/hadoop/hadoop-yarn-client/3.2.0/hadoop-yarn-client-3.2.0.jar:/home/user/.m2/repository/org/apache/hadoop/hadoop-mapreduce-client-core/3.2.0/hadoop-mapreduce-client-core-3.2.0.jar:/home/user/.m2/repository/com/google/inject/extensions/guice-servlet/4.0/guice-servlet-4.0.jar:/home/user/.m2/repository/org/powermock/powermock-module-junit4/1.6.5/powermock-module-junit4-1.6.5.jar:/home/user/.m2/repository/org/powermock/powermock-module-junit4-common/1.6.5/powermock-module-junit4-common-1.6.5.jar:/home/user/.m2/repository/org/powermock/powermock-core/1.6.5/powermock-core-1.6.5.jar:/home/user/.m2/repository/org/powermock/powermock-reflect/1.6.5/powermock-reflect-1.6.5.jar:/home/user/.m2/repository/org/powermock/powermock-api-mockito/1.6.5/powermock-api-mockito-1.6.5.jar:/home/user/.m2/repository/org/mockito/mockito-core/1.10.19/mockito-core-1.10.19.jar:/home/user/.m2/repository/org/objenesis/objenesis/1.0/objenesis-1.0.jar:/home/user/.m2/repository/org/powermock/powermock-api-mockito-common/1.6.5/powermock-api-mockito-common-1.6.5.jar:/home/user/.m2/repository/org/powermock/powermock-api-support/1.6.5/powermock-api-support-1.6.5.jar:"/>
    <property name="sun.cpu.endian" value="little"/>
    <property name="user.home" value="/home/user"/>
    <property name="user.language" value="en"/>
    <property name="java.specification.vendor" value="Oracle Corporation"/>
    <property name="java.home" value="/usr/lib/jvm/java-1.8-openjdk/jre"/>
    <property name="java.security.krb5.conf" value="/workdir/hadoop-ozone/ozonefs/target/test-classes/krb5.conf"/>
    <property name="basedir" value="/workdir/hadoop-ozone/ozonefs"/>
    <property name="file.separator" value="/"/>
    <property name="line.separator" value="&#10;"/>
    <property name="java.vm.specification.vendor" value="Oracle Corporation"/>
    <property name="java.specification.name" value="Java Platform API Specification"/>
    <property name="java.awt.graphicsenv" value="sun.awt.X11GraphicsEnvironment"/>
    <property name="surefire.real.class.path" value="/workdir/hadoop-ozone/ozonefs/target/surefire/surefirebooter6005152232434018072.jar"/>
    <property name="hadoop.log.dir" value="/workdir/hadoop-ozone/ozonefs/target/log"/>
    <property name="sun.boot.class.path" value="/usr/lib/jvm/java-1.8-openjdk/jre/lib/resources.jar:/usr/lib/jvm/java-1.8-openjdk/jre/lib/rt.jar:/usr/lib/jvm/java-1.8-openjdk/jre/lib/sunrsasign.jar:/usr/lib/jvm/java-1.8-openjdk/jre/lib/jsse.jar:/usr/lib/jvm/java-1.8-openjdk/jre/lib/jce.jar:/usr/lib/jvm/java-1.8-openjdk/jre/lib/charsets.jar:/usr/lib/jvm/java-1.8-openjdk/jre/lib/jfr.jar:/usr/lib/jvm/java-1.8-openjdk/jre/classes"/>
    <property name="sun.management.compiler" value="HotSpot 64-Bit Tiered Compilers"/>
    <property name="java.runtime.version" value="1.8.0_212-b04"/>
    <property name="java.net.preferIPv4Stack" value="true"/>
    <property name="user.name" value="jenkins1000"/>
    <property name="path.separator" value=":"/>
    <property name="java.security.egd" value="file:///dev/urandom"/>
    <property name="os.version" value="3.10.0-957.12.2.el7.x86_64"/>
    <property name="java.endorsed.dirs" value="/usr/lib/jvm/java-1.8-openjdk/jre/lib/endorsed"/>
    <property name="java.runtime.name" value="OpenJDK Runtime Environment"/>
    <property name="file.encoding" value="UTF-8"/>
    <property name="java.vm.name" value="OpenJDK 64-Bit Server VM"/>
    <property name="test.build.webapps" value=""/>
    <property name="localRepository" value="/home/user/.m2/repository"/>
    <property name="java.vendor.url.bug" value="https://icedtea.classpath.org/bugzilla"/>
    <property name="java.io.tmpdir" value="/tmp"/>
    <property name="require.test.libhadoop" value=""/>
    <property name="java.version" value="1.8.0_212"/>
    <property name="user.dir" value="/workdir/hadoop-ozone/ozonefs"/>
    <property name="os.arch" value="amd64"/>
    <property name="java.vm.specification.name" value="Java Virtual Machine Specification"/>
    <property name="test.build.classes" value="/workdir/hadoop-ozone/ozonefs/target/test-classes"/>
    <property name="java.awt.printerjob" value="sun.print.PSPrinterJob"/>
    <property name="sun.os.patch.level" value="unknown"/>
    <property name="hadoop.tmp.dir" value="/workdir/hadoop-ozone/ozonefs/target/tmp"/>
    <property name="java.library.path" value="/usr/lib/jvm/java-1.8-openjdk/jre/lib/amd64/server:/usr/lib/jvm/java-1.8-openjdk/jre/lib/amd64:/usr/lib/jvm/java-1.8-openjdk/jre/../lib/amd64:/workdir/hadoop-ozone/ozonefs/target/native/target/usr/local/lib:/workdir/hadoop-ozone/ozonefs/../../hadoop-common-project/hadoop-common/target/native/target/usr/local/lib:/usr/java/packages/lib/amd64:/usr/lib64:/lib64:/lib:/usr/lib"/>
    <property name="java.vm.info" value="mixed mode"/>
    <property name="java.vendor" value="IcedTea"/>
    <property name="java.vm.version" value="25.212-b04"/>
    <property name="java.ext.dirs" value="/usr/lib/jvm/java-1.8-openjdk/jre/lib/ext:/usr/java/packages/lib/ext"/>
    <property name="sun.io.unicode.encoding" value="UnicodeLittle"/>
    <property name="java.class.version" value="52.0"/>
  </properties>
  <testcase name="org.apache.hadoop.fs.ozone.TestOzoneFSInputStream" classname="org.apache.hadoop.fs.ozone.TestOzoneFSInputStream" time="50.653">
    <error message="Allocated 0 blocks. Requested 1 blocks" type="INTERNAL_ERROR org.apache.hadoop.ozone.om.exceptions.OMException">INTERNAL_ERROR org.apache.hadoop.ozone.om.exceptions.OMException: Allocated 0 blocks. Requested 1 blocks
	at org.apache.hadoop.ozone.om.protocolPB.OzoneManagerProtocolClientSideTranslatorPB.handleError(OzoneManagerProtocolClientSideTranslatorPB.java:725)
	at org.apache.hadoop.ozone.om.protocolPB.OzoneManagerProtocolClientSideTranslatorPB.createFile(OzoneManagerProtocolClientSideTranslatorPB.java:1474)
	at org.apache.hadoop.ozone.client.rpc.RpcClient.createFile(RpcClient.java:984)
	at org.apache.hadoop.ozone.client.OzoneBucket.createFile(OzoneBucket.java:535)
	at org.apache.hadoop.fs.ozone.BasicOzoneClientAdapterImpl.createFile(BasicOzoneClientAdapterImpl.java:181)
	at org.apache.hadoop.fs.ozone.BasicOzoneFileSystem.createOutputStream(BasicOzoneFileSystem.java:249)
	at org.apache.hadoop.fs.ozone.BasicOzoneFileSystem.create(BasicOzoneFileSystem.java:230)
	at org.apache.hadoop.fs.FileSystem.create(FileSystem.java:1118)
	at org.apache.hadoop.fs.FileSystem.create(FileSystem.java:1098)
	at org.apache.hadoop.fs.FileSystem.create(FileSystem.java:987)
	at org.apache.hadoop.fs.FileSystem.create(FileSystem.java:975)
	at org.apache.hadoop.fs.ozone.TestOzoneFSInputStream.init(TestOzoneFSInputStream.java:103)
	at sun.reflect.NativeMethodAccessorImpl.invoke0(Native Method)
	at sun.reflect.NativeMethodAccessorImpl.invoke(NativeMethodAccessorImpl.java:62)
	at sun.reflect.DelegatingMethodAccessorImpl.invoke(DelegatingMethodAccessorImpl.java:43)
	at java.lang.reflect.Method.invoke(Method.java:498)
	at org.junit.runners.model.FrameworkMethod$1.runReflectiveCall(FrameworkMethod.java:47)
	at org.junit.internal.runners.model.ReflectiveCallable.run(ReflectiveCallable.java:12)
	at org.junit.runners.model.FrameworkMethod.invokeExplosively(FrameworkMethod.java:44)
	at org.junit.internal.runners.statements.RunBefores.evaluate(RunBefores.java:24)
	at org.junit.internal.runners.statements.RunAfters.evaluate(RunAfters.java:27)
	at org.junit.runners.ParentRunner.run(ParentRunner.java:309)
	at org.apache.maven.surefire.junit4.JUnit4Provider.execute(JUnit4Provider.java:365)
	at org.apache.maven.surefire.junit4.JUnit4Provider.executeWithRerun(JUnit4Provider.java:273)
	at org.apache.maven.surefire.junit4.JUnit4Provider.executeTestSet(JUnit4Provider.java:238)
	at org.apache.maven.surefire.junit4.JUnit4Provider.invoke(JUnit4Provider.java:159)
	at org.apache.maven.surefire.booter.ForkedBooter.invokeProviderInSameClassLoader(ForkedBooter.java:384)
	at org.apache.maven.surefire.booter.ForkedBooter.runSuitesInProcess(ForkedBooter.java:345)
	at org.apache.maven.surefire.booter.ForkedBooter.execute(ForkedBooter.java:126)
	at org.apache.maven.surefire.booter.ForkedBooter.main(ForkedBooter.java:418)
</error>
    <system-out><![CDATA[2019-09-20 14:23:56,231 [main] WARN  server.ServerUtils (ServerUtils.java:getScmDbDir(145)) - ozone.scm.db.dirs is not configured. We recommend adding this setting. Falling back to ozone.metadata.dirs instead.
2019-09-20 14:23:56,407 [main] WARN  server.ServerUtils (ServerUtils.java:getScmDbDir(145)) - ozone.scm.db.dirs is not configured. We recommend adding this setting. Falling back to ozone.metadata.dirs instead.
2019-09-20 14:23:56,411 [main] WARN  server.ServerUtils (ServerUtils.java:getScmDbDir(145)) - ozone.scm.db.dirs is not configured. We recommend adding this setting. Falling back to ozone.metadata.dirs instead.
2019-09-20 14:23:56,432 [main] INFO  util.log (Log.java:initialized(192)) - Logging initialized @980ms
2019-09-20 14:23:56,538 [main] INFO  db.DBStoreBuilder (DBStoreBuilder.java:addTable(110)) - using custom profile for table: deletedBlocks
2019-09-20 14:23:56,539 [main] INFO  db.DBStoreBuilder (DBStoreBuilder.java:processTables(161)) - Using default column profile:DBProfile.DISK for Table:deletedBlocks
2019-09-20 14:23:56,539 [main] INFO  db.DBStoreBuilder (DBStoreBuilder.java:addTable(110)) - using custom profile for table: validCerts
2019-09-20 14:23:56,539 [main] INFO  db.DBStoreBuilder (DBStoreBuilder.java:processTables(161)) - Using default column profile:DBProfile.DISK for Table:validCerts
2019-09-20 14:23:56,540 [main] INFO  db.DBStoreBuilder (DBStoreBuilder.java:addTable(110)) - using custom profile for table: revokedCerts
2019-09-20 14:23:56,540 [main] INFO  db.DBStoreBuilder (DBStoreBuilder.java:processTables(161)) - Using default column profile:DBProfile.DISK for Table:revokedCerts
2019-09-20 14:23:56,553 [main] INFO  db.DBStoreBuilder (DBStoreBuilder.java:addTable(110)) - using custom profile for table: default
2019-09-20 14:23:56,553 [main] INFO  db.DBStoreBuilder (DBStoreBuilder.java:processTables(167)) - Using default column profile:DBProfile.DISK for Table:default
2019-09-20 14:23:56,554 [main] INFO  db.DBStoreBuilder (DBStoreBuilder.java:getDbProfile(198)) - Using default options. DBProfile.DISK
2019-09-20 14:23:56,872 [main] INFO  net.NodeSchemaLoader (NodeSchemaLoader.java:loadSchemaFromFile(125)) - Loading file from sun.misc.CompoundEnumeration@62150f9e
2019-09-20 14:23:56,874 [main] INFO  net.NodeSchemaLoader (NodeSchemaLoader.java:loadSchema(171)) - Loading network topology layer schema file
2019-09-20 14:23:56,958 [main] WARN  server.ServerUtils (ServerUtils.java:sanitizeUserArgs(70)) - ozone.scm.stale.node.interval value = 300000 is larger than max = 100000 based on the key value of ozone.scm.heartbeat.thread.interval, reset to the max value 100000.
2019-09-20 14:23:56,960 [main] WARN  server.ServerUtils (ServerUtils.java:sanitizeUserArgs(70)) - ozone.scm.stale.node.interval value = 300000 is larger than max = 100000 based on the key value of ozone.scm.heartbeat.thread.interval, reset to the max value 100000.
2019-09-20 14:23:56,962 [main] INFO  node.SCMNodeManager (SCMNodeManager.java:<init>(121)) - Entering startup safe mode.
2019-09-20 14:23:57,108 [main] INFO  algorithms.ContainerPlacementPolicyFactory (ContainerPlacementPolicyFactory.java:getPolicy(56)) - Create container placement policy of type org.apache.hadoop.hdds.scm.container.placement.algorithms.SCMContainerPlacementRandom
2019-09-20 14:23:57,131 [main] WARN  server.ServerUtils (ServerUtils.java:getScmDbDir(145)) - ozone.scm.db.dirs is not configured. We recommend adding this setting. Falling back to ozone.metadata.dirs instead.
2019-09-20 14:23:57,255 [main] INFO  pipeline.SCMPipelineManager (SCMPipelineManager.java:initializePipelineState(126)) - No pipeline exists in current db
2019-09-20 14:23:57,258 [main] WARN  server.ServerUtils (ServerUtils.java:getScmDbDir(145)) - ozone.scm.db.dirs is not configured. We recommend adding this setting. Falling back to ozone.metadata.dirs instead.
2019-09-20 14:23:57,408 [main] WARN  events.EventQueue (EventQueue.java:fireEvent(175)) - No event handler registered for event TypedEvent{payloadType=SafeModeStatus, name='SafeModeStatus'}
2019-09-20 14:23:58,333 [main] INFO  ipc.CallQueueManager (CallQueueManager.java:<init>(84)) - Using callQueue: class java.util.concurrent.LinkedBlockingQueue, queueCapacity: 2000, scheduler: class org.apache.hadoop.ipc.DefaultRpcScheduler, ipcBackoff: false.
2019-09-20 14:23:58,372 [Socket Reader #1 for port 45282] INFO  ipc.Server (Server.java:run(1074)) - Starting Socket Reader #1 for port 45282
2019-09-20 14:23:58,400 [main] INFO  ipc.CallQueueManager (CallQueueManager.java:<init>(84)) - Using callQueue: class java.util.concurrent.LinkedBlockingQueue, queueCapacity: 2000, scheduler: class org.apache.hadoop.ipc.DefaultRpcScheduler, ipcBackoff: false.
2019-09-20 14:23:58,401 [Socket Reader #1 for port 44990] INFO  ipc.Server (Server.java:run(1074)) - Starting Socket Reader #1 for port 44990
2019-09-20 14:23:58,410 [main] INFO  ipc.CallQueueManager (CallQueueManager.java:<init>(84)) - Using callQueue: class java.util.concurrent.LinkedBlockingQueue, queueCapacity: 2000, scheduler: class org.apache.hadoop.ipc.DefaultRpcScheduler, ipcBackoff: false.
2019-09-20 14:23:58,411 [Socket Reader #1 for port 38973] INFO  ipc.Server (Server.java:run(1074)) - Starting Socket Reader #1 for port 38973
2019-09-20 14:23:58,439 [main] INFO  hdfs.DFSUtil (DFSUtil.java:httpServerTemplateForNNAndJN(1641)) - Starting Web-server for scm at: http://0.0.0.0:0
2019-09-20 14:23:58,589 [main] INFO  server.AuthenticationFilter (AuthenticationFilter.java:constructSecretProvider(240)) - Unable to initialize FileSignerSecretProvider, falling back to use random secrets.
2019-09-20 14:23:58,608 [main] WARN  http.HttpRequestLog (HttpRequestLog.java:getRequestLog(97)) - Jetty request log can only be enabled using Log4j
2019-09-20 14:23:58,619 [main] INFO  http.HttpServer2 (HttpServer2.java:addGlobalFilter(975)) - Added global filter 'safety' (class=org.apache.hadoop.http.HttpServer2$QuotingInputFilter)
2019-09-20 14:23:58,621 [main] INFO  http.HttpServer2 (HttpServer2.java:addFilter(948)) - Added filter static_user_filter (class=org.apache.hadoop.http.lib.StaticUserWebFilter$StaticUserFilter) to context scm
2019-09-20 14:23:58,622 [main] INFO  http.HttpServer2 (HttpServer2.java:addFilter(958)) - Added filter static_user_filter (class=org.apache.hadoop.http.lib.StaticUserWebFilter$StaticUserFilter) to context logs
2019-09-20 14:23:58,622 [main] INFO  http.HttpServer2 (HttpServer2.java:addFilter(958)) - Added filter static_user_filter (class=org.apache.hadoop.http.lib.StaticUserWebFilter$StaticUserFilter) to context static
2019-09-20 14:23:58,648 [main] INFO  server.StorageContainerManager (StorageContainerManager.java:start(759)) - StorageContainerLocationProtocol RPC server is listening at /0.0.0.0:38973
2019-09-20 14:23:58,700 [main] WARN  impl.MetricsConfig (MetricsConfig.java:loadFirst(134)) - Cannot locate configuration: tried hadoop-metrics2-storagecontainermanager.properties,hadoop-metrics2.properties
2019-09-20 14:23:58,712 [main] INFO  impl.MetricsSystemImpl (MetricsSystemImpl.java:startTimer(374)) - Scheduled Metric snapshot period at 10 second(s).
2019-09-20 14:23:58,712 [main] INFO  impl.MetricsSystemImpl (MetricsSystemImpl.java:start(191)) - StorageContainerManager metrics system started
2019-09-20 14:23:58,925 [main] INFO  server.SCMClientProtocolServer (SCMClientProtocolServer.java:start(151)) - RPC server for Client  is listening at /0.0.0.0:38973
2019-09-20 14:23:58,925 [IPC Server Responder] INFO  ipc.Server (Server.java:run(1314)) - IPC Server Responder: starting
2019-09-20 14:23:58,925 [IPC Server listener on 38973] INFO  ipc.Server (Server.java:run(1153)) - IPC Server listener on 38973: starting
2019-09-20 14:23:58,928 [main] INFO  server.StorageContainerManager (StorageContainerManager.java:start(769)) - ScmBlockLocationProtocol RPC server is listening at /0.0.0.0:44990
2019-09-20 14:23:58,929 [main] INFO  server.SCMBlockProtocolServer (SCMBlockProtocolServer.java:start(140)) - RPC server for Block Protocol is listening at /0.0.0.0:44990
2019-09-20 14:23:58,929 [IPC Server Responder] INFO  ipc.Server (Server.java:run(1314)) - IPC Server Responder: starting
2019-09-20 14:23:58,929 [IPC Server listener on 44990] INFO  ipc.Server (Server.java:run(1153)) - IPC Server listener on 44990: starting
2019-09-20 14:23:58,931 [main] INFO  server.StorageContainerManager (StorageContainerManager.java:start(773)) - ScmDatanodeProtocl RPC server is listening at /0.0.0.0:45282
2019-09-20 14:23:58,932 [main] INFO  server.SCMDatanodeProtocolServer (SCMDatanodeProtocolServer.java:start(191)) - RPC server for DataNodes is listening at /0.0.0.0:45282
2019-09-20 14:23:58,932 [IPC Server Responder] INFO  ipc.Server (Server.java:run(1314)) - IPC Server Responder: starting
2019-09-20 14:23:58,932 [IPC Server listener on 45282] INFO  ipc.Server (Server.java:run(1153)) - IPC Server listener on 45282: starting
2019-09-20 14:23:58,936 [main] INFO  http.HttpServer2 (HttpServer2.java:bindListener(1191)) - Jetty bound to port 46637
2019-09-20 14:23:58,937 [main] INFO  server.Server (Server.java:doStart(351)) - jetty-9.3.24.v20180605, build timestamp: 2018-06-05T17:11:56Z, git hash: 84205aa28f11a4f31f2a3b86d1bba2cc8ab69827
2019-09-20 14:23:58,971 [main] INFO  handler.ContextHandler (ContextHandler.java:doStart(781)) - Started o.e.j.s.ServletContextHandler@6aecbb8d{/logs,file:///workdir/hadoop-ozone/ozonefs/target/log,AVAILABLE}
2019-09-20 14:23:58,972 [main] INFO  handler.ContextHandler (ContextHandler.java:doStart(781)) - Started o.e.j.s.ServletContextHandler@25b2cfcb{/static,jar:file:/home/user/.m2/repository/org/apache/hadoop/hadoop-hdds-server-scm/0.5.0-SNAPSHOT/hadoop-hdds-server-scm-0.5.0-SNAPSHOT.jar!/webapps/static,AVAILABLE}
2019-09-20 14:23:59,038 [main] INFO  handler.ContextHandler (ContextHandler.java:doStart(781)) - Started o.e.j.w.WebAppContext@433ffad1{/,file:///tmp/jetty-0.0.0.0-46637-scm-_-any-4333259678741435680.dir/webapp/,AVAILABLE}{/scm}
2019-09-20 14:23:59,043 [main] INFO  server.AbstractConnector (AbstractConnector.java:doStart(278)) - Started ServerConnector@46cf05f7{HTTP/1.1,[http/1.1]}{0.0.0.0:46637}
2019-09-20 14:23:59,043 [main] INFO  server.Server (Server.java:doStart(419)) - Started @3591ms
2019-09-20 14:23:59,044 [main] INFO  server.BaseHttpServer (BaseHttpServer.java:updateConnectorAddress(213)) - HTTP server of SCM is listening at http://0.0.0.0:46637
2019-09-20 14:23:59,051 [org.apache.hadoop.util.JvmPauseMonitor$Monitor@c074c0c] INFO  util.JvmPauseMonitor (JvmPauseMonitor.java:run(188)) - Starting JVM pause monitor
2019-09-20 14:23:59,056 [main] WARN  server.ServerUtils (ServerUtils.java:getDBPath(222)) - ozone.om.db.dirs is not configured. We recommend adding this setting. Falling back to ozone.metadata.dirs instead.
2019-09-20 14:23:59,211 [main] WARN  server.ServerUtils (ServerUtils.java:getDBPath(222)) - ozone.om.db.dirs is not configured. We recommend adding this setting. Falling back to ozone.metadata.dirs instead.
2019-09-20 14:23:59,212 [main] WARN  server.ServerUtils (ServerUtils.java:getDBPath(222)) - ozone.om.db.dirs is not configured. We recommend adding this setting. Falling back to ozone.metadata.dirs instead.
2019-09-20 14:23:59,213 [main] INFO  om.OzoneManager (OzoneManager.java:setOMNodeDetails(645)) - OM Service ID is not set. Setting it to the default ID: omServiceIdDefault
2019-09-20 14:23:59,213 [main] INFO  om.OzoneManager (OzoneManager.java:setOMNodeDetails(651)) - OM Node ID is not set. Setting it to the OmStorage's OmID: e05ab093-b349-4568-99d1-c7c98ec6e63e
2019-09-20 14:23:59,215 [main] INFO  om.OzoneManager (OzoneManager.java:loadOMHAConfigs(602)) - Found matching OM address with OMServiceId: null, OMNodeId: null, RPC Address: localhost:0 and Ratis port: 9872
2019-09-20 14:23:59,496 | INFO  | SCMAudit | user=jenkins1000 | ip=192.168.36.99 | op=GET_SCM_INFO null | ret=SUCCESS |  
2019-09-20 14:23:59,984 [main] WARN  server.ServerUtils (ServerUtils.java:getDBPath(222)) - ozone.om.db.dirs is not configured. We recommend adding this setting. Falling back to ozone.metadata.dirs instead.
2019-09-20 14:23:59,995 [main] INFO  db.DBStoreBuilder (DBStoreBuilder.java:addTable(110)) - using custom profile for table: userTable
2019-09-20 14:23:59,995 [main] INFO  db.DBStoreBuilder (DBStoreBuilder.java:processTables(161)) - Using default column profile:DBProfile.DISK for Table:userTable
2019-09-20 14:23:59,995 [main] INFO  db.DBStoreBuilder (DBStoreBuilder.java:addTable(110)) - using custom profile for table: volumeTable
2019-09-20 14:23:59,996 [main] INFO  db.DBStoreBuilder (DBStoreBuilder.java:processTables(161)) - Using default column profile:DBProfile.DISK for Table:volumeTable
2019-09-20 14:23:59,996 [main] INFO  db.DBStoreBuilder (DBStoreBuilder.java:addTable(110)) - using custom profile for table: bucketTable
2019-09-20 14:23:59,996 [main] INFO  db.DBStoreBuilder (DBStoreBuilder.java:processTables(161)) - Using default column profile:DBProfile.DISK for Table:bucketTable
2019-09-20 14:23:59,996 [main] INFO  db.DBStoreBuilder (DBStoreBuilder.java:addTable(110)) - using custom profile for table: keyTable
2019-09-20 14:23:59,997 [main] INFO  db.DBStoreBuilder (DBStoreBuilder.java:processTables(161)) - Using default column profile:DBProfile.DISK for Table:keyTable
2019-09-20 14:23:59,997 [main] INFO  db.DBStoreBuilder (DBStoreBuilder.java:addTable(110)) - using custom profile for table: deletedTable
2019-09-20 14:23:59,997 [main] INFO  db.DBStoreBuilder (DBStoreBuilder.java:processTables(161)) - Using default column profile:DBProfile.DISK for Table:deletedTable
2019-09-20 14:23:59,997 [main] INFO  db.DBStoreBuilder (DBStoreBuilder.java:addTable(110)) - using custom profile for table: openKeyTable
2019-09-20 14:23:59,998 [main] INFO  db.DBStoreBuilder (DBStoreBuilder.java:processTables(161)) - Using default column profile:DBProfile.DISK for Table:openKeyTable
2019-09-20 14:23:59,998 [main] INFO  db.DBStoreBuilder (DBStoreBuilder.java:addTable(110)) - using custom profile for table: s3Table
2019-09-20 14:23:59,998 [main] INFO  db.DBStoreBuilder (DBStoreBuilder.java:processTables(161)) - Using default column profile:DBProfile.DISK for Table:s3Table
2019-09-20 14:23:59,998 [main] INFO  db.DBStoreBuilder (DBStoreBuilder.java:addTable(110)) - using custom profile for table: multipartInfoTable
2019-09-20 14:23:59,999 [main] INFO  db.DBStoreBuilder (DBStoreBuilder.java:processTables(161)) - Using default column profile:DBProfile.DISK for Table:multipartInfoTable
2019-09-20 14:23:59,999 [main] INFO  db.DBStoreBuilder (DBStoreBuilder.java:addTable(110)) - using custom profile for table: dTokenTable
2019-09-20 14:23:59,999 [main] INFO  db.DBStoreBuilder (DBStoreBuilder.java:processTables(161)) - Using default column profile:DBProfile.DISK for Table:dTokenTable
2019-09-20 14:23:59,999 [main] INFO  db.DBStoreBuilder (DBStoreBuilder.java:addTable(110)) - using custom profile for table: s3SecretTable
2019-09-20 14:24:00,000 [main] INFO  db.DBStoreBuilder (DBStoreBuilder.java:processTables(161)) - Using default column profile:DBProfile.DISK for Table:s3SecretTable
2019-09-20 14:24:00,000 [main] INFO  db.DBStoreBuilder (DBStoreBuilder.java:addTable(110)) - using custom profile for table: prefixTable
2019-09-20 14:24:00,000 [main] INFO  db.DBStoreBuilder (DBStoreBuilder.java:processTables(161)) - Using default column profile:DBProfile.DISK for Table:prefixTable
2019-09-20 14:24:00,000 [main] INFO  db.DBStoreBuilder (DBStoreBuilder.java:addTable(110)) - using custom profile for table: default
2019-09-20 14:24:00,001 [main] INFO  db.DBStoreBuilder (DBStoreBuilder.java:processTables(167)) - Using default column profile:DBProfile.DISK for Table:default
2019-09-20 14:24:00,001 [main] INFO  db.DBStoreBuilder (DBStoreBuilder.java:getDbProfile(198)) - Using default options. DBProfile.DISK
2019-09-20 14:24:01,101 [main] INFO  ipc.CallQueueManager (CallQueueManager.java:<init>(84)) - Using callQueue: class java.util.concurrent.LinkedBlockingQueue, queueCapacity: 2000, scheduler: class org.apache.hadoop.ipc.DefaultRpcScheduler, ipcBackoff: false.
2019-09-20 14:24:01,103 [Socket Reader #1 for port 42887] INFO  ipc.Server (Server.java:run(1074)) - Starting Socket Reader #1 for port 42887
2019-09-20 14:24:01,140 [main] INFO  om.OzoneManager (OzoneManager.java:start(1256)) - OzoneManager RPC server is listening at localhost/127.0.0.1:42887
2019-09-20 14:24:01,140 [main] INFO  impl.MetricsSystemImpl (MetricsSystemImpl.java:init(158)) - OzoneManager metrics system started (again)
2019-09-20 14:24:01,142 [IPC Server Responder] INFO  ipc.Server (Server.java:run(1314)) - IPC Server Responder: starting
2019-09-20 14:24:01,142 [IPC Server listener on 42887] INFO  ipc.Server (Server.java:run(1153)) - IPC Server listener on 42887: starting
2019-09-20 14:24:01,148 [main] INFO  hdfs.DFSUtil (DFSUtil.java:httpServerTemplateForNNAndJN(1641)) - Starting Web-server for ozoneManager at: http://0.0.0.0:0
2019-09-20 14:24:01,151 [main] INFO  server.AuthenticationFilter (AuthenticationFilter.java:constructSecretProvider(240)) - Unable to initialize FileSignerSecretProvider, falling back to use random secrets.
2019-09-20 14:24:01,152 [main] WARN  http.HttpRequestLog (HttpRequestLog.java:getRequestLog(97)) - Jetty request log can only be enabled using Log4j
2019-09-20 14:24:01,156 [main] INFO  http.HttpServer2 (HttpServer2.java:addGlobalFilter(975)) - Added global filter 'safety' (class=org.apache.hadoop.http.HttpServer2$QuotingInputFilter)
2019-09-20 14:24:01,158 [main] INFO  http.HttpServer2 (HttpServer2.java:addFilter(948)) - Added filter static_user_filter (class=org.apache.hadoop.http.lib.StaticUserWebFilter$StaticUserFilter) to context ozoneManager
2019-09-20 14:24:01,158 [main] INFO  http.HttpServer2 (HttpServer2.java:addFilter(958)) - Added filter static_user_filter (class=org.apache.hadoop.http.lib.StaticUserWebFilter$StaticUserFilter) to context logs
2019-09-20 14:24:01,159 [main] INFO  http.HttpServer2 (HttpServer2.java:addFilter(958)) - Added filter static_user_filter (class=org.apache.hadoop.http.lib.StaticUserWebFilter$StaticUserFilter) to context static
2019-09-20 14:24:01,162 [main] INFO  http.HttpServer2 (HttpServer2.java:bindListener(1191)) - Jetty bound to port 38000
2019-09-20 14:24:01,162 [main] INFO  server.Server (Server.java:doStart(351)) - jetty-9.3.24.v20180605, build timestamp: 2018-06-05T17:11:56Z, git hash: 84205aa28f11a4f31f2a3b86d1bba2cc8ab69827
2019-09-20 14:24:01,165 [main] INFO  handler.ContextHandler (ContextHandler.java:doStart(781)) - Started o.e.j.s.ServletContextHandler@109d724c{/logs,file:///workdir/hadoop-ozone/ozonefs/target/log,AVAILABLE}
2019-09-20 14:24:01,166 [main] INFO  handler.ContextHandler (ContextHandler.java:doStart(781)) - Started o.e.j.s.ServletContextHandler@e4d2696{/static,jar:file:/home/user/.m2/repository/org/apache/hadoop/hadoop-ozone-ozone-manager/0.5.0-SNAPSHOT/hadoop-ozone-ozone-manager-0.5.0-SNAPSHOT.jar!/webapps/static,AVAILABLE}
2019-09-20 14:24:01,227 [main] INFO  handler.ContextHandler (ContextHandler.java:doStart(781)) - Started o.e.j.w.WebAppContext@2098d37d{/,file:///tmp/jetty-0.0.0.0-38000-ozoneManager-_-any-1630574974748458957.dir/webapp/,AVAILABLE}{/ozoneManager}
2019-09-20 14:24:01,227 [main] INFO  server.AbstractConnector (AbstractConnector.java:doStart(278)) - Started ServerConnector@77b9d0c7{HTTP/1.1,[http/1.1]}{0.0.0.0:38000}
2019-09-20 14:24:01,228 [main] INFO  server.Server (Server.java:doStart(419)) - Started @5776ms
2019-09-20 14:24:01,230 [main] INFO  server.BaseHttpServer (BaseHttpServer.java:updateConnectorAddress(213)) - HTTP server of OZONEMANAGER is listening at http://0.0.0.0:38000
2019-09-20 14:24:01,399 [main] INFO  impl.MetricsSystemImpl (MetricsSystemImpl.java:init(158)) - HddsDatanode metrics system started (again)
2019-09-20 14:24:01,488 [main] INFO  ozone.HddsDatanodeService (HddsDatanodeService.java:start(184)) - HddsDatanodeService host:pr-hdds-1569-p5fx8-1226042367 ip:192.168.36.99
2019-09-20 14:24:01,527 [main] INFO  volume.HddsVolume (HddsVolume.java:<init>(176)) - Creating Volume: /workdir/hadoop-ozone/ozonefs/target/test-dir/MiniOzoneClusterImpl-72e1902e-de17-4929-8ada-cc6049662493/datanode-0/data/containers/hdds of  storage type : DISK and capacity : 1482555576320
2019-09-20 14:24:01,529 [main] INFO  volume.VolumeSet (VolumeSet.java:initializeVolumeSet(170)) - Added Volume : /workdir/hadoop-ozone/ozonefs/target/test-dir/MiniOzoneClusterImpl-72e1902e-de17-4929-8ada-cc6049662493/datanode-0/data/containers/hdds to VolumeSet
2019-09-20 14:24:01,532 [main] INFO  volume.ThrottledAsyncChecker (ThrottledAsyncChecker.java:schedule(140)) - Scheduling a check for org.apache.hadoop.ozone.container.common.volume.HddsVolume@243f003c
2019-09-20 14:24:01,559 [main] INFO  volume.HddsVolumeChecker (HddsVolumeChecker.java:checkAllVolumes(203)) - Scheduled health check for volume org.apache.hadoop.ozone.container.common.volume.HddsVolume@243f003c
2019-09-20 14:24:01,703 [main] INFO  impl.RaftServerProxy (ConfUtils.java:logGet(43)) - raft.rpc.type = GRPC (default)
2019-09-20 14:24:01,784 [main] INFO  grpc.GrpcFactory (GrpcFactory.java:checkPooledByteBufAllocatorUseCacheForAllThreads(45)) - PERFORMANCE WARNING: useCacheForAllThreads is true that may cause Netty to create a lot garbage objects and, as a result, trigger GC.
	It is recommended to disable useCacheForAllThreads by setting -Dorg.apache.ratis.thirdparty.io.netty.allocator.useCacheForAllThreads=false in command line.
2019-09-20 14:24:01,789 [main] INFO  grpc.GrpcConfigKeys$Server (ConfUtils.java:logGet(43)) - raft.grpc.server.port = 0 (default)
2019-09-20 14:24:01,790 [main] INFO  server.GrpcService (ConfUtils.java:logGet(43)) - raft.grpc.message.size.max = 33570816 (custom)
2019-09-20 14:24:01,791 [main] INFO  server.RaftServerConfigKeys (ConfUtils.java:logGet(43)) - raft.server.log.appender.buffer.byte-limit = 33554432 (custom)
2019-09-20 14:24:01,792 [main] INFO  server.GrpcService (ConfUtils.java:logGet(43)) - raft.grpc.flow.control.window = 1MB (=1048576) (default)
2019-09-20 14:24:01,793 [main] INFO  server.RaftServerConfigKeys (ConfUtils.java:logGet(43)) - raft.server.rpc.request.timeout = 3000ms (default)
2019-09-20 14:24:02,033 [main] INFO  server.RaftServerConfigKeys (ConfUtils.java:logGet(43)) - raft.server.storage.dir = [/workdir/hadoop-ozone/ozonefs/target/test-dir/MiniOzoneClusterImpl-72e1902e-de17-4929-8ada-cc6049662493/datanode-0/data/ratis] (custom)
2019-09-20 14:24:02,077 [main] INFO  replication.SimpleContainerDownloader (SimpleContainerDownloader.java:<init>(72)) - Starting container downloader service to copy containers to replicate.
2019-09-20 14:24:02,094 [main] INFO  hdfs.DFSUtil (DFSUtil.java:httpServerTemplateForNNAndJN(1641)) - Starting Web-server for hddsDatanode at: http://0.0.0.0:0
2019-09-20 14:24:02,097 [main] INFO  server.AuthenticationFilter (AuthenticationFilter.java:constructSecretProvider(240)) - Unable to initialize FileSignerSecretProvider, falling back to use random secrets.
2019-09-20 14:24:02,098 [main] WARN  http.HttpRequestLog (HttpRequestLog.java:getRequestLog(97)) - Jetty request log can only be enabled using Log4j
2019-09-20 14:24:02,101 [main] INFO  http.HttpServer2 (HttpServer2.java:addGlobalFilter(975)) - Added global filter 'safety' (class=org.apache.hadoop.http.HttpServer2$QuotingInputFilter)
2019-09-20 14:24:02,103 [main] INFO  http.HttpServer2 (HttpServer2.java:addFilter(948)) - Added filter static_user_filter (class=org.apache.hadoop.http.lib.StaticUserWebFilter$StaticUserFilter) to context hddsDatanode
2019-09-20 14:24:02,103 [main] INFO  http.HttpServer2 (HttpServer2.java:addFilter(958)) - Added filter static_user_filter (class=org.apache.hadoop.http.lib.StaticUserWebFilter$StaticUserFilter) to context static
2019-09-20 14:24:02,104 [main] INFO  http.HttpServer2 (HttpServer2.java:addFilter(958)) - Added filter static_user_filter (class=org.apache.hadoop.http.lib.StaticUserWebFilter$StaticUserFilter) to context logs
2019-09-20 14:24:02,105 [main] INFO  http.HttpServer2 (HttpServer2.java:bindListener(1191)) - Jetty bound to port 44627
2019-09-20 14:24:02,106 [main] INFO  server.Server (Server.java:doStart(351)) - jetty-9.3.24.v20180605, build timestamp: 2018-06-05T17:11:56Z, git hash: 84205aa28f11a4f31f2a3b86d1bba2cc8ab69827
2019-09-20 14:24:02,111 [main] INFO  handler.ContextHandler (ContextHandler.java:doStart(781)) - Started o.e.j.s.ServletContextHandler@5c5d6175{/logs,file:///workdir/hadoop-ozone/ozonefs/target/log,AVAILABLE}
2019-09-20 14:24:02,112 [main] INFO  handler.ContextHandler (ContextHandler.java:doStart(781)) - Started o.e.j.s.ServletContextHandler@3b27b497{/static,jar:file:/home/user/.m2/repository/org/apache/hadoop/hadoop-hdds-container-service/0.5.0-SNAPSHOT/hadoop-hdds-container-service-0.5.0-SNAPSHOT.jar!/webapps/static,AVAILABLE}
2019-09-20 14:24:02,154 [main] INFO  handler.ContextHandler (ContextHandler.java:doStart(781)) - Started o.e.j.w.WebAppContext@19a64eae{/,file:///tmp/jetty-0.0.0.0-44627-hddsDatanode-_-any-1158642964962670438.dir/webapp/,AVAILABLE}{/hddsDatanode}
2019-09-20 14:24:02,155 [main] INFO  server.AbstractConnector (AbstractConnector.java:doStart(278)) - Started ServerConnector@29a98d9f{HTTP/1.1,[http/1.1]}{0.0.0.0:44627}
2019-09-20 14:24:02,156 [main] INFO  server.Server (Server.java:doStart(419)) - Started @6704ms
2019-09-20 14:24:02,157 [main] INFO  server.BaseHttpServer (BaseHttpServer.java:updateConnectorAddress(213)) - HTTP server of HDDSDATANODE is listening at http://0.0.0.0:44627
2019-09-20 14:24:03,216 | INFO  | ObjectStoreRestHttpServer | Listening HDDS REST traffic on /0.0.0.0:36253 |  
2019-09-20 14:24:03,218 [main] INFO  ozone.HddsDatanodeService (HddsDatanodeService.java:startPlugins(395)) - Started plug-in org.apache.hadoop.ozone.web.OzoneHddsDatanodeService@b14b60a
2019-09-20 14:24:03,220 [main] INFO  impl.MetricsSystemImpl (MetricsSystemImpl.java:init(158)) - HddsDatanode metrics system started (again)
2019-09-20 14:24:03,224 [main] INFO  ozone.HddsDatanodeService (HddsDatanodeService.java:start(184)) - HddsDatanodeService host:pr-hdds-1569-p5fx8-1226042367 ip:192.168.36.99
2019-09-20 14:24:03,229 [org.apache.hadoop.util.JvmPauseMonitor$Monitor@2fd7e30c] INFO  util.JvmPauseMonitor (JvmPauseMonitor.java:run(188)) - Starting JVM pause monitor
2019-09-20 14:24:03,234 [main] INFO  volume.HddsVolume (HddsVolume.java:<init>(176)) - Creating Volume: /workdir/hadoop-ozone/ozonefs/target/test-dir/MiniOzoneClusterImpl-72e1902e-de17-4929-8ada-cc6049662493/datanode-1/data/containers/hdds of  storage type : DISK and capacity : 1482555576320
2019-09-20 14:24:03,236 [main] INFO  volume.VolumeSet (VolumeSet.java:initializeVolumeSet(170)) - Added Volume : /workdir/hadoop-ozone/ozonefs/target/test-dir/MiniOzoneClusterImpl-72e1902e-de17-4929-8ada-cc6049662493/datanode-1/data/containers/hdds to VolumeSet
2019-09-20 14:24:03,236 [main] INFO  volume.ThrottledAsyncChecker (ThrottledAsyncChecker.java:schedule(140)) - Scheduling a check for org.apache.hadoop.ozone.container.common.volume.HddsVolume@3b78c683
2019-09-20 14:24:03,237 [main] INFO  volume.HddsVolumeChecker (HddsVolumeChecker.java:checkAllVolumes(203)) - Scheduled health check for volume org.apache.hadoop.ozone.container.common.volume.HddsVolume@3b78c683
2019-09-20 14:24:03,264 [main] INFO  impl.RaftServerProxy (ConfUtils.java:logGet(43)) - raft.rpc.type = GRPC (default)
2019-09-20 14:24:03,264 [main] INFO  grpc.GrpcFactory (GrpcFactory.java:checkPooledByteBufAllocatorUseCacheForAllThreads(45)) - PERFORMANCE WARNING: useCacheForAllThreads is true that may cause Netty to create a lot garbage objects and, as a result, trigger GC.
	It is recommended to disable useCacheForAllThreads by setting -Dorg.apache.ratis.thirdparty.io.netty.allocator.useCacheForAllThreads=false in command line.
2019-09-20 14:24:03,264 [main] INFO  grpc.GrpcConfigKeys$Server (ConfUtils.java:logGet(43)) - raft.grpc.server.port = 0 (default)
2019-09-20 14:24:03,265 [main] INFO  server.GrpcService (ConfUtils.java:logGet(43)) - raft.grpc.message.size.max = 33570816 (custom)
2019-09-20 14:24:03,265 [main] INFO  server.RaftServerConfigKeys (ConfUtils.java:logGet(43)) - raft.server.log.appender.buffer.byte-limit = 33554432 (custom)
2019-09-20 14:24:03,265 [main] INFO  server.GrpcService (ConfUtils.java:logGet(43)) - raft.grpc.flow.control.window = 1MB (=1048576) (default)
2019-09-20 14:24:03,265 [main] INFO  server.RaftServerConfigKeys (ConfUtils.java:logGet(43)) - raft.server.rpc.request.timeout = 3000ms (default)
2019-09-20 14:24:03,267 [main] INFO  server.RaftServerConfigKeys (ConfUtils.java:logGet(43)) - raft.server.storage.dir = [/workdir/hadoop-ozone/ozonefs/target/test-dir/MiniOzoneClusterImpl-72e1902e-de17-4929-8ada-cc6049662493/datanode-1/data/ratis] (custom)
2019-09-20 14:24:03,267 [main] INFO  replication.SimpleContainerDownloader (SimpleContainerDownloader.java:<init>(72)) - Starting container downloader service to copy containers to replicate.
2019-09-20 14:24:03,269 [main] INFO  hdfs.DFSUtil (DFSUtil.java:httpServerTemplateForNNAndJN(1641)) - Starting Web-server for hddsDatanode at: http://0.0.0.0:0
2019-09-20 14:24:03,272 [main] INFO  server.AuthenticationFilter (AuthenticationFilter.java:constructSecretProvider(240)) - Unable to initialize FileSignerSecretProvider, falling back to use random secrets.
2019-09-20 14:24:03,274 [main] WARN  http.HttpRequestLog (HttpRequestLog.java:getRequestLog(97)) - Jetty request log can only be enabled using Log4j
2019-09-20 14:24:03,278 [main] INFO  http.HttpServer2 (HttpServer2.java:addGlobalFilter(975)) - Added global filter 'safety' (class=org.apache.hadoop.http.HttpServer2$QuotingInputFilter)
2019-09-20 14:24:03,279 [main] INFO  http.HttpServer2 (HttpServer2.java:addFilter(948)) - Added filter static_user_filter (class=org.apache.hadoop.http.lib.StaticUserWebFilter$StaticUserFilter) to context hddsDatanode
2019-09-20 14:24:03,279 [main] INFO  http.HttpServer2 (HttpServer2.java:addFilter(958)) - Added filter static_user_filter (class=org.apache.hadoop.http.lib.StaticUserWebFilter$StaticUserFilter) to context logs
2019-09-20 14:24:03,279 [main] INFO  http.HttpServer2 (HttpServer2.java:addFilter(958)) - Added filter static_user_filter (class=org.apache.hadoop.http.lib.StaticUserWebFilter$StaticUserFilter) to context static
2019-09-20 14:24:03,280 [main] INFO  http.HttpServer2 (HttpServer2.java:bindListener(1191)) - Jetty bound to port 45477
2019-09-20 14:24:03,280 [main] INFO  server.Server (Server.java:doStart(351)) - jetty-9.3.24.v20180605, build timestamp: 2018-06-05T17:11:56Z, git hash: 84205aa28f11a4f31f2a3b86d1bba2cc8ab69827
2019-09-20 14:24:03,283 [main] INFO  handler.ContextHandler (ContextHandler.java:doStart(781)) - Started o.e.j.s.ServletContextHandler@62d40e31{/logs,file:///workdir/hadoop-ozone/ozonefs/target/log,AVAILABLE}
2019-09-20 14:24:03,284 [main] INFO  handler.ContextHandler (ContextHandler.java:doStart(781)) - Started o.e.j.s.ServletContextHandler@7ce29a2d{/static,jar:file:/home/user/.m2/repository/org/apache/hadoop/hadoop-hdds-container-service/0.5.0-SNAPSHOT/hadoop-hdds-container-service-0.5.0-SNAPSHOT.jar!/webapps/static,AVAILABLE}
2019-09-20 14:24:03,313 [main] INFO  handler.ContextHandler (ContextHandler.java:doStart(781)) - Started o.e.j.w.WebAppContext@475f5672{/,file:///tmp/jetty-0.0.0.0-45477-hddsDatanode-_-any-3096428222332928599.dir/webapp/,AVAILABLE}{/hddsDatanode}
2019-09-20 14:24:03,314 [main] INFO  server.AbstractConnector (AbstractConnector.java:doStart(278)) - Started ServerConnector@616a06e3{HTTP/1.1,[http/1.1]}{0.0.0.0:45477}
2019-09-20 14:24:03,314 [main] INFO  server.Server (Server.java:doStart(419)) - Started @7863ms
2019-09-20 14:24:03,316 [main] INFO  server.BaseHttpServer (BaseHttpServer.java:updateConnectorAddress(213)) - HTTP server of HDDSDATANODE is listening at http://0.0.0.0:45477
2019-09-20 14:24:03,368 [Datanode State Machine Thread - 0] INFO  datanode.InitDatanodeState (InitDatanodeState.java:persistContainerDatanodeDetails(140)) - DatanodeDetails is persisted to /workdir/hadoop-ozone/ozonefs/target/test-dir/MiniOzoneClusterImpl-72e1902e-de17-4929-8ada-cc6049662493/datanode-0/meta/datanode.id
2019-09-20 14:24:03,479 | INFO  | ObjectStoreRestHttpServer | Listening HDDS REST traffic on /0.0.0.0:40921 |  
2019-09-20 14:24:03,480 [main] INFO  ozone.HddsDatanodeService (HddsDatanodeService.java:startPlugins(395)) - Started plug-in org.apache.hadoop.ozone.web.OzoneHddsDatanodeService@7971c2a9
2019-09-20 14:24:03,480 [main] INFO  impl.MetricsSystemImpl (MetricsSystemImpl.java:init(158)) - HddsDatanode metrics system started (again)
2019-09-20 14:24:03,483 [main] INFO  ozone.HddsDatanodeService (HddsDatanodeService.java:start(184)) - HddsDatanodeService host:pr-hdds-1569-p5fx8-1226042367 ip:192.168.36.99
2019-09-20 14:24:03,483 [org.apache.hadoop.util.JvmPauseMonitor$Monitor@462bf72] INFO  util.JvmPauseMonitor (JvmPauseMonitor.java:run(188)) - Starting JVM pause monitor
2019-09-20 14:24:03,491 [Datanode State Machine Thread - 0] INFO  datanode.InitDatanodeState (InitDatanodeState.java:persistContainerDatanodeDetails(140)) - DatanodeDetails is persisted to /workdir/hadoop-ozone/ozonefs/target/test-dir/MiniOzoneClusterImpl-72e1902e-de17-4929-8ada-cc6049662493/datanode-1/meta/datanode.id
2019-09-20 14:24:03,496 [main] INFO  volume.HddsVolume (HddsVolume.java:<init>(176)) - Creating Volume: /workdir/hadoop-ozone/ozonefs/target/test-dir/MiniOzoneClusterImpl-72e1902e-de17-4929-8ada-cc6049662493/datanode-2/data/containers/hdds of  storage type : DISK and capacity : 1482555576320
2019-09-20 14:24:03,496 [main] INFO  volume.VolumeSet (VolumeSet.java:initializeVolumeSet(170)) - Added Volume : /workdir/hadoop-ozone/ozonefs/target/test-dir/MiniOzoneClusterImpl-72e1902e-de17-4929-8ada-cc6049662493/datanode-2/data/containers/hdds to VolumeSet
2019-09-20 14:24:03,497 [main] INFO  volume.ThrottledAsyncChecker (ThrottledAsyncChecker.java:schedule(140)) - Scheduling a check for org.apache.hadoop.ozone.container.common.volume.HddsVolume@b5aa65b
2019-09-20 14:24:03,498 [main] INFO  volume.HddsVolumeChecker (HddsVolumeChecker.java:checkAllVolumes(203)) - Scheduled health check for volume org.apache.hadoop.ozone.container.common.volume.HddsVolume@b5aa65b
2019-09-20 14:24:03,531 [main] INFO  impl.RaftServerProxy (ConfUtils.java:logGet(43)) - raft.rpc.type = GRPC (default)
2019-09-20 14:24:03,531 [main] INFO  grpc.GrpcFactory (GrpcFactory.java:checkPooledByteBufAllocatorUseCacheForAllThreads(45)) - PERFORMANCE WARNING: useCacheForAllThreads is true that may cause Netty to create a lot garbage objects and, as a result, trigger GC.
	It is recommended to disable useCacheForAllThreads by setting -Dorg.apache.ratis.thirdparty.io.netty.allocator.useCacheForAllThreads=false in command line.
2019-09-20 14:24:03,531 [main] INFO  grpc.GrpcConfigKeys$Server (ConfUtils.java:logGet(43)) - raft.grpc.server.port = 0 (default)
2019-09-20 14:24:03,532 [main] INFO  server.GrpcService (ConfUtils.java:logGet(43)) - raft.grpc.message.size.max = 33570816 (custom)
2019-09-20 14:24:03,532 [main] INFO  server.RaftServerConfigKeys (ConfUtils.java:logGet(43)) - raft.server.log.appender.buffer.byte-limit = 33554432 (custom)
2019-09-20 14:24:03,532 [main] INFO  server.GrpcService (ConfUtils.java:logGet(43)) - raft.grpc.flow.control.window = 1MB (=1048576) (default)
2019-09-20 14:24:03,532 [main] INFO  server.RaftServerConfigKeys (ConfUtils.java:logGet(43)) - raft.server.rpc.request.timeout = 3000ms (default)
2019-09-20 14:24:03,533 [main] INFO  server.RaftServerConfigKeys (ConfUtils.java:logGet(43)) - raft.server.storage.dir = [/workdir/hadoop-ozone/ozonefs/target/test-dir/MiniOzoneClusterImpl-72e1902e-de17-4929-8ada-cc6049662493/datanode-2/data/ratis] (custom)
2019-09-20 14:24:03,534 [main] INFO  replication.SimpleContainerDownloader (SimpleContainerDownloader.java:<init>(72)) - Starting container downloader service to copy containers to replicate.
2019-09-20 14:24:03,536 [main] INFO  hdfs.DFSUtil (DFSUtil.java:httpServerTemplateForNNAndJN(1641)) - Starting Web-server for hddsDatanode at: http://0.0.0.0:0
2019-09-20 14:24:03,538 [main] INFO  server.AuthenticationFilter (AuthenticationFilter.java:constructSecretProvider(240)) - Unable to initialize FileSignerSecretProvider, falling back to use random secrets.
2019-09-20 14:24:03,538 [main] WARN  http.HttpRequestLog (HttpRequestLog.java:getRequestLog(97)) - Jetty request log can only be enabled using Log4j
2019-09-20 14:24:03,541 [main] INFO  http.HttpServer2 (HttpServer2.java:addGlobalFilter(975)) - Added global filter 'safety' (class=org.apache.hadoop.http.HttpServer2$QuotingInputFilter)
2019-09-20 14:24:03,542 [main] INFO  http.HttpServer2 (HttpServer2.java:addFilter(948)) - Added filter static_user_filter (class=org.apache.hadoop.http.lib.StaticUserWebFilter$StaticUserFilter) to context hddsDatanode
2019-09-20 14:24:03,542 [main] INFO  http.HttpServer2 (HttpServer2.java:addFilter(958)) - Added filter static_user_filter (class=org.apache.hadoop.http.lib.StaticUserWebFilter$StaticUserFilter) to context static
2019-09-20 14:24:03,542 [main] INFO  http.HttpServer2 (HttpServer2.java:addFilter(958)) - Added filter static_user_filter (class=org.apache.hadoop.http.lib.StaticUserWebFilter$StaticUserFilter) to context logs
2019-09-20 14:24:03,543 [main] INFO  http.HttpServer2 (HttpServer2.java:bindListener(1191)) - Jetty bound to port 37277
2019-09-20 14:24:03,543 [main] INFO  server.Server (Server.java:doStart(351)) - jetty-9.3.24.v20180605, build timestamp: 2018-06-05T17:11:56Z, git hash: 84205aa28f11a4f31f2a3b86d1bba2cc8ab69827
2019-09-20 14:24:03,546 [main] INFO  handler.ContextHandler (ContextHandler.java:doStart(781)) - Started o.e.j.s.ServletContextHandler@4aed311e{/logs,file:///workdir/hadoop-ozone/ozonefs/target/log,AVAILABLE}
2019-09-20 14:24:03,546 [main] INFO  handler.ContextHandler (ContextHandler.java:doStart(781)) - Started o.e.j.s.ServletContextHandler@7ddcb0dc{/static,jar:file:/home/user/.m2/repository/org/apache/hadoop/hadoop-hdds-container-service/0.5.0-SNAPSHOT/hadoop-hdds-container-service-0.5.0-SNAPSHOT.jar!/webapps/static,AVAILABLE}
2019-09-20 14:24:03,580 [main] INFO  handler.ContextHandler (ContextHandler.java:doStart(781)) - Started o.e.j.w.WebAppContext@15e8f9b2{/,file:///tmp/jetty-0.0.0.0-37277-hddsDatanode-_-any-8106088267355470010.dir/webapp/,AVAILABLE}{/hddsDatanode}
2019-09-20 14:24:03,580 [main] INFO  server.AbstractConnector (AbstractConnector.java:doStart(278)) - Started ServerConnector@7a65c995{HTTP/1.1,[http/1.1]}{0.0.0.0:37277}
2019-09-20 14:24:03,581 [main] INFO  server.Server (Server.java:doStart(419)) - Started @8130ms
2019-09-20 14:24:03,583 [main] INFO  server.BaseHttpServer (BaseHttpServer.java:updateConnectorAddress(213)) - HTTP server of HDDSDATANODE is listening at http://0.0.0.0:37277
2019-09-20 14:24:03,742 | INFO  | ObjectStoreRestHttpServer | Listening HDDS REST traffic on /0.0.0.0:34941 |  
2019-09-20 14:24:03,742 [main] INFO  ozone.HddsDatanodeService (HddsDatanodeService.java:startPlugins(395)) - Started plug-in org.apache.hadoop.ozone.web.OzoneHddsDatanodeService@3487442d
2019-09-20 14:24:03,743 [main] INFO  impl.MetricsSystemImpl (MetricsSystemImpl.java:init(158)) - HddsDatanode metrics system started (again)
2019-09-20 14:24:03,746 [main] INFO  ozone.HddsDatanodeService (HddsDatanodeService.java:start(184)) - HddsDatanodeService host:pr-hdds-1569-p5fx8-1226042367 ip:192.168.36.99
2019-09-20 14:24:03,746 [org.apache.hadoop.util.JvmPauseMonitor$Monitor@6433d82] INFO  util.JvmPauseMonitor (JvmPauseMonitor.java:run(188)) - Starting JVM pause monitor
2019-09-20 14:24:03,749 [Datanode State Machine Thread - 0] INFO  datanode.InitDatanodeState (InitDatanodeState.java:persistContainerDatanodeDetails(140)) - DatanodeDetails is persisted to /workdir/hadoop-ozone/ozonefs/target/test-dir/MiniOzoneClusterImpl-72e1902e-de17-4929-8ada-cc6049662493/datanode-2/meta/datanode.id
2019-09-20 14:24:03,754 [main] INFO  volume.HddsVolume (HddsVolume.java:<init>(176)) - Creating Volume: /workdir/hadoop-ozone/ozonefs/target/test-dir/MiniOzoneClusterImpl-72e1902e-de17-4929-8ada-cc6049662493/datanode-3/data/containers/hdds of  storage type : DISK and capacity : 1482555576320
2019-09-20 14:24:03,754 [main] INFO  volume.VolumeSet (VolumeSet.java:initializeVolumeSet(170)) - Added Volume : /workdir/hadoop-ozone/ozonefs/target/test-dir/MiniOzoneClusterImpl-72e1902e-de17-4929-8ada-cc6049662493/datanode-3/data/containers/hdds to VolumeSet
2019-09-20 14:24:03,755 [main] INFO  volume.ThrottledAsyncChecker (ThrottledAsyncChecker.java:schedule(140)) - Scheduling a check for org.apache.hadoop.ozone.container.common.volume.HddsVolume@1b8aaeab
2019-09-20 14:24:03,755 [main] INFO  volume.HddsVolumeChecker (HddsVolumeChecker.java:checkAllVolumes(203)) - Scheduled health check for volume org.apache.hadoop.ozone.container.common.volume.HddsVolume@1b8aaeab
2019-09-20 14:24:03,776 [main] INFO  impl.RaftServerProxy (ConfUtils.java:logGet(43)) - raft.rpc.type = GRPC (default)
2019-09-20 14:24:03,777 [main] INFO  grpc.GrpcFactory (GrpcFactory.java:checkPooledByteBufAllocatorUseCacheForAllThreads(45)) - PERFORMANCE WARNING: useCacheForAllThreads is true that may cause Netty to create a lot garbage objects and, as a result, trigger GC.
	It is recommended to disable useCacheForAllThreads by setting -Dorg.apache.ratis.thirdparty.io.netty.allocator.useCacheForAllThreads=false in command line.
2019-09-20 14:24:03,777 [main] INFO  grpc.GrpcConfigKeys$Server (ConfUtils.java:logGet(43)) - raft.grpc.server.port = 0 (default)
2019-09-20 14:24:03,777 [main] INFO  server.GrpcService (ConfUtils.java:logGet(43)) - raft.grpc.message.size.max = 33570816 (custom)
2019-09-20 14:24:03,777 [main] INFO  server.RaftServerConfigKeys (ConfUtils.java:logGet(43)) - raft.server.log.appender.buffer.byte-limit = 33554432 (custom)
2019-09-20 14:24:03,777 [main] INFO  server.GrpcService (ConfUtils.java:logGet(43)) - raft.grpc.flow.control.window = 1MB (=1048576) (default)
2019-09-20 14:24:03,778 [main] INFO  server.RaftServerConfigKeys (ConfUtils.java:logGet(43)) - raft.server.rpc.request.timeout = 3000ms (default)
2019-09-20 14:24:03,778 [main] INFO  server.RaftServerConfigKeys (ConfUtils.java:logGet(43)) - raft.server.storage.dir = [/workdir/hadoop-ozone/ozonefs/target/test-dir/MiniOzoneClusterImpl-72e1902e-de17-4929-8ada-cc6049662493/datanode-3/data/ratis] (custom)
2019-09-20 14:24:03,779 [main] INFO  replication.SimpleContainerDownloader (SimpleContainerDownloader.java:<init>(72)) - Starting container downloader service to copy containers to replicate.
2019-09-20 14:24:03,780 [main] INFO  hdfs.DFSUtil (DFSUtil.java:httpServerTemplateForNNAndJN(1641)) - Starting Web-server for hddsDatanode at: http://0.0.0.0:0
2019-09-20 14:24:03,782 [main] INFO  server.AuthenticationFilter (AuthenticationFilter.java:constructSecretProvider(240)) - Unable to initialize FileSignerSecretProvider, falling back to use random secrets.
2019-09-20 14:24:03,783 [main] WARN  http.HttpRequestLog (HttpRequestLog.java:getRequestLog(97)) - Jetty request log can only be enabled using Log4j
2019-09-20 14:24:03,786 [main] INFO  http.HttpServer2 (HttpServer2.java:addGlobalFilter(975)) - Added global filter 'safety' (class=org.apache.hadoop.http.HttpServer2$QuotingInputFilter)
2019-09-20 14:24:03,788 [main] INFO  http.HttpServer2 (HttpServer2.java:addFilter(948)) - Added filter static_user_filter (class=org.apache.hadoop.http.lib.StaticUserWebFilter$StaticUserFilter) to context hddsDatanode
2019-09-20 14:24:03,788 [main] INFO  http.HttpServer2 (HttpServer2.java:addFilter(958)) - Added filter static_user_filter (class=org.apache.hadoop.http.lib.StaticUserWebFilter$StaticUserFilter) to context logs
2019-09-20 14:24:03,788 [main] INFO  http.HttpServer2 (HttpServer2.java:addFilter(958)) - Added filter static_user_filter (class=org.apache.hadoop.http.lib.StaticUserWebFilter$StaticUserFilter) to context static
2019-09-20 14:24:03,789 [main] INFO  http.HttpServer2 (HttpServer2.java:bindListener(1191)) - Jetty bound to port 44903
2019-09-20 14:24:03,789 [main] INFO  server.Server (Server.java:doStart(351)) - jetty-9.3.24.v20180605, build timestamp: 2018-06-05T17:11:56Z, git hash: 84205aa28f11a4f31f2a3b86d1bba2cc8ab69827
2019-09-20 14:24:03,793 [main] INFO  handler.ContextHandler (ContextHandler.java:doStart(781)) - Started o.e.j.s.ServletContextHandler@656842bc{/logs,file:///workdir/hadoop-ozone/ozonefs/target/log,AVAILABLE}
2019-09-20 14:24:03,794 [main] INFO  handler.ContextHandler (ContextHandler.java:doStart(781)) - Started o.e.j.s.ServletContextHandler@3dec3f87{/static,jar:file:/home/user/.m2/repository/org/apache/hadoop/hadoop-hdds-container-service/0.5.0-SNAPSHOT/hadoop-hdds-container-service-0.5.0-SNAPSHOT.jar!/webapps/static,AVAILABLE}
2019-09-20 14:24:03,833 [main] INFO  handler.ContextHandler (ContextHandler.java:doStart(781)) - Started o.e.j.w.WebAppContext@28ee882c{/,file:///tmp/jetty-0.0.0.0-44903-hddsDatanode-_-any-7048489148709395401.dir/webapp/,AVAILABLE}{/hddsDatanode}
2019-09-20 14:24:03,835 [main] INFO  server.AbstractConnector (AbstractConnector.java:doStart(278)) - Started ServerConnector@78d73b1b{HTTP/1.1,[http/1.1]}{0.0.0.0:44903}
2019-09-20 14:24:03,835 [main] INFO  server.Server (Server.java:doStart(419)) - Started @8383ms
2019-09-20 14:24:03,836 [main] INFO  server.BaseHttpServer (BaseHttpServer.java:updateConnectorAddress(213)) - HTTP server of HDDSDATANODE is listening at http://0.0.0.0:44903
2019-09-20 14:24:03,980 | INFO  | ObjectStoreRestHttpServer | Listening HDDS REST traffic on /0.0.0.0:42463 |  
2019-09-20 14:24:03,980 [main] INFO  ozone.HddsDatanodeService (HddsDatanodeService.java:startPlugins(395)) - Started plug-in org.apache.hadoop.ozone.web.OzoneHddsDatanodeService@11eec06b
2019-09-20 14:24:03,980 [main] INFO  impl.MetricsSystemImpl (MetricsSystemImpl.java:init(158)) - HddsDatanode metrics system started (again)
2019-09-20 14:24:03,983 [main] INFO  ozone.HddsDatanodeService (HddsDatanodeService.java:start(184)) - HddsDatanodeService host:pr-hdds-1569-p5fx8-1226042367 ip:192.168.36.99
2019-09-20 14:24:03,984 [org.apache.hadoop.util.JvmPauseMonitor$Monitor@55c92bba] INFO  util.JvmPauseMonitor (JvmPauseMonitor.java:run(188)) - Starting JVM pause monitor
2019-09-20 14:24:03,987 [Datanode State Machine Thread - 0] INFO  datanode.InitDatanodeState (InitDatanodeState.java:persistContainerDatanodeDetails(140)) - DatanodeDetails is persisted to /workdir/hadoop-ozone/ozonefs/target/test-dir/MiniOzoneClusterImpl-72e1902e-de17-4929-8ada-cc6049662493/datanode-3/meta/datanode.id
2019-09-20 14:24:03,991 [main] INFO  volume.HddsVolume (HddsVolume.java:<init>(176)) - Creating Volume: /workdir/hadoop-ozone/ozonefs/target/test-dir/MiniOzoneClusterImpl-72e1902e-de17-4929-8ada-cc6049662493/datanode-4/data/containers/hdds of  storage type : DISK and capacity : 1482555576320
2019-09-20 14:24:03,991 [main] INFO  volume.VolumeSet (VolumeSet.java:initializeVolumeSet(170)) - Added Volume : /workdir/hadoop-ozone/ozonefs/target/test-dir/MiniOzoneClusterImpl-72e1902e-de17-4929-8ada-cc6049662493/datanode-4/data/containers/hdds to VolumeSet
2019-09-20 14:24:03,992 [main] INFO  volume.ThrottledAsyncChecker (ThrottledAsyncChecker.java:schedule(140)) - Scheduling a check for org.apache.hadoop.ozone.container.common.volume.HddsVolume@4703c998
2019-09-20 14:24:03,992 [main] INFO  volume.HddsVolumeChecker (HddsVolumeChecker.java:checkAllVolumes(203)) - Scheduled health check for volume org.apache.hadoop.ozone.container.common.volume.HddsVolume@4703c998
2019-09-20 14:24:04,019 [main] INFO  impl.RaftServerProxy (ConfUtils.java:logGet(43)) - raft.rpc.type = GRPC (default)
2019-09-20 14:24:04,020 [main] INFO  grpc.GrpcFactory (GrpcFactory.java:checkPooledByteBufAllocatorUseCacheForAllThreads(45)) - PERFORMANCE WARNING: useCacheForAllThreads is true that may cause Netty to create a lot garbage objects and, as a result, trigger GC.
	It is recommended to disable useCacheForAllThreads by setting -Dorg.apache.ratis.thirdparty.io.netty.allocator.useCacheForAllThreads=false in command line.
2019-09-20 14:24:04,020 [main] INFO  grpc.GrpcConfigKeys$Server (ConfUtils.java:logGet(43)) - raft.grpc.server.port = 0 (default)
2019-09-20 14:24:04,020 [main] INFO  server.GrpcService (ConfUtils.java:logGet(43)) - raft.grpc.message.size.max = 33570816 (custom)
2019-09-20 14:24:04,021 [main] INFO  server.RaftServerConfigKeys (ConfUtils.java:logGet(43)) - raft.server.log.appender.buffer.byte-limit = 33554432 (custom)
2019-09-20 14:24:04,021 [main] INFO  server.GrpcService (ConfUtils.java:logGet(43)) - raft.grpc.flow.control.window = 1MB (=1048576) (default)
2019-09-20 14:24:04,021 [main] INFO  server.RaftServerConfigKeys (ConfUtils.java:logGet(43)) - raft.server.rpc.request.timeout = 3000ms (default)
2019-09-20 14:24:04,022 [main] INFO  server.RaftServerConfigKeys (ConfUtils.java:logGet(43)) - raft.server.storage.dir = [/workdir/hadoop-ozone/ozonefs/target/test-dir/MiniOzoneClusterImpl-72e1902e-de17-4929-8ada-cc6049662493/datanode-4/data/ratis] (custom)
2019-09-20 14:24:04,023 [main] INFO  replication.SimpleContainerDownloader (SimpleContainerDownloader.java:<init>(72)) - Starting container downloader service to copy containers to replicate.
2019-09-20 14:24:04,024 [main] INFO  hdfs.DFSUtil (DFSUtil.java:httpServerTemplateForNNAndJN(1641)) - Starting Web-server for hddsDatanode at: http://0.0.0.0:0
2019-09-20 14:24:04,026 [main] INFO  server.AuthenticationFilter (AuthenticationFilter.java:constructSecretProvider(240)) - Unable to initialize FileSignerSecretProvider, falling back to use random secrets.
2019-09-20 14:24:04,026 [main] WARN  http.HttpRequestLog (HttpRequestLog.java:getRequestLog(97)) - Jetty request log can only be enabled using Log4j
2019-09-20 14:24:04,028 [main] INFO  http.HttpServer2 (HttpServer2.java:addGlobalFilter(975)) - Added global filter 'safety' (class=org.apache.hadoop.http.HttpServer2$QuotingInputFilter)
2019-09-20 14:24:04,029 [main] INFO  http.HttpServer2 (HttpServer2.java:addFilter(948)) - Added filter static_user_filter (class=org.apache.hadoop.http.lib.StaticUserWebFilter$StaticUserFilter) to context hddsDatanode
2019-09-20 14:24:04,029 [main] INFO  http.HttpServer2 (HttpServer2.java:addFilter(958)) - Added filter static_user_filter (class=org.apache.hadoop.http.lib.StaticUserWebFilter$StaticUserFilter) to context static
2019-09-20 14:24:04,029 [main] INFO  http.HttpServer2 (HttpServer2.java:addFilter(958)) - Added filter static_user_filter (class=org.apache.hadoop.http.lib.StaticUserWebFilter$StaticUserFilter) to context logs
2019-09-20 14:24:04,030 [main] INFO  http.HttpServer2 (HttpServer2.java:bindListener(1191)) - Jetty bound to port 45352
2019-09-20 14:24:04,030 [main] INFO  server.Server (Server.java:doStart(351)) - jetty-9.3.24.v20180605, build timestamp: 2018-06-05T17:11:56Z, git hash: 84205aa28f11a4f31f2a3b86d1bba2cc8ab69827
2019-09-20 14:24:04,032 [main] INFO  handler.ContextHandler (ContextHandler.java:doStart(781)) - Started o.e.j.s.ServletContextHandler@649b5891{/logs,file:///workdir/hadoop-ozone/ozonefs/target/log,AVAILABLE}
2019-09-20 14:24:04,032 [main] INFO  handler.ContextHandler (ContextHandler.java:doStart(781)) - Started o.e.j.s.ServletContextHandler@1be52861{/static,jar:file:/home/user/.m2/repository/org/apache/hadoop/hadoop-hdds-container-service/0.5.0-SNAPSHOT/hadoop-hdds-container-service-0.5.0-SNAPSHOT.jar!/webapps/static,AVAILABLE}
2019-09-20 14:24:04,055 [main] INFO  handler.ContextHandler (ContextHandler.java:doStart(781)) - Started o.e.j.w.WebAppContext@73bb573d{/,file:///tmp/jetty-0.0.0.0-45352-hddsDatanode-_-any-5287253748075657779.dir/webapp/,AVAILABLE}{/hddsDatanode}
2019-09-20 14:24:04,056 [main] INFO  server.AbstractConnector (AbstractConnector.java:doStart(278)) - Started ServerConnector@7ac058a0{HTTP/1.1,[http/1.1]}{0.0.0.0:45352}
2019-09-20 14:24:04,057 [main] INFO  server.Server (Server.java:doStart(419)) - Started @8605ms
2019-09-20 14:24:04,057 [main] INFO  server.BaseHttpServer (BaseHttpServer.java:updateConnectorAddress(213)) - HTTP server of HDDSDATANODE is listening at http://0.0.0.0:45352
2019-09-20 14:24:04,333 | INFO  | ObjectStoreRestHttpServer | Listening HDDS REST traffic on /0.0.0.0:44551 |  
2019-09-20 14:24:04,333 [main] INFO  ozone.HddsDatanodeService (HddsDatanodeService.java:startPlugins(395)) - Started plug-in org.apache.hadoop.ozone.web.OzoneHddsDatanodeService@4b4a2fa8
2019-09-20 14:24:04,333 [main] INFO  impl.MetricsSystemImpl (MetricsSystemImpl.java:init(158)) - HddsDatanode metrics system started (again)
2019-09-20 14:24:04,337 [main] INFO  ozone.HddsDatanodeService (HddsDatanodeService.java:start(184)) - HddsDatanodeService host:pr-hdds-1569-p5fx8-1226042367 ip:192.168.36.99
2019-09-20 14:24:04,337 [org.apache.hadoop.util.JvmPauseMonitor$Monitor@a7c3dfa] INFO  util.JvmPauseMonitor (JvmPauseMonitor.java:run(188)) - Starting JVM pause monitor
2019-09-20 14:24:04,340 [Datanode State Machine Thread - 0] INFO  datanode.InitDatanodeState (InitDatanodeState.java:persistContainerDatanodeDetails(140)) - DatanodeDetails is persisted to /workdir/hadoop-ozone/ozonefs/target/test-dir/MiniOzoneClusterImpl-72e1902e-de17-4929-8ada-cc6049662493/datanode-4/meta/datanode.id
2019-09-20 14:24:04,346 [main] INFO  volume.HddsVolume (HddsVolume.java:<init>(176)) - Creating Volume: /workdir/hadoop-ozone/ozonefs/target/test-dir/MiniOzoneClusterImpl-72e1902e-de17-4929-8ada-cc6049662493/datanode-5/data/containers/hdds of  storage type : DISK and capacity : 1482555576320
2019-09-20 14:24:04,347 [main] INFO  volume.VolumeSet (VolumeSet.java:initializeVolumeSet(170)) - Added Volume : /workdir/hadoop-ozone/ozonefs/target/test-dir/MiniOzoneClusterImpl-72e1902e-de17-4929-8ada-cc6049662493/datanode-5/data/containers/hdds to VolumeSet
2019-09-20 14:24:04,347 [main] INFO  volume.ThrottledAsyncChecker (ThrottledAsyncChecker.java:schedule(140)) - Scheduling a check for org.apache.hadoop.ozone.container.common.volume.HddsVolume@4ae280da
2019-09-20 14:24:04,347 [main] INFO  volume.HddsVolumeChecker (HddsVolumeChecker.java:checkAllVolumes(203)) - Scheduled health check for volume org.apache.hadoop.ozone.container.common.volume.HddsVolume@4ae280da
2019-09-20 14:24:04,380 [main] INFO  impl.RaftServerProxy (ConfUtils.java:logGet(43)) - raft.rpc.type = GRPC (default)
2019-09-20 14:24:04,381 [main] INFO  grpc.GrpcFactory (GrpcFactory.java:checkPooledByteBufAllocatorUseCacheForAllThreads(45)) - PERFORMANCE WARNING: useCacheForAllThreads is true that may cause Netty to create a lot garbage objects and, as a result, trigger GC.
	It is recommended to disable useCacheForAllThreads by setting -Dorg.apache.ratis.thirdparty.io.netty.allocator.useCacheForAllThreads=false in command line.
2019-09-20 14:24:04,381 [main] INFO  grpc.GrpcConfigKeys$Server (ConfUtils.java:logGet(43)) - raft.grpc.server.port = 0 (default)
2019-09-20 14:24:04,381 [main] INFO  server.GrpcService (ConfUtils.java:logGet(43)) - raft.grpc.message.size.max = 33570816 (custom)
2019-09-20 14:24:04,382 [main] INFO  server.RaftServerConfigKeys (ConfUtils.java:logGet(43)) - raft.server.log.appender.buffer.byte-limit = 33554432 (custom)
2019-09-20 14:24:04,382 [main] INFO  server.GrpcService (ConfUtils.java:logGet(43)) - raft.grpc.flow.control.window = 1MB (=1048576) (default)
2019-09-20 14:24:04,382 [main] INFO  server.RaftServerConfigKeys (ConfUtils.java:logGet(43)) - raft.server.rpc.request.timeout = 3000ms (default)
2019-09-20 14:24:04,383 [main] INFO  server.RaftServerConfigKeys (ConfUtils.java:logGet(43)) - raft.server.storage.dir = [/workdir/hadoop-ozone/ozonefs/target/test-dir/MiniOzoneClusterImpl-72e1902e-de17-4929-8ada-cc6049662493/datanode-5/data/ratis] (custom)
2019-09-20 14:24:04,384 [main] INFO  replication.SimpleContainerDownloader (SimpleContainerDownloader.java:<init>(72)) - Starting container downloader service to copy containers to replicate.
2019-09-20 14:24:04,385 [main] INFO  hdfs.DFSUtil (DFSUtil.java:httpServerTemplateForNNAndJN(1641)) - Starting Web-server for hddsDatanode at: http://0.0.0.0:0
2019-09-20 14:24:04,388 [main] INFO  server.AuthenticationFilter (AuthenticationFilter.java:constructSecretProvider(240)) - Unable to initialize FileSignerSecretProvider, falling back to use random secrets.
2019-09-20 14:24:04,388 [main] WARN  http.HttpRequestLog (HttpRequestLog.java:getRequestLog(97)) - Jetty request log can only be enabled using Log4j
2019-09-20 14:24:04,392 [main] INFO  http.HttpServer2 (HttpServer2.java:addGlobalFilter(975)) - Added global filter 'safety' (class=org.apache.hadoop.http.HttpServer2$QuotingInputFilter)
2019-09-20 14:24:04,394 [main] INFO  http.HttpServer2 (HttpServer2.java:addFilter(948)) - Added filter static_user_filter (class=org.apache.hadoop.http.lib.StaticUserWebFilter$StaticUserFilter) to context hddsDatanode
2019-09-20 14:24:04,394 [main] INFO  http.HttpServer2 (HttpServer2.java:addFilter(958)) - Added filter static_user_filter (class=org.apache.hadoop.http.lib.StaticUserWebFilter$StaticUserFilter) to context logs
2019-09-20 14:24:04,394 [main] INFO  http.HttpServer2 (HttpServer2.java:addFilter(958)) - Added filter static_user_filter (class=org.apache.hadoop.http.lib.StaticUserWebFilter$StaticUserFilter) to context static
2019-09-20 14:24:04,395 [main] INFO  http.HttpServer2 (HttpServer2.java:bindListener(1191)) - Jetty bound to port 38357
2019-09-20 14:24:04,396 [main] INFO  server.Server (Server.java:doStart(351)) - jetty-9.3.24.v20180605, build timestamp: 2018-06-05T17:11:56Z, git hash: 84205aa28f11a4f31f2a3b86d1bba2cc8ab69827
2019-09-20 14:24:04,398 [main] INFO  handler.ContextHandler (ContextHandler.java:doStart(781)) - Started o.e.j.s.ServletContextHandler@11e17893{/logs,file:///workdir/hadoop-ozone/ozonefs/target/log,AVAILABLE}
2019-09-20 14:24:04,399 [main] INFO  handler.ContextHandler (ContextHandler.java:doStart(781)) - Started o.e.j.s.ServletContextHandler@6682e6a5{/static,jar:file:/home/user/.m2/repository/org/apache/hadoop/hadoop-hdds-container-service/0.5.0-SNAPSHOT/hadoop-hdds-container-service-0.5.0-SNAPSHOT.jar!/webapps/static,AVAILABLE}
2019-09-20 14:24:04,443 [main] INFO  handler.ContextHandler (ContextHandler.java:doStart(781)) - Started o.e.j.w.WebAppContext@51424203{/,file:///tmp/jetty-0.0.0.0-38357-hddsDatanode-_-any-632808214927620161.dir/webapp/,AVAILABLE}{/hddsDatanode}
2019-09-20 14:24:04,444 [main] INFO  server.AbstractConnector (AbstractConnector.java:doStart(278)) - Started ServerConnector@7336fd8f{HTTP/1.1,[http/1.1]}{0.0.0.0:38357}
2019-09-20 14:24:04,445 [main] INFO  server.Server (Server.java:doStart(419)) - Started @8993ms
2019-09-20 14:24:04,446 [main] INFO  server.BaseHttpServer (BaseHttpServer.java:updateConnectorAddress(213)) - HTTP server of HDDSDATANODE is listening at http://0.0.0.0:38357
2019-09-20 14:24:04,650 | INFO  | ObjectStoreRestHttpServer | Listening HDDS REST traffic on /0.0.0.0:43725 |  
2019-09-20 14:24:04,650 [main] INFO  ozone.HddsDatanodeService (HddsDatanodeService.java:startPlugins(395)) - Started plug-in org.apache.hadoop.ozone.web.OzoneHddsDatanodeService@7be38eba
2019-09-20 14:24:04,650 [main] INFO  impl.MetricsSystemImpl (MetricsSystemImpl.java:init(158)) - HddsDatanode metrics system started (again)
2019-09-20 14:24:04,655 [main] INFO  ozone.HddsDatanodeService (HddsDatanodeService.java:start(184)) - HddsDatanodeService host:pr-hdds-1569-p5fx8-1226042367 ip:192.168.36.99
2019-09-20 14:24:04,655 [org.apache.hadoop.util.JvmPauseMonitor$Monitor@40b1256c] INFO  util.JvmPauseMonitor (JvmPauseMonitor.java:run(188)) - Starting JVM pause monitor
2019-09-20 14:24:04,658 [Datanode State Machine Thread - 0] INFO  datanode.InitDatanodeState (InitDatanodeState.java:persistContainerDatanodeDetails(140)) - DatanodeDetails is persisted to /workdir/hadoop-ozone/ozonefs/target/test-dir/MiniOzoneClusterImpl-72e1902e-de17-4929-8ada-cc6049662493/datanode-5/meta/datanode.id
2019-09-20 14:24:04,663 [main] INFO  volume.HddsVolume (HddsVolume.java:<init>(176)) - Creating Volume: /workdir/hadoop-ozone/ozonefs/target/test-dir/MiniOzoneClusterImpl-72e1902e-de17-4929-8ada-cc6049662493/datanode-6/data/containers/hdds of  storage type : DISK and capacity : 1482555576320
2019-09-20 14:24:04,664 [main] INFO  volume.VolumeSet (VolumeSet.java:initializeVolumeSet(170)) - Added Volume : /workdir/hadoop-ozone/ozonefs/target/test-dir/MiniOzoneClusterImpl-72e1902e-de17-4929-8ada-cc6049662493/datanode-6/data/containers/hdds to VolumeSet
2019-09-20 14:24:04,664 [main] INFO  volume.ThrottledAsyncChecker (ThrottledAsyncChecker.java:schedule(140)) - Scheduling a check for org.apache.hadoop.ozone.container.common.volume.HddsVolume@5e37fb82
2019-09-20 14:24:04,664 [main] INFO  volume.HddsVolumeChecker (HddsVolumeChecker.java:checkAllVolumes(203)) - Scheduled health check for volume org.apache.hadoop.ozone.container.common.volume.HddsVolume@5e37fb82
2019-09-20 14:24:04,686 [main] INFO  impl.RaftServerProxy (ConfUtils.java:logGet(43)) - raft.rpc.type = GRPC (default)
2019-09-20 14:24:04,686 [main] INFO  grpc.GrpcFactory (GrpcFactory.java:checkPooledByteBufAllocatorUseCacheForAllThreads(45)) - PERFORMANCE WARNING: useCacheForAllThreads is true that may cause Netty to create a lot garbage objects and, as a result, trigger GC.
	It is recommended to disable useCacheForAllThreads by setting -Dorg.apache.ratis.thirdparty.io.netty.allocator.useCacheForAllThreads=false in command line.
2019-09-20 14:24:04,687 [main] INFO  grpc.GrpcConfigKeys$Server (ConfUtils.java:logGet(43)) - raft.grpc.server.port = 0 (default)
2019-09-20 14:24:04,687 [main] INFO  server.GrpcService (ConfUtils.java:logGet(43)) - raft.grpc.message.size.max = 33570816 (custom)
2019-09-20 14:24:04,687 [main] INFO  server.RaftServerConfigKeys (ConfUtils.java:logGet(43)) - raft.server.log.appender.buffer.byte-limit = 33554432 (custom)
2019-09-20 14:24:04,687 [main] INFO  server.GrpcService (ConfUtils.java:logGet(43)) - raft.grpc.flow.control.window = 1MB (=1048576) (default)
2019-09-20 14:24:04,687 [main] INFO  server.RaftServerConfigKeys (ConfUtils.java:logGet(43)) - raft.server.rpc.request.timeout = 3000ms (default)
2019-09-20 14:24:04,688 [main] INFO  server.RaftServerConfigKeys (ConfUtils.java:logGet(43)) - raft.server.storage.dir = [/workdir/hadoop-ozone/ozonefs/target/test-dir/MiniOzoneClusterImpl-72e1902e-de17-4929-8ada-cc6049662493/datanode-6/data/ratis] (custom)
2019-09-20 14:24:04,688 [main] INFO  replication.SimpleContainerDownloader (SimpleContainerDownloader.java:<init>(72)) - Starting container downloader service to copy containers to replicate.
2019-09-20 14:24:04,690 [main] INFO  hdfs.DFSUtil (DFSUtil.java:httpServerTemplateForNNAndJN(1641)) - Starting Web-server for hddsDatanode at: http://0.0.0.0:0
2019-09-20 14:24:04,693 [main] INFO  server.AuthenticationFilter (AuthenticationFilter.java:constructSecretProvider(240)) - Unable to initialize FileSignerSecretProvider, falling back to use random secrets.
2019-09-20 14:24:04,694 [main] WARN  http.HttpRequestLog (HttpRequestLog.java:getRequestLog(97)) - Jetty request log can only be enabled using Log4j
2019-09-20 14:24:04,697 [main] INFO  http.HttpServer2 (HttpServer2.java:addGlobalFilter(975)) - Added global filter 'safety' (class=org.apache.hadoop.http.HttpServer2$QuotingInputFilter)
2019-09-20 14:24:04,698 [main] INFO  http.HttpServer2 (HttpServer2.java:addFilter(948)) - Added filter static_user_filter (class=org.apache.hadoop.http.lib.StaticUserWebFilter$StaticUserFilter) to context hddsDatanode
2019-09-20 14:24:04,698 [main] INFO  http.HttpServer2 (HttpServer2.java:addFilter(958)) - Added filter static_user_filter (class=org.apache.hadoop.http.lib.StaticUserWebFilter$StaticUserFilter) to context static
2019-09-20 14:24:04,699 [main] INFO  http.HttpServer2 (HttpServer2.java:addFilter(958)) - Added filter static_user_filter (class=org.apache.hadoop.http.lib.StaticUserWebFilter$StaticUserFilter) to context logs
2019-09-20 14:24:04,700 [main] INFO  http.HttpServer2 (HttpServer2.java:bindListener(1191)) - Jetty bound to port 32832
2019-09-20 14:24:04,700 [main] INFO  server.Server (Server.java:doStart(351)) - jetty-9.3.24.v20180605, build timestamp: 2018-06-05T17:11:56Z, git hash: 84205aa28f11a4f31f2a3b86d1bba2cc8ab69827
2019-09-20 14:24:04,703 [main] INFO  handler.ContextHandler (ContextHandler.java:doStart(781)) - Started o.e.j.s.ServletContextHandler@61a704d3{/logs,file:///workdir/hadoop-ozone/ozonefs/target/log,AVAILABLE}
2019-09-20 14:24:04,704 [main] INFO  handler.ContextHandler (ContextHandler.java:doStart(781)) - Started o.e.j.s.ServletContextHandler@566fe83c{/static,jar:file:/home/user/.m2/repository/org/apache/hadoop/hadoop-hdds-container-service/0.5.0-SNAPSHOT/hadoop-hdds-container-service-0.5.0-SNAPSHOT.jar!/webapps/static,AVAILABLE}
2019-09-20 14:24:04,749 [main] INFO  handler.ContextHandler (ContextHandler.java:doStart(781)) - Started o.e.j.w.WebAppContext@729cd862{/,file:///tmp/jetty-0.0.0.0-32832-hddsDatanode-_-any-361401828583935884.dir/webapp/,AVAILABLE}{/hddsDatanode}
2019-09-20 14:24:04,750 [main] INFO  server.AbstractConnector (AbstractConnector.java:doStart(278)) - Started ServerConnector@23b71d24{HTTP/1.1,[http/1.1]}{0.0.0.0:32832}
2019-09-20 14:24:04,751 [main] INFO  server.Server (Server.java:doStart(419)) - Started @9300ms
2019-09-20 14:24:04,752 [main] INFO  server.BaseHttpServer (BaseHttpServer.java:updateConnectorAddress(213)) - HTTP server of HDDSDATANODE is listening at http://0.0.0.0:32832
2019-09-20 14:24:04,920 | INFO  | ObjectStoreRestHttpServer | Listening HDDS REST traffic on /0.0.0.0:43259 |  
2019-09-20 14:24:04,920 [main] INFO  ozone.HddsDatanodeService (HddsDatanodeService.java:startPlugins(395)) - Started plug-in org.apache.hadoop.ozone.web.OzoneHddsDatanodeService@67afe909
2019-09-20 14:24:04,921 [main] INFO  impl.MetricsSystemImpl (MetricsSystemImpl.java:init(158)) - HddsDatanode metrics system started (again)
2019-09-20 14:24:04,925 [main] INFO  ozone.HddsDatanodeService (HddsDatanodeService.java:start(184)) - HddsDatanodeService host:pr-hdds-1569-p5fx8-1226042367 ip:192.168.36.99
2019-09-20 14:24:04,925 [org.apache.hadoop.util.JvmPauseMonitor$Monitor@13f1f999] INFO  util.JvmPauseMonitor (JvmPauseMonitor.java:run(188)) - Starting JVM pause monitor
2019-09-20 14:24:04,928 [Datanode State Machine Thread - 0] INFO  datanode.InitDatanodeState (InitDatanodeState.java:persistContainerDatanodeDetails(140)) - DatanodeDetails is persisted to /workdir/hadoop-ozone/ozonefs/target/test-dir/MiniOzoneClusterImpl-72e1902e-de17-4929-8ada-cc6049662493/datanode-6/meta/datanode.id
2019-09-20 14:24:04,937 [main] INFO  volume.HddsVolume (HddsVolume.java:<init>(176)) - Creating Volume: /workdir/hadoop-ozone/ozonefs/target/test-dir/MiniOzoneClusterImpl-72e1902e-de17-4929-8ada-cc6049662493/datanode-7/data/containers/hdds of  storage type : DISK and capacity : 1482555576320
2019-09-20 14:24:04,938 [main] INFO  volume.VolumeSet (VolumeSet.java:initializeVolumeSet(170)) - Added Volume : /workdir/hadoop-ozone/ozonefs/target/test-dir/MiniOzoneClusterImpl-72e1902e-de17-4929-8ada-cc6049662493/datanode-7/data/containers/hdds to VolumeSet
2019-09-20 14:24:04,938 [main] INFO  volume.ThrottledAsyncChecker (ThrottledAsyncChecker.java:schedule(140)) - Scheduling a check for org.apache.hadoop.ozone.container.common.volume.HddsVolume@e795a1d
2019-09-20 14:24:04,938 [main] INFO  volume.HddsVolumeChecker (HddsVolumeChecker.java:checkAllVolumes(203)) - Scheduled health check for volume org.apache.hadoop.ozone.container.common.volume.HddsVolume@e795a1d
2019-09-20 14:24:04,960 [main] INFO  impl.RaftServerProxy (ConfUtils.java:logGet(43)) - raft.rpc.type = GRPC (default)
2019-09-20 14:24:04,961 [main] INFO  grpc.GrpcFactory (GrpcFactory.java:checkPooledByteBufAllocatorUseCacheForAllThreads(45)) - PERFORMANCE WARNING: useCacheForAllThreads is true that may cause Netty to create a lot garbage objects and, as a result, trigger GC.
	It is recommended to disable useCacheForAllThreads by setting -Dorg.apache.ratis.thirdparty.io.netty.allocator.useCacheForAllThreads=false in command line.
2019-09-20 14:24:04,961 [main] INFO  grpc.GrpcConfigKeys$Server (ConfUtils.java:logGet(43)) - raft.grpc.server.port = 0 (default)
2019-09-20 14:24:04,961 [main] INFO  server.GrpcService (ConfUtils.java:logGet(43)) - raft.grpc.message.size.max = 33570816 (custom)
2019-09-20 14:24:04,961 [main] INFO  server.RaftServerConfigKeys (ConfUtils.java:logGet(43)) - raft.server.log.appender.buffer.byte-limit = 33554432 (custom)
2019-09-20 14:24:04,961 [main] INFO  server.GrpcService (ConfUtils.java:logGet(43)) - raft.grpc.flow.control.window = 1MB (=1048576) (default)
2019-09-20 14:24:04,962 [main] INFO  server.RaftServerConfigKeys (ConfUtils.java:logGet(43)) - raft.server.rpc.request.timeout = 3000ms (default)
2019-09-20 14:24:04,962 [main] INFO  server.RaftServerConfigKeys (ConfUtils.java:logGet(43)) - raft.server.storage.dir = [/workdir/hadoop-ozone/ozonefs/target/test-dir/MiniOzoneClusterImpl-72e1902e-de17-4929-8ada-cc6049662493/datanode-7/data/ratis] (custom)
2019-09-20 14:24:04,963 [main] INFO  replication.SimpleContainerDownloader (SimpleContainerDownloader.java:<init>(72)) - Starting container downloader service to copy containers to replicate.
2019-09-20 14:24:04,964 [main] INFO  hdfs.DFSUtil (DFSUtil.java:httpServerTemplateForNNAndJN(1641)) - Starting Web-server for hddsDatanode at: http://0.0.0.0:0
2019-09-20 14:24:04,966 [main] INFO  server.AuthenticationFilter (AuthenticationFilter.java:constructSecretProvider(240)) - Unable to initialize FileSignerSecretProvider, falling back to use random secrets.
2019-09-20 14:24:04,967 [main] WARN  http.HttpRequestLog (HttpRequestLog.java:getRequestLog(97)) - Jetty request log can only be enabled using Log4j
2019-09-20 14:24:04,969 [main] INFO  http.HttpServer2 (HttpServer2.java:addGlobalFilter(975)) - Added global filter 'safety' (class=org.apache.hadoop.http.HttpServer2$QuotingInputFilter)
2019-09-20 14:24:04,970 [main] INFO  http.HttpServer2 (HttpServer2.java:addFilter(948)) - Added filter static_user_filter (class=org.apache.hadoop.http.lib.StaticUserWebFilter$StaticUserFilter) to context hddsDatanode
2019-09-20 14:24:04,970 [main] INFO  http.HttpServer2 (HttpServer2.java:addFilter(958)) - Added filter static_user_filter (class=org.apache.hadoop.http.lib.StaticUserWebFilter$StaticUserFilter) to context logs
2019-09-20 14:24:04,971 [main] INFO  http.HttpServer2 (HttpServer2.java:addFilter(958)) - Added filter static_user_filter (class=org.apache.hadoop.http.lib.StaticUserWebFilter$StaticUserFilter) to context static
2019-09-20 14:24:04,972 [main] INFO  http.HttpServer2 (HttpServer2.java:bindListener(1191)) - Jetty bound to port 45801
2019-09-20 14:24:04,972 [main] INFO  server.Server (Server.java:doStart(351)) - jetty-9.3.24.v20180605, build timestamp: 2018-06-05T17:11:56Z, git hash: 84205aa28f11a4f31f2a3b86d1bba2cc8ab69827
2019-09-20 14:24:04,974 [main] INFO  handler.ContextHandler (ContextHandler.java:doStart(781)) - Started o.e.j.s.ServletContextHandler@e972ee1{/logs,file:///workdir/hadoop-ozone/ozonefs/target/log,AVAILABLE}
2019-09-20 14:24:04,975 [main] INFO  handler.ContextHandler (ContextHandler.java:doStart(781)) - Started o.e.j.s.ServletContextHandler@6f0a4e30{/static,jar:file:/home/user/.m2/repository/org/apache/hadoop/hadoop-hdds-container-service/0.5.0-SNAPSHOT/hadoop-hdds-container-service-0.5.0-SNAPSHOT.jar!/webapps/static,AVAILABLE}
2019-09-20 14:24:05,014 [main] INFO  handler.ContextHandler (ContextHandler.java:doStart(781)) - Started o.e.j.w.WebAppContext@45571cfc{/,file:///tmp/jetty-0.0.0.0-45801-hddsDatanode-_-any-1047953045668301072.dir/webapp/,AVAILABLE}{/hddsDatanode}
2019-09-20 14:24:05,015 [main] INFO  server.AbstractConnector (AbstractConnector.java:doStart(278)) - Started ServerConnector@faec277{HTTP/1.1,[http/1.1]}{0.0.0.0:45801}
2019-09-20 14:24:05,016 [main] INFO  server.Server (Server.java:doStart(419)) - Started @9565ms
2019-09-20 14:24:05,017 [main] INFO  server.BaseHttpServer (BaseHttpServer.java:updateConnectorAddress(213)) - HTTP server of HDDSDATANODE is listening at http://0.0.0.0:45801
2019-09-20 14:24:05,145 | INFO  | ObjectStoreRestHttpServer | Listening HDDS REST traffic on /0.0.0.0:36653 |  
2019-09-20 14:24:05,146 [main] INFO  ozone.HddsDatanodeService (HddsDatanodeService.java:startPlugins(395)) - Started plug-in org.apache.hadoop.ozone.web.OzoneHddsDatanodeService@631bc9f4
2019-09-20 14:24:05,146 [main] INFO  impl.MetricsSystemImpl (MetricsSystemImpl.java:init(158)) - HddsDatanode metrics system started (again)
2019-09-20 14:24:05,151 [org.apache.hadoop.util.JvmPauseMonitor$Monitor@72fe8a96] INFO  util.JvmPauseMonitor (JvmPauseMonitor.java:run(188)) - Starting JVM pause monitor
2019-09-20 14:24:05,152 [main] INFO  ozone.HddsDatanodeService (HddsDatanodeService.java:start(184)) - HddsDatanodeService host:pr-hdds-1569-p5fx8-1226042367 ip:192.168.36.99
2019-09-20 14:24:05,153 [Datanode State Machine Thread - 0] INFO  datanode.InitDatanodeState (InitDatanodeState.java:persistContainerDatanodeDetails(140)) - DatanodeDetails is persisted to /workdir/hadoop-ozone/ozonefs/target/test-dir/MiniOzoneClusterImpl-72e1902e-de17-4929-8ada-cc6049662493/datanode-7/meta/datanode.id
2019-09-20 14:24:05,160 [main] INFO  volume.HddsVolume (HddsVolume.java:<init>(176)) - Creating Volume: /workdir/hadoop-ozone/ozonefs/target/test-dir/MiniOzoneClusterImpl-72e1902e-de17-4929-8ada-cc6049662493/datanode-8/data/containers/hdds of  storage type : DISK and capacity : 1482555576320
2019-09-20 14:24:05,161 [main] INFO  volume.VolumeSet (VolumeSet.java:initializeVolumeSet(170)) - Added Volume : /workdir/hadoop-ozone/ozonefs/target/test-dir/MiniOzoneClusterImpl-72e1902e-de17-4929-8ada-cc6049662493/datanode-8/data/containers/hdds to VolumeSet
2019-09-20 14:24:05,161 [main] INFO  volume.ThrottledAsyncChecker (ThrottledAsyncChecker.java:schedule(140)) - Scheduling a check for org.apache.hadoop.ozone.container.common.volume.HddsVolume@15186ce0
2019-09-20 14:24:05,161 [main] INFO  volume.HddsVolumeChecker (HddsVolumeChecker.java:checkAllVolumes(203)) - Scheduled health check for volume org.apache.hadoop.ozone.container.common.volume.HddsVolume@15186ce0
2019-09-20 14:24:05,182 [main] INFO  impl.RaftServerProxy (ConfUtils.java:logGet(43)) - raft.rpc.type = GRPC (default)
2019-09-20 14:24:05,182 [main] INFO  grpc.GrpcFactory (GrpcFactory.java:checkPooledByteBufAllocatorUseCacheForAllThreads(45)) - PERFORMANCE WARNING: useCacheForAllThreads is true that may cause Netty to create a lot garbage objects and, as a result, trigger GC.
	It is recommended to disable useCacheForAllThreads by setting -Dorg.apache.ratis.thirdparty.io.netty.allocator.useCacheForAllThreads=false in command line.
2019-09-20 14:24:05,182 [main] INFO  grpc.GrpcConfigKeys$Server (ConfUtils.java:logGet(43)) - raft.grpc.server.port = 0 (default)
2019-09-20 14:24:05,182 [main] INFO  server.GrpcService (ConfUtils.java:logGet(43)) - raft.grpc.message.size.max = 33570816 (custom)
2019-09-20 14:24:05,182 [main] INFO  server.RaftServerConfigKeys (ConfUtils.java:logGet(43)) - raft.server.log.appender.buffer.byte-limit = 33554432 (custom)
2019-09-20 14:24:05,183 [main] INFO  server.GrpcService (ConfUtils.java:logGet(43)) - raft.grpc.flow.control.window = 1MB (=1048576) (default)
2019-09-20 14:24:05,183 [main] INFO  server.RaftServerConfigKeys (ConfUtils.java:logGet(43)) - raft.server.rpc.request.timeout = 3000ms (default)
2019-09-20 14:24:05,183 [main] INFO  server.RaftServerConfigKeys (ConfUtils.java:logGet(43)) - raft.server.storage.dir = [/workdir/hadoop-ozone/ozonefs/target/test-dir/MiniOzoneClusterImpl-72e1902e-de17-4929-8ada-cc6049662493/datanode-8/data/ratis] (custom)
2019-09-20 14:24:05,184 [main] INFO  replication.SimpleContainerDownloader (SimpleContainerDownloader.java:<init>(72)) - Starting container downloader service to copy containers to replicate.
2019-09-20 14:24:05,185 [main] INFO  hdfs.DFSUtil (DFSUtil.java:httpServerTemplateForNNAndJN(1641)) - Starting Web-server for hddsDatanode at: http://0.0.0.0:0
2019-09-20 14:24:05,187 [main] INFO  server.AuthenticationFilter (AuthenticationFilter.java:constructSecretProvider(240)) - Unable to initialize FileSignerSecretProvider, falling back to use random secrets.
2019-09-20 14:24:05,187 [main] WARN  http.HttpRequestLog (HttpRequestLog.java:getRequestLog(97)) - Jetty request log can only be enabled using Log4j
2019-09-20 14:24:05,190 [main] INFO  http.HttpServer2 (HttpServer2.java:addGlobalFilter(975)) - Added global filter 'safety' (class=org.apache.hadoop.http.HttpServer2$QuotingInputFilter)
2019-09-20 14:24:05,191 [main] INFO  http.HttpServer2 (HttpServer2.java:addFilter(948)) - Added filter static_user_filter (class=org.apache.hadoop.http.lib.StaticUserWebFilter$StaticUserFilter) to context hddsDatanode
2019-09-20 14:24:05,191 [main] INFO  http.HttpServer2 (HttpServer2.java:addFilter(958)) - Added filter static_user_filter (class=org.apache.hadoop.http.lib.StaticUserWebFilter$StaticUserFilter) to context static
2019-09-20 14:24:05,191 [main] INFO  http.HttpServer2 (HttpServer2.java:addFilter(958)) - Added filter static_user_filter (class=org.apache.hadoop.http.lib.StaticUserWebFilter$StaticUserFilter) to context logs
2019-09-20 14:24:05,192 [main] INFO  http.HttpServer2 (HttpServer2.java:bindListener(1191)) - Jetty bound to port 43168
2019-09-20 14:24:05,192 [main] INFO  server.Server (Server.java:doStart(351)) - jetty-9.3.24.v20180605, build timestamp: 2018-06-05T17:11:56Z, git hash: 84205aa28f11a4f31f2a3b86d1bba2cc8ab69827
2019-09-20 14:24:05,193 [main] INFO  handler.ContextHandler (ContextHandler.java:doStart(781)) - Started o.e.j.s.ServletContextHandler@5ed65e4b{/logs,file:///workdir/hadoop-ozone/ozonefs/target/log,AVAILABLE}
2019-09-20 14:24:05,194 [main] INFO  handler.ContextHandler (ContextHandler.java:doStart(781)) - Started o.e.j.s.ServletContextHandler@40cf6254{/static,jar:file:/home/user/.m2/repository/org/apache/hadoop/hadoop-hdds-container-service/0.5.0-SNAPSHOT/hadoop-hdds-container-service-0.5.0-SNAPSHOT.jar!/webapps/static,AVAILABLE}
2019-09-20 14:24:05,221 [main] INFO  handler.ContextHandler (ContextHandler.java:doStart(781)) - Started o.e.j.w.WebAppContext@8851ec{/,file:///tmp/jetty-0.0.0.0-43168-hddsDatanode-_-any-8515585537776598002.dir/webapp/,AVAILABLE}{/hddsDatanode}
2019-09-20 14:24:05,221 [main] INFO  server.AbstractConnector (AbstractConnector.java:doStart(278)) - Started ServerConnector@18b40fe6{HTTP/1.1,[http/1.1]}{0.0.0.0:43168}
2019-09-20 14:24:05,222 [main] INFO  server.Server (Server.java:doStart(419)) - Started @9771ms
2019-09-20 14:24:05,223 [main] INFO  server.BaseHttpServer (BaseHttpServer.java:updateConnectorAddress(213)) - HTTP server of HDDSDATANODE is listening at http://0.0.0.0:43168
2019-09-20 14:24:05,254 | INFO  | SCMAudit | user=jenkins1000 | ip=192.168.36.99 | op=GET_VERSION null | ret=SUCCESS |  
2019-09-20 14:24:05,292 [Datanode State Machine Thread - 0] INFO  ozoneimpl.OzoneContainer (OzoneContainer.java:start(186)) - Attempting to start container services.
2019-09-20 14:24:05,294 [Datanode State Machine Thread - 0] INFO  ozoneimpl.OzoneContainer (OzoneContainer.java:startContainerScrub(160)) - Background container scrubber has been disabled by hdds.containerscrub.enabled
2019-09-20 14:24:05,294 [Datanode State Machine Thread - 0] INFO  ratis.XceiverServerRatis (XceiverServerRatis.java:start(404)) - Starting XceiverServerRatis 7c330693-1e2f-4265-ad51-f8ae66fac775 at port 0
2019-09-20 14:24:05,312 [Datanode State Machine Thread - 0] INFO  impl.RaftServerProxy (RaftServerProxy.java:lambda$start$3(299)) - 7c330693-1e2f-4265-ad51-f8ae66fac775: start RPC server
2019-09-20 14:24:05,374 | INFO  | ObjectStoreRestHttpServer | Listening HDDS REST traffic on /0.0.0.0:43083 |  
2019-09-20 14:24:05,374 [main] INFO  ozone.HddsDatanodeService (HddsDatanodeService.java:startPlugins(395)) - Started plug-in org.apache.hadoop.ozone.web.OzoneHddsDatanodeService@27db45f
2019-09-20 14:24:05,374 [main] INFO  impl.MetricsSystemImpl (MetricsSystemImpl.java:init(158)) - HddsDatanode metrics system started (again)
2019-09-20 14:24:05,381 [org.apache.hadoop.util.JvmPauseMonitor$Monitor@e0c7661] INFO  util.JvmPauseMonitor (JvmPauseMonitor.java:run(188)) - Starting JVM pause monitor
2019-09-20 14:24:05,381 [main] INFO  ozone.HddsDatanodeService (HddsDatanodeService.java:start(184)) - HddsDatanodeService host:pr-hdds-1569-p5fx8-1226042367 ip:192.168.36.99
2019-09-20 14:24:05,385 [Datanode State Machine Thread - 0] INFO  datanode.InitDatanodeState (InitDatanodeState.java:persistContainerDatanodeDetails(140)) - DatanodeDetails is persisted to /workdir/hadoop-ozone/ozonefs/target/test-dir/MiniOzoneClusterImpl-72e1902e-de17-4929-8ada-cc6049662493/datanode-8/meta/datanode.id
2019-09-20 14:24:05,390 [main] INFO  volume.HddsVolume (HddsVolume.java:<init>(176)) - Creating Volume: /workdir/hadoop-ozone/ozonefs/target/test-dir/MiniOzoneClusterImpl-72e1902e-de17-4929-8ada-cc6049662493/datanode-9/data/containers/hdds of  storage type : DISK and capacity : 1482555576320
2019-09-20 14:24:05,391 [main] INFO  volume.VolumeSet (VolumeSet.java:initializeVolumeSet(170)) - Added Volume : /workdir/hadoop-ozone/ozonefs/target/test-dir/MiniOzoneClusterImpl-72e1902e-de17-4929-8ada-cc6049662493/datanode-9/data/containers/hdds to VolumeSet
2019-09-20 14:24:05,391 [main] INFO  volume.ThrottledAsyncChecker (ThrottledAsyncChecker.java:schedule(140)) - Scheduling a check for org.apache.hadoop.ozone.container.common.volume.HddsVolume@52285a5f
2019-09-20 14:24:05,392 [main] INFO  volume.HddsVolumeChecker (HddsVolumeChecker.java:checkAllVolumes(203)) - Scheduled health check for volume org.apache.hadoop.ozone.container.common.volume.HddsVolume@52285a5f
2019-09-20 14:24:05,412 [main] INFO  impl.RaftServerProxy (ConfUtils.java:logGet(43)) - raft.rpc.type = GRPC (default)
2019-09-20 14:24:05,413 [main] INFO  grpc.GrpcFactory (GrpcFactory.java:checkPooledByteBufAllocatorUseCacheForAllThreads(45)) - PERFORMANCE WARNING: useCacheForAllThreads is true that may cause Netty to create a lot garbage objects and, as a result, trigger GC.
	It is recommended to disable useCacheForAllThreads by setting -Dorg.apache.ratis.thirdparty.io.netty.allocator.useCacheForAllThreads=false in command line.
2019-09-20 14:24:05,413 [main] INFO  grpc.GrpcConfigKeys$Server (ConfUtils.java:logGet(43)) - raft.grpc.server.port = 0 (default)
2019-09-20 14:24:05,413 [main] INFO  server.GrpcService (ConfUtils.java:logGet(43)) - raft.grpc.message.size.max = 33570816 (custom)
2019-09-20 14:24:05,413 [main] INFO  server.RaftServerConfigKeys (ConfUtils.java:logGet(43)) - raft.server.log.appender.buffer.byte-limit = 33554432 (custom)
2019-09-20 14:24:05,413 [main] INFO  server.GrpcService (ConfUtils.java:logGet(43)) - raft.grpc.flow.control.window = 1MB (=1048576) (default)
2019-09-20 14:24:05,414 [main] INFO  server.RaftServerConfigKeys (ConfUtils.java:logGet(43)) - raft.server.rpc.request.timeout = 3000ms (default)
2019-09-20 14:24:05,414 [main] INFO  server.RaftServerConfigKeys (ConfUtils.java:logGet(43)) - raft.server.storage.dir = [/workdir/hadoop-ozone/ozonefs/target/test-dir/MiniOzoneClusterImpl-72e1902e-de17-4929-8ada-cc6049662493/datanode-9/data/ratis] (custom)
2019-09-20 14:24:05,415 [main] INFO  replication.SimpleContainerDownloader (SimpleContainerDownloader.java:<init>(72)) - Starting container downloader service to copy containers to replicate.
2019-09-20 14:24:05,416 [main] INFO  hdfs.DFSUtil (DFSUtil.java:httpServerTemplateForNNAndJN(1641)) - Starting Web-server for hddsDatanode at: http://0.0.0.0:0
2019-09-20 14:24:05,417 [main] INFO  server.AuthenticationFilter (AuthenticationFilter.java:constructSecretProvider(240)) - Unable to initialize FileSignerSecretProvider, falling back to use random secrets.
2019-09-20 14:24:05,418 [main] WARN  http.HttpRequestLog (HttpRequestLog.java:getRequestLog(97)) - Jetty request log can only be enabled using Log4j
2019-09-20 14:24:05,420 [main] INFO  http.HttpServer2 (HttpServer2.java:addGlobalFilter(975)) - Added global filter 'safety' (class=org.apache.hadoop.http.HttpServer2$QuotingInputFilter)
2019-09-20 14:24:05,420 [main] INFO  http.HttpServer2 (HttpServer2.java:addFilter(948)) - Added filter static_user_filter (class=org.apache.hadoop.http.lib.StaticUserWebFilter$StaticUserFilter) to context hddsDatanode
2019-09-20 14:24:05,420 [main] INFO  http.HttpServer2 (HttpServer2.java:addFilter(958)) - Added filter static_user_filter (class=org.apache.hadoop.http.lib.StaticUserWebFilter$StaticUserFilter) to context logs
2019-09-20 14:24:05,421 [main] INFO  http.HttpServer2 (HttpServer2.java:addFilter(958)) - Added filter static_user_filter (class=org.apache.hadoop.http.lib.StaticUserWebFilter$StaticUserFilter) to context static
2019-09-20 14:24:05,421 [main] INFO  http.HttpServer2 (HttpServer2.java:bindListener(1191)) - Jetty bound to port 33585
2019-09-20 14:24:05,422 [main] INFO  server.Server (Server.java:doStart(351)) - jetty-9.3.24.v20180605, build timestamp: 2018-06-05T17:11:56Z, git hash: 84205aa28f11a4f31f2a3b86d1bba2cc8ab69827
2019-09-20 14:24:05,423 [main] INFO  handler.ContextHandler (ContextHandler.java:doStart(781)) - Started o.e.j.s.ServletContextHandler@645ba24a{/logs,file:///workdir/hadoop-ozone/ozonefs/target/log,AVAILABLE}
2019-09-20 14:24:05,424 [main] INFO  handler.ContextHandler (ContextHandler.java:doStart(781)) - Started o.e.j.s.ServletContextHandler@3dd2b9c1{/static,jar:file:/home/user/.m2/repository/org/apache/hadoop/hadoop-hdds-container-service/0.5.0-SNAPSHOT/hadoop-hdds-container-service-0.5.0-SNAPSHOT.jar!/webapps/static,AVAILABLE}
2019-09-20 14:24:05,458 [Datanode State Machine Thread - 0] INFO  server.GrpcService (GrpcService.java:startImpl(149)) - 7c330693-1e2f-4265-ad51-f8ae66fac775: GrpcService started, listening on 0.0.0.0/0.0.0.0:39028
2019-09-20 14:24:05,459 [Datanode State Machine Thread - 0] INFO  ratis.XceiverServerRatis (XceiverServerRatis.java:start(414)) - XceiverServerRatis 7c330693-1e2f-4265-ad51-f8ae66fac775 is started using port 39028
2019-09-20 14:24:05,461 [Datanode State Machine Thread - 0] INFO  server.XceiverServerGrpc (XceiverServerGrpc.java:start(163)) - XceiverServerGrpc 7c330693-1e2f-4265-ad51-f8ae66fac775 is started using port 43340
2019-09-20 14:24:05,485 | INFO  | SCMAudit | user=jenkins1000 | ip=192.168.36.99 | op=GET_VERSION null | ret=SUCCESS |  
2019-09-20 14:24:05,491 [main] INFO  handler.ContextHandler (ContextHandler.java:doStart(781)) - Started o.e.j.w.WebAppContext@11ad095c{/,file:///tmp/jetty-0.0.0.0-33585-hddsDatanode-_-any-5248074604054688276.dir/webapp/,AVAILABLE}{/hddsDatanode}
2019-09-20 14:24:05,491 [main] INFO  server.AbstractConnector (AbstractConnector.java:doStart(278)) - Started ServerConnector@2c2a903f{HTTP/1.1,[http/1.1]}{0.0.0.0:33585}
2019-09-20 14:24:05,492 [main] INFO  server.Server (Server.java:doStart(419)) - Started @10041ms
2019-09-20 14:24:05,494 [main] INFO  server.BaseHttpServer (BaseHttpServer.java:updateConnectorAddress(213)) - HTTP server of HDDSDATANODE is listening at http://0.0.0.0:33585
2019-09-20 14:24:05,506 [Datanode State Machine Thread - 0] INFO  ozoneimpl.OzoneContainer (OzoneContainer.java:start(186)) - Attempting to start container services.
2019-09-20 14:24:05,508 [Datanode State Machine Thread - 0] INFO  ozoneimpl.OzoneContainer (OzoneContainer.java:startContainerScrub(160)) - Background container scrubber has been disabled by hdds.containerscrub.enabled
2019-09-20 14:24:05,508 [Datanode State Machine Thread - 0] INFO  ratis.XceiverServerRatis (XceiverServerRatis.java:start(404)) - Starting XceiverServerRatis c0a66530-d43a-4ae5-bdbb-2b9936068aaa at port 0
2019-09-20 14:24:05,517 [Datanode State Machine Thread - 0] INFO  impl.RaftServerProxy (RaftServerProxy.java:lambda$start$3(299)) - c0a66530-d43a-4ae5-bdbb-2b9936068aaa: start RPC server
2019-09-20 14:24:05,523 [Datanode State Machine Thread - 0] INFO  server.GrpcService (GrpcService.java:startImpl(149)) - c0a66530-d43a-4ae5-bdbb-2b9936068aaa: GrpcService started, listening on 0.0.0.0/0.0.0.0:34723
2019-09-20 14:24:05,523 [Datanode State Machine Thread - 0] INFO  ratis.XceiverServerRatis (XceiverServerRatis.java:start(414)) - XceiverServerRatis c0a66530-d43a-4ae5-bdbb-2b9936068aaa is started using port 34723
2019-09-20 14:24:05,527 [Datanode State Machine Thread - 0] INFO  server.XceiverServerGrpc (XceiverServerGrpc.java:start(163)) - XceiverServerGrpc c0a66530-d43a-4ae5-bdbb-2b9936068aaa is started using port 46493
2019-09-20 14:24:05,659 | INFO  | ObjectStoreRestHttpServer | Listening HDDS REST traffic on /0.0.0.0:37753 |  
2019-09-20 14:24:05,659 [main] INFO  ozone.HddsDatanodeService (HddsDatanodeService.java:startPlugins(395)) - Started plug-in org.apache.hadoop.ozone.web.OzoneHddsDatanodeService@37806be6
2019-09-20 14:24:05,663 [main] INFO  ozone.MiniOzoneClusterImpl (MiniOzoneClusterImpl.java:lambda$waitForClusterToBeReady$0(142)) - Waiting for cluster to be ready. Got 0 of 10 DN Heartbeats.
2019-09-20 14:24:05,664 [org.apache.hadoop.util.JvmPauseMonitor$Monitor@46642ec1] INFO  util.JvmPauseMonitor (JvmPauseMonitor.java:run(188)) - Starting JVM pause monitor
2019-09-20 14:24:05,666 [Datanode State Machine Thread - 0] INFO  datanode.InitDatanodeState (InitDatanodeState.java:persistContainerDatanodeDetails(140)) - DatanodeDetails is persisted to /workdir/hadoop-ozone/ozonefs/target/test-dir/MiniOzoneClusterImpl-72e1902e-de17-4929-8ada-cc6049662493/datanode-9/meta/datanode.id
2019-09-20 14:24:05,748 | INFO  | SCMAudit | user=jenkins1000 | ip=192.168.36.99 | op=GET_VERSION null | ret=SUCCESS |  
2019-09-20 14:24:05,772 [Datanode State Machine Thread - 0] INFO  ozoneimpl.OzoneContainer (OzoneContainer.java:start(186)) - Attempting to start container services.
2019-09-20 14:24:05,772 [Datanode State Machine Thread - 0] INFO  ozoneimpl.OzoneContainer (OzoneContainer.java:startContainerScrub(160)) - Background container scrubber has been disabled by hdds.containerscrub.enabled
2019-09-20 14:24:05,772 [Datanode State Machine Thread - 0] INFO  ratis.XceiverServerRatis (XceiverServerRatis.java:start(404)) - Starting XceiverServerRatis 926b0f41-0722-49ff-a592-68b703f22f49 at port 0
2019-09-20 14:24:05,781 [Datanode State Machine Thread - 0] INFO  impl.RaftServerProxy (RaftServerProxy.java:lambda$start$3(299)) - 926b0f41-0722-49ff-a592-68b703f22f49: start RPC server
2019-09-20 14:24:05,785 [Datanode State Machine Thread - 0] INFO  server.GrpcService (GrpcService.java:startImpl(149)) - 926b0f41-0722-49ff-a592-68b703f22f49: GrpcService started, listening on 0.0.0.0/0.0.0.0:33200
2019-09-20 14:24:05,785 [Datanode State Machine Thread - 0] INFO  ratis.XceiverServerRatis (XceiverServerRatis.java:start(414)) - XceiverServerRatis 926b0f41-0722-49ff-a592-68b703f22f49 is started using port 33200
2019-09-20 14:24:05,789 [Datanode State Machine Thread - 0] INFO  server.XceiverServerGrpc (XceiverServerGrpc.java:start(163)) - XceiverServerGrpc 926b0f41-0722-49ff-a592-68b703f22f49 is started using port 34173
2019-09-20 14:24:05,988 | INFO  | SCMAudit | user=jenkins1000 | ip=192.168.36.99 | op=GET_VERSION null | ret=SUCCESS |  
2019-09-20 14:24:06,005 [Datanode State Machine Thread - 0] INFO  ozoneimpl.OzoneContainer (OzoneContainer.java:start(186)) - Attempting to start container services.
2019-09-20 14:24:06,006 [Datanode State Machine Thread - 0] INFO  ozoneimpl.OzoneContainer (OzoneContainer.java:startContainerScrub(160)) - Background container scrubber has been disabled by hdds.containerscrub.enabled
2019-09-20 14:24:06,006 [Datanode State Machine Thread - 0] INFO  ratis.XceiverServerRatis (XceiverServerRatis.java:start(404)) - Starting XceiverServerRatis 4b9e2e33-9606-42c4-a38b-d8e2568a9ed5 at port 0
2019-09-20 14:24:06,015 [Datanode State Machine Thread - 0] INFO  impl.RaftServerProxy (RaftServerProxy.java:lambda$start$3(299)) - 4b9e2e33-9606-42c4-a38b-d8e2568a9ed5: start RPC server
2019-09-20 14:24:06,020 [Datanode State Machine Thread - 0] INFO  server.GrpcService (GrpcService.java:startImpl(149)) - 4b9e2e33-9606-42c4-a38b-d8e2568a9ed5: GrpcService started, listening on 0.0.0.0/0.0.0.0:41206
2019-09-20 14:24:06,020 [Datanode State Machine Thread - 0] INFO  ratis.XceiverServerRatis (XceiverServerRatis.java:start(414)) - XceiverServerRatis 4b9e2e33-9606-42c4-a38b-d8e2568a9ed5 is started using port 41206
2019-09-20 14:24:06,023 [Datanode State Machine Thread - 0] INFO  server.XceiverServerGrpc (XceiverServerGrpc.java:start(163)) - XceiverServerGrpc 4b9e2e33-9606-42c4-a38b-d8e2568a9ed5 is started using port 33855
2019-09-20 14:24:06,342 | INFO  | SCMAudit | user=jenkins1000 | ip=192.168.36.99 | op=GET_VERSION null | ret=SUCCESS |  
2019-09-20 14:24:06,359 [Datanode State Machine Thread - 0] INFO  ozoneimpl.OzoneContainer (OzoneContainer.java:start(186)) - Attempting to start container services.
2019-09-20 14:24:06,359 [Datanode State Machine Thread - 0] INFO  ozoneimpl.OzoneContainer (OzoneContainer.java:startContainerScrub(160)) - Background container scrubber has been disabled by hdds.containerscrub.enabled
2019-09-20 14:24:06,359 [Datanode State Machine Thread - 0] INFO  ratis.XceiverServerRatis (XceiverServerRatis.java:start(404)) - Starting XceiverServerRatis 93651a45-ffa4-4bae-ae49-6429ae7182bc at port 0
2019-09-20 14:24:06,367 [Datanode State Machine Thread - 0] INFO  impl.RaftServerProxy (RaftServerProxy.java:lambda$start$3(299)) - 93651a45-ffa4-4bae-ae49-6429ae7182bc: start RPC server
2019-09-20 14:24:06,372 [Datanode State Machine Thread - 0] INFO  server.GrpcService (GrpcService.java:startImpl(149)) - 93651a45-ffa4-4bae-ae49-6429ae7182bc: GrpcService started, listening on 0.0.0.0/0.0.0.0:37696
2019-09-20 14:24:06,372 [Datanode State Machine Thread - 0] INFO  ratis.XceiverServerRatis (XceiverServerRatis.java:start(414)) - XceiverServerRatis 93651a45-ffa4-4bae-ae49-6429ae7182bc is started using port 37696
2019-09-20 14:24:06,377 [Datanode State Machine Thread - 0] INFO  server.XceiverServerGrpc (XceiverServerGrpc.java:start(163)) - XceiverServerGrpc 93651a45-ffa4-4bae-ae49-6429ae7182bc is started using port 38301
2019-09-20 14:24:06,659 | INFO  | SCMAudit | user=jenkins1000 | ip=192.168.36.99 | op=GET_VERSION null | ret=SUCCESS |  
2019-09-20 14:24:06,663 [main] INFO  ozone.MiniOzoneClusterImpl (MiniOzoneClusterImpl.java:lambda$waitForClusterToBeReady$0(142)) - Waiting for cluster to be ready. Got 0 of 10 DN Heartbeats.
2019-09-20 14:24:06,683 [Datanode State Machine Thread - 0] INFO  ozoneimpl.OzoneContainer (OzoneContainer.java:start(186)) - Attempting to start container services.
2019-09-20 14:24:06,683 [Datanode State Machine Thread - 0] INFO  ozoneimpl.OzoneContainer (OzoneContainer.java:startContainerScrub(160)) - Background container scrubber has been disabled by hdds.containerscrub.enabled
2019-09-20 14:24:06,683 [Datanode State Machine Thread - 0] INFO  ratis.XceiverServerRatis (XceiverServerRatis.java:start(404)) - Starting XceiverServerRatis f44a1c99-f9ac-4ca4-85ec-e98b84e0ebc2 at port 0
2019-09-20 14:24:06,691 [Datanode State Machine Thread - 0] INFO  impl.RaftServerProxy (RaftServerProxy.java:lambda$start$3(299)) - f44a1c99-f9ac-4ca4-85ec-e98b84e0ebc2: start RPC server
2019-09-20 14:24:06,695 [Datanode State Machine Thread - 0] INFO  server.GrpcService (GrpcService.java:startImpl(149)) - f44a1c99-f9ac-4ca4-85ec-e98b84e0ebc2: GrpcService started, listening on 0.0.0.0/0.0.0.0:39362
2019-09-20 14:24:06,696 [Datanode State Machine Thread - 0] INFO  ratis.XceiverServerRatis (XceiverServerRatis.java:start(414)) - XceiverServerRatis f44a1c99-f9ac-4ca4-85ec-e98b84e0ebc2 is started using port 39362
2019-09-20 14:24:06,700 [Datanode State Machine Thread - 0] INFO  server.XceiverServerGrpc (XceiverServerGrpc.java:start(163)) - XceiverServerGrpc f44a1c99-f9ac-4ca4-85ec-e98b84e0ebc2 is started using port 44017
2019-09-20 14:24:06,929 | INFO  | SCMAudit | user=jenkins1000 | ip=192.168.36.99 | op=GET_VERSION null | ret=SUCCESS |  
2019-09-20 14:24:06,973 [Datanode State Machine Thread - 0] INFO  ozoneimpl.OzoneContainer (OzoneContainer.java:start(186)) - Attempting to start container services.
2019-09-20 14:24:06,973 [Datanode State Machine Thread - 0] INFO  ozoneimpl.OzoneContainer (OzoneContainer.java:startContainerScrub(160)) - Background container scrubber has been disabled by hdds.containerscrub.enabled
2019-09-20 14:24:06,973 [Datanode State Machine Thread - 0] INFO  ratis.XceiverServerRatis (XceiverServerRatis.java:start(404)) - Starting XceiverServerRatis 9101a5c2-dfb1-4c31-830b-4c77eb758348 at port 0
2019-09-20 14:24:06,982 [Datanode State Machine Thread - 0] INFO  impl.RaftServerProxy (RaftServerProxy.java:lambda$start$3(299)) - 9101a5c2-dfb1-4c31-830b-4c77eb758348: start RPC server
2019-09-20 14:24:06,989 [Datanode State Machine Thread - 0] INFO  server.GrpcService (GrpcService.java:startImpl(149)) - 9101a5c2-dfb1-4c31-830b-4c77eb758348: GrpcService started, listening on 0.0.0.0/0.0.0.0:35572
2019-09-20 14:24:06,989 [Datanode State Machine Thread - 0] INFO  ratis.XceiverServerRatis (XceiverServerRatis.java:start(414)) - XceiverServerRatis 9101a5c2-dfb1-4c31-830b-4c77eb758348 is started using port 35572
2019-09-20 14:24:06,993 [Datanode State Machine Thread - 0] INFO  server.XceiverServerGrpc (XceiverServerGrpc.java:start(163)) - XceiverServerGrpc 9101a5c2-dfb1-4c31-830b-4c77eb758348 is started using port 42307
2019-09-20 14:24:07,156 | INFO  | SCMAudit | user=jenkins1000 | ip=192.168.36.99 | op=GET_VERSION null | ret=SUCCESS |  
2019-09-20 14:24:07,175 [Datanode State Machine Thread - 0] INFO  ozoneimpl.OzoneContainer (OzoneContainer.java:start(186)) - Attempting to start container services.
2019-09-20 14:24:07,175 [Datanode State Machine Thread - 0] INFO  ozoneimpl.OzoneContainer (OzoneContainer.java:startContainerScrub(160)) - Background container scrubber has been disabled by hdds.containerscrub.enabled
2019-09-20 14:24:07,175 [Datanode State Machine Thread - 0] INFO  ratis.XceiverServerRatis (XceiverServerRatis.java:start(404)) - Starting XceiverServerRatis e0033df1-dced-4562-b4c4-a94a3cb6c131 at port 0
2019-09-20 14:24:07,183 [Datanode State Machine Thread - 0] INFO  impl.RaftServerProxy (RaftServerProxy.java:lambda$start$3(299)) - e0033df1-dced-4562-b4c4-a94a3cb6c131: start RPC server
2019-09-20 14:24:07,189 [Datanode State Machine Thread - 0] INFO  server.GrpcService (GrpcService.java:startImpl(149)) - e0033df1-dced-4562-b4c4-a94a3cb6c131: GrpcService started, listening on 0.0.0.0/0.0.0.0:39317
2019-09-20 14:24:07,189 [Datanode State Machine Thread - 0] INFO  ratis.XceiverServerRatis (XceiverServerRatis.java:start(414)) - XceiverServerRatis e0033df1-dced-4562-b4c4-a94a3cb6c131 is started using port 39317
2019-09-20 14:24:07,195 [Datanode State Machine Thread - 0] INFO  server.XceiverServerGrpc (XceiverServerGrpc.java:start(163)) - XceiverServerGrpc e0033df1-dced-4562-b4c4-a94a3cb6c131 is started using port 37768
2019-09-20 14:24:07,277 [IPC Server handler 18 on 45282] INFO  net.NetworkTopology (NetworkTopologyImpl.java:add(110)) - Added a new node: /default-rack/7c330693-1e2f-4265-ad51-f8ae66fac775
2019-09-20 14:24:07,277 [IPC Server handler 18 on 45282] INFO  node.SCMNodeManager (SCMNodeManager.java:register(273)) - Registered Data node : 7c330693-1e2f-4265-ad51-f8ae66fac775{ip: 192.168.36.99, host: pr-hdds-1569-p5fx8-1226042367, networkLocation: /default-rack, certSerialId: null}
2019-09-20 14:24:07,285 [EventQueue-NodeRegistrationContainerReportForDataNodeSafeModeRule] INFO  safemode.SCMSafeModeManager (DataNodeSafeModeRule.java:process(71)) - SCM in safe mode. 1 DataNodes registered, 1 required.
2019-09-20 14:24:07,285 [EventQueue-NodeRegistrationContainerReportForDataNodeSafeModeRule] INFO  safemode.SCMSafeModeManager (SCMSafeModeManager.java:validateSafeModeExitRules(177)) - ScmSafeModeManager, all rules are successfully validated
2019-09-20 14:24:07,285 [EventQueue-NodeRegistrationContainerReportForDataNodeSafeModeRule] INFO  safemode.SCMSafeModeManager (SCMSafeModeManager.java:exitSafeMode(193)) - SCM exiting safe mode.
2019-09-20 14:24:07,298 | INFO  | SCMAudit | user=jenkins1000 | ip=192.168.36.99 | op=REGISTER {datanodeDetails=7c330693-1e2f-4265-ad51-f8ae66fac775{ip: 192.168.36.99, host: pr-hdds-1569-p5fx8-1226042367, networkLocation: /default-rack, certSerialId: null}} | ret=SUCCESS |  
2019-09-20 14:24:07,386 | INFO  | SCMAudit | user=jenkins1000 | ip=192.168.36.99 | op=GET_VERSION null | ret=SUCCESS |  
2019-09-20 14:24:07,415 [Datanode State Machine Thread - 0] INFO  ozoneimpl.OzoneContainer (OzoneContainer.java:start(186)) - Attempting to start container services.
2019-09-20 14:24:07,416 [Datanode State Machine Thread - 0] INFO  ozoneimpl.OzoneContainer (OzoneContainer.java:startContainerScrub(160)) - Background container scrubber has been disabled by hdds.containerscrub.enabled
2019-09-20 14:24:07,416 [Datanode State Machine Thread - 0] INFO  ratis.XceiverServerRatis (XceiverServerRatis.java:start(404)) - Starting XceiverServerRatis fc92467e-4cd7-4ea6-9bfc-11250c30c0f6 at port 0
2019-09-20 14:24:07,423 [Datanode State Machine Thread - 0] INFO  impl.RaftServerProxy (RaftServerProxy.java:lambda$start$3(299)) - fc92467e-4cd7-4ea6-9bfc-11250c30c0f6: start RPC server
2019-09-20 14:24:07,441 [Datanode State Machine Thread - 0] INFO  server.GrpcService (GrpcService.java:startImpl(149)) - fc92467e-4cd7-4ea6-9bfc-11250c30c0f6: GrpcService started, listening on 0.0.0.0/0.0.0.0:34828
2019-09-20 14:24:07,441 [Datanode State Machine Thread - 0] INFO  ratis.XceiverServerRatis (XceiverServerRatis.java:start(414)) - XceiverServerRatis fc92467e-4cd7-4ea6-9bfc-11250c30c0f6 is started using port 34828
2019-09-20 14:24:07,448 [Datanode State Machine Thread - 0] INFO  server.XceiverServerGrpc (XceiverServerGrpc.java:start(163)) - XceiverServerGrpc fc92467e-4cd7-4ea6-9bfc-11250c30c0f6 is started using port 37099
2019-09-20 14:24:07,489 [IPC Server handler 16 on 45282] INFO  net.NetworkTopology (NetworkTopologyImpl.java:add(110)) - Added a new node: /default-rack/c0a66530-d43a-4ae5-bdbb-2b9936068aaa
2019-09-20 14:24:07,489 [IPC Server handler 16 on 45282] INFO  node.SCMNodeManager (SCMNodeManager.java:register(273)) - Registered Data node : c0a66530-d43a-4ae5-bdbb-2b9936068aaa{ip: 192.168.36.99, host: pr-hdds-1569-p5fx8-1226042367, networkLocation: /default-rack, certSerialId: null}
2019-09-20 14:24:07,490 | INFO  | SCMAudit | user=jenkins1000 | ip=192.168.36.99 | op=REGISTER {datanodeDetails=c0a66530-d43a-4ae5-bdbb-2b9936068aaa{ip: 192.168.36.99, host: pr-hdds-1569-p5fx8-1226042367, networkLocation: /default-rack, certSerialId: null}} | ret=SUCCESS |  
2019-09-20 14:24:07,663 [main] INFO  ozone.MiniOzoneClusterImpl (MiniOzoneClusterImpl.java:lambda$waitForClusterToBeReady$0(142)) - Waiting for cluster to be ready. Got 2 of 10 DN Heartbeats.
2019-09-20 14:24:07,667 | INFO  | SCMAudit | user=jenkins1000 | ip=192.168.36.99 | op=GET_VERSION null | ret=SUCCESS |  
2019-09-20 14:24:07,699 [Datanode State Machine Thread - 0] INFO  ozoneimpl.OzoneContainer (OzoneContainer.java:start(186)) - Attempting to start container services.
2019-09-20 14:24:07,703 [Datanode State Machine Thread - 0] INFO  ozoneimpl.OzoneContainer (OzoneContainer.java:startContainerScrub(160)) - Background container scrubber has been disabled by hdds.containerscrub.enabled
2019-09-20 14:24:07,703 [Datanode State Machine Thread - 0] INFO  ratis.XceiverServerRatis (XceiverServerRatis.java:start(404)) - Starting XceiverServerRatis ea2f062a-dcfd-4d75-88ac-6c4e2f0364da at port 0
2019-09-20 14:24:07,709 [Datanode State Machine Thread - 0] INFO  impl.RaftServerProxy (RaftServerProxy.java:lambda$start$3(299)) - ea2f062a-dcfd-4d75-88ac-6c4e2f0364da: start RPC server
2019-09-20 14:24:07,713 [Datanode State Machine Thread - 0] INFO  server.GrpcService (GrpcService.java:startImpl(149)) - ea2f062a-dcfd-4d75-88ac-6c4e2f0364da: GrpcService started, listening on 0.0.0.0/0.0.0.0:35343
2019-09-20 14:24:07,714 [Datanode State Machine Thread - 0] INFO  ratis.XceiverServerRatis (XceiverServerRatis.java:start(414)) - XceiverServerRatis ea2f062a-dcfd-4d75-88ac-6c4e2f0364da is started using port 35343
2019-09-20 14:24:07,737 [Datanode State Machine Thread - 0] INFO  server.XceiverServerGrpc (XceiverServerGrpc.java:start(163)) - XceiverServerGrpc ea2f062a-dcfd-4d75-88ac-6c4e2f0364da is started using port 33411
2019-09-20 14:24:07,749 [IPC Server handler 12 on 45282] INFO  net.NetworkTopology (NetworkTopologyImpl.java:add(110)) - Added a new node: /default-rack/926b0f41-0722-49ff-a592-68b703f22f49
2019-09-20 14:24:07,750 [IPC Server handler 12 on 45282] INFO  node.SCMNodeManager (SCMNodeManager.java:register(273)) - Registered Data node : 926b0f41-0722-49ff-a592-68b703f22f49{ip: 192.168.36.99, host: pr-hdds-1569-p5fx8-1226042367, networkLocation: /default-rack, certSerialId: null}
2019-09-20 14:24:07,750 | INFO  | SCMAudit | user=jenkins1000 | ip=192.168.36.99 | op=REGISTER {datanodeDetails=926b0f41-0722-49ff-a592-68b703f22f49{ip: 192.168.36.99, host: pr-hdds-1569-p5fx8-1226042367, networkLocation: /default-rack, certSerialId: null}} | ret=SUCCESS |  
2019-09-20 14:24:08,355 [IPC Server handler 19 on 45282] INFO  net.NetworkTopology (NetworkTopologyImpl.java:add(110)) - Added a new node: /default-rack/4b9e2e33-9606-42c4-a38b-d8e2568a9ed5
2019-09-20 14:24:08,404 [IPC Server handler 19 on 45282] INFO  node.SCMNodeManager (SCMNodeManager.java:register(273)) - Registered Data node : 4b9e2e33-9606-42c4-a38b-d8e2568a9ed5{ip: 192.168.36.99, host: pr-hdds-1569-p5fx8-1226042367, networkLocation: /default-rack, certSerialId: null}
2019-09-20 14:24:08,405 [IPC Server handler 16 on 45282] INFO  net.NetworkTopology (NetworkTopologyImpl.java:add(110)) - Added a new node: /default-rack/93651a45-ffa4-4bae-ae49-6429ae7182bc
2019-09-20 14:24:08,405 | INFO  | SCMAudit | user=jenkins1000 | ip=192.168.36.99 | op=REGISTER {datanodeDetails=4b9e2e33-9606-42c4-a38b-d8e2568a9ed5{ip: 192.168.36.99, host: pr-hdds-1569-p5fx8-1226042367, networkLocation: /default-rack, certSerialId: null}} | ret=SUCCESS |  
2019-09-20 14:24:08,405 [IPC Server handler 16 on 45282] INFO  node.SCMNodeManager (SCMNodeManager.java:register(273)) - Registered Data node : 93651a45-ffa4-4bae-ae49-6429ae7182bc{ip: 192.168.36.99, host: pr-hdds-1569-p5fx8-1226042367, networkLocation: /default-rack, certSerialId: null}
2019-09-20 14:24:08,405 | INFO  | SCMAudit | user=jenkins1000 | ip=192.168.36.99 | op=REGISTER {datanodeDetails=93651a45-ffa4-4bae-ae49-6429ae7182bc{ip: 192.168.36.99, host: pr-hdds-1569-p5fx8-1226042367, networkLocation: /default-rack, certSerialId: null}} | ret=SUCCESS |  
2019-09-20 14:24:08,575 [grpc-default-executor-0] INFO  impl.RaftServerProxy (RaftServerProxy.java:addNew(89)) - 7c330693-1e2f-4265-ad51-f8ae66fac775: addNew group-C5415AA91C23:[7c330693-1e2f-4265-ad51-f8ae66fac775:192.168.36.99:39028] returns group-C5415AA91C23:java.util.concurrent.CompletableFuture@51da9aa7[Not completed]
2019-09-20 14:24:08,616 [pool-27-thread-1] INFO  impl.RaftServerImpl (RaftServerImpl.java:<init>(93)) - 7c330693-1e2f-4265-ad51-f8ae66fac775: new RaftServerImpl for group-C5415AA91C23:[7c330693-1e2f-4265-ad51-f8ae66fac775:192.168.36.99:39028] with ContainerStateMachine:uninitialized
2019-09-20 14:24:08,618 [pool-27-thread-1] INFO  server.RaftServerConfigKeys (ConfUtils.java:logGet(43)) - raft.server.rpc.timeout.min = 5s (custom)
2019-09-20 14:24:08,622 [pool-27-thread-1] INFO  server.RaftServerConfigKeys (ConfUtils.java:logGet(43)) - raft.server.rpc.timeout.max = 5200ms (custom)
2019-09-20 14:24:08,622 [pool-27-thread-1] INFO  server.RaftServerConfigKeys (ConfUtils.java:logGet(43)) - raft.server.rpcslowness.timeout = 120s (custom)
2019-09-20 14:24:08,622 [pool-27-thread-1] INFO  server.RaftServerConfigKeys (ConfUtils.java:logGet(43)) - raft.server.sleep.deviation.threshold = 300 (default)
2019-09-20 14:24:08,623 [pool-27-thread-1] INFO  server.RaftServerConfigKeys (ConfUtils.java:logGet(43)) - raft.server.log.appender.install.snapshot.enabled = false (custom)
2019-09-20 14:24:08,631 [pool-27-thread-1] INFO  impl.RaftServerImpl (ServerState.java:<init>(105)) - 7c330693-1e2f-4265-ad51-f8ae66fac775:group-C5415AA91C23 ConfigurationManager, init=-1: [7c330693-1e2f-4265-ad51-f8ae66fac775:192.168.36.99:39028], old=null, confs=<EMPTY_MAP>
2019-09-20 14:24:08,631 [pool-27-thread-1] INFO  server.RaftServerConfigKeys (ConfUtils.java:logGet(43)) - raft.server.storage.dir = [/workdir/hadoop-ozone/ozonefs/target/test-dir/MiniOzoneClusterImpl-72e1902e-de17-4929-8ada-cc6049662493/datanode-0/data/ratis] (custom)
2019-09-20 14:24:08,638 [pool-27-thread-1] INFO  storage.RaftStorageDirectory (RaftStorageDirectory.java:analyzeStorage(246)) - The storage directory /workdir/hadoop-ozone/ozonefs/target/test-dir/MiniOzoneClusterImpl-72e1902e-de17-4929-8ada-cc6049662493/datanode-0/data/ratis/e6a82738-5411-4970-af4e-c5415aa91c23 does not exist. Creating ...
2019-09-20 14:24:08,660 [IPC Server handler 11 on 45282] INFO  net.NetworkTopology (NetworkTopologyImpl.java:add(110)) - Added a new node: /default-rack/f44a1c99-f9ac-4ca4-85ec-e98b84e0ebc2
2019-09-20 14:24:08,661 [IPC Server handler 11 on 45282] INFO  node.SCMNodeManager (SCMNodeManager.java:register(273)) - Registered Data node : f44a1c99-f9ac-4ca4-85ec-e98b84e0ebc2{ip: 192.168.36.99, host: pr-hdds-1569-p5fx8-1226042367, networkLocation: /default-rack, certSerialId: null}
2019-09-20 14:24:08,661 | INFO  | SCMAudit | user=jenkins1000 | ip=192.168.36.99 | op=REGISTER {datanodeDetails=f44a1c99-f9ac-4ca4-85ec-e98b84e0ebc2{ip: 192.168.36.99, host: pr-hdds-1569-p5fx8-1226042367, networkLocation: /default-rack, certSerialId: null}} | ret=SUCCESS |  
2019-09-20 14:24:08,664 [main] INFO  ozone.MiniOzoneClusterImpl (MiniOzoneClusterImpl.java:lambda$waitForClusterToBeReady$0(142)) - Waiting for cluster to be ready. Got 6 of 10 DN Heartbeats.
2019-09-20 14:24:08,666 [pool-27-thread-1] INFO  storage.RaftStorageDirectory (RaftStorageDirectory.java:tryLock(328)) - Lock on /workdir/hadoop-ozone/ozonefs/target/test-dir/MiniOzoneClusterImpl-72e1902e-de17-4929-8ada-cc6049662493/datanode-0/data/ratis/e6a82738-5411-4970-af4e-c5415aa91c23/in_use.lock acquired by nodename 20069@pr-hdds-1569-p5fx8-1226042367
2019-09-20 14:24:08,691 [pool-27-thread-1] INFO  storage.RaftStorage (RaftStorage.java:format(72)) - Storage directory /workdir/hadoop-ozone/ozonefs/target/test-dir/MiniOzoneClusterImpl-72e1902e-de17-4929-8ada-cc6049662493/datanode-0/data/ratis/e6a82738-5411-4970-af4e-c5415aa91c23 has been successfully formatted.
2019-09-20 14:24:08,694 [pool-27-thread-1] INFO  ratis.ContainerStateMachine (ContainerStateMachine.java:loadSnapshot(226)) - group-C5415AA91C23: The snapshot info is null. Setting the last applied indexto:(t:0, i:~)
2019-09-20 14:24:08,694 [pool-27-thread-1] INFO  server.RaftServerConfigKeys (ConfUtils.java:logGet(43)) - raft.server.leader.election.timeout = 120s (custom)
2019-09-20 14:24:08,696 [pool-27-thread-1] INFO  server.RaftServerConfigKeys (ConfUtils.java:logGet(43)) - raft.server.log.use.memory = false (default)
2019-09-20 14:24:08,702 [pool-27-thread-1] INFO  server.RaftServerConfigKeys (ConfUtils.java:logGet(43)) - raft.server.log.purge.gap = 1000000 (custom)
2019-09-20 14:24:08,703 [pool-27-thread-1] INFO  server.RaftServerConfigKeys (ConfUtils.java:logGet(43)) - raft.server.log.appender.buffer.byte-limit = 33554432 (custom)
2019-09-20 14:24:08,705 [pool-27-thread-1] INFO  server.RaftServerConfigKeys (ConfUtils.java:logGet(43)) - raft.server.log.segment.size.max = 1048576 (custom)
2019-09-20 14:24:08,709 [pool-27-thread-1] INFO  server.RaftServerConfigKeys (ConfUtils.java:logGet(43)) - raft.server.log.segment.cache.num.max = 2 (custom)
2019-09-20 14:24:08,715 [pool-27-thread-1] INFO  segmented.SegmentedRaftLogWorker (SegmentedRaftLogWorker.java:<init>(172)) - new 7c330693-1e2f-4265-ad51-f8ae66fac775-SegmentedRaftLogWorker:Storage Directory /workdir/hadoop-ozone/ozonefs/target/test-dir/MiniOzoneClusterImpl-72e1902e-de17-4929-8ada-cc6049662493/datanode-0/data/ratis/e6a82738-5411-4970-af4e-c5415aa91c23 for RaftStorage:Storage Directory /workdir/hadoop-ozone/ozonefs/target/test-dir/MiniOzoneClusterImpl-72e1902e-de17-4929-8ada-cc6049662493/datanode-0/data/ratis/e6a82738-5411-4970-af4e-c5415aa91c23
2019-09-20 14:24:08,727 [pool-27-thread-1] INFO  server.RaftServerConfigKeys (ConfUtils.java:logGet(43)) - raft.server.log.queue.byte-limit = 2147483647 (custom)
2019-09-20 14:24:08,728 [pool-27-thread-1] INFO  server.RaftServerConfigKeys (ConfUtils.java:logGet(43)) - raft.server.log.queue.element-limit = 1024 (custom)
2019-09-20 14:24:08,733 [pool-27-thread-1] INFO  server.RaftServerConfigKeys (ConfUtils.java:logGet(43)) - raft.server.log.segment.size.max = 1048576 (custom)
2019-09-20 14:24:08,733 [pool-27-thread-1] INFO  server.RaftServerConfigKeys (ConfUtils.java:logGet(43)) - raft.server.log.preallocated.size = 16384 (custom)
2019-09-20 14:24:08,733 [pool-27-thread-1] INFO  server.RaftServerConfigKeys (ConfUtils.java:logGet(43)) - raft.server.log.write.buffer.size = 33554432 (custom)
2019-09-20 14:24:08,734 [pool-27-thread-1] INFO  server.RaftServerConfigKeys (ConfUtils.java:logGet(43)) - raft.server.log.force.sync.num = 128 (default)
2019-09-20 14:24:08,735 [pool-27-thread-1] INFO  server.RaftServerConfigKeys (ConfUtils.java:logGet(43)) - raft.server.log.statemachine.data.sync = true (default)
2019-09-20 14:24:08,735 [pool-27-thread-1] INFO  server.RaftServerConfigKeys (ConfUtils.java:logGet(43)) - raft.server.log.statemachine.data.sync.timeout = 10s (default)
2019-09-20 14:24:08,735 [pool-27-thread-1] INFO  server.RaftServerConfigKeys (ConfUtils.java:logGet(43)) - raft.server.log.statemachine.data.sync.timeout.retry = -1 (default)
2019-09-20 14:24:08,744 [pool-27-thread-1] INFO  server.RaftServerConfigKeys (ConfUtils.java:logGet(43)) - raft.server.log.statemachine.data.caching.enabled = true (custom)
2019-09-20 14:24:08,749 [pool-27-thread-1] INFO  segmented.SegmentedRaftLogWorker (SegmentedRaftLogWorker.java:lambda$new$0(132)) - 7c330693-1e2f-4265-ad51-f8ae66fac775-SegmentedRaftLogWorker:Storage Directory /workdir/hadoop-ozone/ozonefs/target/test-dir/MiniOzoneClusterImpl-72e1902e-de17-4929-8ada-cc6049662493/datanode-0/data/ratis/e6a82738-5411-4970-af4e-c5415aa91c23: flushIndex: setUnconditionally 0 -> -1
2019-09-20 14:24:08,753 [pool-27-thread-1] INFO  server.RaftServerConfigKeys (ConfUtils.java:logGet(43)) - raft.server.snapshot.auto.trigger.enabled = true (custom)
2019-09-20 14:24:08,754 [pool-27-thread-1] INFO  server.RaftServerConfigKeys (ConfUtils.java:logGet(43)) - raft.server.snapshot.auto.trigger.threshold = 10000 (custom)
2019-09-20 14:24:08,754 [pool-27-thread-1] INFO  server.RaftServerConfigKeys (ConfUtils.java:logGet(43)) - raft.server.retrycache.expirytime = 600000ms (custom)
2019-09-20 14:24:08,776 [pool-27-thread-1] INFO  impl.RaftServerImpl (RaftServerImpl.java:start(180)) - 7c330693-1e2f-4265-ad51-f8ae66fac775: start group-C5415AA91C23
2019-09-20 14:24:08,777 [pool-27-thread-1] INFO  impl.RaftServerImpl (RaftServerImpl.java:setRole(171)) - 7c330693-1e2f-4265-ad51-f8ae66fac775:group-C5415AA91C23 changes role from null to FOLLOWER at term 0 for startAsFollower
2019-09-20 14:24:08,778 [pool-27-thread-1] INFO  impl.RoleInfo (RoleInfo.java:updateAndGet(143)) - 7c330693-1e2f-4265-ad51-f8ae66fac775: start FollowerState
2019-09-20 14:24:08,780 [pool-27-thread-1] INFO  util.JmxRegister (JmxRegister.java:tryRegister(44)) - Successfully registered JMX Bean with object name Ratis:service=RaftServer,group=group-C5415AA91C23,id=7c330693-1e2f-4265-ad51-f8ae66fac775
2019-09-20 14:24:08,854 [RatisPipelineUtilsThread] INFO  pipeline.PipelineStateManager (PipelineStateManager.java:addPipeline(56)) - Created pipeline Pipeline[ Id: e6a82738-5411-4970-af4e-c5415aa91c23, Nodes: 7c330693-1e2f-4265-ad51-f8ae66fac775{ip: 192.168.36.99, host: pr-hdds-1569-p5fx8-1226042367, networkLocation: /default-rack, certSerialId: null}, Type:RATIS, Factor:ONE, State:OPEN]
2019-09-20 14:24:08,883 [grpc-default-executor-0] INFO  impl.RaftServerProxy (RaftServerProxy.java:addNew(89)) - 7c330693-1e2f-4265-ad51-f8ae66fac775: addNew group-47366928255C:[7c330693-1e2f-4265-ad51-f8ae66fac775:192.168.36.99:39028] returns group-47366928255C:java.util.concurrent.CompletableFuture@7af8cc1f[Not completed]
2019-09-20 14:24:08,885 [pool-27-thread-1] INFO  impl.RaftServerImpl (RaftServerImpl.java:<init>(93)) - 7c330693-1e2f-4265-ad51-f8ae66fac775: new RaftServerImpl for group-47366928255C:[7c330693-1e2f-4265-ad51-f8ae66fac775:192.168.36.99:39028] with ContainerStateMachine:uninitialized
2019-09-20 14:24:08,885 [pool-27-thread-1] INFO  server.RaftServerConfigKeys (ConfUtils.java:logGet(43)) - raft.server.rpc.timeout.min = 5s (custom)
2019-09-20 14:24:08,886 [pool-27-thread-1] INFO  server.RaftServerConfigKeys (ConfUtils.java:logGet(43)) - raft.server.rpc.timeout.max = 5200ms (custom)
2019-09-20 14:24:08,886 [pool-27-thread-1] INFO  server.RaftServerConfigKeys (ConfUtils.java:logGet(43)) - raft.server.rpcslowness.timeout = 120s (custom)
2019-09-20 14:24:08,886 [pool-27-thread-1] INFO  server.RaftServerConfigKeys (ConfUtils.java:logGet(43)) - raft.server.sleep.deviation.threshold = 300 (default)
2019-09-20 14:24:08,886 [pool-27-thread-1] INFO  server.RaftServerConfigKeys (ConfUtils.java:logGet(43)) - raft.server.log.appender.install.snapshot.enabled = false (custom)
2019-09-20 14:24:08,886 [pool-27-thread-1] INFO  impl.RaftServerImpl (ServerState.java:<init>(105)) - 7c330693-1e2f-4265-ad51-f8ae66fac775:group-47366928255C ConfigurationManager, init=-1: [7c330693-1e2f-4265-ad51-f8ae66fac775:192.168.36.99:39028], old=null, confs=<EMPTY_MAP>
2019-09-20 14:24:08,887 [pool-27-thread-1] INFO  server.RaftServerConfigKeys (ConfUtils.java:logGet(43)) - raft.server.storage.dir = [/workdir/hadoop-ozone/ozonefs/target/test-dir/MiniOzoneClusterImpl-72e1902e-de17-4929-8ada-cc6049662493/datanode-0/data/ratis] (custom)
2019-09-20 14:24:08,887 [pool-27-thread-1] INFO  storage.RaftStorageDirectory (RaftStorageDirectory.java:analyzeStorage(246)) - The storage directory /workdir/hadoop-ozone/ozonefs/target/test-dir/MiniOzoneClusterImpl-72e1902e-de17-4929-8ada-cc6049662493/datanode-0/data/ratis/c19af01e-2dad-4a04-87c1-47366928255c does not exist. Creating ...
2019-09-20 14:24:08,911 [pool-27-thread-1] INFO  storage.RaftStorageDirectory (RaftStorageDirectory.java:tryLock(328)) - Lock on /workdir/hadoop-ozone/ozonefs/target/test-dir/MiniOzoneClusterImpl-72e1902e-de17-4929-8ada-cc6049662493/datanode-0/data/ratis/c19af01e-2dad-4a04-87c1-47366928255c/in_use.lock acquired by nodename 20069@pr-hdds-1569-p5fx8-1226042367
2019-09-20 14:24:08,930 [IPC Server handler 18 on 45282] INFO  net.NetworkTopology (NetworkTopologyImpl.java:add(110)) - Added a new node: /default-rack/9101a5c2-dfb1-4c31-830b-4c77eb758348
2019-09-20 14:24:08,930 [IPC Server handler 18 on 45282] INFO  node.SCMNodeManager (SCMNodeManager.java:register(273)) - Registered Data node : 9101a5c2-dfb1-4c31-830b-4c77eb758348{ip: 192.168.36.99, host: pr-hdds-1569-p5fx8-1226042367, networkLocation: /default-rack, certSerialId: null}
2019-09-20 14:24:08,930 | INFO  | SCMAudit | user=jenkins1000 | ip=192.168.36.99 | op=REGISTER {datanodeDetails=9101a5c2-dfb1-4c31-830b-4c77eb758348{ip: 192.168.36.99, host: pr-hdds-1569-p5fx8-1226042367, networkLocation: /default-rack, certSerialId: null}} | ret=SUCCESS |  
2019-09-20 14:24:08,952 [pool-27-thread-1] INFO  storage.RaftStorage (RaftStorage.java:format(72)) - Storage directory /workdir/hadoop-ozone/ozonefs/target/test-dir/MiniOzoneClusterImpl-72e1902e-de17-4929-8ada-cc6049662493/datanode-0/data/ratis/c19af01e-2dad-4a04-87c1-47366928255c has been successfully formatted.
2019-09-20 14:24:08,953 [pool-27-thread-1] INFO  ratis.ContainerStateMachine (ContainerStateMachine.java:loadSnapshot(226)) - group-47366928255C: The snapshot info is null. Setting the last applied indexto:(t:0, i:~)
2019-09-20 14:24:08,953 [pool-27-thread-1] INFO  server.RaftServerConfigKeys (ConfUtils.java:logGet(43)) - raft.server.leader.election.timeout = 120s (custom)
2019-09-20 14:24:08,953 [pool-27-thread-1] INFO  server.RaftServerConfigKeys (ConfUtils.java:logGet(43)) - raft.server.log.use.memory = false (default)
2019-09-20 14:24:08,953 [pool-27-thread-1] INFO  server.RaftServerConfigKeys (ConfUtils.java:logGet(43)) - raft.server.log.purge.gap = 1000000 (custom)
2019-09-20 14:24:08,953 [pool-27-thread-1] INFO  server.RaftServerConfigKeys (ConfUtils.java:logGet(43)) - raft.server.log.appender.buffer.byte-limit = 33554432 (custom)
2019-09-20 14:24:08,953 [pool-27-thread-1] INFO  server.RaftServerConfigKeys (ConfUtils.java:logGet(43)) - raft.server.log.segment.size.max = 1048576 (custom)
2019-09-20 14:24:08,953 [pool-27-thread-1] INFO  server.RaftServerConfigKeys (ConfUtils.java:logGet(43)) - raft.server.log.segment.cache.num.max = 2 (custom)
2019-09-20 14:24:08,954 [pool-27-thread-1] INFO  segmented.SegmentedRaftLogWorker (SegmentedRaftLogWorker.java:<init>(172)) - new 7c330693-1e2f-4265-ad51-f8ae66fac775-SegmentedRaftLogWorker:Storage Directory /workdir/hadoop-ozone/ozonefs/target/test-dir/MiniOzoneClusterImpl-72e1902e-de17-4929-8ada-cc6049662493/datanode-0/data/ratis/c19af01e-2dad-4a04-87c1-47366928255c for RaftStorage:Storage Directory /workdir/hadoop-ozone/ozonefs/target/test-dir/MiniOzoneClusterImpl-72e1902e-de17-4929-8ada-cc6049662493/datanode-0/data/ratis/c19af01e-2dad-4a04-87c1-47366928255c
2019-09-20 14:24:08,954 [pool-27-thread-1] INFO  server.RaftServerConfigKeys (ConfUtils.java:logGet(43)) - raft.server.log.queue.byte-limit = 2147483647 (custom)
2019-09-20 14:24:08,954 [pool-27-thread-1] INFO  server.RaftServerConfigKeys (ConfUtils.java:logGet(43)) - raft.server.log.queue.element-limit = 1024 (custom)
2019-09-20 14:24:08,954 [pool-27-thread-1] INFO  server.RaftServerConfigKeys (ConfUtils.java:logGet(43)) - raft.server.log.segment.size.max = 1048576 (custom)
2019-09-20 14:24:08,954 [pool-27-thread-1] INFO  server.RaftServerConfigKeys (ConfUtils.java:logGet(43)) - raft.server.log.preallocated.size = 16384 (custom)
2019-09-20 14:24:08,954 [pool-27-thread-1] INFO  server.RaftServerConfigKeys (ConfUtils.java:logGet(43)) - raft.server.log.write.buffer.size = 33554432 (custom)
2019-09-20 14:24:08,954 [pool-27-thread-1] INFO  server.RaftServerConfigKeys (ConfUtils.java:logGet(43)) - raft.server.log.force.sync.num = 128 (default)
2019-09-20 14:24:08,954 [pool-27-thread-1] INFO  server.RaftServerConfigKeys (ConfUtils.java:logGet(43)) - raft.server.log.statemachine.data.sync = true (default)
2019-09-20 14:24:08,955 [pool-27-thread-1] INFO  server.RaftServerConfigKeys (ConfUtils.java:logGet(43)) - raft.server.log.statemachine.data.sync.timeout = 10s (default)
2019-09-20 14:24:08,955 [pool-27-thread-1] INFO  server.RaftServerConfigKeys (ConfUtils.java:logGet(43)) - raft.server.log.statemachine.data.sync.timeout.retry = -1 (default)
2019-09-20 14:24:08,955 [pool-27-thread-1] INFO  server.RaftServerConfigKeys (ConfUtils.java:logGet(43)) - raft.server.log.statemachine.data.caching.enabled = true (custom)
2019-09-20 14:24:08,955 [pool-27-thread-1] INFO  segmented.SegmentedRaftLogWorker (SegmentedRaftLogWorker.java:lambda$new$0(132)) - 7c330693-1e2f-4265-ad51-f8ae66fac775-SegmentedRaftLogWorker:Storage Directory /workdir/hadoop-ozone/ozonefs/target/test-dir/MiniOzoneClusterImpl-72e1902e-de17-4929-8ada-cc6049662493/datanode-0/data/ratis/c19af01e-2dad-4a04-87c1-47366928255c: flushIndex: setUnconditionally 0 -> -1
2019-09-20 14:24:08,955 [pool-27-thread-1] INFO  server.RaftServerConfigKeys (ConfUtils.java:logGet(43)) - raft.server.snapshot.auto.trigger.enabled = true (custom)
2019-09-20 14:24:08,956 [pool-27-thread-1] INFO  server.RaftServerConfigKeys (ConfUtils.java:logGet(43)) - raft.server.snapshot.auto.trigger.threshold = 10000 (custom)
2019-09-20 14:24:08,956 [pool-27-thread-1] INFO  server.RaftServerConfigKeys (ConfUtils.java:logGet(43)) - raft.server.retrycache.expirytime = 600000ms (custom)
2019-09-20 14:24:08,956 [pool-27-thread-1] INFO  impl.RaftServerImpl (RaftServerImpl.java:start(180)) - 7c330693-1e2f-4265-ad51-f8ae66fac775: start group-47366928255C
2019-09-20 14:24:08,956 [pool-27-thread-1] INFO  impl.RaftServerImpl (RaftServerImpl.java:setRole(171)) - 7c330693-1e2f-4265-ad51-f8ae66fac775:group-47366928255C changes role from null to FOLLOWER at term 0 for startAsFollower
2019-09-20 14:24:08,956 [pool-27-thread-1] INFO  impl.RoleInfo (RoleInfo.java:updateAndGet(143)) - 7c330693-1e2f-4265-ad51-f8ae66fac775: start FollowerState
2019-09-20 14:24:08,957 [pool-27-thread-1] INFO  util.JmxRegister (JmxRegister.java:tryRegister(44)) - Successfully registered JMX Bean with object name Ratis:service=RaftServer,group=group-47366928255C,id=7c330693-1e2f-4265-ad51-f8ae66fac775
2019-09-20 14:24:08,972 [RatisPipelineUtilsThread] INFO  pipeline.PipelineStateManager (PipelineStateManager.java:addPipeline(56)) - Created pipeline Pipeline[ Id: c19af01e-2dad-4a04-87c1-47366928255c, Nodes: 7c330693-1e2f-4265-ad51-f8ae66fac775{ip: 192.168.36.99, host: pr-hdds-1569-p5fx8-1226042367, networkLocation: /default-rack, certSerialId: null}, Type:RATIS, Factor:ONE, State:OPEN]
2019-09-20 14:24:08,997 [grpc-default-executor-0] INFO  impl.RaftServerProxy (RaftServerProxy.java:addNew(89)) - c0a66530-d43a-4ae5-bdbb-2b9936068aaa: addNew group-D05775D47748:[c0a66530-d43a-4ae5-bdbb-2b9936068aaa:192.168.36.99:34723] returns group-D05775D47748:java.util.concurrent.CompletableFuture@3a0690ee[Not completed]
2019-09-20 14:24:09,065 [pool-38-thread-1] INFO  impl.RaftServerImpl (RaftServerImpl.java:<init>(93)) - c0a66530-d43a-4ae5-bdbb-2b9936068aaa: new RaftServerImpl for group-D05775D47748:[c0a66530-d43a-4ae5-bdbb-2b9936068aaa:192.168.36.99:34723] with ContainerStateMachine:uninitialized
2019-09-20 14:24:09,067 [pool-38-thread-1] INFO  server.RaftServerConfigKeys (ConfUtils.java:logGet(43)) - raft.server.rpc.timeout.min = 5s (custom)
2019-09-20 14:24:09,067 [pool-38-thread-1] INFO  server.RaftServerConfigKeys (ConfUtils.java:logGet(43)) - raft.server.rpc.timeout.max = 5200ms (custom)
2019-09-20 14:24:09,068 [pool-38-thread-1] INFO  server.RaftServerConfigKeys (ConfUtils.java:logGet(43)) - raft.server.rpcslowness.timeout = 120s (custom)
2019-09-20 14:24:09,068 [pool-38-thread-1] INFO  server.RaftServerConfigKeys (ConfUtils.java:logGet(43)) - raft.server.sleep.deviation.threshold = 300 (default)
2019-09-20 14:24:09,068 [pool-38-thread-1] INFO  server.RaftServerConfigKeys (ConfUtils.java:logGet(43)) - raft.server.log.appender.install.snapshot.enabled = false (custom)
2019-09-20 14:24:09,068 [pool-38-thread-1] INFO  impl.RaftServerImpl (ServerState.java:<init>(105)) - c0a66530-d43a-4ae5-bdbb-2b9936068aaa:group-D05775D47748 ConfigurationManager, init=-1: [c0a66530-d43a-4ae5-bdbb-2b9936068aaa:192.168.36.99:34723], old=null, confs=<EMPTY_MAP>
2019-09-20 14:24:09,068 [pool-38-thread-1] INFO  server.RaftServerConfigKeys (ConfUtils.java:logGet(43)) - raft.server.storage.dir = [/workdir/hadoop-ozone/ozonefs/target/test-dir/MiniOzoneClusterImpl-72e1902e-de17-4929-8ada-cc6049662493/datanode-1/data/ratis] (custom)
2019-09-20 14:24:09,069 [pool-38-thread-1] INFO  storage.RaftStorageDirectory (RaftStorageDirectory.java:analyzeStorage(246)) - The storage directory /workdir/hadoop-ozone/ozonefs/target/test-dir/MiniOzoneClusterImpl-72e1902e-de17-4929-8ada-cc6049662493/datanode-1/data/ratis/ab1be86c-913a-40bb-8442-d05775d47748 does not exist. Creating ...
2019-09-20 14:24:09,088 [pool-38-thread-1] INFO  storage.RaftStorageDirectory (RaftStorageDirectory.java:tryLock(328)) - Lock on /workdir/hadoop-ozone/ozonefs/target/test-dir/MiniOzoneClusterImpl-72e1902e-de17-4929-8ada-cc6049662493/datanode-1/data/ratis/ab1be86c-913a-40bb-8442-d05775d47748/in_use.lock acquired by nodename 20069@pr-hdds-1569-p5fx8-1226042367
2019-09-20 14:24:09,105 [pool-38-thread-1] INFO  storage.RaftStorage (RaftStorage.java:format(72)) - Storage directory /workdir/hadoop-ozone/ozonefs/target/test-dir/MiniOzoneClusterImpl-72e1902e-de17-4929-8ada-cc6049662493/datanode-1/data/ratis/ab1be86c-913a-40bb-8442-d05775d47748 has been successfully formatted.
2019-09-20 14:24:09,108 [pool-38-thread-1] INFO  ratis.ContainerStateMachine (ContainerStateMachine.java:loadSnapshot(226)) - group-D05775D47748: The snapshot info is null. Setting the last applied indexto:(t:0, i:~)
2019-09-20 14:24:09,110 [pool-38-thread-1] INFO  server.RaftServerConfigKeys (ConfUtils.java:logGet(43)) - raft.server.leader.election.timeout = 120s (custom)
2019-09-20 14:24:09,110 [pool-38-thread-1] INFO  server.RaftServerConfigKeys (ConfUtils.java:logGet(43)) - raft.server.log.use.memory = false (default)
2019-09-20 14:24:09,110 [pool-38-thread-1] INFO  server.RaftServerConfigKeys (ConfUtils.java:logGet(43)) - raft.server.log.purge.gap = 1000000 (custom)
2019-09-20 14:24:09,110 [pool-38-thread-1] INFO  server.RaftServerConfigKeys (ConfUtils.java:logGet(43)) - raft.server.log.appender.buffer.byte-limit = 33554432 (custom)
2019-09-20 14:24:09,111 [pool-38-thread-1] INFO  server.RaftServerConfigKeys (ConfUtils.java:logGet(43)) - raft.server.log.segment.size.max = 1048576 (custom)
2019-09-20 14:24:09,111 [pool-38-thread-1] INFO  server.RaftServerConfigKeys (ConfUtils.java:logGet(43)) - raft.server.log.segment.cache.num.max = 2 (custom)
2019-09-20 14:24:09,111 [pool-38-thread-1] INFO  segmented.SegmentedRaftLogWorker (SegmentedRaftLogWorker.java:<init>(172)) - new c0a66530-d43a-4ae5-bdbb-2b9936068aaa-SegmentedRaftLogWorker:Storage Directory /workdir/hadoop-ozone/ozonefs/target/test-dir/MiniOzoneClusterImpl-72e1902e-de17-4929-8ada-cc6049662493/datanode-1/data/ratis/ab1be86c-913a-40bb-8442-d05775d47748 for RaftStorage:Storage Directory /workdir/hadoop-ozone/ozonefs/target/test-dir/MiniOzoneClusterImpl-72e1902e-de17-4929-8ada-cc6049662493/datanode-1/data/ratis/ab1be86c-913a-40bb-8442-d05775d47748
2019-09-20 14:24:09,113 [pool-38-thread-1] INFO  server.RaftServerConfigKeys (ConfUtils.java:logGet(43)) - raft.server.log.queue.byte-limit = 2147483647 (custom)
2019-09-20 14:24:09,113 [pool-38-thread-1] INFO  server.RaftServerConfigKeys (ConfUtils.java:logGet(43)) - raft.server.log.queue.element-limit = 1024 (custom)
2019-09-20 14:24:09,113 [pool-38-thread-1] INFO  server.RaftServerConfigKeys (ConfUtils.java:logGet(43)) - raft.server.log.segment.size.max = 1048576 (custom)
2019-09-20 14:24:09,113 [pool-38-thread-1] INFO  server.RaftServerConfigKeys (ConfUtils.java:logGet(43)) - raft.server.log.preallocated.size = 16384 (custom)
2019-09-20 14:24:09,114 [pool-38-thread-1] INFO  server.RaftServerConfigKeys (ConfUtils.java:logGet(43)) - raft.server.log.write.buffer.size = 33554432 (custom)
2019-09-20 14:24:09,114 [pool-38-thread-1] INFO  server.RaftServerConfigKeys (ConfUtils.java:logGet(43)) - raft.server.log.force.sync.num = 128 (default)
2019-09-20 14:24:09,114 [pool-38-thread-1] INFO  server.RaftServerConfigKeys (ConfUtils.java:logGet(43)) - raft.server.log.statemachine.data.sync = true (default)
2019-09-20 14:24:09,114 [pool-38-thread-1] INFO  server.RaftServerConfigKeys (ConfUtils.java:logGet(43)) - raft.server.log.statemachine.data.sync.timeout = 10s (default)
2019-09-20 14:24:09,114 [pool-38-thread-1] INFO  server.RaftServerConfigKeys (ConfUtils.java:logGet(43)) - raft.server.log.statemachine.data.sync.timeout.retry = -1 (default)
2019-09-20 14:24:09,115 [pool-38-thread-1] INFO  server.RaftServerConfigKeys (ConfUtils.java:logGet(43)) - raft.server.log.statemachine.data.caching.enabled = true (custom)
2019-09-20 14:24:09,115 [pool-38-thread-1] INFO  segmented.SegmentedRaftLogWorker (SegmentedRaftLogWorker.java:lambda$new$0(132)) - c0a66530-d43a-4ae5-bdbb-2b9936068aaa-SegmentedRaftLogWorker:Storage Directory /workdir/hadoop-ozone/ozonefs/target/test-dir/MiniOzoneClusterImpl-72e1902e-de17-4929-8ada-cc6049662493/datanode-1/data/ratis/ab1be86c-913a-40bb-8442-d05775d47748: flushIndex: setUnconditionally 0 -> -1
2019-09-20 14:24:09,116 [pool-38-thread-1] INFO  server.RaftServerConfigKeys (ConfUtils.java:logGet(43)) - raft.server.snapshot.auto.trigger.enabled = true (custom)
2019-09-20 14:24:09,116 [pool-38-thread-1] INFO  server.RaftServerConfigKeys (ConfUtils.java:logGet(43)) - raft.server.snapshot.auto.trigger.threshold = 10000 (custom)
2019-09-20 14:24:09,116 [pool-38-thread-1] INFO  server.RaftServerConfigKeys (ConfUtils.java:logGet(43)) - raft.server.retrycache.expirytime = 600000ms (custom)
2019-09-20 14:24:09,116 [pool-38-thread-1] INFO  impl.RaftServerImpl (RaftServerImpl.java:start(180)) - c0a66530-d43a-4ae5-bdbb-2b9936068aaa: start group-D05775D47748
2019-09-20 14:24:09,117 [pool-38-thread-1] INFO  impl.RaftServerImpl (RaftServerImpl.java:setRole(171)) - c0a66530-d43a-4ae5-bdbb-2b9936068aaa:group-D05775D47748 changes role from null to FOLLOWER at term 0 for startAsFollower
2019-09-20 14:24:09,117 [pool-38-thread-1] INFO  impl.RoleInfo (RoleInfo.java:updateAndGet(143)) - c0a66530-d43a-4ae5-bdbb-2b9936068aaa: start FollowerState
2019-09-20 14:24:09,119 [pool-38-thread-1] INFO  util.JmxRegister (JmxRegister.java:tryRegister(44)) - Successfully registered JMX Bean with object name Ratis:service=RaftServer,group=group-D05775D47748,id=c0a66530-d43a-4ae5-bdbb-2b9936068aaa
2019-09-20 14:24:09,133 [RatisPipelineUtilsThread] INFO  pipeline.PipelineStateManager (PipelineStateManager.java:addPipeline(56)) - Created pipeline Pipeline[ Id: ab1be86c-913a-40bb-8442-d05775d47748, Nodes: c0a66530-d43a-4ae5-bdbb-2b9936068aaa{ip: 192.168.36.99, host: pr-hdds-1569-p5fx8-1226042367, networkLocation: /default-rack, certSerialId: null}, Type:RATIS, Factor:ONE, State:OPEN]
2019-09-20 14:24:09,156 [IPC Server handler 17 on 45282] INFO  net.NetworkTopology (NetworkTopologyImpl.java:add(110)) - Added a new node: /default-rack/e0033df1-dced-4562-b4c4-a94a3cb6c131
2019-09-20 14:24:09,157 [IPC Server handler 17 on 45282] INFO  node.SCMNodeManager (SCMNodeManager.java:register(273)) - Registered Data node : e0033df1-dced-4562-b4c4-a94a3cb6c131{ip: 192.168.36.99, host: pr-hdds-1569-p5fx8-1226042367, networkLocation: /default-rack, certSerialId: null}
2019-09-20 14:24:09,157 [grpc-default-executor-0] INFO  impl.RaftServerProxy (RaftServerProxy.java:addNew(89)) - 7c330693-1e2f-4265-ad51-f8ae66fac775: addNew group-684CDF9BB826:[7c330693-1e2f-4265-ad51-f8ae66fac775:192.168.36.99:39028] returns group-684CDF9BB826:java.util.concurrent.CompletableFuture@29a163b4[Not completed]
2019-09-20 14:24:09,157 | INFO  | SCMAudit | user=jenkins1000 | ip=192.168.36.99 | op=REGISTER {datanodeDetails=e0033df1-dced-4562-b4c4-a94a3cb6c131{ip: 192.168.36.99, host: pr-hdds-1569-p5fx8-1226042367, networkLocation: /default-rack, certSerialId: null}} | ret=SUCCESS |  
2019-09-20 14:24:09,170 [pool-27-thread-1] INFO  impl.RaftServerImpl (RaftServerImpl.java:<init>(93)) - 7c330693-1e2f-4265-ad51-f8ae66fac775: new RaftServerImpl for group-684CDF9BB826:[7c330693-1e2f-4265-ad51-f8ae66fac775:192.168.36.99:39028] with ContainerStateMachine:uninitialized
2019-09-20 14:24:09,170 [pool-27-thread-1] INFO  server.RaftServerConfigKeys (ConfUtils.java:logGet(43)) - raft.server.rpc.timeout.min = 5s (custom)
2019-09-20 14:24:09,170 [pool-27-thread-1] INFO  server.RaftServerConfigKeys (ConfUtils.java:logGet(43)) - raft.server.rpc.timeout.max = 5200ms (custom)
2019-09-20 14:24:09,170 [pool-27-thread-1] INFO  server.RaftServerConfigKeys (ConfUtils.java:logGet(43)) - raft.server.rpcslowness.timeout = 120s (custom)
2019-09-20 14:24:09,171 [pool-27-thread-1] INFO  server.RaftServerConfigKeys (ConfUtils.java:logGet(43)) - raft.server.sleep.deviation.threshold = 300 (default)
2019-09-20 14:24:09,171 [pool-27-thread-1] INFO  server.RaftServerConfigKeys (ConfUtils.java:logGet(43)) - raft.server.log.appender.install.snapshot.enabled = false (custom)
2019-09-20 14:24:09,171 [pool-27-thread-1] INFO  impl.RaftServerImpl (ServerState.java:<init>(105)) - 7c330693-1e2f-4265-ad51-f8ae66fac775:group-684CDF9BB826 ConfigurationManager, init=-1: [7c330693-1e2f-4265-ad51-f8ae66fac775:192.168.36.99:39028], old=null, confs=<EMPTY_MAP>
2019-09-20 14:24:09,171 [pool-27-thread-1] INFO  server.RaftServerConfigKeys (ConfUtils.java:logGet(43)) - raft.server.storage.dir = [/workdir/hadoop-ozone/ozonefs/target/test-dir/MiniOzoneClusterImpl-72e1902e-de17-4929-8ada-cc6049662493/datanode-0/data/ratis] (custom)
2019-09-20 14:24:09,171 [pool-27-thread-1] INFO  storage.RaftStorageDirectory (RaftStorageDirectory.java:analyzeStorage(246)) - The storage directory /workdir/hadoop-ozone/ozonefs/target/test-dir/MiniOzoneClusterImpl-72e1902e-de17-4929-8ada-cc6049662493/datanode-0/data/ratis/4ce34f1c-8ccc-437e-9cc1-684cdf9bb826 does not exist. Creating ...
2019-09-20 14:24:09,199 [pool-27-thread-1] INFO  storage.RaftStorageDirectory (RaftStorageDirectory.java:tryLock(328)) - Lock on /workdir/hadoop-ozone/ozonefs/target/test-dir/MiniOzoneClusterImpl-72e1902e-de17-4929-8ada-cc6049662493/datanode-0/data/ratis/4ce34f1c-8ccc-437e-9cc1-684cdf9bb826/in_use.lock acquired by nodename 20069@pr-hdds-1569-p5fx8-1226042367
2019-09-20 14:24:09,214 [pool-27-thread-1] INFO  storage.RaftStorage (RaftStorage.java:format(72)) - Storage directory /workdir/hadoop-ozone/ozonefs/target/test-dir/MiniOzoneClusterImpl-72e1902e-de17-4929-8ada-cc6049662493/datanode-0/data/ratis/4ce34f1c-8ccc-437e-9cc1-684cdf9bb826 has been successfully formatted.
2019-09-20 14:24:09,215 [pool-27-thread-1] INFO  ratis.ContainerStateMachine (ContainerStateMachine.java:loadSnapshot(226)) - group-684CDF9BB826: The snapshot info is null. Setting the last applied indexto:(t:0, i:~)
2019-09-20 14:24:09,215 [pool-27-thread-1] INFO  server.RaftServerConfigKeys (ConfUtils.java:logGet(43)) - raft.server.leader.election.timeout = 120s (custom)
2019-09-20 14:24:09,215 [pool-27-thread-1] INFO  server.RaftServerConfigKeys (ConfUtils.java:logGet(43)) - raft.server.log.use.memory = false (default)
2019-09-20 14:24:09,215 [pool-27-thread-1] INFO  server.RaftServerConfigKeys (ConfUtils.java:logGet(43)) - raft.server.log.purge.gap = 1000000 (custom)
2019-09-20 14:24:09,215 [pool-27-thread-1] INFO  server.RaftServerConfigKeys (ConfUtils.java:logGet(43)) - raft.server.log.appender.buffer.byte-limit = 33554432 (custom)
2019-09-20 14:24:09,215 [pool-27-thread-1] INFO  server.RaftServerConfigKeys (ConfUtils.java:logGet(43)) - raft.server.log.segment.size.max = 1048576 (custom)
2019-09-20 14:24:09,215 [pool-27-thread-1] INFO  server.RaftServerConfigKeys (ConfUtils.java:logGet(43)) - raft.server.log.segment.cache.num.max = 2 (custom)
2019-09-20 14:24:09,216 [pool-27-thread-1] INFO  segmented.SegmentedRaftLogWorker (SegmentedRaftLogWorker.java:<init>(172)) - new 7c330693-1e2f-4265-ad51-f8ae66fac775-SegmentedRaftLogWorker:Storage Directory /workdir/hadoop-ozone/ozonefs/target/test-dir/MiniOzoneClusterImpl-72e1902e-de17-4929-8ada-cc6049662493/datanode-0/data/ratis/4ce34f1c-8ccc-437e-9cc1-684cdf9bb826 for RaftStorage:Storage Directory /workdir/hadoop-ozone/ozonefs/target/test-dir/MiniOzoneClusterImpl-72e1902e-de17-4929-8ada-cc6049662493/datanode-0/data/ratis/4ce34f1c-8ccc-437e-9cc1-684cdf9bb826
2019-09-20 14:24:09,216 [pool-27-thread-1] INFO  server.RaftServerConfigKeys (ConfUtils.java:logGet(43)) - raft.server.log.queue.byte-limit = 2147483647 (custom)
2019-09-20 14:24:09,216 [pool-27-thread-1] INFO  server.RaftServerConfigKeys (ConfUtils.java:logGet(43)) - raft.server.log.queue.element-limit = 1024 (custom)
2019-09-20 14:24:09,216 [pool-27-thread-1] INFO  server.RaftServerConfigKeys (ConfUtils.java:logGet(43)) - raft.server.log.segment.size.max = 1048576 (custom)
2019-09-20 14:24:09,216 [pool-27-thread-1] INFO  server.RaftServerConfigKeys (ConfUtils.java:logGet(43)) - raft.server.log.preallocated.size = 16384 (custom)
2019-09-20 14:24:09,216 [pool-27-thread-1] INFO  server.RaftServerConfigKeys (ConfUtils.java:logGet(43)) - raft.server.log.write.buffer.size = 33554432 (custom)
2019-09-20 14:24:09,216 [pool-27-thread-1] INFO  server.RaftServerConfigKeys (ConfUtils.java:logGet(43)) - raft.server.log.force.sync.num = 128 (default)
2019-09-20 14:24:09,216 [pool-27-thread-1] INFO  server.RaftServerConfigKeys (ConfUtils.java:logGet(43)) - raft.server.log.statemachine.data.sync = true (default)
2019-09-20 14:24:09,216 [pool-27-thread-1] INFO  server.RaftServerConfigKeys (ConfUtils.java:logGet(43)) - raft.server.log.statemachine.data.sync.timeout = 10s (default)
2019-09-20 14:24:09,216 [pool-27-thread-1] INFO  server.RaftServerConfigKeys (ConfUtils.java:logGet(43)) - raft.server.log.statemachine.data.sync.timeout.retry = -1 (default)
2019-09-20 14:24:09,217 [pool-27-thread-1] INFO  server.RaftServerConfigKeys (ConfUtils.java:logGet(43)) - raft.server.log.statemachine.data.caching.enabled = true (custom)
2019-09-20 14:24:09,217 [pool-27-thread-1] INFO  segmented.SegmentedRaftLogWorker (SegmentedRaftLogWorker.java:lambda$new$0(132)) - 7c330693-1e2f-4265-ad51-f8ae66fac775-SegmentedRaftLogWorker:Storage Directory /workdir/hadoop-ozone/ozonefs/target/test-dir/MiniOzoneClusterImpl-72e1902e-de17-4929-8ada-cc6049662493/datanode-0/data/ratis/4ce34f1c-8ccc-437e-9cc1-684cdf9bb826: flushIndex: setUnconditionally 0 -> -1
2019-09-20 14:24:09,217 [pool-27-thread-1] INFO  server.RaftServerConfigKeys (ConfUtils.java:logGet(43)) - raft.server.snapshot.auto.trigger.enabled = true (custom)
2019-09-20 14:24:09,217 [pool-27-thread-1] INFO  server.RaftServerConfigKeys (ConfUtils.java:logGet(43)) - raft.server.snapshot.auto.trigger.threshold = 10000 (custom)
2019-09-20 14:24:09,217 [pool-27-thread-1] INFO  server.RaftServerConfigKeys (ConfUtils.java:logGet(43)) - raft.server.retrycache.expirytime = 600000ms (custom)
2019-09-20 14:24:09,218 [pool-27-thread-1] INFO  impl.RaftServerImpl (RaftServerImpl.java:start(180)) - 7c330693-1e2f-4265-ad51-f8ae66fac775: start group-684CDF9BB826
2019-09-20 14:24:09,218 [pool-27-thread-1] INFO  impl.RaftServerImpl (RaftServerImpl.java:setRole(171)) - 7c330693-1e2f-4265-ad51-f8ae66fac775:group-684CDF9BB826 changes role from null to FOLLOWER at term 0 for startAsFollower
2019-09-20 14:24:09,218 [pool-27-thread-1] INFO  impl.RoleInfo (RoleInfo.java:updateAndGet(143)) - 7c330693-1e2f-4265-ad51-f8ae66fac775: start FollowerState
2019-09-20 14:24:09,218 [pool-27-thread-1] INFO  util.JmxRegister (JmxRegister.java:tryRegister(44)) - Successfully registered JMX Bean with object name Ratis:service=RaftServer,group=group-684CDF9BB826,id=7c330693-1e2f-4265-ad51-f8ae66fac775
2019-09-20 14:24:09,248 [RatisPipelineUtilsThread] INFO  pipeline.PipelineStateManager (PipelineStateManager.java:addPipeline(56)) - Created pipeline Pipeline[ Id: 4ce34f1c-8ccc-437e-9cc1-684cdf9bb826, Nodes: 7c330693-1e2f-4265-ad51-f8ae66fac775{ip: 192.168.36.99, host: pr-hdds-1569-p5fx8-1226042367, networkLocation: /default-rack, certSerialId: null}, Type:RATIS, Factor:ONE, State:OPEN]
2019-09-20 14:24:09,275 [grpc-default-executor-0] INFO  impl.RaftServerProxy (RaftServerProxy.java:addNew(89)) - c0a66530-d43a-4ae5-bdbb-2b9936068aaa: addNew group-D28F79B47F5F:[c0a66530-d43a-4ae5-bdbb-2b9936068aaa:192.168.36.99:34723] returns group-D28F79B47F5F:java.util.concurrent.CompletableFuture@4c61c125[Not completed]
2019-09-20 14:24:09,276 [pool-38-thread-1] INFO  impl.RaftServerImpl (RaftServerImpl.java:<init>(93)) - c0a66530-d43a-4ae5-bdbb-2b9936068aaa: new RaftServerImpl for group-D28F79B47F5F:[c0a66530-d43a-4ae5-bdbb-2b9936068aaa:192.168.36.99:34723] with ContainerStateMachine:uninitialized
2019-09-20 14:24:09,276 [pool-38-thread-1] INFO  server.RaftServerConfigKeys (ConfUtils.java:logGet(43)) - raft.server.rpc.timeout.min = 5s (custom)
2019-09-20 14:24:09,276 [pool-38-thread-1] INFO  server.RaftServerConfigKeys (ConfUtils.java:logGet(43)) - raft.server.rpc.timeout.max = 5200ms (custom)
2019-09-20 14:24:09,276 [pool-38-thread-1] INFO  server.RaftServerConfigKeys (ConfUtils.java:logGet(43)) - raft.server.rpcslowness.timeout = 120s (custom)
2019-09-20 14:24:09,277 [pool-38-thread-1] INFO  server.RaftServerConfigKeys (ConfUtils.java:logGet(43)) - raft.server.sleep.deviation.threshold = 300 (default)
2019-09-20 14:24:09,277 [pool-38-thread-1] INFO  server.RaftServerConfigKeys (ConfUtils.java:logGet(43)) - raft.server.log.appender.install.snapshot.enabled = false (custom)
2019-09-20 14:24:09,277 [pool-38-thread-1] INFO  impl.RaftServerImpl (ServerState.java:<init>(105)) - c0a66530-d43a-4ae5-bdbb-2b9936068aaa:group-D28F79B47F5F ConfigurationManager, init=-1: [c0a66530-d43a-4ae5-bdbb-2b9936068aaa:192.168.36.99:34723], old=null, confs=<EMPTY_MAP>
2019-09-20 14:24:09,277 [pool-38-thread-1] INFO  server.RaftServerConfigKeys (ConfUtils.java:logGet(43)) - raft.server.storage.dir = [/workdir/hadoop-ozone/ozonefs/target/test-dir/MiniOzoneClusterImpl-72e1902e-de17-4929-8ada-cc6049662493/datanode-1/data/ratis] (custom)
2019-09-20 14:24:09,277 [pool-38-thread-1] INFO  storage.RaftStorageDirectory (RaftStorageDirectory.java:analyzeStorage(246)) - The storage directory /workdir/hadoop-ozone/ozonefs/target/test-dir/MiniOzoneClusterImpl-72e1902e-de17-4929-8ada-cc6049662493/datanode-1/data/ratis/6fd2e598-cc62-49db-b280-d28f79b47f5f does not exist. Creating ...
2019-09-20 14:24:09,278 | INFO  | SCMAudit | user=jenkins1000 | ip=192.168.36.99 | op=SEND_HEARTBEAT {datanodeUUID=7c330693-1e2f-4265-ad51-f8ae66fac775, command=[]} | ret=SUCCESS |  
2019-09-20 14:24:09,292 [pool-38-thread-1] INFO  storage.RaftStorageDirectory (RaftStorageDirectory.java:tryLock(328)) - Lock on /workdir/hadoop-ozone/ozonefs/target/test-dir/MiniOzoneClusterImpl-72e1902e-de17-4929-8ada-cc6049662493/datanode-1/data/ratis/6fd2e598-cc62-49db-b280-d28f79b47f5f/in_use.lock acquired by nodename 20069@pr-hdds-1569-p5fx8-1226042367
2019-09-20 14:24:09,329 [pool-38-thread-1] INFO  storage.RaftStorage (RaftStorage.java:format(72)) - Storage directory /workdir/hadoop-ozone/ozonefs/target/test-dir/MiniOzoneClusterImpl-72e1902e-de17-4929-8ada-cc6049662493/datanode-1/data/ratis/6fd2e598-cc62-49db-b280-d28f79b47f5f has been successfully formatted.
2019-09-20 14:24:09,329 [pool-38-thread-1] INFO  ratis.ContainerStateMachine (ContainerStateMachine.java:loadSnapshot(226)) - group-D28F79B47F5F: The snapshot info is null. Setting the last applied indexto:(t:0, i:~)
2019-09-20 14:24:09,330 [pool-38-thread-1] INFO  server.RaftServerConfigKeys (ConfUtils.java:logGet(43)) - raft.server.leader.election.timeout = 120s (custom)
2019-09-20 14:24:09,330 [pool-38-thread-1] INFO  server.RaftServerConfigKeys (ConfUtils.java:logGet(43)) - raft.server.log.use.memory = false (default)
2019-09-20 14:24:09,330 [pool-38-thread-1] INFO  server.RaftServerConfigKeys (ConfUtils.java:logGet(43)) - raft.server.log.purge.gap = 1000000 (custom)
2019-09-20 14:24:09,330 [pool-38-thread-1] INFO  server.RaftServerConfigKeys (ConfUtils.java:logGet(43)) - raft.server.log.appender.buffer.byte-limit = 33554432 (custom)
2019-09-20 14:24:09,330 [pool-38-thread-1] INFO  server.RaftServerConfigKeys (ConfUtils.java:logGet(43)) - raft.server.log.segment.size.max = 1048576 (custom)
2019-09-20 14:24:09,331 [pool-38-thread-1] INFO  server.RaftServerConfigKeys (ConfUtils.java:logGet(43)) - raft.server.log.segment.cache.num.max = 2 (custom)
2019-09-20 14:24:09,331 [pool-38-thread-1] INFO  segmented.SegmentedRaftLogWorker (SegmentedRaftLogWorker.java:<init>(172)) - new c0a66530-d43a-4ae5-bdbb-2b9936068aaa-SegmentedRaftLogWorker:Storage Directory /workdir/hadoop-ozone/ozonefs/target/test-dir/MiniOzoneClusterImpl-72e1902e-de17-4929-8ada-cc6049662493/datanode-1/data/ratis/6fd2e598-cc62-49db-b280-d28f79b47f5f for RaftStorage:Storage Directory /workdir/hadoop-ozone/ozonefs/target/test-dir/MiniOzoneClusterImpl-72e1902e-de17-4929-8ada-cc6049662493/datanode-1/data/ratis/6fd2e598-cc62-49db-b280-d28f79b47f5f
2019-09-20 14:24:09,331 [pool-38-thread-1] INFO  server.RaftServerConfigKeys (ConfUtils.java:logGet(43)) - raft.server.log.queue.byte-limit = 2147483647 (custom)
2019-09-20 14:24:09,331 [pool-38-thread-1] INFO  server.RaftServerConfigKeys (ConfUtils.java:logGet(43)) - raft.server.log.queue.element-limit = 1024 (custom)
2019-09-20 14:24:09,331 [pool-38-thread-1] INFO  server.RaftServerConfigKeys (ConfUtils.java:logGet(43)) - raft.server.log.segment.size.max = 1048576 (custom)
2019-09-20 14:24:09,332 [pool-38-thread-1] INFO  server.RaftServerConfigKeys (ConfUtils.java:logGet(43)) - raft.server.log.preallocated.size = 16384 (custom)
2019-09-20 14:24:09,332 [pool-38-thread-1] INFO  server.RaftServerConfigKeys (ConfUtils.java:logGet(43)) - raft.server.log.write.buffer.size = 33554432 (custom)
2019-09-20 14:24:09,332 [pool-38-thread-1] INFO  server.RaftServerConfigKeys (ConfUtils.java:logGet(43)) - raft.server.log.force.sync.num = 128 (default)
2019-09-20 14:24:09,332 [pool-38-thread-1] INFO  server.RaftServerConfigKeys (ConfUtils.java:logGet(43)) - raft.server.log.statemachine.data.sync = true (default)
2019-09-20 14:24:09,332 [pool-38-thread-1] INFO  server.RaftServerConfigKeys (ConfUtils.java:logGet(43)) - raft.server.log.statemachine.data.sync.timeout = 10s (default)
2019-09-20 14:24:09,332 [pool-38-thread-1] INFO  server.RaftServerConfigKeys (ConfUtils.java:logGet(43)) - raft.server.log.statemachine.data.sync.timeout.retry = -1 (default)
2019-09-20 14:24:09,333 [pool-38-thread-1] INFO  server.RaftServerConfigKeys (ConfUtils.java:logGet(43)) - raft.server.log.statemachine.data.caching.enabled = true (custom)
2019-09-20 14:24:09,333 [pool-38-thread-1] INFO  segmented.SegmentedRaftLogWorker (SegmentedRaftLogWorker.java:lambda$new$0(132)) - c0a66530-d43a-4ae5-bdbb-2b9936068aaa-SegmentedRaftLogWorker:Storage Directory /workdir/hadoop-ozone/ozonefs/target/test-dir/MiniOzoneClusterImpl-72e1902e-de17-4929-8ada-cc6049662493/datanode-1/data/ratis/6fd2e598-cc62-49db-b280-d28f79b47f5f: flushIndex: setUnconditionally 0 -> -1
2019-09-20 14:24:09,334 [pool-38-thread-1] INFO  server.RaftServerConfigKeys (ConfUtils.java:logGet(43)) - raft.server.snapshot.auto.trigger.enabled = true (custom)
2019-09-20 14:24:09,334 [pool-38-thread-1] INFO  server.RaftServerConfigKeys (ConfUtils.java:logGet(43)) - raft.server.snapshot.auto.trigger.threshold = 10000 (custom)
2019-09-20 14:24:09,334 [pool-38-thread-1] INFO  server.RaftServerConfigKeys (ConfUtils.java:logGet(43)) - raft.server.retrycache.expirytime = 600000ms (custom)
2019-09-20 14:24:09,334 [pool-38-thread-1] INFO  impl.RaftServerImpl (RaftServerImpl.java:start(180)) - c0a66530-d43a-4ae5-bdbb-2b9936068aaa: start group-D28F79B47F5F
2019-09-20 14:24:09,334 [pool-38-thread-1] INFO  impl.RaftServerImpl (RaftServerImpl.java:setRole(171)) - c0a66530-d43a-4ae5-bdbb-2b9936068aaa:group-D28F79B47F5F changes role from null to FOLLOWER at term 0 for startAsFollower
2019-09-20 14:24:09,335 [pool-38-thread-1] INFO  impl.RoleInfo (RoleInfo.java:updateAndGet(143)) - c0a66530-d43a-4ae5-bdbb-2b9936068aaa: start FollowerState
2019-09-20 14:24:09,335 [pool-38-thread-1] INFO  util.JmxRegister (JmxRegister.java:tryRegister(44)) - Successfully registered JMX Bean with object name Ratis:service=RaftServer,group=group-D28F79B47F5F,id=c0a66530-d43a-4ae5-bdbb-2b9936068aaa
2019-09-20 14:24:09,353 [RatisPipelineUtilsThread] INFO  pipeline.PipelineStateManager (PipelineStateManager.java:addPipeline(56)) - Created pipeline Pipeline[ Id: 6fd2e598-cc62-49db-b280-d28f79b47f5f, Nodes: c0a66530-d43a-4ae5-bdbb-2b9936068aaa{ip: 192.168.36.99, host: pr-hdds-1569-p5fx8-1226042367, networkLocation: /default-rack, certSerialId: null}, Type:RATIS, Factor:ONE, State:OPEN]
2019-09-20 14:24:09,400 [IPC Server handler 19 on 45282] INFO  net.NetworkTopology (NetworkTopologyImpl.java:add(110)) - Added a new node: /default-rack/fc92467e-4cd7-4ea6-9bfc-11250c30c0f6
2019-09-20 14:24:09,400 [IPC Server handler 19 on 45282] INFO  node.SCMNodeManager (SCMNodeManager.java:register(273)) - Registered Data node : fc92467e-4cd7-4ea6-9bfc-11250c30c0f6{ip: 192.168.36.99, host: pr-hdds-1569-p5fx8-1226042367, networkLocation: /default-rack, certSerialId: null}
2019-09-20 14:24:09,401 | INFO  | SCMAudit | user=jenkins1000 | ip=192.168.36.99 | op=REGISTER {datanodeDetails=fc92467e-4cd7-4ea6-9bfc-11250c30c0f6{ip: 192.168.36.99, host: pr-hdds-1569-p5fx8-1226042367, networkLocation: /default-rack, certSerialId: null}} | ret=SUCCESS |  
2019-09-20 14:24:09,408 [grpc-default-executor-0] INFO  impl.RaftServerProxy (RaftServerProxy.java:addNew(89)) - 93651a45-ffa4-4bae-ae49-6429ae7182bc: addNew group-BBDE18548D1E:[93651a45-ffa4-4bae-ae49-6429ae7182bc:192.168.36.99:37696] returns group-BBDE18548D1E:java.util.concurrent.CompletableFuture@4e8c6be5[Not completed]
2019-09-20 14:24:09,413 [pool-71-thread-1] INFO  impl.RaftServerImpl (RaftServerImpl.java:<init>(93)) - 93651a45-ffa4-4bae-ae49-6429ae7182bc: new RaftServerImpl for group-BBDE18548D1E:[93651a45-ffa4-4bae-ae49-6429ae7182bc:192.168.36.99:37696] with ContainerStateMachine:uninitialized
2019-09-20 14:24:09,414 [pool-71-thread-1] INFO  server.RaftServerConfigKeys (ConfUtils.java:logGet(43)) - raft.server.rpc.timeout.min = 5s (custom)
2019-09-20 14:24:09,414 [pool-71-thread-1] INFO  server.RaftServerConfigKeys (ConfUtils.java:logGet(43)) - raft.server.rpc.timeout.max = 5200ms (custom)
2019-09-20 14:24:09,414 [pool-71-thread-1] INFO  server.RaftServerConfigKeys (ConfUtils.java:logGet(43)) - raft.server.rpcslowness.timeout = 120s (custom)
2019-09-20 14:24:09,414 [pool-71-thread-1] INFO  server.RaftServerConfigKeys (ConfUtils.java:logGet(43)) - raft.server.sleep.deviation.threshold = 300 (default)
2019-09-20 14:24:09,414 [pool-71-thread-1] INFO  server.RaftServerConfigKeys (ConfUtils.java:logGet(43)) - raft.server.log.appender.install.snapshot.enabled = false (custom)
2019-09-20 14:24:09,415 [pool-71-thread-1] INFO  impl.RaftServerImpl (ServerState.java:<init>(105)) - 93651a45-ffa4-4bae-ae49-6429ae7182bc:group-BBDE18548D1E ConfigurationManager, init=-1: [93651a45-ffa4-4bae-ae49-6429ae7182bc:192.168.36.99:37696], old=null, confs=<EMPTY_MAP>
2019-09-20 14:24:09,415 [pool-71-thread-1] INFO  server.RaftServerConfigKeys (ConfUtils.java:logGet(43)) - raft.server.storage.dir = [/workdir/hadoop-ozone/ozonefs/target/test-dir/MiniOzoneClusterImpl-72e1902e-de17-4929-8ada-cc6049662493/datanode-4/data/ratis] (custom)
2019-09-20 14:24:09,415 [pool-71-thread-1] INFO  storage.RaftStorageDirectory (RaftStorageDirectory.java:analyzeStorage(246)) - The storage directory /workdir/hadoop-ozone/ozonefs/target/test-dir/MiniOzoneClusterImpl-72e1902e-de17-4929-8ada-cc6049662493/datanode-4/data/ratis/904b259d-b7ac-4fe5-b8ac-bbde18548d1e does not exist. Creating ...
2019-09-20 14:24:09,454 [pool-71-thread-1] INFO  storage.RaftStorageDirectory (RaftStorageDirectory.java:tryLock(328)) - Lock on /workdir/hadoop-ozone/ozonefs/target/test-dir/MiniOzoneClusterImpl-72e1902e-de17-4929-8ada-cc6049662493/datanode-4/data/ratis/904b259d-b7ac-4fe5-b8ac-bbde18548d1e/in_use.lock acquired by nodename 20069@pr-hdds-1569-p5fx8-1226042367
2019-09-20 14:24:09,487 | INFO  | SCMAudit | user=jenkins1000 | ip=192.168.36.99 | op=SEND_HEARTBEAT {datanodeUUID=c0a66530-d43a-4ae5-bdbb-2b9936068aaa, command=[]} | ret=SUCCESS |  
2019-09-20 14:24:09,488 [pool-71-thread-1] INFO  storage.RaftStorage (RaftStorage.java:format(72)) - Storage directory /workdir/hadoop-ozone/ozonefs/target/test-dir/MiniOzoneClusterImpl-72e1902e-de17-4929-8ada-cc6049662493/datanode-4/data/ratis/904b259d-b7ac-4fe5-b8ac-bbde18548d1e has been successfully formatted.
2019-09-20 14:24:09,488 [pool-71-thread-1] INFO  ratis.ContainerStateMachine (ContainerStateMachine.java:loadSnapshot(226)) - group-BBDE18548D1E: The snapshot info is null. Setting the last applied indexto:(t:0, i:~)
2019-09-20 14:24:09,488 [pool-71-thread-1] INFO  server.RaftServerConfigKeys (ConfUtils.java:logGet(43)) - raft.server.leader.election.timeout = 120s (custom)
2019-09-20 14:24:09,488 [pool-71-thread-1] INFO  server.RaftServerConfigKeys (ConfUtils.java:logGet(43)) - raft.server.log.use.memory = false (default)
2019-09-20 14:24:09,489 [pool-71-thread-1] INFO  server.RaftServerConfigKeys (ConfUtils.java:logGet(43)) - raft.server.log.purge.gap = 1000000 (custom)
2019-09-20 14:24:09,489 [pool-71-thread-1] INFO  server.RaftServerConfigKeys (ConfUtils.java:logGet(43)) - raft.server.log.appender.buffer.byte-limit = 33554432 (custom)
2019-09-20 14:24:09,489 [pool-71-thread-1] INFO  server.RaftServerConfigKeys (ConfUtils.java:logGet(43)) - raft.server.log.segment.size.max = 1048576 (custom)
2019-09-20 14:24:09,489 [pool-71-thread-1] INFO  server.RaftServerConfigKeys (ConfUtils.java:logGet(43)) - raft.server.log.segment.cache.num.max = 2 (custom)
2019-09-20 14:24:09,489 [pool-71-thread-1] INFO  segmented.SegmentedRaftLogWorker (SegmentedRaftLogWorker.java:<init>(172)) - new 93651a45-ffa4-4bae-ae49-6429ae7182bc-SegmentedRaftLogWorker:Storage Directory /workdir/hadoop-ozone/ozonefs/target/test-dir/MiniOzoneClusterImpl-72e1902e-de17-4929-8ada-cc6049662493/datanode-4/data/ratis/904b259d-b7ac-4fe5-b8ac-bbde18548d1e for RaftStorage:Storage Directory /workdir/hadoop-ozone/ozonefs/target/test-dir/MiniOzoneClusterImpl-72e1902e-de17-4929-8ada-cc6049662493/datanode-4/data/ratis/904b259d-b7ac-4fe5-b8ac-bbde18548d1e
2019-09-20 14:24:09,490 [pool-71-thread-1] INFO  server.RaftServerConfigKeys (ConfUtils.java:logGet(43)) - raft.server.log.queue.byte-limit = 2147483647 (custom)
2019-09-20 14:24:09,490 [pool-71-thread-1] INFO  server.RaftServerConfigKeys (ConfUtils.java:logGet(43)) - raft.server.log.queue.element-limit = 1024 (custom)
2019-09-20 14:24:09,490 [pool-71-thread-1] INFO  server.RaftServerConfigKeys (ConfUtils.java:logGet(43)) - raft.server.log.segment.size.max = 1048576 (custom)
2019-09-20 14:24:09,490 [pool-71-thread-1] INFO  server.RaftServerConfigKeys (ConfUtils.java:logGet(43)) - raft.server.log.preallocated.size = 16384 (custom)
2019-09-20 14:24:09,490 [pool-71-thread-1] INFO  server.RaftServerConfigKeys (ConfUtils.java:logGet(43)) - raft.server.log.write.buffer.size = 33554432 (custom)
2019-09-20 14:24:09,491 [pool-71-thread-1] INFO  server.RaftServerConfigKeys (ConfUtils.java:logGet(43)) - raft.server.log.force.sync.num = 128 (default)
2019-09-20 14:24:09,491 [pool-71-thread-1] INFO  server.RaftServerConfigKeys (ConfUtils.java:logGet(43)) - raft.server.log.statemachine.data.sync = true (default)
2019-09-20 14:24:09,491 [pool-71-thread-1] INFO  server.RaftServerConfigKeys (ConfUtils.java:logGet(43)) - raft.server.log.statemachine.data.sync.timeout = 10s (default)
2019-09-20 14:24:09,491 [pool-71-thread-1] INFO  server.RaftServerConfigKeys (ConfUtils.java:logGet(43)) - raft.server.log.statemachine.data.sync.timeout.retry = -1 (default)
2019-09-20 14:24:09,492 [pool-71-thread-1] INFO  server.RaftServerConfigKeys (ConfUtils.java:logGet(43)) - raft.server.log.statemachine.data.caching.enabled = true (custom)
2019-09-20 14:24:09,492 [pool-71-thread-1] INFO  segmented.SegmentedRaftLogWorker (SegmentedRaftLogWorker.java:lambda$new$0(132)) - 93651a45-ffa4-4bae-ae49-6429ae7182bc-SegmentedRaftLogWorker:Storage Directory /workdir/hadoop-ozone/ozonefs/target/test-dir/MiniOzoneClusterImpl-72e1902e-de17-4929-8ada-cc6049662493/datanode-4/data/ratis/904b259d-b7ac-4fe5-b8ac-bbde18548d1e: flushIndex: setUnconditionally 0 -> -1
2019-09-20 14:24:09,492 [pool-71-thread-1] INFO  server.RaftServerConfigKeys (ConfUtils.java:logGet(43)) - raft.server.snapshot.auto.trigger.enabled = true (custom)
2019-09-20 14:24:09,493 [pool-71-thread-1] INFO  server.RaftServerConfigKeys (ConfUtils.java:logGet(43)) - raft.server.snapshot.auto.trigger.threshold = 10000 (custom)
2019-09-20 14:24:09,493 [pool-71-thread-1] INFO  server.RaftServerConfigKeys (ConfUtils.java:logGet(43)) - raft.server.retrycache.expirytime = 600000ms (custom)
2019-09-20 14:24:09,493 [pool-71-thread-1] INFO  impl.RaftServerImpl (RaftServerImpl.java:start(180)) - 93651a45-ffa4-4bae-ae49-6429ae7182bc: start group-BBDE18548D1E
2019-09-20 14:24:09,493 [pool-71-thread-1] INFO  impl.RaftServerImpl (RaftServerImpl.java:setRole(171)) - 93651a45-ffa4-4bae-ae49-6429ae7182bc:group-BBDE18548D1E changes role from null to FOLLOWER at term 0 for startAsFollower
2019-09-20 14:24:09,494 [pool-71-thread-1] INFO  impl.RoleInfo (RoleInfo.java:updateAndGet(143)) - 93651a45-ffa4-4bae-ae49-6429ae7182bc: start FollowerState
2019-09-20 14:24:09,494 [pool-71-thread-1] INFO  util.JmxRegister (JmxRegister.java:tryRegister(44)) - Successfully registered JMX Bean with object name Ratis:service=RaftServer,group=group-BBDE18548D1E,id=93651a45-ffa4-4bae-ae49-6429ae7182bc
2019-09-20 14:24:09,509 [RatisPipelineUtilsThread] INFO  pipeline.PipelineStateManager (PipelineStateManager.java:addPipeline(56)) - Created pipeline Pipeline[ Id: 904b259d-b7ac-4fe5-b8ac-bbde18548d1e, Nodes: 93651a45-ffa4-4bae-ae49-6429ae7182bc{ip: 192.168.36.99, host: pr-hdds-1569-p5fx8-1226042367, networkLocation: /default-rack, certSerialId: null}, Type:RATIS, Factor:ONE, State:OPEN]
2019-09-20 14:24:09,529 [grpc-default-executor-0] INFO  impl.RaftServerProxy (RaftServerProxy.java:addNew(89)) - 7c330693-1e2f-4265-ad51-f8ae66fac775: addNew group-2347D2F49BBE:[7c330693-1e2f-4265-ad51-f8ae66fac775:192.168.36.99:39028] returns group-2347D2F49BBE:java.util.concurrent.CompletableFuture@169d0e0e[Not completed]
2019-09-20 14:24:09,531 [pool-27-thread-1] INFO  impl.RaftServerImpl (RaftServerImpl.java:<init>(93)) - 7c330693-1e2f-4265-ad51-f8ae66fac775: new RaftServerImpl for group-2347D2F49BBE:[7c330693-1e2f-4265-ad51-f8ae66fac775:192.168.36.99:39028] with ContainerStateMachine:uninitialized
2019-09-20 14:24:09,531 [pool-27-thread-1] INFO  server.RaftServerConfigKeys (ConfUtils.java:logGet(43)) - raft.server.rpc.timeout.min = 5s (custom)
2019-09-20 14:24:09,532 [pool-27-thread-1] INFO  server.RaftServerConfigKeys (ConfUtils.java:logGet(43)) - raft.server.rpc.timeout.max = 5200ms (custom)
2019-09-20 14:24:09,532 [pool-27-thread-1] INFO  server.RaftServerConfigKeys (ConfUtils.java:logGet(43)) - raft.server.rpcslowness.timeout = 120s (custom)
2019-09-20 14:24:09,532 [pool-27-thread-1] INFO  server.RaftServerConfigKeys (ConfUtils.java:logGet(43)) - raft.server.sleep.deviation.threshold = 300 (default)
2019-09-20 14:24:09,532 [pool-27-thread-1] INFO  server.RaftServerConfigKeys (ConfUtils.java:logGet(43)) - raft.server.log.appender.install.snapshot.enabled = false (custom)
2019-09-20 14:24:09,532 [pool-27-thread-1] INFO  impl.RaftServerImpl (ServerState.java:<init>(105)) - 7c330693-1e2f-4265-ad51-f8ae66fac775:group-2347D2F49BBE ConfigurationManager, init=-1: [7c330693-1e2f-4265-ad51-f8ae66fac775:192.168.36.99:39028], old=null, confs=<EMPTY_MAP>
2019-09-20 14:24:09,532 [pool-27-thread-1] INFO  server.RaftServerConfigKeys (ConfUtils.java:logGet(43)) - raft.server.storage.dir = [/workdir/hadoop-ozone/ozonefs/target/test-dir/MiniOzoneClusterImpl-72e1902e-de17-4929-8ada-cc6049662493/datanode-0/data/ratis] (custom)
2019-09-20 14:24:09,533 [pool-27-thread-1] INFO  storage.RaftStorageDirectory (RaftStorageDirectory.java:analyzeStorage(246)) - The storage directory /workdir/hadoop-ozone/ozonefs/target/test-dir/MiniOzoneClusterImpl-72e1902e-de17-4929-8ada-cc6049662493/datanode-0/data/ratis/b637dd4e-9a23-47b0-8c6c-2347d2f49bbe does not exist. Creating ...
2019-09-20 14:24:09,554 [pool-27-thread-1] INFO  storage.RaftStorageDirectory (RaftStorageDirectory.java:tryLock(328)) - Lock on /workdir/hadoop-ozone/ozonefs/target/test-dir/MiniOzoneClusterImpl-72e1902e-de17-4929-8ada-cc6049662493/datanode-0/data/ratis/b637dd4e-9a23-47b0-8c6c-2347d2f49bbe/in_use.lock acquired by nodename 20069@pr-hdds-1569-p5fx8-1226042367
2019-09-20 14:24:09,572 [pool-27-thread-1] INFO  storage.RaftStorage (RaftStorage.java:format(72)) - Storage directory /workdir/hadoop-ozone/ozonefs/target/test-dir/MiniOzoneClusterImpl-72e1902e-de17-4929-8ada-cc6049662493/datanode-0/data/ratis/b637dd4e-9a23-47b0-8c6c-2347d2f49bbe has been successfully formatted.
2019-09-20 14:24:09,572 [pool-27-thread-1] INFO  ratis.ContainerStateMachine (ContainerStateMachine.java:loadSnapshot(226)) - group-2347D2F49BBE: The snapshot info is null. Setting the last applied indexto:(t:0, i:~)
2019-09-20 14:24:09,572 [pool-27-thread-1] INFO  server.RaftServerConfigKeys (ConfUtils.java:logGet(43)) - raft.server.leader.election.timeout = 120s (custom)
2019-09-20 14:24:09,572 [pool-27-thread-1] INFO  server.RaftServerConfigKeys (ConfUtils.java:logGet(43)) - raft.server.log.use.memory = false (default)
2019-09-20 14:24:09,573 [pool-27-thread-1] INFO  server.RaftServerConfigKeys (ConfUtils.java:logGet(43)) - raft.server.log.purge.gap = 1000000 (custom)
2019-09-20 14:24:09,573 [pool-27-thread-1] INFO  server.RaftServerConfigKeys (ConfUtils.java:logGet(43)) - raft.server.log.appender.buffer.byte-limit = 33554432 (custom)
2019-09-20 14:24:09,573 [pool-27-thread-1] INFO  server.RaftServerConfigKeys (ConfUtils.java:logGet(43)) - raft.server.log.segment.size.max = 1048576 (custom)
2019-09-20 14:24:09,573 [pool-27-thread-1] INFO  server.RaftServerConfigKeys (ConfUtils.java:logGet(43)) - raft.server.log.segment.cache.num.max = 2 (custom)
2019-09-20 14:24:09,573 [pool-27-thread-1] INFO  segmented.SegmentedRaftLogWorker (SegmentedRaftLogWorker.java:<init>(172)) - new 7c330693-1e2f-4265-ad51-f8ae66fac775-SegmentedRaftLogWorker:Storage Directory /workdir/hadoop-ozone/ozonefs/target/test-dir/MiniOzoneClusterImpl-72e1902e-de17-4929-8ada-cc6049662493/datanode-0/data/ratis/b637dd4e-9a23-47b0-8c6c-2347d2f49bbe for RaftStorage:Storage Directory /workdir/hadoop-ozone/ozonefs/target/test-dir/MiniOzoneClusterImpl-72e1902e-de17-4929-8ada-cc6049662493/datanode-0/data/ratis/b637dd4e-9a23-47b0-8c6c-2347d2f49bbe
2019-09-20 14:24:09,573 [pool-27-thread-1] INFO  server.RaftServerConfigKeys (ConfUtils.java:logGet(43)) - raft.server.log.queue.byte-limit = 2147483647 (custom)
2019-09-20 14:24:09,574 [pool-27-thread-1] INFO  server.RaftServerConfigKeys (ConfUtils.java:logGet(43)) - raft.server.log.queue.element-limit = 1024 (custom)
2019-09-20 14:24:09,574 [pool-27-thread-1] INFO  server.RaftServerConfigKeys (ConfUtils.java:logGet(43)) - raft.server.log.segment.size.max = 1048576 (custom)
2019-09-20 14:24:09,574 [pool-27-thread-1] INFO  server.RaftServerConfigKeys (ConfUtils.java:logGet(43)) - raft.server.log.preallocated.size = 16384 (custom)
2019-09-20 14:24:09,574 [pool-27-thread-1] INFO  server.RaftServerConfigKeys (ConfUtils.java:logGet(43)) - raft.server.log.write.buffer.size = 33554432 (custom)
2019-09-20 14:24:09,574 [pool-27-thread-1] INFO  server.RaftServerConfigKeys (ConfUtils.java:logGet(43)) - raft.server.log.force.sync.num = 128 (default)
2019-09-20 14:24:09,575 [pool-27-thread-1] INFO  server.RaftServerConfigKeys (ConfUtils.java:logGet(43)) - raft.server.log.statemachine.data.sync = true (default)
2019-09-20 14:24:09,575 [pool-27-thread-1] INFO  server.RaftServerConfigKeys (ConfUtils.java:logGet(43)) - raft.server.log.statemachine.data.sync.timeout = 10s (default)
2019-09-20 14:24:09,575 [pool-27-thread-1] INFO  server.RaftServerConfigKeys (ConfUtils.java:logGet(43)) - raft.server.log.statemachine.data.sync.timeout.retry = -1 (default)
2019-09-20 14:24:09,575 [pool-27-thread-1] INFO  server.RaftServerConfigKeys (ConfUtils.java:logGet(43)) - raft.server.log.statemachine.data.caching.enabled = true (custom)
2019-09-20 14:24:09,576 [pool-27-thread-1] INFO  segmented.SegmentedRaftLogWorker (SegmentedRaftLogWorker.java:lambda$new$0(132)) - 7c330693-1e2f-4265-ad51-f8ae66fac775-SegmentedRaftLogWorker:Storage Directory /workdir/hadoop-ozone/ozonefs/target/test-dir/MiniOzoneClusterImpl-72e1902e-de17-4929-8ada-cc6049662493/datanode-0/data/ratis/b637dd4e-9a23-47b0-8c6c-2347d2f49bbe: flushIndex: setUnconditionally 0 -> -1
2019-09-20 14:24:09,576 [pool-27-thread-1] INFO  server.RaftServerConfigKeys (ConfUtils.java:logGet(43)) - raft.server.snapshot.auto.trigger.enabled = true (custom)
2019-09-20 14:24:09,576 [pool-27-thread-1] INFO  server.RaftServerConfigKeys (ConfUtils.java:logGet(43)) - raft.server.snapshot.auto.trigger.threshold = 10000 (custom)
2019-09-20 14:24:09,576 [pool-27-thread-1] INFO  server.RaftServerConfigKeys (ConfUtils.java:logGet(43)) - raft.server.retrycache.expirytime = 600000ms (custom)
2019-09-20 14:24:09,577 [pool-27-thread-1] INFO  impl.RaftServerImpl (RaftServerImpl.java:start(180)) - 7c330693-1e2f-4265-ad51-f8ae66fac775: start group-2347D2F49BBE
2019-09-20 14:24:09,577 [pool-27-thread-1] INFO  impl.RaftServerImpl (RaftServerImpl.java:setRole(171)) - 7c330693-1e2f-4265-ad51-f8ae66fac775:group-2347D2F49BBE changes role from null to FOLLOWER at term 0 for startAsFollower
2019-09-20 14:24:09,577 [pool-27-thread-1] INFO  impl.RoleInfo (RoleInfo.java:updateAndGet(143)) - 7c330693-1e2f-4265-ad51-f8ae66fac775: start FollowerState
2019-09-20 14:24:09,578 [pool-27-thread-1] INFO  util.JmxRegister (JmxRegister.java:tryRegister(44)) - Successfully registered JMX Bean with object name Ratis:service=RaftServer,group=group-2347D2F49BBE,id=7c330693-1e2f-4265-ad51-f8ae66fac775
2019-09-20 14:24:09,603 [RatisPipelineUtilsThread] INFO  pipeline.PipelineStateManager (PipelineStateManager.java:addPipeline(56)) - Created pipeline Pipeline[ Id: b637dd4e-9a23-47b0-8c6c-2347d2f49bbe, Nodes: 7c330693-1e2f-4265-ad51-f8ae66fac775{ip: 192.168.36.99, host: pr-hdds-1569-p5fx8-1226042367, networkLocation: /default-rack, certSerialId: null}, Type:RATIS, Factor:ONE, State:OPEN]
2019-09-20 14:24:09,626 [grpc-default-executor-0] INFO  impl.RaftServerProxy (RaftServerProxy.java:addNew(89)) - 4b9e2e33-9606-42c4-a38b-d8e2568a9ed5: addNew group-F718F8C9C9B2:[4b9e2e33-9606-42c4-a38b-d8e2568a9ed5:192.168.36.99:41206] returns group-F718F8C9C9B2:java.util.concurrent.CompletableFuture@4bb595bf[Not completed]
2019-09-20 14:24:09,632 [pool-60-thread-1] INFO  impl.RaftServerImpl (RaftServerImpl.java:<init>(93)) - 4b9e2e33-9606-42c4-a38b-d8e2568a9ed5: new RaftServerImpl for group-F718F8C9C9B2:[4b9e2e33-9606-42c4-a38b-d8e2568a9ed5:192.168.36.99:41206] with ContainerStateMachine:uninitialized
2019-09-20 14:24:09,632 [pool-60-thread-1] INFO  server.RaftServerConfigKeys (ConfUtils.java:logGet(43)) - raft.server.rpc.timeout.min = 5s (custom)
2019-09-20 14:24:09,632 [pool-60-thread-1] INFO  server.RaftServerConfigKeys (ConfUtils.java:logGet(43)) - raft.server.rpc.timeout.max = 5200ms (custom)
2019-09-20 14:24:09,632 [pool-60-thread-1] INFO  server.RaftServerConfigKeys (ConfUtils.java:logGet(43)) - raft.server.rpcslowness.timeout = 120s (custom)
2019-09-20 14:24:09,632 [pool-60-thread-1] INFO  server.RaftServerConfigKeys (ConfUtils.java:logGet(43)) - raft.server.sleep.deviation.threshold = 300 (default)
2019-09-20 14:24:09,632 [pool-60-thread-1] INFO  server.RaftServerConfigKeys (ConfUtils.java:logGet(43)) - raft.server.log.appender.install.snapshot.enabled = false (custom)
2019-09-20 14:24:09,632 [pool-60-thread-1] INFO  impl.RaftServerImpl (ServerState.java:<init>(105)) - 4b9e2e33-9606-42c4-a38b-d8e2568a9ed5:group-F718F8C9C9B2 ConfigurationManager, init=-1: [4b9e2e33-9606-42c4-a38b-d8e2568a9ed5:192.168.36.99:41206], old=null, confs=<EMPTY_MAP>
2019-09-20 14:24:09,633 [pool-60-thread-1] INFO  server.RaftServerConfigKeys (ConfUtils.java:logGet(43)) - raft.server.storage.dir = [/workdir/hadoop-ozone/ozonefs/target/test-dir/MiniOzoneClusterImpl-72e1902e-de17-4929-8ada-cc6049662493/datanode-3/data/ratis] (custom)
2019-09-20 14:24:09,633 [pool-60-thread-1] INFO  storage.RaftStorageDirectory (RaftStorageDirectory.java:analyzeStorage(246)) - The storage directory /workdir/hadoop-ozone/ozonefs/target/test-dir/MiniOzoneClusterImpl-72e1902e-de17-4929-8ada-cc6049662493/datanode-3/data/ratis/88b48c35-bb58-40c0-a0c8-f718f8c9c9b2 does not exist. Creating ...
2019-09-20 14:24:09,655 [pool-60-thread-1] INFO  storage.RaftStorageDirectory (RaftStorageDirectory.java:tryLock(328)) - Lock on /workdir/hadoop-ozone/ozonefs/target/test-dir/MiniOzoneClusterImpl-72e1902e-de17-4929-8ada-cc6049662493/datanode-3/data/ratis/88b48c35-bb58-40c0-a0c8-f718f8c9c9b2/in_use.lock acquired by nodename 20069@pr-hdds-1569-p5fx8-1226042367
2019-09-20 14:24:09,664 [main] INFO  ozone.MiniOzoneClusterImpl (MiniOzoneClusterImpl.java:lambda$waitForClusterToBeReady$0(142)) - Waiting for cluster to be ready. Got 9 of 10 DN Heartbeats.
2019-09-20 14:24:09,667 [IPC Server handler 12 on 45282] INFO  net.NetworkTopology (NetworkTopologyImpl.java:add(110)) - Added a new node: /default-rack/ea2f062a-dcfd-4d75-88ac-6c4e2f0364da
2019-09-20 14:24:09,668 [IPC Server handler 12 on 45282] INFO  node.SCMNodeManager (SCMNodeManager.java:register(273)) - Registered Data node : ea2f062a-dcfd-4d75-88ac-6c4e2f0364da{ip: 192.168.36.99, host: pr-hdds-1569-p5fx8-1226042367, networkLocation: /default-rack, certSerialId: null}
2019-09-20 14:24:09,668 | INFO  | SCMAudit | user=jenkins1000 | ip=192.168.36.99 | op=REGISTER {datanodeDetails=ea2f062a-dcfd-4d75-88ac-6c4e2f0364da{ip: 192.168.36.99, host: pr-hdds-1569-p5fx8-1226042367, networkLocation: /default-rack, certSerialId: null}} | ret=SUCCESS |  
2019-09-20 14:24:09,672 [pool-60-thread-1] INFO  storage.RaftStorage (RaftStorage.java:format(72)) - Storage directory /workdir/hadoop-ozone/ozonefs/target/test-dir/MiniOzoneClusterImpl-72e1902e-de17-4929-8ada-cc6049662493/datanode-3/data/ratis/88b48c35-bb58-40c0-a0c8-f718f8c9c9b2 has been successfully formatted.
2019-09-20 14:24:09,673 [pool-60-thread-1] INFO  ratis.ContainerStateMachine (ContainerStateMachine.java:loadSnapshot(226)) - group-F718F8C9C9B2: The snapshot info is null. Setting the last applied indexto:(t:0, i:~)
2019-09-20 14:24:09,673 [pool-60-thread-1] INFO  server.RaftServerConfigKeys (ConfUtils.java:logGet(43)) - raft.server.leader.election.timeout = 120s (custom)
2019-09-20 14:24:09,673 [pool-60-thread-1] INFO  server.RaftServerConfigKeys (ConfUtils.java:logGet(43)) - raft.server.log.use.memory = false (default)
2019-09-20 14:24:09,673 [pool-60-thread-1] INFO  server.RaftServerConfigKeys (ConfUtils.java:logGet(43)) - raft.server.log.purge.gap = 1000000 (custom)
2019-09-20 14:24:09,673 [pool-60-thread-1] INFO  server.RaftServerConfigKeys (ConfUtils.java:logGet(43)) - raft.server.log.appender.buffer.byte-limit = 33554432 (custom)
2019-09-20 14:24:09,673 [pool-60-thread-1] INFO  server.RaftServerConfigKeys (ConfUtils.java:logGet(43)) - raft.server.log.segment.size.max = 1048576 (custom)
2019-09-20 14:24:09,673 [pool-60-thread-1] INFO  server.RaftServerConfigKeys (ConfUtils.java:logGet(43)) - raft.server.log.segment.cache.num.max = 2 (custom)
2019-09-20 14:24:09,674 [pool-60-thread-1] INFO  segmented.SegmentedRaftLogWorker (SegmentedRaftLogWorker.java:<init>(172)) - new 4b9e2e33-9606-42c4-a38b-d8e2568a9ed5-SegmentedRaftLogWorker:Storage Directory /workdir/hadoop-ozone/ozonefs/target/test-dir/MiniOzoneClusterImpl-72e1902e-de17-4929-8ada-cc6049662493/datanode-3/data/ratis/88b48c35-bb58-40c0-a0c8-f718f8c9c9b2 for RaftStorage:Storage Directory /workdir/hadoop-ozone/ozonefs/target/test-dir/MiniOzoneClusterImpl-72e1902e-de17-4929-8ada-cc6049662493/datanode-3/data/ratis/88b48c35-bb58-40c0-a0c8-f718f8c9c9b2
2019-09-20 14:24:09,674 [pool-60-thread-1] INFO  server.RaftServerConfigKeys (ConfUtils.java:logGet(43)) - raft.server.log.queue.byte-limit = 2147483647 (custom)
2019-09-20 14:24:09,674 [pool-60-thread-1] INFO  server.RaftServerConfigKeys (ConfUtils.java:logGet(43)) - raft.server.log.queue.element-limit = 1024 (custom)
2019-09-20 14:24:09,674 [pool-60-thread-1] INFO  server.RaftServerConfigKeys (ConfUtils.java:logGet(43)) - raft.server.log.segment.size.max = 1048576 (custom)
2019-09-20 14:24:09,674 [pool-60-thread-1] INFO  server.RaftServerConfigKeys (ConfUtils.java:logGet(43)) - raft.server.log.preallocated.size = 16384 (custom)
2019-09-20 14:24:09,674 [pool-60-thread-1] INFO  server.RaftServerConfigKeys (ConfUtils.java:logGet(43)) - raft.server.log.write.buffer.size = 33554432 (custom)
2019-09-20 14:24:09,675 [pool-60-thread-1] INFO  server.RaftServerConfigKeys (ConfUtils.java:logGet(43)) - raft.server.log.force.sync.num = 128 (default)
2019-09-20 14:24:09,675 [pool-60-thread-1] INFO  server.RaftServerConfigKeys (ConfUtils.java:logGet(43)) - raft.server.log.statemachine.data.sync = true (default)
2019-09-20 14:24:09,675 [pool-60-thread-1] INFO  server.RaftServerConfigKeys (ConfUtils.java:logGet(43)) - raft.server.log.statemachine.data.sync.timeout = 10s (default)
2019-09-20 14:24:09,675 [pool-60-thread-1] INFO  server.RaftServerConfigKeys (ConfUtils.java:logGet(43)) - raft.server.log.statemachine.data.sync.timeout.retry = -1 (default)
2019-09-20 14:24:09,675 [pool-60-thread-1] INFO  server.RaftServerConfigKeys (ConfUtils.java:logGet(43)) - raft.server.log.statemachine.data.caching.enabled = true (custom)
2019-09-20 14:24:09,676 [pool-60-thread-1] INFO  segmented.SegmentedRaftLogWorker (SegmentedRaftLogWorker.java:lambda$new$0(132)) - 4b9e2e33-9606-42c4-a38b-d8e2568a9ed5-SegmentedRaftLogWorker:Storage Directory /workdir/hadoop-ozone/ozonefs/target/test-dir/MiniOzoneClusterImpl-72e1902e-de17-4929-8ada-cc6049662493/datanode-3/data/ratis/88b48c35-bb58-40c0-a0c8-f718f8c9c9b2: flushIndex: setUnconditionally 0 -> -1
2019-09-20 14:24:09,676 [pool-60-thread-1] INFO  server.RaftServerConfigKeys (ConfUtils.java:logGet(43)) - raft.server.snapshot.auto.trigger.enabled = true (custom)
2019-09-20 14:24:09,676 [pool-60-thread-1] INFO  server.RaftServerConfigKeys (ConfUtils.java:logGet(43)) - raft.server.snapshot.auto.trigger.threshold = 10000 (custom)
2019-09-20 14:24:09,676 [pool-60-thread-1] INFO  server.RaftServerConfigKeys (ConfUtils.java:logGet(43)) - raft.server.retrycache.expirytime = 600000ms (custom)
2019-09-20 14:24:09,677 [pool-60-thread-1] INFO  impl.RaftServerImpl (RaftServerImpl.java:start(180)) - 4b9e2e33-9606-42c4-a38b-d8e2568a9ed5: start group-F718F8C9C9B2
2019-09-20 14:24:09,677 [pool-60-thread-1] INFO  impl.RaftServerImpl (RaftServerImpl.java:setRole(171)) - 4b9e2e33-9606-42c4-a38b-d8e2568a9ed5:group-F718F8C9C9B2 changes role from null to FOLLOWER at term 0 for startAsFollower
2019-09-20 14:24:09,677 [pool-60-thread-1] INFO  impl.RoleInfo (RoleInfo.java:updateAndGet(143)) - 4b9e2e33-9606-42c4-a38b-d8e2568a9ed5: start FollowerState
2019-09-20 14:24:09,677 [pool-60-thread-1] INFO  util.JmxRegister (JmxRegister.java:tryRegister(44)) - Successfully registered JMX Bean with object name Ratis:service=RaftServer,group=group-F718F8C9C9B2,id=4b9e2e33-9606-42c4-a38b-d8e2568a9ed5
2019-09-20 14:24:09,692 [RatisPipelineUtilsThread] INFO  pipeline.PipelineStateManager (PipelineStateManager.java:addPipeline(56)) - Created pipeline Pipeline[ Id: 88b48c35-bb58-40c0-a0c8-f718f8c9c9b2, Nodes: 4b9e2e33-9606-42c4-a38b-d8e2568a9ed5{ip: 192.168.36.99, host: pr-hdds-1569-p5fx8-1226042367, networkLocation: /default-rack, certSerialId: null}, Type:RATIS, Factor:ONE, State:OPEN]
2019-09-20 14:24:09,709 [grpc-default-executor-0] INFO  impl.RaftServerProxy (RaftServerProxy.java:addNew(89)) - 7c330693-1e2f-4265-ad51-f8ae66fac775: addNew group-396AB2352ED5:[7c330693-1e2f-4265-ad51-f8ae66fac775:192.168.36.99:39028] returns group-396AB2352ED5:java.util.concurrent.CompletableFuture@24ad6112[Not completed]
2019-09-20 14:24:09,711 [pool-27-thread-1] INFO  impl.RaftServerImpl (RaftServerImpl.java:<init>(93)) - 7c330693-1e2f-4265-ad51-f8ae66fac775: new RaftServerImpl for group-396AB2352ED5:[7c330693-1e2f-4265-ad51-f8ae66fac775:192.168.36.99:39028] with ContainerStateMachine:uninitialized
2019-09-20 14:24:09,711 [pool-27-thread-1] INFO  server.RaftServerConfigKeys (ConfUtils.java:logGet(43)) - raft.server.rpc.timeout.min = 5s (custom)
2019-09-20 14:24:09,711 [pool-27-thread-1] INFO  server.RaftServerConfigKeys (ConfUtils.java:logGet(43)) - raft.server.rpc.timeout.max = 5200ms (custom)
2019-09-20 14:24:09,711 [pool-27-thread-1] INFO  server.RaftServerConfigKeys (ConfUtils.java:logGet(43)) - raft.server.rpcslowness.timeout = 120s (custom)
2019-09-20 14:24:09,712 [pool-27-thread-1] INFO  server.RaftServerConfigKeys (ConfUtils.java:logGet(43)) - raft.server.sleep.deviation.threshold = 300 (default)
2019-09-20 14:24:09,712 [pool-27-thread-1] INFO  server.RaftServerConfigKeys (ConfUtils.java:logGet(43)) - raft.server.log.appender.install.snapshot.enabled = false (custom)
2019-09-20 14:24:09,712 [pool-27-thread-1] INFO  impl.RaftServerImpl (ServerState.java:<init>(105)) - 7c330693-1e2f-4265-ad51-f8ae66fac775:group-396AB2352ED5 ConfigurationManager, init=-1: [7c330693-1e2f-4265-ad51-f8ae66fac775:192.168.36.99:39028], old=null, confs=<EMPTY_MAP>
2019-09-20 14:24:09,712 [pool-27-thread-1] INFO  server.RaftServerConfigKeys (ConfUtils.java:logGet(43)) - raft.server.storage.dir = [/workdir/hadoop-ozone/ozonefs/target/test-dir/MiniOzoneClusterImpl-72e1902e-de17-4929-8ada-cc6049662493/datanode-0/data/ratis] (custom)
2019-09-20 14:24:09,712 [pool-27-thread-1] INFO  storage.RaftStorageDirectory (RaftStorageDirectory.java:analyzeStorage(246)) - The storage directory /workdir/hadoop-ozone/ozonefs/target/test-dir/MiniOzoneClusterImpl-72e1902e-de17-4929-8ada-cc6049662493/datanode-0/data/ratis/0e1149ae-7520-4a5f-81ca-396ab2352ed5 does not exist. Creating ...
2019-09-20 14:24:09,749 [pool-27-thread-1] INFO  storage.RaftStorageDirectory (RaftStorageDirectory.java:tryLock(328)) - Lock on /workdir/hadoop-ozone/ozonefs/target/test-dir/MiniOzoneClusterImpl-72e1902e-de17-4929-8ada-cc6049662493/datanode-0/data/ratis/0e1149ae-7520-4a5f-81ca-396ab2352ed5/in_use.lock acquired by nodename 20069@pr-hdds-1569-p5fx8-1226042367
2019-09-20 14:24:09,750 | INFO  | SCMAudit | user=jenkins1000 | ip=192.168.36.99 | op=SEND_HEARTBEAT {datanodeUUID=926b0f41-0722-49ff-a592-68b703f22f49, command=[]} | ret=SUCCESS |  
2019-09-20 14:24:09,773 [pool-27-thread-1] INFO  storage.RaftStorage (RaftStorage.java:format(72)) - Storage directory /workdir/hadoop-ozone/ozonefs/target/test-dir/MiniOzoneClusterImpl-72e1902e-de17-4929-8ada-cc6049662493/datanode-0/data/ratis/0e1149ae-7520-4a5f-81ca-396ab2352ed5 has been successfully formatted.
2019-09-20 14:24:09,773 [pool-27-thread-1] INFO  ratis.ContainerStateMachine (ContainerStateMachine.java:loadSnapshot(226)) - group-396AB2352ED5: The snapshot info is null. Setting the last applied indexto:(t:0, i:~)
2019-09-20 14:24:09,774 [pool-27-thread-1] INFO  server.RaftServerConfigKeys (ConfUtils.java:logGet(43)) - raft.server.leader.election.timeout = 120s (custom)
2019-09-20 14:24:09,774 [pool-27-thread-1] INFO  server.RaftServerConfigKeys (ConfUtils.java:logGet(43)) - raft.server.log.use.memory = false (default)
2019-09-20 14:24:09,774 [pool-27-thread-1] INFO  server.RaftServerConfigKeys (ConfUtils.java:logGet(43)) - raft.server.log.purge.gap = 1000000 (custom)
2019-09-20 14:24:09,774 [pool-27-thread-1] INFO  server.RaftServerConfigKeys (ConfUtils.java:logGet(43)) - raft.server.log.appender.buffer.byte-limit = 33554432 (custom)
2019-09-20 14:24:09,774 [pool-27-thread-1] INFO  server.RaftServerConfigKeys (ConfUtils.java:logGet(43)) - raft.server.log.segment.size.max = 1048576 (custom)
2019-09-20 14:24:09,775 [pool-27-thread-1] INFO  server.RaftServerConfigKeys (ConfUtils.java:logGet(43)) - raft.server.log.segment.cache.num.max = 2 (custom)
2019-09-20 14:24:09,775 [pool-27-thread-1] INFO  segmented.SegmentedRaftLogWorker (SegmentedRaftLogWorker.java:<init>(172)) - new 7c330693-1e2f-4265-ad51-f8ae66fac775-SegmentedRaftLogWorker:Storage Directory /workdir/hadoop-ozone/ozonefs/target/test-dir/MiniOzoneClusterImpl-72e1902e-de17-4929-8ada-cc6049662493/datanode-0/data/ratis/0e1149ae-7520-4a5f-81ca-396ab2352ed5 for RaftStorage:Storage Directory /workdir/hadoop-ozone/ozonefs/target/test-dir/MiniOzoneClusterImpl-72e1902e-de17-4929-8ada-cc6049662493/datanode-0/data/ratis/0e1149ae-7520-4a5f-81ca-396ab2352ed5
2019-09-20 14:24:09,775 [pool-27-thread-1] INFO  server.RaftServerConfigKeys (ConfUtils.java:logGet(43)) - raft.server.log.queue.byte-limit = 2147483647 (custom)
2019-09-20 14:24:09,775 [pool-27-thread-1] INFO  server.RaftServerConfigKeys (ConfUtils.java:logGet(43)) - raft.server.log.queue.element-limit = 1024 (custom)
2019-09-20 14:24:09,775 [pool-27-thread-1] INFO  server.RaftServerConfigKeys (ConfUtils.java:logGet(43)) - raft.server.log.segment.size.max = 1048576 (custom)
2019-09-20 14:24:09,775 [pool-27-thread-1] INFO  server.RaftServerConfigKeys (ConfUtils.java:logGet(43)) - raft.server.log.preallocated.size = 16384 (custom)
2019-09-20 14:24:09,776 [pool-27-thread-1] INFO  server.RaftServerConfigKeys (ConfUtils.java:logGet(43)) - raft.server.log.write.buffer.size = 33554432 (custom)
2019-09-20 14:24:09,776 [pool-27-thread-1] INFO  server.RaftServerConfigKeys (ConfUtils.java:logGet(43)) - raft.server.log.force.sync.num = 128 (default)
2019-09-20 14:24:09,776 [pool-27-thread-1] INFO  server.RaftServerConfigKeys (ConfUtils.java:logGet(43)) - raft.server.log.statemachine.data.sync = true (default)
2019-09-20 14:24:09,776 [pool-27-thread-1] INFO  server.RaftServerConfigKeys (ConfUtils.java:logGet(43)) - raft.server.log.statemachine.data.sync.timeout = 10s (default)
2019-09-20 14:24:09,776 [pool-27-thread-1] INFO  server.RaftServerConfigKeys (ConfUtils.java:logGet(43)) - raft.server.log.statemachine.data.sync.timeout.retry = -1 (default)
2019-09-20 14:24:09,777 [pool-27-thread-1] INFO  server.RaftServerConfigKeys (ConfUtils.java:logGet(43)) - raft.server.log.statemachine.data.caching.enabled = true (custom)
2019-09-20 14:24:09,777 [pool-27-thread-1] INFO  segmented.SegmentedRaftLogWorker (SegmentedRaftLogWorker.java:lambda$new$0(132)) - 7c330693-1e2f-4265-ad51-f8ae66fac775-SegmentedRaftLogWorker:Storage Directory /workdir/hadoop-ozone/ozonefs/target/test-dir/MiniOzoneClusterImpl-72e1902e-de17-4929-8ada-cc6049662493/datanode-0/data/ratis/0e1149ae-7520-4a5f-81ca-396ab2352ed5: flushIndex: setUnconditionally 0 -> -1
2019-09-20 14:24:09,777 [pool-27-thread-1] INFO  server.RaftServerConfigKeys (ConfUtils.java:logGet(43)) - raft.server.snapshot.auto.trigger.enabled = true (custom)
2019-09-20 14:24:09,778 [pool-27-thread-1] INFO  server.RaftServerConfigKeys (ConfUtils.java:logGet(43)) - raft.server.snapshot.auto.trigger.threshold = 10000 (custom)
2019-09-20 14:24:09,778 [pool-27-thread-1] INFO  server.RaftServerConfigKeys (ConfUtils.java:logGet(43)) - raft.server.retrycache.expirytime = 600000ms (custom)
2019-09-20 14:24:09,778 [pool-27-thread-1] INFO  impl.RaftServerImpl (RaftServerImpl.java:start(180)) - 7c330693-1e2f-4265-ad51-f8ae66fac775: start group-396AB2352ED5
2019-09-20 14:24:09,778 [pool-27-thread-1] INFO  impl.RaftServerImpl (RaftServerImpl.java:setRole(171)) - 7c330693-1e2f-4265-ad51-f8ae66fac775:group-396AB2352ED5 changes role from null to FOLLOWER at term 0 for startAsFollower
2019-09-20 14:24:09,779 [pool-27-thread-1] INFO  impl.RoleInfo (RoleInfo.java:updateAndGet(143)) - 7c330693-1e2f-4265-ad51-f8ae66fac775: start FollowerState
2019-09-20 14:24:09,779 [pool-27-thread-1] INFO  util.JmxRegister (JmxRegister.java:tryRegister(44)) - Successfully registered JMX Bean with object name Ratis:service=RaftServer,group=group-396AB2352ED5,id=7c330693-1e2f-4265-ad51-f8ae66fac775
2019-09-20 14:24:09,796 [RatisPipelineUtilsThread] INFO  pipeline.PipelineStateManager (PipelineStateManager.java:addPipeline(56)) - Created pipeline Pipeline[ Id: 0e1149ae-7520-4a5f-81ca-396ab2352ed5, Nodes: 7c330693-1e2f-4265-ad51-f8ae66fac775{ip: 192.168.36.99, host: pr-hdds-1569-p5fx8-1226042367, networkLocation: /default-rack, certSerialId: null}, Type:RATIS, Factor:ONE, State:OPEN]
2019-09-20 14:24:09,823 [grpc-default-executor-0] INFO  impl.RaftServerProxy (RaftServerProxy.java:addNew(89)) - 7c330693-1e2f-4265-ad51-f8ae66fac775: addNew group-904199C3FB4B:[7c330693-1e2f-4265-ad51-f8ae66fac775:192.168.36.99:39028] returns group-904199C3FB4B:java.util.concurrent.CompletableFuture@b26a0bd[Not completed]
2019-09-20 14:24:09,825 [pool-27-thread-1] INFO  impl.RaftServerImpl (RaftServerImpl.java:<init>(93)) - 7c330693-1e2f-4265-ad51-f8ae66fac775: new RaftServerImpl for group-904199C3FB4B:[7c330693-1e2f-4265-ad51-f8ae66fac775:192.168.36.99:39028] with ContainerStateMachine:uninitialized
2019-09-20 14:24:09,825 [pool-27-thread-1] INFO  server.RaftServerConfigKeys (ConfUtils.java:logGet(43)) - raft.server.rpc.timeout.min = 5s (custom)
2019-09-20 14:24:09,825 [pool-27-thread-1] INFO  server.RaftServerConfigKeys (ConfUtils.java:logGet(43)) - raft.server.rpc.timeout.max = 5200ms (custom)
2019-09-20 14:24:09,826 [pool-27-thread-1] INFO  server.RaftServerConfigKeys (ConfUtils.java:logGet(43)) - raft.server.rpcslowness.timeout = 120s (custom)
2019-09-20 14:24:09,826 [pool-27-thread-1] INFO  server.RaftServerConfigKeys (ConfUtils.java:logGet(43)) - raft.server.sleep.deviation.threshold = 300 (default)
2019-09-20 14:24:09,826 [pool-27-thread-1] INFO  server.RaftServerConfigKeys (ConfUtils.java:logGet(43)) - raft.server.log.appender.install.snapshot.enabled = false (custom)
2019-09-20 14:24:09,826 [pool-27-thread-1] INFO  impl.RaftServerImpl (ServerState.java:<init>(105)) - 7c330693-1e2f-4265-ad51-f8ae66fac775:group-904199C3FB4B ConfigurationManager, init=-1: [7c330693-1e2f-4265-ad51-f8ae66fac775:192.168.36.99:39028], old=null, confs=<EMPTY_MAP>
2019-09-20 14:24:09,826 [pool-27-thread-1] INFO  server.RaftServerConfigKeys (ConfUtils.java:logGet(43)) - raft.server.storage.dir = [/workdir/hadoop-ozone/ozonefs/target/test-dir/MiniOzoneClusterImpl-72e1902e-de17-4929-8ada-cc6049662493/datanode-0/data/ratis] (custom)
2019-09-20 14:24:09,827 [pool-27-thread-1] INFO  storage.RaftStorageDirectory (RaftStorageDirectory.java:analyzeStorage(246)) - The storage directory /workdir/hadoop-ozone/ozonefs/target/test-dir/MiniOzoneClusterImpl-72e1902e-de17-4929-8ada-cc6049662493/datanode-0/data/ratis/1c697d88-cf13-42d1-8eaa-904199c3fb4b does not exist. Creating ...
2019-09-20 14:24:09,848 [pool-27-thread-1] INFO  storage.RaftStorageDirectory (RaftStorageDirectory.java:tryLock(328)) - Lock on /workdir/hadoop-ozone/ozonefs/target/test-dir/MiniOzoneClusterImpl-72e1902e-de17-4929-8ada-cc6049662493/datanode-0/data/ratis/1c697d88-cf13-42d1-8eaa-904199c3fb4b/in_use.lock acquired by nodename 20069@pr-hdds-1569-p5fx8-1226042367
2019-09-20 14:24:09,865 [pool-27-thread-1] INFO  storage.RaftStorage (RaftStorage.java:format(72)) - Storage directory /workdir/hadoop-ozone/ozonefs/target/test-dir/MiniOzoneClusterImpl-72e1902e-de17-4929-8ada-cc6049662493/datanode-0/data/ratis/1c697d88-cf13-42d1-8eaa-904199c3fb4b has been successfully formatted.
2019-09-20 14:24:09,866 [pool-27-thread-1] INFO  ratis.ContainerStateMachine (ContainerStateMachine.java:loadSnapshot(226)) - group-904199C3FB4B: The snapshot info is null. Setting the last applied indexto:(t:0, i:~)
2019-09-20 14:24:09,866 [pool-27-thread-1] INFO  server.RaftServerConfigKeys (ConfUtils.java:logGet(43)) - raft.server.leader.election.timeout = 120s (custom)
2019-09-20 14:24:09,866 [pool-27-thread-1] INFO  server.RaftServerConfigKeys (ConfUtils.java:logGet(43)) - raft.server.log.use.memory = false (default)
2019-09-20 14:24:09,867 [pool-27-thread-1] INFO  server.RaftServerConfigKeys (ConfUtils.java:logGet(43)) - raft.server.log.purge.gap = 1000000 (custom)
2019-09-20 14:24:09,867 [pool-27-thread-1] INFO  server.RaftServerConfigKeys (ConfUtils.java:logGet(43)) - raft.server.log.appender.buffer.byte-limit = 33554432 (custom)
2019-09-20 14:24:09,867 [pool-27-thread-1] INFO  server.RaftServerConfigKeys (ConfUtils.java:logGet(43)) - raft.server.log.segment.size.max = 1048576 (custom)
2019-09-20 14:24:09,867 [pool-27-thread-1] INFO  server.RaftServerConfigKeys (ConfUtils.java:logGet(43)) - raft.server.log.segment.cache.num.max = 2 (custom)
2019-09-20 14:24:09,867 [pool-27-thread-1] INFO  segmented.SegmentedRaftLogWorker (SegmentedRaftLogWorker.java:<init>(172)) - new 7c330693-1e2f-4265-ad51-f8ae66fac775-SegmentedRaftLogWorker:Storage Directory /workdir/hadoop-ozone/ozonefs/target/test-dir/MiniOzoneClusterImpl-72e1902e-de17-4929-8ada-cc6049662493/datanode-0/data/ratis/1c697d88-cf13-42d1-8eaa-904199c3fb4b for RaftStorage:Storage Directory /workdir/hadoop-ozone/ozonefs/target/test-dir/MiniOzoneClusterImpl-72e1902e-de17-4929-8ada-cc6049662493/datanode-0/data/ratis/1c697d88-cf13-42d1-8eaa-904199c3fb4b
2019-09-20 14:24:09,868 [pool-27-thread-1] INFO  server.RaftServerConfigKeys (ConfUtils.java:logGet(43)) - raft.server.log.queue.byte-limit = 2147483647 (custom)
2019-09-20 14:24:09,868 [pool-27-thread-1] INFO  server.RaftServerConfigKeys (ConfUtils.java:logGet(43)) - raft.server.log.queue.element-limit = 1024 (custom)
2019-09-20 14:24:09,868 [pool-27-thread-1] INFO  server.RaftServerConfigKeys (ConfUtils.java:logGet(43)) - raft.server.log.segment.size.max = 1048576 (custom)
2019-09-20 14:24:09,868 [pool-27-thread-1] INFO  server.RaftServerConfigKeys (ConfUtils.java:logGet(43)) - raft.server.log.preallocated.size = 16384 (custom)
2019-09-20 14:24:09,868 [pool-27-thread-1] INFO  server.RaftServerConfigKeys (ConfUtils.java:logGet(43)) - raft.server.log.write.buffer.size = 33554432 (custom)
2019-09-20 14:24:09,868 [pool-27-thread-1] INFO  server.RaftServerConfigKeys (ConfUtils.java:logGet(43)) - raft.server.log.force.sync.num = 128 (default)
2019-09-20 14:24:09,869 [pool-27-thread-1] INFO  server.RaftServerConfigKeys (ConfUtils.java:logGet(43)) - raft.server.log.statemachine.data.sync = true (default)
2019-09-20 14:24:09,869 [pool-27-thread-1] INFO  server.RaftServerConfigKeys (ConfUtils.java:logGet(43)) - raft.server.log.statemachine.data.sync.timeout = 10s (default)
2019-09-20 14:24:09,869 [pool-27-thread-1] INFO  server.RaftServerConfigKeys (ConfUtils.java:logGet(43)) - raft.server.log.statemachine.data.sync.timeout.retry = -1 (default)
2019-09-20 14:24:09,869 [pool-27-thread-1] INFO  server.RaftServerConfigKeys (ConfUtils.java:logGet(43)) - raft.server.log.statemachine.data.caching.enabled = true (custom)
2019-09-20 14:24:09,870 [pool-27-thread-1] INFO  segmented.SegmentedRaftLogWorker (SegmentedRaftLogWorker.java:lambda$new$0(132)) - 7c330693-1e2f-4265-ad51-f8ae66fac775-SegmentedRaftLogWorker:Storage Directory /workdir/hadoop-ozone/ozonefs/target/test-dir/MiniOzoneClusterImpl-72e1902e-de17-4929-8ada-cc6049662493/datanode-0/data/ratis/1c697d88-cf13-42d1-8eaa-904199c3fb4b: flushIndex: setUnconditionally 0 -> -1
2019-09-20 14:24:09,870 [pool-27-thread-1] INFO  server.RaftServerConfigKeys (ConfUtils.java:logGet(43)) - raft.server.snapshot.auto.trigger.enabled = true (custom)
2019-09-20 14:24:09,870 [pool-27-thread-1] INFO  server.RaftServerConfigKeys (ConfUtils.java:logGet(43)) - raft.server.snapshot.auto.trigger.threshold = 10000 (custom)
2019-09-20 14:24:09,871 [pool-27-thread-1] INFO  server.RaftServerConfigKeys (ConfUtils.java:logGet(43)) - raft.server.retrycache.expirytime = 600000ms (custom)
2019-09-20 14:24:09,871 [pool-27-thread-1] INFO  impl.RaftServerImpl (RaftServerImpl.java:start(180)) - 7c330693-1e2f-4265-ad51-f8ae66fac775: start group-904199C3FB4B
2019-09-20 14:24:09,871 [pool-27-thread-1] INFO  impl.RaftServerImpl (RaftServerImpl.java:setRole(171)) - 7c330693-1e2f-4265-ad51-f8ae66fac775:group-904199C3FB4B changes role from null to FOLLOWER at term 0 for startAsFollower
2019-09-20 14:24:09,871 [pool-27-thread-1] INFO  impl.RoleInfo (RoleInfo.java:updateAndGet(143)) - 7c330693-1e2f-4265-ad51-f8ae66fac775: start FollowerState
2019-09-20 14:24:09,872 [pool-27-thread-1] INFO  util.JmxRegister (JmxRegister.java:tryRegister(44)) - Successfully registered JMX Bean with object name Ratis:service=RaftServer,group=group-904199C3FB4B,id=7c330693-1e2f-4265-ad51-f8ae66fac775
2019-09-20 14:24:09,889 [RatisPipelineUtilsThread] INFO  pipeline.PipelineStateManager (PipelineStateManager.java:addPipeline(56)) - Created pipeline Pipeline[ Id: 1c697d88-cf13-42d1-8eaa-904199c3fb4b, Nodes: 7c330693-1e2f-4265-ad51-f8ae66fac775{ip: 192.168.36.99, host: pr-hdds-1569-p5fx8-1226042367, networkLocation: /default-rack, certSerialId: null}, Type:RATIS, Factor:ONE, State:OPEN]
2019-09-20 14:24:09,893 [RatisPipelineUtilsThread] INFO  pipeline.PipelinePlacementPolicy (PipelinePlacementPolicy.java:meetCriteria(91)) - Pipeline Placement: Doesn't meet the criteria to be viable node： 7c330693-1e2f-4265-ad51-f8ae66fac775 Heaviness: 6 limit: 5
2019-09-20 14:24:09,913 [grpc-default-executor-0] INFO  impl.RaftServerProxy (RaftServerProxy.java:addNew(89)) - f44a1c99-f9ac-4ca4-85ec-e98b84e0ebc2: addNew group-CDA5F79ABBF6:[f44a1c99-f9ac-4ca4-85ec-e98b84e0ebc2:192.168.36.99:39362] returns group-CDA5F79ABBF6:java.util.concurrent.CompletableFuture@63ae96b5[Not completed]
2019-09-20 14:24:09,921 [pool-82-thread-1] INFO  impl.RaftServerImpl (RaftServerImpl.java:<init>(93)) - f44a1c99-f9ac-4ca4-85ec-e98b84e0ebc2: new RaftServerImpl for group-CDA5F79ABBF6:[f44a1c99-f9ac-4ca4-85ec-e98b84e0ebc2:192.168.36.99:39362] with ContainerStateMachine:uninitialized
2019-09-20 14:24:09,922 [pool-82-thread-1] INFO  server.RaftServerConfigKeys (ConfUtils.java:logGet(43)) - raft.server.rpc.timeout.min = 5s (custom)
2019-09-20 14:24:09,922 [pool-82-thread-1] INFO  server.RaftServerConfigKeys (ConfUtils.java:logGet(43)) - raft.server.rpc.timeout.max = 5200ms (custom)
2019-09-20 14:24:09,922 [pool-82-thread-1] INFO  server.RaftServerConfigKeys (ConfUtils.java:logGet(43)) - raft.server.rpcslowness.timeout = 120s (custom)
2019-09-20 14:24:09,922 [pool-82-thread-1] INFO  server.RaftServerConfigKeys (ConfUtils.java:logGet(43)) - raft.server.sleep.deviation.threshold = 300 (default)
2019-09-20 14:24:09,923 [pool-82-thread-1] INFO  server.RaftServerConfigKeys (ConfUtils.java:logGet(43)) - raft.server.log.appender.install.snapshot.enabled = false (custom)
2019-09-20 14:24:09,923 [pool-82-thread-1] INFO  impl.RaftServerImpl (ServerState.java:<init>(105)) - f44a1c99-f9ac-4ca4-85ec-e98b84e0ebc2:group-CDA5F79ABBF6 ConfigurationManager, init=-1: [f44a1c99-f9ac-4ca4-85ec-e98b84e0ebc2:192.168.36.99:39362], old=null, confs=<EMPTY_MAP>
2019-09-20 14:24:09,923 [pool-82-thread-1] INFO  server.RaftServerConfigKeys (ConfUtils.java:logGet(43)) - raft.server.storage.dir = [/workdir/hadoop-ozone/ozonefs/target/test-dir/MiniOzoneClusterImpl-72e1902e-de17-4929-8ada-cc6049662493/datanode-5/data/ratis] (custom)
2019-09-20 14:24:09,924 [pool-82-thread-1] INFO  storage.RaftStorageDirectory (RaftStorageDirectory.java:analyzeStorage(246)) - The storage directory /workdir/hadoop-ozone/ozonefs/target/test-dir/MiniOzoneClusterImpl-72e1902e-de17-4929-8ada-cc6049662493/datanode-5/data/ratis/38986bf5-118d-418b-96b8-cda5f79abbf6 does not exist. Creating ...
2019-09-20 14:24:09,949 [pool-82-thread-1] INFO  storage.RaftStorageDirectory (RaftStorageDirectory.java:tryLock(328)) - Lock on /workdir/hadoop-ozone/ozonefs/target/test-dir/MiniOzoneClusterImpl-72e1902e-de17-4929-8ada-cc6049662493/datanode-5/data/ratis/38986bf5-118d-418b-96b8-cda5f79abbf6/in_use.lock acquired by nodename 20069@pr-hdds-1569-p5fx8-1226042367
2019-09-20 14:24:09,975 [pool-82-thread-1] INFO  storage.RaftStorage (RaftStorage.java:format(72)) - Storage directory /workdir/hadoop-ozone/ozonefs/target/test-dir/MiniOzoneClusterImpl-72e1902e-de17-4929-8ada-cc6049662493/datanode-5/data/ratis/38986bf5-118d-418b-96b8-cda5f79abbf6 has been successfully formatted.
2019-09-20 14:24:09,975 [pool-82-thread-1] INFO  ratis.ContainerStateMachine (ContainerStateMachine.java:loadSnapshot(226)) - group-CDA5F79ABBF6: The snapshot info is null. Setting the last applied indexto:(t:0, i:~)
2019-09-20 14:24:09,975 [pool-82-thread-1] INFO  server.RaftServerConfigKeys (ConfUtils.java:logGet(43)) - raft.server.leader.election.timeout = 120s (custom)
2019-09-20 14:24:09,975 [pool-82-thread-1] INFO  server.RaftServerConfigKeys (ConfUtils.java:logGet(43)) - raft.server.log.use.memory = false (default)
2019-09-20 14:24:09,976 [pool-82-thread-1] INFO  server.RaftServerConfigKeys (ConfUtils.java:logGet(43)) - raft.server.log.purge.gap = 1000000 (custom)
2019-09-20 14:24:09,976 [pool-82-thread-1] INFO  server.RaftServerConfigKeys (ConfUtils.java:logGet(43)) - raft.server.log.appender.buffer.byte-limit = 33554432 (custom)
2019-09-20 14:24:09,976 [pool-82-thread-1] INFO  server.RaftServerConfigKeys (ConfUtils.java:logGet(43)) - raft.server.log.segment.size.max = 1048576 (custom)
2019-09-20 14:24:09,976 [pool-82-thread-1] INFO  server.RaftServerConfigKeys (ConfUtils.java:logGet(43)) - raft.server.log.segment.cache.num.max = 2 (custom)
2019-09-20 14:24:09,976 [pool-82-thread-1] INFO  segmented.SegmentedRaftLogWorker (SegmentedRaftLogWorker.java:<init>(172)) - new f44a1c99-f9ac-4ca4-85ec-e98b84e0ebc2-SegmentedRaftLogWorker:Storage Directory /workdir/hadoop-ozone/ozonefs/target/test-dir/MiniOzoneClusterImpl-72e1902e-de17-4929-8ada-cc6049662493/datanode-5/data/ratis/38986bf5-118d-418b-96b8-cda5f79abbf6 for RaftStorage:Storage Directory /workdir/hadoop-ozone/ozonefs/target/test-dir/MiniOzoneClusterImpl-72e1902e-de17-4929-8ada-cc6049662493/datanode-5/data/ratis/38986bf5-118d-418b-96b8-cda5f79abbf6
2019-09-20 14:24:09,977 [pool-82-thread-1] INFO  server.RaftServerConfigKeys (ConfUtils.java:logGet(43)) - raft.server.log.queue.byte-limit = 2147483647 (custom)
2019-09-20 14:24:09,977 [pool-82-thread-1] INFO  server.RaftServerConfigKeys (ConfUtils.java:logGet(43)) - raft.server.log.queue.element-limit = 1024 (custom)
2019-09-20 14:24:09,977 [pool-82-thread-1] INFO  server.RaftServerConfigKeys (ConfUtils.java:logGet(43)) - raft.server.log.segment.size.max = 1048576 (custom)
2019-09-20 14:24:09,978 [pool-82-thread-1] INFO  server.RaftServerConfigKeys (ConfUtils.java:logGet(43)) - raft.server.log.preallocated.size = 16384 (custom)
2019-09-20 14:24:09,978 [pool-82-thread-1] INFO  server.RaftServerConfigKeys (ConfUtils.java:logGet(43)) - raft.server.log.write.buffer.size = 33554432 (custom)
2019-09-20 14:24:09,978 [pool-82-thread-1] INFO  server.RaftServerConfigKeys (ConfUtils.java:logGet(43)) - raft.server.log.force.sync.num = 128 (default)
2019-09-20 14:24:09,978 [pool-82-thread-1] INFO  server.RaftServerConfigKeys (ConfUtils.java:logGet(43)) - raft.server.log.statemachine.data.sync = true (default)
2019-09-20 14:24:09,978 [pool-82-thread-1] INFO  server.RaftServerConfigKeys (ConfUtils.java:logGet(43)) - raft.server.log.statemachine.data.sync.timeout = 10s (default)
2019-09-20 14:24:09,978 [pool-82-thread-1] INFO  server.RaftServerConfigKeys (ConfUtils.java:logGet(43)) - raft.server.log.statemachine.data.sync.timeout.retry = -1 (default)
2019-09-20 14:24:09,979 [pool-82-thread-1] INFO  server.RaftServerConfigKeys (ConfUtils.java:logGet(43)) - raft.server.log.statemachine.data.caching.enabled = true (custom)
2019-09-20 14:24:09,979 [pool-82-thread-1] INFO  segmented.SegmentedRaftLogWorker (SegmentedRaftLogWorker.java:lambda$new$0(132)) - f44a1c99-f9ac-4ca4-85ec-e98b84e0ebc2-SegmentedRaftLogWorker:Storage Directory /workdir/hadoop-ozone/ozonefs/target/test-dir/MiniOzoneClusterImpl-72e1902e-de17-4929-8ada-cc6049662493/datanode-5/data/ratis/38986bf5-118d-418b-96b8-cda5f79abbf6: flushIndex: setUnconditionally 0 -> -1
2019-09-20 14:24:09,980 [pool-82-thread-1] INFO  server.RaftServerConfigKeys (ConfUtils.java:logGet(43)) - raft.server.snapshot.auto.trigger.enabled = true (custom)
2019-09-20 14:24:09,980 [pool-82-thread-1] INFO  server.RaftServerConfigKeys (ConfUtils.java:logGet(43)) - raft.server.snapshot.auto.trigger.threshold = 10000 (custom)
2019-09-20 14:24:09,980 [pool-82-thread-1] INFO  server.RaftServerConfigKeys (ConfUtils.java:logGet(43)) - raft.server.retrycache.expirytime = 600000ms (custom)
2019-09-20 14:24:09,981 [pool-82-thread-1] INFO  impl.RaftServerImpl (RaftServerImpl.java:start(180)) - f44a1c99-f9ac-4ca4-85ec-e98b84e0ebc2: start group-CDA5F79ABBF6
2019-09-20 14:24:09,981 [pool-82-thread-1] INFO  impl.RaftServerImpl (RaftServerImpl.java:setRole(171)) - f44a1c99-f9ac-4ca4-85ec-e98b84e0ebc2:group-CDA5F79ABBF6 changes role from null to FOLLOWER at term 0 for startAsFollower
2019-09-20 14:24:09,981 [pool-82-thread-1] INFO  impl.RoleInfo (RoleInfo.java:updateAndGet(143)) - f44a1c99-f9ac-4ca4-85ec-e98b84e0ebc2: start FollowerState
2019-09-20 14:24:09,981 [pool-82-thread-1] INFO  util.JmxRegister (JmxRegister.java:tryRegister(44)) - Successfully registered JMX Bean with object name Ratis:service=RaftServer,group=group-CDA5F79ABBF6,id=f44a1c99-f9ac-4ca4-85ec-e98b84e0ebc2
2019-09-20 14:24:09,995 [RatisPipelineUtilsThread] INFO  pipeline.PipelineStateManager (PipelineStateManager.java:addPipeline(56)) - Created pipeline Pipeline[ Id: 38986bf5-118d-418b-96b8-cda5f79abbf6, Nodes: f44a1c99-f9ac-4ca4-85ec-e98b84e0ebc2{ip: 192.168.36.99, host: pr-hdds-1569-p5fx8-1226042367, networkLocation: /default-rack, certSerialId: null}, Type:RATIS, Factor:ONE, State:OPEN]
2019-09-20 14:24:09,996 [RatisPipelineUtilsThread] INFO  pipeline.PipelinePlacementPolicy (PipelinePlacementPolicy.java:meetCriteria(91)) - Pipeline Placement: Doesn't meet the criteria to be viable node： 7c330693-1e2f-4265-ad51-f8ae66fac775 Heaviness: 6 limit: 5
2019-09-20 14:24:10,009 [grpc-default-executor-0] INFO  impl.RaftServerProxy (RaftServerProxy.java:addNew(89)) - 926b0f41-0722-49ff-a592-68b703f22f49: addNew group-FA2F72304839:[926b0f41-0722-49ff-a592-68b703f22f49:192.168.36.99:33200] returns group-FA2F72304839:java.util.concurrent.CompletableFuture@406d1e57[Not completed]
2019-09-20 14:24:10,014 [pool-49-thread-1] INFO  impl.RaftServerImpl (RaftServerImpl.java:<init>(93)) - 926b0f41-0722-49ff-a592-68b703f22f49: new RaftServerImpl for group-FA2F72304839:[926b0f41-0722-49ff-a592-68b703f22f49:192.168.36.99:33200] with ContainerStateMachine:uninitialized
2019-09-20 14:24:10,014 [pool-49-thread-1] INFO  server.RaftServerConfigKeys (ConfUtils.java:logGet(43)) - raft.server.rpc.timeout.min = 5s (custom)
2019-09-20 14:24:10,014 [pool-49-thread-1] INFO  server.RaftServerConfigKeys (ConfUtils.java:logGet(43)) - raft.server.rpc.timeout.max = 5200ms (custom)
2019-09-20 14:24:10,015 [pool-49-thread-1] INFO  server.RaftServerConfigKeys (ConfUtils.java:logGet(43)) - raft.server.rpcslowness.timeout = 120s (custom)
2019-09-20 14:24:10,015 [pool-49-thread-1] INFO  server.RaftServerConfigKeys (ConfUtils.java:logGet(43)) - raft.server.sleep.deviation.threshold = 300 (default)
2019-09-20 14:24:10,015 [pool-49-thread-1] INFO  server.RaftServerConfigKeys (ConfUtils.java:logGet(43)) - raft.server.log.appender.install.snapshot.enabled = false (custom)
2019-09-20 14:24:10,015 [pool-49-thread-1] INFO  impl.RaftServerImpl (ServerState.java:<init>(105)) - 926b0f41-0722-49ff-a592-68b703f22f49:group-FA2F72304839 ConfigurationManager, init=-1: [926b0f41-0722-49ff-a592-68b703f22f49:192.168.36.99:33200], old=null, confs=<EMPTY_MAP>
2019-09-20 14:24:10,015 [pool-49-thread-1] INFO  server.RaftServerConfigKeys (ConfUtils.java:logGet(43)) - raft.server.storage.dir = [/workdir/hadoop-ozone/ozonefs/target/test-dir/MiniOzoneClusterImpl-72e1902e-de17-4929-8ada-cc6049662493/datanode-2/data/ratis] (custom)
2019-09-20 14:24:10,016 [pool-49-thread-1] INFO  storage.RaftStorageDirectory (RaftStorageDirectory.java:analyzeStorage(246)) - The storage directory /workdir/hadoop-ozone/ozonefs/target/test-dir/MiniOzoneClusterImpl-72e1902e-de17-4929-8ada-cc6049662493/datanode-2/data/ratis/d924e1af-909f-408d-8a94-fa2f72304839 does not exist. Creating ...
2019-09-20 14:24:10,041 [pool-49-thread-1] INFO  storage.RaftStorageDirectory (RaftStorageDirectory.java:tryLock(328)) - Lock on /workdir/hadoop-ozone/ozonefs/target/test-dir/MiniOzoneClusterImpl-72e1902e-de17-4929-8ada-cc6049662493/datanode-2/data/ratis/d924e1af-909f-408d-8a94-fa2f72304839/in_use.lock acquired by nodename 20069@pr-hdds-1569-p5fx8-1226042367
2019-09-20 14:24:10,067 [pool-49-thread-1] INFO  storage.RaftStorage (RaftStorage.java:format(72)) - Storage directory /workdir/hadoop-ozone/ozonefs/target/test-dir/MiniOzoneClusterImpl-72e1902e-de17-4929-8ada-cc6049662493/datanode-2/data/ratis/d924e1af-909f-408d-8a94-fa2f72304839 has been successfully formatted.
2019-09-20 14:24:10,067 [pool-49-thread-1] INFO  ratis.ContainerStateMachine (ContainerStateMachine.java:loadSnapshot(226)) - group-FA2F72304839: The snapshot info is null. Setting the last applied indexto:(t:0, i:~)
2019-09-20 14:24:10,067 [pool-49-thread-1] INFO  server.RaftServerConfigKeys (ConfUtils.java:logGet(43)) - raft.server.leader.election.timeout = 120s (custom)
2019-09-20 14:24:10,067 [pool-49-thread-1] INFO  server.RaftServerConfigKeys (ConfUtils.java:logGet(43)) - raft.server.log.use.memory = false (default)
2019-09-20 14:24:10,068 [pool-49-thread-1] INFO  server.RaftServerConfigKeys (ConfUtils.java:logGet(43)) - raft.server.log.purge.gap = 1000000 (custom)
2019-09-20 14:24:10,068 [pool-49-thread-1] INFO  server.RaftServerConfigKeys (ConfUtils.java:logGet(43)) - raft.server.log.appender.buffer.byte-limit = 33554432 (custom)
2019-09-20 14:24:10,068 [pool-49-thread-1] INFO  server.RaftServerConfigKeys (ConfUtils.java:logGet(43)) - raft.server.log.segment.size.max = 1048576 (custom)
2019-09-20 14:24:10,068 [pool-49-thread-1] INFO  server.RaftServerConfigKeys (ConfUtils.java:logGet(43)) - raft.server.log.segment.cache.num.max = 2 (custom)
2019-09-20 14:24:10,068 [pool-49-thread-1] INFO  segmented.SegmentedRaftLogWorker (SegmentedRaftLogWorker.java:<init>(172)) - new 926b0f41-0722-49ff-a592-68b703f22f49-SegmentedRaftLogWorker:Storage Directory /workdir/hadoop-ozone/ozonefs/target/test-dir/MiniOzoneClusterImpl-72e1902e-de17-4929-8ada-cc6049662493/datanode-2/data/ratis/d924e1af-909f-408d-8a94-fa2f72304839 for RaftStorage:Storage Directory /workdir/hadoop-ozone/ozonefs/target/test-dir/MiniOzoneClusterImpl-72e1902e-de17-4929-8ada-cc6049662493/datanode-2/data/ratis/d924e1af-909f-408d-8a94-fa2f72304839
2019-09-20 14:24:10,068 [pool-49-thread-1] INFO  server.RaftServerConfigKeys (ConfUtils.java:logGet(43)) - raft.server.log.queue.byte-limit = 2147483647 (custom)
2019-09-20 14:24:10,068 [pool-49-thread-1] INFO  server.RaftServerConfigKeys (ConfUtils.java:logGet(43)) - raft.server.log.queue.element-limit = 1024 (custom)
2019-09-20 14:24:10,069 [pool-49-thread-1] INFO  server.RaftServerConfigKeys (ConfUtils.java:logGet(43)) - raft.server.log.segment.size.max = 1048576 (custom)
2019-09-20 14:24:10,069 [pool-49-thread-1] INFO  server.RaftServerConfigKeys (ConfUtils.java:logGet(43)) - raft.server.log.preallocated.size = 16384 (custom)
2019-09-20 14:24:10,069 [pool-49-thread-1] INFO  server.RaftServerConfigKeys (ConfUtils.java:logGet(43)) - raft.server.log.write.buffer.size = 33554432 (custom)
2019-09-20 14:24:10,069 [pool-49-thread-1] INFO  server.RaftServerConfigKeys (ConfUtils.java:logGet(43)) - raft.server.log.force.sync.num = 128 (default)
2019-09-20 14:24:10,069 [pool-49-thread-1] INFO  server.RaftServerConfigKeys (ConfUtils.java:logGet(43)) - raft.server.log.statemachine.data.sync = true (default)
2019-09-20 14:24:10,069 [pool-49-thread-1] INFO  server.RaftServerConfigKeys (ConfUtils.java:logGet(43)) - raft.server.log.statemachine.data.sync.timeout = 10s (default)
2019-09-20 14:24:10,069 [pool-49-thread-1] INFO  server.RaftServerConfigKeys (ConfUtils.java:logGet(43)) - raft.server.log.statemachine.data.sync.timeout.retry = -1 (default)
2019-09-20 14:24:10,070 [pool-49-thread-1] INFO  server.RaftServerConfigKeys (ConfUtils.java:logGet(43)) - raft.server.log.statemachine.data.caching.enabled = true (custom)
2019-09-20 14:24:10,070 [pool-49-thread-1] INFO  segmented.SegmentedRaftLogWorker (SegmentedRaftLogWorker.java:lambda$new$0(132)) - 926b0f41-0722-49ff-a592-68b703f22f49-SegmentedRaftLogWorker:Storage Directory /workdir/hadoop-ozone/ozonefs/target/test-dir/MiniOzoneClusterImpl-72e1902e-de17-4929-8ada-cc6049662493/datanode-2/data/ratis/d924e1af-909f-408d-8a94-fa2f72304839: flushIndex: setUnconditionally 0 -> -1
2019-09-20 14:24:10,070 [pool-49-thread-1] INFO  server.RaftServerConfigKeys (ConfUtils.java:logGet(43)) - raft.server.snapshot.auto.trigger.enabled = true (custom)
2019-09-20 14:24:10,070 [pool-49-thread-1] INFO  server.RaftServerConfigKeys (ConfUtils.java:logGet(43)) - raft.server.snapshot.auto.trigger.threshold = 10000 (custom)
2019-09-20 14:24:10,071 [pool-49-thread-1] INFO  server.RaftServerConfigKeys (ConfUtils.java:logGet(43)) - raft.server.retrycache.expirytime = 600000ms (custom)
2019-09-20 14:24:10,071 [pool-49-thread-1] INFO  impl.RaftServerImpl (RaftServerImpl.java:start(180)) - 926b0f41-0722-49ff-a592-68b703f22f49: start group-FA2F72304839
2019-09-20 14:24:10,071 [pool-49-thread-1] INFO  impl.RaftServerImpl (RaftServerImpl.java:setRole(171)) - 926b0f41-0722-49ff-a592-68b703f22f49:group-FA2F72304839 changes role from null to FOLLOWER at term 0 for startAsFollower
2019-09-20 14:24:10,071 [pool-49-thread-1] INFO  impl.RoleInfo (RoleInfo.java:updateAndGet(143)) - 926b0f41-0722-49ff-a592-68b703f22f49: start FollowerState
2019-09-20 14:24:10,071 [pool-49-thread-1] INFO  util.JmxRegister (JmxRegister.java:tryRegister(44)) - Successfully registered JMX Bean with object name Ratis:service=RaftServer,group=group-FA2F72304839,id=926b0f41-0722-49ff-a592-68b703f22f49
2019-09-20 14:24:10,086 [RatisPipelineUtilsThread] INFO  pipeline.PipelineStateManager (PipelineStateManager.java:addPipeline(56)) - Created pipeline Pipeline[ Id: d924e1af-909f-408d-8a94-fa2f72304839, Nodes: 926b0f41-0722-49ff-a592-68b703f22f49{ip: 192.168.36.99, host: pr-hdds-1569-p5fx8-1226042367, networkLocation: /default-rack, certSerialId: null}, Type:RATIS, Factor:ONE, State:OPEN]
2019-09-20 14:24:10,089 [RatisPipelineUtilsThread] INFO  pipeline.PipelinePlacementPolicy (PipelinePlacementPolicy.java:meetCriteria(91)) - Pipeline Placement: Doesn't meet the criteria to be viable node： 7c330693-1e2f-4265-ad51-f8ae66fac775 Heaviness: 6 limit: 5
2019-09-20 14:24:10,101 [grpc-default-executor-0] INFO  impl.RaftServerProxy (RaftServerProxy.java:addNew(89)) - 4b9e2e33-9606-42c4-a38b-d8e2568a9ed5: addNew group-92358796CB7B:[4b9e2e33-9606-42c4-a38b-d8e2568a9ed5:192.168.36.99:41206] returns group-92358796CB7B:java.util.concurrent.CompletableFuture@15995a51[Not completed]
2019-09-20 14:24:10,103 [pool-60-thread-1] INFO  impl.RaftServerImpl (RaftServerImpl.java:<init>(93)) - 4b9e2e33-9606-42c4-a38b-d8e2568a9ed5: new RaftServerImpl for group-92358796CB7B:[4b9e2e33-9606-42c4-a38b-d8e2568a9ed5:192.168.36.99:41206] with ContainerStateMachine:uninitialized
2019-09-20 14:24:10,103 [pool-60-thread-1] INFO  server.RaftServerConfigKeys (ConfUtils.java:logGet(43)) - raft.server.rpc.timeout.min = 5s (custom)
2019-09-20 14:24:10,103 [pool-60-thread-1] INFO  server.RaftServerConfigKeys (ConfUtils.java:logGet(43)) - raft.server.rpc.timeout.max = 5200ms (custom)
2019-09-20 14:24:10,104 [pool-60-thread-1] INFO  server.RaftServerConfigKeys (ConfUtils.java:logGet(43)) - raft.server.rpcslowness.timeout = 120s (custom)
2019-09-20 14:24:10,104 [pool-60-thread-1] INFO  server.RaftServerConfigKeys (ConfUtils.java:logGet(43)) - raft.server.sleep.deviation.threshold = 300 (default)
2019-09-20 14:24:10,104 [pool-60-thread-1] INFO  server.RaftServerConfigKeys (ConfUtils.java:logGet(43)) - raft.server.log.appender.install.snapshot.enabled = false (custom)
2019-09-20 14:24:10,104 [pool-60-thread-1] INFO  impl.RaftServerImpl (ServerState.java:<init>(105)) - 4b9e2e33-9606-42c4-a38b-d8e2568a9ed5:group-92358796CB7B ConfigurationManager, init=-1: [4b9e2e33-9606-42c4-a38b-d8e2568a9ed5:192.168.36.99:41206], old=null, confs=<EMPTY_MAP>
2019-09-20 14:24:10,104 [pool-60-thread-1] INFO  server.RaftServerConfigKeys (ConfUtils.java:logGet(43)) - raft.server.storage.dir = [/workdir/hadoop-ozone/ozonefs/target/test-dir/MiniOzoneClusterImpl-72e1902e-de17-4929-8ada-cc6049662493/datanode-3/data/ratis] (custom)
2019-09-20 14:24:10,105 [pool-60-thread-1] INFO  storage.RaftStorageDirectory (RaftStorageDirectory.java:analyzeStorage(246)) - The storage directory /workdir/hadoop-ozone/ozonefs/target/test-dir/MiniOzoneClusterImpl-72e1902e-de17-4929-8ada-cc6049662493/datanode-3/data/ratis/dc7ec544-0d4c-4b51-99dc-92358796cb7b does not exist. Creating ...
2019-09-20 14:24:10,134 [pool-60-thread-1] INFO  storage.RaftStorageDirectory (RaftStorageDirectory.java:tryLock(328)) - Lock on /workdir/hadoop-ozone/ozonefs/target/test-dir/MiniOzoneClusterImpl-72e1902e-de17-4929-8ada-cc6049662493/datanode-3/data/ratis/dc7ec544-0d4c-4b51-99dc-92358796cb7b/in_use.lock acquired by nodename 20069@pr-hdds-1569-p5fx8-1226042367
2019-09-20 14:24:10,168 [pool-60-thread-1] INFO  storage.RaftStorage (RaftStorage.java:format(72)) - Storage directory /workdir/hadoop-ozone/ozonefs/target/test-dir/MiniOzoneClusterImpl-72e1902e-de17-4929-8ada-cc6049662493/datanode-3/data/ratis/dc7ec544-0d4c-4b51-99dc-92358796cb7b has been successfully formatted.
2019-09-20 14:24:10,168 [pool-60-thread-1] INFO  ratis.ContainerStateMachine (ContainerStateMachine.java:loadSnapshot(226)) - group-92358796CB7B: The snapshot info is null. Setting the last applied indexto:(t:0, i:~)
2019-09-20 14:24:10,169 [pool-60-thread-1] INFO  server.RaftServerConfigKeys (ConfUtils.java:logGet(43)) - raft.server.leader.election.timeout = 120s (custom)
2019-09-20 14:24:10,169 [pool-60-thread-1] INFO  server.RaftServerConfigKeys (ConfUtils.java:logGet(43)) - raft.server.log.use.memory = false (default)
2019-09-20 14:24:10,169 [pool-60-thread-1] INFO  server.RaftServerConfigKeys (ConfUtils.java:logGet(43)) - raft.server.log.purge.gap = 1000000 (custom)
2019-09-20 14:24:10,169 [pool-60-thread-1] INFO  server.RaftServerConfigKeys (ConfUtils.java:logGet(43)) - raft.server.log.appender.buffer.byte-limit = 33554432 (custom)
2019-09-20 14:24:10,169 [pool-60-thread-1] INFO  server.RaftServerConfigKeys (ConfUtils.java:logGet(43)) - raft.server.log.segment.size.max = 1048576 (custom)
2019-09-20 14:24:10,169 [pool-60-thread-1] INFO  server.RaftServerConfigKeys (ConfUtils.java:logGet(43)) - raft.server.log.segment.cache.num.max = 2 (custom)
2019-09-20 14:24:10,170 [pool-60-thread-1] INFO  segmented.SegmentedRaftLogWorker (SegmentedRaftLogWorker.java:<init>(172)) - new 4b9e2e33-9606-42c4-a38b-d8e2568a9ed5-SegmentedRaftLogWorker:Storage Directory /workdir/hadoop-ozone/ozonefs/target/test-dir/MiniOzoneClusterImpl-72e1902e-de17-4929-8ada-cc6049662493/datanode-3/data/ratis/dc7ec544-0d4c-4b51-99dc-92358796cb7b for RaftStorage:Storage Directory /workdir/hadoop-ozone/ozonefs/target/test-dir/MiniOzoneClusterImpl-72e1902e-de17-4929-8ada-cc6049662493/datanode-3/data/ratis/dc7ec544-0d4c-4b51-99dc-92358796cb7b
2019-09-20 14:24:10,170 [pool-60-thread-1] INFO  server.RaftServerConfigKeys (ConfUtils.java:logGet(43)) - raft.server.log.queue.byte-limit = 2147483647 (custom)
2019-09-20 14:24:10,170 [pool-60-thread-1] INFO  server.RaftServerConfigKeys (ConfUtils.java:logGet(43)) - raft.server.log.queue.element-limit = 1024 (custom)
2019-09-20 14:24:10,170 [pool-60-thread-1] INFO  server.RaftServerConfigKeys (ConfUtils.java:logGet(43)) - raft.server.log.segment.size.max = 1048576 (custom)
2019-09-20 14:24:10,170 [pool-60-thread-1] INFO  server.RaftServerConfigKeys (ConfUtils.java:logGet(43)) - raft.server.log.preallocated.size = 16384 (custom)
2019-09-20 14:24:10,171 [pool-60-thread-1] INFO  server.RaftServerConfigKeys (ConfUtils.java:logGet(43)) - raft.server.log.write.buffer.size = 33554432 (custom)
2019-09-20 14:24:10,171 [pool-60-thread-1] INFO  server.RaftServerConfigKeys (ConfUtils.java:logGet(43)) - raft.server.log.force.sync.num = 128 (default)
2019-09-20 14:24:10,171 [pool-60-thread-1] INFO  server.RaftServerConfigKeys (ConfUtils.java:logGet(43)) - raft.server.log.statemachine.data.sync = true (default)
2019-09-20 14:24:10,171 [pool-60-thread-1] INFO  server.RaftServerConfigKeys (ConfUtils.java:logGet(43)) - raft.server.log.statemachine.data.sync.timeout = 10s (default)
2019-09-20 14:24:10,171 [pool-60-thread-1] INFO  server.RaftServerConfigKeys (ConfUtils.java:logGet(43)) - raft.server.log.statemachine.data.sync.timeout.retry = -1 (default)
2019-09-20 14:24:10,172 [pool-60-thread-1] INFO  server.RaftServerConfigKeys (ConfUtils.java:logGet(43)) - raft.server.log.statemachine.data.caching.enabled = true (custom)
2019-09-20 14:24:10,172 [pool-60-thread-1] INFO  segmented.SegmentedRaftLogWorker (SegmentedRaftLogWorker.java:lambda$new$0(132)) - 4b9e2e33-9606-42c4-a38b-d8e2568a9ed5-SegmentedRaftLogWorker:Storage Directory /workdir/hadoop-ozone/ozonefs/target/test-dir/MiniOzoneClusterImpl-72e1902e-de17-4929-8ada-cc6049662493/datanode-3/data/ratis/dc7ec544-0d4c-4b51-99dc-92358796cb7b: flushIndex: setUnconditionally 0 -> -1
2019-09-20 14:24:10,172 [pool-60-thread-1] INFO  server.RaftServerConfigKeys (ConfUtils.java:logGet(43)) - raft.server.snapshot.auto.trigger.enabled = true (custom)
2019-09-20 14:24:10,173 [pool-60-thread-1] INFO  server.RaftServerConfigKeys (ConfUtils.java:logGet(43)) - raft.server.snapshot.auto.trigger.threshold = 10000 (custom)
2019-09-20 14:24:10,173 [pool-60-thread-1] INFO  server.RaftServerConfigKeys (ConfUtils.java:logGet(43)) - raft.server.retrycache.expirytime = 600000ms (custom)
2019-09-20 14:24:10,173 [pool-60-thread-1] INFO  impl.RaftServerImpl (RaftServerImpl.java:start(180)) - 4b9e2e33-9606-42c4-a38b-d8e2568a9ed5: start group-92358796CB7B
2019-09-20 14:24:10,173 [pool-60-thread-1] INFO  impl.RaftServerImpl (RaftServerImpl.java:setRole(171)) - 4b9e2e33-9606-42c4-a38b-d8e2568a9ed5:group-92358796CB7B changes role from null to FOLLOWER at term 0 for startAsFollower
2019-09-20 14:24:10,174 [pool-60-thread-1] INFO  impl.RoleInfo (RoleInfo.java:updateAndGet(143)) - 4b9e2e33-9606-42c4-a38b-d8e2568a9ed5: start FollowerState
2019-09-20 14:24:10,174 [pool-60-thread-1] INFO  util.JmxRegister (JmxRegister.java:tryRegister(44)) - Successfully registered JMX Bean with object name Ratis:service=RaftServer,group=group-92358796CB7B,id=4b9e2e33-9606-42c4-a38b-d8e2568a9ed5
2019-09-20 14:24:10,188 [RatisPipelineUtilsThread] INFO  pipeline.PipelineStateManager (PipelineStateManager.java:addPipeline(56)) - Created pipeline Pipeline[ Id: dc7ec544-0d4c-4b51-99dc-92358796cb7b, Nodes: 4b9e2e33-9606-42c4-a38b-d8e2568a9ed5{ip: 192.168.36.99, host: pr-hdds-1569-p5fx8-1226042367, networkLocation: /default-rack, certSerialId: null}, Type:RATIS, Factor:ONE, State:OPEN]
2019-09-20 14:24:10,191 [RatisPipelineUtilsThread] INFO  pipeline.PipelinePlacementPolicy (PipelinePlacementPolicy.java:meetCriteria(91)) - Pipeline Placement: Doesn't meet the criteria to be viable node： 7c330693-1e2f-4265-ad51-f8ae66fac775 Heaviness: 6 limit: 5
2019-09-20 14:24:10,203 [grpc-default-executor-0] INFO  impl.RaftServerProxy (RaftServerProxy.java:addNew(89)) - 93651a45-ffa4-4bae-ae49-6429ae7182bc: addNew group-B7D79CEE6D2C:[93651a45-ffa4-4bae-ae49-6429ae7182bc:192.168.36.99:37696] returns group-B7D79CEE6D2C:java.util.concurrent.CompletableFuture@446ba25b[Not completed]
2019-09-20 14:24:10,205 [pool-71-thread-1] INFO  impl.RaftServerImpl (RaftServerImpl.java:<init>(93)) - 93651a45-ffa4-4bae-ae49-6429ae7182bc: new RaftServerImpl for group-B7D79CEE6D2C:[93651a45-ffa4-4bae-ae49-6429ae7182bc:192.168.36.99:37696] with ContainerStateMachine:uninitialized
2019-09-20 14:24:10,205 [pool-71-thread-1] INFO  server.RaftServerConfigKeys (ConfUtils.java:logGet(43)) - raft.server.rpc.timeout.min = 5s (custom)
2019-09-20 14:24:10,205 [pool-71-thread-1] INFO  server.RaftServerConfigKeys (ConfUtils.java:logGet(43)) - raft.server.rpc.timeout.max = 5200ms (custom)
2019-09-20 14:24:10,205 [pool-71-thread-1] INFO  server.RaftServerConfigKeys (ConfUtils.java:logGet(43)) - raft.server.rpcslowness.timeout = 120s (custom)
2019-09-20 14:24:10,205 [pool-71-thread-1] INFO  server.RaftServerConfigKeys (ConfUtils.java:logGet(43)) - raft.server.sleep.deviation.threshold = 300 (default)
2019-09-20 14:24:10,206 [pool-71-thread-1] INFO  server.RaftServerConfigKeys (ConfUtils.java:logGet(43)) - raft.server.log.appender.install.snapshot.enabled = false (custom)
2019-09-20 14:24:10,206 [pool-71-thread-1] INFO  impl.RaftServerImpl (ServerState.java:<init>(105)) - 93651a45-ffa4-4bae-ae49-6429ae7182bc:group-B7D79CEE6D2C ConfigurationManager, init=-1: [93651a45-ffa4-4bae-ae49-6429ae7182bc:192.168.36.99:37696], old=null, confs=<EMPTY_MAP>
2019-09-20 14:24:10,206 [pool-71-thread-1] INFO  server.RaftServerConfigKeys (ConfUtils.java:logGet(43)) - raft.server.storage.dir = [/workdir/hadoop-ozone/ozonefs/target/test-dir/MiniOzoneClusterImpl-72e1902e-de17-4929-8ada-cc6049662493/datanode-4/data/ratis] (custom)
2019-09-20 14:24:10,207 [pool-71-thread-1] INFO  storage.RaftStorageDirectory (RaftStorageDirectory.java:analyzeStorage(246)) - The storage directory /workdir/hadoop-ozone/ozonefs/target/test-dir/MiniOzoneClusterImpl-72e1902e-de17-4929-8ada-cc6049662493/datanode-4/data/ratis/a01c50d5-621a-4970-b129-b7d79cee6d2c does not exist. Creating ...
2019-09-20 14:24:10,232 | INFO  | SCMAudit | user=jenkins1000 | ip=192.168.36.99 | op=SEND_HEARTBEAT {datanodeUUID=7c330693-1e2f-4265-ad51-f8ae66fac775, command=[]} | ret=SUCCESS |  
2019-09-20 14:24:10,244 [pool-71-thread-1] INFO  storage.RaftStorageDirectory (RaftStorageDirectory.java:tryLock(328)) - Lock on /workdir/hadoop-ozone/ozonefs/target/test-dir/MiniOzoneClusterImpl-72e1902e-de17-4929-8ada-cc6049662493/datanode-4/data/ratis/a01c50d5-621a-4970-b129-b7d79cee6d2c/in_use.lock acquired by nodename 20069@pr-hdds-1569-p5fx8-1226042367
2019-09-20 14:24:10,278 [pool-71-thread-1] INFO  storage.RaftStorage (RaftStorage.java:format(72)) - Storage directory /workdir/hadoop-ozone/ozonefs/target/test-dir/MiniOzoneClusterImpl-72e1902e-de17-4929-8ada-cc6049662493/datanode-4/data/ratis/a01c50d5-621a-4970-b129-b7d79cee6d2c has been successfully formatted.
2019-09-20 14:24:10,278 [pool-71-thread-1] INFO  ratis.ContainerStateMachine (ContainerStateMachine.java:loadSnapshot(226)) - group-B7D79CEE6D2C: The snapshot info is null. Setting the last applied indexto:(t:0, i:~)
2019-09-20 14:24:10,278 [pool-71-thread-1] INFO  server.RaftServerConfigKeys (ConfUtils.java:logGet(43)) - raft.server.leader.election.timeout = 120s (custom)
2019-09-20 14:24:10,279 [pool-71-thread-1] INFO  server.RaftServerConfigKeys (ConfUtils.java:logGet(43)) - raft.server.log.use.memory = false (default)
2019-09-20 14:24:10,279 [pool-71-thread-1] INFO  server.RaftServerConfigKeys (ConfUtils.java:logGet(43)) - raft.server.log.purge.gap = 1000000 (custom)
2019-09-20 14:24:10,279 [pool-71-thread-1] INFO  server.RaftServerConfigKeys (ConfUtils.java:logGet(43)) - raft.server.log.appender.buffer.byte-limit = 33554432 (custom)
2019-09-20 14:24:10,279 [pool-71-thread-1] INFO  server.RaftServerConfigKeys (ConfUtils.java:logGet(43)) - raft.server.log.segment.size.max = 1048576 (custom)
2019-09-20 14:24:10,279 [pool-71-thread-1] INFO  server.RaftServerConfigKeys (ConfUtils.java:logGet(43)) - raft.server.log.segment.cache.num.max = 2 (custom)
2019-09-20 14:24:10,279 [pool-71-thread-1] INFO  segmented.SegmentedRaftLogWorker (SegmentedRaftLogWorker.java:<init>(172)) - new 93651a45-ffa4-4bae-ae49-6429ae7182bc-SegmentedRaftLogWorker:Storage Directory /workdir/hadoop-ozone/ozonefs/target/test-dir/MiniOzoneClusterImpl-72e1902e-de17-4929-8ada-cc6049662493/datanode-4/data/ratis/a01c50d5-621a-4970-b129-b7d79cee6d2c for RaftStorage:Storage Directory /workdir/hadoop-ozone/ozonefs/target/test-dir/MiniOzoneClusterImpl-72e1902e-de17-4929-8ada-cc6049662493/datanode-4/data/ratis/a01c50d5-621a-4970-b129-b7d79cee6d2c
2019-09-20 14:24:10,280 [pool-71-thread-1] INFO  server.RaftServerConfigKeys (ConfUtils.java:logGet(43)) - raft.server.log.queue.byte-limit = 2147483647 (custom)
2019-09-20 14:24:10,280 [pool-71-thread-1] INFO  server.RaftServerConfigKeys (ConfUtils.java:logGet(43)) - raft.server.log.queue.element-limit = 1024 (custom)
2019-09-20 14:24:10,280 [pool-71-thread-1] INFO  server.RaftServerConfigKeys (ConfUtils.java:logGet(43)) - raft.server.log.segment.size.max = 1048576 (custom)
2019-09-20 14:24:10,280 [pool-71-thread-1] INFO  server.RaftServerConfigKeys (ConfUtils.java:logGet(43)) - raft.server.log.preallocated.size = 16384 (custom)
2019-09-20 14:24:10,280 [pool-71-thread-1] INFO  server.RaftServerConfigKeys (ConfUtils.java:logGet(43)) - raft.server.log.write.buffer.size = 33554432 (custom)
2019-09-20 14:24:10,281 [pool-71-thread-1] INFO  server.RaftServerConfigKeys (ConfUtils.java:logGet(43)) - raft.server.log.force.sync.num = 128 (default)
2019-09-20 14:24:10,281 [pool-71-thread-1] INFO  server.RaftServerConfigKeys (ConfUtils.java:logGet(43)) - raft.server.log.statemachine.data.sync = true (default)
2019-09-20 14:24:10,281 [pool-71-thread-1] INFO  server.RaftServerConfigKeys (ConfUtils.java:logGet(43)) - raft.server.log.statemachine.data.sync.timeout = 10s (default)
2019-09-20 14:24:10,281 [pool-71-thread-1] INFO  server.RaftServerConfigKeys (ConfUtils.java:logGet(43)) - raft.server.log.statemachine.data.sync.timeout.retry = -1 (default)
2019-09-20 14:24:10,281 [pool-71-thread-1] INFO  server.RaftServerConfigKeys (ConfUtils.java:logGet(43)) - raft.server.log.statemachine.data.caching.enabled = true (custom)
2019-09-20 14:24:10,282 [pool-71-thread-1] INFO  segmented.SegmentedRaftLogWorker (SegmentedRaftLogWorker.java:lambda$new$0(132)) - 93651a45-ffa4-4bae-ae49-6429ae7182bc-SegmentedRaftLogWorker:Storage Directory /workdir/hadoop-ozone/ozonefs/target/test-dir/MiniOzoneClusterImpl-72e1902e-de17-4929-8ada-cc6049662493/datanode-4/data/ratis/a01c50d5-621a-4970-b129-b7d79cee6d2c: flushIndex: setUnconditionally 0 -> -1
2019-09-20 14:24:10,282 [pool-71-thread-1] INFO  server.RaftServerConfigKeys (ConfUtils.java:logGet(43)) - raft.server.snapshot.auto.trigger.enabled = true (custom)
2019-09-20 14:24:10,282 [pool-71-thread-1] INFO  server.RaftServerConfigKeys (ConfUtils.java:logGet(43)) - raft.server.snapshot.auto.trigger.threshold = 10000 (custom)
2019-09-20 14:24:10,283 [pool-71-thread-1] INFO  server.RaftServerConfigKeys (ConfUtils.java:logGet(43)) - raft.server.retrycache.expirytime = 600000ms (custom)
2019-09-20 14:24:10,283 [pool-71-thread-1] INFO  impl.RaftServerImpl (RaftServerImpl.java:start(180)) - 93651a45-ffa4-4bae-ae49-6429ae7182bc: start group-B7D79CEE6D2C
2019-09-20 14:24:10,283 [pool-71-thread-1] INFO  impl.RaftServerImpl (RaftServerImpl.java:setRole(171)) - 93651a45-ffa4-4bae-ae49-6429ae7182bc:group-B7D79CEE6D2C changes role from null to FOLLOWER at term 0 for startAsFollower
2019-09-20 14:24:10,283 [pool-71-thread-1] INFO  impl.RoleInfo (RoleInfo.java:updateAndGet(143)) - 93651a45-ffa4-4bae-ae49-6429ae7182bc: start FollowerState
2019-09-20 14:24:10,284 [pool-71-thread-1] INFO  util.JmxRegister (JmxRegister.java:tryRegister(44)) - Successfully registered JMX Bean with object name Ratis:service=RaftServer,group=group-B7D79CEE6D2C,id=93651a45-ffa4-4bae-ae49-6429ae7182bc
2019-09-20 14:24:10,297 [Thread-282] INFO  container.ReplicationManager (ReplicationManager.java:start(151)) - Starting Replication Monitor Thread.
2019-09-20 14:24:10,301 [RatisPipelineUtilsThread] INFO  pipeline.PipelineStateManager (PipelineStateManager.java:addPipeline(56)) - Created pipeline Pipeline[ Id: a01c50d5-621a-4970-b129-b7d79cee6d2c, Nodes: 93651a45-ffa4-4bae-ae49-6429ae7182bc{ip: 192.168.36.99, host: pr-hdds-1569-p5fx8-1226042367, networkLocation: /default-rack, certSerialId: null}, Type:RATIS, Factor:ONE, State:OPEN]
2019-09-20 14:24:10,301 [RatisPipelineUtilsThread] INFO  pipeline.PipelinePlacementPolicy (PipelinePlacementPolicy.java:meetCriteria(91)) - Pipeline Placement: Doesn't meet the criteria to be viable node： 7c330693-1e2f-4265-ad51-f8ae66fac775 Heaviness: 6 limit: 5
2019-09-20 14:24:10,302 [ReplicationMonitor] INFO  container.ReplicationManager (ReplicationManager.java:run(214)) - Replication Monitor Thread took 1 milliseconds for processing 0 containers.
2019-09-20 14:24:10,313 [grpc-default-executor-0] INFO  impl.RaftServerProxy (RaftServerProxy.java:addNew(89)) - 926b0f41-0722-49ff-a592-68b703f22f49: addNew group-1B98289B3246:[926b0f41-0722-49ff-a592-68b703f22f49:192.168.36.99:33200] returns group-1B98289B3246:java.util.concurrent.CompletableFuture@45de7466[Not completed]
2019-09-20 14:24:10,315 [pool-49-thread-1] INFO  impl.RaftServerImpl (RaftServerImpl.java:<init>(93)) - 926b0f41-0722-49ff-a592-68b703f22f49: new RaftServerImpl for group-1B98289B3246:[926b0f41-0722-49ff-a592-68b703f22f49:192.168.36.99:33200] with ContainerStateMachine:uninitialized
2019-09-20 14:24:10,315 [pool-49-thread-1] INFO  server.RaftServerConfigKeys (ConfUtils.java:logGet(43)) - raft.server.rpc.timeout.min = 5s (custom)
2019-09-20 14:24:10,316 [pool-49-thread-1] INFO  server.RaftServerConfigKeys (ConfUtils.java:logGet(43)) - raft.server.rpc.timeout.max = 5200ms (custom)
2019-09-20 14:24:10,316 [pool-49-thread-1] INFO  server.RaftServerConfigKeys (ConfUtils.java:logGet(43)) - raft.server.rpcslowness.timeout = 120s (custom)
2019-09-20 14:24:10,316 [pool-49-thread-1] INFO  server.RaftServerConfigKeys (ConfUtils.java:logGet(43)) - raft.server.sleep.deviation.threshold = 300 (default)
2019-09-20 14:24:10,316 [pool-49-thread-1] INFO  server.RaftServerConfigKeys (ConfUtils.java:logGet(43)) - raft.server.log.appender.install.snapshot.enabled = false (custom)
2019-09-20 14:24:10,316 [pool-49-thread-1] INFO  impl.RaftServerImpl (ServerState.java:<init>(105)) - 926b0f41-0722-49ff-a592-68b703f22f49:group-1B98289B3246 ConfigurationManager, init=-1: [926b0f41-0722-49ff-a592-68b703f22f49:192.168.36.99:33200], old=null, confs=<EMPTY_MAP>
2019-09-20 14:24:10,317 [pool-49-thread-1] INFO  server.RaftServerConfigKeys (ConfUtils.java:logGet(43)) - raft.server.storage.dir = [/workdir/hadoop-ozone/ozonefs/target/test-dir/MiniOzoneClusterImpl-72e1902e-de17-4929-8ada-cc6049662493/datanode-2/data/ratis] (custom)
2019-09-20 14:24:10,317 [pool-49-thread-1] INFO  storage.RaftStorageDirectory (RaftStorageDirectory.java:analyzeStorage(246)) - The storage directory /workdir/hadoop-ozone/ozonefs/target/test-dir/MiniOzoneClusterImpl-72e1902e-de17-4929-8ada-cc6049662493/datanode-2/data/ratis/2b8f4e41-cff5-407f-9434-1b98289b3246 does not exist. Creating ...
2019-09-20 14:24:10,327 | INFO  | SCMAudit | user=jenkins1000 | ip=192.168.36.99 | op=SEND_HEARTBEAT {datanodeUUID=4b9e2e33-9606-42c4-a38b-d8e2568a9ed5, command=[]} | ret=SUCCESS |  
2019-09-20 14:24:10,344 | INFO  | SCMAudit | user=jenkins1000 | ip=192.168.36.99 | op=SEND_HEARTBEAT {datanodeUUID=93651a45-ffa4-4bae-ae49-6429ae7182bc, command=[]} | ret=SUCCESS |  
2019-09-20 14:24:10,344 [pool-49-thread-1] INFO  storage.RaftStorageDirectory (RaftStorageDirectory.java:tryLock(328)) - Lock on /workdir/hadoop-ozone/ozonefs/target/test-dir/MiniOzoneClusterImpl-72e1902e-de17-4929-8ada-cc6049662493/datanode-2/data/ratis/2b8f4e41-cff5-407f-9434-1b98289b3246/in_use.lock acquired by nodename 20069@pr-hdds-1569-p5fx8-1226042367
2019-09-20 14:24:10,378 [pool-49-thread-1] INFO  storage.RaftStorage (RaftStorage.java:format(72)) - Storage directory /workdir/hadoop-ozone/ozonefs/target/test-dir/MiniOzoneClusterImpl-72e1902e-de17-4929-8ada-cc6049662493/datanode-2/data/ratis/2b8f4e41-cff5-407f-9434-1b98289b3246 has been successfully formatted.
2019-09-20 14:24:10,379 [pool-49-thread-1] INFO  ratis.ContainerStateMachine (ContainerStateMachine.java:loadSnapshot(226)) - group-1B98289B3246: The snapshot info is null. Setting the last applied indexto:(t:0, i:~)
2019-09-20 14:24:10,379 [pool-49-thread-1] INFO  server.RaftServerConfigKeys (ConfUtils.java:logGet(43)) - raft.server.leader.election.timeout = 120s (custom)
2019-09-20 14:24:10,380 [pool-49-thread-1] INFO  server.RaftServerConfigKeys (ConfUtils.java:logGet(43)) - raft.server.log.use.memory = false (default)
2019-09-20 14:24:10,380 [pool-49-thread-1] INFO  server.RaftServerConfigKeys (ConfUtils.java:logGet(43)) - raft.server.log.purge.gap = 1000000 (custom)
2019-09-20 14:24:10,380 [pool-49-thread-1] INFO  server.RaftServerConfigKeys (ConfUtils.java:logGet(43)) - raft.server.log.appender.buffer.byte-limit = 33554432 (custom)
2019-09-20 14:24:10,381 [pool-49-thread-1] INFO  server.RaftServerConfigKeys (ConfUtils.java:logGet(43)) - raft.server.log.segment.size.max = 1048576 (custom)
2019-09-20 14:24:10,381 [pool-49-thread-1] INFO  server.RaftServerConfigKeys (ConfUtils.java:logGet(43)) - raft.server.log.segment.cache.num.max = 2 (custom)
2019-09-20 14:24:10,381 [pool-49-thread-1] INFO  segmented.SegmentedRaftLogWorker (SegmentedRaftLogWorker.java:<init>(172)) - new 926b0f41-0722-49ff-a592-68b703f22f49-SegmentedRaftLogWorker:Storage Directory /workdir/hadoop-ozone/ozonefs/target/test-dir/MiniOzoneClusterImpl-72e1902e-de17-4929-8ada-cc6049662493/datanode-2/data/ratis/2b8f4e41-cff5-407f-9434-1b98289b3246 for RaftStorage:Storage Directory /workdir/hadoop-ozone/ozonefs/target/test-dir/MiniOzoneClusterImpl-72e1902e-de17-4929-8ada-cc6049662493/datanode-2/data/ratis/2b8f4e41-cff5-407f-9434-1b98289b3246
2019-09-20 14:24:10,381 [pool-49-thread-1] INFO  server.RaftServerConfigKeys (ConfUtils.java:logGet(43)) - raft.server.log.queue.byte-limit = 2147483647 (custom)
2019-09-20 14:24:10,382 [pool-49-thread-1] INFO  server.RaftServerConfigKeys (ConfUtils.java:logGet(43)) - raft.server.log.queue.element-limit = 1024 (custom)
2019-09-20 14:24:10,382 [pool-49-thread-1] INFO  server.RaftServerConfigKeys (ConfUtils.java:logGet(43)) - raft.server.log.segment.size.max = 1048576 (custom)
2019-09-20 14:24:10,382 [pool-49-thread-1] INFO  server.RaftServerConfigKeys (ConfUtils.java:logGet(43)) - raft.server.log.preallocated.size = 16384 (custom)
2019-09-20 14:24:10,382 [pool-49-thread-1] INFO  server.RaftServerConfigKeys (ConfUtils.java:logGet(43)) - raft.server.log.write.buffer.size = 33554432 (custom)
2019-09-20 14:24:10,383 [pool-49-thread-1] INFO  server.RaftServerConfigKeys (ConfUtils.java:logGet(43)) - raft.server.log.force.sync.num = 128 (default)
2019-09-20 14:24:10,383 [pool-49-thread-1] INFO  server.RaftServerConfigKeys (ConfUtils.java:logGet(43)) - raft.server.log.statemachine.data.sync = true (default)
2019-09-20 14:24:10,383 [pool-49-thread-1] INFO  server.RaftServerConfigKeys (ConfUtils.java:logGet(43)) - raft.server.log.statemachine.data.sync.timeout = 10s (default)
2019-09-20 14:24:10,383 [pool-49-thread-1] INFO  server.RaftServerConfigKeys (ConfUtils.java:logGet(43)) - raft.server.log.statemachine.data.sync.timeout.retry = -1 (default)
2019-09-20 14:24:10,384 [pool-49-thread-1] INFO  server.RaftServerConfigKeys (ConfUtils.java:logGet(43)) - raft.server.log.statemachine.data.caching.enabled = true (custom)
2019-09-20 14:24:10,384 [pool-49-thread-1] INFO  segmented.SegmentedRaftLogWorker (SegmentedRaftLogWorker.java:lambda$new$0(132)) - 926b0f41-0722-49ff-a592-68b703f22f49-SegmentedRaftLogWorker:Storage Directory /workdir/hadoop-ozone/ozonefs/target/test-dir/MiniOzoneClusterImpl-72e1902e-de17-4929-8ada-cc6049662493/datanode-2/data/ratis/2b8f4e41-cff5-407f-9434-1b98289b3246: flushIndex: setUnconditionally 0 -> -1
2019-09-20 14:24:10,386 [pool-49-thread-1] INFO  server.RaftServerConfigKeys (ConfUtils.java:logGet(43)) - raft.server.snapshot.auto.trigger.enabled = true (custom)
2019-09-20 14:24:10,386 [pool-49-thread-1] INFO  server.RaftServerConfigKeys (ConfUtils.java:logGet(43)) - raft.server.snapshot.auto.trigger.threshold = 10000 (custom)
2019-09-20 14:24:10,386 [pool-49-thread-1] INFO  server.RaftServerConfigKeys (ConfUtils.java:logGet(43)) - raft.server.retrycache.expirytime = 600000ms (custom)
2019-09-20 14:24:10,387 [pool-49-thread-1] INFO  impl.RaftServerImpl (RaftServerImpl.java:start(180)) - 926b0f41-0722-49ff-a592-68b703f22f49: start group-1B98289B3246
2019-09-20 14:24:10,387 [pool-49-thread-1] INFO  impl.RaftServerImpl (RaftServerImpl.java:setRole(171)) - 926b0f41-0722-49ff-a592-68b703f22f49:group-1B98289B3246 changes role from null to FOLLOWER at term 0 for startAsFollower
2019-09-20 14:24:10,387 [pool-49-thread-1] INFO  impl.RoleInfo (RoleInfo.java:updateAndGet(143)) - 926b0f41-0722-49ff-a592-68b703f22f49: start FollowerState
2019-09-20 14:24:10,388 [pool-49-thread-1] INFO  util.JmxRegister (JmxRegister.java:tryRegister(44)) - Successfully registered JMX Bean with object name Ratis:service=RaftServer,group=group-1B98289B3246,id=926b0f41-0722-49ff-a592-68b703f22f49
2019-09-20 14:24:10,411 [RatisPipelineUtilsThread] INFO  pipeline.PipelineStateManager (PipelineStateManager.java:addPipeline(56)) - Created pipeline Pipeline[ Id: 2b8f4e41-cff5-407f-9434-1b98289b3246, Nodes: 926b0f41-0722-49ff-a592-68b703f22f49{ip: 192.168.36.99, host: pr-hdds-1569-p5fx8-1226042367, networkLocation: /default-rack, certSerialId: null}, Type:RATIS, Factor:ONE, State:OPEN]
2019-09-20 14:24:10,418 [RatisPipelineUtilsThread] INFO  pipeline.PipelinePlacementPolicy (PipelinePlacementPolicy.java:meetCriteria(91)) - Pipeline Placement: Doesn't meet the criteria to be viable node： 7c330693-1e2f-4265-ad51-f8ae66fac775 Heaviness: 6 limit: 5
2019-09-20 14:24:10,434 [grpc-default-executor-0] INFO  impl.RaftServerProxy (RaftServerProxy.java:addNew(89)) - 4b9e2e33-9606-42c4-a38b-d8e2568a9ed5: addNew group-A6ED9B3D97C7:[4b9e2e33-9606-42c4-a38b-d8e2568a9ed5:192.168.36.99:41206] returns group-A6ED9B3D97C7:java.util.concurrent.CompletableFuture@2f62945a[Not completed]
2019-09-20 14:24:10,436 [pool-60-thread-1] INFO  impl.RaftServerImpl (RaftServerImpl.java:<init>(93)) - 4b9e2e33-9606-42c4-a38b-d8e2568a9ed5: new RaftServerImpl for group-A6ED9B3D97C7:[4b9e2e33-9606-42c4-a38b-d8e2568a9ed5:192.168.36.99:41206] with ContainerStateMachine:uninitialized
2019-09-20 14:24:10,436 [pool-60-thread-1] INFO  server.RaftServerConfigKeys (ConfUtils.java:logGet(43)) - raft.server.rpc.timeout.min = 5s (custom)
2019-09-20 14:24:10,436 [pool-60-thread-1] INFO  server.RaftServerConfigKeys (ConfUtils.java:logGet(43)) - raft.server.rpc.timeout.max = 5200ms (custom)
2019-09-20 14:24:10,436 [pool-60-thread-1] INFO  server.RaftServerConfigKeys (ConfUtils.java:logGet(43)) - raft.server.rpcslowness.timeout = 120s (custom)
2019-09-20 14:24:10,436 [pool-60-thread-1] INFO  server.RaftServerConfigKeys (ConfUtils.java:logGet(43)) - raft.server.sleep.deviation.threshold = 300 (default)
2019-09-20 14:24:10,436 [pool-60-thread-1] INFO  server.RaftServerConfigKeys (ConfUtils.java:logGet(43)) - raft.server.log.appender.install.snapshot.enabled = false (custom)
2019-09-20 14:24:10,437 [pool-60-thread-1] INFO  impl.RaftServerImpl (ServerState.java:<init>(105)) - 4b9e2e33-9606-42c4-a38b-d8e2568a9ed5:group-A6ED9B3D97C7 ConfigurationManager, init=-1: [4b9e2e33-9606-42c4-a38b-d8e2568a9ed5:192.168.36.99:41206], old=null, confs=<EMPTY_MAP>
2019-09-20 14:24:10,437 [pool-60-thread-1] INFO  server.RaftServerConfigKeys (ConfUtils.java:logGet(43)) - raft.server.storage.dir = [/workdir/hadoop-ozone/ozonefs/target/test-dir/MiniOzoneClusterImpl-72e1902e-de17-4929-8ada-cc6049662493/datanode-3/data/ratis] (custom)
2019-09-20 14:24:10,437 [pool-60-thread-1] INFO  storage.RaftStorageDirectory (RaftStorageDirectory.java:analyzeStorage(246)) - The storage directory /workdir/hadoop-ozone/ozonefs/target/test-dir/MiniOzoneClusterImpl-72e1902e-de17-4929-8ada-cc6049662493/datanode-3/data/ratis/b7418ff9-be12-4c87-a8cf-a6ed9b3d97c7 does not exist. Creating ...
2019-09-20 14:24:10,462 [pool-60-thread-1] INFO  storage.RaftStorageDirectory (RaftStorageDirectory.java:tryLock(328)) - Lock on /workdir/hadoop-ozone/ozonefs/target/test-dir/MiniOzoneClusterImpl-72e1902e-de17-4929-8ada-cc6049662493/datanode-3/data/ratis/b7418ff9-be12-4c87-a8cf-a6ed9b3d97c7/in_use.lock acquired by nodename 20069@pr-hdds-1569-p5fx8-1226042367
2019-09-20 14:24:10,487 [pool-60-thread-1] INFO  storage.RaftStorage (RaftStorage.java:format(72)) - Storage directory /workdir/hadoop-ozone/ozonefs/target/test-dir/MiniOzoneClusterImpl-72e1902e-de17-4929-8ada-cc6049662493/datanode-3/data/ratis/b7418ff9-be12-4c87-a8cf-a6ed9b3d97c7 has been successfully formatted.
2019-09-20 14:24:10,487 | INFO  | SCMAudit | user=jenkins1000 | ip=192.168.36.99 | op=SEND_HEARTBEAT {datanodeUUID=c0a66530-d43a-4ae5-bdbb-2b9936068aaa, command=[]} | ret=SUCCESS |  
2019-09-20 14:24:10,488 [pool-60-thread-1] INFO  ratis.ContainerStateMachine (ContainerStateMachine.java:loadSnapshot(226)) - group-A6ED9B3D97C7: The snapshot info is null. Setting the last applied indexto:(t:0, i:~)
2019-09-20 14:24:10,488 [pool-60-thread-1] INFO  server.RaftServerConfigKeys (ConfUtils.java:logGet(43)) - raft.server.leader.election.timeout = 120s (custom)
2019-09-20 14:24:10,488 [pool-60-thread-1] INFO  server.RaftServerConfigKeys (ConfUtils.java:logGet(43)) - raft.server.log.use.memory = false (default)
2019-09-20 14:24:10,488 [pool-60-thread-1] INFO  server.RaftServerConfigKeys (ConfUtils.java:logGet(43)) - raft.server.log.purge.gap = 1000000 (custom)
2019-09-20 14:24:10,488 [pool-60-thread-1] INFO  server.RaftServerConfigKeys (ConfUtils.java:logGet(43)) - raft.server.log.appender.buffer.byte-limit = 33554432 (custom)
2019-09-20 14:24:10,488 [pool-60-thread-1] INFO  server.RaftServerConfigKeys (ConfUtils.java:logGet(43)) - raft.server.log.segment.size.max = 1048576 (custom)
2019-09-20 14:24:10,489 [pool-60-thread-1] INFO  server.RaftServerConfigKeys (ConfUtils.java:logGet(43)) - raft.server.log.segment.cache.num.max = 2 (custom)
2019-09-20 14:24:10,489 [pool-60-thread-1] INFO  segmented.SegmentedRaftLogWorker (SegmentedRaftLogWorker.java:<init>(172)) - new 4b9e2e33-9606-42c4-a38b-d8e2568a9ed5-SegmentedRaftLogWorker:Storage Directory /workdir/hadoop-ozone/ozonefs/target/test-dir/MiniOzoneClusterImpl-72e1902e-de17-4929-8ada-cc6049662493/datanode-3/data/ratis/b7418ff9-be12-4c87-a8cf-a6ed9b3d97c7 for RaftStorage:Storage Directory /workdir/hadoop-ozone/ozonefs/target/test-dir/MiniOzoneClusterImpl-72e1902e-de17-4929-8ada-cc6049662493/datanode-3/data/ratis/b7418ff9-be12-4c87-a8cf-a6ed9b3d97c7
2019-09-20 14:24:10,489 [pool-60-thread-1] INFO  server.RaftServerConfigKeys (ConfUtils.java:logGet(43)) - raft.server.log.queue.byte-limit = 2147483647 (custom)
2019-09-20 14:24:10,489 [pool-60-thread-1] INFO  server.RaftServerConfigKeys (ConfUtils.java:logGet(43)) - raft.server.log.queue.element-limit = 1024 (custom)
2019-09-20 14:24:10,489 [pool-60-thread-1] INFO  server.RaftServerConfigKeys (ConfUtils.java:logGet(43)) - raft.server.log.segment.size.max = 1048576 (custom)
2019-09-20 14:24:10,489 [pool-60-thread-1] INFO  server.RaftServerConfigKeys (ConfUtils.java:logGet(43)) - raft.server.log.preallocated.size = 16384 (custom)
2019-09-20 14:24:10,489 [pool-60-thread-1] INFO  server.RaftServerConfigKeys (ConfUtils.java:logGet(43)) - raft.server.log.write.buffer.size = 33554432 (custom)
2019-09-20 14:24:10,489 [pool-60-thread-1] INFO  server.RaftServerConfigKeys (ConfUtils.java:logGet(43)) - raft.server.log.force.sync.num = 128 (default)
2019-09-20 14:24:10,490 [pool-60-thread-1] INFO  server.RaftServerConfigKeys (ConfUtils.java:logGet(43)) - raft.server.log.statemachine.data.sync = true (default)
2019-09-20 14:24:10,490 [pool-60-thread-1] INFO  server.RaftServerConfigKeys (ConfUtils.java:logGet(43)) - raft.server.log.statemachine.data.sync.timeout = 10s (default)
2019-09-20 14:24:10,490 [pool-60-thread-1] INFO  server.RaftServerConfigKeys (ConfUtils.java:logGet(43)) - raft.server.log.statemachine.data.sync.timeout.retry = -1 (default)
2019-09-20 14:24:10,490 [pool-60-thread-1] INFO  server.RaftServerConfigKeys (ConfUtils.java:logGet(43)) - raft.server.log.statemachine.data.caching.enabled = true (custom)
2019-09-20 14:24:10,490 [pool-60-thread-1] INFO  segmented.SegmentedRaftLogWorker (SegmentedRaftLogWorker.java:lambda$new$0(132)) - 4b9e2e33-9606-42c4-a38b-d8e2568a9ed5-SegmentedRaftLogWorker:Storage Directory /workdir/hadoop-ozone/ozonefs/target/test-dir/MiniOzoneClusterImpl-72e1902e-de17-4929-8ada-cc6049662493/datanode-3/data/ratis/b7418ff9-be12-4c87-a8cf-a6ed9b3d97c7: flushIndex: setUnconditionally 0 -> -1
2019-09-20 14:24:10,491 [pool-60-thread-1] INFO  server.RaftServerConfigKeys (ConfUtils.java:logGet(43)) - raft.server.snapshot.auto.trigger.enabled = true (custom)
2019-09-20 14:24:10,491 [pool-60-thread-1] INFO  server.RaftServerConfigKeys (ConfUtils.java:logGet(43)) - raft.server.snapshot.auto.trigger.threshold = 10000 (custom)
2019-09-20 14:24:10,491 [pool-60-thread-1] INFO  server.RaftServerConfigKeys (ConfUtils.java:logGet(43)) - raft.server.retrycache.expirytime = 600000ms (custom)
2019-09-20 14:24:10,491 [pool-60-thread-1] INFO  impl.RaftServerImpl (RaftServerImpl.java:start(180)) - 4b9e2e33-9606-42c4-a38b-d8e2568a9ed5: start group-A6ED9B3D97C7
2019-09-20 14:24:10,491 [pool-60-thread-1] INFO  impl.RaftServerImpl (RaftServerImpl.java:setRole(171)) - 4b9e2e33-9606-42c4-a38b-d8e2568a9ed5:group-A6ED9B3D97C7 changes role from null to FOLLOWER at term 0 for startAsFollower
2019-09-20 14:24:10,491 [pool-60-thread-1] INFO  impl.RoleInfo (RoleInfo.java:updateAndGet(143)) - 4b9e2e33-9606-42c4-a38b-d8e2568a9ed5: start FollowerState
2019-09-20 14:24:10,492 [pool-60-thread-1] INFO  util.JmxRegister (JmxRegister.java:tryRegister(44)) - Successfully registered JMX Bean with object name Ratis:service=RaftServer,group=group-A6ED9B3D97C7,id=4b9e2e33-9606-42c4-a38b-d8e2568a9ed5
2019-09-20 14:24:10,498 [RatisPipelineUtilsThread] INFO  pipeline.PipelineStateManager (PipelineStateManager.java:addPipeline(56)) - Created pipeline Pipeline[ Id: b7418ff9-be12-4c87-a8cf-a6ed9b3d97c7, Nodes: 4b9e2e33-9606-42c4-a38b-d8e2568a9ed5{ip: 192.168.36.99, host: pr-hdds-1569-p5fx8-1226042367, networkLocation: /default-rack, certSerialId: null}, Type:RATIS, Factor:ONE, State:OPEN]
2019-09-20 14:24:10,501 [RatisPipelineUtilsThread] INFO  pipeline.PipelinePlacementPolicy (PipelinePlacementPolicy.java:meetCriteria(91)) - Pipeline Placement: Doesn't meet the criteria to be viable node： 7c330693-1e2f-4265-ad51-f8ae66fac775 Heaviness: 6 limit: 5
2019-09-20 14:24:10,513 [grpc-default-executor-0] INFO  impl.RaftServerProxy (RaftServerProxy.java:addNew(89)) - c0a66530-d43a-4ae5-bdbb-2b9936068aaa: addNew group-90DFC2C49E54:[c0a66530-d43a-4ae5-bdbb-2b9936068aaa:192.168.36.99:34723] returns group-90DFC2C49E54:java.util.concurrent.CompletableFuture@36cf88dc[Not completed]
2019-09-20 14:24:10,514 [pool-38-thread-1] INFO  impl.RaftServerImpl (RaftServerImpl.java:<init>(93)) - c0a66530-d43a-4ae5-bdbb-2b9936068aaa: new RaftServerImpl for group-90DFC2C49E54:[c0a66530-d43a-4ae5-bdbb-2b9936068aaa:192.168.36.99:34723] with ContainerStateMachine:uninitialized
2019-09-20 14:24:10,515 [pool-38-thread-1] INFO  server.RaftServerConfigKeys (ConfUtils.java:logGet(43)) - raft.server.rpc.timeout.min = 5s (custom)
2019-09-20 14:24:10,515 [pool-38-thread-1] INFO  server.RaftServerConfigKeys (ConfUtils.java:logGet(43)) - raft.server.rpc.timeout.max = 5200ms (custom)
2019-09-20 14:24:10,515 [pool-38-thread-1] INFO  server.RaftServerConfigKeys (ConfUtils.java:logGet(43)) - raft.server.rpcslowness.timeout = 120s (custom)
2019-09-20 14:24:10,515 [pool-38-thread-1] INFO  server.RaftServerConfigKeys (ConfUtils.java:logGet(43)) - raft.server.sleep.deviation.threshold = 300 (default)
2019-09-20 14:24:10,515 [pool-38-thread-1] INFO  server.RaftServerConfigKeys (ConfUtils.java:logGet(43)) - raft.server.log.appender.install.snapshot.enabled = false (custom)
2019-09-20 14:24:10,515 [pool-38-thread-1] INFO  impl.RaftServerImpl (ServerState.java:<init>(105)) - c0a66530-d43a-4ae5-bdbb-2b9936068aaa:group-90DFC2C49E54 ConfigurationManager, init=-1: [c0a66530-d43a-4ae5-bdbb-2b9936068aaa:192.168.36.99:34723], old=null, confs=<EMPTY_MAP>
2019-09-20 14:24:10,515 [pool-38-thread-1] INFO  server.RaftServerConfigKeys (ConfUtils.java:logGet(43)) - raft.server.storage.dir = [/workdir/hadoop-ozone/ozonefs/target/test-dir/MiniOzoneClusterImpl-72e1902e-de17-4929-8ada-cc6049662493/datanode-1/data/ratis] (custom)
2019-09-20 14:24:10,516 [pool-38-thread-1] INFO  storage.RaftStorageDirectory (RaftStorageDirectory.java:analyzeStorage(246)) - The storage directory /workdir/hadoop-ozone/ozonefs/target/test-dir/MiniOzoneClusterImpl-72e1902e-de17-4929-8ada-cc6049662493/datanode-1/data/ratis/fbde985b-e39a-4a0a-b233-90dfc2c49e54 does not exist. Creating ...
2019-09-20 14:24:10,554 [pool-38-thread-1] INFO  storage.RaftStorageDirectory (RaftStorageDirectory.java:tryLock(328)) - Lock on /workdir/hadoop-ozone/ozonefs/target/test-dir/MiniOzoneClusterImpl-72e1902e-de17-4929-8ada-cc6049662493/datanode-1/data/ratis/fbde985b-e39a-4a0a-b233-90dfc2c49e54/in_use.lock acquired by nodename 20069@pr-hdds-1569-p5fx8-1226042367
2019-09-20 14:24:10,580 [pool-38-thread-1] INFO  storage.RaftStorage (RaftStorage.java:format(72)) - Storage directory /workdir/hadoop-ozone/ozonefs/target/test-dir/MiniOzoneClusterImpl-72e1902e-de17-4929-8ada-cc6049662493/datanode-1/data/ratis/fbde985b-e39a-4a0a-b233-90dfc2c49e54 has been successfully formatted.
2019-09-20 14:24:10,580 [pool-38-thread-1] INFO  ratis.ContainerStateMachine (ContainerStateMachine.java:loadSnapshot(226)) - group-90DFC2C49E54: The snapshot info is null. Setting the last applied indexto:(t:0, i:~)
2019-09-20 14:24:10,580 [pool-38-thread-1] INFO  server.RaftServerConfigKeys (ConfUtils.java:logGet(43)) - raft.server.leader.election.timeout = 120s (custom)
2019-09-20 14:24:10,581 [pool-38-thread-1] INFO  server.RaftServerConfigKeys (ConfUtils.java:logGet(43)) - raft.server.log.use.memory = false (default)
2019-09-20 14:24:10,581 [pool-38-thread-1] INFO  server.RaftServerConfigKeys (ConfUtils.java:logGet(43)) - raft.server.log.purge.gap = 1000000 (custom)
2019-09-20 14:24:10,581 [pool-38-thread-1] INFO  server.RaftServerConfigKeys (ConfUtils.java:logGet(43)) - raft.server.log.appender.buffer.byte-limit = 33554432 (custom)
2019-09-20 14:24:10,581 [pool-38-thread-1] INFO  server.RaftServerConfigKeys (ConfUtils.java:logGet(43)) - raft.server.log.segment.size.max = 1048576 (custom)
2019-09-20 14:24:10,581 [pool-38-thread-1] INFO  server.RaftServerConfigKeys (ConfUtils.java:logGet(43)) - raft.server.log.segment.cache.num.max = 2 (custom)
2019-09-20 14:24:10,581 [pool-38-thread-1] INFO  segmented.SegmentedRaftLogWorker (SegmentedRaftLogWorker.java:<init>(172)) - new c0a66530-d43a-4ae5-bdbb-2b9936068aaa-SegmentedRaftLogWorker:Storage Directory /workdir/hadoop-ozone/ozonefs/target/test-dir/MiniOzoneClusterImpl-72e1902e-de17-4929-8ada-cc6049662493/datanode-1/data/ratis/fbde985b-e39a-4a0a-b233-90dfc2c49e54 for RaftStorage:Storage Directory /workdir/hadoop-ozone/ozonefs/target/test-dir/MiniOzoneClusterImpl-72e1902e-de17-4929-8ada-cc6049662493/datanode-1/data/ratis/fbde985b-e39a-4a0a-b233-90dfc2c49e54
2019-09-20 14:24:10,581 [pool-38-thread-1] INFO  server.RaftServerConfigKeys (ConfUtils.java:logGet(43)) - raft.server.log.queue.byte-limit = 2147483647 (custom)
2019-09-20 14:24:10,582 [pool-38-thread-1] INFO  server.RaftServerConfigKeys (ConfUtils.java:logGet(43)) - raft.server.log.queue.element-limit = 1024 (custom)
2019-09-20 14:24:10,582 [pool-38-thread-1] INFO  server.RaftServerConfigKeys (ConfUtils.java:logGet(43)) - raft.server.log.segment.size.max = 1048576 (custom)
2019-09-20 14:24:10,582 [pool-38-thread-1] INFO  server.RaftServerConfigKeys (ConfUtils.java:logGet(43)) - raft.server.log.preallocated.size = 16384 (custom)
2019-09-20 14:24:10,582 [pool-38-thread-1] INFO  server.RaftServerConfigKeys (ConfUtils.java:logGet(43)) - raft.server.log.write.buffer.size = 33554432 (custom)
2019-09-20 14:24:10,582 [pool-38-thread-1] INFO  server.RaftServerConfigKeys (ConfUtils.java:logGet(43)) - raft.server.log.force.sync.num = 128 (default)
2019-09-20 14:24:10,582 [pool-38-thread-1] INFO  server.RaftServerConfigKeys (ConfUtils.java:logGet(43)) - raft.server.log.statemachine.data.sync = true (default)
2019-09-20 14:24:10,582 [pool-38-thread-1] INFO  server.RaftServerConfigKeys (ConfUtils.java:logGet(43)) - raft.server.log.statemachine.data.sync.timeout = 10s (default)
2019-09-20 14:24:10,583 [pool-38-thread-1] INFO  server.RaftServerConfigKeys (ConfUtils.java:logGet(43)) - raft.server.log.statemachine.data.sync.timeout.retry = -1 (default)
2019-09-20 14:24:10,583 [pool-38-thread-1] INFO  server.RaftServerConfigKeys (ConfUtils.java:logGet(43)) - raft.server.log.statemachine.data.caching.enabled = true (custom)
2019-09-20 14:24:10,583 [pool-38-thread-1] INFO  segmented.SegmentedRaftLogWorker (SegmentedRaftLogWorker.java:lambda$new$0(132)) - c0a66530-d43a-4ae5-bdbb-2b9936068aaa-SegmentedRaftLogWorker:Storage Directory /workdir/hadoop-ozone/ozonefs/target/test-dir/MiniOzoneClusterImpl-72e1902e-de17-4929-8ada-cc6049662493/datanode-1/data/ratis/fbde985b-e39a-4a0a-b233-90dfc2c49e54: flushIndex: setUnconditionally 0 -> -1
2019-09-20 14:24:10,584 [pool-38-thread-1] INFO  server.RaftServerConfigKeys (ConfUtils.java:logGet(43)) - raft.server.snapshot.auto.trigger.enabled = true (custom)
2019-09-20 14:24:10,584 [pool-38-thread-1] INFO  server.RaftServerConfigKeys (ConfUtils.java:logGet(43)) - raft.server.snapshot.auto.trigger.threshold = 10000 (custom)
2019-09-20 14:24:10,584 [pool-38-thread-1] INFO  server.RaftServerConfigKeys (ConfUtils.java:logGet(43)) - raft.server.retrycache.expirytime = 600000ms (custom)
2019-09-20 14:24:10,584 [pool-38-thread-1] INFO  impl.RaftServerImpl (RaftServerImpl.java:start(180)) - c0a66530-d43a-4ae5-bdbb-2b9936068aaa: start group-90DFC2C49E54
2019-09-20 14:24:10,584 [pool-38-thread-1] INFO  impl.RaftServerImpl (RaftServerImpl.java:setRole(171)) - c0a66530-d43a-4ae5-bdbb-2b9936068aaa:group-90DFC2C49E54 changes role from null to FOLLOWER at term 0 for startAsFollower
2019-09-20 14:24:10,584 [pool-38-thread-1] INFO  impl.RoleInfo (RoleInfo.java:updateAndGet(143)) - c0a66530-d43a-4ae5-bdbb-2b9936068aaa: start FollowerState
2019-09-20 14:24:10,585 [pool-38-thread-1] INFO  util.JmxRegister (JmxRegister.java:tryRegister(44)) - Successfully registered JMX Bean with object name Ratis:service=RaftServer,group=group-90DFC2C49E54,id=c0a66530-d43a-4ae5-bdbb-2b9936068aaa
2019-09-20 14:24:10,593 [RatisPipelineUtilsThread] INFO  pipeline.PipelineStateManager (PipelineStateManager.java:addPipeline(56)) - Created pipeline Pipeline[ Id: fbde985b-e39a-4a0a-b233-90dfc2c49e54, Nodes: c0a66530-d43a-4ae5-bdbb-2b9936068aaa{ip: 192.168.36.99, host: pr-hdds-1569-p5fx8-1226042367, networkLocation: /default-rack, certSerialId: null}, Type:RATIS, Factor:ONE, State:OPEN]
2019-09-20 14:24:10,597 [RatisPipelineUtilsThread] INFO  pipeline.PipelinePlacementPolicy (PipelinePlacementPolicy.java:meetCriteria(91)) - Pipeline Placement: Doesn't meet the criteria to be viable node： 7c330693-1e2f-4265-ad51-f8ae66fac775 Heaviness: 6 limit: 5
2019-09-20 14:24:10,612 [grpc-default-executor-0] INFO  impl.RaftServerProxy (RaftServerProxy.java:addNew(89)) - 926b0f41-0722-49ff-a592-68b703f22f49: addNew group-F1CE35FD3E1E:[926b0f41-0722-49ff-a592-68b703f22f49:192.168.36.99:33200] returns group-F1CE35FD3E1E:java.util.concurrent.CompletableFuture@59bb9b48[Not completed]
2019-09-20 14:24:10,613 [pool-49-thread-1] INFO  impl.RaftServerImpl (RaftServerImpl.java:<init>(93)) - 926b0f41-0722-49ff-a592-68b703f22f49: new RaftServerImpl for group-F1CE35FD3E1E:[926b0f41-0722-49ff-a592-68b703f22f49:192.168.36.99:33200] with ContainerStateMachine:uninitialized
2019-09-20 14:24:10,614 [pool-49-thread-1] INFO  server.RaftServerConfigKeys (ConfUtils.java:logGet(43)) - raft.server.rpc.timeout.min = 5s (custom)
2019-09-20 14:24:10,614 [pool-49-thread-1] INFO  server.RaftServerConfigKeys (ConfUtils.java:logGet(43)) - raft.server.rpc.timeout.max = 5200ms (custom)
2019-09-20 14:24:10,614 [pool-49-thread-1] INFO  server.RaftServerConfigKeys (ConfUtils.java:logGet(43)) - raft.server.rpcslowness.timeout = 120s (custom)
2019-09-20 14:24:10,614 [pool-49-thread-1] INFO  server.RaftServerConfigKeys (ConfUtils.java:logGet(43)) - raft.server.sleep.deviation.threshold = 300 (default)
2019-09-20 14:24:10,614 [pool-49-thread-1] INFO  server.RaftServerConfigKeys (ConfUtils.java:logGet(43)) - raft.server.log.appender.install.snapshot.enabled = false (custom)
2019-09-20 14:24:10,614 [pool-49-thread-1] INFO  impl.RaftServerImpl (ServerState.java:<init>(105)) - 926b0f41-0722-49ff-a592-68b703f22f49:group-F1CE35FD3E1E ConfigurationManager, init=-1: [926b0f41-0722-49ff-a592-68b703f22f49:192.168.36.99:33200], old=null, confs=<EMPTY_MAP>
2019-09-20 14:24:10,614 [pool-49-thread-1] INFO  server.RaftServerConfigKeys (ConfUtils.java:logGet(43)) - raft.server.storage.dir = [/workdir/hadoop-ozone/ozonefs/target/test-dir/MiniOzoneClusterImpl-72e1902e-de17-4929-8ada-cc6049662493/datanode-2/data/ratis] (custom)
2019-09-20 14:24:10,615 [pool-49-thread-1] INFO  storage.RaftStorageDirectory (RaftStorageDirectory.java:analyzeStorage(246)) - The storage directory /workdir/hadoop-ozone/ozonefs/target/test-dir/MiniOzoneClusterImpl-72e1902e-de17-4929-8ada-cc6049662493/datanode-2/data/ratis/b56ebb4a-3931-4840-aed1-f1ce35fd3e1e does not exist. Creating ...
2019-09-20 14:24:10,647 [pool-49-thread-1] INFO  storage.RaftStorageDirectory (RaftStorageDirectory.java:tryLock(328)) - Lock on /workdir/hadoop-ozone/ozonefs/target/test-dir/MiniOzoneClusterImpl-72e1902e-de17-4929-8ada-cc6049662493/datanode-2/data/ratis/b56ebb4a-3931-4840-aed1-f1ce35fd3e1e/in_use.lock acquired by nodename 20069@pr-hdds-1569-p5fx8-1226042367
2019-09-20 14:24:10,661 | INFO  | SCMAudit | user=jenkins1000 | ip=192.168.36.99 | op=SEND_HEARTBEAT {datanodeUUID=f44a1c99-f9ac-4ca4-85ec-e98b84e0ebc2, command=[]} | ret=SUCCESS |  
2019-09-20 14:24:10,667 [main] INFO  ozone.MiniOzoneClusterImpl (MiniOzoneClusterImpl.java:lambda$waitForClusterToBeReady$0(142)) - Cluster is ready. Got 10 of 10 DN Heartbeats.
2019-09-20 14:24:10,689 [pool-49-thread-1] INFO  storage.RaftStorage (RaftStorage.java:format(72)) - Storage directory /workdir/hadoop-ozone/ozonefs/target/test-dir/MiniOzoneClusterImpl-72e1902e-de17-4929-8ada-cc6049662493/datanode-2/data/ratis/b56ebb4a-3931-4840-aed1-f1ce35fd3e1e has been successfully formatted.
2019-09-20 14:24:10,689 [pool-49-thread-1] INFO  ratis.ContainerStateMachine (ContainerStateMachine.java:loadSnapshot(226)) - group-F1CE35FD3E1E: The snapshot info is null. Setting the last applied indexto:(t:0, i:~)
2019-09-20 14:24:10,689 [pool-49-thread-1] INFO  server.RaftServerConfigKeys (ConfUtils.java:logGet(43)) - raft.server.leader.election.timeout = 120s (custom)
2019-09-20 14:24:10,690 [pool-49-thread-1] INFO  server.RaftServerConfigKeys (ConfUtils.java:logGet(43)) - raft.server.log.use.memory = false (default)
2019-09-20 14:24:10,690 [pool-49-thread-1] INFO  server.RaftServerConfigKeys (ConfUtils.java:logGet(43)) - raft.server.log.purge.gap = 1000000 (custom)
2019-09-20 14:24:10,690 [pool-49-thread-1] INFO  server.RaftServerConfigKeys (ConfUtils.java:logGet(43)) - raft.server.log.appender.buffer.byte-limit = 33554432 (custom)
2019-09-20 14:24:10,690 [pool-49-thread-1] INFO  server.RaftServerConfigKeys (ConfUtils.java:logGet(43)) - raft.server.log.segment.size.max = 1048576 (custom)
2019-09-20 14:24:10,690 [pool-49-thread-1] INFO  server.RaftServerConfigKeys (ConfUtils.java:logGet(43)) - raft.server.log.segment.cache.num.max = 2 (custom)
2019-09-20 14:24:10,690 [pool-49-thread-1] INFO  segmented.SegmentedRaftLogWorker (SegmentedRaftLogWorker.java:<init>(172)) - new 926b0f41-0722-49ff-a592-68b703f22f49-SegmentedRaftLogWorker:Storage Directory /workdir/hadoop-ozone/ozonefs/target/test-dir/MiniOzoneClusterImpl-72e1902e-de17-4929-8ada-cc6049662493/datanode-2/data/ratis/b56ebb4a-3931-4840-aed1-f1ce35fd3e1e for RaftStorage:Storage Directory /workdir/hadoop-ozone/ozonefs/target/test-dir/MiniOzoneClusterImpl-72e1902e-de17-4929-8ada-cc6049662493/datanode-2/data/ratis/b56ebb4a-3931-4840-aed1-f1ce35fd3e1e
2019-09-20 14:24:10,691 [pool-49-thread-1] INFO  server.RaftServerConfigKeys (ConfUtils.java:logGet(43)) - raft.server.log.queue.byte-limit = 2147483647 (custom)
2019-09-20 14:24:10,691 [pool-49-thread-1] INFO  server.RaftServerConfigKeys (ConfUtils.java:logGet(43)) - raft.server.log.queue.element-limit = 1024 (custom)
2019-09-20 14:24:10,691 [pool-49-thread-1] INFO  server.RaftServerConfigKeys (ConfUtils.java:logGet(43)) - raft.server.log.segment.size.max = 1048576 (custom)
2019-09-20 14:24:10,691 [pool-49-thread-1] INFO  server.RaftServerConfigKeys (ConfUtils.java:logGet(43)) - raft.server.log.preallocated.size = 16384 (custom)
2019-09-20 14:24:10,691 [pool-49-thread-1] INFO  server.RaftServerConfigKeys (ConfUtils.java:logGet(43)) - raft.server.log.write.buffer.size = 33554432 (custom)
2019-09-20 14:24:10,692 [pool-49-thread-1] INFO  server.RaftServerConfigKeys (ConfUtils.java:logGet(43)) - raft.server.log.force.sync.num = 128 (default)
2019-09-20 14:24:10,692 [pool-49-thread-1] INFO  server.RaftServerConfigKeys (ConfUtils.java:logGet(43)) - raft.server.log.statemachine.data.sync = true (default)
2019-09-20 14:24:10,692 [pool-49-thread-1] INFO  server.RaftServerConfigKeys (ConfUtils.java:logGet(43)) - raft.server.log.statemachine.data.sync.timeout = 10s (default)
2019-09-20 14:24:10,692 [pool-49-thread-1] INFO  server.RaftServerConfigKeys (ConfUtils.java:logGet(43)) - raft.server.log.statemachine.data.sync.timeout.retry = -1 (default)
2019-09-20 14:24:10,692 [pool-49-thread-1] INFO  server.RaftServerConfigKeys (ConfUtils.java:logGet(43)) - raft.server.log.statemachine.data.caching.enabled = true (custom)
2019-09-20 14:24:10,693 [pool-49-thread-1] INFO  segmented.SegmentedRaftLogWorker (SegmentedRaftLogWorker.java:lambda$new$0(132)) - 926b0f41-0722-49ff-a592-68b703f22f49-SegmentedRaftLogWorker:Storage Directory /workdir/hadoop-ozone/ozonefs/target/test-dir/MiniOzoneClusterImpl-72e1902e-de17-4929-8ada-cc6049662493/datanode-2/data/ratis/b56ebb4a-3931-4840-aed1-f1ce35fd3e1e: flushIndex: setUnconditionally 0 -> -1
2019-09-20 14:24:10,693 [pool-49-thread-1] INFO  server.RaftServerConfigKeys (ConfUtils.java:logGet(43)) - raft.server.snapshot.auto.trigger.enabled = true (custom)
2019-09-20 14:24:10,693 [pool-49-thread-1] INFO  server.RaftServerConfigKeys (ConfUtils.java:logGet(43)) - raft.server.snapshot.auto.trigger.threshold = 10000 (custom)
2019-09-20 14:24:10,694 [pool-49-thread-1] INFO  server.RaftServerConfigKeys (ConfUtils.java:logGet(43)) - raft.server.retrycache.expirytime = 600000ms (custom)
2019-09-20 14:24:10,694 [pool-49-thread-1] INFO  impl.RaftServerImpl (RaftServerImpl.java:start(180)) - 926b0f41-0722-49ff-a592-68b703f22f49: start group-F1CE35FD3E1E
2019-09-20 14:24:10,694 [pool-49-thread-1] INFO  impl.RaftServerImpl (RaftServerImpl.java:setRole(171)) - 926b0f41-0722-49ff-a592-68b703f22f49:group-F1CE35FD3E1E changes role from null to FOLLOWER at term 0 for startAsFollower
2019-09-20 14:24:10,694 [pool-49-thread-1] INFO  impl.RoleInfo (RoleInfo.java:updateAndGet(143)) - 926b0f41-0722-49ff-a592-68b703f22f49: start FollowerState
2019-09-20 14:24:10,695 [pool-49-thread-1] INFO  util.JmxRegister (JmxRegister.java:tryRegister(44)) - Successfully registered JMX Bean with object name Ratis:service=RaftServer,group=group-F1CE35FD3E1E,id=926b0f41-0722-49ff-a592-68b703f22f49
2019-09-20 14:24:10,703 [RatisPipelineUtilsThread] INFO  pipeline.PipelineStateManager (PipelineStateManager.java:addPipeline(56)) - Created pipeline Pipeline[ Id: b56ebb4a-3931-4840-aed1-f1ce35fd3e1e, Nodes: 926b0f41-0722-49ff-a592-68b703f22f49{ip: 192.168.36.99, host: pr-hdds-1569-p5fx8-1226042367, networkLocation: /default-rack, certSerialId: null}, Type:RATIS, Factor:ONE, State:OPEN]
2019-09-20 14:24:10,706 [RatisPipelineUtilsThread] INFO  pipeline.PipelinePlacementPolicy (PipelinePlacementPolicy.java:meetCriteria(91)) - Pipeline Placement: Doesn't meet the criteria to be viable node： 7c330693-1e2f-4265-ad51-f8ae66fac775 Heaviness: 6 limit: 5
2019-09-20 14:24:10,718 [grpc-default-executor-0] INFO  impl.RaftServerProxy (RaftServerProxy.java:addNew(89)) - 926b0f41-0722-49ff-a592-68b703f22f49: addNew group-12336AB9A6C2:[926b0f41-0722-49ff-a592-68b703f22f49:192.168.36.99:33200] returns group-12336AB9A6C2:java.util.concurrent.CompletableFuture@179d99a9[Not completed]
2019-09-20 14:24:10,720 [pool-49-thread-1] INFO  impl.RaftServerImpl (RaftServerImpl.java:<init>(93)) - 926b0f41-0722-49ff-a592-68b703f22f49: new RaftServerImpl for group-12336AB9A6C2:[926b0f41-0722-49ff-a592-68b703f22f49:192.168.36.99:33200] with ContainerStateMachine:uninitialized
2019-09-20 14:24:10,720 [pool-49-thread-1] INFO  server.RaftServerConfigKeys (ConfUtils.java:logGet(43)) - raft.server.rpc.timeout.min = 5s (custom)
2019-09-20 14:24:10,720 [pool-49-thread-1] INFO  server.RaftServerConfigKeys (ConfUtils.java:logGet(43)) - raft.server.rpc.timeout.max = 5200ms (custom)
2019-09-20 14:24:10,720 [pool-49-thread-1] INFO  server.RaftServerConfigKeys (ConfUtils.java:logGet(43)) - raft.server.rpcslowness.timeout = 120s (custom)
2019-09-20 14:24:10,720 [pool-49-thread-1] INFO  server.RaftServerConfigKeys (ConfUtils.java:logGet(43)) - raft.server.sleep.deviation.threshold = 300 (default)
2019-09-20 14:24:10,721 [pool-49-thread-1] INFO  server.RaftServerConfigKeys (ConfUtils.java:logGet(43)) - raft.server.log.appender.install.snapshot.enabled = false (custom)
2019-09-20 14:24:10,721 [pool-49-thread-1] INFO  impl.RaftServerImpl (ServerState.java:<init>(105)) - 926b0f41-0722-49ff-a592-68b703f22f49:group-12336AB9A6C2 ConfigurationManager, init=-1: [926b0f41-0722-49ff-a592-68b703f22f49:192.168.36.99:33200], old=null, confs=<EMPTY_MAP>
2019-09-20 14:24:10,721 [pool-49-thread-1] INFO  server.RaftServerConfigKeys (ConfUtils.java:logGet(43)) - raft.server.storage.dir = [/workdir/hadoop-ozone/ozonefs/target/test-dir/MiniOzoneClusterImpl-72e1902e-de17-4929-8ada-cc6049662493/datanode-2/data/ratis] (custom)
2019-09-20 14:24:10,721 [pool-49-thread-1] INFO  storage.RaftStorageDirectory (RaftStorageDirectory.java:analyzeStorage(246)) - The storage directory /workdir/hadoop-ozone/ozonefs/target/test-dir/MiniOzoneClusterImpl-72e1902e-de17-4929-8ada-cc6049662493/datanode-2/data/ratis/d1acca1a-1d23-4e4c-9469-12336ab9a6c2 does not exist. Creating ...
2019-09-20 14:24:10,751 [pool-49-thread-1] INFO  storage.RaftStorageDirectory (RaftStorageDirectory.java:tryLock(328)) - Lock on /workdir/hadoop-ozone/ozonefs/target/test-dir/MiniOzoneClusterImpl-72e1902e-de17-4929-8ada-cc6049662493/datanode-2/data/ratis/d1acca1a-1d23-4e4c-9469-12336ab9a6c2/in_use.lock acquired by nodename 20069@pr-hdds-1569-p5fx8-1226042367
2019-09-20 14:24:10,752 | INFO  | SCMAudit | user=jenkins1000 | ip=192.168.36.99 | op=SEND_HEARTBEAT {datanodeUUID=926b0f41-0722-49ff-a592-68b703f22f49, command=[]} | ret=SUCCESS |  
2019-09-20 14:24:10,781 [pool-49-thread-1] INFO  storage.RaftStorage (RaftStorage.java:format(72)) - Storage directory /workdir/hadoop-ozone/ozonefs/target/test-dir/MiniOzoneClusterImpl-72e1902e-de17-4929-8ada-cc6049662493/datanode-2/data/ratis/d1acca1a-1d23-4e4c-9469-12336ab9a6c2 has been successfully formatted.
2019-09-20 14:24:10,781 [pool-49-thread-1] INFO  ratis.ContainerStateMachine (ContainerStateMachine.java:loadSnapshot(226)) - group-12336AB9A6C2: The snapshot info is null. Setting the last applied indexto:(t:0, i:~)
2019-09-20 14:24:10,782 [pool-49-thread-1] INFO  server.RaftServerConfigKeys (ConfUtils.java:logGet(43)) - raft.server.leader.election.timeout = 120s (custom)
2019-09-20 14:24:10,782 [pool-49-thread-1] INFO  server.RaftServerConfigKeys (ConfUtils.java:logGet(43)) - raft.server.log.use.memory = false (default)
2019-09-20 14:24:10,782 [pool-49-thread-1] INFO  server.RaftServerConfigKeys (ConfUtils.java:logGet(43)) - raft.server.log.purge.gap = 1000000 (custom)
2019-09-20 14:24:10,782 [pool-49-thread-1] INFO  server.RaftServerConfigKeys (ConfUtils.java:logGet(43)) - raft.server.log.appender.buffer.byte-limit = 33554432 (custom)
2019-09-20 14:24:10,782 [pool-49-thread-1] INFO  server.RaftServerConfigKeys (ConfUtils.java:logGet(43)) - raft.server.log.segment.size.max = 1048576 (custom)
2019-09-20 14:24:10,783 [pool-49-thread-1] INFO  server.RaftServerConfigKeys (ConfUtils.java:logGet(43)) - raft.server.log.segment.cache.num.max = 2 (custom)
2019-09-20 14:24:10,783 [pool-49-thread-1] INFO  segmented.SegmentedRaftLogWorker (SegmentedRaftLogWorker.java:<init>(172)) - new 926b0f41-0722-49ff-a592-68b703f22f49-SegmentedRaftLogWorker:Storage Directory /workdir/hadoop-ozone/ozonefs/target/test-dir/MiniOzoneClusterImpl-72e1902e-de17-4929-8ada-cc6049662493/datanode-2/data/ratis/d1acca1a-1d23-4e4c-9469-12336ab9a6c2 for RaftStorage:Storage Directory /workdir/hadoop-ozone/ozonefs/target/test-dir/MiniOzoneClusterImpl-72e1902e-de17-4929-8ada-cc6049662493/datanode-2/data/ratis/d1acca1a-1d23-4e4c-9469-12336ab9a6c2
2019-09-20 14:24:10,783 [pool-49-thread-1] INFO  server.RaftServerConfigKeys (ConfUtils.java:logGet(43)) - raft.server.log.queue.byte-limit = 2147483647 (custom)
2019-09-20 14:24:10,783 [pool-49-thread-1] INFO  server.RaftServerConfigKeys (ConfUtils.java:logGet(43)) - raft.server.log.queue.element-limit = 1024 (custom)
2019-09-20 14:24:10,783 [pool-49-thread-1] INFO  server.RaftServerConfigKeys (ConfUtils.java:logGet(43)) - raft.server.log.segment.size.max = 1048576 (custom)
2019-09-20 14:24:10,784 [pool-49-thread-1] INFO  server.RaftServerConfigKeys (ConfUtils.java:logGet(43)) - raft.server.log.preallocated.size = 16384 (custom)
2019-09-20 14:24:10,784 [pool-49-thread-1] INFO  server.RaftServerConfigKeys (ConfUtils.java:logGet(43)) - raft.server.log.write.buffer.size = 33554432 (custom)
2019-09-20 14:24:10,784 [pool-49-thread-1] INFO  server.RaftServerConfigKeys (ConfUtils.java:logGet(43)) - raft.server.log.force.sync.num = 128 (default)
2019-09-20 14:24:10,784 [pool-49-thread-1] INFO  server.RaftServerConfigKeys (ConfUtils.java:logGet(43)) - raft.server.log.statemachine.data.sync = true (default)
2019-09-20 14:24:10,784 [pool-49-thread-1] INFO  server.RaftServerConfigKeys (ConfUtils.java:logGet(43)) - raft.server.log.statemachine.data.sync.timeout = 10s (default)
2019-09-20 14:24:10,784 [pool-49-thread-1] INFO  server.RaftServerConfigKeys (ConfUtils.java:logGet(43)) - raft.server.log.statemachine.data.sync.timeout.retry = -1 (default)
2019-09-20 14:24:10,785 [pool-49-thread-1] INFO  server.RaftServerConfigKeys (ConfUtils.java:logGet(43)) - raft.server.log.statemachine.data.caching.enabled = true (custom)
2019-09-20 14:24:10,785 [pool-49-thread-1] INFO  segmented.SegmentedRaftLogWorker (SegmentedRaftLogWorker.java:lambda$new$0(132)) - 926b0f41-0722-49ff-a592-68b703f22f49-SegmentedRaftLogWorker:Storage Directory /workdir/hadoop-ozone/ozonefs/target/test-dir/MiniOzoneClusterImpl-72e1902e-de17-4929-8ada-cc6049662493/datanode-2/data/ratis/d1acca1a-1d23-4e4c-9469-12336ab9a6c2: flushIndex: setUnconditionally 0 -> -1
2019-09-20 14:24:10,785 [pool-49-thread-1] INFO  server.RaftServerConfigKeys (ConfUtils.java:logGet(43)) - raft.server.snapshot.auto.trigger.enabled = true (custom)
2019-09-20 14:24:10,786 [pool-49-thread-1] INFO  server.RaftServerConfigKeys (ConfUtils.java:logGet(43)) - raft.server.snapshot.auto.trigger.threshold = 10000 (custom)
2019-09-20 14:24:10,786 [pool-49-thread-1] INFO  server.RaftServerConfigKeys (ConfUtils.java:logGet(43)) - raft.server.retrycache.expirytime = 600000ms (custom)
2019-09-20 14:24:10,786 [pool-49-thread-1] INFO  impl.RaftServerImpl (RaftServerImpl.java:start(180)) - 926b0f41-0722-49ff-a592-68b703f22f49: start group-12336AB9A6C2
2019-09-20 14:24:10,786 [pool-49-thread-1] INFO  impl.RaftServerImpl (RaftServerImpl.java:setRole(171)) - 926b0f41-0722-49ff-a592-68b703f22f49:group-12336AB9A6C2 changes role from null to FOLLOWER at term 0 for startAsFollower
2019-09-20 14:24:10,787 [pool-49-thread-1] INFO  impl.RoleInfo (RoleInfo.java:updateAndGet(143)) - 926b0f41-0722-49ff-a592-68b703f22f49: start FollowerState
2019-09-20 14:24:10,787 [pool-49-thread-1] INFO  util.JmxRegister (JmxRegister.java:tryRegister(44)) - Successfully registered JMX Bean with object name Ratis:service=RaftServer,group=group-12336AB9A6C2,id=926b0f41-0722-49ff-a592-68b703f22f49
2019-09-20 14:24:10,797 [RatisPipelineUtilsThread] INFO  pipeline.PipelineStateManager (PipelineStateManager.java:addPipeline(56)) - Created pipeline Pipeline[ Id: d1acca1a-1d23-4e4c-9469-12336ab9a6c2, Nodes: 926b0f41-0722-49ff-a592-68b703f22f49{ip: 192.168.36.99, host: pr-hdds-1569-p5fx8-1226042367, networkLocation: /default-rack, certSerialId: null}, Type:RATIS, Factor:ONE, State:OPEN]
2019-09-20 14:24:10,800 [RatisPipelineUtilsThread] INFO  pipeline.PipelinePlacementPolicy (PipelinePlacementPolicy.java:meetCriteria(91)) - Pipeline Placement: Doesn't meet the criteria to be viable node： 7c330693-1e2f-4265-ad51-f8ae66fac775 Heaviness: 6 limit: 5
2019-09-20 14:24:10,833 [grpc-default-executor-0] INFO  impl.RaftServerProxy (RaftServerProxy.java:addNew(89)) - c0a66530-d43a-4ae5-bdbb-2b9936068aaa: addNew group-5AC97FB5B536:[c0a66530-d43a-4ae5-bdbb-2b9936068aaa:192.168.36.99:34723] returns group-5AC97FB5B536:java.util.concurrent.CompletableFuture@70439400[Not completed]
2019-09-20 14:24:10,835 [pool-38-thread-1] INFO  impl.RaftServerImpl (RaftServerImpl.java:<init>(93)) - c0a66530-d43a-4ae5-bdbb-2b9936068aaa: new RaftServerImpl for group-5AC97FB5B536:[c0a66530-d43a-4ae5-bdbb-2b9936068aaa:192.168.36.99:34723] with ContainerStateMachine:uninitialized
2019-09-20 14:24:10,836 [pool-38-thread-1] INFO  server.RaftServerConfigKeys (ConfUtils.java:logGet(43)) - raft.server.rpc.timeout.min = 5s (custom)
2019-09-20 14:24:10,836 [pool-38-thread-1] INFO  server.RaftServerConfigKeys (ConfUtils.java:logGet(43)) - raft.server.rpc.timeout.max = 5200ms (custom)
2019-09-20 14:24:10,836 [pool-38-thread-1] INFO  server.RaftServerConfigKeys (ConfUtils.java:logGet(43)) - raft.server.rpcslowness.timeout = 120s (custom)
2019-09-20 14:24:10,836 [pool-38-thread-1] INFO  server.RaftServerConfigKeys (ConfUtils.java:logGet(43)) - raft.server.sleep.deviation.threshold = 300 (default)
2019-09-20 14:24:10,836 [pool-38-thread-1] INFO  server.RaftServerConfigKeys (ConfUtils.java:logGet(43)) - raft.server.log.appender.install.snapshot.enabled = false (custom)
2019-09-20 14:24:10,836 [pool-38-thread-1] INFO  impl.RaftServerImpl (ServerState.java:<init>(105)) - c0a66530-d43a-4ae5-bdbb-2b9936068aaa:group-5AC97FB5B536 ConfigurationManager, init=-1: [c0a66530-d43a-4ae5-bdbb-2b9936068aaa:192.168.36.99:34723], old=null, confs=<EMPTY_MAP>
2019-09-20 14:24:10,837 [pool-38-thread-1] INFO  server.RaftServerConfigKeys (ConfUtils.java:logGet(43)) - raft.server.storage.dir = [/workdir/hadoop-ozone/ozonefs/target/test-dir/MiniOzoneClusterImpl-72e1902e-de17-4929-8ada-cc6049662493/datanode-1/data/ratis] (custom)
2019-09-20 14:24:10,837 [pool-38-thread-1] INFO  storage.RaftStorageDirectory (RaftStorageDirectory.java:analyzeStorage(246)) - The storage directory /workdir/hadoop-ozone/ozonefs/target/test-dir/MiniOzoneClusterImpl-72e1902e-de17-4929-8ada-cc6049662493/datanode-1/data/ratis/d2c16704-7c4a-429d-9a6f-5ac97fb5b536 does not exist. Creating ...
2019-09-20 14:24:10,865 [pool-38-thread-1] INFO  storage.RaftStorageDirectory (RaftStorageDirectory.java:tryLock(328)) - Lock on /workdir/hadoop-ozone/ozonefs/target/test-dir/MiniOzoneClusterImpl-72e1902e-de17-4929-8ada-cc6049662493/datanode-1/data/ratis/d2c16704-7c4a-429d-9a6f-5ac97fb5b536/in_use.lock acquired by nodename 20069@pr-hdds-1569-p5fx8-1226042367
2019-09-20 14:24:10,898 [pool-38-thread-1] INFO  storage.RaftStorage (RaftStorage.java:format(72)) - Storage directory /workdir/hadoop-ozone/ozonefs/target/test-dir/MiniOzoneClusterImpl-72e1902e-de17-4929-8ada-cc6049662493/datanode-1/data/ratis/d2c16704-7c4a-429d-9a6f-5ac97fb5b536 has been successfully formatted.
2019-09-20 14:24:10,899 [pool-38-thread-1] INFO  ratis.ContainerStateMachine (ContainerStateMachine.java:loadSnapshot(226)) - group-5AC97FB5B536: The snapshot info is null. Setting the last applied indexto:(t:0, i:~)
2019-09-20 14:24:10,899 [pool-38-thread-1] INFO  server.RaftServerConfigKeys (ConfUtils.java:logGet(43)) - raft.server.leader.election.timeout = 120s (custom)
2019-09-20 14:24:10,899 [pool-38-thread-1] INFO  server.RaftServerConfigKeys (ConfUtils.java:logGet(43)) - raft.server.log.use.memory = false (default)
2019-09-20 14:24:10,900 [pool-38-thread-1] INFO  server.RaftServerConfigKeys (ConfUtils.java:logGet(43)) - raft.server.log.purge.gap = 1000000 (custom)
2019-09-20 14:24:10,900 [pool-38-thread-1] INFO  server.RaftServerConfigKeys (ConfUtils.java:logGet(43)) - raft.server.log.appender.buffer.byte-limit = 33554432 (custom)
2019-09-20 14:24:10,900 [pool-38-thread-1] INFO  server.RaftServerConfigKeys (ConfUtils.java:logGet(43)) - raft.server.log.segment.size.max = 1048576 (custom)
2019-09-20 14:24:10,900 [pool-38-thread-1] INFO  server.RaftServerConfigKeys (ConfUtils.java:logGet(43)) - raft.server.log.segment.cache.num.max = 2 (custom)
2019-09-20 14:24:10,900 [pool-38-thread-1] INFO  segmented.SegmentedRaftLogWorker (SegmentedRaftLogWorker.java:<init>(172)) - new c0a66530-d43a-4ae5-bdbb-2b9936068aaa-SegmentedRaftLogWorker:Storage Directory /workdir/hadoop-ozone/ozonefs/target/test-dir/MiniOzoneClusterImpl-72e1902e-de17-4929-8ada-cc6049662493/datanode-1/data/ratis/d2c16704-7c4a-429d-9a6f-5ac97fb5b536 for RaftStorage:Storage Directory /workdir/hadoop-ozone/ozonefs/target/test-dir/MiniOzoneClusterImpl-72e1902e-de17-4929-8ada-cc6049662493/datanode-1/data/ratis/d2c16704-7c4a-429d-9a6f-5ac97fb5b536
2019-09-20 14:24:10,901 [pool-38-thread-1] INFO  server.RaftServerConfigKeys (ConfUtils.java:logGet(43)) - raft.server.log.queue.byte-limit = 2147483647 (custom)
2019-09-20 14:24:10,901 [pool-38-thread-1] INFO  server.RaftServerConfigKeys (ConfUtils.java:logGet(43)) - raft.server.log.queue.element-limit = 1024 (custom)
2019-09-20 14:24:10,901 [pool-38-thread-1] INFO  server.RaftServerConfigKeys (ConfUtils.java:logGet(43)) - raft.server.log.segment.size.max = 1048576 (custom)
2019-09-20 14:24:10,901 [pool-38-thread-1] INFO  server.RaftServerConfigKeys (ConfUtils.java:logGet(43)) - raft.server.log.preallocated.size = 16384 (custom)
2019-09-20 14:24:10,901 [pool-38-thread-1] INFO  server.RaftServerConfigKeys (ConfUtils.java:logGet(43)) - raft.server.log.write.buffer.size = 33554432 (custom)
2019-09-20 14:24:10,901 [pool-38-thread-1] INFO  server.RaftServerConfigKeys (ConfUtils.java:logGet(43)) - raft.server.log.force.sync.num = 128 (default)
2019-09-20 14:24:10,902 [pool-38-thread-1] INFO  server.RaftServerConfigKeys (ConfUtils.java:logGet(43)) - raft.server.log.statemachine.data.sync = true (default)
2019-09-20 14:24:10,902 [pool-38-thread-1] INFO  server.RaftServerConfigKeys (ConfUtils.java:logGet(43)) - raft.server.log.statemachine.data.sync.timeout = 10s (default)
2019-09-20 14:24:10,902 [pool-38-thread-1] INFO  server.RaftServerConfigKeys (ConfUtils.java:logGet(43)) - raft.server.log.statemachine.data.sync.timeout.retry = -1 (default)
2019-09-20 14:24:10,902 [pool-38-thread-1] INFO  server.RaftServerConfigKeys (ConfUtils.java:logGet(43)) - raft.server.log.statemachine.data.caching.enabled = true (custom)
2019-09-20 14:24:10,903 [pool-38-thread-1] INFO  segmented.SegmentedRaftLogWorker (SegmentedRaftLogWorker.java:lambda$new$0(132)) - c0a66530-d43a-4ae5-bdbb-2b9936068aaa-SegmentedRaftLogWorker:Storage Directory /workdir/hadoop-ozone/ozonefs/target/test-dir/MiniOzoneClusterImpl-72e1902e-de17-4929-8ada-cc6049662493/datanode-1/data/ratis/d2c16704-7c4a-429d-9a6f-5ac97fb5b536: flushIndex: setUnconditionally 0 -> -1
2019-09-20 14:24:10,903 [pool-38-thread-1] INFO  server.RaftServerConfigKeys (ConfUtils.java:logGet(43)) - raft.server.snapshot.auto.trigger.enabled = true (custom)
2019-09-20 14:24:10,903 [pool-38-thread-1] INFO  server.RaftServerConfigKeys (ConfUtils.java:logGet(43)) - raft.server.snapshot.auto.trigger.threshold = 10000 (custom)
2019-09-20 14:24:10,903 [pool-38-thread-1] INFO  server.RaftServerConfigKeys (ConfUtils.java:logGet(43)) - raft.server.retrycache.expirytime = 600000ms (custom)
2019-09-20 14:24:10,904 [pool-38-thread-1] INFO  impl.RaftServerImpl (RaftServerImpl.java:start(180)) - c0a66530-d43a-4ae5-bdbb-2b9936068aaa: start group-5AC97FB5B536
2019-09-20 14:24:10,904 [pool-38-thread-1] INFO  impl.RaftServerImpl (RaftServerImpl.java:setRole(171)) - c0a66530-d43a-4ae5-bdbb-2b9936068aaa:group-5AC97FB5B536 changes role from null to FOLLOWER at term 0 for startAsFollower
2019-09-20 14:24:10,904 [pool-38-thread-1] INFO  impl.RoleInfo (RoleInfo.java:updateAndGet(143)) - c0a66530-d43a-4ae5-bdbb-2b9936068aaa: start FollowerState
2019-09-20 14:24:10,915 [pool-38-thread-1] INFO  util.JmxRegister (JmxRegister.java:tryRegister(44)) - Successfully registered JMX Bean with object name Ratis:service=RaftServer,group=group-5AC97FB5B536,id=c0a66530-d43a-4ae5-bdbb-2b9936068aaa
2019-09-20 14:24:10,930 | INFO  | SCMAudit | user=jenkins1000 | ip=192.168.36.99 | op=SEND_HEARTBEAT {datanodeUUID=9101a5c2-dfb1-4c31-830b-4c77eb758348, command=[]} | ret=SUCCESS |  
2019-09-20 14:24:10,945 [RatisPipelineUtilsThread] INFO  pipeline.PipelineStateManager (PipelineStateManager.java:addPipeline(56)) - Created pipeline Pipeline[ Id: d2c16704-7c4a-429d-9a6f-5ac97fb5b536, Nodes: c0a66530-d43a-4ae5-bdbb-2b9936068aaa{ip: 192.168.36.99, host: pr-hdds-1569-p5fx8-1226042367, networkLocation: /default-rack, certSerialId: null}, Type:RATIS, Factor:ONE, State:OPEN]
2019-09-20 14:24:10,952 [RatisPipelineUtilsThread] INFO  pipeline.PipelinePlacementPolicy (PipelinePlacementPolicy.java:meetCriteria(91)) - Pipeline Placement: Doesn't meet the criteria to be viable node： 7c330693-1e2f-4265-ad51-f8ae66fac775 Heaviness: 6 limit: 5
2019-09-20 14:24:10,965 [grpc-default-executor-0] INFO  impl.RaftServerProxy (RaftServerProxy.java:addNew(89)) - e0033df1-dced-4562-b4c4-a94a3cb6c131: addNew group-878DAA37668D:[e0033df1-dced-4562-b4c4-a94a3cb6c131:192.168.36.99:39317] returns group-878DAA37668D:java.util.concurrent.CompletableFuture@696f2a5f[Not completed]
2019-09-20 14:24:10,972 [pool-104-thread-1] INFO  impl.RaftServerImpl (RaftServerImpl.java:<init>(93)) - e0033df1-dced-4562-b4c4-a94a3cb6c131: new RaftServerImpl for group-878DAA37668D:[e0033df1-dced-4562-b4c4-a94a3cb6c131:192.168.36.99:39317] with ContainerStateMachine:uninitialized
2019-09-20 14:24:10,972 [pool-104-thread-1] INFO  server.RaftServerConfigKeys (ConfUtils.java:logGet(43)) - raft.server.rpc.timeout.min = 5s (custom)
2019-09-20 14:24:10,972 [pool-104-thread-1] INFO  server.RaftServerConfigKeys (ConfUtils.java:logGet(43)) - raft.server.rpc.timeout.max = 5200ms (custom)
2019-09-20 14:24:10,973 [pool-104-thread-1] INFO  server.RaftServerConfigKeys (ConfUtils.java:logGet(43)) - raft.server.rpcslowness.timeout = 120s (custom)
2019-09-20 14:24:10,973 [pool-104-thread-1] INFO  server.RaftServerConfigKeys (ConfUtils.java:logGet(43)) - raft.server.sleep.deviation.threshold = 300 (default)
2019-09-20 14:24:10,973 [pool-104-thread-1] INFO  server.RaftServerConfigKeys (ConfUtils.java:logGet(43)) - raft.server.log.appender.install.snapshot.enabled = false (custom)
2019-09-20 14:24:10,973 [pool-104-thread-1] INFO  impl.RaftServerImpl (ServerState.java:<init>(105)) - e0033df1-dced-4562-b4c4-a94a3cb6c131:group-878DAA37668D ConfigurationManager, init=-1: [e0033df1-dced-4562-b4c4-a94a3cb6c131:192.168.36.99:39317], old=null, confs=<EMPTY_MAP>
2019-09-20 14:24:10,973 [pool-104-thread-1] INFO  server.RaftServerConfigKeys (ConfUtils.java:logGet(43)) - raft.server.storage.dir = [/workdir/hadoop-ozone/ozonefs/target/test-dir/MiniOzoneClusterImpl-72e1902e-de17-4929-8ada-cc6049662493/datanode-7/data/ratis] (custom)
2019-09-20 14:24:10,974 [pool-104-thread-1] INFO  storage.RaftStorageDirectory (RaftStorageDirectory.java:analyzeStorage(246)) - The storage directory /workdir/hadoop-ozone/ozonefs/target/test-dir/MiniOzoneClusterImpl-72e1902e-de17-4929-8ada-cc6049662493/datanode-7/data/ratis/8779e25a-98e5-430e-8d4d-878daa37668d does not exist. Creating ...
2019-09-20 14:24:10,999 [pool-104-thread-1] INFO  storage.RaftStorageDirectory (RaftStorageDirectory.java:tryLock(328)) - Lock on /workdir/hadoop-ozone/ozonefs/target/test-dir/MiniOzoneClusterImpl-72e1902e-de17-4929-8ada-cc6049662493/datanode-7/data/ratis/8779e25a-98e5-430e-8d4d-878daa37668d/in_use.lock acquired by nodename 20069@pr-hdds-1569-p5fx8-1226042367
2019-09-20 14:24:11,024 [pool-104-thread-1] INFO  storage.RaftStorage (RaftStorage.java:format(72)) - Storage directory /workdir/hadoop-ozone/ozonefs/target/test-dir/MiniOzoneClusterImpl-72e1902e-de17-4929-8ada-cc6049662493/datanode-7/data/ratis/8779e25a-98e5-430e-8d4d-878daa37668d has been successfully formatted.
2019-09-20 14:24:11,025 [pool-104-thread-1] INFO  ratis.ContainerStateMachine (ContainerStateMachine.java:loadSnapshot(226)) - group-878DAA37668D: The snapshot info is null. Setting the last applied indexto:(t:0, i:~)
2019-09-20 14:24:11,025 [pool-104-thread-1] INFO  server.RaftServerConfigKeys (ConfUtils.java:logGet(43)) - raft.server.leader.election.timeout = 120s (custom)
2019-09-20 14:24:11,025 [pool-104-thread-1] INFO  server.RaftServerConfigKeys (ConfUtils.java:logGet(43)) - raft.server.log.use.memory = false (default)
2019-09-20 14:24:11,025 [pool-104-thread-1] INFO  server.RaftServerConfigKeys (ConfUtils.java:logGet(43)) - raft.server.log.purge.gap = 1000000 (custom)
2019-09-20 14:24:11,025 [pool-104-thread-1] INFO  server.RaftServerConfigKeys (ConfUtils.java:logGet(43)) - raft.server.log.appender.buffer.byte-limit = 33554432 (custom)
2019-09-20 14:24:11,026 [pool-104-thread-1] INFO  server.RaftServerConfigKeys (ConfUtils.java:logGet(43)) - raft.server.log.segment.size.max = 1048576 (custom)
2019-09-20 14:24:11,026 [pool-104-thread-1] INFO  server.RaftServerConfigKeys (ConfUtils.java:logGet(43)) - raft.server.log.segment.cache.num.max = 2 (custom)
2019-09-20 14:24:11,026 [pool-104-thread-1] INFO  segmented.SegmentedRaftLogWorker (SegmentedRaftLogWorker.java:<init>(172)) - new e0033df1-dced-4562-b4c4-a94a3cb6c131-SegmentedRaftLogWorker:Storage Directory /workdir/hadoop-ozone/ozonefs/target/test-dir/MiniOzoneClusterImpl-72e1902e-de17-4929-8ada-cc6049662493/datanode-7/data/ratis/8779e25a-98e5-430e-8d4d-878daa37668d for RaftStorage:Storage Directory /workdir/hadoop-ozone/ozonefs/target/test-dir/MiniOzoneClusterImpl-72e1902e-de17-4929-8ada-cc6049662493/datanode-7/data/ratis/8779e25a-98e5-430e-8d4d-878daa37668d
2019-09-20 14:24:11,026 [pool-104-thread-1] INFO  server.RaftServerConfigKeys (ConfUtils.java:logGet(43)) - raft.server.log.queue.byte-limit = 2147483647 (custom)
2019-09-20 14:24:11,026 [pool-104-thread-1] INFO  server.RaftServerConfigKeys (ConfUtils.java:logGet(43)) - raft.server.log.queue.element-limit = 1024 (custom)
2019-09-20 14:24:11,027 [pool-104-thread-1] INFO  server.RaftServerConfigKeys (ConfUtils.java:logGet(43)) - raft.server.log.segment.size.max = 1048576 (custom)
2019-09-20 14:24:11,027 [pool-104-thread-1] INFO  server.RaftServerConfigKeys (ConfUtils.java:logGet(43)) - raft.server.log.preallocated.size = 16384 (custom)
2019-09-20 14:24:11,027 [pool-104-thread-1] INFO  server.RaftServerConfigKeys (ConfUtils.java:logGet(43)) - raft.server.log.write.buffer.size = 33554432 (custom)
2019-09-20 14:24:11,027 [pool-104-thread-1] INFO  server.RaftServerConfigKeys (ConfUtils.java:logGet(43)) - raft.server.log.force.sync.num = 128 (default)
2019-09-20 14:24:11,027 [pool-104-thread-1] INFO  server.RaftServerConfigKeys (ConfUtils.java:logGet(43)) - raft.server.log.statemachine.data.sync = true (default)
2019-09-20 14:24:11,028 [pool-104-thread-1] INFO  server.RaftServerConfigKeys (ConfUtils.java:logGet(43)) - raft.server.log.statemachine.data.sync.timeout = 10s (default)
2019-09-20 14:24:11,028 [pool-104-thread-1] INFO  server.RaftServerConfigKeys (ConfUtils.java:logGet(43)) - raft.server.log.statemachine.data.sync.timeout.retry = -1 (default)
2019-09-20 14:24:11,028 [pool-104-thread-1] INFO  server.RaftServerConfigKeys (ConfUtils.java:logGet(43)) - raft.server.log.statemachine.data.caching.enabled = true (custom)
2019-09-20 14:24:11,029 [pool-104-thread-1] INFO  segmented.SegmentedRaftLogWorker (SegmentedRaftLogWorker.java:lambda$new$0(132)) - e0033df1-dced-4562-b4c4-a94a3cb6c131-SegmentedRaftLogWorker:Storage Directory /workdir/hadoop-ozone/ozonefs/target/test-dir/MiniOzoneClusterImpl-72e1902e-de17-4929-8ada-cc6049662493/datanode-7/data/ratis/8779e25a-98e5-430e-8d4d-878daa37668d: flushIndex: setUnconditionally 0 -> -1
2019-09-20 14:24:11,029 [pool-104-thread-1] INFO  server.RaftServerConfigKeys (ConfUtils.java:logGet(43)) - raft.server.snapshot.auto.trigger.enabled = true (custom)
2019-09-20 14:24:11,029 [pool-104-thread-1] INFO  server.RaftServerConfigKeys (ConfUtils.java:logGet(43)) - raft.server.snapshot.auto.trigger.threshold = 10000 (custom)
2019-09-20 14:24:11,030 [pool-104-thread-1] INFO  server.RaftServerConfigKeys (ConfUtils.java:logGet(43)) - raft.server.retrycache.expirytime = 600000ms (custom)
2019-09-20 14:24:11,030 [pool-104-thread-1] INFO  impl.RaftServerImpl (RaftServerImpl.java:start(180)) - e0033df1-dced-4562-b4c4-a94a3cb6c131: start group-878DAA37668D
2019-09-20 14:24:11,030 [pool-104-thread-1] INFO  impl.RaftServerImpl (RaftServerImpl.java:setRole(171)) - e0033df1-dced-4562-b4c4-a94a3cb6c131:group-878DAA37668D changes role from null to FOLLOWER at term 0 for startAsFollower
2019-09-20 14:24:11,030 [pool-104-thread-1] INFO  impl.RoleInfo (RoleInfo.java:updateAndGet(143)) - e0033df1-dced-4562-b4c4-a94a3cb6c131: start FollowerState
2019-09-20 14:24:11,031 [pool-104-thread-1] INFO  util.JmxRegister (JmxRegister.java:tryRegister(44)) - Successfully registered JMX Bean with object name Ratis:service=RaftServer,group=group-878DAA37668D,id=e0033df1-dced-4562-b4c4-a94a3cb6c131
2019-09-20 14:24:11,038 [RatisPipelineUtilsThread] INFO  pipeline.PipelineStateManager (PipelineStateManager.java:addPipeline(56)) - Created pipeline Pipeline[ Id: 8779e25a-98e5-430e-8d4d-878daa37668d, Nodes: e0033df1-dced-4562-b4c4-a94a3cb6c131{ip: 192.168.36.99, host: pr-hdds-1569-p5fx8-1226042367, networkLocation: /default-rack, certSerialId: null}, Type:RATIS, Factor:ONE, State:OPEN]
2019-09-20 14:24:11,042 [RatisPipelineUtilsThread] INFO  pipeline.PipelinePlacementPolicy (PipelinePlacementPolicy.java:meetCriteria(91)) - Pipeline Placement: Doesn't meet the criteria to be viable node： 7c330693-1e2f-4265-ad51-f8ae66fac775 Heaviness: 6 limit: 5
2019-09-20 14:24:11,053 [grpc-default-executor-0] INFO  impl.RaftServerProxy (RaftServerProxy.java:addNew(89)) - c0a66530-d43a-4ae5-bdbb-2b9936068aaa: addNew group-0C7AF6229FDD:[c0a66530-d43a-4ae5-bdbb-2b9936068aaa:192.168.36.99:34723] returns group-0C7AF6229FDD:java.util.concurrent.CompletableFuture@2fb7df55[Not completed]
2019-09-20 14:24:11,055 [pool-38-thread-1] INFO  impl.RaftServerImpl (RaftServerImpl.java:<init>(93)) - c0a66530-d43a-4ae5-bdbb-2b9936068aaa: new RaftServerImpl for group-0C7AF6229FDD:[c0a66530-d43a-4ae5-bdbb-2b9936068aaa:192.168.36.99:34723] with ContainerStateMachine:uninitialized
2019-09-20 14:24:11,056 [pool-38-thread-1] INFO  server.RaftServerConfigKeys (ConfUtils.java:logGet(43)) - raft.server.rpc.timeout.min = 5s (custom)
2019-09-20 14:24:11,056 [pool-38-thread-1] INFO  server.RaftServerConfigKeys (ConfUtils.java:logGet(43)) - raft.server.rpc.timeout.max = 5200ms (custom)
2019-09-20 14:24:11,056 [pool-38-thread-1] INFO  server.RaftServerConfigKeys (ConfUtils.java:logGet(43)) - raft.server.rpcslowness.timeout = 120s (custom)
2019-09-20 14:24:11,056 [pool-38-thread-1] INFO  server.RaftServerConfigKeys (ConfUtils.java:logGet(43)) - raft.server.sleep.deviation.threshold = 300 (default)
2019-09-20 14:24:11,056 [pool-38-thread-1] INFO  server.RaftServerConfigKeys (ConfUtils.java:logGet(43)) - raft.server.log.appender.install.snapshot.enabled = false (custom)
2019-09-20 14:24:11,056 [pool-38-thread-1] INFO  impl.RaftServerImpl (ServerState.java:<init>(105)) - c0a66530-d43a-4ae5-bdbb-2b9936068aaa:group-0C7AF6229FDD ConfigurationManager, init=-1: [c0a66530-d43a-4ae5-bdbb-2b9936068aaa:192.168.36.99:34723], old=null, confs=<EMPTY_MAP>
2019-09-20 14:24:11,057 [pool-38-thread-1] INFO  server.RaftServerConfigKeys (ConfUtils.java:logGet(43)) - raft.server.storage.dir = [/workdir/hadoop-ozone/ozonefs/target/test-dir/MiniOzoneClusterImpl-72e1902e-de17-4929-8ada-cc6049662493/datanode-1/data/ratis] (custom)
2019-09-20 14:24:11,057 [pool-38-thread-1] INFO  storage.RaftStorageDirectory (RaftStorageDirectory.java:analyzeStorage(246)) - The storage directory /workdir/hadoop-ozone/ozonefs/target/test-dir/MiniOzoneClusterImpl-72e1902e-de17-4929-8ada-cc6049662493/datanode-1/data/ratis/6ba37637-49df-49d1-8c28-0c7af6229fdd does not exist. Creating ...
2019-09-20 14:24:11,091 [pool-38-thread-1] INFO  storage.RaftStorageDirectory (RaftStorageDirectory.java:tryLock(328)) - Lock on /workdir/hadoop-ozone/ozonefs/target/test-dir/MiniOzoneClusterImpl-72e1902e-de17-4929-8ada-cc6049662493/datanode-1/data/ratis/6ba37637-49df-49d1-8c28-0c7af6229fdd/in_use.lock acquired by nodename 20069@pr-hdds-1569-p5fx8-1226042367
2019-09-20 14:24:11,117 [pool-38-thread-1] INFO  storage.RaftStorage (RaftStorage.java:format(72)) - Storage directory /workdir/hadoop-ozone/ozonefs/target/test-dir/MiniOzoneClusterImpl-72e1902e-de17-4929-8ada-cc6049662493/datanode-1/data/ratis/6ba37637-49df-49d1-8c28-0c7af6229fdd has been successfully formatted.
2019-09-20 14:24:11,117 [pool-38-thread-1] INFO  ratis.ContainerStateMachine (ContainerStateMachine.java:loadSnapshot(226)) - group-0C7AF6229FDD: The snapshot info is null. Setting the last applied indexto:(t:0, i:~)
2019-09-20 14:24:11,117 [pool-38-thread-1] INFO  server.RaftServerConfigKeys (ConfUtils.java:logGet(43)) - raft.server.leader.election.timeout = 120s (custom)
2019-09-20 14:24:11,117 [pool-38-thread-1] INFO  server.RaftServerConfigKeys (ConfUtils.java:logGet(43)) - raft.server.log.use.memory = false (default)
2019-09-20 14:24:11,117 [pool-38-thread-1] INFO  server.RaftServerConfigKeys (ConfUtils.java:logGet(43)) - raft.server.log.purge.gap = 1000000 (custom)
2019-09-20 14:24:11,118 [pool-38-thread-1] INFO  server.RaftServerConfigKeys (ConfUtils.java:logGet(43)) - raft.server.log.appender.buffer.byte-limit = 33554432 (custom)
2019-09-20 14:24:11,118 [pool-38-thread-1] INFO  server.RaftServerConfigKeys (ConfUtils.java:logGet(43)) - raft.server.log.segment.size.max = 1048576 (custom)
2019-09-20 14:24:11,118 [pool-38-thread-1] INFO  server.RaftServerConfigKeys (ConfUtils.java:logGet(43)) - raft.server.log.segment.cache.num.max = 2 (custom)
2019-09-20 14:24:11,118 [pool-38-thread-1] INFO  segmented.SegmentedRaftLogWorker (SegmentedRaftLogWorker.java:<init>(172)) - new c0a66530-d43a-4ae5-bdbb-2b9936068aaa-SegmentedRaftLogWorker:Storage Directory /workdir/hadoop-ozone/ozonefs/target/test-dir/MiniOzoneClusterImpl-72e1902e-de17-4929-8ada-cc6049662493/datanode-1/data/ratis/6ba37637-49df-49d1-8c28-0c7af6229fdd for RaftStorage:Storage Directory /workdir/hadoop-ozone/ozonefs/target/test-dir/MiniOzoneClusterImpl-72e1902e-de17-4929-8ada-cc6049662493/datanode-1/data/ratis/6ba37637-49df-49d1-8c28-0c7af6229fdd
2019-09-20 14:24:11,118 [pool-38-thread-1] INFO  server.RaftServerConfigKeys (ConfUtils.java:logGet(43)) - raft.server.log.queue.byte-limit = 2147483647 (custom)
2019-09-20 14:24:11,118 [pool-38-thread-1] INFO  server.RaftServerConfigKeys (ConfUtils.java:logGet(43)) - raft.server.log.queue.element-limit = 1024 (custom)
2019-09-20 14:24:11,118 [pool-38-thread-1] INFO  server.RaftServerConfigKeys (ConfUtils.java:logGet(43)) - raft.server.log.segment.size.max = 1048576 (custom)
2019-09-20 14:24:11,119 [pool-38-thread-1] INFO  server.RaftServerConfigKeys (ConfUtils.java:logGet(43)) - raft.server.log.preallocated.size = 16384 (custom)
2019-09-20 14:24:11,119 [pool-38-thread-1] INFO  server.RaftServerConfigKeys (ConfUtils.java:logGet(43)) - raft.server.log.write.buffer.size = 33554432 (custom)
2019-09-20 14:24:11,119 [pool-38-thread-1] INFO  server.RaftServerConfigKeys (ConfUtils.java:logGet(43)) - raft.server.log.force.sync.num = 128 (default)
2019-09-20 14:24:11,119 [pool-38-thread-1] INFO  server.RaftServerConfigKeys (ConfUtils.java:logGet(43)) - raft.server.log.statemachine.data.sync = true (default)
2019-09-20 14:24:11,119 [pool-38-thread-1] INFO  server.RaftServerConfigKeys (ConfUtils.java:logGet(43)) - raft.server.log.statemachine.data.sync.timeout = 10s (default)
2019-09-20 14:24:11,119 [pool-38-thread-1] INFO  server.RaftServerConfigKeys (ConfUtils.java:logGet(43)) - raft.server.log.statemachine.data.sync.timeout.retry = -1 (default)
2019-09-20 14:24:11,120 [pool-38-thread-1] INFO  server.RaftServerConfigKeys (ConfUtils.java:logGet(43)) - raft.server.log.statemachine.data.caching.enabled = true (custom)
2019-09-20 14:24:11,120 [pool-38-thread-1] INFO  segmented.SegmentedRaftLogWorker (SegmentedRaftLogWorker.java:lambda$new$0(132)) - c0a66530-d43a-4ae5-bdbb-2b9936068aaa-SegmentedRaftLogWorker:Storage Directory /workdir/hadoop-ozone/ozonefs/target/test-dir/MiniOzoneClusterImpl-72e1902e-de17-4929-8ada-cc6049662493/datanode-1/data/ratis/6ba37637-49df-49d1-8c28-0c7af6229fdd: flushIndex: setUnconditionally 0 -> -1
2019-09-20 14:24:11,120 [pool-38-thread-1] INFO  server.RaftServerConfigKeys (ConfUtils.java:logGet(43)) - raft.server.snapshot.auto.trigger.enabled = true (custom)
2019-09-20 14:24:11,120 [pool-38-thread-1] INFO  server.RaftServerConfigKeys (ConfUtils.java:logGet(43)) - raft.server.snapshot.auto.trigger.threshold = 10000 (custom)
2019-09-20 14:24:11,121 [pool-38-thread-1] INFO  server.RaftServerConfigKeys (ConfUtils.java:logGet(43)) - raft.server.retrycache.expirytime = 600000ms (custom)
2019-09-20 14:24:11,121 [pool-38-thread-1] INFO  impl.RaftServerImpl (RaftServerImpl.java:start(180)) - c0a66530-d43a-4ae5-bdbb-2b9936068aaa: start group-0C7AF6229FDD
2019-09-20 14:24:11,121 [pool-38-thread-1] INFO  impl.RaftServerImpl (RaftServerImpl.java:setRole(171)) - c0a66530-d43a-4ae5-bdbb-2b9936068aaa:group-0C7AF6229FDD changes role from null to FOLLOWER at term 0 for startAsFollower
2019-09-20 14:24:11,121 [pool-38-thread-1] INFO  impl.RoleInfo (RoleInfo.java:updateAndGet(143)) - c0a66530-d43a-4ae5-bdbb-2b9936068aaa: start FollowerState
2019-09-20 14:24:11,122 [pool-38-thread-1] INFO  util.JmxRegister (JmxRegister.java:tryRegister(44)) - Successfully registered JMX Bean with object name Ratis:service=RaftServer,group=group-0C7AF6229FDD,id=c0a66530-d43a-4ae5-bdbb-2b9936068aaa
2019-09-20 14:24:11,129 [RatisPipelineUtilsThread] INFO  pipeline.PipelineStateManager (PipelineStateManager.java:addPipeline(56)) - Created pipeline Pipeline[ Id: 6ba37637-49df-49d1-8c28-0c7af6229fdd, Nodes: c0a66530-d43a-4ae5-bdbb-2b9936068aaa{ip: 192.168.36.99, host: pr-hdds-1569-p5fx8-1226042367, networkLocation: /default-rack, certSerialId: null}, Type:RATIS, Factor:ONE, State:OPEN]
2019-09-20 14:24:11,131 [RatisPipelineUtilsThread] INFO  pipeline.PipelinePlacementPolicy (PipelinePlacementPolicy.java:meetCriteria(91)) - Pipeline Placement: Doesn't meet the criteria to be viable node： 7c330693-1e2f-4265-ad51-f8ae66fac775 Heaviness: 6 limit: 5
2019-09-20 14:24:11,133 | INFO  | OMAudit | user=jenkins1000 | ip=127.0.0.1 | op=CREATE_VOLUME {admin=admin76977, owner=user74272, volume=volume44826, creationTime=1568989451127, quotaInBytes=1152921504606846976} | ret=SUCCESS |  
2019-09-20 14:24:11,148 [grpc-default-executor-0] INFO  impl.RaftServerProxy (RaftServerProxy.java:addNew(89)) - 93651a45-ffa4-4bae-ae49-6429ae7182bc: addNew group-2FF73C50CC6D:[93651a45-ffa4-4bae-ae49-6429ae7182bc:192.168.36.99:37696] returns group-2FF73C50CC6D:java.util.concurrent.CompletableFuture@3294b2a9[Not completed]
2019-09-20 14:24:11,149 [pool-71-thread-1] INFO  impl.RaftServerImpl (RaftServerImpl.java:<init>(93)) - 93651a45-ffa4-4bae-ae49-6429ae7182bc: new RaftServerImpl for group-2FF73C50CC6D:[93651a45-ffa4-4bae-ae49-6429ae7182bc:192.168.36.99:37696] with ContainerStateMachine:uninitialized
2019-09-20 14:24:11,150 [pool-71-thread-1] INFO  server.RaftServerConfigKeys (ConfUtils.java:logGet(43)) - raft.server.rpc.timeout.min = 5s (custom)
2019-09-20 14:24:11,150 [pool-71-thread-1] INFO  server.RaftServerConfigKeys (ConfUtils.java:logGet(43)) - raft.server.rpc.timeout.max = 5200ms (custom)
2019-09-20 14:24:11,150 [pool-71-thread-1] INFO  server.RaftServerConfigKeys (ConfUtils.java:logGet(43)) - raft.server.rpcslowness.timeout = 120s (custom)
2019-09-20 14:24:11,150 [pool-71-thread-1] INFO  server.RaftServerConfigKeys (ConfUtils.java:logGet(43)) - raft.server.sleep.deviation.threshold = 300 (default)
2019-09-20 14:24:11,150 [pool-71-thread-1] INFO  server.RaftServerConfigKeys (ConfUtils.java:logGet(43)) - raft.server.log.appender.install.snapshot.enabled = false (custom)
2019-09-20 14:24:11,150 [pool-71-thread-1] INFO  impl.RaftServerImpl (ServerState.java:<init>(105)) - 93651a45-ffa4-4bae-ae49-6429ae7182bc:group-2FF73C50CC6D ConfigurationManager, init=-1: [93651a45-ffa4-4bae-ae49-6429ae7182bc:192.168.36.99:37696], old=null, confs=<EMPTY_MAP>
2019-09-20 14:24:11,151 [pool-71-thread-1] INFO  server.RaftServerConfigKeys (ConfUtils.java:logGet(43)) - raft.server.storage.dir = [/workdir/hadoop-ozone/ozonefs/target/test-dir/MiniOzoneClusterImpl-72e1902e-de17-4929-8ada-cc6049662493/datanode-4/data/ratis] (custom)
2019-09-20 14:24:11,151 [pool-71-thread-1] INFO  storage.RaftStorageDirectory (RaftStorageDirectory.java:analyzeStorage(246)) - The storage directory /workdir/hadoop-ozone/ozonefs/target/test-dir/MiniOzoneClusterImpl-72e1902e-de17-4929-8ada-cc6049662493/datanode-4/data/ratis/6849c8e0-2c0d-46da-9416-2ff73c50cc6d does not exist. Creating ...
2019-09-20 14:24:11,155 | INFO  | SCMAudit | user=jenkins1000 | ip=192.168.36.99 | op=SEND_HEARTBEAT {datanodeUUID=e0033df1-dced-4562-b4c4-a94a3cb6c131, command=[]} | ret=SUCCESS |  
2019-09-20 14:24:11,177 [pool-71-thread-1] INFO  storage.RaftStorageDirectory (RaftStorageDirectory.java:tryLock(328)) - Lock on /workdir/hadoop-ozone/ozonefs/target/test-dir/MiniOzoneClusterImpl-72e1902e-de17-4929-8ada-cc6049662493/datanode-4/data/ratis/6849c8e0-2c0d-46da-9416-2ff73c50cc6d/in_use.lock acquired by nodename 20069@pr-hdds-1569-p5fx8-1226042367
2019-09-20 14:24:11,183 | INFO  | OMAudit | user=jenkins1000 | ip=127.0.0.1 | op=CREATE_BUCKET {volume=volume44826, bucket=bucket18073, acls=[], isVersionEnabled=false, storageType=DISK, creationTime=0} | ret=SUCCESS |  
2019-09-20 14:24:11,203 [pool-71-thread-1] INFO  storage.RaftStorage (RaftStorage.java:format(72)) - Storage directory /workdir/hadoop-ozone/ozonefs/target/test-dir/MiniOzoneClusterImpl-72e1902e-de17-4929-8ada-cc6049662493/datanode-4/data/ratis/6849c8e0-2c0d-46da-9416-2ff73c50cc6d has been successfully formatted.
2019-09-20 14:24:11,204 [pool-71-thread-1] INFO  ratis.ContainerStateMachine (ContainerStateMachine.java:loadSnapshot(226)) - group-2FF73C50CC6D: The snapshot info is null. Setting the last applied indexto:(t:0, i:~)
2019-09-20 14:24:11,204 [pool-71-thread-1] INFO  server.RaftServerConfigKeys (ConfUtils.java:logGet(43)) - raft.server.leader.election.timeout = 120s (custom)
2019-09-20 14:24:11,204 [pool-71-thread-1] INFO  server.RaftServerConfigKeys (ConfUtils.java:logGet(43)) - raft.server.log.use.memory = false (default)
2019-09-20 14:24:11,204 [pool-71-thread-1] INFO  server.RaftServerConfigKeys (ConfUtils.java:logGet(43)) - raft.server.log.purge.gap = 1000000 (custom)
2019-09-20 14:24:11,204 [pool-71-thread-1] INFO  server.RaftServerConfigKeys (ConfUtils.java:logGet(43)) - raft.server.log.appender.buffer.byte-limit = 33554432 (custom)
2019-09-20 14:24:11,204 [pool-71-thread-1] INFO  server.RaftServerConfigKeys (ConfUtils.java:logGet(43)) - raft.server.log.segment.size.max = 1048576 (custom)
2019-09-20 14:24:11,205 [pool-71-thread-1] INFO  server.RaftServerConfigKeys (ConfUtils.java:logGet(43)) - raft.server.log.segment.cache.num.max = 2 (custom)
2019-09-20 14:24:11,205 [pool-71-thread-1] INFO  segmented.SegmentedRaftLogWorker (SegmentedRaftLogWorker.java:<init>(172)) - new 93651a45-ffa4-4bae-ae49-6429ae7182bc-SegmentedRaftLogWorker:Storage Directory /workdir/hadoop-ozone/ozonefs/target/test-dir/MiniOzoneClusterImpl-72e1902e-de17-4929-8ada-cc6049662493/datanode-4/data/ratis/6849c8e0-2c0d-46da-9416-2ff73c50cc6d for RaftStorage:Storage Directory /workdir/hadoop-ozone/ozonefs/target/test-dir/MiniOzoneClusterImpl-72e1902e-de17-4929-8ada-cc6049662493/datanode-4/data/ratis/6849c8e0-2c0d-46da-9416-2ff73c50cc6d
2019-09-20 14:24:11,205 [pool-71-thread-1] INFO  server.RaftServerConfigKeys (ConfUtils.java:logGet(43)) - raft.server.log.queue.byte-limit = 2147483647 (custom)
2019-09-20 14:24:11,205 [pool-71-thread-1] INFO  server.RaftServerConfigKeys (ConfUtils.java:logGet(43)) - raft.server.log.queue.element-limit = 1024 (custom)
2019-09-20 14:24:11,205 [pool-71-thread-1] INFO  server.RaftServerConfigKeys (ConfUtils.java:logGet(43)) - raft.server.log.segment.size.max = 1048576 (custom)
2019-09-20 14:24:11,205 [pool-71-thread-1] INFO  server.RaftServerConfigKeys (ConfUtils.java:logGet(43)) - raft.server.log.preallocated.size = 16384 (custom)
2019-09-20 14:24:11,206 [pool-71-thread-1] INFO  server.RaftServerConfigKeys (ConfUtils.java:logGet(43)) - raft.server.log.write.buffer.size = 33554432 (custom)
2019-09-20 14:24:11,206 [pool-71-thread-1] INFO  server.RaftServerConfigKeys (ConfUtils.java:logGet(43)) - raft.server.log.force.sync.num = 128 (default)
2019-09-20 14:24:11,206 [pool-71-thread-1] INFO  server.RaftServerConfigKeys (ConfUtils.java:logGet(43)) - raft.server.log.statemachine.data.sync = true (default)
2019-09-20 14:24:11,206 [pool-71-thread-1] INFO  server.RaftServerConfigKeys (ConfUtils.java:logGet(43)) - raft.server.log.statemachine.data.sync.timeout = 10s (default)
2019-09-20 14:24:11,206 [pool-71-thread-1] INFO  server.RaftServerConfigKeys (ConfUtils.java:logGet(43)) - raft.server.log.statemachine.data.sync.timeout.retry = -1 (default)
2019-09-20 14:24:11,206 [pool-71-thread-1] INFO  server.RaftServerConfigKeys (ConfUtils.java:logGet(43)) - raft.server.log.statemachine.data.caching.enabled = true (custom)
2019-09-20 14:24:11,207 [pool-71-thread-1] INFO  segmented.SegmentedRaftLogWorker (SegmentedRaftLogWorker.java:lambda$new$0(132)) - 93651a45-ffa4-4bae-ae49-6429ae7182bc-SegmentedRaftLogWorker:Storage Directory /workdir/hadoop-ozone/ozonefs/target/test-dir/MiniOzoneClusterImpl-72e1902e-de17-4929-8ada-cc6049662493/datanode-4/data/ratis/6849c8e0-2c0d-46da-9416-2ff73c50cc6d: flushIndex: setUnconditionally 0 -> -1
2019-09-20 14:24:11,207 [pool-71-thread-1] INFO  server.RaftServerConfigKeys (ConfUtils.java:logGet(43)) - raft.server.snapshot.auto.trigger.enabled = true (custom)
2019-09-20 14:24:11,207 [pool-71-thread-1] INFO  server.RaftServerConfigKeys (ConfUtils.java:logGet(43)) - raft.server.snapshot.auto.trigger.threshold = 10000 (custom)
2019-09-20 14:24:11,207 [pool-71-thread-1] INFO  server.RaftServerConfigKeys (ConfUtils.java:logGet(43)) - raft.server.retrycache.expirytime = 600000ms (custom)
2019-09-20 14:24:11,208 [pool-71-thread-1] INFO  impl.RaftServerImpl (RaftServerImpl.java:start(180)) - 93651a45-ffa4-4bae-ae49-6429ae7182bc: start group-2FF73C50CC6D
2019-09-20 14:24:11,208 [pool-71-thread-1] INFO  impl.RaftServerImpl (RaftServerImpl.java:setRole(171)) - 93651a45-ffa4-4bae-ae49-6429ae7182bc:group-2FF73C50CC6D changes role from null to FOLLOWER at term 0 for startAsFollower
2019-09-20 14:24:11,208 [pool-71-thread-1] INFO  impl.RoleInfo (RoleInfo.java:updateAndGet(143)) - 93651a45-ffa4-4bae-ae49-6429ae7182bc: start FollowerState
2019-09-20 14:24:11,209 [pool-71-thread-1] INFO  util.JmxRegister (JmxRegister.java:tryRegister(44)) - Successfully registered JMX Bean with object name Ratis:service=RaftServer,group=group-2FF73C50CC6D,id=93651a45-ffa4-4bae-ae49-6429ae7182bc
2019-09-20 14:24:11,215 [RatisPipelineUtilsThread] INFO  pipeline.PipelineStateManager (PipelineStateManager.java:addPipeline(56)) - Created pipeline Pipeline[ Id: 6849c8e0-2c0d-46da-9416-2ff73c50cc6d, Nodes: 93651a45-ffa4-4bae-ae49-6429ae7182bc{ip: 192.168.36.99, host: pr-hdds-1569-p5fx8-1226042367, networkLocation: /default-rack, certSerialId: null}, Type:RATIS, Factor:ONE, State:OPEN]
2019-09-20 14:24:11,218 [RatisPipelineUtilsThread] INFO  pipeline.PipelinePlacementPolicy (PipelinePlacementPolicy.java:meetCriteria(91)) - Pipeline Placement: Doesn't meet the criteria to be viable node： 7c330693-1e2f-4265-ad51-f8ae66fac775 Heaviness: 6 limit: 5
2019-09-20 14:24:11,234 [grpc-default-executor-0] INFO  impl.RaftServerProxy (RaftServerProxy.java:addNew(89)) - c0a66530-d43a-4ae5-bdbb-2b9936068aaa: addNew group-6DA01084DE72:[c0a66530-d43a-4ae5-bdbb-2b9936068aaa:192.168.36.99:34723] returns group-6DA01084DE72:java.util.concurrent.CompletableFuture@24280ff1[Not completed]
2019-09-20 14:24:11,234 | INFO  | SCMAudit | user=jenkins1000 | ip=192.168.36.99 | op=SEND_HEARTBEAT {datanodeUUID=7c330693-1e2f-4265-ad51-f8ae66fac775, command=[]} | ret=SUCCESS |  
2019-09-20 14:24:11,236 [pool-38-thread-1] INFO  impl.RaftServerImpl (RaftServerImpl.java:<init>(93)) - c0a66530-d43a-4ae5-bdbb-2b9936068aaa: new RaftServerImpl for group-6DA01084DE72:[c0a66530-d43a-4ae5-bdbb-2b9936068aaa:192.168.36.99:34723] with ContainerStateMachine:uninitialized
2019-09-20 14:24:11,236 [pool-38-thread-1] INFO  server.RaftServerConfigKeys (ConfUtils.java:logGet(43)) - raft.server.rpc.timeout.min = 5s (custom)
2019-09-20 14:24:11,237 [pool-38-thread-1] INFO  server.RaftServerConfigKeys (ConfUtils.java:logGet(43)) - raft.server.rpc.timeout.max = 5200ms (custom)
2019-09-20 14:24:11,237 [pool-38-thread-1] INFO  server.RaftServerConfigKeys (ConfUtils.java:logGet(43)) - raft.server.rpcslowness.timeout = 120s (custom)
2019-09-20 14:24:11,237 [pool-38-thread-1] INFO  server.RaftServerConfigKeys (ConfUtils.java:logGet(43)) - raft.server.sleep.deviation.threshold = 300 (default)
2019-09-20 14:24:11,237 [pool-38-thread-1] INFO  server.RaftServerConfigKeys (ConfUtils.java:logGet(43)) - raft.server.log.appender.install.snapshot.enabled = false (custom)
2019-09-20 14:24:11,237 [pool-38-thread-1] INFO  impl.RaftServerImpl (ServerState.java:<init>(105)) - c0a66530-d43a-4ae5-bdbb-2b9936068aaa:group-6DA01084DE72 ConfigurationManager, init=-1: [c0a66530-d43a-4ae5-bdbb-2b9936068aaa:192.168.36.99:34723], old=null, confs=<EMPTY_MAP>
2019-09-20 14:24:11,237 [pool-38-thread-1] INFO  server.RaftServerConfigKeys (ConfUtils.java:logGet(43)) - raft.server.storage.dir = [/workdir/hadoop-ozone/ozonefs/target/test-dir/MiniOzoneClusterImpl-72e1902e-de17-4929-8ada-cc6049662493/datanode-1/data/ratis] (custom)
2019-09-20 14:24:11,238 [pool-38-thread-1] INFO  storage.RaftStorageDirectory (RaftStorageDirectory.java:analyzeStorage(246)) - The storage directory /workdir/hadoop-ozone/ozonefs/target/test-dir/MiniOzoneClusterImpl-72e1902e-de17-4929-8ada-cc6049662493/datanode-1/data/ratis/325446cb-0308-4ea6-95ba-6da01084de72 does not exist. Creating ...
2019-09-20 14:24:11,273 [pool-38-thread-1] INFO  storage.RaftStorageDirectory (RaftStorageDirectory.java:tryLock(328)) - Lock on /workdir/hadoop-ozone/ozonefs/target/test-dir/MiniOzoneClusterImpl-72e1902e-de17-4929-8ada-cc6049662493/datanode-1/data/ratis/325446cb-0308-4ea6-95ba-6da01084de72/in_use.lock acquired by nodename 20069@pr-hdds-1569-p5fx8-1226042367
2019-09-20 14:24:11,301 [pool-38-thread-1] INFO  storage.RaftStorage (RaftStorage.java:format(72)) - Storage directory /workdir/hadoop-ozone/ozonefs/target/test-dir/MiniOzoneClusterImpl-72e1902e-de17-4929-8ada-cc6049662493/datanode-1/data/ratis/325446cb-0308-4ea6-95ba-6da01084de72 has been successfully formatted.
2019-09-20 14:24:11,302 [pool-38-thread-1] INFO  ratis.ContainerStateMachine (ContainerStateMachine.java:loadSnapshot(226)) - group-6DA01084DE72: The snapshot info is null. Setting the last applied indexto:(t:0, i:~)
2019-09-20 14:24:11,305 [pool-38-thread-1] INFO  server.RaftServerConfigKeys (ConfUtils.java:logGet(43)) - raft.server.leader.election.timeout = 120s (custom)
2019-09-20 14:24:11,305 [pool-38-thread-1] INFO  server.RaftServerConfigKeys (ConfUtils.java:logGet(43)) - raft.server.log.use.memory = false (default)
2019-09-20 14:24:11,305 [pool-38-thread-1] INFO  server.RaftServerConfigKeys (ConfUtils.java:logGet(43)) - raft.server.log.purge.gap = 1000000 (custom)
2019-09-20 14:24:11,305 [pool-38-thread-1] INFO  server.RaftServerConfigKeys (ConfUtils.java:logGet(43)) - raft.server.log.appender.buffer.byte-limit = 33554432 (custom)
2019-09-20 14:24:11,305 [pool-38-thread-1] INFO  server.RaftServerConfigKeys (ConfUtils.java:logGet(43)) - raft.server.log.segment.size.max = 1048576 (custom)
2019-09-20 14:24:11,306 [pool-38-thread-1] INFO  server.RaftServerConfigKeys (ConfUtils.java:logGet(43)) - raft.server.log.segment.cache.num.max = 2 (custom)
2019-09-20 14:24:11,306 [pool-38-thread-1] INFO  segmented.SegmentedRaftLogWorker (SegmentedRaftLogWorker.java:<init>(172)) - new c0a66530-d43a-4ae5-bdbb-2b9936068aaa-SegmentedRaftLogWorker:Storage Directory /workdir/hadoop-ozone/ozonefs/target/test-dir/MiniOzoneClusterImpl-72e1902e-de17-4929-8ada-cc6049662493/datanode-1/data/ratis/325446cb-0308-4ea6-95ba-6da01084de72 for RaftStorage:Storage Directory /workdir/hadoop-ozone/ozonefs/target/test-dir/MiniOzoneClusterImpl-72e1902e-de17-4929-8ada-cc6049662493/datanode-1/data/ratis/325446cb-0308-4ea6-95ba-6da01084de72
2019-09-20 14:24:11,306 [pool-38-thread-1] INFO  server.RaftServerConfigKeys (ConfUtils.java:logGet(43)) - raft.server.log.queue.byte-limit = 2147483647 (custom)
2019-09-20 14:24:11,306 [pool-38-thread-1] INFO  server.RaftServerConfigKeys (ConfUtils.java:logGet(43)) - raft.server.log.queue.element-limit = 1024 (custom)
2019-09-20 14:24:11,306 [pool-38-thread-1] INFO  server.RaftServerConfigKeys (ConfUtils.java:logGet(43)) - raft.server.log.segment.size.max = 1048576 (custom)
2019-09-20 14:24:11,307 [pool-38-thread-1] INFO  server.RaftServerConfigKeys (ConfUtils.java:logGet(43)) - raft.server.log.preallocated.size = 16384 (custom)
2019-09-20 14:24:11,307 [pool-38-thread-1] INFO  server.RaftServerConfigKeys (ConfUtils.java:logGet(43)) - raft.server.log.write.buffer.size = 33554432 (custom)
2019-09-20 14:24:11,307 [pool-38-thread-1] INFO  server.RaftServerConfigKeys (ConfUtils.java:logGet(43)) - raft.server.log.force.sync.num = 128 (default)
2019-09-20 14:24:11,307 [pool-38-thread-1] INFO  server.RaftServerConfigKeys (ConfUtils.java:logGet(43)) - raft.server.log.statemachine.data.sync = true (default)
2019-09-20 14:24:11,307 [pool-38-thread-1] INFO  server.RaftServerConfigKeys (ConfUtils.java:logGet(43)) - raft.server.log.statemachine.data.sync.timeout = 10s (default)
2019-09-20 14:24:11,308 [pool-38-thread-1] INFO  server.RaftServerConfigKeys (ConfUtils.java:logGet(43)) - raft.server.log.statemachine.data.sync.timeout.retry = -1 (default)
2019-09-20 14:24:11,308 [pool-38-thread-1] INFO  server.RaftServerConfigKeys (ConfUtils.java:logGet(43)) - raft.server.log.statemachine.data.caching.enabled = true (custom)
2019-09-20 14:24:11,308 [pool-38-thread-1] INFO  segmented.SegmentedRaftLogWorker (SegmentedRaftLogWorker.java:lambda$new$0(132)) - c0a66530-d43a-4ae5-bdbb-2b9936068aaa-SegmentedRaftLogWorker:Storage Directory /workdir/hadoop-ozone/ozonefs/target/test-dir/MiniOzoneClusterImpl-72e1902e-de17-4929-8ada-cc6049662493/datanode-1/data/ratis/325446cb-0308-4ea6-95ba-6da01084de72: flushIndex: setUnconditionally 0 -> -1
2019-09-20 14:24:11,309 [pool-38-thread-1] INFO  server.RaftServerConfigKeys (ConfUtils.java:logGet(43)) - raft.server.snapshot.auto.trigger.enabled = true (custom)
2019-09-20 14:24:11,309 [pool-38-thread-1] INFO  server.RaftServerConfigKeys (ConfUtils.java:logGet(43)) - raft.server.snapshot.auto.trigger.threshold = 10000 (custom)
2019-09-20 14:24:11,309 [pool-38-thread-1] INFO  server.RaftServerConfigKeys (ConfUtils.java:logGet(43)) - raft.server.retrycache.expirytime = 600000ms (custom)
2019-09-20 14:24:11,309 [pool-38-thread-1] INFO  impl.RaftServerImpl (RaftServerImpl.java:start(180)) - c0a66530-d43a-4ae5-bdbb-2b9936068aaa: start group-6DA01084DE72
2019-09-20 14:24:11,310 [pool-38-thread-1] INFO  impl.RaftServerImpl (RaftServerImpl.java:setRole(171)) - c0a66530-d43a-4ae5-bdbb-2b9936068aaa:group-6DA01084DE72 changes role from null to FOLLOWER at term 0 for startAsFollower
2019-09-20 14:24:11,310 [pool-38-thread-1] INFO  impl.RoleInfo (RoleInfo.java:updateAndGet(143)) - c0a66530-d43a-4ae5-bdbb-2b9936068aaa: start FollowerState
2019-09-20 14:24:11,310 [pool-38-thread-1] INFO  util.JmxRegister (JmxRegister.java:tryRegister(44)) - Successfully registered JMX Bean with object name Ratis:service=RaftServer,group=group-6DA01084DE72,id=c0a66530-d43a-4ae5-bdbb-2b9936068aaa
2019-09-20 14:24:11,317 [RatisPipelineUtilsThread] INFO  pipeline.PipelineStateManager (PipelineStateManager.java:addPipeline(56)) - Created pipeline Pipeline[ Id: 325446cb-0308-4ea6-95ba-6da01084de72, Nodes: c0a66530-d43a-4ae5-bdbb-2b9936068aaa{ip: 192.168.36.99, host: pr-hdds-1569-p5fx8-1226042367, networkLocation: /default-rack, certSerialId: null}, Type:RATIS, Factor:ONE, State:OPEN]
2019-09-20 14:24:11,320 [RatisPipelineUtilsThread] INFO  pipeline.PipelinePlacementPolicy (PipelinePlacementPolicy.java:meetCriteria(91)) - Pipeline Placement: Doesn't meet the criteria to be viable node： c0a66530-d43a-4ae5-bdbb-2b9936068aaa Heaviness: 6 limit: 5
2019-09-20 14:24:11,320 [RatisPipelineUtilsThread] INFO  pipeline.PipelinePlacementPolicy (PipelinePlacementPolicy.java:meetCriteria(91)) - Pipeline Placement: Doesn't meet the criteria to be viable node： 7c330693-1e2f-4265-ad51-f8ae66fac775 Heaviness: 6 limit: 5
2019-09-20 14:24:11,329 | INFO  | SCMAudit | user=jenkins1000 | ip=192.168.36.99 | op=SEND_HEARTBEAT {datanodeUUID=4b9e2e33-9606-42c4-a38b-d8e2568a9ed5, command=[]} | ret=SUCCESS |  
2019-09-20 14:24:11,337 [grpc-default-executor-0] INFO  impl.RaftServerProxy (RaftServerProxy.java:addNew(89)) - 9101a5c2-dfb1-4c31-830b-4c77eb758348: addNew group-8696A4A84671:[9101a5c2-dfb1-4c31-830b-4c77eb758348:192.168.36.99:35572] returns group-8696A4A84671:java.util.concurrent.CompletableFuture@4fdf65d1[Not completed]
2019-09-20 14:24:11,342 [pool-93-thread-1] INFO  impl.RaftServerImpl (RaftServerImpl.java:<init>(93)) - 9101a5c2-dfb1-4c31-830b-4c77eb758348: new RaftServerImpl for group-8696A4A84671:[9101a5c2-dfb1-4c31-830b-4c77eb758348:192.168.36.99:35572] with ContainerStateMachine:uninitialized
2019-09-20 14:24:11,342 [pool-93-thread-1] INFO  server.RaftServerConfigKeys (ConfUtils.java:logGet(43)) - raft.server.rpc.timeout.min = 5s (custom)
2019-09-20 14:24:11,342 [pool-93-thread-1] INFO  server.RaftServerConfigKeys (ConfUtils.java:logGet(43)) - raft.server.rpc.timeout.max = 5200ms (custom)
2019-09-20 14:24:11,345 [pool-93-thread-1] INFO  server.RaftServerConfigKeys (ConfUtils.java:logGet(43)) - raft.server.rpcslowness.timeout = 120s (custom)
2019-09-20 14:24:11,345 [pool-93-thread-1] INFO  server.RaftServerConfigKeys (ConfUtils.java:logGet(43)) - raft.server.sleep.deviation.threshold = 300 (default)
2019-09-20 14:24:11,345 [pool-93-thread-1] INFO  server.RaftServerConfigKeys (ConfUtils.java:logGet(43)) - raft.server.log.appender.install.snapshot.enabled = false (custom)
2019-09-20 14:24:11,345 | INFO  | SCMAudit | user=jenkins1000 | ip=192.168.36.99 | op=SEND_HEARTBEAT {datanodeUUID=93651a45-ffa4-4bae-ae49-6429ae7182bc, command=[]} | ret=SUCCESS |  
2019-09-20 14:24:11,345 [pool-93-thread-1] INFO  impl.RaftServerImpl (ServerState.java:<init>(105)) - 9101a5c2-dfb1-4c31-830b-4c77eb758348:group-8696A4A84671 ConfigurationManager, init=-1: [9101a5c2-dfb1-4c31-830b-4c77eb758348:192.168.36.99:35572], old=null, confs=<EMPTY_MAP>
2019-09-20 14:24:11,346 [pool-93-thread-1] INFO  server.RaftServerConfigKeys (ConfUtils.java:logGet(43)) - raft.server.storage.dir = [/workdir/hadoop-ozone/ozonefs/target/test-dir/MiniOzoneClusterImpl-72e1902e-de17-4929-8ada-cc6049662493/datanode-6/data/ratis] (custom)
2019-09-20 14:24:11,346 [pool-93-thread-1] INFO  storage.RaftStorageDirectory (RaftStorageDirectory.java:analyzeStorage(246)) - The storage directory /workdir/hadoop-ozone/ozonefs/target/test-dir/MiniOzoneClusterImpl-72e1902e-de17-4929-8ada-cc6049662493/datanode-6/data/ratis/e45807bc-b72b-465e-85c6-8696a4a84671 does not exist. Creating ...
2019-09-20 14:24:11,381 [pool-93-thread-1] INFO  storage.RaftStorageDirectory (RaftStorageDirectory.java:tryLock(328)) - Lock on /workdir/hadoop-ozone/ozonefs/target/test-dir/MiniOzoneClusterImpl-72e1902e-de17-4929-8ada-cc6049662493/datanode-6/data/ratis/e45807bc-b72b-465e-85c6-8696a4a84671/in_use.lock acquired by nodename 20069@pr-hdds-1569-p5fx8-1226042367
2019-09-20 14:24:11,387 | INFO  | SCMAudit | user=jenkins1000 | ip=192.168.36.99 | op=SEND_HEARTBEAT {datanodeUUID=fc92467e-4cd7-4ea6-9bfc-11250c30c0f6, command=[]} | ret=SUCCESS |  
2019-09-20 14:24:11,411 [pool-93-thread-1] INFO  storage.RaftStorage (RaftStorage.java:format(72)) - Storage directory /workdir/hadoop-ozone/ozonefs/target/test-dir/MiniOzoneClusterImpl-72e1902e-de17-4929-8ada-cc6049662493/datanode-6/data/ratis/e45807bc-b72b-465e-85c6-8696a4a84671 has been successfully formatted.
2019-09-20 14:24:11,412 [pool-93-thread-1] INFO  ratis.ContainerStateMachine (ContainerStateMachine.java:loadSnapshot(226)) - group-8696A4A84671: The snapshot info is null. Setting the last applied indexto:(t:0, i:~)
2019-09-20 14:24:11,412 [pool-93-thread-1] INFO  server.RaftServerConfigKeys (ConfUtils.java:logGet(43)) - raft.server.leader.election.timeout = 120s (custom)
2019-09-20 14:24:11,412 [pool-93-thread-1] INFO  server.RaftServerConfigKeys (ConfUtils.java:logGet(43)) - raft.server.log.use.memory = false (default)
2019-09-20 14:24:11,412 [pool-93-thread-1] INFO  server.RaftServerConfigKeys (ConfUtils.java:logGet(43)) - raft.server.log.purge.gap = 1000000 (custom)
2019-09-20 14:24:11,413 [pool-93-thread-1] INFO  server.RaftServerConfigKeys (ConfUtils.java:logGet(43)) - raft.server.log.appender.buffer.byte-limit = 33554432 (custom)
2019-09-20 14:24:11,413 [pool-93-thread-1] INFO  server.RaftServerConfigKeys (ConfUtils.java:logGet(43)) - raft.server.log.segment.size.max = 1048576 (custom)
2019-09-20 14:24:11,413 [pool-93-thread-1] INFO  server.RaftServerConfigKeys (ConfUtils.java:logGet(43)) - raft.server.log.segment.cache.num.max = 2 (custom)
2019-09-20 14:24:11,413 [pool-93-thread-1] INFO  segmented.SegmentedRaftLogWorker (SegmentedRaftLogWorker.java:<init>(172)) - new 9101a5c2-dfb1-4c31-830b-4c77eb758348-SegmentedRaftLogWorker:Storage Directory /workdir/hadoop-ozone/ozonefs/target/test-dir/MiniOzoneClusterImpl-72e1902e-de17-4929-8ada-cc6049662493/datanode-6/data/ratis/e45807bc-b72b-465e-85c6-8696a4a84671 for RaftStorage:Storage Directory /workdir/hadoop-ozone/ozonefs/target/test-dir/MiniOzoneClusterImpl-72e1902e-de17-4929-8ada-cc6049662493/datanode-6/data/ratis/e45807bc-b72b-465e-85c6-8696a4a84671
2019-09-20 14:24:11,413 [pool-93-thread-1] INFO  server.RaftServerConfigKeys (ConfUtils.java:logGet(43)) - raft.server.log.queue.byte-limit = 2147483647 (custom)
2019-09-20 14:24:11,413 [pool-93-thread-1] INFO  server.RaftServerConfigKeys (ConfUtils.java:logGet(43)) - raft.server.log.queue.element-limit = 1024 (custom)
2019-09-20 14:24:11,414 [pool-93-thread-1] INFO  server.RaftServerConfigKeys (ConfUtils.java:logGet(43)) - raft.server.log.segment.size.max = 1048576 (custom)
2019-09-20 14:24:11,414 [pool-93-thread-1] INFO  server.RaftServerConfigKeys (ConfUtils.java:logGet(43)) - raft.server.log.preallocated.size = 16384 (custom)
2019-09-20 14:24:11,414 [pool-93-thread-1] INFO  server.RaftServerConfigKeys (ConfUtils.java:logGet(43)) - raft.server.log.write.buffer.size = 33554432 (custom)
2019-09-20 14:24:11,414 [pool-93-thread-1] INFO  server.RaftServerConfigKeys (ConfUtils.java:logGet(43)) - raft.server.log.force.sync.num = 128 (default)
2019-09-20 14:24:11,414 [pool-93-thread-1] INFO  server.RaftServerConfigKeys (ConfUtils.java:logGet(43)) - raft.server.log.statemachine.data.sync = true (default)
2019-09-20 14:24:11,415 [pool-93-thread-1] INFO  server.RaftServerConfigKeys (ConfUtils.java:logGet(43)) - raft.server.log.statemachine.data.sync.timeout = 10s (default)
2019-09-20 14:24:11,415 [pool-93-thread-1] INFO  server.RaftServerConfigKeys (ConfUtils.java:logGet(43)) - raft.server.log.statemachine.data.sync.timeout.retry = -1 (default)
2019-09-20 14:24:11,415 [pool-93-thread-1] INFO  server.RaftServerConfigKeys (ConfUtils.java:logGet(43)) - raft.server.log.statemachine.data.caching.enabled = true (custom)
2019-09-20 14:24:11,415 [pool-93-thread-1] INFO  segmented.SegmentedRaftLogWorker (SegmentedRaftLogWorker.java:lambda$new$0(132)) - 9101a5c2-dfb1-4c31-830b-4c77eb758348-SegmentedRaftLogWorker:Storage Directory /workdir/hadoop-ozone/ozonefs/target/test-dir/MiniOzoneClusterImpl-72e1902e-de17-4929-8ada-cc6049662493/datanode-6/data/ratis/e45807bc-b72b-465e-85c6-8696a4a84671: flushIndex: setUnconditionally 0 -> -1
2019-09-20 14:24:11,416 [pool-93-thread-1] INFO  server.RaftServerConfigKeys (ConfUtils.java:logGet(43)) - raft.server.snapshot.auto.trigger.enabled = true (custom)
2019-09-20 14:24:11,416 [pool-93-thread-1] INFO  server.RaftServerConfigKeys (ConfUtils.java:logGet(43)) - raft.server.snapshot.auto.trigger.threshold = 10000 (custom)
2019-09-20 14:24:11,416 [pool-93-thread-1] INFO  server.RaftServerConfigKeys (ConfUtils.java:logGet(43)) - raft.server.retrycache.expirytime = 600000ms (custom)
2019-09-20 14:24:11,416 [pool-93-thread-1] INFO  impl.RaftServerImpl (RaftServerImpl.java:start(180)) - 9101a5c2-dfb1-4c31-830b-4c77eb758348: start group-8696A4A84671
2019-09-20 14:24:11,416 [pool-93-thread-1] INFO  impl.RaftServerImpl (RaftServerImpl.java:setRole(171)) - 9101a5c2-dfb1-4c31-830b-4c77eb758348:group-8696A4A84671 changes role from null to FOLLOWER at term 0 for startAsFollower
2019-09-20 14:24:11,417 [pool-93-thread-1] INFO  impl.RoleInfo (RoleInfo.java:updateAndGet(143)) - 9101a5c2-dfb1-4c31-830b-4c77eb758348: start FollowerState
2019-09-20 14:24:11,417 [pool-93-thread-1] INFO  util.JmxRegister (JmxRegister.java:tryRegister(44)) - Successfully registered JMX Bean with object name Ratis:service=RaftServer,group=group-8696A4A84671,id=9101a5c2-dfb1-4c31-830b-4c77eb758348
2019-09-20 14:24:11,423 [RatisPipelineUtilsThread] INFO  pipeline.PipelineStateManager (PipelineStateManager.java:addPipeline(56)) - Created pipeline Pipeline[ Id: e45807bc-b72b-465e-85c6-8696a4a84671, Nodes: 9101a5c2-dfb1-4c31-830b-4c77eb758348{ip: 192.168.36.99, host: pr-hdds-1569-p5fx8-1226042367, networkLocation: /default-rack, certSerialId: null}, Type:RATIS, Factor:ONE, State:OPEN]
2019-09-20 14:24:11,426 [RatisPipelineUtilsThread] INFO  pipeline.PipelinePlacementPolicy (PipelinePlacementPolicy.java:meetCriteria(91)) - Pipeline Placement: Doesn't meet the criteria to be viable node： c0a66530-d43a-4ae5-bdbb-2b9936068aaa Heaviness: 6 limit: 5
2019-09-20 14:24:11,426 [RatisPipelineUtilsThread] INFO  pipeline.PipelinePlacementPolicy (PipelinePlacementPolicy.java:meetCriteria(91)) - Pipeline Placement: Doesn't meet the criteria to be viable node： 7c330693-1e2f-4265-ad51-f8ae66fac775 Heaviness: 6 limit: 5
2019-09-20 14:24:11,438 [grpc-default-executor-0] INFO  impl.RaftServerProxy (RaftServerProxy.java:addNew(89)) - 926b0f41-0722-49ff-a592-68b703f22f49: addNew group-5C5F039D2913:[926b0f41-0722-49ff-a592-68b703f22f49:192.168.36.99:33200] returns group-5C5F039D2913:java.util.concurrent.CompletableFuture@72c5c17f[Not completed]
2019-09-20 14:24:11,440 [pool-49-thread-1] INFO  impl.RaftServerImpl (RaftServerImpl.java:<init>(93)) - 926b0f41-0722-49ff-a592-68b703f22f49: new RaftServerImpl for group-5C5F039D2913:[926b0f41-0722-49ff-a592-68b703f22f49:192.168.36.99:33200] with ContainerStateMachine:uninitialized
2019-09-20 14:24:11,440 [pool-49-thread-1] INFO  server.RaftServerConfigKeys (ConfUtils.java:logGet(43)) - raft.server.rpc.timeout.min = 5s (custom)
2019-09-20 14:24:11,440 [pool-49-thread-1] INFO  server.RaftServerConfigKeys (ConfUtils.java:logGet(43)) - raft.server.rpc.timeout.max = 5200ms (custom)
2019-09-20 14:24:11,440 [pool-49-thread-1] INFO  server.RaftServerConfigKeys (ConfUtils.java:logGet(43)) - raft.server.rpcslowness.timeout = 120s (custom)
2019-09-20 14:24:11,441 [pool-49-thread-1] INFO  server.RaftServerConfigKeys (ConfUtils.java:logGet(43)) - raft.server.sleep.deviation.threshold = 300 (default)
2019-09-20 14:24:11,441 [pool-49-thread-1] INFO  server.RaftServerConfigKeys (ConfUtils.java:logGet(43)) - raft.server.log.appender.install.snapshot.enabled = false (custom)
2019-09-20 14:24:11,441 [pool-49-thread-1] INFO  impl.RaftServerImpl (ServerState.java:<init>(105)) - 926b0f41-0722-49ff-a592-68b703f22f49:group-5C5F039D2913 ConfigurationManager, init=-1: [926b0f41-0722-49ff-a592-68b703f22f49:192.168.36.99:33200], old=null, confs=<EMPTY_MAP>
2019-09-20 14:24:11,441 [pool-49-thread-1] INFO  server.RaftServerConfigKeys (ConfUtils.java:logGet(43)) - raft.server.storage.dir = [/workdir/hadoop-ozone/ozonefs/target/test-dir/MiniOzoneClusterImpl-72e1902e-de17-4929-8ada-cc6049662493/datanode-2/data/ratis] (custom)
2019-09-20 14:24:11,442 [pool-49-thread-1] INFO  storage.RaftStorageDirectory (RaftStorageDirectory.java:analyzeStorage(246)) - The storage directory /workdir/hadoop-ozone/ozonefs/target/test-dir/MiniOzoneClusterImpl-72e1902e-de17-4929-8ada-cc6049662493/datanode-2/data/ratis/df9d7f17-700e-480b-b4b6-5c5f039d2913 does not exist. Creating ...
2019-09-20 14:24:11,467 [pool-49-thread-1] INFO  storage.RaftStorageDirectory (RaftStorageDirectory.java:tryLock(328)) - Lock on /workdir/hadoop-ozone/ozonefs/target/test-dir/MiniOzoneClusterImpl-72e1902e-de17-4929-8ada-cc6049662493/datanode-2/data/ratis/df9d7f17-700e-480b-b4b6-5c5f039d2913/in_use.lock acquired by nodename 20069@pr-hdds-1569-p5fx8-1226042367
2019-09-20 14:24:11,471 | INFO  | OMAudit | user=jenkins1000 | ip=127.0.0.1 | op=READ_VOLUME {volume=volume44826} | ret=SUCCESS |  
2019-09-20 14:24:11,479 | INFO  | OMAudit | user=jenkins1000 | ip=127.0.0.1 | op=READ_BUCKET {volume=volume44826, bucket=bucket18073} | ret=SUCCESS |  
2019-09-20 14:24:11,485 | INFO  | SCMAudit | user=jenkins1000 | ip=192.168.36.99 | op=SEND_HEARTBEAT {datanodeUUID=c0a66530-d43a-4ae5-bdbb-2b9936068aaa, command=[]} | ret=SUCCESS |  
2019-09-20 14:24:11,512 [pool-49-thread-1] INFO  storage.RaftStorage (RaftStorage.java:format(72)) - Storage directory /workdir/hadoop-ozone/ozonefs/target/test-dir/MiniOzoneClusterImpl-72e1902e-de17-4929-8ada-cc6049662493/datanode-2/data/ratis/df9d7f17-700e-480b-b4b6-5c5f039d2913 has been successfully formatted.
2019-09-20 14:24:11,513 [pool-49-thread-1] INFO  ratis.ContainerStateMachine (ContainerStateMachine.java:loadSnapshot(226)) - group-5C5F039D2913: The snapshot info is null. Setting the last applied indexto:(t:0, i:~)
2019-09-20 14:24:11,513 [pool-49-thread-1] INFO  server.RaftServerConfigKeys (ConfUtils.java:logGet(43)) - raft.server.leader.election.timeout = 120s (custom)
2019-09-20 14:24:11,513 [pool-49-thread-1] INFO  server.RaftServerConfigKeys (ConfUtils.java:logGet(43)) - raft.server.log.use.memory = false (default)
2019-09-20 14:24:11,513 [pool-49-thread-1] INFO  server.RaftServerConfigKeys (ConfUtils.java:logGet(43)) - raft.server.log.purge.gap = 1000000 (custom)
2019-09-20 14:24:11,514 [pool-49-thread-1] INFO  server.RaftServerConfigKeys (ConfUtils.java:logGet(43)) - raft.server.log.appender.buffer.byte-limit = 33554432 (custom)
2019-09-20 14:24:11,514 [pool-49-thread-1] INFO  server.RaftServerConfigKeys (ConfUtils.java:logGet(43)) - raft.server.log.segment.size.max = 1048576 (custom)
2019-09-20 14:24:11,514 [pool-49-thread-1] INFO  server.RaftServerConfigKeys (ConfUtils.java:logGet(43)) - raft.server.log.segment.cache.num.max = 2 (custom)
2019-09-20 14:24:11,514 [pool-49-thread-1] INFO  segmented.SegmentedRaftLogWorker (SegmentedRaftLogWorker.java:<init>(172)) - new 926b0f41-0722-49ff-a592-68b703f22f49-SegmentedRaftLogWorker:Storage Directory /workdir/hadoop-ozone/ozonefs/target/test-dir/MiniOzoneClusterImpl-72e1902e-de17-4929-8ada-cc6049662493/datanode-2/data/ratis/df9d7f17-700e-480b-b4b6-5c5f039d2913 for RaftStorage:Storage Directory /workdir/hadoop-ozone/ozonefs/target/test-dir/MiniOzoneClusterImpl-72e1902e-de17-4929-8ada-cc6049662493/datanode-2/data/ratis/df9d7f17-700e-480b-b4b6-5c5f039d2913
2019-09-20 14:24:11,515 [pool-49-thread-1] INFO  server.RaftServerConfigKeys (ConfUtils.java:logGet(43)) - raft.server.log.queue.byte-limit = 2147483647 (custom)
2019-09-20 14:24:11,515 [pool-49-thread-1] INFO  server.RaftServerConfigKeys (ConfUtils.java:logGet(43)) - raft.server.log.queue.element-limit = 1024 (custom)
2019-09-20 14:24:11,515 [pool-49-thread-1] INFO  server.RaftServerConfigKeys (ConfUtils.java:logGet(43)) - raft.server.log.segment.size.max = 1048576 (custom)
2019-09-20 14:24:11,515 [pool-49-thread-1] INFO  server.RaftServerConfigKeys (ConfUtils.java:logGet(43)) - raft.server.log.preallocated.size = 16384 (custom)
2019-09-20 14:24:11,515 [pool-49-thread-1] INFO  server.RaftServerConfigKeys (ConfUtils.java:logGet(43)) - raft.server.log.write.buffer.size = 33554432 (custom)
2019-09-20 14:24:11,516 [pool-49-thread-1] INFO  server.RaftServerConfigKeys (ConfUtils.java:logGet(43)) - raft.server.log.force.sync.num = 128 (default)
2019-09-20 14:24:11,516 [pool-49-thread-1] INFO  server.RaftServerConfigKeys (ConfUtils.java:logGet(43)) - raft.server.log.statemachine.data.sync = true (default)
2019-09-20 14:24:11,516 [pool-49-thread-1] INFO  server.RaftServerConfigKeys (ConfUtils.java:logGet(43)) - raft.server.log.statemachine.data.sync.timeout = 10s (default)
2019-09-20 14:24:11,516 [pool-49-thread-1] INFO  server.RaftServerConfigKeys (ConfUtils.java:logGet(43)) - raft.server.log.statemachine.data.sync.timeout.retry = -1 (default)
2019-09-20 14:24:11,517 [pool-49-thread-1] INFO  server.RaftServerConfigKeys (ConfUtils.java:logGet(43)) - raft.server.log.statemachine.data.caching.enabled = true (custom)
2019-09-20 14:24:11,517 [pool-49-thread-1] INFO  segmented.SegmentedRaftLogWorker (SegmentedRaftLogWorker.java:lambda$new$0(132)) - 926b0f41-0722-49ff-a592-68b703f22f49-SegmentedRaftLogWorker:Storage Directory /workdir/hadoop-ozone/ozonefs/target/test-dir/MiniOzoneClusterImpl-72e1902e-de17-4929-8ada-cc6049662493/datanode-2/data/ratis/df9d7f17-700e-480b-b4b6-5c5f039d2913: flushIndex: setUnconditionally 0 -> -1
2019-09-20 14:24:11,518 [pool-49-thread-1] INFO  server.RaftServerConfigKeys (ConfUtils.java:logGet(43)) - raft.server.snapshot.auto.trigger.enabled = true (custom)
2019-09-20 14:24:11,518 [pool-49-thread-1] INFO  server.RaftServerConfigKeys (ConfUtils.java:logGet(43)) - raft.server.snapshot.auto.trigger.threshold = 10000 (custom)
2019-09-20 14:24:11,518 [pool-49-thread-1] INFO  server.RaftServerConfigKeys (ConfUtils.java:logGet(43)) - raft.server.retrycache.expirytime = 600000ms (custom)
2019-09-20 14:24:11,518 [pool-49-thread-1] INFO  impl.RaftServerImpl (RaftServerImpl.java:start(180)) - 926b0f41-0722-49ff-a592-68b703f22f49: start group-5C5F039D2913
2019-09-20 14:24:11,519 [pool-49-thread-1] INFO  impl.RaftServerImpl (RaftServerImpl.java:setRole(171)) - 926b0f41-0722-49ff-a592-68b703f22f49:group-5C5F039D2913 changes role from null to FOLLOWER at term 0 for startAsFollower
2019-09-20 14:24:11,519 [pool-49-thread-1] INFO  impl.RoleInfo (RoleInfo.java:updateAndGet(143)) - 926b0f41-0722-49ff-a592-68b703f22f49: start FollowerState
2019-09-20 14:24:11,519 [pool-49-thread-1] INFO  util.JmxRegister (JmxRegister.java:tryRegister(44)) - Successfully registered JMX Bean with object name Ratis:service=RaftServer,group=group-5C5F039D2913,id=926b0f41-0722-49ff-a592-68b703f22f49
2019-09-20 14:24:11,562 [RatisPipelineUtilsThread] INFO  pipeline.PipelineStateManager (PipelineStateManager.java:addPipeline(56)) - Created pipeline Pipeline[ Id: df9d7f17-700e-480b-b4b6-5c5f039d2913, Nodes: 926b0f41-0722-49ff-a592-68b703f22f49{ip: 192.168.36.99, host: pr-hdds-1569-p5fx8-1226042367, networkLocation: /default-rack, certSerialId: null}, Type:RATIS, Factor:ONE, State:OPEN]
2019-09-20 14:24:11,565 [RatisPipelineUtilsThread] INFO  pipeline.PipelinePlacementPolicy (PipelinePlacementPolicy.java:meetCriteria(91)) - Pipeline Placement: Doesn't meet the criteria to be viable node： c0a66530-d43a-4ae5-bdbb-2b9936068aaa Heaviness: 6 limit: 5
2019-09-20 14:24:11,565 [RatisPipelineUtilsThread] INFO  pipeline.PipelinePlacementPolicy (PipelinePlacementPolicy.java:meetCriteria(91)) - Pipeline Placement: Doesn't meet the criteria to be viable node： 7c330693-1e2f-4265-ad51-f8ae66fac775 Heaviness: 6 limit: 5
2019-09-20 14:24:11,578 [grpc-default-executor-0] INFO  impl.RaftServerProxy (RaftServerProxy.java:addNew(89)) - 4b9e2e33-9606-42c4-a38b-d8e2568a9ed5: addNew group-DC824A92412E:[4b9e2e33-9606-42c4-a38b-d8e2568a9ed5:192.168.36.99:41206] returns group-DC824A92412E:java.util.concurrent.CompletableFuture@3f8960b3[Not completed]
2019-09-20 14:24:11,580 [pool-60-thread-1] INFO  impl.RaftServerImpl (RaftServerImpl.java:<init>(93)) - 4b9e2e33-9606-42c4-a38b-d8e2568a9ed5: new RaftServerImpl for group-DC824A92412E:[4b9e2e33-9606-42c4-a38b-d8e2568a9ed5:192.168.36.99:41206] with ContainerStateMachine:uninitialized
2019-09-20 14:24:11,580 [pool-60-thread-1] INFO  server.RaftServerConfigKeys (ConfUtils.java:logGet(43)) - raft.server.rpc.timeout.min = 5s (custom)
2019-09-20 14:24:11,580 [pool-60-thread-1] INFO  server.RaftServerConfigKeys (ConfUtils.java:logGet(43)) - raft.server.rpc.timeout.max = 5200ms (custom)
2019-09-20 14:24:11,580 [pool-60-thread-1] INFO  server.RaftServerConfigKeys (ConfUtils.java:logGet(43)) - raft.server.rpcslowness.timeout = 120s (custom)
2019-09-20 14:24:11,580 [pool-60-thread-1] INFO  server.RaftServerConfigKeys (ConfUtils.java:logGet(43)) - raft.server.sleep.deviation.threshold = 300 (default)
2019-09-20 14:24:11,581 [pool-60-thread-1] INFO  server.RaftServerConfigKeys (ConfUtils.java:logGet(43)) - raft.server.log.appender.install.snapshot.enabled = false (custom)
2019-09-20 14:24:11,581 [pool-60-thread-1] INFO  impl.RaftServerImpl (ServerState.java:<init>(105)) - 4b9e2e33-9606-42c4-a38b-d8e2568a9ed5:group-DC824A92412E ConfigurationManager, init=-1: [4b9e2e33-9606-42c4-a38b-d8e2568a9ed5:192.168.36.99:41206], old=null, confs=<EMPTY_MAP>
2019-09-20 14:24:11,581 [pool-60-thread-1] INFO  server.RaftServerConfigKeys (ConfUtils.java:logGet(43)) - raft.server.storage.dir = [/workdir/hadoop-ozone/ozonefs/target/test-dir/MiniOzoneClusterImpl-72e1902e-de17-4929-8ada-cc6049662493/datanode-3/data/ratis] (custom)
2019-09-20 14:24:11,581 [pool-60-thread-1] INFO  storage.RaftStorageDirectory (RaftStorageDirectory.java:analyzeStorage(246)) - The storage directory /workdir/hadoop-ozone/ozonefs/target/test-dir/MiniOzoneClusterImpl-72e1902e-de17-4929-8ada-cc6049662493/datanode-3/data/ratis/dc39c471-8a13-4a1a-a0db-dc824a92412e does not exist. Creating ...
2019-09-20 14:24:11,613 [pool-60-thread-1] INFO  storage.RaftStorageDirectory (RaftStorageDirectory.java:tryLock(328)) - Lock on /workdir/hadoop-ozone/ozonefs/target/test-dir/MiniOzoneClusterImpl-72e1902e-de17-4929-8ada-cc6049662493/datanode-3/data/ratis/dc39c471-8a13-4a1a-a0db-dc824a92412e/in_use.lock acquired by nodename 20069@pr-hdds-1569-p5fx8-1226042367
2019-09-20 14:24:11,646 [pool-60-thread-1] INFO  storage.RaftStorage (RaftStorage.java:format(72)) - Storage directory /workdir/hadoop-ozone/ozonefs/target/test-dir/MiniOzoneClusterImpl-72e1902e-de17-4929-8ada-cc6049662493/datanode-3/data/ratis/dc39c471-8a13-4a1a-a0db-dc824a92412e has been successfully formatted.
2019-09-20 14:24:11,647 [pool-60-thread-1] INFO  ratis.ContainerStateMachine (ContainerStateMachine.java:loadSnapshot(226)) - group-DC824A92412E: The snapshot info is null. Setting the last applied indexto:(t:0, i:~)
2019-09-20 14:24:11,647 [pool-60-thread-1] INFO  server.RaftServerConfigKeys (ConfUtils.java:logGet(43)) - raft.server.leader.election.timeout = 120s (custom)
2019-09-20 14:24:11,647 [pool-60-thread-1] INFO  server.RaftServerConfigKeys (ConfUtils.java:logGet(43)) - raft.server.log.use.memory = false (default)
2019-09-20 14:24:11,647 [pool-60-thread-1] INFO  server.RaftServerConfigKeys (ConfUtils.java:logGet(43)) - raft.server.log.purge.gap = 1000000 (custom)
2019-09-20 14:24:11,647 [pool-60-thread-1] INFO  server.RaftServerConfigKeys (ConfUtils.java:logGet(43)) - raft.server.log.appender.buffer.byte-limit = 33554432 (custom)
2019-09-20 14:24:11,647 [pool-60-thread-1] INFO  server.RaftServerConfigKeys (ConfUtils.java:logGet(43)) - raft.server.log.segment.size.max = 1048576 (custom)
2019-09-20 14:24:11,648 [pool-60-thread-1] INFO  server.RaftServerConfigKeys (ConfUtils.java:logGet(43)) - raft.server.log.segment.cache.num.max = 2 (custom)
2019-09-20 14:24:11,648 [pool-60-thread-1] INFO  segmented.SegmentedRaftLogWorker (SegmentedRaftLogWorker.java:<init>(172)) - new 4b9e2e33-9606-42c4-a38b-d8e2568a9ed5-SegmentedRaftLogWorker:Storage Directory /workdir/hadoop-ozone/ozonefs/target/test-dir/MiniOzoneClusterImpl-72e1902e-de17-4929-8ada-cc6049662493/datanode-3/data/ratis/dc39c471-8a13-4a1a-a0db-dc824a92412e for RaftStorage:Storage Directory /workdir/hadoop-ozone/ozonefs/target/test-dir/MiniOzoneClusterImpl-72e1902e-de17-4929-8ada-cc6049662493/datanode-3/data/ratis/dc39c471-8a13-4a1a-a0db-dc824a92412e
2019-09-20 14:24:11,648 [pool-60-thread-1] INFO  server.RaftServerConfigKeys (ConfUtils.java:logGet(43)) - raft.server.log.queue.byte-limit = 2147483647 (custom)
2019-09-20 14:24:11,648 [pool-60-thread-1] INFO  server.RaftServerConfigKeys (ConfUtils.java:logGet(43)) - raft.server.log.queue.element-limit = 1024 (custom)
2019-09-20 14:24:11,648 [pool-60-thread-1] INFO  server.RaftServerConfigKeys (ConfUtils.java:logGet(43)) - raft.server.log.segment.size.max = 1048576 (custom)
2019-09-20 14:24:11,648 [pool-60-thread-1] INFO  server.RaftServerConfigKeys (ConfUtils.java:logGet(43)) - raft.server.log.preallocated.size = 16384 (custom)
2019-09-20 14:24:11,649 [pool-60-thread-1] INFO  server.RaftServerConfigKeys (ConfUtils.java:logGet(43)) - raft.server.log.write.buffer.size = 33554432 (custom)
2019-09-20 14:24:11,649 [pool-60-thread-1] INFO  server.RaftServerConfigKeys (ConfUtils.java:logGet(43)) - raft.server.log.force.sync.num = 128 (default)
2019-09-20 14:24:11,649 [pool-60-thread-1] INFO  server.RaftServerConfigKeys (ConfUtils.java:logGet(43)) - raft.server.log.statemachine.data.sync = true (default)
2019-09-20 14:24:11,649 [pool-60-thread-1] INFO  server.RaftServerConfigKeys (ConfUtils.java:logGet(43)) - raft.server.log.statemachine.data.sync.timeout = 10s (default)
2019-09-20 14:24:11,649 [pool-60-thread-1] INFO  server.RaftServerConfigKeys (ConfUtils.java:logGet(43)) - raft.server.log.statemachine.data.sync.timeout.retry = -1 (default)
2019-09-20 14:24:11,650 [pool-60-thread-1] INFO  server.RaftServerConfigKeys (ConfUtils.java:logGet(43)) - raft.server.log.statemachine.data.caching.enabled = true (custom)
2019-09-20 14:24:11,650 [pool-60-thread-1] INFO  segmented.SegmentedRaftLogWorker (SegmentedRaftLogWorker.java:lambda$new$0(132)) - 4b9e2e33-9606-42c4-a38b-d8e2568a9ed5-SegmentedRaftLogWorker:Storage Directory /workdir/hadoop-ozone/ozonefs/target/test-dir/MiniOzoneClusterImpl-72e1902e-de17-4929-8ada-cc6049662493/datanode-3/data/ratis/dc39c471-8a13-4a1a-a0db-dc824a92412e: flushIndex: setUnconditionally 0 -> -1
2019-09-20 14:24:11,650 [pool-60-thread-1] INFO  server.RaftServerConfigKeys (ConfUtils.java:logGet(43)) - raft.server.snapshot.auto.trigger.enabled = true (custom)
2019-09-20 14:24:11,650 [pool-60-thread-1] INFO  server.RaftServerConfigKeys (ConfUtils.java:logGet(43)) - raft.server.snapshot.auto.trigger.threshold = 10000 (custom)
2019-09-20 14:24:11,651 [pool-60-thread-1] INFO  server.RaftServerConfigKeys (ConfUtils.java:logGet(43)) - raft.server.retrycache.expirytime = 600000ms (custom)
2019-09-20 14:24:11,651 [pool-60-thread-1] INFO  impl.RaftServerImpl (RaftServerImpl.java:start(180)) - 4b9e2e33-9606-42c4-a38b-d8e2568a9ed5: start group-DC824A92412E
2019-09-20 14:24:11,651 [pool-60-thread-1] INFO  impl.RaftServerImpl (RaftServerImpl.java:setRole(171)) - 4b9e2e33-9606-42c4-a38b-d8e2568a9ed5:group-DC824A92412E changes role from null to FOLLOWER at term 0 for startAsFollower
2019-09-20 14:24:11,651 [pool-60-thread-1] INFO  impl.RoleInfo (RoleInfo.java:updateAndGet(143)) - 4b9e2e33-9606-42c4-a38b-d8e2568a9ed5: start FollowerState
2019-09-20 14:24:11,652 [pool-60-thread-1] INFO  util.JmxRegister (JmxRegister.java:tryRegister(44)) - Successfully registered JMX Bean with object name Ratis:service=RaftServer,group=group-DC824A92412E,id=4b9e2e33-9606-42c4-a38b-d8e2568a9ed5
2019-09-20 14:24:11,658 | INFO  | SCMAudit | user=jenkins1000 | ip=192.168.36.99 | op=SEND_HEARTBEAT {datanodeUUID=f44a1c99-f9ac-4ca4-85ec-e98b84e0ebc2, command=[]} | ret=SUCCESS |  
2019-09-20 14:24:11,659 [RatisPipelineUtilsThread] INFO  pipeline.PipelineStateManager (PipelineStateManager.java:addPipeline(56)) - Created pipeline Pipeline[ Id: dc39c471-8a13-4a1a-a0db-dc824a92412e, Nodes: 4b9e2e33-9606-42c4-a38b-d8e2568a9ed5{ip: 192.168.36.99, host: pr-hdds-1569-p5fx8-1226042367, networkLocation: /default-rack, certSerialId: null}, Type:RATIS, Factor:ONE, State:OPEN]
2019-09-20 14:24:11,661 [RatisPipelineUtilsThread] INFO  pipeline.PipelinePlacementPolicy (PipelinePlacementPolicy.java:meetCriteria(91)) - Pipeline Placement: Doesn't meet the criteria to be viable node： c0a66530-d43a-4ae5-bdbb-2b9936068aaa Heaviness: 6 limit: 5
2019-09-20 14:24:11,662 [RatisPipelineUtilsThread] INFO  pipeline.PipelinePlacementPolicy (PipelinePlacementPolicy.java:meetCriteria(91)) - Pipeline Placement: Doesn't meet the criteria to be viable node： 7c330693-1e2f-4265-ad51-f8ae66fac775 Heaviness: 6 limit: 5
2019-09-20 14:24:11,667 | INFO  | SCMAudit | user=jenkins1000 | ip=192.168.36.99 | op=SEND_HEARTBEAT {datanodeUUID=ea2f062a-dcfd-4d75-88ac-6c4e2f0364da, command=[]} | ret=SUCCESS |  
2019-09-20 14:24:11,674 [grpc-default-executor-0] INFO  impl.RaftServerProxy (RaftServerProxy.java:addNew(89)) - 93651a45-ffa4-4bae-ae49-6429ae7182bc: addNew group-4013964120DE:[93651a45-ffa4-4bae-ae49-6429ae7182bc:192.168.36.99:37696] returns group-4013964120DE:java.util.concurrent.CompletableFuture@2ddbdc2d[Not completed]
2019-09-20 14:24:11,675 [pool-71-thread-1] INFO  impl.RaftServerImpl (RaftServerImpl.java:<init>(93)) - 93651a45-ffa4-4bae-ae49-6429ae7182bc: new RaftServerImpl for group-4013964120DE:[93651a45-ffa4-4bae-ae49-6429ae7182bc:192.168.36.99:37696] with ContainerStateMachine:uninitialized
2019-09-20 14:24:11,675 [pool-71-thread-1] INFO  server.RaftServerConfigKeys (ConfUtils.java:logGet(43)) - raft.server.rpc.timeout.min = 5s (custom)
2019-09-20 14:24:11,676 [pool-71-thread-1] INFO  server.RaftServerConfigKeys (ConfUtils.java:logGet(43)) - raft.server.rpc.timeout.max = 5200ms (custom)
2019-09-20 14:24:11,676 [pool-71-thread-1] INFO  server.RaftServerConfigKeys (ConfUtils.java:logGet(43)) - raft.server.rpcslowness.timeout = 120s (custom)
2019-09-20 14:24:11,676 [pool-71-thread-1] INFO  server.RaftServerConfigKeys (ConfUtils.java:logGet(43)) - raft.server.sleep.deviation.threshold = 300 (default)
2019-09-20 14:24:11,676 [pool-71-thread-1] INFO  server.RaftServerConfigKeys (ConfUtils.java:logGet(43)) - raft.server.log.appender.install.snapshot.enabled = false (custom)
2019-09-20 14:24:11,676 [pool-71-thread-1] INFO  impl.RaftServerImpl (ServerState.java:<init>(105)) - 93651a45-ffa4-4bae-ae49-6429ae7182bc:group-4013964120DE ConfigurationManager, init=-1: [93651a45-ffa4-4bae-ae49-6429ae7182bc:192.168.36.99:37696], old=null, confs=<EMPTY_MAP>
2019-09-20 14:24:11,676 [pool-71-thread-1] INFO  server.RaftServerConfigKeys (ConfUtils.java:logGet(43)) - raft.server.storage.dir = [/workdir/hadoop-ozone/ozonefs/target/test-dir/MiniOzoneClusterImpl-72e1902e-de17-4929-8ada-cc6049662493/datanode-4/data/ratis] (custom)
2019-09-20 14:24:11,677 [pool-71-thread-1] INFO  storage.RaftStorageDirectory (RaftStorageDirectory.java:analyzeStorage(246)) - The storage directory /workdir/hadoop-ozone/ozonefs/target/test-dir/MiniOzoneClusterImpl-72e1902e-de17-4929-8ada-cc6049662493/datanode-4/data/ratis/6e1d703a-b169-4ccd-af5a-4013964120de does not exist. Creating ...
2019-09-20 14:24:11,713 [pool-71-thread-1] INFO  storage.RaftStorageDirectory (RaftStorageDirectory.java:tryLock(328)) - Lock on /workdir/hadoop-ozone/ozonefs/target/test-dir/MiniOzoneClusterImpl-72e1902e-de17-4929-8ada-cc6049662493/datanode-4/data/ratis/6e1d703a-b169-4ccd-af5a-4013964120de/in_use.lock acquired by nodename 20069@pr-hdds-1569-p5fx8-1226042367
2019-09-20 14:24:11,739 [pool-71-thread-1] INFO  storage.RaftStorage (RaftStorage.java:format(72)) - Storage directory /workdir/hadoop-ozone/ozonefs/target/test-dir/MiniOzoneClusterImpl-72e1902e-de17-4929-8ada-cc6049662493/datanode-4/data/ratis/6e1d703a-b169-4ccd-af5a-4013964120de has been successfully formatted.
2019-09-20 14:24:11,739 [pool-71-thread-1] INFO  ratis.ContainerStateMachine (ContainerStateMachine.java:loadSnapshot(226)) - group-4013964120DE: The snapshot info is null. Setting the last applied indexto:(t:0, i:~)
2019-09-20 14:24:11,739 [pool-71-thread-1] INFO  server.RaftServerConfigKeys (ConfUtils.java:logGet(43)) - raft.server.leader.election.timeout = 120s (custom)
2019-09-20 14:24:11,739 [pool-71-thread-1] INFO  server.RaftServerConfigKeys (ConfUtils.java:logGet(43)) - raft.server.log.use.memory = false (default)
2019-09-20 14:24:11,740 [pool-71-thread-1] INFO  server.RaftServerConfigKeys (ConfUtils.java:logGet(43)) - raft.server.log.purge.gap = 1000000 (custom)
2019-09-20 14:24:11,740 [pool-71-thread-1] INFO  server.RaftServerConfigKeys (ConfUtils.java:logGet(43)) - raft.server.log.appender.buffer.byte-limit = 33554432 (custom)
2019-09-20 14:24:11,740 [pool-71-thread-1] INFO  server.RaftServerConfigKeys (ConfUtils.java:logGet(43)) - raft.server.log.segment.size.max = 1048576 (custom)
2019-09-20 14:24:11,740 [pool-71-thread-1] INFO  server.RaftServerConfigKeys (ConfUtils.java:logGet(43)) - raft.server.log.segment.cache.num.max = 2 (custom)
2019-09-20 14:24:11,740 [pool-71-thread-1] INFO  segmented.SegmentedRaftLogWorker (SegmentedRaftLogWorker.java:<init>(172)) - new 93651a45-ffa4-4bae-ae49-6429ae7182bc-SegmentedRaftLogWorker:Storage Directory /workdir/hadoop-ozone/ozonefs/target/test-dir/MiniOzoneClusterImpl-72e1902e-de17-4929-8ada-cc6049662493/datanode-4/data/ratis/6e1d703a-b169-4ccd-af5a-4013964120de for RaftStorage:Storage Directory /workdir/hadoop-ozone/ozonefs/target/test-dir/MiniOzoneClusterImpl-72e1902e-de17-4929-8ada-cc6049662493/datanode-4/data/ratis/6e1d703a-b169-4ccd-af5a-4013964120de
2019-09-20 14:24:11,740 [pool-71-thread-1] INFO  server.RaftServerConfigKeys (ConfUtils.java:logGet(43)) - raft.server.log.queue.byte-limit = 2147483647 (custom)
2019-09-20 14:24:11,741 [pool-71-thread-1] INFO  server.RaftServerConfigKeys (ConfUtils.java:logGet(43)) - raft.server.log.queue.element-limit = 1024 (custom)
2019-09-20 14:24:11,741 [pool-71-thread-1] INFO  server.RaftServerConfigKeys (ConfUtils.java:logGet(43)) - raft.server.log.segment.size.max = 1048576 (custom)
2019-09-20 14:24:11,741 [pool-71-thread-1] INFO  server.RaftServerConfigKeys (ConfUtils.java:logGet(43)) - raft.server.log.preallocated.size = 16384 (custom)
2019-09-20 14:24:11,741 [pool-71-thread-1] INFO  server.RaftServerConfigKeys (ConfUtils.java:logGet(43)) - raft.server.log.write.buffer.size = 33554432 (custom)
2019-09-20 14:24:11,741 [pool-71-thread-1] INFO  server.RaftServerConfigKeys (ConfUtils.java:logGet(43)) - raft.server.log.force.sync.num = 128 (default)
2019-09-20 14:24:11,741 [pool-71-thread-1] INFO  server.RaftServerConfigKeys (ConfUtils.java:logGet(43)) - raft.server.log.statemachine.data.sync = true (default)
2019-09-20 14:24:11,742 [pool-71-thread-1] INFO  server.RaftServerConfigKeys (ConfUtils.java:logGet(43)) - raft.server.log.statemachine.data.sync.timeout = 10s (default)
2019-09-20 14:24:11,742 [pool-71-thread-1] INFO  server.RaftServerConfigKeys (ConfUtils.java:logGet(43)) - raft.server.log.statemachine.data.sync.timeout.retry = -1 (default)
2019-09-20 14:24:11,742 [pool-71-thread-1] INFO  server.RaftServerConfigKeys (ConfUtils.java:logGet(43)) - raft.server.log.statemachine.data.caching.enabled = true (custom)
2019-09-20 14:24:11,742 [pool-71-thread-1] INFO  segmented.SegmentedRaftLogWorker (SegmentedRaftLogWorker.java:lambda$new$0(132)) - 93651a45-ffa4-4bae-ae49-6429ae7182bc-SegmentedRaftLogWorker:Storage Directory /workdir/hadoop-ozone/ozonefs/target/test-dir/MiniOzoneClusterImpl-72e1902e-de17-4929-8ada-cc6049662493/datanode-4/data/ratis/6e1d703a-b169-4ccd-af5a-4013964120de: flushIndex: setUnconditionally 0 -> -1
2019-09-20 14:24:11,743 [pool-71-thread-1] INFO  server.RaftServerConfigKeys (ConfUtils.java:logGet(43)) - raft.server.snapshot.auto.trigger.enabled = true (custom)
2019-09-20 14:24:11,743 [pool-71-thread-1] INFO  server.RaftServerConfigKeys (ConfUtils.java:logGet(43)) - raft.server.snapshot.auto.trigger.threshold = 10000 (custom)
2019-09-20 14:24:11,743 [pool-71-thread-1] INFO  server.RaftServerConfigKeys (ConfUtils.java:logGet(43)) - raft.server.retrycache.expirytime = 600000ms (custom)
2019-09-20 14:24:11,743 [pool-71-thread-1] INFO  impl.RaftServerImpl (RaftServerImpl.java:start(180)) - 93651a45-ffa4-4bae-ae49-6429ae7182bc: start group-4013964120DE
2019-09-20 14:24:11,744 [pool-71-thread-1] INFO  impl.RaftServerImpl (RaftServerImpl.java:setRole(171)) - 93651a45-ffa4-4bae-ae49-6429ae7182bc:group-4013964120DE changes role from null to FOLLOWER at term 0 for startAsFollower
2019-09-20 14:24:11,744 [pool-71-thread-1] INFO  impl.RoleInfo (RoleInfo.java:updateAndGet(143)) - 93651a45-ffa4-4bae-ae49-6429ae7182bc: start FollowerState
2019-09-20 14:24:11,744 [pool-71-thread-1] INFO  util.JmxRegister (JmxRegister.java:tryRegister(44)) - Successfully registered JMX Bean with object name Ratis:service=RaftServer,group=group-4013964120DE,id=93651a45-ffa4-4bae-ae49-6429ae7182bc
2019-09-20 14:24:11,750 | INFO  | SCMAudit | user=jenkins1000 | ip=192.168.36.99 | op=SEND_HEARTBEAT {datanodeUUID=926b0f41-0722-49ff-a592-68b703f22f49, command=[]} | ret=SUCCESS |  
2019-09-20 14:24:11,751 [RatisPipelineUtilsThread] INFO  pipeline.PipelineStateManager (PipelineStateManager.java:addPipeline(56)) - Created pipeline Pipeline[ Id: 6e1d703a-b169-4ccd-af5a-4013964120de, Nodes: 93651a45-ffa4-4bae-ae49-6429ae7182bc{ip: 192.168.36.99, host: pr-hdds-1569-p5fx8-1226042367, networkLocation: /default-rack, certSerialId: null}, Type:RATIS, Factor:ONE, State:OPEN]
2019-09-20 14:24:11,753 [RatisPipelineUtilsThread] INFO  pipeline.PipelinePlacementPolicy (PipelinePlacementPolicy.java:meetCriteria(91)) - Pipeline Placement: Doesn't meet the criteria to be viable node： c0a66530-d43a-4ae5-bdbb-2b9936068aaa Heaviness: 6 limit: 5
2019-09-20 14:24:11,754 [RatisPipelineUtilsThread] INFO  pipeline.PipelinePlacementPolicy (PipelinePlacementPolicy.java:meetCriteria(91)) - Pipeline Placement: Doesn't meet the criteria to be viable node： 7c330693-1e2f-4265-ad51-f8ae66fac775 Heaviness: 6 limit: 5
2019-09-20 14:24:11,765 [grpc-default-executor-0] INFO  impl.RaftServerProxy (RaftServerProxy.java:addNew(89)) - 926b0f41-0722-49ff-a592-68b703f22f49: addNew group-FEB14115ACA7:[926b0f41-0722-49ff-a592-68b703f22f49:192.168.36.99:33200] returns group-FEB14115ACA7:java.util.concurrent.CompletableFuture@3168cbc4[Not completed]
2019-09-20 14:24:11,767 [pool-49-thread-1] INFO  impl.RaftServerImpl (RaftServerImpl.java:<init>(93)) - 926b0f41-0722-49ff-a592-68b703f22f49: new RaftServerImpl for group-FEB14115ACA7:[926b0f41-0722-49ff-a592-68b703f22f49:192.168.36.99:33200] with ContainerStateMachine:uninitialized
2019-09-20 14:24:11,767 [pool-49-thread-1] INFO  server.RaftServerConfigKeys (ConfUtils.java:logGet(43)) - raft.server.rpc.timeout.min = 5s (custom)
2019-09-20 14:24:11,767 [pool-49-thread-1] INFO  server.RaftServerConfigKeys (ConfUtils.java:logGet(43)) - raft.server.rpc.timeout.max = 5200ms (custom)
2019-09-20 14:24:11,767 [pool-49-thread-1] INFO  server.RaftServerConfigKeys (ConfUtils.java:logGet(43)) - raft.server.rpcslowness.timeout = 120s (custom)
2019-09-20 14:24:11,767 [pool-49-thread-1] INFO  server.RaftServerConfigKeys (ConfUtils.java:logGet(43)) - raft.server.sleep.deviation.threshold = 300 (default)
2019-09-20 14:24:11,768 [pool-49-thread-1] INFO  server.RaftServerConfigKeys (ConfUtils.java:logGet(43)) - raft.server.log.appender.install.snapshot.enabled = false (custom)
2019-09-20 14:24:11,768 [pool-49-thread-1] INFO  impl.RaftServerImpl (ServerState.java:<init>(105)) - 926b0f41-0722-49ff-a592-68b703f22f49:group-FEB14115ACA7 ConfigurationManager, init=-1: [926b0f41-0722-49ff-a592-68b703f22f49:192.168.36.99:33200], old=null, confs=<EMPTY_MAP>
2019-09-20 14:24:11,768 [pool-49-thread-1] INFO  server.RaftServerConfigKeys (ConfUtils.java:logGet(43)) - raft.server.storage.dir = [/workdir/hadoop-ozone/ozonefs/target/test-dir/MiniOzoneClusterImpl-72e1902e-de17-4929-8ada-cc6049662493/datanode-2/data/ratis] (custom)
2019-09-20 14:24:11,768 [pool-49-thread-1] INFO  storage.RaftStorageDirectory (RaftStorageDirectory.java:analyzeStorage(246)) - The storage directory /workdir/hadoop-ozone/ozonefs/target/test-dir/MiniOzoneClusterImpl-72e1902e-de17-4929-8ada-cc6049662493/datanode-2/data/ratis/f34d9899-fc50-413d-a915-feb14115aca7 does not exist. Creating ...
2019-09-20 14:24:11,797 [pool-49-thread-1] INFO  storage.RaftStorageDirectory (RaftStorageDirectory.java:tryLock(328)) - Lock on /workdir/hadoop-ozone/ozonefs/target/test-dir/MiniOzoneClusterImpl-72e1902e-de17-4929-8ada-cc6049662493/datanode-2/data/ratis/f34d9899-fc50-413d-a915-feb14115aca7/in_use.lock acquired by nodename 20069@pr-hdds-1569-p5fx8-1226042367
2019-09-20 14:24:11,823 [pool-49-thread-1] INFO  storage.RaftStorage (RaftStorage.java:format(72)) - Storage directory /workdir/hadoop-ozone/ozonefs/target/test-dir/MiniOzoneClusterImpl-72e1902e-de17-4929-8ada-cc6049662493/datanode-2/data/ratis/f34d9899-fc50-413d-a915-feb14115aca7 has been successfully formatted.
2019-09-20 14:24:11,823 [pool-49-thread-1] INFO  ratis.ContainerStateMachine (ContainerStateMachine.java:loadSnapshot(226)) - group-FEB14115ACA7: The snapshot info is null. Setting the last applied indexto:(t:0, i:~)
2019-09-20 14:24:11,823 [pool-49-thread-1] INFO  server.RaftServerConfigKeys (ConfUtils.java:logGet(43)) - raft.server.leader.election.timeout = 120s (custom)
2019-09-20 14:24:11,823 [pool-49-thread-1] INFO  server.RaftServerConfigKeys (ConfUtils.java:logGet(43)) - raft.server.log.use.memory = false (default)
2019-09-20 14:24:11,824 [pool-49-thread-1] INFO  server.RaftServerConfigKeys (ConfUtils.java:logGet(43)) - raft.server.log.purge.gap = 1000000 (custom)
2019-09-20 14:24:11,824 [pool-49-thread-1] INFO  server.RaftServerConfigKeys (ConfUtils.java:logGet(43)) - raft.server.log.appender.buffer.byte-limit = 33554432 (custom)
2019-09-20 14:24:11,824 [pool-49-thread-1] INFO  server.RaftServerConfigKeys (ConfUtils.java:logGet(43)) - raft.server.log.segment.size.max = 1048576 (custom)
2019-09-20 14:24:11,824 [pool-49-thread-1] INFO  server.RaftServerConfigKeys (ConfUtils.java:logGet(43)) - raft.server.log.segment.cache.num.max = 2 (custom)
2019-09-20 14:24:11,824 [pool-49-thread-1] INFO  segmented.SegmentedRaftLogWorker (SegmentedRaftLogWorker.java:<init>(172)) - new 926b0f41-0722-49ff-a592-68b703f22f49-SegmentedRaftLogWorker:Storage Directory /workdir/hadoop-ozone/ozonefs/target/test-dir/MiniOzoneClusterImpl-72e1902e-de17-4929-8ada-cc6049662493/datanode-2/data/ratis/f34d9899-fc50-413d-a915-feb14115aca7 for RaftStorage:Storage Directory /workdir/hadoop-ozone/ozonefs/target/test-dir/MiniOzoneClusterImpl-72e1902e-de17-4929-8ada-cc6049662493/datanode-2/data/ratis/f34d9899-fc50-413d-a915-feb14115aca7
2019-09-20 14:24:11,824 [pool-49-thread-1] INFO  server.RaftServerConfigKeys (ConfUtils.java:logGet(43)) - raft.server.log.queue.byte-limit = 2147483647 (custom)
2019-09-20 14:24:11,825 [pool-49-thread-1] INFO  server.RaftServerConfigKeys (ConfUtils.java:logGet(43)) - raft.server.log.queue.element-limit = 1024 (custom)
2019-09-20 14:24:11,825 [pool-49-thread-1] INFO  server.RaftServerConfigKeys (ConfUtils.java:logGet(43)) - raft.server.log.segment.size.max = 1048576 (custom)
2019-09-20 14:24:11,825 [pool-49-thread-1] INFO  server.RaftServerConfigKeys (ConfUtils.java:logGet(43)) - raft.server.log.preallocated.size = 16384 (custom)
2019-09-20 14:24:11,825 [pool-49-thread-1] INFO  server.RaftServerConfigKeys (ConfUtils.java:logGet(43)) - raft.server.log.write.buffer.size = 33554432 (custom)
2019-09-20 14:24:11,825 [pool-49-thread-1] INFO  server.RaftServerConfigKeys (ConfUtils.java:logGet(43)) - raft.server.log.force.sync.num = 128 (default)
2019-09-20 14:24:11,825 [pool-49-thread-1] INFO  server.RaftServerConfigKeys (ConfUtils.java:logGet(43)) - raft.server.log.statemachine.data.sync = true (default)
2019-09-20 14:24:11,826 [pool-49-thread-1] INFO  server.RaftServerConfigKeys (ConfUtils.java:logGet(43)) - raft.server.log.statemachine.data.sync.timeout = 10s (default)
2019-09-20 14:24:11,826 [pool-49-thread-1] INFO  server.RaftServerConfigKeys (ConfUtils.java:logGet(43)) - raft.server.log.statemachine.data.sync.timeout.retry = -1 (default)
2019-09-20 14:24:11,826 [pool-49-thread-1] INFO  server.RaftServerConfigKeys (ConfUtils.java:logGet(43)) - raft.server.log.statemachine.data.caching.enabled = true (custom)
2019-09-20 14:24:11,826 [pool-49-thread-1] INFO  segmented.SegmentedRaftLogWorker (SegmentedRaftLogWorker.java:lambda$new$0(132)) - 926b0f41-0722-49ff-a592-68b703f22f49-SegmentedRaftLogWorker:Storage Directory /workdir/hadoop-ozone/ozonefs/target/test-dir/MiniOzoneClusterImpl-72e1902e-de17-4929-8ada-cc6049662493/datanode-2/data/ratis/f34d9899-fc50-413d-a915-feb14115aca7: flushIndex: setUnconditionally 0 -> -1
2019-09-20 14:24:11,827 [pool-49-thread-1] INFO  server.RaftServerConfigKeys (ConfUtils.java:logGet(43)) - raft.server.snapshot.auto.trigger.enabled = true (custom)
2019-09-20 14:24:11,827 [pool-49-thread-1] INFO  server.RaftServerConfigKeys (ConfUtils.java:logGet(43)) - raft.server.snapshot.auto.trigger.threshold = 10000 (custom)
2019-09-20 14:24:11,827 [pool-49-thread-1] INFO  server.RaftServerConfigKeys (ConfUtils.java:logGet(43)) - raft.server.retrycache.expirytime = 600000ms (custom)
2019-09-20 14:24:11,827 [pool-49-thread-1] INFO  impl.RaftServerImpl (RaftServerImpl.java:start(180)) - 926b0f41-0722-49ff-a592-68b703f22f49: start group-FEB14115ACA7
2019-09-20 14:24:11,828 [pool-49-thread-1] INFO  impl.RaftServerImpl (RaftServerImpl.java:setRole(171)) - 926b0f41-0722-49ff-a592-68b703f22f49:group-FEB14115ACA7 changes role from null to FOLLOWER at term 0 for startAsFollower
2019-09-20 14:24:11,828 [pool-49-thread-1] INFO  impl.RoleInfo (RoleInfo.java:updateAndGet(143)) - 926b0f41-0722-49ff-a592-68b703f22f49: start FollowerState
2019-09-20 14:24:11,828 [pool-49-thread-1] INFO  util.JmxRegister (JmxRegister.java:tryRegister(44)) - Successfully registered JMX Bean with object name Ratis:service=RaftServer,group=group-FEB14115ACA7,id=926b0f41-0722-49ff-a592-68b703f22f49
2019-09-20 14:24:11,836 [RatisPipelineUtilsThread] INFO  pipeline.PipelineStateManager (PipelineStateManager.java:addPipeline(56)) - Created pipeline Pipeline[ Id: f34d9899-fc50-413d-a915-feb14115aca7, Nodes: 926b0f41-0722-49ff-a592-68b703f22f49{ip: 192.168.36.99, host: pr-hdds-1569-p5fx8-1226042367, networkLocation: /default-rack, certSerialId: null}, Type:RATIS, Factor:ONE, State:OPEN]
2019-09-20 14:24:11,840 [RatisPipelineUtilsThread] INFO  pipeline.PipelinePlacementPolicy (PipelinePlacementPolicy.java:meetCriteria(91)) - Pipeline Placement: Doesn't meet the criteria to be viable node： c0a66530-d43a-4ae5-bdbb-2b9936068aaa Heaviness: 6 limit: 5
2019-09-20 14:24:11,840 [RatisPipelineUtilsThread] INFO  pipeline.PipelinePlacementPolicy (PipelinePlacementPolicy.java:meetCriteria(91)) - Pipeline Placement: Doesn't meet the criteria to be viable node： 926b0f41-0722-49ff-a592-68b703f22f49 Heaviness: 6 limit: 5
2019-09-20 14:24:11,840 [RatisPipelineUtilsThread] INFO  pipeline.PipelinePlacementPolicy (PipelinePlacementPolicy.java:meetCriteria(91)) - Pipeline Placement: Doesn't meet the criteria to be viable node： 7c330693-1e2f-4265-ad51-f8ae66fac775 Heaviness: 6 limit: 5
2019-09-20 14:24:11,851 [grpc-default-executor-0] INFO  impl.RaftServerProxy (RaftServerProxy.java:addNew(89)) - f44a1c99-f9ac-4ca4-85ec-e98b84e0ebc2: addNew group-52C29E54BB51:[f44a1c99-f9ac-4ca4-85ec-e98b84e0ebc2:192.168.36.99:39362] returns group-52C29E54BB51:java.util.concurrent.CompletableFuture@7a7a94b1[Not completed]
2019-09-20 14:24:11,852 [pool-82-thread-1] INFO  impl.RaftServerImpl (RaftServerImpl.java:<init>(93)) - f44a1c99-f9ac-4ca4-85ec-e98b84e0ebc2: new RaftServerImpl for group-52C29E54BB51:[f44a1c99-f9ac-4ca4-85ec-e98b84e0ebc2:192.168.36.99:39362] with ContainerStateMachine:uninitialized
2019-09-20 14:24:11,853 [pool-82-thread-1] INFO  server.RaftServerConfigKeys (ConfUtils.java:logGet(43)) - raft.server.rpc.timeout.min = 5s (custom)
2019-09-20 14:24:11,853 [pool-82-thread-1] INFO  server.RaftServerConfigKeys (ConfUtils.java:logGet(43)) - raft.server.rpc.timeout.max = 5200ms (custom)
2019-09-20 14:24:11,853 [pool-82-thread-1] INFO  server.RaftServerConfigKeys (ConfUtils.java:logGet(43)) - raft.server.rpcslowness.timeout = 120s (custom)
2019-09-20 14:24:11,853 [pool-82-thread-1] INFO  server.RaftServerConfigKeys (ConfUtils.java:logGet(43)) - raft.server.sleep.deviation.threshold = 300 (default)
2019-09-20 14:24:11,853 [pool-82-thread-1] INFO  server.RaftServerConfigKeys (ConfUtils.java:logGet(43)) - raft.server.log.appender.install.snapshot.enabled = false (custom)
2019-09-20 14:24:11,853 [pool-82-thread-1] INFO  impl.RaftServerImpl (ServerState.java:<init>(105)) - f44a1c99-f9ac-4ca4-85ec-e98b84e0ebc2:group-52C29E54BB51 ConfigurationManager, init=-1: [f44a1c99-f9ac-4ca4-85ec-e98b84e0ebc2:192.168.36.99:39362], old=null, confs=<EMPTY_MAP>
2019-09-20 14:24:11,854 [pool-82-thread-1] INFO  server.RaftServerConfigKeys (ConfUtils.java:logGet(43)) - raft.server.storage.dir = [/workdir/hadoop-ozone/ozonefs/target/test-dir/MiniOzoneClusterImpl-72e1902e-de17-4929-8ada-cc6049662493/datanode-5/data/ratis] (custom)
2019-09-20 14:24:11,854 [pool-82-thread-1] INFO  storage.RaftStorageDirectory (RaftStorageDirectory.java:analyzeStorage(246)) - The storage directory /workdir/hadoop-ozone/ozonefs/target/test-dir/MiniOzoneClusterImpl-72e1902e-de17-4929-8ada-cc6049662493/datanode-5/data/ratis/493b8c97-d0d8-4951-82fa-52c29e54bb51 does not exist. Creating ...
2019-09-20 14:24:11,890 [pool-82-thread-1] INFO  storage.RaftStorageDirectory (RaftStorageDirectory.java:tryLock(328)) - Lock on /workdir/hadoop-ozone/ozonefs/target/test-dir/MiniOzoneClusterImpl-72e1902e-de17-4929-8ada-cc6049662493/datanode-5/data/ratis/493b8c97-d0d8-4951-82fa-52c29e54bb51/in_use.lock acquired by nodename 20069@pr-hdds-1569-p5fx8-1226042367
2019-09-20 14:24:11,923 [pool-82-thread-1] INFO  storage.RaftStorage (RaftStorage.java:format(72)) - Storage directory /workdir/hadoop-ozone/ozonefs/target/test-dir/MiniOzoneClusterImpl-72e1902e-de17-4929-8ada-cc6049662493/datanode-5/data/ratis/493b8c97-d0d8-4951-82fa-52c29e54bb51 has been successfully formatted.
2019-09-20 14:24:11,924 [pool-82-thread-1] INFO  ratis.ContainerStateMachine (ContainerStateMachine.java:loadSnapshot(226)) - group-52C29E54BB51: The snapshot info is null. Setting the last applied indexto:(t:0, i:~)
2019-09-20 14:24:11,924 [pool-82-thread-1] INFO  server.RaftServerConfigKeys (ConfUtils.java:logGet(43)) - raft.server.leader.election.timeout = 120s (custom)
2019-09-20 14:24:11,924 [pool-82-thread-1] INFO  server.RaftServerConfigKeys (ConfUtils.java:logGet(43)) - raft.server.log.use.memory = false (default)
2019-09-20 14:24:11,924 [pool-82-thread-1] INFO  server.RaftServerConfigKeys (ConfUtils.java:logGet(43)) - raft.server.log.purge.gap = 1000000 (custom)
2019-09-20 14:24:11,925 [pool-82-thread-1] INFO  server.RaftServerConfigKeys (ConfUtils.java:logGet(43)) - raft.server.log.appender.buffer.byte-limit = 33554432 (custom)
2019-09-20 14:24:11,925 [pool-82-thread-1] INFO  server.RaftServerConfigKeys (ConfUtils.java:logGet(43)) - raft.server.log.segment.size.max = 1048576 (custom)
2019-09-20 14:24:11,925 [pool-82-thread-1] INFO  server.RaftServerConfigKeys (ConfUtils.java:logGet(43)) - raft.server.log.segment.cache.num.max = 2 (custom)
2019-09-20 14:24:11,925 [pool-82-thread-1] INFO  segmented.SegmentedRaftLogWorker (SegmentedRaftLogWorker.java:<init>(172)) - new f44a1c99-f9ac-4ca4-85ec-e98b84e0ebc2-SegmentedRaftLogWorker:Storage Directory /workdir/hadoop-ozone/ozonefs/target/test-dir/MiniOzoneClusterImpl-72e1902e-de17-4929-8ada-cc6049662493/datanode-5/data/ratis/493b8c97-d0d8-4951-82fa-52c29e54bb51 for RaftStorage:Storage Directory /workdir/hadoop-ozone/ozonefs/target/test-dir/MiniOzoneClusterImpl-72e1902e-de17-4929-8ada-cc6049662493/datanode-5/data/ratis/493b8c97-d0d8-4951-82fa-52c29e54bb51
2019-09-20 14:24:11,925 [pool-82-thread-1] INFO  server.RaftServerConfigKeys (ConfUtils.java:logGet(43)) - raft.server.log.queue.byte-limit = 2147483647 (custom)
2019-09-20 14:24:11,925 [pool-82-thread-1] INFO  server.RaftServerConfigKeys (ConfUtils.java:logGet(43)) - raft.server.log.queue.element-limit = 1024 (custom)
2019-09-20 14:24:11,926 [pool-82-thread-1] INFO  server.RaftServerConfigKeys (ConfUtils.java:logGet(43)) - raft.server.log.segment.size.max = 1048576 (custom)
2019-09-20 14:24:11,926 [pool-82-thread-1] INFO  server.RaftServerConfigKeys (ConfUtils.java:logGet(43)) - raft.server.log.preallocated.size = 16384 (custom)
2019-09-20 14:24:11,926 [pool-82-thread-1] INFO  server.RaftServerConfigKeys (ConfUtils.java:logGet(43)) - raft.server.log.write.buffer.size = 33554432 (custom)
2019-09-20 14:24:11,926 [pool-82-thread-1] INFO  server.RaftServerConfigKeys (ConfUtils.java:logGet(43)) - raft.server.log.force.sync.num = 128 (default)
2019-09-20 14:24:11,926 [pool-82-thread-1] INFO  server.RaftServerConfigKeys (ConfUtils.java:logGet(43)) - raft.server.log.statemachine.data.sync = true (default)
2019-09-20 14:24:11,927 [pool-82-thread-1] INFO  server.RaftServerConfigKeys (ConfUtils.java:logGet(43)) - raft.server.log.statemachine.data.sync.timeout = 10s (default)
2019-09-20 14:24:11,927 [pool-82-thread-1] INFO  server.RaftServerConfigKeys (ConfUtils.java:logGet(43)) - raft.server.log.statemachine.data.sync.timeout.retry = -1 (default)
2019-09-20 14:24:11,927 | INFO  | SCMAudit | user=jenkins1000 | ip=192.168.36.99 | op=SEND_HEARTBEAT {datanodeUUID=9101a5c2-dfb1-4c31-830b-4c77eb758348, command=[]} | ret=SUCCESS |  
2019-09-20 14:24:11,927 [pool-82-thread-1] INFO  server.RaftServerConfigKeys (ConfUtils.java:logGet(43)) - raft.server.log.statemachine.data.caching.enabled = true (custom)
2019-09-20 14:24:11,927 [pool-82-thread-1] INFO  segmented.SegmentedRaftLogWorker (SegmentedRaftLogWorker.java:lambda$new$0(132)) - f44a1c99-f9ac-4ca4-85ec-e98b84e0ebc2-SegmentedRaftLogWorker:Storage Directory /workdir/hadoop-ozone/ozonefs/target/test-dir/MiniOzoneClusterImpl-72e1902e-de17-4929-8ada-cc6049662493/datanode-5/data/ratis/493b8c97-d0d8-4951-82fa-52c29e54bb51: flushIndex: setUnconditionally 0 -> -1
2019-09-20 14:24:11,928 [pool-82-thread-1] INFO  server.RaftServerConfigKeys (ConfUtils.java:logGet(43)) - raft.server.snapshot.auto.trigger.enabled = true (custom)
2019-09-20 14:24:11,928 [pool-82-thread-1] INFO  server.RaftServerConfigKeys (ConfUtils.java:logGet(43)) - raft.server.snapshot.auto.trigger.threshold = 10000 (custom)
2019-09-20 14:24:11,928 [pool-82-thread-1] INFO  server.RaftServerConfigKeys (ConfUtils.java:logGet(43)) - raft.server.retrycache.expirytime = 600000ms (custom)
2019-09-20 14:24:11,929 [pool-82-thread-1] INFO  impl.RaftServerImpl (RaftServerImpl.java:start(180)) - f44a1c99-f9ac-4ca4-85ec-e98b84e0ebc2: start group-52C29E54BB51
2019-09-20 14:24:11,929 [pool-82-thread-1] INFO  impl.RaftServerImpl (RaftServerImpl.java:setRole(171)) - f44a1c99-f9ac-4ca4-85ec-e98b84e0ebc2:group-52C29E54BB51 changes role from null to FOLLOWER at term 0 for startAsFollower
2019-09-20 14:24:11,929 [pool-82-thread-1] INFO  impl.RoleInfo (RoleInfo.java:updateAndGet(143)) - f44a1c99-f9ac-4ca4-85ec-e98b84e0ebc2: start FollowerState
2019-09-20 14:24:11,929 [pool-82-thread-1] INFO  util.JmxRegister (JmxRegister.java:tryRegister(44)) - Successfully registered JMX Bean with object name Ratis:service=RaftServer,group=group-52C29E54BB51,id=f44a1c99-f9ac-4ca4-85ec-e98b84e0ebc2
2019-09-20 14:24:11,937 [RatisPipelineUtilsThread] INFO  pipeline.PipelineStateManager (PipelineStateManager.java:addPipeline(56)) - Created pipeline Pipeline[ Id: 493b8c97-d0d8-4951-82fa-52c29e54bb51, Nodes: f44a1c99-f9ac-4ca4-85ec-e98b84e0ebc2{ip: 192.168.36.99, host: pr-hdds-1569-p5fx8-1226042367, networkLocation: /default-rack, certSerialId: null}, Type:RATIS, Factor:ONE, State:OPEN]
2019-09-20 14:24:11,940 [RatisPipelineUtilsThread] INFO  pipeline.PipelinePlacementPolicy (PipelinePlacementPolicy.java:meetCriteria(91)) - Pipeline Placement: Doesn't meet the criteria to be viable node： c0a66530-d43a-4ae5-bdbb-2b9936068aaa Heaviness: 6 limit: 5
2019-09-20 14:24:11,940 [RatisPipelineUtilsThread] INFO  pipeline.PipelinePlacementPolicy (PipelinePlacementPolicy.java:meetCriteria(91)) - Pipeline Placement: Doesn't meet the criteria to be viable node： 926b0f41-0722-49ff-a592-68b703f22f49 Heaviness: 6 limit: 5
2019-09-20 14:24:11,941 [RatisPipelineUtilsThread] INFO  pipeline.PipelinePlacementPolicy (PipelinePlacementPolicy.java:meetCriteria(91)) - Pipeline Placement: Doesn't meet the criteria to be viable node： 7c330693-1e2f-4265-ad51-f8ae66fac775 Heaviness: 6 limit: 5
2019-09-20 14:24:11,953 [grpc-default-executor-0] INFO  impl.RaftServerProxy (RaftServerProxy.java:addNew(89)) - 9101a5c2-dfb1-4c31-830b-4c77eb758348: addNew group-28C4E3CFD119:[9101a5c2-dfb1-4c31-830b-4c77eb758348:192.168.36.99:35572] returns group-28C4E3CFD119:java.util.concurrent.CompletableFuture@4d52a771[Not completed]
2019-09-20 14:24:11,954 [pool-93-thread-1] INFO  impl.RaftServerImpl (RaftServerImpl.java:<init>(93)) - 9101a5c2-dfb1-4c31-830b-4c77eb758348: new RaftServerImpl for group-28C4E3CFD119:[9101a5c2-dfb1-4c31-830b-4c77eb758348:192.168.36.99:35572] with ContainerStateMachine:uninitialized
2019-09-20 14:24:11,954 [pool-93-thread-1] INFO  server.RaftServerConfigKeys (ConfUtils.java:logGet(43)) - raft.server.rpc.timeout.min = 5s (custom)
2019-09-20 14:24:11,954 [pool-93-thread-1] INFO  server.RaftServerConfigKeys (ConfUtils.java:logGet(43)) - raft.server.rpc.timeout.max = 5200ms (custom)
2019-09-20 14:24:11,954 [pool-93-thread-1] INFO  server.RaftServerConfigKeys (ConfUtils.java:logGet(43)) - raft.server.rpcslowness.timeout = 120s (custom)
2019-09-20 14:24:11,955 [pool-93-thread-1] INFO  server.RaftServerConfigKeys (ConfUtils.java:logGet(43)) - raft.server.sleep.deviation.threshold = 300 (default)
2019-09-20 14:24:11,955 [pool-93-thread-1] INFO  server.RaftServerConfigKeys (ConfUtils.java:logGet(43)) - raft.server.log.appender.install.snapshot.enabled = false (custom)
2019-09-20 14:24:11,955 [pool-93-thread-1] INFO  impl.RaftServerImpl (ServerState.java:<init>(105)) - 9101a5c2-dfb1-4c31-830b-4c77eb758348:group-28C4E3CFD119 ConfigurationManager, init=-1: [9101a5c2-dfb1-4c31-830b-4c77eb758348:192.168.36.99:35572], old=null, confs=<EMPTY_MAP>
2019-09-20 14:24:11,955 [pool-93-thread-1] INFO  server.RaftServerConfigKeys (ConfUtils.java:logGet(43)) - raft.server.storage.dir = [/workdir/hadoop-ozone/ozonefs/target/test-dir/MiniOzoneClusterImpl-72e1902e-de17-4929-8ada-cc6049662493/datanode-6/data/ratis] (custom)
2019-09-20 14:24:11,955 [pool-93-thread-1] INFO  storage.RaftStorageDirectory (RaftStorageDirectory.java:analyzeStorage(246)) - The storage directory /workdir/hadoop-ozone/ozonefs/target/test-dir/MiniOzoneClusterImpl-72e1902e-de17-4929-8ada-cc6049662493/datanode-6/data/ratis/ef245d12-4352-4f4d-ae04-28c4e3cfd119 does not exist. Creating ...
2019-09-20 14:24:11,982 [pool-93-thread-1] INFO  storage.RaftStorageDirectory (RaftStorageDirectory.java:tryLock(328)) - Lock on /workdir/hadoop-ozone/ozonefs/target/test-dir/MiniOzoneClusterImpl-72e1902e-de17-4929-8ada-cc6049662493/datanode-6/data/ratis/ef245d12-4352-4f4d-ae04-28c4e3cfd119/in_use.lock acquired by nodename 20069@pr-hdds-1569-p5fx8-1226042367
2019-09-20 14:24:12,008 [pool-93-thread-1] INFO  storage.RaftStorage (RaftStorage.java:format(72)) - Storage directory /workdir/hadoop-ozone/ozonefs/target/test-dir/MiniOzoneClusterImpl-72e1902e-de17-4929-8ada-cc6049662493/datanode-6/data/ratis/ef245d12-4352-4f4d-ae04-28c4e3cfd119 has been successfully formatted.
2019-09-20 14:24:12,008 [pool-93-thread-1] INFO  ratis.ContainerStateMachine (ContainerStateMachine.java:loadSnapshot(226)) - group-28C4E3CFD119: The snapshot info is null. Setting the last applied indexto:(t:0, i:~)
2019-09-20 14:24:12,008 [pool-93-thread-1] INFO  server.RaftServerConfigKeys (ConfUtils.java:logGet(43)) - raft.server.leader.election.timeout = 120s (custom)
2019-09-20 14:24:12,008 [pool-93-thread-1] INFO  server.RaftServerConfigKeys (ConfUtils.java:logGet(43)) - raft.server.log.use.memory = false (default)
2019-09-20 14:24:12,009 [pool-93-thread-1] INFO  server.RaftServerConfigKeys (ConfUtils.java:logGet(43)) - raft.server.log.purge.gap = 1000000 (custom)
2019-09-20 14:24:12,009 [pool-93-thread-1] INFO  server.RaftServerConfigKeys (ConfUtils.java:logGet(43)) - raft.server.log.appender.buffer.byte-limit = 33554432 (custom)
2019-09-20 14:24:12,009 [pool-93-thread-1] INFO  server.RaftServerConfigKeys (ConfUtils.java:logGet(43)) - raft.server.log.segment.size.max = 1048576 (custom)
2019-09-20 14:24:12,009 [pool-93-thread-1] INFO  server.RaftServerConfigKeys (ConfUtils.java:logGet(43)) - raft.server.log.segment.cache.num.max = 2 (custom)
2019-09-20 14:24:12,009 [pool-93-thread-1] INFO  segmented.SegmentedRaftLogWorker (SegmentedRaftLogWorker.java:<init>(172)) - new 9101a5c2-dfb1-4c31-830b-4c77eb758348-SegmentedRaftLogWorker:Storage Directory /workdir/hadoop-ozone/ozonefs/target/test-dir/MiniOzoneClusterImpl-72e1902e-de17-4929-8ada-cc6049662493/datanode-6/data/ratis/ef245d12-4352-4f4d-ae04-28c4e3cfd119 for RaftStorage:Storage Directory /workdir/hadoop-ozone/ozonefs/target/test-dir/MiniOzoneClusterImpl-72e1902e-de17-4929-8ada-cc6049662493/datanode-6/data/ratis/ef245d12-4352-4f4d-ae04-28c4e3cfd119
2019-09-20 14:24:12,009 [pool-93-thread-1] INFO  server.RaftServerConfigKeys (ConfUtils.java:logGet(43)) - raft.server.log.queue.byte-limit = 2147483647 (custom)
2019-09-20 14:24:12,010 [pool-93-thread-1] INFO  server.RaftServerConfigKeys (ConfUtils.java:logGet(43)) - raft.server.log.queue.element-limit = 1024 (custom)
2019-09-20 14:24:12,010 [pool-93-thread-1] INFO  server.RaftServerConfigKeys (ConfUtils.java:logGet(43)) - raft.server.log.segment.size.max = 1048576 (custom)
2019-09-20 14:24:12,010 [pool-93-thread-1] INFO  server.RaftServerConfigKeys (ConfUtils.java:logGet(43)) - raft.server.log.preallocated.size = 16384 (custom)
2019-09-20 14:24:12,010 [pool-93-thread-1] INFO  server.RaftServerConfigKeys (ConfUtils.java:logGet(43)) - raft.server.log.write.buffer.size = 33554432 (custom)
2019-09-20 14:24:12,010 [pool-93-thread-1] INFO  server.RaftServerConfigKeys (ConfUtils.java:logGet(43)) - raft.server.log.force.sync.num = 128 (default)
2019-09-20 14:24:12,010 [pool-93-thread-1] INFO  server.RaftServerConfigKeys (ConfUtils.java:logGet(43)) - raft.server.log.statemachine.data.sync = true (default)
2019-09-20 14:24:12,010 [pool-93-thread-1] INFO  server.RaftServerConfigKeys (ConfUtils.java:logGet(43)) - raft.server.log.statemachine.data.sync.timeout = 10s (default)
2019-09-20 14:24:12,010 [pool-93-thread-1] INFO  server.RaftServerConfigKeys (ConfUtils.java:logGet(43)) - raft.server.log.statemachine.data.sync.timeout.retry = -1 (default)
2019-09-20 14:24:12,011 [pool-93-thread-1] INFO  server.RaftServerConfigKeys (ConfUtils.java:logGet(43)) - raft.server.log.statemachine.data.caching.enabled = true (custom)
2019-09-20 14:24:12,011 [pool-93-thread-1] INFO  segmented.SegmentedRaftLogWorker (SegmentedRaftLogWorker.java:lambda$new$0(132)) - 9101a5c2-dfb1-4c31-830b-4c77eb758348-SegmentedRaftLogWorker:Storage Directory /workdir/hadoop-ozone/ozonefs/target/test-dir/MiniOzoneClusterImpl-72e1902e-de17-4929-8ada-cc6049662493/datanode-6/data/ratis/ef245d12-4352-4f4d-ae04-28c4e3cfd119: flushIndex: setUnconditionally 0 -> -1
2019-09-20 14:24:12,011 [pool-93-thread-1] INFO  server.RaftServerConfigKeys (ConfUtils.java:logGet(43)) - raft.server.snapshot.auto.trigger.enabled = true (custom)
2019-09-20 14:24:12,012 [pool-93-thread-1] INFO  server.RaftServerConfigKeys (ConfUtils.java:logGet(43)) - raft.server.snapshot.auto.trigger.threshold = 10000 (custom)
2019-09-20 14:24:12,012 [pool-93-thread-1] INFO  server.RaftServerConfigKeys (ConfUtils.java:logGet(43)) - raft.server.retrycache.expirytime = 600000ms (custom)
2019-09-20 14:24:12,012 [pool-93-thread-1] INFO  impl.RaftServerImpl (RaftServerImpl.java:start(180)) - 9101a5c2-dfb1-4c31-830b-4c77eb758348: start group-28C4E3CFD119
2019-09-20 14:24:12,012 [pool-93-thread-1] INFO  impl.RaftServerImpl (RaftServerImpl.java:setRole(171)) - 9101a5c2-dfb1-4c31-830b-4c77eb758348:group-28C4E3CFD119 changes role from null to FOLLOWER at term 0 for startAsFollower
2019-09-20 14:24:12,012 [pool-93-thread-1] INFO  impl.RoleInfo (RoleInfo.java:updateAndGet(143)) - 9101a5c2-dfb1-4c31-830b-4c77eb758348: start FollowerState
2019-09-20 14:24:12,013 [pool-93-thread-1] INFO  util.JmxRegister (JmxRegister.java:tryRegister(44)) - Successfully registered JMX Bean with object name Ratis:service=RaftServer,group=group-28C4E3CFD119,id=9101a5c2-dfb1-4c31-830b-4c77eb758348
2019-09-20 14:24:12,020 [RatisPipelineUtilsThread] INFO  pipeline.PipelineStateManager (PipelineStateManager.java:addPipeline(56)) - Created pipeline Pipeline[ Id: ef245d12-4352-4f4d-ae04-28c4e3cfd119, Nodes: 9101a5c2-dfb1-4c31-830b-4c77eb758348{ip: 192.168.36.99, host: pr-hdds-1569-p5fx8-1226042367, networkLocation: /default-rack, certSerialId: null}, Type:RATIS, Factor:ONE, State:OPEN]
2019-09-20 14:24:12,022 [RatisPipelineUtilsThread] INFO  pipeline.PipelinePlacementPolicy (PipelinePlacementPolicy.java:meetCriteria(91)) - Pipeline Placement: Doesn't meet the criteria to be viable node： c0a66530-d43a-4ae5-bdbb-2b9936068aaa Heaviness: 6 limit: 5
2019-09-20 14:24:12,023 [RatisPipelineUtilsThread] INFO  pipeline.PipelinePlacementPolicy (PipelinePlacementPolicy.java:meetCriteria(91)) - Pipeline Placement: Doesn't meet the criteria to be viable node： 926b0f41-0722-49ff-a592-68b703f22f49 Heaviness: 6 limit: 5
2019-09-20 14:24:12,023 [RatisPipelineUtilsThread] INFO  pipeline.PipelinePlacementPolicy (PipelinePlacementPolicy.java:meetCriteria(91)) - Pipeline Placement: Doesn't meet the criteria to be viable node： 7c330693-1e2f-4265-ad51-f8ae66fac775 Heaviness: 6 limit: 5
2019-09-20 14:24:12,033 [grpc-default-executor-0] INFO  impl.RaftServerProxy (RaftServerProxy.java:addNew(89)) - f44a1c99-f9ac-4ca4-85ec-e98b84e0ebc2: addNew group-5811542B7F5F:[f44a1c99-f9ac-4ca4-85ec-e98b84e0ebc2:192.168.36.99:39362] returns group-5811542B7F5F:java.util.concurrent.CompletableFuture@72d97606[Not completed]
2019-09-20 14:24:12,034 [pool-82-thread-1] INFO  impl.RaftServerImpl (RaftServerImpl.java:<init>(93)) - f44a1c99-f9ac-4ca4-85ec-e98b84e0ebc2: new RaftServerImpl for group-5811542B7F5F:[f44a1c99-f9ac-4ca4-85ec-e98b84e0ebc2:192.168.36.99:39362] with ContainerStateMachine:uninitialized
2019-09-20 14:24:12,035 [pool-82-thread-1] INFO  server.RaftServerConfigKeys (ConfUtils.java:logGet(43)) - raft.server.rpc.timeout.min = 5s (custom)
2019-09-20 14:24:12,035 [pool-82-thread-1] INFO  server.RaftServerConfigKeys (ConfUtils.java:logGet(43)) - raft.server.rpc.timeout.max = 5200ms (custom)
2019-09-20 14:24:12,035 [pool-82-thread-1] INFO  server.RaftServerConfigKeys (ConfUtils.java:logGet(43)) - raft.server.rpcslowness.timeout = 120s (custom)
2019-09-20 14:24:12,035 [pool-82-thread-1] INFO  server.RaftServerConfigKeys (ConfUtils.java:logGet(43)) - raft.server.sleep.deviation.threshold = 300 (default)
2019-09-20 14:24:12,035 [pool-82-thread-1] INFO  server.RaftServerConfigKeys (ConfUtils.java:logGet(43)) - raft.server.log.appender.install.snapshot.enabled = false (custom)
2019-09-20 14:24:12,035 [pool-82-thread-1] INFO  impl.RaftServerImpl (ServerState.java:<init>(105)) - f44a1c99-f9ac-4ca4-85ec-e98b84e0ebc2:group-5811542B7F5F ConfigurationManager, init=-1: [f44a1c99-f9ac-4ca4-85ec-e98b84e0ebc2:192.168.36.99:39362], old=null, confs=<EMPTY_MAP>
2019-09-20 14:24:12,035 [pool-82-thread-1] INFO  server.RaftServerConfigKeys (ConfUtils.java:logGet(43)) - raft.server.storage.dir = [/workdir/hadoop-ozone/ozonefs/target/test-dir/MiniOzoneClusterImpl-72e1902e-de17-4929-8ada-cc6049662493/datanode-5/data/ratis] (custom)
2019-09-20 14:24:12,036 [pool-82-thread-1] INFO  storage.RaftStorageDirectory (RaftStorageDirectory.java:analyzeStorage(246)) - The storage directory /workdir/hadoop-ozone/ozonefs/target/test-dir/MiniOzoneClusterImpl-72e1902e-de17-4929-8ada-cc6049662493/datanode-5/data/ratis/ccd699f3-690f-4b5e-add3-5811542b7f5f does not exist. Creating ...
2019-09-20 14:24:12,066 [pool-82-thread-1] INFO  storage.RaftStorageDirectory (RaftStorageDirectory.java:tryLock(328)) - Lock on /workdir/hadoop-ozone/ozonefs/target/test-dir/MiniOzoneClusterImpl-72e1902e-de17-4929-8ada-cc6049662493/datanode-5/data/ratis/ccd699f3-690f-4b5e-add3-5811542b7f5f/in_use.lock acquired by nodename 20069@pr-hdds-1569-p5fx8-1226042367
2019-09-20 14:24:12,092 [pool-82-thread-1] INFO  storage.RaftStorage (RaftStorage.java:format(72)) - Storage directory /workdir/hadoop-ozone/ozonefs/target/test-dir/MiniOzoneClusterImpl-72e1902e-de17-4929-8ada-cc6049662493/datanode-5/data/ratis/ccd699f3-690f-4b5e-add3-5811542b7f5f has been successfully formatted.
2019-09-20 14:24:12,092 [pool-82-thread-1] INFO  ratis.ContainerStateMachine (ContainerStateMachine.java:loadSnapshot(226)) - group-5811542B7F5F: The snapshot info is null. Setting the last applied indexto:(t:0, i:~)
2019-09-20 14:24:12,092 [pool-82-thread-1] INFO  server.RaftServerConfigKeys (ConfUtils.java:logGet(43)) - raft.server.leader.election.timeout = 120s (custom)
2019-09-20 14:24:12,092 [pool-82-thread-1] INFO  server.RaftServerConfigKeys (ConfUtils.java:logGet(43)) - raft.server.log.use.memory = false (default)
2019-09-20 14:24:12,093 [pool-82-thread-1] INFO  server.RaftServerConfigKeys (ConfUtils.java:logGet(43)) - raft.server.log.purge.gap = 1000000 (custom)
2019-09-20 14:24:12,093 [pool-82-thread-1] INFO  server.RaftServerConfigKeys (ConfUtils.java:logGet(43)) - raft.server.log.appender.buffer.byte-limit = 33554432 (custom)
2019-09-20 14:24:12,093 [pool-82-thread-1] INFO  server.RaftServerConfigKeys (ConfUtils.java:logGet(43)) - raft.server.log.segment.size.max = 1048576 (custom)
2019-09-20 14:24:12,093 [pool-82-thread-1] INFO  server.RaftServerConfigKeys (ConfUtils.java:logGet(43)) - raft.server.log.segment.cache.num.max = 2 (custom)
2019-09-20 14:24:12,093 [pool-82-thread-1] INFO  segmented.SegmentedRaftLogWorker (SegmentedRaftLogWorker.java:<init>(172)) - new f44a1c99-f9ac-4ca4-85ec-e98b84e0ebc2-SegmentedRaftLogWorker:Storage Directory /workdir/hadoop-ozone/ozonefs/target/test-dir/MiniOzoneClusterImpl-72e1902e-de17-4929-8ada-cc6049662493/datanode-5/data/ratis/ccd699f3-690f-4b5e-add3-5811542b7f5f for RaftStorage:Storage Directory /workdir/hadoop-ozone/ozonefs/target/test-dir/MiniOzoneClusterImpl-72e1902e-de17-4929-8ada-cc6049662493/datanode-5/data/ratis/ccd699f3-690f-4b5e-add3-5811542b7f5f
2019-09-20 14:24:12,093 [pool-82-thread-1] INFO  server.RaftServerConfigKeys (ConfUtils.java:logGet(43)) - raft.server.log.queue.byte-limit = 2147483647 (custom)
2019-09-20 14:24:12,093 [pool-82-thread-1] INFO  server.RaftServerConfigKeys (ConfUtils.java:logGet(43)) - raft.server.log.queue.element-limit = 1024 (custom)
2019-09-20 14:24:12,093 [pool-82-thread-1] INFO  server.RaftServerConfigKeys (ConfUtils.java:logGet(43)) - raft.server.log.segment.size.max = 1048576 (custom)
2019-09-20 14:24:12,094 [pool-82-thread-1] INFO  server.RaftServerConfigKeys (ConfUtils.java:logGet(43)) - raft.server.log.preallocated.size = 16384 (custom)
2019-09-20 14:24:12,094 [pool-82-thread-1] INFO  server.RaftServerConfigKeys (ConfUtils.java:logGet(43)) - raft.server.log.write.buffer.size = 33554432 (custom)
2019-09-20 14:24:12,094 [pool-82-thread-1] INFO  server.RaftServerConfigKeys (ConfUtils.java:logGet(43)) - raft.server.log.force.sync.num = 128 (default)
2019-09-20 14:24:12,094 [pool-82-thread-1] INFO  server.RaftServerConfigKeys (ConfUtils.java:logGet(43)) - raft.server.log.statemachine.data.sync = true (default)
2019-09-20 14:24:12,094 [pool-82-thread-1] INFO  server.RaftServerConfigKeys (ConfUtils.java:logGet(43)) - raft.server.log.statemachine.data.sync.timeout = 10s (default)
2019-09-20 14:24:12,094 [pool-82-thread-1] INFO  server.RaftServerConfigKeys (ConfUtils.java:logGet(43)) - raft.server.log.statemachine.data.sync.timeout.retry = -1 (default)
2019-09-20 14:24:12,094 [pool-82-thread-1] INFO  server.RaftServerConfigKeys (ConfUtils.java:logGet(43)) - raft.server.log.statemachine.data.caching.enabled = true (custom)
2019-09-20 14:24:12,095 [pool-82-thread-1] INFO  segmented.SegmentedRaftLogWorker (SegmentedRaftLogWorker.java:lambda$new$0(132)) - f44a1c99-f9ac-4ca4-85ec-e98b84e0ebc2-SegmentedRaftLogWorker:Storage Directory /workdir/hadoop-ozone/ozonefs/target/test-dir/MiniOzoneClusterImpl-72e1902e-de17-4929-8ada-cc6049662493/datanode-5/data/ratis/ccd699f3-690f-4b5e-add3-5811542b7f5f: flushIndex: setUnconditionally 0 -> -1
2019-09-20 14:24:12,095 [pool-82-thread-1] INFO  server.RaftServerConfigKeys (ConfUtils.java:logGet(43)) - raft.server.snapshot.auto.trigger.enabled = true (custom)
2019-09-20 14:24:12,095 [pool-82-thread-1] INFO  server.RaftServerConfigKeys (ConfUtils.java:logGet(43)) - raft.server.snapshot.auto.trigger.threshold = 10000 (custom)
2019-09-20 14:24:12,095 [pool-82-thread-1] INFO  server.RaftServerConfigKeys (ConfUtils.java:logGet(43)) - raft.server.retrycache.expirytime = 600000ms (custom)
2019-09-20 14:24:12,096 [pool-82-thread-1] INFO  impl.RaftServerImpl (RaftServerImpl.java:start(180)) - f44a1c99-f9ac-4ca4-85ec-e98b84e0ebc2: start group-5811542B7F5F
2019-09-20 14:24:12,096 [pool-82-thread-1] INFO  impl.RaftServerImpl (RaftServerImpl.java:setRole(171)) - f44a1c99-f9ac-4ca4-85ec-e98b84e0ebc2:group-5811542B7F5F changes role from null to FOLLOWER at term 0 for startAsFollower
2019-09-20 14:24:12,096 [pool-82-thread-1] INFO  impl.RoleInfo (RoleInfo.java:updateAndGet(143)) - f44a1c99-f9ac-4ca4-85ec-e98b84e0ebc2: start FollowerState
2019-09-20 14:24:12,096 [pool-82-thread-1] INFO  util.JmxRegister (JmxRegister.java:tryRegister(44)) - Successfully registered JMX Bean with object name Ratis:service=RaftServer,group=group-5811542B7F5F,id=f44a1c99-f9ac-4ca4-85ec-e98b84e0ebc2
2019-09-20 14:24:12,103 [RatisPipelineUtilsThread] INFO  pipeline.PipelineStateManager (PipelineStateManager.java:addPipeline(56)) - Created pipeline Pipeline[ Id: ccd699f3-690f-4b5e-add3-5811542b7f5f, Nodes: f44a1c99-f9ac-4ca4-85ec-e98b84e0ebc2{ip: 192.168.36.99, host: pr-hdds-1569-p5fx8-1226042367, networkLocation: /default-rack, certSerialId: null}, Type:RATIS, Factor:ONE, State:OPEN]
2019-09-20 14:24:12,105 [RatisPipelineUtilsThread] INFO  pipeline.PipelinePlacementPolicy (PipelinePlacementPolicy.java:meetCriteria(91)) - Pipeline Placement: Doesn't meet the criteria to be viable node： c0a66530-d43a-4ae5-bdbb-2b9936068aaa Heaviness: 6 limit: 5
2019-09-20 14:24:12,105 [RatisPipelineUtilsThread] INFO  pipeline.PipelinePlacementPolicy (PipelinePlacementPolicy.java:meetCriteria(91)) - Pipeline Placement: Doesn't meet the criteria to be viable node： 926b0f41-0722-49ff-a592-68b703f22f49 Heaviness: 6 limit: 5
2019-09-20 14:24:12,105 [RatisPipelineUtilsThread] INFO  pipeline.PipelinePlacementPolicy (PipelinePlacementPolicy.java:meetCriteria(91)) - Pipeline Placement: Doesn't meet the criteria to be viable node： 7c330693-1e2f-4265-ad51-f8ae66fac775 Heaviness: 6 limit: 5
2019-09-20 14:24:12,114 [grpc-default-executor-0] INFO  impl.RaftServerProxy (RaftServerProxy.java:addNew(89)) - 4b9e2e33-9606-42c4-a38b-d8e2568a9ed5: addNew group-7D0DEE55AFC9:[4b9e2e33-9606-42c4-a38b-d8e2568a9ed5:192.168.36.99:41206] returns group-7D0DEE55AFC9:java.util.concurrent.CompletableFuture@b3242f2[Not completed]
2019-09-20 14:24:12,116 [pool-60-thread-1] INFO  impl.RaftServerImpl (RaftServerImpl.java:<init>(93)) - 4b9e2e33-9606-42c4-a38b-d8e2568a9ed5: new RaftServerImpl for group-7D0DEE55AFC9:[4b9e2e33-9606-42c4-a38b-d8e2568a9ed5:192.168.36.99:41206] with ContainerStateMachine:uninitialized
2019-09-20 14:24:12,116 [pool-60-thread-1] INFO  server.RaftServerConfigKeys (ConfUtils.java:logGet(43)) - raft.server.rpc.timeout.min = 5s (custom)
2019-09-20 14:24:12,116 [pool-60-thread-1] INFO  server.RaftServerConfigKeys (ConfUtils.java:logGet(43)) - raft.server.rpc.timeout.max = 5200ms (custom)
2019-09-20 14:24:12,116 [pool-60-thread-1] INFO  server.RaftServerConfigKeys (ConfUtils.java:logGet(43)) - raft.server.rpcslowness.timeout = 120s (custom)
2019-09-20 14:24:12,116 [pool-60-thread-1] INFO  server.RaftServerConfigKeys (ConfUtils.java:logGet(43)) - raft.server.sleep.deviation.threshold = 300 (default)
2019-09-20 14:24:12,116 [pool-60-thread-1] INFO  server.RaftServerConfigKeys (ConfUtils.java:logGet(43)) - raft.server.log.appender.install.snapshot.enabled = false (custom)
2019-09-20 14:24:12,117 [pool-60-thread-1] INFO  impl.RaftServerImpl (ServerState.java:<init>(105)) - 4b9e2e33-9606-42c4-a38b-d8e2568a9ed5:group-7D0DEE55AFC9 ConfigurationManager, init=-1: [4b9e2e33-9606-42c4-a38b-d8e2568a9ed5:192.168.36.99:41206], old=null, confs=<EMPTY_MAP>
2019-09-20 14:24:12,117 [pool-60-thread-1] INFO  server.RaftServerConfigKeys (ConfUtils.java:logGet(43)) - raft.server.storage.dir = [/workdir/hadoop-ozone/ozonefs/target/test-dir/MiniOzoneClusterImpl-72e1902e-de17-4929-8ada-cc6049662493/datanode-3/data/ratis] (custom)
2019-09-20 14:24:12,117 [pool-60-thread-1] INFO  storage.RaftStorageDirectory (RaftStorageDirectory.java:analyzeStorage(246)) - The storage directory /workdir/hadoop-ozone/ozonefs/target/test-dir/MiniOzoneClusterImpl-72e1902e-de17-4929-8ada-cc6049662493/datanode-3/data/ratis/2f5e3761-b5d2-4945-b659-7d0dee55afc9 does not exist. Creating ...
2019-09-20 14:24:12,150 [pool-60-thread-1] INFO  storage.RaftStorageDirectory (RaftStorageDirectory.java:tryLock(328)) - Lock on /workdir/hadoop-ozone/ozonefs/target/test-dir/MiniOzoneClusterImpl-72e1902e-de17-4929-8ada-cc6049662493/datanode-3/data/ratis/2f5e3761-b5d2-4945-b659-7d0dee55afc9/in_use.lock acquired by nodename 20069@pr-hdds-1569-p5fx8-1226042367
2019-09-20 14:24:12,153 | INFO  | SCMAudit | user=jenkins1000 | ip=192.168.36.99 | op=SEND_HEARTBEAT {datanodeUUID=e0033df1-dced-4562-b4c4-a94a3cb6c131, command=[]} | ret=SUCCESS |  
2019-09-20 14:24:12,184 [pool-60-thread-1] INFO  storage.RaftStorage (RaftStorage.java:format(72)) - Storage directory /workdir/hadoop-ozone/ozonefs/target/test-dir/MiniOzoneClusterImpl-72e1902e-de17-4929-8ada-cc6049662493/datanode-3/data/ratis/2f5e3761-b5d2-4945-b659-7d0dee55afc9 has been successfully formatted.
2019-09-20 14:24:12,184 [pool-60-thread-1] INFO  ratis.ContainerStateMachine (ContainerStateMachine.java:loadSnapshot(226)) - group-7D0DEE55AFC9: The snapshot info is null. Setting the last applied indexto:(t:0, i:~)
2019-09-20 14:24:12,184 [pool-60-thread-1] INFO  server.RaftServerConfigKeys (ConfUtils.java:logGet(43)) - raft.server.leader.election.timeout = 120s (custom)
2019-09-20 14:24:12,184 [pool-60-thread-1] INFO  server.RaftServerConfigKeys (ConfUtils.java:logGet(43)) - raft.server.log.use.memory = false (default)
2019-09-20 14:24:12,184 [pool-60-thread-1] INFO  server.RaftServerConfigKeys (ConfUtils.java:logGet(43)) - raft.server.log.purge.gap = 1000000 (custom)
2019-09-20 14:24:12,185 [pool-60-thread-1] INFO  server.RaftServerConfigKeys (ConfUtils.java:logGet(43)) - raft.server.log.appender.buffer.byte-limit = 33554432 (custom)
2019-09-20 14:24:12,185 [pool-60-thread-1] INFO  server.RaftServerConfigKeys (ConfUtils.java:logGet(43)) - raft.server.log.segment.size.max = 1048576 (custom)
2019-09-20 14:24:12,185 [pool-60-thread-1] INFO  server.RaftServerConfigKeys (ConfUtils.java:logGet(43)) - raft.server.log.segment.cache.num.max = 2 (custom)
2019-09-20 14:24:12,185 [pool-60-thread-1] INFO  segmented.SegmentedRaftLogWorker (SegmentedRaftLogWorker.java:<init>(172)) - new 4b9e2e33-9606-42c4-a38b-d8e2568a9ed5-SegmentedRaftLogWorker:Storage Directory /workdir/hadoop-ozone/ozonefs/target/test-dir/MiniOzoneClusterImpl-72e1902e-de17-4929-8ada-cc6049662493/datanode-3/data/ratis/2f5e3761-b5d2-4945-b659-7d0dee55afc9 for RaftStorage:Storage Directory /workdir/hadoop-ozone/ozonefs/target/test-dir/MiniOzoneClusterImpl-72e1902e-de17-4929-8ada-cc6049662493/datanode-3/data/ratis/2f5e3761-b5d2-4945-b659-7d0dee55afc9
2019-09-20 14:24:12,185 [pool-60-thread-1] INFO  server.RaftServerConfigKeys (ConfUtils.java:logGet(43)) - raft.server.log.queue.byte-limit = 2147483647 (custom)
2019-09-20 14:24:12,185 [pool-60-thread-1] INFO  server.RaftServerConfigKeys (ConfUtils.java:logGet(43)) - raft.server.log.queue.element-limit = 1024 (custom)
2019-09-20 14:24:12,185 [pool-60-thread-1] INFO  server.RaftServerConfigKeys (ConfUtils.java:logGet(43)) - raft.server.log.segment.size.max = 1048576 (custom)
2019-09-20 14:24:12,185 [pool-60-thread-1] INFO  server.RaftServerConfigKeys (ConfUtils.java:logGet(43)) - raft.server.log.preallocated.size = 16384 (custom)
2019-09-20 14:24:12,185 [pool-60-thread-1] INFO  server.RaftServerConfigKeys (ConfUtils.java:logGet(43)) - raft.server.log.write.buffer.size = 33554432 (custom)
2019-09-20 14:24:12,186 [pool-60-thread-1] INFO  server.RaftServerConfigKeys (ConfUtils.java:logGet(43)) - raft.server.log.force.sync.num = 128 (default)
2019-09-20 14:24:12,186 [pool-60-thread-1] INFO  server.RaftServerConfigKeys (ConfUtils.java:logGet(43)) - raft.server.log.statemachine.data.sync = true (default)
2019-09-20 14:24:12,186 [pool-60-thread-1] INFO  server.RaftServerConfigKeys (ConfUtils.java:logGet(43)) - raft.server.log.statemachine.data.sync.timeout = 10s (default)
2019-09-20 14:24:12,186 [pool-60-thread-1] INFO  server.RaftServerConfigKeys (ConfUtils.java:logGet(43)) - raft.server.log.statemachine.data.sync.timeout.retry = -1 (default)
2019-09-20 14:24:12,186 [pool-60-thread-1] INFO  server.RaftServerConfigKeys (ConfUtils.java:logGet(43)) - raft.server.log.statemachine.data.caching.enabled = true (custom)
2019-09-20 14:24:12,186 [pool-60-thread-1] INFO  segmented.SegmentedRaftLogWorker (SegmentedRaftLogWorker.java:lambda$new$0(132)) - 4b9e2e33-9606-42c4-a38b-d8e2568a9ed5-SegmentedRaftLogWorker:Storage Directory /workdir/hadoop-ozone/ozonefs/target/test-dir/MiniOzoneClusterImpl-72e1902e-de17-4929-8ada-cc6049662493/datanode-3/data/ratis/2f5e3761-b5d2-4945-b659-7d0dee55afc9: flushIndex: setUnconditionally 0 -> -1
2019-09-20 14:24:12,187 [pool-60-thread-1] INFO  server.RaftServerConfigKeys (ConfUtils.java:logGet(43)) - raft.server.snapshot.auto.trigger.enabled = true (custom)
2019-09-20 14:24:12,187 [pool-60-thread-1] INFO  server.RaftServerConfigKeys (ConfUtils.java:logGet(43)) - raft.server.snapshot.auto.trigger.threshold = 10000 (custom)
2019-09-20 14:24:12,187 [pool-60-thread-1] INFO  server.RaftServerConfigKeys (ConfUtils.java:logGet(43)) - raft.server.retrycache.expirytime = 600000ms (custom)
2019-09-20 14:24:12,187 [pool-60-thread-1] INFO  impl.RaftServerImpl (RaftServerImpl.java:start(180)) - 4b9e2e33-9606-42c4-a38b-d8e2568a9ed5: start group-7D0DEE55AFC9
2019-09-20 14:24:12,187 [pool-60-thread-1] INFO  impl.RaftServerImpl (RaftServerImpl.java:setRole(171)) - 4b9e2e33-9606-42c4-a38b-d8e2568a9ed5:group-7D0DEE55AFC9 changes role from null to FOLLOWER at term 0 for startAsFollower
2019-09-20 14:24:12,187 [pool-60-thread-1] INFO  impl.RoleInfo (RoleInfo.java:updateAndGet(143)) - 4b9e2e33-9606-42c4-a38b-d8e2568a9ed5: start FollowerState
2019-09-20 14:24:12,188 [pool-60-thread-1] INFO  util.JmxRegister (JmxRegister.java:tryRegister(44)) - Successfully registered JMX Bean with object name Ratis:service=RaftServer,group=group-7D0DEE55AFC9,id=4b9e2e33-9606-42c4-a38b-d8e2568a9ed5
2019-09-20 14:24:12,195 [RatisPipelineUtilsThread] INFO  pipeline.PipelineStateManager (PipelineStateManager.java:addPipeline(56)) - Created pipeline Pipeline[ Id: 2f5e3761-b5d2-4945-b659-7d0dee55afc9, Nodes: 4b9e2e33-9606-42c4-a38b-d8e2568a9ed5{ip: 192.168.36.99, host: pr-hdds-1569-p5fx8-1226042367, networkLocation: /default-rack, certSerialId: null}, Type:RATIS, Factor:ONE, State:OPEN]
2019-09-20 14:24:12,198 [RatisPipelineUtilsThread] INFO  pipeline.PipelinePlacementPolicy (PipelinePlacementPolicy.java:meetCriteria(91)) - Pipeline Placement: Doesn't meet the criteria to be viable node： c0a66530-d43a-4ae5-bdbb-2b9936068aaa Heaviness: 6 limit: 5
2019-09-20 14:24:12,198 [RatisPipelineUtilsThread] INFO  pipeline.PipelinePlacementPolicy (PipelinePlacementPolicy.java:meetCriteria(91)) - Pipeline Placement: Doesn't meet the criteria to be viable node： 926b0f41-0722-49ff-a592-68b703f22f49 Heaviness: 6 limit: 5
2019-09-20 14:24:12,199 [RatisPipelineUtilsThread] INFO  pipeline.PipelinePlacementPolicy (PipelinePlacementPolicy.java:meetCriteria(91)) - Pipeline Placement: Doesn't meet the criteria to be viable node： 7c330693-1e2f-4265-ad51-f8ae66fac775 Heaviness: 6 limit: 5
2019-09-20 14:24:12,209 [grpc-default-executor-0] INFO  impl.RaftServerProxy (RaftServerProxy.java:addNew(89)) - 93651a45-ffa4-4bae-ae49-6429ae7182bc: addNew group-A355465633AF:[93651a45-ffa4-4bae-ae49-6429ae7182bc:192.168.36.99:37696] returns group-A355465633AF:java.util.concurrent.CompletableFuture@2b2279ea[Not completed]
2019-09-20 14:24:12,211 [pool-71-thread-1] INFO  impl.RaftServerImpl (RaftServerImpl.java:<init>(93)) - 93651a45-ffa4-4bae-ae49-6429ae7182bc: new RaftServerImpl for group-A355465633AF:[93651a45-ffa4-4bae-ae49-6429ae7182bc:192.168.36.99:37696] with ContainerStateMachine:uninitialized
2019-09-20 14:24:12,211 [pool-71-thread-1] INFO  server.RaftServerConfigKeys (ConfUtils.java:logGet(43)) - raft.server.rpc.timeout.min = 5s (custom)
2019-09-20 14:24:12,211 [pool-71-thread-1] INFO  server.RaftServerConfigKeys (ConfUtils.java:logGet(43)) - raft.server.rpc.timeout.max = 5200ms (custom)
2019-09-20 14:24:12,211 [pool-71-thread-1] INFO  server.RaftServerConfigKeys (ConfUtils.java:logGet(43)) - raft.server.rpcslowness.timeout = 120s (custom)
2019-09-20 14:24:12,211 [pool-71-thread-1] INFO  server.RaftServerConfigKeys (ConfUtils.java:logGet(43)) - raft.server.sleep.deviation.threshold = 300 (default)
2019-09-20 14:24:12,211 [pool-71-thread-1] INFO  server.RaftServerConfigKeys (ConfUtils.java:logGet(43)) - raft.server.log.appender.install.snapshot.enabled = false (custom)
2019-09-20 14:24:12,212 [pool-71-thread-1] INFO  impl.RaftServerImpl (ServerState.java:<init>(105)) - 93651a45-ffa4-4bae-ae49-6429ae7182bc:group-A355465633AF ConfigurationManager, init=-1: [93651a45-ffa4-4bae-ae49-6429ae7182bc:192.168.36.99:37696], old=null, confs=<EMPTY_MAP>
2019-09-20 14:24:12,212 [pool-71-thread-1] INFO  server.RaftServerConfigKeys (ConfUtils.java:logGet(43)) - raft.server.storage.dir = [/workdir/hadoop-ozone/ozonefs/target/test-dir/MiniOzoneClusterImpl-72e1902e-de17-4929-8ada-cc6049662493/datanode-4/data/ratis] (custom)
2019-09-20 14:24:12,212 [pool-71-thread-1] INFO  storage.RaftStorageDirectory (RaftStorageDirectory.java:analyzeStorage(246)) - The storage directory /workdir/hadoop-ozone/ozonefs/target/test-dir/MiniOzoneClusterImpl-72e1902e-de17-4929-8ada-cc6049662493/datanode-4/data/ratis/207827c3-6537-4139-8dc0-a355465633af does not exist. Creating ...
2019-09-20 14:24:12,231 | INFO  | SCMAudit | user=jenkins1000 | ip=192.168.36.99 | op=SEND_HEARTBEAT {datanodeUUID=7c330693-1e2f-4265-ad51-f8ae66fac775, command=[]} | ret=SUCCESS |  
2019-09-20 14:24:12,242 [pool-71-thread-1] INFO  storage.RaftStorageDirectory (RaftStorageDirectory.java:tryLock(328)) - Lock on /workdir/hadoop-ozone/ozonefs/target/test-dir/MiniOzoneClusterImpl-72e1902e-de17-4929-8ada-cc6049662493/datanode-4/data/ratis/207827c3-6537-4139-8dc0-a355465633af/in_use.lock acquired by nodename 20069@pr-hdds-1569-p5fx8-1226042367
2019-09-20 14:24:12,268 [pool-71-thread-1] INFO  storage.RaftStorage (RaftStorage.java:format(72)) - Storage directory /workdir/hadoop-ozone/ozonefs/target/test-dir/MiniOzoneClusterImpl-72e1902e-de17-4929-8ada-cc6049662493/datanode-4/data/ratis/207827c3-6537-4139-8dc0-a355465633af has been successfully formatted.
2019-09-20 14:24:12,268 [pool-71-thread-1] INFO  ratis.ContainerStateMachine (ContainerStateMachine.java:loadSnapshot(226)) - group-A355465633AF: The snapshot info is null. Setting the last applied indexto:(t:0, i:~)
2019-09-20 14:24:12,268 [pool-71-thread-1] INFO  server.RaftServerConfigKeys (ConfUtils.java:logGet(43)) - raft.server.leader.election.timeout = 120s (custom)
2019-09-20 14:24:12,269 [pool-71-thread-1] INFO  server.RaftServerConfigKeys (ConfUtils.java:logGet(43)) - raft.server.log.use.memory = false (default)
2019-09-20 14:24:12,269 [pool-71-thread-1] INFO  server.RaftServerConfigKeys (ConfUtils.java:logGet(43)) - raft.server.log.purge.gap = 1000000 (custom)
2019-09-20 14:24:12,269 [pool-71-thread-1] INFO  server.RaftServerConfigKeys (ConfUtils.java:logGet(43)) - raft.server.log.appender.buffer.byte-limit = 33554432 (custom)
2019-09-20 14:24:12,269 [pool-71-thread-1] INFO  server.RaftServerConfigKeys (ConfUtils.java:logGet(43)) - raft.server.log.segment.size.max = 1048576 (custom)
2019-09-20 14:24:12,269 [pool-71-thread-1] INFO  server.RaftServerConfigKeys (ConfUtils.java:logGet(43)) - raft.server.log.segment.cache.num.max = 2 (custom)
2019-09-20 14:24:12,269 [pool-71-thread-1] INFO  segmented.SegmentedRaftLogWorker (SegmentedRaftLogWorker.java:<init>(172)) - new 93651a45-ffa4-4bae-ae49-6429ae7182bc-SegmentedRaftLogWorker:Storage Directory /workdir/hadoop-ozone/ozonefs/target/test-dir/MiniOzoneClusterImpl-72e1902e-de17-4929-8ada-cc6049662493/datanode-4/data/ratis/207827c3-6537-4139-8dc0-a355465633af for RaftStorage:Storage Directory /workdir/hadoop-ozone/ozonefs/target/test-dir/MiniOzoneClusterImpl-72e1902e-de17-4929-8ada-cc6049662493/datanode-4/data/ratis/207827c3-6537-4139-8dc0-a355465633af
2019-09-20 14:24:12,269 [pool-71-thread-1] INFO  server.RaftServerConfigKeys (ConfUtils.java:logGet(43)) - raft.server.log.queue.byte-limit = 2147483647 (custom)
2019-09-20 14:24:12,269 [pool-71-thread-1] INFO  server.RaftServerConfigKeys (ConfUtils.java:logGet(43)) - raft.server.log.queue.element-limit = 1024 (custom)
2019-09-20 14:24:12,270 [pool-71-thread-1] INFO  server.RaftServerConfigKeys (ConfUtils.java:logGet(43)) - raft.server.log.segment.size.max = 1048576 (custom)
2019-09-20 14:24:12,270 [pool-71-thread-1] INFO  server.RaftServerConfigKeys (ConfUtils.java:logGet(43)) - raft.server.log.preallocated.size = 16384 (custom)
2019-09-20 14:24:12,270 [pool-71-thread-1] INFO  server.RaftServerConfigKeys (ConfUtils.java:logGet(43)) - raft.server.log.write.buffer.size = 33554432 (custom)
2019-09-20 14:24:12,270 [pool-71-thread-1] INFO  server.RaftServerConfigKeys (ConfUtils.java:logGet(43)) - raft.server.log.force.sync.num = 128 (default)
2019-09-20 14:24:12,270 [pool-71-thread-1] INFO  server.RaftServerConfigKeys (ConfUtils.java:logGet(43)) - raft.server.log.statemachine.data.sync = true (default)
2019-09-20 14:24:12,270 [pool-71-thread-1] INFO  server.RaftServerConfigKeys (ConfUtils.java:logGet(43)) - raft.server.log.statemachine.data.sync.timeout = 10s (default)
2019-09-20 14:24:12,270 [pool-71-thread-1] INFO  server.RaftServerConfigKeys (ConfUtils.java:logGet(43)) - raft.server.log.statemachine.data.sync.timeout.retry = -1 (default)
2019-09-20 14:24:12,270 [pool-71-thread-1] INFO  server.RaftServerConfigKeys (ConfUtils.java:logGet(43)) - raft.server.log.statemachine.data.caching.enabled = true (custom)
2019-09-20 14:24:12,271 [pool-71-thread-1] INFO  segmented.SegmentedRaftLogWorker (SegmentedRaftLogWorker.java:lambda$new$0(132)) - 93651a45-ffa4-4bae-ae49-6429ae7182bc-SegmentedRaftLogWorker:Storage Directory /workdir/hadoop-ozone/ozonefs/target/test-dir/MiniOzoneClusterImpl-72e1902e-de17-4929-8ada-cc6049662493/datanode-4/data/ratis/207827c3-6537-4139-8dc0-a355465633af: flushIndex: setUnconditionally 0 -> -1
2019-09-20 14:24:12,271 [pool-71-thread-1] INFO  server.RaftServerConfigKeys (ConfUtils.java:logGet(43)) - raft.server.snapshot.auto.trigger.enabled = true (custom)
2019-09-20 14:24:12,271 [pool-71-thread-1] INFO  server.RaftServerConfigKeys (ConfUtils.java:logGet(43)) - raft.server.snapshot.auto.trigger.threshold = 10000 (custom)
2019-09-20 14:24:12,271 [pool-71-thread-1] INFO  server.RaftServerConfigKeys (ConfUtils.java:logGet(43)) - raft.server.retrycache.expirytime = 600000ms (custom)
2019-09-20 14:24:12,271 [pool-71-thread-1] INFO  impl.RaftServerImpl (RaftServerImpl.java:start(180)) - 93651a45-ffa4-4bae-ae49-6429ae7182bc: start group-A355465633AF
2019-09-20 14:24:12,272 [pool-71-thread-1] INFO  impl.RaftServerImpl (RaftServerImpl.java:setRole(171)) - 93651a45-ffa4-4bae-ae49-6429ae7182bc:group-A355465633AF changes role from null to FOLLOWER at term 0 for startAsFollower
2019-09-20 14:24:12,272 [pool-71-thread-1] INFO  impl.RoleInfo (RoleInfo.java:updateAndGet(143)) - 93651a45-ffa4-4bae-ae49-6429ae7182bc: start FollowerState
2019-09-20 14:24:12,272 [pool-71-thread-1] INFO  util.JmxRegister (JmxRegister.java:tryRegister(44)) - Successfully registered JMX Bean with object name Ratis:service=RaftServer,group=group-A355465633AF,id=93651a45-ffa4-4bae-ae49-6429ae7182bc
2019-09-20 14:24:12,278 [RatisPipelineUtilsThread] INFO  pipeline.PipelineStateManager (PipelineStateManager.java:addPipeline(56)) - Created pipeline Pipeline[ Id: 207827c3-6537-4139-8dc0-a355465633af, Nodes: 93651a45-ffa4-4bae-ae49-6429ae7182bc{ip: 192.168.36.99, host: pr-hdds-1569-p5fx8-1226042367, networkLocation: /default-rack, certSerialId: null}, Type:RATIS, Factor:ONE, State:OPEN]
2019-09-20 14:24:12,281 [RatisPipelineUtilsThread] INFO  pipeline.PipelinePlacementPolicy (PipelinePlacementPolicy.java:meetCriteria(91)) - Pipeline Placement: Doesn't meet the criteria to be viable node： c0a66530-d43a-4ae5-bdbb-2b9936068aaa Heaviness: 6 limit: 5
2019-09-20 14:24:12,281 [RatisPipelineUtilsThread] INFO  pipeline.PipelinePlacementPolicy (PipelinePlacementPolicy.java:meetCriteria(91)) - Pipeline Placement: Doesn't meet the criteria to be viable node： 926b0f41-0722-49ff-a592-68b703f22f49 Heaviness: 6 limit: 5
2019-09-20 14:24:12,281 [RatisPipelineUtilsThread] INFO  pipeline.PipelinePlacementPolicy (PipelinePlacementPolicy.java:meetCriteria(91)) - Pipeline Placement: Doesn't meet the criteria to be viable node： 7c330693-1e2f-4265-ad51-f8ae66fac775 Heaviness: 6 limit: 5
2019-09-20 14:24:12,293 [grpc-default-executor-0] INFO  impl.RaftServerProxy (RaftServerProxy.java:addNew(89)) - e0033df1-dced-4562-b4c4-a94a3cb6c131: addNew group-C76FF7CC60D5:[e0033df1-dced-4562-b4c4-a94a3cb6c131:192.168.36.99:39317] returns group-C76FF7CC60D5:java.util.concurrent.CompletableFuture@79a09c8f[Not completed]
2019-09-20 14:24:12,294 [pool-104-thread-1] INFO  impl.RaftServerImpl (RaftServerImpl.java:<init>(93)) - e0033df1-dced-4562-b4c4-a94a3cb6c131: new RaftServerImpl for group-C76FF7CC60D5:[e0033df1-dced-4562-b4c4-a94a3cb6c131:192.168.36.99:39317] with ContainerStateMachine:uninitialized
2019-09-20 14:24:12,294 [pool-104-thread-1] INFO  server.RaftServerConfigKeys (ConfUtils.java:logGet(43)) - raft.server.rpc.timeout.min = 5s (custom)
2019-09-20 14:24:12,294 [pool-104-thread-1] INFO  server.RaftServerConfigKeys (ConfUtils.java:logGet(43)) - raft.server.rpc.timeout.max = 5200ms (custom)
2019-09-20 14:24:12,294 [pool-104-thread-1] INFO  server.RaftServerConfigKeys (ConfUtils.java:logGet(43)) - raft.server.rpcslowness.timeout = 120s (custom)
2019-09-20 14:24:12,294 [pool-104-thread-1] INFO  server.RaftServerConfigKeys (ConfUtils.java:logGet(43)) - raft.server.sleep.deviation.threshold = 300 (default)
2019-09-20 14:24:12,294 [pool-104-thread-1] INFO  server.RaftServerConfigKeys (ConfUtils.java:logGet(43)) - raft.server.log.appender.install.snapshot.enabled = false (custom)
2019-09-20 14:24:12,295 [pool-104-thread-1] INFO  impl.RaftServerImpl (ServerState.java:<init>(105)) - e0033df1-dced-4562-b4c4-a94a3cb6c131:group-C76FF7CC60D5 ConfigurationManager, init=-1: [e0033df1-dced-4562-b4c4-a94a3cb6c131:192.168.36.99:39317], old=null, confs=<EMPTY_MAP>
2019-09-20 14:24:12,295 [pool-104-thread-1] INFO  server.RaftServerConfigKeys (ConfUtils.java:logGet(43)) - raft.server.storage.dir = [/workdir/hadoop-ozone/ozonefs/target/test-dir/MiniOzoneClusterImpl-72e1902e-de17-4929-8ada-cc6049662493/datanode-7/data/ratis] (custom)
2019-09-20 14:24:12,295 [pool-104-thread-1] INFO  storage.RaftStorageDirectory (RaftStorageDirectory.java:analyzeStorage(246)) - The storage directory /workdir/hadoop-ozone/ozonefs/target/test-dir/MiniOzoneClusterImpl-72e1902e-de17-4929-8ada-cc6049662493/datanode-7/data/ratis/35dc2cff-5090-42b3-a038-c76ff7cc60d5 does not exist. Creating ...
2019-09-20 14:24:12,318 [pool-104-thread-1] INFO  storage.RaftStorageDirectory (RaftStorageDirectory.java:tryLock(328)) - Lock on /workdir/hadoop-ozone/ozonefs/target/test-dir/MiniOzoneClusterImpl-72e1902e-de17-4929-8ada-cc6049662493/datanode-7/data/ratis/35dc2cff-5090-42b3-a038-c76ff7cc60d5/in_use.lock acquired by nodename 20069@pr-hdds-1569-p5fx8-1226042367
2019-09-20 14:24:12,327 | INFO  | SCMAudit | user=jenkins1000 | ip=192.168.36.99 | op=SEND_HEARTBEAT {datanodeUUID=4b9e2e33-9606-42c4-a38b-d8e2568a9ed5, command=[]} | ret=SUCCESS |  
2019-09-20 14:24:12,344 | INFO  | SCMAudit | user=jenkins1000 | ip=192.168.36.99 | op=SEND_HEARTBEAT {datanodeUUID=93651a45-ffa4-4bae-ae49-6429ae7182bc, command=[]} | ret=SUCCESS |  
2019-09-20 14:24:12,377 [pool-104-thread-1] INFO  storage.RaftStorage (RaftStorage.java:format(72)) - Storage directory /workdir/hadoop-ozone/ozonefs/target/test-dir/MiniOzoneClusterImpl-72e1902e-de17-4929-8ada-cc6049662493/datanode-7/data/ratis/35dc2cff-5090-42b3-a038-c76ff7cc60d5 has been successfully formatted.
2019-09-20 14:24:12,377 [pool-104-thread-1] INFO  ratis.ContainerStateMachine (ContainerStateMachine.java:loadSnapshot(226)) - group-C76FF7CC60D5: The snapshot info is null. Setting the last applied indexto:(t:0, i:~)
2019-09-20 14:24:12,378 [pool-104-thread-1] INFO  server.RaftServerConfigKeys (ConfUtils.java:logGet(43)) - raft.server.leader.election.timeout = 120s (custom)
2019-09-20 14:24:12,378 [pool-104-thread-1] INFO  server.RaftServerConfigKeys (ConfUtils.java:logGet(43)) - raft.server.log.use.memory = false (default)
2019-09-20 14:24:12,378 [pool-104-thread-1] INFO  server.RaftServerConfigKeys (ConfUtils.java:logGet(43)) - raft.server.log.purge.gap = 1000000 (custom)
2019-09-20 14:24:12,378 [pool-104-thread-1] INFO  server.RaftServerConfigKeys (ConfUtils.java:logGet(43)) - raft.server.log.appender.buffer.byte-limit = 33554432 (custom)
2019-09-20 14:24:12,378 [pool-104-thread-1] INFO  server.RaftServerConfigKeys (ConfUtils.java:logGet(43)) - raft.server.log.segment.size.max = 1048576 (custom)
2019-09-20 14:24:12,378 [pool-104-thread-1] INFO  server.RaftServerConfigKeys (ConfUtils.java:logGet(43)) - raft.server.log.segment.cache.num.max = 2 (custom)
2019-09-20 14:24:12,378 [pool-104-thread-1] INFO  segmented.SegmentedRaftLogWorker (SegmentedRaftLogWorker.java:<init>(172)) - new e0033df1-dced-4562-b4c4-a94a3cb6c131-SegmentedRaftLogWorker:Storage Directory /workdir/hadoop-ozone/ozonefs/target/test-dir/MiniOzoneClusterImpl-72e1902e-de17-4929-8ada-cc6049662493/datanode-7/data/ratis/35dc2cff-5090-42b3-a038-c76ff7cc60d5 for RaftStorage:Storage Directory /workdir/hadoop-ozone/ozonefs/target/test-dir/MiniOzoneClusterImpl-72e1902e-de17-4929-8ada-cc6049662493/datanode-7/data/ratis/35dc2cff-5090-42b3-a038-c76ff7cc60d5
2019-09-20 14:24:12,379 [pool-104-thread-1] INFO  server.RaftServerConfigKeys (ConfUtils.java:logGet(43)) - raft.server.log.queue.byte-limit = 2147483647 (custom)
2019-09-20 14:24:12,379 [pool-104-thread-1] INFO  server.RaftServerConfigKeys (ConfUtils.java:logGet(43)) - raft.server.log.queue.element-limit = 1024 (custom)
2019-09-20 14:24:12,379 [pool-104-thread-1] INFO  server.RaftServerConfigKeys (ConfUtils.java:logGet(43)) - raft.server.log.segment.size.max = 1048576 (custom)
2019-09-20 14:24:12,379 [pool-104-thread-1] INFO  server.RaftServerConfigKeys (ConfUtils.java:logGet(43)) - raft.server.log.preallocated.size = 16384 (custom)
2019-09-20 14:24:12,379 [pool-104-thread-1] INFO  server.RaftServerConfigKeys (ConfUtils.java:logGet(43)) - raft.server.log.write.buffer.size = 33554432 (custom)
2019-09-20 14:24:12,379 [pool-104-thread-1] INFO  server.RaftServerConfigKeys (ConfUtils.java:logGet(43)) - raft.server.log.force.sync.num = 128 (default)
2019-09-20 14:24:12,379 [pool-104-thread-1] INFO  server.RaftServerConfigKeys (ConfUtils.java:logGet(43)) - raft.server.log.statemachine.data.sync = true (default)
2019-09-20 14:24:12,380 [pool-104-thread-1] INFO  server.RaftServerConfigKeys (ConfUtils.java:logGet(43)) - raft.server.log.statemachine.data.sync.timeout = 10s (default)
2019-09-20 14:24:12,380 [pool-104-thread-1] INFO  server.RaftServerConfigKeys (ConfUtils.java:logGet(43)) - raft.server.log.statemachine.data.sync.timeout.retry = -1 (default)
2019-09-20 14:24:12,380 [pool-104-thread-1] INFO  server.RaftServerConfigKeys (ConfUtils.java:logGet(43)) - raft.server.log.statemachine.data.caching.enabled = true (custom)
2019-09-20 14:24:12,380 [pool-104-thread-1] INFO  segmented.SegmentedRaftLogWorker (SegmentedRaftLogWorker.java:lambda$new$0(132)) - e0033df1-dced-4562-b4c4-a94a3cb6c131-SegmentedRaftLogWorker:Storage Directory /workdir/hadoop-ozone/ozonefs/target/test-dir/MiniOzoneClusterImpl-72e1902e-de17-4929-8ada-cc6049662493/datanode-7/data/ratis/35dc2cff-5090-42b3-a038-c76ff7cc60d5: flushIndex: setUnconditionally 0 -> -1
2019-09-20 14:24:12,381 [pool-104-thread-1] INFO  server.RaftServerConfigKeys (ConfUtils.java:logGet(43)) - raft.server.snapshot.auto.trigger.enabled = true (custom)
2019-09-20 14:24:12,381 [pool-104-thread-1] INFO  server.RaftServerConfigKeys (ConfUtils.java:logGet(43)) - raft.server.snapshot.auto.trigger.threshold = 10000 (custom)
2019-09-20 14:24:12,381 [pool-104-thread-1] INFO  server.RaftServerConfigKeys (ConfUtils.java:logGet(43)) - raft.server.retrycache.expirytime = 600000ms (custom)
2019-09-20 14:24:12,381 [pool-104-thread-1] INFO  impl.RaftServerImpl (RaftServerImpl.java:start(180)) - e0033df1-dced-4562-b4c4-a94a3cb6c131: start group-C76FF7CC60D5
2019-09-20 14:24:12,381 [pool-104-thread-1] INFO  impl.RaftServerImpl (RaftServerImpl.java:setRole(171)) - e0033df1-dced-4562-b4c4-a94a3cb6c131:group-C76FF7CC60D5 changes role from null to FOLLOWER at term 0 for startAsFollower
2019-09-20 14:24:12,382 [pool-104-thread-1] INFO  impl.RoleInfo (RoleInfo.java:updateAndGet(143)) - e0033df1-dced-4562-b4c4-a94a3cb6c131: start FollowerState
2019-09-20 14:24:12,382 [pool-104-thread-1] INFO  util.JmxRegister (JmxRegister.java:tryRegister(44)) - Successfully registered JMX Bean with object name Ratis:service=RaftServer,group=group-C76FF7CC60D5,id=e0033df1-dced-4562-b4c4-a94a3cb6c131
2019-09-20 14:24:12,389 | INFO  | SCMAudit | user=jenkins1000 | ip=192.168.36.99 | op=SEND_HEARTBEAT {datanodeUUID=fc92467e-4cd7-4ea6-9bfc-11250c30c0f6, command=[]} | ret=SUCCESS |  
2019-09-20 14:24:12,390 [RatisPipelineUtilsThread] INFO  pipeline.PipelineStateManager (PipelineStateManager.java:addPipeline(56)) - Created pipeline Pipeline[ Id: 35dc2cff-5090-42b3-a038-c76ff7cc60d5, Nodes: e0033df1-dced-4562-b4c4-a94a3cb6c131{ip: 192.168.36.99, host: pr-hdds-1569-p5fx8-1226042367, networkLocation: /default-rack, certSerialId: null}, Type:RATIS, Factor:ONE, State:OPEN]
2019-09-20 14:24:12,394 [RatisPipelineUtilsThread] INFO  pipeline.PipelinePlacementPolicy (PipelinePlacementPolicy.java:meetCriteria(91)) - Pipeline Placement: Doesn't meet the criteria to be viable node： c0a66530-d43a-4ae5-bdbb-2b9936068aaa Heaviness: 6 limit: 5
2019-09-20 14:24:12,394 [RatisPipelineUtilsThread] INFO  pipeline.PipelinePlacementPolicy (PipelinePlacementPolicy.java:meetCriteria(91)) - Pipeline Placement: Doesn't meet the criteria to be viable node： 926b0f41-0722-49ff-a592-68b703f22f49 Heaviness: 6 limit: 5
2019-09-20 14:24:12,394 [RatisPipelineUtilsThread] INFO  pipeline.PipelinePlacementPolicy (PipelinePlacementPolicy.java:meetCriteria(91)) - Pipeline Placement: Doesn't meet the criteria to be viable node： 7c330693-1e2f-4265-ad51-f8ae66fac775 Heaviness: 6 limit: 5
2019-09-20 14:24:12,409 [grpc-default-executor-0] INFO  impl.RaftServerProxy (RaftServerProxy.java:addNew(89)) - 93651a45-ffa4-4bae-ae49-6429ae7182bc: addNew group-5452D5A15DB9:[93651a45-ffa4-4bae-ae49-6429ae7182bc:192.168.36.99:37696] returns group-5452D5A15DB9:java.util.concurrent.CompletableFuture@41a069c6[Not completed]
2019-09-20 14:24:12,411 [pool-71-thread-1] INFO  impl.RaftServerImpl (RaftServerImpl.java:<init>(93)) - 93651a45-ffa4-4bae-ae49-6429ae7182bc: new RaftServerImpl for group-5452D5A15DB9:[93651a45-ffa4-4bae-ae49-6429ae7182bc:192.168.36.99:37696] with ContainerStateMachine:uninitialized
2019-09-20 14:24:12,411 [pool-71-thread-1] INFO  server.RaftServerConfigKeys (ConfUtils.java:logGet(43)) - raft.server.rpc.timeout.min = 5s (custom)
2019-09-20 14:24:12,416 [pool-71-thread-1] INFO  server.RaftServerConfigKeys (ConfUtils.java:logGet(43)) - raft.server.rpc.timeout.max = 5200ms (custom)
2019-09-20 14:24:12,417 [pool-71-thread-1] INFO  server.RaftServerConfigKeys (ConfUtils.java:logGet(43)) - raft.server.rpcslowness.timeout = 120s (custom)
2019-09-20 14:24:12,417 [pool-71-thread-1] INFO  server.RaftServerConfigKeys (ConfUtils.java:logGet(43)) - raft.server.sleep.deviation.threshold = 300 (default)
2019-09-20 14:24:12,417 [pool-71-thread-1] INFO  server.RaftServerConfigKeys (ConfUtils.java:logGet(43)) - raft.server.log.appender.install.snapshot.enabled = false (custom)
2019-09-20 14:24:12,417 [pool-71-thread-1] INFO  impl.RaftServerImpl (ServerState.java:<init>(105)) - 93651a45-ffa4-4bae-ae49-6429ae7182bc:group-5452D5A15DB9 ConfigurationManager, init=-1: [93651a45-ffa4-4bae-ae49-6429ae7182bc:192.168.36.99:37696], old=null, confs=<EMPTY_MAP>
2019-09-20 14:24:12,417 [pool-71-thread-1] INFO  server.RaftServerConfigKeys (ConfUtils.java:logGet(43)) - raft.server.storage.dir = [/workdir/hadoop-ozone/ozonefs/target/test-dir/MiniOzoneClusterImpl-72e1902e-de17-4929-8ada-cc6049662493/datanode-4/data/ratis] (custom)
2019-09-20 14:24:12,418 [pool-71-thread-1] INFO  storage.RaftStorageDirectory (RaftStorageDirectory.java:analyzeStorage(246)) - The storage directory /workdir/hadoop-ozone/ozonefs/target/test-dir/MiniOzoneClusterImpl-72e1902e-de17-4929-8ada-cc6049662493/datanode-4/data/ratis/d672e5c5-43be-4fae-bde0-5452d5a15db9 does not exist. Creating ...
2019-09-20 14:24:12,444 [pool-71-thread-1] INFO  storage.RaftStorageDirectory (RaftStorageDirectory.java:tryLock(328)) - Lock on /workdir/hadoop-ozone/ozonefs/target/test-dir/MiniOzoneClusterImpl-72e1902e-de17-4929-8ada-cc6049662493/datanode-4/data/ratis/d672e5c5-43be-4fae-bde0-5452d5a15db9/in_use.lock acquired by nodename 20069@pr-hdds-1569-p5fx8-1226042367
2019-09-20 14:24:12,469 [pool-71-thread-1] INFO  storage.RaftStorage (RaftStorage.java:format(72)) - Storage directory /workdir/hadoop-ozone/ozonefs/target/test-dir/MiniOzoneClusterImpl-72e1902e-de17-4929-8ada-cc6049662493/datanode-4/data/ratis/d672e5c5-43be-4fae-bde0-5452d5a15db9 has been successfully formatted.
2019-09-20 14:24:12,470 [pool-71-thread-1] INFO  ratis.ContainerStateMachine (ContainerStateMachine.java:loadSnapshot(226)) - group-5452D5A15DB9: The snapshot info is null. Setting the last applied indexto:(t:0, i:~)
2019-09-20 14:24:12,470 [pool-71-thread-1] INFO  server.RaftServerConfigKeys (ConfUtils.java:logGet(43)) - raft.server.leader.election.timeout = 120s (custom)
2019-09-20 14:24:12,470 [pool-71-thread-1] INFO  server.RaftServerConfigKeys (ConfUtils.java:logGet(43)) - raft.server.log.use.memory = false (default)
2019-09-20 14:24:12,470 [pool-71-thread-1] INFO  server.RaftServerConfigKeys (ConfUtils.java:logGet(43)) - raft.server.log.purge.gap = 1000000 (custom)
2019-09-20 14:24:12,470 [pool-71-thread-1] INFO  server.RaftServerConfigKeys (ConfUtils.java:logGet(43)) - raft.server.log.appender.buffer.byte-limit = 33554432 (custom)
2019-09-20 14:24:12,470 [pool-71-thread-1] INFO  server.RaftServerConfigKeys (ConfUtils.java:logGet(43)) - raft.server.log.segment.size.max = 1048576 (custom)
2019-09-20 14:24:12,471 [pool-71-thread-1] INFO  server.RaftServerConfigKeys (ConfUtils.java:logGet(43)) - raft.server.log.segment.cache.num.max = 2 (custom)
2019-09-20 14:24:12,471 [pool-71-thread-1] INFO  segmented.SegmentedRaftLogWorker (SegmentedRaftLogWorker.java:<init>(172)) - new 93651a45-ffa4-4bae-ae49-6429ae7182bc-SegmentedRaftLogWorker:Storage Directory /workdir/hadoop-ozone/ozonefs/target/test-dir/MiniOzoneClusterImpl-72e1902e-de17-4929-8ada-cc6049662493/datanode-4/data/ratis/d672e5c5-43be-4fae-bde0-5452d5a15db9 for RaftStorage:Storage Directory /workdir/hadoop-ozone/ozonefs/target/test-dir/MiniOzoneClusterImpl-72e1902e-de17-4929-8ada-cc6049662493/datanode-4/data/ratis/d672e5c5-43be-4fae-bde0-5452d5a15db9
2019-09-20 14:24:12,471 [pool-71-thread-1] INFO  server.RaftServerConfigKeys (ConfUtils.java:logGet(43)) - raft.server.log.queue.byte-limit = 2147483647 (custom)
2019-09-20 14:24:12,471 [pool-71-thread-1] INFO  server.RaftServerConfigKeys (ConfUtils.java:logGet(43)) - raft.server.log.queue.element-limit = 1024 (custom)
2019-09-20 14:24:12,471 [pool-71-thread-1] INFO  server.RaftServerConfigKeys (ConfUtils.java:logGet(43)) - raft.server.log.segment.size.max = 1048576 (custom)
2019-09-20 14:24:12,472 [pool-71-thread-1] INFO  server.RaftServerConfigKeys (ConfUtils.java:logGet(43)) - raft.server.log.preallocated.size = 16384 (custom)
2019-09-20 14:24:12,472 [pool-71-thread-1] INFO  server.RaftServerConfigKeys (ConfUtils.java:logGet(43)) - raft.server.log.write.buffer.size = 33554432 (custom)
2019-09-20 14:24:12,472 [pool-71-thread-1] INFO  server.RaftServerConfigKeys (ConfUtils.java:logGet(43)) - raft.server.log.force.sync.num = 128 (default)
2019-09-20 14:24:12,472 [pool-71-thread-1] INFO  server.RaftServerConfigKeys (ConfUtils.java:logGet(43)) - raft.server.log.statemachine.data.sync = true (default)
2019-09-20 14:24:12,472 [pool-71-thread-1] INFO  server.RaftServerConfigKeys (ConfUtils.java:logGet(43)) - raft.server.log.statemachine.data.sync.timeout = 10s (default)
2019-09-20 14:24:12,472 [pool-71-thread-1] INFO  server.RaftServerConfigKeys (ConfUtils.java:logGet(43)) - raft.server.log.statemachine.data.sync.timeout.retry = -1 (default)
2019-09-20 14:24:12,473 [pool-71-thread-1] INFO  server.RaftServerConfigKeys (ConfUtils.java:logGet(43)) - raft.server.log.statemachine.data.caching.enabled = true (custom)
2019-09-20 14:24:12,473 [pool-71-thread-1] INFO  segmented.SegmentedRaftLogWorker (SegmentedRaftLogWorker.java:lambda$new$0(132)) - 93651a45-ffa4-4bae-ae49-6429ae7182bc-SegmentedRaftLogWorker:Storage Directory /workdir/hadoop-ozone/ozonefs/target/test-dir/MiniOzoneClusterImpl-72e1902e-de17-4929-8ada-cc6049662493/datanode-4/data/ratis/d672e5c5-43be-4fae-bde0-5452d5a15db9: flushIndex: setUnconditionally 0 -> -1
2019-09-20 14:24:12,473 [pool-71-thread-1] INFO  server.RaftServerConfigKeys (ConfUtils.java:logGet(43)) - raft.server.snapshot.auto.trigger.enabled = true (custom)
2019-09-20 14:24:12,474 [pool-71-thread-1] INFO  server.RaftServerConfigKeys (ConfUtils.java:logGet(43)) - raft.server.snapshot.auto.trigger.threshold = 10000 (custom)
2019-09-20 14:24:12,474 [pool-71-thread-1] INFO  server.RaftServerConfigKeys (ConfUtils.java:logGet(43)) - raft.server.retrycache.expirytime = 600000ms (custom)
2019-09-20 14:24:12,474 [pool-71-thread-1] INFO  impl.RaftServerImpl (RaftServerImpl.java:start(180)) - 93651a45-ffa4-4bae-ae49-6429ae7182bc: start group-5452D5A15DB9
2019-09-20 14:24:12,474 [pool-71-thread-1] INFO  impl.RaftServerImpl (RaftServerImpl.java:setRole(171)) - 93651a45-ffa4-4bae-ae49-6429ae7182bc:group-5452D5A15DB9 changes role from null to FOLLOWER at term 0 for startAsFollower
2019-09-20 14:24:12,474 [pool-71-thread-1] INFO  impl.RoleInfo (RoleInfo.java:updateAndGet(143)) - 93651a45-ffa4-4bae-ae49-6429ae7182bc: start FollowerState
2019-09-20 14:24:12,475 [pool-71-thread-1] INFO  util.JmxRegister (JmxRegister.java:tryRegister(44)) - Successfully registered JMX Bean with object name Ratis:service=RaftServer,group=group-5452D5A15DB9,id=93651a45-ffa4-4bae-ae49-6429ae7182bc
2019-09-20 14:24:12,483 [RatisPipelineUtilsThread] INFO  pipeline.PipelineStateManager (PipelineStateManager.java:addPipeline(56)) - Created pipeline Pipeline[ Id: d672e5c5-43be-4fae-bde0-5452d5a15db9, Nodes: 93651a45-ffa4-4bae-ae49-6429ae7182bc{ip: 192.168.36.99, host: pr-hdds-1569-p5fx8-1226042367, networkLocation: /default-rack, certSerialId: null}, Type:RATIS, Factor:ONE, State:OPEN]
2019-09-20 14:24:12,486 [RatisPipelineUtilsThread] INFO  pipeline.PipelinePlacementPolicy (PipelinePlacementPolicy.java:meetCriteria(91)) - Pipeline Placement: Doesn't meet the criteria to be viable node： c0a66530-d43a-4ae5-bdbb-2b9936068aaa Heaviness: 6 limit: 5
2019-09-20 14:24:12,486 [RatisPipelineUtilsThread] INFO  pipeline.PipelinePlacementPolicy (PipelinePlacementPolicy.java:meetCriteria(91)) - Pipeline Placement: Doesn't meet the criteria to be viable node： 93651a45-ffa4-4bae-ae49-6429ae7182bc Heaviness: 6 limit: 5
2019-09-20 14:24:12,486 [RatisPipelineUtilsThread] INFO  pipeline.PipelinePlacementPolicy (PipelinePlacementPolicy.java:meetCriteria(91)) - Pipeline Placement: Doesn't meet the criteria to be viable node： 926b0f41-0722-49ff-a592-68b703f22f49 Heaviness: 6 limit: 5
2019-09-20 14:24:12,487 [RatisPipelineUtilsThread] INFO  pipeline.PipelinePlacementPolicy (PipelinePlacementPolicy.java:meetCriteria(91)) - Pipeline Placement: Doesn't meet the criteria to be viable node： 7c330693-1e2f-4265-ad51-f8ae66fac775 Heaviness: 6 limit: 5
2019-09-20 14:24:12,487 | INFO  | SCMAudit | user=jenkins1000 | ip=192.168.36.99 | op=SEND_HEARTBEAT {datanodeUUID=c0a66530-d43a-4ae5-bdbb-2b9936068aaa, command=[]} | ret=SUCCESS |  
2019-09-20 14:24:12,500 [grpc-default-executor-0] INFO  impl.RaftServerProxy (RaftServerProxy.java:addNew(89)) - e0033df1-dced-4562-b4c4-a94a3cb6c131: addNew group-29D026B6EBAA:[e0033df1-dced-4562-b4c4-a94a3cb6c131:192.168.36.99:39317] returns group-29D026B6EBAA:java.util.concurrent.CompletableFuture@3f3b7fe2[Not completed]
2019-09-20 14:24:12,501 [pool-104-thread-1] INFO  impl.RaftServerImpl (RaftServerImpl.java:<init>(93)) - e0033df1-dced-4562-b4c4-a94a3cb6c131: new RaftServerImpl for group-29D026B6EBAA:[e0033df1-dced-4562-b4c4-a94a3cb6c131:192.168.36.99:39317] with ContainerStateMachine:uninitialized
2019-09-20 14:24:12,501 [pool-104-thread-1] INFO  server.RaftServerConfigKeys (ConfUtils.java:logGet(43)) - raft.server.rpc.timeout.min = 5s (custom)
2019-09-20 14:24:12,501 [pool-104-thread-1] INFO  server.RaftServerConfigKeys (ConfUtils.java:logGet(43)) - raft.server.rpc.timeout.max = 5200ms (custom)
2019-09-20 14:24:12,502 [pool-104-thread-1] INFO  server.RaftServerConfigKeys (ConfUtils.java:logGet(43)) - raft.server.rpcslowness.timeout = 120s (custom)
2019-09-20 14:24:12,502 [pool-104-thread-1] INFO  server.RaftServerConfigKeys (ConfUtils.java:logGet(43)) - raft.server.sleep.deviation.threshold = 300 (default)
2019-09-20 14:24:12,502 [pool-104-thread-1] INFO  server.RaftServerConfigKeys (ConfUtils.java:logGet(43)) - raft.server.log.appender.install.snapshot.enabled = false (custom)
2019-09-20 14:24:12,502 [pool-104-thread-1] INFO  impl.RaftServerImpl (ServerState.java:<init>(105)) - e0033df1-dced-4562-b4c4-a94a3cb6c131:group-29D026B6EBAA ConfigurationManager, init=-1: [e0033df1-dced-4562-b4c4-a94a3cb6c131:192.168.36.99:39317], old=null, confs=<EMPTY_MAP>
2019-09-20 14:24:12,502 [pool-104-thread-1] INFO  server.RaftServerConfigKeys (ConfUtils.java:logGet(43)) - raft.server.storage.dir = [/workdir/hadoop-ozone/ozonefs/target/test-dir/MiniOzoneClusterImpl-72e1902e-de17-4929-8ada-cc6049662493/datanode-7/data/ratis] (custom)
2019-09-20 14:24:12,502 [pool-104-thread-1] INFO  storage.RaftStorageDirectory (RaftStorageDirectory.java:analyzeStorage(246)) - The storage directory /workdir/hadoop-ozone/ozonefs/target/test-dir/MiniOzoneClusterImpl-72e1902e-de17-4929-8ada-cc6049662493/datanode-7/data/ratis/78547e6f-aa43-497b-a9bc-29d026b6ebaa does not exist. Creating ...
2019-09-20 14:24:12,536 [pool-104-thread-1] INFO  storage.RaftStorageDirectory (RaftStorageDirectory.java:tryLock(328)) - Lock on /workdir/hadoop-ozone/ozonefs/target/test-dir/MiniOzoneClusterImpl-72e1902e-de17-4929-8ada-cc6049662493/datanode-7/data/ratis/78547e6f-aa43-497b-a9bc-29d026b6ebaa/in_use.lock acquired by nodename 20069@pr-hdds-1569-p5fx8-1226042367
2019-09-20 14:24:12,571 [pool-104-thread-1] INFO  storage.RaftStorage (RaftStorage.java:format(72)) - Storage directory /workdir/hadoop-ozone/ozonefs/target/test-dir/MiniOzoneClusterImpl-72e1902e-de17-4929-8ada-cc6049662493/datanode-7/data/ratis/78547e6f-aa43-497b-a9bc-29d026b6ebaa has been successfully formatted.
2019-09-20 14:24:12,571 [pool-104-thread-1] INFO  ratis.ContainerStateMachine (ContainerStateMachine.java:loadSnapshot(226)) - group-29D026B6EBAA: The snapshot info is null. Setting the last applied indexto:(t:0, i:~)
2019-09-20 14:24:12,571 [pool-104-thread-1] INFO  server.RaftServerConfigKeys (ConfUtils.java:logGet(43)) - raft.server.leader.election.timeout = 120s (custom)
2019-09-20 14:24:12,572 [pool-104-thread-1] INFO  server.RaftServerConfigKeys (ConfUtils.java:logGet(43)) - raft.server.log.use.memory = false (default)
2019-09-20 14:24:12,572 [pool-104-thread-1] INFO  server.RaftServerConfigKeys (ConfUtils.java:logGet(43)) - raft.server.log.purge.gap = 1000000 (custom)
2019-09-20 14:24:12,572 [pool-104-thread-1] INFO  server.RaftServerConfigKeys (ConfUtils.java:logGet(43)) - raft.server.log.appender.buffer.byte-limit = 33554432 (custom)
2019-09-20 14:24:12,572 [pool-104-thread-1] INFO  server.RaftServerConfigKeys (ConfUtils.java:logGet(43)) - raft.server.log.segment.size.max = 1048576 (custom)
2019-09-20 14:24:12,572 [pool-104-thread-1] INFO  server.RaftServerConfigKeys (ConfUtils.java:logGet(43)) - raft.server.log.segment.cache.num.max = 2 (custom)
2019-09-20 14:24:12,572 [pool-104-thread-1] INFO  segmented.SegmentedRaftLogWorker (SegmentedRaftLogWorker.java:<init>(172)) - new e0033df1-dced-4562-b4c4-a94a3cb6c131-SegmentedRaftLogWorker:Storage Directory /workdir/hadoop-ozone/ozonefs/target/test-dir/MiniOzoneClusterImpl-72e1902e-de17-4929-8ada-cc6049662493/datanode-7/data/ratis/78547e6f-aa43-497b-a9bc-29d026b6ebaa for RaftStorage:Storage Directory /workdir/hadoop-ozone/ozonefs/target/test-dir/MiniOzoneClusterImpl-72e1902e-de17-4929-8ada-cc6049662493/datanode-7/data/ratis/78547e6f-aa43-497b-a9bc-29d026b6ebaa
2019-09-20 14:24:12,573 [pool-104-thread-1] INFO  server.RaftServerConfigKeys (ConfUtils.java:logGet(43)) - raft.server.log.queue.byte-limit = 2147483647 (custom)
2019-09-20 14:24:12,573 [pool-104-thread-1] INFO  server.RaftServerConfigKeys (ConfUtils.java:logGet(43)) - raft.server.log.queue.element-limit = 1024 (custom)
2019-09-20 14:24:12,573 [pool-104-thread-1] INFO  server.RaftServerConfigKeys (ConfUtils.java:logGet(43)) - raft.server.log.segment.size.max = 1048576 (custom)
2019-09-20 14:24:12,573 [pool-104-thread-1] INFO  server.RaftServerConfigKeys (ConfUtils.java:logGet(43)) - raft.server.log.preallocated.size = 16384 (custom)
2019-09-20 14:24:12,573 [pool-104-thread-1] INFO  server.RaftServerConfigKeys (ConfUtils.java:logGet(43)) - raft.server.log.write.buffer.size = 33554432 (custom)
2019-09-20 14:24:12,573 [pool-104-thread-1] INFO  server.RaftServerConfigKeys (ConfUtils.java:logGet(43)) - raft.server.log.force.sync.num = 128 (default)
2019-09-20 14:24:12,574 [pool-104-thread-1] INFO  server.RaftServerConfigKeys (ConfUtils.java:logGet(43)) - raft.server.log.statemachine.data.sync = true (default)
2019-09-20 14:24:12,574 [pool-104-thread-1] INFO  server.RaftServerConfigKeys (ConfUtils.java:logGet(43)) - raft.server.log.statemachine.data.sync.timeout = 10s (default)
2019-09-20 14:24:12,574 [pool-104-thread-1] INFO  server.RaftServerConfigKeys (ConfUtils.java:logGet(43)) - raft.server.log.statemachine.data.sync.timeout.retry = -1 (default)
2019-09-20 14:24:12,574 [pool-104-thread-1] INFO  server.RaftServerConfigKeys (ConfUtils.java:logGet(43)) - raft.server.log.statemachine.data.caching.enabled = true (custom)
2019-09-20 14:24:12,574 [pool-104-thread-1] INFO  segmented.SegmentedRaftLogWorker (SegmentedRaftLogWorker.java:lambda$new$0(132)) - e0033df1-dced-4562-b4c4-a94a3cb6c131-SegmentedRaftLogWorker:Storage Directory /workdir/hadoop-ozone/ozonefs/target/test-dir/MiniOzoneClusterImpl-72e1902e-de17-4929-8ada-cc6049662493/datanode-7/data/ratis/78547e6f-aa43-497b-a9bc-29d026b6ebaa: flushIndex: setUnconditionally 0 -> -1
2019-09-20 14:24:12,575 [pool-104-thread-1] INFO  server.RaftServerConfigKeys (ConfUtils.java:logGet(43)) - raft.server.snapshot.auto.trigger.enabled = true (custom)
2019-09-20 14:24:12,575 [pool-104-thread-1] INFO  server.RaftServerConfigKeys (ConfUtils.java:logGet(43)) - raft.server.snapshot.auto.trigger.threshold = 10000 (custom)
2019-09-20 14:24:12,575 [pool-104-thread-1] INFO  server.RaftServerConfigKeys (ConfUtils.java:logGet(43)) - raft.server.retrycache.expirytime = 600000ms (custom)
2019-09-20 14:24:12,576 [pool-104-thread-1] INFO  impl.RaftServerImpl (RaftServerImpl.java:start(180)) - e0033df1-dced-4562-b4c4-a94a3cb6c131: start group-29D026B6EBAA
2019-09-20 14:24:12,576 [pool-104-thread-1] INFO  impl.RaftServerImpl (RaftServerImpl.java:setRole(171)) - e0033df1-dced-4562-b4c4-a94a3cb6c131:group-29D026B6EBAA changes role from null to FOLLOWER at term 0 for startAsFollower
2019-09-20 14:24:12,576 [pool-104-thread-1] INFO  impl.RoleInfo (RoleInfo.java:updateAndGet(143)) - e0033df1-dced-4562-b4c4-a94a3cb6c131: start FollowerState
2019-09-20 14:24:12,576 [pool-104-thread-1] INFO  util.JmxRegister (JmxRegister.java:tryRegister(44)) - Successfully registered JMX Bean with object name Ratis:service=RaftServer,group=group-29D026B6EBAA,id=e0033df1-dced-4562-b4c4-a94a3cb6c131
2019-09-20 14:24:12,584 [RatisPipelineUtilsThread] INFO  pipeline.PipelineStateManager (PipelineStateManager.java:addPipeline(56)) - Created pipeline Pipeline[ Id: 78547e6f-aa43-497b-a9bc-29d026b6ebaa, Nodes: e0033df1-dced-4562-b4c4-a94a3cb6c131{ip: 192.168.36.99, host: pr-hdds-1569-p5fx8-1226042367, networkLocation: /default-rack, certSerialId: null}, Type:RATIS, Factor:ONE, State:OPEN]
2019-09-20 14:24:12,588 [RatisPipelineUtilsThread] INFO  pipeline.PipelinePlacementPolicy (PipelinePlacementPolicy.java:meetCriteria(91)) - Pipeline Placement: Doesn't meet the criteria to be viable node： c0a66530-d43a-4ae5-bdbb-2b9936068aaa Heaviness: 6 limit: 5
2019-09-20 14:24:12,588 [RatisPipelineUtilsThread] INFO  pipeline.PipelinePlacementPolicy (PipelinePlacementPolicy.java:meetCriteria(91)) - Pipeline Placement: Doesn't meet the criteria to be viable node： 93651a45-ffa4-4bae-ae49-6429ae7182bc Heaviness: 6 limit: 5
2019-09-20 14:24:12,588 [RatisPipelineUtilsThread] INFO  pipeline.PipelinePlacementPolicy (PipelinePlacementPolicy.java:meetCriteria(91)) - Pipeline Placement: Doesn't meet the criteria to be viable node： 926b0f41-0722-49ff-a592-68b703f22f49 Heaviness: 6 limit: 5
2019-09-20 14:24:12,588 [RatisPipelineUtilsThread] INFO  pipeline.PipelinePlacementPolicy (PipelinePlacementPolicy.java:meetCriteria(91)) - Pipeline Placement: Doesn't meet the criteria to be viable node： 7c330693-1e2f-4265-ad51-f8ae66fac775 Heaviness: 6 limit: 5
2019-09-20 14:24:12,600 [grpc-default-executor-0] INFO  impl.RaftServerProxy (RaftServerProxy.java:addNew(89)) - 4b9e2e33-9606-42c4-a38b-d8e2568a9ed5: addNew group-9A23F645551A:[4b9e2e33-9606-42c4-a38b-d8e2568a9ed5:192.168.36.99:41206] returns group-9A23F645551A:java.util.concurrent.CompletableFuture@29a7ccaa[Not completed]
2019-09-20 14:24:12,601 [pool-60-thread-1] INFO  impl.RaftServerImpl (RaftServerImpl.java:<init>(93)) - 4b9e2e33-9606-42c4-a38b-d8e2568a9ed5: new RaftServerImpl for group-9A23F645551A:[4b9e2e33-9606-42c4-a38b-d8e2568a9ed5:192.168.36.99:41206] with ContainerStateMachine:uninitialized
2019-09-20 14:24:12,601 [pool-60-thread-1] INFO  server.RaftServerConfigKeys (ConfUtils.java:logGet(43)) - raft.server.rpc.timeout.min = 5s (custom)
2019-09-20 14:24:12,601 [pool-60-thread-1] INFO  server.RaftServerConfigKeys (ConfUtils.java:logGet(43)) - raft.server.rpc.timeout.max = 5200ms (custom)
2019-09-20 14:24:12,602 [pool-60-thread-1] INFO  server.RaftServerConfigKeys (ConfUtils.java:logGet(43)) - raft.server.rpcslowness.timeout = 120s (custom)
2019-09-20 14:24:12,602 [pool-60-thread-1] INFO  server.RaftServerConfigKeys (ConfUtils.java:logGet(43)) - raft.server.sleep.deviation.threshold = 300 (default)
2019-09-20 14:24:12,602 [pool-60-thread-1] INFO  server.RaftServerConfigKeys (ConfUtils.java:logGet(43)) - raft.server.log.appender.install.snapshot.enabled = false (custom)
2019-09-20 14:24:12,602 [pool-60-thread-1] INFO  impl.RaftServerImpl (ServerState.java:<init>(105)) - 4b9e2e33-9606-42c4-a38b-d8e2568a9ed5:group-9A23F645551A ConfigurationManager, init=-1: [4b9e2e33-9606-42c4-a38b-d8e2568a9ed5:192.168.36.99:41206], old=null, confs=<EMPTY_MAP>
2019-09-20 14:24:12,602 [pool-60-thread-1] INFO  server.RaftServerConfigKeys (ConfUtils.java:logGet(43)) - raft.server.storage.dir = [/workdir/hadoop-ozone/ozonefs/target/test-dir/MiniOzoneClusterImpl-72e1902e-de17-4929-8ada-cc6049662493/datanode-3/data/ratis] (custom)
2019-09-20 14:24:12,603 [pool-60-thread-1] INFO  storage.RaftStorageDirectory (RaftStorageDirectory.java:analyzeStorage(246)) - The storage directory /workdir/hadoop-ozone/ozonefs/target/test-dir/MiniOzoneClusterImpl-72e1902e-de17-4929-8ada-cc6049662493/datanode-3/data/ratis/b0740f61-8c9b-4160-a514-9a23f645551a does not exist. Creating ...
2019-09-20 14:24:12,638 [pool-60-thread-1] INFO  storage.RaftStorageDirectory (RaftStorageDirectory.java:tryLock(328)) - Lock on /workdir/hadoop-ozone/ozonefs/target/test-dir/MiniOzoneClusterImpl-72e1902e-de17-4929-8ada-cc6049662493/datanode-3/data/ratis/b0740f61-8c9b-4160-a514-9a23f645551a/in_use.lock acquired by nodename 20069@pr-hdds-1569-p5fx8-1226042367
2019-09-20 14:24:12,658 | INFO  | SCMAudit | user=jenkins1000 | ip=192.168.36.99 | op=SEND_HEARTBEAT {datanodeUUID=f44a1c99-f9ac-4ca4-85ec-e98b84e0ebc2, command=[]} | ret=SUCCESS |  
2019-09-20 14:24:12,667 | INFO  | SCMAudit | user=jenkins1000 | ip=192.168.36.99 | op=SEND_HEARTBEAT {datanodeUUID=ea2f062a-dcfd-4d75-88ac-6c4e2f0364da, command=[]} | ret=SUCCESS |  
2019-09-20 14:24:12,672 [pool-60-thread-1] INFO  storage.RaftStorage (RaftStorage.java:format(72)) - Storage directory /workdir/hadoop-ozone/ozonefs/target/test-dir/MiniOzoneClusterImpl-72e1902e-de17-4929-8ada-cc6049662493/datanode-3/data/ratis/b0740f61-8c9b-4160-a514-9a23f645551a has been successfully formatted.
2019-09-20 14:24:12,672 [pool-60-thread-1] INFO  ratis.ContainerStateMachine (ContainerStateMachine.java:loadSnapshot(226)) - group-9A23F645551A: The snapshot info is null. Setting the last applied indexto:(t:0, i:~)
2019-09-20 14:24:12,672 [pool-60-thread-1] INFO  server.RaftServerConfigKeys (ConfUtils.java:logGet(43)) - raft.server.leader.election.timeout = 120s (custom)
2019-09-20 14:24:12,672 [pool-60-thread-1] INFO  server.RaftServerConfigKeys (ConfUtils.java:logGet(43)) - raft.server.log.use.memory = false (default)
2019-09-20 14:24:12,673 [pool-60-thread-1] INFO  server.RaftServerConfigKeys (ConfUtils.java:logGet(43)) - raft.server.log.purge.gap = 1000000 (custom)
2019-09-20 14:24:12,673 [pool-60-thread-1] INFO  server.RaftServerConfigKeys (ConfUtils.java:logGet(43)) - raft.server.log.appender.buffer.byte-limit = 33554432 (custom)
2019-09-20 14:24:12,673 [pool-60-thread-1] INFO  server.RaftServerConfigKeys (ConfUtils.java:logGet(43)) - raft.server.log.segment.size.max = 1048576 (custom)
2019-09-20 14:24:12,673 [pool-60-thread-1] INFO  server.RaftServerConfigKeys (ConfUtils.java:logGet(43)) - raft.server.log.segment.cache.num.max = 2 (custom)
2019-09-20 14:24:12,673 [pool-60-thread-1] INFO  segmented.SegmentedRaftLogWorker (SegmentedRaftLogWorker.java:<init>(172)) - new 4b9e2e33-9606-42c4-a38b-d8e2568a9ed5-SegmentedRaftLogWorker:Storage Directory /workdir/hadoop-ozone/ozonefs/target/test-dir/MiniOzoneClusterImpl-72e1902e-de17-4929-8ada-cc6049662493/datanode-3/data/ratis/b0740f61-8c9b-4160-a514-9a23f645551a for RaftStorage:Storage Directory /workdir/hadoop-ozone/ozonefs/target/test-dir/MiniOzoneClusterImpl-72e1902e-de17-4929-8ada-cc6049662493/datanode-3/data/ratis/b0740f61-8c9b-4160-a514-9a23f645551a
2019-09-20 14:24:12,674 [pool-60-thread-1] INFO  server.RaftServerConfigKeys (ConfUtils.java:logGet(43)) - raft.server.log.queue.byte-limit = 2147483647 (custom)
2019-09-20 14:24:12,674 [pool-60-thread-1] INFO  server.RaftServerConfigKeys (ConfUtils.java:logGet(43)) - raft.server.log.queue.element-limit = 1024 (custom)
2019-09-20 14:24:12,674 [pool-60-thread-1] INFO  server.RaftServerConfigKeys (ConfUtils.java:logGet(43)) - raft.server.log.segment.size.max = 1048576 (custom)
2019-09-20 14:24:12,674 [pool-60-thread-1] INFO  server.RaftServerConfigKeys (ConfUtils.java:logGet(43)) - raft.server.log.preallocated.size = 16384 (custom)
2019-09-20 14:24:12,674 [pool-60-thread-1] INFO  server.RaftServerConfigKeys (ConfUtils.java:logGet(43)) - raft.server.log.write.buffer.size = 33554432 (custom)
2019-09-20 14:24:12,674 [pool-60-thread-1] INFO  server.RaftServerConfigKeys (ConfUtils.java:logGet(43)) - raft.server.log.force.sync.num = 128 (default)
2019-09-20 14:24:12,675 [pool-60-thread-1] INFO  server.RaftServerConfigKeys (ConfUtils.java:logGet(43)) - raft.server.log.statemachine.data.sync = true (default)
2019-09-20 14:24:12,675 [pool-60-thread-1] INFO  server.RaftServerConfigKeys (ConfUtils.java:logGet(43)) - raft.server.log.statemachine.data.sync.timeout = 10s (default)
2019-09-20 14:24:12,675 [pool-60-thread-1] INFO  server.RaftServerConfigKeys (ConfUtils.java:logGet(43)) - raft.server.log.statemachine.data.sync.timeout.retry = -1 (default)
2019-09-20 14:24:12,675 [pool-60-thread-1] INFO  server.RaftServerConfigKeys (ConfUtils.java:logGet(43)) - raft.server.log.statemachine.data.caching.enabled = true (custom)
2019-09-20 14:24:12,676 [pool-60-thread-1] INFO  segmented.SegmentedRaftLogWorker (SegmentedRaftLogWorker.java:lambda$new$0(132)) - 4b9e2e33-9606-42c4-a38b-d8e2568a9ed5-SegmentedRaftLogWorker:Storage Directory /workdir/hadoop-ozone/ozonefs/target/test-dir/MiniOzoneClusterImpl-72e1902e-de17-4929-8ada-cc6049662493/datanode-3/data/ratis/b0740f61-8c9b-4160-a514-9a23f645551a: flushIndex: setUnconditionally 0 -> -1
2019-09-20 14:24:12,676 [pool-60-thread-1] INFO  server.RaftServerConfigKeys (ConfUtils.java:logGet(43)) - raft.server.snapshot.auto.trigger.enabled = true (custom)
2019-09-20 14:24:12,676 [pool-60-thread-1] INFO  server.RaftServerConfigKeys (ConfUtils.java:logGet(43)) - raft.server.snapshot.auto.trigger.threshold = 10000 (custom)
2019-09-20 14:24:12,677 [pool-60-thread-1] INFO  server.RaftServerConfigKeys (ConfUtils.java:logGet(43)) - raft.server.retrycache.expirytime = 600000ms (custom)
2019-09-20 14:24:12,677 [pool-60-thread-1] INFO  impl.RaftServerImpl (RaftServerImpl.java:start(180)) - 4b9e2e33-9606-42c4-a38b-d8e2568a9ed5: start group-9A23F645551A
2019-09-20 14:24:12,677 [pool-60-thread-1] INFO  impl.RaftServerImpl (RaftServerImpl.java:setRole(171)) - 4b9e2e33-9606-42c4-a38b-d8e2568a9ed5:group-9A23F645551A changes role from null to FOLLOWER at term 0 for startAsFollower
2019-09-20 14:24:12,677 [pool-60-thread-1] INFO  impl.RoleInfo (RoleInfo.java:updateAndGet(143)) - 4b9e2e33-9606-42c4-a38b-d8e2568a9ed5: start FollowerState
2019-09-20 14:24:12,678 [pool-60-thread-1] INFO  util.JmxRegister (JmxRegister.java:tryRegister(44)) - Successfully registered JMX Bean with object name Ratis:service=RaftServer,group=group-9A23F645551A,id=4b9e2e33-9606-42c4-a38b-d8e2568a9ed5
2019-09-20 14:24:12,684 [RatisPipelineUtilsThread] INFO  pipeline.PipelineStateManager (PipelineStateManager.java:addPipeline(56)) - Created pipeline Pipeline[ Id: b0740f61-8c9b-4160-a514-9a23f645551a, Nodes: 4b9e2e33-9606-42c4-a38b-d8e2568a9ed5{ip: 192.168.36.99, host: pr-hdds-1569-p5fx8-1226042367, networkLocation: /default-rack, certSerialId: null}, Type:RATIS, Factor:ONE, State:OPEN]
2019-09-20 14:24:12,687 [RatisPipelineUtilsThread] INFO  pipeline.PipelinePlacementPolicy (PipelinePlacementPolicy.java:meetCriteria(91)) - Pipeline Placement: Doesn't meet the criteria to be viable node： c0a66530-d43a-4ae5-bdbb-2b9936068aaa Heaviness: 6 limit: 5
2019-09-20 14:24:12,687 [RatisPipelineUtilsThread] INFO  pipeline.PipelinePlacementPolicy (PipelinePlacementPolicy.java:meetCriteria(91)) - Pipeline Placement: Doesn't meet the criteria to be viable node： 93651a45-ffa4-4bae-ae49-6429ae7182bc Heaviness: 6 limit: 5
2019-09-20 14:24:12,687 [RatisPipelineUtilsThread] INFO  pipeline.PipelinePlacementPolicy (PipelinePlacementPolicy.java:meetCriteria(91)) - Pipeline Placement: Doesn't meet the criteria to be viable node： 926b0f41-0722-49ff-a592-68b703f22f49 Heaviness: 6 limit: 5
2019-09-20 14:24:12,687 [RatisPipelineUtilsThread] INFO  pipeline.PipelinePlacementPolicy (PipelinePlacementPolicy.java:meetCriteria(91)) - Pipeline Placement: Doesn't meet the criteria to be viable node： 4b9e2e33-9606-42c4-a38b-d8e2568a9ed5 Heaviness: 6 limit: 5
2019-09-20 14:24:12,687 [RatisPipelineUtilsThread] INFO  pipeline.PipelinePlacementPolicy (PipelinePlacementPolicy.java:meetCriteria(91)) - Pipeline Placement: Doesn't meet the criteria to be viable node： 7c330693-1e2f-4265-ad51-f8ae66fac775 Heaviness: 6 limit: 5
2019-09-20 14:24:12,706 [grpc-default-executor-0] INFO  impl.RaftServerProxy (RaftServerProxy.java:addNew(89)) - f44a1c99-f9ac-4ca4-85ec-e98b84e0ebc2: addNew group-3D6C423E0720:[f44a1c99-f9ac-4ca4-85ec-e98b84e0ebc2:192.168.36.99:39362] returns group-3D6C423E0720:java.util.concurrent.CompletableFuture@196f4e6c[Not completed]
2019-09-20 14:24:12,708 [pool-82-thread-1] INFO  impl.RaftServerImpl (RaftServerImpl.java:<init>(93)) - f44a1c99-f9ac-4ca4-85ec-e98b84e0ebc2: new RaftServerImpl for group-3D6C423E0720:[f44a1c99-f9ac-4ca4-85ec-e98b84e0ebc2:192.168.36.99:39362] with ContainerStateMachine:uninitialized
2019-09-20 14:24:12,708 [pool-82-thread-1] INFO  server.RaftServerConfigKeys (ConfUtils.java:logGet(43)) - raft.server.rpc.timeout.min = 5s (custom)
2019-09-20 14:24:12,708 [pool-82-thread-1] INFO  server.RaftServerConfigKeys (ConfUtils.java:logGet(43)) - raft.server.rpc.timeout.max = 5200ms (custom)
2019-09-20 14:24:12,709 [pool-82-thread-1] INFO  server.RaftServerConfigKeys (ConfUtils.java:logGet(43)) - raft.server.rpcslowness.timeout = 120s (custom)
2019-09-20 14:24:12,709 [pool-82-thread-1] INFO  server.RaftServerConfigKeys (ConfUtils.java:logGet(43)) - raft.server.sleep.deviation.threshold = 300 (default)
2019-09-20 14:24:12,709 [pool-82-thread-1] INFO  server.RaftServerConfigKeys (ConfUtils.java:logGet(43)) - raft.server.log.appender.install.snapshot.enabled = false (custom)
2019-09-20 14:24:12,709 [pool-82-thread-1] INFO  impl.RaftServerImpl (ServerState.java:<init>(105)) - f44a1c99-f9ac-4ca4-85ec-e98b84e0ebc2:group-3D6C423E0720 ConfigurationManager, init=-1: [f44a1c99-f9ac-4ca4-85ec-e98b84e0ebc2:192.168.36.99:39362], old=null, confs=<EMPTY_MAP>
2019-09-20 14:24:12,709 [pool-82-thread-1] INFO  server.RaftServerConfigKeys (ConfUtils.java:logGet(43)) - raft.server.storage.dir = [/workdir/hadoop-ozone/ozonefs/target/test-dir/MiniOzoneClusterImpl-72e1902e-de17-4929-8ada-cc6049662493/datanode-5/data/ratis] (custom)
2019-09-20 14:24:12,710 [pool-82-thread-1] INFO  storage.RaftStorageDirectory (RaftStorageDirectory.java:analyzeStorage(246)) - The storage directory /workdir/hadoop-ozone/ozonefs/target/test-dir/MiniOzoneClusterImpl-72e1902e-de17-4929-8ada-cc6049662493/datanode-5/data/ratis/569d3efa-f468-45b0-824a-3d6c423e0720 does not exist. Creating ...
2019-09-20 14:24:12,739 [pool-82-thread-1] INFO  storage.RaftStorageDirectory (RaftStorageDirectory.java:tryLock(328)) - Lock on /workdir/hadoop-ozone/ozonefs/target/test-dir/MiniOzoneClusterImpl-72e1902e-de17-4929-8ada-cc6049662493/datanode-5/data/ratis/569d3efa-f468-45b0-824a-3d6c423e0720/in_use.lock acquired by nodename 20069@pr-hdds-1569-p5fx8-1226042367
2019-09-20 14:24:12,747 | INFO  | SCMAudit | user=jenkins1000 | ip=192.168.36.99 | op=SEND_HEARTBEAT {datanodeUUID=926b0f41-0722-49ff-a592-68b703f22f49, command=[]} | ret=SUCCESS |  
2019-09-20 14:24:12,789 [pool-82-thread-1] INFO  storage.RaftStorage (RaftStorage.java:format(72)) - Storage directory /workdir/hadoop-ozone/ozonefs/target/test-dir/MiniOzoneClusterImpl-72e1902e-de17-4929-8ada-cc6049662493/datanode-5/data/ratis/569d3efa-f468-45b0-824a-3d6c423e0720 has been successfully formatted.
2019-09-20 14:24:12,789 [pool-82-thread-1] INFO  ratis.ContainerStateMachine (ContainerStateMachine.java:loadSnapshot(226)) - group-3D6C423E0720: The snapshot info is null. Setting the last applied indexto:(t:0, i:~)
2019-09-20 14:24:12,790 [pool-82-thread-1] INFO  server.RaftServerConfigKeys (ConfUtils.java:logGet(43)) - raft.server.leader.election.timeout = 120s (custom)
2019-09-20 14:24:12,790 [pool-82-thread-1] INFO  server.RaftServerConfigKeys (ConfUtils.java:logGet(43)) - raft.server.log.use.memory = false (default)
2019-09-20 14:24:12,790 [pool-82-thread-1] INFO  server.RaftServerConfigKeys (ConfUtils.java:logGet(43)) - raft.server.log.purge.gap = 1000000 (custom)
2019-09-20 14:24:12,790 [pool-82-thread-1] INFO  server.RaftServerConfigKeys (ConfUtils.java:logGet(43)) - raft.server.log.appender.buffer.byte-limit = 33554432 (custom)
2019-09-20 14:24:12,790 [pool-82-thread-1] INFO  server.RaftServerConfigKeys (ConfUtils.java:logGet(43)) - raft.server.log.segment.size.max = 1048576 (custom)
2019-09-20 14:24:12,790 [pool-82-thread-1] INFO  server.RaftServerConfigKeys (ConfUtils.java:logGet(43)) - raft.server.log.segment.cache.num.max = 2 (custom)
2019-09-20 14:24:12,791 [pool-82-thread-1] INFO  segmented.SegmentedRaftLogWorker (SegmentedRaftLogWorker.java:<init>(172)) - new f44a1c99-f9ac-4ca4-85ec-e98b84e0ebc2-SegmentedRaftLogWorker:Storage Directory /workdir/hadoop-ozone/ozonefs/target/test-dir/MiniOzoneClusterImpl-72e1902e-de17-4929-8ada-cc6049662493/datanode-5/data/ratis/569d3efa-f468-45b0-824a-3d6c423e0720 for RaftStorage:Storage Directory /workdir/hadoop-ozone/ozonefs/target/test-dir/MiniOzoneClusterImpl-72e1902e-de17-4929-8ada-cc6049662493/datanode-5/data/ratis/569d3efa-f468-45b0-824a-3d6c423e0720
2019-09-20 14:24:12,791 [pool-82-thread-1] INFO  server.RaftServerConfigKeys (ConfUtils.java:logGet(43)) - raft.server.log.queue.byte-limit = 2147483647 (custom)
2019-09-20 14:24:12,791 [pool-82-thread-1] INFO  server.RaftServerConfigKeys (ConfUtils.java:logGet(43)) - raft.server.log.queue.element-limit = 1024 (custom)
2019-09-20 14:24:12,791 [pool-82-thread-1] INFO  server.RaftServerConfigKeys (ConfUtils.java:logGet(43)) - raft.server.log.segment.size.max = 1048576 (custom)
2019-09-20 14:24:12,791 [pool-82-thread-1] INFO  server.RaftServerConfigKeys (ConfUtils.java:logGet(43)) - raft.server.log.preallocated.size = 16384 (custom)
2019-09-20 14:24:12,791 [pool-82-thread-1] INFO  server.RaftServerConfigKeys (ConfUtils.java:logGet(43)) - raft.server.log.write.buffer.size = 33554432 (custom)
2019-09-20 14:24:12,792 [pool-82-thread-1] INFO  server.RaftServerConfigKeys (ConfUtils.java:logGet(43)) - raft.server.log.force.sync.num = 128 (default)
2019-09-20 14:24:12,792 [pool-82-thread-1] INFO  server.RaftServerConfigKeys (ConfUtils.java:logGet(43)) - raft.server.log.statemachine.data.sync = true (default)
2019-09-20 14:24:12,792 [pool-82-thread-1] INFO  server.RaftServerConfigKeys (ConfUtils.java:logGet(43)) - raft.server.log.statemachine.data.sync.timeout = 10s (default)
2019-09-20 14:24:12,792 [pool-82-thread-1] INFO  server.RaftServerConfigKeys (ConfUtils.java:logGet(43)) - raft.server.log.statemachine.data.sync.timeout.retry = -1 (default)
2019-09-20 14:24:12,792 [pool-82-thread-1] INFO  server.RaftServerConfigKeys (ConfUtils.java:logGet(43)) - raft.server.log.statemachine.data.caching.enabled = true (custom)
2019-09-20 14:24:12,793 [pool-82-thread-1] INFO  segmented.SegmentedRaftLogWorker (SegmentedRaftLogWorker.java:lambda$new$0(132)) - f44a1c99-f9ac-4ca4-85ec-e98b84e0ebc2-SegmentedRaftLogWorker:Storage Directory /workdir/hadoop-ozone/ozonefs/target/test-dir/MiniOzoneClusterImpl-72e1902e-de17-4929-8ada-cc6049662493/datanode-5/data/ratis/569d3efa-f468-45b0-824a-3d6c423e0720: flushIndex: setUnconditionally 0 -> -1
2019-09-20 14:24:12,793 [pool-82-thread-1] INFO  server.RaftServerConfigKeys (ConfUtils.java:logGet(43)) - raft.server.snapshot.auto.trigger.enabled = true (custom)
2019-09-20 14:24:12,793 [pool-82-thread-1] INFO  server.RaftServerConfigKeys (ConfUtils.java:logGet(43)) - raft.server.snapshot.auto.trigger.threshold = 10000 (custom)
2019-09-20 14:24:12,793 [pool-82-thread-1] INFO  server.RaftServerConfigKeys (ConfUtils.java:logGet(43)) - raft.server.retrycache.expirytime = 600000ms (custom)
2019-09-20 14:24:12,794 [pool-82-thread-1] INFO  impl.RaftServerImpl (RaftServerImpl.java:start(180)) - f44a1c99-f9ac-4ca4-85ec-e98b84e0ebc2: start group-3D6C423E0720
2019-09-20 14:24:12,794 [pool-82-thread-1] INFO  impl.RaftServerImpl (RaftServerImpl.java:setRole(171)) - f44a1c99-f9ac-4ca4-85ec-e98b84e0ebc2:group-3D6C423E0720 changes role from null to FOLLOWER at term 0 for startAsFollower
2019-09-20 14:24:12,794 [pool-82-thread-1] INFO  impl.RoleInfo (RoleInfo.java:updateAndGet(143)) - f44a1c99-f9ac-4ca4-85ec-e98b84e0ebc2: start FollowerState
2019-09-20 14:24:12,795 [pool-82-thread-1] INFO  util.JmxRegister (JmxRegister.java:tryRegister(44)) - Successfully registered JMX Bean with object name Ratis:service=RaftServer,group=group-3D6C423E0720,id=f44a1c99-f9ac-4ca4-85ec-e98b84e0ebc2
2019-09-20 14:24:12,803 [RatisPipelineUtilsThread] INFO  pipeline.PipelineStateManager (PipelineStateManager.java:addPipeline(56)) - Created pipeline Pipeline[ Id: 569d3efa-f468-45b0-824a-3d6c423e0720, Nodes: f44a1c99-f9ac-4ca4-85ec-e98b84e0ebc2{ip: 192.168.36.99, host: pr-hdds-1569-p5fx8-1226042367, networkLocation: /default-rack, certSerialId: null}, Type:RATIS, Factor:ONE, State:OPEN]
2019-09-20 14:24:12,813 [RatisPipelineUtilsThread] INFO  pipeline.PipelinePlacementPolicy (PipelinePlacementPolicy.java:meetCriteria(91)) - Pipeline Placement: Doesn't meet the criteria to be viable node： c0a66530-d43a-4ae5-bdbb-2b9936068aaa Heaviness: 6 limit: 5
2019-09-20 14:24:12,813 [RatisPipelineUtilsThread] INFO  pipeline.PipelinePlacementPolicy (PipelinePlacementPolicy.java:meetCriteria(91)) - Pipeline Placement: Doesn't meet the criteria to be viable node： 93651a45-ffa4-4bae-ae49-6429ae7182bc Heaviness: 6 limit: 5
2019-09-20 14:24:12,813 [RatisPipelineUtilsThread] INFO  pipeline.PipelinePlacementPolicy (PipelinePlacementPolicy.java:meetCriteria(91)) - Pipeline Placement: Doesn't meet the criteria to be viable node： 926b0f41-0722-49ff-a592-68b703f22f49 Heaviness: 6 limit: 5
2019-09-20 14:24:12,813 [RatisPipelineUtilsThread] INFO  pipeline.PipelinePlacementPolicy (PipelinePlacementPolicy.java:meetCriteria(91)) - Pipeline Placement: Doesn't meet the criteria to be viable node： 4b9e2e33-9606-42c4-a38b-d8e2568a9ed5 Heaviness: 6 limit: 5
2019-09-20 14:24:12,813 [RatisPipelineUtilsThread] INFO  pipeline.PipelinePlacementPolicy (PipelinePlacementPolicy.java:meetCriteria(91)) - Pipeline Placement: Doesn't meet the criteria to be viable node： 7c330693-1e2f-4265-ad51-f8ae66fac775 Heaviness: 6 limit: 5
2019-09-20 14:24:12,846 [grpc-default-executor-0] INFO  impl.RaftServerProxy (RaftServerProxy.java:addNew(89)) - ea2f062a-dcfd-4d75-88ac-6c4e2f0364da: addNew group-89A3441B125D:[ea2f062a-dcfd-4d75-88ac-6c4e2f0364da:192.168.36.99:35343] returns group-89A3441B125D:java.util.concurrent.CompletableFuture@3c2cc96d[Not completed]
2019-09-20 14:24:12,848 [pool-126-thread-1] INFO  impl.RaftServerImpl (RaftServerImpl.java:<init>(93)) - ea2f062a-dcfd-4d75-88ac-6c4e2f0364da: new RaftServerImpl for group-89A3441B125D:[ea2f062a-dcfd-4d75-88ac-6c4e2f0364da:192.168.36.99:35343] with ContainerStateMachine:uninitialized
2019-09-20 14:24:12,860 [pool-126-thread-1] INFO  server.RaftServerConfigKeys (ConfUtils.java:logGet(43)) - raft.server.rpc.timeout.min = 5s (custom)
2019-09-20 14:24:12,861 [pool-126-thread-1] INFO  server.RaftServerConfigKeys (ConfUtils.java:logGet(43)) - raft.server.rpc.timeout.max = 5200ms (custom)
2019-09-20 14:24:12,861 [pool-126-thread-1] INFO  server.RaftServerConfigKeys (ConfUtils.java:logGet(43)) - raft.server.rpcslowness.timeout = 120s (custom)
2019-09-20 14:24:12,861 [pool-126-thread-1] INFO  server.RaftServerConfigKeys (ConfUtils.java:logGet(43)) - raft.server.sleep.deviation.threshold = 300 (default)
2019-09-20 14:24:12,861 [pool-126-thread-1] INFO  server.RaftServerConfigKeys (ConfUtils.java:logGet(43)) - raft.server.log.appender.install.snapshot.enabled = false (custom)
2019-09-20 14:24:12,862 [pool-126-thread-1] INFO  impl.RaftServerImpl (ServerState.java:<init>(105)) - ea2f062a-dcfd-4d75-88ac-6c4e2f0364da:group-89A3441B125D ConfigurationManager, init=-1: [ea2f062a-dcfd-4d75-88ac-6c4e2f0364da:192.168.36.99:35343], old=null, confs=<EMPTY_MAP>
2019-09-20 14:24:12,862 [pool-126-thread-1] INFO  server.RaftServerConfigKeys (ConfUtils.java:logGet(43)) - raft.server.storage.dir = [/workdir/hadoop-ozone/ozonefs/target/test-dir/MiniOzoneClusterImpl-72e1902e-de17-4929-8ada-cc6049662493/datanode-9/data/ratis] (custom)
2019-09-20 14:24:12,862 [pool-126-thread-1] INFO  storage.RaftStorageDirectory (RaftStorageDirectory.java:analyzeStorage(246)) - The storage directory /workdir/hadoop-ozone/ozonefs/target/test-dir/MiniOzoneClusterImpl-72e1902e-de17-4929-8ada-cc6049662493/datanode-9/data/ratis/5c4b51da-e607-4b81-9dcc-89a3441b125d does not exist. Creating ...
2019-09-20 14:24:12,889 [pool-126-thread-1] INFO  storage.RaftStorageDirectory (RaftStorageDirectory.java:tryLock(328)) - Lock on /workdir/hadoop-ozone/ozonefs/target/test-dir/MiniOzoneClusterImpl-72e1902e-de17-4929-8ada-cc6049662493/datanode-9/data/ratis/5c4b51da-e607-4b81-9dcc-89a3441b125d/in_use.lock acquired by nodename 20069@pr-hdds-1569-p5fx8-1226042367
2019-09-20 14:24:12,927 | INFO  | SCMAudit | user=jenkins1000 | ip=192.168.36.99 | op=SEND_HEARTBEAT {datanodeUUID=9101a5c2-dfb1-4c31-830b-4c77eb758348, command=[]} | ret=SUCCESS |  
2019-09-20 14:24:12,970 [pool-126-thread-1] INFO  storage.RaftStorage (RaftStorage.java:format(72)) - Storage directory /workdir/hadoop-ozone/ozonefs/target/test-dir/MiniOzoneClusterImpl-72e1902e-de17-4929-8ada-cc6049662493/datanode-9/data/ratis/5c4b51da-e607-4b81-9dcc-89a3441b125d has been successfully formatted.
2019-09-20 14:24:12,971 [pool-126-thread-1] INFO  ratis.ContainerStateMachine (ContainerStateMachine.java:loadSnapshot(226)) - group-89A3441B125D: The snapshot info is null. Setting the last applied indexto:(t:0, i:~)
2019-09-20 14:24:12,971 [pool-126-thread-1] INFO  server.RaftServerConfigKeys (ConfUtils.java:logGet(43)) - raft.server.leader.election.timeout = 120s (custom)
2019-09-20 14:24:12,971 [pool-126-thread-1] INFO  server.RaftServerConfigKeys (ConfUtils.java:logGet(43)) - raft.server.log.use.memory = false (default)
2019-09-20 14:24:12,971 [pool-126-thread-1] INFO  server.RaftServerConfigKeys (ConfUtils.java:logGet(43)) - raft.server.log.purge.gap = 1000000 (custom)
2019-09-20 14:24:12,972 [pool-126-thread-1] INFO  server.RaftServerConfigKeys (ConfUtils.java:logGet(43)) - raft.server.log.appender.buffer.byte-limit = 33554432 (custom)
2019-09-20 14:24:12,972 [pool-126-thread-1] INFO  server.RaftServerConfigKeys (ConfUtils.java:logGet(43)) - raft.server.log.segment.size.max = 1048576 (custom)
2019-09-20 14:24:12,972 [pool-126-thread-1] INFO  server.RaftServerConfigKeys (ConfUtils.java:logGet(43)) - raft.server.log.segment.cache.num.max = 2 (custom)
2019-09-20 14:24:12,972 [pool-126-thread-1] INFO  segmented.SegmentedRaftLogWorker (SegmentedRaftLogWorker.java:<init>(172)) - new ea2f062a-dcfd-4d75-88ac-6c4e2f0364da-SegmentedRaftLogWorker:Storage Directory /workdir/hadoop-ozone/ozonefs/target/test-dir/MiniOzoneClusterImpl-72e1902e-de17-4929-8ada-cc6049662493/datanode-9/data/ratis/5c4b51da-e607-4b81-9dcc-89a3441b125d for RaftStorage:Storage Directory /workdir/hadoop-ozone/ozonefs/target/test-dir/MiniOzoneClusterImpl-72e1902e-de17-4929-8ada-cc6049662493/datanode-9/data/ratis/5c4b51da-e607-4b81-9dcc-89a3441b125d
2019-09-20 14:24:12,972 [pool-126-thread-1] INFO  server.RaftServerConfigKeys (ConfUtils.java:logGet(43)) - raft.server.log.queue.byte-limit = 2147483647 (custom)
2019-09-20 14:24:12,973 [pool-126-thread-1] INFO  server.RaftServerConfigKeys (ConfUtils.java:logGet(43)) - raft.server.log.queue.element-limit = 1024 (custom)
2019-09-20 14:24:12,973 [pool-126-thread-1] INFO  server.RaftServerConfigKeys (ConfUtils.java:logGet(43)) - raft.server.log.segment.size.max = 1048576 (custom)
2019-09-20 14:24:12,973 [pool-126-thread-1] INFO  server.RaftServerConfigKeys (ConfUtils.java:logGet(43)) - raft.server.log.preallocated.size = 16384 (custom)
2019-09-20 14:24:12,973 [pool-126-thread-1] INFO  server.RaftServerConfigKeys (ConfUtils.java:logGet(43)) - raft.server.log.write.buffer.size = 33554432 (custom)
2019-09-20 14:24:12,973 [pool-126-thread-1] INFO  server.RaftServerConfigKeys (ConfUtils.java:logGet(43)) - raft.server.log.force.sync.num = 128 (default)
2019-09-20 14:24:12,974 [pool-126-thread-1] INFO  server.RaftServerConfigKeys (ConfUtils.java:logGet(43)) - raft.server.log.statemachine.data.sync = true (default)
2019-09-20 14:24:12,974 [pool-126-thread-1] INFO  server.RaftServerConfigKeys (ConfUtils.java:logGet(43)) - raft.server.log.statemachine.data.sync.timeout = 10s (default)
2019-09-20 14:24:12,974 [pool-126-thread-1] INFO  server.RaftServerConfigKeys (ConfUtils.java:logGet(43)) - raft.server.log.statemachine.data.sync.timeout.retry = -1 (default)
2019-09-20 14:24:12,974 [pool-126-thread-1] INFO  server.RaftServerConfigKeys (ConfUtils.java:logGet(43)) - raft.server.log.statemachine.data.caching.enabled = true (custom)
2019-09-20 14:24:12,975 [pool-126-thread-1] INFO  segmented.SegmentedRaftLogWorker (SegmentedRaftLogWorker.java:lambda$new$0(132)) - ea2f062a-dcfd-4d75-88ac-6c4e2f0364da-SegmentedRaftLogWorker:Storage Directory /workdir/hadoop-ozone/ozonefs/target/test-dir/MiniOzoneClusterImpl-72e1902e-de17-4929-8ada-cc6049662493/datanode-9/data/ratis/5c4b51da-e607-4b81-9dcc-89a3441b125d: flushIndex: setUnconditionally 0 -> -1
2019-09-20 14:24:12,975 [pool-126-thread-1] INFO  server.RaftServerConfigKeys (ConfUtils.java:logGet(43)) - raft.server.snapshot.auto.trigger.enabled = true (custom)
2019-09-20 14:24:12,975 [pool-126-thread-1] INFO  server.RaftServerConfigKeys (ConfUtils.java:logGet(43)) - raft.server.snapshot.auto.trigger.threshold = 10000 (custom)
2019-09-20 14:24:12,975 [pool-126-thread-1] INFO  server.RaftServerConfigKeys (ConfUtils.java:logGet(43)) - raft.server.retrycache.expirytime = 600000ms (custom)
2019-09-20 14:24:12,976 [pool-126-thread-1] INFO  impl.RaftServerImpl (RaftServerImpl.java:start(180)) - ea2f062a-dcfd-4d75-88ac-6c4e2f0364da: start group-89A3441B125D
2019-09-20 14:24:12,976 [pool-126-thread-1] INFO  impl.RaftServerImpl (RaftServerImpl.java:setRole(171)) - ea2f062a-dcfd-4d75-88ac-6c4e2f0364da:group-89A3441B125D changes role from null to FOLLOWER at term 0 for startAsFollower
2019-09-20 14:24:12,976 [pool-126-thread-1] INFO  impl.RoleInfo (RoleInfo.java:updateAndGet(143)) - ea2f062a-dcfd-4d75-88ac-6c4e2f0364da: start FollowerState
2019-09-20 14:24:12,986 [pool-126-thread-1] INFO  util.JmxRegister (JmxRegister.java:tryRegister(44)) - Successfully registered JMX Bean with object name Ratis:service=RaftServer,group=group-89A3441B125D,id=ea2f062a-dcfd-4d75-88ac-6c4e2f0364da
2019-09-20 14:24:13,004 [RatisPipelineUtilsThread] INFO  pipeline.PipelineStateManager (PipelineStateManager.java:addPipeline(56)) - Created pipeline Pipeline[ Id: 5c4b51da-e607-4b81-9dcc-89a3441b125d, Nodes: ea2f062a-dcfd-4d75-88ac-6c4e2f0364da{ip: 192.168.36.99, host: pr-hdds-1569-p5fx8-1226042367, networkLocation: /default-rack, certSerialId: null}, Type:RATIS, Factor:ONE, State:OPEN]
2019-09-20 14:24:13,005 [RatisPipelineUtilsThread] INFO  pipeline.PipelinePlacementPolicy (PipelinePlacementPolicy.java:meetCriteria(91)) - Pipeline Placement: Doesn't meet the criteria to be viable node： c0a66530-d43a-4ae5-bdbb-2b9936068aaa Heaviness: 6 limit: 5
2019-09-20 14:24:13,005 [RatisPipelineUtilsThread] INFO  pipeline.PipelinePlacementPolicy (PipelinePlacementPolicy.java:meetCriteria(91)) - Pipeline Placement: Doesn't meet the criteria to be viable node： 93651a45-ffa4-4bae-ae49-6429ae7182bc Heaviness: 6 limit: 5
2019-09-20 14:24:13,005 [RatisPipelineUtilsThread] INFO  pipeline.PipelinePlacementPolicy (PipelinePlacementPolicy.java:meetCriteria(91)) - Pipeline Placement: Doesn't meet the criteria to be viable node： 926b0f41-0722-49ff-a592-68b703f22f49 Heaviness: 6 limit: 5
2019-09-20 14:24:13,005 [RatisPipelineUtilsThread] INFO  pipeline.PipelinePlacementPolicy (PipelinePlacementPolicy.java:meetCriteria(91)) - Pipeline Placement: Doesn't meet the criteria to be viable node： 4b9e2e33-9606-42c4-a38b-d8e2568a9ed5 Heaviness: 6 limit: 5
2019-09-20 14:24:13,005 [RatisPipelineUtilsThread] INFO  pipeline.PipelinePlacementPolicy (PipelinePlacementPolicy.java:meetCriteria(91)) - Pipeline Placement: Doesn't meet the criteria to be viable node： 7c330693-1e2f-4265-ad51-f8ae66fac775 Heaviness: 6 limit: 5
2019-09-20 14:24:13,011 [grpc-default-executor-0] INFO  impl.RaftServerProxy (RaftServerProxy.java:addNew(89)) - 9101a5c2-dfb1-4c31-830b-4c77eb758348: addNew group-E1BD6452D7F1:[9101a5c2-dfb1-4c31-830b-4c77eb758348:192.168.36.99:35572] returns group-E1BD6452D7F1:java.util.concurrent.CompletableFuture@433f2db9[Not completed]
2019-09-20 14:24:13,012 [pool-93-thread-1] INFO  impl.RaftServerImpl (RaftServerImpl.java:<init>(93)) - 9101a5c2-dfb1-4c31-830b-4c77eb758348: new RaftServerImpl for group-E1BD6452D7F1:[9101a5c2-dfb1-4c31-830b-4c77eb758348:192.168.36.99:35572] with ContainerStateMachine:uninitialized
2019-09-20 14:24:13,012 [pool-93-thread-1] INFO  server.RaftServerConfigKeys (ConfUtils.java:logGet(43)) - raft.server.rpc.timeout.min = 5s (custom)
2019-09-20 14:24:13,012 [pool-93-thread-1] INFO  server.RaftServerConfigKeys (ConfUtils.java:logGet(43)) - raft.server.rpc.timeout.max = 5200ms (custom)
2019-09-20 14:24:13,012 [pool-93-thread-1] INFO  server.RaftServerConfigKeys (ConfUtils.java:logGet(43)) - raft.server.rpcslowness.timeout = 120s (custom)
2019-09-20 14:24:13,013 [pool-93-thread-1] INFO  server.RaftServerConfigKeys (ConfUtils.java:logGet(43)) - raft.server.sleep.deviation.threshold = 300 (default)
2019-09-20 14:24:13,013 [pool-93-thread-1] INFO  server.RaftServerConfigKeys (ConfUtils.java:logGet(43)) - raft.server.log.appender.install.snapshot.enabled = false (custom)
2019-09-20 14:24:13,013 [pool-93-thread-1] INFO  impl.RaftServerImpl (ServerState.java:<init>(105)) - 9101a5c2-dfb1-4c31-830b-4c77eb758348:group-E1BD6452D7F1 ConfigurationManager, init=-1: [9101a5c2-dfb1-4c31-830b-4c77eb758348:192.168.36.99:35572], old=null, confs=<EMPTY_MAP>
2019-09-20 14:24:13,013 [pool-93-thread-1] INFO  server.RaftServerConfigKeys (ConfUtils.java:logGet(43)) - raft.server.storage.dir = [/workdir/hadoop-ozone/ozonefs/target/test-dir/MiniOzoneClusterImpl-72e1902e-de17-4929-8ada-cc6049662493/datanode-6/data/ratis] (custom)
2019-09-20 14:24:13,013 [pool-93-thread-1] INFO  storage.RaftStorageDirectory (RaftStorageDirectory.java:analyzeStorage(246)) - The storage directory /workdir/hadoop-ozone/ozonefs/target/test-dir/MiniOzoneClusterImpl-72e1902e-de17-4929-8ada-cc6049662493/datanode-6/data/ratis/69d90bd0-95d5-414c-9643-e1bd6452d7f1 does not exist. Creating ...
2019-09-20 14:24:13,037 [pool-93-thread-1] INFO  storage.RaftStorageDirectory (RaftStorageDirectory.java:tryLock(328)) - Lock on /workdir/hadoop-ozone/ozonefs/target/test-dir/MiniOzoneClusterImpl-72e1902e-de17-4929-8ada-cc6049662493/datanode-6/data/ratis/69d90bd0-95d5-414c-9643-e1bd6452d7f1/in_use.lock acquired by nodename 20069@pr-hdds-1569-p5fx8-1226042367
2019-09-20 14:24:13,068 [pool-93-thread-1] INFO  storage.RaftStorage (RaftStorage.java:format(72)) - Storage directory /workdir/hadoop-ozone/ozonefs/target/test-dir/MiniOzoneClusterImpl-72e1902e-de17-4929-8ada-cc6049662493/datanode-6/data/ratis/69d90bd0-95d5-414c-9643-e1bd6452d7f1 has been successfully formatted.
2019-09-20 14:24:13,069 [pool-93-thread-1] INFO  ratis.ContainerStateMachine (ContainerStateMachine.java:loadSnapshot(226)) - group-E1BD6452D7F1: The snapshot info is null. Setting the last applied indexto:(t:0, i:~)
2019-09-20 14:24:13,069 [pool-93-thread-1] INFO  server.RaftServerConfigKeys (ConfUtils.java:logGet(43)) - raft.server.leader.election.timeout = 120s (custom)
2019-09-20 14:24:13,069 [pool-93-thread-1] INFO  server.RaftServerConfigKeys (ConfUtils.java:logGet(43)) - raft.server.log.use.memory = false (default)
2019-09-20 14:24:13,069 [pool-93-thread-1] INFO  server.RaftServerConfigKeys (ConfUtils.java:logGet(43)) - raft.server.log.purge.gap = 1000000 (custom)
2019-09-20 14:24:13,069 [pool-93-thread-1] INFO  server.RaftServerConfigKeys (ConfUtils.java:logGet(43)) - raft.server.log.appender.buffer.byte-limit = 33554432 (custom)
2019-09-20 14:24:13,069 [pool-93-thread-1] INFO  server.RaftServerConfigKeys (ConfUtils.java:logGet(43)) - raft.server.log.segment.size.max = 1048576 (custom)
2019-09-20 14:24:13,070 [pool-93-thread-1] INFO  server.RaftServerConfigKeys (ConfUtils.java:logGet(43)) - raft.server.log.segment.cache.num.max = 2 (custom)
2019-09-20 14:24:13,070 [pool-93-thread-1] INFO  segmented.SegmentedRaftLogWorker (SegmentedRaftLogWorker.java:<init>(172)) - new 9101a5c2-dfb1-4c31-830b-4c77eb758348-SegmentedRaftLogWorker:Storage Directory /workdir/hadoop-ozone/ozonefs/target/test-dir/MiniOzoneClusterImpl-72e1902e-de17-4929-8ada-cc6049662493/datanode-6/data/ratis/69d90bd0-95d5-414c-9643-e1bd6452d7f1 for RaftStorage:Storage Directory /workdir/hadoop-ozone/ozonefs/target/test-dir/MiniOzoneClusterImpl-72e1902e-de17-4929-8ada-cc6049662493/datanode-6/data/ratis/69d90bd0-95d5-414c-9643-e1bd6452d7f1
2019-09-20 14:24:13,070 [pool-93-thread-1] INFO  server.RaftServerConfigKeys (ConfUtils.java:logGet(43)) - raft.server.log.queue.byte-limit = 2147483647 (custom)
2019-09-20 14:24:13,070 [pool-93-thread-1] INFO  server.RaftServerConfigKeys (ConfUtils.java:logGet(43)) - raft.server.log.queue.element-limit = 1024 (custom)
2019-09-20 14:24:13,070 [pool-93-thread-1] INFO  server.RaftServerConfigKeys (ConfUtils.java:logGet(43)) - raft.server.log.segment.size.max = 1048576 (custom)
2019-09-20 14:24:13,071 [pool-93-thread-1] INFO  server.RaftServerConfigKeys (ConfUtils.java:logGet(43)) - raft.server.log.preallocated.size = 16384 (custom)
2019-09-20 14:24:13,071 [pool-93-thread-1] INFO  server.RaftServerConfigKeys (ConfUtils.java:logGet(43)) - raft.server.log.write.buffer.size = 33554432 (custom)
2019-09-20 14:24:13,071 [pool-93-thread-1] INFO  server.RaftServerConfigKeys (ConfUtils.java:logGet(43)) - raft.server.log.force.sync.num = 128 (default)
2019-09-20 14:24:13,071 [pool-93-thread-1] INFO  server.RaftServerConfigKeys (ConfUtils.java:logGet(43)) - raft.server.log.statemachine.data.sync = true (default)
2019-09-20 14:24:13,071 [pool-93-thread-1] INFO  server.RaftServerConfigKeys (ConfUtils.java:logGet(43)) - raft.server.log.statemachine.data.sync.timeout = 10s (default)
2019-09-20 14:24:13,071 [pool-93-thread-1] INFO  server.RaftServerConfigKeys (ConfUtils.java:logGet(43)) - raft.server.log.statemachine.data.sync.timeout.retry = -1 (default)
2019-09-20 14:24:13,072 [pool-93-thread-1] INFO  server.RaftServerConfigKeys (ConfUtils.java:logGet(43)) - raft.server.log.statemachine.data.caching.enabled = true (custom)
2019-09-20 14:24:13,072 [pool-93-thread-1] INFO  segmented.SegmentedRaftLogWorker (SegmentedRaftLogWorker.java:lambda$new$0(132)) - 9101a5c2-dfb1-4c31-830b-4c77eb758348-SegmentedRaftLogWorker:Storage Directory /workdir/hadoop-ozone/ozonefs/target/test-dir/MiniOzoneClusterImpl-72e1902e-de17-4929-8ada-cc6049662493/datanode-6/data/ratis/69d90bd0-95d5-414c-9643-e1bd6452d7f1: flushIndex: setUnconditionally 0 -> -1
2019-09-20 14:24:13,072 [pool-93-thread-1] INFO  server.RaftServerConfigKeys (ConfUtils.java:logGet(43)) - raft.server.snapshot.auto.trigger.enabled = true (custom)
2019-09-20 14:24:13,073 [pool-93-thread-1] INFO  server.RaftServerConfigKeys (ConfUtils.java:logGet(43)) - raft.server.snapshot.auto.trigger.threshold = 10000 (custom)
2019-09-20 14:24:13,073 [pool-93-thread-1] INFO  server.RaftServerConfigKeys (ConfUtils.java:logGet(43)) - raft.server.retrycache.expirytime = 600000ms (custom)
2019-09-20 14:24:13,073 [pool-93-thread-1] INFO  impl.RaftServerImpl (RaftServerImpl.java:start(180)) - 9101a5c2-dfb1-4c31-830b-4c77eb758348: start group-E1BD6452D7F1
2019-09-20 14:24:13,073 [pool-93-thread-1] INFO  impl.RaftServerImpl (RaftServerImpl.java:setRole(171)) - 9101a5c2-dfb1-4c31-830b-4c77eb758348:group-E1BD6452D7F1 changes role from null to FOLLOWER at term 0 for startAsFollower
2019-09-20 14:24:13,073 [pool-93-thread-1] INFO  impl.RoleInfo (RoleInfo.java:updateAndGet(143)) - 9101a5c2-dfb1-4c31-830b-4c77eb758348: start FollowerState
2019-09-20 14:24:13,074 [pool-93-thread-1] INFO  util.JmxRegister (JmxRegister.java:tryRegister(44)) - Successfully registered JMX Bean with object name Ratis:service=RaftServer,group=group-E1BD6452D7F1,id=9101a5c2-dfb1-4c31-830b-4c77eb758348
2019-09-20 14:24:13,077 [RatisPipelineUtilsThread] INFO  pipeline.PipelineStateManager (PipelineStateManager.java:addPipeline(56)) - Created pipeline Pipeline[ Id: 69d90bd0-95d5-414c-9643-e1bd6452d7f1, Nodes: 9101a5c2-dfb1-4c31-830b-4c77eb758348{ip: 192.168.36.99, host: pr-hdds-1569-p5fx8-1226042367, networkLocation: /default-rack, certSerialId: null}, Type:RATIS, Factor:ONE, State:OPEN]
2019-09-20 14:24:13,078 [RatisPipelineUtilsThread] INFO  pipeline.PipelinePlacementPolicy (PipelinePlacementPolicy.java:meetCriteria(91)) - Pipeline Placement: Doesn't meet the criteria to be viable node： c0a66530-d43a-4ae5-bdbb-2b9936068aaa Heaviness: 6 limit: 5
2019-09-20 14:24:13,078 [RatisPipelineUtilsThread] INFO  pipeline.PipelinePlacementPolicy (PipelinePlacementPolicy.java:meetCriteria(91)) - Pipeline Placement: Doesn't meet the criteria to be viable node： 93651a45-ffa4-4bae-ae49-6429ae7182bc Heaviness: 6 limit: 5
2019-09-20 14:24:13,078 [RatisPipelineUtilsThread] INFO  pipeline.PipelinePlacementPolicy (PipelinePlacementPolicy.java:meetCriteria(91)) - Pipeline Placement: Doesn't meet the criteria to be viable node： 926b0f41-0722-49ff-a592-68b703f22f49 Heaviness: 6 limit: 5
2019-09-20 14:24:13,078 [RatisPipelineUtilsThread] INFO  pipeline.PipelinePlacementPolicy (PipelinePlacementPolicy.java:meetCriteria(91)) - Pipeline Placement: Doesn't meet the criteria to be viable node： 4b9e2e33-9606-42c4-a38b-d8e2568a9ed5 Heaviness: 6 limit: 5
2019-09-20 14:24:13,078 [RatisPipelineUtilsThread] INFO  pipeline.PipelinePlacementPolicy (PipelinePlacementPolicy.java:meetCriteria(91)) - Pipeline Placement: Doesn't meet the criteria to be viable node： 7c330693-1e2f-4265-ad51-f8ae66fac775 Heaviness: 6 limit: 5
2019-09-20 14:24:13,089 [grpc-default-executor-0] INFO  impl.RaftServerProxy (RaftServerProxy.java:addNew(89)) - fc92467e-4cd7-4ea6-9bfc-11250c30c0f6: addNew group-2DD6BC1AA2E4:[fc92467e-4cd7-4ea6-9bfc-11250c30c0f6:192.168.36.99:34828] returns group-2DD6BC1AA2E4:java.util.concurrent.CompletableFuture@78282ebb[Not completed]
2019-09-20 14:24:13,090 [pool-115-thread-1] INFO  impl.RaftServerImpl (RaftServerImpl.java:<init>(93)) - fc92467e-4cd7-4ea6-9bfc-11250c30c0f6: new RaftServerImpl for group-2DD6BC1AA2E4:[fc92467e-4cd7-4ea6-9bfc-11250c30c0f6:192.168.36.99:34828] with ContainerStateMachine:uninitialized
2019-09-20 14:24:13,091 [pool-115-thread-1] INFO  server.RaftServerConfigKeys (ConfUtils.java:logGet(43)) - raft.server.rpc.timeout.min = 5s (custom)
2019-09-20 14:24:13,091 [pool-115-thread-1] INFO  server.RaftServerConfigKeys (ConfUtils.java:logGet(43)) - raft.server.rpc.timeout.max = 5200ms (custom)
2019-09-20 14:24:13,091 [pool-115-thread-1] INFO  server.RaftServerConfigKeys (ConfUtils.java:logGet(43)) - raft.server.rpcslowness.timeout = 120s (custom)
2019-09-20 14:24:13,091 [pool-115-thread-1] INFO  server.RaftServerConfigKeys (ConfUtils.java:logGet(43)) - raft.server.sleep.deviation.threshold = 300 (default)
2019-09-20 14:24:13,091 [pool-115-thread-1] INFO  server.RaftServerConfigKeys (ConfUtils.java:logGet(43)) - raft.server.log.appender.install.snapshot.enabled = false (custom)
2019-09-20 14:24:13,091 [pool-115-thread-1] INFO  impl.RaftServerImpl (ServerState.java:<init>(105)) - fc92467e-4cd7-4ea6-9bfc-11250c30c0f6:group-2DD6BC1AA2E4 ConfigurationManager, init=-1: [fc92467e-4cd7-4ea6-9bfc-11250c30c0f6:192.168.36.99:34828], old=null, confs=<EMPTY_MAP>
2019-09-20 14:24:13,092 [pool-115-thread-1] INFO  server.RaftServerConfigKeys (ConfUtils.java:logGet(43)) - raft.server.storage.dir = [/workdir/hadoop-ozone/ozonefs/target/test-dir/MiniOzoneClusterImpl-72e1902e-de17-4929-8ada-cc6049662493/datanode-8/data/ratis] (custom)
2019-09-20 14:24:13,092 [pool-115-thread-1] INFO  storage.RaftStorageDirectory (RaftStorageDirectory.java:analyzeStorage(246)) - The storage directory /workdir/hadoop-ozone/ozonefs/target/test-dir/MiniOzoneClusterImpl-72e1902e-de17-4929-8ada-cc6049662493/datanode-8/data/ratis/4af3b836-157e-4f30-b8bc-2dd6bc1aa2e4 does not exist. Creating ...
2019-09-20 14:24:13,118 [pool-115-thread-1] INFO  storage.RaftStorageDirectory (RaftStorageDirectory.java:tryLock(328)) - Lock on /workdir/hadoop-ozone/ozonefs/target/test-dir/MiniOzoneClusterImpl-72e1902e-de17-4929-8ada-cc6049662493/datanode-8/data/ratis/4af3b836-157e-4f30-b8bc-2dd6bc1aa2e4/in_use.lock acquired by nodename 20069@pr-hdds-1569-p5fx8-1226042367
2019-09-20 14:24:13,153 [pool-115-thread-1] INFO  storage.RaftStorage (RaftStorage.java:format(72)) - Storage directory /workdir/hadoop-ozone/ozonefs/target/test-dir/MiniOzoneClusterImpl-72e1902e-de17-4929-8ada-cc6049662493/datanode-8/data/ratis/4af3b836-157e-4f30-b8bc-2dd6bc1aa2e4 has been successfully formatted.
2019-09-20 14:24:13,154 [pool-115-thread-1] INFO  ratis.ContainerStateMachine (ContainerStateMachine.java:loadSnapshot(226)) - group-2DD6BC1AA2E4: The snapshot info is null. Setting the last applied indexto:(t:0, i:~)
2019-09-20 14:24:13,154 [pool-115-thread-1] INFO  server.RaftServerConfigKeys (ConfUtils.java:logGet(43)) - raft.server.leader.election.timeout = 120s (custom)
2019-09-20 14:24:13,154 | INFO  | SCMAudit | user=jenkins1000 | ip=192.168.36.99 | op=SEND_HEARTBEAT {datanodeUUID=e0033df1-dced-4562-b4c4-a94a3cb6c131, command=[]} | ret=SUCCESS |  
2019-09-20 14:24:13,154 [pool-115-thread-1] INFO  server.RaftServerConfigKeys (ConfUtils.java:logGet(43)) - raft.server.log.use.memory = false (default)
2019-09-20 14:24:13,154 [pool-115-thread-1] INFO  server.RaftServerConfigKeys (ConfUtils.java:logGet(43)) - raft.server.log.purge.gap = 1000000 (custom)
2019-09-20 14:24:13,154 [pool-115-thread-1] INFO  server.RaftServerConfigKeys (ConfUtils.java:logGet(43)) - raft.server.log.appender.buffer.byte-limit = 33554432 (custom)
2019-09-20 14:24:13,154 [pool-115-thread-1] INFO  server.RaftServerConfigKeys (ConfUtils.java:logGet(43)) - raft.server.log.segment.size.max = 1048576 (custom)
2019-09-20 14:24:13,155 [pool-115-thread-1] INFO  server.RaftServerConfigKeys (ConfUtils.java:logGet(43)) - raft.server.log.segment.cache.num.max = 2 (custom)
2019-09-20 14:24:13,155 [pool-115-thread-1] INFO  segmented.SegmentedRaftLogWorker (SegmentedRaftLogWorker.java:<init>(172)) - new fc92467e-4cd7-4ea6-9bfc-11250c30c0f6-SegmentedRaftLogWorker:Storage Directory /workdir/hadoop-ozone/ozonefs/target/test-dir/MiniOzoneClusterImpl-72e1902e-de17-4929-8ada-cc6049662493/datanode-8/data/ratis/4af3b836-157e-4f30-b8bc-2dd6bc1aa2e4 for RaftStorage:Storage Directory /workdir/hadoop-ozone/ozonefs/target/test-dir/MiniOzoneClusterImpl-72e1902e-de17-4929-8ada-cc6049662493/datanode-8/data/ratis/4af3b836-157e-4f30-b8bc-2dd6bc1aa2e4
2019-09-20 14:24:13,155 [pool-115-thread-1] INFO  server.RaftServerConfigKeys (ConfUtils.java:logGet(43)) - raft.server.log.queue.byte-limit = 2147483647 (custom)
2019-09-20 14:24:13,155 [pool-115-thread-1] INFO  server.RaftServerConfigKeys (ConfUtils.java:logGet(43)) - raft.server.log.queue.element-limit = 1024 (custom)
2019-09-20 14:24:13,156 [pool-115-thread-1] INFO  server.RaftServerConfigKeys (ConfUtils.java:logGet(43)) - raft.server.log.segment.size.max = 1048576 (custom)
2019-09-20 14:24:13,156 [pool-115-thread-1] INFO  server.RaftServerConfigKeys (ConfUtils.java:logGet(43)) - raft.server.log.preallocated.size = 16384 (custom)
2019-09-20 14:24:13,156 [pool-115-thread-1] INFO  server.RaftServerConfigKeys (ConfUtils.java:logGet(43)) - raft.server.log.write.buffer.size = 33554432 (custom)
2019-09-20 14:24:13,156 [pool-115-thread-1] INFO  server.RaftServerConfigKeys (ConfUtils.java:logGet(43)) - raft.server.log.force.sync.num = 128 (default)
2019-09-20 14:24:13,156 [pool-115-thread-1] INFO  server.RaftServerConfigKeys (ConfUtils.java:logGet(43)) - raft.server.log.statemachine.data.sync = true (default)
2019-09-20 14:24:13,156 [pool-115-thread-1] INFO  server.RaftServerConfigKeys (ConfUtils.java:logGet(43)) - raft.server.log.statemachine.data.sync.timeout = 10s (default)
2019-09-20 14:24:13,157 [pool-115-thread-1] INFO  server.RaftServerConfigKeys (ConfUtils.java:logGet(43)) - raft.server.log.statemachine.data.sync.timeout.retry = -1 (default)
2019-09-20 14:24:13,157 [pool-115-thread-1] INFO  server.RaftServerConfigKeys (ConfUtils.java:logGet(43)) - raft.server.log.statemachine.data.caching.enabled = true (custom)
2019-09-20 14:24:13,157 [pool-115-thread-1] INFO  segmented.SegmentedRaftLogWorker (SegmentedRaftLogWorker.java:lambda$new$0(132)) - fc92467e-4cd7-4ea6-9bfc-11250c30c0f6-SegmentedRaftLogWorker:Storage Directory /workdir/hadoop-ozone/ozonefs/target/test-dir/MiniOzoneClusterImpl-72e1902e-de17-4929-8ada-cc6049662493/datanode-8/data/ratis/4af3b836-157e-4f30-b8bc-2dd6bc1aa2e4: flushIndex: setUnconditionally 0 -> -1
2019-09-20 14:24:13,158 [pool-115-thread-1] INFO  server.RaftServerConfigKeys (ConfUtils.java:logGet(43)) - raft.server.snapshot.auto.trigger.enabled = true (custom)
2019-09-20 14:24:13,158 [pool-115-thread-1] INFO  server.RaftServerConfigKeys (ConfUtils.java:logGet(43)) - raft.server.snapshot.auto.trigger.threshold = 10000 (custom)
2019-09-20 14:24:13,158 [pool-115-thread-1] INFO  server.RaftServerConfigKeys (ConfUtils.java:logGet(43)) - raft.server.retrycache.expirytime = 600000ms (custom)
2019-09-20 14:24:13,158 [pool-115-thread-1] INFO  impl.RaftServerImpl (RaftServerImpl.java:start(180)) - fc92467e-4cd7-4ea6-9bfc-11250c30c0f6: start group-2DD6BC1AA2E4
2019-09-20 14:24:13,158 [pool-115-thread-1] INFO  impl.RaftServerImpl (RaftServerImpl.java:setRole(171)) - fc92467e-4cd7-4ea6-9bfc-11250c30c0f6:group-2DD6BC1AA2E4 changes role from null to FOLLOWER at term 0 for startAsFollower
2019-09-20 14:24:13,159 [pool-115-thread-1] INFO  impl.RoleInfo (RoleInfo.java:updateAndGet(143)) - fc92467e-4cd7-4ea6-9bfc-11250c30c0f6: start FollowerState
2019-09-20 14:24:13,159 [pool-115-thread-1] INFO  util.JmxRegister (JmxRegister.java:tryRegister(44)) - Successfully registered JMX Bean with object name Ratis:service=RaftServer,group=group-2DD6BC1AA2E4,id=fc92467e-4cd7-4ea6-9bfc-11250c30c0f6
2019-09-20 14:24:13,162 [RatisPipelineUtilsThread] INFO  pipeline.PipelineStateManager (PipelineStateManager.java:addPipeline(56)) - Created pipeline Pipeline[ Id: 4af3b836-157e-4f30-b8bc-2dd6bc1aa2e4, Nodes: fc92467e-4cd7-4ea6-9bfc-11250c30c0f6{ip: 192.168.36.99, host: pr-hdds-1569-p5fx8-1226042367, networkLocation: /default-rack, certSerialId: null}, Type:RATIS, Factor:ONE, State:OPEN]
2019-09-20 14:24:13,163 [RatisPipelineUtilsThread] INFO  pipeline.PipelinePlacementPolicy (PipelinePlacementPolicy.java:meetCriteria(91)) - Pipeline Placement: Doesn't meet the criteria to be viable node： c0a66530-d43a-4ae5-bdbb-2b9936068aaa Heaviness: 6 limit: 5
2019-09-20 14:24:13,163 [RatisPipelineUtilsThread] INFO  pipeline.PipelinePlacementPolicy (PipelinePlacementPolicy.java:meetCriteria(91)) - Pipeline Placement: Doesn't meet the criteria to be viable node： 93651a45-ffa4-4bae-ae49-6429ae7182bc Heaviness: 6 limit: 5
2019-09-20 14:24:13,163 [RatisPipelineUtilsThread] INFO  pipeline.PipelinePlacementPolicy (PipelinePlacementPolicy.java:meetCriteria(91)) - Pipeline Placement: Doesn't meet the criteria to be viable node： 926b0f41-0722-49ff-a592-68b703f22f49 Heaviness: 6 limit: 5
2019-09-20 14:24:13,163 [RatisPipelineUtilsThread] INFO  pipeline.PipelinePlacementPolicy (PipelinePlacementPolicy.java:meetCriteria(91)) - Pipeline Placement: Doesn't meet the criteria to be viable node： 4b9e2e33-9606-42c4-a38b-d8e2568a9ed5 Heaviness: 6 limit: 5
2019-09-20 14:24:13,163 [RatisPipelineUtilsThread] INFO  pipeline.PipelinePlacementPolicy (PipelinePlacementPolicy.java:meetCriteria(91)) - Pipeline Placement: Doesn't meet the criteria to be viable node： 7c330693-1e2f-4265-ad51-f8ae66fac775 Heaviness: 6 limit: 5
2019-09-20 14:24:13,171 [grpc-default-executor-0] INFO  impl.RaftServerProxy (RaftServerProxy.java:addNew(89)) - 9101a5c2-dfb1-4c31-830b-4c77eb758348: addNew group-434899E20061:[9101a5c2-dfb1-4c31-830b-4c77eb758348:192.168.36.99:35572] returns group-434899E20061:java.util.concurrent.CompletableFuture@3b13fd55[Not completed]
2019-09-20 14:24:13,172 [pool-93-thread-1] INFO  impl.RaftServerImpl (RaftServerImpl.java:<init>(93)) - 9101a5c2-dfb1-4c31-830b-4c77eb758348: new RaftServerImpl for group-434899E20061:[9101a5c2-dfb1-4c31-830b-4c77eb758348:192.168.36.99:35572] with ContainerStateMachine:uninitialized
2019-09-20 14:24:13,172 [pool-93-thread-1] INFO  server.RaftServerConfigKeys (ConfUtils.java:logGet(43)) - raft.server.rpc.timeout.min = 5s (custom)
2019-09-20 14:24:13,173 [pool-93-thread-1] INFO  server.RaftServerConfigKeys (ConfUtils.java:logGet(43)) - raft.server.rpc.timeout.max = 5200ms (custom)
2019-09-20 14:24:13,173 [pool-93-thread-1] INFO  server.RaftServerConfigKeys (ConfUtils.java:logGet(43)) - raft.server.rpcslowness.timeout = 120s (custom)
2019-09-20 14:24:13,173 [pool-93-thread-1] INFO  server.RaftServerConfigKeys (ConfUtils.java:logGet(43)) - raft.server.sleep.deviation.threshold = 300 (default)
2019-09-20 14:24:13,173 [pool-93-thread-1] INFO  server.RaftServerConfigKeys (ConfUtils.java:logGet(43)) - raft.server.log.appender.install.snapshot.enabled = false (custom)
2019-09-20 14:24:13,173 [pool-93-thread-1] INFO  impl.RaftServerImpl (ServerState.java:<init>(105)) - 9101a5c2-dfb1-4c31-830b-4c77eb758348:group-434899E20061 ConfigurationManager, init=-1: [9101a5c2-dfb1-4c31-830b-4c77eb758348:192.168.36.99:35572], old=null, confs=<EMPTY_MAP>
2019-09-20 14:24:13,173 [pool-93-thread-1] INFO  server.RaftServerConfigKeys (ConfUtils.java:logGet(43)) - raft.server.storage.dir = [/workdir/hadoop-ozone/ozonefs/target/test-dir/MiniOzoneClusterImpl-72e1902e-de17-4929-8ada-cc6049662493/datanode-6/data/ratis] (custom)
2019-09-20 14:24:13,174 [pool-93-thread-1] INFO  storage.RaftStorageDirectory (RaftStorageDirectory.java:analyzeStorage(246)) - The storage directory /workdir/hadoop-ozone/ozonefs/target/test-dir/MiniOzoneClusterImpl-72e1902e-de17-4929-8ada-cc6049662493/datanode-6/data/ratis/585786ba-0aa0-4279-946e-434899e20061 does not exist. Creating ...
2019-09-20 14:24:13,212 [pool-93-thread-1] INFO  storage.RaftStorageDirectory (RaftStorageDirectory.java:tryLock(328)) - Lock on /workdir/hadoop-ozone/ozonefs/target/test-dir/MiniOzoneClusterImpl-72e1902e-de17-4929-8ada-cc6049662493/datanode-6/data/ratis/585786ba-0aa0-4279-946e-434899e20061/in_use.lock acquired by nodename 20069@pr-hdds-1569-p5fx8-1226042367
2019-09-20 14:24:13,231 | INFO  | SCMAudit | user=jenkins1000 | ip=192.168.36.99 | op=SEND_HEARTBEAT {datanodeUUID=7c330693-1e2f-4265-ad51-f8ae66fac775, command=[]} | ret=SUCCESS |  
2019-09-20 14:24:13,238 [pool-93-thread-1] INFO  storage.RaftStorage (RaftStorage.java:format(72)) - Storage directory /workdir/hadoop-ozone/ozonefs/target/test-dir/MiniOzoneClusterImpl-72e1902e-de17-4929-8ada-cc6049662493/datanode-6/data/ratis/585786ba-0aa0-4279-946e-434899e20061 has been successfully formatted.
2019-09-20 14:24:13,239 [pool-93-thread-1] INFO  ratis.ContainerStateMachine (ContainerStateMachine.java:loadSnapshot(226)) - group-434899E20061: The snapshot info is null. Setting the last applied indexto:(t:0, i:~)
2019-09-20 14:24:13,239 [pool-93-thread-1] INFO  server.RaftServerConfigKeys (ConfUtils.java:logGet(43)) - raft.server.leader.election.timeout = 120s (custom)
2019-09-20 14:24:13,239 [pool-93-thread-1] INFO  server.RaftServerConfigKeys (ConfUtils.java:logGet(43)) - raft.server.log.use.memory = false (default)
2019-09-20 14:24:13,239 [pool-93-thread-1] INFO  server.RaftServerConfigKeys (ConfUtils.java:logGet(43)) - raft.server.log.purge.gap = 1000000 (custom)
2019-09-20 14:24:13,239 [pool-93-thread-1] INFO  server.RaftServerConfigKeys (ConfUtils.java:logGet(43)) - raft.server.log.appender.buffer.byte-limit = 33554432 (custom)
2019-09-20 14:24:13,240 [pool-93-thread-1] INFO  server.RaftServerConfigKeys (ConfUtils.java:logGet(43)) - raft.server.log.segment.size.max = 1048576 (custom)
2019-09-20 14:24:13,240 [pool-93-thread-1] INFO  server.RaftServerConfigKeys (ConfUtils.java:logGet(43)) - raft.server.log.segment.cache.num.max = 2 (custom)
2019-09-20 14:24:13,240 [pool-93-thread-1] INFO  segmented.SegmentedRaftLogWorker (SegmentedRaftLogWorker.java:<init>(172)) - new 9101a5c2-dfb1-4c31-830b-4c77eb758348-SegmentedRaftLogWorker:Storage Directory /workdir/hadoop-ozone/ozonefs/target/test-dir/MiniOzoneClusterImpl-72e1902e-de17-4929-8ada-cc6049662493/datanode-6/data/ratis/585786ba-0aa0-4279-946e-434899e20061 for RaftStorage:Storage Directory /workdir/hadoop-ozone/ozonefs/target/test-dir/MiniOzoneClusterImpl-72e1902e-de17-4929-8ada-cc6049662493/datanode-6/data/ratis/585786ba-0aa0-4279-946e-434899e20061
2019-09-20 14:24:13,240 [pool-93-thread-1] INFO  server.RaftServerConfigKeys (ConfUtils.java:logGet(43)) - raft.server.log.queue.byte-limit = 2147483647 (custom)
2019-09-20 14:24:13,240 [pool-93-thread-1] INFO  server.RaftServerConfigKeys (ConfUtils.java:logGet(43)) - raft.server.log.queue.element-limit = 1024 (custom)
2019-09-20 14:24:13,240 [pool-93-thread-1] INFO  server.RaftServerConfigKeys (ConfUtils.java:logGet(43)) - raft.server.log.segment.size.max = 1048576 (custom)
2019-09-20 14:24:13,241 [pool-93-thread-1] INFO  server.RaftServerConfigKeys (ConfUtils.java:logGet(43)) - raft.server.log.preallocated.size = 16384 (custom)
2019-09-20 14:24:13,241 [pool-93-thread-1] INFO  server.RaftServerConfigKeys (ConfUtils.java:logGet(43)) - raft.server.log.write.buffer.size = 33554432 (custom)
2019-09-20 14:24:13,241 [pool-93-thread-1] INFO  server.RaftServerConfigKeys (ConfUtils.java:logGet(43)) - raft.server.log.force.sync.num = 128 (default)
2019-09-20 14:24:13,241 [pool-93-thread-1] INFO  server.RaftServerConfigKeys (ConfUtils.java:logGet(43)) - raft.server.log.statemachine.data.sync = true (default)
2019-09-20 14:24:13,241 [pool-93-thread-1] INFO  server.RaftServerConfigKeys (ConfUtils.java:logGet(43)) - raft.server.log.statemachine.data.sync.timeout = 10s (default)
2019-09-20 14:24:13,241 [pool-93-thread-1] INFO  server.RaftServerConfigKeys (ConfUtils.java:logGet(43)) - raft.server.log.statemachine.data.sync.timeout.retry = -1 (default)
2019-09-20 14:24:13,242 [pool-93-thread-1] INFO  server.RaftServerConfigKeys (ConfUtils.java:logGet(43)) - raft.server.log.statemachine.data.caching.enabled = true (custom)
2019-09-20 14:24:13,242 [pool-93-thread-1] INFO  segmented.SegmentedRaftLogWorker (SegmentedRaftLogWorker.java:lambda$new$0(132)) - 9101a5c2-dfb1-4c31-830b-4c77eb758348-SegmentedRaftLogWorker:Storage Directory /workdir/hadoop-ozone/ozonefs/target/test-dir/MiniOzoneClusterImpl-72e1902e-de17-4929-8ada-cc6049662493/datanode-6/data/ratis/585786ba-0aa0-4279-946e-434899e20061: flushIndex: setUnconditionally 0 -> -1
2019-09-20 14:24:13,242 [pool-93-thread-1] INFO  server.RaftServerConfigKeys (ConfUtils.java:logGet(43)) - raft.server.snapshot.auto.trigger.enabled = true (custom)
2019-09-20 14:24:13,243 [pool-93-thread-1] INFO  server.RaftServerConfigKeys (ConfUtils.java:logGet(43)) - raft.server.snapshot.auto.trigger.threshold = 10000 (custom)
2019-09-20 14:24:13,243 [pool-93-thread-1] INFO  server.RaftServerConfigKeys (ConfUtils.java:logGet(43)) - raft.server.retrycache.expirytime = 600000ms (custom)
2019-09-20 14:24:13,243 [pool-93-thread-1] INFO  impl.RaftServerImpl (RaftServerImpl.java:start(180)) - 9101a5c2-dfb1-4c31-830b-4c77eb758348: start group-434899E20061
2019-09-20 14:24:13,243 [pool-93-thread-1] INFO  impl.RaftServerImpl (RaftServerImpl.java:setRole(171)) - 9101a5c2-dfb1-4c31-830b-4c77eb758348:group-434899E20061 changes role from null to FOLLOWER at term 0 for startAsFollower
2019-09-20 14:24:13,243 [pool-93-thread-1] INFO  impl.RoleInfo (RoleInfo.java:updateAndGet(143)) - 9101a5c2-dfb1-4c31-830b-4c77eb758348: start FollowerState
2019-09-20 14:24:13,244 [pool-93-thread-1] INFO  util.JmxRegister (JmxRegister.java:tryRegister(44)) - Successfully registered JMX Bean with object name Ratis:service=RaftServer,group=group-434899E20061,id=9101a5c2-dfb1-4c31-830b-4c77eb758348
2019-09-20 14:24:13,247 [RatisPipelineUtilsThread] INFO  pipeline.PipelineStateManager (PipelineStateManager.java:addPipeline(56)) - Created pipeline Pipeline[ Id: 585786ba-0aa0-4279-946e-434899e20061, Nodes: 9101a5c2-dfb1-4c31-830b-4c77eb758348{ip: 192.168.36.99, host: pr-hdds-1569-p5fx8-1226042367, networkLocation: /default-rack, certSerialId: null}, Type:RATIS, Factor:ONE, State:OPEN]
2019-09-20 14:24:13,248 [RatisPipelineUtilsThread] INFO  pipeline.PipelinePlacementPolicy (PipelinePlacementPolicy.java:meetCriteria(91)) - Pipeline Placement: Doesn't meet the criteria to be viable node： c0a66530-d43a-4ae5-bdbb-2b9936068aaa Heaviness: 6 limit: 5
2019-09-20 14:24:13,248 [RatisPipelineUtilsThread] INFO  pipeline.PipelinePlacementPolicy (PipelinePlacementPolicy.java:meetCriteria(91)) - Pipeline Placement: Doesn't meet the criteria to be viable node： 93651a45-ffa4-4bae-ae49-6429ae7182bc Heaviness: 6 limit: 5
2019-09-20 14:24:13,248 [RatisPipelineUtilsThread] INFO  pipeline.PipelinePlacementPolicy (PipelinePlacementPolicy.java:meetCriteria(91)) - Pipeline Placement: Doesn't meet the criteria to be viable node： 926b0f41-0722-49ff-a592-68b703f22f49 Heaviness: 6 limit: 5
2019-09-20 14:24:13,248 [RatisPipelineUtilsThread] INFO  pipeline.PipelinePlacementPolicy (PipelinePlacementPolicy.java:meetCriteria(91)) - Pipeline Placement: Doesn't meet the criteria to be viable node： 4b9e2e33-9606-42c4-a38b-d8e2568a9ed5 Heaviness: 6 limit: 5
2019-09-20 14:24:13,249 [RatisPipelineUtilsThread] INFO  pipeline.PipelinePlacementPolicy (PipelinePlacementPolicy.java:meetCriteria(91)) - Pipeline Placement: Doesn't meet the criteria to be viable node： 7c330693-1e2f-4265-ad51-f8ae66fac775 Heaviness: 6 limit: 5
2019-09-20 14:24:13,255 [grpc-default-executor-0] INFO  impl.RaftServerProxy (RaftServerProxy.java:addNew(89)) - 9101a5c2-dfb1-4c31-830b-4c77eb758348: addNew group-09C10C9747B2:[9101a5c2-dfb1-4c31-830b-4c77eb758348:192.168.36.99:35572] returns group-09C10C9747B2:java.util.concurrent.CompletableFuture@4ff90f1c[Not completed]
2019-09-20 14:24:13,256 [pool-93-thread-1] INFO  impl.RaftServerImpl (RaftServerImpl.java:<init>(93)) - 9101a5c2-dfb1-4c31-830b-4c77eb758348: new RaftServerImpl for group-09C10C9747B2:[9101a5c2-dfb1-4c31-830b-4c77eb758348:192.168.36.99:35572] with ContainerStateMachine:uninitialized
2019-09-20 14:24:13,256 [pool-93-thread-1] INFO  server.RaftServerConfigKeys (ConfUtils.java:logGet(43)) - raft.server.rpc.timeout.min = 5s (custom)
2019-09-20 14:24:13,257 [pool-93-thread-1] INFO  server.RaftServerConfigKeys (ConfUtils.java:logGet(43)) - raft.server.rpc.timeout.max = 5200ms (custom)
2019-09-20 14:24:13,257 [pool-93-thread-1] INFO  server.RaftServerConfigKeys (ConfUtils.java:logGet(43)) - raft.server.rpcslowness.timeout = 120s (custom)
2019-09-20 14:24:13,257 [pool-93-thread-1] INFO  server.RaftServerConfigKeys (ConfUtils.java:logGet(43)) - raft.server.sleep.deviation.threshold = 300 (default)
2019-09-20 14:24:13,257 [pool-93-thread-1] INFO  server.RaftServerConfigKeys (ConfUtils.java:logGet(43)) - raft.server.log.appender.install.snapshot.enabled = false (custom)
2019-09-20 14:24:13,257 [pool-93-thread-1] INFO  impl.RaftServerImpl (ServerState.java:<init>(105)) - 9101a5c2-dfb1-4c31-830b-4c77eb758348:group-09C10C9747B2 ConfigurationManager, init=-1: [9101a5c2-dfb1-4c31-830b-4c77eb758348:192.168.36.99:35572], old=null, confs=<EMPTY_MAP>
2019-09-20 14:24:13,257 [pool-93-thread-1] INFO  server.RaftServerConfigKeys (ConfUtils.java:logGet(43)) - raft.server.storage.dir = [/workdir/hadoop-ozone/ozonefs/target/test-dir/MiniOzoneClusterImpl-72e1902e-de17-4929-8ada-cc6049662493/datanode-6/data/ratis] (custom)
2019-09-20 14:24:13,258 [pool-93-thread-1] INFO  storage.RaftStorageDirectory (RaftStorageDirectory.java:analyzeStorage(246)) - The storage directory /workdir/hadoop-ozone/ozonefs/target/test-dir/MiniOzoneClusterImpl-72e1902e-de17-4929-8ada-cc6049662493/datanode-6/data/ratis/e4d97ce3-a429-4633-880a-09c10c9747b2 does not exist. Creating ...
2019-09-20 14:24:13,301 [pool-93-thread-1] INFO  storage.RaftStorageDirectory (RaftStorageDirectory.java:tryLock(328)) - Lock on /workdir/hadoop-ozone/ozonefs/target/test-dir/MiniOzoneClusterImpl-72e1902e-de17-4929-8ada-cc6049662493/datanode-6/data/ratis/e4d97ce3-a429-4633-880a-09c10c9747b2/in_use.lock acquired by nodename 20069@pr-hdds-1569-p5fx8-1226042367
2019-09-20 14:24:13,327 | INFO  | SCMAudit | user=jenkins1000 | ip=192.168.36.99 | op=SEND_HEARTBEAT {datanodeUUID=4b9e2e33-9606-42c4-a38b-d8e2568a9ed5, command=[]} | ret=SUCCESS |  
2019-09-20 14:24:13,343 | INFO  | SCMAudit | user=jenkins1000 | ip=192.168.36.99 | op=SEND_HEARTBEAT {datanodeUUID=93651a45-ffa4-4bae-ae49-6429ae7182bc, command=[]} | ret=SUCCESS |  
2019-09-20 14:24:13,343 [pool-93-thread-1] INFO  storage.RaftStorage (RaftStorage.java:format(72)) - Storage directory /workdir/hadoop-ozone/ozonefs/target/test-dir/MiniOzoneClusterImpl-72e1902e-de17-4929-8ada-cc6049662493/datanode-6/data/ratis/e4d97ce3-a429-4633-880a-09c10c9747b2 has been successfully formatted.
2019-09-20 14:24:13,343 [pool-93-thread-1] INFO  ratis.ContainerStateMachine (ContainerStateMachine.java:loadSnapshot(226)) - group-09C10C9747B2: The snapshot info is null. Setting the last applied indexto:(t:0, i:~)
2019-09-20 14:24:13,344 [pool-93-thread-1] INFO  server.RaftServerConfigKeys (ConfUtils.java:logGet(43)) - raft.server.leader.election.timeout = 120s (custom)
2019-09-20 14:24:13,344 [pool-93-thread-1] INFO  server.RaftServerConfigKeys (ConfUtils.java:logGet(43)) - raft.server.log.use.memory = false (default)
2019-09-20 14:24:13,344 [pool-93-thread-1] INFO  server.RaftServerConfigKeys (ConfUtils.java:logGet(43)) - raft.server.log.purge.gap = 1000000 (custom)
2019-09-20 14:24:13,344 [pool-93-thread-1] INFO  server.RaftServerConfigKeys (ConfUtils.java:logGet(43)) - raft.server.log.appender.buffer.byte-limit = 33554432 (custom)
2019-09-20 14:24:13,344 [pool-93-thread-1] INFO  server.RaftServerConfigKeys (ConfUtils.java:logGet(43)) - raft.server.log.segment.size.max = 1048576 (custom)
2019-09-20 14:24:13,344 [pool-93-thread-1] INFO  server.RaftServerConfigKeys (ConfUtils.java:logGet(43)) - raft.server.log.segment.cache.num.max = 2 (custom)
2019-09-20 14:24:13,345 [pool-93-thread-1] INFO  segmented.SegmentedRaftLogWorker (SegmentedRaftLogWorker.java:<init>(172)) - new 9101a5c2-dfb1-4c31-830b-4c77eb758348-SegmentedRaftLogWorker:Storage Directory /workdir/hadoop-ozone/ozonefs/target/test-dir/MiniOzoneClusterImpl-72e1902e-de17-4929-8ada-cc6049662493/datanode-6/data/ratis/e4d97ce3-a429-4633-880a-09c10c9747b2 for RaftStorage:Storage Directory /workdir/hadoop-ozone/ozonefs/target/test-dir/MiniOzoneClusterImpl-72e1902e-de17-4929-8ada-cc6049662493/datanode-6/data/ratis/e4d97ce3-a429-4633-880a-09c10c9747b2
2019-09-20 14:24:13,345 [pool-93-thread-1] INFO  server.RaftServerConfigKeys (ConfUtils.java:logGet(43)) - raft.server.log.queue.byte-limit = 2147483647 (custom)
2019-09-20 14:24:13,345 [pool-93-thread-1] INFO  server.RaftServerConfigKeys (ConfUtils.java:logGet(43)) - raft.server.log.queue.element-limit = 1024 (custom)
2019-09-20 14:24:13,345 [pool-93-thread-1] INFO  server.RaftServerConfigKeys (ConfUtils.java:logGet(43)) - raft.server.log.segment.size.max = 1048576 (custom)
2019-09-20 14:24:13,345 [pool-93-thread-1] INFO  server.RaftServerConfigKeys (ConfUtils.java:logGet(43)) - raft.server.log.preallocated.size = 16384 (custom)
2019-09-20 14:24:13,345 [pool-93-thread-1] INFO  server.RaftServerConfigKeys (ConfUtils.java:logGet(43)) - raft.server.log.write.buffer.size = 33554432 (custom)
2019-09-20 14:24:13,346 [pool-93-thread-1] INFO  server.RaftServerConfigKeys (ConfUtils.java:logGet(43)) - raft.server.log.force.sync.num = 128 (default)
2019-09-20 14:24:13,346 [pool-93-thread-1] INFO  server.RaftServerConfigKeys (ConfUtils.java:logGet(43)) - raft.server.log.statemachine.data.sync = true (default)
2019-09-20 14:24:13,346 [pool-93-thread-1] INFO  server.RaftServerConfigKeys (ConfUtils.java:logGet(43)) - raft.server.log.statemachine.data.sync.timeout = 10s (default)
2019-09-20 14:24:13,346 [pool-93-thread-1] INFO  server.RaftServerConfigKeys (ConfUtils.java:logGet(43)) - raft.server.log.statemachine.data.sync.timeout.retry = -1 (default)
2019-09-20 14:24:13,346 [pool-93-thread-1] INFO  server.RaftServerConfigKeys (ConfUtils.java:logGet(43)) - raft.server.log.statemachine.data.caching.enabled = true (custom)
2019-09-20 14:24:13,347 [pool-93-thread-1] INFO  segmented.SegmentedRaftLogWorker (SegmentedRaftLogWorker.java:lambda$new$0(132)) - 9101a5c2-dfb1-4c31-830b-4c77eb758348-SegmentedRaftLogWorker:Storage Directory /workdir/hadoop-ozone/ozonefs/target/test-dir/MiniOzoneClusterImpl-72e1902e-de17-4929-8ada-cc6049662493/datanode-6/data/ratis/e4d97ce3-a429-4633-880a-09c10c9747b2: flushIndex: setUnconditionally 0 -> -1
2019-09-20 14:24:13,347 [pool-93-thread-1] INFO  server.RaftServerConfigKeys (ConfUtils.java:logGet(43)) - raft.server.snapshot.auto.trigger.enabled = true (custom)
2019-09-20 14:24:13,347 [pool-93-thread-1] INFO  server.RaftServerConfigKeys (ConfUtils.java:logGet(43)) - raft.server.snapshot.auto.trigger.threshold = 10000 (custom)
2019-09-20 14:24:13,347 [pool-93-thread-1] INFO  server.RaftServerConfigKeys (ConfUtils.java:logGet(43)) - raft.server.retrycache.expirytime = 600000ms (custom)
2019-09-20 14:24:13,347 [pool-93-thread-1] INFO  impl.RaftServerImpl (RaftServerImpl.java:start(180)) - 9101a5c2-dfb1-4c31-830b-4c77eb758348: start group-09C10C9747B2
2019-09-20 14:24:13,348 [pool-93-thread-1] INFO  impl.RaftServerImpl (RaftServerImpl.java:setRole(171)) - 9101a5c2-dfb1-4c31-830b-4c77eb758348:group-09C10C9747B2 changes role from null to FOLLOWER at term 0 for startAsFollower
2019-09-20 14:24:13,348 [pool-93-thread-1] INFO  impl.RoleInfo (RoleInfo.java:updateAndGet(143)) - 9101a5c2-dfb1-4c31-830b-4c77eb758348: start FollowerState
2019-09-20 14:24:13,348 [pool-93-thread-1] INFO  util.JmxRegister (JmxRegister.java:tryRegister(44)) - Successfully registered JMX Bean with object name Ratis:service=RaftServer,group=group-09C10C9747B2,id=9101a5c2-dfb1-4c31-830b-4c77eb758348
2019-09-20 14:24:13,351 [RatisPipelineUtilsThread] INFO  pipeline.PipelineStateManager (PipelineStateManager.java:addPipeline(56)) - Created pipeline Pipeline[ Id: e4d97ce3-a429-4633-880a-09c10c9747b2, Nodes: 9101a5c2-dfb1-4c31-830b-4c77eb758348{ip: 192.168.36.99, host: pr-hdds-1569-p5fx8-1226042367, networkLocation: /default-rack, certSerialId: null}, Type:RATIS, Factor:ONE, State:OPEN]
2019-09-20 14:24:13,352 [RatisPipelineUtilsThread] INFO  pipeline.PipelinePlacementPolicy (PipelinePlacementPolicy.java:meetCriteria(91)) - Pipeline Placement: Doesn't meet the criteria to be viable node： c0a66530-d43a-4ae5-bdbb-2b9936068aaa Heaviness: 6 limit: 5
2019-09-20 14:24:13,352 [RatisPipelineUtilsThread] INFO  pipeline.PipelinePlacementPolicy (PipelinePlacementPolicy.java:meetCriteria(91)) - Pipeline Placement: Doesn't meet the criteria to be viable node： 93651a45-ffa4-4bae-ae49-6429ae7182bc Heaviness: 6 limit: 5
2019-09-20 14:24:13,352 [RatisPipelineUtilsThread] INFO  pipeline.PipelinePlacementPolicy (PipelinePlacementPolicy.java:meetCriteria(91)) - Pipeline Placement: Doesn't meet the criteria to be viable node： 926b0f41-0722-49ff-a592-68b703f22f49 Heaviness: 6 limit: 5
2019-09-20 14:24:13,352 [RatisPipelineUtilsThread] INFO  pipeline.PipelinePlacementPolicy (PipelinePlacementPolicy.java:meetCriteria(91)) - Pipeline Placement: Doesn't meet the criteria to be viable node： 4b9e2e33-9606-42c4-a38b-d8e2568a9ed5 Heaviness: 6 limit: 5
2019-09-20 14:24:13,352 [RatisPipelineUtilsThread] INFO  pipeline.PipelinePlacementPolicy (PipelinePlacementPolicy.java:meetCriteria(91)) - Pipeline Placement: Doesn't meet the criteria to be viable node： 7c330693-1e2f-4265-ad51-f8ae66fac775 Heaviness: 6 limit: 5
2019-09-20 14:24:13,358 [grpc-default-executor-0] INFO  impl.RaftServerProxy (RaftServerProxy.java:addNew(89)) - e0033df1-dced-4562-b4c4-a94a3cb6c131: addNew group-13CF0B0FEC25:[e0033df1-dced-4562-b4c4-a94a3cb6c131:192.168.36.99:39317] returns group-13CF0B0FEC25:java.util.concurrent.CompletableFuture@2d155abe[Not completed]
2019-09-20 14:24:13,360 [pool-104-thread-1] INFO  impl.RaftServerImpl (RaftServerImpl.java:<init>(93)) - e0033df1-dced-4562-b4c4-a94a3cb6c131: new RaftServerImpl for group-13CF0B0FEC25:[e0033df1-dced-4562-b4c4-a94a3cb6c131:192.168.36.99:39317] with ContainerStateMachine:uninitialized
2019-09-20 14:24:13,360 [pool-104-thread-1] INFO  server.RaftServerConfigKeys (ConfUtils.java:logGet(43)) - raft.server.rpc.timeout.min = 5s (custom)
2019-09-20 14:24:13,360 [pool-104-thread-1] INFO  server.RaftServerConfigKeys (ConfUtils.java:logGet(43)) - raft.server.rpc.timeout.max = 5200ms (custom)
2019-09-20 14:24:13,360 [pool-104-thread-1] INFO  server.RaftServerConfigKeys (ConfUtils.java:logGet(43)) - raft.server.rpcslowness.timeout = 120s (custom)
2019-09-20 14:24:13,360 [pool-104-thread-1] INFO  server.RaftServerConfigKeys (ConfUtils.java:logGet(43)) - raft.server.sleep.deviation.threshold = 300 (default)
2019-09-20 14:24:13,361 [pool-104-thread-1] INFO  server.RaftServerConfigKeys (ConfUtils.java:logGet(43)) - raft.server.log.appender.install.snapshot.enabled = false (custom)
2019-09-20 14:24:13,361 [pool-104-thread-1] INFO  impl.RaftServerImpl (ServerState.java:<init>(105)) - e0033df1-dced-4562-b4c4-a94a3cb6c131:group-13CF0B0FEC25 ConfigurationManager, init=-1: [e0033df1-dced-4562-b4c4-a94a3cb6c131:192.168.36.99:39317], old=null, confs=<EMPTY_MAP>
2019-09-20 14:24:13,361 [pool-104-thread-1] INFO  server.RaftServerConfigKeys (ConfUtils.java:logGet(43)) - raft.server.storage.dir = [/workdir/hadoop-ozone/ozonefs/target/test-dir/MiniOzoneClusterImpl-72e1902e-de17-4929-8ada-cc6049662493/datanode-7/data/ratis] (custom)
2019-09-20 14:24:13,361 [pool-104-thread-1] INFO  storage.RaftStorageDirectory (RaftStorageDirectory.java:analyzeStorage(246)) - The storage directory /workdir/hadoop-ozone/ozonefs/target/test-dir/MiniOzoneClusterImpl-72e1902e-de17-4929-8ada-cc6049662493/datanode-7/data/ratis/d5ef2d56-4fdb-4e3f-8eba-13cf0b0fec25 does not exist. Creating ...
2019-09-20 14:24:13,385 | INFO  | SCMAudit | user=jenkins1000 | ip=192.168.36.99 | op=SEND_HEARTBEAT {datanodeUUID=fc92467e-4cd7-4ea6-9bfc-11250c30c0f6, command=[]} | ret=SUCCESS |  
2019-09-20 14:24:13,393 [pool-104-thread-1] INFO  storage.RaftStorageDirectory (RaftStorageDirectory.java:tryLock(328)) - Lock on /workdir/hadoop-ozone/ozonefs/target/test-dir/MiniOzoneClusterImpl-72e1902e-de17-4929-8ada-cc6049662493/datanode-7/data/ratis/d5ef2d56-4fdb-4e3f-8eba-13cf0b0fec25/in_use.lock acquired by nodename 20069@pr-hdds-1569-p5fx8-1226042367
2019-09-20 14:24:13,419 [pool-104-thread-1] INFO  storage.RaftStorage (RaftStorage.java:format(72)) - Storage directory /workdir/hadoop-ozone/ozonefs/target/test-dir/MiniOzoneClusterImpl-72e1902e-de17-4929-8ada-cc6049662493/datanode-7/data/ratis/d5ef2d56-4fdb-4e3f-8eba-13cf0b0fec25 has been successfully formatted.
2019-09-20 14:24:13,419 [pool-104-thread-1] INFO  ratis.ContainerStateMachine (ContainerStateMachine.java:loadSnapshot(226)) - group-13CF0B0FEC25: The snapshot info is null. Setting the last applied indexto:(t:0, i:~)
2019-09-20 14:24:13,419 [pool-104-thread-1] INFO  server.RaftServerConfigKeys (ConfUtils.java:logGet(43)) - raft.server.leader.election.timeout = 120s (custom)
2019-09-20 14:24:13,419 [pool-104-thread-1] INFO  server.RaftServerConfigKeys (ConfUtils.java:logGet(43)) - raft.server.log.use.memory = false (default)
2019-09-20 14:24:13,419 [pool-104-thread-1] INFO  server.RaftServerConfigKeys (ConfUtils.java:logGet(43)) - raft.server.log.purge.gap = 1000000 (custom)
2019-09-20 14:24:13,420 [pool-104-thread-1] INFO  server.RaftServerConfigKeys (ConfUtils.java:logGet(43)) - raft.server.log.appender.buffer.byte-limit = 33554432 (custom)
2019-09-20 14:24:13,420 [pool-104-thread-1] INFO  server.RaftServerConfigKeys (ConfUtils.java:logGet(43)) - raft.server.log.segment.size.max = 1048576 (custom)
2019-09-20 14:24:13,420 [pool-104-thread-1] INFO  server.RaftServerConfigKeys (ConfUtils.java:logGet(43)) - raft.server.log.segment.cache.num.max = 2 (custom)
2019-09-20 14:24:13,420 [pool-104-thread-1] INFO  segmented.SegmentedRaftLogWorker (SegmentedRaftLogWorker.java:<init>(172)) - new e0033df1-dced-4562-b4c4-a94a3cb6c131-SegmentedRaftLogWorker:Storage Directory /workdir/hadoop-ozone/ozonefs/target/test-dir/MiniOzoneClusterImpl-72e1902e-de17-4929-8ada-cc6049662493/datanode-7/data/ratis/d5ef2d56-4fdb-4e3f-8eba-13cf0b0fec25 for RaftStorage:Storage Directory /workdir/hadoop-ozone/ozonefs/target/test-dir/MiniOzoneClusterImpl-72e1902e-de17-4929-8ada-cc6049662493/datanode-7/data/ratis/d5ef2d56-4fdb-4e3f-8eba-13cf0b0fec25
2019-09-20 14:24:13,420 [pool-104-thread-1] INFO  server.RaftServerConfigKeys (ConfUtils.java:logGet(43)) - raft.server.log.queue.byte-limit = 2147483647 (custom)
2019-09-20 14:24:13,421 [pool-104-thread-1] INFO  server.RaftServerConfigKeys (ConfUtils.java:logGet(43)) - raft.server.log.queue.element-limit = 1024 (custom)
2019-09-20 14:24:13,421 [pool-104-thread-1] INFO  server.RaftServerConfigKeys (ConfUtils.java:logGet(43)) - raft.server.log.segment.size.max = 1048576 (custom)
2019-09-20 14:24:13,421 [pool-104-thread-1] INFO  server.RaftServerConfigKeys (ConfUtils.java:logGet(43)) - raft.server.log.preallocated.size = 16384 (custom)
2019-09-20 14:24:13,421 [pool-104-thread-1] INFO  server.RaftServerConfigKeys (ConfUtils.java:logGet(43)) - raft.server.log.write.buffer.size = 33554432 (custom)
2019-09-20 14:24:13,421 [pool-104-thread-1] INFO  server.RaftServerConfigKeys (ConfUtils.java:logGet(43)) - raft.server.log.force.sync.num = 128 (default)
2019-09-20 14:24:13,421 [pool-104-thread-1] INFO  server.RaftServerConfigKeys (ConfUtils.java:logGet(43)) - raft.server.log.statemachine.data.sync = true (default)
2019-09-20 14:24:13,422 [pool-104-thread-1] INFO  server.RaftServerConfigKeys (ConfUtils.java:logGet(43)) - raft.server.log.statemachine.data.sync.timeout = 10s (default)
2019-09-20 14:24:13,422 [pool-104-thread-1] INFO  server.RaftServerConfigKeys (ConfUtils.java:logGet(43)) - raft.server.log.statemachine.data.sync.timeout.retry = -1 (default)
2019-09-20 14:24:13,422 [pool-104-thread-1] INFO  server.RaftServerConfigKeys (ConfUtils.java:logGet(43)) - raft.server.log.statemachine.data.caching.enabled = true (custom)
2019-09-20 14:24:13,422 [pool-104-thread-1] INFO  segmented.SegmentedRaftLogWorker (SegmentedRaftLogWorker.java:lambda$new$0(132)) - e0033df1-dced-4562-b4c4-a94a3cb6c131-SegmentedRaftLogWorker:Storage Directory /workdir/hadoop-ozone/ozonefs/target/test-dir/MiniOzoneClusterImpl-72e1902e-de17-4929-8ada-cc6049662493/datanode-7/data/ratis/d5ef2d56-4fdb-4e3f-8eba-13cf0b0fec25: flushIndex: setUnconditionally 0 -> -1
2019-09-20 14:24:13,423 [pool-104-thread-1] INFO  server.RaftServerConfigKeys (ConfUtils.java:logGet(43)) - raft.server.snapshot.auto.trigger.enabled = true (custom)
2019-09-20 14:24:13,423 [pool-104-thread-1] INFO  server.RaftServerConfigKeys (ConfUtils.java:logGet(43)) - raft.server.snapshot.auto.trigger.threshold = 10000 (custom)
2019-09-20 14:24:13,423 [pool-104-thread-1] INFO  server.RaftServerConfigKeys (ConfUtils.java:logGet(43)) - raft.server.retrycache.expirytime = 600000ms (custom)
2019-09-20 14:24:13,423 [pool-104-thread-1] INFO  impl.RaftServerImpl (RaftServerImpl.java:start(180)) - e0033df1-dced-4562-b4c4-a94a3cb6c131: start group-13CF0B0FEC25
2019-09-20 14:24:13,424 [pool-104-thread-1] INFO  impl.RaftServerImpl (RaftServerImpl.java:setRole(171)) - e0033df1-dced-4562-b4c4-a94a3cb6c131:group-13CF0B0FEC25 changes role from null to FOLLOWER at term 0 for startAsFollower
2019-09-20 14:24:13,424 [pool-104-thread-1] INFO  impl.RoleInfo (RoleInfo.java:updateAndGet(143)) - e0033df1-dced-4562-b4c4-a94a3cb6c131: start FollowerState
2019-09-20 14:24:13,424 [pool-104-thread-1] INFO  util.JmxRegister (JmxRegister.java:tryRegister(44)) - Successfully registered JMX Bean with object name Ratis:service=RaftServer,group=group-13CF0B0FEC25,id=e0033df1-dced-4562-b4c4-a94a3cb6c131
2019-09-20 14:24:13,435 [RatisPipelineUtilsThread] INFO  pipeline.PipelineStateManager (PipelineStateManager.java:addPipeline(56)) - Created pipeline Pipeline[ Id: d5ef2d56-4fdb-4e3f-8eba-13cf0b0fec25, Nodes: e0033df1-dced-4562-b4c4-a94a3cb6c131{ip: 192.168.36.99, host: pr-hdds-1569-p5fx8-1226042367, networkLocation: /default-rack, certSerialId: null}, Type:RATIS, Factor:ONE, State:OPEN]
2019-09-20 14:24:13,435 [RatisPipelineUtilsThread] INFO  pipeline.PipelinePlacementPolicy (PipelinePlacementPolicy.java:meetCriteria(91)) - Pipeline Placement: Doesn't meet the criteria to be viable node： c0a66530-d43a-4ae5-bdbb-2b9936068aaa Heaviness: 6 limit: 5
2019-09-20 14:24:13,435 [RatisPipelineUtilsThread] INFO  pipeline.PipelinePlacementPolicy (PipelinePlacementPolicy.java:meetCriteria(91)) - Pipeline Placement: Doesn't meet the criteria to be viable node： 93651a45-ffa4-4bae-ae49-6429ae7182bc Heaviness: 6 limit: 5
2019-09-20 14:24:13,435 [RatisPipelineUtilsThread] INFO  pipeline.PipelinePlacementPolicy (PipelinePlacementPolicy.java:meetCriteria(91)) - Pipeline Placement: Doesn't meet the criteria to be viable node： 926b0f41-0722-49ff-a592-68b703f22f49 Heaviness: 6 limit: 5
2019-09-20 14:24:13,436 [RatisPipelineUtilsThread] INFO  pipeline.PipelinePlacementPolicy (PipelinePlacementPolicy.java:meetCriteria(91)) - Pipeline Placement: Doesn't meet the criteria to be viable node： 4b9e2e33-9606-42c4-a38b-d8e2568a9ed5 Heaviness: 6 limit: 5
2019-09-20 14:24:13,436 [RatisPipelineUtilsThread] INFO  pipeline.PipelinePlacementPolicy (PipelinePlacementPolicy.java:meetCriteria(91)) - Pipeline Placement: Doesn't meet the criteria to be viable node： 7c330693-1e2f-4265-ad51-f8ae66fac775 Heaviness: 6 limit: 5
2019-09-20 14:24:13,442 [grpc-default-executor-0] INFO  impl.RaftServerProxy (RaftServerProxy.java:addNew(89)) - e0033df1-dced-4562-b4c4-a94a3cb6c131: addNew group-8FCC0BF9148D:[e0033df1-dced-4562-b4c4-a94a3cb6c131:192.168.36.99:39317] returns group-8FCC0BF9148D:java.util.concurrent.CompletableFuture@3141549f[Not completed]
2019-09-20 14:24:13,443 [pool-104-thread-1] INFO  impl.RaftServerImpl (RaftServerImpl.java:<init>(93)) - e0033df1-dced-4562-b4c4-a94a3cb6c131: new RaftServerImpl for group-8FCC0BF9148D:[e0033df1-dced-4562-b4c4-a94a3cb6c131:192.168.36.99:39317] with ContainerStateMachine:uninitialized
2019-09-20 14:24:13,443 [pool-104-thread-1] INFO  server.RaftServerConfigKeys (ConfUtils.java:logGet(43)) - raft.server.rpc.timeout.min = 5s (custom)
2019-09-20 14:24:13,444 [pool-104-thread-1] INFO  server.RaftServerConfigKeys (ConfUtils.java:logGet(43)) - raft.server.rpc.timeout.max = 5200ms (custom)
2019-09-20 14:24:13,444 [pool-104-thread-1] INFO  server.RaftServerConfigKeys (ConfUtils.java:logGet(43)) - raft.server.rpcslowness.timeout = 120s (custom)
2019-09-20 14:24:13,444 [pool-104-thread-1] INFO  server.RaftServerConfigKeys (ConfUtils.java:logGet(43)) - raft.server.sleep.deviation.threshold = 300 (default)
2019-09-20 14:24:13,444 [pool-104-thread-1] INFO  server.RaftServerConfigKeys (ConfUtils.java:logGet(43)) - raft.server.log.appender.install.snapshot.enabled = false (custom)
2019-09-20 14:24:13,444 [pool-104-thread-1] INFO  impl.RaftServerImpl (ServerState.java:<init>(105)) - e0033df1-dced-4562-b4c4-a94a3cb6c131:group-8FCC0BF9148D ConfigurationManager, init=-1: [e0033df1-dced-4562-b4c4-a94a3cb6c131:192.168.36.99:39317], old=null, confs=<EMPTY_MAP>
2019-09-20 14:24:13,445 [pool-104-thread-1] INFO  server.RaftServerConfigKeys (ConfUtils.java:logGet(43)) - raft.server.storage.dir = [/workdir/hadoop-ozone/ozonefs/target/test-dir/MiniOzoneClusterImpl-72e1902e-de17-4929-8ada-cc6049662493/datanode-7/data/ratis] (custom)
2019-09-20 14:24:13,445 [pool-104-thread-1] INFO  storage.RaftStorageDirectory (RaftStorageDirectory.java:analyzeStorage(246)) - The storage directory /workdir/hadoop-ozone/ozonefs/target/test-dir/MiniOzoneClusterImpl-72e1902e-de17-4929-8ada-cc6049662493/datanode-7/data/ratis/5efb6455-525b-4f3d-bfc0-8fcc0bf9148d does not exist. Creating ...
2019-09-20 14:24:13,469 [pool-104-thread-1] INFO  storage.RaftStorageDirectory (RaftStorageDirectory.java:tryLock(328)) - Lock on /workdir/hadoop-ozone/ozonefs/target/test-dir/MiniOzoneClusterImpl-72e1902e-de17-4929-8ada-cc6049662493/datanode-7/data/ratis/5efb6455-525b-4f3d-bfc0-8fcc0bf9148d/in_use.lock acquired by nodename 20069@pr-hdds-1569-p5fx8-1226042367
2019-09-20 14:24:13,484 | INFO  | SCMAudit | user=jenkins1000 | ip=192.168.36.99 | op=SEND_HEARTBEAT {datanodeUUID=c0a66530-d43a-4ae5-bdbb-2b9936068aaa, command=[]} | ret=SUCCESS |  
2019-09-20 14:24:13,503 [pool-104-thread-1] INFO  storage.RaftStorage (RaftStorage.java:format(72)) - Storage directory /workdir/hadoop-ozone/ozonefs/target/test-dir/MiniOzoneClusterImpl-72e1902e-de17-4929-8ada-cc6049662493/datanode-7/data/ratis/5efb6455-525b-4f3d-bfc0-8fcc0bf9148d has been successfully formatted.
2019-09-20 14:24:13,503 [pool-104-thread-1] INFO  ratis.ContainerStateMachine (ContainerStateMachine.java:loadSnapshot(226)) - group-8FCC0BF9148D: The snapshot info is null. Setting the last applied indexto:(t:0, i:~)
2019-09-20 14:24:13,503 [pool-104-thread-1] INFO  server.RaftServerConfigKeys (ConfUtils.java:logGet(43)) - raft.server.leader.election.timeout = 120s (custom)
2019-09-20 14:24:13,503 [pool-104-thread-1] INFO  server.RaftServerConfigKeys (ConfUtils.java:logGet(43)) - raft.server.log.use.memory = false (default)
2019-09-20 14:24:13,504 [pool-104-thread-1] INFO  server.RaftServerConfigKeys (ConfUtils.java:logGet(43)) - raft.server.log.purge.gap = 1000000 (custom)
2019-09-20 14:24:13,504 [pool-104-thread-1] INFO  server.RaftServerConfigKeys (ConfUtils.java:logGet(43)) - raft.server.log.appender.buffer.byte-limit = 33554432 (custom)
2019-09-20 14:24:13,504 [pool-104-thread-1] INFO  server.RaftServerConfigKeys (ConfUtils.java:logGet(43)) - raft.server.log.segment.size.max = 1048576 (custom)
2019-09-20 14:24:13,504 [pool-104-thread-1] INFO  server.RaftServerConfigKeys (ConfUtils.java:logGet(43)) - raft.server.log.segment.cache.num.max = 2 (custom)
2019-09-20 14:24:13,504 [pool-104-thread-1] INFO  segmented.SegmentedRaftLogWorker (SegmentedRaftLogWorker.java:<init>(172)) - new e0033df1-dced-4562-b4c4-a94a3cb6c131-SegmentedRaftLogWorker:Storage Directory /workdir/hadoop-ozone/ozonefs/target/test-dir/MiniOzoneClusterImpl-72e1902e-de17-4929-8ada-cc6049662493/datanode-7/data/ratis/5efb6455-525b-4f3d-bfc0-8fcc0bf9148d for RaftStorage:Storage Directory /workdir/hadoop-ozone/ozonefs/target/test-dir/MiniOzoneClusterImpl-72e1902e-de17-4929-8ada-cc6049662493/datanode-7/data/ratis/5efb6455-525b-4f3d-bfc0-8fcc0bf9148d
2019-09-20 14:24:13,504 [pool-104-thread-1] INFO  server.RaftServerConfigKeys (ConfUtils.java:logGet(43)) - raft.server.log.queue.byte-limit = 2147483647 (custom)
2019-09-20 14:24:13,505 [pool-104-thread-1] INFO  server.RaftServerConfigKeys (ConfUtils.java:logGet(43)) - raft.server.log.queue.element-limit = 1024 (custom)
2019-09-20 14:24:13,505 [pool-104-thread-1] INFO  server.RaftServerConfigKeys (ConfUtils.java:logGet(43)) - raft.server.log.segment.size.max = 1048576 (custom)
2019-09-20 14:24:13,505 [pool-104-thread-1] INFO  server.RaftServerConfigKeys (ConfUtils.java:logGet(43)) - raft.server.log.preallocated.size = 16384 (custom)
2019-09-20 14:24:13,505 [pool-104-thread-1] INFO  server.RaftServerConfigKeys (ConfUtils.java:logGet(43)) - raft.server.log.write.buffer.size = 33554432 (custom)
2019-09-20 14:24:13,505 [pool-104-thread-1] INFO  server.RaftServerConfigKeys (ConfUtils.java:logGet(43)) - raft.server.log.force.sync.num = 128 (default)
2019-09-20 14:24:13,505 [pool-104-thread-1] INFO  server.RaftServerConfigKeys (ConfUtils.java:logGet(43)) - raft.server.log.statemachine.data.sync = true (default)
2019-09-20 14:24:13,506 [pool-104-thread-1] INFO  server.RaftServerConfigKeys (ConfUtils.java:logGet(43)) - raft.server.log.statemachine.data.sync.timeout = 10s (default)
2019-09-20 14:24:13,506 [pool-104-thread-1] INFO  server.RaftServerConfigKeys (ConfUtils.java:logGet(43)) - raft.server.log.statemachine.data.sync.timeout.retry = -1 (default)
2019-09-20 14:24:13,506 [pool-104-thread-1] INFO  server.RaftServerConfigKeys (ConfUtils.java:logGet(43)) - raft.server.log.statemachine.data.caching.enabled = true (custom)
2019-09-20 14:24:13,506 [pool-104-thread-1] INFO  segmented.SegmentedRaftLogWorker (SegmentedRaftLogWorker.java:lambda$new$0(132)) - e0033df1-dced-4562-b4c4-a94a3cb6c131-SegmentedRaftLogWorker:Storage Directory /workdir/hadoop-ozone/ozonefs/target/test-dir/MiniOzoneClusterImpl-72e1902e-de17-4929-8ada-cc6049662493/datanode-7/data/ratis/5efb6455-525b-4f3d-bfc0-8fcc0bf9148d: flushIndex: setUnconditionally 0 -> -1
2019-09-20 14:24:13,507 [pool-104-thread-1] INFO  server.RaftServerConfigKeys (ConfUtils.java:logGet(43)) - raft.server.snapshot.auto.trigger.enabled = true (custom)
2019-09-20 14:24:13,507 [pool-104-thread-1] INFO  server.RaftServerConfigKeys (ConfUtils.java:logGet(43)) - raft.server.snapshot.auto.trigger.threshold = 10000 (custom)
2019-09-20 14:24:13,507 [pool-104-thread-1] INFO  server.RaftServerConfigKeys (ConfUtils.java:logGet(43)) - raft.server.retrycache.expirytime = 600000ms (custom)
2019-09-20 14:24:13,507 [pool-104-thread-1] INFO  impl.RaftServerImpl (RaftServerImpl.java:start(180)) - e0033df1-dced-4562-b4c4-a94a3cb6c131: start group-8FCC0BF9148D
2019-09-20 14:24:13,508 [pool-104-thread-1] INFO  impl.RaftServerImpl (RaftServerImpl.java:setRole(171)) - e0033df1-dced-4562-b4c4-a94a3cb6c131:group-8FCC0BF9148D changes role from null to FOLLOWER at term 0 for startAsFollower
2019-09-20 14:24:13,508 [pool-104-thread-1] INFO  impl.RoleInfo (RoleInfo.java:updateAndGet(143)) - e0033df1-dced-4562-b4c4-a94a3cb6c131: start FollowerState
2019-09-20 14:24:13,508 [pool-104-thread-1] INFO  util.JmxRegister (JmxRegister.java:tryRegister(44)) - Successfully registered JMX Bean with object name Ratis:service=RaftServer,group=group-8FCC0BF9148D,id=e0033df1-dced-4562-b4c4-a94a3cb6c131
2019-09-20 14:24:13,511 [RatisPipelineUtilsThread] INFO  pipeline.PipelineStateManager (PipelineStateManager.java:addPipeline(56)) - Created pipeline Pipeline[ Id: 5efb6455-525b-4f3d-bfc0-8fcc0bf9148d, Nodes: e0033df1-dced-4562-b4c4-a94a3cb6c131{ip: 192.168.36.99, host: pr-hdds-1569-p5fx8-1226042367, networkLocation: /default-rack, certSerialId: null}, Type:RATIS, Factor:ONE, State:OPEN]
2019-09-20 14:24:13,511 [RatisPipelineUtilsThread] INFO  pipeline.PipelinePlacementPolicy (PipelinePlacementPolicy.java:meetCriteria(91)) - Pipeline Placement: Doesn't meet the criteria to be viable node： c0a66530-d43a-4ae5-bdbb-2b9936068aaa Heaviness: 6 limit: 5
2019-09-20 14:24:13,512 [RatisPipelineUtilsThread] INFO  pipeline.PipelinePlacementPolicy (PipelinePlacementPolicy.java:meetCriteria(91)) - Pipeline Placement: Doesn't meet the criteria to be viable node： 93651a45-ffa4-4bae-ae49-6429ae7182bc Heaviness: 6 limit: 5
2019-09-20 14:24:13,512 [RatisPipelineUtilsThread] INFO  pipeline.PipelinePlacementPolicy (PipelinePlacementPolicy.java:meetCriteria(91)) - Pipeline Placement: Doesn't meet the criteria to be viable node： 926b0f41-0722-49ff-a592-68b703f22f49 Heaviness: 6 limit: 5
2019-09-20 14:24:13,512 [RatisPipelineUtilsThread] INFO  pipeline.PipelinePlacementPolicy (PipelinePlacementPolicy.java:meetCriteria(91)) - Pipeline Placement: Doesn't meet the criteria to be viable node： 4b9e2e33-9606-42c4-a38b-d8e2568a9ed5 Heaviness: 6 limit: 5
2019-09-20 14:24:13,512 [RatisPipelineUtilsThread] INFO  pipeline.PipelinePlacementPolicy (PipelinePlacementPolicy.java:meetCriteria(91)) - Pipeline Placement: Doesn't meet the criteria to be viable node： 7c330693-1e2f-4265-ad51-f8ae66fac775 Heaviness: 6 limit: 5
2019-09-20 14:24:13,518 [grpc-default-executor-0] INFO  impl.RaftServerProxy (RaftServerProxy.java:addNew(89)) - 9101a5c2-dfb1-4c31-830b-4c77eb758348: addNew group-99346490130B:[9101a5c2-dfb1-4c31-830b-4c77eb758348:192.168.36.99:35572] returns group-99346490130B:java.util.concurrent.CompletableFuture@783c8c84[Not completed]
2019-09-20 14:24:13,520 [pool-93-thread-1] INFO  impl.RaftServerImpl (RaftServerImpl.java:<init>(93)) - 9101a5c2-dfb1-4c31-830b-4c77eb758348: new RaftServerImpl for group-99346490130B:[9101a5c2-dfb1-4c31-830b-4c77eb758348:192.168.36.99:35572] with ContainerStateMachine:uninitialized
2019-09-20 14:24:13,520 [pool-93-thread-1] INFO  server.RaftServerConfigKeys (ConfUtils.java:logGet(43)) - raft.server.rpc.timeout.min = 5s (custom)
2019-09-20 14:24:13,520 [pool-93-thread-1] INFO  server.RaftServerConfigKeys (ConfUtils.java:logGet(43)) - raft.server.rpc.timeout.max = 5200ms (custom)
2019-09-20 14:24:13,521 [pool-93-thread-1] INFO  server.RaftServerConfigKeys (ConfUtils.java:logGet(43)) - raft.server.rpcslowness.timeout = 120s (custom)
2019-09-20 14:24:13,521 [pool-93-thread-1] INFO  server.RaftServerConfigKeys (ConfUtils.java:logGet(43)) - raft.server.sleep.deviation.threshold = 300 (default)
2019-09-20 14:24:13,521 [pool-93-thread-1] INFO  server.RaftServerConfigKeys (ConfUtils.java:logGet(43)) - raft.server.log.appender.install.snapshot.enabled = false (custom)
2019-09-20 14:24:13,521 [pool-93-thread-1] INFO  impl.RaftServerImpl (ServerState.java:<init>(105)) - 9101a5c2-dfb1-4c31-830b-4c77eb758348:group-99346490130B ConfigurationManager, init=-1: [9101a5c2-dfb1-4c31-830b-4c77eb758348:192.168.36.99:35572], old=null, confs=<EMPTY_MAP>
2019-09-20 14:24:13,521 [pool-93-thread-1] INFO  server.RaftServerConfigKeys (ConfUtils.java:logGet(43)) - raft.server.storage.dir = [/workdir/hadoop-ozone/ozonefs/target/test-dir/MiniOzoneClusterImpl-72e1902e-de17-4929-8ada-cc6049662493/datanode-6/data/ratis] (custom)
2019-09-20 14:24:13,522 [pool-93-thread-1] INFO  storage.RaftStorageDirectory (RaftStorageDirectory.java:analyzeStorage(246)) - The storage directory /workdir/hadoop-ozone/ozonefs/target/test-dir/MiniOzoneClusterImpl-72e1902e-de17-4929-8ada-cc6049662493/datanode-6/data/ratis/425b740c-508d-4148-9471-99346490130b does not exist. Creating ...
2019-09-20 14:24:13,545 [pool-93-thread-1] INFO  storage.RaftStorageDirectory (RaftStorageDirectory.java:tryLock(328)) - Lock on /workdir/hadoop-ozone/ozonefs/target/test-dir/MiniOzoneClusterImpl-72e1902e-de17-4929-8ada-cc6049662493/datanode-6/data/ratis/425b740c-508d-4148-9471-99346490130b/in_use.lock acquired by nodename 20069@pr-hdds-1569-p5fx8-1226042367
2019-09-20 14:24:13,570 [pool-93-thread-1] INFO  storage.RaftStorage (RaftStorage.java:format(72)) - Storage directory /workdir/hadoop-ozone/ozonefs/target/test-dir/MiniOzoneClusterImpl-72e1902e-de17-4929-8ada-cc6049662493/datanode-6/data/ratis/425b740c-508d-4148-9471-99346490130b has been successfully formatted.
2019-09-20 14:24:13,571 [pool-93-thread-1] INFO  ratis.ContainerStateMachine (ContainerStateMachine.java:loadSnapshot(226)) - group-99346490130B: The snapshot info is null. Setting the last applied indexto:(t:0, i:~)
2019-09-20 14:24:13,571 [pool-93-thread-1] INFO  server.RaftServerConfigKeys (ConfUtils.java:logGet(43)) - raft.server.leader.election.timeout = 120s (custom)
2019-09-20 14:24:13,571 [pool-93-thread-1] INFO  server.RaftServerConfigKeys (ConfUtils.java:logGet(43)) - raft.server.log.use.memory = false (default)
2019-09-20 14:24:13,571 [pool-93-thread-1] INFO  server.RaftServerConfigKeys (ConfUtils.java:logGet(43)) - raft.server.log.purge.gap = 1000000 (custom)
2019-09-20 14:24:13,571 [pool-93-thread-1] INFO  server.RaftServerConfigKeys (ConfUtils.java:logGet(43)) - raft.server.log.appender.buffer.byte-limit = 33554432 (custom)
2019-09-20 14:24:13,572 [pool-93-thread-1] INFO  server.RaftServerConfigKeys (ConfUtils.java:logGet(43)) - raft.server.log.segment.size.max = 1048576 (custom)
2019-09-20 14:24:13,572 [pool-93-thread-1] INFO  server.RaftServerConfigKeys (ConfUtils.java:logGet(43)) - raft.server.log.segment.cache.num.max = 2 (custom)
2019-09-20 14:24:13,572 [pool-93-thread-1] INFO  segmented.SegmentedRaftLogWorker (SegmentedRaftLogWorker.java:<init>(172)) - new 9101a5c2-dfb1-4c31-830b-4c77eb758348-SegmentedRaftLogWorker:Storage Directory /workdir/hadoop-ozone/ozonefs/target/test-dir/MiniOzoneClusterImpl-72e1902e-de17-4929-8ada-cc6049662493/datanode-6/data/ratis/425b740c-508d-4148-9471-99346490130b for RaftStorage:Storage Directory /workdir/hadoop-ozone/ozonefs/target/test-dir/MiniOzoneClusterImpl-72e1902e-de17-4929-8ada-cc6049662493/datanode-6/data/ratis/425b740c-508d-4148-9471-99346490130b
2019-09-20 14:24:13,572 [pool-93-thread-1] INFO  server.RaftServerConfigKeys (ConfUtils.java:logGet(43)) - raft.server.log.queue.byte-limit = 2147483647 (custom)
2019-09-20 14:24:13,572 [pool-93-thread-1] INFO  server.RaftServerConfigKeys (ConfUtils.java:logGet(43)) - raft.server.log.queue.element-limit = 1024 (custom)
2019-09-20 14:24:13,572 [pool-93-thread-1] INFO  server.RaftServerConfigKeys (ConfUtils.java:logGet(43)) - raft.server.log.segment.size.max = 1048576 (custom)
2019-09-20 14:24:13,573 [pool-93-thread-1] INFO  server.RaftServerConfigKeys (ConfUtils.java:logGet(43)) - raft.server.log.preallocated.size = 16384 (custom)
2019-09-20 14:24:13,573 [pool-93-thread-1] INFO  server.RaftServerConfigKeys (ConfUtils.java:logGet(43)) - raft.server.log.write.buffer.size = 33554432 (custom)
2019-09-20 14:24:13,573 [pool-93-thread-1] INFO  server.RaftServerConfigKeys (ConfUtils.java:logGet(43)) - raft.server.log.force.sync.num = 128 (default)
2019-09-20 14:24:13,573 [pool-93-thread-1] INFO  server.RaftServerConfigKeys (ConfUtils.java:logGet(43)) - raft.server.log.statemachine.data.sync = true (default)
2019-09-20 14:24:13,573 [pool-93-thread-1] INFO  server.RaftServerConfigKeys (ConfUtils.java:logGet(43)) - raft.server.log.statemachine.data.sync.timeout = 10s (default)
2019-09-20 14:24:13,573 [pool-93-thread-1] INFO  server.RaftServerConfigKeys (ConfUtils.java:logGet(43)) - raft.server.log.statemachine.data.sync.timeout.retry = -1 (default)
2019-09-20 14:24:13,574 [pool-93-thread-1] INFO  server.RaftServerConfigKeys (ConfUtils.java:logGet(43)) - raft.server.log.statemachine.data.caching.enabled = true (custom)
2019-09-20 14:24:13,574 [pool-93-thread-1] INFO  segmented.SegmentedRaftLogWorker (SegmentedRaftLogWorker.java:lambda$new$0(132)) - 9101a5c2-dfb1-4c31-830b-4c77eb758348-SegmentedRaftLogWorker:Storage Directory /workdir/hadoop-ozone/ozonefs/target/test-dir/MiniOzoneClusterImpl-72e1902e-de17-4929-8ada-cc6049662493/datanode-6/data/ratis/425b740c-508d-4148-9471-99346490130b: flushIndex: setUnconditionally 0 -> -1
2019-09-20 14:24:13,574 [pool-93-thread-1] INFO  server.RaftServerConfigKeys (ConfUtils.java:logGet(43)) - raft.server.snapshot.auto.trigger.enabled = true (custom)
2019-09-20 14:24:13,575 [pool-93-thread-1] INFO  server.RaftServerConfigKeys (ConfUtils.java:logGet(43)) - raft.server.snapshot.auto.trigger.threshold = 10000 (custom)
2019-09-20 14:24:13,575 [pool-93-thread-1] INFO  server.RaftServerConfigKeys (ConfUtils.java:logGet(43)) - raft.server.retrycache.expirytime = 600000ms (custom)
2019-09-20 14:24:13,575 [pool-93-thread-1] INFO  impl.RaftServerImpl (RaftServerImpl.java:start(180)) - 9101a5c2-dfb1-4c31-830b-4c77eb758348: start group-99346490130B
2019-09-20 14:24:13,575 [pool-93-thread-1] INFO  impl.RaftServerImpl (RaftServerImpl.java:setRole(171)) - 9101a5c2-dfb1-4c31-830b-4c77eb758348:group-99346490130B changes role from null to FOLLOWER at term 0 for startAsFollower
2019-09-20 14:24:13,575 [pool-93-thread-1] INFO  impl.RoleInfo (RoleInfo.java:updateAndGet(143)) - 9101a5c2-dfb1-4c31-830b-4c77eb758348: start FollowerState
2019-09-20 14:24:13,576 [pool-93-thread-1] INFO  util.JmxRegister (JmxRegister.java:tryRegister(44)) - Successfully registered JMX Bean with object name Ratis:service=RaftServer,group=group-99346490130B,id=9101a5c2-dfb1-4c31-830b-4c77eb758348
2019-09-20 14:24:13,580 [RatisPipelineUtilsThread] INFO  pipeline.PipelineStateManager (PipelineStateManager.java:addPipeline(56)) - Created pipeline Pipeline[ Id: 425b740c-508d-4148-9471-99346490130b, Nodes: 9101a5c2-dfb1-4c31-830b-4c77eb758348{ip: 192.168.36.99, host: pr-hdds-1569-p5fx8-1226042367, networkLocation: /default-rack, certSerialId: null}, Type:RATIS, Factor:ONE, State:OPEN]
2019-09-20 14:24:13,580 [RatisPipelineUtilsThread] INFO  pipeline.PipelinePlacementPolicy (PipelinePlacementPolicy.java:meetCriteria(91)) - Pipeline Placement: Doesn't meet the criteria to be viable node： 9101a5c2-dfb1-4c31-830b-4c77eb758348 Heaviness: 6 limit: 5
2019-09-20 14:24:13,580 [RatisPipelineUtilsThread] INFO  pipeline.PipelinePlacementPolicy (PipelinePlacementPolicy.java:meetCriteria(91)) - Pipeline Placement: Doesn't meet the criteria to be viable node： c0a66530-d43a-4ae5-bdbb-2b9936068aaa Heaviness: 6 limit: 5
2019-09-20 14:24:13,580 [RatisPipelineUtilsThread] INFO  pipeline.PipelinePlacementPolicy (PipelinePlacementPolicy.java:meetCriteria(91)) - Pipeline Placement: Doesn't meet the criteria to be viable node： 93651a45-ffa4-4bae-ae49-6429ae7182bc Heaviness: 6 limit: 5
2019-09-20 14:24:13,581 [RatisPipelineUtilsThread] INFO  pipeline.PipelinePlacementPolicy (PipelinePlacementPolicy.java:meetCriteria(91)) - Pipeline Placement: Doesn't meet the criteria to be viable node： 926b0f41-0722-49ff-a592-68b703f22f49 Heaviness: 6 limit: 5
2019-09-20 14:24:13,581 [RatisPipelineUtilsThread] INFO  pipeline.PipelinePlacementPolicy (PipelinePlacementPolicy.java:meetCriteria(91)) - Pipeline Placement: Doesn't meet the criteria to be viable node： 4b9e2e33-9606-42c4-a38b-d8e2568a9ed5 Heaviness: 6 limit: 5
2019-09-20 14:24:13,581 [RatisPipelineUtilsThread] INFO  pipeline.PipelinePlacementPolicy (PipelinePlacementPolicy.java:meetCriteria(91)) - Pipeline Placement: Doesn't meet the criteria to be viable node： 7c330693-1e2f-4265-ad51-f8ae66fac775 Heaviness: 6 limit: 5
2019-09-20 14:24:13,587 [grpc-default-executor-0] INFO  impl.RaftServerProxy (RaftServerProxy.java:addNew(89)) - fc92467e-4cd7-4ea6-9bfc-11250c30c0f6: addNew group-52756270EA3F:[fc92467e-4cd7-4ea6-9bfc-11250c30c0f6:192.168.36.99:34828] returns group-52756270EA3F:java.util.concurrent.CompletableFuture@4ccf7a7a[Not completed]
2019-09-20 14:24:13,589 [pool-115-thread-1] INFO  impl.RaftServerImpl (RaftServerImpl.java:<init>(93)) - fc92467e-4cd7-4ea6-9bfc-11250c30c0f6: new RaftServerImpl for group-52756270EA3F:[fc92467e-4cd7-4ea6-9bfc-11250c30c0f6:192.168.36.99:34828] with ContainerStateMachine:uninitialized
2019-09-20 14:24:13,589 [pool-115-thread-1] INFO  server.RaftServerConfigKeys (ConfUtils.java:logGet(43)) - raft.server.rpc.timeout.min = 5s (custom)
2019-09-20 14:24:13,590 [pool-115-thread-1] INFO  server.RaftServerConfigKeys (ConfUtils.java:logGet(43)) - raft.server.rpc.timeout.max = 5200ms (custom)
2019-09-20 14:24:13,590 [pool-115-thread-1] INFO  server.RaftServerConfigKeys (ConfUtils.java:logGet(43)) - raft.server.rpcslowness.timeout = 120s (custom)
2019-09-20 14:24:13,590 [pool-115-thread-1] INFO  server.RaftServerConfigKeys (ConfUtils.java:logGet(43)) - raft.server.sleep.deviation.threshold = 300 (default)
2019-09-20 14:24:13,590 [pool-115-thread-1] INFO  server.RaftServerConfigKeys (ConfUtils.java:logGet(43)) - raft.server.log.appender.install.snapshot.enabled = false (custom)
2019-09-20 14:24:13,590 [pool-115-thread-1] INFO  impl.RaftServerImpl (ServerState.java:<init>(105)) - fc92467e-4cd7-4ea6-9bfc-11250c30c0f6:group-52756270EA3F ConfigurationManager, init=-1: [fc92467e-4cd7-4ea6-9bfc-11250c30c0f6:192.168.36.99:34828], old=null, confs=<EMPTY_MAP>
2019-09-20 14:24:13,590 [pool-115-thread-1] INFO  server.RaftServerConfigKeys (ConfUtils.java:logGet(43)) - raft.server.storage.dir = [/workdir/hadoop-ozone/ozonefs/target/test-dir/MiniOzoneClusterImpl-72e1902e-de17-4929-8ada-cc6049662493/datanode-8/data/ratis] (custom)
2019-09-20 14:24:13,591 [pool-115-thread-1] INFO  storage.RaftStorageDirectory (RaftStorageDirectory.java:analyzeStorage(246)) - The storage directory /workdir/hadoop-ozone/ozonefs/target/test-dir/MiniOzoneClusterImpl-72e1902e-de17-4929-8ada-cc6049662493/datanode-8/data/ratis/cd6db975-83dd-41c0-b118-52756270ea3f does not exist. Creating ...
2019-09-20 14:24:13,629 [pool-115-thread-1] INFO  storage.RaftStorageDirectory (RaftStorageDirectory.java:tryLock(328)) - Lock on /workdir/hadoop-ozone/ozonefs/target/test-dir/MiniOzoneClusterImpl-72e1902e-de17-4929-8ada-cc6049662493/datanode-8/data/ratis/cd6db975-83dd-41c0-b118-52756270ea3f/in_use.lock acquired by nodename 20069@pr-hdds-1569-p5fx8-1226042367
2019-09-20 14:24:13,659 | INFO  | SCMAudit | user=jenkins1000 | ip=192.168.36.99 | op=SEND_HEARTBEAT {datanodeUUID=f44a1c99-f9ac-4ca4-85ec-e98b84e0ebc2, command=[]} | ret=SUCCESS |  
2019-09-20 14:24:13,667 | INFO  | SCMAudit | user=jenkins1000 | ip=192.168.36.99 | op=SEND_HEARTBEAT {datanodeUUID=ea2f062a-dcfd-4d75-88ac-6c4e2f0364da, command=[]} | ret=SUCCESS |  
2019-09-20 14:24:13,672 [pool-115-thread-1] INFO  storage.RaftStorage (RaftStorage.java:format(72)) - Storage directory /workdir/hadoop-ozone/ozonefs/target/test-dir/MiniOzoneClusterImpl-72e1902e-de17-4929-8ada-cc6049662493/datanode-8/data/ratis/cd6db975-83dd-41c0-b118-52756270ea3f has been successfully formatted.
2019-09-20 14:24:13,672 [pool-115-thread-1] INFO  ratis.ContainerStateMachine (ContainerStateMachine.java:loadSnapshot(226)) - group-52756270EA3F: The snapshot info is null. Setting the last applied indexto:(t:0, i:~)
2019-09-20 14:24:13,672 [pool-115-thread-1] INFO  server.RaftServerConfigKeys (ConfUtils.java:logGet(43)) - raft.server.leader.election.timeout = 120s (custom)
2019-09-20 14:24:13,672 [pool-115-thread-1] INFO  server.RaftServerConfigKeys (ConfUtils.java:logGet(43)) - raft.server.log.use.memory = false (default)
2019-09-20 14:24:13,673 [pool-115-thread-1] INFO  server.RaftServerConfigKeys (ConfUtils.java:logGet(43)) - raft.server.log.purge.gap = 1000000 (custom)
2019-09-20 14:24:13,673 [pool-115-thread-1] INFO  server.RaftServerConfigKeys (ConfUtils.java:logGet(43)) - raft.server.log.appender.buffer.byte-limit = 33554432 (custom)
2019-09-20 14:24:13,673 [pool-115-thread-1] INFO  server.RaftServerConfigKeys (ConfUtils.java:logGet(43)) - raft.server.log.segment.size.max = 1048576 (custom)
2019-09-20 14:24:13,673 [pool-115-thread-1] INFO  server.RaftServerConfigKeys (ConfUtils.java:logGet(43)) - raft.server.log.segment.cache.num.max = 2 (custom)
2019-09-20 14:24:13,673 [pool-115-thread-1] INFO  segmented.SegmentedRaftLogWorker (SegmentedRaftLogWorker.java:<init>(172)) - new fc92467e-4cd7-4ea6-9bfc-11250c30c0f6-SegmentedRaftLogWorker:Storage Directory /workdir/hadoop-ozone/ozonefs/target/test-dir/MiniOzoneClusterImpl-72e1902e-de17-4929-8ada-cc6049662493/datanode-8/data/ratis/cd6db975-83dd-41c0-b118-52756270ea3f for RaftStorage:Storage Directory /workdir/hadoop-ozone/ozonefs/target/test-dir/MiniOzoneClusterImpl-72e1902e-de17-4929-8ada-cc6049662493/datanode-8/data/ratis/cd6db975-83dd-41c0-b118-52756270ea3f
2019-09-20 14:24:13,673 [pool-115-thread-1] INFO  server.RaftServerConfigKeys (ConfUtils.java:logGet(43)) - raft.server.log.queue.byte-limit = 2147483647 (custom)
2019-09-20 14:24:13,674 [pool-115-thread-1] INFO  server.RaftServerConfigKeys (ConfUtils.java:logGet(43)) - raft.server.log.queue.element-limit = 1024 (custom)
2019-09-20 14:24:13,674 [pool-115-thread-1] INFO  server.RaftServerConfigKeys (ConfUtils.java:logGet(43)) - raft.server.log.segment.size.max = 1048576 (custom)
2019-09-20 14:24:13,674 [pool-115-thread-1] INFO  server.RaftServerConfigKeys (ConfUtils.java:logGet(43)) - raft.server.log.preallocated.size = 16384 (custom)
2019-09-20 14:24:13,674 [pool-115-thread-1] INFO  server.RaftServerConfigKeys (ConfUtils.java:logGet(43)) - raft.server.log.write.buffer.size = 33554432 (custom)
2019-09-20 14:24:13,674 [pool-115-thread-1] INFO  server.RaftServerConfigKeys (ConfUtils.java:logGet(43)) - raft.server.log.force.sync.num = 128 (default)
2019-09-20 14:24:13,674 [pool-115-thread-1] INFO  server.RaftServerConfigKeys (ConfUtils.java:logGet(43)) - raft.server.log.statemachine.data.sync = true (default)
2019-09-20 14:24:13,675 [pool-115-thread-1] INFO  server.RaftServerConfigKeys (ConfUtils.java:logGet(43)) - raft.server.log.statemachine.data.sync.timeout = 10s (default)
2019-09-20 14:24:13,675 [pool-115-thread-1] INFO  server.RaftServerConfigKeys (ConfUtils.java:logGet(43)) - raft.server.log.statemachine.data.sync.timeout.retry = -1 (default)
2019-09-20 14:24:13,675 [pool-115-thread-1] INFO  server.RaftServerConfigKeys (ConfUtils.java:logGet(43)) - raft.server.log.statemachine.data.caching.enabled = true (custom)
2019-09-20 14:24:13,675 [pool-115-thread-1] INFO  segmented.SegmentedRaftLogWorker (SegmentedRaftLogWorker.java:lambda$new$0(132)) - fc92467e-4cd7-4ea6-9bfc-11250c30c0f6-SegmentedRaftLogWorker:Storage Directory /workdir/hadoop-ozone/ozonefs/target/test-dir/MiniOzoneClusterImpl-72e1902e-de17-4929-8ada-cc6049662493/datanode-8/data/ratis/cd6db975-83dd-41c0-b118-52756270ea3f: flushIndex: setUnconditionally 0 -> -1
2019-09-20 14:24:13,676 [pool-115-thread-1] INFO  server.RaftServerConfigKeys (ConfUtils.java:logGet(43)) - raft.server.snapshot.auto.trigger.enabled = true (custom)
2019-09-20 14:24:13,676 [pool-115-thread-1] INFO  server.RaftServerConfigKeys (ConfUtils.java:logGet(43)) - raft.server.snapshot.auto.trigger.threshold = 10000 (custom)
2019-09-20 14:24:13,676 [pool-115-thread-1] INFO  server.RaftServerConfigKeys (ConfUtils.java:logGet(43)) - raft.server.retrycache.expirytime = 600000ms (custom)
2019-09-20 14:24:13,676 [pool-115-thread-1] INFO  impl.RaftServerImpl (RaftServerImpl.java:start(180)) - fc92467e-4cd7-4ea6-9bfc-11250c30c0f6: start group-52756270EA3F
2019-09-20 14:24:13,677 [pool-115-thread-1] INFO  impl.RaftServerImpl (RaftServerImpl.java:setRole(171)) - fc92467e-4cd7-4ea6-9bfc-11250c30c0f6:group-52756270EA3F changes role from null to FOLLOWER at term 0 for startAsFollower
2019-09-20 14:24:13,677 [pool-115-thread-1] INFO  impl.RoleInfo (RoleInfo.java:updateAndGet(143)) - fc92467e-4cd7-4ea6-9bfc-11250c30c0f6: start FollowerState
2019-09-20 14:24:13,677 [pool-115-thread-1] INFO  util.JmxRegister (JmxRegister.java:tryRegister(44)) - Successfully registered JMX Bean with object name Ratis:service=RaftServer,group=group-52756270EA3F,id=fc92467e-4cd7-4ea6-9bfc-11250c30c0f6
2019-09-20 14:24:13,680 [RatisPipelineUtilsThread] INFO  pipeline.PipelineStateManager (PipelineStateManager.java:addPipeline(56)) - Created pipeline Pipeline[ Id: cd6db975-83dd-41c0-b118-52756270ea3f, Nodes: fc92467e-4cd7-4ea6-9bfc-11250c30c0f6{ip: 192.168.36.99, host: pr-hdds-1569-p5fx8-1226042367, networkLocation: /default-rack, certSerialId: null}, Type:RATIS, Factor:ONE, State:OPEN]
2019-09-20 14:24:13,680 [RatisPipelineUtilsThread] INFO  pipeline.PipelinePlacementPolicy (PipelinePlacementPolicy.java:meetCriteria(91)) - Pipeline Placement: Doesn't meet the criteria to be viable node： 9101a5c2-dfb1-4c31-830b-4c77eb758348 Heaviness: 6 limit: 5
2019-09-20 14:24:13,680 [RatisPipelineUtilsThread] INFO  pipeline.PipelinePlacementPolicy (PipelinePlacementPolicy.java:meetCriteria(91)) - Pipeline Placement: Doesn't meet the criteria to be viable node： c0a66530-d43a-4ae5-bdbb-2b9936068aaa Heaviness: 6 limit: 5
2019-09-20 14:24:13,681 [RatisPipelineUtilsThread] INFO  pipeline.PipelinePlacementPolicy (PipelinePlacementPolicy.java:meetCriteria(91)) - Pipeline Placement: Doesn't meet the criteria to be viable node： 93651a45-ffa4-4bae-ae49-6429ae7182bc Heaviness: 6 limit: 5
2019-09-20 14:24:13,681 [RatisPipelineUtilsThread] INFO  pipeline.PipelinePlacementPolicy (PipelinePlacementPolicy.java:meetCriteria(91)) - Pipeline Placement: Doesn't meet the criteria to be viable node： 926b0f41-0722-49ff-a592-68b703f22f49 Heaviness: 6 limit: 5
2019-09-20 14:24:13,681 [RatisPipelineUtilsThread] INFO  pipeline.PipelinePlacementPolicy (PipelinePlacementPolicy.java:meetCriteria(91)) - Pipeline Placement: Doesn't meet the criteria to be viable node： 4b9e2e33-9606-42c4-a38b-d8e2568a9ed5 Heaviness: 6 limit: 5
2019-09-20 14:24:13,681 [RatisPipelineUtilsThread] INFO  pipeline.PipelinePlacementPolicy (PipelinePlacementPolicy.java:meetCriteria(91)) - Pipeline Placement: Doesn't meet the criteria to be viable node： 7c330693-1e2f-4265-ad51-f8ae66fac775 Heaviness: 6 limit: 5
2019-09-20 14:24:13,686 [grpc-default-executor-0] INFO  impl.RaftServerProxy (RaftServerProxy.java:addNew(89)) - f44a1c99-f9ac-4ca4-85ec-e98b84e0ebc2: addNew group-665B61345E5E:[f44a1c99-f9ac-4ca4-85ec-e98b84e0ebc2:192.168.36.99:39362] returns group-665B61345E5E:java.util.concurrent.CompletableFuture@701bbbae[Not completed]
2019-09-20 14:24:13,688 [pool-82-thread-1] INFO  impl.RaftServerImpl (RaftServerImpl.java:<init>(93)) - f44a1c99-f9ac-4ca4-85ec-e98b84e0ebc2: new RaftServerImpl for group-665B61345E5E:[f44a1c99-f9ac-4ca4-85ec-e98b84e0ebc2:192.168.36.99:39362] with ContainerStateMachine:uninitialized
2019-09-20 14:24:13,689 [pool-82-thread-1] INFO  server.RaftServerConfigKeys (ConfUtils.java:logGet(43)) - raft.server.rpc.timeout.min = 5s (custom)
2019-09-20 14:24:13,689 [pool-82-thread-1] INFO  server.RaftServerConfigKeys (ConfUtils.java:logGet(43)) - raft.server.rpc.timeout.max = 5200ms (custom)
2019-09-20 14:24:13,689 [pool-82-thread-1] INFO  server.RaftServerConfigKeys (ConfUtils.java:logGet(43)) - raft.server.rpcslowness.timeout = 120s (custom)
2019-09-20 14:24:13,689 [pool-82-thread-1] INFO  server.RaftServerConfigKeys (ConfUtils.java:logGet(43)) - raft.server.sleep.deviation.threshold = 300 (default)
2019-09-20 14:24:13,689 [pool-82-thread-1] INFO  server.RaftServerConfigKeys (ConfUtils.java:logGet(43)) - raft.server.log.appender.install.snapshot.enabled = false (custom)
2019-09-20 14:24:13,690 [pool-82-thread-1] INFO  impl.RaftServerImpl (ServerState.java:<init>(105)) - f44a1c99-f9ac-4ca4-85ec-e98b84e0ebc2:group-665B61345E5E ConfigurationManager, init=-1: [f44a1c99-f9ac-4ca4-85ec-e98b84e0ebc2:192.168.36.99:39362], old=null, confs=<EMPTY_MAP>
2019-09-20 14:24:13,690 [pool-82-thread-1] INFO  server.RaftServerConfigKeys (ConfUtils.java:logGet(43)) - raft.server.storage.dir = [/workdir/hadoop-ozone/ozonefs/target/test-dir/MiniOzoneClusterImpl-72e1902e-de17-4929-8ada-cc6049662493/datanode-5/data/ratis] (custom)
2019-09-20 14:24:13,690 [pool-82-thread-1] INFO  storage.RaftStorageDirectory (RaftStorageDirectory.java:analyzeStorage(246)) - The storage directory /workdir/hadoop-ozone/ozonefs/target/test-dir/MiniOzoneClusterImpl-72e1902e-de17-4929-8ada-cc6049662493/datanode-5/data/ratis/18a3e7d5-3d3b-4ca1-b09b-665b61345e5e does not exist. Creating ...
2019-09-20 14:24:13,722 [pool-82-thread-1] INFO  storage.RaftStorageDirectory (RaftStorageDirectory.java:tryLock(328)) - Lock on /workdir/hadoop-ozone/ozonefs/target/test-dir/MiniOzoneClusterImpl-72e1902e-de17-4929-8ada-cc6049662493/datanode-5/data/ratis/18a3e7d5-3d3b-4ca1-b09b-665b61345e5e/in_use.lock acquired by nodename 20069@pr-hdds-1569-p5fx8-1226042367
2019-09-20 14:24:13,747 | INFO  | SCMAudit | user=jenkins1000 | ip=192.168.36.99 | op=SEND_HEARTBEAT {datanodeUUID=926b0f41-0722-49ff-a592-68b703f22f49, command=[]} | ret=SUCCESS |  
2019-09-20 14:24:13,764 [pool-82-thread-1] INFO  storage.RaftStorage (RaftStorage.java:format(72)) - Storage directory /workdir/hadoop-ozone/ozonefs/target/test-dir/MiniOzoneClusterImpl-72e1902e-de17-4929-8ada-cc6049662493/datanode-5/data/ratis/18a3e7d5-3d3b-4ca1-b09b-665b61345e5e has been successfully formatted.
2019-09-20 14:24:13,764 [pool-82-thread-1] INFO  ratis.ContainerStateMachine (ContainerStateMachine.java:loadSnapshot(226)) - group-665B61345E5E: The snapshot info is null. Setting the last applied indexto:(t:0, i:~)
2019-09-20 14:24:13,765 [pool-82-thread-1] INFO  server.RaftServerConfigKeys (ConfUtils.java:logGet(43)) - raft.server.leader.election.timeout = 120s (custom)
2019-09-20 14:24:13,765 [pool-82-thread-1] INFO  server.RaftServerConfigKeys (ConfUtils.java:logGet(43)) - raft.server.log.use.memory = false (default)
2019-09-20 14:24:13,765 [pool-82-thread-1] INFO  server.RaftServerConfigKeys (ConfUtils.java:logGet(43)) - raft.server.log.purge.gap = 1000000 (custom)
2019-09-20 14:24:13,765 [pool-82-thread-1] INFO  server.RaftServerConfigKeys (ConfUtils.java:logGet(43)) - raft.server.log.appender.buffer.byte-limit = 33554432 (custom)
2019-09-20 14:24:13,765 [pool-82-thread-1] INFO  server.RaftServerConfigKeys (ConfUtils.java:logGet(43)) - raft.server.log.segment.size.max = 1048576 (custom)
2019-09-20 14:24:13,765 [pool-82-thread-1] INFO  server.RaftServerConfigKeys (ConfUtils.java:logGet(43)) - raft.server.log.segment.cache.num.max = 2 (custom)
2019-09-20 14:24:13,766 [pool-82-thread-1] INFO  segmented.SegmentedRaftLogWorker (SegmentedRaftLogWorker.java:<init>(172)) - new f44a1c99-f9ac-4ca4-85ec-e98b84e0ebc2-SegmentedRaftLogWorker:Storage Directory /workdir/hadoop-ozone/ozonefs/target/test-dir/MiniOzoneClusterImpl-72e1902e-de17-4929-8ada-cc6049662493/datanode-5/data/ratis/18a3e7d5-3d3b-4ca1-b09b-665b61345e5e for RaftStorage:Storage Directory /workdir/hadoop-ozone/ozonefs/target/test-dir/MiniOzoneClusterImpl-72e1902e-de17-4929-8ada-cc6049662493/datanode-5/data/ratis/18a3e7d5-3d3b-4ca1-b09b-665b61345e5e
2019-09-20 14:24:13,766 [pool-82-thread-1] INFO  server.RaftServerConfigKeys (ConfUtils.java:logGet(43)) - raft.server.log.queue.byte-limit = 2147483647 (custom)
2019-09-20 14:24:13,766 [pool-82-thread-1] INFO  server.RaftServerConfigKeys (ConfUtils.java:logGet(43)) - raft.server.log.queue.element-limit = 1024 (custom)
2019-09-20 14:24:13,766 [pool-82-thread-1] INFO  server.RaftServerConfigKeys (ConfUtils.java:logGet(43)) - raft.server.log.segment.size.max = 1048576 (custom)
2019-09-20 14:24:13,766 [pool-82-thread-1] INFO  server.RaftServerConfigKeys (ConfUtils.java:logGet(43)) - raft.server.log.preallocated.size = 16384 (custom)
2019-09-20 14:24:13,766 [pool-82-thread-1] INFO  server.RaftServerConfigKeys (ConfUtils.java:logGet(43)) - raft.server.log.write.buffer.size = 33554432 (custom)
2019-09-20 14:24:13,767 [pool-82-thread-1] INFO  server.RaftServerConfigKeys (ConfUtils.java:logGet(43)) - raft.server.log.force.sync.num = 128 (default)
2019-09-20 14:24:13,767 [pool-82-thread-1] INFO  server.RaftServerConfigKeys (ConfUtils.java:logGet(43)) - raft.server.log.statemachine.data.sync = true (default)
2019-09-20 14:24:13,767 [pool-82-thread-1] INFO  server.RaftServerConfigKeys (ConfUtils.java:logGet(43)) - raft.server.log.statemachine.data.sync.timeout = 10s (default)
2019-09-20 14:24:13,767 [pool-82-thread-1] INFO  server.RaftServerConfigKeys (ConfUtils.java:logGet(43)) - raft.server.log.statemachine.data.sync.timeout.retry = -1 (default)
2019-09-20 14:24:13,767 [pool-82-thread-1] INFO  server.RaftServerConfigKeys (ConfUtils.java:logGet(43)) - raft.server.log.statemachine.data.caching.enabled = true (custom)
2019-09-20 14:24:13,768 [pool-82-thread-1] INFO  segmented.SegmentedRaftLogWorker (SegmentedRaftLogWorker.java:lambda$new$0(132)) - f44a1c99-f9ac-4ca4-85ec-e98b84e0ebc2-SegmentedRaftLogWorker:Storage Directory /workdir/hadoop-ozone/ozonefs/target/test-dir/MiniOzoneClusterImpl-72e1902e-de17-4929-8ada-cc6049662493/datanode-5/data/ratis/18a3e7d5-3d3b-4ca1-b09b-665b61345e5e: flushIndex: setUnconditionally 0 -> -1
2019-09-20 14:24:13,768 [pool-82-thread-1] INFO  server.RaftServerConfigKeys (ConfUtils.java:logGet(43)) - raft.server.snapshot.auto.trigger.enabled = true (custom)
2019-09-20 14:24:13,768 [pool-82-thread-1] INFO  server.RaftServerConfigKeys (ConfUtils.java:logGet(43)) - raft.server.snapshot.auto.trigger.threshold = 10000 (custom)
2019-09-20 14:24:13,768 [pool-82-thread-1] INFO  server.RaftServerConfigKeys (ConfUtils.java:logGet(43)) - raft.server.retrycache.expirytime = 600000ms (custom)
2019-09-20 14:24:13,768 [pool-82-thread-1] INFO  impl.RaftServerImpl (RaftServerImpl.java:start(180)) - f44a1c99-f9ac-4ca4-85ec-e98b84e0ebc2: start group-665B61345E5E
2019-09-20 14:24:13,769 [pool-82-thread-1] INFO  impl.RaftServerImpl (RaftServerImpl.java:setRole(171)) - f44a1c99-f9ac-4ca4-85ec-e98b84e0ebc2:group-665B61345E5E changes role from null to FOLLOWER at term 0 for startAsFollower
2019-09-20 14:24:13,769 [pool-82-thread-1] INFO  impl.RoleInfo (RoleInfo.java:updateAndGet(143)) - f44a1c99-f9ac-4ca4-85ec-e98b84e0ebc2: start FollowerState
2019-09-20 14:24:13,769 [pool-82-thread-1] INFO  util.JmxRegister (JmxRegister.java:tryRegister(44)) - Successfully registered JMX Bean with object name Ratis:service=RaftServer,group=group-665B61345E5E,id=f44a1c99-f9ac-4ca4-85ec-e98b84e0ebc2
2019-09-20 14:24:13,772 [RatisPipelineUtilsThread] INFO  pipeline.PipelineStateManager (PipelineStateManager.java:addPipeline(56)) - Created pipeline Pipeline[ Id: 18a3e7d5-3d3b-4ca1-b09b-665b61345e5e, Nodes: f44a1c99-f9ac-4ca4-85ec-e98b84e0ebc2{ip: 192.168.36.99, host: pr-hdds-1569-p5fx8-1226042367, networkLocation: /default-rack, certSerialId: null}, Type:RATIS, Factor:ONE, State:OPEN]
2019-09-20 14:24:13,772 [RatisPipelineUtilsThread] INFO  pipeline.PipelinePlacementPolicy (PipelinePlacementPolicy.java:meetCriteria(91)) - Pipeline Placement: Doesn't meet the criteria to be viable node： 9101a5c2-dfb1-4c31-830b-4c77eb758348 Heaviness: 6 limit: 5
2019-09-20 14:24:13,773 [RatisPipelineUtilsThread] INFO  pipeline.PipelinePlacementPolicy (PipelinePlacementPolicy.java:meetCriteria(91)) - Pipeline Placement: Doesn't meet the criteria to be viable node： c0a66530-d43a-4ae5-bdbb-2b9936068aaa Heaviness: 6 limit: 5
2019-09-20 14:24:13,773 [RatisPipelineUtilsThread] INFO  pipeline.PipelinePlacementPolicy (PipelinePlacementPolicy.java:meetCriteria(91)) - Pipeline Placement: Doesn't meet the criteria to be viable node： 93651a45-ffa4-4bae-ae49-6429ae7182bc Heaviness: 6 limit: 5
2019-09-20 14:24:13,773 [RatisPipelineUtilsThread] INFO  pipeline.PipelinePlacementPolicy (PipelinePlacementPolicy.java:meetCriteria(91)) - Pipeline Placement: Doesn't meet the criteria to be viable node： 926b0f41-0722-49ff-a592-68b703f22f49 Heaviness: 6 limit: 5
2019-09-20 14:24:13,773 [RatisPipelineUtilsThread] INFO  pipeline.PipelinePlacementPolicy (PipelinePlacementPolicy.java:meetCriteria(91)) - Pipeline Placement: Doesn't meet the criteria to be viable node： 4b9e2e33-9606-42c4-a38b-d8e2568a9ed5 Heaviness: 6 limit: 5
2019-09-20 14:24:13,773 [RatisPipelineUtilsThread] INFO  pipeline.PipelinePlacementPolicy (PipelinePlacementPolicy.java:meetCriteria(91)) - Pipeline Placement: Doesn't meet the criteria to be viable node： 7c330693-1e2f-4265-ad51-f8ae66fac775 Heaviness: 6 limit: 5
2019-09-20 14:24:13,779 [grpc-default-executor-0] INFO  impl.RaftServerProxy (RaftServerProxy.java:addNew(89)) - f44a1c99-f9ac-4ca4-85ec-e98b84e0ebc2: addNew group-F5F5E01931F3:[f44a1c99-f9ac-4ca4-85ec-e98b84e0ebc2:192.168.36.99:39362] returns group-F5F5E01931F3:java.util.concurrent.CompletableFuture@39328b70[Not completed]
2019-09-20 14:24:13,781 [pool-82-thread-1] INFO  impl.RaftServerImpl (RaftServerImpl.java:<init>(93)) - f44a1c99-f9ac-4ca4-85ec-e98b84e0ebc2: new RaftServerImpl for group-F5F5E01931F3:[f44a1c99-f9ac-4ca4-85ec-e98b84e0ebc2:192.168.36.99:39362] with ContainerStateMachine:uninitialized
2019-09-20 14:24:13,781 [pool-82-thread-1] INFO  server.RaftServerConfigKeys (ConfUtils.java:logGet(43)) - raft.server.rpc.timeout.min = 5s (custom)
2019-09-20 14:24:13,781 [pool-82-thread-1] INFO  server.RaftServerConfigKeys (ConfUtils.java:logGet(43)) - raft.server.rpc.timeout.max = 5200ms (custom)
2019-09-20 14:24:13,781 [pool-82-thread-1] INFO  server.RaftServerConfigKeys (ConfUtils.java:logGet(43)) - raft.server.rpcslowness.timeout = 120s (custom)
2019-09-20 14:24:13,781 [pool-82-thread-1] INFO  server.RaftServerConfigKeys (ConfUtils.java:logGet(43)) - raft.server.sleep.deviation.threshold = 300 (default)
2019-09-20 14:24:13,781 [pool-82-thread-1] INFO  server.RaftServerConfigKeys (ConfUtils.java:logGet(43)) - raft.server.log.appender.install.snapshot.enabled = false (custom)
2019-09-20 14:24:13,781 [pool-82-thread-1] INFO  impl.RaftServerImpl (ServerState.java:<init>(105)) - f44a1c99-f9ac-4ca4-85ec-e98b84e0ebc2:group-F5F5E01931F3 ConfigurationManager, init=-1: [f44a1c99-f9ac-4ca4-85ec-e98b84e0ebc2:192.168.36.99:39362], old=null, confs=<EMPTY_MAP>
2019-09-20 14:24:13,782 [pool-82-thread-1] INFO  server.RaftServerConfigKeys (ConfUtils.java:logGet(43)) - raft.server.storage.dir = [/workdir/hadoop-ozone/ozonefs/target/test-dir/MiniOzoneClusterImpl-72e1902e-de17-4929-8ada-cc6049662493/datanode-5/data/ratis] (custom)
2019-09-20 14:24:13,782 [pool-82-thread-1] INFO  storage.RaftStorageDirectory (RaftStorageDirectory.java:analyzeStorage(246)) - The storage directory /workdir/hadoop-ozone/ozonefs/target/test-dir/MiniOzoneClusterImpl-72e1902e-de17-4929-8ada-cc6049662493/datanode-5/data/ratis/82a36625-3225-4ecb-945e-f5f5e01931f3 does not exist. Creating ...
2019-09-20 14:24:13,806 [pool-82-thread-1] INFO  storage.RaftStorageDirectory (RaftStorageDirectory.java:tryLock(328)) - Lock on /workdir/hadoop-ozone/ozonefs/target/test-dir/MiniOzoneClusterImpl-72e1902e-de17-4929-8ada-cc6049662493/datanode-5/data/ratis/82a36625-3225-4ecb-945e-f5f5e01931f3/in_use.lock acquired by nodename 20069@pr-hdds-1569-p5fx8-1226042367
2019-09-20 14:24:13,832 [pool-82-thread-1] INFO  storage.RaftStorage (RaftStorage.java:format(72)) - Storage directory /workdir/hadoop-ozone/ozonefs/target/test-dir/MiniOzoneClusterImpl-72e1902e-de17-4929-8ada-cc6049662493/datanode-5/data/ratis/82a36625-3225-4ecb-945e-f5f5e01931f3 has been successfully formatted.
2019-09-20 14:24:13,832 [pool-82-thread-1] INFO  ratis.ContainerStateMachine (ContainerStateMachine.java:loadSnapshot(226)) - group-F5F5E01931F3: The snapshot info is null. Setting the last applied indexto:(t:0, i:~)
2019-09-20 14:24:13,832 [pool-82-thread-1] INFO  server.RaftServerConfigKeys (ConfUtils.java:logGet(43)) - raft.server.leader.election.timeout = 120s (custom)
2019-09-20 14:24:13,832 [pool-82-thread-1] INFO  server.RaftServerConfigKeys (ConfUtils.java:logGet(43)) - raft.server.log.use.memory = false (default)
2019-09-20 14:24:13,832 [pool-82-thread-1] INFO  server.RaftServerConfigKeys (ConfUtils.java:logGet(43)) - raft.server.log.purge.gap = 1000000 (custom)
2019-09-20 14:24:13,833 [pool-82-thread-1] INFO  server.RaftServerConfigKeys (ConfUtils.java:logGet(43)) - raft.server.log.appender.buffer.byte-limit = 33554432 (custom)
2019-09-20 14:24:13,833 [pool-82-thread-1] INFO  server.RaftServerConfigKeys (ConfUtils.java:logGet(43)) - raft.server.log.segment.size.max = 1048576 (custom)
2019-09-20 14:24:13,833 [pool-82-thread-1] INFO  server.RaftServerConfigKeys (ConfUtils.java:logGet(43)) - raft.server.log.segment.cache.num.max = 2 (custom)
2019-09-20 14:24:13,833 [pool-82-thread-1] INFO  segmented.SegmentedRaftLogWorker (SegmentedRaftLogWorker.java:<init>(172)) - new f44a1c99-f9ac-4ca4-85ec-e98b84e0ebc2-SegmentedRaftLogWorker:Storage Directory /workdir/hadoop-ozone/ozonefs/target/test-dir/MiniOzoneClusterImpl-72e1902e-de17-4929-8ada-cc6049662493/datanode-5/data/ratis/82a36625-3225-4ecb-945e-f5f5e01931f3 for RaftStorage:Storage Directory /workdir/hadoop-ozone/ozonefs/target/test-dir/MiniOzoneClusterImpl-72e1902e-de17-4929-8ada-cc6049662493/datanode-5/data/ratis/82a36625-3225-4ecb-945e-f5f5e01931f3
2019-09-20 14:24:13,833 [pool-82-thread-1] INFO  server.RaftServerConfigKeys (ConfUtils.java:logGet(43)) - raft.server.log.queue.byte-limit = 2147483647 (custom)
2019-09-20 14:24:13,834 [pool-82-thread-1] INFO  server.RaftServerConfigKeys (ConfUtils.java:logGet(43)) - raft.server.log.queue.element-limit = 1024 (custom)
2019-09-20 14:24:13,834 [pool-82-thread-1] INFO  server.RaftServerConfigKeys (ConfUtils.java:logGet(43)) - raft.server.log.segment.size.max = 1048576 (custom)
2019-09-20 14:24:13,834 [pool-82-thread-1] INFO  server.RaftServerConfigKeys (ConfUtils.java:logGet(43)) - raft.server.log.preallocated.size = 16384 (custom)
2019-09-20 14:24:13,834 [pool-82-thread-1] INFO  server.RaftServerConfigKeys (ConfUtils.java:logGet(43)) - raft.server.log.write.buffer.size = 33554432 (custom)
2019-09-20 14:24:13,834 [pool-82-thread-1] INFO  server.RaftServerConfigKeys (ConfUtils.java:logGet(43)) - raft.server.log.force.sync.num = 128 (default)
2019-09-20 14:24:13,835 [pool-82-thread-1] INFO  server.RaftServerConfigKeys (ConfUtils.java:logGet(43)) - raft.server.log.statemachine.data.sync = true (default)
2019-09-20 14:24:13,835 [pool-82-thread-1] INFO  server.RaftServerConfigKeys (ConfUtils.java:logGet(43)) - raft.server.log.statemachine.data.sync.timeout = 10s (default)
2019-09-20 14:24:13,835 [pool-82-thread-1] INFO  server.RaftServerConfigKeys (ConfUtils.java:logGet(43)) - raft.server.log.statemachine.data.sync.timeout.retry = -1 (default)
2019-09-20 14:24:13,835 [pool-82-thread-1] INFO  server.RaftServerConfigKeys (ConfUtils.java:logGet(43)) - raft.server.log.statemachine.data.caching.enabled = true (custom)
2019-09-20 14:24:13,836 [pool-82-thread-1] INFO  segmented.SegmentedRaftLogWorker (SegmentedRaftLogWorker.java:lambda$new$0(132)) - f44a1c99-f9ac-4ca4-85ec-e98b84e0ebc2-SegmentedRaftLogWorker:Storage Directory /workdir/hadoop-ozone/ozonefs/target/test-dir/MiniOzoneClusterImpl-72e1902e-de17-4929-8ada-cc6049662493/datanode-5/data/ratis/82a36625-3225-4ecb-945e-f5f5e01931f3: flushIndex: setUnconditionally 0 -> -1
2019-09-20 14:24:13,836 [pool-82-thread-1] INFO  server.RaftServerConfigKeys (ConfUtils.java:logGet(43)) - raft.server.snapshot.auto.trigger.enabled = true (custom)
2019-09-20 14:24:13,836 [pool-82-thread-1] INFO  server.RaftServerConfigKeys (ConfUtils.java:logGet(43)) - raft.server.snapshot.auto.trigger.threshold = 10000 (custom)
2019-09-20 14:24:13,836 [pool-82-thread-1] INFO  server.RaftServerConfigKeys (ConfUtils.java:logGet(43)) - raft.server.retrycache.expirytime = 600000ms (custom)
2019-09-20 14:24:13,837 [pool-82-thread-1] INFO  impl.RaftServerImpl (RaftServerImpl.java:start(180)) - f44a1c99-f9ac-4ca4-85ec-e98b84e0ebc2: start group-F5F5E01931F3
2019-09-20 14:24:13,837 [pool-82-thread-1] INFO  impl.RaftServerImpl (RaftServerImpl.java:setRole(171)) - f44a1c99-f9ac-4ca4-85ec-e98b84e0ebc2:group-F5F5E01931F3 changes role from null to FOLLOWER at term 0 for startAsFollower
2019-09-20 14:24:13,837 [pool-82-thread-1] INFO  impl.RoleInfo (RoleInfo.java:updateAndGet(143)) - f44a1c99-f9ac-4ca4-85ec-e98b84e0ebc2: start FollowerState
2019-09-20 14:24:13,837 [pool-82-thread-1] INFO  util.JmxRegister (JmxRegister.java:tryRegister(44)) - Successfully registered JMX Bean with object name Ratis:service=RaftServer,group=group-F5F5E01931F3,id=f44a1c99-f9ac-4ca4-85ec-e98b84e0ebc2
2019-09-20 14:24:13,840 [RatisPipelineUtilsThread] INFO  pipeline.PipelineStateManager (PipelineStateManager.java:addPipeline(56)) - Created pipeline Pipeline[ Id: 82a36625-3225-4ecb-945e-f5f5e01931f3, Nodes: f44a1c99-f9ac-4ca4-85ec-e98b84e0ebc2{ip: 192.168.36.99, host: pr-hdds-1569-p5fx8-1226042367, networkLocation: /default-rack, certSerialId: null}, Type:RATIS, Factor:ONE, State:OPEN]
2019-09-20 14:24:13,840 [RatisPipelineUtilsThread] INFO  pipeline.PipelinePlacementPolicy (PipelinePlacementPolicy.java:meetCriteria(91)) - Pipeline Placement: Doesn't meet the criteria to be viable node： 9101a5c2-dfb1-4c31-830b-4c77eb758348 Heaviness: 6 limit: 5
2019-09-20 14:24:13,841 [RatisPipelineUtilsThread] INFO  pipeline.PipelinePlacementPolicy (PipelinePlacementPolicy.java:meetCriteria(91)) - Pipeline Placement: Doesn't meet the criteria to be viable node： c0a66530-d43a-4ae5-bdbb-2b9936068aaa Heaviness: 6 limit: 5
2019-09-20 14:24:13,841 [RatisPipelineUtilsThread] INFO  pipeline.PipelinePlacementPolicy (PipelinePlacementPolicy.java:meetCriteria(91)) - Pipeline Placement: Doesn't meet the criteria to be viable node： 93651a45-ffa4-4bae-ae49-6429ae7182bc Heaviness: 6 limit: 5
2019-09-20 14:24:13,841 [RatisPipelineUtilsThread] INFO  pipeline.PipelinePlacementPolicy (PipelinePlacementPolicy.java:meetCriteria(91)) - Pipeline Placement: Doesn't meet the criteria to be viable node： 926b0f41-0722-49ff-a592-68b703f22f49 Heaviness: 6 limit: 5
2019-09-20 14:24:13,841 [RatisPipelineUtilsThread] INFO  pipeline.PipelinePlacementPolicy (PipelinePlacementPolicy.java:meetCriteria(91)) - Pipeline Placement: Doesn't meet the criteria to be viable node： 4b9e2e33-9606-42c4-a38b-d8e2568a9ed5 Heaviness: 6 limit: 5
2019-09-20 14:24:13,841 [RatisPipelineUtilsThread] INFO  pipeline.PipelinePlacementPolicy (PipelinePlacementPolicy.java:meetCriteria(91)) - Pipeline Placement: Doesn't meet the criteria to be viable node： 7c330693-1e2f-4265-ad51-f8ae66fac775 Heaviness: 6 limit: 5
2019-09-20 14:24:13,842 [RatisPipelineUtilsThread] INFO  pipeline.PipelinePlacementPolicy (PipelinePlacementPolicy.java:meetCriteria(91)) - Pipeline Placement: Doesn't meet the criteria to be viable node： f44a1c99-f9ac-4ca4-85ec-e98b84e0ebc2 Heaviness: 6 limit: 5
2019-09-20 14:24:13,847 [grpc-default-executor-0] INFO  impl.RaftServerProxy (RaftServerProxy.java:addNew(89)) - e0033df1-dced-4562-b4c4-a94a3cb6c131: addNew group-3D46DAD197A9:[e0033df1-dced-4562-b4c4-a94a3cb6c131:192.168.36.99:39317] returns group-3D46DAD197A9:java.util.concurrent.CompletableFuture@2007179[Not completed]
2019-09-20 14:24:13,849 [pool-104-thread-1] INFO  impl.RaftServerImpl (RaftServerImpl.java:<init>(93)) - e0033df1-dced-4562-b4c4-a94a3cb6c131: new RaftServerImpl for group-3D46DAD197A9:[e0033df1-dced-4562-b4c4-a94a3cb6c131:192.168.36.99:39317] with ContainerStateMachine:uninitialized
2019-09-20 14:24:13,849 [pool-104-thread-1] INFO  server.RaftServerConfigKeys (ConfUtils.java:logGet(43)) - raft.server.rpc.timeout.min = 5s (custom)
2019-09-20 14:24:13,849 [pool-104-thread-1] INFO  server.RaftServerConfigKeys (ConfUtils.java:logGet(43)) - raft.server.rpc.timeout.max = 5200ms (custom)
2019-09-20 14:24:13,849 [pool-104-thread-1] INFO  server.RaftServerConfigKeys (ConfUtils.java:logGet(43)) - raft.server.rpcslowness.timeout = 120s (custom)
2019-09-20 14:24:13,849 [pool-104-thread-1] INFO  server.RaftServerConfigKeys (ConfUtils.java:logGet(43)) - raft.server.sleep.deviation.threshold = 300 (default)
2019-09-20 14:24:13,849 [pool-104-thread-1] INFO  server.RaftServerConfigKeys (ConfUtils.java:logGet(43)) - raft.server.log.appender.install.snapshot.enabled = false (custom)
2019-09-20 14:24:13,850 [pool-104-thread-1] INFO  impl.RaftServerImpl (ServerState.java:<init>(105)) - e0033df1-dced-4562-b4c4-a94a3cb6c131:group-3D46DAD197A9 ConfigurationManager, init=-1: [e0033df1-dced-4562-b4c4-a94a3cb6c131:192.168.36.99:39317], old=null, confs=<EMPTY_MAP>
2019-09-20 14:24:13,850 [pool-104-thread-1] INFO  server.RaftServerConfigKeys (ConfUtils.java:logGet(43)) - raft.server.storage.dir = [/workdir/hadoop-ozone/ozonefs/target/test-dir/MiniOzoneClusterImpl-72e1902e-de17-4929-8ada-cc6049662493/datanode-7/data/ratis] (custom)
2019-09-20 14:24:13,850 [pool-104-thread-1] INFO  storage.RaftStorageDirectory (RaftStorageDirectory.java:analyzeStorage(246)) - The storage directory /workdir/hadoop-ozone/ozonefs/target/test-dir/MiniOzoneClusterImpl-72e1902e-de17-4929-8ada-cc6049662493/datanode-7/data/ratis/13b8a03f-df20-4679-b137-3d46dad197a9 does not exist. Creating ...
2019-09-20 14:24:13,873 [pool-104-thread-1] INFO  storage.RaftStorageDirectory (RaftStorageDirectory.java:tryLock(328)) - Lock on /workdir/hadoop-ozone/ozonefs/target/test-dir/MiniOzoneClusterImpl-72e1902e-de17-4929-8ada-cc6049662493/datanode-7/data/ratis/13b8a03f-df20-4679-b137-3d46dad197a9/in_use.lock acquired by nodename 20069@pr-hdds-1569-p5fx8-1226042367
2019-09-20 14:24:13,899 [pool-104-thread-1] INFO  storage.RaftStorage (RaftStorage.java:format(72)) - Storage directory /workdir/hadoop-ozone/ozonefs/target/test-dir/MiniOzoneClusterImpl-72e1902e-de17-4929-8ada-cc6049662493/datanode-7/data/ratis/13b8a03f-df20-4679-b137-3d46dad197a9 has been successfully formatted.
2019-09-20 14:24:13,899 [pool-104-thread-1] INFO  ratis.ContainerStateMachine (ContainerStateMachine.java:loadSnapshot(226)) - group-3D46DAD197A9: The snapshot info is null. Setting the last applied indexto:(t:0, i:~)
2019-09-20 14:24:13,900 [pool-104-thread-1] INFO  server.RaftServerConfigKeys (ConfUtils.java:logGet(43)) - raft.server.leader.election.timeout = 120s (custom)
2019-09-20 14:24:13,900 [pool-104-thread-1] INFO  server.RaftServerConfigKeys (ConfUtils.java:logGet(43)) - raft.server.log.use.memory = false (default)
2019-09-20 14:24:13,900 [pool-104-thread-1] INFO  server.RaftServerConfigKeys (ConfUtils.java:logGet(43)) - raft.server.log.purge.gap = 1000000 (custom)
2019-09-20 14:24:13,900 [pool-104-thread-1] INFO  server.RaftServerConfigKeys (ConfUtils.java:logGet(43)) - raft.server.log.appender.buffer.byte-limit = 33554432 (custom)
2019-09-20 14:24:13,900 [pool-104-thread-1] INFO  server.RaftServerConfigKeys (ConfUtils.java:logGet(43)) - raft.server.log.segment.size.max = 1048576 (custom)
2019-09-20 14:24:13,900 [pool-104-thread-1] INFO  server.RaftServerConfigKeys (ConfUtils.java:logGet(43)) - raft.server.log.segment.cache.num.max = 2 (custom)
2019-09-20 14:24:13,901 [pool-104-thread-1] INFO  segmented.SegmentedRaftLogWorker (SegmentedRaftLogWorker.java:<init>(172)) - new e0033df1-dced-4562-b4c4-a94a3cb6c131-SegmentedRaftLogWorker:Storage Directory /workdir/hadoop-ozone/ozonefs/target/test-dir/MiniOzoneClusterImpl-72e1902e-de17-4929-8ada-cc6049662493/datanode-7/data/ratis/13b8a03f-df20-4679-b137-3d46dad197a9 for RaftStorage:Storage Directory /workdir/hadoop-ozone/ozonefs/target/test-dir/MiniOzoneClusterImpl-72e1902e-de17-4929-8ada-cc6049662493/datanode-7/data/ratis/13b8a03f-df20-4679-b137-3d46dad197a9
2019-09-20 14:24:13,901 [pool-104-thread-1] INFO  server.RaftServerConfigKeys (ConfUtils.java:logGet(43)) - raft.server.log.queue.byte-limit = 2147483647 (custom)
2019-09-20 14:24:13,901 [pool-104-thread-1] INFO  server.RaftServerConfigKeys (ConfUtils.java:logGet(43)) - raft.server.log.queue.element-limit = 1024 (custom)
2019-09-20 14:24:13,901 [pool-104-thread-1] INFO  server.RaftServerConfigKeys (ConfUtils.java:logGet(43)) - raft.server.log.segment.size.max = 1048576 (custom)
2019-09-20 14:24:13,901 [pool-104-thread-1] INFO  server.RaftServerConfigKeys (ConfUtils.java:logGet(43)) - raft.server.log.preallocated.size = 16384 (custom)
2019-09-20 14:24:13,901 [pool-104-thread-1] INFO  server.RaftServerConfigKeys (ConfUtils.java:logGet(43)) - raft.server.log.write.buffer.size = 33554432 (custom)
2019-09-20 14:24:13,901 [pool-104-thread-1] INFO  server.RaftServerConfigKeys (ConfUtils.java:logGet(43)) - raft.server.log.force.sync.num = 128 (default)
2019-09-20 14:24:13,902 [pool-104-thread-1] INFO  server.RaftServerConfigKeys (ConfUtils.java:logGet(43)) - raft.server.log.statemachine.data.sync = true (default)
2019-09-20 14:24:13,902 [pool-104-thread-1] INFO  server.RaftServerConfigKeys (ConfUtils.java:logGet(43)) - raft.server.log.statemachine.data.sync.timeout = 10s (default)
2019-09-20 14:24:13,902 [pool-104-thread-1] INFO  server.RaftServerConfigKeys (ConfUtils.java:logGet(43)) - raft.server.log.statemachine.data.sync.timeout.retry = -1 (default)
2019-09-20 14:24:13,902 [pool-104-thread-1] INFO  server.RaftServerConfigKeys (ConfUtils.java:logGet(43)) - raft.server.log.statemachine.data.caching.enabled = true (custom)
2019-09-20 14:24:13,902 [pool-104-thread-1] INFO  segmented.SegmentedRaftLogWorker (SegmentedRaftLogWorker.java:lambda$new$0(132)) - e0033df1-dced-4562-b4c4-a94a3cb6c131-SegmentedRaftLogWorker:Storage Directory /workdir/hadoop-ozone/ozonefs/target/test-dir/MiniOzoneClusterImpl-72e1902e-de17-4929-8ada-cc6049662493/datanode-7/data/ratis/13b8a03f-df20-4679-b137-3d46dad197a9: flushIndex: setUnconditionally 0 -> -1
2019-09-20 14:24:13,903 [pool-104-thread-1] INFO  server.RaftServerConfigKeys (ConfUtils.java:logGet(43)) - raft.server.snapshot.auto.trigger.enabled = true (custom)
2019-09-20 14:24:13,903 [pool-104-thread-1] INFO  server.RaftServerConfigKeys (ConfUtils.java:logGet(43)) - raft.server.snapshot.auto.trigger.threshold = 10000 (custom)
2019-09-20 14:24:13,903 [pool-104-thread-1] INFO  server.RaftServerConfigKeys (ConfUtils.java:logGet(43)) - raft.server.retrycache.expirytime = 600000ms (custom)
2019-09-20 14:24:13,903 [pool-104-thread-1] INFO  impl.RaftServerImpl (RaftServerImpl.java:start(180)) - e0033df1-dced-4562-b4c4-a94a3cb6c131: start group-3D46DAD197A9
2019-09-20 14:24:13,904 [pool-104-thread-1] INFO  impl.RaftServerImpl (RaftServerImpl.java:setRole(171)) - e0033df1-dced-4562-b4c4-a94a3cb6c131:group-3D46DAD197A9 changes role from null to FOLLOWER at term 0 for startAsFollower
2019-09-20 14:24:13,904 [pool-104-thread-1] INFO  impl.RoleInfo (RoleInfo.java:updateAndGet(143)) - e0033df1-dced-4562-b4c4-a94a3cb6c131: start FollowerState
2019-09-20 14:24:13,904 [pool-104-thread-1] INFO  util.JmxRegister (JmxRegister.java:tryRegister(44)) - Successfully registered JMX Bean with object name Ratis:service=RaftServer,group=group-3D46DAD197A9,id=e0033df1-dced-4562-b4c4-a94a3cb6c131
2019-09-20 14:24:13,907 [RatisPipelineUtilsThread] INFO  pipeline.PipelineStateManager (PipelineStateManager.java:addPipeline(56)) - Created pipeline Pipeline[ Id: 13b8a03f-df20-4679-b137-3d46dad197a9, Nodes: e0033df1-dced-4562-b4c4-a94a3cb6c131{ip: 192.168.36.99, host: pr-hdds-1569-p5fx8-1226042367, networkLocation: /default-rack, certSerialId: null}, Type:RATIS, Factor:ONE, State:OPEN]
2019-09-20 14:24:13,907 [RatisPipelineUtilsThread] INFO  pipeline.PipelinePlacementPolicy (PipelinePlacementPolicy.java:meetCriteria(91)) - Pipeline Placement: Doesn't meet the criteria to be viable node： 9101a5c2-dfb1-4c31-830b-4c77eb758348 Heaviness: 6 limit: 5
2019-09-20 14:24:13,907 [RatisPipelineUtilsThread] INFO  pipeline.PipelinePlacementPolicy (PipelinePlacementPolicy.java:meetCriteria(91)) - Pipeline Placement: Doesn't meet the criteria to be viable node： e0033df1-dced-4562-b4c4-a94a3cb6c131 Heaviness: 6 limit: 5
2019-09-20 14:24:13,907 [RatisPipelineUtilsThread] INFO  pipeline.PipelinePlacementPolicy (PipelinePlacementPolicy.java:meetCriteria(91)) - Pipeline Placement: Doesn't meet the criteria to be viable node： c0a66530-d43a-4ae5-bdbb-2b9936068aaa Heaviness: 6 limit: 5
2019-09-20 14:24:13,908 [RatisPipelineUtilsThread] INFO  pipeline.PipelinePlacementPolicy (PipelinePlacementPolicy.java:meetCriteria(91)) - Pipeline Placement: Doesn't meet the criteria to be viable node： 93651a45-ffa4-4bae-ae49-6429ae7182bc Heaviness: 6 limit: 5
2019-09-20 14:24:13,908 [RatisPipelineUtilsThread] INFO  pipeline.PipelinePlacementPolicy (PipelinePlacementPolicy.java:meetCriteria(91)) - Pipeline Placement: Doesn't meet the criteria to be viable node： 926b0f41-0722-49ff-a592-68b703f22f49 Heaviness: 6 limit: 5
2019-09-20 14:24:13,908 [RatisPipelineUtilsThread] INFO  pipeline.PipelinePlacementPolicy (PipelinePlacementPolicy.java:meetCriteria(91)) - Pipeline Placement: Doesn't meet the criteria to be viable node： 4b9e2e33-9606-42c4-a38b-d8e2568a9ed5 Heaviness: 6 limit: 5
2019-09-20 14:24:13,908 [RatisPipelineUtilsThread] INFO  pipeline.PipelinePlacementPolicy (PipelinePlacementPolicy.java:meetCriteria(91)) - Pipeline Placement: Doesn't meet the criteria to be viable node： 7c330693-1e2f-4265-ad51-f8ae66fac775 Heaviness: 6 limit: 5
2019-09-20 14:24:13,908 [RatisPipelineUtilsThread] INFO  pipeline.PipelinePlacementPolicy (PipelinePlacementPolicy.java:meetCriteria(91)) - Pipeline Placement: Doesn't meet the criteria to be viable node： f44a1c99-f9ac-4ca4-85ec-e98b84e0ebc2 Heaviness: 6 limit: 5
2019-09-20 14:24:13,914 [grpc-default-executor-0] INFO  impl.RaftServerProxy (RaftServerProxy.java:addNew(89)) - ea2f062a-dcfd-4d75-88ac-6c4e2f0364da: addNew group-B792FF3F05E6:[ea2f062a-dcfd-4d75-88ac-6c4e2f0364da:192.168.36.99:35343] returns group-B792FF3F05E6:java.util.concurrent.CompletableFuture@687955b2[Not completed]
2019-09-20 14:24:13,916 [pool-126-thread-1] INFO  impl.RaftServerImpl (RaftServerImpl.java:<init>(93)) - ea2f062a-dcfd-4d75-88ac-6c4e2f0364da: new RaftServerImpl for group-B792FF3F05E6:[ea2f062a-dcfd-4d75-88ac-6c4e2f0364da:192.168.36.99:35343] with ContainerStateMachine:uninitialized
2019-09-20 14:24:13,916 [pool-126-thread-1] INFO  server.RaftServerConfigKeys (ConfUtils.java:logGet(43)) - raft.server.rpc.timeout.min = 5s (custom)
2019-09-20 14:24:13,916 [pool-126-thread-1] INFO  server.RaftServerConfigKeys (ConfUtils.java:logGet(43)) - raft.server.rpc.timeout.max = 5200ms (custom)
2019-09-20 14:24:13,916 [pool-126-thread-1] INFO  server.RaftServerConfigKeys (ConfUtils.java:logGet(43)) - raft.server.rpcslowness.timeout = 120s (custom)
2019-09-20 14:24:13,917 [pool-126-thread-1] INFO  server.RaftServerConfigKeys (ConfUtils.java:logGet(43)) - raft.server.sleep.deviation.threshold = 300 (default)
2019-09-20 14:24:13,917 [pool-126-thread-1] INFO  server.RaftServerConfigKeys (ConfUtils.java:logGet(43)) - raft.server.log.appender.install.snapshot.enabled = false (custom)
2019-09-20 14:24:13,917 [pool-126-thread-1] INFO  impl.RaftServerImpl (ServerState.java:<init>(105)) - ea2f062a-dcfd-4d75-88ac-6c4e2f0364da:group-B792FF3F05E6 ConfigurationManager, init=-1: [ea2f062a-dcfd-4d75-88ac-6c4e2f0364da:192.168.36.99:35343], old=null, confs=<EMPTY_MAP>
2019-09-20 14:24:13,917 [pool-126-thread-1] INFO  server.RaftServerConfigKeys (ConfUtils.java:logGet(43)) - raft.server.storage.dir = [/workdir/hadoop-ozone/ozonefs/target/test-dir/MiniOzoneClusterImpl-72e1902e-de17-4929-8ada-cc6049662493/datanode-9/data/ratis] (custom)
2019-09-20 14:24:13,918 [pool-126-thread-1] INFO  storage.RaftStorageDirectory (RaftStorageDirectory.java:analyzeStorage(246)) - The storage directory /workdir/hadoop-ozone/ozonefs/target/test-dir/MiniOzoneClusterImpl-72e1902e-de17-4929-8ada-cc6049662493/datanode-9/data/ratis/821d4e71-072a-40cd-895f-b792ff3f05e6 does not exist. Creating ...
2019-09-20 14:24:13,927 | INFO  | SCMAudit | user=jenkins1000 | ip=192.168.36.99 | op=SEND_HEARTBEAT {datanodeUUID=9101a5c2-dfb1-4c31-830b-4c77eb758348, command=[]} | ret=SUCCESS |  
2019-09-20 14:24:13,941 [pool-126-thread-1] INFO  storage.RaftStorageDirectory (RaftStorageDirectory.java:tryLock(328)) - Lock on /workdir/hadoop-ozone/ozonefs/target/test-dir/MiniOzoneClusterImpl-72e1902e-de17-4929-8ada-cc6049662493/datanode-9/data/ratis/821d4e71-072a-40cd-895f-b792ff3f05e6/in_use.lock acquired by nodename 20069@pr-hdds-1569-p5fx8-1226042367
2019-09-20 14:24:13,970 [Thread-284] INFO  impl.FollowerState (FollowerState.java:run(106)) - 7c330693-1e2f-4265-ad51-f8ae66fac775:group-C5415AA91C23 changes to CANDIDATE, lastRpcTime:5192, electionTimeout:5191ms
2019-09-20 14:24:13,970 [Thread-284] INFO  impl.RoleInfo (RoleInfo.java:shutdownFollowerState(121)) - 7c330693-1e2f-4265-ad51-f8ae66fac775: shutdown FollowerState
2019-09-20 14:24:13,971 [Thread-284] INFO  impl.RaftServerImpl (RaftServerImpl.java:setRole(171)) - 7c330693-1e2f-4265-ad51-f8ae66fac775:group-C5415AA91C23 changes role from FOLLOWER to CANDIDATE at term 0 for changeToCandidate
2019-09-20 14:24:13,974 [Thread-284] INFO  impl.RoleInfo (RoleInfo.java:updateAndGet(143)) - 7c330693-1e2f-4265-ad51-f8ae66fac775: start LeaderElection
2019-09-20 14:24:13,975 [pool-126-thread-1] INFO  storage.RaftStorage (RaftStorage.java:format(72)) - Storage directory /workdir/hadoop-ozone/ozonefs/target/test-dir/MiniOzoneClusterImpl-72e1902e-de17-4929-8ada-cc6049662493/datanode-9/data/ratis/821d4e71-072a-40cd-895f-b792ff3f05e6 has been successfully formatted.
2019-09-20 14:24:13,975 [pool-126-thread-1] INFO  ratis.ContainerStateMachine (ContainerStateMachine.java:loadSnapshot(226)) - group-B792FF3F05E6: The snapshot info is null. Setting the last applied indexto:(t:0, i:~)
2019-09-20 14:24:13,975 [pool-126-thread-1] INFO  server.RaftServerConfigKeys (ConfUtils.java:logGet(43)) - raft.server.leader.election.timeout = 120s (custom)
2019-09-20 14:24:13,975 [pool-126-thread-1] INFO  server.RaftServerConfigKeys (ConfUtils.java:logGet(43)) - raft.server.log.use.memory = false (default)
2019-09-20 14:24:13,980 [pool-126-thread-1] INFO  server.RaftServerConfigKeys (ConfUtils.java:logGet(43)) - raft.server.log.purge.gap = 1000000 (custom)
2019-09-20 14:24:13,986 [pool-126-thread-1] INFO  server.RaftServerConfigKeys (ConfUtils.java:logGet(43)) - raft.server.log.appender.buffer.byte-limit = 33554432 (custom)
2019-09-20 14:24:13,986 [pool-126-thread-1] INFO  server.RaftServerConfigKeys (ConfUtils.java:logGet(43)) - raft.server.log.segment.size.max = 1048576 (custom)
2019-09-20 14:24:13,987 [pool-126-thread-1] INFO  server.RaftServerConfigKeys (ConfUtils.java:logGet(43)) - raft.server.log.segment.cache.num.max = 2 (custom)
2019-09-20 14:24:13,987 [pool-126-thread-1] INFO  segmented.SegmentedRaftLogWorker (SegmentedRaftLogWorker.java:<init>(172)) - new ea2f062a-dcfd-4d75-88ac-6c4e2f0364da-SegmentedRaftLogWorker:Storage Directory /workdir/hadoop-ozone/ozonefs/target/test-dir/MiniOzoneClusterImpl-72e1902e-de17-4929-8ada-cc6049662493/datanode-9/data/ratis/821d4e71-072a-40cd-895f-b792ff3f05e6 for RaftStorage:Storage Directory /workdir/hadoop-ozone/ozonefs/target/test-dir/MiniOzoneClusterImpl-72e1902e-de17-4929-8ada-cc6049662493/datanode-9/data/ratis/821d4e71-072a-40cd-895f-b792ff3f05e6
2019-09-20 14:24:13,987 [pool-126-thread-1] INFO  server.RaftServerConfigKeys (ConfUtils.java:logGet(43)) - raft.server.log.queue.byte-limit = 2147483647 (custom)
2019-09-20 14:24:13,987 [pool-126-thread-1] INFO  server.RaftServerConfigKeys (ConfUtils.java:logGet(43)) - raft.server.log.queue.element-limit = 1024 (custom)
2019-09-20 14:24:13,987 [pool-126-thread-1] INFO  server.RaftServerConfigKeys (ConfUtils.java:logGet(43)) - raft.server.log.segment.size.max = 1048576 (custom)
2019-09-20 14:24:13,987 [pool-126-thread-1] INFO  server.RaftServerConfigKeys (ConfUtils.java:logGet(43)) - raft.server.log.preallocated.size = 16384 (custom)
2019-09-20 14:24:13,987 [pool-126-thread-1] INFO  server.RaftServerConfigKeys (ConfUtils.java:logGet(43)) - raft.server.log.write.buffer.size = 33554432 (custom)
2019-09-20 14:24:13,988 [pool-126-thread-1] INFO  server.RaftServerConfigKeys (ConfUtils.java:logGet(43)) - raft.server.log.force.sync.num = 128 (default)
2019-09-20 14:24:13,988 [pool-126-thread-1] INFO  server.RaftServerConfigKeys (ConfUtils.java:logGet(43)) - raft.server.log.statemachine.data.sync = true (default)
2019-09-20 14:24:13,988 [pool-126-thread-1] INFO  server.RaftServerConfigKeys (ConfUtils.java:logGet(43)) - raft.server.log.statemachine.data.sync.timeout = 10s (default)
2019-09-20 14:24:13,988 [pool-126-thread-1] INFO  server.RaftServerConfigKeys (ConfUtils.java:logGet(43)) - raft.server.log.statemachine.data.sync.timeout.retry = -1 (default)
2019-09-20 14:24:13,988 [pool-126-thread-1] INFO  server.RaftServerConfigKeys (ConfUtils.java:logGet(43)) - raft.server.log.statemachine.data.caching.enabled = true (custom)
2019-09-20 14:24:13,989 [pool-126-thread-1] INFO  segmented.SegmentedRaftLogWorker (SegmentedRaftLogWorker.java:lambda$new$0(132)) - ea2f062a-dcfd-4d75-88ac-6c4e2f0364da-SegmentedRaftLogWorker:Storage Directory /workdir/hadoop-ozone/ozonefs/target/test-dir/MiniOzoneClusterImpl-72e1902e-de17-4929-8ada-cc6049662493/datanode-9/data/ratis/821d4e71-072a-40cd-895f-b792ff3f05e6: flushIndex: setUnconditionally 0 -> -1
2019-09-20 14:24:13,989 [pool-126-thread-1] INFO  server.RaftServerConfigKeys (ConfUtils.java:logGet(43)) - raft.server.snapshot.auto.trigger.enabled = true (custom)
2019-09-20 14:24:13,989 [pool-126-thread-1] INFO  server.RaftServerConfigKeys (ConfUtils.java:logGet(43)) - raft.server.snapshot.auto.trigger.threshold = 10000 (custom)
2019-09-20 14:24:13,989 [pool-126-thread-1] INFO  server.RaftServerConfigKeys (ConfUtils.java:logGet(43)) - raft.server.retrycache.expirytime = 600000ms (custom)
2019-09-20 14:24:13,990 [pool-126-thread-1] INFO  impl.RaftServerImpl (RaftServerImpl.java:start(180)) - ea2f062a-dcfd-4d75-88ac-6c4e2f0364da: start group-B792FF3F05E6
2019-09-20 14:24:13,990 [pool-126-thread-1] INFO  impl.RaftServerImpl (RaftServerImpl.java:setRole(171)) - ea2f062a-dcfd-4d75-88ac-6c4e2f0364da:group-B792FF3F05E6 changes role from null to FOLLOWER at term 0 for startAsFollower
2019-09-20 14:24:13,990 [pool-126-thread-1] INFO  impl.RoleInfo (RoleInfo.java:updateAndGet(143)) - ea2f062a-dcfd-4d75-88ac-6c4e2f0364da: start FollowerState
2019-09-20 14:24:13,990 [pool-126-thread-1] INFO  util.JmxRegister (JmxRegister.java:tryRegister(44)) - Successfully registered JMX Bean with object name Ratis:service=RaftServer,group=group-B792FF3F05E6,id=ea2f062a-dcfd-4d75-88ac-6c4e2f0364da
2019-09-20 14:24:13,993 [RatisPipelineUtilsThread] INFO  pipeline.PipelineStateManager (PipelineStateManager.java:addPipeline(56)) - Created pipeline Pipeline[ Id: 821d4e71-072a-40cd-895f-b792ff3f05e6, Nodes: ea2f062a-dcfd-4d75-88ac-6c4e2f0364da{ip: 192.168.36.99, host: pr-hdds-1569-p5fx8-1226042367, networkLocation: /default-rack, certSerialId: null}, Type:RATIS, Factor:ONE, State:OPEN]
2019-09-20 14:24:13,994 [RatisPipelineUtilsThread] INFO  pipeline.PipelinePlacementPolicy (PipelinePlacementPolicy.java:meetCriteria(91)) - Pipeline Placement: Doesn't meet the criteria to be viable node： 9101a5c2-dfb1-4c31-830b-4c77eb758348 Heaviness: 6 limit: 5
2019-09-20 14:24:13,994 [RatisPipelineUtilsThread] INFO  pipeline.PipelinePlacementPolicy (PipelinePlacementPolicy.java:meetCriteria(91)) - Pipeline Placement: Doesn't meet the criteria to be viable node： e0033df1-dced-4562-b4c4-a94a3cb6c131 Heaviness: 6 limit: 5
2019-09-20 14:24:13,994 [RatisPipelineUtilsThread] INFO  pipeline.PipelinePlacementPolicy (PipelinePlacementPolicy.java:meetCriteria(91)) - Pipeline Placement: Doesn't meet the criteria to be viable node： c0a66530-d43a-4ae5-bdbb-2b9936068aaa Heaviness: 6 limit: 5
2019-09-20 14:24:13,994 [RatisPipelineUtilsThread] INFO  pipeline.PipelinePlacementPolicy (PipelinePlacementPolicy.java:meetCriteria(91)) - Pipeline Placement: Doesn't meet the criteria to be viable node： 93651a45-ffa4-4bae-ae49-6429ae7182bc Heaviness: 6 limit: 5
2019-09-20 14:24:13,995 [RatisPipelineUtilsThread] INFO  pipeline.PipelinePlacementPolicy (PipelinePlacementPolicy.java:meetCriteria(91)) - Pipeline Placement: Doesn't meet the criteria to be viable node： 926b0f41-0722-49ff-a592-68b703f22f49 Heaviness: 6 limit: 5
2019-09-20 14:24:13,995 [RatisPipelineUtilsThread] INFO  pipeline.PipelinePlacementPolicy (PipelinePlacementPolicy.java:meetCriteria(91)) - Pipeline Placement: Doesn't meet the criteria to be viable node： 4b9e2e33-9606-42c4-a38b-d8e2568a9ed5 Heaviness: 6 limit: 5
2019-09-20 14:24:13,995 [RatisPipelineUtilsThread] INFO  pipeline.PipelinePlacementPolicy (PipelinePlacementPolicy.java:meetCriteria(91)) - Pipeline Placement: Doesn't meet the criteria to be viable node： 7c330693-1e2f-4265-ad51-f8ae66fac775 Heaviness: 6 limit: 5
2019-09-20 14:24:13,995 [RatisPipelineUtilsThread] INFO  pipeline.PipelinePlacementPolicy (PipelinePlacementPolicy.java:meetCriteria(91)) - Pipeline Placement: Doesn't meet the criteria to be viable node： f44a1c99-f9ac-4ca4-85ec-e98b84e0ebc2 Heaviness: 6 limit: 5
2019-09-20 14:24:14,001 [grpc-default-executor-0] INFO  impl.RaftServerProxy (RaftServerProxy.java:addNew(89)) - fc92467e-4cd7-4ea6-9bfc-11250c30c0f6: addNew group-EC441FCAAB2F:[fc92467e-4cd7-4ea6-9bfc-11250c30c0f6:192.168.36.99:34828] returns group-EC441FCAAB2F:java.util.concurrent.CompletableFuture@1d23bcf8[Not completed]
2019-09-20 14:24:14,003 [pool-115-thread-1] INFO  impl.RaftServerImpl (RaftServerImpl.java:<init>(93)) - fc92467e-4cd7-4ea6-9bfc-11250c30c0f6: new RaftServerImpl for group-EC441FCAAB2F:[fc92467e-4cd7-4ea6-9bfc-11250c30c0f6:192.168.36.99:34828] with ContainerStateMachine:uninitialized
2019-09-20 14:24:14,003 [pool-115-thread-1] INFO  server.RaftServerConfigKeys (ConfUtils.java:logGet(43)) - raft.server.rpc.timeout.min = 5s (custom)
2019-09-20 14:24:14,003 [pool-115-thread-1] INFO  server.RaftServerConfigKeys (ConfUtils.java:logGet(43)) - raft.server.rpc.timeout.max = 5200ms (custom)
2019-09-20 14:24:14,003 [pool-115-thread-1] INFO  server.RaftServerConfigKeys (ConfUtils.java:logGet(43)) - raft.server.rpcslowness.timeout = 120s (custom)
2019-09-20 14:24:14,003 [pool-115-thread-1] INFO  server.RaftServerConfigKeys (ConfUtils.java:logGet(43)) - raft.server.sleep.deviation.threshold = 300 (default)
2019-09-20 14:24:14,003 [pool-115-thread-1] INFO  server.RaftServerConfigKeys (ConfUtils.java:logGet(43)) - raft.server.log.appender.install.snapshot.enabled = false (custom)
2019-09-20 14:24:14,004 [pool-115-thread-1] INFO  impl.RaftServerImpl (ServerState.java:<init>(105)) - fc92467e-4cd7-4ea6-9bfc-11250c30c0f6:group-EC441FCAAB2F ConfigurationManager, init=-1: [fc92467e-4cd7-4ea6-9bfc-11250c30c0f6:192.168.36.99:34828], old=null, confs=<EMPTY_MAP>
2019-09-20 14:24:14,004 [pool-115-thread-1] INFO  server.RaftServerConfigKeys (ConfUtils.java:logGet(43)) - raft.server.storage.dir = [/workdir/hadoop-ozone/ozonefs/target/test-dir/MiniOzoneClusterImpl-72e1902e-de17-4929-8ada-cc6049662493/datanode-8/data/ratis] (custom)
2019-09-20 14:24:14,004 [pool-115-thread-1] INFO  storage.RaftStorageDirectory (RaftStorageDirectory.java:analyzeStorage(246)) - The storage directory /workdir/hadoop-ozone/ozonefs/target/test-dir/MiniOzoneClusterImpl-72e1902e-de17-4929-8ada-cc6049662493/datanode-8/data/ratis/b4a8ce96-e3dc-450f-a3c7-ec441fcaab2f does not exist. Creating ...
2019-09-20 14:24:14,033 [pool-115-thread-1] INFO  storage.RaftStorageDirectory (RaftStorageDirectory.java:tryLock(328)) - Lock on /workdir/hadoop-ozone/ozonefs/target/test-dir/MiniOzoneClusterImpl-72e1902e-de17-4929-8ada-cc6049662493/datanode-8/data/ratis/b4a8ce96-e3dc-450f-a3c7-ec441fcaab2f/in_use.lock acquired by nodename 20069@pr-hdds-1569-p5fx8-1226042367
2019-09-20 14:24:14,034 [7c330693-1e2f-4265-ad51-f8ae66fac775:group-C5415AA91C23:LeaderElection1] INFO  impl.LeaderElection (LeaderElection.java:askForVotes(181)) - 7c330693-1e2f-4265-ad51-f8ae66fac775:group-C5415AA91C23:LeaderElection1: begin an election at term 1 for -1: [7c330693-1e2f-4265-ad51-f8ae66fac775:192.168.36.99:39028], old=null
2019-09-20 14:24:14,036 [7c330693-1e2f-4265-ad51-f8ae66fac775:group-C5415AA91C23:LeaderElection1] INFO  impl.RoleInfo (RoleInfo.java:shutdownLeaderElection(134)) - 7c330693-1e2f-4265-ad51-f8ae66fac775: shutdown LeaderElection
2019-09-20 14:24:14,036 [7c330693-1e2f-4265-ad51-f8ae66fac775:group-C5415AA91C23:LeaderElection1] INFO  impl.RaftServerImpl (RaftServerImpl.java:setRole(171)) - 7c330693-1e2f-4265-ad51-f8ae66fac775:group-C5415AA91C23 changes role from CANDIDATE to LEADER at term 1 for changeToLeader
2019-09-20 14:24:14,037 [7c330693-1e2f-4265-ad51-f8ae66fac775:group-C5415AA91C23:LeaderElection1] INFO  impl.RaftServerImpl (ServerState.java:setLeader(263)) - 7c330693-1e2f-4265-ad51-f8ae66fac775:group-C5415AA91C23 change Leader from null to 7c330693-1e2f-4265-ad51-f8ae66fac775 at term 1 for becomeLeader, leader elected after 5342ms
2019-09-20 14:24:14,044 [7c330693-1e2f-4265-ad51-f8ae66fac775:group-C5415AA91C23:LeaderElection1] INFO  server.RaftServerConfigKeys (ConfUtils.java:logGet(43)) - raft.server.staging.catchup.gap = 1000 (default)
2019-09-20 14:24:14,044 [7c330693-1e2f-4265-ad51-f8ae66fac775:group-C5415AA91C23:LeaderElection1] INFO  server.RaftServerConfigKeys (ConfUtils.java:logGet(43)) - raft.server.rpc.sleep.time = 25ms (default)
2019-09-20 14:24:14,044 [Thread-287] INFO  impl.FollowerState (FollowerState.java:run(106)) - 7c330693-1e2f-4265-ad51-f8ae66fac775:group-47366928255C changes to CANDIDATE, lastRpcTime:5087, electionTimeout:5087ms
2019-09-20 14:24:14,047 [Thread-287] INFO  impl.RoleInfo (RoleInfo.java:shutdownFollowerState(121)) - 7c330693-1e2f-4265-ad51-f8ae66fac775: shutdown FollowerState
2019-09-20 14:24:14,048 [Thread-287] INFO  impl.RaftServerImpl (RaftServerImpl.java:setRole(171)) - 7c330693-1e2f-4265-ad51-f8ae66fac775:group-47366928255C changes role from FOLLOWER to CANDIDATE at term 0 for changeToCandidate
2019-09-20 14:24:14,048 [Thread-287] INFO  impl.RoleInfo (RoleInfo.java:updateAndGet(143)) - 7c330693-1e2f-4265-ad51-f8ae66fac775: start LeaderElection
2019-09-20 14:24:14,059 [7c330693-1e2f-4265-ad51-f8ae66fac775:group-C5415AA91C23:LeaderElection1] INFO  server.RaftServerConfigKeys (ConfUtils.java:logGet(43)) - raft.server.write.element-limit = 4096 (default)
2019-09-20 14:24:14,062 [7c330693-1e2f-4265-ad51-f8ae66fac775:group-C5415AA91C23:LeaderElection1] INFO  server.RaftServerConfigKeys (ConfUtils.java:logGet(43)) - raft.server.watch.timeout = 10s (default)
2019-09-20 14:24:14,062 [7c330693-1e2f-4265-ad51-f8ae66fac775:group-C5415AA91C23:LeaderElection1] INFO  server.RaftServerConfigKeys (ConfUtils.java:logGet(43)) - raft.server.watch.timeout.denomination = 1s (default)
2019-09-20 14:24:14,064 [7c330693-1e2f-4265-ad51-f8ae66fac775:group-C5415AA91C23:LeaderElection1] INFO  server.RaftServerConfigKeys (ConfUtils.java:logGet(43)) - raft.server.watch.element-limit = 65536 (default)
2019-09-20 14:24:14,073 [7c330693-1e2f-4265-ad51-f8ae66fac775:group-C5415AA91C23:LeaderElection1] INFO  impl.RoleInfo (RoleInfo.java:updateAndGet(143)) - 7c330693-1e2f-4265-ad51-f8ae66fac775: start LeaderState
2019-09-20 14:24:14,084 [pool-115-thread-1] INFO  storage.RaftStorage (RaftStorage.java:format(72)) - Storage directory /workdir/hadoop-ozone/ozonefs/target/test-dir/MiniOzoneClusterImpl-72e1902e-de17-4929-8ada-cc6049662493/datanode-8/data/ratis/b4a8ce96-e3dc-450f-a3c7-ec441fcaab2f has been successfully formatted.
2019-09-20 14:24:14,084 [7c330693-1e2f-4265-ad51-f8ae66fac775:group-47366928255C:LeaderElection2] INFO  impl.LeaderElection (LeaderElection.java:askForVotes(181)) - 7c330693-1e2f-4265-ad51-f8ae66fac775:group-47366928255C:LeaderElection2: begin an election at term 1 for -1: [7c330693-1e2f-4265-ad51-f8ae66fac775:192.168.36.99:39028], old=null
2019-09-20 14:24:14,087 [pool-115-thread-1] INFO  ratis.ContainerStateMachine (ContainerStateMachine.java:loadSnapshot(226)) - group-EC441FCAAB2F: The snapshot info is null. Setting the last applied indexto:(t:0, i:~)
2019-09-20 14:24:14,087 [7c330693-1e2f-4265-ad51-f8ae66fac775:group-47366928255C:LeaderElection2] INFO  impl.RoleInfo (RoleInfo.java:shutdownLeaderElection(134)) - 7c330693-1e2f-4265-ad51-f8ae66fac775: shutdown LeaderElection
2019-09-20 14:24:14,088 [pool-115-thread-1] INFO  server.RaftServerConfigKeys (ConfUtils.java:logGet(43)) - raft.server.leader.election.timeout = 120s (custom)
2019-09-20 14:24:14,088 [7c330693-1e2f-4265-ad51-f8ae66fac775:group-47366928255C:LeaderElection2] INFO  impl.RaftServerImpl (RaftServerImpl.java:setRole(171)) - 7c330693-1e2f-4265-ad51-f8ae66fac775:group-47366928255C changes role from CANDIDATE to LEADER at term 1 for changeToLeader
2019-09-20 14:24:14,088 [pool-115-thread-1] INFO  server.RaftServerConfigKeys (ConfUtils.java:logGet(43)) - raft.server.log.use.memory = false (default)
2019-09-20 14:24:14,088 [7c330693-1e2f-4265-ad51-f8ae66fac775:group-47366928255C:LeaderElection2] INFO  impl.RaftServerImpl (ServerState.java:setLeader(263)) - 7c330693-1e2f-4265-ad51-f8ae66fac775:group-47366928255C change Leader from null to 7c330693-1e2f-4265-ad51-f8ae66fac775 at term 1 for becomeLeader, leader elected after 5135ms
2019-09-20 14:24:14,088 [pool-115-thread-1] INFO  server.RaftServerConfigKeys (ConfUtils.java:logGet(43)) - raft.server.log.purge.gap = 1000000 (custom)
2019-09-20 14:24:14,088 [7c330693-1e2f-4265-ad51-f8ae66fac775:group-47366928255C:LeaderElection2] INFO  server.RaftServerConfigKeys (ConfUtils.java:logGet(43)) - raft.server.staging.catchup.gap = 1000 (default)
2019-09-20 14:24:14,088 [pool-115-thread-1] INFO  server.RaftServerConfigKeys (ConfUtils.java:logGet(43)) - raft.server.log.appender.buffer.byte-limit = 33554432 (custom)
2019-09-20 14:24:14,089 [7c330693-1e2f-4265-ad51-f8ae66fac775:group-47366928255C:LeaderElection2] INFO  server.RaftServerConfigKeys (ConfUtils.java:logGet(43)) - raft.server.rpc.sleep.time = 25ms (default)
2019-09-20 14:24:14,089 [pool-115-thread-1] INFO  server.RaftServerConfigKeys (ConfUtils.java:logGet(43)) - raft.server.log.segment.size.max = 1048576 (custom)
2019-09-20 14:24:14,089 [7c330693-1e2f-4265-ad51-f8ae66fac775:group-47366928255C:LeaderElection2] INFO  server.RaftServerConfigKeys (ConfUtils.java:logGet(43)) - raft.server.write.element-limit = 4096 (default)
2019-09-20 14:24:14,089 [pool-115-thread-1] INFO  server.RaftServerConfigKeys (ConfUtils.java:logGet(43)) - raft.server.log.segment.cache.num.max = 2 (custom)
2019-09-20 14:24:14,089 [7c330693-1e2f-4265-ad51-f8ae66fac775:group-47366928255C:LeaderElection2] INFO  server.RaftServerConfigKeys (ConfUtils.java:logGet(43)) - raft.server.watch.timeout = 10s (default)
2019-09-20 14:24:14,089 [pool-115-thread-1] INFO  segmented.SegmentedRaftLogWorker (SegmentedRaftLogWorker.java:<init>(172)) - new fc92467e-4cd7-4ea6-9bfc-11250c30c0f6-SegmentedRaftLogWorker:Storage Directory /workdir/hadoop-ozone/ozonefs/target/test-dir/MiniOzoneClusterImpl-72e1902e-de17-4929-8ada-cc6049662493/datanode-8/data/ratis/b4a8ce96-e3dc-450f-a3c7-ec441fcaab2f for RaftStorage:Storage Directory /workdir/hadoop-ozone/ozonefs/target/test-dir/MiniOzoneClusterImpl-72e1902e-de17-4929-8ada-cc6049662493/datanode-8/data/ratis/b4a8ce96-e3dc-450f-a3c7-ec441fcaab2f
2019-09-20 14:24:14,090 [7c330693-1e2f-4265-ad51-f8ae66fac775:group-47366928255C:LeaderElection2] INFO  server.RaftServerConfigKeys (ConfUtils.java:logGet(43)) - raft.server.watch.timeout.denomination = 1s (default)
2019-09-20 14:24:14,090 [pool-115-thread-1] INFO  server.RaftServerConfigKeys (ConfUtils.java:logGet(43)) - raft.server.log.queue.byte-limit = 2147483647 (custom)
2019-09-20 14:24:14,090 [7c330693-1e2f-4265-ad51-f8ae66fac775:group-47366928255C:LeaderElection2] INFO  server.RaftServerConfigKeys (ConfUtils.java:logGet(43)) - raft.server.watch.element-limit = 65536 (default)
2019-09-20 14:24:14,090 [pool-115-thread-1] INFO  server.RaftServerConfigKeys (ConfUtils.java:logGet(43)) - raft.server.log.queue.element-limit = 1024 (custom)
2019-09-20 14:24:14,090 [7c330693-1e2f-4265-ad51-f8ae66fac775:group-47366928255C:LeaderElection2] INFO  impl.RoleInfo (RoleInfo.java:updateAndGet(143)) - 7c330693-1e2f-4265-ad51-f8ae66fac775: start LeaderState
2019-09-20 14:24:14,090 [pool-115-thread-1] INFO  server.RaftServerConfigKeys (ConfUtils.java:logGet(43)) - raft.server.log.segment.size.max = 1048576 (custom)
2019-09-20 14:24:14,091 [pool-115-thread-1] INFO  server.RaftServerConfigKeys (ConfUtils.java:logGet(43)) - raft.server.log.preallocated.size = 16384 (custom)
2019-09-20 14:24:14,091 [pool-115-thread-1] INFO  server.RaftServerConfigKeys (ConfUtils.java:logGet(43)) - raft.server.log.write.buffer.size = 33554432 (custom)
2019-09-20 14:24:14,091 [pool-115-thread-1] INFO  server.RaftServerConfigKeys (ConfUtils.java:logGet(43)) - raft.server.log.force.sync.num = 128 (default)
2019-09-20 14:24:14,091 [pool-115-thread-1] INFO  server.RaftServerConfigKeys (ConfUtils.java:logGet(43)) - raft.server.log.statemachine.data.sync = true (default)
2019-09-20 14:24:14,091 [pool-115-thread-1] INFO  server.RaftServerConfigKeys (ConfUtils.java:logGet(43)) - raft.server.log.statemachine.data.sync.timeout = 10s (default)
2019-09-20 14:24:14,091 [pool-115-thread-1] INFO  server.RaftServerConfigKeys (ConfUtils.java:logGet(43)) - raft.server.log.statemachine.data.sync.timeout.retry = -1 (default)
2019-09-20 14:24:14,092 [pool-115-thread-1] INFO  server.RaftServerConfigKeys (ConfUtils.java:logGet(43)) - raft.server.log.statemachine.data.caching.enabled = true (custom)
2019-09-20 14:24:14,092 [pool-115-thread-1] INFO  segmented.SegmentedRaftLogWorker (SegmentedRaftLogWorker.java:lambda$new$0(132)) - fc92467e-4cd7-4ea6-9bfc-11250c30c0f6-SegmentedRaftLogWorker:Storage Directory /workdir/hadoop-ozone/ozonefs/target/test-dir/MiniOzoneClusterImpl-72e1902e-de17-4929-8ada-cc6049662493/datanode-8/data/ratis/b4a8ce96-e3dc-450f-a3c7-ec441fcaab2f: flushIndex: setUnconditionally 0 -> -1
2019-09-20 14:24:14,092 [pool-115-thread-1] INFO  server.RaftServerConfigKeys (ConfUtils.java:logGet(43)) - raft.server.snapshot.auto.trigger.enabled = true (custom)
2019-09-20 14:24:14,093 [pool-115-thread-1] INFO  server.RaftServerConfigKeys (ConfUtils.java:logGet(43)) - raft.server.snapshot.auto.trigger.threshold = 10000 (custom)
2019-09-20 14:24:14,093 [pool-115-thread-1] INFO  server.RaftServerConfigKeys (ConfUtils.java:logGet(43)) - raft.server.retrycache.expirytime = 600000ms (custom)
2019-09-20 14:24:14,093 [pool-115-thread-1] INFO  impl.RaftServerImpl (RaftServerImpl.java:start(180)) - fc92467e-4cd7-4ea6-9bfc-11250c30c0f6: start group-EC441FCAAB2F
2019-09-20 14:24:14,093 [pool-115-thread-1] INFO  impl.RaftServerImpl (RaftServerImpl.java:setRole(171)) - fc92467e-4cd7-4ea6-9bfc-11250c30c0f6:group-EC441FCAAB2F changes role from null to FOLLOWER at term 0 for startAsFollower
2019-09-20 14:24:14,093 [pool-115-thread-1] INFO  impl.RoleInfo (RoleInfo.java:updateAndGet(143)) - fc92467e-4cd7-4ea6-9bfc-11250c30c0f6: start FollowerState
2019-09-20 14:24:14,094 [pool-115-thread-1] INFO  util.JmxRegister (JmxRegister.java:tryRegister(44)) - Successfully registered JMX Bean with object name Ratis:service=RaftServer,group=group-EC441FCAAB2F,id=fc92467e-4cd7-4ea6-9bfc-11250c30c0f6
2019-09-20 14:24:14,102 [RatisPipelineUtilsThread] INFO  pipeline.PipelineStateManager (PipelineStateManager.java:addPipeline(56)) - Created pipeline Pipeline[ Id: b4a8ce96-e3dc-450f-a3c7-ec441fcaab2f, Nodes: fc92467e-4cd7-4ea6-9bfc-11250c30c0f6{ip: 192.168.36.99, host: pr-hdds-1569-p5fx8-1226042367, networkLocation: /default-rack, certSerialId: null}, Type:RATIS, Factor:ONE, State:OPEN]
2019-09-20 14:24:14,103 [RatisPipelineUtilsThread] INFO  pipeline.PipelinePlacementPolicy (PipelinePlacementPolicy.java:meetCriteria(91)) - Pipeline Placement: Doesn't meet the criteria to be viable node： 9101a5c2-dfb1-4c31-830b-4c77eb758348 Heaviness: 6 limit: 5
2019-09-20 14:24:14,103 [RatisPipelineUtilsThread] INFO  pipeline.PipelinePlacementPolicy (PipelinePlacementPolicy.java:meetCriteria(91)) - Pipeline Placement: Doesn't meet the criteria to be viable node： e0033df1-dced-4562-b4c4-a94a3cb6c131 Heaviness: 6 limit: 5
2019-09-20 14:24:14,103 [RatisPipelineUtilsThread] INFO  pipeline.PipelinePlacementPolicy (PipelinePlacementPolicy.java:meetCriteria(91)) - Pipeline Placement: Doesn't meet the criteria to be viable node： c0a66530-d43a-4ae5-bdbb-2b9936068aaa Heaviness: 6 limit: 5
2019-09-20 14:24:14,103 [RatisPipelineUtilsThread] INFO  pipeline.PipelinePlacementPolicy (PipelinePlacementPolicy.java:meetCriteria(91)) - Pipeline Placement: Doesn't meet the criteria to be viable node： 93651a45-ffa4-4bae-ae49-6429ae7182bc Heaviness: 6 limit: 5
2019-09-20 14:24:14,104 [RatisPipelineUtilsThread] INFO  pipeline.PipelinePlacementPolicy (PipelinePlacementPolicy.java:meetCriteria(91)) - Pipeline Placement: Doesn't meet the criteria to be viable node： 926b0f41-0722-49ff-a592-68b703f22f49 Heaviness: 6 limit: 5
2019-09-20 14:24:14,104 [RatisPipelineUtilsThread] INFO  pipeline.PipelinePlacementPolicy (PipelinePlacementPolicy.java:meetCriteria(91)) - Pipeline Placement: Doesn't meet the criteria to be viable node： 4b9e2e33-9606-42c4-a38b-d8e2568a9ed5 Heaviness: 6 limit: 5
2019-09-20 14:24:14,104 [RatisPipelineUtilsThread] INFO  pipeline.PipelinePlacementPolicy (PipelinePlacementPolicy.java:meetCriteria(91)) - Pipeline Placement: Doesn't meet the criteria to be viable node： 7c330693-1e2f-4265-ad51-f8ae66fac775 Heaviness: 6 limit: 5
2019-09-20 14:24:14,104 [RatisPipelineUtilsThread] INFO  pipeline.PipelinePlacementPolicy (PipelinePlacementPolicy.java:meetCriteria(91)) - Pipeline Placement: Doesn't meet the criteria to be viable node： f44a1c99-f9ac-4ca4-85ec-e98b84e0ebc2 Heaviness: 6 limit: 5
2019-09-20 14:24:14,105 [7c330693-1e2f-4265-ad51-f8ae66fac775:group-C5415AA91C23:LeaderElection1] INFO  segmented.SegmentedRaftLogWorker (SegmentedRaftLogWorker.java:startLogSegment(380)) - 7c330693-1e2f-4265-ad51-f8ae66fac775-SegmentedRaftLogWorker:Storage Directory /workdir/hadoop-ozone/ozonefs/target/test-dir/MiniOzoneClusterImpl-72e1902e-de17-4929-8ada-cc6049662493/datanode-0/data/ratis/e6a82738-5411-4970-af4e-c5415aa91c23: Starting segment from index:0
2019-09-20 14:24:14,105 [7c330693-1e2f-4265-ad51-f8ae66fac775:group-47366928255C:LeaderElection2] INFO  segmented.SegmentedRaftLogWorker (SegmentedRaftLogWorker.java:startLogSegment(380)) - 7c330693-1e2f-4265-ad51-f8ae66fac775-SegmentedRaftLogWorker:Storage Directory /workdir/hadoop-ozone/ozonefs/target/test-dir/MiniOzoneClusterImpl-72e1902e-de17-4929-8ada-cc6049662493/datanode-0/data/ratis/c19af01e-2dad-4a04-87c1-47366928255c: Starting segment from index:0
2019-09-20 14:24:14,110 [grpc-default-executor-0] INFO  impl.RaftServerProxy (RaftServerProxy.java:addNew(89)) - fc92467e-4cd7-4ea6-9bfc-11250c30c0f6: addNew group-3C0685283ECC:[fc92467e-4cd7-4ea6-9bfc-11250c30c0f6:192.168.36.99:34828] returns group-3C0685283ECC:java.util.concurrent.CompletableFuture@133f3123[Not completed]
2019-09-20 14:24:14,112 [pool-115-thread-1] INFO  impl.RaftServerImpl (RaftServerImpl.java:<init>(93)) - fc92467e-4cd7-4ea6-9bfc-11250c30c0f6: new RaftServerImpl for group-3C0685283ECC:[fc92467e-4cd7-4ea6-9bfc-11250c30c0f6:192.168.36.99:34828] with ContainerStateMachine:uninitialized
2019-09-20 14:24:14,112 [pool-115-thread-1] INFO  server.RaftServerConfigKeys (ConfUtils.java:logGet(43)) - raft.server.rpc.timeout.min = 5s (custom)
2019-09-20 14:24:14,112 [pool-115-thread-1] INFO  server.RaftServerConfigKeys (ConfUtils.java:logGet(43)) - raft.server.rpc.timeout.max = 5200ms (custom)
2019-09-20 14:24:14,113 [pool-115-thread-1] INFO  server.RaftServerConfigKeys (ConfUtils.java:logGet(43)) - raft.server.rpcslowness.timeout = 120s (custom)
2019-09-20 14:24:14,113 [pool-115-thread-1] INFO  server.RaftServerConfigKeys (ConfUtils.java:logGet(43)) - raft.server.sleep.deviation.threshold = 300 (default)
2019-09-20 14:24:14,113 [pool-115-thread-1] INFO  server.RaftServerConfigKeys (ConfUtils.java:logGet(43)) - raft.server.log.appender.install.snapshot.enabled = false (custom)
2019-09-20 14:24:14,113 [pool-115-thread-1] INFO  impl.RaftServerImpl (ServerState.java:<init>(105)) - fc92467e-4cd7-4ea6-9bfc-11250c30c0f6:group-3C0685283ECC ConfigurationManager, init=-1: [fc92467e-4cd7-4ea6-9bfc-11250c30c0f6:192.168.36.99:34828], old=null, confs=<EMPTY_MAP>
2019-09-20 14:24:14,113 [pool-115-thread-1] INFO  server.RaftServerConfigKeys (ConfUtils.java:logGet(43)) - raft.server.storage.dir = [/workdir/hadoop-ozone/ozonefs/target/test-dir/MiniOzoneClusterImpl-72e1902e-de17-4929-8ada-cc6049662493/datanode-8/data/ratis] (custom)
2019-09-20 14:24:14,114 [pool-115-thread-1] INFO  storage.RaftStorageDirectory (RaftStorageDirectory.java:analyzeStorage(246)) - The storage directory /workdir/hadoop-ozone/ozonefs/target/test-dir/MiniOzoneClusterImpl-72e1902e-de17-4929-8ada-cc6049662493/datanode-8/data/ratis/84e8a304-d0c7-4e82-882b-3c0685283ecc does not exist. Creating ...
2019-09-20 14:24:14,116 [7c330693-1e2f-4265-ad51-f8ae66fac775:group-C5415AA91C23:LeaderElection1] INFO  impl.RaftServerImpl (ServerState.java:setRaftConf(361)) - 7c330693-1e2f-4265-ad51-f8ae66fac775:group-C5415AA91C23 set configuration 0: [7c330693-1e2f-4265-ad51-f8ae66fac775:192.168.36.99:39028], old=null at 0
2019-09-20 14:24:14,116 [7c330693-1e2f-4265-ad51-f8ae66fac775:group-47366928255C:LeaderElection2] INFO  impl.RaftServerImpl (ServerState.java:setRaftConf(361)) - 7c330693-1e2f-4265-ad51-f8ae66fac775:group-47366928255C set configuration 0: [7c330693-1e2f-4265-ad51-f8ae66fac775:192.168.36.99:39028], old=null at 0
2019-09-20 14:24:14,153 | INFO  | SCMAudit | user=jenkins1000 | ip=192.168.36.99 | op=SEND_HEARTBEAT {datanodeUUID=e0033df1-dced-4562-b4c4-a94a3cb6c131, command=[]} | ret=SUCCESS |  
2019-09-20 14:24:14,159 [pool-115-thread-1] INFO  storage.RaftStorageDirectory (RaftStorageDirectory.java:tryLock(328)) - Lock on /workdir/hadoop-ozone/ozonefs/target/test-dir/MiniOzoneClusterImpl-72e1902e-de17-4929-8ada-cc6049662493/datanode-8/data/ratis/84e8a304-d0c7-4e82-882b-3c0685283ecc/in_use.lock acquired by nodename 20069@pr-hdds-1569-p5fx8-1226042367
2019-09-20 14:24:14,185 [pool-115-thread-1] INFO  storage.RaftStorage (RaftStorage.java:format(72)) - Storage directory /workdir/hadoop-ozone/ozonefs/target/test-dir/MiniOzoneClusterImpl-72e1902e-de17-4929-8ada-cc6049662493/datanode-8/data/ratis/84e8a304-d0c7-4e82-882b-3c0685283ecc has been successfully formatted.
2019-09-20 14:24:14,185 [pool-115-thread-1] INFO  ratis.ContainerStateMachine (ContainerStateMachine.java:loadSnapshot(226)) - group-3C0685283ECC: The snapshot info is null. Setting the last applied indexto:(t:0, i:~)
2019-09-20 14:24:14,185 [pool-115-thread-1] INFO  server.RaftServerConfigKeys (ConfUtils.java:logGet(43)) - raft.server.leader.election.timeout = 120s (custom)
2019-09-20 14:24:14,185 [pool-115-thread-1] INFO  server.RaftServerConfigKeys (ConfUtils.java:logGet(43)) - raft.server.log.use.memory = false (default)
2019-09-20 14:24:14,186 [pool-115-thread-1] INFO  server.RaftServerConfigKeys (ConfUtils.java:logGet(43)) - raft.server.log.purge.gap = 1000000 (custom)
2019-09-20 14:24:14,186 [pool-115-thread-1] INFO  server.RaftServerConfigKeys (ConfUtils.java:logGet(43)) - raft.server.log.appender.buffer.byte-limit = 33554432 (custom)
2019-09-20 14:24:14,186 [pool-115-thread-1] INFO  server.RaftServerConfigKeys (ConfUtils.java:logGet(43)) - raft.server.log.segment.size.max = 1048576 (custom)
2019-09-20 14:24:14,186 [pool-115-thread-1] INFO  server.RaftServerConfigKeys (ConfUtils.java:logGet(43)) - raft.server.log.segment.cache.num.max = 2 (custom)
2019-09-20 14:24:14,186 [pool-115-thread-1] INFO  segmented.SegmentedRaftLogWorker (SegmentedRaftLogWorker.java:<init>(172)) - new fc92467e-4cd7-4ea6-9bfc-11250c30c0f6-SegmentedRaftLogWorker:Storage Directory /workdir/hadoop-ozone/ozonefs/target/test-dir/MiniOzoneClusterImpl-72e1902e-de17-4929-8ada-cc6049662493/datanode-8/data/ratis/84e8a304-d0c7-4e82-882b-3c0685283ecc for RaftStorage:Storage Directory /workdir/hadoop-ozone/ozonefs/target/test-dir/MiniOzoneClusterImpl-72e1902e-de17-4929-8ada-cc6049662493/datanode-8/data/ratis/84e8a304-d0c7-4e82-882b-3c0685283ecc
2019-09-20 14:24:14,187 [pool-115-thread-1] INFO  server.RaftServerConfigKeys (ConfUtils.java:logGet(43)) - raft.server.log.queue.byte-limit = 2147483647 (custom)
2019-09-20 14:24:14,187 [pool-115-thread-1] INFO  server.RaftServerConfigKeys (ConfUtils.java:logGet(43)) - raft.server.log.queue.element-limit = 1024 (custom)
2019-09-20 14:24:14,187 [pool-115-thread-1] INFO  server.RaftServerConfigKeys (ConfUtils.java:logGet(43)) - raft.server.log.segment.size.max = 1048576 (custom)
2019-09-20 14:24:14,187 [pool-115-thread-1] INFO  server.RaftServerConfigKeys (ConfUtils.java:logGet(43)) - raft.server.log.preallocated.size = 16384 (custom)
2019-09-20 14:24:14,187 [pool-115-thread-1] INFO  server.RaftServerConfigKeys (ConfUtils.java:logGet(43)) - raft.server.log.write.buffer.size = 33554432 (custom)
2019-09-20 14:24:14,187 [pool-115-thread-1] INFO  server.RaftServerConfigKeys (ConfUtils.java:logGet(43)) - raft.server.log.force.sync.num = 128 (default)
2019-09-20 14:24:14,188 [pool-115-thread-1] INFO  server.RaftServerConfigKeys (ConfUtils.java:logGet(43)) - raft.server.log.statemachine.data.sync = true (default)
2019-09-20 14:24:14,188 [pool-115-thread-1] INFO  server.RaftServerConfigKeys (ConfUtils.java:logGet(43)) - raft.server.log.statemachine.data.sync.timeout = 10s (default)
2019-09-20 14:24:14,188 [pool-115-thread-1] INFO  server.RaftServerConfigKeys (ConfUtils.java:logGet(43)) - raft.server.log.statemachine.data.sync.timeout.retry = -1 (default)
2019-09-20 14:24:14,188 [pool-115-thread-1] INFO  server.RaftServerConfigKeys (ConfUtils.java:logGet(43)) - raft.server.log.statemachine.data.caching.enabled = true (custom)
2019-09-20 14:24:14,188 [pool-115-thread-1] INFO  segmented.SegmentedRaftLogWorker (SegmentedRaftLogWorker.java:lambda$new$0(132)) - fc92467e-4cd7-4ea6-9bfc-11250c30c0f6-SegmentedRaftLogWorker:Storage Directory /workdir/hadoop-ozone/ozonefs/target/test-dir/MiniOzoneClusterImpl-72e1902e-de17-4929-8ada-cc6049662493/datanode-8/data/ratis/84e8a304-d0c7-4e82-882b-3c0685283ecc: flushIndex: setUnconditionally 0 -> -1
2019-09-20 14:24:14,189 [pool-115-thread-1] INFO  server.RaftServerConfigKeys (ConfUtils.java:logGet(43)) - raft.server.snapshot.auto.trigger.enabled = true (custom)
2019-09-20 14:24:14,189 [pool-115-thread-1] INFO  server.RaftServerConfigKeys (ConfUtils.java:logGet(43)) - raft.server.snapshot.auto.trigger.threshold = 10000 (custom)
2019-09-20 14:24:14,189 [pool-115-thread-1] INFO  server.RaftServerConfigKeys (ConfUtils.java:logGet(43)) - raft.server.retrycache.expirytime = 600000ms (custom)
2019-09-20 14:24:14,189 [pool-115-thread-1] INFO  impl.RaftServerImpl (RaftServerImpl.java:start(180)) - fc92467e-4cd7-4ea6-9bfc-11250c30c0f6: start group-3C0685283ECC
2019-09-20 14:24:14,190 [pool-115-thread-1] INFO  impl.RaftServerImpl (RaftServerImpl.java:setRole(171)) - fc92467e-4cd7-4ea6-9bfc-11250c30c0f6:group-3C0685283ECC changes role from null to FOLLOWER at term 0 for startAsFollower
2019-09-20 14:24:14,190 [pool-115-thread-1] INFO  impl.RoleInfo (RoleInfo.java:updateAndGet(143)) - fc92467e-4cd7-4ea6-9bfc-11250c30c0f6: start FollowerState
2019-09-20 14:24:14,190 [pool-115-thread-1] INFO  util.JmxRegister (JmxRegister.java:tryRegister(44)) - Successfully registered JMX Bean with object name Ratis:service=RaftServer,group=group-3C0685283ECC,id=fc92467e-4cd7-4ea6-9bfc-11250c30c0f6
2019-09-20 14:24:14,193 [RatisPipelineUtilsThread] INFO  pipeline.PipelineStateManager (PipelineStateManager.java:addPipeline(56)) - Created pipeline Pipeline[ Id: 84e8a304-d0c7-4e82-882b-3c0685283ecc, Nodes: fc92467e-4cd7-4ea6-9bfc-11250c30c0f6{ip: 192.168.36.99, host: pr-hdds-1569-p5fx8-1226042367, networkLocation: /default-rack, certSerialId: null}, Type:RATIS, Factor:ONE, State:OPEN]
2019-09-20 14:24:14,193 [RatisPipelineUtilsThread] INFO  pipeline.PipelinePlacementPolicy (PipelinePlacementPolicy.java:meetCriteria(91)) - Pipeline Placement: Doesn't meet the criteria to be viable node： 9101a5c2-dfb1-4c31-830b-4c77eb758348 Heaviness: 6 limit: 5
2019-09-20 14:24:14,194 [RatisPipelineUtilsThread] INFO  pipeline.PipelinePlacementPolicy (PipelinePlacementPolicy.java:meetCriteria(91)) - Pipeline Placement: Doesn't meet the criteria to be viable node： e0033df1-dced-4562-b4c4-a94a3cb6c131 Heaviness: 6 limit: 5
2019-09-20 14:24:14,194 [RatisPipelineUtilsThread] INFO  pipeline.PipelinePlacementPolicy (PipelinePlacementPolicy.java:meetCriteria(91)) - Pipeline Placement: Doesn't meet the criteria to be viable node： c0a66530-d43a-4ae5-bdbb-2b9936068aaa Heaviness: 6 limit: 5
2019-09-20 14:24:14,194 [RatisPipelineUtilsThread] INFO  pipeline.PipelinePlacementPolicy (PipelinePlacementPolicy.java:meetCriteria(91)) - Pipeline Placement: Doesn't meet the criteria to be viable node： 93651a45-ffa4-4bae-ae49-6429ae7182bc Heaviness: 6 limit: 5
2019-09-20 14:24:14,194 [RatisPipelineUtilsThread] INFO  pipeline.PipelinePlacementPolicy (PipelinePlacementPolicy.java:meetCriteria(91)) - Pipeline Placement: Doesn't meet the criteria to be viable node： 926b0f41-0722-49ff-a592-68b703f22f49 Heaviness: 6 limit: 5
2019-09-20 14:24:14,195 [RatisPipelineUtilsThread] INFO  pipeline.PipelinePlacementPolicy (PipelinePlacementPolicy.java:meetCriteria(91)) - Pipeline Placement: Doesn't meet the criteria to be viable node： 4b9e2e33-9606-42c4-a38b-d8e2568a9ed5 Heaviness: 6 limit: 5
2019-09-20 14:24:14,195 [RatisPipelineUtilsThread] INFO  pipeline.PipelinePlacementPolicy (PipelinePlacementPolicy.java:meetCriteria(91)) - Pipeline Placement: Doesn't meet the criteria to be viable node： 7c330693-1e2f-4265-ad51-f8ae66fac775 Heaviness: 6 limit: 5
2019-09-20 14:24:14,195 [RatisPipelineUtilsThread] INFO  pipeline.PipelinePlacementPolicy (PipelinePlacementPolicy.java:meetCriteria(91)) - Pipeline Placement: Doesn't meet the criteria to be viable node： f44a1c99-f9ac-4ca4-85ec-e98b84e0ebc2 Heaviness: 6 limit: 5
2019-09-20 14:24:14,201 [grpc-default-executor-0] INFO  impl.RaftServerProxy (RaftServerProxy.java:addNew(89)) - fc92467e-4cd7-4ea6-9bfc-11250c30c0f6: addNew group-7B5430389312:[fc92467e-4cd7-4ea6-9bfc-11250c30c0f6:192.168.36.99:34828] returns group-7B5430389312:java.util.concurrent.CompletableFuture@43ef22ed[Not completed]
2019-09-20 14:24:14,202 [pool-115-thread-1] INFO  impl.RaftServerImpl (RaftServerImpl.java:<init>(93)) - fc92467e-4cd7-4ea6-9bfc-11250c30c0f6: new RaftServerImpl for group-7B5430389312:[fc92467e-4cd7-4ea6-9bfc-11250c30c0f6:192.168.36.99:34828] with ContainerStateMachine:uninitialized
2019-09-20 14:24:14,202 [pool-115-thread-1] INFO  server.RaftServerConfigKeys (ConfUtils.java:logGet(43)) - raft.server.rpc.timeout.min = 5s (custom)
2019-09-20 14:24:14,202 [pool-115-thread-1] INFO  server.RaftServerConfigKeys (ConfUtils.java:logGet(43)) - raft.server.rpc.timeout.max = 5200ms (custom)
2019-09-20 14:24:14,202 [pool-115-thread-1] INFO  server.RaftServerConfigKeys (ConfUtils.java:logGet(43)) - raft.server.rpcslowness.timeout = 120s (custom)
2019-09-20 14:24:14,202 [pool-115-thread-1] INFO  server.RaftServerConfigKeys (ConfUtils.java:logGet(43)) - raft.server.sleep.deviation.threshold = 300 (default)
2019-09-20 14:24:14,203 [pool-115-thread-1] INFO  server.RaftServerConfigKeys (ConfUtils.java:logGet(43)) - raft.server.log.appender.install.snapshot.enabled = false (custom)
2019-09-20 14:24:14,203 [pool-115-thread-1] INFO  impl.RaftServerImpl (ServerState.java:<init>(105)) - fc92467e-4cd7-4ea6-9bfc-11250c30c0f6:group-7B5430389312 ConfigurationManager, init=-1: [fc92467e-4cd7-4ea6-9bfc-11250c30c0f6:192.168.36.99:34828], old=null, confs=<EMPTY_MAP>
2019-09-20 14:24:14,203 [pool-115-thread-1] INFO  server.RaftServerConfigKeys (ConfUtils.java:logGet(43)) - raft.server.storage.dir = [/workdir/hadoop-ozone/ozonefs/target/test-dir/MiniOzoneClusterImpl-72e1902e-de17-4929-8ada-cc6049662493/datanode-8/data/ratis] (custom)
2019-09-20 14:24:14,203 [pool-115-thread-1] INFO  storage.RaftStorageDirectory (RaftStorageDirectory.java:analyzeStorage(246)) - The storage directory /workdir/hadoop-ozone/ozonefs/target/test-dir/MiniOzoneClusterImpl-72e1902e-de17-4929-8ada-cc6049662493/datanode-8/data/ratis/6e0f74f1-6ba2-4650-91e3-7b5430389312 does not exist. Creating ...
2019-09-20 14:24:14,232 | INFO  | SCMAudit | user=jenkins1000 | ip=192.168.36.99 | op=SEND_HEARTBEAT {datanodeUUID=7c330693-1e2f-4265-ad51-f8ae66fac775, command=[]} | ret=SUCCESS |  
2019-09-20 14:24:14,245 [Thread-293] INFO  impl.FollowerState (FollowerState.java:run(106)) - 7c330693-1e2f-4265-ad51-f8ae66fac775:group-684CDF9BB826 changes to CANDIDATE, lastRpcTime:5027, electionTimeout:5027ms
2019-09-20 14:24:14,246 [Thread-293] INFO  impl.RoleInfo (RoleInfo.java:shutdownFollowerState(121)) - 7c330693-1e2f-4265-ad51-f8ae66fac775: shutdown FollowerState
2019-09-20 14:24:14,246 [Thread-293] INFO  impl.RaftServerImpl (RaftServerImpl.java:setRole(171)) - 7c330693-1e2f-4265-ad51-f8ae66fac775:group-684CDF9BB826 changes role from FOLLOWER to CANDIDATE at term 0 for changeToCandidate
2019-09-20 14:24:14,246 [Thread-293] INFO  impl.RoleInfo (RoleInfo.java:updateAndGet(143)) - 7c330693-1e2f-4265-ad51-f8ae66fac775: start LeaderElection
2019-09-20 14:24:14,268 [pool-115-thread-1] INFO  storage.RaftStorageDirectory (RaftStorageDirectory.java:tryLock(328)) - Lock on /workdir/hadoop-ozone/ozonefs/target/test-dir/MiniOzoneClusterImpl-72e1902e-de17-4929-8ada-cc6049662493/datanode-8/data/ratis/6e0f74f1-6ba2-4650-91e3-7b5430389312/in_use.lock acquired by nodename 20069@pr-hdds-1569-p5fx8-1226042367
2019-09-20 14:24:14,294 [pool-115-thread-1] INFO  storage.RaftStorage (RaftStorage.java:format(72)) - Storage directory /workdir/hadoop-ozone/ozonefs/target/test-dir/MiniOzoneClusterImpl-72e1902e-de17-4929-8ada-cc6049662493/datanode-8/data/ratis/6e0f74f1-6ba2-4650-91e3-7b5430389312 has been successfully formatted.
2019-09-20 14:24:14,294 [7c330693-1e2f-4265-ad51-f8ae66fac775:group-684CDF9BB826:LeaderElection3] INFO  impl.LeaderElection (LeaderElection.java:askForVotes(181)) - 7c330693-1e2f-4265-ad51-f8ae66fac775:group-684CDF9BB826:LeaderElection3: begin an election at term 1 for -1: [7c330693-1e2f-4265-ad51-f8ae66fac775:192.168.36.99:39028], old=null
2019-09-20 14:24:14,294 [7c330693-1e2f-4265-ad51-f8ae66fac775:group-684CDF9BB826:LeaderElection3] INFO  impl.RoleInfo (RoleInfo.java:shutdownLeaderElection(134)) - 7c330693-1e2f-4265-ad51-f8ae66fac775: shutdown LeaderElection
2019-09-20 14:24:14,294 [pool-115-thread-1] INFO  ratis.ContainerStateMachine (ContainerStateMachine.java:loadSnapshot(226)) - group-7B5430389312: The snapshot info is null. Setting the last applied indexto:(t:0, i:~)
2019-09-20 14:24:14,294 [7c330693-1e2f-4265-ad51-f8ae66fac775:group-684CDF9BB826:LeaderElection3] INFO  impl.RaftServerImpl (RaftServerImpl.java:setRole(171)) - 7c330693-1e2f-4265-ad51-f8ae66fac775:group-684CDF9BB826 changes role from CANDIDATE to LEADER at term 1 for changeToLeader
2019-09-20 14:24:14,295 [pool-115-thread-1] INFO  server.RaftServerConfigKeys (ConfUtils.java:logGet(43)) - raft.server.leader.election.timeout = 120s (custom)
2019-09-20 14:24:14,295 [7c330693-1e2f-4265-ad51-f8ae66fac775:group-684CDF9BB826:LeaderElection3] INFO  impl.RaftServerImpl (ServerState.java:setLeader(263)) - 7c330693-1e2f-4265-ad51-f8ae66fac775:group-684CDF9BB826 change Leader from null to 7c330693-1e2f-4265-ad51-f8ae66fac775 at term 1 for becomeLeader, leader elected after 5079ms
2019-09-20 14:24:14,295 [pool-115-thread-1] INFO  server.RaftServerConfigKeys (ConfUtils.java:logGet(43)) - raft.server.log.use.memory = false (default)
2019-09-20 14:24:14,295 [7c330693-1e2f-4265-ad51-f8ae66fac775:group-684CDF9BB826:LeaderElection3] INFO  server.RaftServerConfigKeys (ConfUtils.java:logGet(43)) - raft.server.staging.catchup.gap = 1000 (default)
2019-09-20 14:24:14,295 [pool-115-thread-1] INFO  server.RaftServerConfigKeys (ConfUtils.java:logGet(43)) - raft.server.log.purge.gap = 1000000 (custom)
2019-09-20 14:24:14,295 [7c330693-1e2f-4265-ad51-f8ae66fac775:group-684CDF9BB826:LeaderElection3] INFO  server.RaftServerConfigKeys (ConfUtils.java:logGet(43)) - raft.server.rpc.sleep.time = 25ms (default)
2019-09-20 14:24:14,295 [pool-115-thread-1] INFO  server.RaftServerConfigKeys (ConfUtils.java:logGet(43)) - raft.server.log.appender.buffer.byte-limit = 33554432 (custom)
2019-09-20 14:24:14,296 [7c330693-1e2f-4265-ad51-f8ae66fac775:group-684CDF9BB826:LeaderElection3] INFO  server.RaftServerConfigKeys (ConfUtils.java:logGet(43)) - raft.server.write.element-limit = 4096 (default)
2019-09-20 14:24:14,296 [pool-115-thread-1] INFO  server.RaftServerConfigKeys (ConfUtils.java:logGet(43)) - raft.server.log.segment.size.max = 1048576 (custom)
2019-09-20 14:24:14,296 [7c330693-1e2f-4265-ad51-f8ae66fac775:group-684CDF9BB826:LeaderElection3] INFO  server.RaftServerConfigKeys (ConfUtils.java:logGet(43)) - raft.server.watch.timeout = 10s (default)
2019-09-20 14:24:14,296 [pool-115-thread-1] INFO  server.RaftServerConfigKeys (ConfUtils.java:logGet(43)) - raft.server.log.segment.cache.num.max = 2 (custom)
2019-09-20 14:24:14,296 [7c330693-1e2f-4265-ad51-f8ae66fac775:group-684CDF9BB826:LeaderElection3] INFO  server.RaftServerConfigKeys (ConfUtils.java:logGet(43)) - raft.server.watch.timeout.denomination = 1s (default)
2019-09-20 14:24:14,296 [pool-115-thread-1] INFO  segmented.SegmentedRaftLogWorker (SegmentedRaftLogWorker.java:<init>(172)) - new fc92467e-4cd7-4ea6-9bfc-11250c30c0f6-SegmentedRaftLogWorker:Storage Directory /workdir/hadoop-ozone/ozonefs/target/test-dir/MiniOzoneClusterImpl-72e1902e-de17-4929-8ada-cc6049662493/datanode-8/data/ratis/6e0f74f1-6ba2-4650-91e3-7b5430389312 for RaftStorage:Storage Directory /workdir/hadoop-ozone/ozonefs/target/test-dir/MiniOzoneClusterImpl-72e1902e-de17-4929-8ada-cc6049662493/datanode-8/data/ratis/6e0f74f1-6ba2-4650-91e3-7b5430389312
2019-09-20 14:24:14,296 [7c330693-1e2f-4265-ad51-f8ae66fac775:group-684CDF9BB826:LeaderElection3] INFO  server.RaftServerConfigKeys (ConfUtils.java:logGet(43)) - raft.server.watch.element-limit = 65536 (default)
2019-09-20 14:24:14,296 [pool-115-thread-1] INFO  server.RaftServerConfigKeys (ConfUtils.java:logGet(43)) - raft.server.log.queue.byte-limit = 2147483647 (custom)
2019-09-20 14:24:14,297 [pool-115-thread-1] INFO  server.RaftServerConfigKeys (ConfUtils.java:logGet(43)) - raft.server.log.queue.element-limit = 1024 (custom)
2019-09-20 14:24:14,297 [7c330693-1e2f-4265-ad51-f8ae66fac775:group-684CDF9BB826:LeaderElection3] INFO  impl.RoleInfo (RoleInfo.java:updateAndGet(143)) - 7c330693-1e2f-4265-ad51-f8ae66fac775: start LeaderState
2019-09-20 14:24:14,297 [pool-115-thread-1] INFO  server.RaftServerConfigKeys (ConfUtils.java:logGet(43)) - raft.server.log.segment.size.max = 1048576 (custom)
2019-09-20 14:24:14,297 [pool-115-thread-1] INFO  server.RaftServerConfigKeys (ConfUtils.java:logGet(43)) - raft.server.log.preallocated.size = 16384 (custom)
2019-09-20 14:24:14,297 [7c330693-1e2f-4265-ad51-f8ae66fac775:group-684CDF9BB826:LeaderElection3] INFO  segmented.SegmentedRaftLogWorker (SegmentedRaftLogWorker.java:startLogSegment(380)) - 7c330693-1e2f-4265-ad51-f8ae66fac775-SegmentedRaftLogWorker:Storage Directory /workdir/hadoop-ozone/ozonefs/target/test-dir/MiniOzoneClusterImpl-72e1902e-de17-4929-8ada-cc6049662493/datanode-0/data/ratis/4ce34f1c-8ccc-437e-9cc1-684cdf9bb826: Starting segment from index:0
2019-09-20 14:24:14,297 [pool-115-thread-1] INFO  server.RaftServerConfigKeys (ConfUtils.java:logGet(43)) - raft.server.log.write.buffer.size = 33554432 (custom)
2019-09-20 14:24:14,298 [pool-115-thread-1] INFO  server.RaftServerConfigKeys (ConfUtils.java:logGet(43)) - raft.server.log.force.sync.num = 128 (default)
2019-09-20 14:24:14,298 [Thread-290] INFO  impl.FollowerState (FollowerState.java:run(106)) - c0a66530-d43a-4ae5-bdbb-2b9936068aaa:group-D05775D47748 changes to CANDIDATE, lastRpcTime:5180, electionTimeout:5179ms
2019-09-20 14:24:14,298 [pool-115-thread-1] INFO  server.RaftServerConfigKeys (ConfUtils.java:logGet(43)) - raft.server.log.statemachine.data.sync = true (default)
2019-09-20 14:24:14,298 [7c330693-1e2f-4265-ad51-f8ae66fac775:group-684CDF9BB826:LeaderElection3] INFO  impl.RaftServerImpl (ServerState.java:setRaftConf(361)) - 7c330693-1e2f-4265-ad51-f8ae66fac775:group-684CDF9BB826 set configuration 0: [7c330693-1e2f-4265-ad51-f8ae66fac775:192.168.36.99:39028], old=null at 0
2019-09-20 14:24:14,298 [Thread-290] INFO  impl.RoleInfo (RoleInfo.java:shutdownFollowerState(121)) - c0a66530-d43a-4ae5-bdbb-2b9936068aaa: shutdown FollowerState
2019-09-20 14:24:14,298 [pool-115-thread-1] INFO  server.RaftServerConfigKeys (ConfUtils.java:logGet(43)) - raft.server.log.statemachine.data.sync.timeout = 10s (default)
2019-09-20 14:24:14,301 [Thread-290] INFO  impl.RaftServerImpl (RaftServerImpl.java:setRole(171)) - c0a66530-d43a-4ae5-bdbb-2b9936068aaa:group-D05775D47748 changes role from FOLLOWER to CANDIDATE at term 0 for changeToCandidate
2019-09-20 14:24:14,302 [pool-115-thread-1] INFO  server.RaftServerConfigKeys (ConfUtils.java:logGet(43)) - raft.server.log.statemachine.data.sync.timeout.retry = -1 (default)
2019-09-20 14:24:14,302 [Thread-290] INFO  impl.RoleInfo (RoleInfo.java:updateAndGet(143)) - c0a66530-d43a-4ae5-bdbb-2b9936068aaa: start LeaderElection
2019-09-20 14:24:14,302 [pool-115-thread-1] INFO  server.RaftServerConfigKeys (ConfUtils.java:logGet(43)) - raft.server.log.statemachine.data.caching.enabled = true (custom)
2019-09-20 14:24:14,310 [pool-115-thread-1] INFO  segmented.SegmentedRaftLogWorker (SegmentedRaftLogWorker.java:lambda$new$0(132)) - fc92467e-4cd7-4ea6-9bfc-11250c30c0f6-SegmentedRaftLogWorker:Storage Directory /workdir/hadoop-ozone/ozonefs/target/test-dir/MiniOzoneClusterImpl-72e1902e-de17-4929-8ada-cc6049662493/datanode-8/data/ratis/6e0f74f1-6ba2-4650-91e3-7b5430389312: flushIndex: setUnconditionally 0 -> -1
2019-09-20 14:24:14,310 [pool-115-thread-1] INFO  server.RaftServerConfigKeys (ConfUtils.java:logGet(43)) - raft.server.snapshot.auto.trigger.enabled = true (custom)
2019-09-20 14:24:14,310 [pool-115-thread-1] INFO  server.RaftServerConfigKeys (ConfUtils.java:logGet(43)) - raft.server.snapshot.auto.trigger.threshold = 10000 (custom)
2019-09-20 14:24:14,311 [pool-115-thread-1] INFO  server.RaftServerConfigKeys (ConfUtils.java:logGet(43)) - raft.server.retrycache.expirytime = 600000ms (custom)
2019-09-20 14:24:14,311 [pool-115-thread-1] INFO  impl.RaftServerImpl (RaftServerImpl.java:start(180)) - fc92467e-4cd7-4ea6-9bfc-11250c30c0f6: start group-7B5430389312
2019-09-20 14:24:14,311 [pool-115-thread-1] INFO  impl.RaftServerImpl (RaftServerImpl.java:setRole(171)) - fc92467e-4cd7-4ea6-9bfc-11250c30c0f6:group-7B5430389312 changes role from null to FOLLOWER at term 0 for startAsFollower
2019-09-20 14:24:14,311 [pool-115-thread-1] INFO  impl.RoleInfo (RoleInfo.java:updateAndGet(143)) - fc92467e-4cd7-4ea6-9bfc-11250c30c0f6: start FollowerState
2019-09-20 14:24:14,312 [pool-115-thread-1] INFO  util.JmxRegister (JmxRegister.java:tryRegister(44)) - Successfully registered JMX Bean with object name Ratis:service=RaftServer,group=group-7B5430389312,id=fc92467e-4cd7-4ea6-9bfc-11250c30c0f6
2019-09-20 14:24:14,315 [RatisPipelineUtilsThread] INFO  pipeline.PipelineStateManager (PipelineStateManager.java:addPipeline(56)) - Created pipeline Pipeline[ Id: 6e0f74f1-6ba2-4650-91e3-7b5430389312, Nodes: fc92467e-4cd7-4ea6-9bfc-11250c30c0f6{ip: 192.168.36.99, host: pr-hdds-1569-p5fx8-1226042367, networkLocation: /default-rack, certSerialId: null}, Type:RATIS, Factor:ONE, State:OPEN]
2019-09-20 14:24:14,315 [RatisPipelineUtilsThread] INFO  pipeline.PipelinePlacementPolicy (PipelinePlacementPolicy.java:meetCriteria(91)) - Pipeline Placement: Doesn't meet the criteria to be viable node： 9101a5c2-dfb1-4c31-830b-4c77eb758348 Heaviness: 6 limit: 5
2019-09-20 14:24:14,315 [RatisPipelineUtilsThread] INFO  pipeline.PipelinePlacementPolicy (PipelinePlacementPolicy.java:meetCriteria(91)) - Pipeline Placement: Doesn't meet the criteria to be viable node： e0033df1-dced-4562-b4c4-a94a3cb6c131 Heaviness: 6 limit: 5
2019-09-20 14:24:14,315 [RatisPipelineUtilsThread] INFO  pipeline.PipelinePlacementPolicy (PipelinePlacementPolicy.java:meetCriteria(91)) - Pipeline Placement: Doesn't meet the criteria to be viable node： c0a66530-d43a-4ae5-bdbb-2b9936068aaa Heaviness: 6 limit: 5
2019-09-20 14:24:14,315 [RatisPipelineUtilsThread] INFO  pipeline.PipelinePlacementPolicy (PipelinePlacementPolicy.java:meetCriteria(91)) - Pipeline Placement: Doesn't meet the criteria to be viable node： 93651a45-ffa4-4bae-ae49-6429ae7182bc Heaviness: 6 limit: 5
2019-09-20 14:24:14,315 [RatisPipelineUtilsThread] INFO  pipeline.PipelinePlacementPolicy (PipelinePlacementPolicy.java:meetCriteria(91)) - Pipeline Placement: Doesn't meet the criteria to be viable node： 926b0f41-0722-49ff-a592-68b703f22f49 Heaviness: 6 limit: 5
2019-09-20 14:24:14,316 [RatisPipelineUtilsThread] INFO  pipeline.PipelinePlacementPolicy (PipelinePlacementPolicy.java:meetCriteria(91)) - Pipeline Placement: Doesn't meet the criteria to be viable node： 4b9e2e33-9606-42c4-a38b-d8e2568a9ed5 Heaviness: 6 limit: 5
2019-09-20 14:24:14,316 [RatisPipelineUtilsThread] INFO  pipeline.PipelinePlacementPolicy (PipelinePlacementPolicy.java:meetCriteria(91)) - Pipeline Placement: Doesn't meet the criteria to be viable node： 7c330693-1e2f-4265-ad51-f8ae66fac775 Heaviness: 6 limit: 5
2019-09-20 14:24:14,316 [RatisPipelineUtilsThread] INFO  pipeline.PipelinePlacementPolicy (PipelinePlacementPolicy.java:meetCriteria(91)) - Pipeline Placement: Doesn't meet the criteria to be viable node： f44a1c99-f9ac-4ca4-85ec-e98b84e0ebc2 Heaviness: 6 limit: 5
2019-09-20 14:24:14,321 [grpc-default-executor-0] INFO  impl.RaftServerProxy (RaftServerProxy.java:addNew(89)) - fc92467e-4cd7-4ea6-9bfc-11250c30c0f6: addNew group-9FDFCC08B083:[fc92467e-4cd7-4ea6-9bfc-11250c30c0f6:192.168.36.99:34828] returns group-9FDFCC08B083:java.util.concurrent.CompletableFuture@51310654[Not completed]
2019-09-20 14:24:14,323 [pool-115-thread-1] INFO  impl.RaftServerImpl (RaftServerImpl.java:<init>(93)) - fc92467e-4cd7-4ea6-9bfc-11250c30c0f6: new RaftServerImpl for group-9FDFCC08B083:[fc92467e-4cd7-4ea6-9bfc-11250c30c0f6:192.168.36.99:34828] with ContainerStateMachine:uninitialized
2019-09-20 14:24:14,323 [pool-115-thread-1] INFO  server.RaftServerConfigKeys (ConfUtils.java:logGet(43)) - raft.server.rpc.timeout.min = 5s (custom)
2019-09-20 14:24:14,323 [pool-115-thread-1] INFO  server.RaftServerConfigKeys (ConfUtils.java:logGet(43)) - raft.server.rpc.timeout.max = 5200ms (custom)
2019-09-20 14:24:14,323 [pool-115-thread-1] INFO  server.RaftServerConfigKeys (ConfUtils.java:logGet(43)) - raft.server.rpcslowness.timeout = 120s (custom)
2019-09-20 14:24:14,324 [pool-115-thread-1] INFO  server.RaftServerConfigKeys (ConfUtils.java:logGet(43)) - raft.server.sleep.deviation.threshold = 300 (default)
2019-09-20 14:24:14,324 [pool-115-thread-1] INFO  server.RaftServerConfigKeys (ConfUtils.java:logGet(43)) - raft.server.log.appender.install.snapshot.enabled = false (custom)
2019-09-20 14:24:14,324 [pool-115-thread-1] INFO  impl.RaftServerImpl (ServerState.java:<init>(105)) - fc92467e-4cd7-4ea6-9bfc-11250c30c0f6:group-9FDFCC08B083 ConfigurationManager, init=-1: [fc92467e-4cd7-4ea6-9bfc-11250c30c0f6:192.168.36.99:34828], old=null, confs=<EMPTY_MAP>
2019-09-20 14:24:14,324 [pool-115-thread-1] INFO  server.RaftServerConfigKeys (ConfUtils.java:logGet(43)) - raft.server.storage.dir = [/workdir/hadoop-ozone/ozonefs/target/test-dir/MiniOzoneClusterImpl-72e1902e-de17-4929-8ada-cc6049662493/datanode-8/data/ratis] (custom)
2019-09-20 14:24:14,324 [pool-115-thread-1] INFO  storage.RaftStorageDirectory (RaftStorageDirectory.java:analyzeStorage(246)) - The storage directory /workdir/hadoop-ozone/ozonefs/target/test-dir/MiniOzoneClusterImpl-72e1902e-de17-4929-8ada-cc6049662493/datanode-8/data/ratis/c17e23a1-cadf-43d2-a8b2-9fdfcc08b083 does not exist. Creating ...
2019-09-20 14:24:14,327 | INFO  | SCMAudit | user=jenkins1000 | ip=192.168.36.99 | op=SEND_HEARTBEAT {datanodeUUID=4b9e2e33-9606-42c4-a38b-d8e2568a9ed5, command=[]} | ret=SUCCESS |  
2019-09-20 14:24:14,336 [c0a66530-d43a-4ae5-bdbb-2b9936068aaa:group-D05775D47748:LeaderElection4] INFO  impl.LeaderElection (LeaderElection.java:askForVotes(181)) - c0a66530-d43a-4ae5-bdbb-2b9936068aaa:group-D05775D47748:LeaderElection4: begin an election at term 1 for -1: [c0a66530-d43a-4ae5-bdbb-2b9936068aaa:192.168.36.99:34723], old=null
2019-09-20 14:24:14,337 [c0a66530-d43a-4ae5-bdbb-2b9936068aaa:group-D05775D47748:LeaderElection4] INFO  impl.RoleInfo (RoleInfo.java:shutdownLeaderElection(134)) - c0a66530-d43a-4ae5-bdbb-2b9936068aaa: shutdown LeaderElection
2019-09-20 14:24:14,337 [c0a66530-d43a-4ae5-bdbb-2b9936068aaa:group-D05775D47748:LeaderElection4] INFO  impl.RaftServerImpl (RaftServerImpl.java:setRole(171)) - c0a66530-d43a-4ae5-bdbb-2b9936068aaa:group-D05775D47748 changes role from CANDIDATE to LEADER at term 1 for changeToLeader
2019-09-20 14:24:14,337 [c0a66530-d43a-4ae5-bdbb-2b9936068aaa:group-D05775D47748:LeaderElection4] INFO  impl.RaftServerImpl (ServerState.java:setLeader(263)) - c0a66530-d43a-4ae5-bdbb-2b9936068aaa:group-D05775D47748 change Leader from null to c0a66530-d43a-4ae5-bdbb-2b9936068aaa at term 1 for becomeLeader, leader elected after 5227ms
2019-09-20 14:24:14,337 [c0a66530-d43a-4ae5-bdbb-2b9936068aaa:group-D05775D47748:LeaderElection4] INFO  server.RaftServerConfigKeys (ConfUtils.java:logGet(43)) - raft.server.staging.catchup.gap = 1000 (default)
2019-09-20 14:24:14,337 [c0a66530-d43a-4ae5-bdbb-2b9936068aaa:group-D05775D47748:LeaderElection4] INFO  server.RaftServerConfigKeys (ConfUtils.java:logGet(43)) - raft.server.rpc.sleep.time = 25ms (default)
2019-09-20 14:24:14,337 [c0a66530-d43a-4ae5-bdbb-2b9936068aaa:group-D05775D47748:LeaderElection4] INFO  server.RaftServerConfigKeys (ConfUtils.java:logGet(43)) - raft.server.write.element-limit = 4096 (default)
2019-09-20 14:24:14,338 [c0a66530-d43a-4ae5-bdbb-2b9936068aaa:group-D05775D47748:LeaderElection4] INFO  server.RaftServerConfigKeys (ConfUtils.java:logGet(43)) - raft.server.watch.timeout = 10s (default)
2019-09-20 14:24:14,338 [c0a66530-d43a-4ae5-bdbb-2b9936068aaa:group-D05775D47748:LeaderElection4] INFO  server.RaftServerConfigKeys (ConfUtils.java:logGet(43)) - raft.server.watch.timeout.denomination = 1s (default)
2019-09-20 14:24:14,338 [c0a66530-d43a-4ae5-bdbb-2b9936068aaa:group-D05775D47748:LeaderElection4] INFO  server.RaftServerConfigKeys (ConfUtils.java:logGet(43)) - raft.server.watch.element-limit = 65536 (default)
2019-09-20 14:24:14,338 [c0a66530-d43a-4ae5-bdbb-2b9936068aaa:group-D05775D47748:LeaderElection4] INFO  impl.RoleInfo (RoleInfo.java:updateAndGet(143)) - c0a66530-d43a-4ae5-bdbb-2b9936068aaa: start LeaderState
2019-09-20 14:24:14,339 [c0a66530-d43a-4ae5-bdbb-2b9936068aaa:group-D05775D47748:LeaderElection4] INFO  segmented.SegmentedRaftLogWorker (SegmentedRaftLogWorker.java:startLogSegment(380)) - c0a66530-d43a-4ae5-bdbb-2b9936068aaa-SegmentedRaftLogWorker:Storage Directory /workdir/hadoop-ozone/ozonefs/target/test-dir/MiniOzoneClusterImpl-72e1902e-de17-4929-8ada-cc6049662493/datanode-1/data/ratis/ab1be86c-913a-40bb-8442-d05775d47748: Starting segment from index:0
2019-09-20 14:24:14,339 [c0a66530-d43a-4ae5-bdbb-2b9936068aaa:group-D05775D47748:LeaderElection4] INFO  impl.RaftServerImpl (ServerState.java:setRaftConf(361)) - c0a66530-d43a-4ae5-bdbb-2b9936068aaa:group-D05775D47748 set configuration 0: [c0a66530-d43a-4ae5-bdbb-2b9936068aaa:192.168.36.99:34723], old=null at 0
2019-09-20 14:24:14,377 [pool-115-thread-1] INFO  storage.RaftStorageDirectory (RaftStorageDirectory.java:tryLock(328)) - Lock on /workdir/hadoop-ozone/ozonefs/target/test-dir/MiniOzoneClusterImpl-72e1902e-de17-4929-8ada-cc6049662493/datanode-8/data/ratis/c17e23a1-cadf-43d2-a8b2-9fdfcc08b083/in_use.lock acquired by nodename 20069@pr-hdds-1569-p5fx8-1226042367
2019-09-20 14:24:14,377 [Thread-296] INFO  impl.FollowerState (FollowerState.java:run(106)) - c0a66530-d43a-4ae5-bdbb-2b9936068aaa:group-D28F79B47F5F changes to CANDIDATE, lastRpcTime:5042, electionTimeout:5019ms
2019-09-20 14:24:14,378 [Thread-296] INFO  impl.RoleInfo (RoleInfo.java:shutdownFollowerState(121)) - c0a66530-d43a-4ae5-bdbb-2b9936068aaa: shutdown FollowerState
2019-09-20 14:24:14,378 [Thread-296] INFO  impl.RaftServerImpl (RaftServerImpl.java:setRole(171)) - c0a66530-d43a-4ae5-bdbb-2b9936068aaa:group-D28F79B47F5F changes role from FOLLOWER to CANDIDATE at term 0 for changeToCandidate
2019-09-20 14:24:14,378 [Thread-296] INFO  impl.RoleInfo (RoleInfo.java:updateAndGet(143)) - c0a66530-d43a-4ae5-bdbb-2b9936068aaa: start LeaderElection
2019-09-20 14:24:14,388 | INFO  | SCMAudit | user=jenkins1000 | ip=192.168.36.99 | op=SEND_HEARTBEAT {datanodeUUID=93651a45-ffa4-4bae-ae49-6429ae7182bc, command=[]} | ret=SUCCESS |  
2019-09-20 14:24:14,389 | INFO  | SCMAudit | user=jenkins1000 | ip=192.168.36.99 | op=SEND_HEARTBEAT {datanodeUUID=fc92467e-4cd7-4ea6-9bfc-11250c30c0f6, command=[]} | ret=SUCCESS |  
2019-09-20 14:24:14,421 [pool-115-thread-1] INFO  storage.RaftStorage (RaftStorage.java:format(72)) - Storage directory /workdir/hadoop-ozone/ozonefs/target/test-dir/MiniOzoneClusterImpl-72e1902e-de17-4929-8ada-cc6049662493/datanode-8/data/ratis/c17e23a1-cadf-43d2-a8b2-9fdfcc08b083 has been successfully formatted.
2019-09-20 14:24:14,421 [c0a66530-d43a-4ae5-bdbb-2b9936068aaa-SegmentedRaftLogWorker:Storage Directory /workdir/hadoop-ozone/ozonefs/target/test-dir/MiniOzoneClusterImpl-72e1902e-de17-4929-8ada-cc6049662493/datanode-1/data/ratis/ab1be86c-913a-40bb-8442-d05775d47748] INFO  segmented.SegmentedRaftLogWorker (SegmentedRaftLogWorker.java:execute(569)) - c0a66530-d43a-4ae5-bdbb-2b9936068aaa-SegmentedRaftLogWorker:Storage Directory /workdir/hadoop-ozone/ozonefs/target/test-dir/MiniOzoneClusterImpl-72e1902e-de17-4929-8ada-cc6049662493/datanode-1/data/ratis/ab1be86c-913a-40bb-8442-d05775d47748: created new log segment /workdir/hadoop-ozone/ozonefs/target/test-dir/MiniOzoneClusterImpl-72e1902e-de17-4929-8ada-cc6049662493/datanode-1/data/ratis/ab1be86c-913a-40bb-8442-d05775d47748/current/log_inprogress_0
2019-09-20 14:24:14,421 [c0a66530-d43a-4ae5-bdbb-2b9936068aaa:group-D28F79B47F5F:LeaderElection5] INFO  impl.LeaderElection (LeaderElection.java:askForVotes(181)) - c0a66530-d43a-4ae5-bdbb-2b9936068aaa:group-D28F79B47F5F:LeaderElection5: begin an election at term 1 for -1: [c0a66530-d43a-4ae5-bdbb-2b9936068aaa:192.168.36.99:34723], old=null
2019-09-20 14:24:14,421 [7c330693-1e2f-4265-ad51-f8ae66fac775-SegmentedRaftLogWorker:Storage Directory /workdir/hadoop-ozone/ozonefs/target/test-dir/MiniOzoneClusterImpl-72e1902e-de17-4929-8ada-cc6049662493/datanode-0/data/ratis/4ce34f1c-8ccc-437e-9cc1-684cdf9bb826] INFO  segmented.SegmentedRaftLogWorker (SegmentedRaftLogWorker.java:execute(569)) - 7c330693-1e2f-4265-ad51-f8ae66fac775-SegmentedRaftLogWorker:Storage Directory /workdir/hadoop-ozone/ozonefs/target/test-dir/MiniOzoneClusterImpl-72e1902e-de17-4929-8ada-cc6049662493/datanode-0/data/ratis/4ce34f1c-8ccc-437e-9cc1-684cdf9bb826: created new log segment /workdir/hadoop-ozone/ozonefs/target/test-dir/MiniOzoneClusterImpl-72e1902e-de17-4929-8ada-cc6049662493/datanode-0/data/ratis/4ce34f1c-8ccc-437e-9cc1-684cdf9bb826/current/log_inprogress_0
2019-09-20 14:24:14,421 [7c330693-1e2f-4265-ad51-f8ae66fac775-SegmentedRaftLogWorker:Storage Directory /workdir/hadoop-ozone/ozonefs/target/test-dir/MiniOzoneClusterImpl-72e1902e-de17-4929-8ada-cc6049662493/datanode-0/data/ratis/e6a82738-5411-4970-af4e-c5415aa91c23] INFO  segmented.SegmentedRaftLogWorker (SegmentedRaftLogWorker.java:execute(569)) - 7c330693-1e2f-4265-ad51-f8ae66fac775-SegmentedRaftLogWorker:Storage Directory /workdir/hadoop-ozone/ozonefs/target/test-dir/MiniOzoneClusterImpl-72e1902e-de17-4929-8ada-cc6049662493/datanode-0/data/ratis/e6a82738-5411-4970-af4e-c5415aa91c23: created new log segment /workdir/hadoop-ozone/ozonefs/target/test-dir/MiniOzoneClusterImpl-72e1902e-de17-4929-8ada-cc6049662493/datanode-0/data/ratis/e6a82738-5411-4970-af4e-c5415aa91c23/current/log_inprogress_0
2019-09-20 14:24:14,421 [7c330693-1e2f-4265-ad51-f8ae66fac775-SegmentedRaftLogWorker:Storage Directory /workdir/hadoop-ozone/ozonefs/target/test-dir/MiniOzoneClusterImpl-72e1902e-de17-4929-8ada-cc6049662493/datanode-0/data/ratis/c19af01e-2dad-4a04-87c1-47366928255c] INFO  segmented.SegmentedRaftLogWorker (SegmentedRaftLogWorker.java:execute(569)) - 7c330693-1e2f-4265-ad51-f8ae66fac775-SegmentedRaftLogWorker:Storage Directory /workdir/hadoop-ozone/ozonefs/target/test-dir/MiniOzoneClusterImpl-72e1902e-de17-4929-8ada-cc6049662493/datanode-0/data/ratis/c19af01e-2dad-4a04-87c1-47366928255c: created new log segment /workdir/hadoop-ozone/ozonefs/target/test-dir/MiniOzoneClusterImpl-72e1902e-de17-4929-8ada-cc6049662493/datanode-0/data/ratis/c19af01e-2dad-4a04-87c1-47366928255c/current/log_inprogress_0
2019-09-20 14:24:14,421 [c0a66530-d43a-4ae5-bdbb-2b9936068aaa:group-D28F79B47F5F:LeaderElection5] INFO  impl.RoleInfo (RoleInfo.java:shutdownLeaderElection(134)) - c0a66530-d43a-4ae5-bdbb-2b9936068aaa: shutdown LeaderElection
2019-09-20 14:24:14,421 [pool-115-thread-1] INFO  ratis.ContainerStateMachine (ContainerStateMachine.java:loadSnapshot(226)) - group-9FDFCC08B083: The snapshot info is null. Setting the last applied indexto:(t:0, i:~)
2019-09-20 14:24:14,422 [c0a66530-d43a-4ae5-bdbb-2b9936068aaa:group-D28F79B47F5F:LeaderElection5] INFO  impl.RaftServerImpl (RaftServerImpl.java:setRole(171)) - c0a66530-d43a-4ae5-bdbb-2b9936068aaa:group-D28F79B47F5F changes role from CANDIDATE to LEADER at term 1 for changeToLeader
2019-09-20 14:24:14,422 [pool-115-thread-1] INFO  server.RaftServerConfigKeys (ConfUtils.java:logGet(43)) - raft.server.leader.election.timeout = 120s (custom)
2019-09-20 14:24:14,422 [c0a66530-d43a-4ae5-bdbb-2b9936068aaa:group-D28F79B47F5F:LeaderElection5] INFO  impl.RaftServerImpl (ServerState.java:setLeader(263)) - c0a66530-d43a-4ae5-bdbb-2b9936068aaa:group-D28F79B47F5F change Leader from null to c0a66530-d43a-4ae5-bdbb-2b9936068aaa at term 1 for becomeLeader, leader elected after 5092ms
2019-09-20 14:24:14,422 [pool-115-thread-1] INFO  server.RaftServerConfigKeys (ConfUtils.java:logGet(43)) - raft.server.log.use.memory = false (default)
2019-09-20 14:24:14,422 [c0a66530-d43a-4ae5-bdbb-2b9936068aaa:group-D28F79B47F5F:LeaderElection5] INFO  server.RaftServerConfigKeys (ConfUtils.java:logGet(43)) - raft.server.staging.catchup.gap = 1000 (default)
2019-09-20 14:24:14,422 [pool-115-thread-1] INFO  server.RaftServerConfigKeys (ConfUtils.java:logGet(43)) - raft.server.log.purge.gap = 1000000 (custom)
2019-09-20 14:24:14,423 [c0a66530-d43a-4ae5-bdbb-2b9936068aaa:group-D28F79B47F5F:LeaderElection5] INFO  server.RaftServerConfigKeys (ConfUtils.java:logGet(43)) - raft.server.rpc.sleep.time = 25ms (default)
2019-09-20 14:24:14,423 [pool-115-thread-1] INFO  server.RaftServerConfigKeys (ConfUtils.java:logGet(43)) - raft.server.log.appender.buffer.byte-limit = 33554432 (custom)
2019-09-20 14:24:14,423 [c0a66530-d43a-4ae5-bdbb-2b9936068aaa:group-D28F79B47F5F:LeaderElection5] INFO  server.RaftServerConfigKeys (ConfUtils.java:logGet(43)) - raft.server.write.element-limit = 4096 (default)
2019-09-20 14:24:14,423 [pool-115-thread-1] INFO  server.RaftServerConfigKeys (ConfUtils.java:logGet(43)) - raft.server.log.segment.size.max = 1048576 (custom)
2019-09-20 14:24:14,423 [c0a66530-d43a-4ae5-bdbb-2b9936068aaa:group-D28F79B47F5F:LeaderElection5] INFO  server.RaftServerConfigKeys (ConfUtils.java:logGet(43)) - raft.server.watch.timeout = 10s (default)
2019-09-20 14:24:14,423 [pool-115-thread-1] INFO  server.RaftServerConfigKeys (ConfUtils.java:logGet(43)) - raft.server.log.segment.cache.num.max = 2 (custom)
2019-09-20 14:24:14,423 [c0a66530-d43a-4ae5-bdbb-2b9936068aaa:group-D28F79B47F5F:LeaderElection5] INFO  server.RaftServerConfigKeys (ConfUtils.java:logGet(43)) - raft.server.watch.timeout.denomination = 1s (default)
2019-09-20 14:24:14,424 [pool-115-thread-1] INFO  segmented.SegmentedRaftLogWorker (SegmentedRaftLogWorker.java:<init>(172)) - new fc92467e-4cd7-4ea6-9bfc-11250c30c0f6-SegmentedRaftLogWorker:Storage Directory /workdir/hadoop-ozone/ozonefs/target/test-dir/MiniOzoneClusterImpl-72e1902e-de17-4929-8ada-cc6049662493/datanode-8/data/ratis/c17e23a1-cadf-43d2-a8b2-9fdfcc08b083 for RaftStorage:Storage Directory /workdir/hadoop-ozone/ozonefs/target/test-dir/MiniOzoneClusterImpl-72e1902e-de17-4929-8ada-cc6049662493/datanode-8/data/ratis/c17e23a1-cadf-43d2-a8b2-9fdfcc08b083
2019-09-20 14:24:14,424 [c0a66530-d43a-4ae5-bdbb-2b9936068aaa:group-D28F79B47F5F:LeaderElection5] INFO  server.RaftServerConfigKeys (ConfUtils.java:logGet(43)) - raft.server.watch.element-limit = 65536 (default)
2019-09-20 14:24:14,424 [pool-115-thread-1] INFO  server.RaftServerConfigKeys (ConfUtils.java:logGet(43)) - raft.server.log.queue.byte-limit = 2147483647 (custom)
2019-09-20 14:24:14,424 [pool-115-thread-1] INFO  server.RaftServerConfigKeys (ConfUtils.java:logGet(43)) - raft.server.log.queue.element-limit = 1024 (custom)
2019-09-20 14:24:14,424 [pool-115-thread-1] INFO  server.RaftServerConfigKeys (ConfUtils.java:logGet(43)) - raft.server.log.segment.size.max = 1048576 (custom)
2019-09-20 14:24:14,424 [c0a66530-d43a-4ae5-bdbb-2b9936068aaa:group-D28F79B47F5F:LeaderElection5] INFO  impl.RoleInfo (RoleInfo.java:updateAndGet(143)) - c0a66530-d43a-4ae5-bdbb-2b9936068aaa: start LeaderState
2019-09-20 14:24:14,424 [pool-115-thread-1] INFO  server.RaftServerConfigKeys (ConfUtils.java:logGet(43)) - raft.server.log.preallocated.size = 16384 (custom)
2019-09-20 14:24:14,425 [pool-115-thread-1] INFO  server.RaftServerConfigKeys (ConfUtils.java:logGet(43)) - raft.server.log.write.buffer.size = 33554432 (custom)
2019-09-20 14:24:14,425 [c0a66530-d43a-4ae5-bdbb-2b9936068aaa:group-D28F79B47F5F:LeaderElection5] INFO  segmented.SegmentedRaftLogWorker (SegmentedRaftLogWorker.java:startLogSegment(380)) - c0a66530-d43a-4ae5-bdbb-2b9936068aaa-SegmentedRaftLogWorker:Storage Directory /workdir/hadoop-ozone/ozonefs/target/test-dir/MiniOzoneClusterImpl-72e1902e-de17-4929-8ada-cc6049662493/datanode-1/data/ratis/6fd2e598-cc62-49db-b280-d28f79b47f5f: Starting segment from index:0
2019-09-20 14:24:14,425 [pool-115-thread-1] INFO  server.RaftServerConfigKeys (ConfUtils.java:logGet(43)) - raft.server.log.force.sync.num = 128 (default)
2019-09-20 14:24:14,425 [pool-115-thread-1] INFO  server.RaftServerConfigKeys (ConfUtils.java:logGet(43)) - raft.server.log.statemachine.data.sync = true (default)
2019-09-20 14:24:14,425 [pool-115-thread-1] INFO  server.RaftServerConfigKeys (ConfUtils.java:logGet(43)) - raft.server.log.statemachine.data.sync.timeout = 10s (default)
2019-09-20 14:24:14,425 [pool-115-thread-1] INFO  server.RaftServerConfigKeys (ConfUtils.java:logGet(43)) - raft.server.log.statemachine.data.sync.timeout.retry = -1 (default)
2019-09-20 14:24:14,425 [c0a66530-d43a-4ae5-bdbb-2b9936068aaa:group-D28F79B47F5F:LeaderElection5] INFO  impl.RaftServerImpl (ServerState.java:setRaftConf(361)) - c0a66530-d43a-4ae5-bdbb-2b9936068aaa:group-D28F79B47F5F set configuration 0: [c0a66530-d43a-4ae5-bdbb-2b9936068aaa:192.168.36.99:34723], old=null at 0
2019-09-20 14:24:14,425 [pool-115-thread-1] INFO  server.RaftServerConfigKeys (ConfUtils.java:logGet(43)) - raft.server.log.statemachine.data.caching.enabled = true (custom)
2019-09-20 14:24:14,460 [pool-115-thread-1] INFO  segmented.SegmentedRaftLogWorker (SegmentedRaftLogWorker.java:lambda$new$0(132)) - fc92467e-4cd7-4ea6-9bfc-11250c30c0f6-SegmentedRaftLogWorker:Storage Directory /workdir/hadoop-ozone/ozonefs/target/test-dir/MiniOzoneClusterImpl-72e1902e-de17-4929-8ada-cc6049662493/datanode-8/data/ratis/c17e23a1-cadf-43d2-a8b2-9fdfcc08b083: flushIndex: setUnconditionally 0 -> -1
2019-09-20 14:24:14,460 [pool-115-thread-1] INFO  server.RaftServerConfigKeys (ConfUtils.java:logGet(43)) - raft.server.snapshot.auto.trigger.enabled = true (custom)
2019-09-20 14:24:14,460 [pool-115-thread-1] INFO  server.RaftServerConfigKeys (ConfUtils.java:logGet(43)) - raft.server.snapshot.auto.trigger.threshold = 10000 (custom)
2019-09-20 14:24:14,460 [pool-115-thread-1] INFO  server.RaftServerConfigKeys (ConfUtils.java:logGet(43)) - raft.server.retrycache.expirytime = 600000ms (custom)
2019-09-20 14:24:14,460 [pool-115-thread-1] INFO  impl.RaftServerImpl (RaftServerImpl.java:start(180)) - fc92467e-4cd7-4ea6-9bfc-11250c30c0f6: start group-9FDFCC08B083
2019-09-20 14:24:14,461 [pool-115-thread-1] INFO  impl.RaftServerImpl (RaftServerImpl.java:setRole(171)) - fc92467e-4cd7-4ea6-9bfc-11250c30c0f6:group-9FDFCC08B083 changes role from null to FOLLOWER at term 0 for startAsFollower
2019-09-20 14:24:14,461 [pool-115-thread-1] INFO  impl.RoleInfo (RoleInfo.java:updateAndGet(143)) - fc92467e-4cd7-4ea6-9bfc-11250c30c0f6: start FollowerState
2019-09-20 14:24:14,461 [pool-115-thread-1] INFO  util.JmxRegister (JmxRegister.java:tryRegister(44)) - Successfully registered JMX Bean with object name Ratis:service=RaftServer,group=group-9FDFCC08B083,id=fc92467e-4cd7-4ea6-9bfc-11250c30c0f6
2019-09-20 14:24:14,464 [RatisPipelineUtilsThread] INFO  pipeline.PipelineStateManager (PipelineStateManager.java:addPipeline(56)) - Created pipeline Pipeline[ Id: c17e23a1-cadf-43d2-a8b2-9fdfcc08b083, Nodes: fc92467e-4cd7-4ea6-9bfc-11250c30c0f6{ip: 192.168.36.99, host: pr-hdds-1569-p5fx8-1226042367, networkLocation: /default-rack, certSerialId: null}, Type:RATIS, Factor:ONE, State:OPEN]
2019-09-20 14:24:14,465 [RatisPipelineUtilsThread] INFO  pipeline.PipelinePlacementPolicy (PipelinePlacementPolicy.java:meetCriteria(91)) - Pipeline Placement: Doesn't meet the criteria to be viable node： 9101a5c2-dfb1-4c31-830b-4c77eb758348 Heaviness: 6 limit: 5
2019-09-20 14:24:14,465 [RatisPipelineUtilsThread] INFO  pipeline.PipelinePlacementPolicy (PipelinePlacementPolicy.java:meetCriteria(91)) - Pipeline Placement: Doesn't meet the criteria to be viable node： fc92467e-4cd7-4ea6-9bfc-11250c30c0f6 Heaviness: 6 limit: 5
2019-09-20 14:24:14,465 [RatisPipelineUtilsThread] INFO  pipeline.PipelinePlacementPolicy (PipelinePlacementPolicy.java:meetCriteria(91)) - Pipeline Placement: Doesn't meet the criteria to be viable node： e0033df1-dced-4562-b4c4-a94a3cb6c131 Heaviness: 6 limit: 5
2019-09-20 14:24:14,465 [RatisPipelineUtilsThread] INFO  pipeline.PipelinePlacementPolicy (PipelinePlacementPolicy.java:meetCriteria(91)) - Pipeline Placement: Doesn't meet the criteria to be viable node： c0a66530-d43a-4ae5-bdbb-2b9936068aaa Heaviness: 6 limit: 5
2019-09-20 14:24:14,466 [RatisPipelineUtilsThread] INFO  pipeline.PipelinePlacementPolicy (PipelinePlacementPolicy.java:meetCriteria(91)) - Pipeline Placement: Doesn't meet the criteria to be viable node： 93651a45-ffa4-4bae-ae49-6429ae7182bc Heaviness: 6 limit: 5
2019-09-20 14:24:14,466 [RatisPipelineUtilsThread] INFO  pipeline.PipelinePlacementPolicy (PipelinePlacementPolicy.java:meetCriteria(91)) - Pipeline Placement: Doesn't meet the criteria to be viable node： 926b0f41-0722-49ff-a592-68b703f22f49 Heaviness: 6 limit: 5
2019-09-20 14:24:14,466 [RatisPipelineUtilsThread] INFO  pipeline.PipelinePlacementPolicy (PipelinePlacementPolicy.java:meetCriteria(91)) - Pipeline Placement: Doesn't meet the criteria to be viable node： 4b9e2e33-9606-42c4-a38b-d8e2568a9ed5 Heaviness: 6 limit: 5
2019-09-20 14:24:14,466 [RatisPipelineUtilsThread] INFO  pipeline.PipelinePlacementPolicy (PipelinePlacementPolicy.java:meetCriteria(91)) - Pipeline Placement: Doesn't meet the criteria to be viable node： 7c330693-1e2f-4265-ad51-f8ae66fac775 Heaviness: 6 limit: 5
2019-09-20 14:24:14,466 [RatisPipelineUtilsThread] INFO  pipeline.PipelinePlacementPolicy (PipelinePlacementPolicy.java:meetCriteria(91)) - Pipeline Placement: Doesn't meet the criteria to be viable node： f44a1c99-f9ac-4ca4-85ec-e98b84e0ebc2 Heaviness: 6 limit: 5
2019-09-20 14:24:14,480 [grpc-default-executor-0] INFO  impl.RaftServerProxy (RaftServerProxy.java:addNew(89)) - ea2f062a-dcfd-4d75-88ac-6c4e2f0364da: addNew group-D37F42FD91ED:[ea2f062a-dcfd-4d75-88ac-6c4e2f0364da:192.168.36.99:35343] returns group-D37F42FD91ED:java.util.concurrent.CompletableFuture@7457fe79[Not completed]
2019-09-20 14:24:14,482 [pool-126-thread-1] INFO  impl.RaftServerImpl (RaftServerImpl.java:<init>(93)) - ea2f062a-dcfd-4d75-88ac-6c4e2f0364da: new RaftServerImpl for group-D37F42FD91ED:[ea2f062a-dcfd-4d75-88ac-6c4e2f0364da:192.168.36.99:35343] with ContainerStateMachine:uninitialized
2019-09-20 14:24:14,482 [pool-126-thread-1] INFO  server.RaftServerConfigKeys (ConfUtils.java:logGet(43)) - raft.server.rpc.timeout.min = 5s (custom)
2019-09-20 14:24:14,482 [pool-126-thread-1] INFO  server.RaftServerConfigKeys (ConfUtils.java:logGet(43)) - raft.server.rpc.timeout.max = 5200ms (custom)
2019-09-20 14:24:14,482 [pool-126-thread-1] INFO  server.RaftServerConfigKeys (ConfUtils.java:logGet(43)) - raft.server.rpcslowness.timeout = 120s (custom)
2019-09-20 14:24:14,482 [pool-126-thread-1] INFO  server.RaftServerConfigKeys (ConfUtils.java:logGet(43)) - raft.server.sleep.deviation.threshold = 300 (default)
2019-09-20 14:24:14,482 [pool-126-thread-1] INFO  server.RaftServerConfigKeys (ConfUtils.java:logGet(43)) - raft.server.log.appender.install.snapshot.enabled = false (custom)
2019-09-20 14:24:14,483 [pool-126-thread-1] INFO  impl.RaftServerImpl (ServerState.java:<init>(105)) - ea2f062a-dcfd-4d75-88ac-6c4e2f0364da:group-D37F42FD91ED ConfigurationManager, init=-1: [ea2f062a-dcfd-4d75-88ac-6c4e2f0364da:192.168.36.99:35343], old=null, confs=<EMPTY_MAP>
2019-09-20 14:24:14,483 [pool-126-thread-1] INFO  server.RaftServerConfigKeys (ConfUtils.java:logGet(43)) - raft.server.storage.dir = [/workdir/hadoop-ozone/ozonefs/target/test-dir/MiniOzoneClusterImpl-72e1902e-de17-4929-8ada-cc6049662493/datanode-9/data/ratis] (custom)
2019-09-20 14:24:14,483 [pool-126-thread-1] INFO  storage.RaftStorageDirectory (RaftStorageDirectory.java:analyzeStorage(246)) - The storage directory /workdir/hadoop-ozone/ozonefs/target/test-dir/MiniOzoneClusterImpl-72e1902e-de17-4929-8ada-cc6049662493/datanode-9/data/ratis/912ecd42-b130-4dcc-9ff1-d37f42fd91ed does not exist. Creating ...
2019-09-20 14:24:14,485 | INFO  | SCMAudit | user=jenkins1000 | ip=192.168.36.99 | op=SEND_HEARTBEAT {datanodeUUID=c0a66530-d43a-4ae5-bdbb-2b9936068aaa, command=[]} | ret=SUCCESS |  
2019-09-20 14:24:14,488 [c0a66530-d43a-4ae5-bdbb-2b9936068aaa-SegmentedRaftLogWorker:Storage Directory /workdir/hadoop-ozone/ozonefs/target/test-dir/MiniOzoneClusterImpl-72e1902e-de17-4929-8ada-cc6049662493/datanode-1/data/ratis/6fd2e598-cc62-49db-b280-d28f79b47f5f] INFO  segmented.SegmentedRaftLogWorker (SegmentedRaftLogWorker.java:execute(569)) - c0a66530-d43a-4ae5-bdbb-2b9936068aaa-SegmentedRaftLogWorker:Storage Directory /workdir/hadoop-ozone/ozonefs/target/test-dir/MiniOzoneClusterImpl-72e1902e-de17-4929-8ada-cc6049662493/datanode-1/data/ratis/6fd2e598-cc62-49db-b280-d28f79b47f5f: created new log segment /workdir/hadoop-ozone/ozonefs/target/test-dir/MiniOzoneClusterImpl-72e1902e-de17-4929-8ada-cc6049662493/datanode-1/data/ratis/6fd2e598-cc62-49db-b280-d28f79b47f5f/current/log_inprogress_0
2019-09-20 14:24:14,547 [pool-126-thread-1] INFO  storage.RaftStorageDirectory (RaftStorageDirectory.java:tryLock(328)) - Lock on /workdir/hadoop-ozone/ozonefs/target/test-dir/MiniOzoneClusterImpl-72e1902e-de17-4929-8ada-cc6049662493/datanode-9/data/ratis/912ecd42-b130-4dcc-9ff1-d37f42fd91ed/in_use.lock acquired by nodename 20069@pr-hdds-1569-p5fx8-1226042367
2019-09-20 14:24:14,581 [pool-126-thread-1] INFO  storage.RaftStorage (RaftStorage.java:format(72)) - Storage directory /workdir/hadoop-ozone/ozonefs/target/test-dir/MiniOzoneClusterImpl-72e1902e-de17-4929-8ada-cc6049662493/datanode-9/data/ratis/912ecd42-b130-4dcc-9ff1-d37f42fd91ed has been successfully formatted.
2019-09-20 14:24:14,582 [pool-126-thread-1] INFO  ratis.ContainerStateMachine (ContainerStateMachine.java:loadSnapshot(226)) - group-D37F42FD91ED: The snapshot info is null. Setting the last applied indexto:(t:0, i:~)
2019-09-20 14:24:14,582 [pool-126-thread-1] INFO  server.RaftServerConfigKeys (ConfUtils.java:logGet(43)) - raft.server.leader.election.timeout = 120s (custom)
2019-09-20 14:24:14,582 [pool-126-thread-1] INFO  server.RaftServerConfigKeys (ConfUtils.java:logGet(43)) - raft.server.log.use.memory = false (default)
2019-09-20 14:24:14,582 [pool-126-thread-1] INFO  server.RaftServerConfigKeys (ConfUtils.java:logGet(43)) - raft.server.log.purge.gap = 1000000 (custom)
2019-09-20 14:24:14,582 [pool-126-thread-1] INFO  server.RaftServerConfigKeys (ConfUtils.java:logGet(43)) - raft.server.log.appender.buffer.byte-limit = 33554432 (custom)
2019-09-20 14:24:14,583 [pool-126-thread-1] INFO  server.RaftServerConfigKeys (ConfUtils.java:logGet(43)) - raft.server.log.segment.size.max = 1048576 (custom)
2019-09-20 14:24:14,583 [pool-126-thread-1] INFO  server.RaftServerConfigKeys (ConfUtils.java:logGet(43)) - raft.server.log.segment.cache.num.max = 2 (custom)
2019-09-20 14:24:14,583 [pool-126-thread-1] INFO  segmented.SegmentedRaftLogWorker (SegmentedRaftLogWorker.java:<init>(172)) - new ea2f062a-dcfd-4d75-88ac-6c4e2f0364da-SegmentedRaftLogWorker:Storage Directory /workdir/hadoop-ozone/ozonefs/target/test-dir/MiniOzoneClusterImpl-72e1902e-de17-4929-8ada-cc6049662493/datanode-9/data/ratis/912ecd42-b130-4dcc-9ff1-d37f42fd91ed for RaftStorage:Storage Directory /workdir/hadoop-ozone/ozonefs/target/test-dir/MiniOzoneClusterImpl-72e1902e-de17-4929-8ada-cc6049662493/datanode-9/data/ratis/912ecd42-b130-4dcc-9ff1-d37f42fd91ed
2019-09-20 14:24:14,583 [pool-126-thread-1] INFO  server.RaftServerConfigKeys (ConfUtils.java:logGet(43)) - raft.server.log.queue.byte-limit = 2147483647 (custom)
2019-09-20 14:24:14,583 [pool-126-thread-1] INFO  server.RaftServerConfigKeys (ConfUtils.java:logGet(43)) - raft.server.log.queue.element-limit = 1024 (custom)
2019-09-20 14:24:14,583 [pool-126-thread-1] INFO  server.RaftServerConfigKeys (ConfUtils.java:logGet(43)) - raft.server.log.segment.size.max = 1048576 (custom)
2019-09-20 14:24:14,584 [pool-126-thread-1] INFO  server.RaftServerConfigKeys (ConfUtils.java:logGet(43)) - raft.server.log.preallocated.size = 16384 (custom)
2019-09-20 14:24:14,584 [pool-126-thread-1] INFO  server.RaftServerConfigKeys (ConfUtils.java:logGet(43)) - raft.server.log.write.buffer.size = 33554432 (custom)
2019-09-20 14:24:14,584 [pool-126-thread-1] INFO  server.RaftServerConfigKeys (ConfUtils.java:logGet(43)) - raft.server.log.force.sync.num = 128 (default)
2019-09-20 14:24:14,584 [pool-126-thread-1] INFO  server.RaftServerConfigKeys (ConfUtils.java:logGet(43)) - raft.server.log.statemachine.data.sync = true (default)
2019-09-20 14:24:14,584 [pool-126-thread-1] INFO  server.RaftServerConfigKeys (ConfUtils.java:logGet(43)) - raft.server.log.statemachine.data.sync.timeout = 10s (default)
2019-09-20 14:24:14,584 [pool-126-thread-1] INFO  server.RaftServerConfigKeys (ConfUtils.java:logGet(43)) - raft.server.log.statemachine.data.sync.timeout.retry = -1 (default)
2019-09-20 14:24:14,585 [pool-126-thread-1] INFO  server.RaftServerConfigKeys (ConfUtils.java:logGet(43)) - raft.server.log.statemachine.data.caching.enabled = true (custom)
2019-09-20 14:24:14,585 [pool-126-thread-1] INFO  segmented.SegmentedRaftLogWorker (SegmentedRaftLogWorker.java:lambda$new$0(132)) - ea2f062a-dcfd-4d75-88ac-6c4e2f0364da-SegmentedRaftLogWorker:Storage Directory /workdir/hadoop-ozone/ozonefs/target/test-dir/MiniOzoneClusterImpl-72e1902e-de17-4929-8ada-cc6049662493/datanode-9/data/ratis/912ecd42-b130-4dcc-9ff1-d37f42fd91ed: flushIndex: setUnconditionally 0 -> -1
2019-09-20 14:24:14,585 [pool-126-thread-1] INFO  server.RaftServerConfigKeys (ConfUtils.java:logGet(43)) - raft.server.snapshot.auto.trigger.enabled = true (custom)
2019-09-20 14:24:14,586 [pool-126-thread-1] INFO  server.RaftServerConfigKeys (ConfUtils.java:logGet(43)) - raft.server.snapshot.auto.trigger.threshold = 10000 (custom)
2019-09-20 14:24:14,586 [pool-126-thread-1] INFO  server.RaftServerConfigKeys (ConfUtils.java:logGet(43)) - raft.server.retrycache.expirytime = 600000ms (custom)
2019-09-20 14:24:14,586 [pool-126-thread-1] INFO  impl.RaftServerImpl (RaftServerImpl.java:start(180)) - ea2f062a-dcfd-4d75-88ac-6c4e2f0364da: start group-D37F42FD91ED
2019-09-20 14:24:14,586 [Thread-299] INFO  impl.FollowerState (FollowerState.java:run(106)) - 93651a45-ffa4-4bae-ae49-6429ae7182bc:group-BBDE18548D1E changes to CANDIDATE, lastRpcTime:5092, electionTimeout:5092ms
2019-09-20 14:24:14,586 [pool-126-thread-1] INFO  impl.RaftServerImpl (RaftServerImpl.java:setRole(171)) - ea2f062a-dcfd-4d75-88ac-6c4e2f0364da:group-D37F42FD91ED changes role from null to FOLLOWER at term 0 for startAsFollower
2019-09-20 14:24:14,586 [Thread-299] INFO  impl.RoleInfo (RoleInfo.java:shutdownFollowerState(121)) - 93651a45-ffa4-4bae-ae49-6429ae7182bc: shutdown FollowerState
2019-09-20 14:24:14,586 [pool-126-thread-1] INFO  impl.RoleInfo (RoleInfo.java:updateAndGet(143)) - ea2f062a-dcfd-4d75-88ac-6c4e2f0364da: start FollowerState
2019-09-20 14:24:14,587 [Thread-299] INFO  impl.RaftServerImpl (RaftServerImpl.java:setRole(171)) - 93651a45-ffa4-4bae-ae49-6429ae7182bc:group-BBDE18548D1E changes role from FOLLOWER to CANDIDATE at term 0 for changeToCandidate
2019-09-20 14:24:14,587 [Thread-299] INFO  impl.RoleInfo (RoleInfo.java:updateAndGet(143)) - 93651a45-ffa4-4bae-ae49-6429ae7182bc: start LeaderElection
2019-09-20 14:24:14,587 [pool-126-thread-1] INFO  util.JmxRegister (JmxRegister.java:tryRegister(44)) - Successfully registered JMX Bean with object name Ratis:service=RaftServer,group=group-D37F42FD91ED,id=ea2f062a-dcfd-4d75-88ac-6c4e2f0364da
2019-09-20 14:24:14,597 [RatisPipelineUtilsThread] INFO  pipeline.PipelineStateManager (PipelineStateManager.java:addPipeline(56)) - Created pipeline Pipeline[ Id: 912ecd42-b130-4dcc-9ff1-d37f42fd91ed, Nodes: ea2f062a-dcfd-4d75-88ac-6c4e2f0364da{ip: 192.168.36.99, host: pr-hdds-1569-p5fx8-1226042367, networkLocation: /default-rack, certSerialId: null}, Type:RATIS, Factor:ONE, State:OPEN]
2019-09-20 14:24:14,597 [RatisPipelineUtilsThread] INFO  pipeline.PipelinePlacementPolicy (PipelinePlacementPolicy.java:meetCriteria(91)) - Pipeline Placement: Doesn't meet the criteria to be viable node： 9101a5c2-dfb1-4c31-830b-4c77eb758348 Heaviness: 6 limit: 5
2019-09-20 14:24:14,597 [RatisPipelineUtilsThread] INFO  pipeline.PipelinePlacementPolicy (PipelinePlacementPolicy.java:meetCriteria(91)) - Pipeline Placement: Doesn't meet the criteria to be viable node： fc92467e-4cd7-4ea6-9bfc-11250c30c0f6 Heaviness: 6 limit: 5
2019-09-20 14:24:14,597 [RatisPipelineUtilsThread] INFO  pipeline.PipelinePlacementPolicy (PipelinePlacementPolicy.java:meetCriteria(91)) - Pipeline Placement: Doesn't meet the criteria to be viable node： e0033df1-dced-4562-b4c4-a94a3cb6c131 Heaviness: 6 limit: 5
2019-09-20 14:24:14,598 [RatisPipelineUtilsThread] INFO  pipeline.PipelinePlacementPolicy (PipelinePlacementPolicy.java:meetCriteria(91)) - Pipeline Placement: Doesn't meet the criteria to be viable node： c0a66530-d43a-4ae5-bdbb-2b9936068aaa Heaviness: 6 limit: 5
2019-09-20 14:24:14,598 [RatisPipelineUtilsThread] INFO  pipeline.PipelinePlacementPolicy (PipelinePlacementPolicy.java:meetCriteria(91)) - Pipeline Placement: Doesn't meet the criteria to be viable node： 93651a45-ffa4-4bae-ae49-6429ae7182bc Heaviness: 6 limit: 5
2019-09-20 14:24:14,598 [RatisPipelineUtilsThread] INFO  pipeline.PipelinePlacementPolicy (PipelinePlacementPolicy.java:meetCriteria(91)) - Pipeline Placement: Doesn't meet the criteria to be viable node： 926b0f41-0722-49ff-a592-68b703f22f49 Heaviness: 6 limit: 5
2019-09-20 14:24:14,598 [RatisPipelineUtilsThread] INFO  pipeline.PipelinePlacementPolicy (PipelinePlacementPolicy.java:meetCriteria(91)) - Pipeline Placement: Doesn't meet the criteria to be viable node： 4b9e2e33-9606-42c4-a38b-d8e2568a9ed5 Heaviness: 6 limit: 5
2019-09-20 14:24:14,598 [RatisPipelineUtilsThread] INFO  pipeline.PipelinePlacementPolicy (PipelinePlacementPolicy.java:meetCriteria(91)) - Pipeline Placement: Doesn't meet the criteria to be viable node： 7c330693-1e2f-4265-ad51-f8ae66fac775 Heaviness: 6 limit: 5
2019-09-20 14:24:14,598 [RatisPipelineUtilsThread] INFO  pipeline.PipelinePlacementPolicy (PipelinePlacementPolicy.java:meetCriteria(91)) - Pipeline Placement: Doesn't meet the criteria to be viable node： f44a1c99-f9ac-4ca4-85ec-e98b84e0ebc2 Heaviness: 6 limit: 5
2019-09-20 14:24:14,605 [grpc-default-executor-0] INFO  impl.RaftServerProxy (RaftServerProxy.java:addNew(89)) - ea2f062a-dcfd-4d75-88ac-6c4e2f0364da: addNew group-89023B147EB8:[ea2f062a-dcfd-4d75-88ac-6c4e2f0364da:192.168.36.99:35343] returns group-89023B147EB8:java.util.concurrent.CompletableFuture@7a464bd7[Not completed]
2019-09-20 14:24:14,606 [pool-126-thread-1] INFO  impl.RaftServerImpl (RaftServerImpl.java:<init>(93)) - ea2f062a-dcfd-4d75-88ac-6c4e2f0364da: new RaftServerImpl for group-89023B147EB8:[ea2f062a-dcfd-4d75-88ac-6c4e2f0364da:192.168.36.99:35343] with ContainerStateMachine:uninitialized
2019-09-20 14:24:14,606 [pool-126-thread-1] INFO  server.RaftServerConfigKeys (ConfUtils.java:logGet(43)) - raft.server.rpc.timeout.min = 5s (custom)
2019-09-20 14:24:14,606 [pool-126-thread-1] INFO  server.RaftServerConfigKeys (ConfUtils.java:logGet(43)) - raft.server.rpc.timeout.max = 5200ms (custom)
2019-09-20 14:24:14,606 [pool-126-thread-1] INFO  server.RaftServerConfigKeys (ConfUtils.java:logGet(43)) - raft.server.rpcslowness.timeout = 120s (custom)
2019-09-20 14:24:14,607 [pool-126-thread-1] INFO  server.RaftServerConfigKeys (ConfUtils.java:logGet(43)) - raft.server.sleep.deviation.threshold = 300 (default)
2019-09-20 14:24:14,607 [pool-126-thread-1] INFO  server.RaftServerConfigKeys (ConfUtils.java:logGet(43)) - raft.server.log.appender.install.snapshot.enabled = false (custom)
2019-09-20 14:24:14,607 [pool-126-thread-1] INFO  impl.RaftServerImpl (ServerState.java:<init>(105)) - ea2f062a-dcfd-4d75-88ac-6c4e2f0364da:group-89023B147EB8 ConfigurationManager, init=-1: [ea2f062a-dcfd-4d75-88ac-6c4e2f0364da:192.168.36.99:35343], old=null, confs=<EMPTY_MAP>
2019-09-20 14:24:14,607 [pool-126-thread-1] INFO  server.RaftServerConfigKeys (ConfUtils.java:logGet(43)) - raft.server.storage.dir = [/workdir/hadoop-ozone/ozonefs/target/test-dir/MiniOzoneClusterImpl-72e1902e-de17-4929-8ada-cc6049662493/datanode-9/data/ratis] (custom)
2019-09-20 14:24:14,607 [pool-126-thread-1] INFO  storage.RaftStorageDirectory (RaftStorageDirectory.java:analyzeStorage(246)) - The storage directory /workdir/hadoop-ozone/ozonefs/target/test-dir/MiniOzoneClusterImpl-72e1902e-de17-4929-8ada-cc6049662493/datanode-9/data/ratis/9673c036-2245-4d72-8427-89023b147eb8 does not exist. Creating ...
2019-09-20 14:24:14,623 [93651a45-ffa4-4bae-ae49-6429ae7182bc:group-BBDE18548D1E:LeaderElection6] INFO  impl.LeaderElection (LeaderElection.java:askForVotes(181)) - 93651a45-ffa4-4bae-ae49-6429ae7182bc:group-BBDE18548D1E:LeaderElection6: begin an election at term 1 for -1: [93651a45-ffa4-4bae-ae49-6429ae7182bc:192.168.36.99:37696], old=null
2019-09-20 14:24:14,624 [93651a45-ffa4-4bae-ae49-6429ae7182bc:group-BBDE18548D1E:LeaderElection6] INFO  impl.RoleInfo (RoleInfo.java:shutdownLeaderElection(134)) - 93651a45-ffa4-4bae-ae49-6429ae7182bc: shutdown LeaderElection
2019-09-20 14:24:14,624 [93651a45-ffa4-4bae-ae49-6429ae7182bc:group-BBDE18548D1E:LeaderElection6] INFO  impl.RaftServerImpl (RaftServerImpl.java:setRole(171)) - 93651a45-ffa4-4bae-ae49-6429ae7182bc:group-BBDE18548D1E changes role from CANDIDATE to LEADER at term 1 for changeToLeader
2019-09-20 14:24:14,624 [93651a45-ffa4-4bae-ae49-6429ae7182bc:group-BBDE18548D1E:LeaderElection6] INFO  impl.RaftServerImpl (ServerState.java:setLeader(263)) - 93651a45-ffa4-4bae-ae49-6429ae7182bc:group-BBDE18548D1E change Leader from null to 93651a45-ffa4-4bae-ae49-6429ae7182bc at term 1 for becomeLeader, leader elected after 5135ms
2019-09-20 14:24:14,624 [93651a45-ffa4-4bae-ae49-6429ae7182bc:group-BBDE18548D1E:LeaderElection6] INFO  server.RaftServerConfigKeys (ConfUtils.java:logGet(43)) - raft.server.staging.catchup.gap = 1000 (default)
2019-09-20 14:24:14,624 [93651a45-ffa4-4bae-ae49-6429ae7182bc:group-BBDE18548D1E:LeaderElection6] INFO  server.RaftServerConfigKeys (ConfUtils.java:logGet(43)) - raft.server.rpc.sleep.time = 25ms (default)
2019-09-20 14:24:14,624 [93651a45-ffa4-4bae-ae49-6429ae7182bc:group-BBDE18548D1E:LeaderElection6] INFO  server.RaftServerConfigKeys (ConfUtils.java:logGet(43)) - raft.server.write.element-limit = 4096 (default)
2019-09-20 14:24:14,625 [93651a45-ffa4-4bae-ae49-6429ae7182bc:group-BBDE18548D1E:LeaderElection6] INFO  server.RaftServerConfigKeys (ConfUtils.java:logGet(43)) - raft.server.watch.timeout = 10s (default)
2019-09-20 14:24:14,625 [93651a45-ffa4-4bae-ae49-6429ae7182bc:group-BBDE18548D1E:LeaderElection6] INFO  server.RaftServerConfigKeys (ConfUtils.java:logGet(43)) - raft.server.watch.timeout.denomination = 1s (default)
2019-09-20 14:24:14,625 [93651a45-ffa4-4bae-ae49-6429ae7182bc:group-BBDE18548D1E:LeaderElection6] INFO  server.RaftServerConfigKeys (ConfUtils.java:logGet(43)) - raft.server.watch.element-limit = 65536 (default)
2019-09-20 14:24:14,625 [93651a45-ffa4-4bae-ae49-6429ae7182bc:group-BBDE18548D1E:LeaderElection6] INFO  impl.RoleInfo (RoleInfo.java:updateAndGet(143)) - 93651a45-ffa4-4bae-ae49-6429ae7182bc: start LeaderState
2019-09-20 14:24:14,625 [93651a45-ffa4-4bae-ae49-6429ae7182bc:group-BBDE18548D1E:LeaderElection6] INFO  segmented.SegmentedRaftLogWorker (SegmentedRaftLogWorker.java:startLogSegment(380)) - 93651a45-ffa4-4bae-ae49-6429ae7182bc-SegmentedRaftLogWorker:Storage Directory /workdir/hadoop-ozone/ozonefs/target/test-dir/MiniOzoneClusterImpl-72e1902e-de17-4929-8ada-cc6049662493/datanode-4/data/ratis/904b259d-b7ac-4fe5-b8ac-bbde18548d1e: Starting segment from index:0
2019-09-20 14:24:14,626 [93651a45-ffa4-4bae-ae49-6429ae7182bc:group-BBDE18548D1E:LeaderElection6] INFO  impl.RaftServerImpl (ServerState.java:setRaftConf(361)) - 93651a45-ffa4-4bae-ae49-6429ae7182bc:group-BBDE18548D1E set configuration 0: [93651a45-ffa4-4bae-ae49-6429ae7182bc:192.168.36.99:37696], old=null at 0
2019-09-20 14:24:14,667 [pool-126-thread-1] INFO  storage.RaftStorageDirectory (RaftStorageDirectory.java:tryLock(328)) - Lock on /workdir/hadoop-ozone/ozonefs/target/test-dir/MiniOzoneClusterImpl-72e1902e-de17-4929-8ada-cc6049662493/datanode-9/data/ratis/9673c036-2245-4d72-8427-89023b147eb8/in_use.lock acquired by nodename 20069@pr-hdds-1569-p5fx8-1226042367
2019-09-20 14:24:14,668 | INFO  | SCMAudit | user=jenkins1000 | ip=192.168.36.99 | op=SEND_HEARTBEAT {datanodeUUID=ea2f062a-dcfd-4d75-88ac-6c4e2f0364da, command=[]} | ret=SUCCESS |  
2019-09-20 14:24:14,668 | INFO  | SCMAudit | user=jenkins1000 | ip=192.168.36.99 | op=SEND_HEARTBEAT {datanodeUUID=f44a1c99-f9ac-4ca4-85ec-e98b84e0ebc2, command=[]} | ret=SUCCESS |  
2019-09-20 14:24:14,678 [Thread-302] INFO  impl.FollowerState (FollowerState.java:run(106)) - 7c330693-1e2f-4265-ad51-f8ae66fac775:group-2347D2F49BBE changes to CANDIDATE, lastRpcTime:5100, electionTimeout:5100ms
2019-09-20 14:24:14,678 [Thread-302] INFO  impl.RoleInfo (RoleInfo.java:shutdownFollowerState(121)) - 7c330693-1e2f-4265-ad51-f8ae66fac775: shutdown FollowerState
2019-09-20 14:24:14,678 [Thread-302] INFO  impl.RaftServerImpl (RaftServerImpl.java:setRole(171)) - 7c330693-1e2f-4265-ad51-f8ae66fac775:group-2347D2F49BBE changes role from FOLLOWER to CANDIDATE at term 0 for changeToCandidate
2019-09-20 14:24:14,678 [Thread-302] INFO  impl.RoleInfo (RoleInfo.java:updateAndGet(143)) - 7c330693-1e2f-4265-ad51-f8ae66fac775: start LeaderElection
2019-09-20 14:24:14,691 [93651a45-ffa4-4bae-ae49-6429ae7182bc-SegmentedRaftLogWorker:Storage Directory /workdir/hadoop-ozone/ozonefs/target/test-dir/MiniOzoneClusterImpl-72e1902e-de17-4929-8ada-cc6049662493/datanode-4/data/ratis/904b259d-b7ac-4fe5-b8ac-bbde18548d1e] INFO  segmented.SegmentedRaftLogWorker (SegmentedRaftLogWorker.java:execute(569)) - 93651a45-ffa4-4bae-ae49-6429ae7182bc-SegmentedRaftLogWorker:Storage Directory /workdir/hadoop-ozone/ozonefs/target/test-dir/MiniOzoneClusterImpl-72e1902e-de17-4929-8ada-cc6049662493/datanode-4/data/ratis/904b259d-b7ac-4fe5-b8ac-bbde18548d1e: created new log segment /workdir/hadoop-ozone/ozonefs/target/test-dir/MiniOzoneClusterImpl-72e1902e-de17-4929-8ada-cc6049662493/datanode-4/data/ratis/904b259d-b7ac-4fe5-b8ac-bbde18548d1e/current/log_inprogress_0
2019-09-20 14:24:14,691 [pool-126-thread-1] INFO  storage.RaftStorage (RaftStorage.java:format(72)) - Storage directory /workdir/hadoop-ozone/ozonefs/target/test-dir/MiniOzoneClusterImpl-72e1902e-de17-4929-8ada-cc6049662493/datanode-9/data/ratis/9673c036-2245-4d72-8427-89023b147eb8 has been successfully formatted.
2019-09-20 14:24:14,691 [pool-126-thread-1] INFO  ratis.ContainerStateMachine (ContainerStateMachine.java:loadSnapshot(226)) - group-89023B147EB8: The snapshot info is null. Setting the last applied indexto:(t:0, i:~)
2019-09-20 14:24:14,692 [pool-126-thread-1] INFO  server.RaftServerConfigKeys (ConfUtils.java:logGet(43)) - raft.server.leader.election.timeout = 120s (custom)
2019-09-20 14:24:14,692 [pool-126-thread-1] INFO  server.RaftServerConfigKeys (ConfUtils.java:logGet(43)) - raft.server.log.use.memory = false (default)
2019-09-20 14:24:14,692 [pool-126-thread-1] INFO  server.RaftServerConfigKeys (ConfUtils.java:logGet(43)) - raft.server.log.purge.gap = 1000000 (custom)
2019-09-20 14:24:14,692 [pool-126-thread-1] INFO  server.RaftServerConfigKeys (ConfUtils.java:logGet(43)) - raft.server.log.appender.buffer.byte-limit = 33554432 (custom)
2019-09-20 14:24:14,692 [pool-126-thread-1] INFO  server.RaftServerConfigKeys (ConfUtils.java:logGet(43)) - raft.server.log.segment.size.max = 1048576 (custom)
2019-09-20 14:24:14,692 [pool-126-thread-1] INFO  server.RaftServerConfigKeys (ConfUtils.java:logGet(43)) - raft.server.log.segment.cache.num.max = 2 (custom)
2019-09-20 14:24:14,693 [pool-126-thread-1] INFO  segmented.SegmentedRaftLogWorker (SegmentedRaftLogWorker.java:<init>(172)) - new ea2f062a-dcfd-4d75-88ac-6c4e2f0364da-SegmentedRaftLogWorker:Storage Directory /workdir/hadoop-ozone/ozonefs/target/test-dir/MiniOzoneClusterImpl-72e1902e-de17-4929-8ada-cc6049662493/datanode-9/data/ratis/9673c036-2245-4d72-8427-89023b147eb8 for RaftStorage:Storage Directory /workdir/hadoop-ozone/ozonefs/target/test-dir/MiniOzoneClusterImpl-72e1902e-de17-4929-8ada-cc6049662493/datanode-9/data/ratis/9673c036-2245-4d72-8427-89023b147eb8
2019-09-20 14:24:14,693 [pool-126-thread-1] INFO  server.RaftServerConfigKeys (ConfUtils.java:logGet(43)) - raft.server.log.queue.byte-limit = 2147483647 (custom)
2019-09-20 14:24:14,693 [pool-126-thread-1] INFO  server.RaftServerConfigKeys (ConfUtils.java:logGet(43)) - raft.server.log.queue.element-limit = 1024 (custom)
2019-09-20 14:24:14,693 [pool-126-thread-1] INFO  server.RaftServerConfigKeys (ConfUtils.java:logGet(43)) - raft.server.log.segment.size.max = 1048576 (custom)
2019-09-20 14:24:14,693 [pool-126-thread-1] INFO  server.RaftServerConfigKeys (ConfUtils.java:logGet(43)) - raft.server.log.preallocated.size = 16384 (custom)
2019-09-20 14:24:14,693 [pool-126-thread-1] INFO  server.RaftServerConfigKeys (ConfUtils.java:logGet(43)) - raft.server.log.write.buffer.size = 33554432 (custom)
2019-09-20 14:24:14,694 [pool-126-thread-1] INFO  server.RaftServerConfigKeys (ConfUtils.java:logGet(43)) - raft.server.log.force.sync.num = 128 (default)
2019-09-20 14:24:14,694 [pool-126-thread-1] INFO  server.RaftServerConfigKeys (ConfUtils.java:logGet(43)) - raft.server.log.statemachine.data.sync = true (default)
2019-09-20 14:24:14,694 [pool-126-thread-1] INFO  server.RaftServerConfigKeys (ConfUtils.java:logGet(43)) - raft.server.log.statemachine.data.sync.timeout = 10s (default)
2019-09-20 14:24:14,694 [pool-126-thread-1] INFO  server.RaftServerConfigKeys (ConfUtils.java:logGet(43)) - raft.server.log.statemachine.data.sync.timeout.retry = -1 (default)
2019-09-20 14:24:14,694 [pool-126-thread-1] INFO  server.RaftServerConfigKeys (ConfUtils.java:logGet(43)) - raft.server.log.statemachine.data.caching.enabled = true (custom)
2019-09-20 14:24:14,695 [pool-126-thread-1] INFO  segmented.SegmentedRaftLogWorker (SegmentedRaftLogWorker.java:lambda$new$0(132)) - ea2f062a-dcfd-4d75-88ac-6c4e2f0364da-SegmentedRaftLogWorker:Storage Directory /workdir/hadoop-ozone/ozonefs/target/test-dir/MiniOzoneClusterImpl-72e1902e-de17-4929-8ada-cc6049662493/datanode-9/data/ratis/9673c036-2245-4d72-8427-89023b147eb8: flushIndex: setUnconditionally 0 -> -1
2019-09-20 14:24:14,695 [pool-126-thread-1] INFO  server.RaftServerConfigKeys (ConfUtils.java:logGet(43)) - raft.server.snapshot.auto.trigger.enabled = true (custom)
2019-09-20 14:24:14,695 [pool-126-thread-1] INFO  server.RaftServerConfigKeys (ConfUtils.java:logGet(43)) - raft.server.snapshot.auto.trigger.threshold = 10000 (custom)
2019-09-20 14:24:14,695 [pool-126-thread-1] INFO  server.RaftServerConfigKeys (ConfUtils.java:logGet(43)) - raft.server.retrycache.expirytime = 600000ms (custom)
2019-09-20 14:24:14,696 [pool-126-thread-1] INFO  impl.RaftServerImpl (RaftServerImpl.java:start(180)) - ea2f062a-dcfd-4d75-88ac-6c4e2f0364da: start group-89023B147EB8
2019-09-20 14:24:14,696 [pool-126-thread-1] INFO  impl.RaftServerImpl (RaftServerImpl.java:setRole(171)) - ea2f062a-dcfd-4d75-88ac-6c4e2f0364da:group-89023B147EB8 changes role from null to FOLLOWER at term 0 for startAsFollower
2019-09-20 14:24:14,696 [pool-126-thread-1] INFO  impl.RoleInfo (RoleInfo.java:updateAndGet(143)) - ea2f062a-dcfd-4d75-88ac-6c4e2f0364da: start FollowerState
2019-09-20 14:24:14,697 [pool-126-thread-1] INFO  util.JmxRegister (JmxRegister.java:tryRegister(44)) - Successfully registered JMX Bean with object name Ratis:service=RaftServer,group=group-89023B147EB8,id=ea2f062a-dcfd-4d75-88ac-6c4e2f0364da
2019-09-20 14:24:14,699 [RatisPipelineUtilsThread] INFO  pipeline.PipelineStateManager (PipelineStateManager.java:addPipeline(56)) - Created pipeline Pipeline[ Id: 9673c036-2245-4d72-8427-89023b147eb8, Nodes: ea2f062a-dcfd-4d75-88ac-6c4e2f0364da{ip: 192.168.36.99, host: pr-hdds-1569-p5fx8-1226042367, networkLocation: /default-rack, certSerialId: null}, Type:RATIS, Factor:ONE, State:OPEN]
2019-09-20 14:24:14,700 [RatisPipelineUtilsThread] INFO  pipeline.PipelinePlacementPolicy (PipelinePlacementPolicy.java:meetCriteria(91)) - Pipeline Placement: Doesn't meet the criteria to be viable node： 9101a5c2-dfb1-4c31-830b-4c77eb758348 Heaviness: 6 limit: 5
2019-09-20 14:24:14,700 [RatisPipelineUtilsThread] INFO  pipeline.PipelinePlacementPolicy (PipelinePlacementPolicy.java:meetCriteria(91)) - Pipeline Placement: Doesn't meet the criteria to be viable node： fc92467e-4cd7-4ea6-9bfc-11250c30c0f6 Heaviness: 6 limit: 5
2019-09-20 14:24:14,700 [RatisPipelineUtilsThread] INFO  pipeline.PipelinePlacementPolicy (PipelinePlacementPolicy.java:meetCriteria(91)) - Pipeline Placement: Doesn't meet the criteria to be viable node： e0033df1-dced-4562-b4c4-a94a3cb6c131 Heaviness: 6 limit: 5
2019-09-20 14:24:14,700 [RatisPipelineUtilsThread] INFO  pipeline.PipelinePlacementPolicy (PipelinePlacementPolicy.java:meetCriteria(91)) - Pipeline Placement: Doesn't meet the criteria to be viable node： c0a66530-d43a-4ae5-bdbb-2b9936068aaa Heaviness: 6 limit: 5
2019-09-20 14:24:14,700 [RatisPipelineUtilsThread] INFO  pipeline.PipelinePlacementPolicy (PipelinePlacementPolicy.java:meetCriteria(91)) - Pipeline Placement: Doesn't meet the criteria to be viable node： 93651a45-ffa4-4bae-ae49-6429ae7182bc Heaviness: 6 limit: 5
2019-09-20 14:24:14,701 [RatisPipelineUtilsThread] INFO  pipeline.PipelinePlacementPolicy (PipelinePlacementPolicy.java:meetCriteria(91)) - Pipeline Placement: Doesn't meet the criteria to be viable node： 926b0f41-0722-49ff-a592-68b703f22f49 Heaviness: 6 limit: 5
2019-09-20 14:24:14,701 [RatisPipelineUtilsThread] INFO  pipeline.PipelinePlacementPolicy (PipelinePlacementPolicy.java:meetCriteria(91)) - Pipeline Placement: Doesn't meet the criteria to be viable node： 4b9e2e33-9606-42c4-a38b-d8e2568a9ed5 Heaviness: 6 limit: 5
2019-09-20 14:24:14,701 [RatisPipelineUtilsThread] INFO  pipeline.PipelinePlacementPolicy (PipelinePlacementPolicy.java:meetCriteria(91)) - Pipeline Placement: Doesn't meet the criteria to be viable node： 7c330693-1e2f-4265-ad51-f8ae66fac775 Heaviness: 6 limit: 5
2019-09-20 14:24:14,701 [RatisPipelineUtilsThread] INFO  pipeline.PipelinePlacementPolicy (PipelinePlacementPolicy.java:meetCriteria(91)) - Pipeline Placement: Doesn't meet the criteria to be viable node： f44a1c99-f9ac-4ca4-85ec-e98b84e0ebc2 Heaviness: 6 limit: 5
2019-09-20 14:24:14,707 [grpc-default-executor-0] INFO  impl.RaftServerProxy (RaftServerProxy.java:addNew(89)) - ea2f062a-dcfd-4d75-88ac-6c4e2f0364da: addNew group-AB449B5A13CC:[ea2f062a-dcfd-4d75-88ac-6c4e2f0364da:192.168.36.99:35343] returns group-AB449B5A13CC:java.util.concurrent.CompletableFuture@55f0ddaa[Not completed]
2019-09-20 14:24:14,709 [pool-126-thread-1] INFO  impl.RaftServerImpl (RaftServerImpl.java:<init>(93)) - ea2f062a-dcfd-4d75-88ac-6c4e2f0364da: new RaftServerImpl for group-AB449B5A13CC:[ea2f062a-dcfd-4d75-88ac-6c4e2f0364da:192.168.36.99:35343] with ContainerStateMachine:uninitialized
2019-09-20 14:24:14,709 [pool-126-thread-1] INFO  server.RaftServerConfigKeys (ConfUtils.java:logGet(43)) - raft.server.rpc.timeout.min = 5s (custom)
2019-09-20 14:24:14,709 [pool-126-thread-1] INFO  server.RaftServerConfigKeys (ConfUtils.java:logGet(43)) - raft.server.rpc.timeout.max = 5200ms (custom)
2019-09-20 14:24:14,709 [pool-126-thread-1] INFO  server.RaftServerConfigKeys (ConfUtils.java:logGet(43)) - raft.server.rpcslowness.timeout = 120s (custom)
2019-09-20 14:24:14,709 [pool-126-thread-1] INFO  server.RaftServerConfigKeys (ConfUtils.java:logGet(43)) - raft.server.sleep.deviation.threshold = 300 (default)
2019-09-20 14:24:14,709 [pool-126-thread-1] INFO  server.RaftServerConfigKeys (ConfUtils.java:logGet(43)) - raft.server.log.appender.install.snapshot.enabled = false (custom)
2019-09-20 14:24:14,709 [pool-126-thread-1] INFO  impl.RaftServerImpl (ServerState.java:<init>(105)) - ea2f062a-dcfd-4d75-88ac-6c4e2f0364da:group-AB449B5A13CC ConfigurationManager, init=-1: [ea2f062a-dcfd-4d75-88ac-6c4e2f0364da:192.168.36.99:35343], old=null, confs=<EMPTY_MAP>
2019-09-20 14:24:14,710 [pool-126-thread-1] INFO  server.RaftServerConfigKeys (ConfUtils.java:logGet(43)) - raft.server.storage.dir = [/workdir/hadoop-ozone/ozonefs/target/test-dir/MiniOzoneClusterImpl-72e1902e-de17-4929-8ada-cc6049662493/datanode-9/data/ratis] (custom)
2019-09-20 14:24:14,710 [pool-126-thread-1] INFO  storage.RaftStorageDirectory (RaftStorageDirectory.java:analyzeStorage(246)) - The storage directory /workdir/hadoop-ozone/ozonefs/target/test-dir/MiniOzoneClusterImpl-72e1902e-de17-4929-8ada-cc6049662493/datanode-9/data/ratis/b59ed6b5-208f-400e-9201-ab449b5a13cc does not exist. Creating ...
2019-09-20 14:24:14,716 [7c330693-1e2f-4265-ad51-f8ae66fac775:group-2347D2F49BBE:LeaderElection7] INFO  impl.LeaderElection (LeaderElection.java:askForVotes(181)) - 7c330693-1e2f-4265-ad51-f8ae66fac775:group-2347D2F49BBE:LeaderElection7: begin an election at term 1 for -1: [7c330693-1e2f-4265-ad51-f8ae66fac775:192.168.36.99:39028], old=null
2019-09-20 14:24:14,717 [7c330693-1e2f-4265-ad51-f8ae66fac775:group-2347D2F49BBE:LeaderElection7] INFO  impl.RoleInfo (RoleInfo.java:shutdownLeaderElection(134)) - 7c330693-1e2f-4265-ad51-f8ae66fac775: shutdown LeaderElection
2019-09-20 14:24:14,717 [7c330693-1e2f-4265-ad51-f8ae66fac775:group-2347D2F49BBE:LeaderElection7] INFO  impl.RaftServerImpl (RaftServerImpl.java:setRole(171)) - 7c330693-1e2f-4265-ad51-f8ae66fac775:group-2347D2F49BBE changes role from CANDIDATE to LEADER at term 1 for changeToLeader
2019-09-20 14:24:14,717 [7c330693-1e2f-4265-ad51-f8ae66fac775:group-2347D2F49BBE:LeaderElection7] INFO  impl.RaftServerImpl (ServerState.java:setLeader(263)) - 7c330693-1e2f-4265-ad51-f8ae66fac775:group-2347D2F49BBE change Leader from null to 7c330693-1e2f-4265-ad51-f8ae66fac775 at term 1 for becomeLeader, leader elected after 5144ms
2019-09-20 14:24:14,717 [7c330693-1e2f-4265-ad51-f8ae66fac775:group-2347D2F49BBE:LeaderElection7] INFO  server.RaftServerConfigKeys (ConfUtils.java:logGet(43)) - raft.server.staging.catchup.gap = 1000 (default)
2019-09-20 14:24:14,717 [7c330693-1e2f-4265-ad51-f8ae66fac775:group-2347D2F49BBE:LeaderElection7] INFO  server.RaftServerConfigKeys (ConfUtils.java:logGet(43)) - raft.server.rpc.sleep.time = 25ms (default)
2019-09-20 14:24:14,718 [7c330693-1e2f-4265-ad51-f8ae66fac775:group-2347D2F49BBE:LeaderElection7] INFO  server.RaftServerConfigKeys (ConfUtils.java:logGet(43)) - raft.server.write.element-limit = 4096 (default)
2019-09-20 14:24:14,718 [7c330693-1e2f-4265-ad51-f8ae66fac775:group-2347D2F49BBE:LeaderElection7] INFO  server.RaftServerConfigKeys (ConfUtils.java:logGet(43)) - raft.server.watch.timeout = 10s (default)
2019-09-20 14:24:14,718 [7c330693-1e2f-4265-ad51-f8ae66fac775:group-2347D2F49BBE:LeaderElection7] INFO  server.RaftServerConfigKeys (ConfUtils.java:logGet(43)) - raft.server.watch.timeout.denomination = 1s (default)
2019-09-20 14:24:14,718 [7c330693-1e2f-4265-ad51-f8ae66fac775:group-2347D2F49BBE:LeaderElection7] INFO  server.RaftServerConfigKeys (ConfUtils.java:logGet(43)) - raft.server.watch.element-limit = 65536 (default)
2019-09-20 14:24:14,718 [7c330693-1e2f-4265-ad51-f8ae66fac775:group-2347D2F49BBE:LeaderElection7] INFO  impl.RoleInfo (RoleInfo.java:updateAndGet(143)) - 7c330693-1e2f-4265-ad51-f8ae66fac775: start LeaderState
2019-09-20 14:24:14,719 [7c330693-1e2f-4265-ad51-f8ae66fac775:group-2347D2F49BBE:LeaderElection7] INFO  segmented.SegmentedRaftLogWorker (SegmentedRaftLogWorker.java:startLogSegment(380)) - 7c330693-1e2f-4265-ad51-f8ae66fac775-SegmentedRaftLogWorker:Storage Directory /workdir/hadoop-ozone/ozonefs/target/test-dir/MiniOzoneClusterImpl-72e1902e-de17-4929-8ada-cc6049662493/datanode-0/data/ratis/b637dd4e-9a23-47b0-8c6c-2347d2f49bbe: Starting segment from index:0
2019-09-20 14:24:14,719 [7c330693-1e2f-4265-ad51-f8ae66fac775:group-2347D2F49BBE:LeaderElection7] INFO  impl.RaftServerImpl (ServerState.java:setRaftConf(361)) - 7c330693-1e2f-4265-ad51-f8ae66fac775:group-2347D2F49BBE set configuration 0: [7c330693-1e2f-4265-ad51-f8ae66fac775:192.168.36.99:39028], old=null at 0
2019-09-20 14:24:14,759 [pool-126-thread-1] INFO  storage.RaftStorageDirectory (RaftStorageDirectory.java:tryLock(328)) - Lock on /workdir/hadoop-ozone/ozonefs/target/test-dir/MiniOzoneClusterImpl-72e1902e-de17-4929-8ada-cc6049662493/datanode-9/data/ratis/b59ed6b5-208f-400e-9201-ab449b5a13cc/in_use.lock acquired by nodename 20069@pr-hdds-1569-p5fx8-1226042367
2019-09-20 14:24:14,759 [Thread-305] INFO  impl.FollowerState (FollowerState.java:run(106)) - 4b9e2e33-9606-42c4-a38b-d8e2568a9ed5:group-F718F8C9C9B2 changes to CANDIDATE, lastRpcTime:5082, electionTimeout:5046ms
2019-09-20 14:24:14,759 [Thread-305] INFO  impl.RoleInfo (RoleInfo.java:shutdownFollowerState(121)) - 4b9e2e33-9606-42c4-a38b-d8e2568a9ed5: shutdown FollowerState
2019-09-20 14:24:14,760 [Thread-305] INFO  impl.RaftServerImpl (RaftServerImpl.java:setRole(171)) - 4b9e2e33-9606-42c4-a38b-d8e2568a9ed5:group-F718F8C9C9B2 changes role from FOLLOWER to CANDIDATE at term 0 for changeToCandidate
2019-09-20 14:24:14,760 [Thread-305] INFO  impl.RoleInfo (RoleInfo.java:updateAndGet(143)) - 4b9e2e33-9606-42c4-a38b-d8e2568a9ed5: start LeaderElection
2019-09-20 14:24:14,769 | INFO  | SCMAudit | user=jenkins1000 | ip=192.168.36.99 | op=SEND_HEARTBEAT {datanodeUUID=926b0f41-0722-49ff-a592-68b703f22f49, command=[]} | ret=SUCCESS |  
2019-09-20 14:24:14,809 [7c330693-1e2f-4265-ad51-f8ae66fac775-SegmentedRaftLogWorker:Storage Directory /workdir/hadoop-ozone/ozonefs/target/test-dir/MiniOzoneClusterImpl-72e1902e-de17-4929-8ada-cc6049662493/datanode-0/data/ratis/b637dd4e-9a23-47b0-8c6c-2347d2f49bbe] INFO  segmented.SegmentedRaftLogWorker (SegmentedRaftLogWorker.java:execute(569)) - 7c330693-1e2f-4265-ad51-f8ae66fac775-SegmentedRaftLogWorker:Storage Directory /workdir/hadoop-ozone/ozonefs/target/test-dir/MiniOzoneClusterImpl-72e1902e-de17-4929-8ada-cc6049662493/datanode-0/data/ratis/b637dd4e-9a23-47b0-8c6c-2347d2f49bbe: created new log segment /workdir/hadoop-ozone/ozonefs/target/test-dir/MiniOzoneClusterImpl-72e1902e-de17-4929-8ada-cc6049662493/datanode-0/data/ratis/b637dd4e-9a23-47b0-8c6c-2347d2f49bbe/current/log_inprogress_0
2019-09-20 14:24:14,809 [4b9e2e33-9606-42c4-a38b-d8e2568a9ed5:group-F718F8C9C9B2:LeaderElection8] INFO  impl.LeaderElection (LeaderElection.java:askForVotes(181)) - 4b9e2e33-9606-42c4-a38b-d8e2568a9ed5:group-F718F8C9C9B2:LeaderElection8: begin an election at term 1 for -1: [4b9e2e33-9606-42c4-a38b-d8e2568a9ed5:192.168.36.99:41206], old=null
2019-09-20 14:24:14,809 [pool-126-thread-1] INFO  storage.RaftStorage (RaftStorage.java:format(72)) - Storage directory /workdir/hadoop-ozone/ozonefs/target/test-dir/MiniOzoneClusterImpl-72e1902e-de17-4929-8ada-cc6049662493/datanode-9/data/ratis/b59ed6b5-208f-400e-9201-ab449b5a13cc has been successfully formatted.
2019-09-20 14:24:14,809 [4b9e2e33-9606-42c4-a38b-d8e2568a9ed5:group-F718F8C9C9B2:LeaderElection8] INFO  impl.RoleInfo (RoleInfo.java:shutdownLeaderElection(134)) - 4b9e2e33-9606-42c4-a38b-d8e2568a9ed5: shutdown LeaderElection
2019-09-20 14:24:14,810 [pool-126-thread-1] INFO  ratis.ContainerStateMachine (ContainerStateMachine.java:loadSnapshot(226)) - group-AB449B5A13CC: The snapshot info is null. Setting the last applied indexto:(t:0, i:~)
2019-09-20 14:24:14,810 [4b9e2e33-9606-42c4-a38b-d8e2568a9ed5:group-F718F8C9C9B2:LeaderElection8] INFO  impl.RaftServerImpl (RaftServerImpl.java:setRole(171)) - 4b9e2e33-9606-42c4-a38b-d8e2568a9ed5:group-F718F8C9C9B2 changes role from CANDIDATE to LEADER at term 1 for changeToLeader
2019-09-20 14:24:14,810 [pool-126-thread-1] INFO  server.RaftServerConfigKeys (ConfUtils.java:logGet(43)) - raft.server.leader.election.timeout = 120s (custom)
2019-09-20 14:24:14,810 [pool-126-thread-1] INFO  server.RaftServerConfigKeys (ConfUtils.java:logGet(43)) - raft.server.log.use.memory = false (default)
2019-09-20 14:24:14,810 [4b9e2e33-9606-42c4-a38b-d8e2568a9ed5:group-F718F8C9C9B2:LeaderElection8] INFO  impl.RaftServerImpl (ServerState.java:setLeader(263)) - 4b9e2e33-9606-42c4-a38b-d8e2568a9ed5:group-F718F8C9C9B2 change Leader from null to 4b9e2e33-9606-42c4-a38b-d8e2568a9ed5 at term 1 for becomeLeader, leader elected after 5137ms
2019-09-20 14:24:14,810 [pool-126-thread-1] INFO  server.RaftServerConfigKeys (ConfUtils.java:logGet(43)) - raft.server.log.purge.gap = 1000000 (custom)
2019-09-20 14:24:14,811 [4b9e2e33-9606-42c4-a38b-d8e2568a9ed5:group-F718F8C9C9B2:LeaderElection8] INFO  server.RaftServerConfigKeys (ConfUtils.java:logGet(43)) - raft.server.staging.catchup.gap = 1000 (default)
2019-09-20 14:24:14,811 [pool-126-thread-1] INFO  server.RaftServerConfigKeys (ConfUtils.java:logGet(43)) - raft.server.log.appender.buffer.byte-limit = 33554432 (custom)
2019-09-20 14:24:14,811 [4b9e2e33-9606-42c4-a38b-d8e2568a9ed5:group-F718F8C9C9B2:LeaderElection8] INFO  server.RaftServerConfigKeys (ConfUtils.java:logGet(43)) - raft.server.rpc.sleep.time = 25ms (default)
2019-09-20 14:24:14,811 [pool-126-thread-1] INFO  server.RaftServerConfigKeys (ConfUtils.java:logGet(43)) - raft.server.log.segment.size.max = 1048576 (custom)
2019-09-20 14:24:14,811 [4b9e2e33-9606-42c4-a38b-d8e2568a9ed5:group-F718F8C9C9B2:LeaderElection8] INFO  server.RaftServerConfigKeys (ConfUtils.java:logGet(43)) - raft.server.write.element-limit = 4096 (default)
2019-09-20 14:24:14,811 [pool-126-thread-1] INFO  server.RaftServerConfigKeys (ConfUtils.java:logGet(43)) - raft.server.log.segment.cache.num.max = 2 (custom)
2019-09-20 14:24:14,812 [4b9e2e33-9606-42c4-a38b-d8e2568a9ed5:group-F718F8C9C9B2:LeaderElection8] INFO  server.RaftServerConfigKeys (ConfUtils.java:logGet(43)) - raft.server.watch.timeout = 10s (default)
2019-09-20 14:24:14,812 [pool-126-thread-1] INFO  segmented.SegmentedRaftLogWorker (SegmentedRaftLogWorker.java:<init>(172)) - new ea2f062a-dcfd-4d75-88ac-6c4e2f0364da-SegmentedRaftLogWorker:Storage Directory /workdir/hadoop-ozone/ozonefs/target/test-dir/MiniOzoneClusterImpl-72e1902e-de17-4929-8ada-cc6049662493/datanode-9/data/ratis/b59ed6b5-208f-400e-9201-ab449b5a13cc for RaftStorage:Storage Directory /workdir/hadoop-ozone/ozonefs/target/test-dir/MiniOzoneClusterImpl-72e1902e-de17-4929-8ada-cc6049662493/datanode-9/data/ratis/b59ed6b5-208f-400e-9201-ab449b5a13cc
2019-09-20 14:24:14,812 [4b9e2e33-9606-42c4-a38b-d8e2568a9ed5:group-F718F8C9C9B2:LeaderElection8] INFO  server.RaftServerConfigKeys (ConfUtils.java:logGet(43)) - raft.server.watch.timeout.denomination = 1s (default)
2019-09-20 14:24:14,812 [pool-126-thread-1] INFO  server.RaftServerConfigKeys (ConfUtils.java:logGet(43)) - raft.server.log.queue.byte-limit = 2147483647 (custom)
2019-09-20 14:24:14,812 [4b9e2e33-9606-42c4-a38b-d8e2568a9ed5:group-F718F8C9C9B2:LeaderElection8] INFO  server.RaftServerConfigKeys (ConfUtils.java:logGet(43)) - raft.server.watch.element-limit = 65536 (default)
2019-09-20 14:24:14,812 [pool-126-thread-1] INFO  server.RaftServerConfigKeys (ConfUtils.java:logGet(43)) - raft.server.log.queue.element-limit = 1024 (custom)
2019-09-20 14:24:14,813 [4b9e2e33-9606-42c4-a38b-d8e2568a9ed5:group-F718F8C9C9B2:LeaderElection8] INFO  impl.RoleInfo (RoleInfo.java:updateAndGet(143)) - 4b9e2e33-9606-42c4-a38b-d8e2568a9ed5: start LeaderState
2019-09-20 14:24:14,813 [pool-126-thread-1] INFO  server.RaftServerConfigKeys (ConfUtils.java:logGet(43)) - raft.server.log.segment.size.max = 1048576 (custom)
2019-09-20 14:24:14,813 [4b9e2e33-9606-42c4-a38b-d8e2568a9ed5:group-F718F8C9C9B2:LeaderElection8] INFO  segmented.SegmentedRaftLogWorker (SegmentedRaftLogWorker.java:startLogSegment(380)) - 4b9e2e33-9606-42c4-a38b-d8e2568a9ed5-SegmentedRaftLogWorker:Storage Directory /workdir/hadoop-ozone/ozonefs/target/test-dir/MiniOzoneClusterImpl-72e1902e-de17-4929-8ada-cc6049662493/datanode-3/data/ratis/88b48c35-bb58-40c0-a0c8-f718f8c9c9b2: Starting segment from index:0
2019-09-20 14:24:14,813 [pool-126-thread-1] INFO  server.RaftServerConfigKeys (ConfUtils.java:logGet(43)) - raft.server.log.preallocated.size = 16384 (custom)
2019-09-20 14:24:14,813 [pool-126-thread-1] INFO  server.RaftServerConfigKeys (ConfUtils.java:logGet(43)) - raft.server.log.write.buffer.size = 33554432 (custom)
2019-09-20 14:24:14,814 [pool-126-thread-1] INFO  server.RaftServerConfigKeys (ConfUtils.java:logGet(43)) - raft.server.log.force.sync.num = 128 (default)
2019-09-20 14:24:14,814 [4b9e2e33-9606-42c4-a38b-d8e2568a9ed5:group-F718F8C9C9B2:LeaderElection8] INFO  impl.RaftServerImpl (ServerState.java:setRaftConf(361)) - 4b9e2e33-9606-42c4-a38b-d8e2568a9ed5:group-F718F8C9C9B2 set configuration 0: [4b9e2e33-9606-42c4-a38b-d8e2568a9ed5:192.168.36.99:41206], old=null at 0
2019-09-20 14:24:14,814 [pool-126-thread-1] INFO  server.RaftServerConfigKeys (ConfUtils.java:logGet(43)) - raft.server.log.statemachine.data.sync = true (default)
2019-09-20 14:24:14,857 [Thread-308] INFO  impl.FollowerState (FollowerState.java:run(106)) - 7c330693-1e2f-4265-ad51-f8ae66fac775:group-396AB2352ED5 changes to CANDIDATE, lastRpcTime:5078, electionTimeout:5037ms
2019-09-20 14:24:14,857 [pool-126-thread-1] INFO  server.RaftServerConfigKeys (ConfUtils.java:logGet(43)) - raft.server.log.statemachine.data.sync.timeout = 10s (default)
2019-09-20 14:24:14,857 [Thread-308] INFO  impl.RoleInfo (RoleInfo.java:shutdownFollowerState(121)) - 7c330693-1e2f-4265-ad51-f8ae66fac775: shutdown FollowerState
2019-09-20 14:24:14,857 [pool-126-thread-1] INFO  server.RaftServerConfigKeys (ConfUtils.java:logGet(43)) - raft.server.log.statemachine.data.sync.timeout.retry = -1 (default)
2019-09-20 14:24:14,858 [Thread-308] INFO  impl.RaftServerImpl (RaftServerImpl.java:setRole(171)) - 7c330693-1e2f-4265-ad51-f8ae66fac775:group-396AB2352ED5 changes role from FOLLOWER to CANDIDATE at term 0 for changeToCandidate
2019-09-20 14:24:14,858 [pool-126-thread-1] INFO  server.RaftServerConfigKeys (ConfUtils.java:logGet(43)) - raft.server.log.statemachine.data.caching.enabled = true (custom)
2019-09-20 14:24:14,858 [Thread-308] INFO  impl.RoleInfo (RoleInfo.java:updateAndGet(143)) - 7c330693-1e2f-4265-ad51-f8ae66fac775: start LeaderElection
2019-09-20 14:24:14,858 [pool-126-thread-1] INFO  segmented.SegmentedRaftLogWorker (SegmentedRaftLogWorker.java:lambda$new$0(132)) - ea2f062a-dcfd-4d75-88ac-6c4e2f0364da-SegmentedRaftLogWorker:Storage Directory /workdir/hadoop-ozone/ozonefs/target/test-dir/MiniOzoneClusterImpl-72e1902e-de17-4929-8ada-cc6049662493/datanode-9/data/ratis/b59ed6b5-208f-400e-9201-ab449b5a13cc: flushIndex: setUnconditionally 0 -> -1
2019-09-20 14:24:14,865 [pool-126-thread-1] INFO  server.RaftServerConfigKeys (ConfUtils.java:logGet(43)) - raft.server.snapshot.auto.trigger.enabled = true (custom)
2019-09-20 14:24:14,865 [pool-126-thread-1] INFO  server.RaftServerConfigKeys (ConfUtils.java:logGet(43)) - raft.server.snapshot.auto.trigger.threshold = 10000 (custom)
2019-09-20 14:24:14,866 [pool-126-thread-1] INFO  server.RaftServerConfigKeys (ConfUtils.java:logGet(43)) - raft.server.retrycache.expirytime = 600000ms (custom)
2019-09-20 14:24:14,866 [pool-126-thread-1] INFO  impl.RaftServerImpl (RaftServerImpl.java:start(180)) - ea2f062a-dcfd-4d75-88ac-6c4e2f0364da: start group-AB449B5A13CC
2019-09-20 14:24:14,866 [pool-126-thread-1] INFO  impl.RaftServerImpl (RaftServerImpl.java:setRole(171)) - ea2f062a-dcfd-4d75-88ac-6c4e2f0364da:group-AB449B5A13CC changes role from null to FOLLOWER at term 0 for startAsFollower
2019-09-20 14:24:14,866 [pool-126-thread-1] INFO  impl.RoleInfo (RoleInfo.java:updateAndGet(143)) - ea2f062a-dcfd-4d75-88ac-6c4e2f0364da: start FollowerState
2019-09-20 14:24:14,867 [pool-126-thread-1] INFO  util.JmxRegister (JmxRegister.java:tryRegister(44)) - Successfully registered JMX Bean with object name Ratis:service=RaftServer,group=group-AB449B5A13CC,id=ea2f062a-dcfd-4d75-88ac-6c4e2f0364da
2019-09-20 14:24:14,870 [RatisPipelineUtilsThread] INFO  pipeline.PipelineStateManager (PipelineStateManager.java:addPipeline(56)) - Created pipeline Pipeline[ Id: b59ed6b5-208f-400e-9201-ab449b5a13cc, Nodes: ea2f062a-dcfd-4d75-88ac-6c4e2f0364da{ip: 192.168.36.99, host: pr-hdds-1569-p5fx8-1226042367, networkLocation: /default-rack, certSerialId: null}, Type:RATIS, Factor:ONE, State:OPEN]
2019-09-20 14:24:14,871 [RatisPipelineUtilsThread] INFO  pipeline.PipelinePlacementPolicy (PipelinePlacementPolicy.java:meetCriteria(91)) - Pipeline Placement: Doesn't meet the criteria to be viable node： 9101a5c2-dfb1-4c31-830b-4c77eb758348 Heaviness: 6 limit: 5
2019-09-20 14:24:14,871 [RatisPipelineUtilsThread] INFO  pipeline.PipelinePlacementPolicy (PipelinePlacementPolicy.java:meetCriteria(91)) - Pipeline Placement: Doesn't meet the criteria to be viable node： fc92467e-4cd7-4ea6-9bfc-11250c30c0f6 Heaviness: 6 limit: 5
2019-09-20 14:24:14,871 [RatisPipelineUtilsThread] INFO  pipeline.PipelinePlacementPolicy (PipelinePlacementPolicy.java:meetCriteria(91)) - Pipeline Placement: Doesn't meet the criteria to be viable node： e0033df1-dced-4562-b4c4-a94a3cb6c131 Heaviness: 6 limit: 5
2019-09-20 14:24:14,871 [RatisPipelineUtilsThread] INFO  pipeline.PipelinePlacementPolicy (PipelinePlacementPolicy.java:meetCriteria(91)) - Pipeline Placement: Doesn't meet the criteria to be viable node： c0a66530-d43a-4ae5-bdbb-2b9936068aaa Heaviness: 6 limit: 5
2019-09-20 14:24:14,871 [RatisPipelineUtilsThread] INFO  pipeline.PipelinePlacementPolicy (PipelinePlacementPolicy.java:meetCriteria(91)) - Pipeline Placement: Doesn't meet the criteria to be viable node： 93651a45-ffa4-4bae-ae49-6429ae7182bc Heaviness: 6 limit: 5
2019-09-20 14:24:14,871 [RatisPipelineUtilsThread] INFO  pipeline.PipelinePlacementPolicy (PipelinePlacementPolicy.java:meetCriteria(91)) - Pipeline Placement: Doesn't meet the criteria to be viable node： 926b0f41-0722-49ff-a592-68b703f22f49 Heaviness: 6 limit: 5
2019-09-20 14:24:14,872 [RatisPipelineUtilsThread] INFO  pipeline.PipelinePlacementPolicy (PipelinePlacementPolicy.java:meetCriteria(91)) - Pipeline Placement: Doesn't meet the criteria to be viable node： 4b9e2e33-9606-42c4-a38b-d8e2568a9ed5 Heaviness: 6 limit: 5
2019-09-20 14:24:14,872 [RatisPipelineUtilsThread] INFO  pipeline.PipelinePlacementPolicy (PipelinePlacementPolicy.java:meetCriteria(91)) - Pipeline Placement: Doesn't meet the criteria to be viable node： 7c330693-1e2f-4265-ad51-f8ae66fac775 Heaviness: 6 limit: 5
2019-09-20 14:24:14,872 [RatisPipelineUtilsThread] INFO  pipeline.PipelinePlacementPolicy (PipelinePlacementPolicy.java:meetCriteria(91)) - Pipeline Placement: Doesn't meet the criteria to be viable node： f44a1c99-f9ac-4ca4-85ec-e98b84e0ebc2 Heaviness: 6 limit: 5
2019-09-20 14:24:14,873 [Thread-311] INFO  impl.FollowerState (FollowerState.java:run(106)) - 7c330693-1e2f-4265-ad51-f8ae66fac775:group-904199C3FB4B changes to CANDIDATE, lastRpcTime:5001, electionTimeout:5001ms
2019-09-20 14:24:14,873 [Thread-311] INFO  impl.RoleInfo (RoleInfo.java:shutdownFollowerState(121)) - 7c330693-1e2f-4265-ad51-f8ae66fac775: shutdown FollowerState
2019-09-20 14:24:14,873 [Thread-311] INFO  impl.RaftServerImpl (RaftServerImpl.java:setRole(171)) - 7c330693-1e2f-4265-ad51-f8ae66fac775:group-904199C3FB4B changes role from FOLLOWER to CANDIDATE at term 0 for changeToCandidate
2019-09-20 14:24:14,873 [Thread-311] INFO  impl.RoleInfo (RoleInfo.java:updateAndGet(143)) - 7c330693-1e2f-4265-ad51-f8ae66fac775: start LeaderElection
2019-09-20 14:24:14,884 [4b9e2e33-9606-42c4-a38b-d8e2568a9ed5-SegmentedRaftLogWorker:Storage Directory /workdir/hadoop-ozone/ozonefs/target/test-dir/MiniOzoneClusterImpl-72e1902e-de17-4929-8ada-cc6049662493/datanode-3/data/ratis/88b48c35-bb58-40c0-a0c8-f718f8c9c9b2] INFO  segmented.SegmentedRaftLogWorker (SegmentedRaftLogWorker.java:execute(569)) - 4b9e2e33-9606-42c4-a38b-d8e2568a9ed5-SegmentedRaftLogWorker:Storage Directory /workdir/hadoop-ozone/ozonefs/target/test-dir/MiniOzoneClusterImpl-72e1902e-de17-4929-8ada-cc6049662493/datanode-3/data/ratis/88b48c35-bb58-40c0-a0c8-f718f8c9c9b2: created new log segment /workdir/hadoop-ozone/ozonefs/target/test-dir/MiniOzoneClusterImpl-72e1902e-de17-4929-8ada-cc6049662493/datanode-3/data/ratis/88b48c35-bb58-40c0-a0c8-f718f8c9c9b2/current/log_inprogress_0
2019-09-20 14:24:14,885 [7c330693-1e2f-4265-ad51-f8ae66fac775:group-396AB2352ED5:LeaderElection9] INFO  impl.LeaderElection (LeaderElection.java:askForVotes(181)) - 7c330693-1e2f-4265-ad51-f8ae66fac775:group-396AB2352ED5:LeaderElection9: begin an election at term 1 for -1: [7c330693-1e2f-4265-ad51-f8ae66fac775:192.168.36.99:39028], old=null
2019-09-20 14:24:14,885 [7c330693-1e2f-4265-ad51-f8ae66fac775:group-396AB2352ED5:LeaderElection9] INFO  impl.RoleInfo (RoleInfo.java:shutdownLeaderElection(134)) - 7c330693-1e2f-4265-ad51-f8ae66fac775: shutdown LeaderElection
2019-09-20 14:24:14,885 [7c330693-1e2f-4265-ad51-f8ae66fac775:group-396AB2352ED5:LeaderElection9] INFO  impl.RaftServerImpl (RaftServerImpl.java:setRole(171)) - 7c330693-1e2f-4265-ad51-f8ae66fac775:group-396AB2352ED5 changes role from CANDIDATE to LEADER at term 1 for changeToLeader
2019-09-20 14:24:14,885 [7c330693-1e2f-4265-ad51-f8ae66fac775:group-396AB2352ED5:LeaderElection9] INFO  impl.RaftServerImpl (ServerState.java:setLeader(263)) - 7c330693-1e2f-4265-ad51-f8ae66fac775:group-396AB2352ED5 change Leader from null to 7c330693-1e2f-4265-ad51-f8ae66fac775 at term 1 for becomeLeader, leader elected after 5111ms
2019-09-20 14:24:14,885 [7c330693-1e2f-4265-ad51-f8ae66fac775:group-396AB2352ED5:LeaderElection9] INFO  server.RaftServerConfigKeys (ConfUtils.java:logGet(43)) - raft.server.staging.catchup.gap = 1000 (default)
2019-09-20 14:24:14,885 [7c330693-1e2f-4265-ad51-f8ae66fac775:group-396AB2352ED5:LeaderElection9] INFO  server.RaftServerConfigKeys (ConfUtils.java:logGet(43)) - raft.server.rpc.sleep.time = 25ms (default)
2019-09-20 14:24:14,886 [7c330693-1e2f-4265-ad51-f8ae66fac775:group-396AB2352ED5:LeaderElection9] INFO  server.RaftServerConfigKeys (ConfUtils.java:logGet(43)) - raft.server.write.element-limit = 4096 (default)
2019-09-20 14:24:14,886 [7c330693-1e2f-4265-ad51-f8ae66fac775:group-396AB2352ED5:LeaderElection9] INFO  server.RaftServerConfigKeys (ConfUtils.java:logGet(43)) - raft.server.watch.timeout = 10s (default)
2019-09-20 14:24:14,886 [7c330693-1e2f-4265-ad51-f8ae66fac775:group-396AB2352ED5:LeaderElection9] INFO  server.RaftServerConfigKeys (ConfUtils.java:logGet(43)) - raft.server.watch.timeout.denomination = 1s (default)
2019-09-20 14:24:14,886 [grpc-default-executor-0] INFO  impl.RaftServerProxy (RaftServerProxy.java:addNew(89)) - ea2f062a-dcfd-4d75-88ac-6c4e2f0364da: addNew group-D91C9EFA14C0:[ea2f062a-dcfd-4d75-88ac-6c4e2f0364da:192.168.36.99:35343] returns group-D91C9EFA14C0:java.util.concurrent.CompletableFuture@59aa3a93[Not completed]
2019-09-20 14:24:14,886 [7c330693-1e2f-4265-ad51-f8ae66fac775:group-396AB2352ED5:LeaderElection9] INFO  server.RaftServerConfigKeys (ConfUtils.java:logGet(43)) - raft.server.watch.element-limit = 65536 (default)
2019-09-20 14:24:14,887 [7c330693-1e2f-4265-ad51-f8ae66fac775:group-396AB2352ED5:LeaderElection9] INFO  impl.RoleInfo (RoleInfo.java:updateAndGet(143)) - 7c330693-1e2f-4265-ad51-f8ae66fac775: start LeaderState
2019-09-20 14:24:14,887 [7c330693-1e2f-4265-ad51-f8ae66fac775:group-396AB2352ED5:LeaderElection9] INFO  segmented.SegmentedRaftLogWorker (SegmentedRaftLogWorker.java:startLogSegment(380)) - 7c330693-1e2f-4265-ad51-f8ae66fac775-SegmentedRaftLogWorker:Storage Directory /workdir/hadoop-ozone/ozonefs/target/test-dir/MiniOzoneClusterImpl-72e1902e-de17-4929-8ada-cc6049662493/datanode-0/data/ratis/0e1149ae-7520-4a5f-81ca-396ab2352ed5: Starting segment from index:0
2019-09-20 14:24:14,887 [pool-126-thread-1] INFO  impl.RaftServerImpl (RaftServerImpl.java:<init>(93)) - ea2f062a-dcfd-4d75-88ac-6c4e2f0364da: new RaftServerImpl for group-D91C9EFA14C0:[ea2f062a-dcfd-4d75-88ac-6c4e2f0364da:192.168.36.99:35343] with ContainerStateMachine:uninitialized
2019-09-20 14:24:14,887 [pool-126-thread-1] INFO  server.RaftServerConfigKeys (ConfUtils.java:logGet(43)) - raft.server.rpc.timeout.min = 5s (custom)
2019-09-20 14:24:14,888 [7c330693-1e2f-4265-ad51-f8ae66fac775:group-396AB2352ED5:LeaderElection9] INFO  impl.RaftServerImpl (ServerState.java:setRaftConf(361)) - 7c330693-1e2f-4265-ad51-f8ae66fac775:group-396AB2352ED5 set configuration 0: [7c330693-1e2f-4265-ad51-f8ae66fac775:192.168.36.99:39028], old=null at 0
2019-09-20 14:24:14,888 [pool-126-thread-1] INFO  server.RaftServerConfigKeys (ConfUtils.java:logGet(43)) - raft.server.rpc.timeout.max = 5200ms (custom)
2019-09-20 14:24:14,921 [7c330693-1e2f-4265-ad51-f8ae66fac775:group-904199C3FB4B:LeaderElection10] INFO  impl.LeaderElection (LeaderElection.java:askForVotes(181)) - 7c330693-1e2f-4265-ad51-f8ae66fac775:group-904199C3FB4B:LeaderElection10: begin an election at term 1 for -1: [7c330693-1e2f-4265-ad51-f8ae66fac775:192.168.36.99:39028], old=null
2019-09-20 14:24:14,921 [pool-126-thread-1] INFO  server.RaftServerConfigKeys (ConfUtils.java:logGet(43)) - raft.server.rpcslowness.timeout = 120s (custom)
2019-09-20 14:24:14,921 [7c330693-1e2f-4265-ad51-f8ae66fac775:group-904199C3FB4B:LeaderElection10] INFO  impl.RoleInfo (RoleInfo.java:shutdownLeaderElection(134)) - 7c330693-1e2f-4265-ad51-f8ae66fac775: shutdown LeaderElection
2019-09-20 14:24:14,921 [pool-126-thread-1] INFO  server.RaftServerConfigKeys (ConfUtils.java:logGet(43)) - raft.server.sleep.deviation.threshold = 300 (default)
2019-09-20 14:24:14,921 [7c330693-1e2f-4265-ad51-f8ae66fac775:group-904199C3FB4B:LeaderElection10] INFO  impl.RaftServerImpl (RaftServerImpl.java:setRole(171)) - 7c330693-1e2f-4265-ad51-f8ae66fac775:group-904199C3FB4B changes role from CANDIDATE to LEADER at term 1 for changeToLeader
2019-09-20 14:24:14,922 [pool-126-thread-1] INFO  server.RaftServerConfigKeys (ConfUtils.java:logGet(43)) - raft.server.log.appender.install.snapshot.enabled = false (custom)
2019-09-20 14:24:14,922 [7c330693-1e2f-4265-ad51-f8ae66fac775:group-904199C3FB4B:LeaderElection10] INFO  impl.RaftServerImpl (ServerState.java:setLeader(263)) - 7c330693-1e2f-4265-ad51-f8ae66fac775:group-904199C3FB4B change Leader from null to 7c330693-1e2f-4265-ad51-f8ae66fac775 at term 1 for becomeLeader, leader elected after 5055ms
2019-09-20 14:24:14,922 [pool-126-thread-1] INFO  impl.RaftServerImpl (ServerState.java:<init>(105)) - ea2f062a-dcfd-4d75-88ac-6c4e2f0364da:group-D91C9EFA14C0 ConfigurationManager, init=-1: [ea2f062a-dcfd-4d75-88ac-6c4e2f0364da:192.168.36.99:35343], old=null, confs=<EMPTY_MAP>
2019-09-20 14:24:14,922 [7c330693-1e2f-4265-ad51-f8ae66fac775:group-904199C3FB4B:LeaderElection10] INFO  server.RaftServerConfigKeys (ConfUtils.java:logGet(43)) - raft.server.staging.catchup.gap = 1000 (default)
2019-09-20 14:24:14,922 [pool-126-thread-1] INFO  server.RaftServerConfigKeys (ConfUtils.java:logGet(43)) - raft.server.storage.dir = [/workdir/hadoop-ozone/ozonefs/target/test-dir/MiniOzoneClusterImpl-72e1902e-de17-4929-8ada-cc6049662493/datanode-9/data/ratis] (custom)
2019-09-20 14:24:14,922 [7c330693-1e2f-4265-ad51-f8ae66fac775:group-904199C3FB4B:LeaderElection10] INFO  server.RaftServerConfigKeys (ConfUtils.java:logGet(43)) - raft.server.rpc.sleep.time = 25ms (default)
2019-09-20 14:24:14,922 [7c330693-1e2f-4265-ad51-f8ae66fac775:group-904199C3FB4B:LeaderElection10] INFO  server.RaftServerConfigKeys (ConfUtils.java:logGet(43)) - raft.server.write.element-limit = 4096 (default)
2019-09-20 14:24:14,923 [pool-126-thread-1] INFO  storage.RaftStorageDirectory (RaftStorageDirectory.java:analyzeStorage(246)) - The storage directory /workdir/hadoop-ozone/ozonefs/target/test-dir/MiniOzoneClusterImpl-72e1902e-de17-4929-8ada-cc6049662493/datanode-9/data/ratis/31c1d42a-2313-4567-84c0-d91c9efa14c0 does not exist. Creating ...
2019-09-20 14:24:14,923 [7c330693-1e2f-4265-ad51-f8ae66fac775:group-904199C3FB4B:LeaderElection10] INFO  server.RaftServerConfigKeys (ConfUtils.java:logGet(43)) - raft.server.watch.timeout = 10s (default)
2019-09-20 14:24:14,923 [7c330693-1e2f-4265-ad51-f8ae66fac775:group-904199C3FB4B:LeaderElection10] INFO  server.RaftServerConfigKeys (ConfUtils.java:logGet(43)) - raft.server.watch.timeout.denomination = 1s (default)
2019-09-20 14:24:14,923 [7c330693-1e2f-4265-ad51-f8ae66fac775:group-904199C3FB4B:LeaderElection10] INFO  server.RaftServerConfigKeys (ConfUtils.java:logGet(43)) - raft.server.watch.element-limit = 65536 (default)
2019-09-20 14:24:14,923 [7c330693-1e2f-4265-ad51-f8ae66fac775:group-904199C3FB4B:LeaderElection10] INFO  impl.RoleInfo (RoleInfo.java:updateAndGet(143)) - 7c330693-1e2f-4265-ad51-f8ae66fac775: start LeaderState
2019-09-20 14:24:14,924 [7c330693-1e2f-4265-ad51-f8ae66fac775:group-904199C3FB4B:LeaderElection10] INFO  segmented.SegmentedRaftLogWorker (SegmentedRaftLogWorker.java:startLogSegment(380)) - 7c330693-1e2f-4265-ad51-f8ae66fac775-SegmentedRaftLogWorker:Storage Directory /workdir/hadoop-ozone/ozonefs/target/test-dir/MiniOzoneClusterImpl-72e1902e-de17-4929-8ada-cc6049662493/datanode-0/data/ratis/1c697d88-cf13-42d1-8eaa-904199c3fb4b: Starting segment from index:0
2019-09-20 14:24:14,924 [7c330693-1e2f-4265-ad51-f8ae66fac775:group-904199C3FB4B:LeaderElection10] INFO  impl.RaftServerImpl (ServerState.java:setRaftConf(361)) - 7c330693-1e2f-4265-ad51-f8ae66fac775:group-904199C3FB4B set configuration 0: [7c330693-1e2f-4265-ad51-f8ae66fac775:192.168.36.99:39028], old=null at 0
2019-09-20 14:24:14,966 [pool-126-thread-1] INFO  storage.RaftStorageDirectory (RaftStorageDirectory.java:tryLock(328)) - Lock on /workdir/hadoop-ozone/ozonefs/target/test-dir/MiniOzoneClusterImpl-72e1902e-de17-4929-8ada-cc6049662493/datanode-9/data/ratis/31c1d42a-2313-4567-84c0-d91c9efa14c0/in_use.lock acquired by nodename 20069@pr-hdds-1569-p5fx8-1226042367
2019-09-20 14:24:14,967 [7c330693-1e2f-4265-ad51-f8ae66fac775-SegmentedRaftLogWorker:Storage Directory /workdir/hadoop-ozone/ozonefs/target/test-dir/MiniOzoneClusterImpl-72e1902e-de17-4929-8ada-cc6049662493/datanode-0/data/ratis/0e1149ae-7520-4a5f-81ca-396ab2352ed5] INFO  segmented.SegmentedRaftLogWorker (SegmentedRaftLogWorker.java:execute(569)) - 7c330693-1e2f-4265-ad51-f8ae66fac775-SegmentedRaftLogWorker:Storage Directory /workdir/hadoop-ozone/ozonefs/target/test-dir/MiniOzoneClusterImpl-72e1902e-de17-4929-8ada-cc6049662493/datanode-0/data/ratis/0e1149ae-7520-4a5f-81ca-396ab2352ed5: created new log segment /workdir/hadoop-ozone/ozonefs/target/test-dir/MiniOzoneClusterImpl-72e1902e-de17-4929-8ada-cc6049662493/datanode-0/data/ratis/0e1149ae-7520-4a5f-81ca-396ab2352ed5/current/log_inprogress_0
2019-09-20 14:24:14,968 | INFO  | SCMAudit | user=jenkins1000 | ip=192.168.36.99 | op=SEND_HEARTBEAT {datanodeUUID=9101a5c2-dfb1-4c31-830b-4c77eb758348, command=[]} | ret=SUCCESS |  
2019-09-20 14:24:14,994 [7c330693-1e2f-4265-ad51-f8ae66fac775-SegmentedRaftLogWorker:Storage Directory /workdir/hadoop-ozone/ozonefs/target/test-dir/MiniOzoneClusterImpl-72e1902e-de17-4929-8ada-cc6049662493/datanode-0/data/ratis/1c697d88-cf13-42d1-8eaa-904199c3fb4b] INFO  segmented.SegmentedRaftLogWorker (SegmentedRaftLogWorker.java:execute(569)) - 7c330693-1e2f-4265-ad51-f8ae66fac775-SegmentedRaftLogWorker:Storage Directory /workdir/hadoop-ozone/ozonefs/target/test-dir/MiniOzoneClusterImpl-72e1902e-de17-4929-8ada-cc6049662493/datanode-0/data/ratis/1c697d88-cf13-42d1-8eaa-904199c3fb4b: created new log segment /workdir/hadoop-ozone/ozonefs/target/test-dir/MiniOzoneClusterImpl-72e1902e-de17-4929-8ada-cc6049662493/datanode-0/data/ratis/1c697d88-cf13-42d1-8eaa-904199c3fb4b/current/log_inprogress_0
2019-09-20 14:24:14,994 [pool-126-thread-1] INFO  storage.RaftStorage (RaftStorage.java:format(72)) - Storage directory /workdir/hadoop-ozone/ozonefs/target/test-dir/MiniOzoneClusterImpl-72e1902e-de17-4929-8ada-cc6049662493/datanode-9/data/ratis/31c1d42a-2313-4567-84c0-d91c9efa14c0 has been successfully formatted.
2019-09-20 14:24:14,995 [pool-126-thread-1] INFO  ratis.ContainerStateMachine (ContainerStateMachine.java:loadSnapshot(226)) - group-D91C9EFA14C0: The snapshot info is null. Setting the last applied indexto:(t:0, i:~)
2019-09-20 14:24:14,995 [pool-126-thread-1] INFO  server.RaftServerConfigKeys (ConfUtils.java:logGet(43)) - raft.server.leader.election.timeout = 120s (custom)
2019-09-20 14:24:14,995 [pool-126-thread-1] INFO  server.RaftServerConfigKeys (ConfUtils.java:logGet(43)) - raft.server.log.use.memory = false (default)
2019-09-20 14:24:14,995 [pool-126-thread-1] INFO  server.RaftServerConfigKeys (ConfUtils.java:logGet(43)) - raft.server.log.purge.gap = 1000000 (custom)
2019-09-20 14:24:14,995 [pool-126-thread-1] INFO  server.RaftServerConfigKeys (ConfUtils.java:logGet(43)) - raft.server.log.appender.buffer.byte-limit = 33554432 (custom)
2019-09-20 14:24:14,996 [pool-126-thread-1] INFO  server.RaftServerConfigKeys (ConfUtils.java:logGet(43)) - raft.server.log.segment.size.max = 1048576 (custom)
2019-09-20 14:24:14,996 [pool-126-thread-1] INFO  server.RaftServerConfigKeys (ConfUtils.java:logGet(43)) - raft.server.log.segment.cache.num.max = 2 (custom)
2019-09-20 14:24:14,996 [pool-126-thread-1] INFO  segmented.SegmentedRaftLogWorker (SegmentedRaftLogWorker.java:<init>(172)) - new ea2f062a-dcfd-4d75-88ac-6c4e2f0364da-SegmentedRaftLogWorker:Storage Directory /workdir/hadoop-ozone/ozonefs/target/test-dir/MiniOzoneClusterImpl-72e1902e-de17-4929-8ada-cc6049662493/datanode-9/data/ratis/31c1d42a-2313-4567-84c0-d91c9efa14c0 for RaftStorage:Storage Directory /workdir/hadoop-ozone/ozonefs/target/test-dir/MiniOzoneClusterImpl-72e1902e-de17-4929-8ada-cc6049662493/datanode-9/data/ratis/31c1d42a-2313-4567-84c0-d91c9efa14c0
2019-09-20 14:24:14,996 [pool-126-thread-1] INFO  server.RaftServerConfigKeys (ConfUtils.java:logGet(43)) - raft.server.log.queue.byte-limit = 2147483647 (custom)
2019-09-20 14:24:14,996 [pool-126-thread-1] INFO  server.RaftServerConfigKeys (ConfUtils.java:logGet(43)) - raft.server.log.queue.element-limit = 1024 (custom)
2019-09-20 14:24:14,996 [pool-126-thread-1] INFO  server.RaftServerConfigKeys (ConfUtils.java:logGet(43)) - raft.server.log.segment.size.max = 1048576 (custom)
2019-09-20 14:24:14,996 [pool-126-thread-1] INFO  server.RaftServerConfigKeys (ConfUtils.java:logGet(43)) - raft.server.log.preallocated.size = 16384 (custom)
2019-09-20 14:24:14,997 [pool-126-thread-1] INFO  server.RaftServerConfigKeys (ConfUtils.java:logGet(43)) - raft.server.log.write.buffer.size = 33554432 (custom)
2019-09-20 14:24:14,997 [pool-126-thread-1] INFO  server.RaftServerConfigKeys (ConfUtils.java:logGet(43)) - raft.server.log.force.sync.num = 128 (default)
2019-09-20 14:24:14,997 [pool-126-thread-1] INFO  server.RaftServerConfigKeys (ConfUtils.java:logGet(43)) - raft.server.log.statemachine.data.sync = true (default)
2019-09-20 14:24:14,997 [pool-126-thread-1] INFO  server.RaftServerConfigKeys (ConfUtils.java:logGet(43)) - raft.server.log.statemachine.data.sync.timeout = 10s (default)
2019-09-20 14:24:14,997 [pool-126-thread-1] INFO  server.RaftServerConfigKeys (ConfUtils.java:logGet(43)) - raft.server.log.statemachine.data.sync.timeout.retry = -1 (default)
2019-09-20 14:24:14,998 [pool-126-thread-1] INFO  server.RaftServerConfigKeys (ConfUtils.java:logGet(43)) - raft.server.log.statemachine.data.caching.enabled = true (custom)
2019-09-20 14:24:14,998 [pool-126-thread-1] INFO  segmented.SegmentedRaftLogWorker (SegmentedRaftLogWorker.java:lambda$new$0(132)) - ea2f062a-dcfd-4d75-88ac-6c4e2f0364da-SegmentedRaftLogWorker:Storage Directory /workdir/hadoop-ozone/ozonefs/target/test-dir/MiniOzoneClusterImpl-72e1902e-de17-4929-8ada-cc6049662493/datanode-9/data/ratis/31c1d42a-2313-4567-84c0-d91c9efa14c0: flushIndex: setUnconditionally 0 -> -1
2019-09-20 14:24:14,998 [pool-126-thread-1] INFO  server.RaftServerConfigKeys (ConfUtils.java:logGet(43)) - raft.server.snapshot.auto.trigger.enabled = true (custom)
2019-09-20 14:24:14,998 [pool-126-thread-1] INFO  server.RaftServerConfigKeys (ConfUtils.java:logGet(43)) - raft.server.snapshot.auto.trigger.threshold = 10000 (custom)
2019-09-20 14:24:14,999 [pool-126-thread-1] INFO  server.RaftServerConfigKeys (ConfUtils.java:logGet(43)) - raft.server.retrycache.expirytime = 600000ms (custom)
2019-09-20 14:24:14,999 [pool-126-thread-1] INFO  impl.RaftServerImpl (RaftServerImpl.java:start(180)) - ea2f062a-dcfd-4d75-88ac-6c4e2f0364da: start group-D91C9EFA14C0
2019-09-20 14:24:14,999 [pool-126-thread-1] INFO  impl.RaftServerImpl (RaftServerImpl.java:setRole(171)) - ea2f062a-dcfd-4d75-88ac-6c4e2f0364da:group-D91C9EFA14C0 changes role from null to FOLLOWER at term 0 for startAsFollower
2019-09-20 14:24:14,999 [pool-126-thread-1] INFO  impl.RoleInfo (RoleInfo.java:updateAndGet(143)) - ea2f062a-dcfd-4d75-88ac-6c4e2f0364da: start FollowerState
2019-09-20 14:24:15,000 [pool-126-thread-1] INFO  util.JmxRegister (JmxRegister.java:tryRegister(44)) - Successfully registered JMX Bean with object name Ratis:service=RaftServer,group=group-D91C9EFA14C0,id=ea2f062a-dcfd-4d75-88ac-6c4e2f0364da
2019-09-20 14:24:15,004 [RatisPipelineUtilsThread] INFO  pipeline.PipelineStateManager (PipelineStateManager.java:addPipeline(56)) - Created pipeline Pipeline[ Id: 31c1d42a-2313-4567-84c0-d91c9efa14c0, Nodes: ea2f062a-dcfd-4d75-88ac-6c4e2f0364da{ip: 192.168.36.99, host: pr-hdds-1569-p5fx8-1226042367, networkLocation: /default-rack, certSerialId: null}, Type:RATIS, Factor:ONE, State:OPEN]
2019-09-20 14:24:15,004 [RatisPipelineUtilsThread] INFO  pipeline.PipelinePlacementPolicy (PipelinePlacementPolicy.java:meetCriteria(91)) - Pipeline Placement: Doesn't meet the criteria to be viable node： 9101a5c2-dfb1-4c31-830b-4c77eb758348 Heaviness: 6 limit: 5
2019-09-20 14:24:15,004 [RatisPipelineUtilsThread] INFO  pipeline.PipelinePlacementPolicy (PipelinePlacementPolicy.java:meetCriteria(91)) - Pipeline Placement: Doesn't meet the criteria to be viable node： fc92467e-4cd7-4ea6-9bfc-11250c30c0f6 Heaviness: 6 limit: 5
2019-09-20 14:24:15,004 [RatisPipelineUtilsThread] INFO  pipeline.PipelinePlacementPolicy (PipelinePlacementPolicy.java:meetCriteria(91)) - Pipeline Placement: Doesn't meet the criteria to be viable node： e0033df1-dced-4562-b4c4-a94a3cb6c131 Heaviness: 6 limit: 5
2019-09-20 14:24:15,005 [RatisPipelineUtilsThread] INFO  pipeline.PipelinePlacementPolicy (PipelinePlacementPolicy.java:meetCriteria(91)) - Pipeline Placement: Doesn't meet the criteria to be viable node： ea2f062a-dcfd-4d75-88ac-6c4e2f0364da Heaviness: 6 limit: 5
2019-09-20 14:24:15,005 [RatisPipelineUtilsThread] INFO  pipeline.PipelinePlacementPolicy (PipelinePlacementPolicy.java:meetCriteria(91)) - Pipeline Placement: Doesn't meet the criteria to be viable node： c0a66530-d43a-4ae5-bdbb-2b9936068aaa Heaviness: 6 limit: 5
2019-09-20 14:24:15,005 [RatisPipelineUtilsThread] INFO  pipeline.PipelinePlacementPolicy (PipelinePlacementPolicy.java:meetCriteria(91)) - Pipeline Placement: Doesn't meet the criteria to be viable node： 93651a45-ffa4-4bae-ae49-6429ae7182bc Heaviness: 6 limit: 5
2019-09-20 14:24:15,005 [RatisPipelineUtilsThread] INFO  pipeline.PipelinePlacementPolicy (PipelinePlacementPolicy.java:meetCriteria(91)) - Pipeline Placement: Doesn't meet the criteria to be viable node： 926b0f41-0722-49ff-a592-68b703f22f49 Heaviness: 6 limit: 5
2019-09-20 14:24:15,006 [RatisPipelineUtilsThread] INFO  pipeline.PipelinePlacementPolicy (PipelinePlacementPolicy.java:meetCriteria(91)) - Pipeline Placement: Doesn't meet the criteria to be viable node： 4b9e2e33-9606-42c4-a38b-d8e2568a9ed5 Heaviness: 6 limit: 5
2019-09-20 14:24:15,006 [RatisPipelineUtilsThread] INFO  pipeline.PipelinePlacementPolicy (PipelinePlacementPolicy.java:meetCriteria(91)) - Pipeline Placement: Doesn't meet the criteria to be viable node： 7c330693-1e2f-4265-ad51-f8ae66fac775 Heaviness: 6 limit: 5
2019-09-20 14:24:15,006 [RatisPipelineUtilsThread] INFO  pipeline.PipelinePlacementPolicy (PipelinePlacementPolicy.java:meetCriteria(91)) - Pipeline Placement: Doesn't meet the criteria to be viable node： f44a1c99-f9ac-4ca4-85ec-e98b84e0ebc2 Heaviness: 6 limit: 5
2019-09-20 14:24:15,006 [RatisPipelineUtilsThread] ERROR pipeline.PipelinePlacementPolicy (PipelinePlacementPolicy.java:filterViableNodes(148)) - Unable to find enough nodes that meet the criteria that cannot engage in more than 5 pipelines. Nodes required: 1 Found: 0, healthy nodes count inNodeManager: 10.
2019-09-20 14:24:15,008 [RatisPipelineUtilsThread] ERROR pipeline.SCMPipelineManager (SCMPipelineManager.java:createPipeline(161)) - Pipeline creation failed due to exception: Unable to find enough nodes that meet the criteria that cannot engage in more than 5 pipelines. Nodes required: 1 Found: 0, healthy nodes count inNodeManager: 10.
2019-09-20 14:24:15,009 [RatisPipelineUtilsThread] INFO  pipeline.PipelinePlacementPolicy (PipelinePlacementPolicy.java:meetCriteria(91)) - Pipeline Placement: Doesn't meet the criteria to be viable node： 9101a5c2-dfb1-4c31-830b-4c77eb758348 Heaviness: 6 limit: 5
2019-09-20 14:24:15,009 [RatisPipelineUtilsThread] INFO  pipeline.PipelinePlacementPolicy (PipelinePlacementPolicy.java:meetCriteria(91)) - Pipeline Placement: Doesn't meet the criteria to be viable node： fc92467e-4cd7-4ea6-9bfc-11250c30c0f6 Heaviness: 6 limit: 5
2019-09-20 14:24:15,009 [RatisPipelineUtilsThread] INFO  pipeline.PipelinePlacementPolicy (PipelinePlacementPolicy.java:meetCriteria(91)) - Pipeline Placement: Doesn't meet the criteria to be viable node： e0033df1-dced-4562-b4c4-a94a3cb6c131 Heaviness: 6 limit: 5
2019-09-20 14:24:15,009 [RatisPipelineUtilsThread] INFO  pipeline.PipelinePlacementPolicy (PipelinePlacementPolicy.java:meetCriteria(91)) - Pipeline Placement: Doesn't meet the criteria to be viable node： ea2f062a-dcfd-4d75-88ac-6c4e2f0364da Heaviness: 6 limit: 5
2019-09-20 14:24:15,009 [RatisPipelineUtilsThread] INFO  pipeline.PipelinePlacementPolicy (PipelinePlacementPolicy.java:meetCriteria(91)) - Pipeline Placement: Doesn't meet the criteria to be viable node： c0a66530-d43a-4ae5-bdbb-2b9936068aaa Heaviness: 6 limit: 5
2019-09-20 14:24:15,010 [RatisPipelineUtilsThread] INFO  pipeline.PipelinePlacementPolicy (PipelinePlacementPolicy.java:meetCriteria(91)) - Pipeline Placement: Doesn't meet the criteria to be viable node： 93651a45-ffa4-4bae-ae49-6429ae7182bc Heaviness: 6 limit: 5
2019-09-20 14:24:15,010 [RatisPipelineUtilsThread] INFO  pipeline.PipelinePlacementPolicy (PipelinePlacementPolicy.java:meetCriteria(91)) - Pipeline Placement: Doesn't meet the criteria to be viable node： 926b0f41-0722-49ff-a592-68b703f22f49 Heaviness: 6 limit: 5
2019-09-20 14:24:15,010 [RatisPipelineUtilsThread] INFO  pipeline.PipelinePlacementPolicy (PipelinePlacementPolicy.java:meetCriteria(91)) - Pipeline Placement: Doesn't meet the criteria to be viable node： 4b9e2e33-9606-42c4-a38b-d8e2568a9ed5 Heaviness: 6 limit: 5
2019-09-20 14:24:15,010 [RatisPipelineUtilsThread] INFO  pipeline.PipelinePlacementPolicy (PipelinePlacementPolicy.java:meetCriteria(91)) - Pipeline Placement: Doesn't meet the criteria to be viable node： 7c330693-1e2f-4265-ad51-f8ae66fac775 Heaviness: 6 limit: 5
2019-09-20 14:24:15,010 [RatisPipelineUtilsThread] INFO  pipeline.PipelinePlacementPolicy (PipelinePlacementPolicy.java:meetCriteria(91)) - Pipeline Placement: Doesn't meet the criteria to be viable node： f44a1c99-f9ac-4ca4-85ec-e98b84e0ebc2 Heaviness: 6 limit: 5
2019-09-20 14:24:15,011 [RatisPipelineUtilsThread] ERROR pipeline.PipelinePlacementPolicy (PipelinePlacementPolicy.java:filterViableNodes(148)) - Unable to find enough nodes that meet the criteria that cannot engage in more than 5 pipelines. Nodes required: 3 Found: 0, healthy nodes count inNodeManager: 10.
2019-09-20 14:24:15,011 [RatisPipelineUtilsThread] ERROR pipeline.SCMPipelineManager (SCMPipelineManager.java:createPipeline(161)) - Pipeline creation failed due to exception: Unable to find enough nodes that meet the criteria that cannot engage in more than 5 pipelines. Nodes required: 3 Found: 0, healthy nodes count inNodeManager: 10.
2019-09-20 14:24:15,011 [RatisPipelineUtilsThread] INFO  pipeline.PipelinePlacementPolicy (PipelinePlacementPolicy.java:meetCriteria(91)) - Pipeline Placement: Doesn't meet the criteria to be viable node： 9101a5c2-dfb1-4c31-830b-4c77eb758348 Heaviness: 6 limit: 5
2019-09-20 14:24:15,011 [RatisPipelineUtilsThread] INFO  pipeline.PipelinePlacementPolicy (PipelinePlacementPolicy.java:meetCriteria(91)) - Pipeline Placement: Doesn't meet the criteria to be viable node： fc92467e-4cd7-4ea6-9bfc-11250c30c0f6 Heaviness: 6 limit: 5
2019-09-20 14:24:15,011 [RatisPipelineUtilsThread] INFO  pipeline.PipelinePlacementPolicy (PipelinePlacementPolicy.java:meetCriteria(91)) - Pipeline Placement: Doesn't meet the criteria to be viable node： e0033df1-dced-4562-b4c4-a94a3cb6c131 Heaviness: 6 limit: 5
2019-09-20 14:24:15,012 [RatisPipelineUtilsThread] INFO  pipeline.PipelinePlacementPolicy (PipelinePlacementPolicy.java:meetCriteria(91)) - Pipeline Placement: Doesn't meet the criteria to be viable node： ea2f062a-dcfd-4d75-88ac-6c4e2f0364da Heaviness: 6 limit: 5
2019-09-20 14:24:15,012 [RatisPipelineUtilsThread] INFO  pipeline.PipelinePlacementPolicy (PipelinePlacementPolicy.java:meetCriteria(91)) - Pipeline Placement: Doesn't meet the criteria to be viable node： c0a66530-d43a-4ae5-bdbb-2b9936068aaa Heaviness: 6 limit: 5
2019-09-20 14:24:15,012 [RatisPipelineUtilsThread] INFO  pipeline.PipelinePlacementPolicy (PipelinePlacementPolicy.java:meetCriteria(91)) - Pipeline Placement: Doesn't meet the criteria to be viable node： 93651a45-ffa4-4bae-ae49-6429ae7182bc Heaviness: 6 limit: 5
2019-09-20 14:24:15,012 [RatisPipelineUtilsThread] INFO  pipeline.PipelinePlacementPolicy (PipelinePlacementPolicy.java:meetCriteria(91)) - Pipeline Placement: Doesn't meet the criteria to be viable node： 926b0f41-0722-49ff-a592-68b703f22f49 Heaviness: 6 limit: 5
2019-09-20 14:24:15,012 [RatisPipelineUtilsThread] INFO  pipeline.PipelinePlacementPolicy (PipelinePlacementPolicy.java:meetCriteria(91)) - Pipeline Placement: Doesn't meet the criteria to be viable node： 4b9e2e33-9606-42c4-a38b-d8e2568a9ed5 Heaviness: 6 limit: 5
2019-09-20 14:24:15,012 [RatisPipelineUtilsThread] INFO  pipeline.PipelinePlacementPolicy (PipelinePlacementPolicy.java:meetCriteria(91)) - Pipeline Placement: Doesn't meet the criteria to be viable node： 7c330693-1e2f-4265-ad51-f8ae66fac775 Heaviness: 6 limit: 5
2019-09-20 14:24:15,013 [RatisPipelineUtilsThread] INFO  pipeline.PipelinePlacementPolicy (PipelinePlacementPolicy.java:meetCriteria(91)) - Pipeline Placement: Doesn't meet the criteria to be viable node： f44a1c99-f9ac-4ca4-85ec-e98b84e0ebc2 Heaviness: 6 limit: 5
2019-09-20 14:24:15,013 [RatisPipelineUtilsThread] ERROR pipeline.PipelinePlacementPolicy (PipelinePlacementPolicy.java:filterViableNodes(148)) - Unable to find enough nodes that meet the criteria that cannot engage in more than 5 pipelines. Nodes required: 1 Found: 0, healthy nodes count inNodeManager: 10.
2019-09-20 14:24:15,013 [RatisPipelineUtilsThread] ERROR pipeline.SCMPipelineManager (SCMPipelineManager.java:createPipeline(161)) - Pipeline creation failed due to exception: Unable to find enough nodes that meet the criteria that cannot engage in more than 5 pipelines. Nodes required: 1 Found: 0, healthy nodes count inNodeManager: 10.
2019-09-20 14:24:15,013 [RatisPipelineUtilsThread] INFO  pipeline.PipelinePlacementPolicy (PipelinePlacementPolicy.java:meetCriteria(91)) - Pipeline Placement: Doesn't meet the criteria to be viable node： 9101a5c2-dfb1-4c31-830b-4c77eb758348 Heaviness: 6 limit: 5
2019-09-20 14:24:15,013 [RatisPipelineUtilsThread] INFO  pipeline.PipelinePlacementPolicy (PipelinePlacementPolicy.java:meetCriteria(91)) - Pipeline Placement: Doesn't meet the criteria to be viable node： fc92467e-4cd7-4ea6-9bfc-11250c30c0f6 Heaviness: 6 limit: 5
2019-09-20 14:24:15,013 [RatisPipelineUtilsThread] INFO  pipeline.PipelinePlacementPolicy (PipelinePlacementPolicy.java:meetCriteria(91)) - Pipeline Placement: Doesn't meet the criteria to be viable node： e0033df1-dced-4562-b4c4-a94a3cb6c131 Heaviness: 6 limit: 5
2019-09-20 14:24:15,014 [RatisPipelineUtilsThread] INFO  pipeline.PipelinePlacementPolicy (PipelinePlacementPolicy.java:meetCriteria(91)) - Pipeline Placement: Doesn't meet the criteria to be viable node： ea2f062a-dcfd-4d75-88ac-6c4e2f0364da Heaviness: 6 limit: 5
2019-09-20 14:24:15,014 [RatisPipelineUtilsThread] INFO  pipeline.PipelinePlacementPolicy (PipelinePlacementPolicy.java:meetCriteria(91)) - Pipeline Placement: Doesn't meet the criteria to be viable node： c0a66530-d43a-4ae5-bdbb-2b9936068aaa Heaviness: 6 limit: 5
2019-09-20 14:24:15,014 [RatisPipelineUtilsThread] INFO  pipeline.PipelinePlacementPolicy (PipelinePlacementPolicy.java:meetCriteria(91)) - Pipeline Placement: Doesn't meet the criteria to be viable node： 93651a45-ffa4-4bae-ae49-6429ae7182bc Heaviness: 6 limit: 5
2019-09-20 14:24:15,014 [RatisPipelineUtilsThread] INFO  pipeline.PipelinePlacementPolicy (PipelinePlacementPolicy.java:meetCriteria(91)) - Pipeline Placement: Doesn't meet the criteria to be viable node： 926b0f41-0722-49ff-a592-68b703f22f49 Heaviness: 6 limit: 5
2019-09-20 14:24:15,014 [RatisPipelineUtilsThread] INFO  pipeline.PipelinePlacementPolicy (PipelinePlacementPolicy.java:meetCriteria(91)) - Pipeline Placement: Doesn't meet the criteria to be viable node： 4b9e2e33-9606-42c4-a38b-d8e2568a9ed5 Heaviness: 6 limit: 5
2019-09-20 14:24:15,014 [RatisPipelineUtilsThread] INFO  pipeline.PipelinePlacementPolicy (PipelinePlacementPolicy.java:meetCriteria(91)) - Pipeline Placement: Doesn't meet the criteria to be viable node： 7c330693-1e2f-4265-ad51-f8ae66fac775 Heaviness: 6 limit: 5
2019-09-20 14:24:15,015 [RatisPipelineUtilsThread] INFO  pipeline.PipelinePlacementPolicy (PipelinePlacementPolicy.java:meetCriteria(91)) - Pipeline Placement: Doesn't meet the criteria to be viable node： f44a1c99-f9ac-4ca4-85ec-e98b84e0ebc2 Heaviness: 6 limit: 5
2019-09-20 14:24:15,015 [RatisPipelineUtilsThread] ERROR pipeline.PipelinePlacementPolicy (PipelinePlacementPolicy.java:filterViableNodes(148)) - Unable to find enough nodes that meet the criteria that cannot engage in more than 5 pipelines. Nodes required: 3 Found: 0, healthy nodes count inNodeManager: 10.
2019-09-20 14:24:15,015 [RatisPipelineUtilsThread] ERROR pipeline.SCMPipelineManager (SCMPipelineManager.java:createPipeline(161)) - Pipeline creation failed due to exception: Unable to find enough nodes that meet the criteria that cannot engage in more than 5 pipelines. Nodes required: 3 Found: 0, healthy nodes count inNodeManager: 10.
2019-09-20 14:24:15,020 [Thread-314] INFO  impl.FollowerState (FollowerState.java:run(106)) - f44a1c99-f9ac-4ca4-85ec-e98b84e0ebc2:group-CDA5F79ABBF6 changes to CANDIDATE, lastRpcTime:5038, electionTimeout:5038ms
2019-09-20 14:24:15,020 [Thread-314] INFO  impl.RoleInfo (RoleInfo.java:shutdownFollowerState(121)) - f44a1c99-f9ac-4ca4-85ec-e98b84e0ebc2: shutdown FollowerState
2019-09-20 14:24:15,020 [Thread-314] INFO  impl.RaftServerImpl (RaftServerImpl.java:setRole(171)) - f44a1c99-f9ac-4ca4-85ec-e98b84e0ebc2:group-CDA5F79ABBF6 changes role from FOLLOWER to CANDIDATE at term 0 for changeToCandidate
2019-09-20 14:24:15,020 [Thread-314] INFO  impl.RoleInfo (RoleInfo.java:updateAndGet(143)) - f44a1c99-f9ac-4ca4-85ec-e98b84e0ebc2: start LeaderElection
2019-09-20 14:24:15,070 [f44a1c99-f9ac-4ca4-85ec-e98b84e0ebc2:group-CDA5F79ABBF6:LeaderElection11] INFO  impl.LeaderElection (LeaderElection.java:askForVotes(181)) - f44a1c99-f9ac-4ca4-85ec-e98b84e0ebc2:group-CDA5F79ABBF6:LeaderElection11: begin an election at term 1 for -1: [f44a1c99-f9ac-4ca4-85ec-e98b84e0ebc2:192.168.36.99:39362], old=null
2019-09-20 14:24:15,070 [f44a1c99-f9ac-4ca4-85ec-e98b84e0ebc2:group-CDA5F79ABBF6:LeaderElection11] INFO  impl.RoleInfo (RoleInfo.java:shutdownLeaderElection(134)) - f44a1c99-f9ac-4ca4-85ec-e98b84e0ebc2: shutdown LeaderElection
2019-09-20 14:24:15,070 [f44a1c99-f9ac-4ca4-85ec-e98b84e0ebc2:group-CDA5F79ABBF6:LeaderElection11] INFO  impl.RaftServerImpl (RaftServerImpl.java:setRole(171)) - f44a1c99-f9ac-4ca4-85ec-e98b84e0ebc2:group-CDA5F79ABBF6 changes role from CANDIDATE to LEADER at term 1 for changeToLeader
2019-09-20 14:24:15,070 [f44a1c99-f9ac-4ca4-85ec-e98b84e0ebc2:group-CDA5F79ABBF6:LeaderElection11] INFO  impl.RaftServerImpl (ServerState.java:setLeader(263)) - f44a1c99-f9ac-4ca4-85ec-e98b84e0ebc2:group-CDA5F79ABBF6 change Leader from null to f44a1c99-f9ac-4ca4-85ec-e98b84e0ebc2 at term 1 for becomeLeader, leader elected after 5094ms
2019-09-20 14:24:15,070 [f44a1c99-f9ac-4ca4-85ec-e98b84e0ebc2:group-CDA5F79ABBF6:LeaderElection11] INFO  server.RaftServerConfigKeys (ConfUtils.java:logGet(43)) - raft.server.staging.catchup.gap = 1000 (default)
2019-09-20 14:24:15,071 [f44a1c99-f9ac-4ca4-85ec-e98b84e0ebc2:group-CDA5F79ABBF6:LeaderElection11] INFO  server.RaftServerConfigKeys (ConfUtils.java:logGet(43)) - raft.server.rpc.sleep.time = 25ms (default)
2019-09-20 14:24:15,071 [f44a1c99-f9ac-4ca4-85ec-e98b84e0ebc2:group-CDA5F79ABBF6:LeaderElection11] INFO  server.RaftServerConfigKeys (ConfUtils.java:logGet(43)) - raft.server.write.element-limit = 4096 (default)
2019-09-20 14:24:15,071 [f44a1c99-f9ac-4ca4-85ec-e98b84e0ebc2:group-CDA5F79ABBF6:LeaderElection11] INFO  server.RaftServerConfigKeys (ConfUtils.java:logGet(43)) - raft.server.watch.timeout = 10s (default)
2019-09-20 14:24:15,071 [f44a1c99-f9ac-4ca4-85ec-e98b84e0ebc2:group-CDA5F79ABBF6:LeaderElection11] INFO  server.RaftServerConfigKeys (ConfUtils.java:logGet(43)) - raft.server.watch.timeout.denomination = 1s (default)
2019-09-20 14:24:15,071 [f44a1c99-f9ac-4ca4-85ec-e98b84e0ebc2:group-CDA5F79ABBF6:LeaderElection11] INFO  server.RaftServerConfigKeys (ConfUtils.java:logGet(43)) - raft.server.watch.element-limit = 65536 (default)
2019-09-20 14:24:15,071 [f44a1c99-f9ac-4ca4-85ec-e98b84e0ebc2:group-CDA5F79ABBF6:LeaderElection11] INFO  impl.RoleInfo (RoleInfo.java:updateAndGet(143)) - f44a1c99-f9ac-4ca4-85ec-e98b84e0ebc2: start LeaderState
2019-09-20 14:24:15,072 [f44a1c99-f9ac-4ca4-85ec-e98b84e0ebc2:group-CDA5F79ABBF6:LeaderElection11] INFO  segmented.SegmentedRaftLogWorker (SegmentedRaftLogWorker.java:startLogSegment(380)) - f44a1c99-f9ac-4ca4-85ec-e98b84e0ebc2-SegmentedRaftLogWorker:Storage Directory /workdir/hadoop-ozone/ozonefs/target/test-dir/MiniOzoneClusterImpl-72e1902e-de17-4929-8ada-cc6049662493/datanode-5/data/ratis/38986bf5-118d-418b-96b8-cda5f79abbf6: Starting segment from index:0
2019-09-20 14:24:15,072 [f44a1c99-f9ac-4ca4-85ec-e98b84e0ebc2:group-CDA5F79ABBF6:LeaderElection11] INFO  impl.RaftServerImpl (ServerState.java:setRaftConf(361)) - f44a1c99-f9ac-4ca4-85ec-e98b84e0ebc2:group-CDA5F79ABBF6 set configuration 0: [f44a1c99-f9ac-4ca4-85ec-e98b84e0ebc2:192.168.36.99:39362], old=null at 0
2019-09-20 14:24:15,137 [f44a1c99-f9ac-4ca4-85ec-e98b84e0ebc2-SegmentedRaftLogWorker:Storage Directory /workdir/hadoop-ozone/ozonefs/target/test-dir/MiniOzoneClusterImpl-72e1902e-de17-4929-8ada-cc6049662493/datanode-5/data/ratis/38986bf5-118d-418b-96b8-cda5f79abbf6] INFO  segmented.SegmentedRaftLogWorker (SegmentedRaftLogWorker.java:execute(569)) - f44a1c99-f9ac-4ca4-85ec-e98b84e0ebc2-SegmentedRaftLogWorker:Storage Directory /workdir/hadoop-ozone/ozonefs/target/test-dir/MiniOzoneClusterImpl-72e1902e-de17-4929-8ada-cc6049662493/datanode-5/data/ratis/38986bf5-118d-418b-96b8-cda5f79abbf6: created new log segment /workdir/hadoop-ozone/ozonefs/target/test-dir/MiniOzoneClusterImpl-72e1902e-de17-4929-8ada-cc6049662493/datanode-5/data/ratis/38986bf5-118d-418b-96b8-cda5f79abbf6/current/log_inprogress_0
2019-09-20 14:24:15,145 [Thread-317] INFO  impl.FollowerState (FollowerState.java:run(106)) - 926b0f41-0722-49ff-a592-68b703f22f49:group-FA2F72304839 changes to CANDIDATE, lastRpcTime:5073, electionTimeout:5073ms
2019-09-20 14:24:15,145 [Thread-317] INFO  impl.RoleInfo (RoleInfo.java:shutdownFollowerState(121)) - 926b0f41-0722-49ff-a592-68b703f22f49: shutdown FollowerState
2019-09-20 14:24:15,145 [Thread-317] INFO  impl.RaftServerImpl (RaftServerImpl.java:setRole(171)) - 926b0f41-0722-49ff-a592-68b703f22f49:group-FA2F72304839 changes role from FOLLOWER to CANDIDATE at term 0 for changeToCandidate
2019-09-20 14:24:15,145 [Thread-317] INFO  impl.RoleInfo (RoleInfo.java:updateAndGet(143)) - 926b0f41-0722-49ff-a592-68b703f22f49: start LeaderElection
2019-09-20 14:24:15,156 | INFO  | SCMAudit | user=jenkins1000 | ip=192.168.36.99 | op=SEND_HEARTBEAT {datanodeUUID=e0033df1-dced-4562-b4c4-a94a3cb6c131, command=[]} | ret=SUCCESS |  
2019-09-20 14:24:15,187 [926b0f41-0722-49ff-a592-68b703f22f49:group-FA2F72304839:LeaderElection12] INFO  impl.LeaderElection (LeaderElection.java:askForVotes(181)) - 926b0f41-0722-49ff-a592-68b703f22f49:group-FA2F72304839:LeaderElection12: begin an election at term 1 for -1: [926b0f41-0722-49ff-a592-68b703f22f49:192.168.36.99:33200], old=null
2019-09-20 14:24:15,187 [926b0f41-0722-49ff-a592-68b703f22f49:group-FA2F72304839:LeaderElection12] INFO  impl.RoleInfo (RoleInfo.java:shutdownLeaderElection(134)) - 926b0f41-0722-49ff-a592-68b703f22f49: shutdown LeaderElection
2019-09-20 14:24:15,187 [926b0f41-0722-49ff-a592-68b703f22f49:group-FA2F72304839:LeaderElection12] INFO  impl.RaftServerImpl (RaftServerImpl.java:setRole(171)) - 926b0f41-0722-49ff-a592-68b703f22f49:group-FA2F72304839 changes role from CANDIDATE to LEADER at term 1 for changeToLeader
2019-09-20 14:24:15,188 [926b0f41-0722-49ff-a592-68b703f22f49:group-FA2F72304839:LeaderElection12] INFO  impl.RaftServerImpl (ServerState.java:setLeader(263)) - 926b0f41-0722-49ff-a592-68b703f22f49:group-FA2F72304839 change Leader from null to 926b0f41-0722-49ff-a592-68b703f22f49 at term 1 for becomeLeader, leader elected after 5120ms
2019-09-20 14:24:15,188 [926b0f41-0722-49ff-a592-68b703f22f49:group-FA2F72304839:LeaderElection12] INFO  server.RaftServerConfigKeys (ConfUtils.java:logGet(43)) - raft.server.staging.catchup.gap = 1000 (default)
2019-09-20 14:24:15,188 [926b0f41-0722-49ff-a592-68b703f22f49:group-FA2F72304839:LeaderElection12] INFO  server.RaftServerConfigKeys (ConfUtils.java:logGet(43)) - raft.server.rpc.sleep.time = 25ms (default)
2019-09-20 14:24:15,188 [926b0f41-0722-49ff-a592-68b703f22f49:group-FA2F72304839:LeaderElection12] INFO  server.RaftServerConfigKeys (ConfUtils.java:logGet(43)) - raft.server.write.element-limit = 4096 (default)
2019-09-20 14:24:15,188 [926b0f41-0722-49ff-a592-68b703f22f49:group-FA2F72304839:LeaderElection12] INFO  server.RaftServerConfigKeys (ConfUtils.java:logGet(43)) - raft.server.watch.timeout = 10s (default)
2019-09-20 14:24:15,189 [926b0f41-0722-49ff-a592-68b703f22f49:group-FA2F72304839:LeaderElection12] INFO  server.RaftServerConfigKeys (ConfUtils.java:logGet(43)) - raft.server.watch.timeout.denomination = 1s (default)
2019-09-20 14:24:15,189 [926b0f41-0722-49ff-a592-68b703f22f49:group-FA2F72304839:LeaderElection12] INFO  server.RaftServerConfigKeys (ConfUtils.java:logGet(43)) - raft.server.watch.element-limit = 65536 (default)
2019-09-20 14:24:15,189 [926b0f41-0722-49ff-a592-68b703f22f49:group-FA2F72304839:LeaderElection12] INFO  impl.RoleInfo (RoleInfo.java:updateAndGet(143)) - 926b0f41-0722-49ff-a592-68b703f22f49: start LeaderState
2019-09-20 14:24:15,189 [926b0f41-0722-49ff-a592-68b703f22f49:group-FA2F72304839:LeaderElection12] INFO  segmented.SegmentedRaftLogWorker (SegmentedRaftLogWorker.java:startLogSegment(380)) - 926b0f41-0722-49ff-a592-68b703f22f49-SegmentedRaftLogWorker:Storage Directory /workdir/hadoop-ozone/ozonefs/target/test-dir/MiniOzoneClusterImpl-72e1902e-de17-4929-8ada-cc6049662493/datanode-2/data/ratis/d924e1af-909f-408d-8a94-fa2f72304839: Starting segment from index:0
2019-09-20 14:24:15,190 [926b0f41-0722-49ff-a592-68b703f22f49:group-FA2F72304839:LeaderElection12] INFO  impl.RaftServerImpl (ServerState.java:setRaftConf(361)) - 926b0f41-0722-49ff-a592-68b703f22f49:group-FA2F72304839 set configuration 0: [926b0f41-0722-49ff-a592-68b703f22f49:192.168.36.99:33200], old=null at 0
2019-09-20 14:24:15,234 | INFO  | SCMAudit | user=jenkins1000 | ip=192.168.36.99 | op=SEND_HEARTBEAT {datanodeUUID=7c330693-1e2f-4265-ad51-f8ae66fac775, command=[]} | ret=SUCCESS |  
2019-09-20 14:24:15,264 [Thread-320] INFO  impl.FollowerState (FollowerState.java:run(106)) - 4b9e2e33-9606-42c4-a38b-d8e2568a9ed5:group-92358796CB7B changes to CANDIDATE, lastRpcTime:5090, electionTimeout:5090ms
2019-09-20 14:24:15,264 [Thread-320] INFO  impl.RoleInfo (RoleInfo.java:shutdownFollowerState(121)) - 4b9e2e33-9606-42c4-a38b-d8e2568a9ed5: shutdown FollowerState
2019-09-20 14:24:15,264 [Thread-320] INFO  impl.RaftServerImpl (RaftServerImpl.java:setRole(171)) - 4b9e2e33-9606-42c4-a38b-d8e2568a9ed5:group-92358796CB7B changes role from FOLLOWER to CANDIDATE at term 0 for changeToCandidate
2019-09-20 14:24:15,265 [Thread-320] INFO  impl.RoleInfo (RoleInfo.java:updateAndGet(143)) - 4b9e2e33-9606-42c4-a38b-d8e2568a9ed5: start LeaderElection
2019-09-20 14:24:15,274 [926b0f41-0722-49ff-a592-68b703f22f49-SegmentedRaftLogWorker:Storage Directory /workdir/hadoop-ozone/ozonefs/target/test-dir/MiniOzoneClusterImpl-72e1902e-de17-4929-8ada-cc6049662493/datanode-2/data/ratis/d924e1af-909f-408d-8a94-fa2f72304839] INFO  segmented.SegmentedRaftLogWorker (SegmentedRaftLogWorker.java:execute(569)) - 926b0f41-0722-49ff-a592-68b703f22f49-SegmentedRaftLogWorker:Storage Directory /workdir/hadoop-ozone/ozonefs/target/test-dir/MiniOzoneClusterImpl-72e1902e-de17-4929-8ada-cc6049662493/datanode-2/data/ratis/d924e1af-909f-408d-8a94-fa2f72304839: created new log segment /workdir/hadoop-ozone/ozonefs/target/test-dir/MiniOzoneClusterImpl-72e1902e-de17-4929-8ada-cc6049662493/datanode-2/data/ratis/d924e1af-909f-408d-8a94-fa2f72304839/current/log_inprogress_0
2019-09-20 14:24:15,304 [4b9e2e33-9606-42c4-a38b-d8e2568a9ed5:group-92358796CB7B:LeaderElection13] INFO  impl.LeaderElection (LeaderElection.java:askForVotes(181)) - 4b9e2e33-9606-42c4-a38b-d8e2568a9ed5:group-92358796CB7B:LeaderElection13: begin an election at term 1 for -1: [4b9e2e33-9606-42c4-a38b-d8e2568a9ed5:192.168.36.99:41206], old=null
2019-09-20 14:24:15,304 [4b9e2e33-9606-42c4-a38b-d8e2568a9ed5:group-92358796CB7B:LeaderElection13] INFO  impl.RoleInfo (RoleInfo.java:shutdownLeaderElection(134)) - 4b9e2e33-9606-42c4-a38b-d8e2568a9ed5: shutdown LeaderElection
2019-09-20 14:24:15,305 [4b9e2e33-9606-42c4-a38b-d8e2568a9ed5:group-92358796CB7B:LeaderElection13] INFO  impl.RaftServerImpl (RaftServerImpl.java:setRole(171)) - 4b9e2e33-9606-42c4-a38b-d8e2568a9ed5:group-92358796CB7B changes role from CANDIDATE to LEADER at term 1 for changeToLeader
2019-09-20 14:24:15,305 [4b9e2e33-9606-42c4-a38b-d8e2568a9ed5:group-92358796CB7B:LeaderElection13] INFO  impl.RaftServerImpl (ServerState.java:setLeader(263)) - 4b9e2e33-9606-42c4-a38b-d8e2568a9ed5:group-92358796CB7B change Leader from null to 4b9e2e33-9606-42c4-a38b-d8e2568a9ed5 at term 1 for becomeLeader, leader elected after 5136ms
2019-09-20 14:24:15,305 [4b9e2e33-9606-42c4-a38b-d8e2568a9ed5:group-92358796CB7B:LeaderElection13] INFO  server.RaftServerConfigKeys (ConfUtils.java:logGet(43)) - raft.server.staging.catchup.gap = 1000 (default)
2019-09-20 14:24:15,305 [4b9e2e33-9606-42c4-a38b-d8e2568a9ed5:group-92358796CB7B:LeaderElection13] INFO  server.RaftServerConfigKeys (ConfUtils.java:logGet(43)) - raft.server.rpc.sleep.time = 25ms (default)
2019-09-20 14:24:15,305 [4b9e2e33-9606-42c4-a38b-d8e2568a9ed5:group-92358796CB7B:LeaderElection13] INFO  server.RaftServerConfigKeys (ConfUtils.java:logGet(43)) - raft.server.write.element-limit = 4096 (default)
2019-09-20 14:24:15,305 [4b9e2e33-9606-42c4-a38b-d8e2568a9ed5:group-92358796CB7B:LeaderElection13] INFO  server.RaftServerConfigKeys (ConfUtils.java:logGet(43)) - raft.server.watch.timeout = 10s (default)
2019-09-20 14:24:15,306 [4b9e2e33-9606-42c4-a38b-d8e2568a9ed5:group-92358796CB7B:LeaderElection13] INFO  server.RaftServerConfigKeys (ConfUtils.java:logGet(43)) - raft.server.watch.timeout.denomination = 1s (default)
2019-09-20 14:24:15,306 [4b9e2e33-9606-42c4-a38b-d8e2568a9ed5:group-92358796CB7B:LeaderElection13] INFO  server.RaftServerConfigKeys (ConfUtils.java:logGet(43)) - raft.server.watch.element-limit = 65536 (default)
2019-09-20 14:24:15,306 [4b9e2e33-9606-42c4-a38b-d8e2568a9ed5:group-92358796CB7B:LeaderElection13] INFO  impl.RoleInfo (RoleInfo.java:updateAndGet(143)) - 4b9e2e33-9606-42c4-a38b-d8e2568a9ed5: start LeaderState
2019-09-20 14:24:15,306 [4b9e2e33-9606-42c4-a38b-d8e2568a9ed5:group-92358796CB7B:LeaderElection13] INFO  segmented.SegmentedRaftLogWorker (SegmentedRaftLogWorker.java:startLogSegment(380)) - 4b9e2e33-9606-42c4-a38b-d8e2568a9ed5-SegmentedRaftLogWorker:Storage Directory /workdir/hadoop-ozone/ozonefs/target/test-dir/MiniOzoneClusterImpl-72e1902e-de17-4929-8ada-cc6049662493/datanode-3/data/ratis/dc7ec544-0d4c-4b51-99dc-92358796cb7b: Starting segment from index:0
2019-09-20 14:24:15,307 [4b9e2e33-9606-42c4-a38b-d8e2568a9ed5:group-92358796CB7B:LeaderElection13] INFO  impl.RaftServerImpl (ServerState.java:setRaftConf(361)) - 4b9e2e33-9606-42c4-a38b-d8e2568a9ed5:group-92358796CB7B set configuration 0: [4b9e2e33-9606-42c4-a38b-d8e2568a9ed5:192.168.36.99:41206], old=null at 0
2019-09-20 14:24:15,340 [Thread-323] INFO  impl.FollowerState (FollowerState.java:run(106)) - 93651a45-ffa4-4bae-ae49-6429ae7182bc:group-B7D79CEE6D2C changes to CANDIDATE, lastRpcTime:5056, electionTimeout:5053ms
2019-09-20 14:24:15,340 [Thread-323] INFO  impl.RoleInfo (RoleInfo.java:shutdownFollowerState(121)) - 93651a45-ffa4-4bae-ae49-6429ae7182bc: shutdown FollowerState
2019-09-20 14:24:15,341 [Thread-323] INFO  impl.RaftServerImpl (RaftServerImpl.java:setRole(171)) - 93651a45-ffa4-4bae-ae49-6429ae7182bc:group-B7D79CEE6D2C changes role from FOLLOWER to CANDIDATE at term 0 for changeToCandidate
2019-09-20 14:24:15,341 [Thread-323] INFO  impl.RoleInfo (RoleInfo.java:updateAndGet(143)) - 93651a45-ffa4-4bae-ae49-6429ae7182bc: start LeaderElection
2019-09-20 14:24:15,349 | INFO  | SCMAudit | user=jenkins1000 | ip=192.168.36.99 | op=SEND_HEARTBEAT {datanodeUUID=4b9e2e33-9606-42c4-a38b-d8e2568a9ed5, command=[]} | ret=SUCCESS |  
2019-09-20 14:24:15,371 [4b9e2e33-9606-42c4-a38b-d8e2568a9ed5-SegmentedRaftLogWorker:Storage Directory /workdir/hadoop-ozone/ozonefs/target/test-dir/MiniOzoneClusterImpl-72e1902e-de17-4929-8ada-cc6049662493/datanode-3/data/ratis/dc7ec544-0d4c-4b51-99dc-92358796cb7b] INFO  segmented.SegmentedRaftLogWorker (SegmentedRaftLogWorker.java:execute(569)) - 4b9e2e33-9606-42c4-a38b-d8e2568a9ed5-SegmentedRaftLogWorker:Storage Directory /workdir/hadoop-ozone/ozonefs/target/test-dir/MiniOzoneClusterImpl-72e1902e-de17-4929-8ada-cc6049662493/datanode-3/data/ratis/dc7ec544-0d4c-4b51-99dc-92358796cb7b: created new log segment /workdir/hadoop-ozone/ozonefs/target/test-dir/MiniOzoneClusterImpl-72e1902e-de17-4929-8ada-cc6049662493/datanode-3/data/ratis/dc7ec544-0d4c-4b51-99dc-92358796cb7b/current/log_inprogress_0
2019-09-20 14:24:15,371 [93651a45-ffa4-4bae-ae49-6429ae7182bc:group-B7D79CEE6D2C:LeaderElection14] INFO  impl.LeaderElection (LeaderElection.java:askForVotes(181)) - 93651a45-ffa4-4bae-ae49-6429ae7182bc:group-B7D79CEE6D2C:LeaderElection14: begin an election at term 1 for -1: [93651a45-ffa4-4bae-ae49-6429ae7182bc:192.168.36.99:37696], old=null
2019-09-20 14:24:15,371 [93651a45-ffa4-4bae-ae49-6429ae7182bc:group-B7D79CEE6D2C:LeaderElection14] INFO  impl.RoleInfo (RoleInfo.java:shutdownLeaderElection(134)) - 93651a45-ffa4-4bae-ae49-6429ae7182bc: shutdown LeaderElection
2019-09-20 14:24:15,372 [93651a45-ffa4-4bae-ae49-6429ae7182bc:group-B7D79CEE6D2C:LeaderElection14] INFO  impl.RaftServerImpl (RaftServerImpl.java:setRole(171)) - 93651a45-ffa4-4bae-ae49-6429ae7182bc:group-B7D79CEE6D2C changes role from CANDIDATE to LEADER at term 1 for changeToLeader
2019-09-20 14:24:15,372 [93651a45-ffa4-4bae-ae49-6429ae7182bc:group-B7D79CEE6D2C:LeaderElection14] INFO  impl.RaftServerImpl (ServerState.java:setLeader(263)) - 93651a45-ffa4-4bae-ae49-6429ae7182bc:group-B7D79CEE6D2C change Leader from null to 93651a45-ffa4-4bae-ae49-6429ae7182bc at term 1 for becomeLeader, leader elected after 5093ms
2019-09-20 14:24:15,372 [93651a45-ffa4-4bae-ae49-6429ae7182bc:group-B7D79CEE6D2C:LeaderElection14] INFO  server.RaftServerConfigKeys (ConfUtils.java:logGet(43)) - raft.server.staging.catchup.gap = 1000 (default)
2019-09-20 14:24:15,372 [93651a45-ffa4-4bae-ae49-6429ae7182bc:group-B7D79CEE6D2C:LeaderElection14] INFO  server.RaftServerConfigKeys (ConfUtils.java:logGet(43)) - raft.server.rpc.sleep.time = 25ms (default)
2019-09-20 14:24:15,372 [93651a45-ffa4-4bae-ae49-6429ae7182bc:group-B7D79CEE6D2C:LeaderElection14] INFO  server.RaftServerConfigKeys (ConfUtils.java:logGet(43)) - raft.server.write.element-limit = 4096 (default)
2019-09-20 14:24:15,372 [93651a45-ffa4-4bae-ae49-6429ae7182bc:group-B7D79CEE6D2C:LeaderElection14] INFO  server.RaftServerConfigKeys (ConfUtils.java:logGet(43)) - raft.server.watch.timeout = 10s (default)
2019-09-20 14:24:15,373 [93651a45-ffa4-4bae-ae49-6429ae7182bc:group-B7D79CEE6D2C:LeaderElection14] INFO  server.RaftServerConfigKeys (ConfUtils.java:logGet(43)) - raft.server.watch.timeout.denomination = 1s (default)
2019-09-20 14:24:15,373 [93651a45-ffa4-4bae-ae49-6429ae7182bc:group-B7D79CEE6D2C:LeaderElection14] INFO  server.RaftServerConfigKeys (ConfUtils.java:logGet(43)) - raft.server.watch.element-limit = 65536 (default)
2019-09-20 14:24:15,373 [93651a45-ffa4-4bae-ae49-6429ae7182bc:group-B7D79CEE6D2C:LeaderElection14] INFO  impl.RoleInfo (RoleInfo.java:updateAndGet(143)) - 93651a45-ffa4-4bae-ae49-6429ae7182bc: start LeaderState
2019-09-20 14:24:15,373 [93651a45-ffa4-4bae-ae49-6429ae7182bc:group-B7D79CEE6D2C:LeaderElection14] INFO  segmented.SegmentedRaftLogWorker (SegmentedRaftLogWorker.java:startLogSegment(380)) - 93651a45-ffa4-4bae-ae49-6429ae7182bc-SegmentedRaftLogWorker:Storage Directory /workdir/hadoop-ozone/ozonefs/target/test-dir/MiniOzoneClusterImpl-72e1902e-de17-4929-8ada-cc6049662493/datanode-4/data/ratis/a01c50d5-621a-4970-b129-b7d79cee6d2c: Starting segment from index:0
2019-09-20 14:24:15,374 [93651a45-ffa4-4bae-ae49-6429ae7182bc:group-B7D79CEE6D2C:LeaderElection14] INFO  impl.RaftServerImpl (ServerState.java:setRaftConf(361)) - 93651a45-ffa4-4bae-ae49-6429ae7182bc:group-B7D79CEE6D2C set configuration 0: [93651a45-ffa4-4bae-ae49-6429ae7182bc:192.168.36.99:37696], old=null at 0
2019-09-20 14:24:15,403 | INFO  | SCMAudit | user=jenkins1000 | ip=192.168.36.99 | op=SEND_HEARTBEAT {datanodeUUID=93651a45-ffa4-4bae-ae49-6429ae7182bc, command=[]} | ret=SUCCESS |  
2019-09-20 14:24:15,403 | INFO  | SCMAudit | user=jenkins1000 | ip=192.168.36.99 | op=SEND_HEARTBEAT {datanodeUUID=fc92467e-4cd7-4ea6-9bfc-11250c30c0f6, command=[]} | ret=SUCCESS |  
2019-09-20 14:24:15,430 [93651a45-ffa4-4bae-ae49-6429ae7182bc-SegmentedRaftLogWorker:Storage Directory /workdir/hadoop-ozone/ozonefs/target/test-dir/MiniOzoneClusterImpl-72e1902e-de17-4929-8ada-cc6049662493/datanode-4/data/ratis/a01c50d5-621a-4970-b129-b7d79cee6d2c] INFO  segmented.SegmentedRaftLogWorker (SegmentedRaftLogWorker.java:execute(569)) - 93651a45-ffa4-4bae-ae49-6429ae7182bc-SegmentedRaftLogWorker:Storage Directory /workdir/hadoop-ozone/ozonefs/target/test-dir/MiniOzoneClusterImpl-72e1902e-de17-4929-8ada-cc6049662493/datanode-4/data/ratis/a01c50d5-621a-4970-b129-b7d79cee6d2c: created new log segment /workdir/hadoop-ozone/ozonefs/target/test-dir/MiniOzoneClusterImpl-72e1902e-de17-4929-8ada-cc6049662493/datanode-4/data/ratis/a01c50d5-621a-4970-b129-b7d79cee6d2c/current/log_inprogress_0
2019-09-20 14:24:15,448 [Thread-327] INFO  impl.FollowerState (FollowerState.java:run(106)) - 926b0f41-0722-49ff-a592-68b703f22f49:group-1B98289B3246 changes to CANDIDATE, lastRpcTime:5060, electionTimeout:5060ms
2019-09-20 14:24:15,448 [Thread-327] INFO  impl.RoleInfo (RoleInfo.java:shutdownFollowerState(121)) - 926b0f41-0722-49ff-a592-68b703f22f49: shutdown FollowerState
2019-09-20 14:24:15,448 [Thread-327] INFO  impl.RaftServerImpl (RaftServerImpl.java:setRole(171)) - 926b0f41-0722-49ff-a592-68b703f22f49:group-1B98289B3246 changes role from FOLLOWER to CANDIDATE at term 0 for changeToCandidate
2019-09-20 14:24:15,448 [Thread-327] INFO  impl.RoleInfo (RoleInfo.java:updateAndGet(143)) - 926b0f41-0722-49ff-a592-68b703f22f49: start LeaderElection
2019-09-20 14:24:15,490 | INFO  | SCMAudit | user=jenkins1000 | ip=192.168.36.99 | op=SEND_HEARTBEAT {datanodeUUID=c0a66530-d43a-4ae5-bdbb-2b9936068aaa, command=[]} | ret=SUCCESS |  
2019-09-20 14:24:15,490 [926b0f41-0722-49ff-a592-68b703f22f49:group-1B98289B3246:LeaderElection15] INFO  impl.LeaderElection (LeaderElection.java:askForVotes(181)) - 926b0f41-0722-49ff-a592-68b703f22f49:group-1B98289B3246:LeaderElection15: begin an election at term 1 for -1: [926b0f41-0722-49ff-a592-68b703f22f49:192.168.36.99:33200], old=null
2019-09-20 14:24:15,490 [926b0f41-0722-49ff-a592-68b703f22f49:group-1B98289B3246:LeaderElection15] INFO  impl.RoleInfo (RoleInfo.java:shutdownLeaderElection(134)) - 926b0f41-0722-49ff-a592-68b703f22f49: shutdown LeaderElection
2019-09-20 14:24:15,490 [926b0f41-0722-49ff-a592-68b703f22f49:group-1B98289B3246:LeaderElection15] INFO  impl.RaftServerImpl (RaftServerImpl.java:setRole(171)) - 926b0f41-0722-49ff-a592-68b703f22f49:group-1B98289B3246 changes role from CANDIDATE to LEADER at term 1 for changeToLeader
2019-09-20 14:24:15,490 [926b0f41-0722-49ff-a592-68b703f22f49:group-1B98289B3246:LeaderElection15] INFO  impl.RaftServerImpl (ServerState.java:setLeader(263)) - 926b0f41-0722-49ff-a592-68b703f22f49:group-1B98289B3246 change Leader from null to 926b0f41-0722-49ff-a592-68b703f22f49 at term 1 for becomeLeader, leader elected after 5111ms
2019-09-20 14:24:15,491 [926b0f41-0722-49ff-a592-68b703f22f49:group-1B98289B3246:LeaderElection15] INFO  server.RaftServerConfigKeys (ConfUtils.java:logGet(43)) - raft.server.staging.catchup.gap = 1000 (default)
2019-09-20 14:24:15,491 [926b0f41-0722-49ff-a592-68b703f22f49:group-1B98289B3246:LeaderElection15] INFO  server.RaftServerConfigKeys (ConfUtils.java:logGet(43)) - raft.server.rpc.sleep.time = 25ms (default)
2019-09-20 14:24:15,491 [926b0f41-0722-49ff-a592-68b703f22f49:group-1B98289B3246:LeaderElection15] INFO  server.RaftServerConfigKeys (ConfUtils.java:logGet(43)) - raft.server.write.element-limit = 4096 (default)
2019-09-20 14:24:15,491 [926b0f41-0722-49ff-a592-68b703f22f49:group-1B98289B3246:LeaderElection15] INFO  server.RaftServerConfigKeys (ConfUtils.java:logGet(43)) - raft.server.watch.timeout = 10s (default)
2019-09-20 14:24:15,491 [926b0f41-0722-49ff-a592-68b703f22f49:group-1B98289B3246:LeaderElection15] INFO  server.RaftServerConfigKeys (ConfUtils.java:logGet(43)) - raft.server.watch.timeout.denomination = 1s (default)
2019-09-20 14:24:15,491 [926b0f41-0722-49ff-a592-68b703f22f49:group-1B98289B3246:LeaderElection15] INFO  server.RaftServerConfigKeys (ConfUtils.java:logGet(43)) - raft.server.watch.element-limit = 65536 (default)
2019-09-20 14:24:15,492 [926b0f41-0722-49ff-a592-68b703f22f49:group-1B98289B3246:LeaderElection15] INFO  impl.RoleInfo (RoleInfo.java:updateAndGet(143)) - 926b0f41-0722-49ff-a592-68b703f22f49: start LeaderState
2019-09-20 14:24:15,492 [926b0f41-0722-49ff-a592-68b703f22f49:group-1B98289B3246:LeaderElection15] INFO  segmented.SegmentedRaftLogWorker (SegmentedRaftLogWorker.java:startLogSegment(380)) - 926b0f41-0722-49ff-a592-68b703f22f49-SegmentedRaftLogWorker:Storage Directory /workdir/hadoop-ozone/ozonefs/target/test-dir/MiniOzoneClusterImpl-72e1902e-de17-4929-8ada-cc6049662493/datanode-2/data/ratis/2b8f4e41-cff5-407f-9434-1b98289b3246: Starting segment from index:0
2019-09-20 14:24:15,492 [926b0f41-0722-49ff-a592-68b703f22f49:group-1B98289B3246:LeaderElection15] INFO  impl.RaftServerImpl (ServerState.java:setRaftConf(361)) - 926b0f41-0722-49ff-a592-68b703f22f49:group-1B98289B3246 set configuration 0: [926b0f41-0722-49ff-a592-68b703f22f49:192.168.36.99:33200], old=null at 0
2019-09-20 14:24:15,555 [926b0f41-0722-49ff-a592-68b703f22f49-SegmentedRaftLogWorker:Storage Directory /workdir/hadoop-ozone/ozonefs/target/test-dir/MiniOzoneClusterImpl-72e1902e-de17-4929-8ada-cc6049662493/datanode-2/data/ratis/2b8f4e41-cff5-407f-9434-1b98289b3246] INFO  segmented.SegmentedRaftLogWorker (SegmentedRaftLogWorker.java:execute(569)) - 926b0f41-0722-49ff-a592-68b703f22f49-SegmentedRaftLogWorker:Storage Directory /workdir/hadoop-ozone/ozonefs/target/test-dir/MiniOzoneClusterImpl-72e1902e-de17-4929-8ada-cc6049662493/datanode-2/data/ratis/2b8f4e41-cff5-407f-9434-1b98289b3246: created new log segment /workdir/hadoop-ozone/ozonefs/target/test-dir/MiniOzoneClusterImpl-72e1902e-de17-4929-8ada-cc6049662493/datanode-2/data/ratis/2b8f4e41-cff5-407f-9434-1b98289b3246/current/log_inprogress_0
2019-09-20 14:24:15,668 | INFO  | SCMAudit | user=jenkins1000 | ip=192.168.36.99 | op=SEND_HEARTBEAT {datanodeUUID=f44a1c99-f9ac-4ca4-85ec-e98b84e0ebc2, command=[]} | ret=SUCCESS |  
2019-09-20 14:24:15,668 | INFO  | SCMAudit | user=jenkins1000 | ip=192.168.36.99 | op=SEND_HEARTBEAT {datanodeUUID=ea2f062a-dcfd-4d75-88ac-6c4e2f0364da, command=[]} | ret=SUCCESS |  
2019-09-20 14:24:15,691 [Thread-330] INFO  impl.FollowerState (FollowerState.java:run(106)) - 4b9e2e33-9606-42c4-a38b-d8e2568a9ed5:group-A6ED9B3D97C7 changes to CANDIDATE, lastRpcTime:5199, electionTimeout:5199ms
2019-09-20 14:24:15,691 [Thread-330] INFO  impl.RoleInfo (RoleInfo.java:shutdownFollowerState(121)) - 4b9e2e33-9606-42c4-a38b-d8e2568a9ed5: shutdown FollowerState
2019-09-20 14:24:15,691 [Thread-330] INFO  impl.RaftServerImpl (RaftServerImpl.java:setRole(171)) - 4b9e2e33-9606-42c4-a38b-d8e2568a9ed5:group-A6ED9B3D97C7 changes role from FOLLOWER to CANDIDATE at term 0 for changeToCandidate
2019-09-20 14:24:15,691 [Thread-330] INFO  impl.RoleInfo (RoleInfo.java:updateAndGet(143)) - 4b9e2e33-9606-42c4-a38b-d8e2568a9ed5: start LeaderElection
2019-09-20 14:24:15,731 [4b9e2e33-9606-42c4-a38b-d8e2568a9ed5:group-A6ED9B3D97C7:LeaderElection16] INFO  impl.LeaderElection (LeaderElection.java:askForVotes(181)) - 4b9e2e33-9606-42c4-a38b-d8e2568a9ed5:group-A6ED9B3D97C7:LeaderElection16: begin an election at term 1 for -1: [4b9e2e33-9606-42c4-a38b-d8e2568a9ed5:192.168.36.99:41206], old=null
2019-09-20 14:24:15,731 [4b9e2e33-9606-42c4-a38b-d8e2568a9ed5:group-A6ED9B3D97C7:LeaderElection16] INFO  impl.RoleInfo (RoleInfo.java:shutdownLeaderElection(134)) - 4b9e2e33-9606-42c4-a38b-d8e2568a9ed5: shutdown LeaderElection
2019-09-20 14:24:15,731 [4b9e2e33-9606-42c4-a38b-d8e2568a9ed5:group-A6ED9B3D97C7:LeaderElection16] INFO  impl.RaftServerImpl (RaftServerImpl.java:setRole(171)) - 4b9e2e33-9606-42c4-a38b-d8e2568a9ed5:group-A6ED9B3D97C7 changes role from CANDIDATE to LEADER at term 1 for changeToLeader
2019-09-20 14:24:15,731 [4b9e2e33-9606-42c4-a38b-d8e2568a9ed5:group-A6ED9B3D97C7:LeaderElection16] INFO  impl.RaftServerImpl (ServerState.java:setLeader(263)) - 4b9e2e33-9606-42c4-a38b-d8e2568a9ed5:group-A6ED9B3D97C7 change Leader from null to 4b9e2e33-9606-42c4-a38b-d8e2568a9ed5 at term 1 for becomeLeader, leader elected after 5243ms
2019-09-20 14:24:15,732 [4b9e2e33-9606-42c4-a38b-d8e2568a9ed5:group-A6ED9B3D97C7:LeaderElection16] INFO  server.RaftServerConfigKeys (ConfUtils.java:logGet(43)) - raft.server.staging.catchup.gap = 1000 (default)
2019-09-20 14:24:15,732 [4b9e2e33-9606-42c4-a38b-d8e2568a9ed5:group-A6ED9B3D97C7:LeaderElection16] INFO  server.RaftServerConfigKeys (ConfUtils.java:logGet(43)) - raft.server.rpc.sleep.time = 25ms (default)
2019-09-20 14:24:15,732 [4b9e2e33-9606-42c4-a38b-d8e2568a9ed5:group-A6ED9B3D97C7:LeaderElection16] INFO  server.RaftServerConfigKeys (ConfUtils.java:logGet(43)) - raft.server.write.element-limit = 4096 (default)
2019-09-20 14:24:15,732 [4b9e2e33-9606-42c4-a38b-d8e2568a9ed5:group-A6ED9B3D97C7:LeaderElection16] INFO  server.RaftServerConfigKeys (ConfUtils.java:logGet(43)) - raft.server.watch.timeout = 10s (default)
2019-09-20 14:24:15,732 [4b9e2e33-9606-42c4-a38b-d8e2568a9ed5:group-A6ED9B3D97C7:LeaderElection16] INFO  server.RaftServerConfigKeys (ConfUtils.java:logGet(43)) - raft.server.watch.timeout.denomination = 1s (default)
2019-09-20 14:24:15,733 [4b9e2e33-9606-42c4-a38b-d8e2568a9ed5:group-A6ED9B3D97C7:LeaderElection16] INFO  server.RaftServerConfigKeys (ConfUtils.java:logGet(43)) - raft.server.watch.element-limit = 65536 (default)
2019-09-20 14:24:15,733 [4b9e2e33-9606-42c4-a38b-d8e2568a9ed5:group-A6ED9B3D97C7:LeaderElection16] INFO  impl.RoleInfo (RoleInfo.java:updateAndGet(143)) - 4b9e2e33-9606-42c4-a38b-d8e2568a9ed5: start LeaderState
2019-09-20 14:24:15,733 [4b9e2e33-9606-42c4-a38b-d8e2568a9ed5:group-A6ED9B3D97C7:LeaderElection16] INFO  segmented.SegmentedRaftLogWorker (SegmentedRaftLogWorker.java:startLogSegment(380)) - 4b9e2e33-9606-42c4-a38b-d8e2568a9ed5-SegmentedRaftLogWorker:Storage Directory /workdir/hadoop-ozone/ozonefs/target/test-dir/MiniOzoneClusterImpl-72e1902e-de17-4929-8ada-cc6049662493/datanode-3/data/ratis/b7418ff9-be12-4c87-a8cf-a6ed9b3d97c7: Starting segment from index:0
2019-09-20 14:24:15,734 [4b9e2e33-9606-42c4-a38b-d8e2568a9ed5:group-A6ED9B3D97C7:LeaderElection16] INFO  impl.RaftServerImpl (ServerState.java:setRaftConf(361)) - 4b9e2e33-9606-42c4-a38b-d8e2568a9ed5:group-A6ED9B3D97C7 set configuration 0: [4b9e2e33-9606-42c4-a38b-d8e2568a9ed5:192.168.36.99:41206], old=null at 0
2019-09-20 14:24:15,774 [Thread-333] INFO  impl.FollowerState (FollowerState.java:run(106)) - c0a66530-d43a-4ae5-bdbb-2b9936068aaa:group-90DFC2C49E54 changes to CANDIDATE, lastRpcTime:5189, electionTimeout:5159ms
2019-09-20 14:24:15,774 [Thread-333] INFO  impl.RoleInfo (RoleInfo.java:shutdownFollowerState(121)) - c0a66530-d43a-4ae5-bdbb-2b9936068aaa: shutdown FollowerState
2019-09-20 14:24:15,775 [Thread-333] INFO  impl.RaftServerImpl (RaftServerImpl.java:setRole(171)) - c0a66530-d43a-4ae5-bdbb-2b9936068aaa:group-90DFC2C49E54 changes role from FOLLOWER to CANDIDATE at term 0 for changeToCandidate
2019-09-20 14:24:15,775 [Thread-333] INFO  impl.RoleInfo (RoleInfo.java:updateAndGet(143)) - c0a66530-d43a-4ae5-bdbb-2b9936068aaa: start LeaderElection
2019-09-20 14:24:15,784 | INFO  | SCMAudit | user=jenkins1000 | ip=192.168.36.99 | op=SEND_HEARTBEAT {datanodeUUID=926b0f41-0722-49ff-a592-68b703f22f49, command=[]} | ret=SUCCESS |  
2019-09-20 14:24:15,807 [4b9e2e33-9606-42c4-a38b-d8e2568a9ed5-SegmentedRaftLogWorker:Storage Directory /workdir/hadoop-ozone/ozonefs/target/test-dir/MiniOzoneClusterImpl-72e1902e-de17-4929-8ada-cc6049662493/datanode-3/data/ratis/b7418ff9-be12-4c87-a8cf-a6ed9b3d97c7] INFO  segmented.SegmentedRaftLogWorker (SegmentedRaftLogWorker.java:execute(569)) - 4b9e2e33-9606-42c4-a38b-d8e2568a9ed5-SegmentedRaftLogWorker:Storage Directory /workdir/hadoop-ozone/ozonefs/target/test-dir/MiniOzoneClusterImpl-72e1902e-de17-4929-8ada-cc6049662493/datanode-3/data/ratis/b7418ff9-be12-4c87-a8cf-a6ed9b3d97c7: created new log segment /workdir/hadoop-ozone/ozonefs/target/test-dir/MiniOzoneClusterImpl-72e1902e-de17-4929-8ada-cc6049662493/datanode-3/data/ratis/b7418ff9-be12-4c87-a8cf-a6ed9b3d97c7/current/log_inprogress_0
2019-09-20 14:24:15,807 [c0a66530-d43a-4ae5-bdbb-2b9936068aaa:group-90DFC2C49E54:LeaderElection17] INFO  impl.LeaderElection (LeaderElection.java:askForVotes(181)) - c0a66530-d43a-4ae5-bdbb-2b9936068aaa:group-90DFC2C49E54:LeaderElection17: begin an election at term 1 for -1: [c0a66530-d43a-4ae5-bdbb-2b9936068aaa:192.168.36.99:34723], old=null
2019-09-20 14:24:15,807 [c0a66530-d43a-4ae5-bdbb-2b9936068aaa:group-90DFC2C49E54:LeaderElection17] INFO  impl.RoleInfo (RoleInfo.java:shutdownLeaderElection(134)) - c0a66530-d43a-4ae5-bdbb-2b9936068aaa: shutdown LeaderElection
2019-09-20 14:24:15,808 [c0a66530-d43a-4ae5-bdbb-2b9936068aaa:group-90DFC2C49E54:LeaderElection17] INFO  impl.RaftServerImpl (RaftServerImpl.java:setRole(171)) - c0a66530-d43a-4ae5-bdbb-2b9936068aaa:group-90DFC2C49E54 changes role from CANDIDATE to LEADER at term 1 for changeToLeader
2019-09-20 14:24:15,808 [c0a66530-d43a-4ae5-bdbb-2b9936068aaa:group-90DFC2C49E54:LeaderElection17] INFO  impl.RaftServerImpl (ServerState.java:setLeader(263)) - c0a66530-d43a-4ae5-bdbb-2b9936068aaa:group-90DFC2C49E54 change Leader from null to c0a66530-d43a-4ae5-bdbb-2b9936068aaa at term 1 for becomeLeader, leader elected after 5227ms
2019-09-20 14:24:15,808 [c0a66530-d43a-4ae5-bdbb-2b9936068aaa:group-90DFC2C49E54:LeaderElection17] INFO  server.RaftServerConfigKeys (ConfUtils.java:logGet(43)) - raft.server.staging.catchup.gap = 1000 (default)
2019-09-20 14:24:15,808 [c0a66530-d43a-4ae5-bdbb-2b9936068aaa:group-90DFC2C49E54:LeaderElection17] INFO  server.RaftServerConfigKeys (ConfUtils.java:logGet(43)) - raft.server.rpc.sleep.time = 25ms (default)
2019-09-20 14:24:15,808 [c0a66530-d43a-4ae5-bdbb-2b9936068aaa:group-90DFC2C49E54:LeaderElection17] INFO  server.RaftServerConfigKeys (ConfUtils.java:logGet(43)) - raft.server.write.element-limit = 4096 (default)
2019-09-20 14:24:15,808 [c0a66530-d43a-4ae5-bdbb-2b9936068aaa:group-90DFC2C49E54:LeaderElection17] INFO  server.RaftServerConfigKeys (ConfUtils.java:logGet(43)) - raft.server.watch.timeout = 10s (default)
2019-09-20 14:24:15,808 [c0a66530-d43a-4ae5-bdbb-2b9936068aaa:group-90DFC2C49E54:LeaderElection17] INFO  server.RaftServerConfigKeys (ConfUtils.java:logGet(43)) - raft.server.watch.timeout.denomination = 1s (default)
2019-09-20 14:24:15,809 [c0a66530-d43a-4ae5-bdbb-2b9936068aaa:group-90DFC2C49E54:LeaderElection17] INFO  server.RaftServerConfigKeys (ConfUtils.java:logGet(43)) - raft.server.watch.element-limit = 65536 (default)
2019-09-20 14:24:15,809 [c0a66530-d43a-4ae5-bdbb-2b9936068aaa:group-90DFC2C49E54:LeaderElection17] INFO  impl.RoleInfo (RoleInfo.java:updateAndGet(143)) - c0a66530-d43a-4ae5-bdbb-2b9936068aaa: start LeaderState
2019-09-20 14:24:15,809 [c0a66530-d43a-4ae5-bdbb-2b9936068aaa:group-90DFC2C49E54:LeaderElection17] INFO  segmented.SegmentedRaftLogWorker (SegmentedRaftLogWorker.java:startLogSegment(380)) - c0a66530-d43a-4ae5-bdbb-2b9936068aaa-SegmentedRaftLogWorker:Storage Directory /workdir/hadoop-ozone/ozonefs/target/test-dir/MiniOzoneClusterImpl-72e1902e-de17-4929-8ada-cc6049662493/datanode-1/data/ratis/fbde985b-e39a-4a0a-b233-90dfc2c49e54: Starting segment from index:0
2019-09-20 14:24:15,810 [c0a66530-d43a-4ae5-bdbb-2b9936068aaa:group-90DFC2C49E54:LeaderElection17] INFO  impl.RaftServerImpl (ServerState.java:setRaftConf(361)) - c0a66530-d43a-4ae5-bdbb-2b9936068aaa:group-90DFC2C49E54 set configuration 0: [c0a66530-d43a-4ae5-bdbb-2b9936068aaa:192.168.36.99:34723], old=null at 0
2019-09-20 14:24:15,877 [Thread-336] INFO  impl.FollowerState (FollowerState.java:run(106)) - 926b0f41-0722-49ff-a592-68b703f22f49:group-F1CE35FD3E1E changes to CANDIDATE, lastRpcTime:5182, electionTimeout:5182ms
2019-09-20 14:24:15,877 [Thread-336] INFO  impl.RoleInfo (RoleInfo.java:shutdownFollowerState(121)) - 926b0f41-0722-49ff-a592-68b703f22f49: shutdown FollowerState
2019-09-20 14:24:15,877 [Thread-336] INFO  impl.RaftServerImpl (RaftServerImpl.java:setRole(171)) - 926b0f41-0722-49ff-a592-68b703f22f49:group-F1CE35FD3E1E changes role from FOLLOWER to CANDIDATE at term 0 for changeToCandidate
2019-09-20 14:24:15,878 [Thread-336] INFO  impl.RoleInfo (RoleInfo.java:updateAndGet(143)) - 926b0f41-0722-49ff-a592-68b703f22f49: start LeaderElection
2019-09-20 14:24:15,887 [c0a66530-d43a-4ae5-bdbb-2b9936068aaa-SegmentedRaftLogWorker:Storage Directory /workdir/hadoop-ozone/ozonefs/target/test-dir/MiniOzoneClusterImpl-72e1902e-de17-4929-8ada-cc6049662493/datanode-1/data/ratis/fbde985b-e39a-4a0a-b233-90dfc2c49e54] INFO  segmented.SegmentedRaftLogWorker (SegmentedRaftLogWorker.java:execute(569)) - c0a66530-d43a-4ae5-bdbb-2b9936068aaa-SegmentedRaftLogWorker:Storage Directory /workdir/hadoop-ozone/ozonefs/target/test-dir/MiniOzoneClusterImpl-72e1902e-de17-4929-8ada-cc6049662493/datanode-1/data/ratis/fbde985b-e39a-4a0a-b233-90dfc2c49e54: created new log segment /workdir/hadoop-ozone/ozonefs/target/test-dir/MiniOzoneClusterImpl-72e1902e-de17-4929-8ada-cc6049662493/datanode-1/data/ratis/fbde985b-e39a-4a0a-b233-90dfc2c49e54/current/log_inprogress_0
2019-09-20 14:24:15,924 [926b0f41-0722-49ff-a592-68b703f22f49:group-F1CE35FD3E1E:LeaderElection18] INFO  impl.LeaderElection (LeaderElection.java:askForVotes(181)) - 926b0f41-0722-49ff-a592-68b703f22f49:group-F1CE35FD3E1E:LeaderElection18: begin an election at term 1 for -1: [926b0f41-0722-49ff-a592-68b703f22f49:192.168.36.99:33200], old=null
2019-09-20 14:24:15,925 [926b0f41-0722-49ff-a592-68b703f22f49:group-F1CE35FD3E1E:LeaderElection18] INFO  impl.RoleInfo (RoleInfo.java:shutdownLeaderElection(134)) - 926b0f41-0722-49ff-a592-68b703f22f49: shutdown LeaderElection
2019-09-20 14:24:15,925 [926b0f41-0722-49ff-a592-68b703f22f49:group-F1CE35FD3E1E:LeaderElection18] INFO  impl.RaftServerImpl (RaftServerImpl.java:setRole(171)) - 926b0f41-0722-49ff-a592-68b703f22f49:group-F1CE35FD3E1E changes role from CANDIDATE to LEADER at term 1 for changeToLeader
2019-09-20 14:24:15,925 [926b0f41-0722-49ff-a592-68b703f22f49:group-F1CE35FD3E1E:LeaderElection18] INFO  impl.RaftServerImpl (ServerState.java:setLeader(263)) - 926b0f41-0722-49ff-a592-68b703f22f49:group-F1CE35FD3E1E change Leader from null to 926b0f41-0722-49ff-a592-68b703f22f49 at term 1 for becomeLeader, leader elected after 5235ms
2019-09-20 14:24:15,925 [926b0f41-0722-49ff-a592-68b703f22f49:group-F1CE35FD3E1E:LeaderElection18] INFO  server.RaftServerConfigKeys (ConfUtils.java:logGet(43)) - raft.server.staging.catchup.gap = 1000 (default)
2019-09-20 14:24:15,925 [926b0f41-0722-49ff-a592-68b703f22f49:group-F1CE35FD3E1E:LeaderElection18] INFO  server.RaftServerConfigKeys (ConfUtils.java:logGet(43)) - raft.server.rpc.sleep.time = 25ms (default)
2019-09-20 14:24:15,926 [926b0f41-0722-49ff-a592-68b703f22f49:group-F1CE35FD3E1E:LeaderElection18] INFO  server.RaftServerConfigKeys (ConfUtils.java:logGet(43)) - raft.server.write.element-limit = 4096 (default)
2019-09-20 14:24:15,926 [926b0f41-0722-49ff-a592-68b703f22f49:group-F1CE35FD3E1E:LeaderElection18] INFO  server.RaftServerConfigKeys (ConfUtils.java:logGet(43)) - raft.server.watch.timeout = 10s (default)
2019-09-20 14:24:15,926 [926b0f41-0722-49ff-a592-68b703f22f49:group-F1CE35FD3E1E:LeaderElection18] INFO  server.RaftServerConfigKeys (ConfUtils.java:logGet(43)) - raft.server.watch.timeout.denomination = 1s (default)
2019-09-20 14:24:15,926 [926b0f41-0722-49ff-a592-68b703f22f49:group-F1CE35FD3E1E:LeaderElection18] INFO  server.RaftServerConfigKeys (ConfUtils.java:logGet(43)) - raft.server.watch.element-limit = 65536 (default)
2019-09-20 14:24:15,926 [926b0f41-0722-49ff-a592-68b703f22f49:group-F1CE35FD3E1E:LeaderElection18] INFO  impl.RoleInfo (RoleInfo.java:updateAndGet(143)) - 926b0f41-0722-49ff-a592-68b703f22f49: start LeaderState
2019-09-20 14:24:15,927 [926b0f41-0722-49ff-a592-68b703f22f49:group-F1CE35FD3E1E:LeaderElection18] INFO  segmented.SegmentedRaftLogWorker (SegmentedRaftLogWorker.java:startLogSegment(380)) - 926b0f41-0722-49ff-a592-68b703f22f49-SegmentedRaftLogWorker:Storage Directory /workdir/hadoop-ozone/ozonefs/target/test-dir/MiniOzoneClusterImpl-72e1902e-de17-4929-8ada-cc6049662493/datanode-2/data/ratis/b56ebb4a-3931-4840-aed1-f1ce35fd3e1e: Starting segment from index:0
2019-09-20 14:24:15,927 [926b0f41-0722-49ff-a592-68b703f22f49:group-F1CE35FD3E1E:LeaderElection18] INFO  impl.RaftServerImpl (ServerState.java:setRaftConf(361)) - 926b0f41-0722-49ff-a592-68b703f22f49:group-F1CE35FD3E1E set configuration 0: [926b0f41-0722-49ff-a592-68b703f22f49:192.168.36.99:33200], old=null at 0
2019-09-20 14:24:15,965 [Thread-339] INFO  impl.FollowerState (FollowerState.java:run(106)) - 926b0f41-0722-49ff-a592-68b703f22f49:group-12336AB9A6C2 changes to CANDIDATE, lastRpcTime:5178, electionTimeout:5151ms
2019-09-20 14:24:15,965 [Thread-339] INFO  impl.RoleInfo (RoleInfo.java:shutdownFollowerState(121)) - 926b0f41-0722-49ff-a592-68b703f22f49: shutdown FollowerState
2019-09-20 14:24:15,965 [Thread-339] INFO  impl.RaftServerImpl (RaftServerImpl.java:setRole(171)) - 926b0f41-0722-49ff-a592-68b703f22f49:group-12336AB9A6C2 changes role from FOLLOWER to CANDIDATE at term 0 for changeToCandidate
2019-09-20 14:24:15,965 [Thread-339] INFO  impl.RoleInfo (RoleInfo.java:updateAndGet(143)) - 926b0f41-0722-49ff-a592-68b703f22f49: start LeaderElection
2019-09-20 14:24:15,974 | INFO  | SCMAudit | user=jenkins1000 | ip=192.168.36.99 | op=SEND_HEARTBEAT {datanodeUUID=9101a5c2-dfb1-4c31-830b-4c77eb758348, command=[]} | ret=SUCCESS |  
2019-09-20 14:24:15,991 [926b0f41-0722-49ff-a592-68b703f22f49-SegmentedRaftLogWorker:Storage Directory /workdir/hadoop-ozone/ozonefs/target/test-dir/MiniOzoneClusterImpl-72e1902e-de17-4929-8ada-cc6049662493/datanode-2/data/ratis/b56ebb4a-3931-4840-aed1-f1ce35fd3e1e] INFO  segmented.SegmentedRaftLogWorker (SegmentedRaftLogWorker.java:execute(569)) - 926b0f41-0722-49ff-a592-68b703f22f49-SegmentedRaftLogWorker:Storage Directory /workdir/hadoop-ozone/ozonefs/target/test-dir/MiniOzoneClusterImpl-72e1902e-de17-4929-8ada-cc6049662493/datanode-2/data/ratis/b56ebb4a-3931-4840-aed1-f1ce35fd3e1e: created new log segment /workdir/hadoop-ozone/ozonefs/target/test-dir/MiniOzoneClusterImpl-72e1902e-de17-4929-8ada-cc6049662493/datanode-2/data/ratis/b56ebb4a-3931-4840-aed1-f1ce35fd3e1e/current/log_inprogress_0
2019-09-20 14:24:15,992 [926b0f41-0722-49ff-a592-68b703f22f49:group-12336AB9A6C2:LeaderElection19] INFO  impl.LeaderElection (LeaderElection.java:askForVotes(181)) - 926b0f41-0722-49ff-a592-68b703f22f49:group-12336AB9A6C2:LeaderElection19: begin an election at term 1 for -1: [926b0f41-0722-49ff-a592-68b703f22f49:192.168.36.99:33200], old=null
2019-09-20 14:24:15,992 [926b0f41-0722-49ff-a592-68b703f22f49:group-12336AB9A6C2:LeaderElection19] INFO  impl.RoleInfo (RoleInfo.java:shutdownLeaderElection(134)) - 926b0f41-0722-49ff-a592-68b703f22f49: shutdown LeaderElection
2019-09-20 14:24:15,992 [926b0f41-0722-49ff-a592-68b703f22f49:group-12336AB9A6C2:LeaderElection19] INFO  impl.RaftServerImpl (RaftServerImpl.java:setRole(171)) - 926b0f41-0722-49ff-a592-68b703f22f49:group-12336AB9A6C2 changes role from CANDIDATE to LEADER at term 1 for changeToLeader
2019-09-20 14:24:15,992 [926b0f41-0722-49ff-a592-68b703f22f49:group-12336AB9A6C2:LeaderElection19] INFO  impl.RaftServerImpl (ServerState.java:setLeader(263)) - 926b0f41-0722-49ff-a592-68b703f22f49:group-12336AB9A6C2 change Leader from null to 926b0f41-0722-49ff-a592-68b703f22f49 at term 1 for becomeLeader, leader elected after 5210ms
2019-09-20 14:24:15,992 [926b0f41-0722-49ff-a592-68b703f22f49:group-12336AB9A6C2:LeaderElection19] INFO  server.RaftServerConfigKeys (ConfUtils.java:logGet(43)) - raft.server.staging.catchup.gap = 1000 (default)
2019-09-20 14:24:15,993 [926b0f41-0722-49ff-a592-68b703f22f49:group-12336AB9A6C2:LeaderElection19] INFO  server.RaftServerConfigKeys (ConfUtils.java:logGet(43)) - raft.server.rpc.sleep.time = 25ms (default)
2019-09-20 14:24:15,993 [926b0f41-0722-49ff-a592-68b703f22f49:group-12336AB9A6C2:LeaderElection19] INFO  server.RaftServerConfigKeys (ConfUtils.java:logGet(43)) - raft.server.write.element-limit = 4096 (default)
2019-09-20 14:24:15,993 [926b0f41-0722-49ff-a592-68b703f22f49:group-12336AB9A6C2:LeaderElection19] INFO  server.RaftServerConfigKeys (ConfUtils.java:logGet(43)) - raft.server.watch.timeout = 10s (default)
2019-09-20 14:24:15,993 [926b0f41-0722-49ff-a592-68b703f22f49:group-12336AB9A6C2:LeaderElection19] INFO  server.RaftServerConfigKeys (ConfUtils.java:logGet(43)) - raft.server.watch.timeout.denomination = 1s (default)
2019-09-20 14:24:15,993 [926b0f41-0722-49ff-a592-68b703f22f49:group-12336AB9A6C2:LeaderElection19] INFO  server.RaftServerConfigKeys (ConfUtils.java:logGet(43)) - raft.server.watch.element-limit = 65536 (default)
2019-09-20 14:24:15,994 [926b0f41-0722-49ff-a592-68b703f22f49:group-12336AB9A6C2:LeaderElection19] INFO  impl.RoleInfo (RoleInfo.java:updateAndGet(143)) - 926b0f41-0722-49ff-a592-68b703f22f49: start LeaderState
2019-09-20 14:24:15,994 [926b0f41-0722-49ff-a592-68b703f22f49:group-12336AB9A6C2:LeaderElection19] INFO  segmented.SegmentedRaftLogWorker (SegmentedRaftLogWorker.java:startLogSegment(380)) - 926b0f41-0722-49ff-a592-68b703f22f49-SegmentedRaftLogWorker:Storage Directory /workdir/hadoop-ozone/ozonefs/target/test-dir/MiniOzoneClusterImpl-72e1902e-de17-4929-8ada-cc6049662493/datanode-2/data/ratis/d1acca1a-1d23-4e4c-9469-12336ab9a6c2: Starting segment from index:0
2019-09-20 14:24:15,995 [926b0f41-0722-49ff-a592-68b703f22f49:group-12336AB9A6C2:LeaderElection19] INFO  impl.RaftServerImpl (ServerState.java:setRaftConf(361)) - 926b0f41-0722-49ff-a592-68b703f22f49:group-12336AB9A6C2 set configuration 0: [926b0f41-0722-49ff-a592-68b703f22f49:192.168.36.99:33200], old=null at 0
2019-09-20 14:24:16,058 [Thread-343] INFO  impl.FollowerState (FollowerState.java:run(106)) - c0a66530-d43a-4ae5-bdbb-2b9936068aaa:group-5AC97FB5B536 changes to CANDIDATE, lastRpcTime:5153, electionTimeout:5153ms
2019-09-20 14:24:16,058 [Thread-343] INFO  impl.RoleInfo (RoleInfo.java:shutdownFollowerState(121)) - c0a66530-d43a-4ae5-bdbb-2b9936068aaa: shutdown FollowerState
2019-09-20 14:24:16,058 [Thread-343] INFO  impl.RaftServerImpl (RaftServerImpl.java:setRole(171)) - c0a66530-d43a-4ae5-bdbb-2b9936068aaa:group-5AC97FB5B536 changes role from FOLLOWER to CANDIDATE at term 0 for changeToCandidate
2019-09-20 14:24:16,058 [Thread-343] INFO  impl.RoleInfo (RoleInfo.java:updateAndGet(143)) - c0a66530-d43a-4ae5-bdbb-2b9936068aaa: start LeaderElection
2019-09-20 14:24:16,071 [926b0f41-0722-49ff-a592-68b703f22f49-SegmentedRaftLogWorker:Storage Directory /workdir/hadoop-ozone/ozonefs/target/test-dir/MiniOzoneClusterImpl-72e1902e-de17-4929-8ada-cc6049662493/datanode-2/data/ratis/d1acca1a-1d23-4e4c-9469-12336ab9a6c2] INFO  segmented.SegmentedRaftLogWorker (SegmentedRaftLogWorker.java:execute(569)) - 926b0f41-0722-49ff-a592-68b703f22f49-SegmentedRaftLogWorker:Storage Directory /workdir/hadoop-ozone/ozonefs/target/test-dir/MiniOzoneClusterImpl-72e1902e-de17-4929-8ada-cc6049662493/datanode-2/data/ratis/d1acca1a-1d23-4e4c-9469-12336ab9a6c2: created new log segment /workdir/hadoop-ozone/ozonefs/target/test-dir/MiniOzoneClusterImpl-72e1902e-de17-4929-8ada-cc6049662493/datanode-2/data/ratis/d1acca1a-1d23-4e4c-9469-12336ab9a6c2/current/log_inprogress_0
2019-09-20 14:24:16,126 [c0a66530-d43a-4ae5-bdbb-2b9936068aaa:group-5AC97FB5B536:LeaderElection20] INFO  impl.LeaderElection (LeaderElection.java:askForVotes(181)) - c0a66530-d43a-4ae5-bdbb-2b9936068aaa:group-5AC97FB5B536:LeaderElection20: begin an election at term 1 for -1: [c0a66530-d43a-4ae5-bdbb-2b9936068aaa:192.168.36.99:34723], old=null
2019-09-20 14:24:16,126 [c0a66530-d43a-4ae5-bdbb-2b9936068aaa:group-5AC97FB5B536:LeaderElection20] INFO  impl.RoleInfo (RoleInfo.java:shutdownLeaderElection(134)) - c0a66530-d43a-4ae5-bdbb-2b9936068aaa: shutdown LeaderElection
2019-09-20 14:24:16,126 [c0a66530-d43a-4ae5-bdbb-2b9936068aaa:group-5AC97FB5B536:LeaderElection20] INFO  impl.RaftServerImpl (RaftServerImpl.java:setRole(171)) - c0a66530-d43a-4ae5-bdbb-2b9936068aaa:group-5AC97FB5B536 changes role from CANDIDATE to LEADER at term 1 for changeToLeader
2019-09-20 14:24:16,126 [c0a66530-d43a-4ae5-bdbb-2b9936068aaa:group-5AC97FB5B536:LeaderElection20] INFO  impl.RaftServerImpl (ServerState.java:setLeader(263)) - c0a66530-d43a-4ae5-bdbb-2b9936068aaa:group-5AC97FB5B536 change Leader from null to c0a66530-d43a-4ae5-bdbb-2b9936068aaa at term 1 for becomeLeader, leader elected after 5226ms
2019-09-20 14:24:16,126 [c0a66530-d43a-4ae5-bdbb-2b9936068aaa:group-5AC97FB5B536:LeaderElection20] INFO  server.RaftServerConfigKeys (ConfUtils.java:logGet(43)) - raft.server.staging.catchup.gap = 1000 (default)
2019-09-20 14:24:16,126 [c0a66530-d43a-4ae5-bdbb-2b9936068aaa:group-5AC97FB5B536:LeaderElection20] INFO  server.RaftServerConfigKeys (ConfUtils.java:logGet(43)) - raft.server.rpc.sleep.time = 25ms (default)
2019-09-20 14:24:16,127 [c0a66530-d43a-4ae5-bdbb-2b9936068aaa:group-5AC97FB5B536:LeaderElection20] INFO  server.RaftServerConfigKeys (ConfUtils.java:logGet(43)) - raft.server.write.element-limit = 4096 (default)
2019-09-20 14:24:16,127 [c0a66530-d43a-4ae5-bdbb-2b9936068aaa:group-5AC97FB5B536:LeaderElection20] INFO  server.RaftServerConfigKeys (ConfUtils.java:logGet(43)) - raft.server.watch.timeout = 10s (default)
2019-09-20 14:24:16,127 [c0a66530-d43a-4ae5-bdbb-2b9936068aaa:group-5AC97FB5B536:LeaderElection20] INFO  server.RaftServerConfigKeys (ConfUtils.java:logGet(43)) - raft.server.watch.timeout.denomination = 1s (default)
2019-09-20 14:24:16,127 [c0a66530-d43a-4ae5-bdbb-2b9936068aaa:group-5AC97FB5B536:LeaderElection20] INFO  server.RaftServerConfigKeys (ConfUtils.java:logGet(43)) - raft.server.watch.element-limit = 65536 (default)
2019-09-20 14:24:16,127 [c0a66530-d43a-4ae5-bdbb-2b9936068aaa:group-5AC97FB5B536:LeaderElection20] INFO  impl.RoleInfo (RoleInfo.java:updateAndGet(143)) - c0a66530-d43a-4ae5-bdbb-2b9936068aaa: start LeaderState
2019-09-20 14:24:16,128 [c0a66530-d43a-4ae5-bdbb-2b9936068aaa:group-5AC97FB5B536:LeaderElection20] INFO  segmented.SegmentedRaftLogWorker (SegmentedRaftLogWorker.java:startLogSegment(380)) - c0a66530-d43a-4ae5-bdbb-2b9936068aaa-SegmentedRaftLogWorker:Storage Directory /workdir/hadoop-ozone/ozonefs/target/test-dir/MiniOzoneClusterImpl-72e1902e-de17-4929-8ada-cc6049662493/datanode-1/data/ratis/d2c16704-7c4a-429d-9a6f-5ac97fb5b536: Starting segment from index:0
2019-09-20 14:24:16,128 [c0a66530-d43a-4ae5-bdbb-2b9936068aaa:group-5AC97FB5B536:LeaderElection20] INFO  impl.RaftServerImpl (ServerState.java:setRaftConf(361)) - c0a66530-d43a-4ae5-bdbb-2b9936068aaa:group-5AC97FB5B536 set configuration 0: [c0a66530-d43a-4ae5-bdbb-2b9936068aaa:192.168.36.99:34723], old=null at 0
2019-09-20 14:24:16,133 [Thread-346] INFO  impl.FollowerState (FollowerState.java:run(106)) - e0033df1-dced-4562-b4c4-a94a3cb6c131:group-878DAA37668D changes to CANDIDATE, lastRpcTime:5102, electionTimeout:5100ms
2019-09-20 14:24:16,175 [Thread-346] INFO  impl.RoleInfo (RoleInfo.java:shutdownFollowerState(121)) - e0033df1-dced-4562-b4c4-a94a3cb6c131: shutdown FollowerState
2019-09-20 14:24:16,175 [Thread-349] INFO  impl.FollowerState (FollowerState.java:run(106)) - c0a66530-d43a-4ae5-bdbb-2b9936068aaa:group-0C7AF6229FDD changes to CANDIDATE, lastRpcTime:5053, electionTimeout:5031ms
2019-09-20 14:24:16,176 [Thread-346] INFO  impl.RaftServerImpl (RaftServerImpl.java:setRole(171)) - e0033df1-dced-4562-b4c4-a94a3cb6c131:group-878DAA37668D changes role from FOLLOWER to CANDIDATE at term 0 for changeToCandidate
2019-09-20 14:24:16,176 [Thread-349] INFO  impl.RoleInfo (RoleInfo.java:shutdownFollowerState(121)) - c0a66530-d43a-4ae5-bdbb-2b9936068aaa: shutdown FollowerState
2019-09-20 14:24:16,176 [Thread-346] INFO  impl.RoleInfo (RoleInfo.java:updateAndGet(143)) - e0033df1-dced-4562-b4c4-a94a3cb6c131: start LeaderElection
2019-09-20 14:24:16,176 [Thread-349] INFO  impl.RaftServerImpl (RaftServerImpl.java:setRole(171)) - c0a66530-d43a-4ae5-bdbb-2b9936068aaa:group-0C7AF6229FDD changes role from FOLLOWER to CANDIDATE at term 0 for changeToCandidate
2019-09-20 14:24:16,177 [Thread-349] INFO  impl.RoleInfo (RoleInfo.java:updateAndGet(143)) - c0a66530-d43a-4ae5-bdbb-2b9936068aaa: start LeaderElection
2019-09-20 14:24:16,177 | INFO  | SCMAudit | user=jenkins1000 | ip=192.168.36.99 | op=SEND_HEARTBEAT {datanodeUUID=e0033df1-dced-4562-b4c4-a94a3cb6c131, command=[]} | ret=SUCCESS |  
2019-09-20 14:24:16,209 [c0a66530-d43a-4ae5-bdbb-2b9936068aaa-SegmentedRaftLogWorker:Storage Directory /workdir/hadoop-ozone/ozonefs/target/test-dir/MiniOzoneClusterImpl-72e1902e-de17-4929-8ada-cc6049662493/datanode-1/data/ratis/d2c16704-7c4a-429d-9a6f-5ac97fb5b536] INFO  segmented.SegmentedRaftLogWorker (SegmentedRaftLogWorker.java:execute(569)) - c0a66530-d43a-4ae5-bdbb-2b9936068aaa-SegmentedRaftLogWorker:Storage Directory /workdir/hadoop-ozone/ozonefs/target/test-dir/MiniOzoneClusterImpl-72e1902e-de17-4929-8ada-cc6049662493/datanode-1/data/ratis/d2c16704-7c4a-429d-9a6f-5ac97fb5b536: created new log segment /workdir/hadoop-ozone/ozonefs/target/test-dir/MiniOzoneClusterImpl-72e1902e-de17-4929-8ada-cc6049662493/datanode-1/data/ratis/d2c16704-7c4a-429d-9a6f-5ac97fb5b536/current/log_inprogress_0
2019-09-20 14:24:16,209 [e0033df1-dced-4562-b4c4-a94a3cb6c131:group-878DAA37668D:LeaderElection21] INFO  impl.LeaderElection (LeaderElection.java:askForVotes(181)) - e0033df1-dced-4562-b4c4-a94a3cb6c131:group-878DAA37668D:LeaderElection21: begin an election at term 1 for -1: [e0033df1-dced-4562-b4c4-a94a3cb6c131:192.168.36.99:39317], old=null
2019-09-20 14:24:16,209 [c0a66530-d43a-4ae5-bdbb-2b9936068aaa:group-0C7AF6229FDD:LeaderElection22] INFO  impl.LeaderElection (LeaderElection.java:askForVotes(181)) - c0a66530-d43a-4ae5-bdbb-2b9936068aaa:group-0C7AF6229FDD:LeaderElection22: begin an election at term 1 for -1: [c0a66530-d43a-4ae5-bdbb-2b9936068aaa:192.168.36.99:34723], old=null
2019-09-20 14:24:16,210 [e0033df1-dced-4562-b4c4-a94a3cb6c131:group-878DAA37668D:LeaderElection21] INFO  impl.RoleInfo (RoleInfo.java:shutdownLeaderElection(134)) - e0033df1-dced-4562-b4c4-a94a3cb6c131: shutdown LeaderElection
2019-09-20 14:24:16,210 [c0a66530-d43a-4ae5-bdbb-2b9936068aaa:group-0C7AF6229FDD:LeaderElection22] INFO  impl.RoleInfo (RoleInfo.java:shutdownLeaderElection(134)) - c0a66530-d43a-4ae5-bdbb-2b9936068aaa: shutdown LeaderElection
2019-09-20 14:24:16,210 [e0033df1-dced-4562-b4c4-a94a3cb6c131:group-878DAA37668D:LeaderElection21] INFO  impl.RaftServerImpl (RaftServerImpl.java:setRole(171)) - e0033df1-dced-4562-b4c4-a94a3cb6c131:group-878DAA37668D changes role from CANDIDATE to LEADER at term 1 for changeToLeader
2019-09-20 14:24:16,210 [c0a66530-d43a-4ae5-bdbb-2b9936068aaa:group-0C7AF6229FDD:LeaderElection22] INFO  impl.RaftServerImpl (RaftServerImpl.java:setRole(171)) - c0a66530-d43a-4ae5-bdbb-2b9936068aaa:group-0C7AF6229FDD changes role from CANDIDATE to LEADER at term 1 for changeToLeader
2019-09-20 14:24:16,210 [e0033df1-dced-4562-b4c4-a94a3cb6c131:group-878DAA37668D:LeaderElection21] INFO  impl.RaftServerImpl (ServerState.java:setLeader(263)) - e0033df1-dced-4562-b4c4-a94a3cb6c131:group-878DAA37668D change Leader from null to e0033df1-dced-4562-b4c4-a94a3cb6c131 at term 1 for becomeLeader, leader elected after 5185ms
2019-09-20 14:24:16,210 [c0a66530-d43a-4ae5-bdbb-2b9936068aaa:group-0C7AF6229FDD:LeaderElection22] INFO  impl.RaftServerImpl (ServerState.java:setLeader(263)) - c0a66530-d43a-4ae5-bdbb-2b9936068aaa:group-0C7AF6229FDD change Leader from null to c0a66530-d43a-4ae5-bdbb-2b9936068aaa at term 1 for becomeLeader, leader elected after 5093ms
2019-09-20 14:24:16,210 [e0033df1-dced-4562-b4c4-a94a3cb6c131:group-878DAA37668D:LeaderElection21] INFO  server.RaftServerConfigKeys (ConfUtils.java:logGet(43)) - raft.server.staging.catchup.gap = 1000 (default)
2019-09-20 14:24:16,211 [c0a66530-d43a-4ae5-bdbb-2b9936068aaa:group-0C7AF6229FDD:LeaderElection22] INFO  server.RaftServerConfigKeys (ConfUtils.java:logGet(43)) - raft.server.staging.catchup.gap = 1000 (default)
2019-09-20 14:24:16,211 [e0033df1-dced-4562-b4c4-a94a3cb6c131:group-878DAA37668D:LeaderElection21] INFO  server.RaftServerConfigKeys (ConfUtils.java:logGet(43)) - raft.server.rpc.sleep.time = 25ms (default)
2019-09-20 14:24:16,211 [c0a66530-d43a-4ae5-bdbb-2b9936068aaa:group-0C7AF6229FDD:LeaderElection22] INFO  server.RaftServerConfigKeys (ConfUtils.java:logGet(43)) - raft.server.rpc.sleep.time = 25ms (default)
2019-09-20 14:24:16,211 [e0033df1-dced-4562-b4c4-a94a3cb6c131:group-878DAA37668D:LeaderElection21] INFO  server.RaftServerConfigKeys (ConfUtils.java:logGet(43)) - raft.server.write.element-limit = 4096 (default)
2019-09-20 14:24:16,211 [c0a66530-d43a-4ae5-bdbb-2b9936068aaa:group-0C7AF6229FDD:LeaderElection22] INFO  server.RaftServerConfigKeys (ConfUtils.java:logGet(43)) - raft.server.write.element-limit = 4096 (default)
2019-09-20 14:24:16,211 [e0033df1-dced-4562-b4c4-a94a3cb6c131:group-878DAA37668D:LeaderElection21] INFO  server.RaftServerConfigKeys (ConfUtils.java:logGet(43)) - raft.server.watch.timeout = 10s (default)
2019-09-20 14:24:16,212 [c0a66530-d43a-4ae5-bdbb-2b9936068aaa:group-0C7AF6229FDD:LeaderElection22] INFO  server.RaftServerConfigKeys (ConfUtils.java:logGet(43)) - raft.server.watch.timeout = 10s (default)
2019-09-20 14:24:16,212 [e0033df1-dced-4562-b4c4-a94a3cb6c131:group-878DAA37668D:LeaderElection21] INFO  server.RaftServerConfigKeys (ConfUtils.java:logGet(43)) - raft.server.watch.timeout.denomination = 1s (default)
2019-09-20 14:24:16,212 [c0a66530-d43a-4ae5-bdbb-2b9936068aaa:group-0C7AF6229FDD:LeaderElection22] INFO  server.RaftServerConfigKeys (ConfUtils.java:logGet(43)) - raft.server.watch.timeout.denomination = 1s (default)
2019-09-20 14:24:16,212 [e0033df1-dced-4562-b4c4-a94a3cb6c131:group-878DAA37668D:LeaderElection21] INFO  server.RaftServerConfigKeys (ConfUtils.java:logGet(43)) - raft.server.watch.element-limit = 65536 (default)
2019-09-20 14:24:16,212 [c0a66530-d43a-4ae5-bdbb-2b9936068aaa:group-0C7AF6229FDD:LeaderElection22] INFO  server.RaftServerConfigKeys (ConfUtils.java:logGet(43)) - raft.server.watch.element-limit = 65536 (default)
2019-09-20 14:24:16,212 [e0033df1-dced-4562-b4c4-a94a3cb6c131:group-878DAA37668D:LeaderElection21] INFO  impl.RoleInfo (RoleInfo.java:updateAndGet(143)) - e0033df1-dced-4562-b4c4-a94a3cb6c131: start LeaderState
2019-09-20 14:24:16,213 [c0a66530-d43a-4ae5-bdbb-2b9936068aaa:group-0C7AF6229FDD:LeaderElection22] INFO  impl.RoleInfo (RoleInfo.java:updateAndGet(143)) - c0a66530-d43a-4ae5-bdbb-2b9936068aaa: start LeaderState
2019-09-20 14:24:16,213 [e0033df1-dced-4562-b4c4-a94a3cb6c131:group-878DAA37668D:LeaderElection21] INFO  segmented.SegmentedRaftLogWorker (SegmentedRaftLogWorker.java:startLogSegment(380)) - e0033df1-dced-4562-b4c4-a94a3cb6c131-SegmentedRaftLogWorker:Storage Directory /workdir/hadoop-ozone/ozonefs/target/test-dir/MiniOzoneClusterImpl-72e1902e-de17-4929-8ada-cc6049662493/datanode-7/data/ratis/8779e25a-98e5-430e-8d4d-878daa37668d: Starting segment from index:0
2019-09-20 14:24:16,213 [c0a66530-d43a-4ae5-bdbb-2b9936068aaa:group-0C7AF6229FDD:LeaderElection22] INFO  segmented.SegmentedRaftLogWorker (SegmentedRaftLogWorker.java:startLogSegment(380)) - c0a66530-d43a-4ae5-bdbb-2b9936068aaa-SegmentedRaftLogWorker:Storage Directory /workdir/hadoop-ozone/ozonefs/target/test-dir/MiniOzoneClusterImpl-72e1902e-de17-4929-8ada-cc6049662493/datanode-1/data/ratis/6ba37637-49df-49d1-8c28-0c7af6229fdd: Starting segment from index:0
2019-09-20 14:24:16,213 [e0033df1-dced-4562-b4c4-a94a3cb6c131:group-878DAA37668D:LeaderElection21] INFO  impl.RaftServerImpl (ServerState.java:setRaftConf(361)) - e0033df1-dced-4562-b4c4-a94a3cb6c131:group-878DAA37668D set configuration 0: [e0033df1-dced-4562-b4c4-a94a3cb6c131:192.168.36.99:39317], old=null at 0
2019-09-20 14:24:16,214 [c0a66530-d43a-4ae5-bdbb-2b9936068aaa:group-0C7AF6229FDD:LeaderElection22] INFO  impl.RaftServerImpl (ServerState.java:setRaftConf(361)) - c0a66530-d43a-4ae5-bdbb-2b9936068aaa:group-0C7AF6229FDD set configuration 0: [c0a66530-d43a-4ae5-bdbb-2b9936068aaa:192.168.36.99:34723], old=null at 0
2019-09-20 14:24:16,261 | INFO  | SCMAudit | user=jenkins1000 | ip=192.168.36.99 | op=SEND_HEARTBEAT {datanodeUUID=7c330693-1e2f-4265-ad51-f8ae66fac775, command=[]} | ret=SUCCESS |  
2019-09-20 14:24:16,285 [e0033df1-dced-4562-b4c4-a94a3cb6c131-SegmentedRaftLogWorker:Storage Directory /workdir/hadoop-ozone/ozonefs/target/test-dir/MiniOzoneClusterImpl-72e1902e-de17-4929-8ada-cc6049662493/datanode-7/data/ratis/8779e25a-98e5-430e-8d4d-878daa37668d] INFO  segmented.SegmentedRaftLogWorker (SegmentedRaftLogWorker.java:execute(569)) - e0033df1-dced-4562-b4c4-a94a3cb6c131-SegmentedRaftLogWorker:Storage Directory /workdir/hadoop-ozone/ozonefs/target/test-dir/MiniOzoneClusterImpl-72e1902e-de17-4929-8ada-cc6049662493/datanode-7/data/ratis/8779e25a-98e5-430e-8d4d-878daa37668d: created new log segment /workdir/hadoop-ozone/ozonefs/target/test-dir/MiniOzoneClusterImpl-72e1902e-de17-4929-8ada-cc6049662493/datanode-7/data/ratis/8779e25a-98e5-430e-8d4d-878daa37668d/current/log_inprogress_0
2019-09-20 14:24:16,285 [c0a66530-d43a-4ae5-bdbb-2b9936068aaa-SegmentedRaftLogWorker:Storage Directory /workdir/hadoop-ozone/ozonefs/target/test-dir/MiniOzoneClusterImpl-72e1902e-de17-4929-8ada-cc6049662493/datanode-1/data/ratis/6ba37637-49df-49d1-8c28-0c7af6229fdd] INFO  segmented.SegmentedRaftLogWorker (SegmentedRaftLogWorker.java:execute(569)) - c0a66530-d43a-4ae5-bdbb-2b9936068aaa-SegmentedRaftLogWorker:Storage Directory /workdir/hadoop-ozone/ozonefs/target/test-dir/MiniOzoneClusterImpl-72e1902e-de17-4929-8ada-cc6049662493/datanode-1/data/ratis/6ba37637-49df-49d1-8c28-0c7af6229fdd: created new log segment /workdir/hadoop-ozone/ozonefs/target/test-dir/MiniOzoneClusterImpl-72e1902e-de17-4929-8ada-cc6049662493/datanode-1/data/ratis/6ba37637-49df-49d1-8c28-0c7af6229fdd/current/log_inprogress_0
2019-09-20 14:24:16,342 | INFO  | SCMAudit | user=jenkins1000 | ip=192.168.36.99 | op=SEND_HEARTBEAT {datanodeUUID=4b9e2e33-9606-42c4-a38b-d8e2568a9ed5, command=[]} | ret=SUCCESS |  
2019-09-20 14:24:16,369 [Thread-352] INFO  impl.FollowerState (FollowerState.java:run(106)) - 93651a45-ffa4-4bae-ae49-6429ae7182bc:group-2FF73C50CC6D changes to CANDIDATE, lastRpcTime:5161, electionTimeout:5161ms
2019-09-20 14:24:16,370 [Thread-352] INFO  impl.RoleInfo (RoleInfo.java:shutdownFollowerState(121)) - 93651a45-ffa4-4bae-ae49-6429ae7182bc: shutdown FollowerState
2019-09-20 14:24:16,370 [Thread-352] INFO  impl.RaftServerImpl (RaftServerImpl.java:setRole(171)) - 93651a45-ffa4-4bae-ae49-6429ae7182bc:group-2FF73C50CC6D changes role from FOLLOWER to CANDIDATE at term 0 for changeToCandidate
2019-09-20 14:24:16,370 [Thread-352] INFO  impl.RoleInfo (RoleInfo.java:updateAndGet(143)) - 93651a45-ffa4-4bae-ae49-6429ae7182bc: start LeaderElection
2019-09-20 14:24:16,402 [93651a45-ffa4-4bae-ae49-6429ae7182bc:group-2FF73C50CC6D:LeaderElection23] INFO  impl.LeaderElection (LeaderElection.java:askForVotes(181)) - 93651a45-ffa4-4bae-ae49-6429ae7182bc:group-2FF73C50CC6D:LeaderElection23: begin an election at term 1 for -1: [93651a45-ffa4-4bae-ae49-6429ae7182bc:192.168.36.99:37696], old=null
2019-09-20 14:24:16,402 [93651a45-ffa4-4bae-ae49-6429ae7182bc:group-2FF73C50CC6D:LeaderElection23] INFO  impl.RoleInfo (RoleInfo.java:shutdownLeaderElection(134)) - 93651a45-ffa4-4bae-ae49-6429ae7182bc: shutdown LeaderElection
2019-09-20 14:24:16,402 [93651a45-ffa4-4bae-ae49-6429ae7182bc:group-2FF73C50CC6D:LeaderElection23] INFO  impl.RaftServerImpl (RaftServerImpl.java:setRole(171)) - 93651a45-ffa4-4bae-ae49-6429ae7182bc:group-2FF73C50CC6D changes role from CANDIDATE to LEADER at term 1 for changeToLeader
2019-09-20 14:24:16,402 [93651a45-ffa4-4bae-ae49-6429ae7182bc:group-2FF73C50CC6D:LeaderElection23] INFO  impl.RaftServerImpl (ServerState.java:setLeader(263)) - 93651a45-ffa4-4bae-ae49-6429ae7182bc:group-2FF73C50CC6D change Leader from null to 93651a45-ffa4-4bae-ae49-6429ae7182bc at term 1 for becomeLeader, leader elected after 5198ms
2019-09-20 14:24:16,403 [93651a45-ffa4-4bae-ae49-6429ae7182bc:group-2FF73C50CC6D:LeaderElection23] INFO  server.RaftServerConfigKeys (ConfUtils.java:logGet(43)) - raft.server.staging.catchup.gap = 1000 (default)
2019-09-20 14:24:16,403 | INFO  | SCMAudit | user=jenkins1000 | ip=192.168.36.99 | op=SEND_HEARTBEAT {datanodeUUID=fc92467e-4cd7-4ea6-9bfc-11250c30c0f6, command=[]} | ret=SUCCESS |  
2019-09-20 14:24:16,403 [93651a45-ffa4-4bae-ae49-6429ae7182bc:group-2FF73C50CC6D:LeaderElection23] INFO  server.RaftServerConfigKeys (ConfUtils.java:logGet(43)) - raft.server.rpc.sleep.time = 25ms (default)
2019-09-20 14:24:16,403 [93651a45-ffa4-4bae-ae49-6429ae7182bc:group-2FF73C50CC6D:LeaderElection23] INFO  server.RaftServerConfigKeys (ConfUtils.java:logGet(43)) - raft.server.write.element-limit = 4096 (default)
2019-09-20 14:24:16,403 [93651a45-ffa4-4bae-ae49-6429ae7182bc:group-2FF73C50CC6D:LeaderElection23] INFO  server.RaftServerConfigKeys (ConfUtils.java:logGet(43)) - raft.server.watch.timeout = 10s (default)
2019-09-20 14:24:16,403 [93651a45-ffa4-4bae-ae49-6429ae7182bc:group-2FF73C50CC6D:LeaderElection23] INFO  server.RaftServerConfigKeys (ConfUtils.java:logGet(43)) - raft.server.watch.timeout.denomination = 1s (default)
2019-09-20 14:24:16,403 | INFO  | SCMAudit | user=jenkins1000 | ip=192.168.36.99 | op=SEND_HEARTBEAT {datanodeUUID=93651a45-ffa4-4bae-ae49-6429ae7182bc, command=[]} | ret=SUCCESS |  
2019-09-20 14:24:16,403 [93651a45-ffa4-4bae-ae49-6429ae7182bc:group-2FF73C50CC6D:LeaderElection23] INFO  server.RaftServerConfigKeys (ConfUtils.java:logGet(43)) - raft.server.watch.element-limit = 65536 (default)
2019-09-20 14:24:16,404 [93651a45-ffa4-4bae-ae49-6429ae7182bc:group-2FF73C50CC6D:LeaderElection23] INFO  impl.RoleInfo (RoleInfo.java:updateAndGet(143)) - 93651a45-ffa4-4bae-ae49-6429ae7182bc: start LeaderState
2019-09-20 14:24:16,404 [93651a45-ffa4-4bae-ae49-6429ae7182bc:group-2FF73C50CC6D:LeaderElection23] INFO  segmented.SegmentedRaftLogWorker (SegmentedRaftLogWorker.java:startLogSegment(380)) - 93651a45-ffa4-4bae-ae49-6429ae7182bc-SegmentedRaftLogWorker:Storage Directory /workdir/hadoop-ozone/ozonefs/target/test-dir/MiniOzoneClusterImpl-72e1902e-de17-4929-8ada-cc6049662493/datanode-4/data/ratis/6849c8e0-2c0d-46da-9416-2ff73c50cc6d: Starting segment from index:0
2019-09-20 14:24:16,404 [93651a45-ffa4-4bae-ae49-6429ae7182bc:group-2FF73C50CC6D:LeaderElection23] INFO  impl.RaftServerImpl (ServerState.java:setRaftConf(361)) - 93651a45-ffa4-4bae-ae49-6429ae7182bc:group-2FF73C50CC6D set configuration 0: [93651a45-ffa4-4bae-ae49-6429ae7182bc:192.168.36.99:37696], old=null at 0
2019-09-20 14:24:16,469 [93651a45-ffa4-4bae-ae49-6429ae7182bc-SegmentedRaftLogWorker:Storage Directory /workdir/hadoop-ozone/ozonefs/target/test-dir/MiniOzoneClusterImpl-72e1902e-de17-4929-8ada-cc6049662493/datanode-4/data/ratis/6849c8e0-2c0d-46da-9416-2ff73c50cc6d] INFO  segmented.SegmentedRaftLogWorker (SegmentedRaftLogWorker.java:execute(569)) - 93651a45-ffa4-4bae-ae49-6429ae7182bc-SegmentedRaftLogWorker:Storage Directory /workdir/hadoop-ozone/ozonefs/target/test-dir/MiniOzoneClusterImpl-72e1902e-de17-4929-8ada-cc6049662493/datanode-4/data/ratis/6849c8e0-2c0d-46da-9416-2ff73c50cc6d: created new log segment /workdir/hadoop-ozone/ozonefs/target/test-dir/MiniOzoneClusterImpl-72e1902e-de17-4929-8ada-cc6049662493/datanode-4/data/ratis/6849c8e0-2c0d-46da-9416-2ff73c50cc6d/current/log_inprogress_0
2019-09-20 14:24:16,481 [Thread-360] INFO  impl.FollowerState (FollowerState.java:run(106)) - 9101a5c2-dfb1-4c31-830b-4c77eb758348:group-8696A4A84671 changes to CANDIDATE, lastRpcTime:5064, electionTimeout:5064ms
2019-09-20 14:24:16,481 [Thread-360] INFO  impl.RoleInfo (RoleInfo.java:shutdownFollowerState(121)) - 9101a5c2-dfb1-4c31-830b-4c77eb758348: shutdown FollowerState
2019-09-20 14:24:16,481 [Thread-360] INFO  impl.RaftServerImpl (RaftServerImpl.java:setRole(171)) - 9101a5c2-dfb1-4c31-830b-4c77eb758348:group-8696A4A84671 changes role from FOLLOWER to CANDIDATE at term 0 for changeToCandidate
2019-09-20 14:24:16,482 [Thread-360] INFO  impl.RoleInfo (RoleInfo.java:updateAndGet(143)) - 9101a5c2-dfb1-4c31-830b-4c77eb758348: start LeaderElection
2019-09-20 14:24:16,486 | INFO  | SCMAudit | user=jenkins1000 | ip=192.168.36.99 | op=SEND_HEARTBEAT {datanodeUUID=c0a66530-d43a-4ae5-bdbb-2b9936068aaa, command=[]} | ret=SUCCESS |  
2019-09-20 14:24:16,505 [Thread-356] INFO  impl.FollowerState (FollowerState.java:run(106)) - c0a66530-d43a-4ae5-bdbb-2b9936068aaa:group-6DA01084DE72 changes to CANDIDATE, lastRpcTime:5195, electionTimeout:5195ms
2019-09-20 14:24:16,506 [Thread-356] INFO  impl.RoleInfo (RoleInfo.java:shutdownFollowerState(121)) - c0a66530-d43a-4ae5-bdbb-2b9936068aaa: shutdown FollowerState
2019-09-20 14:24:16,506 [Thread-356] INFO  impl.RaftServerImpl (RaftServerImpl.java:setRole(171)) - c0a66530-d43a-4ae5-bdbb-2b9936068aaa:group-6DA01084DE72 changes role from FOLLOWER to CANDIDATE at term 0 for changeToCandidate
2019-09-20 14:24:16,506 [Thread-356] INFO  impl.RoleInfo (RoleInfo.java:updateAndGet(143)) - c0a66530-d43a-4ae5-bdbb-2b9936068aaa: start LeaderElection
2019-09-20 14:24:16,519 [9101a5c2-dfb1-4c31-830b-4c77eb758348:group-8696A4A84671:LeaderElection24] INFO  impl.LeaderElection (LeaderElection.java:askForVotes(181)) - 9101a5c2-dfb1-4c31-830b-4c77eb758348:group-8696A4A84671:LeaderElection24: begin an election at term 1 for -1: [9101a5c2-dfb1-4c31-830b-4c77eb758348:192.168.36.99:35572], old=null
2019-09-20 14:24:16,519 [9101a5c2-dfb1-4c31-830b-4c77eb758348:group-8696A4A84671:LeaderElection24] INFO  impl.RoleInfo (RoleInfo.java:shutdownLeaderElection(134)) - 9101a5c2-dfb1-4c31-830b-4c77eb758348: shutdown LeaderElection
2019-09-20 14:24:16,520 [9101a5c2-dfb1-4c31-830b-4c77eb758348:group-8696A4A84671:LeaderElection24] INFO  impl.RaftServerImpl (RaftServerImpl.java:setRole(171)) - 9101a5c2-dfb1-4c31-830b-4c77eb758348:group-8696A4A84671 changes role from CANDIDATE to LEADER at term 1 for changeToLeader
2019-09-20 14:24:16,520 [9101a5c2-dfb1-4c31-830b-4c77eb758348:group-8696A4A84671:LeaderElection24] INFO  impl.RaftServerImpl (ServerState.java:setLeader(263)) - 9101a5c2-dfb1-4c31-830b-4c77eb758348:group-8696A4A84671 change Leader from null to 9101a5c2-dfb1-4c31-830b-4c77eb758348 at term 1 for becomeLeader, leader elected after 5107ms
2019-09-20 14:24:16,520 [9101a5c2-dfb1-4c31-830b-4c77eb758348:group-8696A4A84671:LeaderElection24] INFO  server.RaftServerConfigKeys (ConfUtils.java:logGet(43)) - raft.server.staging.catchup.gap = 1000 (default)
2019-09-20 14:24:16,520 [9101a5c2-dfb1-4c31-830b-4c77eb758348:group-8696A4A84671:LeaderElection24] INFO  server.RaftServerConfigKeys (ConfUtils.java:logGet(43)) - raft.server.rpc.sleep.time = 25ms (default)
2019-09-20 14:24:16,520 [9101a5c2-dfb1-4c31-830b-4c77eb758348:group-8696A4A84671:LeaderElection24] INFO  server.RaftServerConfigKeys (ConfUtils.java:logGet(43)) - raft.server.write.element-limit = 4096 (default)
2019-09-20 14:24:16,521 [9101a5c2-dfb1-4c31-830b-4c77eb758348:group-8696A4A84671:LeaderElection24] INFO  server.RaftServerConfigKeys (ConfUtils.java:logGet(43)) - raft.server.watch.timeout = 10s (default)
2019-09-20 14:24:16,521 [9101a5c2-dfb1-4c31-830b-4c77eb758348:group-8696A4A84671:LeaderElection24] INFO  server.RaftServerConfigKeys (ConfUtils.java:logGet(43)) - raft.server.watch.timeout.denomination = 1s (default)
2019-09-20 14:24:16,521 [9101a5c2-dfb1-4c31-830b-4c77eb758348:group-8696A4A84671:LeaderElection24] INFO  server.RaftServerConfigKeys (ConfUtils.java:logGet(43)) - raft.server.watch.element-limit = 65536 (default)
2019-09-20 14:24:16,521 [9101a5c2-dfb1-4c31-830b-4c77eb758348:group-8696A4A84671:LeaderElection24] INFO  impl.RoleInfo (RoleInfo.java:updateAndGet(143)) - 9101a5c2-dfb1-4c31-830b-4c77eb758348: start LeaderState
2019-09-20 14:24:16,522 [9101a5c2-dfb1-4c31-830b-4c77eb758348:group-8696A4A84671:LeaderElection24] INFO  segmented.SegmentedRaftLogWorker (SegmentedRaftLogWorker.java:startLogSegment(380)) - 9101a5c2-dfb1-4c31-830b-4c77eb758348-SegmentedRaftLogWorker:Storage Directory /workdir/hadoop-ozone/ozonefs/target/test-dir/MiniOzoneClusterImpl-72e1902e-de17-4929-8ada-cc6049662493/datanode-6/data/ratis/e45807bc-b72b-465e-85c6-8696a4a84671: Starting segment from index:0
2019-09-20 14:24:16,522 [9101a5c2-dfb1-4c31-830b-4c77eb758348:group-8696A4A84671:LeaderElection24] INFO  impl.RaftServerImpl (ServerState.java:setRaftConf(361)) - 9101a5c2-dfb1-4c31-830b-4c77eb758348:group-8696A4A84671 set configuration 0: [9101a5c2-dfb1-4c31-830b-4c77eb758348:192.168.36.99:35572], old=null at 0
2019-09-20 14:24:16,558 [c0a66530-d43a-4ae5-bdbb-2b9936068aaa:group-6DA01084DE72:LeaderElection25] INFO  impl.LeaderElection (LeaderElection.java:askForVotes(181)) - c0a66530-d43a-4ae5-bdbb-2b9936068aaa:group-6DA01084DE72:LeaderElection25: begin an election at term 1 for -1: [c0a66530-d43a-4ae5-bdbb-2b9936068aaa:192.168.36.99:34723], old=null
2019-09-20 14:24:16,558 [c0a66530-d43a-4ae5-bdbb-2b9936068aaa:group-6DA01084DE72:LeaderElection25] INFO  impl.RoleInfo (RoleInfo.java:shutdownLeaderElection(134)) - c0a66530-d43a-4ae5-bdbb-2b9936068aaa: shutdown LeaderElection
2019-09-20 14:24:16,559 [c0a66530-d43a-4ae5-bdbb-2b9936068aaa:group-6DA01084DE72:LeaderElection25] INFO  impl.RaftServerImpl (RaftServerImpl.java:setRole(171)) - c0a66530-d43a-4ae5-bdbb-2b9936068aaa:group-6DA01084DE72 changes role from CANDIDATE to LEADER at term 1 for changeToLeader
2019-09-20 14:24:16,559 [c0a66530-d43a-4ae5-bdbb-2b9936068aaa:group-6DA01084DE72:LeaderElection25] INFO  impl.RaftServerImpl (ServerState.java:setLeader(263)) - c0a66530-d43a-4ae5-bdbb-2b9936068aaa:group-6DA01084DE72 change Leader from null to c0a66530-d43a-4ae5-bdbb-2b9936068aaa at term 1 for becomeLeader, leader elected after 5254ms
2019-09-20 14:24:16,559 [c0a66530-d43a-4ae5-bdbb-2b9936068aaa:group-6DA01084DE72:LeaderElection25] INFO  server.RaftServerConfigKeys (ConfUtils.java:logGet(43)) - raft.server.staging.catchup.gap = 1000 (default)
2019-09-20 14:24:16,559 [c0a66530-d43a-4ae5-bdbb-2b9936068aaa:group-6DA01084DE72:LeaderElection25] INFO  server.RaftServerConfigKeys (ConfUtils.java:logGet(43)) - raft.server.rpc.sleep.time = 25ms (default)
2019-09-20 14:24:16,559 [c0a66530-d43a-4ae5-bdbb-2b9936068aaa:group-6DA01084DE72:LeaderElection25] INFO  server.RaftServerConfigKeys (ConfUtils.java:logGet(43)) - raft.server.write.element-limit = 4096 (default)
2019-09-20 14:24:16,560 [c0a66530-d43a-4ae5-bdbb-2b9936068aaa:group-6DA01084DE72:LeaderElection25] INFO  server.RaftServerConfigKeys (ConfUtils.java:logGet(43)) - raft.server.watch.timeout = 10s (default)
2019-09-20 14:24:16,560 [c0a66530-d43a-4ae5-bdbb-2b9936068aaa:group-6DA01084DE72:LeaderElection25] INFO  server.RaftServerConfigKeys (ConfUtils.java:logGet(43)) - raft.server.watch.timeout.denomination = 1s (default)
2019-09-20 14:24:16,560 [c0a66530-d43a-4ae5-bdbb-2b9936068aaa:group-6DA01084DE72:LeaderElection25] INFO  server.RaftServerConfigKeys (ConfUtils.java:logGet(43)) - raft.server.watch.element-limit = 65536 (default)
2019-09-20 14:24:16,560 [c0a66530-d43a-4ae5-bdbb-2b9936068aaa:group-6DA01084DE72:LeaderElection25] INFO  impl.RoleInfo (RoleInfo.java:updateAndGet(143)) - c0a66530-d43a-4ae5-bdbb-2b9936068aaa: start LeaderState
2019-09-20 14:24:16,561 [c0a66530-d43a-4ae5-bdbb-2b9936068aaa:group-6DA01084DE72:LeaderElection25] INFO  segmented.SegmentedRaftLogWorker (SegmentedRaftLogWorker.java:startLogSegment(380)) - c0a66530-d43a-4ae5-bdbb-2b9936068aaa-SegmentedRaftLogWorker:Storage Directory /workdir/hadoop-ozone/ozonefs/target/test-dir/MiniOzoneClusterImpl-72e1902e-de17-4929-8ada-cc6049662493/datanode-1/data/ratis/325446cb-0308-4ea6-95ba-6da01084de72: Starting segment from index:0
2019-09-20 14:24:16,561 [c0a66530-d43a-4ae5-bdbb-2b9936068aaa:group-6DA01084DE72:LeaderElection25] INFO  impl.RaftServerImpl (ServerState.java:setRaftConf(361)) - c0a66530-d43a-4ae5-bdbb-2b9936068aaa:group-6DA01084DE72 set configuration 0: [c0a66530-d43a-4ae5-bdbb-2b9936068aaa:192.168.36.99:34723], old=null at 0
2019-09-20 14:24:16,594 [9101a5c2-dfb1-4c31-830b-4c77eb758348-SegmentedRaftLogWorker:Storage Directory /workdir/hadoop-ozone/ozonefs/target/test-dir/MiniOzoneClusterImpl-72e1902e-de17-4929-8ada-cc6049662493/datanode-6/data/ratis/e45807bc-b72b-465e-85c6-8696a4a84671] INFO  segmented.SegmentedRaftLogWorker (SegmentedRaftLogWorker.java:execute(569)) - 9101a5c2-dfb1-4c31-830b-4c77eb758348-SegmentedRaftLogWorker:Storage Directory /workdir/hadoop-ozone/ozonefs/target/test-dir/MiniOzoneClusterImpl-72e1902e-de17-4929-8ada-cc6049662493/datanode-6/data/ratis/e45807bc-b72b-465e-85c6-8696a4a84671: created new log segment /workdir/hadoop-ozone/ozonefs/target/test-dir/MiniOzoneClusterImpl-72e1902e-de17-4929-8ada-cc6049662493/datanode-6/data/ratis/e45807bc-b72b-465e-85c6-8696a4a84671/current/log_inprogress_0
2019-09-20 14:24:16,620 [c0a66530-d43a-4ae5-bdbb-2b9936068aaa-SegmentedRaftLogWorker:Storage Directory /workdir/hadoop-ozone/ozonefs/target/test-dir/MiniOzoneClusterImpl-72e1902e-de17-4929-8ada-cc6049662493/datanode-1/data/ratis/325446cb-0308-4ea6-95ba-6da01084de72] INFO  segmented.SegmentedRaftLogWorker (SegmentedRaftLogWorker.java:execute(569)) - c0a66530-d43a-4ae5-bdbb-2b9936068aaa-SegmentedRaftLogWorker:Storage Directory /workdir/hadoop-ozone/ozonefs/target/test-dir/MiniOzoneClusterImpl-72e1902e-de17-4929-8ada-cc6049662493/datanode-1/data/ratis/325446cb-0308-4ea6-95ba-6da01084de72: created new log segment /workdir/hadoop-ozone/ozonefs/target/test-dir/MiniOzoneClusterImpl-72e1902e-de17-4929-8ada-cc6049662493/datanode-1/data/ratis/325446cb-0308-4ea6-95ba-6da01084de72/current/log_inprogress_0
2019-09-20 14:24:16,642 [Thread-363] INFO  impl.FollowerState (FollowerState.java:run(106)) - 926b0f41-0722-49ff-a592-68b703f22f49:group-5C5F039D2913 changes to CANDIDATE, lastRpcTime:5123, electionTimeout:5123ms
2019-09-20 14:24:16,643 [Thread-363] INFO  impl.RoleInfo (RoleInfo.java:shutdownFollowerState(121)) - 926b0f41-0722-49ff-a592-68b703f22f49: shutdown FollowerState
2019-09-20 14:24:16,643 [Thread-363] INFO  impl.RaftServerImpl (RaftServerImpl.java:setRole(171)) - 926b0f41-0722-49ff-a592-68b703f22f49:group-5C5F039D2913 changes role from FOLLOWER to CANDIDATE at term 0 for changeToCandidate
2019-09-20 14:24:16,643 [Thread-363] INFO  impl.RoleInfo (RoleInfo.java:updateAndGet(143)) - 926b0f41-0722-49ff-a592-68b703f22f49: start LeaderElection
2019-09-20 14:24:16,668 | INFO  | SCMAudit | user=jenkins1000 | ip=192.168.36.99 | op=SEND_HEARTBEAT {datanodeUUID=ea2f062a-dcfd-4d75-88ac-6c4e2f0364da, command=[]} | ret=SUCCESS |  
2019-09-20 14:24:16,668 | INFO  | SCMAudit | user=jenkins1000 | ip=192.168.36.99 | op=SEND_HEARTBEAT {datanodeUUID=f44a1c99-f9ac-4ca4-85ec-e98b84e0ebc2, command=[]} | ret=SUCCESS |  
2019-09-20 14:24:16,670 [926b0f41-0722-49ff-a592-68b703f22f49:group-5C5F039D2913:LeaderElection26] INFO  impl.LeaderElection (LeaderElection.java:askForVotes(181)) - 926b0f41-0722-49ff-a592-68b703f22f49:group-5C5F039D2913:LeaderElection26: begin an election at term 1 for -1: [926b0f41-0722-49ff-a592-68b703f22f49:192.168.36.99:33200], old=null
2019-09-20 14:24:16,671 [926b0f41-0722-49ff-a592-68b703f22f49:group-5C5F039D2913:LeaderElection26] INFO  impl.RoleInfo (RoleInfo.java:shutdownLeaderElection(134)) - 926b0f41-0722-49ff-a592-68b703f22f49: shutdown LeaderElection
2019-09-20 14:24:16,671 [926b0f41-0722-49ff-a592-68b703f22f49:group-5C5F039D2913:LeaderElection26] INFO  impl.RaftServerImpl (RaftServerImpl.java:setRole(171)) - 926b0f41-0722-49ff-a592-68b703f22f49:group-5C5F039D2913 changes role from CANDIDATE to LEADER at term 1 for changeToLeader
2019-09-20 14:24:16,671 [926b0f41-0722-49ff-a592-68b703f22f49:group-5C5F039D2913:LeaderElection26] INFO  impl.RaftServerImpl (ServerState.java:setLeader(263)) - 926b0f41-0722-49ff-a592-68b703f22f49:group-5C5F039D2913 change Leader from null to 926b0f41-0722-49ff-a592-68b703f22f49 at term 1 for becomeLeader, leader elected after 5157ms
2019-09-20 14:24:16,671 [926b0f41-0722-49ff-a592-68b703f22f49:group-5C5F039D2913:LeaderElection26] INFO  server.RaftServerConfigKeys (ConfUtils.java:logGet(43)) - raft.server.staging.catchup.gap = 1000 (default)
2019-09-20 14:24:16,671 [926b0f41-0722-49ff-a592-68b703f22f49:group-5C5F039D2913:LeaderElection26] INFO  server.RaftServerConfigKeys (ConfUtils.java:logGet(43)) - raft.server.rpc.sleep.time = 25ms (default)
2019-09-20 14:24:16,672 [926b0f41-0722-49ff-a592-68b703f22f49:group-5C5F039D2913:LeaderElection26] INFO  server.RaftServerConfigKeys (ConfUtils.java:logGet(43)) - raft.server.write.element-limit = 4096 (default)
2019-09-20 14:24:16,672 [926b0f41-0722-49ff-a592-68b703f22f49:group-5C5F039D2913:LeaderElection26] INFO  server.RaftServerConfigKeys (ConfUtils.java:logGet(43)) - raft.server.watch.timeout = 10s (default)
2019-09-20 14:24:16,672 [926b0f41-0722-49ff-a592-68b703f22f49:group-5C5F039D2913:LeaderElection26] INFO  server.RaftServerConfigKeys (ConfUtils.java:logGet(43)) - raft.server.watch.timeout.denomination = 1s (default)
2019-09-20 14:24:16,672 [926b0f41-0722-49ff-a592-68b703f22f49:group-5C5F039D2913:LeaderElection26] INFO  server.RaftServerConfigKeys (ConfUtils.java:logGet(43)) - raft.server.watch.element-limit = 65536 (default)
2019-09-20 14:24:16,672 [926b0f41-0722-49ff-a592-68b703f22f49:group-5C5F039D2913:LeaderElection26] INFO  impl.RoleInfo (RoleInfo.java:updateAndGet(143)) - 926b0f41-0722-49ff-a592-68b703f22f49: start LeaderState
2019-09-20 14:24:16,673 [926b0f41-0722-49ff-a592-68b703f22f49:group-5C5F039D2913:LeaderElection26] INFO  segmented.SegmentedRaftLogWorker (SegmentedRaftLogWorker.java:startLogSegment(380)) - 926b0f41-0722-49ff-a592-68b703f22f49-SegmentedRaftLogWorker:Storage Directory /workdir/hadoop-ozone/ozonefs/target/test-dir/MiniOzoneClusterImpl-72e1902e-de17-4929-8ada-cc6049662493/datanode-2/data/ratis/df9d7f17-700e-480b-b4b6-5c5f039d2913: Starting segment from index:0
2019-09-20 14:24:16,673 [926b0f41-0722-49ff-a592-68b703f22f49:group-5C5F039D2913:LeaderElection26] INFO  impl.RaftServerImpl (ServerState.java:setRaftConf(361)) - 926b0f41-0722-49ff-a592-68b703f22f49:group-5C5F039D2913 set configuration 0: [926b0f41-0722-49ff-a592-68b703f22f49:192.168.36.99:33200], old=null at 0
2019-09-20 14:24:16,708 [Thread-366] INFO  impl.FollowerState (FollowerState.java:run(106)) - 4b9e2e33-9606-42c4-a38b-d8e2568a9ed5:group-DC824A92412E changes to CANDIDATE, lastRpcTime:5056, electionTimeout:5056ms
2019-09-20 14:24:16,708 [Thread-366] INFO  impl.RoleInfo (RoleInfo.java:shutdownFollowerState(121)) - 4b9e2e33-9606-42c4-a38b-d8e2568a9ed5: shutdown FollowerState
2019-09-20 14:24:16,708 [Thread-366] INFO  impl.RaftServerImpl (RaftServerImpl.java:setRole(171)) - 4b9e2e33-9606-42c4-a38b-d8e2568a9ed5:group-DC824A92412E changes role from FOLLOWER to CANDIDATE at term 0 for changeToCandidate
2019-09-20 14:24:16,708 [Thread-366] INFO  impl.RoleInfo (RoleInfo.java:updateAndGet(143)) - 4b9e2e33-9606-42c4-a38b-d8e2568a9ed5: start LeaderElection
2019-09-20 14:24:16,751 [Thread-369] INFO  impl.FollowerState (FollowerState.java:run(106)) - 93651a45-ffa4-4bae-ae49-6429ae7182bc:group-4013964120DE changes to CANDIDATE, lastRpcTime:5007, electionTimeout:5007ms
2019-09-20 14:24:16,751 [Thread-369] INFO  impl.RoleInfo (RoleInfo.java:shutdownFollowerState(121)) - 93651a45-ffa4-4bae-ae49-6429ae7182bc: shutdown FollowerState
2019-09-20 14:24:16,752 [Thread-369] INFO  impl.RaftServerImpl (RaftServerImpl.java:setRole(171)) - 93651a45-ffa4-4bae-ae49-6429ae7182bc:group-4013964120DE changes role from FOLLOWER to CANDIDATE at term 0 for changeToCandidate
2019-09-20 14:24:16,752 [Thread-369] INFO  impl.RoleInfo (RoleInfo.java:updateAndGet(143)) - 93651a45-ffa4-4bae-ae49-6429ae7182bc: start LeaderElection
2019-09-20 14:24:16,754 [926b0f41-0722-49ff-a592-68b703f22f49-SegmentedRaftLogWorker:Storage Directory /workdir/hadoop-ozone/ozonefs/target/test-dir/MiniOzoneClusterImpl-72e1902e-de17-4929-8ada-cc6049662493/datanode-2/data/ratis/df9d7f17-700e-480b-b4b6-5c5f039d2913] INFO  segmented.SegmentedRaftLogWorker (SegmentedRaftLogWorker.java:execute(569)) - 926b0f41-0722-49ff-a592-68b703f22f49-SegmentedRaftLogWorker:Storage Directory /workdir/hadoop-ozone/ozonefs/target/test-dir/MiniOzoneClusterImpl-72e1902e-de17-4929-8ada-cc6049662493/datanode-2/data/ratis/df9d7f17-700e-480b-b4b6-5c5f039d2913: created new log segment /workdir/hadoop-ozone/ozonefs/target/test-dir/MiniOzoneClusterImpl-72e1902e-de17-4929-8ada-cc6049662493/datanode-2/data/ratis/df9d7f17-700e-480b-b4b6-5c5f039d2913/current/log_inprogress_0
2019-09-20 14:24:16,755 [4b9e2e33-9606-42c4-a38b-d8e2568a9ed5:group-DC824A92412E:LeaderElection27] INFO  impl.LeaderElection (LeaderElection.java:askForVotes(181)) - 4b9e2e33-9606-42c4-a38b-d8e2568a9ed5:group-DC824A92412E:LeaderElection27: begin an election at term 1 for -1: [4b9e2e33-9606-42c4-a38b-d8e2568a9ed5:192.168.36.99:41206], old=null
2019-09-20 14:24:16,755 [4b9e2e33-9606-42c4-a38b-d8e2568a9ed5:group-DC824A92412E:LeaderElection27] INFO  impl.RoleInfo (RoleInfo.java:shutdownLeaderElection(134)) - 4b9e2e33-9606-42c4-a38b-d8e2568a9ed5: shutdown LeaderElection
2019-09-20 14:24:16,755 [4b9e2e33-9606-42c4-a38b-d8e2568a9ed5:group-DC824A92412E:LeaderElection27] INFO  impl.RaftServerImpl (RaftServerImpl.java:setRole(171)) - 4b9e2e33-9606-42c4-a38b-d8e2568a9ed5:group-DC824A92412E changes role from CANDIDATE to LEADER at term 1 for changeToLeader
2019-09-20 14:24:16,755 [4b9e2e33-9606-42c4-a38b-d8e2568a9ed5:group-DC824A92412E:LeaderElection27] INFO  impl.RaftServerImpl (ServerState.java:setLeader(263)) - 4b9e2e33-9606-42c4-a38b-d8e2568a9ed5:group-DC824A92412E change Leader from null to 4b9e2e33-9606-42c4-a38b-d8e2568a9ed5 at term 1 for becomeLeader, leader elected after 5108ms
2019-09-20 14:24:16,755 [4b9e2e33-9606-42c4-a38b-d8e2568a9ed5:group-DC824A92412E:LeaderElection27] INFO  server.RaftServerConfigKeys (ConfUtils.java:logGet(43)) - raft.server.staging.catchup.gap = 1000 (default)
2019-09-20 14:24:16,756 [4b9e2e33-9606-42c4-a38b-d8e2568a9ed5:group-DC824A92412E:LeaderElection27] INFO  server.RaftServerConfigKeys (ConfUtils.java:logGet(43)) - raft.server.rpc.sleep.time = 25ms (default)
2019-09-20 14:24:16,756 [4b9e2e33-9606-42c4-a38b-d8e2568a9ed5:group-DC824A92412E:LeaderElection27] INFO  server.RaftServerConfigKeys (ConfUtils.java:logGet(43)) - raft.server.write.element-limit = 4096 (default)
2019-09-20 14:24:16,756 [4b9e2e33-9606-42c4-a38b-d8e2568a9ed5:group-DC824A92412E:LeaderElection27] INFO  server.RaftServerConfigKeys (ConfUtils.java:logGet(43)) - raft.server.watch.timeout = 10s (default)
2019-09-20 14:24:16,756 [4b9e2e33-9606-42c4-a38b-d8e2568a9ed5:group-DC824A92412E:LeaderElection27] INFO  server.RaftServerConfigKeys (ConfUtils.java:logGet(43)) - raft.server.watch.timeout.denomination = 1s (default)
2019-09-20 14:24:16,756 [4b9e2e33-9606-42c4-a38b-d8e2568a9ed5:group-DC824A92412E:LeaderElection27] INFO  server.RaftServerConfigKeys (ConfUtils.java:logGet(43)) - raft.server.watch.element-limit = 65536 (default)
2019-09-20 14:24:16,757 [4b9e2e33-9606-42c4-a38b-d8e2568a9ed5:group-DC824A92412E:LeaderElection27] INFO  impl.RoleInfo (RoleInfo.java:updateAndGet(143)) - 4b9e2e33-9606-42c4-a38b-d8e2568a9ed5: start LeaderState
2019-09-20 14:24:16,757 [4b9e2e33-9606-42c4-a38b-d8e2568a9ed5:group-DC824A92412E:LeaderElection27] INFO  segmented.SegmentedRaftLogWorker (SegmentedRaftLogWorker.java:startLogSegment(380)) - 4b9e2e33-9606-42c4-a38b-d8e2568a9ed5-SegmentedRaftLogWorker:Storage Directory /workdir/hadoop-ozone/ozonefs/target/test-dir/MiniOzoneClusterImpl-72e1902e-de17-4929-8ada-cc6049662493/datanode-3/data/ratis/dc39c471-8a13-4a1a-a0db-dc824a92412e: Starting segment from index:0
2019-09-20 14:24:16,758 [4b9e2e33-9606-42c4-a38b-d8e2568a9ed5:group-DC824A92412E:LeaderElection27] INFO  impl.RaftServerImpl (ServerState.java:setRaftConf(361)) - 4b9e2e33-9606-42c4-a38b-d8e2568a9ed5:group-DC824A92412E set configuration 0: [4b9e2e33-9606-42c4-a38b-d8e2568a9ed5:192.168.36.99:41206], old=null at 0
2019-09-20 14:24:16,795 [93651a45-ffa4-4bae-ae49-6429ae7182bc:group-4013964120DE:LeaderElection28] INFO  impl.LeaderElection (LeaderElection.java:askForVotes(181)) - 93651a45-ffa4-4bae-ae49-6429ae7182bc:group-4013964120DE:LeaderElection28: begin an election at term 1 for -1: [93651a45-ffa4-4bae-ae49-6429ae7182bc:192.168.36.99:37696], old=null
2019-09-20 14:24:16,795 [93651a45-ffa4-4bae-ae49-6429ae7182bc:group-4013964120DE:LeaderElection28] INFO  impl.RoleInfo (RoleInfo.java:shutdownLeaderElection(134)) - 93651a45-ffa4-4bae-ae49-6429ae7182bc: shutdown LeaderElection
2019-09-20 14:24:16,795 [93651a45-ffa4-4bae-ae49-6429ae7182bc:group-4013964120DE:LeaderElection28] INFO  impl.RaftServerImpl (RaftServerImpl.java:setRole(171)) - 93651a45-ffa4-4bae-ae49-6429ae7182bc:group-4013964120DE changes role from CANDIDATE to LEADER at term 1 for changeToLeader
2019-09-20 14:24:16,796 [93651a45-ffa4-4bae-ae49-6429ae7182bc:group-4013964120DE:LeaderElection28] INFO  impl.RaftServerImpl (ServerState.java:setLeader(263)) - 93651a45-ffa4-4bae-ae49-6429ae7182bc:group-4013964120DE change Leader from null to 93651a45-ffa4-4bae-ae49-6429ae7182bc at term 1 for becomeLeader, leader elected after 5056ms
2019-09-20 14:24:16,796 [93651a45-ffa4-4bae-ae49-6429ae7182bc:group-4013964120DE:LeaderElection28] INFO  server.RaftServerConfigKeys (ConfUtils.java:logGet(43)) - raft.server.staging.catchup.gap = 1000 (default)
2019-09-20 14:24:16,796 [93651a45-ffa4-4bae-ae49-6429ae7182bc:group-4013964120DE:LeaderElection28] INFO  server.RaftServerConfigKeys (ConfUtils.java:logGet(43)) - raft.server.rpc.sleep.time = 25ms (default)
2019-09-20 14:24:16,796 [93651a45-ffa4-4bae-ae49-6429ae7182bc:group-4013964120DE:LeaderElection28] INFO  server.RaftServerConfigKeys (ConfUtils.java:logGet(43)) - raft.server.write.element-limit = 4096 (default)
2019-09-20 14:24:16,796 | INFO  | SCMAudit | user=jenkins1000 | ip=192.168.36.99 | op=SEND_HEARTBEAT {datanodeUUID=926b0f41-0722-49ff-a592-68b703f22f49, command=[]} | ret=SUCCESS |  
2019-09-20 14:24:16,797 [93651a45-ffa4-4bae-ae49-6429ae7182bc:group-4013964120DE:LeaderElection28] INFO  server.RaftServerConfigKeys (ConfUtils.java:logGet(43)) - raft.server.watch.timeout = 10s (default)
2019-09-20 14:24:16,797 [93651a45-ffa4-4bae-ae49-6429ae7182bc:group-4013964120DE:LeaderElection28] INFO  server.RaftServerConfigKeys (ConfUtils.java:logGet(43)) - raft.server.watch.timeout.denomination = 1s (default)
2019-09-20 14:24:16,797 [93651a45-ffa4-4bae-ae49-6429ae7182bc:group-4013964120DE:LeaderElection28] INFO  server.RaftServerConfigKeys (ConfUtils.java:logGet(43)) - raft.server.watch.element-limit = 65536 (default)
2019-09-20 14:24:16,797 [93651a45-ffa4-4bae-ae49-6429ae7182bc:group-4013964120DE:LeaderElection28] INFO  impl.RoleInfo (RoleInfo.java:updateAndGet(143)) - 93651a45-ffa4-4bae-ae49-6429ae7182bc: start LeaderState
2019-09-20 14:24:16,798 [93651a45-ffa4-4bae-ae49-6429ae7182bc:group-4013964120DE:LeaderElection28] INFO  segmented.SegmentedRaftLogWorker (SegmentedRaftLogWorker.java:startLogSegment(380)) - 93651a45-ffa4-4bae-ae49-6429ae7182bc-SegmentedRaftLogWorker:Storage Directory /workdir/hadoop-ozone/ozonefs/target/test-dir/MiniOzoneClusterImpl-72e1902e-de17-4929-8ada-cc6049662493/datanode-4/data/ratis/6e1d703a-b169-4ccd-af5a-4013964120de: Starting segment from index:0
2019-09-20 14:24:16,798 [93651a45-ffa4-4bae-ae49-6429ae7182bc:group-4013964120DE:LeaderElection28] INFO  impl.RaftServerImpl (ServerState.java:setRaftConf(361)) - 93651a45-ffa4-4bae-ae49-6429ae7182bc:group-4013964120DE set configuration 0: [93651a45-ffa4-4bae-ae49-6429ae7182bc:192.168.36.99:37696], old=null at 0
2019-09-20 14:24:16,831 [4b9e2e33-9606-42c4-a38b-d8e2568a9ed5-SegmentedRaftLogWorker:Storage Directory /workdir/hadoop-ozone/ozonefs/target/test-dir/MiniOzoneClusterImpl-72e1902e-de17-4929-8ada-cc6049662493/datanode-3/data/ratis/dc39c471-8a13-4a1a-a0db-dc824a92412e] INFO  segmented.SegmentedRaftLogWorker (SegmentedRaftLogWorker.java:execute(569)) - 4b9e2e33-9606-42c4-a38b-d8e2568a9ed5-SegmentedRaftLogWorker:Storage Directory /workdir/hadoop-ozone/ozonefs/target/test-dir/MiniOzoneClusterImpl-72e1902e-de17-4929-8ada-cc6049662493/datanode-3/data/ratis/dc39c471-8a13-4a1a-a0db-dc824a92412e: created new log segment /workdir/hadoop-ozone/ozonefs/target/test-dir/MiniOzoneClusterImpl-72e1902e-de17-4929-8ada-cc6049662493/datanode-3/data/ratis/dc39c471-8a13-4a1a-a0db-dc824a92412e/current/log_inprogress_0
2019-09-20 14:24:16,855 [93651a45-ffa4-4bae-ae49-6429ae7182bc-SegmentedRaftLogWorker:Storage Directory /workdir/hadoop-ozone/ozonefs/target/test-dir/MiniOzoneClusterImpl-72e1902e-de17-4929-8ada-cc6049662493/datanode-4/data/ratis/6e1d703a-b169-4ccd-af5a-4013964120de] INFO  segmented.SegmentedRaftLogWorker (SegmentedRaftLogWorker.java:execute(569)) - 93651a45-ffa4-4bae-ae49-6429ae7182bc-SegmentedRaftLogWorker:Storage Directory /workdir/hadoop-ozone/ozonefs/target/test-dir/MiniOzoneClusterImpl-72e1902e-de17-4929-8ada-cc6049662493/datanode-4/data/ratis/6e1d703a-b169-4ccd-af5a-4013964120de: created new log segment /workdir/hadoop-ozone/ozonefs/target/test-dir/MiniOzoneClusterImpl-72e1902e-de17-4929-8ada-cc6049662493/datanode-4/data/ratis/6e1d703a-b169-4ccd-af5a-4013964120de/current/log_inprogress_0
2019-09-20 14:24:16,941 [Thread-372] INFO  impl.FollowerState (FollowerState.java:run(106)) - 926b0f41-0722-49ff-a592-68b703f22f49:group-FEB14115ACA7 changes to CANDIDATE, lastRpcTime:5113, electionTimeout:5113ms
2019-09-20 14:24:16,942 [Thread-372] INFO  impl.RoleInfo (RoleInfo.java:shutdownFollowerState(121)) - 926b0f41-0722-49ff-a592-68b703f22f49: shutdown FollowerState
2019-09-20 14:24:16,942 [Thread-372] INFO  impl.RaftServerImpl (RaftServerImpl.java:setRole(171)) - 926b0f41-0722-49ff-a592-68b703f22f49:group-FEB14115ACA7 changes role from FOLLOWER to CANDIDATE at term 0 for changeToCandidate
2019-09-20 14:24:16,942 [Thread-372] INFO  impl.RoleInfo (RoleInfo.java:updateAndGet(143)) - 926b0f41-0722-49ff-a592-68b703f22f49: start LeaderElection
2019-09-20 14:24:16,969 | INFO  | SCMAudit | user=jenkins1000 | ip=192.168.36.99 | op=SEND_HEARTBEAT {datanodeUUID=9101a5c2-dfb1-4c31-830b-4c77eb758348, command=[]} | ret=SUCCESS |  
2019-09-20 14:24:16,972 [926b0f41-0722-49ff-a592-68b703f22f49:group-FEB14115ACA7:LeaderElection29] INFO  impl.LeaderElection (LeaderElection.java:askForVotes(181)) - 926b0f41-0722-49ff-a592-68b703f22f49:group-FEB14115ACA7:LeaderElection29: begin an election at term 1 for -1: [926b0f41-0722-49ff-a592-68b703f22f49:192.168.36.99:33200], old=null
2019-09-20 14:24:16,972 [926b0f41-0722-49ff-a592-68b703f22f49:group-FEB14115ACA7:LeaderElection29] INFO  impl.RoleInfo (RoleInfo.java:shutdownLeaderElection(134)) - 926b0f41-0722-49ff-a592-68b703f22f49: shutdown LeaderElection
2019-09-20 14:24:16,972 [926b0f41-0722-49ff-a592-68b703f22f49:group-FEB14115ACA7:LeaderElection29] INFO  impl.RaftServerImpl (RaftServerImpl.java:setRole(171)) - 926b0f41-0722-49ff-a592-68b703f22f49:group-FEB14115ACA7 changes role from CANDIDATE to LEADER at term 1 for changeToLeader
2019-09-20 14:24:16,973 [926b0f41-0722-49ff-a592-68b703f22f49:group-FEB14115ACA7:LeaderElection29] INFO  impl.RaftServerImpl (ServerState.java:setLeader(263)) - 926b0f41-0722-49ff-a592-68b703f22f49:group-FEB14115ACA7 change Leader from null to 926b0f41-0722-49ff-a592-68b703f22f49 at term 1 for becomeLeader, leader elected after 5149ms
2019-09-20 14:24:16,973 [926b0f41-0722-49ff-a592-68b703f22f49:group-FEB14115ACA7:LeaderElection29] INFO  server.RaftServerConfigKeys (ConfUtils.java:logGet(43)) - raft.server.staging.catchup.gap = 1000 (default)
2019-09-20 14:24:16,973 [926b0f41-0722-49ff-a592-68b703f22f49:group-FEB14115ACA7:LeaderElection29] INFO  server.RaftServerConfigKeys (ConfUtils.java:logGet(43)) - raft.server.rpc.sleep.time = 25ms (default)
2019-09-20 14:24:16,973 [926b0f41-0722-49ff-a592-68b703f22f49:group-FEB14115ACA7:LeaderElection29] INFO  server.RaftServerConfigKeys (ConfUtils.java:logGet(43)) - raft.server.write.element-limit = 4096 (default)
2019-09-20 14:24:16,973 [926b0f41-0722-49ff-a592-68b703f22f49:group-FEB14115ACA7:LeaderElection29] INFO  server.RaftServerConfigKeys (ConfUtils.java:logGet(43)) - raft.server.watch.timeout = 10s (default)
2019-09-20 14:24:16,974 [926b0f41-0722-49ff-a592-68b703f22f49:group-FEB14115ACA7:LeaderElection29] INFO  server.RaftServerConfigKeys (ConfUtils.java:logGet(43)) - raft.server.watch.timeout.denomination = 1s (default)
2019-09-20 14:24:16,974 [926b0f41-0722-49ff-a592-68b703f22f49:group-FEB14115ACA7:LeaderElection29] INFO  server.RaftServerConfigKeys (ConfUtils.java:logGet(43)) - raft.server.watch.element-limit = 65536 (default)
2019-09-20 14:24:16,974 [926b0f41-0722-49ff-a592-68b703f22f49:group-FEB14115ACA7:LeaderElection29] INFO  impl.RoleInfo (RoleInfo.java:updateAndGet(143)) - 926b0f41-0722-49ff-a592-68b703f22f49: start LeaderState
2019-09-20 14:24:16,974 [926b0f41-0722-49ff-a592-68b703f22f49:group-FEB14115ACA7:LeaderElection29] INFO  segmented.SegmentedRaftLogWorker (SegmentedRaftLogWorker.java:startLogSegment(380)) - 926b0f41-0722-49ff-a592-68b703f22f49-SegmentedRaftLogWorker:Storage Directory /workdir/hadoop-ozone/ozonefs/target/test-dir/MiniOzoneClusterImpl-72e1902e-de17-4929-8ada-cc6049662493/datanode-2/data/ratis/f34d9899-fc50-413d-a915-feb14115aca7: Starting segment from index:0
2019-09-20 14:24:16,975 [926b0f41-0722-49ff-a592-68b703f22f49:group-FEB14115ACA7:LeaderElection29] INFO  impl.RaftServerImpl (ServerState.java:setRaftConf(361)) - 926b0f41-0722-49ff-a592-68b703f22f49:group-FEB14115ACA7 set configuration 0: [926b0f41-0722-49ff-a592-68b703f22f49:192.168.36.99:33200], old=null at 0
2019-09-20 14:24:17,056 [926b0f41-0722-49ff-a592-68b703f22f49-SegmentedRaftLogWorker:Storage Directory /workdir/hadoop-ozone/ozonefs/target/test-dir/MiniOzoneClusterImpl-72e1902e-de17-4929-8ada-cc6049662493/datanode-2/data/ratis/f34d9899-fc50-413d-a915-feb14115aca7] INFO  segmented.SegmentedRaftLogWorker (SegmentedRaftLogWorker.java:execute(569)) - 926b0f41-0722-49ff-a592-68b703f22f49-SegmentedRaftLogWorker:Storage Directory /workdir/hadoop-ozone/ozonefs/target/test-dir/MiniOzoneClusterImpl-72e1902e-de17-4929-8ada-cc6049662493/datanode-2/data/ratis/f34d9899-fc50-413d-a915-feb14115aca7: created new log segment /workdir/hadoop-ozone/ozonefs/target/test-dir/MiniOzoneClusterImpl-72e1902e-de17-4929-8ada-cc6049662493/datanode-2/data/ratis/f34d9899-fc50-413d-a915-feb14115aca7/current/log_inprogress_0
2019-09-20 14:24:17,124 [Thread-375] INFO  impl.FollowerState (FollowerState.java:run(106)) - f44a1c99-f9ac-4ca4-85ec-e98b84e0ebc2:group-52C29E54BB51 changes to CANDIDATE, lastRpcTime:5195, electionTimeout:5195ms
2019-09-20 14:24:17,125 [Thread-375] INFO  impl.RoleInfo (RoleInfo.java:shutdownFollowerState(121)) - f44a1c99-f9ac-4ca4-85ec-e98b84e0ebc2: shutdown FollowerState
2019-09-20 14:24:17,125 [Thread-375] INFO  impl.RaftServerImpl (RaftServerImpl.java:setRole(171)) - f44a1c99-f9ac-4ca4-85ec-e98b84e0ebc2:group-52C29E54BB51 changes role from FOLLOWER to CANDIDATE at term 0 for changeToCandidate
2019-09-20 14:24:17,125 [Thread-375] INFO  impl.RoleInfo (RoleInfo.java:updateAndGet(143)) - f44a1c99-f9ac-4ca4-85ec-e98b84e0ebc2: start LeaderElection
2019-09-20 14:24:17,164 [f44a1c99-f9ac-4ca4-85ec-e98b84e0ebc2:group-52C29E54BB51:LeaderElection30] INFO  impl.LeaderElection (LeaderElection.java:askForVotes(181)) - f44a1c99-f9ac-4ca4-85ec-e98b84e0ebc2:group-52C29E54BB51:LeaderElection30: begin an election at term 1 for -1: [f44a1c99-f9ac-4ca4-85ec-e98b84e0ebc2:192.168.36.99:39362], old=null
2019-09-20 14:24:17,165 [f44a1c99-f9ac-4ca4-85ec-e98b84e0ebc2:group-52C29E54BB51:LeaderElection30] INFO  impl.RoleInfo (RoleInfo.java:shutdownLeaderElection(134)) - f44a1c99-f9ac-4ca4-85ec-e98b84e0ebc2: shutdown LeaderElection
2019-09-20 14:24:17,165 [f44a1c99-f9ac-4ca4-85ec-e98b84e0ebc2:group-52C29E54BB51:LeaderElection30] INFO  impl.RaftServerImpl (RaftServerImpl.java:setRole(171)) - f44a1c99-f9ac-4ca4-85ec-e98b84e0ebc2:group-52C29E54BB51 changes role from CANDIDATE to LEADER at term 1 for changeToLeader
2019-09-20 14:24:17,165 [f44a1c99-f9ac-4ca4-85ec-e98b84e0ebc2:group-52C29E54BB51:LeaderElection30] INFO  impl.RaftServerImpl (ServerState.java:setLeader(263)) - f44a1c99-f9ac-4ca4-85ec-e98b84e0ebc2:group-52C29E54BB51 change Leader from null to f44a1c99-f9ac-4ca4-85ec-e98b84e0ebc2 at term 1 for becomeLeader, leader elected after 5240ms
2019-09-20 14:24:17,165 [f44a1c99-f9ac-4ca4-85ec-e98b84e0ebc2:group-52C29E54BB51:LeaderElection30] INFO  server.RaftServerConfigKeys (ConfUtils.java:logGet(43)) - raft.server.staging.catchup.gap = 1000 (default)
2019-09-20 14:24:17,165 [f44a1c99-f9ac-4ca4-85ec-e98b84e0ebc2:group-52C29E54BB51:LeaderElection30] INFO  server.RaftServerConfigKeys (ConfUtils.java:logGet(43)) - raft.server.rpc.sleep.time = 25ms (default)
2019-09-20 14:24:17,165 [f44a1c99-f9ac-4ca4-85ec-e98b84e0ebc2:group-52C29E54BB51:LeaderElection30] INFO  server.RaftServerConfigKeys (ConfUtils.java:logGet(43)) - raft.server.write.element-limit = 4096 (default)
2019-09-20 14:24:17,166 [f44a1c99-f9ac-4ca4-85ec-e98b84e0ebc2:group-52C29E54BB51:LeaderElection30] INFO  server.RaftServerConfigKeys (ConfUtils.java:logGet(43)) - raft.server.watch.timeout = 10s (default)
2019-09-20 14:24:17,166 [f44a1c99-f9ac-4ca4-85ec-e98b84e0ebc2:group-52C29E54BB51:LeaderElection30] INFO  server.RaftServerConfigKeys (ConfUtils.java:logGet(43)) - raft.server.watch.timeout.denomination = 1s (default)
2019-09-20 14:24:17,166 [f44a1c99-f9ac-4ca4-85ec-e98b84e0ebc2:group-52C29E54BB51:LeaderElection30] INFO  server.RaftServerConfigKeys (ConfUtils.java:logGet(43)) - raft.server.watch.element-limit = 65536 (default)
2019-09-20 14:24:17,166 [f44a1c99-f9ac-4ca4-85ec-e98b84e0ebc2:group-52C29E54BB51:LeaderElection30] INFO  impl.RoleInfo (RoleInfo.java:updateAndGet(143)) - f44a1c99-f9ac-4ca4-85ec-e98b84e0ebc2: start LeaderState
2019-09-20 14:24:17,166 [f44a1c99-f9ac-4ca4-85ec-e98b84e0ebc2:group-52C29E54BB51:LeaderElection30] INFO  segmented.SegmentedRaftLogWorker (SegmentedRaftLogWorker.java:startLogSegment(380)) - f44a1c99-f9ac-4ca4-85ec-e98b84e0ebc2-SegmentedRaftLogWorker:Storage Directory /workdir/hadoop-ozone/ozonefs/target/test-dir/MiniOzoneClusterImpl-72e1902e-de17-4929-8ada-cc6049662493/datanode-5/data/ratis/493b8c97-d0d8-4951-82fa-52c29e54bb51: Starting segment from index:0
2019-09-20 14:24:17,167 [f44a1c99-f9ac-4ca4-85ec-e98b84e0ebc2:group-52C29E54BB51:LeaderElection30] INFO  impl.RaftServerImpl (ServerState.java:setRaftConf(361)) - f44a1c99-f9ac-4ca4-85ec-e98b84e0ebc2:group-52C29E54BB51 set configuration 0: [f44a1c99-f9ac-4ca4-85ec-e98b84e0ebc2:192.168.36.99:39362], old=null at 0
2019-09-20 14:24:17,208 [Thread-378] INFO  impl.FollowerState (FollowerState.java:run(106)) - 9101a5c2-dfb1-4c31-830b-4c77eb758348:group-28C4E3CFD119 changes to CANDIDATE, lastRpcTime:5195, electionTimeout:5187ms
2019-09-20 14:24:17,208 [Thread-378] INFO  impl.RoleInfo (RoleInfo.java:shutdownFollowerState(121)) - 9101a5c2-dfb1-4c31-830b-4c77eb758348: shutdown FollowerState
2019-09-20 14:24:17,208 [Thread-378] INFO  impl.RaftServerImpl (RaftServerImpl.java:setRole(171)) - 9101a5c2-dfb1-4c31-830b-4c77eb758348:group-28C4E3CFD119 changes role from FOLLOWER to CANDIDATE at term 0 for changeToCandidate
2019-09-20 14:24:17,209 [Thread-378] INFO  impl.RoleInfo (RoleInfo.java:updateAndGet(143)) - 9101a5c2-dfb1-4c31-830b-4c77eb758348: start LeaderElection
2019-09-20 14:24:17,213 | INFO  | SCMAudit | user=jenkins1000 | ip=192.168.36.99 | op=SEND_HEARTBEAT {datanodeUUID=e0033df1-dced-4562-b4c4-a94a3cb6c131, command=[]} | ret=SUCCESS |  
2019-09-20 14:24:17,240 [f44a1c99-f9ac-4ca4-85ec-e98b84e0ebc2-SegmentedRaftLogWorker:Storage Directory /workdir/hadoop-ozone/ozonefs/target/test-dir/MiniOzoneClusterImpl-72e1902e-de17-4929-8ada-cc6049662493/datanode-5/data/ratis/493b8c97-d0d8-4951-82fa-52c29e54bb51] INFO  segmented.SegmentedRaftLogWorker (SegmentedRaftLogWorker.java:execute(569)) - f44a1c99-f9ac-4ca4-85ec-e98b84e0ebc2-SegmentedRaftLogWorker:Storage Directory /workdir/hadoop-ozone/ozonefs/target/test-dir/MiniOzoneClusterImpl-72e1902e-de17-4929-8ada-cc6049662493/datanode-5/data/ratis/493b8c97-d0d8-4951-82fa-52c29e54bb51: created new log segment /workdir/hadoop-ozone/ozonefs/target/test-dir/MiniOzoneClusterImpl-72e1902e-de17-4929-8ada-cc6049662493/datanode-5/data/ratis/493b8c97-d0d8-4951-82fa-52c29e54bb51/current/log_inprogress_0
2019-09-20 14:24:17,240 [9101a5c2-dfb1-4c31-830b-4c77eb758348:group-28C4E3CFD119:LeaderElection31] INFO  impl.LeaderElection (LeaderElection.java:askForVotes(181)) - 9101a5c2-dfb1-4c31-830b-4c77eb758348:group-28C4E3CFD119:LeaderElection31: begin an election at term 1 for -1: [9101a5c2-dfb1-4c31-830b-4c77eb758348:192.168.36.99:35572], old=null
2019-09-20 14:24:17,240 [9101a5c2-dfb1-4c31-830b-4c77eb758348:group-28C4E3CFD119:LeaderElection31] INFO  impl.RoleInfo (RoleInfo.java:shutdownLeaderElection(134)) - 9101a5c2-dfb1-4c31-830b-4c77eb758348: shutdown LeaderElection
2019-09-20 14:24:17,240 [9101a5c2-dfb1-4c31-830b-4c77eb758348:group-28C4E3CFD119:LeaderElection31] INFO  impl.RaftServerImpl (RaftServerImpl.java:setRole(171)) - 9101a5c2-dfb1-4c31-830b-4c77eb758348:group-28C4E3CFD119 changes role from CANDIDATE to LEADER at term 1 for changeToLeader
2019-09-20 14:24:17,241 [9101a5c2-dfb1-4c31-830b-4c77eb758348:group-28C4E3CFD119:LeaderElection31] INFO  impl.RaftServerImpl (ServerState.java:setLeader(263)) - 9101a5c2-dfb1-4c31-830b-4c77eb758348:group-28C4E3CFD119 change Leader from null to 9101a5c2-dfb1-4c31-830b-4c77eb758348 at term 1 for becomeLeader, leader elected after 5232ms
2019-09-20 14:24:17,241 [9101a5c2-dfb1-4c31-830b-4c77eb758348:group-28C4E3CFD119:LeaderElection31] INFO  server.RaftServerConfigKeys (ConfUtils.java:logGet(43)) - raft.server.staging.catchup.gap = 1000 (default)
2019-09-20 14:24:17,241 [9101a5c2-dfb1-4c31-830b-4c77eb758348:group-28C4E3CFD119:LeaderElection31] INFO  server.RaftServerConfigKeys (ConfUtils.java:logGet(43)) - raft.server.rpc.sleep.time = 25ms (default)
2019-09-20 14:24:17,241 [9101a5c2-dfb1-4c31-830b-4c77eb758348:group-28C4E3CFD119:LeaderElection31] INFO  server.RaftServerConfigKeys (ConfUtils.java:logGet(43)) - raft.server.write.element-limit = 4096 (default)
2019-09-20 14:24:17,241 [9101a5c2-dfb1-4c31-830b-4c77eb758348:group-28C4E3CFD119:LeaderElection31] INFO  server.RaftServerConfigKeys (ConfUtils.java:logGet(43)) - raft.server.watch.timeout = 10s (default)
2019-09-20 14:24:17,242 [9101a5c2-dfb1-4c31-830b-4c77eb758348:group-28C4E3CFD119:LeaderElection31] INFO  server.RaftServerConfigKeys (ConfUtils.java:logGet(43)) - raft.server.watch.timeout.denomination = 1s (default)
2019-09-20 14:24:17,242 [9101a5c2-dfb1-4c31-830b-4c77eb758348:group-28C4E3CFD119:LeaderElection31] INFO  server.RaftServerConfigKeys (ConfUtils.java:logGet(43)) - raft.server.watch.element-limit = 65536 (default)
2019-09-20 14:24:17,242 [9101a5c2-dfb1-4c31-830b-4c77eb758348:group-28C4E3CFD119:LeaderElection31] INFO  impl.RoleInfo (RoleInfo.java:updateAndGet(143)) - 9101a5c2-dfb1-4c31-830b-4c77eb758348: start LeaderState
2019-09-20 14:24:17,242 [9101a5c2-dfb1-4c31-830b-4c77eb758348:group-28C4E3CFD119:LeaderElection31] INFO  segmented.SegmentedRaftLogWorker (SegmentedRaftLogWorker.java:startLogSegment(380)) - 9101a5c2-dfb1-4c31-830b-4c77eb758348-SegmentedRaftLogWorker:Storage Directory /workdir/hadoop-ozone/ozonefs/target/test-dir/MiniOzoneClusterImpl-72e1902e-de17-4929-8ada-cc6049662493/datanode-6/data/ratis/ef245d12-4352-4f4d-ae04-28c4e3cfd119: Starting segment from index:0
2019-09-20 14:24:17,243 [9101a5c2-dfb1-4c31-830b-4c77eb758348:group-28C4E3CFD119:LeaderElection31] INFO  impl.RaftServerImpl (ServerState.java:setRaftConf(361)) - 9101a5c2-dfb1-4c31-830b-4c77eb758348:group-28C4E3CFD119 set configuration 0: [9101a5c2-dfb1-4c31-830b-4c77eb758348:192.168.36.99:35572], old=null at 0
2019-09-20 14:24:17,281 [Thread-384] INFO  impl.FollowerState (FollowerState.java:run(106)) - 4b9e2e33-9606-42c4-a38b-d8e2568a9ed5:group-7D0DEE55AFC9 changes to CANDIDATE, lastRpcTime:5093, electionTimeout:5083ms
2019-09-20 14:24:17,281 [Thread-384] INFO  impl.RoleInfo (RoleInfo.java:shutdownFollowerState(121)) - 4b9e2e33-9606-42c4-a38b-d8e2568a9ed5: shutdown FollowerState
2019-09-20 14:24:17,281 [Thread-381] INFO  impl.FollowerState (FollowerState.java:run(106)) - f44a1c99-f9ac-4ca4-85ec-e98b84e0ebc2:group-5811542B7F5F changes to CANDIDATE, lastRpcTime:5185, electionTimeout:5154ms
2019-09-20 14:24:17,281 [Thread-384] INFO  impl.RaftServerImpl (RaftServerImpl.java:setRole(171)) - 4b9e2e33-9606-42c4-a38b-d8e2568a9ed5:group-7D0DEE55AFC9 changes role from FOLLOWER to CANDIDATE at term 0 for changeToCandidate
2019-09-20 14:24:17,282 [Thread-381] INFO  impl.RoleInfo (RoleInfo.java:shutdownFollowerState(121)) - f44a1c99-f9ac-4ca4-85ec-e98b84e0ebc2: shutdown FollowerState
2019-09-20 14:24:17,282 [Thread-384] INFO  impl.RoleInfo (RoleInfo.java:updateAndGet(143)) - 4b9e2e33-9606-42c4-a38b-d8e2568a9ed5: start LeaderElection
2019-09-20 14:24:17,282 [Thread-381] INFO  impl.RaftServerImpl (RaftServerImpl.java:setRole(171)) - f44a1c99-f9ac-4ca4-85ec-e98b84e0ebc2:group-5811542B7F5F changes role from FOLLOWER to CANDIDATE at term 0 for changeToCandidate
2019-09-20 14:24:17,282 [Thread-381] INFO  impl.RoleInfo (RoleInfo.java:updateAndGet(143)) - f44a1c99-f9ac-4ca4-85ec-e98b84e0ebc2: start LeaderElection
2019-09-20 14:24:17,286 | INFO  | SCMAudit | user=jenkins1000 | ip=192.168.36.99 | op=SEND_HEARTBEAT {datanodeUUID=7c330693-1e2f-4265-ad51-f8ae66fac775, command=[]} | ret=SUCCESS |  
2019-09-20 14:24:17,316 [9101a5c2-dfb1-4c31-830b-4c77eb758348-SegmentedRaftLogWorker:Storage Directory /workdir/hadoop-ozone/ozonefs/target/test-dir/MiniOzoneClusterImpl-72e1902e-de17-4929-8ada-cc6049662493/datanode-6/data/ratis/ef245d12-4352-4f4d-ae04-28c4e3cfd119] INFO  segmented.SegmentedRaftLogWorker (SegmentedRaftLogWorker.java:execute(569)) - 9101a5c2-dfb1-4c31-830b-4c77eb758348-SegmentedRaftLogWorker:Storage Directory /workdir/hadoop-ozone/ozonefs/target/test-dir/MiniOzoneClusterImpl-72e1902e-de17-4929-8ada-cc6049662493/datanode-6/data/ratis/ef245d12-4352-4f4d-ae04-28c4e3cfd119: created new log segment /workdir/hadoop-ozone/ozonefs/target/test-dir/MiniOzoneClusterImpl-72e1902e-de17-4929-8ada-cc6049662493/datanode-6/data/ratis/ef245d12-4352-4f4d-ae04-28c4e3cfd119/current/log_inprogress_0
2019-09-20 14:24:17,316 [f44a1c99-f9ac-4ca4-85ec-e98b84e0ebc2:group-5811542B7F5F:LeaderElection33] INFO  impl.LeaderElection (LeaderElection.java:askForVotes(181)) - f44a1c99-f9ac-4ca4-85ec-e98b84e0ebc2:group-5811542B7F5F:LeaderElection33: begin an election at term 1 for -1: [f44a1c99-f9ac-4ca4-85ec-e98b84e0ebc2:192.168.36.99:39362], old=null
2019-09-20 14:24:17,316 [4b9e2e33-9606-42c4-a38b-d8e2568a9ed5:group-7D0DEE55AFC9:LeaderElection32] INFO  impl.LeaderElection (LeaderElection.java:askForVotes(181)) - 4b9e2e33-9606-42c4-a38b-d8e2568a9ed5:group-7D0DEE55AFC9:LeaderElection32: begin an election at term 1 for -1: [4b9e2e33-9606-42c4-a38b-d8e2568a9ed5:192.168.36.99:41206], old=null
2019-09-20 14:24:17,317 [f44a1c99-f9ac-4ca4-85ec-e98b84e0ebc2:group-5811542B7F5F:LeaderElection33] INFO  impl.RoleInfo (RoleInfo.java:shutdownLeaderElection(134)) - f44a1c99-f9ac-4ca4-85ec-e98b84e0ebc2: shutdown LeaderElection
2019-09-20 14:24:17,317 [4b9e2e33-9606-42c4-a38b-d8e2568a9ed5:group-7D0DEE55AFC9:LeaderElection32] INFO  impl.RoleInfo (RoleInfo.java:shutdownLeaderElection(134)) - 4b9e2e33-9606-42c4-a38b-d8e2568a9ed5: shutdown LeaderElection
2019-09-20 14:24:17,317 [f44a1c99-f9ac-4ca4-85ec-e98b84e0ebc2:group-5811542B7F5F:LeaderElection33] INFO  impl.RaftServerImpl (RaftServerImpl.java:setRole(171)) - f44a1c99-f9ac-4ca4-85ec-e98b84e0ebc2:group-5811542B7F5F changes role from CANDIDATE to LEADER at term 1 for changeToLeader
2019-09-20 14:24:17,317 [4b9e2e33-9606-42c4-a38b-d8e2568a9ed5:group-7D0DEE55AFC9:LeaderElection32] INFO  impl.RaftServerImpl (RaftServerImpl.java:setRole(171)) - 4b9e2e33-9606-42c4-a38b-d8e2568a9ed5:group-7D0DEE55AFC9 changes role from CANDIDATE to LEADER at term 1 for changeToLeader
2019-09-20 14:24:17,317 [f44a1c99-f9ac-4ca4-85ec-e98b84e0ebc2:group-5811542B7F5F:LeaderElection33] INFO  impl.RaftServerImpl (ServerState.java:setLeader(263)) - f44a1c99-f9ac-4ca4-85ec-e98b84e0ebc2:group-5811542B7F5F change Leader from null to f44a1c99-f9ac-4ca4-85ec-e98b84e0ebc2 at term 1 for becomeLeader, leader elected after 5224ms
2019-09-20 14:24:17,317 [4b9e2e33-9606-42c4-a38b-d8e2568a9ed5:group-7D0DEE55AFC9:LeaderElection32] INFO  impl.RaftServerImpl (ServerState.java:setLeader(263)) - 4b9e2e33-9606-42c4-a38b-d8e2568a9ed5:group-7D0DEE55AFC9 change Leader from null to 4b9e2e33-9606-42c4-a38b-d8e2568a9ed5 at term 1 for becomeLeader, leader elected after 5132ms
2019-09-20 14:24:17,317 [f44a1c99-f9ac-4ca4-85ec-e98b84e0ebc2:group-5811542B7F5F:LeaderElection33] INFO  server.RaftServerConfigKeys (ConfUtils.java:logGet(43)) - raft.server.staging.catchup.gap = 1000 (default)
2019-09-20 14:24:17,318 [4b9e2e33-9606-42c4-a38b-d8e2568a9ed5:group-7D0DEE55AFC9:LeaderElection32] INFO  server.RaftServerConfigKeys (ConfUtils.java:logGet(43)) - raft.server.staging.catchup.gap = 1000 (default)
2019-09-20 14:24:17,318 [f44a1c99-f9ac-4ca4-85ec-e98b84e0ebc2:group-5811542B7F5F:LeaderElection33] INFO  server.RaftServerConfigKeys (ConfUtils.java:logGet(43)) - raft.server.rpc.sleep.time = 25ms (default)
2019-09-20 14:24:17,318 [4b9e2e33-9606-42c4-a38b-d8e2568a9ed5:group-7D0DEE55AFC9:LeaderElection32] INFO  server.RaftServerConfigKeys (ConfUtils.java:logGet(43)) - raft.server.rpc.sleep.time = 25ms (default)
2019-09-20 14:24:17,318 [f44a1c99-f9ac-4ca4-85ec-e98b84e0ebc2:group-5811542B7F5F:LeaderElection33] INFO  server.RaftServerConfigKeys (ConfUtils.java:logGet(43)) - raft.server.write.element-limit = 4096 (default)
2019-09-20 14:24:17,318 [4b9e2e33-9606-42c4-a38b-d8e2568a9ed5:group-7D0DEE55AFC9:LeaderElection32] INFO  server.RaftServerConfigKeys (ConfUtils.java:logGet(43)) - raft.server.write.element-limit = 4096 (default)
2019-09-20 14:24:17,318 [f44a1c99-f9ac-4ca4-85ec-e98b84e0ebc2:group-5811542B7F5F:LeaderElection33] INFO  server.RaftServerConfigKeys (ConfUtils.java:logGet(43)) - raft.server.watch.timeout = 10s (default)
2019-09-20 14:24:17,318 [4b9e2e33-9606-42c4-a38b-d8e2568a9ed5:group-7D0DEE55AFC9:LeaderElection32] INFO  server.RaftServerConfigKeys (ConfUtils.java:logGet(43)) - raft.server.watch.timeout = 10s (default)
2019-09-20 14:24:17,319 [f44a1c99-f9ac-4ca4-85ec-e98b84e0ebc2:group-5811542B7F5F:LeaderElection33] INFO  server.RaftServerConfigKeys (ConfUtils.java:logGet(43)) - raft.server.watch.timeout.denomination = 1s (default)
2019-09-20 14:24:17,319 [4b9e2e33-9606-42c4-a38b-d8e2568a9ed5:group-7D0DEE55AFC9:LeaderElection32] INFO  server.RaftServerConfigKeys (ConfUtils.java:logGet(43)) - raft.server.watch.timeout.denomination = 1s (default)
2019-09-20 14:24:17,319 [f44a1c99-f9ac-4ca4-85ec-e98b84e0ebc2:group-5811542B7F5F:LeaderElection33] INFO  server.RaftServerConfigKeys (ConfUtils.java:logGet(43)) - raft.server.watch.element-limit = 65536 (default)
2019-09-20 14:24:17,319 [4b9e2e33-9606-42c4-a38b-d8e2568a9ed5:group-7D0DEE55AFC9:LeaderElection32] INFO  server.RaftServerConfigKeys (ConfUtils.java:logGet(43)) - raft.server.watch.element-limit = 65536 (default)
2019-09-20 14:24:17,319 [f44a1c99-f9ac-4ca4-85ec-e98b84e0ebc2:group-5811542B7F5F:LeaderElection33] INFO  impl.RoleInfo (RoleInfo.java:updateAndGet(143)) - f44a1c99-f9ac-4ca4-85ec-e98b84e0ebc2: start LeaderState
2019-09-20 14:24:17,320 [4b9e2e33-9606-42c4-a38b-d8e2568a9ed5:group-7D0DEE55AFC9:LeaderElection32] INFO  impl.RoleInfo (RoleInfo.java:updateAndGet(143)) - 4b9e2e33-9606-42c4-a38b-d8e2568a9ed5: start LeaderState
2019-09-20 14:24:17,320 [f44a1c99-f9ac-4ca4-85ec-e98b84e0ebc2:group-5811542B7F5F:LeaderElection33] INFO  segmented.SegmentedRaftLogWorker (SegmentedRaftLogWorker.java:startLogSegment(380)) - f44a1c99-f9ac-4ca4-85ec-e98b84e0ebc2-SegmentedRaftLogWorker:Storage Directory /workdir/hadoop-ozone/ozonefs/target/test-dir/MiniOzoneClusterImpl-72e1902e-de17-4929-8ada-cc6049662493/datanode-5/data/ratis/ccd699f3-690f-4b5e-add3-5811542b7f5f: Starting segment from index:0
2019-09-20 14:24:17,320 [4b9e2e33-9606-42c4-a38b-d8e2568a9ed5:group-7D0DEE55AFC9:LeaderElection32] INFO  segmented.SegmentedRaftLogWorker (SegmentedRaftLogWorker.java:startLogSegment(380)) - 4b9e2e33-9606-42c4-a38b-d8e2568a9ed5-SegmentedRaftLogWorker:Storage Directory /workdir/hadoop-ozone/ozonefs/target/test-dir/MiniOzoneClusterImpl-72e1902e-de17-4929-8ada-cc6049662493/datanode-3/data/ratis/2f5e3761-b5d2-4945-b659-7d0dee55afc9: Starting segment from index:0
2019-09-20 14:24:17,320 [f44a1c99-f9ac-4ca4-85ec-e98b84e0ebc2:group-5811542B7F5F:LeaderElection33] INFO  impl.RaftServerImpl (ServerState.java:setRaftConf(361)) - f44a1c99-f9ac-4ca4-85ec-e98b84e0ebc2:group-5811542B7F5F set configuration 0: [f44a1c99-f9ac-4ca4-85ec-e98b84e0ebc2:192.168.36.99:39362], old=null at 0
2019-09-20 14:24:17,365 [4b9e2e33-9606-42c4-a38b-d8e2568a9ed5:group-7D0DEE55AFC9:LeaderElection32] INFO  impl.RaftServerImpl (ServerState.java:setRaftConf(361)) - 4b9e2e33-9606-42c4-a38b-d8e2568a9ed5:group-7D0DEE55AFC9 set configuration 0: [4b9e2e33-9606-42c4-a38b-d8e2568a9ed5:192.168.36.99:41206], old=null at 0
2019-09-20 14:24:17,369 | INFO  | SCMAudit | user=jenkins1000 | ip=192.168.36.99 | op=SEND_HEARTBEAT {datanodeUUID=4b9e2e33-9606-42c4-a38b-d8e2568a9ed5, command=[]} | ret=SUCCESS |  
2019-09-20 14:24:17,382 [Thread-387] INFO  impl.FollowerState (FollowerState.java:run(106)) - 93651a45-ffa4-4bae-ae49-6429ae7182bc:group-A355465633AF changes to CANDIDATE, lastRpcTime:5110, electionTimeout:5110ms
2019-09-20 14:24:17,382 [Thread-387] INFO  impl.RoleInfo (RoleInfo.java:shutdownFollowerState(121)) - 93651a45-ffa4-4bae-ae49-6429ae7182bc: shutdown FollowerState
2019-09-20 14:24:17,382 [Thread-387] INFO  impl.RaftServerImpl (RaftServerImpl.java:setRole(171)) - 93651a45-ffa4-4bae-ae49-6429ae7182bc:group-A355465633AF changes role from FOLLOWER to CANDIDATE at term 0 for changeToCandidate
2019-09-20 14:24:17,382 [Thread-387] INFO  impl.RoleInfo (RoleInfo.java:updateAndGet(143)) - 93651a45-ffa4-4bae-ae49-6429ae7182bc: start LeaderElection
2019-09-20 14:24:17,392 [4b9e2e33-9606-42c4-a38b-d8e2568a9ed5-SegmentedRaftLogWorker:Storage Directory /workdir/hadoop-ozone/ozonefs/target/test-dir/MiniOzoneClusterImpl-72e1902e-de17-4929-8ada-cc6049662493/datanode-3/data/ratis/2f5e3761-b5d2-4945-b659-7d0dee55afc9] INFO  segmented.SegmentedRaftLogWorker (SegmentedRaftLogWorker.java:execute(569)) - 4b9e2e33-9606-42c4-a38b-d8e2568a9ed5-SegmentedRaftLogWorker:Storage Directory /workdir/hadoop-ozone/ozonefs/target/test-dir/MiniOzoneClusterImpl-72e1902e-de17-4929-8ada-cc6049662493/datanode-3/data/ratis/2f5e3761-b5d2-4945-b659-7d0dee55afc9: created new log segment /workdir/hadoop-ozone/ozonefs/target/test-dir/MiniOzoneClusterImpl-72e1902e-de17-4929-8ada-cc6049662493/datanode-3/data/ratis/2f5e3761-b5d2-4945-b659-7d0dee55afc9/current/log_inprogress_0
2019-09-20 14:24:17,392 [f44a1c99-f9ac-4ca4-85ec-e98b84e0ebc2-SegmentedRaftLogWorker:Storage Directory /workdir/hadoop-ozone/ozonefs/target/test-dir/MiniOzoneClusterImpl-72e1902e-de17-4929-8ada-cc6049662493/datanode-5/data/ratis/ccd699f3-690f-4b5e-add3-5811542b7f5f] INFO  segmented.SegmentedRaftLogWorker (SegmentedRaftLogWorker.java:execute(569)) - f44a1c99-f9ac-4ca4-85ec-e98b84e0ebc2-SegmentedRaftLogWorker:Storage Directory /workdir/hadoop-ozone/ozonefs/target/test-dir/MiniOzoneClusterImpl-72e1902e-de17-4929-8ada-cc6049662493/datanode-5/data/ratis/ccd699f3-690f-4b5e-add3-5811542b7f5f: created new log segment /workdir/hadoop-ozone/ozonefs/target/test-dir/MiniOzoneClusterImpl-72e1902e-de17-4929-8ada-cc6049662493/datanode-5/data/ratis/ccd699f3-690f-4b5e-add3-5811542b7f5f/current/log_inprogress_0
2019-09-20 14:24:17,403 | INFO  | SCMAudit | user=jenkins1000 | ip=192.168.36.99 | op=SEND_HEARTBEAT {datanodeUUID=fc92467e-4cd7-4ea6-9bfc-11250c30c0f6, command=[]} | ret=SUCCESS |  
2019-09-20 14:24:17,404 | INFO  | SCMAudit | user=jenkins1000 | ip=192.168.36.99 | op=SEND_HEARTBEAT {datanodeUUID=93651a45-ffa4-4bae-ae49-6429ae7182bc, command=[]} | ret=SUCCESS |  
2019-09-20 14:24:17,409 [93651a45-ffa4-4bae-ae49-6429ae7182bc:group-A355465633AF:LeaderElection34] INFO  impl.LeaderElection (LeaderElection.java:askForVotes(181)) - 93651a45-ffa4-4bae-ae49-6429ae7182bc:group-A355465633AF:LeaderElection34: begin an election at term 1 for -1: [93651a45-ffa4-4bae-ae49-6429ae7182bc:192.168.36.99:37696], old=null
2019-09-20 14:24:17,409 [93651a45-ffa4-4bae-ae49-6429ae7182bc:group-A355465633AF:LeaderElection34] INFO  impl.RoleInfo (RoleInfo.java:shutdownLeaderElection(134)) - 93651a45-ffa4-4bae-ae49-6429ae7182bc: shutdown LeaderElection
2019-09-20 14:24:17,409 [93651a45-ffa4-4bae-ae49-6429ae7182bc:group-A355465633AF:LeaderElection34] INFO  impl.RaftServerImpl (RaftServerImpl.java:setRole(171)) - 93651a45-ffa4-4bae-ae49-6429ae7182bc:group-A355465633AF changes role from CANDIDATE to LEADER at term 1 for changeToLeader
2019-09-20 14:24:17,409 [93651a45-ffa4-4bae-ae49-6429ae7182bc:group-A355465633AF:LeaderElection34] INFO  impl.RaftServerImpl (ServerState.java:setLeader(263)) - 93651a45-ffa4-4bae-ae49-6429ae7182bc:group-A355465633AF change Leader from null to 93651a45-ffa4-4bae-ae49-6429ae7182bc at term 1 for becomeLeader, leader elected after 5140ms
2019-09-20 14:24:17,409 [93651a45-ffa4-4bae-ae49-6429ae7182bc:group-A355465633AF:LeaderElection34] INFO  server.RaftServerConfigKeys (ConfUtils.java:logGet(43)) - raft.server.staging.catchup.gap = 1000 (default)
2019-09-20 14:24:17,410 [93651a45-ffa4-4bae-ae49-6429ae7182bc:group-A355465633AF:LeaderElection34] INFO  server.RaftServerConfigKeys (ConfUtils.java:logGet(43)) - raft.server.rpc.sleep.time = 25ms (default)
2019-09-20 14:24:17,410 [93651a45-ffa4-4bae-ae49-6429ae7182bc:group-A355465633AF:LeaderElection34] INFO  server.RaftServerConfigKeys (ConfUtils.java:logGet(43)) - raft.server.write.element-limit = 4096 (default)
2019-09-20 14:24:17,410 [93651a45-ffa4-4bae-ae49-6429ae7182bc:group-A355465633AF:LeaderElection34] INFO  server.RaftServerConfigKeys (ConfUtils.java:logGet(43)) - raft.server.watch.timeout = 10s (default)
2019-09-20 14:24:17,410 [93651a45-ffa4-4bae-ae49-6429ae7182bc:group-A355465633AF:LeaderElection34] INFO  server.RaftServerConfigKeys (ConfUtils.java:logGet(43)) - raft.server.watch.timeout.denomination = 1s (default)
2019-09-20 14:24:17,410 [93651a45-ffa4-4bae-ae49-6429ae7182bc:group-A355465633AF:LeaderElection34] INFO  server.RaftServerConfigKeys (ConfUtils.java:logGet(43)) - raft.server.watch.element-limit = 65536 (default)
2019-09-20 14:24:17,411 [93651a45-ffa4-4bae-ae49-6429ae7182bc:group-A355465633AF:LeaderElection34] INFO  impl.RoleInfo (RoleInfo.java:updateAndGet(143)) - 93651a45-ffa4-4bae-ae49-6429ae7182bc: start LeaderState
2019-09-20 14:24:17,411 [93651a45-ffa4-4bae-ae49-6429ae7182bc:group-A355465633AF:LeaderElection34] INFO  segmented.SegmentedRaftLogWorker (SegmentedRaftLogWorker.java:startLogSegment(380)) - 93651a45-ffa4-4bae-ae49-6429ae7182bc-SegmentedRaftLogWorker:Storage Directory /workdir/hadoop-ozone/ozonefs/target/test-dir/MiniOzoneClusterImpl-72e1902e-de17-4929-8ada-cc6049662493/datanode-4/data/ratis/207827c3-6537-4139-8dc0-a355465633af: Starting segment from index:0
2019-09-20 14:24:17,412 [93651a45-ffa4-4bae-ae49-6429ae7182bc:group-A355465633AF:LeaderElection34] INFO  impl.RaftServerImpl (ServerState.java:setRaftConf(361)) - 93651a45-ffa4-4bae-ae49-6429ae7182bc:group-A355465633AF set configuration 0: [93651a45-ffa4-4bae-ae49-6429ae7182bc:192.168.36.99:37696], old=null at 0
2019-09-20 14:24:17,476 [93651a45-ffa4-4bae-ae49-6429ae7182bc-SegmentedRaftLogWorker:Storage Directory /workdir/hadoop-ozone/ozonefs/target/test-dir/MiniOzoneClusterImpl-72e1902e-de17-4929-8ada-cc6049662493/datanode-4/data/ratis/207827c3-6537-4139-8dc0-a355465633af] INFO  segmented.SegmentedRaftLogWorker (SegmentedRaftLogWorker.java:execute(569)) - 93651a45-ffa4-4bae-ae49-6429ae7182bc-SegmentedRaftLogWorker:Storage Directory /workdir/hadoop-ozone/ozonefs/target/test-dir/MiniOzoneClusterImpl-72e1902e-de17-4929-8ada-cc6049662493/datanode-4/data/ratis/207827c3-6537-4139-8dc0-a355465633af: created new log segment /workdir/hadoop-ozone/ozonefs/target/test-dir/MiniOzoneClusterImpl-72e1902e-de17-4929-8ada-cc6049662493/datanode-4/data/ratis/207827c3-6537-4139-8dc0-a355465633af/current/log_inprogress_0
2019-09-20 14:24:17,487 | INFO  | SCMAudit | user=jenkins1000 | ip=192.168.36.99 | op=SEND_HEARTBEAT {datanodeUUID=c0a66530-d43a-4ae5-bdbb-2b9936068aaa, command=[]} | ret=SUCCESS |  
2019-09-20 14:24:17,552 [Thread-390] INFO  impl.FollowerState (FollowerState.java:run(106)) - e0033df1-dced-4562-b4c4-a94a3cb6c131:group-C76FF7CC60D5 changes to CANDIDATE, lastRpcTime:5170, electionTimeout:5170ms
2019-09-20 14:24:17,552 [Thread-390] INFO  impl.RoleInfo (RoleInfo.java:shutdownFollowerState(121)) - e0033df1-dced-4562-b4c4-a94a3cb6c131: shutdown FollowerState
2019-09-20 14:24:17,552 [Thread-390] INFO  impl.RaftServerImpl (RaftServerImpl.java:setRole(171)) - e0033df1-dced-4562-b4c4-a94a3cb6c131:group-C76FF7CC60D5 changes role from FOLLOWER to CANDIDATE at term 0 for changeToCandidate
2019-09-20 14:24:17,553 [Thread-390] INFO  impl.RoleInfo (RoleInfo.java:updateAndGet(143)) - e0033df1-dced-4562-b4c4-a94a3cb6c131: start LeaderElection
2019-09-20 14:24:17,585 [e0033df1-dced-4562-b4c4-a94a3cb6c131:group-C76FF7CC60D5:LeaderElection35] INFO  impl.LeaderElection (LeaderElection.java:askForVotes(181)) - e0033df1-dced-4562-b4c4-a94a3cb6c131:group-C76FF7CC60D5:LeaderElection35: begin an election at term 1 for -1: [e0033df1-dced-4562-b4c4-a94a3cb6c131:192.168.36.99:39317], old=null
2019-09-20 14:24:17,585 [e0033df1-dced-4562-b4c4-a94a3cb6c131:group-C76FF7CC60D5:LeaderElection35] INFO  impl.RoleInfo (RoleInfo.java:shutdownLeaderElection(134)) - e0033df1-dced-4562-b4c4-a94a3cb6c131: shutdown LeaderElection
2019-09-20 14:24:17,585 [e0033df1-dced-4562-b4c4-a94a3cb6c131:group-C76FF7CC60D5:LeaderElection35] INFO  impl.RaftServerImpl (RaftServerImpl.java:setRole(171)) - e0033df1-dced-4562-b4c4-a94a3cb6c131:group-C76FF7CC60D5 changes role from CANDIDATE to LEADER at term 1 for changeToLeader
2019-09-20 14:24:17,585 [e0033df1-dced-4562-b4c4-a94a3cb6c131:group-C76FF7CC60D5:LeaderElection35] INFO  impl.RaftServerImpl (ServerState.java:setLeader(263)) - e0033df1-dced-4562-b4c4-a94a3cb6c131:group-C76FF7CC60D5 change Leader from null to e0033df1-dced-4562-b4c4-a94a3cb6c131 at term 1 for becomeLeader, leader elected after 5207ms
2019-09-20 14:24:17,585 [e0033df1-dced-4562-b4c4-a94a3cb6c131:group-C76FF7CC60D5:LeaderElection35] INFO  server.RaftServerConfigKeys (ConfUtils.java:logGet(43)) - raft.server.staging.catchup.gap = 1000 (default)
2019-09-20 14:24:17,586 [e0033df1-dced-4562-b4c4-a94a3cb6c131:group-C76FF7CC60D5:LeaderElection35] INFO  server.RaftServerConfigKeys (ConfUtils.java:logGet(43)) - raft.server.rpc.sleep.time = 25ms (default)
2019-09-20 14:24:17,586 [e0033df1-dced-4562-b4c4-a94a3cb6c131:group-C76FF7CC60D5:LeaderElection35] INFO  server.RaftServerConfigKeys (ConfUtils.java:logGet(43)) - raft.server.write.element-limit = 4096 (default)
2019-09-20 14:24:17,586 [e0033df1-dced-4562-b4c4-a94a3cb6c131:group-C76FF7CC60D5:LeaderElection35] INFO  server.RaftServerConfigKeys (ConfUtils.java:logGet(43)) - raft.server.watch.timeout = 10s (default)
2019-09-20 14:24:17,586 [e0033df1-dced-4562-b4c4-a94a3cb6c131:group-C76FF7CC60D5:LeaderElection35] INFO  server.RaftServerConfigKeys (ConfUtils.java:logGet(43)) - raft.server.watch.timeout.denomination = 1s (default)
2019-09-20 14:24:17,586 [e0033df1-dced-4562-b4c4-a94a3cb6c131:group-C76FF7CC60D5:LeaderElection35] INFO  server.RaftServerConfigKeys (ConfUtils.java:logGet(43)) - raft.server.watch.element-limit = 65536 (default)
2019-09-20 14:24:17,587 [e0033df1-dced-4562-b4c4-a94a3cb6c131:group-C76FF7CC60D5:LeaderElection35] INFO  impl.RoleInfo (RoleInfo.java:updateAndGet(143)) - e0033df1-dced-4562-b4c4-a94a3cb6c131: start LeaderState
2019-09-20 14:24:17,587 [e0033df1-dced-4562-b4c4-a94a3cb6c131:group-C76FF7CC60D5:LeaderElection35] INFO  segmented.SegmentedRaftLogWorker (SegmentedRaftLogWorker.java:startLogSegment(380)) - e0033df1-dced-4562-b4c4-a94a3cb6c131-SegmentedRaftLogWorker:Storage Directory /workdir/hadoop-ozone/ozonefs/target/test-dir/MiniOzoneClusterImpl-72e1902e-de17-4929-8ada-cc6049662493/datanode-7/data/ratis/35dc2cff-5090-42b3-a038-c76ff7cc60d5: Starting segment from index:0
2019-09-20 14:24:17,588 [e0033df1-dced-4562-b4c4-a94a3cb6c131:group-C76FF7CC60D5:LeaderElection35] INFO  impl.RaftServerImpl (ServerState.java:setRaftConf(361)) - e0033df1-dced-4562-b4c4-a94a3cb6c131:group-C76FF7CC60D5 set configuration 0: [e0033df1-dced-4562-b4c4-a94a3cb6c131:192.168.36.99:39317], old=null at 0
2019-09-20 14:24:17,651 [e0033df1-dced-4562-b4c4-a94a3cb6c131-SegmentedRaftLogWorker:Storage Directory /workdir/hadoop-ozone/ozonefs/target/test-dir/MiniOzoneClusterImpl-72e1902e-de17-4929-8ada-cc6049662493/datanode-7/data/ratis/35dc2cff-5090-42b3-a038-c76ff7cc60d5] INFO  segmented.SegmentedRaftLogWorker (SegmentedRaftLogWorker.java:execute(569)) - e0033df1-dced-4562-b4c4-a94a3cb6c131-SegmentedRaftLogWorker:Storage Directory /workdir/hadoop-ozone/ozonefs/target/test-dir/MiniOzoneClusterImpl-72e1902e-de17-4929-8ada-cc6049662493/datanode-7/data/ratis/35dc2cff-5090-42b3-a038-c76ff7cc60d5: created new log segment /workdir/hadoop-ozone/ozonefs/target/test-dir/MiniOzoneClusterImpl-72e1902e-de17-4929-8ada-cc6049662493/datanode-7/data/ratis/35dc2cff-5090-42b3-a038-c76ff7cc60d5/current/log_inprogress_0
2019-09-20 14:24:17,663 [Thread-393] INFO  impl.FollowerState (FollowerState.java:run(106)) - 93651a45-ffa4-4bae-ae49-6429ae7182bc:group-5452D5A15DB9 changes to CANDIDATE, lastRpcTime:5188, electionTimeout:5188ms
2019-09-20 14:24:17,663 [Thread-393] INFO  impl.RoleInfo (RoleInfo.java:shutdownFollowerState(121)) - 93651a45-ffa4-4bae-ae49-6429ae7182bc: shutdown FollowerState
2019-09-20 14:24:17,663 [Thread-393] INFO  impl.RaftServerImpl (RaftServerImpl.java:setRole(171)) - 93651a45-ffa4-4bae-ae49-6429ae7182bc:group-5452D5A15DB9 changes role from FOLLOWER to CANDIDATE at term 0 for changeToCandidate
2019-09-20 14:24:17,663 [Thread-393] INFO  impl.RoleInfo (RoleInfo.java:updateAndGet(143)) - 93651a45-ffa4-4bae-ae49-6429ae7182bc: start LeaderElection
2019-09-20 14:24:17,668 | INFO  | SCMAudit | user=jenkins1000 | ip=192.168.36.99 | op=SEND_HEARTBEAT {datanodeUUID=f44a1c99-f9ac-4ca4-85ec-e98b84e0ebc2, command=[]} | ret=SUCCESS |  
2019-09-20 14:24:17,668 | INFO  | SCMAudit | user=jenkins1000 | ip=192.168.36.99 | op=SEND_HEARTBEAT {datanodeUUID=ea2f062a-dcfd-4d75-88ac-6c4e2f0364da, command=[]} | ret=SUCCESS |  
2019-09-20 14:24:17,681 [Thread-396] INFO  impl.FollowerState (FollowerState.java:run(106)) - e0033df1-dced-4562-b4c4-a94a3cb6c131:group-29D026B6EBAA changes to CANDIDATE, lastRpcTime:5105, electionTimeout:5105ms
2019-09-20 14:24:17,681 [Thread-396] INFO  impl.RoleInfo (RoleInfo.java:shutdownFollowerState(121)) - e0033df1-dced-4562-b4c4-a94a3cb6c131: shutdown FollowerState
2019-09-20 14:24:17,682 [Thread-396] INFO  impl.RaftServerImpl (RaftServerImpl.java:setRole(171)) - e0033df1-dced-4562-b4c4-a94a3cb6c131:group-29D026B6EBAA changes role from FOLLOWER to CANDIDATE at term 0 for changeToCandidate
2019-09-20 14:24:17,682 [Thread-396] INFO  impl.RoleInfo (RoleInfo.java:updateAndGet(143)) - e0033df1-dced-4562-b4c4-a94a3cb6c131: start LeaderElection
2019-09-20 14:24:17,710 [e0033df1-dced-4562-b4c4-a94a3cb6c131:group-29D026B6EBAA:LeaderElection37] INFO  impl.LeaderElection (LeaderElection.java:askForVotes(181)) - e0033df1-dced-4562-b4c4-a94a3cb6c131:group-29D026B6EBAA:LeaderElection37: begin an election at term 1 for -1: [e0033df1-dced-4562-b4c4-a94a3cb6c131:192.168.36.99:39317], old=null
2019-09-20 14:24:17,710 [93651a45-ffa4-4bae-ae49-6429ae7182bc:group-5452D5A15DB9:LeaderElection36] INFO  impl.LeaderElection (LeaderElection.java:askForVotes(181)) - 93651a45-ffa4-4bae-ae49-6429ae7182bc:group-5452D5A15DB9:LeaderElection36: begin an election at term 1 for -1: [93651a45-ffa4-4bae-ae49-6429ae7182bc:192.168.36.99:37696], old=null
2019-09-20 14:24:17,710 [e0033df1-dced-4562-b4c4-a94a3cb6c131:group-29D026B6EBAA:LeaderElection37] INFO  impl.RoleInfo (RoleInfo.java:shutdownLeaderElection(134)) - e0033df1-dced-4562-b4c4-a94a3cb6c131: shutdown LeaderElection
2019-09-20 14:24:17,710 [93651a45-ffa4-4bae-ae49-6429ae7182bc:group-5452D5A15DB9:LeaderElection36] INFO  impl.RoleInfo (RoleInfo.java:shutdownLeaderElection(134)) - 93651a45-ffa4-4bae-ae49-6429ae7182bc: shutdown LeaderElection
2019-09-20 14:24:17,710 [e0033df1-dced-4562-b4c4-a94a3cb6c131:group-29D026B6EBAA:LeaderElection37] INFO  impl.RaftServerImpl (RaftServerImpl.java:setRole(171)) - e0033df1-dced-4562-b4c4-a94a3cb6c131:group-29D026B6EBAA changes role from CANDIDATE to LEADER at term 1 for changeToLeader
2019-09-20 14:24:17,710 [93651a45-ffa4-4bae-ae49-6429ae7182bc:group-5452D5A15DB9:LeaderElection36] INFO  impl.RaftServerImpl (RaftServerImpl.java:setRole(171)) - 93651a45-ffa4-4bae-ae49-6429ae7182bc:group-5452D5A15DB9 changes role from CANDIDATE to LEADER at term 1 for changeToLeader
2019-09-20 14:24:17,711 [e0033df1-dced-4562-b4c4-a94a3cb6c131:group-29D026B6EBAA:LeaderElection37] INFO  impl.RaftServerImpl (ServerState.java:setLeader(263)) - e0033df1-dced-4562-b4c4-a94a3cb6c131:group-29D026B6EBAA change Leader from null to e0033df1-dced-4562-b4c4-a94a3cb6c131 at term 1 for becomeLeader, leader elected after 5139ms
2019-09-20 14:24:17,711 [93651a45-ffa4-4bae-ae49-6429ae7182bc:group-5452D5A15DB9:LeaderElection36] INFO  impl.RaftServerImpl (ServerState.java:setLeader(263)) - 93651a45-ffa4-4bae-ae49-6429ae7182bc:group-5452D5A15DB9 change Leader from null to 93651a45-ffa4-4bae-ae49-6429ae7182bc at term 1 for becomeLeader, leader elected after 5240ms
2019-09-20 14:24:17,711 [e0033df1-dced-4562-b4c4-a94a3cb6c131:group-29D026B6EBAA:LeaderElection37] INFO  server.RaftServerConfigKeys (ConfUtils.java:logGet(43)) - raft.server.staging.catchup.gap = 1000 (default)
2019-09-20 14:24:17,711 [93651a45-ffa4-4bae-ae49-6429ae7182bc:group-5452D5A15DB9:LeaderElection36] INFO  server.RaftServerConfigKeys (ConfUtils.java:logGet(43)) - raft.server.staging.catchup.gap = 1000 (default)
2019-09-20 14:24:17,711 [e0033df1-dced-4562-b4c4-a94a3cb6c131:group-29D026B6EBAA:LeaderElection37] INFO  server.RaftServerConfigKeys (ConfUtils.java:logGet(43)) - raft.server.rpc.sleep.time = 25ms (default)
2019-09-20 14:24:17,711 [93651a45-ffa4-4bae-ae49-6429ae7182bc:group-5452D5A15DB9:LeaderElection36] INFO  server.RaftServerConfigKeys (ConfUtils.java:logGet(43)) - raft.server.rpc.sleep.time = 25ms (default)
2019-09-20 14:24:17,711 [e0033df1-dced-4562-b4c4-a94a3cb6c131:group-29D026B6EBAA:LeaderElection37] INFO  server.RaftServerConfigKeys (ConfUtils.java:logGet(43)) - raft.server.write.element-limit = 4096 (default)
2019-09-20 14:24:17,711 [93651a45-ffa4-4bae-ae49-6429ae7182bc:group-5452D5A15DB9:LeaderElection36] INFO  server.RaftServerConfigKeys (ConfUtils.java:logGet(43)) - raft.server.write.element-limit = 4096 (default)
2019-09-20 14:24:17,711 [e0033df1-dced-4562-b4c4-a94a3cb6c131:group-29D026B6EBAA:LeaderElection37] INFO  server.RaftServerConfigKeys (ConfUtils.java:logGet(43)) - raft.server.watch.timeout = 10s (default)
2019-09-20 14:24:17,711 [93651a45-ffa4-4bae-ae49-6429ae7182bc:group-5452D5A15DB9:LeaderElection36] INFO  server.RaftServerConfigKeys (ConfUtils.java:logGet(43)) - raft.server.watch.timeout = 10s (default)
2019-09-20 14:24:17,711 [e0033df1-dced-4562-b4c4-a94a3cb6c131:group-29D026B6EBAA:LeaderElection37] INFO  server.RaftServerConfigKeys (ConfUtils.java:logGet(43)) - raft.server.watch.timeout.denomination = 1s (default)
2019-09-20 14:24:17,711 [93651a45-ffa4-4bae-ae49-6429ae7182bc:group-5452D5A15DB9:LeaderElection36] INFO  server.RaftServerConfigKeys (ConfUtils.java:logGet(43)) - raft.server.watch.timeout.denomination = 1s (default)
2019-09-20 14:24:17,712 [e0033df1-dced-4562-b4c4-a94a3cb6c131:group-29D026B6EBAA:LeaderElection37] INFO  server.RaftServerConfigKeys (ConfUtils.java:logGet(43)) - raft.server.watch.element-limit = 65536 (default)
2019-09-20 14:24:17,712 [93651a45-ffa4-4bae-ae49-6429ae7182bc:group-5452D5A15DB9:LeaderElection36] INFO  server.RaftServerConfigKeys (ConfUtils.java:logGet(43)) - raft.server.watch.element-limit = 65536 (default)
2019-09-20 14:24:17,712 [e0033df1-dced-4562-b4c4-a94a3cb6c131:group-29D026B6EBAA:LeaderElection37] INFO  impl.RoleInfo (RoleInfo.java:updateAndGet(143)) - e0033df1-dced-4562-b4c4-a94a3cb6c131: start LeaderState
2019-09-20 14:24:17,712 [93651a45-ffa4-4bae-ae49-6429ae7182bc:group-5452D5A15DB9:LeaderElection36] INFO  impl.RoleInfo (RoleInfo.java:updateAndGet(143)) - 93651a45-ffa4-4bae-ae49-6429ae7182bc: start LeaderState
2019-09-20 14:24:17,712 [e0033df1-dced-4562-b4c4-a94a3cb6c131:group-29D026B6EBAA:LeaderElection37] INFO  segmented.SegmentedRaftLogWorker (SegmentedRaftLogWorker.java:startLogSegment(380)) - e0033df1-dced-4562-b4c4-a94a3cb6c131-SegmentedRaftLogWorker:Storage Directory /workdir/hadoop-ozone/ozonefs/target/test-dir/MiniOzoneClusterImpl-72e1902e-de17-4929-8ada-cc6049662493/datanode-7/data/ratis/78547e6f-aa43-497b-a9bc-29d026b6ebaa: Starting segment from index:0
2019-09-20 14:24:17,712 [93651a45-ffa4-4bae-ae49-6429ae7182bc:group-5452D5A15DB9:LeaderElection36] INFO  segmented.SegmentedRaftLogWorker (SegmentedRaftLogWorker.java:startLogSegment(380)) - 93651a45-ffa4-4bae-ae49-6429ae7182bc-SegmentedRaftLogWorker:Storage Directory /workdir/hadoop-ozone/ozonefs/target/test-dir/MiniOzoneClusterImpl-72e1902e-de17-4929-8ada-cc6049662493/datanode-4/data/ratis/d672e5c5-43be-4fae-bde0-5452d5a15db9: Starting segment from index:0
2019-09-20 14:24:17,712 [e0033df1-dced-4562-b4c4-a94a3cb6c131:group-29D026B6EBAA:LeaderElection37] INFO  impl.RaftServerImpl (ServerState.java:setRaftConf(361)) - e0033df1-dced-4562-b4c4-a94a3cb6c131:group-29D026B6EBAA set configuration 0: [e0033df1-dced-4562-b4c4-a94a3cb6c131:192.168.36.99:39317], old=null at 0
2019-09-20 14:24:17,745 [93651a45-ffa4-4bae-ae49-6429ae7182bc:group-5452D5A15DB9:LeaderElection36] INFO  impl.RaftServerImpl (ServerState.java:setRaftConf(361)) - 93651a45-ffa4-4bae-ae49-6429ae7182bc:group-5452D5A15DB9 set configuration 0: [93651a45-ffa4-4bae-ae49-6429ae7182bc:192.168.36.99:37696], old=null at 0
2019-09-20 14:24:17,777 [e0033df1-dced-4562-b4c4-a94a3cb6c131-SegmentedRaftLogWorker:Storage Directory /workdir/hadoop-ozone/ozonefs/target/test-dir/MiniOzoneClusterImpl-72e1902e-de17-4929-8ada-cc6049662493/datanode-7/data/ratis/78547e6f-aa43-497b-a9bc-29d026b6ebaa] INFO  segmented.SegmentedRaftLogWorker (SegmentedRaftLogWorker.java:execute(569)) - e0033df1-dced-4562-b4c4-a94a3cb6c131-SegmentedRaftLogWorker:Storage Directory /workdir/hadoop-ozone/ozonefs/target/test-dir/MiniOzoneClusterImpl-72e1902e-de17-4929-8ada-cc6049662493/datanode-7/data/ratis/78547e6f-aa43-497b-a9bc-29d026b6ebaa: created new log segment /workdir/hadoop-ozone/ozonefs/target/test-dir/MiniOzoneClusterImpl-72e1902e-de17-4929-8ada-cc6049662493/datanode-7/data/ratis/78547e6f-aa43-497b-a9bc-29d026b6ebaa/current/log_inprogress_0
2019-09-20 14:24:17,797 | INFO  | SCMAudit | user=jenkins1000 | ip=192.168.36.99 | op=SEND_HEARTBEAT {datanodeUUID=926b0f41-0722-49ff-a592-68b703f22f49, command=[]} | ret=SUCCESS |  
2019-09-20 14:24:17,802 [93651a45-ffa4-4bae-ae49-6429ae7182bc-SegmentedRaftLogWorker:Storage Directory /workdir/hadoop-ozone/ozonefs/target/test-dir/MiniOzoneClusterImpl-72e1902e-de17-4929-8ada-cc6049662493/datanode-4/data/ratis/d672e5c5-43be-4fae-bde0-5452d5a15db9] INFO  segmented.SegmentedRaftLogWorker (SegmentedRaftLogWorker.java:execute(569)) - 93651a45-ffa4-4bae-ae49-6429ae7182bc-SegmentedRaftLogWorker:Storage Directory /workdir/hadoop-ozone/ozonefs/target/test-dir/MiniOzoneClusterImpl-72e1902e-de17-4929-8ada-cc6049662493/datanode-4/data/ratis/d672e5c5-43be-4fae-bde0-5452d5a15db9: created new log segment /workdir/hadoop-ozone/ozonefs/target/test-dir/MiniOzoneClusterImpl-72e1902e-de17-4929-8ada-cc6049662493/datanode-4/data/ratis/d672e5c5-43be-4fae-bde0-5452d5a15db9/current/log_inprogress_0
2019-09-20 14:24:17,859 [Thread-399] INFO  impl.FollowerState (FollowerState.java:run(106)) - 4b9e2e33-9606-42c4-a38b-d8e2568a9ed5:group-9A23F645551A changes to CANDIDATE, lastRpcTime:5181, electionTimeout:5181ms
2019-09-20 14:24:17,859 [Thread-399] INFO  impl.RoleInfo (RoleInfo.java:shutdownFollowerState(121)) - 4b9e2e33-9606-42c4-a38b-d8e2568a9ed5: shutdown FollowerState
2019-09-20 14:24:17,859 [Thread-399] INFO  impl.RaftServerImpl (RaftServerImpl.java:setRole(171)) - 4b9e2e33-9606-42c4-a38b-d8e2568a9ed5:group-9A23F645551A changes role from FOLLOWER to CANDIDATE at term 0 for changeToCandidate
2019-09-20 14:24:17,859 [Thread-399] INFO  impl.RoleInfo (RoleInfo.java:updateAndGet(143)) - 4b9e2e33-9606-42c4-a38b-d8e2568a9ed5: start LeaderElection
2019-09-20 14:24:17,919 [4b9e2e33-9606-42c4-a38b-d8e2568a9ed5:group-9A23F645551A:LeaderElection38] INFO  impl.LeaderElection (LeaderElection.java:askForVotes(181)) - 4b9e2e33-9606-42c4-a38b-d8e2568a9ed5:group-9A23F645551A:LeaderElection38: begin an election at term 1 for -1: [4b9e2e33-9606-42c4-a38b-d8e2568a9ed5:192.168.36.99:41206], old=null
2019-09-20 14:24:17,920 [4b9e2e33-9606-42c4-a38b-d8e2568a9ed5:group-9A23F645551A:LeaderElection38] INFO  impl.RoleInfo (RoleInfo.java:shutdownLeaderElection(134)) - 4b9e2e33-9606-42c4-a38b-d8e2568a9ed5: shutdown LeaderElection
2019-09-20 14:24:17,920 [4b9e2e33-9606-42c4-a38b-d8e2568a9ed5:group-9A23F645551A:LeaderElection38] INFO  impl.RaftServerImpl (RaftServerImpl.java:setRole(171)) - 4b9e2e33-9606-42c4-a38b-d8e2568a9ed5:group-9A23F645551A changes role from CANDIDATE to LEADER at term 1 for changeToLeader
2019-09-20 14:24:17,920 [4b9e2e33-9606-42c4-a38b-d8e2568a9ed5:group-9A23F645551A:LeaderElection38] INFO  impl.RaftServerImpl (ServerState.java:setLeader(263)) - 4b9e2e33-9606-42c4-a38b-d8e2568a9ed5:group-9A23F645551A change Leader from null to 4b9e2e33-9606-42c4-a38b-d8e2568a9ed5 at term 1 for becomeLeader, leader elected after 5247ms
2019-09-20 14:24:17,920 [4b9e2e33-9606-42c4-a38b-d8e2568a9ed5:group-9A23F645551A:LeaderElection38] INFO  server.RaftServerConfigKeys (ConfUtils.java:logGet(43)) - raft.server.staging.catchup.gap = 1000 (default)
2019-09-20 14:24:17,920 [4b9e2e33-9606-42c4-a38b-d8e2568a9ed5:group-9A23F645551A:LeaderElection38] INFO  server.RaftServerConfigKeys (ConfUtils.java:logGet(43)) - raft.server.rpc.sleep.time = 25ms (default)
2019-09-20 14:24:17,921 [4b9e2e33-9606-42c4-a38b-d8e2568a9ed5:group-9A23F645551A:LeaderElection38] INFO  server.RaftServerConfigKeys (ConfUtils.java:logGet(43)) - raft.server.write.element-limit = 4096 (default)
2019-09-20 14:24:17,921 [4b9e2e33-9606-42c4-a38b-d8e2568a9ed5:group-9A23F645551A:LeaderElection38] INFO  server.RaftServerConfigKeys (ConfUtils.java:logGet(43)) - raft.server.watch.timeout = 10s (default)
2019-09-20 14:24:17,921 [4b9e2e33-9606-42c4-a38b-d8e2568a9ed5:group-9A23F645551A:LeaderElection38] INFO  server.RaftServerConfigKeys (ConfUtils.java:logGet(43)) - raft.server.watch.timeout.denomination = 1s (default)
2019-09-20 14:24:17,921 [4b9e2e33-9606-42c4-a38b-d8e2568a9ed5:group-9A23F645551A:LeaderElection38] INFO  server.RaftServerConfigKeys (ConfUtils.java:logGet(43)) - raft.server.watch.element-limit = 65536 (default)
2019-09-20 14:24:17,921 [4b9e2e33-9606-42c4-a38b-d8e2568a9ed5:group-9A23F645551A:LeaderElection38] INFO  impl.RoleInfo (RoleInfo.java:updateAndGet(143)) - 4b9e2e33-9606-42c4-a38b-d8e2568a9ed5: start LeaderState
2019-09-20 14:24:17,922 [4b9e2e33-9606-42c4-a38b-d8e2568a9ed5:group-9A23F645551A:LeaderElection38] INFO  segmented.SegmentedRaftLogWorker (SegmentedRaftLogWorker.java:startLogSegment(380)) - 4b9e2e33-9606-42c4-a38b-d8e2568a9ed5-SegmentedRaftLogWorker:Storage Directory /workdir/hadoop-ozone/ozonefs/target/test-dir/MiniOzoneClusterImpl-72e1902e-de17-4929-8ada-cc6049662493/datanode-3/data/ratis/b0740f61-8c9b-4160-a514-9a23f645551a: Starting segment from index:0
2019-09-20 14:24:17,922 [4b9e2e33-9606-42c4-a38b-d8e2568a9ed5:group-9A23F645551A:LeaderElection38] INFO  impl.RaftServerImpl (ServerState.java:setRaftConf(361)) - 4b9e2e33-9606-42c4-a38b-d8e2568a9ed5:group-9A23F645551A set configuration 0: [4b9e2e33-9606-42c4-a38b-d8e2568a9ed5:192.168.36.99:41206], old=null at 0
2019-09-20 14:24:17,970 | INFO  | SCMAudit | user=jenkins1000 | ip=192.168.36.99 | op=SEND_HEARTBEAT {datanodeUUID=9101a5c2-dfb1-4c31-830b-4c77eb758348, command=[]} | ret=SUCCESS |  
2019-09-20 14:24:17,983 [Thread-402] INFO  impl.FollowerState (FollowerState.java:run(106)) - f44a1c99-f9ac-4ca4-85ec-e98b84e0ebc2:group-3D6C423E0720 changes to CANDIDATE, lastRpcTime:5188, electionTimeout:5188ms
2019-09-20 14:24:17,983 [Thread-402] INFO  impl.RoleInfo (RoleInfo.java:shutdownFollowerState(121)) - f44a1c99-f9ac-4ca4-85ec-e98b84e0ebc2: shutdown FollowerState
2019-09-20 14:24:17,983 [Thread-402] INFO  impl.RaftServerImpl (RaftServerImpl.java:setRole(171)) - f44a1c99-f9ac-4ca4-85ec-e98b84e0ebc2:group-3D6C423E0720 changes role from FOLLOWER to CANDIDATE at term 0 for changeToCandidate
2019-09-20 14:24:17,983 [Thread-402] INFO  impl.RoleInfo (RoleInfo.java:updateAndGet(143)) - f44a1c99-f9ac-4ca4-85ec-e98b84e0ebc2: start LeaderElection
2019-09-20 14:24:18,003 [4b9e2e33-9606-42c4-a38b-d8e2568a9ed5-SegmentedRaftLogWorker:Storage Directory /workdir/hadoop-ozone/ozonefs/target/test-dir/MiniOzoneClusterImpl-72e1902e-de17-4929-8ada-cc6049662493/datanode-3/data/ratis/b0740f61-8c9b-4160-a514-9a23f645551a] INFO  segmented.SegmentedRaftLogWorker (SegmentedRaftLogWorker.java:execute(569)) - 4b9e2e33-9606-42c4-a38b-d8e2568a9ed5-SegmentedRaftLogWorker:Storage Directory /workdir/hadoop-ozone/ozonefs/target/test-dir/MiniOzoneClusterImpl-72e1902e-de17-4929-8ada-cc6049662493/datanode-3/data/ratis/b0740f61-8c9b-4160-a514-9a23f645551a: created new log segment /workdir/hadoop-ozone/ozonefs/target/test-dir/MiniOzoneClusterImpl-72e1902e-de17-4929-8ada-cc6049662493/datanode-3/data/ratis/b0740f61-8c9b-4160-a514-9a23f645551a/current/log_inprogress_0
2019-09-20 14:24:18,037 [f44a1c99-f9ac-4ca4-85ec-e98b84e0ebc2:group-3D6C423E0720:LeaderElection39] INFO  impl.LeaderElection (LeaderElection.java:askForVotes(181)) - f44a1c99-f9ac-4ca4-85ec-e98b84e0ebc2:group-3D6C423E0720:LeaderElection39: begin an election at term 1 for -1: [f44a1c99-f9ac-4ca4-85ec-e98b84e0ebc2:192.168.36.99:39362], old=null
2019-09-20 14:24:18,037 [f44a1c99-f9ac-4ca4-85ec-e98b84e0ebc2:group-3D6C423E0720:LeaderElection39] INFO  impl.RoleInfo (RoleInfo.java:shutdownLeaderElection(134)) - f44a1c99-f9ac-4ca4-85ec-e98b84e0ebc2: shutdown LeaderElection
2019-09-20 14:24:18,037 [f44a1c99-f9ac-4ca4-85ec-e98b84e0ebc2:group-3D6C423E0720:LeaderElection39] INFO  impl.RaftServerImpl (RaftServerImpl.java:setRole(171)) - f44a1c99-f9ac-4ca4-85ec-e98b84e0ebc2:group-3D6C423E0720 changes role from CANDIDATE to LEADER at term 1 for changeToLeader
2019-09-20 14:24:18,037 [f44a1c99-f9ac-4ca4-85ec-e98b84e0ebc2:group-3D6C423E0720:LeaderElection39] INFO  impl.RaftServerImpl (ServerState.java:setLeader(263)) - f44a1c99-f9ac-4ca4-85ec-e98b84e0ebc2:group-3D6C423E0720 change Leader from null to f44a1c99-f9ac-4ca4-85ec-e98b84e0ebc2 at term 1 for becomeLeader, leader elected after 5247ms
2019-09-20 14:24:18,037 [f44a1c99-f9ac-4ca4-85ec-e98b84e0ebc2:group-3D6C423E0720:LeaderElection39] INFO  server.RaftServerConfigKeys (ConfUtils.java:logGet(43)) - raft.server.staging.catchup.gap = 1000 (default)
2019-09-20 14:24:18,038 [f44a1c99-f9ac-4ca4-85ec-e98b84e0ebc2:group-3D6C423E0720:LeaderElection39] INFO  server.RaftServerConfigKeys (ConfUtils.java:logGet(43)) - raft.server.rpc.sleep.time = 25ms (default)
2019-09-20 14:24:18,038 [f44a1c99-f9ac-4ca4-85ec-e98b84e0ebc2:group-3D6C423E0720:LeaderElection39] INFO  server.RaftServerConfigKeys (ConfUtils.java:logGet(43)) - raft.server.write.element-limit = 4096 (default)
2019-09-20 14:24:18,038 [f44a1c99-f9ac-4ca4-85ec-e98b84e0ebc2:group-3D6C423E0720:LeaderElection39] INFO  server.RaftServerConfigKeys (ConfUtils.java:logGet(43)) - raft.server.watch.timeout = 10s (default)
2019-09-20 14:24:18,038 [f44a1c99-f9ac-4ca4-85ec-e98b84e0ebc2:group-3D6C423E0720:LeaderElection39] INFO  server.RaftServerConfigKeys (ConfUtils.java:logGet(43)) - raft.server.watch.timeout.denomination = 1s (default)
2019-09-20 14:24:18,038 [f44a1c99-f9ac-4ca4-85ec-e98b84e0ebc2:group-3D6C423E0720:LeaderElection39] INFO  server.RaftServerConfigKeys (ConfUtils.java:logGet(43)) - raft.server.watch.element-limit = 65536 (default)
2019-09-20 14:24:18,039 [f44a1c99-f9ac-4ca4-85ec-e98b84e0ebc2:group-3D6C423E0720:LeaderElection39] INFO  impl.RoleInfo (RoleInfo.java:updateAndGet(143)) - f44a1c99-f9ac-4ca4-85ec-e98b84e0ebc2: start LeaderState
2019-09-20 14:24:18,039 [f44a1c99-f9ac-4ca4-85ec-e98b84e0ebc2:group-3D6C423E0720:LeaderElection39] INFO  segmented.SegmentedRaftLogWorker (SegmentedRaftLogWorker.java:startLogSegment(380)) - f44a1c99-f9ac-4ca4-85ec-e98b84e0ebc2-SegmentedRaftLogWorker:Storage Directory /workdir/hadoop-ozone/ozonefs/target/test-dir/MiniOzoneClusterImpl-72e1902e-de17-4929-8ada-cc6049662493/datanode-5/data/ratis/569d3efa-f468-45b0-824a-3d6c423e0720: Starting segment from index:0
2019-09-20 14:24:18,040 [f44a1c99-f9ac-4ca4-85ec-e98b84e0ebc2:group-3D6C423E0720:LeaderElection39] INFO  impl.RaftServerImpl (ServerState.java:setRaftConf(361)) - f44a1c99-f9ac-4ca4-85ec-e98b84e0ebc2:group-3D6C423E0720 set configuration 0: [f44a1c99-f9ac-4ca4-85ec-e98b84e0ebc2:192.168.36.99:39362], old=null at 0
2019-09-20 14:24:18,097 [Thread-405] INFO  impl.FollowerState (FollowerState.java:run(106)) - ea2f062a-dcfd-4d75-88ac-6c4e2f0364da:group-89A3441B125D changes to CANDIDATE, lastRpcTime:5121, electionTimeout:5121ms
2019-09-20 14:24:18,098 [Thread-405] INFO  impl.RoleInfo (RoleInfo.java:shutdownFollowerState(121)) - ea2f062a-dcfd-4d75-88ac-6c4e2f0364da: shutdown FollowerState
2019-09-20 14:24:18,098 [Thread-405] INFO  impl.RaftServerImpl (RaftServerImpl.java:setRole(171)) - ea2f062a-dcfd-4d75-88ac-6c4e2f0364da:group-89A3441B125D changes role from FOLLOWER to CANDIDATE at term 0 for changeToCandidate
2019-09-20 14:24:18,098 [Thread-405] INFO  impl.RoleInfo (RoleInfo.java:updateAndGet(143)) - ea2f062a-dcfd-4d75-88ac-6c4e2f0364da: start LeaderElection
2019-09-20 14:24:18,120 [f44a1c99-f9ac-4ca4-85ec-e98b84e0ebc2-SegmentedRaftLogWorker:Storage Directory /workdir/hadoop-ozone/ozonefs/target/test-dir/MiniOzoneClusterImpl-72e1902e-de17-4929-8ada-cc6049662493/datanode-5/data/ratis/569d3efa-f468-45b0-824a-3d6c423e0720] INFO  segmented.SegmentedRaftLogWorker (SegmentedRaftLogWorker.java:execute(569)) - f44a1c99-f9ac-4ca4-85ec-e98b84e0ebc2-SegmentedRaftLogWorker:Storage Directory /workdir/hadoop-ozone/ozonefs/target/test-dir/MiniOzoneClusterImpl-72e1902e-de17-4929-8ada-cc6049662493/datanode-5/data/ratis/569d3efa-f468-45b0-824a-3d6c423e0720: created new log segment /workdir/hadoop-ozone/ozonefs/target/test-dir/MiniOzoneClusterImpl-72e1902e-de17-4929-8ada-cc6049662493/datanode-5/data/ratis/569d3efa-f468-45b0-824a-3d6c423e0720/current/log_inprogress_0
2019-09-20 14:24:18,121 [ea2f062a-dcfd-4d75-88ac-6c4e2f0364da:group-89A3441B125D:LeaderElection40] INFO  impl.LeaderElection (LeaderElection.java:askForVotes(181)) - ea2f062a-dcfd-4d75-88ac-6c4e2f0364da:group-89A3441B125D:LeaderElection40: begin an election at term 1 for -1: [ea2f062a-dcfd-4d75-88ac-6c4e2f0364da:192.168.36.99:35343], old=null
2019-09-20 14:24:18,121 [ea2f062a-dcfd-4d75-88ac-6c4e2f0364da:group-89A3441B125D:LeaderElection40] INFO  impl.RoleInfo (RoleInfo.java:shutdownLeaderElection(134)) - ea2f062a-dcfd-4d75-88ac-6c4e2f0364da: shutdown LeaderElection
2019-09-20 14:24:18,121 [ea2f062a-dcfd-4d75-88ac-6c4e2f0364da:group-89A3441B125D:LeaderElection40] INFO  impl.RaftServerImpl (RaftServerImpl.java:setRole(171)) - ea2f062a-dcfd-4d75-88ac-6c4e2f0364da:group-89A3441B125D changes role from CANDIDATE to LEADER at term 1 for changeToLeader
2019-09-20 14:24:18,121 [ea2f062a-dcfd-4d75-88ac-6c4e2f0364da:group-89A3441B125D:LeaderElection40] INFO  impl.RaftServerImpl (ServerState.java:setLeader(263)) - ea2f062a-dcfd-4d75-88ac-6c4e2f0364da:group-89A3441B125D change Leader from null to ea2f062a-dcfd-4d75-88ac-6c4e2f0364da at term 1 for becomeLeader, leader elected after 5150ms
2019-09-20 14:24:18,121 [ea2f062a-dcfd-4d75-88ac-6c4e2f0364da:group-89A3441B125D:LeaderElection40] INFO  server.RaftServerConfigKeys (ConfUtils.java:logGet(43)) - raft.server.staging.catchup.gap = 1000 (default)
2019-09-20 14:24:18,122 [ea2f062a-dcfd-4d75-88ac-6c4e2f0364da:group-89A3441B125D:LeaderElection40] INFO  server.RaftServerConfigKeys (ConfUtils.java:logGet(43)) - raft.server.rpc.sleep.time = 25ms (default)
2019-09-20 14:24:18,122 [ea2f062a-dcfd-4d75-88ac-6c4e2f0364da:group-89A3441B125D:LeaderElection40] INFO  server.RaftServerConfigKeys (ConfUtils.java:logGet(43)) - raft.server.write.element-limit = 4096 (default)
2019-09-20 14:24:18,122 [ea2f062a-dcfd-4d75-88ac-6c4e2f0364da:group-89A3441B125D:LeaderElection40] INFO  server.RaftServerConfigKeys (ConfUtils.java:logGet(43)) - raft.server.watch.timeout = 10s (default)
2019-09-20 14:24:18,122 [ea2f062a-dcfd-4d75-88ac-6c4e2f0364da:group-89A3441B125D:LeaderElection40] INFO  server.RaftServerConfigKeys (ConfUtils.java:logGet(43)) - raft.server.watch.timeout.denomination = 1s (default)
2019-09-20 14:24:18,122 [ea2f062a-dcfd-4d75-88ac-6c4e2f0364da:group-89A3441B125D:LeaderElection40] INFO  server.RaftServerConfigKeys (ConfUtils.java:logGet(43)) - raft.server.watch.element-limit = 65536 (default)
2019-09-20 14:24:18,123 [ea2f062a-dcfd-4d75-88ac-6c4e2f0364da:group-89A3441B125D:LeaderElection40] INFO  impl.RoleInfo (RoleInfo.java:updateAndGet(143)) - ea2f062a-dcfd-4d75-88ac-6c4e2f0364da: start LeaderState
2019-09-20 14:24:18,123 [ea2f062a-dcfd-4d75-88ac-6c4e2f0364da:group-89A3441B125D:LeaderElection40] INFO  segmented.SegmentedRaftLogWorker (SegmentedRaftLogWorker.java:startLogSegment(380)) - ea2f062a-dcfd-4d75-88ac-6c4e2f0364da-SegmentedRaftLogWorker:Storage Directory /workdir/hadoop-ozone/ozonefs/target/test-dir/MiniOzoneClusterImpl-72e1902e-de17-4929-8ada-cc6049662493/datanode-9/data/ratis/5c4b51da-e607-4b81-9dcc-89a3441b125d: Starting segment from index:0
2019-09-20 14:24:18,124 [ea2f062a-dcfd-4d75-88ac-6c4e2f0364da:group-89A3441B125D:LeaderElection40] INFO  impl.RaftServerImpl (ServerState.java:setRaftConf(361)) - ea2f062a-dcfd-4d75-88ac-6c4e2f0364da:group-89A3441B125D set configuration 0: [ea2f062a-dcfd-4d75-88ac-6c4e2f0364da:192.168.36.99:35343], old=null at 0
2019-09-20 14:24:18,210 | INFO  | SCMAudit | user=jenkins1000 | ip=192.168.36.99 | op=SEND_HEARTBEAT {datanodeUUID=e0033df1-dced-4562-b4c4-a94a3cb6c131, command=[]} | ret=SUCCESS |  
2019-09-20 14:24:18,212 [ea2f062a-dcfd-4d75-88ac-6c4e2f0364da-SegmentedRaftLogWorker:Storage Directory /workdir/hadoop-ozone/ozonefs/target/test-dir/MiniOzoneClusterImpl-72e1902e-de17-4929-8ada-cc6049662493/datanode-9/data/ratis/5c4b51da-e607-4b81-9dcc-89a3441b125d] INFO  segmented.SegmentedRaftLogWorker (SegmentedRaftLogWorker.java:execute(569)) - ea2f062a-dcfd-4d75-88ac-6c4e2f0364da-SegmentedRaftLogWorker:Storage Directory /workdir/hadoop-ozone/ozonefs/target/test-dir/MiniOzoneClusterImpl-72e1902e-de17-4929-8ada-cc6049662493/datanode-9/data/ratis/5c4b51da-e607-4b81-9dcc-89a3441b125d: created new log segment /workdir/hadoop-ozone/ozonefs/target/test-dir/MiniOzoneClusterImpl-72e1902e-de17-4929-8ada-cc6049662493/datanode-9/data/ratis/5c4b51da-e607-4b81-9dcc-89a3441b125d/current/log_inprogress_0
2019-09-20 14:24:18,256 [Thread-414] INFO  impl.FollowerState (FollowerState.java:run(106)) - 9101a5c2-dfb1-4c31-830b-4c77eb758348:group-434899E20061 changes to CANDIDATE, lastRpcTime:5012, electionTimeout:5012ms
2019-09-20 14:24:18,256 [Thread-414] INFO  impl.RoleInfo (RoleInfo.java:shutdownFollowerState(121)) - 9101a5c2-dfb1-4c31-830b-4c77eb758348: shutdown FollowerState
2019-09-20 14:24:18,256 [Thread-414] INFO  impl.RaftServerImpl (RaftServerImpl.java:setRole(171)) - 9101a5c2-dfb1-4c31-830b-4c77eb758348:group-434899E20061 changes role from FOLLOWER to CANDIDATE at term 0 for changeToCandidate
2019-09-20 14:24:18,257 [Thread-414] INFO  impl.RoleInfo (RoleInfo.java:updateAndGet(143)) - 9101a5c2-dfb1-4c31-830b-4c77eb758348: start LeaderElection
2019-09-20 14:24:18,272 [Thread-408] INFO  impl.FollowerState (FollowerState.java:run(106)) - 9101a5c2-dfb1-4c31-830b-4c77eb758348:group-E1BD6452D7F1 changes to CANDIDATE, lastRpcTime:5198, electionTimeout:5198ms
2019-09-20 14:24:18,272 [Thread-408] INFO  impl.RoleInfo (RoleInfo.java:shutdownFollowerState(121)) - 9101a5c2-dfb1-4c31-830b-4c77eb758348: shutdown FollowerState
2019-09-20 14:24:18,272 [Thread-408] INFO  impl.RaftServerImpl (RaftServerImpl.java:setRole(171)) - 9101a5c2-dfb1-4c31-830b-4c77eb758348:group-E1BD6452D7F1 changes role from FOLLOWER to CANDIDATE at term 0 for changeToCandidate
2019-09-20 14:24:18,272 [Thread-408] INFO  impl.RoleInfo (RoleInfo.java:updateAndGet(143)) - 9101a5c2-dfb1-4c31-830b-4c77eb758348: start LeaderElection
2019-09-20 14:24:18,282 | INFO  | SCMAudit | user=jenkins1000 | ip=192.168.36.99 | op=SEND_HEARTBEAT {datanodeUUID=7c330693-1e2f-4265-ad51-f8ae66fac775, command=[]} | ret=SUCCESS |  
2019-09-20 14:24:18,288 [9101a5c2-dfb1-4c31-830b-4c77eb758348:group-434899E20061:LeaderElection41] INFO  impl.LeaderElection (LeaderElection.java:askForVotes(181)) - 9101a5c2-dfb1-4c31-830b-4c77eb758348:group-434899E20061:LeaderElection41: begin an election at term 1 for -1: [9101a5c2-dfb1-4c31-830b-4c77eb758348:192.168.36.99:35572], old=null
2019-09-20 14:24:18,288 [9101a5c2-dfb1-4c31-830b-4c77eb758348:group-434899E20061:LeaderElection41] INFO  impl.RoleInfo (RoleInfo.java:shutdownLeaderElection(134)) - 9101a5c2-dfb1-4c31-830b-4c77eb758348: shutdown LeaderElection
2019-09-20 14:24:18,288 [9101a5c2-dfb1-4c31-830b-4c77eb758348:group-434899E20061:LeaderElection41] INFO  impl.RaftServerImpl (RaftServerImpl.java:setRole(171)) - 9101a5c2-dfb1-4c31-830b-4c77eb758348:group-434899E20061 changes role from CANDIDATE to LEADER at term 1 for changeToLeader
2019-09-20 14:24:18,288 [9101a5c2-dfb1-4c31-830b-4c77eb758348:group-434899E20061:LeaderElection41] INFO  impl.RaftServerImpl (ServerState.java:setLeader(263)) - 9101a5c2-dfb1-4c31-830b-4c77eb758348:group-434899E20061 change Leader from null to 9101a5c2-dfb1-4c31-830b-4c77eb758348 at term 1 for becomeLeader, leader elected after 5049ms
2019-09-20 14:24:18,289 [9101a5c2-dfb1-4c31-830b-4c77eb758348:group-434899E20061:LeaderElection41] INFO  server.RaftServerConfigKeys (ConfUtils.java:logGet(43)) - raft.server.staging.catchup.gap = 1000 (default)
2019-09-20 14:24:18,289 [9101a5c2-dfb1-4c31-830b-4c77eb758348:group-434899E20061:LeaderElection41] INFO  server.RaftServerConfigKeys (ConfUtils.java:logGet(43)) - raft.server.rpc.sleep.time = 25ms (default)
2019-09-20 14:24:18,289 [9101a5c2-dfb1-4c31-830b-4c77eb758348:group-434899E20061:LeaderElection41] INFO  server.RaftServerConfigKeys (ConfUtils.java:logGet(43)) - raft.server.write.element-limit = 4096 (default)
2019-09-20 14:24:18,289 [9101a5c2-dfb1-4c31-830b-4c77eb758348:group-434899E20061:LeaderElection41] INFO  server.RaftServerConfigKeys (ConfUtils.java:logGet(43)) - raft.server.watch.timeout = 10s (default)
2019-09-20 14:24:18,289 [9101a5c2-dfb1-4c31-830b-4c77eb758348:group-434899E20061:LeaderElection41] INFO  server.RaftServerConfigKeys (ConfUtils.java:logGet(43)) - raft.server.watch.timeout.denomination = 1s (default)
2019-09-20 14:24:18,290 [9101a5c2-dfb1-4c31-830b-4c77eb758348:group-434899E20061:LeaderElection41] INFO  server.RaftServerConfigKeys (ConfUtils.java:logGet(43)) - raft.server.watch.element-limit = 65536 (default)
2019-09-20 14:24:18,290 [9101a5c2-dfb1-4c31-830b-4c77eb758348:group-434899E20061:LeaderElection41] INFO  impl.RoleInfo (RoleInfo.java:updateAndGet(143)) - 9101a5c2-dfb1-4c31-830b-4c77eb758348: start LeaderState
2019-09-20 14:24:18,290 [9101a5c2-dfb1-4c31-830b-4c77eb758348:group-434899E20061:LeaderElection41] INFO  segmented.SegmentedRaftLogWorker (SegmentedRaftLogWorker.java:startLogSegment(380)) - 9101a5c2-dfb1-4c31-830b-4c77eb758348-SegmentedRaftLogWorker:Storage Directory /workdir/hadoop-ozone/ozonefs/target/test-dir/MiniOzoneClusterImpl-72e1902e-de17-4929-8ada-cc6049662493/datanode-6/data/ratis/585786ba-0aa0-4279-946e-434899e20061: Starting segment from index:0
2019-09-20 14:24:18,291 [9101a5c2-dfb1-4c31-830b-4c77eb758348:group-434899E20061:LeaderElection41] INFO  impl.RaftServerImpl (ServerState.java:setRaftConf(361)) - 9101a5c2-dfb1-4c31-830b-4c77eb758348:group-434899E20061 set configuration 0: [9101a5c2-dfb1-4c31-830b-4c77eb758348:192.168.36.99:35572], old=null at 0
2019-09-20 14:24:18,313 [9101a5c2-dfb1-4c31-830b-4c77eb758348:group-E1BD6452D7F1:LeaderElection42] INFO  impl.LeaderElection (LeaderElection.java:askForVotes(181)) - 9101a5c2-dfb1-4c31-830b-4c77eb758348:group-E1BD6452D7F1:LeaderElection42: begin an election at term 1 for -1: [9101a5c2-dfb1-4c31-830b-4c77eb758348:192.168.36.99:35572], old=null
2019-09-20 14:24:18,314 [9101a5c2-dfb1-4c31-830b-4c77eb758348:group-E1BD6452D7F1:LeaderElection42] INFO  impl.RoleInfo (RoleInfo.java:shutdownLeaderElection(134)) - 9101a5c2-dfb1-4c31-830b-4c77eb758348: shutdown LeaderElection
2019-09-20 14:24:18,314 [9101a5c2-dfb1-4c31-830b-4c77eb758348:group-E1BD6452D7F1:LeaderElection42] INFO  impl.RaftServerImpl (RaftServerImpl.java:setRole(171)) - 9101a5c2-dfb1-4c31-830b-4c77eb758348:group-E1BD6452D7F1 changes role from CANDIDATE to LEADER at term 1 for changeToLeader
2019-09-20 14:24:18,314 [9101a5c2-dfb1-4c31-830b-4c77eb758348:group-E1BD6452D7F1:LeaderElection42] INFO  impl.RaftServerImpl (ServerState.java:setLeader(263)) - 9101a5c2-dfb1-4c31-830b-4c77eb758348:group-E1BD6452D7F1 change Leader from null to 9101a5c2-dfb1-4c31-830b-4c77eb758348 at term 1 for becomeLeader, leader elected after 5245ms
2019-09-20 14:24:18,314 [9101a5c2-dfb1-4c31-830b-4c77eb758348:group-E1BD6452D7F1:LeaderElection42] INFO  server.RaftServerConfigKeys (ConfUtils.java:logGet(43)) - raft.server.staging.catchup.gap = 1000 (default)
2019-09-20 14:24:18,314 [9101a5c2-dfb1-4c31-830b-4c77eb758348:group-E1BD6452D7F1:LeaderElection42] INFO  server.RaftServerConfigKeys (ConfUtils.java:logGet(43)) - raft.server.rpc.sleep.time = 25ms (default)
2019-09-20 14:24:18,314 [9101a5c2-dfb1-4c31-830b-4c77eb758348:group-E1BD6452D7F1:LeaderElection42] INFO  server.RaftServerConfigKeys (ConfUtils.java:logGet(43)) - raft.server.write.element-limit = 4096 (default)
2019-09-20 14:24:18,314 [9101a5c2-dfb1-4c31-830b-4c77eb758348:group-E1BD6452D7F1:LeaderElection42] INFO  server.RaftServerConfigKeys (ConfUtils.java:logGet(43)) - raft.server.watch.timeout = 10s (default)
2019-09-20 14:24:18,315 [9101a5c2-dfb1-4c31-830b-4c77eb758348:group-E1BD6452D7F1:LeaderElection42] INFO  server.RaftServerConfigKeys (ConfUtils.java:logGet(43)) - raft.server.watch.timeout.denomination = 1s (default)
2019-09-20 14:24:18,315 [9101a5c2-dfb1-4c31-830b-4c77eb758348:group-E1BD6452D7F1:LeaderElection42] INFO  server.RaftServerConfigKeys (ConfUtils.java:logGet(43)) - raft.server.watch.element-limit = 65536 (default)
2019-09-20 14:24:18,315 [9101a5c2-dfb1-4c31-830b-4c77eb758348:group-E1BD6452D7F1:LeaderElection42] INFO  impl.RoleInfo (RoleInfo.java:updateAndGet(143)) - 9101a5c2-dfb1-4c31-830b-4c77eb758348: start LeaderState
2019-09-20 14:24:18,315 [9101a5c2-dfb1-4c31-830b-4c77eb758348:group-E1BD6452D7F1:LeaderElection42] INFO  segmented.SegmentedRaftLogWorker (SegmentedRaftLogWorker.java:startLogSegment(380)) - 9101a5c2-dfb1-4c31-830b-4c77eb758348-SegmentedRaftLogWorker:Storage Directory /workdir/hadoop-ozone/ozonefs/target/test-dir/MiniOzoneClusterImpl-72e1902e-de17-4929-8ada-cc6049662493/datanode-6/data/ratis/69d90bd0-95d5-414c-9643-e1bd6452d7f1: Starting segment from index:0
2019-09-20 14:24:18,316 [9101a5c2-dfb1-4c31-830b-4c77eb758348:group-E1BD6452D7F1:LeaderElection42] INFO  impl.RaftServerImpl (ServerState.java:setRaftConf(361)) - 9101a5c2-dfb1-4c31-830b-4c77eb758348:group-E1BD6452D7F1 set configuration 0: [9101a5c2-dfb1-4c31-830b-4c77eb758348:192.168.36.99:35572], old=null at 0
2019-09-20 14:24:18,352 [Thread-411] INFO  impl.FollowerState (FollowerState.java:run(106)) - fc92467e-4cd7-4ea6-9bfc-11250c30c0f6:group-2DD6BC1AA2E4 changes to CANDIDATE, lastRpcTime:5193, electionTimeout:5193ms
2019-09-20 14:24:18,352 [Thread-411] INFO  impl.RoleInfo (RoleInfo.java:shutdownFollowerState(121)) - fc92467e-4cd7-4ea6-9bfc-11250c30c0f6: shutdown FollowerState
2019-09-20 14:24:18,353 [Thread-411] INFO  impl.RaftServerImpl (RaftServerImpl.java:setRole(171)) - fc92467e-4cd7-4ea6-9bfc-11250c30c0f6:group-2DD6BC1AA2E4 changes role from FOLLOWER to CANDIDATE at term 0 for changeToCandidate
2019-09-20 14:24:18,353 [Thread-411] INFO  impl.RoleInfo (RoleInfo.java:updateAndGet(143)) - fc92467e-4cd7-4ea6-9bfc-11250c30c0f6: start LeaderElection
2019-09-20 14:24:18,366 | INFO  | SCMAudit | user=jenkins1000 | ip=192.168.36.99 | op=SEND_HEARTBEAT {datanodeUUID=4b9e2e33-9606-42c4-a38b-d8e2568a9ed5, command=[]} | ret=SUCCESS |  
2019-09-20 14:24:18,380 [9101a5c2-dfb1-4c31-830b-4c77eb758348-SegmentedRaftLogWorker:Storage Directory /workdir/hadoop-ozone/ozonefs/target/test-dir/MiniOzoneClusterImpl-72e1902e-de17-4929-8ada-cc6049662493/datanode-6/data/ratis/69d90bd0-95d5-414c-9643-e1bd6452d7f1] INFO  segmented.SegmentedRaftLogWorker (SegmentedRaftLogWorker.java:execute(569)) - 9101a5c2-dfb1-4c31-830b-4c77eb758348-SegmentedRaftLogWorker:Storage Directory /workdir/hadoop-ozone/ozonefs/target/test-dir/MiniOzoneClusterImpl-72e1902e-de17-4929-8ada-cc6049662493/datanode-6/data/ratis/69d90bd0-95d5-414c-9643-e1bd6452d7f1: created new log segment /workdir/hadoop-ozone/ozonefs/target/test-dir/MiniOzoneClusterImpl-72e1902e-de17-4929-8ada-cc6049662493/datanode-6/data/ratis/69d90bd0-95d5-414c-9643-e1bd6452d7f1/current/log_inprogress_0
2019-09-20 14:24:18,380 [fc92467e-4cd7-4ea6-9bfc-11250c30c0f6:group-2DD6BC1AA2E4:LeaderElection43] INFO  impl.LeaderElection (LeaderElection.java:askForVotes(181)) - fc92467e-4cd7-4ea6-9bfc-11250c30c0f6:group-2DD6BC1AA2E4:LeaderElection43: begin an election at term 1 for -1: [fc92467e-4cd7-4ea6-9bfc-11250c30c0f6:192.168.36.99:34828], old=null
2019-09-20 14:24:18,380 [9101a5c2-dfb1-4c31-830b-4c77eb758348-SegmentedRaftLogWorker:Storage Directory /workdir/hadoop-ozone/ozonefs/target/test-dir/MiniOzoneClusterImpl-72e1902e-de17-4929-8ada-cc6049662493/datanode-6/data/ratis/585786ba-0aa0-4279-946e-434899e20061] INFO  segmented.SegmentedRaftLogWorker (SegmentedRaftLogWorker.java:execute(569)) - 9101a5c2-dfb1-4c31-830b-4c77eb758348-SegmentedRaftLogWorker:Storage Directory /workdir/hadoop-ozone/ozonefs/target/test-dir/MiniOzoneClusterImpl-72e1902e-de17-4929-8ada-cc6049662493/datanode-6/data/ratis/585786ba-0aa0-4279-946e-434899e20061: created new log segment /workdir/hadoop-ozone/ozonefs/target/test-dir/MiniOzoneClusterImpl-72e1902e-de17-4929-8ada-cc6049662493/datanode-6/data/ratis/585786ba-0aa0-4279-946e-434899e20061/current/log_inprogress_0
2019-09-20 14:24:18,381 [fc92467e-4cd7-4ea6-9bfc-11250c30c0f6:group-2DD6BC1AA2E4:LeaderElection43] INFO  impl.RoleInfo (RoleInfo.java:shutdownLeaderElection(134)) - fc92467e-4cd7-4ea6-9bfc-11250c30c0f6: shutdown LeaderElection
2019-09-20 14:24:18,381 [fc92467e-4cd7-4ea6-9bfc-11250c30c0f6:group-2DD6BC1AA2E4:LeaderElection43] INFO  impl.RaftServerImpl (RaftServerImpl.java:setRole(171)) - fc92467e-4cd7-4ea6-9bfc-11250c30c0f6:group-2DD6BC1AA2E4 changes role from CANDIDATE to LEADER at term 1 for changeToLeader
2019-09-20 14:24:18,381 [fc92467e-4cd7-4ea6-9bfc-11250c30c0f6:group-2DD6BC1AA2E4:LeaderElection43] INFO  impl.RaftServerImpl (ServerState.java:setLeader(263)) - fc92467e-4cd7-4ea6-9bfc-11250c30c0f6:group-2DD6BC1AA2E4 change Leader from null to fc92467e-4cd7-4ea6-9bfc-11250c30c0f6 at term 1 for becomeLeader, leader elected after 5227ms
2019-09-20 14:24:18,381 [fc92467e-4cd7-4ea6-9bfc-11250c30c0f6:group-2DD6BC1AA2E4:LeaderElection43] INFO  server.RaftServerConfigKeys (ConfUtils.java:logGet(43)) - raft.server.staging.catchup.gap = 1000 (default)
2019-09-20 14:24:18,381 [fc92467e-4cd7-4ea6-9bfc-11250c30c0f6:group-2DD6BC1AA2E4:LeaderElection43] INFO  server.RaftServerConfigKeys (ConfUtils.java:logGet(43)) - raft.server.rpc.sleep.time = 25ms (default)
2019-09-20 14:24:18,382 [fc92467e-4cd7-4ea6-9bfc-11250c30c0f6:group-2DD6BC1AA2E4:LeaderElection43] INFO  server.RaftServerConfigKeys (ConfUtils.java:logGet(43)) - raft.server.write.element-limit = 4096 (default)
2019-09-20 14:24:18,382 [fc92467e-4cd7-4ea6-9bfc-11250c30c0f6:group-2DD6BC1AA2E4:LeaderElection43] INFO  server.RaftServerConfigKeys (ConfUtils.java:logGet(43)) - raft.server.watch.timeout = 10s (default)
2019-09-20 14:24:18,382 [fc92467e-4cd7-4ea6-9bfc-11250c30c0f6:group-2DD6BC1AA2E4:LeaderElection43] INFO  server.RaftServerConfigKeys (ConfUtils.java:logGet(43)) - raft.server.watch.timeout.denomination = 1s (default)
2019-09-20 14:24:18,382 [fc92467e-4cd7-4ea6-9bfc-11250c30c0f6:group-2DD6BC1AA2E4:LeaderElection43] INFO  server.RaftServerConfigKeys (ConfUtils.java:logGet(43)) - raft.server.watch.element-limit = 65536 (default)
2019-09-20 14:24:18,382 [fc92467e-4cd7-4ea6-9bfc-11250c30c0f6:group-2DD6BC1AA2E4:LeaderElection43] INFO  impl.RoleInfo (RoleInfo.java:updateAndGet(143)) - fc92467e-4cd7-4ea6-9bfc-11250c30c0f6: start LeaderState
2019-09-20 14:24:18,382 [fc92467e-4cd7-4ea6-9bfc-11250c30c0f6:group-2DD6BC1AA2E4:LeaderElection43] INFO  segmented.SegmentedRaftLogWorker (SegmentedRaftLogWorker.java:startLogSegment(380)) - fc92467e-4cd7-4ea6-9bfc-11250c30c0f6-SegmentedRaftLogWorker:Storage Directory /workdir/hadoop-ozone/ozonefs/target/test-dir/MiniOzoneClusterImpl-72e1902e-de17-4929-8ada-cc6049662493/datanode-8/data/ratis/4af3b836-157e-4f30-b8bc-2dd6bc1aa2e4: Starting segment from index:0
2019-09-20 14:24:18,383 [fc92467e-4cd7-4ea6-9bfc-11250c30c0f6:group-2DD6BC1AA2E4:LeaderElection43] INFO  impl.RaftServerImpl (ServerState.java:setRaftConf(361)) - fc92467e-4cd7-4ea6-9bfc-11250c30c0f6:group-2DD6BC1AA2E4 set configuration 0: [fc92467e-4cd7-4ea6-9bfc-11250c30c0f6:192.168.36.99:34828], old=null at 0
2019-09-20 14:24:18,403 | INFO  | SCMAudit | user=jenkins1000 | ip=192.168.36.99 | op=SEND_HEARTBEAT {datanodeUUID=fc92467e-4cd7-4ea6-9bfc-11250c30c0f6, command=[]} | ret=SUCCESS |  
2019-09-20 14:24:18,404 | INFO  | SCMAudit | user=jenkins1000 | ip=192.168.36.99 | op=SEND_HEARTBEAT {datanodeUUID=93651a45-ffa4-4bae-ae49-6429ae7182bc, command=[]} | ret=SUCCESS |  
2019-09-20 14:24:18,426 [Thread-417] INFO  impl.FollowerState (FollowerState.java:run(106)) - 9101a5c2-dfb1-4c31-830b-4c77eb758348:group-09C10C9747B2 changes to CANDIDATE, lastRpcTime:5078, electionTimeout:5078ms
2019-09-20 14:24:18,426 [Thread-417] INFO  impl.RoleInfo (RoleInfo.java:shutdownFollowerState(121)) - 9101a5c2-dfb1-4c31-830b-4c77eb758348: shutdown FollowerState
2019-09-20 14:24:18,427 [Thread-417] INFO  impl.RaftServerImpl (RaftServerImpl.java:setRole(171)) - 9101a5c2-dfb1-4c31-830b-4c77eb758348:group-09C10C9747B2 changes role from FOLLOWER to CANDIDATE at term 0 for changeToCandidate
2019-09-20 14:24:18,427 [Thread-417] INFO  impl.RoleInfo (RoleInfo.java:updateAndGet(143)) - 9101a5c2-dfb1-4c31-830b-4c77eb758348: start LeaderElection
2019-09-20 14:24:18,464 [fc92467e-4cd7-4ea6-9bfc-11250c30c0f6-SegmentedRaftLogWorker:Storage Directory /workdir/hadoop-ozone/ozonefs/target/test-dir/MiniOzoneClusterImpl-72e1902e-de17-4929-8ada-cc6049662493/datanode-8/data/ratis/4af3b836-157e-4f30-b8bc-2dd6bc1aa2e4] INFO  segmented.SegmentedRaftLogWorker (SegmentedRaftLogWorker.java:execute(569)) - fc92467e-4cd7-4ea6-9bfc-11250c30c0f6-SegmentedRaftLogWorker:Storage Directory /workdir/hadoop-ozone/ozonefs/target/test-dir/MiniOzoneClusterImpl-72e1902e-de17-4929-8ada-cc6049662493/datanode-8/data/ratis/4af3b836-157e-4f30-b8bc-2dd6bc1aa2e4: created new log segment /workdir/hadoop-ozone/ozonefs/target/test-dir/MiniOzoneClusterImpl-72e1902e-de17-4929-8ada-cc6049662493/datanode-8/data/ratis/4af3b836-157e-4f30-b8bc-2dd6bc1aa2e4/current/log_inprogress_0
2019-09-20 14:24:18,464 [9101a5c2-dfb1-4c31-830b-4c77eb758348:group-09C10C9747B2:LeaderElection44] INFO  impl.LeaderElection (LeaderElection.java:askForVotes(181)) - 9101a5c2-dfb1-4c31-830b-4c77eb758348:group-09C10C9747B2:LeaderElection44: begin an election at term 1 for -1: [9101a5c2-dfb1-4c31-830b-4c77eb758348:192.168.36.99:35572], old=null
2019-09-20 14:24:18,464 [9101a5c2-dfb1-4c31-830b-4c77eb758348:group-09C10C9747B2:LeaderElection44] INFO  impl.RoleInfo (RoleInfo.java:shutdownLeaderElection(134)) - 9101a5c2-dfb1-4c31-830b-4c77eb758348: shutdown LeaderElection
2019-09-20 14:24:18,465 [9101a5c2-dfb1-4c31-830b-4c77eb758348:group-09C10C9747B2:LeaderElection44] INFO  impl.RaftServerImpl (RaftServerImpl.java:setRole(171)) - 9101a5c2-dfb1-4c31-830b-4c77eb758348:group-09C10C9747B2 changes role from CANDIDATE to LEADER at term 1 for changeToLeader
2019-09-20 14:24:18,465 [9101a5c2-dfb1-4c31-830b-4c77eb758348:group-09C10C9747B2:LeaderElection44] INFO  impl.RaftServerImpl (ServerState.java:setLeader(263)) - 9101a5c2-dfb1-4c31-830b-4c77eb758348:group-09C10C9747B2 change Leader from null to 9101a5c2-dfb1-4c31-830b-4c77eb758348 at term 1 for becomeLeader, leader elected after 5121ms
2019-09-20 14:24:18,465 [9101a5c2-dfb1-4c31-830b-4c77eb758348:group-09C10C9747B2:LeaderElection44] INFO  server.RaftServerConfigKeys (ConfUtils.java:logGet(43)) - raft.server.staging.catchup.gap = 1000 (default)
2019-09-20 14:24:18,465 [9101a5c2-dfb1-4c31-830b-4c77eb758348:group-09C10C9747B2:LeaderElection44] INFO  server.RaftServerConfigKeys (ConfUtils.java:logGet(43)) - raft.server.rpc.sleep.time = 25ms (default)
2019-09-20 14:24:18,465 [9101a5c2-dfb1-4c31-830b-4c77eb758348:group-09C10C9747B2:LeaderElection44] INFO  server.RaftServerConfigKeys (ConfUtils.java:logGet(43)) - raft.server.write.element-limit = 4096 (default)
2019-09-20 14:24:18,466 [9101a5c2-dfb1-4c31-830b-4c77eb758348:group-09C10C9747B2:LeaderElection44] INFO  server.RaftServerConfigKeys (ConfUtils.java:logGet(43)) - raft.server.watch.timeout = 10s (default)
2019-09-20 14:24:18,466 [9101a5c2-dfb1-4c31-830b-4c77eb758348:group-09C10C9747B2:LeaderElection44] INFO  server.RaftServerConfigKeys (ConfUtils.java:logGet(43)) - raft.server.watch.timeout.denomination = 1s (default)
2019-09-20 14:24:18,466 [9101a5c2-dfb1-4c31-830b-4c77eb758348:group-09C10C9747B2:LeaderElection44] INFO  server.RaftServerConfigKeys (ConfUtils.java:logGet(43)) - raft.server.watch.element-limit = 65536 (default)
2019-09-20 14:24:18,466 [9101a5c2-dfb1-4c31-830b-4c77eb758348:group-09C10C9747B2:LeaderElection44] INFO  impl.RoleInfo (RoleInfo.java:updateAndGet(143)) - 9101a5c2-dfb1-4c31-830b-4c77eb758348: start LeaderState
2019-09-20 14:24:18,466 [9101a5c2-dfb1-4c31-830b-4c77eb758348:group-09C10C9747B2:LeaderElection44] INFO  segmented.SegmentedRaftLogWorker (SegmentedRaftLogWorker.java:startLogSegment(380)) - 9101a5c2-dfb1-4c31-830b-4c77eb758348-SegmentedRaftLogWorker:Storage Directory /workdir/hadoop-ozone/ozonefs/target/test-dir/MiniOzoneClusterImpl-72e1902e-de17-4929-8ada-cc6049662493/datanode-6/data/ratis/e4d97ce3-a429-4633-880a-09c10c9747b2: Starting segment from index:0
2019-09-20 14:24:18,467 [9101a5c2-dfb1-4c31-830b-4c77eb758348:group-09C10C9747B2:LeaderElection44] INFO  impl.RaftServerImpl (ServerState.java:setRaftConf(361)) - 9101a5c2-dfb1-4c31-830b-4c77eb758348:group-09C10C9747B2 set configuration 0: [9101a5c2-dfb1-4c31-830b-4c77eb758348:192.168.36.99:35572], old=null at 0
2019-09-20 14:24:18,486 | INFO  | SCMAudit | user=jenkins1000 | ip=192.168.36.99 | op=SEND_HEARTBEAT {datanodeUUID=c0a66530-d43a-4ae5-bdbb-2b9936068aaa, command=[]} | ret=SUCCESS |  
2019-09-20 14:24:18,548 [9101a5c2-dfb1-4c31-830b-4c77eb758348-SegmentedRaftLogWorker:Storage Directory /workdir/hadoop-ozone/ozonefs/target/test-dir/MiniOzoneClusterImpl-72e1902e-de17-4929-8ada-cc6049662493/datanode-6/data/ratis/e4d97ce3-a429-4633-880a-09c10c9747b2] INFO  segmented.SegmentedRaftLogWorker (SegmentedRaftLogWorker.java:execute(569)) - 9101a5c2-dfb1-4c31-830b-4c77eb758348-SegmentedRaftLogWorker:Storage Directory /workdir/hadoop-ozone/ozonefs/target/test-dir/MiniOzoneClusterImpl-72e1902e-de17-4929-8ada-cc6049662493/datanode-6/data/ratis/e4d97ce3-a429-4633-880a-09c10c9747b2: created new log segment /workdir/hadoop-ozone/ozonefs/target/test-dir/MiniOzoneClusterImpl-72e1902e-de17-4929-8ada-cc6049662493/datanode-6/data/ratis/e4d97ce3-a429-4633-880a-09c10c9747b2/current/log_inprogress_0
2019-09-20 14:24:18,566 [Thread-420] INFO  impl.FollowerState (FollowerState.java:run(106)) - e0033df1-dced-4562-b4c4-a94a3cb6c131:group-13CF0B0FEC25 changes to CANDIDATE, lastRpcTime:5142, electionTimeout:5142ms
2019-09-20 14:24:18,567 [Thread-420] INFO  impl.RoleInfo (RoleInfo.java:shutdownFollowerState(121)) - e0033df1-dced-4562-b4c4-a94a3cb6c131: shutdown FollowerState
2019-09-20 14:24:18,567 [Thread-420] INFO  impl.RaftServerImpl (RaftServerImpl.java:setRole(171)) - e0033df1-dced-4562-b4c4-a94a3cb6c131:group-13CF0B0FEC25 changes role from FOLLOWER to CANDIDATE at term 0 for changeToCandidate
2019-09-20 14:24:18,567 [Thread-420] INFO  impl.RoleInfo (RoleInfo.java:updateAndGet(143)) - e0033df1-dced-4562-b4c4-a94a3cb6c131: start LeaderElection
2019-09-20 14:24:18,607 [e0033df1-dced-4562-b4c4-a94a3cb6c131:group-13CF0B0FEC25:LeaderElection45] INFO  impl.LeaderElection (LeaderElection.java:askForVotes(181)) - e0033df1-dced-4562-b4c4-a94a3cb6c131:group-13CF0B0FEC25:LeaderElection45: begin an election at term 1 for -1: [e0033df1-dced-4562-b4c4-a94a3cb6c131:192.168.36.99:39317], old=null
2019-09-20 14:24:18,607 [e0033df1-dced-4562-b4c4-a94a3cb6c131:group-13CF0B0FEC25:LeaderElection45] INFO  impl.RoleInfo (RoleInfo.java:shutdownLeaderElection(134)) - e0033df1-dced-4562-b4c4-a94a3cb6c131: shutdown LeaderElection
2019-09-20 14:24:18,607 [e0033df1-dced-4562-b4c4-a94a3cb6c131:group-13CF0B0FEC25:LeaderElection45] INFO  impl.RaftServerImpl (RaftServerImpl.java:setRole(171)) - e0033df1-dced-4562-b4c4-a94a3cb6c131:group-13CF0B0FEC25 changes role from CANDIDATE to LEADER at term 1 for changeToLeader
2019-09-20 14:24:18,607 [e0033df1-dced-4562-b4c4-a94a3cb6c131:group-13CF0B0FEC25:LeaderElection45] INFO  impl.RaftServerImpl (ServerState.java:setLeader(263)) - e0033df1-dced-4562-b4c4-a94a3cb6c131:group-13CF0B0FEC25 change Leader from null to e0033df1-dced-4562-b4c4-a94a3cb6c131 at term 1 for becomeLeader, leader elected after 5187ms
2019-09-20 14:24:18,607 [e0033df1-dced-4562-b4c4-a94a3cb6c131:group-13CF0B0FEC25:LeaderElection45] INFO  server.RaftServerConfigKeys (ConfUtils.java:logGet(43)) - raft.server.staging.catchup.gap = 1000 (default)
2019-09-20 14:24:18,607 [e0033df1-dced-4562-b4c4-a94a3cb6c131:group-13CF0B0FEC25:LeaderElection45] INFO  server.RaftServerConfigKeys (ConfUtils.java:logGet(43)) - raft.server.rpc.sleep.time = 25ms (default)
2019-09-20 14:24:18,608 [e0033df1-dced-4562-b4c4-a94a3cb6c131:group-13CF0B0FEC25:LeaderElection45] INFO  server.RaftServerConfigKeys (ConfUtils.java:logGet(43)) - raft.server.write.element-limit = 4096 (default)
2019-09-20 14:24:18,608 [e0033df1-dced-4562-b4c4-a94a3cb6c131:group-13CF0B0FEC25:LeaderElection45] INFO  server.RaftServerConfigKeys (ConfUtils.java:logGet(43)) - raft.server.watch.timeout = 10s (default)
2019-09-20 14:24:18,608 [e0033df1-dced-4562-b4c4-a94a3cb6c131:group-13CF0B0FEC25:LeaderElection45] INFO  server.RaftServerConfigKeys (ConfUtils.java:logGet(43)) - raft.server.watch.timeout.denomination = 1s (default)
2019-09-20 14:24:18,608 [e0033df1-dced-4562-b4c4-a94a3cb6c131:group-13CF0B0FEC25:LeaderElection45] INFO  server.RaftServerConfigKeys (ConfUtils.java:logGet(43)) - raft.server.watch.element-limit = 65536 (default)
2019-09-20 14:24:18,608 [e0033df1-dced-4562-b4c4-a94a3cb6c131:group-13CF0B0FEC25:LeaderElection45] INFO  impl.RoleInfo (RoleInfo.java:updateAndGet(143)) - e0033df1-dced-4562-b4c4-a94a3cb6c131: start LeaderState
2019-09-20 14:24:18,609 [e0033df1-dced-4562-b4c4-a94a3cb6c131:group-13CF0B0FEC25:LeaderElection45] INFO  segmented.SegmentedRaftLogWorker (SegmentedRaftLogWorker.java:startLogSegment(380)) - e0033df1-dced-4562-b4c4-a94a3cb6c131-SegmentedRaftLogWorker:Storage Directory /workdir/hadoop-ozone/ozonefs/target/test-dir/MiniOzoneClusterImpl-72e1902e-de17-4929-8ada-cc6049662493/datanode-7/data/ratis/d5ef2d56-4fdb-4e3f-8eba-13cf0b0fec25: Starting segment from index:0
2019-09-20 14:24:18,609 [e0033df1-dced-4562-b4c4-a94a3cb6c131:group-13CF0B0FEC25:LeaderElection45] INFO  impl.RaftServerImpl (ServerState.java:setRaftConf(361)) - e0033df1-dced-4562-b4c4-a94a3cb6c131:group-13CF0B0FEC25 set configuration 0: [e0033df1-dced-4562-b4c4-a94a3cb6c131:192.168.36.99:39317], old=null at 0
2019-09-20 14:24:18,668 | INFO  | SCMAudit | user=jenkins1000 | ip=192.168.36.99 | op=SEND_HEARTBEAT {datanodeUUID=f44a1c99-f9ac-4ca4-85ec-e98b84e0ebc2, command=[]} | ret=SUCCESS |  
2019-09-20 14:24:18,668 | INFO  | SCMAudit | user=jenkins1000 | ip=192.168.36.99 | op=SEND_HEARTBEAT {datanodeUUID=ea2f062a-dcfd-4d75-88ac-6c4e2f0364da, command=[]} | ret=SUCCESS |  
2019-09-20 14:24:18,677 [Thread-423] INFO  impl.FollowerState (FollowerState.java:run(106)) - e0033df1-dced-4562-b4c4-a94a3cb6c131:group-8FCC0BF9148D changes to CANDIDATE, lastRpcTime:5169, electionTimeout:5169ms
2019-09-20 14:24:18,677 [Thread-423] INFO  impl.RoleInfo (RoleInfo.java:shutdownFollowerState(121)) - e0033df1-dced-4562-b4c4-a94a3cb6c131: shutdown FollowerState
2019-09-20 14:24:18,677 [Thread-423] INFO  impl.RaftServerImpl (RaftServerImpl.java:setRole(171)) - e0033df1-dced-4562-b4c4-a94a3cb6c131:group-8FCC0BF9148D changes role from FOLLOWER to CANDIDATE at term 0 for changeToCandidate
2019-09-20 14:24:18,678 [Thread-423] INFO  impl.RoleInfo (RoleInfo.java:updateAndGet(143)) - e0033df1-dced-4562-b4c4-a94a3cb6c131: start LeaderElection
2019-09-20 14:24:18,682 [e0033df1-dced-4562-b4c4-a94a3cb6c131-SegmentedRaftLogWorker:Storage Directory /workdir/hadoop-ozone/ozonefs/target/test-dir/MiniOzoneClusterImpl-72e1902e-de17-4929-8ada-cc6049662493/datanode-7/data/ratis/d5ef2d56-4fdb-4e3f-8eba-13cf0b0fec25] INFO  segmented.SegmentedRaftLogWorker (SegmentedRaftLogWorker.java:execute(569)) - e0033df1-dced-4562-b4c4-a94a3cb6c131-SegmentedRaftLogWorker:Storage Directory /workdir/hadoop-ozone/ozonefs/target/test-dir/MiniOzoneClusterImpl-72e1902e-de17-4929-8ada-cc6049662493/datanode-7/data/ratis/d5ef2d56-4fdb-4e3f-8eba-13cf0b0fec25: created new log segment /workdir/hadoop-ozone/ozonefs/target/test-dir/MiniOzoneClusterImpl-72e1902e-de17-4929-8ada-cc6049662493/datanode-7/data/ratis/d5ef2d56-4fdb-4e3f-8eba-13cf0b0fec25/current/log_inprogress_0
2019-09-20 14:24:18,707 [e0033df1-dced-4562-b4c4-a94a3cb6c131:group-8FCC0BF9148D:LeaderElection46] INFO  impl.LeaderElection (LeaderElection.java:askForVotes(181)) - e0033df1-dced-4562-b4c4-a94a3cb6c131:group-8FCC0BF9148D:LeaderElection46: begin an election at term 1 for -1: [e0033df1-dced-4562-b4c4-a94a3cb6c131:192.168.36.99:39317], old=null
2019-09-20 14:24:18,707 [e0033df1-dced-4562-b4c4-a94a3cb6c131:group-8FCC0BF9148D:LeaderElection46] INFO  impl.RoleInfo (RoleInfo.java:shutdownLeaderElection(134)) - e0033df1-dced-4562-b4c4-a94a3cb6c131: shutdown LeaderElection
2019-09-20 14:24:18,707 [e0033df1-dced-4562-b4c4-a94a3cb6c131:group-8FCC0BF9148D:LeaderElection46] INFO  impl.RaftServerImpl (RaftServerImpl.java:setRole(171)) - e0033df1-dced-4562-b4c4-a94a3cb6c131:group-8FCC0BF9148D changes role from CANDIDATE to LEADER at term 1 for changeToLeader
2019-09-20 14:24:18,707 [e0033df1-dced-4562-b4c4-a94a3cb6c131:group-8FCC0BF9148D:LeaderElection46] INFO  impl.RaftServerImpl (ServerState.java:setLeader(263)) - e0033df1-dced-4562-b4c4-a94a3cb6c131:group-8FCC0BF9148D change Leader from null to e0033df1-dced-4562-b4c4-a94a3cb6c131 at term 1 for becomeLeader, leader elected after 5204ms
2019-09-20 14:24:18,708 [e0033df1-dced-4562-b4c4-a94a3cb6c131:group-8FCC0BF9148D:LeaderElection46] INFO  server.RaftServerConfigKeys (ConfUtils.java:logGet(43)) - raft.server.staging.catchup.gap = 1000 (default)
2019-09-20 14:24:18,708 [e0033df1-dced-4562-b4c4-a94a3cb6c131:group-8FCC0BF9148D:LeaderElection46] INFO  server.RaftServerConfigKeys (ConfUtils.java:logGet(43)) - raft.server.rpc.sleep.time = 25ms (default)
2019-09-20 14:24:18,708 [e0033df1-dced-4562-b4c4-a94a3cb6c131:group-8FCC0BF9148D:LeaderElection46] INFO  server.RaftServerConfigKeys (ConfUtils.java:logGet(43)) - raft.server.write.element-limit = 4096 (default)
2019-09-20 14:24:18,708 [e0033df1-dced-4562-b4c4-a94a3cb6c131:group-8FCC0BF9148D:LeaderElection46] INFO  server.RaftServerConfigKeys (ConfUtils.java:logGet(43)) - raft.server.watch.timeout = 10s (default)
2019-09-20 14:24:18,708 [e0033df1-dced-4562-b4c4-a94a3cb6c131:group-8FCC0BF9148D:LeaderElection46] INFO  server.RaftServerConfigKeys (ConfUtils.java:logGet(43)) - raft.server.watch.timeout.denomination = 1s (default)
2019-09-20 14:24:18,708 [e0033df1-dced-4562-b4c4-a94a3cb6c131:group-8FCC0BF9148D:LeaderElection46] INFO  server.RaftServerConfigKeys (ConfUtils.java:logGet(43)) - raft.server.watch.element-limit = 65536 (default)
2019-09-20 14:24:18,709 [e0033df1-dced-4562-b4c4-a94a3cb6c131:group-8FCC0BF9148D:LeaderElection46] INFO  impl.RoleInfo (RoleInfo.java:updateAndGet(143)) - e0033df1-dced-4562-b4c4-a94a3cb6c131: start LeaderState
2019-09-20 14:24:18,709 [e0033df1-dced-4562-b4c4-a94a3cb6c131:group-8FCC0BF9148D:LeaderElection46] INFO  segmented.SegmentedRaftLogWorker (SegmentedRaftLogWorker.java:startLogSegment(380)) - e0033df1-dced-4562-b4c4-a94a3cb6c131-SegmentedRaftLogWorker:Storage Directory /workdir/hadoop-ozone/ozonefs/target/test-dir/MiniOzoneClusterImpl-72e1902e-de17-4929-8ada-cc6049662493/datanode-7/data/ratis/5efb6455-525b-4f3d-bfc0-8fcc0bf9148d: Starting segment from index:0
2019-09-20 14:24:18,709 [e0033df1-dced-4562-b4c4-a94a3cb6c131:group-8FCC0BF9148D:LeaderElection46] INFO  impl.RaftServerImpl (ServerState.java:setRaftConf(361)) - e0033df1-dced-4562-b4c4-a94a3cb6c131:group-8FCC0BF9148D set configuration 0: [e0033df1-dced-4562-b4c4-a94a3cb6c131:192.168.36.99:39317], old=null at 0
2019-09-20 14:24:18,774 [e0033df1-dced-4562-b4c4-a94a3cb6c131-SegmentedRaftLogWorker:Storage Directory /workdir/hadoop-ozone/ozonefs/target/test-dir/MiniOzoneClusterImpl-72e1902e-de17-4929-8ada-cc6049662493/datanode-7/data/ratis/5efb6455-525b-4f3d-bfc0-8fcc0bf9148d] INFO  segmented.SegmentedRaftLogWorker (SegmentedRaftLogWorker.java:execute(569)) - e0033df1-dced-4562-b4c4-a94a3cb6c131-SegmentedRaftLogWorker:Storage Directory /workdir/hadoop-ozone/ozonefs/target/test-dir/MiniOzoneClusterImpl-72e1902e-de17-4929-8ada-cc6049662493/datanode-7/data/ratis/5efb6455-525b-4f3d-bfc0-8fcc0bf9148d: created new log segment /workdir/hadoop-ozone/ozonefs/target/test-dir/MiniOzoneClusterImpl-72e1902e-de17-4929-8ada-cc6049662493/datanode-7/data/ratis/5efb6455-525b-4f3d-bfc0-8fcc0bf9148d/current/log_inprogress_0
2019-09-20 14:24:18,776 [Thread-426] INFO  impl.FollowerState (FollowerState.java:run(106)) - 9101a5c2-dfb1-4c31-830b-4c77eb758348:group-99346490130B changes to CANDIDATE, lastRpcTime:5200, electionTimeout:5200ms
2019-09-20 14:24:18,776 [Thread-426] INFO  impl.RoleInfo (RoleInfo.java:shutdownFollowerState(121)) - 9101a5c2-dfb1-4c31-830b-4c77eb758348: shutdown FollowerState
2019-09-20 14:24:18,776 [Thread-426] INFO  impl.RaftServerImpl (RaftServerImpl.java:setRole(171)) - 9101a5c2-dfb1-4c31-830b-4c77eb758348:group-99346490130B changes role from FOLLOWER to CANDIDATE at term 0 for changeToCandidate
2019-09-20 14:24:18,777 [Thread-426] INFO  impl.RoleInfo (RoleInfo.java:updateAndGet(143)) - 9101a5c2-dfb1-4c31-830b-4c77eb758348: start LeaderElection
2019-09-20 14:24:18,796 [Thread-432] INFO  impl.FollowerState (FollowerState.java:run(106)) - f44a1c99-f9ac-4ca4-85ec-e98b84e0ebc2:group-665B61345E5E changes to CANDIDATE, lastRpcTime:5027, electionTimeout:5027ms
2019-09-20 14:24:18,796 [Thread-432] INFO  impl.RoleInfo (RoleInfo.java:shutdownFollowerState(121)) - f44a1c99-f9ac-4ca4-85ec-e98b84e0ebc2: shutdown FollowerState
2019-09-20 14:24:18,797 [Thread-432] INFO  impl.RaftServerImpl (RaftServerImpl.java:setRole(171)) - f44a1c99-f9ac-4ca4-85ec-e98b84e0ebc2:group-665B61345E5E changes role from FOLLOWER to CANDIDATE at term 0 for changeToCandidate
2019-09-20 14:24:18,797 [Thread-432] INFO  impl.RoleInfo (RoleInfo.java:updateAndGet(143)) - f44a1c99-f9ac-4ca4-85ec-e98b84e0ebc2: start LeaderElection
2019-09-20 14:24:18,798 | INFO  | SCMAudit | user=jenkins1000 | ip=192.168.36.99 | op=SEND_HEARTBEAT {datanodeUUID=926b0f41-0722-49ff-a592-68b703f22f49, command=[]} | ret=SUCCESS |  
2019-09-20 14:24:18,799 [9101a5c2-dfb1-4c31-830b-4c77eb758348:group-99346490130B:LeaderElection47] INFO  impl.LeaderElection (LeaderElection.java:askForVotes(181)) - 9101a5c2-dfb1-4c31-830b-4c77eb758348:group-99346490130B:LeaderElection47: begin an election at term 1 for -1: [9101a5c2-dfb1-4c31-830b-4c77eb758348:192.168.36.99:35572], old=null
2019-09-20 14:24:18,800 [9101a5c2-dfb1-4c31-830b-4c77eb758348:group-99346490130B:LeaderElection47] INFO  impl.RoleInfo (RoleInfo.java:shutdownLeaderElection(134)) - 9101a5c2-dfb1-4c31-830b-4c77eb758348: shutdown LeaderElection
2019-09-20 14:24:18,800 [9101a5c2-dfb1-4c31-830b-4c77eb758348:group-99346490130B:LeaderElection47] INFO  impl.RaftServerImpl (RaftServerImpl.java:setRole(171)) - 9101a5c2-dfb1-4c31-830b-4c77eb758348:group-99346490130B changes role from CANDIDATE to LEADER at term 1 for changeToLeader
2019-09-20 14:24:18,800 [9101a5c2-dfb1-4c31-830b-4c77eb758348:group-99346490130B:LeaderElection47] INFO  impl.RaftServerImpl (ServerState.java:setLeader(263)) - 9101a5c2-dfb1-4c31-830b-4c77eb758348:group-99346490130B change Leader from null to 9101a5c2-dfb1-4c31-830b-4c77eb758348 at term 1 for becomeLeader, leader elected after 5229ms
2019-09-20 14:24:18,800 [9101a5c2-dfb1-4c31-830b-4c77eb758348:group-99346490130B:LeaderElection47] INFO  server.RaftServerConfigKeys (ConfUtils.java:logGet(43)) - raft.server.staging.catchup.gap = 1000 (default)
2019-09-20 14:24:18,800 [9101a5c2-dfb1-4c31-830b-4c77eb758348:group-99346490130B:LeaderElection47] INFO  server.RaftServerConfigKeys (ConfUtils.java:logGet(43)) - raft.server.rpc.sleep.time = 25ms (default)
2019-09-20 14:24:18,800 [9101a5c2-dfb1-4c31-830b-4c77eb758348:group-99346490130B:LeaderElection47] INFO  server.RaftServerConfigKeys (ConfUtils.java:logGet(43)) - raft.server.write.element-limit = 4096 (default)
2019-09-20 14:24:18,800 [9101a5c2-dfb1-4c31-830b-4c77eb758348:group-99346490130B:LeaderElection47] INFO  server.RaftServerConfigKeys (ConfUtils.java:logGet(43)) - raft.server.watch.timeout = 10s (default)
2019-09-20 14:24:18,801 [9101a5c2-dfb1-4c31-830b-4c77eb758348:group-99346490130B:LeaderElection47] INFO  server.RaftServerConfigKeys (ConfUtils.java:logGet(43)) - raft.server.watch.timeout.denomination = 1s (default)
2019-09-20 14:24:18,801 [9101a5c2-dfb1-4c31-830b-4c77eb758348:group-99346490130B:LeaderElection47] INFO  server.RaftServerConfigKeys (ConfUtils.java:logGet(43)) - raft.server.watch.element-limit = 65536 (default)
2019-09-20 14:24:18,801 [9101a5c2-dfb1-4c31-830b-4c77eb758348:group-99346490130B:LeaderElection47] INFO  impl.RoleInfo (RoleInfo.java:updateAndGet(143)) - 9101a5c2-dfb1-4c31-830b-4c77eb758348: start LeaderState
2019-09-20 14:24:18,801 [9101a5c2-dfb1-4c31-830b-4c77eb758348:group-99346490130B:LeaderElection47] INFO  segmented.SegmentedRaftLogWorker (SegmentedRaftLogWorker.java:startLogSegment(380)) - 9101a5c2-dfb1-4c31-830b-4c77eb758348-SegmentedRaftLogWorker:Storage Directory /workdir/hadoop-ozone/ozonefs/target/test-dir/MiniOzoneClusterImpl-72e1902e-de17-4929-8ada-cc6049662493/datanode-6/data/ratis/425b740c-508d-4148-9471-99346490130b: Starting segment from index:0
2019-09-20 14:24:18,802 [9101a5c2-dfb1-4c31-830b-4c77eb758348:group-99346490130B:LeaderElection47] INFO  impl.RaftServerImpl (ServerState.java:setRaftConf(361)) - 9101a5c2-dfb1-4c31-830b-4c77eb758348:group-99346490130B set configuration 0: [9101a5c2-dfb1-4c31-830b-4c77eb758348:192.168.36.99:35572], old=null at 0
2019-09-20 14:24:18,826 [f44a1c99-f9ac-4ca4-85ec-e98b84e0ebc2:group-665B61345E5E:LeaderElection48] INFO  impl.LeaderElection (LeaderElection.java:askForVotes(181)) - f44a1c99-f9ac-4ca4-85ec-e98b84e0ebc2:group-665B61345E5E:LeaderElection48: begin an election at term 1 for -1: [f44a1c99-f9ac-4ca4-85ec-e98b84e0ebc2:192.168.36.99:39362], old=null
2019-09-20 14:24:18,826 [f44a1c99-f9ac-4ca4-85ec-e98b84e0ebc2:group-665B61345E5E:LeaderElection48] INFO  impl.RoleInfo (RoleInfo.java:shutdownLeaderElection(134)) - f44a1c99-f9ac-4ca4-85ec-e98b84e0ebc2: shutdown LeaderElection
2019-09-20 14:24:18,826 [f44a1c99-f9ac-4ca4-85ec-e98b84e0ebc2:group-665B61345E5E:LeaderElection48] INFO  impl.RaftServerImpl (RaftServerImpl.java:setRole(171)) - f44a1c99-f9ac-4ca4-85ec-e98b84e0ebc2:group-665B61345E5E changes role from CANDIDATE to LEADER at term 1 for changeToLeader
2019-09-20 14:24:18,826 [f44a1c99-f9ac-4ca4-85ec-e98b84e0ebc2:group-665B61345E5E:LeaderElection48] INFO  impl.RaftServerImpl (ServerState.java:setLeader(263)) - f44a1c99-f9ac-4ca4-85ec-e98b84e0ebc2:group-665B61345E5E change Leader from null to f44a1c99-f9ac-4ca4-85ec-e98b84e0ebc2 at term 1 for becomeLeader, leader elected after 5061ms
2019-09-20 14:24:18,826 [f44a1c99-f9ac-4ca4-85ec-e98b84e0ebc2:group-665B61345E5E:LeaderElection48] INFO  server.RaftServerConfigKeys (ConfUtils.java:logGet(43)) - raft.server.staging.catchup.gap = 1000 (default)
2019-09-20 14:24:18,826 [f44a1c99-f9ac-4ca4-85ec-e98b84e0ebc2:group-665B61345E5E:LeaderElection48] INFO  server.RaftServerConfigKeys (ConfUtils.java:logGet(43)) - raft.server.rpc.sleep.time = 25ms (default)
2019-09-20 14:24:18,826 [f44a1c99-f9ac-4ca4-85ec-e98b84e0ebc2:group-665B61345E5E:LeaderElection48] INFO  server.RaftServerConfigKeys (ConfUtils.java:logGet(43)) - raft.server.write.element-limit = 4096 (default)
2019-09-20 14:24:18,827 [f44a1c99-f9ac-4ca4-85ec-e98b84e0ebc2:group-665B61345E5E:LeaderElection48] INFO  server.RaftServerConfigKeys (ConfUtils.java:logGet(43)) - raft.server.watch.timeout = 10s (default)
2019-09-20 14:24:18,827 [f44a1c99-f9ac-4ca4-85ec-e98b84e0ebc2:group-665B61345E5E:LeaderElection48] INFO  server.RaftServerConfigKeys (ConfUtils.java:logGet(43)) - raft.server.watch.timeout.denomination = 1s (default)
2019-09-20 14:24:18,827 [f44a1c99-f9ac-4ca4-85ec-e98b84e0ebc2:group-665B61345E5E:LeaderElection48] INFO  server.RaftServerConfigKeys (ConfUtils.java:logGet(43)) - raft.server.watch.element-limit = 65536 (default)
2019-09-20 14:24:18,827 [f44a1c99-f9ac-4ca4-85ec-e98b84e0ebc2:group-665B61345E5E:LeaderElection48] INFO  impl.RoleInfo (RoleInfo.java:updateAndGet(143)) - f44a1c99-f9ac-4ca4-85ec-e98b84e0ebc2: start LeaderState
2019-09-20 14:24:18,827 [f44a1c99-f9ac-4ca4-85ec-e98b84e0ebc2:group-665B61345E5E:LeaderElection48] INFO  segmented.SegmentedRaftLogWorker (SegmentedRaftLogWorker.java:startLogSegment(380)) - f44a1c99-f9ac-4ca4-85ec-e98b84e0ebc2-SegmentedRaftLogWorker:Storage Directory /workdir/hadoop-ozone/ozonefs/target/test-dir/MiniOzoneClusterImpl-72e1902e-de17-4929-8ada-cc6049662493/datanode-5/data/ratis/18a3e7d5-3d3b-4ca1-b09b-665b61345e5e: Starting segment from index:0
2019-09-20 14:24:18,828 [f44a1c99-f9ac-4ca4-85ec-e98b84e0ebc2:group-665B61345E5E:LeaderElection48] INFO  impl.RaftServerImpl (ServerState.java:setRaftConf(361)) - f44a1c99-f9ac-4ca4-85ec-e98b84e0ebc2:group-665B61345E5E set configuration 0: [f44a1c99-f9ac-4ca4-85ec-e98b84e0ebc2:192.168.36.99:39362], old=null at 0
2019-09-20 14:24:18,840 [Thread-429] INFO  impl.FollowerState (FollowerState.java:run(106)) - fc92467e-4cd7-4ea6-9bfc-11250c30c0f6:group-52756270EA3F changes to CANDIDATE, lastRpcTime:5163, electionTimeout:5163ms
2019-09-20 14:24:18,841 [Thread-429] INFO  impl.RoleInfo (RoleInfo.java:shutdownFollowerState(121)) - fc92467e-4cd7-4ea6-9bfc-11250c30c0f6: shutdown FollowerState
2019-09-20 14:24:18,841 [Thread-429] INFO  impl.RaftServerImpl (RaftServerImpl.java:setRole(171)) - fc92467e-4cd7-4ea6-9bfc-11250c30c0f6:group-52756270EA3F changes role from FOLLOWER to CANDIDATE at term 0 for changeToCandidate
2019-09-20 14:24:18,841 [Thread-429] INFO  impl.RoleInfo (RoleInfo.java:updateAndGet(143)) - fc92467e-4cd7-4ea6-9bfc-11250c30c0f6: start LeaderElection
2019-09-20 14:24:18,893 [9101a5c2-dfb1-4c31-830b-4c77eb758348-SegmentedRaftLogWorker:Storage Directory /workdir/hadoop-ozone/ozonefs/target/test-dir/MiniOzoneClusterImpl-72e1902e-de17-4929-8ada-cc6049662493/datanode-6/data/ratis/425b740c-508d-4148-9471-99346490130b] INFO  segmented.SegmentedRaftLogWorker (SegmentedRaftLogWorker.java:execute(569)) - 9101a5c2-dfb1-4c31-830b-4c77eb758348-SegmentedRaftLogWorker:Storage Directory /workdir/hadoop-ozone/ozonefs/target/test-dir/MiniOzoneClusterImpl-72e1902e-de17-4929-8ada-cc6049662493/datanode-6/data/ratis/425b740c-508d-4148-9471-99346490130b: created new log segment /workdir/hadoop-ozone/ozonefs/target/test-dir/MiniOzoneClusterImpl-72e1902e-de17-4929-8ada-cc6049662493/datanode-6/data/ratis/425b740c-508d-4148-9471-99346490130b/current/log_inprogress_0
2019-09-20 14:24:18,893 [f44a1c99-f9ac-4ca4-85ec-e98b84e0ebc2-SegmentedRaftLogWorker:Storage Directory /workdir/hadoop-ozone/ozonefs/target/test-dir/MiniOzoneClusterImpl-72e1902e-de17-4929-8ada-cc6049662493/datanode-5/data/ratis/18a3e7d5-3d3b-4ca1-b09b-665b61345e5e] INFO  segmented.SegmentedRaftLogWorker (SegmentedRaftLogWorker.java:execute(569)) - f44a1c99-f9ac-4ca4-85ec-e98b84e0ebc2-SegmentedRaftLogWorker:Storage Directory /workdir/hadoop-ozone/ozonefs/target/test-dir/MiniOzoneClusterImpl-72e1902e-de17-4929-8ada-cc6049662493/datanode-5/data/ratis/18a3e7d5-3d3b-4ca1-b09b-665b61345e5e: created new log segment /workdir/hadoop-ozone/ozonefs/target/test-dir/MiniOzoneClusterImpl-72e1902e-de17-4929-8ada-cc6049662493/datanode-5/data/ratis/18a3e7d5-3d3b-4ca1-b09b-665b61345e5e/current/log_inprogress_0
2019-09-20 14:24:18,893 [fc92467e-4cd7-4ea6-9bfc-11250c30c0f6:group-52756270EA3F:LeaderElection49] INFO  impl.LeaderElection (LeaderElection.java:askForVotes(181)) - fc92467e-4cd7-4ea6-9bfc-11250c30c0f6:group-52756270EA3F:LeaderElection49: begin an election at term 1 for -1: [fc92467e-4cd7-4ea6-9bfc-11250c30c0f6:192.168.36.99:34828], old=null
2019-09-20 14:24:18,893 [fc92467e-4cd7-4ea6-9bfc-11250c30c0f6:group-52756270EA3F:LeaderElection49] INFO  impl.RoleInfo (RoleInfo.java:shutdownLeaderElection(134)) - fc92467e-4cd7-4ea6-9bfc-11250c30c0f6: shutdown LeaderElection
2019-09-20 14:24:18,893 [fc92467e-4cd7-4ea6-9bfc-11250c30c0f6:group-52756270EA3F:LeaderElection49] INFO  impl.RaftServerImpl (RaftServerImpl.java:setRole(171)) - fc92467e-4cd7-4ea6-9bfc-11250c30c0f6:group-52756270EA3F changes role from CANDIDATE to LEADER at term 1 for changeToLeader
2019-09-20 14:24:18,893 [fc92467e-4cd7-4ea6-9bfc-11250c30c0f6:group-52756270EA3F:LeaderElection49] INFO  impl.RaftServerImpl (ServerState.java:setLeader(263)) - fc92467e-4cd7-4ea6-9bfc-11250c30c0f6:group-52756270EA3F change Leader from null to fc92467e-4cd7-4ea6-9bfc-11250c30c0f6 at term 1 for becomeLeader, leader elected after 5221ms
2019-09-20 14:24:18,894 [fc92467e-4cd7-4ea6-9bfc-11250c30c0f6:group-52756270EA3F:LeaderElection49] INFO  server.RaftServerConfigKeys (ConfUtils.java:logGet(43)) - raft.server.staging.catchup.gap = 1000 (default)
2019-09-20 14:24:18,894 [fc92467e-4cd7-4ea6-9bfc-11250c30c0f6:group-52756270EA3F:LeaderElection49] INFO  server.RaftServerConfigKeys (ConfUtils.java:logGet(43)) - raft.server.rpc.sleep.time = 25ms (default)
2019-09-20 14:24:18,894 [fc92467e-4cd7-4ea6-9bfc-11250c30c0f6:group-52756270EA3F:LeaderElection49] INFO  server.RaftServerConfigKeys (ConfUtils.java:logGet(43)) - raft.server.write.element-limit = 4096 (default)
2019-09-20 14:24:18,894 [fc92467e-4cd7-4ea6-9bfc-11250c30c0f6:group-52756270EA3F:LeaderElection49] INFO  server.RaftServerConfigKeys (ConfUtils.java:logGet(43)) - raft.server.watch.timeout = 10s (default)
2019-09-20 14:24:18,894 [fc92467e-4cd7-4ea6-9bfc-11250c30c0f6:group-52756270EA3F:LeaderElection49] INFO  server.RaftServerConfigKeys (ConfUtils.java:logGet(43)) - raft.server.watch.timeout.denomination = 1s (default)
2019-09-20 14:24:18,894 [fc92467e-4cd7-4ea6-9bfc-11250c30c0f6:group-52756270EA3F:LeaderElection49] INFO  server.RaftServerConfigKeys (ConfUtils.java:logGet(43)) - raft.server.watch.element-limit = 65536 (default)
2019-09-20 14:24:18,894 [fc92467e-4cd7-4ea6-9bfc-11250c30c0f6:group-52756270EA3F:LeaderElection49] INFO  impl.RoleInfo (RoleInfo.java:updateAndGet(143)) - fc92467e-4cd7-4ea6-9bfc-11250c30c0f6: start LeaderState
2019-09-20 14:24:18,895 [fc92467e-4cd7-4ea6-9bfc-11250c30c0f6:group-52756270EA3F:LeaderElection49] INFO  segmented.SegmentedRaftLogWorker (SegmentedRaftLogWorker.java:startLogSegment(380)) - fc92467e-4cd7-4ea6-9bfc-11250c30c0f6-SegmentedRaftLogWorker:Storage Directory /workdir/hadoop-ozone/ozonefs/target/test-dir/MiniOzoneClusterImpl-72e1902e-de17-4929-8ada-cc6049662493/datanode-8/data/ratis/cd6db975-83dd-41c0-b118-52756270ea3f: Starting segment from index:0
2019-09-20 14:24:18,895 [fc92467e-4cd7-4ea6-9bfc-11250c30c0f6:group-52756270EA3F:LeaderElection49] INFO  impl.RaftServerImpl (ServerState.java:setRaftConf(361)) - fc92467e-4cd7-4ea6-9bfc-11250c30c0f6:group-52756270EA3F set configuration 0: [fc92467e-4cd7-4ea6-9bfc-11250c30c0f6:192.168.36.99:34828], old=null at 0
2019-09-20 14:24:18,922 [Thread-435] INFO  impl.FollowerState (FollowerState.java:run(106)) - f44a1c99-f9ac-4ca4-85ec-e98b84e0ebc2:group-F5F5E01931F3 changes to CANDIDATE, lastRpcTime:5084, electionTimeout:5084ms
2019-09-20 14:24:18,922 [Thread-435] INFO  impl.RoleInfo (RoleInfo.java:shutdownFollowerState(121)) - f44a1c99-f9ac-4ca4-85ec-e98b84e0ebc2: shutdown FollowerState
2019-09-20 14:24:18,922 [Thread-435] INFO  impl.RaftServerImpl (RaftServerImpl.java:setRole(171)) - f44a1c99-f9ac-4ca4-85ec-e98b84e0ebc2:group-F5F5E01931F3 changes role from FOLLOWER to CANDIDATE at term 0 for changeToCandidate
2019-09-20 14:24:18,922 [Thread-435] INFO  impl.RoleInfo (RoleInfo.java:updateAndGet(143)) - f44a1c99-f9ac-4ca4-85ec-e98b84e0ebc2: start LeaderElection
2019-09-20 14:24:18,929 [Thread-438] INFO  impl.FollowerState (FollowerState.java:run(106)) - e0033df1-dced-4562-b4c4-a94a3cb6c131:group-3D46DAD197A9 changes to CANDIDATE, lastRpcTime:5025, electionTimeout:5025ms
2019-09-20 14:24:18,929 [Thread-438] INFO  impl.RoleInfo (RoleInfo.java:shutdownFollowerState(121)) - e0033df1-dced-4562-b4c4-a94a3cb6c131: shutdown FollowerState
2019-09-20 14:24:18,929 [Thread-438] INFO  impl.RaftServerImpl (RaftServerImpl.java:setRole(171)) - e0033df1-dced-4562-b4c4-a94a3cb6c131:group-3D46DAD197A9 changes role from FOLLOWER to CANDIDATE at term 0 for changeToCandidate
2019-09-20 14:24:18,930 [Thread-438] INFO  impl.RoleInfo (RoleInfo.java:updateAndGet(143)) - e0033df1-dced-4562-b4c4-a94a3cb6c131: start LeaderElection
2019-09-20 14:24:18,960 [fc92467e-4cd7-4ea6-9bfc-11250c30c0f6-SegmentedRaftLogWorker:Storage Directory /workdir/hadoop-ozone/ozonefs/target/test-dir/MiniOzoneClusterImpl-72e1902e-de17-4929-8ada-cc6049662493/datanode-8/data/ratis/cd6db975-83dd-41c0-b118-52756270ea3f] INFO  segmented.SegmentedRaftLogWorker (SegmentedRaftLogWorker.java:execute(569)) - fc92467e-4cd7-4ea6-9bfc-11250c30c0f6-SegmentedRaftLogWorker:Storage Directory /workdir/hadoop-ozone/ozonefs/target/test-dir/MiniOzoneClusterImpl-72e1902e-de17-4929-8ada-cc6049662493/datanode-8/data/ratis/cd6db975-83dd-41c0-b118-52756270ea3f: created new log segment /workdir/hadoop-ozone/ozonefs/target/test-dir/MiniOzoneClusterImpl-72e1902e-de17-4929-8ada-cc6049662493/datanode-8/data/ratis/cd6db975-83dd-41c0-b118-52756270ea3f/current/log_inprogress_0
2019-09-20 14:24:18,960 [e0033df1-dced-4562-b4c4-a94a3cb6c131:group-3D46DAD197A9:LeaderElection51] INFO  impl.LeaderElection (LeaderElection.java:askForVotes(181)) - e0033df1-dced-4562-b4c4-a94a3cb6c131:group-3D46DAD197A9:LeaderElection51: begin an election at term 1 for -1: [e0033df1-dced-4562-b4c4-a94a3cb6c131:192.168.36.99:39317], old=null
2019-09-20 14:24:18,960 [f44a1c99-f9ac-4ca4-85ec-e98b84e0ebc2:group-F5F5E01931F3:LeaderElection50] INFO  impl.LeaderElection (LeaderElection.java:askForVotes(181)) - f44a1c99-f9ac-4ca4-85ec-e98b84e0ebc2:group-F5F5E01931F3:LeaderElection50: begin an election at term 1 for -1: [f44a1c99-f9ac-4ca4-85ec-e98b84e0ebc2:192.168.36.99:39362], old=null
2019-09-20 14:24:18,960 [e0033df1-dced-4562-b4c4-a94a3cb6c131:group-3D46DAD197A9:LeaderElection51] INFO  impl.RoleInfo (RoleInfo.java:shutdownLeaderElection(134)) - e0033df1-dced-4562-b4c4-a94a3cb6c131: shutdown LeaderElection
2019-09-20 14:24:18,960 [f44a1c99-f9ac-4ca4-85ec-e98b84e0ebc2:group-F5F5E01931F3:LeaderElection50] INFO  impl.RoleInfo (RoleInfo.java:shutdownLeaderElection(134)) - f44a1c99-f9ac-4ca4-85ec-e98b84e0ebc2: shutdown LeaderElection
2019-09-20 14:24:18,960 [e0033df1-dced-4562-b4c4-a94a3cb6c131:group-3D46DAD197A9:LeaderElection51] INFO  impl.RaftServerImpl (RaftServerImpl.java:setRole(171)) - e0033df1-dced-4562-b4c4-a94a3cb6c131:group-3D46DAD197A9 changes role from CANDIDATE to LEADER at term 1 for changeToLeader
2019-09-20 14:24:18,960 [f44a1c99-f9ac-4ca4-85ec-e98b84e0ebc2:group-F5F5E01931F3:LeaderElection50] INFO  impl.RaftServerImpl (RaftServerImpl.java:setRole(171)) - f44a1c99-f9ac-4ca4-85ec-e98b84e0ebc2:group-F5F5E01931F3 changes role from CANDIDATE to LEADER at term 1 for changeToLeader
2019-09-20 14:24:18,961 [e0033df1-dced-4562-b4c4-a94a3cb6c131:group-3D46DAD197A9:LeaderElection51] INFO  impl.RaftServerImpl (ServerState.java:setLeader(263)) - e0033df1-dced-4562-b4c4-a94a3cb6c131:group-3D46DAD197A9 change Leader from null to e0033df1-dced-4562-b4c4-a94a3cb6c131 at term 1 for becomeLeader, leader elected after 5061ms
2019-09-20 14:24:18,961 [f44a1c99-f9ac-4ca4-85ec-e98b84e0ebc2:group-F5F5E01931F3:LeaderElection50] INFO  impl.RaftServerImpl (ServerState.java:setLeader(263)) - f44a1c99-f9ac-4ca4-85ec-e98b84e0ebc2:group-F5F5E01931F3 change Leader from null to f44a1c99-f9ac-4ca4-85ec-e98b84e0ebc2 at term 1 for becomeLeader, leader elected after 5128ms
2019-09-20 14:24:18,961 [f44a1c99-f9ac-4ca4-85ec-e98b84e0ebc2:group-F5F5E01931F3:LeaderElection50] INFO  server.RaftServerConfigKeys (ConfUtils.java:logGet(43)) - raft.server.staging.catchup.gap = 1000 (default)
2019-09-20 14:24:18,961 [e0033df1-dced-4562-b4c4-a94a3cb6c131:group-3D46DAD197A9:LeaderElection51] INFO  server.RaftServerConfigKeys (ConfUtils.java:logGet(43)) - raft.server.staging.catchup.gap = 1000 (default)
2019-09-20 14:24:18,961 [f44a1c99-f9ac-4ca4-85ec-e98b84e0ebc2:group-F5F5E01931F3:LeaderElection50] INFO  server.RaftServerConfigKeys (ConfUtils.java:logGet(43)) - raft.server.rpc.sleep.time = 25ms (default)
2019-09-20 14:24:18,961 [e0033df1-dced-4562-b4c4-a94a3cb6c131:group-3D46DAD197A9:LeaderElection51] INFO  server.RaftServerConfigKeys (ConfUtils.java:logGet(43)) - raft.server.rpc.sleep.time = 25ms (default)
2019-09-20 14:24:18,961 [f44a1c99-f9ac-4ca4-85ec-e98b84e0ebc2:group-F5F5E01931F3:LeaderElection50] INFO  server.RaftServerConfigKeys (ConfUtils.java:logGet(43)) - raft.server.write.element-limit = 4096 (default)
2019-09-20 14:24:18,962 [e0033df1-dced-4562-b4c4-a94a3cb6c131:group-3D46DAD197A9:LeaderElection51] INFO  server.RaftServerConfigKeys (ConfUtils.java:logGet(43)) - raft.server.write.element-limit = 4096 (default)
2019-09-20 14:24:18,962 [f44a1c99-f9ac-4ca4-85ec-e98b84e0ebc2:group-F5F5E01931F3:LeaderElection50] INFO  server.RaftServerConfigKeys (ConfUtils.java:logGet(43)) - raft.server.watch.timeout = 10s (default)
2019-09-20 14:24:18,962 [e0033df1-dced-4562-b4c4-a94a3cb6c131:group-3D46DAD197A9:LeaderElection51] INFO  server.RaftServerConfigKeys (ConfUtils.java:logGet(43)) - raft.server.watch.timeout = 10s (default)
2019-09-20 14:24:18,962 [f44a1c99-f9ac-4ca4-85ec-e98b84e0ebc2:group-F5F5E01931F3:LeaderElection50] INFO  server.RaftServerConfigKeys (ConfUtils.java:logGet(43)) - raft.server.watch.timeout.denomination = 1s (default)
2019-09-20 14:24:18,962 [e0033df1-dced-4562-b4c4-a94a3cb6c131:group-3D46DAD197A9:LeaderElection51] INFO  server.RaftServerConfigKeys (ConfUtils.java:logGet(43)) - raft.server.watch.timeout.denomination = 1s (default)
2019-09-20 14:24:18,962 [f44a1c99-f9ac-4ca4-85ec-e98b84e0ebc2:group-F5F5E01931F3:LeaderElection50] INFO  server.RaftServerConfigKeys (ConfUtils.java:logGet(43)) - raft.server.watch.element-limit = 65536 (default)
2019-09-20 14:24:18,962 [e0033df1-dced-4562-b4c4-a94a3cb6c131:group-3D46DAD197A9:LeaderElection51] INFO  server.RaftServerConfigKeys (ConfUtils.java:logGet(43)) - raft.server.watch.element-limit = 65536 (default)
2019-09-20 14:24:18,962 [f44a1c99-f9ac-4ca4-85ec-e98b84e0ebc2:group-F5F5E01931F3:LeaderElection50] INFO  impl.RoleInfo (RoleInfo.java:updateAndGet(143)) - f44a1c99-f9ac-4ca4-85ec-e98b84e0ebc2: start LeaderState
2019-09-20 14:24:18,962 [e0033df1-dced-4562-b4c4-a94a3cb6c131:group-3D46DAD197A9:LeaderElection51] INFO  impl.RoleInfo (RoleInfo.java:updateAndGet(143)) - e0033df1-dced-4562-b4c4-a94a3cb6c131: start LeaderState
2019-09-20 14:24:18,963 [f44a1c99-f9ac-4ca4-85ec-e98b84e0ebc2:group-F5F5E01931F3:LeaderElection50] INFO  segmented.SegmentedRaftLogWorker (SegmentedRaftLogWorker.java:startLogSegment(380)) - f44a1c99-f9ac-4ca4-85ec-e98b84e0ebc2-SegmentedRaftLogWorker:Storage Directory /workdir/hadoop-ozone/ozonefs/target/test-dir/MiniOzoneClusterImpl-72e1902e-de17-4929-8ada-cc6049662493/datanode-5/data/ratis/82a36625-3225-4ecb-945e-f5f5e01931f3: Starting segment from index:0
2019-09-20 14:24:18,963 [e0033df1-dced-4562-b4c4-a94a3cb6c131:group-3D46DAD197A9:LeaderElection51] INFO  segmented.SegmentedRaftLogWorker (SegmentedRaftLogWorker.java:startLogSegment(380)) - e0033df1-dced-4562-b4c4-a94a3cb6c131-SegmentedRaftLogWorker:Storage Directory /workdir/hadoop-ozone/ozonefs/target/test-dir/MiniOzoneClusterImpl-72e1902e-de17-4929-8ada-cc6049662493/datanode-7/data/ratis/13b8a03f-df20-4679-b137-3d46dad197a9: Starting segment from index:0
2019-09-20 14:24:18,963 [f44a1c99-f9ac-4ca4-85ec-e98b84e0ebc2:group-F5F5E01931F3:LeaderElection50] INFO  impl.RaftServerImpl (ServerState.java:setRaftConf(361)) - f44a1c99-f9ac-4ca4-85ec-e98b84e0ebc2:group-F5F5E01931F3 set configuration 0: [f44a1c99-f9ac-4ca4-85ec-e98b84e0ebc2:192.168.36.99:39362], old=null at 0
2019-09-20 14:24:18,963 [e0033df1-dced-4562-b4c4-a94a3cb6c131:group-3D46DAD197A9:LeaderElection51] INFO  impl.RaftServerImpl (ServerState.java:setRaftConf(361)) - e0033df1-dced-4562-b4c4-a94a3cb6c131:group-3D46DAD197A9 set configuration 0: [e0033df1-dced-4562-b4c4-a94a3cb6c131:192.168.36.99:39317], old=null at 0
2019-09-20 14:24:18,969 | INFO  | SCMAudit | user=jenkins1000 | ip=192.168.36.99 | op=SEND_HEARTBEAT {datanodeUUID=9101a5c2-dfb1-4c31-830b-4c77eb758348, command=[]} | ret=SUCCESS |  
2019-09-20 14:24:19,431 [Thread-448] INFO  impl.FollowerState (FollowerState.java:run(106)) - fc92467e-4cd7-4ea6-9bfc-11250c30c0f6:group-EC441FCAAB2F changes to CANDIDATE, lastRpcTime:5337, electionTimeout:5060ms
2019-09-20 14:24:19,431 [Thread-442] WARN  util.JavaUtils (JavaUtils.java:sleep(250)) - Unexpected long sleep: sleep(5109ms) actually took 5440ms which is over the threshold 300ms
2019-09-20 14:24:19,431 [Thread-448] INFO  impl.RoleInfo (RoleInfo.java:shutdownFollowerState(121)) - fc92467e-4cd7-4ea6-9bfc-11250c30c0f6: shutdown FollowerState
2019-09-20 14:24:19,432 [Thread-448] INFO  impl.RaftServerImpl (RaftServerImpl.java:setRole(171)) - fc92467e-4cd7-4ea6-9bfc-11250c30c0f6:group-EC441FCAAB2F changes role from FOLLOWER to CANDIDATE at term 0 for changeToCandidate
2019-09-20 14:24:19,432 [Thread-451] INFO  impl.FollowerState (FollowerState.java:run(106)) - fc92467e-4cd7-4ea6-9bfc-11250c30c0f6:group-3C0685283ECC changes to CANDIDATE, lastRpcTime:5241, electionTimeout:5085ms
2019-09-20 14:24:19,432 [Thread-451] INFO  impl.RoleInfo (RoleInfo.java:shutdownFollowerState(121)) - fc92467e-4cd7-4ea6-9bfc-11250c30c0f6: shutdown FollowerState
2019-09-20 14:24:20,388 | INFO  | SCMAudit | user=jenkins1000 | ip=192.168.36.99 | op=SEND_HEARTBEAT {datanodeUUID=fc92467e-4cd7-4ea6-9bfc-11250c30c0f6, command=[]} | ret=SUCCESS |  
2019-09-20 14:24:20,388 | INFO  | SCMAudit | user=jenkins1000 | ip=192.168.36.99 | op=SEND_HEARTBEAT {datanodeUUID=4b9e2e33-9606-42c4-a38b-d8e2568a9ed5, command=[]} | ret=SUCCESS |  
2019-09-20 14:24:20,393 | INFO  | SCMAudit | user=jenkins1000 | ip=192.168.36.99 | op=SEND_HEARTBEAT {datanodeUUID=93651a45-ffa4-4bae-ae49-6429ae7182bc, command=[]} | ret=SUCCESS |  
2019-09-20 14:24:20,393 [Thread-448] INFO  impl.RoleInfo (RoleInfo.java:updateAndGet(143)) - fc92467e-4cd7-4ea6-9bfc-11250c30c0f6: start LeaderElection
2019-09-20 14:24:20,394 | INFO  | SCMAudit | user=jenkins1000 | ip=192.168.36.99 | op=SEND_HEARTBEAT {datanodeUUID=926b0f41-0722-49ff-a592-68b703f22f49, command=[]} | ret=SUCCESS |  
2019-09-20 14:24:20,394 | INFO  | SCMAudit | user=jenkins1000 | ip=192.168.36.99 | op=SEND_HEARTBEAT {datanodeUUID=c0a66530-d43a-4ae5-bdbb-2b9936068aaa, command=[]} | ret=SUCCESS |  
2019-09-20 14:24:20,393 [f44a1c99-f9ac-4ca4-85ec-e98b84e0ebc2-SegmentedRaftLogWorker:Storage Directory /workdir/hadoop-ozone/ozonefs/target/test-dir/MiniOzoneClusterImpl-72e1902e-de17-4929-8ada-cc6049662493/datanode-5/data/ratis/82a36625-3225-4ecb-945e-f5f5e01931f3] INFO  segmented.SegmentedRaftLogWorker (SegmentedRaftLogWorker.java:execute(569)) - f44a1c99-f9ac-4ca4-85ec-e98b84e0ebc2-SegmentedRaftLogWorker:Storage Directory /workdir/hadoop-ozone/ozonefs/target/test-dir/MiniOzoneClusterImpl-72e1902e-de17-4929-8ada-cc6049662493/datanode-5/data/ratis/82a36625-3225-4ecb-945e-f5f5e01931f3: created new log segment /workdir/hadoop-ozone/ozonefs/target/test-dir/MiniOzoneClusterImpl-72e1902e-de17-4929-8ada-cc6049662493/datanode-5/data/ratis/82a36625-3225-4ecb-945e-f5f5e01931f3/current/log_inprogress_0
2019-09-20 14:24:20,394 | INFO  | SCMAudit | user=jenkins1000 | ip=192.168.36.99 | op=SEND_HEARTBEAT {datanodeUUID=ea2f062a-dcfd-4d75-88ac-6c4e2f0364da, command=[]} | ret=SUCCESS |  
2019-09-20 14:24:20,394 | INFO  | SCMAudit | user=jenkins1000 | ip=192.168.36.99 | op=SEND_HEARTBEAT {datanodeUUID=f44a1c99-f9ac-4ca4-85ec-e98b84e0ebc2, command=[]} | ret=SUCCESS |  
2019-09-20 14:24:20,393 [e0033df1-dced-4562-b4c4-a94a3cb6c131-SegmentedRaftLogWorker:Storage Directory /workdir/hadoop-ozone/ozonefs/target/test-dir/MiniOzoneClusterImpl-72e1902e-de17-4929-8ada-cc6049662493/datanode-7/data/ratis/13b8a03f-df20-4679-b137-3d46dad197a9] INFO  segmented.SegmentedRaftLogWorker (SegmentedRaftLogWorker.java:execute(569)) - e0033df1-dced-4562-b4c4-a94a3cb6c131-SegmentedRaftLogWorker:Storage Directory /workdir/hadoop-ozone/ozonefs/target/test-dir/MiniOzoneClusterImpl-72e1902e-de17-4929-8ada-cc6049662493/datanode-7/data/ratis/13b8a03f-df20-4679-b137-3d46dad197a9: created new log segment /workdir/hadoop-ozone/ozonefs/target/test-dir/MiniOzoneClusterImpl-72e1902e-de17-4929-8ada-cc6049662493/datanode-7/data/ratis/13b8a03f-df20-4679-b137-3d46dad197a9/current/log_inprogress_0
2019-09-20 14:24:20,392 [Thread-463] WARN  util.JavaUtils (JavaUtils.java:sleep(250)) - Unexpected long sleep: sleep(5181ms) actually took 5931ms which is over the threshold 300ms
2019-09-20 14:24:20,394 | INFO  | SCMAudit | user=jenkins1000 | ip=192.168.36.99 | op=SEND_HEARTBEAT {datanodeUUID=e0033df1-dced-4562-b4c4-a94a3cb6c131, command=[]} | ret=SUCCESS |  
2019-09-20 14:24:20,392 [Thread-466] WARN  util.JavaUtils (JavaUtils.java:sleep(250)) - Unexpected long sleep: sleep(5120ms) actually took 5804ms which is over the threshold 300ms
2019-09-20 14:24:20,394 | INFO  | SCMAudit | user=jenkins1000 | ip=192.168.36.99 | op=SEND_HEARTBEAT {datanodeUUID=9101a5c2-dfb1-4c31-830b-4c77eb758348, command=[]} | ret=SUCCESS |  
2019-09-20 14:24:20,392 [Thread-472] WARN  util.JavaUtils (JavaUtils.java:sleep(250)) - Unexpected long sleep: sleep(5152ms) actually took 5695ms which is over the threshold 300ms
2019-09-20 14:24:20,394 | INFO  | SCMAudit | user=jenkins1000 | ip=192.168.36.99 | op=SEND_HEARTBEAT {datanodeUUID=7c330693-1e2f-4265-ad51-f8ae66fac775, command=[]} | ret=SUCCESS |  
2019-09-20 14:24:20,388 [Thread-485] WARN  util.JavaUtils (JavaUtils.java:sleep(250)) - Unexpected long sleep: sleep(5000ms) actually took 5387ms which is over the threshold 300ms
2019-09-20 14:24:20,388 [Thread-479] WARN  util.JavaUtils (JavaUtils.java:sleep(250)) - Unexpected long sleep: sleep(5153ms) actually took 5521ms which is over the threshold 300ms
2019-09-20 14:24:20,387 [org.apache.hadoop.util.JvmPauseMonitor$Monitor@40b1256c] INFO  util.JvmPauseMonitor (JvmPauseMonitor.java:run(205)) - Detected pause in JVM or host machine (eg GC): pause of approximately 1022ms
GC pool 'PS MarkSweep' had collection(s): count=1 time=358ms
GC pool 'PS Scavenge' had collection(s): count=2 time=817ms
2019-09-20 14:24:20,387 [org.apache.hadoop.util.JvmPauseMonitor$Monitor@72fe8a96] INFO  util.JvmPauseMonitor (JvmPauseMonitor.java:run(205)) - Detected pause in JVM or host machine (eg GC): pause of approximately 1022ms
GC pool 'PS MarkSweep' had collection(s): count=1 time=358ms
GC pool 'PS Scavenge' had collection(s): count=2 time=817ms
2019-09-20 14:24:20,387 [org.apache.hadoop.util.JvmPauseMonitor$Monitor@a7c3dfa] INFO  util.JvmPauseMonitor (JvmPauseMonitor.java:run(205)) - Detected pause in JVM or host machine (eg GC): pause of approximately 1022ms
GC pool 'PS MarkSweep' had collection(s): count=1 time=358ms
GC pool 'PS Scavenge' had collection(s): count=2 time=817ms
2019-09-20 14:24:20,387 [org.apache.hadoop.util.JvmPauseMonitor$Monitor@462bf72] INFO  util.JvmPauseMonitor (JvmPauseMonitor.java:run(205)) - Detected pause in JVM or host machine (eg GC): pause of approximately 1021ms
GC pool 'PS MarkSweep' had collection(s): count=1 time=358ms
GC pool 'PS Scavenge' had collection(s): count=2 time=817ms
2019-09-20 14:24:20,387 [org.apache.hadoop.util.JvmPauseMonitor$Monitor@c074c0c] INFO  util.JvmPauseMonitor (JvmPauseMonitor.java:run(205)) - Detected pause in JVM or host machine (eg GC): pause of approximately 1021ms
GC pool 'PS MarkSweep' had collection(s): count=1 time=358ms
GC pool 'PS Scavenge' had collection(s): count=2 time=817ms
2019-09-20 14:24:20,387 [org.apache.hadoop.util.JvmPauseMonitor$Monitor@46642ec1] INFO  util.JvmPauseMonitor (JvmPauseMonitor.java:run(205)) - Detected pause in JVM or host machine (eg GC): pause of approximately 1022ms
GC pool 'PS MarkSweep' had collection(s): count=1 time=358ms
GC pool 'PS Scavenge' had collection(s): count=2 time=817ms
2019-09-20 14:24:20,387 [org.apache.hadoop.util.JvmPauseMonitor$Monitor@2fd7e30c] INFO  util.JvmPauseMonitor (JvmPauseMonitor.java:run(205)) - Detected pause in JVM or host machine (eg GC): pause of approximately 1022ms
GC pool 'PS MarkSweep' had collection(s): count=1 time=358ms
GC pool 'PS Scavenge' had collection(s): count=2 time=817ms
2019-09-20 14:24:20,387 [org.apache.hadoop.util.JvmPauseMonitor$Monitor@e0c7661] INFO  util.JvmPauseMonitor (JvmPauseMonitor.java:run(205)) - Detected pause in JVM or host machine (eg GC): pause of approximately 1021ms
GC pool 'PS MarkSweep' had collection(s): count=1 time=358ms
GC pool 'PS Scavenge' had collection(s): count=2 time=817ms
2019-09-20 14:24:20,387 [org.apache.hadoop.util.JvmPauseMonitor$Monitor@13f1f999] INFO  util.JvmPauseMonitor (JvmPauseMonitor.java:run(205)) - Detected pause in JVM or host machine (eg GC): pause of approximately 1022ms
GC pool 'PS MarkSweep' had collection(s): count=1 time=358ms
GC pool 'PS Scavenge' had collection(s): count=2 time=817ms
2019-09-20 14:24:20,387 [org.apache.hadoop.util.JvmPauseMonitor$Monitor@55c92bba] INFO  util.JvmPauseMonitor (JvmPauseMonitor.java:run(205)) - Detected pause in JVM or host machine (eg GC): pause of approximately 1021ms
GC pool 'PS MarkSweep' had collection(s): count=1 time=358ms
GC pool 'PS Scavenge' had collection(s): count=2 time=817ms
2019-09-20 14:24:20,387 [org.apache.hadoop.util.JvmPauseMonitor$Monitor@6433d82] INFO  util.JvmPauseMonitor (JvmPauseMonitor.java:run(205)) - Detected pause in JVM or host machine (eg GC): pause of approximately 1021ms
GC pool 'PS MarkSweep' had collection(s): count=1 time=358ms
GC pool 'PS Scavenge' had collection(s): count=2 time=817ms
2019-09-20 14:24:20,385 [Thread-457] INFO  impl.FollowerState (FollowerState.java:run(106)) - fc92467e-4cd7-4ea6-9bfc-11250c30c0f6:group-7B5430389312 changes to CANDIDATE, lastRpcTime:6073, electionTimeout:5098ms
2019-09-20 14:24:20,393 [Thread-451] INFO  impl.RaftServerImpl (RaftServerImpl.java:setRole(171)) - fc92467e-4cd7-4ea6-9bfc-11250c30c0f6:group-3C0685283ECC changes role from FOLLOWER to CANDIDATE at term 0 for changeToCandidate
2019-09-20 14:24:20,396 [Thread-457] INFO  impl.RoleInfo (RoleInfo.java:shutdownFollowerState(121)) - fc92467e-4cd7-4ea6-9bfc-11250c30c0f6: shutdown FollowerState
2019-09-20 14:24:20,397 [Thread-451] INFO  impl.RoleInfo (RoleInfo.java:updateAndGet(143)) - fc92467e-4cd7-4ea6-9bfc-11250c30c0f6: start LeaderElection
2019-09-20 14:24:20,397 [Thread-457] INFO  impl.RaftServerImpl (RaftServerImpl.java:setRole(171)) - fc92467e-4cd7-4ea6-9bfc-11250c30c0f6:group-7B5430389312 changes role from FOLLOWER to CANDIDATE at term 0 for changeToCandidate
2019-09-20 14:24:20,397 [Thread-457] INFO  impl.RoleInfo (RoleInfo.java:updateAndGet(143)) - fc92467e-4cd7-4ea6-9bfc-11250c30c0f6: start LeaderElection
2019-09-20 14:24:20,506 [fc92467e-4cd7-4ea6-9bfc-11250c30c0f6:group-3C0685283ECC:LeaderElection53] INFO  impl.LeaderElection (LeaderElection.java:askForVotes(181)) - fc92467e-4cd7-4ea6-9bfc-11250c30c0f6:group-3C0685283ECC:LeaderElection53: begin an election at term 1 for -1: [fc92467e-4cd7-4ea6-9bfc-11250c30c0f6:192.168.36.99:34828], old=null
2019-09-20 14:24:20,506 [fc92467e-4cd7-4ea6-9bfc-11250c30c0f6:group-7B5430389312:LeaderElection54] INFO  impl.LeaderElection (LeaderElection.java:askForVotes(181)) - fc92467e-4cd7-4ea6-9bfc-11250c30c0f6:group-7B5430389312:LeaderElection54: begin an election at term 1 for -1: [fc92467e-4cd7-4ea6-9bfc-11250c30c0f6:192.168.36.99:34828], old=null
2019-09-20 14:24:20,507 [fc92467e-4cd7-4ea6-9bfc-11250c30c0f6:group-3C0685283ECC:LeaderElection53] INFO  impl.RoleInfo (RoleInfo.java:shutdownLeaderElection(134)) - fc92467e-4cd7-4ea6-9bfc-11250c30c0f6: shutdown LeaderElection
2019-09-20 14:24:20,507 [fc92467e-4cd7-4ea6-9bfc-11250c30c0f6:group-EC441FCAAB2F:LeaderElection52] INFO  impl.LeaderElection (LeaderElection.java:askForVotes(181)) - fc92467e-4cd7-4ea6-9bfc-11250c30c0f6:group-EC441FCAAB2F:LeaderElection52: begin an election at term 1 for -1: [fc92467e-4cd7-4ea6-9bfc-11250c30c0f6:192.168.36.99:34828], old=null
2019-09-20 14:24:20,507 [fc92467e-4cd7-4ea6-9bfc-11250c30c0f6:group-3C0685283ECC:LeaderElection53] INFO  impl.RaftServerImpl (RaftServerImpl.java:setRole(171)) - fc92467e-4cd7-4ea6-9bfc-11250c30c0f6:group-3C0685283ECC changes role from CANDIDATE to LEADER at term 1 for changeToLeader
2019-09-20 14:24:20,507 [fc92467e-4cd7-4ea6-9bfc-11250c30c0f6:group-7B5430389312:LeaderElection54] INFO  impl.RoleInfo (RoleInfo.java:shutdownLeaderElection(134)) - fc92467e-4cd7-4ea6-9bfc-11250c30c0f6: shutdown LeaderElection
2019-09-20 14:24:20,508 [fc92467e-4cd7-4ea6-9bfc-11250c30c0f6:group-3C0685283ECC:LeaderElection53] INFO  impl.RaftServerImpl (ServerState.java:setLeader(263)) - fc92467e-4cd7-4ea6-9bfc-11250c30c0f6:group-3C0685283ECC change Leader from null to fc92467e-4cd7-4ea6-9bfc-11250c30c0f6 at term 1 for becomeLeader, leader elected after 6322ms
2019-09-20 14:24:20,508 [fc92467e-4cd7-4ea6-9bfc-11250c30c0f6:group-EC441FCAAB2F:LeaderElection52] INFO  impl.RoleInfo (RoleInfo.java:shutdownLeaderElection(134)) - fc92467e-4cd7-4ea6-9bfc-11250c30c0f6: shutdown LeaderElection
2019-09-20 14:24:20,508 [fc92467e-4cd7-4ea6-9bfc-11250c30c0f6:group-7B5430389312:LeaderElection54] INFO  impl.RaftServerImpl (RaftServerImpl.java:setRole(171)) - fc92467e-4cd7-4ea6-9bfc-11250c30c0f6:group-7B5430389312 changes role from CANDIDATE to LEADER at term 1 for changeToLeader
2019-09-20 14:24:20,508 [fc92467e-4cd7-4ea6-9bfc-11250c30c0f6:group-3C0685283ECC:LeaderElection53] INFO  server.RaftServerConfigKeys (ConfUtils.java:logGet(43)) - raft.server.staging.catchup.gap = 1000 (default)
2019-09-20 14:24:20,508 [fc92467e-4cd7-4ea6-9bfc-11250c30c0f6:group-EC441FCAAB2F:LeaderElection52] INFO  impl.RaftServerImpl (RaftServerImpl.java:setRole(171)) - fc92467e-4cd7-4ea6-9bfc-11250c30c0f6:group-EC441FCAAB2F changes role from CANDIDATE to LEADER at term 1 for changeToLeader
2019-09-20 14:24:20,509 [fc92467e-4cd7-4ea6-9bfc-11250c30c0f6:group-3C0685283ECC:LeaderElection53] INFO  server.RaftServerConfigKeys (ConfUtils.java:logGet(43)) - raft.server.rpc.sleep.time = 25ms (default)
2019-09-20 14:24:20,508 [fc92467e-4cd7-4ea6-9bfc-11250c30c0f6:group-7B5430389312:LeaderElection54] INFO  impl.RaftServerImpl (ServerState.java:setLeader(263)) - fc92467e-4cd7-4ea6-9bfc-11250c30c0f6:group-7B5430389312 change Leader from null to fc92467e-4cd7-4ea6-9bfc-11250c30c0f6 at term 1 for becomeLeader, leader elected after 6213ms
2019-09-20 14:24:20,509 [fc92467e-4cd7-4ea6-9bfc-11250c30c0f6:group-3C0685283ECC:LeaderElection53] INFO  server.RaftServerConfigKeys (ConfUtils.java:logGet(43)) - raft.server.write.element-limit = 4096 (default)
2019-09-20 14:24:20,509 [fc92467e-4cd7-4ea6-9bfc-11250c30c0f6:group-EC441FCAAB2F:LeaderElection52] INFO  impl.RaftServerImpl (ServerState.java:setLeader(263)) - fc92467e-4cd7-4ea6-9bfc-11250c30c0f6:group-EC441FCAAB2F change Leader from null to fc92467e-4cd7-4ea6-9bfc-11250c30c0f6 at term 1 for becomeLeader, leader elected after 6421ms
2019-09-20 14:24:20,509 | INFO  | SCMAudit | user=jenkins1000 | ip=192.168.36.99 | op=SEND_HEARTBEAT {datanodeUUID=7c330693-1e2f-4265-ad51-f8ae66fac775, command=[]} | ret=SUCCESS |  
2019-09-20 14:24:20,509 | INFO  | SCMAudit | user=jenkins1000 | ip=192.168.36.99 | op=SEND_HEARTBEAT {datanodeUUID=e0033df1-dced-4562-b4c4-a94a3cb6c131, command=[]} | ret=SUCCESS |  
2019-09-20 14:24:20,509 [fc92467e-4cd7-4ea6-9bfc-11250c30c0f6:group-3C0685283ECC:LeaderElection53] INFO  server.RaftServerConfigKeys (ConfUtils.java:logGet(43)) - raft.server.watch.timeout = 10s (default)
2019-09-20 14:24:20,509 [fc92467e-4cd7-4ea6-9bfc-11250c30c0f6:group-7B5430389312:LeaderElection54] INFO  server.RaftServerConfigKeys (ConfUtils.java:logGet(43)) - raft.server.staging.catchup.gap = 1000 (default)
2019-09-20 14:24:20,510 [fc92467e-4cd7-4ea6-9bfc-11250c30c0f6:group-3C0685283ECC:LeaderElection53] INFO  server.RaftServerConfigKeys (ConfUtils.java:logGet(43)) - raft.server.watch.timeout.denomination = 1s (default)
2019-09-20 14:24:20,510 [fc92467e-4cd7-4ea6-9bfc-11250c30c0f6:group-EC441FCAAB2F:LeaderElection52] INFO  server.RaftServerConfigKeys (ConfUtils.java:logGet(43)) - raft.server.staging.catchup.gap = 1000 (default)
2019-09-20 14:24:20,510 [fc92467e-4cd7-4ea6-9bfc-11250c30c0f6:group-3C0685283ECC:LeaderElection53] INFO  server.RaftServerConfigKeys (ConfUtils.java:logGet(43)) - raft.server.watch.element-limit = 65536 (default)
2019-09-20 14:24:20,510 [fc92467e-4cd7-4ea6-9bfc-11250c30c0f6:group-7B5430389312:LeaderElection54] INFO  server.RaftServerConfigKeys (ConfUtils.java:logGet(43)) - raft.server.rpc.sleep.time = 25ms (default)
2019-09-20 14:24:20,510 [fc92467e-4cd7-4ea6-9bfc-11250c30c0f6:group-EC441FCAAB2F:LeaderElection52] INFO  server.RaftServerConfigKeys (ConfUtils.java:logGet(43)) - raft.server.rpc.sleep.time = 25ms (default)
2019-09-20 14:24:20,511 [fc92467e-4cd7-4ea6-9bfc-11250c30c0f6:group-7B5430389312:LeaderElection54] INFO  server.RaftServerConfigKeys (ConfUtils.java:logGet(43)) - raft.server.write.element-limit = 4096 (default)
2019-09-20 14:24:20,511 [fc92467e-4cd7-4ea6-9bfc-11250c30c0f6:group-3C0685283ECC:LeaderElection53] INFO  impl.RoleInfo (RoleInfo.java:updateAndGet(143)) - fc92467e-4cd7-4ea6-9bfc-11250c30c0f6: start LeaderState
2019-09-20 14:24:20,511 [fc92467e-4cd7-4ea6-9bfc-11250c30c0f6:group-7B5430389312:LeaderElection54] INFO  server.RaftServerConfigKeys (ConfUtils.java:logGet(43)) - raft.server.watch.timeout = 10s (default)
2019-09-20 14:24:20,511 [fc92467e-4cd7-4ea6-9bfc-11250c30c0f6:group-EC441FCAAB2F:LeaderElection52] INFO  server.RaftServerConfigKeys (ConfUtils.java:logGet(43)) - raft.server.write.element-limit = 4096 (default)
2019-09-20 14:24:20,511 [fc92467e-4cd7-4ea6-9bfc-11250c30c0f6:group-3C0685283ECC:LeaderElection53] INFO  segmented.SegmentedRaftLogWorker (SegmentedRaftLogWorker.java:startLogSegment(380)) - fc92467e-4cd7-4ea6-9bfc-11250c30c0f6-SegmentedRaftLogWorker:Storage Directory /workdir/hadoop-ozone/ozonefs/target/test-dir/MiniOzoneClusterImpl-72e1902e-de17-4929-8ada-cc6049662493/datanode-8/data/ratis/84e8a304-d0c7-4e82-882b-3c0685283ecc: Starting segment from index:0
2019-09-20 14:24:20,511 [fc92467e-4cd7-4ea6-9bfc-11250c30c0f6:group-7B5430389312:LeaderElection54] INFO  server.RaftServerConfigKeys (ConfUtils.java:logGet(43)) - raft.server.watch.timeout.denomination = 1s (default)
2019-09-20 14:24:20,511 [fc92467e-4cd7-4ea6-9bfc-11250c30c0f6:group-EC441FCAAB2F:LeaderElection52] INFO  server.RaftServerConfigKeys (ConfUtils.java:logGet(43)) - raft.server.watch.timeout = 10s (default)
2019-09-20 14:24:20,512 [fc92467e-4cd7-4ea6-9bfc-11250c30c0f6:group-7B5430389312:LeaderElection54] INFO  server.RaftServerConfigKeys (ConfUtils.java:logGet(43)) - raft.server.watch.element-limit = 65536 (default)
2019-09-20 14:24:20,512 [fc92467e-4cd7-4ea6-9bfc-11250c30c0f6:group-EC441FCAAB2F:LeaderElection52] INFO  server.RaftServerConfigKeys (ConfUtils.java:logGet(43)) - raft.server.watch.timeout.denomination = 1s (default)
2019-09-20 14:24:20,512 [fc92467e-4cd7-4ea6-9bfc-11250c30c0f6:group-7B5430389312:LeaderElection54] INFO  impl.RoleInfo (RoleInfo.java:updateAndGet(143)) - fc92467e-4cd7-4ea6-9bfc-11250c30c0f6: start LeaderState
2019-09-20 14:24:20,512 [fc92467e-4cd7-4ea6-9bfc-11250c30c0f6:group-3C0685283ECC:LeaderElection53] INFO  impl.RaftServerImpl (ServerState.java:setRaftConf(361)) - fc92467e-4cd7-4ea6-9bfc-11250c30c0f6:group-3C0685283ECC set configuration 0: [fc92467e-4cd7-4ea6-9bfc-11250c30c0f6:192.168.36.99:34828], old=null at 0
2019-09-20 14:24:20,512 [fc92467e-4cd7-4ea6-9bfc-11250c30c0f6:group-EC441FCAAB2F:LeaderElection52] INFO  server.RaftServerConfigKeys (ConfUtils.java:logGet(43)) - raft.server.watch.element-limit = 65536 (default)
2019-09-20 14:24:20,513 [fc92467e-4cd7-4ea6-9bfc-11250c30c0f6:group-7B5430389312:LeaderElection54] INFO  segmented.SegmentedRaftLogWorker (SegmentedRaftLogWorker.java:startLogSegment(380)) - fc92467e-4cd7-4ea6-9bfc-11250c30c0f6-SegmentedRaftLogWorker:Storage Directory /workdir/hadoop-ozone/ozonefs/target/test-dir/MiniOzoneClusterImpl-72e1902e-de17-4929-8ada-cc6049662493/datanode-8/data/ratis/6e0f74f1-6ba2-4650-91e3-7b5430389312: Starting segment from index:0
2019-09-20 14:24:20,513 [fc92467e-4cd7-4ea6-9bfc-11250c30c0f6:group-EC441FCAAB2F:LeaderElection52] INFO  impl.RoleInfo (RoleInfo.java:updateAndGet(143)) - fc92467e-4cd7-4ea6-9bfc-11250c30c0f6: start LeaderState
2019-09-20 14:24:20,513 [fc92467e-4cd7-4ea6-9bfc-11250c30c0f6:group-EC441FCAAB2F:LeaderElection52] INFO  segmented.SegmentedRaftLogWorker (SegmentedRaftLogWorker.java:startLogSegment(380)) - fc92467e-4cd7-4ea6-9bfc-11250c30c0f6-SegmentedRaftLogWorker:Storage Directory /workdir/hadoop-ozone/ozonefs/target/test-dir/MiniOzoneClusterImpl-72e1902e-de17-4929-8ada-cc6049662493/datanode-8/data/ratis/b4a8ce96-e3dc-450f-a3c7-ec441fcaab2f: Starting segment from index:0
2019-09-20 14:24:20,513 [fc92467e-4cd7-4ea6-9bfc-11250c30c0f6:group-7B5430389312:LeaderElection54] INFO  impl.RaftServerImpl (ServerState.java:setRaftConf(361)) - fc92467e-4cd7-4ea6-9bfc-11250c30c0f6:group-7B5430389312 set configuration 0: [fc92467e-4cd7-4ea6-9bfc-11250c30c0f6:192.168.36.99:34828], old=null at 0
2019-09-20 14:24:20,514 [fc92467e-4cd7-4ea6-9bfc-11250c30c0f6:group-EC441FCAAB2F:LeaderElection52] INFO  impl.RaftServerImpl (ServerState.java:setRaftConf(361)) - fc92467e-4cd7-4ea6-9bfc-11250c30c0f6:group-EC441FCAAB2F set configuration 0: [fc92467e-4cd7-4ea6-9bfc-11250c30c0f6:192.168.36.99:34828], old=null at 0
2019-09-20 14:24:20,603 [fc92467e-4cd7-4ea6-9bfc-11250c30c0f6-SegmentedRaftLogWorker:Storage Directory /workdir/hadoop-ozone/ozonefs/target/test-dir/MiniOzoneClusterImpl-72e1902e-de17-4929-8ada-cc6049662493/datanode-8/data/ratis/b4a8ce96-e3dc-450f-a3c7-ec441fcaab2f] INFO  segmented.SegmentedRaftLogWorker (SegmentedRaftLogWorker.java:execute(569)) - fc92467e-4cd7-4ea6-9bfc-11250c30c0f6-SegmentedRaftLogWorker:Storage Directory /workdir/hadoop-ozone/ozonefs/target/test-dir/MiniOzoneClusterImpl-72e1902e-de17-4929-8ada-cc6049662493/datanode-8/data/ratis/b4a8ce96-e3dc-450f-a3c7-ec441fcaab2f: created new log segment /workdir/hadoop-ozone/ozonefs/target/test-dir/MiniOzoneClusterImpl-72e1902e-de17-4929-8ada-cc6049662493/datanode-8/data/ratis/b4a8ce96-e3dc-450f-a3c7-ec441fcaab2f/current/log_inprogress_0
2019-09-20 14:24:20,603 [fc92467e-4cd7-4ea6-9bfc-11250c30c0f6-SegmentedRaftLogWorker:Storage Directory /workdir/hadoop-ozone/ozonefs/target/test-dir/MiniOzoneClusterImpl-72e1902e-de17-4929-8ada-cc6049662493/datanode-8/data/ratis/6e0f74f1-6ba2-4650-91e3-7b5430389312] INFO  segmented.SegmentedRaftLogWorker (SegmentedRaftLogWorker.java:execute(569)) - fc92467e-4cd7-4ea6-9bfc-11250c30c0f6-SegmentedRaftLogWorker:Storage Directory /workdir/hadoop-ozone/ozonefs/target/test-dir/MiniOzoneClusterImpl-72e1902e-de17-4929-8ada-cc6049662493/datanode-8/data/ratis/6e0f74f1-6ba2-4650-91e3-7b5430389312: created new log segment /workdir/hadoop-ozone/ozonefs/target/test-dir/MiniOzoneClusterImpl-72e1902e-de17-4929-8ada-cc6049662493/datanode-8/data/ratis/6e0f74f1-6ba2-4650-91e3-7b5430389312/current/log_inprogress_0
2019-09-20 14:24:20,603 [fc92467e-4cd7-4ea6-9bfc-11250c30c0f6-SegmentedRaftLogWorker:Storage Directory /workdir/hadoop-ozone/ozonefs/target/test-dir/MiniOzoneClusterImpl-72e1902e-de17-4929-8ada-cc6049662493/datanode-8/data/ratis/84e8a304-d0c7-4e82-882b-3c0685283ecc] INFO  segmented.SegmentedRaftLogWorker (SegmentedRaftLogWorker.java:execute(569)) - fc92467e-4cd7-4ea6-9bfc-11250c30c0f6-SegmentedRaftLogWorker:Storage Directory /workdir/hadoop-ozone/ozonefs/target/test-dir/MiniOzoneClusterImpl-72e1902e-de17-4929-8ada-cc6049662493/datanode-8/data/ratis/84e8a304-d0c7-4e82-882b-3c0685283ecc: created new log segment /workdir/hadoop-ozone/ozonefs/target/test-dir/MiniOzoneClusterImpl-72e1902e-de17-4929-8ada-cc6049662493/datanode-8/data/ratis/84e8a304-d0c7-4e82-882b-3c0685283ecc/current/log_inprogress_0
2019-09-20 14:24:20,624 [IPC Server handler 19 on 44990] INFO  pipeline.PipelinePlacementPolicy (PipelinePlacementPolicy.java:meetCriteria(91)) - Pipeline Placement: Doesn't meet the criteria to be viable node： 9101a5c2-dfb1-4c31-830b-4c77eb758348 Heaviness: 6 limit: 5
2019-09-20 14:24:20,625 [IPC Server handler 19 on 44990] INFO  pipeline.PipelinePlacementPolicy (PipelinePlacementPolicy.java:meetCriteria(91)) - Pipeline Placement: Doesn't meet the criteria to be viable node： fc92467e-4cd7-4ea6-9bfc-11250c30c0f6 Heaviness: 6 limit: 5
2019-09-20 14:24:20,625 [IPC Server handler 19 on 44990] INFO  pipeline.PipelinePlacementPolicy (PipelinePlacementPolicy.java:meetCriteria(91)) - Pipeline Placement: Doesn't meet the criteria to be viable node： e0033df1-dced-4562-b4c4-a94a3cb6c131 Heaviness: 6 limit: 5
2019-09-20 14:24:20,625 [IPC Server handler 19 on 44990] INFO  pipeline.PipelinePlacementPolicy (PipelinePlacementPolicy.java:meetCriteria(91)) - Pipeline Placement: Doesn't meet the criteria to be viable node： ea2f062a-dcfd-4d75-88ac-6c4e2f0364da Heaviness: 6 limit: 5
2019-09-20 14:24:20,625 [IPC Server handler 19 on 44990] INFO  pipeline.PipelinePlacementPolicy (PipelinePlacementPolicy.java:meetCriteria(91)) - Pipeline Placement: Doesn't meet the criteria to be viable node： c0a66530-d43a-4ae5-bdbb-2b9936068aaa Heaviness: 6 limit: 5
2019-09-20 14:24:20,626 [IPC Server handler 19 on 44990] INFO  pipeline.PipelinePlacementPolicy (PipelinePlacementPolicy.java:meetCriteria(91)) - Pipeline Placement: Doesn't meet the criteria to be viable node： 93651a45-ffa4-4bae-ae49-6429ae7182bc Heaviness: 6 limit: 5
2019-09-20 14:24:20,626 [IPC Server handler 19 on 44990] INFO  pipeline.PipelinePlacementPolicy (PipelinePlacementPolicy.java:meetCriteria(91)) - Pipeline Placement: Doesn't meet the criteria to be viable node： 926b0f41-0722-49ff-a592-68b703f22f49 Heaviness: 6 limit: 5
2019-09-20 14:24:20,626 [IPC Server handler 19 on 44990] INFO  pipeline.PipelinePlacementPolicy (PipelinePlacementPolicy.java:meetCriteria(91)) - Pipeline Placement: Doesn't meet the criteria to be viable node： 4b9e2e33-9606-42c4-a38b-d8e2568a9ed5 Heaviness: 6 limit: 5
2019-09-20 14:24:20,626 [IPC Server handler 19 on 44990] INFO  pipeline.PipelinePlacementPolicy (PipelinePlacementPolicy.java:meetCriteria(91)) - Pipeline Placement: Doesn't meet the criteria to be viable node： 7c330693-1e2f-4265-ad51-f8ae66fac775 Heaviness: 6 limit: 5
2019-09-20 14:24:20,626 [IPC Server handler 19 on 44990] INFO  pipeline.PipelinePlacementPolicy (PipelinePlacementPolicy.java:meetCriteria(91)) - Pipeline Placement: Doesn't meet the criteria to be viable node： f44a1c99-f9ac-4ca4-85ec-e98b84e0ebc2 Heaviness: 6 limit: 5
2019-09-20 14:24:20,627 [IPC Server handler 19 on 44990] ERROR pipeline.PipelinePlacementPolicy (PipelinePlacementPolicy.java:filterViableNodes(148)) - Unable to find enough nodes that meet the criteria that cannot engage in more than 5 pipelines. Nodes required: 3 Found: 0, healthy nodes count inNodeManager: 10.
2019-09-20 14:24:20,627 [IPC Server handler 19 on 44990] ERROR pipeline.SCMPipelineManager (SCMPipelineManager.java:createPipeline(161)) - Pipeline creation failed due to exception: Unable to find enough nodes that meet the criteria that cannot engage in more than 5 pipelines. Nodes required: 3 Found: 0, healthy nodes count inNodeManager: 10.
2019-09-20 14:24:20,628 [IPC Server handler 19 on 44990] WARN  block.BlockManagerImpl (BlockManagerImpl.java:allocateBlock(192)) - Pipeline creation failed for type:RATIS factor:THREE. Retrying get pipelines call once.
org.apache.hadoop.hdds.scm.exceptions.SCMException: Unable to find enough nodes that meet the criteria that cannot engage in more than 5 pipelines. Nodes required: 3 Found: 0, healthy nodes count inNodeManager: 10.
	at org.apache.hadoop.hdds.scm.pipeline.PipelinePlacementPolicy.filterViableNodes(PipelinePlacementPolicy.java:149)
	at org.apache.hadoop.hdds.scm.pipeline.PipelinePlacementPolicy.chooseDatanodes(PipelinePlacementPolicy.java:172)
	at org.apache.hadoop.hdds.scm.pipeline.RatisPipelineProvider.create(RatisPipelineProvider.java:92)
	at org.apache.hadoop.hdds.scm.pipeline.PipelineFactory.create(PipelineFactory.java:57)
	at org.apache.hadoop.hdds.scm.pipeline.SCMPipelineManager.createPipeline(SCMPipelineManager.java:149)
	at org.apache.hadoop.hdds.scm.block.BlockManagerImpl.allocateBlock(BlockManagerImpl.java:190)
	at org.apache.hadoop.hdds.scm.server.SCMBlockProtocolServer.allocateBlock(SCMBlockProtocolServer.java:175)
	at org.apache.hadoop.ozone.protocolPB.ScmBlockLocationProtocolServerSideTranslatorPB.allocateScmBlock(ScmBlockLocationProtocolServerSideTranslatorPB.java:153)
	at org.apache.hadoop.ozone.protocolPB.ScmBlockLocationProtocolServerSideTranslatorPB.send(ScmBlockLocationProtocolServerSideTranslatorPB.java:112)
	at org.apache.hadoop.hdds.protocol.proto.ScmBlockLocationProtocolProtos$ScmBlockLocationProtocolService$2.callBlockingMethod(ScmBlockLocationProtocolProtos.java:13157)
	at org.apache.hadoop.ipc.ProtobufRpcEngine$Server$ProtoBufRpcInvoker.call(ProtobufRpcEngine.java:524)
	at org.apache.hadoop.ipc.RPC$Server.call(RPC.java:1025)
	at org.apache.hadoop.ipc.Server$RpcCall.run(Server.java:876)
	at org.apache.hadoop.ipc.Server$RpcCall.run(Server.java:822)
	at java.security.AccessController.doPrivileged(Native Method)
	at javax.security.auth.Subject.doAs(Subject.java:422)
	at org.apache.hadoop.security.UserGroupInformation.doAs(UserGroupInformation.java:1730)
	at org.apache.hadoop.ipc.Server$Handler.run(Server.java:2682)
2019-09-20 14:24:20,630 [IPC Server handler 19 on 44990] INFO  block.BlockManagerImpl (BlockManagerImpl.java:allocateBlock(198)) - Could not find available pipeline of type:RATIS and factor:THREE even after retrying
2019-09-20 14:24:20,630 [IPC Server handler 19 on 44990] ERROR block.BlockManagerImpl (BlockManagerImpl.java:allocateBlock(222)) - Unable to allocate a block for the size: 4194304, type: RATIS, factor: THREE
2019-09-20 14:24:20,631 | INFO  | SCMAudit | user=jenkins1000 | ip=192.168.36.99 | op=ALLOCATE_BLOCK {owner=e05ab093-b349-4568-99d1-c7c98ec6e63e, size=4194304, type=RATIS, factor=THREE} | ret=SUCCESS |  
2019-09-20 14:24:20,637 | ERROR | OMAudit | user=jenkins1000 | ip=127.0.0.1 | op=CREATE_FILE {volume=volume44826, bucket=bucket18073, key=bU0ew, dataSize=0, replicationType=RATIS, replicationFactor=THREE, keyLocationInfo=null} | ret=FAILURE | org.apache.hadoop.hdds.scm.exceptions.SCMException: Allocated 0 blocks. Requested 1 blocks
	at org.apache.hadoop.hdds.scm.protocolPB.ScmBlockLocationProtocolClientSideTranslatorPB.handleError(ScmBlockLocationProtocolClientSideTranslatorPB.java:118)
	at org.apache.hadoop.hdds.scm.protocolPB.ScmBlockLocationProtocolClientSideTranslatorPB.allocateBlock(ScmBlockLocationProtocolClientSideTranslatorPB.java:156) 
2019-09-20 14:24:20,642 [main] INFO  ozone.MiniOzoneClusterImpl (MiniOzoneClusterImpl.java:shutdown(321)) - Shutting down the Mini Ozone Cluster
2019-09-20 14:24:20,643 | INFO  | SCMAudit | user=null | ip=null | op=GET_SCM_INFO null | ret=SUCCESS |  
2019-09-20 14:24:20,643 [main] INFO  ozone.MiniOzoneClusterImpl (MiniOzoneClusterImpl.java:stop(336)) - Stopping the Mini Ozone Cluster
2019-09-20 14:24:20,643 [main] INFO  ozone.MiniOzoneClusterImpl (MiniOzoneClusterImpl.java:stop(338)) - Stopping the OzoneManager
2019-09-20 14:24:20,644 [main] INFO  ipc.Server (Server.java:stop(3082)) - Stopping server on 42887
2019-09-20 14:24:20,680 [IPC Server listener on 42887] INFO  ipc.Server (Server.java:run(1185)) - Stopping IPC Server listener on 42887
2019-09-20 14:24:20,680 [main] INFO  ratis.OzoneManagerDoubleBuffer (OzoneManagerDoubleBuffer.java:stop(248)) - Stopping OMDoubleBuffer flush thread
2019-09-20 14:24:20,680 [IPC Server Responder] INFO  ipc.Server (Server.java:run(1319)) - Stopping IPC Server Responder
2019-09-20 14:24:20,683 [OMDoubleBufferFlushThread] INFO  ratis.OzoneManagerDoubleBuffer (OzoneManagerDoubleBuffer.java:flushTransactions(191)) - OMDoubleBuffer flush thread OMDoubleBufferFlushThread is interrupted and will exit. OMDoubleBufferFlushThread
2019-09-20 14:24:20,687 [main] INFO  utils.BackgroundService (BackgroundService.java:shutdown(148)) - Shutting down service KeyDeletingService
2019-09-20 14:24:20,691 [main] INFO  handler.ContextHandler (ContextHandler.java:doStop(910)) - Stopped o.e.j.w.WebAppContext@2098d37d{/,null,UNAVAILABLE}{/ozoneManager}
2019-09-20 14:24:20,696 [main] INFO  server.AbstractConnector (AbstractConnector.java:doStop(318)) - Stopped ServerConnector@77b9d0c7{HTTP/1.1,[http/1.1]}{0.0.0.0:0}
2019-09-20 14:24:20,696 [main] INFO  handler.ContextHandler (ContextHandler.java:doStop(910)) - Stopped o.e.j.s.ServletContextHandler@e4d2696{/static,jar:file:/home/user/.m2/repository/org/apache/hadoop/hadoop-ozone-ozone-manager/0.5.0-SNAPSHOT/hadoop-ozone-ozone-manager-0.5.0-SNAPSHOT.jar!/webapps/static,UNAVAILABLE}
2019-09-20 14:24:20,696 [main] INFO  handler.ContextHandler (ContextHandler.java:doStop(910)) - Stopped o.e.j.s.ServletContextHandler@109d724c{/logs,file:///workdir/hadoop-ozone/ozonefs/target/log,UNAVAILABLE}
2019-09-20 14:24:20,701 [main] INFO  ozone.MiniOzoneClusterImpl (MiniOzoneClusterImpl.java:stop(344)) - Shutting the HddsDatanodes
2019-09-20 14:24:20,702 [main] INFO  datanode.ObjectStoreHandler (ObjectStoreHandler.java:close(155)) - Closing ObjectStoreHandler.
2019-09-20 14:24:20,702 [ForkJoinPool.commonPool-worker-1] INFO  datanode.ObjectStoreHandler (ObjectStoreHandler.java:close(155)) - Closing ObjectStoreHandler.
2019-09-20 14:24:20,711 [main] INFO  ozone.HddsDatanodeService (HddsDatanodeService.java:stop(451)) - Stopped plug-in org.apache.hadoop.ozone.web.OzoneHddsDatanodeService@7be38eba
2019-09-20 14:24:20,711 [ForkJoinPool.commonPool-worker-1] INFO  ozone.HddsDatanodeService (HddsDatanodeService.java:stop(451)) - Stopped plug-in org.apache.hadoop.ozone.web.OzoneHddsDatanodeService@3487442d
2019-09-20 14:24:21,387 | INFO  | SCMAudit | user=jenkins1000 | ip=192.168.36.99 | op=SEND_HEARTBEAT {datanodeUUID=fc92467e-4cd7-4ea6-9bfc-11250c30c0f6, command=[]} | ret=SUCCESS |  
2019-09-20 14:24:21,387 | INFO  | SCMAudit | user=jenkins1000 | ip=192.168.36.99 | op=SEND_HEARTBEAT {datanodeUUID=93651a45-ffa4-4bae-ae49-6429ae7182bc, command=[]} | ret=SUCCESS |  
2019-09-20 14:24:21,387 | INFO  | SCMAudit | user=jenkins1000 | ip=192.168.36.99 | op=SEND_HEARTBEAT {datanodeUUID=4b9e2e33-9606-42c4-a38b-d8e2568a9ed5, command=[]} | ret=SUCCESS |  
2019-09-20 14:24:21,392 [Datanode State Machine Thread - 0] INFO  statemachine.DatanodeStateMachine (DatanodeStateMachine.java:lambda$startDaemon$0(350)) - Ozone container server started.
2019-09-20 14:24:21,393 [Datanode State Machine Thread - 0] INFO  statemachine.DatanodeStateMachine (DatanodeStateMachine.java:lambda$startDaemon$0(350)) - Ozone container server started.
2019-09-20 14:24:21,399 | INFO  | SCMAudit | user=jenkins1000 | ip=192.168.36.99 | op=SEND_HEARTBEAT {datanodeUUID=c0a66530-d43a-4ae5-bdbb-2b9936068aaa, command=[]} | ret=SUCCESS |  
2019-09-20 14:24:21,399 | INFO  | SCMAudit | user=jenkins1000 | ip=192.168.36.99 | op=SEND_HEARTBEAT {datanodeUUID=ea2f062a-dcfd-4d75-88ac-6c4e2f0364da, command=[]} | ret=SUCCESS |  
2019-09-20 14:24:21,399 | INFO  | SCMAudit | user=jenkins1000 | ip=192.168.36.99 | op=SEND_HEARTBEAT {datanodeUUID=9101a5c2-dfb1-4c31-830b-4c77eb758348, command=[]} | ret=SUCCESS |  
2019-09-20 14:24:21,508 | INFO  | SCMAudit | user=jenkins1000 | ip=192.168.36.99 | op=SEND_HEARTBEAT {datanodeUUID=7c330693-1e2f-4265-ad51-f8ae66fac775, command=[]} | ret=SUCCESS |  
2019-09-20 14:24:21,508 | INFO  | SCMAudit | user=jenkins1000 | ip=192.168.36.99 | op=SEND_HEARTBEAT {datanodeUUID=e0033df1-dced-4562-b4c4-a94a3cb6c131, command=[]} | ret=SUCCESS |  
2019-09-20 14:24:22,386 | INFO  | SCMAudit | user=jenkins1000 | ip=192.168.36.99 | op=SEND_HEARTBEAT {datanodeUUID=93651a45-ffa4-4bae-ae49-6429ae7182bc, command=[]} | ret=SUCCESS |  
2019-09-20 14:24:22,386 | INFO  | SCMAudit | user=jenkins1000 | ip=192.168.36.99 | op=SEND_HEARTBEAT {datanodeUUID=fc92467e-4cd7-4ea6-9bfc-11250c30c0f6, command=[]} | ret=SUCCESS |  
2019-09-20 14:24:22,386 | INFO  | SCMAudit | user=jenkins1000 | ip=192.168.36.99 | op=SEND_HEARTBEAT {datanodeUUID=4b9e2e33-9606-42c4-a38b-d8e2568a9ed5, command=[]} | ret=SUCCESS |  
2019-09-20 14:24:22,394 | INFO  | SCMAudit | user=jenkins1000 | ip=192.168.36.99 | op=SEND_HEARTBEAT {datanodeUUID=c0a66530-d43a-4ae5-bdbb-2b9936068aaa, command=[]} | ret=SUCCESS |  
2019-09-20 14:24:22,394 | INFO  | SCMAudit | user=jenkins1000 | ip=192.168.36.99 | op=SEND_HEARTBEAT {datanodeUUID=ea2f062a-dcfd-4d75-88ac-6c4e2f0364da, command=[]} | ret=SUCCESS |  
2019-09-20 14:24:22,398 | INFO  | SCMAudit | user=jenkins1000 | ip=192.168.36.99 | op=SEND_HEARTBEAT {datanodeUUID=9101a5c2-dfb1-4c31-830b-4c77eb758348, command=[]} | ret=SUCCESS |  
2019-09-20 14:24:22,508 | INFO  | SCMAudit | user=jenkins1000 | ip=192.168.36.99 | op=SEND_HEARTBEAT {datanodeUUID=7c330693-1e2f-4265-ad51-f8ae66fac775, command=[]} | ret=SUCCESS |  
2019-09-20 14:24:22,508 | INFO  | SCMAudit | user=jenkins1000 | ip=192.168.36.99 | op=SEND_HEARTBEAT {datanodeUUID=e0033df1-dced-4562-b4c4-a94a3cb6c131, command=[]} | ret=SUCCESS |  
2019-09-20 14:24:23,387 | INFO  | SCMAudit | user=jenkins1000 | ip=192.168.36.99 | op=SEND_HEARTBEAT {datanodeUUID=93651a45-ffa4-4bae-ae49-6429ae7182bc, command=[]} | ret=SUCCESS |  
2019-09-20 14:24:23,387 | INFO  | SCMAudit | user=jenkins1000 | ip=192.168.36.99 | op=SEND_HEARTBEAT {datanodeUUID=fc92467e-4cd7-4ea6-9bfc-11250c30c0f6, command=[]} | ret=SUCCESS |  
2019-09-20 14:24:23,387 | INFO  | SCMAudit | user=jenkins1000 | ip=192.168.36.99 | op=SEND_HEARTBEAT {datanodeUUID=4b9e2e33-9606-42c4-a38b-d8e2568a9ed5, command=[]} | ret=SUCCESS |  
2019-09-20 14:24:23,394 | INFO  | SCMAudit | user=jenkins1000 | ip=192.168.36.99 | op=SEND_HEARTBEAT {datanodeUUID=c0a66530-d43a-4ae5-bdbb-2b9936068aaa, command=[]} | ret=SUCCESS |  
2019-09-20 14:24:23,394 | INFO  | SCMAudit | user=jenkins1000 | ip=192.168.36.99 | op=SEND_HEARTBEAT {datanodeUUID=ea2f062a-dcfd-4d75-88ac-6c4e2f0364da, command=[]} | ret=SUCCESS |  
2019-09-20 14:24:23,399 | INFO  | SCMAudit | user=jenkins1000 | ip=192.168.36.99 | op=SEND_HEARTBEAT {datanodeUUID=9101a5c2-dfb1-4c31-830b-4c77eb758348, command=[]} | ret=SUCCESS |  
2019-09-20 14:24:23,508 | INFO  | SCMAudit | user=jenkins1000 | ip=192.168.36.99 | op=SEND_HEARTBEAT {datanodeUUID=7c330693-1e2f-4265-ad51-f8ae66fac775, command=[]} | ret=SUCCESS |  
2019-09-20 14:24:23,508 | INFO  | SCMAudit | user=jenkins1000 | ip=192.168.36.99 | op=SEND_HEARTBEAT {datanodeUUID=e0033df1-dced-4562-b4c4-a94a3cb6c131, command=[]} | ret=SUCCESS |  
2019-09-20 14:24:24,386 | INFO  | SCMAudit | user=jenkins1000 | ip=192.168.36.99 | op=SEND_HEARTBEAT {datanodeUUID=fc92467e-4cd7-4ea6-9bfc-11250c30c0f6, command=[]} | ret=SUCCESS |  
2019-09-20 14:24:24,386 | INFO  | SCMAudit | user=jenkins1000 | ip=192.168.36.99 | op=SEND_HEARTBEAT {datanodeUUID=93651a45-ffa4-4bae-ae49-6429ae7182bc, command=[]} | ret=SUCCESS |  
2019-09-20 14:24:24,387 | INFO  | SCMAudit | user=jenkins1000 | ip=192.168.36.99 | op=SEND_HEARTBEAT {datanodeUUID=4b9e2e33-9606-42c4-a38b-d8e2568a9ed5, command=[]} | ret=SUCCESS |  
2019-09-20 14:24:24,394 | INFO  | SCMAudit | user=jenkins1000 | ip=192.168.36.99 | op=SEND_HEARTBEAT {datanodeUUID=ea2f062a-dcfd-4d75-88ac-6c4e2f0364da, command=[]} | ret=SUCCESS |  
2019-09-20 14:24:24,394 | INFO  | SCMAudit | user=jenkins1000 | ip=192.168.36.99 | op=SEND_HEARTBEAT {datanodeUUID=c0a66530-d43a-4ae5-bdbb-2b9936068aaa, command=[]} | ret=SUCCESS |  
2019-09-20 14:24:24,399 | INFO  | SCMAudit | user=jenkins1000 | ip=192.168.36.99 | op=SEND_HEARTBEAT {datanodeUUID=9101a5c2-dfb1-4c31-830b-4c77eb758348, command=[]} | ret=SUCCESS |  
2019-09-20 14:24:24,470 [Thread-442] INFO  impl.FollowerState (FollowerState.java:run(106)) - ea2f062a-dcfd-4d75-88ac-6c4e2f0364da:group-B792FF3F05E6 changes to CANDIDATE, lastRpcTime:10479, electionTimeout:5038ms
2019-09-20 14:24:24,470 [Thread-442] INFO  impl.RoleInfo (RoleInfo.java:shutdownFollowerState(121)) - ea2f062a-dcfd-4d75-88ac-6c4e2f0364da: shutdown FollowerState
2019-09-20 14:24:24,470 [Thread-442] INFO  impl.RaftServerImpl (RaftServerImpl.java:setRole(171)) - ea2f062a-dcfd-4d75-88ac-6c4e2f0364da:group-B792FF3F05E6 changes role from FOLLOWER to CANDIDATE at term 0 for changeToCandidate
2019-09-20 14:24:24,470 [Thread-442] INFO  impl.RoleInfo (RoleInfo.java:updateAndGet(143)) - ea2f062a-dcfd-4d75-88ac-6c4e2f0364da: start LeaderElection
2019-09-20 14:24:24,498 [ea2f062a-dcfd-4d75-88ac-6c4e2f0364da:group-B792FF3F05E6:LeaderElection55] INFO  impl.LeaderElection (LeaderElection.java:askForVotes(181)) - ea2f062a-dcfd-4d75-88ac-6c4e2f0364da:group-B792FF3F05E6:LeaderElection55: begin an election at term 1 for -1: [ea2f062a-dcfd-4d75-88ac-6c4e2f0364da:192.168.36.99:35343], old=null
2019-09-20 14:24:24,499 [ea2f062a-dcfd-4d75-88ac-6c4e2f0364da:group-B792FF3F05E6:LeaderElection55] INFO  impl.RoleInfo (RoleInfo.java:shutdownLeaderElection(134)) - ea2f062a-dcfd-4d75-88ac-6c4e2f0364da: shutdown LeaderElection
2019-09-20 14:24:24,499 [ea2f062a-dcfd-4d75-88ac-6c4e2f0364da:group-B792FF3F05E6:LeaderElection55] INFO  impl.RaftServerImpl (RaftServerImpl.java:setRole(171)) - ea2f062a-dcfd-4d75-88ac-6c4e2f0364da:group-B792FF3F05E6 changes role from CANDIDATE to LEADER at term 1 for changeToLeader
2019-09-20 14:24:24,499 [ea2f062a-dcfd-4d75-88ac-6c4e2f0364da:group-B792FF3F05E6:LeaderElection55] INFO  impl.RaftServerImpl (ServerState.java:setLeader(263)) - ea2f062a-dcfd-4d75-88ac-6c4e2f0364da:group-B792FF3F05E6 change Leader from null to ea2f062a-dcfd-4d75-88ac-6c4e2f0364da at term 1 for becomeLeader, leader elected after 10523ms
2019-09-20 14:24:24,499 [ea2f062a-dcfd-4d75-88ac-6c4e2f0364da:group-B792FF3F05E6:LeaderElection55] INFO  server.RaftServerConfigKeys (ConfUtils.java:logGet(43)) - raft.server.staging.catchup.gap = 1000 (default)
2019-09-20 14:24:24,499 [ea2f062a-dcfd-4d75-88ac-6c4e2f0364da:group-B792FF3F05E6:LeaderElection55] INFO  server.RaftServerConfigKeys (ConfUtils.java:logGet(43)) - raft.server.rpc.sleep.time = 25ms (default)
2019-09-20 14:24:24,499 [ea2f062a-dcfd-4d75-88ac-6c4e2f0364da:group-B792FF3F05E6:LeaderElection55] INFO  server.RaftServerConfigKeys (ConfUtils.java:logGet(43)) - raft.server.write.element-limit = 4096 (default)
2019-09-20 14:24:24,500 [ea2f062a-dcfd-4d75-88ac-6c4e2f0364da:group-B792FF3F05E6:LeaderElection55] INFO  server.RaftServerConfigKeys (ConfUtils.java:logGet(43)) - raft.server.watch.timeout = 10s (default)
2019-09-20 14:24:24,500 [ea2f062a-dcfd-4d75-88ac-6c4e2f0364da:group-B792FF3F05E6:LeaderElection55] INFO  server.RaftServerConfigKeys (ConfUtils.java:logGet(43)) - raft.server.watch.timeout.denomination = 1s (default)
2019-09-20 14:24:24,500 [ea2f062a-dcfd-4d75-88ac-6c4e2f0364da:group-B792FF3F05E6:LeaderElection55] INFO  server.RaftServerConfigKeys (ConfUtils.java:logGet(43)) - raft.server.watch.element-limit = 65536 (default)
2019-09-20 14:24:24,500 [ea2f062a-dcfd-4d75-88ac-6c4e2f0364da:group-B792FF3F05E6:LeaderElection55] INFO  impl.RoleInfo (RoleInfo.java:updateAndGet(143)) - ea2f062a-dcfd-4d75-88ac-6c4e2f0364da: start LeaderState
2019-09-20 14:24:24,501 [ea2f062a-dcfd-4d75-88ac-6c4e2f0364da:group-B792FF3F05E6:LeaderElection55] INFO  segmented.SegmentedRaftLogWorker (SegmentedRaftLogWorker.java:startLogSegment(380)) - ea2f062a-dcfd-4d75-88ac-6c4e2f0364da-SegmentedRaftLogWorker:Storage Directory /workdir/hadoop-ozone/ozonefs/target/test-dir/MiniOzoneClusterImpl-72e1902e-de17-4929-8ada-cc6049662493/datanode-9/data/ratis/821d4e71-072a-40cd-895f-b792ff3f05e6: Starting segment from index:0
2019-09-20 14:24:24,501 [ea2f062a-dcfd-4d75-88ac-6c4e2f0364da:group-B792FF3F05E6:LeaderElection55] INFO  impl.RaftServerImpl (ServerState.java:setRaftConf(361)) - ea2f062a-dcfd-4d75-88ac-6c4e2f0364da:group-B792FF3F05E6 set configuration 0: [ea2f062a-dcfd-4d75-88ac-6c4e2f0364da:192.168.36.99:35343], old=null at 0
2019-09-20 14:24:24,508 | INFO  | SCMAudit | user=jenkins1000 | ip=192.168.36.99 | op=SEND_HEARTBEAT {datanodeUUID=e0033df1-dced-4562-b4c4-a94a3cb6c131, command=[]} | ret=SUCCESS |  
2019-09-20 14:24:24,508 | INFO  | SCMAudit | user=jenkins1000 | ip=192.168.36.99 | op=SEND_HEARTBEAT {datanodeUUID=7c330693-1e2f-4265-ad51-f8ae66fac775, command=[]} | ret=SUCCESS |  
2019-09-20 14:24:24,568 [ea2f062a-dcfd-4d75-88ac-6c4e2f0364da-SegmentedRaftLogWorker:Storage Directory /workdir/hadoop-ozone/ozonefs/target/test-dir/MiniOzoneClusterImpl-72e1902e-de17-4929-8ada-cc6049662493/datanode-9/data/ratis/821d4e71-072a-40cd-895f-b792ff3f05e6] INFO  segmented.SegmentedRaftLogWorker (SegmentedRaftLogWorker.java:execute(569)) - ea2f062a-dcfd-4d75-88ac-6c4e2f0364da-SegmentedRaftLogWorker:Storage Directory /workdir/hadoop-ozone/ozonefs/target/test-dir/MiniOzoneClusterImpl-72e1902e-de17-4929-8ada-cc6049662493/datanode-9/data/ratis/821d4e71-072a-40cd-895f-b792ff3f05e6: created new log segment /workdir/hadoop-ozone/ozonefs/target/test-dir/MiniOzoneClusterImpl-72e1902e-de17-4929-8ada-cc6049662493/datanode-9/data/ratis/821d4e71-072a-40cd-895f-b792ff3f05e6/current/log_inprogress_0
2019-09-20 14:24:25,387 | INFO  | SCMAudit | user=jenkins1000 | ip=192.168.36.99 | op=SEND_HEARTBEAT {datanodeUUID=93651a45-ffa4-4bae-ae49-6429ae7182bc, command=[]} | ret=SUCCESS |  
2019-09-20 14:24:25,387 | INFO  | SCMAudit | user=jenkins1000 | ip=192.168.36.99 | op=SEND_HEARTBEAT {datanodeUUID=fc92467e-4cd7-4ea6-9bfc-11250c30c0f6, command=[]} | ret=SUCCESS |  
2019-09-20 14:24:25,387 | INFO  | SCMAudit | user=jenkins1000 | ip=192.168.36.99 | op=SEND_HEARTBEAT {datanodeUUID=4b9e2e33-9606-42c4-a38b-d8e2568a9ed5, command=[]} | ret=SUCCESS |  
2019-09-20 14:24:25,394 | INFO  | SCMAudit | user=jenkins1000 | ip=192.168.36.99 | op=SEND_HEARTBEAT {datanodeUUID=ea2f062a-dcfd-4d75-88ac-6c4e2f0364da, command=[]} | ret=SUCCESS |  
2019-09-20 14:24:25,394 | INFO  | SCMAudit | user=jenkins1000 | ip=192.168.36.99 | op=SEND_HEARTBEAT {datanodeUUID=c0a66530-d43a-4ae5-bdbb-2b9936068aaa, command=[]} | ret=SUCCESS |  
2019-09-20 14:24:25,398 | INFO  | SCMAudit | user=jenkins1000 | ip=192.168.36.99 | op=SEND_HEARTBEAT {datanodeUUID=9101a5c2-dfb1-4c31-830b-4c77eb758348, command=[]} | ret=SUCCESS |  
2019-09-20 14:24:25,446 [Thread-485] INFO  impl.FollowerState (FollowerState.java:run(106)) - ea2f062a-dcfd-4d75-88ac-6c4e2f0364da:group-D91C9EFA14C0 changes to CANDIDATE, lastRpcTime:10446, electionTimeout:5051ms
2019-09-20 14:24:25,446 [Thread-485] INFO  impl.RoleInfo (RoleInfo.java:shutdownFollowerState(121)) - ea2f062a-dcfd-4d75-88ac-6c4e2f0364da: shutdown FollowerState
2019-09-20 14:24:25,446 [Thread-485] INFO  impl.RaftServerImpl (RaftServerImpl.java:setRole(171)) - ea2f062a-dcfd-4d75-88ac-6c4e2f0364da:group-D91C9EFA14C0 changes role from FOLLOWER to CANDIDATE at term 0 for changeToCandidate
2019-09-20 14:24:25,446 [Thread-485] INFO  impl.RoleInfo (RoleInfo.java:updateAndGet(143)) - ea2f062a-dcfd-4d75-88ac-6c4e2f0364da: start LeaderElection
2019-09-20 14:24:25,504 [ea2f062a-dcfd-4d75-88ac-6c4e2f0364da:group-D91C9EFA14C0:LeaderElection56] INFO  impl.LeaderElection (LeaderElection.java:askForVotes(181)) - ea2f062a-dcfd-4d75-88ac-6c4e2f0364da:group-D91C9EFA14C0:LeaderElection56: begin an election at term 1 for -1: [ea2f062a-dcfd-4d75-88ac-6c4e2f0364da:192.168.36.99:35343], old=null
2019-09-20 14:24:25,504 [ea2f062a-dcfd-4d75-88ac-6c4e2f0364da:group-D91C9EFA14C0:LeaderElection56] INFO  impl.RoleInfo (RoleInfo.java:shutdownLeaderElection(134)) - ea2f062a-dcfd-4d75-88ac-6c4e2f0364da: shutdown LeaderElection
2019-09-20 14:24:25,505 [ea2f062a-dcfd-4d75-88ac-6c4e2f0364da:group-D91C9EFA14C0:LeaderElection56] INFO  impl.RaftServerImpl (RaftServerImpl.java:setRole(171)) - ea2f062a-dcfd-4d75-88ac-6c4e2f0364da:group-D91C9EFA14C0 changes role from CANDIDATE to LEADER at term 1 for changeToLeader
2019-09-20 14:24:25,505 [ea2f062a-dcfd-4d75-88ac-6c4e2f0364da:group-D91C9EFA14C0:LeaderElection56] INFO  impl.RaftServerImpl (ServerState.java:setLeader(263)) - ea2f062a-dcfd-4d75-88ac-6c4e2f0364da:group-D91C9EFA14C0 change Leader from null to ea2f062a-dcfd-4d75-88ac-6c4e2f0364da at term 1 for becomeLeader, leader elected after 10509ms
2019-09-20 14:24:25,505 [ea2f062a-dcfd-4d75-88ac-6c4e2f0364da:group-D91C9EFA14C0:LeaderElection56] INFO  server.RaftServerConfigKeys (ConfUtils.java:logGet(43)) - raft.server.staging.catchup.gap = 1000 (default)
2019-09-20 14:24:25,505 [ea2f062a-dcfd-4d75-88ac-6c4e2f0364da:group-D91C9EFA14C0:LeaderElection56] INFO  server.RaftServerConfigKeys (ConfUtils.java:logGet(43)) - raft.server.rpc.sleep.time = 25ms (default)
2019-09-20 14:24:25,505 [ea2f062a-dcfd-4d75-88ac-6c4e2f0364da:group-D91C9EFA14C0:LeaderElection56] INFO  server.RaftServerConfigKeys (ConfUtils.java:logGet(43)) - raft.server.write.element-limit = 4096 (default)
2019-09-20 14:24:25,506 [ea2f062a-dcfd-4d75-88ac-6c4e2f0364da:group-D91C9EFA14C0:LeaderElection56] INFO  server.RaftServerConfigKeys (ConfUtils.java:logGet(43)) - raft.server.watch.timeout = 10s (default)
2019-09-20 14:24:25,506 [ea2f062a-dcfd-4d75-88ac-6c4e2f0364da:group-D91C9EFA14C0:LeaderElection56] INFO  server.RaftServerConfigKeys (ConfUtils.java:logGet(43)) - raft.server.watch.timeout.denomination = 1s (default)
2019-09-20 14:24:25,506 [ea2f062a-dcfd-4d75-88ac-6c4e2f0364da:group-D91C9EFA14C0:LeaderElection56] INFO  server.RaftServerConfigKeys (ConfUtils.java:logGet(43)) - raft.server.watch.element-limit = 65536 (default)
2019-09-20 14:24:25,506 [ea2f062a-dcfd-4d75-88ac-6c4e2f0364da:group-D91C9EFA14C0:LeaderElection56] INFO  impl.RoleInfo (RoleInfo.java:updateAndGet(143)) - ea2f062a-dcfd-4d75-88ac-6c4e2f0364da: start LeaderState
2019-09-20 14:24:25,507 [ea2f062a-dcfd-4d75-88ac-6c4e2f0364da:group-D91C9EFA14C0:LeaderElection56] INFO  segmented.SegmentedRaftLogWorker (SegmentedRaftLogWorker.java:startLogSegment(380)) - ea2f062a-dcfd-4d75-88ac-6c4e2f0364da-SegmentedRaftLogWorker:Storage Directory /workdir/hadoop-ozone/ozonefs/target/test-dir/MiniOzoneClusterImpl-72e1902e-de17-4929-8ada-cc6049662493/datanode-9/data/ratis/31c1d42a-2313-4567-84c0-d91c9efa14c0: Starting segment from index:0
2019-09-20 14:24:25,507 [ea2f062a-dcfd-4d75-88ac-6c4e2f0364da:group-D91C9EFA14C0:LeaderElection56] INFO  impl.RaftServerImpl (ServerState.java:setRaftConf(361)) - ea2f062a-dcfd-4d75-88ac-6c4e2f0364da:group-D91C9EFA14C0 set configuration 0: [ea2f062a-dcfd-4d75-88ac-6c4e2f0364da:192.168.36.99:35343], old=null at 0
2019-09-20 14:24:25,508 | INFO  | SCMAudit | user=jenkins1000 | ip=192.168.36.99 | op=SEND_HEARTBEAT {datanodeUUID=e0033df1-dced-4562-b4c4-a94a3cb6c131, command=[]} | ret=SUCCESS |  
2019-09-20 14:24:25,509 | INFO  | SCMAudit | user=jenkins1000 | ip=192.168.36.99 | op=SEND_HEARTBEAT {datanodeUUID=7c330693-1e2f-4265-ad51-f8ae66fac775, command=[]} | ret=SUCCESS |  
2019-09-20 14:24:25,523 [Thread-463] INFO  impl.FollowerState (FollowerState.java:run(106)) - fc92467e-4cd7-4ea6-9bfc-11250c30c0f6:group-9FDFCC08B083 changes to CANDIDATE, lastRpcTime:11062, electionTimeout:5129ms
2019-09-20 14:24:25,523 [Thread-463] INFO  impl.RoleInfo (RoleInfo.java:shutdownFollowerState(121)) - fc92467e-4cd7-4ea6-9bfc-11250c30c0f6: shutdown FollowerState
2019-09-20 14:24:25,524 [Thread-463] INFO  impl.RaftServerImpl (RaftServerImpl.java:setRole(171)) - fc92467e-4cd7-4ea6-9bfc-11250c30c0f6:group-9FDFCC08B083 changes role from FOLLOWER to CANDIDATE at term 0 for changeToCandidate
2019-09-20 14:24:25,524 [Thread-463] INFO  impl.RoleInfo (RoleInfo.java:updateAndGet(143)) - fc92467e-4cd7-4ea6-9bfc-11250c30c0f6: start LeaderElection
2019-09-20 14:24:25,529 [Thread-466] INFO  impl.FollowerState (FollowerState.java:run(106)) - ea2f062a-dcfd-4d75-88ac-6c4e2f0364da:group-D37F42FD91ED changes to CANDIDATE, lastRpcTime:10943, electionTimeout:5135ms
2019-09-20 14:24:25,530 [Thread-466] INFO  impl.RoleInfo (RoleInfo.java:shutdownFollowerState(121)) - ea2f062a-dcfd-4d75-88ac-6c4e2f0364da: shutdown FollowerState
2019-09-20 14:24:25,530 [Thread-466] INFO  impl.RaftServerImpl (RaftServerImpl.java:setRole(171)) - ea2f062a-dcfd-4d75-88ac-6c4e2f0364da:group-D37F42FD91ED changes role from FOLLOWER to CANDIDATE at term 0 for changeToCandidate
2019-09-20 14:24:25,530 [Thread-466] INFO  impl.RoleInfo (RoleInfo.java:updateAndGet(143)) - ea2f062a-dcfd-4d75-88ac-6c4e2f0364da: start LeaderElection
2019-09-20 14:24:25,553 [Thread-472] INFO  impl.FollowerState (FollowerState.java:run(106)) - ea2f062a-dcfd-4d75-88ac-6c4e2f0364da:group-89023B147EB8 changes to CANDIDATE, lastRpcTime:10856, electionTimeout:5158ms
2019-09-20 14:24:25,553 [Thread-472] INFO  impl.RoleInfo (RoleInfo.java:shutdownFollowerState(121)) - ea2f062a-dcfd-4d75-88ac-6c4e2f0364da: shutdown FollowerState
2019-09-20 14:24:25,553 [Thread-472] INFO  impl.RaftServerImpl (RaftServerImpl.java:setRole(171)) - ea2f062a-dcfd-4d75-88ac-6c4e2f0364da:group-89023B147EB8 changes role from FOLLOWER to CANDIDATE at term 0 for changeToCandidate
2019-09-20 14:24:25,553 [Thread-472] INFO  impl.RoleInfo (RoleInfo.java:updateAndGet(143)) - ea2f062a-dcfd-4d75-88ac-6c4e2f0364da: start LeaderElection
2019-09-20 14:24:25,563 [fc92467e-4cd7-4ea6-9bfc-11250c30c0f6:group-9FDFCC08B083:LeaderElection57] INFO  impl.LeaderElection (LeaderElection.java:askForVotes(181)) - fc92467e-4cd7-4ea6-9bfc-11250c30c0f6:group-9FDFCC08B083:LeaderElection57: begin an election at term 1 for -1: [fc92467e-4cd7-4ea6-9bfc-11250c30c0f6:192.168.36.99:34828], old=null
2019-09-20 14:24:25,563 [ea2f062a-dcfd-4d75-88ac-6c4e2f0364da:group-D37F42FD91ED:LeaderElection58] INFO  impl.LeaderElection (LeaderElection.java:askForVotes(181)) - ea2f062a-dcfd-4d75-88ac-6c4e2f0364da:group-D37F42FD91ED:LeaderElection58: begin an election at term 1 for -1: [ea2f062a-dcfd-4d75-88ac-6c4e2f0364da:192.168.36.99:35343], old=null
2019-09-20 14:24:25,564 [fc92467e-4cd7-4ea6-9bfc-11250c30c0f6:group-9FDFCC08B083:LeaderElection57] INFO  impl.RoleInfo (RoleInfo.java:shutdownLeaderElection(134)) - fc92467e-4cd7-4ea6-9bfc-11250c30c0f6: shutdown LeaderElection
2019-09-20 14:24:25,564 [ea2f062a-dcfd-4d75-88ac-6c4e2f0364da:group-D37F42FD91ED:LeaderElection58] INFO  impl.RoleInfo (RoleInfo.java:shutdownLeaderElection(134)) - ea2f062a-dcfd-4d75-88ac-6c4e2f0364da: shutdown LeaderElection
2019-09-20 14:24:25,564 [fc92467e-4cd7-4ea6-9bfc-11250c30c0f6:group-9FDFCC08B083:LeaderElection57] INFO  impl.RaftServerImpl (RaftServerImpl.java:setRole(171)) - fc92467e-4cd7-4ea6-9bfc-11250c30c0f6:group-9FDFCC08B083 changes role from CANDIDATE to LEADER at term 1 for changeToLeader
2019-09-20 14:24:25,564 [ea2f062a-dcfd-4d75-88ac-6c4e2f0364da:group-D37F42FD91ED:LeaderElection58] INFO  impl.RaftServerImpl (RaftServerImpl.java:setRole(171)) - ea2f062a-dcfd-4d75-88ac-6c4e2f0364da:group-D37F42FD91ED changes role from CANDIDATE to LEADER at term 1 for changeToLeader
2019-09-20 14:24:25,564 [fc92467e-4cd7-4ea6-9bfc-11250c30c0f6:group-9FDFCC08B083:LeaderElection57] INFO  impl.RaftServerImpl (ServerState.java:setLeader(263)) - fc92467e-4cd7-4ea6-9bfc-11250c30c0f6:group-9FDFCC08B083 change Leader from null to fc92467e-4cd7-4ea6-9bfc-11250c30c0f6 at term 1 for becomeLeader, leader elected after 11142ms
2019-09-20 14:24:25,564 [ea2f062a-dcfd-4d75-88ac-6c4e2f0364da:group-D37F42FD91ED:LeaderElection58] INFO  impl.RaftServerImpl (ServerState.java:setLeader(263)) - ea2f062a-dcfd-4d75-88ac-6c4e2f0364da:group-D37F42FD91ED change Leader from null to ea2f062a-dcfd-4d75-88ac-6c4e2f0364da at term 1 for becomeLeader, leader elected after 10982ms
2019-09-20 14:24:25,564 [fc92467e-4cd7-4ea6-9bfc-11250c30c0f6:group-9FDFCC08B083:LeaderElection57] INFO  server.RaftServerConfigKeys (ConfUtils.java:logGet(43)) - raft.server.staging.catchup.gap = 1000 (default)
2019-09-20 14:24:25,565 [ea2f062a-dcfd-4d75-88ac-6c4e2f0364da:group-D37F42FD91ED:LeaderElection58] INFO  server.RaftServerConfigKeys (ConfUtils.java:logGet(43)) - raft.server.staging.catchup.gap = 1000 (default)
2019-09-20 14:24:25,565 [fc92467e-4cd7-4ea6-9bfc-11250c30c0f6:group-9FDFCC08B083:LeaderElection57] INFO  server.RaftServerConfigKeys (ConfUtils.java:logGet(43)) - raft.server.rpc.sleep.time = 25ms (default)
2019-09-20 14:24:25,565 [ea2f062a-dcfd-4d75-88ac-6c4e2f0364da:group-D37F42FD91ED:LeaderElection58] INFO  server.RaftServerConfigKeys (ConfUtils.java:logGet(43)) - raft.server.rpc.sleep.time = 25ms (default)
2019-09-20 14:24:25,565 [fc92467e-4cd7-4ea6-9bfc-11250c30c0f6:group-9FDFCC08B083:LeaderElection57] INFO  server.RaftServerConfigKeys (ConfUtils.java:logGet(43)) - raft.server.write.element-limit = 4096 (default)
2019-09-20 14:24:25,565 [ea2f062a-dcfd-4d75-88ac-6c4e2f0364da:group-D37F42FD91ED:LeaderElection58] INFO  server.RaftServerConfigKeys (ConfUtils.java:logGet(43)) - raft.server.write.element-limit = 4096 (default)
2019-09-20 14:24:25,565 [fc92467e-4cd7-4ea6-9bfc-11250c30c0f6:group-9FDFCC08B083:LeaderElection57] INFO  server.RaftServerConfigKeys (ConfUtils.java:logGet(43)) - raft.server.watch.timeout = 10s (default)
2019-09-20 14:24:25,565 [ea2f062a-dcfd-4d75-88ac-6c4e2f0364da:group-D37F42FD91ED:LeaderElection58] INFO  server.RaftServerConfigKeys (ConfUtils.java:logGet(43)) - raft.server.watch.timeout = 10s (default)
2019-09-20 14:24:25,566 [fc92467e-4cd7-4ea6-9bfc-11250c30c0f6:group-9FDFCC08B083:LeaderElection57] INFO  server.RaftServerConfigKeys (ConfUtils.java:logGet(43)) - raft.server.watch.timeout.denomination = 1s (default)
2019-09-20 14:24:25,566 [ea2f062a-dcfd-4d75-88ac-6c4e2f0364da:group-D37F42FD91ED:LeaderElection58] INFO  server.RaftServerConfigKeys (ConfUtils.java:logGet(43)) - raft.server.watch.timeout.denomination = 1s (default)
2019-09-20 14:24:25,566 [fc92467e-4cd7-4ea6-9bfc-11250c30c0f6:group-9FDFCC08B083:LeaderElection57] INFO  server.RaftServerConfigKeys (ConfUtils.java:logGet(43)) - raft.server.watch.element-limit = 65536 (default)
2019-09-20 14:24:25,566 [ea2f062a-dcfd-4d75-88ac-6c4e2f0364da:group-D37F42FD91ED:LeaderElection58] INFO  server.RaftServerConfigKeys (ConfUtils.java:logGet(43)) - raft.server.watch.element-limit = 65536 (default)
2019-09-20 14:24:25,566 [fc92467e-4cd7-4ea6-9bfc-11250c30c0f6:group-9FDFCC08B083:LeaderElection57] INFO  impl.RoleInfo (RoleInfo.java:updateAndGet(143)) - fc92467e-4cd7-4ea6-9bfc-11250c30c0f6: start LeaderState
2019-09-20 14:24:25,566 [ea2f062a-dcfd-4d75-88ac-6c4e2f0364da:group-D37F42FD91ED:LeaderElection58] INFO  impl.RoleInfo (RoleInfo.java:updateAndGet(143)) - ea2f062a-dcfd-4d75-88ac-6c4e2f0364da: start LeaderState
2019-09-20 14:24:25,567 [fc92467e-4cd7-4ea6-9bfc-11250c30c0f6:group-9FDFCC08B083:LeaderElection57] INFO  segmented.SegmentedRaftLogWorker (SegmentedRaftLogWorker.java:startLogSegment(380)) - fc92467e-4cd7-4ea6-9bfc-11250c30c0f6-SegmentedRaftLogWorker:Storage Directory /workdir/hadoop-ozone/ozonefs/target/test-dir/MiniOzoneClusterImpl-72e1902e-de17-4929-8ada-cc6049662493/datanode-8/data/ratis/c17e23a1-cadf-43d2-a8b2-9fdfcc08b083: Starting segment from index:0
2019-09-20 14:24:25,567 [ea2f062a-dcfd-4d75-88ac-6c4e2f0364da:group-D37F42FD91ED:LeaderElection58] INFO  segmented.SegmentedRaftLogWorker (SegmentedRaftLogWorker.java:startLogSegment(380)) - ea2f062a-dcfd-4d75-88ac-6c4e2f0364da-SegmentedRaftLogWorker:Storage Directory /workdir/hadoop-ozone/ozonefs/target/test-dir/MiniOzoneClusterImpl-72e1902e-de17-4929-8ada-cc6049662493/datanode-9/data/ratis/912ecd42-b130-4dcc-9ff1-d37f42fd91ed: Starting segment from index:0
2019-09-20 14:24:25,567 [fc92467e-4cd7-4ea6-9bfc-11250c30c0f6:group-9FDFCC08B083:LeaderElection57] INFO  impl.RaftServerImpl (ServerState.java:setRaftConf(361)) - fc92467e-4cd7-4ea6-9bfc-11250c30c0f6:group-9FDFCC08B083 set configuration 0: [fc92467e-4cd7-4ea6-9bfc-11250c30c0f6:192.168.36.99:34828], old=null at 0
2019-09-20 14:24:25,568 [ea2f062a-dcfd-4d75-88ac-6c4e2f0364da:group-D37F42FD91ED:LeaderElection58] INFO  impl.RaftServerImpl (ServerState.java:setRaftConf(361)) - ea2f062a-dcfd-4d75-88ac-6c4e2f0364da:group-D37F42FD91ED set configuration 0: [ea2f062a-dcfd-4d75-88ac-6c4e2f0364da:192.168.36.99:35343], old=null at 0
2019-09-20 14:24:25,613 [Thread-479] INFO  impl.FollowerState (FollowerState.java:run(106)) - ea2f062a-dcfd-4d75-88ac-6c4e2f0364da:group-AB449B5A13CC changes to CANDIDATE, lastRpcTime:10746, electionTimeout:5197ms
2019-09-20 14:24:25,613 [Thread-479] INFO  impl.RoleInfo (RoleInfo.java:shutdownFollowerState(121)) - ea2f062a-dcfd-4d75-88ac-6c4e2f0364da: shutdown FollowerState
2019-09-20 14:24:25,613 [ea2f062a-dcfd-4d75-88ac-6c4e2f0364da-SegmentedRaftLogWorker:Storage Directory /workdir/hadoop-ozone/ozonefs/target/test-dir/MiniOzoneClusterImpl-72e1902e-de17-4929-8ada-cc6049662493/datanode-9/data/ratis/31c1d42a-2313-4567-84c0-d91c9efa14c0] INFO  segmented.SegmentedRaftLogWorker (SegmentedRaftLogWorker.java:execute(569)) - ea2f062a-dcfd-4d75-88ac-6c4e2f0364da-SegmentedRaftLogWorker:Storage Directory /workdir/hadoop-ozone/ozonefs/target/test-dir/MiniOzoneClusterImpl-72e1902e-de17-4929-8ada-cc6049662493/datanode-9/data/ratis/31c1d42a-2313-4567-84c0-d91c9efa14c0: created new log segment /workdir/hadoop-ozone/ozonefs/target/test-dir/MiniOzoneClusterImpl-72e1902e-de17-4929-8ada-cc6049662493/datanode-9/data/ratis/31c1d42a-2313-4567-84c0-d91c9efa14c0/current/log_inprogress_0
2019-09-20 14:24:25,613 [ea2f062a-dcfd-4d75-88ac-6c4e2f0364da:group-89023B147EB8:LeaderElection59] INFO  impl.LeaderElection (LeaderElection.java:askForVotes(181)) - ea2f062a-dcfd-4d75-88ac-6c4e2f0364da:group-89023B147EB8:LeaderElection59: begin an election at term 1 for -1: [ea2f062a-dcfd-4d75-88ac-6c4e2f0364da:192.168.36.99:35343], old=null
2019-09-20 14:24:25,613 [Thread-479] INFO  impl.RaftServerImpl (RaftServerImpl.java:setRole(171)) - ea2f062a-dcfd-4d75-88ac-6c4e2f0364da:group-AB449B5A13CC changes role from FOLLOWER to CANDIDATE at term 0 for changeToCandidate
2019-09-20 14:24:25,613 [ea2f062a-dcfd-4d75-88ac-6c4e2f0364da:group-89023B147EB8:LeaderElection59] INFO  impl.RoleInfo (RoleInfo.java:shutdownLeaderElection(134)) - ea2f062a-dcfd-4d75-88ac-6c4e2f0364da: shutdown LeaderElection
2019-09-20 14:24:25,613 [ea2f062a-dcfd-4d75-88ac-6c4e2f0364da:group-89023B147EB8:LeaderElection59] INFO  impl.RaftServerImpl (RaftServerImpl.java:setRole(171)) - ea2f062a-dcfd-4d75-88ac-6c4e2f0364da:group-89023B147EB8 changes role from CANDIDATE to LEADER at term 1 for changeToLeader
2019-09-20 14:24:25,613 [Thread-479] INFO  impl.RoleInfo (RoleInfo.java:updateAndGet(143)) - ea2f062a-dcfd-4d75-88ac-6c4e2f0364da: start LeaderElection
2019-09-20 14:24:25,614 [ea2f062a-dcfd-4d75-88ac-6c4e2f0364da:group-89023B147EB8:LeaderElection59] INFO  impl.RaftServerImpl (ServerState.java:setLeader(263)) - ea2f062a-dcfd-4d75-88ac-6c4e2f0364da:group-89023B147EB8 change Leader from null to ea2f062a-dcfd-4d75-88ac-6c4e2f0364da at term 1 for becomeLeader, leader elected after 10922ms
2019-09-20 14:24:25,614 [ea2f062a-dcfd-4d75-88ac-6c4e2f0364da:group-89023B147EB8:LeaderElection59] INFO  server.RaftServerConfigKeys (ConfUtils.java:logGet(43)) - raft.server.staging.catchup.gap = 1000 (default)
2019-09-20 14:24:25,614 [ea2f062a-dcfd-4d75-88ac-6c4e2f0364da:group-89023B147EB8:LeaderElection59] INFO  server.RaftServerConfigKeys (ConfUtils.java:logGet(43)) - raft.server.rpc.sleep.time = 25ms (default)
2019-09-20 14:24:25,614 [ea2f062a-dcfd-4d75-88ac-6c4e2f0364da:group-89023B147EB8:LeaderElection59] INFO  server.RaftServerConfigKeys (ConfUtils.java:logGet(43)) - raft.server.write.element-limit = 4096 (default)
2019-09-20 14:24:25,614 [ea2f062a-dcfd-4d75-88ac-6c4e2f0364da:group-89023B147EB8:LeaderElection59] INFO  server.RaftServerConfigKeys (ConfUtils.java:logGet(43)) - raft.server.watch.timeout = 10s (default)
2019-09-20 14:24:25,615 [ea2f062a-dcfd-4d75-88ac-6c4e2f0364da:group-89023B147EB8:LeaderElection59] INFO  server.RaftServerConfigKeys (ConfUtils.java:logGet(43)) - raft.server.watch.timeout.denomination = 1s (default)
2019-09-20 14:24:25,615 [ea2f062a-dcfd-4d75-88ac-6c4e2f0364da:group-89023B147EB8:LeaderElection59] INFO  server.RaftServerConfigKeys (ConfUtils.java:logGet(43)) - raft.server.watch.element-limit = 65536 (default)
2019-09-20 14:24:25,615 [ea2f062a-dcfd-4d75-88ac-6c4e2f0364da:group-89023B147EB8:LeaderElection59] INFO  impl.RoleInfo (RoleInfo.java:updateAndGet(143)) - ea2f062a-dcfd-4d75-88ac-6c4e2f0364da: start LeaderState
2019-09-20 14:24:25,615 [ea2f062a-dcfd-4d75-88ac-6c4e2f0364da:group-89023B147EB8:LeaderElection59] INFO  segmented.SegmentedRaftLogWorker (SegmentedRaftLogWorker.java:startLogSegment(380)) - ea2f062a-dcfd-4d75-88ac-6c4e2f0364da-SegmentedRaftLogWorker:Storage Directory /workdir/hadoop-ozone/ozonefs/target/test-dir/MiniOzoneClusterImpl-72e1902e-de17-4929-8ada-cc6049662493/datanode-9/data/ratis/9673c036-2245-4d72-8427-89023b147eb8: Starting segment from index:0
2019-09-20 14:24:25,616 [ea2f062a-dcfd-4d75-88ac-6c4e2f0364da:group-89023B147EB8:LeaderElection59] INFO  impl.RaftServerImpl (ServerState.java:setRaftConf(361)) - ea2f062a-dcfd-4d75-88ac-6c4e2f0364da:group-89023B147EB8 set configuration 0: [ea2f062a-dcfd-4d75-88ac-6c4e2f0364da:192.168.36.99:35343], old=null at 0
2019-09-20 14:24:25,637 [fc92467e-4cd7-4ea6-9bfc-11250c30c0f6-SegmentedRaftLogWorker:Storage Directory /workdir/hadoop-ozone/ozonefs/target/test-dir/MiniOzoneClusterImpl-72e1902e-de17-4929-8ada-cc6049662493/datanode-8/data/ratis/c17e23a1-cadf-43d2-a8b2-9fdfcc08b083] INFO  segmented.SegmentedRaftLogWorker (SegmentedRaftLogWorker.java:execute(569)) - fc92467e-4cd7-4ea6-9bfc-11250c30c0f6-SegmentedRaftLogWorker:Storage Directory /workdir/hadoop-ozone/ozonefs/target/test-dir/MiniOzoneClusterImpl-72e1902e-de17-4929-8ada-cc6049662493/datanode-8/data/ratis/c17e23a1-cadf-43d2-a8b2-9fdfcc08b083: created new log segment /workdir/hadoop-ozone/ozonefs/target/test-dir/MiniOzoneClusterImpl-72e1902e-de17-4929-8ada-cc6049662493/datanode-8/data/ratis/c17e23a1-cadf-43d2-a8b2-9fdfcc08b083/current/log_inprogress_0
2019-09-20 14:24:25,637 [ea2f062a-dcfd-4d75-88ac-6c4e2f0364da:group-AB449B5A13CC:LeaderElection60] INFO  impl.LeaderElection (LeaderElection.java:askForVotes(181)) - ea2f062a-dcfd-4d75-88ac-6c4e2f0364da:group-AB449B5A13CC:LeaderElection60: begin an election at term 1 for -1: [ea2f062a-dcfd-4d75-88ac-6c4e2f0364da:192.168.36.99:35343], old=null
2019-09-20 14:24:25,637 [ea2f062a-dcfd-4d75-88ac-6c4e2f0364da-SegmentedRaftLogWorker:Storage Directory /workdir/hadoop-ozone/ozonefs/target/test-dir/MiniOzoneClusterImpl-72e1902e-de17-4929-8ada-cc6049662493/datanode-9/data/ratis/912ecd42-b130-4dcc-9ff1-d37f42fd91ed] INFO  segmented.SegmentedRaftLogWorker (SegmentedRaftLogWorker.java:execute(569)) - ea2f062a-dcfd-4d75-88ac-6c4e2f0364da-SegmentedRaftLogWorker:Storage Directory /workdir/hadoop-ozone/ozonefs/target/test-dir/MiniOzoneClusterImpl-72e1902e-de17-4929-8ada-cc6049662493/datanode-9/data/ratis/912ecd42-b130-4dcc-9ff1-d37f42fd91ed: created new log segment /workdir/hadoop-ozone/ozonefs/target/test-dir/MiniOzoneClusterImpl-72e1902e-de17-4929-8ada-cc6049662493/datanode-9/data/ratis/912ecd42-b130-4dcc-9ff1-d37f42fd91ed/current/log_inprogress_0
2019-09-20 14:24:25,637 [ea2f062a-dcfd-4d75-88ac-6c4e2f0364da:group-AB449B5A13CC:LeaderElection60] INFO  impl.RoleInfo (RoleInfo.java:shutdownLeaderElection(134)) - ea2f062a-dcfd-4d75-88ac-6c4e2f0364da: shutdown LeaderElection
2019-09-20 14:24:25,638 [ea2f062a-dcfd-4d75-88ac-6c4e2f0364da:group-AB449B5A13CC:LeaderElection60] INFO  impl.RaftServerImpl (RaftServerImpl.java:setRole(171)) - ea2f062a-dcfd-4d75-88ac-6c4e2f0364da:group-AB449B5A13CC changes role from CANDIDATE to LEADER at term 1 for changeToLeader
2019-09-20 14:24:25,638 [ea2f062a-dcfd-4d75-88ac-6c4e2f0364da:group-AB449B5A13CC:LeaderElection60] INFO  impl.RaftServerImpl (ServerState.java:setLeader(263)) - ea2f062a-dcfd-4d75-88ac-6c4e2f0364da:group-AB449B5A13CC change Leader from null to ea2f062a-dcfd-4d75-88ac-6c4e2f0364da at term 1 for becomeLeader, leader elected after 10827ms
2019-09-20 14:24:25,638 [ea2f062a-dcfd-4d75-88ac-6c4e2f0364da:group-AB449B5A13CC:LeaderElection60] INFO  server.RaftServerConfigKeys (ConfUtils.java:logGet(43)) - raft.server.staging.catchup.gap = 1000 (default)
2019-09-20 14:24:25,638 [ea2f062a-dcfd-4d75-88ac-6c4e2f0364da:group-AB449B5A13CC:LeaderElection60] INFO  server.RaftServerConfigKeys (ConfUtils.java:logGet(43)) - raft.server.rpc.sleep.time = 25ms (default)
2019-09-20 14:24:25,638 [ea2f062a-dcfd-4d75-88ac-6c4e2f0364da:group-AB449B5A13CC:LeaderElection60] INFO  server.RaftServerConfigKeys (ConfUtils.java:logGet(43)) - raft.server.write.element-limit = 4096 (default)
2019-09-20 14:24:25,639 [ea2f062a-dcfd-4d75-88ac-6c4e2f0364da:group-AB449B5A13CC:LeaderElection60] INFO  server.RaftServerConfigKeys (ConfUtils.java:logGet(43)) - raft.server.watch.timeout = 10s (default)
2019-09-20 14:24:25,639 [ea2f062a-dcfd-4d75-88ac-6c4e2f0364da:group-AB449B5A13CC:LeaderElection60] INFO  server.RaftServerConfigKeys (ConfUtils.java:logGet(43)) - raft.server.watch.timeout.denomination = 1s (default)
2019-09-20 14:24:25,639 [ea2f062a-dcfd-4d75-88ac-6c4e2f0364da:group-AB449B5A13CC:LeaderElection60] INFO  server.RaftServerConfigKeys (ConfUtils.java:logGet(43)) - raft.server.watch.element-limit = 65536 (default)
2019-09-20 14:24:25,639 [ea2f062a-dcfd-4d75-88ac-6c4e2f0364da:group-AB449B5A13CC:LeaderElection60] INFO  impl.RoleInfo (RoleInfo.java:updateAndGet(143)) - ea2f062a-dcfd-4d75-88ac-6c4e2f0364da: start LeaderState
2019-09-20 14:24:25,640 [ea2f062a-dcfd-4d75-88ac-6c4e2f0364da:group-AB449B5A13CC:LeaderElection60] INFO  segmented.SegmentedRaftLogWorker (SegmentedRaftLogWorker.java:startLogSegment(380)) - ea2f062a-dcfd-4d75-88ac-6c4e2f0364da-SegmentedRaftLogWorker:Storage Directory /workdir/hadoop-ozone/ozonefs/target/test-dir/MiniOzoneClusterImpl-72e1902e-de17-4929-8ada-cc6049662493/datanode-9/data/ratis/b59ed6b5-208f-400e-9201-ab449b5a13cc: Starting segment from index:0
2019-09-20 14:24:25,640 [ea2f062a-dcfd-4d75-88ac-6c4e2f0364da:group-AB449B5A13CC:LeaderElection60] INFO  impl.RaftServerImpl (ServerState.java:setRaftConf(361)) - ea2f062a-dcfd-4d75-88ac-6c4e2f0364da:group-AB449B5A13CC set configuration 0: [ea2f062a-dcfd-4d75-88ac-6c4e2f0364da:192.168.36.99:35343], old=null at 0
2019-09-20 14:24:25,697 [ea2f062a-dcfd-4d75-88ac-6c4e2f0364da-SegmentedRaftLogWorker:Storage Directory /workdir/hadoop-ozone/ozonefs/target/test-dir/MiniOzoneClusterImpl-72e1902e-de17-4929-8ada-cc6049662493/datanode-9/data/ratis/9673c036-2245-4d72-8427-89023b147eb8] INFO  segmented.SegmentedRaftLogWorker (SegmentedRaftLogWorker.java:execute(569)) - ea2f062a-dcfd-4d75-88ac-6c4e2f0364da-SegmentedRaftLogWorker:Storage Directory /workdir/hadoop-ozone/ozonefs/target/test-dir/MiniOzoneClusterImpl-72e1902e-de17-4929-8ada-cc6049662493/datanode-9/data/ratis/9673c036-2245-4d72-8427-89023b147eb8: created new log segment /workdir/hadoop-ozone/ozonefs/target/test-dir/MiniOzoneClusterImpl-72e1902e-de17-4929-8ada-cc6049662493/datanode-9/data/ratis/9673c036-2245-4d72-8427-89023b147eb8/current/log_inprogress_0
2019-09-20 14:24:25,697 [ea2f062a-dcfd-4d75-88ac-6c4e2f0364da-SegmentedRaftLogWorker:Storage Directory /workdir/hadoop-ozone/ozonefs/target/test-dir/MiniOzoneClusterImpl-72e1902e-de17-4929-8ada-cc6049662493/datanode-9/data/ratis/b59ed6b5-208f-400e-9201-ab449b5a13cc] INFO  segmented.SegmentedRaftLogWorker (SegmentedRaftLogWorker.java:execute(569)) - ea2f062a-dcfd-4d75-88ac-6c4e2f0364da-SegmentedRaftLogWorker:Storage Directory /workdir/hadoop-ozone/ozonefs/target/test-dir/MiniOzoneClusterImpl-72e1902e-de17-4929-8ada-cc6049662493/datanode-9/data/ratis/b59ed6b5-208f-400e-9201-ab449b5a13cc: created new log segment /workdir/hadoop-ozone/ozonefs/target/test-dir/MiniOzoneClusterImpl-72e1902e-de17-4929-8ada-cc6049662493/datanode-9/data/ratis/b59ed6b5-208f-400e-9201-ab449b5a13cc/current/log_inprogress_0
2019-09-20 14:24:25,715 [main] INFO  ozoneimpl.OzoneContainer (OzoneContainer.java:stop(199)) - Attempting to stop container services.
2019-09-20 14:24:25,715 [ForkJoinPool.commonPool-worker-1] INFO  ozoneimpl.OzoneContainer (OzoneContainer.java:stop(199)) - Attempting to stop container services.
2019-09-20 14:24:25,716 [main] INFO  impl.RaftServerProxy (RaftServerProxy.java:lambda$close$4(314)) - f44a1c99-f9ac-4ca4-85ec-e98b84e0ebc2: close
2019-09-20 14:24:25,716 [ForkJoinPool.commonPool-worker-1] INFO  impl.RaftServerProxy (RaftServerProxy.java:lambda$close$4(314)) - 926b0f41-0722-49ff-a592-68b703f22f49: close
2019-09-20 14:24:25,719 [main] INFO  impl.RaftServerImpl (RaftServerImpl.java:lambda$shutdown$3(245)) - f44a1c99-f9ac-4ca4-85ec-e98b84e0ebc2: shutdown group-665B61345E5E
2019-09-20 14:24:25,719 [ForkJoinPool.commonPool-worker-1] INFO  impl.RaftServerImpl (RaftServerImpl.java:lambda$shutdown$3(245)) - 926b0f41-0722-49ff-a592-68b703f22f49: shutdown group-1B98289B3246
2019-09-20 14:24:25,720 [main] INFO  util.JmxRegister (JmxRegister.java:unregister(73)) - Successfully un-registered JMX Bean with object name Ratis:service=RaftServer,group=group-665B61345E5E,id=f44a1c99-f9ac-4ca4-85ec-e98b84e0ebc2
2019-09-20 14:24:25,720 [ForkJoinPool.commonPool-worker-1] INFO  util.JmxRegister (JmxRegister.java:unregister(73)) - Successfully un-registered JMX Bean with object name Ratis:service=RaftServer,group=group-1B98289B3246,id=926b0f41-0722-49ff-a592-68b703f22f49
2019-09-20 14:24:25,720 [main] INFO  impl.RoleInfo (RoleInfo.java:shutdownLeaderState(104)) - f44a1c99-f9ac-4ca4-85ec-e98b84e0ebc2: shutdown LeaderState
2019-09-20 14:24:25,721 [ForkJoinPool.commonPool-worker-1] INFO  impl.RoleInfo (RoleInfo.java:shutdownLeaderState(104)) - 926b0f41-0722-49ff-a592-68b703f22f49: shutdown LeaderState
2019-09-20 14:24:25,723 [main] INFO  impl.PendingRequests (PendingRequests.java:sendNotLeaderResponses(202)) - f44a1c99-f9ac-4ca4-85ec-e98b84e0ebc2-PendingRequests: sendNotLeaderResponses
2019-09-20 14:24:25,723 [ForkJoinPool.commonPool-worker-1] INFO  impl.PendingRequests (PendingRequests.java:sendNotLeaderResponses(202)) - 926b0f41-0722-49ff-a592-68b703f22f49-PendingRequests: sendNotLeaderResponses
2019-09-20 14:24:25,729 [main] INFO  impl.StateMachineUpdater (StateMachineUpdater.java:stopAndJoin(115)) - StateMachineUpdater:f44a1c99-f9ac-4ca4-85ec-e98b84e0ebc2:group-665B61345E5E: set stopIndex = 0
2019-09-20 14:24:25,729 [ForkJoinPool.commonPool-worker-1] INFO  impl.StateMachineUpdater (StateMachineUpdater.java:stopAndJoin(115)) - StateMachineUpdater:926b0f41-0722-49ff-a592-68b703f22f49:group-1B98289B3246: set stopIndex = 0
2019-09-20 14:24:25,732 [main] INFO  impl.RaftServerImpl (ServerState.java:close(394)) - f44a1c99-f9ac-4ca4-85ec-e98b84e0ebc2:group-665B61345E5E closes. The last applied log index is 0
2019-09-20 14:24:25,733 [ForkJoinPool.commonPool-worker-1] INFO  impl.RaftServerImpl (ServerState.java:close(394)) - 926b0f41-0722-49ff-a592-68b703f22f49:group-1B98289B3246 closes. The last applied log index is 0
2019-09-20 14:24:25,735 [926b0f41-0722-49ff-a592-68b703f22f49-SegmentedRaftLogWorker:Storage Directory /workdir/hadoop-ozone/ozonefs/target/test-dir/MiniOzoneClusterImpl-72e1902e-de17-4929-8ada-cc6049662493/datanode-2/data/ratis/2b8f4e41-cff5-407f-9434-1b98289b3246] INFO  segmented.SegmentedRaftLogWorker (SegmentedRaftLogWorker.java:run(313)) - 926b0f41-0722-49ff-a592-68b703f22f49-SegmentedRaftLogWorker:Storage Directory /workdir/hadoop-ozone/ozonefs/target/test-dir/MiniOzoneClusterImpl-72e1902e-de17-4929-8ada-cc6049662493/datanode-2/data/ratis/2b8f4e41-cff5-407f-9434-1b98289b3246 was interrupted, exiting. There are 0 tasks remaining in the queue.
2019-09-20 14:24:25,735 [f44a1c99-f9ac-4ca4-85ec-e98b84e0ebc2-SegmentedRaftLogWorker:Storage Directory /workdir/hadoop-ozone/ozonefs/target/test-dir/MiniOzoneClusterImpl-72e1902e-de17-4929-8ada-cc6049662493/datanode-5/data/ratis/18a3e7d5-3d3b-4ca1-b09b-665b61345e5e] INFO  segmented.SegmentedRaftLogWorker (SegmentedRaftLogWorker.java:run(313)) - f44a1c99-f9ac-4ca4-85ec-e98b84e0ebc2-SegmentedRaftLogWorker:Storage Directory /workdir/hadoop-ozone/ozonefs/target/test-dir/MiniOzoneClusterImpl-72e1902e-de17-4929-8ada-cc6049662493/datanode-5/data/ratis/18a3e7d5-3d3b-4ca1-b09b-665b61345e5e was interrupted, exiting. There are 0 tasks remaining in the queue.
2019-09-20 14:24:25,739 [ForkJoinPool.commonPool-worker-1] INFO  segmented.SegmentedRaftLogWorker (SegmentedRaftLogWorker.java:close(228)) - 926b0f41-0722-49ff-a592-68b703f22f49-SegmentedRaftLogWorker:Storage Directory /workdir/hadoop-ozone/ozonefs/target/test-dir/MiniOzoneClusterImpl-72e1902e-de17-4929-8ada-cc6049662493/datanode-2/data/ratis/2b8f4e41-cff5-407f-9434-1b98289b3246 close()
2019-09-20 14:24:25,739 [main] INFO  segmented.SegmentedRaftLogWorker (SegmentedRaftLogWorker.java:close(228)) - f44a1c99-f9ac-4ca4-85ec-e98b84e0ebc2-SegmentedRaftLogWorker:Storage Directory /workdir/hadoop-ozone/ozonefs/target/test-dir/MiniOzoneClusterImpl-72e1902e-de17-4929-8ada-cc6049662493/datanode-5/data/ratis/18a3e7d5-3d3b-4ca1-b09b-665b61345e5e close()
2019-09-20 14:24:25,751 [main] INFO  impl.RaftServerImpl (RaftServerImpl.java:lambda$shutdown$3(245)) - f44a1c99-f9ac-4ca4-85ec-e98b84e0ebc2: shutdown group-3D6C423E0720
2019-09-20 14:24:25,751 [ForkJoinPool.commonPool-worker-1] INFO  impl.RaftServerImpl (RaftServerImpl.java:lambda$shutdown$3(245)) - 926b0f41-0722-49ff-a592-68b703f22f49: shutdown group-12336AB9A6C2
2019-09-20 14:24:25,751 [main] INFO  util.JmxRegister (JmxRegister.java:unregister(73)) - Successfully un-registered JMX Bean with object name Ratis:service=RaftServer,group=group-3D6C423E0720,id=f44a1c99-f9ac-4ca4-85ec-e98b84e0ebc2
2019-09-20 14:24:25,751 [ForkJoinPool.commonPool-worker-1] INFO  util.JmxRegister (JmxRegister.java:unregister(73)) - Successfully un-registered JMX Bean with object name Ratis:service=RaftServer,group=group-12336AB9A6C2,id=926b0f41-0722-49ff-a592-68b703f22f49
2019-09-20 14:24:25,752 [main] INFO  impl.RoleInfo (RoleInfo.java:shutdownLeaderState(104)) - f44a1c99-f9ac-4ca4-85ec-e98b84e0ebc2: shutdown LeaderState
2019-09-20 14:24:25,752 [ForkJoinPool.commonPool-worker-1] INFO  impl.RoleInfo (RoleInfo.java:shutdownLeaderState(104)) - 926b0f41-0722-49ff-a592-68b703f22f49: shutdown LeaderState
2019-09-20 14:24:25,752 [main] INFO  impl.PendingRequests (PendingRequests.java:sendNotLeaderResponses(202)) - f44a1c99-f9ac-4ca4-85ec-e98b84e0ebc2-PendingRequests: sendNotLeaderResponses
2019-09-20 14:24:25,753 [ForkJoinPool.commonPool-worker-1] INFO  impl.PendingRequests (PendingRequests.java:sendNotLeaderResponses(202)) - 926b0f41-0722-49ff-a592-68b703f22f49-PendingRequests: sendNotLeaderResponses
2019-09-20 14:24:25,753 [main] INFO  impl.StateMachineUpdater (StateMachineUpdater.java:stopAndJoin(115)) - StateMachineUpdater:f44a1c99-f9ac-4ca4-85ec-e98b84e0ebc2:group-3D6C423E0720: set stopIndex = 0
2019-09-20 14:24:25,754 [ForkJoinPool.commonPool-worker-1] INFO  impl.StateMachineUpdater (StateMachineUpdater.java:stopAndJoin(115)) - StateMachineUpdater:926b0f41-0722-49ff-a592-68b703f22f49:group-12336AB9A6C2: set stopIndex = 0
2019-09-20 14:24:25,754 [main] INFO  impl.RaftServerImpl (ServerState.java:close(394)) - f44a1c99-f9ac-4ca4-85ec-e98b84e0ebc2:group-3D6C423E0720 closes. The last applied log index is 0
2019-09-20 14:24:25,754 [ForkJoinPool.commonPool-worker-1] INFO  impl.RaftServerImpl (ServerState.java:close(394)) - 926b0f41-0722-49ff-a592-68b703f22f49:group-12336AB9A6C2 closes. The last applied log index is 0
2019-09-20 14:24:25,755 [f44a1c99-f9ac-4ca4-85ec-e98b84e0ebc2-SegmentedRaftLogWorker:Storage Directory /workdir/hadoop-ozone/ozonefs/target/test-dir/MiniOzoneClusterImpl-72e1902e-de17-4929-8ada-cc6049662493/datanode-5/data/ratis/569d3efa-f468-45b0-824a-3d6c423e0720] INFO  segmented.SegmentedRaftLogWorker (SegmentedRaftLogWorker.java:run(313)) - f44a1c99-f9ac-4ca4-85ec-e98b84e0ebc2-SegmentedRaftLogWorker:Storage Directory /workdir/hadoop-ozone/ozonefs/target/test-dir/MiniOzoneClusterImpl-72e1902e-de17-4929-8ada-cc6049662493/datanode-5/data/ratis/569d3efa-f468-45b0-824a-3d6c423e0720 was interrupted, exiting. There are 0 tasks remaining in the queue.
2019-09-20 14:24:25,755 [926b0f41-0722-49ff-a592-68b703f22f49-SegmentedRaftLogWorker:Storage Directory /workdir/hadoop-ozone/ozonefs/target/test-dir/MiniOzoneClusterImpl-72e1902e-de17-4929-8ada-cc6049662493/datanode-2/data/ratis/d1acca1a-1d23-4e4c-9469-12336ab9a6c2] INFO  segmented.SegmentedRaftLogWorker (SegmentedRaftLogWorker.java:run(313)) - 926b0f41-0722-49ff-a592-68b703f22f49-SegmentedRaftLogWorker:Storage Directory /workdir/hadoop-ozone/ozonefs/target/test-dir/MiniOzoneClusterImpl-72e1902e-de17-4929-8ada-cc6049662493/datanode-2/data/ratis/d1acca1a-1d23-4e4c-9469-12336ab9a6c2 was interrupted, exiting. There are 0 tasks remaining in the queue.
2019-09-20 14:24:25,758 [main] INFO  segmented.SegmentedRaftLogWorker (SegmentedRaftLogWorker.java:close(228)) - f44a1c99-f9ac-4ca4-85ec-e98b84e0ebc2-SegmentedRaftLogWorker:Storage Directory /workdir/hadoop-ozone/ozonefs/target/test-dir/MiniOzoneClusterImpl-72e1902e-de17-4929-8ada-cc6049662493/datanode-5/data/ratis/569d3efa-f468-45b0-824a-3d6c423e0720 close()
2019-09-20 14:24:25,760 [ForkJoinPool.commonPool-worker-1] INFO  segmented.SegmentedRaftLogWorker (SegmentedRaftLogWorker.java:close(228)) - 926b0f41-0722-49ff-a592-68b703f22f49-SegmentedRaftLogWorker:Storage Directory /workdir/hadoop-ozone/ozonefs/target/test-dir/MiniOzoneClusterImpl-72e1902e-de17-4929-8ada-cc6049662493/datanode-2/data/ratis/d1acca1a-1d23-4e4c-9469-12336ab9a6c2 close()
2019-09-20 14:24:25,766 [main] INFO  impl.RaftServerImpl (RaftServerImpl.java:lambda$shutdown$3(245)) - f44a1c99-f9ac-4ca4-85ec-e98b84e0ebc2: shutdown group-5811542B7F5F
2019-09-20 14:24:25,771 [ForkJoinPool.commonPool-worker-1] INFO  impl.RaftServerImpl (RaftServerImpl.java:lambda$shutdown$3(245)) - 926b0f41-0722-49ff-a592-68b703f22f49: shutdown group-5C5F039D2913
2019-09-20 14:24:25,771 [main] INFO  util.JmxRegister (JmxRegister.java:unregister(73)) - Successfully un-registered JMX Bean with object name Ratis:service=RaftServer,group=group-5811542B7F5F,id=f44a1c99-f9ac-4ca4-85ec-e98b84e0ebc2
2019-09-20 14:24:25,771 [ForkJoinPool.commonPool-worker-1] INFO  util.JmxRegister (JmxRegister.java:unregister(73)) - Successfully un-registered JMX Bean with object name Ratis:service=RaftServer,group=group-5C5F039D2913,id=926b0f41-0722-49ff-a592-68b703f22f49
2019-09-20 14:24:25,772 [main] INFO  impl.RoleInfo (RoleInfo.java:shutdownLeaderState(104)) - f44a1c99-f9ac-4ca4-85ec-e98b84e0ebc2: shutdown LeaderState
2019-09-20 14:24:25,772 [ForkJoinPool.commonPool-worker-1] INFO  impl.RoleInfo (RoleInfo.java:shutdownLeaderState(104)) - 926b0f41-0722-49ff-a592-68b703f22f49: shutdown LeaderState
2019-09-20 14:24:25,772 [main] INFO  impl.PendingRequests (PendingRequests.java:sendNotLeaderResponses(202)) - f44a1c99-f9ac-4ca4-85ec-e98b84e0ebc2-PendingRequests: sendNotLeaderResponses
2019-09-20 14:24:25,773 [ForkJoinPool.commonPool-worker-1] INFO  impl.PendingRequests (PendingRequests.java:sendNotLeaderResponses(202)) - 926b0f41-0722-49ff-a592-68b703f22f49-PendingRequests: sendNotLeaderResponses
2019-09-20 14:24:25,773 [main] INFO  impl.StateMachineUpdater (StateMachineUpdater.java:stopAndJoin(115)) - StateMachineUpdater:f44a1c99-f9ac-4ca4-85ec-e98b84e0ebc2:group-5811542B7F5F: set stopIndex = 0
2019-09-20 14:24:25,773 [ForkJoinPool.commonPool-worker-1] INFO  impl.StateMachineUpdater (StateMachineUpdater.java:stopAndJoin(115)) - StateMachineUpdater:926b0f41-0722-49ff-a592-68b703f22f49:group-5C5F039D2913: set stopIndex = 0
2019-09-20 14:24:25,774 [main] INFO  impl.RaftServerImpl (ServerState.java:close(394)) - f44a1c99-f9ac-4ca4-85ec-e98b84e0ebc2:group-5811542B7F5F closes. The last applied log index is 0
2019-09-20 14:24:25,774 [ForkJoinPool.commonPool-worker-1] INFO  impl.RaftServerImpl (ServerState.java:close(394)) - 926b0f41-0722-49ff-a592-68b703f22f49:group-5C5F039D2913 closes. The last applied log index is 0
2019-09-20 14:24:25,774 [f44a1c99-f9ac-4ca4-85ec-e98b84e0ebc2-SegmentedRaftLogWorker:Storage Directory /workdir/hadoop-ozone/ozonefs/target/test-dir/MiniOzoneClusterImpl-72e1902e-de17-4929-8ada-cc6049662493/datanode-5/data/ratis/ccd699f3-690f-4b5e-add3-5811542b7f5f] INFO  segmented.SegmentedRaftLogWorker (SegmentedRaftLogWorker.java:run(313)) - f44a1c99-f9ac-4ca4-85ec-e98b84e0ebc2-SegmentedRaftLogWorker:Storage Directory /workdir/hadoop-ozone/ozonefs/target/test-dir/MiniOzoneClusterImpl-72e1902e-de17-4929-8ada-cc6049662493/datanode-5/data/ratis/ccd699f3-690f-4b5e-add3-5811542b7f5f was interrupted, exiting. There are 0 tasks remaining in the queue.
2019-09-20 14:24:25,775 [926b0f41-0722-49ff-a592-68b703f22f49-SegmentedRaftLogWorker:Storage Directory /workdir/hadoop-ozone/ozonefs/target/test-dir/MiniOzoneClusterImpl-72e1902e-de17-4929-8ada-cc6049662493/datanode-2/data/ratis/df9d7f17-700e-480b-b4b6-5c5f039d2913] INFO  segmented.SegmentedRaftLogWorker (SegmentedRaftLogWorker.java:run(313)) - 926b0f41-0722-49ff-a592-68b703f22f49-SegmentedRaftLogWorker:Storage Directory /workdir/hadoop-ozone/ozonefs/target/test-dir/MiniOzoneClusterImpl-72e1902e-de17-4929-8ada-cc6049662493/datanode-2/data/ratis/df9d7f17-700e-480b-b4b6-5c5f039d2913 was interrupted, exiting. There are 0 tasks remaining in the queue.
2019-09-20 14:24:25,777 [main] INFO  segmented.SegmentedRaftLogWorker (SegmentedRaftLogWorker.java:close(228)) - f44a1c99-f9ac-4ca4-85ec-e98b84e0ebc2-SegmentedRaftLogWorker:Storage Directory /workdir/hadoop-ozone/ozonefs/target/test-dir/MiniOzoneClusterImpl-72e1902e-de17-4929-8ada-cc6049662493/datanode-5/data/ratis/ccd699f3-690f-4b5e-add3-5811542b7f5f close()
2019-09-20 14:24:25,780 [ForkJoinPool.commonPool-worker-1] INFO  segmented.SegmentedRaftLogWorker (SegmentedRaftLogWorker.java:close(228)) - 926b0f41-0722-49ff-a592-68b703f22f49-SegmentedRaftLogWorker:Storage Directory /workdir/hadoop-ozone/ozonefs/target/test-dir/MiniOzoneClusterImpl-72e1902e-de17-4929-8ada-cc6049662493/datanode-2/data/ratis/df9d7f17-700e-480b-b4b6-5c5f039d2913 close()
2019-09-20 14:24:25,785 [main] INFO  impl.RaftServerImpl (RaftServerImpl.java:lambda$shutdown$3(245)) - f44a1c99-f9ac-4ca4-85ec-e98b84e0ebc2: shutdown group-52C29E54BB51
2019-09-20 14:24:25,790 [ForkJoinPool.commonPool-worker-1] INFO  impl.RaftServerImpl (RaftServerImpl.java:lambda$shutdown$3(245)) - 926b0f41-0722-49ff-a592-68b703f22f49: shutdown group-F1CE35FD3E1E
2019-09-20 14:24:25,790 [main] INFO  util.JmxRegister (JmxRegister.java:unregister(73)) - Successfully un-registered JMX Bean with object name Ratis:service=RaftServer,group=group-52C29E54BB51,id=f44a1c99-f9ac-4ca4-85ec-e98b84e0ebc2
2019-09-20 14:24:25,790 [ForkJoinPool.commonPool-worker-1] INFO  util.JmxRegister (JmxRegister.java:unregister(73)) - Successfully un-registered JMX Bean with object name Ratis:service=RaftServer,group=group-F1CE35FD3E1E,id=926b0f41-0722-49ff-a592-68b703f22f49
2019-09-20 14:24:25,791 [ForkJoinPool.commonPool-worker-1] INFO  impl.RoleInfo (RoleInfo.java:shutdownLeaderState(104)) - 926b0f41-0722-49ff-a592-68b703f22f49: shutdown LeaderState
2019-09-20 14:24:25,791 [main] INFO  impl.RoleInfo (RoleInfo.java:shutdownLeaderState(104)) - f44a1c99-f9ac-4ca4-85ec-e98b84e0ebc2: shutdown LeaderState
2019-09-20 14:24:25,791 [ForkJoinPool.commonPool-worker-1] INFO  impl.PendingRequests (PendingRequests.java:sendNotLeaderResponses(202)) - 926b0f41-0722-49ff-a592-68b703f22f49-PendingRequests: sendNotLeaderResponses
2019-09-20 14:24:25,792 [main] INFO  impl.PendingRequests (PendingRequests.java:sendNotLeaderResponses(202)) - f44a1c99-f9ac-4ca4-85ec-e98b84e0ebc2-PendingRequests: sendNotLeaderResponses
2019-09-20 14:24:25,792 [ForkJoinPool.commonPool-worker-1] INFO  impl.StateMachineUpdater (StateMachineUpdater.java:stopAndJoin(115)) - StateMachineUpdater:926b0f41-0722-49ff-a592-68b703f22f49:group-F1CE35FD3E1E: set stopIndex = 0
2019-09-20 14:24:25,792 [main] INFO  impl.StateMachineUpdater (StateMachineUpdater.java:stopAndJoin(115)) - StateMachineUpdater:f44a1c99-f9ac-4ca4-85ec-e98b84e0ebc2:group-52C29E54BB51: set stopIndex = 0
2019-09-20 14:24:25,793 [main] INFO  impl.RaftServerImpl (ServerState.java:close(394)) - f44a1c99-f9ac-4ca4-85ec-e98b84e0ebc2:group-52C29E54BB51 closes. The last applied log index is 0
2019-09-20 14:24:25,793 [ForkJoinPool.commonPool-worker-1] INFO  impl.RaftServerImpl (ServerState.java:close(394)) - 926b0f41-0722-49ff-a592-68b703f22f49:group-F1CE35FD3E1E closes. The last applied log index is 0
2019-09-20 14:24:25,794 [f44a1c99-f9ac-4ca4-85ec-e98b84e0ebc2-SegmentedRaftLogWorker:Storage Directory /workdir/hadoop-ozone/ozonefs/target/test-dir/MiniOzoneClusterImpl-72e1902e-de17-4929-8ada-cc6049662493/datanode-5/data/ratis/493b8c97-d0d8-4951-82fa-52c29e54bb51] INFO  segmented.SegmentedRaftLogWorker (SegmentedRaftLogWorker.java:run(313)) - f44a1c99-f9ac-4ca4-85ec-e98b84e0ebc2-SegmentedRaftLogWorker:Storage Directory /workdir/hadoop-ozone/ozonefs/target/test-dir/MiniOzoneClusterImpl-72e1902e-de17-4929-8ada-cc6049662493/datanode-5/data/ratis/493b8c97-d0d8-4951-82fa-52c29e54bb51 was interrupted, exiting. There are 0 tasks remaining in the queue.
2019-09-20 14:24:25,794 [926b0f41-0722-49ff-a592-68b703f22f49-SegmentedRaftLogWorker:Storage Directory /workdir/hadoop-ozone/ozonefs/target/test-dir/MiniOzoneClusterImpl-72e1902e-de17-4929-8ada-cc6049662493/datanode-2/data/ratis/b56ebb4a-3931-4840-aed1-f1ce35fd3e1e] INFO  segmented.SegmentedRaftLogWorker (SegmentedRaftLogWorker.java:run(313)) - 926b0f41-0722-49ff-a592-68b703f22f49-SegmentedRaftLogWorker:Storage Directory /workdir/hadoop-ozone/ozonefs/target/test-dir/MiniOzoneClusterImpl-72e1902e-de17-4929-8ada-cc6049662493/datanode-2/data/ratis/b56ebb4a-3931-4840-aed1-f1ce35fd3e1e was interrupted, exiting. There are 0 tasks remaining in the queue.
2019-09-20 14:24:25,796 [main] INFO  segmented.SegmentedRaftLogWorker (SegmentedRaftLogWorker.java:close(228)) - f44a1c99-f9ac-4ca4-85ec-e98b84e0ebc2-SegmentedRaftLogWorker:Storage Directory /workdir/hadoop-ozone/ozonefs/target/test-dir/MiniOzoneClusterImpl-72e1902e-de17-4929-8ada-cc6049662493/datanode-5/data/ratis/493b8c97-d0d8-4951-82fa-52c29e54bb51 close()
2019-09-20 14:24:25,799 [ForkJoinPool.commonPool-worker-1] INFO  segmented.SegmentedRaftLogWorker (SegmentedRaftLogWorker.java:close(228)) - 926b0f41-0722-49ff-a592-68b703f22f49-SegmentedRaftLogWorker:Storage Directory /workdir/hadoop-ozone/ozonefs/target/test-dir/MiniOzoneClusterImpl-72e1902e-de17-4929-8ada-cc6049662493/datanode-2/data/ratis/b56ebb4a-3931-4840-aed1-f1ce35fd3e1e close()
2019-09-20 14:24:25,804 [main] INFO  impl.RaftServerImpl (RaftServerImpl.java:lambda$shutdown$3(245)) - f44a1c99-f9ac-4ca4-85ec-e98b84e0ebc2: shutdown group-F5F5E01931F3
2019-09-20 14:24:25,809 [ForkJoinPool.commonPool-worker-1] INFO  impl.RaftServerImpl (RaftServerImpl.java:lambda$shutdown$3(245)) - 926b0f41-0722-49ff-a592-68b703f22f49: shutdown group-FA2F72304839
2019-09-20 14:24:25,809 [main] INFO  util.JmxRegister (JmxRegister.java:unregister(73)) - Successfully un-registered JMX Bean with object name Ratis:service=RaftServer,group=group-F5F5E01931F3,id=f44a1c99-f9ac-4ca4-85ec-e98b84e0ebc2
2019-09-20 14:24:25,809 [ForkJoinPool.commonPool-worker-1] INFO  util.JmxRegister (JmxRegister.java:unregister(73)) - Successfully un-registered JMX Bean with object name Ratis:service=RaftServer,group=group-FA2F72304839,id=926b0f41-0722-49ff-a592-68b703f22f49
2019-09-20 14:24:25,809 [main] INFO  impl.RoleInfo (RoleInfo.java:shutdownLeaderState(104)) - f44a1c99-f9ac-4ca4-85ec-e98b84e0ebc2: shutdown LeaderState
2019-09-20 14:24:25,810 [ForkJoinPool.commonPool-worker-1] INFO  impl.RoleInfo (RoleInfo.java:shutdownLeaderState(104)) - 926b0f41-0722-49ff-a592-68b703f22f49: shutdown LeaderState
2019-09-20 14:24:25,810 [main] INFO  impl.PendingRequests (PendingRequests.java:sendNotLeaderResponses(202)) - f44a1c99-f9ac-4ca4-85ec-e98b84e0ebc2-PendingRequests: sendNotLeaderResponses
2019-09-20 14:24:25,810 [ForkJoinPool.commonPool-worker-1] INFO  impl.PendingRequests (PendingRequests.java:sendNotLeaderResponses(202)) - 926b0f41-0722-49ff-a592-68b703f22f49-PendingRequests: sendNotLeaderResponses
2019-09-20 14:24:25,811 [main] INFO  impl.StateMachineUpdater (StateMachineUpdater.java:stopAndJoin(115)) - StateMachineUpdater:f44a1c99-f9ac-4ca4-85ec-e98b84e0ebc2:group-F5F5E01931F3: set stopIndex = 0
2019-09-20 14:24:25,811 [ForkJoinPool.commonPool-worker-1] INFO  impl.StateMachineUpdater (StateMachineUpdater.java:stopAndJoin(115)) - StateMachineUpdater:926b0f41-0722-49ff-a592-68b703f22f49:group-FA2F72304839: set stopIndex = 0
2019-09-20 14:24:25,811 [main] INFO  impl.RaftServerImpl (ServerState.java:close(394)) - f44a1c99-f9ac-4ca4-85ec-e98b84e0ebc2:group-F5F5E01931F3 closes. The last applied log index is 0
2019-09-20 14:24:25,812 [ForkJoinPool.commonPool-worker-1] INFO  impl.RaftServerImpl (ServerState.java:close(394)) - 926b0f41-0722-49ff-a592-68b703f22f49:group-FA2F72304839 closes. The last applied log index is 0
2019-09-20 14:24:25,812 [f44a1c99-f9ac-4ca4-85ec-e98b84e0ebc2-SegmentedRaftLogWorker:Storage Directory /workdir/hadoop-ozone/ozonefs/target/test-dir/MiniOzoneClusterImpl-72e1902e-de17-4929-8ada-cc6049662493/datanode-5/data/ratis/82a36625-3225-4ecb-945e-f5f5e01931f3] INFO  segmented.SegmentedRaftLogWorker (SegmentedRaftLogWorker.java:run(313)) - f44a1c99-f9ac-4ca4-85ec-e98b84e0ebc2-SegmentedRaftLogWorker:Storage Directory /workdir/hadoop-ozone/ozonefs/target/test-dir/MiniOzoneClusterImpl-72e1902e-de17-4929-8ada-cc6049662493/datanode-5/data/ratis/82a36625-3225-4ecb-945e-f5f5e01931f3 was interrupted, exiting. There are 0 tasks remaining in the queue.
2019-09-20 14:24:25,812 [926b0f41-0722-49ff-a592-68b703f22f49-SegmentedRaftLogWorker:Storage Directory /workdir/hadoop-ozone/ozonefs/target/test-dir/MiniOzoneClusterImpl-72e1902e-de17-4929-8ada-cc6049662493/datanode-2/data/ratis/d924e1af-909f-408d-8a94-fa2f72304839] INFO  segmented.SegmentedRaftLogWorker (SegmentedRaftLogWorker.java:run(313)) - 926b0f41-0722-49ff-a592-68b703f22f49-SegmentedRaftLogWorker:Storage Directory /workdir/hadoop-ozone/ozonefs/target/test-dir/MiniOzoneClusterImpl-72e1902e-de17-4929-8ada-cc6049662493/datanode-2/data/ratis/d924e1af-909f-408d-8a94-fa2f72304839 was interrupted, exiting. There are 0 tasks remaining in the queue.
2019-09-20 14:24:25,815 [main] INFO  segmented.SegmentedRaftLogWorker (SegmentedRaftLogWorker.java:close(228)) - f44a1c99-f9ac-4ca4-85ec-e98b84e0ebc2-SegmentedRaftLogWorker:Storage Directory /workdir/hadoop-ozone/ozonefs/target/test-dir/MiniOzoneClusterImpl-72e1902e-de17-4929-8ada-cc6049662493/datanode-5/data/ratis/82a36625-3225-4ecb-945e-f5f5e01931f3 close()
2019-09-20 14:24:25,817 [ForkJoinPool.commonPool-worker-1] INFO  segmented.SegmentedRaftLogWorker (SegmentedRaftLogWorker.java:close(228)) - 926b0f41-0722-49ff-a592-68b703f22f49-SegmentedRaftLogWorker:Storage Directory /workdir/hadoop-ozone/ozonefs/target/test-dir/MiniOzoneClusterImpl-72e1902e-de17-4929-8ada-cc6049662493/datanode-2/data/ratis/d924e1af-909f-408d-8a94-fa2f72304839 close()
2019-09-20 14:24:25,821 [main] INFO  impl.RaftServerImpl (RaftServerImpl.java:lambda$shutdown$3(245)) - f44a1c99-f9ac-4ca4-85ec-e98b84e0ebc2: shutdown group-CDA5F79ABBF6
2019-09-20 14:24:25,838 [ForkJoinPool.commonPool-worker-1] INFO  impl.RaftServerImpl (RaftServerImpl.java:lambda$shutdown$3(245)) - 926b0f41-0722-49ff-a592-68b703f22f49: shutdown group-FEB14115ACA7
2019-09-20 14:24:25,838 [main] INFO  util.JmxRegister (JmxRegister.java:unregister(73)) - Successfully un-registered JMX Bean with object name Ratis:service=RaftServer,group=group-CDA5F79ABBF6,id=f44a1c99-f9ac-4ca4-85ec-e98b84e0ebc2
2019-09-20 14:24:25,839 [ForkJoinPool.commonPool-worker-1] INFO  util.JmxRegister (JmxRegister.java:unregister(73)) - Successfully un-registered JMX Bean with object name Ratis:service=RaftServer,group=group-FEB14115ACA7,id=926b0f41-0722-49ff-a592-68b703f22f49
2019-09-20 14:24:25,839 [main] INFO  impl.RoleInfo (RoleInfo.java:shutdownLeaderState(104)) - f44a1c99-f9ac-4ca4-85ec-e98b84e0ebc2: shutdown LeaderState
2019-09-20 14:24:25,839 [ForkJoinPool.commonPool-worker-1] INFO  impl.RoleInfo (RoleInfo.java:shutdownLeaderState(104)) - 926b0f41-0722-49ff-a592-68b703f22f49: shutdown LeaderState
2019-09-20 14:24:25,840 [main] INFO  impl.PendingRequests (PendingRequests.java:sendNotLeaderResponses(202)) - f44a1c99-f9ac-4ca4-85ec-e98b84e0ebc2-PendingRequests: sendNotLeaderResponses
2019-09-20 14:24:25,840 [ForkJoinPool.commonPool-worker-1] INFO  impl.PendingRequests (PendingRequests.java:sendNotLeaderResponses(202)) - 926b0f41-0722-49ff-a592-68b703f22f49-PendingRequests: sendNotLeaderResponses
2019-09-20 14:24:25,840 [main] INFO  impl.StateMachineUpdater (StateMachineUpdater.java:stopAndJoin(115)) - StateMachineUpdater:f44a1c99-f9ac-4ca4-85ec-e98b84e0ebc2:group-CDA5F79ABBF6: set stopIndex = 0
2019-09-20 14:24:25,841 [ForkJoinPool.commonPool-worker-1] INFO  impl.StateMachineUpdater (StateMachineUpdater.java:stopAndJoin(115)) - StateMachineUpdater:926b0f41-0722-49ff-a592-68b703f22f49:group-FEB14115ACA7: set stopIndex = 0
2019-09-20 14:24:25,841 [main] INFO  impl.RaftServerImpl (ServerState.java:close(394)) - f44a1c99-f9ac-4ca4-85ec-e98b84e0ebc2:group-CDA5F79ABBF6 closes. The last applied log index is 0
2019-09-20 14:24:25,841 [ForkJoinPool.commonPool-worker-1] INFO  impl.RaftServerImpl (ServerState.java:close(394)) - 926b0f41-0722-49ff-a592-68b703f22f49:group-FEB14115ACA7 closes. The last applied log index is 0
2019-09-20 14:24:25,842 [f44a1c99-f9ac-4ca4-85ec-e98b84e0ebc2-SegmentedRaftLogWorker:Storage Directory /workdir/hadoop-ozone/ozonefs/target/test-dir/MiniOzoneClusterImpl-72e1902e-de17-4929-8ada-cc6049662493/datanode-5/data/ratis/38986bf5-118d-418b-96b8-cda5f79abbf6] INFO  segmented.SegmentedRaftLogWorker (SegmentedRaftLogWorker.java:run(313)) - f44a1c99-f9ac-4ca4-85ec-e98b84e0ebc2-SegmentedRaftLogWorker:Storage Directory /workdir/hadoop-ozone/ozonefs/target/test-dir/MiniOzoneClusterImpl-72e1902e-de17-4929-8ada-cc6049662493/datanode-5/data/ratis/38986bf5-118d-418b-96b8-cda5f79abbf6 was interrupted, exiting. There are 0 tasks remaining in the queue.
2019-09-20 14:24:25,842 [926b0f41-0722-49ff-a592-68b703f22f49-SegmentedRaftLogWorker:Storage Directory /workdir/hadoop-ozone/ozonefs/target/test-dir/MiniOzoneClusterImpl-72e1902e-de17-4929-8ada-cc6049662493/datanode-2/data/ratis/f34d9899-fc50-413d-a915-feb14115aca7] INFO  segmented.SegmentedRaftLogWorker (SegmentedRaftLogWorker.java:run(313)) - 926b0f41-0722-49ff-a592-68b703f22f49-SegmentedRaftLogWorker:Storage Directory /workdir/hadoop-ozone/ozonefs/target/test-dir/MiniOzoneClusterImpl-72e1902e-de17-4929-8ada-cc6049662493/datanode-2/data/ratis/f34d9899-fc50-413d-a915-feb14115aca7 was interrupted, exiting. There are 0 tasks remaining in the queue.
2019-09-20 14:24:25,842 [main] INFO  segmented.SegmentedRaftLogWorker (SegmentedRaftLogWorker.java:close(228)) - f44a1c99-f9ac-4ca4-85ec-e98b84e0ebc2-SegmentedRaftLogWorker:Storage Directory /workdir/hadoop-ozone/ozonefs/target/test-dir/MiniOzoneClusterImpl-72e1902e-de17-4929-8ada-cc6049662493/datanode-5/data/ratis/38986bf5-118d-418b-96b8-cda5f79abbf6 close()
2019-09-20 14:24:25,842 [ForkJoinPool.commonPool-worker-1] INFO  segmented.SegmentedRaftLogWorker (SegmentedRaftLogWorker.java:close(228)) - 926b0f41-0722-49ff-a592-68b703f22f49-SegmentedRaftLogWorker:Storage Directory /workdir/hadoop-ozone/ozonefs/target/test-dir/MiniOzoneClusterImpl-72e1902e-de17-4929-8ada-cc6049662493/datanode-2/data/ratis/f34d9899-fc50-413d-a915-feb14115aca7 close()
2019-09-20 14:24:25,847 [main] INFO  server.GrpcService (GrpcService.java:closeImpl(155)) - f44a1c99-f9ac-4ca4-85ec-e98b84e0ebc2: shutdown server with port 39362 now
2019-09-20 14:24:25,847 [ForkJoinPool.commonPool-worker-1] INFO  server.GrpcService (GrpcService.java:closeImpl(155)) - 926b0f41-0722-49ff-a592-68b703f22f49: shutdown server with port 33200 now
2019-09-20 14:24:25,852 [ForkJoinPool.commonPool-worker-1] INFO  server.GrpcService (GrpcService.java:closeImpl(163)) - 926b0f41-0722-49ff-a592-68b703f22f49: shutdown server with port 33200 successfully
2019-09-20 14:24:25,854 [main] INFO  server.GrpcService (GrpcService.java:closeImpl(163)) - f44a1c99-f9ac-4ca4-85ec-e98b84e0ebc2: shutdown server with port 39362 successfully
2019-09-20 14:24:25,857 [ForkJoinPool.commonPool-worker-1] INFO  utils.BackgroundService (BackgroundService.java:shutdown(148)) - Shutting down service BlockDeletingService
2019-09-20 14:24:25,859 [refreshUsed-/workdir/hadoop-ozone/ozonefs/target/test-dir/MiniOzoneClusterImpl-72e1902e-de17-4929-8ada-cc6049662493/datanode-2/data/containers] WARN  fs.CachingGetSpaceUsed (CachingGetSpaceUsed.java:run(183)) - Thread Interrupted waiting to refresh disk information: sleep interrupted
2019-09-20 14:24:25,861 [main] INFO  utils.BackgroundService (BackgroundService.java:shutdown(148)) - Shutting down service BlockDeletingService
2019-09-20 14:24:25,864 [refreshUsed-/workdir/hadoop-ozone/ozonefs/target/test-dir/MiniOzoneClusterImpl-72e1902e-de17-4929-8ada-cc6049662493/datanode-5/data/containers] WARN  fs.CachingGetSpaceUsed (CachingGetSpaceUsed.java:run(183)) - Thread Interrupted waiting to refresh disk information: sleep interrupted
2019-09-20 14:24:25,897 [main] INFO  statemachine.DatanodeStateMachine (DatanodeStateMachine.java:stopDaemon(395)) - Ozone container server stopped.
2019-09-20 14:24:25,898 [main] INFO  handler.ContextHandler (ContextHandler.java:doStop(910)) - Stopped o.e.j.w.WebAppContext@51424203{/,null,UNAVAILABLE}{/hddsDatanode}
2019-09-20 14:24:25,899 [main] INFO  server.AbstractConnector (AbstractConnector.java:doStop(318)) - Stopped ServerConnector@7336fd8f{HTTP/1.1,[http/1.1]}{0.0.0.0:0}
2019-09-20 14:24:25,899 [main] INFO  handler.ContextHandler (ContextHandler.java:doStop(910)) - Stopped o.e.j.s.ServletContextHandler@6682e6a5{/static,jar:file:/home/user/.m2/repository/org/apache/hadoop/hadoop-hdds-container-service/0.5.0-SNAPSHOT/hadoop-hdds-container-service-0.5.0-SNAPSHOT.jar!/webapps/static,UNAVAILABLE}
2019-09-20 14:24:25,900 [main] INFO  handler.ContextHandler (ContextHandler.java:doStop(910)) - Stopped o.e.j.s.ServletContextHandler@11e17893{/logs,file:///workdir/hadoop-ozone/ozonefs/target/log,UNAVAILABLE}
2019-09-20 14:24:25,900 [main] INFO  datanode.ObjectStoreHandler (ObjectStoreHandler.java:close(155)) - Closing ObjectStoreHandler.
2019-09-20 14:24:25,907 [main] INFO  ozone.HddsDatanodeService (HddsDatanodeService.java:stop(451)) - Stopped plug-in org.apache.hadoop.ozone.web.OzoneHddsDatanodeService@67afe909
2019-09-20 14:24:25,909 [ForkJoinPool.commonPool-worker-1] INFO  statemachine.DatanodeStateMachine (DatanodeStateMachine.java:stopDaemon(395)) - Ozone container server stopped.
2019-09-20 14:24:25,914 [ForkJoinPool.commonPool-worker-1] INFO  handler.ContextHandler (ContextHandler.java:doStop(910)) - Stopped o.e.j.w.WebAppContext@15e8f9b2{/,null,UNAVAILABLE}{/hddsDatanode}
2019-09-20 14:24:25,915 [ForkJoinPool.commonPool-worker-1] INFO  server.AbstractConnector (AbstractConnector.java:doStop(318)) - Stopped ServerConnector@7a65c995{HTTP/1.1,[http/1.1]}{0.0.0.0:0}
2019-09-20 14:24:25,917 [ForkJoinPool.commonPool-worker-1] INFO  handler.ContextHandler (ContextHandler.java:doStop(910)) - Stopped o.e.j.s.ServletContextHandler@7ddcb0dc{/static,jar:file:/home/user/.m2/repository/org/apache/hadoop/hadoop-hdds-container-service/0.5.0-SNAPSHOT/hadoop-hdds-container-service-0.5.0-SNAPSHOT.jar!/webapps/static,UNAVAILABLE}
2019-09-20 14:24:25,919 [ForkJoinPool.commonPool-worker-1] INFO  handler.ContextHandler (ContextHandler.java:doStop(910)) - Stopped o.e.j.s.ServletContextHandler@4aed311e{/logs,file:///workdir/hadoop-ozone/ozonefs/target/log,UNAVAILABLE}
2019-09-20 14:24:25,920 [ForkJoinPool.commonPool-worker-1] INFO  datanode.ObjectStoreHandler (ObjectStoreHandler.java:close(155)) - Closing ObjectStoreHandler.
2019-09-20 14:24:25,920 [ForkJoinPool.commonPool-worker-1] INFO  ozone.HddsDatanodeService (HddsDatanodeService.java:stop(451)) - Stopped plug-in org.apache.hadoop.ozone.web.OzoneHddsDatanodeService@11eec06b
2019-09-20 14:24:26,386 [Datanode State Machine Thread - 0] INFO  statemachine.DatanodeStateMachine (DatanodeStateMachine.java:lambda$startDaemon$0(350)) - Ozone container server started.
2019-09-20 14:24:26,387 | INFO  | SCMAudit | user=jenkins1000 | ip=192.168.36.99 | op=SEND_HEARTBEAT {datanodeUUID=fc92467e-4cd7-4ea6-9bfc-11250c30c0f6, command=[]} | ret=SUCCESS |  
2019-09-20 14:24:26,387 | INFO  | SCMAudit | user=jenkins1000 | ip=192.168.36.99 | op=SEND_HEARTBEAT {datanodeUUID=93651a45-ffa4-4bae-ae49-6429ae7182bc, command=[]} | ret=SUCCESS |  
2019-09-20 14:24:26,395 | INFO  | SCMAudit | user=jenkins1000 | ip=192.168.36.99 | op=SEND_HEARTBEAT {datanodeUUID=c0a66530-d43a-4ae5-bdbb-2b9936068aaa, command=[]} | ret=SUCCESS |  
2019-09-20 14:24:26,395 | INFO  | SCMAudit | user=jenkins1000 | ip=192.168.36.99 | op=SEND_HEARTBEAT {datanodeUUID=ea2f062a-dcfd-4d75-88ac-6c4e2f0364da, command=[]} | ret=SUCCESS |  
2019-09-20 14:24:26,398 [Datanode State Machine Thread - 0] INFO  statemachine.DatanodeStateMachine (DatanodeStateMachine.java:lambda$startDaemon$0(350)) - Ozone container server started.
2019-09-20 14:24:26,508 | INFO  | SCMAudit | user=jenkins1000 | ip=192.168.36.99 | op=SEND_HEARTBEAT {datanodeUUID=e0033df1-dced-4562-b4c4-a94a3cb6c131, command=[]} | ret=SUCCESS |  
2019-09-20 14:24:26,509 | INFO  | SCMAudit | user=jenkins1000 | ip=192.168.36.99 | op=SEND_HEARTBEAT {datanodeUUID=7c330693-1e2f-4265-ad51-f8ae66fac775, command=[]} | ret=SUCCESS |  
2019-09-20 14:24:27,387 | INFO  | SCMAudit | user=jenkins1000 | ip=192.168.36.99 | op=SEND_HEARTBEAT {datanodeUUID=fc92467e-4cd7-4ea6-9bfc-11250c30c0f6, command=[]} | ret=SUCCESS |  
2019-09-20 14:24:27,387 | INFO  | SCMAudit | user=jenkins1000 | ip=192.168.36.99 | op=SEND_HEARTBEAT {datanodeUUID=93651a45-ffa4-4bae-ae49-6429ae7182bc, command=[]} | ret=SUCCESS |  
2019-09-20 14:24:27,394 | INFO  | SCMAudit | user=jenkins1000 | ip=192.168.36.99 | op=SEND_HEARTBEAT {datanodeUUID=c0a66530-d43a-4ae5-bdbb-2b9936068aaa, command=[]} | ret=SUCCESS |  
2019-09-20 14:24:27,394 | INFO  | SCMAudit | user=jenkins1000 | ip=192.168.36.99 | op=SEND_HEARTBEAT {datanodeUUID=ea2f062a-dcfd-4d75-88ac-6c4e2f0364da, command=[]} | ret=SUCCESS |  
2019-09-20 14:24:27,509 | INFO  | SCMAudit | user=jenkins1000 | ip=192.168.36.99 | op=SEND_HEARTBEAT {datanodeUUID=7c330693-1e2f-4265-ad51-f8ae66fac775, command=[]} | ret=SUCCESS |  
2019-09-20 14:24:27,509 | INFO  | SCMAudit | user=jenkins1000 | ip=192.168.36.99 | op=SEND_HEARTBEAT {datanodeUUID=e0033df1-dced-4562-b4c4-a94a3cb6c131, command=[]} | ret=SUCCESS |  
2019-09-20 14:24:28,386 | INFO  | SCMAudit | user=jenkins1000 | ip=192.168.36.99 | op=SEND_HEARTBEAT {datanodeUUID=fc92467e-4cd7-4ea6-9bfc-11250c30c0f6, command=[]} | ret=SUCCESS |  
2019-09-20 14:24:28,386 | INFO  | SCMAudit | user=jenkins1000 | ip=192.168.36.99 | op=SEND_HEARTBEAT {datanodeUUID=93651a45-ffa4-4bae-ae49-6429ae7182bc, command=[]} | ret=SUCCESS |  
2019-09-20 14:24:28,394 | INFO  | SCMAudit | user=jenkins1000 | ip=192.168.36.99 | op=SEND_HEARTBEAT {datanodeUUID=c0a66530-d43a-4ae5-bdbb-2b9936068aaa, command=[]} | ret=SUCCESS |  
2019-09-20 14:24:28,394 | INFO  | SCMAudit | user=jenkins1000 | ip=192.168.36.99 | op=SEND_HEARTBEAT {datanodeUUID=ea2f062a-dcfd-4d75-88ac-6c4e2f0364da, command=[]} | ret=SUCCESS |  
2019-09-20 14:24:28,508 | INFO  | SCMAudit | user=jenkins1000 | ip=192.168.36.99 | op=SEND_HEARTBEAT {datanodeUUID=e0033df1-dced-4562-b4c4-a94a3cb6c131, command=[]} | ret=SUCCESS |  
2019-09-20 14:24:28,509 | INFO  | SCMAudit | user=jenkins1000 | ip=192.168.36.99 | op=SEND_HEARTBEAT {datanodeUUID=7c330693-1e2f-4265-ad51-f8ae66fac775, command=[]} | ret=SUCCESS |  
2019-09-20 14:24:29,387 | INFO  | SCMAudit | user=jenkins1000 | ip=192.168.36.99 | op=SEND_HEARTBEAT {datanodeUUID=93651a45-ffa4-4bae-ae49-6429ae7182bc, command=[]} | ret=SUCCESS |  
2019-09-20 14:24:29,387 | INFO  | SCMAudit | user=jenkins1000 | ip=192.168.36.99 | op=SEND_HEARTBEAT {datanodeUUID=fc92467e-4cd7-4ea6-9bfc-11250c30c0f6, command=[]} | ret=SUCCESS |  
2019-09-20 14:24:29,393 | INFO  | SCMAudit | user=jenkins1000 | ip=192.168.36.99 | op=SEND_HEARTBEAT {datanodeUUID=c0a66530-d43a-4ae5-bdbb-2b9936068aaa, command=[]} | ret=SUCCESS |  
2019-09-20 14:24:29,393 | INFO  | SCMAudit | user=jenkins1000 | ip=192.168.36.99 | op=SEND_HEARTBEAT {datanodeUUID=ea2f062a-dcfd-4d75-88ac-6c4e2f0364da, command=[]} | ret=SUCCESS |  
2019-09-20 14:24:29,509 | INFO  | SCMAudit | user=jenkins1000 | ip=192.168.36.99 | op=SEND_HEARTBEAT {datanodeUUID=7c330693-1e2f-4265-ad51-f8ae66fac775, command=[]} | ret=SUCCESS |  
2019-09-20 14:24:29,509 | INFO  | SCMAudit | user=jenkins1000 | ip=192.168.36.99 | op=SEND_HEARTBEAT {datanodeUUID=e0033df1-dced-4562-b4c4-a94a3cb6c131, command=[]} | ret=SUCCESS |  
2019-09-20 14:24:30,387 | INFO  | SCMAudit | user=jenkins1000 | ip=192.168.36.99 | op=SEND_HEARTBEAT {datanodeUUID=fc92467e-4cd7-4ea6-9bfc-11250c30c0f6, command=[]} | ret=SUCCESS |  
2019-09-20 14:24:30,387 | INFO  | SCMAudit | user=jenkins1000 | ip=192.168.36.99 | op=SEND_HEARTBEAT {datanodeUUID=93651a45-ffa4-4bae-ae49-6429ae7182bc, command=[]} | ret=SUCCESS |  
2019-09-20 14:24:30,394 | INFO  | SCMAudit | user=jenkins1000 | ip=192.168.36.99 | op=SEND_HEARTBEAT {datanodeUUID=c0a66530-d43a-4ae5-bdbb-2b9936068aaa, command=[]} | ret=SUCCESS |  
2019-09-20 14:24:30,394 | INFO  | SCMAudit | user=jenkins1000 | ip=192.168.36.99 | op=SEND_HEARTBEAT {datanodeUUID=ea2f062a-dcfd-4d75-88ac-6c4e2f0364da, command=[]} | ret=SUCCESS |  
2019-09-20 14:24:30,509 | INFO  | SCMAudit | user=jenkins1000 | ip=192.168.36.99 | op=SEND_HEARTBEAT {datanodeUUID=e0033df1-dced-4562-b4c4-a94a3cb6c131, command=[]} | ret=SUCCESS |  
2019-09-20 14:24:30,509 | INFO  | SCMAudit | user=jenkins1000 | ip=192.168.36.99 | op=SEND_HEARTBEAT {datanodeUUID=7c330693-1e2f-4265-ad51-f8ae66fac775, command=[]} | ret=SUCCESS |  
2019-09-20 14:24:30,913 [main] INFO  ozoneimpl.OzoneContainer (OzoneContainer.java:stop(199)) - Attempting to stop container services.
2019-09-20 14:24:30,913 [main] INFO  impl.RaftServerProxy (RaftServerProxy.java:lambda$close$4(314)) - 9101a5c2-dfb1-4c31-830b-4c77eb758348: close
2019-09-20 14:24:30,914 [main] INFO  impl.RaftServerImpl (RaftServerImpl.java:lambda$shutdown$3(245)) - 9101a5c2-dfb1-4c31-830b-4c77eb758348: shutdown group-434899E20061
2019-09-20 14:24:30,914 [main] INFO  util.JmxRegister (JmxRegister.java:unregister(73)) - Successfully un-registered JMX Bean with object name Ratis:service=RaftServer,group=group-434899E20061,id=9101a5c2-dfb1-4c31-830b-4c77eb758348
2019-09-20 14:24:30,915 [main] INFO  impl.RoleInfo (RoleInfo.java:shutdownLeaderState(104)) - 9101a5c2-dfb1-4c31-830b-4c77eb758348: shutdown LeaderState
2019-09-20 14:24:30,915 [main] INFO  impl.PendingRequests (PendingRequests.java:sendNotLeaderResponses(202)) - 9101a5c2-dfb1-4c31-830b-4c77eb758348-PendingRequests: sendNotLeaderResponses
2019-09-20 14:24:30,915 [main] INFO  impl.StateMachineUpdater (StateMachineUpdater.java:stopAndJoin(115)) - StateMachineUpdater:9101a5c2-dfb1-4c31-830b-4c77eb758348:group-434899E20061: set stopIndex = 0
2019-09-20 14:24:30,916 [main] INFO  impl.RaftServerImpl (ServerState.java:close(394)) - 9101a5c2-dfb1-4c31-830b-4c77eb758348:group-434899E20061 closes. The last applied log index is 0
2019-09-20 14:24:30,916 [9101a5c2-dfb1-4c31-830b-4c77eb758348-SegmentedRaftLogWorker:Storage Directory /workdir/hadoop-ozone/ozonefs/target/test-dir/MiniOzoneClusterImpl-72e1902e-de17-4929-8ada-cc6049662493/datanode-6/data/ratis/585786ba-0aa0-4279-946e-434899e20061] INFO  segmented.SegmentedRaftLogWorker (SegmentedRaftLogWorker.java:run(313)) - 9101a5c2-dfb1-4c31-830b-4c77eb758348-SegmentedRaftLogWorker:Storage Directory /workdir/hadoop-ozone/ozonefs/target/test-dir/MiniOzoneClusterImpl-72e1902e-de17-4929-8ada-cc6049662493/datanode-6/data/ratis/585786ba-0aa0-4279-946e-434899e20061 was interrupted, exiting. There are 0 tasks remaining in the queue.
2019-09-20 14:24:30,916 [main] INFO  segmented.SegmentedRaftLogWorker (SegmentedRaftLogWorker.java:close(228)) - 9101a5c2-dfb1-4c31-830b-4c77eb758348-SegmentedRaftLogWorker:Storage Directory /workdir/hadoop-ozone/ozonefs/target/test-dir/MiniOzoneClusterImpl-72e1902e-de17-4929-8ada-cc6049662493/datanode-6/data/ratis/585786ba-0aa0-4279-946e-434899e20061 close()
2019-09-20 14:24:30,919 [main] INFO  impl.RaftServerImpl (RaftServerImpl.java:lambda$shutdown$3(245)) - 9101a5c2-dfb1-4c31-830b-4c77eb758348: shutdown group-8696A4A84671
2019-09-20 14:24:30,920 [main] INFO  util.JmxRegister (JmxRegister.java:unregister(73)) - Successfully un-registered JMX Bean with object name Ratis:service=RaftServer,group=group-8696A4A84671,id=9101a5c2-dfb1-4c31-830b-4c77eb758348
2019-09-20 14:24:30,920 [main] INFO  impl.RoleInfo (RoleInfo.java:shutdownLeaderState(104)) - 9101a5c2-dfb1-4c31-830b-4c77eb758348: shutdown LeaderState
2019-09-20 14:24:30,920 [ForkJoinPool.commonPool-worker-1] INFO  ozoneimpl.OzoneContainer (OzoneContainer.java:stop(199)) - Attempting to stop container services.
2019-09-20 14:24:30,920 [main] INFO  impl.PendingRequests (PendingRequests.java:sendNotLeaderResponses(202)) - 9101a5c2-dfb1-4c31-830b-4c77eb758348-PendingRequests: sendNotLeaderResponses
2019-09-20 14:24:30,921 [ForkJoinPool.commonPool-worker-1] INFO  impl.RaftServerProxy (RaftServerProxy.java:lambda$close$4(314)) - 4b9e2e33-9606-42c4-a38b-d8e2568a9ed5: close
2019-09-20 14:24:30,921 [main] INFO  impl.StateMachineUpdater (StateMachineUpdater.java:stopAndJoin(115)) - StateMachineUpdater:9101a5c2-dfb1-4c31-830b-4c77eb758348:group-8696A4A84671: set stopIndex = 0
2019-09-20 14:24:30,921 [ForkJoinPool.commonPool-worker-1] INFO  impl.RaftServerImpl (RaftServerImpl.java:lambda$shutdown$3(245)) - 4b9e2e33-9606-42c4-a38b-d8e2568a9ed5: shutdown group-DC824A92412E
2019-09-20 14:24:30,922 [main] INFO  impl.RaftServerImpl (ServerState.java:close(394)) - 9101a5c2-dfb1-4c31-830b-4c77eb758348:group-8696A4A84671 closes. The last applied log index is 0
2019-09-20 14:24:30,922 [ForkJoinPool.commonPool-worker-1] INFO  util.JmxRegister (JmxRegister.java:unregister(73)) - Successfully un-registered JMX Bean with object name Ratis:service=RaftServer,group=group-DC824A92412E,id=4b9e2e33-9606-42c4-a38b-d8e2568a9ed5
2019-09-20 14:24:30,922 [9101a5c2-dfb1-4c31-830b-4c77eb758348-SegmentedRaftLogWorker:Storage Directory /workdir/hadoop-ozone/ozonefs/target/test-dir/MiniOzoneClusterImpl-72e1902e-de17-4929-8ada-cc6049662493/datanode-6/data/ratis/e45807bc-b72b-465e-85c6-8696a4a84671] INFO  segmented.SegmentedRaftLogWorker (SegmentedRaftLogWorker.java:run(313)) - 9101a5c2-dfb1-4c31-830b-4c77eb758348-SegmentedRaftLogWorker:Storage Directory /workdir/hadoop-ozone/ozonefs/target/test-dir/MiniOzoneClusterImpl-72e1902e-de17-4929-8ada-cc6049662493/datanode-6/data/ratis/e45807bc-b72b-465e-85c6-8696a4a84671 was interrupted, exiting. There are 0 tasks remaining in the queue.
2019-09-20 14:24:30,922 [ForkJoinPool.commonPool-worker-1] INFO  impl.RoleInfo (RoleInfo.java:shutdownLeaderState(104)) - 4b9e2e33-9606-42c4-a38b-d8e2568a9ed5: shutdown LeaderState
2019-09-20 14:24:30,923 [ForkJoinPool.commonPool-worker-1] INFO  impl.PendingRequests (PendingRequests.java:sendNotLeaderResponses(202)) - 4b9e2e33-9606-42c4-a38b-d8e2568a9ed5-PendingRequests: sendNotLeaderResponses
2019-09-20 14:24:30,923 [ForkJoinPool.commonPool-worker-1] INFO  impl.StateMachineUpdater (StateMachineUpdater.java:stopAndJoin(115)) - StateMachineUpdater:4b9e2e33-9606-42c4-a38b-d8e2568a9ed5:group-DC824A92412E: set stopIndex = 0
2019-09-20 14:24:30,924 [ForkJoinPool.commonPool-worker-1] INFO  impl.RaftServerImpl (ServerState.java:close(394)) - 4b9e2e33-9606-42c4-a38b-d8e2568a9ed5:group-DC824A92412E closes. The last applied log index is 0
2019-09-20 14:24:30,924 [4b9e2e33-9606-42c4-a38b-d8e2568a9ed5-SegmentedRaftLogWorker:Storage Directory /workdir/hadoop-ozone/ozonefs/target/test-dir/MiniOzoneClusterImpl-72e1902e-de17-4929-8ada-cc6049662493/datanode-3/data/ratis/dc39c471-8a13-4a1a-a0db-dc824a92412e] INFO  segmented.SegmentedRaftLogWorker (SegmentedRaftLogWorker.java:run(313)) - 4b9e2e33-9606-42c4-a38b-d8e2568a9ed5-SegmentedRaftLogWorker:Storage Directory /workdir/hadoop-ozone/ozonefs/target/test-dir/MiniOzoneClusterImpl-72e1902e-de17-4929-8ada-cc6049662493/datanode-3/data/ratis/dc39c471-8a13-4a1a-a0db-dc824a92412e was interrupted, exiting. There are 0 tasks remaining in the queue.
2019-09-20 14:24:30,928 [main] INFO  segmented.SegmentedRaftLogWorker (SegmentedRaftLogWorker.java:close(228)) - 9101a5c2-dfb1-4c31-830b-4c77eb758348-SegmentedRaftLogWorker:Storage Directory /workdir/hadoop-ozone/ozonefs/target/test-dir/MiniOzoneClusterImpl-72e1902e-de17-4929-8ada-cc6049662493/datanode-6/data/ratis/e45807bc-b72b-465e-85c6-8696a4a84671 close()
2019-09-20 14:24:30,928 [ForkJoinPool.commonPool-worker-1] INFO  segmented.SegmentedRaftLogWorker (SegmentedRaftLogWorker.java:close(228)) - 4b9e2e33-9606-42c4-a38b-d8e2568a9ed5-SegmentedRaftLogWorker:Storage Directory /workdir/hadoop-ozone/ozonefs/target/test-dir/MiniOzoneClusterImpl-72e1902e-de17-4929-8ada-cc6049662493/datanode-3/data/ratis/dc39c471-8a13-4a1a-a0db-dc824a92412e close()
2019-09-20 14:24:30,931 [main] INFO  impl.RaftServerImpl (RaftServerImpl.java:lambda$shutdown$3(245)) - 9101a5c2-dfb1-4c31-830b-4c77eb758348: shutdown group-99346490130B
2019-09-20 14:24:30,933 [ForkJoinPool.commonPool-worker-1] INFO  impl.RaftServerImpl (RaftServerImpl.java:lambda$shutdown$3(245)) - 4b9e2e33-9606-42c4-a38b-d8e2568a9ed5: shutdown group-A6ED9B3D97C7
2019-09-20 14:24:30,933 [main] INFO  util.JmxRegister (JmxRegister.java:unregister(73)) - Successfully un-registered JMX Bean with object name Ratis:service=RaftServer,group=group-99346490130B,id=9101a5c2-dfb1-4c31-830b-4c77eb758348
2019-09-20 14:24:30,934 [ForkJoinPool.commonPool-worker-1] INFO  util.JmxRegister (JmxRegister.java:unregister(73)) - Successfully un-registered JMX Bean with object name Ratis:service=RaftServer,group=group-A6ED9B3D97C7,id=4b9e2e33-9606-42c4-a38b-d8e2568a9ed5
2019-09-20 14:24:30,934 [main] INFO  impl.RoleInfo (RoleInfo.java:shutdownLeaderState(104)) - 9101a5c2-dfb1-4c31-830b-4c77eb758348: shutdown LeaderState
2019-09-20 14:24:30,934 [ForkJoinPool.commonPool-worker-1] INFO  impl.RoleInfo (RoleInfo.java:shutdownLeaderState(104)) - 4b9e2e33-9606-42c4-a38b-d8e2568a9ed5: shutdown LeaderState
2019-09-20 14:24:30,935 [main] INFO  impl.PendingRequests (PendingRequests.java:sendNotLeaderResponses(202)) - 9101a5c2-dfb1-4c31-830b-4c77eb758348-PendingRequests: sendNotLeaderResponses
2019-09-20 14:24:30,935 [ForkJoinPool.commonPool-worker-1] INFO  impl.PendingRequests (PendingRequests.java:sendNotLeaderResponses(202)) - 4b9e2e33-9606-42c4-a38b-d8e2568a9ed5-PendingRequests: sendNotLeaderResponses
2019-09-20 14:24:30,935 [main] INFO  impl.StateMachineUpdater (StateMachineUpdater.java:stopAndJoin(115)) - StateMachineUpdater:9101a5c2-dfb1-4c31-830b-4c77eb758348:group-99346490130B: set stopIndex = 0
2019-09-20 14:24:30,935 [ForkJoinPool.commonPool-worker-1] INFO  impl.StateMachineUpdater (StateMachineUpdater.java:stopAndJoin(115)) - StateMachineUpdater:4b9e2e33-9606-42c4-a38b-d8e2568a9ed5:group-A6ED9B3D97C7: set stopIndex = 0
2019-09-20 14:24:30,936 [main] INFO  impl.RaftServerImpl (ServerState.java:close(394)) - 9101a5c2-dfb1-4c31-830b-4c77eb758348:group-99346490130B closes. The last applied log index is 0
2019-09-20 14:24:30,936 [ForkJoinPool.commonPool-worker-1] INFO  impl.RaftServerImpl (ServerState.java:close(394)) - 4b9e2e33-9606-42c4-a38b-d8e2568a9ed5:group-A6ED9B3D97C7 closes. The last applied log index is 0
2019-09-20 14:24:30,937 [9101a5c2-dfb1-4c31-830b-4c77eb758348-SegmentedRaftLogWorker:Storage Directory /workdir/hadoop-ozone/ozonefs/target/test-dir/MiniOzoneClusterImpl-72e1902e-de17-4929-8ada-cc6049662493/datanode-6/data/ratis/425b740c-508d-4148-9471-99346490130b] INFO  segmented.SegmentedRaftLogWorker (SegmentedRaftLogWorker.java:run(313)) - 9101a5c2-dfb1-4c31-830b-4c77eb758348-SegmentedRaftLogWorker:Storage Directory /workdir/hadoop-ozone/ozonefs/target/test-dir/MiniOzoneClusterImpl-72e1902e-de17-4929-8ada-cc6049662493/datanode-6/data/ratis/425b740c-508d-4148-9471-99346490130b was interrupted, exiting. There are 0 tasks remaining in the queue.
2019-09-20 14:24:30,937 [4b9e2e33-9606-42c4-a38b-d8e2568a9ed5-SegmentedRaftLogWorker:Storage Directory /workdir/hadoop-ozone/ozonefs/target/test-dir/MiniOzoneClusterImpl-72e1902e-de17-4929-8ada-cc6049662493/datanode-3/data/ratis/b7418ff9-be12-4c87-a8cf-a6ed9b3d97c7] INFO  segmented.SegmentedRaftLogWorker (SegmentedRaftLogWorker.java:run(313)) - 4b9e2e33-9606-42c4-a38b-d8e2568a9ed5-SegmentedRaftLogWorker:Storage Directory /workdir/hadoop-ozone/ozonefs/target/test-dir/MiniOzoneClusterImpl-72e1902e-de17-4929-8ada-cc6049662493/datanode-3/data/ratis/b7418ff9-be12-4c87-a8cf-a6ed9b3d97c7 was interrupted, exiting. There are 0 tasks remaining in the queue.
2019-09-20 14:24:30,937 [main] INFO  segmented.SegmentedRaftLogWorker (SegmentedRaftLogWorker.java:close(228)) - 9101a5c2-dfb1-4c31-830b-4c77eb758348-SegmentedRaftLogWorker:Storage Directory /workdir/hadoop-ozone/ozonefs/target/test-dir/MiniOzoneClusterImpl-72e1902e-de17-4929-8ada-cc6049662493/datanode-6/data/ratis/425b740c-508d-4148-9471-99346490130b close()
2019-09-20 14:24:30,937 [ForkJoinPool.commonPool-worker-1] INFO  segmented.SegmentedRaftLogWorker (SegmentedRaftLogWorker.java:close(228)) - 4b9e2e33-9606-42c4-a38b-d8e2568a9ed5-SegmentedRaftLogWorker:Storage Directory /workdir/hadoop-ozone/ozonefs/target/test-dir/MiniOzoneClusterImpl-72e1902e-de17-4929-8ada-cc6049662493/datanode-3/data/ratis/b7418ff9-be12-4c87-a8cf-a6ed9b3d97c7 close()
2019-09-20 14:24:30,940 [main] INFO  impl.RaftServerImpl (RaftServerImpl.java:lambda$shutdown$3(245)) - 9101a5c2-dfb1-4c31-830b-4c77eb758348: shutdown group-E1BD6452D7F1
2019-09-20 14:24:30,942 [ForkJoinPool.commonPool-worker-1] INFO  impl.RaftServerImpl (RaftServerImpl.java:lambda$shutdown$3(245)) - 4b9e2e33-9606-42c4-a38b-d8e2568a9ed5: shutdown group-9A23F645551A
2019-09-20 14:24:30,943 [main] INFO  util.JmxRegister (JmxRegister.java:unregister(73)) - Successfully un-registered JMX Bean with object name Ratis:service=RaftServer,group=group-E1BD6452D7F1,id=9101a5c2-dfb1-4c31-830b-4c77eb758348
2019-09-20 14:24:30,943 [ForkJoinPool.commonPool-worker-1] INFO  util.JmxRegister (JmxRegister.java:unregister(73)) - Successfully un-registered JMX Bean with object name Ratis:service=RaftServer,group=group-9A23F645551A,id=4b9e2e33-9606-42c4-a38b-d8e2568a9ed5
2019-09-20 14:24:30,943 [main] INFO  impl.RoleInfo (RoleInfo.java:shutdownLeaderState(104)) - 9101a5c2-dfb1-4c31-830b-4c77eb758348: shutdown LeaderState
2019-09-20 14:24:30,943 [ForkJoinPool.commonPool-worker-1] INFO  impl.RoleInfo (RoleInfo.java:shutdownLeaderState(104)) - 4b9e2e33-9606-42c4-a38b-d8e2568a9ed5: shutdown LeaderState
2019-09-20 14:24:30,944 [main] INFO  impl.PendingRequests (PendingRequests.java:sendNotLeaderResponses(202)) - 9101a5c2-dfb1-4c31-830b-4c77eb758348-PendingRequests: sendNotLeaderResponses
2019-09-20 14:24:30,944 [ForkJoinPool.commonPool-worker-1] INFO  impl.PendingRequests (PendingRequests.java:sendNotLeaderResponses(202)) - 4b9e2e33-9606-42c4-a38b-d8e2568a9ed5-PendingRequests: sendNotLeaderResponses
2019-09-20 14:24:30,944 [main] INFO  impl.StateMachineUpdater (StateMachineUpdater.java:stopAndJoin(115)) - StateMachineUpdater:9101a5c2-dfb1-4c31-830b-4c77eb758348:group-E1BD6452D7F1: set stopIndex = 0
2019-09-20 14:24:30,945 [main] INFO  impl.RaftServerImpl (ServerState.java:close(394)) - 9101a5c2-dfb1-4c31-830b-4c77eb758348:group-E1BD6452D7F1 closes. The last applied log index is 0
2019-09-20 14:24:30,945 [ForkJoinPool.commonPool-worker-1] INFO  impl.StateMachineUpdater (StateMachineUpdater.java:stopAndJoin(115)) - StateMachineUpdater:4b9e2e33-9606-42c4-a38b-d8e2568a9ed5:group-9A23F645551A: set stopIndex = 0
2019-09-20 14:24:30,946 [ForkJoinPool.commonPool-worker-1] INFO  impl.RaftServerImpl (ServerState.java:close(394)) - 4b9e2e33-9606-42c4-a38b-d8e2568a9ed5:group-9A23F645551A closes. The last applied log index is 0
2019-09-20 14:24:30,945 [9101a5c2-dfb1-4c31-830b-4c77eb758348-SegmentedRaftLogWorker:Storage Directory /workdir/hadoop-ozone/ozonefs/target/test-dir/MiniOzoneClusterImpl-72e1902e-de17-4929-8ada-cc6049662493/datanode-6/data/ratis/69d90bd0-95d5-414c-9643-e1bd6452d7f1] INFO  segmented.SegmentedRaftLogWorker (SegmentedRaftLogWorker.java:run(313)) - 9101a5c2-dfb1-4c31-830b-4c77eb758348-SegmentedRaftLogWorker:Storage Directory /workdir/hadoop-ozone/ozonefs/target/test-dir/MiniOzoneClusterImpl-72e1902e-de17-4929-8ada-cc6049662493/datanode-6/data/ratis/69d90bd0-95d5-414c-9643-e1bd6452d7f1 was interrupted, exiting. There are 0 tasks remaining in the queue.
2019-09-20 14:24:30,946 [4b9e2e33-9606-42c4-a38b-d8e2568a9ed5-SegmentedRaftLogWorker:Storage Directory /workdir/hadoop-ozone/ozonefs/target/test-dir/MiniOzoneClusterImpl-72e1902e-de17-4929-8ada-cc6049662493/datanode-3/data/ratis/b0740f61-8c9b-4160-a514-9a23f645551a] INFO  segmented.SegmentedRaftLogWorker (SegmentedRaftLogWorker.java:run(313)) - 4b9e2e33-9606-42c4-a38b-d8e2568a9ed5-SegmentedRaftLogWorker:Storage Directory /workdir/hadoop-ozone/ozonefs/target/test-dir/MiniOzoneClusterImpl-72e1902e-de17-4929-8ada-cc6049662493/datanode-3/data/ratis/b0740f61-8c9b-4160-a514-9a23f645551a was interrupted, exiting. There are 0 tasks remaining in the queue.
2019-09-20 14:24:30,946 [main] INFO  segmented.SegmentedRaftLogWorker (SegmentedRaftLogWorker.java:close(228)) - 9101a5c2-dfb1-4c31-830b-4c77eb758348-SegmentedRaftLogWorker:Storage Directory /workdir/hadoop-ozone/ozonefs/target/test-dir/MiniOzoneClusterImpl-72e1902e-de17-4929-8ada-cc6049662493/datanode-6/data/ratis/69d90bd0-95d5-414c-9643-e1bd6452d7f1 close()
2019-09-20 14:24:30,946 [ForkJoinPool.commonPool-worker-1] INFO  segmented.SegmentedRaftLogWorker (SegmentedRaftLogWorker.java:close(228)) - 4b9e2e33-9606-42c4-a38b-d8e2568a9ed5-SegmentedRaftLogWorker:Storage Directory /workdir/hadoop-ozone/ozonefs/target/test-dir/MiniOzoneClusterImpl-72e1902e-de17-4929-8ada-cc6049662493/datanode-3/data/ratis/b0740f61-8c9b-4160-a514-9a23f645551a close()
2019-09-20 14:24:30,949 [main] INFO  impl.RaftServerImpl (RaftServerImpl.java:lambda$shutdown$3(245)) - 9101a5c2-dfb1-4c31-830b-4c77eb758348: shutdown group-09C10C9747B2
2019-09-20 14:24:30,951 [ForkJoinPool.commonPool-worker-1] INFO  impl.RaftServerImpl (RaftServerImpl.java:lambda$shutdown$3(245)) - 4b9e2e33-9606-42c4-a38b-d8e2568a9ed5: shutdown group-7D0DEE55AFC9
2019-09-20 14:24:30,951 [main] INFO  util.JmxRegister (JmxRegister.java:unregister(73)) - Successfully un-registered JMX Bean with object name Ratis:service=RaftServer,group=group-09C10C9747B2,id=9101a5c2-dfb1-4c31-830b-4c77eb758348
2019-09-20 14:24:30,952 [ForkJoinPool.commonPool-worker-1] INFO  util.JmxRegister (JmxRegister.java:unregister(73)) - Successfully un-registered JMX Bean with object name Ratis:service=RaftServer,group=group-7D0DEE55AFC9,id=4b9e2e33-9606-42c4-a38b-d8e2568a9ed5
2019-09-20 14:24:30,952 [ForkJoinPool.commonPool-worker-1] INFO  impl.RoleInfo (RoleInfo.java:shutdownLeaderState(104)) - 4b9e2e33-9606-42c4-a38b-d8e2568a9ed5: shutdown LeaderState
2019-09-20 14:24:30,952 [main] INFO  impl.RoleInfo (RoleInfo.java:shutdownLeaderState(104)) - 9101a5c2-dfb1-4c31-830b-4c77eb758348: shutdown LeaderState
2019-09-20 14:24:30,952 [ForkJoinPool.commonPool-worker-1] INFO  impl.PendingRequests (PendingRequests.java:sendNotLeaderResponses(202)) - 4b9e2e33-9606-42c4-a38b-d8e2568a9ed5-PendingRequests: sendNotLeaderResponses
2019-09-20 14:24:30,953 [main] INFO  impl.PendingRequests (PendingRequests.java:sendNotLeaderResponses(202)) - 9101a5c2-dfb1-4c31-830b-4c77eb758348-PendingRequests: sendNotLeaderResponses
2019-09-20 14:24:30,953 [ForkJoinPool.commonPool-worker-1] INFO  impl.StateMachineUpdater (StateMachineUpdater.java:stopAndJoin(115)) - StateMachineUpdater:4b9e2e33-9606-42c4-a38b-d8e2568a9ed5:group-7D0DEE55AFC9: set stopIndex = 0
2019-09-20 14:24:30,953 [main] INFO  impl.StateMachineUpdater (StateMachineUpdater.java:stopAndJoin(115)) - StateMachineUpdater:9101a5c2-dfb1-4c31-830b-4c77eb758348:group-09C10C9747B2: set stopIndex = 0
2019-09-20 14:24:30,953 [ForkJoinPool.commonPool-worker-1] INFO  impl.RaftServerImpl (ServerState.java:close(394)) - 4b9e2e33-9606-42c4-a38b-d8e2568a9ed5:group-7D0DEE55AFC9 closes. The last applied log index is 0
2019-09-20 14:24:30,954 [main] INFO  impl.RaftServerImpl (ServerState.java:close(394)) - 9101a5c2-dfb1-4c31-830b-4c77eb758348:group-09C10C9747B2 closes. The last applied log index is 0
2019-09-20 14:24:30,954 [4b9e2e33-9606-42c4-a38b-d8e2568a9ed5-SegmentedRaftLogWorker:Storage Directory /workdir/hadoop-ozone/ozonefs/target/test-dir/MiniOzoneClusterImpl-72e1902e-de17-4929-8ada-cc6049662493/datanode-3/data/ratis/2f5e3761-b5d2-4945-b659-7d0dee55afc9] INFO  segmented.SegmentedRaftLogWorker (SegmentedRaftLogWorker.java:run(313)) - 4b9e2e33-9606-42c4-a38b-d8e2568a9ed5-SegmentedRaftLogWorker:Storage Directory /workdir/hadoop-ozone/ozonefs/target/test-dir/MiniOzoneClusterImpl-72e1902e-de17-4929-8ada-cc6049662493/datanode-3/data/ratis/2f5e3761-b5d2-4945-b659-7d0dee55afc9 was interrupted, exiting. There are 0 tasks remaining in the queue.
2019-09-20 14:24:30,954 [9101a5c2-dfb1-4c31-830b-4c77eb758348-SegmentedRaftLogWorker:Storage Directory /workdir/hadoop-ozone/ozonefs/target/test-dir/MiniOzoneClusterImpl-72e1902e-de17-4929-8ada-cc6049662493/datanode-6/data/ratis/e4d97ce3-a429-4633-880a-09c10c9747b2] INFO  segmented.SegmentedRaftLogWorker (SegmentedRaftLogWorker.java:run(313)) - 9101a5c2-dfb1-4c31-830b-4c77eb758348-SegmentedRaftLogWorker:Storage Directory /workdir/hadoop-ozone/ozonefs/target/test-dir/MiniOzoneClusterImpl-72e1902e-de17-4929-8ada-cc6049662493/datanode-6/data/ratis/e4d97ce3-a429-4633-880a-09c10c9747b2 was interrupted, exiting. There are 0 tasks remaining in the queue.
2019-09-20 14:24:30,955 [ForkJoinPool.commonPool-worker-1] INFO  segmented.SegmentedRaftLogWorker (SegmentedRaftLogWorker.java:close(228)) - 4b9e2e33-9606-42c4-a38b-d8e2568a9ed5-SegmentedRaftLogWorker:Storage Directory /workdir/hadoop-ozone/ozonefs/target/test-dir/MiniOzoneClusterImpl-72e1902e-de17-4929-8ada-cc6049662493/datanode-3/data/ratis/2f5e3761-b5d2-4945-b659-7d0dee55afc9 close()
2019-09-20 14:24:30,955 [main] INFO  segmented.SegmentedRaftLogWorker (SegmentedRaftLogWorker.java:close(228)) - 9101a5c2-dfb1-4c31-830b-4c77eb758348-SegmentedRaftLogWorker:Storage Directory /workdir/hadoop-ozone/ozonefs/target/test-dir/MiniOzoneClusterImpl-72e1902e-de17-4929-8ada-cc6049662493/datanode-6/data/ratis/e4d97ce3-a429-4633-880a-09c10c9747b2 close()
2019-09-20 14:24:30,967 [ForkJoinPool.commonPool-worker-1] INFO  impl.RaftServerImpl (RaftServerImpl.java:lambda$shutdown$3(245)) - 4b9e2e33-9606-42c4-a38b-d8e2568a9ed5: shutdown group-F718F8C9C9B2
2019-09-20 14:24:30,967 [main] INFO  impl.RaftServerImpl (RaftServerImpl.java:lambda$shutdown$3(245)) - 9101a5c2-dfb1-4c31-830b-4c77eb758348: shutdown group-28C4E3CFD119
2019-09-20 14:24:30,967 [ForkJoinPool.commonPool-worker-1] INFO  util.JmxRegister (JmxRegister.java:unregister(73)) - Successfully un-registered JMX Bean with object name Ratis:service=RaftServer,group=group-F718F8C9C9B2,id=4b9e2e33-9606-42c4-a38b-d8e2568a9ed5
2019-09-20 14:24:30,968 [main] INFO  util.JmxRegister (JmxRegister.java:unregister(73)) - Successfully un-registered JMX Bean with object name Ratis:service=RaftServer,group=group-28C4E3CFD119,id=9101a5c2-dfb1-4c31-830b-4c77eb758348
2019-09-20 14:24:30,968 [ForkJoinPool.commonPool-worker-1] INFO  impl.RoleInfo (RoleInfo.java:shutdownLeaderState(104)) - 4b9e2e33-9606-42c4-a38b-d8e2568a9ed5: shutdown LeaderState
2019-09-20 14:24:30,968 [main] INFO  impl.RoleInfo (RoleInfo.java:shutdownLeaderState(104)) - 9101a5c2-dfb1-4c31-830b-4c77eb758348: shutdown LeaderState
2019-09-20 14:24:30,969 [ForkJoinPool.commonPool-worker-1] INFO  impl.PendingRequests (PendingRequests.java:sendNotLeaderResponses(202)) - 4b9e2e33-9606-42c4-a38b-d8e2568a9ed5-PendingRequests: sendNotLeaderResponses
2019-09-20 14:24:30,969 [main] INFO  impl.PendingRequests (PendingRequests.java:sendNotLeaderResponses(202)) - 9101a5c2-dfb1-4c31-830b-4c77eb758348-PendingRequests: sendNotLeaderResponses
2019-09-20 14:24:30,969 [ForkJoinPool.commonPool-worker-1] INFO  impl.StateMachineUpdater (StateMachineUpdater.java:stopAndJoin(115)) - StateMachineUpdater:4b9e2e33-9606-42c4-a38b-d8e2568a9ed5:group-F718F8C9C9B2: set stopIndex = 0
2019-09-20 14:24:30,970 [main] INFO  impl.StateMachineUpdater (StateMachineUpdater.java:stopAndJoin(115)) - StateMachineUpdater:9101a5c2-dfb1-4c31-830b-4c77eb758348:group-28C4E3CFD119: set stopIndex = 0
2019-09-20 14:24:30,970 [main] INFO  impl.RaftServerImpl (ServerState.java:close(394)) - 9101a5c2-dfb1-4c31-830b-4c77eb758348:group-28C4E3CFD119 closes. The last applied log index is 0
2019-09-20 14:24:30,970 [ForkJoinPool.commonPool-worker-1] INFO  impl.RaftServerImpl (ServerState.java:close(394)) - 4b9e2e33-9606-42c4-a38b-d8e2568a9ed5:group-F718F8C9C9B2 closes. The last applied log index is 0
2019-09-20 14:24:30,971 [9101a5c2-dfb1-4c31-830b-4c77eb758348-SegmentedRaftLogWorker:Storage Directory /workdir/hadoop-ozone/ozonefs/target/test-dir/MiniOzoneClusterImpl-72e1902e-de17-4929-8ada-cc6049662493/datanode-6/data/ratis/ef245d12-4352-4f4d-ae04-28c4e3cfd119] INFO  segmented.SegmentedRaftLogWorker (SegmentedRaftLogWorker.java:run(313)) - 9101a5c2-dfb1-4c31-830b-4c77eb758348-SegmentedRaftLogWorker:Storage Directory /workdir/hadoop-ozone/ozonefs/target/test-dir/MiniOzoneClusterImpl-72e1902e-de17-4929-8ada-cc6049662493/datanode-6/data/ratis/ef245d12-4352-4f4d-ae04-28c4e3cfd119 was interrupted, exiting. There are 0 tasks remaining in the queue.
2019-09-20 14:24:30,971 [4b9e2e33-9606-42c4-a38b-d8e2568a9ed5-SegmentedRaftLogWorker:Storage Directory /workdir/hadoop-ozone/ozonefs/target/test-dir/MiniOzoneClusterImpl-72e1902e-de17-4929-8ada-cc6049662493/datanode-3/data/ratis/88b48c35-bb58-40c0-a0c8-f718f8c9c9b2] INFO  segmented.SegmentedRaftLogWorker (SegmentedRaftLogWorker.java:run(313)) - 4b9e2e33-9606-42c4-a38b-d8e2568a9ed5-SegmentedRaftLogWorker:Storage Directory /workdir/hadoop-ozone/ozonefs/target/test-dir/MiniOzoneClusterImpl-72e1902e-de17-4929-8ada-cc6049662493/datanode-3/data/ratis/88b48c35-bb58-40c0-a0c8-f718f8c9c9b2 was interrupted, exiting. There are 0 tasks remaining in the queue.
2019-09-20 14:24:30,971 [main] INFO  segmented.SegmentedRaftLogWorker (SegmentedRaftLogWorker.java:close(228)) - 9101a5c2-dfb1-4c31-830b-4c77eb758348-SegmentedRaftLogWorker:Storage Directory /workdir/hadoop-ozone/ozonefs/target/test-dir/MiniOzoneClusterImpl-72e1902e-de17-4929-8ada-cc6049662493/datanode-6/data/ratis/ef245d12-4352-4f4d-ae04-28c4e3cfd119 close()
2019-09-20 14:24:30,971 [ForkJoinPool.commonPool-worker-1] INFO  segmented.SegmentedRaftLogWorker (SegmentedRaftLogWorker.java:close(228)) - 4b9e2e33-9606-42c4-a38b-d8e2568a9ed5-SegmentedRaftLogWorker:Storage Directory /workdir/hadoop-ozone/ozonefs/target/test-dir/MiniOzoneClusterImpl-72e1902e-de17-4929-8ada-cc6049662493/datanode-3/data/ratis/88b48c35-bb58-40c0-a0c8-f718f8c9c9b2 close()
2019-09-20 14:24:30,971 [main] INFO  server.GrpcService (GrpcService.java:closeImpl(155)) - 9101a5c2-dfb1-4c31-830b-4c77eb758348: shutdown server with port 35572 now
2019-09-20 14:24:30,972 [ForkJoinPool.commonPool-worker-1] INFO  impl.RaftServerImpl (RaftServerImpl.java:lambda$shutdown$3(245)) - 4b9e2e33-9606-42c4-a38b-d8e2568a9ed5: shutdown group-92358796CB7B
2019-09-20 14:24:30,975 [main] INFO  server.GrpcService (GrpcService.java:closeImpl(163)) - 9101a5c2-dfb1-4c31-830b-4c77eb758348: shutdown server with port 35572 successfully
2019-09-20 14:24:30,975 [ForkJoinPool.commonPool-worker-1] INFO  util.JmxRegister (JmxRegister.java:unregister(73)) - Successfully un-registered JMX Bean with object name Ratis:service=RaftServer,group=group-92358796CB7B,id=4b9e2e33-9606-42c4-a38b-d8e2568a9ed5
2019-09-20 14:24:30,976 [ForkJoinPool.commonPool-worker-1] INFO  impl.RoleInfo (RoleInfo.java:shutdownLeaderState(104)) - 4b9e2e33-9606-42c4-a38b-d8e2568a9ed5: shutdown LeaderState
2019-09-20 14:24:30,976 [ForkJoinPool.commonPool-worker-1] INFO  impl.PendingRequests (PendingRequests.java:sendNotLeaderResponses(202)) - 4b9e2e33-9606-42c4-a38b-d8e2568a9ed5-PendingRequests: sendNotLeaderResponses
2019-09-20 14:24:30,976 [ForkJoinPool.commonPool-worker-1] INFO  impl.StateMachineUpdater (StateMachineUpdater.java:stopAndJoin(115)) - StateMachineUpdater:4b9e2e33-9606-42c4-a38b-d8e2568a9ed5:group-92358796CB7B: set stopIndex = 0
2019-09-20 14:24:30,977 [ForkJoinPool.commonPool-worker-1] INFO  impl.RaftServerImpl (ServerState.java:close(394)) - 4b9e2e33-9606-42c4-a38b-d8e2568a9ed5:group-92358796CB7B closes. The last applied log index is 0
2019-09-20 14:24:30,977 [4b9e2e33-9606-42c4-a38b-d8e2568a9ed5-SegmentedRaftLogWorker:Storage Directory /workdir/hadoop-ozone/ozonefs/target/test-dir/MiniOzoneClusterImpl-72e1902e-de17-4929-8ada-cc6049662493/datanode-3/data/ratis/dc7ec544-0d4c-4b51-99dc-92358796cb7b] INFO  segmented.SegmentedRaftLogWorker (SegmentedRaftLogWorker.java:run(313)) - 4b9e2e33-9606-42c4-a38b-d8e2568a9ed5-SegmentedRaftLogWorker:Storage Directory /workdir/hadoop-ozone/ozonefs/target/test-dir/MiniOzoneClusterImpl-72e1902e-de17-4929-8ada-cc6049662493/datanode-3/data/ratis/dc7ec544-0d4c-4b51-99dc-92358796cb7b was interrupted, exiting. There are 0 tasks remaining in the queue.
2019-09-20 14:24:30,977 [ForkJoinPool.commonPool-worker-1] INFO  segmented.SegmentedRaftLogWorker (SegmentedRaftLogWorker.java:close(228)) - 4b9e2e33-9606-42c4-a38b-d8e2568a9ed5-SegmentedRaftLogWorker:Storage Directory /workdir/hadoop-ozone/ozonefs/target/test-dir/MiniOzoneClusterImpl-72e1902e-de17-4929-8ada-cc6049662493/datanode-3/data/ratis/dc7ec544-0d4c-4b51-99dc-92358796cb7b close()
2019-09-20 14:24:30,977 [ForkJoinPool.commonPool-worker-1] INFO  server.GrpcService (GrpcService.java:closeImpl(155)) - 4b9e2e33-9606-42c4-a38b-d8e2568a9ed5: shutdown server with port 41206 now
2019-09-20 14:24:30,980 [ForkJoinPool.commonPool-worker-1] INFO  server.GrpcService (GrpcService.java:closeImpl(163)) - 4b9e2e33-9606-42c4-a38b-d8e2568a9ed5: shutdown server with port 41206 successfully
2019-09-20 14:24:30,981 [main] INFO  utils.BackgroundService (BackgroundService.java:shutdown(148)) - Shutting down service BlockDeletingService
2019-09-20 14:24:30,982 [ForkJoinPool.commonPool-worker-1] INFO  utils.BackgroundService (BackgroundService.java:shutdown(148)) - Shutting down service BlockDeletingService
2019-09-20 14:24:30,983 [refreshUsed-/workdir/hadoop-ozone/ozonefs/target/test-dir/MiniOzoneClusterImpl-72e1902e-de17-4929-8ada-cc6049662493/datanode-6/data/containers] WARN  fs.CachingGetSpaceUsed (CachingGetSpaceUsed.java:run(183)) - Thread Interrupted waiting to refresh disk information: sleep interrupted
2019-09-20 14:24:30,983 [refreshUsed-/workdir/hadoop-ozone/ozonefs/target/test-dir/MiniOzoneClusterImpl-72e1902e-de17-4929-8ada-cc6049662493/datanode-3/data/containers] WARN  fs.CachingGetSpaceUsed (CachingGetSpaceUsed.java:run(183)) - Thread Interrupted waiting to refresh disk information: sleep interrupted
2019-09-20 14:24:31,015 [main] INFO  statemachine.DatanodeStateMachine (DatanodeStateMachine.java:stopDaemon(395)) - Ozone container server stopped.
2019-09-20 14:24:31,017 [main] INFO  handler.ContextHandler (ContextHandler.java:doStop(910)) - Stopped o.e.j.w.WebAppContext@729cd862{/,null,UNAVAILABLE}{/hddsDatanode}
2019-09-20 14:24:31,017 [main] INFO  server.AbstractConnector (AbstractConnector.java:doStop(318)) - Stopped ServerConnector@23b71d24{HTTP/1.1,[http/1.1]}{0.0.0.0:0}
2019-09-20 14:24:31,020 [main] INFO  handler.ContextHandler (ContextHandler.java:doStop(910)) - Stopped o.e.j.s.ServletContextHandler@566fe83c{/static,jar:file:/home/user/.m2/repository/org/apache/hadoop/hadoop-hdds-container-service/0.5.0-SNAPSHOT/hadoop-hdds-container-service-0.5.0-SNAPSHOT.jar!/webapps/static,UNAVAILABLE}
2019-09-20 14:24:31,022 [ForkJoinPool.commonPool-worker-1] INFO  statemachine.DatanodeStateMachine (DatanodeStateMachine.java:stopDaemon(395)) - Ozone container server stopped.
2019-09-20 14:24:31,022 [main] INFO  handler.ContextHandler (ContextHandler.java:doStop(910)) - Stopped o.e.j.s.ServletContextHandler@61a704d3{/logs,file:///workdir/hadoop-ozone/ozonefs/target/log,UNAVAILABLE}
2019-09-20 14:24:31,026 [main] INFO  datanode.ObjectStoreHandler (ObjectStoreHandler.java:close(155)) - Closing ObjectStoreHandler.
2019-09-20 14:24:31,027 [ForkJoinPool.commonPool-worker-1] INFO  handler.ContextHandler (ContextHandler.java:doStop(910)) - Stopped o.e.j.w.WebAppContext@28ee882c{/,null,UNAVAILABLE}{/hddsDatanode}
2019-09-20 14:24:31,028 [main] INFO  ozone.HddsDatanodeService (HddsDatanodeService.java:stop(451)) - Stopped plug-in org.apache.hadoop.ozone.web.OzoneHddsDatanodeService@27db45f
2019-09-20 14:24:31,028 [ForkJoinPool.commonPool-worker-1] INFO  server.AbstractConnector (AbstractConnector.java:doStop(318)) - Stopped ServerConnector@78d73b1b{HTTP/1.1,[http/1.1]}{0.0.0.0:0}
2019-09-20 14:24:31,030 [ForkJoinPool.commonPool-worker-1] INFO  handler.ContextHandler (ContextHandler.java:doStop(910)) - Stopped o.e.j.s.ServletContextHandler@3dec3f87{/static,jar:file:/home/user/.m2/repository/org/apache/hadoop/hadoop-hdds-container-service/0.5.0-SNAPSHOT/hadoop-hdds-container-service-0.5.0-SNAPSHOT.jar!/webapps/static,UNAVAILABLE}
2019-09-20 14:24:31,031 [ForkJoinPool.commonPool-worker-1] INFO  handler.ContextHandler (ContextHandler.java:doStop(910)) - Stopped o.e.j.s.ServletContextHandler@656842bc{/logs,file:///workdir/hadoop-ozone/ozonefs/target/log,UNAVAILABLE}
2019-09-20 14:24:31,032 [ForkJoinPool.commonPool-worker-1] INFO  datanode.ObjectStoreHandler (ObjectStoreHandler.java:close(155)) - Closing ObjectStoreHandler.
2019-09-20 14:24:31,032 [ForkJoinPool.commonPool-worker-1] INFO  ozone.HddsDatanodeService (HddsDatanodeService.java:stop(451)) - Stopped plug-in org.apache.hadoop.ozone.web.OzoneHddsDatanodeService@4b4a2fa8
2019-09-20 14:24:31,386 [Datanode State Machine Thread - 0] INFO  statemachine.DatanodeStateMachine (DatanodeStateMachine.java:lambda$startDaemon$0(350)) - Ozone container server started.
2019-09-20 14:24:31,386 [Datanode State Machine Thread - 0] INFO  statemachine.DatanodeStateMachine (DatanodeStateMachine.java:lambda$startDaemon$0(350)) - Ozone container server started.
2019-09-20 14:24:31,394 | INFO  | SCMAudit | user=jenkins1000 | ip=192.168.36.99 | op=SEND_HEARTBEAT {datanodeUUID=ea2f062a-dcfd-4d75-88ac-6c4e2f0364da, command=[]} | ret=SUCCESS |  
2019-09-20 14:24:31,394 | INFO  | SCMAudit | user=jenkins1000 | ip=192.168.36.99 | op=SEND_HEARTBEAT {datanodeUUID=c0a66530-d43a-4ae5-bdbb-2b9936068aaa, command=[]} | ret=SUCCESS |  
2019-09-20 14:24:31,509 | INFO  | SCMAudit | user=jenkins1000 | ip=192.168.36.99 | op=SEND_HEARTBEAT {datanodeUUID=e0033df1-dced-4562-b4c4-a94a3cb6c131, command=[]} | ret=SUCCESS |  
2019-09-20 14:24:31,510 | INFO  | SCMAudit | user=jenkins1000 | ip=192.168.36.99 | op=SEND_HEARTBEAT {datanodeUUID=7c330693-1e2f-4265-ad51-f8ae66fac775, command=[]} | ret=SUCCESS |  
2019-09-20 14:24:32,395 | INFO  | SCMAudit | user=jenkins1000 | ip=192.168.36.99 | op=SEND_HEARTBEAT {datanodeUUID=c0a66530-d43a-4ae5-bdbb-2b9936068aaa, command=[]} | ret=SUCCESS |  
2019-09-20 14:24:32,395 | INFO  | SCMAudit | user=jenkins1000 | ip=192.168.36.99 | op=SEND_HEARTBEAT {datanodeUUID=ea2f062a-dcfd-4d75-88ac-6c4e2f0364da, command=[]} | ret=SUCCESS |  
2019-09-20 14:24:32,511 | INFO  | SCMAudit | user=jenkins1000 | ip=192.168.36.99 | op=SEND_HEARTBEAT {datanodeUUID=e0033df1-dced-4562-b4c4-a94a3cb6c131, command=[]} | ret=SUCCESS |  
2019-09-20 14:24:32,511 | INFO  | SCMAudit | user=jenkins1000 | ip=192.168.36.99 | op=SEND_HEARTBEAT {datanodeUUID=7c330693-1e2f-4265-ad51-f8ae66fac775, command=[]} | ret=SUCCESS |  
2019-09-20 14:24:33,395 | INFO  | SCMAudit | user=jenkins1000 | ip=192.168.36.99 | op=SEND_HEARTBEAT {datanodeUUID=c0a66530-d43a-4ae5-bdbb-2b9936068aaa, command=[]} | ret=SUCCESS |  
2019-09-20 14:24:33,395 | INFO  | SCMAudit | user=jenkins1000 | ip=192.168.36.99 | op=SEND_HEARTBEAT {datanodeUUID=ea2f062a-dcfd-4d75-88ac-6c4e2f0364da, command=[]} | ret=SUCCESS |  
2019-09-20 14:24:33,510 | INFO  | SCMAudit | user=jenkins1000 | ip=192.168.36.99 | op=SEND_HEARTBEAT {datanodeUUID=e0033df1-dced-4562-b4c4-a94a3cb6c131, command=[]} | ret=SUCCESS |  
2019-09-20 14:24:33,510 | INFO  | SCMAudit | user=jenkins1000 | ip=192.168.36.99 | op=SEND_HEARTBEAT {datanodeUUID=7c330693-1e2f-4265-ad51-f8ae66fac775, command=[]} | ret=SUCCESS |  
2019-09-20 14:24:34,394 | INFO  | SCMAudit | user=jenkins1000 | ip=192.168.36.99 | op=SEND_HEARTBEAT {datanodeUUID=ea2f062a-dcfd-4d75-88ac-6c4e2f0364da, command=[]} | ret=SUCCESS |  
2019-09-20 14:24:34,394 | INFO  | SCMAudit | user=jenkins1000 | ip=192.168.36.99 | op=SEND_HEARTBEAT {datanodeUUID=c0a66530-d43a-4ae5-bdbb-2b9936068aaa, command=[]} | ret=SUCCESS |  
2019-09-20 14:24:34,510 | INFO  | SCMAudit | user=jenkins1000 | ip=192.168.36.99 | op=SEND_HEARTBEAT {datanodeUUID=e0033df1-dced-4562-b4c4-a94a3cb6c131, command=[]} | ret=SUCCESS |  
2019-09-20 14:24:34,511 | INFO  | SCMAudit | user=jenkins1000 | ip=192.168.36.99 | op=SEND_HEARTBEAT {datanodeUUID=7c330693-1e2f-4265-ad51-f8ae66fac775, command=[]} | ret=SUCCESS |  
2019-09-20 14:24:35,395 | INFO  | SCMAudit | user=jenkins1000 | ip=192.168.36.99 | op=SEND_HEARTBEAT {datanodeUUID=c0a66530-d43a-4ae5-bdbb-2b9936068aaa, command=[]} | ret=SUCCESS |  
2019-09-20 14:24:35,395 | INFO  | SCMAudit | user=jenkins1000 | ip=192.168.36.99 | op=SEND_HEARTBEAT {datanodeUUID=ea2f062a-dcfd-4d75-88ac-6c4e2f0364da, command=[]} | ret=SUCCESS |  
2019-09-20 14:24:35,510 | INFO  | SCMAudit | user=jenkins1000 | ip=192.168.36.99 | op=SEND_HEARTBEAT {datanodeUUID=e0033df1-dced-4562-b4c4-a94a3cb6c131, command=[]} | ret=SUCCESS |  
2019-09-20 14:24:35,511 | INFO  | SCMAudit | user=jenkins1000 | ip=192.168.36.99 | op=SEND_HEARTBEAT {datanodeUUID=7c330693-1e2f-4265-ad51-f8ae66fac775, command=[]} | ret=SUCCESS |  
2019-09-20 14:24:36,029 [main] INFO  ozoneimpl.OzoneContainer (OzoneContainer.java:stop(199)) - Attempting to stop container services.
2019-09-20 14:24:36,029 [main] INFO  impl.RaftServerProxy (RaftServerProxy.java:lambda$close$4(314)) - fc92467e-4cd7-4ea6-9bfc-11250c30c0f6: close
2019-09-20 14:24:36,030 [main] INFO  impl.RaftServerImpl (RaftServerImpl.java:lambda$shutdown$3(245)) - fc92467e-4cd7-4ea6-9bfc-11250c30c0f6: shutdown group-9FDFCC08B083
2019-09-20 14:24:36,030 [main] INFO  util.JmxRegister (JmxRegister.java:unregister(73)) - Successfully un-registered JMX Bean with object name Ratis:service=RaftServer,group=group-9FDFCC08B083,id=fc92467e-4cd7-4ea6-9bfc-11250c30c0f6
2019-09-20 14:24:36,031 [main] INFO  impl.RoleInfo (RoleInfo.java:shutdownLeaderState(104)) - fc92467e-4cd7-4ea6-9bfc-11250c30c0f6: shutdown LeaderState
2019-09-20 14:24:36,031 [main] INFO  impl.PendingRequests (PendingRequests.java:sendNotLeaderResponses(202)) - fc92467e-4cd7-4ea6-9bfc-11250c30c0f6-PendingRequests: sendNotLeaderResponses
2019-09-20 14:24:36,032 [main] INFO  impl.StateMachineUpdater (StateMachineUpdater.java:stopAndJoin(115)) - StateMachineUpdater:fc92467e-4cd7-4ea6-9bfc-11250c30c0f6:group-9FDFCC08B083: set stopIndex = 0
2019-09-20 14:24:36,032 [main] INFO  impl.RaftServerImpl (ServerState.java:close(394)) - fc92467e-4cd7-4ea6-9bfc-11250c30c0f6:group-9FDFCC08B083 closes. The last applied log index is 0
2019-09-20 14:24:36,033 [fc92467e-4cd7-4ea6-9bfc-11250c30c0f6-SegmentedRaftLogWorker:Storage Directory /workdir/hadoop-ozone/ozonefs/target/test-dir/MiniOzoneClusterImpl-72e1902e-de17-4929-8ada-cc6049662493/datanode-8/data/ratis/c17e23a1-cadf-43d2-a8b2-9fdfcc08b083] INFO  segmented.SegmentedRaftLogWorker (SegmentedRaftLogWorker.java:run(313)) - fc92467e-4cd7-4ea6-9bfc-11250c30c0f6-SegmentedRaftLogWorker:Storage Directory /workdir/hadoop-ozone/ozonefs/target/test-dir/MiniOzoneClusterImpl-72e1902e-de17-4929-8ada-cc6049662493/datanode-8/data/ratis/c17e23a1-cadf-43d2-a8b2-9fdfcc08b083 was interrupted, exiting. There are 0 tasks remaining in the queue.
2019-09-20 14:24:36,033 [ForkJoinPool.commonPool-worker-1] INFO  ozoneimpl.OzoneContainer (OzoneContainer.java:stop(199)) - Attempting to stop container services.
2019-09-20 14:24:36,033 [main] INFO  segmented.SegmentedRaftLogWorker (SegmentedRaftLogWorker.java:close(228)) - fc92467e-4cd7-4ea6-9bfc-11250c30c0f6-SegmentedRaftLogWorker:Storage Directory /workdir/hadoop-ozone/ozonefs/target/test-dir/MiniOzoneClusterImpl-72e1902e-de17-4929-8ada-cc6049662493/datanode-8/data/ratis/c17e23a1-cadf-43d2-a8b2-9fdfcc08b083 close()
2019-09-20 14:24:36,034 [ForkJoinPool.commonPool-worker-1] INFO  impl.RaftServerProxy (RaftServerProxy.java:lambda$close$4(314)) - 93651a45-ffa4-4bae-ae49-6429ae7182bc: close
2019-09-20 14:24:36,034 [main] INFO  impl.RaftServerImpl (RaftServerImpl.java:lambda$shutdown$3(245)) - fc92467e-4cd7-4ea6-9bfc-11250c30c0f6: shutdown group-52756270EA3F
2019-09-20 14:24:36,034 [ForkJoinPool.commonPool-worker-1] INFO  impl.RaftServerImpl (RaftServerImpl.java:lambda$shutdown$3(245)) - 93651a45-ffa4-4bae-ae49-6429ae7182bc: shutdown group-4013964120DE
2019-09-20 14:24:36,035 [main] INFO  util.JmxRegister (JmxRegister.java:unregister(73)) - Successfully un-registered JMX Bean with object name Ratis:service=RaftServer,group=group-52756270EA3F,id=fc92467e-4cd7-4ea6-9bfc-11250c30c0f6
2019-09-20 14:24:36,035 [main] INFO  impl.RoleInfo (RoleInfo.java:shutdownLeaderState(104)) - fc92467e-4cd7-4ea6-9bfc-11250c30c0f6: shutdown LeaderState
2019-09-20 14:24:36,035 [ForkJoinPool.commonPool-worker-1] INFO  util.JmxRegister (JmxRegister.java:unregister(73)) - Successfully un-registered JMX Bean with object name Ratis:service=RaftServer,group=group-4013964120DE,id=93651a45-ffa4-4bae-ae49-6429ae7182bc
2019-09-20 14:24:36,036 [main] INFO  impl.PendingRequests (PendingRequests.java:sendNotLeaderResponses(202)) - fc92467e-4cd7-4ea6-9bfc-11250c30c0f6-PendingRequests: sendNotLeaderResponses
2019-09-20 14:24:36,036 [ForkJoinPool.commonPool-worker-1] INFO  impl.RoleInfo (RoleInfo.java:shutdownLeaderState(104)) - 93651a45-ffa4-4bae-ae49-6429ae7182bc: shutdown LeaderState
2019-09-20 14:24:36,037 [main] INFO  impl.StateMachineUpdater (StateMachineUpdater.java:stopAndJoin(115)) - StateMachineUpdater:fc92467e-4cd7-4ea6-9bfc-11250c30c0f6:group-52756270EA3F: set stopIndex = 0
2019-09-20 14:24:36,037 [main] INFO  impl.RaftServerImpl (ServerState.java:close(394)) - fc92467e-4cd7-4ea6-9bfc-11250c30c0f6:group-52756270EA3F closes. The last applied log index is 0
2019-09-20 14:24:36,037 [ForkJoinPool.commonPool-worker-1] INFO  impl.PendingRequests (PendingRequests.java:sendNotLeaderResponses(202)) - 93651a45-ffa4-4bae-ae49-6429ae7182bc-PendingRequests: sendNotLeaderResponses
2019-09-20 14:24:36,038 [fc92467e-4cd7-4ea6-9bfc-11250c30c0f6-SegmentedRaftLogWorker:Storage Directory /workdir/hadoop-ozone/ozonefs/target/test-dir/MiniOzoneClusterImpl-72e1902e-de17-4929-8ada-cc6049662493/datanode-8/data/ratis/cd6db975-83dd-41c0-b118-52756270ea3f] INFO  segmented.SegmentedRaftLogWorker (SegmentedRaftLogWorker.java:run(313)) - fc92467e-4cd7-4ea6-9bfc-11250c30c0f6-SegmentedRaftLogWorker:Storage Directory /workdir/hadoop-ozone/ozonefs/target/test-dir/MiniOzoneClusterImpl-72e1902e-de17-4929-8ada-cc6049662493/datanode-8/data/ratis/cd6db975-83dd-41c0-b118-52756270ea3f was interrupted, exiting. There are 0 tasks remaining in the queue.
2019-09-20 14:24:36,038 [ForkJoinPool.commonPool-worker-1] INFO  impl.StateMachineUpdater (StateMachineUpdater.java:stopAndJoin(115)) - StateMachineUpdater:93651a45-ffa4-4bae-ae49-6429ae7182bc:group-4013964120DE: set stopIndex = 0
2019-09-20 14:24:36,038 [ForkJoinPool.commonPool-worker-1] INFO  impl.RaftServerImpl (ServerState.java:close(394)) - 93651a45-ffa4-4bae-ae49-6429ae7182bc:group-4013964120DE closes. The last applied log index is 0
2019-09-20 14:24:36,039 [93651a45-ffa4-4bae-ae49-6429ae7182bc-SegmentedRaftLogWorker:Storage Directory /workdir/hadoop-ozone/ozonefs/target/test-dir/MiniOzoneClusterImpl-72e1902e-de17-4929-8ada-cc6049662493/datanode-4/data/ratis/6e1d703a-b169-4ccd-af5a-4013964120de] INFO  segmented.SegmentedRaftLogWorker (SegmentedRaftLogWorker.java:run(313)) - 93651a45-ffa4-4bae-ae49-6429ae7182bc-SegmentedRaftLogWorker:Storage Directory /workdir/hadoop-ozone/ozonefs/target/test-dir/MiniOzoneClusterImpl-72e1902e-de17-4929-8ada-cc6049662493/datanode-4/data/ratis/6e1d703a-b169-4ccd-af5a-4013964120de was interrupted, exiting. There are 0 tasks remaining in the queue.
2019-09-20 14:24:36,039 [ForkJoinPool.commonPool-worker-1] INFO  segmented.SegmentedRaftLogWorker (SegmentedRaftLogWorker.java:close(228)) - 93651a45-ffa4-4bae-ae49-6429ae7182bc-SegmentedRaftLogWorker:Storage Directory /workdir/hadoop-ozone/ozonefs/target/test-dir/MiniOzoneClusterImpl-72e1902e-de17-4929-8ada-cc6049662493/datanode-4/data/ratis/6e1d703a-b169-4ccd-af5a-4013964120de close()
2019-09-20 14:24:36,040 [ForkJoinPool.commonPool-worker-1] INFO  impl.RaftServerImpl (RaftServerImpl.java:lambda$shutdown$3(245)) - 93651a45-ffa4-4bae-ae49-6429ae7182bc: shutdown group-BBDE18548D1E
2019-09-20 14:24:36,040 [ForkJoinPool.commonPool-worker-1] INFO  util.JmxRegister (JmxRegister.java:unregister(73)) - Successfully un-registered JMX Bean with object name Ratis:service=RaftServer,group=group-BBDE18548D1E,id=93651a45-ffa4-4bae-ae49-6429ae7182bc
2019-09-20 14:24:36,040 [ForkJoinPool.commonPool-worker-1] INFO  impl.RoleInfo (RoleInfo.java:shutdownLeaderState(104)) - 93651a45-ffa4-4bae-ae49-6429ae7182bc: shutdown LeaderState
2019-09-20 14:24:36,040 [ForkJoinPool.commonPool-worker-1] INFO  impl.PendingRequests (PendingRequests.java:sendNotLeaderResponses(202)) - 93651a45-ffa4-4bae-ae49-6429ae7182bc-PendingRequests: sendNotLeaderResponses
2019-09-20 14:24:36,041 [ForkJoinPool.commonPool-worker-1] INFO  impl.StateMachineUpdater (StateMachineUpdater.java:stopAndJoin(115)) - StateMachineUpdater:93651a45-ffa4-4bae-ae49-6429ae7182bc:group-BBDE18548D1E: set stopIndex = 0
2019-09-20 14:24:36,041 [ForkJoinPool.commonPool-worker-1] INFO  impl.RaftServerImpl (ServerState.java:close(394)) - 93651a45-ffa4-4bae-ae49-6429ae7182bc:group-BBDE18548D1E closes. The last applied log index is 0
2019-09-20 14:24:36,042 [93651a45-ffa4-4bae-ae49-6429ae7182bc-SegmentedRaftLogWorker:Storage Directory /workdir/hadoop-ozone/ozonefs/target/test-dir/MiniOzoneClusterImpl-72e1902e-de17-4929-8ada-cc6049662493/datanode-4/data/ratis/904b259d-b7ac-4fe5-b8ac-bbde18548d1e] INFO  segmented.SegmentedRaftLogWorker (SegmentedRaftLogWorker.java:run(313)) - 93651a45-ffa4-4bae-ae49-6429ae7182bc-SegmentedRaftLogWorker:Storage Directory /workdir/hadoop-ozone/ozonefs/target/test-dir/MiniOzoneClusterImpl-72e1902e-de17-4929-8ada-cc6049662493/datanode-4/data/ratis/904b259d-b7ac-4fe5-b8ac-bbde18548d1e was interrupted, exiting. There are 0 tasks remaining in the queue.
2019-09-20 14:24:36,042 [ForkJoinPool.commonPool-worker-1] INFO  segmented.SegmentedRaftLogWorker (SegmentedRaftLogWorker.java:close(228)) - 93651a45-ffa4-4bae-ae49-6429ae7182bc-SegmentedRaftLogWorker:Storage Directory /workdir/hadoop-ozone/ozonefs/target/test-dir/MiniOzoneClusterImpl-72e1902e-de17-4929-8ada-cc6049662493/datanode-4/data/ratis/904b259d-b7ac-4fe5-b8ac-bbde18548d1e close()
2019-09-20 14:24:36,042 [ForkJoinPool.commonPool-worker-1] INFO  impl.RaftServerImpl (RaftServerImpl.java:lambda$shutdown$3(245)) - 93651a45-ffa4-4bae-ae49-6429ae7182bc: shutdown group-2FF73C50CC6D
2019-09-20 14:24:36,043 [ForkJoinPool.commonPool-worker-1] INFO  util.JmxRegister (JmxRegister.java:unregister(73)) - Successfully un-registered JMX Bean with object name Ratis:service=RaftServer,group=group-2FF73C50CC6D,id=93651a45-ffa4-4bae-ae49-6429ae7182bc
2019-09-20 14:24:36,043 [ForkJoinPool.commonPool-worker-1] INFO  impl.RoleInfo (RoleInfo.java:shutdownLeaderState(104)) - 93651a45-ffa4-4bae-ae49-6429ae7182bc: shutdown LeaderState
2019-09-20 14:24:36,043 [ForkJoinPool.commonPool-worker-1] INFO  impl.PendingRequests (PendingRequests.java:sendNotLeaderResponses(202)) - 93651a45-ffa4-4bae-ae49-6429ae7182bc-PendingRequests: sendNotLeaderResponses
2019-09-20 14:24:36,044 [ForkJoinPool.commonPool-worker-1] INFO  impl.StateMachineUpdater (StateMachineUpdater.java:stopAndJoin(115)) - StateMachineUpdater:93651a45-ffa4-4bae-ae49-6429ae7182bc:group-2FF73C50CC6D: set stopIndex = 0
2019-09-20 14:24:36,044 [ForkJoinPool.commonPool-worker-1] INFO  impl.RaftServerImpl (ServerState.java:close(394)) - 93651a45-ffa4-4bae-ae49-6429ae7182bc:group-2FF73C50CC6D closes. The last applied log index is 0
2019-09-20 14:24:36,044 [93651a45-ffa4-4bae-ae49-6429ae7182bc-SegmentedRaftLogWorker:Storage Directory /workdir/hadoop-ozone/ozonefs/target/test-dir/MiniOzoneClusterImpl-72e1902e-de17-4929-8ada-cc6049662493/datanode-4/data/ratis/6849c8e0-2c0d-46da-9416-2ff73c50cc6d] INFO  segmented.SegmentedRaftLogWorker (SegmentedRaftLogWorker.java:run(313)) - 93651a45-ffa4-4bae-ae49-6429ae7182bc-SegmentedRaftLogWorker:Storage Directory /workdir/hadoop-ozone/ozonefs/target/test-dir/MiniOzoneClusterImpl-72e1902e-de17-4929-8ada-cc6049662493/datanode-4/data/ratis/6849c8e0-2c0d-46da-9416-2ff73c50cc6d was interrupted, exiting. There are 0 tasks remaining in the queue.
2019-09-20 14:24:36,045 [ForkJoinPool.commonPool-worker-1] INFO  segmented.SegmentedRaftLogWorker (SegmentedRaftLogWorker.java:close(228)) - 93651a45-ffa4-4bae-ae49-6429ae7182bc-SegmentedRaftLogWorker:Storage Directory /workdir/hadoop-ozone/ozonefs/target/test-dir/MiniOzoneClusterImpl-72e1902e-de17-4929-8ada-cc6049662493/datanode-4/data/ratis/6849c8e0-2c0d-46da-9416-2ff73c50cc6d close()
2019-09-20 14:24:36,045 [main] INFO  segmented.SegmentedRaftLogWorker (SegmentedRaftLogWorker.java:close(228)) - fc92467e-4cd7-4ea6-9bfc-11250c30c0f6-SegmentedRaftLogWorker:Storage Directory /workdir/hadoop-ozone/ozonefs/target/test-dir/MiniOzoneClusterImpl-72e1902e-de17-4929-8ada-cc6049662493/datanode-8/data/ratis/cd6db975-83dd-41c0-b118-52756270ea3f close()
2019-09-20 14:24:36,045 [ForkJoinPool.commonPool-worker-1] INFO  impl.RaftServerImpl (RaftServerImpl.java:lambda$shutdown$3(245)) - 93651a45-ffa4-4bae-ae49-6429ae7182bc: shutdown group-A355465633AF
2019-09-20 14:24:36,046 [main] INFO  impl.RaftServerImpl (RaftServerImpl.java:lambda$shutdown$3(245)) - fc92467e-4cd7-4ea6-9bfc-11250c30c0f6: shutdown group-3C0685283ECC
2019-09-20 14:24:36,046 [ForkJoinPool.commonPool-worker-1] INFO  util.JmxRegister (JmxRegister.java:unregister(73)) - Successfully un-registered JMX Bean with object name Ratis:service=RaftServer,group=group-A355465633AF,id=93651a45-ffa4-4bae-ae49-6429ae7182bc
2019-09-20 14:24:36,046 [main] INFO  util.JmxRegister (JmxRegister.java:unregister(73)) - Successfully un-registered JMX Bean with object name Ratis:service=RaftServer,group=group-3C0685283ECC,id=fc92467e-4cd7-4ea6-9bfc-11250c30c0f6
2019-09-20 14:24:36,046 [ForkJoinPool.commonPool-worker-1] INFO  impl.RoleInfo (RoleInfo.java:shutdownLeaderState(104)) - 93651a45-ffa4-4bae-ae49-6429ae7182bc: shutdown LeaderState
2019-09-20 14:24:36,047 [main] INFO  impl.RoleInfo (RoleInfo.java:shutdownLeaderState(104)) - fc92467e-4cd7-4ea6-9bfc-11250c30c0f6: shutdown LeaderState
2019-09-20 14:24:36,047 [ForkJoinPool.commonPool-worker-1] INFO  impl.PendingRequests (PendingRequests.java:sendNotLeaderResponses(202)) - 93651a45-ffa4-4bae-ae49-6429ae7182bc-PendingRequests: sendNotLeaderResponses
2019-09-20 14:24:36,048 [main] INFO  impl.PendingRequests (PendingRequests.java:sendNotLeaderResponses(202)) - fc92467e-4cd7-4ea6-9bfc-11250c30c0f6-PendingRequests: sendNotLeaderResponses
2019-09-20 14:24:36,048 [ForkJoinPool.commonPool-worker-1] INFO  impl.StateMachineUpdater (StateMachineUpdater.java:stopAndJoin(115)) - StateMachineUpdater:93651a45-ffa4-4bae-ae49-6429ae7182bc:group-A355465633AF: set stopIndex = 0
2019-09-20 14:24:36,048 [main] INFO  impl.StateMachineUpdater (StateMachineUpdater.java:stopAndJoin(115)) - StateMachineUpdater:fc92467e-4cd7-4ea6-9bfc-11250c30c0f6:group-3C0685283ECC: set stopIndex = 0
2019-09-20 14:24:36,049 [ForkJoinPool.commonPool-worker-1] INFO  impl.RaftServerImpl (ServerState.java:close(394)) - 93651a45-ffa4-4bae-ae49-6429ae7182bc:group-A355465633AF closes. The last applied log index is 0
2019-09-20 14:24:36,049 [main] INFO  impl.RaftServerImpl (ServerState.java:close(394)) - fc92467e-4cd7-4ea6-9bfc-11250c30c0f6:group-3C0685283ECC closes. The last applied log index is 0
2019-09-20 14:24:36,049 [93651a45-ffa4-4bae-ae49-6429ae7182bc-SegmentedRaftLogWorker:Storage Directory /workdir/hadoop-ozone/ozonefs/target/test-dir/MiniOzoneClusterImpl-72e1902e-de17-4929-8ada-cc6049662493/datanode-4/data/ratis/207827c3-6537-4139-8dc0-a355465633af] INFO  segmented.SegmentedRaftLogWorker (SegmentedRaftLogWorker.java:run(313)) - 93651a45-ffa4-4bae-ae49-6429ae7182bc-SegmentedRaftLogWorker:Storage Directory /workdir/hadoop-ozone/ozonefs/target/test-dir/MiniOzoneClusterImpl-72e1902e-de17-4929-8ada-cc6049662493/datanode-4/data/ratis/207827c3-6537-4139-8dc0-a355465633af was interrupted, exiting. There are 0 tasks remaining in the queue.
2019-09-20 14:24:36,050 [fc92467e-4cd7-4ea6-9bfc-11250c30c0f6-SegmentedRaftLogWorker:Storage Directory /workdir/hadoop-ozone/ozonefs/target/test-dir/MiniOzoneClusterImpl-72e1902e-de17-4929-8ada-cc6049662493/datanode-8/data/ratis/84e8a304-d0c7-4e82-882b-3c0685283ecc] INFO  segmented.SegmentedRaftLogWorker (SegmentedRaftLogWorker.java:run(313)) - fc92467e-4cd7-4ea6-9bfc-11250c30c0f6-SegmentedRaftLogWorker:Storage Directory /workdir/hadoop-ozone/ozonefs/target/test-dir/MiniOzoneClusterImpl-72e1902e-de17-4929-8ada-cc6049662493/datanode-8/data/ratis/84e8a304-d0c7-4e82-882b-3c0685283ecc was interrupted, exiting. There are 0 tasks remaining in the queue.
2019-09-20 14:24:36,050 [ForkJoinPool.commonPool-worker-1] INFO  segmented.SegmentedRaftLogWorker (SegmentedRaftLogWorker.java:close(228)) - 93651a45-ffa4-4bae-ae49-6429ae7182bc-SegmentedRaftLogWorker:Storage Directory /workdir/hadoop-ozone/ozonefs/target/test-dir/MiniOzoneClusterImpl-72e1902e-de17-4929-8ada-cc6049662493/datanode-4/data/ratis/207827c3-6537-4139-8dc0-a355465633af close()
2019-09-20 14:24:36,050 [main] INFO  segmented.SegmentedRaftLogWorker (SegmentedRaftLogWorker.java:close(228)) - fc92467e-4cd7-4ea6-9bfc-11250c30c0f6-SegmentedRaftLogWorker:Storage Directory /workdir/hadoop-ozone/ozonefs/target/test-dir/MiniOzoneClusterImpl-72e1902e-de17-4929-8ada-cc6049662493/datanode-8/data/ratis/84e8a304-d0c7-4e82-882b-3c0685283ecc close()
2019-09-20 14:24:36,051 [ForkJoinPool.commonPool-worker-1] INFO  impl.RaftServerImpl (RaftServerImpl.java:lambda$shutdown$3(245)) - 93651a45-ffa4-4bae-ae49-6429ae7182bc: shutdown group-5452D5A15DB9
2019-09-20 14:24:36,051 [main] INFO  impl.RaftServerImpl (RaftServerImpl.java:lambda$shutdown$3(245)) - fc92467e-4cd7-4ea6-9bfc-11250c30c0f6: shutdown group-7B5430389312
2019-09-20 14:24:36,051 [ForkJoinPool.commonPool-worker-1] INFO  util.JmxRegister (JmxRegister.java:unregister(73)) - Successfully un-registered JMX Bean with object name Ratis:service=RaftServer,group=group-5452D5A15DB9,id=93651a45-ffa4-4bae-ae49-6429ae7182bc
2019-09-20 14:24:36,052 [main] INFO  util.JmxRegister (JmxRegister.java:unregister(73)) - Successfully un-registered JMX Bean with object name Ratis:service=RaftServer,group=group-7B5430389312,id=fc92467e-4cd7-4ea6-9bfc-11250c30c0f6
2019-09-20 14:24:36,052 [ForkJoinPool.commonPool-worker-1] INFO  impl.RoleInfo (RoleInfo.java:shutdownLeaderState(104)) - 93651a45-ffa4-4bae-ae49-6429ae7182bc: shutdown LeaderState
2019-09-20 14:24:36,052 [main] INFO  impl.RoleInfo (RoleInfo.java:shutdownLeaderState(104)) - fc92467e-4cd7-4ea6-9bfc-11250c30c0f6: shutdown LeaderState
2019-09-20 14:24:36,053 [ForkJoinPool.commonPool-worker-1] INFO  impl.PendingRequests (PendingRequests.java:sendNotLeaderResponses(202)) - 93651a45-ffa4-4bae-ae49-6429ae7182bc-PendingRequests: sendNotLeaderResponses
2019-09-20 14:24:36,053 [main] INFO  impl.PendingRequests (PendingRequests.java:sendNotLeaderResponses(202)) - fc92467e-4cd7-4ea6-9bfc-11250c30c0f6-PendingRequests: sendNotLeaderResponses
2019-09-20 14:24:36,053 [ForkJoinPool.commonPool-worker-1] INFO  impl.StateMachineUpdater (StateMachineUpdater.java:stopAndJoin(115)) - StateMachineUpdater:93651a45-ffa4-4bae-ae49-6429ae7182bc:group-5452D5A15DB9: set stopIndex = 0
2019-09-20 14:24:36,054 [main] INFO  impl.StateMachineUpdater (StateMachineUpdater.java:stopAndJoin(115)) - StateMachineUpdater:fc92467e-4cd7-4ea6-9bfc-11250c30c0f6:group-7B5430389312: set stopIndex = 0
2019-09-20 14:24:36,054 [ForkJoinPool.commonPool-worker-1] INFO  impl.RaftServerImpl (ServerState.java:close(394)) - 93651a45-ffa4-4bae-ae49-6429ae7182bc:group-5452D5A15DB9 closes. The last applied log index is 0
2019-09-20 14:24:36,054 [main] INFO  impl.RaftServerImpl (ServerState.java:close(394)) - fc92467e-4cd7-4ea6-9bfc-11250c30c0f6:group-7B5430389312 closes. The last applied log index is 0
2019-09-20 14:24:36,055 [93651a45-ffa4-4bae-ae49-6429ae7182bc-SegmentedRaftLogWorker:Storage Directory /workdir/hadoop-ozone/ozonefs/target/test-dir/MiniOzoneClusterImpl-72e1902e-de17-4929-8ada-cc6049662493/datanode-4/data/ratis/d672e5c5-43be-4fae-bde0-5452d5a15db9] INFO  segmented.SegmentedRaftLogWorker (SegmentedRaftLogWorker.java:run(313)) - 93651a45-ffa4-4bae-ae49-6429ae7182bc-SegmentedRaftLogWorker:Storage Directory /workdir/hadoop-ozone/ozonefs/target/test-dir/MiniOzoneClusterImpl-72e1902e-de17-4929-8ada-cc6049662493/datanode-4/data/ratis/d672e5c5-43be-4fae-bde0-5452d5a15db9 was interrupted, exiting. There are 0 tasks remaining in the queue.
2019-09-20 14:24:36,055 [fc92467e-4cd7-4ea6-9bfc-11250c30c0f6-SegmentedRaftLogWorker:Storage Directory /workdir/hadoop-ozone/ozonefs/target/test-dir/MiniOzoneClusterImpl-72e1902e-de17-4929-8ada-cc6049662493/datanode-8/data/ratis/6e0f74f1-6ba2-4650-91e3-7b5430389312] INFO  segmented.SegmentedRaftLogWorker (SegmentedRaftLogWorker.java:run(313)) - fc92467e-4cd7-4ea6-9bfc-11250c30c0f6-SegmentedRaftLogWorker:Storage Directory /workdir/hadoop-ozone/ozonefs/target/test-dir/MiniOzoneClusterImpl-72e1902e-de17-4929-8ada-cc6049662493/datanode-8/data/ratis/6e0f74f1-6ba2-4650-91e3-7b5430389312 was interrupted, exiting. There are 0 tasks remaining in the queue.
2019-09-20 14:24:36,055 [ForkJoinPool.commonPool-worker-1] INFO  segmented.SegmentedRaftLogWorker (SegmentedRaftLogWorker.java:close(228)) - 93651a45-ffa4-4bae-ae49-6429ae7182bc-SegmentedRaftLogWorker:Storage Directory /workdir/hadoop-ozone/ozonefs/target/test-dir/MiniOzoneClusterImpl-72e1902e-de17-4929-8ada-cc6049662493/datanode-4/data/ratis/d672e5c5-43be-4fae-bde0-5452d5a15db9 close()
2019-09-20 14:24:36,055 [main] INFO  segmented.SegmentedRaftLogWorker (SegmentedRaftLogWorker.java:close(228)) - fc92467e-4cd7-4ea6-9bfc-11250c30c0f6-SegmentedRaftLogWorker:Storage Directory /workdir/hadoop-ozone/ozonefs/target/test-dir/MiniOzoneClusterImpl-72e1902e-de17-4929-8ada-cc6049662493/datanode-8/data/ratis/6e0f74f1-6ba2-4650-91e3-7b5430389312 close()
2019-09-20 14:24:36,056 [ForkJoinPool.commonPool-worker-1] INFO  impl.RaftServerImpl (RaftServerImpl.java:lambda$shutdown$3(245)) - 93651a45-ffa4-4bae-ae49-6429ae7182bc: shutdown group-B7D79CEE6D2C
2019-09-20 14:24:36,056 [main] INFO  impl.RaftServerImpl (RaftServerImpl.java:lambda$shutdown$3(245)) - fc92467e-4cd7-4ea6-9bfc-11250c30c0f6: shutdown group-EC441FCAAB2F
2019-09-20 14:24:36,056 [ForkJoinPool.commonPool-worker-1] INFO  util.JmxRegister (JmxRegister.java:unregister(73)) - Successfully un-registered JMX Bean with object name Ratis:service=RaftServer,group=group-B7D79CEE6D2C,id=93651a45-ffa4-4bae-ae49-6429ae7182bc
2019-09-20 14:24:36,057 [main] INFO  util.JmxRegister (JmxRegister.java:unregister(73)) - Successfully un-registered JMX Bean with object name Ratis:service=RaftServer,group=group-EC441FCAAB2F,id=fc92467e-4cd7-4ea6-9bfc-11250c30c0f6
2019-09-20 14:24:36,057 [ForkJoinPool.commonPool-worker-1] INFO  impl.RoleInfo (RoleInfo.java:shutdownLeaderState(104)) - 93651a45-ffa4-4bae-ae49-6429ae7182bc: shutdown LeaderState
2019-09-20 14:24:36,057 [main] INFO  impl.RoleInfo (RoleInfo.java:shutdownLeaderState(104)) - fc92467e-4cd7-4ea6-9bfc-11250c30c0f6: shutdown LeaderState
2019-09-20 14:24:36,058 [ForkJoinPool.commonPool-worker-1] INFO  impl.PendingRequests (PendingRequests.java:sendNotLeaderResponses(202)) - 93651a45-ffa4-4bae-ae49-6429ae7182bc-PendingRequests: sendNotLeaderResponses
2019-09-20 14:24:36,058 [main] INFO  impl.PendingRequests (PendingRequests.java:sendNotLeaderResponses(202)) - fc92467e-4cd7-4ea6-9bfc-11250c30c0f6-PendingRequests: sendNotLeaderResponses
2019-09-20 14:24:36,058 [ForkJoinPool.commonPool-worker-1] INFO  impl.StateMachineUpdater (StateMachineUpdater.java:stopAndJoin(115)) - StateMachineUpdater:93651a45-ffa4-4bae-ae49-6429ae7182bc:group-B7D79CEE6D2C: set stopIndex = 0
2019-09-20 14:24:36,059 [main] INFO  impl.StateMachineUpdater (StateMachineUpdater.java:stopAndJoin(115)) - StateMachineUpdater:fc92467e-4cd7-4ea6-9bfc-11250c30c0f6:group-EC441FCAAB2F: set stopIndex = 0
2019-09-20 14:24:36,060 [main] INFO  impl.RaftServerImpl (ServerState.java:close(394)) - fc92467e-4cd7-4ea6-9bfc-11250c30c0f6:group-EC441FCAAB2F closes. The last applied log index is 0
2019-09-20 14:24:36,059 [ForkJoinPool.commonPool-worker-1] INFO  impl.RaftServerImpl (ServerState.java:close(394)) - 93651a45-ffa4-4bae-ae49-6429ae7182bc:group-B7D79CEE6D2C closes. The last applied log index is 0
2019-09-20 14:24:36,060 [fc92467e-4cd7-4ea6-9bfc-11250c30c0f6-SegmentedRaftLogWorker:Storage Directory /workdir/hadoop-ozone/ozonefs/target/test-dir/MiniOzoneClusterImpl-72e1902e-de17-4929-8ada-cc6049662493/datanode-8/data/ratis/b4a8ce96-e3dc-450f-a3c7-ec441fcaab2f] INFO  segmented.SegmentedRaftLogWorker (SegmentedRaftLogWorker.java:run(313)) - fc92467e-4cd7-4ea6-9bfc-11250c30c0f6-SegmentedRaftLogWorker:Storage Directory /workdir/hadoop-ozone/ozonefs/target/test-dir/MiniOzoneClusterImpl-72e1902e-de17-4929-8ada-cc6049662493/datanode-8/data/ratis/b4a8ce96-e3dc-450f-a3c7-ec441fcaab2f was interrupted, exiting. There are 0 tasks remaining in the queue.
2019-09-20 14:24:36,060 [93651a45-ffa4-4bae-ae49-6429ae7182bc-SegmentedRaftLogWorker:Storage Directory /workdir/hadoop-ozone/ozonefs/target/test-dir/MiniOzoneClusterImpl-72e1902e-de17-4929-8ada-cc6049662493/datanode-4/data/ratis/a01c50d5-621a-4970-b129-b7d79cee6d2c] INFO  segmented.SegmentedRaftLogWorker (SegmentedRaftLogWorker.java:run(313)) - 93651a45-ffa4-4bae-ae49-6429ae7182bc-SegmentedRaftLogWorker:Storage Directory /workdir/hadoop-ozone/ozonefs/target/test-dir/MiniOzoneClusterImpl-72e1902e-de17-4929-8ada-cc6049662493/datanode-4/data/ratis/a01c50d5-621a-4970-b129-b7d79cee6d2c was interrupted, exiting. There are 0 tasks remaining in the queue.
2019-09-20 14:24:36,061 [main] INFO  segmented.SegmentedRaftLogWorker (SegmentedRaftLogWorker.java:close(228)) - fc92467e-4cd7-4ea6-9bfc-11250c30c0f6-SegmentedRaftLogWorker:Storage Directory /workdir/hadoop-ozone/ozonefs/target/test-dir/MiniOzoneClusterImpl-72e1902e-de17-4929-8ada-cc6049662493/datanode-8/data/ratis/b4a8ce96-e3dc-450f-a3c7-ec441fcaab2f close()
2019-09-20 14:24:36,061 [ForkJoinPool.commonPool-worker-1] INFO  segmented.SegmentedRaftLogWorker (SegmentedRaftLogWorker.java:close(228)) - 93651a45-ffa4-4bae-ae49-6429ae7182bc-SegmentedRaftLogWorker:Storage Directory /workdir/hadoop-ozone/ozonefs/target/test-dir/MiniOzoneClusterImpl-72e1902e-de17-4929-8ada-cc6049662493/datanode-4/data/ratis/a01c50d5-621a-4970-b129-b7d79cee6d2c close()
2019-09-20 14:24:36,061 [main] INFO  impl.RaftServerImpl (RaftServerImpl.java:lambda$shutdown$3(245)) - fc92467e-4cd7-4ea6-9bfc-11250c30c0f6: shutdown group-2DD6BC1AA2E4
2019-09-20 14:24:36,061 [ForkJoinPool.commonPool-worker-1] INFO  server.GrpcService (GrpcService.java:closeImpl(155)) - 93651a45-ffa4-4bae-ae49-6429ae7182bc: shutdown server with port 37696 now
2019-09-20 14:24:36,062 [main] INFO  util.JmxRegister (JmxRegister.java:unregister(73)) - Successfully un-registered JMX Bean with object name Ratis:service=RaftServer,group=group-2DD6BC1AA2E4,id=fc92467e-4cd7-4ea6-9bfc-11250c30c0f6
2019-09-20 14:24:36,062 [main] INFO  impl.RoleInfo (RoleInfo.java:shutdownLeaderState(104)) - fc92467e-4cd7-4ea6-9bfc-11250c30c0f6: shutdown LeaderState
2019-09-20 14:24:36,065 [ForkJoinPool.commonPool-worker-1] INFO  server.GrpcService (GrpcService.java:closeImpl(163)) - 93651a45-ffa4-4bae-ae49-6429ae7182bc: shutdown server with port 37696 successfully
2019-09-20 14:24:36,065 [main] INFO  impl.PendingRequests (PendingRequests.java:sendNotLeaderResponses(202)) - fc92467e-4cd7-4ea6-9bfc-11250c30c0f6-PendingRequests: sendNotLeaderResponses
2019-09-20 14:24:36,066 [main] INFO  impl.StateMachineUpdater (StateMachineUpdater.java:stopAndJoin(115)) - StateMachineUpdater:fc92467e-4cd7-4ea6-9bfc-11250c30c0f6:group-2DD6BC1AA2E4: set stopIndex = 0
2019-09-20 14:24:36,067 [main] INFO  impl.RaftServerImpl (ServerState.java:close(394)) - fc92467e-4cd7-4ea6-9bfc-11250c30c0f6:group-2DD6BC1AA2E4 closes. The last applied log index is 0
2019-09-20 14:24:36,067 [fc92467e-4cd7-4ea6-9bfc-11250c30c0f6-SegmentedRaftLogWorker:Storage Directory /workdir/hadoop-ozone/ozonefs/target/test-dir/MiniOzoneClusterImpl-72e1902e-de17-4929-8ada-cc6049662493/datanode-8/data/ratis/4af3b836-157e-4f30-b8bc-2dd6bc1aa2e4] INFO  segmented.SegmentedRaftLogWorker (SegmentedRaftLogWorker.java:run(313)) - fc92467e-4cd7-4ea6-9bfc-11250c30c0f6-SegmentedRaftLogWorker:Storage Directory /workdir/hadoop-ozone/ozonefs/target/test-dir/MiniOzoneClusterImpl-72e1902e-de17-4929-8ada-cc6049662493/datanode-8/data/ratis/4af3b836-157e-4f30-b8bc-2dd6bc1aa2e4 was interrupted, exiting. There are 0 tasks remaining in the queue.
2019-09-20 14:24:36,067 [main] INFO  segmented.SegmentedRaftLogWorker (SegmentedRaftLogWorker.java:close(228)) - fc92467e-4cd7-4ea6-9bfc-11250c30c0f6-SegmentedRaftLogWorker:Storage Directory /workdir/hadoop-ozone/ozonefs/target/test-dir/MiniOzoneClusterImpl-72e1902e-de17-4929-8ada-cc6049662493/datanode-8/data/ratis/4af3b836-157e-4f30-b8bc-2dd6bc1aa2e4 close()
2019-09-20 14:24:36,068 [main] INFO  server.GrpcService (GrpcService.java:closeImpl(155)) - fc92467e-4cd7-4ea6-9bfc-11250c30c0f6: shutdown server with port 34828 now
2019-09-20 14:24:36,070 [main] INFO  server.GrpcService (GrpcService.java:closeImpl(163)) - fc92467e-4cd7-4ea6-9bfc-11250c30c0f6: shutdown server with port 34828 successfully
2019-09-20 14:24:36,072 [main] INFO  utils.BackgroundService (BackgroundService.java:shutdown(148)) - Shutting down service BlockDeletingService
2019-09-20 14:24:36,073 [ForkJoinPool.commonPool-worker-1] INFO  utils.BackgroundService (BackgroundService.java:shutdown(148)) - Shutting down service BlockDeletingService
2019-09-20 14:24:36,076 [refreshUsed-/workdir/hadoop-ozone/ozonefs/target/test-dir/MiniOzoneClusterImpl-72e1902e-de17-4929-8ada-cc6049662493/datanode-4/data/containers] WARN  fs.CachingGetSpaceUsed (CachingGetSpaceUsed.java:run(183)) - Thread Interrupted waiting to refresh disk information: sleep interrupted
2019-09-20 14:24:36,077 [refreshUsed-/workdir/hadoop-ozone/ozonefs/target/test-dir/MiniOzoneClusterImpl-72e1902e-de17-4929-8ada-cc6049662493/datanode-8/data/containers] WARN  fs.CachingGetSpaceUsed (CachingGetSpaceUsed.java:run(183)) - Thread Interrupted waiting to refresh disk information: sleep interrupted
2019-09-20 14:24:36,113 [ForkJoinPool.commonPool-worker-1] INFO  statemachine.DatanodeStateMachine (DatanodeStateMachine.java:stopDaemon(395)) - Ozone container server stopped.
2019-09-20 14:24:36,121 [ForkJoinPool.commonPool-worker-1] INFO  handler.ContextHandler (ContextHandler.java:doStop(910)) - Stopped o.e.j.w.WebAppContext@73bb573d{/,null,UNAVAILABLE}{/hddsDatanode}
2019-09-20 14:24:36,122 [main] INFO  statemachine.DatanodeStateMachine (DatanodeStateMachine.java:stopDaemon(395)) - Ozone container server stopped.
2019-09-20 14:24:36,123 [ForkJoinPool.commonPool-worker-1] INFO  server.AbstractConnector (AbstractConnector.java:doStop(318)) - Stopped ServerConnector@7ac058a0{HTTP/1.1,[http/1.1]}{0.0.0.0:0}
2019-09-20 14:24:36,125 [ForkJoinPool.commonPool-worker-1] INFO  handler.ContextHandler (ContextHandler.java:doStop(910)) - Stopped o.e.j.s.ServletContextHandler@1be52861{/static,jar:file:/home/user/.m2/repository/org/apache/hadoop/hadoop-hdds-container-service/0.5.0-SNAPSHOT/hadoop-hdds-container-service-0.5.0-SNAPSHOT.jar!/webapps/static,UNAVAILABLE}
2019-09-20 14:24:36,125 [main] INFO  handler.ContextHandler (ContextHandler.java:doStop(910)) - Stopped o.e.j.w.WebAppContext@8851ec{/,null,UNAVAILABLE}{/hddsDatanode}
2019-09-20 14:24:36,126 [ForkJoinPool.commonPool-worker-1] INFO  handler.ContextHandler (ContextHandler.java:doStop(910)) - Stopped o.e.j.s.ServletContextHandler@649b5891{/logs,file:///workdir/hadoop-ozone/ozonefs/target/log,UNAVAILABLE}
2019-09-20 14:24:36,127 [ForkJoinPool.commonPool-worker-1] INFO  datanode.ObjectStoreHandler (ObjectStoreHandler.java:close(155)) - Closing ObjectStoreHandler.
2019-09-20 14:24:36,127 [main] INFO  server.AbstractConnector (AbstractConnector.java:doStop(318)) - Stopped ServerConnector@18b40fe6{HTTP/1.1,[http/1.1]}{0.0.0.0:0}
2019-09-20 14:24:36,128 [main] INFO  handler.ContextHandler (ContextHandler.java:doStop(910)) - Stopped o.e.j.s.ServletContextHandler@40cf6254{/static,jar:file:/home/user/.m2/repository/org/apache/hadoop/hadoop-hdds-container-service/0.5.0-SNAPSHOT/hadoop-hdds-container-service-0.5.0-SNAPSHOT.jar!/webapps/static,UNAVAILABLE}
2019-09-20 14:24:36,128 [ForkJoinPool.commonPool-worker-1] INFO  ozone.HddsDatanodeService (HddsDatanodeService.java:stop(451)) - Stopped plug-in org.apache.hadoop.ozone.web.OzoneHddsDatanodeService@b14b60a
2019-09-20 14:24:36,128 [main] INFO  handler.ContextHandler (ContextHandler.java:doStop(910)) - Stopped o.e.j.s.ServletContextHandler@5ed65e4b{/logs,file:///workdir/hadoop-ozone/ozonefs/target/log,UNAVAILABLE}
2019-09-20 14:24:36,129 [main] INFO  datanode.ObjectStoreHandler (ObjectStoreHandler.java:close(155)) - Closing ObjectStoreHandler.
2019-09-20 14:24:36,131 [main] INFO  ozone.HddsDatanodeService (HddsDatanodeService.java:stop(451)) - Stopped plug-in org.apache.hadoop.ozone.web.OzoneHddsDatanodeService@37806be6
2019-09-20 14:24:36,393 [Datanode State Machine Thread - 0] INFO  statemachine.DatanodeStateMachine (DatanodeStateMachine.java:lambda$startDaemon$0(350)) - Ozone container server started.
2019-09-20 14:24:36,394 | INFO  | SCMAudit | user=jenkins1000 | ip=192.168.36.99 | op=SEND_HEARTBEAT {datanodeUUID=c0a66530-d43a-4ae5-bdbb-2b9936068aaa, command=[]} | ret=SUCCESS |  
2019-09-20 14:24:36,510 | INFO  | SCMAudit | user=jenkins1000 | ip=192.168.36.99 | op=SEND_HEARTBEAT {datanodeUUID=e0033df1-dced-4562-b4c4-a94a3cb6c131, command=[]} | ret=SUCCESS |  
2019-09-20 14:24:36,510 [Datanode State Machine Thread - 0] INFO  statemachine.DatanodeStateMachine (DatanodeStateMachine.java:lambda$startDaemon$0(350)) - Ozone container server started.
2019-09-20 14:24:37,395 | INFO  | SCMAudit | user=jenkins1000 | ip=192.168.36.99 | op=SEND_HEARTBEAT {datanodeUUID=c0a66530-d43a-4ae5-bdbb-2b9936068aaa, command=[]} | ret=SUCCESS |  
2019-09-20 14:24:37,510 | INFO  | SCMAudit | user=jenkins1000 | ip=192.168.36.99 | op=SEND_HEARTBEAT {datanodeUUID=e0033df1-dced-4562-b4c4-a94a3cb6c131, command=[]} | ret=SUCCESS |  
2019-09-20 14:24:38,395 | INFO  | SCMAudit | user=jenkins1000 | ip=192.168.36.99 | op=SEND_HEARTBEAT {datanodeUUID=c0a66530-d43a-4ae5-bdbb-2b9936068aaa, command=[]} | ret=SUCCESS |  
2019-09-20 14:24:38,510 | INFO  | SCMAudit | user=jenkins1000 | ip=192.168.36.99 | op=SEND_HEARTBEAT {datanodeUUID=e0033df1-dced-4562-b4c4-a94a3cb6c131, command=[]} | ret=SUCCESS |  
2019-09-20 14:24:39,395 | INFO  | SCMAudit | user=jenkins1000 | ip=192.168.36.99 | op=SEND_HEARTBEAT {datanodeUUID=c0a66530-d43a-4ae5-bdbb-2b9936068aaa, command=[]} | ret=SUCCESS |  
2019-09-20 14:24:39,510 | INFO  | SCMAudit | user=jenkins1000 | ip=192.168.36.99 | op=SEND_HEARTBEAT {datanodeUUID=e0033df1-dced-4562-b4c4-a94a3cb6c131, command=[]} | ret=SUCCESS |  
2019-09-20 14:24:40,396 | INFO  | SCMAudit | user=jenkins1000 | ip=192.168.36.99 | op=SEND_HEARTBEAT {datanodeUUID=c0a66530-d43a-4ae5-bdbb-2b9936068aaa, command=[]} | ret=SUCCESS |  
2019-09-20 14:24:40,510 | INFO  | SCMAudit | user=jenkins1000 | ip=192.168.36.99 | op=SEND_HEARTBEAT {datanodeUUID=e0033df1-dced-4562-b4c4-a94a3cb6c131, command=[]} | ret=SUCCESS |  
2019-09-20 14:24:41,129 [ForkJoinPool.commonPool-worker-1] INFO  ozoneimpl.OzoneContainer (OzoneContainer.java:stop(199)) - Attempting to stop container services.
2019-09-20 14:24:41,130 [ForkJoinPool.commonPool-worker-1] INFO  impl.RaftServerProxy (RaftServerProxy.java:lambda$close$4(314)) - 7c330693-1e2f-4265-ad51-f8ae66fac775: close
2019-09-20 14:24:41,130 [ForkJoinPool.commonPool-worker-1] INFO  impl.RaftServerImpl (RaftServerImpl.java:lambda$shutdown$3(245)) - 7c330693-1e2f-4265-ad51-f8ae66fac775: shutdown group-C5415AA91C23
2019-09-20 14:24:41,131 [ForkJoinPool.commonPool-worker-1] INFO  util.JmxRegister (JmxRegister.java:unregister(73)) - Successfully un-registered JMX Bean with object name Ratis:service=RaftServer,group=group-C5415AA91C23,id=7c330693-1e2f-4265-ad51-f8ae66fac775
2019-09-20 14:24:41,131 [ForkJoinPool.commonPool-worker-1] INFO  impl.RoleInfo (RoleInfo.java:shutdownLeaderState(104)) - 7c330693-1e2f-4265-ad51-f8ae66fac775: shutdown LeaderState
2019-09-20 14:24:41,131 [ForkJoinPool.commonPool-worker-1] INFO  impl.PendingRequests (PendingRequests.java:sendNotLeaderResponses(202)) - 7c330693-1e2f-4265-ad51-f8ae66fac775-PendingRequests: sendNotLeaderResponses
2019-09-20 14:24:41,132 [main] INFO  ozoneimpl.OzoneContainer (OzoneContainer.java:stop(199)) - Attempting to stop container services.
2019-09-20 14:24:41,132 [ForkJoinPool.commonPool-worker-1] INFO  impl.StateMachineUpdater (StateMachineUpdater.java:stopAndJoin(115)) - StateMachineUpdater:7c330693-1e2f-4265-ad51-f8ae66fac775:group-C5415AA91C23: set stopIndex = 0
2019-09-20 14:24:41,137 [main] INFO  impl.RaftServerProxy (RaftServerProxy.java:lambda$close$4(314)) - ea2f062a-dcfd-4d75-88ac-6c4e2f0364da: close
2019-09-20 14:24:41,137 [ForkJoinPool.commonPool-worker-1] INFO  impl.RaftServerImpl (ServerState.java:close(394)) - 7c330693-1e2f-4265-ad51-f8ae66fac775:group-C5415AA91C23 closes. The last applied log index is 0
2019-09-20 14:24:41,138 [main] INFO  impl.RaftServerImpl (RaftServerImpl.java:lambda$shutdown$3(245)) - ea2f062a-dcfd-4d75-88ac-6c4e2f0364da: shutdown group-AB449B5A13CC
2019-09-20 14:24:41,138 [7c330693-1e2f-4265-ad51-f8ae66fac775-SegmentedRaftLogWorker:Storage Directory /workdir/hadoop-ozone/ozonefs/target/test-dir/MiniOzoneClusterImpl-72e1902e-de17-4929-8ada-cc6049662493/datanode-0/data/ratis/e6a82738-5411-4970-af4e-c5415aa91c23] INFO  segmented.SegmentedRaftLogWorker (SegmentedRaftLogWorker.java:run(313)) - 7c330693-1e2f-4265-ad51-f8ae66fac775-SegmentedRaftLogWorker:Storage Directory /workdir/hadoop-ozone/ozonefs/target/test-dir/MiniOzoneClusterImpl-72e1902e-de17-4929-8ada-cc6049662493/datanode-0/data/ratis/e6a82738-5411-4970-af4e-c5415aa91c23 was interrupted, exiting. There are 0 tasks remaining in the queue.
2019-09-20 14:24:41,138 [main] INFO  util.JmxRegister (JmxRegister.java:unregister(73)) - Successfully un-registered JMX Bean with object name Ratis:service=RaftServer,group=group-AB449B5A13CC,id=ea2f062a-dcfd-4d75-88ac-6c4e2f0364da
2019-09-20 14:24:41,139 [main] INFO  impl.RoleInfo (RoleInfo.java:shutdownLeaderState(104)) - ea2f062a-dcfd-4d75-88ac-6c4e2f0364da: shutdown LeaderState
2019-09-20 14:24:41,139 [main] INFO  impl.PendingRequests (PendingRequests.java:sendNotLeaderResponses(202)) - ea2f062a-dcfd-4d75-88ac-6c4e2f0364da-PendingRequests: sendNotLeaderResponses
2019-09-20 14:24:41,140 [main] INFO  impl.StateMachineUpdater (StateMachineUpdater.java:stopAndJoin(115)) - StateMachineUpdater:ea2f062a-dcfd-4d75-88ac-6c4e2f0364da:group-AB449B5A13CC: set stopIndex = 0
2019-09-20 14:24:41,140 [main] INFO  impl.RaftServerImpl (ServerState.java:close(394)) - ea2f062a-dcfd-4d75-88ac-6c4e2f0364da:group-AB449B5A13CC closes. The last applied log index is 0
2019-09-20 14:24:41,141 [ea2f062a-dcfd-4d75-88ac-6c4e2f0364da-SegmentedRaftLogWorker:Storage Directory /workdir/hadoop-ozone/ozonefs/target/test-dir/MiniOzoneClusterImpl-72e1902e-de17-4929-8ada-cc6049662493/datanode-9/data/ratis/b59ed6b5-208f-400e-9201-ab449b5a13cc] INFO  segmented.SegmentedRaftLogWorker (SegmentedRaftLogWorker.java:run(313)) - ea2f062a-dcfd-4d75-88ac-6c4e2f0364da-SegmentedRaftLogWorker:Storage Directory /workdir/hadoop-ozone/ozonefs/target/test-dir/MiniOzoneClusterImpl-72e1902e-de17-4929-8ada-cc6049662493/datanode-9/data/ratis/b59ed6b5-208f-400e-9201-ab449b5a13cc was interrupted, exiting. There are 0 tasks remaining in the queue.
2019-09-20 14:24:41,151 [ForkJoinPool.commonPool-worker-1] INFO  segmented.SegmentedRaftLogWorker (SegmentedRaftLogWorker.java:close(228)) - 7c330693-1e2f-4265-ad51-f8ae66fac775-SegmentedRaftLogWorker:Storage Directory /workdir/hadoop-ozone/ozonefs/target/test-dir/MiniOzoneClusterImpl-72e1902e-de17-4929-8ada-cc6049662493/datanode-0/data/ratis/e6a82738-5411-4970-af4e-c5415aa91c23 close()
2019-09-20 14:24:41,151 [main] INFO  segmented.SegmentedRaftLogWorker (SegmentedRaftLogWorker.java:close(228)) - ea2f062a-dcfd-4d75-88ac-6c4e2f0364da-SegmentedRaftLogWorker:Storage Directory /workdir/hadoop-ozone/ozonefs/target/test-dir/MiniOzoneClusterImpl-72e1902e-de17-4929-8ada-cc6049662493/datanode-9/data/ratis/b59ed6b5-208f-400e-9201-ab449b5a13cc close()
2019-09-20 14:24:41,152 [ForkJoinPool.commonPool-worker-1] INFO  impl.RaftServerImpl (RaftServerImpl.java:lambda$shutdown$3(245)) - 7c330693-1e2f-4265-ad51-f8ae66fac775: shutdown group-396AB2352ED5
2019-09-20 14:24:41,152 [main] INFO  impl.RaftServerImpl (RaftServerImpl.java:lambda$shutdown$3(245)) - ea2f062a-dcfd-4d75-88ac-6c4e2f0364da: shutdown group-D91C9EFA14C0
2019-09-20 14:24:41,153 [ForkJoinPool.commonPool-worker-1] INFO  util.JmxRegister (JmxRegister.java:unregister(73)) - Successfully un-registered JMX Bean with object name Ratis:service=RaftServer,group=group-396AB2352ED5,id=7c330693-1e2f-4265-ad51-f8ae66fac775
2019-09-20 14:24:41,153 [main] INFO  util.JmxRegister (JmxRegister.java:unregister(73)) - Successfully un-registered JMX Bean with object name Ratis:service=RaftServer,group=group-D91C9EFA14C0,id=ea2f062a-dcfd-4d75-88ac-6c4e2f0364da
2019-09-20 14:24:41,153 [ForkJoinPool.commonPool-worker-1] INFO  impl.RoleInfo (RoleInfo.java:shutdownLeaderState(104)) - 7c330693-1e2f-4265-ad51-f8ae66fac775: shutdown LeaderState
2019-09-20 14:24:41,154 [main] INFO  impl.RoleInfo (RoleInfo.java:shutdownLeaderState(104)) - ea2f062a-dcfd-4d75-88ac-6c4e2f0364da: shutdown LeaderState
2019-09-20 14:24:41,154 [ForkJoinPool.commonPool-worker-1] INFO  impl.PendingRequests (PendingRequests.java:sendNotLeaderResponses(202)) - 7c330693-1e2f-4265-ad51-f8ae66fac775-PendingRequests: sendNotLeaderResponses
2019-09-20 14:24:41,155 [main] INFO  impl.PendingRequests (PendingRequests.java:sendNotLeaderResponses(202)) - ea2f062a-dcfd-4d75-88ac-6c4e2f0364da-PendingRequests: sendNotLeaderResponses
2019-09-20 14:24:41,155 [ForkJoinPool.commonPool-worker-1] INFO  impl.StateMachineUpdater (StateMachineUpdater.java:stopAndJoin(115)) - StateMachineUpdater:7c330693-1e2f-4265-ad51-f8ae66fac775:group-396AB2352ED5: set stopIndex = 0
2019-09-20 14:24:41,155 [main] INFO  impl.StateMachineUpdater (StateMachineUpdater.java:stopAndJoin(115)) - StateMachineUpdater:ea2f062a-dcfd-4d75-88ac-6c4e2f0364da:group-D91C9EFA14C0: set stopIndex = 0
2019-09-20 14:24:41,156 [main] INFO  impl.RaftServerImpl (ServerState.java:close(394)) - ea2f062a-dcfd-4d75-88ac-6c4e2f0364da:group-D91C9EFA14C0 closes. The last applied log index is 0
2019-09-20 14:24:41,156 [ForkJoinPool.commonPool-worker-1] INFO  impl.RaftServerImpl (ServerState.java:close(394)) - 7c330693-1e2f-4265-ad51-f8ae66fac775:group-396AB2352ED5 closes. The last applied log index is 0
2019-09-20 14:24:41,157 [ea2f062a-dcfd-4d75-88ac-6c4e2f0364da-SegmentedRaftLogWorker:Storage Directory /workdir/hadoop-ozone/ozonefs/target/test-dir/MiniOzoneClusterImpl-72e1902e-de17-4929-8ada-cc6049662493/datanode-9/data/ratis/31c1d42a-2313-4567-84c0-d91c9efa14c0] INFO  segmented.SegmentedRaftLogWorker (SegmentedRaftLogWorker.java:run(313)) - ea2f062a-dcfd-4d75-88ac-6c4e2f0364da-SegmentedRaftLogWorker:Storage Directory /workdir/hadoop-ozone/ozonefs/target/test-dir/MiniOzoneClusterImpl-72e1902e-de17-4929-8ada-cc6049662493/datanode-9/data/ratis/31c1d42a-2313-4567-84c0-d91c9efa14c0 was interrupted, exiting. There are 0 tasks remaining in the queue.
2019-09-20 14:24:41,157 [7c330693-1e2f-4265-ad51-f8ae66fac775-SegmentedRaftLogWorker:Storage Directory /workdir/hadoop-ozone/ozonefs/target/test-dir/MiniOzoneClusterImpl-72e1902e-de17-4929-8ada-cc6049662493/datanode-0/data/ratis/0e1149ae-7520-4a5f-81ca-396ab2352ed5] INFO  segmented.SegmentedRaftLogWorker (SegmentedRaftLogWorker.java:run(313)) - 7c330693-1e2f-4265-ad51-f8ae66fac775-SegmentedRaftLogWorker:Storage Directory /workdir/hadoop-ozone/ozonefs/target/test-dir/MiniOzoneClusterImpl-72e1902e-de17-4929-8ada-cc6049662493/datanode-0/data/ratis/0e1149ae-7520-4a5f-81ca-396ab2352ed5 was interrupted, exiting. There are 0 tasks remaining in the queue.
2019-09-20 14:24:41,157 [main] INFO  segmented.SegmentedRaftLogWorker (SegmentedRaftLogWorker.java:close(228)) - ea2f062a-dcfd-4d75-88ac-6c4e2f0364da-SegmentedRaftLogWorker:Storage Directory /workdir/hadoop-ozone/ozonefs/target/test-dir/MiniOzoneClusterImpl-72e1902e-de17-4929-8ada-cc6049662493/datanode-9/data/ratis/31c1d42a-2313-4567-84c0-d91c9efa14c0 close()
2019-09-20 14:24:41,157 [ForkJoinPool.commonPool-worker-1] INFO  segmented.SegmentedRaftLogWorker (SegmentedRaftLogWorker.java:close(228)) - 7c330693-1e2f-4265-ad51-f8ae66fac775-SegmentedRaftLogWorker:Storage Directory /workdir/hadoop-ozone/ozonefs/target/test-dir/MiniOzoneClusterImpl-72e1902e-de17-4929-8ada-cc6049662493/datanode-0/data/ratis/0e1149ae-7520-4a5f-81ca-396ab2352ed5 close()
2019-09-20 14:24:41,158 [main] INFO  impl.RaftServerImpl (RaftServerImpl.java:lambda$shutdown$3(245)) - ea2f062a-dcfd-4d75-88ac-6c4e2f0364da: shutdown group-89023B147EB8
2019-09-20 14:24:41,158 [ForkJoinPool.commonPool-worker-1] INFO  impl.RaftServerImpl (RaftServerImpl.java:lambda$shutdown$3(245)) - 7c330693-1e2f-4265-ad51-f8ae66fac775: shutdown group-904199C3FB4B
2019-09-20 14:24:41,159 [main] INFO  util.JmxRegister (JmxRegister.java:unregister(73)) - Successfully un-registered JMX Bean with object name Ratis:service=RaftServer,group=group-89023B147EB8,id=ea2f062a-dcfd-4d75-88ac-6c4e2f0364da
2019-09-20 14:24:41,159 [ForkJoinPool.commonPool-worker-1] INFO  util.JmxRegister (JmxRegister.java:unregister(73)) - Successfully un-registered JMX Bean with object name Ratis:service=RaftServer,group=group-904199C3FB4B,id=7c330693-1e2f-4265-ad51-f8ae66fac775
2019-09-20 14:24:41,159 [main] INFO  impl.RoleInfo (RoleInfo.java:shutdownLeaderState(104)) - ea2f062a-dcfd-4d75-88ac-6c4e2f0364da: shutdown LeaderState
2019-09-20 14:24:41,160 [ForkJoinPool.commonPool-worker-1] INFO  impl.RoleInfo (RoleInfo.java:shutdownLeaderState(104)) - 7c330693-1e2f-4265-ad51-f8ae66fac775: shutdown LeaderState
2019-09-20 14:24:41,160 [main] INFO  impl.PendingRequests (PendingRequests.java:sendNotLeaderResponses(202)) - ea2f062a-dcfd-4d75-88ac-6c4e2f0364da-PendingRequests: sendNotLeaderResponses
2019-09-20 14:24:41,160 [ForkJoinPool.commonPool-worker-1] INFO  impl.PendingRequests (PendingRequests.java:sendNotLeaderResponses(202)) - 7c330693-1e2f-4265-ad51-f8ae66fac775-PendingRequests: sendNotLeaderResponses
2019-09-20 14:24:41,161 [main] INFO  impl.StateMachineUpdater (StateMachineUpdater.java:stopAndJoin(115)) - StateMachineUpdater:ea2f062a-dcfd-4d75-88ac-6c4e2f0364da:group-89023B147EB8: set stopIndex = 0
2019-09-20 14:24:41,161 [ForkJoinPool.commonPool-worker-1] INFO  impl.StateMachineUpdater (StateMachineUpdater.java:stopAndJoin(115)) - StateMachineUpdater:7c330693-1e2f-4265-ad51-f8ae66fac775:group-904199C3FB4B: set stopIndex = 0
2019-09-20 14:24:41,162 [main] INFO  impl.RaftServerImpl (ServerState.java:close(394)) - ea2f062a-dcfd-4d75-88ac-6c4e2f0364da:group-89023B147EB8 closes. The last applied log index is 0
2019-09-20 14:24:41,162 [ForkJoinPool.commonPool-worker-1] INFO  impl.RaftServerImpl (ServerState.java:close(394)) - 7c330693-1e2f-4265-ad51-f8ae66fac775:group-904199C3FB4B closes. The last applied log index is 0
2019-09-20 14:24:41,162 [ea2f062a-dcfd-4d75-88ac-6c4e2f0364da-SegmentedRaftLogWorker:Storage Directory /workdir/hadoop-ozone/ozonefs/target/test-dir/MiniOzoneClusterImpl-72e1902e-de17-4929-8ada-cc6049662493/datanode-9/data/ratis/9673c036-2245-4d72-8427-89023b147eb8] INFO  segmented.SegmentedRaftLogWorker (SegmentedRaftLogWorker.java:run(313)) - ea2f062a-dcfd-4d75-88ac-6c4e2f0364da-SegmentedRaftLogWorker:Storage Directory /workdir/hadoop-ozone/ozonefs/target/test-dir/MiniOzoneClusterImpl-72e1902e-de17-4929-8ada-cc6049662493/datanode-9/data/ratis/9673c036-2245-4d72-8427-89023b147eb8 was interrupted, exiting. There are 0 tasks remaining in the queue.
2019-09-20 14:24:41,163 [7c330693-1e2f-4265-ad51-f8ae66fac775-SegmentedRaftLogWorker:Storage Directory /workdir/hadoop-ozone/ozonefs/target/test-dir/MiniOzoneClusterImpl-72e1902e-de17-4929-8ada-cc6049662493/datanode-0/data/ratis/1c697d88-cf13-42d1-8eaa-904199c3fb4b] INFO  segmented.SegmentedRaftLogWorker (SegmentedRaftLogWorker.java:run(313)) - 7c330693-1e2f-4265-ad51-f8ae66fac775-SegmentedRaftLogWorker:Storage Directory /workdir/hadoop-ozone/ozonefs/target/test-dir/MiniOzoneClusterImpl-72e1902e-de17-4929-8ada-cc6049662493/datanode-0/data/ratis/1c697d88-cf13-42d1-8eaa-904199c3fb4b was interrupted, exiting. There are 0 tasks remaining in the queue.
2019-09-20 14:24:41,163 [main] INFO  segmented.SegmentedRaftLogWorker (SegmentedRaftLogWorker.java:close(228)) - ea2f062a-dcfd-4d75-88ac-6c4e2f0364da-SegmentedRaftLogWorker:Storage Directory /workdir/hadoop-ozone/ozonefs/target/test-dir/MiniOzoneClusterImpl-72e1902e-de17-4929-8ada-cc6049662493/datanode-9/data/ratis/9673c036-2245-4d72-8427-89023b147eb8 close()
2019-09-20 14:24:41,163 [ForkJoinPool.commonPool-worker-1] INFO  segmented.SegmentedRaftLogWorker (SegmentedRaftLogWorker.java:close(228)) - 7c330693-1e2f-4265-ad51-f8ae66fac775-SegmentedRaftLogWorker:Storage Directory /workdir/hadoop-ozone/ozonefs/target/test-dir/MiniOzoneClusterImpl-72e1902e-de17-4929-8ada-cc6049662493/datanode-0/data/ratis/1c697d88-cf13-42d1-8eaa-904199c3fb4b close()
2019-09-20 14:24:41,164 [main] INFO  impl.RaftServerImpl (RaftServerImpl.java:lambda$shutdown$3(245)) - ea2f062a-dcfd-4d75-88ac-6c4e2f0364da: shutdown group-89A3441B125D
2019-09-20 14:24:41,164 [ForkJoinPool.commonPool-worker-1] INFO  impl.RaftServerImpl (RaftServerImpl.java:lambda$shutdown$3(245)) - 7c330693-1e2f-4265-ad51-f8ae66fac775: shutdown group-2347D2F49BBE
2019-09-20 14:24:41,164 [main] INFO  util.JmxRegister (JmxRegister.java:unregister(73)) - Successfully un-registered JMX Bean with object name Ratis:service=RaftServer,group=group-89A3441B125D,id=ea2f062a-dcfd-4d75-88ac-6c4e2f0364da
2019-09-20 14:24:41,165 [ForkJoinPool.commonPool-worker-1] INFO  util.JmxRegister (JmxRegister.java:unregister(73)) - Successfully un-registered JMX Bean with object name Ratis:service=RaftServer,group=group-2347D2F49BBE,id=7c330693-1e2f-4265-ad51-f8ae66fac775
2019-09-20 14:24:41,165 [main] INFO  impl.RoleInfo (RoleInfo.java:shutdownLeaderState(104)) - ea2f062a-dcfd-4d75-88ac-6c4e2f0364da: shutdown LeaderState
2019-09-20 14:24:41,165 [ForkJoinPool.commonPool-worker-1] INFO  impl.RoleInfo (RoleInfo.java:shutdownLeaderState(104)) - 7c330693-1e2f-4265-ad51-f8ae66fac775: shutdown LeaderState
2019-09-20 14:24:41,166 [main] INFO  impl.PendingRequests (PendingRequests.java:sendNotLeaderResponses(202)) - ea2f062a-dcfd-4d75-88ac-6c4e2f0364da-PendingRequests: sendNotLeaderResponses
2019-09-20 14:24:41,166 [ForkJoinPool.commonPool-worker-1] INFO  impl.PendingRequests (PendingRequests.java:sendNotLeaderResponses(202)) - 7c330693-1e2f-4265-ad51-f8ae66fac775-PendingRequests: sendNotLeaderResponses
2019-09-20 14:24:41,166 [main] INFO  impl.StateMachineUpdater (StateMachineUpdater.java:stopAndJoin(115)) - StateMachineUpdater:ea2f062a-dcfd-4d75-88ac-6c4e2f0364da:group-89A3441B125D: set stopIndex = 0
2019-09-20 14:24:41,167 [main] INFO  impl.RaftServerImpl (ServerState.java:close(394)) - ea2f062a-dcfd-4d75-88ac-6c4e2f0364da:group-89A3441B125D closes. The last applied log index is 0
2019-09-20 14:24:41,167 [ForkJoinPool.commonPool-worker-1] INFO  impl.StateMachineUpdater (StateMachineUpdater.java:stopAndJoin(115)) - StateMachineUpdater:7c330693-1e2f-4265-ad51-f8ae66fac775:group-2347D2F49BBE: set stopIndex = 0
2019-09-20 14:24:41,168 [ea2f062a-dcfd-4d75-88ac-6c4e2f0364da-SegmentedRaftLogWorker:Storage Directory /workdir/hadoop-ozone/ozonefs/target/test-dir/MiniOzoneClusterImpl-72e1902e-de17-4929-8ada-cc6049662493/datanode-9/data/ratis/5c4b51da-e607-4b81-9dcc-89a3441b125d] INFO  segmented.SegmentedRaftLogWorker (SegmentedRaftLogWorker.java:run(313)) - ea2f062a-dcfd-4d75-88ac-6c4e2f0364da-SegmentedRaftLogWorker:Storage Directory /workdir/hadoop-ozone/ozonefs/target/test-dir/MiniOzoneClusterImpl-72e1902e-de17-4929-8ada-cc6049662493/datanode-9/data/ratis/5c4b51da-e607-4b81-9dcc-89a3441b125d was interrupted, exiting. There are 0 tasks remaining in the queue.
2019-09-20 14:24:41,168 [ForkJoinPool.commonPool-worker-1] INFO  impl.RaftServerImpl (ServerState.java:close(394)) - 7c330693-1e2f-4265-ad51-f8ae66fac775:group-2347D2F49BBE closes. The last applied log index is 0
2019-09-20 14:24:41,168 [main] INFO  segmented.SegmentedRaftLogWorker (SegmentedRaftLogWorker.java:close(228)) - ea2f062a-dcfd-4d75-88ac-6c4e2f0364da-SegmentedRaftLogWorker:Storage Directory /workdir/hadoop-ozone/ozonefs/target/test-dir/MiniOzoneClusterImpl-72e1902e-de17-4929-8ada-cc6049662493/datanode-9/data/ratis/5c4b51da-e607-4b81-9dcc-89a3441b125d close()
2019-09-20 14:24:41,168 [7c330693-1e2f-4265-ad51-f8ae66fac775-SegmentedRaftLogWorker:Storage Directory /workdir/hadoop-ozone/ozonefs/target/test-dir/MiniOzoneClusterImpl-72e1902e-de17-4929-8ada-cc6049662493/datanode-0/data/ratis/b637dd4e-9a23-47b0-8c6c-2347d2f49bbe] INFO  segmented.SegmentedRaftLogWorker (SegmentedRaftLogWorker.java:run(313)) - 7c330693-1e2f-4265-ad51-f8ae66fac775-SegmentedRaftLogWorker:Storage Directory /workdir/hadoop-ozone/ozonefs/target/test-dir/MiniOzoneClusterImpl-72e1902e-de17-4929-8ada-cc6049662493/datanode-0/data/ratis/b637dd4e-9a23-47b0-8c6c-2347d2f49bbe was interrupted, exiting. There are 0 tasks remaining in the queue.
2019-09-20 14:24:41,169 [main] INFO  impl.RaftServerImpl (RaftServerImpl.java:lambda$shutdown$3(245)) - ea2f062a-dcfd-4d75-88ac-6c4e2f0364da: shutdown group-D37F42FD91ED
2019-09-20 14:24:41,169 [ForkJoinPool.commonPool-worker-1] INFO  segmented.SegmentedRaftLogWorker (SegmentedRaftLogWorker.java:close(228)) - 7c330693-1e2f-4265-ad51-f8ae66fac775-SegmentedRaftLogWorker:Storage Directory /workdir/hadoop-ozone/ozonefs/target/test-dir/MiniOzoneClusterImpl-72e1902e-de17-4929-8ada-cc6049662493/datanode-0/data/ratis/b637dd4e-9a23-47b0-8c6c-2347d2f49bbe close()
2019-09-20 14:24:41,169 [main] INFO  util.JmxRegister (JmxRegister.java:unregister(73)) - Successfully un-registered JMX Bean with object name Ratis:service=RaftServer,group=group-D37F42FD91ED,id=ea2f062a-dcfd-4d75-88ac-6c4e2f0364da
2019-09-20 14:24:41,170 [main] INFO  impl.RoleInfo (RoleInfo.java:shutdownLeaderState(104)) - ea2f062a-dcfd-4d75-88ac-6c4e2f0364da: shutdown LeaderState
2019-09-20 14:24:41,170 [ForkJoinPool.commonPool-worker-1] INFO  impl.RaftServerImpl (RaftServerImpl.java:lambda$shutdown$3(245)) - 7c330693-1e2f-4265-ad51-f8ae66fac775: shutdown group-684CDF9BB826
2019-09-20 14:24:41,170 [main] INFO  impl.PendingRequests (PendingRequests.java:sendNotLeaderResponses(202)) - ea2f062a-dcfd-4d75-88ac-6c4e2f0364da-PendingRequests: sendNotLeaderResponses
2019-09-20 14:24:41,171 [ForkJoinPool.commonPool-worker-1] INFO  util.JmxRegister (JmxRegister.java:unregister(73)) - Successfully un-registered JMX Bean with object name Ratis:service=RaftServer,group=group-684CDF9BB826,id=7c330693-1e2f-4265-ad51-f8ae66fac775
2019-09-20 14:24:41,171 [main] INFO  impl.StateMachineUpdater (StateMachineUpdater.java:stopAndJoin(115)) - StateMachineUpdater:ea2f062a-dcfd-4d75-88ac-6c4e2f0364da:group-D37F42FD91ED: set stopIndex = 0
2019-09-20 14:24:41,171 [ForkJoinPool.commonPool-worker-1] INFO  impl.RoleInfo (RoleInfo.java:shutdownLeaderState(104)) - 7c330693-1e2f-4265-ad51-f8ae66fac775: shutdown LeaderState
2019-09-20 14:24:41,172 [main] INFO  impl.RaftServerImpl (ServerState.java:close(394)) - ea2f062a-dcfd-4d75-88ac-6c4e2f0364da:group-D37F42FD91ED closes. The last applied log index is 0
2019-09-20 14:24:41,172 [ForkJoinPool.commonPool-worker-1] INFO  impl.PendingRequests (PendingRequests.java:sendNotLeaderResponses(202)) - 7c330693-1e2f-4265-ad51-f8ae66fac775-PendingRequests: sendNotLeaderResponses
2019-09-20 14:24:41,173 [ea2f062a-dcfd-4d75-88ac-6c4e2f0364da-SegmentedRaftLogWorker:Storage Directory /workdir/hadoop-ozone/ozonefs/target/test-dir/MiniOzoneClusterImpl-72e1902e-de17-4929-8ada-cc6049662493/datanode-9/data/ratis/912ecd42-b130-4dcc-9ff1-d37f42fd91ed] INFO  segmented.SegmentedRaftLogWorker (SegmentedRaftLogWorker.java:run(313)) - ea2f062a-dcfd-4d75-88ac-6c4e2f0364da-SegmentedRaftLogWorker:Storage Directory /workdir/hadoop-ozone/ozonefs/target/test-dir/MiniOzoneClusterImpl-72e1902e-de17-4929-8ada-cc6049662493/datanode-9/data/ratis/912ecd42-b130-4dcc-9ff1-d37f42fd91ed was interrupted, exiting. There are 0 tasks remaining in the queue.
2019-09-20 14:24:41,173 [ForkJoinPool.commonPool-worker-1] INFO  impl.StateMachineUpdater (StateMachineUpdater.java:stopAndJoin(115)) - StateMachineUpdater:7c330693-1e2f-4265-ad51-f8ae66fac775:group-684CDF9BB826: set stopIndex = 0
2019-09-20 14:24:41,173 [main] INFO  segmented.SegmentedRaftLogWorker (SegmentedRaftLogWorker.java:close(228)) - ea2f062a-dcfd-4d75-88ac-6c4e2f0364da-SegmentedRaftLogWorker:Storage Directory /workdir/hadoop-ozone/ozonefs/target/test-dir/MiniOzoneClusterImpl-72e1902e-de17-4929-8ada-cc6049662493/datanode-9/data/ratis/912ecd42-b130-4dcc-9ff1-d37f42fd91ed close()
2019-09-20 14:24:41,173 [ForkJoinPool.commonPool-worker-1] INFO  impl.RaftServerImpl (ServerState.java:close(394)) - 7c330693-1e2f-4265-ad51-f8ae66fac775:group-684CDF9BB826 closes. The last applied log index is 0
2019-09-20 14:24:41,174 [main] INFO  impl.RaftServerImpl (RaftServerImpl.java:lambda$shutdown$3(245)) - ea2f062a-dcfd-4d75-88ac-6c4e2f0364da: shutdown group-B792FF3F05E6
2019-09-20 14:24:41,174 [7c330693-1e2f-4265-ad51-f8ae66fac775-SegmentedRaftLogWorker:Storage Directory /workdir/hadoop-ozone/ozonefs/target/test-dir/MiniOzoneClusterImpl-72e1902e-de17-4929-8ada-cc6049662493/datanode-0/data/ratis/4ce34f1c-8ccc-437e-9cc1-684cdf9bb826] INFO  segmented.SegmentedRaftLogWorker (SegmentedRaftLogWorker.java:run(313)) - 7c330693-1e2f-4265-ad51-f8ae66fac775-SegmentedRaftLogWorker:Storage Directory /workdir/hadoop-ozone/ozonefs/target/test-dir/MiniOzoneClusterImpl-72e1902e-de17-4929-8ada-cc6049662493/datanode-0/data/ratis/4ce34f1c-8ccc-437e-9cc1-684cdf9bb826 was interrupted, exiting. There are 0 tasks remaining in the queue.
2019-09-20 14:24:41,175 [main] INFO  util.JmxRegister (JmxRegister.java:unregister(73)) - Successfully un-registered JMX Bean with object name Ratis:service=RaftServer,group=group-B792FF3F05E6,id=ea2f062a-dcfd-4d75-88ac-6c4e2f0364da
2019-09-20 14:24:41,175 [ForkJoinPool.commonPool-worker-1] INFO  segmented.SegmentedRaftLogWorker (SegmentedRaftLogWorker.java:close(228)) - 7c330693-1e2f-4265-ad51-f8ae66fac775-SegmentedRaftLogWorker:Storage Directory /workdir/hadoop-ozone/ozonefs/target/test-dir/MiniOzoneClusterImpl-72e1902e-de17-4929-8ada-cc6049662493/datanode-0/data/ratis/4ce34f1c-8ccc-437e-9cc1-684cdf9bb826 close()
2019-09-20 14:24:41,175 [main] INFO  impl.RoleInfo (RoleInfo.java:shutdownLeaderState(104)) - ea2f062a-dcfd-4d75-88ac-6c4e2f0364da: shutdown LeaderState
2019-09-20 14:24:41,175 [ForkJoinPool.commonPool-worker-1] INFO  impl.RaftServerImpl (RaftServerImpl.java:lambda$shutdown$3(245)) - 7c330693-1e2f-4265-ad51-f8ae66fac775: shutdown group-47366928255C
2019-09-20 14:24:41,176 [main] INFO  impl.PendingRequests (PendingRequests.java:sendNotLeaderResponses(202)) - ea2f062a-dcfd-4d75-88ac-6c4e2f0364da-PendingRequests: sendNotLeaderResponses
2019-09-20 14:24:41,176 [ForkJoinPool.commonPool-worker-1] INFO  util.JmxRegister (JmxRegister.java:unregister(73)) - Successfully un-registered JMX Bean with object name Ratis:service=RaftServer,group=group-47366928255C,id=7c330693-1e2f-4265-ad51-f8ae66fac775
2019-09-20 14:24:41,177 [main] INFO  impl.StateMachineUpdater (StateMachineUpdater.java:stopAndJoin(115)) - StateMachineUpdater:ea2f062a-dcfd-4d75-88ac-6c4e2f0364da:group-B792FF3F05E6: set stopIndex = 0
2019-09-20 14:24:41,177 [main] INFO  impl.RaftServerImpl (ServerState.java:close(394)) - ea2f062a-dcfd-4d75-88ac-6c4e2f0364da:group-B792FF3F05E6 closes. The last applied log index is 0
2019-09-20 14:24:41,177 [ForkJoinPool.commonPool-worker-1] INFO  impl.RoleInfo (RoleInfo.java:shutdownLeaderState(104)) - 7c330693-1e2f-4265-ad51-f8ae66fac775: shutdown LeaderState
2019-09-20 14:24:41,178 [ea2f062a-dcfd-4d75-88ac-6c4e2f0364da-SegmentedRaftLogWorker:Storage Directory /workdir/hadoop-ozone/ozonefs/target/test-dir/MiniOzoneClusterImpl-72e1902e-de17-4929-8ada-cc6049662493/datanode-9/data/ratis/821d4e71-072a-40cd-895f-b792ff3f05e6] INFO  segmented.SegmentedRaftLogWorker (SegmentedRaftLogWorker.java:run(313)) - ea2f062a-dcfd-4d75-88ac-6c4e2f0364da-SegmentedRaftLogWorker:Storage Directory /workdir/hadoop-ozone/ozonefs/target/test-dir/MiniOzoneClusterImpl-72e1902e-de17-4929-8ada-cc6049662493/datanode-9/data/ratis/821d4e71-072a-40cd-895f-b792ff3f05e6 was interrupted, exiting. There are 0 tasks remaining in the queue.
2019-09-20 14:24:41,178 [ForkJoinPool.commonPool-worker-1] INFO  impl.PendingRequests (PendingRequests.java:sendNotLeaderResponses(202)) - 7c330693-1e2f-4265-ad51-f8ae66fac775-PendingRequests: sendNotLeaderResponses
2019-09-20 14:24:41,178 [main] INFO  segmented.SegmentedRaftLogWorker (SegmentedRaftLogWorker.java:close(228)) - ea2f062a-dcfd-4d75-88ac-6c4e2f0364da-SegmentedRaftLogWorker:Storage Directory /workdir/hadoop-ozone/ozonefs/target/test-dir/MiniOzoneClusterImpl-72e1902e-de17-4929-8ada-cc6049662493/datanode-9/data/ratis/821d4e71-072a-40cd-895f-b792ff3f05e6 close()
2019-09-20 14:24:41,178 [ForkJoinPool.commonPool-worker-1] INFO  impl.StateMachineUpdater (StateMachineUpdater.java:stopAndJoin(115)) - StateMachineUpdater:7c330693-1e2f-4265-ad51-f8ae66fac775:group-47366928255C: set stopIndex = 0
2019-09-20 14:24:41,179 [main] INFO  server.GrpcService (GrpcService.java:closeImpl(155)) - ea2f062a-dcfd-4d75-88ac-6c4e2f0364da: shutdown server with port 35343 now
2019-09-20 14:24:41,179 [ForkJoinPool.commonPool-worker-1] INFO  impl.RaftServerImpl (ServerState.java:close(394)) - 7c330693-1e2f-4265-ad51-f8ae66fac775:group-47366928255C closes. The last applied log index is 0
2019-09-20 14:24:41,182 [7c330693-1e2f-4265-ad51-f8ae66fac775-SegmentedRaftLogWorker:Storage Directory /workdir/hadoop-ozone/ozonefs/target/test-dir/MiniOzoneClusterImpl-72e1902e-de17-4929-8ada-cc6049662493/datanode-0/data/ratis/c19af01e-2dad-4a04-87c1-47366928255c] INFO  segmented.SegmentedRaftLogWorker (SegmentedRaftLogWorker.java:run(313)) - 7c330693-1e2f-4265-ad51-f8ae66fac775-SegmentedRaftLogWorker:Storage Directory /workdir/hadoop-ozone/ozonefs/target/test-dir/MiniOzoneClusterImpl-72e1902e-de17-4929-8ada-cc6049662493/datanode-0/data/ratis/c19af01e-2dad-4a04-87c1-47366928255c was interrupted, exiting. There are 0 tasks remaining in the queue.
2019-09-20 14:24:41,182 [main] INFO  server.GrpcService (GrpcService.java:closeImpl(163)) - ea2f062a-dcfd-4d75-88ac-6c4e2f0364da: shutdown server with port 35343 successfully
2019-09-20 14:24:41,183 [ForkJoinPool.commonPool-worker-1] INFO  segmented.SegmentedRaftLogWorker (SegmentedRaftLogWorker.java:close(228)) - 7c330693-1e2f-4265-ad51-f8ae66fac775-SegmentedRaftLogWorker:Storage Directory /workdir/hadoop-ozone/ozonefs/target/test-dir/MiniOzoneClusterImpl-72e1902e-de17-4929-8ada-cc6049662493/datanode-0/data/ratis/c19af01e-2dad-4a04-87c1-47366928255c close()
2019-09-20 14:24:41,183 [ForkJoinPool.commonPool-worker-1] INFO  server.GrpcService (GrpcService.java:closeImpl(155)) - 7c330693-1e2f-4265-ad51-f8ae66fac775: shutdown server with port 39028 now
2019-09-20 14:24:41,186 [ForkJoinPool.commonPool-worker-1] INFO  server.GrpcService (GrpcService.java:closeImpl(163)) - 7c330693-1e2f-4265-ad51-f8ae66fac775: shutdown server with port 39028 successfully
2019-09-20 14:24:41,186 [main] INFO  utils.BackgroundService (BackgroundService.java:shutdown(148)) - Shutting down service BlockDeletingService
2019-09-20 14:24:41,188 [refreshUsed-/workdir/hadoop-ozone/ozonefs/target/test-dir/MiniOzoneClusterImpl-72e1902e-de17-4929-8ada-cc6049662493/datanode-9/data/containers] WARN  fs.CachingGetSpaceUsed (CachingGetSpaceUsed.java:run(183)) - Thread Interrupted waiting to refresh disk information: sleep interrupted
2019-09-20 14:24:41,189 [ForkJoinPool.commonPool-worker-1] INFO  utils.BackgroundService (BackgroundService.java:shutdown(148)) - Shutting down service BlockDeletingService
2019-09-20 14:24:41,191 [refreshUsed-/workdir/hadoop-ozone/ozonefs/target/test-dir/MiniOzoneClusterImpl-72e1902e-de17-4929-8ada-cc6049662493/datanode-0/data/containers] WARN  fs.CachingGetSpaceUsed (CachingGetSpaceUsed.java:run(183)) - Thread Interrupted waiting to refresh disk information: sleep interrupted
2019-09-20 14:24:41,225 [ForkJoinPool.commonPool-worker-1] INFO  statemachine.DatanodeStateMachine (DatanodeStateMachine.java:stopDaemon(395)) - Ozone container server stopped.
2019-09-20 14:24:41,232 [ForkJoinPool.commonPool-worker-1] INFO  handler.ContextHandler (ContextHandler.java:doStop(910)) - Stopped o.e.j.w.WebAppContext@19a64eae{/,null,UNAVAILABLE}{/hddsDatanode}
2019-09-20 14:24:41,233 [main] INFO  statemachine.DatanodeStateMachine (DatanodeStateMachine.java:stopDaemon(395)) - Ozone container server stopped.
2019-09-20 14:24:41,233 [ForkJoinPool.commonPool-worker-1] INFO  server.AbstractConnector (AbstractConnector.java:doStop(318)) - Stopped ServerConnector@29a98d9f{HTTP/1.1,[http/1.1]}{0.0.0.0:0}
2019-09-20 14:24:41,235 [ForkJoinPool.commonPool-worker-1] INFO  handler.ContextHandler (ContextHandler.java:doStop(910)) - Stopped o.e.j.s.ServletContextHandler@3b27b497{/static,jar:file:/home/user/.m2/repository/org/apache/hadoop/hadoop-hdds-container-service/0.5.0-SNAPSHOT/hadoop-hdds-container-service-0.5.0-SNAPSHOT.jar!/webapps/static,UNAVAILABLE}
2019-09-20 14:24:41,236 [main] INFO  handler.ContextHandler (ContextHandler.java:doStop(910)) - Stopped o.e.j.w.WebAppContext@11ad095c{/,null,UNAVAILABLE}{/hddsDatanode}
2019-09-20 14:24:41,236 [ForkJoinPool.commonPool-worker-1] INFO  handler.ContextHandler (ContextHandler.java:doStop(910)) - Stopped o.e.j.s.ServletContextHandler@5c5d6175{/logs,file:///workdir/hadoop-ozone/ozonefs/target/log,UNAVAILABLE}
2019-09-20 14:24:41,237 [main] INFO  server.AbstractConnector (AbstractConnector.java:doStop(318)) - Stopped ServerConnector@2c2a903f{HTTP/1.1,[http/1.1]}{0.0.0.0:0}
2019-09-20 14:24:41,238 [main] INFO  handler.ContextHandler (ContextHandler.java:doStop(910)) - Stopped o.e.j.s.ServletContextHandler@3dd2b9c1{/static,jar:file:/home/user/.m2/repository/org/apache/hadoop/hadoop-hdds-container-service/0.5.0-SNAPSHOT/hadoop-hdds-container-service-0.5.0-SNAPSHOT.jar!/webapps/static,UNAVAILABLE}
2019-09-20 14:24:41,238 [ForkJoinPool.commonPool-worker-1] INFO  datanode.ObjectStoreHandler (ObjectStoreHandler.java:close(155)) - Closing ObjectStoreHandler.
2019-09-20 14:24:41,238 [main] INFO  handler.ContextHandler (ContextHandler.java:doStop(910)) - Stopped o.e.j.s.ServletContextHandler@645ba24a{/logs,file:///workdir/hadoop-ozone/ozonefs/target/log,UNAVAILABLE}
2019-09-20 14:24:41,239 [ForkJoinPool.commonPool-worker-1] INFO  ozone.HddsDatanodeService (HddsDatanodeService.java:stop(451)) - Stopped plug-in org.apache.hadoop.ozone.web.OzoneHddsDatanodeService@7971c2a9
2019-09-20 14:24:41,240 [main] INFO  datanode.ObjectStoreHandler (ObjectStoreHandler.java:close(155)) - Closing ObjectStoreHandler.
2019-09-20 14:24:41,240 [main] INFO  ozone.HddsDatanodeService (HddsDatanodeService.java:stop(451)) - Stopped plug-in org.apache.hadoop.ozone.web.OzoneHddsDatanodeService@631bc9f4
2019-09-20 14:24:41,394 [Datanode State Machine Thread - 0] INFO  statemachine.DatanodeStateMachine (DatanodeStateMachine.java:lambda$startDaemon$0(350)) - Ozone container server started.
2019-09-20 14:24:41,509 [Datanode State Machine Thread - 0] INFO  statemachine.DatanodeStateMachine (DatanodeStateMachine.java:lambda$startDaemon$0(350)) - Ozone container server started.
2019-09-20 14:24:46,241 [ForkJoinPool.commonPool-worker-1] INFO  ozoneimpl.OzoneContainer (OzoneContainer.java:stop(199)) - Attempting to stop container services.
2019-09-20 14:24:46,241 [main] INFO  ozoneimpl.OzoneContainer (OzoneContainer.java:stop(199)) - Attempting to stop container services.
2019-09-20 14:24:46,241 [ForkJoinPool.commonPool-worker-1] INFO  impl.RaftServerProxy (RaftServerProxy.java:lambda$close$4(314)) - c0a66530-d43a-4ae5-bdbb-2b9936068aaa: close
2019-09-20 14:24:46,242 [main] INFO  impl.RaftServerProxy (RaftServerProxy.java:lambda$close$4(314)) - e0033df1-dced-4562-b4c4-a94a3cb6c131: close
2019-09-20 14:24:46,242 [ForkJoinPool.commonPool-worker-1] INFO  impl.RaftServerImpl (RaftServerImpl.java:lambda$shutdown$3(245)) - c0a66530-d43a-4ae5-bdbb-2b9936068aaa: shutdown group-D28F79B47F5F
2019-09-20 14:24:46,243 [main] INFO  impl.RaftServerImpl (RaftServerImpl.java:lambda$shutdown$3(245)) - e0033df1-dced-4562-b4c4-a94a3cb6c131: shutdown group-3D46DAD197A9
2019-09-20 14:24:46,243 [ForkJoinPool.commonPool-worker-1] INFO  util.JmxRegister (JmxRegister.java:unregister(73)) - Successfully un-registered JMX Bean with object name Ratis:service=RaftServer,group=group-D28F79B47F5F,id=c0a66530-d43a-4ae5-bdbb-2b9936068aaa
2019-09-20 14:24:46,243 [main] INFO  util.JmxRegister (JmxRegister.java:unregister(73)) - Successfully un-registered JMX Bean with object name Ratis:service=RaftServer,group=group-3D46DAD197A9,id=e0033df1-dced-4562-b4c4-a94a3cb6c131
2019-09-20 14:24:46,244 [ForkJoinPool.commonPool-worker-1] INFO  impl.RoleInfo (RoleInfo.java:shutdownLeaderState(104)) - c0a66530-d43a-4ae5-bdbb-2b9936068aaa: shutdown LeaderState
2019-09-20 14:24:46,244 [main] INFO  impl.RoleInfo (RoleInfo.java:shutdownLeaderState(104)) - e0033df1-dced-4562-b4c4-a94a3cb6c131: shutdown LeaderState
2019-09-20 14:24:46,244 [ForkJoinPool.commonPool-worker-1] INFO  impl.PendingRequests (PendingRequests.java:sendNotLeaderResponses(202)) - c0a66530-d43a-4ae5-bdbb-2b9936068aaa-PendingRequests: sendNotLeaderResponses
2019-09-20 14:24:46,245 [main] INFO  impl.PendingRequests (PendingRequests.java:sendNotLeaderResponses(202)) - e0033df1-dced-4562-b4c4-a94a3cb6c131-PendingRequests: sendNotLeaderResponses
2019-09-20 14:24:46,245 [ForkJoinPool.commonPool-worker-1] INFO  impl.StateMachineUpdater (StateMachineUpdater.java:stopAndJoin(115)) - StateMachineUpdater:c0a66530-d43a-4ae5-bdbb-2b9936068aaa:group-D28F79B47F5F: set stopIndex = 0
2019-09-20 14:24:46,246 [main] INFO  impl.StateMachineUpdater (StateMachineUpdater.java:stopAndJoin(115)) - StateMachineUpdater:e0033df1-dced-4562-b4c4-a94a3cb6c131:group-3D46DAD197A9: set stopIndex = 0
2019-09-20 14:24:46,246 [main] INFO  impl.RaftServerImpl (ServerState.java:close(394)) - e0033df1-dced-4562-b4c4-a94a3cb6c131:group-3D46DAD197A9 closes. The last applied log index is 0
2019-09-20 14:24:46,246 [ForkJoinPool.commonPool-worker-1] INFO  impl.RaftServerImpl (ServerState.java:close(394)) - c0a66530-d43a-4ae5-bdbb-2b9936068aaa:group-D28F79B47F5F closes. The last applied log index is 0
2019-09-20 14:24:46,247 [e0033df1-dced-4562-b4c4-a94a3cb6c131-SegmentedRaftLogWorker:Storage Directory /workdir/hadoop-ozone/ozonefs/target/test-dir/MiniOzoneClusterImpl-72e1902e-de17-4929-8ada-cc6049662493/datanode-7/data/ratis/13b8a03f-df20-4679-b137-3d46dad197a9] INFO  segmented.SegmentedRaftLogWorker (SegmentedRaftLogWorker.java:run(313)) - e0033df1-dced-4562-b4c4-a94a3cb6c131-SegmentedRaftLogWorker:Storage Directory /workdir/hadoop-ozone/ozonefs/target/test-dir/MiniOzoneClusterImpl-72e1902e-de17-4929-8ada-cc6049662493/datanode-7/data/ratis/13b8a03f-df20-4679-b137-3d46dad197a9 was interrupted, exiting. There are 0 tasks remaining in the queue.
2019-09-20 14:24:46,247 [c0a66530-d43a-4ae5-bdbb-2b9936068aaa-SegmentedRaftLogWorker:Storage Directory /workdir/hadoop-ozone/ozonefs/target/test-dir/MiniOzoneClusterImpl-72e1902e-de17-4929-8ada-cc6049662493/datanode-1/data/ratis/6fd2e598-cc62-49db-b280-d28f79b47f5f] INFO  segmented.SegmentedRaftLogWorker (SegmentedRaftLogWorker.java:run(313)) - c0a66530-d43a-4ae5-bdbb-2b9936068aaa-SegmentedRaftLogWorker:Storage Directory /workdir/hadoop-ozone/ozonefs/target/test-dir/MiniOzoneClusterImpl-72e1902e-de17-4929-8ada-cc6049662493/datanode-1/data/ratis/6fd2e598-cc62-49db-b280-d28f79b47f5f was interrupted, exiting. There are 0 tasks remaining in the queue.
2019-09-20 14:24:46,248 [main] INFO  segmented.SegmentedRaftLogWorker (SegmentedRaftLogWorker.java:close(228)) - e0033df1-dced-4562-b4c4-a94a3cb6c131-SegmentedRaftLogWorker:Storage Directory /workdir/hadoop-ozone/ozonefs/target/test-dir/MiniOzoneClusterImpl-72e1902e-de17-4929-8ada-cc6049662493/datanode-7/data/ratis/13b8a03f-df20-4679-b137-3d46dad197a9 close()
2019-09-20 14:24:46,248 [ForkJoinPool.commonPool-worker-1] INFO  segmented.SegmentedRaftLogWorker (SegmentedRaftLogWorker.java:close(228)) - c0a66530-d43a-4ae5-bdbb-2b9936068aaa-SegmentedRaftLogWorker:Storage Directory /workdir/hadoop-ozone/ozonefs/target/test-dir/MiniOzoneClusterImpl-72e1902e-de17-4929-8ada-cc6049662493/datanode-1/data/ratis/6fd2e598-cc62-49db-b280-d28f79b47f5f close()
2019-09-20 14:24:46,248 [main] INFO  impl.RaftServerImpl (RaftServerImpl.java:lambda$shutdown$3(245)) - e0033df1-dced-4562-b4c4-a94a3cb6c131: shutdown group-8FCC0BF9148D
2019-09-20 14:24:46,249 [ForkJoinPool.commonPool-worker-1] INFO  impl.RaftServerImpl (RaftServerImpl.java:lambda$shutdown$3(245)) - c0a66530-d43a-4ae5-bdbb-2b9936068aaa: shutdown group-5AC97FB5B536
2019-09-20 14:24:46,249 [main] INFO  util.JmxRegister (JmxRegister.java:unregister(73)) - Successfully un-registered JMX Bean with object name Ratis:service=RaftServer,group=group-8FCC0BF9148D,id=e0033df1-dced-4562-b4c4-a94a3cb6c131
2019-09-20 14:24:46,249 [ForkJoinPool.commonPool-worker-1] INFO  util.JmxRegister (JmxRegister.java:unregister(73)) - Successfully un-registered JMX Bean with object name Ratis:service=RaftServer,group=group-5AC97FB5B536,id=c0a66530-d43a-4ae5-bdbb-2b9936068aaa
2019-09-20 14:24:46,250 [main] INFO  impl.RoleInfo (RoleInfo.java:shutdownLeaderState(104)) - e0033df1-dced-4562-b4c4-a94a3cb6c131: shutdown LeaderState
2019-09-20 14:24:46,250 [ForkJoinPool.commonPool-worker-1] INFO  impl.RoleInfo (RoleInfo.java:shutdownLeaderState(104)) - c0a66530-d43a-4ae5-bdbb-2b9936068aaa: shutdown LeaderState
2019-09-20 14:24:46,250 [main] INFO  impl.PendingRequests (PendingRequests.java:sendNotLeaderResponses(202)) - e0033df1-dced-4562-b4c4-a94a3cb6c131-PendingRequests: sendNotLeaderResponses
2019-09-20 14:24:46,251 [ForkJoinPool.commonPool-worker-1] INFO  impl.PendingRequests (PendingRequests.java:sendNotLeaderResponses(202)) - c0a66530-d43a-4ae5-bdbb-2b9936068aaa-PendingRequests: sendNotLeaderResponses
2019-09-20 14:24:46,251 [main] INFO  impl.StateMachineUpdater (StateMachineUpdater.java:stopAndJoin(115)) - StateMachineUpdater:e0033df1-dced-4562-b4c4-a94a3cb6c131:group-8FCC0BF9148D: set stopIndex = 0
2019-09-20 14:24:46,251 [ForkJoinPool.commonPool-worker-1] INFO  impl.StateMachineUpdater (StateMachineUpdater.java:stopAndJoin(115)) - StateMachineUpdater:c0a66530-d43a-4ae5-bdbb-2b9936068aaa:group-5AC97FB5B536: set stopIndex = 0
2019-09-20 14:24:46,252 [main] INFO  impl.RaftServerImpl (ServerState.java:close(394)) - e0033df1-dced-4562-b4c4-a94a3cb6c131:group-8FCC0BF9148D closes. The last applied log index is 0
2019-09-20 14:24:46,252 [ForkJoinPool.commonPool-worker-1] INFO  impl.RaftServerImpl (ServerState.java:close(394)) - c0a66530-d43a-4ae5-bdbb-2b9936068aaa:group-5AC97FB5B536 closes. The last applied log index is 0
2019-09-20 14:24:46,253 [e0033df1-dced-4562-b4c4-a94a3cb6c131-SegmentedRaftLogWorker:Storage Directory /workdir/hadoop-ozone/ozonefs/target/test-dir/MiniOzoneClusterImpl-72e1902e-de17-4929-8ada-cc6049662493/datanode-7/data/ratis/5efb6455-525b-4f3d-bfc0-8fcc0bf9148d] INFO  segmented.SegmentedRaftLogWorker (SegmentedRaftLogWorker.java:run(313)) - e0033df1-dced-4562-b4c4-a94a3cb6c131-SegmentedRaftLogWorker:Storage Directory /workdir/hadoop-ozone/ozonefs/target/test-dir/MiniOzoneClusterImpl-72e1902e-de17-4929-8ada-cc6049662493/datanode-7/data/ratis/5efb6455-525b-4f3d-bfc0-8fcc0bf9148d was interrupted, exiting. There are 0 tasks remaining in the queue.
2019-09-20 14:24:46,253 [c0a66530-d43a-4ae5-bdbb-2b9936068aaa-SegmentedRaftLogWorker:Storage Directory /workdir/hadoop-ozone/ozonefs/target/test-dir/MiniOzoneClusterImpl-72e1902e-de17-4929-8ada-cc6049662493/datanode-1/data/ratis/d2c16704-7c4a-429d-9a6f-5ac97fb5b536] INFO  segmented.SegmentedRaftLogWorker (SegmentedRaftLogWorker.java:run(313)) - c0a66530-d43a-4ae5-bdbb-2b9936068aaa-SegmentedRaftLogWorker:Storage Directory /workdir/hadoop-ozone/ozonefs/target/test-dir/MiniOzoneClusterImpl-72e1902e-de17-4929-8ada-cc6049662493/datanode-1/data/ratis/d2c16704-7c4a-429d-9a6f-5ac97fb5b536 was interrupted, exiting. There are 0 tasks remaining in the queue.
2019-09-20 14:24:46,253 [main] INFO  segmented.SegmentedRaftLogWorker (SegmentedRaftLogWorker.java:close(228)) - e0033df1-dced-4562-b4c4-a94a3cb6c131-SegmentedRaftLogWorker:Storage Directory /workdir/hadoop-ozone/ozonefs/target/test-dir/MiniOzoneClusterImpl-72e1902e-de17-4929-8ada-cc6049662493/datanode-7/data/ratis/5efb6455-525b-4f3d-bfc0-8fcc0bf9148d close()
2019-09-20 14:24:46,253 [ForkJoinPool.commonPool-worker-1] INFO  segmented.SegmentedRaftLogWorker (SegmentedRaftLogWorker.java:close(228)) - c0a66530-d43a-4ae5-bdbb-2b9936068aaa-SegmentedRaftLogWorker:Storage Directory /workdir/hadoop-ozone/ozonefs/target/test-dir/MiniOzoneClusterImpl-72e1902e-de17-4929-8ada-cc6049662493/datanode-1/data/ratis/d2c16704-7c4a-429d-9a6f-5ac97fb5b536 close()
2019-09-20 14:24:46,254 [main] INFO  impl.RaftServerImpl (RaftServerImpl.java:lambda$shutdown$3(245)) - e0033df1-dced-4562-b4c4-a94a3cb6c131: shutdown group-878DAA37668D
2019-09-20 14:24:46,254 [ForkJoinPool.commonPool-worker-1] INFO  impl.RaftServerImpl (RaftServerImpl.java:lambda$shutdown$3(245)) - c0a66530-d43a-4ae5-bdbb-2b9936068aaa: shutdown group-0C7AF6229FDD
2019-09-20 14:24:46,255 [main] INFO  util.JmxRegister (JmxRegister.java:unregister(73)) - Successfully un-registered JMX Bean with object name Ratis:service=RaftServer,group=group-878DAA37668D,id=e0033df1-dced-4562-b4c4-a94a3cb6c131
2019-09-20 14:24:46,255 [ForkJoinPool.commonPool-worker-1] INFO  util.JmxRegister (JmxRegister.java:unregister(73)) - Successfully un-registered JMX Bean with object name Ratis:service=RaftServer,group=group-0C7AF6229FDD,id=c0a66530-d43a-4ae5-bdbb-2b9936068aaa
2019-09-20 14:24:46,255 [main] INFO  impl.RoleInfo (RoleInfo.java:shutdownLeaderState(104)) - e0033df1-dced-4562-b4c4-a94a3cb6c131: shutdown LeaderState
2019-09-20 14:24:46,256 [ForkJoinPool.commonPool-worker-1] INFO  impl.RoleInfo (RoleInfo.java:shutdownLeaderState(104)) - c0a66530-d43a-4ae5-bdbb-2b9936068aaa: shutdown LeaderState
2019-09-20 14:24:46,256 [main] INFO  impl.PendingRequests (PendingRequests.java:sendNotLeaderResponses(202)) - e0033df1-dced-4562-b4c4-a94a3cb6c131-PendingRequests: sendNotLeaderResponses
2019-09-20 14:24:46,256 [ForkJoinPool.commonPool-worker-1] INFO  impl.PendingRequests (PendingRequests.java:sendNotLeaderResponses(202)) - c0a66530-d43a-4ae5-bdbb-2b9936068aaa-PendingRequests: sendNotLeaderResponses
2019-09-20 14:24:46,257 [main] INFO  impl.StateMachineUpdater (StateMachineUpdater.java:stopAndJoin(115)) - StateMachineUpdater:e0033df1-dced-4562-b4c4-a94a3cb6c131:group-878DAA37668D: set stopIndex = 0
2019-09-20 14:24:46,257 [ForkJoinPool.commonPool-worker-1] INFO  impl.StateMachineUpdater (StateMachineUpdater.java:stopAndJoin(115)) - StateMachineUpdater:c0a66530-d43a-4ae5-bdbb-2b9936068aaa:group-0C7AF6229FDD: set stopIndex = 0
2019-09-20 14:24:46,257 [main] INFO  impl.RaftServerImpl (ServerState.java:close(394)) - e0033df1-dced-4562-b4c4-a94a3cb6c131:group-878DAA37668D closes. The last applied log index is 0
2019-09-20 14:24:46,258 [ForkJoinPool.commonPool-worker-1] INFO  impl.RaftServerImpl (ServerState.java:close(394)) - c0a66530-d43a-4ae5-bdbb-2b9936068aaa:group-0C7AF6229FDD closes. The last applied log index is 0
2019-09-20 14:24:46,258 [e0033df1-dced-4562-b4c4-a94a3cb6c131-SegmentedRaftLogWorker:Storage Directory /workdir/hadoop-ozone/ozonefs/target/test-dir/MiniOzoneClusterImpl-72e1902e-de17-4929-8ada-cc6049662493/datanode-7/data/ratis/8779e25a-98e5-430e-8d4d-878daa37668d] INFO  segmented.SegmentedRaftLogWorker (SegmentedRaftLogWorker.java:run(313)) - e0033df1-dced-4562-b4c4-a94a3cb6c131-SegmentedRaftLogWorker:Storage Directory /workdir/hadoop-ozone/ozonefs/target/test-dir/MiniOzoneClusterImpl-72e1902e-de17-4929-8ada-cc6049662493/datanode-7/data/ratis/8779e25a-98e5-430e-8d4d-878daa37668d was interrupted, exiting. There are 0 tasks remaining in the queue.
2019-09-20 14:24:46,259 [c0a66530-d43a-4ae5-bdbb-2b9936068aaa-SegmentedRaftLogWorker:Storage Directory /workdir/hadoop-ozone/ozonefs/target/test-dir/MiniOzoneClusterImpl-72e1902e-de17-4929-8ada-cc6049662493/datanode-1/data/ratis/6ba37637-49df-49d1-8c28-0c7af6229fdd] INFO  segmented.SegmentedRaftLogWorker (SegmentedRaftLogWorker.java:run(313)) - c0a66530-d43a-4ae5-bdbb-2b9936068aaa-SegmentedRaftLogWorker:Storage Directory /workdir/hadoop-ozone/ozonefs/target/test-dir/MiniOzoneClusterImpl-72e1902e-de17-4929-8ada-cc6049662493/datanode-1/data/ratis/6ba37637-49df-49d1-8c28-0c7af6229fdd was interrupted, exiting. There are 0 tasks remaining in the queue.
2019-09-20 14:24:46,259 [main] INFO  segmented.SegmentedRaftLogWorker (SegmentedRaftLogWorker.java:close(228)) - e0033df1-dced-4562-b4c4-a94a3cb6c131-SegmentedRaftLogWorker:Storage Directory /workdir/hadoop-ozone/ozonefs/target/test-dir/MiniOzoneClusterImpl-72e1902e-de17-4929-8ada-cc6049662493/datanode-7/data/ratis/8779e25a-98e5-430e-8d4d-878daa37668d close()
2019-09-20 14:24:46,259 [ForkJoinPool.commonPool-worker-1] INFO  segmented.SegmentedRaftLogWorker (SegmentedRaftLogWorker.java:close(228)) - c0a66530-d43a-4ae5-bdbb-2b9936068aaa-SegmentedRaftLogWorker:Storage Directory /workdir/hadoop-ozone/ozonefs/target/test-dir/MiniOzoneClusterImpl-72e1902e-de17-4929-8ada-cc6049662493/datanode-1/data/ratis/6ba37637-49df-49d1-8c28-0c7af6229fdd close()
2019-09-20 14:24:46,259 [main] INFO  impl.RaftServerImpl (RaftServerImpl.java:lambda$shutdown$3(245)) - e0033df1-dced-4562-b4c4-a94a3cb6c131: shutdown group-13CF0B0FEC25
2019-09-20 14:24:46,260 [ForkJoinPool.commonPool-worker-1] INFO  impl.RaftServerImpl (RaftServerImpl.java:lambda$shutdown$3(245)) - c0a66530-d43a-4ae5-bdbb-2b9936068aaa: shutdown group-90DFC2C49E54
2019-09-20 14:24:46,260 [main] INFO  util.JmxRegister (JmxRegister.java:unregister(73)) - Successfully un-registered JMX Bean with object name Ratis:service=RaftServer,group=group-13CF0B0FEC25,id=e0033df1-dced-4562-b4c4-a94a3cb6c131
2019-09-20 14:24:46,261 [main] INFO  impl.RoleInfo (RoleInfo.java:shutdownLeaderState(104)) - e0033df1-dced-4562-b4c4-a94a3cb6c131: shutdown LeaderState
2019-09-20 14:24:46,260 [ForkJoinPool.commonPool-worker-1] INFO  util.JmxRegister (JmxRegister.java:unregister(73)) - Successfully un-registered JMX Bean with object name Ratis:service=RaftServer,group=group-90DFC2C49E54,id=c0a66530-d43a-4ae5-bdbb-2b9936068aaa
2019-09-20 14:24:46,261 [main] INFO  impl.PendingRequests (PendingRequests.java:sendNotLeaderResponses(202)) - e0033df1-dced-4562-b4c4-a94a3cb6c131-PendingRequests: sendNotLeaderResponses
2019-09-20 14:24:46,261 [ForkJoinPool.commonPool-worker-1] INFO  impl.RoleInfo (RoleInfo.java:shutdownLeaderState(104)) - c0a66530-d43a-4ae5-bdbb-2b9936068aaa: shutdown LeaderState
2019-09-20 14:24:46,262 [main] INFO  impl.StateMachineUpdater (StateMachineUpdater.java:stopAndJoin(115)) - StateMachineUpdater:e0033df1-dced-4562-b4c4-a94a3cb6c131:group-13CF0B0FEC25: set stopIndex = 0
2019-09-20 14:24:46,262 [ForkJoinPool.commonPool-worker-1] INFO  impl.PendingRequests (PendingRequests.java:sendNotLeaderResponses(202)) - c0a66530-d43a-4ae5-bdbb-2b9936068aaa-PendingRequests: sendNotLeaderResponses
2019-09-20 14:24:46,262 [main] INFO  impl.RaftServerImpl (ServerState.java:close(394)) - e0033df1-dced-4562-b4c4-a94a3cb6c131:group-13CF0B0FEC25 closes. The last applied log index is 0
2019-09-20 14:24:46,263 [ForkJoinPool.commonPool-worker-1] INFO  impl.StateMachineUpdater (StateMachineUpdater.java:stopAndJoin(115)) - StateMachineUpdater:c0a66530-d43a-4ae5-bdbb-2b9936068aaa:group-90DFC2C49E54: set stopIndex = 0
2019-09-20 14:24:46,263 [e0033df1-dced-4562-b4c4-a94a3cb6c131-SegmentedRaftLogWorker:Storage Directory /workdir/hadoop-ozone/ozonefs/target/test-dir/MiniOzoneClusterImpl-72e1902e-de17-4929-8ada-cc6049662493/datanode-7/data/ratis/d5ef2d56-4fdb-4e3f-8eba-13cf0b0fec25] INFO  segmented.SegmentedRaftLogWorker (SegmentedRaftLogWorker.java:run(313)) - e0033df1-dced-4562-b4c4-a94a3cb6c131-SegmentedRaftLogWorker:Storage Directory /workdir/hadoop-ozone/ozonefs/target/test-dir/MiniOzoneClusterImpl-72e1902e-de17-4929-8ada-cc6049662493/datanode-7/data/ratis/d5ef2d56-4fdb-4e3f-8eba-13cf0b0fec25 was interrupted, exiting. There are 0 tasks remaining in the queue.
2019-09-20 14:24:46,263 [ForkJoinPool.commonPool-worker-1] INFO  impl.RaftServerImpl (ServerState.java:close(394)) - c0a66530-d43a-4ae5-bdbb-2b9936068aaa:group-90DFC2C49E54 closes. The last applied log index is 0
2019-09-20 14:24:46,264 [main] INFO  segmented.SegmentedRaftLogWorker (SegmentedRaftLogWorker.java:close(228)) - e0033df1-dced-4562-b4c4-a94a3cb6c131-SegmentedRaftLogWorker:Storage Directory /workdir/hadoop-ozone/ozonefs/target/test-dir/MiniOzoneClusterImpl-72e1902e-de17-4929-8ada-cc6049662493/datanode-7/data/ratis/d5ef2d56-4fdb-4e3f-8eba-13cf0b0fec25 close()
2019-09-20 14:24:46,264 [c0a66530-d43a-4ae5-bdbb-2b9936068aaa-SegmentedRaftLogWorker:Storage Directory /workdir/hadoop-ozone/ozonefs/target/test-dir/MiniOzoneClusterImpl-72e1902e-de17-4929-8ada-cc6049662493/datanode-1/data/ratis/fbde985b-e39a-4a0a-b233-90dfc2c49e54] INFO  segmented.SegmentedRaftLogWorker (SegmentedRaftLogWorker.java:run(313)) - c0a66530-d43a-4ae5-bdbb-2b9936068aaa-SegmentedRaftLogWorker:Storage Directory /workdir/hadoop-ozone/ozonefs/target/test-dir/MiniOzoneClusterImpl-72e1902e-de17-4929-8ada-cc6049662493/datanode-1/data/ratis/fbde985b-e39a-4a0a-b233-90dfc2c49e54 was interrupted, exiting. There are 0 tasks remaining in the queue.
2019-09-20 14:24:46,264 [main] INFO  impl.RaftServerImpl (RaftServerImpl.java:lambda$shutdown$3(245)) - e0033df1-dced-4562-b4c4-a94a3cb6c131: shutdown group-29D026B6EBAA
2019-09-20 14:24:46,265 [ForkJoinPool.commonPool-worker-1] INFO  segmented.SegmentedRaftLogWorker (SegmentedRaftLogWorker.java:close(228)) - c0a66530-d43a-4ae5-bdbb-2b9936068aaa-SegmentedRaftLogWorker:Storage Directory /workdir/hadoop-ozone/ozonefs/target/test-dir/MiniOzoneClusterImpl-72e1902e-de17-4929-8ada-cc6049662493/datanode-1/data/ratis/fbde985b-e39a-4a0a-b233-90dfc2c49e54 close()
2019-09-20 14:24:46,265 [main] INFO  util.JmxRegister (JmxRegister.java:unregister(73)) - Successfully un-registered JMX Bean with object name Ratis:service=RaftServer,group=group-29D026B6EBAA,id=e0033df1-dced-4562-b4c4-a94a3cb6c131
2019-09-20 14:24:46,265 [ForkJoinPool.commonPool-worker-1] INFO  impl.RaftServerImpl (RaftServerImpl.java:lambda$shutdown$3(245)) - c0a66530-d43a-4ae5-bdbb-2b9936068aaa: shutdown group-6DA01084DE72
2019-09-20 14:24:46,265 [main] INFO  impl.RoleInfo (RoleInfo.java:shutdownLeaderState(104)) - e0033df1-dced-4562-b4c4-a94a3cb6c131: shutdown LeaderState
2019-09-20 14:24:46,266 [ForkJoinPool.commonPool-worker-1] INFO  util.JmxRegister (JmxRegister.java:unregister(73)) - Successfully un-registered JMX Bean with object name Ratis:service=RaftServer,group=group-6DA01084DE72,id=c0a66530-d43a-4ae5-bdbb-2b9936068aaa
2019-09-20 14:24:46,266 [main] INFO  impl.PendingRequests (PendingRequests.java:sendNotLeaderResponses(202)) - e0033df1-dced-4562-b4c4-a94a3cb6c131-PendingRequests: sendNotLeaderResponses
2019-09-20 14:24:46,266 [ForkJoinPool.commonPool-worker-1] INFO  impl.RoleInfo (RoleInfo.java:shutdownLeaderState(104)) - c0a66530-d43a-4ae5-bdbb-2b9936068aaa: shutdown LeaderState
2019-09-20 14:24:46,267 [main] INFO  impl.StateMachineUpdater (StateMachineUpdater.java:stopAndJoin(115)) - StateMachineUpdater:e0033df1-dced-4562-b4c4-a94a3cb6c131:group-29D026B6EBAA: set stopIndex = 0
2019-09-20 14:24:46,267 [ForkJoinPool.commonPool-worker-1] INFO  impl.PendingRequests (PendingRequests.java:sendNotLeaderResponses(202)) - c0a66530-d43a-4ae5-bdbb-2b9936068aaa-PendingRequests: sendNotLeaderResponses
2019-09-20 14:24:46,268 [main] INFO  impl.RaftServerImpl (ServerState.java:close(394)) - e0033df1-dced-4562-b4c4-a94a3cb6c131:group-29D026B6EBAA closes. The last applied log index is 0
2019-09-20 14:24:46,268 [ForkJoinPool.commonPool-worker-1] INFO  impl.StateMachineUpdater (StateMachineUpdater.java:stopAndJoin(115)) - StateMachineUpdater:c0a66530-d43a-4ae5-bdbb-2b9936068aaa:group-6DA01084DE72: set stopIndex = 0
2019-09-20 14:24:46,268 [e0033df1-dced-4562-b4c4-a94a3cb6c131-SegmentedRaftLogWorker:Storage Directory /workdir/hadoop-ozone/ozonefs/target/test-dir/MiniOzoneClusterImpl-72e1902e-de17-4929-8ada-cc6049662493/datanode-7/data/ratis/78547e6f-aa43-497b-a9bc-29d026b6ebaa] INFO  segmented.SegmentedRaftLogWorker (SegmentedRaftLogWorker.java:run(313)) - e0033df1-dced-4562-b4c4-a94a3cb6c131-SegmentedRaftLogWorker:Storage Directory /workdir/hadoop-ozone/ozonefs/target/test-dir/MiniOzoneClusterImpl-72e1902e-de17-4929-8ada-cc6049662493/datanode-7/data/ratis/78547e6f-aa43-497b-a9bc-29d026b6ebaa was interrupted, exiting. There are 0 tasks remaining in the queue.
2019-09-20 14:24:46,269 [ForkJoinPool.commonPool-worker-1] INFO  impl.RaftServerImpl (ServerState.java:close(394)) - c0a66530-d43a-4ae5-bdbb-2b9936068aaa:group-6DA01084DE72 closes. The last applied log index is 0
2019-09-20 14:24:46,269 [main] INFO  segmented.SegmentedRaftLogWorker (SegmentedRaftLogWorker.java:close(228)) - e0033df1-dced-4562-b4c4-a94a3cb6c131-SegmentedRaftLogWorker:Storage Directory /workdir/hadoop-ozone/ozonefs/target/test-dir/MiniOzoneClusterImpl-72e1902e-de17-4929-8ada-cc6049662493/datanode-7/data/ratis/78547e6f-aa43-497b-a9bc-29d026b6ebaa close()
2019-09-20 14:24:46,269 [c0a66530-d43a-4ae5-bdbb-2b9936068aaa-SegmentedRaftLogWorker:Storage Directory /workdir/hadoop-ozone/ozonefs/target/test-dir/MiniOzoneClusterImpl-72e1902e-de17-4929-8ada-cc6049662493/datanode-1/data/ratis/325446cb-0308-4ea6-95ba-6da01084de72] INFO  segmented.SegmentedRaftLogWorker (SegmentedRaftLogWorker.java:run(313)) - c0a66530-d43a-4ae5-bdbb-2b9936068aaa-SegmentedRaftLogWorker:Storage Directory /workdir/hadoop-ozone/ozonefs/target/test-dir/MiniOzoneClusterImpl-72e1902e-de17-4929-8ada-cc6049662493/datanode-1/data/ratis/325446cb-0308-4ea6-95ba-6da01084de72 was interrupted, exiting. There are 0 tasks remaining in the queue.
2019-09-20 14:24:46,269 [main] INFO  impl.RaftServerImpl (RaftServerImpl.java:lambda$shutdown$3(245)) - e0033df1-dced-4562-b4c4-a94a3cb6c131: shutdown group-C76FF7CC60D5
2019-09-20 14:24:46,270 [ForkJoinPool.commonPool-worker-1] INFO  segmented.SegmentedRaftLogWorker (SegmentedRaftLogWorker.java:close(228)) - c0a66530-d43a-4ae5-bdbb-2b9936068aaa-SegmentedRaftLogWorker:Storage Directory /workdir/hadoop-ozone/ozonefs/target/test-dir/MiniOzoneClusterImpl-72e1902e-de17-4929-8ada-cc6049662493/datanode-1/data/ratis/325446cb-0308-4ea6-95ba-6da01084de72 close()
2019-09-20 14:24:46,270 [main] INFO  util.JmxRegister (JmxRegister.java:unregister(73)) - Successfully un-registered JMX Bean with object name Ratis:service=RaftServer,group=group-C76FF7CC60D5,id=e0033df1-dced-4562-b4c4-a94a3cb6c131
2019-09-20 14:24:46,270 [ForkJoinPool.commonPool-worker-1] INFO  impl.RaftServerImpl (RaftServerImpl.java:lambda$shutdown$3(245)) - c0a66530-d43a-4ae5-bdbb-2b9936068aaa: shutdown group-D05775D47748
2019-09-20 14:24:46,271 [main] INFO  impl.RoleInfo (RoleInfo.java:shutdownLeaderState(104)) - e0033df1-dced-4562-b4c4-a94a3cb6c131: shutdown LeaderState
2019-09-20 14:24:46,271 [ForkJoinPool.commonPool-worker-1] INFO  util.JmxRegister (JmxRegister.java:unregister(73)) - Successfully un-registered JMX Bean with object name Ratis:service=RaftServer,group=group-D05775D47748,id=c0a66530-d43a-4ae5-bdbb-2b9936068aaa
2019-09-20 14:24:46,271 [main] INFO  impl.PendingRequests (PendingRequests.java:sendNotLeaderResponses(202)) - e0033df1-dced-4562-b4c4-a94a3cb6c131-PendingRequests: sendNotLeaderResponses
2019-09-20 14:24:46,271 [ForkJoinPool.commonPool-worker-1] INFO  impl.RoleInfo (RoleInfo.java:shutdownLeaderState(104)) - c0a66530-d43a-4ae5-bdbb-2b9936068aaa: shutdown LeaderState
2019-09-20 14:24:46,272 [main] INFO  impl.StateMachineUpdater (StateMachineUpdater.java:stopAndJoin(115)) - StateMachineUpdater:e0033df1-dced-4562-b4c4-a94a3cb6c131:group-C76FF7CC60D5: set stopIndex = 0
2019-09-20 14:24:46,273 [main] INFO  impl.RaftServerImpl (ServerState.java:close(394)) - e0033df1-dced-4562-b4c4-a94a3cb6c131:group-C76FF7CC60D5 closes. The last applied log index is 0
2019-09-20 14:24:46,272 [ForkJoinPool.commonPool-worker-1] INFO  impl.PendingRequests (PendingRequests.java:sendNotLeaderResponses(202)) - c0a66530-d43a-4ae5-bdbb-2b9936068aaa-PendingRequests: sendNotLeaderResponses
2019-09-20 14:24:46,273 [e0033df1-dced-4562-b4c4-a94a3cb6c131-SegmentedRaftLogWorker:Storage Directory /workdir/hadoop-ozone/ozonefs/target/test-dir/MiniOzoneClusterImpl-72e1902e-de17-4929-8ada-cc6049662493/datanode-7/data/ratis/35dc2cff-5090-42b3-a038-c76ff7cc60d5] INFO  segmented.SegmentedRaftLogWorker (SegmentedRaftLogWorker.java:run(313)) - e0033df1-dced-4562-b4c4-a94a3cb6c131-SegmentedRaftLogWorker:Storage Directory /workdir/hadoop-ozone/ozonefs/target/test-dir/MiniOzoneClusterImpl-72e1902e-de17-4929-8ada-cc6049662493/datanode-7/data/ratis/35dc2cff-5090-42b3-a038-c76ff7cc60d5 was interrupted, exiting. There are 0 tasks remaining in the queue.
2019-09-20 14:24:46,273 [ForkJoinPool.commonPool-worker-1] INFO  impl.StateMachineUpdater (StateMachineUpdater.java:stopAndJoin(115)) - StateMachineUpdater:c0a66530-d43a-4ae5-bdbb-2b9936068aaa:group-D05775D47748: set stopIndex = 0
2019-09-20 14:24:46,274 [main] INFO  segmented.SegmentedRaftLogWorker (SegmentedRaftLogWorker.java:close(228)) - e0033df1-dced-4562-b4c4-a94a3cb6c131-SegmentedRaftLogWorker:Storage Directory /workdir/hadoop-ozone/ozonefs/target/test-dir/MiniOzoneClusterImpl-72e1902e-de17-4929-8ada-cc6049662493/datanode-7/data/ratis/35dc2cff-5090-42b3-a038-c76ff7cc60d5 close()
2019-09-20 14:24:46,274 [ForkJoinPool.commonPool-worker-1] INFO  impl.RaftServerImpl (ServerState.java:close(394)) - c0a66530-d43a-4ae5-bdbb-2b9936068aaa:group-D05775D47748 closes. The last applied log index is 0
2019-09-20 14:24:46,274 [main] INFO  server.GrpcService (GrpcService.java:closeImpl(155)) - e0033df1-dced-4562-b4c4-a94a3cb6c131: shutdown server with port 39317 now
2019-09-20 14:24:46,274 [c0a66530-d43a-4ae5-bdbb-2b9936068aaa-SegmentedRaftLogWorker:Storage Directory /workdir/hadoop-ozone/ozonefs/target/test-dir/MiniOzoneClusterImpl-72e1902e-de17-4929-8ada-cc6049662493/datanode-1/data/ratis/ab1be86c-913a-40bb-8442-d05775d47748] INFO  segmented.SegmentedRaftLogWorker (SegmentedRaftLogWorker.java:run(313)) - c0a66530-d43a-4ae5-bdbb-2b9936068aaa-SegmentedRaftLogWorker:Storage Directory /workdir/hadoop-ozone/ozonefs/target/test-dir/MiniOzoneClusterImpl-72e1902e-de17-4929-8ada-cc6049662493/datanode-1/data/ratis/ab1be86c-913a-40bb-8442-d05775d47748 was interrupted, exiting. There are 0 tasks remaining in the queue.
2019-09-20 14:24:46,277 [ForkJoinPool.commonPool-worker-1] INFO  segmented.SegmentedRaftLogWorker (SegmentedRaftLogWorker.java:close(228)) - c0a66530-d43a-4ae5-bdbb-2b9936068aaa-SegmentedRaftLogWorker:Storage Directory /workdir/hadoop-ozone/ozonefs/target/test-dir/MiniOzoneClusterImpl-72e1902e-de17-4929-8ada-cc6049662493/datanode-1/data/ratis/ab1be86c-913a-40bb-8442-d05775d47748 close()
2019-09-20 14:24:46,277 [main] INFO  server.GrpcService (GrpcService.java:closeImpl(163)) - e0033df1-dced-4562-b4c4-a94a3cb6c131: shutdown server with port 39317 successfully
2019-09-20 14:24:46,277 [ForkJoinPool.commonPool-worker-1] INFO  server.GrpcService (GrpcService.java:closeImpl(155)) - c0a66530-d43a-4ae5-bdbb-2b9936068aaa: shutdown server with port 34723 now
2019-09-20 14:24:46,279 [ForkJoinPool.commonPool-worker-1] INFO  server.GrpcService (GrpcService.java:closeImpl(163)) - c0a66530-d43a-4ae5-bdbb-2b9936068aaa: shutdown server with port 34723 successfully
2019-09-20 14:24:46,280 [main] INFO  utils.BackgroundService (BackgroundService.java:shutdown(148)) - Shutting down service BlockDeletingService
2019-09-20 14:24:46,282 [refreshUsed-/workdir/hadoop-ozone/ozonefs/target/test-dir/MiniOzoneClusterImpl-72e1902e-de17-4929-8ada-cc6049662493/datanode-7/data/containers] WARN  fs.CachingGetSpaceUsed (CachingGetSpaceUsed.java:run(183)) - Thread Interrupted waiting to refresh disk information: sleep interrupted
2019-09-20 14:24:46,284 [ForkJoinPool.commonPool-worker-1] INFO  utils.BackgroundService (BackgroundService.java:shutdown(148)) - Shutting down service BlockDeletingService
2019-09-20 14:24:46,285 [refreshUsed-/workdir/hadoop-ozone/ozonefs/target/test-dir/MiniOzoneClusterImpl-72e1902e-de17-4929-8ada-cc6049662493/datanode-1/data/containers] WARN  fs.CachingGetSpaceUsed (CachingGetSpaceUsed.java:run(183)) - Thread Interrupted waiting to refresh disk information: sleep interrupted
2019-09-20 14:24:46,320 [ForkJoinPool.commonPool-worker-1] INFO  statemachine.DatanodeStateMachine (DatanodeStateMachine.java:stopDaemon(395)) - Ozone container server stopped.
2019-09-20 14:24:46,322 [ForkJoinPool.commonPool-worker-1] INFO  handler.ContextHandler (ContextHandler.java:doStop(910)) - Stopped o.e.j.w.WebAppContext@475f5672{/,null,UNAVAILABLE}{/hddsDatanode}
2019-09-20 14:24:46,324 [main] INFO  statemachine.DatanodeStateMachine (DatanodeStateMachine.java:stopDaemon(395)) - Ozone container server stopped.
2019-09-20 14:24:46,325 [ForkJoinPool.commonPool-worker-1] INFO  server.AbstractConnector (AbstractConnector.java:doStop(318)) - Stopped ServerConnector@616a06e3{HTTP/1.1,[http/1.1]}{0.0.0.0:0}
2019-09-20 14:24:46,326 [ForkJoinPool.commonPool-worker-1] INFO  handler.ContextHandler (ContextHandler.java:doStop(910)) - Stopped o.e.j.s.ServletContextHandler@7ce29a2d{/static,jar:file:/home/user/.m2/repository/org/apache/hadoop/hadoop-hdds-container-service/0.5.0-SNAPSHOT/hadoop-hdds-container-service-0.5.0-SNAPSHOT.jar!/webapps/static,UNAVAILABLE}
2019-09-20 14:24:46,327 [ForkJoinPool.commonPool-worker-1] INFO  handler.ContextHandler (ContextHandler.java:doStop(910)) - Stopped o.e.j.s.ServletContextHandler@62d40e31{/logs,file:///workdir/hadoop-ozone/ozonefs/target/log,UNAVAILABLE}
2019-09-20 14:24:46,327 [main] INFO  handler.ContextHandler (ContextHandler.java:doStop(910)) - Stopped o.e.j.w.WebAppContext@45571cfc{/,null,UNAVAILABLE}{/hddsDatanode}
2019-09-20 14:24:46,328 [main] INFO  server.AbstractConnector (AbstractConnector.java:doStop(318)) - Stopped ServerConnector@faec277{HTTP/1.1,[http/1.1]}{0.0.0.0:0}
2019-09-20 14:24:46,329 [main] INFO  handler.ContextHandler (ContextHandler.java:doStop(910)) - Stopped o.e.j.s.ServletContextHandler@6f0a4e30{/static,jar:file:/home/user/.m2/repository/org/apache/hadoop/hadoop-hdds-container-service/0.5.0-SNAPSHOT/hadoop-hdds-container-service-0.5.0-SNAPSHOT.jar!/webapps/static,UNAVAILABLE}
2019-09-20 14:24:46,329 [main] INFO  handler.ContextHandler (ContextHandler.java:doStop(910)) - Stopped o.e.j.s.ServletContextHandler@e972ee1{/logs,file:///workdir/hadoop-ozone/ozonefs/target/log,UNAVAILABLE}
2019-09-20 14:24:46,330 [main] INFO  ozone.MiniOzoneClusterImpl (MiniOzoneClusterImpl.java:stop(353)) - Stopping the StorageContainerManager
2019-09-20 14:24:46,330 [main] INFO  server.StorageContainerManager (StorageContainerManager.java:stop(797)) - Stopping Replication Manager Service.
2019-09-20 14:24:46,331 [main] INFO  container.ReplicationManager (ReplicationManager.java:stop(192)) - Stopping Replication Monitor Thread.
2019-09-20 14:24:46,331 [main] INFO  server.StorageContainerManager (StorageContainerManager.java:stop(804)) - Stopping Lease Manager of the command watchers
2019-09-20 14:24:46,331 [main] INFO  server.StorageContainerManager (StorageContainerManager.java:stop(811)) - Stopping datanode service RPC server
2019-09-20 14:24:46,331 [main] INFO  server.SCMDatanodeProtocolServer (SCMDatanodeProtocolServer.java:stop(367)) - Stopping the RPC server for DataNodes
2019-09-20 14:24:46,332 [main] INFO  ipc.Server (Server.java:stop(3082)) - Stopping server on 45282
2019-09-20 14:24:46,332 [IPC Server listener on 45282] INFO  ipc.Server (Server.java:run(1185)) - Stopping IPC Server listener on 45282
2019-09-20 14:24:46,334 [IPC Server Responder] INFO  ipc.Server (Server.java:run(1319)) - Stopping IPC Server Responder
2019-09-20 14:24:46,374 [SCM Heartbeat Processing Thread - 0] WARN  node.NodeStateManager (NodeStateManager.java:scheduleNextHealthCheck(655)) - Current Thread is interrupted, shutting down HB processing thread for Node Manager.
2019-09-20 14:24:46,375 [main] INFO  server.StorageContainerManager (StorageContainerManager.java:stop(819)) - Stopping block service RPC server
2019-09-20 14:24:46,375 [main] INFO  server.SCMBlockProtocolServer (SCMBlockProtocolServer.java:stop(148)) - Stopping the RPC server for Block Protocol
2019-09-20 14:24:46,375 [main] INFO  ipc.Server (Server.java:stop(3082)) - Stopping server on 44990
2019-09-20 14:24:46,376 [IPC Server listener on 44990] INFO  ipc.Server (Server.java:run(1185)) - Stopping IPC Server listener on 44990
2019-09-20 14:24:46,376 [main] INFO  server.StorageContainerManager (StorageContainerManager.java:stop(826)) - Stopping the StorageContainerLocationProtocol RPC server
2019-09-20 14:24:46,377 [main] INFO  server.SCMClientProtocolServer (SCMClientProtocolServer.java:stop(159)) - Stopping the RPC server for Client Protocol
2019-09-20 14:24:46,378 [IPC Server Responder] INFO  ipc.Server (Server.java:run(1319)) - Stopping IPC Server Responder
2019-09-20 14:24:46,378 [main] INFO  ipc.Server (Server.java:stop(3082)) - Stopping server on 38973
2019-09-20 14:24:46,380 [IPC Server listener on 38973] INFO  ipc.Server (Server.java:run(1185)) - Stopping IPC Server listener on 38973
2019-09-20 14:24:46,380 [main] INFO  server.StorageContainerManager (StorageContainerManager.java:stop(833)) - Stopping Storage Container Manager HTTP server.
2019-09-20 14:24:46,381 [IPC Server Responder] INFO  ipc.Server (Server.java:run(1319)) - Stopping IPC Server Responder
2019-09-20 14:24:46,382 [main] INFO  handler.ContextHandler (ContextHandler.java:doStop(910)) - Stopped o.e.j.w.WebAppContext@433ffad1{/,null,UNAVAILABLE}{/scm}
2019-09-20 14:24:46,383 [main] INFO  server.AbstractConnector (AbstractConnector.java:doStop(318)) - Stopped ServerConnector@46cf05f7{HTTP/1.1,[http/1.1]}{0.0.0.0:0}
2019-09-20 14:24:46,384 [main] INFO  handler.ContextHandler (ContextHandler.java:doStop(910)) - Stopped o.e.j.s.ServletContextHandler@25b2cfcb{/static,jar:file:/home/user/.m2/repository/org/apache/hadoop/hadoop-hdds-server-scm/0.5.0-SNAPSHOT/hadoop-hdds-server-scm-0.5.0-SNAPSHOT.jar!/webapps/static,UNAVAILABLE}
2019-09-20 14:24:46,384 [main] INFO  handler.ContextHandler (ContextHandler.java:doStop(910)) - Stopped o.e.j.s.ServletContextHandler@6aecbb8d{/logs,file:///workdir/hadoop-ozone/ozonefs/target/log,UNAVAILABLE}
2019-09-20 14:24:46,386 [main] INFO  server.StorageContainerManager (StorageContainerManager.java:stop(844)) - Stopping Block Manager Service.
2019-09-20 14:24:46,386 [main] INFO  utils.BackgroundService (BackgroundService.java:shutdown(148)) - Shutting down service SCMBlockDeletingService
2019-09-20 14:24:46,386 [main] INFO  utils.BackgroundService (BackgroundService.java:shutdown(148)) - Shutting down service SCMBlockDeletingService
2019-09-20 14:24:46,387 [main] INFO  server.StorageContainerManager (StorageContainerManager.java:stop(866)) - Stopping SCM Event Queue.
2019-09-20 14:24:46,395 [main] INFO  impl.MetricsSystemImpl (MetricsSystemImpl.java:stop(210)) - Stopping HddsDatanode metrics system...
2019-09-20 14:24:46,407 [main] INFO  impl.MetricsSystemImpl (MetricsSystemImpl.java:stop(216)) - HddsDatanode metrics system stopped.
]]></system-out>
    <system-err><![CDATA[Sep 20, 2019 2:24:02 PM com.sun.jersey.server.impl.application.WebApplicationImpl _initiate
INFO: Initiating Jersey application, version 'Jersey: 1.19 02/11/2015 03:25 AM'
Sep 20, 2019 2:24:03 PM com.sun.jersey.server.impl.application.WebApplicationImpl _initiate
INFO: Initiating Jersey application, version 'Jersey: 1.19 02/11/2015 03:25 AM'
Sep 20, 2019 2:24:03 PM com.sun.jersey.server.impl.application.WebApplicationImpl _initiate
INFO: Initiating Jersey application, version 'Jersey: 1.19 02/11/2015 03:25 AM'
Sep 20, 2019 2:24:03 PM com.sun.jersey.server.impl.application.WebApplicationImpl _initiate
INFO: Initiating Jersey application, version 'Jersey: 1.19 02/11/2015 03:25 AM'
Sep 20, 2019 2:24:04 PM com.sun.jersey.server.impl.application.WebApplicationImpl _initiate
INFO: Initiating Jersey application, version 'Jersey: 1.19 02/11/2015 03:25 AM'
Sep 20, 2019 2:24:04 PM com.sun.jersey.server.impl.application.WebApplicationImpl _initiate
INFO: Initiating Jersey application, version 'Jersey: 1.19 02/11/2015 03:25 AM'
Sep 20, 2019 2:24:04 PM com.sun.jersey.server.impl.application.WebApplicationImpl _initiate
INFO: Initiating Jersey application, version 'Jersey: 1.19 02/11/2015 03:25 AM'
Sep 20, 2019 2:24:05 PM com.sun.jersey.server.impl.application.WebApplicationImpl _initiate
INFO: Initiating Jersey application, version 'Jersey: 1.19 02/11/2015 03:25 AM'
Sep 20, 2019 2:24:05 PM com.sun.jersey.server.impl.application.WebApplicationImpl _initiate
INFO: Initiating Jersey application, version 'Jersey: 1.19 02/11/2015 03:25 AM'
Sep 20, 2019 2:24:05 PM com.sun.jersey.server.impl.application.WebApplicationImpl _initiate
INFO: Initiating Jersey application, version 'Jersey: 1.19 02/11/2015 03:25 AM'
Sep 20, 2019 2:24:10 PM com.sun.jersey.server.impl.application.WebApplicationImpl _initiate
INFO: Initiating Jersey application, version 'Jersey: 1.19 02/11/2015 03:25 AM'
]]></system-err>
  </testcase>
</testsuite>