<?xml version="1.0" encoding="UTF-8"?>
<testsuite xmlns:xsi="http://www.w3.org/2001/XMLSchema-instance" xsi:noNamespaceSchemaLocation="https://maven.apache.org/surefire/maven-surefire-plugin/xsd/surefire-test-report.xsd" name="org.apache.hadoop.ozone.freon.TestDataValidateWithSafeByteOperations" time="55.212" tests="3" errors="1" skipped="0" failures="0">
  <properties>
    <property name="awt.toolkit" value="sun.awt.X11.XToolkit"/>
    <property name="file.encoding.pkg" value="sun.io"/>
    <property name="java.specification.version" value="1.8"/>
    <property name="sun.cpu.isalist" value=""/>
    <property name="sun.jnu.encoding" value="UTF-8"/>
    <property name="java.class.path" value="/workdir/hadoop-ozone/tools/target/test-classes:/workdir/hadoop-ozone/tools/target/classes:/home/user/.m2/repository/org/apache/hadoop/hadoop-ozone-ozone-manager/0.5.0-SNAPSHOT/hadoop-ozone-ozone-manager-0.5.0-SNAPSHOT.jar:/home/user/.m2/repository/org/apache/hadoop/hadoop-hdds-docs/0.5.0-SNAPSHOT/hadoop-hdds-docs-0.5.0-SNAPSHOT.jar:/home/user/.m2/repository/org/bouncycastle/bcprov-jdk15on/1.60/bcprov-jdk15on-1.60.jar:/home/user/.m2/repository/org/apache/hadoop/hadoop-ozone-common/0.5.0-SNAPSHOT/hadoop-ozone-common-0.5.0-SNAPSHOT.jar:/home/user/.m2/repository/org/apache/commons/commons-compress/1.4.1/commons-compress-1.4.1.jar:/home/user/.m2/repository/org/tukaani/xz/1.0/xz-1.0.jar:/home/user/.m2/repository/org/apache/hadoop/hadoop-hdfs-client/3.2.0/hadoop-hdfs-client-3.2.0.jar:/home/user/.m2/repository/com/fasterxml/jackson/core/jackson-annotations/2.9.5/jackson-annotations-2.9.5.jar:/home/user/.m2/repository/org/apache/hadoop/hadoop-hdds-common/0.5.0-SNAPSHOT/hadoop-hdds-common-0.5.0-SNAPSHOT.jar:/home/user/.m2/repository/org/apache/hadoop/hadoop-hdds-config/0.5.0-SNAPSHOT/hadoop-hdds-config-0.5.0-SNAPSHOT.jar:/home/user/.m2/repository/javax/annotation/javax.annotation-api/1.2/javax.annotation-api-1.2.jar:/home/user/.m2/repository/org/apache/ratis/ratis-server/0.4.0-2337318-SNAPSHOT/ratis-server-0.4.0-2337318-SNAPSHOT.jar:/home/user/.m2/repository/org/apache/ratis/ratis-thirdparty-misc/0.2.0/ratis-thirdparty-misc-0.2.0.jar:/home/user/.m2/repository/org/apache/ratis/ratis-proto/0.4.0-2337318-SNAPSHOT/ratis-proto-0.4.0-2337318-SNAPSHOT.jar:/home/user/.m2/repository/org/apache/ratis/ratis-common/0.4.0-2337318-SNAPSHOT/ratis-common-0.4.0-2337318-SNAPSHOT.jar:/home/user/.m2/repository/org/apache/ratis/ratis-client/0.4.0-2337318-SNAPSHOT/ratis-client-0.4.0-2337318-SNAPSHOT.jar:/home/user/.m2/repository/org/apache/ratis/ratis-metrics/0.4.0-2337318-SNAPSHOT/ratis-metrics-0.4.0-2337318-SNAPSHOT.jar:/home/user/.m2/repository/org/apache/ratis/ratis-netty/0.4.0-2337318-SNAPSHOT/ratis-netty-0.4.0-2337318-SNAPSHOT.jar:/home/user/.m2/repository/org/apache/ratis/ratis-grpc/0.4.0-2337318-SNAPSHOT/ratis-grpc-0.4.0-2337318-SNAPSHOT.jar:/home/user/.m2/repository/org/rocksdb/rocksdbjni/6.0.1/rocksdbjni-6.0.1.jar:/home/user/.m2/repository/org/apache/logging/log4j/log4j-api/2.11.0/log4j-api-2.11.0.jar:/home/user/.m2/repository/org/apache/logging/log4j/log4j-core/2.11.0/log4j-core-2.11.0.jar:/home/user/.m2/repository/com/lmax/disruptor/3.4.2/disruptor-3.4.2.jar:/home/user/.m2/repository/org/apache/commons/commons-pool2/2.6.0/commons-pool2-2.6.0.jar:/home/user/.m2/repository/org/bouncycastle/bcpkix-jdk15on/1.60/bcpkix-jdk15on-1.60.jar:/home/user/.m2/repository/commons-validator/commons-validator/1.6/commons-validator-1.6.jar:/home/user/.m2/repository/commons-digester/commons-digester/1.8.1/commons-digester-1.8.1.jar:/home/user/.m2/repository/io/jaegertracing/jaeger-client/0.33.1/jaeger-client-0.33.1.jar:/home/user/.m2/repository/io/jaegertracing/jaeger-thrift/0.33.1/jaeger-thrift-0.33.1.jar:/home/user/.m2/repository/org/apache/thrift/libthrift/0.11.0/libthrift-0.11.0.jar:/home/user/.m2/repository/com/squareup/okhttp3/okhttp/3.9.0/okhttp-3.9.0.jar:/home/user/.m2/repository/com/squareup/okio/okio/1.13.0/okio-1.13.0.jar:/home/user/.m2/repository/io/jaegertracing/jaeger-core/0.33.1/jaeger-core-0.33.1.jar:/home/user/.m2/repository/io/jaegertracing/jaeger-tracerresolver/0.33.1/jaeger-tracerresolver-0.33.1.jar:/home/user/.m2/repository/io/opentracing/contrib/opentracing-tracerresolver/0.1.5/opentracing-tracerresolver-0.1.5.jar:/home/user/.m2/repository/io/opentracing/opentracing-util/0.31.0/opentracing-util-0.31.0.jar:/home/user/.m2/repository/io/opentracing/opentracing-api/0.31.0/opentracing-api-0.31.0.jar:/home/user/.m2/repository/io/opentracing/opentracing-noop/0.31.0/opentracing-noop-0.31.0.jar:/home/user/.m2/repository/org/yaml/snakeyaml/1.16/snakeyaml-1.16.jar:/home/user/.m2/repository/org/apache/hadoop/hadoop-hdds-container-service/0.5.0-SNAPSHOT/hadoop-hdds-container-service-0.5.0-SNAPSHOT.jar:/home/user/.m2/repository/org/apache/hadoop/hadoop-hdds-client/0.5.0-SNAPSHOT/hadoop-hdds-client-0.5.0-SNAPSHOT.jar:/home/user/.m2/repository/org/apache/hadoop/hadoop-hdds-tools/0.5.0-SNAPSHOT/hadoop-hdds-tools-0.5.0-SNAPSHOT.jar:/home/user/.m2/repository/org/xerial/sqlite-jdbc/3.25.2/sqlite-jdbc-3.25.2.jar:/home/user/.m2/repository/org/apache/hadoop/hadoop-hdds-server-scm/0.5.0-SNAPSHOT/hadoop-hdds-server-scm-0.5.0-SNAPSHOT.jar:/home/user/.m2/repository/org/hamcrest/hamcrest-all/1.3/hamcrest-all-1.3.jar:/home/user/.m2/repository/info/picocli/picocli/3.9.6/picocli-3.9.6.jar:/home/user/.m2/repository/com/google/protobuf/protobuf-java/2.5.0/protobuf-java-2.5.0.jar:/home/user/.m2/repository/com/google/guava/guava/11.0.2/guava-11.0.2.jar:/home/user/.m2/repository/org/apache/hadoop/hadoop-ozone-client/0.5.0-SNAPSHOT/hadoop-ozone-client-0.5.0-SNAPSHOT.jar:/workdir/hadoop-ozone/ozonefs/target/classes:/home/user/.m2/repository/org/apache/hadoop/hadoop-hdds-server-framework/0.5.0-SNAPSHOT/hadoop-hdds-server-framework-0.5.0-SNAPSHOT.jar:/home/user/.m2/repository/org/apache/hadoop/hadoop-common/3.2.0/hadoop-common-3.2.0.jar:/home/user/.m2/repository/org/apache/hadoop/hadoop-annotations/3.2.0/hadoop-annotations-3.2.0.jar:/usr/lib/jvm/java-1.8-openjdk/jre/../lib/tools.jar:/home/user/.m2/repository/commons-cli/commons-cli/1.2/commons-cli-1.2.jar:/home/user/.m2/repository/org/apache/commons/commons-math3/3.1.1/commons-math3-3.1.1.jar:/home/user/.m2/repository/org/apache/httpcomponents/httpclient/4.5.2/httpclient-4.5.2.jar:/home/user/.m2/repository/org/apache/httpcomponents/httpcore/4.4.4/httpcore-4.4.4.jar:/home/user/.m2/repository/commons-codec/commons-codec/1.11/commons-codec-1.11.jar:/home/user/.m2/repository/commons-io/commons-io/2.5/commons-io-2.5.jar:/home/user/.m2/repository/commons-net/commons-net/3.6/commons-net-3.6.jar:/home/user/.m2/repository/commons-collections/commons-collections/3.2.2/commons-collections-3.2.2.jar:/home/user/.m2/repository/javax/servlet/javax.servlet-api/3.1.0/javax.servlet-api-3.1.0.jar:/home/user/.m2/repository/org/eclipse/jetty/jetty-server/9.3.24.v20180605/jetty-server-9.3.24.v20180605.jar:/home/user/.m2/repository/org/eclipse/jetty/jetty-http/9.3.24.v20180605/jetty-http-9.3.24.v20180605.jar:/home/user/.m2/repository/org/eclipse/jetty/jetty-io/9.3.24.v20180605/jetty-io-9.3.24.v20180605.jar:/home/user/.m2/repository/org/eclipse/jetty/jetty-util/9.3.24.v20180605/jetty-util-9.3.24.v20180605.jar:/home/user/.m2/repository/org/eclipse/jetty/jetty-servlet/9.3.24.v20180605/jetty-servlet-9.3.24.v20180605.jar:/home/user/.m2/repository/org/eclipse/jetty/jetty-security/9.3.24.v20180605/jetty-security-9.3.24.v20180605.jar:/home/user/.m2/repository/org/eclipse/jetty/jetty-webapp/9.3.24.v20180605/jetty-webapp-9.3.24.v20180605.jar:/home/user/.m2/repository/org/eclipse/jetty/jetty-xml/9.3.24.v20180605/jetty-xml-9.3.24.v20180605.jar:/home/user/.m2/repository/javax/servlet/jsp/jsp-api/2.1/jsp-api-2.1.jar:/home/user/.m2/repository/com/sun/jersey/jersey-core/1.19/jersey-core-1.19.jar:/home/user/.m2/repository/javax/ws/rs/jsr311-api/1.1.1/jsr311-api-1.1.1.jar:/home/user/.m2/repository/com/sun/jersey/jersey-servlet/1.19/jersey-servlet-1.19.jar:/home/user/.m2/repository/com/sun/jersey/jersey-json/1.19/jersey-json-1.19.jar:/home/user/.m2/repository/org/codehaus/jettison/jettison/1.1/jettison-1.1.jar:/home/user/.m2/repository/com/sun/xml/bind/jaxb-impl/2.3.0.1/jaxb-impl-2.3.0.1.jar:/home/user/.m2/repository/org/codehaus/jackson/jackson-core-asl/1.9.13/jackson-core-asl-1.9.13.jar:/home/user/.m2/repository/org/codehaus/jackson/jackson-mapper-asl/1.9.13/jackson-mapper-asl-1.9.13.jar:/home/user/.m2/repository/org/codehaus/jackson/jackson-jaxrs/1.9.13/jackson-jaxrs-1.9.13.jar:/home/user/.m2/repository/org/codehaus/jackson/jackson-xc/1.9.13/jackson-xc-1.9.13.jar:/home/user/.m2/repository/com/sun/jersey/jersey-server/1.19/jersey-server-1.19.jar:/home/user/.m2/repository/commons-logging/commons-logging/1.1.3/commons-logging-1.1.3.jar:/home/user/.m2/repository/log4j/log4j/1.2.17/log4j-1.2.17.jar:/home/user/.m2/repository/commons-beanutils/commons-beanutils/1.9.3/commons-beanutils-1.9.3.jar:/home/user/.m2/repository/org/apache/commons/commons-configuration2/2.1.1/commons-configuration2-2.1.1.jar:/home/user/.m2/repository/org/apache/commons/commons-lang3/3.7/commons-lang3-3.7.jar:/home/user/.m2/repository/org/apache/commons/commons-text/1.4/commons-text-1.4.jar:/home/user/.m2/repository/org/slf4j/slf4j-api/1.7.25/slf4j-api-1.7.25.jar:/home/user/.m2/repository/org/slf4j/slf4j-log4j12/1.7.25/slf4j-log4j12-1.7.25.jar:/home/user/.m2/repository/org/apache/avro/avro/1.7.7/avro-1.7.7.jar:/home/user/.m2/repository/com/thoughtworks/paranamer/paranamer/2.3/paranamer-2.3.jar:/home/user/.m2/repository/org/xerial/snappy/snappy-java/1.0.5/snappy-java-1.0.5.jar:/home/user/.m2/repository/com/google/re2j/re2j/1.1/re2j-1.1.jar:/home/user/.m2/repository/com/google/code/gson/gson/2.2.4/gson-2.2.4.jar:/home/user/.m2/repository/org/apache/hadoop/hadoop-auth/3.2.0/hadoop-auth-3.2.0.jar:/home/user/.m2/repository/com/nimbusds/nimbus-jose-jwt/4.41.1/nimbus-jose-jwt-4.41.1.jar:/home/user/.m2/repository/com/github/stephenc/jcip/jcip-annotations/1.0-1/jcip-annotations-1.0-1.jar:/home/user/.m2/repository/net/minidev/json-smart/2.3/json-smart-2.3.jar:/home/user/.m2/repository/net/minidev/accessors-smart/1.2/accessors-smart-1.2.jar:/home/user/.m2/repository/org/apache/curator/curator-framework/2.12.0/curator-framework-2.12.0.jar:/home/user/.m2/repository/com/jcraft/jsch/0.1.54/jsch-0.1.54.jar:/home/user/.m2/repository/org/apache/curator/curator-client/2.12.0/curator-client-2.12.0.jar:/home/user/.m2/repository/org/apache/curator/curator-recipes/2.12.0/curator-recipes-2.12.0.jar:/home/user/.m2/repository/com/google/code/findbugs/jsr305/3.0.0/jsr305-3.0.0.jar:/home/user/.m2/repository/org/apache/htrace/htrace-core4/4.1.0-incubating/htrace-core4-4.1.0-incubating.jar:/home/user/.m2/repository/org/apache/zookeeper/zookeeper/3.4.13/zookeeper-3.4.13.jar:/home/user/.m2/repository/org/apache/yetus/audience-annotations/0.5.0/audience-annotations-0.5.0.jar:/home/user/.m2/repository/org/apache/kerby/kerb-simplekdc/1.0.1/kerb-simplekdc-1.0.1.jar:/home/user/.m2/repository/org/apache/kerby/kerb-client/1.0.1/kerb-client-1.0.1.jar:/home/user/.m2/repository/org/apache/kerby/kerby-config/1.0.1/kerby-config-1.0.1.jar:/home/user/.m2/repository/org/apache/kerby/kerb-core/1.0.1/kerb-core-1.0.1.jar:/home/user/.m2/repository/org/apache/kerby/kerby-pkix/1.0.1/kerby-pkix-1.0.1.jar:/home/user/.m2/repository/org/apache/kerby/kerby-asn1/1.0.1/kerby-asn1-1.0.1.jar:/home/user/.m2/repository/org/apache/kerby/kerby-util/1.0.1/kerby-util-1.0.1.jar:/home/user/.m2/repository/org/apache/kerby/kerb-common/1.0.1/kerb-common-1.0.1.jar:/home/user/.m2/repository/org/apache/kerby/kerb-crypto/1.0.1/kerb-crypto-1.0.1.jar:/home/user/.m2/repository/org/apache/kerby/kerb-util/1.0.1/kerb-util-1.0.1.jar:/home/user/.m2/repository/org/apache/kerby/token-provider/1.0.1/token-provider-1.0.1.jar:/home/user/.m2/repository/org/apache/kerby/kerb-admin/1.0.1/kerb-admin-1.0.1.jar:/home/user/.m2/repository/org/apache/kerby/kerb-server/1.0.1/kerb-server-1.0.1.jar:/home/user/.m2/repository/org/apache/kerby/kerb-identity/1.0.1/kerb-identity-1.0.1.jar:/home/user/.m2/repository/org/apache/kerby/kerby-xdr/1.0.1/kerby-xdr-1.0.1.jar:/home/user/.m2/repository/com/fasterxml/jackson/core/jackson-databind/2.9.5/jackson-databind-2.9.5.jar:/home/user/.m2/repository/com/fasterxml/jackson/core/jackson-core/2.9.5/jackson-core-2.9.5.jar:/home/user/.m2/repository/org/codehaus/woodstox/stax2-api/3.1.4/stax2-api-3.1.4.jar:/home/user/.m2/repository/com/fasterxml/woodstox/woodstox-core/5.0.3/woodstox-core-5.0.3.jar:/home/user/.m2/repository/dnsjava/dnsjava/2.1.7/dnsjava-2.1.7.jar:/home/user/.m2/repository/org/apache/hadoop/hadoop-hdfs/3.2.0/hadoop-hdfs-3.2.0.jar:/home/user/.m2/repository/org/eclipse/jetty/jetty-util-ajax/9.3.24.v20180605/jetty-util-ajax-9.3.24.v20180605.jar:/home/user/.m2/repository/commons-daemon/commons-daemon/1.0.13/commons-daemon-1.0.13.jar:/home/user/.m2/repository/io/netty/netty/3.10.5.Final/netty-3.10.5.Final.jar:/home/user/.m2/repository/io/netty/netty-all/4.0.52.Final/netty-all-4.0.52.Final.jar:/home/user/.m2/repository/org/fusesource/leveldbjni/leveldbjni-all/1.8/leveldbjni-all-1.8.jar:/home/user/.m2/repository/com/sun/xml/bind/jaxb-core/2.3.0.1/jaxb-core-2.3.0.1.jar:/home/user/.m2/repository/javax/xml/bind/jaxb-api/2.3.0/jaxb-api-2.3.0.jar:/home/user/.m2/repository/javax/activation/activation/1.1.1/activation-1.1.1.jar:/home/user/.m2/repository/io/dropwizard/metrics/metrics-core/3.2.4/metrics-core-3.2.4.jar:/home/user/.m2/repository/org/openjdk/jmh/jmh-core/1.19/jmh-core-1.19.jar:/home/user/.m2/repository/net/sf/jopt-simple/jopt-simple/4.6/jopt-simple-4.6.jar:/home/user/.m2/repository/org/openjdk/jmh/jmh-generator-annprocess/1.19/jmh-generator-annprocess-1.19.jar:/home/user/.m2/repository/com/google/code/findbugs/findbugs/3.0.1/findbugs-3.0.1.jar:/home/user/.m2/repository/net/jcip/jcip-annotations/1.0/jcip-annotations-1.0.jar:/home/user/.m2/repository/com/google/code/findbugs/bcel-findbugs/6.0/bcel-findbugs-6.0.jar:/home/user/.m2/repository/com/google/code/findbugs/jFormatString/2.0.1/jFormatString-2.0.1.jar:/home/user/.m2/repository/dom4j/dom4j/1.6.1/dom4j-1.6.1.jar:/home/user/.m2/repository/xml-apis/xml-apis/1.0.b2/xml-apis-1.0.b2.jar:/home/user/.m2/repository/org/ow2/asm/asm-debug-all/5.0.2/asm-debug-all-5.0.2.jar:/home/user/.m2/repository/org/ow2/asm/asm-commons/5.0.2/asm-commons-5.0.2.jar:/home/user/.m2/repository/org/ow2/asm/asm-tree/5.0.2/asm-tree-5.0.2.jar:/home/user/.m2/repository/org/ow2/asm/asm/5.0.4/asm-5.0.4.jar:/home/user/.m2/repository/commons-lang/commons-lang/2.6/commons-lang-2.6.jar:/home/user/.m2/repository/com/apple/AppleJavaExtensions/1.4/AppleJavaExtensions-1.4.jar:/home/user/.m2/repository/jaxen/jaxen/1.1.6/jaxen-1.1.6.jar:/home/user/.m2/repository/junit/junit/4.11/junit-4.11.jar:/home/user/.m2/repository/org/hamcrest/hamcrest-core/1.3/hamcrest-core-1.3.jar:/home/user/.m2/repository/org/apache/hadoop/hadoop-common/3.2.0/hadoop-common-3.2.0-tests.jar:/workdir/hadoop-ozone/integration-test/target/test-classes:/home/user/.m2/repository/org/apache/hadoop/hadoop-ozone-objectstore-service/0.5.0-SNAPSHOT/hadoop-ozone-objectstore-service-0.5.0-SNAPSHOT.jar:/home/user/.m2/repository/org/apache/hadoop/hadoop-ozone-s3gateway/0.5.0-SNAPSHOT/hadoop-ozone-s3gateway-0.5.0-SNAPSHOT.jar:/home/user/.m2/repository/org/jboss/weld/servlet/weld-servlet/2.4.7.Final/weld-servlet-2.4.7.Final.jar:/home/user/.m2/repository/org/glassfish/jersey/containers/jersey-container-servlet-core/2.27/jersey-container-servlet-core-2.27.jar:/home/user/.m2/repository/org/glassfish/hk2/external/javax.inject/2.5.0-b42/javax.inject-2.5.0-b42.jar:/home/user/.m2/repository/org/glassfish/jersey/core/jersey-common/2.27/jersey-common-2.27.jar:/home/user/.m2/repository/org/glassfish/hk2/osgi-resource-locator/1.0.1/osgi-resource-locator-1.0.1.jar:/home/user/.m2/repository/javax/ws/rs/javax.ws.rs-api/2.1/javax.ws.rs-api-2.1.jar:/home/user/.m2/repository/org/glassfish/jersey/ext/cdi/jersey-cdi1x/2.27/jersey-cdi1x-2.27.jar:/home/user/.m2/repository/org/glassfish/jersey/inject/jersey-hk2/2.27/jersey-hk2-2.27.jar:/home/user/.m2/repository/org/glassfish/hk2/hk2-locator/2.5.0-b42/hk2-locator-2.5.0-b42.jar:/home/user/.m2/repository/org/javassist/javassist/3.22.0-CR2/javassist-3.22.0-CR2.jar:/home/user/.m2/repository/org/glassfish/hk2/hk2-api/2.5.0/hk2-api-2.5.0.jar:/home/user/.m2/repository/org/glassfish/hk2/external/jakarta.inject/2.5.0/jakarta.inject-2.5.0.jar:/home/user/.m2/repository/org/glassfish/hk2/hk2-utils/2.5.0/hk2-utils-2.5.0.jar:/home/user/.m2/repository/jakarta/annotation/jakarta.annotation-api/1.3.4/jakarta.annotation-api-1.3.4.jar:/home/user/.m2/repository/org/glassfish/hk2/external/aopalliance-repackaged/2.5.0/aopalliance-repackaged-2.5.0.jar:/home/user/.m2/repository/com/fasterxml/jackson/dataformat/jackson-dataformat-xml/2.9.0/jackson-dataformat-xml-2.9.0.jar:/home/user/.m2/repository/com/fasterxml/jackson/module/jackson-module-jaxb-annotations/2.9.5/jackson-module-jaxb-annotations-2.9.5.jar:/home/user/.m2/repository/javax/enterprise/cdi-api/1.2/cdi-api-1.2.jar:/home/user/.m2/repository/javax/el/javax.el-api/3.0.0/javax.el-api-3.0.0.jar:/home/user/.m2/repository/javax/interceptor/javax.interceptor-api/1.2/javax.interceptor-api-1.2.jar:/home/user/.m2/repository/javax/inject/javax.inject/1/javax.inject-1.jar:/home/user/.m2/repository/org/apache/hadoop/hadoop-ozone-csi/0.5.0-SNAPSHOT/hadoop-ozone-csi-0.5.0-SNAPSHOT.jar:/home/user/.m2/repository/com/google/protobuf/protobuf-java-util/3.5.1/protobuf-java-util-3.5.1.jar:/home/user/.m2/repository/io/grpc/grpc-netty/1.17.1/grpc-netty-1.17.1.jar:/home/user/.m2/repository/io/grpc/grpc-core/1.17.1/grpc-core-1.17.1.jar:/home/user/.m2/repository/io/grpc/grpc-context/1.17.1/grpc-context-1.17.1.jar:/home/user/.m2/repository/com/google/errorprone/error_prone_annotations/2.2.0/error_prone_annotations-2.2.0.jar:/home/user/.m2/repository/org/codehaus/mojo/animal-sniffer-annotations/1.17/animal-sniffer-annotations-1.17.jar:/home/user/.m2/repository/io/opencensus/opencensus-api/0.17.0/opencensus-api-0.17.0.jar:/home/user/.m2/repository/io/opencensus/opencensus-contrib-grpc-metrics/0.17.0/opencensus-contrib-grpc-metrics-0.17.0.jar:/home/user/.m2/repository/io/netty/netty-codec-http2/4.1.30.Final/netty-codec-http2-4.1.30.Final.jar:/home/user/.m2/repository/io/netty/netty-codec-http/4.1.30.Final/netty-codec-http-4.1.30.Final.jar:/home/user/.m2/repository/io/netty/netty-codec/4.1.30.Final/netty-codec-4.1.30.Final.jar:/home/user/.m2/repository/io/netty/netty-handler/4.1.30.Final/netty-handler-4.1.30.Final.jar:/home/user/.m2/repository/io/netty/netty-handler-proxy/4.1.30.Final/netty-handler-proxy-4.1.30.Final.jar:/home/user/.m2/repository/io/netty/netty-codec-socks/4.1.30.Final/netty-codec-socks-4.1.30.Final.jar:/home/user/.m2/repository/io/netty/netty-transport-native-epoll/4.1.30.Final/netty-transport-native-epoll-4.1.30.Final.jar:/home/user/.m2/repository/io/netty/netty-common/4.1.30.Final/netty-common-4.1.30.Final.jar:/home/user/.m2/repository/io/netty/netty-buffer/4.1.30.Final/netty-buffer-4.1.30.Final.jar:/home/user/.m2/repository/io/netty/netty-transport/4.1.30.Final/netty-transport-4.1.30.Final.jar:/home/user/.m2/repository/io/netty/netty-resolver/4.1.30.Final/netty-resolver-4.1.30.Final.jar:/home/user/.m2/repository/io/netty/netty-transport-native-unix-common/4.1.30.Final/netty-transport-native-unix-common-4.1.30.Final.jar:/home/user/.m2/repository/io/grpc/grpc-protobuf/1.17.1/grpc-protobuf-1.17.1.jar:/home/user/.m2/repository/com/google/api/grpc/proto-google-common-protos/1.0.0/proto-google-common-protos-1.0.0.jar:/home/user/.m2/repository/io/grpc/grpc-protobuf-lite/1.17.1/grpc-protobuf-lite-1.17.1.jar:/home/user/.m2/repository/io/grpc/grpc-stub/1.17.1/grpc-stub-1.17.1.jar:/home/user/.m2/repository/org/apache/hadoop/hadoop-ozone-recon/0.5.0-SNAPSHOT/hadoop-ozone-recon-0.5.0-SNAPSHOT.jar:/home/user/.m2/repository/org/apache/hadoop/hadoop-ozone-reconcodegen/0.5.0-SNAPSHOT/hadoop-ozone-reconcodegen-0.5.0-SNAPSHOT.jar:/home/user/.m2/repository/com/google/inject/extensions/guice-multibindings/4.0/guice-multibindings-4.0.jar:/home/user/.m2/repository/com/google/inject/guice/4.0/guice-4.0.jar:/home/user/.m2/repository/aopalliance/aopalliance/1.0/aopalliance-1.0.jar:/home/user/.m2/repository/com/google/inject/extensions/guice-servlet/4.0/guice-servlet-4.0.jar:/home/user/.m2/repository/org/glassfish/jersey/containers/jersey-container-servlet/2.27/jersey-container-servlet-2.27.jar:/home/user/.m2/repository/org/glassfish/hk2/guice-bridge/2.5.0/guice-bridge-2.5.0.jar:/home/user/.m2/repository/org/glassfish/jersey/core/jersey-server/2.27/jersey-server-2.27.jar:/home/user/.m2/repository/org/glassfish/jersey/core/jersey-client/2.27/jersey-client-2.27.jar:/home/user/.m2/repository/org/glassfish/jersey/media/jersey-media-jaxb/2.27/jersey-media-jaxb-2.27.jar:/home/user/.m2/repository/javax/validation/validation-api/1.1.0.Final/validation-api-1.1.0.Final.jar:/home/user/.m2/repository/org/glassfish/jersey/media/jersey-media-json-jackson/2.27/jersey-media-json-jackson-2.27.jar:/home/user/.m2/repository/org/glassfish/jersey/ext/jersey-entity-filtering/2.27/jersey-entity-filtering-2.27.jar:/home/user/.m2/repository/com/google/inject/extensions/guice-assistedinject/4.0/guice-assistedinject-4.0.jar:/home/user/.m2/repository/org/jooq/jooq/3.11.10/jooq-3.11.10.jar:/home/user/.m2/repository/org/jooq/jooq-meta/3.11.10/jooq-meta-3.11.10.jar:/home/user/.m2/repository/org/jooq/jooq-codegen/3.11.10/jooq-codegen-3.11.10.jar:/home/user/.m2/repository/com/jolbox/bonecp/0.8.0.RELEASE/bonecp-0.8.0.RELEASE.jar:/home/user/.m2/repository/org/springframework/spring-jdbc/5.1.3.RELEASE/spring-jdbc-5.1.3.RELEASE.jar:/home/user/.m2/repository/org/springframework/spring-beans/5.1.3.RELEASE/spring-beans-5.1.3.RELEASE.jar:/home/user/.m2/repository/org/springframework/spring-core/5.1.3.RELEASE/spring-core-5.1.3.RELEASE.jar:/home/user/.m2/repository/org/springframework/spring-jcl/5.1.3.RELEASE/spring-jcl-5.1.3.RELEASE.jar:/home/user/.m2/repository/org/springframework/spring-tx/5.1.3.RELEASE/spring-tx-5.1.3.RELEASE.jar:/home/user/.m2/repository/org/mockito/mockito-core/2.15.0/mockito-core-2.15.0.jar:/home/user/.m2/repository/net/bytebuddy/byte-buddy/1.7.9/byte-buddy-1.7.9.jar:/home/user/.m2/repository/net/bytebuddy/byte-buddy-agent/1.7.9/byte-buddy-agent-1.7.9.jar:/home/user/.m2/repository/org/objenesis/objenesis/1.0/objenesis-1.0.jar:"/>
    <property name="java.vm.vendor" value="IcedTea"/>
    <property name="sun.arch.data.model" value="64"/>
    <property name="test.build.dir" value="/workdir/hadoop-ozone/tools/target/test-dir"/>
    <property name="test.cache.data" value=""/>
    <property name="java.vendor.url" value="https://icedtea.classpath.org"/>
    <property name="user.timezone" value=""/>
    <property name="java.vm.specification.version" value="1.8"/>
    <property name="os.name" value="Linux"/>
    <property name="test.build.data" value="/workdir/hadoop-ozone/tools/target/test-dir"/>
    <property name="user.country" value="US"/>
    <property name="sun.java.launcher" value="SUN_STANDARD"/>
    <property name="sun.boot.library.path" value="/usr/lib/jvm/java-1.8-openjdk/jre/lib/amd64"/>
    <property name="sun.java.command" value="/workdir/hadoop-ozone/tools/target/surefire/surefirebooter4077751875741617481.jar /workdir/hadoop-ozone/tools/target/surefire 2019-09-20T08-06-11_675-jvmRun1 surefire6550559813202003838tmp surefire_1234377741456151213068tmp"/>
    <property name="test" value="!TestMiniChaosOzoneCluster"/>
    <property name="surefire.test.class.path" value="/workdir/hadoop-ozone/tools/target/test-classes:/workdir/hadoop-ozone/tools/target/classes:/home/user/.m2/repository/org/apache/hadoop/hadoop-ozone-ozone-manager/0.5.0-SNAPSHOT/hadoop-ozone-ozone-manager-0.5.0-SNAPSHOT.jar:/home/user/.m2/repository/org/apache/hadoop/hadoop-hdds-docs/0.5.0-SNAPSHOT/hadoop-hdds-docs-0.5.0-SNAPSHOT.jar:/home/user/.m2/repository/org/bouncycastle/bcprov-jdk15on/1.60/bcprov-jdk15on-1.60.jar:/home/user/.m2/repository/org/apache/hadoop/hadoop-ozone-common/0.5.0-SNAPSHOT/hadoop-ozone-common-0.5.0-SNAPSHOT.jar:/home/user/.m2/repository/org/apache/commons/commons-compress/1.4.1/commons-compress-1.4.1.jar:/home/user/.m2/repository/org/tukaani/xz/1.0/xz-1.0.jar:/home/user/.m2/repository/org/apache/hadoop/hadoop-hdfs-client/3.2.0/hadoop-hdfs-client-3.2.0.jar:/home/user/.m2/repository/com/fasterxml/jackson/core/jackson-annotations/2.9.5/jackson-annotations-2.9.5.jar:/home/user/.m2/repository/org/apache/hadoop/hadoop-hdds-common/0.5.0-SNAPSHOT/hadoop-hdds-common-0.5.0-SNAPSHOT.jar:/home/user/.m2/repository/org/apache/hadoop/hadoop-hdds-config/0.5.0-SNAPSHOT/hadoop-hdds-config-0.5.0-SNAPSHOT.jar:/home/user/.m2/repository/javax/annotation/javax.annotation-api/1.2/javax.annotation-api-1.2.jar:/home/user/.m2/repository/org/apache/ratis/ratis-server/0.4.0-2337318-SNAPSHOT/ratis-server-0.4.0-2337318-SNAPSHOT.jar:/home/user/.m2/repository/org/apache/ratis/ratis-thirdparty-misc/0.2.0/ratis-thirdparty-misc-0.2.0.jar:/home/user/.m2/repository/org/apache/ratis/ratis-proto/0.4.0-2337318-SNAPSHOT/ratis-proto-0.4.0-2337318-SNAPSHOT.jar:/home/user/.m2/repository/org/apache/ratis/ratis-common/0.4.0-2337318-SNAPSHOT/ratis-common-0.4.0-2337318-SNAPSHOT.jar:/home/user/.m2/repository/org/apache/ratis/ratis-client/0.4.0-2337318-SNAPSHOT/ratis-client-0.4.0-2337318-SNAPSHOT.jar:/home/user/.m2/repository/org/apache/ratis/ratis-metrics/0.4.0-2337318-SNAPSHOT/ratis-metrics-0.4.0-2337318-SNAPSHOT.jar:/home/user/.m2/repository/org/apache/ratis/ratis-netty/0.4.0-2337318-SNAPSHOT/ratis-netty-0.4.0-2337318-SNAPSHOT.jar:/home/user/.m2/repository/org/apache/ratis/ratis-grpc/0.4.0-2337318-SNAPSHOT/ratis-grpc-0.4.0-2337318-SNAPSHOT.jar:/home/user/.m2/repository/org/rocksdb/rocksdbjni/6.0.1/rocksdbjni-6.0.1.jar:/home/user/.m2/repository/org/apache/logging/log4j/log4j-api/2.11.0/log4j-api-2.11.0.jar:/home/user/.m2/repository/org/apache/logging/log4j/log4j-core/2.11.0/log4j-core-2.11.0.jar:/home/user/.m2/repository/com/lmax/disruptor/3.4.2/disruptor-3.4.2.jar:/home/user/.m2/repository/org/apache/commons/commons-pool2/2.6.0/commons-pool2-2.6.0.jar:/home/user/.m2/repository/org/bouncycastle/bcpkix-jdk15on/1.60/bcpkix-jdk15on-1.60.jar:/home/user/.m2/repository/commons-validator/commons-validator/1.6/commons-validator-1.6.jar:/home/user/.m2/repository/commons-digester/commons-digester/1.8.1/commons-digester-1.8.1.jar:/home/user/.m2/repository/io/jaegertracing/jaeger-client/0.33.1/jaeger-client-0.33.1.jar:/home/user/.m2/repository/io/jaegertracing/jaeger-thrift/0.33.1/jaeger-thrift-0.33.1.jar:/home/user/.m2/repository/org/apache/thrift/libthrift/0.11.0/libthrift-0.11.0.jar:/home/user/.m2/repository/com/squareup/okhttp3/okhttp/3.9.0/okhttp-3.9.0.jar:/home/user/.m2/repository/com/squareup/okio/okio/1.13.0/okio-1.13.0.jar:/home/user/.m2/repository/io/jaegertracing/jaeger-core/0.33.1/jaeger-core-0.33.1.jar:/home/user/.m2/repository/io/jaegertracing/jaeger-tracerresolver/0.33.1/jaeger-tracerresolver-0.33.1.jar:/home/user/.m2/repository/io/opentracing/contrib/opentracing-tracerresolver/0.1.5/opentracing-tracerresolver-0.1.5.jar:/home/user/.m2/repository/io/opentracing/opentracing-util/0.31.0/opentracing-util-0.31.0.jar:/home/user/.m2/repository/io/opentracing/opentracing-api/0.31.0/opentracing-api-0.31.0.jar:/home/user/.m2/repository/io/opentracing/opentracing-noop/0.31.0/opentracing-noop-0.31.0.jar:/home/user/.m2/repository/org/yaml/snakeyaml/1.16/snakeyaml-1.16.jar:/home/user/.m2/repository/org/apache/hadoop/hadoop-hdds-container-service/0.5.0-SNAPSHOT/hadoop-hdds-container-service-0.5.0-SNAPSHOT.jar:/home/user/.m2/repository/org/apache/hadoop/hadoop-hdds-client/0.5.0-SNAPSHOT/hadoop-hdds-client-0.5.0-SNAPSHOT.jar:/home/user/.m2/repository/org/apache/hadoop/hadoop-hdds-tools/0.5.0-SNAPSHOT/hadoop-hdds-tools-0.5.0-SNAPSHOT.jar:/home/user/.m2/repository/org/xerial/sqlite-jdbc/3.25.2/sqlite-jdbc-3.25.2.jar:/home/user/.m2/repository/org/apache/hadoop/hadoop-hdds-server-scm/0.5.0-SNAPSHOT/hadoop-hdds-server-scm-0.5.0-SNAPSHOT.jar:/home/user/.m2/repository/org/hamcrest/hamcrest-all/1.3/hamcrest-all-1.3.jar:/home/user/.m2/repository/info/picocli/picocli/3.9.6/picocli-3.9.6.jar:/home/user/.m2/repository/com/google/protobuf/protobuf-java/2.5.0/protobuf-java-2.5.0.jar:/home/user/.m2/repository/com/google/guava/guava/11.0.2/guava-11.0.2.jar:/home/user/.m2/repository/org/apache/hadoop/hadoop-ozone-client/0.5.0-SNAPSHOT/hadoop-ozone-client-0.5.0-SNAPSHOT.jar:/workdir/hadoop-ozone/ozonefs/target/classes:/home/user/.m2/repository/org/apache/hadoop/hadoop-hdds-server-framework/0.5.0-SNAPSHOT/hadoop-hdds-server-framework-0.5.0-SNAPSHOT.jar:/home/user/.m2/repository/org/apache/hadoop/hadoop-common/3.2.0/hadoop-common-3.2.0.jar:/home/user/.m2/repository/org/apache/hadoop/hadoop-annotations/3.2.0/hadoop-annotations-3.2.0.jar:/usr/lib/jvm/java-1.8-openjdk/jre/../lib/tools.jar:/home/user/.m2/repository/commons-cli/commons-cli/1.2/commons-cli-1.2.jar:/home/user/.m2/repository/org/apache/commons/commons-math3/3.1.1/commons-math3-3.1.1.jar:/home/user/.m2/repository/org/apache/httpcomponents/httpclient/4.5.2/httpclient-4.5.2.jar:/home/user/.m2/repository/org/apache/httpcomponents/httpcore/4.4.4/httpcore-4.4.4.jar:/home/user/.m2/repository/commons-codec/commons-codec/1.11/commons-codec-1.11.jar:/home/user/.m2/repository/commons-io/commons-io/2.5/commons-io-2.5.jar:/home/user/.m2/repository/commons-net/commons-net/3.6/commons-net-3.6.jar:/home/user/.m2/repository/commons-collections/commons-collections/3.2.2/commons-collections-3.2.2.jar:/home/user/.m2/repository/javax/servlet/javax.servlet-api/3.1.0/javax.servlet-api-3.1.0.jar:/home/user/.m2/repository/org/eclipse/jetty/jetty-server/9.3.24.v20180605/jetty-server-9.3.24.v20180605.jar:/home/user/.m2/repository/org/eclipse/jetty/jetty-http/9.3.24.v20180605/jetty-http-9.3.24.v20180605.jar:/home/user/.m2/repository/org/eclipse/jetty/jetty-io/9.3.24.v20180605/jetty-io-9.3.24.v20180605.jar:/home/user/.m2/repository/org/eclipse/jetty/jetty-util/9.3.24.v20180605/jetty-util-9.3.24.v20180605.jar:/home/user/.m2/repository/org/eclipse/jetty/jetty-servlet/9.3.24.v20180605/jetty-servlet-9.3.24.v20180605.jar:/home/user/.m2/repository/org/eclipse/jetty/jetty-security/9.3.24.v20180605/jetty-security-9.3.24.v20180605.jar:/home/user/.m2/repository/org/eclipse/jetty/jetty-webapp/9.3.24.v20180605/jetty-webapp-9.3.24.v20180605.jar:/home/user/.m2/repository/org/eclipse/jetty/jetty-xml/9.3.24.v20180605/jetty-xml-9.3.24.v20180605.jar:/home/user/.m2/repository/javax/servlet/jsp/jsp-api/2.1/jsp-api-2.1.jar:/home/user/.m2/repository/com/sun/jersey/jersey-core/1.19/jersey-core-1.19.jar:/home/user/.m2/repository/javax/ws/rs/jsr311-api/1.1.1/jsr311-api-1.1.1.jar:/home/user/.m2/repository/com/sun/jersey/jersey-servlet/1.19/jersey-servlet-1.19.jar:/home/user/.m2/repository/com/sun/jersey/jersey-json/1.19/jersey-json-1.19.jar:/home/user/.m2/repository/org/codehaus/jettison/jettison/1.1/jettison-1.1.jar:/home/user/.m2/repository/com/sun/xml/bind/jaxb-impl/2.3.0.1/jaxb-impl-2.3.0.1.jar:/home/user/.m2/repository/org/codehaus/jackson/jackson-core-asl/1.9.13/jackson-core-asl-1.9.13.jar:/home/user/.m2/repository/org/codehaus/jackson/jackson-mapper-asl/1.9.13/jackson-mapper-asl-1.9.13.jar:/home/user/.m2/repository/org/codehaus/jackson/jackson-jaxrs/1.9.13/jackson-jaxrs-1.9.13.jar:/home/user/.m2/repository/org/codehaus/jackson/jackson-xc/1.9.13/jackson-xc-1.9.13.jar:/home/user/.m2/repository/com/sun/jersey/jersey-server/1.19/jersey-server-1.19.jar:/home/user/.m2/repository/commons-logging/commons-logging/1.1.3/commons-logging-1.1.3.jar:/home/user/.m2/repository/log4j/log4j/1.2.17/log4j-1.2.17.jar:/home/user/.m2/repository/commons-beanutils/commons-beanutils/1.9.3/commons-beanutils-1.9.3.jar:/home/user/.m2/repository/org/apache/commons/commons-configuration2/2.1.1/commons-configuration2-2.1.1.jar:/home/user/.m2/repository/org/apache/commons/commons-lang3/3.7/commons-lang3-3.7.jar:/home/user/.m2/repository/org/apache/commons/commons-text/1.4/commons-text-1.4.jar:/home/user/.m2/repository/org/slf4j/slf4j-api/1.7.25/slf4j-api-1.7.25.jar:/home/user/.m2/repository/org/slf4j/slf4j-log4j12/1.7.25/slf4j-log4j12-1.7.25.jar:/home/user/.m2/repository/org/apache/avro/avro/1.7.7/avro-1.7.7.jar:/home/user/.m2/repository/com/thoughtworks/paranamer/paranamer/2.3/paranamer-2.3.jar:/home/user/.m2/repository/org/xerial/snappy/snappy-java/1.0.5/snappy-java-1.0.5.jar:/home/user/.m2/repository/com/google/re2j/re2j/1.1/re2j-1.1.jar:/home/user/.m2/repository/com/google/code/gson/gson/2.2.4/gson-2.2.4.jar:/home/user/.m2/repository/org/apache/hadoop/hadoop-auth/3.2.0/hadoop-auth-3.2.0.jar:/home/user/.m2/repository/com/nimbusds/nimbus-jose-jwt/4.41.1/nimbus-jose-jwt-4.41.1.jar:/home/user/.m2/repository/com/github/stephenc/jcip/jcip-annotations/1.0-1/jcip-annotations-1.0-1.jar:/home/user/.m2/repository/net/minidev/json-smart/2.3/json-smart-2.3.jar:/home/user/.m2/repository/net/minidev/accessors-smart/1.2/accessors-smart-1.2.jar:/home/user/.m2/repository/org/apache/curator/curator-framework/2.12.0/curator-framework-2.12.0.jar:/home/user/.m2/repository/com/jcraft/jsch/0.1.54/jsch-0.1.54.jar:/home/user/.m2/repository/org/apache/curator/curator-client/2.12.0/curator-client-2.12.0.jar:/home/user/.m2/repository/org/apache/curator/curator-recipes/2.12.0/curator-recipes-2.12.0.jar:/home/user/.m2/repository/com/google/code/findbugs/jsr305/3.0.0/jsr305-3.0.0.jar:/home/user/.m2/repository/org/apache/htrace/htrace-core4/4.1.0-incubating/htrace-core4-4.1.0-incubating.jar:/home/user/.m2/repository/org/apache/zookeeper/zookeeper/3.4.13/zookeeper-3.4.13.jar:/home/user/.m2/repository/org/apache/yetus/audience-annotations/0.5.0/audience-annotations-0.5.0.jar:/home/user/.m2/repository/org/apache/kerby/kerb-simplekdc/1.0.1/kerb-simplekdc-1.0.1.jar:/home/user/.m2/repository/org/apache/kerby/kerb-client/1.0.1/kerb-client-1.0.1.jar:/home/user/.m2/repository/org/apache/kerby/kerby-config/1.0.1/kerby-config-1.0.1.jar:/home/user/.m2/repository/org/apache/kerby/kerb-core/1.0.1/kerb-core-1.0.1.jar:/home/user/.m2/repository/org/apache/kerby/kerby-pkix/1.0.1/kerby-pkix-1.0.1.jar:/home/user/.m2/repository/org/apache/kerby/kerby-asn1/1.0.1/kerby-asn1-1.0.1.jar:/home/user/.m2/repository/org/apache/kerby/kerby-util/1.0.1/kerby-util-1.0.1.jar:/home/user/.m2/repository/org/apache/kerby/kerb-common/1.0.1/kerb-common-1.0.1.jar:/home/user/.m2/repository/org/apache/kerby/kerb-crypto/1.0.1/kerb-crypto-1.0.1.jar:/home/user/.m2/repository/org/apache/kerby/kerb-util/1.0.1/kerb-util-1.0.1.jar:/home/user/.m2/repository/org/apache/kerby/token-provider/1.0.1/token-provider-1.0.1.jar:/home/user/.m2/repository/org/apache/kerby/kerb-admin/1.0.1/kerb-admin-1.0.1.jar:/home/user/.m2/repository/org/apache/kerby/kerb-server/1.0.1/kerb-server-1.0.1.jar:/home/user/.m2/repository/org/apache/kerby/kerb-identity/1.0.1/kerb-identity-1.0.1.jar:/home/user/.m2/repository/org/apache/kerby/kerby-xdr/1.0.1/kerby-xdr-1.0.1.jar:/home/user/.m2/repository/com/fasterxml/jackson/core/jackson-databind/2.9.5/jackson-databind-2.9.5.jar:/home/user/.m2/repository/com/fasterxml/jackson/core/jackson-core/2.9.5/jackson-core-2.9.5.jar:/home/user/.m2/repository/org/codehaus/woodstox/stax2-api/3.1.4/stax2-api-3.1.4.jar:/home/user/.m2/repository/com/fasterxml/woodstox/woodstox-core/5.0.3/woodstox-core-5.0.3.jar:/home/user/.m2/repository/dnsjava/dnsjava/2.1.7/dnsjava-2.1.7.jar:/home/user/.m2/repository/org/apache/hadoop/hadoop-hdfs/3.2.0/hadoop-hdfs-3.2.0.jar:/home/user/.m2/repository/org/eclipse/jetty/jetty-util-ajax/9.3.24.v20180605/jetty-util-ajax-9.3.24.v20180605.jar:/home/user/.m2/repository/commons-daemon/commons-daemon/1.0.13/commons-daemon-1.0.13.jar:/home/user/.m2/repository/io/netty/netty/3.10.5.Final/netty-3.10.5.Final.jar:/home/user/.m2/repository/io/netty/netty-all/4.0.52.Final/netty-all-4.0.52.Final.jar:/home/user/.m2/repository/org/fusesource/leveldbjni/leveldbjni-all/1.8/leveldbjni-all-1.8.jar:/home/user/.m2/repository/com/sun/xml/bind/jaxb-core/2.3.0.1/jaxb-core-2.3.0.1.jar:/home/user/.m2/repository/javax/xml/bind/jaxb-api/2.3.0/jaxb-api-2.3.0.jar:/home/user/.m2/repository/javax/activation/activation/1.1.1/activation-1.1.1.jar:/home/user/.m2/repository/io/dropwizard/metrics/metrics-core/3.2.4/metrics-core-3.2.4.jar:/home/user/.m2/repository/org/openjdk/jmh/jmh-core/1.19/jmh-core-1.19.jar:/home/user/.m2/repository/net/sf/jopt-simple/jopt-simple/4.6/jopt-simple-4.6.jar:/home/user/.m2/repository/org/openjdk/jmh/jmh-generator-annprocess/1.19/jmh-generator-annprocess-1.19.jar:/home/user/.m2/repository/com/google/code/findbugs/findbugs/3.0.1/findbugs-3.0.1.jar:/home/user/.m2/repository/net/jcip/jcip-annotations/1.0/jcip-annotations-1.0.jar:/home/user/.m2/repository/com/google/code/findbugs/bcel-findbugs/6.0/bcel-findbugs-6.0.jar:/home/user/.m2/repository/com/google/code/findbugs/jFormatString/2.0.1/jFormatString-2.0.1.jar:/home/user/.m2/repository/dom4j/dom4j/1.6.1/dom4j-1.6.1.jar:/home/user/.m2/repository/xml-apis/xml-apis/1.0.b2/xml-apis-1.0.b2.jar:/home/user/.m2/repository/org/ow2/asm/asm-debug-all/5.0.2/asm-debug-all-5.0.2.jar:/home/user/.m2/repository/org/ow2/asm/asm-commons/5.0.2/asm-commons-5.0.2.jar:/home/user/.m2/repository/org/ow2/asm/asm-tree/5.0.2/asm-tree-5.0.2.jar:/home/user/.m2/repository/org/ow2/asm/asm/5.0.4/asm-5.0.4.jar:/home/user/.m2/repository/commons-lang/commons-lang/2.6/commons-lang-2.6.jar:/home/user/.m2/repository/com/apple/AppleJavaExtensions/1.4/AppleJavaExtensions-1.4.jar:/home/user/.m2/repository/jaxen/jaxen/1.1.6/jaxen-1.1.6.jar:/home/user/.m2/repository/junit/junit/4.11/junit-4.11.jar:/home/user/.m2/repository/org/hamcrest/hamcrest-core/1.3/hamcrest-core-1.3.jar:/home/user/.m2/repository/org/apache/hadoop/hadoop-common/3.2.0/hadoop-common-3.2.0-tests.jar:/workdir/hadoop-ozone/integration-test/target/test-classes:/home/user/.m2/repository/org/apache/hadoop/hadoop-ozone-objectstore-service/0.5.0-SNAPSHOT/hadoop-ozone-objectstore-service-0.5.0-SNAPSHOT.jar:/home/user/.m2/repository/org/apache/hadoop/hadoop-ozone-s3gateway/0.5.0-SNAPSHOT/hadoop-ozone-s3gateway-0.5.0-SNAPSHOT.jar:/home/user/.m2/repository/org/jboss/weld/servlet/weld-servlet/2.4.7.Final/weld-servlet-2.4.7.Final.jar:/home/user/.m2/repository/org/glassfish/jersey/containers/jersey-container-servlet-core/2.27/jersey-container-servlet-core-2.27.jar:/home/user/.m2/repository/org/glassfish/hk2/external/javax.inject/2.5.0-b42/javax.inject-2.5.0-b42.jar:/home/user/.m2/repository/org/glassfish/jersey/core/jersey-common/2.27/jersey-common-2.27.jar:/home/user/.m2/repository/org/glassfish/hk2/osgi-resource-locator/1.0.1/osgi-resource-locator-1.0.1.jar:/home/user/.m2/repository/javax/ws/rs/javax.ws.rs-api/2.1/javax.ws.rs-api-2.1.jar:/home/user/.m2/repository/org/glassfish/jersey/ext/cdi/jersey-cdi1x/2.27/jersey-cdi1x-2.27.jar:/home/user/.m2/repository/org/glassfish/jersey/inject/jersey-hk2/2.27/jersey-hk2-2.27.jar:/home/user/.m2/repository/org/glassfish/hk2/hk2-locator/2.5.0-b42/hk2-locator-2.5.0-b42.jar:/home/user/.m2/repository/org/javassist/javassist/3.22.0-CR2/javassist-3.22.0-CR2.jar:/home/user/.m2/repository/org/glassfish/hk2/hk2-api/2.5.0/hk2-api-2.5.0.jar:/home/user/.m2/repository/org/glassfish/hk2/external/jakarta.inject/2.5.0/jakarta.inject-2.5.0.jar:/home/user/.m2/repository/org/glassfish/hk2/hk2-utils/2.5.0/hk2-utils-2.5.0.jar:/home/user/.m2/repository/jakarta/annotation/jakarta.annotation-api/1.3.4/jakarta.annotation-api-1.3.4.jar:/home/user/.m2/repository/org/glassfish/hk2/external/aopalliance-repackaged/2.5.0/aopalliance-repackaged-2.5.0.jar:/home/user/.m2/repository/com/fasterxml/jackson/dataformat/jackson-dataformat-xml/2.9.0/jackson-dataformat-xml-2.9.0.jar:/home/user/.m2/repository/com/fasterxml/jackson/module/jackson-module-jaxb-annotations/2.9.5/jackson-module-jaxb-annotations-2.9.5.jar:/home/user/.m2/repository/javax/enterprise/cdi-api/1.2/cdi-api-1.2.jar:/home/user/.m2/repository/javax/el/javax.el-api/3.0.0/javax.el-api-3.0.0.jar:/home/user/.m2/repository/javax/interceptor/javax.interceptor-api/1.2/javax.interceptor-api-1.2.jar:/home/user/.m2/repository/javax/inject/javax.inject/1/javax.inject-1.jar:/home/user/.m2/repository/org/apache/hadoop/hadoop-ozone-csi/0.5.0-SNAPSHOT/hadoop-ozone-csi-0.5.0-SNAPSHOT.jar:/home/user/.m2/repository/com/google/protobuf/protobuf-java-util/3.5.1/protobuf-java-util-3.5.1.jar:/home/user/.m2/repository/io/grpc/grpc-netty/1.17.1/grpc-netty-1.17.1.jar:/home/user/.m2/repository/io/grpc/grpc-core/1.17.1/grpc-core-1.17.1.jar:/home/user/.m2/repository/io/grpc/grpc-context/1.17.1/grpc-context-1.17.1.jar:/home/user/.m2/repository/com/google/errorprone/error_prone_annotations/2.2.0/error_prone_annotations-2.2.0.jar:/home/user/.m2/repository/org/codehaus/mojo/animal-sniffer-annotations/1.17/animal-sniffer-annotations-1.17.jar:/home/user/.m2/repository/io/opencensus/opencensus-api/0.17.0/opencensus-api-0.17.0.jar:/home/user/.m2/repository/io/opencensus/opencensus-contrib-grpc-metrics/0.17.0/opencensus-contrib-grpc-metrics-0.17.0.jar:/home/user/.m2/repository/io/netty/netty-codec-http2/4.1.30.Final/netty-codec-http2-4.1.30.Final.jar:/home/user/.m2/repository/io/netty/netty-codec-http/4.1.30.Final/netty-codec-http-4.1.30.Final.jar:/home/user/.m2/repository/io/netty/netty-codec/4.1.30.Final/netty-codec-4.1.30.Final.jar:/home/user/.m2/repository/io/netty/netty-handler/4.1.30.Final/netty-handler-4.1.30.Final.jar:/home/user/.m2/repository/io/netty/netty-handler-proxy/4.1.30.Final/netty-handler-proxy-4.1.30.Final.jar:/home/user/.m2/repository/io/netty/netty-codec-socks/4.1.30.Final/netty-codec-socks-4.1.30.Final.jar:/home/user/.m2/repository/io/netty/netty-transport-native-epoll/4.1.30.Final/netty-transport-native-epoll-4.1.30.Final.jar:/home/user/.m2/repository/io/netty/netty-common/4.1.30.Final/netty-common-4.1.30.Final.jar:/home/user/.m2/repository/io/netty/netty-buffer/4.1.30.Final/netty-buffer-4.1.30.Final.jar:/home/user/.m2/repository/io/netty/netty-transport/4.1.30.Final/netty-transport-4.1.30.Final.jar:/home/user/.m2/repository/io/netty/netty-resolver/4.1.30.Final/netty-resolver-4.1.30.Final.jar:/home/user/.m2/repository/io/netty/netty-transport-native-unix-common/4.1.30.Final/netty-transport-native-unix-common-4.1.30.Final.jar:/home/user/.m2/repository/io/grpc/grpc-protobuf/1.17.1/grpc-protobuf-1.17.1.jar:/home/user/.m2/repository/com/google/api/grpc/proto-google-common-protos/1.0.0/proto-google-common-protos-1.0.0.jar:/home/user/.m2/repository/io/grpc/grpc-protobuf-lite/1.17.1/grpc-protobuf-lite-1.17.1.jar:/home/user/.m2/repository/io/grpc/grpc-stub/1.17.1/grpc-stub-1.17.1.jar:/home/user/.m2/repository/org/apache/hadoop/hadoop-ozone-recon/0.5.0-SNAPSHOT/hadoop-ozone-recon-0.5.0-SNAPSHOT.jar:/home/user/.m2/repository/org/apache/hadoop/hadoop-ozone-reconcodegen/0.5.0-SNAPSHOT/hadoop-ozone-reconcodegen-0.5.0-SNAPSHOT.jar:/home/user/.m2/repository/com/google/inject/extensions/guice-multibindings/4.0/guice-multibindings-4.0.jar:/home/user/.m2/repository/com/google/inject/guice/4.0/guice-4.0.jar:/home/user/.m2/repository/aopalliance/aopalliance/1.0/aopalliance-1.0.jar:/home/user/.m2/repository/com/google/inject/extensions/guice-servlet/4.0/guice-servlet-4.0.jar:/home/user/.m2/repository/org/glassfish/jersey/containers/jersey-container-servlet/2.27/jersey-container-servlet-2.27.jar:/home/user/.m2/repository/org/glassfish/hk2/guice-bridge/2.5.0/guice-bridge-2.5.0.jar:/home/user/.m2/repository/org/glassfish/jersey/core/jersey-server/2.27/jersey-server-2.27.jar:/home/user/.m2/repository/org/glassfish/jersey/core/jersey-client/2.27/jersey-client-2.27.jar:/home/user/.m2/repository/org/glassfish/jersey/media/jersey-media-jaxb/2.27/jersey-media-jaxb-2.27.jar:/home/user/.m2/repository/javax/validation/validation-api/1.1.0.Final/validation-api-1.1.0.Final.jar:/home/user/.m2/repository/org/glassfish/jersey/media/jersey-media-json-jackson/2.27/jersey-media-json-jackson-2.27.jar:/home/user/.m2/repository/org/glassfish/jersey/ext/jersey-entity-filtering/2.27/jersey-entity-filtering-2.27.jar:/home/user/.m2/repository/com/google/inject/extensions/guice-assistedinject/4.0/guice-assistedinject-4.0.jar:/home/user/.m2/repository/org/jooq/jooq/3.11.10/jooq-3.11.10.jar:/home/user/.m2/repository/org/jooq/jooq-meta/3.11.10/jooq-meta-3.11.10.jar:/home/user/.m2/repository/org/jooq/jooq-codegen/3.11.10/jooq-codegen-3.11.10.jar:/home/user/.m2/repository/com/jolbox/bonecp/0.8.0.RELEASE/bonecp-0.8.0.RELEASE.jar:/home/user/.m2/repository/org/springframework/spring-jdbc/5.1.3.RELEASE/spring-jdbc-5.1.3.RELEASE.jar:/home/user/.m2/repository/org/springframework/spring-beans/5.1.3.RELEASE/spring-beans-5.1.3.RELEASE.jar:/home/user/.m2/repository/org/springframework/spring-core/5.1.3.RELEASE/spring-core-5.1.3.RELEASE.jar:/home/user/.m2/repository/org/springframework/spring-jcl/5.1.3.RELEASE/spring-jcl-5.1.3.RELEASE.jar:/home/user/.m2/repository/org/springframework/spring-tx/5.1.3.RELEASE/spring-tx-5.1.3.RELEASE.jar:/home/user/.m2/repository/org/mockito/mockito-core/2.15.0/mockito-core-2.15.0.jar:/home/user/.m2/repository/net/bytebuddy/byte-buddy/1.7.9/byte-buddy-1.7.9.jar:/home/user/.m2/repository/net/bytebuddy/byte-buddy-agent/1.7.9/byte-buddy-agent-1.7.9.jar:/home/user/.m2/repository/org/objenesis/objenesis/1.0/objenesis-1.0.jar:"/>
    <property name="sun.cpu.endian" value="little"/>
    <property name="user.home" value="/home/user"/>
    <property name="user.language" value="en"/>
    <property name="java.specification.vendor" value="Oracle Corporation"/>
    <property name="java.home" value="/usr/lib/jvm/java-1.8-openjdk/jre"/>
    <property name="java.security.krb5.conf" value="/workdir/hadoop-ozone/tools/target/test-classes/krb5.conf"/>
    <property name="basedir" value="/workdir/hadoop-ozone/tools"/>
    <property name="file.separator" value="/"/>
    <property name="line.separator" value="&#10;"/>
    <property name="java.vm.specification.vendor" value="Oracle Corporation"/>
    <property name="java.specification.name" value="Java Platform API Specification"/>
    <property name="java.awt.graphicsenv" value="sun.awt.X11GraphicsEnvironment"/>
    <property name="surefire.real.class.path" value="/workdir/hadoop-ozone/tools/target/surefire/surefirebooter4077751875741617481.jar"/>
    <property name="hadoop.log.dir" value="/workdir/hadoop-ozone/tools/target/log"/>
    <property name="sun.boot.class.path" value="/usr/lib/jvm/java-1.8-openjdk/jre/lib/resources.jar:/usr/lib/jvm/java-1.8-openjdk/jre/lib/rt.jar:/usr/lib/jvm/java-1.8-openjdk/jre/lib/sunrsasign.jar:/usr/lib/jvm/java-1.8-openjdk/jre/lib/jsse.jar:/usr/lib/jvm/java-1.8-openjdk/jre/lib/jce.jar:/usr/lib/jvm/java-1.8-openjdk/jre/lib/charsets.jar:/usr/lib/jvm/java-1.8-openjdk/jre/lib/jfr.jar:/usr/lib/jvm/java-1.8-openjdk/jre/classes"/>
    <property name="sun.management.compiler" value="HotSpot 64-Bit Tiered Compilers"/>
    <property name="java.runtime.version" value="1.8.0_212-b04"/>
    <property name="java.net.preferIPv4Stack" value="true"/>
    <property name="user.name" value="jenkins1000"/>
    <property name="path.separator" value=":"/>
    <property name="java.security.egd" value="file:///dev/urandom"/>
    <property name="os.version" value="3.10.0-957.12.2.el7.x86_64"/>
    <property name="java.endorsed.dirs" value="/usr/lib/jvm/java-1.8-openjdk/jre/lib/endorsed"/>
    <property name="java.runtime.name" value="OpenJDK Runtime Environment"/>
    <property name="file.encoding" value="UTF-8"/>
    <property name="java.vm.name" value="OpenJDK 64-Bit Server VM"/>
    <property name="test.build.webapps" value=""/>
    <property name="localRepository" value="/home/user/.m2/repository"/>
    <property name="java.vendor.url.bug" value="https://icedtea.classpath.org/bugzilla"/>
    <property name="java.io.tmpdir" value="/tmp"/>
    <property name="require.test.libhadoop" value=""/>
    <property name="java.version" value="1.8.0_212"/>
    <property name="user.dir" value="/workdir/hadoop-ozone/tools"/>
    <property name="os.arch" value="amd64"/>
    <property name="java.vm.specification.name" value="Java Virtual Machine Specification"/>
    <property name="test.build.classes" value="/workdir/hadoop-ozone/tools/target/test-classes"/>
    <property name="java.awt.printerjob" value="sun.print.PSPrinterJob"/>
    <property name="sun.os.patch.level" value="unknown"/>
    <property name="hadoop.tmp.dir" value="/workdir/hadoop-ozone/tools/target/tmp"/>
    <property name="java.library.path" value="/usr/lib/jvm/java-1.8-openjdk/jre/lib/amd64/server:/usr/lib/jvm/java-1.8-openjdk/jre/lib/amd64:/usr/lib/jvm/java-1.8-openjdk/jre/../lib/amd64:/workdir/hadoop-ozone/tools/target/native/target/usr/local/lib:/workdir/hadoop-ozone/tools/../../hadoop-common-project/hadoop-common/target/native/target/usr/local/lib:/usr/java/packages/lib/amd64:/usr/lib64:/lib64:/lib:/usr/lib"/>
    <property name="java.vm.info" value="mixed mode"/>
    <property name="java.vendor" value="IcedTea"/>
    <property name="java.vm.version" value="25.212-b04"/>
    <property name="java.ext.dirs" value="/usr/lib/jvm/java-1.8-openjdk/jre/lib/ext:/usr/java/packages/lib/ext"/>
    <property name="sun.io.unicode.encoding" value="UnicodeLittle"/>
    <property name="java.class.version" value="52.0"/>
  </properties>
  <testcase name="ratisTestLargeKey" classname="org.apache.hadoop.ozone.freon.TestDataValidateWithSafeByteOperations" time="10.434">
    <error message="Allocated 0 blocks. Requested 5 blocks" type="INTERNAL_ERROR org.apache.hadoop.ozone.om.exceptions.OMException">INTERNAL_ERROR org.apache.hadoop.ozone.om.exceptions.OMException: Allocated 0 blocks. Requested 5 blocks
	at org.apache.hadoop.ozone.om.protocolPB.OzoneManagerProtocolClientSideTranslatorPB.handleError(OzoneManagerProtocolClientSideTranslatorPB.java:725)
	at org.apache.hadoop.ozone.om.protocolPB.OzoneManagerProtocolClientSideTranslatorPB.openKey(OzoneManagerProtocolClientSideTranslatorPB.java:716)
	at org.apache.hadoop.ozone.client.rpc.RpcClient.createKey(RpcClient.java:615)
	at org.apache.hadoop.ozone.client.OzoneBucket.createKey(OzoneBucket.java:323)
	at org.apache.hadoop.ozone.freon.RandomKeyGenerator.createKey(RandomKeyGenerator.java:686)
	at org.apache.hadoop.ozone.freon.RandomKeyGenerator.access$1100(RandomKeyGenerator.java:87)
	at org.apache.hadoop.ozone.freon.RandomKeyGenerator$ObjectCreator.run(RandomKeyGenerator.java:606)
	at java.util.concurrent.Executors$RunnableAdapter.call(Executors.java:511)
	at java.util.concurrent.FutureTask.run(FutureTask.java:266)
	at java.util.concurrent.ThreadPoolExecutor.runWorker(ThreadPoolExecutor.java:1149)
	at java.util.concurrent.ThreadPoolExecutor$Worker.run(ThreadPoolExecutor.java:624)
	at java.lang.Thread.run(Thread.java:748)
</error>
    <system-out><![CDATA[2019-09-20 10:24:05,374 [main] WARN  server.ServerUtils (ServerUtils.java:getScmDbDir(145)) - ozone.scm.db.dirs is not configured. We recommend adding this setting. Falling back to ozone.metadata.dirs instead.
2019-09-20 10:24:05,458 [main] WARN  server.ServerUtils (ServerUtils.java:getScmDbDir(145)) - ozone.scm.db.dirs is not configured. We recommend adding this setting. Falling back to ozone.metadata.dirs instead.
2019-09-20 10:24:05,461 [main] WARN  server.ServerUtils (ServerUtils.java:getScmDbDir(145)) - ozone.scm.db.dirs is not configured. We recommend adding this setting. Falling back to ozone.metadata.dirs instead.
2019-09-20 10:24:05,475 [main] INFO  util.log (Log.java:initialized(192)) - Logging initialized @834ms
2019-09-20 10:24:05,559 [main] INFO  db.DBStoreBuilder (DBStoreBuilder.java:addTable(110)) - using custom profile for table: deletedBlocks
2019-09-20 10:24:05,559 [main] INFO  db.DBStoreBuilder (DBStoreBuilder.java:processTables(161)) - Using default column profile:DBProfile.DISK for Table:deletedBlocks
2019-09-20 10:24:05,559 [main] INFO  db.DBStoreBuilder (DBStoreBuilder.java:addTable(110)) - using custom profile for table: validCerts
2019-09-20 10:24:05,560 [main] INFO  db.DBStoreBuilder (DBStoreBuilder.java:processTables(161)) - Using default column profile:DBProfile.DISK for Table:validCerts
2019-09-20 10:24:05,560 [main] INFO  db.DBStoreBuilder (DBStoreBuilder.java:addTable(110)) - using custom profile for table: revokedCerts
2019-09-20 10:24:05,560 [main] INFO  db.DBStoreBuilder (DBStoreBuilder.java:processTables(161)) - Using default column profile:DBProfile.DISK for Table:revokedCerts
2019-09-20 10:24:05,570 [main] INFO  db.DBStoreBuilder (DBStoreBuilder.java:addTable(110)) - using custom profile for table: default
2019-09-20 10:24:05,570 [main] INFO  db.DBStoreBuilder (DBStoreBuilder.java:processTables(167)) - Using default column profile:DBProfile.DISK for Table:default
2019-09-20 10:24:05,571 [main] INFO  db.DBStoreBuilder (DBStoreBuilder.java:getDbProfile(198)) - Using default options. DBProfile.DISK
2019-09-20 10:24:05,740 [main] INFO  net.NodeSchemaLoader (NodeSchemaLoader.java:loadSchemaFromFile(125)) - Loading file from sun.misc.CompoundEnumeration@3835c46
2019-09-20 10:24:05,742 [main] INFO  net.NodeSchemaLoader (NodeSchemaLoader.java:loadSchema(171)) - Loading network topology layer schema file
2019-09-20 10:24:05,830 [main] WARN  server.ServerUtils (ServerUtils.java:sanitizeUserArgs(70)) - ozone.scm.stale.node.interval value = 300000 is larger than max = 100000 based on the key value of ozone.scm.heartbeat.thread.interval, reset to the max value 100000.
2019-09-20 10:24:05,833 [main] WARN  server.ServerUtils (ServerUtils.java:sanitizeUserArgs(70)) - ozone.scm.stale.node.interval value = 300000 is larger than max = 100000 based on the key value of ozone.scm.heartbeat.thread.interval, reset to the max value 100000.
2019-09-20 10:24:05,835 [main] INFO  node.SCMNodeManager (SCMNodeManager.java:<init>(121)) - Entering startup safe mode.
2019-09-20 10:24:05,916 [main] INFO  algorithms.ContainerPlacementPolicyFactory (ContainerPlacementPolicyFactory.java:getPolicy(56)) - Create container placement policy of type org.apache.hadoop.hdds.scm.container.placement.algorithms.SCMContainerPlacementRandom
2019-09-20 10:24:05,932 [main] WARN  server.ServerUtils (ServerUtils.java:getScmDbDir(145)) - ozone.scm.db.dirs is not configured. We recommend adding this setting. Falling back to ozone.metadata.dirs instead.
2019-09-20 10:24:05,991 [main] INFO  pipeline.SCMPipelineManager (SCMPipelineManager.java:initializePipelineState(145)) - No pipeline exists in current db
2019-09-20 10:24:05,994 [main] WARN  server.ServerUtils (ServerUtils.java:getScmDbDir(145)) - ozone.scm.db.dirs is not configured. We recommend adding this setting. Falling back to ozone.metadata.dirs instead.
2019-09-20 10:24:06,113 [main] INFO  safemode.HealthyPipelineSafeModeRule (HealthyPipelineSafeModeRule.java:<init>(89)) -  Total pipeline count is 0, healthy pipeline threshold count is 1
2019-09-20 10:24:06,115 [main] INFO  safemode.OneReplicaPipelineSafeModeRule (OneReplicaPipelineSafeModeRule.java:<init>(80)) - Total pipeline count is 0, pipeline's with at least one datanode reported threshold count is 0
2019-09-20 10:24:06,116 [main] WARN  events.EventQueue (EventQueue.java:fireEvent(175)) - No event handler registered for event TypedEvent{payloadType=SafeModeStatus, name='SafeModeStatus'}
2019-09-20 10:24:06,982 [main] INFO  ipc.CallQueueManager (CallQueueManager.java:<init>(84)) - Using callQueue: class java.util.concurrent.LinkedBlockingQueue, queueCapacity: 2000, scheduler: class org.apache.hadoop.ipc.DefaultRpcScheduler, ipcBackoff: false.
2019-09-20 10:24:07,027 [Socket Reader #1 for port 35134] INFO  ipc.Server (Server.java:run(1074)) - Starting Socket Reader #1 for port 35134
2019-09-20 10:24:07,059 [main] INFO  ipc.CallQueueManager (CallQueueManager.java:<init>(84)) - Using callQueue: class java.util.concurrent.LinkedBlockingQueue, queueCapacity: 2000, scheduler: class org.apache.hadoop.ipc.DefaultRpcScheduler, ipcBackoff: false.
2019-09-20 10:24:07,060 [Socket Reader #1 for port 46263] INFO  ipc.Server (Server.java:run(1074)) - Starting Socket Reader #1 for port 46263
2019-09-20 10:24:07,069 [main] INFO  ipc.CallQueueManager (CallQueueManager.java:<init>(84)) - Using callQueue: class java.util.concurrent.LinkedBlockingQueue, queueCapacity: 2000, scheduler: class org.apache.hadoop.ipc.DefaultRpcScheduler, ipcBackoff: false.
2019-09-20 10:24:07,070 [Socket Reader #1 for port 46552] INFO  ipc.Server (Server.java:run(1074)) - Starting Socket Reader #1 for port 46552
2019-09-20 10:24:07,094 [main] INFO  hdfs.DFSUtil (DFSUtil.java:httpServerTemplateForNNAndJN(1641)) - Starting Web-server for scm at: http://0.0.0.0:0
2019-09-20 10:24:07,240 [main] INFO  server.AuthenticationFilter (AuthenticationFilter.java:constructSecretProvider(240)) - Unable to initialize FileSignerSecretProvider, falling back to use random secrets.
2019-09-20 10:24:07,257 [main] WARN  http.HttpRequestLog (HttpRequestLog.java:getRequestLog(97)) - Jetty request log can only be enabled using Log4j
2019-09-20 10:24:07,268 [main] INFO  http.HttpServer2 (HttpServer2.java:addGlobalFilter(975)) - Added global filter 'safety' (class=org.apache.hadoop.http.HttpServer2$QuotingInputFilter)
2019-09-20 10:24:07,271 [main] INFO  http.HttpServer2 (HttpServer2.java:addFilter(948)) - Added filter static_user_filter (class=org.apache.hadoop.http.lib.StaticUserWebFilter$StaticUserFilter) to context scm
2019-09-20 10:24:07,271 [main] INFO  http.HttpServer2 (HttpServer2.java:addFilter(958)) - Added filter static_user_filter (class=org.apache.hadoop.http.lib.StaticUserWebFilter$StaticUserFilter) to context logs
2019-09-20 10:24:07,271 [main] INFO  http.HttpServer2 (HttpServer2.java:addFilter(958)) - Added filter static_user_filter (class=org.apache.hadoop.http.lib.StaticUserWebFilter$StaticUserFilter) to context static
2019-09-20 10:24:07,299 [main] INFO  server.StorageContainerManager (StorageContainerManager.java:start(761)) - StorageContainerLocationProtocol RPC server is listening at /0.0.0.0:46552
2019-09-20 10:24:07,354 [main] WARN  impl.MetricsConfig (MetricsConfig.java:loadFirst(134)) - Cannot locate configuration: tried hadoop-metrics2-storagecontainermanager.properties,hadoop-metrics2.properties
2019-09-20 10:24:07,367 [main] INFO  impl.MetricsSystemImpl (MetricsSystemImpl.java:startTimer(374)) - Scheduled Metric snapshot period at 10 second(s).
2019-09-20 10:24:07,368 [main] INFO  impl.MetricsSystemImpl (MetricsSystemImpl.java:start(191)) - StorageContainerManager metrics system started
2019-09-20 10:24:07,588 [main] INFO  server.SCMClientProtocolServer (SCMClientProtocolServer.java:start(151)) - RPC server for Client  is listening at /0.0.0.0:46552
2019-09-20 10:24:07,589 [IPC Server Responder] INFO  ipc.Server (Server.java:run(1314)) - IPC Server Responder: starting
2019-09-20 10:24:07,589 [IPC Server listener on 46552] INFO  ipc.Server (Server.java:run(1153)) - IPC Server listener on 46552: starting
2019-09-20 10:24:07,593 [main] INFO  server.StorageContainerManager (StorageContainerManager.java:start(771)) - ScmBlockLocationProtocol RPC server is listening at /0.0.0.0:46263
2019-09-20 10:24:07,593 [main] INFO  server.SCMBlockProtocolServer (SCMBlockProtocolServer.java:start(140)) - RPC server for Block Protocol is listening at /0.0.0.0:46263
2019-09-20 10:24:07,593 [IPC Server Responder] INFO  ipc.Server (Server.java:run(1314)) - IPC Server Responder: starting
2019-09-20 10:24:07,593 [IPC Server listener on 46263] INFO  ipc.Server (Server.java:run(1153)) - IPC Server listener on 46263: starting
2019-09-20 10:24:07,596 [main] INFO  server.StorageContainerManager (StorageContainerManager.java:start(775)) - ScmDatanodeProtocl RPC server is listening at /0.0.0.0:35134
2019-09-20 10:24:07,596 [main] INFO  server.SCMDatanodeProtocolServer (SCMDatanodeProtocolServer.java:start(199)) - RPC server for DataNodes is listening at /0.0.0.0:35134
2019-09-20 10:24:07,597 [IPC Server Responder] INFO  ipc.Server (Server.java:run(1314)) - IPC Server Responder: starting
2019-09-20 10:24:07,597 [IPC Server listener on 35134] INFO  ipc.Server (Server.java:run(1153)) - IPC Server listener on 35134: starting
2019-09-20 10:24:07,601 [main] INFO  http.HttpServer2 (HttpServer2.java:bindListener(1191)) - Jetty bound to port 34703
2019-09-20 10:24:07,603 [main] INFO  server.Server (Server.java:doStart(351)) - jetty-9.3.24.v20180605, build timestamp: 2018-06-05T17:11:56Z, git hash: 84205aa28f11a4f31f2a3b86d1bba2cc8ab69827
2019-09-20 10:24:07,638 [main] INFO  handler.ContextHandler (ContextHandler.java:doStart(781)) - Started o.e.j.s.ServletContextHandler@f478a81{/logs,file:///workdir/hadoop-ozone/tools/target/log,AVAILABLE}
2019-09-20 10:24:07,638 [main] INFO  handler.ContextHandler (ContextHandler.java:doStart(781)) - Started o.e.j.s.ServletContextHandler@4c4748bf{/static,jar:file:/home/user/.m2/repository/org/apache/hadoop/hadoop-hdds-server-scm/0.5.0-SNAPSHOT/hadoop-hdds-server-scm-0.5.0-SNAPSHOT.jar!/webapps/static,AVAILABLE}
2019-09-20 10:24:07,708 [main] INFO  handler.ContextHandler (ContextHandler.java:doStart(781)) - Started o.e.j.w.WebAppContext@24be2d9c{/,file:///tmp/jetty-0.0.0.0-34703-scm-_-any-6786122503498236903.dir/webapp/,AVAILABLE}{/scm}
2019-09-20 10:24:07,713 [main] INFO  server.AbstractConnector (AbstractConnector.java:doStart(278)) - Started ServerConnector@2449cff7{HTTP/1.1,[http/1.1]}{0.0.0.0:34703}
2019-09-20 10:24:07,714 [main] INFO  server.Server (Server.java:doStart(419)) - Started @3072ms
2019-09-20 10:24:07,715 [main] INFO  server.BaseHttpServer (BaseHttpServer.java:updateConnectorAddress(213)) - HTTP server of SCM is listening at http://0.0.0.0:34703
2019-09-20 10:24:07,721 [org.apache.hadoop.util.JvmPauseMonitor$Monitor@1a15b789] INFO  util.JvmPauseMonitor (JvmPauseMonitor.java:run(188)) - Starting JVM pause monitor
2019-09-20 10:24:07,723 [main] WARN  server.ServerUtils (ServerUtils.java:getDBPath(222)) - ozone.om.db.dirs is not configured. We recommend adding this setting. Falling back to ozone.metadata.dirs instead.
2019-09-20 10:24:07,821 [main] WARN  server.ServerUtils (ServerUtils.java:getDBPath(222)) - ozone.om.db.dirs is not configured. We recommend adding this setting. Falling back to ozone.metadata.dirs instead.
2019-09-20 10:24:07,822 [main] WARN  server.ServerUtils (ServerUtils.java:getDBPath(222)) - ozone.om.db.dirs is not configured. We recommend adding this setting. Falling back to ozone.metadata.dirs instead.
2019-09-20 10:24:07,823 [main] INFO  om.OzoneManager (OzoneManager.java:setOMNodeDetails(645)) - OM Service ID is not set. Setting it to the default ID: omServiceIdDefault
2019-09-20 10:24:07,823 [main] INFO  om.OzoneManager (OzoneManager.java:setOMNodeDetails(651)) - OM Node ID is not set. Setting it to the OmStorage's OmID: 135f5347-4174-4186-acd0-547020d6f9cf
2019-09-20 10:24:07,824 [main] INFO  om.OzoneManager (OzoneManager.java:loadOMHAConfigs(602)) - Found matching OM address with OMServiceId: null, OMNodeId: null, RPC Address: localhost:0 and Ratis port: 9872
2019-09-20 10:24:08,064 | INFO  | SCMAudit | user=jenkins1000 | ip=192.168.151.119 | op=GET_SCM_INFO null | ret=SUCCESS |  
2019-09-20 10:24:08,445 [main] WARN  server.ServerUtils (ServerUtils.java:getDBPath(222)) - ozone.om.db.dirs is not configured. We recommend adding this setting. Falling back to ozone.metadata.dirs instead.
2019-09-20 10:24:08,451 [main] INFO  db.DBStoreBuilder (DBStoreBuilder.java:addTable(110)) - using custom profile for table: userTable
2019-09-20 10:24:08,451 [main] INFO  db.DBStoreBuilder (DBStoreBuilder.java:processTables(161)) - Using default column profile:DBProfile.DISK for Table:userTable
2019-09-20 10:24:08,452 [main] INFO  db.DBStoreBuilder (DBStoreBuilder.java:addTable(110)) - using custom profile for table: volumeTable
2019-09-20 10:24:08,452 [main] INFO  db.DBStoreBuilder (DBStoreBuilder.java:processTables(161)) - Using default column profile:DBProfile.DISK for Table:volumeTable
2019-09-20 10:24:08,453 [main] INFO  db.DBStoreBuilder (DBStoreBuilder.java:addTable(110)) - using custom profile for table: bucketTable
2019-09-20 10:24:08,453 [main] INFO  db.DBStoreBuilder (DBStoreBuilder.java:processTables(161)) - Using default column profile:DBProfile.DISK for Table:bucketTable
2019-09-20 10:24:08,453 [main] INFO  db.DBStoreBuilder (DBStoreBuilder.java:addTable(110)) - using custom profile for table: keyTable
2019-09-20 10:24:08,454 [main] INFO  db.DBStoreBuilder (DBStoreBuilder.java:processTables(161)) - Using default column profile:DBProfile.DISK for Table:keyTable
2019-09-20 10:24:08,454 [main] INFO  db.DBStoreBuilder (DBStoreBuilder.java:addTable(110)) - using custom profile for table: deletedTable
2019-09-20 10:24:08,455 [main] INFO  db.DBStoreBuilder (DBStoreBuilder.java:processTables(161)) - Using default column profile:DBProfile.DISK for Table:deletedTable
2019-09-20 10:24:08,455 [main] INFO  db.DBStoreBuilder (DBStoreBuilder.java:addTable(110)) - using custom profile for table: openKeyTable
2019-09-20 10:24:08,455 [main] INFO  db.DBStoreBuilder (DBStoreBuilder.java:processTables(161)) - Using default column profile:DBProfile.DISK for Table:openKeyTable
2019-09-20 10:24:08,456 [main] INFO  db.DBStoreBuilder (DBStoreBuilder.java:addTable(110)) - using custom profile for table: s3Table
2019-09-20 10:24:08,456 [main] INFO  db.DBStoreBuilder (DBStoreBuilder.java:processTables(161)) - Using default column profile:DBProfile.DISK for Table:s3Table
2019-09-20 10:24:08,457 [main] INFO  db.DBStoreBuilder (DBStoreBuilder.java:addTable(110)) - using custom profile for table: multipartInfoTable
2019-09-20 10:24:08,457 [main] INFO  db.DBStoreBuilder (DBStoreBuilder.java:processTables(161)) - Using default column profile:DBProfile.DISK for Table:multipartInfoTable
2019-09-20 10:24:08,458 [main] INFO  db.DBStoreBuilder (DBStoreBuilder.java:addTable(110)) - using custom profile for table: dTokenTable
2019-09-20 10:24:08,458 [main] INFO  db.DBStoreBuilder (DBStoreBuilder.java:processTables(161)) - Using default column profile:DBProfile.DISK for Table:dTokenTable
2019-09-20 10:24:08,458 [main] INFO  db.DBStoreBuilder (DBStoreBuilder.java:addTable(110)) - using custom profile for table: s3SecretTable
2019-09-20 10:24:08,459 [main] INFO  db.DBStoreBuilder (DBStoreBuilder.java:processTables(161)) - Using default column profile:DBProfile.DISK for Table:s3SecretTable
2019-09-20 10:24:08,459 [main] INFO  db.DBStoreBuilder (DBStoreBuilder.java:addTable(110)) - using custom profile for table: prefixTable
2019-09-20 10:24:08,459 [main] INFO  db.DBStoreBuilder (DBStoreBuilder.java:processTables(161)) - Using default column profile:DBProfile.DISK for Table:prefixTable
2019-09-20 10:24:08,460 [main] INFO  db.DBStoreBuilder (DBStoreBuilder.java:addTable(110)) - using custom profile for table: default
2019-09-20 10:24:08,460 [main] INFO  db.DBStoreBuilder (DBStoreBuilder.java:processTables(167)) - Using default column profile:DBProfile.DISK for Table:default
2019-09-20 10:24:08,461 [main] INFO  db.DBStoreBuilder (DBStoreBuilder.java:getDbProfile(198)) - Using default options. DBProfile.DISK
2019-09-20 10:24:08,979 [main] INFO  ipc.CallQueueManager (CallQueueManager.java:<init>(84)) - Using callQueue: class java.util.concurrent.LinkedBlockingQueue, queueCapacity: 2000, scheduler: class org.apache.hadoop.ipc.DefaultRpcScheduler, ipcBackoff: false.
2019-09-20 10:24:08,980 [Socket Reader #1 for port 36670] INFO  ipc.Server (Server.java:run(1074)) - Starting Socket Reader #1 for port 36670
2019-09-20 10:24:09,004 [main] INFO  om.OzoneManager (OzoneManager.java:start(1256)) - OzoneManager RPC server is listening at localhost/127.0.0.1:36670
2019-09-20 10:24:09,005 [main] INFO  impl.MetricsSystemImpl (MetricsSystemImpl.java:init(158)) - OzoneManager metrics system started (again)
2019-09-20 10:24:09,006 [IPC Server Responder] INFO  ipc.Server (Server.java:run(1314)) - IPC Server Responder: starting
2019-09-20 10:24:09,006 [IPC Server listener on 36670] INFO  ipc.Server (Server.java:run(1153)) - IPC Server listener on 36670: starting
2019-09-20 10:24:09,014 [main] INFO  hdfs.DFSUtil (DFSUtil.java:httpServerTemplateForNNAndJN(1641)) - Starting Web-server for ozoneManager at: http://0.0.0.0:0
2019-09-20 10:24:09,017 [main] INFO  server.AuthenticationFilter (AuthenticationFilter.java:constructSecretProvider(240)) - Unable to initialize FileSignerSecretProvider, falling back to use random secrets.
2019-09-20 10:24:09,018 [main] WARN  http.HttpRequestLog (HttpRequestLog.java:getRequestLog(97)) - Jetty request log can only be enabled using Log4j
2019-09-20 10:24:09,022 [main] INFO  http.HttpServer2 (HttpServer2.java:addGlobalFilter(975)) - Added global filter 'safety' (class=org.apache.hadoop.http.HttpServer2$QuotingInputFilter)
2019-09-20 10:24:09,024 [main] INFO  http.HttpServer2 (HttpServer2.java:addFilter(948)) - Added filter static_user_filter (class=org.apache.hadoop.http.lib.StaticUserWebFilter$StaticUserFilter) to context ozoneManager
2019-09-20 10:24:09,024 [main] INFO  http.HttpServer2 (HttpServer2.java:addFilter(958)) - Added filter static_user_filter (class=org.apache.hadoop.http.lib.StaticUserWebFilter$StaticUserFilter) to context logs
2019-09-20 10:24:09,025 [main] INFO  http.HttpServer2 (HttpServer2.java:addFilter(958)) - Added filter static_user_filter (class=org.apache.hadoop.http.lib.StaticUserWebFilter$StaticUserFilter) to context static
2019-09-20 10:24:09,028 [main] INFO  http.HttpServer2 (HttpServer2.java:bindListener(1191)) - Jetty bound to port 39807
2019-09-20 10:24:09,029 [main] INFO  server.Server (Server.java:doStart(351)) - jetty-9.3.24.v20180605, build timestamp: 2018-06-05T17:11:56Z, git hash: 84205aa28f11a4f31f2a3b86d1bba2cc8ab69827
2019-09-20 10:24:09,032 [main] INFO  handler.ContextHandler (ContextHandler.java:doStart(781)) - Started o.e.j.s.ServletContextHandler@65bb9029{/logs,file:///workdir/hadoop-ozone/tools/target/log,AVAILABLE}
2019-09-20 10:24:09,033 [main] INFO  handler.ContextHandler (ContextHandler.java:doStart(781)) - Started o.e.j.s.ServletContextHandler@2b214b94{/static,jar:file:/home/user/.m2/repository/org/apache/hadoop/hadoop-ozone-ozone-manager/0.5.0-SNAPSHOT/hadoop-ozone-ozone-manager-0.5.0-SNAPSHOT.jar!/webapps/static,AVAILABLE}
2019-09-20 10:24:09,122 [main] INFO  handler.ContextHandler (ContextHandler.java:doStart(781)) - Started o.e.j.w.WebAppContext@6b68cb27{/,file:///tmp/jetty-0.0.0.0-39807-ozoneManager-_-any-6021395856640901657.dir/webapp/,AVAILABLE}{/ozoneManager}
2019-09-20 10:24:09,123 [main] INFO  server.AbstractConnector (AbstractConnector.java:doStart(278)) - Started ServerConnector@675ffd1d{HTTP/1.1,[http/1.1]}{0.0.0.0:39807}
2019-09-20 10:24:09,123 [main] INFO  server.Server (Server.java:doStart(419)) - Started @4482ms
2019-09-20 10:24:09,125 [main] INFO  server.BaseHttpServer (BaseHttpServer.java:updateConnectorAddress(213)) - HTTP server of OZONEMANAGER is listening at http://0.0.0.0:39807
2019-09-20 10:24:09,345 [main] INFO  impl.MetricsSystemImpl (MetricsSystemImpl.java:init(158)) - HddsDatanode metrics system started (again)
2019-09-20 10:24:09,427 [main] INFO  ozone.HddsDatanodeService (HddsDatanodeService.java:start(184)) - HddsDatanodeService host:pr-hdds-2034-wmsbd-1222111393 ip:192.168.151.119
2019-09-20 10:24:09,461 [main] INFO  volume.HddsVolume (HddsVolume.java:<init>(176)) - Creating Volume: /workdir/hadoop-ozone/tools/target/test-dir/MiniOzoneClusterImpl-4afbbd81-2c89-4d2f-ad5c-023fbc5472d9/datanode-0/data/containers/hdds of  storage type : DISK and capacity : 1482555576320
2019-09-20 10:24:09,463 [main] INFO  volume.VolumeSet (VolumeSet.java:initializeVolumeSet(170)) - Added Volume : /workdir/hadoop-ozone/tools/target/test-dir/MiniOzoneClusterImpl-4afbbd81-2c89-4d2f-ad5c-023fbc5472d9/datanode-0/data/containers/hdds to VolumeSet
2019-09-20 10:24:09,466 [main] INFO  volume.ThrottledAsyncChecker (ThrottledAsyncChecker.java:schedule(140)) - Scheduling a check for org.apache.hadoop.ozone.container.common.volume.HddsVolume@3f4cd155
2019-09-20 10:24:09,483 [main] INFO  volume.HddsVolumeChecker (HddsVolumeChecker.java:checkAllVolumes(203)) - Scheduled health check for volume org.apache.hadoop.ozone.container.common.volume.HddsVolume@3f4cd155
2019-09-20 10:24:09,624 [main] INFO  impl.RaftServerProxy (ConfUtils.java:logGet(43)) - raft.rpc.type = GRPC (default)
2019-09-20 10:24:09,714 [main] INFO  grpc.GrpcFactory (GrpcFactory.java:checkPooledByteBufAllocatorUseCacheForAllThreads(45)) - PERFORMANCE WARNING: useCacheForAllThreads is true that may cause Netty to create a lot garbage objects and, as a result, trigger GC.
	It is recommended to disable useCacheForAllThreads by setting -Dorg.apache.ratis.thirdparty.io.netty.allocator.useCacheForAllThreads=false in command line.
2019-09-20 10:24:09,720 [main] INFO  grpc.GrpcConfigKeys$Server (ConfUtils.java:logGet(43)) - raft.grpc.server.port = 0 (default)
2019-09-20 10:24:09,721 [main] INFO  server.GrpcService (ConfUtils.java:logGet(43)) - raft.grpc.message.size.max = 33570816 (custom)
2019-09-20 10:24:09,723 [main] INFO  server.RaftServerConfigKeys (ConfUtils.java:logGet(43)) - raft.server.log.appender.buffer.byte-limit = 33554432 (custom)
2019-09-20 10:24:09,723 [main] INFO  server.GrpcService (ConfUtils.java:logGet(43)) - raft.grpc.flow.control.window = 1MB (=1048576) (default)
2019-09-20 10:24:09,724 [main] INFO  server.RaftServerConfigKeys (ConfUtils.java:logGet(43)) - raft.server.rpc.request.timeout = 3000ms (default)
2019-09-20 10:24:09,884 [main] INFO  server.RaftServerConfigKeys (ConfUtils.java:logGet(43)) - raft.server.storage.dir = [/workdir/hadoop-ozone/tools/target/test-dir/MiniOzoneClusterImpl-4afbbd81-2c89-4d2f-ad5c-023fbc5472d9/datanode-0/data/ratis] (custom)
2019-09-20 10:24:09,921 [main] INFO  replication.SimpleContainerDownloader (SimpleContainerDownloader.java:<init>(72)) - Starting container downloader service to copy containers to replicate.
2019-09-20 10:24:09,936 [main] INFO  hdfs.DFSUtil (DFSUtil.java:httpServerTemplateForNNAndJN(1641)) - Starting Web-server for hddsDatanode at: http://0.0.0.0:0
2019-09-20 10:24:09,940 [main] INFO  server.AuthenticationFilter (AuthenticationFilter.java:constructSecretProvider(240)) - Unable to initialize FileSignerSecretProvider, falling back to use random secrets.
2019-09-20 10:24:09,942 [main] WARN  http.HttpRequestLog (HttpRequestLog.java:getRequestLog(97)) - Jetty request log can only be enabled using Log4j
2019-09-20 10:24:09,944 [main] INFO  http.HttpServer2 (HttpServer2.java:addGlobalFilter(975)) - Added global filter 'safety' (class=org.apache.hadoop.http.HttpServer2$QuotingInputFilter)
2019-09-20 10:24:09,945 [main] INFO  http.HttpServer2 (HttpServer2.java:addFilter(948)) - Added filter static_user_filter (class=org.apache.hadoop.http.lib.StaticUserWebFilter$StaticUserFilter) to context hddsDatanode
2019-09-20 10:24:09,946 [main] INFO  http.HttpServer2 (HttpServer2.java:addFilter(958)) - Added filter static_user_filter (class=org.apache.hadoop.http.lib.StaticUserWebFilter$StaticUserFilter) to context logs
2019-09-20 10:24:09,946 [main] INFO  http.HttpServer2 (HttpServer2.java:addFilter(958)) - Added filter static_user_filter (class=org.apache.hadoop.http.lib.StaticUserWebFilter$StaticUserFilter) to context static
2019-09-20 10:24:09,948 [main] INFO  http.HttpServer2 (HttpServer2.java:bindListener(1191)) - Jetty bound to port 42866
2019-09-20 10:24:09,948 [main] INFO  server.Server (Server.java:doStart(351)) - jetty-9.3.24.v20180605, build timestamp: 2018-06-05T17:11:56Z, git hash: 84205aa28f11a4f31f2a3b86d1bba2cc8ab69827
2019-09-20 10:24:09,951 [main] INFO  handler.ContextHandler (ContextHandler.java:doStart(781)) - Started o.e.j.s.ServletContextHandler@68b9834c{/logs,file:///workdir/hadoop-ozone/tools/target/log,AVAILABLE}
2019-09-20 10:24:09,952 [main] INFO  handler.ContextHandler (ContextHandler.java:doStart(781)) - Started o.e.j.s.ServletContextHandler@671d1157{/static,jar:file:/home/user/.m2/repository/org/apache/hadoop/hadoop-hdds-container-service/0.5.0-SNAPSHOT/hadoop-hdds-container-service-0.5.0-SNAPSHOT.jar!/webapps/static,AVAILABLE}
2019-09-20 10:24:09,996 [main] INFO  handler.ContextHandler (ContextHandler.java:doStart(781)) - Started o.e.j.w.WebAppContext@5ea4300e{/,file:///tmp/jetty-0.0.0.0-42866-hddsDatanode-_-any-2978349630403847295.dir/webapp/,AVAILABLE}{/hddsDatanode}
2019-09-20 10:24:09,997 [main] INFO  server.AbstractConnector (AbstractConnector.java:doStart(278)) - Started ServerConnector@5a1c3cb4{HTTP/1.1,[http/1.1]}{0.0.0.0:42866}
2019-09-20 10:24:09,998 [main] INFO  server.Server (Server.java:doStart(419)) - Started @5357ms
2019-09-20 10:24:10,000 [main] INFO  server.BaseHttpServer (BaseHttpServer.java:updateConnectorAddress(213)) - HTTP server of HDDSDATANODE is listening at http://0.0.0.0:42866
2019-09-20 10:24:11,184 | INFO  | ObjectStoreRestHttpServer | Listening HDDS REST traffic on /0.0.0.0:33660 |  
2019-09-20 10:24:11,186 [main] INFO  ozone.HddsDatanodeService (HddsDatanodeService.java:startPlugins(395)) - Started plug-in org.apache.hadoop.ozone.web.OzoneHddsDatanodeService@70b2fa10
2019-09-20 10:24:11,189 [main] INFO  impl.MetricsSystemImpl (MetricsSystemImpl.java:init(158)) - HddsDatanode metrics system started (again)
2019-09-20 10:24:11,194 [main] INFO  ozone.HddsDatanodeService (HddsDatanodeService.java:start(184)) - HddsDatanodeService host:pr-hdds-2034-wmsbd-1222111393 ip:192.168.151.119
2019-09-20 10:24:11,197 [org.apache.hadoop.util.JvmPauseMonitor$Monitor@2ba085d4] INFO  util.JvmPauseMonitor (JvmPauseMonitor.java:run(188)) - Starting JVM pause monitor
2019-09-20 10:24:11,206 [main] INFO  volume.HddsVolume (HddsVolume.java:<init>(176)) - Creating Volume: /workdir/hadoop-ozone/tools/target/test-dir/MiniOzoneClusterImpl-4afbbd81-2c89-4d2f-ad5c-023fbc5472d9/datanode-1/data/containers/hdds of  storage type : DISK and capacity : 1482555576320
2019-09-20 10:24:11,208 [main] INFO  volume.VolumeSet (VolumeSet.java:initializeVolumeSet(170)) - Added Volume : /workdir/hadoop-ozone/tools/target/test-dir/MiniOzoneClusterImpl-4afbbd81-2c89-4d2f-ad5c-023fbc5472d9/datanode-1/data/containers/hdds to VolumeSet
2019-09-20 10:24:11,208 [main] INFO  volume.ThrottledAsyncChecker (ThrottledAsyncChecker.java:schedule(140)) - Scheduling a check for org.apache.hadoop.ozone.container.common.volume.HddsVolume@eed890d
2019-09-20 10:24:11,211 [main] INFO  volume.HddsVolumeChecker (HddsVolumeChecker.java:checkAllVolumes(203)) - Scheduled health check for volume org.apache.hadoop.ozone.container.common.volume.HddsVolume@eed890d
2019-09-20 10:24:11,242 [main] INFO  impl.RaftServerProxy (ConfUtils.java:logGet(43)) - raft.rpc.type = GRPC (default)
2019-09-20 10:24:11,243 [main] INFO  grpc.GrpcFactory (GrpcFactory.java:checkPooledByteBufAllocatorUseCacheForAllThreads(45)) - PERFORMANCE WARNING: useCacheForAllThreads is true that may cause Netty to create a lot garbage objects and, as a result, trigger GC.
	It is recommended to disable useCacheForAllThreads by setting -Dorg.apache.ratis.thirdparty.io.netty.allocator.useCacheForAllThreads=false in command line.
2019-09-20 10:24:11,243 [main] INFO  grpc.GrpcConfigKeys$Server (ConfUtils.java:logGet(43)) - raft.grpc.server.port = 0 (default)
2019-09-20 10:24:11,243 [main] INFO  server.GrpcService (ConfUtils.java:logGet(43)) - raft.grpc.message.size.max = 33570816 (custom)
2019-09-20 10:24:11,244 [main] INFO  server.RaftServerConfigKeys (ConfUtils.java:logGet(43)) - raft.server.log.appender.buffer.byte-limit = 33554432 (custom)
2019-09-20 10:24:11,245 [main] INFO  server.GrpcService (ConfUtils.java:logGet(43)) - raft.grpc.flow.control.window = 1MB (=1048576) (default)
2019-09-20 10:24:11,245 [main] INFO  server.RaftServerConfigKeys (ConfUtils.java:logGet(43)) - raft.server.rpc.request.timeout = 3000ms (default)
2019-09-20 10:24:11,246 [main] INFO  server.RaftServerConfigKeys (ConfUtils.java:logGet(43)) - raft.server.storage.dir = [/workdir/hadoop-ozone/tools/target/test-dir/MiniOzoneClusterImpl-4afbbd81-2c89-4d2f-ad5c-023fbc5472d9/datanode-1/data/ratis] (custom)
2019-09-20 10:24:11,246 [main] INFO  replication.SimpleContainerDownloader (SimpleContainerDownloader.java:<init>(72)) - Starting container downloader service to copy containers to replicate.
2019-09-20 10:24:11,248 [main] INFO  hdfs.DFSUtil (DFSUtil.java:httpServerTemplateForNNAndJN(1641)) - Starting Web-server for hddsDatanode at: http://0.0.0.0:0
2019-09-20 10:24:11,250 [main] INFO  server.AuthenticationFilter (AuthenticationFilter.java:constructSecretProvider(240)) - Unable to initialize FileSignerSecretProvider, falling back to use random secrets.
2019-09-20 10:24:11,251 [main] WARN  http.HttpRequestLog (HttpRequestLog.java:getRequestLog(97)) - Jetty request log can only be enabled using Log4j
2019-09-20 10:24:11,253 [main] INFO  http.HttpServer2 (HttpServer2.java:addGlobalFilter(975)) - Added global filter 'safety' (class=org.apache.hadoop.http.HttpServer2$QuotingInputFilter)
2019-09-20 10:24:11,253 [main] INFO  http.HttpServer2 (HttpServer2.java:addFilter(948)) - Added filter static_user_filter (class=org.apache.hadoop.http.lib.StaticUserWebFilter$StaticUserFilter) to context hddsDatanode
2019-09-20 10:24:11,254 [main] INFO  http.HttpServer2 (HttpServer2.java:addFilter(958)) - Added filter static_user_filter (class=org.apache.hadoop.http.lib.StaticUserWebFilter$StaticUserFilter) to context logs
2019-09-20 10:24:11,254 [main] INFO  http.HttpServer2 (HttpServer2.java:addFilter(958)) - Added filter static_user_filter (class=org.apache.hadoop.http.lib.StaticUserWebFilter$StaticUserFilter) to context static
2019-09-20 10:24:11,255 [main] INFO  http.HttpServer2 (HttpServer2.java:bindListener(1191)) - Jetty bound to port 35560
2019-09-20 10:24:11,255 [main] INFO  server.Server (Server.java:doStart(351)) - jetty-9.3.24.v20180605, build timestamp: 2018-06-05T17:11:56Z, git hash: 84205aa28f11a4f31f2a3b86d1bba2cc8ab69827
2019-09-20 10:24:11,259 [main] INFO  handler.ContextHandler (ContextHandler.java:doStart(781)) - Started o.e.j.s.ServletContextHandler@6467ddc7{/logs,file:///workdir/hadoop-ozone/tools/target/log,AVAILABLE}
2019-09-20 10:24:11,260 [main] INFO  handler.ContextHandler (ContextHandler.java:doStart(781)) - Started o.e.j.s.ServletContextHandler@59636c47{/static,jar:file:/home/user/.m2/repository/org/apache/hadoop/hadoop-hdds-container-service/0.5.0-SNAPSHOT/hadoop-hdds-container-service-0.5.0-SNAPSHOT.jar!/webapps/static,AVAILABLE}
2019-09-20 10:24:11,292 [main] INFO  handler.ContextHandler (ContextHandler.java:doStart(781)) - Started o.e.j.w.WebAppContext@36359723{/,file:///tmp/jetty-0.0.0.0-35560-hddsDatanode-_-any-4951493804453708494.dir/webapp/,AVAILABLE}{/hddsDatanode}
2019-09-20 10:24:11,293 [main] INFO  server.AbstractConnector (AbstractConnector.java:doStart(278)) - Started ServerConnector@1ab14636{HTTP/1.1,[http/1.1]}{0.0.0.0:35560}
2019-09-20 10:24:11,294 [main] INFO  server.Server (Server.java:doStart(419)) - Started @6653ms
2019-09-20 10:24:11,296 [main] INFO  server.BaseHttpServer (BaseHttpServer.java:updateConnectorAddress(213)) - HTTP server of HDDSDATANODE is listening at http://0.0.0.0:35560
2019-09-20 10:24:11,318 [Datanode State Machine Thread - 0] INFO  datanode.InitDatanodeState (InitDatanodeState.java:persistContainerDatanodeDetails(140)) - DatanodeDetails is persisted to /workdir/hadoop-ozone/tools/target/test-dir/MiniOzoneClusterImpl-4afbbd81-2c89-4d2f-ad5c-023fbc5472d9/datanode-0/meta/datanode.id
2019-09-20 10:24:11,496 | INFO  | ObjectStoreRestHttpServer | Listening HDDS REST traffic on /0.0.0.0:33631 |  
2019-09-20 10:24:11,496 [main] INFO  ozone.HddsDatanodeService (HddsDatanodeService.java:startPlugins(395)) - Started plug-in org.apache.hadoop.ozone.web.OzoneHddsDatanodeService@35bd8bc9
2019-09-20 10:24:11,497 [main] INFO  impl.MetricsSystemImpl (MetricsSystemImpl.java:init(158)) - HddsDatanode metrics system started (again)
2019-09-20 10:24:11,500 [org.apache.hadoop.util.JvmPauseMonitor$Monitor@ea3cd3f] INFO  util.JvmPauseMonitor (JvmPauseMonitor.java:run(188)) - Starting JVM pause monitor
2019-09-20 10:24:11,500 [main] INFO  ozone.HddsDatanodeService (HddsDatanodeService.java:start(184)) - HddsDatanodeService host:pr-hdds-2034-wmsbd-1222111393 ip:192.168.151.119
2019-09-20 10:24:11,507 [Datanode State Machine Thread - 0] INFO  datanode.InitDatanodeState (InitDatanodeState.java:persistContainerDatanodeDetails(140)) - DatanodeDetails is persisted to /workdir/hadoop-ozone/tools/target/test-dir/MiniOzoneClusterImpl-4afbbd81-2c89-4d2f-ad5c-023fbc5472d9/datanode-1/meta/datanode.id
2019-09-20 10:24:11,513 [main] INFO  volume.HddsVolume (HddsVolume.java:<init>(176)) - Creating Volume: /workdir/hadoop-ozone/tools/target/test-dir/MiniOzoneClusterImpl-4afbbd81-2c89-4d2f-ad5c-023fbc5472d9/datanode-2/data/containers/hdds of  storage type : DISK and capacity : 1482555576320
2019-09-20 10:24:11,513 [main] INFO  volume.VolumeSet (VolumeSet.java:initializeVolumeSet(170)) - Added Volume : /workdir/hadoop-ozone/tools/target/test-dir/MiniOzoneClusterImpl-4afbbd81-2c89-4d2f-ad5c-023fbc5472d9/datanode-2/data/containers/hdds to VolumeSet
2019-09-20 10:24:11,514 [main] INFO  volume.ThrottledAsyncChecker (ThrottledAsyncChecker.java:schedule(140)) - Scheduling a check for org.apache.hadoop.ozone.container.common.volume.HddsVolume@30a9e3db
2019-09-20 10:24:11,514 [main] INFO  volume.HddsVolumeChecker (HddsVolumeChecker.java:checkAllVolumes(203)) - Scheduled health check for volume org.apache.hadoop.ozone.container.common.volume.HddsVolume@30a9e3db
2019-09-20 10:24:11,539 [main] INFO  impl.RaftServerProxy (ConfUtils.java:logGet(43)) - raft.rpc.type = GRPC (default)
2019-09-20 10:24:11,540 [main] INFO  grpc.GrpcFactory (GrpcFactory.java:checkPooledByteBufAllocatorUseCacheForAllThreads(45)) - PERFORMANCE WARNING: useCacheForAllThreads is true that may cause Netty to create a lot garbage objects and, as a result, trigger GC.
	It is recommended to disable useCacheForAllThreads by setting -Dorg.apache.ratis.thirdparty.io.netty.allocator.useCacheForAllThreads=false in command line.
2019-09-20 10:24:11,540 [main] INFO  grpc.GrpcConfigKeys$Server (ConfUtils.java:logGet(43)) - raft.grpc.server.port = 0 (default)
2019-09-20 10:24:11,541 [main] INFO  server.GrpcService (ConfUtils.java:logGet(43)) - raft.grpc.message.size.max = 33570816 (custom)
2019-09-20 10:24:11,541 [main] INFO  server.RaftServerConfigKeys (ConfUtils.java:logGet(43)) - raft.server.log.appender.buffer.byte-limit = 33554432 (custom)
2019-09-20 10:24:11,541 [main] INFO  server.GrpcService (ConfUtils.java:logGet(43)) - raft.grpc.flow.control.window = 1MB (=1048576) (default)
2019-09-20 10:24:11,542 [main] INFO  server.RaftServerConfigKeys (ConfUtils.java:logGet(43)) - raft.server.rpc.request.timeout = 3000ms (default)
2019-09-20 10:24:11,543 [main] INFO  server.RaftServerConfigKeys (ConfUtils.java:logGet(43)) - raft.server.storage.dir = [/workdir/hadoop-ozone/tools/target/test-dir/MiniOzoneClusterImpl-4afbbd81-2c89-4d2f-ad5c-023fbc5472d9/datanode-2/data/ratis] (custom)
2019-09-20 10:24:11,544 [main] INFO  replication.SimpleContainerDownloader (SimpleContainerDownloader.java:<init>(72)) - Starting container downloader service to copy containers to replicate.
2019-09-20 10:24:11,545 [main] INFO  hdfs.DFSUtil (DFSUtil.java:httpServerTemplateForNNAndJN(1641)) - Starting Web-server for hddsDatanode at: http://0.0.0.0:0
2019-09-20 10:24:11,548 [main] INFO  server.AuthenticationFilter (AuthenticationFilter.java:constructSecretProvider(240)) - Unable to initialize FileSignerSecretProvider, falling back to use random secrets.
2019-09-20 10:24:11,548 [main] WARN  http.HttpRequestLog (HttpRequestLog.java:getRequestLog(97)) - Jetty request log can only be enabled using Log4j
2019-09-20 10:24:11,551 [main] INFO  http.HttpServer2 (HttpServer2.java:addGlobalFilter(975)) - Added global filter 'safety' (class=org.apache.hadoop.http.HttpServer2$QuotingInputFilter)
2019-09-20 10:24:11,552 [main] INFO  http.HttpServer2 (HttpServer2.java:addFilter(948)) - Added filter static_user_filter (class=org.apache.hadoop.http.lib.StaticUserWebFilter$StaticUserFilter) to context hddsDatanode
2019-09-20 10:24:11,552 [main] INFO  http.HttpServer2 (HttpServer2.java:addFilter(958)) - Added filter static_user_filter (class=org.apache.hadoop.http.lib.StaticUserWebFilter$StaticUserFilter) to context logs
2019-09-20 10:24:11,553 [main] INFO  http.HttpServer2 (HttpServer2.java:addFilter(958)) - Added filter static_user_filter (class=org.apache.hadoop.http.lib.StaticUserWebFilter$StaticUserFilter) to context static
2019-09-20 10:24:11,554 [main] INFO  http.HttpServer2 (HttpServer2.java:bindListener(1191)) - Jetty bound to port 35240
2019-09-20 10:24:11,554 [main] INFO  server.Server (Server.java:doStart(351)) - jetty-9.3.24.v20180605, build timestamp: 2018-06-05T17:11:56Z, git hash: 84205aa28f11a4f31f2a3b86d1bba2cc8ab69827
2019-09-20 10:24:11,557 [main] INFO  handler.ContextHandler (ContextHandler.java:doStart(781)) - Started o.e.j.s.ServletContextHandler@78c262ba{/logs,file:///workdir/hadoop-ozone/tools/target/log,AVAILABLE}
2019-09-20 10:24:11,558 [main] INFO  handler.ContextHandler (ContextHandler.java:doStart(781)) - Started o.e.j.s.ServletContextHandler@329dc214{/static,jar:file:/home/user/.m2/repository/org/apache/hadoop/hadoop-hdds-container-service/0.5.0-SNAPSHOT/hadoop-hdds-container-service-0.5.0-SNAPSHOT.jar!/webapps/static,AVAILABLE}
2019-09-20 10:24:11,606 [main] INFO  handler.ContextHandler (ContextHandler.java:doStart(781)) - Started o.e.j.w.WebAppContext@3a0aaaf0{/,file:///tmp/jetty-0.0.0.0-35240-hddsDatanode-_-any-1250220314391299925.dir/webapp/,AVAILABLE}{/hddsDatanode}
2019-09-20 10:24:11,608 [main] INFO  server.AbstractConnector (AbstractConnector.java:doStart(278)) - Started ServerConnector@426131d7{HTTP/1.1,[http/1.1]}{0.0.0.0:35240}
2019-09-20 10:24:11,610 [main] INFO  server.Server (Server.java:doStart(419)) - Started @6968ms
2019-09-20 10:24:11,611 [main] INFO  server.BaseHttpServer (BaseHttpServer.java:updateConnectorAddress(213)) - HTTP server of HDDSDATANODE is listening at http://0.0.0.0:35240
2019-09-20 10:24:11,801 | INFO  | ObjectStoreRestHttpServer | Listening HDDS REST traffic on /0.0.0.0:34662 |  
2019-09-20 10:24:11,802 [main] INFO  ozone.HddsDatanodeService (HddsDatanodeService.java:startPlugins(395)) - Started plug-in org.apache.hadoop.ozone.web.OzoneHddsDatanodeService@42c0a16e
2019-09-20 10:24:11,802 [main] INFO  impl.MetricsSystemImpl (MetricsSystemImpl.java:init(158)) - HddsDatanode metrics system started (again)
2019-09-20 10:24:11,806 [main] INFO  ozone.HddsDatanodeService (HddsDatanodeService.java:start(184)) - HddsDatanodeService host:pr-hdds-2034-wmsbd-1222111393 ip:192.168.151.119
2019-09-20 10:24:11,806 [org.apache.hadoop.util.JvmPauseMonitor$Monitor@40ca5085] INFO  util.JvmPauseMonitor (JvmPauseMonitor.java:run(188)) - Starting JVM pause monitor
2019-09-20 10:24:11,810 [Datanode State Machine Thread - 0] INFO  datanode.InitDatanodeState (InitDatanodeState.java:persistContainerDatanodeDetails(140)) - DatanodeDetails is persisted to /workdir/hadoop-ozone/tools/target/test-dir/MiniOzoneClusterImpl-4afbbd81-2c89-4d2f-ad5c-023fbc5472d9/datanode-2/meta/datanode.id
2019-09-20 10:24:11,814 [main] INFO  volume.HddsVolume (HddsVolume.java:<init>(176)) - Creating Volume: /workdir/hadoop-ozone/tools/target/test-dir/MiniOzoneClusterImpl-4afbbd81-2c89-4d2f-ad5c-023fbc5472d9/datanode-3/data/containers/hdds of  storage type : DISK and capacity : 1482555576320
2019-09-20 10:24:11,814 [main] INFO  volume.VolumeSet (VolumeSet.java:initializeVolumeSet(170)) - Added Volume : /workdir/hadoop-ozone/tools/target/test-dir/MiniOzoneClusterImpl-4afbbd81-2c89-4d2f-ad5c-023fbc5472d9/datanode-3/data/containers/hdds to VolumeSet
2019-09-20 10:24:11,815 [main] INFO  volume.ThrottledAsyncChecker (ThrottledAsyncChecker.java:schedule(140)) - Scheduling a check for org.apache.hadoop.ozone.container.common.volume.HddsVolume@62cbc478
2019-09-20 10:24:11,815 [main] INFO  volume.HddsVolumeChecker (HddsVolumeChecker.java:checkAllVolumes(203)) - Scheduled health check for volume org.apache.hadoop.ozone.container.common.volume.HddsVolume@62cbc478
2019-09-20 10:24:11,832 [main] INFO  impl.RaftServerProxy (ConfUtils.java:logGet(43)) - raft.rpc.type = GRPC (default)
2019-09-20 10:24:11,832 [main] INFO  grpc.GrpcFactory (GrpcFactory.java:checkPooledByteBufAllocatorUseCacheForAllThreads(45)) - PERFORMANCE WARNING: useCacheForAllThreads is true that may cause Netty to create a lot garbage objects and, as a result, trigger GC.
	It is recommended to disable useCacheForAllThreads by setting -Dorg.apache.ratis.thirdparty.io.netty.allocator.useCacheForAllThreads=false in command line.
2019-09-20 10:24:11,833 [main] INFO  grpc.GrpcConfigKeys$Server (ConfUtils.java:logGet(43)) - raft.grpc.server.port = 0 (default)
2019-09-20 10:24:11,833 [main] INFO  server.GrpcService (ConfUtils.java:logGet(43)) - raft.grpc.message.size.max = 33570816 (custom)
2019-09-20 10:24:11,833 [main] INFO  server.RaftServerConfigKeys (ConfUtils.java:logGet(43)) - raft.server.log.appender.buffer.byte-limit = 33554432 (custom)
2019-09-20 10:24:11,833 [main] INFO  server.GrpcService (ConfUtils.java:logGet(43)) - raft.grpc.flow.control.window = 1MB (=1048576) (default)
2019-09-20 10:24:11,834 [main] INFO  server.RaftServerConfigKeys (ConfUtils.java:logGet(43)) - raft.server.rpc.request.timeout = 3000ms (default)
2019-09-20 10:24:11,834 [main] INFO  server.RaftServerConfigKeys (ConfUtils.java:logGet(43)) - raft.server.storage.dir = [/workdir/hadoop-ozone/tools/target/test-dir/MiniOzoneClusterImpl-4afbbd81-2c89-4d2f-ad5c-023fbc5472d9/datanode-3/data/ratis] (custom)
2019-09-20 10:24:11,835 [main] INFO  replication.SimpleContainerDownloader (SimpleContainerDownloader.java:<init>(72)) - Starting container downloader service to copy containers to replicate.
2019-09-20 10:24:11,836 [main] INFO  hdfs.DFSUtil (DFSUtil.java:httpServerTemplateForNNAndJN(1641)) - Starting Web-server for hddsDatanode at: http://0.0.0.0:0
2019-09-20 10:24:11,839 [main] INFO  server.AuthenticationFilter (AuthenticationFilter.java:constructSecretProvider(240)) - Unable to initialize FileSignerSecretProvider, falling back to use random secrets.
2019-09-20 10:24:11,840 [main] WARN  http.HttpRequestLog (HttpRequestLog.java:getRequestLog(97)) - Jetty request log can only be enabled using Log4j
2019-09-20 10:24:11,843 [main] INFO  http.HttpServer2 (HttpServer2.java:addGlobalFilter(975)) - Added global filter 'safety' (class=org.apache.hadoop.http.HttpServer2$QuotingInputFilter)
2019-09-20 10:24:11,844 [main] INFO  http.HttpServer2 (HttpServer2.java:addFilter(948)) - Added filter static_user_filter (class=org.apache.hadoop.http.lib.StaticUserWebFilter$StaticUserFilter) to context hddsDatanode
2019-09-20 10:24:11,844 [main] INFO  http.HttpServer2 (HttpServer2.java:addFilter(958)) - Added filter static_user_filter (class=org.apache.hadoop.http.lib.StaticUserWebFilter$StaticUserFilter) to context static
2019-09-20 10:24:11,845 [main] INFO  http.HttpServer2 (HttpServer2.java:addFilter(958)) - Added filter static_user_filter (class=org.apache.hadoop.http.lib.StaticUserWebFilter$StaticUserFilter) to context logs
2019-09-20 10:24:11,846 [main] INFO  http.HttpServer2 (HttpServer2.java:bindListener(1191)) - Jetty bound to port 39616
2019-09-20 10:24:11,846 [main] INFO  server.Server (Server.java:doStart(351)) - jetty-9.3.24.v20180605, build timestamp: 2018-06-05T17:11:56Z, git hash: 84205aa28f11a4f31f2a3b86d1bba2cc8ab69827
2019-09-20 10:24:11,851 [main] INFO  handler.ContextHandler (ContextHandler.java:doStart(781)) - Started o.e.j.s.ServletContextHandler@17ff8810{/logs,file:///workdir/hadoop-ozone/tools/target/log,AVAILABLE}
2019-09-20 10:24:11,852 [main] INFO  handler.ContextHandler (ContextHandler.java:doStart(781)) - Started o.e.j.s.ServletContextHandler@67b61834{/static,jar:file:/home/user/.m2/repository/org/apache/hadoop/hadoop-hdds-container-service/0.5.0-SNAPSHOT/hadoop-hdds-container-service-0.5.0-SNAPSHOT.jar!/webapps/static,AVAILABLE}
2019-09-20 10:24:11,898 [main] INFO  handler.ContextHandler (ContextHandler.java:doStart(781)) - Started o.e.j.w.WebAppContext@7558633{/,file:///tmp/jetty-0.0.0.0-39616-hddsDatanode-_-any-8372788259906029100.dir/webapp/,AVAILABLE}{/hddsDatanode}
2019-09-20 10:24:11,900 [main] INFO  server.AbstractConnector (AbstractConnector.java:doStart(278)) - Started ServerConnector@5657967b{HTTP/1.1,[http/1.1]}{0.0.0.0:39616}
2019-09-20 10:24:11,900 [main] INFO  server.Server (Server.java:doStart(419)) - Started @7259ms
2019-09-20 10:24:11,901 [main] INFO  server.BaseHttpServer (BaseHttpServer.java:updateConnectorAddress(213)) - HTTP server of HDDSDATANODE is listening at http://0.0.0.0:39616
2019-09-20 10:24:12,066 | INFO  | ObjectStoreRestHttpServer | Listening HDDS REST traffic on /0.0.0.0:45202 |  
2019-09-20 10:24:12,066 [main] INFO  ozone.HddsDatanodeService (HddsDatanodeService.java:startPlugins(395)) - Started plug-in org.apache.hadoop.ozone.web.OzoneHddsDatanodeService@5e3db14
2019-09-20 10:24:12,067 [main] INFO  impl.MetricsSystemImpl (MetricsSystemImpl.java:init(158)) - HddsDatanode metrics system started (again)
2019-09-20 10:24:12,071 [org.apache.hadoop.util.JvmPauseMonitor$Monitor@43017216] INFO  util.JvmPauseMonitor (JvmPauseMonitor.java:run(188)) - Starting JVM pause monitor
2019-09-20 10:24:12,071 [main] INFO  ozone.HddsDatanodeService (HddsDatanodeService.java:start(184)) - HddsDatanodeService host:pr-hdds-2034-wmsbd-1222111393 ip:192.168.151.119
2019-09-20 10:24:12,075 [Datanode State Machine Thread - 0] INFO  datanode.InitDatanodeState (InitDatanodeState.java:persistContainerDatanodeDetails(140)) - DatanodeDetails is persisted to /workdir/hadoop-ozone/tools/target/test-dir/MiniOzoneClusterImpl-4afbbd81-2c89-4d2f-ad5c-023fbc5472d9/datanode-3/meta/datanode.id
2019-09-20 10:24:12,081 [main] INFO  volume.HddsVolume (HddsVolume.java:<init>(176)) - Creating Volume: /workdir/hadoop-ozone/tools/target/test-dir/MiniOzoneClusterImpl-4afbbd81-2c89-4d2f-ad5c-023fbc5472d9/datanode-4/data/containers/hdds of  storage type : DISK and capacity : 1482555576320
2019-09-20 10:24:12,082 [main] INFO  volume.VolumeSet (VolumeSet.java:initializeVolumeSet(170)) - Added Volume : /workdir/hadoop-ozone/tools/target/test-dir/MiniOzoneClusterImpl-4afbbd81-2c89-4d2f-ad5c-023fbc5472d9/datanode-4/data/containers/hdds to VolumeSet
2019-09-20 10:24:12,082 [main] INFO  volume.ThrottledAsyncChecker (ThrottledAsyncChecker.java:schedule(140)) - Scheduling a check for org.apache.hadoop.ozone.container.common.volume.HddsVolume@37775bb1
2019-09-20 10:24:12,083 [main] INFO  volume.HddsVolumeChecker (HddsVolumeChecker.java:checkAllVolumes(203)) - Scheduled health check for volume org.apache.hadoop.ozone.container.common.volume.HddsVolume@37775bb1
2019-09-20 10:24:12,101 [main] INFO  impl.RaftServerProxy (ConfUtils.java:logGet(43)) - raft.rpc.type = GRPC (default)
2019-09-20 10:24:12,101 [main] INFO  grpc.GrpcFactory (GrpcFactory.java:checkPooledByteBufAllocatorUseCacheForAllThreads(45)) - PERFORMANCE WARNING: useCacheForAllThreads is true that may cause Netty to create a lot garbage objects and, as a result, trigger GC.
	It is recommended to disable useCacheForAllThreads by setting -Dorg.apache.ratis.thirdparty.io.netty.allocator.useCacheForAllThreads=false in command line.
2019-09-20 10:24:12,101 [main] INFO  grpc.GrpcConfigKeys$Server (ConfUtils.java:logGet(43)) - raft.grpc.server.port = 0 (default)
2019-09-20 10:24:12,102 [main] INFO  server.GrpcService (ConfUtils.java:logGet(43)) - raft.grpc.message.size.max = 33570816 (custom)
2019-09-20 10:24:12,102 [main] INFO  server.RaftServerConfigKeys (ConfUtils.java:logGet(43)) - raft.server.log.appender.buffer.byte-limit = 33554432 (custom)
2019-09-20 10:24:12,102 [main] INFO  server.GrpcService (ConfUtils.java:logGet(43)) - raft.grpc.flow.control.window = 1MB (=1048576) (default)
2019-09-20 10:24:12,102 [main] INFO  server.RaftServerConfigKeys (ConfUtils.java:logGet(43)) - raft.server.rpc.request.timeout = 3000ms (default)
2019-09-20 10:24:12,103 [main] INFO  server.RaftServerConfigKeys (ConfUtils.java:logGet(43)) - raft.server.storage.dir = [/workdir/hadoop-ozone/tools/target/test-dir/MiniOzoneClusterImpl-4afbbd81-2c89-4d2f-ad5c-023fbc5472d9/datanode-4/data/ratis] (custom)
2019-09-20 10:24:12,103 [main] INFO  replication.SimpleContainerDownloader (SimpleContainerDownloader.java:<init>(72)) - Starting container downloader service to copy containers to replicate.
2019-09-20 10:24:12,104 [main] INFO  hdfs.DFSUtil (DFSUtil.java:httpServerTemplateForNNAndJN(1641)) - Starting Web-server for hddsDatanode at: http://0.0.0.0:0
2019-09-20 10:24:12,106 [main] INFO  server.AuthenticationFilter (AuthenticationFilter.java:constructSecretProvider(240)) - Unable to initialize FileSignerSecretProvider, falling back to use random secrets.
2019-09-20 10:24:12,106 [main] WARN  http.HttpRequestLog (HttpRequestLog.java:getRequestLog(97)) - Jetty request log can only be enabled using Log4j
2019-09-20 10:24:12,108 [main] INFO  http.HttpServer2 (HttpServer2.java:addGlobalFilter(975)) - Added global filter 'safety' (class=org.apache.hadoop.http.HttpServer2$QuotingInputFilter)
2019-09-20 10:24:12,108 [main] INFO  http.HttpServer2 (HttpServer2.java:addFilter(948)) - Added filter static_user_filter (class=org.apache.hadoop.http.lib.StaticUserWebFilter$StaticUserFilter) to context hddsDatanode
2019-09-20 10:24:12,109 [main] INFO  http.HttpServer2 (HttpServer2.java:addFilter(958)) - Added filter static_user_filter (class=org.apache.hadoop.http.lib.StaticUserWebFilter$StaticUserFilter) to context static
2019-09-20 10:24:12,109 [main] INFO  http.HttpServer2 (HttpServer2.java:addFilter(958)) - Added filter static_user_filter (class=org.apache.hadoop.http.lib.StaticUserWebFilter$StaticUserFilter) to context logs
2019-09-20 10:24:12,112 [main] INFO  http.HttpServer2 (HttpServer2.java:bindListener(1191)) - Jetty bound to port 45248
2019-09-20 10:24:12,112 [main] INFO  server.Server (Server.java:doStart(351)) - jetty-9.3.24.v20180605, build timestamp: 2018-06-05T17:11:56Z, git hash: 84205aa28f11a4f31f2a3b86d1bba2cc8ab69827
2019-09-20 10:24:12,114 [main] INFO  handler.ContextHandler (ContextHandler.java:doStart(781)) - Started o.e.j.s.ServletContextHandler@5763a655{/logs,file:///workdir/hadoop-ozone/tools/target/log,AVAILABLE}
2019-09-20 10:24:12,114 [main] INFO  handler.ContextHandler (ContextHandler.java:doStart(781)) - Started o.e.j.s.ServletContextHandler@46bb0bdf{/static,jar:file:/home/user/.m2/repository/org/apache/hadoop/hadoop-hdds-container-service/0.5.0-SNAPSHOT/hadoop-hdds-container-service-0.5.0-SNAPSHOT.jar!/webapps/static,AVAILABLE}
2019-09-20 10:24:12,144 [main] INFO  handler.ContextHandler (ContextHandler.java:doStart(781)) - Started o.e.j.w.WebAppContext@76a362a4{/,file:///tmp/jetty-0.0.0.0-45248-hddsDatanode-_-any-7724583835432664263.dir/webapp/,AVAILABLE}{/hddsDatanode}
2019-09-20 10:24:12,144 [main] INFO  server.AbstractConnector (AbstractConnector.java:doStart(278)) - Started ServerConnector@61da0413{HTTP/1.1,[http/1.1]}{0.0.0.0:45248}
2019-09-20 10:24:12,145 [main] INFO  server.Server (Server.java:doStart(419)) - Started @7504ms
2019-09-20 10:24:12,146 [main] INFO  server.BaseHttpServer (BaseHttpServer.java:updateConnectorAddress(213)) - HTTP server of HDDSDATANODE is listening at http://0.0.0.0:45248
2019-09-20 10:24:12,295 | INFO  | ObjectStoreRestHttpServer | Listening HDDS REST traffic on /0.0.0.0:33320 |  
2019-09-20 10:24:12,295 [main] INFO  ozone.HddsDatanodeService (HddsDatanodeService.java:startPlugins(395)) - Started plug-in org.apache.hadoop.ozone.web.OzoneHddsDatanodeService@69f080ad
2019-09-20 10:24:12,298 [main] INFO  ozone.MiniOzoneClusterImpl (MiniOzoneClusterImpl.java:lambda$waitForClusterToBeReady$0(145)) - Waiting for nodes to be ready. Got 0 of 5 DN Heartbeats.
2019-09-20 10:24:12,298 [main] INFO  ozone.MiniOzoneClusterImpl (MiniOzoneClusterImpl.java:lambda$waitForClusterToBeReady$0(148)) - Waiting for cluster to exit safe mode
2019-09-20 10:24:12,300 [org.apache.hadoop.util.JvmPauseMonitor$Monitor@40014df2] INFO  util.JvmPauseMonitor (JvmPauseMonitor.java:run(188)) - Starting JVM pause monitor
2019-09-20 10:24:12,303 [Datanode State Machine Thread - 0] INFO  datanode.InitDatanodeState (InitDatanodeState.java:persistContainerDatanodeDetails(140)) - DatanodeDetails is persisted to /workdir/hadoop-ozone/tools/target/test-dir/MiniOzoneClusterImpl-4afbbd81-2c89-4d2f-ad5c-023fbc5472d9/datanode-4/meta/datanode.id
2019-09-20 10:24:13,230 | INFO  | SCMAudit | user=jenkins1000 | ip=192.168.151.119 | op=GET_VERSION null | ret=SUCCESS |  
2019-09-20 10:24:13,262 [Datanode State Machine Thread - 0] INFO  ozoneimpl.OzoneContainer (OzoneContainer.java:start(186)) - Attempting to start container services.
2019-09-20 10:24:13,264 [Datanode State Machine Thread - 0] INFO  ozoneimpl.OzoneContainer (OzoneContainer.java:startContainerScrub(160)) - Background container scrubber has been disabled by hdds.containerscrub.enabled
2019-09-20 10:24:13,264 [Datanode State Machine Thread - 0] INFO  ratis.XceiverServerRatis (XceiverServerRatis.java:start(404)) - Starting XceiverServerRatis 8b03a9e7-d22e-47f6-878a-e6fe5d2c5bae at port 0
2019-09-20 10:24:13,286 [Datanode State Machine Thread - 0] INFO  impl.RaftServerProxy (RaftServerProxy.java:lambda$start$3(299)) - 8b03a9e7-d22e-47f6-878a-e6fe5d2c5bae: start RPC server
2019-09-20 10:24:13,299 [main] INFO  ozone.MiniOzoneClusterImpl (MiniOzoneClusterImpl.java:lambda$waitForClusterToBeReady$0(145)) - Waiting for nodes to be ready. Got 0 of 5 DN Heartbeats.
2019-09-20 10:24:13,299 [main] INFO  ozone.MiniOzoneClusterImpl (MiniOzoneClusterImpl.java:lambda$waitForClusterToBeReady$0(148)) - Waiting for cluster to exit safe mode
2019-09-20 10:24:13,488 [Datanode State Machine Thread - 0] INFO  server.GrpcService (GrpcService.java:startImpl(149)) - 8b03a9e7-d22e-47f6-878a-e6fe5d2c5bae: GrpcService started, listening on 0.0.0.0/0.0.0.0:44383
2019-09-20 10:24:13,489 [Datanode State Machine Thread - 0] INFO  ratis.XceiverServerRatis (XceiverServerRatis.java:start(414)) - XceiverServerRatis 8b03a9e7-d22e-47f6-878a-e6fe5d2c5bae is started using port 44383
2019-09-20 10:24:13,492 [Datanode State Machine Thread - 0] INFO  server.XceiverServerGrpc (XceiverServerGrpc.java:start(163)) - XceiverServerGrpc 8b03a9e7-d22e-47f6-878a-e6fe5d2c5bae is started using port 44661
2019-09-20 10:24:13,519 | INFO  | SCMAudit | user=jenkins1000 | ip=192.168.151.119 | op=GET_VERSION null | ret=SUCCESS |  
2019-09-20 10:24:13,536 [Datanode State Machine Thread - 0] INFO  ozoneimpl.OzoneContainer (OzoneContainer.java:start(186)) - Attempting to start container services.
2019-09-20 10:24:13,538 [Datanode State Machine Thread - 0] INFO  ozoneimpl.OzoneContainer (OzoneContainer.java:startContainerScrub(160)) - Background container scrubber has been disabled by hdds.containerscrub.enabled
2019-09-20 10:24:13,538 [Datanode State Machine Thread - 0] INFO  ratis.XceiverServerRatis (XceiverServerRatis.java:start(404)) - Starting XceiverServerRatis e4b024ee-04cf-486e-8320-fcd01e1b98f4 at port 0
2019-09-20 10:24:13,546 [Datanode State Machine Thread - 0] INFO  impl.RaftServerProxy (RaftServerProxy.java:lambda$start$3(299)) - e4b024ee-04cf-486e-8320-fcd01e1b98f4: start RPC server
2019-09-20 10:24:13,549 [Datanode State Machine Thread - 0] INFO  server.GrpcService (GrpcService.java:startImpl(149)) - e4b024ee-04cf-486e-8320-fcd01e1b98f4: GrpcService started, listening on 0.0.0.0/0.0.0.0:43904
2019-09-20 10:24:13,549 [Datanode State Machine Thread - 0] INFO  ratis.XceiverServerRatis (XceiverServerRatis.java:start(414)) - XceiverServerRatis e4b024ee-04cf-486e-8320-fcd01e1b98f4 is started using port 43904
2019-09-20 10:24:13,551 [Datanode State Machine Thread - 0] INFO  server.XceiverServerGrpc (XceiverServerGrpc.java:start(163)) - XceiverServerGrpc e4b024ee-04cf-486e-8320-fcd01e1b98f4 is started using port 38562
2019-09-20 10:24:13,809 | INFO  | SCMAudit | user=jenkins1000 | ip=192.168.151.119 | op=GET_VERSION null | ret=SUCCESS |  
2019-09-20 10:24:13,831 [Datanode State Machine Thread - 0] INFO  ozoneimpl.OzoneContainer (OzoneContainer.java:start(186)) - Attempting to start container services.
2019-09-20 10:24:13,833 [Datanode State Machine Thread - 0] INFO  ozoneimpl.OzoneContainer (OzoneContainer.java:startContainerScrub(160)) - Background container scrubber has been disabled by hdds.containerscrub.enabled
2019-09-20 10:24:13,833 [Datanode State Machine Thread - 0] INFO  ratis.XceiverServerRatis (XceiverServerRatis.java:start(404)) - Starting XceiverServerRatis 96779042-7d00-4831-92bc-784ad4e7e4a2 at port 0
2019-09-20 10:24:13,843 [Datanode State Machine Thread - 0] INFO  impl.RaftServerProxy (RaftServerProxy.java:lambda$start$3(299)) - 96779042-7d00-4831-92bc-784ad4e7e4a2: start RPC server
2019-09-20 10:24:13,846 [Datanode State Machine Thread - 0] INFO  server.GrpcService (GrpcService.java:startImpl(149)) - 96779042-7d00-4831-92bc-784ad4e7e4a2: GrpcService started, listening on 0.0.0.0/0.0.0.0:36731
2019-09-20 10:24:13,847 [Datanode State Machine Thread - 0] INFO  ratis.XceiverServerRatis (XceiverServerRatis.java:start(414)) - XceiverServerRatis 96779042-7d00-4831-92bc-784ad4e7e4a2 is started using port 36731
2019-09-20 10:24:13,849 [Datanode State Machine Thread - 0] INFO  server.XceiverServerGrpc (XceiverServerGrpc.java:start(163)) - XceiverServerGrpc 96779042-7d00-4831-92bc-784ad4e7e4a2 is started using port 38066
2019-09-20 10:24:14,076 | INFO  | SCMAudit | user=jenkins1000 | ip=192.168.151.119 | op=GET_VERSION null | ret=SUCCESS |  
2019-09-20 10:24:14,090 [Datanode State Machine Thread - 0] INFO  ozoneimpl.OzoneContainer (OzoneContainer.java:start(186)) - Attempting to start container services.
2019-09-20 10:24:14,092 [Datanode State Machine Thread - 0] INFO  ozoneimpl.OzoneContainer (OzoneContainer.java:startContainerScrub(160)) - Background container scrubber has been disabled by hdds.containerscrub.enabled
2019-09-20 10:24:14,092 [Datanode State Machine Thread - 0] INFO  ratis.XceiverServerRatis (XceiverServerRatis.java:start(404)) - Starting XceiverServerRatis e9bdb0c6-ddf0-4e6a-972a-18923aa30d04 at port 0
2019-09-20 10:24:14,103 [Datanode State Machine Thread - 0] INFO  impl.RaftServerProxy (RaftServerProxy.java:lambda$start$3(299)) - e9bdb0c6-ddf0-4e6a-972a-18923aa30d04: start RPC server
2019-09-20 10:24:14,106 [Datanode State Machine Thread - 0] INFO  server.GrpcService (GrpcService.java:startImpl(149)) - e9bdb0c6-ddf0-4e6a-972a-18923aa30d04: GrpcService started, listening on 0.0.0.0/0.0.0.0:42835
2019-09-20 10:24:14,107 [Datanode State Machine Thread - 0] INFO  ratis.XceiverServerRatis (XceiverServerRatis.java:start(414)) - XceiverServerRatis e9bdb0c6-ddf0-4e6a-972a-18923aa30d04 is started using port 42835
2019-09-20 10:24:14,110 [Datanode State Machine Thread - 0] INFO  server.XceiverServerGrpc (XceiverServerGrpc.java:start(163)) - XceiverServerGrpc e9bdb0c6-ddf0-4e6a-972a-18923aa30d04 is started using port 37944
2019-09-20 10:24:14,299 [main] INFO  ozone.MiniOzoneClusterImpl (MiniOzoneClusterImpl.java:lambda$waitForClusterToBeReady$0(145)) - Waiting for nodes to be ready. Got 0 of 5 DN Heartbeats.
2019-09-20 10:24:14,300 [main] INFO  ozone.MiniOzoneClusterImpl (MiniOzoneClusterImpl.java:lambda$waitForClusterToBeReady$0(148)) - Waiting for cluster to exit safe mode
2019-09-20 10:24:14,303 | INFO  | SCMAudit | user=jenkins1000 | ip=192.168.151.119 | op=GET_VERSION null | ret=SUCCESS |  
2019-09-20 10:24:14,317 [Datanode State Machine Thread - 0] INFO  ozoneimpl.OzoneContainer (OzoneContainer.java:start(186)) - Attempting to start container services.
2019-09-20 10:24:14,324 [Datanode State Machine Thread - 0] INFO  ozoneimpl.OzoneContainer (OzoneContainer.java:startContainerScrub(160)) - Background container scrubber has been disabled by hdds.containerscrub.enabled
2019-09-20 10:24:14,324 [Datanode State Machine Thread - 0] INFO  ratis.XceiverServerRatis (XceiverServerRatis.java:start(404)) - Starting XceiverServerRatis e5c196f9-6099-48db-bdcb-79bd2855f89c at port 0
2019-09-20 10:24:14,331 [Datanode State Machine Thread - 0] INFO  impl.RaftServerProxy (RaftServerProxy.java:lambda$start$3(299)) - e5c196f9-6099-48db-bdcb-79bd2855f89c: start RPC server
2019-09-20 10:24:14,334 [Datanode State Machine Thread - 0] INFO  server.GrpcService (GrpcService.java:startImpl(149)) - e5c196f9-6099-48db-bdcb-79bd2855f89c: GrpcService started, listening on 0.0.0.0/0.0.0.0:38896
2019-09-20 10:24:14,334 [Datanode State Machine Thread - 0] INFO  ratis.XceiverServerRatis (XceiverServerRatis.java:start(414)) - XceiverServerRatis e5c196f9-6099-48db-bdcb-79bd2855f89c is started using port 38896
2019-09-20 10:24:14,337 [Datanode State Machine Thread - 0] INFO  server.XceiverServerGrpc (XceiverServerGrpc.java:start(163)) - XceiverServerGrpc e5c196f9-6099-48db-bdcb-79bd2855f89c is started using port 38246
2019-09-20 10:24:15,246 [IPC Server handler 1 on 35134] INFO  net.NetworkTopology (NetworkTopologyImpl.java:add(110)) - Added a new node: /default-rack/8b03a9e7-d22e-47f6-878a-e6fe5d2c5bae
2019-09-20 10:24:15,247 [IPC Server handler 1 on 35134] INFO  node.SCMNodeManager (SCMNodeManager.java:register(273)) - Registered Data node : 8b03a9e7-d22e-47f6-878a-e6fe5d2c5bae{ip: 192.168.151.119, host: pr-hdds-2034-wmsbd-1222111393, networkLocation: /default-rack, certSerialId: null}
2019-09-20 10:24:15,251 [EventQueue-NodeRegistrationContainerReportForDataNodeSafeModeRule] INFO  safemode.SCMSafeModeManager (DataNodeSafeModeRule.java:process(71)) - SCM in safe mode. 1 DataNodes registered, 1 required.
2019-09-20 10:24:15,251 [EventQueue-NodeRegistrationContainerReportForContainerSafeModeRule] INFO  safemode.SCMSafeModeManager (SCMSafeModeManager.java:validateSafeModeExitRules(169)) - ContainerSafeModeRule rule is successfully validated
2019-09-20 10:24:15,252 [EventQueue-NodeRegistrationContainerReportForDataNodeSafeModeRule] INFO  safemode.SCMSafeModeManager (SCMSafeModeManager.java:validateSafeModeExitRules(169)) - DataNodeSafeModeRule rule is successfully validated
2019-09-20 10:24:15,259 [RatisPipelineUtilsThread] INFO  pipeline.RatisPipelineProvider (RatisPipelineProvider.java:lambda$create$4(164)) - Send pipeline:PipelineID=a7eb9b40-0952-4041-b80b-b5b43eb8e665 create command to datanode 8b03a9e7-d22e-47f6-878a-e6fe5d2c5bae
2019-09-20 10:24:15,269 | INFO  | SCMAudit | user=jenkins1000 | ip=192.168.151.119 | op=REGISTER {datanodeDetails=8b03a9e7-d22e-47f6-878a-e6fe5d2c5bae{ip: 192.168.151.119, host: pr-hdds-2034-wmsbd-1222111393, networkLocation: /default-rack, certSerialId: null}} | ret=SUCCESS |  
2019-09-20 10:24:15,300 [main] INFO  ozone.MiniOzoneClusterImpl (MiniOzoneClusterImpl.java:lambda$waitForClusterToBeReady$0(145)) - Waiting for nodes to be ready. Got 1 of 5 DN Heartbeats.
2019-09-20 10:24:15,300 [main] INFO  ozone.MiniOzoneClusterImpl (MiniOzoneClusterImpl.java:lambda$waitForClusterToBeReady$0(148)) - Waiting for cluster to exit safe mode
2019-09-20 10:24:15,504 [IPC Server handler 3 on 35134] INFO  net.NetworkTopology (NetworkTopologyImpl.java:add(110)) - Added a new node: /default-rack/e4b024ee-04cf-486e-8320-fcd01e1b98f4
2019-09-20 10:24:15,505 [IPC Server handler 3 on 35134] INFO  node.SCMNodeManager (SCMNodeManager.java:register(273)) - Registered Data node : e4b024ee-04cf-486e-8320-fcd01e1b98f4{ip: 192.168.151.119, host: pr-hdds-2034-wmsbd-1222111393, networkLocation: /default-rack, certSerialId: null}
2019-09-20 10:24:15,505 [EventQueue-NodeRegistrationContainerReportForContainerSafeModeRule] INFO  safemode.SCMSafeModeManager (SCMSafeModeManager.java:validateSafeModeExitRules(169)) - ContainerSafeModeRule rule is successfully validated
2019-09-20 10:24:15,506 | INFO  | SCMAudit | user=jenkins1000 | ip=192.168.151.119 | op=REGISTER {datanodeDetails=e4b024ee-04cf-486e-8320-fcd01e1b98f4{ip: 192.168.151.119, host: pr-hdds-2034-wmsbd-1222111393, networkLocation: /default-rack, certSerialId: null}} | ret=SUCCESS |  
2019-09-20 10:24:15,506 [EventQueue-NodeRegistrationContainerReportForDataNodeSafeModeRule] INFO  safemode.SCMSafeModeManager (SCMSafeModeManager.java:validateSafeModeExitRules(169)) - DataNodeSafeModeRule rule is successfully validated
2019-09-20 10:24:15,509 [RatisPipelineUtilsThread] INFO  pipeline.RatisPipelineProvider (RatisPipelineProvider.java:lambda$create$4(164)) - Send pipeline:PipelineID=d59950ae-f3fa-487b-b41e-af03f6244cbb create command to datanode e4b024ee-04cf-486e-8320-fcd01e1b98f4
2019-09-20 10:24:15,811 [IPC Server handler 2 on 35134] INFO  net.NetworkTopology (NetworkTopologyImpl.java:add(110)) - Added a new node: /default-rack/96779042-7d00-4831-92bc-784ad4e7e4a2
2019-09-20 10:24:15,812 [RatisPipelineUtilsThread] INFO  pipeline.RatisPipelineProvider (RatisPipelineProvider.java:lambda$create$4(164)) - Send pipeline:PipelineID=759e8f1c-afea-4e45-aa6e-5cb27e50c6c9 create command to datanode 96779042-7d00-4831-92bc-784ad4e7e4a2
2019-09-20 10:24:15,816 [IPC Server handler 2 on 35134] INFO  node.SCMNodeManager (SCMNodeManager.java:register(273)) - Registered Data node : 96779042-7d00-4831-92bc-784ad4e7e4a2{ip: 192.168.151.119, host: pr-hdds-2034-wmsbd-1222111393, networkLocation: /default-rack, certSerialId: null}
2019-09-20 10:24:15,817 [EventQueue-NodeRegistrationContainerReportForDataNodeSafeModeRule] INFO  safemode.SCMSafeModeManager (SCMSafeModeManager.java:validateSafeModeExitRules(169)) - DataNodeSafeModeRule rule is successfully validated
2019-09-20 10:24:15,817 | INFO  | SCMAudit | user=jenkins1000 | ip=192.168.151.119 | op=REGISTER {datanodeDetails=96779042-7d00-4831-92bc-784ad4e7e4a2{ip: 192.168.151.119, host: pr-hdds-2034-wmsbd-1222111393, networkLocation: /default-rack, certSerialId: null}} | ret=SUCCESS |  
2019-09-20 10:24:15,817 [EventQueue-NodeRegistrationContainerReportForContainerSafeModeRule] INFO  safemode.SCMSafeModeManager (SCMSafeModeManager.java:validateSafeModeExitRules(169)) - ContainerSafeModeRule rule is successfully validated
2019-09-20 10:24:15,817 [RatisPipelineUtilsThread] INFO  pipeline.RatisPipelineProvider (RatisPipelineProvider.java:lambda$create$4(164)) - Send pipeline:PipelineID=3c68a191-c039-4483-a0dc-aefb7bea069a create command to datanode e4b024ee-04cf-486e-8320-fcd01e1b98f4
2019-09-20 10:24:15,818 [RatisPipelineUtilsThread] INFO  pipeline.RatisPipelineProvider (RatisPipelineProvider.java:lambda$create$4(164)) - Send pipeline:PipelineID=3c68a191-c039-4483-a0dc-aefb7bea069a create command to datanode 96779042-7d00-4831-92bc-784ad4e7e4a2
2019-09-20 10:24:15,818 [RatisPipelineUtilsThread] INFO  pipeline.RatisPipelineProvider (RatisPipelineProvider.java:lambda$create$4(164)) - Send pipeline:PipelineID=3c68a191-c039-4483-a0dc-aefb7bea069a create command to datanode 8b03a9e7-d22e-47f6-878a-e6fe5d2c5bae
2019-09-20 10:24:16,077 [IPC Server handler 1 on 35134] INFO  net.NetworkTopology (NetworkTopologyImpl.java:add(110)) - Added a new node: /default-rack/e9bdb0c6-ddf0-4e6a-972a-18923aa30d04
2019-09-20 10:24:16,078 [IPC Server handler 1 on 35134] INFO  node.SCMNodeManager (SCMNodeManager.java:register(273)) - Registered Data node : e9bdb0c6-ddf0-4e6a-972a-18923aa30d04{ip: 192.168.151.119, host: pr-hdds-2034-wmsbd-1222111393, networkLocation: /default-rack, certSerialId: null}
2019-09-20 10:24:16,078 [EventQueue-NodeRegistrationContainerReportForDataNodeSafeModeRule] INFO  safemode.SCMSafeModeManager (SCMSafeModeManager.java:validateSafeModeExitRules(169)) - DataNodeSafeModeRule rule is successfully validated
2019-09-20 10:24:16,078 | INFO  | SCMAudit | user=jenkins1000 | ip=192.168.151.119 | op=REGISTER {datanodeDetails=e9bdb0c6-ddf0-4e6a-972a-18923aa30d04{ip: 192.168.151.119, host: pr-hdds-2034-wmsbd-1222111393, networkLocation: /default-rack, certSerialId: null}} | ret=SUCCESS |  
2019-09-20 10:24:16,078 [RatisPipelineUtilsThread] INFO  pipeline.RatisPipelineProvider (RatisPipelineProvider.java:lambda$create$4(164)) - Send pipeline:PipelineID=a4cf1417-ec97-4039-846e-565d1c24f606 create command to datanode e9bdb0c6-ddf0-4e6a-972a-18923aa30d04
2019-09-20 10:24:16,078 [EventQueue-NodeRegistrationContainerReportForContainerSafeModeRule] INFO  safemode.SCMSafeModeManager (SCMSafeModeManager.java:validateSafeModeExitRules(169)) - ContainerSafeModeRule rule is successfully validated
2019-09-20 10:24:16,302 [main] INFO  ozone.MiniOzoneClusterImpl (MiniOzoneClusterImpl.java:lambda$waitForClusterToBeReady$0(145)) - Waiting for nodes to be ready. Got 4 of 5 DN Heartbeats.
2019-09-20 10:24:16,302 [main] INFO  ozone.MiniOzoneClusterImpl (MiniOzoneClusterImpl.java:lambda$waitForClusterToBeReady$0(148)) - Waiting for cluster to exit safe mode
2019-09-20 10:24:16,303 [IPC Server handler 3 on 35134] INFO  net.NetworkTopology (NetworkTopologyImpl.java:add(110)) - Added a new node: /default-rack/e5c196f9-6099-48db-bdcb-79bd2855f89c
2019-09-20 10:24:16,303 [IPC Server handler 3 on 35134] INFO  node.SCMNodeManager (SCMNodeManager.java:register(273)) - Registered Data node : e5c196f9-6099-48db-bdcb-79bd2855f89c{ip: 192.168.151.119, host: pr-hdds-2034-wmsbd-1222111393, networkLocation: /default-rack, certSerialId: null}
2019-09-20 10:24:16,305 [EventQueue-NodeRegistrationContainerReportForDataNodeSafeModeRule] INFO  safemode.SCMSafeModeManager (SCMSafeModeManager.java:validateSafeModeExitRules(169)) - DataNodeSafeModeRule rule is successfully validated
2019-09-20 10:24:16,306 | INFO  | SCMAudit | user=jenkins1000 | ip=192.168.151.119 | op=REGISTER {datanodeDetails=e5c196f9-6099-48db-bdcb-79bd2855f89c{ip: 192.168.151.119, host: pr-hdds-2034-wmsbd-1222111393, networkLocation: /default-rack, certSerialId: null}} | ret=SUCCESS |  
2019-09-20 10:24:16,306 [RatisPipelineUtilsThread] INFO  pipeline.RatisPipelineProvider (RatisPipelineProvider.java:lambda$create$4(164)) - Send pipeline:PipelineID=c9c37897-dfaa-4fd6-91ee-53dda794aa69 create command to datanode e5c196f9-6099-48db-bdcb-79bd2855f89c
2019-09-20 10:24:16,306 [EventQueue-NodeRegistrationContainerReportForContainerSafeModeRule] INFO  safemode.SCMSafeModeManager (SCMSafeModeManager.java:validateSafeModeExitRules(169)) - ContainerSafeModeRule rule is successfully validated
2019-09-20 10:24:17,277 | INFO  | SCMAudit | user=jenkins1000 | ip=192.168.151.119 | op=SEND_HEARTBEAT {datanodeUUID=8b03a9e7-d22e-47f6-878a-e6fe5d2c5bae, command=[commandType: createPipelineCommand createPipelineCommandProto { pipelineID { id: "a7eb9b40-0952-4041-b80b-b5b43eb8e665" } type: RATIS factor: ONE datanode { uuid: "8b03a9e7-d22e-47f6-878a-e6fe5d2c5bae" ipAddress: "192.168.151.119" hostName: "pr-hdds-2034-wmsbd-1222111393" ports { name: "REST" value: 33660 } ports { name: "RATIS" value: 44383 } ports { name: "STANDALONE" value: 44661 } networkName: "8b03a9e7-d22e-47f6-878a-e6fe5d2c5bae" networkLocation: "/default-rack" } cmdId: 1568975055259 } , commandType: createPipelineCommand createPipelineCommandProto { pipelineID { id: "3c68a191-c039-4483-a0dc-aefb7bea069a" } type: RATIS factor: THREE datanode { uuid: "e4b024ee-04cf-486e-8320-fcd01e1b98f4" ipAddress: "192.168.151.119" hostName: "pr-hdds-2034-wmsbd-1222111393" ports { name: "REST" value: 33631 } ports { name: "RATIS" value: 43904 } ports { name: "STANDALONE" value: 38562 } networkName: "e4b024ee-04cf-486e-8320-fcd01e1b98f4" networkLocation: "/default-rack" } datanode { uuid: "96779042-7d00-4831-92bc-784ad4e7e4a2" ipAddress: "192.168.151.119" hostName: "pr-hdds-2034-wmsbd-1222111393" ports { name: "REST" value: 34662 } ports { name: "RATIS" value: 36731 } ports { name: "STANDALONE" value: 38066 } networkName: "96779042-7d00-4831-92bc-784ad4e7e4a2" networkLocation: "/default-rack" } datanode { uuid: "8b03a9e7-d22e-47f6-878a-e6fe5d2c5bae" ipAddress: "192.168.151.119" hostName: "pr-hdds-2034-wmsbd-1222111393" ports { name: "REST" value: 33660 } ports { name: "RATIS" value: 44383 } ports { name: "STANDALONE" value: 44661 } networkName: "8b03a9e7-d22e-47f6-878a-e6fe5d2c5bae" networkLocation: "/default-rack" } cmdId: 1568975055262 } ]} | ret=SUCCESS |  
2019-09-20 10:24:17,303 [main] INFO  ozone.MiniOzoneClusterImpl (MiniOzoneClusterImpl.java:lambda$waitForClusterToBeReady$0(145)) - Nodes are ready. Got 5 of 5 DN Heartbeats.
2019-09-20 10:24:17,303 [main] INFO  ozone.MiniOzoneClusterImpl (MiniOzoneClusterImpl.java:lambda$waitForClusterToBeReady$0(148)) - Waiting for cluster to exit safe mode
2019-09-20 10:24:17,509 | INFO  | SCMAudit | user=jenkins1000 | ip=192.168.151.119 | op=SEND_HEARTBEAT {datanodeUUID=e4b024ee-04cf-486e-8320-fcd01e1b98f4, command=[commandType: createPipelineCommand createPipelineCommandProto { pipelineID { id: "d59950ae-f3fa-487b-b41e-af03f6244cbb" } type: RATIS factor: ONE datanode { uuid: "e4b024ee-04cf-486e-8320-fcd01e1b98f4" ipAddress: "192.168.151.119" hostName: "pr-hdds-2034-wmsbd-1222111393" ports { name: "REST" value: 33631 } ports { name: "RATIS" value: 43904 } ports { name: "STANDALONE" value: 38562 } networkName: "e4b024ee-04cf-486e-8320-fcd01e1b98f4" networkLocation: "/default-rack" } cmdId: 1568975055260 } , commandType: createPipelineCommand createPipelineCommandProto { pipelineID { id: "3c68a191-c039-4483-a0dc-aefb7bea069a" } type: RATIS factor: THREE datanode { uuid: "e4b024ee-04cf-486e-8320-fcd01e1b98f4" ipAddress: "192.168.151.119" hostName: "pr-hdds-2034-wmsbd-1222111393" ports { name: "REST" value: 33631 } ports { name: "RATIS" value: 43904 } ports { name: "STANDALONE" value: 38562 } networkName: "e4b024ee-04cf-486e-8320-fcd01e1b98f4" networkLocation: "/default-rack" } datanode { uuid: "96779042-7d00-4831-92bc-784ad4e7e4a2" ipAddress: "192.168.151.119" hostName: "pr-hdds-2034-wmsbd-1222111393" ports { name: "REST" value: 34662 } ports { name: "RATIS" value: 36731 } ports { name: "STANDALONE" value: 38066 } networkName: "96779042-7d00-4831-92bc-784ad4e7e4a2" networkLocation: "/default-rack" } datanode { uuid: "8b03a9e7-d22e-47f6-878a-e6fe5d2c5bae" ipAddress: "192.168.151.119" hostName: "pr-hdds-2034-wmsbd-1222111393" ports { name: "REST" value: 33660 } ports { name: "RATIS" value: 44383 } ports { name: "STANDALONE" value: 44661 } networkName: "8b03a9e7-d22e-47f6-878a-e6fe5d2c5bae" networkLocation: "/default-rack" } cmdId: 1568975055262 } ]} | ret=SUCCESS |  
2019-09-20 10:24:17,813 | INFO  | SCMAudit | user=jenkins1000 | ip=192.168.151.119 | op=SEND_HEARTBEAT {datanodeUUID=96779042-7d00-4831-92bc-784ad4e7e4a2, command=[commandType: createPipelineCommand createPipelineCommandProto { pipelineID { id: "759e8f1c-afea-4e45-aa6e-5cb27e50c6c9" } type: RATIS factor: ONE datanode { uuid: "96779042-7d00-4831-92bc-784ad4e7e4a2" ipAddress: "192.168.151.119" hostName: "pr-hdds-2034-wmsbd-1222111393" ports { name: "REST" value: 34662 } ports { name: "RATIS" value: 36731 } ports { name: "STANDALONE" value: 38066 } networkName: "96779042-7d00-4831-92bc-784ad4e7e4a2" networkLocation: "/default-rack" } cmdId: 1568975055261 } , commandType: createPipelineCommand createPipelineCommandProto { pipelineID { id: "3c68a191-c039-4483-a0dc-aefb7bea069a" } type: RATIS factor: THREE datanode { uuid: "e4b024ee-04cf-486e-8320-fcd01e1b98f4" ipAddress: "192.168.151.119" hostName: "pr-hdds-2034-wmsbd-1222111393" ports { name: "REST" value: 33631 } ports { name: "RATIS" value: 43904 } ports { name: "STANDALONE" value: 38562 } networkName: "e4b024ee-04cf-486e-8320-fcd01e1b98f4" networkLocation: "/default-rack" } datanode { uuid: "96779042-7d00-4831-92bc-784ad4e7e4a2" ipAddress: "192.168.151.119" hostName: "pr-hdds-2034-wmsbd-1222111393" ports { name: "REST" value: 34662 } ports { name: "RATIS" value: 36731 } ports { name: "STANDALONE" value: 38066 } networkName: "96779042-7d00-4831-92bc-784ad4e7e4a2" networkLocation: "/default-rack" } datanode { uuid: "8b03a9e7-d22e-47f6-878a-e6fe5d2c5bae" ipAddress: "192.168.151.119" hostName: "pr-hdds-2034-wmsbd-1222111393" ports { name: "REST" value: 33660 } ports { name: "RATIS" value: 44383 } ports { name: "STANDALONE" value: 44661 } networkName: "8b03a9e7-d22e-47f6-878a-e6fe5d2c5bae" networkLocation: "/default-rack" } cmdId: 1568975055262 } ]} | ret=SUCCESS |  
2019-09-20 10:24:18,075 | INFO  | SCMAudit | user=jenkins1000 | ip=192.168.151.119 | op=SEND_HEARTBEAT {datanodeUUID=e9bdb0c6-ddf0-4e6a-972a-18923aa30d04, command=[commandType: createPipelineCommand createPipelineCommandProto { pipelineID { id: "a4cf1417-ec97-4039-846e-565d1c24f606" } type: RATIS factor: ONE datanode { uuid: "e9bdb0c6-ddf0-4e6a-972a-18923aa30d04" ipAddress: "192.168.151.119" hostName: "pr-hdds-2034-wmsbd-1222111393" ports { name: "REST" value: 45202 } ports { name: "RATIS" value: 42835 } ports { name: "STANDALONE" value: 37944 } networkName: "e9bdb0c6-ddf0-4e6a-972a-18923aa30d04" networkLocation: "/default-rack" } cmdId: 1568975055263 } ]} | ret=SUCCESS |  
2019-09-20 10:24:18,208 | INFO  | SCMAudit | user=jenkins1000 | ip=192.168.151.119 | op=SEND_HEARTBEAT {datanodeUUID=8b03a9e7-d22e-47f6-878a-e6fe5d2c5bae, command=[]} | ret=SUCCESS |  
2019-09-20 10:24:18,304 [main] INFO  ozone.MiniOzoneClusterImpl (MiniOzoneClusterImpl.java:lambda$waitForClusterToBeReady$0(145)) - Nodes are ready. Got 5 of 5 DN Heartbeats.
2019-09-20 10:24:18,304 | INFO  | SCMAudit | user=jenkins1000 | ip=192.168.151.119 | op=SEND_HEARTBEAT {datanodeUUID=e5c196f9-6099-48db-bdcb-79bd2855f89c, command=[commandType: createPipelineCommand createPipelineCommandProto { pipelineID { id: "c9c37897-dfaa-4fd6-91ee-53dda794aa69" } type: RATIS factor: ONE datanode { uuid: "e5c196f9-6099-48db-bdcb-79bd2855f89c" ipAddress: "192.168.151.119" hostName: "pr-hdds-2034-wmsbd-1222111393" ports { name: "REST" value: 33320 } ports { name: "RATIS" value: 38896 } ports { name: "STANDALONE" value: 38246 } networkName: "e5c196f9-6099-48db-bdcb-79bd2855f89c" networkLocation: "/default-rack" } cmdId: 1568975055264 } ]} | ret=SUCCESS |  
2019-09-20 10:24:18,304 [main] INFO  ozone.MiniOzoneClusterImpl (MiniOzoneClusterImpl.java:lambda$waitForClusterToBeReady$0(148)) - Waiting for cluster to exit safe mode
2019-09-20 10:24:18,503 | INFO  | SCMAudit | user=jenkins1000 | ip=192.168.151.119 | op=SEND_HEARTBEAT {datanodeUUID=e4b024ee-04cf-486e-8320-fcd01e1b98f4, command=[]} | ret=SUCCESS |  
2019-09-20 10:24:18,961 | INFO  | SCMAudit | user=jenkins1000 | ip=192.168.151.119 | op=SEND_HEARTBEAT {datanodeUUID=96779042-7d00-4831-92bc-784ad4e7e4a2, command=[]} | ret=SUCCESS |  
2019-09-20 10:24:19,078 | INFO  | SCMAudit | user=jenkins1000 | ip=192.168.151.119 | op=SEND_HEARTBEAT {datanodeUUID=e9bdb0c6-ddf0-4e6a-972a-18923aa30d04, command=[]} | ret=SUCCESS |  
2019-09-20 10:24:19,138 [grpc-default-executor-0] INFO  impl.RaftServerProxy (RaftServerProxy.java:addNew(89)) - 8b03a9e7-d22e-47f6-878a-e6fe5d2c5bae: addNew group-B5B43EB8E665:[8b03a9e7-d22e-47f6-878a-e6fe5d2c5bae:192.168.151.119:44383] returns group-B5B43EB8E665:java.util.concurrent.CompletableFuture@2b503e91[Not completed]
2019-09-20 10:24:19,138 [grpc-default-executor-1] INFO  impl.RaftServerProxy (RaftServerProxy.java:addNew(89)) - 96779042-7d00-4831-92bc-784ad4e7e4a2: addNew group-5CB27E50C6C9:[96779042-7d00-4831-92bc-784ad4e7e4a2:192.168.151.119:36731] returns group-5CB27E50C6C9:java.util.concurrent.CompletableFuture@508668fe[Not completed]
2019-09-20 10:24:19,138 [grpc-default-executor-3] INFO  impl.RaftServerProxy (RaftServerProxy.java:addNew(89)) - e9bdb0c6-ddf0-4e6a-972a-18923aa30d04: addNew group-565D1C24F606:[e9bdb0c6-ddf0-4e6a-972a-18923aa30d04:192.168.151.119:42835] returns group-565D1C24F606:java.util.concurrent.CompletableFuture@1b95b901[Not completed]
2019-09-20 10:24:19,138 [grpc-default-executor-2] INFO  impl.RaftServerProxy (RaftServerProxy.java:addNew(89)) - e4b024ee-04cf-486e-8320-fcd01e1b98f4: addNew group-AF03F6244CBB:[e4b024ee-04cf-486e-8320-fcd01e1b98f4:192.168.151.119:43904] returns group-AF03F6244CBB:java.util.concurrent.CompletableFuture@32455449[Not completed]
2019-09-20 10:24:19,195 [pool-38-thread-1] INFO  impl.RaftServerImpl (RaftServerImpl.java:<init>(93)) - e4b024ee-04cf-486e-8320-fcd01e1b98f4: new RaftServerImpl for group-AF03F6244CBB:[e4b024ee-04cf-486e-8320-fcd01e1b98f4:192.168.151.119:43904] with ContainerStateMachine:uninitialized
2019-09-20 10:24:19,196 [pool-60-thread-1] INFO  impl.RaftServerImpl (RaftServerImpl.java:<init>(93)) - e9bdb0c6-ddf0-4e6a-972a-18923aa30d04: new RaftServerImpl for group-565D1C24F606:[e9bdb0c6-ddf0-4e6a-972a-18923aa30d04:192.168.151.119:42835] with ContainerStateMachine:uninitialized
2019-09-20 10:24:19,195 [pool-27-thread-1] INFO  impl.RaftServerImpl (RaftServerImpl.java:<init>(93)) - 8b03a9e7-d22e-47f6-878a-e6fe5d2c5bae: new RaftServerImpl for group-B5B43EB8E665:[8b03a9e7-d22e-47f6-878a-e6fe5d2c5bae:192.168.151.119:44383] with ContainerStateMachine:uninitialized
2019-09-20 10:24:19,197 [pool-49-thread-1] INFO  impl.RaftServerImpl (RaftServerImpl.java:<init>(93)) - 96779042-7d00-4831-92bc-784ad4e7e4a2: new RaftServerImpl for group-5CB27E50C6C9:[96779042-7d00-4831-92bc-784ad4e7e4a2:192.168.151.119:36731] with ContainerStateMachine:uninitialized
2019-09-20 10:24:19,198 [pool-38-thread-1] INFO  server.RaftServerConfigKeys (ConfUtils.java:logGet(43)) - raft.server.rpc.timeout.min = 5s (custom)
2019-09-20 10:24:19,198 [pool-27-thread-1] INFO  server.RaftServerConfigKeys (ConfUtils.java:logGet(43)) - raft.server.rpc.timeout.min = 5s (custom)
2019-09-20 10:24:19,199 [pool-38-thread-1] INFO  server.RaftServerConfigKeys (ConfUtils.java:logGet(43)) - raft.server.rpc.timeout.max = 5200ms (custom)
2019-09-20 10:24:19,198 [pool-60-thread-1] INFO  server.RaftServerConfigKeys (ConfUtils.java:logGet(43)) - raft.server.rpc.timeout.min = 5s (custom)
2019-09-20 10:24:19,198 [pool-49-thread-1] INFO  server.RaftServerConfigKeys (ConfUtils.java:logGet(43)) - raft.server.rpc.timeout.min = 5s (custom)
2019-09-20 10:24:19,200 [pool-60-thread-1] INFO  server.RaftServerConfigKeys (ConfUtils.java:logGet(43)) - raft.server.rpc.timeout.max = 5200ms (custom)
2019-09-20 10:24:19,199 [pool-38-thread-1] INFO  server.RaftServerConfigKeys (ConfUtils.java:logGet(43)) - raft.server.rpcslowness.timeout = 120s (custom)
2019-09-20 10:24:19,199 [pool-27-thread-1] INFO  server.RaftServerConfigKeys (ConfUtils.java:logGet(43)) - raft.server.rpc.timeout.max = 5200ms (custom)
2019-09-20 10:24:19,200 [pool-60-thread-1] INFO  server.RaftServerConfigKeys (ConfUtils.java:logGet(43)) - raft.server.rpcslowness.timeout = 120s (custom)
2019-09-20 10:24:19,200 [pool-49-thread-1] INFO  server.RaftServerConfigKeys (ConfUtils.java:logGet(43)) - raft.server.rpc.timeout.max = 5200ms (custom)
2019-09-20 10:24:19,200 [pool-38-thread-1] INFO  server.RaftServerConfigKeys (ConfUtils.java:logGet(43)) - raft.server.sleep.deviation.threshold = 300 (default)
2019-09-20 10:24:19,200 [pool-27-thread-1] INFO  server.RaftServerConfigKeys (ConfUtils.java:logGet(43)) - raft.server.rpcslowness.timeout = 120s (custom)
2019-09-20 10:24:19,200 [pool-49-thread-1] INFO  server.RaftServerConfigKeys (ConfUtils.java:logGet(43)) - raft.server.rpcslowness.timeout = 120s (custom)
2019-09-20 10:24:19,201 [pool-60-thread-1] INFO  server.RaftServerConfigKeys (ConfUtils.java:logGet(43)) - raft.server.sleep.deviation.threshold = 300 (default)
2019-09-20 10:24:19,201 [pool-27-thread-1] INFO  server.RaftServerConfigKeys (ConfUtils.java:logGet(43)) - raft.server.sleep.deviation.threshold = 300 (default)
2019-09-20 10:24:19,201 [pool-49-thread-1] INFO  server.RaftServerConfigKeys (ConfUtils.java:logGet(43)) - raft.server.sleep.deviation.threshold = 300 (default)
2019-09-20 10:24:19,201 [pool-27-thread-1] INFO  server.RaftServerConfigKeys (ConfUtils.java:logGet(43)) - raft.server.log.appender.install.snapshot.enabled = false (custom)
2019-09-20 10:24:19,201 [pool-38-thread-1] INFO  server.RaftServerConfigKeys (ConfUtils.java:logGet(43)) - raft.server.log.appender.install.snapshot.enabled = false (custom)
2019-09-20 10:24:19,202 [pool-60-thread-1] INFO  server.RaftServerConfigKeys (ConfUtils.java:logGet(43)) - raft.server.log.appender.install.snapshot.enabled = false (custom)
2019-09-20 10:24:19,202 [pool-49-thread-1] INFO  server.RaftServerConfigKeys (ConfUtils.java:logGet(43)) - raft.server.log.appender.install.snapshot.enabled = false (custom)
2019-09-20 10:24:19,215 | INFO  | SCMAudit | user=jenkins1000 | ip=192.168.151.119 | op=SEND_HEARTBEAT {datanodeUUID=8b03a9e7-d22e-47f6-878a-e6fe5d2c5bae, command=[]} | ret=SUCCESS |  
2019-09-20 10:24:19,221 [pool-60-thread-1] INFO  impl.RaftServerImpl (ServerState.java:<init>(105)) - e9bdb0c6-ddf0-4e6a-972a-18923aa30d04:group-565D1C24F606 ConfigurationManager, init=-1: [e9bdb0c6-ddf0-4e6a-972a-18923aa30d04:192.168.151.119:42835], old=null, confs=<EMPTY_MAP>
2019-09-20 10:24:19,221 [pool-38-thread-1] INFO  impl.RaftServerImpl (ServerState.java:<init>(105)) - e4b024ee-04cf-486e-8320-fcd01e1b98f4:group-AF03F6244CBB ConfigurationManager, init=-1: [e4b024ee-04cf-486e-8320-fcd01e1b98f4:192.168.151.119:43904], old=null, confs=<EMPTY_MAP>
2019-09-20 10:24:19,221 [pool-27-thread-1] INFO  impl.RaftServerImpl (ServerState.java:<init>(105)) - 8b03a9e7-d22e-47f6-878a-e6fe5d2c5bae:group-B5B43EB8E665 ConfigurationManager, init=-1: [8b03a9e7-d22e-47f6-878a-e6fe5d2c5bae:192.168.151.119:44383], old=null, confs=<EMPTY_MAP>
2019-09-20 10:24:19,221 [pool-49-thread-1] INFO  impl.RaftServerImpl (ServerState.java:<init>(105)) - 96779042-7d00-4831-92bc-784ad4e7e4a2:group-5CB27E50C6C9 ConfigurationManager, init=-1: [96779042-7d00-4831-92bc-784ad4e7e4a2:192.168.151.119:36731], old=null, confs=<EMPTY_MAP>
2019-09-20 10:24:19,221 [pool-27-thread-1] INFO  server.RaftServerConfigKeys (ConfUtils.java:logGet(43)) - raft.server.storage.dir = [/workdir/hadoop-ozone/tools/target/test-dir/MiniOzoneClusterImpl-4afbbd81-2c89-4d2f-ad5c-023fbc5472d9/datanode-0/data/ratis] (custom)
2019-09-20 10:24:19,221 [pool-49-thread-1] INFO  server.RaftServerConfigKeys (ConfUtils.java:logGet(43)) - raft.server.storage.dir = [/workdir/hadoop-ozone/tools/target/test-dir/MiniOzoneClusterImpl-4afbbd81-2c89-4d2f-ad5c-023fbc5472d9/datanode-2/data/ratis] (custom)
2019-09-20 10:24:19,221 [pool-38-thread-1] INFO  server.RaftServerConfigKeys (ConfUtils.java:logGet(43)) - raft.server.storage.dir = [/workdir/hadoop-ozone/tools/target/test-dir/MiniOzoneClusterImpl-4afbbd81-2c89-4d2f-ad5c-023fbc5472d9/datanode-1/data/ratis] (custom)
2019-09-20 10:24:19,221 [pool-60-thread-1] INFO  server.RaftServerConfigKeys (ConfUtils.java:logGet(43)) - raft.server.storage.dir = [/workdir/hadoop-ozone/tools/target/test-dir/MiniOzoneClusterImpl-4afbbd81-2c89-4d2f-ad5c-023fbc5472d9/datanode-3/data/ratis] (custom)
2019-09-20 10:24:19,230 [pool-49-thread-1] INFO  storage.RaftStorageDirectory (RaftStorageDirectory.java:analyzeStorage(246)) - The storage directory /workdir/hadoop-ozone/tools/target/test-dir/MiniOzoneClusterImpl-4afbbd81-2c89-4d2f-ad5c-023fbc5472d9/datanode-2/data/ratis/759e8f1c-afea-4e45-aa6e-5cb27e50c6c9 does not exist. Creating ...
2019-09-20 10:24:19,230 [pool-38-thread-1] INFO  storage.RaftStorageDirectory (RaftStorageDirectory.java:analyzeStorage(246)) - The storage directory /workdir/hadoop-ozone/tools/target/test-dir/MiniOzoneClusterImpl-4afbbd81-2c89-4d2f-ad5c-023fbc5472d9/datanode-1/data/ratis/d59950ae-f3fa-487b-b41e-af03f6244cbb does not exist. Creating ...
2019-09-20 10:24:19,230 [pool-27-thread-1] INFO  storage.RaftStorageDirectory (RaftStorageDirectory.java:analyzeStorage(246)) - The storage directory /workdir/hadoop-ozone/tools/target/test-dir/MiniOzoneClusterImpl-4afbbd81-2c89-4d2f-ad5c-023fbc5472d9/datanode-0/data/ratis/a7eb9b40-0952-4041-b80b-b5b43eb8e665 does not exist. Creating ...
2019-09-20 10:24:19,230 [pool-60-thread-1] INFO  storage.RaftStorageDirectory (RaftStorageDirectory.java:analyzeStorage(246)) - The storage directory /workdir/hadoop-ozone/tools/target/test-dir/MiniOzoneClusterImpl-4afbbd81-2c89-4d2f-ad5c-023fbc5472d9/datanode-3/data/ratis/a4cf1417-ec97-4039-846e-565d1c24f606 does not exist. Creating ...
2019-09-20 10:24:19,248 [pool-49-thread-1] INFO  storage.RaftStorageDirectory (RaftStorageDirectory.java:tryLock(328)) - Lock on /workdir/hadoop-ozone/tools/target/test-dir/MiniOzoneClusterImpl-4afbbd81-2c89-4d2f-ad5c-023fbc5472d9/datanode-2/data/ratis/759e8f1c-afea-4e45-aa6e-5cb27e50c6c9/in_use.lock acquired by nodename 26999@pr-hdds-2034-wmsbd-1222111393
2019-09-20 10:24:19,248 [pool-27-thread-1] INFO  storage.RaftStorageDirectory (RaftStorageDirectory.java:tryLock(328)) - Lock on /workdir/hadoop-ozone/tools/target/test-dir/MiniOzoneClusterImpl-4afbbd81-2c89-4d2f-ad5c-023fbc5472d9/datanode-0/data/ratis/a7eb9b40-0952-4041-b80b-b5b43eb8e665/in_use.lock acquired by nodename 26999@pr-hdds-2034-wmsbd-1222111393
2019-09-20 10:24:19,248 [pool-38-thread-1] INFO  storage.RaftStorageDirectory (RaftStorageDirectory.java:tryLock(328)) - Lock on /workdir/hadoop-ozone/tools/target/test-dir/MiniOzoneClusterImpl-4afbbd81-2c89-4d2f-ad5c-023fbc5472d9/datanode-1/data/ratis/d59950ae-f3fa-487b-b41e-af03f6244cbb/in_use.lock acquired by nodename 26999@pr-hdds-2034-wmsbd-1222111393
2019-09-20 10:24:19,248 [pool-60-thread-1] INFO  storage.RaftStorageDirectory (RaftStorageDirectory.java:tryLock(328)) - Lock on /workdir/hadoop-ozone/tools/target/test-dir/MiniOzoneClusterImpl-4afbbd81-2c89-4d2f-ad5c-023fbc5472d9/datanode-3/data/ratis/a4cf1417-ec97-4039-846e-565d1c24f606/in_use.lock acquired by nodename 26999@pr-hdds-2034-wmsbd-1222111393
2019-09-20 10:24:19,265 [pool-49-thread-1] INFO  storage.RaftStorage (RaftStorage.java:format(72)) - Storage directory /workdir/hadoop-ozone/tools/target/test-dir/MiniOzoneClusterImpl-4afbbd81-2c89-4d2f-ad5c-023fbc5472d9/datanode-2/data/ratis/759e8f1c-afea-4e45-aa6e-5cb27e50c6c9 has been successfully formatted.
2019-09-20 10:24:19,265 [pool-38-thread-1] INFO  storage.RaftStorage (RaftStorage.java:format(72)) - Storage directory /workdir/hadoop-ozone/tools/target/test-dir/MiniOzoneClusterImpl-4afbbd81-2c89-4d2f-ad5c-023fbc5472d9/datanode-1/data/ratis/d59950ae-f3fa-487b-b41e-af03f6244cbb has been successfully formatted.
2019-09-20 10:24:19,265 [pool-60-thread-1] INFO  storage.RaftStorage (RaftStorage.java:format(72)) - Storage directory /workdir/hadoop-ozone/tools/target/test-dir/MiniOzoneClusterImpl-4afbbd81-2c89-4d2f-ad5c-023fbc5472d9/datanode-3/data/ratis/a4cf1417-ec97-4039-846e-565d1c24f606 has been successfully formatted.
2019-09-20 10:24:19,265 [pool-27-thread-1] INFO  storage.RaftStorage (RaftStorage.java:format(72)) - Storage directory /workdir/hadoop-ozone/tools/target/test-dir/MiniOzoneClusterImpl-4afbbd81-2c89-4d2f-ad5c-023fbc5472d9/datanode-0/data/ratis/a7eb9b40-0952-4041-b80b-b5b43eb8e665 has been successfully formatted.
2019-09-20 10:24:19,269 [pool-49-thread-1] INFO  ratis.ContainerStateMachine (ContainerStateMachine.java:loadSnapshot(226)) - group-5CB27E50C6C9: The snapshot info is null. Setting the last applied indexto:(t:0, i:~)
2019-09-20 10:24:19,269 [pool-38-thread-1] INFO  ratis.ContainerStateMachine (ContainerStateMachine.java:loadSnapshot(226)) - group-AF03F6244CBB: The snapshot info is null. Setting the last applied indexto:(t:0, i:~)
2019-09-20 10:24:19,269 [pool-27-thread-1] INFO  ratis.ContainerStateMachine (ContainerStateMachine.java:loadSnapshot(226)) - group-B5B43EB8E665: The snapshot info is null. Setting the last applied indexto:(t:0, i:~)
2019-09-20 10:24:19,269 [pool-60-thread-1] INFO  ratis.ContainerStateMachine (ContainerStateMachine.java:loadSnapshot(226)) - group-565D1C24F606: The snapshot info is null. Setting the last applied indexto:(t:0, i:~)
2019-09-20 10:24:19,273 [pool-27-thread-1] INFO  server.RaftServerConfigKeys (ConfUtils.java:logGet(43)) - raft.server.leader.election.timeout = 120s (custom)
2019-09-20 10:24:19,273 [pool-38-thread-1] INFO  server.RaftServerConfigKeys (ConfUtils.java:logGet(43)) - raft.server.leader.election.timeout = 120s (custom)
2019-09-20 10:24:19,273 [pool-49-thread-1] INFO  server.RaftServerConfigKeys (ConfUtils.java:logGet(43)) - raft.server.leader.election.timeout = 120s (custom)
2019-09-20 10:24:19,273 [pool-60-thread-1] INFO  server.RaftServerConfigKeys (ConfUtils.java:logGet(43)) - raft.server.leader.election.timeout = 120s (custom)
2019-09-20 10:24:19,276 [pool-49-thread-1] INFO  server.RaftServerConfigKeys (ConfUtils.java:logGet(43)) - raft.server.log.use.memory = false (default)
2019-09-20 10:24:19,276 [pool-60-thread-1] INFO  server.RaftServerConfigKeys (ConfUtils.java:logGet(43)) - raft.server.log.use.memory = false (default)
2019-09-20 10:24:19,276 [pool-38-thread-1] INFO  server.RaftServerConfigKeys (ConfUtils.java:logGet(43)) - raft.server.log.use.memory = false (default)
2019-09-20 10:24:19,276 [pool-27-thread-1] INFO  server.RaftServerConfigKeys (ConfUtils.java:logGet(43)) - raft.server.log.use.memory = false (default)
2019-09-20 10:24:19,281 [pool-49-thread-1] INFO  server.RaftServerConfigKeys (ConfUtils.java:logGet(43)) - raft.server.log.purge.gap = 1000000 (custom)
2019-09-20 10:24:19,281 [pool-38-thread-1] INFO  server.RaftServerConfigKeys (ConfUtils.java:logGet(43)) - raft.server.log.purge.gap = 1000000 (custom)
2019-09-20 10:24:19,281 [pool-27-thread-1] INFO  server.RaftServerConfigKeys (ConfUtils.java:logGet(43)) - raft.server.log.purge.gap = 1000000 (custom)
2019-09-20 10:24:19,281 [pool-60-thread-1] INFO  server.RaftServerConfigKeys (ConfUtils.java:logGet(43)) - raft.server.log.purge.gap = 1000000 (custom)
2019-09-20 10:24:19,281 [pool-49-thread-1] INFO  server.RaftServerConfigKeys (ConfUtils.java:logGet(43)) - raft.server.log.appender.buffer.byte-limit = 33554432 (custom)
2019-09-20 10:24:19,282 [pool-60-thread-1] INFO  server.RaftServerConfigKeys (ConfUtils.java:logGet(43)) - raft.server.log.appender.buffer.byte-limit = 33554432 (custom)
2019-09-20 10:24:19,282 [pool-27-thread-1] INFO  server.RaftServerConfigKeys (ConfUtils.java:logGet(43)) - raft.server.log.appender.buffer.byte-limit = 33554432 (custom)
2019-09-20 10:24:19,282 [pool-38-thread-1] INFO  server.RaftServerConfigKeys (ConfUtils.java:logGet(43)) - raft.server.log.appender.buffer.byte-limit = 33554432 (custom)
2019-09-20 10:24:19,283 [pool-49-thread-1] INFO  server.RaftServerConfigKeys (ConfUtils.java:logGet(43)) - raft.server.log.segment.size.max = 1048576 (custom)
2019-09-20 10:24:19,283 [pool-60-thread-1] INFO  server.RaftServerConfigKeys (ConfUtils.java:logGet(43)) - raft.server.log.segment.size.max = 1048576 (custom)
2019-09-20 10:24:19,283 [pool-38-thread-1] INFO  server.RaftServerConfigKeys (ConfUtils.java:logGet(43)) - raft.server.log.segment.size.max = 1048576 (custom)
2019-09-20 10:24:19,283 [pool-27-thread-1] INFO  server.RaftServerConfigKeys (ConfUtils.java:logGet(43)) - raft.server.log.segment.size.max = 1048576 (custom)
2019-09-20 10:24:19,287 [pool-49-thread-1] INFO  server.RaftServerConfigKeys (ConfUtils.java:logGet(43)) - raft.server.log.segment.cache.num.max = 2 (custom)
2019-09-20 10:24:19,287 [pool-60-thread-1] INFO  server.RaftServerConfigKeys (ConfUtils.java:logGet(43)) - raft.server.log.segment.cache.num.max = 2 (custom)
2019-09-20 10:24:19,287 [pool-27-thread-1] INFO  server.RaftServerConfigKeys (ConfUtils.java:logGet(43)) - raft.server.log.segment.cache.num.max = 2 (custom)
2019-09-20 10:24:19,287 [pool-38-thread-1] INFO  server.RaftServerConfigKeys (ConfUtils.java:logGet(43)) - raft.server.log.segment.cache.num.max = 2 (custom)
2019-09-20 10:24:19,292 [pool-38-thread-1] INFO  segmented.SegmentedRaftLogWorker (SegmentedRaftLogWorker.java:<init>(172)) - new e4b024ee-04cf-486e-8320-fcd01e1b98f4-SegmentedRaftLogWorker:Storage Directory /workdir/hadoop-ozone/tools/target/test-dir/MiniOzoneClusterImpl-4afbbd81-2c89-4d2f-ad5c-023fbc5472d9/datanode-1/data/ratis/d59950ae-f3fa-487b-b41e-af03f6244cbb for RaftStorage:Storage Directory /workdir/hadoop-ozone/tools/target/test-dir/MiniOzoneClusterImpl-4afbbd81-2c89-4d2f-ad5c-023fbc5472d9/datanode-1/data/ratis/d59950ae-f3fa-487b-b41e-af03f6244cbb
2019-09-20 10:24:19,292 [pool-49-thread-1] INFO  segmented.SegmentedRaftLogWorker (SegmentedRaftLogWorker.java:<init>(172)) - new 96779042-7d00-4831-92bc-784ad4e7e4a2-SegmentedRaftLogWorker:Storage Directory /workdir/hadoop-ozone/tools/target/test-dir/MiniOzoneClusterImpl-4afbbd81-2c89-4d2f-ad5c-023fbc5472d9/datanode-2/data/ratis/759e8f1c-afea-4e45-aa6e-5cb27e50c6c9 for RaftStorage:Storage Directory /workdir/hadoop-ozone/tools/target/test-dir/MiniOzoneClusterImpl-4afbbd81-2c89-4d2f-ad5c-023fbc5472d9/datanode-2/data/ratis/759e8f1c-afea-4e45-aa6e-5cb27e50c6c9
2019-09-20 10:24:19,292 [pool-27-thread-1] INFO  segmented.SegmentedRaftLogWorker (SegmentedRaftLogWorker.java:<init>(172)) - new 8b03a9e7-d22e-47f6-878a-e6fe5d2c5bae-SegmentedRaftLogWorker:Storage Directory /workdir/hadoop-ozone/tools/target/test-dir/MiniOzoneClusterImpl-4afbbd81-2c89-4d2f-ad5c-023fbc5472d9/datanode-0/data/ratis/a7eb9b40-0952-4041-b80b-b5b43eb8e665 for RaftStorage:Storage Directory /workdir/hadoop-ozone/tools/target/test-dir/MiniOzoneClusterImpl-4afbbd81-2c89-4d2f-ad5c-023fbc5472d9/datanode-0/data/ratis/a7eb9b40-0952-4041-b80b-b5b43eb8e665
2019-09-20 10:24:19,292 [pool-60-thread-1] INFO  segmented.SegmentedRaftLogWorker (SegmentedRaftLogWorker.java:<init>(172)) - new e9bdb0c6-ddf0-4e6a-972a-18923aa30d04-SegmentedRaftLogWorker:Storage Directory /workdir/hadoop-ozone/tools/target/test-dir/MiniOzoneClusterImpl-4afbbd81-2c89-4d2f-ad5c-023fbc5472d9/datanode-3/data/ratis/a4cf1417-ec97-4039-846e-565d1c24f606 for RaftStorage:Storage Directory /workdir/hadoop-ozone/tools/target/test-dir/MiniOzoneClusterImpl-4afbbd81-2c89-4d2f-ad5c-023fbc5472d9/datanode-3/data/ratis/a4cf1417-ec97-4039-846e-565d1c24f606
2019-09-20 10:24:19,302 | INFO  | SCMAudit | user=jenkins1000 | ip=192.168.151.119 | op=SEND_HEARTBEAT {datanodeUUID=e5c196f9-6099-48db-bdcb-79bd2855f89c, command=[]} | ret=SUCCESS |  
2019-09-20 10:24:19,304 [main] INFO  ozone.MiniOzoneClusterImpl (MiniOzoneClusterImpl.java:lambda$waitForClusterToBeReady$0(145)) - Nodes are ready. Got 5 of 5 DN Heartbeats.
2019-09-20 10:24:19,306 [main] INFO  ozone.MiniOzoneClusterImpl (MiniOzoneClusterImpl.java:lambda$waitForClusterToBeReady$0(148)) - Waiting for cluster to exit safe mode
2019-09-20 10:24:19,324 [pool-49-thread-1] INFO  server.RaftServerConfigKeys (ConfUtils.java:logGet(43)) - raft.server.log.queue.byte-limit = 2147483647 (custom)
2019-09-20 10:24:19,326 [pool-27-thread-1] INFO  server.RaftServerConfigKeys (ConfUtils.java:logGet(43)) - raft.server.log.queue.byte-limit = 2147483647 (custom)
2019-09-20 10:24:19,326 [pool-38-thread-1] INFO  server.RaftServerConfigKeys (ConfUtils.java:logGet(43)) - raft.server.log.queue.byte-limit = 2147483647 (custom)
2019-09-20 10:24:19,326 [pool-60-thread-1] INFO  server.RaftServerConfigKeys (ConfUtils.java:logGet(43)) - raft.server.log.queue.byte-limit = 2147483647 (custom)
2019-09-20 10:24:19,328 [pool-27-thread-1] INFO  server.RaftServerConfigKeys (ConfUtils.java:logGet(43)) - raft.server.log.queue.element-limit = 1024 (custom)
2019-09-20 10:24:19,326 [pool-49-thread-1] INFO  server.RaftServerConfigKeys (ConfUtils.java:logGet(43)) - raft.server.log.queue.element-limit = 1024 (custom)
2019-09-20 10:24:19,326 [pool-38-thread-1] INFO  server.RaftServerConfigKeys (ConfUtils.java:logGet(43)) - raft.server.log.queue.element-limit = 1024 (custom)
2019-09-20 10:24:19,328 [grpc-default-executor-1] INFO  impl.RaftServerProxy (RaftServerProxy.java:addNew(89)) - e5c196f9-6099-48db-bdcb-79bd2855f89c: addNew group-53DDA794AA69:[e5c196f9-6099-48db-bdcb-79bd2855f89c:192.168.151.119:38896] returns group-53DDA794AA69:java.util.concurrent.CompletableFuture@72742463[Not completed]
2019-09-20 10:24:19,328 [pool-60-thread-1] INFO  server.RaftServerConfigKeys (ConfUtils.java:logGet(43)) - raft.server.log.queue.element-limit = 1024 (custom)
2019-09-20 10:24:19,331 [pool-71-thread-1] INFO  impl.RaftServerImpl (RaftServerImpl.java:<init>(93)) - e5c196f9-6099-48db-bdcb-79bd2855f89c: new RaftServerImpl for group-53DDA794AA69:[e5c196f9-6099-48db-bdcb-79bd2855f89c:192.168.151.119:38896] with ContainerStateMachine:uninitialized
2019-09-20 10:24:19,331 [pool-71-thread-1] INFO  server.RaftServerConfigKeys (ConfUtils.java:logGet(43)) - raft.server.rpc.timeout.min = 5s (custom)
2019-09-20 10:24:19,331 [pool-71-thread-1] INFO  server.RaftServerConfigKeys (ConfUtils.java:logGet(43)) - raft.server.rpc.timeout.max = 5200ms (custom)
2019-09-20 10:24:19,331 [pool-71-thread-1] INFO  server.RaftServerConfigKeys (ConfUtils.java:logGet(43)) - raft.server.rpcslowness.timeout = 120s (custom)
2019-09-20 10:24:19,332 [pool-71-thread-1] INFO  server.RaftServerConfigKeys (ConfUtils.java:logGet(43)) - raft.server.sleep.deviation.threshold = 300 (default)
2019-09-20 10:24:19,332 [pool-71-thread-1] INFO  server.RaftServerConfigKeys (ConfUtils.java:logGet(43)) - raft.server.log.appender.install.snapshot.enabled = false (custom)
2019-09-20 10:24:19,332 [pool-71-thread-1] INFO  impl.RaftServerImpl (ServerState.java:<init>(105)) - e5c196f9-6099-48db-bdcb-79bd2855f89c:group-53DDA794AA69 ConfigurationManager, init=-1: [e5c196f9-6099-48db-bdcb-79bd2855f89c:192.168.151.119:38896], old=null, confs=<EMPTY_MAP>
2019-09-20 10:24:19,332 [pool-71-thread-1] INFO  server.RaftServerConfigKeys (ConfUtils.java:logGet(43)) - raft.server.storage.dir = [/workdir/hadoop-ozone/tools/target/test-dir/MiniOzoneClusterImpl-4afbbd81-2c89-4d2f-ad5c-023fbc5472d9/datanode-4/data/ratis] (custom)
2019-09-20 10:24:19,332 [pool-71-thread-1] INFO  storage.RaftStorageDirectory (RaftStorageDirectory.java:analyzeStorage(246)) - The storage directory /workdir/hadoop-ozone/tools/target/test-dir/MiniOzoneClusterImpl-4afbbd81-2c89-4d2f-ad5c-023fbc5472d9/datanode-4/data/ratis/c9c37897-dfaa-4fd6-91ee-53dda794aa69 does not exist. Creating ...
2019-09-20 10:24:19,335 [pool-49-thread-1] INFO  server.RaftServerConfigKeys (ConfUtils.java:logGet(43)) - raft.server.log.segment.size.max = 1048576 (custom)
2019-09-20 10:24:19,335 [pool-38-thread-1] INFO  server.RaftServerConfigKeys (ConfUtils.java:logGet(43)) - raft.server.log.segment.size.max = 1048576 (custom)
2019-09-20 10:24:19,335 [pool-27-thread-1] INFO  server.RaftServerConfigKeys (ConfUtils.java:logGet(43)) - raft.server.log.segment.size.max = 1048576 (custom)
2019-09-20 10:24:19,335 [pool-60-thread-1] INFO  server.RaftServerConfigKeys (ConfUtils.java:logGet(43)) - raft.server.log.segment.size.max = 1048576 (custom)
2019-09-20 10:24:19,336 [pool-38-thread-1] INFO  server.RaftServerConfigKeys (ConfUtils.java:logGet(43)) - raft.server.log.preallocated.size = 16384 (custom)
2019-09-20 10:24:19,336 [pool-27-thread-1] INFO  server.RaftServerConfigKeys (ConfUtils.java:logGet(43)) - raft.server.log.preallocated.size = 16384 (custom)
2019-09-20 10:24:19,336 [pool-49-thread-1] INFO  server.RaftServerConfigKeys (ConfUtils.java:logGet(43)) - raft.server.log.preallocated.size = 16384 (custom)
2019-09-20 10:24:19,336 [pool-60-thread-1] INFO  server.RaftServerConfigKeys (ConfUtils.java:logGet(43)) - raft.server.log.preallocated.size = 16384 (custom)
2019-09-20 10:24:19,336 [pool-38-thread-1] INFO  server.RaftServerConfigKeys (ConfUtils.java:logGet(43)) - raft.server.log.write.buffer.size = 33554432 (custom)
2019-09-20 10:24:19,336 [pool-49-thread-1] INFO  server.RaftServerConfigKeys (ConfUtils.java:logGet(43)) - raft.server.log.write.buffer.size = 33554432 (custom)
2019-09-20 10:24:19,336 [pool-27-thread-1] INFO  server.RaftServerConfigKeys (ConfUtils.java:logGet(43)) - raft.server.log.write.buffer.size = 33554432 (custom)
2019-09-20 10:24:19,336 [pool-60-thread-1] INFO  server.RaftServerConfigKeys (ConfUtils.java:logGet(43)) - raft.server.log.write.buffer.size = 33554432 (custom)
2019-09-20 10:24:19,337 [pool-38-thread-1] INFO  server.RaftServerConfigKeys (ConfUtils.java:logGet(43)) - raft.server.log.force.sync.num = 128 (default)
2019-09-20 10:24:19,337 [pool-49-thread-1] INFO  server.RaftServerConfigKeys (ConfUtils.java:logGet(43)) - raft.server.log.force.sync.num = 128 (default)
2019-09-20 10:24:19,337 [pool-27-thread-1] INFO  server.RaftServerConfigKeys (ConfUtils.java:logGet(43)) - raft.server.log.force.sync.num = 128 (default)
2019-09-20 10:24:19,337 [pool-60-thread-1] INFO  server.RaftServerConfigKeys (ConfUtils.java:logGet(43)) - raft.server.log.force.sync.num = 128 (default)
2019-09-20 10:24:19,338 [pool-49-thread-1] INFO  server.RaftServerConfigKeys (ConfUtils.java:logGet(43)) - raft.server.log.statemachine.data.sync = true (default)
2019-09-20 10:24:19,338 [pool-38-thread-1] INFO  server.RaftServerConfigKeys (ConfUtils.java:logGet(43)) - raft.server.log.statemachine.data.sync = true (default)
2019-09-20 10:24:19,338 [pool-60-thread-1] INFO  server.RaftServerConfigKeys (ConfUtils.java:logGet(43)) - raft.server.log.statemachine.data.sync = true (default)
2019-09-20 10:24:19,338 [pool-49-thread-1] INFO  server.RaftServerConfigKeys (ConfUtils.java:logGet(43)) - raft.server.log.statemachine.data.sync.timeout = 10s (default)
2019-09-20 10:24:19,338 [pool-27-thread-1] INFO  server.RaftServerConfigKeys (ConfUtils.java:logGet(43)) - raft.server.log.statemachine.data.sync = true (default)
2019-09-20 10:24:19,338 [pool-60-thread-1] INFO  server.RaftServerConfigKeys (ConfUtils.java:logGet(43)) - raft.server.log.statemachine.data.sync.timeout = 10s (default)
2019-09-20 10:24:19,338 [pool-38-thread-1] INFO  server.RaftServerConfigKeys (ConfUtils.java:logGet(43)) - raft.server.log.statemachine.data.sync.timeout = 10s (default)
2019-09-20 10:24:19,339 [pool-60-thread-1] INFO  server.RaftServerConfigKeys (ConfUtils.java:logGet(43)) - raft.server.log.statemachine.data.sync.timeout.retry = -1 (default)
2019-09-20 10:24:19,339 [pool-49-thread-1] INFO  server.RaftServerConfigKeys (ConfUtils.java:logGet(43)) - raft.server.log.statemachine.data.sync.timeout.retry = -1 (default)
2019-09-20 10:24:19,338 [pool-27-thread-1] INFO  server.RaftServerConfigKeys (ConfUtils.java:logGet(43)) - raft.server.log.statemachine.data.sync.timeout = 10s (default)
2019-09-20 10:24:19,339 [pool-38-thread-1] INFO  server.RaftServerConfigKeys (ConfUtils.java:logGet(43)) - raft.server.log.statemachine.data.sync.timeout.retry = -1 (default)
2019-09-20 10:24:19,339 [pool-27-thread-1] INFO  server.RaftServerConfigKeys (ConfUtils.java:logGet(43)) - raft.server.log.statemachine.data.sync.timeout.retry = -1 (default)
2019-09-20 10:24:19,346 [pool-71-thread-1] INFO  storage.RaftStorageDirectory (RaftStorageDirectory.java:tryLock(328)) - Lock on /workdir/hadoop-ozone/tools/target/test-dir/MiniOzoneClusterImpl-4afbbd81-2c89-4d2f-ad5c-023fbc5472d9/datanode-4/data/ratis/c9c37897-dfaa-4fd6-91ee-53dda794aa69/in_use.lock acquired by nodename 26999@pr-hdds-2034-wmsbd-1222111393
2019-09-20 10:24:19,350 [pool-49-thread-1] INFO  server.RaftServerConfigKeys (ConfUtils.java:logGet(43)) - raft.server.log.statemachine.data.caching.enabled = true (custom)
2019-09-20 10:24:19,350 [pool-27-thread-1] INFO  server.RaftServerConfigKeys (ConfUtils.java:logGet(43)) - raft.server.log.statemachine.data.caching.enabled = true (custom)
2019-09-20 10:24:19,350 [pool-38-thread-1] INFO  server.RaftServerConfigKeys (ConfUtils.java:logGet(43)) - raft.server.log.statemachine.data.caching.enabled = true (custom)
2019-09-20 10:24:19,350 [pool-60-thread-1] INFO  server.RaftServerConfigKeys (ConfUtils.java:logGet(43)) - raft.server.log.statemachine.data.caching.enabled = true (custom)
2019-09-20 10:24:19,359 [pool-49-thread-1] INFO  segmented.SegmentedRaftLogWorker (SegmentedRaftLogWorker.java:lambda$new$0(132)) - 96779042-7d00-4831-92bc-784ad4e7e4a2-SegmentedRaftLogWorker:Storage Directory /workdir/hadoop-ozone/tools/target/test-dir/MiniOzoneClusterImpl-4afbbd81-2c89-4d2f-ad5c-023fbc5472d9/datanode-2/data/ratis/759e8f1c-afea-4e45-aa6e-5cb27e50c6c9: flushIndex: setUnconditionally 0 -> -1
2019-09-20 10:24:19,359 [pool-38-thread-1] INFO  segmented.SegmentedRaftLogWorker (SegmentedRaftLogWorker.java:lambda$new$0(132)) - e4b024ee-04cf-486e-8320-fcd01e1b98f4-SegmentedRaftLogWorker:Storage Directory /workdir/hadoop-ozone/tools/target/test-dir/MiniOzoneClusterImpl-4afbbd81-2c89-4d2f-ad5c-023fbc5472d9/datanode-1/data/ratis/d59950ae-f3fa-487b-b41e-af03f6244cbb: flushIndex: setUnconditionally 0 -> -1
2019-09-20 10:24:19,359 [pool-71-thread-1] INFO  storage.RaftStorage (RaftStorage.java:format(72)) - Storage directory /workdir/hadoop-ozone/tools/target/test-dir/MiniOzoneClusterImpl-4afbbd81-2c89-4d2f-ad5c-023fbc5472d9/datanode-4/data/ratis/c9c37897-dfaa-4fd6-91ee-53dda794aa69 has been successfully formatted.
2019-09-20 10:24:19,359 [pool-60-thread-1] INFO  segmented.SegmentedRaftLogWorker (SegmentedRaftLogWorker.java:lambda$new$0(132)) - e9bdb0c6-ddf0-4e6a-972a-18923aa30d04-SegmentedRaftLogWorker:Storage Directory /workdir/hadoop-ozone/tools/target/test-dir/MiniOzoneClusterImpl-4afbbd81-2c89-4d2f-ad5c-023fbc5472d9/datanode-3/data/ratis/a4cf1417-ec97-4039-846e-565d1c24f606: flushIndex: setUnconditionally 0 -> -1
2019-09-20 10:24:19,359 [pool-27-thread-1] INFO  segmented.SegmentedRaftLogWorker (SegmentedRaftLogWorker.java:lambda$new$0(132)) - 8b03a9e7-d22e-47f6-878a-e6fe5d2c5bae-SegmentedRaftLogWorker:Storage Directory /workdir/hadoop-ozone/tools/target/test-dir/MiniOzoneClusterImpl-4afbbd81-2c89-4d2f-ad5c-023fbc5472d9/datanode-0/data/ratis/a7eb9b40-0952-4041-b80b-b5b43eb8e665: flushIndex: setUnconditionally 0 -> -1
2019-09-20 10:24:19,359 [pool-71-thread-1] INFO  ratis.ContainerStateMachine (ContainerStateMachine.java:loadSnapshot(226)) - group-53DDA794AA69: The snapshot info is null. Setting the last applied indexto:(t:0, i:~)
2019-09-20 10:24:19,360 [pool-71-thread-1] INFO  server.RaftServerConfigKeys (ConfUtils.java:logGet(43)) - raft.server.leader.election.timeout = 120s (custom)
2019-09-20 10:24:19,360 [pool-71-thread-1] INFO  server.RaftServerConfigKeys (ConfUtils.java:logGet(43)) - raft.server.log.use.memory = false (default)
2019-09-20 10:24:19,360 [pool-71-thread-1] INFO  server.RaftServerConfigKeys (ConfUtils.java:logGet(43)) - raft.server.log.purge.gap = 1000000 (custom)
2019-09-20 10:24:19,360 [pool-71-thread-1] INFO  server.RaftServerConfigKeys (ConfUtils.java:logGet(43)) - raft.server.log.appender.buffer.byte-limit = 33554432 (custom)
2019-09-20 10:24:19,360 [pool-71-thread-1] INFO  server.RaftServerConfigKeys (ConfUtils.java:logGet(43)) - raft.server.log.segment.size.max = 1048576 (custom)
2019-09-20 10:24:19,360 [pool-71-thread-1] INFO  server.RaftServerConfigKeys (ConfUtils.java:logGet(43)) - raft.server.log.segment.cache.num.max = 2 (custom)
2019-09-20 10:24:19,360 [pool-71-thread-1] INFO  segmented.SegmentedRaftLogWorker (SegmentedRaftLogWorker.java:<init>(172)) - new e5c196f9-6099-48db-bdcb-79bd2855f89c-SegmentedRaftLogWorker:Storage Directory /workdir/hadoop-ozone/tools/target/test-dir/MiniOzoneClusterImpl-4afbbd81-2c89-4d2f-ad5c-023fbc5472d9/datanode-4/data/ratis/c9c37897-dfaa-4fd6-91ee-53dda794aa69 for RaftStorage:Storage Directory /workdir/hadoop-ozone/tools/target/test-dir/MiniOzoneClusterImpl-4afbbd81-2c89-4d2f-ad5c-023fbc5472d9/datanode-4/data/ratis/c9c37897-dfaa-4fd6-91ee-53dda794aa69
2019-09-20 10:24:19,361 [pool-71-thread-1] INFO  server.RaftServerConfigKeys (ConfUtils.java:logGet(43)) - raft.server.log.queue.byte-limit = 2147483647 (custom)
2019-09-20 10:24:19,361 [pool-71-thread-1] INFO  server.RaftServerConfigKeys (ConfUtils.java:logGet(43)) - raft.server.log.queue.element-limit = 1024 (custom)
2019-09-20 10:24:19,361 [pool-71-thread-1] INFO  server.RaftServerConfigKeys (ConfUtils.java:logGet(43)) - raft.server.log.segment.size.max = 1048576 (custom)
2019-09-20 10:24:19,361 [pool-71-thread-1] INFO  server.RaftServerConfigKeys (ConfUtils.java:logGet(43)) - raft.server.log.preallocated.size = 16384 (custom)
2019-09-20 10:24:19,361 [pool-71-thread-1] INFO  server.RaftServerConfigKeys (ConfUtils.java:logGet(43)) - raft.server.log.write.buffer.size = 33554432 (custom)
2019-09-20 10:24:19,361 [pool-71-thread-1] INFO  server.RaftServerConfigKeys (ConfUtils.java:logGet(43)) - raft.server.log.force.sync.num = 128 (default)
2019-09-20 10:24:19,361 [pool-71-thread-1] INFO  server.RaftServerConfigKeys (ConfUtils.java:logGet(43)) - raft.server.log.statemachine.data.sync = true (default)
2019-09-20 10:24:19,362 [pool-71-thread-1] INFO  server.RaftServerConfigKeys (ConfUtils.java:logGet(43)) - raft.server.log.statemachine.data.sync.timeout = 10s (default)
2019-09-20 10:24:19,362 [pool-71-thread-1] INFO  server.RaftServerConfigKeys (ConfUtils.java:logGet(43)) - raft.server.log.statemachine.data.sync.timeout.retry = -1 (default)
2019-09-20 10:24:19,362 [pool-71-thread-1] INFO  server.RaftServerConfigKeys (ConfUtils.java:logGet(43)) - raft.server.log.statemachine.data.caching.enabled = true (custom)
2019-09-20 10:24:19,362 [pool-71-thread-1] INFO  segmented.SegmentedRaftLogWorker (SegmentedRaftLogWorker.java:lambda$new$0(132)) - e5c196f9-6099-48db-bdcb-79bd2855f89c-SegmentedRaftLogWorker:Storage Directory /workdir/hadoop-ozone/tools/target/test-dir/MiniOzoneClusterImpl-4afbbd81-2c89-4d2f-ad5c-023fbc5472d9/datanode-4/data/ratis/c9c37897-dfaa-4fd6-91ee-53dda794aa69: flushIndex: setUnconditionally 0 -> -1
2019-09-20 10:24:19,363 [pool-49-thread-1] INFO  server.RaftServerConfigKeys (ConfUtils.java:logGet(43)) - raft.server.snapshot.auto.trigger.enabled = true (custom)
2019-09-20 10:24:19,363 [pool-60-thread-1] INFO  server.RaftServerConfigKeys (ConfUtils.java:logGet(43)) - raft.server.snapshot.auto.trigger.enabled = true (custom)
2019-09-20 10:24:19,363 [pool-27-thread-1] INFO  server.RaftServerConfigKeys (ConfUtils.java:logGet(43)) - raft.server.snapshot.auto.trigger.enabled = true (custom)
2019-09-20 10:24:19,364 [pool-38-thread-1] INFO  server.RaftServerConfigKeys (ConfUtils.java:logGet(43)) - raft.server.snapshot.auto.trigger.enabled = true (custom)
2019-09-20 10:24:19,364 [pool-71-thread-1] INFO  server.RaftServerConfigKeys (ConfUtils.java:logGet(43)) - raft.server.snapshot.auto.trigger.enabled = true (custom)
2019-09-20 10:24:19,366 [pool-49-thread-1] INFO  server.RaftServerConfigKeys (ConfUtils.java:logGet(43)) - raft.server.snapshot.auto.trigger.threshold = 10000 (custom)
2019-09-20 10:24:19,366 [pool-71-thread-1] INFO  server.RaftServerConfigKeys (ConfUtils.java:logGet(43)) - raft.server.snapshot.auto.trigger.threshold = 10000 (custom)
2019-09-20 10:24:19,366 [pool-49-thread-1] INFO  server.RaftServerConfigKeys (ConfUtils.java:logGet(43)) - raft.server.retrycache.expirytime = 600000ms (custom)
2019-09-20 10:24:19,366 [pool-60-thread-1] INFO  server.RaftServerConfigKeys (ConfUtils.java:logGet(43)) - raft.server.snapshot.auto.trigger.threshold = 10000 (custom)
2019-09-20 10:24:19,366 [pool-71-thread-1] INFO  server.RaftServerConfigKeys (ConfUtils.java:logGet(43)) - raft.server.retrycache.expirytime = 600000ms (custom)
2019-09-20 10:24:19,366 [pool-27-thread-1] INFO  server.RaftServerConfigKeys (ConfUtils.java:logGet(43)) - raft.server.snapshot.auto.trigger.threshold = 10000 (custom)
2019-09-20 10:24:19,367 [pool-60-thread-1] INFO  server.RaftServerConfigKeys (ConfUtils.java:logGet(43)) - raft.server.retrycache.expirytime = 600000ms (custom)
2019-09-20 10:24:19,366 [pool-38-thread-1] INFO  server.RaftServerConfigKeys (ConfUtils.java:logGet(43)) - raft.server.snapshot.auto.trigger.threshold = 10000 (custom)
2019-09-20 10:24:19,367 [pool-27-thread-1] INFO  server.RaftServerConfigKeys (ConfUtils.java:logGet(43)) - raft.server.retrycache.expirytime = 600000ms (custom)
2019-09-20 10:24:19,367 [pool-38-thread-1] INFO  server.RaftServerConfigKeys (ConfUtils.java:logGet(43)) - raft.server.retrycache.expirytime = 600000ms (custom)
2019-09-20 10:24:19,387 [pool-49-thread-1] INFO  impl.RaftServerImpl (RaftServerImpl.java:start(180)) - 96779042-7d00-4831-92bc-784ad4e7e4a2: start group-5CB27E50C6C9
2019-09-20 10:24:19,387 [pool-38-thread-1] INFO  impl.RaftServerImpl (RaftServerImpl.java:start(180)) - e4b024ee-04cf-486e-8320-fcd01e1b98f4: start group-AF03F6244CBB
2019-09-20 10:24:19,387 [pool-71-thread-1] INFO  impl.RaftServerImpl (RaftServerImpl.java:start(180)) - e5c196f9-6099-48db-bdcb-79bd2855f89c: start group-53DDA794AA69
2019-09-20 10:24:19,387 [pool-60-thread-1] INFO  impl.RaftServerImpl (RaftServerImpl.java:start(180)) - e9bdb0c6-ddf0-4e6a-972a-18923aa30d04: start group-565D1C24F606
2019-09-20 10:24:19,387 [pool-27-thread-1] INFO  impl.RaftServerImpl (RaftServerImpl.java:start(180)) - 8b03a9e7-d22e-47f6-878a-e6fe5d2c5bae: start group-B5B43EB8E665
2019-09-20 10:24:19,388 [pool-71-thread-1] INFO  impl.RaftServerImpl (RaftServerImpl.java:setRole(171)) - e5c196f9-6099-48db-bdcb-79bd2855f89c:group-53DDA794AA69 changes role from null to FOLLOWER at term 0 for startAsFollower
2019-09-20 10:24:19,388 [pool-27-thread-1] INFO  impl.RaftServerImpl (RaftServerImpl.java:setRole(171)) - 8b03a9e7-d22e-47f6-878a-e6fe5d2c5bae:group-B5B43EB8E665 changes role from null to FOLLOWER at term 0 for startAsFollower
2019-09-20 10:24:19,388 [pool-60-thread-1] INFO  impl.RaftServerImpl (RaftServerImpl.java:setRole(171)) - e9bdb0c6-ddf0-4e6a-972a-18923aa30d04:group-565D1C24F606 changes role from null to FOLLOWER at term 0 for startAsFollower
2019-09-20 10:24:19,388 [pool-49-thread-1] INFO  impl.RaftServerImpl (RaftServerImpl.java:setRole(171)) - 96779042-7d00-4831-92bc-784ad4e7e4a2:group-5CB27E50C6C9 changes role from null to FOLLOWER at term 0 for startAsFollower
2019-09-20 10:24:19,388 [pool-38-thread-1] INFO  impl.RaftServerImpl (RaftServerImpl.java:setRole(171)) - e4b024ee-04cf-486e-8320-fcd01e1b98f4:group-AF03F6244CBB changes role from null to FOLLOWER at term 0 for startAsFollower
2019-09-20 10:24:19,389 [pool-49-thread-1] INFO  impl.RoleInfo (RoleInfo.java:updateAndGet(143)) - 96779042-7d00-4831-92bc-784ad4e7e4a2: start FollowerState
2019-09-20 10:24:19,391 [pool-71-thread-1] INFO  impl.RoleInfo (RoleInfo.java:updateAndGet(143)) - e5c196f9-6099-48db-bdcb-79bd2855f89c: start FollowerState
2019-09-20 10:24:19,391 [pool-27-thread-1] INFO  impl.RoleInfo (RoleInfo.java:updateAndGet(143)) - 8b03a9e7-d22e-47f6-878a-e6fe5d2c5bae: start FollowerState
2019-09-20 10:24:19,391 [pool-60-thread-1] INFO  impl.RoleInfo (RoleInfo.java:updateAndGet(143)) - e9bdb0c6-ddf0-4e6a-972a-18923aa30d04: start FollowerState
2019-09-20 10:24:19,389 [pool-38-thread-1] INFO  impl.RoleInfo (RoleInfo.java:updateAndGet(143)) - e4b024ee-04cf-486e-8320-fcd01e1b98f4: start FollowerState
2019-09-20 10:24:19,392 [pool-49-thread-1] INFO  util.JmxRegister (JmxRegister.java:tryRegister(44)) - Successfully registered JMX Bean with object name Ratis:service=RaftServer,group=group-5CB27E50C6C9,id=96779042-7d00-4831-92bc-784ad4e7e4a2
2019-09-20 10:24:19,394 [pool-27-thread-1] INFO  util.JmxRegister (JmxRegister.java:tryRegister(44)) - Successfully registered JMX Bean with object name Ratis:service=RaftServer,group=group-B5B43EB8E665,id=8b03a9e7-d22e-47f6-878a-e6fe5d2c5bae
2019-09-20 10:24:19,394 [pool-71-thread-1] INFO  util.JmxRegister (JmxRegister.java:tryRegister(44)) - Successfully registered JMX Bean with object name Ratis:service=RaftServer,group=group-53DDA794AA69,id=e5c196f9-6099-48db-bdcb-79bd2855f89c
2019-09-20 10:24:19,392 [pool-60-thread-1] INFO  util.JmxRegister (JmxRegister.java:tryRegister(44)) - Successfully registered JMX Bean with object name Ratis:service=RaftServer,group=group-565D1C24F606,id=e9bdb0c6-ddf0-4e6a-972a-18923aa30d04
2019-09-20 10:24:19,392 [pool-38-thread-1] INFO  util.JmxRegister (JmxRegister.java:tryRegister(44)) - Successfully registered JMX Bean with object name Ratis:service=RaftServer,group=group-AF03F6244CBB,id=e4b024ee-04cf-486e-8320-fcd01e1b98f4
2019-09-20 10:24:19,466 [Command processor thread] INFO  commandhandler.CreatePipelineCommandHandler (CreatePipelineCommandHandler.java:handle(112)) - Create Pipeline RATIS ONE #PipelineID=d59950ae-f3fa-487b-b41e-af03f6244cbb command succeed on datanode e4b024ee-04cf-486e-8320-fcd01e1b98f4.
2019-09-20 10:24:19,466 [Command processor thread] INFO  commandhandler.CreatePipelineCommandHandler (CreatePipelineCommandHandler.java:handle(112)) - Create Pipeline RATIS ONE #PipelineID=c9c37897-dfaa-4fd6-91ee-53dda794aa69 command succeed on datanode e5c196f9-6099-48db-bdcb-79bd2855f89c.
2019-09-20 10:24:19,466 [Command processor thread] INFO  commandhandler.CreatePipelineCommandHandler (CreatePipelineCommandHandler.java:handle(112)) - Create Pipeline RATIS ONE #PipelineID=a4cf1417-ec97-4039-846e-565d1c24f606 command succeed on datanode e9bdb0c6-ddf0-4e6a-972a-18923aa30d04.
2019-09-20 10:24:19,466 [Command processor thread] INFO  commandhandler.CreatePipelineCommandHandler (CreatePipelineCommandHandler.java:handle(112)) - Create Pipeline RATIS ONE #PipelineID=a7eb9b40-0952-4041-b80b-b5b43eb8e665 command succeed on datanode 8b03a9e7-d22e-47f6-878a-e6fe5d2c5bae.
2019-09-20 10:24:19,466 [Command processor thread] INFO  commandhandler.CreatePipelineCommandHandler (CreatePipelineCommandHandler.java:handle(112)) - Create Pipeline RATIS ONE #PipelineID=759e8f1c-afea-4e45-aa6e-5cb27e50c6c9 command succeed on datanode 96779042-7d00-4831-92bc-784ad4e7e4a2.
2019-09-20 10:24:19,510 | INFO  | SCMAudit | user=jenkins1000 | ip=192.168.151.119 | op=SEND_HEARTBEAT {datanodeUUID=e4b024ee-04cf-486e-8320-fcd01e1b98f4, command=[]} | ret=SUCCESS |  
2019-09-20 10:24:19,517 [grpc-default-executor-3] INFO  impl.RaftServerProxy (RaftServerProxy.java:addNew(89)) - e4b024ee-04cf-486e-8320-fcd01e1b98f4: addNew group-AEFB7BEA069A:[e4b024ee-04cf-486e-8320-fcd01e1b98f4:192.168.151.119:43904, 96779042-7d00-4831-92bc-784ad4e7e4a2:192.168.151.119:36731, 8b03a9e7-d22e-47f6-878a-e6fe5d2c5bae:192.168.151.119:44383] returns group-AEFB7BEA069A:java.util.concurrent.CompletableFuture@7567763d[Not completed]
2019-09-20 10:24:19,517 [grpc-default-executor-0] INFO  impl.RaftServerProxy (RaftServerProxy.java:addNew(89)) - 8b03a9e7-d22e-47f6-878a-e6fe5d2c5bae: addNew group-AEFB7BEA069A:[e4b024ee-04cf-486e-8320-fcd01e1b98f4:192.168.151.119:43904, 96779042-7d00-4831-92bc-784ad4e7e4a2:192.168.151.119:36731, 8b03a9e7-d22e-47f6-878a-e6fe5d2c5bae:192.168.151.119:44383] returns group-AEFB7BEA069A:java.util.concurrent.CompletableFuture@4a17a913[Not completed]
2019-09-20 10:24:19,518 [grpc-default-executor-1] INFO  impl.RaftServerProxy (RaftServerProxy.java:addNew(89)) - 96779042-7d00-4831-92bc-784ad4e7e4a2: addNew group-AEFB7BEA069A:[e4b024ee-04cf-486e-8320-fcd01e1b98f4:192.168.151.119:43904, 96779042-7d00-4831-92bc-784ad4e7e4a2:192.168.151.119:36731, 8b03a9e7-d22e-47f6-878a-e6fe5d2c5bae:192.168.151.119:44383] returns group-AEFB7BEA069A:java.util.concurrent.CompletableFuture@2004b30e[Not completed]
2019-09-20 10:24:19,519 [pool-38-thread-1] INFO  impl.RaftServerImpl (RaftServerImpl.java:<init>(93)) - e4b024ee-04cf-486e-8320-fcd01e1b98f4: new RaftServerImpl for group-AEFB7BEA069A:[e4b024ee-04cf-486e-8320-fcd01e1b98f4:192.168.151.119:43904, 96779042-7d00-4831-92bc-784ad4e7e4a2:192.168.151.119:36731, 8b03a9e7-d22e-47f6-878a-e6fe5d2c5bae:192.168.151.119:44383] with ContainerStateMachine:uninitialized
2019-09-20 10:24:19,519 [pool-38-thread-1] INFO  server.RaftServerConfigKeys (ConfUtils.java:logGet(43)) - raft.server.rpc.timeout.min = 5s (custom)
2019-09-20 10:24:19,519 [pool-38-thread-1] INFO  server.RaftServerConfigKeys (ConfUtils.java:logGet(43)) - raft.server.rpc.timeout.max = 5200ms (custom)
2019-09-20 10:24:19,519 [pool-38-thread-1] INFO  server.RaftServerConfigKeys (ConfUtils.java:logGet(43)) - raft.server.rpcslowness.timeout = 120s (custom)
2019-09-20 10:24:19,519 [pool-38-thread-1] INFO  server.RaftServerConfigKeys (ConfUtils.java:logGet(43)) - raft.server.sleep.deviation.threshold = 300 (default)
2019-09-20 10:24:19,519 [pool-38-thread-1] INFO  server.RaftServerConfigKeys (ConfUtils.java:logGet(43)) - raft.server.log.appender.install.snapshot.enabled = false (custom)
2019-09-20 10:24:19,520 [pool-38-thread-1] INFO  impl.RaftServerImpl (ServerState.java:<init>(105)) - e4b024ee-04cf-486e-8320-fcd01e1b98f4:group-AEFB7BEA069A ConfigurationManager, init=-1: [e4b024ee-04cf-486e-8320-fcd01e1b98f4:192.168.151.119:43904, 96779042-7d00-4831-92bc-784ad4e7e4a2:192.168.151.119:36731, 8b03a9e7-d22e-47f6-878a-e6fe5d2c5bae:192.168.151.119:44383], old=null, confs=<EMPTY_MAP>
2019-09-20 10:24:19,520 [pool-38-thread-1] INFO  server.RaftServerConfigKeys (ConfUtils.java:logGet(43)) - raft.server.storage.dir = [/workdir/hadoop-ozone/tools/target/test-dir/MiniOzoneClusterImpl-4afbbd81-2c89-4d2f-ad5c-023fbc5472d9/datanode-1/data/ratis] (custom)
2019-09-20 10:24:19,520 [pool-49-thread-1] INFO  impl.RaftServerImpl (RaftServerImpl.java:<init>(93)) - 96779042-7d00-4831-92bc-784ad4e7e4a2: new RaftServerImpl for group-AEFB7BEA069A:[e4b024ee-04cf-486e-8320-fcd01e1b98f4:192.168.151.119:43904, 96779042-7d00-4831-92bc-784ad4e7e4a2:192.168.151.119:36731, 8b03a9e7-d22e-47f6-878a-e6fe5d2c5bae:192.168.151.119:44383] with ContainerStateMachine:uninitialized
2019-09-20 10:24:19,520 [pool-38-thread-1] INFO  storage.RaftStorageDirectory (RaftStorageDirectory.java:analyzeStorage(246)) - The storage directory /workdir/hadoop-ozone/tools/target/test-dir/MiniOzoneClusterImpl-4afbbd81-2c89-4d2f-ad5c-023fbc5472d9/datanode-1/data/ratis/3c68a191-c039-4483-a0dc-aefb7bea069a does not exist. Creating ...
2019-09-20 10:24:19,520 [pool-49-thread-1] INFO  server.RaftServerConfigKeys (ConfUtils.java:logGet(43)) - raft.server.rpc.timeout.min = 5s (custom)
2019-09-20 10:24:19,521 [pool-49-thread-1] INFO  server.RaftServerConfigKeys (ConfUtils.java:logGet(43)) - raft.server.rpc.timeout.max = 5200ms (custom)
2019-09-20 10:24:19,521 [pool-49-thread-1] INFO  server.RaftServerConfigKeys (ConfUtils.java:logGet(43)) - raft.server.rpcslowness.timeout = 120s (custom)
2019-09-20 10:24:19,521 [pool-49-thread-1] INFO  server.RaftServerConfigKeys (ConfUtils.java:logGet(43)) - raft.server.sleep.deviation.threshold = 300 (default)
2019-09-20 10:24:19,521 [pool-27-thread-1] INFO  impl.RaftServerImpl (RaftServerImpl.java:<init>(93)) - 8b03a9e7-d22e-47f6-878a-e6fe5d2c5bae: new RaftServerImpl for group-AEFB7BEA069A:[e4b024ee-04cf-486e-8320-fcd01e1b98f4:192.168.151.119:43904, 96779042-7d00-4831-92bc-784ad4e7e4a2:192.168.151.119:36731, 8b03a9e7-d22e-47f6-878a-e6fe5d2c5bae:192.168.151.119:44383] with ContainerStateMachine:uninitialized
2019-09-20 10:24:19,521 [pool-49-thread-1] INFO  server.RaftServerConfigKeys (ConfUtils.java:logGet(43)) - raft.server.log.appender.install.snapshot.enabled = false (custom)
2019-09-20 10:24:19,521 [pool-27-thread-1] INFO  server.RaftServerConfigKeys (ConfUtils.java:logGet(43)) - raft.server.rpc.timeout.min = 5s (custom)
2019-09-20 10:24:19,521 [pool-49-thread-1] INFO  impl.RaftServerImpl (ServerState.java:<init>(105)) - 96779042-7d00-4831-92bc-784ad4e7e4a2:group-AEFB7BEA069A ConfigurationManager, init=-1: [e4b024ee-04cf-486e-8320-fcd01e1b98f4:192.168.151.119:43904, 96779042-7d00-4831-92bc-784ad4e7e4a2:192.168.151.119:36731, 8b03a9e7-d22e-47f6-878a-e6fe5d2c5bae:192.168.151.119:44383], old=null, confs=<EMPTY_MAP>
2019-09-20 10:24:19,521 [pool-27-thread-1] INFO  server.RaftServerConfigKeys (ConfUtils.java:logGet(43)) - raft.server.rpc.timeout.max = 5200ms (custom)
2019-09-20 10:24:19,522 [pool-49-thread-1] INFO  server.RaftServerConfigKeys (ConfUtils.java:logGet(43)) - raft.server.storage.dir = [/workdir/hadoop-ozone/tools/target/test-dir/MiniOzoneClusterImpl-4afbbd81-2c89-4d2f-ad5c-023fbc5472d9/datanode-2/data/ratis] (custom)
2019-09-20 10:24:19,522 [pool-27-thread-1] INFO  server.RaftServerConfigKeys (ConfUtils.java:logGet(43)) - raft.server.rpcslowness.timeout = 120s (custom)
2019-09-20 10:24:19,522 [pool-27-thread-1] INFO  server.RaftServerConfigKeys (ConfUtils.java:logGet(43)) - raft.server.sleep.deviation.threshold = 300 (default)
2019-09-20 10:24:19,522 [pool-27-thread-1] INFO  server.RaftServerConfigKeys (ConfUtils.java:logGet(43)) - raft.server.log.appender.install.snapshot.enabled = false (custom)
2019-09-20 10:24:19,522 [pool-49-thread-1] INFO  storage.RaftStorageDirectory (RaftStorageDirectory.java:analyzeStorage(246)) - The storage directory /workdir/hadoop-ozone/tools/target/test-dir/MiniOzoneClusterImpl-4afbbd81-2c89-4d2f-ad5c-023fbc5472d9/datanode-2/data/ratis/3c68a191-c039-4483-a0dc-aefb7bea069a does not exist. Creating ...
2019-09-20 10:24:19,522 [pool-27-thread-1] INFO  impl.RaftServerImpl (ServerState.java:<init>(105)) - 8b03a9e7-d22e-47f6-878a-e6fe5d2c5bae:group-AEFB7BEA069A ConfigurationManager, init=-1: [e4b024ee-04cf-486e-8320-fcd01e1b98f4:192.168.151.119:43904, 96779042-7d00-4831-92bc-784ad4e7e4a2:192.168.151.119:36731, 8b03a9e7-d22e-47f6-878a-e6fe5d2c5bae:192.168.151.119:44383], old=null, confs=<EMPTY_MAP>
2019-09-20 10:24:19,522 [pool-27-thread-1] INFO  server.RaftServerConfigKeys (ConfUtils.java:logGet(43)) - raft.server.storage.dir = [/workdir/hadoop-ozone/tools/target/test-dir/MiniOzoneClusterImpl-4afbbd81-2c89-4d2f-ad5c-023fbc5472d9/datanode-0/data/ratis] (custom)
2019-09-20 10:24:19,523 [pool-27-thread-1] INFO  storage.RaftStorageDirectory (RaftStorageDirectory.java:analyzeStorage(246)) - The storage directory /workdir/hadoop-ozone/tools/target/test-dir/MiniOzoneClusterImpl-4afbbd81-2c89-4d2f-ad5c-023fbc5472d9/datanode-0/data/ratis/3c68a191-c039-4483-a0dc-aefb7bea069a does not exist. Creating ...
2019-09-20 10:24:19,534 [pool-38-thread-1] INFO  storage.RaftStorageDirectory (RaftStorageDirectory.java:tryLock(328)) - Lock on /workdir/hadoop-ozone/tools/target/test-dir/MiniOzoneClusterImpl-4afbbd81-2c89-4d2f-ad5c-023fbc5472d9/datanode-1/data/ratis/3c68a191-c039-4483-a0dc-aefb7bea069a/in_use.lock acquired by nodename 26999@pr-hdds-2034-wmsbd-1222111393
2019-09-20 10:24:19,534 [pool-49-thread-1] INFO  storage.RaftStorageDirectory (RaftStorageDirectory.java:tryLock(328)) - Lock on /workdir/hadoop-ozone/tools/target/test-dir/MiniOzoneClusterImpl-4afbbd81-2c89-4d2f-ad5c-023fbc5472d9/datanode-2/data/ratis/3c68a191-c039-4483-a0dc-aefb7bea069a/in_use.lock acquired by nodename 26999@pr-hdds-2034-wmsbd-1222111393
2019-09-20 10:24:19,534 [pool-27-thread-1] INFO  storage.RaftStorageDirectory (RaftStorageDirectory.java:tryLock(328)) - Lock on /workdir/hadoop-ozone/tools/target/test-dir/MiniOzoneClusterImpl-4afbbd81-2c89-4d2f-ad5c-023fbc5472d9/datanode-0/data/ratis/3c68a191-c039-4483-a0dc-aefb7bea069a/in_use.lock acquired by nodename 26999@pr-hdds-2034-wmsbd-1222111393
2019-09-20 10:24:19,559 [pool-38-thread-1] INFO  storage.RaftStorage (RaftStorage.java:format(72)) - Storage directory /workdir/hadoop-ozone/tools/target/test-dir/MiniOzoneClusterImpl-4afbbd81-2c89-4d2f-ad5c-023fbc5472d9/datanode-1/data/ratis/3c68a191-c039-4483-a0dc-aefb7bea069a has been successfully formatted.
2019-09-20 10:24:19,559 [pool-27-thread-1] INFO  storage.RaftStorage (RaftStorage.java:format(72)) - Storage directory /workdir/hadoop-ozone/tools/target/test-dir/MiniOzoneClusterImpl-4afbbd81-2c89-4d2f-ad5c-023fbc5472d9/datanode-0/data/ratis/3c68a191-c039-4483-a0dc-aefb7bea069a has been successfully formatted.
2019-09-20 10:24:19,560 [pool-38-thread-1] INFO  ratis.ContainerStateMachine (ContainerStateMachine.java:loadSnapshot(226)) - group-AEFB7BEA069A: The snapshot info is null. Setting the last applied indexto:(t:0, i:~)
2019-09-20 10:24:19,559 [pool-49-thread-1] INFO  storage.RaftStorage (RaftStorage.java:format(72)) - Storage directory /workdir/hadoop-ozone/tools/target/test-dir/MiniOzoneClusterImpl-4afbbd81-2c89-4d2f-ad5c-023fbc5472d9/datanode-2/data/ratis/3c68a191-c039-4483-a0dc-aefb7bea069a has been successfully formatted.
2019-09-20 10:24:19,560 [pool-27-thread-1] INFO  ratis.ContainerStateMachine (ContainerStateMachine.java:loadSnapshot(226)) - group-AEFB7BEA069A: The snapshot info is null. Setting the last applied indexto:(t:0, i:~)
2019-09-20 10:24:19,560 [pool-49-thread-1] INFO  ratis.ContainerStateMachine (ContainerStateMachine.java:loadSnapshot(226)) - group-AEFB7BEA069A: The snapshot info is null. Setting the last applied indexto:(t:0, i:~)
2019-09-20 10:24:19,560 [pool-38-thread-1] INFO  server.RaftServerConfigKeys (ConfUtils.java:logGet(43)) - raft.server.leader.election.timeout = 120s (custom)
2019-09-20 10:24:19,560 [pool-49-thread-1] INFO  server.RaftServerConfigKeys (ConfUtils.java:logGet(43)) - raft.server.leader.election.timeout = 120s (custom)
2019-09-20 10:24:19,560 [pool-27-thread-1] INFO  server.RaftServerConfigKeys (ConfUtils.java:logGet(43)) - raft.server.leader.election.timeout = 120s (custom)
2019-09-20 10:24:19,560 [pool-49-thread-1] INFO  server.RaftServerConfigKeys (ConfUtils.java:logGet(43)) - raft.server.log.use.memory = false (default)
2019-09-20 10:24:19,560 [pool-38-thread-1] INFO  server.RaftServerConfigKeys (ConfUtils.java:logGet(43)) - raft.server.log.use.memory = false (default)
2019-09-20 10:24:19,561 [pool-49-thread-1] INFO  server.RaftServerConfigKeys (ConfUtils.java:logGet(43)) - raft.server.log.purge.gap = 1000000 (custom)
2019-09-20 10:24:19,561 [pool-27-thread-1] INFO  server.RaftServerConfigKeys (ConfUtils.java:logGet(43)) - raft.server.log.use.memory = false (default)
2019-09-20 10:24:19,561 [pool-49-thread-1] INFO  server.RaftServerConfigKeys (ConfUtils.java:logGet(43)) - raft.server.log.appender.buffer.byte-limit = 33554432 (custom)
2019-09-20 10:24:19,561 [pool-38-thread-1] INFO  server.RaftServerConfigKeys (ConfUtils.java:logGet(43)) - raft.server.log.purge.gap = 1000000 (custom)
2019-09-20 10:24:19,561 [pool-49-thread-1] INFO  server.RaftServerConfigKeys (ConfUtils.java:logGet(43)) - raft.server.log.segment.size.max = 1048576 (custom)
2019-09-20 10:24:19,561 [pool-27-thread-1] INFO  server.RaftServerConfigKeys (ConfUtils.java:logGet(43)) - raft.server.log.purge.gap = 1000000 (custom)
2019-09-20 10:24:19,562 [pool-49-thread-1] INFO  server.RaftServerConfigKeys (ConfUtils.java:logGet(43)) - raft.server.log.segment.cache.num.max = 2 (custom)
2019-09-20 10:24:19,561 [pool-38-thread-1] INFO  server.RaftServerConfigKeys (ConfUtils.java:logGet(43)) - raft.server.log.appender.buffer.byte-limit = 33554432 (custom)
2019-09-20 10:24:19,562 [pool-49-thread-1] INFO  segmented.SegmentedRaftLogWorker (SegmentedRaftLogWorker.java:<init>(172)) - new 96779042-7d00-4831-92bc-784ad4e7e4a2-SegmentedRaftLogWorker:Storage Directory /workdir/hadoop-ozone/tools/target/test-dir/MiniOzoneClusterImpl-4afbbd81-2c89-4d2f-ad5c-023fbc5472d9/datanode-2/data/ratis/3c68a191-c039-4483-a0dc-aefb7bea069a for RaftStorage:Storage Directory /workdir/hadoop-ozone/tools/target/test-dir/MiniOzoneClusterImpl-4afbbd81-2c89-4d2f-ad5c-023fbc5472d9/datanode-2/data/ratis/3c68a191-c039-4483-a0dc-aefb7bea069a
2019-09-20 10:24:19,562 [pool-27-thread-1] INFO  server.RaftServerConfigKeys (ConfUtils.java:logGet(43)) - raft.server.log.appender.buffer.byte-limit = 33554432 (custom)
2019-09-20 10:24:19,562 [pool-49-thread-1] INFO  server.RaftServerConfigKeys (ConfUtils.java:logGet(43)) - raft.server.log.queue.byte-limit = 2147483647 (custom)
2019-09-20 10:24:19,562 [pool-38-thread-1] INFO  server.RaftServerConfigKeys (ConfUtils.java:logGet(43)) - raft.server.log.segment.size.max = 1048576 (custom)
2019-09-20 10:24:19,564 [pool-49-thread-1] INFO  server.RaftServerConfigKeys (ConfUtils.java:logGet(43)) - raft.server.log.queue.element-limit = 1024 (custom)
2019-09-20 10:24:19,563 [pool-27-thread-1] INFO  server.RaftServerConfigKeys (ConfUtils.java:logGet(43)) - raft.server.log.segment.size.max = 1048576 (custom)
2019-09-20 10:24:19,564 [pool-49-thread-1] INFO  server.RaftServerConfigKeys (ConfUtils.java:logGet(43)) - raft.server.log.segment.size.max = 1048576 (custom)
2019-09-20 10:24:19,564 [pool-38-thread-1] INFO  server.RaftServerConfigKeys (ConfUtils.java:logGet(43)) - raft.server.log.segment.cache.num.max = 2 (custom)
2019-09-20 10:24:19,564 [pool-49-thread-1] INFO  server.RaftServerConfigKeys (ConfUtils.java:logGet(43)) - raft.server.log.preallocated.size = 16384 (custom)
2019-09-20 10:24:19,564 [pool-27-thread-1] INFO  server.RaftServerConfigKeys (ConfUtils.java:logGet(43)) - raft.server.log.segment.cache.num.max = 2 (custom)
2019-09-20 10:24:19,564 [pool-49-thread-1] INFO  server.RaftServerConfigKeys (ConfUtils.java:logGet(43)) - raft.server.log.write.buffer.size = 33554432 (custom)
2019-09-20 10:24:19,564 [pool-38-thread-1] INFO  segmented.SegmentedRaftLogWorker (SegmentedRaftLogWorker.java:<init>(172)) - new e4b024ee-04cf-486e-8320-fcd01e1b98f4-SegmentedRaftLogWorker:Storage Directory /workdir/hadoop-ozone/tools/target/test-dir/MiniOzoneClusterImpl-4afbbd81-2c89-4d2f-ad5c-023fbc5472d9/datanode-1/data/ratis/3c68a191-c039-4483-a0dc-aefb7bea069a for RaftStorage:Storage Directory /workdir/hadoop-ozone/tools/target/test-dir/MiniOzoneClusterImpl-4afbbd81-2c89-4d2f-ad5c-023fbc5472d9/datanode-1/data/ratis/3c68a191-c039-4483-a0dc-aefb7bea069a
2019-09-20 10:24:19,565 [pool-49-thread-1] INFO  server.RaftServerConfigKeys (ConfUtils.java:logGet(43)) - raft.server.log.force.sync.num = 128 (default)
2019-09-20 10:24:19,565 [pool-27-thread-1] INFO  segmented.SegmentedRaftLogWorker (SegmentedRaftLogWorker.java:<init>(172)) - new 8b03a9e7-d22e-47f6-878a-e6fe5d2c5bae-SegmentedRaftLogWorker:Storage Directory /workdir/hadoop-ozone/tools/target/test-dir/MiniOzoneClusterImpl-4afbbd81-2c89-4d2f-ad5c-023fbc5472d9/datanode-0/data/ratis/3c68a191-c039-4483-a0dc-aefb7bea069a for RaftStorage:Storage Directory /workdir/hadoop-ozone/tools/target/test-dir/MiniOzoneClusterImpl-4afbbd81-2c89-4d2f-ad5c-023fbc5472d9/datanode-0/data/ratis/3c68a191-c039-4483-a0dc-aefb7bea069a
2019-09-20 10:24:19,565 [pool-49-thread-1] INFO  server.RaftServerConfigKeys (ConfUtils.java:logGet(43)) - raft.server.log.statemachine.data.sync = true (default)
2019-09-20 10:24:19,565 [pool-38-thread-1] INFO  server.RaftServerConfigKeys (ConfUtils.java:logGet(43)) - raft.server.log.queue.byte-limit = 2147483647 (custom)
2019-09-20 10:24:19,568 [pool-49-thread-1] INFO  server.RaftServerConfigKeys (ConfUtils.java:logGet(43)) - raft.server.log.statemachine.data.sync.timeout = 10s (default)
2019-09-20 10:24:19,567 [pool-27-thread-1] INFO  server.RaftServerConfigKeys (ConfUtils.java:logGet(43)) - raft.server.log.queue.byte-limit = 2147483647 (custom)
2019-09-20 10:24:19,568 [pool-49-thread-1] INFO  server.RaftServerConfigKeys (ConfUtils.java:logGet(43)) - raft.server.log.statemachine.data.sync.timeout.retry = -1 (default)
2019-09-20 10:24:19,568 [pool-38-thread-1] INFO  server.RaftServerConfigKeys (ConfUtils.java:logGet(43)) - raft.server.log.queue.element-limit = 1024 (custom)
2019-09-20 10:24:19,569 [pool-49-thread-1] INFO  server.RaftServerConfigKeys (ConfUtils.java:logGet(43)) - raft.server.log.statemachine.data.caching.enabled = true (custom)
2019-09-20 10:24:19,569 [pool-27-thread-1] INFO  server.RaftServerConfigKeys (ConfUtils.java:logGet(43)) - raft.server.log.queue.element-limit = 1024 (custom)
2019-09-20 10:24:19,569 [pool-38-thread-1] INFO  server.RaftServerConfigKeys (ConfUtils.java:logGet(43)) - raft.server.log.segment.size.max = 1048576 (custom)
2019-09-20 10:24:19,569 [pool-27-thread-1] INFO  server.RaftServerConfigKeys (ConfUtils.java:logGet(43)) - raft.server.log.segment.size.max = 1048576 (custom)
2019-09-20 10:24:19,569 [pool-49-thread-1] INFO  segmented.SegmentedRaftLogWorker (SegmentedRaftLogWorker.java:lambda$new$0(132)) - 96779042-7d00-4831-92bc-784ad4e7e4a2-SegmentedRaftLogWorker:Storage Directory /workdir/hadoop-ozone/tools/target/test-dir/MiniOzoneClusterImpl-4afbbd81-2c89-4d2f-ad5c-023fbc5472d9/datanode-2/data/ratis/3c68a191-c039-4483-a0dc-aefb7bea069a: flushIndex: setUnconditionally 0 -> -1
2019-09-20 10:24:19,570 [pool-27-thread-1] INFO  server.RaftServerConfigKeys (ConfUtils.java:logGet(43)) - raft.server.log.preallocated.size = 16384 (custom)
2019-09-20 10:24:19,569 [pool-38-thread-1] INFO  server.RaftServerConfigKeys (ConfUtils.java:logGet(43)) - raft.server.log.preallocated.size = 16384 (custom)
2019-09-20 10:24:19,570 [pool-27-thread-1] INFO  server.RaftServerConfigKeys (ConfUtils.java:logGet(43)) - raft.server.log.write.buffer.size = 33554432 (custom)
2019-09-20 10:24:19,570 [pool-49-thread-1] INFO  server.RaftServerConfigKeys (ConfUtils.java:logGet(43)) - raft.server.snapshot.auto.trigger.enabled = true (custom)
2019-09-20 10:24:19,570 [pool-27-thread-1] INFO  server.RaftServerConfigKeys (ConfUtils.java:logGet(43)) - raft.server.log.force.sync.num = 128 (default)
2019-09-20 10:24:19,570 [pool-38-thread-1] INFO  server.RaftServerConfigKeys (ConfUtils.java:logGet(43)) - raft.server.log.write.buffer.size = 33554432 (custom)
2019-09-20 10:24:19,570 [pool-27-thread-1] INFO  server.RaftServerConfigKeys (ConfUtils.java:logGet(43)) - raft.server.log.statemachine.data.sync = true (default)
2019-09-20 10:24:19,570 [pool-49-thread-1] INFO  server.RaftServerConfigKeys (ConfUtils.java:logGet(43)) - raft.server.snapshot.auto.trigger.threshold = 10000 (custom)
2019-09-20 10:24:19,571 [pool-27-thread-1] INFO  server.RaftServerConfigKeys (ConfUtils.java:logGet(43)) - raft.server.log.statemachine.data.sync.timeout = 10s (default)
2019-09-20 10:24:19,571 [pool-38-thread-1] INFO  server.RaftServerConfigKeys (ConfUtils.java:logGet(43)) - raft.server.log.force.sync.num = 128 (default)
2019-09-20 10:24:19,571 [pool-27-thread-1] INFO  server.RaftServerConfigKeys (ConfUtils.java:logGet(43)) - raft.server.log.statemachine.data.sync.timeout.retry = -1 (default)
2019-09-20 10:24:19,571 [pool-49-thread-1] INFO  server.RaftServerConfigKeys (ConfUtils.java:logGet(43)) - raft.server.retrycache.expirytime = 600000ms (custom)
2019-09-20 10:24:19,571 [pool-27-thread-1] INFO  server.RaftServerConfigKeys (ConfUtils.java:logGet(43)) - raft.server.log.statemachine.data.caching.enabled = true (custom)
2019-09-20 10:24:19,571 [pool-38-thread-1] INFO  server.RaftServerConfigKeys (ConfUtils.java:logGet(43)) - raft.server.log.statemachine.data.sync = true (default)
2019-09-20 10:24:19,572 [pool-49-thread-1] INFO  impl.RaftServerImpl (RaftServerImpl.java:start(180)) - 96779042-7d00-4831-92bc-784ad4e7e4a2: start group-AEFB7BEA069A
2019-09-20 10:24:19,572 [pool-27-thread-1] INFO  segmented.SegmentedRaftLogWorker (SegmentedRaftLogWorker.java:lambda$new$0(132)) - 8b03a9e7-d22e-47f6-878a-e6fe5d2c5bae-SegmentedRaftLogWorker:Storage Directory /workdir/hadoop-ozone/tools/target/test-dir/MiniOzoneClusterImpl-4afbbd81-2c89-4d2f-ad5c-023fbc5472d9/datanode-0/data/ratis/3c68a191-c039-4483-a0dc-aefb7bea069a: flushIndex: setUnconditionally 0 -> -1
2019-09-20 10:24:19,572 [pool-38-thread-1] INFO  server.RaftServerConfigKeys (ConfUtils.java:logGet(43)) - raft.server.log.statemachine.data.sync.timeout = 10s (default)
2019-09-20 10:24:19,572 [pool-49-thread-1] INFO  impl.RaftServerImpl (RaftServerImpl.java:setRole(171)) - 96779042-7d00-4831-92bc-784ad4e7e4a2:group-AEFB7BEA069A changes role from null to FOLLOWER at term 0 for startAsFollower
2019-09-20 10:24:19,572 [pool-38-thread-1] INFO  server.RaftServerConfigKeys (ConfUtils.java:logGet(43)) - raft.server.log.statemachine.data.sync.timeout.retry = -1 (default)
2019-09-20 10:24:19,572 [pool-49-thread-1] INFO  impl.RoleInfo (RoleInfo.java:updateAndGet(143)) - 96779042-7d00-4831-92bc-784ad4e7e4a2: start FollowerState
2019-09-20 10:24:19,572 [pool-27-thread-1] INFO  server.RaftServerConfigKeys (ConfUtils.java:logGet(43)) - raft.server.snapshot.auto.trigger.enabled = true (custom)
2019-09-20 10:24:19,572 [pool-38-thread-1] INFO  server.RaftServerConfigKeys (ConfUtils.java:logGet(43)) - raft.server.log.statemachine.data.caching.enabled = true (custom)
2019-09-20 10:24:19,573 [pool-27-thread-1] INFO  server.RaftServerConfigKeys (ConfUtils.java:logGet(43)) - raft.server.snapshot.auto.trigger.threshold = 10000 (custom)
2019-09-20 10:24:19,573 [pool-38-thread-1] INFO  segmented.SegmentedRaftLogWorker (SegmentedRaftLogWorker.java:lambda$new$0(132)) - e4b024ee-04cf-486e-8320-fcd01e1b98f4-SegmentedRaftLogWorker:Storage Directory /workdir/hadoop-ozone/tools/target/test-dir/MiniOzoneClusterImpl-4afbbd81-2c89-4d2f-ad5c-023fbc5472d9/datanode-1/data/ratis/3c68a191-c039-4483-a0dc-aefb7bea069a: flushIndex: setUnconditionally 0 -> -1
2019-09-20 10:24:19,573 [pool-49-thread-1] INFO  util.JmxRegister (JmxRegister.java:tryRegister(44)) - Successfully registered JMX Bean with object name Ratis:service=RaftServer,group=group-AEFB7BEA069A,id=96779042-7d00-4831-92bc-784ad4e7e4a2
2019-09-20 10:24:19,573 [pool-38-thread-1] INFO  server.RaftServerConfigKeys (ConfUtils.java:logGet(43)) - raft.server.snapshot.auto.trigger.enabled = true (custom)
2019-09-20 10:24:19,573 [pool-27-thread-1] INFO  server.RaftServerConfigKeys (ConfUtils.java:logGet(43)) - raft.server.retrycache.expirytime = 600000ms (custom)
2019-09-20 10:24:19,573 [pool-38-thread-1] INFO  server.RaftServerConfigKeys (ConfUtils.java:logGet(43)) - raft.server.snapshot.auto.trigger.threshold = 10000 (custom)
2019-09-20 10:24:19,573 [pool-27-thread-1] INFO  impl.RaftServerImpl (RaftServerImpl.java:start(180)) - 8b03a9e7-d22e-47f6-878a-e6fe5d2c5bae: start group-AEFB7BEA069A
2019-09-20 10:24:19,573 [pool-38-thread-1] INFO  server.RaftServerConfigKeys (ConfUtils.java:logGet(43)) - raft.server.retrycache.expirytime = 600000ms (custom)
2019-09-20 10:24:19,574 [pool-27-thread-1] INFO  impl.RaftServerImpl (RaftServerImpl.java:setRole(171)) - 8b03a9e7-d22e-47f6-878a-e6fe5d2c5bae:group-AEFB7BEA069A changes role from null to FOLLOWER at term 0 for startAsFollower
2019-09-20 10:24:19,574 [pool-38-thread-1] INFO  impl.RaftServerImpl (RaftServerImpl.java:start(180)) - e4b024ee-04cf-486e-8320-fcd01e1b98f4: start group-AEFB7BEA069A
2019-09-20 10:24:19,574 [pool-27-thread-1] INFO  impl.RoleInfo (RoleInfo.java:updateAndGet(143)) - 8b03a9e7-d22e-47f6-878a-e6fe5d2c5bae: start FollowerState
2019-09-20 10:24:19,574 [pool-38-thread-1] INFO  impl.RaftServerImpl (RaftServerImpl.java:setRole(171)) - e4b024ee-04cf-486e-8320-fcd01e1b98f4:group-AEFB7BEA069A changes role from null to FOLLOWER at term 0 for startAsFollower
2019-09-20 10:24:19,574 [pool-38-thread-1] INFO  impl.RoleInfo (RoleInfo.java:updateAndGet(143)) - e4b024ee-04cf-486e-8320-fcd01e1b98f4: start FollowerState
2019-09-20 10:24:19,574 [pool-27-thread-1] INFO  util.JmxRegister (JmxRegister.java:tryRegister(44)) - Successfully registered JMX Bean with object name Ratis:service=RaftServer,group=group-AEFB7BEA069A,id=8b03a9e7-d22e-47f6-878a-e6fe5d2c5bae
2019-09-20 10:24:19,574 [pool-38-thread-1] INFO  util.JmxRegister (JmxRegister.java:tryRegister(44)) - Successfully registered JMX Bean with object name Ratis:service=RaftServer,group=group-AEFB7BEA069A,id=e4b024ee-04cf-486e-8320-fcd01e1b98f4
2019-09-20 10:24:19,579 [Command processor thread] INFO  commandhandler.CreatePipelineCommandHandler (CreatePipelineCommandHandler.java:handle(112)) - Create Pipeline RATIS THREE #PipelineID=3c68a191-c039-4483-a0dc-aefb7bea069a command succeed on datanode 96779042-7d00-4831-92bc-784ad4e7e4a2.
2019-09-20 10:24:19,586 [Command processor thread] INFO  commandhandler.CreatePipelineCommandHandler (CreatePipelineCommandHandler.java:handle(112)) - Create Pipeline RATIS THREE #PipelineID=3c68a191-c039-4483-a0dc-aefb7bea069a command succeed on datanode e4b024ee-04cf-486e-8320-fcd01e1b98f4.
2019-09-20 10:24:19,593 [Command processor thread] INFO  commandhandler.CreatePipelineCommandHandler (CreatePipelineCommandHandler.java:handle(112)) - Create Pipeline RATIS THREE #PipelineID=3c68a191-c039-4483-a0dc-aefb7bea069a command succeed on datanode 8b03a9e7-d22e-47f6-878a-e6fe5d2c5bae.
2019-09-20 10:24:19,964 | INFO  | SCMAudit | user=jenkins1000 | ip=192.168.151.119 | op=SEND_HEARTBEAT {datanodeUUID=96779042-7d00-4831-92bc-784ad4e7e4a2, command=[]} | ret=SUCCESS |  
2019-09-20 10:24:20,090 | INFO  | SCMAudit | user=jenkins1000 | ip=192.168.151.119 | op=SEND_HEARTBEAT {datanodeUUID=e9bdb0c6-ddf0-4e6a-972a-18923aa30d04, command=[]} | ret=SUCCESS |  
2019-09-20 10:24:20,094 [EventQueue-CreatePipelineStatusForSCMPipelineManager] INFO  pipeline.SCMPipelineManager (SCMPipelineManager.java:onMessage(479)) - receive pipeline PipelineID=a4cf1417-ec97-4039-846e-565d1c24f606 create status EXECUTED
2019-09-20 10:24:20,096 [EventQueue-CreatePipelineStatusForSCMPipelineManager] INFO  pipeline.PipelineStateManager (PipelineStateManager.java:openPipeline(134)) - Pipeline Pipeline[ Id: a4cf1417-ec97-4039-846e-565d1c24f606, Nodes: e9bdb0c6-ddf0-4e6a-972a-18923aa30d04{ip: 192.168.151.119, host: pr-hdds-2034-wmsbd-1222111393, networkLocation: /default-rack, certSerialId: null}, Type:RATIS, Factor:ONE, State:ALLOCATED] moved to OPEN state
add pipeline PipelineID=a4cf1417-ec97-4039-846e-565d1c24f606 to metrics map
2019-09-20 10:24:20,098 [EventQueue-OpenPipelineForOneReplicaPipelineSafeModeRule] INFO  safemode.OneReplicaPipelineSafeModeRule (OneReplicaPipelineSafeModeRule.java:validate(96)) - OneReplicaPipelineSafeModeRule rule satisfied
2019-09-20 10:24:20,098 [EventQueue-OpenPipelineForOneReplicaPipelineSafeModeRule] INFO  safemode.SCMSafeModeManager (SCMSafeModeManager.java:validateSafeModeExitRules(169)) - AtleastOneDatanodeReportedRule rule is successfully validated
2019-09-20 10:24:20,098 [EventQueue-OpenPipelineForHealthyPipelineSafeModeRule] INFO  safemode.SCMSafeModeManager (HealthyPipelineSafeModeRule.java:process(123)) - SCM in safe mode. Healthy pipelines reported count is 1, required healthy pipeline reported count is 1
2019-09-20 10:24:20,098 [EventQueue-OpenPipelineForHealthyPipelineSafeModeRule] INFO  safemode.HealthyPipelineSafeModeRule (HealthyPipelineSafeModeRule.java:validate(104)) - HealthyPipelineSafeModeRule rule satisfied
2019-09-20 10:24:20,098 [EventQueue-OpenPipelineForHealthyPipelineSafeModeRule] INFO  safemode.SCMSafeModeManager (SCMSafeModeManager.java:validateSafeModeExitRules(169)) - HealthyPipelineSafeModeRule rule is successfully validated
2019-09-20 10:24:20,099 [EventQueue-OpenPipelineForHealthyPipelineSafeModeRule] INFO  safemode.SCMSafeModeManager (SCMSafeModeManager.java:validateSafeModeExitRules(178)) - ScmSafeModeManager, all rules are successfully validated
2019-09-20 10:24:20,099 [EventQueue-OpenPipelineForHealthyPipelineSafeModeRule] INFO  safemode.SCMSafeModeManager (SCMSafeModeManager.java:exitSafeMode(194)) - SCM exiting safe mode.
2019-09-20 10:24:20,207 | INFO  | SCMAudit | user=jenkins1000 | ip=192.168.151.119 | op=SEND_HEARTBEAT {datanodeUUID=8b03a9e7-d22e-47f6-878a-e6fe5d2c5bae, command=[]} | ret=SUCCESS |  
2019-09-20 10:24:20,305 | INFO  | SCMAudit | user=jenkins1000 | ip=192.168.151.119 | op=SEND_HEARTBEAT {datanodeUUID=e5c196f9-6099-48db-bdcb-79bd2855f89c, command=[]} | ret=SUCCESS |  
2019-09-20 10:24:20,306 [main] INFO  ozone.MiniOzoneClusterImpl (MiniOzoneClusterImpl.java:lambda$waitForClusterToBeReady$0(145)) - Nodes are ready. Got 5 of 5 DN Heartbeats.
2019-09-20 10:24:20,306 [main] INFO  ozone.MiniOzoneClusterImpl (MiniOzoneClusterImpl.java:lambda$waitForClusterToBeReady$0(148)) - Cluster exits safe mode
2019-09-20 10:24:20,505 [EventQueue-CreatePipelineStatusForSCMPipelineManager] INFO  pipeline.SCMPipelineManager (SCMPipelineManager.java:onMessage(479)) - receive pipeline PipelineID=d59950ae-f3fa-487b-b41e-af03f6244cbb create status EXECUTED
2019-09-20 10:24:20,505 | INFO  | SCMAudit | user=jenkins1000 | ip=192.168.151.119 | op=SEND_HEARTBEAT {datanodeUUID=e4b024ee-04cf-486e-8320-fcd01e1b98f4, command=[]} | ret=SUCCESS |  
2019-09-20 10:24:20,505 [EventQueue-CreatePipelineStatusForSCMPipelineManager] INFO  pipeline.PipelineStateManager (PipelineStateManager.java:openPipeline(134)) - Pipeline Pipeline[ Id: d59950ae-f3fa-487b-b41e-af03f6244cbb, Nodes: e4b024ee-04cf-486e-8320-fcd01e1b98f4{ip: 192.168.151.119, host: pr-hdds-2034-wmsbd-1222111393, networkLocation: /default-rack, certSerialId: null}, Type:RATIS, Factor:ONE, State:ALLOCATED] moved to OPEN state
add pipeline PipelineID=d59950ae-f3fa-487b-b41e-af03f6244cbb to metrics map
2019-09-20 10:24:20,722 [main] INFO  freon.RandomKeyGenerator (RandomKeyGenerator.java:call(275)) - Number of Threads: 10
2019-09-20 10:24:20,723 [main] INFO  freon.RandomKeyGenerator (RandomKeyGenerator.java:call(280)) - Number of Volumes: 1.
2019-09-20 10:24:20,723 [main] INFO  freon.RandomKeyGenerator (RandomKeyGenerator.java:call(281)) - Number of Buckets per Volume: 1.
2019-09-20 10:24:20,723 [main] INFO  freon.RandomKeyGenerator (RandomKeyGenerator.java:call(282)) - Number of Keys per Bucket: 1.
2019-09-20 10:24:20,723 [main] INFO  freon.RandomKeyGenerator (RandomKeyGenerator.java:call(283)) - Key size: 20971520 bytes
2019-09-20 10:24:20,723 [main] INFO  freon.RandomKeyGenerator (RandomKeyGenerator.java:call(284)) - Buffer size: 4096 bytes
2019-09-20 10:24:20,728 [main] INFO  freon.RandomKeyGenerator (RandomKeyGenerator.java:call(298)) - Data validation is enabled.
2019-09-20 10:24:20,729 [main] INFO  freon.RandomKeyGenerator (RandomKeyGenerator.java:call(304)) - Starting progress bar Thread.

 0.00% |█                                                                                                    |  0/1 Time: 0:00:002019-09-20 10:24:20,762 [pool-78-thread-1] INFO  rpc.RpcClient (RpcClient.java:createVolume(293)) - Creating Volume: vol-0-19613, with jenkins1000 as owner.
2019-09-20 10:24:20,793 | INFO  | OMAudit | user=jenkins1000 | ip=127.0.0.1 | op=CREATE_VOLUME {admin=jenkins1000, owner=jenkins1000, volume=vol-0-19613, creationTime=1568975060787, quotaInBytes=1152921504606846976} | ret=SUCCESS |  
2019-09-20 10:24:20,808 | INFO  | OMAudit | user=jenkins1000 | ip=127.0.0.1 | op=READ_VOLUME {volume=vol-0-19613} | ret=SUCCESS |  
2019-09-20 10:24:20,819 [pool-78-thread-2] INFO  rpc.RpcClient (RpcClient.java:createBucket(432)) - Creating Bucket: vol-0-19613/bucket-0-10678, with Versioning false and Storage Type set to DISK and Encryption set to false 
2019-09-20 10:24:20,840 | INFO  | OMAudit | user=jenkins1000 | ip=127.0.0.1 | op=CREATE_BUCKET {volume=vol-0-19613, bucket=bucket-0-10678, acls=[user:jenkins1000:a[ACCESS], group:default:a[ACCESS]], isVersionEnabled=false, storageType=DISK, creationTime=0} | ret=SUCCESS |  
2019-09-20 10:24:20,848 | INFO  | OMAudit | user=jenkins1000 | ip=127.0.0.1 | op=READ_BUCKET {volume=vol-0-19613, bucket=bucket-0-10678} | ret=SUCCESS |  
2019-09-20 10:24:20,903 [IPC Server handler 12 on 46263] WARN  block.BlockManagerImpl (BlockManagerImpl.java:allocateBlock(221)) - Pipeline creation failed for type:RATIS factor:THREE. Retrying get pipelines call once.
org.apache.hadoop.hdds.scm.pipeline.InsufficientDatanodesException: Cannot create pipeline of factor 3 using 2 nodes.
	at org.apache.hadoop.hdds.scm.pipeline.RatisPipelineProvider.create(RatisPipelineProvider.java:145)
	at org.apache.hadoop.hdds.scm.pipeline.PipelineFactory.create(PipelineFactory.java:59)
	at org.apache.hadoop.hdds.scm.pipeline.SCMPipelineManager.createPipeline(SCMPipelineManager.java:171)
	at org.apache.hadoop.hdds.scm.block.BlockManagerImpl.allocateBlock(BlockManagerImpl.java:210)
	at org.apache.hadoop.hdds.scm.server.SCMBlockProtocolServer.allocateBlock(SCMBlockProtocolServer.java:175)
	at org.apache.hadoop.ozone.protocolPB.ScmBlockLocationProtocolServerSideTranslatorPB.allocateScmBlock(ScmBlockLocationProtocolServerSideTranslatorPB.java:153)
	at org.apache.hadoop.ozone.protocolPB.ScmBlockLocationProtocolServerSideTranslatorPB.send(ScmBlockLocationProtocolServerSideTranslatorPB.java:112)
	at org.apache.hadoop.hdds.protocol.proto.ScmBlockLocationProtocolProtos$ScmBlockLocationProtocolService$2.callBlockingMethod(ScmBlockLocationProtocolProtos.java:13157)
	at org.apache.hadoop.ipc.ProtobufRpcEngine$Server$ProtoBufRpcInvoker.call(ProtobufRpcEngine.java:524)
	at org.apache.hadoop.ipc.RPC$Server.call(RPC.java:1025)
	at org.apache.hadoop.ipc.Server$RpcCall.run(Server.java:876)
	at org.apache.hadoop.ipc.Server$RpcCall.run(Server.java:822)
	at java.security.AccessController.doPrivileged(Native Method)
	at javax.security.auth.Subject.doAs(Subject.java:422)
	at org.apache.hadoop.security.UserGroupInformation.doAs(UserGroupInformation.java:1730)
	at org.apache.hadoop.ipc.Server$Handler.run(Server.java:2682)
2019-09-20 10:24:20,905 [IPC Server handler 12 on 46263] INFO  block.BlockManagerImpl (BlockManagerImpl.java:allocateBlock(227)) - Could not find available pipeline of type:RATIS and factor:THREE even after retrying
2019-09-20 10:24:20,905 [IPC Server handler 12 on 46263] ERROR block.BlockManagerImpl (BlockManagerImpl.java:allocateBlock(251)) - Unable to allocate a block for the size: 4194304, type: RATIS, factor: THREE
2019-09-20 10:24:20,909 [IPC Server handler 12 on 46263] WARN  block.BlockManagerImpl (BlockManagerImpl.java:allocateBlock(221)) - Pipeline creation failed for type:RATIS factor:THREE. Retrying get pipelines call once.
org.apache.hadoop.hdds.scm.pipeline.InsufficientDatanodesException: Cannot create pipeline of factor 3 using 2 nodes.
	at org.apache.hadoop.hdds.scm.pipeline.RatisPipelineProvider.create(RatisPipelineProvider.java:145)
	at org.apache.hadoop.hdds.scm.pipeline.PipelineFactory.create(PipelineFactory.java:59)
	at org.apache.hadoop.hdds.scm.pipeline.SCMPipelineManager.createPipeline(SCMPipelineManager.java:171)
	at org.apache.hadoop.hdds.scm.block.BlockManagerImpl.allocateBlock(BlockManagerImpl.java:210)
	at org.apache.hadoop.hdds.scm.server.SCMBlockProtocolServer.allocateBlock(SCMBlockProtocolServer.java:175)
	at org.apache.hadoop.ozone.protocolPB.ScmBlockLocationProtocolServerSideTranslatorPB.allocateScmBlock(ScmBlockLocationProtocolServerSideTranslatorPB.java:153)
	at org.apache.hadoop.ozone.protocolPB.ScmBlockLocationProtocolServerSideTranslatorPB.send(ScmBlockLocationProtocolServerSideTranslatorPB.java:112)
	at org.apache.hadoop.hdds.protocol.proto.ScmBlockLocationProtocolProtos$ScmBlockLocationProtocolService$2.callBlockingMethod(ScmBlockLocationProtocolProtos.java:13157)
	at org.apache.hadoop.ipc.ProtobufRpcEngine$Server$ProtoBufRpcInvoker.call(ProtobufRpcEngine.java:524)
	at org.apache.hadoop.ipc.RPC$Server.call(RPC.java:1025)
	at org.apache.hadoop.ipc.Server$RpcCall.run(Server.java:876)
	at org.apache.hadoop.ipc.Server$RpcCall.run(Server.java:822)
	at java.security.AccessController.doPrivileged(Native Method)
	at javax.security.auth.Subject.doAs(Subject.java:422)
	at org.apache.hadoop.security.UserGroupInformation.doAs(UserGroupInformation.java:1730)
	at org.apache.hadoop.ipc.Server$Handler.run(Server.java:2682)
2019-09-20 10:24:20,909 [IPC Server handler 12 on 46263] INFO  block.BlockManagerImpl (BlockManagerImpl.java:allocateBlock(227)) - Could not find available pipeline of type:RATIS and factor:THREE even after retrying
2019-09-20 10:24:20,910 [IPC Server handler 12 on 46263] ERROR block.BlockManagerImpl (BlockManagerImpl.java:allocateBlock(251)) - Unable to allocate a block for the size: 4194304, type: RATIS, factor: THREE
2019-09-20 10:24:20,913 [IPC Server handler 12 on 46263] WARN  block.BlockManagerImpl (BlockManagerImpl.java:allocateBlock(221)) - Pipeline creation failed for type:RATIS factor:THREE. Retrying get pipelines call once.
org.apache.hadoop.hdds.scm.pipeline.InsufficientDatanodesException: Cannot create pipeline of factor 3 using 2 nodes.
	at org.apache.hadoop.hdds.scm.pipeline.RatisPipelineProvider.create(RatisPipelineProvider.java:145)
	at org.apache.hadoop.hdds.scm.pipeline.PipelineFactory.create(PipelineFactory.java:59)
	at org.apache.hadoop.hdds.scm.pipeline.SCMPipelineManager.createPipeline(SCMPipelineManager.java:171)
	at org.apache.hadoop.hdds.scm.block.BlockManagerImpl.allocateBlock(BlockManagerImpl.java:210)
	at org.apache.hadoop.hdds.scm.server.SCMBlockProtocolServer.allocateBlock(SCMBlockProtocolServer.java:175)
	at org.apache.hadoop.ozone.protocolPB.ScmBlockLocationProtocolServerSideTranslatorPB.allocateScmBlock(ScmBlockLocationProtocolServerSideTranslatorPB.java:153)
	at org.apache.hadoop.ozone.protocolPB.ScmBlockLocationProtocolServerSideTranslatorPB.send(ScmBlockLocationProtocolServerSideTranslatorPB.java:112)
	at org.apache.hadoop.hdds.protocol.proto.ScmBlockLocationProtocolProtos$ScmBlockLocationProtocolService$2.callBlockingMethod(ScmBlockLocationProtocolProtos.java:13157)
	at org.apache.hadoop.ipc.ProtobufRpcEngine$Server$ProtoBufRpcInvoker.call(ProtobufRpcEngine.java:524)
	at org.apache.hadoop.ipc.RPC$Server.call(RPC.java:1025)
	at org.apache.hadoop.ipc.Server$RpcCall.run(Server.java:876)
	at org.apache.hadoop.ipc.Server$RpcCall.run(Server.java:822)
	at java.security.AccessController.doPrivileged(Native Method)
	at javax.security.auth.Subject.doAs(Subject.java:422)
	at org.apache.hadoop.security.UserGroupInformation.doAs(UserGroupInformation.java:1730)
	at org.apache.hadoop.ipc.Server$Handler.run(Server.java:2682)
2019-09-20 10:24:20,914 [IPC Server handler 12 on 46263] INFO  block.BlockManagerImpl (BlockManagerImpl.java:allocateBlock(227)) - Could not find available pipeline of type:RATIS and factor:THREE even after retrying
2019-09-20 10:24:20,914 [IPC Server handler 12 on 46263] ERROR block.BlockManagerImpl (BlockManagerImpl.java:allocateBlock(251)) - Unable to allocate a block for the size: 4194304, type: RATIS, factor: THREE
2019-09-20 10:24:20,916 [IPC Server handler 12 on 46263] WARN  block.BlockManagerImpl (BlockManagerImpl.java:allocateBlock(221)) - Pipeline creation failed for type:RATIS factor:THREE. Retrying get pipelines call once.
org.apache.hadoop.hdds.scm.pipeline.InsufficientDatanodesException: Cannot create pipeline of factor 3 using 2 nodes.
	at org.apache.hadoop.hdds.scm.pipeline.RatisPipelineProvider.create(RatisPipelineProvider.java:145)
	at org.apache.hadoop.hdds.scm.pipeline.PipelineFactory.create(PipelineFactory.java:59)
	at org.apache.hadoop.hdds.scm.pipeline.SCMPipelineManager.createPipeline(SCMPipelineManager.java:171)
	at org.apache.hadoop.hdds.scm.block.BlockManagerImpl.allocateBlock(BlockManagerImpl.java:210)
	at org.apache.hadoop.hdds.scm.server.SCMBlockProtocolServer.allocateBlock(SCMBlockProtocolServer.java:175)
	at org.apache.hadoop.ozone.protocolPB.ScmBlockLocationProtocolServerSideTranslatorPB.allocateScmBlock(ScmBlockLocationProtocolServerSideTranslatorPB.java:153)
	at org.apache.hadoop.ozone.protocolPB.ScmBlockLocationProtocolServerSideTranslatorPB.send(ScmBlockLocationProtocolServerSideTranslatorPB.java:112)
	at org.apache.hadoop.hdds.protocol.proto.ScmBlockLocationProtocolProtos$ScmBlockLocationProtocolService$2.callBlockingMethod(ScmBlockLocationProtocolProtos.java:13157)
	at org.apache.hadoop.ipc.ProtobufRpcEngine$Server$ProtoBufRpcInvoker.call(ProtobufRpcEngine.java:524)
	at org.apache.hadoop.ipc.RPC$Server.call(RPC.java:1025)
	at org.apache.hadoop.ipc.Server$RpcCall.run(Server.java:876)
	at org.apache.hadoop.ipc.Server$RpcCall.run(Server.java:822)
	at java.security.AccessController.doPrivileged(Native Method)
	at javax.security.auth.Subject.doAs(Subject.java:422)
	at org.apache.hadoop.security.UserGroupInformation.doAs(UserGroupInformation.java:1730)
	at org.apache.hadoop.ipc.Server$Handler.run(Server.java:2682)
2019-09-20 10:24:20,917 [IPC Server handler 12 on 46263] INFO  block.BlockManagerImpl (BlockManagerImpl.java:allocateBlock(227)) - Could not find available pipeline of type:RATIS and factor:THREE even after retrying
2019-09-20 10:24:20,917 [IPC Server handler 12 on 46263] ERROR block.BlockManagerImpl (BlockManagerImpl.java:allocateBlock(251)) - Unable to allocate a block for the size: 4194304, type: RATIS, factor: THREE
2019-09-20 10:24:20,920 [IPC Server handler 12 on 46263] WARN  block.BlockManagerImpl (BlockManagerImpl.java:allocateBlock(221)) - Pipeline creation failed for type:RATIS factor:THREE. Retrying get pipelines call once.
org.apache.hadoop.hdds.scm.pipeline.InsufficientDatanodesException: Cannot create pipeline of factor 3 using 2 nodes.
	at org.apache.hadoop.hdds.scm.pipeline.RatisPipelineProvider.create(RatisPipelineProvider.java:145)
	at org.apache.hadoop.hdds.scm.pipeline.PipelineFactory.create(PipelineFactory.java:59)
	at org.apache.hadoop.hdds.scm.pipeline.SCMPipelineManager.createPipeline(SCMPipelineManager.java:171)
	at org.apache.hadoop.hdds.scm.block.BlockManagerImpl.allocateBlock(BlockManagerImpl.java:210)
	at org.apache.hadoop.hdds.scm.server.SCMBlockProtocolServer.allocateBlock(SCMBlockProtocolServer.java:175)
	at org.apache.hadoop.ozone.protocolPB.ScmBlockLocationProtocolServerSideTranslatorPB.allocateScmBlock(ScmBlockLocationProtocolServerSideTranslatorPB.java:153)
	at org.apache.hadoop.ozone.protocolPB.ScmBlockLocationProtocolServerSideTranslatorPB.send(ScmBlockLocationProtocolServerSideTranslatorPB.java:112)
	at org.apache.hadoop.hdds.protocol.proto.ScmBlockLocationProtocolProtos$ScmBlockLocationProtocolService$2.callBlockingMethod(ScmBlockLocationProtocolProtos.java:13157)
	at org.apache.hadoop.ipc.ProtobufRpcEngine$Server$ProtoBufRpcInvoker.call(ProtobufRpcEngine.java:524)
	at org.apache.hadoop.ipc.RPC$Server.call(RPC.java:1025)
	at org.apache.hadoop.ipc.Server$RpcCall.run(Server.java:876)
	at org.apache.hadoop.ipc.Server$RpcCall.run(Server.java:822)
	at java.security.AccessController.doPrivileged(Native Method)
	at javax.security.auth.Subject.doAs(Subject.java:422)
	at org.apache.hadoop.security.UserGroupInformation.doAs(UserGroupInformation.java:1730)
	at org.apache.hadoop.ipc.Server$Handler.run(Server.java:2682)
2019-09-20 10:24:20,921 [IPC Server handler 12 on 46263] INFO  block.BlockManagerImpl (BlockManagerImpl.java:allocateBlock(227)) - Could not find available pipeline of type:RATIS and factor:THREE even after retrying
2019-09-20 10:24:20,921 [IPC Server handler 12 on 46263] ERROR block.BlockManagerImpl (BlockManagerImpl.java:allocateBlock(251)) - Unable to allocate a block for the size: 4194304, type: RATIS, factor: THREE
2019-09-20 10:24:20,921 | INFO  | SCMAudit | user=jenkins1000 | ip=192.168.151.119 | op=ALLOCATE_BLOCK {owner=135f5347-4174-4186-acd0-547020d6f9cf, size=4194304, type=RATIS, factor=THREE} | ret=SUCCESS |  
2019-09-20 10:24:20,927 | ERROR | OMAudit | user=jenkins1000 | ip=127.0.0.1 | op=ALLOCATE_KEY {volume=vol-0-19613, bucket=bucket-0-10678, key=key-0-28930, dataSize=20971520, replicationType=RATIS, replicationFactor=THREE, keyLocationInfo=null} | ret=FAILURE | org.apache.hadoop.hdds.scm.exceptions.SCMException: Allocated 0 blocks. Requested 5 blocks
	at org.apache.hadoop.hdds.scm.protocolPB.ScmBlockLocationProtocolClientSideTranslatorPB.handleError(ScmBlockLocationProtocolClientSideTranslatorPB.java:118)
	at org.apache.hadoop.hdds.scm.protocolPB.ScmBlockLocationProtocolClientSideTranslatorPB.allocateBlock(ScmBlockLocationProtocolClientSideTranslatorPB.java:156) 
2019-09-20 10:24:20,931 [pool-78-thread-3] ERROR freon.RandomKeyGenerator (RandomKeyGenerator.java:createKey(724)) - Exception while adding key: key-0-28930 in bucket: bucket-0-10678 of volume: vol-0-19613.
INTERNAL_ERROR org.apache.hadoop.ozone.om.exceptions.OMException: Allocated 0 blocks. Requested 5 blocks
	at org.apache.hadoop.ozone.om.protocolPB.OzoneManagerProtocolClientSideTranslatorPB.handleError(OzoneManagerProtocolClientSideTranslatorPB.java:725)
	at org.apache.hadoop.ozone.om.protocolPB.OzoneManagerProtocolClientSideTranslatorPB.openKey(OzoneManagerProtocolClientSideTranslatorPB.java:716)
	at org.apache.hadoop.ozone.client.rpc.RpcClient.createKey(RpcClient.java:615)
	at org.apache.hadoop.ozone.client.OzoneBucket.createKey(OzoneBucket.java:323)
	at org.apache.hadoop.ozone.freon.RandomKeyGenerator.createKey(RandomKeyGenerator.java:686)
	at org.apache.hadoop.ozone.freon.RandomKeyGenerator.access$1100(RandomKeyGenerator.java:87)
	at org.apache.hadoop.ozone.freon.RandomKeyGenerator$ObjectCreator.run(RandomKeyGenerator.java:606)
	at java.util.concurrent.Executors$RunnableAdapter.call(Executors.java:511)
	at java.util.concurrent.FutureTask.run(FutureTask.java:266)
	at java.util.concurrent.ThreadPoolExecutor.runWorker(ThreadPoolExecutor.java:1149)
	at java.util.concurrent.ThreadPoolExecutor$Worker.run(ThreadPoolExecutor.java:624)
	at java.lang.Thread.run(Thread.java:748)
2019-09-20 10:24:20,961 [EventQueue-CreatePipelineStatusForSCMPipelineManager] INFO  pipeline.SCMPipelineManager (SCMPipelineManager.java:onMessage(479)) - receive pipeline PipelineID=3c68a191-c039-4483-a0dc-aefb7bea069a create status EXECUTED
2019-09-20 10:24:20,961 | INFO  | SCMAudit | user=jenkins1000 | ip=192.168.151.119 | op=SEND_HEARTBEAT {datanodeUUID=96779042-7d00-4831-92bc-784ad4e7e4a2, command=[]} | ret=SUCCESS |  
2019-09-20 10:24:20,962 [EventQueue-CreatePipelineStatusForSCMPipelineManager] INFO  pipeline.PipelineStateManager (PipelineStateManager.java:openPipeline(134)) - Pipeline Pipeline[ Id: 3c68a191-c039-4483-a0dc-aefb7bea069a, Nodes: e4b024ee-04cf-486e-8320-fcd01e1b98f4{ip: 192.168.151.119, host: pr-hdds-2034-wmsbd-1222111393, networkLocation: /default-rack, certSerialId: null}96779042-7d00-4831-92bc-784ad4e7e4a2{ip: 192.168.151.119, host: pr-hdds-2034-wmsbd-1222111393, networkLocation: /default-rack, certSerialId: null}8b03a9e7-d22e-47f6-878a-e6fe5d2c5bae{ip: 192.168.151.119, host: pr-hdds-2034-wmsbd-1222111393, networkLocation: /default-rack, certSerialId: null}, Type:RATIS, Factor:THREE, State:ALLOCATED] moved to OPEN state
add pipeline PipelineID=3c68a191-c039-4483-a0dc-aefb7bea069a to metrics map
2019-09-20 10:24:20,962 [EventQueue-CreatePipelineStatusForSCMPipelineManager] INFO  pipeline.SCMPipelineManager (SCMPipelineManager.java:onMessage(479)) - receive pipeline PipelineID=759e8f1c-afea-4e45-aa6e-5cb27e50c6c9 create status EXECUTED
2019-09-20 10:24:20,962 [EventQueue-CreatePipelineStatusForSCMPipelineManager] INFO  pipeline.PipelineStateManager (PipelineStateManager.java:openPipeline(134)) - Pipeline Pipeline[ Id: 759e8f1c-afea-4e45-aa6e-5cb27e50c6c9, Nodes: 96779042-7d00-4831-92bc-784ad4e7e4a2{ip: 192.168.151.119, host: pr-hdds-2034-wmsbd-1222111393, networkLocation: /default-rack, certSerialId: null}, Type:RATIS, Factor:ONE, State:ALLOCATED] moved to OPEN state
add pipeline PipelineID=759e8f1c-afea-4e45-aa6e-5cb27e50c6c9 to metrics map
2019-09-20 10:24:21,076 | INFO  | SCMAudit | user=jenkins1000 | ip=192.168.151.119 | op=SEND_HEARTBEAT {datanodeUUID=e9bdb0c6-ddf0-4e6a-972a-18923aa30d04, command=[]} | ret=SUCCESS |  
2019-09-20 10:24:21,206 | INFO  | SCMAudit | user=jenkins1000 | ip=192.168.151.119 | op=SEND_HEARTBEAT {datanodeUUID=8b03a9e7-d22e-47f6-878a-e6fe5d2c5bae, command=[]} | ret=SUCCESS |  
2019-09-20 10:24:21,206 [EventQueue-CreatePipelineStatusForSCMPipelineManager] INFO  pipeline.SCMPipelineManager (SCMPipelineManager.java:onMessage(479)) - receive pipeline PipelineID=3c68a191-c039-4483-a0dc-aefb7bea069a create status EXECUTED
2019-09-20 10:24:21,206 [EventQueue-CreatePipelineStatusForSCMPipelineManager] INFO  pipeline.SCMPipelineManager (SCMPipelineManager.java:onMessage(479)) - receive pipeline PipelineID=a7eb9b40-0952-4041-b80b-b5b43eb8e665 create status EXECUTED
2019-09-20 10:24:21,207 [EventQueue-CreatePipelineStatusForSCMPipelineManager] INFO  pipeline.PipelineStateManager (PipelineStateManager.java:openPipeline(134)) - Pipeline Pipeline[ Id: a7eb9b40-0952-4041-b80b-b5b43eb8e665, Nodes: 8b03a9e7-d22e-47f6-878a-e6fe5d2c5bae{ip: 192.168.151.119, host: pr-hdds-2034-wmsbd-1222111393, networkLocation: /default-rack, certSerialId: null}, Type:RATIS, Factor:ONE, State:ALLOCATED] moved to OPEN state
add pipeline PipelineID=a7eb9b40-0952-4041-b80b-b5b43eb8e665 to metrics map
2019-09-20 10:24:21,304 | INFO  | SCMAudit | user=jenkins1000 | ip=192.168.151.119 | op=SEND_HEARTBEAT {datanodeUUID=e5c196f9-6099-48db-bdcb-79bd2855f89c, command=[]} | ret=SUCCESS |  
2019-09-20 10:24:21,304 [EventQueue-CreatePipelineStatusForSCMPipelineManager] INFO  pipeline.SCMPipelineManager (SCMPipelineManager.java:onMessage(479)) - receive pipeline PipelineID=c9c37897-dfaa-4fd6-91ee-53dda794aa69 create status EXECUTED
2019-09-20 10:24:21,304 [EventQueue-CreatePipelineStatusForSCMPipelineManager] INFO  pipeline.PipelineStateManager (PipelineStateManager.java:openPipeline(134)) - Pipeline Pipeline[ Id: c9c37897-dfaa-4fd6-91ee-53dda794aa69, Nodes: e5c196f9-6099-48db-bdcb-79bd2855f89c{ip: 192.168.151.119, host: pr-hdds-2034-wmsbd-1222111393, networkLocation: /default-rack, certSerialId: null}, Type:RATIS, Factor:ONE, State:ALLOCATED] moved to OPEN state
add pipeline PipelineID=c9c37897-dfaa-4fd6-91ee-53dda794aa69 to metrics map
2019-09-20 10:24:21,526 | INFO  | SCMAudit | user=jenkins1000 | ip=192.168.151.119 | op=SEND_HEARTBEAT {datanodeUUID=e4b024ee-04cf-486e-8320-fcd01e1b98f4, command=[]} | ret=SUCCESS |  
2019-09-20 10:24:21,526 [EventQueue-CreatePipelineStatusForSCMPipelineManager] INFO  pipeline.SCMPipelineManager (SCMPipelineManager.java:onMessage(479)) - receive pipeline PipelineID=3c68a191-c039-4483-a0dc-aefb7bea069a create status EXECUTED
add pipeline PipelineID=3c68a191-c039-4483-a0dc-aefb7bea069a to metrics map
 0.00% |█                                                                                                    |  0/1 Time: 0:00:012019-09-20 10:24:21,960 | INFO  | SCMAudit | user=jenkins1000 | ip=192.168.151.119 | op=SEND_HEARTBEAT {datanodeUUID=96779042-7d00-4831-92bc-784ad4e7e4a2, command=[]} | ret=SUCCESS |  
2019-09-20 10:24:22,074 | INFO  | SCMAudit | user=jenkins1000 | ip=192.168.151.119 | op=SEND_HEARTBEAT {datanodeUUID=e9bdb0c6-ddf0-4e6a-972a-18923aa30d04, command=[]} | ret=SUCCESS |  
2019-09-20 10:24:22,205 | INFO  | SCMAudit | user=jenkins1000 | ip=192.168.151.119 | op=SEND_HEARTBEAT {datanodeUUID=8b03a9e7-d22e-47f6-878a-e6fe5d2c5bae, command=[]} | ret=SUCCESS |  
2019-09-20 10:24:22,302 | INFO  | SCMAudit | user=jenkins1000 | ip=192.168.151.119 | op=SEND_HEARTBEAT {datanodeUUID=e5c196f9-6099-48db-bdcb-79bd2855f89c, command=[]} | ret=SUCCESS |  
2019-09-20 10:24:22,503 | INFO  | SCMAudit | user=jenkins1000 | ip=192.168.151.119 | op=SEND_HEARTBEAT {datanodeUUID=e4b024ee-04cf-486e-8320-fcd01e1b98f4, command=[]} | ret=SUCCESS |  
 0.00% |█                                                                                                    |  0/1 Time: 0:00:022019-09-20 10:24:22,961 | INFO  | SCMAudit | user=jenkins1000 | ip=192.168.151.119 | op=SEND_HEARTBEAT {datanodeUUID=96779042-7d00-4831-92bc-784ad4e7e4a2, command=[]} | ret=SUCCESS |  
2019-09-20 10:24:23,076 | INFO  | SCMAudit | user=jenkins1000 | ip=192.168.151.119 | op=SEND_HEARTBEAT {datanodeUUID=e9bdb0c6-ddf0-4e6a-972a-18923aa30d04, command=[]} | ret=SUCCESS |  
2019-09-20 10:24:23,100 [Thread-236] INFO  container.ReplicationManager (ReplicationManager.java:start(151)) - Starting Replication Monitor Thread.
2019-09-20 10:24:23,106 [ReplicationMonitor] INFO  container.ReplicationManager (ReplicationManager.java:run(214)) - Replication Monitor Thread took 2 milliseconds for processing 0 containers.
2019-09-20 10:24:23,204 | INFO  | SCMAudit | user=jenkins1000 | ip=192.168.151.119 | op=SEND_HEARTBEAT {datanodeUUID=8b03a9e7-d22e-47f6-878a-e6fe5d2c5bae, command=[]} | ret=SUCCESS |  
2019-09-20 10:24:23,302 | INFO  | SCMAudit | user=jenkins1000 | ip=192.168.151.119 | op=SEND_HEARTBEAT {datanodeUUID=e5c196f9-6099-48db-bdcb-79bd2855f89c, command=[]} | ret=SUCCESS |  
2019-09-20 10:24:23,503 | INFO  | SCMAudit | user=jenkins1000 | ip=192.168.151.119 | op=SEND_HEARTBEAT {datanodeUUID=e4b024ee-04cf-486e-8320-fcd01e1b98f4, command=[]} | ret=SUCCESS |  
 0.00% |█                                                                                                    |  0/1 Time: 0:00:032019-09-20 10:24:23,961 | INFO  | SCMAudit | user=jenkins1000 | ip=192.168.151.119 | op=SEND_HEARTBEAT {datanodeUUID=96779042-7d00-4831-92bc-784ad4e7e4a2, command=[]} | ret=SUCCESS |  
2019-09-20 10:24:24,075 | INFO  | SCMAudit | user=jenkins1000 | ip=192.168.151.119 | op=SEND_HEARTBEAT {datanodeUUID=e9bdb0c6-ddf0-4e6a-972a-18923aa30d04, command=[]} | ret=SUCCESS |  
2019-09-20 10:24:24,204 | INFO  | SCMAudit | user=jenkins1000 | ip=192.168.151.119 | op=SEND_HEARTBEAT {datanodeUUID=8b03a9e7-d22e-47f6-878a-e6fe5d2c5bae, command=[]} | ret=SUCCESS |  
2019-09-20 10:24:24,306 | INFO  | SCMAudit | user=jenkins1000 | ip=192.168.151.119 | op=SEND_HEARTBEAT {datanodeUUID=e5c196f9-6099-48db-bdcb-79bd2855f89c, command=[]} | ret=SUCCESS |  
2019-09-20 10:24:24,406 [Thread-212] INFO  impl.FollowerState (FollowerState.java:run(106)) - e5c196f9-6099-48db-bdcb-79bd2855f89c:group-53DDA794AA69 changes to CANDIDATE, lastRpcTime:5017, electionTimeout:5015ms
2019-09-20 10:24:24,407 [Thread-212] INFO  impl.RoleInfo (RoleInfo.java:shutdownFollowerState(121)) - e5c196f9-6099-48db-bdcb-79bd2855f89c: shutdown FollowerState
2019-09-20 10:24:24,407 [Thread-212] INFO  impl.RaftServerImpl (RaftServerImpl.java:setRole(171)) - e5c196f9-6099-48db-bdcb-79bd2855f89c:group-53DDA794AA69 changes role from FOLLOWER to CANDIDATE at term 0 for changeToCandidate
2019-09-20 10:24:24,411 [Thread-212] INFO  impl.RoleInfo (RoleInfo.java:updateAndGet(143)) - e5c196f9-6099-48db-bdcb-79bd2855f89c: start LeaderElection
2019-09-20 10:24:24,416 [Thread-215] INFO  impl.FollowerState (FollowerState.java:run(106)) - 8b03a9e7-d22e-47f6-878a-e6fe5d2c5bae:group-B5B43EB8E665 changes to CANDIDATE, lastRpcTime:5026, electionTimeout:5023ms
2019-09-20 10:24:24,417 [Thread-215] INFO  impl.RoleInfo (RoleInfo.java:shutdownFollowerState(121)) - 8b03a9e7-d22e-47f6-878a-e6fe5d2c5bae: shutdown FollowerState
2019-09-20 10:24:24,418 [Thread-215] INFO  impl.RaftServerImpl (RaftServerImpl.java:setRole(171)) - 8b03a9e7-d22e-47f6-878a-e6fe5d2c5bae:group-B5B43EB8E665 changes role from FOLLOWER to CANDIDATE at term 0 for changeToCandidate
2019-09-20 10:24:24,418 [Thread-215] INFO  impl.RoleInfo (RoleInfo.java:updateAndGet(143)) - 8b03a9e7-d22e-47f6-878a-e6fe5d2c5bae: start LeaderElection
2019-09-20 10:24:24,428 [Thread-213] INFO  impl.FollowerState (FollowerState.java:run(106)) - e4b024ee-04cf-486e-8320-fcd01e1b98f4:group-AF03F6244CBB changes to CANDIDATE, lastRpcTime:5038, electionTimeout:5036ms
2019-09-20 10:24:24,428 [Thread-213] INFO  impl.RoleInfo (RoleInfo.java:shutdownFollowerState(121)) - e4b024ee-04cf-486e-8320-fcd01e1b98f4: shutdown FollowerState
2019-09-20 10:24:24,428 [Thread-213] INFO  impl.RaftServerImpl (RaftServerImpl.java:setRole(171)) - e4b024ee-04cf-486e-8320-fcd01e1b98f4:group-AF03F6244CBB changes role from FOLLOWER to CANDIDATE at term 0 for changeToCandidate
2019-09-20 10:24:24,428 [Thread-213] INFO  impl.RoleInfo (RoleInfo.java:updateAndGet(143)) - e4b024ee-04cf-486e-8320-fcd01e1b98f4: start LeaderElection
2019-09-20 10:24:24,436 [e5c196f9-6099-48db-bdcb-79bd2855f89c:group-53DDA794AA69:LeaderElection1] INFO  impl.LeaderElection (LeaderElection.java:askForVotes(181)) - e5c196f9-6099-48db-bdcb-79bd2855f89c:group-53DDA794AA69:LeaderElection1: begin an election at term 1 for -1: [e5c196f9-6099-48db-bdcb-79bd2855f89c:192.168.151.119:38896], old=null
2019-09-20 10:24:24,436 [8b03a9e7-d22e-47f6-878a-e6fe5d2c5bae:group-B5B43EB8E665:LeaderElection2] INFO  impl.LeaderElection (LeaderElection.java:askForVotes(181)) - 8b03a9e7-d22e-47f6-878a-e6fe5d2c5bae:group-B5B43EB8E665:LeaderElection2: begin an election at term 1 for -1: [8b03a9e7-d22e-47f6-878a-e6fe5d2c5bae:192.168.151.119:44383], old=null
2019-09-20 10:24:24,436 [e4b024ee-04cf-486e-8320-fcd01e1b98f4:group-AF03F6244CBB:LeaderElection3] INFO  impl.LeaderElection (LeaderElection.java:askForVotes(181)) - e4b024ee-04cf-486e-8320-fcd01e1b98f4:group-AF03F6244CBB:LeaderElection3: begin an election at term 1 for -1: [e4b024ee-04cf-486e-8320-fcd01e1b98f4:192.168.151.119:43904], old=null
2019-09-20 10:24:24,439 [e5c196f9-6099-48db-bdcb-79bd2855f89c:group-53DDA794AA69:LeaderElection1] INFO  impl.RoleInfo (RoleInfo.java:shutdownLeaderElection(134)) - e5c196f9-6099-48db-bdcb-79bd2855f89c: shutdown LeaderElection
2019-09-20 10:24:24,439 [8b03a9e7-d22e-47f6-878a-e6fe5d2c5bae:group-B5B43EB8E665:LeaderElection2] INFO  impl.RoleInfo (RoleInfo.java:shutdownLeaderElection(134)) - 8b03a9e7-d22e-47f6-878a-e6fe5d2c5bae: shutdown LeaderElection
2019-09-20 10:24:24,439 [e4b024ee-04cf-486e-8320-fcd01e1b98f4:group-AF03F6244CBB:LeaderElection3] INFO  impl.RoleInfo (RoleInfo.java:shutdownLeaderElection(134)) - e4b024ee-04cf-486e-8320-fcd01e1b98f4: shutdown LeaderElection
2019-09-20 10:24:24,440 [8b03a9e7-d22e-47f6-878a-e6fe5d2c5bae:group-B5B43EB8E665:LeaderElection2] INFO  impl.RaftServerImpl (RaftServerImpl.java:setRole(171)) - 8b03a9e7-d22e-47f6-878a-e6fe5d2c5bae:group-B5B43EB8E665 changes role from CANDIDATE to LEADER at term 1 for changeToLeader
2019-09-20 10:24:24,440 [e4b024ee-04cf-486e-8320-fcd01e1b98f4:group-AF03F6244CBB:LeaderElection3] INFO  impl.RaftServerImpl (RaftServerImpl.java:setRole(171)) - e4b024ee-04cf-486e-8320-fcd01e1b98f4:group-AF03F6244CBB changes role from CANDIDATE to LEADER at term 1 for changeToLeader
2019-09-20 10:24:24,440 [e5c196f9-6099-48db-bdcb-79bd2855f89c:group-53DDA794AA69:LeaderElection1] INFO  impl.RaftServerImpl (RaftServerImpl.java:setRole(171)) - e5c196f9-6099-48db-bdcb-79bd2855f89c:group-53DDA794AA69 changes role from CANDIDATE to LEADER at term 1 for changeToLeader
2019-09-20 10:24:24,440 [e4b024ee-04cf-486e-8320-fcd01e1b98f4:group-AF03F6244CBB:LeaderElection3] INFO  impl.RaftServerImpl (ServerState.java:setLeader(263)) - e4b024ee-04cf-486e-8320-fcd01e1b98f4:group-AF03F6244CBB change Leader from null to e4b024ee-04cf-486e-8320-fcd01e1b98f4 at term 1 for becomeLeader, leader elected after 5167ms
2019-09-20 10:24:24,440 [8b03a9e7-d22e-47f6-878a-e6fe5d2c5bae:group-B5B43EB8E665:LeaderElection2] INFO  impl.RaftServerImpl (ServerState.java:setLeader(263)) - 8b03a9e7-d22e-47f6-878a-e6fe5d2c5bae:group-B5B43EB8E665 change Leader from null to 8b03a9e7-d22e-47f6-878a-e6fe5d2c5bae at term 1 for becomeLeader, leader elected after 5167ms
2019-09-20 10:24:24,441 [e5c196f9-6099-48db-bdcb-79bd2855f89c:group-53DDA794AA69:LeaderElection1] INFO  impl.RaftServerImpl (ServerState.java:setLeader(263)) - e5c196f9-6099-48db-bdcb-79bd2855f89c:group-53DDA794AA69 change Leader from null to e5c196f9-6099-48db-bdcb-79bd2855f89c at term 1 for becomeLeader, leader elected after 5081ms
2019-09-20 10:24:24,450 [e5c196f9-6099-48db-bdcb-79bd2855f89c:group-53DDA794AA69:LeaderElection1] INFO  server.RaftServerConfigKeys (ConfUtils.java:logGet(43)) - raft.server.staging.catchup.gap = 1000 (default)
2019-09-20 10:24:24,450 [8b03a9e7-d22e-47f6-878a-e6fe5d2c5bae:group-B5B43EB8E665:LeaderElection2] INFO  server.RaftServerConfigKeys (ConfUtils.java:logGet(43)) - raft.server.staging.catchup.gap = 1000 (default)
2019-09-20 10:24:24,450 [e5c196f9-6099-48db-bdcb-79bd2855f89c:group-53DDA794AA69:LeaderElection1] INFO  server.RaftServerConfigKeys (ConfUtils.java:logGet(43)) - raft.server.rpc.sleep.time = 25ms (default)
2019-09-20 10:24:24,450 [e4b024ee-04cf-486e-8320-fcd01e1b98f4:group-AF03F6244CBB:LeaderElection3] INFO  server.RaftServerConfigKeys (ConfUtils.java:logGet(43)) - raft.server.staging.catchup.gap = 1000 (default)
2019-09-20 10:24:24,450 [8b03a9e7-d22e-47f6-878a-e6fe5d2c5bae:group-B5B43EB8E665:LeaderElection2] INFO  server.RaftServerConfigKeys (ConfUtils.java:logGet(43)) - raft.server.rpc.sleep.time = 25ms (default)
2019-09-20 10:24:24,451 [e4b024ee-04cf-486e-8320-fcd01e1b98f4:group-AF03F6244CBB:LeaderElection3] INFO  server.RaftServerConfigKeys (ConfUtils.java:logGet(43)) - raft.server.rpc.sleep.time = 25ms (default)
2019-09-20 10:24:24,455 [e5c196f9-6099-48db-bdcb-79bd2855f89c:group-53DDA794AA69:LeaderElection1] INFO  server.RaftServerConfigKeys (ConfUtils.java:logGet(43)) - raft.server.write.element-limit = 4096 (default)
2019-09-20 10:24:24,455 [8b03a9e7-d22e-47f6-878a-e6fe5d2c5bae:group-B5B43EB8E665:LeaderElection2] INFO  server.RaftServerConfigKeys (ConfUtils.java:logGet(43)) - raft.server.write.element-limit = 4096 (default)
2019-09-20 10:24:24,455 [e4b024ee-04cf-486e-8320-fcd01e1b98f4:group-AF03F6244CBB:LeaderElection3] INFO  server.RaftServerConfigKeys (ConfUtils.java:logGet(43)) - raft.server.write.element-limit = 4096 (default)
2019-09-20 10:24:24,458 [e4b024ee-04cf-486e-8320-fcd01e1b98f4:group-AF03F6244CBB:LeaderElection3] INFO  server.RaftServerConfigKeys (ConfUtils.java:logGet(43)) - raft.server.watch.timeout = 10s (default)
2019-09-20 10:24:24,458 [8b03a9e7-d22e-47f6-878a-e6fe5d2c5bae:group-B5B43EB8E665:LeaderElection2] INFO  server.RaftServerConfigKeys (ConfUtils.java:logGet(43)) - raft.server.watch.timeout = 10s (default)
2019-09-20 10:24:24,458 [e5c196f9-6099-48db-bdcb-79bd2855f89c:group-53DDA794AA69:LeaderElection1] INFO  server.RaftServerConfigKeys (ConfUtils.java:logGet(43)) - raft.server.watch.timeout = 10s (default)
2019-09-20 10:24:24,459 [8b03a9e7-d22e-47f6-878a-e6fe5d2c5bae:group-B5B43EB8E665:LeaderElection2] INFO  server.RaftServerConfigKeys (ConfUtils.java:logGet(43)) - raft.server.watch.timeout.denomination = 1s (default)
2019-09-20 10:24:24,459 [e4b024ee-04cf-486e-8320-fcd01e1b98f4:group-AF03F6244CBB:LeaderElection3] INFO  server.RaftServerConfigKeys (ConfUtils.java:logGet(43)) - raft.server.watch.timeout.denomination = 1s (default)
2019-09-20 10:24:24,459 [e5c196f9-6099-48db-bdcb-79bd2855f89c:group-53DDA794AA69:LeaderElection1] INFO  server.RaftServerConfigKeys (ConfUtils.java:logGet(43)) - raft.server.watch.timeout.denomination = 1s (default)
2019-09-20 10:24:24,460 [e5c196f9-6099-48db-bdcb-79bd2855f89c:group-53DDA794AA69:LeaderElection1] INFO  server.RaftServerConfigKeys (ConfUtils.java:logGet(43)) - raft.server.watch.element-limit = 65536 (default)
2019-09-20 10:24:24,460 [e4b024ee-04cf-486e-8320-fcd01e1b98f4:group-AF03F6244CBB:LeaderElection3] INFO  server.RaftServerConfigKeys (ConfUtils.java:logGet(43)) - raft.server.watch.element-limit = 65536 (default)
2019-09-20 10:24:24,460 [8b03a9e7-d22e-47f6-878a-e6fe5d2c5bae:group-B5B43EB8E665:LeaderElection2] INFO  server.RaftServerConfigKeys (ConfUtils.java:logGet(43)) - raft.server.watch.element-limit = 65536 (default)
2019-09-20 10:24:24,474 [Thread-214] INFO  impl.FollowerState (FollowerState.java:run(106)) - 96779042-7d00-4831-92bc-784ad4e7e4a2:group-5CB27E50C6C9 changes to CANDIDATE, lastRpcTime:5085, electionTimeout:5083ms
2019-09-20 10:24:24,474 [Thread-214] INFO  impl.RoleInfo (RoleInfo.java:shutdownFollowerState(121)) - 96779042-7d00-4831-92bc-784ad4e7e4a2: shutdown FollowerState
2019-09-20 10:24:24,475 [Thread-214] INFO  impl.RaftServerImpl (RaftServerImpl.java:setRole(171)) - 96779042-7d00-4831-92bc-784ad4e7e4a2:group-5CB27E50C6C9 changes role from FOLLOWER to CANDIDATE at term 0 for changeToCandidate
2019-09-20 10:24:24,475 [Thread-214] INFO  impl.RoleInfo (RoleInfo.java:updateAndGet(143)) - 96779042-7d00-4831-92bc-784ad4e7e4a2: start LeaderElection
2019-09-20 10:24:24,478 [e4b024ee-04cf-486e-8320-fcd01e1b98f4:group-AF03F6244CBB:LeaderElection3] INFO  impl.RoleInfo (RoleInfo.java:updateAndGet(143)) - e4b024ee-04cf-486e-8320-fcd01e1b98f4: start LeaderState
2019-09-20 10:24:24,479 [e5c196f9-6099-48db-bdcb-79bd2855f89c:group-53DDA794AA69:LeaderElection1] INFO  impl.RoleInfo (RoleInfo.java:updateAndGet(143)) - e5c196f9-6099-48db-bdcb-79bd2855f89c: start LeaderState
2019-09-20 10:24:24,479 [8b03a9e7-d22e-47f6-878a-e6fe5d2c5bae:group-B5B43EB8E665:LeaderElection2] INFO  impl.RoleInfo (RoleInfo.java:updateAndGet(143)) - 8b03a9e7-d22e-47f6-878a-e6fe5d2c5bae: start LeaderState
2019-09-20 10:24:24,492 [96779042-7d00-4831-92bc-784ad4e7e4a2:group-5CB27E50C6C9:LeaderElection4] INFO  impl.LeaderElection (LeaderElection.java:askForVotes(181)) - 96779042-7d00-4831-92bc-784ad4e7e4a2:group-5CB27E50C6C9:LeaderElection4: begin an election at term 1 for -1: [96779042-7d00-4831-92bc-784ad4e7e4a2:192.168.151.119:36731], old=null
2019-09-20 10:24:24,492 [96779042-7d00-4831-92bc-784ad4e7e4a2:group-5CB27E50C6C9:LeaderElection4] INFO  impl.RoleInfo (RoleInfo.java:shutdownLeaderElection(134)) - 96779042-7d00-4831-92bc-784ad4e7e4a2: shutdown LeaderElection
2019-09-20 10:24:24,492 [96779042-7d00-4831-92bc-784ad4e7e4a2:group-5CB27E50C6C9:LeaderElection4] INFO  impl.RaftServerImpl (RaftServerImpl.java:setRole(171)) - 96779042-7d00-4831-92bc-784ad4e7e4a2:group-5CB27E50C6C9 changes role from CANDIDATE to LEADER at term 1 for changeToLeader
2019-09-20 10:24:24,492 [96779042-7d00-4831-92bc-784ad4e7e4a2:group-5CB27E50C6C9:LeaderElection4] INFO  impl.RaftServerImpl (ServerState.java:setLeader(263)) - 96779042-7d00-4831-92bc-784ad4e7e4a2:group-5CB27E50C6C9 change Leader from null to 96779042-7d00-4831-92bc-784ad4e7e4a2 at term 1 for becomeLeader, leader elected after 5219ms
2019-09-20 10:24:24,494 [96779042-7d00-4831-92bc-784ad4e7e4a2:group-5CB27E50C6C9:LeaderElection4] INFO  server.RaftServerConfigKeys (ConfUtils.java:logGet(43)) - raft.server.staging.catchup.gap = 1000 (default)
2019-09-20 10:24:24,494 [96779042-7d00-4831-92bc-784ad4e7e4a2:group-5CB27E50C6C9:LeaderElection4] INFO  server.RaftServerConfigKeys (ConfUtils.java:logGet(43)) - raft.server.rpc.sleep.time = 25ms (default)
2019-09-20 10:24:24,494 [96779042-7d00-4831-92bc-784ad4e7e4a2:group-5CB27E50C6C9:LeaderElection4] INFO  server.RaftServerConfigKeys (ConfUtils.java:logGet(43)) - raft.server.write.element-limit = 4096 (default)
2019-09-20 10:24:24,494 [96779042-7d00-4831-92bc-784ad4e7e4a2:group-5CB27E50C6C9:LeaderElection4] INFO  server.RaftServerConfigKeys (ConfUtils.java:logGet(43)) - raft.server.watch.timeout = 10s (default)
2019-09-20 10:24:24,495 [96779042-7d00-4831-92bc-784ad4e7e4a2:group-5CB27E50C6C9:LeaderElection4] INFO  server.RaftServerConfigKeys (ConfUtils.java:logGet(43)) - raft.server.watch.timeout.denomination = 1s (default)
2019-09-20 10:24:24,495 [96779042-7d00-4831-92bc-784ad4e7e4a2:group-5CB27E50C6C9:LeaderElection4] INFO  server.RaftServerConfigKeys (ConfUtils.java:logGet(43)) - raft.server.watch.element-limit = 65536 (default)
2019-09-20 10:24:24,495 [96779042-7d00-4831-92bc-784ad4e7e4a2:group-5CB27E50C6C9:LeaderElection4] INFO  impl.RoleInfo (RoleInfo.java:updateAndGet(143)) - 96779042-7d00-4831-92bc-784ad4e7e4a2: start LeaderState
2019-09-20 10:24:24,505 | INFO  | SCMAudit | user=jenkins1000 | ip=192.168.151.119 | op=SEND_HEARTBEAT {datanodeUUID=e4b024ee-04cf-486e-8320-fcd01e1b98f4, command=[]} | ret=SUCCESS |  
2019-09-20 10:24:24,508 [96779042-7d00-4831-92bc-784ad4e7e4a2:group-5CB27E50C6C9:LeaderElection4] INFO  segmented.SegmentedRaftLogWorker (SegmentedRaftLogWorker.java:startLogSegment(380)) - 96779042-7d00-4831-92bc-784ad4e7e4a2-SegmentedRaftLogWorker:Storage Directory /workdir/hadoop-ozone/tools/target/test-dir/MiniOzoneClusterImpl-4afbbd81-2c89-4d2f-ad5c-023fbc5472d9/datanode-2/data/ratis/759e8f1c-afea-4e45-aa6e-5cb27e50c6c9: Starting segment from index:0
2019-09-20 10:24:24,508 [e4b024ee-04cf-486e-8320-fcd01e1b98f4:group-AF03F6244CBB:LeaderElection3] INFO  segmented.SegmentedRaftLogWorker (SegmentedRaftLogWorker.java:startLogSegment(380)) - e4b024ee-04cf-486e-8320-fcd01e1b98f4-SegmentedRaftLogWorker:Storage Directory /workdir/hadoop-ozone/tools/target/test-dir/MiniOzoneClusterImpl-4afbbd81-2c89-4d2f-ad5c-023fbc5472d9/datanode-1/data/ratis/d59950ae-f3fa-487b-b41e-af03f6244cbb: Starting segment from index:0
2019-09-20 10:24:24,508 [8b03a9e7-d22e-47f6-878a-e6fe5d2c5bae:group-B5B43EB8E665:LeaderElection2] INFO  segmented.SegmentedRaftLogWorker (SegmentedRaftLogWorker.java:startLogSegment(380)) - 8b03a9e7-d22e-47f6-878a-e6fe5d2c5bae-SegmentedRaftLogWorker:Storage Directory /workdir/hadoop-ozone/tools/target/test-dir/MiniOzoneClusterImpl-4afbbd81-2c89-4d2f-ad5c-023fbc5472d9/datanode-0/data/ratis/a7eb9b40-0952-4041-b80b-b5b43eb8e665: Starting segment from index:0
2019-09-20 10:24:24,508 [e5c196f9-6099-48db-bdcb-79bd2855f89c:group-53DDA794AA69:LeaderElection1] INFO  segmented.SegmentedRaftLogWorker (SegmentedRaftLogWorker.java:startLogSegment(380)) - e5c196f9-6099-48db-bdcb-79bd2855f89c-SegmentedRaftLogWorker:Storage Directory /workdir/hadoop-ozone/tools/target/test-dir/MiniOzoneClusterImpl-4afbbd81-2c89-4d2f-ad5c-023fbc5472d9/datanode-4/data/ratis/c9c37897-dfaa-4fd6-91ee-53dda794aa69: Starting segment from index:0
2019-09-20 10:24:24,517 [96779042-7d00-4831-92bc-784ad4e7e4a2:group-5CB27E50C6C9:LeaderElection4] INFO  impl.RaftServerImpl (ServerState.java:setRaftConf(361)) - 96779042-7d00-4831-92bc-784ad4e7e4a2:group-5CB27E50C6C9 set configuration 0: [96779042-7d00-4831-92bc-784ad4e7e4a2:192.168.151.119:36731], old=null at 0
2019-09-20 10:24:24,517 [e5c196f9-6099-48db-bdcb-79bd2855f89c:group-53DDA794AA69:LeaderElection1] INFO  impl.RaftServerImpl (ServerState.java:setRaftConf(361)) - e5c196f9-6099-48db-bdcb-79bd2855f89c:group-53DDA794AA69 set configuration 0: [e5c196f9-6099-48db-bdcb-79bd2855f89c:192.168.151.119:38896], old=null at 0
2019-09-20 10:24:24,517 [8b03a9e7-d22e-47f6-878a-e6fe5d2c5bae:group-B5B43EB8E665:LeaderElection2] INFO  impl.RaftServerImpl (ServerState.java:setRaftConf(361)) - 8b03a9e7-d22e-47f6-878a-e6fe5d2c5bae:group-B5B43EB8E665 set configuration 0: [8b03a9e7-d22e-47f6-878a-e6fe5d2c5bae:192.168.151.119:44383], old=null at 0
2019-09-20 10:24:24,517 [e4b024ee-04cf-486e-8320-fcd01e1b98f4:group-AF03F6244CBB:LeaderElection3] INFO  impl.RaftServerImpl (ServerState.java:setRaftConf(361)) - e4b024ee-04cf-486e-8320-fcd01e1b98f4:group-AF03F6244CBB set configuration 0: [e4b024ee-04cf-486e-8320-fcd01e1b98f4:192.168.151.119:43904], old=null at 0
2019-09-20 10:24:24,547 [Thread-216] INFO  impl.FollowerState (FollowerState.java:run(106)) - e9bdb0c6-ddf0-4e6a-972a-18923aa30d04:group-565D1C24F606 changes to CANDIDATE, lastRpcTime:5157, electionTimeout:5155ms
2019-09-20 10:24:24,547 [Thread-216] INFO  impl.RoleInfo (RoleInfo.java:shutdownFollowerState(121)) - e9bdb0c6-ddf0-4e6a-972a-18923aa30d04: shutdown FollowerState
2019-09-20 10:24:24,547 [Thread-216] INFO  impl.RaftServerImpl (RaftServerImpl.java:setRole(171)) - e9bdb0c6-ddf0-4e6a-972a-18923aa30d04:group-565D1C24F606 changes role from FOLLOWER to CANDIDATE at term 0 for changeToCandidate
2019-09-20 10:24:24,547 [Thread-216] INFO  impl.RoleInfo (RoleInfo.java:updateAndGet(143)) - e9bdb0c6-ddf0-4e6a-972a-18923aa30d04: start LeaderElection
2019-09-20 10:24:24,565 [e9bdb0c6-ddf0-4e6a-972a-18923aa30d04:group-565D1C24F606:LeaderElection5] INFO  impl.LeaderElection (LeaderElection.java:askForVotes(181)) - e9bdb0c6-ddf0-4e6a-972a-18923aa30d04:group-565D1C24F606:LeaderElection5: begin an election at term 1 for -1: [e9bdb0c6-ddf0-4e6a-972a-18923aa30d04:192.168.151.119:42835], old=null
2019-09-20 10:24:24,565 [e9bdb0c6-ddf0-4e6a-972a-18923aa30d04:group-565D1C24F606:LeaderElection5] INFO  impl.RoleInfo (RoleInfo.java:shutdownLeaderElection(134)) - e9bdb0c6-ddf0-4e6a-972a-18923aa30d04: shutdown LeaderElection
2019-09-20 10:24:24,565 [e9bdb0c6-ddf0-4e6a-972a-18923aa30d04:group-565D1C24F606:LeaderElection5] INFO  impl.RaftServerImpl (RaftServerImpl.java:setRole(171)) - e9bdb0c6-ddf0-4e6a-972a-18923aa30d04:group-565D1C24F606 changes role from CANDIDATE to LEADER at term 1 for changeToLeader
2019-09-20 10:24:24,566 [e9bdb0c6-ddf0-4e6a-972a-18923aa30d04:group-565D1C24F606:LeaderElection5] INFO  impl.RaftServerImpl (ServerState.java:setLeader(263)) - e9bdb0c6-ddf0-4e6a-972a-18923aa30d04:group-565D1C24F606 change Leader from null to e9bdb0c6-ddf0-4e6a-972a-18923aa30d04 at term 1 for becomeLeader, leader elected after 5292ms
2019-09-20 10:24:24,567 [e9bdb0c6-ddf0-4e6a-972a-18923aa30d04:group-565D1C24F606:LeaderElection5] INFO  server.RaftServerConfigKeys (ConfUtils.java:logGet(43)) - raft.server.staging.catchup.gap = 1000 (default)
2019-09-20 10:24:24,568 [e9bdb0c6-ddf0-4e6a-972a-18923aa30d04:group-565D1C24F606:LeaderElection5] INFO  server.RaftServerConfigKeys (ConfUtils.java:logGet(43)) - raft.server.rpc.sleep.time = 25ms (default)
2019-09-20 10:24:24,568 [e9bdb0c6-ddf0-4e6a-972a-18923aa30d04:group-565D1C24F606:LeaderElection5] INFO  server.RaftServerConfigKeys (ConfUtils.java:logGet(43)) - raft.server.write.element-limit = 4096 (default)
2019-09-20 10:24:24,568 [e9bdb0c6-ddf0-4e6a-972a-18923aa30d04:group-565D1C24F606:LeaderElection5] INFO  server.RaftServerConfigKeys (ConfUtils.java:logGet(43)) - raft.server.watch.timeout = 10s (default)
2019-09-20 10:24:24,568 [e9bdb0c6-ddf0-4e6a-972a-18923aa30d04:group-565D1C24F606:LeaderElection5] INFO  server.RaftServerConfigKeys (ConfUtils.java:logGet(43)) - raft.server.watch.timeout.denomination = 1s (default)
2019-09-20 10:24:24,568 [e9bdb0c6-ddf0-4e6a-972a-18923aa30d04:group-565D1C24F606:LeaderElection5] INFO  server.RaftServerConfigKeys (ConfUtils.java:logGet(43)) - raft.server.watch.element-limit = 65536 (default)
2019-09-20 10:24:24,569 [e9bdb0c6-ddf0-4e6a-972a-18923aa30d04:group-565D1C24F606:LeaderElection5] INFO  impl.RoleInfo (RoleInfo.java:updateAndGet(143)) - e9bdb0c6-ddf0-4e6a-972a-18923aa30d04: start LeaderState
2019-09-20 10:24:24,569 [e9bdb0c6-ddf0-4e6a-972a-18923aa30d04:group-565D1C24F606:LeaderElection5] INFO  segmented.SegmentedRaftLogWorker (SegmentedRaftLogWorker.java:startLogSegment(380)) - e9bdb0c6-ddf0-4e6a-972a-18923aa30d04-SegmentedRaftLogWorker:Storage Directory /workdir/hadoop-ozone/tools/target/test-dir/MiniOzoneClusterImpl-4afbbd81-2c89-4d2f-ad5c-023fbc5472d9/datanode-3/data/ratis/a4cf1417-ec97-4039-846e-565d1c24f606: Starting segment from index:0
2019-09-20 10:24:24,570 [e9bdb0c6-ddf0-4e6a-972a-18923aa30d04:group-565D1C24F606:LeaderElection5] INFO  impl.RaftServerImpl (ServerState.java:setRaftConf(361)) - e9bdb0c6-ddf0-4e6a-972a-18923aa30d04:group-565D1C24F606 set configuration 0: [e9bdb0c6-ddf0-4e6a-972a-18923aa30d04:192.168.151.119:42835], old=null at 0
2019-09-20 10:24:24,640 [Thread-228] INFO  impl.FollowerState (FollowerState.java:run(106)) - e4b024ee-04cf-486e-8320-fcd01e1b98f4:group-AEFB7BEA069A changes to CANDIDATE, lastRpcTime:5065, electionTimeout:5065ms
2019-09-20 10:24:24,640 [Thread-228] INFO  impl.RoleInfo (RoleInfo.java:shutdownFollowerState(121)) - e4b024ee-04cf-486e-8320-fcd01e1b98f4: shutdown FollowerState
2019-09-20 10:24:24,640 [Thread-228] INFO  impl.RaftServerImpl (RaftServerImpl.java:setRole(171)) - e4b024ee-04cf-486e-8320-fcd01e1b98f4:group-AEFB7BEA069A changes role from FOLLOWER to CANDIDATE at term 0 for changeToCandidate
2019-09-20 10:24:24,640 [Thread-228] INFO  impl.RoleInfo (RoleInfo.java:updateAndGet(143)) - e4b024ee-04cf-486e-8320-fcd01e1b98f4: start LeaderElection
2019-09-20 10:24:24,656 [e4b024ee-04cf-486e-8320-fcd01e1b98f4:group-AEFB7BEA069A:LeaderElection6] INFO  impl.LeaderElection (LeaderElection.java:askForVotes(181)) - e4b024ee-04cf-486e-8320-fcd01e1b98f4:group-AEFB7BEA069A:LeaderElection6: begin an election at term 1 for -1: [e4b024ee-04cf-486e-8320-fcd01e1b98f4:192.168.151.119:43904, 96779042-7d00-4831-92bc-784ad4e7e4a2:192.168.151.119:36731, 8b03a9e7-d22e-47f6-878a-e6fe5d2c5bae:192.168.151.119:44383], old=null
2019-09-20 10:24:24,689 [grpc-default-executor-1] INFO  impl.RaftServerImpl (RaftServerImpl.java:setRole(171)) - 8b03a9e7-d22e-47f6-878a-e6fe5d2c5bae:group-AEFB7BEA069A changes role from FOLLOWER to FOLLOWER at term 1 for recognizeCandidate:e4b024ee-04cf-486e-8320-fcd01e1b98f4
2019-09-20 10:24:24,689 [grpc-default-executor-0] INFO  impl.RaftServerImpl (RaftServerImpl.java:setRole(171)) - 96779042-7d00-4831-92bc-784ad4e7e4a2:group-AEFB7BEA069A changes role from FOLLOWER to FOLLOWER at term 1 for recognizeCandidate:e4b024ee-04cf-486e-8320-fcd01e1b98f4
2019-09-20 10:24:24,690 [grpc-default-executor-0] INFO  impl.RoleInfo (RoleInfo.java:shutdownFollowerState(121)) - 96779042-7d00-4831-92bc-784ad4e7e4a2: shutdown FollowerState
2019-09-20 10:24:24,689 [grpc-default-executor-1] INFO  impl.RoleInfo (RoleInfo.java:shutdownFollowerState(121)) - 8b03a9e7-d22e-47f6-878a-e6fe5d2c5bae: shutdown FollowerState
2019-09-20 10:24:24,690 [grpc-default-executor-0] INFO  impl.RoleInfo (RoleInfo.java:updateAndGet(143)) - 96779042-7d00-4831-92bc-784ad4e7e4a2: start FollowerState
2019-09-20 10:24:24,690 [Thread-227] INFO  impl.FollowerState (FollowerState.java:run(114)) - 8b03a9e7-d22e-47f6-878a-e6fe5d2c5bae: FollowerState was interrupted: java.lang.InterruptedException: sleep interrupted
2019-09-20 10:24:24,690 [Thread-223] INFO  impl.FollowerState (FollowerState.java:run(114)) - 96779042-7d00-4831-92bc-784ad4e7e4a2: FollowerState was interrupted: java.lang.InterruptedException: sleep interrupted
2019-09-20 10:24:24,690 [grpc-default-executor-1] INFO  impl.RoleInfo (RoleInfo.java:updateAndGet(143)) - 8b03a9e7-d22e-47f6-878a-e6fe5d2c5bae: start FollowerState
 0.00% |█                                                                                                    |  0/1 Time: 0:00:042019-09-20 10:24:24,734 [e4b024ee-04cf-486e-8320-fcd01e1b98f4:group-AEFB7BEA069A:LeaderElection6] INFO  impl.LeaderElection (LeaderElection.java:logAndReturn(56)) - e4b024ee-04cf-486e-8320-fcd01e1b98f4:group-AEFB7BEA069A:LeaderElection6: Election PASSED; received 1 response(s) [e4b024ee-04cf-486e-8320-fcd01e1b98f4<-8b03a9e7-d22e-47f6-878a-e6fe5d2c5bae#0:OK-t1] and 0 exception(s); e4b024ee-04cf-486e-8320-fcd01e1b98f4:t1, leader=null, voted=e4b024ee-04cf-486e-8320-fcd01e1b98f4, raftlog=e4b024ee-04cf-486e-8320-fcd01e1b98f4-SegmentedRaftLog:OPENED:c-1,f-1,i0, conf=-1: [e4b024ee-04cf-486e-8320-fcd01e1b98f4:192.168.151.119:43904, 96779042-7d00-4831-92bc-784ad4e7e4a2:192.168.151.119:36731, 8b03a9e7-d22e-47f6-878a-e6fe5d2c5bae:192.168.151.119:44383], old=null
2019-09-20 10:24:24,734 [e4b024ee-04cf-486e-8320-fcd01e1b98f4:group-AEFB7BEA069A:LeaderElection6] INFO  impl.RoleInfo (RoleInfo.java:shutdownLeaderElection(134)) - e4b024ee-04cf-486e-8320-fcd01e1b98f4: shutdown LeaderElection
2019-09-20 10:24:24,734 [e4b024ee-04cf-486e-8320-fcd01e1b98f4:group-AEFB7BEA069A:LeaderElection6] INFO  impl.RaftServerImpl (RaftServerImpl.java:setRole(171)) - e4b024ee-04cf-486e-8320-fcd01e1b98f4:group-AEFB7BEA069A changes role from CANDIDATE to LEADER at term 1 for changeToLeader
2019-09-20 10:24:24,734 [e4b024ee-04cf-486e-8320-fcd01e1b98f4:group-AEFB7BEA069A:LeaderElection6] INFO  impl.RaftServerImpl (ServerState.java:setLeader(263)) - e4b024ee-04cf-486e-8320-fcd01e1b98f4:group-AEFB7BEA069A change Leader from null to e4b024ee-04cf-486e-8320-fcd01e1b98f4 at term 1 for becomeLeader, leader elected after 5174ms
2019-09-20 10:24:24,734 [e4b024ee-04cf-486e-8320-fcd01e1b98f4:group-AEFB7BEA069A:LeaderElection6] INFO  server.RaftServerConfigKeys (ConfUtils.java:logGet(43)) - raft.server.staging.catchup.gap = 1000 (default)
2019-09-20 10:24:24,736 [e4b024ee-04cf-486e-8320-fcd01e1b98f4:group-AEFB7BEA069A:LeaderElection6] INFO  server.RaftServerConfigKeys (ConfUtils.java:logGet(43)) - raft.server.rpc.sleep.time = 25ms (default)
2019-09-20 10:24:24,736 [e4b024ee-04cf-486e-8320-fcd01e1b98f4:group-AEFB7BEA069A:LeaderElection6] INFO  server.RaftServerConfigKeys (ConfUtils.java:logGet(43)) - raft.server.write.element-limit = 4096 (default)
2019-09-20 10:24:24,736 [e4b024ee-04cf-486e-8320-fcd01e1b98f4:group-AEFB7BEA069A:LeaderElection6] INFO  server.RaftServerConfigKeys (ConfUtils.java:logGet(43)) - raft.server.watch.timeout = 10s (default)
2019-09-20 10:24:24,736 [e4b024ee-04cf-486e-8320-fcd01e1b98f4:group-AEFB7BEA069A:LeaderElection6] INFO  server.RaftServerConfigKeys (ConfUtils.java:logGet(43)) - raft.server.watch.timeout.denomination = 1s (default)
2019-09-20 10:24:24,736 [e4b024ee-04cf-486e-8320-fcd01e1b98f4:group-AEFB7BEA069A:LeaderElection6] INFO  server.RaftServerConfigKeys (ConfUtils.java:logGet(43)) - raft.server.watch.element-limit = 65536 (default)
2019-09-20 10:24:24,738 [e4b024ee-04cf-486e-8320-fcd01e1b98f4:group-AEFB7BEA069A:LeaderElection6] INFO  server.RaftServerConfigKeys (ConfUtils.java:logGet(43)) - raft.server.log.appender.snapshot.chunk.size.max = 16MB (=16777216) (default)
2019-09-20 10:24:24,739 [e4b024ee-04cf-486e-8320-fcd01e1b98f4:group-AEFB7BEA069A:LeaderElection6] INFO  server.RaftServerConfigKeys (ConfUtils.java:logGet(43)) - raft.server.log.appender.buffer.byte-limit = 33554432 (custom)
2019-09-20 10:24:24,739 [e4b024ee-04cf-486e-8320-fcd01e1b98f4:group-AEFB7BEA069A:LeaderElection6] INFO  server.RaftServerConfigKeys (ConfUtils.java:logGet(43)) - raft.server.log.appender.buffer.element-limit = 1 (custom)
2019-09-20 10:24:24,741 [e4b024ee-04cf-486e-8320-fcd01e1b98f4:group-AEFB7BEA069A:LeaderElection6] INFO  grpc.GrpcConfigKeys$Server (ConfUtils.java:logGet(43)) - raft.grpc.server.leader.outstanding.appends.max = 128 (default)
2019-09-20 10:24:24,742 [e4b024ee-04cf-486e-8320-fcd01e1b98f4:group-AEFB7BEA069A:LeaderElection6] INFO  server.RaftServerConfigKeys (ConfUtils.java:logGet(43)) - raft.server.rpc.request.timeout = 3000ms (default)
2019-09-20 10:24:24,742 [e4b024ee-04cf-486e-8320-fcd01e1b98f4:group-AEFB7BEA069A:LeaderElection6] INFO  server.RaftServerConfigKeys (ConfUtils.java:logGet(43)) - raft.server.log.appender.install.snapshot.enabled = false (custom)
2019-09-20 10:24:24,742 [e4b024ee-04cf-486e-8320-fcd01e1b98f4:group-AEFB7BEA069A:LeaderElection6] INFO  server.RaftServerConfigKeys (ConfUtils.java:logGet(43)) - raft.server.log.appender.snapshot.chunk.size.max = 16MB (=16777216) (default)
2019-09-20 10:24:24,742 [e4b024ee-04cf-486e-8320-fcd01e1b98f4:group-AEFB7BEA069A:LeaderElection6] INFO  server.RaftServerConfigKeys (ConfUtils.java:logGet(43)) - raft.server.log.appender.buffer.byte-limit = 33554432 (custom)
2019-09-20 10:24:24,742 [e4b024ee-04cf-486e-8320-fcd01e1b98f4:group-AEFB7BEA069A:LeaderElection6] INFO  server.RaftServerConfigKeys (ConfUtils.java:logGet(43)) - raft.server.log.appender.buffer.element-limit = 1 (custom)
2019-09-20 10:24:24,742 [e4b024ee-04cf-486e-8320-fcd01e1b98f4:group-AEFB7BEA069A:LeaderElection6] INFO  grpc.GrpcConfigKeys$Server (ConfUtils.java:logGet(43)) - raft.grpc.server.leader.outstanding.appends.max = 128 (default)
2019-09-20 10:24:24,743 [e4b024ee-04cf-486e-8320-fcd01e1b98f4:group-AEFB7BEA069A:LeaderElection6] INFO  server.RaftServerConfigKeys (ConfUtils.java:logGet(43)) - raft.server.rpc.request.timeout = 3000ms (default)
2019-09-20 10:24:24,743 [e4b024ee-04cf-486e-8320-fcd01e1b98f4:group-AEFB7BEA069A:LeaderElection6] INFO  server.RaftServerConfigKeys (ConfUtils.java:logGet(43)) - raft.server.log.appender.install.snapshot.enabled = false (custom)
2019-09-20 10:24:24,747 [e4b024ee-04cf-486e-8320-fcd01e1b98f4:group-AEFB7BEA069A:LeaderElection6] INFO  impl.RoleInfo (RoleInfo.java:updateAndGet(143)) - e4b024ee-04cf-486e-8320-fcd01e1b98f4: start LeaderState
2019-09-20 10:24:24,747 [e4b024ee-04cf-486e-8320-fcd01e1b98f4:group-AEFB7BEA069A:LeaderElection6] INFO  segmented.SegmentedRaftLogWorker (SegmentedRaftLogWorker.java:startLogSegment(380)) - e4b024ee-04cf-486e-8320-fcd01e1b98f4-SegmentedRaftLogWorker:Storage Directory /workdir/hadoop-ozone/tools/target/test-dir/MiniOzoneClusterImpl-4afbbd81-2c89-4d2f-ad5c-023fbc5472d9/datanode-1/data/ratis/3c68a191-c039-4483-a0dc-aefb7bea069a: Starting segment from index:0
2019-09-20 10:24:24,748 [e4b024ee-04cf-486e-8320-fcd01e1b98f4:group-AEFB7BEA069A:LeaderElection6] INFO  impl.RaftServerImpl (ServerState.java:setRaftConf(361)) - e4b024ee-04cf-486e-8320-fcd01e1b98f4:group-AEFB7BEA069A set configuration 0: [e4b024ee-04cf-486e-8320-fcd01e1b98f4:192.168.151.119:43904, 96779042-7d00-4831-92bc-784ad4e7e4a2:192.168.151.119:36731, 8b03a9e7-d22e-47f6-878a-e6fe5d2c5bae:192.168.151.119:44383], old=null at 0
2019-09-20 10:24:24,806 [e9bdb0c6-ddf0-4e6a-972a-18923aa30d04-SegmentedRaftLogWorker:Storage Directory /workdir/hadoop-ozone/tools/target/test-dir/MiniOzoneClusterImpl-4afbbd81-2c89-4d2f-ad5c-023fbc5472d9/datanode-3/data/ratis/a4cf1417-ec97-4039-846e-565d1c24f606] INFO  segmented.SegmentedRaftLogWorker (SegmentedRaftLogWorker.java:execute(569)) - e9bdb0c6-ddf0-4e6a-972a-18923aa30d04-SegmentedRaftLogWorker:Storage Directory /workdir/hadoop-ozone/tools/target/test-dir/MiniOzoneClusterImpl-4afbbd81-2c89-4d2f-ad5c-023fbc5472d9/datanode-3/data/ratis/a4cf1417-ec97-4039-846e-565d1c24f606: created new log segment /workdir/hadoop-ozone/tools/target/test-dir/MiniOzoneClusterImpl-4afbbd81-2c89-4d2f-ad5c-023fbc5472d9/datanode-3/data/ratis/a4cf1417-ec97-4039-846e-565d1c24f606/current/log_inprogress_0
2019-09-20 10:24:24,806 [e5c196f9-6099-48db-bdcb-79bd2855f89c-SegmentedRaftLogWorker:Storage Directory /workdir/hadoop-ozone/tools/target/test-dir/MiniOzoneClusterImpl-4afbbd81-2c89-4d2f-ad5c-023fbc5472d9/datanode-4/data/ratis/c9c37897-dfaa-4fd6-91ee-53dda794aa69] INFO  segmented.SegmentedRaftLogWorker (SegmentedRaftLogWorker.java:execute(569)) - e5c196f9-6099-48db-bdcb-79bd2855f89c-SegmentedRaftLogWorker:Storage Directory /workdir/hadoop-ozone/tools/target/test-dir/MiniOzoneClusterImpl-4afbbd81-2c89-4d2f-ad5c-023fbc5472d9/datanode-4/data/ratis/c9c37897-dfaa-4fd6-91ee-53dda794aa69: created new log segment /workdir/hadoop-ozone/tools/target/test-dir/MiniOzoneClusterImpl-4afbbd81-2c89-4d2f-ad5c-023fbc5472d9/datanode-4/data/ratis/c9c37897-dfaa-4fd6-91ee-53dda794aa69/current/log_inprogress_0
2019-09-20 10:24:24,806 [e4b024ee-04cf-486e-8320-fcd01e1b98f4-SegmentedRaftLogWorker:Storage Directory /workdir/hadoop-ozone/tools/target/test-dir/MiniOzoneClusterImpl-4afbbd81-2c89-4d2f-ad5c-023fbc5472d9/datanode-1/data/ratis/d59950ae-f3fa-487b-b41e-af03f6244cbb] INFO  segmented.SegmentedRaftLogWorker (SegmentedRaftLogWorker.java:execute(569)) - e4b024ee-04cf-486e-8320-fcd01e1b98f4-SegmentedRaftLogWorker:Storage Directory /workdir/hadoop-ozone/tools/target/test-dir/MiniOzoneClusterImpl-4afbbd81-2c89-4d2f-ad5c-023fbc5472d9/datanode-1/data/ratis/d59950ae-f3fa-487b-b41e-af03f6244cbb: created new log segment /workdir/hadoop-ozone/tools/target/test-dir/MiniOzoneClusterImpl-4afbbd81-2c89-4d2f-ad5c-023fbc5472d9/datanode-1/data/ratis/d59950ae-f3fa-487b-b41e-af03f6244cbb/current/log_inprogress_0
2019-09-20 10:24:24,806 [96779042-7d00-4831-92bc-784ad4e7e4a2-SegmentedRaftLogWorker:Storage Directory /workdir/hadoop-ozone/tools/target/test-dir/MiniOzoneClusterImpl-4afbbd81-2c89-4d2f-ad5c-023fbc5472d9/datanode-2/data/ratis/759e8f1c-afea-4e45-aa6e-5cb27e50c6c9] INFO  segmented.SegmentedRaftLogWorker (SegmentedRaftLogWorker.java:execute(569)) - 96779042-7d00-4831-92bc-784ad4e7e4a2-SegmentedRaftLogWorker:Storage Directory /workdir/hadoop-ozone/tools/target/test-dir/MiniOzoneClusterImpl-4afbbd81-2c89-4d2f-ad5c-023fbc5472d9/datanode-2/data/ratis/759e8f1c-afea-4e45-aa6e-5cb27e50c6c9: created new log segment /workdir/hadoop-ozone/tools/target/test-dir/MiniOzoneClusterImpl-4afbbd81-2c89-4d2f-ad5c-023fbc5472d9/datanode-2/data/ratis/759e8f1c-afea-4e45-aa6e-5cb27e50c6c9/current/log_inprogress_0
2019-09-20 10:24:24,806 [e4b024ee-04cf-486e-8320-fcd01e1b98f4-SegmentedRaftLogWorker:Storage Directory /workdir/hadoop-ozone/tools/target/test-dir/MiniOzoneClusterImpl-4afbbd81-2c89-4d2f-ad5c-023fbc5472d9/datanode-1/data/ratis/3c68a191-c039-4483-a0dc-aefb7bea069a] INFO  segmented.SegmentedRaftLogWorker (SegmentedRaftLogWorker.java:execute(569)) - e4b024ee-04cf-486e-8320-fcd01e1b98f4-SegmentedRaftLogWorker:Storage Directory /workdir/hadoop-ozone/tools/target/test-dir/MiniOzoneClusterImpl-4afbbd81-2c89-4d2f-ad5c-023fbc5472d9/datanode-1/data/ratis/3c68a191-c039-4483-a0dc-aefb7bea069a: created new log segment /workdir/hadoop-ozone/tools/target/test-dir/MiniOzoneClusterImpl-4afbbd81-2c89-4d2f-ad5c-023fbc5472d9/datanode-1/data/ratis/3c68a191-c039-4483-a0dc-aefb7bea069a/current/log_inprogress_0
2019-09-20 10:24:24,806 [8b03a9e7-d22e-47f6-878a-e6fe5d2c5bae-SegmentedRaftLogWorker:Storage Directory /workdir/hadoop-ozone/tools/target/test-dir/MiniOzoneClusterImpl-4afbbd81-2c89-4d2f-ad5c-023fbc5472d9/datanode-0/data/ratis/a7eb9b40-0952-4041-b80b-b5b43eb8e665] INFO  segmented.SegmentedRaftLogWorker (SegmentedRaftLogWorker.java:execute(569)) - 8b03a9e7-d22e-47f6-878a-e6fe5d2c5bae-SegmentedRaftLogWorker:Storage Directory /workdir/hadoop-ozone/tools/target/test-dir/MiniOzoneClusterImpl-4afbbd81-2c89-4d2f-ad5c-023fbc5472d9/datanode-0/data/ratis/a7eb9b40-0952-4041-b80b-b5b43eb8e665: created new log segment /workdir/hadoop-ozone/tools/target/test-dir/MiniOzoneClusterImpl-4afbbd81-2c89-4d2f-ad5c-023fbc5472d9/datanode-0/data/ratis/a7eb9b40-0952-4041-b80b-b5b43eb8e665/current/log_inprogress_0
2019-09-20 10:24:24,826 [grpc-default-executor-1] INFO  impl.RaftServerImpl (ServerState.java:setLeader(263)) - 96779042-7d00-4831-92bc-784ad4e7e4a2:group-AEFB7BEA069A change Leader from null to e4b024ee-04cf-486e-8320-fcd01e1b98f4 at term 1 for appendEntries, leader elected after 5265ms
2019-09-20 10:24:24,826 [grpc-default-executor-0] INFO  impl.RaftServerImpl (ServerState.java:setLeader(263)) - 8b03a9e7-d22e-47f6-878a-e6fe5d2c5bae:group-AEFB7BEA069A change Leader from null to e4b024ee-04cf-486e-8320-fcd01e1b98f4 at term 1 for appendEntries, leader elected after 5265ms
2019-09-20 10:24:24,863 [grpc-default-executor-0] INFO  impl.RaftServerImpl (ServerState.java:setRaftConf(361)) - 96779042-7d00-4831-92bc-784ad4e7e4a2:group-AEFB7BEA069A set configuration 0: [e4b024ee-04cf-486e-8320-fcd01e1b98f4:192.168.151.119:43904, 96779042-7d00-4831-92bc-784ad4e7e4a2:192.168.151.119:36731, 8b03a9e7-d22e-47f6-878a-e6fe5d2c5bae:192.168.151.119:44383], old=null at 0
2019-09-20 10:24:24,863 [grpc-default-executor-1] INFO  impl.RaftServerImpl (ServerState.java:setRaftConf(361)) - 8b03a9e7-d22e-47f6-878a-e6fe5d2c5bae:group-AEFB7BEA069A set configuration 0: [e4b024ee-04cf-486e-8320-fcd01e1b98f4:192.168.151.119:43904, 96779042-7d00-4831-92bc-784ad4e7e4a2:192.168.151.119:36731, 8b03a9e7-d22e-47f6-878a-e6fe5d2c5bae:192.168.151.119:44383], old=null at 0
2019-09-20 10:24:24,863 [grpc-default-executor-0] INFO  segmented.SegmentedRaftLogWorker (SegmentedRaftLogWorker.java:startLogSegment(380)) - 96779042-7d00-4831-92bc-784ad4e7e4a2-SegmentedRaftLogWorker:Storage Directory /workdir/hadoop-ozone/tools/target/test-dir/MiniOzoneClusterImpl-4afbbd81-2c89-4d2f-ad5c-023fbc5472d9/datanode-2/data/ratis/3c68a191-c039-4483-a0dc-aefb7bea069a: Starting segment from index:0
2019-09-20 10:24:24,864 [grpc-default-executor-1] INFO  segmented.SegmentedRaftLogWorker (SegmentedRaftLogWorker.java:startLogSegment(380)) - 8b03a9e7-d22e-47f6-878a-e6fe5d2c5bae-SegmentedRaftLogWorker:Storage Directory /workdir/hadoop-ozone/tools/target/test-dir/MiniOzoneClusterImpl-4afbbd81-2c89-4d2f-ad5c-023fbc5472d9/datanode-0/data/ratis/3c68a191-c039-4483-a0dc-aefb7bea069a: Starting segment from index:0
2019-09-20 10:24:24,906 [96779042-7d00-4831-92bc-784ad4e7e4a2-SegmentedRaftLogWorker:Storage Directory /workdir/hadoop-ozone/tools/target/test-dir/MiniOzoneClusterImpl-4afbbd81-2c89-4d2f-ad5c-023fbc5472d9/datanode-2/data/ratis/3c68a191-c039-4483-a0dc-aefb7bea069a] INFO  segmented.SegmentedRaftLogWorker (SegmentedRaftLogWorker.java:execute(569)) - 96779042-7d00-4831-92bc-784ad4e7e4a2-SegmentedRaftLogWorker:Storage Directory /workdir/hadoop-ozone/tools/target/test-dir/MiniOzoneClusterImpl-4afbbd81-2c89-4d2f-ad5c-023fbc5472d9/datanode-2/data/ratis/3c68a191-c039-4483-a0dc-aefb7bea069a: created new log segment /workdir/hadoop-ozone/tools/target/test-dir/MiniOzoneClusterImpl-4afbbd81-2c89-4d2f-ad5c-023fbc5472d9/datanode-2/data/ratis/3c68a191-c039-4483-a0dc-aefb7bea069a/current/log_inprogress_0
2019-09-20 10:24:24,906 [8b03a9e7-d22e-47f6-878a-e6fe5d2c5bae-SegmentedRaftLogWorker:Storage Directory /workdir/hadoop-ozone/tools/target/test-dir/MiniOzoneClusterImpl-4afbbd81-2c89-4d2f-ad5c-023fbc5472d9/datanode-0/data/ratis/3c68a191-c039-4483-a0dc-aefb7bea069a] INFO  segmented.SegmentedRaftLogWorker (SegmentedRaftLogWorker.java:execute(569)) - 8b03a9e7-d22e-47f6-878a-e6fe5d2c5bae-SegmentedRaftLogWorker:Storage Directory /workdir/hadoop-ozone/tools/target/test-dir/MiniOzoneClusterImpl-4afbbd81-2c89-4d2f-ad5c-023fbc5472d9/datanode-0/data/ratis/3c68a191-c039-4483-a0dc-aefb7bea069a: created new log segment /workdir/hadoop-ozone/tools/target/test-dir/MiniOzoneClusterImpl-4afbbd81-2c89-4d2f-ad5c-023fbc5472d9/datanode-0/data/ratis/3c68a191-c039-4483-a0dc-aefb7bea069a/current/log_inprogress_0
2019-09-20 10:24:24,962 | INFO  | SCMAudit | user=jenkins1000 | ip=192.168.151.119 | op=SEND_HEARTBEAT {datanodeUUID=96779042-7d00-4831-92bc-784ad4e7e4a2, command=[]} | ret=SUCCESS |  
2019-09-20 10:24:25,075 | INFO  | SCMAudit | user=jenkins1000 | ip=192.168.151.119 | op=SEND_HEARTBEAT {datanodeUUID=e9bdb0c6-ddf0-4e6a-972a-18923aa30d04, command=[]} | ret=SUCCESS |  
2019-09-20 10:24:25,204 | INFO  | SCMAudit | user=jenkins1000 | ip=192.168.151.119 | op=SEND_HEARTBEAT {datanodeUUID=8b03a9e7-d22e-47f6-878a-e6fe5d2c5bae, command=[]} | ret=SUCCESS |  
2019-09-20 10:24:25,302 | INFO  | SCMAudit | user=jenkins1000 | ip=192.168.151.119 | op=SEND_HEARTBEAT {datanodeUUID=e5c196f9-6099-48db-bdcb-79bd2855f89c, command=[]} | ret=SUCCESS |  
2019-09-20 10:24:25,504 | INFO  | SCMAudit | user=jenkins1000 | ip=192.168.151.119 | op=SEND_HEARTBEAT {datanodeUUID=e4b024ee-04cf-486e-8320-fcd01e1b98f4, command=[]} | ret=SUCCESS |  
 100.00% |█████████████████████████████████████████████████████████████████████████████████████████████████████|  1/1 Time: 0:00:05
2019-09-20 10:24:25,962 | INFO  | SCMAudit | user=jenkins1000 | ip=192.168.151.119 | op=SEND_HEARTBEAT {datanodeUUID=96779042-7d00-4831-92bc-784ad4e7e4a2, command=[]} | ret=SUCCESS |  
2019-09-20 10:24:26,076 | INFO  | SCMAudit | user=jenkins1000 | ip=192.168.151.119 | op=SEND_HEARTBEAT {datanodeUUID=e9bdb0c6-ddf0-4e6a-972a-18923aa30d04, command=[]} | ret=SUCCESS |  
2019-09-20 10:24:26,204 | INFO  | SCMAudit | user=jenkins1000 | ip=192.168.151.119 | op=SEND_HEARTBEAT {datanodeUUID=8b03a9e7-d22e-47f6-878a-e6fe5d2c5bae, command=[]} | ret=SUCCESS |  
2019-09-20 10:24:26,302 | INFO  | SCMAudit | user=jenkins1000 | ip=192.168.151.119 | op=SEND_HEARTBEAT {datanodeUUID=e5c196f9-6099-48db-bdcb-79bd2855f89c, command=[]} | ret=SUCCESS |  
2019-09-20 10:24:26,504 | INFO  | SCMAudit | user=jenkins1000 | ip=192.168.151.119 | op=SEND_HEARTBEAT {datanodeUUID=e4b024ee-04cf-486e-8320-fcd01e1b98f4, command=[]} | ret=SUCCESS |  
2019-09-20 10:24:26,962 | INFO  | SCMAudit | user=jenkins1000 | ip=192.168.151.119 | op=SEND_HEARTBEAT {datanodeUUID=96779042-7d00-4831-92bc-784ad4e7e4a2, command=[]} | ret=SUCCESS |  
2019-09-20 10:24:27,075 | INFO  | SCMAudit | user=jenkins1000 | ip=192.168.151.119 | op=SEND_HEARTBEAT {datanodeUUID=e9bdb0c6-ddf0-4e6a-972a-18923aa30d04, command=[]} | ret=SUCCESS |  
2019-09-20 10:24:27,205 | INFO  | SCMAudit | user=jenkins1000 | ip=192.168.151.119 | op=SEND_HEARTBEAT {datanodeUUID=8b03a9e7-d22e-47f6-878a-e6fe5d2c5bae, command=[]} | ret=SUCCESS |  
2019-09-20 10:24:27,302 | INFO  | SCMAudit | user=jenkins1000 | ip=192.168.151.119 | op=SEND_HEARTBEAT {datanodeUUID=e5c196f9-6099-48db-bdcb-79bd2855f89c, command=[]} | ret=SUCCESS |  
2019-09-20 10:24:27,505 | INFO  | SCMAudit | user=jenkins1000 | ip=192.168.151.119 | op=SEND_HEARTBEAT {datanodeUUID=e4b024ee-04cf-486e-8320-fcd01e1b98f4, command=[]} | ret=SUCCESS |  
2019-09-20 10:24:27,961 | INFO  | SCMAudit | user=jenkins1000 | ip=192.168.151.119 | op=SEND_HEARTBEAT {datanodeUUID=96779042-7d00-4831-92bc-784ad4e7e4a2, command=[]} | ret=SUCCESS |  
2019-09-20 10:24:28,075 | INFO  | SCMAudit | user=jenkins1000 | ip=192.168.151.119 | op=SEND_HEARTBEAT {datanodeUUID=e9bdb0c6-ddf0-4e6a-972a-18923aa30d04, command=[]} | ret=SUCCESS |  
2019-09-20 10:24:28,204 | INFO  | SCMAudit | user=jenkins1000 | ip=192.168.151.119 | op=SEND_HEARTBEAT {datanodeUUID=8b03a9e7-d22e-47f6-878a-e6fe5d2c5bae, command=[]} | ret=SUCCESS |  
2019-09-20 10:24:28,302 | INFO  | SCMAudit | user=jenkins1000 | ip=192.168.151.119 | op=SEND_HEARTBEAT {datanodeUUID=e5c196f9-6099-48db-bdcb-79bd2855f89c, command=[]} | ret=SUCCESS |  
2019-09-20 10:24:28,504 | INFO  | SCMAudit | user=jenkins1000 | ip=192.168.151.119 | op=SEND_HEARTBEAT {datanodeUUID=e4b024ee-04cf-486e-8320-fcd01e1b98f4, command=[]} | ret=SUCCESS |  
2019-09-20 10:24:28,961 | INFO  | SCMAudit | user=jenkins1000 | ip=192.168.151.119 | op=SEND_HEARTBEAT {datanodeUUID=96779042-7d00-4831-92bc-784ad4e7e4a2, command=[]} | ret=SUCCESS |  
2019-09-20 10:24:29,076 | INFO  | SCMAudit | user=jenkins1000 | ip=192.168.151.119 | op=SEND_HEARTBEAT {datanodeUUID=e9bdb0c6-ddf0-4e6a-972a-18923aa30d04, command=[]} | ret=SUCCESS |  
2019-09-20 10:24:29,205 | INFO  | SCMAudit | user=jenkins1000 | ip=192.168.151.119 | op=SEND_HEARTBEAT {datanodeUUID=8b03a9e7-d22e-47f6-878a-e6fe5d2c5bae, command=[]} | ret=SUCCESS |  
2019-09-20 10:24:29,303 | INFO  | SCMAudit | user=jenkins1000 | ip=192.168.151.119 | op=SEND_HEARTBEAT {datanodeUUID=e5c196f9-6099-48db-bdcb-79bd2855f89c, command=[]} | ret=SUCCESS |  
2019-09-20 10:24:29,504 | INFO  | SCMAudit | user=jenkins1000 | ip=192.168.151.119 | op=SEND_HEARTBEAT {datanodeUUID=e4b024ee-04cf-486e-8320-fcd01e1b98f4, command=[]} | ret=SUCCESS |  
2019-09-20 10:24:29,961 | INFO  | SCMAudit | user=jenkins1000 | ip=192.168.151.119 | op=SEND_HEARTBEAT {datanodeUUID=96779042-7d00-4831-92bc-784ad4e7e4a2, command=[]} | ret=SUCCESS |  
2019-09-20 10:24:30,077 | INFO  | SCMAudit | user=jenkins1000 | ip=192.168.151.119 | op=SEND_HEARTBEAT {datanodeUUID=e9bdb0c6-ddf0-4e6a-972a-18923aa30d04, command=[]} | ret=SUCCESS |  
2019-09-20 10:24:30,205 | INFO  | SCMAudit | user=jenkins1000 | ip=192.168.151.119 | op=SEND_HEARTBEAT {datanodeUUID=8b03a9e7-d22e-47f6-878a-e6fe5d2c5bae, command=[]} | ret=SUCCESS |  
2019-09-20 10:24:30,303 | INFO  | SCMAudit | user=jenkins1000 | ip=192.168.151.119 | op=SEND_HEARTBEAT {datanodeUUID=e5c196f9-6099-48db-bdcb-79bd2855f89c, command=[]} | ret=SUCCESS |  
2019-09-20 10:24:30,504 | INFO  | SCMAudit | user=jenkins1000 | ip=192.168.151.119 | op=SEND_HEARTBEAT {datanodeUUID=e4b024ee-04cf-486e-8320-fcd01e1b98f4, command=[]} | ret=SUCCESS |  
]]></system-out>
    <system-err><![CDATA[Sep 20, 2019 10:24:10 AM com.sun.jersey.server.impl.application.WebApplicationImpl _initiate
INFO: Initiating Jersey application, version 'Jersey: 1.19 02/11/2015 03:25 AM'
Sep 20, 2019 10:24:11 AM com.sun.jersey.server.impl.application.WebApplicationImpl _initiate
INFO: Initiating Jersey application, version 'Jersey: 1.19 02/11/2015 03:25 AM'
Sep 20, 2019 10:24:11 AM com.sun.jersey.server.impl.application.WebApplicationImpl _initiate
INFO: Initiating Jersey application, version 'Jersey: 1.19 02/11/2015 03:25 AM'
Sep 20, 2019 10:24:11 AM com.sun.jersey.server.impl.application.WebApplicationImpl _initiate
INFO: Initiating Jersey application, version 'Jersey: 1.19 02/11/2015 03:25 AM'
Sep 20, 2019 10:24:12 AM com.sun.jersey.server.impl.application.WebApplicationImpl _initiate
INFO: Initiating Jersey application, version 'Jersey: 1.19 02/11/2015 03:25 AM'
]]></system-err>
  </testcase>
  <testcase name="standaloneTestLargeKey" classname="org.apache.hadoop.ozone.freon.TestDataValidateWithSafeByteOperations" time="7.813"/>
  <testcase name="validateWriteTest" classname="org.apache.hadoop.ozone.freon.TestDataValidateWithSafeByteOperations" time="6.173"/>
</testsuite>