<?xml version="1.0" encoding="UTF-8"?>
<testsuite xmlns:xsi="http://www.w3.org/2001/XMLSchema-instance" xsi:noNamespaceSchemaLocation="https://maven.apache.org/surefire/maven-surefire-plugin/xsd/surefire-test-report.xsd" name="org.apache.hadoop.ozone.freon.TestDataValidateWithUnsafeByteOperations" time="56.246" tests="3" errors="1" skipped="0" failures="0">
  <properties>
    <property name="awt.toolkit" value="sun.awt.X11.XToolkit"/>
    <property name="file.encoding.pkg" value="sun.io"/>
    <property name="java.specification.version" value="1.8"/>
    <property name="sun.cpu.isalist" value=""/>
    <property name="sun.jnu.encoding" value="UTF-8"/>
    <property name="java.class.path" value="/workdir/hadoop-ozone/tools/target/test-classes:/workdir/hadoop-ozone/tools/target/classes:/home/user/.m2/repository/org/apache/hadoop/hadoop-ozone-ozone-manager/0.5.0-SNAPSHOT/hadoop-ozone-ozone-manager-0.5.0-SNAPSHOT.jar:/home/user/.m2/repository/org/apache/hadoop/hadoop-hdds-docs/0.5.0-SNAPSHOT/hadoop-hdds-docs-0.5.0-SNAPSHOT.jar:/home/user/.m2/repository/org/bouncycastle/bcprov-jdk15on/1.60/bcprov-jdk15on-1.60.jar:/home/user/.m2/repository/org/apache/hadoop/hadoop-ozone-common/0.5.0-SNAPSHOT/hadoop-ozone-common-0.5.0-SNAPSHOT.jar:/home/user/.m2/repository/org/apache/commons/commons-compress/1.4.1/commons-compress-1.4.1.jar:/home/user/.m2/repository/org/tukaani/xz/1.0/xz-1.0.jar:/home/user/.m2/repository/org/apache/hadoop/hadoop-hdfs-client/3.2.0/hadoop-hdfs-client-3.2.0.jar:/home/user/.m2/repository/com/fasterxml/jackson/core/jackson-annotations/2.9.5/jackson-annotations-2.9.5.jar:/home/user/.m2/repository/org/apache/hadoop/hadoop-hdds-common/0.5.0-SNAPSHOT/hadoop-hdds-common-0.5.0-SNAPSHOT.jar:/home/user/.m2/repository/org/apache/hadoop/hadoop-hdds-config/0.5.0-SNAPSHOT/hadoop-hdds-config-0.5.0-SNAPSHOT.jar:/home/user/.m2/repository/javax/annotation/javax.annotation-api/1.2/javax.annotation-api-1.2.jar:/home/user/.m2/repository/org/apache/ratis/ratis-server/0.4.0-2337318-SNAPSHOT/ratis-server-0.4.0-2337318-SNAPSHOT.jar:/home/user/.m2/repository/org/apache/ratis/ratis-thirdparty-misc/0.2.0/ratis-thirdparty-misc-0.2.0.jar:/home/user/.m2/repository/org/apache/ratis/ratis-proto/0.4.0-2337318-SNAPSHOT/ratis-proto-0.4.0-2337318-SNAPSHOT.jar:/home/user/.m2/repository/org/apache/ratis/ratis-common/0.4.0-2337318-SNAPSHOT/ratis-common-0.4.0-2337318-SNAPSHOT.jar:/home/user/.m2/repository/org/apache/ratis/ratis-client/0.4.0-2337318-SNAPSHOT/ratis-client-0.4.0-2337318-SNAPSHOT.jar:/home/user/.m2/repository/org/apache/ratis/ratis-metrics/0.4.0-2337318-SNAPSHOT/ratis-metrics-0.4.0-2337318-SNAPSHOT.jar:/home/user/.m2/repository/org/apache/ratis/ratis-netty/0.4.0-2337318-SNAPSHOT/ratis-netty-0.4.0-2337318-SNAPSHOT.jar:/home/user/.m2/repository/org/apache/ratis/ratis-grpc/0.4.0-2337318-SNAPSHOT/ratis-grpc-0.4.0-2337318-SNAPSHOT.jar:/home/user/.m2/repository/org/rocksdb/rocksdbjni/6.0.1/rocksdbjni-6.0.1.jar:/home/user/.m2/repository/org/apache/logging/log4j/log4j-api/2.11.0/log4j-api-2.11.0.jar:/home/user/.m2/repository/org/apache/logging/log4j/log4j-core/2.11.0/log4j-core-2.11.0.jar:/home/user/.m2/repository/com/lmax/disruptor/3.4.2/disruptor-3.4.2.jar:/home/user/.m2/repository/org/apache/commons/commons-pool2/2.6.0/commons-pool2-2.6.0.jar:/home/user/.m2/repository/org/bouncycastle/bcpkix-jdk15on/1.60/bcpkix-jdk15on-1.60.jar:/home/user/.m2/repository/commons-validator/commons-validator/1.6/commons-validator-1.6.jar:/home/user/.m2/repository/commons-digester/commons-digester/1.8.1/commons-digester-1.8.1.jar:/home/user/.m2/repository/io/jaegertracing/jaeger-client/0.33.1/jaeger-client-0.33.1.jar:/home/user/.m2/repository/io/jaegertracing/jaeger-thrift/0.33.1/jaeger-thrift-0.33.1.jar:/home/user/.m2/repository/org/apache/thrift/libthrift/0.11.0/libthrift-0.11.0.jar:/home/user/.m2/repository/com/squareup/okhttp3/okhttp/3.9.0/okhttp-3.9.0.jar:/home/user/.m2/repository/com/squareup/okio/okio/1.13.0/okio-1.13.0.jar:/home/user/.m2/repository/io/jaegertracing/jaeger-core/0.33.1/jaeger-core-0.33.1.jar:/home/user/.m2/repository/io/jaegertracing/jaeger-tracerresolver/0.33.1/jaeger-tracerresolver-0.33.1.jar:/home/user/.m2/repository/io/opentracing/contrib/opentracing-tracerresolver/0.1.5/opentracing-tracerresolver-0.1.5.jar:/home/user/.m2/repository/io/opentracing/opentracing-util/0.31.0/opentracing-util-0.31.0.jar:/home/user/.m2/repository/io/opentracing/opentracing-api/0.31.0/opentracing-api-0.31.0.jar:/home/user/.m2/repository/io/opentracing/opentracing-noop/0.31.0/opentracing-noop-0.31.0.jar:/home/user/.m2/repository/org/yaml/snakeyaml/1.16/snakeyaml-1.16.jar:/home/user/.m2/repository/org/apache/hadoop/hadoop-hdds-container-service/0.5.0-SNAPSHOT/hadoop-hdds-container-service-0.5.0-SNAPSHOT.jar:/home/user/.m2/repository/org/apache/hadoop/hadoop-hdds-client/0.5.0-SNAPSHOT/hadoop-hdds-client-0.5.0-SNAPSHOT.jar:/home/user/.m2/repository/org/apache/hadoop/hadoop-hdds-tools/0.5.0-SNAPSHOT/hadoop-hdds-tools-0.5.0-SNAPSHOT.jar:/home/user/.m2/repository/org/xerial/sqlite-jdbc/3.25.2/sqlite-jdbc-3.25.2.jar:/home/user/.m2/repository/org/apache/hadoop/hadoop-hdds-server-scm/0.5.0-SNAPSHOT/hadoop-hdds-server-scm-0.5.0-SNAPSHOT.jar:/home/user/.m2/repository/org/hamcrest/hamcrest-all/1.3/hamcrest-all-1.3.jar:/home/user/.m2/repository/info/picocli/picocli/3.9.6/picocli-3.9.6.jar:/home/user/.m2/repository/com/google/protobuf/protobuf-java/2.5.0/protobuf-java-2.5.0.jar:/home/user/.m2/repository/com/google/guava/guava/11.0.2/guava-11.0.2.jar:/home/user/.m2/repository/org/apache/hadoop/hadoop-ozone-client/0.5.0-SNAPSHOT/hadoop-ozone-client-0.5.0-SNAPSHOT.jar:/workdir/hadoop-ozone/ozonefs/target/classes:/home/user/.m2/repository/org/apache/hadoop/hadoop-hdds-server-framework/0.5.0-SNAPSHOT/hadoop-hdds-server-framework-0.5.0-SNAPSHOT.jar:/home/user/.m2/repository/org/apache/hadoop/hadoop-common/3.2.0/hadoop-common-3.2.0.jar:/home/user/.m2/repository/org/apache/hadoop/hadoop-annotations/3.2.0/hadoop-annotations-3.2.0.jar:/usr/lib/jvm/java-1.8-openjdk/jre/../lib/tools.jar:/home/user/.m2/repository/commons-cli/commons-cli/1.2/commons-cli-1.2.jar:/home/user/.m2/repository/org/apache/commons/commons-math3/3.1.1/commons-math3-3.1.1.jar:/home/user/.m2/repository/org/apache/httpcomponents/httpclient/4.5.2/httpclient-4.5.2.jar:/home/user/.m2/repository/org/apache/httpcomponents/httpcore/4.4.4/httpcore-4.4.4.jar:/home/user/.m2/repository/commons-codec/commons-codec/1.11/commons-codec-1.11.jar:/home/user/.m2/repository/commons-io/commons-io/2.5/commons-io-2.5.jar:/home/user/.m2/repository/commons-net/commons-net/3.6/commons-net-3.6.jar:/home/user/.m2/repository/commons-collections/commons-collections/3.2.2/commons-collections-3.2.2.jar:/home/user/.m2/repository/javax/servlet/javax.servlet-api/3.1.0/javax.servlet-api-3.1.0.jar:/home/user/.m2/repository/org/eclipse/jetty/jetty-server/9.3.24.v20180605/jetty-server-9.3.24.v20180605.jar:/home/user/.m2/repository/org/eclipse/jetty/jetty-http/9.3.24.v20180605/jetty-http-9.3.24.v20180605.jar:/home/user/.m2/repository/org/eclipse/jetty/jetty-io/9.3.24.v20180605/jetty-io-9.3.24.v20180605.jar:/home/user/.m2/repository/org/eclipse/jetty/jetty-util/9.3.24.v20180605/jetty-util-9.3.24.v20180605.jar:/home/user/.m2/repository/org/eclipse/jetty/jetty-servlet/9.3.24.v20180605/jetty-servlet-9.3.24.v20180605.jar:/home/user/.m2/repository/org/eclipse/jetty/jetty-security/9.3.24.v20180605/jetty-security-9.3.24.v20180605.jar:/home/user/.m2/repository/org/eclipse/jetty/jetty-webapp/9.3.24.v20180605/jetty-webapp-9.3.24.v20180605.jar:/home/user/.m2/repository/org/eclipse/jetty/jetty-xml/9.3.24.v20180605/jetty-xml-9.3.24.v20180605.jar:/home/user/.m2/repository/javax/servlet/jsp/jsp-api/2.1/jsp-api-2.1.jar:/home/user/.m2/repository/com/sun/jersey/jersey-core/1.19/jersey-core-1.19.jar:/home/user/.m2/repository/javax/ws/rs/jsr311-api/1.1.1/jsr311-api-1.1.1.jar:/home/user/.m2/repository/com/sun/jersey/jersey-servlet/1.19/jersey-servlet-1.19.jar:/home/user/.m2/repository/com/sun/jersey/jersey-json/1.19/jersey-json-1.19.jar:/home/user/.m2/repository/org/codehaus/jettison/jettison/1.1/jettison-1.1.jar:/home/user/.m2/repository/com/sun/xml/bind/jaxb-impl/2.3.0.1/jaxb-impl-2.3.0.1.jar:/home/user/.m2/repository/org/codehaus/jackson/jackson-core-asl/1.9.13/jackson-core-asl-1.9.13.jar:/home/user/.m2/repository/org/codehaus/jackson/jackson-mapper-asl/1.9.13/jackson-mapper-asl-1.9.13.jar:/home/user/.m2/repository/org/codehaus/jackson/jackson-jaxrs/1.9.13/jackson-jaxrs-1.9.13.jar:/home/user/.m2/repository/org/codehaus/jackson/jackson-xc/1.9.13/jackson-xc-1.9.13.jar:/home/user/.m2/repository/com/sun/jersey/jersey-server/1.19/jersey-server-1.19.jar:/home/user/.m2/repository/commons-logging/commons-logging/1.1.3/commons-logging-1.1.3.jar:/home/user/.m2/repository/log4j/log4j/1.2.17/log4j-1.2.17.jar:/home/user/.m2/repository/commons-beanutils/commons-beanutils/1.9.3/commons-beanutils-1.9.3.jar:/home/user/.m2/repository/org/apache/commons/commons-configuration2/2.1.1/commons-configuration2-2.1.1.jar:/home/user/.m2/repository/org/apache/commons/commons-lang3/3.7/commons-lang3-3.7.jar:/home/user/.m2/repository/org/apache/commons/commons-text/1.4/commons-text-1.4.jar:/home/user/.m2/repository/org/slf4j/slf4j-api/1.7.25/slf4j-api-1.7.25.jar:/home/user/.m2/repository/org/slf4j/slf4j-log4j12/1.7.25/slf4j-log4j12-1.7.25.jar:/home/user/.m2/repository/org/apache/avro/avro/1.7.7/avro-1.7.7.jar:/home/user/.m2/repository/com/thoughtworks/paranamer/paranamer/2.3/paranamer-2.3.jar:/home/user/.m2/repository/org/xerial/snappy/snappy-java/1.0.5/snappy-java-1.0.5.jar:/home/user/.m2/repository/com/google/re2j/re2j/1.1/re2j-1.1.jar:/home/user/.m2/repository/com/google/code/gson/gson/2.2.4/gson-2.2.4.jar:/home/user/.m2/repository/org/apache/hadoop/hadoop-auth/3.2.0/hadoop-auth-3.2.0.jar:/home/user/.m2/repository/com/nimbusds/nimbus-jose-jwt/4.41.1/nimbus-jose-jwt-4.41.1.jar:/home/user/.m2/repository/com/github/stephenc/jcip/jcip-annotations/1.0-1/jcip-annotations-1.0-1.jar:/home/user/.m2/repository/net/minidev/json-smart/2.3/json-smart-2.3.jar:/home/user/.m2/repository/net/minidev/accessors-smart/1.2/accessors-smart-1.2.jar:/home/user/.m2/repository/org/apache/curator/curator-framework/2.12.0/curator-framework-2.12.0.jar:/home/user/.m2/repository/com/jcraft/jsch/0.1.54/jsch-0.1.54.jar:/home/user/.m2/repository/org/apache/curator/curator-client/2.12.0/curator-client-2.12.0.jar:/home/user/.m2/repository/org/apache/curator/curator-recipes/2.12.0/curator-recipes-2.12.0.jar:/home/user/.m2/repository/com/google/code/findbugs/jsr305/3.0.0/jsr305-3.0.0.jar:/home/user/.m2/repository/org/apache/htrace/htrace-core4/4.1.0-incubating/htrace-core4-4.1.0-incubating.jar:/home/user/.m2/repository/org/apache/zookeeper/zookeeper/3.4.13/zookeeper-3.4.13.jar:/home/user/.m2/repository/org/apache/yetus/audience-annotations/0.5.0/audience-annotations-0.5.0.jar:/home/user/.m2/repository/org/apache/kerby/kerb-simplekdc/1.0.1/kerb-simplekdc-1.0.1.jar:/home/user/.m2/repository/org/apache/kerby/kerb-client/1.0.1/kerb-client-1.0.1.jar:/home/user/.m2/repository/org/apache/kerby/kerby-config/1.0.1/kerby-config-1.0.1.jar:/home/user/.m2/repository/org/apache/kerby/kerb-core/1.0.1/kerb-core-1.0.1.jar:/home/user/.m2/repository/org/apache/kerby/kerby-pkix/1.0.1/kerby-pkix-1.0.1.jar:/home/user/.m2/repository/org/apache/kerby/kerby-asn1/1.0.1/kerby-asn1-1.0.1.jar:/home/user/.m2/repository/org/apache/kerby/kerby-util/1.0.1/kerby-util-1.0.1.jar:/home/user/.m2/repository/org/apache/kerby/kerb-common/1.0.1/kerb-common-1.0.1.jar:/home/user/.m2/repository/org/apache/kerby/kerb-crypto/1.0.1/kerb-crypto-1.0.1.jar:/home/user/.m2/repository/org/apache/kerby/kerb-util/1.0.1/kerb-util-1.0.1.jar:/home/user/.m2/repository/org/apache/kerby/token-provider/1.0.1/token-provider-1.0.1.jar:/home/user/.m2/repository/org/apache/kerby/kerb-admin/1.0.1/kerb-admin-1.0.1.jar:/home/user/.m2/repository/org/apache/kerby/kerb-server/1.0.1/kerb-server-1.0.1.jar:/home/user/.m2/repository/org/apache/kerby/kerb-identity/1.0.1/kerb-identity-1.0.1.jar:/home/user/.m2/repository/org/apache/kerby/kerby-xdr/1.0.1/kerby-xdr-1.0.1.jar:/home/user/.m2/repository/com/fasterxml/jackson/core/jackson-databind/2.9.5/jackson-databind-2.9.5.jar:/home/user/.m2/repository/com/fasterxml/jackson/core/jackson-core/2.9.5/jackson-core-2.9.5.jar:/home/user/.m2/repository/org/codehaus/woodstox/stax2-api/3.1.4/stax2-api-3.1.4.jar:/home/user/.m2/repository/com/fasterxml/woodstox/woodstox-core/5.0.3/woodstox-core-5.0.3.jar:/home/user/.m2/repository/dnsjava/dnsjava/2.1.7/dnsjava-2.1.7.jar:/home/user/.m2/repository/org/apache/hadoop/hadoop-hdfs/3.2.0/hadoop-hdfs-3.2.0.jar:/home/user/.m2/repository/org/eclipse/jetty/jetty-util-ajax/9.3.24.v20180605/jetty-util-ajax-9.3.24.v20180605.jar:/home/user/.m2/repository/commons-daemon/commons-daemon/1.0.13/commons-daemon-1.0.13.jar:/home/user/.m2/repository/io/netty/netty/3.10.5.Final/netty-3.10.5.Final.jar:/home/user/.m2/repository/io/netty/netty-all/4.0.52.Final/netty-all-4.0.52.Final.jar:/home/user/.m2/repository/org/fusesource/leveldbjni/leveldbjni-all/1.8/leveldbjni-all-1.8.jar:/home/user/.m2/repository/com/sun/xml/bind/jaxb-core/2.3.0.1/jaxb-core-2.3.0.1.jar:/home/user/.m2/repository/javax/xml/bind/jaxb-api/2.3.0/jaxb-api-2.3.0.jar:/home/user/.m2/repository/javax/activation/activation/1.1.1/activation-1.1.1.jar:/home/user/.m2/repository/io/dropwizard/metrics/metrics-core/3.2.4/metrics-core-3.2.4.jar:/home/user/.m2/repository/org/openjdk/jmh/jmh-core/1.19/jmh-core-1.19.jar:/home/user/.m2/repository/net/sf/jopt-simple/jopt-simple/4.6/jopt-simple-4.6.jar:/home/user/.m2/repository/org/openjdk/jmh/jmh-generator-annprocess/1.19/jmh-generator-annprocess-1.19.jar:/home/user/.m2/repository/com/google/code/findbugs/findbugs/3.0.1/findbugs-3.0.1.jar:/home/user/.m2/repository/net/jcip/jcip-annotations/1.0/jcip-annotations-1.0.jar:/home/user/.m2/repository/com/google/code/findbugs/bcel-findbugs/6.0/bcel-findbugs-6.0.jar:/home/user/.m2/repository/com/google/code/findbugs/jFormatString/2.0.1/jFormatString-2.0.1.jar:/home/user/.m2/repository/dom4j/dom4j/1.6.1/dom4j-1.6.1.jar:/home/user/.m2/repository/xml-apis/xml-apis/1.0.b2/xml-apis-1.0.b2.jar:/home/user/.m2/repository/org/ow2/asm/asm-debug-all/5.0.2/asm-debug-all-5.0.2.jar:/home/user/.m2/repository/org/ow2/asm/asm-commons/5.0.2/asm-commons-5.0.2.jar:/home/user/.m2/repository/org/ow2/asm/asm-tree/5.0.2/asm-tree-5.0.2.jar:/home/user/.m2/repository/org/ow2/asm/asm/5.0.4/asm-5.0.4.jar:/home/user/.m2/repository/commons-lang/commons-lang/2.6/commons-lang-2.6.jar:/home/user/.m2/repository/com/apple/AppleJavaExtensions/1.4/AppleJavaExtensions-1.4.jar:/home/user/.m2/repository/jaxen/jaxen/1.1.6/jaxen-1.1.6.jar:/home/user/.m2/repository/junit/junit/4.11/junit-4.11.jar:/home/user/.m2/repository/org/hamcrest/hamcrest-core/1.3/hamcrest-core-1.3.jar:/home/user/.m2/repository/org/apache/hadoop/hadoop-common/3.2.0/hadoop-common-3.2.0-tests.jar:/workdir/hadoop-ozone/integration-test/target/test-classes:/home/user/.m2/repository/org/apache/hadoop/hadoop-ozone-objectstore-service/0.5.0-SNAPSHOT/hadoop-ozone-objectstore-service-0.5.0-SNAPSHOT.jar:/home/user/.m2/repository/org/apache/hadoop/hadoop-ozone-s3gateway/0.5.0-SNAPSHOT/hadoop-ozone-s3gateway-0.5.0-SNAPSHOT.jar:/home/user/.m2/repository/org/jboss/weld/servlet/weld-servlet/2.4.7.Final/weld-servlet-2.4.7.Final.jar:/home/user/.m2/repository/org/glassfish/jersey/containers/jersey-container-servlet-core/2.27/jersey-container-servlet-core-2.27.jar:/home/user/.m2/repository/org/glassfish/hk2/external/javax.inject/2.5.0-b42/javax.inject-2.5.0-b42.jar:/home/user/.m2/repository/org/glassfish/jersey/core/jersey-common/2.27/jersey-common-2.27.jar:/home/user/.m2/repository/org/glassfish/hk2/osgi-resource-locator/1.0.1/osgi-resource-locator-1.0.1.jar:/home/user/.m2/repository/javax/ws/rs/javax.ws.rs-api/2.1/javax.ws.rs-api-2.1.jar:/home/user/.m2/repository/org/glassfish/jersey/ext/cdi/jersey-cdi1x/2.27/jersey-cdi1x-2.27.jar:/home/user/.m2/repository/org/glassfish/jersey/inject/jersey-hk2/2.27/jersey-hk2-2.27.jar:/home/user/.m2/repository/org/glassfish/hk2/hk2-locator/2.5.0-b42/hk2-locator-2.5.0-b42.jar:/home/user/.m2/repository/org/javassist/javassist/3.22.0-CR2/javassist-3.22.0-CR2.jar:/home/user/.m2/repository/org/glassfish/hk2/hk2-api/2.5.0/hk2-api-2.5.0.jar:/home/user/.m2/repository/org/glassfish/hk2/external/jakarta.inject/2.5.0/jakarta.inject-2.5.0.jar:/home/user/.m2/repository/org/glassfish/hk2/hk2-utils/2.5.0/hk2-utils-2.5.0.jar:/home/user/.m2/repository/jakarta/annotation/jakarta.annotation-api/1.3.4/jakarta.annotation-api-1.3.4.jar:/home/user/.m2/repository/org/glassfish/hk2/external/aopalliance-repackaged/2.5.0/aopalliance-repackaged-2.5.0.jar:/home/user/.m2/repository/com/fasterxml/jackson/dataformat/jackson-dataformat-xml/2.9.0/jackson-dataformat-xml-2.9.0.jar:/home/user/.m2/repository/com/fasterxml/jackson/module/jackson-module-jaxb-annotations/2.9.5/jackson-module-jaxb-annotations-2.9.5.jar:/home/user/.m2/repository/javax/enterprise/cdi-api/1.2/cdi-api-1.2.jar:/home/user/.m2/repository/javax/el/javax.el-api/3.0.0/javax.el-api-3.0.0.jar:/home/user/.m2/repository/javax/interceptor/javax.interceptor-api/1.2/javax.interceptor-api-1.2.jar:/home/user/.m2/repository/javax/inject/javax.inject/1/javax.inject-1.jar:/home/user/.m2/repository/org/apache/hadoop/hadoop-ozone-csi/0.5.0-SNAPSHOT/hadoop-ozone-csi-0.5.0-SNAPSHOT.jar:/home/user/.m2/repository/com/google/protobuf/protobuf-java-util/3.5.1/protobuf-java-util-3.5.1.jar:/home/user/.m2/repository/io/grpc/grpc-netty/1.17.1/grpc-netty-1.17.1.jar:/home/user/.m2/repository/io/grpc/grpc-core/1.17.1/grpc-core-1.17.1.jar:/home/user/.m2/repository/io/grpc/grpc-context/1.17.1/grpc-context-1.17.1.jar:/home/user/.m2/repository/com/google/errorprone/error_prone_annotations/2.2.0/error_prone_annotations-2.2.0.jar:/home/user/.m2/repository/org/codehaus/mojo/animal-sniffer-annotations/1.17/animal-sniffer-annotations-1.17.jar:/home/user/.m2/repository/io/opencensus/opencensus-api/0.17.0/opencensus-api-0.17.0.jar:/home/user/.m2/repository/io/opencensus/opencensus-contrib-grpc-metrics/0.17.0/opencensus-contrib-grpc-metrics-0.17.0.jar:/home/user/.m2/repository/io/netty/netty-codec-http2/4.1.30.Final/netty-codec-http2-4.1.30.Final.jar:/home/user/.m2/repository/io/netty/netty-codec-http/4.1.30.Final/netty-codec-http-4.1.30.Final.jar:/home/user/.m2/repository/io/netty/netty-codec/4.1.30.Final/netty-codec-4.1.30.Final.jar:/home/user/.m2/repository/io/netty/netty-handler/4.1.30.Final/netty-handler-4.1.30.Final.jar:/home/user/.m2/repository/io/netty/netty-handler-proxy/4.1.30.Final/netty-handler-proxy-4.1.30.Final.jar:/home/user/.m2/repository/io/netty/netty-codec-socks/4.1.30.Final/netty-codec-socks-4.1.30.Final.jar:/home/user/.m2/repository/io/netty/netty-transport-native-epoll/4.1.30.Final/netty-transport-native-epoll-4.1.30.Final.jar:/home/user/.m2/repository/io/netty/netty-common/4.1.30.Final/netty-common-4.1.30.Final.jar:/home/user/.m2/repository/io/netty/netty-buffer/4.1.30.Final/netty-buffer-4.1.30.Final.jar:/home/user/.m2/repository/io/netty/netty-transport/4.1.30.Final/netty-transport-4.1.30.Final.jar:/home/user/.m2/repository/io/netty/netty-resolver/4.1.30.Final/netty-resolver-4.1.30.Final.jar:/home/user/.m2/repository/io/netty/netty-transport-native-unix-common/4.1.30.Final/netty-transport-native-unix-common-4.1.30.Final.jar:/home/user/.m2/repository/io/grpc/grpc-protobuf/1.17.1/grpc-protobuf-1.17.1.jar:/home/user/.m2/repository/com/google/api/grpc/proto-google-common-protos/1.0.0/proto-google-common-protos-1.0.0.jar:/home/user/.m2/repository/io/grpc/grpc-protobuf-lite/1.17.1/grpc-protobuf-lite-1.17.1.jar:/home/user/.m2/repository/io/grpc/grpc-stub/1.17.1/grpc-stub-1.17.1.jar:/home/user/.m2/repository/org/apache/hadoop/hadoop-ozone-recon/0.5.0-SNAPSHOT/hadoop-ozone-recon-0.5.0-SNAPSHOT.jar:/home/user/.m2/repository/org/apache/hadoop/hadoop-ozone-reconcodegen/0.5.0-SNAPSHOT/hadoop-ozone-reconcodegen-0.5.0-SNAPSHOT.jar:/home/user/.m2/repository/com/google/inject/extensions/guice-multibindings/4.0/guice-multibindings-4.0.jar:/home/user/.m2/repository/com/google/inject/guice/4.0/guice-4.0.jar:/home/user/.m2/repository/aopalliance/aopalliance/1.0/aopalliance-1.0.jar:/home/user/.m2/repository/com/google/inject/extensions/guice-servlet/4.0/guice-servlet-4.0.jar:/home/user/.m2/repository/org/glassfish/jersey/containers/jersey-container-servlet/2.27/jersey-container-servlet-2.27.jar:/home/user/.m2/repository/org/glassfish/hk2/guice-bridge/2.5.0/guice-bridge-2.5.0.jar:/home/user/.m2/repository/org/glassfish/jersey/core/jersey-server/2.27/jersey-server-2.27.jar:/home/user/.m2/repository/org/glassfish/jersey/core/jersey-client/2.27/jersey-client-2.27.jar:/home/user/.m2/repository/org/glassfish/jersey/media/jersey-media-jaxb/2.27/jersey-media-jaxb-2.27.jar:/home/user/.m2/repository/javax/validation/validation-api/1.1.0.Final/validation-api-1.1.0.Final.jar:/home/user/.m2/repository/org/glassfish/jersey/media/jersey-media-json-jackson/2.27/jersey-media-json-jackson-2.27.jar:/home/user/.m2/repository/org/glassfish/jersey/ext/jersey-entity-filtering/2.27/jersey-entity-filtering-2.27.jar:/home/user/.m2/repository/com/google/inject/extensions/guice-assistedinject/4.0/guice-assistedinject-4.0.jar:/home/user/.m2/repository/org/jooq/jooq/3.11.10/jooq-3.11.10.jar:/home/user/.m2/repository/org/jooq/jooq-meta/3.11.10/jooq-meta-3.11.10.jar:/home/user/.m2/repository/org/jooq/jooq-codegen/3.11.10/jooq-codegen-3.11.10.jar:/home/user/.m2/repository/com/jolbox/bonecp/0.8.0.RELEASE/bonecp-0.8.0.RELEASE.jar:/home/user/.m2/repository/org/springframework/spring-jdbc/5.1.3.RELEASE/spring-jdbc-5.1.3.RELEASE.jar:/home/user/.m2/repository/org/springframework/spring-beans/5.1.3.RELEASE/spring-beans-5.1.3.RELEASE.jar:/home/user/.m2/repository/org/springframework/spring-core/5.1.3.RELEASE/spring-core-5.1.3.RELEASE.jar:/home/user/.m2/repository/org/springframework/spring-jcl/5.1.3.RELEASE/spring-jcl-5.1.3.RELEASE.jar:/home/user/.m2/repository/org/springframework/spring-tx/5.1.3.RELEASE/spring-tx-5.1.3.RELEASE.jar:/home/user/.m2/repository/org/mockito/mockito-core/2.15.0/mockito-core-2.15.0.jar:/home/user/.m2/repository/net/bytebuddy/byte-buddy/1.7.9/byte-buddy-1.7.9.jar:/home/user/.m2/repository/net/bytebuddy/byte-buddy-agent/1.7.9/byte-buddy-agent-1.7.9.jar:/home/user/.m2/repository/org/objenesis/objenesis/1.0/objenesis-1.0.jar:"/>
    <property name="java.vm.vendor" value="IcedTea"/>
    <property name="sun.arch.data.model" value="64"/>
    <property name="test.build.dir" value="/workdir/hadoop-ozone/tools/target/test-dir"/>
    <property name="test.cache.data" value=""/>
    <property name="java.vendor.url" value="https://icedtea.classpath.org"/>
    <property name="user.timezone" value=""/>
    <property name="java.vm.specification.version" value="1.8"/>
    <property name="os.name" value="Linux"/>
    <property name="test.build.data" value="/workdir/hadoop-ozone/tools/target/test-dir"/>
    <property name="user.country" value="US"/>
    <property name="sun.java.launcher" value="SUN_STANDARD"/>
    <property name="sun.boot.library.path" value="/usr/lib/jvm/java-1.8-openjdk/jre/lib/amd64"/>
    <property name="sun.java.command" value="/workdir/hadoop-ozone/tools/target/surefire/surefirebooter8491886548892131073.jar /workdir/hadoop-ozone/tools/target/surefire 2019-09-20T08-06-11_675-jvmRun1 surefire8145997051661931425tmp surefire_1208028850381314476085tmp"/>
    <property name="test" value="!TestMiniChaosOzoneCluster"/>
    <property name="surefire.test.class.path" value="/workdir/hadoop-ozone/tools/target/test-classes:/workdir/hadoop-ozone/tools/target/classes:/home/user/.m2/repository/org/apache/hadoop/hadoop-ozone-ozone-manager/0.5.0-SNAPSHOT/hadoop-ozone-ozone-manager-0.5.0-SNAPSHOT.jar:/home/user/.m2/repository/org/apache/hadoop/hadoop-hdds-docs/0.5.0-SNAPSHOT/hadoop-hdds-docs-0.5.0-SNAPSHOT.jar:/home/user/.m2/repository/org/bouncycastle/bcprov-jdk15on/1.60/bcprov-jdk15on-1.60.jar:/home/user/.m2/repository/org/apache/hadoop/hadoop-ozone-common/0.5.0-SNAPSHOT/hadoop-ozone-common-0.5.0-SNAPSHOT.jar:/home/user/.m2/repository/org/apache/commons/commons-compress/1.4.1/commons-compress-1.4.1.jar:/home/user/.m2/repository/org/tukaani/xz/1.0/xz-1.0.jar:/home/user/.m2/repository/org/apache/hadoop/hadoop-hdfs-client/3.2.0/hadoop-hdfs-client-3.2.0.jar:/home/user/.m2/repository/com/fasterxml/jackson/core/jackson-annotations/2.9.5/jackson-annotations-2.9.5.jar:/home/user/.m2/repository/org/apache/hadoop/hadoop-hdds-common/0.5.0-SNAPSHOT/hadoop-hdds-common-0.5.0-SNAPSHOT.jar:/home/user/.m2/repository/org/apache/hadoop/hadoop-hdds-config/0.5.0-SNAPSHOT/hadoop-hdds-config-0.5.0-SNAPSHOT.jar:/home/user/.m2/repository/javax/annotation/javax.annotation-api/1.2/javax.annotation-api-1.2.jar:/home/user/.m2/repository/org/apache/ratis/ratis-server/0.4.0-2337318-SNAPSHOT/ratis-server-0.4.0-2337318-SNAPSHOT.jar:/home/user/.m2/repository/org/apache/ratis/ratis-thirdparty-misc/0.2.0/ratis-thirdparty-misc-0.2.0.jar:/home/user/.m2/repository/org/apache/ratis/ratis-proto/0.4.0-2337318-SNAPSHOT/ratis-proto-0.4.0-2337318-SNAPSHOT.jar:/home/user/.m2/repository/org/apache/ratis/ratis-common/0.4.0-2337318-SNAPSHOT/ratis-common-0.4.0-2337318-SNAPSHOT.jar:/home/user/.m2/repository/org/apache/ratis/ratis-client/0.4.0-2337318-SNAPSHOT/ratis-client-0.4.0-2337318-SNAPSHOT.jar:/home/user/.m2/repository/org/apache/ratis/ratis-metrics/0.4.0-2337318-SNAPSHOT/ratis-metrics-0.4.0-2337318-SNAPSHOT.jar:/home/user/.m2/repository/org/apache/ratis/ratis-netty/0.4.0-2337318-SNAPSHOT/ratis-netty-0.4.0-2337318-SNAPSHOT.jar:/home/user/.m2/repository/org/apache/ratis/ratis-grpc/0.4.0-2337318-SNAPSHOT/ratis-grpc-0.4.0-2337318-SNAPSHOT.jar:/home/user/.m2/repository/org/rocksdb/rocksdbjni/6.0.1/rocksdbjni-6.0.1.jar:/home/user/.m2/repository/org/apache/logging/log4j/log4j-api/2.11.0/log4j-api-2.11.0.jar:/home/user/.m2/repository/org/apache/logging/log4j/log4j-core/2.11.0/log4j-core-2.11.0.jar:/home/user/.m2/repository/com/lmax/disruptor/3.4.2/disruptor-3.4.2.jar:/home/user/.m2/repository/org/apache/commons/commons-pool2/2.6.0/commons-pool2-2.6.0.jar:/home/user/.m2/repository/org/bouncycastle/bcpkix-jdk15on/1.60/bcpkix-jdk15on-1.60.jar:/home/user/.m2/repository/commons-validator/commons-validator/1.6/commons-validator-1.6.jar:/home/user/.m2/repository/commons-digester/commons-digester/1.8.1/commons-digester-1.8.1.jar:/home/user/.m2/repository/io/jaegertracing/jaeger-client/0.33.1/jaeger-client-0.33.1.jar:/home/user/.m2/repository/io/jaegertracing/jaeger-thrift/0.33.1/jaeger-thrift-0.33.1.jar:/home/user/.m2/repository/org/apache/thrift/libthrift/0.11.0/libthrift-0.11.0.jar:/home/user/.m2/repository/com/squareup/okhttp3/okhttp/3.9.0/okhttp-3.9.0.jar:/home/user/.m2/repository/com/squareup/okio/okio/1.13.0/okio-1.13.0.jar:/home/user/.m2/repository/io/jaegertracing/jaeger-core/0.33.1/jaeger-core-0.33.1.jar:/home/user/.m2/repository/io/jaegertracing/jaeger-tracerresolver/0.33.1/jaeger-tracerresolver-0.33.1.jar:/home/user/.m2/repository/io/opentracing/contrib/opentracing-tracerresolver/0.1.5/opentracing-tracerresolver-0.1.5.jar:/home/user/.m2/repository/io/opentracing/opentracing-util/0.31.0/opentracing-util-0.31.0.jar:/home/user/.m2/repository/io/opentracing/opentracing-api/0.31.0/opentracing-api-0.31.0.jar:/home/user/.m2/repository/io/opentracing/opentracing-noop/0.31.0/opentracing-noop-0.31.0.jar:/home/user/.m2/repository/org/yaml/snakeyaml/1.16/snakeyaml-1.16.jar:/home/user/.m2/repository/org/apache/hadoop/hadoop-hdds-container-service/0.5.0-SNAPSHOT/hadoop-hdds-container-service-0.5.0-SNAPSHOT.jar:/home/user/.m2/repository/org/apache/hadoop/hadoop-hdds-client/0.5.0-SNAPSHOT/hadoop-hdds-client-0.5.0-SNAPSHOT.jar:/home/user/.m2/repository/org/apache/hadoop/hadoop-hdds-tools/0.5.0-SNAPSHOT/hadoop-hdds-tools-0.5.0-SNAPSHOT.jar:/home/user/.m2/repository/org/xerial/sqlite-jdbc/3.25.2/sqlite-jdbc-3.25.2.jar:/home/user/.m2/repository/org/apache/hadoop/hadoop-hdds-server-scm/0.5.0-SNAPSHOT/hadoop-hdds-server-scm-0.5.0-SNAPSHOT.jar:/home/user/.m2/repository/org/hamcrest/hamcrest-all/1.3/hamcrest-all-1.3.jar:/home/user/.m2/repository/info/picocli/picocli/3.9.6/picocli-3.9.6.jar:/home/user/.m2/repository/com/google/protobuf/protobuf-java/2.5.0/protobuf-java-2.5.0.jar:/home/user/.m2/repository/com/google/guava/guava/11.0.2/guava-11.0.2.jar:/home/user/.m2/repository/org/apache/hadoop/hadoop-ozone-client/0.5.0-SNAPSHOT/hadoop-ozone-client-0.5.0-SNAPSHOT.jar:/workdir/hadoop-ozone/ozonefs/target/classes:/home/user/.m2/repository/org/apache/hadoop/hadoop-hdds-server-framework/0.5.0-SNAPSHOT/hadoop-hdds-server-framework-0.5.0-SNAPSHOT.jar:/home/user/.m2/repository/org/apache/hadoop/hadoop-common/3.2.0/hadoop-common-3.2.0.jar:/home/user/.m2/repository/org/apache/hadoop/hadoop-annotations/3.2.0/hadoop-annotations-3.2.0.jar:/usr/lib/jvm/java-1.8-openjdk/jre/../lib/tools.jar:/home/user/.m2/repository/commons-cli/commons-cli/1.2/commons-cli-1.2.jar:/home/user/.m2/repository/org/apache/commons/commons-math3/3.1.1/commons-math3-3.1.1.jar:/home/user/.m2/repository/org/apache/httpcomponents/httpclient/4.5.2/httpclient-4.5.2.jar:/home/user/.m2/repository/org/apache/httpcomponents/httpcore/4.4.4/httpcore-4.4.4.jar:/home/user/.m2/repository/commons-codec/commons-codec/1.11/commons-codec-1.11.jar:/home/user/.m2/repository/commons-io/commons-io/2.5/commons-io-2.5.jar:/home/user/.m2/repository/commons-net/commons-net/3.6/commons-net-3.6.jar:/home/user/.m2/repository/commons-collections/commons-collections/3.2.2/commons-collections-3.2.2.jar:/home/user/.m2/repository/javax/servlet/javax.servlet-api/3.1.0/javax.servlet-api-3.1.0.jar:/home/user/.m2/repository/org/eclipse/jetty/jetty-server/9.3.24.v20180605/jetty-server-9.3.24.v20180605.jar:/home/user/.m2/repository/org/eclipse/jetty/jetty-http/9.3.24.v20180605/jetty-http-9.3.24.v20180605.jar:/home/user/.m2/repository/org/eclipse/jetty/jetty-io/9.3.24.v20180605/jetty-io-9.3.24.v20180605.jar:/home/user/.m2/repository/org/eclipse/jetty/jetty-util/9.3.24.v20180605/jetty-util-9.3.24.v20180605.jar:/home/user/.m2/repository/org/eclipse/jetty/jetty-servlet/9.3.24.v20180605/jetty-servlet-9.3.24.v20180605.jar:/home/user/.m2/repository/org/eclipse/jetty/jetty-security/9.3.24.v20180605/jetty-security-9.3.24.v20180605.jar:/home/user/.m2/repository/org/eclipse/jetty/jetty-webapp/9.3.24.v20180605/jetty-webapp-9.3.24.v20180605.jar:/home/user/.m2/repository/org/eclipse/jetty/jetty-xml/9.3.24.v20180605/jetty-xml-9.3.24.v20180605.jar:/home/user/.m2/repository/javax/servlet/jsp/jsp-api/2.1/jsp-api-2.1.jar:/home/user/.m2/repository/com/sun/jersey/jersey-core/1.19/jersey-core-1.19.jar:/home/user/.m2/repository/javax/ws/rs/jsr311-api/1.1.1/jsr311-api-1.1.1.jar:/home/user/.m2/repository/com/sun/jersey/jersey-servlet/1.19/jersey-servlet-1.19.jar:/home/user/.m2/repository/com/sun/jersey/jersey-json/1.19/jersey-json-1.19.jar:/home/user/.m2/repository/org/codehaus/jettison/jettison/1.1/jettison-1.1.jar:/home/user/.m2/repository/com/sun/xml/bind/jaxb-impl/2.3.0.1/jaxb-impl-2.3.0.1.jar:/home/user/.m2/repository/org/codehaus/jackson/jackson-core-asl/1.9.13/jackson-core-asl-1.9.13.jar:/home/user/.m2/repository/org/codehaus/jackson/jackson-mapper-asl/1.9.13/jackson-mapper-asl-1.9.13.jar:/home/user/.m2/repository/org/codehaus/jackson/jackson-jaxrs/1.9.13/jackson-jaxrs-1.9.13.jar:/home/user/.m2/repository/org/codehaus/jackson/jackson-xc/1.9.13/jackson-xc-1.9.13.jar:/home/user/.m2/repository/com/sun/jersey/jersey-server/1.19/jersey-server-1.19.jar:/home/user/.m2/repository/commons-logging/commons-logging/1.1.3/commons-logging-1.1.3.jar:/home/user/.m2/repository/log4j/log4j/1.2.17/log4j-1.2.17.jar:/home/user/.m2/repository/commons-beanutils/commons-beanutils/1.9.3/commons-beanutils-1.9.3.jar:/home/user/.m2/repository/org/apache/commons/commons-configuration2/2.1.1/commons-configuration2-2.1.1.jar:/home/user/.m2/repository/org/apache/commons/commons-lang3/3.7/commons-lang3-3.7.jar:/home/user/.m2/repository/org/apache/commons/commons-text/1.4/commons-text-1.4.jar:/home/user/.m2/repository/org/slf4j/slf4j-api/1.7.25/slf4j-api-1.7.25.jar:/home/user/.m2/repository/org/slf4j/slf4j-log4j12/1.7.25/slf4j-log4j12-1.7.25.jar:/home/user/.m2/repository/org/apache/avro/avro/1.7.7/avro-1.7.7.jar:/home/user/.m2/repository/com/thoughtworks/paranamer/paranamer/2.3/paranamer-2.3.jar:/home/user/.m2/repository/org/xerial/snappy/snappy-java/1.0.5/snappy-java-1.0.5.jar:/home/user/.m2/repository/com/google/re2j/re2j/1.1/re2j-1.1.jar:/home/user/.m2/repository/com/google/code/gson/gson/2.2.4/gson-2.2.4.jar:/home/user/.m2/repository/org/apache/hadoop/hadoop-auth/3.2.0/hadoop-auth-3.2.0.jar:/home/user/.m2/repository/com/nimbusds/nimbus-jose-jwt/4.41.1/nimbus-jose-jwt-4.41.1.jar:/home/user/.m2/repository/com/github/stephenc/jcip/jcip-annotations/1.0-1/jcip-annotations-1.0-1.jar:/home/user/.m2/repository/net/minidev/json-smart/2.3/json-smart-2.3.jar:/home/user/.m2/repository/net/minidev/accessors-smart/1.2/accessors-smart-1.2.jar:/home/user/.m2/repository/org/apache/curator/curator-framework/2.12.0/curator-framework-2.12.0.jar:/home/user/.m2/repository/com/jcraft/jsch/0.1.54/jsch-0.1.54.jar:/home/user/.m2/repository/org/apache/curator/curator-client/2.12.0/curator-client-2.12.0.jar:/home/user/.m2/repository/org/apache/curator/curator-recipes/2.12.0/curator-recipes-2.12.0.jar:/home/user/.m2/repository/com/google/code/findbugs/jsr305/3.0.0/jsr305-3.0.0.jar:/home/user/.m2/repository/org/apache/htrace/htrace-core4/4.1.0-incubating/htrace-core4-4.1.0-incubating.jar:/home/user/.m2/repository/org/apache/zookeeper/zookeeper/3.4.13/zookeeper-3.4.13.jar:/home/user/.m2/repository/org/apache/yetus/audience-annotations/0.5.0/audience-annotations-0.5.0.jar:/home/user/.m2/repository/org/apache/kerby/kerb-simplekdc/1.0.1/kerb-simplekdc-1.0.1.jar:/home/user/.m2/repository/org/apache/kerby/kerb-client/1.0.1/kerb-client-1.0.1.jar:/home/user/.m2/repository/org/apache/kerby/kerby-config/1.0.1/kerby-config-1.0.1.jar:/home/user/.m2/repository/org/apache/kerby/kerb-core/1.0.1/kerb-core-1.0.1.jar:/home/user/.m2/repository/org/apache/kerby/kerby-pkix/1.0.1/kerby-pkix-1.0.1.jar:/home/user/.m2/repository/org/apache/kerby/kerby-asn1/1.0.1/kerby-asn1-1.0.1.jar:/home/user/.m2/repository/org/apache/kerby/kerby-util/1.0.1/kerby-util-1.0.1.jar:/home/user/.m2/repository/org/apache/kerby/kerb-common/1.0.1/kerb-common-1.0.1.jar:/home/user/.m2/repository/org/apache/kerby/kerb-crypto/1.0.1/kerb-crypto-1.0.1.jar:/home/user/.m2/repository/org/apache/kerby/kerb-util/1.0.1/kerb-util-1.0.1.jar:/home/user/.m2/repository/org/apache/kerby/token-provider/1.0.1/token-provider-1.0.1.jar:/home/user/.m2/repository/org/apache/kerby/kerb-admin/1.0.1/kerb-admin-1.0.1.jar:/home/user/.m2/repository/org/apache/kerby/kerb-server/1.0.1/kerb-server-1.0.1.jar:/home/user/.m2/repository/org/apache/kerby/kerb-identity/1.0.1/kerb-identity-1.0.1.jar:/home/user/.m2/repository/org/apache/kerby/kerby-xdr/1.0.1/kerby-xdr-1.0.1.jar:/home/user/.m2/repository/com/fasterxml/jackson/core/jackson-databind/2.9.5/jackson-databind-2.9.5.jar:/home/user/.m2/repository/com/fasterxml/jackson/core/jackson-core/2.9.5/jackson-core-2.9.5.jar:/home/user/.m2/repository/org/codehaus/woodstox/stax2-api/3.1.4/stax2-api-3.1.4.jar:/home/user/.m2/repository/com/fasterxml/woodstox/woodstox-core/5.0.3/woodstox-core-5.0.3.jar:/home/user/.m2/repository/dnsjava/dnsjava/2.1.7/dnsjava-2.1.7.jar:/home/user/.m2/repository/org/apache/hadoop/hadoop-hdfs/3.2.0/hadoop-hdfs-3.2.0.jar:/home/user/.m2/repository/org/eclipse/jetty/jetty-util-ajax/9.3.24.v20180605/jetty-util-ajax-9.3.24.v20180605.jar:/home/user/.m2/repository/commons-daemon/commons-daemon/1.0.13/commons-daemon-1.0.13.jar:/home/user/.m2/repository/io/netty/netty/3.10.5.Final/netty-3.10.5.Final.jar:/home/user/.m2/repository/io/netty/netty-all/4.0.52.Final/netty-all-4.0.52.Final.jar:/home/user/.m2/repository/org/fusesource/leveldbjni/leveldbjni-all/1.8/leveldbjni-all-1.8.jar:/home/user/.m2/repository/com/sun/xml/bind/jaxb-core/2.3.0.1/jaxb-core-2.3.0.1.jar:/home/user/.m2/repository/javax/xml/bind/jaxb-api/2.3.0/jaxb-api-2.3.0.jar:/home/user/.m2/repository/javax/activation/activation/1.1.1/activation-1.1.1.jar:/home/user/.m2/repository/io/dropwizard/metrics/metrics-core/3.2.4/metrics-core-3.2.4.jar:/home/user/.m2/repository/org/openjdk/jmh/jmh-core/1.19/jmh-core-1.19.jar:/home/user/.m2/repository/net/sf/jopt-simple/jopt-simple/4.6/jopt-simple-4.6.jar:/home/user/.m2/repository/org/openjdk/jmh/jmh-generator-annprocess/1.19/jmh-generator-annprocess-1.19.jar:/home/user/.m2/repository/com/google/code/findbugs/findbugs/3.0.1/findbugs-3.0.1.jar:/home/user/.m2/repository/net/jcip/jcip-annotations/1.0/jcip-annotations-1.0.jar:/home/user/.m2/repository/com/google/code/findbugs/bcel-findbugs/6.0/bcel-findbugs-6.0.jar:/home/user/.m2/repository/com/google/code/findbugs/jFormatString/2.0.1/jFormatString-2.0.1.jar:/home/user/.m2/repository/dom4j/dom4j/1.6.1/dom4j-1.6.1.jar:/home/user/.m2/repository/xml-apis/xml-apis/1.0.b2/xml-apis-1.0.b2.jar:/home/user/.m2/repository/org/ow2/asm/asm-debug-all/5.0.2/asm-debug-all-5.0.2.jar:/home/user/.m2/repository/org/ow2/asm/asm-commons/5.0.2/asm-commons-5.0.2.jar:/home/user/.m2/repository/org/ow2/asm/asm-tree/5.0.2/asm-tree-5.0.2.jar:/home/user/.m2/repository/org/ow2/asm/asm/5.0.4/asm-5.0.4.jar:/home/user/.m2/repository/commons-lang/commons-lang/2.6/commons-lang-2.6.jar:/home/user/.m2/repository/com/apple/AppleJavaExtensions/1.4/AppleJavaExtensions-1.4.jar:/home/user/.m2/repository/jaxen/jaxen/1.1.6/jaxen-1.1.6.jar:/home/user/.m2/repository/junit/junit/4.11/junit-4.11.jar:/home/user/.m2/repository/org/hamcrest/hamcrest-core/1.3/hamcrest-core-1.3.jar:/home/user/.m2/repository/org/apache/hadoop/hadoop-common/3.2.0/hadoop-common-3.2.0-tests.jar:/workdir/hadoop-ozone/integration-test/target/test-classes:/home/user/.m2/repository/org/apache/hadoop/hadoop-ozone-objectstore-service/0.5.0-SNAPSHOT/hadoop-ozone-objectstore-service-0.5.0-SNAPSHOT.jar:/home/user/.m2/repository/org/apache/hadoop/hadoop-ozone-s3gateway/0.5.0-SNAPSHOT/hadoop-ozone-s3gateway-0.5.0-SNAPSHOT.jar:/home/user/.m2/repository/org/jboss/weld/servlet/weld-servlet/2.4.7.Final/weld-servlet-2.4.7.Final.jar:/home/user/.m2/repository/org/glassfish/jersey/containers/jersey-container-servlet-core/2.27/jersey-container-servlet-core-2.27.jar:/home/user/.m2/repository/org/glassfish/hk2/external/javax.inject/2.5.0-b42/javax.inject-2.5.0-b42.jar:/home/user/.m2/repository/org/glassfish/jersey/core/jersey-common/2.27/jersey-common-2.27.jar:/home/user/.m2/repository/org/glassfish/hk2/osgi-resource-locator/1.0.1/osgi-resource-locator-1.0.1.jar:/home/user/.m2/repository/javax/ws/rs/javax.ws.rs-api/2.1/javax.ws.rs-api-2.1.jar:/home/user/.m2/repository/org/glassfish/jersey/ext/cdi/jersey-cdi1x/2.27/jersey-cdi1x-2.27.jar:/home/user/.m2/repository/org/glassfish/jersey/inject/jersey-hk2/2.27/jersey-hk2-2.27.jar:/home/user/.m2/repository/org/glassfish/hk2/hk2-locator/2.5.0-b42/hk2-locator-2.5.0-b42.jar:/home/user/.m2/repository/org/javassist/javassist/3.22.0-CR2/javassist-3.22.0-CR2.jar:/home/user/.m2/repository/org/glassfish/hk2/hk2-api/2.5.0/hk2-api-2.5.0.jar:/home/user/.m2/repository/org/glassfish/hk2/external/jakarta.inject/2.5.0/jakarta.inject-2.5.0.jar:/home/user/.m2/repository/org/glassfish/hk2/hk2-utils/2.5.0/hk2-utils-2.5.0.jar:/home/user/.m2/repository/jakarta/annotation/jakarta.annotation-api/1.3.4/jakarta.annotation-api-1.3.4.jar:/home/user/.m2/repository/org/glassfish/hk2/external/aopalliance-repackaged/2.5.0/aopalliance-repackaged-2.5.0.jar:/home/user/.m2/repository/com/fasterxml/jackson/dataformat/jackson-dataformat-xml/2.9.0/jackson-dataformat-xml-2.9.0.jar:/home/user/.m2/repository/com/fasterxml/jackson/module/jackson-module-jaxb-annotations/2.9.5/jackson-module-jaxb-annotations-2.9.5.jar:/home/user/.m2/repository/javax/enterprise/cdi-api/1.2/cdi-api-1.2.jar:/home/user/.m2/repository/javax/el/javax.el-api/3.0.0/javax.el-api-3.0.0.jar:/home/user/.m2/repository/javax/interceptor/javax.interceptor-api/1.2/javax.interceptor-api-1.2.jar:/home/user/.m2/repository/javax/inject/javax.inject/1/javax.inject-1.jar:/home/user/.m2/repository/org/apache/hadoop/hadoop-ozone-csi/0.5.0-SNAPSHOT/hadoop-ozone-csi-0.5.0-SNAPSHOT.jar:/home/user/.m2/repository/com/google/protobuf/protobuf-java-util/3.5.1/protobuf-java-util-3.5.1.jar:/home/user/.m2/repository/io/grpc/grpc-netty/1.17.1/grpc-netty-1.17.1.jar:/home/user/.m2/repository/io/grpc/grpc-core/1.17.1/grpc-core-1.17.1.jar:/home/user/.m2/repository/io/grpc/grpc-context/1.17.1/grpc-context-1.17.1.jar:/home/user/.m2/repository/com/google/errorprone/error_prone_annotations/2.2.0/error_prone_annotations-2.2.0.jar:/home/user/.m2/repository/org/codehaus/mojo/animal-sniffer-annotations/1.17/animal-sniffer-annotations-1.17.jar:/home/user/.m2/repository/io/opencensus/opencensus-api/0.17.0/opencensus-api-0.17.0.jar:/home/user/.m2/repository/io/opencensus/opencensus-contrib-grpc-metrics/0.17.0/opencensus-contrib-grpc-metrics-0.17.0.jar:/home/user/.m2/repository/io/netty/netty-codec-http2/4.1.30.Final/netty-codec-http2-4.1.30.Final.jar:/home/user/.m2/repository/io/netty/netty-codec-http/4.1.30.Final/netty-codec-http-4.1.30.Final.jar:/home/user/.m2/repository/io/netty/netty-codec/4.1.30.Final/netty-codec-4.1.30.Final.jar:/home/user/.m2/repository/io/netty/netty-handler/4.1.30.Final/netty-handler-4.1.30.Final.jar:/home/user/.m2/repository/io/netty/netty-handler-proxy/4.1.30.Final/netty-handler-proxy-4.1.30.Final.jar:/home/user/.m2/repository/io/netty/netty-codec-socks/4.1.30.Final/netty-codec-socks-4.1.30.Final.jar:/home/user/.m2/repository/io/netty/netty-transport-native-epoll/4.1.30.Final/netty-transport-native-epoll-4.1.30.Final.jar:/home/user/.m2/repository/io/netty/netty-common/4.1.30.Final/netty-common-4.1.30.Final.jar:/home/user/.m2/repository/io/netty/netty-buffer/4.1.30.Final/netty-buffer-4.1.30.Final.jar:/home/user/.m2/repository/io/netty/netty-transport/4.1.30.Final/netty-transport-4.1.30.Final.jar:/home/user/.m2/repository/io/netty/netty-resolver/4.1.30.Final/netty-resolver-4.1.30.Final.jar:/home/user/.m2/repository/io/netty/netty-transport-native-unix-common/4.1.30.Final/netty-transport-native-unix-common-4.1.30.Final.jar:/home/user/.m2/repository/io/grpc/grpc-protobuf/1.17.1/grpc-protobuf-1.17.1.jar:/home/user/.m2/repository/com/google/api/grpc/proto-google-common-protos/1.0.0/proto-google-common-protos-1.0.0.jar:/home/user/.m2/repository/io/grpc/grpc-protobuf-lite/1.17.1/grpc-protobuf-lite-1.17.1.jar:/home/user/.m2/repository/io/grpc/grpc-stub/1.17.1/grpc-stub-1.17.1.jar:/home/user/.m2/repository/org/apache/hadoop/hadoop-ozone-recon/0.5.0-SNAPSHOT/hadoop-ozone-recon-0.5.0-SNAPSHOT.jar:/home/user/.m2/repository/org/apache/hadoop/hadoop-ozone-reconcodegen/0.5.0-SNAPSHOT/hadoop-ozone-reconcodegen-0.5.0-SNAPSHOT.jar:/home/user/.m2/repository/com/google/inject/extensions/guice-multibindings/4.0/guice-multibindings-4.0.jar:/home/user/.m2/repository/com/google/inject/guice/4.0/guice-4.0.jar:/home/user/.m2/repository/aopalliance/aopalliance/1.0/aopalliance-1.0.jar:/home/user/.m2/repository/com/google/inject/extensions/guice-servlet/4.0/guice-servlet-4.0.jar:/home/user/.m2/repository/org/glassfish/jersey/containers/jersey-container-servlet/2.27/jersey-container-servlet-2.27.jar:/home/user/.m2/repository/org/glassfish/hk2/guice-bridge/2.5.0/guice-bridge-2.5.0.jar:/home/user/.m2/repository/org/glassfish/jersey/core/jersey-server/2.27/jersey-server-2.27.jar:/home/user/.m2/repository/org/glassfish/jersey/core/jersey-client/2.27/jersey-client-2.27.jar:/home/user/.m2/repository/org/glassfish/jersey/media/jersey-media-jaxb/2.27/jersey-media-jaxb-2.27.jar:/home/user/.m2/repository/javax/validation/validation-api/1.1.0.Final/validation-api-1.1.0.Final.jar:/home/user/.m2/repository/org/glassfish/jersey/media/jersey-media-json-jackson/2.27/jersey-media-json-jackson-2.27.jar:/home/user/.m2/repository/org/glassfish/jersey/ext/jersey-entity-filtering/2.27/jersey-entity-filtering-2.27.jar:/home/user/.m2/repository/com/google/inject/extensions/guice-assistedinject/4.0/guice-assistedinject-4.0.jar:/home/user/.m2/repository/org/jooq/jooq/3.11.10/jooq-3.11.10.jar:/home/user/.m2/repository/org/jooq/jooq-meta/3.11.10/jooq-meta-3.11.10.jar:/home/user/.m2/repository/org/jooq/jooq-codegen/3.11.10/jooq-codegen-3.11.10.jar:/home/user/.m2/repository/com/jolbox/bonecp/0.8.0.RELEASE/bonecp-0.8.0.RELEASE.jar:/home/user/.m2/repository/org/springframework/spring-jdbc/5.1.3.RELEASE/spring-jdbc-5.1.3.RELEASE.jar:/home/user/.m2/repository/org/springframework/spring-beans/5.1.3.RELEASE/spring-beans-5.1.3.RELEASE.jar:/home/user/.m2/repository/org/springframework/spring-core/5.1.3.RELEASE/spring-core-5.1.3.RELEASE.jar:/home/user/.m2/repository/org/springframework/spring-jcl/5.1.3.RELEASE/spring-jcl-5.1.3.RELEASE.jar:/home/user/.m2/repository/org/springframework/spring-tx/5.1.3.RELEASE/spring-tx-5.1.3.RELEASE.jar:/home/user/.m2/repository/org/mockito/mockito-core/2.15.0/mockito-core-2.15.0.jar:/home/user/.m2/repository/net/bytebuddy/byte-buddy/1.7.9/byte-buddy-1.7.9.jar:/home/user/.m2/repository/net/bytebuddy/byte-buddy-agent/1.7.9/byte-buddy-agent-1.7.9.jar:/home/user/.m2/repository/org/objenesis/objenesis/1.0/objenesis-1.0.jar:"/>
    <property name="sun.cpu.endian" value="little"/>
    <property name="user.home" value="/home/user"/>
    <property name="user.language" value="en"/>
    <property name="java.specification.vendor" value="Oracle Corporation"/>
    <property name="java.home" value="/usr/lib/jvm/java-1.8-openjdk/jre"/>
    <property name="java.security.krb5.conf" value="/workdir/hadoop-ozone/tools/target/test-classes/krb5.conf"/>
    <property name="basedir" value="/workdir/hadoop-ozone/tools"/>
    <property name="file.separator" value="/"/>
    <property name="line.separator" value="&#10;"/>
    <property name="java.vm.specification.vendor" value="Oracle Corporation"/>
    <property name="java.specification.name" value="Java Platform API Specification"/>
    <property name="java.awt.graphicsenv" value="sun.awt.X11GraphicsEnvironment"/>
    <property name="surefire.real.class.path" value="/workdir/hadoop-ozone/tools/target/surefire/surefirebooter8491886548892131073.jar"/>
    <property name="hadoop.log.dir" value="/workdir/hadoop-ozone/tools/target/log"/>
    <property name="sun.boot.class.path" value="/usr/lib/jvm/java-1.8-openjdk/jre/lib/resources.jar:/usr/lib/jvm/java-1.8-openjdk/jre/lib/rt.jar:/usr/lib/jvm/java-1.8-openjdk/jre/lib/sunrsasign.jar:/usr/lib/jvm/java-1.8-openjdk/jre/lib/jsse.jar:/usr/lib/jvm/java-1.8-openjdk/jre/lib/jce.jar:/usr/lib/jvm/java-1.8-openjdk/jre/lib/charsets.jar:/usr/lib/jvm/java-1.8-openjdk/jre/lib/jfr.jar:/usr/lib/jvm/java-1.8-openjdk/jre/classes"/>
    <property name="sun.management.compiler" value="HotSpot 64-Bit Tiered Compilers"/>
    <property name="java.runtime.version" value="1.8.0_212-b04"/>
    <property name="java.net.preferIPv4Stack" value="true"/>
    <property name="user.name" value="jenkins1000"/>
    <property name="path.separator" value=":"/>
    <property name="java.security.egd" value="file:///dev/urandom"/>
    <property name="os.version" value="3.10.0-957.12.2.el7.x86_64"/>
    <property name="java.endorsed.dirs" value="/usr/lib/jvm/java-1.8-openjdk/jre/lib/endorsed"/>
    <property name="java.runtime.name" value="OpenJDK Runtime Environment"/>
    <property name="file.encoding" value="UTF-8"/>
    <property name="java.vm.name" value="OpenJDK 64-Bit Server VM"/>
    <property name="test.build.webapps" value=""/>
    <property name="localRepository" value="/home/user/.m2/repository"/>
    <property name="java.vendor.url.bug" value="https://icedtea.classpath.org/bugzilla"/>
    <property name="java.io.tmpdir" value="/tmp"/>
    <property name="require.test.libhadoop" value=""/>
    <property name="java.version" value="1.8.0_212"/>
    <property name="user.dir" value="/workdir/hadoop-ozone/tools"/>
    <property name="os.arch" value="amd64"/>
    <property name="java.vm.specification.name" value="Java Virtual Machine Specification"/>
    <property name="test.build.classes" value="/workdir/hadoop-ozone/tools/target/test-classes"/>
    <property name="java.awt.printerjob" value="sun.print.PSPrinterJob"/>
    <property name="sun.os.patch.level" value="unknown"/>
    <property name="hadoop.tmp.dir" value="/workdir/hadoop-ozone/tools/target/tmp"/>
    <property name="java.library.path" value="/usr/lib/jvm/java-1.8-openjdk/jre/lib/amd64/server:/usr/lib/jvm/java-1.8-openjdk/jre/lib/amd64:/usr/lib/jvm/java-1.8-openjdk/jre/../lib/amd64:/workdir/hadoop-ozone/tools/target/native/target/usr/local/lib:/workdir/hadoop-ozone/tools/../../hadoop-common-project/hadoop-common/target/native/target/usr/local/lib:/usr/java/packages/lib/amd64:/usr/lib64:/lib64:/lib:/usr/lib"/>
    <property name="java.vm.info" value="mixed mode"/>
    <property name="java.vendor" value="IcedTea"/>
    <property name="java.vm.version" value="25.212-b04"/>
    <property name="java.ext.dirs" value="/usr/lib/jvm/java-1.8-openjdk/jre/lib/ext:/usr/java/packages/lib/ext"/>
    <property name="sun.io.unicode.encoding" value="UnicodeLittle"/>
    <property name="java.class.version" value="52.0"/>
  </properties>
  <testcase name="ratisTestLargeKey" classname="org.apache.hadoop.ozone.freon.TestDataValidateWithUnsafeByteOperations" time="10.467">
    <error message="Allocated 0 blocks. Requested 5 blocks" type="INTERNAL_ERROR org.apache.hadoop.ozone.om.exceptions.OMException">INTERNAL_ERROR org.apache.hadoop.ozone.om.exceptions.OMException: Allocated 0 blocks. Requested 5 blocks
	at org.apache.hadoop.ozone.om.protocolPB.OzoneManagerProtocolClientSideTranslatorPB.handleError(OzoneManagerProtocolClientSideTranslatorPB.java:725)
	at org.apache.hadoop.ozone.om.protocolPB.OzoneManagerProtocolClientSideTranslatorPB.openKey(OzoneManagerProtocolClientSideTranslatorPB.java:716)
	at org.apache.hadoop.ozone.client.rpc.RpcClient.createKey(RpcClient.java:615)
	at org.apache.hadoop.ozone.client.OzoneBucket.createKey(OzoneBucket.java:323)
	at org.apache.hadoop.ozone.freon.RandomKeyGenerator.createKey(RandomKeyGenerator.java:686)
	at org.apache.hadoop.ozone.freon.RandomKeyGenerator.access$1100(RandomKeyGenerator.java:87)
	at org.apache.hadoop.ozone.freon.RandomKeyGenerator$ObjectCreator.run(RandomKeyGenerator.java:606)
	at java.util.concurrent.Executors$RunnableAdapter.call(Executors.java:511)
	at java.util.concurrent.FutureTask.run(FutureTask.java:266)
	at java.util.concurrent.ThreadPoolExecutor.runWorker(ThreadPoolExecutor.java:1149)
	at java.util.concurrent.ThreadPoolExecutor$Worker.run(ThreadPoolExecutor.java:624)
	at java.lang.Thread.run(Thread.java:748)
</error>
    <system-out><![CDATA[2019-09-20 10:22:10,747 [main] WARN  server.ServerUtils (ServerUtils.java:getScmDbDir(145)) - ozone.scm.db.dirs is not configured. We recommend adding this setting. Falling back to ozone.metadata.dirs instead.
2019-09-20 10:22:11,000 [main] WARN  server.ServerUtils (ServerUtils.java:getScmDbDir(145)) - ozone.scm.db.dirs is not configured. We recommend adding this setting. Falling back to ozone.metadata.dirs instead.
2019-09-20 10:22:11,004 [main] WARN  server.ServerUtils (ServerUtils.java:getScmDbDir(145)) - ozone.scm.db.dirs is not configured. We recommend adding this setting. Falling back to ozone.metadata.dirs instead.
2019-09-20 10:22:11,023 [main] INFO  util.log (Log.java:initialized(192)) - Logging initialized @1013ms
2019-09-20 10:22:11,108 [main] INFO  db.DBStoreBuilder (DBStoreBuilder.java:addTable(110)) - using custom profile for table: deletedBlocks
2019-09-20 10:22:11,109 [main] INFO  db.DBStoreBuilder (DBStoreBuilder.java:processTables(161)) - Using default column profile:DBProfile.DISK for Table:deletedBlocks
2019-09-20 10:22:11,109 [main] INFO  db.DBStoreBuilder (DBStoreBuilder.java:addTable(110)) - using custom profile for table: validCerts
2019-09-20 10:22:11,110 [main] INFO  db.DBStoreBuilder (DBStoreBuilder.java:processTables(161)) - Using default column profile:DBProfile.DISK for Table:validCerts
2019-09-20 10:22:11,111 [main] INFO  db.DBStoreBuilder (DBStoreBuilder.java:addTable(110)) - using custom profile for table: revokedCerts
2019-09-20 10:22:11,111 [main] INFO  db.DBStoreBuilder (DBStoreBuilder.java:processTables(161)) - Using default column profile:DBProfile.DISK for Table:revokedCerts
2019-09-20 10:22:11,133 [main] INFO  db.DBStoreBuilder (DBStoreBuilder.java:addTable(110)) - using custom profile for table: default
2019-09-20 10:22:11,133 [main] INFO  db.DBStoreBuilder (DBStoreBuilder.java:processTables(167)) - Using default column profile:DBProfile.DISK for Table:default
2019-09-20 10:22:11,135 [main] INFO  db.DBStoreBuilder (DBStoreBuilder.java:getDbProfile(198)) - Using default options. DBProfile.DISK
2019-09-20 10:22:11,351 [main] INFO  net.NodeSchemaLoader (NodeSchemaLoader.java:loadSchemaFromFile(125)) - Loading file from sun.misc.CompoundEnumeration@3835c46
2019-09-20 10:22:11,353 [main] INFO  net.NodeSchemaLoader (NodeSchemaLoader.java:loadSchema(171)) - Loading network topology layer schema file
2019-09-20 10:22:11,434 [main] WARN  server.ServerUtils (ServerUtils.java:sanitizeUserArgs(70)) - ozone.scm.stale.node.interval value = 300000 is larger than max = 100000 based on the key value of ozone.scm.heartbeat.thread.interval, reset to the max value 100000.
2019-09-20 10:22:11,436 [main] WARN  server.ServerUtils (ServerUtils.java:sanitizeUserArgs(70)) - ozone.scm.stale.node.interval value = 300000 is larger than max = 100000 based on the key value of ozone.scm.heartbeat.thread.interval, reset to the max value 100000.
2019-09-20 10:22:11,438 [main] INFO  node.SCMNodeManager (SCMNodeManager.java:<init>(121)) - Entering startup safe mode.
2019-09-20 10:22:11,539 [main] INFO  algorithms.ContainerPlacementPolicyFactory (ContainerPlacementPolicyFactory.java:getPolicy(56)) - Create container placement policy of type org.apache.hadoop.hdds.scm.container.placement.algorithms.SCMContainerPlacementRandom
2019-09-20 10:22:11,556 [main] WARN  server.ServerUtils (ServerUtils.java:getScmDbDir(145)) - ozone.scm.db.dirs is not configured. We recommend adding this setting. Falling back to ozone.metadata.dirs instead.
2019-09-20 10:22:11,626 [main] INFO  pipeline.SCMPipelineManager (SCMPipelineManager.java:initializePipelineState(145)) - No pipeline exists in current db
2019-09-20 10:22:11,631 [main] WARN  server.ServerUtils (ServerUtils.java:getScmDbDir(145)) - ozone.scm.db.dirs is not configured. We recommend adding this setting. Falling back to ozone.metadata.dirs instead.
2019-09-20 10:22:11,782 [main] INFO  safemode.HealthyPipelineSafeModeRule (HealthyPipelineSafeModeRule.java:<init>(89)) -  Total pipeline count is 0, healthy pipeline threshold count is 1
2019-09-20 10:22:11,785 [main] INFO  safemode.OneReplicaPipelineSafeModeRule (OneReplicaPipelineSafeModeRule.java:<init>(80)) - Total pipeline count is 0, pipeline's with at least one datanode reported threshold count is 0
2019-09-20 10:22:11,785 [main] WARN  events.EventQueue (EventQueue.java:fireEvent(175)) - No event handler registered for event TypedEvent{payloadType=SafeModeStatus, name='SafeModeStatus'}
2019-09-20 10:22:12,574 [main] INFO  ipc.CallQueueManager (CallQueueManager.java:<init>(84)) - Using callQueue: class java.util.concurrent.LinkedBlockingQueue, queueCapacity: 2000, scheduler: class org.apache.hadoop.ipc.DefaultRpcScheduler, ipcBackoff: false.
2019-09-20 10:22:12,615 [Socket Reader #1 for port 42016] INFO  ipc.Server (Server.java:run(1074)) - Starting Socket Reader #1 for port 42016
2019-09-20 10:22:12,645 [main] INFO  ipc.CallQueueManager (CallQueueManager.java:<init>(84)) - Using callQueue: class java.util.concurrent.LinkedBlockingQueue, queueCapacity: 2000, scheduler: class org.apache.hadoop.ipc.DefaultRpcScheduler, ipcBackoff: false.
2019-09-20 10:22:12,646 [Socket Reader #1 for port 35589] INFO  ipc.Server (Server.java:run(1074)) - Starting Socket Reader #1 for port 35589
2019-09-20 10:22:12,655 [main] INFO  ipc.CallQueueManager (CallQueueManager.java:<init>(84)) - Using callQueue: class java.util.concurrent.LinkedBlockingQueue, queueCapacity: 2000, scheduler: class org.apache.hadoop.ipc.DefaultRpcScheduler, ipcBackoff: false.
2019-09-20 10:22:12,656 [Socket Reader #1 for port 46264] INFO  ipc.Server (Server.java:run(1074)) - Starting Socket Reader #1 for port 46264
2019-09-20 10:22:12,679 [main] INFO  hdfs.DFSUtil (DFSUtil.java:httpServerTemplateForNNAndJN(1641)) - Starting Web-server for scm at: http://0.0.0.0:0
2019-09-20 10:22:12,810 [main] INFO  server.AuthenticationFilter (AuthenticationFilter.java:constructSecretProvider(240)) - Unable to initialize FileSignerSecretProvider, falling back to use random secrets.
2019-09-20 10:22:12,826 [main] WARN  http.HttpRequestLog (HttpRequestLog.java:getRequestLog(97)) - Jetty request log can only be enabled using Log4j
2019-09-20 10:22:12,836 [main] INFO  http.HttpServer2 (HttpServer2.java:addGlobalFilter(975)) - Added global filter 'safety' (class=org.apache.hadoop.http.HttpServer2$QuotingInputFilter)
2019-09-20 10:22:12,839 [main] INFO  http.HttpServer2 (HttpServer2.java:addFilter(948)) - Added filter static_user_filter (class=org.apache.hadoop.http.lib.StaticUserWebFilter$StaticUserFilter) to context scm
2019-09-20 10:22:12,839 [main] INFO  http.HttpServer2 (HttpServer2.java:addFilter(958)) - Added filter static_user_filter (class=org.apache.hadoop.http.lib.StaticUserWebFilter$StaticUserFilter) to context logs
2019-09-20 10:22:12,839 [main] INFO  http.HttpServer2 (HttpServer2.java:addFilter(958)) - Added filter static_user_filter (class=org.apache.hadoop.http.lib.StaticUserWebFilter$StaticUserFilter) to context static
2019-09-20 10:22:12,880 [main] INFO  server.StorageContainerManager (StorageContainerManager.java:start(761)) - StorageContainerLocationProtocol RPC server is listening at /0.0.0.0:46264
2019-09-20 10:22:12,950 [main] WARN  impl.MetricsConfig (MetricsConfig.java:loadFirst(134)) - Cannot locate configuration: tried hadoop-metrics2-storagecontainermanager.properties,hadoop-metrics2.properties
2019-09-20 10:22:12,965 [main] INFO  impl.MetricsSystemImpl (MetricsSystemImpl.java:startTimer(374)) - Scheduled Metric snapshot period at 10 second(s).
2019-09-20 10:22:12,965 [main] INFO  impl.MetricsSystemImpl (MetricsSystemImpl.java:start(191)) - StorageContainerManager metrics system started
2019-09-20 10:22:13,227 [main] INFO  server.SCMClientProtocolServer (SCMClientProtocolServer.java:start(151)) - RPC server for Client  is listening at /0.0.0.0:46264
2019-09-20 10:22:13,228 [IPC Server Responder] INFO  ipc.Server (Server.java:run(1314)) - IPC Server Responder: starting
2019-09-20 10:22:13,228 [IPC Server listener on 46264] INFO  ipc.Server (Server.java:run(1153)) - IPC Server listener on 46264: starting
2019-09-20 10:22:13,231 [main] INFO  server.StorageContainerManager (StorageContainerManager.java:start(771)) - ScmBlockLocationProtocol RPC server is listening at /0.0.0.0:35589
2019-09-20 10:22:13,231 [main] INFO  server.SCMBlockProtocolServer (SCMBlockProtocolServer.java:start(140)) - RPC server for Block Protocol is listening at /0.0.0.0:35589
2019-09-20 10:22:13,232 [IPC Server Responder] INFO  ipc.Server (Server.java:run(1314)) - IPC Server Responder: starting
2019-09-20 10:22:13,232 [IPC Server listener on 35589] INFO  ipc.Server (Server.java:run(1153)) - IPC Server listener on 35589: starting
2019-09-20 10:22:13,234 [main] INFO  server.StorageContainerManager (StorageContainerManager.java:start(775)) - ScmDatanodeProtocl RPC server is listening at /0.0.0.0:42016
2019-09-20 10:22:13,235 [main] INFO  server.SCMDatanodeProtocolServer (SCMDatanodeProtocolServer.java:start(199)) - RPC server for DataNodes is listening at /0.0.0.0:42016
2019-09-20 10:22:13,235 [IPC Server Responder] INFO  ipc.Server (Server.java:run(1314)) - IPC Server Responder: starting
2019-09-20 10:22:13,235 [IPC Server listener on 42016] INFO  ipc.Server (Server.java:run(1153)) - IPC Server listener on 42016: starting
2019-09-20 10:22:13,239 [main] INFO  http.HttpServer2 (HttpServer2.java:bindListener(1191)) - Jetty bound to port 35085
2019-09-20 10:22:13,241 [main] INFO  server.Server (Server.java:doStart(351)) - jetty-9.3.24.v20180605, build timestamp: 2018-06-05T17:11:56Z, git hash: 84205aa28f11a4f31f2a3b86d1bba2cc8ab69827
2019-09-20 10:22:13,285 [main] INFO  handler.ContextHandler (ContextHandler.java:doStart(781)) - Started o.e.j.s.ServletContextHandler@f478a81{/logs,file:///workdir/hadoop-ozone/tools/target/log,AVAILABLE}
2019-09-20 10:22:13,286 [main] INFO  handler.ContextHandler (ContextHandler.java:doStart(781)) - Started o.e.j.s.ServletContextHandler@4c4748bf{/static,jar:file:/home/user/.m2/repository/org/apache/hadoop/hadoop-hdds-server-scm/0.5.0-SNAPSHOT/hadoop-hdds-server-scm-0.5.0-SNAPSHOT.jar!/webapps/static,AVAILABLE}
2019-09-20 10:22:13,374 [main] INFO  handler.ContextHandler (ContextHandler.java:doStart(781)) - Started o.e.j.w.WebAppContext@24be2d9c{/,file:///tmp/jetty-0.0.0.0-35085-scm-_-any-7337673062018697009.dir/webapp/,AVAILABLE}{/scm}
2019-09-20 10:22:13,379 [main] INFO  server.AbstractConnector (AbstractConnector.java:doStart(278)) - Started ServerConnector@2449cff7{HTTP/1.1,[http/1.1]}{0.0.0.0:35085}
2019-09-20 10:22:13,380 [main] INFO  server.Server (Server.java:doStart(419)) - Started @3370ms
2019-09-20 10:22:13,381 [main] INFO  server.BaseHttpServer (BaseHttpServer.java:updateConnectorAddress(213)) - HTTP server of SCM is listening at http://0.0.0.0:35085
2019-09-20 10:22:13,391 [org.apache.hadoop.util.JvmPauseMonitor$Monitor@1a15b789] INFO  util.JvmPauseMonitor (JvmPauseMonitor.java:run(188)) - Starting JVM pause monitor
2019-09-20 10:22:13,395 [main] WARN  server.ServerUtils (ServerUtils.java:getDBPath(222)) - ozone.om.db.dirs is not configured. We recommend adding this setting. Falling back to ozone.metadata.dirs instead.
2019-09-20 10:22:13,536 [main] WARN  server.ServerUtils (ServerUtils.java:getDBPath(222)) - ozone.om.db.dirs is not configured. We recommend adding this setting. Falling back to ozone.metadata.dirs instead.
2019-09-20 10:22:13,537 [main] WARN  server.ServerUtils (ServerUtils.java:getDBPath(222)) - ozone.om.db.dirs is not configured. We recommend adding this setting. Falling back to ozone.metadata.dirs instead.
2019-09-20 10:22:13,539 [main] INFO  om.OzoneManager (OzoneManager.java:setOMNodeDetails(645)) - OM Service ID is not set. Setting it to the default ID: omServiceIdDefault
2019-09-20 10:22:13,539 [main] INFO  om.OzoneManager (OzoneManager.java:setOMNodeDetails(651)) - OM Node ID is not set. Setting it to the OmStorage's OmID: 946e4ab7-c38b-4593-bf31-90792565ba96
2019-09-20 10:22:13,541 [main] INFO  om.OzoneManager (OzoneManager.java:loadOMHAConfigs(602)) - Found matching OM address with OMServiceId: null, OMNodeId: null, RPC Address: localhost:0 and Ratis port: 9872
2019-09-20 10:22:13,842 | INFO  | SCMAudit | user=jenkins1000 | ip=192.168.151.119 | op=GET_SCM_INFO null | ret=SUCCESS |  
2019-09-20 10:22:14,341 [main] WARN  server.ServerUtils (ServerUtils.java:getDBPath(222)) - ozone.om.db.dirs is not configured. We recommend adding this setting. Falling back to ozone.metadata.dirs instead.
2019-09-20 10:22:14,349 [main] INFO  db.DBStoreBuilder (DBStoreBuilder.java:addTable(110)) - using custom profile for table: userTable
2019-09-20 10:22:14,350 [main] INFO  db.DBStoreBuilder (DBStoreBuilder.java:processTables(161)) - Using default column profile:DBProfile.DISK for Table:userTable
2019-09-20 10:22:14,350 [main] INFO  db.DBStoreBuilder (DBStoreBuilder.java:addTable(110)) - using custom profile for table: volumeTable
2019-09-20 10:22:14,350 [main] INFO  db.DBStoreBuilder (DBStoreBuilder.java:processTables(161)) - Using default column profile:DBProfile.DISK for Table:volumeTable
2019-09-20 10:22:14,350 [main] INFO  db.DBStoreBuilder (DBStoreBuilder.java:addTable(110)) - using custom profile for table: bucketTable
2019-09-20 10:22:14,351 [main] INFO  db.DBStoreBuilder (DBStoreBuilder.java:processTables(161)) - Using default column profile:DBProfile.DISK for Table:bucketTable
2019-09-20 10:22:14,351 [main] INFO  db.DBStoreBuilder (DBStoreBuilder.java:addTable(110)) - using custom profile for table: keyTable
2019-09-20 10:22:14,351 [main] INFO  db.DBStoreBuilder (DBStoreBuilder.java:processTables(161)) - Using default column profile:DBProfile.DISK for Table:keyTable
2019-09-20 10:22:14,351 [main] INFO  db.DBStoreBuilder (DBStoreBuilder.java:addTable(110)) - using custom profile for table: deletedTable
2019-09-20 10:22:14,352 [main] INFO  db.DBStoreBuilder (DBStoreBuilder.java:processTables(161)) - Using default column profile:DBProfile.DISK for Table:deletedTable
2019-09-20 10:22:14,352 [main] INFO  db.DBStoreBuilder (DBStoreBuilder.java:addTable(110)) - using custom profile for table: openKeyTable
2019-09-20 10:22:14,352 [main] INFO  db.DBStoreBuilder (DBStoreBuilder.java:processTables(161)) - Using default column profile:DBProfile.DISK for Table:openKeyTable
2019-09-20 10:22:14,352 [main] INFO  db.DBStoreBuilder (DBStoreBuilder.java:addTable(110)) - using custom profile for table: s3Table
2019-09-20 10:22:14,353 [main] INFO  db.DBStoreBuilder (DBStoreBuilder.java:processTables(161)) - Using default column profile:DBProfile.DISK for Table:s3Table
2019-09-20 10:22:14,353 [main] INFO  db.DBStoreBuilder (DBStoreBuilder.java:addTable(110)) - using custom profile for table: multipartInfoTable
2019-09-20 10:22:14,353 [main] INFO  db.DBStoreBuilder (DBStoreBuilder.java:processTables(161)) - Using default column profile:DBProfile.DISK for Table:multipartInfoTable
2019-09-20 10:22:14,353 [main] INFO  db.DBStoreBuilder (DBStoreBuilder.java:addTable(110)) - using custom profile for table: dTokenTable
2019-09-20 10:22:14,354 [main] INFO  db.DBStoreBuilder (DBStoreBuilder.java:processTables(161)) - Using default column profile:DBProfile.DISK for Table:dTokenTable
2019-09-20 10:22:14,354 [main] INFO  db.DBStoreBuilder (DBStoreBuilder.java:addTable(110)) - using custom profile for table: s3SecretTable
2019-09-20 10:22:14,354 [main] INFO  db.DBStoreBuilder (DBStoreBuilder.java:processTables(161)) - Using default column profile:DBProfile.DISK for Table:s3SecretTable
2019-09-20 10:22:14,355 [main] INFO  db.DBStoreBuilder (DBStoreBuilder.java:addTable(110)) - using custom profile for table: prefixTable
2019-09-20 10:22:14,355 [main] INFO  db.DBStoreBuilder (DBStoreBuilder.java:processTables(161)) - Using default column profile:DBProfile.DISK for Table:prefixTable
2019-09-20 10:22:14,355 [main] INFO  db.DBStoreBuilder (DBStoreBuilder.java:addTable(110)) - using custom profile for table: default
2019-09-20 10:22:14,355 [main] INFO  db.DBStoreBuilder (DBStoreBuilder.java:processTables(167)) - Using default column profile:DBProfile.DISK for Table:default
2019-09-20 10:22:14,355 [main] INFO  db.DBStoreBuilder (DBStoreBuilder.java:getDbProfile(198)) - Using default options. DBProfile.DISK
2019-09-20 10:22:15,166 [main] INFO  ipc.CallQueueManager (CallQueueManager.java:<init>(84)) - Using callQueue: class java.util.concurrent.LinkedBlockingQueue, queueCapacity: 2000, scheduler: class org.apache.hadoop.ipc.DefaultRpcScheduler, ipcBackoff: false.
2019-09-20 10:22:15,168 [Socket Reader #1 for port 33717] INFO  ipc.Server (Server.java:run(1074)) - Starting Socket Reader #1 for port 33717
2019-09-20 10:22:15,195 [main] INFO  om.OzoneManager (OzoneManager.java:start(1256)) - OzoneManager RPC server is listening at localhost/127.0.0.1:33717
2019-09-20 10:22:15,196 [main] INFO  impl.MetricsSystemImpl (MetricsSystemImpl.java:init(158)) - OzoneManager metrics system started (again)
2019-09-20 10:22:15,197 [IPC Server Responder] INFO  ipc.Server (Server.java:run(1314)) - IPC Server Responder: starting
2019-09-20 10:22:15,198 [IPC Server listener on 33717] INFO  ipc.Server (Server.java:run(1153)) - IPC Server listener on 33717: starting
2019-09-20 10:22:15,204 [main] INFO  hdfs.DFSUtil (DFSUtil.java:httpServerTemplateForNNAndJN(1641)) - Starting Web-server for ozoneManager at: http://0.0.0.0:0
2019-09-20 10:22:15,206 [main] INFO  server.AuthenticationFilter (AuthenticationFilter.java:constructSecretProvider(240)) - Unable to initialize FileSignerSecretProvider, falling back to use random secrets.
2019-09-20 10:22:15,207 [main] WARN  http.HttpRequestLog (HttpRequestLog.java:getRequestLog(97)) - Jetty request log can only be enabled using Log4j
2019-09-20 10:22:15,209 [main] INFO  http.HttpServer2 (HttpServer2.java:addGlobalFilter(975)) - Added global filter 'safety' (class=org.apache.hadoop.http.HttpServer2$QuotingInputFilter)
2019-09-20 10:22:15,210 [main] INFO  http.HttpServer2 (HttpServer2.java:addFilter(948)) - Added filter static_user_filter (class=org.apache.hadoop.http.lib.StaticUserWebFilter$StaticUserFilter) to context ozoneManager
2019-09-20 10:22:15,210 [main] INFO  http.HttpServer2 (HttpServer2.java:addFilter(958)) - Added filter static_user_filter (class=org.apache.hadoop.http.lib.StaticUserWebFilter$StaticUserFilter) to context logs
2019-09-20 10:22:15,210 [main] INFO  http.HttpServer2 (HttpServer2.java:addFilter(958)) - Added filter static_user_filter (class=org.apache.hadoop.http.lib.StaticUserWebFilter$StaticUserFilter) to context static
2019-09-20 10:22:15,212 [main] INFO  http.HttpServer2 (HttpServer2.java:bindListener(1191)) - Jetty bound to port 41135
2019-09-20 10:22:15,212 [main] INFO  server.Server (Server.java:doStart(351)) - jetty-9.3.24.v20180605, build timestamp: 2018-06-05T17:11:56Z, git hash: 84205aa28f11a4f31f2a3b86d1bba2cc8ab69827
2019-09-20 10:22:15,215 [main] INFO  handler.ContextHandler (ContextHandler.java:doStart(781)) - Started o.e.j.s.ServletContextHandler@65bb9029{/logs,file:///workdir/hadoop-ozone/tools/target/log,AVAILABLE}
2019-09-20 10:22:15,215 [main] INFO  handler.ContextHandler (ContextHandler.java:doStart(781)) - Started o.e.j.s.ServletContextHandler@2b214b94{/static,jar:file:/home/user/.m2/repository/org/apache/hadoop/hadoop-ozone-ozone-manager/0.5.0-SNAPSHOT/hadoop-ozone-ozone-manager-0.5.0-SNAPSHOT.jar!/webapps/static,AVAILABLE}
2019-09-20 10:22:15,287 [main] INFO  handler.ContextHandler (ContextHandler.java:doStart(781)) - Started o.e.j.w.WebAppContext@6b68cb27{/,file:///tmp/jetty-0.0.0.0-41135-ozoneManager-_-any-3856427804427174954.dir/webapp/,AVAILABLE}{/ozoneManager}
2019-09-20 10:22:15,289 [main] INFO  server.AbstractConnector (AbstractConnector.java:doStart(278)) - Started ServerConnector@675ffd1d{HTTP/1.1,[http/1.1]}{0.0.0.0:41135}
2019-09-20 10:22:15,290 [main] INFO  server.Server (Server.java:doStart(419)) - Started @5280ms
2019-09-20 10:22:15,292 [main] INFO  server.BaseHttpServer (BaseHttpServer.java:updateConnectorAddress(213)) - HTTP server of OZONEMANAGER is listening at http://0.0.0.0:41135
2019-09-20 10:22:15,484 [main] INFO  impl.MetricsSystemImpl (MetricsSystemImpl.java:init(158)) - HddsDatanode metrics system started (again)
2019-09-20 10:22:15,613 [main] INFO  ozone.HddsDatanodeService (HddsDatanodeService.java:start(184)) - HddsDatanodeService host:pr-hdds-2034-wmsbd-1222111393 ip:192.168.151.119
2019-09-20 10:22:15,653 [main] INFO  volume.HddsVolume (HddsVolume.java:<init>(176)) - Creating Volume: /workdir/hadoop-ozone/tools/target/test-dir/MiniOzoneClusterImpl-af2a0117-1d3a-4be0-8e0b-6e3e4fa8d6f4/datanode-0/data/containers/hdds of  storage type : DISK and capacity : 1482555576320
2019-09-20 10:22:15,655 [main] INFO  volume.VolumeSet (VolumeSet.java:initializeVolumeSet(170)) - Added Volume : /workdir/hadoop-ozone/tools/target/test-dir/MiniOzoneClusterImpl-af2a0117-1d3a-4be0-8e0b-6e3e4fa8d6f4/datanode-0/data/containers/hdds to VolumeSet
2019-09-20 10:22:15,658 [main] INFO  volume.ThrottledAsyncChecker (ThrottledAsyncChecker.java:schedule(140)) - Scheduling a check for org.apache.hadoop.ozone.container.common.volume.HddsVolume@3f4cd155
2019-09-20 10:22:15,678 [main] INFO  volume.HddsVolumeChecker (HddsVolumeChecker.java:checkAllVolumes(203)) - Scheduled health check for volume org.apache.hadoop.ozone.container.common.volume.HddsVolume@3f4cd155
2019-09-20 10:22:15,790 [main] INFO  impl.RaftServerProxy (ConfUtils.java:logGet(43)) - raft.rpc.type = GRPC (default)
2019-09-20 10:22:15,861 [main] INFO  grpc.GrpcFactory (GrpcFactory.java:checkPooledByteBufAllocatorUseCacheForAllThreads(45)) - PERFORMANCE WARNING: useCacheForAllThreads is true that may cause Netty to create a lot garbage objects and, as a result, trigger GC.
	It is recommended to disable useCacheForAllThreads by setting -Dorg.apache.ratis.thirdparty.io.netty.allocator.useCacheForAllThreads=false in command line.
2019-09-20 10:22:15,867 [main] INFO  grpc.GrpcConfigKeys$Server (ConfUtils.java:logGet(43)) - raft.grpc.server.port = 0 (default)
2019-09-20 10:22:15,868 [main] INFO  server.GrpcService (ConfUtils.java:logGet(43)) - raft.grpc.message.size.max = 33570816 (custom)
2019-09-20 10:22:15,870 [main] INFO  server.RaftServerConfigKeys (ConfUtils.java:logGet(43)) - raft.server.log.appender.buffer.byte-limit = 33554432 (custom)
2019-09-20 10:22:15,871 [main] INFO  server.GrpcService (ConfUtils.java:logGet(43)) - raft.grpc.flow.control.window = 1MB (=1048576) (default)
2019-09-20 10:22:15,871 [main] INFO  server.RaftServerConfigKeys (ConfUtils.java:logGet(43)) - raft.server.rpc.request.timeout = 3000ms (default)
2019-09-20 10:22:16,066 [main] INFO  server.RaftServerConfigKeys (ConfUtils.java:logGet(43)) - raft.server.storage.dir = [/workdir/hadoop-ozone/tools/target/test-dir/MiniOzoneClusterImpl-af2a0117-1d3a-4be0-8e0b-6e3e4fa8d6f4/datanode-0/data/ratis] (custom)
2019-09-20 10:22:16,107 [main] INFO  replication.SimpleContainerDownloader (SimpleContainerDownloader.java:<init>(72)) - Starting container downloader service to copy containers to replicate.
2019-09-20 10:22:16,131 [main] INFO  hdfs.DFSUtil (DFSUtil.java:httpServerTemplateForNNAndJN(1641)) - Starting Web-server for hddsDatanode at: http://0.0.0.0:0
2019-09-20 10:22:16,136 [main] INFO  server.AuthenticationFilter (AuthenticationFilter.java:constructSecretProvider(240)) - Unable to initialize FileSignerSecretProvider, falling back to use random secrets.
2019-09-20 10:22:16,137 [main] WARN  http.HttpRequestLog (HttpRequestLog.java:getRequestLog(97)) - Jetty request log can only be enabled using Log4j
2019-09-20 10:22:16,140 [main] INFO  http.HttpServer2 (HttpServer2.java:addGlobalFilter(975)) - Added global filter 'safety' (class=org.apache.hadoop.http.HttpServer2$QuotingInputFilter)
2019-09-20 10:22:16,142 [main] INFO  http.HttpServer2 (HttpServer2.java:addFilter(948)) - Added filter static_user_filter (class=org.apache.hadoop.http.lib.StaticUserWebFilter$StaticUserFilter) to context hddsDatanode
2019-09-20 10:22:16,142 [main] INFO  http.HttpServer2 (HttpServer2.java:addFilter(958)) - Added filter static_user_filter (class=org.apache.hadoop.http.lib.StaticUserWebFilter$StaticUserFilter) to context logs
2019-09-20 10:22:16,142 [main] INFO  http.HttpServer2 (HttpServer2.java:addFilter(958)) - Added filter static_user_filter (class=org.apache.hadoop.http.lib.StaticUserWebFilter$StaticUserFilter) to context static
2019-09-20 10:22:16,145 [main] INFO  http.HttpServer2 (HttpServer2.java:bindListener(1191)) - Jetty bound to port 33728
2019-09-20 10:22:16,145 [main] INFO  server.Server (Server.java:doStart(351)) - jetty-9.3.24.v20180605, build timestamp: 2018-06-05T17:11:56Z, git hash: 84205aa28f11a4f31f2a3b86d1bba2cc8ab69827
2019-09-20 10:22:16,148 [main] INFO  handler.ContextHandler (ContextHandler.java:doStart(781)) - Started o.e.j.s.ServletContextHandler@68b9834c{/logs,file:///workdir/hadoop-ozone/tools/target/log,AVAILABLE}
2019-09-20 10:22:16,150 [main] INFO  handler.ContextHandler (ContextHandler.java:doStart(781)) - Started o.e.j.s.ServletContextHandler@671d1157{/static,jar:file:/home/user/.m2/repository/org/apache/hadoop/hadoop-hdds-container-service/0.5.0-SNAPSHOT/hadoop-hdds-container-service-0.5.0-SNAPSHOT.jar!/webapps/static,AVAILABLE}
2019-09-20 10:22:16,196 [main] INFO  handler.ContextHandler (ContextHandler.java:doStart(781)) - Started o.e.j.w.WebAppContext@5ea4300e{/,file:///tmp/jetty-0.0.0.0-33728-hddsDatanode-_-any-5722343103800441450.dir/webapp/,AVAILABLE}{/hddsDatanode}
2019-09-20 10:22:16,198 [main] INFO  server.AbstractConnector (AbstractConnector.java:doStart(278)) - Started ServerConnector@5a1c3cb4{HTTP/1.1,[http/1.1]}{0.0.0.0:33728}
2019-09-20 10:22:16,199 [main] INFO  server.Server (Server.java:doStart(419)) - Started @6189ms
2019-09-20 10:22:16,200 [main] INFO  server.BaseHttpServer (BaseHttpServer.java:updateConnectorAddress(213)) - HTTP server of HDDSDATANODE is listening at http://0.0.0.0:33728
2019-09-20 10:22:17,459 | INFO  | ObjectStoreRestHttpServer | Listening HDDS REST traffic on /0.0.0.0:36144 |  
2019-09-20 10:22:17,461 [main] INFO  ozone.HddsDatanodeService (HddsDatanodeService.java:startPlugins(395)) - Started plug-in org.apache.hadoop.ozone.web.OzoneHddsDatanodeService@25953be6
2019-09-20 10:22:17,463 [main] INFO  impl.MetricsSystemImpl (MetricsSystemImpl.java:init(158)) - HddsDatanode metrics system started (again)
2019-09-20 10:22:17,466 [main] INFO  ozone.HddsDatanodeService (HddsDatanodeService.java:start(184)) - HddsDatanodeService host:pr-hdds-2034-wmsbd-1222111393 ip:192.168.151.119
2019-09-20 10:22:17,470 [org.apache.hadoop.util.JvmPauseMonitor$Monitor@5aae23c2] INFO  util.JvmPauseMonitor (JvmPauseMonitor.java:run(188)) - Starting JVM pause monitor
2019-09-20 10:22:17,476 [main] INFO  volume.HddsVolume (HddsVolume.java:<init>(176)) - Creating Volume: /workdir/hadoop-ozone/tools/target/test-dir/MiniOzoneClusterImpl-af2a0117-1d3a-4be0-8e0b-6e3e4fa8d6f4/datanode-1/data/containers/hdds of  storage type : DISK and capacity : 1482555576320
2019-09-20 10:22:17,476 [main] INFO  volume.VolumeSet (VolumeSet.java:initializeVolumeSet(170)) - Added Volume : /workdir/hadoop-ozone/tools/target/test-dir/MiniOzoneClusterImpl-af2a0117-1d3a-4be0-8e0b-6e3e4fa8d6f4/datanode-1/data/containers/hdds to VolumeSet
2019-09-20 10:22:17,476 [main] INFO  volume.ThrottledAsyncChecker (ThrottledAsyncChecker.java:schedule(140)) - Scheduling a check for org.apache.hadoop.ozone.container.common.volume.HddsVolume@5b8572df
2019-09-20 10:22:17,477 [main] INFO  volume.HddsVolumeChecker (HddsVolumeChecker.java:checkAllVolumes(203)) - Scheduled health check for volume org.apache.hadoop.ozone.container.common.volume.HddsVolume@5b8572df
2019-09-20 10:22:17,497 [main] INFO  impl.RaftServerProxy (ConfUtils.java:logGet(43)) - raft.rpc.type = GRPC (default)
2019-09-20 10:22:17,498 [main] INFO  grpc.GrpcFactory (GrpcFactory.java:checkPooledByteBufAllocatorUseCacheForAllThreads(45)) - PERFORMANCE WARNING: useCacheForAllThreads is true that may cause Netty to create a lot garbage objects and, as a result, trigger GC.
	It is recommended to disable useCacheForAllThreads by setting -Dorg.apache.ratis.thirdparty.io.netty.allocator.useCacheForAllThreads=false in command line.
2019-09-20 10:22:17,498 [main] INFO  grpc.GrpcConfigKeys$Server (ConfUtils.java:logGet(43)) - raft.grpc.server.port = 0 (default)
2019-09-20 10:22:17,498 [main] INFO  server.GrpcService (ConfUtils.java:logGet(43)) - raft.grpc.message.size.max = 33570816 (custom)
2019-09-20 10:22:17,498 [main] INFO  server.RaftServerConfigKeys (ConfUtils.java:logGet(43)) - raft.server.log.appender.buffer.byte-limit = 33554432 (custom)
2019-09-20 10:22:17,499 [main] INFO  server.GrpcService (ConfUtils.java:logGet(43)) - raft.grpc.flow.control.window = 1MB (=1048576) (default)
2019-09-20 10:22:17,499 [main] INFO  server.RaftServerConfigKeys (ConfUtils.java:logGet(43)) - raft.server.rpc.request.timeout = 3000ms (default)
2019-09-20 10:22:17,499 [main] INFO  server.RaftServerConfigKeys (ConfUtils.java:logGet(43)) - raft.server.storage.dir = [/workdir/hadoop-ozone/tools/target/test-dir/MiniOzoneClusterImpl-af2a0117-1d3a-4be0-8e0b-6e3e4fa8d6f4/datanode-1/data/ratis] (custom)
2019-09-20 10:22:17,500 [main] INFO  replication.SimpleContainerDownloader (SimpleContainerDownloader.java:<init>(72)) - Starting container downloader service to copy containers to replicate.
2019-09-20 10:22:17,501 [main] INFO  hdfs.DFSUtil (DFSUtil.java:httpServerTemplateForNNAndJN(1641)) - Starting Web-server for hddsDatanode at: http://0.0.0.0:0
2019-09-20 10:22:17,503 [main] INFO  server.AuthenticationFilter (AuthenticationFilter.java:constructSecretProvider(240)) - Unable to initialize FileSignerSecretProvider, falling back to use random secrets.
2019-09-20 10:22:17,504 [main] WARN  http.HttpRequestLog (HttpRequestLog.java:getRequestLog(97)) - Jetty request log can only be enabled using Log4j
2019-09-20 10:22:17,506 [main] INFO  http.HttpServer2 (HttpServer2.java:addGlobalFilter(975)) - Added global filter 'safety' (class=org.apache.hadoop.http.HttpServer2$QuotingInputFilter)
2019-09-20 10:22:17,506 [main] INFO  http.HttpServer2 (HttpServer2.java:addFilter(948)) - Added filter static_user_filter (class=org.apache.hadoop.http.lib.StaticUserWebFilter$StaticUserFilter) to context hddsDatanode
2019-09-20 10:22:17,507 [main] INFO  http.HttpServer2 (HttpServer2.java:addFilter(958)) - Added filter static_user_filter (class=org.apache.hadoop.http.lib.StaticUserWebFilter$StaticUserFilter) to context static
2019-09-20 10:22:17,507 [main] INFO  http.HttpServer2 (HttpServer2.java:addFilter(958)) - Added filter static_user_filter (class=org.apache.hadoop.http.lib.StaticUserWebFilter$StaticUserFilter) to context logs
2019-09-20 10:22:17,508 [main] INFO  http.HttpServer2 (HttpServer2.java:bindListener(1191)) - Jetty bound to port 45873
2019-09-20 10:22:17,508 [main] INFO  server.Server (Server.java:doStart(351)) - jetty-9.3.24.v20180605, build timestamp: 2018-06-05T17:11:56Z, git hash: 84205aa28f11a4f31f2a3b86d1bba2cc8ab69827
2019-09-20 10:22:17,511 [main] INFO  handler.ContextHandler (ContextHandler.java:doStart(781)) - Started o.e.j.s.ServletContextHandler@57e5396b{/logs,file:///workdir/hadoop-ozone/tools/target/log,AVAILABLE}
2019-09-20 10:22:17,512 [main] INFO  handler.ContextHandler (ContextHandler.java:doStart(781)) - Started o.e.j.s.ServletContextHandler@6467ddc7{/static,jar:file:/home/user/.m2/repository/org/apache/hadoop/hadoop-hdds-container-service/0.5.0-SNAPSHOT/hadoop-hdds-container-service-0.5.0-SNAPSHOT.jar!/webapps/static,AVAILABLE}
2019-09-20 10:22:17,545 [main] INFO  handler.ContextHandler (ContextHandler.java:doStart(781)) - Started o.e.j.w.WebAppContext@45592af7{/,file:///tmp/jetty-0.0.0.0-45873-hddsDatanode-_-any-3688489628459967060.dir/webapp/,AVAILABLE}{/hddsDatanode}
2019-09-20 10:22:17,546 [main] INFO  server.AbstractConnector (AbstractConnector.java:doStart(278)) - Started ServerConnector@77b5148c{HTTP/1.1,[http/1.1]}{0.0.0.0:45873}
2019-09-20 10:22:17,546 [main] INFO  server.Server (Server.java:doStart(419)) - Started @7537ms
2019-09-20 10:22:17,548 [main] INFO  server.BaseHttpServer (BaseHttpServer.java:updateConnectorAddress(213)) - HTTP server of HDDSDATANODE is listening at http://0.0.0.0:45873
2019-09-20 10:22:17,589 [Datanode State Machine Thread - 0] INFO  datanode.InitDatanodeState (InitDatanodeState.java:persistContainerDatanodeDetails(140)) - DatanodeDetails is persisted to /workdir/hadoop-ozone/tools/target/test-dir/MiniOzoneClusterImpl-af2a0117-1d3a-4be0-8e0b-6e3e4fa8d6f4/datanode-0/meta/datanode.id
2019-09-20 10:22:17,729 | INFO  | ObjectStoreRestHttpServer | Listening HDDS REST traffic on /0.0.0.0:39762 |  
2019-09-20 10:22:17,729 [main] INFO  ozone.HddsDatanodeService (HddsDatanodeService.java:startPlugins(395)) - Started plug-in org.apache.hadoop.ozone.web.OzoneHddsDatanodeService@51ff3c4b
2019-09-20 10:22:17,730 [main] INFO  impl.MetricsSystemImpl (MetricsSystemImpl.java:init(158)) - HddsDatanode metrics system started (again)
2019-09-20 10:22:17,733 [main] INFO  ozone.HddsDatanodeService (HddsDatanodeService.java:start(184)) - HddsDatanodeService host:pr-hdds-2034-wmsbd-1222111393 ip:192.168.151.119
2019-09-20 10:22:17,733 [org.apache.hadoop.util.JvmPauseMonitor$Monitor@3248be8f] INFO  util.JvmPauseMonitor (JvmPauseMonitor.java:run(188)) - Starting JVM pause monitor
2019-09-20 10:22:17,743 [main] INFO  volume.HddsVolume (HddsVolume.java:<init>(176)) - Creating Volume: /workdir/hadoop-ozone/tools/target/test-dir/MiniOzoneClusterImpl-af2a0117-1d3a-4be0-8e0b-6e3e4fa8d6f4/datanode-2/data/containers/hdds of  storage type : DISK and capacity : 1482555576320
2019-09-20 10:22:17,744 [main] INFO  volume.VolumeSet (VolumeSet.java:initializeVolumeSet(170)) - Added Volume : /workdir/hadoop-ozone/tools/target/test-dir/MiniOzoneClusterImpl-af2a0117-1d3a-4be0-8e0b-6e3e4fa8d6f4/datanode-2/data/containers/hdds to VolumeSet
2019-09-20 10:22:17,744 [Datanode State Machine Thread - 0] INFO  datanode.InitDatanodeState (InitDatanodeState.java:persistContainerDatanodeDetails(140)) - DatanodeDetails is persisted to /workdir/hadoop-ozone/tools/target/test-dir/MiniOzoneClusterImpl-af2a0117-1d3a-4be0-8e0b-6e3e4fa8d6f4/datanode-1/meta/datanode.id
2019-09-20 10:22:17,744 [main] INFO  volume.ThrottledAsyncChecker (ThrottledAsyncChecker.java:schedule(140)) - Scheduling a check for org.apache.hadoop.ozone.container.common.volume.HddsVolume@28a6e171
2019-09-20 10:22:17,745 [main] INFO  volume.HddsVolumeChecker (HddsVolumeChecker.java:checkAllVolumes(203)) - Scheduled health check for volume org.apache.hadoop.ozone.container.common.volume.HddsVolume@28a6e171
2019-09-20 10:22:17,762 [main] INFO  impl.RaftServerProxy (ConfUtils.java:logGet(43)) - raft.rpc.type = GRPC (default)
2019-09-20 10:22:17,762 [main] INFO  grpc.GrpcFactory (GrpcFactory.java:checkPooledByteBufAllocatorUseCacheForAllThreads(45)) - PERFORMANCE WARNING: useCacheForAllThreads is true that may cause Netty to create a lot garbage objects and, as a result, trigger GC.
	It is recommended to disable useCacheForAllThreads by setting -Dorg.apache.ratis.thirdparty.io.netty.allocator.useCacheForAllThreads=false in command line.
2019-09-20 10:22:17,762 [main] INFO  grpc.GrpcConfigKeys$Server (ConfUtils.java:logGet(43)) - raft.grpc.server.port = 0 (default)
2019-09-20 10:22:17,763 [main] INFO  server.GrpcService (ConfUtils.java:logGet(43)) - raft.grpc.message.size.max = 33570816 (custom)
2019-09-20 10:22:17,763 [main] INFO  server.RaftServerConfigKeys (ConfUtils.java:logGet(43)) - raft.server.log.appender.buffer.byte-limit = 33554432 (custom)
2019-09-20 10:22:17,763 [main] INFO  server.GrpcService (ConfUtils.java:logGet(43)) - raft.grpc.flow.control.window = 1MB (=1048576) (default)
2019-09-20 10:22:17,763 [main] INFO  server.RaftServerConfigKeys (ConfUtils.java:logGet(43)) - raft.server.rpc.request.timeout = 3000ms (default)
2019-09-20 10:22:17,764 [main] INFO  server.RaftServerConfigKeys (ConfUtils.java:logGet(43)) - raft.server.storage.dir = [/workdir/hadoop-ozone/tools/target/test-dir/MiniOzoneClusterImpl-af2a0117-1d3a-4be0-8e0b-6e3e4fa8d6f4/datanode-2/data/ratis] (custom)
2019-09-20 10:22:17,765 [main] INFO  replication.SimpleContainerDownloader (SimpleContainerDownloader.java:<init>(72)) - Starting container downloader service to copy containers to replicate.
2019-09-20 10:22:17,766 [main] INFO  hdfs.DFSUtil (DFSUtil.java:httpServerTemplateForNNAndJN(1641)) - Starting Web-server for hddsDatanode at: http://0.0.0.0:0
2019-09-20 10:22:17,768 [main] INFO  server.AuthenticationFilter (AuthenticationFilter.java:constructSecretProvider(240)) - Unable to initialize FileSignerSecretProvider, falling back to use random secrets.
2019-09-20 10:22:17,769 [main] WARN  http.HttpRequestLog (HttpRequestLog.java:getRequestLog(97)) - Jetty request log can only be enabled using Log4j
2019-09-20 10:22:17,771 [main] INFO  http.HttpServer2 (HttpServer2.java:addGlobalFilter(975)) - Added global filter 'safety' (class=org.apache.hadoop.http.HttpServer2$QuotingInputFilter)
2019-09-20 10:22:17,772 [main] INFO  http.HttpServer2 (HttpServer2.java:addFilter(948)) - Added filter static_user_filter (class=org.apache.hadoop.http.lib.StaticUserWebFilter$StaticUserFilter) to context hddsDatanode
2019-09-20 10:22:17,773 [main] INFO  http.HttpServer2 (HttpServer2.java:addFilter(958)) - Added filter static_user_filter (class=org.apache.hadoop.http.lib.StaticUserWebFilter$StaticUserFilter) to context logs
2019-09-20 10:22:17,773 [main] INFO  http.HttpServer2 (HttpServer2.java:addFilter(958)) - Added filter static_user_filter (class=org.apache.hadoop.http.lib.StaticUserWebFilter$StaticUserFilter) to context static
2019-09-20 10:22:17,774 [main] INFO  http.HttpServer2 (HttpServer2.java:bindListener(1191)) - Jetty bound to port 35216
2019-09-20 10:22:17,774 [main] INFO  server.Server (Server.java:doStart(351)) - jetty-9.3.24.v20180605, build timestamp: 2018-06-05T17:11:56Z, git hash: 84205aa28f11a4f31f2a3b86d1bba2cc8ab69827
2019-09-20 10:22:17,777 [main] INFO  handler.ContextHandler (ContextHandler.java:doStart(781)) - Started o.e.j.s.ServletContextHandler@c412556{/logs,file:///workdir/hadoop-ozone/tools/target/log,AVAILABLE}
2019-09-20 10:22:17,778 [main] INFO  handler.ContextHandler (ContextHandler.java:doStart(781)) - Started o.e.j.s.ServletContextHandler@450f0235{/static,jar:file:/home/user/.m2/repository/org/apache/hadoop/hadoop-hdds-container-service/0.5.0-SNAPSHOT/hadoop-hdds-container-service-0.5.0-SNAPSHOT.jar!/webapps/static,AVAILABLE}
2019-09-20 10:22:17,821 [main] INFO  handler.ContextHandler (ContextHandler.java:doStart(781)) - Started o.e.j.w.WebAppContext@3e28d779{/,file:///tmp/jetty-0.0.0.0-35216-hddsDatanode-_-any-374155352419693009.dir/webapp/,AVAILABLE}{/hddsDatanode}
2019-09-20 10:22:17,822 [main] INFO  server.AbstractConnector (AbstractConnector.java:doStart(278)) - Started ServerConnector@15214920{HTTP/1.1,[http/1.1]}{0.0.0.0:35216}
2019-09-20 10:22:17,822 [main] INFO  server.Server (Server.java:doStart(419)) - Started @7813ms
2019-09-20 10:22:17,823 [main] INFO  server.BaseHttpServer (BaseHttpServer.java:updateConnectorAddress(213)) - HTTP server of HDDSDATANODE is listening at http://0.0.0.0:35216
2019-09-20 10:22:18,007 | INFO  | ObjectStoreRestHttpServer | Listening HDDS REST traffic on /0.0.0.0:45148 |  
2019-09-20 10:22:18,008 [main] INFO  ozone.HddsDatanodeService (HddsDatanodeService.java:startPlugins(395)) - Started plug-in org.apache.hadoop.ozone.web.OzoneHddsDatanodeService@65da01f4
2019-09-20 10:22:18,008 [main] INFO  impl.MetricsSystemImpl (MetricsSystemImpl.java:init(158)) - HddsDatanode metrics system started (again)
2019-09-20 10:22:18,012 [main] INFO  ozone.HddsDatanodeService (HddsDatanodeService.java:start(184)) - HddsDatanodeService host:pr-hdds-2034-wmsbd-1222111393 ip:192.168.151.119
2019-09-20 10:22:18,012 [org.apache.hadoop.util.JvmPauseMonitor$Monitor@30c95c7b] INFO  util.JvmPauseMonitor (JvmPauseMonitor.java:run(188)) - Starting JVM pause monitor
2019-09-20 10:22:18,015 [Datanode State Machine Thread - 0] INFO  datanode.InitDatanodeState (InitDatanodeState.java:persistContainerDatanodeDetails(140)) - DatanodeDetails is persisted to /workdir/hadoop-ozone/tools/target/test-dir/MiniOzoneClusterImpl-af2a0117-1d3a-4be0-8e0b-6e3e4fa8d6f4/datanode-2/meta/datanode.id
2019-09-20 10:22:18,020 [main] INFO  volume.HddsVolume (HddsVolume.java:<init>(176)) - Creating Volume: /workdir/hadoop-ozone/tools/target/test-dir/MiniOzoneClusterImpl-af2a0117-1d3a-4be0-8e0b-6e3e4fa8d6f4/datanode-3/data/containers/hdds of  storage type : DISK and capacity : 1482555576320
2019-09-20 10:22:18,020 [main] INFO  volume.VolumeSet (VolumeSet.java:initializeVolumeSet(170)) - Added Volume : /workdir/hadoop-ozone/tools/target/test-dir/MiniOzoneClusterImpl-af2a0117-1d3a-4be0-8e0b-6e3e4fa8d6f4/datanode-3/data/containers/hdds to VolumeSet
2019-09-20 10:22:18,021 [main] INFO  volume.ThrottledAsyncChecker (ThrottledAsyncChecker.java:schedule(140)) - Scheduling a check for org.apache.hadoop.ozone.container.common.volume.HddsVolume@119290b9
2019-09-20 10:22:18,021 [main] INFO  volume.HddsVolumeChecker (HddsVolumeChecker.java:checkAllVolumes(203)) - Scheduled health check for volume org.apache.hadoop.ozone.container.common.volume.HddsVolume@119290b9
2019-09-20 10:22:18,038 [main] INFO  impl.RaftServerProxy (ConfUtils.java:logGet(43)) - raft.rpc.type = GRPC (default)
2019-09-20 10:22:18,038 [main] INFO  grpc.GrpcFactory (GrpcFactory.java:checkPooledByteBufAllocatorUseCacheForAllThreads(45)) - PERFORMANCE WARNING: useCacheForAllThreads is true that may cause Netty to create a lot garbage objects and, as a result, trigger GC.
	It is recommended to disable useCacheForAllThreads by setting -Dorg.apache.ratis.thirdparty.io.netty.allocator.useCacheForAllThreads=false in command line.
2019-09-20 10:22:18,038 [main] INFO  grpc.GrpcConfigKeys$Server (ConfUtils.java:logGet(43)) - raft.grpc.server.port = 0 (default)
2019-09-20 10:22:18,038 [main] INFO  server.GrpcService (ConfUtils.java:logGet(43)) - raft.grpc.message.size.max = 33570816 (custom)
2019-09-20 10:22:18,039 [main] INFO  server.RaftServerConfigKeys (ConfUtils.java:logGet(43)) - raft.server.log.appender.buffer.byte-limit = 33554432 (custom)
2019-09-20 10:22:18,039 [main] INFO  server.GrpcService (ConfUtils.java:logGet(43)) - raft.grpc.flow.control.window = 1MB (=1048576) (default)
2019-09-20 10:22:18,039 [main] INFO  server.RaftServerConfigKeys (ConfUtils.java:logGet(43)) - raft.server.rpc.request.timeout = 3000ms (default)
2019-09-20 10:22:18,040 [main] INFO  server.RaftServerConfigKeys (ConfUtils.java:logGet(43)) - raft.server.storage.dir = [/workdir/hadoop-ozone/tools/target/test-dir/MiniOzoneClusterImpl-af2a0117-1d3a-4be0-8e0b-6e3e4fa8d6f4/datanode-3/data/ratis] (custom)
2019-09-20 10:22:18,040 [main] INFO  replication.SimpleContainerDownloader (SimpleContainerDownloader.java:<init>(72)) - Starting container downloader service to copy containers to replicate.
2019-09-20 10:22:18,041 [main] INFO  hdfs.DFSUtil (DFSUtil.java:httpServerTemplateForNNAndJN(1641)) - Starting Web-server for hddsDatanode at: http://0.0.0.0:0
2019-09-20 10:22:18,044 [main] INFO  server.AuthenticationFilter (AuthenticationFilter.java:constructSecretProvider(240)) - Unable to initialize FileSignerSecretProvider, falling back to use random secrets.
2019-09-20 10:22:18,046 [main] WARN  http.HttpRequestLog (HttpRequestLog.java:getRequestLog(97)) - Jetty request log can only be enabled using Log4j
2019-09-20 10:22:18,049 [main] INFO  http.HttpServer2 (HttpServer2.java:addGlobalFilter(975)) - Added global filter 'safety' (class=org.apache.hadoop.http.HttpServer2$QuotingInputFilter)
2019-09-20 10:22:18,050 [main] INFO  http.HttpServer2 (HttpServer2.java:addFilter(948)) - Added filter static_user_filter (class=org.apache.hadoop.http.lib.StaticUserWebFilter$StaticUserFilter) to context hddsDatanode
2019-09-20 10:22:18,051 [main] INFO  http.HttpServer2 (HttpServer2.java:addFilter(958)) - Added filter static_user_filter (class=org.apache.hadoop.http.lib.StaticUserWebFilter$StaticUserFilter) to context logs
2019-09-20 10:22:18,051 [main] INFO  http.HttpServer2 (HttpServer2.java:addFilter(958)) - Added filter static_user_filter (class=org.apache.hadoop.http.lib.StaticUserWebFilter$StaticUserFilter) to context static
2019-09-20 10:22:18,052 [main] INFO  http.HttpServer2 (HttpServer2.java:bindListener(1191)) - Jetty bound to port 38125
2019-09-20 10:22:18,053 [main] INFO  server.Server (Server.java:doStart(351)) - jetty-9.3.24.v20180605, build timestamp: 2018-06-05T17:11:56Z, git hash: 84205aa28f11a4f31f2a3b86d1bba2cc8ab69827
2019-09-20 10:22:18,057 [main] INFO  handler.ContextHandler (ContextHandler.java:doStart(781)) - Started o.e.j.s.ServletContextHandler@1cd2ff5b{/logs,file:///workdir/hadoop-ozone/tools/target/log,AVAILABLE}
2019-09-20 10:22:18,058 [main] INFO  handler.ContextHandler (ContextHandler.java:doStart(781)) - Started o.e.j.s.ServletContextHandler@17ff8810{/static,jar:file:/home/user/.m2/repository/org/apache/hadoop/hadoop-hdds-container-service/0.5.0-SNAPSHOT/hadoop-hdds-container-service-0.5.0-SNAPSHOT.jar!/webapps/static,AVAILABLE}
2019-09-20 10:22:18,108 [main] INFO  handler.ContextHandler (ContextHandler.java:doStart(781)) - Started o.e.j.w.WebAppContext@16d431b4{/,file:///tmp/jetty-0.0.0.0-38125-hddsDatanode-_-any-586346048691095127.dir/webapp/,AVAILABLE}{/hddsDatanode}
2019-09-20 10:22:18,109 [main] INFO  server.AbstractConnector (AbstractConnector.java:doStart(278)) - Started ServerConnector@6c0b51da{HTTP/1.1,[http/1.1]}{0.0.0.0:38125}
2019-09-20 10:22:18,109 [main] INFO  server.Server (Server.java:doStart(419)) - Started @8100ms
2019-09-20 10:22:18,110 [main] INFO  server.BaseHttpServer (BaseHttpServer.java:updateConnectorAddress(213)) - HTTP server of HDDSDATANODE is listening at http://0.0.0.0:38125
2019-09-20 10:22:18,289 | INFO  | ObjectStoreRestHttpServer | Listening HDDS REST traffic on /0.0.0.0:46241 |  
2019-09-20 10:22:18,289 [main] INFO  ozone.HddsDatanodeService (HddsDatanodeService.java:startPlugins(395)) - Started plug-in org.apache.hadoop.ozone.web.OzoneHddsDatanodeService@7eb27768
2019-09-20 10:22:18,290 [main] INFO  impl.MetricsSystemImpl (MetricsSystemImpl.java:init(158)) - HddsDatanode metrics system started (again)
2019-09-20 10:22:18,293 [main] INFO  ozone.HddsDatanodeService (HddsDatanodeService.java:start(184)) - HddsDatanodeService host:pr-hdds-2034-wmsbd-1222111393 ip:192.168.151.119
2019-09-20 10:22:18,294 [org.apache.hadoop.util.JvmPauseMonitor$Monitor@6e73c3dd] INFO  util.JvmPauseMonitor (JvmPauseMonitor.java:run(188)) - Starting JVM pause monitor
2019-09-20 10:22:18,297 [Datanode State Machine Thread - 0] INFO  datanode.InitDatanodeState (InitDatanodeState.java:persistContainerDatanodeDetails(140)) - DatanodeDetails is persisted to /workdir/hadoop-ozone/tools/target/test-dir/MiniOzoneClusterImpl-af2a0117-1d3a-4be0-8e0b-6e3e4fa8d6f4/datanode-3/meta/datanode.id
2019-09-20 10:22:18,302 [main] INFO  volume.HddsVolume (HddsVolume.java:<init>(176)) - Creating Volume: /workdir/hadoop-ozone/tools/target/test-dir/MiniOzoneClusterImpl-af2a0117-1d3a-4be0-8e0b-6e3e4fa8d6f4/datanode-4/data/containers/hdds of  storage type : DISK and capacity : 1482555576320
2019-09-20 10:22:18,303 [main] INFO  volume.VolumeSet (VolumeSet.java:initializeVolumeSet(170)) - Added Volume : /workdir/hadoop-ozone/tools/target/test-dir/MiniOzoneClusterImpl-af2a0117-1d3a-4be0-8e0b-6e3e4fa8d6f4/datanode-4/data/containers/hdds to VolumeSet
2019-09-20 10:22:18,303 [main] INFO  volume.ThrottledAsyncChecker (ThrottledAsyncChecker.java:schedule(140)) - Scheduling a check for org.apache.hadoop.ozone.container.common.volume.HddsVolume@d8835af
2019-09-20 10:22:18,303 [main] INFO  volume.HddsVolumeChecker (HddsVolumeChecker.java:checkAllVolumes(203)) - Scheduled health check for volume org.apache.hadoop.ozone.container.common.volume.HddsVolume@d8835af
2019-09-20 10:22:18,320 [main] INFO  impl.RaftServerProxy (ConfUtils.java:logGet(43)) - raft.rpc.type = GRPC (default)
2019-09-20 10:22:18,320 [main] INFO  grpc.GrpcFactory (GrpcFactory.java:checkPooledByteBufAllocatorUseCacheForAllThreads(45)) - PERFORMANCE WARNING: useCacheForAllThreads is true that may cause Netty to create a lot garbage objects and, as a result, trigger GC.
	It is recommended to disable useCacheForAllThreads by setting -Dorg.apache.ratis.thirdparty.io.netty.allocator.useCacheForAllThreads=false in command line.
2019-09-20 10:22:18,321 [main] INFO  grpc.GrpcConfigKeys$Server (ConfUtils.java:logGet(43)) - raft.grpc.server.port = 0 (default)
2019-09-20 10:22:18,321 [main] INFO  server.GrpcService (ConfUtils.java:logGet(43)) - raft.grpc.message.size.max = 33570816 (custom)
2019-09-20 10:22:18,321 [main] INFO  server.RaftServerConfigKeys (ConfUtils.java:logGet(43)) - raft.server.log.appender.buffer.byte-limit = 33554432 (custom)
2019-09-20 10:22:18,322 [main] INFO  server.GrpcService (ConfUtils.java:logGet(43)) - raft.grpc.flow.control.window = 1MB (=1048576) (default)
2019-09-20 10:22:18,322 [main] INFO  server.RaftServerConfigKeys (ConfUtils.java:logGet(43)) - raft.server.rpc.request.timeout = 3000ms (default)
2019-09-20 10:22:18,323 [main] INFO  server.RaftServerConfigKeys (ConfUtils.java:logGet(43)) - raft.server.storage.dir = [/workdir/hadoop-ozone/tools/target/test-dir/MiniOzoneClusterImpl-af2a0117-1d3a-4be0-8e0b-6e3e4fa8d6f4/datanode-4/data/ratis] (custom)
2019-09-20 10:22:18,324 [main] INFO  replication.SimpleContainerDownloader (SimpleContainerDownloader.java:<init>(72)) - Starting container downloader service to copy containers to replicate.
2019-09-20 10:22:18,325 [main] INFO  hdfs.DFSUtil (DFSUtil.java:httpServerTemplateForNNAndJN(1641)) - Starting Web-server for hddsDatanode at: http://0.0.0.0:0
2019-09-20 10:22:18,327 [main] INFO  server.AuthenticationFilter (AuthenticationFilter.java:constructSecretProvider(240)) - Unable to initialize FileSignerSecretProvider, falling back to use random secrets.
2019-09-20 10:22:18,327 [main] WARN  http.HttpRequestLog (HttpRequestLog.java:getRequestLog(97)) - Jetty request log can only be enabled using Log4j
2019-09-20 10:22:18,329 [main] INFO  http.HttpServer2 (HttpServer2.java:addGlobalFilter(975)) - Added global filter 'safety' (class=org.apache.hadoop.http.HttpServer2$QuotingInputFilter)
2019-09-20 10:22:18,329 [main] INFO  http.HttpServer2 (HttpServer2.java:addFilter(948)) - Added filter static_user_filter (class=org.apache.hadoop.http.lib.StaticUserWebFilter$StaticUserFilter) to context hddsDatanode
2019-09-20 10:22:18,329 [main] INFO  http.HttpServer2 (HttpServer2.java:addFilter(958)) - Added filter static_user_filter (class=org.apache.hadoop.http.lib.StaticUserWebFilter$StaticUserFilter) to context logs
2019-09-20 10:22:18,330 [main] INFO  http.HttpServer2 (HttpServer2.java:addFilter(958)) - Added filter static_user_filter (class=org.apache.hadoop.http.lib.StaticUserWebFilter$StaticUserFilter) to context static
2019-09-20 10:22:18,330 [main] INFO  http.HttpServer2 (HttpServer2.java:bindListener(1191)) - Jetty bound to port 41496
2019-09-20 10:22:18,330 [main] INFO  server.Server (Server.java:doStart(351)) - jetty-9.3.24.v20180605, build timestamp: 2018-06-05T17:11:56Z, git hash: 84205aa28f11a4f31f2a3b86d1bba2cc8ab69827
2019-09-20 10:22:18,333 [main] INFO  handler.ContextHandler (ContextHandler.java:doStart(781)) - Started o.e.j.s.ServletContextHandler@203e705e{/logs,file:///workdir/hadoop-ozone/tools/target/log,AVAILABLE}
2019-09-20 10:22:18,333 [main] INFO  handler.ContextHandler (ContextHandler.java:doStart(781)) - Started o.e.j.s.ServletContextHandler@39652a30{/static,jar:file:/home/user/.m2/repository/org/apache/hadoop/hadoop-hdds-container-service/0.5.0-SNAPSHOT/hadoop-hdds-container-service-0.5.0-SNAPSHOT.jar!/webapps/static,AVAILABLE}
2019-09-20 10:22:18,362 [main] INFO  handler.ContextHandler (ContextHandler.java:doStart(781)) - Started o.e.j.w.WebAppContext@5e193ef5{/,file:///tmp/jetty-0.0.0.0-41496-hddsDatanode-_-any-5493419724927732967.dir/webapp/,AVAILABLE}{/hddsDatanode}
2019-09-20 10:22:18,363 [main] INFO  server.AbstractConnector (AbstractConnector.java:doStart(278)) - Started ServerConnector@106c988{HTTP/1.1,[http/1.1]}{0.0.0.0:41496}
2019-09-20 10:22:18,364 [main] INFO  server.Server (Server.java:doStart(419)) - Started @8354ms
2019-09-20 10:22:18,364 [main] INFO  server.BaseHttpServer (BaseHttpServer.java:updateConnectorAddress(213)) - HTTP server of HDDSDATANODE is listening at http://0.0.0.0:41496
2019-09-20 10:22:18,508 | INFO  | ObjectStoreRestHttpServer | Listening HDDS REST traffic on /0.0.0.0:38061 |  
2019-09-20 10:22:18,508 [main] INFO  ozone.HddsDatanodeService (HddsDatanodeService.java:startPlugins(395)) - Started plug-in org.apache.hadoop.ozone.web.OzoneHddsDatanodeService@35d7386b
2019-09-20 10:22:18,510 [main] INFO  ozone.MiniOzoneClusterImpl (MiniOzoneClusterImpl.java:lambda$waitForClusterToBeReady$0(145)) - Waiting for nodes to be ready. Got 0 of 5 DN Heartbeats.
2019-09-20 10:22:18,510 [main] INFO  ozone.MiniOzoneClusterImpl (MiniOzoneClusterImpl.java:lambda$waitForClusterToBeReady$0(148)) - Waiting for cluster to exit safe mode
2019-09-20 10:22:18,512 [org.apache.hadoop.util.JvmPauseMonitor$Monitor@56a1d162] INFO  util.JvmPauseMonitor (JvmPauseMonitor.java:run(188)) - Starting JVM pause monitor
2019-09-20 10:22:18,515 [Datanode State Machine Thread - 0] INFO  datanode.InitDatanodeState (InitDatanodeState.java:persistContainerDatanodeDetails(140)) - DatanodeDetails is persisted to /workdir/hadoop-ozone/tools/target/test-dir/MiniOzoneClusterImpl-af2a0117-1d3a-4be0-8e0b-6e3e4fa8d6f4/datanode-4/meta/datanode.id
2019-09-20 10:22:19,505 | INFO  | SCMAudit | user=jenkins1000 | ip=192.168.151.119 | op=GET_VERSION null | ret=SUCCESS |  
2019-09-20 10:22:19,511 [main] INFO  ozone.MiniOzoneClusterImpl (MiniOzoneClusterImpl.java:lambda$waitForClusterToBeReady$0(145)) - Waiting for nodes to be ready. Got 0 of 5 DN Heartbeats.
2019-09-20 10:22:19,511 [main] INFO  ozone.MiniOzoneClusterImpl (MiniOzoneClusterImpl.java:lambda$waitForClusterToBeReady$0(148)) - Waiting for cluster to exit safe mode
2019-09-20 10:22:19,535 [Datanode State Machine Thread - 0] INFO  ozoneimpl.OzoneContainer (OzoneContainer.java:start(186)) - Attempting to start container services.
2019-09-20 10:22:19,537 [Datanode State Machine Thread - 0] INFO  ozoneimpl.OzoneContainer (OzoneContainer.java:startContainerScrub(160)) - Background container scrubber has been disabled by hdds.containerscrub.enabled
2019-09-20 10:22:19,537 [Datanode State Machine Thread - 0] INFO  ratis.XceiverServerRatis (XceiverServerRatis.java:start(404)) - Starting XceiverServerRatis aa9e4bb3-facb-4def-b849-7d6b52565e14 at port 0
2019-09-20 10:22:19,562 [Datanode State Machine Thread - 0] INFO  impl.RaftServerProxy (RaftServerProxy.java:lambda$start$3(299)) - aa9e4bb3-facb-4def-b849-7d6b52565e14: start RPC server
2019-09-20 10:22:19,702 [Datanode State Machine Thread - 0] INFO  server.GrpcService (GrpcService.java:startImpl(149)) - aa9e4bb3-facb-4def-b849-7d6b52565e14: GrpcService started, listening on 0.0.0.0/0.0.0.0:37131
2019-09-20 10:22:19,704 [Datanode State Machine Thread - 0] INFO  ratis.XceiverServerRatis (XceiverServerRatis.java:start(414)) - XceiverServerRatis aa9e4bb3-facb-4def-b849-7d6b52565e14 is started using port 37131
2019-09-20 10:22:19,706 [Datanode State Machine Thread - 0] INFO  server.XceiverServerGrpc (XceiverServerGrpc.java:start(163)) - XceiverServerGrpc aa9e4bb3-facb-4def-b849-7d6b52565e14 is started using port 34881
2019-09-20 10:22:19,735 | INFO  | SCMAudit | user=jenkins1000 | ip=192.168.151.119 | op=GET_VERSION null | ret=SUCCESS |  
2019-09-20 10:22:19,760 [Datanode State Machine Thread - 0] INFO  ozoneimpl.OzoneContainer (OzoneContainer.java:start(186)) - Attempting to start container services.
2019-09-20 10:22:19,763 [Datanode State Machine Thread - 0] INFO  ozoneimpl.OzoneContainer (OzoneContainer.java:startContainerScrub(160)) - Background container scrubber has been disabled by hdds.containerscrub.enabled
2019-09-20 10:22:19,763 [Datanode State Machine Thread - 0] INFO  ratis.XceiverServerRatis (XceiverServerRatis.java:start(404)) - Starting XceiverServerRatis 84b71683-f1d6-4867-b37a-0b317a1fb9fa at port 0
2019-09-20 10:22:19,858 [Datanode State Machine Thread - 0] INFO  impl.RaftServerProxy (RaftServerProxy.java:lambda$start$3(299)) - 84b71683-f1d6-4867-b37a-0b317a1fb9fa: start RPC server
2019-09-20 10:22:19,862 [Datanode State Machine Thread - 0] INFO  server.GrpcService (GrpcService.java:startImpl(149)) - 84b71683-f1d6-4867-b37a-0b317a1fb9fa: GrpcService started, listening on 0.0.0.0/0.0.0.0:33668
2019-09-20 10:22:19,862 [Datanode State Machine Thread - 0] INFO  ratis.XceiverServerRatis (XceiverServerRatis.java:start(414)) - XceiverServerRatis 84b71683-f1d6-4867-b37a-0b317a1fb9fa is started using port 33668
2019-09-20 10:22:19,871 [Datanode State Machine Thread - 0] INFO  server.XceiverServerGrpc (XceiverServerGrpc.java:start(163)) - XceiverServerGrpc 84b71683-f1d6-4867-b37a-0b317a1fb9fa is started using port 42580
2019-09-20 10:22:20,014 | INFO  | SCMAudit | user=jenkins1000 | ip=192.168.151.119 | op=GET_VERSION null | ret=SUCCESS |  
2019-09-20 10:22:20,041 [Datanode State Machine Thread - 0] INFO  ozoneimpl.OzoneContainer (OzoneContainer.java:start(186)) - Attempting to start container services.
2019-09-20 10:22:20,044 [Datanode State Machine Thread - 0] INFO  ozoneimpl.OzoneContainer (OzoneContainer.java:startContainerScrub(160)) - Background container scrubber has been disabled by hdds.containerscrub.enabled
2019-09-20 10:22:20,044 [Datanode State Machine Thread - 0] INFO  ratis.XceiverServerRatis (XceiverServerRatis.java:start(404)) - Starting XceiverServerRatis 7b87af3a-af6c-4aa1-be3e-95b078724efe at port 0
2019-09-20 10:22:20,055 [Datanode State Machine Thread - 0] INFO  impl.RaftServerProxy (RaftServerProxy.java:lambda$start$3(299)) - 7b87af3a-af6c-4aa1-be3e-95b078724efe: start RPC server
2019-09-20 10:22:20,058 [Datanode State Machine Thread - 0] INFO  server.GrpcService (GrpcService.java:startImpl(149)) - 7b87af3a-af6c-4aa1-be3e-95b078724efe: GrpcService started, listening on 0.0.0.0/0.0.0.0:45465
2019-09-20 10:22:20,058 [Datanode State Machine Thread - 0] INFO  ratis.XceiverServerRatis (XceiverServerRatis.java:start(414)) - XceiverServerRatis 7b87af3a-af6c-4aa1-be3e-95b078724efe is started using port 45465
2019-09-20 10:22:20,061 [Datanode State Machine Thread - 0] INFO  server.XceiverServerGrpc (XceiverServerGrpc.java:start(163)) - XceiverServerGrpc 7b87af3a-af6c-4aa1-be3e-95b078724efe is started using port 35966
2019-09-20 10:22:20,297 | INFO  | SCMAudit | user=jenkins1000 | ip=192.168.151.119 | op=GET_VERSION null | ret=SUCCESS |  
2019-09-20 10:22:20,312 [Datanode State Machine Thread - 0] INFO  ozoneimpl.OzoneContainer (OzoneContainer.java:start(186)) - Attempting to start container services.
2019-09-20 10:22:20,315 [Datanode State Machine Thread - 0] INFO  ozoneimpl.OzoneContainer (OzoneContainer.java:startContainerScrub(160)) - Background container scrubber has been disabled by hdds.containerscrub.enabled
2019-09-20 10:22:20,315 [Datanode State Machine Thread - 0] INFO  ratis.XceiverServerRatis (XceiverServerRatis.java:start(404)) - Starting XceiverServerRatis 3af3cd06-84fa-41cf-aa13-4ffa9c74ee72 at port 0
2019-09-20 10:22:20,325 [Datanode State Machine Thread - 0] INFO  impl.RaftServerProxy (RaftServerProxy.java:lambda$start$3(299)) - 3af3cd06-84fa-41cf-aa13-4ffa9c74ee72: start RPC server
2019-09-20 10:22:20,328 [Datanode State Machine Thread - 0] INFO  server.GrpcService (GrpcService.java:startImpl(149)) - 3af3cd06-84fa-41cf-aa13-4ffa9c74ee72: GrpcService started, listening on 0.0.0.0/0.0.0.0:42789
2019-09-20 10:22:20,329 [Datanode State Machine Thread - 0] INFO  ratis.XceiverServerRatis (XceiverServerRatis.java:start(414)) - XceiverServerRatis 3af3cd06-84fa-41cf-aa13-4ffa9c74ee72 is started using port 42789
2019-09-20 10:22:20,332 [Datanode State Machine Thread - 0] INFO  server.XceiverServerGrpc (XceiverServerGrpc.java:start(163)) - XceiverServerGrpc 3af3cd06-84fa-41cf-aa13-4ffa9c74ee72 is started using port 42112
2019-09-20 10:22:20,511 [main] INFO  ozone.MiniOzoneClusterImpl (MiniOzoneClusterImpl.java:lambda$waitForClusterToBeReady$0(145)) - Waiting for nodes to be ready. Got 0 of 5 DN Heartbeats.
2019-09-20 10:22:20,512 [main] INFO  ozone.MiniOzoneClusterImpl (MiniOzoneClusterImpl.java:lambda$waitForClusterToBeReady$0(148)) - Waiting for cluster to exit safe mode
2019-09-20 10:22:20,515 | INFO  | SCMAudit | user=jenkins1000 | ip=192.168.151.119 | op=GET_VERSION null | ret=SUCCESS |  
2019-09-20 10:22:20,529 [Datanode State Machine Thread - 0] INFO  ozoneimpl.OzoneContainer (OzoneContainer.java:start(186)) - Attempting to start container services.
2019-09-20 10:22:20,536 [Datanode State Machine Thread - 0] INFO  ozoneimpl.OzoneContainer (OzoneContainer.java:startContainerScrub(160)) - Background container scrubber has been disabled by hdds.containerscrub.enabled
2019-09-20 10:22:20,537 [Datanode State Machine Thread - 0] INFO  ratis.XceiverServerRatis (XceiverServerRatis.java:start(404)) - Starting XceiverServerRatis 9bcfbe99-7901-4181-be4e-3ec5dddec5b7 at port 0
2019-09-20 10:22:20,547 [Datanode State Machine Thread - 0] INFO  impl.RaftServerProxy (RaftServerProxy.java:lambda$start$3(299)) - 9bcfbe99-7901-4181-be4e-3ec5dddec5b7: start RPC server
2019-09-20 10:22:20,551 [Datanode State Machine Thread - 0] INFO  server.GrpcService (GrpcService.java:startImpl(149)) - 9bcfbe99-7901-4181-be4e-3ec5dddec5b7: GrpcService started, listening on 0.0.0.0/0.0.0.0:39907
2019-09-20 10:22:20,551 [Datanode State Machine Thread - 0] INFO  ratis.XceiverServerRatis (XceiverServerRatis.java:start(414)) - XceiverServerRatis 9bcfbe99-7901-4181-be4e-3ec5dddec5b7 is started using port 39907
2019-09-20 10:22:20,555 [Datanode State Machine Thread - 0] INFO  server.XceiverServerGrpc (XceiverServerGrpc.java:start(163)) - XceiverServerGrpc 9bcfbe99-7901-4181-be4e-3ec5dddec5b7 is started using port 45066
2019-09-20 10:22:21,513 [main] INFO  ozone.MiniOzoneClusterImpl (MiniOzoneClusterImpl.java:lambda$waitForClusterToBeReady$0(145)) - Waiting for nodes to be ready. Got 1 of 5 DN Heartbeats.
2019-09-20 10:22:21,513 [main] INFO  ozone.MiniOzoneClusterImpl (MiniOzoneClusterImpl.java:lambda$waitForClusterToBeReady$0(148)) - Waiting for cluster to exit safe mode
2019-09-20 10:22:21,518 [IPC Server handler 0 on 42016] INFO  net.NetworkTopology (NetworkTopologyImpl.java:add(110)) - Added a new node: /default-rack/aa9e4bb3-facb-4def-b849-7d6b52565e14
2019-09-20 10:22:21,519 [IPC Server handler 0 on 42016] INFO  node.SCMNodeManager (SCMNodeManager.java:register(273)) - Registered Data node : aa9e4bb3-facb-4def-b849-7d6b52565e14{ip: 192.168.151.119, host: pr-hdds-2034-wmsbd-1222111393, networkLocation: /default-rack, certSerialId: null}
2019-09-20 10:22:21,523 [EventQueue-NodeRegistrationContainerReportForDataNodeSafeModeRule] INFO  safemode.SCMSafeModeManager (DataNodeSafeModeRule.java:process(71)) - SCM in safe mode. 1 DataNodes registered, 1 required.
2019-09-20 10:22:21,523 [EventQueue-NodeRegistrationContainerReportForContainerSafeModeRule] INFO  safemode.SCMSafeModeManager (SCMSafeModeManager.java:validateSafeModeExitRules(169)) - ContainerSafeModeRule rule is successfully validated
2019-09-20 10:22:21,524 [EventQueue-NodeRegistrationContainerReportForDataNodeSafeModeRule] INFO  safemode.SCMSafeModeManager (SCMSafeModeManager.java:validateSafeModeExitRules(169)) - DataNodeSafeModeRule rule is successfully validated
2019-09-20 10:22:21,529 [RatisPipelineUtilsThread] INFO  pipeline.RatisPipelineProvider (RatisPipelineProvider.java:lambda$create$4(164)) - Send pipeline:PipelineID=27acaa41-742b-488c-973a-537fbe8d44b1 create command to datanode aa9e4bb3-facb-4def-b849-7d6b52565e14
2019-09-20 10:22:21,536 | INFO  | SCMAudit | user=jenkins1000 | ip=192.168.151.119 | op=REGISTER {datanodeDetails=aa9e4bb3-facb-4def-b849-7d6b52565e14{ip: 192.168.151.119, host: pr-hdds-2034-wmsbd-1222111393, networkLocation: /default-rack, certSerialId: null}} | ret=SUCCESS |  
2019-09-20 10:22:21,736 [IPC Server handler 2 on 42016] INFO  net.NetworkTopology (NetworkTopologyImpl.java:add(110)) - Added a new node: /default-rack/84b71683-f1d6-4867-b37a-0b317a1fb9fa
2019-09-20 10:22:21,737 [IPC Server handler 2 on 42016] INFO  node.SCMNodeManager (SCMNodeManager.java:register(273)) - Registered Data node : 84b71683-f1d6-4867-b37a-0b317a1fb9fa{ip: 192.168.151.119, host: pr-hdds-2034-wmsbd-1222111393, networkLocation: /default-rack, certSerialId: null}
2019-09-20 10:22:21,737 [EventQueue-NodeRegistrationContainerReportForDataNodeSafeModeRule] INFO  safemode.SCMSafeModeManager (SCMSafeModeManager.java:validateSafeModeExitRules(169)) - DataNodeSafeModeRule rule is successfully validated
2019-09-20 10:22:21,737 | INFO  | SCMAudit | user=jenkins1000 | ip=192.168.151.119 | op=REGISTER {datanodeDetails=84b71683-f1d6-4867-b37a-0b317a1fb9fa{ip: 192.168.151.119, host: pr-hdds-2034-wmsbd-1222111393, networkLocation: /default-rack, certSerialId: null}} | ret=SUCCESS |  
2019-09-20 10:22:21,737 [EventQueue-NodeRegistrationContainerReportForContainerSafeModeRule] INFO  safemode.SCMSafeModeManager (SCMSafeModeManager.java:validateSafeModeExitRules(169)) - ContainerSafeModeRule rule is successfully validated
2019-09-20 10:22:21,738 [RatisPipelineUtilsThread] INFO  pipeline.RatisPipelineProvider (RatisPipelineProvider.java:lambda$create$4(164)) - Send pipeline:PipelineID=7fe3fac2-881e-4fd0-a41c-f0f1f89fc993 create command to datanode 84b71683-f1d6-4867-b37a-0b317a1fb9fa
2019-09-20 10:22:22,015 [IPC Server handler 4 on 42016] INFO  net.NetworkTopology (NetworkTopologyImpl.java:add(110)) - Added a new node: /default-rack/7b87af3a-af6c-4aa1-be3e-95b078724efe
2019-09-20 10:22:22,018 [IPC Server handler 4 on 42016] INFO  node.SCMNodeManager (SCMNodeManager.java:register(273)) - Registered Data node : 7b87af3a-af6c-4aa1-be3e-95b078724efe{ip: 192.168.151.119, host: pr-hdds-2034-wmsbd-1222111393, networkLocation: /default-rack, certSerialId: null}
2019-09-20 10:22:22,018 [RatisPipelineUtilsThread] INFO  pipeline.RatisPipelineProvider (RatisPipelineProvider.java:lambda$create$4(164)) - Send pipeline:PipelineID=4fdaa282-241d-4051-a30b-d0f99134abc0 create command to datanode 7b87af3a-af6c-4aa1-be3e-95b078724efe
2019-09-20 10:22:22,018 [EventQueue-NodeRegistrationContainerReportForDataNodeSafeModeRule] INFO  safemode.SCMSafeModeManager (SCMSafeModeManager.java:validateSafeModeExitRules(169)) - DataNodeSafeModeRule rule is successfully validated
2019-09-20 10:22:22,018 | INFO  | SCMAudit | user=jenkins1000 | ip=192.168.151.119 | op=REGISTER {datanodeDetails=7b87af3a-af6c-4aa1-be3e-95b078724efe{ip: 192.168.151.119, host: pr-hdds-2034-wmsbd-1222111393, networkLocation: /default-rack, certSerialId: null}} | ret=SUCCESS |  
2019-09-20 10:22:22,018 [EventQueue-NodeRegistrationContainerReportForContainerSafeModeRule] INFO  safemode.SCMSafeModeManager (SCMSafeModeManager.java:validateSafeModeExitRules(169)) - ContainerSafeModeRule rule is successfully validated
2019-09-20 10:22:22,020 [RatisPipelineUtilsThread] INFO  pipeline.RatisPipelineProvider (RatisPipelineProvider.java:lambda$create$4(164)) - Send pipeline:PipelineID=5a4d3fa6-23a6-4db2-a3ab-2746e11d7a4f create command to datanode 7b87af3a-af6c-4aa1-be3e-95b078724efe
2019-09-20 10:22:22,020 [RatisPipelineUtilsThread] INFO  pipeline.RatisPipelineProvider (RatisPipelineProvider.java:lambda$create$4(164)) - Send pipeline:PipelineID=5a4d3fa6-23a6-4db2-a3ab-2746e11d7a4f create command to datanode aa9e4bb3-facb-4def-b849-7d6b52565e14
2019-09-20 10:22:22,020 [RatisPipelineUtilsThread] INFO  pipeline.RatisPipelineProvider (RatisPipelineProvider.java:lambda$create$4(164)) - Send pipeline:PipelineID=5a4d3fa6-23a6-4db2-a3ab-2746e11d7a4f create command to datanode 84b71683-f1d6-4867-b37a-0b317a1fb9fa
2019-09-20 10:22:22,300 [IPC Server handler 0 on 42016] INFO  net.NetworkTopology (NetworkTopologyImpl.java:add(110)) - Added a new node: /default-rack/3af3cd06-84fa-41cf-aa13-4ffa9c74ee72
2019-09-20 10:22:22,300 [IPC Server handler 0 on 42016] INFO  node.SCMNodeManager (SCMNodeManager.java:register(273)) - Registered Data node : 3af3cd06-84fa-41cf-aa13-4ffa9c74ee72{ip: 192.168.151.119, host: pr-hdds-2034-wmsbd-1222111393, networkLocation: /default-rack, certSerialId: null}
2019-09-20 10:22:22,301 [EventQueue-NodeRegistrationContainerReportForDataNodeSafeModeRule] INFO  safemode.SCMSafeModeManager (SCMSafeModeManager.java:validateSafeModeExitRules(169)) - DataNodeSafeModeRule rule is successfully validated
2019-09-20 10:22:22,301 [EventQueue-NodeRegistrationContainerReportForContainerSafeModeRule] INFO  safemode.SCMSafeModeManager (SCMSafeModeManager.java:validateSafeModeExitRules(169)) - ContainerSafeModeRule rule is successfully validated
2019-09-20 10:22:22,301 | INFO  | SCMAudit | user=jenkins1000 | ip=192.168.151.119 | op=REGISTER {datanodeDetails=3af3cd06-84fa-41cf-aa13-4ffa9c74ee72{ip: 192.168.151.119, host: pr-hdds-2034-wmsbd-1222111393, networkLocation: /default-rack, certSerialId: null}} | ret=SUCCESS |  
2019-09-20 10:22:22,301 [RatisPipelineUtilsThread] INFO  pipeline.RatisPipelineProvider (RatisPipelineProvider.java:lambda$create$4(164)) - Send pipeline:PipelineID=514e7d72-df71-4642-9ea1-71be46dee4ae create command to datanode 3af3cd06-84fa-41cf-aa13-4ffa9c74ee72
2019-09-20 10:22:22,515 [main] INFO  ozone.MiniOzoneClusterImpl (MiniOzoneClusterImpl.java:lambda$waitForClusterToBeReady$0(145)) - Waiting for nodes to be ready. Got 4 of 5 DN Heartbeats.
2019-09-20 10:22:22,515 [main] INFO  ozone.MiniOzoneClusterImpl (MiniOzoneClusterImpl.java:lambda$waitForClusterToBeReady$0(148)) - Waiting for cluster to exit safe mode
2019-09-20 10:22:22,516 [IPC Server handler 2 on 42016] INFO  net.NetworkTopology (NetworkTopologyImpl.java:add(110)) - Added a new node: /default-rack/9bcfbe99-7901-4181-be4e-3ec5dddec5b7
2019-09-20 10:22:22,516 [IPC Server handler 2 on 42016] INFO  node.SCMNodeManager (SCMNodeManager.java:register(273)) - Registered Data node : 9bcfbe99-7901-4181-be4e-3ec5dddec5b7{ip: 192.168.151.119, host: pr-hdds-2034-wmsbd-1222111393, networkLocation: /default-rack, certSerialId: null}
2019-09-20 10:22:22,516 [EventQueue-NodeRegistrationContainerReportForDataNodeSafeModeRule] INFO  safemode.SCMSafeModeManager (SCMSafeModeManager.java:validateSafeModeExitRules(169)) - DataNodeSafeModeRule rule is successfully validated
2019-09-20 10:22:22,516 | INFO  | SCMAudit | user=jenkins1000 | ip=192.168.151.119 | op=REGISTER {datanodeDetails=9bcfbe99-7901-4181-be4e-3ec5dddec5b7{ip: 192.168.151.119, host: pr-hdds-2034-wmsbd-1222111393, networkLocation: /default-rack, certSerialId: null}} | ret=SUCCESS |  
2019-09-20 10:22:22,516 [RatisPipelineUtilsThread] INFO  pipeline.RatisPipelineProvider (RatisPipelineProvider.java:lambda$create$4(164)) - Send pipeline:PipelineID=a3616861-089e-49c3-9432-3777a7080ea7 create command to datanode 9bcfbe99-7901-4181-be4e-3ec5dddec5b7
2019-09-20 10:22:22,517 [EventQueue-NodeRegistrationContainerReportForContainerSafeModeRule] INFO  safemode.SCMSafeModeManager (SCMSafeModeManager.java:validateSafeModeExitRules(169)) - ContainerSafeModeRule rule is successfully validated
2019-09-20 10:22:23,517 [main] INFO  ozone.MiniOzoneClusterImpl (MiniOzoneClusterImpl.java:lambda$waitForClusterToBeReady$0(145)) - Nodes are ready. Got 5 of 5 DN Heartbeats.
2019-09-20 10:22:23,517 [main] INFO  ozone.MiniOzoneClusterImpl (MiniOzoneClusterImpl.java:lambda$waitForClusterToBeReady$0(148)) - Waiting for cluster to exit safe mode
2019-09-20 10:22:23,548 | INFO  | SCMAudit | user=jenkins1000 | ip=192.168.151.119 | op=SEND_HEARTBEAT {datanodeUUID=aa9e4bb3-facb-4def-b849-7d6b52565e14, command=[commandType: createPipelineCommand createPipelineCommandProto { pipelineID { id: "27acaa41-742b-488c-973a-537fbe8d44b1" } type: RATIS factor: ONE datanode { uuid: "aa9e4bb3-facb-4def-b849-7d6b52565e14" ipAddress: "192.168.151.119" hostName: "pr-hdds-2034-wmsbd-1222111393" ports { name: "REST" value: 36144 } ports { name: "RATIS" value: 37131 } ports { name: "STANDALONE" value: 34881 } networkName: "aa9e4bb3-facb-4def-b849-7d6b52565e14" networkLocation: "/default-rack" } cmdId: 1568974941529 } , commandType: createPipelineCommand createPipelineCommandProto { pipelineID { id: "5a4d3fa6-23a6-4db2-a3ab-2746e11d7a4f" } type: RATIS factor: THREE datanode { uuid: "7b87af3a-af6c-4aa1-be3e-95b078724efe" ipAddress: "192.168.151.119" hostName: "pr-hdds-2034-wmsbd-1222111393" ports { name: "REST" value: 45148 } ports { name: "RATIS" value: 45465 } ports { name: "STANDALONE" value: 35966 } networkName: "7b87af3a-af6c-4aa1-be3e-95b078724efe" networkLocation: "/default-rack" } datanode { uuid: "aa9e4bb3-facb-4def-b849-7d6b52565e14" ipAddress: "192.168.151.119" hostName: "pr-hdds-2034-wmsbd-1222111393" ports { name: "REST" value: 36144 } ports { name: "RATIS" value: 37131 } ports { name: "STANDALONE" value: 34881 } networkName: "aa9e4bb3-facb-4def-b849-7d6b52565e14" networkLocation: "/default-rack" } datanode { uuid: "84b71683-f1d6-4867-b37a-0b317a1fb9fa" ipAddress: "192.168.151.119" hostName: "pr-hdds-2034-wmsbd-1222111393" ports { name: "REST" value: 39762 } ports { name: "RATIS" value: 33668 } ports { name: "STANDALONE" value: 42580 } networkName: "84b71683-f1d6-4867-b37a-0b317a1fb9fa" networkLocation: "/default-rack" } cmdId: 1568974941532 } ]} | ret=SUCCESS |  
2019-09-20 10:22:23,741 | INFO  | SCMAudit | user=jenkins1000 | ip=192.168.151.119 | op=SEND_HEARTBEAT {datanodeUUID=84b71683-f1d6-4867-b37a-0b317a1fb9fa, command=[commandType: createPipelineCommand createPipelineCommandProto { pipelineID { id: "7fe3fac2-881e-4fd0-a41c-f0f1f89fc993" } type: RATIS factor: ONE datanode { uuid: "84b71683-f1d6-4867-b37a-0b317a1fb9fa" ipAddress: "192.168.151.119" hostName: "pr-hdds-2034-wmsbd-1222111393" ports { name: "REST" value: 39762 } ports { name: "RATIS" value: 33668 } ports { name: "STANDALONE" value: 42580 } networkName: "84b71683-f1d6-4867-b37a-0b317a1fb9fa" networkLocation: "/default-rack" } cmdId: 1568974941530 } , commandType: createPipelineCommand createPipelineCommandProto { pipelineID { id: "5a4d3fa6-23a6-4db2-a3ab-2746e11d7a4f" } type: RATIS factor: THREE datanode { uuid: "7b87af3a-af6c-4aa1-be3e-95b078724efe" ipAddress: "192.168.151.119" hostName: "pr-hdds-2034-wmsbd-1222111393" ports { name: "REST" value: 45148 } ports { name: "RATIS" value: 45465 } ports { name: "STANDALONE" value: 35966 } networkName: "7b87af3a-af6c-4aa1-be3e-95b078724efe" networkLocation: "/default-rack" } datanode { uuid: "aa9e4bb3-facb-4def-b849-7d6b52565e14" ipAddress: "192.168.151.119" hostName: "pr-hdds-2034-wmsbd-1222111393" ports { name: "REST" value: 36144 } ports { name: "RATIS" value: 37131 } ports { name: "STANDALONE" value: 34881 } networkName: "aa9e4bb3-facb-4def-b849-7d6b52565e14" networkLocation: "/default-rack" } datanode { uuid: "84b71683-f1d6-4867-b37a-0b317a1fb9fa" ipAddress: "192.168.151.119" hostName: "pr-hdds-2034-wmsbd-1222111393" ports { name: "REST" value: 39762 } ports { name: "RATIS" value: 33668 } ports { name: "STANDALONE" value: 42580 } networkName: "84b71683-f1d6-4867-b37a-0b317a1fb9fa" networkLocation: "/default-rack" } cmdId: 1568974941532 } ]} | ret=SUCCESS |  
2019-09-20 10:22:24,018 | INFO  | SCMAudit | user=jenkins1000 | ip=192.168.151.119 | op=SEND_HEARTBEAT {datanodeUUID=7b87af3a-af6c-4aa1-be3e-95b078724efe, command=[commandType: createPipelineCommand createPipelineCommandProto { pipelineID { id: "4fdaa282-241d-4051-a30b-d0f99134abc0" } type: RATIS factor: ONE datanode { uuid: "7b87af3a-af6c-4aa1-be3e-95b078724efe" ipAddress: "192.168.151.119" hostName: "pr-hdds-2034-wmsbd-1222111393" ports { name: "REST" value: 45148 } ports { name: "RATIS" value: 45465 } ports { name: "STANDALONE" value: 35966 } networkName: "7b87af3a-af6c-4aa1-be3e-95b078724efe" networkLocation: "/default-rack" } cmdId: 1568974941531 } , commandType: createPipelineCommand createPipelineCommandProto { pipelineID { id: "5a4d3fa6-23a6-4db2-a3ab-2746e11d7a4f" } type: RATIS factor: THREE datanode { uuid: "7b87af3a-af6c-4aa1-be3e-95b078724efe" ipAddress: "192.168.151.119" hostName: "pr-hdds-2034-wmsbd-1222111393" ports { name: "REST" value: 45148 } ports { name: "RATIS" value: 45465 } ports { name: "STANDALONE" value: 35966 } networkName: "7b87af3a-af6c-4aa1-be3e-95b078724efe" networkLocation: "/default-rack" } datanode { uuid: "aa9e4bb3-facb-4def-b849-7d6b52565e14" ipAddress: "192.168.151.119" hostName: "pr-hdds-2034-wmsbd-1222111393" ports { name: "REST" value: 36144 } ports { name: "RATIS" value: 37131 } ports { name: "STANDALONE" value: 34881 } networkName: "aa9e4bb3-facb-4def-b849-7d6b52565e14" networkLocation: "/default-rack" } datanode { uuid: "84b71683-f1d6-4867-b37a-0b317a1fb9fa" ipAddress: "192.168.151.119" hostName: "pr-hdds-2034-wmsbd-1222111393" ports { name: "REST" value: 39762 } ports { name: "RATIS" value: 33668 } ports { name: "STANDALONE" value: 42580 } networkName: "84b71683-f1d6-4867-b37a-0b317a1fb9fa" networkLocation: "/default-rack" } cmdId: 1568974941532 } ]} | ret=SUCCESS |  
2019-09-20 10:22:24,299 | INFO  | SCMAudit | user=jenkins1000 | ip=192.168.151.119 | op=SEND_HEARTBEAT {datanodeUUID=3af3cd06-84fa-41cf-aa13-4ffa9c74ee72, command=[commandType: createPipelineCommand createPipelineCommandProto { pipelineID { id: "514e7d72-df71-4642-9ea1-71be46dee4ae" } type: RATIS factor: ONE datanode { uuid: "3af3cd06-84fa-41cf-aa13-4ffa9c74ee72" ipAddress: "192.168.151.119" hostName: "pr-hdds-2034-wmsbd-1222111393" ports { name: "REST" value: 46241 } ports { name: "RATIS" value: 42789 } ports { name: "STANDALONE" value: 42112 } networkName: "3af3cd06-84fa-41cf-aa13-4ffa9c74ee72" networkLocation: "/default-rack" } cmdId: 1568974941533 } ]} | ret=SUCCESS |  
2019-09-20 10:22:24,473 | INFO  | SCMAudit | user=jenkins1000 | ip=192.168.151.119 | op=SEND_HEARTBEAT {datanodeUUID=aa9e4bb3-facb-4def-b849-7d6b52565e14, command=[]} | ret=SUCCESS |  
2019-09-20 10:22:24,516 | INFO  | SCMAudit | user=jenkins1000 | ip=192.168.151.119 | op=SEND_HEARTBEAT {datanodeUUID=9bcfbe99-7901-4181-be4e-3ec5dddec5b7, command=[commandType: createPipelineCommand createPipelineCommandProto { pipelineID { id: "a3616861-089e-49c3-9432-3777a7080ea7" } type: RATIS factor: ONE datanode { uuid: "9bcfbe99-7901-4181-be4e-3ec5dddec5b7" ipAddress: "192.168.151.119" hostName: "pr-hdds-2034-wmsbd-1222111393" ports { name: "REST" value: 38061 } ports { name: "RATIS" value: 39907 } ports { name: "STANDALONE" value: 45066 } networkName: "9bcfbe99-7901-4181-be4e-3ec5dddec5b7" networkLocation: "/default-rack" } cmdId: 1568974941534 } ]} | ret=SUCCESS |  
2019-09-20 10:22:24,518 [main] INFO  ozone.MiniOzoneClusterImpl (MiniOzoneClusterImpl.java:lambda$waitForClusterToBeReady$0(145)) - Nodes are ready. Got 5 of 5 DN Heartbeats.
2019-09-20 10:22:24,518 [main] INFO  ozone.MiniOzoneClusterImpl (MiniOzoneClusterImpl.java:lambda$waitForClusterToBeReady$0(148)) - Waiting for cluster to exit safe mode
2019-09-20 10:22:24,736 | INFO  | SCMAudit | user=jenkins1000 | ip=192.168.151.119 | op=SEND_HEARTBEAT {datanodeUUID=84b71683-f1d6-4867-b37a-0b317a1fb9fa, command=[]} | ret=SUCCESS |  
2019-09-20 10:22:25,253 | INFO  | SCMAudit | user=jenkins1000 | ip=192.168.151.119 | op=SEND_HEARTBEAT {datanodeUUID=7b87af3a-af6c-4aa1-be3e-95b078724efe, command=[]} | ret=SUCCESS |  
2019-09-20 10:22:25,299 | INFO  | SCMAudit | user=jenkins1000 | ip=192.168.151.119 | op=SEND_HEARTBEAT {datanodeUUID=3af3cd06-84fa-41cf-aa13-4ffa9c74ee72, command=[]} | ret=SUCCESS |  
2019-09-20 10:22:25,454 [grpc-default-executor-0] INFO  impl.RaftServerProxy (RaftServerProxy.java:addNew(89)) - 7b87af3a-af6c-4aa1-be3e-95b078724efe: addNew group-D0F99134ABC0:[7b87af3a-af6c-4aa1-be3e-95b078724efe:192.168.151.119:45465] returns group-D0F99134ABC0:java.util.concurrent.CompletableFuture@75c4830d[Not completed]
2019-09-20 10:22:25,454 [grpc-default-executor-2] INFO  impl.RaftServerProxy (RaftServerProxy.java:addNew(89)) - 3af3cd06-84fa-41cf-aa13-4ffa9c74ee72: addNew group-71BE46DEE4AE:[3af3cd06-84fa-41cf-aa13-4ffa9c74ee72:192.168.151.119:42789] returns group-71BE46DEE4AE:java.util.concurrent.CompletableFuture@5fb0bac[Not completed]
2019-09-20 10:22:25,454 [grpc-default-executor-1] INFO  impl.RaftServerProxy (RaftServerProxy.java:addNew(89)) - aa9e4bb3-facb-4def-b849-7d6b52565e14: addNew group-537FBE8D44B1:[aa9e4bb3-facb-4def-b849-7d6b52565e14:192.168.151.119:37131] returns group-537FBE8D44B1:java.util.concurrent.CompletableFuture@31b7f406[Not completed]
2019-09-20 10:22:25,454 [grpc-default-executor-3] INFO  impl.RaftServerProxy (RaftServerProxy.java:addNew(89)) - 84b71683-f1d6-4867-b37a-0b317a1fb9fa: addNew group-F0F1F89FC993:[84b71683-f1d6-4867-b37a-0b317a1fb9fa:192.168.151.119:33668] returns group-F0F1F89FC993:java.util.concurrent.CompletableFuture@c91217a[Not completed]
2019-09-20 10:22:25,482 | INFO  | SCMAudit | user=jenkins1000 | ip=192.168.151.119 | op=SEND_HEARTBEAT {datanodeUUID=aa9e4bb3-facb-4def-b849-7d6b52565e14, command=[]} | ret=SUCCESS |  
2019-09-20 10:22:25,535 [main] INFO  ozone.MiniOzoneClusterImpl (MiniOzoneClusterImpl.java:lambda$waitForClusterToBeReady$0(145)) - Nodes are ready. Got 5 of 5 DN Heartbeats.
2019-09-20 10:22:25,535 [main] INFO  ozone.MiniOzoneClusterImpl (MiniOzoneClusterImpl.java:lambda$waitForClusterToBeReady$0(148)) - Waiting for cluster to exit safe mode
2019-09-20 10:22:25,547 | INFO  | SCMAudit | user=jenkins1000 | ip=192.168.151.119 | op=SEND_HEARTBEAT {datanodeUUID=9bcfbe99-7901-4181-be4e-3ec5dddec5b7, command=[]} | ret=SUCCESS |  
2019-09-20 10:22:25,549 [pool-49-thread-1] INFO  impl.RaftServerImpl (RaftServerImpl.java:<init>(93)) - 7b87af3a-af6c-4aa1-be3e-95b078724efe: new RaftServerImpl for group-D0F99134ABC0:[7b87af3a-af6c-4aa1-be3e-95b078724efe:192.168.151.119:45465] with ContainerStateMachine:uninitialized
2019-09-20 10:22:25,549 [pool-38-thread-1] INFO  impl.RaftServerImpl (RaftServerImpl.java:<init>(93)) - 84b71683-f1d6-4867-b37a-0b317a1fb9fa: new RaftServerImpl for group-F0F1F89FC993:[84b71683-f1d6-4867-b37a-0b317a1fb9fa:192.168.151.119:33668] with ContainerStateMachine:uninitialized
2019-09-20 10:22:25,549 [pool-60-thread-1] INFO  impl.RaftServerImpl (RaftServerImpl.java:<init>(93)) - 3af3cd06-84fa-41cf-aa13-4ffa9c74ee72: new RaftServerImpl for group-71BE46DEE4AE:[3af3cd06-84fa-41cf-aa13-4ffa9c74ee72:192.168.151.119:42789] with ContainerStateMachine:uninitialized
2019-09-20 10:22:25,551 [pool-27-thread-1] INFO  impl.RaftServerImpl (RaftServerImpl.java:<init>(93)) - aa9e4bb3-facb-4def-b849-7d6b52565e14: new RaftServerImpl for group-537FBE8D44B1:[aa9e4bb3-facb-4def-b849-7d6b52565e14:192.168.151.119:37131] with ContainerStateMachine:uninitialized
2019-09-20 10:22:25,554 [pool-49-thread-1] INFO  server.RaftServerConfigKeys (ConfUtils.java:logGet(43)) - raft.server.rpc.timeout.min = 5s (custom)
2019-09-20 10:22:25,555 [pool-27-thread-1] INFO  server.RaftServerConfigKeys (ConfUtils.java:logGet(43)) - raft.server.rpc.timeout.min = 5s (custom)
2019-09-20 10:22:25,555 [pool-49-thread-1] INFO  server.RaftServerConfigKeys (ConfUtils.java:logGet(43)) - raft.server.rpc.timeout.max = 5200ms (custom)
2019-09-20 10:22:25,556 [pool-27-thread-1] INFO  server.RaftServerConfigKeys (ConfUtils.java:logGet(43)) - raft.server.rpc.timeout.max = 5200ms (custom)
2019-09-20 10:22:25,555 [pool-38-thread-1] INFO  server.RaftServerConfigKeys (ConfUtils.java:logGet(43)) - raft.server.rpc.timeout.min = 5s (custom)
2019-09-20 10:22:25,555 [pool-60-thread-1] INFO  server.RaftServerConfigKeys (ConfUtils.java:logGet(43)) - raft.server.rpc.timeout.min = 5s (custom)
2019-09-20 10:22:25,561 [pool-38-thread-1] INFO  server.RaftServerConfigKeys (ConfUtils.java:logGet(43)) - raft.server.rpc.timeout.max = 5200ms (custom)
2019-09-20 10:22:25,561 [pool-27-thread-1] INFO  server.RaftServerConfigKeys (ConfUtils.java:logGet(43)) - raft.server.rpcslowness.timeout = 120s (custom)
2019-09-20 10:22:25,556 [pool-49-thread-1] INFO  server.RaftServerConfigKeys (ConfUtils.java:logGet(43)) - raft.server.rpcslowness.timeout = 120s (custom)
2019-09-20 10:22:25,562 [pool-38-thread-1] INFO  server.RaftServerConfigKeys (ConfUtils.java:logGet(43)) - raft.server.rpcslowness.timeout = 120s (custom)
2019-09-20 10:22:25,562 [pool-60-thread-1] INFO  server.RaftServerConfigKeys (ConfUtils.java:logGet(43)) - raft.server.rpc.timeout.max = 5200ms (custom)
2019-09-20 10:22:25,564 [pool-60-thread-1] INFO  server.RaftServerConfigKeys (ConfUtils.java:logGet(43)) - raft.server.rpcslowness.timeout = 120s (custom)
2019-09-20 10:22:25,564 [pool-27-thread-1] INFO  server.RaftServerConfigKeys (ConfUtils.java:logGet(43)) - raft.server.sleep.deviation.threshold = 300 (default)
2019-09-20 10:22:25,564 [pool-49-thread-1] INFO  server.RaftServerConfigKeys (ConfUtils.java:logGet(43)) - raft.server.sleep.deviation.threshold = 300 (default)
2019-09-20 10:22:25,564 [pool-60-thread-1] INFO  server.RaftServerConfigKeys (ConfUtils.java:logGet(43)) - raft.server.sleep.deviation.threshold = 300 (default)
2019-09-20 10:22:25,564 [pool-38-thread-1] INFO  server.RaftServerConfigKeys (ConfUtils.java:logGet(43)) - raft.server.sleep.deviation.threshold = 300 (default)
2019-09-20 10:22:25,566 [pool-49-thread-1] INFO  server.RaftServerConfigKeys (ConfUtils.java:logGet(43)) - raft.server.log.appender.install.snapshot.enabled = false (custom)
2019-09-20 10:22:25,566 [pool-60-thread-1] INFO  server.RaftServerConfigKeys (ConfUtils.java:logGet(43)) - raft.server.log.appender.install.snapshot.enabled = false (custom)
2019-09-20 10:22:25,566 [pool-27-thread-1] INFO  server.RaftServerConfigKeys (ConfUtils.java:logGet(43)) - raft.server.log.appender.install.snapshot.enabled = false (custom)
2019-09-20 10:22:25,566 [pool-38-thread-1] INFO  server.RaftServerConfigKeys (ConfUtils.java:logGet(43)) - raft.server.log.appender.install.snapshot.enabled = false (custom)
2019-09-20 10:22:25,573 [grpc-default-executor-1] INFO  impl.RaftServerProxy (RaftServerProxy.java:addNew(89)) - 9bcfbe99-7901-4181-be4e-3ec5dddec5b7: addNew group-3777A7080EA7:[9bcfbe99-7901-4181-be4e-3ec5dddec5b7:192.168.151.119:39907] returns group-3777A7080EA7:java.util.concurrent.CompletableFuture@39253c2b[Not completed]
2019-09-20 10:22:25,577 [pool-71-thread-1] INFO  impl.RaftServerImpl (RaftServerImpl.java:<init>(93)) - 9bcfbe99-7901-4181-be4e-3ec5dddec5b7: new RaftServerImpl for group-3777A7080EA7:[9bcfbe99-7901-4181-be4e-3ec5dddec5b7:192.168.151.119:39907] with ContainerStateMachine:uninitialized
2019-09-20 10:22:25,577 [pool-71-thread-1] INFO  server.RaftServerConfigKeys (ConfUtils.java:logGet(43)) - raft.server.rpc.timeout.min = 5s (custom)
2019-09-20 10:22:25,577 [pool-71-thread-1] INFO  server.RaftServerConfigKeys (ConfUtils.java:logGet(43)) - raft.server.rpc.timeout.max = 5200ms (custom)
2019-09-20 10:22:25,578 [pool-71-thread-1] INFO  server.RaftServerConfigKeys (ConfUtils.java:logGet(43)) - raft.server.rpcslowness.timeout = 120s (custom)
2019-09-20 10:22:25,578 [pool-71-thread-1] INFO  server.RaftServerConfigKeys (ConfUtils.java:logGet(43)) - raft.server.sleep.deviation.threshold = 300 (default)
2019-09-20 10:22:25,578 [pool-71-thread-1] INFO  server.RaftServerConfigKeys (ConfUtils.java:logGet(43)) - raft.server.log.appender.install.snapshot.enabled = false (custom)
2019-09-20 10:22:25,578 [pool-60-thread-1] INFO  impl.RaftServerImpl (ServerState.java:<init>(105)) - 3af3cd06-84fa-41cf-aa13-4ffa9c74ee72:group-71BE46DEE4AE ConfigurationManager, init=-1: [3af3cd06-84fa-41cf-aa13-4ffa9c74ee72:192.168.151.119:42789], old=null, confs=<EMPTY_MAP>
2019-09-20 10:22:25,578 [pool-71-thread-1] INFO  impl.RaftServerImpl (ServerState.java:<init>(105)) - 9bcfbe99-7901-4181-be4e-3ec5dddec5b7:group-3777A7080EA7 ConfigurationManager, init=-1: [9bcfbe99-7901-4181-be4e-3ec5dddec5b7:192.168.151.119:39907], old=null, confs=<EMPTY_MAP>
2019-09-20 10:22:25,579 [pool-60-thread-1] INFO  server.RaftServerConfigKeys (ConfUtils.java:logGet(43)) - raft.server.storage.dir = [/workdir/hadoop-ozone/tools/target/test-dir/MiniOzoneClusterImpl-af2a0117-1d3a-4be0-8e0b-6e3e4fa8d6f4/datanode-3/data/ratis] (custom)
2019-09-20 10:22:25,578 [pool-38-thread-1] INFO  impl.RaftServerImpl (ServerState.java:<init>(105)) - 84b71683-f1d6-4867-b37a-0b317a1fb9fa:group-F0F1F89FC993 ConfigurationManager, init=-1: [84b71683-f1d6-4867-b37a-0b317a1fb9fa:192.168.151.119:33668], old=null, confs=<EMPTY_MAP>
2019-09-20 10:22:25,578 [pool-27-thread-1] INFO  impl.RaftServerImpl (ServerState.java:<init>(105)) - aa9e4bb3-facb-4def-b849-7d6b52565e14:group-537FBE8D44B1 ConfigurationManager, init=-1: [aa9e4bb3-facb-4def-b849-7d6b52565e14:192.168.151.119:37131], old=null, confs=<EMPTY_MAP>
2019-09-20 10:22:25,578 [pool-49-thread-1] INFO  impl.RaftServerImpl (ServerState.java:<init>(105)) - 7b87af3a-af6c-4aa1-be3e-95b078724efe:group-D0F99134ABC0 ConfigurationManager, init=-1: [7b87af3a-af6c-4aa1-be3e-95b078724efe:192.168.151.119:45465], old=null, confs=<EMPTY_MAP>
2019-09-20 10:22:25,579 [pool-38-thread-1] INFO  server.RaftServerConfigKeys (ConfUtils.java:logGet(43)) - raft.server.storage.dir = [/workdir/hadoop-ozone/tools/target/test-dir/MiniOzoneClusterImpl-af2a0117-1d3a-4be0-8e0b-6e3e4fa8d6f4/datanode-1/data/ratis] (custom)
2019-09-20 10:22:25,579 [pool-71-thread-1] INFO  server.RaftServerConfigKeys (ConfUtils.java:logGet(43)) - raft.server.storage.dir = [/workdir/hadoop-ozone/tools/target/test-dir/MiniOzoneClusterImpl-af2a0117-1d3a-4be0-8e0b-6e3e4fa8d6f4/datanode-4/data/ratis] (custom)
2019-09-20 10:22:25,579 [pool-49-thread-1] INFO  server.RaftServerConfigKeys (ConfUtils.java:logGet(43)) - raft.server.storage.dir = [/workdir/hadoop-ozone/tools/target/test-dir/MiniOzoneClusterImpl-af2a0117-1d3a-4be0-8e0b-6e3e4fa8d6f4/datanode-2/data/ratis] (custom)
2019-09-20 10:22:25,579 [pool-27-thread-1] INFO  server.RaftServerConfigKeys (ConfUtils.java:logGet(43)) - raft.server.storage.dir = [/workdir/hadoop-ozone/tools/target/test-dir/MiniOzoneClusterImpl-af2a0117-1d3a-4be0-8e0b-6e3e4fa8d6f4/datanode-0/data/ratis] (custom)
2019-09-20 10:22:25,588 [pool-49-thread-1] INFO  storage.RaftStorageDirectory (RaftStorageDirectory.java:analyzeStorage(246)) - The storage directory /workdir/hadoop-ozone/tools/target/test-dir/MiniOzoneClusterImpl-af2a0117-1d3a-4be0-8e0b-6e3e4fa8d6f4/datanode-2/data/ratis/4fdaa282-241d-4051-a30b-d0f99134abc0 does not exist. Creating ...
2019-09-20 10:22:25,588 [pool-38-thread-1] INFO  storage.RaftStorageDirectory (RaftStorageDirectory.java:analyzeStorage(246)) - The storage directory /workdir/hadoop-ozone/tools/target/test-dir/MiniOzoneClusterImpl-af2a0117-1d3a-4be0-8e0b-6e3e4fa8d6f4/datanode-1/data/ratis/7fe3fac2-881e-4fd0-a41c-f0f1f89fc993 does not exist. Creating ...
2019-09-20 10:22:25,588 [pool-60-thread-1] INFO  storage.RaftStorageDirectory (RaftStorageDirectory.java:analyzeStorage(246)) - The storage directory /workdir/hadoop-ozone/tools/target/test-dir/MiniOzoneClusterImpl-af2a0117-1d3a-4be0-8e0b-6e3e4fa8d6f4/datanode-3/data/ratis/514e7d72-df71-4642-9ea1-71be46dee4ae does not exist. Creating ...
2019-09-20 10:22:25,588 [pool-71-thread-1] INFO  storage.RaftStorageDirectory (RaftStorageDirectory.java:analyzeStorage(246)) - The storage directory /workdir/hadoop-ozone/tools/target/test-dir/MiniOzoneClusterImpl-af2a0117-1d3a-4be0-8e0b-6e3e4fa8d6f4/datanode-4/data/ratis/a3616861-089e-49c3-9432-3777a7080ea7 does not exist. Creating ...
2019-09-20 10:22:25,588 [pool-27-thread-1] INFO  storage.RaftStorageDirectory (RaftStorageDirectory.java:analyzeStorage(246)) - The storage directory /workdir/hadoop-ozone/tools/target/test-dir/MiniOzoneClusterImpl-af2a0117-1d3a-4be0-8e0b-6e3e4fa8d6f4/datanode-0/data/ratis/27acaa41-742b-488c-973a-537fbe8d44b1 does not exist. Creating ...
2019-09-20 10:22:25,629 [pool-27-thread-1] INFO  storage.RaftStorageDirectory (RaftStorageDirectory.java:tryLock(328)) - Lock on /workdir/hadoop-ozone/tools/target/test-dir/MiniOzoneClusterImpl-af2a0117-1d3a-4be0-8e0b-6e3e4fa8d6f4/datanode-0/data/ratis/27acaa41-742b-488c-973a-537fbe8d44b1/in_use.lock acquired by nodename 23074@pr-hdds-2034-wmsbd-1222111393
2019-09-20 10:22:25,629 [pool-71-thread-1] INFO  storage.RaftStorageDirectory (RaftStorageDirectory.java:tryLock(328)) - Lock on /workdir/hadoop-ozone/tools/target/test-dir/MiniOzoneClusterImpl-af2a0117-1d3a-4be0-8e0b-6e3e4fa8d6f4/datanode-4/data/ratis/a3616861-089e-49c3-9432-3777a7080ea7/in_use.lock acquired by nodename 23074@pr-hdds-2034-wmsbd-1222111393
2019-09-20 10:22:25,629 [pool-49-thread-1] INFO  storage.RaftStorageDirectory (RaftStorageDirectory.java:tryLock(328)) - Lock on /workdir/hadoop-ozone/tools/target/test-dir/MiniOzoneClusterImpl-af2a0117-1d3a-4be0-8e0b-6e3e4fa8d6f4/datanode-2/data/ratis/4fdaa282-241d-4051-a30b-d0f99134abc0/in_use.lock acquired by nodename 23074@pr-hdds-2034-wmsbd-1222111393
2019-09-20 10:22:25,629 [pool-60-thread-1] INFO  storage.RaftStorageDirectory (RaftStorageDirectory.java:tryLock(328)) - Lock on /workdir/hadoop-ozone/tools/target/test-dir/MiniOzoneClusterImpl-af2a0117-1d3a-4be0-8e0b-6e3e4fa8d6f4/datanode-3/data/ratis/514e7d72-df71-4642-9ea1-71be46dee4ae/in_use.lock acquired by nodename 23074@pr-hdds-2034-wmsbd-1222111393
2019-09-20 10:22:25,629 [pool-38-thread-1] INFO  storage.RaftStorageDirectory (RaftStorageDirectory.java:tryLock(328)) - Lock on /workdir/hadoop-ozone/tools/target/test-dir/MiniOzoneClusterImpl-af2a0117-1d3a-4be0-8e0b-6e3e4fa8d6f4/datanode-1/data/ratis/7fe3fac2-881e-4fd0-a41c-f0f1f89fc993/in_use.lock acquired by nodename 23074@pr-hdds-2034-wmsbd-1222111393
2019-09-20 10:22:25,649 [pool-49-thread-1] INFO  storage.RaftStorage (RaftStorage.java:format(72)) - Storage directory /workdir/hadoop-ozone/tools/target/test-dir/MiniOzoneClusterImpl-af2a0117-1d3a-4be0-8e0b-6e3e4fa8d6f4/datanode-2/data/ratis/4fdaa282-241d-4051-a30b-d0f99134abc0 has been successfully formatted.
2019-09-20 10:22:25,649 [pool-27-thread-1] INFO  storage.RaftStorage (RaftStorage.java:format(72)) - Storage directory /workdir/hadoop-ozone/tools/target/test-dir/MiniOzoneClusterImpl-af2a0117-1d3a-4be0-8e0b-6e3e4fa8d6f4/datanode-0/data/ratis/27acaa41-742b-488c-973a-537fbe8d44b1 has been successfully formatted.
2019-09-20 10:22:25,649 [pool-71-thread-1] INFO  storage.RaftStorage (RaftStorage.java:format(72)) - Storage directory /workdir/hadoop-ozone/tools/target/test-dir/MiniOzoneClusterImpl-af2a0117-1d3a-4be0-8e0b-6e3e4fa8d6f4/datanode-4/data/ratis/a3616861-089e-49c3-9432-3777a7080ea7 has been successfully formatted.
2019-09-20 10:22:25,649 [pool-38-thread-1] INFO  storage.RaftStorage (RaftStorage.java:format(72)) - Storage directory /workdir/hadoop-ozone/tools/target/test-dir/MiniOzoneClusterImpl-af2a0117-1d3a-4be0-8e0b-6e3e4fa8d6f4/datanode-1/data/ratis/7fe3fac2-881e-4fd0-a41c-f0f1f89fc993 has been successfully formatted.
2019-09-20 10:22:25,649 [pool-60-thread-1] INFO  storage.RaftStorage (RaftStorage.java:format(72)) - Storage directory /workdir/hadoop-ozone/tools/target/test-dir/MiniOzoneClusterImpl-af2a0117-1d3a-4be0-8e0b-6e3e4fa8d6f4/datanode-3/data/ratis/514e7d72-df71-4642-9ea1-71be46dee4ae has been successfully formatted.
2019-09-20 10:22:25,654 [pool-60-thread-1] INFO  ratis.ContainerStateMachine (ContainerStateMachine.java:loadSnapshot(226)) - group-71BE46DEE4AE: The snapshot info is null. Setting the last applied indexto:(t:0, i:~)
2019-09-20 10:22:25,654 [pool-27-thread-1] INFO  ratis.ContainerStateMachine (ContainerStateMachine.java:loadSnapshot(226)) - group-537FBE8D44B1: The snapshot info is null. Setting the last applied indexto:(t:0, i:~)
2019-09-20 10:22:25,659 [pool-60-thread-1] INFO  server.RaftServerConfigKeys (ConfUtils.java:logGet(43)) - raft.server.leader.election.timeout = 120s (custom)
2019-09-20 10:22:25,654 [pool-71-thread-1] INFO  ratis.ContainerStateMachine (ContainerStateMachine.java:loadSnapshot(226)) - group-3777A7080EA7: The snapshot info is null. Setting the last applied indexto:(t:0, i:~)
2019-09-20 10:22:25,654 [pool-49-thread-1] INFO  ratis.ContainerStateMachine (ContainerStateMachine.java:loadSnapshot(226)) - group-D0F99134ABC0: The snapshot info is null. Setting the last applied indexto:(t:0, i:~)
2019-09-20 10:22:25,654 [pool-38-thread-1] INFO  ratis.ContainerStateMachine (ContainerStateMachine.java:loadSnapshot(226)) - group-F0F1F89FC993: The snapshot info is null. Setting the last applied indexto:(t:0, i:~)
2019-09-20 10:22:25,660 [pool-49-thread-1] INFO  server.RaftServerConfigKeys (ConfUtils.java:logGet(43)) - raft.server.leader.election.timeout = 120s (custom)
2019-09-20 10:22:25,660 [pool-71-thread-1] INFO  server.RaftServerConfigKeys (ConfUtils.java:logGet(43)) - raft.server.leader.election.timeout = 120s (custom)
2019-09-20 10:22:25,659 [pool-27-thread-1] INFO  server.RaftServerConfigKeys (ConfUtils.java:logGet(43)) - raft.server.leader.election.timeout = 120s (custom)
2019-09-20 10:22:25,660 [pool-38-thread-1] INFO  server.RaftServerConfigKeys (ConfUtils.java:logGet(43)) - raft.server.leader.election.timeout = 120s (custom)
2019-09-20 10:22:25,662 [pool-49-thread-1] INFO  server.RaftServerConfigKeys (ConfUtils.java:logGet(43)) - raft.server.log.use.memory = false (default)
2019-09-20 10:22:25,663 [pool-60-thread-1] INFO  server.RaftServerConfigKeys (ConfUtils.java:logGet(43)) - raft.server.log.use.memory = false (default)
2019-09-20 10:22:25,662 [pool-38-thread-1] INFO  server.RaftServerConfigKeys (ConfUtils.java:logGet(43)) - raft.server.log.use.memory = false (default)
2019-09-20 10:22:25,663 [pool-71-thread-1] INFO  server.RaftServerConfigKeys (ConfUtils.java:logGet(43)) - raft.server.log.use.memory = false (default)
2019-09-20 10:22:25,662 [pool-27-thread-1] INFO  server.RaftServerConfigKeys (ConfUtils.java:logGet(43)) - raft.server.log.use.memory = false (default)
2019-09-20 10:22:25,670 [pool-27-thread-1] INFO  server.RaftServerConfigKeys (ConfUtils.java:logGet(43)) - raft.server.log.purge.gap = 1000000 (custom)
2019-09-20 10:22:25,670 [pool-49-thread-1] INFO  server.RaftServerConfigKeys (ConfUtils.java:logGet(43)) - raft.server.log.purge.gap = 1000000 (custom)
2019-09-20 10:22:25,670 [pool-71-thread-1] INFO  server.RaftServerConfigKeys (ConfUtils.java:logGet(43)) - raft.server.log.purge.gap = 1000000 (custom)
2019-09-20 10:22:25,670 [pool-38-thread-1] INFO  server.RaftServerConfigKeys (ConfUtils.java:logGet(43)) - raft.server.log.purge.gap = 1000000 (custom)
2019-09-20 10:22:25,670 [pool-60-thread-1] INFO  server.RaftServerConfigKeys (ConfUtils.java:logGet(43)) - raft.server.log.purge.gap = 1000000 (custom)
2019-09-20 10:22:25,671 [pool-38-thread-1] INFO  server.RaftServerConfigKeys (ConfUtils.java:logGet(43)) - raft.server.log.appender.buffer.byte-limit = 33554432 (custom)
2019-09-20 10:22:25,671 [pool-71-thread-1] INFO  server.RaftServerConfigKeys (ConfUtils.java:logGet(43)) - raft.server.log.appender.buffer.byte-limit = 33554432 (custom)
2019-09-20 10:22:25,671 [pool-49-thread-1] INFO  server.RaftServerConfigKeys (ConfUtils.java:logGet(43)) - raft.server.log.appender.buffer.byte-limit = 33554432 (custom)
2019-09-20 10:22:25,670 [pool-27-thread-1] INFO  server.RaftServerConfigKeys (ConfUtils.java:logGet(43)) - raft.server.log.appender.buffer.byte-limit = 33554432 (custom)
2019-09-20 10:22:25,671 [pool-60-thread-1] INFO  server.RaftServerConfigKeys (ConfUtils.java:logGet(43)) - raft.server.log.appender.buffer.byte-limit = 33554432 (custom)
2019-09-20 10:22:25,674 [pool-38-thread-1] INFO  server.RaftServerConfigKeys (ConfUtils.java:logGet(43)) - raft.server.log.segment.size.max = 1048576 (custom)
2019-09-20 10:22:25,674 [pool-60-thread-1] INFO  server.RaftServerConfigKeys (ConfUtils.java:logGet(43)) - raft.server.log.segment.size.max = 1048576 (custom)
2019-09-20 10:22:25,674 [pool-71-thread-1] INFO  server.RaftServerConfigKeys (ConfUtils.java:logGet(43)) - raft.server.log.segment.size.max = 1048576 (custom)
2019-09-20 10:22:25,674 [pool-27-thread-1] INFO  server.RaftServerConfigKeys (ConfUtils.java:logGet(43)) - raft.server.log.segment.size.max = 1048576 (custom)
2019-09-20 10:22:25,674 [pool-49-thread-1] INFO  server.RaftServerConfigKeys (ConfUtils.java:logGet(43)) - raft.server.log.segment.size.max = 1048576 (custom)
2019-09-20 10:22:25,681 [pool-27-thread-1] INFO  server.RaftServerConfigKeys (ConfUtils.java:logGet(43)) - raft.server.log.segment.cache.num.max = 2 (custom)
2019-09-20 10:22:25,681 [pool-38-thread-1] INFO  server.RaftServerConfigKeys (ConfUtils.java:logGet(43)) - raft.server.log.segment.cache.num.max = 2 (custom)
2019-09-20 10:22:25,682 [pool-71-thread-1] INFO  server.RaftServerConfigKeys (ConfUtils.java:logGet(43)) - raft.server.log.segment.cache.num.max = 2 (custom)
2019-09-20 10:22:25,681 [pool-49-thread-1] INFO  server.RaftServerConfigKeys (ConfUtils.java:logGet(43)) - raft.server.log.segment.cache.num.max = 2 (custom)
2019-09-20 10:22:25,681 [pool-60-thread-1] INFO  server.RaftServerConfigKeys (ConfUtils.java:logGet(43)) - raft.server.log.segment.cache.num.max = 2 (custom)
2019-09-20 10:22:25,690 [pool-49-thread-1] INFO  segmented.SegmentedRaftLogWorker (SegmentedRaftLogWorker.java:<init>(172)) - new 7b87af3a-af6c-4aa1-be3e-95b078724efe-SegmentedRaftLogWorker:Storage Directory /workdir/hadoop-ozone/tools/target/test-dir/MiniOzoneClusterImpl-af2a0117-1d3a-4be0-8e0b-6e3e4fa8d6f4/datanode-2/data/ratis/4fdaa282-241d-4051-a30b-d0f99134abc0 for RaftStorage:Storage Directory /workdir/hadoop-ozone/tools/target/test-dir/MiniOzoneClusterImpl-af2a0117-1d3a-4be0-8e0b-6e3e4fa8d6f4/datanode-2/data/ratis/4fdaa282-241d-4051-a30b-d0f99134abc0
2019-09-20 10:22:25,690 [pool-71-thread-1] INFO  segmented.SegmentedRaftLogWorker (SegmentedRaftLogWorker.java:<init>(172)) - new 9bcfbe99-7901-4181-be4e-3ec5dddec5b7-SegmentedRaftLogWorker:Storage Directory /workdir/hadoop-ozone/tools/target/test-dir/MiniOzoneClusterImpl-af2a0117-1d3a-4be0-8e0b-6e3e4fa8d6f4/datanode-4/data/ratis/a3616861-089e-49c3-9432-3777a7080ea7 for RaftStorage:Storage Directory /workdir/hadoop-ozone/tools/target/test-dir/MiniOzoneClusterImpl-af2a0117-1d3a-4be0-8e0b-6e3e4fa8d6f4/datanode-4/data/ratis/a3616861-089e-49c3-9432-3777a7080ea7
2019-09-20 10:22:25,690 [pool-27-thread-1] INFO  segmented.SegmentedRaftLogWorker (SegmentedRaftLogWorker.java:<init>(172)) - new aa9e4bb3-facb-4def-b849-7d6b52565e14-SegmentedRaftLogWorker:Storage Directory /workdir/hadoop-ozone/tools/target/test-dir/MiniOzoneClusterImpl-af2a0117-1d3a-4be0-8e0b-6e3e4fa8d6f4/datanode-0/data/ratis/27acaa41-742b-488c-973a-537fbe8d44b1 for RaftStorage:Storage Directory /workdir/hadoop-ozone/tools/target/test-dir/MiniOzoneClusterImpl-af2a0117-1d3a-4be0-8e0b-6e3e4fa8d6f4/datanode-0/data/ratis/27acaa41-742b-488c-973a-537fbe8d44b1
2019-09-20 10:22:25,690 [pool-38-thread-1] INFO  segmented.SegmentedRaftLogWorker (SegmentedRaftLogWorker.java:<init>(172)) - new 84b71683-f1d6-4867-b37a-0b317a1fb9fa-SegmentedRaftLogWorker:Storage Directory /workdir/hadoop-ozone/tools/target/test-dir/MiniOzoneClusterImpl-af2a0117-1d3a-4be0-8e0b-6e3e4fa8d6f4/datanode-1/data/ratis/7fe3fac2-881e-4fd0-a41c-f0f1f89fc993 for RaftStorage:Storage Directory /workdir/hadoop-ozone/tools/target/test-dir/MiniOzoneClusterImpl-af2a0117-1d3a-4be0-8e0b-6e3e4fa8d6f4/datanode-1/data/ratis/7fe3fac2-881e-4fd0-a41c-f0f1f89fc993
2019-09-20 10:22:25,690 [pool-60-thread-1] INFO  segmented.SegmentedRaftLogWorker (SegmentedRaftLogWorker.java:<init>(172)) - new 3af3cd06-84fa-41cf-aa13-4ffa9c74ee72-SegmentedRaftLogWorker:Storage Directory /workdir/hadoop-ozone/tools/target/test-dir/MiniOzoneClusterImpl-af2a0117-1d3a-4be0-8e0b-6e3e4fa8d6f4/datanode-3/data/ratis/514e7d72-df71-4642-9ea1-71be46dee4ae for RaftStorage:Storage Directory /workdir/hadoop-ozone/tools/target/test-dir/MiniOzoneClusterImpl-af2a0117-1d3a-4be0-8e0b-6e3e4fa8d6f4/datanode-3/data/ratis/514e7d72-df71-4642-9ea1-71be46dee4ae
2019-09-20 10:22:25,718 [pool-27-thread-1] INFO  server.RaftServerConfigKeys (ConfUtils.java:logGet(43)) - raft.server.log.queue.byte-limit = 2147483647 (custom)
2019-09-20 10:22:25,719 [pool-38-thread-1] INFO  server.RaftServerConfigKeys (ConfUtils.java:logGet(43)) - raft.server.log.queue.byte-limit = 2147483647 (custom)
2019-09-20 10:22:25,720 [pool-71-thread-1] INFO  server.RaftServerConfigKeys (ConfUtils.java:logGet(43)) - raft.server.log.queue.byte-limit = 2147483647 (custom)
2019-09-20 10:22:25,720 [pool-49-thread-1] INFO  server.RaftServerConfigKeys (ConfUtils.java:logGet(43)) - raft.server.log.queue.byte-limit = 2147483647 (custom)
2019-09-20 10:22:25,718 [pool-60-thread-1] INFO  server.RaftServerConfigKeys (ConfUtils.java:logGet(43)) - raft.server.log.queue.byte-limit = 2147483647 (custom)
2019-09-20 10:22:25,721 [pool-49-thread-1] INFO  server.RaftServerConfigKeys (ConfUtils.java:logGet(43)) - raft.server.log.queue.element-limit = 1024 (custom)
2019-09-20 10:22:25,721 [pool-38-thread-1] INFO  server.RaftServerConfigKeys (ConfUtils.java:logGet(43)) - raft.server.log.queue.element-limit = 1024 (custom)
2019-09-20 10:22:25,721 [pool-71-thread-1] INFO  server.RaftServerConfigKeys (ConfUtils.java:logGet(43)) - raft.server.log.queue.element-limit = 1024 (custom)
2019-09-20 10:22:25,721 [pool-27-thread-1] INFO  server.RaftServerConfigKeys (ConfUtils.java:logGet(43)) - raft.server.log.queue.element-limit = 1024 (custom)
2019-09-20 10:22:25,721 [pool-60-thread-1] INFO  server.RaftServerConfigKeys (ConfUtils.java:logGet(43)) - raft.server.log.queue.element-limit = 1024 (custom)
2019-09-20 10:22:25,728 [pool-71-thread-1] INFO  server.RaftServerConfigKeys (ConfUtils.java:logGet(43)) - raft.server.log.segment.size.max = 1048576 (custom)
2019-09-20 10:22:25,728 [pool-38-thread-1] INFO  server.RaftServerConfigKeys (ConfUtils.java:logGet(43)) - raft.server.log.segment.size.max = 1048576 (custom)
2019-09-20 10:22:25,728 [pool-60-thread-1] INFO  server.RaftServerConfigKeys (ConfUtils.java:logGet(43)) - raft.server.log.segment.size.max = 1048576 (custom)
2019-09-20 10:22:25,728 [pool-49-thread-1] INFO  server.RaftServerConfigKeys (ConfUtils.java:logGet(43)) - raft.server.log.segment.size.max = 1048576 (custom)
2019-09-20 10:22:25,729 [pool-71-thread-1] INFO  server.RaftServerConfigKeys (ConfUtils.java:logGet(43)) - raft.server.log.preallocated.size = 16384 (custom)
2019-09-20 10:22:25,729 [pool-27-thread-1] INFO  server.RaftServerConfigKeys (ConfUtils.java:logGet(43)) - raft.server.log.segment.size.max = 1048576 (custom)
2019-09-20 10:22:25,729 [pool-60-thread-1] INFO  server.RaftServerConfigKeys (ConfUtils.java:logGet(43)) - raft.server.log.preallocated.size = 16384 (custom)
2019-09-20 10:22:25,729 [pool-38-thread-1] INFO  server.RaftServerConfigKeys (ConfUtils.java:logGet(43)) - raft.server.log.preallocated.size = 16384 (custom)
2019-09-20 10:22:25,729 [pool-49-thread-1] INFO  server.RaftServerConfigKeys (ConfUtils.java:logGet(43)) - raft.server.log.preallocated.size = 16384 (custom)
2019-09-20 10:22:25,730 [pool-38-thread-1] INFO  server.RaftServerConfigKeys (ConfUtils.java:logGet(43)) - raft.server.log.write.buffer.size = 33554432 (custom)
2019-09-20 10:22:25,730 [pool-71-thread-1] INFO  server.RaftServerConfigKeys (ConfUtils.java:logGet(43)) - raft.server.log.write.buffer.size = 33554432 (custom)
2019-09-20 10:22:25,729 [pool-27-thread-1] INFO  server.RaftServerConfigKeys (ConfUtils.java:logGet(43)) - raft.server.log.preallocated.size = 16384 (custom)
2019-09-20 10:22:25,730 [pool-49-thread-1] INFO  server.RaftServerConfigKeys (ConfUtils.java:logGet(43)) - raft.server.log.write.buffer.size = 33554432 (custom)
2019-09-20 10:22:25,730 [pool-60-thread-1] INFO  server.RaftServerConfigKeys (ConfUtils.java:logGet(43)) - raft.server.log.write.buffer.size = 33554432 (custom)
2019-09-20 10:22:25,731 [pool-71-thread-1] INFO  server.RaftServerConfigKeys (ConfUtils.java:logGet(43)) - raft.server.log.force.sync.num = 128 (default)
2019-09-20 10:22:25,730 [pool-49-thread-1] INFO  server.RaftServerConfigKeys (ConfUtils.java:logGet(43)) - raft.server.log.force.sync.num = 128 (default)
2019-09-20 10:22:25,730 [pool-38-thread-1] INFO  server.RaftServerConfigKeys (ConfUtils.java:logGet(43)) - raft.server.log.force.sync.num = 128 (default)
2019-09-20 10:22:25,730 [pool-27-thread-1] INFO  server.RaftServerConfigKeys (ConfUtils.java:logGet(43)) - raft.server.log.write.buffer.size = 33554432 (custom)
2019-09-20 10:22:25,731 [pool-60-thread-1] INFO  server.RaftServerConfigKeys (ConfUtils.java:logGet(43)) - raft.server.log.force.sync.num = 128 (default)
2019-09-20 10:22:25,731 [pool-27-thread-1] INFO  server.RaftServerConfigKeys (ConfUtils.java:logGet(43)) - raft.server.log.force.sync.num = 128 (default)
2019-09-20 10:22:25,732 [pool-60-thread-1] INFO  server.RaftServerConfigKeys (ConfUtils.java:logGet(43)) - raft.server.log.statemachine.data.sync = true (default)
2019-09-20 10:22:25,732 [pool-49-thread-1] INFO  server.RaftServerConfigKeys (ConfUtils.java:logGet(43)) - raft.server.log.statemachine.data.sync = true (default)
2019-09-20 10:22:25,732 [pool-71-thread-1] INFO  server.RaftServerConfigKeys (ConfUtils.java:logGet(43)) - raft.server.log.statemachine.data.sync = true (default)
2019-09-20 10:22:25,732 [pool-38-thread-1] INFO  server.RaftServerConfigKeys (ConfUtils.java:logGet(43)) - raft.server.log.statemachine.data.sync = true (default)
2019-09-20 10:22:25,732 [pool-27-thread-1] INFO  server.RaftServerConfigKeys (ConfUtils.java:logGet(43)) - raft.server.log.statemachine.data.sync = true (default)
2019-09-20 10:22:25,733 [pool-38-thread-1] INFO  server.RaftServerConfigKeys (ConfUtils.java:logGet(43)) - raft.server.log.statemachine.data.sync.timeout = 10s (default)
2019-09-20 10:22:25,732 [pool-71-thread-1] INFO  server.RaftServerConfigKeys (ConfUtils.java:logGet(43)) - raft.server.log.statemachine.data.sync.timeout = 10s (default)
2019-09-20 10:22:25,732 [pool-49-thread-1] INFO  server.RaftServerConfigKeys (ConfUtils.java:logGet(43)) - raft.server.log.statemachine.data.sync.timeout = 10s (default)
2019-09-20 10:22:25,732 [pool-60-thread-1] INFO  server.RaftServerConfigKeys (ConfUtils.java:logGet(43)) - raft.server.log.statemachine.data.sync.timeout = 10s (default)
2019-09-20 10:22:25,733 [pool-38-thread-1] INFO  server.RaftServerConfigKeys (ConfUtils.java:logGet(43)) - raft.server.log.statemachine.data.sync.timeout.retry = -1 (default)
2019-09-20 10:22:25,733 [pool-60-thread-1] INFO  server.RaftServerConfigKeys (ConfUtils.java:logGet(43)) - raft.server.log.statemachine.data.sync.timeout.retry = -1 (default)
2019-09-20 10:22:25,733 [pool-27-thread-1] INFO  server.RaftServerConfigKeys (ConfUtils.java:logGet(43)) - raft.server.log.statemachine.data.sync.timeout = 10s (default)
2019-09-20 10:22:25,734 [pool-49-thread-1] INFO  server.RaftServerConfigKeys (ConfUtils.java:logGet(43)) - raft.server.log.statemachine.data.sync.timeout.retry = -1 (default)
2019-09-20 10:22:25,733 [pool-71-thread-1] INFO  server.RaftServerConfigKeys (ConfUtils.java:logGet(43)) - raft.server.log.statemachine.data.sync.timeout.retry = -1 (default)
2019-09-20 10:22:25,734 [pool-27-thread-1] INFO  server.RaftServerConfigKeys (ConfUtils.java:logGet(43)) - raft.server.log.statemachine.data.sync.timeout.retry = -1 (default)
2019-09-20 10:22:25,737 | INFO  | SCMAudit | user=jenkins1000 | ip=192.168.151.119 | op=SEND_HEARTBEAT {datanodeUUID=84b71683-f1d6-4867-b37a-0b317a1fb9fa, command=[]} | ret=SUCCESS |  
2019-09-20 10:22:25,749 [pool-27-thread-1] INFO  server.RaftServerConfigKeys (ConfUtils.java:logGet(43)) - raft.server.log.statemachine.data.caching.enabled = true (custom)
2019-09-20 10:22:25,749 [pool-71-thread-1] INFO  server.RaftServerConfigKeys (ConfUtils.java:logGet(43)) - raft.server.log.statemachine.data.caching.enabled = true (custom)
2019-09-20 10:22:25,749 [pool-49-thread-1] INFO  server.RaftServerConfigKeys (ConfUtils.java:logGet(43)) - raft.server.log.statemachine.data.caching.enabled = true (custom)
2019-09-20 10:22:25,749 [pool-60-thread-1] INFO  server.RaftServerConfigKeys (ConfUtils.java:logGet(43)) - raft.server.log.statemachine.data.caching.enabled = true (custom)
2019-09-20 10:22:25,749 [pool-38-thread-1] INFO  server.RaftServerConfigKeys (ConfUtils.java:logGet(43)) - raft.server.log.statemachine.data.caching.enabled = true (custom)
2019-09-20 10:22:25,759 [pool-27-thread-1] INFO  segmented.SegmentedRaftLogWorker (SegmentedRaftLogWorker.java:lambda$new$0(132)) - aa9e4bb3-facb-4def-b849-7d6b52565e14-SegmentedRaftLogWorker:Storage Directory /workdir/hadoop-ozone/tools/target/test-dir/MiniOzoneClusterImpl-af2a0117-1d3a-4be0-8e0b-6e3e4fa8d6f4/datanode-0/data/ratis/27acaa41-742b-488c-973a-537fbe8d44b1: flushIndex: setUnconditionally 0 -> -1
2019-09-20 10:22:25,759 [pool-60-thread-1] INFO  segmented.SegmentedRaftLogWorker (SegmentedRaftLogWorker.java:lambda$new$0(132)) - 3af3cd06-84fa-41cf-aa13-4ffa9c74ee72-SegmentedRaftLogWorker:Storage Directory /workdir/hadoop-ozone/tools/target/test-dir/MiniOzoneClusterImpl-af2a0117-1d3a-4be0-8e0b-6e3e4fa8d6f4/datanode-3/data/ratis/514e7d72-df71-4642-9ea1-71be46dee4ae: flushIndex: setUnconditionally 0 -> -1
2019-09-20 10:22:25,759 [pool-49-thread-1] INFO  segmented.SegmentedRaftLogWorker (SegmentedRaftLogWorker.java:lambda$new$0(132)) - 7b87af3a-af6c-4aa1-be3e-95b078724efe-SegmentedRaftLogWorker:Storage Directory /workdir/hadoop-ozone/tools/target/test-dir/MiniOzoneClusterImpl-af2a0117-1d3a-4be0-8e0b-6e3e4fa8d6f4/datanode-2/data/ratis/4fdaa282-241d-4051-a30b-d0f99134abc0: flushIndex: setUnconditionally 0 -> -1
2019-09-20 10:22:25,759 [pool-38-thread-1] INFO  segmented.SegmentedRaftLogWorker (SegmentedRaftLogWorker.java:lambda$new$0(132)) - 84b71683-f1d6-4867-b37a-0b317a1fb9fa-SegmentedRaftLogWorker:Storage Directory /workdir/hadoop-ozone/tools/target/test-dir/MiniOzoneClusterImpl-af2a0117-1d3a-4be0-8e0b-6e3e4fa8d6f4/datanode-1/data/ratis/7fe3fac2-881e-4fd0-a41c-f0f1f89fc993: flushIndex: setUnconditionally 0 -> -1
2019-09-20 10:22:25,759 [pool-71-thread-1] INFO  segmented.SegmentedRaftLogWorker (SegmentedRaftLogWorker.java:lambda$new$0(132)) - 9bcfbe99-7901-4181-be4e-3ec5dddec5b7-SegmentedRaftLogWorker:Storage Directory /workdir/hadoop-ozone/tools/target/test-dir/MiniOzoneClusterImpl-af2a0117-1d3a-4be0-8e0b-6e3e4fa8d6f4/datanode-4/data/ratis/a3616861-089e-49c3-9432-3777a7080ea7: flushIndex: setUnconditionally 0 -> -1
2019-09-20 10:22:25,764 [pool-27-thread-1] INFO  server.RaftServerConfigKeys (ConfUtils.java:logGet(43)) - raft.server.snapshot.auto.trigger.enabled = true (custom)
2019-09-20 10:22:25,764 [pool-71-thread-1] INFO  server.RaftServerConfigKeys (ConfUtils.java:logGet(43)) - raft.server.snapshot.auto.trigger.enabled = true (custom)
2019-09-20 10:22:25,764 [pool-38-thread-1] INFO  server.RaftServerConfigKeys (ConfUtils.java:logGet(43)) - raft.server.snapshot.auto.trigger.enabled = true (custom)
2019-09-20 10:22:25,764 [pool-60-thread-1] INFO  server.RaftServerConfigKeys (ConfUtils.java:logGet(43)) - raft.server.snapshot.auto.trigger.enabled = true (custom)
2019-09-20 10:22:25,764 [pool-49-thread-1] INFO  server.RaftServerConfigKeys (ConfUtils.java:logGet(43)) - raft.server.snapshot.auto.trigger.enabled = true (custom)
2019-09-20 10:22:25,766 [pool-27-thread-1] INFO  server.RaftServerConfigKeys (ConfUtils.java:logGet(43)) - raft.server.snapshot.auto.trigger.threshold = 10000 (custom)
2019-09-20 10:22:25,767 [pool-71-thread-1] INFO  server.RaftServerConfigKeys (ConfUtils.java:logGet(43)) - raft.server.snapshot.auto.trigger.threshold = 10000 (custom)
2019-09-20 10:22:25,767 [pool-38-thread-1] INFO  server.RaftServerConfigKeys (ConfUtils.java:logGet(43)) - raft.server.snapshot.auto.trigger.threshold = 10000 (custom)
2019-09-20 10:22:25,766 [pool-60-thread-1] INFO  server.RaftServerConfigKeys (ConfUtils.java:logGet(43)) - raft.server.snapshot.auto.trigger.threshold = 10000 (custom)
2019-09-20 10:22:25,767 [pool-38-thread-1] INFO  server.RaftServerConfigKeys (ConfUtils.java:logGet(43)) - raft.server.retrycache.expirytime = 600000ms (custom)
2019-09-20 10:22:25,767 [pool-71-thread-1] INFO  server.RaftServerConfigKeys (ConfUtils.java:logGet(43)) - raft.server.retrycache.expirytime = 600000ms (custom)
2019-09-20 10:22:25,767 [pool-27-thread-1] INFO  server.RaftServerConfigKeys (ConfUtils.java:logGet(43)) - raft.server.retrycache.expirytime = 600000ms (custom)
2019-09-20 10:22:25,767 [pool-49-thread-1] INFO  server.RaftServerConfigKeys (ConfUtils.java:logGet(43)) - raft.server.snapshot.auto.trigger.threshold = 10000 (custom)
2019-09-20 10:22:25,767 [pool-60-thread-1] INFO  server.RaftServerConfigKeys (ConfUtils.java:logGet(43)) - raft.server.retrycache.expirytime = 600000ms (custom)
2019-09-20 10:22:25,768 [pool-49-thread-1] INFO  server.RaftServerConfigKeys (ConfUtils.java:logGet(43)) - raft.server.retrycache.expirytime = 600000ms (custom)
2019-09-20 10:22:25,789 [pool-27-thread-1] INFO  impl.RaftServerImpl (RaftServerImpl.java:start(180)) - aa9e4bb3-facb-4def-b849-7d6b52565e14: start group-537FBE8D44B1
2019-09-20 10:22:25,790 [pool-60-thread-1] INFO  impl.RaftServerImpl (RaftServerImpl.java:start(180)) - 3af3cd06-84fa-41cf-aa13-4ffa9c74ee72: start group-71BE46DEE4AE
2019-09-20 10:22:25,789 [pool-38-thread-1] INFO  impl.RaftServerImpl (RaftServerImpl.java:start(180)) - 84b71683-f1d6-4867-b37a-0b317a1fb9fa: start group-F0F1F89FC993
2019-09-20 10:22:25,789 [pool-71-thread-1] INFO  impl.RaftServerImpl (RaftServerImpl.java:start(180)) - 9bcfbe99-7901-4181-be4e-3ec5dddec5b7: start group-3777A7080EA7
2019-09-20 10:22:25,789 [pool-49-thread-1] INFO  impl.RaftServerImpl (RaftServerImpl.java:start(180)) - 7b87af3a-af6c-4aa1-be3e-95b078724efe: start group-D0F99134ABC0
2019-09-20 10:22:25,791 [pool-60-thread-1] INFO  impl.RaftServerImpl (RaftServerImpl.java:setRole(171)) - 3af3cd06-84fa-41cf-aa13-4ffa9c74ee72:group-71BE46DEE4AE changes role from null to FOLLOWER at term 0 for startAsFollower
2019-09-20 10:22:25,791 [pool-38-thread-1] INFO  impl.RaftServerImpl (RaftServerImpl.java:setRole(171)) - 84b71683-f1d6-4867-b37a-0b317a1fb9fa:group-F0F1F89FC993 changes role from null to FOLLOWER at term 0 for startAsFollower
2019-09-20 10:22:25,791 [pool-71-thread-1] INFO  impl.RaftServerImpl (RaftServerImpl.java:setRole(171)) - 9bcfbe99-7901-4181-be4e-3ec5dddec5b7:group-3777A7080EA7 changes role from null to FOLLOWER at term 0 for startAsFollower
2019-09-20 10:22:25,791 [pool-27-thread-1] INFO  impl.RaftServerImpl (RaftServerImpl.java:setRole(171)) - aa9e4bb3-facb-4def-b849-7d6b52565e14:group-537FBE8D44B1 changes role from null to FOLLOWER at term 0 for startAsFollower
2019-09-20 10:22:25,791 [pool-49-thread-1] INFO  impl.RaftServerImpl (RaftServerImpl.java:setRole(171)) - 7b87af3a-af6c-4aa1-be3e-95b078724efe:group-D0F99134ABC0 changes role from null to FOLLOWER at term 0 for startAsFollower
2019-09-20 10:22:25,792 [pool-27-thread-1] INFO  impl.RoleInfo (RoleInfo.java:updateAndGet(143)) - aa9e4bb3-facb-4def-b849-7d6b52565e14: start FollowerState
2019-09-20 10:22:25,792 [pool-71-thread-1] INFO  impl.RoleInfo (RoleInfo.java:updateAndGet(143)) - 9bcfbe99-7901-4181-be4e-3ec5dddec5b7: start FollowerState
2019-09-20 10:22:25,792 [pool-60-thread-1] INFO  impl.RoleInfo (RoleInfo.java:updateAndGet(143)) - 3af3cd06-84fa-41cf-aa13-4ffa9c74ee72: start FollowerState
2019-09-20 10:22:25,792 [pool-38-thread-1] INFO  impl.RoleInfo (RoleInfo.java:updateAndGet(143)) - 84b71683-f1d6-4867-b37a-0b317a1fb9fa: start FollowerState
2019-09-20 10:22:25,794 [pool-49-thread-1] INFO  impl.RoleInfo (RoleInfo.java:updateAndGet(143)) - 7b87af3a-af6c-4aa1-be3e-95b078724efe: start FollowerState
2019-09-20 10:22:25,795 [pool-27-thread-1] INFO  util.JmxRegister (JmxRegister.java:tryRegister(44)) - Successfully registered JMX Bean with object name Ratis:service=RaftServer,group=group-537FBE8D44B1,id=aa9e4bb3-facb-4def-b849-7d6b52565e14
2019-09-20 10:22:25,795 [pool-60-thread-1] INFO  util.JmxRegister (JmxRegister.java:tryRegister(44)) - Successfully registered JMX Bean with object name Ratis:service=RaftServer,group=group-71BE46DEE4AE,id=3af3cd06-84fa-41cf-aa13-4ffa9c74ee72
2019-09-20 10:22:25,795 [pool-49-thread-1] INFO  util.JmxRegister (JmxRegister.java:tryRegister(44)) - Successfully registered JMX Bean with object name Ratis:service=RaftServer,group=group-D0F99134ABC0,id=7b87af3a-af6c-4aa1-be3e-95b078724efe
2019-09-20 10:22:25,797 [pool-71-thread-1] INFO  util.JmxRegister (JmxRegister.java:tryRegister(44)) - Successfully registered JMX Bean with object name Ratis:service=RaftServer,group=group-3777A7080EA7,id=9bcfbe99-7901-4181-be4e-3ec5dddec5b7
2019-09-20 10:22:25,795 [pool-38-thread-1] INFO  util.JmxRegister (JmxRegister.java:tryRegister(44)) - Successfully registered JMX Bean with object name Ratis:service=RaftServer,group=group-F0F1F89FC993,id=84b71683-f1d6-4867-b37a-0b317a1fb9fa
2019-09-20 10:22:25,878 [Command processor thread] INFO  commandhandler.CreatePipelineCommandHandler (CreatePipelineCommandHandler.java:handle(112)) - Create Pipeline RATIS ONE #PipelineID=4fdaa282-241d-4051-a30b-d0f99134abc0 command succeed on datanode 7b87af3a-af6c-4aa1-be3e-95b078724efe.
2019-09-20 10:22:25,878 [Command processor thread] INFO  commandhandler.CreatePipelineCommandHandler (CreatePipelineCommandHandler.java:handle(112)) - Create Pipeline RATIS ONE #PipelineID=a3616861-089e-49c3-9432-3777a7080ea7 command succeed on datanode 9bcfbe99-7901-4181-be4e-3ec5dddec5b7.
2019-09-20 10:22:25,878 [Command processor thread] INFO  commandhandler.CreatePipelineCommandHandler (CreatePipelineCommandHandler.java:handle(112)) - Create Pipeline RATIS ONE #PipelineID=7fe3fac2-881e-4fd0-a41c-f0f1f89fc993 command succeed on datanode 84b71683-f1d6-4867-b37a-0b317a1fb9fa.
2019-09-20 10:22:25,878 [Command processor thread] INFO  commandhandler.CreatePipelineCommandHandler (CreatePipelineCommandHandler.java:handle(112)) - Create Pipeline RATIS ONE #PipelineID=514e7d72-df71-4642-9ea1-71be46dee4ae command succeed on datanode 3af3cd06-84fa-41cf-aa13-4ffa9c74ee72.
2019-09-20 10:22:25,878 [Command processor thread] INFO  commandhandler.CreatePipelineCommandHandler (CreatePipelineCommandHandler.java:handle(112)) - Create Pipeline RATIS ONE #PipelineID=27acaa41-742b-488c-973a-537fbe8d44b1 command succeed on datanode aa9e4bb3-facb-4def-b849-7d6b52565e14.
2019-09-20 10:22:25,922 [grpc-default-executor-0] INFO  impl.RaftServerProxy (RaftServerProxy.java:addNew(89)) - aa9e4bb3-facb-4def-b849-7d6b52565e14: addNew group-2746E11D7A4F:[84b71683-f1d6-4867-b37a-0b317a1fb9fa:192.168.151.119:33668, 7b87af3a-af6c-4aa1-be3e-95b078724efe:192.168.151.119:45465, aa9e4bb3-facb-4def-b849-7d6b52565e14:192.168.151.119:37131] returns group-2746E11D7A4F:java.util.concurrent.CompletableFuture@36d5ee6f[Not completed]
2019-09-20 10:22:25,922 [grpc-default-executor-3] INFO  impl.RaftServerProxy (RaftServerProxy.java:addNew(89)) - 84b71683-f1d6-4867-b37a-0b317a1fb9fa: addNew group-2746E11D7A4F:[84b71683-f1d6-4867-b37a-0b317a1fb9fa:192.168.151.119:33668, 7b87af3a-af6c-4aa1-be3e-95b078724efe:192.168.151.119:45465, aa9e4bb3-facb-4def-b849-7d6b52565e14:192.168.151.119:37131] returns group-2746E11D7A4F:java.util.concurrent.CompletableFuture@6d0e157[Not completed]
2019-09-20 10:22:25,924 [grpc-default-executor-1] INFO  impl.RaftServerProxy (RaftServerProxy.java:addNew(89)) - 7b87af3a-af6c-4aa1-be3e-95b078724efe: addNew group-2746E11D7A4F:[84b71683-f1d6-4867-b37a-0b317a1fb9fa:192.168.151.119:33668, 7b87af3a-af6c-4aa1-be3e-95b078724efe:192.168.151.119:45465, aa9e4bb3-facb-4def-b849-7d6b52565e14:192.168.151.119:37131] returns group-2746E11D7A4F:java.util.concurrent.CompletableFuture@5a6f29f5[Not completed]
2019-09-20 10:22:25,926 [pool-27-thread-1] INFO  impl.RaftServerImpl (RaftServerImpl.java:<init>(93)) - aa9e4bb3-facb-4def-b849-7d6b52565e14: new RaftServerImpl for group-2746E11D7A4F:[84b71683-f1d6-4867-b37a-0b317a1fb9fa:192.168.151.119:33668, 7b87af3a-af6c-4aa1-be3e-95b078724efe:192.168.151.119:45465, aa9e4bb3-facb-4def-b849-7d6b52565e14:192.168.151.119:37131] with ContainerStateMachine:uninitialized
2019-09-20 10:22:25,926 [pool-27-thread-1] INFO  server.RaftServerConfigKeys (ConfUtils.java:logGet(43)) - raft.server.rpc.timeout.min = 5s (custom)
2019-09-20 10:22:25,927 [pool-27-thread-1] INFO  server.RaftServerConfigKeys (ConfUtils.java:logGet(43)) - raft.server.rpc.timeout.max = 5200ms (custom)
2019-09-20 10:22:25,927 [pool-27-thread-1] INFO  server.RaftServerConfigKeys (ConfUtils.java:logGet(43)) - raft.server.rpcslowness.timeout = 120s (custom)
2019-09-20 10:22:25,927 [pool-27-thread-1] INFO  server.RaftServerConfigKeys (ConfUtils.java:logGet(43)) - raft.server.sleep.deviation.threshold = 300 (default)
2019-09-20 10:22:25,927 [pool-27-thread-1] INFO  server.RaftServerConfigKeys (ConfUtils.java:logGet(43)) - raft.server.log.appender.install.snapshot.enabled = false (custom)
2019-09-20 10:22:25,927 [pool-49-thread-1] INFO  impl.RaftServerImpl (RaftServerImpl.java:<init>(93)) - 7b87af3a-af6c-4aa1-be3e-95b078724efe: new RaftServerImpl for group-2746E11D7A4F:[84b71683-f1d6-4867-b37a-0b317a1fb9fa:192.168.151.119:33668, 7b87af3a-af6c-4aa1-be3e-95b078724efe:192.168.151.119:45465, aa9e4bb3-facb-4def-b849-7d6b52565e14:192.168.151.119:37131] with ContainerStateMachine:uninitialized
2019-09-20 10:22:25,927 [pool-27-thread-1] INFO  impl.RaftServerImpl (ServerState.java:<init>(105)) - aa9e4bb3-facb-4def-b849-7d6b52565e14:group-2746E11D7A4F ConfigurationManager, init=-1: [84b71683-f1d6-4867-b37a-0b317a1fb9fa:192.168.151.119:33668, 7b87af3a-af6c-4aa1-be3e-95b078724efe:192.168.151.119:45465, aa9e4bb3-facb-4def-b849-7d6b52565e14:192.168.151.119:37131], old=null, confs=<EMPTY_MAP>
2019-09-20 10:22:25,928 [pool-49-thread-1] INFO  server.RaftServerConfigKeys (ConfUtils.java:logGet(43)) - raft.server.rpc.timeout.min = 5s (custom)
2019-09-20 10:22:25,928 [pool-27-thread-1] INFO  server.RaftServerConfigKeys (ConfUtils.java:logGet(43)) - raft.server.storage.dir = [/workdir/hadoop-ozone/tools/target/test-dir/MiniOzoneClusterImpl-af2a0117-1d3a-4be0-8e0b-6e3e4fa8d6f4/datanode-0/data/ratis] (custom)
2019-09-20 10:22:25,928 [pool-49-thread-1] INFO  server.RaftServerConfigKeys (ConfUtils.java:logGet(43)) - raft.server.rpc.timeout.max = 5200ms (custom)
2019-09-20 10:22:25,928 [pool-49-thread-1] INFO  server.RaftServerConfigKeys (ConfUtils.java:logGet(43)) - raft.server.rpcslowness.timeout = 120s (custom)
2019-09-20 10:22:25,928 [pool-49-thread-1] INFO  server.RaftServerConfigKeys (ConfUtils.java:logGet(43)) - raft.server.sleep.deviation.threshold = 300 (default)
2019-09-20 10:22:25,929 [pool-38-thread-1] INFO  impl.RaftServerImpl (RaftServerImpl.java:<init>(93)) - 84b71683-f1d6-4867-b37a-0b317a1fb9fa: new RaftServerImpl for group-2746E11D7A4F:[84b71683-f1d6-4867-b37a-0b317a1fb9fa:192.168.151.119:33668, 7b87af3a-af6c-4aa1-be3e-95b078724efe:192.168.151.119:45465, aa9e4bb3-facb-4def-b849-7d6b52565e14:192.168.151.119:37131] with ContainerStateMachine:uninitialized
2019-09-20 10:22:25,928 [pool-27-thread-1] INFO  storage.RaftStorageDirectory (RaftStorageDirectory.java:analyzeStorage(246)) - The storage directory /workdir/hadoop-ozone/tools/target/test-dir/MiniOzoneClusterImpl-af2a0117-1d3a-4be0-8e0b-6e3e4fa8d6f4/datanode-0/data/ratis/5a4d3fa6-23a6-4db2-a3ab-2746e11d7a4f does not exist. Creating ...
2019-09-20 10:22:25,929 [pool-38-thread-1] INFO  server.RaftServerConfigKeys (ConfUtils.java:logGet(43)) - raft.server.rpc.timeout.min = 5s (custom)
2019-09-20 10:22:25,929 [pool-49-thread-1] INFO  server.RaftServerConfigKeys (ConfUtils.java:logGet(43)) - raft.server.log.appender.install.snapshot.enabled = false (custom)
2019-09-20 10:22:25,929 [pool-38-thread-1] INFO  server.RaftServerConfigKeys (ConfUtils.java:logGet(43)) - raft.server.rpc.timeout.max = 5200ms (custom)
2019-09-20 10:22:25,929 [pool-49-thread-1] INFO  impl.RaftServerImpl (ServerState.java:<init>(105)) - 7b87af3a-af6c-4aa1-be3e-95b078724efe:group-2746E11D7A4F ConfigurationManager, init=-1: [84b71683-f1d6-4867-b37a-0b317a1fb9fa:192.168.151.119:33668, 7b87af3a-af6c-4aa1-be3e-95b078724efe:192.168.151.119:45465, aa9e4bb3-facb-4def-b849-7d6b52565e14:192.168.151.119:37131], old=null, confs=<EMPTY_MAP>
2019-09-20 10:22:25,929 [pool-38-thread-1] INFO  server.RaftServerConfigKeys (ConfUtils.java:logGet(43)) - raft.server.rpcslowness.timeout = 120s (custom)
2019-09-20 10:22:25,930 [pool-49-thread-1] INFO  server.RaftServerConfigKeys (ConfUtils.java:logGet(43)) - raft.server.storage.dir = [/workdir/hadoop-ozone/tools/target/test-dir/MiniOzoneClusterImpl-af2a0117-1d3a-4be0-8e0b-6e3e4fa8d6f4/datanode-2/data/ratis] (custom)
2019-09-20 10:22:25,930 [pool-38-thread-1] INFO  server.RaftServerConfigKeys (ConfUtils.java:logGet(43)) - raft.server.sleep.deviation.threshold = 300 (default)
2019-09-20 10:22:25,930 [pool-38-thread-1] INFO  server.RaftServerConfigKeys (ConfUtils.java:logGet(43)) - raft.server.log.appender.install.snapshot.enabled = false (custom)
2019-09-20 10:22:25,930 [pool-49-thread-1] INFO  storage.RaftStorageDirectory (RaftStorageDirectory.java:analyzeStorage(246)) - The storage directory /workdir/hadoop-ozone/tools/target/test-dir/MiniOzoneClusterImpl-af2a0117-1d3a-4be0-8e0b-6e3e4fa8d6f4/datanode-2/data/ratis/5a4d3fa6-23a6-4db2-a3ab-2746e11d7a4f does not exist. Creating ...
2019-09-20 10:22:25,930 [pool-38-thread-1] INFO  impl.RaftServerImpl (ServerState.java:<init>(105)) - 84b71683-f1d6-4867-b37a-0b317a1fb9fa:group-2746E11D7A4F ConfigurationManager, init=-1: [84b71683-f1d6-4867-b37a-0b317a1fb9fa:192.168.151.119:33668, 7b87af3a-af6c-4aa1-be3e-95b078724efe:192.168.151.119:45465, aa9e4bb3-facb-4def-b849-7d6b52565e14:192.168.151.119:37131], old=null, confs=<EMPTY_MAP>
2019-09-20 10:22:25,931 [pool-38-thread-1] INFO  server.RaftServerConfigKeys (ConfUtils.java:logGet(43)) - raft.server.storage.dir = [/workdir/hadoop-ozone/tools/target/test-dir/MiniOzoneClusterImpl-af2a0117-1d3a-4be0-8e0b-6e3e4fa8d6f4/datanode-1/data/ratis] (custom)
2019-09-20 10:22:25,931 [pool-38-thread-1] INFO  storage.RaftStorageDirectory (RaftStorageDirectory.java:analyzeStorage(246)) - The storage directory /workdir/hadoop-ozone/tools/target/test-dir/MiniOzoneClusterImpl-af2a0117-1d3a-4be0-8e0b-6e3e4fa8d6f4/datanode-1/data/ratis/5a4d3fa6-23a6-4db2-a3ab-2746e11d7a4f does not exist. Creating ...
2019-09-20 10:22:25,944 [pool-49-thread-1] INFO  storage.RaftStorageDirectory (RaftStorageDirectory.java:tryLock(328)) - Lock on /workdir/hadoop-ozone/tools/target/test-dir/MiniOzoneClusterImpl-af2a0117-1d3a-4be0-8e0b-6e3e4fa8d6f4/datanode-2/data/ratis/5a4d3fa6-23a6-4db2-a3ab-2746e11d7a4f/in_use.lock acquired by nodename 23074@pr-hdds-2034-wmsbd-1222111393
2019-09-20 10:22:25,944 [pool-27-thread-1] INFO  storage.RaftStorageDirectory (RaftStorageDirectory.java:tryLock(328)) - Lock on /workdir/hadoop-ozone/tools/target/test-dir/MiniOzoneClusterImpl-af2a0117-1d3a-4be0-8e0b-6e3e4fa8d6f4/datanode-0/data/ratis/5a4d3fa6-23a6-4db2-a3ab-2746e11d7a4f/in_use.lock acquired by nodename 23074@pr-hdds-2034-wmsbd-1222111393
2019-09-20 10:22:25,944 [pool-38-thread-1] INFO  storage.RaftStorageDirectory (RaftStorageDirectory.java:tryLock(328)) - Lock on /workdir/hadoop-ozone/tools/target/test-dir/MiniOzoneClusterImpl-af2a0117-1d3a-4be0-8e0b-6e3e4fa8d6f4/datanode-1/data/ratis/5a4d3fa6-23a6-4db2-a3ab-2746e11d7a4f/in_use.lock acquired by nodename 23074@pr-hdds-2034-wmsbd-1222111393
2019-09-20 10:22:25,970 [pool-49-thread-1] INFO  storage.RaftStorage (RaftStorage.java:format(72)) - Storage directory /workdir/hadoop-ozone/tools/target/test-dir/MiniOzoneClusterImpl-af2a0117-1d3a-4be0-8e0b-6e3e4fa8d6f4/datanode-2/data/ratis/5a4d3fa6-23a6-4db2-a3ab-2746e11d7a4f has been successfully formatted.
2019-09-20 10:22:25,970 [pool-38-thread-1] INFO  storage.RaftStorage (RaftStorage.java:format(72)) - Storage directory /workdir/hadoop-ozone/tools/target/test-dir/MiniOzoneClusterImpl-af2a0117-1d3a-4be0-8e0b-6e3e4fa8d6f4/datanode-1/data/ratis/5a4d3fa6-23a6-4db2-a3ab-2746e11d7a4f has been successfully formatted.
2019-09-20 10:22:25,970 [pool-27-thread-1] INFO  storage.RaftStorage (RaftStorage.java:format(72)) - Storage directory /workdir/hadoop-ozone/tools/target/test-dir/MiniOzoneClusterImpl-af2a0117-1d3a-4be0-8e0b-6e3e4fa8d6f4/datanode-0/data/ratis/5a4d3fa6-23a6-4db2-a3ab-2746e11d7a4f has been successfully formatted.
2019-09-20 10:22:25,971 [pool-49-thread-1] INFO  ratis.ContainerStateMachine (ContainerStateMachine.java:loadSnapshot(226)) - group-2746E11D7A4F: The snapshot info is null. Setting the last applied indexto:(t:0, i:~)
2019-09-20 10:22:25,971 [pool-38-thread-1] INFO  ratis.ContainerStateMachine (ContainerStateMachine.java:loadSnapshot(226)) - group-2746E11D7A4F: The snapshot info is null. Setting the last applied indexto:(t:0, i:~)
2019-09-20 10:22:25,971 [pool-27-thread-1] INFO  ratis.ContainerStateMachine (ContainerStateMachine.java:loadSnapshot(226)) - group-2746E11D7A4F: The snapshot info is null. Setting the last applied indexto:(t:0, i:~)
2019-09-20 10:22:25,971 [pool-49-thread-1] INFO  server.RaftServerConfigKeys (ConfUtils.java:logGet(43)) - raft.server.leader.election.timeout = 120s (custom)
2019-09-20 10:22:25,971 [pool-27-thread-1] INFO  server.RaftServerConfigKeys (ConfUtils.java:logGet(43)) - raft.server.leader.election.timeout = 120s (custom)
2019-09-20 10:22:25,971 [pool-38-thread-1] INFO  server.RaftServerConfigKeys (ConfUtils.java:logGet(43)) - raft.server.leader.election.timeout = 120s (custom)
2019-09-20 10:22:25,972 [pool-27-thread-1] INFO  server.RaftServerConfigKeys (ConfUtils.java:logGet(43)) - raft.server.log.use.memory = false (default)
2019-09-20 10:22:25,972 [pool-49-thread-1] INFO  server.RaftServerConfigKeys (ConfUtils.java:logGet(43)) - raft.server.log.use.memory = false (default)
2019-09-20 10:22:25,972 [pool-27-thread-1] INFO  server.RaftServerConfigKeys (ConfUtils.java:logGet(43)) - raft.server.log.purge.gap = 1000000 (custom)
2019-09-20 10:22:25,972 [pool-38-thread-1] INFO  server.RaftServerConfigKeys (ConfUtils.java:logGet(43)) - raft.server.log.use.memory = false (default)
2019-09-20 10:22:25,972 [pool-27-thread-1] INFO  server.RaftServerConfigKeys (ConfUtils.java:logGet(43)) - raft.server.log.appender.buffer.byte-limit = 33554432 (custom)
2019-09-20 10:22:25,972 [pool-49-thread-1] INFO  server.RaftServerConfigKeys (ConfUtils.java:logGet(43)) - raft.server.log.purge.gap = 1000000 (custom)
2019-09-20 10:22:25,973 [pool-27-thread-1] INFO  server.RaftServerConfigKeys (ConfUtils.java:logGet(43)) - raft.server.log.segment.size.max = 1048576 (custom)
2019-09-20 10:22:25,973 [pool-38-thread-1] INFO  server.RaftServerConfigKeys (ConfUtils.java:logGet(43)) - raft.server.log.purge.gap = 1000000 (custom)
2019-09-20 10:22:25,973 [pool-27-thread-1] INFO  server.RaftServerConfigKeys (ConfUtils.java:logGet(43)) - raft.server.log.segment.cache.num.max = 2 (custom)
2019-09-20 10:22:25,973 [pool-49-thread-1] INFO  server.RaftServerConfigKeys (ConfUtils.java:logGet(43)) - raft.server.log.appender.buffer.byte-limit = 33554432 (custom)
2019-09-20 10:22:25,974 [pool-27-thread-1] INFO  segmented.SegmentedRaftLogWorker (SegmentedRaftLogWorker.java:<init>(172)) - new aa9e4bb3-facb-4def-b849-7d6b52565e14-SegmentedRaftLogWorker:Storage Directory /workdir/hadoop-ozone/tools/target/test-dir/MiniOzoneClusterImpl-af2a0117-1d3a-4be0-8e0b-6e3e4fa8d6f4/datanode-0/data/ratis/5a4d3fa6-23a6-4db2-a3ab-2746e11d7a4f for RaftStorage:Storage Directory /workdir/hadoop-ozone/tools/target/test-dir/MiniOzoneClusterImpl-af2a0117-1d3a-4be0-8e0b-6e3e4fa8d6f4/datanode-0/data/ratis/5a4d3fa6-23a6-4db2-a3ab-2746e11d7a4f
2019-09-20 10:22:25,973 [pool-38-thread-1] INFO  server.RaftServerConfigKeys (ConfUtils.java:logGet(43)) - raft.server.log.appender.buffer.byte-limit = 33554432 (custom)
2019-09-20 10:22:25,974 [pool-27-thread-1] INFO  server.RaftServerConfigKeys (ConfUtils.java:logGet(43)) - raft.server.log.queue.byte-limit = 2147483647 (custom)
2019-09-20 10:22:25,974 [pool-49-thread-1] INFO  server.RaftServerConfigKeys (ConfUtils.java:logGet(43)) - raft.server.log.segment.size.max = 1048576 (custom)
2019-09-20 10:22:25,976 [pool-27-thread-1] INFO  server.RaftServerConfigKeys (ConfUtils.java:logGet(43)) - raft.server.log.queue.element-limit = 1024 (custom)
2019-09-20 10:22:25,976 [pool-38-thread-1] INFO  server.RaftServerConfigKeys (ConfUtils.java:logGet(43)) - raft.server.log.segment.size.max = 1048576 (custom)
2019-09-20 10:22:25,976 [pool-27-thread-1] INFO  server.RaftServerConfigKeys (ConfUtils.java:logGet(43)) - raft.server.log.segment.size.max = 1048576 (custom)
2019-09-20 10:22:25,976 [pool-49-thread-1] INFO  server.RaftServerConfigKeys (ConfUtils.java:logGet(43)) - raft.server.log.segment.cache.num.max = 2 (custom)
2019-09-20 10:22:25,977 [pool-27-thread-1] INFO  server.RaftServerConfigKeys (ConfUtils.java:logGet(43)) - raft.server.log.preallocated.size = 16384 (custom)
2019-09-20 10:22:25,976 [pool-38-thread-1] INFO  server.RaftServerConfigKeys (ConfUtils.java:logGet(43)) - raft.server.log.segment.cache.num.max = 2 (custom)
2019-09-20 10:22:25,977 [pool-27-thread-1] INFO  server.RaftServerConfigKeys (ConfUtils.java:logGet(43)) - raft.server.log.write.buffer.size = 33554432 (custom)
2019-09-20 10:22:25,977 [pool-49-thread-1] INFO  segmented.SegmentedRaftLogWorker (SegmentedRaftLogWorker.java:<init>(172)) - new 7b87af3a-af6c-4aa1-be3e-95b078724efe-SegmentedRaftLogWorker:Storage Directory /workdir/hadoop-ozone/tools/target/test-dir/MiniOzoneClusterImpl-af2a0117-1d3a-4be0-8e0b-6e3e4fa8d6f4/datanode-2/data/ratis/5a4d3fa6-23a6-4db2-a3ab-2746e11d7a4f for RaftStorage:Storage Directory /workdir/hadoop-ozone/tools/target/test-dir/MiniOzoneClusterImpl-af2a0117-1d3a-4be0-8e0b-6e3e4fa8d6f4/datanode-2/data/ratis/5a4d3fa6-23a6-4db2-a3ab-2746e11d7a4f
2019-09-20 10:22:25,977 [pool-27-thread-1] INFO  server.RaftServerConfigKeys (ConfUtils.java:logGet(43)) - raft.server.log.force.sync.num = 128 (default)
2019-09-20 10:22:25,977 [pool-38-thread-1] INFO  segmented.SegmentedRaftLogWorker (SegmentedRaftLogWorker.java:<init>(172)) - new 84b71683-f1d6-4867-b37a-0b317a1fb9fa-SegmentedRaftLogWorker:Storage Directory /workdir/hadoop-ozone/tools/target/test-dir/MiniOzoneClusterImpl-af2a0117-1d3a-4be0-8e0b-6e3e4fa8d6f4/datanode-1/data/ratis/5a4d3fa6-23a6-4db2-a3ab-2746e11d7a4f for RaftStorage:Storage Directory /workdir/hadoop-ozone/tools/target/test-dir/MiniOzoneClusterImpl-af2a0117-1d3a-4be0-8e0b-6e3e4fa8d6f4/datanode-1/data/ratis/5a4d3fa6-23a6-4db2-a3ab-2746e11d7a4f
2019-09-20 10:22:25,979 [pool-27-thread-1] INFO  server.RaftServerConfigKeys (ConfUtils.java:logGet(43)) - raft.server.log.statemachine.data.sync = true (default)
2019-09-20 10:22:25,978 [pool-49-thread-1] INFO  server.RaftServerConfigKeys (ConfUtils.java:logGet(43)) - raft.server.log.queue.byte-limit = 2147483647 (custom)
2019-09-20 10:22:25,979 [pool-27-thread-1] INFO  server.RaftServerConfigKeys (ConfUtils.java:logGet(43)) - raft.server.log.statemachine.data.sync.timeout = 10s (default)
2019-09-20 10:22:25,979 [pool-38-thread-1] INFO  server.RaftServerConfigKeys (ConfUtils.java:logGet(43)) - raft.server.log.queue.byte-limit = 2147483647 (custom)
2019-09-20 10:22:25,981 [pool-27-thread-1] INFO  server.RaftServerConfigKeys (ConfUtils.java:logGet(43)) - raft.server.log.statemachine.data.sync.timeout.retry = -1 (default)
2019-09-20 10:22:25,981 [pool-49-thread-1] INFO  server.RaftServerConfigKeys (ConfUtils.java:logGet(43)) - raft.server.log.queue.element-limit = 1024 (custom)
2019-09-20 10:22:25,982 [pool-27-thread-1] INFO  server.RaftServerConfigKeys (ConfUtils.java:logGet(43)) - raft.server.log.statemachine.data.caching.enabled = true (custom)
2019-09-20 10:22:25,982 [pool-38-thread-1] INFO  server.RaftServerConfigKeys (ConfUtils.java:logGet(43)) - raft.server.log.queue.element-limit = 1024 (custom)
2019-09-20 10:22:25,982 [pool-49-thread-1] INFO  server.RaftServerConfigKeys (ConfUtils.java:logGet(43)) - raft.server.log.segment.size.max = 1048576 (custom)
2019-09-20 10:22:25,982 [pool-27-thread-1] INFO  segmented.SegmentedRaftLogWorker (SegmentedRaftLogWorker.java:lambda$new$0(132)) - aa9e4bb3-facb-4def-b849-7d6b52565e14-SegmentedRaftLogWorker:Storage Directory /workdir/hadoop-ozone/tools/target/test-dir/MiniOzoneClusterImpl-af2a0117-1d3a-4be0-8e0b-6e3e4fa8d6f4/datanode-0/data/ratis/5a4d3fa6-23a6-4db2-a3ab-2746e11d7a4f: flushIndex: setUnconditionally 0 -> -1
2019-09-20 10:22:25,982 [pool-38-thread-1] INFO  server.RaftServerConfigKeys (ConfUtils.java:logGet(43)) - raft.server.log.segment.size.max = 1048576 (custom)
2019-09-20 10:22:25,983 [pool-49-thread-1] INFO  server.RaftServerConfigKeys (ConfUtils.java:logGet(43)) - raft.server.log.preallocated.size = 16384 (custom)
2019-09-20 10:22:25,983 [pool-27-thread-1] INFO  server.RaftServerConfigKeys (ConfUtils.java:logGet(43)) - raft.server.snapshot.auto.trigger.enabled = true (custom)
2019-09-20 10:22:25,983 [pool-38-thread-1] INFO  server.RaftServerConfigKeys (ConfUtils.java:logGet(43)) - raft.server.log.preallocated.size = 16384 (custom)
2019-09-20 10:22:25,983 [pool-27-thread-1] INFO  server.RaftServerConfigKeys (ConfUtils.java:logGet(43)) - raft.server.snapshot.auto.trigger.threshold = 10000 (custom)
2019-09-20 10:22:25,984 [pool-38-thread-1] INFO  server.RaftServerConfigKeys (ConfUtils.java:logGet(43)) - raft.server.log.write.buffer.size = 33554432 (custom)
2019-09-20 10:22:25,983 [pool-49-thread-1] INFO  server.RaftServerConfigKeys (ConfUtils.java:logGet(43)) - raft.server.log.write.buffer.size = 33554432 (custom)
2019-09-20 10:22:25,984 [pool-38-thread-1] INFO  server.RaftServerConfigKeys (ConfUtils.java:logGet(43)) - raft.server.log.force.sync.num = 128 (default)
2019-09-20 10:22:25,984 [pool-27-thread-1] INFO  server.RaftServerConfigKeys (ConfUtils.java:logGet(43)) - raft.server.retrycache.expirytime = 600000ms (custom)
2019-09-20 10:22:25,984 [pool-38-thread-1] INFO  server.RaftServerConfigKeys (ConfUtils.java:logGet(43)) - raft.server.log.statemachine.data.sync = true (default)
2019-09-20 10:22:25,984 [pool-49-thread-1] INFO  server.RaftServerConfigKeys (ConfUtils.java:logGet(43)) - raft.server.log.force.sync.num = 128 (default)
2019-09-20 10:22:25,985 [pool-38-thread-1] INFO  server.RaftServerConfigKeys (ConfUtils.java:logGet(43)) - raft.server.log.statemachine.data.sync.timeout = 10s (default)
2019-09-20 10:22:25,984 [pool-27-thread-1] INFO  impl.RaftServerImpl (RaftServerImpl.java:start(180)) - aa9e4bb3-facb-4def-b849-7d6b52565e14: start group-2746E11D7A4F
2019-09-20 10:22:25,985 [pool-38-thread-1] INFO  server.RaftServerConfigKeys (ConfUtils.java:logGet(43)) - raft.server.log.statemachine.data.sync.timeout.retry = -1 (default)
2019-09-20 10:22:25,985 [pool-49-thread-1] INFO  server.RaftServerConfigKeys (ConfUtils.java:logGet(43)) - raft.server.log.statemachine.data.sync = true (default)
2019-09-20 10:22:25,985 [pool-38-thread-1] INFO  server.RaftServerConfigKeys (ConfUtils.java:logGet(43)) - raft.server.log.statemachine.data.caching.enabled = true (custom)
2019-09-20 10:22:25,985 [pool-27-thread-1] INFO  impl.RaftServerImpl (RaftServerImpl.java:setRole(171)) - aa9e4bb3-facb-4def-b849-7d6b52565e14:group-2746E11D7A4F changes role from null to FOLLOWER at term 0 for startAsFollower
2019-09-20 10:22:25,986 [pool-49-thread-1] INFO  server.RaftServerConfigKeys (ConfUtils.java:logGet(43)) - raft.server.log.statemachine.data.sync.timeout = 10s (default)
2019-09-20 10:22:25,986 [pool-38-thread-1] INFO  segmented.SegmentedRaftLogWorker (SegmentedRaftLogWorker.java:lambda$new$0(132)) - 84b71683-f1d6-4867-b37a-0b317a1fb9fa-SegmentedRaftLogWorker:Storage Directory /workdir/hadoop-ozone/tools/target/test-dir/MiniOzoneClusterImpl-af2a0117-1d3a-4be0-8e0b-6e3e4fa8d6f4/datanode-1/data/ratis/5a4d3fa6-23a6-4db2-a3ab-2746e11d7a4f: flushIndex: setUnconditionally 0 -> -1
2019-09-20 10:22:25,986 [pool-27-thread-1] INFO  impl.RoleInfo (RoleInfo.java:updateAndGet(143)) - aa9e4bb3-facb-4def-b849-7d6b52565e14: start FollowerState
2019-09-20 10:22:25,986 [pool-49-thread-1] INFO  server.RaftServerConfigKeys (ConfUtils.java:logGet(43)) - raft.server.log.statemachine.data.sync.timeout.retry = -1 (default)
2019-09-20 10:22:25,986 [pool-38-thread-1] INFO  server.RaftServerConfigKeys (ConfUtils.java:logGet(43)) - raft.server.snapshot.auto.trigger.enabled = true (custom)
2019-09-20 10:22:25,987 [pool-49-thread-1] INFO  server.RaftServerConfigKeys (ConfUtils.java:logGet(43)) - raft.server.log.statemachine.data.caching.enabled = true (custom)
2019-09-20 10:22:25,987 [pool-27-thread-1] INFO  util.JmxRegister (JmxRegister.java:tryRegister(44)) - Successfully registered JMX Bean with object name Ratis:service=RaftServer,group=group-2746E11D7A4F,id=aa9e4bb3-facb-4def-b849-7d6b52565e14
2019-09-20 10:22:25,987 [pool-38-thread-1] INFO  server.RaftServerConfigKeys (ConfUtils.java:logGet(43)) - raft.server.snapshot.auto.trigger.threshold = 10000 (custom)
2019-09-20 10:22:25,987 [pool-49-thread-1] INFO  segmented.SegmentedRaftLogWorker (SegmentedRaftLogWorker.java:lambda$new$0(132)) - 7b87af3a-af6c-4aa1-be3e-95b078724efe-SegmentedRaftLogWorker:Storage Directory /workdir/hadoop-ozone/tools/target/test-dir/MiniOzoneClusterImpl-af2a0117-1d3a-4be0-8e0b-6e3e4fa8d6f4/datanode-2/data/ratis/5a4d3fa6-23a6-4db2-a3ab-2746e11d7a4f: flushIndex: setUnconditionally 0 -> -1
2019-09-20 10:22:25,987 [pool-38-thread-1] INFO  server.RaftServerConfigKeys (ConfUtils.java:logGet(43)) - raft.server.retrycache.expirytime = 600000ms (custom)
2019-09-20 10:22:25,988 [pool-38-thread-1] INFO  impl.RaftServerImpl (RaftServerImpl.java:start(180)) - 84b71683-f1d6-4867-b37a-0b317a1fb9fa: start group-2746E11D7A4F
2019-09-20 10:22:25,988 [pool-38-thread-1] INFO  impl.RaftServerImpl (RaftServerImpl.java:setRole(171)) - 84b71683-f1d6-4867-b37a-0b317a1fb9fa:group-2746E11D7A4F changes role from null to FOLLOWER at term 0 for startAsFollower
2019-09-20 10:22:25,988 [pool-49-thread-1] INFO  server.RaftServerConfigKeys (ConfUtils.java:logGet(43)) - raft.server.snapshot.auto.trigger.enabled = true (custom)
2019-09-20 10:22:25,988 [pool-38-thread-1] INFO  impl.RoleInfo (RoleInfo.java:updateAndGet(143)) - 84b71683-f1d6-4867-b37a-0b317a1fb9fa: start FollowerState
2019-09-20 10:22:25,988 [pool-49-thread-1] INFO  server.RaftServerConfigKeys (ConfUtils.java:logGet(43)) - raft.server.snapshot.auto.trigger.threshold = 10000 (custom)
2019-09-20 10:22:25,989 [pool-49-thread-1] INFO  server.RaftServerConfigKeys (ConfUtils.java:logGet(43)) - raft.server.retrycache.expirytime = 600000ms (custom)
2019-09-20 10:22:25,989 [pool-38-thread-1] INFO  util.JmxRegister (JmxRegister.java:tryRegister(44)) - Successfully registered JMX Bean with object name Ratis:service=RaftServer,group=group-2746E11D7A4F,id=84b71683-f1d6-4867-b37a-0b317a1fb9fa
2019-09-20 10:22:25,989 [pool-49-thread-1] INFO  impl.RaftServerImpl (RaftServerImpl.java:start(180)) - 7b87af3a-af6c-4aa1-be3e-95b078724efe: start group-2746E11D7A4F
2019-09-20 10:22:25,991 [pool-49-thread-1] INFO  impl.RaftServerImpl (RaftServerImpl.java:setRole(171)) - 7b87af3a-af6c-4aa1-be3e-95b078724efe:group-2746E11D7A4F changes role from null to FOLLOWER at term 0 for startAsFollower
2019-09-20 10:22:25,991 [pool-49-thread-1] INFO  impl.RoleInfo (RoleInfo.java:updateAndGet(143)) - 7b87af3a-af6c-4aa1-be3e-95b078724efe: start FollowerState
2019-09-20 10:22:25,991 [pool-49-thread-1] INFO  util.JmxRegister (JmxRegister.java:tryRegister(44)) - Successfully registered JMX Bean with object name Ratis:service=RaftServer,group=group-2746E11D7A4F,id=7b87af3a-af6c-4aa1-be3e-95b078724efe
2019-09-20 10:22:25,998 [Command processor thread] INFO  commandhandler.CreatePipelineCommandHandler (CreatePipelineCommandHandler.java:handle(112)) - Create Pipeline RATIS THREE #PipelineID=5a4d3fa6-23a6-4db2-a3ab-2746e11d7a4f command succeed on datanode aa9e4bb3-facb-4def-b849-7d6b52565e14.
2019-09-20 10:22:26,008 [Command processor thread] INFO  commandhandler.CreatePipelineCommandHandler (CreatePipelineCommandHandler.java:handle(112)) - Create Pipeline RATIS THREE #PipelineID=5a4d3fa6-23a6-4db2-a3ab-2746e11d7a4f command succeed on datanode 84b71683-f1d6-4867-b37a-0b317a1fb9fa.
2019-09-20 10:22:26,009 [Command processor thread] INFO  commandhandler.CreatePipelineCommandHandler (CreatePipelineCommandHandler.java:handle(112)) - Create Pipeline RATIS THREE #PipelineID=5a4d3fa6-23a6-4db2-a3ab-2746e11d7a4f command succeed on datanode 7b87af3a-af6c-4aa1-be3e-95b078724efe.
2019-09-20 10:22:26,255 | INFO  | SCMAudit | user=jenkins1000 | ip=192.168.151.119 | op=SEND_HEARTBEAT {datanodeUUID=7b87af3a-af6c-4aa1-be3e-95b078724efe, command=[]} | ret=SUCCESS |  
2019-09-20 10:22:26,312 | INFO  | SCMAudit | user=jenkins1000 | ip=192.168.151.119 | op=SEND_HEARTBEAT {datanodeUUID=3af3cd06-84fa-41cf-aa13-4ffa9c74ee72, command=[]} | ret=SUCCESS |  
2019-09-20 10:22:26,316 [EventQueue-CreatePipelineStatusForSCMPipelineManager] INFO  pipeline.SCMPipelineManager (SCMPipelineManager.java:onMessage(479)) - receive pipeline PipelineID=514e7d72-df71-4642-9ea1-71be46dee4ae create status EXECUTED
2019-09-20 10:22:26,318 [EventQueue-CreatePipelineStatusForSCMPipelineManager] INFO  pipeline.PipelineStateManager (PipelineStateManager.java:openPipeline(134)) - Pipeline Pipeline[ Id: 514e7d72-df71-4642-9ea1-71be46dee4ae, Nodes: 3af3cd06-84fa-41cf-aa13-4ffa9c74ee72{ip: 192.168.151.119, host: pr-hdds-2034-wmsbd-1222111393, networkLocation: /default-rack, certSerialId: null}, Type:RATIS, Factor:ONE, State:ALLOCATED] moved to OPEN state
add pipeline PipelineID=514e7d72-df71-4642-9ea1-71be46dee4ae to metrics map
2019-09-20 10:22:26,320 [EventQueue-OpenPipelineForOneReplicaPipelineSafeModeRule] INFO  safemode.OneReplicaPipelineSafeModeRule (OneReplicaPipelineSafeModeRule.java:validate(96)) - OneReplicaPipelineSafeModeRule rule satisfied
2019-09-20 10:22:26,320 [EventQueue-OpenPipelineForOneReplicaPipelineSafeModeRule] INFO  safemode.SCMSafeModeManager (SCMSafeModeManager.java:validateSafeModeExitRules(169)) - AtleastOneDatanodeReportedRule rule is successfully validated
2019-09-20 10:22:26,320 [EventQueue-OpenPipelineForHealthyPipelineSafeModeRule] INFO  safemode.SCMSafeModeManager (HealthyPipelineSafeModeRule.java:process(123)) - SCM in safe mode. Healthy pipelines reported count is 1, required healthy pipeline reported count is 1
2019-09-20 10:22:26,320 [EventQueue-OpenPipelineForHealthyPipelineSafeModeRule] INFO  safemode.HealthyPipelineSafeModeRule (HealthyPipelineSafeModeRule.java:validate(104)) - HealthyPipelineSafeModeRule rule satisfied
2019-09-20 10:22:26,320 [EventQueue-OpenPipelineForHealthyPipelineSafeModeRule] INFO  safemode.SCMSafeModeManager (SCMSafeModeManager.java:validateSafeModeExitRules(169)) - HealthyPipelineSafeModeRule rule is successfully validated
2019-09-20 10:22:26,321 [EventQueue-OpenPipelineForHealthyPipelineSafeModeRule] INFO  safemode.SCMSafeModeManager (SCMSafeModeManager.java:validateSafeModeExitRules(178)) - ScmSafeModeManager, all rules are successfully validated
2019-09-20 10:22:26,321 [EventQueue-OpenPipelineForHealthyPipelineSafeModeRule] INFO  safemode.SCMSafeModeManager (SCMSafeModeManager.java:exitSafeMode(194)) - SCM exiting safe mode.
2019-09-20 10:22:26,474 | INFO  | SCMAudit | user=jenkins1000 | ip=192.168.151.119 | op=SEND_HEARTBEAT {datanodeUUID=aa9e4bb3-facb-4def-b849-7d6b52565e14, command=[]} | ret=SUCCESS |  
2019-09-20 10:22:26,515 | INFO  | SCMAudit | user=jenkins1000 | ip=192.168.151.119 | op=SEND_HEARTBEAT {datanodeUUID=9bcfbe99-7901-4181-be4e-3ec5dddec5b7, command=[]} | ret=SUCCESS |  
2019-09-20 10:22:26,536 [main] INFO  ozone.MiniOzoneClusterImpl (MiniOzoneClusterImpl.java:lambda$waitForClusterToBeReady$0(145)) - Nodes are ready. Got 5 of 5 DN Heartbeats.
2019-09-20 10:22:26,536 [main] INFO  ozone.MiniOzoneClusterImpl (MiniOzoneClusterImpl.java:lambda$waitForClusterToBeReady$0(148)) - Cluster exits safe mode
2019-09-20 10:22:26,739 | INFO  | SCMAudit | user=jenkins1000 | ip=192.168.151.119 | op=SEND_HEARTBEAT {datanodeUUID=84b71683-f1d6-4867-b37a-0b317a1fb9fa, command=[]} | ret=SUCCESS |  
2019-09-20 10:22:26,988 [main] INFO  freon.RandomKeyGenerator (RandomKeyGenerator.java:call(275)) - Number of Threads: 10
2019-09-20 10:22:26,989 [main] INFO  freon.RandomKeyGenerator (RandomKeyGenerator.java:call(280)) - Number of Volumes: 1.
2019-09-20 10:22:26,989 [main] INFO  freon.RandomKeyGenerator (RandomKeyGenerator.java:call(281)) - Number of Buckets per Volume: 1.
2019-09-20 10:22:26,989 [main] INFO  freon.RandomKeyGenerator (RandomKeyGenerator.java:call(282)) - Number of Keys per Bucket: 1.
2019-09-20 10:22:26,989 [main] INFO  freon.RandomKeyGenerator (RandomKeyGenerator.java:call(283)) - Key size: 20971520 bytes
2019-09-20 10:22:26,989 [main] INFO  freon.RandomKeyGenerator (RandomKeyGenerator.java:call(284)) - Buffer size: 4096 bytes
2019-09-20 10:22:26,994 [main] INFO  freon.RandomKeyGenerator (RandomKeyGenerator.java:call(298)) - Data validation is enabled.
2019-09-20 10:22:26,995 [main] INFO  freon.RandomKeyGenerator (RandomKeyGenerator.java:call(304)) - Starting progress bar Thread.

 0.00% |█                                                                                                    |  0/1 Time: 0:00:002019-09-20 10:22:27,027 [pool-78-thread-1] INFO  rpc.RpcClient (RpcClient.java:createVolume(293)) - Creating Volume: vol-0-08063, with jenkins1000 as owner.
2019-09-20 10:22:27,067 | INFO  | OMAudit | user=jenkins1000 | ip=127.0.0.1 | op=CREATE_VOLUME {admin=jenkins1000, owner=jenkins1000, volume=vol-0-08063, creationTime=1568974947050, quotaInBytes=1152921504606846976} | ret=SUCCESS |  
2019-09-20 10:22:27,087 | INFO  | OMAudit | user=jenkins1000 | ip=127.0.0.1 | op=READ_VOLUME {volume=vol-0-08063} | ret=SUCCESS |  
2019-09-20 10:22:27,098 [pool-78-thread-2] INFO  rpc.RpcClient (RpcClient.java:createBucket(432)) - Creating Bucket: vol-0-08063/bucket-0-36207, with Versioning false and Storage Type set to DISK and Encryption set to false 
2019-09-20 10:22:27,123 | INFO  | OMAudit | user=jenkins1000 | ip=127.0.0.1 | op=CREATE_BUCKET {volume=vol-0-08063, bucket=bucket-0-36207, acls=[user:jenkins1000:a[ACCESS], group:default:a[ACCESS]], isVersionEnabled=false, storageType=DISK, creationTime=0} | ret=SUCCESS |  
2019-09-20 10:22:27,130 | INFO  | OMAudit | user=jenkins1000 | ip=127.0.0.1 | op=READ_BUCKET {volume=vol-0-08063, bucket=bucket-0-36207} | ret=SUCCESS |  
2019-09-20 10:22:27,184 [IPC Server handler 19 on 35589] WARN  block.BlockManagerImpl (BlockManagerImpl.java:allocateBlock(221)) - Pipeline creation failed for type:RATIS factor:THREE. Retrying get pipelines call once.
org.apache.hadoop.hdds.scm.pipeline.InsufficientDatanodesException: Cannot create pipeline of factor 3 using 2 nodes.
	at org.apache.hadoop.hdds.scm.pipeline.RatisPipelineProvider.create(RatisPipelineProvider.java:145)
	at org.apache.hadoop.hdds.scm.pipeline.PipelineFactory.create(PipelineFactory.java:59)
	at org.apache.hadoop.hdds.scm.pipeline.SCMPipelineManager.createPipeline(SCMPipelineManager.java:171)
	at org.apache.hadoop.hdds.scm.block.BlockManagerImpl.allocateBlock(BlockManagerImpl.java:210)
	at org.apache.hadoop.hdds.scm.server.SCMBlockProtocolServer.allocateBlock(SCMBlockProtocolServer.java:175)
	at org.apache.hadoop.ozone.protocolPB.ScmBlockLocationProtocolServerSideTranslatorPB.allocateScmBlock(ScmBlockLocationProtocolServerSideTranslatorPB.java:153)
	at org.apache.hadoop.ozone.protocolPB.ScmBlockLocationProtocolServerSideTranslatorPB.send(ScmBlockLocationProtocolServerSideTranslatorPB.java:112)
	at org.apache.hadoop.hdds.protocol.proto.ScmBlockLocationProtocolProtos$ScmBlockLocationProtocolService$2.callBlockingMethod(ScmBlockLocationProtocolProtos.java:13157)
	at org.apache.hadoop.ipc.ProtobufRpcEngine$Server$ProtoBufRpcInvoker.call(ProtobufRpcEngine.java:524)
	at org.apache.hadoop.ipc.RPC$Server.call(RPC.java:1025)
	at org.apache.hadoop.ipc.Server$RpcCall.run(Server.java:876)
	at org.apache.hadoop.ipc.Server$RpcCall.run(Server.java:822)
	at java.security.AccessController.doPrivileged(Native Method)
	at javax.security.auth.Subject.doAs(Subject.java:422)
	at org.apache.hadoop.security.UserGroupInformation.doAs(UserGroupInformation.java:1730)
	at org.apache.hadoop.ipc.Server$Handler.run(Server.java:2682)
2019-09-20 10:22:27,186 [IPC Server handler 19 on 35589] INFO  block.BlockManagerImpl (BlockManagerImpl.java:allocateBlock(227)) - Could not find available pipeline of type:RATIS and factor:THREE even after retrying
2019-09-20 10:22:27,186 [IPC Server handler 19 on 35589] ERROR block.BlockManagerImpl (BlockManagerImpl.java:allocateBlock(251)) - Unable to allocate a block for the size: 4194304, type: RATIS, factor: THREE
2019-09-20 10:22:27,189 [IPC Server handler 19 on 35589] WARN  block.BlockManagerImpl (BlockManagerImpl.java:allocateBlock(221)) - Pipeline creation failed for type:RATIS factor:THREE. Retrying get pipelines call once.
org.apache.hadoop.hdds.scm.pipeline.InsufficientDatanodesException: Cannot create pipeline of factor 3 using 2 nodes.
	at org.apache.hadoop.hdds.scm.pipeline.RatisPipelineProvider.create(RatisPipelineProvider.java:145)
	at org.apache.hadoop.hdds.scm.pipeline.PipelineFactory.create(PipelineFactory.java:59)
	at org.apache.hadoop.hdds.scm.pipeline.SCMPipelineManager.createPipeline(SCMPipelineManager.java:171)
	at org.apache.hadoop.hdds.scm.block.BlockManagerImpl.allocateBlock(BlockManagerImpl.java:210)
	at org.apache.hadoop.hdds.scm.server.SCMBlockProtocolServer.allocateBlock(SCMBlockProtocolServer.java:175)
	at org.apache.hadoop.ozone.protocolPB.ScmBlockLocationProtocolServerSideTranslatorPB.allocateScmBlock(ScmBlockLocationProtocolServerSideTranslatorPB.java:153)
	at org.apache.hadoop.ozone.protocolPB.ScmBlockLocationProtocolServerSideTranslatorPB.send(ScmBlockLocationProtocolServerSideTranslatorPB.java:112)
	at org.apache.hadoop.hdds.protocol.proto.ScmBlockLocationProtocolProtos$ScmBlockLocationProtocolService$2.callBlockingMethod(ScmBlockLocationProtocolProtos.java:13157)
	at org.apache.hadoop.ipc.ProtobufRpcEngine$Server$ProtoBufRpcInvoker.call(ProtobufRpcEngine.java:524)
	at org.apache.hadoop.ipc.RPC$Server.call(RPC.java:1025)
	at org.apache.hadoop.ipc.Server$RpcCall.run(Server.java:876)
	at org.apache.hadoop.ipc.Server$RpcCall.run(Server.java:822)
	at java.security.AccessController.doPrivileged(Native Method)
	at javax.security.auth.Subject.doAs(Subject.java:422)
	at org.apache.hadoop.security.UserGroupInformation.doAs(UserGroupInformation.java:1730)
	at org.apache.hadoop.ipc.Server$Handler.run(Server.java:2682)
2019-09-20 10:22:27,189 [IPC Server handler 19 on 35589] INFO  block.BlockManagerImpl (BlockManagerImpl.java:allocateBlock(227)) - Could not find available pipeline of type:RATIS and factor:THREE even after retrying
2019-09-20 10:22:27,189 [IPC Server handler 19 on 35589] ERROR block.BlockManagerImpl (BlockManagerImpl.java:allocateBlock(251)) - Unable to allocate a block for the size: 4194304, type: RATIS, factor: THREE
2019-09-20 10:22:27,191 [IPC Server handler 19 on 35589] WARN  block.BlockManagerImpl (BlockManagerImpl.java:allocateBlock(221)) - Pipeline creation failed for type:RATIS factor:THREE. Retrying get pipelines call once.
org.apache.hadoop.hdds.scm.pipeline.InsufficientDatanodesException: Cannot create pipeline of factor 3 using 2 nodes.
	at org.apache.hadoop.hdds.scm.pipeline.RatisPipelineProvider.create(RatisPipelineProvider.java:145)
	at org.apache.hadoop.hdds.scm.pipeline.PipelineFactory.create(PipelineFactory.java:59)
	at org.apache.hadoop.hdds.scm.pipeline.SCMPipelineManager.createPipeline(SCMPipelineManager.java:171)
	at org.apache.hadoop.hdds.scm.block.BlockManagerImpl.allocateBlock(BlockManagerImpl.java:210)
	at org.apache.hadoop.hdds.scm.server.SCMBlockProtocolServer.allocateBlock(SCMBlockProtocolServer.java:175)
	at org.apache.hadoop.ozone.protocolPB.ScmBlockLocationProtocolServerSideTranslatorPB.allocateScmBlock(ScmBlockLocationProtocolServerSideTranslatorPB.java:153)
	at org.apache.hadoop.ozone.protocolPB.ScmBlockLocationProtocolServerSideTranslatorPB.send(ScmBlockLocationProtocolServerSideTranslatorPB.java:112)
	at org.apache.hadoop.hdds.protocol.proto.ScmBlockLocationProtocolProtos$ScmBlockLocationProtocolService$2.callBlockingMethod(ScmBlockLocationProtocolProtos.java:13157)
	at org.apache.hadoop.ipc.ProtobufRpcEngine$Server$ProtoBufRpcInvoker.call(ProtobufRpcEngine.java:524)
	at org.apache.hadoop.ipc.RPC$Server.call(RPC.java:1025)
	at org.apache.hadoop.ipc.Server$RpcCall.run(Server.java:876)
	at org.apache.hadoop.ipc.Server$RpcCall.run(Server.java:822)
	at java.security.AccessController.doPrivileged(Native Method)
	at javax.security.auth.Subject.doAs(Subject.java:422)
	at org.apache.hadoop.security.UserGroupInformation.doAs(UserGroupInformation.java:1730)
	at org.apache.hadoop.ipc.Server$Handler.run(Server.java:2682)
2019-09-20 10:22:27,192 [IPC Server handler 19 on 35589] INFO  block.BlockManagerImpl (BlockManagerImpl.java:allocateBlock(227)) - Could not find available pipeline of type:RATIS and factor:THREE even after retrying
2019-09-20 10:22:27,192 [IPC Server handler 19 on 35589] ERROR block.BlockManagerImpl (BlockManagerImpl.java:allocateBlock(251)) - Unable to allocate a block for the size: 4194304, type: RATIS, factor: THREE
2019-09-20 10:22:27,194 [IPC Server handler 19 on 35589] WARN  block.BlockManagerImpl (BlockManagerImpl.java:allocateBlock(221)) - Pipeline creation failed for type:RATIS factor:THREE. Retrying get pipelines call once.
org.apache.hadoop.hdds.scm.pipeline.InsufficientDatanodesException: Cannot create pipeline of factor 3 using 2 nodes.
	at org.apache.hadoop.hdds.scm.pipeline.RatisPipelineProvider.create(RatisPipelineProvider.java:145)
	at org.apache.hadoop.hdds.scm.pipeline.PipelineFactory.create(PipelineFactory.java:59)
	at org.apache.hadoop.hdds.scm.pipeline.SCMPipelineManager.createPipeline(SCMPipelineManager.java:171)
	at org.apache.hadoop.hdds.scm.block.BlockManagerImpl.allocateBlock(BlockManagerImpl.java:210)
	at org.apache.hadoop.hdds.scm.server.SCMBlockProtocolServer.allocateBlock(SCMBlockProtocolServer.java:175)
	at org.apache.hadoop.ozone.protocolPB.ScmBlockLocationProtocolServerSideTranslatorPB.allocateScmBlock(ScmBlockLocationProtocolServerSideTranslatorPB.java:153)
	at org.apache.hadoop.ozone.protocolPB.ScmBlockLocationProtocolServerSideTranslatorPB.send(ScmBlockLocationProtocolServerSideTranslatorPB.java:112)
	at org.apache.hadoop.hdds.protocol.proto.ScmBlockLocationProtocolProtos$ScmBlockLocationProtocolService$2.callBlockingMethod(ScmBlockLocationProtocolProtos.java:13157)
	at org.apache.hadoop.ipc.ProtobufRpcEngine$Server$ProtoBufRpcInvoker.call(ProtobufRpcEngine.java:524)
	at org.apache.hadoop.ipc.RPC$Server.call(RPC.java:1025)
	at org.apache.hadoop.ipc.Server$RpcCall.run(Server.java:876)
	at org.apache.hadoop.ipc.Server$RpcCall.run(Server.java:822)
	at java.security.AccessController.doPrivileged(Native Method)
	at javax.security.auth.Subject.doAs(Subject.java:422)
	at org.apache.hadoop.security.UserGroupInformation.doAs(UserGroupInformation.java:1730)
	at org.apache.hadoop.ipc.Server$Handler.run(Server.java:2682)
2019-09-20 10:22:27,195 [IPC Server handler 19 on 35589] INFO  block.BlockManagerImpl (BlockManagerImpl.java:allocateBlock(227)) - Could not find available pipeline of type:RATIS and factor:THREE even after retrying
2019-09-20 10:22:27,195 [IPC Server handler 19 on 35589] ERROR block.BlockManagerImpl (BlockManagerImpl.java:allocateBlock(251)) - Unable to allocate a block for the size: 4194304, type: RATIS, factor: THREE
2019-09-20 10:22:27,198 [IPC Server handler 19 on 35589] WARN  block.BlockManagerImpl (BlockManagerImpl.java:allocateBlock(221)) - Pipeline creation failed for type:RATIS factor:THREE. Retrying get pipelines call once.
org.apache.hadoop.hdds.scm.pipeline.InsufficientDatanodesException: Cannot create pipeline of factor 3 using 2 nodes.
	at org.apache.hadoop.hdds.scm.pipeline.RatisPipelineProvider.create(RatisPipelineProvider.java:145)
	at org.apache.hadoop.hdds.scm.pipeline.PipelineFactory.create(PipelineFactory.java:59)
	at org.apache.hadoop.hdds.scm.pipeline.SCMPipelineManager.createPipeline(SCMPipelineManager.java:171)
	at org.apache.hadoop.hdds.scm.block.BlockManagerImpl.allocateBlock(BlockManagerImpl.java:210)
	at org.apache.hadoop.hdds.scm.server.SCMBlockProtocolServer.allocateBlock(SCMBlockProtocolServer.java:175)
	at org.apache.hadoop.ozone.protocolPB.ScmBlockLocationProtocolServerSideTranslatorPB.allocateScmBlock(ScmBlockLocationProtocolServerSideTranslatorPB.java:153)
	at org.apache.hadoop.ozone.protocolPB.ScmBlockLocationProtocolServerSideTranslatorPB.send(ScmBlockLocationProtocolServerSideTranslatorPB.java:112)
	at org.apache.hadoop.hdds.protocol.proto.ScmBlockLocationProtocolProtos$ScmBlockLocationProtocolService$2.callBlockingMethod(ScmBlockLocationProtocolProtos.java:13157)
	at org.apache.hadoop.ipc.ProtobufRpcEngine$Server$ProtoBufRpcInvoker.call(ProtobufRpcEngine.java:524)
	at org.apache.hadoop.ipc.RPC$Server.call(RPC.java:1025)
	at org.apache.hadoop.ipc.Server$RpcCall.run(Server.java:876)
	at org.apache.hadoop.ipc.Server$RpcCall.run(Server.java:822)
	at java.security.AccessController.doPrivileged(Native Method)
	at javax.security.auth.Subject.doAs(Subject.java:422)
	at org.apache.hadoop.security.UserGroupInformation.doAs(UserGroupInformation.java:1730)
	at org.apache.hadoop.ipc.Server$Handler.run(Server.java:2682)
2019-09-20 10:22:27,199 [IPC Server handler 19 on 35589] INFO  block.BlockManagerImpl (BlockManagerImpl.java:allocateBlock(227)) - Could not find available pipeline of type:RATIS and factor:THREE even after retrying
2019-09-20 10:22:27,199 [IPC Server handler 19 on 35589] ERROR block.BlockManagerImpl (BlockManagerImpl.java:allocateBlock(251)) - Unable to allocate a block for the size: 4194304, type: RATIS, factor: THREE
2019-09-20 10:22:27,199 | INFO  | SCMAudit | user=jenkins1000 | ip=192.168.151.119 | op=ALLOCATE_BLOCK {owner=946e4ab7-c38b-4593-bf31-90792565ba96, size=4194304, type=RATIS, factor=THREE} | ret=SUCCESS |  
2019-09-20 10:22:27,206 | ERROR | OMAudit | user=jenkins1000 | ip=127.0.0.1 | op=ALLOCATE_KEY {volume=vol-0-08063, bucket=bucket-0-36207, key=key-0-70271, dataSize=20971520, replicationType=RATIS, replicationFactor=THREE, keyLocationInfo=null} | ret=FAILURE | org.apache.hadoop.hdds.scm.exceptions.SCMException: Allocated 0 blocks. Requested 5 blocks
	at org.apache.hadoop.hdds.scm.protocolPB.ScmBlockLocationProtocolClientSideTranslatorPB.handleError(ScmBlockLocationProtocolClientSideTranslatorPB.java:118)
	at org.apache.hadoop.hdds.scm.protocolPB.ScmBlockLocationProtocolClientSideTranslatorPB.allocateBlock(ScmBlockLocationProtocolClientSideTranslatorPB.java:156) 
2019-09-20 10:22:27,210 [pool-78-thread-3] ERROR freon.RandomKeyGenerator (RandomKeyGenerator.java:createKey(724)) - Exception while adding key: key-0-70271 in bucket: bucket-0-36207 of volume: vol-0-08063.
INTERNAL_ERROR org.apache.hadoop.ozone.om.exceptions.OMException: Allocated 0 blocks. Requested 5 blocks
	at org.apache.hadoop.ozone.om.protocolPB.OzoneManagerProtocolClientSideTranslatorPB.handleError(OzoneManagerProtocolClientSideTranslatorPB.java:725)
	at org.apache.hadoop.ozone.om.protocolPB.OzoneManagerProtocolClientSideTranslatorPB.openKey(OzoneManagerProtocolClientSideTranslatorPB.java:716)
	at org.apache.hadoop.ozone.client.rpc.RpcClient.createKey(RpcClient.java:615)
	at org.apache.hadoop.ozone.client.OzoneBucket.createKey(OzoneBucket.java:323)
	at org.apache.hadoop.ozone.freon.RandomKeyGenerator.createKey(RandomKeyGenerator.java:686)
	at org.apache.hadoop.ozone.freon.RandomKeyGenerator.access$1100(RandomKeyGenerator.java:87)
	at org.apache.hadoop.ozone.freon.RandomKeyGenerator$ObjectCreator.run(RandomKeyGenerator.java:606)
	at java.util.concurrent.Executors$RunnableAdapter.call(Executors.java:511)
	at java.util.concurrent.FutureTask.run(FutureTask.java:266)
	at java.util.concurrent.ThreadPoolExecutor.runWorker(ThreadPoolExecutor.java:1149)
	at java.util.concurrent.ThreadPoolExecutor$Worker.run(ThreadPoolExecutor.java:624)
	at java.lang.Thread.run(Thread.java:748)
2019-09-20 10:22:27,256 | INFO  | SCMAudit | user=jenkins1000 | ip=192.168.151.119 | op=SEND_HEARTBEAT {datanodeUUID=7b87af3a-af6c-4aa1-be3e-95b078724efe, command=[]} | ret=SUCCESS |  
2019-09-20 10:22:27,256 [EventQueue-CreatePipelineStatusForSCMPipelineManager] INFO  pipeline.SCMPipelineManager (SCMPipelineManager.java:onMessage(479)) - receive pipeline PipelineID=5a4d3fa6-23a6-4db2-a3ab-2746e11d7a4f create status EXECUTED
2019-09-20 10:22:27,256 [EventQueue-CreatePipelineStatusForSCMPipelineManager] INFO  pipeline.PipelineStateManager (PipelineStateManager.java:openPipeline(134)) - Pipeline Pipeline[ Id: 5a4d3fa6-23a6-4db2-a3ab-2746e11d7a4f, Nodes: 7b87af3a-af6c-4aa1-be3e-95b078724efe{ip: 192.168.151.119, host: pr-hdds-2034-wmsbd-1222111393, networkLocation: /default-rack, certSerialId: null}aa9e4bb3-facb-4def-b849-7d6b52565e14{ip: 192.168.151.119, host: pr-hdds-2034-wmsbd-1222111393, networkLocation: /default-rack, certSerialId: null}84b71683-f1d6-4867-b37a-0b317a1fb9fa{ip: 192.168.151.119, host: pr-hdds-2034-wmsbd-1222111393, networkLocation: /default-rack, certSerialId: null}, Type:RATIS, Factor:THREE, State:ALLOCATED] moved to OPEN state
add pipeline PipelineID=5a4d3fa6-23a6-4db2-a3ab-2746e11d7a4f to metrics map
2019-09-20 10:22:27,257 [EventQueue-CreatePipelineStatusForSCMPipelineManager] INFO  pipeline.SCMPipelineManager (SCMPipelineManager.java:onMessage(479)) - receive pipeline PipelineID=4fdaa282-241d-4051-a30b-d0f99134abc0 create status EXECUTED
2019-09-20 10:22:27,257 [EventQueue-CreatePipelineStatusForSCMPipelineManager] INFO  pipeline.PipelineStateManager (PipelineStateManager.java:openPipeline(134)) - Pipeline Pipeline[ Id: 4fdaa282-241d-4051-a30b-d0f99134abc0, Nodes: 7b87af3a-af6c-4aa1-be3e-95b078724efe{ip: 192.168.151.119, host: pr-hdds-2034-wmsbd-1222111393, networkLocation: /default-rack, certSerialId: null}, Type:RATIS, Factor:ONE, State:ALLOCATED] moved to OPEN state
add pipeline PipelineID=4fdaa282-241d-4051-a30b-d0f99134abc0 to metrics map
2019-09-20 10:22:27,300 | INFO  | SCMAudit | user=jenkins1000 | ip=192.168.151.119 | op=SEND_HEARTBEAT {datanodeUUID=3af3cd06-84fa-41cf-aa13-4ffa9c74ee72, command=[]} | ret=SUCCESS |  
2019-09-20 10:22:27,476 | INFO  | SCMAudit | user=jenkins1000 | ip=192.168.151.119 | op=SEND_HEARTBEAT {datanodeUUID=aa9e4bb3-facb-4def-b849-7d6b52565e14, command=[]} | ret=SUCCESS |  
2019-09-20 10:22:27,476 [EventQueue-CreatePipelineStatusForSCMPipelineManager] INFO  pipeline.SCMPipelineManager (SCMPipelineManager.java:onMessage(479)) - receive pipeline PipelineID=5a4d3fa6-23a6-4db2-a3ab-2746e11d7a4f create status EXECUTED
2019-09-20 10:22:27,476 [EventQueue-CreatePipelineStatusForSCMPipelineManager] INFO  pipeline.SCMPipelineManager (SCMPipelineManager.java:onMessage(479)) - receive pipeline PipelineID=27acaa41-742b-488c-973a-537fbe8d44b1 create status EXECUTED
2019-09-20 10:22:27,477 [EventQueue-CreatePipelineStatusForSCMPipelineManager] INFO  pipeline.PipelineStateManager (PipelineStateManager.java:openPipeline(134)) - Pipeline Pipeline[ Id: 27acaa41-742b-488c-973a-537fbe8d44b1, Nodes: aa9e4bb3-facb-4def-b849-7d6b52565e14{ip: 192.168.151.119, host: pr-hdds-2034-wmsbd-1222111393, networkLocation: /default-rack, certSerialId: null}, Type:RATIS, Factor:ONE, State:ALLOCATED] moved to OPEN state
add pipeline PipelineID=27acaa41-742b-488c-973a-537fbe8d44b1 to metrics map
2019-09-20 10:22:27,517 [EventQueue-CreatePipelineStatusForSCMPipelineManager] INFO  pipeline.SCMPipelineManager (SCMPipelineManager.java:onMessage(479)) - receive pipeline PipelineID=a3616861-089e-49c3-9432-3777a7080ea7 create status EXECUTED
2019-09-20 10:22:27,517 | INFO  | SCMAudit | user=jenkins1000 | ip=192.168.151.119 | op=SEND_HEARTBEAT {datanodeUUID=9bcfbe99-7901-4181-be4e-3ec5dddec5b7, command=[]} | ret=SUCCESS |  
2019-09-20 10:22:27,517 [EventQueue-CreatePipelineStatusForSCMPipelineManager] INFO  pipeline.PipelineStateManager (PipelineStateManager.java:openPipeline(134)) - Pipeline Pipeline[ Id: a3616861-089e-49c3-9432-3777a7080ea7, Nodes: 9bcfbe99-7901-4181-be4e-3ec5dddec5b7{ip: 192.168.151.119, host: pr-hdds-2034-wmsbd-1222111393, networkLocation: /default-rack, certSerialId: null}, Type:RATIS, Factor:ONE, State:ALLOCATED] moved to OPEN state
add pipeline PipelineID=a3616861-089e-49c3-9432-3777a7080ea7 to metrics map
2019-09-20 10:22:27,744 | INFO  | SCMAudit | user=jenkins1000 | ip=192.168.151.119 | op=SEND_HEARTBEAT {datanodeUUID=84b71683-f1d6-4867-b37a-0b317a1fb9fa, command=[]} | ret=SUCCESS |  
2019-09-20 10:22:27,744 [EventQueue-CreatePipelineStatusForSCMPipelineManager] INFO  pipeline.SCMPipelineManager (SCMPipelineManager.java:onMessage(479)) - receive pipeline PipelineID=5a4d3fa6-23a6-4db2-a3ab-2746e11d7a4f create status EXECUTED
add pipeline PipelineID=5a4d3fa6-23a6-4db2-a3ab-2746e11d7a4f to metrics map
2019-09-20 10:22:27,744 [EventQueue-CreatePipelineStatusForSCMPipelineManager] INFO  pipeline.SCMPipelineManager (SCMPipelineManager.java:onMessage(479)) - receive pipeline PipelineID=7fe3fac2-881e-4fd0-a41c-f0f1f89fc993 create status EXECUTED
2019-09-20 10:22:27,745 [EventQueue-CreatePipelineStatusForSCMPipelineManager] INFO  pipeline.PipelineStateManager (PipelineStateManager.java:openPipeline(134)) - Pipeline Pipeline[ Id: 7fe3fac2-881e-4fd0-a41c-f0f1f89fc993, Nodes: 84b71683-f1d6-4867-b37a-0b317a1fb9fa{ip: 192.168.151.119, host: pr-hdds-2034-wmsbd-1222111393, networkLocation: /default-rack, certSerialId: null}, Type:RATIS, Factor:ONE, State:ALLOCATED] moved to OPEN state
add pipeline PipelineID=7fe3fac2-881e-4fd0-a41c-f0f1f89fc993 to metrics map
 0.00% |█                                                                                                    |  0/1 Time: 0:00:012019-09-20 10:22:28,252 | INFO  | SCMAudit | user=jenkins1000 | ip=192.168.151.119 | op=SEND_HEARTBEAT {datanodeUUID=7b87af3a-af6c-4aa1-be3e-95b078724efe, command=[]} | ret=SUCCESS |  
2019-09-20 10:22:28,298 | INFO  | SCMAudit | user=jenkins1000 | ip=192.168.151.119 | op=SEND_HEARTBEAT {datanodeUUID=3af3cd06-84fa-41cf-aa13-4ffa9c74ee72, command=[]} | ret=SUCCESS |  
2019-09-20 10:22:28,472 | INFO  | SCMAudit | user=jenkins1000 | ip=192.168.151.119 | op=SEND_HEARTBEAT {datanodeUUID=aa9e4bb3-facb-4def-b849-7d6b52565e14, command=[]} | ret=SUCCESS |  
2019-09-20 10:22:28,515 | INFO  | SCMAudit | user=jenkins1000 | ip=192.168.151.119 | op=SEND_HEARTBEAT {datanodeUUID=9bcfbe99-7901-4181-be4e-3ec5dddec5b7, command=[]} | ret=SUCCESS |  
2019-09-20 10:22:28,736 | INFO  | SCMAudit | user=jenkins1000 | ip=192.168.151.119 | op=SEND_HEARTBEAT {datanodeUUID=84b71683-f1d6-4867-b37a-0b317a1fb9fa, command=[]} | ret=SUCCESS |  
 0.00% |█                                                                                                    |  0/1 Time: 0:00:022019-09-20 10:22:29,253 | INFO  | SCMAudit | user=jenkins1000 | ip=192.168.151.119 | op=SEND_HEARTBEAT {datanodeUUID=7b87af3a-af6c-4aa1-be3e-95b078724efe, command=[]} | ret=SUCCESS |  
2019-09-20 10:22:29,298 | INFO  | SCMAudit | user=jenkins1000 | ip=192.168.151.119 | op=SEND_HEARTBEAT {datanodeUUID=3af3cd06-84fa-41cf-aa13-4ffa9c74ee72, command=[]} | ret=SUCCESS |  
2019-09-20 10:22:29,323 [Thread-236] INFO  container.ReplicationManager (ReplicationManager.java:start(151)) - Starting Replication Monitor Thread.
2019-09-20 10:22:29,327 [ReplicationMonitor] INFO  container.ReplicationManager (ReplicationManager.java:run(214)) - Replication Monitor Thread took 1 milliseconds for processing 0 containers.
2019-09-20 10:22:29,473 | INFO  | SCMAudit | user=jenkins1000 | ip=192.168.151.119 | op=SEND_HEARTBEAT {datanodeUUID=aa9e4bb3-facb-4def-b849-7d6b52565e14, command=[]} | ret=SUCCESS |  
2019-09-20 10:22:29,515 | INFO  | SCMAudit | user=jenkins1000 | ip=192.168.151.119 | op=SEND_HEARTBEAT {datanodeUUID=9bcfbe99-7901-4181-be4e-3ec5dddec5b7, command=[]} | ret=SUCCESS |  
2019-09-20 10:22:29,736 | INFO  | SCMAudit | user=jenkins1000 | ip=192.168.151.119 | op=SEND_HEARTBEAT {datanodeUUID=84b71683-f1d6-4867-b37a-0b317a1fb9fa, command=[]} | ret=SUCCESS |  
 0.00% |█                                                                                                    |  0/1 Time: 0:00:032019-09-20 10:22:30,252 | INFO  | SCMAudit | user=jenkins1000 | ip=192.168.151.119 | op=SEND_HEARTBEAT {datanodeUUID=7b87af3a-af6c-4aa1-be3e-95b078724efe, command=[]} | ret=SUCCESS |  
2019-09-20 10:22:30,298 | INFO  | SCMAudit | user=jenkins1000 | ip=192.168.151.119 | op=SEND_HEARTBEAT {datanodeUUID=3af3cd06-84fa-41cf-aa13-4ffa9c74ee72, command=[]} | ret=SUCCESS |  
2019-09-20 10:22:30,474 | INFO  | SCMAudit | user=jenkins1000 | ip=192.168.151.119 | op=SEND_HEARTBEAT {datanodeUUID=aa9e4bb3-facb-4def-b849-7d6b52565e14, command=[]} | ret=SUCCESS |  
2019-09-20 10:22:30,515 | INFO  | SCMAudit | user=jenkins1000 | ip=192.168.151.119 | op=SEND_HEARTBEAT {datanodeUUID=9bcfbe99-7901-4181-be4e-3ec5dddec5b7, command=[]} | ret=SUCCESS |  
2019-09-20 10:22:30,735 | INFO  | SCMAudit | user=jenkins1000 | ip=192.168.151.119 | op=SEND_HEARTBEAT {datanodeUUID=84b71683-f1d6-4867-b37a-0b317a1fb9fa, command=[]} | ret=SUCCESS |  
2019-09-20 10:22:30,820 [Thread-216] INFO  impl.FollowerState (FollowerState.java:run(106)) - 7b87af3a-af6c-4aa1-be3e-95b078724efe:group-D0F99134ABC0 changes to CANDIDATE, lastRpcTime:5028, electionTimeout:5025ms
2019-09-20 10:22:30,820 [Thread-216] INFO  impl.RoleInfo (RoleInfo.java:shutdownFollowerState(121)) - 7b87af3a-af6c-4aa1-be3e-95b078724efe: shutdown FollowerState
2019-09-20 10:22:30,820 [Thread-216] INFO  impl.RaftServerImpl (RaftServerImpl.java:setRole(171)) - 7b87af3a-af6c-4aa1-be3e-95b078724efe:group-D0F99134ABC0 changes role from FOLLOWER to CANDIDATE at term 0 for changeToCandidate
2019-09-20 10:22:30,823 [Thread-216] INFO  impl.RoleInfo (RoleInfo.java:updateAndGet(143)) - 7b87af3a-af6c-4aa1-be3e-95b078724efe: start LeaderElection
2019-09-20 10:22:30,843 [7b87af3a-af6c-4aa1-be3e-95b078724efe:group-D0F99134ABC0:LeaderElection1] INFO  impl.LeaderElection (LeaderElection.java:askForVotes(181)) - 7b87af3a-af6c-4aa1-be3e-95b078724efe:group-D0F99134ABC0:LeaderElection1: begin an election at term 1 for -1: [7b87af3a-af6c-4aa1-be3e-95b078724efe:192.168.151.119:45465], old=null
2019-09-20 10:22:30,846 [7b87af3a-af6c-4aa1-be3e-95b078724efe:group-D0F99134ABC0:LeaderElection1] INFO  impl.RoleInfo (RoleInfo.java:shutdownLeaderElection(134)) - 7b87af3a-af6c-4aa1-be3e-95b078724efe: shutdown LeaderElection
2019-09-20 10:22:30,846 [7b87af3a-af6c-4aa1-be3e-95b078724efe:group-D0F99134ABC0:LeaderElection1] INFO  impl.RaftServerImpl (RaftServerImpl.java:setRole(171)) - 7b87af3a-af6c-4aa1-be3e-95b078724efe:group-D0F99134ABC0 changes role from CANDIDATE to LEADER at term 1 for changeToLeader
2019-09-20 10:22:30,847 [7b87af3a-af6c-4aa1-be3e-95b078724efe:group-D0F99134ABC0:LeaderElection1] INFO  impl.RaftServerImpl (ServerState.java:setLeader(263)) - 7b87af3a-af6c-4aa1-be3e-95b078724efe:group-D0F99134ABC0 change Leader from null to 7b87af3a-af6c-4aa1-be3e-95b078724efe at term 1 for becomeLeader, leader elected after 5186ms
2019-09-20 10:22:30,856 [7b87af3a-af6c-4aa1-be3e-95b078724efe:group-D0F99134ABC0:LeaderElection1] INFO  server.RaftServerConfigKeys (ConfUtils.java:logGet(43)) - raft.server.staging.catchup.gap = 1000 (default)
2019-09-20 10:22:30,856 [7b87af3a-af6c-4aa1-be3e-95b078724efe:group-D0F99134ABC0:LeaderElection1] INFO  server.RaftServerConfigKeys (ConfUtils.java:logGet(43)) - raft.server.rpc.sleep.time = 25ms (default)
2019-09-20 10:22:30,860 [7b87af3a-af6c-4aa1-be3e-95b078724efe:group-D0F99134ABC0:LeaderElection1] INFO  server.RaftServerConfigKeys (ConfUtils.java:logGet(43)) - raft.server.write.element-limit = 4096 (default)
2019-09-20 10:22:30,863 [7b87af3a-af6c-4aa1-be3e-95b078724efe:group-D0F99134ABC0:LeaderElection1] INFO  server.RaftServerConfigKeys (ConfUtils.java:logGet(43)) - raft.server.watch.timeout = 10s (default)
2019-09-20 10:22:30,863 [7b87af3a-af6c-4aa1-be3e-95b078724efe:group-D0F99134ABC0:LeaderElection1] INFO  server.RaftServerConfigKeys (ConfUtils.java:logGet(43)) - raft.server.watch.timeout.denomination = 1s (default)
2019-09-20 10:22:30,864 [7b87af3a-af6c-4aa1-be3e-95b078724efe:group-D0F99134ABC0:LeaderElection1] INFO  server.RaftServerConfigKeys (ConfUtils.java:logGet(43)) - raft.server.watch.element-limit = 65536 (default)
2019-09-20 10:22:30,864 [Thread-213] INFO  impl.FollowerState (FollowerState.java:run(106)) - aa9e4bb3-facb-4def-b849-7d6b52565e14:group-537FBE8D44B1 changes to CANDIDATE, lastRpcTime:5072, electionTimeout:5070ms
2019-09-20 10:22:30,866 [Thread-213] INFO  impl.RoleInfo (RoleInfo.java:shutdownFollowerState(121)) - aa9e4bb3-facb-4def-b849-7d6b52565e14: shutdown FollowerState
2019-09-20 10:22:30,866 [Thread-213] INFO  impl.RaftServerImpl (RaftServerImpl.java:setRole(171)) - aa9e4bb3-facb-4def-b849-7d6b52565e14:group-537FBE8D44B1 changes role from FOLLOWER to CANDIDATE at term 0 for changeToCandidate
2019-09-20 10:22:30,866 [Thread-213] INFO  impl.RoleInfo (RoleInfo.java:updateAndGet(143)) - aa9e4bb3-facb-4def-b849-7d6b52565e14: start LeaderElection
2019-09-20 10:22:30,880 [7b87af3a-af6c-4aa1-be3e-95b078724efe:group-D0F99134ABC0:LeaderElection1] INFO  impl.RoleInfo (RoleInfo.java:updateAndGet(143)) - 7b87af3a-af6c-4aa1-be3e-95b078724efe: start LeaderState
2019-09-20 10:22:30,883 [aa9e4bb3-facb-4def-b849-7d6b52565e14:group-537FBE8D44B1:LeaderElection2] INFO  impl.LeaderElection (LeaderElection.java:askForVotes(181)) - aa9e4bb3-facb-4def-b849-7d6b52565e14:group-537FBE8D44B1:LeaderElection2: begin an election at term 1 for -1: [aa9e4bb3-facb-4def-b849-7d6b52565e14:192.168.151.119:37131], old=null
2019-09-20 10:22:30,885 [aa9e4bb3-facb-4def-b849-7d6b52565e14:group-537FBE8D44B1:LeaderElection2] INFO  impl.RoleInfo (RoleInfo.java:shutdownLeaderElection(134)) - aa9e4bb3-facb-4def-b849-7d6b52565e14: shutdown LeaderElection
2019-09-20 10:22:30,885 [aa9e4bb3-facb-4def-b849-7d6b52565e14:group-537FBE8D44B1:LeaderElection2] INFO  impl.RaftServerImpl (RaftServerImpl.java:setRole(171)) - aa9e4bb3-facb-4def-b849-7d6b52565e14:group-537FBE8D44B1 changes role from CANDIDATE to LEADER at term 1 for changeToLeader
2019-09-20 10:22:30,885 [aa9e4bb3-facb-4def-b849-7d6b52565e14:group-537FBE8D44B1:LeaderElection2] INFO  impl.RaftServerImpl (ServerState.java:setLeader(263)) - aa9e4bb3-facb-4def-b849-7d6b52565e14:group-537FBE8D44B1 change Leader from null to aa9e4bb3-facb-4def-b849-7d6b52565e14 at term 1 for becomeLeader, leader elected after 5226ms
2019-09-20 10:22:30,887 [aa9e4bb3-facb-4def-b849-7d6b52565e14:group-537FBE8D44B1:LeaderElection2] INFO  server.RaftServerConfigKeys (ConfUtils.java:logGet(43)) - raft.server.staging.catchup.gap = 1000 (default)
2019-09-20 10:22:30,887 [aa9e4bb3-facb-4def-b849-7d6b52565e14:group-537FBE8D44B1:LeaderElection2] INFO  server.RaftServerConfigKeys (ConfUtils.java:logGet(43)) - raft.server.rpc.sleep.time = 25ms (default)
2019-09-20 10:22:30,887 [aa9e4bb3-facb-4def-b849-7d6b52565e14:group-537FBE8D44B1:LeaderElection2] INFO  server.RaftServerConfigKeys (ConfUtils.java:logGet(43)) - raft.server.write.element-limit = 4096 (default)
2019-09-20 10:22:30,887 [aa9e4bb3-facb-4def-b849-7d6b52565e14:group-537FBE8D44B1:LeaderElection2] INFO  server.RaftServerConfigKeys (ConfUtils.java:logGet(43)) - raft.server.watch.timeout = 10s (default)
2019-09-20 10:22:30,888 [aa9e4bb3-facb-4def-b849-7d6b52565e14:group-537FBE8D44B1:LeaderElection2] INFO  server.RaftServerConfigKeys (ConfUtils.java:logGet(43)) - raft.server.watch.timeout.denomination = 1s (default)
2019-09-20 10:22:30,888 [aa9e4bb3-facb-4def-b849-7d6b52565e14:group-537FBE8D44B1:LeaderElection2] INFO  server.RaftServerConfigKeys (ConfUtils.java:logGet(43)) - raft.server.watch.element-limit = 65536 (default)
2019-09-20 10:22:30,888 [aa9e4bb3-facb-4def-b849-7d6b52565e14:group-537FBE8D44B1:LeaderElection2] INFO  impl.RoleInfo (RoleInfo.java:updateAndGet(143)) - aa9e4bb3-facb-4def-b849-7d6b52565e14: start LeaderState
2019-09-20 10:22:30,892 [Thread-215] INFO  impl.FollowerState (FollowerState.java:run(106)) - 9bcfbe99-7901-4181-be4e-3ec5dddec5b7:group-3777A7080EA7 changes to CANDIDATE, lastRpcTime:5100, electionTimeout:5098ms
2019-09-20 10:22:30,892 [Thread-215] INFO  impl.RoleInfo (RoleInfo.java:shutdownFollowerState(121)) - 9bcfbe99-7901-4181-be4e-3ec5dddec5b7: shutdown FollowerState
2019-09-20 10:22:30,893 [Thread-215] INFO  impl.RaftServerImpl (RaftServerImpl.java:setRole(171)) - 9bcfbe99-7901-4181-be4e-3ec5dddec5b7:group-3777A7080EA7 changes role from FOLLOWER to CANDIDATE at term 0 for changeToCandidate
2019-09-20 10:22:30,893 [Thread-215] INFO  impl.RoleInfo (RoleInfo.java:updateAndGet(143)) - 9bcfbe99-7901-4181-be4e-3ec5dddec5b7: start LeaderElection
2019-09-20 10:22:30,907 [Thread-212] INFO  impl.FollowerState (FollowerState.java:run(106)) - 3af3cd06-84fa-41cf-aa13-4ffa9c74ee72:group-71BE46DEE4AE changes to CANDIDATE, lastRpcTime:5115, electionTimeout:5113ms
2019-09-20 10:22:30,907 [Thread-212] INFO  impl.RoleInfo (RoleInfo.java:shutdownFollowerState(121)) - 3af3cd06-84fa-41cf-aa13-4ffa9c74ee72: shutdown FollowerState
2019-09-20 10:22:30,908 [Thread-212] INFO  impl.RaftServerImpl (RaftServerImpl.java:setRole(171)) - 3af3cd06-84fa-41cf-aa13-4ffa9c74ee72:group-71BE46DEE4AE changes role from FOLLOWER to CANDIDATE at term 0 for changeToCandidate
2019-09-20 10:22:30,908 [Thread-212] INFO  impl.RoleInfo (RoleInfo.java:updateAndGet(143)) - 3af3cd06-84fa-41cf-aa13-4ffa9c74ee72: start LeaderElection
2019-09-20 10:22:30,912 [9bcfbe99-7901-4181-be4e-3ec5dddec5b7:group-3777A7080EA7:LeaderElection3] INFO  impl.LeaderElection (LeaderElection.java:askForVotes(181)) - 9bcfbe99-7901-4181-be4e-3ec5dddec5b7:group-3777A7080EA7:LeaderElection3: begin an election at term 1 for -1: [9bcfbe99-7901-4181-be4e-3ec5dddec5b7:192.168.151.119:39907], old=null
2019-09-20 10:22:30,912 [9bcfbe99-7901-4181-be4e-3ec5dddec5b7:group-3777A7080EA7:LeaderElection3] INFO  impl.RoleInfo (RoleInfo.java:shutdownLeaderElection(134)) - 9bcfbe99-7901-4181-be4e-3ec5dddec5b7: shutdown LeaderElection
2019-09-20 10:22:30,912 [9bcfbe99-7901-4181-be4e-3ec5dddec5b7:group-3777A7080EA7:LeaderElection3] INFO  impl.RaftServerImpl (RaftServerImpl.java:setRole(171)) - 9bcfbe99-7901-4181-be4e-3ec5dddec5b7:group-3777A7080EA7 changes role from CANDIDATE to LEADER at term 1 for changeToLeader
2019-09-20 10:22:30,912 [9bcfbe99-7901-4181-be4e-3ec5dddec5b7:group-3777A7080EA7:LeaderElection3] INFO  impl.RaftServerImpl (ServerState.java:setLeader(263)) - 9bcfbe99-7901-4181-be4e-3ec5dddec5b7:group-3777A7080EA7 change Leader from null to 9bcfbe99-7901-4181-be4e-3ec5dddec5b7 at term 1 for becomeLeader, leader elected after 5252ms
2019-09-20 10:22:30,913 [9bcfbe99-7901-4181-be4e-3ec5dddec5b7:group-3777A7080EA7:LeaderElection3] INFO  server.RaftServerConfigKeys (ConfUtils.java:logGet(43)) - raft.server.staging.catchup.gap = 1000 (default)
2019-09-20 10:22:30,913 [9bcfbe99-7901-4181-be4e-3ec5dddec5b7:group-3777A7080EA7:LeaderElection3] INFO  server.RaftServerConfigKeys (ConfUtils.java:logGet(43)) - raft.server.rpc.sleep.time = 25ms (default)
2019-09-20 10:22:30,913 [9bcfbe99-7901-4181-be4e-3ec5dddec5b7:group-3777A7080EA7:LeaderElection3] INFO  server.RaftServerConfigKeys (ConfUtils.java:logGet(43)) - raft.server.write.element-limit = 4096 (default)
2019-09-20 10:22:30,914 [9bcfbe99-7901-4181-be4e-3ec5dddec5b7:group-3777A7080EA7:LeaderElection3] INFO  server.RaftServerConfigKeys (ConfUtils.java:logGet(43)) - raft.server.watch.timeout = 10s (default)
2019-09-20 10:22:30,914 [9bcfbe99-7901-4181-be4e-3ec5dddec5b7:group-3777A7080EA7:LeaderElection3] INFO  server.RaftServerConfigKeys (ConfUtils.java:logGet(43)) - raft.server.watch.timeout.denomination = 1s (default)
2019-09-20 10:22:30,914 [9bcfbe99-7901-4181-be4e-3ec5dddec5b7:group-3777A7080EA7:LeaderElection3] INFO  server.RaftServerConfigKeys (ConfUtils.java:logGet(43)) - raft.server.watch.element-limit = 65536 (default)
2019-09-20 10:22:30,914 [9bcfbe99-7901-4181-be4e-3ec5dddec5b7:group-3777A7080EA7:LeaderElection3] INFO  impl.RoleInfo (RoleInfo.java:updateAndGet(143)) - 9bcfbe99-7901-4181-be4e-3ec5dddec5b7: start LeaderState
2019-09-20 10:22:30,916 [7b87af3a-af6c-4aa1-be3e-95b078724efe:group-D0F99134ABC0:LeaderElection1] INFO  segmented.SegmentedRaftLogWorker (SegmentedRaftLogWorker.java:startLogSegment(380)) - 7b87af3a-af6c-4aa1-be3e-95b078724efe-SegmentedRaftLogWorker:Storage Directory /workdir/hadoop-ozone/tools/target/test-dir/MiniOzoneClusterImpl-af2a0117-1d3a-4be0-8e0b-6e3e4fa8d6f4/datanode-2/data/ratis/4fdaa282-241d-4051-a30b-d0f99134abc0: Starting segment from index:0
2019-09-20 10:22:30,916 [aa9e4bb3-facb-4def-b849-7d6b52565e14:group-537FBE8D44B1:LeaderElection2] INFO  segmented.SegmentedRaftLogWorker (SegmentedRaftLogWorker.java:startLogSegment(380)) - aa9e4bb3-facb-4def-b849-7d6b52565e14-SegmentedRaftLogWorker:Storage Directory /workdir/hadoop-ozone/tools/target/test-dir/MiniOzoneClusterImpl-af2a0117-1d3a-4be0-8e0b-6e3e4fa8d6f4/datanode-0/data/ratis/27acaa41-742b-488c-973a-537fbe8d44b1: Starting segment from index:0
2019-09-20 10:22:30,916 [9bcfbe99-7901-4181-be4e-3ec5dddec5b7:group-3777A7080EA7:LeaderElection3] INFO  segmented.SegmentedRaftLogWorker (SegmentedRaftLogWorker.java:startLogSegment(380)) - 9bcfbe99-7901-4181-be4e-3ec5dddec5b7-SegmentedRaftLogWorker:Storage Directory /workdir/hadoop-ozone/tools/target/test-dir/MiniOzoneClusterImpl-af2a0117-1d3a-4be0-8e0b-6e3e4fa8d6f4/datanode-4/data/ratis/a3616861-089e-49c3-9432-3777a7080ea7: Starting segment from index:0
2019-09-20 10:22:30,924 [3af3cd06-84fa-41cf-aa13-4ffa9c74ee72:group-71BE46DEE4AE:LeaderElection4] INFO  impl.LeaderElection (LeaderElection.java:askForVotes(181)) - 3af3cd06-84fa-41cf-aa13-4ffa9c74ee72:group-71BE46DEE4AE:LeaderElection4: begin an election at term 1 for -1: [3af3cd06-84fa-41cf-aa13-4ffa9c74ee72:192.168.151.119:42789], old=null
2019-09-20 10:22:30,924 [3af3cd06-84fa-41cf-aa13-4ffa9c74ee72:group-71BE46DEE4AE:LeaderElection4] INFO  impl.RoleInfo (RoleInfo.java:shutdownLeaderElection(134)) - 3af3cd06-84fa-41cf-aa13-4ffa9c74ee72: shutdown LeaderElection
2019-09-20 10:22:30,925 [3af3cd06-84fa-41cf-aa13-4ffa9c74ee72:group-71BE46DEE4AE:LeaderElection4] INFO  impl.RaftServerImpl (RaftServerImpl.java:setRole(171)) - 3af3cd06-84fa-41cf-aa13-4ffa9c74ee72:group-71BE46DEE4AE changes role from CANDIDATE to LEADER at term 1 for changeToLeader
2019-09-20 10:22:30,925 [3af3cd06-84fa-41cf-aa13-4ffa9c74ee72:group-71BE46DEE4AE:LeaderElection4] INFO  impl.RaftServerImpl (ServerState.java:setLeader(263)) - 3af3cd06-84fa-41cf-aa13-4ffa9c74ee72:group-71BE46DEE4AE change Leader from null to 3af3cd06-84fa-41cf-aa13-4ffa9c74ee72 at term 1 for becomeLeader, leader elected after 5265ms
2019-09-20 10:22:30,926 [3af3cd06-84fa-41cf-aa13-4ffa9c74ee72:group-71BE46DEE4AE:LeaderElection4] INFO  server.RaftServerConfigKeys (ConfUtils.java:logGet(43)) - raft.server.staging.catchup.gap = 1000 (default)
2019-09-20 10:22:30,926 [3af3cd06-84fa-41cf-aa13-4ffa9c74ee72:group-71BE46DEE4AE:LeaderElection4] INFO  server.RaftServerConfigKeys (ConfUtils.java:logGet(43)) - raft.server.rpc.sleep.time = 25ms (default)
2019-09-20 10:22:30,926 [3af3cd06-84fa-41cf-aa13-4ffa9c74ee72:group-71BE46DEE4AE:LeaderElection4] INFO  server.RaftServerConfigKeys (ConfUtils.java:logGet(43)) - raft.server.write.element-limit = 4096 (default)
2019-09-20 10:22:30,926 [3af3cd06-84fa-41cf-aa13-4ffa9c74ee72:group-71BE46DEE4AE:LeaderElection4] INFO  server.RaftServerConfigKeys (ConfUtils.java:logGet(43)) - raft.server.watch.timeout = 10s (default)
2019-09-20 10:22:30,927 [3af3cd06-84fa-41cf-aa13-4ffa9c74ee72:group-71BE46DEE4AE:LeaderElection4] INFO  server.RaftServerConfigKeys (ConfUtils.java:logGet(43)) - raft.server.watch.timeout.denomination = 1s (default)
2019-09-20 10:22:30,927 [9bcfbe99-7901-4181-be4e-3ec5dddec5b7:group-3777A7080EA7:LeaderElection3] INFO  impl.RaftServerImpl (ServerState.java:setRaftConf(361)) - 9bcfbe99-7901-4181-be4e-3ec5dddec5b7:group-3777A7080EA7 set configuration 0: [9bcfbe99-7901-4181-be4e-3ec5dddec5b7:192.168.151.119:39907], old=null at 0
2019-09-20 10:22:30,927 [aa9e4bb3-facb-4def-b849-7d6b52565e14:group-537FBE8D44B1:LeaderElection2] INFO  impl.RaftServerImpl (ServerState.java:setRaftConf(361)) - aa9e4bb3-facb-4def-b849-7d6b52565e14:group-537FBE8D44B1 set configuration 0: [aa9e4bb3-facb-4def-b849-7d6b52565e14:192.168.151.119:37131], old=null at 0
2019-09-20 10:22:30,927 [3af3cd06-84fa-41cf-aa13-4ffa9c74ee72:group-71BE46DEE4AE:LeaderElection4] INFO  server.RaftServerConfigKeys (ConfUtils.java:logGet(43)) - raft.server.watch.element-limit = 65536 (default)
2019-09-20 10:22:30,927 [7b87af3a-af6c-4aa1-be3e-95b078724efe:group-D0F99134ABC0:LeaderElection1] INFO  impl.RaftServerImpl (ServerState.java:setRaftConf(361)) - 7b87af3a-af6c-4aa1-be3e-95b078724efe:group-D0F99134ABC0 set configuration 0: [7b87af3a-af6c-4aa1-be3e-95b078724efe:192.168.151.119:45465], old=null at 0
2019-09-20 10:22:30,930 [3af3cd06-84fa-41cf-aa13-4ffa9c74ee72:group-71BE46DEE4AE:LeaderElection4] INFO  impl.RoleInfo (RoleInfo.java:updateAndGet(143)) - 3af3cd06-84fa-41cf-aa13-4ffa9c74ee72: start LeaderState
2019-09-20 10:22:30,931 [Thread-214] INFO  impl.FollowerState (FollowerState.java:run(106)) - 84b71683-f1d6-4867-b37a-0b317a1fb9fa:group-F0F1F89FC993 changes to CANDIDATE, lastRpcTime:5139, electionTimeout:5136ms
2019-09-20 10:22:30,931 [Thread-214] INFO  impl.RoleInfo (RoleInfo.java:shutdownFollowerState(121)) - 84b71683-f1d6-4867-b37a-0b317a1fb9fa: shutdown FollowerState
2019-09-20 10:22:30,931 [3af3cd06-84fa-41cf-aa13-4ffa9c74ee72:group-71BE46DEE4AE:LeaderElection4] INFO  segmented.SegmentedRaftLogWorker (SegmentedRaftLogWorker.java:startLogSegment(380)) - 3af3cd06-84fa-41cf-aa13-4ffa9c74ee72-SegmentedRaftLogWorker:Storage Directory /workdir/hadoop-ozone/tools/target/test-dir/MiniOzoneClusterImpl-af2a0117-1d3a-4be0-8e0b-6e3e4fa8d6f4/datanode-3/data/ratis/514e7d72-df71-4642-9ea1-71be46dee4ae: Starting segment from index:0
2019-09-20 10:22:30,931 [Thread-214] INFO  impl.RaftServerImpl (RaftServerImpl.java:setRole(171)) - 84b71683-f1d6-4867-b37a-0b317a1fb9fa:group-F0F1F89FC993 changes role from FOLLOWER to CANDIDATE at term 0 for changeToCandidate
2019-09-20 10:22:30,932 [Thread-214] INFO  impl.RoleInfo (RoleInfo.java:updateAndGet(143)) - 84b71683-f1d6-4867-b37a-0b317a1fb9fa: start LeaderElection
2019-09-20 10:22:30,932 [3af3cd06-84fa-41cf-aa13-4ffa9c74ee72:group-71BE46DEE4AE:LeaderElection4] INFO  impl.RaftServerImpl (ServerState.java:setRaftConf(361)) - 3af3cd06-84fa-41cf-aa13-4ffa9c74ee72:group-71BE46DEE4AE set configuration 0: [3af3cd06-84fa-41cf-aa13-4ffa9c74ee72:192.168.151.119:42789], old=null at 0
2019-09-20 10:22:30,949 [84b71683-f1d6-4867-b37a-0b317a1fb9fa:group-F0F1F89FC993:LeaderElection5] INFO  impl.LeaderElection (LeaderElection.java:askForVotes(181)) - 84b71683-f1d6-4867-b37a-0b317a1fb9fa:group-F0F1F89FC993:LeaderElection5: begin an election at term 1 for -1: [84b71683-f1d6-4867-b37a-0b317a1fb9fa:192.168.151.119:33668], old=null
2019-09-20 10:22:30,950 [84b71683-f1d6-4867-b37a-0b317a1fb9fa:group-F0F1F89FC993:LeaderElection5] INFO  impl.RoleInfo (RoleInfo.java:shutdownLeaderElection(134)) - 84b71683-f1d6-4867-b37a-0b317a1fb9fa: shutdown LeaderElection
2019-09-20 10:22:30,950 [84b71683-f1d6-4867-b37a-0b317a1fb9fa:group-F0F1F89FC993:LeaderElection5] INFO  impl.RaftServerImpl (RaftServerImpl.java:setRole(171)) - 84b71683-f1d6-4867-b37a-0b317a1fb9fa:group-F0F1F89FC993 changes role from CANDIDATE to LEADER at term 1 for changeToLeader
2019-09-20 10:22:30,950 [84b71683-f1d6-4867-b37a-0b317a1fb9fa:group-F0F1F89FC993:LeaderElection5] INFO  impl.RaftServerImpl (ServerState.java:setLeader(263)) - 84b71683-f1d6-4867-b37a-0b317a1fb9fa:group-F0F1F89FC993 change Leader from null to 84b71683-f1d6-4867-b37a-0b317a1fb9fa at term 1 for becomeLeader, leader elected after 5289ms
2019-09-20 10:22:30,951 [84b71683-f1d6-4867-b37a-0b317a1fb9fa:group-F0F1F89FC993:LeaderElection5] INFO  server.RaftServerConfigKeys (ConfUtils.java:logGet(43)) - raft.server.staging.catchup.gap = 1000 (default)
2019-09-20 10:22:30,951 [84b71683-f1d6-4867-b37a-0b317a1fb9fa:group-F0F1F89FC993:LeaderElection5] INFO  server.RaftServerConfigKeys (ConfUtils.java:logGet(43)) - raft.server.rpc.sleep.time = 25ms (default)
2019-09-20 10:22:30,951 [84b71683-f1d6-4867-b37a-0b317a1fb9fa:group-F0F1F89FC993:LeaderElection5] INFO  server.RaftServerConfigKeys (ConfUtils.java:logGet(43)) - raft.server.write.element-limit = 4096 (default)
2019-09-20 10:22:30,951 [84b71683-f1d6-4867-b37a-0b317a1fb9fa:group-F0F1F89FC993:LeaderElection5] INFO  server.RaftServerConfigKeys (ConfUtils.java:logGet(43)) - raft.server.watch.timeout = 10s (default)
2019-09-20 10:22:30,952 [84b71683-f1d6-4867-b37a-0b317a1fb9fa:group-F0F1F89FC993:LeaderElection5] INFO  server.RaftServerConfigKeys (ConfUtils.java:logGet(43)) - raft.server.watch.timeout.denomination = 1s (default)
2019-09-20 10:22:30,952 [84b71683-f1d6-4867-b37a-0b317a1fb9fa:group-F0F1F89FC993:LeaderElection5] INFO  server.RaftServerConfigKeys (ConfUtils.java:logGet(43)) - raft.server.watch.element-limit = 65536 (default)
2019-09-20 10:22:30,952 [84b71683-f1d6-4867-b37a-0b317a1fb9fa:group-F0F1F89FC993:LeaderElection5] INFO  impl.RoleInfo (RoleInfo.java:updateAndGet(143)) - 84b71683-f1d6-4867-b37a-0b317a1fb9fa: start LeaderState
2019-09-20 10:22:30,952 [84b71683-f1d6-4867-b37a-0b317a1fb9fa:group-F0F1F89FC993:LeaderElection5] INFO  segmented.SegmentedRaftLogWorker (SegmentedRaftLogWorker.java:startLogSegment(380)) - 84b71683-f1d6-4867-b37a-0b317a1fb9fa-SegmentedRaftLogWorker:Storage Directory /workdir/hadoop-ozone/tools/target/test-dir/MiniOzoneClusterImpl-af2a0117-1d3a-4be0-8e0b-6e3e4fa8d6f4/datanode-1/data/ratis/7fe3fac2-881e-4fd0-a41c-f0f1f89fc993: Starting segment from index:0
2019-09-20 10:22:30,953 [84b71683-f1d6-4867-b37a-0b317a1fb9fa:group-F0F1F89FC993:LeaderElection5] INFO  impl.RaftServerImpl (ServerState.java:setRaftConf(361)) - 84b71683-f1d6-4867-b37a-0b317a1fb9fa:group-F0F1F89FC993 set configuration 0: [84b71683-f1d6-4867-b37a-0b317a1fb9fa:192.168.151.119:33668], old=null at 0
 0.00% |█                                                                                                    |  0/1 Time: 0:00:042019-09-20 10:22:31,006 [Thread-223] INFO  impl.FollowerState (FollowerState.java:run(106)) - aa9e4bb3-facb-4def-b849-7d6b52565e14:group-2746E11D7A4F changes to CANDIDATE, lastRpcTime:5019, electionTimeout:5019ms
2019-09-20 10:22:31,006 [Thread-223] INFO  impl.RoleInfo (RoleInfo.java:shutdownFollowerState(121)) - aa9e4bb3-facb-4def-b849-7d6b52565e14: shutdown FollowerState
2019-09-20 10:22:31,006 [Thread-223] INFO  impl.RaftServerImpl (RaftServerImpl.java:setRole(171)) - aa9e4bb3-facb-4def-b849-7d6b52565e14:group-2746E11D7A4F changes role from FOLLOWER to CANDIDATE at term 0 for changeToCandidate
2019-09-20 10:22:31,006 [Thread-223] INFO  impl.RoleInfo (RoleInfo.java:updateAndGet(143)) - aa9e4bb3-facb-4def-b849-7d6b52565e14: start LeaderElection
2019-09-20 10:22:31,023 [aa9e4bb3-facb-4def-b849-7d6b52565e14:group-2746E11D7A4F:LeaderElection6] INFO  impl.LeaderElection (LeaderElection.java:askForVotes(181)) - aa9e4bb3-facb-4def-b849-7d6b52565e14:group-2746E11D7A4F:LeaderElection6: begin an election at term 1 for -1: [84b71683-f1d6-4867-b37a-0b317a1fb9fa:192.168.151.119:33668, 7b87af3a-af6c-4aa1-be3e-95b078724efe:192.168.151.119:45465, aa9e4bb3-facb-4def-b849-7d6b52565e14:192.168.151.119:37131], old=null
2019-09-20 10:22:31,062 [grpc-default-executor-3] INFO  impl.RaftServerImpl (RaftServerImpl.java:setRole(171)) - 84b71683-f1d6-4867-b37a-0b317a1fb9fa:group-2746E11D7A4F changes role from FOLLOWER to FOLLOWER at term 1 for recognizeCandidate:aa9e4bb3-facb-4def-b849-7d6b52565e14
2019-09-20 10:22:31,062 [grpc-default-executor-1] INFO  impl.RaftServerImpl (RaftServerImpl.java:setRole(171)) - 7b87af3a-af6c-4aa1-be3e-95b078724efe:group-2746E11D7A4F changes role from FOLLOWER to FOLLOWER at term 1 for recognizeCandidate:aa9e4bb3-facb-4def-b849-7d6b52565e14
2019-09-20 10:22:31,062 [grpc-default-executor-3] INFO  impl.RoleInfo (RoleInfo.java:shutdownFollowerState(121)) - 84b71683-f1d6-4867-b37a-0b317a1fb9fa: shutdown FollowerState
2019-09-20 10:22:31,063 [grpc-default-executor-1] INFO  impl.RoleInfo (RoleInfo.java:shutdownFollowerState(121)) - 7b87af3a-af6c-4aa1-be3e-95b078724efe: shutdown FollowerState
2019-09-20 10:22:31,063 [grpc-default-executor-3] INFO  impl.RoleInfo (RoleInfo.java:updateAndGet(143)) - 84b71683-f1d6-4867-b37a-0b317a1fb9fa: start FollowerState
2019-09-20 10:22:31,063 [Thread-229] INFO  impl.FollowerState (FollowerState.java:run(114)) - 7b87af3a-af6c-4aa1-be3e-95b078724efe: FollowerState was interrupted: java.lang.InterruptedException: sleep interrupted
2019-09-20 10:22:31,063 [grpc-default-executor-1] INFO  impl.RoleInfo (RoleInfo.java:updateAndGet(143)) - 7b87af3a-af6c-4aa1-be3e-95b078724efe: start FollowerState
2019-09-20 10:22:31,063 [Thread-226] INFO  impl.FollowerState (FollowerState.java:run(114)) - 84b71683-f1d6-4867-b37a-0b317a1fb9fa: FollowerState was interrupted: java.lang.InterruptedException: sleep interrupted
2019-09-20 10:22:31,094 [aa9e4bb3-facb-4def-b849-7d6b52565e14:group-2746E11D7A4F:LeaderElection6] INFO  impl.LeaderElection (LeaderElection.java:logAndReturn(56)) - aa9e4bb3-facb-4def-b849-7d6b52565e14:group-2746E11D7A4F:LeaderElection6: Election PASSED; received 1 response(s) [aa9e4bb3-facb-4def-b849-7d6b52565e14<-7b87af3a-af6c-4aa1-be3e-95b078724efe#0:OK-t1] and 0 exception(s); aa9e4bb3-facb-4def-b849-7d6b52565e14:t1, leader=null, voted=aa9e4bb3-facb-4def-b849-7d6b52565e14, raftlog=aa9e4bb3-facb-4def-b849-7d6b52565e14-SegmentedRaftLog:OPENED:c-1,f-1,i0, conf=-1: [84b71683-f1d6-4867-b37a-0b317a1fb9fa:192.168.151.119:33668, 7b87af3a-af6c-4aa1-be3e-95b078724efe:192.168.151.119:45465, aa9e4bb3-facb-4def-b849-7d6b52565e14:192.168.151.119:37131], old=null
2019-09-20 10:22:31,095 [aa9e4bb3-facb-4def-b849-7d6b52565e14:group-2746E11D7A4F:LeaderElection6] INFO  impl.RoleInfo (RoleInfo.java:shutdownLeaderElection(134)) - aa9e4bb3-facb-4def-b849-7d6b52565e14: shutdown LeaderElection
2019-09-20 10:22:31,095 [aa9e4bb3-facb-4def-b849-7d6b52565e14:group-2746E11D7A4F:LeaderElection6] INFO  impl.RaftServerImpl (RaftServerImpl.java:setRole(171)) - aa9e4bb3-facb-4def-b849-7d6b52565e14:group-2746E11D7A4F changes role from CANDIDATE to LEADER at term 1 for changeToLeader
2019-09-20 10:22:31,095 [aa9e4bb3-facb-4def-b849-7d6b52565e14:group-2746E11D7A4F:LeaderElection6] INFO  impl.RaftServerImpl (ServerState.java:setLeader(263)) - aa9e4bb3-facb-4def-b849-7d6b52565e14:group-2746E11D7A4F change Leader from null to aa9e4bb3-facb-4def-b849-7d6b52565e14 at term 1 for becomeLeader, leader elected after 5123ms
2019-09-20 10:22:31,096 [aa9e4bb3-facb-4def-b849-7d6b52565e14:group-2746E11D7A4F:LeaderElection6] INFO  server.RaftServerConfigKeys (ConfUtils.java:logGet(43)) - raft.server.staging.catchup.gap = 1000 (default)
2019-09-20 10:22:31,096 [aa9e4bb3-facb-4def-b849-7d6b52565e14:group-2746E11D7A4F:LeaderElection6] INFO  server.RaftServerConfigKeys (ConfUtils.java:logGet(43)) - raft.server.rpc.sleep.time = 25ms (default)
2019-09-20 10:22:31,096 [aa9e4bb3-facb-4def-b849-7d6b52565e14:group-2746E11D7A4F:LeaderElection6] INFO  server.RaftServerConfigKeys (ConfUtils.java:logGet(43)) - raft.server.write.element-limit = 4096 (default)
2019-09-20 10:22:31,097 [aa9e4bb3-facb-4def-b849-7d6b52565e14:group-2746E11D7A4F:LeaderElection6] INFO  server.RaftServerConfigKeys (ConfUtils.java:logGet(43)) - raft.server.watch.timeout = 10s (default)
2019-09-20 10:22:31,097 [aa9e4bb3-facb-4def-b849-7d6b52565e14:group-2746E11D7A4F:LeaderElection6] INFO  server.RaftServerConfigKeys (ConfUtils.java:logGet(43)) - raft.server.watch.timeout.denomination = 1s (default)
2019-09-20 10:22:31,097 [aa9e4bb3-facb-4def-b849-7d6b52565e14:group-2746E11D7A4F:LeaderElection6] INFO  server.RaftServerConfigKeys (ConfUtils.java:logGet(43)) - raft.server.watch.element-limit = 65536 (default)
2019-09-20 10:22:31,100 [aa9e4bb3-facb-4def-b849-7d6b52565e14:group-2746E11D7A4F:LeaderElection6] INFO  server.RaftServerConfigKeys (ConfUtils.java:logGet(43)) - raft.server.log.appender.snapshot.chunk.size.max = 16MB (=16777216) (default)
2019-09-20 10:22:31,100 [aa9e4bb3-facb-4def-b849-7d6b52565e14:group-2746E11D7A4F:LeaderElection6] INFO  server.RaftServerConfigKeys (ConfUtils.java:logGet(43)) - raft.server.log.appender.buffer.byte-limit = 33554432 (custom)
2019-09-20 10:22:31,100 [aa9e4bb3-facb-4def-b849-7d6b52565e14:group-2746E11D7A4F:LeaderElection6] INFO  server.RaftServerConfigKeys (ConfUtils.java:logGet(43)) - raft.server.log.appender.buffer.element-limit = 1 (custom)
2019-09-20 10:22:31,104 [aa9e4bb3-facb-4def-b849-7d6b52565e14:group-2746E11D7A4F:LeaderElection6] INFO  grpc.GrpcConfigKeys$Server (ConfUtils.java:logGet(43)) - raft.grpc.server.leader.outstanding.appends.max = 128 (default)
2019-09-20 10:22:31,104 [aa9e4bb3-facb-4def-b849-7d6b52565e14:group-2746E11D7A4F:LeaderElection6] INFO  server.RaftServerConfigKeys (ConfUtils.java:logGet(43)) - raft.server.rpc.request.timeout = 3000ms (default)
2019-09-20 10:22:31,104 [aa9e4bb3-facb-4def-b849-7d6b52565e14:group-2746E11D7A4F:LeaderElection6] INFO  server.RaftServerConfigKeys (ConfUtils.java:logGet(43)) - raft.server.log.appender.install.snapshot.enabled = false (custom)
2019-09-20 10:22:31,104 [aa9e4bb3-facb-4def-b849-7d6b52565e14:group-2746E11D7A4F:LeaderElection6] INFO  server.RaftServerConfigKeys (ConfUtils.java:logGet(43)) - raft.server.log.appender.snapshot.chunk.size.max = 16MB (=16777216) (default)
2019-09-20 10:22:31,104 [aa9e4bb3-facb-4def-b849-7d6b52565e14:group-2746E11D7A4F:LeaderElection6] INFO  server.RaftServerConfigKeys (ConfUtils.java:logGet(43)) - raft.server.log.appender.buffer.byte-limit = 33554432 (custom)
2019-09-20 10:22:31,105 [aa9e4bb3-facb-4def-b849-7d6b52565e14:group-2746E11D7A4F:LeaderElection6] INFO  server.RaftServerConfigKeys (ConfUtils.java:logGet(43)) - raft.server.log.appender.buffer.element-limit = 1 (custom)
2019-09-20 10:22:31,105 [aa9e4bb3-facb-4def-b849-7d6b52565e14:group-2746E11D7A4F:LeaderElection6] INFO  grpc.GrpcConfigKeys$Server (ConfUtils.java:logGet(43)) - raft.grpc.server.leader.outstanding.appends.max = 128 (default)
2019-09-20 10:22:31,105 [aa9e4bb3-facb-4def-b849-7d6b52565e14:group-2746E11D7A4F:LeaderElection6] INFO  server.RaftServerConfigKeys (ConfUtils.java:logGet(43)) - raft.server.rpc.request.timeout = 3000ms (default)
2019-09-20 10:22:31,105 [aa9e4bb3-facb-4def-b849-7d6b52565e14:group-2746E11D7A4F:LeaderElection6] INFO  server.RaftServerConfigKeys (ConfUtils.java:logGet(43)) - raft.server.log.appender.install.snapshot.enabled = false (custom)
2019-09-20 10:22:31,109 [aa9e4bb3-facb-4def-b849-7d6b52565e14:group-2746E11D7A4F:LeaderElection6] INFO  impl.RoleInfo (RoleInfo.java:updateAndGet(143)) - aa9e4bb3-facb-4def-b849-7d6b52565e14: start LeaderState
2019-09-20 10:22:31,109 [aa9e4bb3-facb-4def-b849-7d6b52565e14:group-2746E11D7A4F:LeaderElection6] INFO  segmented.SegmentedRaftLogWorker (SegmentedRaftLogWorker.java:startLogSegment(380)) - aa9e4bb3-facb-4def-b849-7d6b52565e14-SegmentedRaftLogWorker:Storage Directory /workdir/hadoop-ozone/tools/target/test-dir/MiniOzoneClusterImpl-af2a0117-1d3a-4be0-8e0b-6e3e4fa8d6f4/datanode-0/data/ratis/5a4d3fa6-23a6-4db2-a3ab-2746e11d7a4f: Starting segment from index:0
2019-09-20 10:22:31,110 [aa9e4bb3-facb-4def-b849-7d6b52565e14:group-2746E11D7A4F:LeaderElection6] INFO  impl.RaftServerImpl (ServerState.java:setRaftConf(361)) - aa9e4bb3-facb-4def-b849-7d6b52565e14:group-2746E11D7A4F set configuration 0: [84b71683-f1d6-4867-b37a-0b317a1fb9fa:192.168.151.119:33668, 7b87af3a-af6c-4aa1-be3e-95b078724efe:192.168.151.119:45465, aa9e4bb3-facb-4def-b849-7d6b52565e14:192.168.151.119:37131], old=null at 0
2019-09-20 10:22:31,139 [grpc-default-executor-1] INFO  impl.RaftServerImpl (ServerState.java:setLeader(263)) - 84b71683-f1d6-4867-b37a-0b317a1fb9fa:group-2746E11D7A4F change Leader from null to aa9e4bb3-facb-4def-b849-7d6b52565e14 at term 1 for appendEntries, leader elected after 5167ms
2019-09-20 10:22:31,139 [grpc-default-executor-3] INFO  impl.RaftServerImpl (ServerState.java:setLeader(263)) - 7b87af3a-af6c-4aa1-be3e-95b078724efe:group-2746E11D7A4F change Leader from null to aa9e4bb3-facb-4def-b849-7d6b52565e14 at term 1 for appendEntries, leader elected after 5167ms
2019-09-20 10:22:31,188 [grpc-default-executor-3] INFO  impl.RaftServerImpl (ServerState.java:setRaftConf(361)) - 84b71683-f1d6-4867-b37a-0b317a1fb9fa:group-2746E11D7A4F set configuration 0: [84b71683-f1d6-4867-b37a-0b317a1fb9fa:192.168.151.119:33668, 7b87af3a-af6c-4aa1-be3e-95b078724efe:192.168.151.119:45465, aa9e4bb3-facb-4def-b849-7d6b52565e14:192.168.151.119:37131], old=null at 0
2019-09-20 10:22:31,188 [grpc-default-executor-1] INFO  impl.RaftServerImpl (ServerState.java:setRaftConf(361)) - 7b87af3a-af6c-4aa1-be3e-95b078724efe:group-2746E11D7A4F set configuration 0: [84b71683-f1d6-4867-b37a-0b317a1fb9fa:192.168.151.119:33668, 7b87af3a-af6c-4aa1-be3e-95b078724efe:192.168.151.119:45465, aa9e4bb3-facb-4def-b849-7d6b52565e14:192.168.151.119:37131], old=null at 0
2019-09-20 10:22:31,189 [grpc-default-executor-3] INFO  segmented.SegmentedRaftLogWorker (SegmentedRaftLogWorker.java:startLogSegment(380)) - 84b71683-f1d6-4867-b37a-0b317a1fb9fa-SegmentedRaftLogWorker:Storage Directory /workdir/hadoop-ozone/tools/target/test-dir/MiniOzoneClusterImpl-af2a0117-1d3a-4be0-8e0b-6e3e4fa8d6f4/datanode-1/data/ratis/5a4d3fa6-23a6-4db2-a3ab-2746e11d7a4f: Starting segment from index:0
2019-09-20 10:22:31,189 [grpc-default-executor-1] INFO  segmented.SegmentedRaftLogWorker (SegmentedRaftLogWorker.java:startLogSegment(380)) - 7b87af3a-af6c-4aa1-be3e-95b078724efe-SegmentedRaftLogWorker:Storage Directory /workdir/hadoop-ozone/tools/target/test-dir/MiniOzoneClusterImpl-af2a0117-1d3a-4be0-8e0b-6e3e4fa8d6f4/datanode-2/data/ratis/5a4d3fa6-23a6-4db2-a3ab-2746e11d7a4f: Starting segment from index:0
2019-09-20 10:22:31,253 | INFO  | SCMAudit | user=jenkins1000 | ip=192.168.151.119 | op=SEND_HEARTBEAT {datanodeUUID=7b87af3a-af6c-4aa1-be3e-95b078724efe, command=[]} | ret=SUCCESS |  
2019-09-20 10:22:31,258 [84b71683-f1d6-4867-b37a-0b317a1fb9fa-SegmentedRaftLogWorker:Storage Directory /workdir/hadoop-ozone/tools/target/test-dir/MiniOzoneClusterImpl-af2a0117-1d3a-4be0-8e0b-6e3e4fa8d6f4/datanode-1/data/ratis/5a4d3fa6-23a6-4db2-a3ab-2746e11d7a4f] INFO  segmented.SegmentedRaftLogWorker (SegmentedRaftLogWorker.java:execute(569)) - 84b71683-f1d6-4867-b37a-0b317a1fb9fa-SegmentedRaftLogWorker:Storage Directory /workdir/hadoop-ozone/tools/target/test-dir/MiniOzoneClusterImpl-af2a0117-1d3a-4be0-8e0b-6e3e4fa8d6f4/datanode-1/data/ratis/5a4d3fa6-23a6-4db2-a3ab-2746e11d7a4f: created new log segment /workdir/hadoop-ozone/tools/target/test-dir/MiniOzoneClusterImpl-af2a0117-1d3a-4be0-8e0b-6e3e4fa8d6f4/datanode-1/data/ratis/5a4d3fa6-23a6-4db2-a3ab-2746e11d7a4f/current/log_inprogress_0
2019-09-20 10:22:31,258 [9bcfbe99-7901-4181-be4e-3ec5dddec5b7-SegmentedRaftLogWorker:Storage Directory /workdir/hadoop-ozone/tools/target/test-dir/MiniOzoneClusterImpl-af2a0117-1d3a-4be0-8e0b-6e3e4fa8d6f4/datanode-4/data/ratis/a3616861-089e-49c3-9432-3777a7080ea7] INFO  segmented.SegmentedRaftLogWorker (SegmentedRaftLogWorker.java:execute(569)) - 9bcfbe99-7901-4181-be4e-3ec5dddec5b7-SegmentedRaftLogWorker:Storage Directory /workdir/hadoop-ozone/tools/target/test-dir/MiniOzoneClusterImpl-af2a0117-1d3a-4be0-8e0b-6e3e4fa8d6f4/datanode-4/data/ratis/a3616861-089e-49c3-9432-3777a7080ea7: created new log segment /workdir/hadoop-ozone/tools/target/test-dir/MiniOzoneClusterImpl-af2a0117-1d3a-4be0-8e0b-6e3e4fa8d6f4/datanode-4/data/ratis/a3616861-089e-49c3-9432-3777a7080ea7/current/log_inprogress_0
2019-09-20 10:22:31,258 [7b87af3a-af6c-4aa1-be3e-95b078724efe-SegmentedRaftLogWorker:Storage Directory /workdir/hadoop-ozone/tools/target/test-dir/MiniOzoneClusterImpl-af2a0117-1d3a-4be0-8e0b-6e3e4fa8d6f4/datanode-2/data/ratis/5a4d3fa6-23a6-4db2-a3ab-2746e11d7a4f] INFO  segmented.SegmentedRaftLogWorker (SegmentedRaftLogWorker.java:execute(569)) - 7b87af3a-af6c-4aa1-be3e-95b078724efe-SegmentedRaftLogWorker:Storage Directory /workdir/hadoop-ozone/tools/target/test-dir/MiniOzoneClusterImpl-af2a0117-1d3a-4be0-8e0b-6e3e4fa8d6f4/datanode-2/data/ratis/5a4d3fa6-23a6-4db2-a3ab-2746e11d7a4f: created new log segment /workdir/hadoop-ozone/tools/target/test-dir/MiniOzoneClusterImpl-af2a0117-1d3a-4be0-8e0b-6e3e4fa8d6f4/datanode-2/data/ratis/5a4d3fa6-23a6-4db2-a3ab-2746e11d7a4f/current/log_inprogress_0
2019-09-20 10:22:31,258 [3af3cd06-84fa-41cf-aa13-4ffa9c74ee72-SegmentedRaftLogWorker:Storage Directory /workdir/hadoop-ozone/tools/target/test-dir/MiniOzoneClusterImpl-af2a0117-1d3a-4be0-8e0b-6e3e4fa8d6f4/datanode-3/data/ratis/514e7d72-df71-4642-9ea1-71be46dee4ae] INFO  segmented.SegmentedRaftLogWorker (SegmentedRaftLogWorker.java:execute(569)) - 3af3cd06-84fa-41cf-aa13-4ffa9c74ee72-SegmentedRaftLogWorker:Storage Directory /workdir/hadoop-ozone/tools/target/test-dir/MiniOzoneClusterImpl-af2a0117-1d3a-4be0-8e0b-6e3e4fa8d6f4/datanode-3/data/ratis/514e7d72-df71-4642-9ea1-71be46dee4ae: created new log segment /workdir/hadoop-ozone/tools/target/test-dir/MiniOzoneClusterImpl-af2a0117-1d3a-4be0-8e0b-6e3e4fa8d6f4/datanode-3/data/ratis/514e7d72-df71-4642-9ea1-71be46dee4ae/current/log_inprogress_0
2019-09-20 10:22:31,258 [aa9e4bb3-facb-4def-b849-7d6b52565e14-SegmentedRaftLogWorker:Storage Directory /workdir/hadoop-ozone/tools/target/test-dir/MiniOzoneClusterImpl-af2a0117-1d3a-4be0-8e0b-6e3e4fa8d6f4/datanode-0/data/ratis/27acaa41-742b-488c-973a-537fbe8d44b1] INFO  segmented.SegmentedRaftLogWorker (SegmentedRaftLogWorker.java:execute(569)) - aa9e4bb3-facb-4def-b849-7d6b52565e14-SegmentedRaftLogWorker:Storage Directory /workdir/hadoop-ozone/tools/target/test-dir/MiniOzoneClusterImpl-af2a0117-1d3a-4be0-8e0b-6e3e4fa8d6f4/datanode-0/data/ratis/27acaa41-742b-488c-973a-537fbe8d44b1: created new log segment /workdir/hadoop-ozone/tools/target/test-dir/MiniOzoneClusterImpl-af2a0117-1d3a-4be0-8e0b-6e3e4fa8d6f4/datanode-0/data/ratis/27acaa41-742b-488c-973a-537fbe8d44b1/current/log_inprogress_0
2019-09-20 10:22:31,258 [7b87af3a-af6c-4aa1-be3e-95b078724efe-SegmentedRaftLogWorker:Storage Directory /workdir/hadoop-ozone/tools/target/test-dir/MiniOzoneClusterImpl-af2a0117-1d3a-4be0-8e0b-6e3e4fa8d6f4/datanode-2/data/ratis/4fdaa282-241d-4051-a30b-d0f99134abc0] INFO  segmented.SegmentedRaftLogWorker (SegmentedRaftLogWorker.java:execute(569)) - 7b87af3a-af6c-4aa1-be3e-95b078724efe-SegmentedRaftLogWorker:Storage Directory /workdir/hadoop-ozone/tools/target/test-dir/MiniOzoneClusterImpl-af2a0117-1d3a-4be0-8e0b-6e3e4fa8d6f4/datanode-2/data/ratis/4fdaa282-241d-4051-a30b-d0f99134abc0: created new log segment /workdir/hadoop-ozone/tools/target/test-dir/MiniOzoneClusterImpl-af2a0117-1d3a-4be0-8e0b-6e3e4fa8d6f4/datanode-2/data/ratis/4fdaa282-241d-4051-a30b-d0f99134abc0/current/log_inprogress_0
2019-09-20 10:22:31,258 [aa9e4bb3-facb-4def-b849-7d6b52565e14-SegmentedRaftLogWorker:Storage Directory /workdir/hadoop-ozone/tools/target/test-dir/MiniOzoneClusterImpl-af2a0117-1d3a-4be0-8e0b-6e3e4fa8d6f4/datanode-0/data/ratis/5a4d3fa6-23a6-4db2-a3ab-2746e11d7a4f] INFO  segmented.SegmentedRaftLogWorker (SegmentedRaftLogWorker.java:execute(569)) - aa9e4bb3-facb-4def-b849-7d6b52565e14-SegmentedRaftLogWorker:Storage Directory /workdir/hadoop-ozone/tools/target/test-dir/MiniOzoneClusterImpl-af2a0117-1d3a-4be0-8e0b-6e3e4fa8d6f4/datanode-0/data/ratis/5a4d3fa6-23a6-4db2-a3ab-2746e11d7a4f: created new log segment /workdir/hadoop-ozone/tools/target/test-dir/MiniOzoneClusterImpl-af2a0117-1d3a-4be0-8e0b-6e3e4fa8d6f4/datanode-0/data/ratis/5a4d3fa6-23a6-4db2-a3ab-2746e11d7a4f/current/log_inprogress_0
2019-09-20 10:22:31,272 [84b71683-f1d6-4867-b37a-0b317a1fb9fa-SegmentedRaftLogWorker:Storage Directory /workdir/hadoop-ozone/tools/target/test-dir/MiniOzoneClusterImpl-af2a0117-1d3a-4be0-8e0b-6e3e4fa8d6f4/datanode-1/data/ratis/7fe3fac2-881e-4fd0-a41c-f0f1f89fc993] INFO  segmented.SegmentedRaftLogWorker (SegmentedRaftLogWorker.java:execute(569)) - 84b71683-f1d6-4867-b37a-0b317a1fb9fa-SegmentedRaftLogWorker:Storage Directory /workdir/hadoop-ozone/tools/target/test-dir/MiniOzoneClusterImpl-af2a0117-1d3a-4be0-8e0b-6e3e4fa8d6f4/datanode-1/data/ratis/7fe3fac2-881e-4fd0-a41c-f0f1f89fc993: created new log segment /workdir/hadoop-ozone/tools/target/test-dir/MiniOzoneClusterImpl-af2a0117-1d3a-4be0-8e0b-6e3e4fa8d6f4/datanode-1/data/ratis/7fe3fac2-881e-4fd0-a41c-f0f1f89fc993/current/log_inprogress_0
2019-09-20 10:22:31,298 | INFO  | SCMAudit | user=jenkins1000 | ip=192.168.151.119 | op=SEND_HEARTBEAT {datanodeUUID=3af3cd06-84fa-41cf-aa13-4ffa9c74ee72, command=[]} | ret=SUCCESS |  
2019-09-20 10:22:31,473 | INFO  | SCMAudit | user=jenkins1000 | ip=192.168.151.119 | op=SEND_HEARTBEAT {datanodeUUID=aa9e4bb3-facb-4def-b849-7d6b52565e14, command=[]} | ret=SUCCESS |  
2019-09-20 10:22:31,515 | INFO  | SCMAudit | user=jenkins1000 | ip=192.168.151.119 | op=SEND_HEARTBEAT {datanodeUUID=9bcfbe99-7901-4181-be4e-3ec5dddec5b7, command=[]} | ret=SUCCESS |  
2019-09-20 10:22:31,735 | INFO  | SCMAudit | user=jenkins1000 | ip=192.168.151.119 | op=SEND_HEARTBEAT {datanodeUUID=84b71683-f1d6-4867-b37a-0b317a1fb9fa, command=[]} | ret=SUCCESS |  
 100.00% |█████████████████████████████████████████████████████████████████████████████████████████████████████|  1/1 Time: 0:00:05
2019-09-20 10:22:32,252 | INFO  | SCMAudit | user=jenkins1000 | ip=192.168.151.119 | op=SEND_HEARTBEAT {datanodeUUID=7b87af3a-af6c-4aa1-be3e-95b078724efe, command=[]} | ret=SUCCESS |  
2019-09-20 10:22:32,298 | INFO  | SCMAudit | user=jenkins1000 | ip=192.168.151.119 | op=SEND_HEARTBEAT {datanodeUUID=3af3cd06-84fa-41cf-aa13-4ffa9c74ee72, command=[]} | ret=SUCCESS |  
2019-09-20 10:22:32,474 | INFO  | SCMAudit | user=jenkins1000 | ip=192.168.151.119 | op=SEND_HEARTBEAT {datanodeUUID=aa9e4bb3-facb-4def-b849-7d6b52565e14, command=[]} | ret=SUCCESS |  
2019-09-20 10:22:32,515 | INFO  | SCMAudit | user=jenkins1000 | ip=192.168.151.119 | op=SEND_HEARTBEAT {datanodeUUID=9bcfbe99-7901-4181-be4e-3ec5dddec5b7, command=[]} | ret=SUCCESS |  
2019-09-20 10:22:32,735 | INFO  | SCMAudit | user=jenkins1000 | ip=192.168.151.119 | op=SEND_HEARTBEAT {datanodeUUID=84b71683-f1d6-4867-b37a-0b317a1fb9fa, command=[]} | ret=SUCCESS |  
2019-09-20 10:22:33,252 | INFO  | SCMAudit | user=jenkins1000 | ip=192.168.151.119 | op=SEND_HEARTBEAT {datanodeUUID=7b87af3a-af6c-4aa1-be3e-95b078724efe, command=[]} | ret=SUCCESS |  
2019-09-20 10:22:33,299 | INFO  | SCMAudit | user=jenkins1000 | ip=192.168.151.119 | op=SEND_HEARTBEAT {datanodeUUID=3af3cd06-84fa-41cf-aa13-4ffa9c74ee72, command=[]} | ret=SUCCESS |  
2019-09-20 10:22:33,474 | INFO  | SCMAudit | user=jenkins1000 | ip=192.168.151.119 | op=SEND_HEARTBEAT {datanodeUUID=aa9e4bb3-facb-4def-b849-7d6b52565e14, command=[]} | ret=SUCCESS |  
2019-09-20 10:22:33,516 | INFO  | SCMAudit | user=jenkins1000 | ip=192.168.151.119 | op=SEND_HEARTBEAT {datanodeUUID=9bcfbe99-7901-4181-be4e-3ec5dddec5b7, command=[]} | ret=SUCCESS |  
2019-09-20 10:22:33,735 | INFO  | SCMAudit | user=jenkins1000 | ip=192.168.151.119 | op=SEND_HEARTBEAT {datanodeUUID=84b71683-f1d6-4867-b37a-0b317a1fb9fa, command=[]} | ret=SUCCESS |  
2019-09-20 10:22:34,252 | INFO  | SCMAudit | user=jenkins1000 | ip=192.168.151.119 | op=SEND_HEARTBEAT {datanodeUUID=7b87af3a-af6c-4aa1-be3e-95b078724efe, command=[]} | ret=SUCCESS |  
2019-09-20 10:22:34,300 | INFO  | SCMAudit | user=jenkins1000 | ip=192.168.151.119 | op=SEND_HEARTBEAT {datanodeUUID=3af3cd06-84fa-41cf-aa13-4ffa9c74ee72, command=[]} | ret=SUCCESS |  
2019-09-20 10:22:34,474 | INFO  | SCMAudit | user=jenkins1000 | ip=192.168.151.119 | op=SEND_HEARTBEAT {datanodeUUID=aa9e4bb3-facb-4def-b849-7d6b52565e14, command=[]} | ret=SUCCESS |  
2019-09-20 10:22:34,515 | INFO  | SCMAudit | user=jenkins1000 | ip=192.168.151.119 | op=SEND_HEARTBEAT {datanodeUUID=9bcfbe99-7901-4181-be4e-3ec5dddec5b7, command=[]} | ret=SUCCESS |  
2019-09-20 10:22:34,735 | INFO  | SCMAudit | user=jenkins1000 | ip=192.168.151.119 | op=SEND_HEARTBEAT {datanodeUUID=84b71683-f1d6-4867-b37a-0b317a1fb9fa, command=[]} | ret=SUCCESS |  
2019-09-20 10:22:35,253 | INFO  | SCMAudit | user=jenkins1000 | ip=192.168.151.119 | op=SEND_HEARTBEAT {datanodeUUID=7b87af3a-af6c-4aa1-be3e-95b078724efe, command=[]} | ret=SUCCESS |  
2019-09-20 10:22:35,300 | INFO  | SCMAudit | user=jenkins1000 | ip=192.168.151.119 | op=SEND_HEARTBEAT {datanodeUUID=3af3cd06-84fa-41cf-aa13-4ffa9c74ee72, command=[]} | ret=SUCCESS |  
2019-09-20 10:22:35,475 | INFO  | SCMAudit | user=jenkins1000 | ip=192.168.151.119 | op=SEND_HEARTBEAT {datanodeUUID=aa9e4bb3-facb-4def-b849-7d6b52565e14, command=[]} | ret=SUCCESS |  
2019-09-20 10:22:35,515 | INFO  | SCMAudit | user=jenkins1000 | ip=192.168.151.119 | op=SEND_HEARTBEAT {datanodeUUID=9bcfbe99-7901-4181-be4e-3ec5dddec5b7, command=[]} | ret=SUCCESS |  
2019-09-20 10:22:35,735 | INFO  | SCMAudit | user=jenkins1000 | ip=192.168.151.119 | op=SEND_HEARTBEAT {datanodeUUID=84b71683-f1d6-4867-b37a-0b317a1fb9fa, command=[]} | ret=SUCCESS |  
2019-09-20 10:22:36,253 | INFO  | SCMAudit | user=jenkins1000 | ip=192.168.151.119 | op=SEND_HEARTBEAT {datanodeUUID=7b87af3a-af6c-4aa1-be3e-95b078724efe, command=[]} | ret=SUCCESS |  
2019-09-20 10:22:36,300 | INFO  | SCMAudit | user=jenkins1000 | ip=192.168.151.119 | op=SEND_HEARTBEAT {datanodeUUID=3af3cd06-84fa-41cf-aa13-4ffa9c74ee72, command=[]} | ret=SUCCESS |  
2019-09-20 10:22:36,475 | INFO  | SCMAudit | user=jenkins1000 | ip=192.168.151.119 | op=SEND_HEARTBEAT {datanodeUUID=aa9e4bb3-facb-4def-b849-7d6b52565e14, command=[]} | ret=SUCCESS |  
2019-09-20 10:22:36,515 | INFO  | SCMAudit | user=jenkins1000 | ip=192.168.151.119 | op=SEND_HEARTBEAT {datanodeUUID=9bcfbe99-7901-4181-be4e-3ec5dddec5b7, command=[]} | ret=SUCCESS |  
2019-09-20 10:22:36,736 | INFO  | SCMAudit | user=jenkins1000 | ip=192.168.151.119 | op=SEND_HEARTBEAT {datanodeUUID=84b71683-f1d6-4867-b37a-0b317a1fb9fa, command=[]} | ret=SUCCESS |  
]]></system-out>
    <system-err><![CDATA[Sep 20, 2019 10:22:16 AM com.sun.jersey.server.impl.application.WebApplicationImpl _initiate
INFO: Initiating Jersey application, version 'Jersey: 1.19 02/11/2015 03:25 AM'
Sep 20, 2019 10:22:17 AM com.sun.jersey.server.impl.application.WebApplicationImpl _initiate
INFO: Initiating Jersey application, version 'Jersey: 1.19 02/11/2015 03:25 AM'
Sep 20, 2019 10:22:17 AM com.sun.jersey.server.impl.application.WebApplicationImpl _initiate
INFO: Initiating Jersey application, version 'Jersey: 1.19 02/11/2015 03:25 AM'
Sep 20, 2019 10:22:18 AM com.sun.jersey.server.impl.application.WebApplicationImpl _initiate
INFO: Initiating Jersey application, version 'Jersey: 1.19 02/11/2015 03:25 AM'
Sep 20, 2019 10:22:18 AM com.sun.jersey.server.impl.application.WebApplicationImpl _initiate
INFO: Initiating Jersey application, version 'Jersey: 1.19 02/11/2015 03:25 AM'
]]></system-err>
  </testcase>
  <testcase name="standaloneTestLargeKey" classname="org.apache.hadoop.ozone.freon.TestDataValidateWithUnsafeByteOperations" time="7.772"/>
  <testcase name="validateWriteTest" classname="org.apache.hadoop.ozone.freon.TestDataValidateWithUnsafeByteOperations" time="6.305"/>
</testsuite>