<?xml version="1.0" encoding="UTF-8"?>
<testsuite xmlns:xsi="http://www.w3.org/2001/XMLSchema-instance" xsi:noNamespaceSchemaLocation="https://maven.apache.org/surefire/maven-surefire-plugin/xsd/surefire-test-report.xsd" name="org.apache.hadoop.ozone.client.rpc.TestBlockOutputStream" time="419.309" tests="6" errors="0" skipped="0" failures="2">
  <properties>
    <property name="awt.toolkit" value="sun.awt.X11.XToolkit"/>
    <property name="file.encoding.pkg" value="sun.io"/>
    <property name="java.specification.version" value="1.8"/>
    <property name="sun.cpu.isalist" value=""/>
    <property name="sun.jnu.encoding" value="UTF-8"/>
    <property name="java.class.path" value="/workdir/hadoop-ozone/integration-test/target/test-classes:/workdir/hadoop-ozone/integration-test/target/classes:/home/user/.m2/repository/org/apache/hadoop/hadoop-ozone-common/0.5.0-SNAPSHOT/hadoop-ozone-common-0.5.0-SNAPSHOT.jar:/home/user/.m2/repository/org/apache/commons/commons-compress/1.4.1/commons-compress-1.4.1.jar:/home/user/.m2/repository/org/tukaani/xz/1.0/xz-1.0.jar:/home/user/.m2/repository/org/apache/hadoop/hadoop-common/3.2.0/hadoop-common-3.2.0.jar:/home/user/.m2/repository/org/apache/hadoop/hadoop-hdfs/3.2.0/hadoop-hdfs-3.2.0.jar:/home/user/.m2/repository/org/apache/hadoop/hadoop-hdfs-client/3.2.0/hadoop-hdfs-client-3.2.0.jar:/home/user/.m2/repository/com/fasterxml/jackson/core/jackson-annotations/2.9.5/jackson-annotations-2.9.5.jar:/home/user/.m2/repository/org/apache/hadoop/hadoop-hdds-common/0.5.0-SNAPSHOT/hadoop-hdds-common-0.5.0-SNAPSHOT.jar:/home/user/.m2/repository/javax/annotation/javax.annotation-api/1.2/javax.annotation-api-1.2.jar:/home/user/.m2/repository/org/apache/ratis/ratis-server/0.4.0-78e95b9-SNAPSHOT/ratis-server-0.4.0-78e95b9-SNAPSHOT.jar:/home/user/.m2/repository/org/apache/ratis/ratis-thirdparty-misc/0.2.0/ratis-thirdparty-misc-0.2.0.jar:/home/user/.m2/repository/org/apache/ratis/ratis-proto/0.4.0-78e95b9-SNAPSHOT/ratis-proto-0.4.0-78e95b9-SNAPSHOT.jar:/home/user/.m2/repository/org/apache/ratis/ratis-common/0.4.0-78e95b9-SNAPSHOT/ratis-common-0.4.0-78e95b9-SNAPSHOT.jar:/home/user/.m2/repository/org/apache/ratis/ratis-client/0.4.0-78e95b9-SNAPSHOT/ratis-client-0.4.0-78e95b9-SNAPSHOT.jar:/home/user/.m2/repository/org/apache/ratis/ratis-metrics/0.4.0-78e95b9-SNAPSHOT/ratis-metrics-0.4.0-78e95b9-SNAPSHOT.jar:/home/user/.m2/repository/com/github/joshelser/dropwizard-metrics-hadoop-metrics2-reporter/0.1.2/dropwizard-metrics-hadoop-metrics2-reporter-0.1.2.jar:/home/user/.m2/repository/io/dropwizard/metrics/metrics-jvm/3.2.5/metrics-jvm-3.2.5.jar:/home/user/.m2/repository/io/dropwizard/metrics/metrics-ganglia/3.2.5/metrics-ganglia-3.2.5.jar:/home/user/.m2/repository/info/ganglia/gmetric4j/gmetric4j/1.0.7/gmetric4j-1.0.7.jar:/home/user/.m2/repository/org/apache/ratis/ratis-netty/0.4.0-78e95b9-SNAPSHOT/ratis-netty-0.4.0-78e95b9-SNAPSHOT.jar:/home/user/.m2/repository/org/apache/ratis/ratis-grpc/0.4.0-78e95b9-SNAPSHOT/ratis-grpc-0.4.0-78e95b9-SNAPSHOT.jar:/home/user/.m2/repository/org/rocksdb/rocksdbjni/6.0.1/rocksdbjni-6.0.1.jar:/home/user/.m2/repository/org/apache/logging/log4j/log4j-api/2.11.0/log4j-api-2.11.0.jar:/home/user/.m2/repository/org/apache/logging/log4j/log4j-core/2.11.0/log4j-core-2.11.0.jar:/home/user/.m2/repository/com/lmax/disruptor/3.4.2/disruptor-3.4.2.jar:/home/user/.m2/repository/org/apache/commons/commons-pool2/2.6.0/commons-pool2-2.6.0.jar:/home/user/.m2/repository/org/bouncycastle/bcpkix-jdk15on/1.60/bcpkix-jdk15on-1.60.jar:/home/user/.m2/repository/commons-validator/commons-validator/1.6/commons-validator-1.6.jar:/home/user/.m2/repository/commons-digester/commons-digester/1.8.1/commons-digester-1.8.1.jar:/home/user/.m2/repository/io/jaegertracing/jaeger-client/0.33.1/jaeger-client-0.33.1.jar:/home/user/.m2/repository/io/jaegertracing/jaeger-thrift/0.33.1/jaeger-thrift-0.33.1.jar:/home/user/.m2/repository/org/apache/thrift/libthrift/0.11.0/libthrift-0.11.0.jar:/home/user/.m2/repository/com/squareup/okhttp3/okhttp/3.9.0/okhttp-3.9.0.jar:/home/user/.m2/repository/com/squareup/okio/okio/1.13.0/okio-1.13.0.jar:/home/user/.m2/repository/io/jaegertracing/jaeger-core/0.33.1/jaeger-core-0.33.1.jar:/home/user/.m2/repository/io/jaegertracing/jaeger-tracerresolver/0.33.1/jaeger-tracerresolver-0.33.1.jar:/home/user/.m2/repository/io/opentracing/contrib/opentracing-tracerresolver/0.1.5/opentracing-tracerresolver-0.1.5.jar:/home/user/.m2/repository/io/opentracing/opentracing-util/0.31.0/opentracing-util-0.31.0.jar:/home/user/.m2/repository/io/opentracing/opentracing-api/0.31.0/opentracing-api-0.31.0.jar:/home/user/.m2/repository/io/opentracing/opentracing-noop/0.31.0/opentracing-noop-0.31.0.jar:/home/user/.m2/repository/org/apache/hadoop/hadoop-hdds-server-framework/0.5.0-SNAPSHOT/hadoop-hdds-server-framework-0.5.0-SNAPSHOT.jar:/home/user/.m2/repository/org/apache/hadoop/hadoop-hdds-container-service/0.5.0-SNAPSHOT/hadoop-hdds-container-service-0.5.0-SNAPSHOT.jar:/home/user/.m2/repository/org/apache/hadoop/hadoop-hdds-client/0.5.0-SNAPSHOT/hadoop-hdds-client-0.5.0-SNAPSHOT.jar:/home/user/.m2/repository/org/apache/hadoop/hadoop-hdds-tools/0.5.0-SNAPSHOT/hadoop-hdds-tools-0.5.0-SNAPSHOT.jar:/home/user/.m2/repository/org/apache/hadoop/hadoop-hdds-server-scm/0.5.0-SNAPSHOT/hadoop-hdds-server-scm-0.5.0-SNAPSHOT.jar:/home/user/.m2/repository/org/apache/hadoop/hadoop-hdds-docs/0.5.0-SNAPSHOT/hadoop-hdds-docs-0.5.0-SNAPSHOT.jar:/home/user/.m2/repository/io/dropwizard/metrics/metrics-core/3.2.4/metrics-core-3.2.4.jar:/home/user/.m2/repository/org/hamcrest/hamcrest-all/1.3/hamcrest-all-1.3.jar:/home/user/.m2/repository/org/bouncycastle/bcprov-jdk15on/1.60/bcprov-jdk15on-1.60.jar:/home/user/.m2/repository/info/picocli/picocli/3.9.6/picocli-3.9.6.jar:/home/user/.m2/repository/com/google/protobuf/protobuf-java/2.5.0/protobuf-java-2.5.0.jar:/home/user/.m2/repository/com/google/guava/guava/11.0.2/guava-11.0.2.jar:/home/user/.m2/repository/org/apache/hadoop/hadoop-ozone-ozone-manager/0.5.0-SNAPSHOT/hadoop-ozone-ozone-manager-0.5.0-SNAPSHOT.jar:/home/user/.m2/repository/org/apache/hadoop/hadoop-minikdc/3.2.0/hadoop-minikdc-3.2.0.jar:/home/user/.m2/repository/commons-io/commons-io/2.5/commons-io-2.5.jar:/home/user/.m2/repository/org/apache/kerby/kerb-simplekdc/1.0.1/kerb-simplekdc-1.0.1.jar:/home/user/.m2/repository/org/apache/kerby/kerb-client/1.0.1/kerb-client-1.0.1.jar:/home/user/.m2/repository/org/apache/kerby/kerby-config/1.0.1/kerby-config-1.0.1.jar:/home/user/.m2/repository/org/apache/kerby/kerb-core/1.0.1/kerb-core-1.0.1.jar:/home/user/.m2/repository/org/apache/kerby/kerby-pkix/1.0.1/kerby-pkix-1.0.1.jar:/home/user/.m2/repository/org/apache/kerby/kerby-asn1/1.0.1/kerby-asn1-1.0.1.jar:/home/user/.m2/repository/org/apache/kerby/kerby-util/1.0.1/kerby-util-1.0.1.jar:/home/user/.m2/repository/org/apache/kerby/kerb-common/1.0.1/kerb-common-1.0.1.jar:/home/user/.m2/repository/org/apache/kerby/kerb-crypto/1.0.1/kerb-crypto-1.0.1.jar:/home/user/.m2/repository/org/apache/kerby/kerb-util/1.0.1/kerb-util-1.0.1.jar:/home/user/.m2/repository/org/apache/kerby/token-provider/1.0.1/token-provider-1.0.1.jar:/home/user/.m2/repository/org/apache/kerby/kerb-admin/1.0.1/kerb-admin-1.0.1.jar:/home/user/.m2/repository/org/apache/kerby/kerb-server/1.0.1/kerb-server-1.0.1.jar:/home/user/.m2/repository/org/apache/kerby/kerb-identity/1.0.1/kerb-identity-1.0.1.jar:/home/user/.m2/repository/org/apache/kerby/kerby-xdr/1.0.1/kerby-xdr-1.0.1.jar:/home/user/.m2/repository/org/slf4j/slf4j-log4j12/1.7.25/slf4j-log4j12-1.7.25.jar:/home/user/.m2/repository/org/apache/hadoop/hadoop-ozone-s3gateway/0.5.0-SNAPSHOT/hadoop-ozone-s3gateway-0.5.0-SNAPSHOT.jar:/home/user/.m2/repository/org/jboss/weld/servlet/weld-servlet/2.4.7.Final/weld-servlet-2.4.7.Final.jar:/home/user/.m2/repository/org/glassfish/jersey/containers/jersey-container-servlet-core/2.27/jersey-container-servlet-core-2.27.jar:/home/user/.m2/repository/org/glassfish/hk2/external/javax.inject/2.5.0-b42/javax.inject-2.5.0-b42.jar:/home/user/.m2/repository/org/glassfish/jersey/core/jersey-common/2.27/jersey-common-2.27.jar:/home/user/.m2/repository/org/glassfish/hk2/osgi-resource-locator/1.0.1/osgi-resource-locator-1.0.1.jar:/home/user/.m2/repository/javax/ws/rs/javax.ws.rs-api/2.1/javax.ws.rs-api-2.1.jar:/home/user/.m2/repository/org/glassfish/jersey/ext/cdi/jersey-cdi1x/2.27/jersey-cdi1x-2.27.jar:/home/user/.m2/repository/org/glassfish/jersey/inject/jersey-hk2/2.27/jersey-hk2-2.27.jar:/home/user/.m2/repository/org/glassfish/hk2/hk2-locator/2.5.0-b42/hk2-locator-2.5.0-b42.jar:/home/user/.m2/repository/org/javassist/javassist/3.22.0-CR2/javassist-3.22.0-CR2.jar:/home/user/.m2/repository/org/glassfish/hk2/hk2-api/2.5.0/hk2-api-2.5.0.jar:/home/user/.m2/repository/org/glassfish/hk2/external/jakarta.inject/2.5.0/jakarta.inject-2.5.0.jar:/home/user/.m2/repository/org/glassfish/hk2/hk2-utils/2.5.0/hk2-utils-2.5.0.jar:/home/user/.m2/repository/jakarta/annotation/jakarta.annotation-api/1.3.4/jakarta.annotation-api-1.3.4.jar:/home/user/.m2/repository/org/glassfish/hk2/external/aopalliance-repackaged/2.5.0/aopalliance-repackaged-2.5.0.jar:/home/user/.m2/repository/com/fasterxml/jackson/dataformat/jackson-dataformat-xml/2.9.0/jackson-dataformat-xml-2.9.0.jar:/home/user/.m2/repository/com/fasterxml/jackson/core/jackson-core/2.9.5/jackson-core-2.9.5.jar:/home/user/.m2/repository/com/fasterxml/jackson/module/jackson-module-jaxb-annotations/2.9.5/jackson-module-jaxb-annotations-2.9.5.jar:/home/user/.m2/repository/javax/enterprise/cdi-api/1.2/cdi-api-1.2.jar:/home/user/.m2/repository/javax/el/javax.el-api/3.0.0/javax.el-api-3.0.0.jar:/home/user/.m2/repository/javax/interceptor/javax.interceptor-api/1.2/javax.interceptor-api-1.2.jar:/home/user/.m2/repository/javax/inject/javax.inject/1/javax.inject-1.jar:/home/user/.m2/repository/com/sun/xml/bind/jaxb-impl/2.3.0.1/jaxb-impl-2.3.0.1.jar:/home/user/.m2/repository/com/sun/xml/bind/jaxb-core/2.3.0.1/jaxb-core-2.3.0.1.jar:/home/user/.m2/repository/javax/xml/bind/jaxb-api/2.3.0/jaxb-api-2.3.0.jar:/home/user/.m2/repository/javax/activation/activation/1.1.1/activation-1.1.1.jar:/home/user/.m2/repository/org/apache/hadoop/hadoop-ozone-csi/0.5.0-SNAPSHOT/hadoop-ozone-csi-0.5.0-SNAPSHOT.jar:/home/user/.m2/repository/com/google/protobuf/protobuf-java-util/3.5.1/protobuf-java-util-3.5.1.jar:/home/user/.m2/repository/org/apache/hadoop/hadoop-hdds-config/0.5.0-SNAPSHOT/hadoop-hdds-config-0.5.0-SNAPSHOT.jar:/home/user/.m2/repository/io/grpc/grpc-netty/1.17.1/grpc-netty-1.17.1.jar:/home/user/.m2/repository/io/grpc/grpc-core/1.17.1/grpc-core-1.17.1.jar:/home/user/.m2/repository/io/grpc/grpc-context/1.17.1/grpc-context-1.17.1.jar:/home/user/.m2/repository/com/google/errorprone/error_prone_annotations/2.2.0/error_prone_annotations-2.2.0.jar:/home/user/.m2/repository/org/codehaus/mojo/animal-sniffer-annotations/1.17/animal-sniffer-annotations-1.17.jar:/home/user/.m2/repository/io/opencensus/opencensus-api/0.17.0/opencensus-api-0.17.0.jar:/home/user/.m2/repository/io/opencensus/opencensus-contrib-grpc-metrics/0.17.0/opencensus-contrib-grpc-metrics-0.17.0.jar:/home/user/.m2/repository/io/netty/netty-codec-http2/4.1.30.Final/netty-codec-http2-4.1.30.Final.jar:/home/user/.m2/repository/io/netty/netty-codec-http/4.1.30.Final/netty-codec-http-4.1.30.Final.jar:/home/user/.m2/repository/io/netty/netty-codec/4.1.30.Final/netty-codec-4.1.30.Final.jar:/home/user/.m2/repository/io/netty/netty-handler/4.1.30.Final/netty-handler-4.1.30.Final.jar:/home/user/.m2/repository/io/netty/netty-handler-proxy/4.1.30.Final/netty-handler-proxy-4.1.30.Final.jar:/home/user/.m2/repository/io/netty/netty-codec-socks/4.1.30.Final/netty-codec-socks-4.1.30.Final.jar:/home/user/.m2/repository/io/netty/netty-transport-native-epoll/4.1.30.Final/netty-transport-native-epoll-4.1.30.Final.jar:/home/user/.m2/repository/io/netty/netty-common/4.1.30.Final/netty-common-4.1.30.Final.jar:/home/user/.m2/repository/io/netty/netty-buffer/4.1.30.Final/netty-buffer-4.1.30.Final.jar:/home/user/.m2/repository/io/netty/netty-transport/4.1.30.Final/netty-transport-4.1.30.Final.jar:/home/user/.m2/repository/io/netty/netty-resolver/4.1.30.Final/netty-resolver-4.1.30.Final.jar:/home/user/.m2/repository/io/netty/netty-transport-native-unix-common/4.1.30.Final/netty-transport-native-unix-common-4.1.30.Final.jar:/home/user/.m2/repository/io/grpc/grpc-protobuf/1.17.1/grpc-protobuf-1.17.1.jar:/home/user/.m2/repository/com/google/api/grpc/proto-google-common-protos/1.0.0/proto-google-common-protos-1.0.0.jar:/home/user/.m2/repository/io/grpc/grpc-protobuf-lite/1.17.1/grpc-protobuf-lite-1.17.1.jar:/home/user/.m2/repository/io/grpc/grpc-stub/1.17.1/grpc-stub-1.17.1.jar:/home/user/.m2/repository/org/apache/hadoop/hadoop-ozone-recon/0.5.0-SNAPSHOT/hadoop-ozone-recon-0.5.0-SNAPSHOT.jar:/home/user/.m2/repository/org/apache/hadoop/hadoop-ozone-reconcodegen/0.5.0-SNAPSHOT/hadoop-ozone-reconcodegen-0.5.0-SNAPSHOT.jar:/home/user/.m2/repository/com/google/inject/extensions/guice-multibindings/4.0/guice-multibindings-4.0.jar:/home/user/.m2/repository/com/google/inject/guice/4.0/guice-4.0.jar:/home/user/.m2/repository/aopalliance/aopalliance/1.0/aopalliance-1.0.jar:/home/user/.m2/repository/com/google/inject/extensions/guice-servlet/4.0/guice-servlet-4.0.jar:/home/user/.m2/repository/org/glassfish/jersey/containers/jersey-container-servlet/2.27/jersey-container-servlet-2.27.jar:/home/user/.m2/repository/org/glassfish/hk2/guice-bridge/2.5.0/guice-bridge-2.5.0.jar:/home/user/.m2/repository/org/glassfish/jersey/core/jersey-server/2.27/jersey-server-2.27.jar:/home/user/.m2/repository/org/glassfish/jersey/core/jersey-client/2.27/jersey-client-2.27.jar:/home/user/.m2/repository/org/glassfish/jersey/media/jersey-media-jaxb/2.27/jersey-media-jaxb-2.27.jar:/home/user/.m2/repository/javax/validation/validation-api/1.1.0.Final/validation-api-1.1.0.Final.jar:/home/user/.m2/repository/org/glassfish/jersey/media/jersey-media-json-jackson/2.27/jersey-media-json-jackson-2.27.jar:/home/user/.m2/repository/org/glassfish/jersey/ext/jersey-entity-filtering/2.27/jersey-entity-filtering-2.27.jar:/home/user/.m2/repository/com/google/inject/extensions/guice-assistedinject/4.0/guice-assistedinject-4.0.jar:/home/user/.m2/repository/org/jooq/jooq/3.11.10/jooq-3.11.10.jar:/home/user/.m2/repository/org/jooq/jooq-meta/3.11.10/jooq-meta-3.11.10.jar:/home/user/.m2/repository/org/jooq/jooq-codegen/3.11.10/jooq-codegen-3.11.10.jar:/home/user/.m2/repository/com/jolbox/bonecp/0.8.0.RELEASE/bonecp-0.8.0.RELEASE.jar:/home/user/.m2/repository/org/xerial/sqlite-jdbc/3.25.2/sqlite-jdbc-3.25.2.jar:/home/user/.m2/repository/org/springframework/spring-jdbc/5.1.3.RELEASE/spring-jdbc-5.1.3.RELEASE.jar:/home/user/.m2/repository/org/springframework/spring-beans/5.1.3.RELEASE/spring-beans-5.1.3.RELEASE.jar:/home/user/.m2/repository/org/springframework/spring-core/5.1.3.RELEASE/spring-core-5.1.3.RELEASE.jar:/home/user/.m2/repository/org/springframework/spring-jcl/5.1.3.RELEASE/spring-jcl-5.1.3.RELEASE.jar:/home/user/.m2/repository/org/springframework/spring-tx/5.1.3.RELEASE/spring-tx-5.1.3.RELEASE.jar:/home/user/.m2/repository/org/apache/hadoop/hadoop-ozone-client/0.5.0-SNAPSHOT/hadoop-ozone-client-0.5.0-SNAPSHOT.jar:/home/user/.m2/repository/commons-lang/commons-lang/2.6/commons-lang-2.6.jar:/home/user/.m2/repository/org/apache/hadoop/hadoop-ozone-ozone-manager/0.5.0-SNAPSHOT/hadoop-ozone-ozone-manager-0.5.0-SNAPSHOT-tests.jar:/home/user/.m2/repository/junit/junit/4.11/junit-4.11.jar:/home/user/.m2/repository/org/hamcrest/hamcrest-core/1.3/hamcrest-core-1.3.jar:/home/user/.m2/repository/org/openjdk/jmh/jmh-core/1.19/jmh-core-1.19.jar:/home/user/.m2/repository/net/sf/jopt-simple/jopt-simple/4.6/jopt-simple-4.6.jar:/home/user/.m2/repository/org/apache/commons/commons-math3/3.1.1/commons-math3-3.1.1.jar:/home/user/.m2/repository/org/openjdk/jmh/jmh-generator-annprocess/1.19/jmh-generator-annprocess-1.19.jar:/home/user/.m2/repository/org/mockito/mockito-all/1.8.5/mockito-all-1.8.5.jar:/home/user/.m2/repository/org/apache/hadoop/hadoop-kms/3.2.0/hadoop-kms-3.2.0.jar:/home/user/.m2/repository/org/apache/hadoop/hadoop-auth/3.2.0/hadoop-auth-3.2.0.jar:/home/user/.m2/repository/com/nimbusds/nimbus-jose-jwt/4.41.1/nimbus-jose-jwt-4.41.1.jar:/home/user/.m2/repository/com/github/stephenc/jcip/jcip-annotations/1.0-1/jcip-annotations-1.0-1.jar:/home/user/.m2/repository/net/minidev/json-smart/2.3/json-smart-2.3.jar:/home/user/.m2/repository/net/minidev/accessors-smart/1.2/accessors-smart-1.2.jar:/home/user/.m2/repository/org/ow2/asm/asm/5.0.4/asm-5.0.4.jar:/home/user/.m2/repository/org/apache/curator/curator-framework/2.12.0/curator-framework-2.12.0.jar:/home/user/.m2/repository/com/sun/jersey/jersey-core/1.19/jersey-core-1.19.jar:/home/user/.m2/repository/javax/ws/rs/jsr311-api/1.1.1/jsr311-api-1.1.1.jar:/home/user/.m2/repository/com/sun/jersey/jersey-server/1.19/jersey-server-1.19.jar:/home/user/.m2/repository/javax/servlet/javax.servlet-api/3.1.0/javax.servlet-api-3.1.0.jar:/home/user/.m2/repository/org/eclipse/jetty/jetty-server/9.3.24.v20180605/jetty-server-9.3.24.v20180605.jar:/home/user/.m2/repository/org/eclipse/jetty/jetty-http/9.3.24.v20180605/jetty-http-9.3.24.v20180605.jar:/home/user/.m2/repository/org/eclipse/jetty/jetty-io/9.3.24.v20180605/jetty-io-9.3.24.v20180605.jar:/home/user/.m2/repository/org/eclipse/jetty/jetty-webapp/9.3.24.v20180605/jetty-webapp-9.3.24.v20180605.jar:/home/user/.m2/repository/org/eclipse/jetty/jetty-xml/9.3.24.v20180605/jetty-xml-9.3.24.v20180605.jar:/home/user/.m2/repository/log4j/log4j/1.2.17/log4j-1.2.17.jar:/home/user/.m2/repository/org/slf4j/slf4j-api/1.7.25/slf4j-api-1.7.25.jar:/home/user/.m2/repository/org/slf4j/jul-to-slf4j/1.7.25/jul-to-slf4j-1.7.25.jar:/home/user/.m2/repository/org/eclipse/jetty/jetty-util/9.3.24.v20180605/jetty-util-9.3.24.v20180605.jar:/home/user/.m2/repository/com/fasterxml/jackson/core/jackson-databind/2.9.5/jackson-databind-2.9.5.jar:/home/user/.m2/repository/org/apache/hadoop/hadoop-kms/3.2.0/hadoop-kms-3.2.0-tests.jar:/home/user/.m2/repository/org/apache/hadoop/hadoop-hdds-server-scm/0.5.0-SNAPSHOT/hadoop-hdds-server-scm-0.5.0-SNAPSHOT-tests.jar:/home/user/.m2/repository/org/apache/hadoop/hadoop-hdds-container-service/0.5.0-SNAPSHOT/hadoop-hdds-container-service-0.5.0-SNAPSHOT-tests.jar:/home/user/.m2/repository/org/yaml/snakeyaml/1.16/snakeyaml-1.16.jar:/home/user/.m2/repository/org/apache/hadoop/hadoop-common/3.2.0/hadoop-common-3.2.0-tests.jar:/home/user/.m2/repository/org/apache/hadoop/hadoop-annotations/3.2.0/hadoop-annotations-3.2.0.jar:/usr/lib/jvm/java-1.8-openjdk/jre/../lib/tools.jar:/home/user/.m2/repository/commons-cli/commons-cli/1.2/commons-cli-1.2.jar:/home/user/.m2/repository/org/apache/httpcomponents/httpclient/4.5.2/httpclient-4.5.2.jar:/home/user/.m2/repository/org/apache/httpcomponents/httpcore/4.4.4/httpcore-4.4.4.jar:/home/user/.m2/repository/commons-codec/commons-codec/1.11/commons-codec-1.11.jar:/home/user/.m2/repository/commons-net/commons-net/3.6/commons-net-3.6.jar:/home/user/.m2/repository/commons-collections/commons-collections/3.2.2/commons-collections-3.2.2.jar:/home/user/.m2/repository/org/eclipse/jetty/jetty-servlet/9.3.24.v20180605/jetty-servlet-9.3.24.v20180605.jar:/home/user/.m2/repository/org/eclipse/jetty/jetty-security/9.3.24.v20180605/jetty-security-9.3.24.v20180605.jar:/home/user/.m2/repository/javax/servlet/jsp/jsp-api/2.1/jsp-api-2.1.jar:/home/user/.m2/repository/com/sun/jersey/jersey-servlet/1.19/jersey-servlet-1.19.jar:/home/user/.m2/repository/com/sun/jersey/jersey-json/1.19/jersey-json-1.19.jar:/home/user/.m2/repository/org/codehaus/jettison/jettison/1.1/jettison-1.1.jar:/home/user/.m2/repository/org/codehaus/jackson/jackson-core-asl/1.9.13/jackson-core-asl-1.9.13.jar:/home/user/.m2/repository/org/codehaus/jackson/jackson-mapper-asl/1.9.13/jackson-mapper-asl-1.9.13.jar:/home/user/.m2/repository/org/codehaus/jackson/jackson-jaxrs/1.9.13/jackson-jaxrs-1.9.13.jar:/home/user/.m2/repository/org/codehaus/jackson/jackson-xc/1.9.13/jackson-xc-1.9.13.jar:/home/user/.m2/repository/commons-logging/commons-logging/1.1.3/commons-logging-1.1.3.jar:/home/user/.m2/repository/commons-beanutils/commons-beanutils/1.9.3/commons-beanutils-1.9.3.jar:/home/user/.m2/repository/org/apache/commons/commons-configuration2/2.1.1/commons-configuration2-2.1.1.jar:/home/user/.m2/repository/org/apache/commons/commons-lang3/3.7/commons-lang3-3.7.jar:/home/user/.m2/repository/org/apache/commons/commons-text/1.4/commons-text-1.4.jar:/home/user/.m2/repository/org/apache/avro/avro/1.7.7/avro-1.7.7.jar:/home/user/.m2/repository/com/thoughtworks/paranamer/paranamer/2.3/paranamer-2.3.jar:/home/user/.m2/repository/org/xerial/snappy/snappy-java/1.0.5/snappy-java-1.0.5.jar:/home/user/.m2/repository/com/google/re2j/re2j/1.1/re2j-1.1.jar:/home/user/.m2/repository/com/google/code/gson/gson/2.2.4/gson-2.2.4.jar:/home/user/.m2/repository/com/jcraft/jsch/0.1.54/jsch-0.1.54.jar:/home/user/.m2/repository/org/apache/curator/curator-client/2.12.0/curator-client-2.12.0.jar:/home/user/.m2/repository/org/apache/curator/curator-recipes/2.12.0/curator-recipes-2.12.0.jar:/home/user/.m2/repository/com/google/code/findbugs/jsr305/3.0.0/jsr305-3.0.0.jar:/home/user/.m2/repository/org/apache/htrace/htrace-core4/4.1.0-incubating/htrace-core4-4.1.0-incubating.jar:/home/user/.m2/repository/org/apache/zookeeper/zookeeper/3.4.13/zookeeper-3.4.13.jar:/home/user/.m2/repository/org/apache/yetus/audience-annotations/0.5.0/audience-annotations-0.5.0.jar:/home/user/.m2/repository/org/codehaus/woodstox/stax2-api/3.1.4/stax2-api-3.1.4.jar:/home/user/.m2/repository/com/fasterxml/woodstox/woodstox-core/5.0.3/woodstox-core-5.0.3.jar:/home/user/.m2/repository/dnsjava/dnsjava/2.1.7/dnsjava-2.1.7.jar:/home/user/.m2/repository/org/apache/hadoop/hadoop-hdfs/3.2.0/hadoop-hdfs-3.2.0-tests.jar:/home/user/.m2/repository/org/eclipse/jetty/jetty-util-ajax/9.3.24.v20180605/jetty-util-ajax-9.3.24.v20180605.jar:/home/user/.m2/repository/commons-daemon/commons-daemon/1.0.13/commons-daemon-1.0.13.jar:/home/user/.m2/repository/io/netty/netty/3.10.5.Final/netty-3.10.5.Final.jar:/home/user/.m2/repository/io/netty/netty-all/4.0.52.Final/netty-all-4.0.52.Final.jar:/home/user/.m2/repository/org/fusesource/leveldbjni/leveldbjni-all/1.8/leveldbjni-all-1.8.jar:"/>
    <property name="java.vm.vendor" value="IcedTea"/>
    <property name="sun.arch.data.model" value="64"/>
    <property name="test.build.dir" value="/workdir/hadoop-ozone/integration-test/target/test-dir"/>
    <property name="test.cache.data" value=""/>
    <property name="java.vendor.url" value="https://icedtea.classpath.org"/>
    <property name="user.timezone" value=""/>
    <property name="java.vm.specification.version" value="1.8"/>
    <property name="os.name" value="Linux"/>
    <property name="test.build.data" value="/workdir/hadoop-ozone/integration-test/target/test-dir"/>
    <property name="user.country" value="US"/>
    <property name="sun.java.launcher" value="SUN_STANDARD"/>
    <property name="sun.boot.library.path" value="/usr/lib/jvm/java-1.8-openjdk/jre/lib/amd64"/>
    <property name="sun.java.command" value="/workdir/hadoop-ozone/integration-test/target/surefire/surefirebooter1400571715672274796.jar /workdir/hadoop-ozone/integration-test/target/surefire 2019-09-12T13-18-32_926-jvmRun1 surefire3379994061044718311tmp surefire_334328994443796040034tmp"/>
    <property name="test" value="!TestMiniChaosOzoneCluster"/>
    <property name="surefire.test.class.path" value="/workdir/hadoop-ozone/integration-test/target/test-classes:/workdir/hadoop-ozone/integration-test/target/classes:/home/user/.m2/repository/org/apache/hadoop/hadoop-ozone-common/0.5.0-SNAPSHOT/hadoop-ozone-common-0.5.0-SNAPSHOT.jar:/home/user/.m2/repository/org/apache/commons/commons-compress/1.4.1/commons-compress-1.4.1.jar:/home/user/.m2/repository/org/tukaani/xz/1.0/xz-1.0.jar:/home/user/.m2/repository/org/apache/hadoop/hadoop-common/3.2.0/hadoop-common-3.2.0.jar:/home/user/.m2/repository/org/apache/hadoop/hadoop-hdfs/3.2.0/hadoop-hdfs-3.2.0.jar:/home/user/.m2/repository/org/apache/hadoop/hadoop-hdfs-client/3.2.0/hadoop-hdfs-client-3.2.0.jar:/home/user/.m2/repository/com/fasterxml/jackson/core/jackson-annotations/2.9.5/jackson-annotations-2.9.5.jar:/home/user/.m2/repository/org/apache/hadoop/hadoop-hdds-common/0.5.0-SNAPSHOT/hadoop-hdds-common-0.5.0-SNAPSHOT.jar:/home/user/.m2/repository/javax/annotation/javax.annotation-api/1.2/javax.annotation-api-1.2.jar:/home/user/.m2/repository/org/apache/ratis/ratis-server/0.4.0-78e95b9-SNAPSHOT/ratis-server-0.4.0-78e95b9-SNAPSHOT.jar:/home/user/.m2/repository/org/apache/ratis/ratis-thirdparty-misc/0.2.0/ratis-thirdparty-misc-0.2.0.jar:/home/user/.m2/repository/org/apache/ratis/ratis-proto/0.4.0-78e95b9-SNAPSHOT/ratis-proto-0.4.0-78e95b9-SNAPSHOT.jar:/home/user/.m2/repository/org/apache/ratis/ratis-common/0.4.0-78e95b9-SNAPSHOT/ratis-common-0.4.0-78e95b9-SNAPSHOT.jar:/home/user/.m2/repository/org/apache/ratis/ratis-client/0.4.0-78e95b9-SNAPSHOT/ratis-client-0.4.0-78e95b9-SNAPSHOT.jar:/home/user/.m2/repository/org/apache/ratis/ratis-metrics/0.4.0-78e95b9-SNAPSHOT/ratis-metrics-0.4.0-78e95b9-SNAPSHOT.jar:/home/user/.m2/repository/com/github/joshelser/dropwizard-metrics-hadoop-metrics2-reporter/0.1.2/dropwizard-metrics-hadoop-metrics2-reporter-0.1.2.jar:/home/user/.m2/repository/io/dropwizard/metrics/metrics-jvm/3.2.5/metrics-jvm-3.2.5.jar:/home/user/.m2/repository/io/dropwizard/metrics/metrics-ganglia/3.2.5/metrics-ganglia-3.2.5.jar:/home/user/.m2/repository/info/ganglia/gmetric4j/gmetric4j/1.0.7/gmetric4j-1.0.7.jar:/home/user/.m2/repository/org/apache/ratis/ratis-netty/0.4.0-78e95b9-SNAPSHOT/ratis-netty-0.4.0-78e95b9-SNAPSHOT.jar:/home/user/.m2/repository/org/apache/ratis/ratis-grpc/0.4.0-78e95b9-SNAPSHOT/ratis-grpc-0.4.0-78e95b9-SNAPSHOT.jar:/home/user/.m2/repository/org/rocksdb/rocksdbjni/6.0.1/rocksdbjni-6.0.1.jar:/home/user/.m2/repository/org/apache/logging/log4j/log4j-api/2.11.0/log4j-api-2.11.0.jar:/home/user/.m2/repository/org/apache/logging/log4j/log4j-core/2.11.0/log4j-core-2.11.0.jar:/home/user/.m2/repository/com/lmax/disruptor/3.4.2/disruptor-3.4.2.jar:/home/user/.m2/repository/org/apache/commons/commons-pool2/2.6.0/commons-pool2-2.6.0.jar:/home/user/.m2/repository/org/bouncycastle/bcpkix-jdk15on/1.60/bcpkix-jdk15on-1.60.jar:/home/user/.m2/repository/commons-validator/commons-validator/1.6/commons-validator-1.6.jar:/home/user/.m2/repository/commons-digester/commons-digester/1.8.1/commons-digester-1.8.1.jar:/home/user/.m2/repository/io/jaegertracing/jaeger-client/0.33.1/jaeger-client-0.33.1.jar:/home/user/.m2/repository/io/jaegertracing/jaeger-thrift/0.33.1/jaeger-thrift-0.33.1.jar:/home/user/.m2/repository/org/apache/thrift/libthrift/0.11.0/libthrift-0.11.0.jar:/home/user/.m2/repository/com/squareup/okhttp3/okhttp/3.9.0/okhttp-3.9.0.jar:/home/user/.m2/repository/com/squareup/okio/okio/1.13.0/okio-1.13.0.jar:/home/user/.m2/repository/io/jaegertracing/jaeger-core/0.33.1/jaeger-core-0.33.1.jar:/home/user/.m2/repository/io/jaegertracing/jaeger-tracerresolver/0.33.1/jaeger-tracerresolver-0.33.1.jar:/home/user/.m2/repository/io/opentracing/contrib/opentracing-tracerresolver/0.1.5/opentracing-tracerresolver-0.1.5.jar:/home/user/.m2/repository/io/opentracing/opentracing-util/0.31.0/opentracing-util-0.31.0.jar:/home/user/.m2/repository/io/opentracing/opentracing-api/0.31.0/opentracing-api-0.31.0.jar:/home/user/.m2/repository/io/opentracing/opentracing-noop/0.31.0/opentracing-noop-0.31.0.jar:/home/user/.m2/repository/org/apache/hadoop/hadoop-hdds-server-framework/0.5.0-SNAPSHOT/hadoop-hdds-server-framework-0.5.0-SNAPSHOT.jar:/home/user/.m2/repository/org/apache/hadoop/hadoop-hdds-container-service/0.5.0-SNAPSHOT/hadoop-hdds-container-service-0.5.0-SNAPSHOT.jar:/home/user/.m2/repository/org/apache/hadoop/hadoop-hdds-client/0.5.0-SNAPSHOT/hadoop-hdds-client-0.5.0-SNAPSHOT.jar:/home/user/.m2/repository/org/apache/hadoop/hadoop-hdds-tools/0.5.0-SNAPSHOT/hadoop-hdds-tools-0.5.0-SNAPSHOT.jar:/home/user/.m2/repository/org/apache/hadoop/hadoop-hdds-server-scm/0.5.0-SNAPSHOT/hadoop-hdds-server-scm-0.5.0-SNAPSHOT.jar:/home/user/.m2/repository/org/apache/hadoop/hadoop-hdds-docs/0.5.0-SNAPSHOT/hadoop-hdds-docs-0.5.0-SNAPSHOT.jar:/home/user/.m2/repository/io/dropwizard/metrics/metrics-core/3.2.4/metrics-core-3.2.4.jar:/home/user/.m2/repository/org/hamcrest/hamcrest-all/1.3/hamcrest-all-1.3.jar:/home/user/.m2/repository/org/bouncycastle/bcprov-jdk15on/1.60/bcprov-jdk15on-1.60.jar:/home/user/.m2/repository/info/picocli/picocli/3.9.6/picocli-3.9.6.jar:/home/user/.m2/repository/com/google/protobuf/protobuf-java/2.5.0/protobuf-java-2.5.0.jar:/home/user/.m2/repository/com/google/guava/guava/11.0.2/guava-11.0.2.jar:/home/user/.m2/repository/org/apache/hadoop/hadoop-ozone-ozone-manager/0.5.0-SNAPSHOT/hadoop-ozone-ozone-manager-0.5.0-SNAPSHOT.jar:/home/user/.m2/repository/org/apache/hadoop/hadoop-minikdc/3.2.0/hadoop-minikdc-3.2.0.jar:/home/user/.m2/repository/commons-io/commons-io/2.5/commons-io-2.5.jar:/home/user/.m2/repository/org/apache/kerby/kerb-simplekdc/1.0.1/kerb-simplekdc-1.0.1.jar:/home/user/.m2/repository/org/apache/kerby/kerb-client/1.0.1/kerb-client-1.0.1.jar:/home/user/.m2/repository/org/apache/kerby/kerby-config/1.0.1/kerby-config-1.0.1.jar:/home/user/.m2/repository/org/apache/kerby/kerb-core/1.0.1/kerb-core-1.0.1.jar:/home/user/.m2/repository/org/apache/kerby/kerby-pkix/1.0.1/kerby-pkix-1.0.1.jar:/home/user/.m2/repository/org/apache/kerby/kerby-asn1/1.0.1/kerby-asn1-1.0.1.jar:/home/user/.m2/repository/org/apache/kerby/kerby-util/1.0.1/kerby-util-1.0.1.jar:/home/user/.m2/repository/org/apache/kerby/kerb-common/1.0.1/kerb-common-1.0.1.jar:/home/user/.m2/repository/org/apache/kerby/kerb-crypto/1.0.1/kerb-crypto-1.0.1.jar:/home/user/.m2/repository/org/apache/kerby/kerb-util/1.0.1/kerb-util-1.0.1.jar:/home/user/.m2/repository/org/apache/kerby/token-provider/1.0.1/token-provider-1.0.1.jar:/home/user/.m2/repository/org/apache/kerby/kerb-admin/1.0.1/kerb-admin-1.0.1.jar:/home/user/.m2/repository/org/apache/kerby/kerb-server/1.0.1/kerb-server-1.0.1.jar:/home/user/.m2/repository/org/apache/kerby/kerb-identity/1.0.1/kerb-identity-1.0.1.jar:/home/user/.m2/repository/org/apache/kerby/kerby-xdr/1.0.1/kerby-xdr-1.0.1.jar:/home/user/.m2/repository/org/slf4j/slf4j-log4j12/1.7.25/slf4j-log4j12-1.7.25.jar:/home/user/.m2/repository/org/apache/hadoop/hadoop-ozone-s3gateway/0.5.0-SNAPSHOT/hadoop-ozone-s3gateway-0.5.0-SNAPSHOT.jar:/home/user/.m2/repository/org/jboss/weld/servlet/weld-servlet/2.4.7.Final/weld-servlet-2.4.7.Final.jar:/home/user/.m2/repository/org/glassfish/jersey/containers/jersey-container-servlet-core/2.27/jersey-container-servlet-core-2.27.jar:/home/user/.m2/repository/org/glassfish/hk2/external/javax.inject/2.5.0-b42/javax.inject-2.5.0-b42.jar:/home/user/.m2/repository/org/glassfish/jersey/core/jersey-common/2.27/jersey-common-2.27.jar:/home/user/.m2/repository/org/glassfish/hk2/osgi-resource-locator/1.0.1/osgi-resource-locator-1.0.1.jar:/home/user/.m2/repository/javax/ws/rs/javax.ws.rs-api/2.1/javax.ws.rs-api-2.1.jar:/home/user/.m2/repository/org/glassfish/jersey/ext/cdi/jersey-cdi1x/2.27/jersey-cdi1x-2.27.jar:/home/user/.m2/repository/org/glassfish/jersey/inject/jersey-hk2/2.27/jersey-hk2-2.27.jar:/home/user/.m2/repository/org/glassfish/hk2/hk2-locator/2.5.0-b42/hk2-locator-2.5.0-b42.jar:/home/user/.m2/repository/org/javassist/javassist/3.22.0-CR2/javassist-3.22.0-CR2.jar:/home/user/.m2/repository/org/glassfish/hk2/hk2-api/2.5.0/hk2-api-2.5.0.jar:/home/user/.m2/repository/org/glassfish/hk2/external/jakarta.inject/2.5.0/jakarta.inject-2.5.0.jar:/home/user/.m2/repository/org/glassfish/hk2/hk2-utils/2.5.0/hk2-utils-2.5.0.jar:/home/user/.m2/repository/jakarta/annotation/jakarta.annotation-api/1.3.4/jakarta.annotation-api-1.3.4.jar:/home/user/.m2/repository/org/glassfish/hk2/external/aopalliance-repackaged/2.5.0/aopalliance-repackaged-2.5.0.jar:/home/user/.m2/repository/com/fasterxml/jackson/dataformat/jackson-dataformat-xml/2.9.0/jackson-dataformat-xml-2.9.0.jar:/home/user/.m2/repository/com/fasterxml/jackson/core/jackson-core/2.9.5/jackson-core-2.9.5.jar:/home/user/.m2/repository/com/fasterxml/jackson/module/jackson-module-jaxb-annotations/2.9.5/jackson-module-jaxb-annotations-2.9.5.jar:/home/user/.m2/repository/javax/enterprise/cdi-api/1.2/cdi-api-1.2.jar:/home/user/.m2/repository/javax/el/javax.el-api/3.0.0/javax.el-api-3.0.0.jar:/home/user/.m2/repository/javax/interceptor/javax.interceptor-api/1.2/javax.interceptor-api-1.2.jar:/home/user/.m2/repository/javax/inject/javax.inject/1/javax.inject-1.jar:/home/user/.m2/repository/com/sun/xml/bind/jaxb-impl/2.3.0.1/jaxb-impl-2.3.0.1.jar:/home/user/.m2/repository/com/sun/xml/bind/jaxb-core/2.3.0.1/jaxb-core-2.3.0.1.jar:/home/user/.m2/repository/javax/xml/bind/jaxb-api/2.3.0/jaxb-api-2.3.0.jar:/home/user/.m2/repository/javax/activation/activation/1.1.1/activation-1.1.1.jar:/home/user/.m2/repository/org/apache/hadoop/hadoop-ozone-csi/0.5.0-SNAPSHOT/hadoop-ozone-csi-0.5.0-SNAPSHOT.jar:/home/user/.m2/repository/com/google/protobuf/protobuf-java-util/3.5.1/protobuf-java-util-3.5.1.jar:/home/user/.m2/repository/org/apache/hadoop/hadoop-hdds-config/0.5.0-SNAPSHOT/hadoop-hdds-config-0.5.0-SNAPSHOT.jar:/home/user/.m2/repository/io/grpc/grpc-netty/1.17.1/grpc-netty-1.17.1.jar:/home/user/.m2/repository/io/grpc/grpc-core/1.17.1/grpc-core-1.17.1.jar:/home/user/.m2/repository/io/grpc/grpc-context/1.17.1/grpc-context-1.17.1.jar:/home/user/.m2/repository/com/google/errorprone/error_prone_annotations/2.2.0/error_prone_annotations-2.2.0.jar:/home/user/.m2/repository/org/codehaus/mojo/animal-sniffer-annotations/1.17/animal-sniffer-annotations-1.17.jar:/home/user/.m2/repository/io/opencensus/opencensus-api/0.17.0/opencensus-api-0.17.0.jar:/home/user/.m2/repository/io/opencensus/opencensus-contrib-grpc-metrics/0.17.0/opencensus-contrib-grpc-metrics-0.17.0.jar:/home/user/.m2/repository/io/netty/netty-codec-http2/4.1.30.Final/netty-codec-http2-4.1.30.Final.jar:/home/user/.m2/repository/io/netty/netty-codec-http/4.1.30.Final/netty-codec-http-4.1.30.Final.jar:/home/user/.m2/repository/io/netty/netty-codec/4.1.30.Final/netty-codec-4.1.30.Final.jar:/home/user/.m2/repository/io/netty/netty-handler/4.1.30.Final/netty-handler-4.1.30.Final.jar:/home/user/.m2/repository/io/netty/netty-handler-proxy/4.1.30.Final/netty-handler-proxy-4.1.30.Final.jar:/home/user/.m2/repository/io/netty/netty-codec-socks/4.1.30.Final/netty-codec-socks-4.1.30.Final.jar:/home/user/.m2/repository/io/netty/netty-transport-native-epoll/4.1.30.Final/netty-transport-native-epoll-4.1.30.Final.jar:/home/user/.m2/repository/io/netty/netty-common/4.1.30.Final/netty-common-4.1.30.Final.jar:/home/user/.m2/repository/io/netty/netty-buffer/4.1.30.Final/netty-buffer-4.1.30.Final.jar:/home/user/.m2/repository/io/netty/netty-transport/4.1.30.Final/netty-transport-4.1.30.Final.jar:/home/user/.m2/repository/io/netty/netty-resolver/4.1.30.Final/netty-resolver-4.1.30.Final.jar:/home/user/.m2/repository/io/netty/netty-transport-native-unix-common/4.1.30.Final/netty-transport-native-unix-common-4.1.30.Final.jar:/home/user/.m2/repository/io/grpc/grpc-protobuf/1.17.1/grpc-protobuf-1.17.1.jar:/home/user/.m2/repository/com/google/api/grpc/proto-google-common-protos/1.0.0/proto-google-common-protos-1.0.0.jar:/home/user/.m2/repository/io/grpc/grpc-protobuf-lite/1.17.1/grpc-protobuf-lite-1.17.1.jar:/home/user/.m2/repository/io/grpc/grpc-stub/1.17.1/grpc-stub-1.17.1.jar:/home/user/.m2/repository/org/apache/hadoop/hadoop-ozone-recon/0.5.0-SNAPSHOT/hadoop-ozone-recon-0.5.0-SNAPSHOT.jar:/home/user/.m2/repository/org/apache/hadoop/hadoop-ozone-reconcodegen/0.5.0-SNAPSHOT/hadoop-ozone-reconcodegen-0.5.0-SNAPSHOT.jar:/home/user/.m2/repository/com/google/inject/extensions/guice-multibindings/4.0/guice-multibindings-4.0.jar:/home/user/.m2/repository/com/google/inject/guice/4.0/guice-4.0.jar:/home/user/.m2/repository/aopalliance/aopalliance/1.0/aopalliance-1.0.jar:/home/user/.m2/repository/com/google/inject/extensions/guice-servlet/4.0/guice-servlet-4.0.jar:/home/user/.m2/repository/org/glassfish/jersey/containers/jersey-container-servlet/2.27/jersey-container-servlet-2.27.jar:/home/user/.m2/repository/org/glassfish/hk2/guice-bridge/2.5.0/guice-bridge-2.5.0.jar:/home/user/.m2/repository/org/glassfish/jersey/core/jersey-server/2.27/jersey-server-2.27.jar:/home/user/.m2/repository/org/glassfish/jersey/core/jersey-client/2.27/jersey-client-2.27.jar:/home/user/.m2/repository/org/glassfish/jersey/media/jersey-media-jaxb/2.27/jersey-media-jaxb-2.27.jar:/home/user/.m2/repository/javax/validation/validation-api/1.1.0.Final/validation-api-1.1.0.Final.jar:/home/user/.m2/repository/org/glassfish/jersey/media/jersey-media-json-jackson/2.27/jersey-media-json-jackson-2.27.jar:/home/user/.m2/repository/org/glassfish/jersey/ext/jersey-entity-filtering/2.27/jersey-entity-filtering-2.27.jar:/home/user/.m2/repository/com/google/inject/extensions/guice-assistedinject/4.0/guice-assistedinject-4.0.jar:/home/user/.m2/repository/org/jooq/jooq/3.11.10/jooq-3.11.10.jar:/home/user/.m2/repository/org/jooq/jooq-meta/3.11.10/jooq-meta-3.11.10.jar:/home/user/.m2/repository/org/jooq/jooq-codegen/3.11.10/jooq-codegen-3.11.10.jar:/home/user/.m2/repository/com/jolbox/bonecp/0.8.0.RELEASE/bonecp-0.8.0.RELEASE.jar:/home/user/.m2/repository/org/xerial/sqlite-jdbc/3.25.2/sqlite-jdbc-3.25.2.jar:/home/user/.m2/repository/org/springframework/spring-jdbc/5.1.3.RELEASE/spring-jdbc-5.1.3.RELEASE.jar:/home/user/.m2/repository/org/springframework/spring-beans/5.1.3.RELEASE/spring-beans-5.1.3.RELEASE.jar:/home/user/.m2/repository/org/springframework/spring-core/5.1.3.RELEASE/spring-core-5.1.3.RELEASE.jar:/home/user/.m2/repository/org/springframework/spring-jcl/5.1.3.RELEASE/spring-jcl-5.1.3.RELEASE.jar:/home/user/.m2/repository/org/springframework/spring-tx/5.1.3.RELEASE/spring-tx-5.1.3.RELEASE.jar:/home/user/.m2/repository/org/apache/hadoop/hadoop-ozone-client/0.5.0-SNAPSHOT/hadoop-ozone-client-0.5.0-SNAPSHOT.jar:/home/user/.m2/repository/commons-lang/commons-lang/2.6/commons-lang-2.6.jar:/home/user/.m2/repository/org/apache/hadoop/hadoop-ozone-ozone-manager/0.5.0-SNAPSHOT/hadoop-ozone-ozone-manager-0.5.0-SNAPSHOT-tests.jar:/home/user/.m2/repository/junit/junit/4.11/junit-4.11.jar:/home/user/.m2/repository/org/hamcrest/hamcrest-core/1.3/hamcrest-core-1.3.jar:/home/user/.m2/repository/org/openjdk/jmh/jmh-core/1.19/jmh-core-1.19.jar:/home/user/.m2/repository/net/sf/jopt-simple/jopt-simple/4.6/jopt-simple-4.6.jar:/home/user/.m2/repository/org/apache/commons/commons-math3/3.1.1/commons-math3-3.1.1.jar:/home/user/.m2/repository/org/openjdk/jmh/jmh-generator-annprocess/1.19/jmh-generator-annprocess-1.19.jar:/home/user/.m2/repository/org/mockito/mockito-all/1.8.5/mockito-all-1.8.5.jar:/home/user/.m2/repository/org/apache/hadoop/hadoop-kms/3.2.0/hadoop-kms-3.2.0.jar:/home/user/.m2/repository/org/apache/hadoop/hadoop-auth/3.2.0/hadoop-auth-3.2.0.jar:/home/user/.m2/repository/com/nimbusds/nimbus-jose-jwt/4.41.1/nimbus-jose-jwt-4.41.1.jar:/home/user/.m2/repository/com/github/stephenc/jcip/jcip-annotations/1.0-1/jcip-annotations-1.0-1.jar:/home/user/.m2/repository/net/minidev/json-smart/2.3/json-smart-2.3.jar:/home/user/.m2/repository/net/minidev/accessors-smart/1.2/accessors-smart-1.2.jar:/home/user/.m2/repository/org/ow2/asm/asm/5.0.4/asm-5.0.4.jar:/home/user/.m2/repository/org/apache/curator/curator-framework/2.12.0/curator-framework-2.12.0.jar:/home/user/.m2/repository/com/sun/jersey/jersey-core/1.19/jersey-core-1.19.jar:/home/user/.m2/repository/javax/ws/rs/jsr311-api/1.1.1/jsr311-api-1.1.1.jar:/home/user/.m2/repository/com/sun/jersey/jersey-server/1.19/jersey-server-1.19.jar:/home/user/.m2/repository/javax/servlet/javax.servlet-api/3.1.0/javax.servlet-api-3.1.0.jar:/home/user/.m2/repository/org/eclipse/jetty/jetty-server/9.3.24.v20180605/jetty-server-9.3.24.v20180605.jar:/home/user/.m2/repository/org/eclipse/jetty/jetty-http/9.3.24.v20180605/jetty-http-9.3.24.v20180605.jar:/home/user/.m2/repository/org/eclipse/jetty/jetty-io/9.3.24.v20180605/jetty-io-9.3.24.v20180605.jar:/home/user/.m2/repository/org/eclipse/jetty/jetty-webapp/9.3.24.v20180605/jetty-webapp-9.3.24.v20180605.jar:/home/user/.m2/repository/org/eclipse/jetty/jetty-xml/9.3.24.v20180605/jetty-xml-9.3.24.v20180605.jar:/home/user/.m2/repository/log4j/log4j/1.2.17/log4j-1.2.17.jar:/home/user/.m2/repository/org/slf4j/slf4j-api/1.7.25/slf4j-api-1.7.25.jar:/home/user/.m2/repository/org/slf4j/jul-to-slf4j/1.7.25/jul-to-slf4j-1.7.25.jar:/home/user/.m2/repository/org/eclipse/jetty/jetty-util/9.3.24.v20180605/jetty-util-9.3.24.v20180605.jar:/home/user/.m2/repository/com/fasterxml/jackson/core/jackson-databind/2.9.5/jackson-databind-2.9.5.jar:/home/user/.m2/repository/org/apache/hadoop/hadoop-kms/3.2.0/hadoop-kms-3.2.0-tests.jar:/home/user/.m2/repository/org/apache/hadoop/hadoop-hdds-server-scm/0.5.0-SNAPSHOT/hadoop-hdds-server-scm-0.5.0-SNAPSHOT-tests.jar:/home/user/.m2/repository/org/apache/hadoop/hadoop-hdds-container-service/0.5.0-SNAPSHOT/hadoop-hdds-container-service-0.5.0-SNAPSHOT-tests.jar:/home/user/.m2/repository/org/yaml/snakeyaml/1.16/snakeyaml-1.16.jar:/home/user/.m2/repository/org/apache/hadoop/hadoop-common/3.2.0/hadoop-common-3.2.0-tests.jar:/home/user/.m2/repository/org/apache/hadoop/hadoop-annotations/3.2.0/hadoop-annotations-3.2.0.jar:/usr/lib/jvm/java-1.8-openjdk/jre/../lib/tools.jar:/home/user/.m2/repository/commons-cli/commons-cli/1.2/commons-cli-1.2.jar:/home/user/.m2/repository/org/apache/httpcomponents/httpclient/4.5.2/httpclient-4.5.2.jar:/home/user/.m2/repository/org/apache/httpcomponents/httpcore/4.4.4/httpcore-4.4.4.jar:/home/user/.m2/repository/commons-codec/commons-codec/1.11/commons-codec-1.11.jar:/home/user/.m2/repository/commons-net/commons-net/3.6/commons-net-3.6.jar:/home/user/.m2/repository/commons-collections/commons-collections/3.2.2/commons-collections-3.2.2.jar:/home/user/.m2/repository/org/eclipse/jetty/jetty-servlet/9.3.24.v20180605/jetty-servlet-9.3.24.v20180605.jar:/home/user/.m2/repository/org/eclipse/jetty/jetty-security/9.3.24.v20180605/jetty-security-9.3.24.v20180605.jar:/home/user/.m2/repository/javax/servlet/jsp/jsp-api/2.1/jsp-api-2.1.jar:/home/user/.m2/repository/com/sun/jersey/jersey-servlet/1.19/jersey-servlet-1.19.jar:/home/user/.m2/repository/com/sun/jersey/jersey-json/1.19/jersey-json-1.19.jar:/home/user/.m2/repository/org/codehaus/jettison/jettison/1.1/jettison-1.1.jar:/home/user/.m2/repository/org/codehaus/jackson/jackson-core-asl/1.9.13/jackson-core-asl-1.9.13.jar:/home/user/.m2/repository/org/codehaus/jackson/jackson-mapper-asl/1.9.13/jackson-mapper-asl-1.9.13.jar:/home/user/.m2/repository/org/codehaus/jackson/jackson-jaxrs/1.9.13/jackson-jaxrs-1.9.13.jar:/home/user/.m2/repository/org/codehaus/jackson/jackson-xc/1.9.13/jackson-xc-1.9.13.jar:/home/user/.m2/repository/commons-logging/commons-logging/1.1.3/commons-logging-1.1.3.jar:/home/user/.m2/repository/commons-beanutils/commons-beanutils/1.9.3/commons-beanutils-1.9.3.jar:/home/user/.m2/repository/org/apache/commons/commons-configuration2/2.1.1/commons-configuration2-2.1.1.jar:/home/user/.m2/repository/org/apache/commons/commons-lang3/3.7/commons-lang3-3.7.jar:/home/user/.m2/repository/org/apache/commons/commons-text/1.4/commons-text-1.4.jar:/home/user/.m2/repository/org/apache/avro/avro/1.7.7/avro-1.7.7.jar:/home/user/.m2/repository/com/thoughtworks/paranamer/paranamer/2.3/paranamer-2.3.jar:/home/user/.m2/repository/org/xerial/snappy/snappy-java/1.0.5/snappy-java-1.0.5.jar:/home/user/.m2/repository/com/google/re2j/re2j/1.1/re2j-1.1.jar:/home/user/.m2/repository/com/google/code/gson/gson/2.2.4/gson-2.2.4.jar:/home/user/.m2/repository/com/jcraft/jsch/0.1.54/jsch-0.1.54.jar:/home/user/.m2/repository/org/apache/curator/curator-client/2.12.0/curator-client-2.12.0.jar:/home/user/.m2/repository/org/apache/curator/curator-recipes/2.12.0/curator-recipes-2.12.0.jar:/home/user/.m2/repository/com/google/code/findbugs/jsr305/3.0.0/jsr305-3.0.0.jar:/home/user/.m2/repository/org/apache/htrace/htrace-core4/4.1.0-incubating/htrace-core4-4.1.0-incubating.jar:/home/user/.m2/repository/org/apache/zookeeper/zookeeper/3.4.13/zookeeper-3.4.13.jar:/home/user/.m2/repository/org/apache/yetus/audience-annotations/0.5.0/audience-annotations-0.5.0.jar:/home/user/.m2/repository/org/codehaus/woodstox/stax2-api/3.1.4/stax2-api-3.1.4.jar:/home/user/.m2/repository/com/fasterxml/woodstox/woodstox-core/5.0.3/woodstox-core-5.0.3.jar:/home/user/.m2/repository/dnsjava/dnsjava/2.1.7/dnsjava-2.1.7.jar:/home/user/.m2/repository/org/apache/hadoop/hadoop-hdfs/3.2.0/hadoop-hdfs-3.2.0-tests.jar:/home/user/.m2/repository/org/eclipse/jetty/jetty-util-ajax/9.3.24.v20180605/jetty-util-ajax-9.3.24.v20180605.jar:/home/user/.m2/repository/commons-daemon/commons-daemon/1.0.13/commons-daemon-1.0.13.jar:/home/user/.m2/repository/io/netty/netty/3.10.5.Final/netty-3.10.5.Final.jar:/home/user/.m2/repository/io/netty/netty-all/4.0.52.Final/netty-all-4.0.52.Final.jar:/home/user/.m2/repository/org/fusesource/leveldbjni/leveldbjni-all/1.8/leveldbjni-all-1.8.jar:"/>
    <property name="sun.cpu.endian" value="little"/>
    <property name="user.home" value="/home/user"/>
    <property name="user.language" value="en"/>
    <property name="java.specification.vendor" value="Oracle Corporation"/>
    <property name="java.home" value="/usr/lib/jvm/java-1.8-openjdk/jre"/>
    <property name="java.security.krb5.conf" value="/workdir/hadoop-ozone/integration-test/target/test-classes/krb5.conf"/>
    <property name="basedir" value="/workdir/hadoop-ozone/integration-test"/>
    <property name="file.separator" value="/"/>
    <property name="line.separator" value="&#10;"/>
    <property name="java.vm.specification.vendor" value="Oracle Corporation"/>
    <property name="java.specification.name" value="Java Platform API Specification"/>
    <property name="java.awt.graphicsenv" value="sun.awt.X11GraphicsEnvironment"/>
    <property name="surefire.real.class.path" value="/workdir/hadoop-ozone/integration-test/target/surefire/surefirebooter1400571715672274796.jar"/>
    <property name="hadoop.log.dir" value="/workdir/hadoop-ozone/integration-test/target/log"/>
    <property name="sun.boot.class.path" value="/usr/lib/jvm/java-1.8-openjdk/jre/lib/resources.jar:/usr/lib/jvm/java-1.8-openjdk/jre/lib/rt.jar:/usr/lib/jvm/java-1.8-openjdk/jre/lib/sunrsasign.jar:/usr/lib/jvm/java-1.8-openjdk/jre/lib/jsse.jar:/usr/lib/jvm/java-1.8-openjdk/jre/lib/jce.jar:/usr/lib/jvm/java-1.8-openjdk/jre/lib/charsets.jar:/usr/lib/jvm/java-1.8-openjdk/jre/lib/jfr.jar:/usr/lib/jvm/java-1.8-openjdk/jre/classes"/>
    <property name="sun.management.compiler" value="HotSpot 64-Bit Tiered Compilers"/>
    <property name="java.runtime.version" value="1.8.0_212-b04"/>
    <property name="java.net.preferIPv4Stack" value="true"/>
    <property name="user.name" value="jenkins1000"/>
    <property name="path.separator" value=":"/>
    <property name="java.security.egd" value="file:///dev/urandom"/>
    <property name="os.version" value="3.10.0-957.12.2.el7.x86_64"/>
    <property name="java.endorsed.dirs" value="/usr/lib/jvm/java-1.8-openjdk/jre/lib/endorsed"/>
    <property name="java.runtime.name" value="OpenJDK Runtime Environment"/>
    <property name="file.encoding" value="UTF-8"/>
    <property name="java.vm.name" value="OpenJDK 64-Bit Server VM"/>
    <property name="test.build.webapps" value=""/>
    <property name="localRepository" value="/home/user/.m2/repository"/>
    <property name="java.vendor.url.bug" value="https://icedtea.classpath.org/bugzilla"/>
    <property name="java.io.tmpdir" value="/tmp"/>
    <property name="require.test.libhadoop" value=""/>
    <property name="java.version" value="1.8.0_212"/>
    <property name="user.dir" value="/workdir/hadoop-ozone/integration-test"/>
    <property name="os.arch" value="amd64"/>
    <property name="java.vm.specification.name" value="Java Virtual Machine Specification"/>
    <property name="test.build.classes" value="/workdir/hadoop-ozone/integration-test/target/test-classes"/>
    <property name="java.awt.printerjob" value="sun.print.PSPrinterJob"/>
    <property name="sun.os.patch.level" value="unknown"/>
    <property name="hadoop.tmp.dir" value="/workdir/hadoop-ozone/integration-test/target/tmp"/>
    <property name="java.library.path" value="/usr/lib/jvm/java-1.8-openjdk/jre/lib/amd64/server:/usr/lib/jvm/java-1.8-openjdk/jre/lib/amd64:/usr/lib/jvm/java-1.8-openjdk/jre/../lib/amd64:/workdir/hadoop-ozone/integration-test/target/native/target/usr/local/lib:/workdir/hadoop-ozone/integration-test/../../hadoop-common-project/hadoop-common/target/native/target/usr/local/lib:/usr/java/packages/lib/amd64:/usr/lib64:/lib64:/lib:/usr/lib"/>
    <property name="java.vm.info" value="mixed mode"/>
    <property name="java.vendor" value="IcedTea"/>
    <property name="java.vm.version" value="25.212-b04"/>
    <property name="java.ext.dirs" value="/usr/lib/jvm/java-1.8-openjdk/jre/lib/ext:/usr/java/packages/lib/ext"/>
    <property name="sun.io.unicode.encoding" value="UnicodeLittle"/>
    <property name="java.class.version" value="52.0"/>
  </properties>
  <testcase name="testFlushChunk" classname="org.apache.hadoop.ozone.client.rpc.TestBlockOutputStream" time="5.349"/>
  <testcase name="testMultiChunkWrite2" classname="org.apache.hadoop.ozone.client.rpc.TestBlockOutputStream" time="187.735">
    <failure message="expected:&lt;5&gt; but was:&lt;8&gt;" type="java.lang.AssertionError"><![CDATA[java.lang.AssertionError: expected:<5> but was:<8>
	at org.junit.Assert.fail(Assert.java:88)
	at org.junit.Assert.failNotEquals(Assert.java:743)
	at org.junit.Assert.assertEquals(Assert.java:118)
	at org.junit.Assert.assertEquals(Assert.java:555)
	at org.junit.Assert.assertEquals(Assert.java:542)
	at org.apache.hadoop.ozone.client.rpc.TestBlockOutputStream.testMultiChunkWrite2(TestBlockOutputStream.java:466)
	at sun.reflect.NativeMethodAccessorImpl.invoke0(Native Method)
	at sun.reflect.NativeMethodAccessorImpl.invoke(NativeMethodAccessorImpl.java:62)
	at sun.reflect.DelegatingMethodAccessorImpl.invoke(DelegatingMethodAccessorImpl.java:43)
	at java.lang.reflect.Method.invoke(Method.java:498)
	at org.junit.runners.model.FrameworkMethod$1.runReflectiveCall(FrameworkMethod.java:47)
	at org.junit.internal.runners.model.ReflectiveCallable.run(ReflectiveCallable.java:12)
	at org.junit.runners.model.FrameworkMethod.invokeExplosively(FrameworkMethod.java:44)
	at org.junit.internal.runners.statements.InvokeMethod.evaluate(InvokeMethod.java:17)
	at org.junit.runners.ParentRunner.runLeaf(ParentRunner.java:271)
	at org.junit.runners.BlockJUnit4ClassRunner.runChild(BlockJUnit4ClassRunner.java:70)
	at org.junit.runners.BlockJUnit4ClassRunner.runChild(BlockJUnit4ClassRunner.java:50)
	at org.junit.runners.ParentRunner$3.run(ParentRunner.java:238)
	at org.junit.runners.ParentRunner$1.schedule(ParentRunner.java:63)
	at org.junit.runners.ParentRunner.runChildren(ParentRunner.java:236)
	at org.junit.runners.ParentRunner.access$000(ParentRunner.java:53)
	at org.junit.runners.ParentRunner$2.evaluate(ParentRunner.java:229)
	at org.junit.internal.runners.statements.RunBefores.evaluate(RunBefores.java:26)
	at org.junit.internal.runners.statements.RunAfters.evaluate(RunAfters.java:27)
	at org.junit.runners.ParentRunner.run(ParentRunner.java:309)
	at org.apache.maven.surefire.junit4.JUnit4Provider.execute(JUnit4Provider.java:365)
	at org.apache.maven.surefire.junit4.JUnit4Provider.executeWithRerun(JUnit4Provider.java:273)
	at org.apache.maven.surefire.junit4.JUnit4Provider.executeTestSet(JUnit4Provider.java:238)
	at org.apache.maven.surefire.junit4.JUnit4Provider.invoke(JUnit4Provider.java:159)
	at org.apache.maven.surefire.booter.ForkedBooter.invokeProviderInSameClassLoader(ForkedBooter.java:384)
	at org.apache.maven.surefire.booter.ForkedBooter.runSuitesInProcess(ForkedBooter.java:345)
	at org.apache.maven.surefire.booter.ForkedBooter.execute(ForkedBooter.java:126)
	at org.apache.maven.surefire.booter.ForkedBooter.main(ForkedBooter.java:418)
]]></failure>
    <system-out><![CDATA[2019-09-12 14:24:22,416 [java.util.concurrent.ThreadPoolExecutor$Worker@328bc467[State = -1, empty queue]] WARN  server.GrpcLogAppender (GrpcLogAppender.java:timeoutAppendRequest(200)) - a3deabaa-6f33-4549-9afe-d811f1beb6dc@group-947CD9AE92AF->e2538fa5-58a8-4aba-9576-486ea31efcb2-GrpcLogAppender: appendEntries Timeout, request=a3deabaa-6f33-4549-9afe-d811f1beb6dc->e2538fa5-58a8-4aba-9576-486ea31efcb2#8-t1, previous=(t:1, i:6), leaderCommit=6, initializing? false, entries: size=1, first=(t:1, i:7), STATEMACHINELOGENTRY, client-54609732956C, cid=16
2019-09-12 14:24:22,416 [java.util.concurrent.ThreadPoolExecutor$Worker@7fbf0c72[State = -1, empty queue]] WARN  server.GrpcLogAppender (GrpcLogAppender.java:timeoutAppendRequest(200)) - a3deabaa-6f33-4549-9afe-d811f1beb6dc@group-947CD9AE92AF->c26651e2-a96c-4010-919f-87a827874a5b-GrpcLogAppender: appendEntries Timeout, request=a3deabaa-6f33-4549-9afe-d811f1beb6dc->c26651e2-a96c-4010-919f-87a827874a5b#8-t1, previous=(t:1, i:6), leaderCommit=6, initializing? false, entries: size=1, first=(t:1, i:7), STATEMACHINELOGENTRY, client-54609732956C, cid=16
2019-09-12 14:24:22,420 [java.util.concurrent.ThreadPoolExecutor$Worker@328bc467[State = -1, empty queue]] WARN  server.GrpcLogAppender (GrpcLogAppender.java:timeoutAppendRequest(200)) - a3deabaa-6f33-4549-9afe-d811f1beb6dc@group-947CD9AE92AF->e2538fa5-58a8-4aba-9576-486ea31efcb2-GrpcLogAppender: appendEntries Timeout, request=a3deabaa-6f33-4549-9afe-d811f1beb6dc->e2538fa5-58a8-4aba-9576-486ea31efcb2#9-t1, previous=(t:1, i:7), leaderCommit=6, initializing? false, entries: size=1, first=(t:1, i:8), STATEMACHINELOGENTRY, client-54609732956C, cid=17
2019-09-12 14:24:22,422 [java.util.concurrent.ThreadPoolExecutor$Worker@7fbf0c72[State = -1, empty queue]] WARN  server.GrpcLogAppender (GrpcLogAppender.java:timeoutAppendRequest(200)) - a3deabaa-6f33-4549-9afe-d811f1beb6dc@group-947CD9AE92AF->c26651e2-a96c-4010-919f-87a827874a5b-GrpcLogAppender: appendEntries Timeout, request=a3deabaa-6f33-4549-9afe-d811f1beb6dc->c26651e2-a96c-4010-919f-87a827874a5b#9-t1, previous=(t:1, i:7), leaderCommit=6, initializing? false, entries: size=1, first=(t:1, i:8), STATEMACHINELOGENTRY, client-54609732956C, cid=17
2019-09-12 14:24:22,424 [java.util.concurrent.ThreadPoolExecutor$Worker@328bc467[State = -1, empty queue]] WARN  server.GrpcLogAppender (GrpcLogAppender.java:timeoutAppendRequest(200)) - a3deabaa-6f33-4549-9afe-d811f1beb6dc@group-947CD9AE92AF->e2538fa5-58a8-4aba-9576-486ea31efcb2-GrpcLogAppender: appendEntries Timeout, request=a3deabaa-6f33-4549-9afe-d811f1beb6dc->e2538fa5-58a8-4aba-9576-486ea31efcb2#10-t1, previous=(t:1, i:8), leaderCommit=6, initializing? false, entries: size=1, first=(t:1, i:9), STATEMACHINELOGENTRY, client-54609732956C, cid=18
2019-09-12 14:24:22,426 [java.util.concurrent.ThreadPoolExecutor$Worker@7fbf0c72[State = -1, empty queue]] WARN  server.GrpcLogAppender (GrpcLogAppender.java:timeoutAppendRequest(200)) - a3deabaa-6f33-4549-9afe-d811f1beb6dc@group-947CD9AE92AF->c26651e2-a96c-4010-919f-87a827874a5b-GrpcLogAppender: appendEntries Timeout, request=a3deabaa-6f33-4549-9afe-d811f1beb6dc->c26651e2-a96c-4010-919f-87a827874a5b#10-t1, previous=(t:1, i:8), leaderCommit=6, initializing? false, entries: size=1, first=(t:1, i:9), STATEMACHINELOGENTRY, client-54609732956C, cid=18
2019-09-12 14:24:22,428 [java.util.concurrent.ThreadPoolExecutor$Worker@328bc467[State = -1, empty queue]] WARN  server.GrpcLogAppender (GrpcLogAppender.java:timeoutAppendRequest(200)) - a3deabaa-6f33-4549-9afe-d811f1beb6dc@group-947CD9AE92AF->e2538fa5-58a8-4aba-9576-486ea31efcb2-GrpcLogAppender: appendEntries Timeout, request=a3deabaa-6f33-4549-9afe-d811f1beb6dc->e2538fa5-58a8-4aba-9576-486ea31efcb2#11-t1, previous=(t:1, i:9), leaderCommit=6, initializing? false, entries: size=1, first=(t:1, i:10), STATEMACHINELOGENTRY, client-54609732956C, cid=19
2019-09-12 14:24:22,431 [java.util.concurrent.ThreadPoolExecutor$Worker@7fbf0c72[State = -1, empty queue]] WARN  server.GrpcLogAppender (GrpcLogAppender.java:timeoutAppendRequest(200)) - a3deabaa-6f33-4549-9afe-d811f1beb6dc@group-947CD9AE92AF->c26651e2-a96c-4010-919f-87a827874a5b-GrpcLogAppender: appendEntries Timeout, request=a3deabaa-6f33-4549-9afe-d811f1beb6dc->c26651e2-a96c-4010-919f-87a827874a5b#11-t1, previous=(t:1, i:9), leaderCommit=6, initializing? false, entries: size=1, first=(t:1, i:10), STATEMACHINELOGENTRY, client-54609732956C, cid=19
2019-09-12 14:24:22,433 [java.util.concurrent.ThreadPoolExecutor$Worker@328bc467[State = -1, empty queue]] WARN  server.GrpcLogAppender (GrpcLogAppender.java:timeoutAppendRequest(200)) - a3deabaa-6f33-4549-9afe-d811f1beb6dc@group-947CD9AE92AF->e2538fa5-58a8-4aba-9576-486ea31efcb2-GrpcLogAppender: appendEntries Timeout, request=a3deabaa-6f33-4549-9afe-d811f1beb6dc->e2538fa5-58a8-4aba-9576-486ea31efcb2#12-t1, previous=(t:1, i:10), leaderCommit=6, initializing? false, entries: size=1, first=(t:1, i:11), STATEMACHINELOGENTRY, client-54609732956C, cid=20
2019-09-12 14:24:22,435 [java.util.concurrent.ThreadPoolExecutor$Worker@7fbf0c72[State = -1, empty queue]] WARN  server.GrpcLogAppender (GrpcLogAppender.java:timeoutAppendRequest(200)) - a3deabaa-6f33-4549-9afe-d811f1beb6dc@group-947CD9AE92AF->c26651e2-a96c-4010-919f-87a827874a5b-GrpcLogAppender: appendEntries Timeout, request=a3deabaa-6f33-4549-9afe-d811f1beb6dc->c26651e2-a96c-4010-919f-87a827874a5b#12-t1, previous=(t:1, i:10), leaderCommit=6, initializing? false, entries: size=1, first=(t:1, i:11), STATEMACHINELOGENTRY, client-54609732956C, cid=20
2019-09-12 14:24:24,496 [grpc-default-executor-2] INFO  client.GrpcClientProtocolClient (GrpcClientProtocolClient.java:onNext(264)) - client-54609732956C->e2538fa5-58a8-4aba-9576-486ea31efcb2: receive RaftClientReply:client-54609732956C->e2538fa5-58a8-4aba-9576-486ea31efcb2@group-947CD9AE92AF, cid=16, FAILED org.apache.ratis.protocol.NotLeaderException: Server e2538fa5-58a8-4aba-9576-486ea31efcb2@group-947CD9AE92AF is not the leader a3deabaa-6f33-4549-9afe-d811f1beb6dc:192.168.5.171:38678, logIndex=0, commits[e2538fa5-58a8-4aba-9576-486ea31efcb2:c6, a3deabaa-6f33-4549-9afe-d811f1beb6dc:c6, c26651e2-a96c-4010-919f-87a827874a5b:c4]
2019-09-12 14:24:24,919 [java.util.concurrent.ThreadPoolExecutor$Worker@7fbf0c72[State = -1, empty queue]] WARN  server.GrpcLogAppender (GrpcLogAppender.java:timeoutAppendRequest(200)) - a3deabaa-6f33-4549-9afe-d811f1beb6dc@group-947CD9AE92AF->c26651e2-a96c-4010-919f-87a827874a5b-GrpcLogAppender: appendEntries Timeout, request=a3deabaa-6f33-4549-9afe-d811f1beb6dc->c26651e2-a96c-4010-919f-87a827874a5b#13-t1, previous=(t:1, i:11), leaderCommit=6, initializing? false, entries: <empty>
2019-09-12 14:24:24,925 [java.util.concurrent.ThreadPoolExecutor$Worker@328bc467[State = -1, empty queue]] WARN  server.GrpcLogAppender (GrpcLogAppender.java:timeoutAppendRequest(200)) - a3deabaa-6f33-4549-9afe-d811f1beb6dc@group-947CD9AE92AF->e2538fa5-58a8-4aba-9576-486ea31efcb2-GrpcLogAppender: appendEntries Timeout, request=a3deabaa-6f33-4549-9afe-d811f1beb6dc->e2538fa5-58a8-4aba-9576-486ea31efcb2#13-t1, previous=(t:1, i:11), leaderCommit=6, initializing? false, entries: <empty>
2019-09-12 14:24:27,420 [java.util.concurrent.ThreadPoolExecutor$Worker@7fbf0c72[State = -1, empty queue]] WARN  server.GrpcLogAppender (GrpcLogAppender.java:timeoutAppendRequest(200)) - a3deabaa-6f33-4549-9afe-d811f1beb6dc@group-947CD9AE92AF->c26651e2-a96c-4010-919f-87a827874a5b-GrpcLogAppender: appendEntries Timeout, request=a3deabaa-6f33-4549-9afe-d811f1beb6dc->c26651e2-a96c-4010-919f-87a827874a5b#14-t1, previous=(t:1, i:11), leaderCommit=6, initializing? false, entries: <empty>
2019-09-12 14:24:27,420 [java.util.concurrent.ThreadPoolExecutor$Worker@328bc467[State = -1, empty queue]] WARN  server.GrpcLogAppender (GrpcLogAppender.java:timeoutAppendRequest(200)) - a3deabaa-6f33-4549-9afe-d811f1beb6dc@group-947CD9AE92AF->e2538fa5-58a8-4aba-9576-486ea31efcb2-GrpcLogAppender: appendEntries Timeout, request=a3deabaa-6f33-4549-9afe-d811f1beb6dc->e2538fa5-58a8-4aba-9576-486ea31efcb2#14-t1, previous=(t:1, i:11), leaderCommit=6, initializing? false, entries: <empty>
2019-09-12 14:24:29,561 [grpc-default-executor-2] INFO  client.GrpcClientProtocolClient (GrpcClientProtocolClient.java:onNext(264)) - client-54609732956C->e2538fa5-58a8-4aba-9576-486ea31efcb2: receive RaftClientReply:client-54609732956C->e2538fa5-58a8-4aba-9576-486ea31efcb2@group-947CD9AE92AF, cid=16, FAILED org.apache.ratis.protocol.NotLeaderException: Server e2538fa5-58a8-4aba-9576-486ea31efcb2@group-947CD9AE92AF is not the leader a3deabaa-6f33-4549-9afe-d811f1beb6dc:192.168.5.171:38678, logIndex=0, commits[e2538fa5-58a8-4aba-9576-486ea31efcb2:c6, a3deabaa-6f33-4549-9afe-d811f1beb6dc:c6, c26651e2-a96c-4010-919f-87a827874a5b:c4]
2019-09-12 14:24:29,582 [e2538fa5-58a8-4aba-9576-486ea31efcb2@group-947CD9AE92AF-SegmentedRaftLogWorker] WARN  segmented.SegmentedRaftLogWorker (SegmentedRaftLogWorker.java:getFromFuture(90)) - Timeout 0/~
org.apache.ratis.protocol.TimeoutIOException: Timeout 10s: WriteLog:8: (t:1, i:8), STATEMACHINELOGENTRY, client-54609732956C, cid=17-writeStateMachineData
	at org.apache.ratis.util.IOUtils.getFromFuture(IOUtils.java:87)
	at org.apache.ratis.server.raftlog.segmented.SegmentedRaftLogWorker$StateMachineDataPolicy.getFromFuture(SegmentedRaftLogWorker.java:87)
	at org.apache.ratis.server.raftlog.segmented.SegmentedRaftLogWorker$WriteLog.execute(SegmentedRaftLogWorker.java:477)
	at org.apache.ratis.server.raftlog.segmented.SegmentedRaftLogWorker.run(SegmentedRaftLogWorker.java:289)
	at java.lang.Thread.run(Thread.java:748)
Caused by: java.util.concurrent.TimeoutException
	at java.util.concurrent.CompletableFuture.timedGet(CompletableFuture.java:1771)
	at java.util.concurrent.CompletableFuture.get(CompletableFuture.java:1915)
	at org.apache.ratis.util.IOUtils.getFromFuture(IOUtils.java:79)
	... 4 more
2019-09-12 14:24:29,582 [c26651e2-a96c-4010-919f-87a827874a5b@group-947CD9AE92AF-SegmentedRaftLogWorker] WARN  segmented.SegmentedRaftLogWorker (SegmentedRaftLogWorker.java:getFromFuture(90)) - Timeout 0/~
org.apache.ratis.protocol.TimeoutIOException: Timeout 10s: WriteLog:8: (t:1, i:8), STATEMACHINELOGENTRY, client-54609732956C, cid=17-writeStateMachineData
	at org.apache.ratis.util.IOUtils.getFromFuture(IOUtils.java:87)
	at org.apache.ratis.server.raftlog.segmented.SegmentedRaftLogWorker$StateMachineDataPolicy.getFromFuture(SegmentedRaftLogWorker.java:87)
	at org.apache.ratis.server.raftlog.segmented.SegmentedRaftLogWorker$WriteLog.execute(SegmentedRaftLogWorker.java:477)
	at org.apache.ratis.server.raftlog.segmented.SegmentedRaftLogWorker.run(SegmentedRaftLogWorker.java:289)
	at java.lang.Thread.run(Thread.java:748)
Caused by: java.util.concurrent.TimeoutException
	at java.util.concurrent.CompletableFuture.timedGet(CompletableFuture.java:1771)
	at java.util.concurrent.CompletableFuture.get(CompletableFuture.java:1915)
	at org.apache.ratis.util.IOUtils.getFromFuture(IOUtils.java:79)
	... 4 more
2019-09-12 14:24:29,582 [a3deabaa-6f33-4549-9afe-d811f1beb6dc@group-947CD9AE92AF-SegmentedRaftLogWorker] WARN  segmented.SegmentedRaftLogWorker (SegmentedRaftLogWorker.java:getFromFuture(90)) - Timeout 0/~
org.apache.ratis.protocol.TimeoutIOException: Timeout 10s: WriteLog:8: (t:1, i:8), STATEMACHINELOGENTRY, client-54609732956C, cid=17-writeStateMachineData
	at org.apache.ratis.util.IOUtils.getFromFuture(IOUtils.java:87)
	at org.apache.ratis.server.raftlog.segmented.SegmentedRaftLogWorker$StateMachineDataPolicy.getFromFuture(SegmentedRaftLogWorker.java:87)
	at org.apache.ratis.server.raftlog.segmented.SegmentedRaftLogWorker$WriteLog.execute(SegmentedRaftLogWorker.java:477)
	at org.apache.ratis.server.raftlog.segmented.SegmentedRaftLogWorker.run(SegmentedRaftLogWorker.java:289)
	at java.lang.Thread.run(Thread.java:748)
Caused by: java.util.concurrent.TimeoutException
	at java.util.concurrent.CompletableFuture.timedGet(CompletableFuture.java:1771)
	at java.util.concurrent.CompletableFuture.get(CompletableFuture.java:1915)
	at org.apache.ratis.util.IOUtils.getFromFuture(IOUtils.java:79)
	... 4 more
2019-09-12 14:24:29,921 [java.util.concurrent.ThreadPoolExecutor$Worker@7fbf0c72[State = -1, empty queue]] WARN  server.GrpcLogAppender (GrpcLogAppender.java:timeoutAppendRequest(200)) - a3deabaa-6f33-4549-9afe-d811f1beb6dc@group-947CD9AE92AF->c26651e2-a96c-4010-919f-87a827874a5b-GrpcLogAppender: appendEntries Timeout, request=a3deabaa-6f33-4549-9afe-d811f1beb6dc->c26651e2-a96c-4010-919f-87a827874a5b#15-t1, previous=(t:1, i:11), leaderCommit=6, initializing? false, entries: <empty>
2019-09-12 14:24:29,921 [java.util.concurrent.ThreadPoolExecutor$Worker@328bc467[State = -1, empty queue]] WARN  server.GrpcLogAppender (GrpcLogAppender.java:timeoutAppendRequest(200)) - a3deabaa-6f33-4549-9afe-d811f1beb6dc@group-947CD9AE92AF->e2538fa5-58a8-4aba-9576-486ea31efcb2-GrpcLogAppender: appendEntries Timeout, request=a3deabaa-6f33-4549-9afe-d811f1beb6dc->e2538fa5-58a8-4aba-9576-486ea31efcb2#15-t1, previous=(t:1, i:11), leaderCommit=6, initializing? false, entries: <empty>
2019-09-12 14:24:32,422 [java.util.concurrent.ThreadPoolExecutor$Worker@7fbf0c72[State = -1, empty queue]] WARN  server.GrpcLogAppender (GrpcLogAppender.java:timeoutAppendRequest(200)) - a3deabaa-6f33-4549-9afe-d811f1beb6dc@group-947CD9AE92AF->c26651e2-a96c-4010-919f-87a827874a5b-GrpcLogAppender: appendEntries Timeout, request=a3deabaa-6f33-4549-9afe-d811f1beb6dc->c26651e2-a96c-4010-919f-87a827874a5b#16-t1, previous=(t:1, i:11), leaderCommit=6, initializing? false, entries: <empty>
2019-09-12 14:24:32,422 [java.util.concurrent.ThreadPoolExecutor$Worker@328bc467[State = -1, empty queue]] WARN  server.GrpcLogAppender (GrpcLogAppender.java:timeoutAppendRequest(200)) - a3deabaa-6f33-4549-9afe-d811f1beb6dc@group-947CD9AE92AF->e2538fa5-58a8-4aba-9576-486ea31efcb2-GrpcLogAppender: appendEntries Timeout, request=a3deabaa-6f33-4549-9afe-d811f1beb6dc->e2538fa5-58a8-4aba-9576-486ea31efcb2#16-t1, previous=(t:1, i:11), leaderCommit=6, initializing? false, entries: <empty>
2019-09-12 14:24:34,630 [grpc-default-executor-2] INFO  client.GrpcClientProtocolClient (GrpcClientProtocolClient.java:onNext(264)) - client-54609732956C->e2538fa5-58a8-4aba-9576-486ea31efcb2: receive RaftClientReply:client-54609732956C->e2538fa5-58a8-4aba-9576-486ea31efcb2@group-947CD9AE92AF, cid=16, FAILED org.apache.ratis.protocol.NotLeaderException: Server e2538fa5-58a8-4aba-9576-486ea31efcb2@group-947CD9AE92AF is not the leader a3deabaa-6f33-4549-9afe-d811f1beb6dc:192.168.5.171:38678, logIndex=0, commits[e2538fa5-58a8-4aba-9576-486ea31efcb2:c6, a3deabaa-6f33-4549-9afe-d811f1beb6dc:c6, c26651e2-a96c-4010-919f-87a827874a5b:c4]
2019-09-12 14:24:34,924 [java.util.concurrent.ThreadPoolExecutor$Worker@7fbf0c72[State = -1, empty queue]] WARN  server.GrpcLogAppender (GrpcLogAppender.java:timeoutAppendRequest(200)) - a3deabaa-6f33-4549-9afe-d811f1beb6dc@group-947CD9AE92AF->c26651e2-a96c-4010-919f-87a827874a5b-GrpcLogAppender: appendEntries Timeout, request=a3deabaa-6f33-4549-9afe-d811f1beb6dc->c26651e2-a96c-4010-919f-87a827874a5b#17-t1, previous=(t:1, i:11), leaderCommit=6, initializing? false, entries: <empty>
2019-09-12 14:24:34,924 [java.util.concurrent.ThreadPoolExecutor$Worker@328bc467[State = -1, empty queue]] WARN  server.GrpcLogAppender (GrpcLogAppender.java:timeoutAppendRequest(200)) - a3deabaa-6f33-4549-9afe-d811f1beb6dc@group-947CD9AE92AF->e2538fa5-58a8-4aba-9576-486ea31efcb2-GrpcLogAppender: appendEntries Timeout, request=a3deabaa-6f33-4549-9afe-d811f1beb6dc->e2538fa5-58a8-4aba-9576-486ea31efcb2#17-t1, previous=(t:1, i:11), leaderCommit=6, initializing? false, entries: <empty>
2019-09-12 14:24:37,424 [java.util.concurrent.ThreadPoolExecutor$Worker@7fbf0c72[State = -1, empty queue]] WARN  server.GrpcLogAppender (GrpcLogAppender.java:timeoutAppendRequest(200)) - a3deabaa-6f33-4549-9afe-d811f1beb6dc@group-947CD9AE92AF->c26651e2-a96c-4010-919f-87a827874a5b-GrpcLogAppender: appendEntries Timeout, request=a3deabaa-6f33-4549-9afe-d811f1beb6dc->c26651e2-a96c-4010-919f-87a827874a5b#18-t1, previous=(t:1, i:11), leaderCommit=6, initializing? false, entries: <empty>
2019-09-12 14:24:37,424 [java.util.concurrent.ThreadPoolExecutor$Worker@328bc467[State = -1, empty queue]] WARN  server.GrpcLogAppender (GrpcLogAppender.java:timeoutAppendRequest(200)) - a3deabaa-6f33-4549-9afe-d811f1beb6dc@group-947CD9AE92AF->e2538fa5-58a8-4aba-9576-486ea31efcb2-GrpcLogAppender: appendEntries Timeout, request=a3deabaa-6f33-4549-9afe-d811f1beb6dc->e2538fa5-58a8-4aba-9576-486ea31efcb2#18-t1, previous=(t:1, i:11), leaderCommit=6, initializing? false, entries: <empty>
2019-09-12 14:24:39,584 [e2538fa5-58a8-4aba-9576-486ea31efcb2@group-947CD9AE92AF-SegmentedRaftLogWorker] WARN  segmented.SegmentedRaftLogWorker (SegmentedRaftLogWorker.java:getFromFuture(90)) - Timeout 1/~
org.apache.ratis.protocol.TimeoutIOException: Timeout 10s: WriteLog:8: (t:1, i:8), STATEMACHINELOGENTRY, client-54609732956C, cid=17-writeStateMachineData
	at org.apache.ratis.util.IOUtils.getFromFuture(IOUtils.java:87)
	at org.apache.ratis.server.raftlog.segmented.SegmentedRaftLogWorker$StateMachineDataPolicy.getFromFuture(SegmentedRaftLogWorker.java:87)
	at org.apache.ratis.server.raftlog.segmented.SegmentedRaftLogWorker$WriteLog.execute(SegmentedRaftLogWorker.java:477)
	at org.apache.ratis.server.raftlog.segmented.SegmentedRaftLogWorker.run(SegmentedRaftLogWorker.java:289)
	at java.lang.Thread.run(Thread.java:748)
Caused by: java.util.concurrent.TimeoutException
	at java.util.concurrent.CompletableFuture.timedGet(CompletableFuture.java:1771)
	at java.util.concurrent.CompletableFuture.get(CompletableFuture.java:1915)
	at org.apache.ratis.util.IOUtils.getFromFuture(IOUtils.java:79)
	... 4 more
2019-09-12 14:24:39,586 [c26651e2-a96c-4010-919f-87a827874a5b@group-947CD9AE92AF-SegmentedRaftLogWorker] WARN  segmented.SegmentedRaftLogWorker (SegmentedRaftLogWorker.java:getFromFuture(90)) - Timeout 1/~
org.apache.ratis.protocol.TimeoutIOException: Timeout 10s: WriteLog:8: (t:1, i:8), STATEMACHINELOGENTRY, client-54609732956C, cid=17-writeStateMachineData
	at org.apache.ratis.util.IOUtils.getFromFuture(IOUtils.java:87)
	at org.apache.ratis.server.raftlog.segmented.SegmentedRaftLogWorker$StateMachineDataPolicy.getFromFuture(SegmentedRaftLogWorker.java:87)
	at org.apache.ratis.server.raftlog.segmented.SegmentedRaftLogWorker$WriteLog.execute(SegmentedRaftLogWorker.java:477)
	at org.apache.ratis.server.raftlog.segmented.SegmentedRaftLogWorker.run(SegmentedRaftLogWorker.java:289)
	at java.lang.Thread.run(Thread.java:748)
Caused by: java.util.concurrent.TimeoutException
	at java.util.concurrent.CompletableFuture.timedGet(CompletableFuture.java:1771)
	at java.util.concurrent.CompletableFuture.get(CompletableFuture.java:1915)
	at org.apache.ratis.util.IOUtils.getFromFuture(IOUtils.java:79)
	... 4 more
2019-09-12 14:24:39,586 [a3deabaa-6f33-4549-9afe-d811f1beb6dc@group-947CD9AE92AF-SegmentedRaftLogWorker] WARN  segmented.SegmentedRaftLogWorker (SegmentedRaftLogWorker.java:getFromFuture(90)) - Timeout 1/~
org.apache.ratis.protocol.TimeoutIOException: Timeout 10s: WriteLog:8: (t:1, i:8), STATEMACHINELOGENTRY, client-54609732956C, cid=17-writeStateMachineData
	at org.apache.ratis.util.IOUtils.getFromFuture(IOUtils.java:87)
	at org.apache.ratis.server.raftlog.segmented.SegmentedRaftLogWorker$StateMachineDataPolicy.getFromFuture(SegmentedRaftLogWorker.java:87)
	at org.apache.ratis.server.raftlog.segmented.SegmentedRaftLogWorker$WriteLog.execute(SegmentedRaftLogWorker.java:477)
	at org.apache.ratis.server.raftlog.segmented.SegmentedRaftLogWorker.run(SegmentedRaftLogWorker.java:289)
	at java.lang.Thread.run(Thread.java:748)
Caused by: java.util.concurrent.TimeoutException
	at java.util.concurrent.CompletableFuture.timedGet(CompletableFuture.java:1771)
	at java.util.concurrent.CompletableFuture.get(CompletableFuture.java:1915)
	at org.apache.ratis.util.IOUtils.getFromFuture(IOUtils.java:79)
	... 4 more
2019-09-12 14:24:39,692 [grpc-default-executor-2] INFO  client.GrpcClientProtocolClient (GrpcClientProtocolClient.java:onNext(264)) - client-54609732956C->c26651e2-a96c-4010-919f-87a827874a5b: receive RaftClientReply:client-54609732956C->c26651e2-a96c-4010-919f-87a827874a5b@group-947CD9AE92AF, cid=16, FAILED org.apache.ratis.protocol.NotLeaderException: Server c26651e2-a96c-4010-919f-87a827874a5b@group-947CD9AE92AF is not the leader a3deabaa-6f33-4549-9afe-d811f1beb6dc:192.168.5.171:38678, logIndex=0, commits[c26651e2-a96c-4010-919f-87a827874a5b:c6, e2538fa5-58a8-4aba-9576-486ea31efcb2:c4, a3deabaa-6f33-4549-9afe-d811f1beb6dc:c6]
2019-09-12 14:24:39,925 [java.util.concurrent.ThreadPoolExecutor$Worker@7fbf0c72[State = -1, empty queue]] WARN  server.GrpcLogAppender (GrpcLogAppender.java:timeoutAppendRequest(200)) - a3deabaa-6f33-4549-9afe-d811f1beb6dc@group-947CD9AE92AF->c26651e2-a96c-4010-919f-87a827874a5b-GrpcLogAppender: appendEntries Timeout, request=a3deabaa-6f33-4549-9afe-d811f1beb6dc->c26651e2-a96c-4010-919f-87a827874a5b#19-t1, previous=(t:1, i:11), leaderCommit=6, initializing? false, entries: <empty>
2019-09-12 14:24:39,925 [java.util.concurrent.ThreadPoolExecutor$Worker@328bc467[State = -1, empty queue]] WARN  server.GrpcLogAppender (GrpcLogAppender.java:timeoutAppendRequest(200)) - a3deabaa-6f33-4549-9afe-d811f1beb6dc@group-947CD9AE92AF->e2538fa5-58a8-4aba-9576-486ea31efcb2-GrpcLogAppender: appendEntries Timeout, request=a3deabaa-6f33-4549-9afe-d811f1beb6dc->e2538fa5-58a8-4aba-9576-486ea31efcb2#19-t1, previous=(t:1, i:11), leaderCommit=6, initializing? false, entries: <empty>
2019-09-12 14:24:42,426 [java.util.concurrent.ThreadPoolExecutor$Worker@7fbf0c72[State = -1, empty queue]] WARN  server.GrpcLogAppender (GrpcLogAppender.java:timeoutAppendRequest(200)) - a3deabaa-6f33-4549-9afe-d811f1beb6dc@group-947CD9AE92AF->c26651e2-a96c-4010-919f-87a827874a5b-GrpcLogAppender: appendEntries Timeout, request=a3deabaa-6f33-4549-9afe-d811f1beb6dc->c26651e2-a96c-4010-919f-87a827874a5b#20-t1, previous=(t:1, i:11), leaderCommit=6, initializing? false, entries: <empty>
2019-09-12 14:24:42,426 [java.util.concurrent.ThreadPoolExecutor$Worker@328bc467[State = -1, empty queue]] WARN  server.GrpcLogAppender (GrpcLogAppender.java:timeoutAppendRequest(200)) - a3deabaa-6f33-4549-9afe-d811f1beb6dc@group-947CD9AE92AF->e2538fa5-58a8-4aba-9576-486ea31efcb2-GrpcLogAppender: appendEntries Timeout, request=a3deabaa-6f33-4549-9afe-d811f1beb6dc->e2538fa5-58a8-4aba-9576-486ea31efcb2#20-t1, previous=(t:1, i:11), leaderCommit=6, initializing? false, entries: <empty>
2019-09-12 14:24:44,757 [grpc-default-executor-2] INFO  client.GrpcClientProtocolClient (GrpcClientProtocolClient.java:onNext(264)) - client-54609732956C->e2538fa5-58a8-4aba-9576-486ea31efcb2: receive RaftClientReply:client-54609732956C->e2538fa5-58a8-4aba-9576-486ea31efcb2@group-947CD9AE92AF, cid=16, FAILED org.apache.ratis.protocol.NotLeaderException: Server e2538fa5-58a8-4aba-9576-486ea31efcb2@group-947CD9AE92AF is not the leader a3deabaa-6f33-4549-9afe-d811f1beb6dc:192.168.5.171:38678, logIndex=0, commits[e2538fa5-58a8-4aba-9576-486ea31efcb2:c6, a3deabaa-6f33-4549-9afe-d811f1beb6dc:c6, c26651e2-a96c-4010-919f-87a827874a5b:c4]
2019-09-12 14:24:44,928 [java.util.concurrent.ThreadPoolExecutor$Worker@328bc467[State = -1, empty queue]] WARN  server.GrpcLogAppender (GrpcLogAppender.java:timeoutAppendRequest(200)) - a3deabaa-6f33-4549-9afe-d811f1beb6dc@group-947CD9AE92AF->e2538fa5-58a8-4aba-9576-486ea31efcb2-GrpcLogAppender: appendEntries Timeout, request=a3deabaa-6f33-4549-9afe-d811f1beb6dc->e2538fa5-58a8-4aba-9576-486ea31efcb2#21-t1, previous=(t:1, i:11), leaderCommit=6, initializing? false, entries: <empty>
2019-09-12 14:24:44,928 [java.util.concurrent.ThreadPoolExecutor$Worker@7fbf0c72[State = -1, empty queue]] WARN  server.GrpcLogAppender (GrpcLogAppender.java:timeoutAppendRequest(200)) - a3deabaa-6f33-4549-9afe-d811f1beb6dc@group-947CD9AE92AF->c26651e2-a96c-4010-919f-87a827874a5b-GrpcLogAppender: appendEntries Timeout, request=a3deabaa-6f33-4549-9afe-d811f1beb6dc->c26651e2-a96c-4010-919f-87a827874a5b#21-t1, previous=(t:1, i:11), leaderCommit=6, initializing? false, entries: <empty>
2019-09-12 14:24:47,429 [java.util.concurrent.ThreadPoolExecutor$Worker@328bc467[State = -1, empty queue]] WARN  server.GrpcLogAppender (GrpcLogAppender.java:timeoutAppendRequest(200)) - a3deabaa-6f33-4549-9afe-d811f1beb6dc@group-947CD9AE92AF->e2538fa5-58a8-4aba-9576-486ea31efcb2-GrpcLogAppender: appendEntries Timeout, request=a3deabaa-6f33-4549-9afe-d811f1beb6dc->e2538fa5-58a8-4aba-9576-486ea31efcb2#22-t1, previous=(t:1, i:11), leaderCommit=6, initializing? false, entries: <empty>
2019-09-12 14:24:47,429 [java.util.concurrent.ThreadPoolExecutor$Worker@7fbf0c72[State = -1, empty queue]] WARN  server.GrpcLogAppender (GrpcLogAppender.java:timeoutAppendRequest(200)) - a3deabaa-6f33-4549-9afe-d811f1beb6dc@group-947CD9AE92AF->c26651e2-a96c-4010-919f-87a827874a5b-GrpcLogAppender: appendEntries Timeout, request=a3deabaa-6f33-4549-9afe-d811f1beb6dc->c26651e2-a96c-4010-919f-87a827874a5b#22-t1, previous=(t:1, i:11), leaderCommit=6, initializing? false, entries: <empty>
2019-09-12 14:24:49,585 [e2538fa5-58a8-4aba-9576-486ea31efcb2@group-947CD9AE92AF-SegmentedRaftLogWorker] WARN  segmented.SegmentedRaftLogWorker (SegmentedRaftLogWorker.java:getFromFuture(90)) - Timeout 2/~
org.apache.ratis.protocol.TimeoutIOException: Timeout 10s: WriteLog:8: (t:1, i:8), STATEMACHINELOGENTRY, client-54609732956C, cid=17-writeStateMachineData
	at org.apache.ratis.util.IOUtils.getFromFuture(IOUtils.java:87)
	at org.apache.ratis.server.raftlog.segmented.SegmentedRaftLogWorker$StateMachineDataPolicy.getFromFuture(SegmentedRaftLogWorker.java:87)
	at org.apache.ratis.server.raftlog.segmented.SegmentedRaftLogWorker$WriteLog.execute(SegmentedRaftLogWorker.java:477)
	at org.apache.ratis.server.raftlog.segmented.SegmentedRaftLogWorker.run(SegmentedRaftLogWorker.java:289)
	at java.lang.Thread.run(Thread.java:748)
Caused by: java.util.concurrent.TimeoutException
	at java.util.concurrent.CompletableFuture.timedGet(CompletableFuture.java:1771)
	at java.util.concurrent.CompletableFuture.get(CompletableFuture.java:1915)
	at org.apache.ratis.util.IOUtils.getFromFuture(IOUtils.java:79)
	... 4 more
2019-09-12 14:24:49,587 [c26651e2-a96c-4010-919f-87a827874a5b@group-947CD9AE92AF-SegmentedRaftLogWorker] WARN  segmented.SegmentedRaftLogWorker (SegmentedRaftLogWorker.java:getFromFuture(90)) - Timeout 2/~
org.apache.ratis.protocol.TimeoutIOException: Timeout 10s: WriteLog:8: (t:1, i:8), STATEMACHINELOGENTRY, client-54609732956C, cid=17-writeStateMachineData
	at org.apache.ratis.util.IOUtils.getFromFuture(IOUtils.java:87)
	at org.apache.ratis.server.raftlog.segmented.SegmentedRaftLogWorker$StateMachineDataPolicy.getFromFuture(SegmentedRaftLogWorker.java:87)
	at org.apache.ratis.server.raftlog.segmented.SegmentedRaftLogWorker$WriteLog.execute(SegmentedRaftLogWorker.java:477)
	at org.apache.ratis.server.raftlog.segmented.SegmentedRaftLogWorker.run(SegmentedRaftLogWorker.java:289)
	at java.lang.Thread.run(Thread.java:748)
Caused by: java.util.concurrent.TimeoutException
	at java.util.concurrent.CompletableFuture.timedGet(CompletableFuture.java:1771)
	at java.util.concurrent.CompletableFuture.get(CompletableFuture.java:1915)
	at org.apache.ratis.util.IOUtils.getFromFuture(IOUtils.java:79)
	... 4 more
2019-09-12 14:24:49,587 [a3deabaa-6f33-4549-9afe-d811f1beb6dc@group-947CD9AE92AF-SegmentedRaftLogWorker] WARN  segmented.SegmentedRaftLogWorker (SegmentedRaftLogWorker.java:getFromFuture(90)) - Timeout 2/~
org.apache.ratis.protocol.TimeoutIOException: Timeout 10s: WriteLog:8: (t:1, i:8), STATEMACHINELOGENTRY, client-54609732956C, cid=17-writeStateMachineData
	at org.apache.ratis.util.IOUtils.getFromFuture(IOUtils.java:87)
	at org.apache.ratis.server.raftlog.segmented.SegmentedRaftLogWorker$StateMachineDataPolicy.getFromFuture(SegmentedRaftLogWorker.java:87)
	at org.apache.ratis.server.raftlog.segmented.SegmentedRaftLogWorker$WriteLog.execute(SegmentedRaftLogWorker.java:477)
	at org.apache.ratis.server.raftlog.segmented.SegmentedRaftLogWorker.run(SegmentedRaftLogWorker.java:289)
	at java.lang.Thread.run(Thread.java:748)
Caused by: java.util.concurrent.TimeoutException
	at java.util.concurrent.CompletableFuture.timedGet(CompletableFuture.java:1771)
	at java.util.concurrent.CompletableFuture.get(CompletableFuture.java:1915)
	at org.apache.ratis.util.IOUtils.getFromFuture(IOUtils.java:79)
	... 4 more
2019-09-12 14:24:49,835 [grpc-default-executor-2] INFO  client.GrpcClientProtocolClient (GrpcClientProtocolClient.java:onNext(264)) - client-54609732956C->c26651e2-a96c-4010-919f-87a827874a5b: receive RaftClientReply:client-54609732956C->c26651e2-a96c-4010-919f-87a827874a5b@group-947CD9AE92AF, cid=16, FAILED org.apache.ratis.protocol.NotLeaderException: Server c26651e2-a96c-4010-919f-87a827874a5b@group-947CD9AE92AF is not the leader a3deabaa-6f33-4549-9afe-d811f1beb6dc:192.168.5.171:38678, logIndex=0, commits[c26651e2-a96c-4010-919f-87a827874a5b:c6, e2538fa5-58a8-4aba-9576-486ea31efcb2:c4, a3deabaa-6f33-4549-9afe-d811f1beb6dc:c6]
2019-09-12 14:24:49,930 [java.util.concurrent.ThreadPoolExecutor$Worker@328bc467[State = -1, empty queue]] WARN  server.GrpcLogAppender (GrpcLogAppender.java:timeoutAppendRequest(200)) - a3deabaa-6f33-4549-9afe-d811f1beb6dc@group-947CD9AE92AF->e2538fa5-58a8-4aba-9576-486ea31efcb2-GrpcLogAppender: appendEntries Timeout, request=a3deabaa-6f33-4549-9afe-d811f1beb6dc->e2538fa5-58a8-4aba-9576-486ea31efcb2#23-t1, previous=(t:1, i:11), leaderCommit=6, initializing? false, entries: <empty>
2019-09-12 14:24:49,930 [java.util.concurrent.ThreadPoolExecutor$Worker@7fbf0c72[State = -1, empty queue]] WARN  server.GrpcLogAppender (GrpcLogAppender.java:timeoutAppendRequest(200)) - a3deabaa-6f33-4549-9afe-d811f1beb6dc@group-947CD9AE92AF->c26651e2-a96c-4010-919f-87a827874a5b-GrpcLogAppender: appendEntries Timeout, request=a3deabaa-6f33-4549-9afe-d811f1beb6dc->c26651e2-a96c-4010-919f-87a827874a5b#23-t1, previous=(t:1, i:11), leaderCommit=6, initializing? false, entries: <empty>
2019-09-12 14:24:52,431 [java.util.concurrent.ThreadPoolExecutor$Worker@328bc467[State = -1, empty queue]] WARN  server.GrpcLogAppender (GrpcLogAppender.java:timeoutAppendRequest(200)) - a3deabaa-6f33-4549-9afe-d811f1beb6dc@group-947CD9AE92AF->e2538fa5-58a8-4aba-9576-486ea31efcb2-GrpcLogAppender: appendEntries Timeout, request=a3deabaa-6f33-4549-9afe-d811f1beb6dc->e2538fa5-58a8-4aba-9576-486ea31efcb2#24-t1, previous=(t:1, i:11), leaderCommit=6, initializing? false, entries: <empty>
2019-09-12 14:24:52,431 [java.util.concurrent.ThreadPoolExecutor$Worker@7fbf0c72[State = -1, empty queue]] WARN  server.GrpcLogAppender (GrpcLogAppender.java:timeoutAppendRequest(200)) - a3deabaa-6f33-4549-9afe-d811f1beb6dc@group-947CD9AE92AF->c26651e2-a96c-4010-919f-87a827874a5b-GrpcLogAppender: appendEntries Timeout, request=a3deabaa-6f33-4549-9afe-d811f1beb6dc->c26651e2-a96c-4010-919f-87a827874a5b#24-t1, previous=(t:1, i:11), leaderCommit=6, initializing? false, entries: <empty>
2019-09-12 14:24:54,893 [grpc-default-executor-2] INFO  client.GrpcClientProtocolClient (GrpcClientProtocolClient.java:onNext(264)) - client-54609732956C->c26651e2-a96c-4010-919f-87a827874a5b: receive RaftClientReply:client-54609732956C->c26651e2-a96c-4010-919f-87a827874a5b@group-947CD9AE92AF, cid=16, FAILED org.apache.ratis.protocol.NotLeaderException: Server c26651e2-a96c-4010-919f-87a827874a5b@group-947CD9AE92AF is not the leader a3deabaa-6f33-4549-9afe-d811f1beb6dc:192.168.5.171:38678, logIndex=0, commits[c26651e2-a96c-4010-919f-87a827874a5b:c6, e2538fa5-58a8-4aba-9576-486ea31efcb2:c4, a3deabaa-6f33-4549-9afe-d811f1beb6dc:c6]
2019-09-12 14:24:54,932 [java.util.concurrent.ThreadPoolExecutor$Worker@328bc467[State = -1, empty queue]] WARN  server.GrpcLogAppender (GrpcLogAppender.java:timeoutAppendRequest(200)) - a3deabaa-6f33-4549-9afe-d811f1beb6dc@group-947CD9AE92AF->e2538fa5-58a8-4aba-9576-486ea31efcb2-GrpcLogAppender: appendEntries Timeout, request=a3deabaa-6f33-4549-9afe-d811f1beb6dc->e2538fa5-58a8-4aba-9576-486ea31efcb2#25-t1, previous=(t:1, i:11), leaderCommit=6, initializing? false, entries: <empty>
2019-09-12 14:24:54,932 [java.util.concurrent.ThreadPoolExecutor$Worker@7fbf0c72[State = -1, empty queue]] WARN  server.GrpcLogAppender (GrpcLogAppender.java:timeoutAppendRequest(200)) - a3deabaa-6f33-4549-9afe-d811f1beb6dc@group-947CD9AE92AF->c26651e2-a96c-4010-919f-87a827874a5b-GrpcLogAppender: appendEntries Timeout, request=a3deabaa-6f33-4549-9afe-d811f1beb6dc->c26651e2-a96c-4010-919f-87a827874a5b#25-t1, previous=(t:1, i:11), leaderCommit=6, initializing? false, entries: <empty>
2019-09-12 14:24:57,433 [java.util.concurrent.ThreadPoolExecutor$Worker@7fbf0c72[State = -1, empty queue]] WARN  server.GrpcLogAppender (GrpcLogAppender.java:timeoutAppendRequest(200)) - a3deabaa-6f33-4549-9afe-d811f1beb6dc@group-947CD9AE92AF->c26651e2-a96c-4010-919f-87a827874a5b-GrpcLogAppender: appendEntries Timeout, request=a3deabaa-6f33-4549-9afe-d811f1beb6dc->c26651e2-a96c-4010-919f-87a827874a5b#26-t1, previous=(t:1, i:11), leaderCommit=6, initializing? false, entries: <empty>
2019-09-12 14:24:57,433 [java.util.concurrent.ThreadPoolExecutor$Worker@328bc467[State = -1, empty queue]] WARN  server.GrpcLogAppender (GrpcLogAppender.java:timeoutAppendRequest(200)) - a3deabaa-6f33-4549-9afe-d811f1beb6dc@group-947CD9AE92AF->e2538fa5-58a8-4aba-9576-486ea31efcb2-GrpcLogAppender: appendEntries Timeout, request=a3deabaa-6f33-4549-9afe-d811f1beb6dc->e2538fa5-58a8-4aba-9576-486ea31efcb2#26-t1, previous=(t:1, i:11), leaderCommit=6, initializing? false, entries: <empty>
2019-09-12 14:24:59,587 [e2538fa5-58a8-4aba-9576-486ea31efcb2@group-947CD9AE92AF-SegmentedRaftLogWorker] WARN  segmented.SegmentedRaftLogWorker (SegmentedRaftLogWorker.java:getFromFuture(90)) - Timeout 3/~
org.apache.ratis.protocol.TimeoutIOException: Timeout 10s: WriteLog:8: (t:1, i:8), STATEMACHINELOGENTRY, client-54609732956C, cid=17-writeStateMachineData
	at org.apache.ratis.util.IOUtils.getFromFuture(IOUtils.java:87)
	at org.apache.ratis.server.raftlog.segmented.SegmentedRaftLogWorker$StateMachineDataPolicy.getFromFuture(SegmentedRaftLogWorker.java:87)
	at org.apache.ratis.server.raftlog.segmented.SegmentedRaftLogWorker$WriteLog.execute(SegmentedRaftLogWorker.java:477)
	at org.apache.ratis.server.raftlog.segmented.SegmentedRaftLogWorker.run(SegmentedRaftLogWorker.java:289)
	at java.lang.Thread.run(Thread.java:748)
Caused by: java.util.concurrent.TimeoutException
	at java.util.concurrent.CompletableFuture.timedGet(CompletableFuture.java:1771)
	at java.util.concurrent.CompletableFuture.get(CompletableFuture.java:1915)
	at org.apache.ratis.util.IOUtils.getFromFuture(IOUtils.java:79)
	... 4 more
2019-09-12 14:24:59,588 [a3deabaa-6f33-4549-9afe-d811f1beb6dc@group-947CD9AE92AF-SegmentedRaftLogWorker] WARN  segmented.SegmentedRaftLogWorker (SegmentedRaftLogWorker.java:getFromFuture(90)) - Timeout 3/~
org.apache.ratis.protocol.TimeoutIOException: Timeout 10s: WriteLog:8: (t:1, i:8), STATEMACHINELOGENTRY, client-54609732956C, cid=17-writeStateMachineData
	at org.apache.ratis.util.IOUtils.getFromFuture(IOUtils.java:87)
	at org.apache.ratis.server.raftlog.segmented.SegmentedRaftLogWorker$StateMachineDataPolicy.getFromFuture(SegmentedRaftLogWorker.java:87)
	at org.apache.ratis.server.raftlog.segmented.SegmentedRaftLogWorker$WriteLog.execute(SegmentedRaftLogWorker.java:477)
	at org.apache.ratis.server.raftlog.segmented.SegmentedRaftLogWorker.run(SegmentedRaftLogWorker.java:289)
	at java.lang.Thread.run(Thread.java:748)
Caused by: java.util.concurrent.TimeoutException
	at java.util.concurrent.CompletableFuture.timedGet(CompletableFuture.java:1771)
	at java.util.concurrent.CompletableFuture.get(CompletableFuture.java:1915)
	at org.apache.ratis.util.IOUtils.getFromFuture(IOUtils.java:79)
	... 4 more
2019-09-12 14:24:59,588 [c26651e2-a96c-4010-919f-87a827874a5b@group-947CD9AE92AF-SegmentedRaftLogWorker] WARN  segmented.SegmentedRaftLogWorker (SegmentedRaftLogWorker.java:getFromFuture(90)) - Timeout 3/~
org.apache.ratis.protocol.TimeoutIOException: Timeout 10s: WriteLog:8: (t:1, i:8), STATEMACHINELOGENTRY, client-54609732956C, cid=17-writeStateMachineData
	at org.apache.ratis.util.IOUtils.getFromFuture(IOUtils.java:87)
	at org.apache.ratis.server.raftlog.segmented.SegmentedRaftLogWorker$StateMachineDataPolicy.getFromFuture(SegmentedRaftLogWorker.java:87)
	at org.apache.ratis.server.raftlog.segmented.SegmentedRaftLogWorker$WriteLog.execute(SegmentedRaftLogWorker.java:477)
	at org.apache.ratis.server.raftlog.segmented.SegmentedRaftLogWorker.run(SegmentedRaftLogWorker.java:289)
	at java.lang.Thread.run(Thread.java:748)
Caused by: java.util.concurrent.TimeoutException
	at java.util.concurrent.CompletableFuture.timedGet(CompletableFuture.java:1771)
	at java.util.concurrent.CompletableFuture.get(CompletableFuture.java:1915)
	at org.apache.ratis.util.IOUtils.getFromFuture(IOUtils.java:79)
	... 4 more
2019-09-12 14:24:59,934 [java.util.concurrent.ThreadPoolExecutor$Worker@7fbf0c72[State = -1, empty queue]] WARN  server.GrpcLogAppender (GrpcLogAppender.java:timeoutAppendRequest(200)) - a3deabaa-6f33-4549-9afe-d811f1beb6dc@group-947CD9AE92AF->c26651e2-a96c-4010-919f-87a827874a5b-GrpcLogAppender: appendEntries Timeout, request=a3deabaa-6f33-4549-9afe-d811f1beb6dc->c26651e2-a96c-4010-919f-87a827874a5b#27-t1, previous=(t:1, i:11), leaderCommit=6, initializing? false, entries: <empty>
2019-09-12 14:24:59,934 [java.util.concurrent.ThreadPoolExecutor$Worker@328bc467[State = -1, empty queue]] WARN  server.GrpcLogAppender (GrpcLogAppender.java:timeoutAppendRequest(200)) - a3deabaa-6f33-4549-9afe-d811f1beb6dc@group-947CD9AE92AF->e2538fa5-58a8-4aba-9576-486ea31efcb2-GrpcLogAppender: appendEntries Timeout, request=a3deabaa-6f33-4549-9afe-d811f1beb6dc->e2538fa5-58a8-4aba-9576-486ea31efcb2#27-t1, previous=(t:1, i:11), leaderCommit=6, initializing? false, entries: <empty>
2019-09-12 14:24:59,970 [grpc-default-executor-2] INFO  client.GrpcClientProtocolClient (GrpcClientProtocolClient.java:onNext(264)) - client-54609732956C->c26651e2-a96c-4010-919f-87a827874a5b: receive RaftClientReply:client-54609732956C->c26651e2-a96c-4010-919f-87a827874a5b@group-947CD9AE92AF, cid=16, FAILED org.apache.ratis.protocol.NotLeaderException: Server c26651e2-a96c-4010-919f-87a827874a5b@group-947CD9AE92AF is not the leader a3deabaa-6f33-4549-9afe-d811f1beb6dc:192.168.5.171:38678, logIndex=0, commits[c26651e2-a96c-4010-919f-87a827874a5b:c6, e2538fa5-58a8-4aba-9576-486ea31efcb2:c4, a3deabaa-6f33-4549-9afe-d811f1beb6dc:c6]
2019-09-12 14:25:02,435 [java.util.concurrent.ThreadPoolExecutor$Worker@7fbf0c72[State = -1, empty queue]] WARN  server.GrpcLogAppender (GrpcLogAppender.java:timeoutAppendRequest(200)) - a3deabaa-6f33-4549-9afe-d811f1beb6dc@group-947CD9AE92AF->c26651e2-a96c-4010-919f-87a827874a5b-GrpcLogAppender: appendEntries Timeout, request=a3deabaa-6f33-4549-9afe-d811f1beb6dc->c26651e2-a96c-4010-919f-87a827874a5b#28-t1, previous=(t:1, i:11), leaderCommit=6, initializing? false, entries: <empty>
2019-09-12 14:25:02,435 [java.util.concurrent.ThreadPoolExecutor$Worker@328bc467[State = -1, empty queue]] WARN  server.GrpcLogAppender (GrpcLogAppender.java:timeoutAppendRequest(200)) - a3deabaa-6f33-4549-9afe-d811f1beb6dc@group-947CD9AE92AF->e2538fa5-58a8-4aba-9576-486ea31efcb2-GrpcLogAppender: appendEntries Timeout, request=a3deabaa-6f33-4549-9afe-d811f1beb6dc->e2538fa5-58a8-4aba-9576-486ea31efcb2#28-t1, previous=(t:1, i:11), leaderCommit=6, initializing? false, entries: <empty>
2019-09-12 14:25:04,937 [java.util.concurrent.ThreadPoolExecutor$Worker@7fbf0c72[State = -1, empty queue]] WARN  server.GrpcLogAppender (GrpcLogAppender.java:timeoutAppendRequest(200)) - a3deabaa-6f33-4549-9afe-d811f1beb6dc@group-947CD9AE92AF->c26651e2-a96c-4010-919f-87a827874a5b-GrpcLogAppender: appendEntries Timeout, request=a3deabaa-6f33-4549-9afe-d811f1beb6dc->c26651e2-a96c-4010-919f-87a827874a5b#29-t1, previous=(t:1, i:11), leaderCommit=6, initializing? false, entries: <empty>
2019-09-12 14:25:04,937 [java.util.concurrent.ThreadPoolExecutor$Worker@328bc467[State = -1, empty queue]] WARN  server.GrpcLogAppender (GrpcLogAppender.java:timeoutAppendRequest(200)) - a3deabaa-6f33-4549-9afe-d811f1beb6dc@group-947CD9AE92AF->e2538fa5-58a8-4aba-9576-486ea31efcb2-GrpcLogAppender: appendEntries Timeout, request=a3deabaa-6f33-4549-9afe-d811f1beb6dc->e2538fa5-58a8-4aba-9576-486ea31efcb2#29-t1, previous=(t:1, i:11), leaderCommit=6, initializing? false, entries: <empty>
2019-09-12 14:25:05,049 [grpc-default-executor-2] INFO  client.GrpcClientProtocolClient (GrpcClientProtocolClient.java:onNext(264)) - client-54609732956C->c26651e2-a96c-4010-919f-87a827874a5b: receive RaftClientReply:client-54609732956C->c26651e2-a96c-4010-919f-87a827874a5b@group-947CD9AE92AF, cid=16, FAILED org.apache.ratis.protocol.NotLeaderException: Server c26651e2-a96c-4010-919f-87a827874a5b@group-947CD9AE92AF is not the leader a3deabaa-6f33-4549-9afe-d811f1beb6dc:192.168.5.171:38678, logIndex=0, commits[c26651e2-a96c-4010-919f-87a827874a5b:c6, e2538fa5-58a8-4aba-9576-486ea31efcb2:c4, a3deabaa-6f33-4549-9afe-d811f1beb6dc:c6]
2019-09-12 14:25:07,437 [java.util.concurrent.ThreadPoolExecutor$Worker@328bc467[State = -1, empty queue]] WARN  server.GrpcLogAppender (GrpcLogAppender.java:timeoutAppendRequest(200)) - a3deabaa-6f33-4549-9afe-d811f1beb6dc@group-947CD9AE92AF->e2538fa5-58a8-4aba-9576-486ea31efcb2-GrpcLogAppender: appendEntries Timeout, request=a3deabaa-6f33-4549-9afe-d811f1beb6dc->e2538fa5-58a8-4aba-9576-486ea31efcb2#30-t1, previous=(t:1, i:11), leaderCommit=6, initializing? false, entries: <empty>
2019-09-12 14:25:07,437 [java.util.concurrent.ThreadPoolExecutor$Worker@7fbf0c72[State = -1, empty queue]] WARN  server.GrpcLogAppender (GrpcLogAppender.java:timeoutAppendRequest(200)) - a3deabaa-6f33-4549-9afe-d811f1beb6dc@group-947CD9AE92AF->c26651e2-a96c-4010-919f-87a827874a5b-GrpcLogAppender: appendEntries Timeout, request=a3deabaa-6f33-4549-9afe-d811f1beb6dc->c26651e2-a96c-4010-919f-87a827874a5b#30-t1, previous=(t:1, i:11), leaderCommit=6, initializing? false, entries: <empty>
2019-09-12 14:25:09,589 [e2538fa5-58a8-4aba-9576-486ea31efcb2@group-947CD9AE92AF-SegmentedRaftLogWorker] WARN  segmented.SegmentedRaftLogWorker (SegmentedRaftLogWorker.java:getFromFuture(90)) - Timeout 4/~
org.apache.ratis.protocol.TimeoutIOException: Timeout 10s: WriteLog:8: (t:1, i:8), STATEMACHINELOGENTRY, client-54609732956C, cid=17-writeStateMachineData
	at org.apache.ratis.util.IOUtils.getFromFuture(IOUtils.java:87)
	at org.apache.ratis.server.raftlog.segmented.SegmentedRaftLogWorker$StateMachineDataPolicy.getFromFuture(SegmentedRaftLogWorker.java:87)
	at org.apache.ratis.server.raftlog.segmented.SegmentedRaftLogWorker$WriteLog.execute(SegmentedRaftLogWorker.java:477)
	at org.apache.ratis.server.raftlog.segmented.SegmentedRaftLogWorker.run(SegmentedRaftLogWorker.java:289)
	at java.lang.Thread.run(Thread.java:748)
Caused by: java.util.concurrent.TimeoutException
	at java.util.concurrent.CompletableFuture.timedGet(CompletableFuture.java:1771)
	at java.util.concurrent.CompletableFuture.get(CompletableFuture.java:1915)
	at org.apache.ratis.util.IOUtils.getFromFuture(IOUtils.java:79)
	... 4 more
2019-09-12 14:25:09,589 [a3deabaa-6f33-4549-9afe-d811f1beb6dc@group-947CD9AE92AF-SegmentedRaftLogWorker] WARN  segmented.SegmentedRaftLogWorker (SegmentedRaftLogWorker.java:getFromFuture(90)) - Timeout 4/~
org.apache.ratis.protocol.TimeoutIOException: Timeout 10s: WriteLog:8: (t:1, i:8), STATEMACHINELOGENTRY, client-54609732956C, cid=17-writeStateMachineData
	at org.apache.ratis.util.IOUtils.getFromFuture(IOUtils.java:87)
	at org.apache.ratis.server.raftlog.segmented.SegmentedRaftLogWorker$StateMachineDataPolicy.getFromFuture(SegmentedRaftLogWorker.java:87)
	at org.apache.ratis.server.raftlog.segmented.SegmentedRaftLogWorker$WriteLog.execute(SegmentedRaftLogWorker.java:477)
	at org.apache.ratis.server.raftlog.segmented.SegmentedRaftLogWorker.run(SegmentedRaftLogWorker.java:289)
	at java.lang.Thread.run(Thread.java:748)
Caused by: java.util.concurrent.TimeoutException
	at java.util.concurrent.CompletableFuture.timedGet(CompletableFuture.java:1771)
	at java.util.concurrent.CompletableFuture.get(CompletableFuture.java:1915)
	at org.apache.ratis.util.IOUtils.getFromFuture(IOUtils.java:79)
	... 4 more
2019-09-12 14:25:09,590 [c26651e2-a96c-4010-919f-87a827874a5b@group-947CD9AE92AF-SegmentedRaftLogWorker] WARN  segmented.SegmentedRaftLogWorker (SegmentedRaftLogWorker.java:getFromFuture(90)) - Timeout 4/~
org.apache.ratis.protocol.TimeoutIOException: Timeout 10s: WriteLog:8: (t:1, i:8), STATEMACHINELOGENTRY, client-54609732956C, cid=17-writeStateMachineData
	at org.apache.ratis.util.IOUtils.getFromFuture(IOUtils.java:87)
	at org.apache.ratis.server.raftlog.segmented.SegmentedRaftLogWorker$StateMachineDataPolicy.getFromFuture(SegmentedRaftLogWorker.java:87)
	at org.apache.ratis.server.raftlog.segmented.SegmentedRaftLogWorker$WriteLog.execute(SegmentedRaftLogWorker.java:477)
	at org.apache.ratis.server.raftlog.segmented.SegmentedRaftLogWorker.run(SegmentedRaftLogWorker.java:289)
	at java.lang.Thread.run(Thread.java:748)
Caused by: java.util.concurrent.TimeoutException
	at java.util.concurrent.CompletableFuture.timedGet(CompletableFuture.java:1771)
	at java.util.concurrent.CompletableFuture.get(CompletableFuture.java:1915)
	at org.apache.ratis.util.IOUtils.getFromFuture(IOUtils.java:79)
	... 4 more
2019-09-12 14:25:09,938 [java.util.concurrent.ThreadPoolExecutor$Worker@7fbf0c72[State = -1, empty queue]] WARN  server.GrpcLogAppender (GrpcLogAppender.java:timeoutAppendRequest(200)) - a3deabaa-6f33-4549-9afe-d811f1beb6dc@group-947CD9AE92AF->c26651e2-a96c-4010-919f-87a827874a5b-GrpcLogAppender: appendEntries Timeout, request=a3deabaa-6f33-4549-9afe-d811f1beb6dc->c26651e2-a96c-4010-919f-87a827874a5b#31-t1, previous=(t:1, i:11), leaderCommit=6, initializing? false, entries: <empty>
2019-09-12 14:25:09,938 [java.util.concurrent.ThreadPoolExecutor$Worker@328bc467[State = -1, empty queue]] WARN  server.GrpcLogAppender (GrpcLogAppender.java:timeoutAppendRequest(200)) - a3deabaa-6f33-4549-9afe-d811f1beb6dc@group-947CD9AE92AF->e2538fa5-58a8-4aba-9576-486ea31efcb2-GrpcLogAppender: appendEntries Timeout, request=a3deabaa-6f33-4549-9afe-d811f1beb6dc->e2538fa5-58a8-4aba-9576-486ea31efcb2#31-t1, previous=(t:1, i:11), leaderCommit=6, initializing? false, entries: <empty>
2019-09-12 14:25:10,111 [grpc-default-executor-2] INFO  client.GrpcClientProtocolClient (GrpcClientProtocolClient.java:onNext(264)) - client-54609732956C->c26651e2-a96c-4010-919f-87a827874a5b: receive RaftClientReply:client-54609732956C->c26651e2-a96c-4010-919f-87a827874a5b@group-947CD9AE92AF, cid=16, FAILED org.apache.ratis.protocol.NotLeaderException: Server c26651e2-a96c-4010-919f-87a827874a5b@group-947CD9AE92AF is not the leader a3deabaa-6f33-4549-9afe-d811f1beb6dc:192.168.5.171:38678, logIndex=0, commits[c26651e2-a96c-4010-919f-87a827874a5b:c6, e2538fa5-58a8-4aba-9576-486ea31efcb2:c4, a3deabaa-6f33-4549-9afe-d811f1beb6dc:c6]
2019-09-12 14:25:12,439 [java.util.concurrent.ThreadPoolExecutor$Worker@328bc467[State = -1, empty queue]] WARN  server.GrpcLogAppender (GrpcLogAppender.java:timeoutAppendRequest(200)) - a3deabaa-6f33-4549-9afe-d811f1beb6dc@group-947CD9AE92AF->e2538fa5-58a8-4aba-9576-486ea31efcb2-GrpcLogAppender: appendEntries Timeout, request=a3deabaa-6f33-4549-9afe-d811f1beb6dc->e2538fa5-58a8-4aba-9576-486ea31efcb2#32-t1, previous=(t:1, i:11), leaderCommit=6, initializing? false, entries: <empty>
2019-09-12 14:25:12,439 [java.util.concurrent.ThreadPoolExecutor$Worker@7fbf0c72[State = -1, empty queue]] WARN  server.GrpcLogAppender (GrpcLogAppender.java:timeoutAppendRequest(200)) - a3deabaa-6f33-4549-9afe-d811f1beb6dc@group-947CD9AE92AF->c26651e2-a96c-4010-919f-87a827874a5b-GrpcLogAppender: appendEntries Timeout, request=a3deabaa-6f33-4549-9afe-d811f1beb6dc->c26651e2-a96c-4010-919f-87a827874a5b#32-t1, previous=(t:1, i:11), leaderCommit=6, initializing? false, entries: <empty>
2019-09-12 14:25:14,939 [java.util.concurrent.ThreadPoolExecutor$Worker@328bc467[State = -1, empty queue]] WARN  server.GrpcLogAppender (GrpcLogAppender.java:timeoutAppendRequest(200)) - a3deabaa-6f33-4549-9afe-d811f1beb6dc@group-947CD9AE92AF->e2538fa5-58a8-4aba-9576-486ea31efcb2-GrpcLogAppender: appendEntries Timeout, request=a3deabaa-6f33-4549-9afe-d811f1beb6dc->e2538fa5-58a8-4aba-9576-486ea31efcb2#33-t1, previous=(t:1, i:11), leaderCommit=6, initializing? false, entries: <empty>
2019-09-12 14:25:14,939 [java.util.concurrent.ThreadPoolExecutor$Worker@7fbf0c72[State = -1, empty queue]] WARN  server.GrpcLogAppender (GrpcLogAppender.java:timeoutAppendRequest(200)) - a3deabaa-6f33-4549-9afe-d811f1beb6dc@group-947CD9AE92AF->c26651e2-a96c-4010-919f-87a827874a5b-GrpcLogAppender: appendEntries Timeout, request=a3deabaa-6f33-4549-9afe-d811f1beb6dc->c26651e2-a96c-4010-919f-87a827874a5b#33-t1, previous=(t:1, i:11), leaderCommit=6, initializing? false, entries: <empty>
2019-09-12 14:25:15,173 [grpc-default-executor-2] INFO  client.GrpcClientProtocolClient (GrpcClientProtocolClient.java:onNext(264)) - client-54609732956C->c26651e2-a96c-4010-919f-87a827874a5b: receive RaftClientReply:client-54609732956C->c26651e2-a96c-4010-919f-87a827874a5b@group-947CD9AE92AF, cid=16, FAILED org.apache.ratis.protocol.NotLeaderException: Server c26651e2-a96c-4010-919f-87a827874a5b@group-947CD9AE92AF is not the leader a3deabaa-6f33-4549-9afe-d811f1beb6dc:192.168.5.171:38678, logIndex=0, commits[c26651e2-a96c-4010-919f-87a827874a5b:c6, e2538fa5-58a8-4aba-9576-486ea31efcb2:c4, a3deabaa-6f33-4549-9afe-d811f1beb6dc:c6]
2019-09-12 14:25:17,441 [java.util.concurrent.ThreadPoolExecutor$Worker@7fbf0c72[State = -1, empty queue]] WARN  server.GrpcLogAppender (GrpcLogAppender.java:timeoutAppendRequest(200)) - a3deabaa-6f33-4549-9afe-d811f1beb6dc@group-947CD9AE92AF->c26651e2-a96c-4010-919f-87a827874a5b-GrpcLogAppender: appendEntries Timeout, request=a3deabaa-6f33-4549-9afe-d811f1beb6dc->c26651e2-a96c-4010-919f-87a827874a5b#34-t1, previous=(t:1, i:11), leaderCommit=6, initializing? false, entries: <empty>
2019-09-12 14:25:17,441 [java.util.concurrent.ThreadPoolExecutor$Worker@328bc467[State = -1, empty queue]] WARN  server.GrpcLogAppender (GrpcLogAppender.java:timeoutAppendRequest(200)) - a3deabaa-6f33-4549-9afe-d811f1beb6dc@group-947CD9AE92AF->e2538fa5-58a8-4aba-9576-486ea31efcb2-GrpcLogAppender: appendEntries Timeout, request=a3deabaa-6f33-4549-9afe-d811f1beb6dc->e2538fa5-58a8-4aba-9576-486ea31efcb2#34-t1, previous=(t:1, i:11), leaderCommit=6, initializing? false, entries: <empty>
2019-09-12 14:25:19,590 [e2538fa5-58a8-4aba-9576-486ea31efcb2@group-947CD9AE92AF-SegmentedRaftLogWorker] WARN  segmented.SegmentedRaftLogWorker (SegmentedRaftLogWorker.java:getFromFuture(90)) - Timeout 5/~
org.apache.ratis.protocol.TimeoutIOException: Timeout 10s: WriteLog:8: (t:1, i:8), STATEMACHINELOGENTRY, client-54609732956C, cid=17-writeStateMachineData
	at org.apache.ratis.util.IOUtils.getFromFuture(IOUtils.java:87)
	at org.apache.ratis.server.raftlog.segmented.SegmentedRaftLogWorker$StateMachineDataPolicy.getFromFuture(SegmentedRaftLogWorker.java:87)
	at org.apache.ratis.server.raftlog.segmented.SegmentedRaftLogWorker$WriteLog.execute(SegmentedRaftLogWorker.java:477)
	at org.apache.ratis.server.raftlog.segmented.SegmentedRaftLogWorker.run(SegmentedRaftLogWorker.java:289)
	at java.lang.Thread.run(Thread.java:748)
Caused by: java.util.concurrent.TimeoutException
	at java.util.concurrent.CompletableFuture.timedGet(CompletableFuture.java:1771)
	at java.util.concurrent.CompletableFuture.get(CompletableFuture.java:1915)
	at org.apache.ratis.util.IOUtils.getFromFuture(IOUtils.java:79)
	... 4 more
2019-09-12 14:25:19,591 [c26651e2-a96c-4010-919f-87a827874a5b@group-947CD9AE92AF-SegmentedRaftLogWorker] WARN  segmented.SegmentedRaftLogWorker (SegmentedRaftLogWorker.java:getFromFuture(90)) - Timeout 5/~
org.apache.ratis.protocol.TimeoutIOException: Timeout 10s: WriteLog:8: (t:1, i:8), STATEMACHINELOGENTRY, client-54609732956C, cid=17-writeStateMachineData
	at org.apache.ratis.util.IOUtils.getFromFuture(IOUtils.java:87)
	at org.apache.ratis.server.raftlog.segmented.SegmentedRaftLogWorker$StateMachineDataPolicy.getFromFuture(SegmentedRaftLogWorker.java:87)
	at org.apache.ratis.server.raftlog.segmented.SegmentedRaftLogWorker$WriteLog.execute(SegmentedRaftLogWorker.java:477)
	at org.apache.ratis.server.raftlog.segmented.SegmentedRaftLogWorker.run(SegmentedRaftLogWorker.java:289)
	at java.lang.Thread.run(Thread.java:748)
Caused by: java.util.concurrent.TimeoutException
	at java.util.concurrent.CompletableFuture.timedGet(CompletableFuture.java:1771)
	at java.util.concurrent.CompletableFuture.get(CompletableFuture.java:1915)
	at org.apache.ratis.util.IOUtils.getFromFuture(IOUtils.java:79)
	... 4 more
2019-09-12 14:25:19,591 [a3deabaa-6f33-4549-9afe-d811f1beb6dc@group-947CD9AE92AF-SegmentedRaftLogWorker] WARN  segmented.SegmentedRaftLogWorker (SegmentedRaftLogWorker.java:getFromFuture(90)) - Timeout 5/~
org.apache.ratis.protocol.TimeoutIOException: Timeout 10s: WriteLog:8: (t:1, i:8), STATEMACHINELOGENTRY, client-54609732956C, cid=17-writeStateMachineData
	at org.apache.ratis.util.IOUtils.getFromFuture(IOUtils.java:87)
	at org.apache.ratis.server.raftlog.segmented.SegmentedRaftLogWorker$StateMachineDataPolicy.getFromFuture(SegmentedRaftLogWorker.java:87)
	at org.apache.ratis.server.raftlog.segmented.SegmentedRaftLogWorker$WriteLog.execute(SegmentedRaftLogWorker.java:477)
	at org.apache.ratis.server.raftlog.segmented.SegmentedRaftLogWorker.run(SegmentedRaftLogWorker.java:289)
	at java.lang.Thread.run(Thread.java:748)
Caused by: java.util.concurrent.TimeoutException
	at java.util.concurrent.CompletableFuture.timedGet(CompletableFuture.java:1771)
	at java.util.concurrent.CompletableFuture.get(CompletableFuture.java:1915)
	at org.apache.ratis.util.IOUtils.getFromFuture(IOUtils.java:79)
	... 4 more
2019-09-12 14:25:19,942 [java.util.concurrent.ThreadPoolExecutor$Worker@7fbf0c72[State = -1, empty queue]] WARN  server.GrpcLogAppender (GrpcLogAppender.java:timeoutAppendRequest(200)) - a3deabaa-6f33-4549-9afe-d811f1beb6dc@group-947CD9AE92AF->c26651e2-a96c-4010-919f-87a827874a5b-GrpcLogAppender: appendEntries Timeout, request=a3deabaa-6f33-4549-9afe-d811f1beb6dc->c26651e2-a96c-4010-919f-87a827874a5b#35-t1, previous=(t:1, i:11), leaderCommit=6, initializing? false, entries: <empty>
2019-09-12 14:25:19,942 [java.util.concurrent.ThreadPoolExecutor$Worker@328bc467[State = -1, empty queue]] WARN  server.GrpcLogAppender (GrpcLogAppender.java:timeoutAppendRequest(200)) - a3deabaa-6f33-4549-9afe-d811f1beb6dc@group-947CD9AE92AF->e2538fa5-58a8-4aba-9576-486ea31efcb2-GrpcLogAppender: appendEntries Timeout, request=a3deabaa-6f33-4549-9afe-d811f1beb6dc->e2538fa5-58a8-4aba-9576-486ea31efcb2#35-t1, previous=(t:1, i:11), leaderCommit=6, initializing? false, entries: <empty>
2019-09-12 14:25:20,225 [grpc-default-executor-2] INFO  client.GrpcClientProtocolClient (GrpcClientProtocolClient.java:onNext(264)) - client-54609732956C->e2538fa5-58a8-4aba-9576-486ea31efcb2: receive RaftClientReply:client-54609732956C->e2538fa5-58a8-4aba-9576-486ea31efcb2@group-947CD9AE92AF, cid=16, FAILED org.apache.ratis.protocol.NotLeaderException: Server e2538fa5-58a8-4aba-9576-486ea31efcb2@group-947CD9AE92AF is not the leader a3deabaa-6f33-4549-9afe-d811f1beb6dc:192.168.5.171:38678, logIndex=0, commits[e2538fa5-58a8-4aba-9576-486ea31efcb2:c6, a3deabaa-6f33-4549-9afe-d811f1beb6dc:c6, c26651e2-a96c-4010-919f-87a827874a5b:c4]
2019-09-12 14:25:22,443 [java.util.concurrent.ThreadPoolExecutor$Worker@328bc467[State = -1, empty queue]] WARN  server.GrpcLogAppender (GrpcLogAppender.java:timeoutAppendRequest(200)) - a3deabaa-6f33-4549-9afe-d811f1beb6dc@group-947CD9AE92AF->e2538fa5-58a8-4aba-9576-486ea31efcb2-GrpcLogAppender: appendEntries Timeout, request=a3deabaa-6f33-4549-9afe-d811f1beb6dc->e2538fa5-58a8-4aba-9576-486ea31efcb2#36-t1, previous=(t:1, i:11), leaderCommit=6, initializing? false, entries: <empty>
2019-09-12 14:25:22,443 [java.util.concurrent.ThreadPoolExecutor$Worker@7fbf0c72[State = -1, empty queue]] WARN  server.GrpcLogAppender (GrpcLogAppender.java:timeoutAppendRequest(200)) - a3deabaa-6f33-4549-9afe-d811f1beb6dc@group-947CD9AE92AF->c26651e2-a96c-4010-919f-87a827874a5b-GrpcLogAppender: appendEntries Timeout, request=a3deabaa-6f33-4549-9afe-d811f1beb6dc->c26651e2-a96c-4010-919f-87a827874a5b#36-t1, previous=(t:1, i:11), leaderCommit=6, initializing? false, entries: <empty>
2019-09-12 14:25:24,944 [java.util.concurrent.ThreadPoolExecutor$Worker@7fbf0c72[State = -1, empty queue]] WARN  server.GrpcLogAppender (GrpcLogAppender.java:timeoutAppendRequest(200)) - a3deabaa-6f33-4549-9afe-d811f1beb6dc@group-947CD9AE92AF->c26651e2-a96c-4010-919f-87a827874a5b-GrpcLogAppender: appendEntries Timeout, request=a3deabaa-6f33-4549-9afe-d811f1beb6dc->c26651e2-a96c-4010-919f-87a827874a5b#37-t1, previous=(t:1, i:11), leaderCommit=6, initializing? false, entries: <empty>
2019-09-12 14:25:24,944 [java.util.concurrent.ThreadPoolExecutor$Worker@328bc467[State = -1, empty queue]] WARN  server.GrpcLogAppender (GrpcLogAppender.java:timeoutAppendRequest(200)) - a3deabaa-6f33-4549-9afe-d811f1beb6dc@group-947CD9AE92AF->e2538fa5-58a8-4aba-9576-486ea31efcb2-GrpcLogAppender: appendEntries Timeout, request=a3deabaa-6f33-4549-9afe-d811f1beb6dc->e2538fa5-58a8-4aba-9576-486ea31efcb2#37-t1, previous=(t:1, i:11), leaderCommit=6, initializing? false, entries: <empty>
2019-09-12 14:25:25,275 [grpc-default-executor-5] INFO  client.GrpcClientProtocolClient (GrpcClientProtocolClient.java:onNext(264)) - client-54609732956C->e2538fa5-58a8-4aba-9576-486ea31efcb2: receive RaftClientReply:client-54609732956C->e2538fa5-58a8-4aba-9576-486ea31efcb2@group-947CD9AE92AF, cid=16, FAILED org.apache.ratis.protocol.NotLeaderException: Server e2538fa5-58a8-4aba-9576-486ea31efcb2@group-947CD9AE92AF is not the leader a3deabaa-6f33-4549-9afe-d811f1beb6dc:192.168.5.171:38678, logIndex=0, commits[e2538fa5-58a8-4aba-9576-486ea31efcb2:c6, a3deabaa-6f33-4549-9afe-d811f1beb6dc:c6, c26651e2-a96c-4010-919f-87a827874a5b:c4]
2019-09-12 14:25:27,445 [java.util.concurrent.ThreadPoolExecutor$Worker@7fbf0c72[State = -1, empty queue]] WARN  server.GrpcLogAppender (GrpcLogAppender.java:timeoutAppendRequest(200)) - a3deabaa-6f33-4549-9afe-d811f1beb6dc@group-947CD9AE92AF->c26651e2-a96c-4010-919f-87a827874a5b-GrpcLogAppender: appendEntries Timeout, request=a3deabaa-6f33-4549-9afe-d811f1beb6dc->c26651e2-a96c-4010-919f-87a827874a5b#38-t1, previous=(t:1, i:11), leaderCommit=6, initializing? false, entries: <empty>
2019-09-12 14:25:27,445 [java.util.concurrent.ThreadPoolExecutor$Worker@328bc467[State = -1, empty queue]] WARN  server.GrpcLogAppender (GrpcLogAppender.java:timeoutAppendRequest(200)) - a3deabaa-6f33-4549-9afe-d811f1beb6dc@group-947CD9AE92AF->e2538fa5-58a8-4aba-9576-486ea31efcb2-GrpcLogAppender: appendEntries Timeout, request=a3deabaa-6f33-4549-9afe-d811f1beb6dc->e2538fa5-58a8-4aba-9576-486ea31efcb2#38-t1, previous=(t:1, i:11), leaderCommit=6, initializing? false, entries: <empty>
2019-09-12 14:25:29,591 [e2538fa5-58a8-4aba-9576-486ea31efcb2@group-947CD9AE92AF-SegmentedRaftLogWorker] WARN  segmented.SegmentedRaftLogWorker (SegmentedRaftLogWorker.java:getFromFuture(90)) - Timeout 6/~
org.apache.ratis.protocol.TimeoutIOException: Timeout 10s: WriteLog:8: (t:1, i:8), STATEMACHINELOGENTRY, client-54609732956C, cid=17-writeStateMachineData
	at org.apache.ratis.util.IOUtils.getFromFuture(IOUtils.java:87)
	at org.apache.ratis.server.raftlog.segmented.SegmentedRaftLogWorker$StateMachineDataPolicy.getFromFuture(SegmentedRaftLogWorker.java:87)
	at org.apache.ratis.server.raftlog.segmented.SegmentedRaftLogWorker$WriteLog.execute(SegmentedRaftLogWorker.java:477)
	at org.apache.ratis.server.raftlog.segmented.SegmentedRaftLogWorker.run(SegmentedRaftLogWorker.java:289)
	at java.lang.Thread.run(Thread.java:748)
Caused by: java.util.concurrent.TimeoutException
	at java.util.concurrent.CompletableFuture.timedGet(CompletableFuture.java:1771)
	at java.util.concurrent.CompletableFuture.get(CompletableFuture.java:1915)
	at org.apache.ratis.util.IOUtils.getFromFuture(IOUtils.java:79)
	... 4 more
2019-09-12 14:25:29,592 [c26651e2-a96c-4010-919f-87a827874a5b@group-947CD9AE92AF-SegmentedRaftLogWorker] WARN  segmented.SegmentedRaftLogWorker (SegmentedRaftLogWorker.java:getFromFuture(90)) - Timeout 6/~
org.apache.ratis.protocol.TimeoutIOException: Timeout 10s: WriteLog:8: (t:1, i:8), STATEMACHINELOGENTRY, client-54609732956C, cid=17-writeStateMachineData
	at org.apache.ratis.util.IOUtils.getFromFuture(IOUtils.java:87)
	at org.apache.ratis.server.raftlog.segmented.SegmentedRaftLogWorker$StateMachineDataPolicy.getFromFuture(SegmentedRaftLogWorker.java:87)
	at org.apache.ratis.server.raftlog.segmented.SegmentedRaftLogWorker$WriteLog.execute(SegmentedRaftLogWorker.java:477)
	at org.apache.ratis.server.raftlog.segmented.SegmentedRaftLogWorker.run(SegmentedRaftLogWorker.java:289)
	at java.lang.Thread.run(Thread.java:748)
Caused by: java.util.concurrent.TimeoutException
	at java.util.concurrent.CompletableFuture.timedGet(CompletableFuture.java:1771)
	at java.util.concurrent.CompletableFuture.get(CompletableFuture.java:1915)
	at org.apache.ratis.util.IOUtils.getFromFuture(IOUtils.java:79)
	... 4 more
2019-09-12 14:25:29,609 [a3deabaa-6f33-4549-9afe-d811f1beb6dc@group-947CD9AE92AF-SegmentedRaftLogWorker] WARN  segmented.SegmentedRaftLogWorker (SegmentedRaftLogWorker.java:getFromFuture(90)) - Timeout 6/~
org.apache.ratis.protocol.TimeoutIOException: Timeout 10s: WriteLog:8: (t:1, i:8), STATEMACHINELOGENTRY, client-54609732956C, cid=17-writeStateMachineData
	at org.apache.ratis.util.IOUtils.getFromFuture(IOUtils.java:87)
	at org.apache.ratis.server.raftlog.segmented.SegmentedRaftLogWorker$StateMachineDataPolicy.getFromFuture(SegmentedRaftLogWorker.java:87)
	at org.apache.ratis.server.raftlog.segmented.SegmentedRaftLogWorker$WriteLog.execute(SegmentedRaftLogWorker.java:477)
	at org.apache.ratis.server.raftlog.segmented.SegmentedRaftLogWorker.run(SegmentedRaftLogWorker.java:289)
	at java.lang.Thread.run(Thread.java:748)
Caused by: java.util.concurrent.TimeoutException
	at java.util.concurrent.CompletableFuture.timedGet(CompletableFuture.java:1771)
	at java.util.concurrent.CompletableFuture.get(CompletableFuture.java:1915)
	at org.apache.ratis.util.IOUtils.getFromFuture(IOUtils.java:79)
	... 4 more
2019-09-12 14:25:29,945 [java.util.concurrent.ThreadPoolExecutor$Worker@7fbf0c72[State = -1, empty queue]] WARN  server.GrpcLogAppender (GrpcLogAppender.java:timeoutAppendRequest(200)) - a3deabaa-6f33-4549-9afe-d811f1beb6dc@group-947CD9AE92AF->c26651e2-a96c-4010-919f-87a827874a5b-GrpcLogAppender: appendEntries Timeout, request=a3deabaa-6f33-4549-9afe-d811f1beb6dc->c26651e2-a96c-4010-919f-87a827874a5b#39-t1, previous=(t:1, i:11), leaderCommit=6, initializing? false, entries: <empty>
2019-09-12 14:25:29,945 [java.util.concurrent.ThreadPoolExecutor$Worker@328bc467[State = -1, empty queue]] WARN  server.GrpcLogAppender (GrpcLogAppender.java:timeoutAppendRequest(200)) - a3deabaa-6f33-4549-9afe-d811f1beb6dc@group-947CD9AE92AF->e2538fa5-58a8-4aba-9576-486ea31efcb2-GrpcLogAppender: appendEntries Timeout, request=a3deabaa-6f33-4549-9afe-d811f1beb6dc->e2538fa5-58a8-4aba-9576-486ea31efcb2#39-t1, previous=(t:1, i:11), leaderCommit=6, initializing? false, entries: <empty>
2019-09-12 14:25:30,325 [grpc-default-executor-5] INFO  client.GrpcClientProtocolClient (GrpcClientProtocolClient.java:onNext(264)) - client-54609732956C->e2538fa5-58a8-4aba-9576-486ea31efcb2: receive RaftClientReply:client-54609732956C->e2538fa5-58a8-4aba-9576-486ea31efcb2@group-947CD9AE92AF, cid=16, FAILED org.apache.ratis.protocol.NotLeaderException: Server e2538fa5-58a8-4aba-9576-486ea31efcb2@group-947CD9AE92AF is not the leader a3deabaa-6f33-4549-9afe-d811f1beb6dc:192.168.5.171:38678, logIndex=0, commits[e2538fa5-58a8-4aba-9576-486ea31efcb2:c6, a3deabaa-6f33-4549-9afe-d811f1beb6dc:c6, c26651e2-a96c-4010-919f-87a827874a5b:c4]
2019-09-12 14:25:32,446 [java.util.concurrent.ThreadPoolExecutor$Worker@7fbf0c72[State = -1, empty queue]] WARN  server.GrpcLogAppender (GrpcLogAppender.java:timeoutAppendRequest(200)) - a3deabaa-6f33-4549-9afe-d811f1beb6dc@group-947CD9AE92AF->c26651e2-a96c-4010-919f-87a827874a5b-GrpcLogAppender: appendEntries Timeout, request=a3deabaa-6f33-4549-9afe-d811f1beb6dc->c26651e2-a96c-4010-919f-87a827874a5b#40-t1, previous=(t:1, i:11), leaderCommit=6, initializing? false, entries: <empty>
2019-09-12 14:25:32,446 [java.util.concurrent.ThreadPoolExecutor$Worker@328bc467[State = -1, empty queue]] WARN  server.GrpcLogAppender (GrpcLogAppender.java:timeoutAppendRequest(200)) - a3deabaa-6f33-4549-9afe-d811f1beb6dc@group-947CD9AE92AF->e2538fa5-58a8-4aba-9576-486ea31efcb2-GrpcLogAppender: appendEntries Timeout, request=a3deabaa-6f33-4549-9afe-d811f1beb6dc->e2538fa5-58a8-4aba-9576-486ea31efcb2#40-t1, previous=(t:1, i:11), leaderCommit=6, initializing? false, entries: <empty>
2019-09-12 14:25:34,947 [java.util.concurrent.ThreadPoolExecutor$Worker@328bc467[State = -1, empty queue]] WARN  server.GrpcLogAppender (GrpcLogAppender.java:timeoutAppendRequest(200)) - a3deabaa-6f33-4549-9afe-d811f1beb6dc@group-947CD9AE92AF->e2538fa5-58a8-4aba-9576-486ea31efcb2-GrpcLogAppender: appendEntries Timeout, request=a3deabaa-6f33-4549-9afe-d811f1beb6dc->e2538fa5-58a8-4aba-9576-486ea31efcb2#41-t1, previous=(t:1, i:11), leaderCommit=6, initializing? false, entries: <empty>
2019-09-12 14:25:34,948 [java.util.concurrent.ThreadPoolExecutor$Worker@7fbf0c72[State = -1, empty queue]] WARN  server.GrpcLogAppender (GrpcLogAppender.java:timeoutAppendRequest(200)) - a3deabaa-6f33-4549-9afe-d811f1beb6dc@group-947CD9AE92AF->c26651e2-a96c-4010-919f-87a827874a5b-GrpcLogAppender: appendEntries Timeout, request=a3deabaa-6f33-4549-9afe-d811f1beb6dc->c26651e2-a96c-4010-919f-87a827874a5b#41-t1, previous=(t:1, i:11), leaderCommit=6, initializing? false, entries: <empty>
2019-09-12 14:25:35,388 [grpc-default-executor-5] INFO  client.GrpcClientProtocolClient (GrpcClientProtocolClient.java:onNext(264)) - client-54609732956C->e2538fa5-58a8-4aba-9576-486ea31efcb2: receive RaftClientReply:client-54609732956C->e2538fa5-58a8-4aba-9576-486ea31efcb2@group-947CD9AE92AF, cid=16, FAILED org.apache.ratis.protocol.NotLeaderException: Server e2538fa5-58a8-4aba-9576-486ea31efcb2@group-947CD9AE92AF is not the leader a3deabaa-6f33-4549-9afe-d811f1beb6dc:192.168.5.171:38678, logIndex=0, commits[e2538fa5-58a8-4aba-9576-486ea31efcb2:c6, a3deabaa-6f33-4549-9afe-d811f1beb6dc:c6, c26651e2-a96c-4010-919f-87a827874a5b:c4]
2019-09-12 14:25:37,447 [java.util.concurrent.ThreadPoolExecutor$Worker@328bc467[State = -1, empty queue]] WARN  server.GrpcLogAppender (GrpcLogAppender.java:timeoutAppendRequest(200)) - a3deabaa-6f33-4549-9afe-d811f1beb6dc@group-947CD9AE92AF->e2538fa5-58a8-4aba-9576-486ea31efcb2-GrpcLogAppender: appendEntries Timeout, request=a3deabaa-6f33-4549-9afe-d811f1beb6dc->e2538fa5-58a8-4aba-9576-486ea31efcb2#42-t1, previous=(t:1, i:11), leaderCommit=6, initializing? false, entries: <empty>
2019-09-12 14:25:37,447 [java.util.concurrent.ThreadPoolExecutor$Worker@7fbf0c72[State = -1, empty queue]] WARN  server.GrpcLogAppender (GrpcLogAppender.java:timeoutAppendRequest(200)) - a3deabaa-6f33-4549-9afe-d811f1beb6dc@group-947CD9AE92AF->c26651e2-a96c-4010-919f-87a827874a5b-GrpcLogAppender: appendEntries Timeout, request=a3deabaa-6f33-4549-9afe-d811f1beb6dc->c26651e2-a96c-4010-919f-87a827874a5b#42-t1, previous=(t:1, i:11), leaderCommit=6, initializing? false, entries: <empty>
2019-09-12 14:25:39,592 [e2538fa5-58a8-4aba-9576-486ea31efcb2@group-947CD9AE92AF-SegmentedRaftLogWorker] WARN  segmented.SegmentedRaftLogWorker (SegmentedRaftLogWorker.java:getFromFuture(90)) - Timeout 7/~
org.apache.ratis.protocol.TimeoutIOException: Timeout 10s: WriteLog:8: (t:1, i:8), STATEMACHINELOGENTRY, client-54609732956C, cid=17-writeStateMachineData
	at org.apache.ratis.util.IOUtils.getFromFuture(IOUtils.java:87)
	at org.apache.ratis.server.raftlog.segmented.SegmentedRaftLogWorker$StateMachineDataPolicy.getFromFuture(SegmentedRaftLogWorker.java:87)
	at org.apache.ratis.server.raftlog.segmented.SegmentedRaftLogWorker$WriteLog.execute(SegmentedRaftLogWorker.java:477)
	at org.apache.ratis.server.raftlog.segmented.SegmentedRaftLogWorker.run(SegmentedRaftLogWorker.java:289)
	at java.lang.Thread.run(Thread.java:748)
Caused by: java.util.concurrent.TimeoutException
	at java.util.concurrent.CompletableFuture.timedGet(CompletableFuture.java:1771)
	at java.util.concurrent.CompletableFuture.get(CompletableFuture.java:1915)
	at org.apache.ratis.util.IOUtils.getFromFuture(IOUtils.java:79)
	... 4 more
2019-09-12 14:25:39,610 [c26651e2-a96c-4010-919f-87a827874a5b@group-947CD9AE92AF-SegmentedRaftLogWorker] WARN  segmented.SegmentedRaftLogWorker (SegmentedRaftLogWorker.java:getFromFuture(90)) - Timeout 7/~
org.apache.ratis.protocol.TimeoutIOException: Timeout 10s: WriteLog:8: (t:1, i:8), STATEMACHINELOGENTRY, client-54609732956C, cid=17-writeStateMachineData
	at org.apache.ratis.util.IOUtils.getFromFuture(IOUtils.java:87)
	at org.apache.ratis.server.raftlog.segmented.SegmentedRaftLogWorker$StateMachineDataPolicy.getFromFuture(SegmentedRaftLogWorker.java:87)
	at org.apache.ratis.server.raftlog.segmented.SegmentedRaftLogWorker$WriteLog.execute(SegmentedRaftLogWorker.java:477)
	at org.apache.ratis.server.raftlog.segmented.SegmentedRaftLogWorker.run(SegmentedRaftLogWorker.java:289)
	at java.lang.Thread.run(Thread.java:748)
Caused by: java.util.concurrent.TimeoutException
	at java.util.concurrent.CompletableFuture.timedGet(CompletableFuture.java:1771)
	at java.util.concurrent.CompletableFuture.get(CompletableFuture.java:1915)
	at org.apache.ratis.util.IOUtils.getFromFuture(IOUtils.java:79)
	... 4 more
2019-09-12 14:25:39,610 [a3deabaa-6f33-4549-9afe-d811f1beb6dc@group-947CD9AE92AF-SegmentedRaftLogWorker] WARN  segmented.SegmentedRaftLogWorker (SegmentedRaftLogWorker.java:getFromFuture(90)) - Timeout 7/~
org.apache.ratis.protocol.TimeoutIOException: Timeout 10s: WriteLog:8: (t:1, i:8), STATEMACHINELOGENTRY, client-54609732956C, cid=17-writeStateMachineData
	at org.apache.ratis.util.IOUtils.getFromFuture(IOUtils.java:87)
	at org.apache.ratis.server.raftlog.segmented.SegmentedRaftLogWorker$StateMachineDataPolicy.getFromFuture(SegmentedRaftLogWorker.java:87)
	at org.apache.ratis.server.raftlog.segmented.SegmentedRaftLogWorker$WriteLog.execute(SegmentedRaftLogWorker.java:477)
	at org.apache.ratis.server.raftlog.segmented.SegmentedRaftLogWorker.run(SegmentedRaftLogWorker.java:289)
	at java.lang.Thread.run(Thread.java:748)
Caused by: java.util.concurrent.TimeoutException
	at java.util.concurrent.CompletableFuture.timedGet(CompletableFuture.java:1771)
	at java.util.concurrent.CompletableFuture.get(CompletableFuture.java:1915)
	at org.apache.ratis.util.IOUtils.getFromFuture(IOUtils.java:79)
	... 4 more
2019-09-12 14:25:39,948 [java.util.concurrent.ThreadPoolExecutor$Worker@328bc467[State = -1, empty queue]] WARN  server.GrpcLogAppender (GrpcLogAppender.java:timeoutAppendRequest(200)) - a3deabaa-6f33-4549-9afe-d811f1beb6dc@group-947CD9AE92AF->e2538fa5-58a8-4aba-9576-486ea31efcb2-GrpcLogAppender: appendEntries Timeout, request=a3deabaa-6f33-4549-9afe-d811f1beb6dc->e2538fa5-58a8-4aba-9576-486ea31efcb2#43-t1, previous=(t:1, i:11), leaderCommit=6, initializing? false, entries: <empty>
2019-09-12 14:25:39,948 [java.util.concurrent.ThreadPoolExecutor$Worker@7fbf0c72[State = -1, empty queue]] WARN  server.GrpcLogAppender (GrpcLogAppender.java:timeoutAppendRequest(200)) - a3deabaa-6f33-4549-9afe-d811f1beb6dc@group-947CD9AE92AF->c26651e2-a96c-4010-919f-87a827874a5b-GrpcLogAppender: appendEntries Timeout, request=a3deabaa-6f33-4549-9afe-d811f1beb6dc->c26651e2-a96c-4010-919f-87a827874a5b#43-t1, previous=(t:1, i:11), leaderCommit=6, initializing? false, entries: <empty>
2019-09-12 14:25:40,448 [grpc-default-executor-5] INFO  client.GrpcClientProtocolClient (GrpcClientProtocolClient.java:onNext(264)) - client-54609732956C->c26651e2-a96c-4010-919f-87a827874a5b: receive RaftClientReply:client-54609732956C->c26651e2-a96c-4010-919f-87a827874a5b@group-947CD9AE92AF, cid=16, FAILED org.apache.ratis.protocol.NotLeaderException: Server c26651e2-a96c-4010-919f-87a827874a5b@group-947CD9AE92AF is not the leader a3deabaa-6f33-4549-9afe-d811f1beb6dc:192.168.5.171:38678, logIndex=0, commits[c26651e2-a96c-4010-919f-87a827874a5b:c6, e2538fa5-58a8-4aba-9576-486ea31efcb2:c4, a3deabaa-6f33-4549-9afe-d811f1beb6dc:c6]
2019-09-12 14:25:42,448 [java.util.concurrent.ThreadPoolExecutor$Worker@328bc467[State = -1, empty queue]] WARN  server.GrpcLogAppender (GrpcLogAppender.java:timeoutAppendRequest(200)) - a3deabaa-6f33-4549-9afe-d811f1beb6dc@group-947CD9AE92AF->e2538fa5-58a8-4aba-9576-486ea31efcb2-GrpcLogAppender: appendEntries Timeout, request=a3deabaa-6f33-4549-9afe-d811f1beb6dc->e2538fa5-58a8-4aba-9576-486ea31efcb2#44-t1, previous=(t:1, i:11), leaderCommit=6, initializing? false, entries: <empty>
2019-09-12 14:25:42,449 [java.util.concurrent.ThreadPoolExecutor$Worker@7fbf0c72[State = -1, empty queue]] WARN  server.GrpcLogAppender (GrpcLogAppender.java:timeoutAppendRequest(200)) - a3deabaa-6f33-4549-9afe-d811f1beb6dc@group-947CD9AE92AF->c26651e2-a96c-4010-919f-87a827874a5b-GrpcLogAppender: appendEntries Timeout, request=a3deabaa-6f33-4549-9afe-d811f1beb6dc->c26651e2-a96c-4010-919f-87a827874a5b#44-t1, previous=(t:1, i:11), leaderCommit=6, initializing? false, entries: <empty>
2019-09-12 14:25:44,949 [java.util.concurrent.ThreadPoolExecutor$Worker@328bc467[State = -1, empty queue]] WARN  server.GrpcLogAppender (GrpcLogAppender.java:timeoutAppendRequest(200)) - a3deabaa-6f33-4549-9afe-d811f1beb6dc@group-947CD9AE92AF->e2538fa5-58a8-4aba-9576-486ea31efcb2-GrpcLogAppender: appendEntries Timeout, request=a3deabaa-6f33-4549-9afe-d811f1beb6dc->e2538fa5-58a8-4aba-9576-486ea31efcb2#45-t1, previous=(t:1, i:11), leaderCommit=6, initializing? false, entries: <empty>
2019-09-12 14:25:44,949 [java.util.concurrent.ThreadPoolExecutor$Worker@7fbf0c72[State = -1, empty queue]] WARN  server.GrpcLogAppender (GrpcLogAppender.java:timeoutAppendRequest(200)) - a3deabaa-6f33-4549-9afe-d811f1beb6dc@group-947CD9AE92AF->c26651e2-a96c-4010-919f-87a827874a5b-GrpcLogAppender: appendEntries Timeout, request=a3deabaa-6f33-4549-9afe-d811f1beb6dc->c26651e2-a96c-4010-919f-87a827874a5b#45-t1, previous=(t:1, i:11), leaderCommit=6, initializing? false, entries: <empty>
2019-09-12 14:25:45,503 [grpc-default-executor-5] INFO  client.GrpcClientProtocolClient (GrpcClientProtocolClient.java:onNext(264)) - client-54609732956C->c26651e2-a96c-4010-919f-87a827874a5b: receive RaftClientReply:client-54609732956C->c26651e2-a96c-4010-919f-87a827874a5b@group-947CD9AE92AF, cid=16, FAILED org.apache.ratis.protocol.NotLeaderException: Server c26651e2-a96c-4010-919f-87a827874a5b@group-947CD9AE92AF is not the leader a3deabaa-6f33-4549-9afe-d811f1beb6dc:192.168.5.171:38678, logIndex=0, commits[c26651e2-a96c-4010-919f-87a827874a5b:c6, e2538fa5-58a8-4aba-9576-486ea31efcb2:c4, a3deabaa-6f33-4549-9afe-d811f1beb6dc:c6]
2019-09-12 14:25:47,450 [java.util.concurrent.ThreadPoolExecutor$Worker@328bc467[State = -1, empty queue]] WARN  server.GrpcLogAppender (GrpcLogAppender.java:timeoutAppendRequest(200)) - a3deabaa-6f33-4549-9afe-d811f1beb6dc@group-947CD9AE92AF->e2538fa5-58a8-4aba-9576-486ea31efcb2-GrpcLogAppender: appendEntries Timeout, request=a3deabaa-6f33-4549-9afe-d811f1beb6dc->e2538fa5-58a8-4aba-9576-486ea31efcb2#46-t1, previous=(t:1, i:11), leaderCommit=6, initializing? false, entries: <empty>
2019-09-12 14:25:47,450 [java.util.concurrent.ThreadPoolExecutor$Worker@7fbf0c72[State = -1, empty queue]] WARN  server.GrpcLogAppender (GrpcLogAppender.java:timeoutAppendRequest(200)) - a3deabaa-6f33-4549-9afe-d811f1beb6dc@group-947CD9AE92AF->c26651e2-a96c-4010-919f-87a827874a5b-GrpcLogAppender: appendEntries Timeout, request=a3deabaa-6f33-4549-9afe-d811f1beb6dc->c26651e2-a96c-4010-919f-87a827874a5b#46-t1, previous=(t:1, i:11), leaderCommit=6, initializing? false, entries: <empty>
2019-09-12 14:25:49,594 [e2538fa5-58a8-4aba-9576-486ea31efcb2@group-947CD9AE92AF-SegmentedRaftLogWorker] WARN  segmented.SegmentedRaftLogWorker (SegmentedRaftLogWorker.java:getFromFuture(90)) - Timeout 8/~
org.apache.ratis.protocol.TimeoutIOException: Timeout 10s: WriteLog:8: (t:1, i:8), STATEMACHINELOGENTRY, client-54609732956C, cid=17-writeStateMachineData
	at org.apache.ratis.util.IOUtils.getFromFuture(IOUtils.java:87)
	at org.apache.ratis.server.raftlog.segmented.SegmentedRaftLogWorker$StateMachineDataPolicy.getFromFuture(SegmentedRaftLogWorker.java:87)
	at org.apache.ratis.server.raftlog.segmented.SegmentedRaftLogWorker$WriteLog.execute(SegmentedRaftLogWorker.java:477)
	at org.apache.ratis.server.raftlog.segmented.SegmentedRaftLogWorker.run(SegmentedRaftLogWorker.java:289)
	at java.lang.Thread.run(Thread.java:748)
Caused by: java.util.concurrent.TimeoutException
	at java.util.concurrent.CompletableFuture.timedGet(CompletableFuture.java:1771)
	at java.util.concurrent.CompletableFuture.get(CompletableFuture.java:1915)
	at org.apache.ratis.util.IOUtils.getFromFuture(IOUtils.java:79)
	... 4 more
2019-09-12 14:25:49,610 [c26651e2-a96c-4010-919f-87a827874a5b@group-947CD9AE92AF-SegmentedRaftLogWorker] WARN  segmented.SegmentedRaftLogWorker (SegmentedRaftLogWorker.java:getFromFuture(90)) - Timeout 8/~
org.apache.ratis.protocol.TimeoutIOException: Timeout 10s: WriteLog:8: (t:1, i:8), STATEMACHINELOGENTRY, client-54609732956C, cid=17-writeStateMachineData
	at org.apache.ratis.util.IOUtils.getFromFuture(IOUtils.java:87)
	at org.apache.ratis.server.raftlog.segmented.SegmentedRaftLogWorker$StateMachineDataPolicy.getFromFuture(SegmentedRaftLogWorker.java:87)
	at org.apache.ratis.server.raftlog.segmented.SegmentedRaftLogWorker$WriteLog.execute(SegmentedRaftLogWorker.java:477)
	at org.apache.ratis.server.raftlog.segmented.SegmentedRaftLogWorker.run(SegmentedRaftLogWorker.java:289)
	at java.lang.Thread.run(Thread.java:748)
Caused by: java.util.concurrent.TimeoutException
	at java.util.concurrent.CompletableFuture.timedGet(CompletableFuture.java:1771)
	at java.util.concurrent.CompletableFuture.get(CompletableFuture.java:1915)
	at org.apache.ratis.util.IOUtils.getFromFuture(IOUtils.java:79)
	... 4 more
2019-09-12 14:25:49,611 [a3deabaa-6f33-4549-9afe-d811f1beb6dc@group-947CD9AE92AF-SegmentedRaftLogWorker] WARN  segmented.SegmentedRaftLogWorker (SegmentedRaftLogWorker.java:getFromFuture(90)) - Timeout 8/~
org.apache.ratis.protocol.TimeoutIOException: Timeout 10s: WriteLog:8: (t:1, i:8), STATEMACHINELOGENTRY, client-54609732956C, cid=17-writeStateMachineData
	at org.apache.ratis.util.IOUtils.getFromFuture(IOUtils.java:87)
	at org.apache.ratis.server.raftlog.segmented.SegmentedRaftLogWorker$StateMachineDataPolicy.getFromFuture(SegmentedRaftLogWorker.java:87)
	at org.apache.ratis.server.raftlog.segmented.SegmentedRaftLogWorker$WriteLog.execute(SegmentedRaftLogWorker.java:477)
	at org.apache.ratis.server.raftlog.segmented.SegmentedRaftLogWorker.run(SegmentedRaftLogWorker.java:289)
	at java.lang.Thread.run(Thread.java:748)
Caused by: java.util.concurrent.TimeoutException
	at java.util.concurrent.CompletableFuture.timedGet(CompletableFuture.java:1771)
	at java.util.concurrent.CompletableFuture.get(CompletableFuture.java:1915)
	at org.apache.ratis.util.IOUtils.getFromFuture(IOUtils.java:79)
	... 4 more
2019-09-12 14:25:49,950 [java.util.concurrent.ThreadPoolExecutor$Worker@328bc467[State = -1, empty queue]] WARN  server.GrpcLogAppender (GrpcLogAppender.java:timeoutAppendRequest(200)) - a3deabaa-6f33-4549-9afe-d811f1beb6dc@group-947CD9AE92AF->e2538fa5-58a8-4aba-9576-486ea31efcb2-GrpcLogAppender: appendEntries Timeout, request=a3deabaa-6f33-4549-9afe-d811f1beb6dc->e2538fa5-58a8-4aba-9576-486ea31efcb2#47-t1, previous=(t:1, i:11), leaderCommit=6, initializing? false, entries: <empty>
2019-09-12 14:25:49,951 [java.util.concurrent.ThreadPoolExecutor$Worker@7fbf0c72[State = -1, empty queue]] WARN  server.GrpcLogAppender (GrpcLogAppender.java:timeoutAppendRequest(200)) - a3deabaa-6f33-4549-9afe-d811f1beb6dc@group-947CD9AE92AF->c26651e2-a96c-4010-919f-87a827874a5b-GrpcLogAppender: appendEntries Timeout, request=a3deabaa-6f33-4549-9afe-d811f1beb6dc->c26651e2-a96c-4010-919f-87a827874a5b#47-t1, previous=(t:1, i:11), leaderCommit=6, initializing? false, entries: <empty>
2019-09-12 14:25:50,563 [grpc-default-executor-5] INFO  client.GrpcClientProtocolClient (GrpcClientProtocolClient.java:onNext(264)) - client-54609732956C->c26651e2-a96c-4010-919f-87a827874a5b: receive RaftClientReply:client-54609732956C->c26651e2-a96c-4010-919f-87a827874a5b@group-947CD9AE92AF, cid=16, FAILED org.apache.ratis.protocol.NotLeaderException: Server c26651e2-a96c-4010-919f-87a827874a5b@group-947CD9AE92AF is not the leader a3deabaa-6f33-4549-9afe-d811f1beb6dc:192.168.5.171:38678, logIndex=0, commits[c26651e2-a96c-4010-919f-87a827874a5b:c6, e2538fa5-58a8-4aba-9576-486ea31efcb2:c4, a3deabaa-6f33-4549-9afe-d811f1beb6dc:c6]
2019-09-12 14:25:52,451 [java.util.concurrent.ThreadPoolExecutor$Worker@328bc467[State = -1, empty queue]] WARN  server.GrpcLogAppender (GrpcLogAppender.java:timeoutAppendRequest(200)) - a3deabaa-6f33-4549-9afe-d811f1beb6dc@group-947CD9AE92AF->e2538fa5-58a8-4aba-9576-486ea31efcb2-GrpcLogAppender: appendEntries Timeout, request=a3deabaa-6f33-4549-9afe-d811f1beb6dc->e2538fa5-58a8-4aba-9576-486ea31efcb2#48-t1, previous=(t:1, i:11), leaderCommit=6, initializing? false, entries: <empty>
2019-09-12 14:25:52,451 [java.util.concurrent.ThreadPoolExecutor$Worker@7fbf0c72[State = -1, empty queue]] WARN  server.GrpcLogAppender (GrpcLogAppender.java:timeoutAppendRequest(200)) - a3deabaa-6f33-4549-9afe-d811f1beb6dc@group-947CD9AE92AF->c26651e2-a96c-4010-919f-87a827874a5b-GrpcLogAppender: appendEntries Timeout, request=a3deabaa-6f33-4549-9afe-d811f1beb6dc->c26651e2-a96c-4010-919f-87a827874a5b#48-t1, previous=(t:1, i:11), leaderCommit=6, initializing? false, entries: <empty>
2019-09-12 14:25:54,951 [java.util.concurrent.ThreadPoolExecutor$Worker@328bc467[State = -1, empty queue]] WARN  server.GrpcLogAppender (GrpcLogAppender.java:timeoutAppendRequest(200)) - a3deabaa-6f33-4549-9afe-d811f1beb6dc@group-947CD9AE92AF->e2538fa5-58a8-4aba-9576-486ea31efcb2-GrpcLogAppender: appendEntries Timeout, request=a3deabaa-6f33-4549-9afe-d811f1beb6dc->e2538fa5-58a8-4aba-9576-486ea31efcb2#49-t1, previous=(t:1, i:11), leaderCommit=6, initializing? false, entries: <empty>
2019-09-12 14:25:54,951 [java.util.concurrent.ThreadPoolExecutor$Worker@7fbf0c72[State = -1, empty queue]] WARN  server.GrpcLogAppender (GrpcLogAppender.java:timeoutAppendRequest(200)) - a3deabaa-6f33-4549-9afe-d811f1beb6dc@group-947CD9AE92AF->c26651e2-a96c-4010-919f-87a827874a5b-GrpcLogAppender: appendEntries Timeout, request=a3deabaa-6f33-4549-9afe-d811f1beb6dc->c26651e2-a96c-4010-919f-87a827874a5b#49-t1, previous=(t:1, i:11), leaderCommit=6, initializing? false, entries: <empty>
2019-09-12 14:25:55,615 [grpc-default-executor-5] INFO  client.GrpcClientProtocolClient (GrpcClientProtocolClient.java:onNext(264)) - client-54609732956C->e2538fa5-58a8-4aba-9576-486ea31efcb2: receive RaftClientReply:client-54609732956C->e2538fa5-58a8-4aba-9576-486ea31efcb2@group-947CD9AE92AF, cid=16, FAILED org.apache.ratis.protocol.NotLeaderException: Server e2538fa5-58a8-4aba-9576-486ea31efcb2@group-947CD9AE92AF is not the leader a3deabaa-6f33-4549-9afe-d811f1beb6dc:192.168.5.171:38678, logIndex=0, commits[e2538fa5-58a8-4aba-9576-486ea31efcb2:c6, a3deabaa-6f33-4549-9afe-d811f1beb6dc:c6, c26651e2-a96c-4010-919f-87a827874a5b:c4]
2019-09-12 14:25:57,452 [java.util.concurrent.ThreadPoolExecutor$Worker@328bc467[State = -1, empty queue]] WARN  server.GrpcLogAppender (GrpcLogAppender.java:timeoutAppendRequest(200)) - a3deabaa-6f33-4549-9afe-d811f1beb6dc@group-947CD9AE92AF->e2538fa5-58a8-4aba-9576-486ea31efcb2-GrpcLogAppender: appendEntries Timeout, request=a3deabaa-6f33-4549-9afe-d811f1beb6dc->e2538fa5-58a8-4aba-9576-486ea31efcb2#50-t1, previous=(t:1, i:11), leaderCommit=6, initializing? false, entries: <empty>
2019-09-12 14:25:57,452 [java.util.concurrent.ThreadPoolExecutor$Worker@7fbf0c72[State = -1, empty queue]] WARN  server.GrpcLogAppender (GrpcLogAppender.java:timeoutAppendRequest(200)) - a3deabaa-6f33-4549-9afe-d811f1beb6dc@group-947CD9AE92AF->c26651e2-a96c-4010-919f-87a827874a5b-GrpcLogAppender: appendEntries Timeout, request=a3deabaa-6f33-4549-9afe-d811f1beb6dc->c26651e2-a96c-4010-919f-87a827874a5b#50-t1, previous=(t:1, i:11), leaderCommit=6, initializing? false, entries: <empty>
2019-09-12 14:25:59,596 [e2538fa5-58a8-4aba-9576-486ea31efcb2@group-947CD9AE92AF-SegmentedRaftLogWorker] WARN  segmented.SegmentedRaftLogWorker (SegmentedRaftLogWorker.java:getFromFuture(90)) - Timeout 9/~
org.apache.ratis.protocol.TimeoutIOException: Timeout 10s: WriteLog:8: (t:1, i:8), STATEMACHINELOGENTRY, client-54609732956C, cid=17-writeStateMachineData
	at org.apache.ratis.util.IOUtils.getFromFuture(IOUtils.java:87)
	at org.apache.ratis.server.raftlog.segmented.SegmentedRaftLogWorker$StateMachineDataPolicy.getFromFuture(SegmentedRaftLogWorker.java:87)
	at org.apache.ratis.server.raftlog.segmented.SegmentedRaftLogWorker$WriteLog.execute(SegmentedRaftLogWorker.java:477)
	at org.apache.ratis.server.raftlog.segmented.SegmentedRaftLogWorker.run(SegmentedRaftLogWorker.java:289)
	at java.lang.Thread.run(Thread.java:748)
Caused by: java.util.concurrent.TimeoutException
	at java.util.concurrent.CompletableFuture.timedGet(CompletableFuture.java:1771)
	at java.util.concurrent.CompletableFuture.get(CompletableFuture.java:1915)
	at org.apache.ratis.util.IOUtils.getFromFuture(IOUtils.java:79)
	... 4 more
2019-09-12 14:25:59,611 [c26651e2-a96c-4010-919f-87a827874a5b@group-947CD9AE92AF-SegmentedRaftLogWorker] WARN  segmented.SegmentedRaftLogWorker (SegmentedRaftLogWorker.java:getFromFuture(90)) - Timeout 9/~
org.apache.ratis.protocol.TimeoutIOException: Timeout 10s: WriteLog:8: (t:1, i:8), STATEMACHINELOGENTRY, client-54609732956C, cid=17-writeStateMachineData
	at org.apache.ratis.util.IOUtils.getFromFuture(IOUtils.java:87)
	at org.apache.ratis.server.raftlog.segmented.SegmentedRaftLogWorker$StateMachineDataPolicy.getFromFuture(SegmentedRaftLogWorker.java:87)
	at org.apache.ratis.server.raftlog.segmented.SegmentedRaftLogWorker$WriteLog.execute(SegmentedRaftLogWorker.java:477)
	at org.apache.ratis.server.raftlog.segmented.SegmentedRaftLogWorker.run(SegmentedRaftLogWorker.java:289)
	at java.lang.Thread.run(Thread.java:748)
Caused by: java.util.concurrent.TimeoutException
	at java.util.concurrent.CompletableFuture.timedGet(CompletableFuture.java:1771)
	at java.util.concurrent.CompletableFuture.get(CompletableFuture.java:1915)
	at org.apache.ratis.util.IOUtils.getFromFuture(IOUtils.java:79)
	... 4 more
2019-09-12 14:25:59,612 [a3deabaa-6f33-4549-9afe-d811f1beb6dc@group-947CD9AE92AF-SegmentedRaftLogWorker] WARN  segmented.SegmentedRaftLogWorker (SegmentedRaftLogWorker.java:getFromFuture(90)) - Timeout 9/~
org.apache.ratis.protocol.TimeoutIOException: Timeout 10s: WriteLog:8: (t:1, i:8), STATEMACHINELOGENTRY, client-54609732956C, cid=17-writeStateMachineData
	at org.apache.ratis.util.IOUtils.getFromFuture(IOUtils.java:87)
	at org.apache.ratis.server.raftlog.segmented.SegmentedRaftLogWorker$StateMachineDataPolicy.getFromFuture(SegmentedRaftLogWorker.java:87)
	at org.apache.ratis.server.raftlog.segmented.SegmentedRaftLogWorker$WriteLog.execute(SegmentedRaftLogWorker.java:477)
	at org.apache.ratis.server.raftlog.segmented.SegmentedRaftLogWorker.run(SegmentedRaftLogWorker.java:289)
	at java.lang.Thread.run(Thread.java:748)
Caused by: java.util.concurrent.TimeoutException
	at java.util.concurrent.CompletableFuture.timedGet(CompletableFuture.java:1771)
	at java.util.concurrent.CompletableFuture.get(CompletableFuture.java:1915)
	at org.apache.ratis.util.IOUtils.getFromFuture(IOUtils.java:79)
	... 4 more
2019-09-12 14:25:59,953 [java.util.concurrent.ThreadPoolExecutor$Worker@328bc467[State = -1, empty queue]] WARN  server.GrpcLogAppender (GrpcLogAppender.java:timeoutAppendRequest(200)) - a3deabaa-6f33-4549-9afe-d811f1beb6dc@group-947CD9AE92AF->e2538fa5-58a8-4aba-9576-486ea31efcb2-GrpcLogAppender: appendEntries Timeout, request=a3deabaa-6f33-4549-9afe-d811f1beb6dc->e2538fa5-58a8-4aba-9576-486ea31efcb2#51-t1, previous=(t:1, i:11), leaderCommit=6, initializing? false, entries: <empty>
2019-09-12 14:25:59,953 [java.util.concurrent.ThreadPoolExecutor$Worker@7fbf0c72[State = -1, empty queue]] WARN  server.GrpcLogAppender (GrpcLogAppender.java:timeoutAppendRequest(200)) - a3deabaa-6f33-4549-9afe-d811f1beb6dc@group-947CD9AE92AF->c26651e2-a96c-4010-919f-87a827874a5b-GrpcLogAppender: appendEntries Timeout, request=a3deabaa-6f33-4549-9afe-d811f1beb6dc->c26651e2-a96c-4010-919f-87a827874a5b#51-t1, previous=(t:1, i:11), leaderCommit=6, initializing? false, entries: <empty>
2019-09-12 14:26:00,701 [grpc-default-executor-5] INFO  client.GrpcClientProtocolClient (GrpcClientProtocolClient.java:onNext(264)) - client-54609732956C->e2538fa5-58a8-4aba-9576-486ea31efcb2: receive RaftClientReply:client-54609732956C->e2538fa5-58a8-4aba-9576-486ea31efcb2@group-947CD9AE92AF, cid=16, FAILED org.apache.ratis.protocol.NotLeaderException: Server e2538fa5-58a8-4aba-9576-486ea31efcb2@group-947CD9AE92AF is not the leader a3deabaa-6f33-4549-9afe-d811f1beb6dc:192.168.5.171:38678, logIndex=0, commits[e2538fa5-58a8-4aba-9576-486ea31efcb2:c6, a3deabaa-6f33-4549-9afe-d811f1beb6dc:c6, c26651e2-a96c-4010-919f-87a827874a5b:c4]
2019-09-12 14:26:02,453 [java.util.concurrent.ThreadPoolExecutor$Worker@328bc467[State = -1, empty queue]] WARN  server.GrpcLogAppender (GrpcLogAppender.java:timeoutAppendRequest(200)) - a3deabaa-6f33-4549-9afe-d811f1beb6dc@group-947CD9AE92AF->e2538fa5-58a8-4aba-9576-486ea31efcb2-GrpcLogAppender: appendEntries Timeout, request=a3deabaa-6f33-4549-9afe-d811f1beb6dc->e2538fa5-58a8-4aba-9576-486ea31efcb2#52-t1, previous=(t:1, i:11), leaderCommit=6, initializing? false, entries: <empty>
2019-09-12 14:26:02,453 [java.util.concurrent.ThreadPoolExecutor$Worker@7fbf0c72[State = -1, empty queue]] WARN  server.GrpcLogAppender (GrpcLogAppender.java:timeoutAppendRequest(200)) - a3deabaa-6f33-4549-9afe-d811f1beb6dc@group-947CD9AE92AF->c26651e2-a96c-4010-919f-87a827874a5b-GrpcLogAppender: appendEntries Timeout, request=a3deabaa-6f33-4549-9afe-d811f1beb6dc->c26651e2-a96c-4010-919f-87a827874a5b#52-t1, previous=(t:1, i:11), leaderCommit=6, initializing? false, entries: <empty>
2019-09-12 14:26:04,954 [java.util.concurrent.ThreadPoolExecutor$Worker@328bc467[State = -1, empty queue]] WARN  server.GrpcLogAppender (GrpcLogAppender.java:timeoutAppendRequest(200)) - a3deabaa-6f33-4549-9afe-d811f1beb6dc@group-947CD9AE92AF->e2538fa5-58a8-4aba-9576-486ea31efcb2-GrpcLogAppender: appendEntries Timeout, request=a3deabaa-6f33-4549-9afe-d811f1beb6dc->e2538fa5-58a8-4aba-9576-486ea31efcb2#53-t1, previous=(t:1, i:11), leaderCommit=6, initializing? false, entries: <empty>
2019-09-12 14:26:04,954 [java.util.concurrent.ThreadPoolExecutor$Worker@7fbf0c72[State = -1, empty queue]] WARN  server.GrpcLogAppender (GrpcLogAppender.java:timeoutAppendRequest(200)) - a3deabaa-6f33-4549-9afe-d811f1beb6dc@group-947CD9AE92AF->c26651e2-a96c-4010-919f-87a827874a5b-GrpcLogAppender: appendEntries Timeout, request=a3deabaa-6f33-4549-9afe-d811f1beb6dc->c26651e2-a96c-4010-919f-87a827874a5b#53-t1, previous=(t:1, i:11), leaderCommit=6, initializing? false, entries: <empty>
2019-09-12 14:26:05,773 [grpc-default-executor-5] INFO  client.GrpcClientProtocolClient (GrpcClientProtocolClient.java:onNext(264)) - client-54609732956C->e2538fa5-58a8-4aba-9576-486ea31efcb2: receive RaftClientReply:client-54609732956C->e2538fa5-58a8-4aba-9576-486ea31efcb2@group-947CD9AE92AF, cid=16, FAILED org.apache.ratis.protocol.NotLeaderException: Server e2538fa5-58a8-4aba-9576-486ea31efcb2@group-947CD9AE92AF is not the leader a3deabaa-6f33-4549-9afe-d811f1beb6dc:192.168.5.171:38678, logIndex=0, commits[e2538fa5-58a8-4aba-9576-486ea31efcb2:c6, a3deabaa-6f33-4549-9afe-d811f1beb6dc:c6, c26651e2-a96c-4010-919f-87a827874a5b:c4]
2019-09-12 14:26:07,454 [java.util.concurrent.ThreadPoolExecutor$Worker@328bc467[State = -1, empty queue]] WARN  server.GrpcLogAppender (GrpcLogAppender.java:timeoutAppendRequest(200)) - a3deabaa-6f33-4549-9afe-d811f1beb6dc@group-947CD9AE92AF->e2538fa5-58a8-4aba-9576-486ea31efcb2-GrpcLogAppender: appendEntries Timeout, request=a3deabaa-6f33-4549-9afe-d811f1beb6dc->e2538fa5-58a8-4aba-9576-486ea31efcb2#54-t1, previous=(t:1, i:11), leaderCommit=6, initializing? false, entries: <empty>
2019-09-12 14:26:07,454 [java.util.concurrent.ThreadPoolExecutor$Worker@7fbf0c72[State = -1, empty queue]] WARN  server.GrpcLogAppender (GrpcLogAppender.java:timeoutAppendRequest(200)) - a3deabaa-6f33-4549-9afe-d811f1beb6dc@group-947CD9AE92AF->c26651e2-a96c-4010-919f-87a827874a5b-GrpcLogAppender: appendEntries Timeout, request=a3deabaa-6f33-4549-9afe-d811f1beb6dc->c26651e2-a96c-4010-919f-87a827874a5b#54-t1, previous=(t:1, i:11), leaderCommit=6, initializing? false, entries: <empty>
2019-09-12 14:26:09,597 [e2538fa5-58a8-4aba-9576-486ea31efcb2@group-947CD9AE92AF-SegmentedRaftLogWorker] WARN  segmented.SegmentedRaftLogWorker (SegmentedRaftLogWorker.java:getFromFuture(90)) - Timeout 10/~
org.apache.ratis.protocol.TimeoutIOException: Timeout 10s: WriteLog:8: (t:1, i:8), STATEMACHINELOGENTRY, client-54609732956C, cid=17-writeStateMachineData
	at org.apache.ratis.util.IOUtils.getFromFuture(IOUtils.java:87)
	at org.apache.ratis.server.raftlog.segmented.SegmentedRaftLogWorker$StateMachineDataPolicy.getFromFuture(SegmentedRaftLogWorker.java:87)
	at org.apache.ratis.server.raftlog.segmented.SegmentedRaftLogWorker$WriteLog.execute(SegmentedRaftLogWorker.java:477)
	at org.apache.ratis.server.raftlog.segmented.SegmentedRaftLogWorker.run(SegmentedRaftLogWorker.java:289)
	at java.lang.Thread.run(Thread.java:748)
Caused by: java.util.concurrent.TimeoutException
	at java.util.concurrent.CompletableFuture.timedGet(CompletableFuture.java:1771)
	at java.util.concurrent.CompletableFuture.get(CompletableFuture.java:1915)
	at org.apache.ratis.util.IOUtils.getFromFuture(IOUtils.java:79)
	... 4 more
2019-09-12 14:26:09,612 [c26651e2-a96c-4010-919f-87a827874a5b@group-947CD9AE92AF-SegmentedRaftLogWorker] WARN  segmented.SegmentedRaftLogWorker (SegmentedRaftLogWorker.java:getFromFuture(90)) - Timeout 10/~
org.apache.ratis.protocol.TimeoutIOException: Timeout 10s: WriteLog:8: (t:1, i:8), STATEMACHINELOGENTRY, client-54609732956C, cid=17-writeStateMachineData
	at org.apache.ratis.util.IOUtils.getFromFuture(IOUtils.java:87)
	at org.apache.ratis.server.raftlog.segmented.SegmentedRaftLogWorker$StateMachineDataPolicy.getFromFuture(SegmentedRaftLogWorker.java:87)
	at org.apache.ratis.server.raftlog.segmented.SegmentedRaftLogWorker$WriteLog.execute(SegmentedRaftLogWorker.java:477)
	at org.apache.ratis.server.raftlog.segmented.SegmentedRaftLogWorker.run(SegmentedRaftLogWorker.java:289)
	at java.lang.Thread.run(Thread.java:748)
Caused by: java.util.concurrent.TimeoutException
	at java.util.concurrent.CompletableFuture.timedGet(CompletableFuture.java:1771)
	at java.util.concurrent.CompletableFuture.get(CompletableFuture.java:1915)
	at org.apache.ratis.util.IOUtils.getFromFuture(IOUtils.java:79)
	... 4 more
2019-09-12 14:26:09,613 [a3deabaa-6f33-4549-9afe-d811f1beb6dc@group-947CD9AE92AF-SegmentedRaftLogWorker] WARN  segmented.SegmentedRaftLogWorker (SegmentedRaftLogWorker.java:getFromFuture(90)) - Timeout 10/~
org.apache.ratis.protocol.TimeoutIOException: Timeout 10s: WriteLog:8: (t:1, i:8), STATEMACHINELOGENTRY, client-54609732956C, cid=17-writeStateMachineData
	at org.apache.ratis.util.IOUtils.getFromFuture(IOUtils.java:87)
	at org.apache.ratis.server.raftlog.segmented.SegmentedRaftLogWorker$StateMachineDataPolicy.getFromFuture(SegmentedRaftLogWorker.java:87)
	at org.apache.ratis.server.raftlog.segmented.SegmentedRaftLogWorker$WriteLog.execute(SegmentedRaftLogWorker.java:477)
	at org.apache.ratis.server.raftlog.segmented.SegmentedRaftLogWorker.run(SegmentedRaftLogWorker.java:289)
	at java.lang.Thread.run(Thread.java:748)
Caused by: java.util.concurrent.TimeoutException
	at java.util.concurrent.CompletableFuture.timedGet(CompletableFuture.java:1771)
	at java.util.concurrent.CompletableFuture.get(CompletableFuture.java:1915)
	at org.apache.ratis.util.IOUtils.getFromFuture(IOUtils.java:79)
	... 4 more
2019-09-12 14:26:09,955 [java.util.concurrent.ThreadPoolExecutor$Worker@328bc467[State = -1, empty queue]] WARN  server.GrpcLogAppender (GrpcLogAppender.java:timeoutAppendRequest(200)) - a3deabaa-6f33-4549-9afe-d811f1beb6dc@group-947CD9AE92AF->e2538fa5-58a8-4aba-9576-486ea31efcb2-GrpcLogAppender: appendEntries Timeout, request=a3deabaa-6f33-4549-9afe-d811f1beb6dc->e2538fa5-58a8-4aba-9576-486ea31efcb2#55-t1, previous=(t:1, i:11), leaderCommit=6, initializing? false, entries: <empty>
2019-09-12 14:26:09,955 [java.util.concurrent.ThreadPoolExecutor$Worker@7fbf0c72[State = -1, empty queue]] WARN  server.GrpcLogAppender (GrpcLogAppender.java:timeoutAppendRequest(200)) - a3deabaa-6f33-4549-9afe-d811f1beb6dc@group-947CD9AE92AF->c26651e2-a96c-4010-919f-87a827874a5b-GrpcLogAppender: appendEntries Timeout, request=a3deabaa-6f33-4549-9afe-d811f1beb6dc->c26651e2-a96c-4010-919f-87a827874a5b#55-t1, previous=(t:1, i:11), leaderCommit=6, initializing? false, entries: <empty>
2019-09-12 14:26:10,816 [grpc-default-executor-1] INFO  client.GrpcClientProtocolClient (GrpcClientProtocolClient.java:onNext(264)) - client-54609732956C->c26651e2-a96c-4010-919f-87a827874a5b: receive RaftClientReply:client-54609732956C->c26651e2-a96c-4010-919f-87a827874a5b@group-947CD9AE92AF, cid=16, FAILED org.apache.ratis.protocol.NotLeaderException: Server c26651e2-a96c-4010-919f-87a827874a5b@group-947CD9AE92AF is not the leader a3deabaa-6f33-4549-9afe-d811f1beb6dc:192.168.5.171:38678, logIndex=0, commits[c26651e2-a96c-4010-919f-87a827874a5b:c6, e2538fa5-58a8-4aba-9576-486ea31efcb2:c4, a3deabaa-6f33-4549-9afe-d811f1beb6dc:c6]
2019-09-12 14:26:12,455 [java.util.concurrent.ThreadPoolExecutor$Worker@7fbf0c72[State = -1, empty queue]] WARN  server.GrpcLogAppender (GrpcLogAppender.java:timeoutAppendRequest(200)) - a3deabaa-6f33-4549-9afe-d811f1beb6dc@group-947CD9AE92AF->c26651e2-a96c-4010-919f-87a827874a5b-GrpcLogAppender: appendEntries Timeout, request=a3deabaa-6f33-4549-9afe-d811f1beb6dc->c26651e2-a96c-4010-919f-87a827874a5b#56-t1, previous=(t:1, i:11), leaderCommit=6, initializing? false, entries: <empty>
2019-09-12 14:26:12,455 [java.util.concurrent.ThreadPoolExecutor$Worker@328bc467[State = -1, empty queue]] WARN  server.GrpcLogAppender (GrpcLogAppender.java:timeoutAppendRequest(200)) - a3deabaa-6f33-4549-9afe-d811f1beb6dc@group-947CD9AE92AF->e2538fa5-58a8-4aba-9576-486ea31efcb2-GrpcLogAppender: appendEntries Timeout, request=a3deabaa-6f33-4549-9afe-d811f1beb6dc->e2538fa5-58a8-4aba-9576-486ea31efcb2#56-t1, previous=(t:1, i:11), leaderCommit=6, initializing? false, entries: <empty>
2019-09-12 14:26:14,956 [java.util.concurrent.ThreadPoolExecutor$Worker@328bc467[State = -1, empty queue]] WARN  server.GrpcLogAppender (GrpcLogAppender.java:timeoutAppendRequest(200)) - a3deabaa-6f33-4549-9afe-d811f1beb6dc@group-947CD9AE92AF->e2538fa5-58a8-4aba-9576-486ea31efcb2-GrpcLogAppender: appendEntries Timeout, request=a3deabaa-6f33-4549-9afe-d811f1beb6dc->e2538fa5-58a8-4aba-9576-486ea31efcb2#57-t1, previous=(t:1, i:11), leaderCommit=6, initializing? false, entries: <empty>
2019-09-12 14:26:14,956 [java.util.concurrent.ThreadPoolExecutor$Worker@7fbf0c72[State = -1, empty queue]] WARN  server.GrpcLogAppender (GrpcLogAppender.java:timeoutAppendRequest(200)) - a3deabaa-6f33-4549-9afe-d811f1beb6dc@group-947CD9AE92AF->c26651e2-a96c-4010-919f-87a827874a5b-GrpcLogAppender: appendEntries Timeout, request=a3deabaa-6f33-4549-9afe-d811f1beb6dc->c26651e2-a96c-4010-919f-87a827874a5b#57-t1, previous=(t:1, i:11), leaderCommit=6, initializing? false, entries: <empty>
2019-09-12 14:26:15,903 [grpc-default-executor-5] INFO  client.GrpcClientProtocolClient (GrpcClientProtocolClient.java:onNext(264)) - client-54609732956C->e2538fa5-58a8-4aba-9576-486ea31efcb2: receive RaftClientReply:client-54609732956C->e2538fa5-58a8-4aba-9576-486ea31efcb2@group-947CD9AE92AF, cid=16, FAILED org.apache.ratis.protocol.NotLeaderException: Server e2538fa5-58a8-4aba-9576-486ea31efcb2@group-947CD9AE92AF is not the leader a3deabaa-6f33-4549-9afe-d811f1beb6dc:192.168.5.171:38678, logIndex=0, commits[e2538fa5-58a8-4aba-9576-486ea31efcb2:c6, a3deabaa-6f33-4549-9afe-d811f1beb6dc:c6, c26651e2-a96c-4010-919f-87a827874a5b:c4]
2019-09-12 14:26:17,457 [java.util.concurrent.ThreadPoolExecutor$Worker@328bc467[State = -1, empty queue]] WARN  server.GrpcLogAppender (GrpcLogAppender.java:timeoutAppendRequest(200)) - a3deabaa-6f33-4549-9afe-d811f1beb6dc@group-947CD9AE92AF->e2538fa5-58a8-4aba-9576-486ea31efcb2-GrpcLogAppender: appendEntries Timeout, request=a3deabaa-6f33-4549-9afe-d811f1beb6dc->e2538fa5-58a8-4aba-9576-486ea31efcb2#58-t1, previous=(t:1, i:11), leaderCommit=6, initializing? false, entries: <empty>
2019-09-12 14:26:17,457 [java.util.concurrent.ThreadPoolExecutor$Worker@7fbf0c72[State = -1, empty queue]] WARN  server.GrpcLogAppender (GrpcLogAppender.java:timeoutAppendRequest(200)) - a3deabaa-6f33-4549-9afe-d811f1beb6dc@group-947CD9AE92AF->c26651e2-a96c-4010-919f-87a827874a5b-GrpcLogAppender: appendEntries Timeout, request=a3deabaa-6f33-4549-9afe-d811f1beb6dc->c26651e2-a96c-4010-919f-87a827874a5b#58-t1, previous=(t:1, i:11), leaderCommit=6, initializing? false, entries: <empty>
2019-09-12 14:26:19,505 [org.apache.ratis.server.impl.LogAppender$AppenderDaemon$$Lambda$489/854952238@48b1091a] ERROR ratis.XceiverServerRatis (XceiverServerRatis.java:triggerPipelineClose(568)) - pipeline Action CLOSE  on pipeline PipelineID=ba2e6536-2ad5-4e3a-8ecf-947cd9ae92af.Reason : a3deabaa-6f33-4549-9afe-d811f1beb6dc has not seen follower/s e2538fa5-58a8-4aba-9576-486ea31efcb2 for 120307ms c26651e2-a96c-4010-919f-87a827874a5b for 120308ms
2019-09-12 14:26:19,505 [org.apache.ratis.server.impl.LogAppender$AppenderDaemon$$Lambda$489/854952238@57534a7a] ERROR ratis.XceiverServerRatis (XceiverServerRatis.java:triggerPipelineClose(568)) - pipeline Action CLOSE  on pipeline PipelineID=ba2e6536-2ad5-4e3a-8ecf-947cd9ae92af.Reason : a3deabaa-6f33-4549-9afe-d811f1beb6dc has not seen follower/s e2538fa5-58a8-4aba-9576-486ea31efcb2 for 120307ms c26651e2-a96c-4010-919f-87a827874a5b for 120308ms
2019-09-12 14:26:19,599 [EventQueue-PipelineActionsForPipelineActionHandler] ERROR pipeline.PipelineActionHandler (PipelineActionHandler.java:onMessage(60)) - Received pipeline action CLOSE for Pipeline[ Id: ba2e6536-2ad5-4e3a-8ecf-947cd9ae92af, Nodes: e2538fa5-58a8-4aba-9576-486ea31efcb2{ip: 192.168.5.171, host: pr-hdds-2007-n4wwz-4249666578, networkLocation: /default-rack, certSerialId: null}c26651e2-a96c-4010-919f-87a827874a5b{ip: 192.168.5.171, host: pr-hdds-2007-n4wwz-4249666578, networkLocation: /default-rack, certSerialId: null}a3deabaa-6f33-4549-9afe-d811f1beb6dc{ip: 192.168.5.171, host: pr-hdds-2007-n4wwz-4249666578, networkLocation: /default-rack, certSerialId: null}, Type:RATIS, Factor:THREE, State:OPEN] from datanode a3deabaa-6f33-4549-9afe-d811f1beb6dc{ip: 192.168.5.171, host: pr-hdds-2007-n4wwz-4249666578, networkLocation: /default-rack, certSerialId: null}. Reason : a3deabaa-6f33-4549-9afe-d811f1beb6dc has not seen follower/s e2538fa5-58a8-4aba-9576-486ea31efcb2 for 120307ms c26651e2-a96c-4010-919f-87a827874a5b for 120308ms
2019-09-12 14:26:19,599 [e2538fa5-58a8-4aba-9576-486ea31efcb2@group-947CD9AE92AF-SegmentedRaftLogWorker] WARN  segmented.SegmentedRaftLogWorker (SegmentedRaftLogWorker.java:getFromFuture(90)) - Timeout 11/~
org.apache.ratis.protocol.TimeoutIOException: Timeout 10s: WriteLog:8: (t:1, i:8), STATEMACHINELOGENTRY, client-54609732956C, cid=17-writeStateMachineData
	at org.apache.ratis.util.IOUtils.getFromFuture(IOUtils.java:87)
	at org.apache.ratis.server.raftlog.segmented.SegmentedRaftLogWorker$StateMachineDataPolicy.getFromFuture(SegmentedRaftLogWorker.java:87)
	at org.apache.ratis.server.raftlog.segmented.SegmentedRaftLogWorker$WriteLog.execute(SegmentedRaftLogWorker.java:477)
	at org.apache.ratis.server.raftlog.segmented.SegmentedRaftLogWorker.run(SegmentedRaftLogWorker.java:289)
	at java.lang.Thread.run(Thread.java:748)
Caused by: java.util.concurrent.TimeoutException
	at java.util.concurrent.CompletableFuture.timedGet(CompletableFuture.java:1771)
	at java.util.concurrent.CompletableFuture.get(CompletableFuture.java:1915)
	at org.apache.ratis.util.IOUtils.getFromFuture(IOUtils.java:79)
	... 4 more
2019-09-12 14:26:19,599 [EventQueue-PipelineActionsForPipelineActionHandler] INFO  pipeline.SCMPipelineManager (SCMPipelineManager.java:finalizeAndDestroyPipeline(311)) - destroying pipeline:Pipeline[ Id: ba2e6536-2ad5-4e3a-8ecf-947cd9ae92af, Nodes: e2538fa5-58a8-4aba-9576-486ea31efcb2{ip: 192.168.5.171, host: pr-hdds-2007-n4wwz-4249666578, networkLocation: /default-rack, certSerialId: null}c26651e2-a96c-4010-919f-87a827874a5b{ip: 192.168.5.171, host: pr-hdds-2007-n4wwz-4249666578, networkLocation: /default-rack, certSerialId: null}a3deabaa-6f33-4549-9afe-d811f1beb6dc{ip: 192.168.5.171, host: pr-hdds-2007-n4wwz-4249666578, networkLocation: /default-rack, certSerialId: null}, Type:RATIS, Factor:THREE, State:OPEN]
2019-09-12 14:26:19,603 [EventQueue-PipelineActionsForPipelineActionHandler] INFO  pipeline.PipelineStateManager (PipelineStateManager.java:finalizePipeline(123)) - Pipeline Pipeline[ Id: ba2e6536-2ad5-4e3a-8ecf-947cd9ae92af, Nodes: e2538fa5-58a8-4aba-9576-486ea31efcb2{ip: 192.168.5.171, host: pr-hdds-2007-n4wwz-4249666578, networkLocation: /default-rack, certSerialId: null}c26651e2-a96c-4010-919f-87a827874a5b{ip: 192.168.5.171, host: pr-hdds-2007-n4wwz-4249666578, networkLocation: /default-rack, certSerialId: null}a3deabaa-6f33-4549-9afe-d811f1beb6dc{ip: 192.168.5.171, host: pr-hdds-2007-n4wwz-4249666578, networkLocation: /default-rack, certSerialId: null}, Type:RATIS, Factor:THREE, State:CLOSED] moved to CLOSED state
2019-09-12 14:26:19,606 [EventQueue-CloseContainerForCloseContainerEventHandler] INFO  container.CloseContainerEventHandler (CloseContainerEventHandler.java:onMessage(61)) - Close container Event triggered for container : #1
2019-09-12 14:26:19,612 [EventQueue-CloseContainerForCloseContainerEventHandler] INFO  container.CloseContainerEventHandler (CloseContainerEventHandler.java:onMessage(61)) - Close container Event triggered for container : #2
2019-09-12 14:26:19,613 [c26651e2-a96c-4010-919f-87a827874a5b@group-947CD9AE92AF-SegmentedRaftLogWorker] WARN  segmented.SegmentedRaftLogWorker (SegmentedRaftLogWorker.java:getFromFuture(90)) - Timeout 11/~
org.apache.ratis.protocol.TimeoutIOException: Timeout 10s: WriteLog:8: (t:1, i:8), STATEMACHINELOGENTRY, client-54609732956C, cid=17-writeStateMachineData
	at org.apache.ratis.util.IOUtils.getFromFuture(IOUtils.java:87)
	at org.apache.ratis.server.raftlog.segmented.SegmentedRaftLogWorker$StateMachineDataPolicy.getFromFuture(SegmentedRaftLogWorker.java:87)
	at org.apache.ratis.server.raftlog.segmented.SegmentedRaftLogWorker$WriteLog.execute(SegmentedRaftLogWorker.java:477)
	at org.apache.ratis.server.raftlog.segmented.SegmentedRaftLogWorker.run(SegmentedRaftLogWorker.java:289)
	at java.lang.Thread.run(Thread.java:748)
Caused by: java.util.concurrent.TimeoutException
	at java.util.concurrent.CompletableFuture.timedGet(CompletableFuture.java:1771)
	at java.util.concurrent.CompletableFuture.get(CompletableFuture.java:1915)
	at org.apache.ratis.util.IOUtils.getFromFuture(IOUtils.java:79)
	... 4 more
2019-09-12 14:26:19,615 [a3deabaa-6f33-4549-9afe-d811f1beb6dc@group-947CD9AE92AF-SegmentedRaftLogWorker] WARN  segmented.SegmentedRaftLogWorker (SegmentedRaftLogWorker.java:getFromFuture(90)) - Timeout 11/~
org.apache.ratis.protocol.TimeoutIOException: Timeout 10s: WriteLog:8: (t:1, i:8), STATEMACHINELOGENTRY, client-54609732956C, cid=17-writeStateMachineData
	at org.apache.ratis.util.IOUtils.getFromFuture(IOUtils.java:87)
	at org.apache.ratis.server.raftlog.segmented.SegmentedRaftLogWorker$StateMachineDataPolicy.getFromFuture(SegmentedRaftLogWorker.java:87)
	at org.apache.ratis.server.raftlog.segmented.SegmentedRaftLogWorker$WriteLog.execute(SegmentedRaftLogWorker.java:477)
	at org.apache.ratis.server.raftlog.segmented.SegmentedRaftLogWorker.run(SegmentedRaftLogWorker.java:289)
	at java.lang.Thread.run(Thread.java:748)
Caused by: java.util.concurrent.TimeoutException
	at java.util.concurrent.CompletableFuture.timedGet(CompletableFuture.java:1771)
	at java.util.concurrent.CompletableFuture.get(CompletableFuture.java:1915)
	at org.apache.ratis.util.IOUtils.getFromFuture(IOUtils.java:79)
	... 4 more
2019-09-12 14:26:19,958 [java.util.concurrent.ThreadPoolExecutor$Worker@328bc467[State = -1, empty queue]] WARN  server.GrpcLogAppender (GrpcLogAppender.java:timeoutAppendRequest(200)) - a3deabaa-6f33-4549-9afe-d811f1beb6dc@group-947CD9AE92AF->e2538fa5-58a8-4aba-9576-486ea31efcb2-GrpcLogAppender: appendEntries Timeout, request=a3deabaa-6f33-4549-9afe-d811f1beb6dc->e2538fa5-58a8-4aba-9576-486ea31efcb2#59-t1, previous=(t:1, i:11), leaderCommit=6, initializing? false, entries: <empty>
2019-09-12 14:26:19,958 [java.util.concurrent.ThreadPoolExecutor$Worker@7fbf0c72[State = -1, empty queue]] WARN  server.GrpcLogAppender (GrpcLogAppender.java:timeoutAppendRequest(200)) - a3deabaa-6f33-4549-9afe-d811f1beb6dc@group-947CD9AE92AF->c26651e2-a96c-4010-919f-87a827874a5b-GrpcLogAppender: appendEntries Timeout, request=a3deabaa-6f33-4549-9afe-d811f1beb6dc->c26651e2-a96c-4010-919f-87a827874a5b#59-t1, previous=(t:1, i:11), leaderCommit=6, initializing? false, entries: <empty>
2019-09-12 14:26:20,948 [grpc-default-executor-1] INFO  client.GrpcClientProtocolClient (GrpcClientProtocolClient.java:onNext(264)) - client-54609732956C->c26651e2-a96c-4010-919f-87a827874a5b: receive RaftClientReply:client-54609732956C->c26651e2-a96c-4010-919f-87a827874a5b@group-947CD9AE92AF, cid=16, FAILED org.apache.ratis.protocol.NotLeaderException: Server c26651e2-a96c-4010-919f-87a827874a5b@group-947CD9AE92AF is not the leader a3deabaa-6f33-4549-9afe-d811f1beb6dc:192.168.5.171:38678, logIndex=0, commits[c26651e2-a96c-4010-919f-87a827874a5b:c6, e2538fa5-58a8-4aba-9576-486ea31efcb2:c4, a3deabaa-6f33-4549-9afe-d811f1beb6dc:c6]
2019-09-12 14:26:21,960 [org.apache.ratis.server.impl.LogAppender$AppenderDaemon$$Lambda$489/854952238@57534a7a] ERROR ratis.XceiverServerRatis (XceiverServerRatis.java:triggerPipelineClose(568)) - pipeline Action CLOSE  on pipeline PipelineID=ba2e6536-2ad5-4e3a-8ecf-947cd9ae92af.Reason : a3deabaa-6f33-4549-9afe-d811f1beb6dc has not seen follower/s e2538fa5-58a8-4aba-9576-486ea31efcb2 for 122783ms c26651e2-a96c-4010-919f-87a827874a5b for 122780ms
2019-09-12 14:26:21,961 [org.apache.ratis.server.impl.LogAppender$AppenderDaemon$$Lambda$489/854952238@48b1091a] ERROR ratis.XceiverServerRatis (XceiverServerRatis.java:triggerPipelineClose(568)) - pipeline Action CLOSE  on pipeline PipelineID=ba2e6536-2ad5-4e3a-8ecf-947cd9ae92af.Reason : a3deabaa-6f33-4549-9afe-d811f1beb6dc has not seen follower/s e2538fa5-58a8-4aba-9576-486ea31efcb2 for 122783ms c26651e2-a96c-4010-919f-87a827874a5b for 122781ms
2019-09-12 14:26:22,459 [java.util.concurrent.ThreadPoolExecutor$Worker@328bc467[State = -1, empty queue]] WARN  server.GrpcLogAppender (GrpcLogAppender.java:timeoutAppendRequest(200)) - a3deabaa-6f33-4549-9afe-d811f1beb6dc@group-947CD9AE92AF->e2538fa5-58a8-4aba-9576-486ea31efcb2-GrpcLogAppender: appendEntries Timeout, request=a3deabaa-6f33-4549-9afe-d811f1beb6dc->e2538fa5-58a8-4aba-9576-486ea31efcb2#60-t1, previous=(t:1, i:11), leaderCommit=6, initializing? false, entries: <empty>
2019-09-12 14:26:22,459 [java.util.concurrent.ThreadPoolExecutor$Worker@7fbf0c72[State = -1, empty queue]] WARN  server.GrpcLogAppender (GrpcLogAppender.java:timeoutAppendRequest(200)) - a3deabaa-6f33-4549-9afe-d811f1beb6dc@group-947CD9AE92AF->c26651e2-a96c-4010-919f-87a827874a5b-GrpcLogAppender: appendEntries Timeout, request=a3deabaa-6f33-4549-9afe-d811f1beb6dc->c26651e2-a96c-4010-919f-87a827874a5b#60-t1, previous=(t:1, i:11), leaderCommit=6, initializing? false, entries: <empty>
2019-09-12 14:26:22,597 [EventQueue-PipelineActionsForPipelineActionHandler] ERROR pipeline.PipelineActionHandler (PipelineActionHandler.java:onMessage(60)) - Received pipeline action CLOSE for Pipeline[ Id: ba2e6536-2ad5-4e3a-8ecf-947cd9ae92af, Nodes: e2538fa5-58a8-4aba-9576-486ea31efcb2{ip: 192.168.5.171, host: pr-hdds-2007-n4wwz-4249666578, networkLocation: /default-rack, certSerialId: null}c26651e2-a96c-4010-919f-87a827874a5b{ip: 192.168.5.171, host: pr-hdds-2007-n4wwz-4249666578, networkLocation: /default-rack, certSerialId: null}a3deabaa-6f33-4549-9afe-d811f1beb6dc{ip: 192.168.5.171, host: pr-hdds-2007-n4wwz-4249666578, networkLocation: /default-rack, certSerialId: null}, Type:RATIS, Factor:THREE, State:CLOSED] from datanode a3deabaa-6f33-4549-9afe-d811f1beb6dc{ip: 192.168.5.171, host: pr-hdds-2007-n4wwz-4249666578, networkLocation: /default-rack, certSerialId: null}. Reason : a3deabaa-6f33-4549-9afe-d811f1beb6dc has not seen follower/s e2538fa5-58a8-4aba-9576-486ea31efcb2 for 122783ms c26651e2-a96c-4010-919f-87a827874a5b for 122780ms
2019-09-12 14:26:22,597 [EventQueue-PipelineActionsForPipelineActionHandler] INFO  pipeline.SCMPipelineManager (SCMPipelineManager.java:finalizeAndDestroyPipeline(311)) - destroying pipeline:Pipeline[ Id: ba2e6536-2ad5-4e3a-8ecf-947cd9ae92af, Nodes: e2538fa5-58a8-4aba-9576-486ea31efcb2{ip: 192.168.5.171, host: pr-hdds-2007-n4wwz-4249666578, networkLocation: /default-rack, certSerialId: null}c26651e2-a96c-4010-919f-87a827874a5b{ip: 192.168.5.171, host: pr-hdds-2007-n4wwz-4249666578, networkLocation: /default-rack, certSerialId: null}a3deabaa-6f33-4549-9afe-d811f1beb6dc{ip: 192.168.5.171, host: pr-hdds-2007-n4wwz-4249666578, networkLocation: /default-rack, certSerialId: null}, Type:RATIS, Factor:THREE, State:CLOSED]
2019-09-12 14:26:22,623 [org.apache.ratis.server.impl.LogAppender$AppenderDaemon$$Lambda$489/854952238@48b1091a] ERROR ratis.XceiverServerRatis (XceiverServerRatis.java:triggerPipelineClose(568)) - pipeline Action CLOSE  on pipeline PipelineID=ba2e6536-2ad5-4e3a-8ecf-947cd9ae92af.Reason : a3deabaa-6f33-4549-9afe-d811f1beb6dc has not seen follower/s e2538fa5-58a8-4aba-9576-486ea31efcb2 for 123446ms c26651e2-a96c-4010-919f-87a827874a5b for 123443ms
2019-09-12 14:26:22,623 [org.apache.ratis.server.impl.LogAppender$AppenderDaemon$$Lambda$489/854952238@57534a7a] ERROR ratis.XceiverServerRatis (XceiverServerRatis.java:triggerPipelineClose(568)) - pipeline Action CLOSE  on pipeline PipelineID=ba2e6536-2ad5-4e3a-8ecf-947cd9ae92af.Reason : a3deabaa-6f33-4549-9afe-d811f1beb6dc has not seen follower/s e2538fa5-58a8-4aba-9576-486ea31efcb2 for 123446ms c26651e2-a96c-4010-919f-87a827874a5b for 123443ms
2019-09-12 14:26:23,622 [EventQueue-PipelineActionsForPipelineActionHandler] ERROR pipeline.PipelineActionHandler (PipelineActionHandler.java:onMessage(60)) - Received pipeline action CLOSE for Pipeline[ Id: ba2e6536-2ad5-4e3a-8ecf-947cd9ae92af, Nodes: e2538fa5-58a8-4aba-9576-486ea31efcb2{ip: 192.168.5.171, host: pr-hdds-2007-n4wwz-4249666578, networkLocation: /default-rack, certSerialId: null}c26651e2-a96c-4010-919f-87a827874a5b{ip: 192.168.5.171, host: pr-hdds-2007-n4wwz-4249666578, networkLocation: /default-rack, certSerialId: null}a3deabaa-6f33-4549-9afe-d811f1beb6dc{ip: 192.168.5.171, host: pr-hdds-2007-n4wwz-4249666578, networkLocation: /default-rack, certSerialId: null}, Type:RATIS, Factor:THREE, State:CLOSED] from datanode a3deabaa-6f33-4549-9afe-d811f1beb6dc{ip: 192.168.5.171, host: pr-hdds-2007-n4wwz-4249666578, networkLocation: /default-rack, certSerialId: null}. Reason : a3deabaa-6f33-4549-9afe-d811f1beb6dc has not seen follower/s e2538fa5-58a8-4aba-9576-486ea31efcb2 for 123446ms c26651e2-a96c-4010-919f-87a827874a5b for 123443ms
2019-09-12 14:26:23,622 [EventQueue-PipelineActionsForPipelineActionHandler] INFO  pipeline.SCMPipelineManager (SCMPipelineManager.java:finalizeAndDestroyPipeline(311)) - destroying pipeline:Pipeline[ Id: ba2e6536-2ad5-4e3a-8ecf-947cd9ae92af, Nodes: e2538fa5-58a8-4aba-9576-486ea31efcb2{ip: 192.168.5.171, host: pr-hdds-2007-n4wwz-4249666578, networkLocation: /default-rack, certSerialId: null}c26651e2-a96c-4010-919f-87a827874a5b{ip: 192.168.5.171, host: pr-hdds-2007-n4wwz-4249666578, networkLocation: /default-rack, certSerialId: null}a3deabaa-6f33-4549-9afe-d811f1beb6dc{ip: 192.168.5.171, host: pr-hdds-2007-n4wwz-4249666578, networkLocation: /default-rack, certSerialId: null}, Type:RATIS, Factor:THREE, State:CLOSED]
2019-09-12 14:26:24,960 [java.util.concurrent.ThreadPoolExecutor$Worker@7fbf0c72[State = -1, empty queue]] WARN  server.GrpcLogAppender (GrpcLogAppender.java:timeoutAppendRequest(200)) - a3deabaa-6f33-4549-9afe-d811f1beb6dc@group-947CD9AE92AF->c26651e2-a96c-4010-919f-87a827874a5b-GrpcLogAppender: appendEntries Timeout, request=a3deabaa-6f33-4549-9afe-d811f1beb6dc->c26651e2-a96c-4010-919f-87a827874a5b#61-t1, previous=(t:1, i:11), leaderCommit=6, initializing? false, entries: <empty>
2019-09-12 14:26:24,962 [java.util.concurrent.ThreadPoolExecutor$Worker@328bc467[State = -1, empty queue]] WARN  server.GrpcLogAppender (GrpcLogAppender.java:timeoutAppendRequest(200)) - a3deabaa-6f33-4549-9afe-d811f1beb6dc@group-947CD9AE92AF->e2538fa5-58a8-4aba-9576-486ea31efcb2-GrpcLogAppender: appendEntries Timeout, request=a3deabaa-6f33-4549-9afe-d811f1beb6dc->e2538fa5-58a8-4aba-9576-486ea31efcb2#61-t1, previous=(t:1, i:11), leaderCommit=6, initializing? false, entries: <empty>
2019-09-12 14:26:25,124 [org.apache.ratis.server.impl.LogAppender$AppenderDaemon$$Lambda$489/854952238@57534a7a] ERROR ratis.XceiverServerRatis (XceiverServerRatis.java:triggerPipelineClose(568)) - pipeline Action CLOSE  on pipeline PipelineID=ba2e6536-2ad5-4e3a-8ecf-947cd9ae92af.Reason : a3deabaa-6f33-4549-9afe-d811f1beb6dc has not seen follower/s e2538fa5-58a8-4aba-9576-486ea31efcb2 for 125947ms c26651e2-a96c-4010-919f-87a827874a5b for 125944ms
2019-09-12 14:26:25,125 [org.apache.ratis.server.impl.LogAppender$AppenderDaemon$$Lambda$489/854952238@48b1091a] ERROR ratis.XceiverServerRatis (XceiverServerRatis.java:triggerPipelineClose(568)) - pipeline Action CLOSE  on pipeline PipelineID=ba2e6536-2ad5-4e3a-8ecf-947cd9ae92af.Reason : a3deabaa-6f33-4549-9afe-d811f1beb6dc has not seen follower/s e2538fa5-58a8-4aba-9576-486ea31efcb2 for 125948ms c26651e2-a96c-4010-919f-87a827874a5b for 125945ms
2019-09-12 14:26:25,622 [EventQueue-PipelineActionsForPipelineActionHandler] ERROR pipeline.PipelineActionHandler (PipelineActionHandler.java:onMessage(60)) - Received pipeline action CLOSE for Pipeline[ Id: ba2e6536-2ad5-4e3a-8ecf-947cd9ae92af, Nodes: e2538fa5-58a8-4aba-9576-486ea31efcb2{ip: 192.168.5.171, host: pr-hdds-2007-n4wwz-4249666578, networkLocation: /default-rack, certSerialId: null}c26651e2-a96c-4010-919f-87a827874a5b{ip: 192.168.5.171, host: pr-hdds-2007-n4wwz-4249666578, networkLocation: /default-rack, certSerialId: null}a3deabaa-6f33-4549-9afe-d811f1beb6dc{ip: 192.168.5.171, host: pr-hdds-2007-n4wwz-4249666578, networkLocation: /default-rack, certSerialId: null}, Type:RATIS, Factor:THREE, State:CLOSED] from datanode a3deabaa-6f33-4549-9afe-d811f1beb6dc{ip: 192.168.5.171, host: pr-hdds-2007-n4wwz-4249666578, networkLocation: /default-rack, certSerialId: null}. Reason : a3deabaa-6f33-4549-9afe-d811f1beb6dc has not seen follower/s e2538fa5-58a8-4aba-9576-486ea31efcb2 for 125947ms c26651e2-a96c-4010-919f-87a827874a5b for 125944ms
2019-09-12 14:26:25,623 [EventQueue-PipelineActionsForPipelineActionHandler] INFO  pipeline.SCMPipelineManager (SCMPipelineManager.java:finalizeAndDestroyPipeline(311)) - destroying pipeline:Pipeline[ Id: ba2e6536-2ad5-4e3a-8ecf-947cd9ae92af, Nodes: e2538fa5-58a8-4aba-9576-486ea31efcb2{ip: 192.168.5.171, host: pr-hdds-2007-n4wwz-4249666578, networkLocation: /default-rack, certSerialId: null}c26651e2-a96c-4010-919f-87a827874a5b{ip: 192.168.5.171, host: pr-hdds-2007-n4wwz-4249666578, networkLocation: /default-rack, certSerialId: null}a3deabaa-6f33-4549-9afe-d811f1beb6dc{ip: 192.168.5.171, host: pr-hdds-2007-n4wwz-4249666578, networkLocation: /default-rack, certSerialId: null}, Type:RATIS, Factor:THREE, State:CLOSED]
2019-09-12 14:26:25,623 [java.util.concurrent.ThreadPoolExecutor$Worker@328bc467[State = -1, empty queue]] WARN  server.GrpcLogAppender (GrpcLogAppender.java:timeoutAppendRequest(200)) - a3deabaa-6f33-4549-9afe-d811f1beb6dc@group-947CD9AE92AF->e2538fa5-58a8-4aba-9576-486ea31efcb2-GrpcLogAppender: appendEntries Timeout, request=a3deabaa-6f33-4549-9afe-d811f1beb6dc->e2538fa5-58a8-4aba-9576-486ea31efcb2#62-t1, previous=(t:1, i:11), leaderCommit=6, initializing? false, entries: size=1, first=(t:1, i:12), STATEMACHINELOGENTRY, client-CF095B49FD06, cid=4
2019-09-12 14:26:25,623 [java.util.concurrent.ThreadPoolExecutor$Worker@7fbf0c72[State = -1, empty queue]] WARN  server.GrpcLogAppender (GrpcLogAppender.java:timeoutAppendRequest(200)) - a3deabaa-6f33-4549-9afe-d811f1beb6dc@group-947CD9AE92AF->c26651e2-a96c-4010-919f-87a827874a5b-GrpcLogAppender: appendEntries Timeout, request=a3deabaa-6f33-4549-9afe-d811f1beb6dc->c26651e2-a96c-4010-919f-87a827874a5b#62-t1, previous=(t:1, i:11), leaderCommit=6, initializing? false, entries: size=1, first=(t:1, i:12), STATEMACHINELOGENTRY, client-CF095B49FD06, cid=4
2019-09-12 14:26:25,987 [grpc-default-executor-1] INFO  client.GrpcClientProtocolClient (GrpcClientProtocolClient.java:onNext(264)) - client-54609732956C->c26651e2-a96c-4010-919f-87a827874a5b: receive RaftClientReply:client-54609732956C->c26651e2-a96c-4010-919f-87a827874a5b@group-947CD9AE92AF, cid=16, FAILED org.apache.ratis.protocol.NotLeaderException: Server c26651e2-a96c-4010-919f-87a827874a5b@group-947CD9AE92AF is not the leader a3deabaa-6f33-4549-9afe-d811f1beb6dc:192.168.5.171:38678, logIndex=0, commits[c26651e2-a96c-4010-919f-87a827874a5b:c6, e2538fa5-58a8-4aba-9576-486ea31efcb2:c4, a3deabaa-6f33-4549-9afe-d811f1beb6dc:c6]
2019-09-12 14:26:27,625 [org.apache.ratis.server.impl.LogAppender$AppenderDaemon$$Lambda$489/854952238@57534a7a] ERROR ratis.XceiverServerRatis (XceiverServerRatis.java:triggerPipelineClose(568)) - pipeline Action CLOSE  on pipeline PipelineID=ba2e6536-2ad5-4e3a-8ecf-947cd9ae92af.Reason : a3deabaa-6f33-4549-9afe-d811f1beb6dc has not seen follower/s e2538fa5-58a8-4aba-9576-486ea31efcb2 for 128448ms c26651e2-a96c-4010-919f-87a827874a5b for 128445ms
2019-09-12 14:26:27,629 [org.apache.ratis.server.impl.LogAppender$AppenderDaemon$$Lambda$489/854952238@48b1091a] ERROR ratis.XceiverServerRatis (XceiverServerRatis.java:triggerPipelineClose(568)) - pipeline Action CLOSE  on pipeline PipelineID=ba2e6536-2ad5-4e3a-8ecf-947cd9ae92af.Reason : a3deabaa-6f33-4549-9afe-d811f1beb6dc has not seen follower/s e2538fa5-58a8-4aba-9576-486ea31efcb2 for 128451ms c26651e2-a96c-4010-919f-87a827874a5b for 128449ms
2019-09-12 14:26:28,124 [java.util.concurrent.ThreadPoolExecutor$Worker@7fbf0c72[State = -1, empty queue]] WARN  server.GrpcLogAppender (GrpcLogAppender.java:timeoutAppendRequest(200)) - a3deabaa-6f33-4549-9afe-d811f1beb6dc@group-947CD9AE92AF->c26651e2-a96c-4010-919f-87a827874a5b-GrpcLogAppender: appendEntries Timeout, request=a3deabaa-6f33-4549-9afe-d811f1beb6dc->c26651e2-a96c-4010-919f-87a827874a5b#63-t1, previous=(t:1, i:12), leaderCommit=6, initializing? false, entries: <empty>
2019-09-12 14:26:28,125 [java.util.concurrent.ThreadPoolExecutor$Worker@328bc467[State = -1, empty queue]] WARN  server.GrpcLogAppender (GrpcLogAppender.java:timeoutAppendRequest(200)) - a3deabaa-6f33-4549-9afe-d811f1beb6dc@group-947CD9AE92AF->e2538fa5-58a8-4aba-9576-486ea31efcb2-GrpcLogAppender: appendEntries Timeout, request=a3deabaa-6f33-4549-9afe-d811f1beb6dc->e2538fa5-58a8-4aba-9576-486ea31efcb2#63-t1, previous=(t:1, i:12), leaderCommit=6, initializing? false, entries: <empty>
2019-09-12 14:26:28,623 [EventQueue-PipelineActionsForPipelineActionHandler] ERROR pipeline.PipelineActionHandler (PipelineActionHandler.java:onMessage(60)) - Received pipeline action CLOSE for Pipeline[ Id: ba2e6536-2ad5-4e3a-8ecf-947cd9ae92af, Nodes: e2538fa5-58a8-4aba-9576-486ea31efcb2{ip: 192.168.5.171, host: pr-hdds-2007-n4wwz-4249666578, networkLocation: /default-rack, certSerialId: null}c26651e2-a96c-4010-919f-87a827874a5b{ip: 192.168.5.171, host: pr-hdds-2007-n4wwz-4249666578, networkLocation: /default-rack, certSerialId: null}a3deabaa-6f33-4549-9afe-d811f1beb6dc{ip: 192.168.5.171, host: pr-hdds-2007-n4wwz-4249666578, networkLocation: /default-rack, certSerialId: null}, Type:RATIS, Factor:THREE, State:CLOSED] from datanode a3deabaa-6f33-4549-9afe-d811f1beb6dc{ip: 192.168.5.171, host: pr-hdds-2007-n4wwz-4249666578, networkLocation: /default-rack, certSerialId: null}. Reason : a3deabaa-6f33-4549-9afe-d811f1beb6dc has not seen follower/s e2538fa5-58a8-4aba-9576-486ea31efcb2 for 128448ms c26651e2-a96c-4010-919f-87a827874a5b for 128445ms
2019-09-12 14:26:28,623 [EventQueue-PipelineActionsForPipelineActionHandler] INFO  pipeline.SCMPipelineManager (SCMPipelineManager.java:finalizeAndDestroyPipeline(311)) - destroying pipeline:Pipeline[ Id: ba2e6536-2ad5-4e3a-8ecf-947cd9ae92af, Nodes: e2538fa5-58a8-4aba-9576-486ea31efcb2{ip: 192.168.5.171, host: pr-hdds-2007-n4wwz-4249666578, networkLocation: /default-rack, certSerialId: null}c26651e2-a96c-4010-919f-87a827874a5b{ip: 192.168.5.171, host: pr-hdds-2007-n4wwz-4249666578, networkLocation: /default-rack, certSerialId: null}a3deabaa-6f33-4549-9afe-d811f1beb6dc{ip: 192.168.5.171, host: pr-hdds-2007-n4wwz-4249666578, networkLocation: /default-rack, certSerialId: null}, Type:RATIS, Factor:THREE, State:CLOSED]
2019-09-12 14:26:29,600 [e2538fa5-58a8-4aba-9576-486ea31efcb2@group-947CD9AE92AF-SegmentedRaftLogWorker] WARN  segmented.SegmentedRaftLogWorker (SegmentedRaftLogWorker.java:getFromFuture(90)) - Timeout 12/~
org.apache.ratis.protocol.TimeoutIOException: Timeout 10s: WriteLog:8: (t:1, i:8), STATEMACHINELOGENTRY, client-54609732956C, cid=17-writeStateMachineData
	at org.apache.ratis.util.IOUtils.getFromFuture(IOUtils.java:87)
	at org.apache.ratis.server.raftlog.segmented.SegmentedRaftLogWorker$StateMachineDataPolicy.getFromFuture(SegmentedRaftLogWorker.java:87)
	at org.apache.ratis.server.raftlog.segmented.SegmentedRaftLogWorker$WriteLog.execute(SegmentedRaftLogWorker.java:477)
	at org.apache.ratis.server.raftlog.segmented.SegmentedRaftLogWorker.run(SegmentedRaftLogWorker.java:289)
	at java.lang.Thread.run(Thread.java:748)
Caused by: java.util.concurrent.TimeoutException
	at java.util.concurrent.CompletableFuture.timedGet(CompletableFuture.java:1771)
	at java.util.concurrent.CompletableFuture.get(CompletableFuture.java:1915)
	at org.apache.ratis.util.IOUtils.getFromFuture(IOUtils.java:79)
	... 4 more
2019-09-12 14:26:29,616 [c26651e2-a96c-4010-919f-87a827874a5b@group-947CD9AE92AF-SegmentedRaftLogWorker] WARN  segmented.SegmentedRaftLogWorker (SegmentedRaftLogWorker.java:getFromFuture(90)) - Timeout 12/~
org.apache.ratis.protocol.TimeoutIOException: Timeout 10s: WriteLog:8: (t:1, i:8), STATEMACHINELOGENTRY, client-54609732956C, cid=17-writeStateMachineData
	at org.apache.ratis.util.IOUtils.getFromFuture(IOUtils.java:87)
	at org.apache.ratis.server.raftlog.segmented.SegmentedRaftLogWorker$StateMachineDataPolicy.getFromFuture(SegmentedRaftLogWorker.java:87)
	at org.apache.ratis.server.raftlog.segmented.SegmentedRaftLogWorker$WriteLog.execute(SegmentedRaftLogWorker.java:477)
	at org.apache.ratis.server.raftlog.segmented.SegmentedRaftLogWorker.run(SegmentedRaftLogWorker.java:289)
	at java.lang.Thread.run(Thread.java:748)
Caused by: java.util.concurrent.TimeoutException
	at java.util.concurrent.CompletableFuture.timedGet(CompletableFuture.java:1771)
	at java.util.concurrent.CompletableFuture.get(CompletableFuture.java:1915)
	at org.apache.ratis.util.IOUtils.getFromFuture(IOUtils.java:79)
	... 4 more
2019-09-12 14:26:29,618 [a3deabaa-6f33-4549-9afe-d811f1beb6dc@group-947CD9AE92AF-SegmentedRaftLogWorker] WARN  segmented.SegmentedRaftLogWorker (SegmentedRaftLogWorker.java:getFromFuture(90)) - Timeout 12/~
org.apache.ratis.protocol.TimeoutIOException: Timeout 10s: WriteLog:8: (t:1, i:8), STATEMACHINELOGENTRY, client-54609732956C, cid=17-writeStateMachineData
	at org.apache.ratis.util.IOUtils.getFromFuture(IOUtils.java:87)
	at org.apache.ratis.server.raftlog.segmented.SegmentedRaftLogWorker$StateMachineDataPolicy.getFromFuture(SegmentedRaftLogWorker.java:87)
	at org.apache.ratis.server.raftlog.segmented.SegmentedRaftLogWorker$WriteLog.execute(SegmentedRaftLogWorker.java:477)
	at org.apache.ratis.server.raftlog.segmented.SegmentedRaftLogWorker.run(SegmentedRaftLogWorker.java:289)
	at java.lang.Thread.run(Thread.java:748)
Caused by: java.util.concurrent.TimeoutException
	at java.util.concurrent.CompletableFuture.timedGet(CompletableFuture.java:1771)
	at java.util.concurrent.CompletableFuture.get(CompletableFuture.java:1915)
	at org.apache.ratis.util.IOUtils.getFromFuture(IOUtils.java:79)
	... 4 more
2019-09-12 14:26:30,126 [org.apache.ratis.server.impl.LogAppender$AppenderDaemon$$Lambda$489/854952238@57534a7a] ERROR ratis.XceiverServerRatis (XceiverServerRatis.java:triggerPipelineClose(568)) - pipeline Action CLOSE  on pipeline PipelineID=ba2e6536-2ad5-4e3a-8ecf-947cd9ae92af.Reason : a3deabaa-6f33-4549-9afe-d811f1beb6dc has not seen follower/s e2538fa5-58a8-4aba-9576-486ea31efcb2 for 130949ms c26651e2-a96c-4010-919f-87a827874a5b for 130946ms
2019-09-12 14:26:30,129 [org.apache.ratis.server.impl.LogAppender$AppenderDaemon$$Lambda$489/854952238@48b1091a] ERROR ratis.XceiverServerRatis (XceiverServerRatis.java:triggerPipelineClose(568)) - pipeline Action CLOSE  on pipeline PipelineID=ba2e6536-2ad5-4e3a-8ecf-947cd9ae92af.Reason : a3deabaa-6f33-4549-9afe-d811f1beb6dc has not seen follower/s e2538fa5-58a8-4aba-9576-486ea31efcb2 for 130952ms c26651e2-a96c-4010-919f-87a827874a5b for 130950ms
2019-09-12 14:26:30,624 [EventQueue-PipelineActionsForPipelineActionHandler] ERROR pipeline.PipelineActionHandler (PipelineActionHandler.java:onMessage(60)) - Received pipeline action CLOSE for Pipeline[ Id: ba2e6536-2ad5-4e3a-8ecf-947cd9ae92af, Nodes: e2538fa5-58a8-4aba-9576-486ea31efcb2{ip: 192.168.5.171, host: pr-hdds-2007-n4wwz-4249666578, networkLocation: /default-rack, certSerialId: null}c26651e2-a96c-4010-919f-87a827874a5b{ip: 192.168.5.171, host: pr-hdds-2007-n4wwz-4249666578, networkLocation: /default-rack, certSerialId: null}a3deabaa-6f33-4549-9afe-d811f1beb6dc{ip: 192.168.5.171, host: pr-hdds-2007-n4wwz-4249666578, networkLocation: /default-rack, certSerialId: null}, Type:RATIS, Factor:THREE, State:CLOSED] from datanode a3deabaa-6f33-4549-9afe-d811f1beb6dc{ip: 192.168.5.171, host: pr-hdds-2007-n4wwz-4249666578, networkLocation: /default-rack, certSerialId: null}. Reason : a3deabaa-6f33-4549-9afe-d811f1beb6dc has not seen follower/s e2538fa5-58a8-4aba-9576-486ea31efcb2 for 130949ms c26651e2-a96c-4010-919f-87a827874a5b for 130946ms
2019-09-12 14:26:30,625 [EventQueue-PipelineActionsForPipelineActionHandler] INFO  pipeline.SCMPipelineManager (SCMPipelineManager.java:finalizeAndDestroyPipeline(311)) - destroying pipeline:Pipeline[ Id: ba2e6536-2ad5-4e3a-8ecf-947cd9ae92af, Nodes: e2538fa5-58a8-4aba-9576-486ea31efcb2{ip: 192.168.5.171, host: pr-hdds-2007-n4wwz-4249666578, networkLocation: /default-rack, certSerialId: null}c26651e2-a96c-4010-919f-87a827874a5b{ip: 192.168.5.171, host: pr-hdds-2007-n4wwz-4249666578, networkLocation: /default-rack, certSerialId: null}a3deabaa-6f33-4549-9afe-d811f1beb6dc{ip: 192.168.5.171, host: pr-hdds-2007-n4wwz-4249666578, networkLocation: /default-rack, certSerialId: null}, Type:RATIS, Factor:THREE, State:CLOSED]
2019-09-12 14:26:30,625 [java.util.concurrent.ThreadPoolExecutor$Worker@7fbf0c72[State = -1, empty queue]] WARN  server.GrpcLogAppender (GrpcLogAppender.java:timeoutAppendRequest(200)) - a3deabaa-6f33-4549-9afe-d811f1beb6dc@group-947CD9AE92AF->c26651e2-a96c-4010-919f-87a827874a5b-GrpcLogAppender: appendEntries Timeout, request=a3deabaa-6f33-4549-9afe-d811f1beb6dc->c26651e2-a96c-4010-919f-87a827874a5b#64-t1, previous=(t:1, i:12), leaderCommit=6, initializing? false, entries: <empty>
2019-09-12 14:26:30,632 [java.util.concurrent.ThreadPoolExecutor$Worker@328bc467[State = -1, empty queue]] WARN  server.GrpcLogAppender (GrpcLogAppender.java:timeoutAppendRequest(200)) - a3deabaa-6f33-4549-9afe-d811f1beb6dc@group-947CD9AE92AF->e2538fa5-58a8-4aba-9576-486ea31efcb2-GrpcLogAppender: appendEntries Timeout, request=a3deabaa-6f33-4549-9afe-d811f1beb6dc->e2538fa5-58a8-4aba-9576-486ea31efcb2#64-t1, previous=(t:1, i:12), leaderCommit=6, initializing? false, entries: <empty>
2019-09-12 14:26:31,040 [grpc-default-executor-5] INFO  client.GrpcClientProtocolClient (GrpcClientProtocolClient.java:onNext(264)) - client-54609732956C->c26651e2-a96c-4010-919f-87a827874a5b: receive RaftClientReply:client-54609732956C->c26651e2-a96c-4010-919f-87a827874a5b@group-947CD9AE92AF, cid=16, FAILED org.apache.ratis.protocol.NotLeaderException: Server c26651e2-a96c-4010-919f-87a827874a5b@group-947CD9AE92AF is not the leader a3deabaa-6f33-4549-9afe-d811f1beb6dc:192.168.5.171:38678, logIndex=0, commits[c26651e2-a96c-4010-919f-87a827874a5b:c6, e2538fa5-58a8-4aba-9576-486ea31efcb2:c4, a3deabaa-6f33-4549-9afe-d811f1beb6dc:c6]
2019-09-12 14:26:32,627 [org.apache.ratis.server.impl.LogAppender$AppenderDaemon$$Lambda$489/854952238@57534a7a] ERROR ratis.XceiverServerRatis (XceiverServerRatis.java:triggerPipelineClose(568)) - pipeline Action CLOSE  on pipeline PipelineID=ba2e6536-2ad5-4e3a-8ecf-947cd9ae92af.Reason : a3deabaa-6f33-4549-9afe-d811f1beb6dc has not seen follower/s e2538fa5-58a8-4aba-9576-486ea31efcb2 for 133450ms c26651e2-a96c-4010-919f-87a827874a5b for 133447ms
2019-09-12 14:26:32,630 [org.apache.ratis.server.impl.LogAppender$AppenderDaemon$$Lambda$489/854952238@48b1091a] ERROR ratis.XceiverServerRatis (XceiverServerRatis.java:triggerPipelineClose(568)) - pipeline Action CLOSE  on pipeline PipelineID=ba2e6536-2ad5-4e3a-8ecf-947cd9ae92af.Reason : a3deabaa-6f33-4549-9afe-d811f1beb6dc has not seen follower/s e2538fa5-58a8-4aba-9576-486ea31efcb2 for 133453ms c26651e2-a96c-4010-919f-87a827874a5b for 133450ms
2019-09-12 14:26:33,126 [java.util.concurrent.ThreadPoolExecutor$Worker@7fbf0c72[State = -1, empty queue]] WARN  server.GrpcLogAppender (GrpcLogAppender.java:timeoutAppendRequest(200)) - a3deabaa-6f33-4549-9afe-d811f1beb6dc@group-947CD9AE92AF->c26651e2-a96c-4010-919f-87a827874a5b-GrpcLogAppender: appendEntries Timeout, request=a3deabaa-6f33-4549-9afe-d811f1beb6dc->c26651e2-a96c-4010-919f-87a827874a5b#65-t1, previous=(t:1, i:12), leaderCommit=6, initializing? false, entries: <empty>
2019-09-12 14:26:33,129 [java.util.concurrent.ThreadPoolExecutor$Worker@328bc467[State = -1, empty queue]] WARN  server.GrpcLogAppender (GrpcLogAppender.java:timeoutAppendRequest(200)) - a3deabaa-6f33-4549-9afe-d811f1beb6dc@group-947CD9AE92AF->e2538fa5-58a8-4aba-9576-486ea31efcb2-GrpcLogAppender: appendEntries Timeout, request=a3deabaa-6f33-4549-9afe-d811f1beb6dc->e2538fa5-58a8-4aba-9576-486ea31efcb2#65-t1, previous=(t:1, i:12), leaderCommit=6, initializing? false, entries: <empty>
2019-09-12 14:26:33,624 [EventQueue-PipelineActionsForPipelineActionHandler] ERROR pipeline.PipelineActionHandler (PipelineActionHandler.java:onMessage(60)) - Received pipeline action CLOSE for Pipeline[ Id: ba2e6536-2ad5-4e3a-8ecf-947cd9ae92af, Nodes: e2538fa5-58a8-4aba-9576-486ea31efcb2{ip: 192.168.5.171, host: pr-hdds-2007-n4wwz-4249666578, networkLocation: /default-rack, certSerialId: null}c26651e2-a96c-4010-919f-87a827874a5b{ip: 192.168.5.171, host: pr-hdds-2007-n4wwz-4249666578, networkLocation: /default-rack, certSerialId: null}a3deabaa-6f33-4549-9afe-d811f1beb6dc{ip: 192.168.5.171, host: pr-hdds-2007-n4wwz-4249666578, networkLocation: /default-rack, certSerialId: null}, Type:RATIS, Factor:THREE, State:CLOSED] from datanode a3deabaa-6f33-4549-9afe-d811f1beb6dc{ip: 192.168.5.171, host: pr-hdds-2007-n4wwz-4249666578, networkLocation: /default-rack, certSerialId: null}. Reason : a3deabaa-6f33-4549-9afe-d811f1beb6dc has not seen follower/s e2538fa5-58a8-4aba-9576-486ea31efcb2 for 133450ms c26651e2-a96c-4010-919f-87a827874a5b for 133447ms
2019-09-12 14:26:33,624 [EventQueue-PipelineActionsForPipelineActionHandler] INFO  pipeline.SCMPipelineManager (SCMPipelineManager.java:finalizeAndDestroyPipeline(311)) - destroying pipeline:Pipeline[ Id: ba2e6536-2ad5-4e3a-8ecf-947cd9ae92af, Nodes: e2538fa5-58a8-4aba-9576-486ea31efcb2{ip: 192.168.5.171, host: pr-hdds-2007-n4wwz-4249666578, networkLocation: /default-rack, certSerialId: null}c26651e2-a96c-4010-919f-87a827874a5b{ip: 192.168.5.171, host: pr-hdds-2007-n4wwz-4249666578, networkLocation: /default-rack, certSerialId: null}a3deabaa-6f33-4549-9afe-d811f1beb6dc{ip: 192.168.5.171, host: pr-hdds-2007-n4wwz-4249666578, networkLocation: /default-rack, certSerialId: null}, Type:RATIS, Factor:THREE, State:CLOSED]
2019-09-12 14:26:35,128 [org.apache.ratis.server.impl.LogAppender$AppenderDaemon$$Lambda$489/854952238@57534a7a] ERROR ratis.XceiverServerRatis (XceiverServerRatis.java:triggerPipelineClose(568)) - pipeline Action CLOSE  on pipeline PipelineID=ba2e6536-2ad5-4e3a-8ecf-947cd9ae92af.Reason : a3deabaa-6f33-4549-9afe-d811f1beb6dc has not seen follower/s e2538fa5-58a8-4aba-9576-486ea31efcb2 for 135951ms c26651e2-a96c-4010-919f-87a827874a5b for 135948ms
2019-09-12 14:26:35,131 [org.apache.ratis.server.impl.LogAppender$AppenderDaemon$$Lambda$489/854952238@48b1091a] ERROR ratis.XceiverServerRatis (XceiverServerRatis.java:triggerPipelineClose(568)) - pipeline Action CLOSE  on pipeline PipelineID=ba2e6536-2ad5-4e3a-8ecf-947cd9ae92af.Reason : a3deabaa-6f33-4549-9afe-d811f1beb6dc has not seen follower/s e2538fa5-58a8-4aba-9576-486ea31efcb2 for 135954ms c26651e2-a96c-4010-919f-87a827874a5b for 135951ms
2019-09-12 14:26:35,623 [EventQueue-PipelineActionsForPipelineActionHandler] ERROR pipeline.PipelineActionHandler (PipelineActionHandler.java:onMessage(60)) - Received pipeline action CLOSE for Pipeline[ Id: ba2e6536-2ad5-4e3a-8ecf-947cd9ae92af, Nodes: e2538fa5-58a8-4aba-9576-486ea31efcb2{ip: 192.168.5.171, host: pr-hdds-2007-n4wwz-4249666578, networkLocation: /default-rack, certSerialId: null}c26651e2-a96c-4010-919f-87a827874a5b{ip: 192.168.5.171, host: pr-hdds-2007-n4wwz-4249666578, networkLocation: /default-rack, certSerialId: null}a3deabaa-6f33-4549-9afe-d811f1beb6dc{ip: 192.168.5.171, host: pr-hdds-2007-n4wwz-4249666578, networkLocation: /default-rack, certSerialId: null}, Type:RATIS, Factor:THREE, State:CLOSED] from datanode a3deabaa-6f33-4549-9afe-d811f1beb6dc{ip: 192.168.5.171, host: pr-hdds-2007-n4wwz-4249666578, networkLocation: /default-rack, certSerialId: null}. Reason : a3deabaa-6f33-4549-9afe-d811f1beb6dc has not seen follower/s e2538fa5-58a8-4aba-9576-486ea31efcb2 for 135951ms c26651e2-a96c-4010-919f-87a827874a5b for 135948ms
2019-09-12 14:26:35,623 [EventQueue-PipelineActionsForPipelineActionHandler] INFO  pipeline.SCMPipelineManager (SCMPipelineManager.java:finalizeAndDestroyPipeline(311)) - destroying pipeline:Pipeline[ Id: ba2e6536-2ad5-4e3a-8ecf-947cd9ae92af, Nodes: e2538fa5-58a8-4aba-9576-486ea31efcb2{ip: 192.168.5.171, host: pr-hdds-2007-n4wwz-4249666578, networkLocation: /default-rack, certSerialId: null}c26651e2-a96c-4010-919f-87a827874a5b{ip: 192.168.5.171, host: pr-hdds-2007-n4wwz-4249666578, networkLocation: /default-rack, certSerialId: null}a3deabaa-6f33-4549-9afe-d811f1beb6dc{ip: 192.168.5.171, host: pr-hdds-2007-n4wwz-4249666578, networkLocation: /default-rack, certSerialId: null}, Type:RATIS, Factor:THREE, State:CLOSED]
2019-09-12 14:26:35,627 [java.util.concurrent.ThreadPoolExecutor$Worker@7fbf0c72[State = -1, empty queue]] WARN  server.GrpcLogAppender (GrpcLogAppender.java:timeoutAppendRequest(200)) - a3deabaa-6f33-4549-9afe-d811f1beb6dc@group-947CD9AE92AF->c26651e2-a96c-4010-919f-87a827874a5b-GrpcLogAppender: appendEntries Timeout, request=a3deabaa-6f33-4549-9afe-d811f1beb6dc->c26651e2-a96c-4010-919f-87a827874a5b#66-t1, previous=(t:1, i:12), leaderCommit=6, initializing? false, entries: <empty>
2019-09-12 14:26:35,630 [java.util.concurrent.ThreadPoolExecutor$Worker@328bc467[State = -1, empty queue]] WARN  server.GrpcLogAppender (GrpcLogAppender.java:timeoutAppendRequest(200)) - a3deabaa-6f33-4549-9afe-d811f1beb6dc@group-947CD9AE92AF->e2538fa5-58a8-4aba-9576-486ea31efcb2-GrpcLogAppender: appendEntries Timeout, request=a3deabaa-6f33-4549-9afe-d811f1beb6dc->e2538fa5-58a8-4aba-9576-486ea31efcb2#66-t1, previous=(t:1, i:12), leaderCommit=6, initializing? false, entries: <empty>
2019-09-12 14:26:36,087 [grpc-default-executor-5] INFO  client.GrpcClientProtocolClient (GrpcClientProtocolClient.java:onNext(264)) - client-54609732956C->c26651e2-a96c-4010-919f-87a827874a5b: receive RaftClientReply:client-54609732956C->c26651e2-a96c-4010-919f-87a827874a5b@group-947CD9AE92AF, cid=16, FAILED org.apache.ratis.protocol.NotLeaderException: Server c26651e2-a96c-4010-919f-87a827874a5b@group-947CD9AE92AF is not the leader a3deabaa-6f33-4549-9afe-d811f1beb6dc:192.168.5.171:38678, logIndex=0, commits[c26651e2-a96c-4010-919f-87a827874a5b:c6, e2538fa5-58a8-4aba-9576-486ea31efcb2:c4, a3deabaa-6f33-4549-9afe-d811f1beb6dc:c6]
2019-09-12 14:26:37,629 [org.apache.ratis.server.impl.LogAppender$AppenderDaemon$$Lambda$489/854952238@57534a7a] ERROR ratis.XceiverServerRatis (XceiverServerRatis.java:triggerPipelineClose(568)) - pipeline Action CLOSE  on pipeline PipelineID=ba2e6536-2ad5-4e3a-8ecf-947cd9ae92af.Reason : a3deabaa-6f33-4549-9afe-d811f1beb6dc has not seen follower/s e2538fa5-58a8-4aba-9576-486ea31efcb2 for 138452ms c26651e2-a96c-4010-919f-87a827874a5b for 138449ms
2019-09-12 14:26:37,632 [org.apache.ratis.server.impl.LogAppender$AppenderDaemon$$Lambda$489/854952238@48b1091a] ERROR ratis.XceiverServerRatis (XceiverServerRatis.java:triggerPipelineClose(568)) - pipeline Action CLOSE  on pipeline PipelineID=ba2e6536-2ad5-4e3a-8ecf-947cd9ae92af.Reason : a3deabaa-6f33-4549-9afe-d811f1beb6dc has not seen follower/s e2538fa5-58a8-4aba-9576-486ea31efcb2 for 138455ms c26651e2-a96c-4010-919f-87a827874a5b for 138452ms
2019-09-12 14:26:38,128 [java.util.concurrent.ThreadPoolExecutor$Worker@7fbf0c72[State = -1, empty queue]] WARN  server.GrpcLogAppender (GrpcLogAppender.java:timeoutAppendRequest(200)) - a3deabaa-6f33-4549-9afe-d811f1beb6dc@group-947CD9AE92AF->c26651e2-a96c-4010-919f-87a827874a5b-GrpcLogAppender: appendEntries Timeout, request=a3deabaa-6f33-4549-9afe-d811f1beb6dc->c26651e2-a96c-4010-919f-87a827874a5b#67-t1, previous=(t:1, i:12), leaderCommit=6, initializing? false, entries: <empty>
2019-09-12 14:26:38,131 [java.util.concurrent.ThreadPoolExecutor$Worker@328bc467[State = -1, empty queue]] WARN  server.GrpcLogAppender (GrpcLogAppender.java:timeoutAppendRequest(200)) - a3deabaa-6f33-4549-9afe-d811f1beb6dc@group-947CD9AE92AF->e2538fa5-58a8-4aba-9576-486ea31efcb2-GrpcLogAppender: appendEntries Timeout, request=a3deabaa-6f33-4549-9afe-d811f1beb6dc->e2538fa5-58a8-4aba-9576-486ea31efcb2#67-t1, previous=(t:1, i:12), leaderCommit=6, initializing? false, entries: <empty>
2019-09-12 14:26:38,623 [EventQueue-PipelineActionsForPipelineActionHandler] ERROR pipeline.PipelineActionHandler (PipelineActionHandler.java:onMessage(60)) - Received pipeline action CLOSE for Pipeline[ Id: ba2e6536-2ad5-4e3a-8ecf-947cd9ae92af, Nodes: e2538fa5-58a8-4aba-9576-486ea31efcb2{ip: 192.168.5.171, host: pr-hdds-2007-n4wwz-4249666578, networkLocation: /default-rack, certSerialId: null}c26651e2-a96c-4010-919f-87a827874a5b{ip: 192.168.5.171, host: pr-hdds-2007-n4wwz-4249666578, networkLocation: /default-rack, certSerialId: null}a3deabaa-6f33-4549-9afe-d811f1beb6dc{ip: 192.168.5.171, host: pr-hdds-2007-n4wwz-4249666578, networkLocation: /default-rack, certSerialId: null}, Type:RATIS, Factor:THREE, State:CLOSED] from datanode a3deabaa-6f33-4549-9afe-d811f1beb6dc{ip: 192.168.5.171, host: pr-hdds-2007-n4wwz-4249666578, networkLocation: /default-rack, certSerialId: null}. Reason : a3deabaa-6f33-4549-9afe-d811f1beb6dc has not seen follower/s e2538fa5-58a8-4aba-9576-486ea31efcb2 for 138452ms c26651e2-a96c-4010-919f-87a827874a5b for 138449ms
2019-09-12 14:26:38,624 [EventQueue-PipelineActionsForPipelineActionHandler] INFO  pipeline.SCMPipelineManager (SCMPipelineManager.java:finalizeAndDestroyPipeline(311)) - destroying pipeline:Pipeline[ Id: ba2e6536-2ad5-4e3a-8ecf-947cd9ae92af, Nodes: e2538fa5-58a8-4aba-9576-486ea31efcb2{ip: 192.168.5.171, host: pr-hdds-2007-n4wwz-4249666578, networkLocation: /default-rack, certSerialId: null}c26651e2-a96c-4010-919f-87a827874a5b{ip: 192.168.5.171, host: pr-hdds-2007-n4wwz-4249666578, networkLocation: /default-rack, certSerialId: null}a3deabaa-6f33-4549-9afe-d811f1beb6dc{ip: 192.168.5.171, host: pr-hdds-2007-n4wwz-4249666578, networkLocation: /default-rack, certSerialId: null}, Type:RATIS, Factor:THREE, State:CLOSED]
2019-09-12 14:26:39,604 [e2538fa5-58a8-4aba-9576-486ea31efcb2@group-947CD9AE92AF-SegmentedRaftLogWorker] WARN  segmented.SegmentedRaftLogWorker (SegmentedRaftLogWorker.java:getFromFuture(90)) - Timeout 13/~
org.apache.ratis.protocol.TimeoutIOException: Timeout 10s: WriteLog:8: (t:1, i:8), STATEMACHINELOGENTRY, client-54609732956C, cid=17-writeStateMachineData
	at org.apache.ratis.util.IOUtils.getFromFuture(IOUtils.java:87)
	at org.apache.ratis.server.raftlog.segmented.SegmentedRaftLogWorker$StateMachineDataPolicy.getFromFuture(SegmentedRaftLogWorker.java:87)
	at org.apache.ratis.server.raftlog.segmented.SegmentedRaftLogWorker$WriteLog.execute(SegmentedRaftLogWorker.java:477)
	at org.apache.ratis.server.raftlog.segmented.SegmentedRaftLogWorker.run(SegmentedRaftLogWorker.java:289)
	at java.lang.Thread.run(Thread.java:748)
Caused by: java.util.concurrent.TimeoutException
	at java.util.concurrent.CompletableFuture.timedGet(CompletableFuture.java:1771)
	at java.util.concurrent.CompletableFuture.get(CompletableFuture.java:1915)
	at org.apache.ratis.util.IOUtils.getFromFuture(IOUtils.java:79)
	... 4 more
2019-09-12 14:26:39,619 [c26651e2-a96c-4010-919f-87a827874a5b@group-947CD9AE92AF-SegmentedRaftLogWorker] WARN  segmented.SegmentedRaftLogWorker (SegmentedRaftLogWorker.java:getFromFuture(90)) - Timeout 13/~
org.apache.ratis.protocol.TimeoutIOException: Timeout 10s: WriteLog:8: (t:1, i:8), STATEMACHINELOGENTRY, client-54609732956C, cid=17-writeStateMachineData
	at org.apache.ratis.util.IOUtils.getFromFuture(IOUtils.java:87)
	at org.apache.ratis.server.raftlog.segmented.SegmentedRaftLogWorker$StateMachineDataPolicy.getFromFuture(SegmentedRaftLogWorker.java:87)
	at org.apache.ratis.server.raftlog.segmented.SegmentedRaftLogWorker$WriteLog.execute(SegmentedRaftLogWorker.java:477)
	at org.apache.ratis.server.raftlog.segmented.SegmentedRaftLogWorker.run(SegmentedRaftLogWorker.java:289)
	at java.lang.Thread.run(Thread.java:748)
Caused by: java.util.concurrent.TimeoutException
	at java.util.concurrent.CompletableFuture.timedGet(CompletableFuture.java:1771)
	at java.util.concurrent.CompletableFuture.get(CompletableFuture.java:1915)
	at org.apache.ratis.util.IOUtils.getFromFuture(IOUtils.java:79)
	... 4 more
2019-09-12 14:26:39,629 [a3deabaa-6f33-4549-9afe-d811f1beb6dc@group-947CD9AE92AF-SegmentedRaftLogWorker] WARN  segmented.SegmentedRaftLogWorker (SegmentedRaftLogWorker.java:getFromFuture(90)) - Timeout 13/~
org.apache.ratis.protocol.TimeoutIOException: Timeout 10s: WriteLog:8: (t:1, i:8), STATEMACHINELOGENTRY, client-54609732956C, cid=17-writeStateMachineData
	at org.apache.ratis.util.IOUtils.getFromFuture(IOUtils.java:87)
	at org.apache.ratis.server.raftlog.segmented.SegmentedRaftLogWorker$StateMachineDataPolicy.getFromFuture(SegmentedRaftLogWorker.java:87)
	at org.apache.ratis.server.raftlog.segmented.SegmentedRaftLogWorker$WriteLog.execute(SegmentedRaftLogWorker.java:477)
	at org.apache.ratis.server.raftlog.segmented.SegmentedRaftLogWorker.run(SegmentedRaftLogWorker.java:289)
	at java.lang.Thread.run(Thread.java:748)
Caused by: java.util.concurrent.TimeoutException
	at java.util.concurrent.CompletableFuture.timedGet(CompletableFuture.java:1771)
	at java.util.concurrent.CompletableFuture.get(CompletableFuture.java:1915)
	at org.apache.ratis.util.IOUtils.getFromFuture(IOUtils.java:79)
	... 4 more
2019-09-12 14:26:40,130 [org.apache.ratis.server.impl.LogAppender$AppenderDaemon$$Lambda$489/854952238@57534a7a] ERROR ratis.XceiverServerRatis (XceiverServerRatis.java:triggerPipelineClose(568)) - pipeline Action CLOSE  on pipeline PipelineID=ba2e6536-2ad5-4e3a-8ecf-947cd9ae92af.Reason : a3deabaa-6f33-4549-9afe-d811f1beb6dc has not seen follower/s e2538fa5-58a8-4aba-9576-486ea31efcb2 for 140953ms c26651e2-a96c-4010-919f-87a827874a5b for 140950ms
2019-09-12 14:26:40,133 [org.apache.ratis.server.impl.LogAppender$AppenderDaemon$$Lambda$489/854952238@48b1091a] ERROR ratis.XceiverServerRatis (XceiverServerRatis.java:triggerPipelineClose(568)) - pipeline Action CLOSE  on pipeline PipelineID=ba2e6536-2ad5-4e3a-8ecf-947cd9ae92af.Reason : a3deabaa-6f33-4549-9afe-d811f1beb6dc has not seen follower/s e2538fa5-58a8-4aba-9576-486ea31efcb2 for 140956ms c26651e2-a96c-4010-919f-87a827874a5b for 140953ms
2019-09-12 14:26:40,629 [java.util.concurrent.ThreadPoolExecutor$Worker@7fbf0c72[State = -1, empty queue]] WARN  server.GrpcLogAppender (GrpcLogAppender.java:timeoutAppendRequest(200)) - a3deabaa-6f33-4549-9afe-d811f1beb6dc@group-947CD9AE92AF->c26651e2-a96c-4010-919f-87a827874a5b-GrpcLogAppender: appendEntries Timeout, request=a3deabaa-6f33-4549-9afe-d811f1beb6dc->c26651e2-a96c-4010-919f-87a827874a5b#68-t1, previous=(t:1, i:12), leaderCommit=6, initializing? false, entries: <empty>
2019-09-12 14:26:40,630 [EventQueue-PipelineActionsForPipelineActionHandler] ERROR pipeline.PipelineActionHandler (PipelineActionHandler.java:onMessage(60)) - Received pipeline action CLOSE for Pipeline[ Id: ba2e6536-2ad5-4e3a-8ecf-947cd9ae92af, Nodes: e2538fa5-58a8-4aba-9576-486ea31efcb2{ip: 192.168.5.171, host: pr-hdds-2007-n4wwz-4249666578, networkLocation: /default-rack, certSerialId: null}c26651e2-a96c-4010-919f-87a827874a5b{ip: 192.168.5.171, host: pr-hdds-2007-n4wwz-4249666578, networkLocation: /default-rack, certSerialId: null}a3deabaa-6f33-4549-9afe-d811f1beb6dc{ip: 192.168.5.171, host: pr-hdds-2007-n4wwz-4249666578, networkLocation: /default-rack, certSerialId: null}, Type:RATIS, Factor:THREE, State:CLOSED] from datanode a3deabaa-6f33-4549-9afe-d811f1beb6dc{ip: 192.168.5.171, host: pr-hdds-2007-n4wwz-4249666578, networkLocation: /default-rack, certSerialId: null}. Reason : a3deabaa-6f33-4549-9afe-d811f1beb6dc has not seen follower/s e2538fa5-58a8-4aba-9576-486ea31efcb2 for 140953ms c26651e2-a96c-4010-919f-87a827874a5b for 140950ms
2019-09-12 14:26:40,630 [EventQueue-PipelineActionsForPipelineActionHandler] INFO  pipeline.SCMPipelineManager (SCMPipelineManager.java:finalizeAndDestroyPipeline(311)) - destroying pipeline:Pipeline[ Id: ba2e6536-2ad5-4e3a-8ecf-947cd9ae92af, Nodes: e2538fa5-58a8-4aba-9576-486ea31efcb2{ip: 192.168.5.171, host: pr-hdds-2007-n4wwz-4249666578, networkLocation: /default-rack, certSerialId: null}c26651e2-a96c-4010-919f-87a827874a5b{ip: 192.168.5.171, host: pr-hdds-2007-n4wwz-4249666578, networkLocation: /default-rack, certSerialId: null}a3deabaa-6f33-4549-9afe-d811f1beb6dc{ip: 192.168.5.171, host: pr-hdds-2007-n4wwz-4249666578, networkLocation: /default-rack, certSerialId: null}, Type:RATIS, Factor:THREE, State:CLOSED]
2019-09-12 14:26:40,632 [java.util.concurrent.ThreadPoolExecutor$Worker@328bc467[State = -1, empty queue]] WARN  server.GrpcLogAppender (GrpcLogAppender.java:timeoutAppendRequest(200)) - a3deabaa-6f33-4549-9afe-d811f1beb6dc@group-947CD9AE92AF->e2538fa5-58a8-4aba-9576-486ea31efcb2-GrpcLogAppender: appendEntries Timeout, request=a3deabaa-6f33-4549-9afe-d811f1beb6dc->e2538fa5-58a8-4aba-9576-486ea31efcb2#68-t1, previous=(t:1, i:12), leaderCommit=6, initializing? false, entries: <empty>
2019-09-12 14:26:41,130 [grpc-default-executor-5] INFO  client.GrpcClientProtocolClient (GrpcClientProtocolClient.java:onNext(264)) - client-54609732956C->e2538fa5-58a8-4aba-9576-486ea31efcb2: receive RaftClientReply:client-54609732956C->e2538fa5-58a8-4aba-9576-486ea31efcb2@group-947CD9AE92AF, cid=16, FAILED org.apache.ratis.protocol.NotLeaderException: Server e2538fa5-58a8-4aba-9576-486ea31efcb2@group-947CD9AE92AF is not the leader a3deabaa-6f33-4549-9afe-d811f1beb6dc:192.168.5.171:38678, logIndex=0, commits[e2538fa5-58a8-4aba-9576-486ea31efcb2:c6, a3deabaa-6f33-4549-9afe-d811f1beb6dc:c6, c26651e2-a96c-4010-919f-87a827874a5b:c4]
2019-09-12 14:26:42,631 [org.apache.ratis.server.impl.LogAppender$AppenderDaemon$$Lambda$489/854952238@57534a7a] ERROR ratis.XceiverServerRatis (XceiverServerRatis.java:triggerPipelineClose(568)) - pipeline Action CLOSE  on pipeline PipelineID=ba2e6536-2ad5-4e3a-8ecf-947cd9ae92af.Reason : a3deabaa-6f33-4549-9afe-d811f1beb6dc has not seen follower/s e2538fa5-58a8-4aba-9576-486ea31efcb2 for 143454ms c26651e2-a96c-4010-919f-87a827874a5b for 143451ms
2019-09-12 14:26:42,634 [org.apache.ratis.server.impl.LogAppender$AppenderDaemon$$Lambda$489/854952238@48b1091a] ERROR ratis.XceiverServerRatis (XceiverServerRatis.java:triggerPipelineClose(568)) - pipeline Action CLOSE  on pipeline PipelineID=ba2e6536-2ad5-4e3a-8ecf-947cd9ae92af.Reason : a3deabaa-6f33-4549-9afe-d811f1beb6dc has not seen follower/s e2538fa5-58a8-4aba-9576-486ea31efcb2 for 143457ms c26651e2-a96c-4010-919f-87a827874a5b for 143454ms
2019-09-12 14:26:43,130 [java.util.concurrent.ThreadPoolExecutor$Worker@7fbf0c72[State = -1, empty queue]] WARN  server.GrpcLogAppender (GrpcLogAppender.java:timeoutAppendRequest(200)) - a3deabaa-6f33-4549-9afe-d811f1beb6dc@group-947CD9AE92AF->c26651e2-a96c-4010-919f-87a827874a5b-GrpcLogAppender: appendEntries Timeout, request=a3deabaa-6f33-4549-9afe-d811f1beb6dc->c26651e2-a96c-4010-919f-87a827874a5b#69-t1, previous=(t:1, i:12), leaderCommit=6, initializing? false, entries: <empty>
2019-09-12 14:26:43,133 [java.util.concurrent.ThreadPoolExecutor$Worker@328bc467[State = -1, empty queue]] WARN  server.GrpcLogAppender (GrpcLogAppender.java:timeoutAppendRequest(200)) - a3deabaa-6f33-4549-9afe-d811f1beb6dc@group-947CD9AE92AF->e2538fa5-58a8-4aba-9576-486ea31efcb2-GrpcLogAppender: appendEntries Timeout, request=a3deabaa-6f33-4549-9afe-d811f1beb6dc->e2538fa5-58a8-4aba-9576-486ea31efcb2#69-t1, previous=(t:1, i:12), leaderCommit=6, initializing? false, entries: <empty>
2019-09-12 14:26:43,629 [EventQueue-PipelineActionsForPipelineActionHandler] ERROR pipeline.PipelineActionHandler (PipelineActionHandler.java:onMessage(60)) - Received pipeline action CLOSE for Pipeline[ Id: ba2e6536-2ad5-4e3a-8ecf-947cd9ae92af, Nodes: e2538fa5-58a8-4aba-9576-486ea31efcb2{ip: 192.168.5.171, host: pr-hdds-2007-n4wwz-4249666578, networkLocation: /default-rack, certSerialId: null}c26651e2-a96c-4010-919f-87a827874a5b{ip: 192.168.5.171, host: pr-hdds-2007-n4wwz-4249666578, networkLocation: /default-rack, certSerialId: null}a3deabaa-6f33-4549-9afe-d811f1beb6dc{ip: 192.168.5.171, host: pr-hdds-2007-n4wwz-4249666578, networkLocation: /default-rack, certSerialId: null}, Type:RATIS, Factor:THREE, State:CLOSED] from datanode a3deabaa-6f33-4549-9afe-d811f1beb6dc{ip: 192.168.5.171, host: pr-hdds-2007-n4wwz-4249666578, networkLocation: /default-rack, certSerialId: null}. Reason : a3deabaa-6f33-4549-9afe-d811f1beb6dc has not seen follower/s e2538fa5-58a8-4aba-9576-486ea31efcb2 for 143454ms c26651e2-a96c-4010-919f-87a827874a5b for 143451ms
2019-09-12 14:26:43,629 [EventQueue-PipelineActionsForPipelineActionHandler] INFO  pipeline.SCMPipelineManager (SCMPipelineManager.java:finalizeAndDestroyPipeline(311)) - destroying pipeline:Pipeline[ Id: ba2e6536-2ad5-4e3a-8ecf-947cd9ae92af, Nodes: e2538fa5-58a8-4aba-9576-486ea31efcb2{ip: 192.168.5.171, host: pr-hdds-2007-n4wwz-4249666578, networkLocation: /default-rack, certSerialId: null}c26651e2-a96c-4010-919f-87a827874a5b{ip: 192.168.5.171, host: pr-hdds-2007-n4wwz-4249666578, networkLocation: /default-rack, certSerialId: null}a3deabaa-6f33-4549-9afe-d811f1beb6dc{ip: 192.168.5.171, host: pr-hdds-2007-n4wwz-4249666578, networkLocation: /default-rack, certSerialId: null}, Type:RATIS, Factor:THREE, State:CLOSED]
2019-09-12 14:26:45,132 [org.apache.ratis.server.impl.LogAppender$AppenderDaemon$$Lambda$489/854952238@57534a7a] ERROR ratis.XceiverServerRatis (XceiverServerRatis.java:triggerPipelineClose(568)) - pipeline Action CLOSE  on pipeline PipelineID=ba2e6536-2ad5-4e3a-8ecf-947cd9ae92af.Reason : a3deabaa-6f33-4549-9afe-d811f1beb6dc has not seen follower/s e2538fa5-58a8-4aba-9576-486ea31efcb2 for 145955ms c26651e2-a96c-4010-919f-87a827874a5b for 145952ms
2019-09-12 14:26:45,134 [org.apache.ratis.server.impl.LogAppender$AppenderDaemon$$Lambda$489/854952238@48b1091a] ERROR ratis.XceiverServerRatis (XceiverServerRatis.java:triggerPipelineClose(568)) - pipeline Action CLOSE  on pipeline PipelineID=ba2e6536-2ad5-4e3a-8ecf-947cd9ae92af.Reason : a3deabaa-6f33-4549-9afe-d811f1beb6dc has not seen follower/s e2538fa5-58a8-4aba-9576-486ea31efcb2 for 145957ms c26651e2-a96c-4010-919f-87a827874a5b for 145954ms
2019-09-12 14:26:45,630 [EventQueue-PipelineActionsForPipelineActionHandler] ERROR pipeline.PipelineActionHandler (PipelineActionHandler.java:onMessage(60)) - Received pipeline action CLOSE for Pipeline[ Id: ba2e6536-2ad5-4e3a-8ecf-947cd9ae92af, Nodes: e2538fa5-58a8-4aba-9576-486ea31efcb2{ip: 192.168.5.171, host: pr-hdds-2007-n4wwz-4249666578, networkLocation: /default-rack, certSerialId: null}c26651e2-a96c-4010-919f-87a827874a5b{ip: 192.168.5.171, host: pr-hdds-2007-n4wwz-4249666578, networkLocation: /default-rack, certSerialId: null}a3deabaa-6f33-4549-9afe-d811f1beb6dc{ip: 192.168.5.171, host: pr-hdds-2007-n4wwz-4249666578, networkLocation: /default-rack, certSerialId: null}, Type:RATIS, Factor:THREE, State:CLOSED] from datanode a3deabaa-6f33-4549-9afe-d811f1beb6dc{ip: 192.168.5.171, host: pr-hdds-2007-n4wwz-4249666578, networkLocation: /default-rack, certSerialId: null}. Reason : a3deabaa-6f33-4549-9afe-d811f1beb6dc has not seen follower/s e2538fa5-58a8-4aba-9576-486ea31efcb2 for 145955ms c26651e2-a96c-4010-919f-87a827874a5b for 145952ms
2019-09-12 14:26:45,630 [EventQueue-PipelineActionsForPipelineActionHandler] INFO  pipeline.SCMPipelineManager (SCMPipelineManager.java:finalizeAndDestroyPipeline(311)) - destroying pipeline:Pipeline[ Id: ba2e6536-2ad5-4e3a-8ecf-947cd9ae92af, Nodes: e2538fa5-58a8-4aba-9576-486ea31efcb2{ip: 192.168.5.171, host: pr-hdds-2007-n4wwz-4249666578, networkLocation: /default-rack, certSerialId: null}c26651e2-a96c-4010-919f-87a827874a5b{ip: 192.168.5.171, host: pr-hdds-2007-n4wwz-4249666578, networkLocation: /default-rack, certSerialId: null}a3deabaa-6f33-4549-9afe-d811f1beb6dc{ip: 192.168.5.171, host: pr-hdds-2007-n4wwz-4249666578, networkLocation: /default-rack, certSerialId: null}, Type:RATIS, Factor:THREE, State:CLOSED]
2019-09-12 14:26:45,631 [java.util.concurrent.ThreadPoolExecutor$Worker@7fbf0c72[State = -1, empty queue]] WARN  server.GrpcLogAppender (GrpcLogAppender.java:timeoutAppendRequest(200)) - a3deabaa-6f33-4549-9afe-d811f1beb6dc@group-947CD9AE92AF->c26651e2-a96c-4010-919f-87a827874a5b-GrpcLogAppender: appendEntries Timeout, request=a3deabaa-6f33-4549-9afe-d811f1beb6dc->c26651e2-a96c-4010-919f-87a827874a5b#70-t1, previous=(t:1, i:12), leaderCommit=6, initializing? false, entries: <empty>
2019-09-12 14:26:45,634 [java.util.concurrent.ThreadPoolExecutor$Worker@328bc467[State = -1, empty queue]] WARN  server.GrpcLogAppender (GrpcLogAppender.java:timeoutAppendRequest(200)) - a3deabaa-6f33-4549-9afe-d811f1beb6dc@group-947CD9AE92AF->e2538fa5-58a8-4aba-9576-486ea31efcb2-GrpcLogAppender: appendEntries Timeout, request=a3deabaa-6f33-4549-9afe-d811f1beb6dc->e2538fa5-58a8-4aba-9576-486ea31efcb2#70-t1, previous=(t:1, i:12), leaderCommit=6, initializing? false, entries: <empty>
2019-09-12 14:26:46,199 [grpc-default-executor-1] INFO  client.GrpcClientProtocolClient (GrpcClientProtocolClient.java:onNext(264)) - client-54609732956C->c26651e2-a96c-4010-919f-87a827874a5b: receive RaftClientReply:client-54609732956C->c26651e2-a96c-4010-919f-87a827874a5b@group-947CD9AE92AF, cid=16, FAILED org.apache.ratis.protocol.NotLeaderException: Server c26651e2-a96c-4010-919f-87a827874a5b@group-947CD9AE92AF is not the leader a3deabaa-6f33-4549-9afe-d811f1beb6dc:192.168.5.171:38678, logIndex=0, commits[c26651e2-a96c-4010-919f-87a827874a5b:c6, e2538fa5-58a8-4aba-9576-486ea31efcb2:c4, a3deabaa-6f33-4549-9afe-d811f1beb6dc:c6]
2019-09-12 14:26:47,633 [org.apache.ratis.server.impl.LogAppender$AppenderDaemon$$Lambda$489/854952238@57534a7a] ERROR ratis.XceiverServerRatis (XceiverServerRatis.java:triggerPipelineClose(568)) - pipeline Action CLOSE  on pipeline PipelineID=ba2e6536-2ad5-4e3a-8ecf-947cd9ae92af.Reason : a3deabaa-6f33-4549-9afe-d811f1beb6dc has not seen follower/s e2538fa5-58a8-4aba-9576-486ea31efcb2 for 148455ms c26651e2-a96c-4010-919f-87a827874a5b for 148453ms
2019-09-12 14:26:47,635 [org.apache.ratis.server.impl.LogAppender$AppenderDaemon$$Lambda$489/854952238@48b1091a] ERROR ratis.XceiverServerRatis (XceiverServerRatis.java:triggerPipelineClose(568)) - pipeline Action CLOSE  on pipeline PipelineID=ba2e6536-2ad5-4e3a-8ecf-947cd9ae92af.Reason : a3deabaa-6f33-4549-9afe-d811f1beb6dc has not seen follower/s e2538fa5-58a8-4aba-9576-486ea31efcb2 for 148458ms c26651e2-a96c-4010-919f-87a827874a5b for 148455ms
2019-09-12 14:26:48,132 [java.util.concurrent.ThreadPoolExecutor$Worker@7fbf0c72[State = -1, empty queue]] WARN  server.GrpcLogAppender (GrpcLogAppender.java:timeoutAppendRequest(200)) - a3deabaa-6f33-4549-9afe-d811f1beb6dc@group-947CD9AE92AF->c26651e2-a96c-4010-919f-87a827874a5b-GrpcLogAppender: appendEntries Timeout, request=a3deabaa-6f33-4549-9afe-d811f1beb6dc->c26651e2-a96c-4010-919f-87a827874a5b#71-t1, previous=(t:1, i:12), leaderCommit=6, initializing? false, entries: <empty>
2019-09-12 14:26:48,134 [java.util.concurrent.ThreadPoolExecutor$Worker@328bc467[State = -1, empty queue]] WARN  server.GrpcLogAppender (GrpcLogAppender.java:timeoutAppendRequest(200)) - a3deabaa-6f33-4549-9afe-d811f1beb6dc@group-947CD9AE92AF->e2538fa5-58a8-4aba-9576-486ea31efcb2-GrpcLogAppender: appendEntries Timeout, request=a3deabaa-6f33-4549-9afe-d811f1beb6dc->e2538fa5-58a8-4aba-9576-486ea31efcb2#71-t1, previous=(t:1, i:12), leaderCommit=6, initializing? false, entries: <empty>
2019-09-12 14:26:48,629 [EventQueue-PipelineActionsForPipelineActionHandler] ERROR pipeline.PipelineActionHandler (PipelineActionHandler.java:onMessage(60)) - Received pipeline action CLOSE for Pipeline[ Id: ba2e6536-2ad5-4e3a-8ecf-947cd9ae92af, Nodes: e2538fa5-58a8-4aba-9576-486ea31efcb2{ip: 192.168.5.171, host: pr-hdds-2007-n4wwz-4249666578, networkLocation: /default-rack, certSerialId: null}c26651e2-a96c-4010-919f-87a827874a5b{ip: 192.168.5.171, host: pr-hdds-2007-n4wwz-4249666578, networkLocation: /default-rack, certSerialId: null}a3deabaa-6f33-4549-9afe-d811f1beb6dc{ip: 192.168.5.171, host: pr-hdds-2007-n4wwz-4249666578, networkLocation: /default-rack, certSerialId: null}, Type:RATIS, Factor:THREE, State:CLOSED] from datanode a3deabaa-6f33-4549-9afe-d811f1beb6dc{ip: 192.168.5.171, host: pr-hdds-2007-n4wwz-4249666578, networkLocation: /default-rack, certSerialId: null}. Reason : a3deabaa-6f33-4549-9afe-d811f1beb6dc has not seen follower/s e2538fa5-58a8-4aba-9576-486ea31efcb2 for 148455ms c26651e2-a96c-4010-919f-87a827874a5b for 148453ms
2019-09-12 14:26:48,629 [EventQueue-PipelineActionsForPipelineActionHandler] INFO  pipeline.SCMPipelineManager (SCMPipelineManager.java:finalizeAndDestroyPipeline(311)) - destroying pipeline:Pipeline[ Id: ba2e6536-2ad5-4e3a-8ecf-947cd9ae92af, Nodes: e2538fa5-58a8-4aba-9576-486ea31efcb2{ip: 192.168.5.171, host: pr-hdds-2007-n4wwz-4249666578, networkLocation: /default-rack, certSerialId: null}c26651e2-a96c-4010-919f-87a827874a5b{ip: 192.168.5.171, host: pr-hdds-2007-n4wwz-4249666578, networkLocation: /default-rack, certSerialId: null}a3deabaa-6f33-4549-9afe-d811f1beb6dc{ip: 192.168.5.171, host: pr-hdds-2007-n4wwz-4249666578, networkLocation: /default-rack, certSerialId: null}, Type:RATIS, Factor:THREE, State:CLOSED]
2019-09-12 14:26:49,607 [e2538fa5-58a8-4aba-9576-486ea31efcb2@group-947CD9AE92AF-SegmentedRaftLogWorker] WARN  segmented.SegmentedRaftLogWorker (SegmentedRaftLogWorker.java:getFromFuture(90)) - Timeout 14/~
org.apache.ratis.protocol.TimeoutIOException: Timeout 10s: WriteLog:8: (t:1, i:8), STATEMACHINELOGENTRY, client-54609732956C, cid=17-writeStateMachineData
	at org.apache.ratis.util.IOUtils.getFromFuture(IOUtils.java:87)
	at org.apache.ratis.server.raftlog.segmented.SegmentedRaftLogWorker$StateMachineDataPolicy.getFromFuture(SegmentedRaftLogWorker.java:87)
	at org.apache.ratis.server.raftlog.segmented.SegmentedRaftLogWorker$WriteLog.execute(SegmentedRaftLogWorker.java:477)
	at org.apache.ratis.server.raftlog.segmented.SegmentedRaftLogWorker.run(SegmentedRaftLogWorker.java:289)
	at java.lang.Thread.run(Thread.java:748)
Caused by: java.util.concurrent.TimeoutException
	at java.util.concurrent.CompletableFuture.timedGet(CompletableFuture.java:1771)
	at java.util.concurrent.CompletableFuture.get(CompletableFuture.java:1915)
	at org.apache.ratis.util.IOUtils.getFromFuture(IOUtils.java:79)
	... 4 more
2019-09-12 14:26:49,629 [c26651e2-a96c-4010-919f-87a827874a5b@group-947CD9AE92AF-SegmentedRaftLogWorker] WARN  segmented.SegmentedRaftLogWorker (SegmentedRaftLogWorker.java:getFromFuture(90)) - Timeout 14/~
org.apache.ratis.protocol.TimeoutIOException: Timeout 10s: WriteLog:8: (t:1, i:8), STATEMACHINELOGENTRY, client-54609732956C, cid=17-writeStateMachineData
	at org.apache.ratis.util.IOUtils.getFromFuture(IOUtils.java:87)
	at org.apache.ratis.server.raftlog.segmented.SegmentedRaftLogWorker$StateMachineDataPolicy.getFromFuture(SegmentedRaftLogWorker.java:87)
	at org.apache.ratis.server.raftlog.segmented.SegmentedRaftLogWorker$WriteLog.execute(SegmentedRaftLogWorker.java:477)
	at org.apache.ratis.server.raftlog.segmented.SegmentedRaftLogWorker.run(SegmentedRaftLogWorker.java:289)
	at java.lang.Thread.run(Thread.java:748)
Caused by: java.util.concurrent.TimeoutException
	at java.util.concurrent.CompletableFuture.timedGet(CompletableFuture.java:1771)
	at java.util.concurrent.CompletableFuture.get(CompletableFuture.java:1915)
	at org.apache.ratis.util.IOUtils.getFromFuture(IOUtils.java:79)
	... 4 more
2019-09-12 14:26:49,630 [a3deabaa-6f33-4549-9afe-d811f1beb6dc@group-947CD9AE92AF-SegmentedRaftLogWorker] WARN  segmented.SegmentedRaftLogWorker (SegmentedRaftLogWorker.java:getFromFuture(90)) - Timeout 14/~
org.apache.ratis.protocol.TimeoutIOException: Timeout 10s: WriteLog:8: (t:1, i:8), STATEMACHINELOGENTRY, client-54609732956C, cid=17-writeStateMachineData
	at org.apache.ratis.util.IOUtils.getFromFuture(IOUtils.java:87)
	at org.apache.ratis.server.raftlog.segmented.SegmentedRaftLogWorker$StateMachineDataPolicy.getFromFuture(SegmentedRaftLogWorker.java:87)
	at org.apache.ratis.server.raftlog.segmented.SegmentedRaftLogWorker$WriteLog.execute(SegmentedRaftLogWorker.java:477)
	at org.apache.ratis.server.raftlog.segmented.SegmentedRaftLogWorker.run(SegmentedRaftLogWorker.java:289)
	at java.lang.Thread.run(Thread.java:748)
Caused by: java.util.concurrent.TimeoutException
	at java.util.concurrent.CompletableFuture.timedGet(CompletableFuture.java:1771)
	at java.util.concurrent.CompletableFuture.get(CompletableFuture.java:1915)
	at org.apache.ratis.util.IOUtils.getFromFuture(IOUtils.java:79)
	... 4 more
2019-09-12 14:26:50,134 [org.apache.ratis.server.impl.LogAppender$AppenderDaemon$$Lambda$489/854952238@57534a7a] ERROR ratis.XceiverServerRatis (XceiverServerRatis.java:triggerPipelineClose(568)) - pipeline Action CLOSE  on pipeline PipelineID=ba2e6536-2ad5-4e3a-8ecf-947cd9ae92af.Reason : a3deabaa-6f33-4549-9afe-d811f1beb6dc has not seen follower/s e2538fa5-58a8-4aba-9576-486ea31efcb2 for 150957ms c26651e2-a96c-4010-919f-87a827874a5b for 150954ms
2019-09-12 14:26:50,136 [org.apache.ratis.server.impl.LogAppender$AppenderDaemon$$Lambda$489/854952238@48b1091a] ERROR ratis.XceiverServerRatis (XceiverServerRatis.java:triggerPipelineClose(568)) - pipeline Action CLOSE  on pipeline PipelineID=ba2e6536-2ad5-4e3a-8ecf-947cd9ae92af.Reason : a3deabaa-6f33-4549-9afe-d811f1beb6dc has not seen follower/s e2538fa5-58a8-4aba-9576-486ea31efcb2 for 150959ms c26651e2-a96c-4010-919f-87a827874a5b for 150956ms
2019-09-12 14:26:50,629 [EventQueue-PipelineActionsForPipelineActionHandler] ERROR pipeline.PipelineActionHandler (PipelineActionHandler.java:onMessage(60)) - Received pipeline action CLOSE for Pipeline[ Id: ba2e6536-2ad5-4e3a-8ecf-947cd9ae92af, Nodes: e2538fa5-58a8-4aba-9576-486ea31efcb2{ip: 192.168.5.171, host: pr-hdds-2007-n4wwz-4249666578, networkLocation: /default-rack, certSerialId: null}c26651e2-a96c-4010-919f-87a827874a5b{ip: 192.168.5.171, host: pr-hdds-2007-n4wwz-4249666578, networkLocation: /default-rack, certSerialId: null}a3deabaa-6f33-4549-9afe-d811f1beb6dc{ip: 192.168.5.171, host: pr-hdds-2007-n4wwz-4249666578, networkLocation: /default-rack, certSerialId: null}, Type:RATIS, Factor:THREE, State:CLOSED] from datanode a3deabaa-6f33-4549-9afe-d811f1beb6dc{ip: 192.168.5.171, host: pr-hdds-2007-n4wwz-4249666578, networkLocation: /default-rack, certSerialId: null}. Reason : a3deabaa-6f33-4549-9afe-d811f1beb6dc has not seen follower/s e2538fa5-58a8-4aba-9576-486ea31efcb2 for 150957ms c26651e2-a96c-4010-919f-87a827874a5b for 150954ms
2019-09-12 14:26:50,629 [EventQueue-PipelineActionsForPipelineActionHandler] INFO  pipeline.SCMPipelineManager (SCMPipelineManager.java:finalizeAndDestroyPipeline(311)) - destroying pipeline:Pipeline[ Id: ba2e6536-2ad5-4e3a-8ecf-947cd9ae92af, Nodes: e2538fa5-58a8-4aba-9576-486ea31efcb2{ip: 192.168.5.171, host: pr-hdds-2007-n4wwz-4249666578, networkLocation: /default-rack, certSerialId: null}c26651e2-a96c-4010-919f-87a827874a5b{ip: 192.168.5.171, host: pr-hdds-2007-n4wwz-4249666578, networkLocation: /default-rack, certSerialId: null}a3deabaa-6f33-4549-9afe-d811f1beb6dc{ip: 192.168.5.171, host: pr-hdds-2007-n4wwz-4249666578, networkLocation: /default-rack, certSerialId: null}, Type:RATIS, Factor:THREE, State:CLOSED]
2019-09-12 14:26:50,633 [java.util.concurrent.ThreadPoolExecutor$Worker@7fbf0c72[State = -1, empty queue]] WARN  server.GrpcLogAppender (GrpcLogAppender.java:timeoutAppendRequest(200)) - a3deabaa-6f33-4549-9afe-d811f1beb6dc@group-947CD9AE92AF->c26651e2-a96c-4010-919f-87a827874a5b-GrpcLogAppender: appendEntries Timeout, request=a3deabaa-6f33-4549-9afe-d811f1beb6dc->c26651e2-a96c-4010-919f-87a827874a5b#72-t1, previous=(t:1, i:12), leaderCommit=6, initializing? false, entries: <empty>
2019-09-12 14:26:50,635 [java.util.concurrent.ThreadPoolExecutor$Worker@328bc467[State = -1, empty queue]] WARN  server.GrpcLogAppender (GrpcLogAppender.java:timeoutAppendRequest(200)) - a3deabaa-6f33-4549-9afe-d811f1beb6dc@group-947CD9AE92AF->e2538fa5-58a8-4aba-9576-486ea31efcb2-GrpcLogAppender: appendEntries Timeout, request=a3deabaa-6f33-4549-9afe-d811f1beb6dc->e2538fa5-58a8-4aba-9576-486ea31efcb2#72-t1, previous=(t:1, i:12), leaderCommit=6, initializing? false, entries: <empty>
2019-09-12 14:26:51,255 [grpc-default-executor-5] INFO  client.GrpcClientProtocolClient (GrpcClientProtocolClient.java:onNext(264)) - client-54609732956C->c26651e2-a96c-4010-919f-87a827874a5b: receive RaftClientReply:client-54609732956C->c26651e2-a96c-4010-919f-87a827874a5b@group-947CD9AE92AF, cid=16, FAILED org.apache.ratis.protocol.NotLeaderException: Server c26651e2-a96c-4010-919f-87a827874a5b@group-947CD9AE92AF is not the leader a3deabaa-6f33-4549-9afe-d811f1beb6dc:192.168.5.171:38678, logIndex=0, commits[c26651e2-a96c-4010-919f-87a827874a5b:c6, e2538fa5-58a8-4aba-9576-486ea31efcb2:c4, a3deabaa-6f33-4549-9afe-d811f1beb6dc:c6]
2019-09-12 14:26:52,635 [org.apache.ratis.server.impl.LogAppender$AppenderDaemon$$Lambda$489/854952238@57534a7a] ERROR ratis.XceiverServerRatis (XceiverServerRatis.java:triggerPipelineClose(568)) - pipeline Action CLOSE  on pipeline PipelineID=ba2e6536-2ad5-4e3a-8ecf-947cd9ae92af.Reason : a3deabaa-6f33-4549-9afe-d811f1beb6dc has not seen follower/s e2538fa5-58a8-4aba-9576-486ea31efcb2 for 153457ms c26651e2-a96c-4010-919f-87a827874a5b for 153455ms
2019-09-12 14:26:52,636 [org.apache.ratis.server.impl.LogAppender$AppenderDaemon$$Lambda$489/854952238@48b1091a] ERROR ratis.XceiverServerRatis (XceiverServerRatis.java:triggerPipelineClose(568)) - pipeline Action CLOSE  on pipeline PipelineID=ba2e6536-2ad5-4e3a-8ecf-947cd9ae92af.Reason : a3deabaa-6f33-4549-9afe-d811f1beb6dc has not seen follower/s e2538fa5-58a8-4aba-9576-486ea31efcb2 for 153459ms c26651e2-a96c-4010-919f-87a827874a5b for 153457ms
2019-09-12 14:26:53,134 [java.util.concurrent.ThreadPoolExecutor$Worker@7fbf0c72[State = -1, empty queue]] WARN  server.GrpcLogAppender (GrpcLogAppender.java:timeoutAppendRequest(200)) - a3deabaa-6f33-4549-9afe-d811f1beb6dc@group-947CD9AE92AF->c26651e2-a96c-4010-919f-87a827874a5b-GrpcLogAppender: appendEntries Timeout, request=a3deabaa-6f33-4549-9afe-d811f1beb6dc->c26651e2-a96c-4010-919f-87a827874a5b#73-t1, previous=(t:1, i:12), leaderCommit=6, initializing? false, entries: <empty>
2019-09-12 14:26:53,136 [java.util.concurrent.ThreadPoolExecutor$Worker@328bc467[State = -1, empty queue]] WARN  server.GrpcLogAppender (GrpcLogAppender.java:timeoutAppendRequest(200)) - a3deabaa-6f33-4549-9afe-d811f1beb6dc@group-947CD9AE92AF->e2538fa5-58a8-4aba-9576-486ea31efcb2-GrpcLogAppender: appendEntries Timeout, request=a3deabaa-6f33-4549-9afe-d811f1beb6dc->e2538fa5-58a8-4aba-9576-486ea31efcb2#73-t1, previous=(t:1, i:12), leaderCommit=6, initializing? false, entries: <empty>
2019-09-12 14:26:53,631 [EventQueue-PipelineActionsForPipelineActionHandler] ERROR pipeline.PipelineActionHandler (PipelineActionHandler.java:onMessage(60)) - Received pipeline action CLOSE for Pipeline[ Id: ba2e6536-2ad5-4e3a-8ecf-947cd9ae92af, Nodes: e2538fa5-58a8-4aba-9576-486ea31efcb2{ip: 192.168.5.171, host: pr-hdds-2007-n4wwz-4249666578, networkLocation: /default-rack, certSerialId: null}c26651e2-a96c-4010-919f-87a827874a5b{ip: 192.168.5.171, host: pr-hdds-2007-n4wwz-4249666578, networkLocation: /default-rack, certSerialId: null}a3deabaa-6f33-4549-9afe-d811f1beb6dc{ip: 192.168.5.171, host: pr-hdds-2007-n4wwz-4249666578, networkLocation: /default-rack, certSerialId: null}, Type:RATIS, Factor:THREE, State:CLOSED] from datanode a3deabaa-6f33-4549-9afe-d811f1beb6dc{ip: 192.168.5.171, host: pr-hdds-2007-n4wwz-4249666578, networkLocation: /default-rack, certSerialId: null}. Reason : a3deabaa-6f33-4549-9afe-d811f1beb6dc has not seen follower/s e2538fa5-58a8-4aba-9576-486ea31efcb2 for 153457ms c26651e2-a96c-4010-919f-87a827874a5b for 153455ms
2019-09-12 14:26:53,631 [EventQueue-PipelineActionsForPipelineActionHandler] INFO  pipeline.SCMPipelineManager (SCMPipelineManager.java:finalizeAndDestroyPipeline(311)) - destroying pipeline:Pipeline[ Id: ba2e6536-2ad5-4e3a-8ecf-947cd9ae92af, Nodes: e2538fa5-58a8-4aba-9576-486ea31efcb2{ip: 192.168.5.171, host: pr-hdds-2007-n4wwz-4249666578, networkLocation: /default-rack, certSerialId: null}c26651e2-a96c-4010-919f-87a827874a5b{ip: 192.168.5.171, host: pr-hdds-2007-n4wwz-4249666578, networkLocation: /default-rack, certSerialId: null}a3deabaa-6f33-4549-9afe-d811f1beb6dc{ip: 192.168.5.171, host: pr-hdds-2007-n4wwz-4249666578, networkLocation: /default-rack, certSerialId: null}, Type:RATIS, Factor:THREE, State:CLOSED]
2019-09-12 14:26:55,137 [org.apache.ratis.server.impl.LogAppender$AppenderDaemon$$Lambda$489/854952238@57534a7a] ERROR ratis.XceiverServerRatis (XceiverServerRatis.java:triggerPipelineClose(568)) - pipeline Action CLOSE  on pipeline PipelineID=ba2e6536-2ad5-4e3a-8ecf-947cd9ae92af.Reason : a3deabaa-6f33-4549-9afe-d811f1beb6dc has not seen follower/s e2538fa5-58a8-4aba-9576-486ea31efcb2 for 155960ms c26651e2-a96c-4010-919f-87a827874a5b for 155957ms
2019-09-12 14:26:55,137 [org.apache.ratis.server.impl.LogAppender$AppenderDaemon$$Lambda$489/854952238@48b1091a] ERROR ratis.XceiverServerRatis (XceiverServerRatis.java:triggerPipelineClose(568)) - pipeline Action CLOSE  on pipeline PipelineID=ba2e6536-2ad5-4e3a-8ecf-947cd9ae92af.Reason : a3deabaa-6f33-4549-9afe-d811f1beb6dc has not seen follower/s e2538fa5-58a8-4aba-9576-486ea31efcb2 for 155960ms c26651e2-a96c-4010-919f-87a827874a5b for 155957ms
2019-09-12 14:26:55,632 [EventQueue-PipelineActionsForPipelineActionHandler] ERROR pipeline.PipelineActionHandler (PipelineActionHandler.java:onMessage(60)) - Received pipeline action CLOSE for Pipeline[ Id: ba2e6536-2ad5-4e3a-8ecf-947cd9ae92af, Nodes: e2538fa5-58a8-4aba-9576-486ea31efcb2{ip: 192.168.5.171, host: pr-hdds-2007-n4wwz-4249666578, networkLocation: /default-rack, certSerialId: null}c26651e2-a96c-4010-919f-87a827874a5b{ip: 192.168.5.171, host: pr-hdds-2007-n4wwz-4249666578, networkLocation: /default-rack, certSerialId: null}a3deabaa-6f33-4549-9afe-d811f1beb6dc{ip: 192.168.5.171, host: pr-hdds-2007-n4wwz-4249666578, networkLocation: /default-rack, certSerialId: null}, Type:RATIS, Factor:THREE, State:CLOSED] from datanode a3deabaa-6f33-4549-9afe-d811f1beb6dc{ip: 192.168.5.171, host: pr-hdds-2007-n4wwz-4249666578, networkLocation: /default-rack, certSerialId: null}. Reason : a3deabaa-6f33-4549-9afe-d811f1beb6dc has not seen follower/s e2538fa5-58a8-4aba-9576-486ea31efcb2 for 155960ms c26651e2-a96c-4010-919f-87a827874a5b for 155957ms
2019-09-12 14:26:55,632 [EventQueue-PipelineActionsForPipelineActionHandler] INFO  pipeline.SCMPipelineManager (SCMPipelineManager.java:finalizeAndDestroyPipeline(311)) - destroying pipeline:Pipeline[ Id: ba2e6536-2ad5-4e3a-8ecf-947cd9ae92af, Nodes: e2538fa5-58a8-4aba-9576-486ea31efcb2{ip: 192.168.5.171, host: pr-hdds-2007-n4wwz-4249666578, networkLocation: /default-rack, certSerialId: null}c26651e2-a96c-4010-919f-87a827874a5b{ip: 192.168.5.171, host: pr-hdds-2007-n4wwz-4249666578, networkLocation: /default-rack, certSerialId: null}a3deabaa-6f33-4549-9afe-d811f1beb6dc{ip: 192.168.5.171, host: pr-hdds-2007-n4wwz-4249666578, networkLocation: /default-rack, certSerialId: null}, Type:RATIS, Factor:THREE, State:CLOSED]
2019-09-12 14:26:55,635 [java.util.concurrent.ThreadPoolExecutor$Worker@7fbf0c72[State = -1, empty queue]] WARN  server.GrpcLogAppender (GrpcLogAppender.java:timeoutAppendRequest(200)) - a3deabaa-6f33-4549-9afe-d811f1beb6dc@group-947CD9AE92AF->c26651e2-a96c-4010-919f-87a827874a5b-GrpcLogAppender: appendEntries Timeout, request=a3deabaa-6f33-4549-9afe-d811f1beb6dc->c26651e2-a96c-4010-919f-87a827874a5b#74-t1, previous=(t:1, i:12), leaderCommit=6, initializing? false, entries: <empty>
2019-09-12 14:26:55,637 [java.util.concurrent.ThreadPoolExecutor$Worker@328bc467[State = -1, empty queue]] WARN  server.GrpcLogAppender (GrpcLogAppender.java:timeoutAppendRequest(200)) - a3deabaa-6f33-4549-9afe-d811f1beb6dc@group-947CD9AE92AF->e2538fa5-58a8-4aba-9576-486ea31efcb2-GrpcLogAppender: appendEntries Timeout, request=a3deabaa-6f33-4549-9afe-d811f1beb6dc->e2538fa5-58a8-4aba-9576-486ea31efcb2#74-t1, previous=(t:1, i:12), leaderCommit=6, initializing? false, entries: <empty>
2019-09-12 14:26:56,308 [grpc-default-executor-1] INFO  client.GrpcClientProtocolClient (GrpcClientProtocolClient.java:onNext(264)) - client-54609732956C->c26651e2-a96c-4010-919f-87a827874a5b: receive RaftClientReply:client-54609732956C->c26651e2-a96c-4010-919f-87a827874a5b@group-947CD9AE92AF, cid=16, FAILED org.apache.ratis.protocol.NotLeaderException: Server c26651e2-a96c-4010-919f-87a827874a5b@group-947CD9AE92AF is not the leader a3deabaa-6f33-4549-9afe-d811f1beb6dc:192.168.5.171:38678, logIndex=0, commits[c26651e2-a96c-4010-919f-87a827874a5b:c6, e2538fa5-58a8-4aba-9576-486ea31efcb2:c4, a3deabaa-6f33-4549-9afe-d811f1beb6dc:c6]
2019-09-12 14:26:57,638 [org.apache.ratis.server.impl.LogAppender$AppenderDaemon$$Lambda$489/854952238@57534a7a] ERROR ratis.XceiverServerRatis (XceiverServerRatis.java:triggerPipelineClose(568)) - pipeline Action CLOSE  on pipeline PipelineID=ba2e6536-2ad5-4e3a-8ecf-947cd9ae92af.Reason : a3deabaa-6f33-4549-9afe-d811f1beb6dc has not seen follower/s e2538fa5-58a8-4aba-9576-486ea31efcb2 for 158461ms c26651e2-a96c-4010-919f-87a827874a5b for 158458ms
2019-09-12 14:26:57,639 [org.apache.ratis.server.impl.LogAppender$AppenderDaemon$$Lambda$489/854952238@48b1091a] ERROR ratis.XceiverServerRatis (XceiverServerRatis.java:triggerPipelineClose(568)) - pipeline Action CLOSE  on pipeline PipelineID=ba2e6536-2ad5-4e3a-8ecf-947cd9ae92af.Reason : a3deabaa-6f33-4549-9afe-d811f1beb6dc has not seen follower/s e2538fa5-58a8-4aba-9576-486ea31efcb2 for 158462ms c26651e2-a96c-4010-919f-87a827874a5b for 158459ms
2019-09-12 14:26:58,137 [java.util.concurrent.ThreadPoolExecutor$Worker@7fbf0c72[State = -1, empty queue]] WARN  server.GrpcLogAppender (GrpcLogAppender.java:timeoutAppendRequest(200)) - a3deabaa-6f33-4549-9afe-d811f1beb6dc@group-947CD9AE92AF->c26651e2-a96c-4010-919f-87a827874a5b-GrpcLogAppender: appendEntries Timeout, request=a3deabaa-6f33-4549-9afe-d811f1beb6dc->c26651e2-a96c-4010-919f-87a827874a5b#75-t1, previous=(t:1, i:12), leaderCommit=6, initializing? false, entries: <empty>
2019-09-12 14:26:58,137 [java.util.concurrent.ThreadPoolExecutor$Worker@328bc467[State = -1, empty queue]] WARN  server.GrpcLogAppender (GrpcLogAppender.java:timeoutAppendRequest(200)) - a3deabaa-6f33-4549-9afe-d811f1beb6dc@group-947CD9AE92AF->e2538fa5-58a8-4aba-9576-486ea31efcb2-GrpcLogAppender: appendEntries Timeout, request=a3deabaa-6f33-4549-9afe-d811f1beb6dc->e2538fa5-58a8-4aba-9576-486ea31efcb2#75-t1, previous=(t:1, i:12), leaderCommit=6, initializing? false, entries: <empty>
2019-09-12 14:26:58,634 [EventQueue-PipelineActionsForPipelineActionHandler] ERROR pipeline.PipelineActionHandler (PipelineActionHandler.java:onMessage(60)) - Received pipeline action CLOSE for Pipeline[ Id: ba2e6536-2ad5-4e3a-8ecf-947cd9ae92af, Nodes: e2538fa5-58a8-4aba-9576-486ea31efcb2{ip: 192.168.5.171, host: pr-hdds-2007-n4wwz-4249666578, networkLocation: /default-rack, certSerialId: null}c26651e2-a96c-4010-919f-87a827874a5b{ip: 192.168.5.171, host: pr-hdds-2007-n4wwz-4249666578, networkLocation: /default-rack, certSerialId: null}a3deabaa-6f33-4549-9afe-d811f1beb6dc{ip: 192.168.5.171, host: pr-hdds-2007-n4wwz-4249666578, networkLocation: /default-rack, certSerialId: null}, Type:RATIS, Factor:THREE, State:CLOSED] from datanode a3deabaa-6f33-4549-9afe-d811f1beb6dc{ip: 192.168.5.171, host: pr-hdds-2007-n4wwz-4249666578, networkLocation: /default-rack, certSerialId: null}. Reason : a3deabaa-6f33-4549-9afe-d811f1beb6dc has not seen follower/s e2538fa5-58a8-4aba-9576-486ea31efcb2 for 158461ms c26651e2-a96c-4010-919f-87a827874a5b for 158458ms
2019-09-12 14:26:58,635 [EventQueue-PipelineActionsForPipelineActionHandler] INFO  pipeline.SCMPipelineManager (SCMPipelineManager.java:finalizeAndDestroyPipeline(311)) - destroying pipeline:Pipeline[ Id: ba2e6536-2ad5-4e3a-8ecf-947cd9ae92af, Nodes: e2538fa5-58a8-4aba-9576-486ea31efcb2{ip: 192.168.5.171, host: pr-hdds-2007-n4wwz-4249666578, networkLocation: /default-rack, certSerialId: null}c26651e2-a96c-4010-919f-87a827874a5b{ip: 192.168.5.171, host: pr-hdds-2007-n4wwz-4249666578, networkLocation: /default-rack, certSerialId: null}a3deabaa-6f33-4549-9afe-d811f1beb6dc{ip: 192.168.5.171, host: pr-hdds-2007-n4wwz-4249666578, networkLocation: /default-rack, certSerialId: null}, Type:RATIS, Factor:THREE, State:CLOSED]
2019-09-12 14:26:59,610 [e2538fa5-58a8-4aba-9576-486ea31efcb2@group-947CD9AE92AF-SegmentedRaftLogWorker] WARN  segmented.SegmentedRaftLogWorker (SegmentedRaftLogWorker.java:getFromFuture(90)) - Timeout 15/~
org.apache.ratis.protocol.TimeoutIOException: Timeout 10s: WriteLog:8: (t:1, i:8), STATEMACHINELOGENTRY, client-54609732956C, cid=17-writeStateMachineData
	at org.apache.ratis.util.IOUtils.getFromFuture(IOUtils.java:87)
	at org.apache.ratis.server.raftlog.segmented.SegmentedRaftLogWorker$StateMachineDataPolicy.getFromFuture(SegmentedRaftLogWorker.java:87)
	at org.apache.ratis.server.raftlog.segmented.SegmentedRaftLogWorker$WriteLog.execute(SegmentedRaftLogWorker.java:477)
	at org.apache.ratis.server.raftlog.segmented.SegmentedRaftLogWorker.run(SegmentedRaftLogWorker.java:289)
	at java.lang.Thread.run(Thread.java:748)
Caused by: java.util.concurrent.TimeoutException
	at java.util.concurrent.CompletableFuture.timedGet(CompletableFuture.java:1771)
	at java.util.concurrent.CompletableFuture.get(CompletableFuture.java:1915)
	at org.apache.ratis.util.IOUtils.getFromFuture(IOUtils.java:79)
	... 4 more
2019-09-12 14:26:59,630 [c26651e2-a96c-4010-919f-87a827874a5b@group-947CD9AE92AF-SegmentedRaftLogWorker] WARN  segmented.SegmentedRaftLogWorker (SegmentedRaftLogWorker.java:getFromFuture(90)) - Timeout 15/~
org.apache.ratis.protocol.TimeoutIOException: Timeout 10s: WriteLog:8: (t:1, i:8), STATEMACHINELOGENTRY, client-54609732956C, cid=17-writeStateMachineData
	at org.apache.ratis.util.IOUtils.getFromFuture(IOUtils.java:87)
	at org.apache.ratis.server.raftlog.segmented.SegmentedRaftLogWorker$StateMachineDataPolicy.getFromFuture(SegmentedRaftLogWorker.java:87)
	at org.apache.ratis.server.raftlog.segmented.SegmentedRaftLogWorker$WriteLog.execute(SegmentedRaftLogWorker.java:477)
	at org.apache.ratis.server.raftlog.segmented.SegmentedRaftLogWorker.run(SegmentedRaftLogWorker.java:289)
	at java.lang.Thread.run(Thread.java:748)
Caused by: java.util.concurrent.TimeoutException
	at java.util.concurrent.CompletableFuture.timedGet(CompletableFuture.java:1771)
	at java.util.concurrent.CompletableFuture.get(CompletableFuture.java:1915)
	at org.apache.ratis.util.IOUtils.getFromFuture(IOUtils.java:79)
	... 4 more
2019-09-12 14:26:59,652 [a3deabaa-6f33-4549-9afe-d811f1beb6dc@group-947CD9AE92AF-SegmentedRaftLogWorker] WARN  segmented.SegmentedRaftLogWorker (SegmentedRaftLogWorker.java:getFromFuture(90)) - Timeout 15/~
org.apache.ratis.protocol.TimeoutIOException: Timeout 10s: WriteLog:8: (t:1, i:8), STATEMACHINELOGENTRY, client-54609732956C, cid=17-writeStateMachineData
	at org.apache.ratis.util.IOUtils.getFromFuture(IOUtils.java:87)
	at org.apache.ratis.server.raftlog.segmented.SegmentedRaftLogWorker$StateMachineDataPolicy.getFromFuture(SegmentedRaftLogWorker.java:87)
	at org.apache.ratis.server.raftlog.segmented.SegmentedRaftLogWorker$WriteLog.execute(SegmentedRaftLogWorker.java:477)
	at org.apache.ratis.server.raftlog.segmented.SegmentedRaftLogWorker.run(SegmentedRaftLogWorker.java:289)
	at java.lang.Thread.run(Thread.java:748)
Caused by: java.util.concurrent.TimeoutException
	at java.util.concurrent.CompletableFuture.timedGet(CompletableFuture.java:1771)
	at java.util.concurrent.CompletableFuture.get(CompletableFuture.java:1915)
	at org.apache.ratis.util.IOUtils.getFromFuture(IOUtils.java:79)
	... 4 more
2019-09-12 14:27:00,139 [org.apache.ratis.server.impl.LogAppender$AppenderDaemon$$Lambda$489/854952238@57534a7a] ERROR ratis.XceiverServerRatis (XceiverServerRatis.java:triggerPipelineClose(568)) - pipeline Action CLOSE  on pipeline PipelineID=ba2e6536-2ad5-4e3a-8ecf-947cd9ae92af.Reason : a3deabaa-6f33-4549-9afe-d811f1beb6dc has not seen follower/s e2538fa5-58a8-4aba-9576-486ea31efcb2 for 160962ms c26651e2-a96c-4010-919f-87a827874a5b for 160959ms
2019-09-12 14:27:00,140 [org.apache.ratis.server.impl.LogAppender$AppenderDaemon$$Lambda$489/854952238@48b1091a] ERROR ratis.XceiverServerRatis (XceiverServerRatis.java:triggerPipelineClose(568)) - pipeline Action CLOSE  on pipeline PipelineID=ba2e6536-2ad5-4e3a-8ecf-947cd9ae92af.Reason : a3deabaa-6f33-4549-9afe-d811f1beb6dc has not seen follower/s e2538fa5-58a8-4aba-9576-486ea31efcb2 for 160963ms c26651e2-a96c-4010-919f-87a827874a5b for 160960ms
2019-09-12 14:27:00,631 [EventQueue-PipelineActionsForPipelineActionHandler] ERROR pipeline.PipelineActionHandler (PipelineActionHandler.java:onMessage(60)) - Received pipeline action CLOSE for Pipeline[ Id: ba2e6536-2ad5-4e3a-8ecf-947cd9ae92af, Nodes: e2538fa5-58a8-4aba-9576-486ea31efcb2{ip: 192.168.5.171, host: pr-hdds-2007-n4wwz-4249666578, networkLocation: /default-rack, certSerialId: null}c26651e2-a96c-4010-919f-87a827874a5b{ip: 192.168.5.171, host: pr-hdds-2007-n4wwz-4249666578, networkLocation: /default-rack, certSerialId: null}a3deabaa-6f33-4549-9afe-d811f1beb6dc{ip: 192.168.5.171, host: pr-hdds-2007-n4wwz-4249666578, networkLocation: /default-rack, certSerialId: null}, Type:RATIS, Factor:THREE, State:CLOSED] from datanode a3deabaa-6f33-4549-9afe-d811f1beb6dc{ip: 192.168.5.171, host: pr-hdds-2007-n4wwz-4249666578, networkLocation: /default-rack, certSerialId: null}. Reason : a3deabaa-6f33-4549-9afe-d811f1beb6dc has not seen follower/s e2538fa5-58a8-4aba-9576-486ea31efcb2 for 160962ms c26651e2-a96c-4010-919f-87a827874a5b for 160959ms
2019-09-12 14:27:00,631 [EventQueue-PipelineActionsForPipelineActionHandler] INFO  pipeline.SCMPipelineManager (SCMPipelineManager.java:finalizeAndDestroyPipeline(311)) - destroying pipeline:Pipeline[ Id: ba2e6536-2ad5-4e3a-8ecf-947cd9ae92af, Nodes: e2538fa5-58a8-4aba-9576-486ea31efcb2{ip: 192.168.5.171, host: pr-hdds-2007-n4wwz-4249666578, networkLocation: /default-rack, certSerialId: null}c26651e2-a96c-4010-919f-87a827874a5b{ip: 192.168.5.171, host: pr-hdds-2007-n4wwz-4249666578, networkLocation: /default-rack, certSerialId: null}a3deabaa-6f33-4549-9afe-d811f1beb6dc{ip: 192.168.5.171, host: pr-hdds-2007-n4wwz-4249666578, networkLocation: /default-rack, certSerialId: null}, Type:RATIS, Factor:THREE, State:CLOSED]
2019-09-12 14:27:00,638 [java.util.concurrent.ThreadPoolExecutor$Worker@7fbf0c72[State = -1, empty queue]] WARN  server.GrpcLogAppender (GrpcLogAppender.java:timeoutAppendRequest(200)) - a3deabaa-6f33-4549-9afe-d811f1beb6dc@group-947CD9AE92AF->c26651e2-a96c-4010-919f-87a827874a5b-GrpcLogAppender: appendEntries Timeout, request=a3deabaa-6f33-4549-9afe-d811f1beb6dc->c26651e2-a96c-4010-919f-87a827874a5b#76-t1, previous=(t:1, i:12), leaderCommit=6, initializing? false, entries: <empty>
2019-09-12 14:27:00,639 [java.util.concurrent.ThreadPoolExecutor$Worker@328bc467[State = -1, empty queue]] WARN  server.GrpcLogAppender (GrpcLogAppender.java:timeoutAppendRequest(200)) - a3deabaa-6f33-4549-9afe-d811f1beb6dc@group-947CD9AE92AF->e2538fa5-58a8-4aba-9576-486ea31efcb2-GrpcLogAppender: appendEntries Timeout, request=a3deabaa-6f33-4549-9afe-d811f1beb6dc->e2538fa5-58a8-4aba-9576-486ea31efcb2#76-t1, previous=(t:1, i:12), leaderCommit=6, initializing? false, entries: <empty>
2019-09-12 14:27:01,355 [grpc-default-executor-5] INFO  client.GrpcClientProtocolClient (GrpcClientProtocolClient.java:onNext(264)) - client-54609732956C->c26651e2-a96c-4010-919f-87a827874a5b: receive RaftClientReply:client-54609732956C->c26651e2-a96c-4010-919f-87a827874a5b@group-947CD9AE92AF, cid=16, FAILED org.apache.ratis.protocol.NotLeaderException: Server c26651e2-a96c-4010-919f-87a827874a5b@group-947CD9AE92AF is not the leader a3deabaa-6f33-4549-9afe-d811f1beb6dc:192.168.5.171:38678, logIndex=0, commits[c26651e2-a96c-4010-919f-87a827874a5b:c6, e2538fa5-58a8-4aba-9576-486ea31efcb2:c4, a3deabaa-6f33-4549-9afe-d811f1beb6dc:c6]
2019-09-12 14:27:02,640 [org.apache.ratis.server.impl.LogAppender$AppenderDaemon$$Lambda$489/854952238@57534a7a] ERROR ratis.XceiverServerRatis (XceiverServerRatis.java:triggerPipelineClose(568)) - pipeline Action CLOSE  on pipeline PipelineID=ba2e6536-2ad5-4e3a-8ecf-947cd9ae92af.Reason : a3deabaa-6f33-4549-9afe-d811f1beb6dc has not seen follower/s e2538fa5-58a8-4aba-9576-486ea31efcb2 for 163463ms c26651e2-a96c-4010-919f-87a827874a5b for 163460ms
2019-09-12 14:27:02,640 [org.apache.ratis.server.impl.LogAppender$AppenderDaemon$$Lambda$489/854952238@48b1091a] ERROR ratis.XceiverServerRatis (XceiverServerRatis.java:triggerPipelineClose(568)) - pipeline Action CLOSE  on pipeline PipelineID=ba2e6536-2ad5-4e3a-8ecf-947cd9ae92af.Reason : a3deabaa-6f33-4549-9afe-d811f1beb6dc has not seen follower/s e2538fa5-58a8-4aba-9576-486ea31efcb2 for 163463ms c26651e2-a96c-4010-919f-87a827874a5b for 163460ms
2019-09-12 14:27:03,139 [java.util.concurrent.ThreadPoolExecutor$Worker@7fbf0c72[State = -1, empty queue]] WARN  server.GrpcLogAppender (GrpcLogAppender.java:timeoutAppendRequest(200)) - a3deabaa-6f33-4549-9afe-d811f1beb6dc@group-947CD9AE92AF->c26651e2-a96c-4010-919f-87a827874a5b-GrpcLogAppender: appendEntries Timeout, request=a3deabaa-6f33-4549-9afe-d811f1beb6dc->c26651e2-a96c-4010-919f-87a827874a5b#77-t1, previous=(t:1, i:12), leaderCommit=6, initializing? false, entries: <empty>
2019-09-12 14:27:03,140 [java.util.concurrent.ThreadPoolExecutor$Worker@328bc467[State = -1, empty queue]] WARN  server.GrpcLogAppender (GrpcLogAppender.java:timeoutAppendRequest(200)) - a3deabaa-6f33-4549-9afe-d811f1beb6dc@group-947CD9AE92AF->e2538fa5-58a8-4aba-9576-486ea31efcb2-GrpcLogAppender: appendEntries Timeout, request=a3deabaa-6f33-4549-9afe-d811f1beb6dc->e2538fa5-58a8-4aba-9576-486ea31efcb2#77-t1, previous=(t:1, i:12), leaderCommit=6, initializing? false, entries: <empty>
2019-09-12 14:27:03,631 [EventQueue-PipelineActionsForPipelineActionHandler] ERROR pipeline.PipelineActionHandler (PipelineActionHandler.java:onMessage(60)) - Received pipeline action CLOSE for Pipeline[ Id: ba2e6536-2ad5-4e3a-8ecf-947cd9ae92af, Nodes: e2538fa5-58a8-4aba-9576-486ea31efcb2{ip: 192.168.5.171, host: pr-hdds-2007-n4wwz-4249666578, networkLocation: /default-rack, certSerialId: null}c26651e2-a96c-4010-919f-87a827874a5b{ip: 192.168.5.171, host: pr-hdds-2007-n4wwz-4249666578, networkLocation: /default-rack, certSerialId: null}a3deabaa-6f33-4549-9afe-d811f1beb6dc{ip: 192.168.5.171, host: pr-hdds-2007-n4wwz-4249666578, networkLocation: /default-rack, certSerialId: null}, Type:RATIS, Factor:THREE, State:CLOSED] from datanode a3deabaa-6f33-4549-9afe-d811f1beb6dc{ip: 192.168.5.171, host: pr-hdds-2007-n4wwz-4249666578, networkLocation: /default-rack, certSerialId: null}. Reason : a3deabaa-6f33-4549-9afe-d811f1beb6dc has not seen follower/s e2538fa5-58a8-4aba-9576-486ea31efcb2 for 163463ms c26651e2-a96c-4010-919f-87a827874a5b for 163460ms
2019-09-12 14:27:03,631 [EventQueue-PipelineActionsForPipelineActionHandler] INFO  pipeline.SCMPipelineManager (SCMPipelineManager.java:finalizeAndDestroyPipeline(311)) - destroying pipeline:Pipeline[ Id: ba2e6536-2ad5-4e3a-8ecf-947cd9ae92af, Nodes: e2538fa5-58a8-4aba-9576-486ea31efcb2{ip: 192.168.5.171, host: pr-hdds-2007-n4wwz-4249666578, networkLocation: /default-rack, certSerialId: null}c26651e2-a96c-4010-919f-87a827874a5b{ip: 192.168.5.171, host: pr-hdds-2007-n4wwz-4249666578, networkLocation: /default-rack, certSerialId: null}a3deabaa-6f33-4549-9afe-d811f1beb6dc{ip: 192.168.5.171, host: pr-hdds-2007-n4wwz-4249666578, networkLocation: /default-rack, certSerialId: null}, Type:RATIS, Factor:THREE, State:CLOSED]
2019-09-12 14:27:05,141 [org.apache.ratis.server.impl.LogAppender$AppenderDaemon$$Lambda$489/854952238@57534a7a] ERROR ratis.XceiverServerRatis (XceiverServerRatis.java:triggerPipelineClose(568)) - pipeline Action CLOSE  on pipeline PipelineID=ba2e6536-2ad5-4e3a-8ecf-947cd9ae92af.Reason : a3deabaa-6f33-4549-9afe-d811f1beb6dc has not seen follower/s e2538fa5-58a8-4aba-9576-486ea31efcb2 for 165963ms c26651e2-a96c-4010-919f-87a827874a5b for 165961ms
2019-09-12 14:27:05,141 [org.apache.ratis.server.impl.LogAppender$AppenderDaemon$$Lambda$489/854952238@48b1091a] ERROR ratis.XceiverServerRatis (XceiverServerRatis.java:triggerPipelineClose(568)) - pipeline Action CLOSE  on pipeline PipelineID=ba2e6536-2ad5-4e3a-8ecf-947cd9ae92af.Reason : a3deabaa-6f33-4549-9afe-d811f1beb6dc has not seen follower/s e2538fa5-58a8-4aba-9576-486ea31efcb2 for 165964ms c26651e2-a96c-4010-919f-87a827874a5b for 165961ms
2019-09-12 14:27:05,631 [EventQueue-PipelineActionsForPipelineActionHandler] ERROR pipeline.PipelineActionHandler (PipelineActionHandler.java:onMessage(60)) - Received pipeline action CLOSE for Pipeline[ Id: ba2e6536-2ad5-4e3a-8ecf-947cd9ae92af, Nodes: e2538fa5-58a8-4aba-9576-486ea31efcb2{ip: 192.168.5.171, host: pr-hdds-2007-n4wwz-4249666578, networkLocation: /default-rack, certSerialId: null}c26651e2-a96c-4010-919f-87a827874a5b{ip: 192.168.5.171, host: pr-hdds-2007-n4wwz-4249666578, networkLocation: /default-rack, certSerialId: null}a3deabaa-6f33-4549-9afe-d811f1beb6dc{ip: 192.168.5.171, host: pr-hdds-2007-n4wwz-4249666578, networkLocation: /default-rack, certSerialId: null}, Type:RATIS, Factor:THREE, State:CLOSED] from datanode a3deabaa-6f33-4549-9afe-d811f1beb6dc{ip: 192.168.5.171, host: pr-hdds-2007-n4wwz-4249666578, networkLocation: /default-rack, certSerialId: null}. Reason : a3deabaa-6f33-4549-9afe-d811f1beb6dc has not seen follower/s e2538fa5-58a8-4aba-9576-486ea31efcb2 for 165963ms c26651e2-a96c-4010-919f-87a827874a5b for 165961ms
2019-09-12 14:27:05,632 [EventQueue-PipelineActionsForPipelineActionHandler] INFO  pipeline.SCMPipelineManager (SCMPipelineManager.java:finalizeAndDestroyPipeline(311)) - destroying pipeline:Pipeline[ Id: ba2e6536-2ad5-4e3a-8ecf-947cd9ae92af, Nodes: e2538fa5-58a8-4aba-9576-486ea31efcb2{ip: 192.168.5.171, host: pr-hdds-2007-n4wwz-4249666578, networkLocation: /default-rack, certSerialId: null}c26651e2-a96c-4010-919f-87a827874a5b{ip: 192.168.5.171, host: pr-hdds-2007-n4wwz-4249666578, networkLocation: /default-rack, certSerialId: null}a3deabaa-6f33-4549-9afe-d811f1beb6dc{ip: 192.168.5.171, host: pr-hdds-2007-n4wwz-4249666578, networkLocation: /default-rack, certSerialId: null}, Type:RATIS, Factor:THREE, State:CLOSED]
2019-09-12 14:27:05,640 [java.util.concurrent.ThreadPoolExecutor$Worker@7fbf0c72[State = -1, empty queue]] WARN  server.GrpcLogAppender (GrpcLogAppender.java:timeoutAppendRequest(200)) - a3deabaa-6f33-4549-9afe-d811f1beb6dc@group-947CD9AE92AF->c26651e2-a96c-4010-919f-87a827874a5b-GrpcLogAppender: appendEntries Timeout, request=a3deabaa-6f33-4549-9afe-d811f1beb6dc->c26651e2-a96c-4010-919f-87a827874a5b#78-t1, previous=(t:1, i:12), leaderCommit=6, initializing? false, entries: <empty>
2019-09-12 14:27:05,640 [java.util.concurrent.ThreadPoolExecutor$Worker@328bc467[State = -1, empty queue]] WARN  server.GrpcLogAppender (GrpcLogAppender.java:timeoutAppendRequest(200)) - a3deabaa-6f33-4549-9afe-d811f1beb6dc@group-947CD9AE92AF->e2538fa5-58a8-4aba-9576-486ea31efcb2-GrpcLogAppender: appendEntries Timeout, request=a3deabaa-6f33-4549-9afe-d811f1beb6dc->e2538fa5-58a8-4aba-9576-486ea31efcb2#78-t1, previous=(t:1, i:12), leaderCommit=6, initializing? false, entries: <empty>
2019-09-12 14:27:06,399 [grpc-default-executor-1] INFO  client.GrpcClientProtocolClient (GrpcClientProtocolClient.java:onNext(264)) - client-54609732956C->e2538fa5-58a8-4aba-9576-486ea31efcb2: receive RaftClientReply:client-54609732956C->e2538fa5-58a8-4aba-9576-486ea31efcb2@group-947CD9AE92AF, cid=16, FAILED org.apache.ratis.protocol.NotLeaderException: Server e2538fa5-58a8-4aba-9576-486ea31efcb2@group-947CD9AE92AF is not the leader a3deabaa-6f33-4549-9afe-d811f1beb6dc:192.168.5.171:38678, logIndex=0, commits[e2538fa5-58a8-4aba-9576-486ea31efcb2:c6, a3deabaa-6f33-4549-9afe-d811f1beb6dc:c6, c26651e2-a96c-4010-919f-87a827874a5b:c4]
2019-09-12 14:27:07,641 [org.apache.ratis.server.impl.LogAppender$AppenderDaemon$$Lambda$489/854952238@57534a7a] ERROR ratis.XceiverServerRatis (XceiverServerRatis.java:triggerPipelineClose(568)) - pipeline Action CLOSE  on pipeline PipelineID=ba2e6536-2ad5-4e3a-8ecf-947cd9ae92af.Reason : a3deabaa-6f33-4549-9afe-d811f1beb6dc has not seen follower/s e2538fa5-58a8-4aba-9576-486ea31efcb2 for 168464ms c26651e2-a96c-4010-919f-87a827874a5b for 168462ms
2019-09-12 14:27:07,641 [org.apache.ratis.server.impl.LogAppender$AppenderDaemon$$Lambda$489/854952238@48b1091a] ERROR ratis.XceiverServerRatis (XceiverServerRatis.java:triggerPipelineClose(568)) - pipeline Action CLOSE  on pipeline PipelineID=ba2e6536-2ad5-4e3a-8ecf-947cd9ae92af.Reason : a3deabaa-6f33-4549-9afe-d811f1beb6dc has not seen follower/s e2538fa5-58a8-4aba-9576-486ea31efcb2 for 168464ms c26651e2-a96c-4010-919f-87a827874a5b for 168462ms
2019-09-12 14:27:08,141 [java.util.concurrent.ThreadPoolExecutor$Worker@7fbf0c72[State = -1, empty queue]] WARN  server.GrpcLogAppender (GrpcLogAppender.java:timeoutAppendRequest(200)) - a3deabaa-6f33-4549-9afe-d811f1beb6dc@group-947CD9AE92AF->c26651e2-a96c-4010-919f-87a827874a5b-GrpcLogAppender: appendEntries Timeout, request=a3deabaa-6f33-4549-9afe-d811f1beb6dc->c26651e2-a96c-4010-919f-87a827874a5b#79-t1, previous=(t:1, i:12), leaderCommit=6, initializing? false, entries: <empty>
2019-09-12 14:27:08,141 [java.util.concurrent.ThreadPoolExecutor$Worker@328bc467[State = -1, empty queue]] WARN  server.GrpcLogAppender (GrpcLogAppender.java:timeoutAppendRequest(200)) - a3deabaa-6f33-4549-9afe-d811f1beb6dc@group-947CD9AE92AF->e2538fa5-58a8-4aba-9576-486ea31efcb2-GrpcLogAppender: appendEntries Timeout, request=a3deabaa-6f33-4549-9afe-d811f1beb6dc->e2538fa5-58a8-4aba-9576-486ea31efcb2#79-t1, previous=(t:1, i:12), leaderCommit=6, initializing? false, entries: <empty>
2019-09-12 14:27:08,632 [EventQueue-PipelineActionsForPipelineActionHandler] ERROR pipeline.PipelineActionHandler (PipelineActionHandler.java:onMessage(60)) - Received pipeline action CLOSE for Pipeline[ Id: ba2e6536-2ad5-4e3a-8ecf-947cd9ae92af, Nodes: e2538fa5-58a8-4aba-9576-486ea31efcb2{ip: 192.168.5.171, host: pr-hdds-2007-n4wwz-4249666578, networkLocation: /default-rack, certSerialId: null}c26651e2-a96c-4010-919f-87a827874a5b{ip: 192.168.5.171, host: pr-hdds-2007-n4wwz-4249666578, networkLocation: /default-rack, certSerialId: null}a3deabaa-6f33-4549-9afe-d811f1beb6dc{ip: 192.168.5.171, host: pr-hdds-2007-n4wwz-4249666578, networkLocation: /default-rack, certSerialId: null}, Type:RATIS, Factor:THREE, State:CLOSED] from datanode a3deabaa-6f33-4549-9afe-d811f1beb6dc{ip: 192.168.5.171, host: pr-hdds-2007-n4wwz-4249666578, networkLocation: /default-rack, certSerialId: null}. Reason : a3deabaa-6f33-4549-9afe-d811f1beb6dc has not seen follower/s e2538fa5-58a8-4aba-9576-486ea31efcb2 for 168464ms c26651e2-a96c-4010-919f-87a827874a5b for 168462ms
2019-09-12 14:27:08,632 [EventQueue-PipelineActionsForPipelineActionHandler] INFO  pipeline.SCMPipelineManager (SCMPipelineManager.java:finalizeAndDestroyPipeline(311)) - destroying pipeline:Pipeline[ Id: ba2e6536-2ad5-4e3a-8ecf-947cd9ae92af, Nodes: e2538fa5-58a8-4aba-9576-486ea31efcb2{ip: 192.168.5.171, host: pr-hdds-2007-n4wwz-4249666578, networkLocation: /default-rack, certSerialId: null}c26651e2-a96c-4010-919f-87a827874a5b{ip: 192.168.5.171, host: pr-hdds-2007-n4wwz-4249666578, networkLocation: /default-rack, certSerialId: null}a3deabaa-6f33-4549-9afe-d811f1beb6dc{ip: 192.168.5.171, host: pr-hdds-2007-n4wwz-4249666578, networkLocation: /default-rack, certSerialId: null}, Type:RATIS, Factor:THREE, State:CLOSED]
2019-09-12 14:27:09,612 [e2538fa5-58a8-4aba-9576-486ea31efcb2@group-947CD9AE92AF-SegmentedRaftLogWorker] WARN  segmented.SegmentedRaftLogWorker (SegmentedRaftLogWorker.java:getFromFuture(90)) - Timeout 16/~
org.apache.ratis.protocol.TimeoutIOException: Timeout 10s: WriteLog:8: (t:1, i:8), STATEMACHINELOGENTRY, client-54609732956C, cid=17-writeStateMachineData
	at org.apache.ratis.util.IOUtils.getFromFuture(IOUtils.java:87)
	at org.apache.ratis.server.raftlog.segmented.SegmentedRaftLogWorker$StateMachineDataPolicy.getFromFuture(SegmentedRaftLogWorker.java:87)
	at org.apache.ratis.server.raftlog.segmented.SegmentedRaftLogWorker$WriteLog.execute(SegmentedRaftLogWorker.java:477)
	at org.apache.ratis.server.raftlog.segmented.SegmentedRaftLogWorker.run(SegmentedRaftLogWorker.java:289)
	at java.lang.Thread.run(Thread.java:748)
Caused by: java.util.concurrent.TimeoutException
	at java.util.concurrent.CompletableFuture.timedGet(CompletableFuture.java:1771)
	at java.util.concurrent.CompletableFuture.get(CompletableFuture.java:1915)
	at org.apache.ratis.util.IOUtils.getFromFuture(IOUtils.java:79)
	... 4 more
2019-09-12 14:27:09,652 [c26651e2-a96c-4010-919f-87a827874a5b@group-947CD9AE92AF-SegmentedRaftLogWorker] WARN  segmented.SegmentedRaftLogWorker (SegmentedRaftLogWorker.java:getFromFuture(90)) - Timeout 16/~
org.apache.ratis.protocol.TimeoutIOException: Timeout 10s: WriteLog:8: (t:1, i:8), STATEMACHINELOGENTRY, client-54609732956C, cid=17-writeStateMachineData
	at org.apache.ratis.util.IOUtils.getFromFuture(IOUtils.java:87)
	at org.apache.ratis.server.raftlog.segmented.SegmentedRaftLogWorker$StateMachineDataPolicy.getFromFuture(SegmentedRaftLogWorker.java:87)
	at org.apache.ratis.server.raftlog.segmented.SegmentedRaftLogWorker$WriteLog.execute(SegmentedRaftLogWorker.java:477)
	at org.apache.ratis.server.raftlog.segmented.SegmentedRaftLogWorker.run(SegmentedRaftLogWorker.java:289)
	at java.lang.Thread.run(Thread.java:748)
Caused by: java.util.concurrent.TimeoutException
	at java.util.concurrent.CompletableFuture.timedGet(CompletableFuture.java:1771)
	at java.util.concurrent.CompletableFuture.get(CompletableFuture.java:1915)
	at org.apache.ratis.util.IOUtils.getFromFuture(IOUtils.java:79)
	... 4 more
2019-09-12 14:27:09,653 [a3deabaa-6f33-4549-9afe-d811f1beb6dc@group-947CD9AE92AF-SegmentedRaftLogWorker] WARN  segmented.SegmentedRaftLogWorker (SegmentedRaftLogWorker.java:getFromFuture(90)) - Timeout 16/~
org.apache.ratis.protocol.TimeoutIOException: Timeout 10s: WriteLog:8: (t:1, i:8), STATEMACHINELOGENTRY, client-54609732956C, cid=17-writeStateMachineData
	at org.apache.ratis.util.IOUtils.getFromFuture(IOUtils.java:87)
	at org.apache.ratis.server.raftlog.segmented.SegmentedRaftLogWorker$StateMachineDataPolicy.getFromFuture(SegmentedRaftLogWorker.java:87)
	at org.apache.ratis.server.raftlog.segmented.SegmentedRaftLogWorker$WriteLog.execute(SegmentedRaftLogWorker.java:477)
	at org.apache.ratis.server.raftlog.segmented.SegmentedRaftLogWorker.run(SegmentedRaftLogWorker.java:289)
	at java.lang.Thread.run(Thread.java:748)
Caused by: java.util.concurrent.TimeoutException
	at java.util.concurrent.CompletableFuture.timedGet(CompletableFuture.java:1771)
	at java.util.concurrent.CompletableFuture.get(CompletableFuture.java:1915)
	at org.apache.ratis.util.IOUtils.getFromFuture(IOUtils.java:79)
	... 4 more
2019-09-12 14:27:10,142 [org.apache.ratis.server.impl.LogAppender$AppenderDaemon$$Lambda$489/854952238@48b1091a] ERROR ratis.XceiverServerRatis (XceiverServerRatis.java:triggerPipelineClose(568)) - pipeline Action CLOSE  on pipeline PipelineID=ba2e6536-2ad5-4e3a-8ecf-947cd9ae92af.Reason : a3deabaa-6f33-4549-9afe-d811f1beb6dc has not seen follower/s e2538fa5-58a8-4aba-9576-486ea31efcb2 for 170965ms c26651e2-a96c-4010-919f-87a827874a5b for 170962ms
2019-09-12 14:27:10,142 [org.apache.ratis.server.impl.LogAppender$AppenderDaemon$$Lambda$489/854952238@57534a7a] ERROR ratis.XceiverServerRatis (XceiverServerRatis.java:triggerPipelineClose(568)) - pipeline Action CLOSE  on pipeline PipelineID=ba2e6536-2ad5-4e3a-8ecf-947cd9ae92af.Reason : a3deabaa-6f33-4549-9afe-d811f1beb6dc has not seen follower/s e2538fa5-58a8-4aba-9576-486ea31efcb2 for 170965ms c26651e2-a96c-4010-919f-87a827874a5b for 170962ms
2019-09-12 14:27:10,632 [EventQueue-PipelineActionsForPipelineActionHandler] ERROR pipeline.PipelineActionHandler (PipelineActionHandler.java:onMessage(60)) - Received pipeline action CLOSE for Pipeline[ Id: ba2e6536-2ad5-4e3a-8ecf-947cd9ae92af, Nodes: e2538fa5-58a8-4aba-9576-486ea31efcb2{ip: 192.168.5.171, host: pr-hdds-2007-n4wwz-4249666578, networkLocation: /default-rack, certSerialId: null}c26651e2-a96c-4010-919f-87a827874a5b{ip: 192.168.5.171, host: pr-hdds-2007-n4wwz-4249666578, networkLocation: /default-rack, certSerialId: null}a3deabaa-6f33-4549-9afe-d811f1beb6dc{ip: 192.168.5.171, host: pr-hdds-2007-n4wwz-4249666578, networkLocation: /default-rack, certSerialId: null}, Type:RATIS, Factor:THREE, State:CLOSED] from datanode a3deabaa-6f33-4549-9afe-d811f1beb6dc{ip: 192.168.5.171, host: pr-hdds-2007-n4wwz-4249666578, networkLocation: /default-rack, certSerialId: null}. Reason : a3deabaa-6f33-4549-9afe-d811f1beb6dc has not seen follower/s e2538fa5-58a8-4aba-9576-486ea31efcb2 for 170965ms c26651e2-a96c-4010-919f-87a827874a5b for 170962ms
2019-09-12 14:27:10,633 [EventQueue-PipelineActionsForPipelineActionHandler] INFO  pipeline.SCMPipelineManager (SCMPipelineManager.java:finalizeAndDestroyPipeline(311)) - destroying pipeline:Pipeline[ Id: ba2e6536-2ad5-4e3a-8ecf-947cd9ae92af, Nodes: e2538fa5-58a8-4aba-9576-486ea31efcb2{ip: 192.168.5.171, host: pr-hdds-2007-n4wwz-4249666578, networkLocation: /default-rack, certSerialId: null}c26651e2-a96c-4010-919f-87a827874a5b{ip: 192.168.5.171, host: pr-hdds-2007-n4wwz-4249666578, networkLocation: /default-rack, certSerialId: null}a3deabaa-6f33-4549-9afe-d811f1beb6dc{ip: 192.168.5.171, host: pr-hdds-2007-n4wwz-4249666578, networkLocation: /default-rack, certSerialId: null}, Type:RATIS, Factor:THREE, State:CLOSED]
2019-09-12 14:27:10,641 [java.util.concurrent.ThreadPoolExecutor$Worker@7fbf0c72[State = -1, empty queue]] WARN  server.GrpcLogAppender (GrpcLogAppender.java:timeoutAppendRequest(200)) - a3deabaa-6f33-4549-9afe-d811f1beb6dc@group-947CD9AE92AF->c26651e2-a96c-4010-919f-87a827874a5b-GrpcLogAppender: appendEntries Timeout, request=a3deabaa-6f33-4549-9afe-d811f1beb6dc->c26651e2-a96c-4010-919f-87a827874a5b#80-t1, previous=(t:1, i:12), leaderCommit=6, initializing? false, entries: <empty>
2019-09-12 14:27:10,642 [java.util.concurrent.ThreadPoolExecutor$Worker@328bc467[State = -1, empty queue]] WARN  server.GrpcLogAppender (GrpcLogAppender.java:timeoutAppendRequest(200)) - a3deabaa-6f33-4549-9afe-d811f1beb6dc@group-947CD9AE92AF->e2538fa5-58a8-4aba-9576-486ea31efcb2-GrpcLogAppender: appendEntries Timeout, request=a3deabaa-6f33-4549-9afe-d811f1beb6dc->e2538fa5-58a8-4aba-9576-486ea31efcb2#80-t1, previous=(t:1, i:12), leaderCommit=6, initializing? false, entries: <empty>
2019-09-12 14:27:11,441 [grpc-default-executor-5] INFO  client.GrpcClientProtocolClient (GrpcClientProtocolClient.java:onNext(264)) - client-54609732956C->e2538fa5-58a8-4aba-9576-486ea31efcb2: receive RaftClientReply:client-54609732956C->e2538fa5-58a8-4aba-9576-486ea31efcb2@group-947CD9AE92AF, cid=16, FAILED org.apache.ratis.protocol.NotLeaderException: Server e2538fa5-58a8-4aba-9576-486ea31efcb2@group-947CD9AE92AF is not the leader a3deabaa-6f33-4549-9afe-d811f1beb6dc:192.168.5.171:38678, logIndex=0, commits[e2538fa5-58a8-4aba-9576-486ea31efcb2:c6, a3deabaa-6f33-4549-9afe-d811f1beb6dc:c6, c26651e2-a96c-4010-919f-87a827874a5b:c4]
2019-09-12 14:27:12,643 [org.apache.ratis.server.impl.LogAppender$AppenderDaemon$$Lambda$489/854952238@48b1091a] ERROR ratis.XceiverServerRatis (XceiverServerRatis.java:triggerPipelineClose(568)) - pipeline Action CLOSE  on pipeline PipelineID=ba2e6536-2ad5-4e3a-8ecf-947cd9ae92af.Reason : a3deabaa-6f33-4549-9afe-d811f1beb6dc has not seen follower/s e2538fa5-58a8-4aba-9576-486ea31efcb2 for 173466ms c26651e2-a96c-4010-919f-87a827874a5b for 173463ms
2019-09-12 14:27:12,643 [org.apache.ratis.server.impl.LogAppender$AppenderDaemon$$Lambda$489/854952238@57534a7a] ERROR ratis.XceiverServerRatis (XceiverServerRatis.java:triggerPipelineClose(568)) - pipeline Action CLOSE  on pipeline PipelineID=ba2e6536-2ad5-4e3a-8ecf-947cd9ae92af.Reason : a3deabaa-6f33-4549-9afe-d811f1beb6dc has not seen follower/s e2538fa5-58a8-4aba-9576-486ea31efcb2 for 173466ms c26651e2-a96c-4010-919f-87a827874a5b for 173463ms
2019-09-12 14:27:13,142 [java.util.concurrent.ThreadPoolExecutor$Worker@7fbf0c72[State = -1, empty queue]] WARN  server.GrpcLogAppender (GrpcLogAppender.java:timeoutAppendRequest(200)) - a3deabaa-6f33-4549-9afe-d811f1beb6dc@group-947CD9AE92AF->c26651e2-a96c-4010-919f-87a827874a5b-GrpcLogAppender: appendEntries Timeout, request=a3deabaa-6f33-4549-9afe-d811f1beb6dc->c26651e2-a96c-4010-919f-87a827874a5b#81-t1, previous=(t:1, i:12), leaderCommit=6, initializing? false, entries: <empty>
2019-09-12 14:27:13,142 [java.util.concurrent.ThreadPoolExecutor$Worker@328bc467[State = -1, empty queue]] WARN  server.GrpcLogAppender (GrpcLogAppender.java:timeoutAppendRequest(200)) - a3deabaa-6f33-4549-9afe-d811f1beb6dc@group-947CD9AE92AF->e2538fa5-58a8-4aba-9576-486ea31efcb2-GrpcLogAppender: appendEntries Timeout, request=a3deabaa-6f33-4549-9afe-d811f1beb6dc->e2538fa5-58a8-4aba-9576-486ea31efcb2#81-t1, previous=(t:1, i:12), leaderCommit=6, initializing? false, entries: <empty>
2019-09-12 14:27:13,633 [EventQueue-PipelineActionsForPipelineActionHandler] ERROR pipeline.PipelineActionHandler (PipelineActionHandler.java:onMessage(60)) - Received pipeline action CLOSE for Pipeline[ Id: ba2e6536-2ad5-4e3a-8ecf-947cd9ae92af, Nodes: e2538fa5-58a8-4aba-9576-486ea31efcb2{ip: 192.168.5.171, host: pr-hdds-2007-n4wwz-4249666578, networkLocation: /default-rack, certSerialId: null}c26651e2-a96c-4010-919f-87a827874a5b{ip: 192.168.5.171, host: pr-hdds-2007-n4wwz-4249666578, networkLocation: /default-rack, certSerialId: null}a3deabaa-6f33-4549-9afe-d811f1beb6dc{ip: 192.168.5.171, host: pr-hdds-2007-n4wwz-4249666578, networkLocation: /default-rack, certSerialId: null}, Type:RATIS, Factor:THREE, State:CLOSED] from datanode a3deabaa-6f33-4549-9afe-d811f1beb6dc{ip: 192.168.5.171, host: pr-hdds-2007-n4wwz-4249666578, networkLocation: /default-rack, certSerialId: null}. Reason : a3deabaa-6f33-4549-9afe-d811f1beb6dc has not seen follower/s e2538fa5-58a8-4aba-9576-486ea31efcb2 for 173466ms c26651e2-a96c-4010-919f-87a827874a5b for 173463ms
2019-09-12 14:27:13,634 [EventQueue-PipelineActionsForPipelineActionHandler] INFO  pipeline.SCMPipelineManager (SCMPipelineManager.java:finalizeAndDestroyPipeline(311)) - destroying pipeline:Pipeline[ Id: ba2e6536-2ad5-4e3a-8ecf-947cd9ae92af, Nodes: e2538fa5-58a8-4aba-9576-486ea31efcb2{ip: 192.168.5.171, host: pr-hdds-2007-n4wwz-4249666578, networkLocation: /default-rack, certSerialId: null}c26651e2-a96c-4010-919f-87a827874a5b{ip: 192.168.5.171, host: pr-hdds-2007-n4wwz-4249666578, networkLocation: /default-rack, certSerialId: null}a3deabaa-6f33-4549-9afe-d811f1beb6dc{ip: 192.168.5.171, host: pr-hdds-2007-n4wwz-4249666578, networkLocation: /default-rack, certSerialId: null}, Type:RATIS, Factor:THREE, State:CLOSED]
2019-09-12 14:27:15,144 [org.apache.ratis.server.impl.LogAppender$AppenderDaemon$$Lambda$489/854952238@48b1091a] ERROR ratis.XceiverServerRatis (XceiverServerRatis.java:triggerPipelineClose(568)) - pipeline Action CLOSE  on pipeline PipelineID=ba2e6536-2ad5-4e3a-8ecf-947cd9ae92af.Reason : a3deabaa-6f33-4549-9afe-d811f1beb6dc has not seen follower/s e2538fa5-58a8-4aba-9576-486ea31efcb2 for 175967ms c26651e2-a96c-4010-919f-87a827874a5b for 175964ms
2019-09-12 14:27:15,144 [org.apache.ratis.server.impl.LogAppender$AppenderDaemon$$Lambda$489/854952238@57534a7a] ERROR ratis.XceiverServerRatis (XceiverServerRatis.java:triggerPipelineClose(568)) - pipeline Action CLOSE  on pipeline PipelineID=ba2e6536-2ad5-4e3a-8ecf-947cd9ae92af.Reason : a3deabaa-6f33-4549-9afe-d811f1beb6dc has not seen follower/s e2538fa5-58a8-4aba-9576-486ea31efcb2 for 175967ms c26651e2-a96c-4010-919f-87a827874a5b for 175964ms
2019-09-12 14:27:15,634 [EventQueue-PipelineActionsForPipelineActionHandler] ERROR pipeline.PipelineActionHandler (PipelineActionHandler.java:onMessage(60)) - Received pipeline action CLOSE for Pipeline[ Id: ba2e6536-2ad5-4e3a-8ecf-947cd9ae92af, Nodes: e2538fa5-58a8-4aba-9576-486ea31efcb2{ip: 192.168.5.171, host: pr-hdds-2007-n4wwz-4249666578, networkLocation: /default-rack, certSerialId: null}c26651e2-a96c-4010-919f-87a827874a5b{ip: 192.168.5.171, host: pr-hdds-2007-n4wwz-4249666578, networkLocation: /default-rack, certSerialId: null}a3deabaa-6f33-4549-9afe-d811f1beb6dc{ip: 192.168.5.171, host: pr-hdds-2007-n4wwz-4249666578, networkLocation: /default-rack, certSerialId: null}, Type:RATIS, Factor:THREE, State:CLOSED] from datanode a3deabaa-6f33-4549-9afe-d811f1beb6dc{ip: 192.168.5.171, host: pr-hdds-2007-n4wwz-4249666578, networkLocation: /default-rack, certSerialId: null}. Reason : a3deabaa-6f33-4549-9afe-d811f1beb6dc has not seen follower/s e2538fa5-58a8-4aba-9576-486ea31efcb2 for 175967ms c26651e2-a96c-4010-919f-87a827874a5b for 175964ms
2019-09-12 14:27:15,634 [EventQueue-PipelineActionsForPipelineActionHandler] INFO  pipeline.SCMPipelineManager (SCMPipelineManager.java:finalizeAndDestroyPipeline(311)) - destroying pipeline:Pipeline[ Id: ba2e6536-2ad5-4e3a-8ecf-947cd9ae92af, Nodes: e2538fa5-58a8-4aba-9576-486ea31efcb2{ip: 192.168.5.171, host: pr-hdds-2007-n4wwz-4249666578, networkLocation: /default-rack, certSerialId: null}c26651e2-a96c-4010-919f-87a827874a5b{ip: 192.168.5.171, host: pr-hdds-2007-n4wwz-4249666578, networkLocation: /default-rack, certSerialId: null}a3deabaa-6f33-4549-9afe-d811f1beb6dc{ip: 192.168.5.171, host: pr-hdds-2007-n4wwz-4249666578, networkLocation: /default-rack, certSerialId: null}, Type:RATIS, Factor:THREE, State:CLOSED]
2019-09-12 14:27:15,643 [java.util.concurrent.ThreadPoolExecutor$Worker@328bc467[State = -1, empty queue]] WARN  server.GrpcLogAppender (GrpcLogAppender.java:timeoutAppendRequest(200)) - a3deabaa-6f33-4549-9afe-d811f1beb6dc@group-947CD9AE92AF->e2538fa5-58a8-4aba-9576-486ea31efcb2-GrpcLogAppender: appendEntries Timeout, request=a3deabaa-6f33-4549-9afe-d811f1beb6dc->e2538fa5-58a8-4aba-9576-486ea31efcb2#82-t1, previous=(t:1, i:12), leaderCommit=6, initializing? false, entries: <empty>
2019-09-12 14:27:15,643 [java.util.concurrent.ThreadPoolExecutor$Worker@7fbf0c72[State = -1, empty queue]] WARN  server.GrpcLogAppender (GrpcLogAppender.java:timeoutAppendRequest(200)) - a3deabaa-6f33-4549-9afe-d811f1beb6dc@group-947CD9AE92AF->c26651e2-a96c-4010-919f-87a827874a5b-GrpcLogAppender: appendEntries Timeout, request=a3deabaa-6f33-4549-9afe-d811f1beb6dc->c26651e2-a96c-4010-919f-87a827874a5b#82-t1, previous=(t:1, i:12), leaderCommit=6, initializing? false, entries: <empty>
2019-09-12 14:27:16,492 [grpc-default-executor-5] INFO  client.GrpcClientProtocolClient (GrpcClientProtocolClient.java:onNext(264)) - client-54609732956C->e2538fa5-58a8-4aba-9576-486ea31efcb2: receive RaftClientReply:client-54609732956C->e2538fa5-58a8-4aba-9576-486ea31efcb2@group-947CD9AE92AF, cid=16, FAILED org.apache.ratis.protocol.NotLeaderException: Server e2538fa5-58a8-4aba-9576-486ea31efcb2@group-947CD9AE92AF is not the leader a3deabaa-6f33-4549-9afe-d811f1beb6dc:192.168.5.171:38678, logIndex=0, commits[e2538fa5-58a8-4aba-9576-486ea31efcb2:c6, a3deabaa-6f33-4549-9afe-d811f1beb6dc:c6, c26651e2-a96c-4010-919f-87a827874a5b:c4]
2019-09-12 14:27:17,645 [org.apache.ratis.server.impl.LogAppender$AppenderDaemon$$Lambda$489/854952238@48b1091a] ERROR ratis.XceiverServerRatis (XceiverServerRatis.java:triggerPipelineClose(568)) - pipeline Action CLOSE  on pipeline PipelineID=ba2e6536-2ad5-4e3a-8ecf-947cd9ae92af.Reason : a3deabaa-6f33-4549-9afe-d811f1beb6dc has not seen follower/s e2538fa5-58a8-4aba-9576-486ea31efcb2 for 178468ms c26651e2-a96c-4010-919f-87a827874a5b for 178465ms
2019-09-12 14:27:17,645 [org.apache.ratis.server.impl.LogAppender$AppenderDaemon$$Lambda$489/854952238@57534a7a] ERROR ratis.XceiverServerRatis (XceiverServerRatis.java:triggerPipelineClose(568)) - pipeline Action CLOSE  on pipeline PipelineID=ba2e6536-2ad5-4e3a-8ecf-947cd9ae92af.Reason : a3deabaa-6f33-4549-9afe-d811f1beb6dc has not seen follower/s e2538fa5-58a8-4aba-9576-486ea31efcb2 for 178468ms c26651e2-a96c-4010-919f-87a827874a5b for 178465ms
2019-09-12 14:27:18,144 [java.util.concurrent.ThreadPoolExecutor$Worker@328bc467[State = -1, empty queue]] WARN  server.GrpcLogAppender (GrpcLogAppender.java:timeoutAppendRequest(200)) - a3deabaa-6f33-4549-9afe-d811f1beb6dc@group-947CD9AE92AF->e2538fa5-58a8-4aba-9576-486ea31efcb2-GrpcLogAppender: appendEntries Timeout, request=a3deabaa-6f33-4549-9afe-d811f1beb6dc->e2538fa5-58a8-4aba-9576-486ea31efcb2#83-t1, previous=(t:1, i:12), leaderCommit=6, initializing? false, entries: <empty>
2019-09-12 14:27:18,144 [java.util.concurrent.ThreadPoolExecutor$Worker@7fbf0c72[State = -1, empty queue]] WARN  server.GrpcLogAppender (GrpcLogAppender.java:timeoutAppendRequest(200)) - a3deabaa-6f33-4549-9afe-d811f1beb6dc@group-947CD9AE92AF->c26651e2-a96c-4010-919f-87a827874a5b-GrpcLogAppender: appendEntries Timeout, request=a3deabaa-6f33-4549-9afe-d811f1beb6dc->c26651e2-a96c-4010-919f-87a827874a5b#83-t1, previous=(t:1, i:12), leaderCommit=6, initializing? false, entries: <empty>
2019-09-12 14:27:18,634 [EventQueue-PipelineActionsForPipelineActionHandler] ERROR pipeline.PipelineActionHandler (PipelineActionHandler.java:onMessage(60)) - Received pipeline action CLOSE for Pipeline[ Id: ba2e6536-2ad5-4e3a-8ecf-947cd9ae92af, Nodes: e2538fa5-58a8-4aba-9576-486ea31efcb2{ip: 192.168.5.171, host: pr-hdds-2007-n4wwz-4249666578, networkLocation: /default-rack, certSerialId: null}c26651e2-a96c-4010-919f-87a827874a5b{ip: 192.168.5.171, host: pr-hdds-2007-n4wwz-4249666578, networkLocation: /default-rack, certSerialId: null}a3deabaa-6f33-4549-9afe-d811f1beb6dc{ip: 192.168.5.171, host: pr-hdds-2007-n4wwz-4249666578, networkLocation: /default-rack, certSerialId: null}, Type:RATIS, Factor:THREE, State:CLOSED] from datanode a3deabaa-6f33-4549-9afe-d811f1beb6dc{ip: 192.168.5.171, host: pr-hdds-2007-n4wwz-4249666578, networkLocation: /default-rack, certSerialId: null}. Reason : a3deabaa-6f33-4549-9afe-d811f1beb6dc has not seen follower/s e2538fa5-58a8-4aba-9576-486ea31efcb2 for 178468ms c26651e2-a96c-4010-919f-87a827874a5b for 178465ms
2019-09-12 14:27:18,634 [EventQueue-PipelineActionsForPipelineActionHandler] INFO  pipeline.SCMPipelineManager (SCMPipelineManager.java:finalizeAndDestroyPipeline(311)) - destroying pipeline:Pipeline[ Id: ba2e6536-2ad5-4e3a-8ecf-947cd9ae92af, Nodes: e2538fa5-58a8-4aba-9576-486ea31efcb2{ip: 192.168.5.171, host: pr-hdds-2007-n4wwz-4249666578, networkLocation: /default-rack, certSerialId: null}c26651e2-a96c-4010-919f-87a827874a5b{ip: 192.168.5.171, host: pr-hdds-2007-n4wwz-4249666578, networkLocation: /default-rack, certSerialId: null}a3deabaa-6f33-4549-9afe-d811f1beb6dc{ip: 192.168.5.171, host: pr-hdds-2007-n4wwz-4249666578, networkLocation: /default-rack, certSerialId: null}, Type:RATIS, Factor:THREE, State:CLOSED]
2019-09-12 14:27:19,613 [e2538fa5-58a8-4aba-9576-486ea31efcb2@group-947CD9AE92AF-SegmentedRaftLogWorker] WARN  segmented.SegmentedRaftLogWorker (SegmentedRaftLogWorker.java:getFromFuture(90)) - Timeout 17/~
org.apache.ratis.protocol.TimeoutIOException: Timeout 10s: WriteLog:8: (t:1, i:8), STATEMACHINELOGENTRY, client-54609732956C, cid=17-writeStateMachineData
	at org.apache.ratis.util.IOUtils.getFromFuture(IOUtils.java:87)
	at org.apache.ratis.server.raftlog.segmented.SegmentedRaftLogWorker$StateMachineDataPolicy.getFromFuture(SegmentedRaftLogWorker.java:87)
	at org.apache.ratis.server.raftlog.segmented.SegmentedRaftLogWorker$WriteLog.execute(SegmentedRaftLogWorker.java:477)
	at org.apache.ratis.server.raftlog.segmented.SegmentedRaftLogWorker.run(SegmentedRaftLogWorker.java:289)
	at java.lang.Thread.run(Thread.java:748)
Caused by: java.util.concurrent.TimeoutException
	at java.util.concurrent.CompletableFuture.timedGet(CompletableFuture.java:1771)
	at java.util.concurrent.CompletableFuture.get(CompletableFuture.java:1915)
	at org.apache.ratis.util.IOUtils.getFromFuture(IOUtils.java:79)
	... 4 more
2019-09-12 14:27:19,653 [c26651e2-a96c-4010-919f-87a827874a5b@group-947CD9AE92AF-SegmentedRaftLogWorker] WARN  segmented.SegmentedRaftLogWorker (SegmentedRaftLogWorker.java:getFromFuture(90)) - Timeout 17/~
org.apache.ratis.protocol.TimeoutIOException: Timeout 10s: WriteLog:8: (t:1, i:8), STATEMACHINELOGENTRY, client-54609732956C, cid=17-writeStateMachineData
	at org.apache.ratis.util.IOUtils.getFromFuture(IOUtils.java:87)
	at org.apache.ratis.server.raftlog.segmented.SegmentedRaftLogWorker$StateMachineDataPolicy.getFromFuture(SegmentedRaftLogWorker.java:87)
	at org.apache.ratis.server.raftlog.segmented.SegmentedRaftLogWorker$WriteLog.execute(SegmentedRaftLogWorker.java:477)
	at org.apache.ratis.server.raftlog.segmented.SegmentedRaftLogWorker.run(SegmentedRaftLogWorker.java:289)
	at java.lang.Thread.run(Thread.java:748)
Caused by: java.util.concurrent.TimeoutException
	at java.util.concurrent.CompletableFuture.timedGet(CompletableFuture.java:1771)
	at java.util.concurrent.CompletableFuture.get(CompletableFuture.java:1915)
	at org.apache.ratis.util.IOUtils.getFromFuture(IOUtils.java:79)
	... 4 more
2019-09-12 14:27:19,654 [a3deabaa-6f33-4549-9afe-d811f1beb6dc@group-947CD9AE92AF-SegmentedRaftLogWorker] WARN  segmented.SegmentedRaftLogWorker (SegmentedRaftLogWorker.java:getFromFuture(90)) - Timeout 17/~
org.apache.ratis.protocol.TimeoutIOException: Timeout 10s: WriteLog:8: (t:1, i:8), STATEMACHINELOGENTRY, client-54609732956C, cid=17-writeStateMachineData
	at org.apache.ratis.util.IOUtils.getFromFuture(IOUtils.java:87)
	at org.apache.ratis.server.raftlog.segmented.SegmentedRaftLogWorker$StateMachineDataPolicy.getFromFuture(SegmentedRaftLogWorker.java:87)
	at org.apache.ratis.server.raftlog.segmented.SegmentedRaftLogWorker$WriteLog.execute(SegmentedRaftLogWorker.java:477)
	at org.apache.ratis.server.raftlog.segmented.SegmentedRaftLogWorker.run(SegmentedRaftLogWorker.java:289)
	at java.lang.Thread.run(Thread.java:748)
Caused by: java.util.concurrent.TimeoutException
	at java.util.concurrent.CompletableFuture.timedGet(CompletableFuture.java:1771)
	at java.util.concurrent.CompletableFuture.get(CompletableFuture.java:1915)
	at org.apache.ratis.util.IOUtils.getFromFuture(IOUtils.java:79)
	... 4 more
2019-09-12 14:27:20,148 [org.apache.ratis.server.impl.LogAppender$AppenderDaemon$$Lambda$489/854952238@48b1091a] ERROR ratis.XceiverServerRatis (XceiverServerRatis.java:triggerPipelineClose(568)) - pipeline Action CLOSE  on pipeline PipelineID=ba2e6536-2ad5-4e3a-8ecf-947cd9ae92af.Reason : a3deabaa-6f33-4549-9afe-d811f1beb6dc has not seen follower/s e2538fa5-58a8-4aba-9576-486ea31efcb2 for 180970ms c26651e2-a96c-4010-919f-87a827874a5b for 180967ms
2019-09-12 14:27:20,148 [org.apache.ratis.server.impl.LogAppender$AppenderDaemon$$Lambda$489/854952238@57534a7a] ERROR ratis.XceiverServerRatis (XceiverServerRatis.java:triggerPipelineClose(568)) - pipeline Action CLOSE  on pipeline PipelineID=ba2e6536-2ad5-4e3a-8ecf-947cd9ae92af.Reason : a3deabaa-6f33-4549-9afe-d811f1beb6dc has not seen follower/s e2538fa5-58a8-4aba-9576-486ea31efcb2 for 180970ms c26651e2-a96c-4010-919f-87a827874a5b for 180967ms
2019-09-12 14:27:20,634 [EventQueue-PipelineActionsForPipelineActionHandler] ERROR pipeline.PipelineActionHandler (PipelineActionHandler.java:onMessage(60)) - Received pipeline action CLOSE for Pipeline[ Id: ba2e6536-2ad5-4e3a-8ecf-947cd9ae92af, Nodes: e2538fa5-58a8-4aba-9576-486ea31efcb2{ip: 192.168.5.171, host: pr-hdds-2007-n4wwz-4249666578, networkLocation: /default-rack, certSerialId: null}c26651e2-a96c-4010-919f-87a827874a5b{ip: 192.168.5.171, host: pr-hdds-2007-n4wwz-4249666578, networkLocation: /default-rack, certSerialId: null}a3deabaa-6f33-4549-9afe-d811f1beb6dc{ip: 192.168.5.171, host: pr-hdds-2007-n4wwz-4249666578, networkLocation: /default-rack, certSerialId: null}, Type:RATIS, Factor:THREE, State:CLOSED] from datanode a3deabaa-6f33-4549-9afe-d811f1beb6dc{ip: 192.168.5.171, host: pr-hdds-2007-n4wwz-4249666578, networkLocation: /default-rack, certSerialId: null}. Reason : a3deabaa-6f33-4549-9afe-d811f1beb6dc has not seen follower/s e2538fa5-58a8-4aba-9576-486ea31efcb2 for 180970ms c26651e2-a96c-4010-919f-87a827874a5b for 180967ms
2019-09-12 14:27:20,635 [EventQueue-PipelineActionsForPipelineActionHandler] INFO  pipeline.SCMPipelineManager (SCMPipelineManager.java:finalizeAndDestroyPipeline(311)) - destroying pipeline:Pipeline[ Id: ba2e6536-2ad5-4e3a-8ecf-947cd9ae92af, Nodes: e2538fa5-58a8-4aba-9576-486ea31efcb2{ip: 192.168.5.171, host: pr-hdds-2007-n4wwz-4249666578, networkLocation: /default-rack, certSerialId: null}c26651e2-a96c-4010-919f-87a827874a5b{ip: 192.168.5.171, host: pr-hdds-2007-n4wwz-4249666578, networkLocation: /default-rack, certSerialId: null}a3deabaa-6f33-4549-9afe-d811f1beb6dc{ip: 192.168.5.171, host: pr-hdds-2007-n4wwz-4249666578, networkLocation: /default-rack, certSerialId: null}, Type:RATIS, Factor:THREE, State:CLOSED]
2019-09-12 14:27:20,645 [java.util.concurrent.ThreadPoolExecutor$Worker@328bc467[State = -1, empty queue]] WARN  server.GrpcLogAppender (GrpcLogAppender.java:timeoutAppendRequest(200)) - a3deabaa-6f33-4549-9afe-d811f1beb6dc@group-947CD9AE92AF->e2538fa5-58a8-4aba-9576-486ea31efcb2-GrpcLogAppender: appendEntries Timeout, request=a3deabaa-6f33-4549-9afe-d811f1beb6dc->e2538fa5-58a8-4aba-9576-486ea31efcb2#84-t1, previous=(t:1, i:12), leaderCommit=6, initializing? false, entries: <empty>
2019-09-12 14:27:20,645 [java.util.concurrent.ThreadPoolExecutor$Worker@7fbf0c72[State = -1, empty queue]] WARN  server.GrpcLogAppender (GrpcLogAppender.java:timeoutAppendRequest(200)) - a3deabaa-6f33-4549-9afe-d811f1beb6dc@group-947CD9AE92AF->c26651e2-a96c-4010-919f-87a827874a5b-GrpcLogAppender: appendEntries Timeout, request=a3deabaa-6f33-4549-9afe-d811f1beb6dc->c26651e2-a96c-4010-919f-87a827874a5b#84-t1, previous=(t:1, i:12), leaderCommit=6, initializing? false, entries: <empty>
2019-09-12 14:27:21,549 [grpc-default-executor-6] INFO  client.GrpcClientProtocolClient (GrpcClientProtocolClient.java:onNext(264)) - client-54609732956C->e2538fa5-58a8-4aba-9576-486ea31efcb2: receive RaftClientReply:client-54609732956C->e2538fa5-58a8-4aba-9576-486ea31efcb2@group-947CD9AE92AF, cid=16, FAILED org.apache.ratis.protocol.NotLeaderException: Server e2538fa5-58a8-4aba-9576-486ea31efcb2@group-947CD9AE92AF is not the leader a3deabaa-6f33-4549-9afe-d811f1beb6dc:192.168.5.171:38678, logIndex=0, commits[e2538fa5-58a8-4aba-9576-486ea31efcb2:c6, a3deabaa-6f33-4549-9afe-d811f1beb6dc:c6, c26651e2-a96c-4010-919f-87a827874a5b:c4]
2019-09-12 14:27:22,648 [org.apache.ratis.server.impl.LogAppender$AppenderDaemon$$Lambda$489/854952238@57534a7a] ERROR ratis.XceiverServerRatis (XceiverServerRatis.java:triggerPipelineClose(568)) - pipeline Action CLOSE  on pipeline PipelineID=ba2e6536-2ad5-4e3a-8ecf-947cd9ae92af.Reason : a3deabaa-6f33-4549-9afe-d811f1beb6dc has not seen follower/s e2538fa5-58a8-4aba-9576-486ea31efcb2 for 183471ms c26651e2-a96c-4010-919f-87a827874a5b for 183468ms
2019-09-12 14:27:22,648 [org.apache.ratis.server.impl.LogAppender$AppenderDaemon$$Lambda$489/854952238@48b1091a] ERROR ratis.XceiverServerRatis (XceiverServerRatis.java:triggerPipelineClose(568)) - pipeline Action CLOSE  on pipeline PipelineID=ba2e6536-2ad5-4e3a-8ecf-947cd9ae92af.Reason : a3deabaa-6f33-4549-9afe-d811f1beb6dc has not seen follower/s e2538fa5-58a8-4aba-9576-486ea31efcb2 for 183471ms c26651e2-a96c-4010-919f-87a827874a5b for 183468ms
2019-09-12 14:27:23,147 [java.util.concurrent.ThreadPoolExecutor$Worker@328bc467[State = -1, empty queue]] WARN  server.GrpcLogAppender (GrpcLogAppender.java:timeoutAppendRequest(200)) - a3deabaa-6f33-4549-9afe-d811f1beb6dc@group-947CD9AE92AF->e2538fa5-58a8-4aba-9576-486ea31efcb2-GrpcLogAppender: appendEntries Timeout, request=a3deabaa-6f33-4549-9afe-d811f1beb6dc->e2538fa5-58a8-4aba-9576-486ea31efcb2#85-t1, previous=(t:1, i:12), leaderCommit=6, initializing? false, entries: <empty>
2019-09-12 14:27:23,147 [java.util.concurrent.ThreadPoolExecutor$Worker@7fbf0c72[State = -1, empty queue]] WARN  server.GrpcLogAppender (GrpcLogAppender.java:timeoutAppendRequest(200)) - a3deabaa-6f33-4549-9afe-d811f1beb6dc@group-947CD9AE92AF->c26651e2-a96c-4010-919f-87a827874a5b-GrpcLogAppender: appendEntries Timeout, request=a3deabaa-6f33-4549-9afe-d811f1beb6dc->c26651e2-a96c-4010-919f-87a827874a5b#85-t1, previous=(t:1, i:12), leaderCommit=6, initializing? false, entries: <empty>
2019-09-12 14:27:23,634 [EventQueue-PipelineActionsForPipelineActionHandler] ERROR pipeline.PipelineActionHandler (PipelineActionHandler.java:onMessage(60)) - Received pipeline action CLOSE for Pipeline[ Id: ba2e6536-2ad5-4e3a-8ecf-947cd9ae92af, Nodes: e2538fa5-58a8-4aba-9576-486ea31efcb2{ip: 192.168.5.171, host: pr-hdds-2007-n4wwz-4249666578, networkLocation: /default-rack, certSerialId: null}c26651e2-a96c-4010-919f-87a827874a5b{ip: 192.168.5.171, host: pr-hdds-2007-n4wwz-4249666578, networkLocation: /default-rack, certSerialId: null}a3deabaa-6f33-4549-9afe-d811f1beb6dc{ip: 192.168.5.171, host: pr-hdds-2007-n4wwz-4249666578, networkLocation: /default-rack, certSerialId: null}, Type:RATIS, Factor:THREE, State:CLOSED] from datanode a3deabaa-6f33-4549-9afe-d811f1beb6dc{ip: 192.168.5.171, host: pr-hdds-2007-n4wwz-4249666578, networkLocation: /default-rack, certSerialId: null}. Reason : a3deabaa-6f33-4549-9afe-d811f1beb6dc has not seen follower/s e2538fa5-58a8-4aba-9576-486ea31efcb2 for 183471ms c26651e2-a96c-4010-919f-87a827874a5b for 183468ms
2019-09-12 14:27:23,635 [EventQueue-PipelineActionsForPipelineActionHandler] INFO  pipeline.SCMPipelineManager (SCMPipelineManager.java:finalizeAndDestroyPipeline(311)) - destroying pipeline:Pipeline[ Id: ba2e6536-2ad5-4e3a-8ecf-947cd9ae92af, Nodes: e2538fa5-58a8-4aba-9576-486ea31efcb2{ip: 192.168.5.171, host: pr-hdds-2007-n4wwz-4249666578, networkLocation: /default-rack, certSerialId: null}c26651e2-a96c-4010-919f-87a827874a5b{ip: 192.168.5.171, host: pr-hdds-2007-n4wwz-4249666578, networkLocation: /default-rack, certSerialId: null}a3deabaa-6f33-4549-9afe-d811f1beb6dc{ip: 192.168.5.171, host: pr-hdds-2007-n4wwz-4249666578, networkLocation: /default-rack, certSerialId: null}, Type:RATIS, Factor:THREE, State:CLOSED]
2019-09-12 14:27:25,150 [org.apache.ratis.server.impl.LogAppender$AppenderDaemon$$Lambda$489/854952238@48b1091a] ERROR ratis.XceiverServerRatis (XceiverServerRatis.java:triggerPipelineClose(568)) - pipeline Action CLOSE  on pipeline PipelineID=ba2e6536-2ad5-4e3a-8ecf-947cd9ae92af.Reason : a3deabaa-6f33-4549-9afe-d811f1beb6dc has not seen follower/s e2538fa5-58a8-4aba-9576-486ea31efcb2 for 185973ms c26651e2-a96c-4010-919f-87a827874a5b for 185970ms
2019-09-12 14:27:25,150 [org.apache.ratis.server.impl.LogAppender$AppenderDaemon$$Lambda$489/854952238@57534a7a] ERROR ratis.XceiverServerRatis (XceiverServerRatis.java:triggerPipelineClose(568)) - pipeline Action CLOSE  on pipeline PipelineID=ba2e6536-2ad5-4e3a-8ecf-947cd9ae92af.Reason : a3deabaa-6f33-4549-9afe-d811f1beb6dc has not seen follower/s e2538fa5-58a8-4aba-9576-486ea31efcb2 for 185973ms c26651e2-a96c-4010-919f-87a827874a5b for 185970ms
2019-09-12 14:27:25,629 [grpc-default-executor-1] INFO  impl.RaftServerProxy (RaftServerProxy.java:remove(95)) - e2538fa5-58a8-4aba-9576-486ea31efcb2: remove  FOLLOWER e2538fa5-58a8-4aba-9576-486ea31efcb2@group-947CD9AE92AF:t1, leader=a3deabaa-6f33-4549-9afe-d811f1beb6dc, voted=e2538fa5-58a8-4aba-9576-486ea31efcb2, raftlog=e2538fa5-58a8-4aba-9576-486ea31efcb2@group-947CD9AE92AF-SegmentedRaftLog:OPENED:c6,f6,i12, conf=0: [e2538fa5-58a8-4aba-9576-486ea31efcb2:192.168.5.171:42589, a3deabaa-6f33-4549-9afe-d811f1beb6dc:192.168.5.171:38678, c26651e2-a96c-4010-919f-87a827874a5b:192.168.5.171:46803], old=null RUNNING
2019-09-12 14:27:25,635 [grpc-default-executor-1] INFO  impl.RaftServerImpl (RaftServerImpl.java:lambda$shutdown$3(251)) - e2538fa5-58a8-4aba-9576-486ea31efcb2@group-947CD9AE92AF: shutdown
2019-09-12 14:27:25,636 [EventQueue-PipelineActionsForPipelineActionHandler] ERROR pipeline.PipelineActionHandler (PipelineActionHandler.java:onMessage(60)) - Received pipeline action CLOSE for Pipeline[ Id: ba2e6536-2ad5-4e3a-8ecf-947cd9ae92af, Nodes: e2538fa5-58a8-4aba-9576-486ea31efcb2{ip: 192.168.5.171, host: pr-hdds-2007-n4wwz-4249666578, networkLocation: /default-rack, certSerialId: null}c26651e2-a96c-4010-919f-87a827874a5b{ip: 192.168.5.171, host: pr-hdds-2007-n4wwz-4249666578, networkLocation: /default-rack, certSerialId: null}a3deabaa-6f33-4549-9afe-d811f1beb6dc{ip: 192.168.5.171, host: pr-hdds-2007-n4wwz-4249666578, networkLocation: /default-rack, certSerialId: null}, Type:RATIS, Factor:THREE, State:CLOSED] from datanode a3deabaa-6f33-4549-9afe-d811f1beb6dc{ip: 192.168.5.171, host: pr-hdds-2007-n4wwz-4249666578, networkLocation: /default-rack, certSerialId: null}. Reason : a3deabaa-6f33-4549-9afe-d811f1beb6dc has not seen follower/s e2538fa5-58a8-4aba-9576-486ea31efcb2 for 185973ms c26651e2-a96c-4010-919f-87a827874a5b for 185970ms
2019-09-12 14:27:25,636 [grpc-default-executor-1] INFO  util.JmxRegister (JmxRegister.java:unregister(73)) - Successfully un-registered JMX Bean with object name Ratis:service=RaftServer,group=group-947CD9AE92AF,id=e2538fa5-58a8-4aba-9576-486ea31efcb2
2019-09-12 14:27:25,636 [EventQueue-PipelineActionsForPipelineActionHandler] INFO  pipeline.SCMPipelineManager (SCMPipelineManager.java:finalizeAndDestroyPipeline(311)) - destroying pipeline:Pipeline[ Id: ba2e6536-2ad5-4e3a-8ecf-947cd9ae92af, Nodes: e2538fa5-58a8-4aba-9576-486ea31efcb2{ip: 192.168.5.171, host: pr-hdds-2007-n4wwz-4249666578, networkLocation: /default-rack, certSerialId: null}c26651e2-a96c-4010-919f-87a827874a5b{ip: 192.168.5.171, host: pr-hdds-2007-n4wwz-4249666578, networkLocation: /default-rack, certSerialId: null}a3deabaa-6f33-4549-9afe-d811f1beb6dc{ip: 192.168.5.171, host: pr-hdds-2007-n4wwz-4249666578, networkLocation: /default-rack, certSerialId: null}, Type:RATIS, Factor:THREE, State:CLOSED]
2019-09-12 14:27:25,636 [grpc-default-executor-1] INFO  impl.RoleInfo (RoleInfo.java:shutdownFollowerState(121)) - e2538fa5-58a8-4aba-9576-486ea31efcb2: shutdown FollowerState
2019-09-12 14:27:25,637 [grpc-default-executor-1] INFO  impl.StateMachineUpdater (StateMachineUpdater.java:stopAndJoin(125)) - e2538fa5-58a8-4aba-9576-486ea31efcb2@group-947CD9AE92AF-StateMachineUpdater: set stopIndex = 6
2019-09-12 14:27:25,637 [Thread-313] INFO  impl.FollowerState (FollowerState.java:run(115)) - e2538fa5-58a8-4aba-9576-486ea31efcb2: FollowerState was interrupted: java.lang.InterruptedException: sleep interrupted
2019-09-12 14:27:25,640 [e2538fa5-58a8-4aba-9576-486ea31efcb2@group-947CD9AE92AF-StateMachineUpdater] INFO  ratis.ContainerStateMachine (ContainerStateMachine.java:takeSnapshot(289)) - group-947CD9AE92AF: Taking a snapshot at:(t:1, i:4) file /workdir/hadoop-ozone/integration-test/target/test-dir/MiniOzoneClusterImpl-41377667-f0d9-4871-9116-d36166c13ac1/datanode-5/data/ratis/ba2e6536-2ad5-4e3a-8ecf-947cd9ae92af/sm/snapshot.1_4
2019-09-12 14:27:25,648 [java.util.concurrent.ThreadPoolExecutor$Worker@7fbf0c72[State = -1, empty queue]] WARN  server.GrpcLogAppender (GrpcLogAppender.java:timeoutAppendRequest(200)) - a3deabaa-6f33-4549-9afe-d811f1beb6dc@group-947CD9AE92AF->c26651e2-a96c-4010-919f-87a827874a5b-GrpcLogAppender: appendEntries Timeout, request=a3deabaa-6f33-4549-9afe-d811f1beb6dc->c26651e2-a96c-4010-919f-87a827874a5b#86-t1, previous=(t:1, i:12), leaderCommit=6, initializing? false, entries: <empty>
2019-09-12 14:27:25,648 [java.util.concurrent.ThreadPoolExecutor$Worker@328bc467[State = -1, empty queue]] WARN  server.GrpcLogAppender (GrpcLogAppender.java:timeoutAppendRequest(200)) - a3deabaa-6f33-4549-9afe-d811f1beb6dc@group-947CD9AE92AF->e2538fa5-58a8-4aba-9576-486ea31efcb2-GrpcLogAppender: appendEntries Timeout, request=a3deabaa-6f33-4549-9afe-d811f1beb6dc->e2538fa5-58a8-4aba-9576-486ea31efcb2#86-t1, previous=(t:1, i:12), leaderCommit=6, initializing? false, entries: <empty>
2019-09-12 14:27:25,687 [e2538fa5-58a8-4aba-9576-486ea31efcb2@group-947CD9AE92AF-StateMachineUpdater] INFO  ratis.ContainerStateMachine (ContainerStateMachine.java:takeSnapshot(300)) - group-947CD9AE92AF: Finished taking a snapshot at:(t:1, i:4) file:/workdir/hadoop-ozone/integration-test/target/test-dir/MiniOzoneClusterImpl-41377667-f0d9-4871-9116-d36166c13ac1/datanode-5/data/ratis/ba2e6536-2ad5-4e3a-8ecf-947cd9ae92af/sm/snapshot.1_4 time:48
2019-09-12 14:27:25,687 [e2538fa5-58a8-4aba-9576-486ea31efcb2@group-947CD9AE92AF-StateMachineUpdater] INFO  impl.StateMachineUpdater (StateMachineUpdater.java:takeSnapshot(258)) - e2538fa5-58a8-4aba-9576-486ea31efcb2@group-947CD9AE92AF-StateMachineUpdater: Took a snapshot at index 4
2019-09-12 14:27:25,690 [e2538fa5-58a8-4aba-9576-486ea31efcb2@group-947CD9AE92AF-StateMachineUpdater] INFO  impl.StateMachineUpdater (StateMachineUpdater.java:lambda$new$0(83)) - e2538fa5-58a8-4aba-9576-486ea31efcb2@group-947CD9AE92AF-StateMachineUpdater: snapshotIndex: updateIncreasingly -1 -> 4
2019-09-12 14:27:25,697 [e2538fa5-58a8-4aba-9576-486ea31efcb2@group-947CD9AE92AF-StateMachineUpdater] INFO  ratis.ContainerStateMachine (ContainerStateMachine.java:takeSnapshot(289)) - group-947CD9AE92AF: Taking a snapshot at:(t:1, i:4) file /workdir/hadoop-ozone/integration-test/target/test-dir/MiniOzoneClusterImpl-41377667-f0d9-4871-9116-d36166c13ac1/datanode-5/data/ratis/ba2e6536-2ad5-4e3a-8ecf-947cd9ae92af/sm/snapshot.1_4
2019-09-12 14:27:25,720 [e2538fa5-58a8-4aba-9576-486ea31efcb2@group-947CD9AE92AF-StateMachineUpdater] INFO  ratis.ContainerStateMachine (ContainerStateMachine.java:takeSnapshot(300)) - group-947CD9AE92AF: Finished taking a snapshot at:(t:1, i:4) file:/workdir/hadoop-ozone/integration-test/target/test-dir/MiniOzoneClusterImpl-41377667-f0d9-4871-9116-d36166c13ac1/datanode-5/data/ratis/ba2e6536-2ad5-4e3a-8ecf-947cd9ae92af/sm/snapshot.1_4 time:23
2019-09-12 14:27:25,720 [e2538fa5-58a8-4aba-9576-486ea31efcb2@group-947CD9AE92AF-StateMachineUpdater] INFO  impl.StateMachineUpdater (StateMachineUpdater.java:takeSnapshot(258)) - e2538fa5-58a8-4aba-9576-486ea31efcb2@group-947CD9AE92AF-StateMachineUpdater: Took a snapshot at index 4
2019-09-12 14:27:25,720 [e2538fa5-58a8-4aba-9576-486ea31efcb2@group-947CD9AE92AF-StateMachineUpdater] INFO  impl.StateMachineUpdater (StateMachineUpdater.java:lambda$new$0(83)) - e2538fa5-58a8-4aba-9576-486ea31efcb2@group-947CD9AE92AF-StateMachineUpdater: snapshotIndex: updateIncreasingly 4 -> 4
2019-09-12 14:27:25,721 [grpc-default-executor-1] INFO  impl.RaftServerImpl (ServerState.java:close(385)) - e2538fa5-58a8-4aba-9576-486ea31efcb2@group-947CD9AE92AF: closes. applyIndex: 6
2019-09-12 14:27:25,727 [e2538fa5-58a8-4aba-9576-486ea31efcb2@group-947CD9AE92AF-SegmentedRaftLogWorker] ERROR ratis.XceiverServerRatis (XceiverServerRatis.java:triggerPipelineClose(568)) - pipeline Action CLOSE  on pipeline PipelineID=ba2e6536-2ad5-4e3a-8ecf-947cd9ae92af.Reason : WriteLog:8: (t:1, i:8), STATEMACHINELOGENTRY, client-54609732956C, cid=17-writeStateMachineData interrupted.
2019-09-12 14:27:25,730 [EventQueue-PipelineActionsForPipelineActionHandler] ERROR pipeline.PipelineActionHandler (PipelineActionHandler.java:onMessage(60)) - Received pipeline action CLOSE for Pipeline[ Id: ba2e6536-2ad5-4e3a-8ecf-947cd9ae92af, Nodes: e2538fa5-58a8-4aba-9576-486ea31efcb2{ip: 192.168.5.171, host: pr-hdds-2007-n4wwz-4249666578, networkLocation: /default-rack, certSerialId: null}c26651e2-a96c-4010-919f-87a827874a5b{ip: 192.168.5.171, host: pr-hdds-2007-n4wwz-4249666578, networkLocation: /default-rack, certSerialId: null}a3deabaa-6f33-4549-9afe-d811f1beb6dc{ip: 192.168.5.171, host: pr-hdds-2007-n4wwz-4249666578, networkLocation: /default-rack, certSerialId: null}, Type:RATIS, Factor:THREE, State:CLOSED] from datanode e2538fa5-58a8-4aba-9576-486ea31efcb2{ip: 192.168.5.171, host: pr-hdds-2007-n4wwz-4249666578, networkLocation: /default-rack, certSerialId: null}. Reason : WriteLog:8: (t:1, i:8), STATEMACHINELOGENTRY, client-54609732956C, cid=17-writeStateMachineData interrupted.
2019-09-12 14:27:25,730 [EventQueue-PipelineActionsForPipelineActionHandler] INFO  pipeline.SCMPipelineManager (SCMPipelineManager.java:finalizeAndDestroyPipeline(311)) - destroying pipeline:Pipeline[ Id: ba2e6536-2ad5-4e3a-8ecf-947cd9ae92af, Nodes: e2538fa5-58a8-4aba-9576-486ea31efcb2{ip: 192.168.5.171, host: pr-hdds-2007-n4wwz-4249666578, networkLocation: /default-rack, certSerialId: null}c26651e2-a96c-4010-919f-87a827874a5b{ip: 192.168.5.171, host: pr-hdds-2007-n4wwz-4249666578, networkLocation: /default-rack, certSerialId: null}a3deabaa-6f33-4549-9afe-d811f1beb6dc{ip: 192.168.5.171, host: pr-hdds-2007-n4wwz-4249666578, networkLocation: /default-rack, certSerialId: null}, Type:RATIS, Factor:THREE, State:CLOSED]
2019-09-12 14:27:25,741 [grpc-default-executor-1] INFO  segmented.SegmentedRaftLogWorker (SegmentedRaftLogWorker.java:close(228)) - e2538fa5-58a8-4aba-9576-486ea31efcb2@group-947CD9AE92AF-SegmentedRaftLogWorker close()
2019-09-12 14:27:25,761 [grpc-default-executor-1] INFO  interfaces.Container (KeyValueContainer.java:flushAndSyncDB(386)) - Container 1 is synced with bcsId 4.
2019-09-12 14:27:25,761 [grpc-default-executor-1] INFO  interfaces.Container (KeyValueContainer.java:flushAndSyncDB(386)) - Container 1 is synced with bcsId 4.
2019-09-12 14:27:25,788 [EventQueue-IncrementalContainerReportForIncrementalContainerReportHandler] INFO  container.IncrementalContainerReportHandler (AbstractContainerReportHandler.java:updateContainerState(169)) - Moving container #1 to QUASI_CLOSED state, datanode e2538fa5-58a8-4aba-9576-486ea31efcb2{ip: 192.168.5.171, host: pr-hdds-2007-n4wwz-4249666578, networkLocation: /default-rack, certSerialId: null} reported QUASI_CLOSED replica.
2019-09-12 14:27:25,874 [grpc-default-executor-1] INFO  interfaces.Container (KeyValueContainer.java:flushAndSyncDB(386)) - Container 2 is synced with bcsId 0.
2019-09-12 14:27:25,875 [grpc-default-executor-1] INFO  interfaces.Container (KeyValueContainer.java:flushAndSyncDB(386)) - Container 2 is synced with bcsId 0.
2019-09-12 14:27:25,892 [EventQueue-IncrementalContainerReportForIncrementalContainerReportHandler] INFO  container.IncrementalContainerReportHandler (AbstractContainerReportHandler.java:updateContainerState(169)) - Moving container #2 to QUASI_CLOSED state, datanode e2538fa5-58a8-4aba-9576-486ea31efcb2{ip: 192.168.5.171, host: pr-hdds-2007-n4wwz-4249666578, networkLocation: /default-rack, certSerialId: null} reported QUASI_CLOSED replica.
2019-09-12 14:27:25,902 [grpc-default-executor-1] INFO  impl.RaftServerProxy (RaftServerProxy.java:remove(95)) - c26651e2-a96c-4010-919f-87a827874a5b: remove  FOLLOWER c26651e2-a96c-4010-919f-87a827874a5b@group-947CD9AE92AF:t1, leader=a3deabaa-6f33-4549-9afe-d811f1beb6dc, voted=a3deabaa-6f33-4549-9afe-d811f1beb6dc, raftlog=c26651e2-a96c-4010-919f-87a827874a5b@group-947CD9AE92AF-SegmentedRaftLog:OPENED:c6,f6,i12, conf=0: [e2538fa5-58a8-4aba-9576-486ea31efcb2:192.168.5.171:42589, a3deabaa-6f33-4549-9afe-d811f1beb6dc:192.168.5.171:38678, c26651e2-a96c-4010-919f-87a827874a5b:192.168.5.171:46803], old=null RUNNING
2019-09-12 14:27:25,902 [grpc-default-executor-1] INFO  impl.RaftServerImpl (RaftServerImpl.java:lambda$shutdown$3(251)) - c26651e2-a96c-4010-919f-87a827874a5b@group-947CD9AE92AF: shutdown
2019-09-12 14:27:25,902 [grpc-default-executor-1] INFO  util.JmxRegister (JmxRegister.java:unregister(73)) - Successfully un-registered JMX Bean with object name Ratis:service=RaftServer,group=group-947CD9AE92AF,id=c26651e2-a96c-4010-919f-87a827874a5b
2019-09-12 14:27:25,902 [grpc-default-executor-1] INFO  impl.RoleInfo (RoleInfo.java:shutdownFollowerState(121)) - c26651e2-a96c-4010-919f-87a827874a5b: shutdown FollowerState
2019-09-12 14:27:25,903 [grpc-default-executor-1] INFO  impl.StateMachineUpdater (StateMachineUpdater.java:stopAndJoin(125)) - c26651e2-a96c-4010-919f-87a827874a5b@group-947CD9AE92AF-StateMachineUpdater: set stopIndex = 6
2019-09-12 14:27:25,903 [Thread-309] INFO  impl.FollowerState (FollowerState.java:run(115)) - c26651e2-a96c-4010-919f-87a827874a5b: FollowerState was interrupted: java.lang.InterruptedException: sleep interrupted
2019-09-12 14:27:25,903 [c26651e2-a96c-4010-919f-87a827874a5b@group-947CD9AE92AF-StateMachineUpdater] INFO  ratis.ContainerStateMachine (ContainerStateMachine.java:takeSnapshot(289)) - group-947CD9AE92AF: Taking a snapshot at:(t:1, i:4) file /workdir/hadoop-ozone/integration-test/target/test-dir/MiniOzoneClusterImpl-41377667-f0d9-4871-9116-d36166c13ac1/datanode-0/data/ratis/ba2e6536-2ad5-4e3a-8ecf-947cd9ae92af/sm/snapshot.1_4
2019-09-12 14:27:25,924 [c26651e2-a96c-4010-919f-87a827874a5b@group-947CD9AE92AF-StateMachineUpdater] INFO  ratis.ContainerStateMachine (ContainerStateMachine.java:takeSnapshot(300)) - group-947CD9AE92AF: Finished taking a snapshot at:(t:1, i:4) file:/workdir/hadoop-ozone/integration-test/target/test-dir/MiniOzoneClusterImpl-41377667-f0d9-4871-9116-d36166c13ac1/datanode-0/data/ratis/ba2e6536-2ad5-4e3a-8ecf-947cd9ae92af/sm/snapshot.1_4 time:22
2019-09-12 14:27:25,924 [c26651e2-a96c-4010-919f-87a827874a5b@group-947CD9AE92AF-StateMachineUpdater] INFO  impl.StateMachineUpdater (StateMachineUpdater.java:takeSnapshot(258)) - c26651e2-a96c-4010-919f-87a827874a5b@group-947CD9AE92AF-StateMachineUpdater: Took a snapshot at index 4
2019-09-12 14:27:25,924 [c26651e2-a96c-4010-919f-87a827874a5b@group-947CD9AE92AF-StateMachineUpdater] INFO  impl.StateMachineUpdater (StateMachineUpdater.java:lambda$new$0(83)) - c26651e2-a96c-4010-919f-87a827874a5b@group-947CD9AE92AF-StateMachineUpdater: snapshotIndex: updateIncreasingly -1 -> 4
2019-09-12 14:27:25,925 [c26651e2-a96c-4010-919f-87a827874a5b@group-947CD9AE92AF-StateMachineUpdater] INFO  ratis.ContainerStateMachine (ContainerStateMachine.java:takeSnapshot(289)) - group-947CD9AE92AF: Taking a snapshot at:(t:1, i:4) file /workdir/hadoop-ozone/integration-test/target/test-dir/MiniOzoneClusterImpl-41377667-f0d9-4871-9116-d36166c13ac1/datanode-0/data/ratis/ba2e6536-2ad5-4e3a-8ecf-947cd9ae92af/sm/snapshot.1_4
2019-09-12 14:27:25,965 [c26651e2-a96c-4010-919f-87a827874a5b@group-947CD9AE92AF-StateMachineUpdater] INFO  ratis.ContainerStateMachine (ContainerStateMachine.java:takeSnapshot(300)) - group-947CD9AE92AF: Finished taking a snapshot at:(t:1, i:4) file:/workdir/hadoop-ozone/integration-test/target/test-dir/MiniOzoneClusterImpl-41377667-f0d9-4871-9116-d36166c13ac1/datanode-0/data/ratis/ba2e6536-2ad5-4e3a-8ecf-947cd9ae92af/sm/snapshot.1_4 time:40
2019-09-12 14:27:25,965 [c26651e2-a96c-4010-919f-87a827874a5b@group-947CD9AE92AF-StateMachineUpdater] INFO  impl.StateMachineUpdater (StateMachineUpdater.java:takeSnapshot(258)) - c26651e2-a96c-4010-919f-87a827874a5b@group-947CD9AE92AF-StateMachineUpdater: Took a snapshot at index 4
2019-09-12 14:27:25,965 [c26651e2-a96c-4010-919f-87a827874a5b@group-947CD9AE92AF-StateMachineUpdater] INFO  impl.StateMachineUpdater (StateMachineUpdater.java:lambda$new$0(83)) - c26651e2-a96c-4010-919f-87a827874a5b@group-947CD9AE92AF-StateMachineUpdater: snapshotIndex: updateIncreasingly 4 -> 4
2019-09-12 14:27:25,965 [grpc-default-executor-1] INFO  impl.RaftServerImpl (ServerState.java:close(385)) - c26651e2-a96c-4010-919f-87a827874a5b@group-947CD9AE92AF: closes. applyIndex: 6
2019-09-12 14:27:25,980 [c26651e2-a96c-4010-919f-87a827874a5b@group-947CD9AE92AF-SegmentedRaftLogWorker] ERROR ratis.XceiverServerRatis (XceiverServerRatis.java:triggerPipelineClose(568)) - pipeline Action CLOSE  on pipeline PipelineID=ba2e6536-2ad5-4e3a-8ecf-947cd9ae92af.Reason : WriteLog:8: (t:1, i:8), STATEMACHINELOGENTRY, client-54609732956C, cid=17-writeStateMachineData interrupted.
2019-09-12 14:27:25,983 [EventQueue-PipelineActionsForPipelineActionHandler] ERROR pipeline.PipelineActionHandler (PipelineActionHandler.java:onMessage(60)) - Received pipeline action CLOSE for Pipeline[ Id: ba2e6536-2ad5-4e3a-8ecf-947cd9ae92af, Nodes: e2538fa5-58a8-4aba-9576-486ea31efcb2{ip: 192.168.5.171, host: pr-hdds-2007-n4wwz-4249666578, networkLocation: /default-rack, certSerialId: null}c26651e2-a96c-4010-919f-87a827874a5b{ip: 192.168.5.171, host: pr-hdds-2007-n4wwz-4249666578, networkLocation: /default-rack, certSerialId: null}a3deabaa-6f33-4549-9afe-d811f1beb6dc{ip: 192.168.5.171, host: pr-hdds-2007-n4wwz-4249666578, networkLocation: /default-rack, certSerialId: null}, Type:RATIS, Factor:THREE, State:CLOSED] from datanode c26651e2-a96c-4010-919f-87a827874a5b{ip: 192.168.5.171, host: pr-hdds-2007-n4wwz-4249666578, networkLocation: /default-rack, certSerialId: null}. Reason : WriteLog:8: (t:1, i:8), STATEMACHINELOGENTRY, client-54609732956C, cid=17-writeStateMachineData interrupted.
2019-09-12 14:27:25,985 [EventQueue-PipelineActionsForPipelineActionHandler] INFO  pipeline.SCMPipelineManager (SCMPipelineManager.java:finalizeAndDestroyPipeline(311)) - destroying pipeline:Pipeline[ Id: ba2e6536-2ad5-4e3a-8ecf-947cd9ae92af, Nodes: e2538fa5-58a8-4aba-9576-486ea31efcb2{ip: 192.168.5.171, host: pr-hdds-2007-n4wwz-4249666578, networkLocation: /default-rack, certSerialId: null}c26651e2-a96c-4010-919f-87a827874a5b{ip: 192.168.5.171, host: pr-hdds-2007-n4wwz-4249666578, networkLocation: /default-rack, certSerialId: null}a3deabaa-6f33-4549-9afe-d811f1beb6dc{ip: 192.168.5.171, host: pr-hdds-2007-n4wwz-4249666578, networkLocation: /default-rack, certSerialId: null}, Type:RATIS, Factor:THREE, State:CLOSED]
2019-09-12 14:27:25,995 [grpc-default-executor-1] INFO  segmented.SegmentedRaftLogWorker (SegmentedRaftLogWorker.java:close(228)) - c26651e2-a96c-4010-919f-87a827874a5b@group-947CD9AE92AF-SegmentedRaftLogWorker close()
2019-09-12 14:27:26,015 [grpc-default-executor-1] INFO  interfaces.Container (KeyValueContainer.java:flushAndSyncDB(386)) - Container 1 is synced with bcsId 4.
2019-09-12 14:27:26,016 [grpc-default-executor-1] INFO  interfaces.Container (KeyValueContainer.java:flushAndSyncDB(386)) - Container 1 is synced with bcsId 4.
2019-09-12 14:27:26,146 [grpc-default-executor-1] INFO  interfaces.Container (KeyValueContainer.java:flushAndSyncDB(386)) - Container 2 is synced with bcsId 0.
2019-09-12 14:27:26,147 [grpc-default-executor-1] INFO  interfaces.Container (KeyValueContainer.java:flushAndSyncDB(386)) - Container 2 is synced with bcsId 0.
2019-09-12 14:27:26,186 [grpc-default-executor-1] INFO  impl.RaftServerProxy (RaftServerProxy.java:remove(95)) - a3deabaa-6f33-4549-9afe-d811f1beb6dc: remove    LEADER a3deabaa-6f33-4549-9afe-d811f1beb6dc@group-947CD9AE92AF:t1, leader=a3deabaa-6f33-4549-9afe-d811f1beb6dc, voted=a3deabaa-6f33-4549-9afe-d811f1beb6dc, raftlog=a3deabaa-6f33-4549-9afe-d811f1beb6dc@group-947CD9AE92AF-SegmentedRaftLog:OPENED:c6,f6,i12, conf=0: [e2538fa5-58a8-4aba-9576-486ea31efcb2:192.168.5.171:42589, a3deabaa-6f33-4549-9afe-d811f1beb6dc:192.168.5.171:38678, c26651e2-a96c-4010-919f-87a827874a5b:192.168.5.171:46803], old=null RUNNING
2019-09-12 14:27:26,187 [grpc-default-executor-1] INFO  impl.RaftServerImpl (RaftServerImpl.java:lambda$shutdown$3(251)) - a3deabaa-6f33-4549-9afe-d811f1beb6dc@group-947CD9AE92AF: shutdown
2019-09-12 14:27:26,187 [grpc-default-executor-1] INFO  util.JmxRegister (JmxRegister.java:unregister(73)) - Successfully un-registered JMX Bean with object name Ratis:service=RaftServer,group=group-947CD9AE92AF,id=a3deabaa-6f33-4549-9afe-d811f1beb6dc
2019-09-12 14:27:26,187 [grpc-default-executor-1] INFO  impl.RoleInfo (RoleInfo.java:shutdownLeaderState(104)) - a3deabaa-6f33-4549-9afe-d811f1beb6dc: shutdown LeaderState
2019-09-12 14:27:26,192 [grpc-default-executor-1] INFO  impl.PendingRequests (PendingRequests.java:sendNotLeaderResponses(202)) - a3deabaa-6f33-4549-9afe-d811f1beb6dc-PendingRequests: sendNotLeaderResponses
2019-09-12 14:27:26,192 [org.apache.ratis.server.impl.LogAppender$AppenderDaemon$$Lambda$489/854952238@48b1091a] WARN  server.GrpcLogAppender (GrpcLogAppender.java:mayWait(143)) - a3deabaa-6f33-4549-9afe-d811f1beb6dc@group-947CD9AE92AF->e2538fa5-58a8-4aba-9576-486ea31efcb2-GrpcLogAppender: Wait interrupted by java.lang.InterruptedException
2019-09-12 14:27:26,192 [org.apache.ratis.server.impl.LogAppender$AppenderDaemon$$Lambda$489/854952238@57534a7a] WARN  server.GrpcLogAppender (GrpcLogAppender.java:mayWait(143)) - a3deabaa-6f33-4549-9afe-d811f1beb6dc@group-947CD9AE92AF->c26651e2-a96c-4010-919f-87a827874a5b-GrpcLogAppender: Wait interrupted by java.lang.InterruptedException
2019-09-12 14:27:26,195 [grpc-default-executor-6] INFO  server.GrpcServerProtocolService (GrpcServerProtocolService.java:onCompleted(113)) - e2538fa5-58a8-4aba-9576-486ea31efcb2: Completed APPEND_ENTRIES, lastRequest: a3deabaa-6f33-4549-9afe-d811f1beb6dc->e2538fa5-58a8-4aba-9576-486ea31efcb2#87-t1, previous=(t:1, i:12), leaderCommit=6, initializing? false, entries: <empty>
2019-09-12 14:27:26,195 [grpc-default-executor-5] INFO  server.GrpcServerProtocolService (GrpcServerProtocolService.java:onCompleted(113)) - c26651e2-a96c-4010-919f-87a827874a5b: Completed APPEND_ENTRIES, lastRequest: a3deabaa-6f33-4549-9afe-d811f1beb6dc->c26651e2-a96c-4010-919f-87a827874a5b#87-t1, previous=(t:1, i:12), leaderCommit=6, initializing? false, entries: <empty>
2019-09-12 14:27:26,197 [grpc-default-executor-6] INFO  server.GrpcLogAppender (GrpcLogAppender.java:onCompleted(293)) - a3deabaa-6f33-4549-9afe-d811f1beb6dc@group-947CD9AE92AF->e2538fa5-58a8-4aba-9576-486ea31efcb2-AppendLogResponseHandler: follower responses appendEntries COMPLETED
2019-09-12 14:27:26,198 [grpc-default-executor-5] INFO  server.GrpcLogAppender (GrpcLogAppender.java:onCompleted(293)) - a3deabaa-6f33-4549-9afe-d811f1beb6dc@group-947CD9AE92AF->c26651e2-a96c-4010-919f-87a827874a5b-AppendLogResponseHandler: follower responses appendEntries COMPLETED
2019-09-12 14:27:26,199 [grpc-default-executor-6] INFO  impl.FollowerInfo (FollowerInfo.java:lambda$new$0(51)) - a3deabaa-6f33-4549-9afe-d811f1beb6dc@group-947CD9AE92AF->e2538fa5-58a8-4aba-9576-486ea31efcb2: nextIndex: updateUnconditionally 13 -> 7
2019-09-12 14:27:26,199 [grpc-default-executor-5] INFO  impl.FollowerInfo (FollowerInfo.java:lambda$new$0(51)) - a3deabaa-6f33-4549-9afe-d811f1beb6dc@group-947CD9AE92AF->c26651e2-a96c-4010-919f-87a827874a5b: nextIndex: updateUnconditionally 13 -> 7
2019-09-12 14:27:26,207 [grpc-default-executor-1] INFO  impl.StateMachineUpdater (StateMachineUpdater.java:stopAndJoin(125)) - a3deabaa-6f33-4549-9afe-d811f1beb6dc@group-947CD9AE92AF-StateMachineUpdater: set stopIndex = 6
2019-09-12 14:27:26,207 [a3deabaa-6f33-4549-9afe-d811f1beb6dc@group-947CD9AE92AF-StateMachineUpdater] INFO  ratis.ContainerStateMachine (ContainerStateMachine.java:takeSnapshot(289)) - group-947CD9AE92AF: Taking a snapshot at:(t:1, i:6) file /workdir/hadoop-ozone/integration-test/target/test-dir/MiniOzoneClusterImpl-41377667-f0d9-4871-9116-d36166c13ac1/datanode-6/data/ratis/ba2e6536-2ad5-4e3a-8ecf-947cd9ae92af/sm/snapshot.1_6
2019-09-12 14:27:26,225 [a3deabaa-6f33-4549-9afe-d811f1beb6dc@group-947CD9AE92AF-StateMachineUpdater] INFO  ratis.ContainerStateMachine (ContainerStateMachine.java:takeSnapshot(300)) - group-947CD9AE92AF: Finished taking a snapshot at:(t:1, i:6) file:/workdir/hadoop-ozone/integration-test/target/test-dir/MiniOzoneClusterImpl-41377667-f0d9-4871-9116-d36166c13ac1/datanode-6/data/ratis/ba2e6536-2ad5-4e3a-8ecf-947cd9ae92af/sm/snapshot.1_6 time:18
2019-09-12 14:27:26,225 [a3deabaa-6f33-4549-9afe-d811f1beb6dc@group-947CD9AE92AF-StateMachineUpdater] INFO  impl.StateMachineUpdater (StateMachineUpdater.java:takeSnapshot(258)) - a3deabaa-6f33-4549-9afe-d811f1beb6dc@group-947CD9AE92AF-StateMachineUpdater: Took a snapshot at index 6
2019-09-12 14:27:26,225 [a3deabaa-6f33-4549-9afe-d811f1beb6dc@group-947CD9AE92AF-StateMachineUpdater] INFO  impl.StateMachineUpdater (StateMachineUpdater.java:lambda$new$0(83)) - a3deabaa-6f33-4549-9afe-d811f1beb6dc@group-947CD9AE92AF-StateMachineUpdater: snapshotIndex: updateIncreasingly -1 -> 6
2019-09-12 14:27:26,226 [grpc-default-executor-1] INFO  impl.RaftServerImpl (ServerState.java:close(385)) - a3deabaa-6f33-4549-9afe-d811f1beb6dc@group-947CD9AE92AF: closes. applyIndex: 6
2019-09-12 14:27:26,227 [a3deabaa-6f33-4549-9afe-d811f1beb6dc@group-947CD9AE92AF-SegmentedRaftLogWorker] ERROR ratis.XceiverServerRatis (XceiverServerRatis.java:triggerPipelineClose(568)) - pipeline Action CLOSE  on pipeline PipelineID=ba2e6536-2ad5-4e3a-8ecf-947cd9ae92af.Reason : WriteLog:8: (t:1, i:8), STATEMACHINELOGENTRY, client-54609732956C, cid=17-writeStateMachineData interrupted.
2019-09-12 14:27:26,227 [Command processor thread] ERROR commandhandler.CloseContainerCommandHandler (CloseContainerCommandHandler.java:handle(125)) - Can't close container #2
java.io.IOException: org.apache.ratis.protocol.GroupMismatchException: a3deabaa-6f33-4549-9afe-d811f1beb6dc: group-947CD9AE92AF not found.
	at org.apache.hadoop.ozone.container.common.transport.server.ratis.XceiverServerRatis.submitRequest(XceiverServerRatis.java:495)
	at org.apache.hadoop.ozone.container.common.statemachine.commandhandler.CloseContainerCommandHandler.handle(CloseContainerCommandHandler.java:102)
	at org.apache.hadoop.ozone.container.common.statemachine.commandhandler.CommandDispatcher.handle(CommandDispatcher.java:99)
	at org.apache.hadoop.ozone.container.common.statemachine.DatanodeStateMachine.lambda$initCommandHandlerThread$1(DatanodeStateMachine.java:432)
	at java.lang.Thread.run(Thread.java:748)
Caused by: java.util.concurrent.ExecutionException: org.apache.ratis.protocol.GroupMismatchException: a3deabaa-6f33-4549-9afe-d811f1beb6dc: group-947CD9AE92AF not found.
	at java.util.concurrent.CompletableFuture.reportGet(CompletableFuture.java:357)
	at java.util.concurrent.CompletableFuture.get(CompletableFuture.java:1895)
	at org.apache.hadoop.ozone.container.common.transport.server.ratis.XceiverServerRatis.submitRequest(XceiverServerRatis.java:493)
	... 4 more
Caused by: org.apache.ratis.protocol.GroupMismatchException: a3deabaa-6f33-4549-9afe-d811f1beb6dc: group-947CD9AE92AF not found.
	at org.apache.ratis.server.impl.RaftServerProxy$ImplMap.get(RaftServerProxy.java:122)
	at org.apache.ratis.server.impl.RaftServerProxy.getImplFuture(RaftServerProxy.java:269)
	at org.apache.ratis.server.impl.RaftServerProxy.submitRequest(RaftServerProxy.java:327)
	at org.apache.ratis.server.impl.RaftServerProxy.submitClientRequestAsync(RaftServerProxy.java:333)
	... 5 more
2019-09-12 14:27:26,229 [EventQueue-PipelineActionsForPipelineActionHandler] ERROR pipeline.PipelineActionHandler (PipelineActionHandler.java:onMessage(60)) - Received pipeline action CLOSE for Pipeline[ Id: ba2e6536-2ad5-4e3a-8ecf-947cd9ae92af, Nodes: e2538fa5-58a8-4aba-9576-486ea31efcb2{ip: 192.168.5.171, host: pr-hdds-2007-n4wwz-4249666578, networkLocation: /default-rack, certSerialId: null}c26651e2-a96c-4010-919f-87a827874a5b{ip: 192.168.5.171, host: pr-hdds-2007-n4wwz-4249666578, networkLocation: /default-rack, certSerialId: null}a3deabaa-6f33-4549-9afe-d811f1beb6dc{ip: 192.168.5.171, host: pr-hdds-2007-n4wwz-4249666578, networkLocation: /default-rack, certSerialId: null}, Type:RATIS, Factor:THREE, State:CLOSED] from datanode a3deabaa-6f33-4549-9afe-d811f1beb6dc{ip: 192.168.5.171, host: pr-hdds-2007-n4wwz-4249666578, networkLocation: /default-rack, certSerialId: null}. Reason : WriteLog:8: (t:1, i:8), STATEMACHINELOGENTRY, client-54609732956C, cid=17-writeStateMachineData interrupted.
2019-09-12 14:27:26,230 [EventQueue-PipelineActionsForPipelineActionHandler] INFO  pipeline.SCMPipelineManager (SCMPipelineManager.java:finalizeAndDestroyPipeline(311)) - destroying pipeline:Pipeline[ Id: ba2e6536-2ad5-4e3a-8ecf-947cd9ae92af, Nodes: e2538fa5-58a8-4aba-9576-486ea31efcb2{ip: 192.168.5.171, host: pr-hdds-2007-n4wwz-4249666578, networkLocation: /default-rack, certSerialId: null}c26651e2-a96c-4010-919f-87a827874a5b{ip: 192.168.5.171, host: pr-hdds-2007-n4wwz-4249666578, networkLocation: /default-rack, certSerialId: null}a3deabaa-6f33-4549-9afe-d811f1beb6dc{ip: 192.168.5.171, host: pr-hdds-2007-n4wwz-4249666578, networkLocation: /default-rack, certSerialId: null}, Type:RATIS, Factor:THREE, State:CLOSED]
2019-09-12 14:27:26,240 [grpc-default-executor-1] INFO  segmented.SegmentedRaftLogWorker (SegmentedRaftLogWorker.java:close(228)) - a3deabaa-6f33-4549-9afe-d811f1beb6dc@group-947CD9AE92AF-SegmentedRaftLogWorker close()
2019-09-12 14:27:26,269 [grpc-default-executor-1] INFO  interfaces.Container (KeyValueContainer.java:flushAndSyncDB(386)) - Container 1 is synced with bcsId 4.
2019-09-12 14:27:26,270 [grpc-default-executor-1] INFO  interfaces.Container (KeyValueContainer.java:flushAndSyncDB(386)) - Container 1 is synced with bcsId 4.
2019-09-12 14:27:26,367 [grpc-default-executor-1] INFO  interfaces.Container (KeyValueContainer.java:flushAndSyncDB(386)) - Container 2 is synced with bcsId 0.
2019-09-12 14:27:26,367 [grpc-default-executor-1] INFO  interfaces.Container (KeyValueContainer.java:flushAndSyncDB(386)) - Container 2 is synced with bcsId 0.
2019-09-12 14:27:26,391 [RatisPipelineUtilsThread] INFO  pipeline.PipelineStateManager (PipelineStateManager.java:removePipeline(108)) - Pipeline Pipeline[ Id: ba2e6536-2ad5-4e3a-8ecf-947cd9ae92af, Nodes: e2538fa5-58a8-4aba-9576-486ea31efcb2{ip: 192.168.5.171, host: pr-hdds-2007-n4wwz-4249666578, networkLocation: /default-rack, certSerialId: null}c26651e2-a96c-4010-919f-87a827874a5b{ip: 192.168.5.171, host: pr-hdds-2007-n4wwz-4249666578, networkLocation: /default-rack, certSerialId: null}a3deabaa-6f33-4549-9afe-d811f1beb6dc{ip: 192.168.5.171, host: pr-hdds-2007-n4wwz-4249666578, networkLocation: /default-rack, certSerialId: null}, Type:RATIS, Factor:THREE, State:CLOSED] removed from db
2019-09-12 14:27:26,407 [grpc-default-executor-6] INFO  impl.RaftServerProxy (RaftServerProxy.java:addNew(89)) - c26651e2-a96c-4010-919f-87a827874a5b: addNew group-3E8E6CBD8592:[e2538fa5-58a8-4aba-9576-486ea31efcb2:192.168.5.171:42589, a3deabaa-6f33-4549-9afe-d811f1beb6dc:192.168.5.171:38678, c26651e2-a96c-4010-919f-87a827874a5b:192.168.5.171:46803] returns group-3E8E6CBD8592:java.util.concurrent.CompletableFuture@7b943329[Not completed]
2019-09-12 14:27:26,410 [grpc-default-executor-5] INFO  impl.RaftServerProxy (RaftServerProxy.java:addNew(89)) - e2538fa5-58a8-4aba-9576-486ea31efcb2: addNew group-3E8E6CBD8592:[e2538fa5-58a8-4aba-9576-486ea31efcb2:192.168.5.171:42589, a3deabaa-6f33-4549-9afe-d811f1beb6dc:192.168.5.171:38678, c26651e2-a96c-4010-919f-87a827874a5b:192.168.5.171:46803] returns group-3E8E6CBD8592:java.util.concurrent.CompletableFuture@6aa173f[Not completed]
2019-09-12 14:27:26,413 [grpc-default-executor-5] INFO  impl.RaftServerProxy (RaftServerProxy.java:addNew(89)) - a3deabaa-6f33-4549-9afe-d811f1beb6dc: addNew group-3E8E6CBD8592:[e2538fa5-58a8-4aba-9576-486ea31efcb2:192.168.5.171:42589, a3deabaa-6f33-4549-9afe-d811f1beb6dc:192.168.5.171:38678, c26651e2-a96c-4010-919f-87a827874a5b:192.168.5.171:46803] returns group-3E8E6CBD8592:java.util.concurrent.CompletableFuture@17a67487[Not completed]
2019-09-12 14:27:26,414 [pool-77-thread-1] INFO  impl.RaftServerImpl (RaftServerImpl.java:<init>(95)) - e2538fa5-58a8-4aba-9576-486ea31efcb2: new RaftServerImpl for group-3E8E6CBD8592:[e2538fa5-58a8-4aba-9576-486ea31efcb2:192.168.5.171:42589, a3deabaa-6f33-4549-9afe-d811f1beb6dc:192.168.5.171:38678, c26651e2-a96c-4010-919f-87a827874a5b:192.168.5.171:46803] with ContainerStateMachine:uninitialized
2019-09-12 14:27:26,414 [pool-77-thread-1] INFO  server.RaftServerConfigKeys (ConfUtils.java:logGet(43)) - raft.server.rpc.timeout.min = 5s (custom)
2019-09-12 14:27:26,414 [pool-77-thread-1] INFO  server.RaftServerConfigKeys (ConfUtils.java:logGet(43)) - raft.server.rpc.timeout.max = 5200ms (custom)
2019-09-12 14:27:26,414 [pool-77-thread-1] INFO  server.RaftServerConfigKeys (ConfUtils.java:logGet(43)) - raft.server.rpcslowness.timeout = 120s (custom)
2019-09-12 14:27:26,414 [pool-77-thread-1] INFO  server.RaftServerConfigKeys (ConfUtils.java:logGet(43)) - raft.server.sleep.deviation.threshold = 300 (default)
2019-09-12 14:27:26,414 [pool-77-thread-1] INFO  server.RaftServerConfigKeys (ConfUtils.java:logGet(43)) - raft.server.log.appender.install.snapshot.enabled = false (custom)
2019-09-12 14:27:26,415 [pool-77-thread-1] INFO  impl.RaftServerImpl (ServerState.java:<init>(103)) - e2538fa5-58a8-4aba-9576-486ea31efcb2@group-3E8E6CBD8592: ConfigurationManager, init=-1: [e2538fa5-58a8-4aba-9576-486ea31efcb2:192.168.5.171:42589, a3deabaa-6f33-4549-9afe-d811f1beb6dc:192.168.5.171:38678, c26651e2-a96c-4010-919f-87a827874a5b:192.168.5.171:46803], old=null, confs=<EMPTY_MAP>
2019-09-12 14:27:26,415 [pool-77-thread-1] INFO  server.RaftServerConfigKeys (ConfUtils.java:logGet(43)) - raft.server.storage.dir = [/workdir/hadoop-ozone/integration-test/target/test-dir/MiniOzoneClusterImpl-41377667-f0d9-4871-9116-d36166c13ac1/datanode-5/data/ratis] (custom)
2019-09-12 14:27:26,415 [pool-77-thread-1] INFO  storage.RaftStorageDirectory (RaftStorageDirectory.java:analyzeStorage(246)) - The storage directory /workdir/hadoop-ozone/integration-test/target/test-dir/MiniOzoneClusterImpl-41377667-f0d9-4871-9116-d36166c13ac1/datanode-5/data/ratis/956661f3-60ec-4db1-ba7e-3e8e6cbd8592 does not exist. Creating ...
2019-09-12 14:27:26,416 [pool-87-thread-1] INFO  impl.RaftServerImpl (RaftServerImpl.java:<init>(95)) - a3deabaa-6f33-4549-9afe-d811f1beb6dc: new RaftServerImpl for group-3E8E6CBD8592:[e2538fa5-58a8-4aba-9576-486ea31efcb2:192.168.5.171:42589, a3deabaa-6f33-4549-9afe-d811f1beb6dc:192.168.5.171:38678, c26651e2-a96c-4010-919f-87a827874a5b:192.168.5.171:46803] with ContainerStateMachine:uninitialized
2019-09-12 14:27:26,416 [pool-87-thread-1] INFO  server.RaftServerConfigKeys (ConfUtils.java:logGet(43)) - raft.server.rpc.timeout.min = 5s (custom)
2019-09-12 14:27:26,416 [pool-87-thread-1] INFO  server.RaftServerConfigKeys (ConfUtils.java:logGet(43)) - raft.server.rpc.timeout.max = 5200ms (custom)
2019-09-12 14:27:26,416 [pool-87-thread-1] INFO  server.RaftServerConfigKeys (ConfUtils.java:logGet(43)) - raft.server.rpcslowness.timeout = 120s (custom)
2019-09-12 14:27:26,417 [pool-27-thread-1] INFO  impl.RaftServerImpl (RaftServerImpl.java:<init>(95)) - c26651e2-a96c-4010-919f-87a827874a5b: new RaftServerImpl for group-3E8E6CBD8592:[e2538fa5-58a8-4aba-9576-486ea31efcb2:192.168.5.171:42589, a3deabaa-6f33-4549-9afe-d811f1beb6dc:192.168.5.171:38678, c26651e2-a96c-4010-919f-87a827874a5b:192.168.5.171:46803] with ContainerStateMachine:uninitialized
2019-09-12 14:27:26,417 [pool-87-thread-1] INFO  server.RaftServerConfigKeys (ConfUtils.java:logGet(43)) - raft.server.sleep.deviation.threshold = 300 (default)
2019-09-12 14:27:26,417 [pool-27-thread-1] INFO  server.RaftServerConfigKeys (ConfUtils.java:logGet(43)) - raft.server.rpc.timeout.min = 5s (custom)
2019-09-12 14:27:26,417 [pool-87-thread-1] INFO  server.RaftServerConfigKeys (ConfUtils.java:logGet(43)) - raft.server.log.appender.install.snapshot.enabled = false (custom)
2019-09-12 14:27:26,417 [pool-27-thread-1] INFO  server.RaftServerConfigKeys (ConfUtils.java:logGet(43)) - raft.server.rpc.timeout.max = 5200ms (custom)
2019-09-12 14:27:26,417 [pool-87-thread-1] INFO  impl.RaftServerImpl (ServerState.java:<init>(103)) - a3deabaa-6f33-4549-9afe-d811f1beb6dc@group-3E8E6CBD8592: ConfigurationManager, init=-1: [e2538fa5-58a8-4aba-9576-486ea31efcb2:192.168.5.171:42589, a3deabaa-6f33-4549-9afe-d811f1beb6dc:192.168.5.171:38678, c26651e2-a96c-4010-919f-87a827874a5b:192.168.5.171:46803], old=null, confs=<EMPTY_MAP>
2019-09-12 14:27:26,417 [pool-27-thread-1] INFO  server.RaftServerConfigKeys (ConfUtils.java:logGet(43)) - raft.server.rpcslowness.timeout = 120s (custom)
2019-09-12 14:27:26,418 [pool-87-thread-1] INFO  server.RaftServerConfigKeys (ConfUtils.java:logGet(43)) - raft.server.storage.dir = [/workdir/hadoop-ozone/integration-test/target/test-dir/MiniOzoneClusterImpl-41377667-f0d9-4871-9116-d36166c13ac1/datanode-6/data/ratis] (custom)
2019-09-12 14:27:26,418 [pool-27-thread-1] INFO  server.RaftServerConfigKeys (ConfUtils.java:logGet(43)) - raft.server.sleep.deviation.threshold = 300 (default)
2019-09-12 14:27:26,418 [pool-27-thread-1] INFO  server.RaftServerConfigKeys (ConfUtils.java:logGet(43)) - raft.server.log.appender.install.snapshot.enabled = false (custom)
2019-09-12 14:27:26,418 [pool-27-thread-1] INFO  impl.RaftServerImpl (ServerState.java:<init>(103)) - c26651e2-a96c-4010-919f-87a827874a5b@group-3E8E6CBD8592: ConfigurationManager, init=-1: [e2538fa5-58a8-4aba-9576-486ea31efcb2:192.168.5.171:42589, a3deabaa-6f33-4549-9afe-d811f1beb6dc:192.168.5.171:38678, c26651e2-a96c-4010-919f-87a827874a5b:192.168.5.171:46803], old=null, confs=<EMPTY_MAP>
2019-09-12 14:27:26,418 [pool-87-thread-1] INFO  storage.RaftStorageDirectory (RaftStorageDirectory.java:analyzeStorage(246)) - The storage directory /workdir/hadoop-ozone/integration-test/target/test-dir/MiniOzoneClusterImpl-41377667-f0d9-4871-9116-d36166c13ac1/datanode-6/data/ratis/956661f3-60ec-4db1-ba7e-3e8e6cbd8592 does not exist. Creating ...
2019-09-12 14:27:26,418 [pool-27-thread-1] INFO  server.RaftServerConfigKeys (ConfUtils.java:logGet(43)) - raft.server.storage.dir = [/workdir/hadoop-ozone/integration-test/target/test-dir/MiniOzoneClusterImpl-41377667-f0d9-4871-9116-d36166c13ac1/datanode-0/data/ratis] (custom)
2019-09-12 14:27:26,419 [pool-27-thread-1] INFO  storage.RaftStorageDirectory (RaftStorageDirectory.java:analyzeStorage(246)) - The storage directory /workdir/hadoop-ozone/integration-test/target/test-dir/MiniOzoneClusterImpl-41377667-f0d9-4871-9116-d36166c13ac1/datanode-0/data/ratis/956661f3-60ec-4db1-ba7e-3e8e6cbd8592 does not exist. Creating ...
2019-09-12 14:27:26,443 [pool-27-thread-1] INFO  storage.RaftStorageDirectory (RaftStorageDirectory.java:tryLock(328)) - Lock on /workdir/hadoop-ozone/integration-test/target/test-dir/MiniOzoneClusterImpl-41377667-f0d9-4871-9116-d36166c13ac1/datanode-0/data/ratis/956661f3-60ec-4db1-ba7e-3e8e6cbd8592/in_use.lock acquired by nodename 8570@pr-hdds-2007-n4wwz-4249666578
2019-09-12 14:27:26,443 [pool-87-thread-1] INFO  storage.RaftStorageDirectory (RaftStorageDirectory.java:tryLock(328)) - Lock on /workdir/hadoop-ozone/integration-test/target/test-dir/MiniOzoneClusterImpl-41377667-f0d9-4871-9116-d36166c13ac1/datanode-6/data/ratis/956661f3-60ec-4db1-ba7e-3e8e6cbd8592/in_use.lock acquired by nodename 8570@pr-hdds-2007-n4wwz-4249666578
2019-09-12 14:27:26,443 [pool-77-thread-1] INFO  storage.RaftStorageDirectory (RaftStorageDirectory.java:tryLock(328)) - Lock on /workdir/hadoop-ozone/integration-test/target/test-dir/MiniOzoneClusterImpl-41377667-f0d9-4871-9116-d36166c13ac1/datanode-5/data/ratis/956661f3-60ec-4db1-ba7e-3e8e6cbd8592/in_use.lock acquired by nodename 8570@pr-hdds-2007-n4wwz-4249666578
2019-09-12 14:27:26,482 [pool-77-thread-1] INFO  storage.RaftStorage (RaftStorage.java:format(72)) - Storage directory /workdir/hadoop-ozone/integration-test/target/test-dir/MiniOzoneClusterImpl-41377667-f0d9-4871-9116-d36166c13ac1/datanode-5/data/ratis/956661f3-60ec-4db1-ba7e-3e8e6cbd8592 has been successfully formatted.
2019-09-12 14:27:26,482 [pool-87-thread-1] INFO  storage.RaftStorage (RaftStorage.java:format(72)) - Storage directory /workdir/hadoop-ozone/integration-test/target/test-dir/MiniOzoneClusterImpl-41377667-f0d9-4871-9116-d36166c13ac1/datanode-6/data/ratis/956661f3-60ec-4db1-ba7e-3e8e6cbd8592 has been successfully formatted.
2019-09-12 14:27:26,482 [pool-27-thread-1] INFO  storage.RaftStorage (RaftStorage.java:format(72)) - Storage directory /workdir/hadoop-ozone/integration-test/target/test-dir/MiniOzoneClusterImpl-41377667-f0d9-4871-9116-d36166c13ac1/datanode-0/data/ratis/956661f3-60ec-4db1-ba7e-3e8e6cbd8592 has been successfully formatted.
2019-09-12 14:27:26,482 [pool-77-thread-1] INFO  ratis.ContainerStateMachine (ContainerStateMachine.java:loadSnapshot(230)) - group-3E8E6CBD8592: The snapshot info is null. Setting the last applied indexto:(t:0, i:~)
2019-09-12 14:27:26,482 [pool-87-thread-1] INFO  ratis.ContainerStateMachine (ContainerStateMachine.java:loadSnapshot(230)) - group-3E8E6CBD8592: The snapshot info is null. Setting the last applied indexto:(t:0, i:~)
2019-09-12 14:27:26,483 [pool-77-thread-1] INFO  server.RaftServerConfigKeys (ConfUtils.java:logGet(43)) - raft.server.notification.no-leader.timeout = 120s (custom)
2019-09-12 14:27:26,482 [pool-27-thread-1] INFO  ratis.ContainerStateMachine (ContainerStateMachine.java:loadSnapshot(230)) - group-3E8E6CBD8592: The snapshot info is null. Setting the last applied indexto:(t:0, i:~)
2019-09-12 14:27:26,483 [pool-77-thread-1] INFO  server.RaftServerConfigKeys (ConfUtils.java:logGet(43)) - raft.server.log.use.memory = false (default)
2019-09-12 14:27:26,483 [pool-87-thread-1] INFO  server.RaftServerConfigKeys (ConfUtils.java:logGet(43)) - raft.server.notification.no-leader.timeout = 120s (custom)
2019-09-12 14:27:26,483 [pool-77-thread-1] INFO  server.RaftServerConfigKeys (ConfUtils.java:logGet(43)) - raft.server.log.purge.gap = 1000000 (custom)
2019-09-12 14:27:26,483 [pool-27-thread-1] INFO  server.RaftServerConfigKeys (ConfUtils.java:logGet(43)) - raft.server.notification.no-leader.timeout = 120s (custom)
2019-09-12 14:27:26,484 [pool-77-thread-1] INFO  server.RaftServerConfigKeys (ConfUtils.java:logGet(43)) - raft.server.log.appender.buffer.byte-limit = 33554432 (custom)
2019-09-12 14:27:26,483 [pool-87-thread-1] INFO  server.RaftServerConfigKeys (ConfUtils.java:logGet(43)) - raft.server.log.use.memory = false (default)
2019-09-12 14:27:26,484 [pool-77-thread-1] INFO  server.RaftServerConfigKeys (ConfUtils.java:logGet(43)) - raft.server.log.segment.size.max = 1048576 (custom)
2019-09-12 14:27:26,484 [pool-27-thread-1] INFO  server.RaftServerConfigKeys (ConfUtils.java:logGet(43)) - raft.server.log.use.memory = false (default)
2019-09-12 14:27:26,484 [pool-77-thread-1] INFO  server.RaftServerConfigKeys (ConfUtils.java:logGet(43)) - raft.server.log.segment.cache.num.max = 2 (custom)
2019-09-12 14:27:26,484 [pool-87-thread-1] INFO  server.RaftServerConfigKeys (ConfUtils.java:logGet(43)) - raft.server.log.purge.gap = 1000000 (custom)
2019-09-12 14:27:26,484 [pool-77-thread-1] INFO  segmented.SegmentedRaftLogWorker (SegmentedRaftLogWorker.java:<init>(172)) - new e2538fa5-58a8-4aba-9576-486ea31efcb2@group-3E8E6CBD8592-SegmentedRaftLogWorker for RaftStorage:Storage Directory /workdir/hadoop-ozone/integration-test/target/test-dir/MiniOzoneClusterImpl-41377667-f0d9-4871-9116-d36166c13ac1/datanode-5/data/ratis/956661f3-60ec-4db1-ba7e-3e8e6cbd8592
2019-09-12 14:27:26,484 [pool-27-thread-1] INFO  server.RaftServerConfigKeys (ConfUtils.java:logGet(43)) - raft.server.log.purge.gap = 1000000 (custom)
2019-09-12 14:27:26,485 [pool-77-thread-1] INFO  server.RaftServerConfigKeys (ConfUtils.java:logGet(43)) - raft.server.log.queue.byte-limit = 2147483647 (custom)
2019-09-12 14:27:26,485 [pool-87-thread-1] INFO  server.RaftServerConfigKeys (ConfUtils.java:logGet(43)) - raft.server.log.appender.buffer.byte-limit = 33554432 (custom)
2019-09-12 14:27:26,485 [pool-77-thread-1] INFO  server.RaftServerConfigKeys (ConfUtils.java:logGet(43)) - raft.server.log.queue.element-limit = 1024 (custom)
2019-09-12 14:27:26,485 [pool-27-thread-1] INFO  server.RaftServerConfigKeys (ConfUtils.java:logGet(43)) - raft.server.log.appender.buffer.byte-limit = 33554432 (custom)
2019-09-12 14:27:26,485 [pool-77-thread-1] INFO  server.RaftServerConfigKeys (ConfUtils.java:logGet(43)) - raft.server.log.segment.size.max = 1048576 (custom)
2019-09-12 14:27:26,485 [pool-87-thread-1] INFO  server.RaftServerConfigKeys (ConfUtils.java:logGet(43)) - raft.server.log.segment.size.max = 1048576 (custom)
2019-09-12 14:27:26,486 [pool-77-thread-1] INFO  server.RaftServerConfigKeys (ConfUtils.java:logGet(43)) - raft.server.log.preallocated.size = 16384 (custom)
2019-09-12 14:27:26,486 [pool-27-thread-1] INFO  server.RaftServerConfigKeys (ConfUtils.java:logGet(43)) - raft.server.log.segment.size.max = 1048576 (custom)
2019-09-12 14:27:26,486 [pool-77-thread-1] INFO  server.RaftServerConfigKeys (ConfUtils.java:logGet(43)) - raft.server.log.write.buffer.size = 33554432 (custom)
2019-09-12 14:27:26,486 [pool-77-thread-1] INFO  server.RaftServerConfigKeys (ConfUtils.java:logGet(43)) - raft.server.log.force.sync.num = 128 (default)
2019-09-12 14:27:26,486 [pool-87-thread-1] INFO  server.RaftServerConfigKeys (ConfUtils.java:logGet(43)) - raft.server.log.segment.cache.num.max = 2 (custom)
2019-09-12 14:27:26,487 [pool-77-thread-1] INFO  server.RaftServerConfigKeys (ConfUtils.java:logGet(43)) - raft.server.log.statemachine.data.sync = true (default)
2019-09-12 14:27:26,487 [pool-77-thread-1] INFO  server.RaftServerConfigKeys (ConfUtils.java:logGet(43)) - raft.server.log.statemachine.data.sync.timeout = 10s (default)
2019-09-12 14:27:26,486 [pool-27-thread-1] INFO  server.RaftServerConfigKeys (ConfUtils.java:logGet(43)) - raft.server.log.segment.cache.num.max = 2 (custom)
2019-09-12 14:27:26,487 [pool-77-thread-1] INFO  server.RaftServerConfigKeys (ConfUtils.java:logGet(43)) - raft.server.log.statemachine.data.sync.timeout.retry = -1 (default)
2019-09-12 14:27:26,487 [pool-87-thread-1] INFO  segmented.SegmentedRaftLogWorker (SegmentedRaftLogWorker.java:<init>(172)) - new a3deabaa-6f33-4549-9afe-d811f1beb6dc@group-3E8E6CBD8592-SegmentedRaftLogWorker for RaftStorage:Storage Directory /workdir/hadoop-ozone/integration-test/target/test-dir/MiniOzoneClusterImpl-41377667-f0d9-4871-9116-d36166c13ac1/datanode-6/data/ratis/956661f3-60ec-4db1-ba7e-3e8e6cbd8592
2019-09-12 14:27:26,488 [pool-77-thread-1] INFO  server.RaftServerConfigKeys (ConfUtils.java:logGet(43)) - raft.server.log.statemachine.data.caching.enabled = true (custom)
2019-09-12 14:27:26,487 [pool-27-thread-1] INFO  segmented.SegmentedRaftLogWorker (SegmentedRaftLogWorker.java:<init>(172)) - new c26651e2-a96c-4010-919f-87a827874a5b@group-3E8E6CBD8592-SegmentedRaftLogWorker for RaftStorage:Storage Directory /workdir/hadoop-ozone/integration-test/target/test-dir/MiniOzoneClusterImpl-41377667-f0d9-4871-9116-d36166c13ac1/datanode-0/data/ratis/956661f3-60ec-4db1-ba7e-3e8e6cbd8592
2019-09-12 14:27:26,488 [pool-87-thread-1] INFO  server.RaftServerConfigKeys (ConfUtils.java:logGet(43)) - raft.server.log.queue.byte-limit = 2147483647 (custom)
2019-09-12 14:27:26,488 [pool-77-thread-1] INFO  segmented.SegmentedRaftLogWorker (SegmentedRaftLogWorker.java:lambda$new$0(132)) - e2538fa5-58a8-4aba-9576-486ea31efcb2@group-3E8E6CBD8592-SegmentedRaftLogWorker: flushIndex: setUnconditionally 0 -> -1
2019-09-12 14:27:26,488 [pool-27-thread-1] INFO  server.RaftServerConfigKeys (ConfUtils.java:logGet(43)) - raft.server.log.queue.byte-limit = 2147483647 (custom)
2019-09-12 14:27:26,488 [pool-87-thread-1] INFO  server.RaftServerConfigKeys (ConfUtils.java:logGet(43)) - raft.server.log.queue.element-limit = 1024 (custom)
2019-09-12 14:27:26,488 [pool-27-thread-1] INFO  server.RaftServerConfigKeys (ConfUtils.java:logGet(43)) - raft.server.log.queue.element-limit = 1024 (custom)
2019-09-12 14:27:26,488 [pool-77-thread-1] INFO  server.RaftServerConfigKeys (ConfUtils.java:logGet(43)) - raft.server.snapshot.auto.trigger.enabled = true (custom)
2019-09-12 14:27:26,489 [pool-27-thread-1] INFO  server.RaftServerConfigKeys (ConfUtils.java:logGet(43)) - raft.server.log.segment.size.max = 1048576 (custom)
2019-09-12 14:27:26,489 [pool-87-thread-1] INFO  server.RaftServerConfigKeys (ConfUtils.java:logGet(43)) - raft.server.log.segment.size.max = 1048576 (custom)
2019-09-12 14:27:26,489 [pool-27-thread-1] INFO  server.RaftServerConfigKeys (ConfUtils.java:logGet(43)) - raft.server.log.preallocated.size = 16384 (custom)
2019-09-12 14:27:26,489 [pool-77-thread-1] INFO  server.RaftServerConfigKeys (ConfUtils.java:logGet(43)) - raft.server.snapshot.auto.trigger.threshold = 10000 (custom)
2019-09-12 14:27:26,489 [pool-27-thread-1] INFO  server.RaftServerConfigKeys (ConfUtils.java:logGet(43)) - raft.server.log.write.buffer.size = 33554432 (custom)
2019-09-12 14:27:26,489 [pool-87-thread-1] INFO  server.RaftServerConfigKeys (ConfUtils.java:logGet(43)) - raft.server.log.preallocated.size = 16384 (custom)
2019-09-12 14:27:26,490 [pool-27-thread-1] INFO  server.RaftServerConfigKeys (ConfUtils.java:logGet(43)) - raft.server.log.force.sync.num = 128 (default)
2019-09-12 14:27:26,490 [pool-77-thread-1] INFO  server.RaftServerConfigKeys (ConfUtils.java:logGet(43)) - raft.server.snapshot.retention.num.files = -1 (default)
2019-09-12 14:27:26,490 [pool-27-thread-1] INFO  server.RaftServerConfigKeys (ConfUtils.java:logGet(43)) - raft.server.log.statemachine.data.sync = true (default)
2019-09-12 14:27:26,490 [pool-87-thread-1] INFO  server.RaftServerConfigKeys (ConfUtils.java:logGet(43)) - raft.server.log.write.buffer.size = 33554432 (custom)
2019-09-12 14:27:26,490 [pool-27-thread-1] INFO  server.RaftServerConfigKeys (ConfUtils.java:logGet(43)) - raft.server.log.statemachine.data.sync.timeout = 10s (default)
2019-09-12 14:27:26,490 [pool-77-thread-1] INFO  server.RaftServerConfigKeys (ConfUtils.java:logGet(43)) - raft.server.retrycache.expirytime = 600000ms (custom)
2019-09-12 14:27:26,491 [pool-27-thread-1] INFO  server.RaftServerConfigKeys (ConfUtils.java:logGet(43)) - raft.server.log.statemachine.data.sync.timeout.retry = -1 (default)
2019-09-12 14:27:26,490 [pool-87-thread-1] INFO  server.RaftServerConfigKeys (ConfUtils.java:logGet(43)) - raft.server.log.force.sync.num = 128 (default)
2019-09-12 14:27:26,491 [pool-27-thread-1] INFO  server.RaftServerConfigKeys (ConfUtils.java:logGet(43)) - raft.server.log.statemachine.data.caching.enabled = true (custom)
2019-09-12 14:27:26,491 [pool-87-thread-1] INFO  server.RaftServerConfigKeys (ConfUtils.java:logGet(43)) - raft.server.log.statemachine.data.sync = true (default)
2019-09-12 14:27:26,491 [pool-27-thread-1] INFO  segmented.SegmentedRaftLogWorker (SegmentedRaftLogWorker.java:lambda$new$0(132)) - c26651e2-a96c-4010-919f-87a827874a5b@group-3E8E6CBD8592-SegmentedRaftLogWorker: flushIndex: setUnconditionally 0 -> -1
2019-09-12 14:27:26,491 [pool-87-thread-1] INFO  server.RaftServerConfigKeys (ConfUtils.java:logGet(43)) - raft.server.log.statemachine.data.sync.timeout = 10s (default)
2019-09-12 14:27:26,492 [pool-87-thread-1] INFO  server.RaftServerConfigKeys (ConfUtils.java:logGet(43)) - raft.server.log.statemachine.data.sync.timeout.retry = -1 (default)
2019-09-12 14:27:26,492 [pool-27-thread-1] INFO  server.RaftServerConfigKeys (ConfUtils.java:logGet(43)) - raft.server.snapshot.auto.trigger.enabled = true (custom)
2019-09-12 14:27:26,492 [pool-87-thread-1] INFO  server.RaftServerConfigKeys (ConfUtils.java:logGet(43)) - raft.server.log.statemachine.data.caching.enabled = true (custom)
2019-09-12 14:27:26,492 [pool-27-thread-1] INFO  server.RaftServerConfigKeys (ConfUtils.java:logGet(43)) - raft.server.snapshot.auto.trigger.threshold = 10000 (custom)
2019-09-12 14:27:26,492 [pool-27-thread-1] INFO  server.RaftServerConfigKeys (ConfUtils.java:logGet(43)) - raft.server.snapshot.retention.num.files = -1 (default)
2019-09-12 14:27:26,493 [pool-87-thread-1] INFO  segmented.SegmentedRaftLogWorker (SegmentedRaftLogWorker.java:lambda$new$0(132)) - a3deabaa-6f33-4549-9afe-d811f1beb6dc@group-3E8E6CBD8592-SegmentedRaftLogWorker: flushIndex: setUnconditionally 0 -> -1
2019-09-12 14:27:26,493 [pool-27-thread-1] INFO  server.RaftServerConfigKeys (ConfUtils.java:logGet(43)) - raft.server.retrycache.expirytime = 600000ms (custom)
2019-09-12 14:27:26,493 [pool-87-thread-1] INFO  server.RaftServerConfigKeys (ConfUtils.java:logGet(43)) - raft.server.snapshot.auto.trigger.enabled = true (custom)
2019-09-12 14:27:26,493 [pool-87-thread-1] INFO  server.RaftServerConfigKeys (ConfUtils.java:logGet(43)) - raft.server.snapshot.auto.trigger.threshold = 10000 (custom)
2019-09-12 14:27:26,493 [pool-87-thread-1] INFO  server.RaftServerConfigKeys (ConfUtils.java:logGet(43)) - raft.server.snapshot.retention.num.files = -1 (default)
2019-09-12 14:27:26,494 [pool-87-thread-1] INFO  server.RaftServerConfigKeys (ConfUtils.java:logGet(43)) - raft.server.retrycache.expirytime = 600000ms (custom)
2019-09-12 14:27:26,494 [pool-77-thread-1] INFO  impl.RaftServerImpl (RaftServerImpl.java:start(185)) - e2538fa5-58a8-4aba-9576-486ea31efcb2@group-3E8E6CBD8592: start as a follower, conf=-1: [e2538fa5-58a8-4aba-9576-486ea31efcb2:192.168.5.171:42589, a3deabaa-6f33-4549-9afe-d811f1beb6dc:192.168.5.171:38678, c26651e2-a96c-4010-919f-87a827874a5b:192.168.5.171:46803], old=null
2019-09-12 14:27:26,494 [pool-77-thread-1] INFO  impl.RaftServerImpl (RaftServerImpl.java:setRole(174)) - e2538fa5-58a8-4aba-9576-486ea31efcb2@group-3E8E6CBD8592: changes role from      null to FOLLOWER at term 0 for startAsFollower
2019-09-12 14:27:26,495 [pool-77-thread-1] INFO  impl.RoleInfo (RoleInfo.java:updateAndGet(143)) - e2538fa5-58a8-4aba-9576-486ea31efcb2: start FollowerState
2019-09-12 14:27:26,495 [pool-77-thread-1] INFO  util.JmxRegister (JmxRegister.java:tryRegister(44)) - Successfully registered JMX Bean with object name Ratis:service=RaftServer,group=group-3E8E6CBD8592,id=e2538fa5-58a8-4aba-9576-486ea31efcb2
2019-09-12 14:27:26,497 [pool-27-thread-1] INFO  impl.RaftServerImpl (RaftServerImpl.java:start(185)) - c26651e2-a96c-4010-919f-87a827874a5b@group-3E8E6CBD8592: start as a follower, conf=-1: [e2538fa5-58a8-4aba-9576-486ea31efcb2:192.168.5.171:42589, a3deabaa-6f33-4549-9afe-d811f1beb6dc:192.168.5.171:38678, c26651e2-a96c-4010-919f-87a827874a5b:192.168.5.171:46803], old=null
2019-09-12 14:27:26,497 [pool-27-thread-1] INFO  impl.RaftServerImpl (RaftServerImpl.java:setRole(174)) - c26651e2-a96c-4010-919f-87a827874a5b@group-3E8E6CBD8592: changes role from      null to FOLLOWER at term 0 for startAsFollower
2019-09-12 14:27:26,500 [pool-27-thread-1] INFO  impl.RoleInfo (RoleInfo.java:updateAndGet(143)) - c26651e2-a96c-4010-919f-87a827874a5b: start FollowerState
2019-09-12 14:27:26,501 [pool-27-thread-1] INFO  util.JmxRegister (JmxRegister.java:tryRegister(44)) - Successfully registered JMX Bean with object name Ratis:service=RaftServer,group=group-3E8E6CBD8592,id=c26651e2-a96c-4010-919f-87a827874a5b
2019-09-12 14:27:26,502 [pool-87-thread-1] INFO  impl.RaftServerImpl (RaftServerImpl.java:start(185)) - a3deabaa-6f33-4549-9afe-d811f1beb6dc@group-3E8E6CBD8592: start as a follower, conf=-1: [e2538fa5-58a8-4aba-9576-486ea31efcb2:192.168.5.171:42589, a3deabaa-6f33-4549-9afe-d811f1beb6dc:192.168.5.171:38678, c26651e2-a96c-4010-919f-87a827874a5b:192.168.5.171:46803], old=null
2019-09-12 14:27:26,502 [pool-87-thread-1] INFO  impl.RaftServerImpl (RaftServerImpl.java:setRole(174)) - a3deabaa-6f33-4549-9afe-d811f1beb6dc@group-3E8E6CBD8592: changes role from      null to FOLLOWER at term 0 for startAsFollower
2019-09-12 14:27:26,505 [pool-87-thread-1] INFO  impl.RoleInfo (RoleInfo.java:updateAndGet(143)) - a3deabaa-6f33-4549-9afe-d811f1beb6dc: start FollowerState
2019-09-12 14:27:26,505 [pool-87-thread-1] INFO  util.JmxRegister (JmxRegister.java:tryRegister(44)) - Successfully registered JMX Bean with object name Ratis:service=RaftServer,group=group-3E8E6CBD8592,id=a3deabaa-6f33-4549-9afe-d811f1beb6dc
2019-09-12 14:27:26,510 [RatisPipelineUtilsThread] INFO  pipeline.PipelineStateManager (PipelineStateManager.java:addPipeline(56)) - Created pipeline Pipeline[ Id: 956661f3-60ec-4db1-ba7e-3e8e6cbd8592, Nodes: e2538fa5-58a8-4aba-9576-486ea31efcb2{ip: 192.168.5.171, host: pr-hdds-2007-n4wwz-4249666578, networkLocation: /default-rack, certSerialId: null}c26651e2-a96c-4010-919f-87a827874a5b{ip: 192.168.5.171, host: pr-hdds-2007-n4wwz-4249666578, networkLocation: /default-rack, certSerialId: null}a3deabaa-6f33-4549-9afe-d811f1beb6dc{ip: 192.168.5.171, host: pr-hdds-2007-n4wwz-4249666578, networkLocation: /default-rack, certSerialId: null}, Type:RATIS, Factor:THREE, State:OPEN]
2019-09-12 14:27:26,625 [main] WARN  io.KeyOutputStream (KeyOutputStream.java:handleException(276)) - Encountered exception java.io.IOException: Unexpected Storage Container Exception: java.util.concurrent.CompletionException: java.util.concurrent.CompletionException: org.apache.ratis.protocol.GroupMismatchException: c26651e2-a96c-4010-919f-87a827874a5b: group-947CD9AE92AF not found. on the pipeline Pipeline[ Id: ba2e6536-2ad5-4e3a-8ecf-947cd9ae92af, Nodes: e2538fa5-58a8-4aba-9576-486ea31efcb2{ip: 192.168.5.171, host: pr-hdds-2007-n4wwz-4249666578, networkLocation: /default-rack, certSerialId: null}c26651e2-a96c-4010-919f-87a827874a5b{ip: 192.168.5.171, host: pr-hdds-2007-n4wwz-4249666578, networkLocation: /default-rack, certSerialId: null}a3deabaa-6f33-4549-9afe-d811f1beb6dc{ip: 192.168.5.171, host: pr-hdds-2007-n4wwz-4249666578, networkLocation: /default-rack, certSerialId: null}, Type:RATIS, Factor:THREE, State:OPEN]. The last committed block length is 0, uncommitted data length is 250 retry count 0
2019-09-12 14:27:26,877 [grpc-default-executor-5] INFO  client.GrpcClientProtocolClient (GrpcClientProtocolClient.java:onNext(264)) - client-7D2E1E56656E->bcc3e11e-89d3-487e-afcb-695fc42cb1ec: receive RaftClientReply:client-7D2E1E56656E->bcc3e11e-89d3-487e-afcb-695fc42cb1ec@group-040665EDC521, cid=27, SUCCESS, logIndex=1, commits[bcc3e11e-89d3-487e-afcb-695fc42cb1ec:c1, da69b118-796d-40d2-bfdb-ce052eae2057:c0, 4c70797c-aa9c-4fe3-b4c9-634758c38799:c0]
2019-09-12 14:27:26,908 [grpc-default-executor-5] INFO  client.GrpcClientProtocolClient (GrpcClientProtocolClient.java:onNext(264)) - client-7D2E1E56656E->bcc3e11e-89d3-487e-afcb-695fc42cb1ec: receive RaftClientReply:client-7D2E1E56656E->bcc3e11e-89d3-487e-afcb-695fc42cb1ec@group-040665EDC521, cid=28, SUCCESS, logIndex=3, commits[bcc3e11e-89d3-487e-afcb-695fc42cb1ec:c6, da69b118-796d-40d2-bfdb-ce052eae2057:c2, 4c70797c-aa9c-4fe3-b4c9-634758c38799:c2]
2019-09-12 14:27:26,970 [grpc-default-executor-1] INFO  client.GrpcClientProtocolClient (GrpcClientProtocolClient.java:onNext(264)) - client-7D2E1E56656E->bcc3e11e-89d3-487e-afcb-695fc42cb1ec: receive RaftClientReply:client-7D2E1E56656E->bcc3e11e-89d3-487e-afcb-695fc42cb1ec@group-040665EDC521, cid=29, SUCCESS, logIndex=4, commits[bcc3e11e-89d3-487e-afcb-695fc42cb1ec:c10, da69b118-796d-40d2-bfdb-ce052eae2057:c6, 4c70797c-aa9c-4fe3-b4c9-634758c38799:c6]
2019-09-12 14:27:26,971 [grpc-default-executor-1] INFO  client.GrpcClientProtocolClient (GrpcClientProtocolClient.java:onNext(264)) - client-7D2E1E56656E->bcc3e11e-89d3-487e-afcb-695fc42cb1ec: receive RaftClientReply:client-7D2E1E56656E->bcc3e11e-89d3-487e-afcb-695fc42cb1ec@group-040665EDC521, cid=30, SUCCESS, logIndex=5, commits[bcc3e11e-89d3-487e-afcb-695fc42cb1ec:c10, da69b118-796d-40d2-bfdb-ce052eae2057:c6, 4c70797c-aa9c-4fe3-b4c9-634758c38799:c6]
2019-09-12 14:27:27,111 [grpc-default-executor-1] INFO  client.GrpcClientProtocolClient (GrpcClientProtocolClient.java:onNext(264)) - client-7D2E1E56656E->bcc3e11e-89d3-487e-afcb-695fc42cb1ec: receive RaftClientReply:client-7D2E1E56656E->bcc3e11e-89d3-487e-afcb-695fc42cb1ec@group-040665EDC521, cid=31, SUCCESS, logIndex=6, commits[bcc3e11e-89d3-487e-afcb-695fc42cb1ec:c10, da69b118-796d-40d2-bfdb-ce052eae2057:c6, 4c70797c-aa9c-4fe3-b4c9-634758c38799:c6]
]]></system-out>
  </testcase>
  <testcase name="testMultiChunkWrite" classname="org.apache.hadoop.ozone.client.rpc.TestBlockOutputStream" time="5.452"/>
  <testcase name="testFullBufferCondition" classname="org.apache.hadoop.ozone.client.rpc.TestBlockOutputStream" time="187.279">
    <failure type="java.lang.AssertionError">java.lang.AssertionError
	at org.junit.Assert.fail(Assert.java:86)
	at org.junit.Assert.assertTrue(Assert.java:41)
	at org.junit.Assert.assertTrue(Assert.java:52)
	at org.apache.hadoop.ozone.client.rpc.TestBlockOutputStream.testFullBufferCondition(TestBlockOutputStream.java:515)
	at sun.reflect.NativeMethodAccessorImpl.invoke0(Native Method)
	at sun.reflect.NativeMethodAccessorImpl.invoke(NativeMethodAccessorImpl.java:62)
	at sun.reflect.DelegatingMethodAccessorImpl.invoke(DelegatingMethodAccessorImpl.java:43)
	at java.lang.reflect.Method.invoke(Method.java:498)
	at org.junit.runners.model.FrameworkMethod$1.runReflectiveCall(FrameworkMethod.java:47)
	at org.junit.internal.runners.model.ReflectiveCallable.run(ReflectiveCallable.java:12)
	at org.junit.runners.model.FrameworkMethod.invokeExplosively(FrameworkMethod.java:44)
	at org.junit.internal.runners.statements.InvokeMethod.evaluate(InvokeMethod.java:17)
	at org.junit.runners.ParentRunner.runLeaf(ParentRunner.java:271)
	at org.junit.runners.BlockJUnit4ClassRunner.runChild(BlockJUnit4ClassRunner.java:70)
	at org.junit.runners.BlockJUnit4ClassRunner.runChild(BlockJUnit4ClassRunner.java:50)
	at org.junit.runners.ParentRunner$3.run(ParentRunner.java:238)
	at org.junit.runners.ParentRunner$1.schedule(ParentRunner.java:63)
	at org.junit.runners.ParentRunner.runChildren(ParentRunner.java:236)
	at org.junit.runners.ParentRunner.access$000(ParentRunner.java:53)
	at org.junit.runners.ParentRunner$2.evaluate(ParentRunner.java:229)
	at org.junit.internal.runners.statements.RunBefores.evaluate(RunBefores.java:26)
	at org.junit.internal.runners.statements.RunAfters.evaluate(RunAfters.java:27)
	at org.junit.runners.ParentRunner.run(ParentRunner.java:309)
	at org.apache.maven.surefire.junit4.JUnit4Provider.execute(JUnit4Provider.java:365)
	at org.apache.maven.surefire.junit4.JUnit4Provider.executeWithRerun(JUnit4Provider.java:273)
	at org.apache.maven.surefire.junit4.JUnit4Provider.executeTestSet(JUnit4Provider.java:238)
	at org.apache.maven.surefire.junit4.JUnit4Provider.invoke(JUnit4Provider.java:159)
	at org.apache.maven.surefire.booter.ForkedBooter.invokeProviderInSameClassLoader(ForkedBooter.java:384)
	at org.apache.maven.surefire.booter.ForkedBooter.runSuitesInProcess(ForkedBooter.java:345)
	at org.apache.maven.surefire.booter.ForkedBooter.execute(ForkedBooter.java:126)
	at org.apache.maven.surefire.booter.ForkedBooter.main(ForkedBooter.java:418)
</failure>
    <system-out><![CDATA[2019-09-12 14:27:34,633 [grpc-default-executor-6] INFO  impl.RaftServerProxy (RaftServerProxy.java:remove(95)) - e2538fa5-58a8-4aba-9576-486ea31efcb2: remove group-947CD9AE92AF:null
2019-09-12 14:27:34,642 [RatisPipelineUtilsThread] WARN  pipeline.RatisPipelineUtils (RatisPipelineUtils.java:destroyPipeline(66)) - Pipeline destroy failed for pipeline=PipelineID=ba2e6536-2ad5-4e3a-8ecf-947cd9ae92af dn=e2538fa5-58a8-4aba-9576-486ea31efcb2{ip: 192.168.5.171, host: pr-hdds-2007-n4wwz-4249666578, networkLocation: /default-rack, certSerialId: null}
2019-09-12 14:27:34,654 [grpc-default-executor-6] INFO  impl.RaftServerProxy (RaftServerProxy.java:remove(95)) - c26651e2-a96c-4010-919f-87a827874a5b: remove group-947CD9AE92AF:null
2019-09-12 14:27:34,662 [RatisPipelineUtilsThread] WARN  pipeline.RatisPipelineUtils (RatisPipelineUtils.java:destroyPipeline(66)) - Pipeline destroy failed for pipeline=PipelineID=ba2e6536-2ad5-4e3a-8ecf-947cd9ae92af dn=c26651e2-a96c-4010-919f-87a827874a5b{ip: 192.168.5.171, host: pr-hdds-2007-n4wwz-4249666578, networkLocation: /default-rack, certSerialId: null}
2019-09-12 14:27:34,681 [grpc-default-executor-6] INFO  impl.RaftServerProxy (RaftServerProxy.java:remove(95)) - a3deabaa-6f33-4549-9afe-d811f1beb6dc: remove group-947CD9AE92AF:null
2019-09-12 14:27:34,693 [RatisPipelineUtilsThread] WARN  pipeline.RatisPipelineUtils (RatisPipelineUtils.java:destroyPipeline(66)) - Pipeline destroy failed for pipeline=PipelineID=ba2e6536-2ad5-4e3a-8ecf-947cd9ae92af dn=a3deabaa-6f33-4549-9afe-d811f1beb6dc{ip: 192.168.5.171, host: pr-hdds-2007-n4wwz-4249666578, networkLocation: /default-rack, certSerialId: null}
2019-09-12 14:27:34,693 [RatisPipelineUtilsThread] ERROR pipeline.SCMPipelineManager (Scheduler.java:lambda$schedule$1(70)) - Destroy pipeline failed for pipeline:Pipeline[ Id: ba2e6536-2ad5-4e3a-8ecf-947cd9ae92af, Nodes: e2538fa5-58a8-4aba-9576-486ea31efcb2{ip: 192.168.5.171, host: pr-hdds-2007-n4wwz-4249666578, networkLocation: /default-rack, certSerialId: null}c26651e2-a96c-4010-919f-87a827874a5b{ip: 192.168.5.171, host: pr-hdds-2007-n4wwz-4249666578, networkLocation: /default-rack, certSerialId: null}a3deabaa-6f33-4549-9afe-d811f1beb6dc{ip: 192.168.5.171, host: pr-hdds-2007-n4wwz-4249666578, networkLocation: /default-rack, certSerialId: null}, Type:RATIS, Factor:THREE, State:CLOSED]
org.apache.hadoop.hdds.scm.pipeline.PipelineNotFoundException: PipelineID=ba2e6536-2ad5-4e3a-8ecf-947cd9ae92af not found
	at org.apache.hadoop.hdds.scm.pipeline.PipelineStateMap.getPipeline(PipelineStateMap.java:132)
	at org.apache.hadoop.hdds.scm.pipeline.PipelineStateMap.removePipeline(PipelineStateMap.java:322)
	at org.apache.hadoop.hdds.scm.pipeline.PipelineStateManager.removePipeline(PipelineStateManager.java:107)
	at org.apache.hadoop.hdds.scm.pipeline.SCMPipelineManager.removePipeline(SCMPipelineManager.java:423)
	at org.apache.hadoop.hdds.scm.pipeline.SCMPipelineManager.destroyPipeline(SCMPipelineManager.java:409)
	at org.apache.hadoop.hdds.scm.pipeline.SCMPipelineManager.lambda$finalizeAndDestroyPipeline$0(SCMPipelineManager.java:318)
	at org.apache.hadoop.utils.Scheduler.lambda$schedule$1(Scheduler.java:68)
	at java.util.concurrent.Executors$RunnableAdapter.call(Executors.java:511)
	at java.util.concurrent.FutureTask.run(FutureTask.java:266)
	at java.util.concurrent.ScheduledThreadPoolExecutor$ScheduledFutureTask.access$201(ScheduledThreadPoolExecutor.java:180)
	at java.util.concurrent.ScheduledThreadPoolExecutor$ScheduledFutureTask.run(ScheduledThreadPoolExecutor.java:293)
	at java.util.concurrent.ThreadPoolExecutor.runWorker(ThreadPoolExecutor.java:1149)
	at java.util.concurrent.ThreadPoolExecutor$Worker.run(ThreadPoolExecutor.java:624)
	at java.lang.Thread.run(Thread.java:748)
2019-09-12 14:27:35,601 [java.util.concurrent.ThreadPoolExecutor$Worker@4f438dcf[State = -1, empty queue]] WARN  server.GrpcLogAppender (GrpcLogAppender.java:timeoutAppendRequest(200)) - e2538fa5-58a8-4aba-9576-486ea31efcb2@group-3E8E6CBD8592->a3deabaa-6f33-4549-9afe-d811f1beb6dc-GrpcLogAppender: appendEntries Timeout, request=e2538fa5-58a8-4aba-9576-486ea31efcb2->a3deabaa-6f33-4549-9afe-d811f1beb6dc#8-t1, previous=(t:1, i:6), leaderCommit=6, initializing? false, entries: size=1, first=(t:1, i:7), STATEMACHINELOGENTRY, client-35FAC708AFA2, cid=44
2019-09-12 14:27:35,601 [java.util.concurrent.ThreadPoolExecutor$Worker@44ea9f2[State = -1, empty queue]] WARN  server.GrpcLogAppender (GrpcLogAppender.java:timeoutAppendRequest(200)) - e2538fa5-58a8-4aba-9576-486ea31efcb2@group-3E8E6CBD8592->c26651e2-a96c-4010-919f-87a827874a5b-GrpcLogAppender: appendEntries Timeout, request=e2538fa5-58a8-4aba-9576-486ea31efcb2->c26651e2-a96c-4010-919f-87a827874a5b#8-t1, previous=(t:1, i:6), leaderCommit=6, initializing? false, entries: size=1, first=(t:1, i:7), STATEMACHINELOGENTRY, client-35FAC708AFA2, cid=44
2019-09-12 14:27:35,602 [java.util.concurrent.ThreadPoolExecutor$Worker@4f438dcf[State = -1, empty queue]] WARN  server.GrpcLogAppender (GrpcLogAppender.java:timeoutAppendRequest(200)) - e2538fa5-58a8-4aba-9576-486ea31efcb2@group-3E8E6CBD8592->a3deabaa-6f33-4549-9afe-d811f1beb6dc-GrpcLogAppender: appendEntries Timeout, request=e2538fa5-58a8-4aba-9576-486ea31efcb2->a3deabaa-6f33-4549-9afe-d811f1beb6dc#9-t1, previous=(t:1, i:7), leaderCommit=6, initializing? false, entries: size=1, first=(t:1, i:8), STATEMACHINELOGENTRY, client-35FAC708AFA2, cid=45
2019-09-12 14:27:35,602 [java.util.concurrent.ThreadPoolExecutor$Worker@44ea9f2[State = -1, empty queue]] WARN  server.GrpcLogAppender (GrpcLogAppender.java:timeoutAppendRequest(200)) - e2538fa5-58a8-4aba-9576-486ea31efcb2@group-3E8E6CBD8592->c26651e2-a96c-4010-919f-87a827874a5b-GrpcLogAppender: appendEntries Timeout, request=e2538fa5-58a8-4aba-9576-486ea31efcb2->c26651e2-a96c-4010-919f-87a827874a5b#9-t1, previous=(t:1, i:7), leaderCommit=6, initializing? false, entries: size=1, first=(t:1, i:8), STATEMACHINELOGENTRY, client-35FAC708AFA2, cid=45
2019-09-12 14:27:35,602 [java.util.concurrent.ThreadPoolExecutor$Worker@4f438dcf[State = -1, empty queue]] WARN  server.GrpcLogAppender (GrpcLogAppender.java:timeoutAppendRequest(200)) - e2538fa5-58a8-4aba-9576-486ea31efcb2@group-3E8E6CBD8592->a3deabaa-6f33-4549-9afe-d811f1beb6dc-GrpcLogAppender: appendEntries Timeout, request=e2538fa5-58a8-4aba-9576-486ea31efcb2->a3deabaa-6f33-4549-9afe-d811f1beb6dc#10-t1, previous=(t:1, i:8), leaderCommit=6, initializing? false, entries: size=1, first=(t:1, i:9), STATEMACHINELOGENTRY, client-35FAC708AFA2, cid=46
2019-09-12 14:27:35,602 [java.util.concurrent.ThreadPoolExecutor$Worker@44ea9f2[State = -1, empty queue]] WARN  server.GrpcLogAppender (GrpcLogAppender.java:timeoutAppendRequest(200)) - e2538fa5-58a8-4aba-9576-486ea31efcb2@group-3E8E6CBD8592->c26651e2-a96c-4010-919f-87a827874a5b-GrpcLogAppender: appendEntries Timeout, request=e2538fa5-58a8-4aba-9576-486ea31efcb2->c26651e2-a96c-4010-919f-87a827874a5b#10-t1, previous=(t:1, i:8), leaderCommit=6, initializing? false, entries: size=1, first=(t:1, i:9), STATEMACHINELOGENTRY, client-35FAC708AFA2, cid=46
2019-09-12 14:27:35,603 [java.util.concurrent.ThreadPoolExecutor$Worker@44ea9f2[State = -1, empty queue]] WARN  server.GrpcLogAppender (GrpcLogAppender.java:timeoutAppendRequest(200)) - e2538fa5-58a8-4aba-9576-486ea31efcb2@group-3E8E6CBD8592->c26651e2-a96c-4010-919f-87a827874a5b-GrpcLogAppender: appendEntries Timeout, request=e2538fa5-58a8-4aba-9576-486ea31efcb2->c26651e2-a96c-4010-919f-87a827874a5b#11-t1, previous=(t:1, i:9), leaderCommit=6, initializing? false, entries: size=1, first=(t:1, i:10), STATEMACHINELOGENTRY, client-35FAC708AFA2, cid=47
2019-09-12 14:27:35,603 [java.util.concurrent.ThreadPoolExecutor$Worker@4f438dcf[State = -1, empty queue]] WARN  server.GrpcLogAppender (GrpcLogAppender.java:timeoutAppendRequest(200)) - e2538fa5-58a8-4aba-9576-486ea31efcb2@group-3E8E6CBD8592->a3deabaa-6f33-4549-9afe-d811f1beb6dc-GrpcLogAppender: appendEntries Timeout, request=e2538fa5-58a8-4aba-9576-486ea31efcb2->a3deabaa-6f33-4549-9afe-d811f1beb6dc#11-t1, previous=(t:1, i:9), leaderCommit=6, initializing? false, entries: size=1, first=(t:1, i:10), STATEMACHINELOGENTRY, client-35FAC708AFA2, cid=47
2019-09-12 14:27:35,603 [java.util.concurrent.ThreadPoolExecutor$Worker@4f438dcf[State = -1, empty queue]] WARN  server.GrpcLogAppender (GrpcLogAppender.java:timeoutAppendRequest(200)) - e2538fa5-58a8-4aba-9576-486ea31efcb2@group-3E8E6CBD8592->a3deabaa-6f33-4549-9afe-d811f1beb6dc-GrpcLogAppender: appendEntries Timeout, request=e2538fa5-58a8-4aba-9576-486ea31efcb2->a3deabaa-6f33-4549-9afe-d811f1beb6dc#12-t1, previous=(t:1, i:10), leaderCommit=6, initializing? false, entries: size=1, first=(t:1, i:11), STATEMACHINELOGENTRY, client-35FAC708AFA2, cid=48
2019-09-12 14:27:35,603 [java.util.concurrent.ThreadPoolExecutor$Worker@44ea9f2[State = -1, empty queue]] WARN  server.GrpcLogAppender (GrpcLogAppender.java:timeoutAppendRequest(200)) - e2538fa5-58a8-4aba-9576-486ea31efcb2@group-3E8E6CBD8592->c26651e2-a96c-4010-919f-87a827874a5b-GrpcLogAppender: appendEntries Timeout, request=e2538fa5-58a8-4aba-9576-486ea31efcb2->c26651e2-a96c-4010-919f-87a827874a5b#12-t1, previous=(t:1, i:10), leaderCommit=6, initializing? false, entries: size=1, first=(t:1, i:11), STATEMACHINELOGENTRY, client-35FAC708AFA2, cid=48
2019-09-12 14:27:35,604 [java.util.concurrent.ThreadPoolExecutor$Worker@4f438dcf[State = -1, empty queue]] WARN  server.GrpcLogAppender (GrpcLogAppender.java:timeoutAppendRequest(200)) - e2538fa5-58a8-4aba-9576-486ea31efcb2@group-3E8E6CBD8592->a3deabaa-6f33-4549-9afe-d811f1beb6dc-GrpcLogAppender: appendEntries Timeout, request=e2538fa5-58a8-4aba-9576-486ea31efcb2->a3deabaa-6f33-4549-9afe-d811f1beb6dc#13-t1, previous=(t:1, i:11), leaderCommit=6, initializing? false, entries: size=1, first=(t:1, i:12), STATEMACHINELOGENTRY, client-35FAC708AFA2, cid=49
2019-09-12 14:27:35,604 [java.util.concurrent.ThreadPoolExecutor$Worker@44ea9f2[State = -1, empty queue]] WARN  server.GrpcLogAppender (GrpcLogAppender.java:timeoutAppendRequest(200)) - e2538fa5-58a8-4aba-9576-486ea31efcb2@group-3E8E6CBD8592->c26651e2-a96c-4010-919f-87a827874a5b-GrpcLogAppender: appendEntries Timeout, request=e2538fa5-58a8-4aba-9576-486ea31efcb2->c26651e2-a96c-4010-919f-87a827874a5b#13-t1, previous=(t:1, i:11), leaderCommit=6, initializing? false, entries: size=1, first=(t:1, i:12), STATEMACHINELOGENTRY, client-35FAC708AFA2, cid=49
2019-09-12 14:27:36,638 [grpc-default-executor-5] INFO  impl.RaftServerProxy (RaftServerProxy.java:remove(95)) - e2538fa5-58a8-4aba-9576-486ea31efcb2: remove group-947CD9AE92AF:null
2019-09-12 14:27:36,647 [RatisPipelineUtilsThread] WARN  pipeline.RatisPipelineUtils (RatisPipelineUtils.java:destroyPipeline(66)) - Pipeline destroy failed for pipeline=PipelineID=ba2e6536-2ad5-4e3a-8ecf-947cd9ae92af dn=e2538fa5-58a8-4aba-9576-486ea31efcb2{ip: 192.168.5.171, host: pr-hdds-2007-n4wwz-4249666578, networkLocation: /default-rack, certSerialId: null}
2019-09-12 14:27:36,660 [grpc-default-executor-5] INFO  impl.RaftServerProxy (RaftServerProxy.java:remove(95)) - c26651e2-a96c-4010-919f-87a827874a5b: remove group-947CD9AE92AF:null
2019-09-12 14:27:36,666 [RatisPipelineUtilsThread] WARN  pipeline.RatisPipelineUtils (RatisPipelineUtils.java:destroyPipeline(66)) - Pipeline destroy failed for pipeline=PipelineID=ba2e6536-2ad5-4e3a-8ecf-947cd9ae92af dn=c26651e2-a96c-4010-919f-87a827874a5b{ip: 192.168.5.171, host: pr-hdds-2007-n4wwz-4249666578, networkLocation: /default-rack, certSerialId: null}
2019-09-12 14:27:36,672 [grpc-default-executor-5] INFO  impl.RaftServerProxy (RaftServerProxy.java:remove(95)) - a3deabaa-6f33-4549-9afe-d811f1beb6dc: remove group-947CD9AE92AF:null
2019-09-12 14:27:36,679 [RatisPipelineUtilsThread] WARN  pipeline.RatisPipelineUtils (RatisPipelineUtils.java:destroyPipeline(66)) - Pipeline destroy failed for pipeline=PipelineID=ba2e6536-2ad5-4e3a-8ecf-947cd9ae92af dn=a3deabaa-6f33-4549-9afe-d811f1beb6dc{ip: 192.168.5.171, host: pr-hdds-2007-n4wwz-4249666578, networkLocation: /default-rack, certSerialId: null}
2019-09-12 14:27:36,679 [RatisPipelineUtilsThread] ERROR pipeline.SCMPipelineManager (Scheduler.java:lambda$schedule$1(70)) - Destroy pipeline failed for pipeline:Pipeline[ Id: ba2e6536-2ad5-4e3a-8ecf-947cd9ae92af, Nodes: e2538fa5-58a8-4aba-9576-486ea31efcb2{ip: 192.168.5.171, host: pr-hdds-2007-n4wwz-4249666578, networkLocation: /default-rack, certSerialId: null}c26651e2-a96c-4010-919f-87a827874a5b{ip: 192.168.5.171, host: pr-hdds-2007-n4wwz-4249666578, networkLocation: /default-rack, certSerialId: null}a3deabaa-6f33-4549-9afe-d811f1beb6dc{ip: 192.168.5.171, host: pr-hdds-2007-n4wwz-4249666578, networkLocation: /default-rack, certSerialId: null}, Type:RATIS, Factor:THREE, State:CLOSED]
org.apache.hadoop.hdds.scm.pipeline.PipelineNotFoundException: PipelineID=ba2e6536-2ad5-4e3a-8ecf-947cd9ae92af not found
	at org.apache.hadoop.hdds.scm.pipeline.PipelineStateMap.getPipeline(PipelineStateMap.java:132)
	at org.apache.hadoop.hdds.scm.pipeline.PipelineStateMap.removePipeline(PipelineStateMap.java:322)
	at org.apache.hadoop.hdds.scm.pipeline.PipelineStateManager.removePipeline(PipelineStateManager.java:107)
	at org.apache.hadoop.hdds.scm.pipeline.SCMPipelineManager.removePipeline(SCMPipelineManager.java:423)
	at org.apache.hadoop.hdds.scm.pipeline.SCMPipelineManager.destroyPipeline(SCMPipelineManager.java:409)
	at org.apache.hadoop.hdds.scm.pipeline.SCMPipelineManager.lambda$finalizeAndDestroyPipeline$0(SCMPipelineManager.java:318)
	at org.apache.hadoop.utils.Scheduler.lambda$schedule$1(Scheduler.java:68)
	at java.util.concurrent.Executors$RunnableAdapter.call(Executors.java:511)
	at java.util.concurrent.FutureTask.run(FutureTask.java:266)
	at java.util.concurrent.ScheduledThreadPoolExecutor$ScheduledFutureTask.access$201(ScheduledThreadPoolExecutor.java:180)
	at java.util.concurrent.ScheduledThreadPoolExecutor$ScheduledFutureTask.run(ScheduledThreadPoolExecutor.java:293)
	at java.util.concurrent.ThreadPoolExecutor.runWorker(ThreadPoolExecutor.java:1149)
	at java.util.concurrent.ThreadPoolExecutor$Worker.run(ThreadPoolExecutor.java:624)
	at java.lang.Thread.run(Thread.java:748)
2019-09-12 14:27:37,653 [grpc-default-executor-5] INFO  client.GrpcClientProtocolClient (GrpcClientProtocolClient.java:onNext(264)) - client-35FAC708AFA2->a3deabaa-6f33-4549-9afe-d811f1beb6dc: receive RaftClientReply:client-35FAC708AFA2->a3deabaa-6f33-4549-9afe-d811f1beb6dc@group-3E8E6CBD8592, cid=44, FAILED org.apache.ratis.protocol.NotLeaderException: Server a3deabaa-6f33-4549-9afe-d811f1beb6dc@group-3E8E6CBD8592 is not the leader e2538fa5-58a8-4aba-9576-486ea31efcb2:192.168.5.171:42589, logIndex=0, commits[a3deabaa-6f33-4549-9afe-d811f1beb6dc:c6, e2538fa5-58a8-4aba-9576-486ea31efcb2:c6, c26651e2-a96c-4010-919f-87a827874a5b:c4]
2019-09-12 14:27:38,104 [java.util.concurrent.ThreadPoolExecutor$Worker@4f438dcf[State = -1, empty queue]] WARN  server.GrpcLogAppender (GrpcLogAppender.java:timeoutAppendRequest(200)) - e2538fa5-58a8-4aba-9576-486ea31efcb2@group-3E8E6CBD8592->a3deabaa-6f33-4549-9afe-d811f1beb6dc-GrpcLogAppender: appendEntries Timeout, request=e2538fa5-58a8-4aba-9576-486ea31efcb2->a3deabaa-6f33-4549-9afe-d811f1beb6dc#14-t1, previous=(t:1, i:12), leaderCommit=6, initializing? false, entries: <empty>
2019-09-12 14:27:38,104 [java.util.concurrent.ThreadPoolExecutor$Worker@44ea9f2[State = -1, empty queue]] WARN  server.GrpcLogAppender (GrpcLogAppender.java:timeoutAppendRequest(200)) - e2538fa5-58a8-4aba-9576-486ea31efcb2@group-3E8E6CBD8592->c26651e2-a96c-4010-919f-87a827874a5b-GrpcLogAppender: appendEntries Timeout, request=e2538fa5-58a8-4aba-9576-486ea31efcb2->c26651e2-a96c-4010-919f-87a827874a5b#14-t1, previous=(t:1, i:12), leaderCommit=6, initializing? false, entries: <empty>
2019-09-12 14:27:39,635 [grpc-default-executor-6] INFO  impl.RaftServerProxy (RaftServerProxy.java:remove(95)) - e2538fa5-58a8-4aba-9576-486ea31efcb2: remove group-947CD9AE92AF:null
2019-09-12 14:27:39,642 [RatisPipelineUtilsThread] WARN  pipeline.RatisPipelineUtils (RatisPipelineUtils.java:destroyPipeline(66)) - Pipeline destroy failed for pipeline=PipelineID=ba2e6536-2ad5-4e3a-8ecf-947cd9ae92af dn=e2538fa5-58a8-4aba-9576-486ea31efcb2{ip: 192.168.5.171, host: pr-hdds-2007-n4wwz-4249666578, networkLocation: /default-rack, certSerialId: null}
2019-09-12 14:27:39,647 [grpc-default-executor-6] INFO  impl.RaftServerProxy (RaftServerProxy.java:remove(95)) - c26651e2-a96c-4010-919f-87a827874a5b: remove group-947CD9AE92AF:null
2019-09-12 14:27:39,652 [RatisPipelineUtilsThread] WARN  pipeline.RatisPipelineUtils (RatisPipelineUtils.java:destroyPipeline(66)) - Pipeline destroy failed for pipeline=PipelineID=ba2e6536-2ad5-4e3a-8ecf-947cd9ae92af dn=c26651e2-a96c-4010-919f-87a827874a5b{ip: 192.168.5.171, host: pr-hdds-2007-n4wwz-4249666578, networkLocation: /default-rack, certSerialId: null}
2019-09-12 14:27:39,657 [grpc-default-executor-6] INFO  impl.RaftServerProxy (RaftServerProxy.java:remove(95)) - a3deabaa-6f33-4549-9afe-d811f1beb6dc: remove group-947CD9AE92AF:null
2019-09-12 14:27:39,668 [RatisPipelineUtilsThread] WARN  pipeline.RatisPipelineUtils (RatisPipelineUtils.java:destroyPipeline(66)) - Pipeline destroy failed for pipeline=PipelineID=ba2e6536-2ad5-4e3a-8ecf-947cd9ae92af dn=a3deabaa-6f33-4549-9afe-d811f1beb6dc{ip: 192.168.5.171, host: pr-hdds-2007-n4wwz-4249666578, networkLocation: /default-rack, certSerialId: null}
2019-09-12 14:27:39,669 [RatisPipelineUtilsThread] ERROR pipeline.SCMPipelineManager (Scheduler.java:lambda$schedule$1(70)) - Destroy pipeline failed for pipeline:Pipeline[ Id: ba2e6536-2ad5-4e3a-8ecf-947cd9ae92af, Nodes: e2538fa5-58a8-4aba-9576-486ea31efcb2{ip: 192.168.5.171, host: pr-hdds-2007-n4wwz-4249666578, networkLocation: /default-rack, certSerialId: null}c26651e2-a96c-4010-919f-87a827874a5b{ip: 192.168.5.171, host: pr-hdds-2007-n4wwz-4249666578, networkLocation: /default-rack, certSerialId: null}a3deabaa-6f33-4549-9afe-d811f1beb6dc{ip: 192.168.5.171, host: pr-hdds-2007-n4wwz-4249666578, networkLocation: /default-rack, certSerialId: null}, Type:RATIS, Factor:THREE, State:CLOSED]
org.apache.hadoop.hdds.scm.pipeline.PipelineNotFoundException: PipelineID=ba2e6536-2ad5-4e3a-8ecf-947cd9ae92af not found
	at org.apache.hadoop.hdds.scm.pipeline.PipelineStateMap.getPipeline(PipelineStateMap.java:132)
	at org.apache.hadoop.hdds.scm.pipeline.PipelineStateMap.removePipeline(PipelineStateMap.java:322)
	at org.apache.hadoop.hdds.scm.pipeline.PipelineStateManager.removePipeline(PipelineStateManager.java:107)
	at org.apache.hadoop.hdds.scm.pipeline.SCMPipelineManager.removePipeline(SCMPipelineManager.java:423)
	at org.apache.hadoop.hdds.scm.pipeline.SCMPipelineManager.destroyPipeline(SCMPipelineManager.java:409)
	at org.apache.hadoop.hdds.scm.pipeline.SCMPipelineManager.lambda$finalizeAndDestroyPipeline$0(SCMPipelineManager.java:318)
	at org.apache.hadoop.utils.Scheduler.lambda$schedule$1(Scheduler.java:68)
	at java.util.concurrent.Executors$RunnableAdapter.call(Executors.java:511)
	at java.util.concurrent.FutureTask.run(FutureTask.java:266)
	at java.util.concurrent.ScheduledThreadPoolExecutor$ScheduledFutureTask.access$201(ScheduledThreadPoolExecutor.java:180)
	at java.util.concurrent.ScheduledThreadPoolExecutor$ScheduledFutureTask.run(ScheduledThreadPoolExecutor.java:293)
	at java.util.concurrent.ThreadPoolExecutor.runWorker(ThreadPoolExecutor.java:1149)
	at java.util.concurrent.ThreadPoolExecutor$Worker.run(ThreadPoolExecutor.java:624)
	at java.lang.Thread.run(Thread.java:748)
2019-09-12 14:27:40,606 [java.util.concurrent.ThreadPoolExecutor$Worker@4f438dcf[State = -1, empty queue]] WARN  server.GrpcLogAppender (GrpcLogAppender.java:timeoutAppendRequest(200)) - e2538fa5-58a8-4aba-9576-486ea31efcb2@group-3E8E6CBD8592->a3deabaa-6f33-4549-9afe-d811f1beb6dc-GrpcLogAppender: appendEntries Timeout, request=e2538fa5-58a8-4aba-9576-486ea31efcb2->a3deabaa-6f33-4549-9afe-d811f1beb6dc#15-t1, previous=(t:1, i:12), leaderCommit=6, initializing? false, entries: <empty>
2019-09-12 14:27:40,606 [java.util.concurrent.ThreadPoolExecutor$Worker@44ea9f2[State = -1, empty queue]] WARN  server.GrpcLogAppender (GrpcLogAppender.java:timeoutAppendRequest(200)) - e2538fa5-58a8-4aba-9576-486ea31efcb2@group-3E8E6CBD8592->c26651e2-a96c-4010-919f-87a827874a5b-GrpcLogAppender: appendEntries Timeout, request=e2538fa5-58a8-4aba-9576-486ea31efcb2->c26651e2-a96c-4010-919f-87a827874a5b#15-t1, previous=(t:1, i:12), leaderCommit=6, initializing? false, entries: <empty>
2019-09-12 14:27:41,637 [grpc-default-executor-6] INFO  impl.RaftServerProxy (RaftServerProxy.java:remove(95)) - e2538fa5-58a8-4aba-9576-486ea31efcb2: remove group-947CD9AE92AF:null
2019-09-12 14:27:41,645 [RatisPipelineUtilsThread] WARN  pipeline.RatisPipelineUtils (RatisPipelineUtils.java:destroyPipeline(66)) - Pipeline destroy failed for pipeline=PipelineID=ba2e6536-2ad5-4e3a-8ecf-947cd9ae92af dn=e2538fa5-58a8-4aba-9576-486ea31efcb2{ip: 192.168.5.171, host: pr-hdds-2007-n4wwz-4249666578, networkLocation: /default-rack, certSerialId: null}
2019-09-12 14:27:41,651 [grpc-default-executor-6] INFO  impl.RaftServerProxy (RaftServerProxy.java:remove(95)) - c26651e2-a96c-4010-919f-87a827874a5b: remove group-947CD9AE92AF:null
2019-09-12 14:27:41,657 [RatisPipelineUtilsThread] WARN  pipeline.RatisPipelineUtils (RatisPipelineUtils.java:destroyPipeline(66)) - Pipeline destroy failed for pipeline=PipelineID=ba2e6536-2ad5-4e3a-8ecf-947cd9ae92af dn=c26651e2-a96c-4010-919f-87a827874a5b{ip: 192.168.5.171, host: pr-hdds-2007-n4wwz-4249666578, networkLocation: /default-rack, certSerialId: null}
2019-09-12 14:27:41,662 [grpc-default-executor-6] INFO  impl.RaftServerProxy (RaftServerProxy.java:remove(95)) - a3deabaa-6f33-4549-9afe-d811f1beb6dc: remove group-947CD9AE92AF:null
2019-09-12 14:27:41,667 [RatisPipelineUtilsThread] WARN  pipeline.RatisPipelineUtils (RatisPipelineUtils.java:destroyPipeline(66)) - Pipeline destroy failed for pipeline=PipelineID=ba2e6536-2ad5-4e3a-8ecf-947cd9ae92af dn=a3deabaa-6f33-4549-9afe-d811f1beb6dc{ip: 192.168.5.171, host: pr-hdds-2007-n4wwz-4249666578, networkLocation: /default-rack, certSerialId: null}
2019-09-12 14:27:41,667 [RatisPipelineUtilsThread] ERROR pipeline.SCMPipelineManager (Scheduler.java:lambda$schedule$1(70)) - Destroy pipeline failed for pipeline:Pipeline[ Id: ba2e6536-2ad5-4e3a-8ecf-947cd9ae92af, Nodes: e2538fa5-58a8-4aba-9576-486ea31efcb2{ip: 192.168.5.171, host: pr-hdds-2007-n4wwz-4249666578, networkLocation: /default-rack, certSerialId: null}c26651e2-a96c-4010-919f-87a827874a5b{ip: 192.168.5.171, host: pr-hdds-2007-n4wwz-4249666578, networkLocation: /default-rack, certSerialId: null}a3deabaa-6f33-4549-9afe-d811f1beb6dc{ip: 192.168.5.171, host: pr-hdds-2007-n4wwz-4249666578, networkLocation: /default-rack, certSerialId: null}, Type:RATIS, Factor:THREE, State:CLOSED]
org.apache.hadoop.hdds.scm.pipeline.PipelineNotFoundException: PipelineID=ba2e6536-2ad5-4e3a-8ecf-947cd9ae92af not found
	at org.apache.hadoop.hdds.scm.pipeline.PipelineStateMap.getPipeline(PipelineStateMap.java:132)
	at org.apache.hadoop.hdds.scm.pipeline.PipelineStateMap.removePipeline(PipelineStateMap.java:322)
	at org.apache.hadoop.hdds.scm.pipeline.PipelineStateManager.removePipeline(PipelineStateManager.java:107)
	at org.apache.hadoop.hdds.scm.pipeline.SCMPipelineManager.removePipeline(SCMPipelineManager.java:423)
	at org.apache.hadoop.hdds.scm.pipeline.SCMPipelineManager.destroyPipeline(SCMPipelineManager.java:409)
	at org.apache.hadoop.hdds.scm.pipeline.SCMPipelineManager.lambda$finalizeAndDestroyPipeline$0(SCMPipelineManager.java:318)
	at org.apache.hadoop.utils.Scheduler.lambda$schedule$1(Scheduler.java:68)
	at java.util.concurrent.Executors$RunnableAdapter.call(Executors.java:511)
	at java.util.concurrent.FutureTask.run(FutureTask.java:266)
	at java.util.concurrent.ScheduledThreadPoolExecutor$ScheduledFutureTask.access$201(ScheduledThreadPoolExecutor.java:180)
	at java.util.concurrent.ScheduledThreadPoolExecutor$ScheduledFutureTask.run(ScheduledThreadPoolExecutor.java:293)
	at java.util.concurrent.ThreadPoolExecutor.runWorker(ThreadPoolExecutor.java:1149)
	at java.util.concurrent.ThreadPoolExecutor$Worker.run(ThreadPoolExecutor.java:624)
	at java.lang.Thread.run(Thread.java:748)
2019-09-12 14:27:42,602 [c26651e2-a96c-4010-919f-87a827874a5b@group-3E8E6CBD8592-SegmentedRaftLogWorker] WARN  segmented.SegmentedRaftLogWorker (SegmentedRaftLogWorker.java:getFromFuture(90)) - Timeout 0/~
org.apache.ratis.protocol.TimeoutIOException: Timeout 10s: WriteLog:7: (t:1, i:7), STATEMACHINELOGENTRY, client-35FAC708AFA2, cid=44-writeStateMachineData
	at org.apache.ratis.util.IOUtils.getFromFuture(IOUtils.java:87)
	at org.apache.ratis.server.raftlog.segmented.SegmentedRaftLogWorker$StateMachineDataPolicy.getFromFuture(SegmentedRaftLogWorker.java:87)
	at org.apache.ratis.server.raftlog.segmented.SegmentedRaftLogWorker$WriteLog.execute(SegmentedRaftLogWorker.java:477)
	at org.apache.ratis.server.raftlog.segmented.SegmentedRaftLogWorker.run(SegmentedRaftLogWorker.java:289)
	at java.lang.Thread.run(Thread.java:748)
Caused by: java.util.concurrent.TimeoutException
	at java.util.concurrent.CompletableFuture.timedGet(CompletableFuture.java:1771)
	at java.util.concurrent.CompletableFuture.get(CompletableFuture.java:1915)
	at org.apache.ratis.util.IOUtils.getFromFuture(IOUtils.java:79)
	... 4 more
2019-09-12 14:27:42,602 [a3deabaa-6f33-4549-9afe-d811f1beb6dc@group-3E8E6CBD8592-SegmentedRaftLogWorker] WARN  segmented.SegmentedRaftLogWorker (SegmentedRaftLogWorker.java:getFromFuture(90)) - Timeout 0/~
org.apache.ratis.protocol.TimeoutIOException: Timeout 10s: WriteLog:7: (t:1, i:7), STATEMACHINELOGENTRY, client-35FAC708AFA2, cid=44-writeStateMachineData
	at org.apache.ratis.util.IOUtils.getFromFuture(IOUtils.java:87)
	at org.apache.ratis.server.raftlog.segmented.SegmentedRaftLogWorker$StateMachineDataPolicy.getFromFuture(SegmentedRaftLogWorker.java:87)
	at org.apache.ratis.server.raftlog.segmented.SegmentedRaftLogWorker$WriteLog.execute(SegmentedRaftLogWorker.java:477)
	at org.apache.ratis.server.raftlog.segmented.SegmentedRaftLogWorker.run(SegmentedRaftLogWorker.java:289)
	at java.lang.Thread.run(Thread.java:748)
Caused by: java.util.concurrent.TimeoutException
	at java.util.concurrent.CompletableFuture.timedGet(CompletableFuture.java:1771)
	at java.util.concurrent.CompletableFuture.get(CompletableFuture.java:1915)
	at org.apache.ratis.util.IOUtils.getFromFuture(IOUtils.java:79)
	... 4 more
2019-09-12 14:27:42,694 [grpc-default-executor-5] INFO  client.GrpcClientProtocolClient (GrpcClientProtocolClient.java:onNext(264)) - client-35FAC708AFA2->a3deabaa-6f33-4549-9afe-d811f1beb6dc: receive RaftClientReply:client-35FAC708AFA2->a3deabaa-6f33-4549-9afe-d811f1beb6dc@group-3E8E6CBD8592, cid=44, FAILED org.apache.ratis.protocol.NotLeaderException: Server a3deabaa-6f33-4549-9afe-d811f1beb6dc@group-3E8E6CBD8592 is not the leader e2538fa5-58a8-4aba-9576-486ea31efcb2:192.168.5.171:42589, logIndex=0, commits[a3deabaa-6f33-4549-9afe-d811f1beb6dc:c6, e2538fa5-58a8-4aba-9576-486ea31efcb2:c6, c26651e2-a96c-4010-919f-87a827874a5b:c4]
2019-09-12 14:27:42,743 [e2538fa5-58a8-4aba-9576-486ea31efcb2@group-3E8E6CBD8592-SegmentedRaftLogWorker] WARN  segmented.SegmentedRaftLogWorker (SegmentedRaftLogWorker.java:getFromFuture(90)) - Timeout 0/~
org.apache.ratis.protocol.TimeoutIOException: Timeout 10s: WriteLog:8: (t:1, i:8), STATEMACHINELOGENTRY, client-35FAC708AFA2, cid=45-writeStateMachineData
	at org.apache.ratis.util.IOUtils.getFromFuture(IOUtils.java:87)
	at org.apache.ratis.server.raftlog.segmented.SegmentedRaftLogWorker$StateMachineDataPolicy.getFromFuture(SegmentedRaftLogWorker.java:87)
	at org.apache.ratis.server.raftlog.segmented.SegmentedRaftLogWorker$WriteLog.execute(SegmentedRaftLogWorker.java:477)
	at org.apache.ratis.server.raftlog.segmented.SegmentedRaftLogWorker.run(SegmentedRaftLogWorker.java:289)
	at java.lang.Thread.run(Thread.java:748)
Caused by: java.util.concurrent.TimeoutException
	at java.util.concurrent.CompletableFuture.timedGet(CompletableFuture.java:1771)
	at java.util.concurrent.CompletableFuture.get(CompletableFuture.java:1915)
	at org.apache.ratis.util.IOUtils.getFromFuture(IOUtils.java:79)
	... 4 more
2019-09-12 14:27:43,107 [java.util.concurrent.ThreadPoolExecutor$Worker@4f438dcf[State = -1, empty queue]] WARN  server.GrpcLogAppender (GrpcLogAppender.java:timeoutAppendRequest(200)) - e2538fa5-58a8-4aba-9576-486ea31efcb2@group-3E8E6CBD8592->a3deabaa-6f33-4549-9afe-d811f1beb6dc-GrpcLogAppender: appendEntries Timeout, request=e2538fa5-58a8-4aba-9576-486ea31efcb2->a3deabaa-6f33-4549-9afe-d811f1beb6dc#16-t1, previous=(t:1, i:12), leaderCommit=6, initializing? false, entries: <empty>
2019-09-12 14:27:43,107 [java.util.concurrent.ThreadPoolExecutor$Worker@44ea9f2[State = -1, empty queue]] WARN  server.GrpcLogAppender (GrpcLogAppender.java:timeoutAppendRequest(200)) - e2538fa5-58a8-4aba-9576-486ea31efcb2@group-3E8E6CBD8592->c26651e2-a96c-4010-919f-87a827874a5b-GrpcLogAppender: appendEntries Timeout, request=e2538fa5-58a8-4aba-9576-486ea31efcb2->c26651e2-a96c-4010-919f-87a827874a5b#16-t1, previous=(t:1, i:12), leaderCommit=6, initializing? false, entries: <empty>
2019-09-12 14:27:44,634 [grpc-default-executor-5] INFO  impl.RaftServerProxy (RaftServerProxy.java:remove(95)) - e2538fa5-58a8-4aba-9576-486ea31efcb2: remove group-947CD9AE92AF:null
2019-09-12 14:27:44,640 [RatisPipelineUtilsThread] WARN  pipeline.RatisPipelineUtils (RatisPipelineUtils.java:destroyPipeline(66)) - Pipeline destroy failed for pipeline=PipelineID=ba2e6536-2ad5-4e3a-8ecf-947cd9ae92af dn=e2538fa5-58a8-4aba-9576-486ea31efcb2{ip: 192.168.5.171, host: pr-hdds-2007-n4wwz-4249666578, networkLocation: /default-rack, certSerialId: null}
2019-09-12 14:27:44,644 [grpc-default-executor-5] INFO  impl.RaftServerProxy (RaftServerProxy.java:remove(95)) - c26651e2-a96c-4010-919f-87a827874a5b: remove group-947CD9AE92AF:null
2019-09-12 14:27:44,648 [RatisPipelineUtilsThread] WARN  pipeline.RatisPipelineUtils (RatisPipelineUtils.java:destroyPipeline(66)) - Pipeline destroy failed for pipeline=PipelineID=ba2e6536-2ad5-4e3a-8ecf-947cd9ae92af dn=c26651e2-a96c-4010-919f-87a827874a5b{ip: 192.168.5.171, host: pr-hdds-2007-n4wwz-4249666578, networkLocation: /default-rack, certSerialId: null}
2019-09-12 14:27:44,663 [grpc-default-executor-5] INFO  impl.RaftServerProxy (RaftServerProxy.java:remove(95)) - a3deabaa-6f33-4549-9afe-d811f1beb6dc: remove group-947CD9AE92AF:null
2019-09-12 14:27:44,668 [RatisPipelineUtilsThread] WARN  pipeline.RatisPipelineUtils (RatisPipelineUtils.java:destroyPipeline(66)) - Pipeline destroy failed for pipeline=PipelineID=ba2e6536-2ad5-4e3a-8ecf-947cd9ae92af dn=a3deabaa-6f33-4549-9afe-d811f1beb6dc{ip: 192.168.5.171, host: pr-hdds-2007-n4wwz-4249666578, networkLocation: /default-rack, certSerialId: null}
2019-09-12 14:27:44,669 [RatisPipelineUtilsThread] ERROR pipeline.SCMPipelineManager (Scheduler.java:lambda$schedule$1(70)) - Destroy pipeline failed for pipeline:Pipeline[ Id: ba2e6536-2ad5-4e3a-8ecf-947cd9ae92af, Nodes: e2538fa5-58a8-4aba-9576-486ea31efcb2{ip: 192.168.5.171, host: pr-hdds-2007-n4wwz-4249666578, networkLocation: /default-rack, certSerialId: null}c26651e2-a96c-4010-919f-87a827874a5b{ip: 192.168.5.171, host: pr-hdds-2007-n4wwz-4249666578, networkLocation: /default-rack, certSerialId: null}a3deabaa-6f33-4549-9afe-d811f1beb6dc{ip: 192.168.5.171, host: pr-hdds-2007-n4wwz-4249666578, networkLocation: /default-rack, certSerialId: null}, Type:RATIS, Factor:THREE, State:CLOSED]
org.apache.hadoop.hdds.scm.pipeline.PipelineNotFoundException: PipelineID=ba2e6536-2ad5-4e3a-8ecf-947cd9ae92af not found
	at org.apache.hadoop.hdds.scm.pipeline.PipelineStateMap.getPipeline(PipelineStateMap.java:132)
	at org.apache.hadoop.hdds.scm.pipeline.PipelineStateMap.removePipeline(PipelineStateMap.java:322)
	at org.apache.hadoop.hdds.scm.pipeline.PipelineStateManager.removePipeline(PipelineStateManager.java:107)
	at org.apache.hadoop.hdds.scm.pipeline.SCMPipelineManager.removePipeline(SCMPipelineManager.java:423)
	at org.apache.hadoop.hdds.scm.pipeline.SCMPipelineManager.destroyPipeline(SCMPipelineManager.java:409)
	at org.apache.hadoop.hdds.scm.pipeline.SCMPipelineManager.lambda$finalizeAndDestroyPipeline$0(SCMPipelineManager.java:318)
	at org.apache.hadoop.utils.Scheduler.lambda$schedule$1(Scheduler.java:68)
	at java.util.concurrent.Executors$RunnableAdapter.call(Executors.java:511)
	at java.util.concurrent.FutureTask.run(FutureTask.java:266)
	at java.util.concurrent.ScheduledThreadPoolExecutor$ScheduledFutureTask.access$201(ScheduledThreadPoolExecutor.java:180)
	at java.util.concurrent.ScheduledThreadPoolExecutor$ScheduledFutureTask.run(ScheduledThreadPoolExecutor.java:293)
	at java.util.concurrent.ThreadPoolExecutor.runWorker(ThreadPoolExecutor.java:1149)
	at java.util.concurrent.ThreadPoolExecutor$Worker.run(ThreadPoolExecutor.java:624)
	at java.lang.Thread.run(Thread.java:748)
2019-09-12 14:27:45,608 [java.util.concurrent.ThreadPoolExecutor$Worker@4f438dcf[State = -1, empty queue]] WARN  server.GrpcLogAppender (GrpcLogAppender.java:timeoutAppendRequest(200)) - e2538fa5-58a8-4aba-9576-486ea31efcb2@group-3E8E6CBD8592->a3deabaa-6f33-4549-9afe-d811f1beb6dc-GrpcLogAppender: appendEntries Timeout, request=e2538fa5-58a8-4aba-9576-486ea31efcb2->a3deabaa-6f33-4549-9afe-d811f1beb6dc#17-t1, previous=(t:1, i:12), leaderCommit=6, initializing? false, entries: <empty>
2019-09-12 14:27:45,608 [java.util.concurrent.ThreadPoolExecutor$Worker@44ea9f2[State = -1, empty queue]] WARN  server.GrpcLogAppender (GrpcLogAppender.java:timeoutAppendRequest(200)) - e2538fa5-58a8-4aba-9576-486ea31efcb2@group-3E8E6CBD8592->c26651e2-a96c-4010-919f-87a827874a5b-GrpcLogAppender: appendEntries Timeout, request=e2538fa5-58a8-4aba-9576-486ea31efcb2->c26651e2-a96c-4010-919f-87a827874a5b#17-t1, previous=(t:1, i:12), leaderCommit=6, initializing? false, entries: <empty>
2019-09-12 14:27:46,639 [grpc-default-executor-5] INFO  impl.RaftServerProxy (RaftServerProxy.java:remove(95)) - e2538fa5-58a8-4aba-9576-486ea31efcb2: remove group-947CD9AE92AF:null
2019-09-12 14:27:46,653 [RatisPipelineUtilsThread] WARN  pipeline.RatisPipelineUtils (RatisPipelineUtils.java:destroyPipeline(66)) - Pipeline destroy failed for pipeline=PipelineID=ba2e6536-2ad5-4e3a-8ecf-947cd9ae92af dn=e2538fa5-58a8-4aba-9576-486ea31efcb2{ip: 192.168.5.171, host: pr-hdds-2007-n4wwz-4249666578, networkLocation: /default-rack, certSerialId: null}
2019-09-12 14:27:46,657 [grpc-default-executor-5] INFO  impl.RaftServerProxy (RaftServerProxy.java:remove(95)) - c26651e2-a96c-4010-919f-87a827874a5b: remove group-947CD9AE92AF:null
2019-09-12 14:27:46,662 [RatisPipelineUtilsThread] WARN  pipeline.RatisPipelineUtils (RatisPipelineUtils.java:destroyPipeline(66)) - Pipeline destroy failed for pipeline=PipelineID=ba2e6536-2ad5-4e3a-8ecf-947cd9ae92af dn=c26651e2-a96c-4010-919f-87a827874a5b{ip: 192.168.5.171, host: pr-hdds-2007-n4wwz-4249666578, networkLocation: /default-rack, certSerialId: null}
2019-09-12 14:27:46,666 [grpc-default-executor-5] INFO  impl.RaftServerProxy (RaftServerProxy.java:remove(95)) - a3deabaa-6f33-4549-9afe-d811f1beb6dc: remove group-947CD9AE92AF:null
2019-09-12 14:27:46,671 [RatisPipelineUtilsThread] WARN  pipeline.RatisPipelineUtils (RatisPipelineUtils.java:destroyPipeline(66)) - Pipeline destroy failed for pipeline=PipelineID=ba2e6536-2ad5-4e3a-8ecf-947cd9ae92af dn=a3deabaa-6f33-4549-9afe-d811f1beb6dc{ip: 192.168.5.171, host: pr-hdds-2007-n4wwz-4249666578, networkLocation: /default-rack, certSerialId: null}
2019-09-12 14:27:46,672 [RatisPipelineUtilsThread] ERROR pipeline.SCMPipelineManager (Scheduler.java:lambda$schedule$1(70)) - Destroy pipeline failed for pipeline:Pipeline[ Id: ba2e6536-2ad5-4e3a-8ecf-947cd9ae92af, Nodes: e2538fa5-58a8-4aba-9576-486ea31efcb2{ip: 192.168.5.171, host: pr-hdds-2007-n4wwz-4249666578, networkLocation: /default-rack, certSerialId: null}c26651e2-a96c-4010-919f-87a827874a5b{ip: 192.168.5.171, host: pr-hdds-2007-n4wwz-4249666578, networkLocation: /default-rack, certSerialId: null}a3deabaa-6f33-4549-9afe-d811f1beb6dc{ip: 192.168.5.171, host: pr-hdds-2007-n4wwz-4249666578, networkLocation: /default-rack, certSerialId: null}, Type:RATIS, Factor:THREE, State:CLOSED]
org.apache.hadoop.hdds.scm.pipeline.PipelineNotFoundException: PipelineID=ba2e6536-2ad5-4e3a-8ecf-947cd9ae92af not found
	at org.apache.hadoop.hdds.scm.pipeline.PipelineStateMap.getPipeline(PipelineStateMap.java:132)
	at org.apache.hadoop.hdds.scm.pipeline.PipelineStateMap.removePipeline(PipelineStateMap.java:322)
	at org.apache.hadoop.hdds.scm.pipeline.PipelineStateManager.removePipeline(PipelineStateManager.java:107)
	at org.apache.hadoop.hdds.scm.pipeline.SCMPipelineManager.removePipeline(SCMPipelineManager.java:423)
	at org.apache.hadoop.hdds.scm.pipeline.SCMPipelineManager.destroyPipeline(SCMPipelineManager.java:409)
	at org.apache.hadoop.hdds.scm.pipeline.SCMPipelineManager.lambda$finalizeAndDestroyPipeline$0(SCMPipelineManager.java:318)
	at org.apache.hadoop.utils.Scheduler.lambda$schedule$1(Scheduler.java:68)
	at java.util.concurrent.Executors$RunnableAdapter.call(Executors.java:511)
	at java.util.concurrent.FutureTask.run(FutureTask.java:266)
	at java.util.concurrent.ScheduledThreadPoolExecutor$ScheduledFutureTask.access$201(ScheduledThreadPoolExecutor.java:180)
	at java.util.concurrent.ScheduledThreadPoolExecutor$ScheduledFutureTask.run(ScheduledThreadPoolExecutor.java:293)
	at java.util.concurrent.ThreadPoolExecutor.runWorker(ThreadPoolExecutor.java:1149)
	at java.util.concurrent.ThreadPoolExecutor$Worker.run(ThreadPoolExecutor.java:624)
	at java.lang.Thread.run(Thread.java:748)
2019-09-12 14:27:47,737 [grpc-default-executor-6] INFO  client.GrpcClientProtocolClient (GrpcClientProtocolClient.java:onNext(264)) - client-35FAC708AFA2->a3deabaa-6f33-4549-9afe-d811f1beb6dc: receive RaftClientReply:client-35FAC708AFA2->a3deabaa-6f33-4549-9afe-d811f1beb6dc@group-3E8E6CBD8592, cid=44, FAILED org.apache.ratis.protocol.NotLeaderException: Server a3deabaa-6f33-4549-9afe-d811f1beb6dc@group-3E8E6CBD8592 is not the leader e2538fa5-58a8-4aba-9576-486ea31efcb2:192.168.5.171:42589, logIndex=0, commits[a3deabaa-6f33-4549-9afe-d811f1beb6dc:c6, e2538fa5-58a8-4aba-9576-486ea31efcb2:c6, c26651e2-a96c-4010-919f-87a827874a5b:c4]
2019-09-12 14:27:48,109 [java.util.concurrent.ThreadPoolExecutor$Worker@44ea9f2[State = -1, empty queue]] WARN  server.GrpcLogAppender (GrpcLogAppender.java:timeoutAppendRequest(200)) - e2538fa5-58a8-4aba-9576-486ea31efcb2@group-3E8E6CBD8592->c26651e2-a96c-4010-919f-87a827874a5b-GrpcLogAppender: appendEntries Timeout, request=e2538fa5-58a8-4aba-9576-486ea31efcb2->c26651e2-a96c-4010-919f-87a827874a5b#18-t1, previous=(t:1, i:12), leaderCommit=6, initializing? false, entries: <empty>
2019-09-12 14:27:48,109 [java.util.concurrent.ThreadPoolExecutor$Worker@4f438dcf[State = -1, empty queue]] WARN  server.GrpcLogAppender (GrpcLogAppender.java:timeoutAppendRequest(200)) - e2538fa5-58a8-4aba-9576-486ea31efcb2@group-3E8E6CBD8592->a3deabaa-6f33-4549-9afe-d811f1beb6dc-GrpcLogAppender: appendEntries Timeout, request=e2538fa5-58a8-4aba-9576-486ea31efcb2->a3deabaa-6f33-4549-9afe-d811f1beb6dc#18-t1, previous=(t:1, i:12), leaderCommit=6, initializing? false, entries: <empty>
2019-09-12 14:27:49,636 [grpc-default-executor-5] INFO  impl.RaftServerProxy (RaftServerProxy.java:remove(95)) - e2538fa5-58a8-4aba-9576-486ea31efcb2: remove group-947CD9AE92AF:null
2019-09-12 14:27:49,649 [RatisPipelineUtilsThread] WARN  pipeline.RatisPipelineUtils (RatisPipelineUtils.java:destroyPipeline(66)) - Pipeline destroy failed for pipeline=PipelineID=ba2e6536-2ad5-4e3a-8ecf-947cd9ae92af dn=e2538fa5-58a8-4aba-9576-486ea31efcb2{ip: 192.168.5.171, host: pr-hdds-2007-n4wwz-4249666578, networkLocation: /default-rack, certSerialId: null}
2019-09-12 14:27:49,653 [grpc-default-executor-5] INFO  impl.RaftServerProxy (RaftServerProxy.java:remove(95)) - c26651e2-a96c-4010-919f-87a827874a5b: remove group-947CD9AE92AF:null
2019-09-12 14:27:49,659 [RatisPipelineUtilsThread] WARN  pipeline.RatisPipelineUtils (RatisPipelineUtils.java:destroyPipeline(66)) - Pipeline destroy failed for pipeline=PipelineID=ba2e6536-2ad5-4e3a-8ecf-947cd9ae92af dn=c26651e2-a96c-4010-919f-87a827874a5b{ip: 192.168.5.171, host: pr-hdds-2007-n4wwz-4249666578, networkLocation: /default-rack, certSerialId: null}
2019-09-12 14:27:49,662 [grpc-default-executor-5] INFO  impl.RaftServerProxy (RaftServerProxy.java:remove(95)) - a3deabaa-6f33-4549-9afe-d811f1beb6dc: remove group-947CD9AE92AF:null
2019-09-12 14:27:49,667 [RatisPipelineUtilsThread] WARN  pipeline.RatisPipelineUtils (RatisPipelineUtils.java:destroyPipeline(66)) - Pipeline destroy failed for pipeline=PipelineID=ba2e6536-2ad5-4e3a-8ecf-947cd9ae92af dn=a3deabaa-6f33-4549-9afe-d811f1beb6dc{ip: 192.168.5.171, host: pr-hdds-2007-n4wwz-4249666578, networkLocation: /default-rack, certSerialId: null}
2019-09-12 14:27:49,668 [RatisPipelineUtilsThread] ERROR pipeline.SCMPipelineManager (Scheduler.java:lambda$schedule$1(70)) - Destroy pipeline failed for pipeline:Pipeline[ Id: ba2e6536-2ad5-4e3a-8ecf-947cd9ae92af, Nodes: e2538fa5-58a8-4aba-9576-486ea31efcb2{ip: 192.168.5.171, host: pr-hdds-2007-n4wwz-4249666578, networkLocation: /default-rack, certSerialId: null}c26651e2-a96c-4010-919f-87a827874a5b{ip: 192.168.5.171, host: pr-hdds-2007-n4wwz-4249666578, networkLocation: /default-rack, certSerialId: null}a3deabaa-6f33-4549-9afe-d811f1beb6dc{ip: 192.168.5.171, host: pr-hdds-2007-n4wwz-4249666578, networkLocation: /default-rack, certSerialId: null}, Type:RATIS, Factor:THREE, State:CLOSED]
org.apache.hadoop.hdds.scm.pipeline.PipelineNotFoundException: PipelineID=ba2e6536-2ad5-4e3a-8ecf-947cd9ae92af not found
	at org.apache.hadoop.hdds.scm.pipeline.PipelineStateMap.getPipeline(PipelineStateMap.java:132)
	at org.apache.hadoop.hdds.scm.pipeline.PipelineStateMap.removePipeline(PipelineStateMap.java:322)
	at org.apache.hadoop.hdds.scm.pipeline.PipelineStateManager.removePipeline(PipelineStateManager.java:107)
	at org.apache.hadoop.hdds.scm.pipeline.SCMPipelineManager.removePipeline(SCMPipelineManager.java:423)
	at org.apache.hadoop.hdds.scm.pipeline.SCMPipelineManager.destroyPipeline(SCMPipelineManager.java:409)
	at org.apache.hadoop.hdds.scm.pipeline.SCMPipelineManager.lambda$finalizeAndDestroyPipeline$0(SCMPipelineManager.java:318)
	at org.apache.hadoop.utils.Scheduler.lambda$schedule$1(Scheduler.java:68)
	at java.util.concurrent.Executors$RunnableAdapter.call(Executors.java:511)
	at java.util.concurrent.FutureTask.run(FutureTask.java:266)
	at java.util.concurrent.ScheduledThreadPoolExecutor$ScheduledFutureTask.access$201(ScheduledThreadPoolExecutor.java:180)
	at java.util.concurrent.ScheduledThreadPoolExecutor$ScheduledFutureTask.run(ScheduledThreadPoolExecutor.java:293)
	at java.util.concurrent.ThreadPoolExecutor.runWorker(ThreadPoolExecutor.java:1149)
	at java.util.concurrent.ThreadPoolExecutor$Worker.run(ThreadPoolExecutor.java:624)
	at java.lang.Thread.run(Thread.java:748)
2019-09-12 14:27:50,611 [java.util.concurrent.ThreadPoolExecutor$Worker@4f438dcf[State = -1, empty queue]] WARN  server.GrpcLogAppender (GrpcLogAppender.java:timeoutAppendRequest(200)) - e2538fa5-58a8-4aba-9576-486ea31efcb2@group-3E8E6CBD8592->a3deabaa-6f33-4549-9afe-d811f1beb6dc-GrpcLogAppender: appendEntries Timeout, request=e2538fa5-58a8-4aba-9576-486ea31efcb2->a3deabaa-6f33-4549-9afe-d811f1beb6dc#19-t1, previous=(t:1, i:12), leaderCommit=6, initializing? false, entries: <empty>
2019-09-12 14:27:50,611 [java.util.concurrent.ThreadPoolExecutor$Worker@44ea9f2[State = -1, empty queue]] WARN  server.GrpcLogAppender (GrpcLogAppender.java:timeoutAppendRequest(200)) - e2538fa5-58a8-4aba-9576-486ea31efcb2@group-3E8E6CBD8592->c26651e2-a96c-4010-919f-87a827874a5b-GrpcLogAppender: appendEntries Timeout, request=e2538fa5-58a8-4aba-9576-486ea31efcb2->c26651e2-a96c-4010-919f-87a827874a5b#19-t1, previous=(t:1, i:12), leaderCommit=6, initializing? false, entries: <empty>
2019-09-12 14:27:51,641 [grpc-default-executor-5] INFO  impl.RaftServerProxy (RaftServerProxy.java:remove(95)) - e2538fa5-58a8-4aba-9576-486ea31efcb2: remove group-947CD9AE92AF:null
2019-09-12 14:27:51,651 [RatisPipelineUtilsThread] WARN  pipeline.RatisPipelineUtils (RatisPipelineUtils.java:destroyPipeline(66)) - Pipeline destroy failed for pipeline=PipelineID=ba2e6536-2ad5-4e3a-8ecf-947cd9ae92af dn=e2538fa5-58a8-4aba-9576-486ea31efcb2{ip: 192.168.5.171, host: pr-hdds-2007-n4wwz-4249666578, networkLocation: /default-rack, certSerialId: null}
2019-09-12 14:27:51,655 [grpc-default-executor-5] INFO  impl.RaftServerProxy (RaftServerProxy.java:remove(95)) - c26651e2-a96c-4010-919f-87a827874a5b: remove group-947CD9AE92AF:null
2019-09-12 14:27:51,661 [RatisPipelineUtilsThread] WARN  pipeline.RatisPipelineUtils (RatisPipelineUtils.java:destroyPipeline(66)) - Pipeline destroy failed for pipeline=PipelineID=ba2e6536-2ad5-4e3a-8ecf-947cd9ae92af dn=c26651e2-a96c-4010-919f-87a827874a5b{ip: 192.168.5.171, host: pr-hdds-2007-n4wwz-4249666578, networkLocation: /default-rack, certSerialId: null}
2019-09-12 14:27:51,664 [grpc-default-executor-5] INFO  impl.RaftServerProxy (RaftServerProxy.java:remove(95)) - a3deabaa-6f33-4549-9afe-d811f1beb6dc: remove group-947CD9AE92AF:null
2019-09-12 14:27:51,670 [RatisPipelineUtilsThread] WARN  pipeline.RatisPipelineUtils (RatisPipelineUtils.java:destroyPipeline(66)) - Pipeline destroy failed for pipeline=PipelineID=ba2e6536-2ad5-4e3a-8ecf-947cd9ae92af dn=a3deabaa-6f33-4549-9afe-d811f1beb6dc{ip: 192.168.5.171, host: pr-hdds-2007-n4wwz-4249666578, networkLocation: /default-rack, certSerialId: null}
2019-09-12 14:27:51,670 [RatisPipelineUtilsThread] ERROR pipeline.SCMPipelineManager (Scheduler.java:lambda$schedule$1(70)) - Destroy pipeline failed for pipeline:Pipeline[ Id: ba2e6536-2ad5-4e3a-8ecf-947cd9ae92af, Nodes: e2538fa5-58a8-4aba-9576-486ea31efcb2{ip: 192.168.5.171, host: pr-hdds-2007-n4wwz-4249666578, networkLocation: /default-rack, certSerialId: null}c26651e2-a96c-4010-919f-87a827874a5b{ip: 192.168.5.171, host: pr-hdds-2007-n4wwz-4249666578, networkLocation: /default-rack, certSerialId: null}a3deabaa-6f33-4549-9afe-d811f1beb6dc{ip: 192.168.5.171, host: pr-hdds-2007-n4wwz-4249666578, networkLocation: /default-rack, certSerialId: null}, Type:RATIS, Factor:THREE, State:CLOSED]
org.apache.hadoop.hdds.scm.pipeline.PipelineNotFoundException: PipelineID=ba2e6536-2ad5-4e3a-8ecf-947cd9ae92af not found
	at org.apache.hadoop.hdds.scm.pipeline.PipelineStateMap.getPipeline(PipelineStateMap.java:132)
	at org.apache.hadoop.hdds.scm.pipeline.PipelineStateMap.removePipeline(PipelineStateMap.java:322)
	at org.apache.hadoop.hdds.scm.pipeline.PipelineStateManager.removePipeline(PipelineStateManager.java:107)
	at org.apache.hadoop.hdds.scm.pipeline.SCMPipelineManager.removePipeline(SCMPipelineManager.java:423)
	at org.apache.hadoop.hdds.scm.pipeline.SCMPipelineManager.destroyPipeline(SCMPipelineManager.java:409)
	at org.apache.hadoop.hdds.scm.pipeline.SCMPipelineManager.lambda$finalizeAndDestroyPipeline$0(SCMPipelineManager.java:318)
	at org.apache.hadoop.utils.Scheduler.lambda$schedule$1(Scheduler.java:68)
	at java.util.concurrent.Executors$RunnableAdapter.call(Executors.java:511)
	at java.util.concurrent.FutureTask.run(FutureTask.java:266)
	at java.util.concurrent.ScheduledThreadPoolExecutor$ScheduledFutureTask.access$201(ScheduledThreadPoolExecutor.java:180)
	at java.util.concurrent.ScheduledThreadPoolExecutor$ScheduledFutureTask.run(ScheduledThreadPoolExecutor.java:293)
	at java.util.concurrent.ThreadPoolExecutor.runWorker(ThreadPoolExecutor.java:1149)
	at java.util.concurrent.ThreadPoolExecutor$Worker.run(ThreadPoolExecutor.java:624)
	at java.lang.Thread.run(Thread.java:748)
2019-09-12 14:27:52,604 [a3deabaa-6f33-4549-9afe-d811f1beb6dc@group-3E8E6CBD8592-SegmentedRaftLogWorker] WARN  segmented.SegmentedRaftLogWorker (SegmentedRaftLogWorker.java:getFromFuture(90)) - Timeout 1/~
org.apache.ratis.protocol.TimeoutIOException: Timeout 10s: WriteLog:7: (t:1, i:7), STATEMACHINELOGENTRY, client-35FAC708AFA2, cid=44-writeStateMachineData
	at org.apache.ratis.util.IOUtils.getFromFuture(IOUtils.java:87)
	at org.apache.ratis.server.raftlog.segmented.SegmentedRaftLogWorker$StateMachineDataPolicy.getFromFuture(SegmentedRaftLogWorker.java:87)
	at org.apache.ratis.server.raftlog.segmented.SegmentedRaftLogWorker$WriteLog.execute(SegmentedRaftLogWorker.java:477)
	at org.apache.ratis.server.raftlog.segmented.SegmentedRaftLogWorker.run(SegmentedRaftLogWorker.java:289)
	at java.lang.Thread.run(Thread.java:748)
Caused by: java.util.concurrent.TimeoutException
	at java.util.concurrent.CompletableFuture.timedGet(CompletableFuture.java:1771)
	at java.util.concurrent.CompletableFuture.get(CompletableFuture.java:1915)
	at org.apache.ratis.util.IOUtils.getFromFuture(IOUtils.java:79)
	... 4 more
2019-09-12 14:27:52,604 [c26651e2-a96c-4010-919f-87a827874a5b@group-3E8E6CBD8592-SegmentedRaftLogWorker] WARN  segmented.SegmentedRaftLogWorker (SegmentedRaftLogWorker.java:getFromFuture(90)) - Timeout 1/~
org.apache.ratis.protocol.TimeoutIOException: Timeout 10s: WriteLog:7: (t:1, i:7), STATEMACHINELOGENTRY, client-35FAC708AFA2, cid=44-writeStateMachineData
	at org.apache.ratis.util.IOUtils.getFromFuture(IOUtils.java:87)
	at org.apache.ratis.server.raftlog.segmented.SegmentedRaftLogWorker$StateMachineDataPolicy.getFromFuture(SegmentedRaftLogWorker.java:87)
	at org.apache.ratis.server.raftlog.segmented.SegmentedRaftLogWorker$WriteLog.execute(SegmentedRaftLogWorker.java:477)
	at org.apache.ratis.server.raftlog.segmented.SegmentedRaftLogWorker.run(SegmentedRaftLogWorker.java:289)
	at java.lang.Thread.run(Thread.java:748)
Caused by: java.util.concurrent.TimeoutException
	at java.util.concurrent.CompletableFuture.timedGet(CompletableFuture.java:1771)
	at java.util.concurrent.CompletableFuture.get(CompletableFuture.java:1915)
	at org.apache.ratis.util.IOUtils.getFromFuture(IOUtils.java:79)
	... 4 more
2019-09-12 14:27:52,744 [e2538fa5-58a8-4aba-9576-486ea31efcb2@group-3E8E6CBD8592-SegmentedRaftLogWorker] WARN  segmented.SegmentedRaftLogWorker (SegmentedRaftLogWorker.java:getFromFuture(90)) - Timeout 1/~
org.apache.ratis.protocol.TimeoutIOException: Timeout 10s: WriteLog:8: (t:1, i:8), STATEMACHINELOGENTRY, client-35FAC708AFA2, cid=45-writeStateMachineData
	at org.apache.ratis.util.IOUtils.getFromFuture(IOUtils.java:87)
	at org.apache.ratis.server.raftlog.segmented.SegmentedRaftLogWorker$StateMachineDataPolicy.getFromFuture(SegmentedRaftLogWorker.java:87)
	at org.apache.ratis.server.raftlog.segmented.SegmentedRaftLogWorker$WriteLog.execute(SegmentedRaftLogWorker.java:477)
	at org.apache.ratis.server.raftlog.segmented.SegmentedRaftLogWorker.run(SegmentedRaftLogWorker.java:289)
	at java.lang.Thread.run(Thread.java:748)
Caused by: java.util.concurrent.TimeoutException
	at java.util.concurrent.CompletableFuture.timedGet(CompletableFuture.java:1771)
	at java.util.concurrent.CompletableFuture.get(CompletableFuture.java:1915)
	at org.apache.ratis.util.IOUtils.getFromFuture(IOUtils.java:79)
	... 4 more
2019-09-12 14:27:52,788 [grpc-default-executor-5] INFO  client.GrpcClientProtocolClient (GrpcClientProtocolClient.java:onNext(264)) - client-35FAC708AFA2->c26651e2-a96c-4010-919f-87a827874a5b: receive RaftClientReply:client-35FAC708AFA2->c26651e2-a96c-4010-919f-87a827874a5b@group-3E8E6CBD8592, cid=44, FAILED org.apache.ratis.protocol.NotLeaderException: Server c26651e2-a96c-4010-919f-87a827874a5b@group-3E8E6CBD8592 is not the leader e2538fa5-58a8-4aba-9576-486ea31efcb2:192.168.5.171:42589, logIndex=0, commits[c26651e2-a96c-4010-919f-87a827874a5b:c6, e2538fa5-58a8-4aba-9576-486ea31efcb2:c6, a3deabaa-6f33-4549-9afe-d811f1beb6dc:c4]
2019-09-12 14:27:53,112 [java.util.concurrent.ThreadPoolExecutor$Worker@4f438dcf[State = -1, empty queue]] WARN  server.GrpcLogAppender (GrpcLogAppender.java:timeoutAppendRequest(200)) - e2538fa5-58a8-4aba-9576-486ea31efcb2@group-3E8E6CBD8592->a3deabaa-6f33-4549-9afe-d811f1beb6dc-GrpcLogAppender: appendEntries Timeout, request=e2538fa5-58a8-4aba-9576-486ea31efcb2->a3deabaa-6f33-4549-9afe-d811f1beb6dc#20-t1, previous=(t:1, i:12), leaderCommit=6, initializing? false, entries: <empty>
2019-09-12 14:27:53,112 [java.util.concurrent.ThreadPoolExecutor$Worker@44ea9f2[State = -1, empty queue]] WARN  server.GrpcLogAppender (GrpcLogAppender.java:timeoutAppendRequest(200)) - e2538fa5-58a8-4aba-9576-486ea31efcb2@group-3E8E6CBD8592->c26651e2-a96c-4010-919f-87a827874a5b-GrpcLogAppender: appendEntries Timeout, request=e2538fa5-58a8-4aba-9576-486ea31efcb2->c26651e2-a96c-4010-919f-87a827874a5b#20-t1, previous=(t:1, i:12), leaderCommit=6, initializing? false, entries: <empty>
2019-09-12 14:27:54,636 [grpc-default-executor-5] INFO  impl.RaftServerProxy (RaftServerProxy.java:remove(95)) - e2538fa5-58a8-4aba-9576-486ea31efcb2: remove group-947CD9AE92AF:null
2019-09-12 14:27:54,645 [RatisPipelineUtilsThread] WARN  pipeline.RatisPipelineUtils (RatisPipelineUtils.java:destroyPipeline(66)) - Pipeline destroy failed for pipeline=PipelineID=ba2e6536-2ad5-4e3a-8ecf-947cd9ae92af dn=e2538fa5-58a8-4aba-9576-486ea31efcb2{ip: 192.168.5.171, host: pr-hdds-2007-n4wwz-4249666578, networkLocation: /default-rack, certSerialId: null}
2019-09-12 14:27:54,649 [grpc-default-executor-5] INFO  impl.RaftServerProxy (RaftServerProxy.java:remove(95)) - c26651e2-a96c-4010-919f-87a827874a5b: remove group-947CD9AE92AF:null
2019-09-12 14:27:54,654 [RatisPipelineUtilsThread] WARN  pipeline.RatisPipelineUtils (RatisPipelineUtils.java:destroyPipeline(66)) - Pipeline destroy failed for pipeline=PipelineID=ba2e6536-2ad5-4e3a-8ecf-947cd9ae92af dn=c26651e2-a96c-4010-919f-87a827874a5b{ip: 192.168.5.171, host: pr-hdds-2007-n4wwz-4249666578, networkLocation: /default-rack, certSerialId: null}
2019-09-12 14:27:54,658 [grpc-default-executor-5] INFO  impl.RaftServerProxy (RaftServerProxy.java:remove(95)) - a3deabaa-6f33-4549-9afe-d811f1beb6dc: remove group-947CD9AE92AF:null
2019-09-12 14:27:54,676 [RatisPipelineUtilsThread] WARN  pipeline.RatisPipelineUtils (RatisPipelineUtils.java:destroyPipeline(66)) - Pipeline destroy failed for pipeline=PipelineID=ba2e6536-2ad5-4e3a-8ecf-947cd9ae92af dn=a3deabaa-6f33-4549-9afe-d811f1beb6dc{ip: 192.168.5.171, host: pr-hdds-2007-n4wwz-4249666578, networkLocation: /default-rack, certSerialId: null}
2019-09-12 14:27:54,676 [RatisPipelineUtilsThread] ERROR pipeline.SCMPipelineManager (Scheduler.java:lambda$schedule$1(70)) - Destroy pipeline failed for pipeline:Pipeline[ Id: ba2e6536-2ad5-4e3a-8ecf-947cd9ae92af, Nodes: e2538fa5-58a8-4aba-9576-486ea31efcb2{ip: 192.168.5.171, host: pr-hdds-2007-n4wwz-4249666578, networkLocation: /default-rack, certSerialId: null}c26651e2-a96c-4010-919f-87a827874a5b{ip: 192.168.5.171, host: pr-hdds-2007-n4wwz-4249666578, networkLocation: /default-rack, certSerialId: null}a3deabaa-6f33-4549-9afe-d811f1beb6dc{ip: 192.168.5.171, host: pr-hdds-2007-n4wwz-4249666578, networkLocation: /default-rack, certSerialId: null}, Type:RATIS, Factor:THREE, State:CLOSED]
org.apache.hadoop.hdds.scm.pipeline.PipelineNotFoundException: PipelineID=ba2e6536-2ad5-4e3a-8ecf-947cd9ae92af not found
	at org.apache.hadoop.hdds.scm.pipeline.PipelineStateMap.getPipeline(PipelineStateMap.java:132)
	at org.apache.hadoop.hdds.scm.pipeline.PipelineStateMap.removePipeline(PipelineStateMap.java:322)
	at org.apache.hadoop.hdds.scm.pipeline.PipelineStateManager.removePipeline(PipelineStateManager.java:107)
	at org.apache.hadoop.hdds.scm.pipeline.SCMPipelineManager.removePipeline(SCMPipelineManager.java:423)
	at org.apache.hadoop.hdds.scm.pipeline.SCMPipelineManager.destroyPipeline(SCMPipelineManager.java:409)
	at org.apache.hadoop.hdds.scm.pipeline.SCMPipelineManager.lambda$finalizeAndDestroyPipeline$0(SCMPipelineManager.java:318)
	at org.apache.hadoop.utils.Scheduler.lambda$schedule$1(Scheduler.java:68)
	at java.util.concurrent.Executors$RunnableAdapter.call(Executors.java:511)
	at java.util.concurrent.FutureTask.run(FutureTask.java:266)
	at java.util.concurrent.ScheduledThreadPoolExecutor$ScheduledFutureTask.access$201(ScheduledThreadPoolExecutor.java:180)
	at java.util.concurrent.ScheduledThreadPoolExecutor$ScheduledFutureTask.run(ScheduledThreadPoolExecutor.java:293)
	at java.util.concurrent.ThreadPoolExecutor.runWorker(ThreadPoolExecutor.java:1149)
	at java.util.concurrent.ThreadPoolExecutor$Worker.run(ThreadPoolExecutor.java:624)
	at java.lang.Thread.run(Thread.java:748)
2019-09-12 14:27:55,613 [java.util.concurrent.ThreadPoolExecutor$Worker@44ea9f2[State = -1, empty queue]] WARN  server.GrpcLogAppender (GrpcLogAppender.java:timeoutAppendRequest(200)) - e2538fa5-58a8-4aba-9576-486ea31efcb2@group-3E8E6CBD8592->c26651e2-a96c-4010-919f-87a827874a5b-GrpcLogAppender: appendEntries Timeout, request=e2538fa5-58a8-4aba-9576-486ea31efcb2->c26651e2-a96c-4010-919f-87a827874a5b#21-t1, previous=(t:1, i:12), leaderCommit=6, initializing? false, entries: <empty>
2019-09-12 14:27:55,613 [java.util.concurrent.ThreadPoolExecutor$Worker@4f438dcf[State = -1, empty queue]] WARN  server.GrpcLogAppender (GrpcLogAppender.java:timeoutAppendRequest(200)) - e2538fa5-58a8-4aba-9576-486ea31efcb2@group-3E8E6CBD8592->a3deabaa-6f33-4549-9afe-d811f1beb6dc-GrpcLogAppender: appendEntries Timeout, request=e2538fa5-58a8-4aba-9576-486ea31efcb2->a3deabaa-6f33-4549-9afe-d811f1beb6dc#21-t1, previous=(t:1, i:12), leaderCommit=6, initializing? false, entries: <empty>
2019-09-12 14:27:56,644 [grpc-default-executor-5] INFO  impl.RaftServerProxy (RaftServerProxy.java:remove(95)) - e2538fa5-58a8-4aba-9576-486ea31efcb2: remove group-947CD9AE92AF:null
2019-09-12 14:27:56,653 [RatisPipelineUtilsThread] WARN  pipeline.RatisPipelineUtils (RatisPipelineUtils.java:destroyPipeline(66)) - Pipeline destroy failed for pipeline=PipelineID=ba2e6536-2ad5-4e3a-8ecf-947cd9ae92af dn=e2538fa5-58a8-4aba-9576-486ea31efcb2{ip: 192.168.5.171, host: pr-hdds-2007-n4wwz-4249666578, networkLocation: /default-rack, certSerialId: null}
2019-09-12 14:27:56,657 [grpc-default-executor-5] INFO  impl.RaftServerProxy (RaftServerProxy.java:remove(95)) - c26651e2-a96c-4010-919f-87a827874a5b: remove group-947CD9AE92AF:null
2019-09-12 14:27:56,669 [RatisPipelineUtilsThread] WARN  pipeline.RatisPipelineUtils (RatisPipelineUtils.java:destroyPipeline(66)) - Pipeline destroy failed for pipeline=PipelineID=ba2e6536-2ad5-4e3a-8ecf-947cd9ae92af dn=c26651e2-a96c-4010-919f-87a827874a5b{ip: 192.168.5.171, host: pr-hdds-2007-n4wwz-4249666578, networkLocation: /default-rack, certSerialId: null}
2019-09-12 14:27:56,673 [grpc-default-executor-5] INFO  impl.RaftServerProxy (RaftServerProxy.java:remove(95)) - a3deabaa-6f33-4549-9afe-d811f1beb6dc: remove group-947CD9AE92AF:null
2019-09-12 14:27:56,677 [RatisPipelineUtilsThread] WARN  pipeline.RatisPipelineUtils (RatisPipelineUtils.java:destroyPipeline(66)) - Pipeline destroy failed for pipeline=PipelineID=ba2e6536-2ad5-4e3a-8ecf-947cd9ae92af dn=a3deabaa-6f33-4549-9afe-d811f1beb6dc{ip: 192.168.5.171, host: pr-hdds-2007-n4wwz-4249666578, networkLocation: /default-rack, certSerialId: null}
2019-09-12 14:27:56,677 [RatisPipelineUtilsThread] ERROR pipeline.SCMPipelineManager (Scheduler.java:lambda$schedule$1(70)) - Destroy pipeline failed for pipeline:Pipeline[ Id: ba2e6536-2ad5-4e3a-8ecf-947cd9ae92af, Nodes: e2538fa5-58a8-4aba-9576-486ea31efcb2{ip: 192.168.5.171, host: pr-hdds-2007-n4wwz-4249666578, networkLocation: /default-rack, certSerialId: null}c26651e2-a96c-4010-919f-87a827874a5b{ip: 192.168.5.171, host: pr-hdds-2007-n4wwz-4249666578, networkLocation: /default-rack, certSerialId: null}a3deabaa-6f33-4549-9afe-d811f1beb6dc{ip: 192.168.5.171, host: pr-hdds-2007-n4wwz-4249666578, networkLocation: /default-rack, certSerialId: null}, Type:RATIS, Factor:THREE, State:CLOSED]
org.apache.hadoop.hdds.scm.pipeline.PipelineNotFoundException: PipelineID=ba2e6536-2ad5-4e3a-8ecf-947cd9ae92af not found
	at org.apache.hadoop.hdds.scm.pipeline.PipelineStateMap.getPipeline(PipelineStateMap.java:132)
	at org.apache.hadoop.hdds.scm.pipeline.PipelineStateMap.removePipeline(PipelineStateMap.java:322)
	at org.apache.hadoop.hdds.scm.pipeline.PipelineStateManager.removePipeline(PipelineStateManager.java:107)
	at org.apache.hadoop.hdds.scm.pipeline.SCMPipelineManager.removePipeline(SCMPipelineManager.java:423)
	at org.apache.hadoop.hdds.scm.pipeline.SCMPipelineManager.destroyPipeline(SCMPipelineManager.java:409)
	at org.apache.hadoop.hdds.scm.pipeline.SCMPipelineManager.lambda$finalizeAndDestroyPipeline$0(SCMPipelineManager.java:318)
	at org.apache.hadoop.utils.Scheduler.lambda$schedule$1(Scheduler.java:68)
	at java.util.concurrent.Executors$RunnableAdapter.call(Executors.java:511)
	at java.util.concurrent.FutureTask.run(FutureTask.java:266)
	at java.util.concurrent.ScheduledThreadPoolExecutor$ScheduledFutureTask.access$201(ScheduledThreadPoolExecutor.java:180)
	at java.util.concurrent.ScheduledThreadPoolExecutor$ScheduledFutureTask.run(ScheduledThreadPoolExecutor.java:293)
	at java.util.concurrent.ThreadPoolExecutor.runWorker(ThreadPoolExecutor.java:1149)
	at java.util.concurrent.ThreadPoolExecutor$Worker.run(ThreadPoolExecutor.java:624)
	at java.lang.Thread.run(Thread.java:748)
2019-09-12 14:27:57,828 [grpc-default-executor-5] INFO  client.GrpcClientProtocolClient (GrpcClientProtocolClient.java:onNext(264)) - client-35FAC708AFA2->a3deabaa-6f33-4549-9afe-d811f1beb6dc: receive RaftClientReply:client-35FAC708AFA2->a3deabaa-6f33-4549-9afe-d811f1beb6dc@group-3E8E6CBD8592, cid=44, FAILED org.apache.ratis.protocol.NotLeaderException: Server a3deabaa-6f33-4549-9afe-d811f1beb6dc@group-3E8E6CBD8592 is not the leader e2538fa5-58a8-4aba-9576-486ea31efcb2:192.168.5.171:42589, logIndex=0, commits[a3deabaa-6f33-4549-9afe-d811f1beb6dc:c6, e2538fa5-58a8-4aba-9576-486ea31efcb2:c6, c26651e2-a96c-4010-919f-87a827874a5b:c4]
2019-09-12 14:27:58,113 [java.util.concurrent.ThreadPoolExecutor$Worker@44ea9f2[State = -1, empty queue]] WARN  server.GrpcLogAppender (GrpcLogAppender.java:timeoutAppendRequest(200)) - e2538fa5-58a8-4aba-9576-486ea31efcb2@group-3E8E6CBD8592->c26651e2-a96c-4010-919f-87a827874a5b-GrpcLogAppender: appendEntries Timeout, request=e2538fa5-58a8-4aba-9576-486ea31efcb2->c26651e2-a96c-4010-919f-87a827874a5b#22-t1, previous=(t:1, i:12), leaderCommit=6, initializing? false, entries: <empty>
2019-09-12 14:27:58,113 [java.util.concurrent.ThreadPoolExecutor$Worker@4f438dcf[State = -1, empty queue]] WARN  server.GrpcLogAppender (GrpcLogAppender.java:timeoutAppendRequest(200)) - e2538fa5-58a8-4aba-9576-486ea31efcb2@group-3E8E6CBD8592->a3deabaa-6f33-4549-9afe-d811f1beb6dc-GrpcLogAppender: appendEntries Timeout, request=e2538fa5-58a8-4aba-9576-486ea31efcb2->a3deabaa-6f33-4549-9afe-d811f1beb6dc#22-t1, previous=(t:1, i:12), leaderCommit=6, initializing? false, entries: <empty>
2019-09-12 14:27:59,637 [grpc-default-executor-6] INFO  impl.RaftServerProxy (RaftServerProxy.java:remove(95)) - e2538fa5-58a8-4aba-9576-486ea31efcb2: remove group-947CD9AE92AF:null
2019-09-12 14:27:59,641 [RatisPipelineUtilsThread] WARN  pipeline.RatisPipelineUtils (RatisPipelineUtils.java:destroyPipeline(66)) - Pipeline destroy failed for pipeline=PipelineID=ba2e6536-2ad5-4e3a-8ecf-947cd9ae92af dn=e2538fa5-58a8-4aba-9576-486ea31efcb2{ip: 192.168.5.171, host: pr-hdds-2007-n4wwz-4249666578, networkLocation: /default-rack, certSerialId: null}
2019-09-12 14:27:59,644 [grpc-default-executor-6] INFO  impl.RaftServerProxy (RaftServerProxy.java:remove(95)) - c26651e2-a96c-4010-919f-87a827874a5b: remove group-947CD9AE92AF:null
2019-09-12 14:27:59,647 [RatisPipelineUtilsThread] WARN  pipeline.RatisPipelineUtils (RatisPipelineUtils.java:destroyPipeline(66)) - Pipeline destroy failed for pipeline=PipelineID=ba2e6536-2ad5-4e3a-8ecf-947cd9ae92af dn=c26651e2-a96c-4010-919f-87a827874a5b{ip: 192.168.5.171, host: pr-hdds-2007-n4wwz-4249666578, networkLocation: /default-rack, certSerialId: null}
2019-09-12 14:27:59,650 [grpc-default-executor-6] INFO  impl.RaftServerProxy (RaftServerProxy.java:remove(95)) - a3deabaa-6f33-4549-9afe-d811f1beb6dc: remove group-947CD9AE92AF:null
2019-09-12 14:27:59,652 [RatisPipelineUtilsThread] WARN  pipeline.RatisPipelineUtils (RatisPipelineUtils.java:destroyPipeline(66)) - Pipeline destroy failed for pipeline=PipelineID=ba2e6536-2ad5-4e3a-8ecf-947cd9ae92af dn=a3deabaa-6f33-4549-9afe-d811f1beb6dc{ip: 192.168.5.171, host: pr-hdds-2007-n4wwz-4249666578, networkLocation: /default-rack, certSerialId: null}
2019-09-12 14:27:59,653 [RatisPipelineUtilsThread] ERROR pipeline.SCMPipelineManager (Scheduler.java:lambda$schedule$1(70)) - Destroy pipeline failed for pipeline:Pipeline[ Id: ba2e6536-2ad5-4e3a-8ecf-947cd9ae92af, Nodes: e2538fa5-58a8-4aba-9576-486ea31efcb2{ip: 192.168.5.171, host: pr-hdds-2007-n4wwz-4249666578, networkLocation: /default-rack, certSerialId: null}c26651e2-a96c-4010-919f-87a827874a5b{ip: 192.168.5.171, host: pr-hdds-2007-n4wwz-4249666578, networkLocation: /default-rack, certSerialId: null}a3deabaa-6f33-4549-9afe-d811f1beb6dc{ip: 192.168.5.171, host: pr-hdds-2007-n4wwz-4249666578, networkLocation: /default-rack, certSerialId: null}, Type:RATIS, Factor:THREE, State:CLOSED]
org.apache.hadoop.hdds.scm.pipeline.PipelineNotFoundException: PipelineID=ba2e6536-2ad5-4e3a-8ecf-947cd9ae92af not found
	at org.apache.hadoop.hdds.scm.pipeline.PipelineStateMap.getPipeline(PipelineStateMap.java:132)
	at org.apache.hadoop.hdds.scm.pipeline.PipelineStateMap.removePipeline(PipelineStateMap.java:322)
	at org.apache.hadoop.hdds.scm.pipeline.PipelineStateManager.removePipeline(PipelineStateManager.java:107)
	at org.apache.hadoop.hdds.scm.pipeline.SCMPipelineManager.removePipeline(SCMPipelineManager.java:423)
	at org.apache.hadoop.hdds.scm.pipeline.SCMPipelineManager.destroyPipeline(SCMPipelineManager.java:409)
	at org.apache.hadoop.hdds.scm.pipeline.SCMPipelineManager.lambda$finalizeAndDestroyPipeline$0(SCMPipelineManager.java:318)
	at org.apache.hadoop.utils.Scheduler.lambda$schedule$1(Scheduler.java:68)
	at java.util.concurrent.Executors$RunnableAdapter.call(Executors.java:511)
	at java.util.concurrent.FutureTask.run(FutureTask.java:266)
	at java.util.concurrent.ScheduledThreadPoolExecutor$ScheduledFutureTask.access$201(ScheduledThreadPoolExecutor.java:180)
	at java.util.concurrent.ScheduledThreadPoolExecutor$ScheduledFutureTask.run(ScheduledThreadPoolExecutor.java:293)
	at java.util.concurrent.ThreadPoolExecutor.runWorker(ThreadPoolExecutor.java:1149)
	at java.util.concurrent.ThreadPoolExecutor$Worker.run(ThreadPoolExecutor.java:624)
	at java.lang.Thread.run(Thread.java:748)
2019-09-12 14:28:00,614 [java.util.concurrent.ThreadPoolExecutor$Worker@4f438dcf[State = -1, empty queue]] WARN  server.GrpcLogAppender (GrpcLogAppender.java:timeoutAppendRequest(200)) - e2538fa5-58a8-4aba-9576-486ea31efcb2@group-3E8E6CBD8592->a3deabaa-6f33-4549-9afe-d811f1beb6dc-GrpcLogAppender: appendEntries Timeout, request=e2538fa5-58a8-4aba-9576-486ea31efcb2->a3deabaa-6f33-4549-9afe-d811f1beb6dc#23-t1, previous=(t:1, i:12), leaderCommit=6, initializing? false, entries: <empty>
2019-09-12 14:28:00,614 [java.util.concurrent.ThreadPoolExecutor$Worker@44ea9f2[State = -1, empty queue]] WARN  server.GrpcLogAppender (GrpcLogAppender.java:timeoutAppendRequest(200)) - e2538fa5-58a8-4aba-9576-486ea31efcb2@group-3E8E6CBD8592->c26651e2-a96c-4010-919f-87a827874a5b-GrpcLogAppender: appendEntries Timeout, request=e2538fa5-58a8-4aba-9576-486ea31efcb2->c26651e2-a96c-4010-919f-87a827874a5b#23-t1, previous=(t:1, i:12), leaderCommit=6, initializing? false, entries: <empty>
2019-09-12 14:28:01,640 [grpc-default-executor-5] INFO  impl.RaftServerProxy (RaftServerProxy.java:remove(95)) - e2538fa5-58a8-4aba-9576-486ea31efcb2: remove group-947CD9AE92AF:null
2019-09-12 14:28:01,644 [RatisPipelineUtilsThread] WARN  pipeline.RatisPipelineUtils (RatisPipelineUtils.java:destroyPipeline(66)) - Pipeline destroy failed for pipeline=PipelineID=ba2e6536-2ad5-4e3a-8ecf-947cd9ae92af dn=e2538fa5-58a8-4aba-9576-486ea31efcb2{ip: 192.168.5.171, host: pr-hdds-2007-n4wwz-4249666578, networkLocation: /default-rack, certSerialId: null}
2019-09-12 14:28:01,647 [grpc-default-executor-5] INFO  impl.RaftServerProxy (RaftServerProxy.java:remove(95)) - c26651e2-a96c-4010-919f-87a827874a5b: remove group-947CD9AE92AF:null
2019-09-12 14:28:01,649 [RatisPipelineUtilsThread] WARN  pipeline.RatisPipelineUtils (RatisPipelineUtils.java:destroyPipeline(66)) - Pipeline destroy failed for pipeline=PipelineID=ba2e6536-2ad5-4e3a-8ecf-947cd9ae92af dn=c26651e2-a96c-4010-919f-87a827874a5b{ip: 192.168.5.171, host: pr-hdds-2007-n4wwz-4249666578, networkLocation: /default-rack, certSerialId: null}
2019-09-12 14:28:01,652 [grpc-default-executor-5] INFO  impl.RaftServerProxy (RaftServerProxy.java:remove(95)) - a3deabaa-6f33-4549-9afe-d811f1beb6dc: remove group-947CD9AE92AF:null
2019-09-12 14:28:01,654 [RatisPipelineUtilsThread] WARN  pipeline.RatisPipelineUtils (RatisPipelineUtils.java:destroyPipeline(66)) - Pipeline destroy failed for pipeline=PipelineID=ba2e6536-2ad5-4e3a-8ecf-947cd9ae92af dn=a3deabaa-6f33-4549-9afe-d811f1beb6dc{ip: 192.168.5.171, host: pr-hdds-2007-n4wwz-4249666578, networkLocation: /default-rack, certSerialId: null}
2019-09-12 14:28:01,655 [RatisPipelineUtilsThread] ERROR pipeline.SCMPipelineManager (Scheduler.java:lambda$schedule$1(70)) - Destroy pipeline failed for pipeline:Pipeline[ Id: ba2e6536-2ad5-4e3a-8ecf-947cd9ae92af, Nodes: e2538fa5-58a8-4aba-9576-486ea31efcb2{ip: 192.168.5.171, host: pr-hdds-2007-n4wwz-4249666578, networkLocation: /default-rack, certSerialId: null}c26651e2-a96c-4010-919f-87a827874a5b{ip: 192.168.5.171, host: pr-hdds-2007-n4wwz-4249666578, networkLocation: /default-rack, certSerialId: null}a3deabaa-6f33-4549-9afe-d811f1beb6dc{ip: 192.168.5.171, host: pr-hdds-2007-n4wwz-4249666578, networkLocation: /default-rack, certSerialId: null}, Type:RATIS, Factor:THREE, State:CLOSED]
org.apache.hadoop.hdds.scm.pipeline.PipelineNotFoundException: PipelineID=ba2e6536-2ad5-4e3a-8ecf-947cd9ae92af not found
	at org.apache.hadoop.hdds.scm.pipeline.PipelineStateMap.getPipeline(PipelineStateMap.java:132)
	at org.apache.hadoop.hdds.scm.pipeline.PipelineStateMap.removePipeline(PipelineStateMap.java:322)
	at org.apache.hadoop.hdds.scm.pipeline.PipelineStateManager.removePipeline(PipelineStateManager.java:107)
	at org.apache.hadoop.hdds.scm.pipeline.SCMPipelineManager.removePipeline(SCMPipelineManager.java:423)
	at org.apache.hadoop.hdds.scm.pipeline.SCMPipelineManager.destroyPipeline(SCMPipelineManager.java:409)
	at org.apache.hadoop.hdds.scm.pipeline.SCMPipelineManager.lambda$finalizeAndDestroyPipeline$0(SCMPipelineManager.java:318)
	at org.apache.hadoop.utils.Scheduler.lambda$schedule$1(Scheduler.java:68)
	at java.util.concurrent.Executors$RunnableAdapter.call(Executors.java:511)
	at java.util.concurrent.FutureTask.run(FutureTask.java:266)
	at java.util.concurrent.ScheduledThreadPoolExecutor$ScheduledFutureTask.access$201(ScheduledThreadPoolExecutor.java:180)
	at java.util.concurrent.ScheduledThreadPoolExecutor$ScheduledFutureTask.run(ScheduledThreadPoolExecutor.java:293)
	at java.util.concurrent.ThreadPoolExecutor.runWorker(ThreadPoolExecutor.java:1149)
	at java.util.concurrent.ThreadPoolExecutor$Worker.run(ThreadPoolExecutor.java:624)
	at java.lang.Thread.run(Thread.java:748)
2019-09-12 14:28:02,606 [a3deabaa-6f33-4549-9afe-d811f1beb6dc@group-3E8E6CBD8592-SegmentedRaftLogWorker] WARN  segmented.SegmentedRaftLogWorker (SegmentedRaftLogWorker.java:getFromFuture(90)) - Timeout 2/~
org.apache.ratis.protocol.TimeoutIOException: Timeout 10s: WriteLog:7: (t:1, i:7), STATEMACHINELOGENTRY, client-35FAC708AFA2, cid=44-writeStateMachineData
	at org.apache.ratis.util.IOUtils.getFromFuture(IOUtils.java:87)
	at org.apache.ratis.server.raftlog.segmented.SegmentedRaftLogWorker$StateMachineDataPolicy.getFromFuture(SegmentedRaftLogWorker.java:87)
	at org.apache.ratis.server.raftlog.segmented.SegmentedRaftLogWorker$WriteLog.execute(SegmentedRaftLogWorker.java:477)
	at org.apache.ratis.server.raftlog.segmented.SegmentedRaftLogWorker.run(SegmentedRaftLogWorker.java:289)
	at java.lang.Thread.run(Thread.java:748)
Caused by: java.util.concurrent.TimeoutException
	at java.util.concurrent.CompletableFuture.timedGet(CompletableFuture.java:1771)
	at java.util.concurrent.CompletableFuture.get(CompletableFuture.java:1915)
	at org.apache.ratis.util.IOUtils.getFromFuture(IOUtils.java:79)
	... 4 more
2019-09-12 14:28:02,606 [c26651e2-a96c-4010-919f-87a827874a5b@group-3E8E6CBD8592-SegmentedRaftLogWorker] WARN  segmented.SegmentedRaftLogWorker (SegmentedRaftLogWorker.java:getFromFuture(90)) - Timeout 2/~
org.apache.ratis.protocol.TimeoutIOException: Timeout 10s: WriteLog:7: (t:1, i:7), STATEMACHINELOGENTRY, client-35FAC708AFA2, cid=44-writeStateMachineData
	at org.apache.ratis.util.IOUtils.getFromFuture(IOUtils.java:87)
	at org.apache.ratis.server.raftlog.segmented.SegmentedRaftLogWorker$StateMachineDataPolicy.getFromFuture(SegmentedRaftLogWorker.java:87)
	at org.apache.ratis.server.raftlog.segmented.SegmentedRaftLogWorker$WriteLog.execute(SegmentedRaftLogWorker.java:477)
	at org.apache.ratis.server.raftlog.segmented.SegmentedRaftLogWorker.run(SegmentedRaftLogWorker.java:289)
	at java.lang.Thread.run(Thread.java:748)
Caused by: java.util.concurrent.TimeoutException
	at java.util.concurrent.CompletableFuture.timedGet(CompletableFuture.java:1771)
	at java.util.concurrent.CompletableFuture.get(CompletableFuture.java:1915)
	at org.apache.ratis.util.IOUtils.getFromFuture(IOUtils.java:79)
	... 4 more
2019-09-12 14:28:02,745 [e2538fa5-58a8-4aba-9576-486ea31efcb2@group-3E8E6CBD8592-SegmentedRaftLogWorker] WARN  segmented.SegmentedRaftLogWorker (SegmentedRaftLogWorker.java:getFromFuture(90)) - Timeout 2/~
org.apache.ratis.protocol.TimeoutIOException: Timeout 10s: WriteLog:8: (t:1, i:8), STATEMACHINELOGENTRY, client-35FAC708AFA2, cid=45-writeStateMachineData
	at org.apache.ratis.util.IOUtils.getFromFuture(IOUtils.java:87)
	at org.apache.ratis.server.raftlog.segmented.SegmentedRaftLogWorker$StateMachineDataPolicy.getFromFuture(SegmentedRaftLogWorker.java:87)
	at org.apache.ratis.server.raftlog.segmented.SegmentedRaftLogWorker$WriteLog.execute(SegmentedRaftLogWorker.java:477)
	at org.apache.ratis.server.raftlog.segmented.SegmentedRaftLogWorker.run(SegmentedRaftLogWorker.java:289)
	at java.lang.Thread.run(Thread.java:748)
Caused by: java.util.concurrent.TimeoutException
	at java.util.concurrent.CompletableFuture.timedGet(CompletableFuture.java:1771)
	at java.util.concurrent.CompletableFuture.get(CompletableFuture.java:1915)
	at org.apache.ratis.util.IOUtils.getFromFuture(IOUtils.java:79)
	... 4 more
2019-09-12 14:28:02,872 [grpc-default-executor-5] INFO  client.GrpcClientProtocolClient (GrpcClientProtocolClient.java:onNext(264)) - client-35FAC708AFA2->c26651e2-a96c-4010-919f-87a827874a5b: receive RaftClientReply:client-35FAC708AFA2->c26651e2-a96c-4010-919f-87a827874a5b@group-3E8E6CBD8592, cid=44, FAILED org.apache.ratis.protocol.NotLeaderException: Server c26651e2-a96c-4010-919f-87a827874a5b@group-3E8E6CBD8592 is not the leader e2538fa5-58a8-4aba-9576-486ea31efcb2:192.168.5.171:42589, logIndex=0, commits[c26651e2-a96c-4010-919f-87a827874a5b:c6, e2538fa5-58a8-4aba-9576-486ea31efcb2:c6, a3deabaa-6f33-4549-9afe-d811f1beb6dc:c4]
2019-09-12 14:28:03,115 [java.util.concurrent.ThreadPoolExecutor$Worker@44ea9f2[State = -1, empty queue]] WARN  server.GrpcLogAppender (GrpcLogAppender.java:timeoutAppendRequest(200)) - e2538fa5-58a8-4aba-9576-486ea31efcb2@group-3E8E6CBD8592->c26651e2-a96c-4010-919f-87a827874a5b-GrpcLogAppender: appendEntries Timeout, request=e2538fa5-58a8-4aba-9576-486ea31efcb2->c26651e2-a96c-4010-919f-87a827874a5b#24-t1, previous=(t:1, i:12), leaderCommit=6, initializing? false, entries: <empty>
2019-09-12 14:28:03,115 [java.util.concurrent.ThreadPoolExecutor$Worker@4f438dcf[State = -1, empty queue]] WARN  server.GrpcLogAppender (GrpcLogAppender.java:timeoutAppendRequest(200)) - e2538fa5-58a8-4aba-9576-486ea31efcb2@group-3E8E6CBD8592->a3deabaa-6f33-4549-9afe-d811f1beb6dc-GrpcLogAppender: appendEntries Timeout, request=e2538fa5-58a8-4aba-9576-486ea31efcb2->a3deabaa-6f33-4549-9afe-d811f1beb6dc#24-t1, previous=(t:1, i:12), leaderCommit=6, initializing? false, entries: <empty>
2019-09-12 14:28:04,647 [grpc-default-executor-6] INFO  impl.RaftServerProxy (RaftServerProxy.java:remove(95)) - e2538fa5-58a8-4aba-9576-486ea31efcb2: remove group-947CD9AE92AF:null
2019-09-12 14:28:04,652 [RatisPipelineUtilsThread] WARN  pipeline.RatisPipelineUtils (RatisPipelineUtils.java:destroyPipeline(66)) - Pipeline destroy failed for pipeline=PipelineID=ba2e6536-2ad5-4e3a-8ecf-947cd9ae92af dn=e2538fa5-58a8-4aba-9576-486ea31efcb2{ip: 192.168.5.171, host: pr-hdds-2007-n4wwz-4249666578, networkLocation: /default-rack, certSerialId: null}
2019-09-12 14:28:04,656 [grpc-default-executor-6] INFO  impl.RaftServerProxy (RaftServerProxy.java:remove(95)) - c26651e2-a96c-4010-919f-87a827874a5b: remove group-947CD9AE92AF:null
2019-09-12 14:28:04,658 [RatisPipelineUtilsThread] WARN  pipeline.RatisPipelineUtils (RatisPipelineUtils.java:destroyPipeline(66)) - Pipeline destroy failed for pipeline=PipelineID=ba2e6536-2ad5-4e3a-8ecf-947cd9ae92af dn=c26651e2-a96c-4010-919f-87a827874a5b{ip: 192.168.5.171, host: pr-hdds-2007-n4wwz-4249666578, networkLocation: /default-rack, certSerialId: null}
2019-09-12 14:28:04,661 [grpc-default-executor-6] INFO  impl.RaftServerProxy (RaftServerProxy.java:remove(95)) - a3deabaa-6f33-4549-9afe-d811f1beb6dc: remove group-947CD9AE92AF:null
2019-09-12 14:28:04,676 [RatisPipelineUtilsThread] WARN  pipeline.RatisPipelineUtils (RatisPipelineUtils.java:destroyPipeline(66)) - Pipeline destroy failed for pipeline=PipelineID=ba2e6536-2ad5-4e3a-8ecf-947cd9ae92af dn=a3deabaa-6f33-4549-9afe-d811f1beb6dc{ip: 192.168.5.171, host: pr-hdds-2007-n4wwz-4249666578, networkLocation: /default-rack, certSerialId: null}
2019-09-12 14:28:04,677 [RatisPipelineUtilsThread] ERROR pipeline.SCMPipelineManager (Scheduler.java:lambda$schedule$1(70)) - Destroy pipeline failed for pipeline:Pipeline[ Id: ba2e6536-2ad5-4e3a-8ecf-947cd9ae92af, Nodes: e2538fa5-58a8-4aba-9576-486ea31efcb2{ip: 192.168.5.171, host: pr-hdds-2007-n4wwz-4249666578, networkLocation: /default-rack, certSerialId: null}c26651e2-a96c-4010-919f-87a827874a5b{ip: 192.168.5.171, host: pr-hdds-2007-n4wwz-4249666578, networkLocation: /default-rack, certSerialId: null}a3deabaa-6f33-4549-9afe-d811f1beb6dc{ip: 192.168.5.171, host: pr-hdds-2007-n4wwz-4249666578, networkLocation: /default-rack, certSerialId: null}, Type:RATIS, Factor:THREE, State:CLOSED]
org.apache.hadoop.hdds.scm.pipeline.PipelineNotFoundException: PipelineID=ba2e6536-2ad5-4e3a-8ecf-947cd9ae92af not found
	at org.apache.hadoop.hdds.scm.pipeline.PipelineStateMap.getPipeline(PipelineStateMap.java:132)
	at org.apache.hadoop.hdds.scm.pipeline.PipelineStateMap.removePipeline(PipelineStateMap.java:322)
	at org.apache.hadoop.hdds.scm.pipeline.PipelineStateManager.removePipeline(PipelineStateManager.java:107)
	at org.apache.hadoop.hdds.scm.pipeline.SCMPipelineManager.removePipeline(SCMPipelineManager.java:423)
	at org.apache.hadoop.hdds.scm.pipeline.SCMPipelineManager.destroyPipeline(SCMPipelineManager.java:409)
	at org.apache.hadoop.hdds.scm.pipeline.SCMPipelineManager.lambda$finalizeAndDestroyPipeline$0(SCMPipelineManager.java:318)
	at org.apache.hadoop.utils.Scheduler.lambda$schedule$1(Scheduler.java:68)
	at java.util.concurrent.Executors$RunnableAdapter.call(Executors.java:511)
	at java.util.concurrent.FutureTask.run(FutureTask.java:266)
	at java.util.concurrent.ScheduledThreadPoolExecutor$ScheduledFutureTask.access$201(ScheduledThreadPoolExecutor.java:180)
	at java.util.concurrent.ScheduledThreadPoolExecutor$ScheduledFutureTask.run(ScheduledThreadPoolExecutor.java:293)
	at java.util.concurrent.ThreadPoolExecutor.runWorker(ThreadPoolExecutor.java:1149)
	at java.util.concurrent.ThreadPoolExecutor$Worker.run(ThreadPoolExecutor.java:624)
	at java.lang.Thread.run(Thread.java:748)
2019-09-12 14:28:05,615 [java.util.concurrent.ThreadPoolExecutor$Worker@44ea9f2[State = -1, empty queue]] WARN  server.GrpcLogAppender (GrpcLogAppender.java:timeoutAppendRequest(200)) - e2538fa5-58a8-4aba-9576-486ea31efcb2@group-3E8E6CBD8592->c26651e2-a96c-4010-919f-87a827874a5b-GrpcLogAppender: appendEntries Timeout, request=e2538fa5-58a8-4aba-9576-486ea31efcb2->c26651e2-a96c-4010-919f-87a827874a5b#25-t1, previous=(t:1, i:12), leaderCommit=6, initializing? false, entries: <empty>
2019-09-12 14:28:05,615 [java.util.concurrent.ThreadPoolExecutor$Worker@4f438dcf[State = -1, empty queue]] WARN  server.GrpcLogAppender (GrpcLogAppender.java:timeoutAppendRequest(200)) - e2538fa5-58a8-4aba-9576-486ea31efcb2@group-3E8E6CBD8592->a3deabaa-6f33-4549-9afe-d811f1beb6dc-GrpcLogAppender: appendEntries Timeout, request=e2538fa5-58a8-4aba-9576-486ea31efcb2->a3deabaa-6f33-4549-9afe-d811f1beb6dc#25-t1, previous=(t:1, i:12), leaderCommit=6, initializing? false, entries: <empty>
2019-09-12 14:28:06,638 [grpc-default-executor-5] INFO  impl.RaftServerProxy (RaftServerProxy.java:remove(95)) - e2538fa5-58a8-4aba-9576-486ea31efcb2: remove group-947CD9AE92AF:null
2019-09-12 14:28:06,642 [RatisPipelineUtilsThread] WARN  pipeline.RatisPipelineUtils (RatisPipelineUtils.java:destroyPipeline(66)) - Pipeline destroy failed for pipeline=PipelineID=ba2e6536-2ad5-4e3a-8ecf-947cd9ae92af dn=e2538fa5-58a8-4aba-9576-486ea31efcb2{ip: 192.168.5.171, host: pr-hdds-2007-n4wwz-4249666578, networkLocation: /default-rack, certSerialId: null}
2019-09-12 14:28:06,645 [grpc-default-executor-5] INFO  impl.RaftServerProxy (RaftServerProxy.java:remove(95)) - c26651e2-a96c-4010-919f-87a827874a5b: remove group-947CD9AE92AF:null
2019-09-12 14:28:06,647 [RatisPipelineUtilsThread] WARN  pipeline.RatisPipelineUtils (RatisPipelineUtils.java:destroyPipeline(66)) - Pipeline destroy failed for pipeline=PipelineID=ba2e6536-2ad5-4e3a-8ecf-947cd9ae92af dn=c26651e2-a96c-4010-919f-87a827874a5b{ip: 192.168.5.171, host: pr-hdds-2007-n4wwz-4249666578, networkLocation: /default-rack, certSerialId: null}
2019-09-12 14:28:06,650 [grpc-default-executor-5] INFO  impl.RaftServerProxy (RaftServerProxy.java:remove(95)) - a3deabaa-6f33-4549-9afe-d811f1beb6dc: remove group-947CD9AE92AF:null
2019-09-12 14:28:06,652 [RatisPipelineUtilsThread] WARN  pipeline.RatisPipelineUtils (RatisPipelineUtils.java:destroyPipeline(66)) - Pipeline destroy failed for pipeline=PipelineID=ba2e6536-2ad5-4e3a-8ecf-947cd9ae92af dn=a3deabaa-6f33-4549-9afe-d811f1beb6dc{ip: 192.168.5.171, host: pr-hdds-2007-n4wwz-4249666578, networkLocation: /default-rack, certSerialId: null}
2019-09-12 14:28:06,652 [RatisPipelineUtilsThread] ERROR pipeline.SCMPipelineManager (Scheduler.java:lambda$schedule$1(70)) - Destroy pipeline failed for pipeline:Pipeline[ Id: ba2e6536-2ad5-4e3a-8ecf-947cd9ae92af, Nodes: e2538fa5-58a8-4aba-9576-486ea31efcb2{ip: 192.168.5.171, host: pr-hdds-2007-n4wwz-4249666578, networkLocation: /default-rack, certSerialId: null}c26651e2-a96c-4010-919f-87a827874a5b{ip: 192.168.5.171, host: pr-hdds-2007-n4wwz-4249666578, networkLocation: /default-rack, certSerialId: null}a3deabaa-6f33-4549-9afe-d811f1beb6dc{ip: 192.168.5.171, host: pr-hdds-2007-n4wwz-4249666578, networkLocation: /default-rack, certSerialId: null}, Type:RATIS, Factor:THREE, State:CLOSED]
org.apache.hadoop.hdds.scm.pipeline.PipelineNotFoundException: PipelineID=ba2e6536-2ad5-4e3a-8ecf-947cd9ae92af not found
	at org.apache.hadoop.hdds.scm.pipeline.PipelineStateMap.getPipeline(PipelineStateMap.java:132)
	at org.apache.hadoop.hdds.scm.pipeline.PipelineStateMap.removePipeline(PipelineStateMap.java:322)
	at org.apache.hadoop.hdds.scm.pipeline.PipelineStateManager.removePipeline(PipelineStateManager.java:107)
	at org.apache.hadoop.hdds.scm.pipeline.SCMPipelineManager.removePipeline(SCMPipelineManager.java:423)
	at org.apache.hadoop.hdds.scm.pipeline.SCMPipelineManager.destroyPipeline(SCMPipelineManager.java:409)
	at org.apache.hadoop.hdds.scm.pipeline.SCMPipelineManager.lambda$finalizeAndDestroyPipeline$0(SCMPipelineManager.java:318)
	at org.apache.hadoop.utils.Scheduler.lambda$schedule$1(Scheduler.java:68)
	at java.util.concurrent.Executors$RunnableAdapter.call(Executors.java:511)
	at java.util.concurrent.FutureTask.run(FutureTask.java:266)
	at java.util.concurrent.ScheduledThreadPoolExecutor$ScheduledFutureTask.access$201(ScheduledThreadPoolExecutor.java:180)
	at java.util.concurrent.ScheduledThreadPoolExecutor$ScheduledFutureTask.run(ScheduledThreadPoolExecutor.java:293)
	at java.util.concurrent.ThreadPoolExecutor.runWorker(ThreadPoolExecutor.java:1149)
	at java.util.concurrent.ThreadPoolExecutor$Worker.run(ThreadPoolExecutor.java:624)
	at java.lang.Thread.run(Thread.java:748)
2019-09-12 14:28:07,917 [grpc-default-executor-5] INFO  client.GrpcClientProtocolClient (GrpcClientProtocolClient.java:onNext(264)) - client-35FAC708AFA2->a3deabaa-6f33-4549-9afe-d811f1beb6dc: receive RaftClientReply:client-35FAC708AFA2->a3deabaa-6f33-4549-9afe-d811f1beb6dc@group-3E8E6CBD8592, cid=44, FAILED org.apache.ratis.protocol.NotLeaderException: Server a3deabaa-6f33-4549-9afe-d811f1beb6dc@group-3E8E6CBD8592 is not the leader e2538fa5-58a8-4aba-9576-486ea31efcb2:192.168.5.171:42589, logIndex=0, commits[a3deabaa-6f33-4549-9afe-d811f1beb6dc:c6, e2538fa5-58a8-4aba-9576-486ea31efcb2:c6, c26651e2-a96c-4010-919f-87a827874a5b:c4]
2019-09-12 14:28:08,116 [java.util.concurrent.ThreadPoolExecutor$Worker@4f438dcf[State = -1, empty queue]] WARN  server.GrpcLogAppender (GrpcLogAppender.java:timeoutAppendRequest(200)) - e2538fa5-58a8-4aba-9576-486ea31efcb2@group-3E8E6CBD8592->a3deabaa-6f33-4549-9afe-d811f1beb6dc-GrpcLogAppender: appendEntries Timeout, request=e2538fa5-58a8-4aba-9576-486ea31efcb2->a3deabaa-6f33-4549-9afe-d811f1beb6dc#26-t1, previous=(t:1, i:12), leaderCommit=6, initializing? false, entries: <empty>
2019-09-12 14:28:08,116 [java.util.concurrent.ThreadPoolExecutor$Worker@44ea9f2[State = -1, empty queue]] WARN  server.GrpcLogAppender (GrpcLogAppender.java:timeoutAppendRequest(200)) - e2538fa5-58a8-4aba-9576-486ea31efcb2@group-3E8E6CBD8592->c26651e2-a96c-4010-919f-87a827874a5b-GrpcLogAppender: appendEntries Timeout, request=e2538fa5-58a8-4aba-9576-486ea31efcb2->c26651e2-a96c-4010-919f-87a827874a5b#26-t1, previous=(t:1, i:12), leaderCommit=6, initializing? false, entries: <empty>
2019-09-12 14:28:09,638 [grpc-default-executor-6] INFO  impl.RaftServerProxy (RaftServerProxy.java:remove(95)) - e2538fa5-58a8-4aba-9576-486ea31efcb2: remove group-947CD9AE92AF:null
2019-09-12 14:28:09,641 [RatisPipelineUtilsThread] WARN  pipeline.RatisPipelineUtils (RatisPipelineUtils.java:destroyPipeline(66)) - Pipeline destroy failed for pipeline=PipelineID=ba2e6536-2ad5-4e3a-8ecf-947cd9ae92af dn=e2538fa5-58a8-4aba-9576-486ea31efcb2{ip: 192.168.5.171, host: pr-hdds-2007-n4wwz-4249666578, networkLocation: /default-rack, certSerialId: null}
2019-09-12 14:28:09,645 [grpc-default-executor-6] INFO  impl.RaftServerProxy (RaftServerProxy.java:remove(95)) - c26651e2-a96c-4010-919f-87a827874a5b: remove group-947CD9AE92AF:null
2019-09-12 14:28:09,647 [RatisPipelineUtilsThread] WARN  pipeline.RatisPipelineUtils (RatisPipelineUtils.java:destroyPipeline(66)) - Pipeline destroy failed for pipeline=PipelineID=ba2e6536-2ad5-4e3a-8ecf-947cd9ae92af dn=c26651e2-a96c-4010-919f-87a827874a5b{ip: 192.168.5.171, host: pr-hdds-2007-n4wwz-4249666578, networkLocation: /default-rack, certSerialId: null}
2019-09-12 14:28:09,650 [grpc-default-executor-6] INFO  impl.RaftServerProxy (RaftServerProxy.java:remove(95)) - a3deabaa-6f33-4549-9afe-d811f1beb6dc: remove group-947CD9AE92AF:null
2019-09-12 14:28:09,652 [RatisPipelineUtilsThread] WARN  pipeline.RatisPipelineUtils (RatisPipelineUtils.java:destroyPipeline(66)) - Pipeline destroy failed for pipeline=PipelineID=ba2e6536-2ad5-4e3a-8ecf-947cd9ae92af dn=a3deabaa-6f33-4549-9afe-d811f1beb6dc{ip: 192.168.5.171, host: pr-hdds-2007-n4wwz-4249666578, networkLocation: /default-rack, certSerialId: null}
2019-09-12 14:28:09,653 [RatisPipelineUtilsThread] ERROR pipeline.SCMPipelineManager (Scheduler.java:lambda$schedule$1(70)) - Destroy pipeline failed for pipeline:Pipeline[ Id: ba2e6536-2ad5-4e3a-8ecf-947cd9ae92af, Nodes: e2538fa5-58a8-4aba-9576-486ea31efcb2{ip: 192.168.5.171, host: pr-hdds-2007-n4wwz-4249666578, networkLocation: /default-rack, certSerialId: null}c26651e2-a96c-4010-919f-87a827874a5b{ip: 192.168.5.171, host: pr-hdds-2007-n4wwz-4249666578, networkLocation: /default-rack, certSerialId: null}a3deabaa-6f33-4549-9afe-d811f1beb6dc{ip: 192.168.5.171, host: pr-hdds-2007-n4wwz-4249666578, networkLocation: /default-rack, certSerialId: null}, Type:RATIS, Factor:THREE, State:CLOSED]
org.apache.hadoop.hdds.scm.pipeline.PipelineNotFoundException: PipelineID=ba2e6536-2ad5-4e3a-8ecf-947cd9ae92af not found
	at org.apache.hadoop.hdds.scm.pipeline.PipelineStateMap.getPipeline(PipelineStateMap.java:132)
	at org.apache.hadoop.hdds.scm.pipeline.PipelineStateMap.removePipeline(PipelineStateMap.java:322)
	at org.apache.hadoop.hdds.scm.pipeline.PipelineStateManager.removePipeline(PipelineStateManager.java:107)
	at org.apache.hadoop.hdds.scm.pipeline.SCMPipelineManager.removePipeline(SCMPipelineManager.java:423)
	at org.apache.hadoop.hdds.scm.pipeline.SCMPipelineManager.destroyPipeline(SCMPipelineManager.java:409)
	at org.apache.hadoop.hdds.scm.pipeline.SCMPipelineManager.lambda$finalizeAndDestroyPipeline$0(SCMPipelineManager.java:318)
	at org.apache.hadoop.utils.Scheduler.lambda$schedule$1(Scheduler.java:68)
	at java.util.concurrent.Executors$RunnableAdapter.call(Executors.java:511)
	at java.util.concurrent.FutureTask.run(FutureTask.java:266)
	at java.util.concurrent.ScheduledThreadPoolExecutor$ScheduledFutureTask.access$201(ScheduledThreadPoolExecutor.java:180)
	at java.util.concurrent.ScheduledThreadPoolExecutor$ScheduledFutureTask.run(ScheduledThreadPoolExecutor.java:293)
	at java.util.concurrent.ThreadPoolExecutor.runWorker(ThreadPoolExecutor.java:1149)
	at java.util.concurrent.ThreadPoolExecutor$Worker.run(ThreadPoolExecutor.java:624)
	at java.lang.Thread.run(Thread.java:748)
2019-09-12 14:28:10,616 [java.util.concurrent.ThreadPoolExecutor$Worker@4f438dcf[State = -1, empty queue]] WARN  server.GrpcLogAppender (GrpcLogAppender.java:timeoutAppendRequest(200)) - e2538fa5-58a8-4aba-9576-486ea31efcb2@group-3E8E6CBD8592->a3deabaa-6f33-4549-9afe-d811f1beb6dc-GrpcLogAppender: appendEntries Timeout, request=e2538fa5-58a8-4aba-9576-486ea31efcb2->a3deabaa-6f33-4549-9afe-d811f1beb6dc#27-t1, previous=(t:1, i:12), leaderCommit=6, initializing? false, entries: <empty>
2019-09-12 14:28:10,616 [java.util.concurrent.ThreadPoolExecutor$Worker@44ea9f2[State = -1, empty queue]] WARN  server.GrpcLogAppender (GrpcLogAppender.java:timeoutAppendRequest(200)) - e2538fa5-58a8-4aba-9576-486ea31efcb2@group-3E8E6CBD8592->c26651e2-a96c-4010-919f-87a827874a5b-GrpcLogAppender: appendEntries Timeout, request=e2538fa5-58a8-4aba-9576-486ea31efcb2->c26651e2-a96c-4010-919f-87a827874a5b#27-t1, previous=(t:1, i:12), leaderCommit=6, initializing? false, entries: <empty>
2019-09-12 14:28:11,637 [grpc-default-executor-5] INFO  impl.RaftServerProxy (RaftServerProxy.java:remove(95)) - e2538fa5-58a8-4aba-9576-486ea31efcb2: remove group-947CD9AE92AF:null
2019-09-12 14:28:11,640 [RatisPipelineUtilsThread] WARN  pipeline.RatisPipelineUtils (RatisPipelineUtils.java:destroyPipeline(66)) - Pipeline destroy failed for pipeline=PipelineID=ba2e6536-2ad5-4e3a-8ecf-947cd9ae92af dn=e2538fa5-58a8-4aba-9576-486ea31efcb2{ip: 192.168.5.171, host: pr-hdds-2007-n4wwz-4249666578, networkLocation: /default-rack, certSerialId: null}
2019-09-12 14:28:11,643 [grpc-default-executor-5] INFO  impl.RaftServerProxy (RaftServerProxy.java:remove(95)) - c26651e2-a96c-4010-919f-87a827874a5b: remove group-947CD9AE92AF:null
2019-09-12 14:28:11,645 [RatisPipelineUtilsThread] WARN  pipeline.RatisPipelineUtils (RatisPipelineUtils.java:destroyPipeline(66)) - Pipeline destroy failed for pipeline=PipelineID=ba2e6536-2ad5-4e3a-8ecf-947cd9ae92af dn=c26651e2-a96c-4010-919f-87a827874a5b{ip: 192.168.5.171, host: pr-hdds-2007-n4wwz-4249666578, networkLocation: /default-rack, certSerialId: null}
2019-09-12 14:28:11,647 [grpc-default-executor-5] INFO  impl.RaftServerProxy (RaftServerProxy.java:remove(95)) - a3deabaa-6f33-4549-9afe-d811f1beb6dc: remove group-947CD9AE92AF:null
2019-09-12 14:28:11,649 [RatisPipelineUtilsThread] WARN  pipeline.RatisPipelineUtils (RatisPipelineUtils.java:destroyPipeline(66)) - Pipeline destroy failed for pipeline=PipelineID=ba2e6536-2ad5-4e3a-8ecf-947cd9ae92af dn=a3deabaa-6f33-4549-9afe-d811f1beb6dc{ip: 192.168.5.171, host: pr-hdds-2007-n4wwz-4249666578, networkLocation: /default-rack, certSerialId: null}
2019-09-12 14:28:11,650 [RatisPipelineUtilsThread] ERROR pipeline.SCMPipelineManager (Scheduler.java:lambda$schedule$1(70)) - Destroy pipeline failed for pipeline:Pipeline[ Id: ba2e6536-2ad5-4e3a-8ecf-947cd9ae92af, Nodes: e2538fa5-58a8-4aba-9576-486ea31efcb2{ip: 192.168.5.171, host: pr-hdds-2007-n4wwz-4249666578, networkLocation: /default-rack, certSerialId: null}c26651e2-a96c-4010-919f-87a827874a5b{ip: 192.168.5.171, host: pr-hdds-2007-n4wwz-4249666578, networkLocation: /default-rack, certSerialId: null}a3deabaa-6f33-4549-9afe-d811f1beb6dc{ip: 192.168.5.171, host: pr-hdds-2007-n4wwz-4249666578, networkLocation: /default-rack, certSerialId: null}, Type:RATIS, Factor:THREE, State:CLOSED]
org.apache.hadoop.hdds.scm.pipeline.PipelineNotFoundException: PipelineID=ba2e6536-2ad5-4e3a-8ecf-947cd9ae92af not found
	at org.apache.hadoop.hdds.scm.pipeline.PipelineStateMap.getPipeline(PipelineStateMap.java:132)
	at org.apache.hadoop.hdds.scm.pipeline.PipelineStateMap.removePipeline(PipelineStateMap.java:322)
	at org.apache.hadoop.hdds.scm.pipeline.PipelineStateManager.removePipeline(PipelineStateManager.java:107)
	at org.apache.hadoop.hdds.scm.pipeline.SCMPipelineManager.removePipeline(SCMPipelineManager.java:423)
	at org.apache.hadoop.hdds.scm.pipeline.SCMPipelineManager.destroyPipeline(SCMPipelineManager.java:409)
	at org.apache.hadoop.hdds.scm.pipeline.SCMPipelineManager.lambda$finalizeAndDestroyPipeline$0(SCMPipelineManager.java:318)
	at org.apache.hadoop.utils.Scheduler.lambda$schedule$1(Scheduler.java:68)
	at java.util.concurrent.Executors$RunnableAdapter.call(Executors.java:511)
	at java.util.concurrent.FutureTask.run(FutureTask.java:266)
	at java.util.concurrent.ScheduledThreadPoolExecutor$ScheduledFutureTask.access$201(ScheduledThreadPoolExecutor.java:180)
	at java.util.concurrent.ScheduledThreadPoolExecutor$ScheduledFutureTask.run(ScheduledThreadPoolExecutor.java:293)
	at java.util.concurrent.ThreadPoolExecutor.runWorker(ThreadPoolExecutor.java:1149)
	at java.util.concurrent.ThreadPoolExecutor$Worker.run(ThreadPoolExecutor.java:624)
	at java.lang.Thread.run(Thread.java:748)
2019-09-12 14:28:12,608 [a3deabaa-6f33-4549-9afe-d811f1beb6dc@group-3E8E6CBD8592-SegmentedRaftLogWorker] WARN  segmented.SegmentedRaftLogWorker (SegmentedRaftLogWorker.java:getFromFuture(90)) - Timeout 3/~
org.apache.ratis.protocol.TimeoutIOException: Timeout 10s: WriteLog:7: (t:1, i:7), STATEMACHINELOGENTRY, client-35FAC708AFA2, cid=44-writeStateMachineData
	at org.apache.ratis.util.IOUtils.getFromFuture(IOUtils.java:87)
	at org.apache.ratis.server.raftlog.segmented.SegmentedRaftLogWorker$StateMachineDataPolicy.getFromFuture(SegmentedRaftLogWorker.java:87)
	at org.apache.ratis.server.raftlog.segmented.SegmentedRaftLogWorker$WriteLog.execute(SegmentedRaftLogWorker.java:477)
	at org.apache.ratis.server.raftlog.segmented.SegmentedRaftLogWorker.run(SegmentedRaftLogWorker.java:289)
	at java.lang.Thread.run(Thread.java:748)
Caused by: java.util.concurrent.TimeoutException
	at java.util.concurrent.CompletableFuture.timedGet(CompletableFuture.java:1771)
	at java.util.concurrent.CompletableFuture.get(CompletableFuture.java:1915)
	at org.apache.ratis.util.IOUtils.getFromFuture(IOUtils.java:79)
	... 4 more
2019-09-12 14:28:12,608 [c26651e2-a96c-4010-919f-87a827874a5b@group-3E8E6CBD8592-SegmentedRaftLogWorker] WARN  segmented.SegmentedRaftLogWorker (SegmentedRaftLogWorker.java:getFromFuture(90)) - Timeout 3/~
org.apache.ratis.protocol.TimeoutIOException: Timeout 10s: WriteLog:7: (t:1, i:7), STATEMACHINELOGENTRY, client-35FAC708AFA2, cid=44-writeStateMachineData
	at org.apache.ratis.util.IOUtils.getFromFuture(IOUtils.java:87)
	at org.apache.ratis.server.raftlog.segmented.SegmentedRaftLogWorker$StateMachineDataPolicy.getFromFuture(SegmentedRaftLogWorker.java:87)
	at org.apache.ratis.server.raftlog.segmented.SegmentedRaftLogWorker$WriteLog.execute(SegmentedRaftLogWorker.java:477)
	at org.apache.ratis.server.raftlog.segmented.SegmentedRaftLogWorker.run(SegmentedRaftLogWorker.java:289)
	at java.lang.Thread.run(Thread.java:748)
Caused by: java.util.concurrent.TimeoutException
	at java.util.concurrent.CompletableFuture.timedGet(CompletableFuture.java:1771)
	at java.util.concurrent.CompletableFuture.get(CompletableFuture.java:1915)
	at org.apache.ratis.util.IOUtils.getFromFuture(IOUtils.java:79)
	... 4 more
2019-09-12 14:28:12,746 [e2538fa5-58a8-4aba-9576-486ea31efcb2@group-3E8E6CBD8592-SegmentedRaftLogWorker] WARN  segmented.SegmentedRaftLogWorker (SegmentedRaftLogWorker.java:getFromFuture(90)) - Timeout 3/~
org.apache.ratis.protocol.TimeoutIOException: Timeout 10s: WriteLog:8: (t:1, i:8), STATEMACHINELOGENTRY, client-35FAC708AFA2, cid=45-writeStateMachineData
	at org.apache.ratis.util.IOUtils.getFromFuture(IOUtils.java:87)
	at org.apache.ratis.server.raftlog.segmented.SegmentedRaftLogWorker$StateMachineDataPolicy.getFromFuture(SegmentedRaftLogWorker.java:87)
	at org.apache.ratis.server.raftlog.segmented.SegmentedRaftLogWorker$WriteLog.execute(SegmentedRaftLogWorker.java:477)
	at org.apache.ratis.server.raftlog.segmented.SegmentedRaftLogWorker.run(SegmentedRaftLogWorker.java:289)
	at java.lang.Thread.run(Thread.java:748)
Caused by: java.util.concurrent.TimeoutException
	at java.util.concurrent.CompletableFuture.timedGet(CompletableFuture.java:1771)
	at java.util.concurrent.CompletableFuture.get(CompletableFuture.java:1915)
	at org.apache.ratis.util.IOUtils.getFromFuture(IOUtils.java:79)
	... 4 more
2019-09-12 14:28:12,949 [grpc-default-executor-5] INFO  client.GrpcClientProtocolClient (GrpcClientProtocolClient.java:onNext(264)) - client-35FAC708AFA2->c26651e2-a96c-4010-919f-87a827874a5b: receive RaftClientReply:client-35FAC708AFA2->c26651e2-a96c-4010-919f-87a827874a5b@group-3E8E6CBD8592, cid=44, FAILED org.apache.ratis.protocol.NotLeaderException: Server c26651e2-a96c-4010-919f-87a827874a5b@group-3E8E6CBD8592 is not the leader e2538fa5-58a8-4aba-9576-486ea31efcb2:192.168.5.171:42589, logIndex=0, commits[c26651e2-a96c-4010-919f-87a827874a5b:c6, e2538fa5-58a8-4aba-9576-486ea31efcb2:c6, a3deabaa-6f33-4549-9afe-d811f1beb6dc:c4]
2019-09-12 14:28:13,116 [java.util.concurrent.ThreadPoolExecutor$Worker@4f438dcf[State = -1, empty queue]] WARN  server.GrpcLogAppender (GrpcLogAppender.java:timeoutAppendRequest(200)) - e2538fa5-58a8-4aba-9576-486ea31efcb2@group-3E8E6CBD8592->a3deabaa-6f33-4549-9afe-d811f1beb6dc-GrpcLogAppender: appendEntries Timeout, request=e2538fa5-58a8-4aba-9576-486ea31efcb2->a3deabaa-6f33-4549-9afe-d811f1beb6dc#28-t1, previous=(t:1, i:12), leaderCommit=6, initializing? false, entries: <empty>
2019-09-12 14:28:13,116 [java.util.concurrent.ThreadPoolExecutor$Worker@44ea9f2[State = -1, empty queue]] WARN  server.GrpcLogAppender (GrpcLogAppender.java:timeoutAppendRequest(200)) - e2538fa5-58a8-4aba-9576-486ea31efcb2@group-3E8E6CBD8592->c26651e2-a96c-4010-919f-87a827874a5b-GrpcLogAppender: appendEntries Timeout, request=e2538fa5-58a8-4aba-9576-486ea31efcb2->c26651e2-a96c-4010-919f-87a827874a5b#28-t1, previous=(t:1, i:12), leaderCommit=6, initializing? false, entries: <empty>
2019-09-12 14:28:14,641 [grpc-default-executor-5] INFO  impl.RaftServerProxy (RaftServerProxy.java:remove(95)) - e2538fa5-58a8-4aba-9576-486ea31efcb2: remove group-947CD9AE92AF:null
2019-09-12 14:28:14,645 [RatisPipelineUtilsThread] WARN  pipeline.RatisPipelineUtils (RatisPipelineUtils.java:destroyPipeline(66)) - Pipeline destroy failed for pipeline=PipelineID=ba2e6536-2ad5-4e3a-8ecf-947cd9ae92af dn=e2538fa5-58a8-4aba-9576-486ea31efcb2{ip: 192.168.5.171, host: pr-hdds-2007-n4wwz-4249666578, networkLocation: /default-rack, certSerialId: null}
2019-09-12 14:28:14,649 [grpc-default-executor-5] INFO  impl.RaftServerProxy (RaftServerProxy.java:remove(95)) - c26651e2-a96c-4010-919f-87a827874a5b: remove group-947CD9AE92AF:null
2019-09-12 14:28:14,651 [RatisPipelineUtilsThread] WARN  pipeline.RatisPipelineUtils (RatisPipelineUtils.java:destroyPipeline(66)) - Pipeline destroy failed for pipeline=PipelineID=ba2e6536-2ad5-4e3a-8ecf-947cd9ae92af dn=c26651e2-a96c-4010-919f-87a827874a5b{ip: 192.168.5.171, host: pr-hdds-2007-n4wwz-4249666578, networkLocation: /default-rack, certSerialId: null}
2019-09-12 14:28:14,654 [grpc-default-executor-5] INFO  impl.RaftServerProxy (RaftServerProxy.java:remove(95)) - a3deabaa-6f33-4549-9afe-d811f1beb6dc: remove group-947CD9AE92AF:null
2019-09-12 14:28:14,657 [RatisPipelineUtilsThread] WARN  pipeline.RatisPipelineUtils (RatisPipelineUtils.java:destroyPipeline(66)) - Pipeline destroy failed for pipeline=PipelineID=ba2e6536-2ad5-4e3a-8ecf-947cd9ae92af dn=a3deabaa-6f33-4549-9afe-d811f1beb6dc{ip: 192.168.5.171, host: pr-hdds-2007-n4wwz-4249666578, networkLocation: /default-rack, certSerialId: null}
2019-09-12 14:28:14,657 [RatisPipelineUtilsThread] ERROR pipeline.SCMPipelineManager (Scheduler.java:lambda$schedule$1(70)) - Destroy pipeline failed for pipeline:Pipeline[ Id: ba2e6536-2ad5-4e3a-8ecf-947cd9ae92af, Nodes: e2538fa5-58a8-4aba-9576-486ea31efcb2{ip: 192.168.5.171, host: pr-hdds-2007-n4wwz-4249666578, networkLocation: /default-rack, certSerialId: null}c26651e2-a96c-4010-919f-87a827874a5b{ip: 192.168.5.171, host: pr-hdds-2007-n4wwz-4249666578, networkLocation: /default-rack, certSerialId: null}a3deabaa-6f33-4549-9afe-d811f1beb6dc{ip: 192.168.5.171, host: pr-hdds-2007-n4wwz-4249666578, networkLocation: /default-rack, certSerialId: null}, Type:RATIS, Factor:THREE, State:CLOSED]
org.apache.hadoop.hdds.scm.pipeline.PipelineNotFoundException: PipelineID=ba2e6536-2ad5-4e3a-8ecf-947cd9ae92af not found
	at org.apache.hadoop.hdds.scm.pipeline.PipelineStateMap.getPipeline(PipelineStateMap.java:132)
	at org.apache.hadoop.hdds.scm.pipeline.PipelineStateMap.removePipeline(PipelineStateMap.java:322)
	at org.apache.hadoop.hdds.scm.pipeline.PipelineStateManager.removePipeline(PipelineStateManager.java:107)
	at org.apache.hadoop.hdds.scm.pipeline.SCMPipelineManager.removePipeline(SCMPipelineManager.java:423)
	at org.apache.hadoop.hdds.scm.pipeline.SCMPipelineManager.destroyPipeline(SCMPipelineManager.java:409)
	at org.apache.hadoop.hdds.scm.pipeline.SCMPipelineManager.lambda$finalizeAndDestroyPipeline$0(SCMPipelineManager.java:318)
	at org.apache.hadoop.utils.Scheduler.lambda$schedule$1(Scheduler.java:68)
	at java.util.concurrent.Executors$RunnableAdapter.call(Executors.java:511)
	at java.util.concurrent.FutureTask.run(FutureTask.java:266)
	at java.util.concurrent.ScheduledThreadPoolExecutor$ScheduledFutureTask.access$201(ScheduledThreadPoolExecutor.java:180)
	at java.util.concurrent.ScheduledThreadPoolExecutor$ScheduledFutureTask.run(ScheduledThreadPoolExecutor.java:293)
	at java.util.concurrent.ThreadPoolExecutor.runWorker(ThreadPoolExecutor.java:1149)
	at java.util.concurrent.ThreadPoolExecutor$Worker.run(ThreadPoolExecutor.java:624)
	at java.lang.Thread.run(Thread.java:748)
2019-09-12 14:28:15,617 [java.util.concurrent.ThreadPoolExecutor$Worker@4f438dcf[State = -1, empty queue]] WARN  server.GrpcLogAppender (GrpcLogAppender.java:timeoutAppendRequest(200)) - e2538fa5-58a8-4aba-9576-486ea31efcb2@group-3E8E6CBD8592->a3deabaa-6f33-4549-9afe-d811f1beb6dc-GrpcLogAppender: appendEntries Timeout, request=e2538fa5-58a8-4aba-9576-486ea31efcb2->a3deabaa-6f33-4549-9afe-d811f1beb6dc#29-t1, previous=(t:1, i:12), leaderCommit=6, initializing? false, entries: <empty>
2019-09-12 14:28:15,617 [java.util.concurrent.ThreadPoolExecutor$Worker@44ea9f2[State = -1, empty queue]] WARN  server.GrpcLogAppender (GrpcLogAppender.java:timeoutAppendRequest(200)) - e2538fa5-58a8-4aba-9576-486ea31efcb2@group-3E8E6CBD8592->c26651e2-a96c-4010-919f-87a827874a5b-GrpcLogAppender: appendEntries Timeout, request=e2538fa5-58a8-4aba-9576-486ea31efcb2->c26651e2-a96c-4010-919f-87a827874a5b#29-t1, previous=(t:1, i:12), leaderCommit=6, initializing? false, entries: <empty>
2019-09-12 14:28:16,641 [grpc-default-executor-6] INFO  impl.RaftServerProxy (RaftServerProxy.java:remove(95)) - e2538fa5-58a8-4aba-9576-486ea31efcb2: remove group-947CD9AE92AF:null
2019-09-12 14:28:16,646 [RatisPipelineUtilsThread] WARN  pipeline.RatisPipelineUtils (RatisPipelineUtils.java:destroyPipeline(66)) - Pipeline destroy failed for pipeline=PipelineID=ba2e6536-2ad5-4e3a-8ecf-947cd9ae92af dn=e2538fa5-58a8-4aba-9576-486ea31efcb2{ip: 192.168.5.171, host: pr-hdds-2007-n4wwz-4249666578, networkLocation: /default-rack, certSerialId: null}
2019-09-12 14:28:16,649 [grpc-default-executor-6] INFO  impl.RaftServerProxy (RaftServerProxy.java:remove(95)) - c26651e2-a96c-4010-919f-87a827874a5b: remove group-947CD9AE92AF:null
2019-09-12 14:28:16,651 [RatisPipelineUtilsThread] WARN  pipeline.RatisPipelineUtils (RatisPipelineUtils.java:destroyPipeline(66)) - Pipeline destroy failed for pipeline=PipelineID=ba2e6536-2ad5-4e3a-8ecf-947cd9ae92af dn=c26651e2-a96c-4010-919f-87a827874a5b{ip: 192.168.5.171, host: pr-hdds-2007-n4wwz-4249666578, networkLocation: /default-rack, certSerialId: null}
2019-09-12 14:28:16,655 [grpc-default-executor-6] INFO  impl.RaftServerProxy (RaftServerProxy.java:remove(95)) - a3deabaa-6f33-4549-9afe-d811f1beb6dc: remove group-947CD9AE92AF:null
2019-09-12 14:28:16,657 [RatisPipelineUtilsThread] WARN  pipeline.RatisPipelineUtils (RatisPipelineUtils.java:destroyPipeline(66)) - Pipeline destroy failed for pipeline=PipelineID=ba2e6536-2ad5-4e3a-8ecf-947cd9ae92af dn=a3deabaa-6f33-4549-9afe-d811f1beb6dc{ip: 192.168.5.171, host: pr-hdds-2007-n4wwz-4249666578, networkLocation: /default-rack, certSerialId: null}
2019-09-12 14:28:16,657 [RatisPipelineUtilsThread] ERROR pipeline.SCMPipelineManager (Scheduler.java:lambda$schedule$1(70)) - Destroy pipeline failed for pipeline:Pipeline[ Id: ba2e6536-2ad5-4e3a-8ecf-947cd9ae92af, Nodes: e2538fa5-58a8-4aba-9576-486ea31efcb2{ip: 192.168.5.171, host: pr-hdds-2007-n4wwz-4249666578, networkLocation: /default-rack, certSerialId: null}c26651e2-a96c-4010-919f-87a827874a5b{ip: 192.168.5.171, host: pr-hdds-2007-n4wwz-4249666578, networkLocation: /default-rack, certSerialId: null}a3deabaa-6f33-4549-9afe-d811f1beb6dc{ip: 192.168.5.171, host: pr-hdds-2007-n4wwz-4249666578, networkLocation: /default-rack, certSerialId: null}, Type:RATIS, Factor:THREE, State:CLOSED]
org.apache.hadoop.hdds.scm.pipeline.PipelineNotFoundException: PipelineID=ba2e6536-2ad5-4e3a-8ecf-947cd9ae92af not found
	at org.apache.hadoop.hdds.scm.pipeline.PipelineStateMap.getPipeline(PipelineStateMap.java:132)
	at org.apache.hadoop.hdds.scm.pipeline.PipelineStateMap.removePipeline(PipelineStateMap.java:322)
	at org.apache.hadoop.hdds.scm.pipeline.PipelineStateManager.removePipeline(PipelineStateManager.java:107)
	at org.apache.hadoop.hdds.scm.pipeline.SCMPipelineManager.removePipeline(SCMPipelineManager.java:423)
	at org.apache.hadoop.hdds.scm.pipeline.SCMPipelineManager.destroyPipeline(SCMPipelineManager.java:409)
	at org.apache.hadoop.hdds.scm.pipeline.SCMPipelineManager.lambda$finalizeAndDestroyPipeline$0(SCMPipelineManager.java:318)
	at org.apache.hadoop.utils.Scheduler.lambda$schedule$1(Scheduler.java:68)
	at java.util.concurrent.Executors$RunnableAdapter.call(Executors.java:511)
	at java.util.concurrent.FutureTask.run(FutureTask.java:266)
	at java.util.concurrent.ScheduledThreadPoolExecutor$ScheduledFutureTask.access$201(ScheduledThreadPoolExecutor.java:180)
	at java.util.concurrent.ScheduledThreadPoolExecutor$ScheduledFutureTask.run(ScheduledThreadPoolExecutor.java:293)
	at java.util.concurrent.ThreadPoolExecutor.runWorker(ThreadPoolExecutor.java:1149)
	at java.util.concurrent.ThreadPoolExecutor$Worker.run(ThreadPoolExecutor.java:624)
	at java.lang.Thread.run(Thread.java:748)
2019-09-12 14:28:17,981 [grpc-default-executor-5] INFO  client.GrpcClientProtocolClient (GrpcClientProtocolClient.java:onNext(264)) - client-35FAC708AFA2->c26651e2-a96c-4010-919f-87a827874a5b: receive RaftClientReply:client-35FAC708AFA2->c26651e2-a96c-4010-919f-87a827874a5b@group-3E8E6CBD8592, cid=44, FAILED org.apache.ratis.protocol.NotLeaderException: Server c26651e2-a96c-4010-919f-87a827874a5b@group-3E8E6CBD8592 is not the leader e2538fa5-58a8-4aba-9576-486ea31efcb2:192.168.5.171:42589, logIndex=0, commits[c26651e2-a96c-4010-919f-87a827874a5b:c6, e2538fa5-58a8-4aba-9576-486ea31efcb2:c6, a3deabaa-6f33-4549-9afe-d811f1beb6dc:c4]
2019-09-12 14:28:18,118 [java.util.concurrent.ThreadPoolExecutor$Worker@44ea9f2[State = -1, empty queue]] WARN  server.GrpcLogAppender (GrpcLogAppender.java:timeoutAppendRequest(200)) - e2538fa5-58a8-4aba-9576-486ea31efcb2@group-3E8E6CBD8592->c26651e2-a96c-4010-919f-87a827874a5b-GrpcLogAppender: appendEntries Timeout, request=e2538fa5-58a8-4aba-9576-486ea31efcb2->c26651e2-a96c-4010-919f-87a827874a5b#30-t1, previous=(t:1, i:12), leaderCommit=6, initializing? false, entries: <empty>
2019-09-12 14:28:18,118 [java.util.concurrent.ThreadPoolExecutor$Worker@4f438dcf[State = -1, empty queue]] WARN  server.GrpcLogAppender (GrpcLogAppender.java:timeoutAppendRequest(200)) - e2538fa5-58a8-4aba-9576-486ea31efcb2@group-3E8E6CBD8592->a3deabaa-6f33-4549-9afe-d811f1beb6dc-GrpcLogAppender: appendEntries Timeout, request=e2538fa5-58a8-4aba-9576-486ea31efcb2->a3deabaa-6f33-4549-9afe-d811f1beb6dc#30-t1, previous=(t:1, i:12), leaderCommit=6, initializing? false, entries: <empty>
2019-09-12 14:28:19,641 [grpc-default-executor-6] INFO  impl.RaftServerProxy (RaftServerProxy.java:remove(95)) - e2538fa5-58a8-4aba-9576-486ea31efcb2: remove group-947CD9AE92AF:null
2019-09-12 14:28:19,646 [RatisPipelineUtilsThread] WARN  pipeline.RatisPipelineUtils (RatisPipelineUtils.java:destroyPipeline(66)) - Pipeline destroy failed for pipeline=PipelineID=ba2e6536-2ad5-4e3a-8ecf-947cd9ae92af dn=e2538fa5-58a8-4aba-9576-486ea31efcb2{ip: 192.168.5.171, host: pr-hdds-2007-n4wwz-4249666578, networkLocation: /default-rack, certSerialId: null}
2019-09-12 14:28:19,649 [grpc-default-executor-6] INFO  impl.RaftServerProxy (RaftServerProxy.java:remove(95)) - c26651e2-a96c-4010-919f-87a827874a5b: remove group-947CD9AE92AF:null
2019-09-12 14:28:19,652 [RatisPipelineUtilsThread] WARN  pipeline.RatisPipelineUtils (RatisPipelineUtils.java:destroyPipeline(66)) - Pipeline destroy failed for pipeline=PipelineID=ba2e6536-2ad5-4e3a-8ecf-947cd9ae92af dn=c26651e2-a96c-4010-919f-87a827874a5b{ip: 192.168.5.171, host: pr-hdds-2007-n4wwz-4249666578, networkLocation: /default-rack, certSerialId: null}
2019-09-12 14:28:19,655 [grpc-default-executor-6] INFO  impl.RaftServerProxy (RaftServerProxy.java:remove(95)) - a3deabaa-6f33-4549-9afe-d811f1beb6dc: remove group-947CD9AE92AF:null
2019-09-12 14:28:19,657 [RatisPipelineUtilsThread] WARN  pipeline.RatisPipelineUtils (RatisPipelineUtils.java:destroyPipeline(66)) - Pipeline destroy failed for pipeline=PipelineID=ba2e6536-2ad5-4e3a-8ecf-947cd9ae92af dn=a3deabaa-6f33-4549-9afe-d811f1beb6dc{ip: 192.168.5.171, host: pr-hdds-2007-n4wwz-4249666578, networkLocation: /default-rack, certSerialId: null}
2019-09-12 14:28:19,658 [RatisPipelineUtilsThread] ERROR pipeline.SCMPipelineManager (Scheduler.java:lambda$schedule$1(70)) - Destroy pipeline failed for pipeline:Pipeline[ Id: ba2e6536-2ad5-4e3a-8ecf-947cd9ae92af, Nodes: e2538fa5-58a8-4aba-9576-486ea31efcb2{ip: 192.168.5.171, host: pr-hdds-2007-n4wwz-4249666578, networkLocation: /default-rack, certSerialId: null}c26651e2-a96c-4010-919f-87a827874a5b{ip: 192.168.5.171, host: pr-hdds-2007-n4wwz-4249666578, networkLocation: /default-rack, certSerialId: null}a3deabaa-6f33-4549-9afe-d811f1beb6dc{ip: 192.168.5.171, host: pr-hdds-2007-n4wwz-4249666578, networkLocation: /default-rack, certSerialId: null}, Type:RATIS, Factor:THREE, State:CLOSED]
org.apache.hadoop.hdds.scm.pipeline.PipelineNotFoundException: PipelineID=ba2e6536-2ad5-4e3a-8ecf-947cd9ae92af not found
	at org.apache.hadoop.hdds.scm.pipeline.PipelineStateMap.getPipeline(PipelineStateMap.java:132)
	at org.apache.hadoop.hdds.scm.pipeline.PipelineStateMap.removePipeline(PipelineStateMap.java:322)
	at org.apache.hadoop.hdds.scm.pipeline.PipelineStateManager.removePipeline(PipelineStateManager.java:107)
	at org.apache.hadoop.hdds.scm.pipeline.SCMPipelineManager.removePipeline(SCMPipelineManager.java:423)
	at org.apache.hadoop.hdds.scm.pipeline.SCMPipelineManager.destroyPipeline(SCMPipelineManager.java:409)
	at org.apache.hadoop.hdds.scm.pipeline.SCMPipelineManager.lambda$finalizeAndDestroyPipeline$0(SCMPipelineManager.java:318)
	at org.apache.hadoop.utils.Scheduler.lambda$schedule$1(Scheduler.java:68)
	at java.util.concurrent.Executors$RunnableAdapter.call(Executors.java:511)
	at java.util.concurrent.FutureTask.run(FutureTask.java:266)
	at java.util.concurrent.ScheduledThreadPoolExecutor$ScheduledFutureTask.access$201(ScheduledThreadPoolExecutor.java:180)
	at java.util.concurrent.ScheduledThreadPoolExecutor$ScheduledFutureTask.run(ScheduledThreadPoolExecutor.java:293)
	at java.util.concurrent.ThreadPoolExecutor.runWorker(ThreadPoolExecutor.java:1149)
	at java.util.concurrent.ThreadPoolExecutor$Worker.run(ThreadPoolExecutor.java:624)
	at java.lang.Thread.run(Thread.java:748)
2019-09-12 14:28:20,618 [java.util.concurrent.ThreadPoolExecutor$Worker@44ea9f2[State = -1, empty queue]] WARN  server.GrpcLogAppender (GrpcLogAppender.java:timeoutAppendRequest(200)) - e2538fa5-58a8-4aba-9576-486ea31efcb2@group-3E8E6CBD8592->c26651e2-a96c-4010-919f-87a827874a5b-GrpcLogAppender: appendEntries Timeout, request=e2538fa5-58a8-4aba-9576-486ea31efcb2->c26651e2-a96c-4010-919f-87a827874a5b#31-t1, previous=(t:1, i:12), leaderCommit=6, initializing? false, entries: <empty>
2019-09-12 14:28:20,618 [java.util.concurrent.ThreadPoolExecutor$Worker@4f438dcf[State = -1, empty queue]] WARN  server.GrpcLogAppender (GrpcLogAppender.java:timeoutAppendRequest(200)) - e2538fa5-58a8-4aba-9576-486ea31efcb2@group-3E8E6CBD8592->a3deabaa-6f33-4549-9afe-d811f1beb6dc-GrpcLogAppender: appendEntries Timeout, request=e2538fa5-58a8-4aba-9576-486ea31efcb2->a3deabaa-6f33-4549-9afe-d811f1beb6dc#31-t1, previous=(t:1, i:12), leaderCommit=6, initializing? false, entries: <empty>
2019-09-12 14:28:21,646 [grpc-default-executor-6] INFO  impl.RaftServerProxy (RaftServerProxy.java:remove(95)) - e2538fa5-58a8-4aba-9576-486ea31efcb2: remove group-947CD9AE92AF:null
2019-09-12 14:28:21,652 [RatisPipelineUtilsThread] WARN  pipeline.RatisPipelineUtils (RatisPipelineUtils.java:destroyPipeline(66)) - Pipeline destroy failed for pipeline=PipelineID=ba2e6536-2ad5-4e3a-8ecf-947cd9ae92af dn=e2538fa5-58a8-4aba-9576-486ea31efcb2{ip: 192.168.5.171, host: pr-hdds-2007-n4wwz-4249666578, networkLocation: /default-rack, certSerialId: null}
2019-09-12 14:28:21,656 [grpc-default-executor-6] INFO  impl.RaftServerProxy (RaftServerProxy.java:remove(95)) - c26651e2-a96c-4010-919f-87a827874a5b: remove group-947CD9AE92AF:null
2019-09-12 14:28:21,659 [RatisPipelineUtilsThread] WARN  pipeline.RatisPipelineUtils (RatisPipelineUtils.java:destroyPipeline(66)) - Pipeline destroy failed for pipeline=PipelineID=ba2e6536-2ad5-4e3a-8ecf-947cd9ae92af dn=c26651e2-a96c-4010-919f-87a827874a5b{ip: 192.168.5.171, host: pr-hdds-2007-n4wwz-4249666578, networkLocation: /default-rack, certSerialId: null}
2019-09-12 14:28:21,663 [grpc-default-executor-6] INFO  impl.RaftServerProxy (RaftServerProxy.java:remove(95)) - a3deabaa-6f33-4549-9afe-d811f1beb6dc: remove group-947CD9AE92AF:null
2019-09-12 14:28:21,665 [RatisPipelineUtilsThread] WARN  pipeline.RatisPipelineUtils (RatisPipelineUtils.java:destroyPipeline(66)) - Pipeline destroy failed for pipeline=PipelineID=ba2e6536-2ad5-4e3a-8ecf-947cd9ae92af dn=a3deabaa-6f33-4549-9afe-d811f1beb6dc{ip: 192.168.5.171, host: pr-hdds-2007-n4wwz-4249666578, networkLocation: /default-rack, certSerialId: null}
2019-09-12 14:28:21,666 [RatisPipelineUtilsThread] ERROR pipeline.SCMPipelineManager (Scheduler.java:lambda$schedule$1(70)) - Destroy pipeline failed for pipeline:Pipeline[ Id: ba2e6536-2ad5-4e3a-8ecf-947cd9ae92af, Nodes: e2538fa5-58a8-4aba-9576-486ea31efcb2{ip: 192.168.5.171, host: pr-hdds-2007-n4wwz-4249666578, networkLocation: /default-rack, certSerialId: null}c26651e2-a96c-4010-919f-87a827874a5b{ip: 192.168.5.171, host: pr-hdds-2007-n4wwz-4249666578, networkLocation: /default-rack, certSerialId: null}a3deabaa-6f33-4549-9afe-d811f1beb6dc{ip: 192.168.5.171, host: pr-hdds-2007-n4wwz-4249666578, networkLocation: /default-rack, certSerialId: null}, Type:RATIS, Factor:THREE, State:CLOSED]
org.apache.hadoop.hdds.scm.pipeline.PipelineNotFoundException: PipelineID=ba2e6536-2ad5-4e3a-8ecf-947cd9ae92af not found
	at org.apache.hadoop.hdds.scm.pipeline.PipelineStateMap.getPipeline(PipelineStateMap.java:132)
	at org.apache.hadoop.hdds.scm.pipeline.PipelineStateMap.removePipeline(PipelineStateMap.java:322)
	at org.apache.hadoop.hdds.scm.pipeline.PipelineStateManager.removePipeline(PipelineStateManager.java:107)
	at org.apache.hadoop.hdds.scm.pipeline.SCMPipelineManager.removePipeline(SCMPipelineManager.java:423)
	at org.apache.hadoop.hdds.scm.pipeline.SCMPipelineManager.destroyPipeline(SCMPipelineManager.java:409)
	at org.apache.hadoop.hdds.scm.pipeline.SCMPipelineManager.lambda$finalizeAndDestroyPipeline$0(SCMPipelineManager.java:318)
	at org.apache.hadoop.utils.Scheduler.lambda$schedule$1(Scheduler.java:68)
	at java.util.concurrent.Executors$RunnableAdapter.call(Executors.java:511)
	at java.util.concurrent.FutureTask.run(FutureTask.java:266)
	at java.util.concurrent.ScheduledThreadPoolExecutor$ScheduledFutureTask.access$201(ScheduledThreadPoolExecutor.java:180)
	at java.util.concurrent.ScheduledThreadPoolExecutor$ScheduledFutureTask.run(ScheduledThreadPoolExecutor.java:293)
	at java.util.concurrent.ThreadPoolExecutor.runWorker(ThreadPoolExecutor.java:1149)
	at java.util.concurrent.ThreadPoolExecutor$Worker.run(ThreadPoolExecutor.java:624)
	at java.lang.Thread.run(Thread.java:748)
2019-09-12 14:28:22,609 [a3deabaa-6f33-4549-9afe-d811f1beb6dc@group-3E8E6CBD8592-SegmentedRaftLogWorker] WARN  segmented.SegmentedRaftLogWorker (SegmentedRaftLogWorker.java:getFromFuture(90)) - Timeout 4/~
org.apache.ratis.protocol.TimeoutIOException: Timeout 10s: WriteLog:7: (t:1, i:7), STATEMACHINELOGENTRY, client-35FAC708AFA2, cid=44-writeStateMachineData
	at org.apache.ratis.util.IOUtils.getFromFuture(IOUtils.java:87)
	at org.apache.ratis.server.raftlog.segmented.SegmentedRaftLogWorker$StateMachineDataPolicy.getFromFuture(SegmentedRaftLogWorker.java:87)
	at org.apache.ratis.server.raftlog.segmented.SegmentedRaftLogWorker$WriteLog.execute(SegmentedRaftLogWorker.java:477)
	at org.apache.ratis.server.raftlog.segmented.SegmentedRaftLogWorker.run(SegmentedRaftLogWorker.java:289)
	at java.lang.Thread.run(Thread.java:748)
Caused by: java.util.concurrent.TimeoutException
	at java.util.concurrent.CompletableFuture.timedGet(CompletableFuture.java:1771)
	at java.util.concurrent.CompletableFuture.get(CompletableFuture.java:1915)
	at org.apache.ratis.util.IOUtils.getFromFuture(IOUtils.java:79)
	... 4 more
2019-09-12 14:28:22,609 [c26651e2-a96c-4010-919f-87a827874a5b@group-3E8E6CBD8592-SegmentedRaftLogWorker] WARN  segmented.SegmentedRaftLogWorker (SegmentedRaftLogWorker.java:getFromFuture(90)) - Timeout 4/~
org.apache.ratis.protocol.TimeoutIOException: Timeout 10s: WriteLog:7: (t:1, i:7), STATEMACHINELOGENTRY, client-35FAC708AFA2, cid=44-writeStateMachineData
	at org.apache.ratis.util.IOUtils.getFromFuture(IOUtils.java:87)
	at org.apache.ratis.server.raftlog.segmented.SegmentedRaftLogWorker$StateMachineDataPolicy.getFromFuture(SegmentedRaftLogWorker.java:87)
	at org.apache.ratis.server.raftlog.segmented.SegmentedRaftLogWorker$WriteLog.execute(SegmentedRaftLogWorker.java:477)
	at org.apache.ratis.server.raftlog.segmented.SegmentedRaftLogWorker.run(SegmentedRaftLogWorker.java:289)
	at java.lang.Thread.run(Thread.java:748)
Caused by: java.util.concurrent.TimeoutException
	at java.util.concurrent.CompletableFuture.timedGet(CompletableFuture.java:1771)
	at java.util.concurrent.CompletableFuture.get(CompletableFuture.java:1915)
	at org.apache.ratis.util.IOUtils.getFromFuture(IOUtils.java:79)
	... 4 more
2019-09-12 14:28:22,748 [e2538fa5-58a8-4aba-9576-486ea31efcb2@group-3E8E6CBD8592-SegmentedRaftLogWorker] WARN  segmented.SegmentedRaftLogWorker (SegmentedRaftLogWorker.java:getFromFuture(90)) - Timeout 4/~
org.apache.ratis.protocol.TimeoutIOException: Timeout 10s: WriteLog:8: (t:1, i:8), STATEMACHINELOGENTRY, client-35FAC708AFA2, cid=45-writeStateMachineData
	at org.apache.ratis.util.IOUtils.getFromFuture(IOUtils.java:87)
	at org.apache.ratis.server.raftlog.segmented.SegmentedRaftLogWorker$StateMachineDataPolicy.getFromFuture(SegmentedRaftLogWorker.java:87)
	at org.apache.ratis.server.raftlog.segmented.SegmentedRaftLogWorker$WriteLog.execute(SegmentedRaftLogWorker.java:477)
	at org.apache.ratis.server.raftlog.segmented.SegmentedRaftLogWorker.run(SegmentedRaftLogWorker.java:289)
	at java.lang.Thread.run(Thread.java:748)
Caused by: java.util.concurrent.TimeoutException
	at java.util.concurrent.CompletableFuture.timedGet(CompletableFuture.java:1771)
	at java.util.concurrent.CompletableFuture.get(CompletableFuture.java:1915)
	at org.apache.ratis.util.IOUtils.getFromFuture(IOUtils.java:79)
	... 4 more
2019-09-12 14:28:23,030 [grpc-default-executor-6] INFO  client.GrpcClientProtocolClient (GrpcClientProtocolClient.java:onNext(264)) - client-35FAC708AFA2->a3deabaa-6f33-4549-9afe-d811f1beb6dc: receive RaftClientReply:client-35FAC708AFA2->a3deabaa-6f33-4549-9afe-d811f1beb6dc@group-3E8E6CBD8592, cid=44, FAILED org.apache.ratis.protocol.NotLeaderException: Server a3deabaa-6f33-4549-9afe-d811f1beb6dc@group-3E8E6CBD8592 is not the leader e2538fa5-58a8-4aba-9576-486ea31efcb2:192.168.5.171:42589, logIndex=0, commits[a3deabaa-6f33-4549-9afe-d811f1beb6dc:c6, e2538fa5-58a8-4aba-9576-486ea31efcb2:c6, c26651e2-a96c-4010-919f-87a827874a5b:c4]
2019-09-12 14:28:23,119 [java.util.concurrent.ThreadPoolExecutor$Worker@44ea9f2[State = -1, empty queue]] WARN  server.GrpcLogAppender (GrpcLogAppender.java:timeoutAppendRequest(200)) - e2538fa5-58a8-4aba-9576-486ea31efcb2@group-3E8E6CBD8592->c26651e2-a96c-4010-919f-87a827874a5b-GrpcLogAppender: appendEntries Timeout, request=e2538fa5-58a8-4aba-9576-486ea31efcb2->c26651e2-a96c-4010-919f-87a827874a5b#32-t1, previous=(t:1, i:12), leaderCommit=6, initializing? false, entries: <empty>
2019-09-12 14:28:23,119 [java.util.concurrent.ThreadPoolExecutor$Worker@4f438dcf[State = -1, empty queue]] WARN  server.GrpcLogAppender (GrpcLogAppender.java:timeoutAppendRequest(200)) - e2538fa5-58a8-4aba-9576-486ea31efcb2@group-3E8E6CBD8592->a3deabaa-6f33-4549-9afe-d811f1beb6dc-GrpcLogAppender: appendEntries Timeout, request=e2538fa5-58a8-4aba-9576-486ea31efcb2->a3deabaa-6f33-4549-9afe-d811f1beb6dc#32-t1, previous=(t:1, i:12), leaderCommit=6, initializing? false, entries: <empty>
2019-09-12 14:28:24,642 [grpc-default-executor-1] INFO  impl.RaftServerProxy (RaftServerProxy.java:remove(95)) - e2538fa5-58a8-4aba-9576-486ea31efcb2: remove group-947CD9AE92AF:null
2019-09-12 14:28:24,647 [RatisPipelineUtilsThread] WARN  pipeline.RatisPipelineUtils (RatisPipelineUtils.java:destroyPipeline(66)) - Pipeline destroy failed for pipeline=PipelineID=ba2e6536-2ad5-4e3a-8ecf-947cd9ae92af dn=e2538fa5-58a8-4aba-9576-486ea31efcb2{ip: 192.168.5.171, host: pr-hdds-2007-n4wwz-4249666578, networkLocation: /default-rack, certSerialId: null}
2019-09-12 14:28:24,650 [grpc-default-executor-1] INFO  impl.RaftServerProxy (RaftServerProxy.java:remove(95)) - c26651e2-a96c-4010-919f-87a827874a5b: remove group-947CD9AE92AF:null
2019-09-12 14:28:24,653 [RatisPipelineUtilsThread] WARN  pipeline.RatisPipelineUtils (RatisPipelineUtils.java:destroyPipeline(66)) - Pipeline destroy failed for pipeline=PipelineID=ba2e6536-2ad5-4e3a-8ecf-947cd9ae92af dn=c26651e2-a96c-4010-919f-87a827874a5b{ip: 192.168.5.171, host: pr-hdds-2007-n4wwz-4249666578, networkLocation: /default-rack, certSerialId: null}
2019-09-12 14:28:24,656 [grpc-default-executor-1] INFO  impl.RaftServerProxy (RaftServerProxy.java:remove(95)) - a3deabaa-6f33-4549-9afe-d811f1beb6dc: remove group-947CD9AE92AF:null
2019-09-12 14:28:24,659 [RatisPipelineUtilsThread] WARN  pipeline.RatisPipelineUtils (RatisPipelineUtils.java:destroyPipeline(66)) - Pipeline destroy failed for pipeline=PipelineID=ba2e6536-2ad5-4e3a-8ecf-947cd9ae92af dn=a3deabaa-6f33-4549-9afe-d811f1beb6dc{ip: 192.168.5.171, host: pr-hdds-2007-n4wwz-4249666578, networkLocation: /default-rack, certSerialId: null}
2019-09-12 14:28:24,659 [RatisPipelineUtilsThread] ERROR pipeline.SCMPipelineManager (Scheduler.java:lambda$schedule$1(70)) - Destroy pipeline failed for pipeline:Pipeline[ Id: ba2e6536-2ad5-4e3a-8ecf-947cd9ae92af, Nodes: e2538fa5-58a8-4aba-9576-486ea31efcb2{ip: 192.168.5.171, host: pr-hdds-2007-n4wwz-4249666578, networkLocation: /default-rack, certSerialId: null}c26651e2-a96c-4010-919f-87a827874a5b{ip: 192.168.5.171, host: pr-hdds-2007-n4wwz-4249666578, networkLocation: /default-rack, certSerialId: null}a3deabaa-6f33-4549-9afe-d811f1beb6dc{ip: 192.168.5.171, host: pr-hdds-2007-n4wwz-4249666578, networkLocation: /default-rack, certSerialId: null}, Type:RATIS, Factor:THREE, State:CLOSED]
org.apache.hadoop.hdds.scm.pipeline.PipelineNotFoundException: PipelineID=ba2e6536-2ad5-4e3a-8ecf-947cd9ae92af not found
	at org.apache.hadoop.hdds.scm.pipeline.PipelineStateMap.getPipeline(PipelineStateMap.java:132)
	at org.apache.hadoop.hdds.scm.pipeline.PipelineStateMap.removePipeline(PipelineStateMap.java:322)
	at org.apache.hadoop.hdds.scm.pipeline.PipelineStateManager.removePipeline(PipelineStateManager.java:107)
	at org.apache.hadoop.hdds.scm.pipeline.SCMPipelineManager.removePipeline(SCMPipelineManager.java:423)
	at org.apache.hadoop.hdds.scm.pipeline.SCMPipelineManager.destroyPipeline(SCMPipelineManager.java:409)
	at org.apache.hadoop.hdds.scm.pipeline.SCMPipelineManager.lambda$finalizeAndDestroyPipeline$0(SCMPipelineManager.java:318)
	at org.apache.hadoop.utils.Scheduler.lambda$schedule$1(Scheduler.java:68)
	at java.util.concurrent.Executors$RunnableAdapter.call(Executors.java:511)
	at java.util.concurrent.FutureTask.run(FutureTask.java:266)
	at java.util.concurrent.ScheduledThreadPoolExecutor$ScheduledFutureTask.access$201(ScheduledThreadPoolExecutor.java:180)
	at java.util.concurrent.ScheduledThreadPoolExecutor$ScheduledFutureTask.run(ScheduledThreadPoolExecutor.java:293)
	at java.util.concurrent.ThreadPoolExecutor.runWorker(ThreadPoolExecutor.java:1149)
	at java.util.concurrent.ThreadPoolExecutor$Worker.run(ThreadPoolExecutor.java:624)
	at java.lang.Thread.run(Thread.java:748)
2019-09-12 14:28:25,620 [java.util.concurrent.ThreadPoolExecutor$Worker@44ea9f2[State = -1, empty queue]] WARN  server.GrpcLogAppender (GrpcLogAppender.java:timeoutAppendRequest(200)) - e2538fa5-58a8-4aba-9576-486ea31efcb2@group-3E8E6CBD8592->c26651e2-a96c-4010-919f-87a827874a5b-GrpcLogAppender: appendEntries Timeout, request=e2538fa5-58a8-4aba-9576-486ea31efcb2->c26651e2-a96c-4010-919f-87a827874a5b#33-t1, previous=(t:1, i:12), leaderCommit=6, initializing? false, entries: <empty>
2019-09-12 14:28:25,620 [java.util.concurrent.ThreadPoolExecutor$Worker@4f438dcf[State = -1, empty queue]] WARN  server.GrpcLogAppender (GrpcLogAppender.java:timeoutAppendRequest(200)) - e2538fa5-58a8-4aba-9576-486ea31efcb2@group-3E8E6CBD8592->a3deabaa-6f33-4549-9afe-d811f1beb6dc-GrpcLogAppender: appendEntries Timeout, request=e2538fa5-58a8-4aba-9576-486ea31efcb2->a3deabaa-6f33-4549-9afe-d811f1beb6dc#33-t1, previous=(t:1, i:12), leaderCommit=6, initializing? false, entries: <empty>
2019-09-12 14:28:26,645 [grpc-default-executor-6] INFO  impl.RaftServerProxy (RaftServerProxy.java:remove(95)) - e2538fa5-58a8-4aba-9576-486ea31efcb2: remove group-947CD9AE92AF:null
2019-09-12 14:28:26,649 [RatisPipelineUtilsThread] WARN  pipeline.RatisPipelineUtils (RatisPipelineUtils.java:destroyPipeline(66)) - Pipeline destroy failed for pipeline=PipelineID=ba2e6536-2ad5-4e3a-8ecf-947cd9ae92af dn=e2538fa5-58a8-4aba-9576-486ea31efcb2{ip: 192.168.5.171, host: pr-hdds-2007-n4wwz-4249666578, networkLocation: /default-rack, certSerialId: null}
2019-09-12 14:28:26,654 [grpc-default-executor-6] INFO  impl.RaftServerProxy (RaftServerProxy.java:remove(95)) - c26651e2-a96c-4010-919f-87a827874a5b: remove group-947CD9AE92AF:null
2019-09-12 14:28:26,656 [RatisPipelineUtilsThread] WARN  pipeline.RatisPipelineUtils (RatisPipelineUtils.java:destroyPipeline(66)) - Pipeline destroy failed for pipeline=PipelineID=ba2e6536-2ad5-4e3a-8ecf-947cd9ae92af dn=c26651e2-a96c-4010-919f-87a827874a5b{ip: 192.168.5.171, host: pr-hdds-2007-n4wwz-4249666578, networkLocation: /default-rack, certSerialId: null}
2019-09-12 14:28:26,659 [grpc-default-executor-6] INFO  impl.RaftServerProxy (RaftServerProxy.java:remove(95)) - a3deabaa-6f33-4549-9afe-d811f1beb6dc: remove group-947CD9AE92AF:null
2019-09-12 14:28:26,662 [RatisPipelineUtilsThread] WARN  pipeline.RatisPipelineUtils (RatisPipelineUtils.java:destroyPipeline(66)) - Pipeline destroy failed for pipeline=PipelineID=ba2e6536-2ad5-4e3a-8ecf-947cd9ae92af dn=a3deabaa-6f33-4549-9afe-d811f1beb6dc{ip: 192.168.5.171, host: pr-hdds-2007-n4wwz-4249666578, networkLocation: /default-rack, certSerialId: null}
2019-09-12 14:28:26,662 [RatisPipelineUtilsThread] ERROR pipeline.SCMPipelineManager (Scheduler.java:lambda$schedule$1(70)) - Destroy pipeline failed for pipeline:Pipeline[ Id: ba2e6536-2ad5-4e3a-8ecf-947cd9ae92af, Nodes: e2538fa5-58a8-4aba-9576-486ea31efcb2{ip: 192.168.5.171, host: pr-hdds-2007-n4wwz-4249666578, networkLocation: /default-rack, certSerialId: null}c26651e2-a96c-4010-919f-87a827874a5b{ip: 192.168.5.171, host: pr-hdds-2007-n4wwz-4249666578, networkLocation: /default-rack, certSerialId: null}a3deabaa-6f33-4549-9afe-d811f1beb6dc{ip: 192.168.5.171, host: pr-hdds-2007-n4wwz-4249666578, networkLocation: /default-rack, certSerialId: null}, Type:RATIS, Factor:THREE, State:CLOSED]
org.apache.hadoop.hdds.scm.pipeline.PipelineNotFoundException: PipelineID=ba2e6536-2ad5-4e3a-8ecf-947cd9ae92af not found
	at org.apache.hadoop.hdds.scm.pipeline.PipelineStateMap.getPipeline(PipelineStateMap.java:132)
	at org.apache.hadoop.hdds.scm.pipeline.PipelineStateMap.removePipeline(PipelineStateMap.java:322)
	at org.apache.hadoop.hdds.scm.pipeline.PipelineStateManager.removePipeline(PipelineStateManager.java:107)
	at org.apache.hadoop.hdds.scm.pipeline.SCMPipelineManager.removePipeline(SCMPipelineManager.java:423)
	at org.apache.hadoop.hdds.scm.pipeline.SCMPipelineManager.destroyPipeline(SCMPipelineManager.java:409)
	at org.apache.hadoop.hdds.scm.pipeline.SCMPipelineManager.lambda$finalizeAndDestroyPipeline$0(SCMPipelineManager.java:318)
	at org.apache.hadoop.utils.Scheduler.lambda$schedule$1(Scheduler.java:68)
	at java.util.concurrent.Executors$RunnableAdapter.call(Executors.java:511)
	at java.util.concurrent.FutureTask.run(FutureTask.java:266)
	at java.util.concurrent.ScheduledThreadPoolExecutor$ScheduledFutureTask.access$201(ScheduledThreadPoolExecutor.java:180)
	at java.util.concurrent.ScheduledThreadPoolExecutor$ScheduledFutureTask.run(ScheduledThreadPoolExecutor.java:293)
	at java.util.concurrent.ThreadPoolExecutor.runWorker(ThreadPoolExecutor.java:1149)
	at java.util.concurrent.ThreadPoolExecutor$Worker.run(ThreadPoolExecutor.java:624)
	at java.lang.Thread.run(Thread.java:748)
2019-09-12 14:28:28,074 [grpc-default-executor-1] INFO  client.GrpcClientProtocolClient (GrpcClientProtocolClient.java:onNext(264)) - client-35FAC708AFA2->a3deabaa-6f33-4549-9afe-d811f1beb6dc: receive RaftClientReply:client-35FAC708AFA2->a3deabaa-6f33-4549-9afe-d811f1beb6dc@group-3E8E6CBD8592, cid=44, FAILED org.apache.ratis.protocol.NotLeaderException: Server a3deabaa-6f33-4549-9afe-d811f1beb6dc@group-3E8E6CBD8592 is not the leader e2538fa5-58a8-4aba-9576-486ea31efcb2:192.168.5.171:42589, logIndex=0, commits[a3deabaa-6f33-4549-9afe-d811f1beb6dc:c6, e2538fa5-58a8-4aba-9576-486ea31efcb2:c6, c26651e2-a96c-4010-919f-87a827874a5b:c4]
2019-09-12 14:28:28,120 [java.util.concurrent.ThreadPoolExecutor$Worker@44ea9f2[State = -1, empty queue]] WARN  server.GrpcLogAppender (GrpcLogAppender.java:timeoutAppendRequest(200)) - e2538fa5-58a8-4aba-9576-486ea31efcb2@group-3E8E6CBD8592->c26651e2-a96c-4010-919f-87a827874a5b-GrpcLogAppender: appendEntries Timeout, request=e2538fa5-58a8-4aba-9576-486ea31efcb2->c26651e2-a96c-4010-919f-87a827874a5b#34-t1, previous=(t:1, i:12), leaderCommit=6, initializing? false, entries: <empty>
2019-09-12 14:28:28,120 [java.util.concurrent.ThreadPoolExecutor$Worker@4f438dcf[State = -1, empty queue]] WARN  server.GrpcLogAppender (GrpcLogAppender.java:timeoutAppendRequest(200)) - e2538fa5-58a8-4aba-9576-486ea31efcb2@group-3E8E6CBD8592->a3deabaa-6f33-4549-9afe-d811f1beb6dc-GrpcLogAppender: appendEntries Timeout, request=e2538fa5-58a8-4aba-9576-486ea31efcb2->a3deabaa-6f33-4549-9afe-d811f1beb6dc#34-t1, previous=(t:1, i:12), leaderCommit=6, initializing? false, entries: <empty>
2019-09-12 14:28:29,639 [grpc-default-executor-1] INFO  impl.RaftServerProxy (RaftServerProxy.java:remove(95)) - e2538fa5-58a8-4aba-9576-486ea31efcb2: remove group-947CD9AE92AF:null
2019-09-12 14:28:29,642 [RatisPipelineUtilsThread] WARN  pipeline.RatisPipelineUtils (RatisPipelineUtils.java:destroyPipeline(66)) - Pipeline destroy failed for pipeline=PipelineID=ba2e6536-2ad5-4e3a-8ecf-947cd9ae92af dn=e2538fa5-58a8-4aba-9576-486ea31efcb2{ip: 192.168.5.171, host: pr-hdds-2007-n4wwz-4249666578, networkLocation: /default-rack, certSerialId: null}
2019-09-12 14:28:29,644 [grpc-default-executor-1] INFO  impl.RaftServerProxy (RaftServerProxy.java:remove(95)) - c26651e2-a96c-4010-919f-87a827874a5b: remove group-947CD9AE92AF:null
2019-09-12 14:28:29,646 [RatisPipelineUtilsThread] WARN  pipeline.RatisPipelineUtils (RatisPipelineUtils.java:destroyPipeline(66)) - Pipeline destroy failed for pipeline=PipelineID=ba2e6536-2ad5-4e3a-8ecf-947cd9ae92af dn=c26651e2-a96c-4010-919f-87a827874a5b{ip: 192.168.5.171, host: pr-hdds-2007-n4wwz-4249666578, networkLocation: /default-rack, certSerialId: null}
2019-09-12 14:28:29,649 [grpc-default-executor-1] INFO  impl.RaftServerProxy (RaftServerProxy.java:remove(95)) - a3deabaa-6f33-4549-9afe-d811f1beb6dc: remove group-947CD9AE92AF:null
2019-09-12 14:28:29,650 [RatisPipelineUtilsThread] WARN  pipeline.RatisPipelineUtils (RatisPipelineUtils.java:destroyPipeline(66)) - Pipeline destroy failed for pipeline=PipelineID=ba2e6536-2ad5-4e3a-8ecf-947cd9ae92af dn=a3deabaa-6f33-4549-9afe-d811f1beb6dc{ip: 192.168.5.171, host: pr-hdds-2007-n4wwz-4249666578, networkLocation: /default-rack, certSerialId: null}
2019-09-12 14:28:29,651 [RatisPipelineUtilsThread] ERROR pipeline.SCMPipelineManager (Scheduler.java:lambda$schedule$1(70)) - Destroy pipeline failed for pipeline:Pipeline[ Id: ba2e6536-2ad5-4e3a-8ecf-947cd9ae92af, Nodes: e2538fa5-58a8-4aba-9576-486ea31efcb2{ip: 192.168.5.171, host: pr-hdds-2007-n4wwz-4249666578, networkLocation: /default-rack, certSerialId: null}c26651e2-a96c-4010-919f-87a827874a5b{ip: 192.168.5.171, host: pr-hdds-2007-n4wwz-4249666578, networkLocation: /default-rack, certSerialId: null}a3deabaa-6f33-4549-9afe-d811f1beb6dc{ip: 192.168.5.171, host: pr-hdds-2007-n4wwz-4249666578, networkLocation: /default-rack, certSerialId: null}, Type:RATIS, Factor:THREE, State:CLOSED]
org.apache.hadoop.hdds.scm.pipeline.PipelineNotFoundException: PipelineID=ba2e6536-2ad5-4e3a-8ecf-947cd9ae92af not found
	at org.apache.hadoop.hdds.scm.pipeline.PipelineStateMap.getPipeline(PipelineStateMap.java:132)
	at org.apache.hadoop.hdds.scm.pipeline.PipelineStateMap.removePipeline(PipelineStateMap.java:322)
	at org.apache.hadoop.hdds.scm.pipeline.PipelineStateManager.removePipeline(PipelineStateManager.java:107)
	at org.apache.hadoop.hdds.scm.pipeline.SCMPipelineManager.removePipeline(SCMPipelineManager.java:423)
	at org.apache.hadoop.hdds.scm.pipeline.SCMPipelineManager.destroyPipeline(SCMPipelineManager.java:409)
	at org.apache.hadoop.hdds.scm.pipeline.SCMPipelineManager.lambda$finalizeAndDestroyPipeline$0(SCMPipelineManager.java:318)
	at org.apache.hadoop.utils.Scheduler.lambda$schedule$1(Scheduler.java:68)
	at java.util.concurrent.Executors$RunnableAdapter.call(Executors.java:511)
	at java.util.concurrent.FutureTask.run(FutureTask.java:266)
	at java.util.concurrent.ScheduledThreadPoolExecutor$ScheduledFutureTask.access$201(ScheduledThreadPoolExecutor.java:180)
	at java.util.concurrent.ScheduledThreadPoolExecutor$ScheduledFutureTask.run(ScheduledThreadPoolExecutor.java:293)
	at java.util.concurrent.ThreadPoolExecutor.runWorker(ThreadPoolExecutor.java:1149)
	at java.util.concurrent.ThreadPoolExecutor$Worker.run(ThreadPoolExecutor.java:624)
	at java.lang.Thread.run(Thread.java:748)
2019-09-12 14:28:30,621 [java.util.concurrent.ThreadPoolExecutor$Worker@44ea9f2[State = -1, empty queue]] WARN  server.GrpcLogAppender (GrpcLogAppender.java:timeoutAppendRequest(200)) - e2538fa5-58a8-4aba-9576-486ea31efcb2@group-3E8E6CBD8592->c26651e2-a96c-4010-919f-87a827874a5b-GrpcLogAppender: appendEntries Timeout, request=e2538fa5-58a8-4aba-9576-486ea31efcb2->c26651e2-a96c-4010-919f-87a827874a5b#35-t1, previous=(t:1, i:12), leaderCommit=6, initializing? false, entries: <empty>
2019-09-12 14:28:30,621 [java.util.concurrent.ThreadPoolExecutor$Worker@4f438dcf[State = -1, empty queue]] WARN  server.GrpcLogAppender (GrpcLogAppender.java:timeoutAppendRequest(200)) - e2538fa5-58a8-4aba-9576-486ea31efcb2@group-3E8E6CBD8592->a3deabaa-6f33-4549-9afe-d811f1beb6dc-GrpcLogAppender: appendEntries Timeout, request=e2538fa5-58a8-4aba-9576-486ea31efcb2->a3deabaa-6f33-4549-9afe-d811f1beb6dc#35-t1, previous=(t:1, i:12), leaderCommit=6, initializing? false, entries: <empty>
2019-09-12 14:28:31,648 [grpc-default-executor-6] INFO  impl.RaftServerProxy (RaftServerProxy.java:remove(95)) - e2538fa5-58a8-4aba-9576-486ea31efcb2: remove group-947CD9AE92AF:null
2019-09-12 14:28:31,653 [RatisPipelineUtilsThread] WARN  pipeline.RatisPipelineUtils (RatisPipelineUtils.java:destroyPipeline(66)) - Pipeline destroy failed for pipeline=PipelineID=ba2e6536-2ad5-4e3a-8ecf-947cd9ae92af dn=e2538fa5-58a8-4aba-9576-486ea31efcb2{ip: 192.168.5.171, host: pr-hdds-2007-n4wwz-4249666578, networkLocation: /default-rack, certSerialId: null}
2019-09-12 14:28:31,657 [grpc-default-executor-6] INFO  impl.RaftServerProxy (RaftServerProxy.java:remove(95)) - c26651e2-a96c-4010-919f-87a827874a5b: remove group-947CD9AE92AF:null
2019-09-12 14:28:31,660 [RatisPipelineUtilsThread] WARN  pipeline.RatisPipelineUtils (RatisPipelineUtils.java:destroyPipeline(66)) - Pipeline destroy failed for pipeline=PipelineID=ba2e6536-2ad5-4e3a-8ecf-947cd9ae92af dn=c26651e2-a96c-4010-919f-87a827874a5b{ip: 192.168.5.171, host: pr-hdds-2007-n4wwz-4249666578, networkLocation: /default-rack, certSerialId: null}
2019-09-12 14:28:31,663 [grpc-default-executor-6] INFO  impl.RaftServerProxy (RaftServerProxy.java:remove(95)) - a3deabaa-6f33-4549-9afe-d811f1beb6dc: remove group-947CD9AE92AF:null
2019-09-12 14:28:31,665 [RatisPipelineUtilsThread] WARN  pipeline.RatisPipelineUtils (RatisPipelineUtils.java:destroyPipeline(66)) - Pipeline destroy failed for pipeline=PipelineID=ba2e6536-2ad5-4e3a-8ecf-947cd9ae92af dn=a3deabaa-6f33-4549-9afe-d811f1beb6dc{ip: 192.168.5.171, host: pr-hdds-2007-n4wwz-4249666578, networkLocation: /default-rack, certSerialId: null}
2019-09-12 14:28:31,665 [RatisPipelineUtilsThread] ERROR pipeline.SCMPipelineManager (Scheduler.java:lambda$schedule$1(70)) - Destroy pipeline failed for pipeline:Pipeline[ Id: ba2e6536-2ad5-4e3a-8ecf-947cd9ae92af, Nodes: e2538fa5-58a8-4aba-9576-486ea31efcb2{ip: 192.168.5.171, host: pr-hdds-2007-n4wwz-4249666578, networkLocation: /default-rack, certSerialId: null}c26651e2-a96c-4010-919f-87a827874a5b{ip: 192.168.5.171, host: pr-hdds-2007-n4wwz-4249666578, networkLocation: /default-rack, certSerialId: null}a3deabaa-6f33-4549-9afe-d811f1beb6dc{ip: 192.168.5.171, host: pr-hdds-2007-n4wwz-4249666578, networkLocation: /default-rack, certSerialId: null}, Type:RATIS, Factor:THREE, State:CLOSED]
org.apache.hadoop.hdds.scm.pipeline.PipelineNotFoundException: PipelineID=ba2e6536-2ad5-4e3a-8ecf-947cd9ae92af not found
	at org.apache.hadoop.hdds.scm.pipeline.PipelineStateMap.getPipeline(PipelineStateMap.java:132)
	at org.apache.hadoop.hdds.scm.pipeline.PipelineStateMap.removePipeline(PipelineStateMap.java:322)
	at org.apache.hadoop.hdds.scm.pipeline.PipelineStateManager.removePipeline(PipelineStateManager.java:107)
	at org.apache.hadoop.hdds.scm.pipeline.SCMPipelineManager.removePipeline(SCMPipelineManager.java:423)
	at org.apache.hadoop.hdds.scm.pipeline.SCMPipelineManager.destroyPipeline(SCMPipelineManager.java:409)
	at org.apache.hadoop.hdds.scm.pipeline.SCMPipelineManager.lambda$finalizeAndDestroyPipeline$0(SCMPipelineManager.java:318)
	at org.apache.hadoop.utils.Scheduler.lambda$schedule$1(Scheduler.java:68)
	at java.util.concurrent.Executors$RunnableAdapter.call(Executors.java:511)
	at java.util.concurrent.FutureTask.run(FutureTask.java:266)
	at java.util.concurrent.ScheduledThreadPoolExecutor$ScheduledFutureTask.access$201(ScheduledThreadPoolExecutor.java:180)
	at java.util.concurrent.ScheduledThreadPoolExecutor$ScheduledFutureTask.run(ScheduledThreadPoolExecutor.java:293)
	at java.util.concurrent.ThreadPoolExecutor.runWorker(ThreadPoolExecutor.java:1149)
	at java.util.concurrent.ThreadPoolExecutor$Worker.run(ThreadPoolExecutor.java:624)
	at java.lang.Thread.run(Thread.java:748)
2019-09-12 14:28:31,733 [grpc-default-executor-6] INFO  impl.RaftServerProxy (RaftServerProxy.java:remove(95)) - e2538fa5-58a8-4aba-9576-486ea31efcb2: remove group-947CD9AE92AF:null
2019-09-12 14:28:31,736 [RatisPipelineUtilsThread] WARN  pipeline.RatisPipelineUtils (RatisPipelineUtils.java:destroyPipeline(66)) - Pipeline destroy failed for pipeline=PipelineID=ba2e6536-2ad5-4e3a-8ecf-947cd9ae92af dn=e2538fa5-58a8-4aba-9576-486ea31efcb2{ip: 192.168.5.171, host: pr-hdds-2007-n4wwz-4249666578, networkLocation: /default-rack, certSerialId: null}
2019-09-12 14:28:31,739 [grpc-default-executor-6] INFO  impl.RaftServerProxy (RaftServerProxy.java:remove(95)) - c26651e2-a96c-4010-919f-87a827874a5b: remove group-947CD9AE92AF:null
2019-09-12 14:28:31,742 [RatisPipelineUtilsThread] WARN  pipeline.RatisPipelineUtils (RatisPipelineUtils.java:destroyPipeline(66)) - Pipeline destroy failed for pipeline=PipelineID=ba2e6536-2ad5-4e3a-8ecf-947cd9ae92af dn=c26651e2-a96c-4010-919f-87a827874a5b{ip: 192.168.5.171, host: pr-hdds-2007-n4wwz-4249666578, networkLocation: /default-rack, certSerialId: null}
2019-09-12 14:28:31,745 [grpc-default-executor-6] INFO  impl.RaftServerProxy (RaftServerProxy.java:remove(95)) - a3deabaa-6f33-4549-9afe-d811f1beb6dc: remove group-947CD9AE92AF:null
2019-09-12 14:28:31,748 [RatisPipelineUtilsThread] WARN  pipeline.RatisPipelineUtils (RatisPipelineUtils.java:destroyPipeline(66)) - Pipeline destroy failed for pipeline=PipelineID=ba2e6536-2ad5-4e3a-8ecf-947cd9ae92af dn=a3deabaa-6f33-4549-9afe-d811f1beb6dc{ip: 192.168.5.171, host: pr-hdds-2007-n4wwz-4249666578, networkLocation: /default-rack, certSerialId: null}
2019-09-12 14:28:31,748 [RatisPipelineUtilsThread] ERROR pipeline.SCMPipelineManager (Scheduler.java:lambda$schedule$1(70)) - Destroy pipeline failed for pipeline:Pipeline[ Id: ba2e6536-2ad5-4e3a-8ecf-947cd9ae92af, Nodes: e2538fa5-58a8-4aba-9576-486ea31efcb2{ip: 192.168.5.171, host: pr-hdds-2007-n4wwz-4249666578, networkLocation: /default-rack, certSerialId: null}c26651e2-a96c-4010-919f-87a827874a5b{ip: 192.168.5.171, host: pr-hdds-2007-n4wwz-4249666578, networkLocation: /default-rack, certSerialId: null}a3deabaa-6f33-4549-9afe-d811f1beb6dc{ip: 192.168.5.171, host: pr-hdds-2007-n4wwz-4249666578, networkLocation: /default-rack, certSerialId: null}, Type:RATIS, Factor:THREE, State:CLOSED]
org.apache.hadoop.hdds.scm.pipeline.PipelineNotFoundException: PipelineID=ba2e6536-2ad5-4e3a-8ecf-947cd9ae92af not found
	at org.apache.hadoop.hdds.scm.pipeline.PipelineStateMap.getPipeline(PipelineStateMap.java:132)
	at org.apache.hadoop.hdds.scm.pipeline.PipelineStateMap.removePipeline(PipelineStateMap.java:322)
	at org.apache.hadoop.hdds.scm.pipeline.PipelineStateManager.removePipeline(PipelineStateManager.java:107)
	at org.apache.hadoop.hdds.scm.pipeline.SCMPipelineManager.removePipeline(SCMPipelineManager.java:423)
	at org.apache.hadoop.hdds.scm.pipeline.SCMPipelineManager.destroyPipeline(SCMPipelineManager.java:409)
	at org.apache.hadoop.hdds.scm.pipeline.SCMPipelineManager.lambda$finalizeAndDestroyPipeline$0(SCMPipelineManager.java:318)
	at org.apache.hadoop.utils.Scheduler.lambda$schedule$1(Scheduler.java:68)
	at java.util.concurrent.Executors$RunnableAdapter.call(Executors.java:511)
	at java.util.concurrent.FutureTask.run(FutureTask.java:266)
	at java.util.concurrent.ScheduledThreadPoolExecutor$ScheduledFutureTask.access$201(ScheduledThreadPoolExecutor.java:180)
	at java.util.concurrent.ScheduledThreadPoolExecutor$ScheduledFutureTask.run(ScheduledThreadPoolExecutor.java:293)
	at java.util.concurrent.ThreadPoolExecutor.runWorker(ThreadPoolExecutor.java:1149)
	at java.util.concurrent.ThreadPoolExecutor$Worker.run(ThreadPoolExecutor.java:624)
	at java.lang.Thread.run(Thread.java:748)
2019-09-12 14:28:31,991 [grpc-default-executor-6] INFO  impl.RaftServerProxy (RaftServerProxy.java:remove(95)) - e2538fa5-58a8-4aba-9576-486ea31efcb2: remove group-947CD9AE92AF:null
2019-09-12 14:28:31,994 [RatisPipelineUtilsThread] WARN  pipeline.RatisPipelineUtils (RatisPipelineUtils.java:destroyPipeline(66)) - Pipeline destroy failed for pipeline=PipelineID=ba2e6536-2ad5-4e3a-8ecf-947cd9ae92af dn=e2538fa5-58a8-4aba-9576-486ea31efcb2{ip: 192.168.5.171, host: pr-hdds-2007-n4wwz-4249666578, networkLocation: /default-rack, certSerialId: null}
2019-09-12 14:28:31,997 [grpc-default-executor-6] INFO  impl.RaftServerProxy (RaftServerProxy.java:remove(95)) - c26651e2-a96c-4010-919f-87a827874a5b: remove group-947CD9AE92AF:null
2019-09-12 14:28:32,000 [RatisPipelineUtilsThread] WARN  pipeline.RatisPipelineUtils (RatisPipelineUtils.java:destroyPipeline(66)) - Pipeline destroy failed for pipeline=PipelineID=ba2e6536-2ad5-4e3a-8ecf-947cd9ae92af dn=c26651e2-a96c-4010-919f-87a827874a5b{ip: 192.168.5.171, host: pr-hdds-2007-n4wwz-4249666578, networkLocation: /default-rack, certSerialId: null}
2019-09-12 14:28:32,003 [grpc-default-executor-6] INFO  impl.RaftServerProxy (RaftServerProxy.java:remove(95)) - a3deabaa-6f33-4549-9afe-d811f1beb6dc: remove group-947CD9AE92AF:null
2019-09-12 14:28:32,005 [RatisPipelineUtilsThread] WARN  pipeline.RatisPipelineUtils (RatisPipelineUtils.java:destroyPipeline(66)) - Pipeline destroy failed for pipeline=PipelineID=ba2e6536-2ad5-4e3a-8ecf-947cd9ae92af dn=a3deabaa-6f33-4549-9afe-d811f1beb6dc{ip: 192.168.5.171, host: pr-hdds-2007-n4wwz-4249666578, networkLocation: /default-rack, certSerialId: null}
2019-09-12 14:28:32,006 [RatisPipelineUtilsThread] ERROR pipeline.SCMPipelineManager (Scheduler.java:lambda$schedule$1(70)) - Destroy pipeline failed for pipeline:Pipeline[ Id: ba2e6536-2ad5-4e3a-8ecf-947cd9ae92af, Nodes: e2538fa5-58a8-4aba-9576-486ea31efcb2{ip: 192.168.5.171, host: pr-hdds-2007-n4wwz-4249666578, networkLocation: /default-rack, certSerialId: null}c26651e2-a96c-4010-919f-87a827874a5b{ip: 192.168.5.171, host: pr-hdds-2007-n4wwz-4249666578, networkLocation: /default-rack, certSerialId: null}a3deabaa-6f33-4549-9afe-d811f1beb6dc{ip: 192.168.5.171, host: pr-hdds-2007-n4wwz-4249666578, networkLocation: /default-rack, certSerialId: null}, Type:RATIS, Factor:THREE, State:CLOSED]
org.apache.hadoop.hdds.scm.pipeline.PipelineNotFoundException: PipelineID=ba2e6536-2ad5-4e3a-8ecf-947cd9ae92af not found
	at org.apache.hadoop.hdds.scm.pipeline.PipelineStateMap.getPipeline(PipelineStateMap.java:132)
	at org.apache.hadoop.hdds.scm.pipeline.PipelineStateMap.removePipeline(PipelineStateMap.java:322)
	at org.apache.hadoop.hdds.scm.pipeline.PipelineStateManager.removePipeline(PipelineStateManager.java:107)
	at org.apache.hadoop.hdds.scm.pipeline.SCMPipelineManager.removePipeline(SCMPipelineManager.java:423)
	at org.apache.hadoop.hdds.scm.pipeline.SCMPipelineManager.destroyPipeline(SCMPipelineManager.java:409)
	at org.apache.hadoop.hdds.scm.pipeline.SCMPipelineManager.lambda$finalizeAndDestroyPipeline$0(SCMPipelineManager.java:318)
	at org.apache.hadoop.utils.Scheduler.lambda$schedule$1(Scheduler.java:68)
	at java.util.concurrent.Executors$RunnableAdapter.call(Executors.java:511)
	at java.util.concurrent.FutureTask.run(FutureTask.java:266)
	at java.util.concurrent.ScheduledThreadPoolExecutor$ScheduledFutureTask.access$201(ScheduledThreadPoolExecutor.java:180)
	at java.util.concurrent.ScheduledThreadPoolExecutor$ScheduledFutureTask.run(ScheduledThreadPoolExecutor.java:293)
	at java.util.concurrent.ThreadPoolExecutor.runWorker(ThreadPoolExecutor.java:1149)
	at java.util.concurrent.ThreadPoolExecutor$Worker.run(ThreadPoolExecutor.java:624)
	at java.lang.Thread.run(Thread.java:748)
2019-09-12 14:28:32,234 [grpc-default-executor-6] INFO  impl.RaftServerProxy (RaftServerProxy.java:remove(95)) - e2538fa5-58a8-4aba-9576-486ea31efcb2: remove group-947CD9AE92AF:null
2019-09-12 14:28:32,238 [RatisPipelineUtilsThread] WARN  pipeline.RatisPipelineUtils (RatisPipelineUtils.java:destroyPipeline(66)) - Pipeline destroy failed for pipeline=PipelineID=ba2e6536-2ad5-4e3a-8ecf-947cd9ae92af dn=e2538fa5-58a8-4aba-9576-486ea31efcb2{ip: 192.168.5.171, host: pr-hdds-2007-n4wwz-4249666578, networkLocation: /default-rack, certSerialId: null}
2019-09-12 14:28:32,242 [grpc-default-executor-6] INFO  impl.RaftServerProxy (RaftServerProxy.java:remove(95)) - c26651e2-a96c-4010-919f-87a827874a5b: remove group-947CD9AE92AF:null
2019-09-12 14:28:32,246 [RatisPipelineUtilsThread] WARN  pipeline.RatisPipelineUtils (RatisPipelineUtils.java:destroyPipeline(66)) - Pipeline destroy failed for pipeline=PipelineID=ba2e6536-2ad5-4e3a-8ecf-947cd9ae92af dn=c26651e2-a96c-4010-919f-87a827874a5b{ip: 192.168.5.171, host: pr-hdds-2007-n4wwz-4249666578, networkLocation: /default-rack, certSerialId: null}
2019-09-12 14:28:32,249 [grpc-default-executor-6] INFO  impl.RaftServerProxy (RaftServerProxy.java:remove(95)) - a3deabaa-6f33-4549-9afe-d811f1beb6dc: remove group-947CD9AE92AF:null
2019-09-12 14:28:32,252 [RatisPipelineUtilsThread] WARN  pipeline.RatisPipelineUtils (RatisPipelineUtils.java:destroyPipeline(66)) - Pipeline destroy failed for pipeline=PipelineID=ba2e6536-2ad5-4e3a-8ecf-947cd9ae92af dn=a3deabaa-6f33-4549-9afe-d811f1beb6dc{ip: 192.168.5.171, host: pr-hdds-2007-n4wwz-4249666578, networkLocation: /default-rack, certSerialId: null}
2019-09-12 14:28:32,252 [RatisPipelineUtilsThread] ERROR pipeline.SCMPipelineManager (Scheduler.java:lambda$schedule$1(70)) - Destroy pipeline failed for pipeline:Pipeline[ Id: ba2e6536-2ad5-4e3a-8ecf-947cd9ae92af, Nodes: e2538fa5-58a8-4aba-9576-486ea31efcb2{ip: 192.168.5.171, host: pr-hdds-2007-n4wwz-4249666578, networkLocation: /default-rack, certSerialId: null}c26651e2-a96c-4010-919f-87a827874a5b{ip: 192.168.5.171, host: pr-hdds-2007-n4wwz-4249666578, networkLocation: /default-rack, certSerialId: null}a3deabaa-6f33-4549-9afe-d811f1beb6dc{ip: 192.168.5.171, host: pr-hdds-2007-n4wwz-4249666578, networkLocation: /default-rack, certSerialId: null}, Type:RATIS, Factor:THREE, State:CLOSED]
org.apache.hadoop.hdds.scm.pipeline.PipelineNotFoundException: PipelineID=ba2e6536-2ad5-4e3a-8ecf-947cd9ae92af not found
	at org.apache.hadoop.hdds.scm.pipeline.PipelineStateMap.getPipeline(PipelineStateMap.java:132)
	at org.apache.hadoop.hdds.scm.pipeline.PipelineStateMap.removePipeline(PipelineStateMap.java:322)
	at org.apache.hadoop.hdds.scm.pipeline.PipelineStateManager.removePipeline(PipelineStateManager.java:107)
	at org.apache.hadoop.hdds.scm.pipeline.SCMPipelineManager.removePipeline(SCMPipelineManager.java:423)
	at org.apache.hadoop.hdds.scm.pipeline.SCMPipelineManager.destroyPipeline(SCMPipelineManager.java:409)
	at org.apache.hadoop.hdds.scm.pipeline.SCMPipelineManager.lambda$finalizeAndDestroyPipeline$0(SCMPipelineManager.java:318)
	at org.apache.hadoop.utils.Scheduler.lambda$schedule$1(Scheduler.java:68)
	at java.util.concurrent.Executors$RunnableAdapter.call(Executors.java:511)
	at java.util.concurrent.FutureTask.run(FutureTask.java:266)
	at java.util.concurrent.ScheduledThreadPoolExecutor$ScheduledFutureTask.access$201(ScheduledThreadPoolExecutor.java:180)
	at java.util.concurrent.ScheduledThreadPoolExecutor$ScheduledFutureTask.run(ScheduledThreadPoolExecutor.java:293)
	at java.util.concurrent.ThreadPoolExecutor.runWorker(ThreadPoolExecutor.java:1149)
	at java.util.concurrent.ThreadPoolExecutor$Worker.run(ThreadPoolExecutor.java:624)
	at java.lang.Thread.run(Thread.java:748)
2019-09-12 14:28:32,610 [a3deabaa-6f33-4549-9afe-d811f1beb6dc@group-3E8E6CBD8592-SegmentedRaftLogWorker] WARN  segmented.SegmentedRaftLogWorker (SegmentedRaftLogWorker.java:getFromFuture(90)) - Timeout 5/~
org.apache.ratis.protocol.TimeoutIOException: Timeout 10s: WriteLog:7: (t:1, i:7), STATEMACHINELOGENTRY, client-35FAC708AFA2, cid=44-writeStateMachineData
	at org.apache.ratis.util.IOUtils.getFromFuture(IOUtils.java:87)
	at org.apache.ratis.server.raftlog.segmented.SegmentedRaftLogWorker$StateMachineDataPolicy.getFromFuture(SegmentedRaftLogWorker.java:87)
	at org.apache.ratis.server.raftlog.segmented.SegmentedRaftLogWorker$WriteLog.execute(SegmentedRaftLogWorker.java:477)
	at org.apache.ratis.server.raftlog.segmented.SegmentedRaftLogWorker.run(SegmentedRaftLogWorker.java:289)
	at java.lang.Thread.run(Thread.java:748)
Caused by: java.util.concurrent.TimeoutException
	at java.util.concurrent.CompletableFuture.timedGet(CompletableFuture.java:1771)
	at java.util.concurrent.CompletableFuture.get(CompletableFuture.java:1915)
	at org.apache.ratis.util.IOUtils.getFromFuture(IOUtils.java:79)
	... 4 more
2019-09-12 14:28:32,610 [c26651e2-a96c-4010-919f-87a827874a5b@group-3E8E6CBD8592-SegmentedRaftLogWorker] WARN  segmented.SegmentedRaftLogWorker (SegmentedRaftLogWorker.java:getFromFuture(90)) - Timeout 5/~
org.apache.ratis.protocol.TimeoutIOException: Timeout 10s: WriteLog:7: (t:1, i:7), STATEMACHINELOGENTRY, client-35FAC708AFA2, cid=44-writeStateMachineData
	at org.apache.ratis.util.IOUtils.getFromFuture(IOUtils.java:87)
	at org.apache.ratis.server.raftlog.segmented.SegmentedRaftLogWorker$StateMachineDataPolicy.getFromFuture(SegmentedRaftLogWorker.java:87)
	at org.apache.ratis.server.raftlog.segmented.SegmentedRaftLogWorker$WriteLog.execute(SegmentedRaftLogWorker.java:477)
	at org.apache.ratis.server.raftlog.segmented.SegmentedRaftLogWorker.run(SegmentedRaftLogWorker.java:289)
	at java.lang.Thread.run(Thread.java:748)
Caused by: java.util.concurrent.TimeoutException
	at java.util.concurrent.CompletableFuture.timedGet(CompletableFuture.java:1771)
	at java.util.concurrent.CompletableFuture.get(CompletableFuture.java:1915)
	at org.apache.ratis.util.IOUtils.getFromFuture(IOUtils.java:79)
	... 4 more
2019-09-12 14:28:32,749 [e2538fa5-58a8-4aba-9576-486ea31efcb2@group-3E8E6CBD8592-SegmentedRaftLogWorker] WARN  segmented.SegmentedRaftLogWorker (SegmentedRaftLogWorker.java:getFromFuture(90)) - Timeout 5/~
org.apache.ratis.protocol.TimeoutIOException: Timeout 10s: WriteLog:8: (t:1, i:8), STATEMACHINELOGENTRY, client-35FAC708AFA2, cid=45-writeStateMachineData
	at org.apache.ratis.util.IOUtils.getFromFuture(IOUtils.java:87)
	at org.apache.ratis.server.raftlog.segmented.SegmentedRaftLogWorker$StateMachineDataPolicy.getFromFuture(SegmentedRaftLogWorker.java:87)
	at org.apache.ratis.server.raftlog.segmented.SegmentedRaftLogWorker$WriteLog.execute(SegmentedRaftLogWorker.java:477)
	at org.apache.ratis.server.raftlog.segmented.SegmentedRaftLogWorker.run(SegmentedRaftLogWorker.java:289)
	at java.lang.Thread.run(Thread.java:748)
Caused by: java.util.concurrent.TimeoutException
	at java.util.concurrent.CompletableFuture.timedGet(CompletableFuture.java:1771)
	at java.util.concurrent.CompletableFuture.get(CompletableFuture.java:1915)
	at org.apache.ratis.util.IOUtils.getFromFuture(IOUtils.java:79)
	... 4 more
2019-09-12 14:28:33,122 [java.util.concurrent.ThreadPoolExecutor$Worker@44ea9f2[State = -1, empty queue]] WARN  server.GrpcLogAppender (GrpcLogAppender.java:timeoutAppendRequest(200)) - e2538fa5-58a8-4aba-9576-486ea31efcb2@group-3E8E6CBD8592->c26651e2-a96c-4010-919f-87a827874a5b-GrpcLogAppender: appendEntries Timeout, request=e2538fa5-58a8-4aba-9576-486ea31efcb2->c26651e2-a96c-4010-919f-87a827874a5b#36-t1, previous=(t:1, i:12), leaderCommit=6, initializing? false, entries: <empty>
2019-09-12 14:28:33,122 [grpc-default-executor-6] INFO  client.GrpcClientProtocolClient (GrpcClientProtocolClient.java:onNext(264)) - client-35FAC708AFA2->a3deabaa-6f33-4549-9afe-d811f1beb6dc: receive RaftClientReply:client-35FAC708AFA2->a3deabaa-6f33-4549-9afe-d811f1beb6dc@group-3E8E6CBD8592, cid=44, FAILED org.apache.ratis.protocol.NotLeaderException: Server a3deabaa-6f33-4549-9afe-d811f1beb6dc@group-3E8E6CBD8592 is not the leader e2538fa5-58a8-4aba-9576-486ea31efcb2:192.168.5.171:42589, logIndex=0, commits[a3deabaa-6f33-4549-9afe-d811f1beb6dc:c6, e2538fa5-58a8-4aba-9576-486ea31efcb2:c6, c26651e2-a96c-4010-919f-87a827874a5b:c4]
2019-09-12 14:28:33,122 [java.util.concurrent.ThreadPoolExecutor$Worker@4f438dcf[State = -1, empty queue]] WARN  server.GrpcLogAppender (GrpcLogAppender.java:timeoutAppendRequest(200)) - e2538fa5-58a8-4aba-9576-486ea31efcb2@group-3E8E6CBD8592->a3deabaa-6f33-4549-9afe-d811f1beb6dc-GrpcLogAppender: appendEntries Timeout, request=e2538fa5-58a8-4aba-9576-486ea31efcb2->a3deabaa-6f33-4549-9afe-d811f1beb6dc#36-t1, previous=(t:1, i:12), leaderCommit=6, initializing? false, entries: <empty>
2019-09-12 14:28:35,622 [java.util.concurrent.ThreadPoolExecutor$Worker@44ea9f2[State = -1, empty queue]] WARN  server.GrpcLogAppender (GrpcLogAppender.java:timeoutAppendRequest(200)) - e2538fa5-58a8-4aba-9576-486ea31efcb2@group-3E8E6CBD8592->c26651e2-a96c-4010-919f-87a827874a5b-GrpcLogAppender: appendEntries Timeout, request=e2538fa5-58a8-4aba-9576-486ea31efcb2->c26651e2-a96c-4010-919f-87a827874a5b#37-t1, previous=(t:1, i:12), leaderCommit=6, initializing? false, entries: <empty>
2019-09-12 14:28:35,622 [java.util.concurrent.ThreadPoolExecutor$Worker@4f438dcf[State = -1, empty queue]] WARN  server.GrpcLogAppender (GrpcLogAppender.java:timeoutAppendRequest(200)) - e2538fa5-58a8-4aba-9576-486ea31efcb2@group-3E8E6CBD8592->a3deabaa-6f33-4549-9afe-d811f1beb6dc-GrpcLogAppender: appendEntries Timeout, request=e2538fa5-58a8-4aba-9576-486ea31efcb2->a3deabaa-6f33-4549-9afe-d811f1beb6dc#37-t1, previous=(t:1, i:12), leaderCommit=6, initializing? false, entries: <empty>
2019-09-12 14:28:38,123 [java.util.concurrent.ThreadPoolExecutor$Worker@4f438dcf[State = -1, empty queue]] WARN  server.GrpcLogAppender (GrpcLogAppender.java:timeoutAppendRequest(200)) - e2538fa5-58a8-4aba-9576-486ea31efcb2@group-3E8E6CBD8592->a3deabaa-6f33-4549-9afe-d811f1beb6dc-GrpcLogAppender: appendEntries Timeout, request=e2538fa5-58a8-4aba-9576-486ea31efcb2->a3deabaa-6f33-4549-9afe-d811f1beb6dc#38-t1, previous=(t:1, i:12), leaderCommit=6, initializing? false, entries: <empty>
2019-09-12 14:28:38,123 [java.util.concurrent.ThreadPoolExecutor$Worker@44ea9f2[State = -1, empty queue]] WARN  server.GrpcLogAppender (GrpcLogAppender.java:timeoutAppendRequest(200)) - e2538fa5-58a8-4aba-9576-486ea31efcb2@group-3E8E6CBD8592->c26651e2-a96c-4010-919f-87a827874a5b-GrpcLogAppender: appendEntries Timeout, request=e2538fa5-58a8-4aba-9576-486ea31efcb2->c26651e2-a96c-4010-919f-87a827874a5b#38-t1, previous=(t:1, i:12), leaderCommit=6, initializing? false, entries: <empty>
2019-09-12 14:28:38,156 [grpc-default-executor-1] INFO  client.GrpcClientProtocolClient (GrpcClientProtocolClient.java:onNext(264)) - client-35FAC708AFA2->a3deabaa-6f33-4549-9afe-d811f1beb6dc: receive RaftClientReply:client-35FAC708AFA2->a3deabaa-6f33-4549-9afe-d811f1beb6dc@group-3E8E6CBD8592, cid=44, FAILED org.apache.ratis.protocol.NotLeaderException: Server a3deabaa-6f33-4549-9afe-d811f1beb6dc@group-3E8E6CBD8592 is not the leader e2538fa5-58a8-4aba-9576-486ea31efcb2:192.168.5.171:42589, logIndex=0, commits[a3deabaa-6f33-4549-9afe-d811f1beb6dc:c6, e2538fa5-58a8-4aba-9576-486ea31efcb2:c6, c26651e2-a96c-4010-919f-87a827874a5b:c4]
2019-09-12 14:28:40,623 [java.util.concurrent.ThreadPoolExecutor$Worker@44ea9f2[State = -1, empty queue]] WARN  server.GrpcLogAppender (GrpcLogAppender.java:timeoutAppendRequest(200)) - e2538fa5-58a8-4aba-9576-486ea31efcb2@group-3E8E6CBD8592->c26651e2-a96c-4010-919f-87a827874a5b-GrpcLogAppender: appendEntries Timeout, request=e2538fa5-58a8-4aba-9576-486ea31efcb2->c26651e2-a96c-4010-919f-87a827874a5b#39-t1, previous=(t:1, i:12), leaderCommit=6, initializing? false, entries: <empty>
2019-09-12 14:28:40,623 [java.util.concurrent.ThreadPoolExecutor$Worker@4f438dcf[State = -1, empty queue]] WARN  server.GrpcLogAppender (GrpcLogAppender.java:timeoutAppendRequest(200)) - e2538fa5-58a8-4aba-9576-486ea31efcb2@group-3E8E6CBD8592->a3deabaa-6f33-4549-9afe-d811f1beb6dc-GrpcLogAppender: appendEntries Timeout, request=e2538fa5-58a8-4aba-9576-486ea31efcb2->a3deabaa-6f33-4549-9afe-d811f1beb6dc#39-t1, previous=(t:1, i:12), leaderCommit=6, initializing? false, entries: <empty>
2019-09-12 14:28:42,611 [a3deabaa-6f33-4549-9afe-d811f1beb6dc@group-3E8E6CBD8592-SegmentedRaftLogWorker] WARN  segmented.SegmentedRaftLogWorker (SegmentedRaftLogWorker.java:getFromFuture(90)) - Timeout 6/~
org.apache.ratis.protocol.TimeoutIOException: Timeout 10s: WriteLog:7: (t:1, i:7), STATEMACHINELOGENTRY, client-35FAC708AFA2, cid=44-writeStateMachineData
	at org.apache.ratis.util.IOUtils.getFromFuture(IOUtils.java:87)
	at org.apache.ratis.server.raftlog.segmented.SegmentedRaftLogWorker$StateMachineDataPolicy.getFromFuture(SegmentedRaftLogWorker.java:87)
	at org.apache.ratis.server.raftlog.segmented.SegmentedRaftLogWorker$WriteLog.execute(SegmentedRaftLogWorker.java:477)
	at org.apache.ratis.server.raftlog.segmented.SegmentedRaftLogWorker.run(SegmentedRaftLogWorker.java:289)
	at java.lang.Thread.run(Thread.java:748)
Caused by: java.util.concurrent.TimeoutException
	at java.util.concurrent.CompletableFuture.timedGet(CompletableFuture.java:1771)
	at java.util.concurrent.CompletableFuture.get(CompletableFuture.java:1915)
	at org.apache.ratis.util.IOUtils.getFromFuture(IOUtils.java:79)
	... 4 more
2019-09-12 14:28:42,611 [c26651e2-a96c-4010-919f-87a827874a5b@group-3E8E6CBD8592-SegmentedRaftLogWorker] WARN  segmented.SegmentedRaftLogWorker (SegmentedRaftLogWorker.java:getFromFuture(90)) - Timeout 6/~
org.apache.ratis.protocol.TimeoutIOException: Timeout 10s: WriteLog:7: (t:1, i:7), STATEMACHINELOGENTRY, client-35FAC708AFA2, cid=44-writeStateMachineData
	at org.apache.ratis.util.IOUtils.getFromFuture(IOUtils.java:87)
	at org.apache.ratis.server.raftlog.segmented.SegmentedRaftLogWorker$StateMachineDataPolicy.getFromFuture(SegmentedRaftLogWorker.java:87)
	at org.apache.ratis.server.raftlog.segmented.SegmentedRaftLogWorker$WriteLog.execute(SegmentedRaftLogWorker.java:477)
	at org.apache.ratis.server.raftlog.segmented.SegmentedRaftLogWorker.run(SegmentedRaftLogWorker.java:289)
	at java.lang.Thread.run(Thread.java:748)
Caused by: java.util.concurrent.TimeoutException
	at java.util.concurrent.CompletableFuture.timedGet(CompletableFuture.java:1771)
	at java.util.concurrent.CompletableFuture.get(CompletableFuture.java:1915)
	at org.apache.ratis.util.IOUtils.getFromFuture(IOUtils.java:79)
	... 4 more
2019-09-12 14:28:42,750 [e2538fa5-58a8-4aba-9576-486ea31efcb2@group-3E8E6CBD8592-SegmentedRaftLogWorker] WARN  segmented.SegmentedRaftLogWorker (SegmentedRaftLogWorker.java:getFromFuture(90)) - Timeout 6/~
org.apache.ratis.protocol.TimeoutIOException: Timeout 10s: WriteLog:8: (t:1, i:8), STATEMACHINELOGENTRY, client-35FAC708AFA2, cid=45-writeStateMachineData
	at org.apache.ratis.util.IOUtils.getFromFuture(IOUtils.java:87)
	at org.apache.ratis.server.raftlog.segmented.SegmentedRaftLogWorker$StateMachineDataPolicy.getFromFuture(SegmentedRaftLogWorker.java:87)
	at org.apache.ratis.server.raftlog.segmented.SegmentedRaftLogWorker$WriteLog.execute(SegmentedRaftLogWorker.java:477)
	at org.apache.ratis.server.raftlog.segmented.SegmentedRaftLogWorker.run(SegmentedRaftLogWorker.java:289)
	at java.lang.Thread.run(Thread.java:748)
Caused by: java.util.concurrent.TimeoutException
	at java.util.concurrent.CompletableFuture.timedGet(CompletableFuture.java:1771)
	at java.util.concurrent.CompletableFuture.get(CompletableFuture.java:1915)
	at org.apache.ratis.util.IOUtils.getFromFuture(IOUtils.java:79)
	... 4 more
2019-09-12 14:28:43,124 [java.util.concurrent.ThreadPoolExecutor$Worker@44ea9f2[State = -1, empty queue]] WARN  server.GrpcLogAppender (GrpcLogAppender.java:timeoutAppendRequest(200)) - e2538fa5-58a8-4aba-9576-486ea31efcb2@group-3E8E6CBD8592->c26651e2-a96c-4010-919f-87a827874a5b-GrpcLogAppender: appendEntries Timeout, request=e2538fa5-58a8-4aba-9576-486ea31efcb2->c26651e2-a96c-4010-919f-87a827874a5b#40-t1, previous=(t:1, i:12), leaderCommit=6, initializing? false, entries: <empty>
2019-09-12 14:28:43,124 [java.util.concurrent.ThreadPoolExecutor$Worker@4f438dcf[State = -1, empty queue]] WARN  server.GrpcLogAppender (GrpcLogAppender.java:timeoutAppendRequest(200)) - e2538fa5-58a8-4aba-9576-486ea31efcb2@group-3E8E6CBD8592->a3deabaa-6f33-4549-9afe-d811f1beb6dc-GrpcLogAppender: appendEntries Timeout, request=e2538fa5-58a8-4aba-9576-486ea31efcb2->a3deabaa-6f33-4549-9afe-d811f1beb6dc#40-t1, previous=(t:1, i:12), leaderCommit=6, initializing? false, entries: <empty>
2019-09-12 14:28:43,216 [grpc-default-executor-6] INFO  client.GrpcClientProtocolClient (GrpcClientProtocolClient.java:onNext(264)) - client-35FAC708AFA2->a3deabaa-6f33-4549-9afe-d811f1beb6dc: receive RaftClientReply:client-35FAC708AFA2->a3deabaa-6f33-4549-9afe-d811f1beb6dc@group-3E8E6CBD8592, cid=44, FAILED org.apache.ratis.protocol.NotLeaderException: Server a3deabaa-6f33-4549-9afe-d811f1beb6dc@group-3E8E6CBD8592 is not the leader e2538fa5-58a8-4aba-9576-486ea31efcb2:192.168.5.171:42589, logIndex=0, commits[a3deabaa-6f33-4549-9afe-d811f1beb6dc:c6, e2538fa5-58a8-4aba-9576-486ea31efcb2:c6, c26651e2-a96c-4010-919f-87a827874a5b:c4]
2019-09-12 14:28:45,634 [java.util.concurrent.ThreadPoolExecutor$Worker@44ea9f2[State = -1, empty queue]] WARN  server.GrpcLogAppender (GrpcLogAppender.java:timeoutAppendRequest(200)) - e2538fa5-58a8-4aba-9576-486ea31efcb2@group-3E8E6CBD8592->c26651e2-a96c-4010-919f-87a827874a5b-GrpcLogAppender: appendEntries Timeout, request=e2538fa5-58a8-4aba-9576-486ea31efcb2->c26651e2-a96c-4010-919f-87a827874a5b#41-t1, previous=(t:1, i:12), leaderCommit=6, initializing? false, entries: <empty>
2019-09-12 14:28:45,634 [java.util.concurrent.ThreadPoolExecutor$Worker@4f438dcf[State = -1, empty queue]] WARN  server.GrpcLogAppender (GrpcLogAppender.java:timeoutAppendRequest(200)) - e2538fa5-58a8-4aba-9576-486ea31efcb2@group-3E8E6CBD8592->a3deabaa-6f33-4549-9afe-d811f1beb6dc-GrpcLogAppender: appendEntries Timeout, request=e2538fa5-58a8-4aba-9576-486ea31efcb2->a3deabaa-6f33-4549-9afe-d811f1beb6dc#41-t1, previous=(t:1, i:12), leaderCommit=6, initializing? false, entries: <empty>
2019-09-12 14:28:48,135 [java.util.concurrent.ThreadPoolExecutor$Worker@4f438dcf[State = -1, empty queue]] WARN  server.GrpcLogAppender (GrpcLogAppender.java:timeoutAppendRequest(200)) - e2538fa5-58a8-4aba-9576-486ea31efcb2@group-3E8E6CBD8592->a3deabaa-6f33-4549-9afe-d811f1beb6dc-GrpcLogAppender: appendEntries Timeout, request=e2538fa5-58a8-4aba-9576-486ea31efcb2->a3deabaa-6f33-4549-9afe-d811f1beb6dc#42-t1, previous=(t:1, i:12), leaderCommit=6, initializing? false, entries: <empty>
2019-09-12 14:28:48,135 [java.util.concurrent.ThreadPoolExecutor$Worker@44ea9f2[State = -1, empty queue]] WARN  server.GrpcLogAppender (GrpcLogAppender.java:timeoutAppendRequest(200)) - e2538fa5-58a8-4aba-9576-486ea31efcb2@group-3E8E6CBD8592->c26651e2-a96c-4010-919f-87a827874a5b-GrpcLogAppender: appendEntries Timeout, request=e2538fa5-58a8-4aba-9576-486ea31efcb2->c26651e2-a96c-4010-919f-87a827874a5b#42-t1, previous=(t:1, i:12), leaderCommit=6, initializing? false, entries: <empty>
2019-09-12 14:28:48,281 [grpc-default-executor-1] INFO  client.GrpcClientProtocolClient (GrpcClientProtocolClient.java:onNext(264)) - client-35FAC708AFA2->a3deabaa-6f33-4549-9afe-d811f1beb6dc: receive RaftClientReply:client-35FAC708AFA2->a3deabaa-6f33-4549-9afe-d811f1beb6dc@group-3E8E6CBD8592, cid=44, FAILED org.apache.ratis.protocol.NotLeaderException: Server a3deabaa-6f33-4549-9afe-d811f1beb6dc@group-3E8E6CBD8592 is not the leader e2538fa5-58a8-4aba-9576-486ea31efcb2:192.168.5.171:42589, logIndex=0, commits[a3deabaa-6f33-4549-9afe-d811f1beb6dc:c6, e2538fa5-58a8-4aba-9576-486ea31efcb2:c6, c26651e2-a96c-4010-919f-87a827874a5b:c4]
2019-09-12 14:28:50,635 [java.util.concurrent.ThreadPoolExecutor$Worker@44ea9f2[State = -1, empty queue]] WARN  server.GrpcLogAppender (GrpcLogAppender.java:timeoutAppendRequest(200)) - e2538fa5-58a8-4aba-9576-486ea31efcb2@group-3E8E6CBD8592->c26651e2-a96c-4010-919f-87a827874a5b-GrpcLogAppender: appendEntries Timeout, request=e2538fa5-58a8-4aba-9576-486ea31efcb2->c26651e2-a96c-4010-919f-87a827874a5b#43-t1, previous=(t:1, i:12), leaderCommit=6, initializing? false, entries: <empty>
2019-09-12 14:28:50,635 [java.util.concurrent.ThreadPoolExecutor$Worker@4f438dcf[State = -1, empty queue]] WARN  server.GrpcLogAppender (GrpcLogAppender.java:timeoutAppendRequest(200)) - e2538fa5-58a8-4aba-9576-486ea31efcb2@group-3E8E6CBD8592->a3deabaa-6f33-4549-9afe-d811f1beb6dc-GrpcLogAppender: appendEntries Timeout, request=e2538fa5-58a8-4aba-9576-486ea31efcb2->a3deabaa-6f33-4549-9afe-d811f1beb6dc#43-t1, previous=(t:1, i:12), leaderCommit=6, initializing? false, entries: <empty>
2019-09-12 14:28:52,612 [a3deabaa-6f33-4549-9afe-d811f1beb6dc@group-3E8E6CBD8592-SegmentedRaftLogWorker] WARN  segmented.SegmentedRaftLogWorker (SegmentedRaftLogWorker.java:getFromFuture(90)) - Timeout 7/~
org.apache.ratis.protocol.TimeoutIOException: Timeout 10s: WriteLog:7: (t:1, i:7), STATEMACHINELOGENTRY, client-35FAC708AFA2, cid=44-writeStateMachineData
	at org.apache.ratis.util.IOUtils.getFromFuture(IOUtils.java:87)
	at org.apache.ratis.server.raftlog.segmented.SegmentedRaftLogWorker$StateMachineDataPolicy.getFromFuture(SegmentedRaftLogWorker.java:87)
	at org.apache.ratis.server.raftlog.segmented.SegmentedRaftLogWorker$WriteLog.execute(SegmentedRaftLogWorker.java:477)
	at org.apache.ratis.server.raftlog.segmented.SegmentedRaftLogWorker.run(SegmentedRaftLogWorker.java:289)
	at java.lang.Thread.run(Thread.java:748)
Caused by: java.util.concurrent.TimeoutException
	at java.util.concurrent.CompletableFuture.timedGet(CompletableFuture.java:1771)
	at java.util.concurrent.CompletableFuture.get(CompletableFuture.java:1915)
	at org.apache.ratis.util.IOUtils.getFromFuture(IOUtils.java:79)
	... 4 more
2019-09-12 14:28:52,634 [c26651e2-a96c-4010-919f-87a827874a5b@group-3E8E6CBD8592-SegmentedRaftLogWorker] WARN  segmented.SegmentedRaftLogWorker (SegmentedRaftLogWorker.java:getFromFuture(90)) - Timeout 7/~
org.apache.ratis.protocol.TimeoutIOException: Timeout 10s: WriteLog:7: (t:1, i:7), STATEMACHINELOGENTRY, client-35FAC708AFA2, cid=44-writeStateMachineData
	at org.apache.ratis.util.IOUtils.getFromFuture(IOUtils.java:87)
	at org.apache.ratis.server.raftlog.segmented.SegmentedRaftLogWorker$StateMachineDataPolicy.getFromFuture(SegmentedRaftLogWorker.java:87)
	at org.apache.ratis.server.raftlog.segmented.SegmentedRaftLogWorker$WriteLog.execute(SegmentedRaftLogWorker.java:477)
	at org.apache.ratis.server.raftlog.segmented.SegmentedRaftLogWorker.run(SegmentedRaftLogWorker.java:289)
	at java.lang.Thread.run(Thread.java:748)
Caused by: java.util.concurrent.TimeoutException
	at java.util.concurrent.CompletableFuture.timedGet(CompletableFuture.java:1771)
	at java.util.concurrent.CompletableFuture.get(CompletableFuture.java:1915)
	at org.apache.ratis.util.IOUtils.getFromFuture(IOUtils.java:79)
	... 4 more
2019-09-12 14:28:52,751 [e2538fa5-58a8-4aba-9576-486ea31efcb2@group-3E8E6CBD8592-SegmentedRaftLogWorker] WARN  segmented.SegmentedRaftLogWorker (SegmentedRaftLogWorker.java:getFromFuture(90)) - Timeout 7/~
org.apache.ratis.protocol.TimeoutIOException: Timeout 10s: WriteLog:8: (t:1, i:8), STATEMACHINELOGENTRY, client-35FAC708AFA2, cid=45-writeStateMachineData
	at org.apache.ratis.util.IOUtils.getFromFuture(IOUtils.java:87)
	at org.apache.ratis.server.raftlog.segmented.SegmentedRaftLogWorker$StateMachineDataPolicy.getFromFuture(SegmentedRaftLogWorker.java:87)
	at org.apache.ratis.server.raftlog.segmented.SegmentedRaftLogWorker$WriteLog.execute(SegmentedRaftLogWorker.java:477)
	at org.apache.ratis.server.raftlog.segmented.SegmentedRaftLogWorker.run(SegmentedRaftLogWorker.java:289)
	at java.lang.Thread.run(Thread.java:748)
Caused by: java.util.concurrent.TimeoutException
	at java.util.concurrent.CompletableFuture.timedGet(CompletableFuture.java:1771)
	at java.util.concurrent.CompletableFuture.get(CompletableFuture.java:1915)
	at org.apache.ratis.util.IOUtils.getFromFuture(IOUtils.java:79)
	... 4 more
2019-09-12 14:28:53,136 [java.util.concurrent.ThreadPoolExecutor$Worker@44ea9f2[State = -1, empty queue]] WARN  server.GrpcLogAppender (GrpcLogAppender.java:timeoutAppendRequest(200)) - e2538fa5-58a8-4aba-9576-486ea31efcb2@group-3E8E6CBD8592->c26651e2-a96c-4010-919f-87a827874a5b-GrpcLogAppender: appendEntries Timeout, request=e2538fa5-58a8-4aba-9576-486ea31efcb2->c26651e2-a96c-4010-919f-87a827874a5b#44-t1, previous=(t:1, i:12), leaderCommit=6, initializing? false, entries: <empty>
2019-09-12 14:28:53,136 [java.util.concurrent.ThreadPoolExecutor$Worker@4f438dcf[State = -1, empty queue]] WARN  server.GrpcLogAppender (GrpcLogAppender.java:timeoutAppendRequest(200)) - e2538fa5-58a8-4aba-9576-486ea31efcb2@group-3E8E6CBD8592->a3deabaa-6f33-4549-9afe-d811f1beb6dc-GrpcLogAppender: appendEntries Timeout, request=e2538fa5-58a8-4aba-9576-486ea31efcb2->a3deabaa-6f33-4549-9afe-d811f1beb6dc#44-t1, previous=(t:1, i:12), leaderCommit=6, initializing? false, entries: <empty>
2019-09-12 14:28:53,337 [grpc-default-executor-5] INFO  client.GrpcClientProtocolClient (GrpcClientProtocolClient.java:onNext(264)) - client-35FAC708AFA2->a3deabaa-6f33-4549-9afe-d811f1beb6dc: receive RaftClientReply:client-35FAC708AFA2->a3deabaa-6f33-4549-9afe-d811f1beb6dc@group-3E8E6CBD8592, cid=44, FAILED org.apache.ratis.protocol.NotLeaderException: Server a3deabaa-6f33-4549-9afe-d811f1beb6dc@group-3E8E6CBD8592 is not the leader e2538fa5-58a8-4aba-9576-486ea31efcb2:192.168.5.171:42589, logIndex=0, commits[a3deabaa-6f33-4549-9afe-d811f1beb6dc:c6, e2538fa5-58a8-4aba-9576-486ea31efcb2:c6, c26651e2-a96c-4010-919f-87a827874a5b:c4]
2019-09-12 14:28:55,637 [java.util.concurrent.ThreadPoolExecutor$Worker@4f438dcf[State = -1, empty queue]] WARN  server.GrpcLogAppender (GrpcLogAppender.java:timeoutAppendRequest(200)) - e2538fa5-58a8-4aba-9576-486ea31efcb2@group-3E8E6CBD8592->a3deabaa-6f33-4549-9afe-d811f1beb6dc-GrpcLogAppender: appendEntries Timeout, request=e2538fa5-58a8-4aba-9576-486ea31efcb2->a3deabaa-6f33-4549-9afe-d811f1beb6dc#45-t1, previous=(t:1, i:12), leaderCommit=6, initializing? false, entries: <empty>
2019-09-12 14:28:55,637 [java.util.concurrent.ThreadPoolExecutor$Worker@44ea9f2[State = -1, empty queue]] WARN  server.GrpcLogAppender (GrpcLogAppender.java:timeoutAppendRequest(200)) - e2538fa5-58a8-4aba-9576-486ea31efcb2@group-3E8E6CBD8592->c26651e2-a96c-4010-919f-87a827874a5b-GrpcLogAppender: appendEntries Timeout, request=e2538fa5-58a8-4aba-9576-486ea31efcb2->c26651e2-a96c-4010-919f-87a827874a5b#45-t1, previous=(t:1, i:12), leaderCommit=6, initializing? false, entries: <empty>
2019-09-12 14:28:58,138 [java.util.concurrent.ThreadPoolExecutor$Worker@4f438dcf[State = -1, empty queue]] WARN  server.GrpcLogAppender (GrpcLogAppender.java:timeoutAppendRequest(200)) - e2538fa5-58a8-4aba-9576-486ea31efcb2@group-3E8E6CBD8592->a3deabaa-6f33-4549-9afe-d811f1beb6dc-GrpcLogAppender: appendEntries Timeout, request=e2538fa5-58a8-4aba-9576-486ea31efcb2->a3deabaa-6f33-4549-9afe-d811f1beb6dc#46-t1, previous=(t:1, i:12), leaderCommit=6, initializing? false, entries: <empty>
2019-09-12 14:28:58,138 [java.util.concurrent.ThreadPoolExecutor$Worker@44ea9f2[State = -1, empty queue]] WARN  server.GrpcLogAppender (GrpcLogAppender.java:timeoutAppendRequest(200)) - e2538fa5-58a8-4aba-9576-486ea31efcb2@group-3E8E6CBD8592->c26651e2-a96c-4010-919f-87a827874a5b-GrpcLogAppender: appendEntries Timeout, request=e2538fa5-58a8-4aba-9576-486ea31efcb2->c26651e2-a96c-4010-919f-87a827874a5b#46-t1, previous=(t:1, i:12), leaderCommit=6, initializing? false, entries: <empty>
2019-09-12 14:28:58,383 [grpc-default-executor-5] INFO  client.GrpcClientProtocolClient (GrpcClientProtocolClient.java:onNext(264)) - client-35FAC708AFA2->a3deabaa-6f33-4549-9afe-d811f1beb6dc: receive RaftClientReply:client-35FAC708AFA2->a3deabaa-6f33-4549-9afe-d811f1beb6dc@group-3E8E6CBD8592, cid=44, FAILED org.apache.ratis.protocol.NotLeaderException: Server a3deabaa-6f33-4549-9afe-d811f1beb6dc@group-3E8E6CBD8592 is not the leader e2538fa5-58a8-4aba-9576-486ea31efcb2:192.168.5.171:42589, logIndex=0, commits[a3deabaa-6f33-4549-9afe-d811f1beb6dc:c6, e2538fa5-58a8-4aba-9576-486ea31efcb2:c6, c26651e2-a96c-4010-919f-87a827874a5b:c4]
2019-09-12 14:29:00,639 [java.util.concurrent.ThreadPoolExecutor$Worker@44ea9f2[State = -1, empty queue]] WARN  server.GrpcLogAppender (GrpcLogAppender.java:timeoutAppendRequest(200)) - e2538fa5-58a8-4aba-9576-486ea31efcb2@group-3E8E6CBD8592->c26651e2-a96c-4010-919f-87a827874a5b-GrpcLogAppender: appendEntries Timeout, request=e2538fa5-58a8-4aba-9576-486ea31efcb2->c26651e2-a96c-4010-919f-87a827874a5b#47-t1, previous=(t:1, i:12), leaderCommit=6, initializing? false, entries: <empty>
2019-09-12 14:29:00,639 [java.util.concurrent.ThreadPoolExecutor$Worker@4f438dcf[State = -1, empty queue]] WARN  server.GrpcLogAppender (GrpcLogAppender.java:timeoutAppendRequest(200)) - e2538fa5-58a8-4aba-9576-486ea31efcb2@group-3E8E6CBD8592->a3deabaa-6f33-4549-9afe-d811f1beb6dc-GrpcLogAppender: appendEntries Timeout, request=e2538fa5-58a8-4aba-9576-486ea31efcb2->a3deabaa-6f33-4549-9afe-d811f1beb6dc#47-t1, previous=(t:1, i:12), leaderCommit=6, initializing? false, entries: <empty>
2019-09-12 14:29:02,614 [a3deabaa-6f33-4549-9afe-d811f1beb6dc@group-3E8E6CBD8592-SegmentedRaftLogWorker] WARN  segmented.SegmentedRaftLogWorker (SegmentedRaftLogWorker.java:getFromFuture(90)) - Timeout 8/~
org.apache.ratis.protocol.TimeoutIOException: Timeout 10s: WriteLog:7: (t:1, i:7), STATEMACHINELOGENTRY, client-35FAC708AFA2, cid=44-writeStateMachineData
	at org.apache.ratis.util.IOUtils.getFromFuture(IOUtils.java:87)
	at org.apache.ratis.server.raftlog.segmented.SegmentedRaftLogWorker$StateMachineDataPolicy.getFromFuture(SegmentedRaftLogWorker.java:87)
	at org.apache.ratis.server.raftlog.segmented.SegmentedRaftLogWorker$WriteLog.execute(SegmentedRaftLogWorker.java:477)
	at org.apache.ratis.server.raftlog.segmented.SegmentedRaftLogWorker.run(SegmentedRaftLogWorker.java:289)
	at java.lang.Thread.run(Thread.java:748)
Caused by: java.util.concurrent.TimeoutException
	at java.util.concurrent.CompletableFuture.timedGet(CompletableFuture.java:1771)
	at java.util.concurrent.CompletableFuture.get(CompletableFuture.java:1915)
	at org.apache.ratis.util.IOUtils.getFromFuture(IOUtils.java:79)
	... 4 more
2019-09-12 14:29:02,634 [c26651e2-a96c-4010-919f-87a827874a5b@group-3E8E6CBD8592-SegmentedRaftLogWorker] WARN  segmented.SegmentedRaftLogWorker (SegmentedRaftLogWorker.java:getFromFuture(90)) - Timeout 8/~
org.apache.ratis.protocol.TimeoutIOException: Timeout 10s: WriteLog:7: (t:1, i:7), STATEMACHINELOGENTRY, client-35FAC708AFA2, cid=44-writeStateMachineData
	at org.apache.ratis.util.IOUtils.getFromFuture(IOUtils.java:87)
	at org.apache.ratis.server.raftlog.segmented.SegmentedRaftLogWorker$StateMachineDataPolicy.getFromFuture(SegmentedRaftLogWorker.java:87)
	at org.apache.ratis.server.raftlog.segmented.SegmentedRaftLogWorker$WriteLog.execute(SegmentedRaftLogWorker.java:477)
	at org.apache.ratis.server.raftlog.segmented.SegmentedRaftLogWorker.run(SegmentedRaftLogWorker.java:289)
	at java.lang.Thread.run(Thread.java:748)
Caused by: java.util.concurrent.TimeoutException
	at java.util.concurrent.CompletableFuture.timedGet(CompletableFuture.java:1771)
	at java.util.concurrent.CompletableFuture.get(CompletableFuture.java:1915)
	at org.apache.ratis.util.IOUtils.getFromFuture(IOUtils.java:79)
	... 4 more
2019-09-12 14:29:02,752 [e2538fa5-58a8-4aba-9576-486ea31efcb2@group-3E8E6CBD8592-SegmentedRaftLogWorker] WARN  segmented.SegmentedRaftLogWorker (SegmentedRaftLogWorker.java:getFromFuture(90)) - Timeout 8/~
org.apache.ratis.protocol.TimeoutIOException: Timeout 10s: WriteLog:8: (t:1, i:8), STATEMACHINELOGENTRY, client-35FAC708AFA2, cid=45-writeStateMachineData
	at org.apache.ratis.util.IOUtils.getFromFuture(IOUtils.java:87)
	at org.apache.ratis.server.raftlog.segmented.SegmentedRaftLogWorker$StateMachineDataPolicy.getFromFuture(SegmentedRaftLogWorker.java:87)
	at org.apache.ratis.server.raftlog.segmented.SegmentedRaftLogWorker$WriteLog.execute(SegmentedRaftLogWorker.java:477)
	at org.apache.ratis.server.raftlog.segmented.SegmentedRaftLogWorker.run(SegmentedRaftLogWorker.java:289)
	at java.lang.Thread.run(Thread.java:748)
Caused by: java.util.concurrent.TimeoutException
	at java.util.concurrent.CompletableFuture.timedGet(CompletableFuture.java:1771)
	at java.util.concurrent.CompletableFuture.get(CompletableFuture.java:1915)
	at org.apache.ratis.util.IOUtils.getFromFuture(IOUtils.java:79)
	... 4 more
2019-09-12 14:29:03,139 [java.util.concurrent.ThreadPoolExecutor$Worker@44ea9f2[State = -1, empty queue]] WARN  server.GrpcLogAppender (GrpcLogAppender.java:timeoutAppendRequest(200)) - e2538fa5-58a8-4aba-9576-486ea31efcb2@group-3E8E6CBD8592->c26651e2-a96c-4010-919f-87a827874a5b-GrpcLogAppender: appendEntries Timeout, request=e2538fa5-58a8-4aba-9576-486ea31efcb2->c26651e2-a96c-4010-919f-87a827874a5b#48-t1, previous=(t:1, i:12), leaderCommit=6, initializing? false, entries: <empty>
2019-09-12 14:29:03,139 [java.util.concurrent.ThreadPoolExecutor$Worker@4f438dcf[State = -1, empty queue]] WARN  server.GrpcLogAppender (GrpcLogAppender.java:timeoutAppendRequest(200)) - e2538fa5-58a8-4aba-9576-486ea31efcb2@group-3E8E6CBD8592->a3deabaa-6f33-4549-9afe-d811f1beb6dc-GrpcLogAppender: appendEntries Timeout, request=e2538fa5-58a8-4aba-9576-486ea31efcb2->a3deabaa-6f33-4549-9afe-d811f1beb6dc#48-t1, previous=(t:1, i:12), leaderCommit=6, initializing? false, entries: <empty>
2019-09-12 14:29:03,432 [grpc-default-executor-5] INFO  client.GrpcClientProtocolClient (GrpcClientProtocolClient.java:onNext(264)) - client-35FAC708AFA2->a3deabaa-6f33-4549-9afe-d811f1beb6dc: receive RaftClientReply:client-35FAC708AFA2->a3deabaa-6f33-4549-9afe-d811f1beb6dc@group-3E8E6CBD8592, cid=44, FAILED org.apache.ratis.protocol.NotLeaderException: Server a3deabaa-6f33-4549-9afe-d811f1beb6dc@group-3E8E6CBD8592 is not the leader e2538fa5-58a8-4aba-9576-486ea31efcb2:192.168.5.171:42589, logIndex=0, commits[a3deabaa-6f33-4549-9afe-d811f1beb6dc:c6, e2538fa5-58a8-4aba-9576-486ea31efcb2:c6, c26651e2-a96c-4010-919f-87a827874a5b:c4]
2019-09-12 14:29:05,639 [java.util.concurrent.ThreadPoolExecutor$Worker@44ea9f2[State = -1, empty queue]] WARN  server.GrpcLogAppender (GrpcLogAppender.java:timeoutAppendRequest(200)) - e2538fa5-58a8-4aba-9576-486ea31efcb2@group-3E8E6CBD8592->c26651e2-a96c-4010-919f-87a827874a5b-GrpcLogAppender: appendEntries Timeout, request=e2538fa5-58a8-4aba-9576-486ea31efcb2->c26651e2-a96c-4010-919f-87a827874a5b#49-t1, previous=(t:1, i:12), leaderCommit=6, initializing? false, entries: <empty>
2019-09-12 14:29:05,639 [java.util.concurrent.ThreadPoolExecutor$Worker@4f438dcf[State = -1, empty queue]] WARN  server.GrpcLogAppender (GrpcLogAppender.java:timeoutAppendRequest(200)) - e2538fa5-58a8-4aba-9576-486ea31efcb2@group-3E8E6CBD8592->a3deabaa-6f33-4549-9afe-d811f1beb6dc-GrpcLogAppender: appendEntries Timeout, request=e2538fa5-58a8-4aba-9576-486ea31efcb2->a3deabaa-6f33-4549-9afe-d811f1beb6dc#49-t1, previous=(t:1, i:12), leaderCommit=6, initializing? false, entries: <empty>
2019-09-12 14:29:08,140 [java.util.concurrent.ThreadPoolExecutor$Worker@4f438dcf[State = -1, empty queue]] WARN  server.GrpcLogAppender (GrpcLogAppender.java:timeoutAppendRequest(200)) - e2538fa5-58a8-4aba-9576-486ea31efcb2@group-3E8E6CBD8592->a3deabaa-6f33-4549-9afe-d811f1beb6dc-GrpcLogAppender: appendEntries Timeout, request=e2538fa5-58a8-4aba-9576-486ea31efcb2->a3deabaa-6f33-4549-9afe-d811f1beb6dc#50-t1, previous=(t:1, i:12), leaderCommit=6, initializing? false, entries: <empty>
2019-09-12 14:29:08,140 [java.util.concurrent.ThreadPoolExecutor$Worker@44ea9f2[State = -1, empty queue]] WARN  server.GrpcLogAppender (GrpcLogAppender.java:timeoutAppendRequest(200)) - e2538fa5-58a8-4aba-9576-486ea31efcb2@group-3E8E6CBD8592->c26651e2-a96c-4010-919f-87a827874a5b-GrpcLogAppender: appendEntries Timeout, request=e2538fa5-58a8-4aba-9576-486ea31efcb2->c26651e2-a96c-4010-919f-87a827874a5b#50-t1, previous=(t:1, i:12), leaderCommit=6, initializing? false, entries: <empty>
2019-09-12 14:29:08,472 [grpc-default-executor-5] INFO  client.GrpcClientProtocolClient (GrpcClientProtocolClient.java:onNext(264)) - client-35FAC708AFA2->c26651e2-a96c-4010-919f-87a827874a5b: receive RaftClientReply:client-35FAC708AFA2->c26651e2-a96c-4010-919f-87a827874a5b@group-3E8E6CBD8592, cid=44, FAILED org.apache.ratis.protocol.NotLeaderException: Server c26651e2-a96c-4010-919f-87a827874a5b@group-3E8E6CBD8592 is not the leader e2538fa5-58a8-4aba-9576-486ea31efcb2:192.168.5.171:42589, logIndex=0, commits[c26651e2-a96c-4010-919f-87a827874a5b:c6, e2538fa5-58a8-4aba-9576-486ea31efcb2:c6, a3deabaa-6f33-4549-9afe-d811f1beb6dc:c4]
2019-09-12 14:29:08,488 [grpc-default-worker-ELG-3-3] WARN  nio.NioEventLoop (NioEventLoop.java:select(786)) - Selector.select() returned prematurely {} times in a row; rebuilding Selector {}.
2019-09-12 14:29:08,489 [grpc-default-worker-ELG-3-3] INFO  nio.NioEventLoop (NioEventLoop.java:rebuildSelector0(396)) - Migrated 5 channel(s) to the new Selector.
2019-09-12 14:29:10,640 [java.util.concurrent.ThreadPoolExecutor$Worker@4f438dcf[State = -1, empty queue]] WARN  server.GrpcLogAppender (GrpcLogAppender.java:timeoutAppendRequest(200)) - e2538fa5-58a8-4aba-9576-486ea31efcb2@group-3E8E6CBD8592->a3deabaa-6f33-4549-9afe-d811f1beb6dc-GrpcLogAppender: appendEntries Timeout, request=e2538fa5-58a8-4aba-9576-486ea31efcb2->a3deabaa-6f33-4549-9afe-d811f1beb6dc#51-t1, previous=(t:1, i:12), leaderCommit=6, initializing? false, entries: <empty>
2019-09-12 14:29:10,640 [java.util.concurrent.ThreadPoolExecutor$Worker@44ea9f2[State = -1, empty queue]] WARN  server.GrpcLogAppender (GrpcLogAppender.java:timeoutAppendRequest(200)) - e2538fa5-58a8-4aba-9576-486ea31efcb2@group-3E8E6CBD8592->c26651e2-a96c-4010-919f-87a827874a5b-GrpcLogAppender: appendEntries Timeout, request=e2538fa5-58a8-4aba-9576-486ea31efcb2->c26651e2-a96c-4010-919f-87a827874a5b#51-t1, previous=(t:1, i:12), leaderCommit=6, initializing? false, entries: <empty>
2019-09-12 14:29:12,615 [a3deabaa-6f33-4549-9afe-d811f1beb6dc@group-3E8E6CBD8592-SegmentedRaftLogWorker] WARN  segmented.SegmentedRaftLogWorker (SegmentedRaftLogWorker.java:getFromFuture(90)) - Timeout 9/~
org.apache.ratis.protocol.TimeoutIOException: Timeout 10s: WriteLog:7: (t:1, i:7), STATEMACHINELOGENTRY, client-35FAC708AFA2, cid=44-writeStateMachineData
	at org.apache.ratis.util.IOUtils.getFromFuture(IOUtils.java:87)
	at org.apache.ratis.server.raftlog.segmented.SegmentedRaftLogWorker$StateMachineDataPolicy.getFromFuture(SegmentedRaftLogWorker.java:87)
	at org.apache.ratis.server.raftlog.segmented.SegmentedRaftLogWorker$WriteLog.execute(SegmentedRaftLogWorker.java:477)
	at org.apache.ratis.server.raftlog.segmented.SegmentedRaftLogWorker.run(SegmentedRaftLogWorker.java:289)
	at java.lang.Thread.run(Thread.java:748)
Caused by: java.util.concurrent.TimeoutException
	at java.util.concurrent.CompletableFuture.timedGet(CompletableFuture.java:1771)
	at java.util.concurrent.CompletableFuture.get(CompletableFuture.java:1915)
	at org.apache.ratis.util.IOUtils.getFromFuture(IOUtils.java:79)
	... 4 more
2019-09-12 14:29:12,635 [c26651e2-a96c-4010-919f-87a827874a5b@group-3E8E6CBD8592-SegmentedRaftLogWorker] WARN  segmented.SegmentedRaftLogWorker (SegmentedRaftLogWorker.java:getFromFuture(90)) - Timeout 9/~
org.apache.ratis.protocol.TimeoutIOException: Timeout 10s: WriteLog:7: (t:1, i:7), STATEMACHINELOGENTRY, client-35FAC708AFA2, cid=44-writeStateMachineData
	at org.apache.ratis.util.IOUtils.getFromFuture(IOUtils.java:87)
	at org.apache.ratis.server.raftlog.segmented.SegmentedRaftLogWorker$StateMachineDataPolicy.getFromFuture(SegmentedRaftLogWorker.java:87)
	at org.apache.ratis.server.raftlog.segmented.SegmentedRaftLogWorker$WriteLog.execute(SegmentedRaftLogWorker.java:477)
	at org.apache.ratis.server.raftlog.segmented.SegmentedRaftLogWorker.run(SegmentedRaftLogWorker.java:289)
	at java.lang.Thread.run(Thread.java:748)
Caused by: java.util.concurrent.TimeoutException
	at java.util.concurrent.CompletableFuture.timedGet(CompletableFuture.java:1771)
	at java.util.concurrent.CompletableFuture.get(CompletableFuture.java:1915)
	at org.apache.ratis.util.IOUtils.getFromFuture(IOUtils.java:79)
	... 4 more
2019-09-12 14:29:12,753 [e2538fa5-58a8-4aba-9576-486ea31efcb2@group-3E8E6CBD8592-SegmentedRaftLogWorker] WARN  segmented.SegmentedRaftLogWorker (SegmentedRaftLogWorker.java:getFromFuture(90)) - Timeout 9/~
org.apache.ratis.protocol.TimeoutIOException: Timeout 10s: WriteLog:8: (t:1, i:8), STATEMACHINELOGENTRY, client-35FAC708AFA2, cid=45-writeStateMachineData
	at org.apache.ratis.util.IOUtils.getFromFuture(IOUtils.java:87)
	at org.apache.ratis.server.raftlog.segmented.SegmentedRaftLogWorker$StateMachineDataPolicy.getFromFuture(SegmentedRaftLogWorker.java:87)
	at org.apache.ratis.server.raftlog.segmented.SegmentedRaftLogWorker$WriteLog.execute(SegmentedRaftLogWorker.java:477)
	at org.apache.ratis.server.raftlog.segmented.SegmentedRaftLogWorker.run(SegmentedRaftLogWorker.java:289)
	at java.lang.Thread.run(Thread.java:748)
Caused by: java.util.concurrent.TimeoutException
	at java.util.concurrent.CompletableFuture.timedGet(CompletableFuture.java:1771)
	at java.util.concurrent.CompletableFuture.get(CompletableFuture.java:1915)
	at org.apache.ratis.util.IOUtils.getFromFuture(IOUtils.java:79)
	... 4 more
2019-09-12 14:29:13,141 [java.util.concurrent.ThreadPoolExecutor$Worker@44ea9f2[State = -1, empty queue]] WARN  server.GrpcLogAppender (GrpcLogAppender.java:timeoutAppendRequest(200)) - e2538fa5-58a8-4aba-9576-486ea31efcb2@group-3E8E6CBD8592->c26651e2-a96c-4010-919f-87a827874a5b-GrpcLogAppender: appendEntries Timeout, request=e2538fa5-58a8-4aba-9576-486ea31efcb2->c26651e2-a96c-4010-919f-87a827874a5b#52-t1, previous=(t:1, i:12), leaderCommit=6, initializing? false, entries: <empty>
2019-09-12 14:29:13,141 [java.util.concurrent.ThreadPoolExecutor$Worker@4f438dcf[State = -1, empty queue]] WARN  server.GrpcLogAppender (GrpcLogAppender.java:timeoutAppendRequest(200)) - e2538fa5-58a8-4aba-9576-486ea31efcb2@group-3E8E6CBD8592->a3deabaa-6f33-4549-9afe-d811f1beb6dc-GrpcLogAppender: appendEntries Timeout, request=e2538fa5-58a8-4aba-9576-486ea31efcb2->a3deabaa-6f33-4549-9afe-d811f1beb6dc#52-t1, previous=(t:1, i:12), leaderCommit=6, initializing? false, entries: <empty>
2019-09-12 14:29:13,523 [grpc-default-executor-5] INFO  client.GrpcClientProtocolClient (GrpcClientProtocolClient.java:onNext(264)) - client-35FAC708AFA2->a3deabaa-6f33-4549-9afe-d811f1beb6dc: receive RaftClientReply:client-35FAC708AFA2->a3deabaa-6f33-4549-9afe-d811f1beb6dc@group-3E8E6CBD8592, cid=44, FAILED org.apache.ratis.protocol.NotLeaderException: Server a3deabaa-6f33-4549-9afe-d811f1beb6dc@group-3E8E6CBD8592 is not the leader e2538fa5-58a8-4aba-9576-486ea31efcb2:192.168.5.171:42589, logIndex=0, commits[a3deabaa-6f33-4549-9afe-d811f1beb6dc:c6, e2538fa5-58a8-4aba-9576-486ea31efcb2:c6, c26651e2-a96c-4010-919f-87a827874a5b:c4]
2019-09-12 14:29:14,995 [ReplicationMonitor] INFO  container.ReplicationManager (ReplicationManager.java:forceCloseContainer(464)) - Force closing container #1 with BCSID 4, which is in QUASI_CLOSED state.
2019-09-12 14:29:14,997 [ReplicationMonitor] INFO  container.ReplicationManager (ReplicationManager.java:sendCloseCommand(659)) - Sending close container command for container #1 to datanode e2538fa5-58a8-4aba-9576-486ea31efcb2{ip: 192.168.5.171, host: pr-hdds-2007-n4wwz-4249666578, networkLocation: /default-rack, certSerialId: null}.
2019-09-12 14:29:14,998 [ReplicationMonitor] INFO  container.ReplicationManager (ReplicationManager.java:sendCloseCommand(659)) - Sending close container command for container #1 to datanode a3deabaa-6f33-4549-9afe-d811f1beb6dc{ip: 192.168.5.171, host: pr-hdds-2007-n4wwz-4249666578, networkLocation: /default-rack, certSerialId: null}.
2019-09-12 14:29:14,998 [ReplicationMonitor] INFO  container.ReplicationManager (ReplicationManager.java:sendCloseCommand(659)) - Sending close container command for container #1 to datanode c26651e2-a96c-4010-919f-87a827874a5b{ip: 192.168.5.171, host: pr-hdds-2007-n4wwz-4249666578, networkLocation: /default-rack, certSerialId: null}.
2019-09-12 14:29:14,999 [ReplicationMonitor] INFO  container.ReplicationManager (ReplicationManager.java:forceCloseContainer(464)) - Force closing container #2 with BCSID 0, which is in QUASI_CLOSED state.
2019-09-12 14:29:14,999 [ReplicationMonitor] INFO  container.ReplicationManager (ReplicationManager.java:sendCloseCommand(659)) - Sending close container command for container #2 to datanode a3deabaa-6f33-4549-9afe-d811f1beb6dc{ip: 192.168.5.171, host: pr-hdds-2007-n4wwz-4249666578, networkLocation: /default-rack, certSerialId: null}.
2019-09-12 14:29:14,999 [ReplicationMonitor] INFO  container.ReplicationManager (ReplicationManager.java:sendCloseCommand(659)) - Sending close container command for container #2 to datanode c26651e2-a96c-4010-919f-87a827874a5b{ip: 192.168.5.171, host: pr-hdds-2007-n4wwz-4249666578, networkLocation: /default-rack, certSerialId: null}.
2019-09-12 14:29:14,999 [ReplicationMonitor] INFO  container.ReplicationManager (ReplicationManager.java:sendCloseCommand(659)) - Sending close container command for container #2 to datanode e2538fa5-58a8-4aba-9576-486ea31efcb2{ip: 192.168.5.171, host: pr-hdds-2007-n4wwz-4249666578, networkLocation: /default-rack, certSerialId: null}.
2019-09-12 14:29:15,000 [ReplicationMonitor] INFO  container.ReplicationManager (ReplicationManager.java:run(225)) - Replication Monitor Thread took 24 milliseconds for processing 5 containers.
2019-09-12 14:29:15,641 [java.util.concurrent.ThreadPoolExecutor$Worker@4f438dcf[State = -1, empty queue]] WARN  server.GrpcLogAppender (GrpcLogAppender.java:timeoutAppendRequest(200)) - e2538fa5-58a8-4aba-9576-486ea31efcb2@group-3E8E6CBD8592->a3deabaa-6f33-4549-9afe-d811f1beb6dc-GrpcLogAppender: appendEntries Timeout, request=e2538fa5-58a8-4aba-9576-486ea31efcb2->a3deabaa-6f33-4549-9afe-d811f1beb6dc#53-t1, previous=(t:1, i:12), leaderCommit=6, initializing? false, entries: <empty>
2019-09-12 14:29:15,641 [java.util.concurrent.ThreadPoolExecutor$Worker@44ea9f2[State = -1, empty queue]] WARN  server.GrpcLogAppender (GrpcLogAppender.java:timeoutAppendRequest(200)) - e2538fa5-58a8-4aba-9576-486ea31efcb2@group-3E8E6CBD8592->c26651e2-a96c-4010-919f-87a827874a5b-GrpcLogAppender: appendEntries Timeout, request=e2538fa5-58a8-4aba-9576-486ea31efcb2->c26651e2-a96c-4010-919f-87a827874a5b#53-t1, previous=(t:1, i:12), leaderCommit=6, initializing? false, entries: <empty>
2019-09-12 14:29:16,757 [Command processor thread] INFO  interfaces.Container (KeyValueContainer.java:flushAndSyncDB(386)) - Container 1 is synced with bcsId 4.
2019-09-12 14:29:16,761 [Command processor thread] INFO  interfaces.Container (KeyValueContainer.java:flushAndSyncDB(386)) - Container 1 is synced with bcsId 4.
2019-09-12 14:29:16,790 [Command processor thread] INFO  interfaces.Container (KeyValueContainer.java:close(335)) - Container 1 is closed with bcsId 4.
2019-09-12 14:29:16,790 [Command processor thread] INFO  interfaces.Container (KeyValueContainer.java:flushAndSyncDB(386)) - Container 2 is synced with bcsId 0.
2019-09-12 14:29:16,790 [Command processor thread] INFO  interfaces.Container (KeyValueContainer.java:flushAndSyncDB(386)) - Container 2 is synced with bcsId 0.
2019-09-12 14:29:16,791 [EventQueue-IncrementalContainerReportForIncrementalContainerReportHandler] INFO  container.IncrementalContainerReportHandler (AbstractContainerReportHandler.java:updateContainerState(202)) - Moving container #1 to CLOSED state, datanode e2538fa5-58a8-4aba-9576-486ea31efcb2{ip: 192.168.5.171, host: pr-hdds-2007-n4wwz-4249666578, networkLocation: /default-rack, certSerialId: null} reported CLOSED replica.
2019-09-12 14:29:16,814 [Command processor thread] INFO  interfaces.Container (KeyValueContainer.java:close(335)) - Container 2 is closed with bcsId 0.
2019-09-12 14:29:16,815 [EventQueue-IncrementalContainerReportForIncrementalContainerReportHandler] INFO  container.IncrementalContainerReportHandler (AbstractContainerReportHandler.java:updateContainerState(202)) - Moving container #2 to CLOSED state, datanode e2538fa5-58a8-4aba-9576-486ea31efcb2{ip: 192.168.5.171, host: pr-hdds-2007-n4wwz-4249666578, networkLocation: /default-rack, certSerialId: null} reported CLOSED replica.
2019-09-12 14:29:17,770 [Command processor thread] INFO  interfaces.Container (KeyValueContainer.java:flushAndSyncDB(386)) - Container 1 is synced with bcsId 4.
2019-09-12 14:29:17,770 [Command processor thread] INFO  interfaces.Container (KeyValueContainer.java:flushAndSyncDB(386)) - Container 1 is synced with bcsId 4.
2019-09-12 14:29:17,771 [Command processor thread] INFO  interfaces.Container (KeyValueContainer.java:flushAndSyncDB(386)) - Container 1 is synced with bcsId 4.
2019-09-12 14:29:17,771 [Command processor thread] INFO  interfaces.Container (KeyValueContainer.java:flushAndSyncDB(386)) - Container 1 is synced with bcsId 4.
2019-09-12 14:29:17,788 [Command processor thread] INFO  interfaces.Container (KeyValueContainer.java:close(335)) - Container 1 is closed with bcsId 4.
2019-09-12 14:29:17,788 [Command processor thread] INFO  interfaces.Container (KeyValueContainer.java:close(335)) - Container 1 is closed with bcsId 4.
2019-09-12 14:29:17,788 [Command processor thread] INFO  interfaces.Container (KeyValueContainer.java:flushAndSyncDB(386)) - Container 2 is synced with bcsId 0.
2019-09-12 14:29:17,788 [Command processor thread] INFO  interfaces.Container (KeyValueContainer.java:flushAndSyncDB(386)) - Container 2 is synced with bcsId 0.
2019-09-12 14:29:17,788 [Command processor thread] INFO  interfaces.Container (KeyValueContainer.java:flushAndSyncDB(386)) - Container 2 is synced with bcsId 0.
2019-09-12 14:29:17,788 [Command processor thread] INFO  interfaces.Container (KeyValueContainer.java:flushAndSyncDB(386)) - Container 2 is synced with bcsId 0.
2019-09-12 14:29:17,806 [Command processor thread] INFO  interfaces.Container (KeyValueContainer.java:close(335)) - Container 2 is closed with bcsId 0.
2019-09-12 14:29:17,806 [Command processor thread] INFO  interfaces.Container (KeyValueContainer.java:close(335)) - Container 2 is closed with bcsId 0.
2019-09-12 14:29:18,142 [java.util.concurrent.ThreadPoolExecutor$Worker@44ea9f2[State = -1, empty queue]] WARN  server.GrpcLogAppender (GrpcLogAppender.java:timeoutAppendRequest(200)) - e2538fa5-58a8-4aba-9576-486ea31efcb2@group-3E8E6CBD8592->c26651e2-a96c-4010-919f-87a827874a5b-GrpcLogAppender: appendEntries Timeout, request=e2538fa5-58a8-4aba-9576-486ea31efcb2->c26651e2-a96c-4010-919f-87a827874a5b#54-t1, previous=(t:1, i:12), leaderCommit=6, initializing? false, entries: <empty>
2019-09-12 14:29:18,142 [java.util.concurrent.ThreadPoolExecutor$Worker@4f438dcf[State = -1, empty queue]] WARN  server.GrpcLogAppender (GrpcLogAppender.java:timeoutAppendRequest(200)) - e2538fa5-58a8-4aba-9576-486ea31efcb2@group-3E8E6CBD8592->a3deabaa-6f33-4549-9afe-d811f1beb6dc-GrpcLogAppender: appendEntries Timeout, request=e2538fa5-58a8-4aba-9576-486ea31efcb2->a3deabaa-6f33-4549-9afe-d811f1beb6dc#54-t1, previous=(t:1, i:12), leaderCommit=6, initializing? false, entries: <empty>
2019-09-12 14:29:18,582 [grpc-default-executor-5] INFO  client.GrpcClientProtocolClient (GrpcClientProtocolClient.java:onNext(264)) - client-35FAC708AFA2->c26651e2-a96c-4010-919f-87a827874a5b: receive RaftClientReply:client-35FAC708AFA2->c26651e2-a96c-4010-919f-87a827874a5b@group-3E8E6CBD8592, cid=44, FAILED org.apache.ratis.protocol.NotLeaderException: Server c26651e2-a96c-4010-919f-87a827874a5b@group-3E8E6CBD8592 is not the leader e2538fa5-58a8-4aba-9576-486ea31efcb2:192.168.5.171:42589, logIndex=0, commits[c26651e2-a96c-4010-919f-87a827874a5b:c6, e2538fa5-58a8-4aba-9576-486ea31efcb2:c6, a3deabaa-6f33-4549-9afe-d811f1beb6dc:c4]
2019-09-12 14:29:20,642 [java.util.concurrent.ThreadPoolExecutor$Worker@44ea9f2[State = -1, empty queue]] WARN  server.GrpcLogAppender (GrpcLogAppender.java:timeoutAppendRequest(200)) - e2538fa5-58a8-4aba-9576-486ea31efcb2@group-3E8E6CBD8592->c26651e2-a96c-4010-919f-87a827874a5b-GrpcLogAppender: appendEntries Timeout, request=e2538fa5-58a8-4aba-9576-486ea31efcb2->c26651e2-a96c-4010-919f-87a827874a5b#55-t1, previous=(t:1, i:12), leaderCommit=6, initializing? false, entries: <empty>
2019-09-12 14:29:20,642 [java.util.concurrent.ThreadPoolExecutor$Worker@4f438dcf[State = -1, empty queue]] WARN  server.GrpcLogAppender (GrpcLogAppender.java:timeoutAppendRequest(200)) - e2538fa5-58a8-4aba-9576-486ea31efcb2@group-3E8E6CBD8592->a3deabaa-6f33-4549-9afe-d811f1beb6dc-GrpcLogAppender: appendEntries Timeout, request=e2538fa5-58a8-4aba-9576-486ea31efcb2->a3deabaa-6f33-4549-9afe-d811f1beb6dc#55-t1, previous=(t:1, i:12), leaderCommit=6, initializing? false, entries: <empty>
2019-09-12 14:29:22,617 [a3deabaa-6f33-4549-9afe-d811f1beb6dc@group-3E8E6CBD8592-SegmentedRaftLogWorker] WARN  segmented.SegmentedRaftLogWorker (SegmentedRaftLogWorker.java:getFromFuture(90)) - Timeout 10/~
org.apache.ratis.protocol.TimeoutIOException: Timeout 10s: WriteLog:7: (t:1, i:7), STATEMACHINELOGENTRY, client-35FAC708AFA2, cid=44-writeStateMachineData
	at org.apache.ratis.util.IOUtils.getFromFuture(IOUtils.java:87)
	at org.apache.ratis.server.raftlog.segmented.SegmentedRaftLogWorker$StateMachineDataPolicy.getFromFuture(SegmentedRaftLogWorker.java:87)
	at org.apache.ratis.server.raftlog.segmented.SegmentedRaftLogWorker$WriteLog.execute(SegmentedRaftLogWorker.java:477)
	at org.apache.ratis.server.raftlog.segmented.SegmentedRaftLogWorker.run(SegmentedRaftLogWorker.java:289)
	at java.lang.Thread.run(Thread.java:748)
Caused by: java.util.concurrent.TimeoutException
	at java.util.concurrent.CompletableFuture.timedGet(CompletableFuture.java:1771)
	at java.util.concurrent.CompletableFuture.get(CompletableFuture.java:1915)
	at org.apache.ratis.util.IOUtils.getFromFuture(IOUtils.java:79)
	... 4 more
2019-09-12 14:29:22,636 [c26651e2-a96c-4010-919f-87a827874a5b@group-3E8E6CBD8592-SegmentedRaftLogWorker] WARN  segmented.SegmentedRaftLogWorker (SegmentedRaftLogWorker.java:getFromFuture(90)) - Timeout 10/~
org.apache.ratis.protocol.TimeoutIOException: Timeout 10s: WriteLog:7: (t:1, i:7), STATEMACHINELOGENTRY, client-35FAC708AFA2, cid=44-writeStateMachineData
	at org.apache.ratis.util.IOUtils.getFromFuture(IOUtils.java:87)
	at org.apache.ratis.server.raftlog.segmented.SegmentedRaftLogWorker$StateMachineDataPolicy.getFromFuture(SegmentedRaftLogWorker.java:87)
	at org.apache.ratis.server.raftlog.segmented.SegmentedRaftLogWorker$WriteLog.execute(SegmentedRaftLogWorker.java:477)
	at org.apache.ratis.server.raftlog.segmented.SegmentedRaftLogWorker.run(SegmentedRaftLogWorker.java:289)
	at java.lang.Thread.run(Thread.java:748)
Caused by: java.util.concurrent.TimeoutException
	at java.util.concurrent.CompletableFuture.timedGet(CompletableFuture.java:1771)
	at java.util.concurrent.CompletableFuture.get(CompletableFuture.java:1915)
	at org.apache.ratis.util.IOUtils.getFromFuture(IOUtils.java:79)
	... 4 more
2019-09-12 14:29:22,754 [e2538fa5-58a8-4aba-9576-486ea31efcb2@group-3E8E6CBD8592-SegmentedRaftLogWorker] WARN  segmented.SegmentedRaftLogWorker (SegmentedRaftLogWorker.java:getFromFuture(90)) - Timeout 10/~
org.apache.ratis.protocol.TimeoutIOException: Timeout 10s: WriteLog:8: (t:1, i:8), STATEMACHINELOGENTRY, client-35FAC708AFA2, cid=45-writeStateMachineData
	at org.apache.ratis.util.IOUtils.getFromFuture(IOUtils.java:87)
	at org.apache.ratis.server.raftlog.segmented.SegmentedRaftLogWorker$StateMachineDataPolicy.getFromFuture(SegmentedRaftLogWorker.java:87)
	at org.apache.ratis.server.raftlog.segmented.SegmentedRaftLogWorker$WriteLog.execute(SegmentedRaftLogWorker.java:477)
	at org.apache.ratis.server.raftlog.segmented.SegmentedRaftLogWorker.run(SegmentedRaftLogWorker.java:289)
	at java.lang.Thread.run(Thread.java:748)
Caused by: java.util.concurrent.TimeoutException
	at java.util.concurrent.CompletableFuture.timedGet(CompletableFuture.java:1771)
	at java.util.concurrent.CompletableFuture.get(CompletableFuture.java:1915)
	at org.apache.ratis.util.IOUtils.getFromFuture(IOUtils.java:79)
	... 4 more
2019-09-12 14:29:23,143 [java.util.concurrent.ThreadPoolExecutor$Worker@4f438dcf[State = -1, empty queue]] WARN  server.GrpcLogAppender (GrpcLogAppender.java:timeoutAppendRequest(200)) - e2538fa5-58a8-4aba-9576-486ea31efcb2@group-3E8E6CBD8592->a3deabaa-6f33-4549-9afe-d811f1beb6dc-GrpcLogAppender: appendEntries Timeout, request=e2538fa5-58a8-4aba-9576-486ea31efcb2->a3deabaa-6f33-4549-9afe-d811f1beb6dc#56-t1, previous=(t:1, i:12), leaderCommit=6, initializing? false, entries: <empty>
2019-09-12 14:29:23,143 [java.util.concurrent.ThreadPoolExecutor$Worker@44ea9f2[State = -1, empty queue]] WARN  server.GrpcLogAppender (GrpcLogAppender.java:timeoutAppendRequest(200)) - e2538fa5-58a8-4aba-9576-486ea31efcb2@group-3E8E6CBD8592->c26651e2-a96c-4010-919f-87a827874a5b-GrpcLogAppender: appendEntries Timeout, request=e2538fa5-58a8-4aba-9576-486ea31efcb2->c26651e2-a96c-4010-919f-87a827874a5b#56-t1, previous=(t:1, i:12), leaderCommit=6, initializing? false, entries: <empty>
2019-09-12 14:29:23,647 [grpc-default-executor-5] INFO  client.GrpcClientProtocolClient (GrpcClientProtocolClient.java:onNext(264)) - client-35FAC708AFA2->a3deabaa-6f33-4549-9afe-d811f1beb6dc: receive RaftClientReply:client-35FAC708AFA2->a3deabaa-6f33-4549-9afe-d811f1beb6dc@group-3E8E6CBD8592, cid=44, FAILED org.apache.ratis.protocol.NotLeaderException: Server a3deabaa-6f33-4549-9afe-d811f1beb6dc@group-3E8E6CBD8592 is not the leader e2538fa5-58a8-4aba-9576-486ea31efcb2:192.168.5.171:42589, logIndex=0, commits[a3deabaa-6f33-4549-9afe-d811f1beb6dc:c6, e2538fa5-58a8-4aba-9576-486ea31efcb2:c6, c26651e2-a96c-4010-919f-87a827874a5b:c4]
2019-09-12 14:29:25,643 [java.util.concurrent.ThreadPoolExecutor$Worker@4f438dcf[State = -1, empty queue]] WARN  server.GrpcLogAppender (GrpcLogAppender.java:timeoutAppendRequest(200)) - e2538fa5-58a8-4aba-9576-486ea31efcb2@group-3E8E6CBD8592->a3deabaa-6f33-4549-9afe-d811f1beb6dc-GrpcLogAppender: appendEntries Timeout, request=e2538fa5-58a8-4aba-9576-486ea31efcb2->a3deabaa-6f33-4549-9afe-d811f1beb6dc#57-t1, previous=(t:1, i:12), leaderCommit=6, initializing? false, entries: <empty>
2019-09-12 14:29:25,643 [java.util.concurrent.ThreadPoolExecutor$Worker@44ea9f2[State = -1, empty queue]] WARN  server.GrpcLogAppender (GrpcLogAppender.java:timeoutAppendRequest(200)) - e2538fa5-58a8-4aba-9576-486ea31efcb2@group-3E8E6CBD8592->c26651e2-a96c-4010-919f-87a827874a5b-GrpcLogAppender: appendEntries Timeout, request=e2538fa5-58a8-4aba-9576-486ea31efcb2->c26651e2-a96c-4010-919f-87a827874a5b#57-t1, previous=(t:1, i:12), leaderCommit=6, initializing? false, entries: <empty>
2019-09-12 14:29:28,143 [java.util.concurrent.ThreadPoolExecutor$Worker@44ea9f2[State = -1, empty queue]] WARN  server.GrpcLogAppender (GrpcLogAppender.java:timeoutAppendRequest(200)) - e2538fa5-58a8-4aba-9576-486ea31efcb2@group-3E8E6CBD8592->c26651e2-a96c-4010-919f-87a827874a5b-GrpcLogAppender: appendEntries Timeout, request=e2538fa5-58a8-4aba-9576-486ea31efcb2->c26651e2-a96c-4010-919f-87a827874a5b#58-t1, previous=(t:1, i:12), leaderCommit=6, initializing? false, entries: <empty>
2019-09-12 14:29:28,143 [java.util.concurrent.ThreadPoolExecutor$Worker@4f438dcf[State = -1, empty queue]] WARN  server.GrpcLogAppender (GrpcLogAppender.java:timeoutAppendRequest(200)) - e2538fa5-58a8-4aba-9576-486ea31efcb2@group-3E8E6CBD8592->a3deabaa-6f33-4549-9afe-d811f1beb6dc-GrpcLogAppender: appendEntries Timeout, request=e2538fa5-58a8-4aba-9576-486ea31efcb2->a3deabaa-6f33-4549-9afe-d811f1beb6dc#58-t1, previous=(t:1, i:12), leaderCommit=6, initializing? false, entries: <empty>
2019-09-12 14:29:28,698 [grpc-default-executor-5] INFO  client.GrpcClientProtocolClient (GrpcClientProtocolClient.java:onNext(264)) - client-35FAC708AFA2->a3deabaa-6f33-4549-9afe-d811f1beb6dc: receive RaftClientReply:client-35FAC708AFA2->a3deabaa-6f33-4549-9afe-d811f1beb6dc@group-3E8E6CBD8592, cid=44, FAILED org.apache.ratis.protocol.NotLeaderException: Server a3deabaa-6f33-4549-9afe-d811f1beb6dc@group-3E8E6CBD8592 is not the leader e2538fa5-58a8-4aba-9576-486ea31efcb2:192.168.5.171:42589, logIndex=0, commits[a3deabaa-6f33-4549-9afe-d811f1beb6dc:c6, e2538fa5-58a8-4aba-9576-486ea31efcb2:c6, c26651e2-a96c-4010-919f-87a827874a5b:c4]
2019-09-12 14:29:30,644 [java.util.concurrent.ThreadPoolExecutor$Worker@44ea9f2[State = -1, empty queue]] WARN  server.GrpcLogAppender (GrpcLogAppender.java:timeoutAppendRequest(200)) - e2538fa5-58a8-4aba-9576-486ea31efcb2@group-3E8E6CBD8592->c26651e2-a96c-4010-919f-87a827874a5b-GrpcLogAppender: appendEntries Timeout, request=e2538fa5-58a8-4aba-9576-486ea31efcb2->c26651e2-a96c-4010-919f-87a827874a5b#59-t1, previous=(t:1, i:12), leaderCommit=6, initializing? false, entries: <empty>
2019-09-12 14:29:30,644 [java.util.concurrent.ThreadPoolExecutor$Worker@4f438dcf[State = -1, empty queue]] WARN  server.GrpcLogAppender (GrpcLogAppender.java:timeoutAppendRequest(200)) - e2538fa5-58a8-4aba-9576-486ea31efcb2@group-3E8E6CBD8592->a3deabaa-6f33-4549-9afe-d811f1beb6dc-GrpcLogAppender: appendEntries Timeout, request=e2538fa5-58a8-4aba-9576-486ea31efcb2->a3deabaa-6f33-4549-9afe-d811f1beb6dc#59-t1, previous=(t:1, i:12), leaderCommit=6, initializing? false, entries: <empty>
2019-09-12 14:29:32,618 [a3deabaa-6f33-4549-9afe-d811f1beb6dc@group-3E8E6CBD8592-SegmentedRaftLogWorker] WARN  segmented.SegmentedRaftLogWorker (SegmentedRaftLogWorker.java:getFromFuture(90)) - Timeout 11/~
org.apache.ratis.protocol.TimeoutIOException: Timeout 10s: WriteLog:7: (t:1, i:7), STATEMACHINELOGENTRY, client-35FAC708AFA2, cid=44-writeStateMachineData
	at org.apache.ratis.util.IOUtils.getFromFuture(IOUtils.java:87)
	at org.apache.ratis.server.raftlog.segmented.SegmentedRaftLogWorker$StateMachineDataPolicy.getFromFuture(SegmentedRaftLogWorker.java:87)
	at org.apache.ratis.server.raftlog.segmented.SegmentedRaftLogWorker$WriteLog.execute(SegmentedRaftLogWorker.java:477)
	at org.apache.ratis.server.raftlog.segmented.SegmentedRaftLogWorker.run(SegmentedRaftLogWorker.java:289)
	at java.lang.Thread.run(Thread.java:748)
Caused by: java.util.concurrent.TimeoutException
	at java.util.concurrent.CompletableFuture.timedGet(CompletableFuture.java:1771)
	at java.util.concurrent.CompletableFuture.get(CompletableFuture.java:1915)
	at org.apache.ratis.util.IOUtils.getFromFuture(IOUtils.java:79)
	... 4 more
2019-09-12 14:29:32,636 [c26651e2-a96c-4010-919f-87a827874a5b@group-3E8E6CBD8592-SegmentedRaftLogWorker] WARN  segmented.SegmentedRaftLogWorker (SegmentedRaftLogWorker.java:getFromFuture(90)) - Timeout 11/~
org.apache.ratis.protocol.TimeoutIOException: Timeout 10s: WriteLog:7: (t:1, i:7), STATEMACHINELOGENTRY, client-35FAC708AFA2, cid=44-writeStateMachineData
	at org.apache.ratis.util.IOUtils.getFromFuture(IOUtils.java:87)
	at org.apache.ratis.server.raftlog.segmented.SegmentedRaftLogWorker$StateMachineDataPolicy.getFromFuture(SegmentedRaftLogWorker.java:87)
	at org.apache.ratis.server.raftlog.segmented.SegmentedRaftLogWorker$WriteLog.execute(SegmentedRaftLogWorker.java:477)
	at org.apache.ratis.server.raftlog.segmented.SegmentedRaftLogWorker.run(SegmentedRaftLogWorker.java:289)
	at java.lang.Thread.run(Thread.java:748)
Caused by: java.util.concurrent.TimeoutException
	at java.util.concurrent.CompletableFuture.timedGet(CompletableFuture.java:1771)
	at java.util.concurrent.CompletableFuture.get(CompletableFuture.java:1915)
	at org.apache.ratis.util.IOUtils.getFromFuture(IOUtils.java:79)
	... 4 more
2019-09-12 14:29:32,645 [org.apache.ratis.server.impl.LogAppender$AppenderDaemon$$Lambda$489/854952238@56954f24] ERROR ratis.XceiverServerRatis (XceiverServerRatis.java:triggerPipelineClose(568)) - pipeline Action CLOSE  on pipeline PipelineID=956661f3-60ec-4db1-ba7e-3e8e6cbd8592.Reason : e2538fa5-58a8-4aba-9576-486ea31efcb2 has not seen follower/s a3deabaa-6f33-4549-9afe-d811f1beb6dc for 120190ms c26651e2-a96c-4010-919f-87a827874a5b for 120187ms
2019-09-12 14:29:32,645 [org.apache.ratis.server.impl.LogAppender$AppenderDaemon$$Lambda$489/854952238@325cd00c] ERROR ratis.XceiverServerRatis (XceiverServerRatis.java:triggerPipelineClose(568)) - pipeline Action CLOSE  on pipeline PipelineID=956661f3-60ec-4db1-ba7e-3e8e6cbd8592.Reason : e2538fa5-58a8-4aba-9576-486ea31efcb2 has not seen follower/s a3deabaa-6f33-4549-9afe-d811f1beb6dc for 120190ms c26651e2-a96c-4010-919f-87a827874a5b for 120187ms
2019-09-12 14:29:32,755 [e2538fa5-58a8-4aba-9576-486ea31efcb2@group-3E8E6CBD8592-SegmentedRaftLogWorker] WARN  segmented.SegmentedRaftLogWorker (SegmentedRaftLogWorker.java:getFromFuture(90)) - Timeout 11/~
org.apache.ratis.protocol.TimeoutIOException: Timeout 10s: WriteLog:8: (t:1, i:8), STATEMACHINELOGENTRY, client-35FAC708AFA2, cid=45-writeStateMachineData
	at org.apache.ratis.util.IOUtils.getFromFuture(IOUtils.java:87)
	at org.apache.ratis.server.raftlog.segmented.SegmentedRaftLogWorker$StateMachineDataPolicy.getFromFuture(SegmentedRaftLogWorker.java:87)
	at org.apache.ratis.server.raftlog.segmented.SegmentedRaftLogWorker$WriteLog.execute(SegmentedRaftLogWorker.java:477)
	at org.apache.ratis.server.raftlog.segmented.SegmentedRaftLogWorker.run(SegmentedRaftLogWorker.java:289)
	at java.lang.Thread.run(Thread.java:748)
Caused by: java.util.concurrent.TimeoutException
	at java.util.concurrent.CompletableFuture.timedGet(CompletableFuture.java:1771)
	at java.util.concurrent.CompletableFuture.get(CompletableFuture.java:1915)
	at org.apache.ratis.util.IOUtils.getFromFuture(IOUtils.java:79)
	... 4 more
2019-09-12 14:29:32,817 [EventQueue-PipelineActionsForPipelineActionHandler] ERROR pipeline.PipelineActionHandler (PipelineActionHandler.java:onMessage(60)) - Received pipeline action CLOSE for Pipeline[ Id: 956661f3-60ec-4db1-ba7e-3e8e6cbd8592, Nodes: e2538fa5-58a8-4aba-9576-486ea31efcb2{ip: 192.168.5.171, host: pr-hdds-2007-n4wwz-4249666578, networkLocation: /default-rack, certSerialId: null}c26651e2-a96c-4010-919f-87a827874a5b{ip: 192.168.5.171, host: pr-hdds-2007-n4wwz-4249666578, networkLocation: /default-rack, certSerialId: null}a3deabaa-6f33-4549-9afe-d811f1beb6dc{ip: 192.168.5.171, host: pr-hdds-2007-n4wwz-4249666578, networkLocation: /default-rack, certSerialId: null}, Type:RATIS, Factor:THREE, State:OPEN] from datanode e2538fa5-58a8-4aba-9576-486ea31efcb2{ip: 192.168.5.171, host: pr-hdds-2007-n4wwz-4249666578, networkLocation: /default-rack, certSerialId: null}. Reason : e2538fa5-58a8-4aba-9576-486ea31efcb2 has not seen follower/s a3deabaa-6f33-4549-9afe-d811f1beb6dc for 120190ms c26651e2-a96c-4010-919f-87a827874a5b for 120187ms
2019-09-12 14:29:32,817 [EventQueue-PipelineActionsForPipelineActionHandler] INFO  pipeline.SCMPipelineManager (SCMPipelineManager.java:finalizeAndDestroyPipeline(311)) - destroying pipeline:Pipeline[ Id: 956661f3-60ec-4db1-ba7e-3e8e6cbd8592, Nodes: e2538fa5-58a8-4aba-9576-486ea31efcb2{ip: 192.168.5.171, host: pr-hdds-2007-n4wwz-4249666578, networkLocation: /default-rack, certSerialId: null}c26651e2-a96c-4010-919f-87a827874a5b{ip: 192.168.5.171, host: pr-hdds-2007-n4wwz-4249666578, networkLocation: /default-rack, certSerialId: null}a3deabaa-6f33-4549-9afe-d811f1beb6dc{ip: 192.168.5.171, host: pr-hdds-2007-n4wwz-4249666578, networkLocation: /default-rack, certSerialId: null}, Type:RATIS, Factor:THREE, State:OPEN]
2019-09-12 14:29:32,818 [EventQueue-PipelineActionsForPipelineActionHandler] INFO  pipeline.PipelineStateManager (PipelineStateManager.java:finalizePipeline(123)) - Pipeline Pipeline[ Id: 956661f3-60ec-4db1-ba7e-3e8e6cbd8592, Nodes: e2538fa5-58a8-4aba-9576-486ea31efcb2{ip: 192.168.5.171, host: pr-hdds-2007-n4wwz-4249666578, networkLocation: /default-rack, certSerialId: null}c26651e2-a96c-4010-919f-87a827874a5b{ip: 192.168.5.171, host: pr-hdds-2007-n4wwz-4249666578, networkLocation: /default-rack, certSerialId: null}a3deabaa-6f33-4549-9afe-d811f1beb6dc{ip: 192.168.5.171, host: pr-hdds-2007-n4wwz-4249666578, networkLocation: /default-rack, certSerialId: null}, Type:RATIS, Factor:THREE, State:CLOSED] moved to CLOSED state
2019-09-12 14:29:32,818 [EventQueue-CloseContainerForCloseContainerEventHandler] INFO  container.CloseContainerEventHandler (CloseContainerEventHandler.java:onMessage(61)) - Close container Event triggered for container : #4
2019-09-12 14:29:32,819 [EventQueue-CloseContainerForCloseContainerEventHandler] INFO  container.CloseContainerEventHandler (CloseContainerEventHandler.java:onMessage(61)) - Close container Event triggered for container : #5
2019-09-12 14:29:33,144 [java.util.concurrent.ThreadPoolExecutor$Worker@44ea9f2[State = -1, empty queue]] WARN  server.GrpcLogAppender (GrpcLogAppender.java:timeoutAppendRequest(200)) - e2538fa5-58a8-4aba-9576-486ea31efcb2@group-3E8E6CBD8592->c26651e2-a96c-4010-919f-87a827874a5b-GrpcLogAppender: appendEntries Timeout, request=e2538fa5-58a8-4aba-9576-486ea31efcb2->c26651e2-a96c-4010-919f-87a827874a5b#60-t1, previous=(t:1, i:12), leaderCommit=6, initializing? false, entries: <empty>
2019-09-12 14:29:33,144 [java.util.concurrent.ThreadPoolExecutor$Worker@4f438dcf[State = -1, empty queue]] WARN  server.GrpcLogAppender (GrpcLogAppender.java:timeoutAppendRequest(200)) - e2538fa5-58a8-4aba-9576-486ea31efcb2@group-3E8E6CBD8592->a3deabaa-6f33-4549-9afe-d811f1beb6dc-GrpcLogAppender: appendEntries Timeout, request=e2538fa5-58a8-4aba-9576-486ea31efcb2->a3deabaa-6f33-4549-9afe-d811f1beb6dc#60-t1, previous=(t:1, i:12), leaderCommit=6, initializing? false, entries: <empty>
2019-09-12 14:29:33,754 [grpc-default-executor-5] INFO  client.GrpcClientProtocolClient (GrpcClientProtocolClient.java:onNext(264)) - client-35FAC708AFA2->c26651e2-a96c-4010-919f-87a827874a5b: receive RaftClientReply:client-35FAC708AFA2->c26651e2-a96c-4010-919f-87a827874a5b@group-3E8E6CBD8592, cid=44, FAILED org.apache.ratis.protocol.NotLeaderException: Server c26651e2-a96c-4010-919f-87a827874a5b@group-3E8E6CBD8592 is not the leader e2538fa5-58a8-4aba-9576-486ea31efcb2:192.168.5.171:42589, logIndex=0, commits[c26651e2-a96c-4010-919f-87a827874a5b:c6, e2538fa5-58a8-4aba-9576-486ea31efcb2:c6, a3deabaa-6f33-4549-9afe-d811f1beb6dc:c4]
2019-09-12 14:29:34,838 [org.apache.ratis.server.impl.LogAppender$AppenderDaemon$$Lambda$489/854952238@325cd00c] ERROR ratis.XceiverServerRatis (XceiverServerRatis.java:triggerPipelineClose(568)) - pipeline Action CLOSE  on pipeline PipelineID=956661f3-60ec-4db1-ba7e-3e8e6cbd8592.Reason : e2538fa5-58a8-4aba-9576-486ea31efcb2 has not seen follower/s a3deabaa-6f33-4549-9afe-d811f1beb6dc for 122383ms c26651e2-a96c-4010-919f-87a827874a5b for 122380ms
2019-09-12 14:29:34,838 [org.apache.ratis.server.impl.LogAppender$AppenderDaemon$$Lambda$489/854952238@56954f24] ERROR ratis.XceiverServerRatis (XceiverServerRatis.java:triggerPipelineClose(568)) - pipeline Action CLOSE  on pipeline PipelineID=956661f3-60ec-4db1-ba7e-3e8e6cbd8592.Reason : e2538fa5-58a8-4aba-9576-486ea31efcb2 has not seen follower/s a3deabaa-6f33-4549-9afe-d811f1beb6dc for 122383ms c26651e2-a96c-4010-919f-87a827874a5b for 122380ms
2019-09-12 14:29:35,645 [java.util.concurrent.ThreadPoolExecutor$Worker@44ea9f2[State = -1, empty queue]] WARN  server.GrpcLogAppender (GrpcLogAppender.java:timeoutAppendRequest(200)) - e2538fa5-58a8-4aba-9576-486ea31efcb2@group-3E8E6CBD8592->c26651e2-a96c-4010-919f-87a827874a5b-GrpcLogAppender: appendEntries Timeout, request=e2538fa5-58a8-4aba-9576-486ea31efcb2->c26651e2-a96c-4010-919f-87a827874a5b#61-t1, previous=(t:1, i:12), leaderCommit=6, initializing? false, entries: <empty>
2019-09-12 14:29:35,645 [java.util.concurrent.ThreadPoolExecutor$Worker@4f438dcf[State = -1, empty queue]] WARN  server.GrpcLogAppender (GrpcLogAppender.java:timeoutAppendRequest(200)) - e2538fa5-58a8-4aba-9576-486ea31efcb2@group-3E8E6CBD8592->a3deabaa-6f33-4549-9afe-d811f1beb6dc-GrpcLogAppender: appendEntries Timeout, request=e2538fa5-58a8-4aba-9576-486ea31efcb2->a3deabaa-6f33-4549-9afe-d811f1beb6dc#61-t1, previous=(t:1, i:12), leaderCommit=6, initializing? false, entries: <empty>
2019-09-12 14:29:35,837 [EventQueue-PipelineActionsForPipelineActionHandler] ERROR pipeline.PipelineActionHandler (PipelineActionHandler.java:onMessage(60)) - Received pipeline action CLOSE for Pipeline[ Id: 956661f3-60ec-4db1-ba7e-3e8e6cbd8592, Nodes: e2538fa5-58a8-4aba-9576-486ea31efcb2{ip: 192.168.5.171, host: pr-hdds-2007-n4wwz-4249666578, networkLocation: /default-rack, certSerialId: null}c26651e2-a96c-4010-919f-87a827874a5b{ip: 192.168.5.171, host: pr-hdds-2007-n4wwz-4249666578, networkLocation: /default-rack, certSerialId: null}a3deabaa-6f33-4549-9afe-d811f1beb6dc{ip: 192.168.5.171, host: pr-hdds-2007-n4wwz-4249666578, networkLocation: /default-rack, certSerialId: null}, Type:RATIS, Factor:THREE, State:CLOSED] from datanode e2538fa5-58a8-4aba-9576-486ea31efcb2{ip: 192.168.5.171, host: pr-hdds-2007-n4wwz-4249666578, networkLocation: /default-rack, certSerialId: null}. Reason : e2538fa5-58a8-4aba-9576-486ea31efcb2 has not seen follower/s a3deabaa-6f33-4549-9afe-d811f1beb6dc for 122383ms c26651e2-a96c-4010-919f-87a827874a5b for 122380ms
2019-09-12 14:29:35,837 [EventQueue-PipelineActionsForPipelineActionHandler] INFO  pipeline.SCMPipelineManager (SCMPipelineManager.java:finalizeAndDestroyPipeline(311)) - destroying pipeline:Pipeline[ Id: 956661f3-60ec-4db1-ba7e-3e8e6cbd8592, Nodes: e2538fa5-58a8-4aba-9576-486ea31efcb2{ip: 192.168.5.171, host: pr-hdds-2007-n4wwz-4249666578, networkLocation: /default-rack, certSerialId: null}c26651e2-a96c-4010-919f-87a827874a5b{ip: 192.168.5.171, host: pr-hdds-2007-n4wwz-4249666578, networkLocation: /default-rack, certSerialId: null}a3deabaa-6f33-4549-9afe-d811f1beb6dc{ip: 192.168.5.171, host: pr-hdds-2007-n4wwz-4249666578, networkLocation: /default-rack, certSerialId: null}, Type:RATIS, Factor:THREE, State:CLOSED]
2019-09-12 14:29:37,339 [org.apache.ratis.server.impl.LogAppender$AppenderDaemon$$Lambda$489/854952238@56954f24] ERROR ratis.XceiverServerRatis (XceiverServerRatis.java:triggerPipelineClose(568)) - pipeline Action CLOSE  on pipeline PipelineID=956661f3-60ec-4db1-ba7e-3e8e6cbd8592.Reason : e2538fa5-58a8-4aba-9576-486ea31efcb2 has not seen follower/s a3deabaa-6f33-4549-9afe-d811f1beb6dc for 124883ms c26651e2-a96c-4010-919f-87a827874a5b for 124880ms
2019-09-12 14:29:37,339 [org.apache.ratis.server.impl.LogAppender$AppenderDaemon$$Lambda$489/854952238@325cd00c] ERROR ratis.XceiverServerRatis (XceiverServerRatis.java:triggerPipelineClose(568)) - pipeline Action CLOSE  on pipeline PipelineID=956661f3-60ec-4db1-ba7e-3e8e6cbd8592.Reason : e2538fa5-58a8-4aba-9576-486ea31efcb2 has not seen follower/s a3deabaa-6f33-4549-9afe-d811f1beb6dc for 124884ms c26651e2-a96c-4010-919f-87a827874a5b for 124881ms
2019-09-12 14:29:37,837 [EventQueue-PipelineActionsForPipelineActionHandler] ERROR pipeline.PipelineActionHandler (PipelineActionHandler.java:onMessage(60)) - Received pipeline action CLOSE for Pipeline[ Id: 956661f3-60ec-4db1-ba7e-3e8e6cbd8592, Nodes: e2538fa5-58a8-4aba-9576-486ea31efcb2{ip: 192.168.5.171, host: pr-hdds-2007-n4wwz-4249666578, networkLocation: /default-rack, certSerialId: null}c26651e2-a96c-4010-919f-87a827874a5b{ip: 192.168.5.171, host: pr-hdds-2007-n4wwz-4249666578, networkLocation: /default-rack, certSerialId: null}a3deabaa-6f33-4549-9afe-d811f1beb6dc{ip: 192.168.5.171, host: pr-hdds-2007-n4wwz-4249666578, networkLocation: /default-rack, certSerialId: null}, Type:RATIS, Factor:THREE, State:CLOSED] from datanode e2538fa5-58a8-4aba-9576-486ea31efcb2{ip: 192.168.5.171, host: pr-hdds-2007-n4wwz-4249666578, networkLocation: /default-rack, certSerialId: null}. Reason : e2538fa5-58a8-4aba-9576-486ea31efcb2 has not seen follower/s a3deabaa-6f33-4549-9afe-d811f1beb6dc for 124883ms c26651e2-a96c-4010-919f-87a827874a5b for 124880ms
2019-09-12 14:29:37,837 [EventQueue-PipelineActionsForPipelineActionHandler] INFO  pipeline.SCMPipelineManager (SCMPipelineManager.java:finalizeAndDestroyPipeline(311)) - destroying pipeline:Pipeline[ Id: 956661f3-60ec-4db1-ba7e-3e8e6cbd8592, Nodes: e2538fa5-58a8-4aba-9576-486ea31efcb2{ip: 192.168.5.171, host: pr-hdds-2007-n4wwz-4249666578, networkLocation: /default-rack, certSerialId: null}c26651e2-a96c-4010-919f-87a827874a5b{ip: 192.168.5.171, host: pr-hdds-2007-n4wwz-4249666578, networkLocation: /default-rack, certSerialId: null}a3deabaa-6f33-4549-9afe-d811f1beb6dc{ip: 192.168.5.171, host: pr-hdds-2007-n4wwz-4249666578, networkLocation: /default-rack, certSerialId: null}, Type:RATIS, Factor:THREE, State:CLOSED]
2019-09-12 14:29:37,838 [java.util.concurrent.ThreadPoolExecutor$Worker@44ea9f2[State = -1, empty queue]] WARN  server.GrpcLogAppender (GrpcLogAppender.java:timeoutAppendRequest(200)) - e2538fa5-58a8-4aba-9576-486ea31efcb2@group-3E8E6CBD8592->c26651e2-a96c-4010-919f-87a827874a5b-GrpcLogAppender: appendEntries Timeout, request=e2538fa5-58a8-4aba-9576-486ea31efcb2->c26651e2-a96c-4010-919f-87a827874a5b#62-t1, previous=(t:1, i:12), leaderCommit=6, initializing? false, entries: size=1, first=(t:1, i:13), STATEMACHINELOGENTRY, client-5105A1028B6F, cid=7
2019-09-12 14:29:37,838 [java.util.concurrent.ThreadPoolExecutor$Worker@4f438dcf[State = -1, empty queue]] WARN  server.GrpcLogAppender (GrpcLogAppender.java:timeoutAppendRequest(200)) - e2538fa5-58a8-4aba-9576-486ea31efcb2@group-3E8E6CBD8592->a3deabaa-6f33-4549-9afe-d811f1beb6dc-GrpcLogAppender: appendEntries Timeout, request=e2538fa5-58a8-4aba-9576-486ea31efcb2->a3deabaa-6f33-4549-9afe-d811f1beb6dc#62-t1, previous=(t:1, i:12), leaderCommit=6, initializing? false, entries: size=1, first=(t:1, i:13), STATEMACHINELOGENTRY, client-5105A1028B6F, cid=7
2019-09-12 14:29:38,824 [grpc-default-executor-6] INFO  client.GrpcClientProtocolClient (GrpcClientProtocolClient.java:onNext(264)) - client-35FAC708AFA2->a3deabaa-6f33-4549-9afe-d811f1beb6dc: receive RaftClientReply:client-35FAC708AFA2->a3deabaa-6f33-4549-9afe-d811f1beb6dc@group-3E8E6CBD8592, cid=44, FAILED org.apache.ratis.protocol.NotLeaderException: Server a3deabaa-6f33-4549-9afe-d811f1beb6dc@group-3E8E6CBD8592 is not the leader e2538fa5-58a8-4aba-9576-486ea31efcb2:192.168.5.171:42589, logIndex=0, commits[a3deabaa-6f33-4549-9afe-d811f1beb6dc:c6, e2538fa5-58a8-4aba-9576-486ea31efcb2:c6, c26651e2-a96c-4010-919f-87a827874a5b:c4]
2019-09-12 14:29:39,843 [org.apache.ratis.server.impl.LogAppender$AppenderDaemon$$Lambda$489/854952238@325cd00c] ERROR ratis.XceiverServerRatis (XceiverServerRatis.java:triggerPipelineClose(568)) - pipeline Action CLOSE  on pipeline PipelineID=956661f3-60ec-4db1-ba7e-3e8e6cbd8592.Reason : e2538fa5-58a8-4aba-9576-486ea31efcb2 has not seen follower/s a3deabaa-6f33-4549-9afe-d811f1beb6dc for 127387ms c26651e2-a96c-4010-919f-87a827874a5b for 127384ms
2019-09-12 14:29:39,843 [org.apache.ratis.server.impl.LogAppender$AppenderDaemon$$Lambda$489/854952238@56954f24] ERROR ratis.XceiverServerRatis (XceiverServerRatis.java:triggerPipelineClose(568)) - pipeline Action CLOSE  on pipeline PipelineID=956661f3-60ec-4db1-ba7e-3e8e6cbd8592.Reason : e2538fa5-58a8-4aba-9576-486ea31efcb2 has not seen follower/s a3deabaa-6f33-4549-9afe-d811f1beb6dc for 127387ms c26651e2-a96c-4010-919f-87a827874a5b for 127384ms
2019-09-12 14:29:40,339 [java.util.concurrent.ThreadPoolExecutor$Worker@4f438dcf[State = -1, empty queue]] WARN  server.GrpcLogAppender (GrpcLogAppender.java:timeoutAppendRequest(200)) - e2538fa5-58a8-4aba-9576-486ea31efcb2@group-3E8E6CBD8592->a3deabaa-6f33-4549-9afe-d811f1beb6dc-GrpcLogAppender: appendEntries Timeout, request=e2538fa5-58a8-4aba-9576-486ea31efcb2->a3deabaa-6f33-4549-9afe-d811f1beb6dc#63-t1, previous=(t:1, i:13), leaderCommit=6, initializing? false, entries: <empty>
2019-09-12 14:29:40,339 [java.util.concurrent.ThreadPoolExecutor$Worker@44ea9f2[State = -1, empty queue]] WARN  server.GrpcLogAppender (GrpcLogAppender.java:timeoutAppendRequest(200)) - e2538fa5-58a8-4aba-9576-486ea31efcb2@group-3E8E6CBD8592->c26651e2-a96c-4010-919f-87a827874a5b-GrpcLogAppender: appendEntries Timeout, request=e2538fa5-58a8-4aba-9576-486ea31efcb2->c26651e2-a96c-4010-919f-87a827874a5b#63-t1, previous=(t:1, i:13), leaderCommit=6, initializing? false, entries: <empty>
2019-09-12 14:29:40,839 [EventQueue-PipelineActionsForPipelineActionHandler] ERROR pipeline.PipelineActionHandler (PipelineActionHandler.java:onMessage(60)) - Received pipeline action CLOSE for Pipeline[ Id: 956661f3-60ec-4db1-ba7e-3e8e6cbd8592, Nodes: e2538fa5-58a8-4aba-9576-486ea31efcb2{ip: 192.168.5.171, host: pr-hdds-2007-n4wwz-4249666578, networkLocation: /default-rack, certSerialId: null}c26651e2-a96c-4010-919f-87a827874a5b{ip: 192.168.5.171, host: pr-hdds-2007-n4wwz-4249666578, networkLocation: /default-rack, certSerialId: null}a3deabaa-6f33-4549-9afe-d811f1beb6dc{ip: 192.168.5.171, host: pr-hdds-2007-n4wwz-4249666578, networkLocation: /default-rack, certSerialId: null}, Type:RATIS, Factor:THREE, State:CLOSED] from datanode e2538fa5-58a8-4aba-9576-486ea31efcb2{ip: 192.168.5.171, host: pr-hdds-2007-n4wwz-4249666578, networkLocation: /default-rack, certSerialId: null}. Reason : e2538fa5-58a8-4aba-9576-486ea31efcb2 has not seen follower/s a3deabaa-6f33-4549-9afe-d811f1beb6dc for 127387ms c26651e2-a96c-4010-919f-87a827874a5b for 127384ms
2019-09-12 14:29:40,839 [EventQueue-PipelineActionsForPipelineActionHandler] INFO  pipeline.SCMPipelineManager (SCMPipelineManager.java:finalizeAndDestroyPipeline(311)) - destroying pipeline:Pipeline[ Id: 956661f3-60ec-4db1-ba7e-3e8e6cbd8592, Nodes: e2538fa5-58a8-4aba-9576-486ea31efcb2{ip: 192.168.5.171, host: pr-hdds-2007-n4wwz-4249666578, networkLocation: /default-rack, certSerialId: null}c26651e2-a96c-4010-919f-87a827874a5b{ip: 192.168.5.171, host: pr-hdds-2007-n4wwz-4249666578, networkLocation: /default-rack, certSerialId: null}a3deabaa-6f33-4549-9afe-d811f1beb6dc{ip: 192.168.5.171, host: pr-hdds-2007-n4wwz-4249666578, networkLocation: /default-rack, certSerialId: null}, Type:RATIS, Factor:THREE, State:CLOSED]
2019-09-12 14:29:42,344 [org.apache.ratis.server.impl.LogAppender$AppenderDaemon$$Lambda$489/854952238@325cd00c] ERROR ratis.XceiverServerRatis (XceiverServerRatis.java:triggerPipelineClose(568)) - pipeline Action CLOSE  on pipeline PipelineID=956661f3-60ec-4db1-ba7e-3e8e6cbd8592.Reason : e2538fa5-58a8-4aba-9576-486ea31efcb2 has not seen follower/s a3deabaa-6f33-4549-9afe-d811f1beb6dc for 129888ms c26651e2-a96c-4010-919f-87a827874a5b for 129885ms
2019-09-12 14:29:42,344 [org.apache.ratis.server.impl.LogAppender$AppenderDaemon$$Lambda$489/854952238@56954f24] ERROR ratis.XceiverServerRatis (XceiverServerRatis.java:triggerPipelineClose(568)) - pipeline Action CLOSE  on pipeline PipelineID=956661f3-60ec-4db1-ba7e-3e8e6cbd8592.Reason : e2538fa5-58a8-4aba-9576-486ea31efcb2 has not seen follower/s a3deabaa-6f33-4549-9afe-d811f1beb6dc for 129888ms c26651e2-a96c-4010-919f-87a827874a5b for 129885ms
2019-09-12 14:29:42,620 [a3deabaa-6f33-4549-9afe-d811f1beb6dc@group-3E8E6CBD8592-SegmentedRaftLogWorker] WARN  segmented.SegmentedRaftLogWorker (SegmentedRaftLogWorker.java:getFromFuture(90)) - Timeout 12/~
org.apache.ratis.protocol.TimeoutIOException: Timeout 10s: WriteLog:7: (t:1, i:7), STATEMACHINELOGENTRY, client-35FAC708AFA2, cid=44-writeStateMachineData
	at org.apache.ratis.util.IOUtils.getFromFuture(IOUtils.java:87)
	at org.apache.ratis.server.raftlog.segmented.SegmentedRaftLogWorker$StateMachineDataPolicy.getFromFuture(SegmentedRaftLogWorker.java:87)
	at org.apache.ratis.server.raftlog.segmented.SegmentedRaftLogWorker$WriteLog.execute(SegmentedRaftLogWorker.java:477)
	at org.apache.ratis.server.raftlog.segmented.SegmentedRaftLogWorker.run(SegmentedRaftLogWorker.java:289)
	at java.lang.Thread.run(Thread.java:748)
Caused by: java.util.concurrent.TimeoutException
	at java.util.concurrent.CompletableFuture.timedGet(CompletableFuture.java:1771)
	at java.util.concurrent.CompletableFuture.get(CompletableFuture.java:1915)
	at org.apache.ratis.util.IOUtils.getFromFuture(IOUtils.java:79)
	... 4 more
2019-09-12 14:29:42,637 [c26651e2-a96c-4010-919f-87a827874a5b@group-3E8E6CBD8592-SegmentedRaftLogWorker] WARN  segmented.SegmentedRaftLogWorker (SegmentedRaftLogWorker.java:getFromFuture(90)) - Timeout 12/~
org.apache.ratis.protocol.TimeoutIOException: Timeout 10s: WriteLog:7: (t:1, i:7), STATEMACHINELOGENTRY, client-35FAC708AFA2, cid=44-writeStateMachineData
	at org.apache.ratis.util.IOUtils.getFromFuture(IOUtils.java:87)
	at org.apache.ratis.server.raftlog.segmented.SegmentedRaftLogWorker$StateMachineDataPolicy.getFromFuture(SegmentedRaftLogWorker.java:87)
	at org.apache.ratis.server.raftlog.segmented.SegmentedRaftLogWorker$WriteLog.execute(SegmentedRaftLogWorker.java:477)
	at org.apache.ratis.server.raftlog.segmented.SegmentedRaftLogWorker.run(SegmentedRaftLogWorker.java:289)
	at java.lang.Thread.run(Thread.java:748)
Caused by: java.util.concurrent.TimeoutException
	at java.util.concurrent.CompletableFuture.timedGet(CompletableFuture.java:1771)
	at java.util.concurrent.CompletableFuture.get(CompletableFuture.java:1915)
	at org.apache.ratis.util.IOUtils.getFromFuture(IOUtils.java:79)
	... 4 more
2019-09-12 14:29:42,756 [e2538fa5-58a8-4aba-9576-486ea31efcb2@group-3E8E6CBD8592-SegmentedRaftLogWorker] WARN  segmented.SegmentedRaftLogWorker (SegmentedRaftLogWorker.java:getFromFuture(90)) - Timeout 12/~
org.apache.ratis.protocol.TimeoutIOException: Timeout 10s: WriteLog:8: (t:1, i:8), STATEMACHINELOGENTRY, client-35FAC708AFA2, cid=45-writeStateMachineData
	at org.apache.ratis.util.IOUtils.getFromFuture(IOUtils.java:87)
	at org.apache.ratis.server.raftlog.segmented.SegmentedRaftLogWorker$StateMachineDataPolicy.getFromFuture(SegmentedRaftLogWorker.java:87)
	at org.apache.ratis.server.raftlog.segmented.SegmentedRaftLogWorker$WriteLog.execute(SegmentedRaftLogWorker.java:477)
	at org.apache.ratis.server.raftlog.segmented.SegmentedRaftLogWorker.run(SegmentedRaftLogWorker.java:289)
	at java.lang.Thread.run(Thread.java:748)
Caused by: java.util.concurrent.TimeoutException
	at java.util.concurrent.CompletableFuture.timedGet(CompletableFuture.java:1771)
	at java.util.concurrent.CompletableFuture.get(CompletableFuture.java:1915)
	at org.apache.ratis.util.IOUtils.getFromFuture(IOUtils.java:79)
	... 4 more
2019-09-12 14:29:42,844 [java.util.concurrent.ThreadPoolExecutor$Worker@4f438dcf[State = -1, empty queue]] WARN  server.GrpcLogAppender (GrpcLogAppender.java:timeoutAppendRequest(200)) - e2538fa5-58a8-4aba-9576-486ea31efcb2@group-3E8E6CBD8592->a3deabaa-6f33-4549-9afe-d811f1beb6dc-GrpcLogAppender: appendEntries Timeout, request=e2538fa5-58a8-4aba-9576-486ea31efcb2->a3deabaa-6f33-4549-9afe-d811f1beb6dc#64-t1, previous=(t:1, i:13), leaderCommit=6, initializing? false, entries: <empty>
2019-09-12 14:29:42,845 [EventQueue-PipelineActionsForPipelineActionHandler] ERROR pipeline.PipelineActionHandler (PipelineActionHandler.java:onMessage(60)) - Received pipeline action CLOSE for Pipeline[ Id: 956661f3-60ec-4db1-ba7e-3e8e6cbd8592, Nodes: e2538fa5-58a8-4aba-9576-486ea31efcb2{ip: 192.168.5.171, host: pr-hdds-2007-n4wwz-4249666578, networkLocation: /default-rack, certSerialId: null}c26651e2-a96c-4010-919f-87a827874a5b{ip: 192.168.5.171, host: pr-hdds-2007-n4wwz-4249666578, networkLocation: /default-rack, certSerialId: null}a3deabaa-6f33-4549-9afe-d811f1beb6dc{ip: 192.168.5.171, host: pr-hdds-2007-n4wwz-4249666578, networkLocation: /default-rack, certSerialId: null}, Type:RATIS, Factor:THREE, State:CLOSED] from datanode e2538fa5-58a8-4aba-9576-486ea31efcb2{ip: 192.168.5.171, host: pr-hdds-2007-n4wwz-4249666578, networkLocation: /default-rack, certSerialId: null}. Reason : e2538fa5-58a8-4aba-9576-486ea31efcb2 has not seen follower/s a3deabaa-6f33-4549-9afe-d811f1beb6dc for 129888ms c26651e2-a96c-4010-919f-87a827874a5b for 129885ms
2019-09-12 14:29:42,844 [java.util.concurrent.ThreadPoolExecutor$Worker@44ea9f2[State = -1, empty queue]] WARN  server.GrpcLogAppender (GrpcLogAppender.java:timeoutAppendRequest(200)) - e2538fa5-58a8-4aba-9576-486ea31efcb2@group-3E8E6CBD8592->c26651e2-a96c-4010-919f-87a827874a5b-GrpcLogAppender: appendEntries Timeout, request=e2538fa5-58a8-4aba-9576-486ea31efcb2->c26651e2-a96c-4010-919f-87a827874a5b#64-t1, previous=(t:1, i:13), leaderCommit=6, initializing? false, entries: <empty>
2019-09-12 14:29:42,845 [EventQueue-PipelineActionsForPipelineActionHandler] INFO  pipeline.SCMPipelineManager (SCMPipelineManager.java:finalizeAndDestroyPipeline(311)) - destroying pipeline:Pipeline[ Id: 956661f3-60ec-4db1-ba7e-3e8e6cbd8592, Nodes: e2538fa5-58a8-4aba-9576-486ea31efcb2{ip: 192.168.5.171, host: pr-hdds-2007-n4wwz-4249666578, networkLocation: /default-rack, certSerialId: null}c26651e2-a96c-4010-919f-87a827874a5b{ip: 192.168.5.171, host: pr-hdds-2007-n4wwz-4249666578, networkLocation: /default-rack, certSerialId: null}a3deabaa-6f33-4549-9afe-d811f1beb6dc{ip: 192.168.5.171, host: pr-hdds-2007-n4wwz-4249666578, networkLocation: /default-rack, certSerialId: null}, Type:RATIS, Factor:THREE, State:CLOSED]
2019-09-12 14:29:43,868 [grpc-default-executor-5] INFO  client.GrpcClientProtocolClient (GrpcClientProtocolClient.java:onNext(264)) - client-35FAC708AFA2->c26651e2-a96c-4010-919f-87a827874a5b: receive RaftClientReply:client-35FAC708AFA2->c26651e2-a96c-4010-919f-87a827874a5b@group-3E8E6CBD8592, cid=44, FAILED org.apache.ratis.protocol.NotLeaderException: Server c26651e2-a96c-4010-919f-87a827874a5b@group-3E8E6CBD8592 is not the leader e2538fa5-58a8-4aba-9576-486ea31efcb2:192.168.5.171:42589, logIndex=0, commits[c26651e2-a96c-4010-919f-87a827874a5b:c6, e2538fa5-58a8-4aba-9576-486ea31efcb2:c6, a3deabaa-6f33-4549-9afe-d811f1beb6dc:c4]
2019-09-12 14:29:44,844 [org.apache.ratis.server.impl.LogAppender$AppenderDaemon$$Lambda$489/854952238@56954f24] ERROR ratis.XceiverServerRatis (XceiverServerRatis.java:triggerPipelineClose(568)) - pipeline Action CLOSE  on pipeline PipelineID=956661f3-60ec-4db1-ba7e-3e8e6cbd8592.Reason : e2538fa5-58a8-4aba-9576-486ea31efcb2 has not seen follower/s a3deabaa-6f33-4549-9afe-d811f1beb6dc for 132389ms c26651e2-a96c-4010-919f-87a827874a5b for 132386ms
2019-09-12 14:29:44,844 [org.apache.ratis.server.impl.LogAppender$AppenderDaemon$$Lambda$489/854952238@325cd00c] ERROR ratis.XceiverServerRatis (XceiverServerRatis.java:triggerPipelineClose(568)) - pipeline Action CLOSE  on pipeline PipelineID=956661f3-60ec-4db1-ba7e-3e8e6cbd8592.Reason : e2538fa5-58a8-4aba-9576-486ea31efcb2 has not seen follower/s a3deabaa-6f33-4549-9afe-d811f1beb6dc for 132389ms c26651e2-a96c-4010-919f-87a827874a5b for 132386ms
2019-09-12 14:29:45,343 [java.util.concurrent.ThreadPoolExecutor$Worker@4f438dcf[State = -1, empty queue]] WARN  server.GrpcLogAppender (GrpcLogAppender.java:timeoutAppendRequest(200)) - e2538fa5-58a8-4aba-9576-486ea31efcb2@group-3E8E6CBD8592->a3deabaa-6f33-4549-9afe-d811f1beb6dc-GrpcLogAppender: appendEntries Timeout, request=e2538fa5-58a8-4aba-9576-486ea31efcb2->a3deabaa-6f33-4549-9afe-d811f1beb6dc#65-t1, previous=(t:1, i:13), leaderCommit=6, initializing? false, entries: <empty>
2019-09-12 14:29:45,344 [java.util.concurrent.ThreadPoolExecutor$Worker@44ea9f2[State = -1, empty queue]] WARN  server.GrpcLogAppender (GrpcLogAppender.java:timeoutAppendRequest(200)) - e2538fa5-58a8-4aba-9576-486ea31efcb2@group-3E8E6CBD8592->c26651e2-a96c-4010-919f-87a827874a5b-GrpcLogAppender: appendEntries Timeout, request=e2538fa5-58a8-4aba-9576-486ea31efcb2->c26651e2-a96c-4010-919f-87a827874a5b#65-t1, previous=(t:1, i:13), leaderCommit=6, initializing? false, entries: <empty>
2019-09-12 14:29:45,839 [EventQueue-PipelineActionsForPipelineActionHandler] ERROR pipeline.PipelineActionHandler (PipelineActionHandler.java:onMessage(60)) - Received pipeline action CLOSE for Pipeline[ Id: 956661f3-60ec-4db1-ba7e-3e8e6cbd8592, Nodes: e2538fa5-58a8-4aba-9576-486ea31efcb2{ip: 192.168.5.171, host: pr-hdds-2007-n4wwz-4249666578, networkLocation: /default-rack, certSerialId: null}c26651e2-a96c-4010-919f-87a827874a5b{ip: 192.168.5.171, host: pr-hdds-2007-n4wwz-4249666578, networkLocation: /default-rack, certSerialId: null}a3deabaa-6f33-4549-9afe-d811f1beb6dc{ip: 192.168.5.171, host: pr-hdds-2007-n4wwz-4249666578, networkLocation: /default-rack, certSerialId: null}, Type:RATIS, Factor:THREE, State:CLOSED] from datanode e2538fa5-58a8-4aba-9576-486ea31efcb2{ip: 192.168.5.171, host: pr-hdds-2007-n4wwz-4249666578, networkLocation: /default-rack, certSerialId: null}. Reason : e2538fa5-58a8-4aba-9576-486ea31efcb2 has not seen follower/s a3deabaa-6f33-4549-9afe-d811f1beb6dc for 132389ms c26651e2-a96c-4010-919f-87a827874a5b for 132386ms
2019-09-12 14:29:45,839 [EventQueue-PipelineActionsForPipelineActionHandler] INFO  pipeline.SCMPipelineManager (SCMPipelineManager.java:finalizeAndDestroyPipeline(311)) - destroying pipeline:Pipeline[ Id: 956661f3-60ec-4db1-ba7e-3e8e6cbd8592, Nodes: e2538fa5-58a8-4aba-9576-486ea31efcb2{ip: 192.168.5.171, host: pr-hdds-2007-n4wwz-4249666578, networkLocation: /default-rack, certSerialId: null}c26651e2-a96c-4010-919f-87a827874a5b{ip: 192.168.5.171, host: pr-hdds-2007-n4wwz-4249666578, networkLocation: /default-rack, certSerialId: null}a3deabaa-6f33-4549-9afe-d811f1beb6dc{ip: 192.168.5.171, host: pr-hdds-2007-n4wwz-4249666578, networkLocation: /default-rack, certSerialId: null}, Type:RATIS, Factor:THREE, State:CLOSED]
2019-09-12 14:29:47,345 [org.apache.ratis.server.impl.LogAppender$AppenderDaemon$$Lambda$489/854952238@325cd00c] ERROR ratis.XceiverServerRatis (XceiverServerRatis.java:triggerPipelineClose(568)) - pipeline Action CLOSE  on pipeline PipelineID=956661f3-60ec-4db1-ba7e-3e8e6cbd8592.Reason : e2538fa5-58a8-4aba-9576-486ea31efcb2 has not seen follower/s a3deabaa-6f33-4549-9afe-d811f1beb6dc for 134890ms c26651e2-a96c-4010-919f-87a827874a5b for 134886ms
2019-09-12 14:29:47,345 [org.apache.ratis.server.impl.LogAppender$AppenderDaemon$$Lambda$489/854952238@56954f24] ERROR ratis.XceiverServerRatis (XceiverServerRatis.java:triggerPipelineClose(568)) - pipeline Action CLOSE  on pipeline PipelineID=956661f3-60ec-4db1-ba7e-3e8e6cbd8592.Reason : e2538fa5-58a8-4aba-9576-486ea31efcb2 has not seen follower/s a3deabaa-6f33-4549-9afe-d811f1beb6dc for 134890ms c26651e2-a96c-4010-919f-87a827874a5b for 134886ms
2019-09-12 14:29:47,840 [EventQueue-PipelineActionsForPipelineActionHandler] ERROR pipeline.PipelineActionHandler (PipelineActionHandler.java:onMessage(60)) - Received pipeline action CLOSE for Pipeline[ Id: 956661f3-60ec-4db1-ba7e-3e8e6cbd8592, Nodes: e2538fa5-58a8-4aba-9576-486ea31efcb2{ip: 192.168.5.171, host: pr-hdds-2007-n4wwz-4249666578, networkLocation: /default-rack, certSerialId: null}c26651e2-a96c-4010-919f-87a827874a5b{ip: 192.168.5.171, host: pr-hdds-2007-n4wwz-4249666578, networkLocation: /default-rack, certSerialId: null}a3deabaa-6f33-4549-9afe-d811f1beb6dc{ip: 192.168.5.171, host: pr-hdds-2007-n4wwz-4249666578, networkLocation: /default-rack, certSerialId: null}, Type:RATIS, Factor:THREE, State:CLOSED] from datanode e2538fa5-58a8-4aba-9576-486ea31efcb2{ip: 192.168.5.171, host: pr-hdds-2007-n4wwz-4249666578, networkLocation: /default-rack, certSerialId: null}. Reason : e2538fa5-58a8-4aba-9576-486ea31efcb2 has not seen follower/s a3deabaa-6f33-4549-9afe-d811f1beb6dc for 134890ms c26651e2-a96c-4010-919f-87a827874a5b for 134886ms
2019-09-12 14:29:47,840 [EventQueue-PipelineActionsForPipelineActionHandler] INFO  pipeline.SCMPipelineManager (SCMPipelineManager.java:finalizeAndDestroyPipeline(311)) - destroying pipeline:Pipeline[ Id: 956661f3-60ec-4db1-ba7e-3e8e6cbd8592, Nodes: e2538fa5-58a8-4aba-9576-486ea31efcb2{ip: 192.168.5.171, host: pr-hdds-2007-n4wwz-4249666578, networkLocation: /default-rack, certSerialId: null}c26651e2-a96c-4010-919f-87a827874a5b{ip: 192.168.5.171, host: pr-hdds-2007-n4wwz-4249666578, networkLocation: /default-rack, certSerialId: null}a3deabaa-6f33-4549-9afe-d811f1beb6dc{ip: 192.168.5.171, host: pr-hdds-2007-n4wwz-4249666578, networkLocation: /default-rack, certSerialId: null}, Type:RATIS, Factor:THREE, State:CLOSED]
2019-09-12 14:29:47,844 [java.util.concurrent.ThreadPoolExecutor$Worker@4f438dcf[State = -1, empty queue]] WARN  server.GrpcLogAppender (GrpcLogAppender.java:timeoutAppendRequest(200)) - e2538fa5-58a8-4aba-9576-486ea31efcb2@group-3E8E6CBD8592->a3deabaa-6f33-4549-9afe-d811f1beb6dc-GrpcLogAppender: appendEntries Timeout, request=e2538fa5-58a8-4aba-9576-486ea31efcb2->a3deabaa-6f33-4549-9afe-d811f1beb6dc#66-t1, previous=(t:1, i:13), leaderCommit=6, initializing? false, entries: <empty>
2019-09-12 14:29:47,844 [java.util.concurrent.ThreadPoolExecutor$Worker@44ea9f2[State = -1, empty queue]] WARN  server.GrpcLogAppender (GrpcLogAppender.java:timeoutAppendRequest(200)) - e2538fa5-58a8-4aba-9576-486ea31efcb2@group-3E8E6CBD8592->c26651e2-a96c-4010-919f-87a827874a5b-GrpcLogAppender: appendEntries Timeout, request=e2538fa5-58a8-4aba-9576-486ea31efcb2->c26651e2-a96c-4010-919f-87a827874a5b#66-t1, previous=(t:1, i:13), leaderCommit=6, initializing? false, entries: <empty>
2019-09-12 14:29:48,915 [grpc-default-executor-5] INFO  client.GrpcClientProtocolClient (GrpcClientProtocolClient.java:onNext(264)) - client-35FAC708AFA2->c26651e2-a96c-4010-919f-87a827874a5b: receive RaftClientReply:client-35FAC708AFA2->c26651e2-a96c-4010-919f-87a827874a5b@group-3E8E6CBD8592, cid=44, FAILED org.apache.ratis.protocol.NotLeaderException: Server c26651e2-a96c-4010-919f-87a827874a5b@group-3E8E6CBD8592 is not the leader e2538fa5-58a8-4aba-9576-486ea31efcb2:192.168.5.171:42589, logIndex=0, commits[c26651e2-a96c-4010-919f-87a827874a5b:c6, e2538fa5-58a8-4aba-9576-486ea31efcb2:c6, a3deabaa-6f33-4549-9afe-d811f1beb6dc:c4]
2019-09-12 14:29:49,846 [org.apache.ratis.server.impl.LogAppender$AppenderDaemon$$Lambda$489/854952238@56954f24] ERROR ratis.XceiverServerRatis (XceiverServerRatis.java:triggerPipelineClose(568)) - pipeline Action CLOSE  on pipeline PipelineID=956661f3-60ec-4db1-ba7e-3e8e6cbd8592.Reason : e2538fa5-58a8-4aba-9576-486ea31efcb2 has not seen follower/s a3deabaa-6f33-4549-9afe-d811f1beb6dc for 137391ms c26651e2-a96c-4010-919f-87a827874a5b for 137387ms
2019-09-12 14:29:49,846 [org.apache.ratis.server.impl.LogAppender$AppenderDaemon$$Lambda$489/854952238@325cd00c] ERROR ratis.XceiverServerRatis (XceiverServerRatis.java:triggerPipelineClose(568)) - pipeline Action CLOSE  on pipeline PipelineID=956661f3-60ec-4db1-ba7e-3e8e6cbd8592.Reason : e2538fa5-58a8-4aba-9576-486ea31efcb2 has not seen follower/s a3deabaa-6f33-4549-9afe-d811f1beb6dc for 137391ms c26651e2-a96c-4010-919f-87a827874a5b for 137387ms
2019-09-12 14:29:50,345 [java.util.concurrent.ThreadPoolExecutor$Worker@44ea9f2[State = -1, empty queue]] WARN  server.GrpcLogAppender (GrpcLogAppender.java:timeoutAppendRequest(200)) - e2538fa5-58a8-4aba-9576-486ea31efcb2@group-3E8E6CBD8592->c26651e2-a96c-4010-919f-87a827874a5b-GrpcLogAppender: appendEntries Timeout, request=e2538fa5-58a8-4aba-9576-486ea31efcb2->c26651e2-a96c-4010-919f-87a827874a5b#67-t1, previous=(t:1, i:13), leaderCommit=6, initializing? false, entries: <empty>
2019-09-12 14:29:50,345 [java.util.concurrent.ThreadPoolExecutor$Worker@4f438dcf[State = -1, empty queue]] WARN  server.GrpcLogAppender (GrpcLogAppender.java:timeoutAppendRequest(200)) - e2538fa5-58a8-4aba-9576-486ea31efcb2@group-3E8E6CBD8592->a3deabaa-6f33-4549-9afe-d811f1beb6dc-GrpcLogAppender: appendEntries Timeout, request=e2538fa5-58a8-4aba-9576-486ea31efcb2->a3deabaa-6f33-4549-9afe-d811f1beb6dc#67-t1, previous=(t:1, i:13), leaderCommit=6, initializing? false, entries: <empty>
2019-09-12 14:29:50,840 [EventQueue-PipelineActionsForPipelineActionHandler] ERROR pipeline.PipelineActionHandler (PipelineActionHandler.java:onMessage(60)) - Received pipeline action CLOSE for Pipeline[ Id: 956661f3-60ec-4db1-ba7e-3e8e6cbd8592, Nodes: e2538fa5-58a8-4aba-9576-486ea31efcb2{ip: 192.168.5.171, host: pr-hdds-2007-n4wwz-4249666578, networkLocation: /default-rack, certSerialId: null}c26651e2-a96c-4010-919f-87a827874a5b{ip: 192.168.5.171, host: pr-hdds-2007-n4wwz-4249666578, networkLocation: /default-rack, certSerialId: null}a3deabaa-6f33-4549-9afe-d811f1beb6dc{ip: 192.168.5.171, host: pr-hdds-2007-n4wwz-4249666578, networkLocation: /default-rack, certSerialId: null}, Type:RATIS, Factor:THREE, State:CLOSED] from datanode e2538fa5-58a8-4aba-9576-486ea31efcb2{ip: 192.168.5.171, host: pr-hdds-2007-n4wwz-4249666578, networkLocation: /default-rack, certSerialId: null}. Reason : e2538fa5-58a8-4aba-9576-486ea31efcb2 has not seen follower/s a3deabaa-6f33-4549-9afe-d811f1beb6dc for 137391ms c26651e2-a96c-4010-919f-87a827874a5b for 137387ms
2019-09-12 14:29:50,841 [EventQueue-PipelineActionsForPipelineActionHandler] INFO  pipeline.SCMPipelineManager (SCMPipelineManager.java:finalizeAndDestroyPipeline(311)) - destroying pipeline:Pipeline[ Id: 956661f3-60ec-4db1-ba7e-3e8e6cbd8592, Nodes: e2538fa5-58a8-4aba-9576-486ea31efcb2{ip: 192.168.5.171, host: pr-hdds-2007-n4wwz-4249666578, networkLocation: /default-rack, certSerialId: null}c26651e2-a96c-4010-919f-87a827874a5b{ip: 192.168.5.171, host: pr-hdds-2007-n4wwz-4249666578, networkLocation: /default-rack, certSerialId: null}a3deabaa-6f33-4549-9afe-d811f1beb6dc{ip: 192.168.5.171, host: pr-hdds-2007-n4wwz-4249666578, networkLocation: /default-rack, certSerialId: null}, Type:RATIS, Factor:THREE, State:CLOSED]
2019-09-12 14:29:52,347 [org.apache.ratis.server.impl.LogAppender$AppenderDaemon$$Lambda$489/854952238@56954f24] ERROR ratis.XceiverServerRatis (XceiverServerRatis.java:triggerPipelineClose(568)) - pipeline Action CLOSE  on pipeline PipelineID=956661f3-60ec-4db1-ba7e-3e8e6cbd8592.Reason : e2538fa5-58a8-4aba-9576-486ea31efcb2 has not seen follower/s a3deabaa-6f33-4549-9afe-d811f1beb6dc for 139892ms c26651e2-a96c-4010-919f-87a827874a5b for 139889ms
2019-09-12 14:29:52,347 [org.apache.ratis.server.impl.LogAppender$AppenderDaemon$$Lambda$489/854952238@325cd00c] ERROR ratis.XceiverServerRatis (XceiverServerRatis.java:triggerPipelineClose(568)) - pipeline Action CLOSE  on pipeline PipelineID=956661f3-60ec-4db1-ba7e-3e8e6cbd8592.Reason : e2538fa5-58a8-4aba-9576-486ea31efcb2 has not seen follower/s a3deabaa-6f33-4549-9afe-d811f1beb6dc for 139892ms c26651e2-a96c-4010-919f-87a827874a5b for 139889ms
2019-09-12 14:29:52,621 [a3deabaa-6f33-4549-9afe-d811f1beb6dc@group-3E8E6CBD8592-SegmentedRaftLogWorker] WARN  segmented.SegmentedRaftLogWorker (SegmentedRaftLogWorker.java:getFromFuture(90)) - Timeout 13/~
org.apache.ratis.protocol.TimeoutIOException: Timeout 10s: WriteLog:7: (t:1, i:7), STATEMACHINELOGENTRY, client-35FAC708AFA2, cid=44-writeStateMachineData
	at org.apache.ratis.util.IOUtils.getFromFuture(IOUtils.java:87)
	at org.apache.ratis.server.raftlog.segmented.SegmentedRaftLogWorker$StateMachineDataPolicy.getFromFuture(SegmentedRaftLogWorker.java:87)
	at org.apache.ratis.server.raftlog.segmented.SegmentedRaftLogWorker$WriteLog.execute(SegmentedRaftLogWorker.java:477)
	at org.apache.ratis.server.raftlog.segmented.SegmentedRaftLogWorker.run(SegmentedRaftLogWorker.java:289)
	at java.lang.Thread.run(Thread.java:748)
Caused by: java.util.concurrent.TimeoutException
	at java.util.concurrent.CompletableFuture.timedGet(CompletableFuture.java:1771)
	at java.util.concurrent.CompletableFuture.get(CompletableFuture.java:1915)
	at org.apache.ratis.util.IOUtils.getFromFuture(IOUtils.java:79)
	... 4 more
2019-09-12 14:29:52,638 [c26651e2-a96c-4010-919f-87a827874a5b@group-3E8E6CBD8592-SegmentedRaftLogWorker] WARN  segmented.SegmentedRaftLogWorker (SegmentedRaftLogWorker.java:getFromFuture(90)) - Timeout 13/~
org.apache.ratis.protocol.TimeoutIOException: Timeout 10s: WriteLog:7: (t:1, i:7), STATEMACHINELOGENTRY, client-35FAC708AFA2, cid=44-writeStateMachineData
	at org.apache.ratis.util.IOUtils.getFromFuture(IOUtils.java:87)
	at org.apache.ratis.server.raftlog.segmented.SegmentedRaftLogWorker$StateMachineDataPolicy.getFromFuture(SegmentedRaftLogWorker.java:87)
	at org.apache.ratis.server.raftlog.segmented.SegmentedRaftLogWorker$WriteLog.execute(SegmentedRaftLogWorker.java:477)
	at org.apache.ratis.server.raftlog.segmented.SegmentedRaftLogWorker.run(SegmentedRaftLogWorker.java:289)
	at java.lang.Thread.run(Thread.java:748)
Caused by: java.util.concurrent.TimeoutException
	at java.util.concurrent.CompletableFuture.timedGet(CompletableFuture.java:1771)
	at java.util.concurrent.CompletableFuture.get(CompletableFuture.java:1915)
	at org.apache.ratis.util.IOUtils.getFromFuture(IOUtils.java:79)
	... 4 more
2019-09-12 14:29:52,757 [e2538fa5-58a8-4aba-9576-486ea31efcb2@group-3E8E6CBD8592-SegmentedRaftLogWorker] WARN  segmented.SegmentedRaftLogWorker (SegmentedRaftLogWorker.java:getFromFuture(90)) - Timeout 13/~
org.apache.ratis.protocol.TimeoutIOException: Timeout 10s: WriteLog:8: (t:1, i:8), STATEMACHINELOGENTRY, client-35FAC708AFA2, cid=45-writeStateMachineData
	at org.apache.ratis.util.IOUtils.getFromFuture(IOUtils.java:87)
	at org.apache.ratis.server.raftlog.segmented.SegmentedRaftLogWorker$StateMachineDataPolicy.getFromFuture(SegmentedRaftLogWorker.java:87)
	at org.apache.ratis.server.raftlog.segmented.SegmentedRaftLogWorker$WriteLog.execute(SegmentedRaftLogWorker.java:477)
	at org.apache.ratis.server.raftlog.segmented.SegmentedRaftLogWorker.run(SegmentedRaftLogWorker.java:289)
	at java.lang.Thread.run(Thread.java:748)
Caused by: java.util.concurrent.TimeoutException
	at java.util.concurrent.CompletableFuture.timedGet(CompletableFuture.java:1771)
	at java.util.concurrent.CompletableFuture.get(CompletableFuture.java:1915)
	at org.apache.ratis.util.IOUtils.getFromFuture(IOUtils.java:79)
	... 4 more
2019-09-12 14:29:52,841 [EventQueue-PipelineActionsForPipelineActionHandler] ERROR pipeline.PipelineActionHandler (PipelineActionHandler.java:onMessage(60)) - Received pipeline action CLOSE for Pipeline[ Id: 956661f3-60ec-4db1-ba7e-3e8e6cbd8592, Nodes: e2538fa5-58a8-4aba-9576-486ea31efcb2{ip: 192.168.5.171, host: pr-hdds-2007-n4wwz-4249666578, networkLocation: /default-rack, certSerialId: null}c26651e2-a96c-4010-919f-87a827874a5b{ip: 192.168.5.171, host: pr-hdds-2007-n4wwz-4249666578, networkLocation: /default-rack, certSerialId: null}a3deabaa-6f33-4549-9afe-d811f1beb6dc{ip: 192.168.5.171, host: pr-hdds-2007-n4wwz-4249666578, networkLocation: /default-rack, certSerialId: null}, Type:RATIS, Factor:THREE, State:CLOSED] from datanode e2538fa5-58a8-4aba-9576-486ea31efcb2{ip: 192.168.5.171, host: pr-hdds-2007-n4wwz-4249666578, networkLocation: /default-rack, certSerialId: null}. Reason : e2538fa5-58a8-4aba-9576-486ea31efcb2 has not seen follower/s a3deabaa-6f33-4549-9afe-d811f1beb6dc for 139892ms c26651e2-a96c-4010-919f-87a827874a5b for 139889ms
2019-09-12 14:29:52,841 [EventQueue-PipelineActionsForPipelineActionHandler] INFO  pipeline.SCMPipelineManager (SCMPipelineManager.java:finalizeAndDestroyPipeline(311)) - destroying pipeline:Pipeline[ Id: 956661f3-60ec-4db1-ba7e-3e8e6cbd8592, Nodes: e2538fa5-58a8-4aba-9576-486ea31efcb2{ip: 192.168.5.171, host: pr-hdds-2007-n4wwz-4249666578, networkLocation: /default-rack, certSerialId: null}c26651e2-a96c-4010-919f-87a827874a5b{ip: 192.168.5.171, host: pr-hdds-2007-n4wwz-4249666578, networkLocation: /default-rack, certSerialId: null}a3deabaa-6f33-4549-9afe-d811f1beb6dc{ip: 192.168.5.171, host: pr-hdds-2007-n4wwz-4249666578, networkLocation: /default-rack, certSerialId: null}, Type:RATIS, Factor:THREE, State:CLOSED]
2019-09-12 14:29:52,846 [java.util.concurrent.ThreadPoolExecutor$Worker@4f438dcf[State = -1, empty queue]] WARN  server.GrpcLogAppender (GrpcLogAppender.java:timeoutAppendRequest(200)) - e2538fa5-58a8-4aba-9576-486ea31efcb2@group-3E8E6CBD8592->a3deabaa-6f33-4549-9afe-d811f1beb6dc-GrpcLogAppender: appendEntries Timeout, request=e2538fa5-58a8-4aba-9576-486ea31efcb2->a3deabaa-6f33-4549-9afe-d811f1beb6dc#68-t1, previous=(t:1, i:13), leaderCommit=6, initializing? false, entries: <empty>
2019-09-12 14:29:52,846 [java.util.concurrent.ThreadPoolExecutor$Worker@44ea9f2[State = -1, empty queue]] WARN  server.GrpcLogAppender (GrpcLogAppender.java:timeoutAppendRequest(200)) - e2538fa5-58a8-4aba-9576-486ea31efcb2@group-3E8E6CBD8592->c26651e2-a96c-4010-919f-87a827874a5b-GrpcLogAppender: appendEntries Timeout, request=e2538fa5-58a8-4aba-9576-486ea31efcb2->c26651e2-a96c-4010-919f-87a827874a5b#68-t1, previous=(t:1, i:13), leaderCommit=6, initializing? false, entries: <empty>
2019-09-12 14:29:53,994 [grpc-default-executor-5] INFO  client.GrpcClientProtocolClient (GrpcClientProtocolClient.java:onNext(264)) - client-35FAC708AFA2->c26651e2-a96c-4010-919f-87a827874a5b: receive RaftClientReply:client-35FAC708AFA2->c26651e2-a96c-4010-919f-87a827874a5b@group-3E8E6CBD8592, cid=44, FAILED org.apache.ratis.protocol.NotLeaderException: Server c26651e2-a96c-4010-919f-87a827874a5b@group-3E8E6CBD8592 is not the leader e2538fa5-58a8-4aba-9576-486ea31efcb2:192.168.5.171:42589, logIndex=0, commits[c26651e2-a96c-4010-919f-87a827874a5b:c6, e2538fa5-58a8-4aba-9576-486ea31efcb2:c6, a3deabaa-6f33-4549-9afe-d811f1beb6dc:c4]
2019-09-12 14:29:54,848 [org.apache.ratis.server.impl.LogAppender$AppenderDaemon$$Lambda$489/854952238@56954f24] ERROR ratis.XceiverServerRatis (XceiverServerRatis.java:triggerPipelineClose(568)) - pipeline Action CLOSE  on pipeline PipelineID=956661f3-60ec-4db1-ba7e-3e8e6cbd8592.Reason : e2538fa5-58a8-4aba-9576-486ea31efcb2 has not seen follower/s a3deabaa-6f33-4549-9afe-d811f1beb6dc for 142393ms c26651e2-a96c-4010-919f-87a827874a5b for 142390ms
2019-09-12 14:29:54,848 [org.apache.ratis.server.impl.LogAppender$AppenderDaemon$$Lambda$489/854952238@325cd00c] ERROR ratis.XceiverServerRatis (XceiverServerRatis.java:triggerPipelineClose(568)) - pipeline Action CLOSE  on pipeline PipelineID=956661f3-60ec-4db1-ba7e-3e8e6cbd8592.Reason : e2538fa5-58a8-4aba-9576-486ea31efcb2 has not seen follower/s a3deabaa-6f33-4549-9afe-d811f1beb6dc for 142393ms c26651e2-a96c-4010-919f-87a827874a5b for 142390ms
2019-09-12 14:29:55,347 [java.util.concurrent.ThreadPoolExecutor$Worker@44ea9f2[State = -1, empty queue]] WARN  server.GrpcLogAppender (GrpcLogAppender.java:timeoutAppendRequest(200)) - e2538fa5-58a8-4aba-9576-486ea31efcb2@group-3E8E6CBD8592->c26651e2-a96c-4010-919f-87a827874a5b-GrpcLogAppender: appendEntries Timeout, request=e2538fa5-58a8-4aba-9576-486ea31efcb2->c26651e2-a96c-4010-919f-87a827874a5b#69-t1, previous=(t:1, i:13), leaderCommit=6, initializing? false, entries: <empty>
2019-09-12 14:29:55,347 [java.util.concurrent.ThreadPoolExecutor$Worker@4f438dcf[State = -1, empty queue]] WARN  server.GrpcLogAppender (GrpcLogAppender.java:timeoutAppendRequest(200)) - e2538fa5-58a8-4aba-9576-486ea31efcb2@group-3E8E6CBD8592->a3deabaa-6f33-4549-9afe-d811f1beb6dc-GrpcLogAppender: appendEntries Timeout, request=e2538fa5-58a8-4aba-9576-486ea31efcb2->a3deabaa-6f33-4549-9afe-d811f1beb6dc#69-t1, previous=(t:1, i:13), leaderCommit=6, initializing? false, entries: <empty>
2019-09-12 14:29:55,841 [EventQueue-PipelineActionsForPipelineActionHandler] ERROR pipeline.PipelineActionHandler (PipelineActionHandler.java:onMessage(60)) - Received pipeline action CLOSE for Pipeline[ Id: 956661f3-60ec-4db1-ba7e-3e8e6cbd8592, Nodes: e2538fa5-58a8-4aba-9576-486ea31efcb2{ip: 192.168.5.171, host: pr-hdds-2007-n4wwz-4249666578, networkLocation: /default-rack, certSerialId: null}c26651e2-a96c-4010-919f-87a827874a5b{ip: 192.168.5.171, host: pr-hdds-2007-n4wwz-4249666578, networkLocation: /default-rack, certSerialId: null}a3deabaa-6f33-4549-9afe-d811f1beb6dc{ip: 192.168.5.171, host: pr-hdds-2007-n4wwz-4249666578, networkLocation: /default-rack, certSerialId: null}, Type:RATIS, Factor:THREE, State:CLOSED] from datanode e2538fa5-58a8-4aba-9576-486ea31efcb2{ip: 192.168.5.171, host: pr-hdds-2007-n4wwz-4249666578, networkLocation: /default-rack, certSerialId: null}. Reason : e2538fa5-58a8-4aba-9576-486ea31efcb2 has not seen follower/s a3deabaa-6f33-4549-9afe-d811f1beb6dc for 142393ms c26651e2-a96c-4010-919f-87a827874a5b for 142390ms
2019-09-12 14:29:55,842 [EventQueue-PipelineActionsForPipelineActionHandler] INFO  pipeline.SCMPipelineManager (SCMPipelineManager.java:finalizeAndDestroyPipeline(311)) - destroying pipeline:Pipeline[ Id: 956661f3-60ec-4db1-ba7e-3e8e6cbd8592, Nodes: e2538fa5-58a8-4aba-9576-486ea31efcb2{ip: 192.168.5.171, host: pr-hdds-2007-n4wwz-4249666578, networkLocation: /default-rack, certSerialId: null}c26651e2-a96c-4010-919f-87a827874a5b{ip: 192.168.5.171, host: pr-hdds-2007-n4wwz-4249666578, networkLocation: /default-rack, certSerialId: null}a3deabaa-6f33-4549-9afe-d811f1beb6dc{ip: 192.168.5.171, host: pr-hdds-2007-n4wwz-4249666578, networkLocation: /default-rack, certSerialId: null}, Type:RATIS, Factor:THREE, State:CLOSED]
2019-09-12 14:29:57,349 [org.apache.ratis.server.impl.LogAppender$AppenderDaemon$$Lambda$489/854952238@325cd00c] ERROR ratis.XceiverServerRatis (XceiverServerRatis.java:triggerPipelineClose(568)) - pipeline Action CLOSE  on pipeline PipelineID=956661f3-60ec-4db1-ba7e-3e8e6cbd8592.Reason : e2538fa5-58a8-4aba-9576-486ea31efcb2 has not seen follower/s a3deabaa-6f33-4549-9afe-d811f1beb6dc for 144893ms c26651e2-a96c-4010-919f-87a827874a5b for 144890ms
2019-09-12 14:29:57,349 [org.apache.ratis.server.impl.LogAppender$AppenderDaemon$$Lambda$489/854952238@56954f24] ERROR ratis.XceiverServerRatis (XceiverServerRatis.java:triggerPipelineClose(568)) - pipeline Action CLOSE  on pipeline PipelineID=956661f3-60ec-4db1-ba7e-3e8e6cbd8592.Reason : e2538fa5-58a8-4aba-9576-486ea31efcb2 has not seen follower/s a3deabaa-6f33-4549-9afe-d811f1beb6dc for 144893ms c26651e2-a96c-4010-919f-87a827874a5b for 144890ms
2019-09-12 14:29:57,841 [EventQueue-PipelineActionsForPipelineActionHandler] ERROR pipeline.PipelineActionHandler (PipelineActionHandler.java:onMessage(60)) - Received pipeline action CLOSE for Pipeline[ Id: 956661f3-60ec-4db1-ba7e-3e8e6cbd8592, Nodes: e2538fa5-58a8-4aba-9576-486ea31efcb2{ip: 192.168.5.171, host: pr-hdds-2007-n4wwz-4249666578, networkLocation: /default-rack, certSerialId: null}c26651e2-a96c-4010-919f-87a827874a5b{ip: 192.168.5.171, host: pr-hdds-2007-n4wwz-4249666578, networkLocation: /default-rack, certSerialId: null}a3deabaa-6f33-4549-9afe-d811f1beb6dc{ip: 192.168.5.171, host: pr-hdds-2007-n4wwz-4249666578, networkLocation: /default-rack, certSerialId: null}, Type:RATIS, Factor:THREE, State:CLOSED] from datanode e2538fa5-58a8-4aba-9576-486ea31efcb2{ip: 192.168.5.171, host: pr-hdds-2007-n4wwz-4249666578, networkLocation: /default-rack, certSerialId: null}. Reason : e2538fa5-58a8-4aba-9576-486ea31efcb2 has not seen follower/s a3deabaa-6f33-4549-9afe-d811f1beb6dc for 144893ms c26651e2-a96c-4010-919f-87a827874a5b for 144890ms
2019-09-12 14:29:57,841 [EventQueue-PipelineActionsForPipelineActionHandler] INFO  pipeline.SCMPipelineManager (SCMPipelineManager.java:finalizeAndDestroyPipeline(311)) - destroying pipeline:Pipeline[ Id: 956661f3-60ec-4db1-ba7e-3e8e6cbd8592, Nodes: e2538fa5-58a8-4aba-9576-486ea31efcb2{ip: 192.168.5.171, host: pr-hdds-2007-n4wwz-4249666578, networkLocation: /default-rack, certSerialId: null}c26651e2-a96c-4010-919f-87a827874a5b{ip: 192.168.5.171, host: pr-hdds-2007-n4wwz-4249666578, networkLocation: /default-rack, certSerialId: null}a3deabaa-6f33-4549-9afe-d811f1beb6dc{ip: 192.168.5.171, host: pr-hdds-2007-n4wwz-4249666578, networkLocation: /default-rack, certSerialId: null}, Type:RATIS, Factor:THREE, State:CLOSED]
2019-09-12 14:29:57,848 [java.util.concurrent.ThreadPoolExecutor$Worker@4f438dcf[State = -1, empty queue]] WARN  server.GrpcLogAppender (GrpcLogAppender.java:timeoutAppendRequest(200)) - e2538fa5-58a8-4aba-9576-486ea31efcb2@group-3E8E6CBD8592->a3deabaa-6f33-4549-9afe-d811f1beb6dc-GrpcLogAppender: appendEntries Timeout, request=e2538fa5-58a8-4aba-9576-486ea31efcb2->a3deabaa-6f33-4549-9afe-d811f1beb6dc#70-t1, previous=(t:1, i:13), leaderCommit=6, initializing? false, entries: <empty>
2019-09-12 14:29:57,848 [java.util.concurrent.ThreadPoolExecutor$Worker@44ea9f2[State = -1, empty queue]] WARN  server.GrpcLogAppender (GrpcLogAppender.java:timeoutAppendRequest(200)) - e2538fa5-58a8-4aba-9576-486ea31efcb2@group-3E8E6CBD8592->c26651e2-a96c-4010-919f-87a827874a5b-GrpcLogAppender: appendEntries Timeout, request=e2538fa5-58a8-4aba-9576-486ea31efcb2->c26651e2-a96c-4010-919f-87a827874a5b#70-t1, previous=(t:1, i:13), leaderCommit=6, initializing? false, entries: <empty>
2019-09-12 14:29:59,052 [grpc-default-executor-5] INFO  client.GrpcClientProtocolClient (GrpcClientProtocolClient.java:onNext(264)) - client-35FAC708AFA2->c26651e2-a96c-4010-919f-87a827874a5b: receive RaftClientReply:client-35FAC708AFA2->c26651e2-a96c-4010-919f-87a827874a5b@group-3E8E6CBD8592, cid=44, FAILED org.apache.ratis.protocol.NotLeaderException: Server c26651e2-a96c-4010-919f-87a827874a5b@group-3E8E6CBD8592 is not the leader e2538fa5-58a8-4aba-9576-486ea31efcb2:192.168.5.171:42589, logIndex=0, commits[c26651e2-a96c-4010-919f-87a827874a5b:c6, e2538fa5-58a8-4aba-9576-486ea31efcb2:c6, a3deabaa-6f33-4549-9afe-d811f1beb6dc:c4]
2019-09-12 14:29:59,850 [org.apache.ratis.server.impl.LogAppender$AppenderDaemon$$Lambda$489/854952238@325cd00c] ERROR ratis.XceiverServerRatis (XceiverServerRatis.java:triggerPipelineClose(568)) - pipeline Action CLOSE  on pipeline PipelineID=956661f3-60ec-4db1-ba7e-3e8e6cbd8592.Reason : e2538fa5-58a8-4aba-9576-486ea31efcb2 has not seen follower/s a3deabaa-6f33-4549-9afe-d811f1beb6dc for 147394ms c26651e2-a96c-4010-919f-87a827874a5b for 147391ms
2019-09-12 14:29:59,850 [org.apache.ratis.server.impl.LogAppender$AppenderDaemon$$Lambda$489/854952238@56954f24] ERROR ratis.XceiverServerRatis (XceiverServerRatis.java:triggerPipelineClose(568)) - pipeline Action CLOSE  on pipeline PipelineID=956661f3-60ec-4db1-ba7e-3e8e6cbd8592.Reason : e2538fa5-58a8-4aba-9576-486ea31efcb2 has not seen follower/s a3deabaa-6f33-4549-9afe-d811f1beb6dc for 147394ms c26651e2-a96c-4010-919f-87a827874a5b for 147391ms
2019-09-12 14:30:00,348 [java.util.concurrent.ThreadPoolExecutor$Worker@4f438dcf[State = -1, empty queue]] WARN  server.GrpcLogAppender (GrpcLogAppender.java:timeoutAppendRequest(200)) - e2538fa5-58a8-4aba-9576-486ea31efcb2@group-3E8E6CBD8592->a3deabaa-6f33-4549-9afe-d811f1beb6dc-GrpcLogAppender: appendEntries Timeout, request=e2538fa5-58a8-4aba-9576-486ea31efcb2->a3deabaa-6f33-4549-9afe-d811f1beb6dc#71-t1, previous=(t:1, i:13), leaderCommit=6, initializing? false, entries: <empty>
2019-09-12 14:30:00,348 [java.util.concurrent.ThreadPoolExecutor$Worker@44ea9f2[State = -1, empty queue]] WARN  server.GrpcLogAppender (GrpcLogAppender.java:timeoutAppendRequest(200)) - e2538fa5-58a8-4aba-9576-486ea31efcb2@group-3E8E6CBD8592->c26651e2-a96c-4010-919f-87a827874a5b-GrpcLogAppender: appendEntries Timeout, request=e2538fa5-58a8-4aba-9576-486ea31efcb2->c26651e2-a96c-4010-919f-87a827874a5b#71-t1, previous=(t:1, i:13), leaderCommit=6, initializing? false, entries: <empty>
2019-09-12 14:30:00,842 [EventQueue-PipelineActionsForPipelineActionHandler] ERROR pipeline.PipelineActionHandler (PipelineActionHandler.java:onMessage(60)) - Received pipeline action CLOSE for Pipeline[ Id: 956661f3-60ec-4db1-ba7e-3e8e6cbd8592, Nodes: e2538fa5-58a8-4aba-9576-486ea31efcb2{ip: 192.168.5.171, host: pr-hdds-2007-n4wwz-4249666578, networkLocation: /default-rack, certSerialId: null}c26651e2-a96c-4010-919f-87a827874a5b{ip: 192.168.5.171, host: pr-hdds-2007-n4wwz-4249666578, networkLocation: /default-rack, certSerialId: null}a3deabaa-6f33-4549-9afe-d811f1beb6dc{ip: 192.168.5.171, host: pr-hdds-2007-n4wwz-4249666578, networkLocation: /default-rack, certSerialId: null}, Type:RATIS, Factor:THREE, State:CLOSED] from datanode e2538fa5-58a8-4aba-9576-486ea31efcb2{ip: 192.168.5.171, host: pr-hdds-2007-n4wwz-4249666578, networkLocation: /default-rack, certSerialId: null}. Reason : e2538fa5-58a8-4aba-9576-486ea31efcb2 has not seen follower/s a3deabaa-6f33-4549-9afe-d811f1beb6dc for 147394ms c26651e2-a96c-4010-919f-87a827874a5b for 147391ms
2019-09-12 14:30:00,842 [EventQueue-PipelineActionsForPipelineActionHandler] INFO  pipeline.SCMPipelineManager (SCMPipelineManager.java:finalizeAndDestroyPipeline(311)) - destroying pipeline:Pipeline[ Id: 956661f3-60ec-4db1-ba7e-3e8e6cbd8592, Nodes: e2538fa5-58a8-4aba-9576-486ea31efcb2{ip: 192.168.5.171, host: pr-hdds-2007-n4wwz-4249666578, networkLocation: /default-rack, certSerialId: null}c26651e2-a96c-4010-919f-87a827874a5b{ip: 192.168.5.171, host: pr-hdds-2007-n4wwz-4249666578, networkLocation: /default-rack, certSerialId: null}a3deabaa-6f33-4549-9afe-d811f1beb6dc{ip: 192.168.5.171, host: pr-hdds-2007-n4wwz-4249666578, networkLocation: /default-rack, certSerialId: null}, Type:RATIS, Factor:THREE, State:CLOSED]
2019-09-12 14:30:02,350 [org.apache.ratis.server.impl.LogAppender$AppenderDaemon$$Lambda$489/854952238@56954f24] ERROR ratis.XceiverServerRatis (XceiverServerRatis.java:triggerPipelineClose(568)) - pipeline Action CLOSE  on pipeline PipelineID=956661f3-60ec-4db1-ba7e-3e8e6cbd8592.Reason : e2538fa5-58a8-4aba-9576-486ea31efcb2 has not seen follower/s a3deabaa-6f33-4549-9afe-d811f1beb6dc for 149895ms c26651e2-a96c-4010-919f-87a827874a5b for 149892ms
2019-09-12 14:30:02,350 [org.apache.ratis.server.impl.LogAppender$AppenderDaemon$$Lambda$489/854952238@325cd00c] ERROR ratis.XceiverServerRatis (XceiverServerRatis.java:triggerPipelineClose(568)) - pipeline Action CLOSE  on pipeline PipelineID=956661f3-60ec-4db1-ba7e-3e8e6cbd8592.Reason : e2538fa5-58a8-4aba-9576-486ea31efcb2 has not seen follower/s a3deabaa-6f33-4549-9afe-d811f1beb6dc for 149895ms c26651e2-a96c-4010-919f-87a827874a5b for 149892ms
2019-09-12 14:30:02,623 [a3deabaa-6f33-4549-9afe-d811f1beb6dc@group-3E8E6CBD8592-SegmentedRaftLogWorker] WARN  segmented.SegmentedRaftLogWorker (SegmentedRaftLogWorker.java:getFromFuture(90)) - Timeout 14/~
org.apache.ratis.protocol.TimeoutIOException: Timeout 10s: WriteLog:7: (t:1, i:7), STATEMACHINELOGENTRY, client-35FAC708AFA2, cid=44-writeStateMachineData
	at org.apache.ratis.util.IOUtils.getFromFuture(IOUtils.java:87)
	at org.apache.ratis.server.raftlog.segmented.SegmentedRaftLogWorker$StateMachineDataPolicy.getFromFuture(SegmentedRaftLogWorker.java:87)
	at org.apache.ratis.server.raftlog.segmented.SegmentedRaftLogWorker$WriteLog.execute(SegmentedRaftLogWorker.java:477)
	at org.apache.ratis.server.raftlog.segmented.SegmentedRaftLogWorker.run(SegmentedRaftLogWorker.java:289)
	at java.lang.Thread.run(Thread.java:748)
Caused by: java.util.concurrent.TimeoutException
	at java.util.concurrent.CompletableFuture.timedGet(CompletableFuture.java:1771)
	at java.util.concurrent.CompletableFuture.get(CompletableFuture.java:1915)
	at org.apache.ratis.util.IOUtils.getFromFuture(IOUtils.java:79)
	... 4 more
2019-09-12 14:30:02,639 [c26651e2-a96c-4010-919f-87a827874a5b@group-3E8E6CBD8592-SegmentedRaftLogWorker] WARN  segmented.SegmentedRaftLogWorker (SegmentedRaftLogWorker.java:getFromFuture(90)) - Timeout 14/~
org.apache.ratis.protocol.TimeoutIOException: Timeout 10s: WriteLog:7: (t:1, i:7), STATEMACHINELOGENTRY, client-35FAC708AFA2, cid=44-writeStateMachineData
	at org.apache.ratis.util.IOUtils.getFromFuture(IOUtils.java:87)
	at org.apache.ratis.server.raftlog.segmented.SegmentedRaftLogWorker$StateMachineDataPolicy.getFromFuture(SegmentedRaftLogWorker.java:87)
	at org.apache.ratis.server.raftlog.segmented.SegmentedRaftLogWorker$WriteLog.execute(SegmentedRaftLogWorker.java:477)
	at org.apache.ratis.server.raftlog.segmented.SegmentedRaftLogWorker.run(SegmentedRaftLogWorker.java:289)
	at java.lang.Thread.run(Thread.java:748)
Caused by: java.util.concurrent.TimeoutException
	at java.util.concurrent.CompletableFuture.timedGet(CompletableFuture.java:1771)
	at java.util.concurrent.CompletableFuture.get(CompletableFuture.java:1915)
	at org.apache.ratis.util.IOUtils.getFromFuture(IOUtils.java:79)
	... 4 more
2019-09-12 14:30:02,758 [e2538fa5-58a8-4aba-9576-486ea31efcb2@group-3E8E6CBD8592-SegmentedRaftLogWorker] WARN  segmented.SegmentedRaftLogWorker (SegmentedRaftLogWorker.java:getFromFuture(90)) - Timeout 14/~
org.apache.ratis.protocol.TimeoutIOException: Timeout 10s: WriteLog:8: (t:1, i:8), STATEMACHINELOGENTRY, client-35FAC708AFA2, cid=45-writeStateMachineData
	at org.apache.ratis.util.IOUtils.getFromFuture(IOUtils.java:87)
	at org.apache.ratis.server.raftlog.segmented.SegmentedRaftLogWorker$StateMachineDataPolicy.getFromFuture(SegmentedRaftLogWorker.java:87)
	at org.apache.ratis.server.raftlog.segmented.SegmentedRaftLogWorker$WriteLog.execute(SegmentedRaftLogWorker.java:477)
	at org.apache.ratis.server.raftlog.segmented.SegmentedRaftLogWorker.run(SegmentedRaftLogWorker.java:289)
	at java.lang.Thread.run(Thread.java:748)
Caused by: java.util.concurrent.TimeoutException
	at java.util.concurrent.CompletableFuture.timedGet(CompletableFuture.java:1771)
	at java.util.concurrent.CompletableFuture.get(CompletableFuture.java:1915)
	at org.apache.ratis.util.IOUtils.getFromFuture(IOUtils.java:79)
	... 4 more
2019-09-12 14:30:02,842 [EventQueue-PipelineActionsForPipelineActionHandler] ERROR pipeline.PipelineActionHandler (PipelineActionHandler.java:onMessage(60)) - Received pipeline action CLOSE for Pipeline[ Id: 956661f3-60ec-4db1-ba7e-3e8e6cbd8592, Nodes: e2538fa5-58a8-4aba-9576-486ea31efcb2{ip: 192.168.5.171, host: pr-hdds-2007-n4wwz-4249666578, networkLocation: /default-rack, certSerialId: null}c26651e2-a96c-4010-919f-87a827874a5b{ip: 192.168.5.171, host: pr-hdds-2007-n4wwz-4249666578, networkLocation: /default-rack, certSerialId: null}a3deabaa-6f33-4549-9afe-d811f1beb6dc{ip: 192.168.5.171, host: pr-hdds-2007-n4wwz-4249666578, networkLocation: /default-rack, certSerialId: null}, Type:RATIS, Factor:THREE, State:CLOSED] from datanode e2538fa5-58a8-4aba-9576-486ea31efcb2{ip: 192.168.5.171, host: pr-hdds-2007-n4wwz-4249666578, networkLocation: /default-rack, certSerialId: null}. Reason : e2538fa5-58a8-4aba-9576-486ea31efcb2 has not seen follower/s a3deabaa-6f33-4549-9afe-d811f1beb6dc for 149895ms c26651e2-a96c-4010-919f-87a827874a5b for 149892ms
2019-09-12 14:30:02,843 [EventQueue-PipelineActionsForPipelineActionHandler] INFO  pipeline.SCMPipelineManager (SCMPipelineManager.java:finalizeAndDestroyPipeline(311)) - destroying pipeline:Pipeline[ Id: 956661f3-60ec-4db1-ba7e-3e8e6cbd8592, Nodes: e2538fa5-58a8-4aba-9576-486ea31efcb2{ip: 192.168.5.171, host: pr-hdds-2007-n4wwz-4249666578, networkLocation: /default-rack, certSerialId: null}c26651e2-a96c-4010-919f-87a827874a5b{ip: 192.168.5.171, host: pr-hdds-2007-n4wwz-4249666578, networkLocation: /default-rack, certSerialId: null}a3deabaa-6f33-4549-9afe-d811f1beb6dc{ip: 192.168.5.171, host: pr-hdds-2007-n4wwz-4249666578, networkLocation: /default-rack, certSerialId: null}, Type:RATIS, Factor:THREE, State:CLOSED]
2019-09-12 14:30:02,849 [java.util.concurrent.ThreadPoolExecutor$Worker@44ea9f2[State = -1, empty queue]] WARN  server.GrpcLogAppender (GrpcLogAppender.java:timeoutAppendRequest(200)) - e2538fa5-58a8-4aba-9576-486ea31efcb2@group-3E8E6CBD8592->c26651e2-a96c-4010-919f-87a827874a5b-GrpcLogAppender: appendEntries Timeout, request=e2538fa5-58a8-4aba-9576-486ea31efcb2->c26651e2-a96c-4010-919f-87a827874a5b#72-t1, previous=(t:1, i:13), leaderCommit=6, initializing? false, entries: <empty>
2019-09-12 14:30:02,849 [java.util.concurrent.ThreadPoolExecutor$Worker@4f438dcf[State = -1, empty queue]] WARN  server.GrpcLogAppender (GrpcLogAppender.java:timeoutAppendRequest(200)) - e2538fa5-58a8-4aba-9576-486ea31efcb2@group-3E8E6CBD8592->a3deabaa-6f33-4549-9afe-d811f1beb6dc-GrpcLogAppender: appendEntries Timeout, request=e2538fa5-58a8-4aba-9576-486ea31efcb2->a3deabaa-6f33-4549-9afe-d811f1beb6dc#72-t1, previous=(t:1, i:13), leaderCommit=6, initializing? false, entries: <empty>
2019-09-12 14:30:04,103 [grpc-default-executor-6] INFO  client.GrpcClientProtocolClient (GrpcClientProtocolClient.java:onNext(264)) - client-35FAC708AFA2->c26651e2-a96c-4010-919f-87a827874a5b: receive RaftClientReply:client-35FAC708AFA2->c26651e2-a96c-4010-919f-87a827874a5b@group-3E8E6CBD8592, cid=44, FAILED org.apache.ratis.protocol.NotLeaderException: Server c26651e2-a96c-4010-919f-87a827874a5b@group-3E8E6CBD8592 is not the leader e2538fa5-58a8-4aba-9576-486ea31efcb2:192.168.5.171:42589, logIndex=0, commits[c26651e2-a96c-4010-919f-87a827874a5b:c6, e2538fa5-58a8-4aba-9576-486ea31efcb2:c6, a3deabaa-6f33-4549-9afe-d811f1beb6dc:c4]
2019-09-12 14:30:04,850 [org.apache.ratis.server.impl.LogAppender$AppenderDaemon$$Lambda$489/854952238@325cd00c] ERROR ratis.XceiverServerRatis (XceiverServerRatis.java:triggerPipelineClose(568)) - pipeline Action CLOSE  on pipeline PipelineID=956661f3-60ec-4db1-ba7e-3e8e6cbd8592.Reason : e2538fa5-58a8-4aba-9576-486ea31efcb2 has not seen follower/s a3deabaa-6f33-4549-9afe-d811f1beb6dc for 152395ms c26651e2-a96c-4010-919f-87a827874a5b for 152392ms
2019-09-12 14:30:04,850 [org.apache.ratis.server.impl.LogAppender$AppenderDaemon$$Lambda$489/854952238@56954f24] ERROR ratis.XceiverServerRatis (XceiverServerRatis.java:triggerPipelineClose(568)) - pipeline Action CLOSE  on pipeline PipelineID=956661f3-60ec-4db1-ba7e-3e8e6cbd8592.Reason : e2538fa5-58a8-4aba-9576-486ea31efcb2 has not seen follower/s a3deabaa-6f33-4549-9afe-d811f1beb6dc for 152395ms c26651e2-a96c-4010-919f-87a827874a5b for 152392ms
2019-09-12 14:30:05,350 [java.util.concurrent.ThreadPoolExecutor$Worker@44ea9f2[State = -1, empty queue]] WARN  server.GrpcLogAppender (GrpcLogAppender.java:timeoutAppendRequest(200)) - e2538fa5-58a8-4aba-9576-486ea31efcb2@group-3E8E6CBD8592->c26651e2-a96c-4010-919f-87a827874a5b-GrpcLogAppender: appendEntries Timeout, request=e2538fa5-58a8-4aba-9576-486ea31efcb2->c26651e2-a96c-4010-919f-87a827874a5b#73-t1, previous=(t:1, i:13), leaderCommit=6, initializing? false, entries: <empty>
2019-09-12 14:30:05,350 [java.util.concurrent.ThreadPoolExecutor$Worker@4f438dcf[State = -1, empty queue]] WARN  server.GrpcLogAppender (GrpcLogAppender.java:timeoutAppendRequest(200)) - e2538fa5-58a8-4aba-9576-486ea31efcb2@group-3E8E6CBD8592->a3deabaa-6f33-4549-9afe-d811f1beb6dc-GrpcLogAppender: appendEntries Timeout, request=e2538fa5-58a8-4aba-9576-486ea31efcb2->a3deabaa-6f33-4549-9afe-d811f1beb6dc#73-t1, previous=(t:1, i:13), leaderCommit=6, initializing? false, entries: <empty>
2019-09-12 14:30:05,843 [EventQueue-PipelineActionsForPipelineActionHandler] ERROR pipeline.PipelineActionHandler (PipelineActionHandler.java:onMessage(60)) - Received pipeline action CLOSE for Pipeline[ Id: 956661f3-60ec-4db1-ba7e-3e8e6cbd8592, Nodes: e2538fa5-58a8-4aba-9576-486ea31efcb2{ip: 192.168.5.171, host: pr-hdds-2007-n4wwz-4249666578, networkLocation: /default-rack, certSerialId: null}c26651e2-a96c-4010-919f-87a827874a5b{ip: 192.168.5.171, host: pr-hdds-2007-n4wwz-4249666578, networkLocation: /default-rack, certSerialId: null}a3deabaa-6f33-4549-9afe-d811f1beb6dc{ip: 192.168.5.171, host: pr-hdds-2007-n4wwz-4249666578, networkLocation: /default-rack, certSerialId: null}, Type:RATIS, Factor:THREE, State:CLOSED] from datanode e2538fa5-58a8-4aba-9576-486ea31efcb2{ip: 192.168.5.171, host: pr-hdds-2007-n4wwz-4249666578, networkLocation: /default-rack, certSerialId: null}. Reason : e2538fa5-58a8-4aba-9576-486ea31efcb2 has not seen follower/s a3deabaa-6f33-4549-9afe-d811f1beb6dc for 152395ms c26651e2-a96c-4010-919f-87a827874a5b for 152392ms
2019-09-12 14:30:05,843 [EventQueue-PipelineActionsForPipelineActionHandler] INFO  pipeline.SCMPipelineManager (SCMPipelineManager.java:finalizeAndDestroyPipeline(311)) - destroying pipeline:Pipeline[ Id: 956661f3-60ec-4db1-ba7e-3e8e6cbd8592, Nodes: e2538fa5-58a8-4aba-9576-486ea31efcb2{ip: 192.168.5.171, host: pr-hdds-2007-n4wwz-4249666578, networkLocation: /default-rack, certSerialId: null}c26651e2-a96c-4010-919f-87a827874a5b{ip: 192.168.5.171, host: pr-hdds-2007-n4wwz-4249666578, networkLocation: /default-rack, certSerialId: null}a3deabaa-6f33-4549-9afe-d811f1beb6dc{ip: 192.168.5.171, host: pr-hdds-2007-n4wwz-4249666578, networkLocation: /default-rack, certSerialId: null}, Type:RATIS, Factor:THREE, State:CLOSED]
2019-09-12 14:30:07,351 [org.apache.ratis.server.impl.LogAppender$AppenderDaemon$$Lambda$489/854952238@325cd00c] ERROR ratis.XceiverServerRatis (XceiverServerRatis.java:triggerPipelineClose(568)) - pipeline Action CLOSE  on pipeline PipelineID=956661f3-60ec-4db1-ba7e-3e8e6cbd8592.Reason : e2538fa5-58a8-4aba-9576-486ea31efcb2 has not seen follower/s a3deabaa-6f33-4549-9afe-d811f1beb6dc for 154896ms c26651e2-a96c-4010-919f-87a827874a5b for 154893ms
2019-09-12 14:30:07,351 [org.apache.ratis.server.impl.LogAppender$AppenderDaemon$$Lambda$489/854952238@56954f24] ERROR ratis.XceiverServerRatis (XceiverServerRatis.java:triggerPipelineClose(568)) - pipeline Action CLOSE  on pipeline PipelineID=956661f3-60ec-4db1-ba7e-3e8e6cbd8592.Reason : e2538fa5-58a8-4aba-9576-486ea31efcb2 has not seen follower/s a3deabaa-6f33-4549-9afe-d811f1beb6dc for 154896ms c26651e2-a96c-4010-919f-87a827874a5b for 154893ms
2019-09-12 14:30:07,842 [EventQueue-PipelineActionsForPipelineActionHandler] ERROR pipeline.PipelineActionHandler (PipelineActionHandler.java:onMessage(60)) - Received pipeline action CLOSE for Pipeline[ Id: 956661f3-60ec-4db1-ba7e-3e8e6cbd8592, Nodes: e2538fa5-58a8-4aba-9576-486ea31efcb2{ip: 192.168.5.171, host: pr-hdds-2007-n4wwz-4249666578, networkLocation: /default-rack, certSerialId: null}c26651e2-a96c-4010-919f-87a827874a5b{ip: 192.168.5.171, host: pr-hdds-2007-n4wwz-4249666578, networkLocation: /default-rack, certSerialId: null}a3deabaa-6f33-4549-9afe-d811f1beb6dc{ip: 192.168.5.171, host: pr-hdds-2007-n4wwz-4249666578, networkLocation: /default-rack, certSerialId: null}, Type:RATIS, Factor:THREE, State:CLOSED] from datanode e2538fa5-58a8-4aba-9576-486ea31efcb2{ip: 192.168.5.171, host: pr-hdds-2007-n4wwz-4249666578, networkLocation: /default-rack, certSerialId: null}. Reason : e2538fa5-58a8-4aba-9576-486ea31efcb2 has not seen follower/s a3deabaa-6f33-4549-9afe-d811f1beb6dc for 154896ms c26651e2-a96c-4010-919f-87a827874a5b for 154893ms
2019-09-12 14:30:07,842 [EventQueue-PipelineActionsForPipelineActionHandler] INFO  pipeline.SCMPipelineManager (SCMPipelineManager.java:finalizeAndDestroyPipeline(311)) - destroying pipeline:Pipeline[ Id: 956661f3-60ec-4db1-ba7e-3e8e6cbd8592, Nodes: e2538fa5-58a8-4aba-9576-486ea31efcb2{ip: 192.168.5.171, host: pr-hdds-2007-n4wwz-4249666578, networkLocation: /default-rack, certSerialId: null}c26651e2-a96c-4010-919f-87a827874a5b{ip: 192.168.5.171, host: pr-hdds-2007-n4wwz-4249666578, networkLocation: /default-rack, certSerialId: null}a3deabaa-6f33-4549-9afe-d811f1beb6dc{ip: 192.168.5.171, host: pr-hdds-2007-n4wwz-4249666578, networkLocation: /default-rack, certSerialId: null}, Type:RATIS, Factor:THREE, State:CLOSED]
2019-09-12 14:30:07,850 [java.util.concurrent.ThreadPoolExecutor$Worker@44ea9f2[State = -1, empty queue]] WARN  server.GrpcLogAppender (GrpcLogAppender.java:timeoutAppendRequest(200)) - e2538fa5-58a8-4aba-9576-486ea31efcb2@group-3E8E6CBD8592->c26651e2-a96c-4010-919f-87a827874a5b-GrpcLogAppender: appendEntries Timeout, request=e2538fa5-58a8-4aba-9576-486ea31efcb2->c26651e2-a96c-4010-919f-87a827874a5b#74-t1, previous=(t:1, i:13), leaderCommit=6, initializing? false, entries: <empty>
2019-09-12 14:30:07,851 [java.util.concurrent.ThreadPoolExecutor$Worker@4f438dcf[State = -1, empty queue]] WARN  server.GrpcLogAppender (GrpcLogAppender.java:timeoutAppendRequest(200)) - e2538fa5-58a8-4aba-9576-486ea31efcb2@group-3E8E6CBD8592->a3deabaa-6f33-4549-9afe-d811f1beb6dc-GrpcLogAppender: appendEntries Timeout, request=e2538fa5-58a8-4aba-9576-486ea31efcb2->a3deabaa-6f33-4549-9afe-d811f1beb6dc#74-t1, previous=(t:1, i:13), leaderCommit=6, initializing? false, entries: <empty>
2019-09-12 14:30:09,165 [grpc-default-executor-7] INFO  client.GrpcClientProtocolClient (GrpcClientProtocolClient.java:onNext(264)) - client-35FAC708AFA2->a3deabaa-6f33-4549-9afe-d811f1beb6dc: receive RaftClientReply:client-35FAC708AFA2->a3deabaa-6f33-4549-9afe-d811f1beb6dc@group-3E8E6CBD8592, cid=44, FAILED org.apache.ratis.protocol.NotLeaderException: Server a3deabaa-6f33-4549-9afe-d811f1beb6dc@group-3E8E6CBD8592 is not the leader e2538fa5-58a8-4aba-9576-486ea31efcb2:192.168.5.171:42589, logIndex=0, commits[a3deabaa-6f33-4549-9afe-d811f1beb6dc:c6, e2538fa5-58a8-4aba-9576-486ea31efcb2:c6, c26651e2-a96c-4010-919f-87a827874a5b:c4]
2019-09-12 14:30:09,852 [org.apache.ratis.server.impl.LogAppender$AppenderDaemon$$Lambda$489/854952238@325cd00c] ERROR ratis.XceiverServerRatis (XceiverServerRatis.java:triggerPipelineClose(568)) - pipeline Action CLOSE  on pipeline PipelineID=956661f3-60ec-4db1-ba7e-3e8e6cbd8592.Reason : e2538fa5-58a8-4aba-9576-486ea31efcb2 has not seen follower/s a3deabaa-6f33-4549-9afe-d811f1beb6dc for 157397ms c26651e2-a96c-4010-919f-87a827874a5b for 157394ms
2019-09-12 14:30:09,852 [org.apache.ratis.server.impl.LogAppender$AppenderDaemon$$Lambda$489/854952238@56954f24] ERROR ratis.XceiverServerRatis (XceiverServerRatis.java:triggerPipelineClose(568)) - pipeline Action CLOSE  on pipeline PipelineID=956661f3-60ec-4db1-ba7e-3e8e6cbd8592.Reason : e2538fa5-58a8-4aba-9576-486ea31efcb2 has not seen follower/s a3deabaa-6f33-4549-9afe-d811f1beb6dc for 157397ms c26651e2-a96c-4010-919f-87a827874a5b for 157394ms
2019-09-12 14:30:10,351 [java.util.concurrent.ThreadPoolExecutor$Worker@44ea9f2[State = -1, empty queue]] WARN  server.GrpcLogAppender (GrpcLogAppender.java:timeoutAppendRequest(200)) - e2538fa5-58a8-4aba-9576-486ea31efcb2@group-3E8E6CBD8592->c26651e2-a96c-4010-919f-87a827874a5b-GrpcLogAppender: appendEntries Timeout, request=e2538fa5-58a8-4aba-9576-486ea31efcb2->c26651e2-a96c-4010-919f-87a827874a5b#75-t1, previous=(t:1, i:13), leaderCommit=6, initializing? false, entries: <empty>
2019-09-12 14:30:10,351 [java.util.concurrent.ThreadPoolExecutor$Worker@4f438dcf[State = -1, empty queue]] WARN  server.GrpcLogAppender (GrpcLogAppender.java:timeoutAppendRequest(200)) - e2538fa5-58a8-4aba-9576-486ea31efcb2@group-3E8E6CBD8592->a3deabaa-6f33-4549-9afe-d811f1beb6dc-GrpcLogAppender: appendEntries Timeout, request=e2538fa5-58a8-4aba-9576-486ea31efcb2->a3deabaa-6f33-4549-9afe-d811f1beb6dc#75-t1, previous=(t:1, i:13), leaderCommit=6, initializing? false, entries: <empty>
2019-09-12 14:30:10,844 [EventQueue-PipelineActionsForPipelineActionHandler] ERROR pipeline.PipelineActionHandler (PipelineActionHandler.java:onMessage(60)) - Received pipeline action CLOSE for Pipeline[ Id: 956661f3-60ec-4db1-ba7e-3e8e6cbd8592, Nodes: e2538fa5-58a8-4aba-9576-486ea31efcb2{ip: 192.168.5.171, host: pr-hdds-2007-n4wwz-4249666578, networkLocation: /default-rack, certSerialId: null}c26651e2-a96c-4010-919f-87a827874a5b{ip: 192.168.5.171, host: pr-hdds-2007-n4wwz-4249666578, networkLocation: /default-rack, certSerialId: null}a3deabaa-6f33-4549-9afe-d811f1beb6dc{ip: 192.168.5.171, host: pr-hdds-2007-n4wwz-4249666578, networkLocation: /default-rack, certSerialId: null}, Type:RATIS, Factor:THREE, State:CLOSED] from datanode e2538fa5-58a8-4aba-9576-486ea31efcb2{ip: 192.168.5.171, host: pr-hdds-2007-n4wwz-4249666578, networkLocation: /default-rack, certSerialId: null}. Reason : e2538fa5-58a8-4aba-9576-486ea31efcb2 has not seen follower/s a3deabaa-6f33-4549-9afe-d811f1beb6dc for 157397ms c26651e2-a96c-4010-919f-87a827874a5b for 157394ms
2019-09-12 14:30:10,844 [EventQueue-PipelineActionsForPipelineActionHandler] INFO  pipeline.SCMPipelineManager (SCMPipelineManager.java:finalizeAndDestroyPipeline(311)) - destroying pipeline:Pipeline[ Id: 956661f3-60ec-4db1-ba7e-3e8e6cbd8592, Nodes: e2538fa5-58a8-4aba-9576-486ea31efcb2{ip: 192.168.5.171, host: pr-hdds-2007-n4wwz-4249666578, networkLocation: /default-rack, certSerialId: null}c26651e2-a96c-4010-919f-87a827874a5b{ip: 192.168.5.171, host: pr-hdds-2007-n4wwz-4249666578, networkLocation: /default-rack, certSerialId: null}a3deabaa-6f33-4549-9afe-d811f1beb6dc{ip: 192.168.5.171, host: pr-hdds-2007-n4wwz-4249666578, networkLocation: /default-rack, certSerialId: null}, Type:RATIS, Factor:THREE, State:CLOSED]
2019-09-12 14:30:12,354 [org.apache.ratis.server.impl.LogAppender$AppenderDaemon$$Lambda$489/854952238@325cd00c] ERROR ratis.XceiverServerRatis (XceiverServerRatis.java:triggerPipelineClose(568)) - pipeline Action CLOSE  on pipeline PipelineID=956661f3-60ec-4db1-ba7e-3e8e6cbd8592.Reason : e2538fa5-58a8-4aba-9576-486ea31efcb2 has not seen follower/s a3deabaa-6f33-4549-9afe-d811f1beb6dc for 159898ms c26651e2-a96c-4010-919f-87a827874a5b for 159895ms
2019-09-12 14:30:12,354 [org.apache.ratis.server.impl.LogAppender$AppenderDaemon$$Lambda$489/854952238@56954f24] ERROR ratis.XceiverServerRatis (XceiverServerRatis.java:triggerPipelineClose(568)) - pipeline Action CLOSE  on pipeline PipelineID=956661f3-60ec-4db1-ba7e-3e8e6cbd8592.Reason : e2538fa5-58a8-4aba-9576-486ea31efcb2 has not seen follower/s a3deabaa-6f33-4549-9afe-d811f1beb6dc for 159898ms c26651e2-a96c-4010-919f-87a827874a5b for 159895ms
2019-09-12 14:30:12,624 [a3deabaa-6f33-4549-9afe-d811f1beb6dc@group-3E8E6CBD8592-SegmentedRaftLogWorker] WARN  segmented.SegmentedRaftLogWorker (SegmentedRaftLogWorker.java:getFromFuture(90)) - Timeout 15/~
org.apache.ratis.protocol.TimeoutIOException: Timeout 10s: WriteLog:7: (t:1, i:7), STATEMACHINELOGENTRY, client-35FAC708AFA2, cid=44-writeStateMachineData
	at org.apache.ratis.util.IOUtils.getFromFuture(IOUtils.java:87)
	at org.apache.ratis.server.raftlog.segmented.SegmentedRaftLogWorker$StateMachineDataPolicy.getFromFuture(SegmentedRaftLogWorker.java:87)
	at org.apache.ratis.server.raftlog.segmented.SegmentedRaftLogWorker$WriteLog.execute(SegmentedRaftLogWorker.java:477)
	at org.apache.ratis.server.raftlog.segmented.SegmentedRaftLogWorker.run(SegmentedRaftLogWorker.java:289)
	at java.lang.Thread.run(Thread.java:748)
Caused by: java.util.concurrent.TimeoutException
	at java.util.concurrent.CompletableFuture.timedGet(CompletableFuture.java:1771)
	at java.util.concurrent.CompletableFuture.get(CompletableFuture.java:1915)
	at org.apache.ratis.util.IOUtils.getFromFuture(IOUtils.java:79)
	... 4 more
2019-09-12 14:30:12,639 [c26651e2-a96c-4010-919f-87a827874a5b@group-3E8E6CBD8592-SegmentedRaftLogWorker] WARN  segmented.SegmentedRaftLogWorker (SegmentedRaftLogWorker.java:getFromFuture(90)) - Timeout 15/~
org.apache.ratis.protocol.TimeoutIOException: Timeout 10s: WriteLog:7: (t:1, i:7), STATEMACHINELOGENTRY, client-35FAC708AFA2, cid=44-writeStateMachineData
	at org.apache.ratis.util.IOUtils.getFromFuture(IOUtils.java:87)
	at org.apache.ratis.server.raftlog.segmented.SegmentedRaftLogWorker$StateMachineDataPolicy.getFromFuture(SegmentedRaftLogWorker.java:87)
	at org.apache.ratis.server.raftlog.segmented.SegmentedRaftLogWorker$WriteLog.execute(SegmentedRaftLogWorker.java:477)
	at org.apache.ratis.server.raftlog.segmented.SegmentedRaftLogWorker.run(SegmentedRaftLogWorker.java:289)
	at java.lang.Thread.run(Thread.java:748)
Caused by: java.util.concurrent.TimeoutException
	at java.util.concurrent.CompletableFuture.timedGet(CompletableFuture.java:1771)
	at java.util.concurrent.CompletableFuture.get(CompletableFuture.java:1915)
	at org.apache.ratis.util.IOUtils.getFromFuture(IOUtils.java:79)
	... 4 more
2019-09-12 14:30:12,758 [e2538fa5-58a8-4aba-9576-486ea31efcb2@group-3E8E6CBD8592-SegmentedRaftLogWorker] WARN  segmented.SegmentedRaftLogWorker (SegmentedRaftLogWorker.java:getFromFuture(90)) - Timeout 15/~
org.apache.ratis.protocol.TimeoutIOException: Timeout 10s: WriteLog:8: (t:1, i:8), STATEMACHINELOGENTRY, client-35FAC708AFA2, cid=45-writeStateMachineData
	at org.apache.ratis.util.IOUtils.getFromFuture(IOUtils.java:87)
	at org.apache.ratis.server.raftlog.segmented.SegmentedRaftLogWorker$StateMachineDataPolicy.getFromFuture(SegmentedRaftLogWorker.java:87)
	at org.apache.ratis.server.raftlog.segmented.SegmentedRaftLogWorker$WriteLog.execute(SegmentedRaftLogWorker.java:477)
	at org.apache.ratis.server.raftlog.segmented.SegmentedRaftLogWorker.run(SegmentedRaftLogWorker.java:289)
	at java.lang.Thread.run(Thread.java:748)
Caused by: java.util.concurrent.TimeoutException
	at java.util.concurrent.CompletableFuture.timedGet(CompletableFuture.java:1771)
	at java.util.concurrent.CompletableFuture.get(CompletableFuture.java:1915)
	at org.apache.ratis.util.IOUtils.getFromFuture(IOUtils.java:79)
	... 4 more
2019-09-12 14:30:12,844 [EventQueue-PipelineActionsForPipelineActionHandler] ERROR pipeline.PipelineActionHandler (PipelineActionHandler.java:onMessage(60)) - Received pipeline action CLOSE for Pipeline[ Id: 956661f3-60ec-4db1-ba7e-3e8e6cbd8592, Nodes: e2538fa5-58a8-4aba-9576-486ea31efcb2{ip: 192.168.5.171, host: pr-hdds-2007-n4wwz-4249666578, networkLocation: /default-rack, certSerialId: null}c26651e2-a96c-4010-919f-87a827874a5b{ip: 192.168.5.171, host: pr-hdds-2007-n4wwz-4249666578, networkLocation: /default-rack, certSerialId: null}a3deabaa-6f33-4549-9afe-d811f1beb6dc{ip: 192.168.5.171, host: pr-hdds-2007-n4wwz-4249666578, networkLocation: /default-rack, certSerialId: null}, Type:RATIS, Factor:THREE, State:CLOSED] from datanode e2538fa5-58a8-4aba-9576-486ea31efcb2{ip: 192.168.5.171, host: pr-hdds-2007-n4wwz-4249666578, networkLocation: /default-rack, certSerialId: null}. Reason : e2538fa5-58a8-4aba-9576-486ea31efcb2 has not seen follower/s a3deabaa-6f33-4549-9afe-d811f1beb6dc for 159898ms c26651e2-a96c-4010-919f-87a827874a5b for 159895ms
2019-09-12 14:30:12,845 [EventQueue-PipelineActionsForPipelineActionHandler] INFO  pipeline.SCMPipelineManager (SCMPipelineManager.java:finalizeAndDestroyPipeline(311)) - destroying pipeline:Pipeline[ Id: 956661f3-60ec-4db1-ba7e-3e8e6cbd8592, Nodes: e2538fa5-58a8-4aba-9576-486ea31efcb2{ip: 192.168.5.171, host: pr-hdds-2007-n4wwz-4249666578, networkLocation: /default-rack, certSerialId: null}c26651e2-a96c-4010-919f-87a827874a5b{ip: 192.168.5.171, host: pr-hdds-2007-n4wwz-4249666578, networkLocation: /default-rack, certSerialId: null}a3deabaa-6f33-4549-9afe-d811f1beb6dc{ip: 192.168.5.171, host: pr-hdds-2007-n4wwz-4249666578, networkLocation: /default-rack, certSerialId: null}, Type:RATIS, Factor:THREE, State:CLOSED]
2019-09-12 14:30:12,852 [java.util.concurrent.ThreadPoolExecutor$Worker@44ea9f2[State = -1, empty queue]] WARN  server.GrpcLogAppender (GrpcLogAppender.java:timeoutAppendRequest(200)) - e2538fa5-58a8-4aba-9576-486ea31efcb2@group-3E8E6CBD8592->c26651e2-a96c-4010-919f-87a827874a5b-GrpcLogAppender: appendEntries Timeout, request=e2538fa5-58a8-4aba-9576-486ea31efcb2->c26651e2-a96c-4010-919f-87a827874a5b#76-t1, previous=(t:1, i:13), leaderCommit=6, initializing? false, entries: <empty>
2019-09-12 14:30:12,852 [java.util.concurrent.ThreadPoolExecutor$Worker@4f438dcf[State = -1, empty queue]] WARN  server.GrpcLogAppender (GrpcLogAppender.java:timeoutAppendRequest(200)) - e2538fa5-58a8-4aba-9576-486ea31efcb2@group-3E8E6CBD8592->a3deabaa-6f33-4549-9afe-d811f1beb6dc-GrpcLogAppender: appendEntries Timeout, request=e2538fa5-58a8-4aba-9576-486ea31efcb2->a3deabaa-6f33-4549-9afe-d811f1beb6dc#76-t1, previous=(t:1, i:13), leaderCommit=6, initializing? false, entries: <empty>
2019-09-12 14:30:13,514 [grpc-default-executor-5] INFO  impl.RaftServerProxy (RaftServerProxy.java:addNew(89)) - a3deabaa-6f33-4549-9afe-d811f1beb6dc: addNew group-0AE4806AE70D:[e2538fa5-58a8-4aba-9576-486ea31efcb2:192.168.5.171:42589, a3deabaa-6f33-4549-9afe-d811f1beb6dc:192.168.5.171:38678, c26651e2-a96c-4010-919f-87a827874a5b:192.168.5.171:46803] returns group-0AE4806AE70D:java.util.concurrent.CompletableFuture@111252ff[Not completed]
2019-09-12 14:30:13,514 [grpc-default-executor-7] INFO  impl.RaftServerProxy (RaftServerProxy.java:addNew(89)) - c26651e2-a96c-4010-919f-87a827874a5b: addNew group-0AE4806AE70D:[e2538fa5-58a8-4aba-9576-486ea31efcb2:192.168.5.171:42589, a3deabaa-6f33-4549-9afe-d811f1beb6dc:192.168.5.171:38678, c26651e2-a96c-4010-919f-87a827874a5b:192.168.5.171:46803] returns group-0AE4806AE70D:java.util.concurrent.CompletableFuture@4818bf9[Not completed]
2019-09-12 14:30:13,514 [grpc-default-executor-6] INFO  impl.RaftServerProxy (RaftServerProxy.java:addNew(89)) - e2538fa5-58a8-4aba-9576-486ea31efcb2: addNew group-0AE4806AE70D:[e2538fa5-58a8-4aba-9576-486ea31efcb2:192.168.5.171:42589, a3deabaa-6f33-4549-9afe-d811f1beb6dc:192.168.5.171:38678, c26651e2-a96c-4010-919f-87a827874a5b:192.168.5.171:46803] returns group-0AE4806AE70D:java.util.concurrent.CompletableFuture@1c00c8b8[Not completed]
2019-09-12 14:30:13,517 [pool-77-thread-1] INFO  impl.RaftServerImpl (RaftServerImpl.java:<init>(95)) - e2538fa5-58a8-4aba-9576-486ea31efcb2: new RaftServerImpl for group-0AE4806AE70D:[e2538fa5-58a8-4aba-9576-486ea31efcb2:192.168.5.171:42589, a3deabaa-6f33-4549-9afe-d811f1beb6dc:192.168.5.171:38678, c26651e2-a96c-4010-919f-87a827874a5b:192.168.5.171:46803] with ContainerStateMachine:uninitialized
2019-09-12 14:30:13,517 [pool-77-thread-1] INFO  server.RaftServerConfigKeys (ConfUtils.java:logGet(43)) - raft.server.rpc.timeout.min = 5s (custom)
2019-09-12 14:30:13,517 [pool-77-thread-1] INFO  server.RaftServerConfigKeys (ConfUtils.java:logGet(43)) - raft.server.rpc.timeout.max = 5200ms (custom)
2019-09-12 14:30:13,517 [pool-77-thread-1] INFO  server.RaftServerConfigKeys (ConfUtils.java:logGet(43)) - raft.server.rpcslowness.timeout = 120s (custom)
2019-09-12 14:30:13,517 [pool-77-thread-1] INFO  server.RaftServerConfigKeys (ConfUtils.java:logGet(43)) - raft.server.sleep.deviation.threshold = 300 (default)
2019-09-12 14:30:13,517 [pool-77-thread-1] INFO  server.RaftServerConfigKeys (ConfUtils.java:logGet(43)) - raft.server.log.appender.install.snapshot.enabled = false (custom)
2019-09-12 14:30:13,517 [pool-77-thread-1] INFO  impl.RaftServerImpl (ServerState.java:<init>(103)) - e2538fa5-58a8-4aba-9576-486ea31efcb2@group-0AE4806AE70D: ConfigurationManager, init=-1: [e2538fa5-58a8-4aba-9576-486ea31efcb2:192.168.5.171:42589, a3deabaa-6f33-4549-9afe-d811f1beb6dc:192.168.5.171:38678, c26651e2-a96c-4010-919f-87a827874a5b:192.168.5.171:46803], old=null, confs=<EMPTY_MAP>
2019-09-12 14:30:13,518 [pool-27-thread-1] INFO  impl.RaftServerImpl (RaftServerImpl.java:<init>(95)) - c26651e2-a96c-4010-919f-87a827874a5b: new RaftServerImpl for group-0AE4806AE70D:[e2538fa5-58a8-4aba-9576-486ea31efcb2:192.168.5.171:42589, a3deabaa-6f33-4549-9afe-d811f1beb6dc:192.168.5.171:38678, c26651e2-a96c-4010-919f-87a827874a5b:192.168.5.171:46803] with ContainerStateMachine:uninitialized
2019-09-12 14:30:13,518 [pool-77-thread-1] INFO  server.RaftServerConfigKeys (ConfUtils.java:logGet(43)) - raft.server.storage.dir = [/workdir/hadoop-ozone/integration-test/target/test-dir/MiniOzoneClusterImpl-41377667-f0d9-4871-9116-d36166c13ac1/datanode-5/data/ratis] (custom)
2019-09-12 14:30:13,518 [pool-27-thread-1] INFO  server.RaftServerConfigKeys (ConfUtils.java:logGet(43)) - raft.server.rpc.timeout.min = 5s (custom)
2019-09-12 14:30:13,518 [pool-27-thread-1] INFO  server.RaftServerConfigKeys (ConfUtils.java:logGet(43)) - raft.server.rpc.timeout.max = 5200ms (custom)
2019-09-12 14:30:13,518 [pool-77-thread-1] INFO  storage.RaftStorageDirectory (RaftStorageDirectory.java:analyzeStorage(246)) - The storage directory /workdir/hadoop-ozone/integration-test/target/test-dir/MiniOzoneClusterImpl-41377667-f0d9-4871-9116-d36166c13ac1/datanode-5/data/ratis/7655a46e-16d7-4012-8626-0ae4806ae70d does not exist. Creating ...
2019-09-12 14:30:13,518 [pool-27-thread-1] INFO  server.RaftServerConfigKeys (ConfUtils.java:logGet(43)) - raft.server.rpcslowness.timeout = 120s (custom)
2019-09-12 14:30:13,518 [pool-27-thread-1] INFO  server.RaftServerConfigKeys (ConfUtils.java:logGet(43)) - raft.server.sleep.deviation.threshold = 300 (default)
2019-09-12 14:30:13,518 [pool-27-thread-1] INFO  server.RaftServerConfigKeys (ConfUtils.java:logGet(43)) - raft.server.log.appender.install.snapshot.enabled = false (custom)
2019-09-12 14:30:13,519 [pool-87-thread-1] INFO  impl.RaftServerImpl (RaftServerImpl.java:<init>(95)) - a3deabaa-6f33-4549-9afe-d811f1beb6dc: new RaftServerImpl for group-0AE4806AE70D:[e2538fa5-58a8-4aba-9576-486ea31efcb2:192.168.5.171:42589, a3deabaa-6f33-4549-9afe-d811f1beb6dc:192.168.5.171:38678, c26651e2-a96c-4010-919f-87a827874a5b:192.168.5.171:46803] with ContainerStateMachine:uninitialized
2019-09-12 14:30:13,519 [pool-27-thread-1] INFO  impl.RaftServerImpl (ServerState.java:<init>(103)) - c26651e2-a96c-4010-919f-87a827874a5b@group-0AE4806AE70D: ConfigurationManager, init=-1: [e2538fa5-58a8-4aba-9576-486ea31efcb2:192.168.5.171:42589, a3deabaa-6f33-4549-9afe-d811f1beb6dc:192.168.5.171:38678, c26651e2-a96c-4010-919f-87a827874a5b:192.168.5.171:46803], old=null, confs=<EMPTY_MAP>
2019-09-12 14:30:13,519 [pool-87-thread-1] INFO  server.RaftServerConfigKeys (ConfUtils.java:logGet(43)) - raft.server.rpc.timeout.min = 5s (custom)
2019-09-12 14:30:13,519 [pool-27-thread-1] INFO  server.RaftServerConfigKeys (ConfUtils.java:logGet(43)) - raft.server.storage.dir = [/workdir/hadoop-ozone/integration-test/target/test-dir/MiniOzoneClusterImpl-41377667-f0d9-4871-9116-d36166c13ac1/datanode-0/data/ratis] (custom)
2019-09-12 14:30:13,519 [pool-87-thread-1] INFO  server.RaftServerConfigKeys (ConfUtils.java:logGet(43)) - raft.server.rpc.timeout.max = 5200ms (custom)
2019-09-12 14:30:13,519 [pool-87-thread-1] INFO  server.RaftServerConfigKeys (ConfUtils.java:logGet(43)) - raft.server.rpcslowness.timeout = 120s (custom)
2019-09-12 14:30:13,520 [pool-27-thread-1] INFO  storage.RaftStorageDirectory (RaftStorageDirectory.java:analyzeStorage(246)) - The storage directory /workdir/hadoop-ozone/integration-test/target/test-dir/MiniOzoneClusterImpl-41377667-f0d9-4871-9116-d36166c13ac1/datanode-0/data/ratis/7655a46e-16d7-4012-8626-0ae4806ae70d does not exist. Creating ...
2019-09-12 14:30:13,520 [pool-87-thread-1] INFO  server.RaftServerConfigKeys (ConfUtils.java:logGet(43)) - raft.server.sleep.deviation.threshold = 300 (default)
2019-09-12 14:30:13,520 [pool-87-thread-1] INFO  server.RaftServerConfigKeys (ConfUtils.java:logGet(43)) - raft.server.log.appender.install.snapshot.enabled = false (custom)
2019-09-12 14:30:13,520 [pool-87-thread-1] INFO  impl.RaftServerImpl (ServerState.java:<init>(103)) - a3deabaa-6f33-4549-9afe-d811f1beb6dc@group-0AE4806AE70D: ConfigurationManager, init=-1: [e2538fa5-58a8-4aba-9576-486ea31efcb2:192.168.5.171:42589, a3deabaa-6f33-4549-9afe-d811f1beb6dc:192.168.5.171:38678, c26651e2-a96c-4010-919f-87a827874a5b:192.168.5.171:46803], old=null, confs=<EMPTY_MAP>
2019-09-12 14:30:13,520 [pool-87-thread-1] INFO  server.RaftServerConfigKeys (ConfUtils.java:logGet(43)) - raft.server.storage.dir = [/workdir/hadoop-ozone/integration-test/target/test-dir/MiniOzoneClusterImpl-41377667-f0d9-4871-9116-d36166c13ac1/datanode-6/data/ratis] (custom)
2019-09-12 14:30:13,521 [pool-87-thread-1] INFO  storage.RaftStorageDirectory (RaftStorageDirectory.java:analyzeStorage(246)) - The storage directory /workdir/hadoop-ozone/integration-test/target/test-dir/MiniOzoneClusterImpl-41377667-f0d9-4871-9116-d36166c13ac1/datanode-6/data/ratis/7655a46e-16d7-4012-8626-0ae4806ae70d does not exist. Creating ...
2019-09-12 14:30:13,540 [pool-27-thread-1] INFO  storage.RaftStorageDirectory (RaftStorageDirectory.java:tryLock(328)) - Lock on /workdir/hadoop-ozone/integration-test/target/test-dir/MiniOzoneClusterImpl-41377667-f0d9-4871-9116-d36166c13ac1/datanode-0/data/ratis/7655a46e-16d7-4012-8626-0ae4806ae70d/in_use.lock acquired by nodename 8570@pr-hdds-2007-n4wwz-4249666578
2019-09-12 14:30:13,540 [pool-77-thread-1] INFO  storage.RaftStorageDirectory (RaftStorageDirectory.java:tryLock(328)) - Lock on /workdir/hadoop-ozone/integration-test/target/test-dir/MiniOzoneClusterImpl-41377667-f0d9-4871-9116-d36166c13ac1/datanode-5/data/ratis/7655a46e-16d7-4012-8626-0ae4806ae70d/in_use.lock acquired by nodename 8570@pr-hdds-2007-n4wwz-4249666578
2019-09-12 14:30:13,540 [pool-87-thread-1] INFO  storage.RaftStorageDirectory (RaftStorageDirectory.java:tryLock(328)) - Lock on /workdir/hadoop-ozone/integration-test/target/test-dir/MiniOzoneClusterImpl-41377667-f0d9-4871-9116-d36166c13ac1/datanode-6/data/ratis/7655a46e-16d7-4012-8626-0ae4806ae70d/in_use.lock acquired by nodename 8570@pr-hdds-2007-n4wwz-4249666578
2019-09-12 14:30:13,552 [pool-27-thread-1] INFO  storage.RaftStorage (RaftStorage.java:format(72)) - Storage directory /workdir/hadoop-ozone/integration-test/target/test-dir/MiniOzoneClusterImpl-41377667-f0d9-4871-9116-d36166c13ac1/datanode-0/data/ratis/7655a46e-16d7-4012-8626-0ae4806ae70d has been successfully formatted.
2019-09-12 14:30:13,552 [pool-77-thread-1] INFO  storage.RaftStorage (RaftStorage.java:format(72)) - Storage directory /workdir/hadoop-ozone/integration-test/target/test-dir/MiniOzoneClusterImpl-41377667-f0d9-4871-9116-d36166c13ac1/datanode-5/data/ratis/7655a46e-16d7-4012-8626-0ae4806ae70d has been successfully formatted.
2019-09-12 14:30:13,552 [pool-87-thread-1] INFO  storage.RaftStorage (RaftStorage.java:format(72)) - Storage directory /workdir/hadoop-ozone/integration-test/target/test-dir/MiniOzoneClusterImpl-41377667-f0d9-4871-9116-d36166c13ac1/datanode-6/data/ratis/7655a46e-16d7-4012-8626-0ae4806ae70d has been successfully formatted.
2019-09-12 14:30:13,553 [pool-77-thread-1] INFO  ratis.ContainerStateMachine (ContainerStateMachine.java:loadSnapshot(230)) - group-0AE4806AE70D: The snapshot info is null. Setting the last applied indexto:(t:0, i:~)
2019-09-12 14:30:13,553 [pool-27-thread-1] INFO  ratis.ContainerStateMachine (ContainerStateMachine.java:loadSnapshot(230)) - group-0AE4806AE70D: The snapshot info is null. Setting the last applied indexto:(t:0, i:~)
2019-09-12 14:30:13,553 [pool-77-thread-1] INFO  server.RaftServerConfigKeys (ConfUtils.java:logGet(43)) - raft.server.notification.no-leader.timeout = 120s (custom)
2019-09-12 14:30:13,553 [pool-87-thread-1] INFO  ratis.ContainerStateMachine (ContainerStateMachine.java:loadSnapshot(230)) - group-0AE4806AE70D: The snapshot info is null. Setting the last applied indexto:(t:0, i:~)
2019-09-12 14:30:13,553 [pool-77-thread-1] INFO  server.RaftServerConfigKeys (ConfUtils.java:logGet(43)) - raft.server.log.use.memory = false (default)
2019-09-12 14:30:13,553 [pool-27-thread-1] INFO  server.RaftServerConfigKeys (ConfUtils.java:logGet(43)) - raft.server.notification.no-leader.timeout = 120s (custom)
2019-09-12 14:30:13,554 [pool-77-thread-1] INFO  server.RaftServerConfigKeys (ConfUtils.java:logGet(43)) - raft.server.log.purge.gap = 1000000 (custom)
2019-09-12 14:30:13,554 [pool-77-thread-1] INFO  server.RaftServerConfigKeys (ConfUtils.java:logGet(43)) - raft.server.log.appender.buffer.byte-limit = 33554432 (custom)
2019-09-12 14:30:13,553 [pool-87-thread-1] INFO  server.RaftServerConfigKeys (ConfUtils.java:logGet(43)) - raft.server.notification.no-leader.timeout = 120s (custom)
2019-09-12 14:30:13,554 [pool-77-thread-1] INFO  server.RaftServerConfigKeys (ConfUtils.java:logGet(43)) - raft.server.log.segment.size.max = 1048576 (custom)
2019-09-12 14:30:13,554 [pool-27-thread-1] INFO  server.RaftServerConfigKeys (ConfUtils.java:logGet(43)) - raft.server.log.use.memory = false (default)
2019-09-12 14:30:13,555 [pool-77-thread-1] INFO  server.RaftServerConfigKeys (ConfUtils.java:logGet(43)) - raft.server.log.segment.cache.num.max = 2 (custom)
2019-09-12 14:30:13,554 [pool-87-thread-1] INFO  server.RaftServerConfigKeys (ConfUtils.java:logGet(43)) - raft.server.log.use.memory = false (default)
2019-09-12 14:30:13,555 [pool-77-thread-1] INFO  segmented.SegmentedRaftLogWorker (SegmentedRaftLogWorker.java:<init>(172)) - new e2538fa5-58a8-4aba-9576-486ea31efcb2@group-0AE4806AE70D-SegmentedRaftLogWorker for RaftStorage:Storage Directory /workdir/hadoop-ozone/integration-test/target/test-dir/MiniOzoneClusterImpl-41377667-f0d9-4871-9116-d36166c13ac1/datanode-5/data/ratis/7655a46e-16d7-4012-8626-0ae4806ae70d
2019-09-12 14:30:13,555 [pool-27-thread-1] INFO  server.RaftServerConfigKeys (ConfUtils.java:logGet(43)) - raft.server.log.purge.gap = 1000000 (custom)
2019-09-12 14:30:13,555 [pool-77-thread-1] INFO  server.RaftServerConfigKeys (ConfUtils.java:logGet(43)) - raft.server.log.queue.byte-limit = 2147483647 (custom)
2019-09-12 14:30:13,555 [pool-87-thread-1] INFO  server.RaftServerConfigKeys (ConfUtils.java:logGet(43)) - raft.server.log.purge.gap = 1000000 (custom)
2019-09-12 14:30:13,555 [pool-77-thread-1] INFO  server.RaftServerConfigKeys (ConfUtils.java:logGet(43)) - raft.server.log.queue.element-limit = 1024 (custom)
2019-09-12 14:30:13,555 [pool-27-thread-1] INFO  server.RaftServerConfigKeys (ConfUtils.java:logGet(43)) - raft.server.log.appender.buffer.byte-limit = 33554432 (custom)
2019-09-12 14:30:13,556 [pool-77-thread-1] INFO  server.RaftServerConfigKeys (ConfUtils.java:logGet(43)) - raft.server.log.segment.size.max = 1048576 (custom)
2019-09-12 14:30:13,556 [pool-87-thread-1] INFO  server.RaftServerConfigKeys (ConfUtils.java:logGet(43)) - raft.server.log.appender.buffer.byte-limit = 33554432 (custom)
2019-09-12 14:30:13,556 [pool-77-thread-1] INFO  server.RaftServerConfigKeys (ConfUtils.java:logGet(43)) - raft.server.log.preallocated.size = 16384 (custom)
2019-09-12 14:30:13,556 [pool-27-thread-1] INFO  server.RaftServerConfigKeys (ConfUtils.java:logGet(43)) - raft.server.log.segment.size.max = 1048576 (custom)
2019-09-12 14:30:13,556 [pool-77-thread-1] INFO  server.RaftServerConfigKeys (ConfUtils.java:logGet(43)) - raft.server.log.write.buffer.size = 33554432 (custom)
2019-09-12 14:30:13,556 [pool-87-thread-1] INFO  server.RaftServerConfigKeys (ConfUtils.java:logGet(43)) - raft.server.log.segment.size.max = 1048576 (custom)
2019-09-12 14:30:13,557 [pool-77-thread-1] INFO  server.RaftServerConfigKeys (ConfUtils.java:logGet(43)) - raft.server.log.force.sync.num = 128 (default)
2019-09-12 14:30:13,557 [pool-27-thread-1] INFO  server.RaftServerConfigKeys (ConfUtils.java:logGet(43)) - raft.server.log.segment.cache.num.max = 2 (custom)
2019-09-12 14:30:13,557 [pool-77-thread-1] INFO  server.RaftServerConfigKeys (ConfUtils.java:logGet(43)) - raft.server.log.statemachine.data.sync = true (default)
2019-09-12 14:30:13,557 [pool-87-thread-1] INFO  server.RaftServerConfigKeys (ConfUtils.java:logGet(43)) - raft.server.log.segment.cache.num.max = 2 (custom)
2019-09-12 14:30:13,557 [pool-77-thread-1] INFO  server.RaftServerConfigKeys (ConfUtils.java:logGet(43)) - raft.server.log.statemachine.data.sync.timeout = 10s (default)
2019-09-12 14:30:13,557 [pool-27-thread-1] INFO  segmented.SegmentedRaftLogWorker (SegmentedRaftLogWorker.java:<init>(172)) - new c26651e2-a96c-4010-919f-87a827874a5b@group-0AE4806AE70D-SegmentedRaftLogWorker for RaftStorage:Storage Directory /workdir/hadoop-ozone/integration-test/target/test-dir/MiniOzoneClusterImpl-41377667-f0d9-4871-9116-d36166c13ac1/datanode-0/data/ratis/7655a46e-16d7-4012-8626-0ae4806ae70d
2019-09-12 14:30:13,558 [pool-77-thread-1] INFO  server.RaftServerConfigKeys (ConfUtils.java:logGet(43)) - raft.server.log.statemachine.data.sync.timeout.retry = -1 (default)
2019-09-12 14:30:13,558 [pool-87-thread-1] INFO  segmented.SegmentedRaftLogWorker (SegmentedRaftLogWorker.java:<init>(172)) - new a3deabaa-6f33-4549-9afe-d811f1beb6dc@group-0AE4806AE70D-SegmentedRaftLogWorker for RaftStorage:Storage Directory /workdir/hadoop-ozone/integration-test/target/test-dir/MiniOzoneClusterImpl-41377667-f0d9-4871-9116-d36166c13ac1/datanode-6/data/ratis/7655a46e-16d7-4012-8626-0ae4806ae70d
2019-09-12 14:30:13,558 [pool-77-thread-1] INFO  server.RaftServerConfigKeys (ConfUtils.java:logGet(43)) - raft.server.log.statemachine.data.caching.enabled = true (custom)
2019-09-12 14:30:13,558 [pool-27-thread-1] INFO  server.RaftServerConfigKeys (ConfUtils.java:logGet(43)) - raft.server.log.queue.byte-limit = 2147483647 (custom)
2019-09-12 14:30:13,558 [pool-87-thread-1] INFO  server.RaftServerConfigKeys (ConfUtils.java:logGet(43)) - raft.server.log.queue.byte-limit = 2147483647 (custom)
2019-09-12 14:30:13,559 [pool-77-thread-1] INFO  segmented.SegmentedRaftLogWorker (SegmentedRaftLogWorker.java:lambda$new$0(132)) - e2538fa5-58a8-4aba-9576-486ea31efcb2@group-0AE4806AE70D-SegmentedRaftLogWorker: flushIndex: setUnconditionally 0 -> -1
2019-09-12 14:30:13,559 [pool-27-thread-1] INFO  server.RaftServerConfigKeys (ConfUtils.java:logGet(43)) - raft.server.log.queue.element-limit = 1024 (custom)
2019-09-12 14:30:13,559 [pool-87-thread-1] INFO  server.RaftServerConfigKeys (ConfUtils.java:logGet(43)) - raft.server.log.queue.element-limit = 1024 (custom)
2019-09-12 14:30:13,559 [pool-77-thread-1] INFO  server.RaftServerConfigKeys (ConfUtils.java:logGet(43)) - raft.server.snapshot.auto.trigger.enabled = true (custom)
2019-09-12 14:30:13,559 [pool-27-thread-1] INFO  server.RaftServerConfigKeys (ConfUtils.java:logGet(43)) - raft.server.log.segment.size.max = 1048576 (custom)
2019-09-12 14:30:13,560 [pool-77-thread-1] INFO  server.RaftServerConfigKeys (ConfUtils.java:logGet(43)) - raft.server.snapshot.auto.trigger.threshold = 10000 (custom)
2019-09-12 14:30:13,560 [pool-87-thread-1] INFO  server.RaftServerConfigKeys (ConfUtils.java:logGet(43)) - raft.server.log.segment.size.max = 1048576 (custom)
2019-09-12 14:30:13,560 [pool-77-thread-1] INFO  server.RaftServerConfigKeys (ConfUtils.java:logGet(43)) - raft.server.snapshot.retention.num.files = -1 (default)
2019-09-12 14:30:13,560 [pool-27-thread-1] INFO  server.RaftServerConfigKeys (ConfUtils.java:logGet(43)) - raft.server.log.preallocated.size = 16384 (custom)
2019-09-12 14:30:13,560 [pool-77-thread-1] INFO  server.RaftServerConfigKeys (ConfUtils.java:logGet(43)) - raft.server.retrycache.expirytime = 600000ms (custom)
2019-09-12 14:30:13,560 [pool-87-thread-1] INFO  server.RaftServerConfigKeys (ConfUtils.java:logGet(43)) - raft.server.log.preallocated.size = 16384 (custom)
2019-09-12 14:30:13,560 [pool-27-thread-1] INFO  server.RaftServerConfigKeys (ConfUtils.java:logGet(43)) - raft.server.log.write.buffer.size = 33554432 (custom)
2019-09-12 14:30:13,561 [pool-87-thread-1] INFO  server.RaftServerConfigKeys (ConfUtils.java:logGet(43)) - raft.server.log.write.buffer.size = 33554432 (custom)
2019-09-12 14:30:13,561 [pool-27-thread-1] INFO  server.RaftServerConfigKeys (ConfUtils.java:logGet(43)) - raft.server.log.force.sync.num = 128 (default)
2019-09-12 14:30:13,561 [pool-87-thread-1] INFO  server.RaftServerConfigKeys (ConfUtils.java:logGet(43)) - raft.server.log.force.sync.num = 128 (default)
2019-09-12 14:30:13,561 [pool-27-thread-1] INFO  server.RaftServerConfigKeys (ConfUtils.java:logGet(43)) - raft.server.log.statemachine.data.sync = true (default)
2019-09-12 14:30:13,561 [pool-87-thread-1] INFO  server.RaftServerConfigKeys (ConfUtils.java:logGet(43)) - raft.server.log.statemachine.data.sync = true (default)
2019-09-12 14:30:13,561 [pool-27-thread-1] INFO  server.RaftServerConfigKeys (ConfUtils.java:logGet(43)) - raft.server.log.statemachine.data.sync.timeout = 10s (default)
2019-09-12 14:30:13,562 [pool-87-thread-1] INFO  server.RaftServerConfigKeys (ConfUtils.java:logGet(43)) - raft.server.log.statemachine.data.sync.timeout = 10s (default)
2019-09-12 14:30:13,562 [pool-27-thread-1] INFO  server.RaftServerConfigKeys (ConfUtils.java:logGet(43)) - raft.server.log.statemachine.data.sync.timeout.retry = -1 (default)
2019-09-12 14:30:13,562 [pool-87-thread-1] INFO  server.RaftServerConfigKeys (ConfUtils.java:logGet(43)) - raft.server.log.statemachine.data.sync.timeout.retry = -1 (default)
2019-09-12 14:30:13,562 [pool-27-thread-1] INFO  server.RaftServerConfigKeys (ConfUtils.java:logGet(43)) - raft.server.log.statemachine.data.caching.enabled = true (custom)
2019-09-12 14:30:13,562 [pool-87-thread-1] INFO  server.RaftServerConfigKeys (ConfUtils.java:logGet(43)) - raft.server.log.statemachine.data.caching.enabled = true (custom)
2019-09-12 14:30:13,562 [pool-27-thread-1] INFO  segmented.SegmentedRaftLogWorker (SegmentedRaftLogWorker.java:lambda$new$0(132)) - c26651e2-a96c-4010-919f-87a827874a5b@group-0AE4806AE70D-SegmentedRaftLogWorker: flushIndex: setUnconditionally 0 -> -1
2019-09-12 14:30:13,563 [pool-87-thread-1] INFO  segmented.SegmentedRaftLogWorker (SegmentedRaftLogWorker.java:lambda$new$0(132)) - a3deabaa-6f33-4549-9afe-d811f1beb6dc@group-0AE4806AE70D-SegmentedRaftLogWorker: flushIndex: setUnconditionally 0 -> -1
2019-09-12 14:30:13,563 [pool-27-thread-1] INFO  server.RaftServerConfigKeys (ConfUtils.java:logGet(43)) - raft.server.snapshot.auto.trigger.enabled = true (custom)
2019-09-12 14:30:13,563 [pool-27-thread-1] INFO  server.RaftServerConfigKeys (ConfUtils.java:logGet(43)) - raft.server.snapshot.auto.trigger.threshold = 10000 (custom)
2019-09-12 14:30:13,563 [pool-87-thread-1] INFO  server.RaftServerConfigKeys (ConfUtils.java:logGet(43)) - raft.server.snapshot.auto.trigger.enabled = true (custom)
2019-09-12 14:30:13,563 [pool-27-thread-1] INFO  server.RaftServerConfigKeys (ConfUtils.java:logGet(43)) - raft.server.snapshot.retention.num.files = -1 (default)
2019-09-12 14:30:13,563 [pool-87-thread-1] INFO  server.RaftServerConfigKeys (ConfUtils.java:logGet(43)) - raft.server.snapshot.auto.trigger.threshold = 10000 (custom)
2019-09-12 14:30:13,563 [pool-27-thread-1] INFO  server.RaftServerConfigKeys (ConfUtils.java:logGet(43)) - raft.server.retrycache.expirytime = 600000ms (custom)
2019-09-12 14:30:13,564 [pool-87-thread-1] INFO  server.RaftServerConfigKeys (ConfUtils.java:logGet(43)) - raft.server.snapshot.retention.num.files = -1 (default)
2019-09-12 14:30:13,564 [pool-77-thread-1] INFO  impl.RaftServerImpl (RaftServerImpl.java:start(185)) - e2538fa5-58a8-4aba-9576-486ea31efcb2@group-0AE4806AE70D: start as a follower, conf=-1: [e2538fa5-58a8-4aba-9576-486ea31efcb2:192.168.5.171:42589, a3deabaa-6f33-4549-9afe-d811f1beb6dc:192.168.5.171:38678, c26651e2-a96c-4010-919f-87a827874a5b:192.168.5.171:46803], old=null
2019-09-12 14:30:13,564 [pool-87-thread-1] INFO  server.RaftServerConfigKeys (ConfUtils.java:logGet(43)) - raft.server.retrycache.expirytime = 600000ms (custom)
2019-09-12 14:30:13,564 [pool-77-thread-1] INFO  impl.RaftServerImpl (RaftServerImpl.java:setRole(174)) - e2538fa5-58a8-4aba-9576-486ea31efcb2@group-0AE4806AE70D: changes role from      null to FOLLOWER at term 0 for startAsFollower
2019-09-12 14:30:13,564 [pool-77-thread-1] INFO  impl.RoleInfo (RoleInfo.java:updateAndGet(143)) - e2538fa5-58a8-4aba-9576-486ea31efcb2: start FollowerState
2019-09-12 14:30:13,565 [pool-77-thread-1] INFO  util.JmxRegister (JmxRegister.java:tryRegister(44)) - Successfully registered JMX Bean with object name Ratis:service=RaftServer,group=group-0AE4806AE70D,id=e2538fa5-58a8-4aba-9576-486ea31efcb2
2019-09-12 14:30:13,567 [pool-27-thread-1] INFO  impl.RaftServerImpl (RaftServerImpl.java:start(185)) - c26651e2-a96c-4010-919f-87a827874a5b@group-0AE4806AE70D: start as a follower, conf=-1: [e2538fa5-58a8-4aba-9576-486ea31efcb2:192.168.5.171:42589, a3deabaa-6f33-4549-9afe-d811f1beb6dc:192.168.5.171:38678, c26651e2-a96c-4010-919f-87a827874a5b:192.168.5.171:46803], old=null
2019-09-12 14:30:13,567 [pool-27-thread-1] INFO  impl.RaftServerImpl (RaftServerImpl.java:setRole(174)) - c26651e2-a96c-4010-919f-87a827874a5b@group-0AE4806AE70D: changes role from      null to FOLLOWER at term 0 for startAsFollower
2019-09-12 14:30:13,567 [pool-27-thread-1] INFO  impl.RoleInfo (RoleInfo.java:updateAndGet(143)) - c26651e2-a96c-4010-919f-87a827874a5b: start FollowerState
2019-09-12 14:30:13,569 [pool-27-thread-1] INFO  util.JmxRegister (JmxRegister.java:tryRegister(44)) - Successfully registered JMX Bean with object name Ratis:service=RaftServer,group=group-0AE4806AE70D,id=c26651e2-a96c-4010-919f-87a827874a5b
2019-09-12 14:30:13,569 [pool-87-thread-1] INFO  impl.RaftServerImpl (RaftServerImpl.java:start(185)) - a3deabaa-6f33-4549-9afe-d811f1beb6dc@group-0AE4806AE70D: start as a follower, conf=-1: [e2538fa5-58a8-4aba-9576-486ea31efcb2:192.168.5.171:42589, a3deabaa-6f33-4549-9afe-d811f1beb6dc:192.168.5.171:38678, c26651e2-a96c-4010-919f-87a827874a5b:192.168.5.171:46803], old=null
2019-09-12 14:30:13,570 [pool-87-thread-1] INFO  impl.RaftServerImpl (RaftServerImpl.java:setRole(174)) - a3deabaa-6f33-4549-9afe-d811f1beb6dc@group-0AE4806AE70D: changes role from      null to FOLLOWER at term 0 for startAsFollower
2019-09-12 14:30:13,570 [pool-87-thread-1] INFO  impl.RoleInfo (RoleInfo.java:updateAndGet(143)) - a3deabaa-6f33-4549-9afe-d811f1beb6dc: start FollowerState
2019-09-12 14:30:13,570 [pool-87-thread-1] INFO  util.JmxRegister (JmxRegister.java:tryRegister(44)) - Successfully registered JMX Bean with object name Ratis:service=RaftServer,group=group-0AE4806AE70D,id=a3deabaa-6f33-4549-9afe-d811f1beb6dc
2019-09-12 14:30:13,573 [RatisPipelineUtilsThread] INFO  pipeline.PipelineStateManager (PipelineStateManager.java:addPipeline(56)) - Created pipeline Pipeline[ Id: 7655a46e-16d7-4012-8626-0ae4806ae70d, Nodes: e2538fa5-58a8-4aba-9576-486ea31efcb2{ip: 192.168.5.171, host: pr-hdds-2007-n4wwz-4249666578, networkLocation: /default-rack, certSerialId: null}c26651e2-a96c-4010-919f-87a827874a5b{ip: 192.168.5.171, host: pr-hdds-2007-n4wwz-4249666578, networkLocation: /default-rack, certSerialId: null}a3deabaa-6f33-4549-9afe-d811f1beb6dc{ip: 192.168.5.171, host: pr-hdds-2007-n4wwz-4249666578, networkLocation: /default-rack, certSerialId: null}, Type:RATIS, Factor:THREE, State:OPEN]
2019-09-12 14:30:14,204 [grpc-default-executor-6] INFO  client.GrpcClientProtocolClient (GrpcClientProtocolClient.java:onNext(264)) - client-35FAC708AFA2->a3deabaa-6f33-4549-9afe-d811f1beb6dc: receive RaftClientReply:client-35FAC708AFA2->a3deabaa-6f33-4549-9afe-d811f1beb6dc@group-3E8E6CBD8592, cid=44, FAILED org.apache.ratis.protocol.NotLeaderException: Server a3deabaa-6f33-4549-9afe-d811f1beb6dc@group-3E8E6CBD8592 is not the leader e2538fa5-58a8-4aba-9576-486ea31efcb2:192.168.5.171:42589, logIndex=0, commits[a3deabaa-6f33-4549-9afe-d811f1beb6dc:c6, e2538fa5-58a8-4aba-9576-486ea31efcb2:c6, c26651e2-a96c-4010-919f-87a827874a5b:c4]
2019-09-12 14:30:14,854 [org.apache.ratis.server.impl.LogAppender$AppenderDaemon$$Lambda$489/854952238@325cd00c] ERROR ratis.XceiverServerRatis (XceiverServerRatis.java:triggerPipelineClose(568)) - pipeline Action CLOSE  on pipeline PipelineID=956661f3-60ec-4db1-ba7e-3e8e6cbd8592.Reason : e2538fa5-58a8-4aba-9576-486ea31efcb2 has not seen follower/s a3deabaa-6f33-4549-9afe-d811f1beb6dc for 162399ms c26651e2-a96c-4010-919f-87a827874a5b for 162396ms
2019-09-12 14:30:14,854 [org.apache.ratis.server.impl.LogAppender$AppenderDaemon$$Lambda$489/854952238@56954f24] ERROR ratis.XceiverServerRatis (XceiverServerRatis.java:triggerPipelineClose(568)) - pipeline Action CLOSE  on pipeline PipelineID=956661f3-60ec-4db1-ba7e-3e8e6cbd8592.Reason : e2538fa5-58a8-4aba-9576-486ea31efcb2 has not seen follower/s a3deabaa-6f33-4549-9afe-d811f1beb6dc for 162399ms c26651e2-a96c-4010-919f-87a827874a5b for 162396ms
2019-09-12 14:30:15,353 [java.util.concurrent.ThreadPoolExecutor$Worker@44ea9f2[State = -1, empty queue]] WARN  server.GrpcLogAppender (GrpcLogAppender.java:timeoutAppendRequest(200)) - e2538fa5-58a8-4aba-9576-486ea31efcb2@group-3E8E6CBD8592->c26651e2-a96c-4010-919f-87a827874a5b-GrpcLogAppender: appendEntries Timeout, request=e2538fa5-58a8-4aba-9576-486ea31efcb2->c26651e2-a96c-4010-919f-87a827874a5b#77-t1, previous=(t:1, i:13), leaderCommit=6, initializing? false, entries: <empty>
2019-09-12 14:30:15,353 [java.util.concurrent.ThreadPoolExecutor$Worker@4f438dcf[State = -1, empty queue]] WARN  server.GrpcLogAppender (GrpcLogAppender.java:timeoutAppendRequest(200)) - e2538fa5-58a8-4aba-9576-486ea31efcb2@group-3E8E6CBD8592->a3deabaa-6f33-4549-9afe-d811f1beb6dc-GrpcLogAppender: appendEntries Timeout, request=e2538fa5-58a8-4aba-9576-486ea31efcb2->a3deabaa-6f33-4549-9afe-d811f1beb6dc#77-t1, previous=(t:1, i:13), leaderCommit=6, initializing? false, entries: <empty>
2019-09-12 14:30:15,844 [EventQueue-PipelineActionsForPipelineActionHandler] ERROR pipeline.PipelineActionHandler (PipelineActionHandler.java:onMessage(60)) - Received pipeline action CLOSE for Pipeline[ Id: 956661f3-60ec-4db1-ba7e-3e8e6cbd8592, Nodes: e2538fa5-58a8-4aba-9576-486ea31efcb2{ip: 192.168.5.171, host: pr-hdds-2007-n4wwz-4249666578, networkLocation: /default-rack, certSerialId: null}c26651e2-a96c-4010-919f-87a827874a5b{ip: 192.168.5.171, host: pr-hdds-2007-n4wwz-4249666578, networkLocation: /default-rack, certSerialId: null}a3deabaa-6f33-4549-9afe-d811f1beb6dc{ip: 192.168.5.171, host: pr-hdds-2007-n4wwz-4249666578, networkLocation: /default-rack, certSerialId: null}, Type:RATIS, Factor:THREE, State:CLOSED] from datanode e2538fa5-58a8-4aba-9576-486ea31efcb2{ip: 192.168.5.171, host: pr-hdds-2007-n4wwz-4249666578, networkLocation: /default-rack, certSerialId: null}. Reason : e2538fa5-58a8-4aba-9576-486ea31efcb2 has not seen follower/s a3deabaa-6f33-4549-9afe-d811f1beb6dc for 162399ms c26651e2-a96c-4010-919f-87a827874a5b for 162396ms
2019-09-12 14:30:15,844 [EventQueue-PipelineActionsForPipelineActionHandler] INFO  pipeline.SCMPipelineManager (SCMPipelineManager.java:finalizeAndDestroyPipeline(311)) - destroying pipeline:Pipeline[ Id: 956661f3-60ec-4db1-ba7e-3e8e6cbd8592, Nodes: e2538fa5-58a8-4aba-9576-486ea31efcb2{ip: 192.168.5.171, host: pr-hdds-2007-n4wwz-4249666578, networkLocation: /default-rack, certSerialId: null}c26651e2-a96c-4010-919f-87a827874a5b{ip: 192.168.5.171, host: pr-hdds-2007-n4wwz-4249666578, networkLocation: /default-rack, certSerialId: null}a3deabaa-6f33-4549-9afe-d811f1beb6dc{ip: 192.168.5.171, host: pr-hdds-2007-n4wwz-4249666578, networkLocation: /default-rack, certSerialId: null}, Type:RATIS, Factor:THREE, State:CLOSED]
2019-09-12 14:30:17,355 [org.apache.ratis.server.impl.LogAppender$AppenderDaemon$$Lambda$489/854952238@56954f24] ERROR ratis.XceiverServerRatis (XceiverServerRatis.java:triggerPipelineClose(568)) - pipeline Action CLOSE  on pipeline PipelineID=956661f3-60ec-4db1-ba7e-3e8e6cbd8592.Reason : e2538fa5-58a8-4aba-9576-486ea31efcb2 has not seen follower/s a3deabaa-6f33-4549-9afe-d811f1beb6dc for 164899ms c26651e2-a96c-4010-919f-87a827874a5b for 164896ms
2019-09-12 14:30:17,355 [org.apache.ratis.server.impl.LogAppender$AppenderDaemon$$Lambda$489/854952238@325cd00c] ERROR ratis.XceiverServerRatis (XceiverServerRatis.java:triggerPipelineClose(568)) - pipeline Action CLOSE  on pipeline PipelineID=956661f3-60ec-4db1-ba7e-3e8e6cbd8592.Reason : e2538fa5-58a8-4aba-9576-486ea31efcb2 has not seen follower/s a3deabaa-6f33-4549-9afe-d811f1beb6dc for 164900ms c26651e2-a96c-4010-919f-87a827874a5b for 164897ms
2019-09-12 14:30:17,845 [EventQueue-PipelineActionsForPipelineActionHandler] ERROR pipeline.PipelineActionHandler (PipelineActionHandler.java:onMessage(60)) - Received pipeline action CLOSE for Pipeline[ Id: 956661f3-60ec-4db1-ba7e-3e8e6cbd8592, Nodes: e2538fa5-58a8-4aba-9576-486ea31efcb2{ip: 192.168.5.171, host: pr-hdds-2007-n4wwz-4249666578, networkLocation: /default-rack, certSerialId: null}c26651e2-a96c-4010-919f-87a827874a5b{ip: 192.168.5.171, host: pr-hdds-2007-n4wwz-4249666578, networkLocation: /default-rack, certSerialId: null}a3deabaa-6f33-4549-9afe-d811f1beb6dc{ip: 192.168.5.171, host: pr-hdds-2007-n4wwz-4249666578, networkLocation: /default-rack, certSerialId: null}, Type:RATIS, Factor:THREE, State:CLOSED] from datanode e2538fa5-58a8-4aba-9576-486ea31efcb2{ip: 192.168.5.171, host: pr-hdds-2007-n4wwz-4249666578, networkLocation: /default-rack, certSerialId: null}. Reason : e2538fa5-58a8-4aba-9576-486ea31efcb2 has not seen follower/s a3deabaa-6f33-4549-9afe-d811f1beb6dc for 164899ms c26651e2-a96c-4010-919f-87a827874a5b for 164896ms
2019-09-12 14:30:17,846 [EventQueue-PipelineActionsForPipelineActionHandler] INFO  pipeline.SCMPipelineManager (SCMPipelineManager.java:finalizeAndDestroyPipeline(311)) - destroying pipeline:Pipeline[ Id: 956661f3-60ec-4db1-ba7e-3e8e6cbd8592, Nodes: e2538fa5-58a8-4aba-9576-486ea31efcb2{ip: 192.168.5.171, host: pr-hdds-2007-n4wwz-4249666578, networkLocation: /default-rack, certSerialId: null}c26651e2-a96c-4010-919f-87a827874a5b{ip: 192.168.5.171, host: pr-hdds-2007-n4wwz-4249666578, networkLocation: /default-rack, certSerialId: null}a3deabaa-6f33-4549-9afe-d811f1beb6dc{ip: 192.168.5.171, host: pr-hdds-2007-n4wwz-4249666578, networkLocation: /default-rack, certSerialId: null}, Type:RATIS, Factor:THREE, State:CLOSED]
2019-09-12 14:30:17,854 [java.util.concurrent.ThreadPoolExecutor$Worker@44ea9f2[State = -1, empty queue]] WARN  server.GrpcLogAppender (GrpcLogAppender.java:timeoutAppendRequest(200)) - e2538fa5-58a8-4aba-9576-486ea31efcb2@group-3E8E6CBD8592->c26651e2-a96c-4010-919f-87a827874a5b-GrpcLogAppender: appendEntries Timeout, request=e2538fa5-58a8-4aba-9576-486ea31efcb2->c26651e2-a96c-4010-919f-87a827874a5b#78-t1, previous=(t:1, i:13), leaderCommit=6, initializing? false, entries: <empty>
2019-09-12 14:30:17,854 [java.util.concurrent.ThreadPoolExecutor$Worker@4f438dcf[State = -1, empty queue]] WARN  server.GrpcLogAppender (GrpcLogAppender.java:timeoutAppendRequest(200)) - e2538fa5-58a8-4aba-9576-486ea31efcb2@group-3E8E6CBD8592->a3deabaa-6f33-4549-9afe-d811f1beb6dc-GrpcLogAppender: appendEntries Timeout, request=e2538fa5-58a8-4aba-9576-486ea31efcb2->a3deabaa-6f33-4549-9afe-d811f1beb6dc#78-t1, previous=(t:1, i:13), leaderCommit=6, initializing? false, entries: <empty>
2019-09-12 14:30:18,596 [Thread-1355] INFO  impl.FollowerState (FollowerState.java:run(106)) - c26651e2-a96c-4010-919f-87a827874a5b:group-0AE4806AE70D changes to CANDIDATE, lastRpcTime:5028, electionTimeout:5026ms
2019-09-12 14:30:18,596 [Thread-1355] INFO  impl.RoleInfo (RoleInfo.java:shutdownFollowerState(121)) - c26651e2-a96c-4010-919f-87a827874a5b: shutdown FollowerState
2019-09-12 14:30:18,596 [Thread-1355] INFO  impl.RaftServerImpl (RaftServerImpl.java:setRole(174)) - c26651e2-a96c-4010-919f-87a827874a5b@group-0AE4806AE70D: changes role from  FOLLOWER to CANDIDATE at term 0 for changeToCandidate
2019-09-12 14:30:18,596 [Thread-1355] INFO  impl.RoleInfo (RoleInfo.java:updateAndGet(143)) - c26651e2-a96c-4010-919f-87a827874a5b: start LeaderElection
2019-09-12 14:30:18,620 [c26651e2-a96c-4010-919f-87a827874a5b@group-0AE4806AE70D:LeaderElection13] INFO  impl.LeaderElection (LeaderElection.java:askForVotes(182)) - c26651e2-a96c-4010-919f-87a827874a5b@group-0AE4806AE70D:LeaderElection13: begin an election at term 1 for -1: [e2538fa5-58a8-4aba-9576-486ea31efcb2:192.168.5.171:42589, a3deabaa-6f33-4549-9afe-d811f1beb6dc:192.168.5.171:38678, c26651e2-a96c-4010-919f-87a827874a5b:192.168.5.171:46803], old=null
2019-09-12 14:30:18,630 [grpc-default-executor-6] INFO  impl.RaftServerImpl (RaftServerImpl.java:setRole(174)) - a3deabaa-6f33-4549-9afe-d811f1beb6dc@group-0AE4806AE70D: changes role from  FOLLOWER to FOLLOWER at term 1 for recognizeCandidate:c26651e2-a96c-4010-919f-87a827874a5b
2019-09-12 14:30:18,630 [grpc-default-executor-7] INFO  impl.RaftServerImpl (RaftServerImpl.java:setRole(174)) - e2538fa5-58a8-4aba-9576-486ea31efcb2@group-0AE4806AE70D: changes role from  FOLLOWER to FOLLOWER at term 1 for recognizeCandidate:c26651e2-a96c-4010-919f-87a827874a5b
2019-09-12 14:30:18,630 [grpc-default-executor-6] INFO  impl.RoleInfo (RoleInfo.java:shutdownFollowerState(121)) - a3deabaa-6f33-4549-9afe-d811f1beb6dc: shutdown FollowerState
2019-09-12 14:30:18,631 [grpc-default-executor-7] INFO  impl.RoleInfo (RoleInfo.java:shutdownFollowerState(121)) - e2538fa5-58a8-4aba-9576-486ea31efcb2: shutdown FollowerState
2019-09-12 14:30:18,631 [Thread-1357] INFO  impl.FollowerState (FollowerState.java:run(115)) - a3deabaa-6f33-4549-9afe-d811f1beb6dc: FollowerState was interrupted: java.lang.InterruptedException: sleep interrupted
2019-09-12 14:30:18,631 [grpc-default-executor-7] INFO  impl.RoleInfo (RoleInfo.java:updateAndGet(143)) - e2538fa5-58a8-4aba-9576-486ea31efcb2: start FollowerState
2019-09-12 14:30:18,631 [grpc-default-executor-6] INFO  impl.RoleInfo (RoleInfo.java:updateAndGet(143)) - a3deabaa-6f33-4549-9afe-d811f1beb6dc: start FollowerState
2019-09-12 14:30:18,650 [Thread-1353] INFO  impl.FollowerState (FollowerState.java:run(115)) - e2538fa5-58a8-4aba-9576-486ea31efcb2: FollowerState was interrupted: java.lang.InterruptedException: sleep interrupted
2019-09-12 14:30:18,671 [c26651e2-a96c-4010-919f-87a827874a5b@group-0AE4806AE70D:LeaderElection13] INFO  impl.LeaderElection (LeaderElection.java:logAndReturn(56)) - c26651e2-a96c-4010-919f-87a827874a5b@group-0AE4806AE70D:LeaderElection13: Election PASSED; received 1 response(s) [c26651e2-a96c-4010-919f-87a827874a5b<-e2538fa5-58a8-4aba-9576-486ea31efcb2#0:OK-t1] and 0 exception(s); c26651e2-a96c-4010-919f-87a827874a5b@group-0AE4806AE70D:t1, leader=null, voted=c26651e2-a96c-4010-919f-87a827874a5b, raftlog=c26651e2-a96c-4010-919f-87a827874a5b@group-0AE4806AE70D-SegmentedRaftLog:OPENED:c-1,f-1,i0, conf=-1: [e2538fa5-58a8-4aba-9576-486ea31efcb2:192.168.5.171:42589, a3deabaa-6f33-4549-9afe-d811f1beb6dc:192.168.5.171:38678, c26651e2-a96c-4010-919f-87a827874a5b:192.168.5.171:46803], old=null
2019-09-12 14:30:18,672 [c26651e2-a96c-4010-919f-87a827874a5b@group-0AE4806AE70D:LeaderElection13] INFO  impl.RoleInfo (RoleInfo.java:shutdownLeaderElection(134)) - c26651e2-a96c-4010-919f-87a827874a5b: shutdown LeaderElection
2019-09-12 14:30:18,675 [c26651e2-a96c-4010-919f-87a827874a5b@group-0AE4806AE70D:LeaderElection13] INFO  impl.RaftServerImpl (RaftServerImpl.java:setRole(174)) - c26651e2-a96c-4010-919f-87a827874a5b@group-0AE4806AE70D: changes role from CANDIDATE to LEADER at term 1 for changeToLeader
2019-09-12 14:30:18,675 [c26651e2-a96c-4010-919f-87a827874a5b@group-0AE4806AE70D:LeaderElection13] INFO  impl.RaftServerImpl (ServerState.java:setLeader(253)) - c26651e2-a96c-4010-919f-87a827874a5b@group-0AE4806AE70D: change Leader from null to c26651e2-a96c-4010-919f-87a827874a5b at term 1 for becomeLeader, leader elected after 5121ms
2019-09-12 14:30:18,675 [c26651e2-a96c-4010-919f-87a827874a5b@group-0AE4806AE70D:LeaderElection13] INFO  server.RaftServerConfigKeys (ConfUtils.java:logGet(43)) - raft.server.staging.catchup.gap = 1000 (default)
2019-09-12 14:30:18,676 [c26651e2-a96c-4010-919f-87a827874a5b@group-0AE4806AE70D:LeaderElection13] INFO  server.RaftServerConfigKeys (ConfUtils.java:logGet(43)) - raft.server.rpc.sleep.time = 25ms (default)
2019-09-12 14:30:18,676 [c26651e2-a96c-4010-919f-87a827874a5b@group-0AE4806AE70D:LeaderElection13] INFO  server.RaftServerConfigKeys (ConfUtils.java:logGet(43)) - raft.server.write.element-limit = 4096 (default)
2019-09-12 14:30:18,676 [c26651e2-a96c-4010-919f-87a827874a5b@group-0AE4806AE70D:LeaderElection13] INFO  server.RaftServerConfigKeys (ConfUtils.java:logGet(43)) - raft.server.watch.timeout = 10s (default)
2019-09-12 14:30:18,676 [c26651e2-a96c-4010-919f-87a827874a5b@group-0AE4806AE70D:LeaderElection13] INFO  server.RaftServerConfigKeys (ConfUtils.java:logGet(43)) - raft.server.watch.timeout.denomination = 1s (default)
2019-09-12 14:30:18,677 [c26651e2-a96c-4010-919f-87a827874a5b@group-0AE4806AE70D:LeaderElection13] INFO  server.RaftServerConfigKeys (ConfUtils.java:logGet(43)) - raft.server.watch.element-limit = 65536 (default)
2019-09-12 14:30:18,681 [c26651e2-a96c-4010-919f-87a827874a5b@group-0AE4806AE70D:LeaderElection13] INFO  server.RaftServerConfigKeys (ConfUtils.java:logGet(43)) - raft.server.log.appender.snapshot.chunk.size.max = 16MB (=16777216) (default)
2019-09-12 14:30:18,681 [c26651e2-a96c-4010-919f-87a827874a5b@group-0AE4806AE70D:LeaderElection13] INFO  server.RaftServerConfigKeys (ConfUtils.java:logGet(43)) - raft.server.log.appender.buffer.byte-limit = 33554432 (custom)
2019-09-12 14:30:18,682 [c26651e2-a96c-4010-919f-87a827874a5b@group-0AE4806AE70D:LeaderElection13] INFO  server.RaftServerConfigKeys (ConfUtils.java:logGet(43)) - raft.server.log.appender.buffer.element-limit = 1 (custom)
2019-09-12 14:30:18,682 [c26651e2-a96c-4010-919f-87a827874a5b@group-0AE4806AE70D:LeaderElection13] INFO  grpc.GrpcConfigKeys$Server (ConfUtils.java:logGet(43)) - raft.grpc.server.leader.outstanding.appends.max = 128 (default)
2019-09-12 14:30:18,682 [c26651e2-a96c-4010-919f-87a827874a5b@group-0AE4806AE70D:LeaderElection13] INFO  server.RaftServerConfigKeys (ConfUtils.java:logGet(43)) - raft.server.rpc.request.timeout = 3000ms (default)
2019-09-12 14:30:18,682 [c26651e2-a96c-4010-919f-87a827874a5b@group-0AE4806AE70D:LeaderElection13] INFO  server.RaftServerConfigKeys (ConfUtils.java:logGet(43)) - raft.server.log.appender.install.snapshot.enabled = false (custom)
2019-09-12 14:30:18,683 [c26651e2-a96c-4010-919f-87a827874a5b@group-0AE4806AE70D:LeaderElection13] INFO  server.RaftServerConfigKeys (ConfUtils.java:logGet(43)) - raft.server.log.appender.snapshot.chunk.size.max = 16MB (=16777216) (default)
2019-09-12 14:30:18,683 [c26651e2-a96c-4010-919f-87a827874a5b@group-0AE4806AE70D:LeaderElection13] INFO  server.RaftServerConfigKeys (ConfUtils.java:logGet(43)) - raft.server.log.appender.buffer.byte-limit = 33554432 (custom)
2019-09-12 14:30:18,683 [c26651e2-a96c-4010-919f-87a827874a5b@group-0AE4806AE70D:LeaderElection13] INFO  server.RaftServerConfigKeys (ConfUtils.java:logGet(43)) - raft.server.log.appender.buffer.element-limit = 1 (custom)
2019-09-12 14:30:18,683 [c26651e2-a96c-4010-919f-87a827874a5b@group-0AE4806AE70D:LeaderElection13] INFO  grpc.GrpcConfigKeys$Server (ConfUtils.java:logGet(43)) - raft.grpc.server.leader.outstanding.appends.max = 128 (default)
2019-09-12 14:30:18,683 [c26651e2-a96c-4010-919f-87a827874a5b@group-0AE4806AE70D:LeaderElection13] INFO  server.RaftServerConfigKeys (ConfUtils.java:logGet(43)) - raft.server.rpc.request.timeout = 3000ms (default)
2019-09-12 14:30:18,684 [c26651e2-a96c-4010-919f-87a827874a5b@group-0AE4806AE70D:LeaderElection13] INFO  server.RaftServerConfigKeys (ConfUtils.java:logGet(43)) - raft.server.log.appender.install.snapshot.enabled = false (custom)
2019-09-12 14:30:18,684 [c26651e2-a96c-4010-919f-87a827874a5b@group-0AE4806AE70D:LeaderElection13] INFO  impl.RoleInfo (RoleInfo.java:updateAndGet(143)) - c26651e2-a96c-4010-919f-87a827874a5b: start LeaderState
2019-09-12 14:30:18,684 [c26651e2-a96c-4010-919f-87a827874a5b@group-0AE4806AE70D:LeaderElection13] INFO  segmented.SegmentedRaftLogWorker (SegmentedRaftLogWorker.java:startLogSegment(380)) - c26651e2-a96c-4010-919f-87a827874a5b@group-0AE4806AE70D-SegmentedRaftLogWorker: Starting segment from index:0
2019-09-12 14:30:18,685 [c26651e2-a96c-4010-919f-87a827874a5b@group-0AE4806AE70D:LeaderElection13] INFO  impl.RaftServerImpl (ServerState.java:setRaftConf(354)) - c26651e2-a96c-4010-919f-87a827874a5b@group-0AE4806AE70D: set configuration 0: [e2538fa5-58a8-4aba-9576-486ea31efcb2:192.168.5.171:42589, a3deabaa-6f33-4549-9afe-d811f1beb6dc:192.168.5.171:38678, c26651e2-a96c-4010-919f-87a827874a5b:192.168.5.171:46803], old=null at 0
2019-09-12 14:30:18,729 [grpc-default-executor-6] INFO  impl.RaftServerImpl (ServerState.java:setLeader(253)) - e2538fa5-58a8-4aba-9576-486ea31efcb2@group-0AE4806AE70D: change Leader from null to c26651e2-a96c-4010-919f-87a827874a5b at term 1 for appendEntries, leader elected after 5175ms
2019-09-12 14:30:18,729 [grpc-default-executor-7] INFO  impl.RaftServerImpl (ServerState.java:setLeader(253)) - a3deabaa-6f33-4549-9afe-d811f1beb6dc@group-0AE4806AE70D: change Leader from null to c26651e2-a96c-4010-919f-87a827874a5b at term 1 for appendEntries, leader elected after 5175ms
2019-09-12 14:30:18,733 [grpc-default-executor-6] INFO  impl.RaftServerImpl (ServerState.java:setRaftConf(354)) - e2538fa5-58a8-4aba-9576-486ea31efcb2@group-0AE4806AE70D: set configuration 0: [e2538fa5-58a8-4aba-9576-486ea31efcb2:192.168.5.171:42589, a3deabaa-6f33-4549-9afe-d811f1beb6dc:192.168.5.171:38678, c26651e2-a96c-4010-919f-87a827874a5b:192.168.5.171:46803], old=null at 0
2019-09-12 14:30:18,733 [grpc-default-executor-7] INFO  impl.RaftServerImpl (ServerState.java:setRaftConf(354)) - a3deabaa-6f33-4549-9afe-d811f1beb6dc@group-0AE4806AE70D: set configuration 0: [e2538fa5-58a8-4aba-9576-486ea31efcb2:192.168.5.171:42589, a3deabaa-6f33-4549-9afe-d811f1beb6dc:192.168.5.171:38678, c26651e2-a96c-4010-919f-87a827874a5b:192.168.5.171:46803], old=null at 0
2019-09-12 14:30:18,733 [grpc-default-executor-6] INFO  segmented.SegmentedRaftLogWorker (SegmentedRaftLogWorker.java:startLogSegment(380)) - e2538fa5-58a8-4aba-9576-486ea31efcb2@group-0AE4806AE70D-SegmentedRaftLogWorker: Starting segment from index:0
2019-09-12 14:30:18,733 [grpc-default-executor-7] INFO  segmented.SegmentedRaftLogWorker (SegmentedRaftLogWorker.java:startLogSegment(380)) - a3deabaa-6f33-4549-9afe-d811f1beb6dc@group-0AE4806AE70D-SegmentedRaftLogWorker: Starting segment from index:0
2019-09-12 14:30:18,738 [c26651e2-a96c-4010-919f-87a827874a5b@group-0AE4806AE70D-SegmentedRaftLogWorker] INFO  segmented.SegmentedRaftLogWorker (SegmentedRaftLogWorker.java:execute(569)) - c26651e2-a96c-4010-919f-87a827874a5b@group-0AE4806AE70D-SegmentedRaftLogWorker: created new log segment /workdir/hadoop-ozone/integration-test/target/test-dir/MiniOzoneClusterImpl-41377667-f0d9-4871-9116-d36166c13ac1/datanode-0/data/ratis/7655a46e-16d7-4012-8626-0ae4806ae70d/current/log_inprogress_0
2019-09-12 14:30:18,790 [e2538fa5-58a8-4aba-9576-486ea31efcb2@group-0AE4806AE70D-SegmentedRaftLogWorker] INFO  segmented.SegmentedRaftLogWorker (SegmentedRaftLogWorker.java:execute(569)) - e2538fa5-58a8-4aba-9576-486ea31efcb2@group-0AE4806AE70D-SegmentedRaftLogWorker: created new log segment /workdir/hadoop-ozone/integration-test/target/test-dir/MiniOzoneClusterImpl-41377667-f0d9-4871-9116-d36166c13ac1/datanode-5/data/ratis/7655a46e-16d7-4012-8626-0ae4806ae70d/current/log_inprogress_0
2019-09-12 14:30:18,790 [a3deabaa-6f33-4549-9afe-d811f1beb6dc@group-0AE4806AE70D-SegmentedRaftLogWorker] INFO  segmented.SegmentedRaftLogWorker (SegmentedRaftLogWorker.java:execute(569)) - a3deabaa-6f33-4549-9afe-d811f1beb6dc@group-0AE4806AE70D-SegmentedRaftLogWorker: created new log segment /workdir/hadoop-ozone/integration-test/target/test-dir/MiniOzoneClusterImpl-41377667-f0d9-4871-9116-d36166c13ac1/datanode-6/data/ratis/7655a46e-16d7-4012-8626-0ae4806ae70d/current/log_inprogress_0
2019-09-12 14:30:19,246 [grpc-default-executor-7] INFO  client.GrpcClientProtocolClient (GrpcClientProtocolClient.java:onNext(264)) - client-35FAC708AFA2->a3deabaa-6f33-4549-9afe-d811f1beb6dc: receive RaftClientReply:client-35FAC708AFA2->a3deabaa-6f33-4549-9afe-d811f1beb6dc@group-3E8E6CBD8592, cid=44, FAILED org.apache.ratis.protocol.NotLeaderException: Server a3deabaa-6f33-4549-9afe-d811f1beb6dc@group-3E8E6CBD8592 is not the leader e2538fa5-58a8-4aba-9576-486ea31efcb2:192.168.5.171:42589, logIndex=0, commits[a3deabaa-6f33-4549-9afe-d811f1beb6dc:c6, e2538fa5-58a8-4aba-9576-486ea31efcb2:c6, c26651e2-a96c-4010-919f-87a827874a5b:c4]
2019-09-12 14:30:19,856 [org.apache.ratis.server.impl.LogAppender$AppenderDaemon$$Lambda$489/854952238@56954f24] ERROR ratis.XceiverServerRatis (XceiverServerRatis.java:triggerPipelineClose(568)) - pipeline Action CLOSE  on pipeline PipelineID=956661f3-60ec-4db1-ba7e-3e8e6cbd8592.Reason : e2538fa5-58a8-4aba-9576-486ea31efcb2 has not seen follower/s a3deabaa-6f33-4549-9afe-d811f1beb6dc for 167400ms c26651e2-a96c-4010-919f-87a827874a5b for 167397ms
2019-09-12 14:30:19,856 [org.apache.ratis.server.impl.LogAppender$AppenderDaemon$$Lambda$489/854952238@325cd00c] ERROR ratis.XceiverServerRatis (XceiverServerRatis.java:triggerPipelineClose(568)) - pipeline Action CLOSE  on pipeline PipelineID=956661f3-60ec-4db1-ba7e-3e8e6cbd8592.Reason : e2538fa5-58a8-4aba-9576-486ea31efcb2 has not seen follower/s a3deabaa-6f33-4549-9afe-d811f1beb6dc for 167400ms c26651e2-a96c-4010-919f-87a827874a5b for 167397ms
2019-09-12 14:30:20,355 [java.util.concurrent.ThreadPoolExecutor$Worker@4f438dcf[State = -1, empty queue]] WARN  server.GrpcLogAppender (GrpcLogAppender.java:timeoutAppendRequest(200)) - e2538fa5-58a8-4aba-9576-486ea31efcb2@group-3E8E6CBD8592->a3deabaa-6f33-4549-9afe-d811f1beb6dc-GrpcLogAppender: appendEntries Timeout, request=e2538fa5-58a8-4aba-9576-486ea31efcb2->a3deabaa-6f33-4549-9afe-d811f1beb6dc#79-t1, previous=(t:1, i:13), leaderCommit=6, initializing? false, entries: <empty>
2019-09-12 14:30:20,355 [java.util.concurrent.ThreadPoolExecutor$Worker@44ea9f2[State = -1, empty queue]] WARN  server.GrpcLogAppender (GrpcLogAppender.java:timeoutAppendRequest(200)) - e2538fa5-58a8-4aba-9576-486ea31efcb2@group-3E8E6CBD8592->c26651e2-a96c-4010-919f-87a827874a5b-GrpcLogAppender: appendEntries Timeout, request=e2538fa5-58a8-4aba-9576-486ea31efcb2->c26651e2-a96c-4010-919f-87a827874a5b#79-t1, previous=(t:1, i:13), leaderCommit=6, initializing? false, entries: <empty>
2019-09-12 14:30:20,844 [EventQueue-PipelineActionsForPipelineActionHandler] ERROR pipeline.PipelineActionHandler (PipelineActionHandler.java:onMessage(60)) - Received pipeline action CLOSE for Pipeline[ Id: 956661f3-60ec-4db1-ba7e-3e8e6cbd8592, Nodes: e2538fa5-58a8-4aba-9576-486ea31efcb2{ip: 192.168.5.171, host: pr-hdds-2007-n4wwz-4249666578, networkLocation: /default-rack, certSerialId: null}c26651e2-a96c-4010-919f-87a827874a5b{ip: 192.168.5.171, host: pr-hdds-2007-n4wwz-4249666578, networkLocation: /default-rack, certSerialId: null}a3deabaa-6f33-4549-9afe-d811f1beb6dc{ip: 192.168.5.171, host: pr-hdds-2007-n4wwz-4249666578, networkLocation: /default-rack, certSerialId: null}, Type:RATIS, Factor:THREE, State:CLOSED] from datanode e2538fa5-58a8-4aba-9576-486ea31efcb2{ip: 192.168.5.171, host: pr-hdds-2007-n4wwz-4249666578, networkLocation: /default-rack, certSerialId: null}. Reason : e2538fa5-58a8-4aba-9576-486ea31efcb2 has not seen follower/s a3deabaa-6f33-4549-9afe-d811f1beb6dc for 167400ms c26651e2-a96c-4010-919f-87a827874a5b for 167397ms
2019-09-12 14:30:20,845 [EventQueue-PipelineActionsForPipelineActionHandler] INFO  pipeline.SCMPipelineManager (SCMPipelineManager.java:finalizeAndDestroyPipeline(311)) - destroying pipeline:Pipeline[ Id: 956661f3-60ec-4db1-ba7e-3e8e6cbd8592, Nodes: e2538fa5-58a8-4aba-9576-486ea31efcb2{ip: 192.168.5.171, host: pr-hdds-2007-n4wwz-4249666578, networkLocation: /default-rack, certSerialId: null}c26651e2-a96c-4010-919f-87a827874a5b{ip: 192.168.5.171, host: pr-hdds-2007-n4wwz-4249666578, networkLocation: /default-rack, certSerialId: null}a3deabaa-6f33-4549-9afe-d811f1beb6dc{ip: 192.168.5.171, host: pr-hdds-2007-n4wwz-4249666578, networkLocation: /default-rack, certSerialId: null}, Type:RATIS, Factor:THREE, State:CLOSED]
2019-09-12 14:30:22,356 [org.apache.ratis.server.impl.LogAppender$AppenderDaemon$$Lambda$489/854952238@56954f24] ERROR ratis.XceiverServerRatis (XceiverServerRatis.java:triggerPipelineClose(568)) - pipeline Action CLOSE  on pipeline PipelineID=956661f3-60ec-4db1-ba7e-3e8e6cbd8592.Reason : e2538fa5-58a8-4aba-9576-486ea31efcb2 has not seen follower/s a3deabaa-6f33-4549-9afe-d811f1beb6dc for 169901ms c26651e2-a96c-4010-919f-87a827874a5b for 169898ms
2019-09-12 14:30:22,356 [org.apache.ratis.server.impl.LogAppender$AppenderDaemon$$Lambda$489/854952238@325cd00c] ERROR ratis.XceiverServerRatis (XceiverServerRatis.java:triggerPipelineClose(568)) - pipeline Action CLOSE  on pipeline PipelineID=956661f3-60ec-4db1-ba7e-3e8e6cbd8592.Reason : e2538fa5-58a8-4aba-9576-486ea31efcb2 has not seen follower/s a3deabaa-6f33-4549-9afe-d811f1beb6dc for 169901ms c26651e2-a96c-4010-919f-87a827874a5b for 169898ms
2019-09-12 14:30:22,626 [a3deabaa-6f33-4549-9afe-d811f1beb6dc@group-3E8E6CBD8592-SegmentedRaftLogWorker] WARN  segmented.SegmentedRaftLogWorker (SegmentedRaftLogWorker.java:getFromFuture(90)) - Timeout 16/~
org.apache.ratis.protocol.TimeoutIOException: Timeout 10s: WriteLog:7: (t:1, i:7), STATEMACHINELOGENTRY, client-35FAC708AFA2, cid=44-writeStateMachineData
	at org.apache.ratis.util.IOUtils.getFromFuture(IOUtils.java:87)
	at org.apache.ratis.server.raftlog.segmented.SegmentedRaftLogWorker$StateMachineDataPolicy.getFromFuture(SegmentedRaftLogWorker.java:87)
	at org.apache.ratis.server.raftlog.segmented.SegmentedRaftLogWorker$WriteLog.execute(SegmentedRaftLogWorker.java:477)
	at org.apache.ratis.server.raftlog.segmented.SegmentedRaftLogWorker.run(SegmentedRaftLogWorker.java:289)
	at java.lang.Thread.run(Thread.java:748)
Caused by: java.util.concurrent.TimeoutException
	at java.util.concurrent.CompletableFuture.timedGet(CompletableFuture.java:1771)
	at java.util.concurrent.CompletableFuture.get(CompletableFuture.java:1915)
	at org.apache.ratis.util.IOUtils.getFromFuture(IOUtils.java:79)
	... 4 more
2019-09-12 14:30:22,667 [c26651e2-a96c-4010-919f-87a827874a5b@group-3E8E6CBD8592-SegmentedRaftLogWorker] WARN  segmented.SegmentedRaftLogWorker (SegmentedRaftLogWorker.java:getFromFuture(90)) - Timeout 16/~
org.apache.ratis.protocol.TimeoutIOException: Timeout 10s: WriteLog:7: (t:1, i:7), STATEMACHINELOGENTRY, client-35FAC708AFA2, cid=44-writeStateMachineData
	at org.apache.ratis.util.IOUtils.getFromFuture(IOUtils.java:87)
	at org.apache.ratis.server.raftlog.segmented.SegmentedRaftLogWorker$StateMachineDataPolicy.getFromFuture(SegmentedRaftLogWorker.java:87)
	at org.apache.ratis.server.raftlog.segmented.SegmentedRaftLogWorker$WriteLog.execute(SegmentedRaftLogWorker.java:477)
	at org.apache.ratis.server.raftlog.segmented.SegmentedRaftLogWorker.run(SegmentedRaftLogWorker.java:289)
	at java.lang.Thread.run(Thread.java:748)
Caused by: java.util.concurrent.TimeoutException
	at java.util.concurrent.CompletableFuture.timedGet(CompletableFuture.java:1771)
	at java.util.concurrent.CompletableFuture.get(CompletableFuture.java:1915)
	at org.apache.ratis.util.IOUtils.getFromFuture(IOUtils.java:79)
	... 4 more
2019-09-12 14:30:22,760 [e2538fa5-58a8-4aba-9576-486ea31efcb2@group-3E8E6CBD8592-SegmentedRaftLogWorker] WARN  segmented.SegmentedRaftLogWorker (SegmentedRaftLogWorker.java:getFromFuture(90)) - Timeout 16/~
org.apache.ratis.protocol.TimeoutIOException: Timeout 10s: WriteLog:8: (t:1, i:8), STATEMACHINELOGENTRY, client-35FAC708AFA2, cid=45-writeStateMachineData
	at org.apache.ratis.util.IOUtils.getFromFuture(IOUtils.java:87)
	at org.apache.ratis.server.raftlog.segmented.SegmentedRaftLogWorker$StateMachineDataPolicy.getFromFuture(SegmentedRaftLogWorker.java:87)
	at org.apache.ratis.server.raftlog.segmented.SegmentedRaftLogWorker$WriteLog.execute(SegmentedRaftLogWorker.java:477)
	at org.apache.ratis.server.raftlog.segmented.SegmentedRaftLogWorker.run(SegmentedRaftLogWorker.java:289)
	at java.lang.Thread.run(Thread.java:748)
Caused by: java.util.concurrent.TimeoutException
	at java.util.concurrent.CompletableFuture.timedGet(CompletableFuture.java:1771)
	at java.util.concurrent.CompletableFuture.get(CompletableFuture.java:1915)
	at org.apache.ratis.util.IOUtils.getFromFuture(IOUtils.java:79)
	... 4 more
2019-09-12 14:30:22,846 [EventQueue-PipelineActionsForPipelineActionHandler] ERROR pipeline.PipelineActionHandler (PipelineActionHandler.java:onMessage(60)) - Received pipeline action CLOSE for Pipeline[ Id: 956661f3-60ec-4db1-ba7e-3e8e6cbd8592, Nodes: e2538fa5-58a8-4aba-9576-486ea31efcb2{ip: 192.168.5.171, host: pr-hdds-2007-n4wwz-4249666578, networkLocation: /default-rack, certSerialId: null}c26651e2-a96c-4010-919f-87a827874a5b{ip: 192.168.5.171, host: pr-hdds-2007-n4wwz-4249666578, networkLocation: /default-rack, certSerialId: null}a3deabaa-6f33-4549-9afe-d811f1beb6dc{ip: 192.168.5.171, host: pr-hdds-2007-n4wwz-4249666578, networkLocation: /default-rack, certSerialId: null}, Type:RATIS, Factor:THREE, State:CLOSED] from datanode e2538fa5-58a8-4aba-9576-486ea31efcb2{ip: 192.168.5.171, host: pr-hdds-2007-n4wwz-4249666578, networkLocation: /default-rack, certSerialId: null}. Reason : e2538fa5-58a8-4aba-9576-486ea31efcb2 has not seen follower/s a3deabaa-6f33-4549-9afe-d811f1beb6dc for 169901ms c26651e2-a96c-4010-919f-87a827874a5b for 169898ms
2019-09-12 14:30:22,847 [EventQueue-PipelineActionsForPipelineActionHandler] INFO  pipeline.SCMPipelineManager (SCMPipelineManager.java:finalizeAndDestroyPipeline(311)) - destroying pipeline:Pipeline[ Id: 956661f3-60ec-4db1-ba7e-3e8e6cbd8592, Nodes: e2538fa5-58a8-4aba-9576-486ea31efcb2{ip: 192.168.5.171, host: pr-hdds-2007-n4wwz-4249666578, networkLocation: /default-rack, certSerialId: null}c26651e2-a96c-4010-919f-87a827874a5b{ip: 192.168.5.171, host: pr-hdds-2007-n4wwz-4249666578, networkLocation: /default-rack, certSerialId: null}a3deabaa-6f33-4549-9afe-d811f1beb6dc{ip: 192.168.5.171, host: pr-hdds-2007-n4wwz-4249666578, networkLocation: /default-rack, certSerialId: null}, Type:RATIS, Factor:THREE, State:CLOSED]
2019-09-12 14:30:22,855 [java.util.concurrent.ThreadPoolExecutor$Worker@4f438dcf[State = -1, empty queue]] WARN  server.GrpcLogAppender (GrpcLogAppender.java:timeoutAppendRequest(200)) - e2538fa5-58a8-4aba-9576-486ea31efcb2@group-3E8E6CBD8592->a3deabaa-6f33-4549-9afe-d811f1beb6dc-GrpcLogAppender: appendEntries Timeout, request=e2538fa5-58a8-4aba-9576-486ea31efcb2->a3deabaa-6f33-4549-9afe-d811f1beb6dc#80-t1, previous=(t:1, i:13), leaderCommit=6, initializing? false, entries: <empty>
2019-09-12 14:30:22,855 [java.util.concurrent.ThreadPoolExecutor$Worker@44ea9f2[State = -1, empty queue]] WARN  server.GrpcLogAppender (GrpcLogAppender.java:timeoutAppendRequest(200)) - e2538fa5-58a8-4aba-9576-486ea31efcb2@group-3E8E6CBD8592->c26651e2-a96c-4010-919f-87a827874a5b-GrpcLogAppender: appendEntries Timeout, request=e2538fa5-58a8-4aba-9576-486ea31efcb2->c26651e2-a96c-4010-919f-87a827874a5b#80-t1, previous=(t:1, i:13), leaderCommit=6, initializing? false, entries: <empty>
2019-09-12 14:30:24,287 [grpc-default-executor-7] INFO  client.GrpcClientProtocolClient (GrpcClientProtocolClient.java:onNext(264)) - client-35FAC708AFA2->c26651e2-a96c-4010-919f-87a827874a5b: receive RaftClientReply:client-35FAC708AFA2->c26651e2-a96c-4010-919f-87a827874a5b@group-3E8E6CBD8592, cid=44, FAILED org.apache.ratis.protocol.NotLeaderException: Server c26651e2-a96c-4010-919f-87a827874a5b@group-3E8E6CBD8592 is not the leader e2538fa5-58a8-4aba-9576-486ea31efcb2:192.168.5.171:42589, logIndex=0, commits[c26651e2-a96c-4010-919f-87a827874a5b:c6, e2538fa5-58a8-4aba-9576-486ea31efcb2:c6, a3deabaa-6f33-4549-9afe-d811f1beb6dc:c4]
2019-09-12 14:30:24,857 [org.apache.ratis.server.impl.LogAppender$AppenderDaemon$$Lambda$489/854952238@56954f24] ERROR ratis.XceiverServerRatis (XceiverServerRatis.java:triggerPipelineClose(568)) - pipeline Action CLOSE  on pipeline PipelineID=956661f3-60ec-4db1-ba7e-3e8e6cbd8592.Reason : e2538fa5-58a8-4aba-9576-486ea31efcb2 has not seen follower/s a3deabaa-6f33-4549-9afe-d811f1beb6dc for 172402ms c26651e2-a96c-4010-919f-87a827874a5b for 172399ms
2019-09-12 14:30:24,857 [org.apache.ratis.server.impl.LogAppender$AppenderDaemon$$Lambda$489/854952238@325cd00c] ERROR ratis.XceiverServerRatis (XceiverServerRatis.java:triggerPipelineClose(568)) - pipeline Action CLOSE  on pipeline PipelineID=956661f3-60ec-4db1-ba7e-3e8e6cbd8592.Reason : e2538fa5-58a8-4aba-9576-486ea31efcb2 has not seen follower/s a3deabaa-6f33-4549-9afe-d811f1beb6dc for 172402ms c26651e2-a96c-4010-919f-87a827874a5b for 172399ms
2019-09-12 14:30:25,356 [java.util.concurrent.ThreadPoolExecutor$Worker@4f438dcf[State = -1, empty queue]] WARN  server.GrpcLogAppender (GrpcLogAppender.java:timeoutAppendRequest(200)) - e2538fa5-58a8-4aba-9576-486ea31efcb2@group-3E8E6CBD8592->a3deabaa-6f33-4549-9afe-d811f1beb6dc-GrpcLogAppender: appendEntries Timeout, request=e2538fa5-58a8-4aba-9576-486ea31efcb2->a3deabaa-6f33-4549-9afe-d811f1beb6dc#81-t1, previous=(t:1, i:13), leaderCommit=6, initializing? false, entries: <empty>
2019-09-12 14:30:25,356 [java.util.concurrent.ThreadPoolExecutor$Worker@44ea9f2[State = -1, empty queue]] WARN  server.GrpcLogAppender (GrpcLogAppender.java:timeoutAppendRequest(200)) - e2538fa5-58a8-4aba-9576-486ea31efcb2@group-3E8E6CBD8592->c26651e2-a96c-4010-919f-87a827874a5b-GrpcLogAppender: appendEntries Timeout, request=e2538fa5-58a8-4aba-9576-486ea31efcb2->c26651e2-a96c-4010-919f-87a827874a5b#81-t1, previous=(t:1, i:13), leaderCommit=6, initializing? false, entries: <empty>
2019-09-12 14:30:25,846 [EventQueue-PipelineActionsForPipelineActionHandler] ERROR pipeline.PipelineActionHandler (PipelineActionHandler.java:onMessage(60)) - Received pipeline action CLOSE for Pipeline[ Id: 956661f3-60ec-4db1-ba7e-3e8e6cbd8592, Nodes: e2538fa5-58a8-4aba-9576-486ea31efcb2{ip: 192.168.5.171, host: pr-hdds-2007-n4wwz-4249666578, networkLocation: /default-rack, certSerialId: null}c26651e2-a96c-4010-919f-87a827874a5b{ip: 192.168.5.171, host: pr-hdds-2007-n4wwz-4249666578, networkLocation: /default-rack, certSerialId: null}a3deabaa-6f33-4549-9afe-d811f1beb6dc{ip: 192.168.5.171, host: pr-hdds-2007-n4wwz-4249666578, networkLocation: /default-rack, certSerialId: null}, Type:RATIS, Factor:THREE, State:CLOSED] from datanode e2538fa5-58a8-4aba-9576-486ea31efcb2{ip: 192.168.5.171, host: pr-hdds-2007-n4wwz-4249666578, networkLocation: /default-rack, certSerialId: null}. Reason : e2538fa5-58a8-4aba-9576-486ea31efcb2 has not seen follower/s a3deabaa-6f33-4549-9afe-d811f1beb6dc for 172402ms c26651e2-a96c-4010-919f-87a827874a5b for 172399ms
2019-09-12 14:30:25,846 [EventQueue-PipelineActionsForPipelineActionHandler] INFO  pipeline.SCMPipelineManager (SCMPipelineManager.java:finalizeAndDestroyPipeline(311)) - destroying pipeline:Pipeline[ Id: 956661f3-60ec-4db1-ba7e-3e8e6cbd8592, Nodes: e2538fa5-58a8-4aba-9576-486ea31efcb2{ip: 192.168.5.171, host: pr-hdds-2007-n4wwz-4249666578, networkLocation: /default-rack, certSerialId: null}c26651e2-a96c-4010-919f-87a827874a5b{ip: 192.168.5.171, host: pr-hdds-2007-n4wwz-4249666578, networkLocation: /default-rack, certSerialId: null}a3deabaa-6f33-4549-9afe-d811f1beb6dc{ip: 192.168.5.171, host: pr-hdds-2007-n4wwz-4249666578, networkLocation: /default-rack, certSerialId: null}, Type:RATIS, Factor:THREE, State:CLOSED]
2019-09-12 14:30:27,358 [org.apache.ratis.server.impl.LogAppender$AppenderDaemon$$Lambda$489/854952238@56954f24] ERROR ratis.XceiverServerRatis (XceiverServerRatis.java:triggerPipelineClose(568)) - pipeline Action CLOSE  on pipeline PipelineID=956661f3-60ec-4db1-ba7e-3e8e6cbd8592.Reason : e2538fa5-58a8-4aba-9576-486ea31efcb2 has not seen follower/s a3deabaa-6f33-4549-9afe-d811f1beb6dc for 174903ms c26651e2-a96c-4010-919f-87a827874a5b for 174900ms
2019-09-12 14:30:27,358 [org.apache.ratis.server.impl.LogAppender$AppenderDaemon$$Lambda$489/854952238@325cd00c] ERROR ratis.XceiverServerRatis (XceiverServerRatis.java:triggerPipelineClose(568)) - pipeline Action CLOSE  on pipeline PipelineID=956661f3-60ec-4db1-ba7e-3e8e6cbd8592.Reason : e2538fa5-58a8-4aba-9576-486ea31efcb2 has not seen follower/s a3deabaa-6f33-4549-9afe-d811f1beb6dc for 174903ms c26651e2-a96c-4010-919f-87a827874a5b for 174900ms
2019-09-12 14:30:27,849 [EventQueue-PipelineActionsForPipelineActionHandler] ERROR pipeline.PipelineActionHandler (PipelineActionHandler.java:onMessage(60)) - Received pipeline action CLOSE for Pipeline[ Id: 956661f3-60ec-4db1-ba7e-3e8e6cbd8592, Nodes: e2538fa5-58a8-4aba-9576-486ea31efcb2{ip: 192.168.5.171, host: pr-hdds-2007-n4wwz-4249666578, networkLocation: /default-rack, certSerialId: null}c26651e2-a96c-4010-919f-87a827874a5b{ip: 192.168.5.171, host: pr-hdds-2007-n4wwz-4249666578, networkLocation: /default-rack, certSerialId: null}a3deabaa-6f33-4549-9afe-d811f1beb6dc{ip: 192.168.5.171, host: pr-hdds-2007-n4wwz-4249666578, networkLocation: /default-rack, certSerialId: null}, Type:RATIS, Factor:THREE, State:CLOSED] from datanode e2538fa5-58a8-4aba-9576-486ea31efcb2{ip: 192.168.5.171, host: pr-hdds-2007-n4wwz-4249666578, networkLocation: /default-rack, certSerialId: null}. Reason : e2538fa5-58a8-4aba-9576-486ea31efcb2 has not seen follower/s a3deabaa-6f33-4549-9afe-d811f1beb6dc for 174903ms c26651e2-a96c-4010-919f-87a827874a5b for 174900ms
2019-09-12 14:30:27,849 [EventQueue-PipelineActionsForPipelineActionHandler] INFO  pipeline.SCMPipelineManager (SCMPipelineManager.java:finalizeAndDestroyPipeline(311)) - destroying pipeline:Pipeline[ Id: 956661f3-60ec-4db1-ba7e-3e8e6cbd8592, Nodes: e2538fa5-58a8-4aba-9576-486ea31efcb2{ip: 192.168.5.171, host: pr-hdds-2007-n4wwz-4249666578, networkLocation: /default-rack, certSerialId: null}c26651e2-a96c-4010-919f-87a827874a5b{ip: 192.168.5.171, host: pr-hdds-2007-n4wwz-4249666578, networkLocation: /default-rack, certSerialId: null}a3deabaa-6f33-4549-9afe-d811f1beb6dc{ip: 192.168.5.171, host: pr-hdds-2007-n4wwz-4249666578, networkLocation: /default-rack, certSerialId: null}, Type:RATIS, Factor:THREE, State:CLOSED]
2019-09-12 14:30:27,857 [java.util.concurrent.ThreadPoolExecutor$Worker@4f438dcf[State = -1, empty queue]] WARN  server.GrpcLogAppender (GrpcLogAppender.java:timeoutAppendRequest(200)) - e2538fa5-58a8-4aba-9576-486ea31efcb2@group-3E8E6CBD8592->a3deabaa-6f33-4549-9afe-d811f1beb6dc-GrpcLogAppender: appendEntries Timeout, request=e2538fa5-58a8-4aba-9576-486ea31efcb2->a3deabaa-6f33-4549-9afe-d811f1beb6dc#82-t1, previous=(t:1, i:13), leaderCommit=6, initializing? false, entries: <empty>
2019-09-12 14:30:27,857 [java.util.concurrent.ThreadPoolExecutor$Worker@44ea9f2[State = -1, empty queue]] WARN  server.GrpcLogAppender (GrpcLogAppender.java:timeoutAppendRequest(200)) - e2538fa5-58a8-4aba-9576-486ea31efcb2@group-3E8E6CBD8592->c26651e2-a96c-4010-919f-87a827874a5b-GrpcLogAppender: appendEntries Timeout, request=e2538fa5-58a8-4aba-9576-486ea31efcb2->c26651e2-a96c-4010-919f-87a827874a5b#82-t1, previous=(t:1, i:13), leaderCommit=6, initializing? false, entries: <empty>
2019-09-12 14:30:29,334 [grpc-default-executor-7] INFO  client.GrpcClientProtocolClient (GrpcClientProtocolClient.java:onNext(264)) - client-35FAC708AFA2->c26651e2-a96c-4010-919f-87a827874a5b: receive RaftClientReply:client-35FAC708AFA2->c26651e2-a96c-4010-919f-87a827874a5b@group-3E8E6CBD8592, cid=44, FAILED org.apache.ratis.protocol.NotLeaderException: Server c26651e2-a96c-4010-919f-87a827874a5b@group-3E8E6CBD8592 is not the leader e2538fa5-58a8-4aba-9576-486ea31efcb2:192.168.5.171:42589, logIndex=0, commits[c26651e2-a96c-4010-919f-87a827874a5b:c6, e2538fa5-58a8-4aba-9576-486ea31efcb2:c6, a3deabaa-6f33-4549-9afe-d811f1beb6dc:c4]
2019-09-12 14:30:29,859 [org.apache.ratis.server.impl.LogAppender$AppenderDaemon$$Lambda$489/854952238@56954f24] ERROR ratis.XceiverServerRatis (XceiverServerRatis.java:triggerPipelineClose(568)) - pipeline Action CLOSE  on pipeline PipelineID=956661f3-60ec-4db1-ba7e-3e8e6cbd8592.Reason : e2538fa5-58a8-4aba-9576-486ea31efcb2 has not seen follower/s a3deabaa-6f33-4549-9afe-d811f1beb6dc for 177403ms c26651e2-a96c-4010-919f-87a827874a5b for 177400ms
2019-09-12 14:30:29,859 [org.apache.ratis.server.impl.LogAppender$AppenderDaemon$$Lambda$489/854952238@325cd00c] ERROR ratis.XceiverServerRatis (XceiverServerRatis.java:triggerPipelineClose(568)) - pipeline Action CLOSE  on pipeline PipelineID=956661f3-60ec-4db1-ba7e-3e8e6cbd8592.Reason : e2538fa5-58a8-4aba-9576-486ea31efcb2 has not seen follower/s a3deabaa-6f33-4549-9afe-d811f1beb6dc for 177403ms c26651e2-a96c-4010-919f-87a827874a5b for 177400ms
2019-09-12 14:30:30,358 [java.util.concurrent.ThreadPoolExecutor$Worker@44ea9f2[State = -1, empty queue]] WARN  server.GrpcLogAppender (GrpcLogAppender.java:timeoutAppendRequest(200)) - e2538fa5-58a8-4aba-9576-486ea31efcb2@group-3E8E6CBD8592->c26651e2-a96c-4010-919f-87a827874a5b-GrpcLogAppender: appendEntries Timeout, request=e2538fa5-58a8-4aba-9576-486ea31efcb2->c26651e2-a96c-4010-919f-87a827874a5b#83-t1, previous=(t:1, i:13), leaderCommit=6, initializing? false, entries: <empty>
2019-09-12 14:30:30,358 [java.util.concurrent.ThreadPoolExecutor$Worker@4f438dcf[State = -1, empty queue]] WARN  server.GrpcLogAppender (GrpcLogAppender.java:timeoutAppendRequest(200)) - e2538fa5-58a8-4aba-9576-486ea31efcb2@group-3E8E6CBD8592->a3deabaa-6f33-4549-9afe-d811f1beb6dc-GrpcLogAppender: appendEntries Timeout, request=e2538fa5-58a8-4aba-9576-486ea31efcb2->a3deabaa-6f33-4549-9afe-d811f1beb6dc#83-t1, previous=(t:1, i:13), leaderCommit=6, initializing? false, entries: <empty>
2019-09-12 14:30:30,847 [EventQueue-PipelineActionsForPipelineActionHandler] ERROR pipeline.PipelineActionHandler (PipelineActionHandler.java:onMessage(60)) - Received pipeline action CLOSE for Pipeline[ Id: 956661f3-60ec-4db1-ba7e-3e8e6cbd8592, Nodes: e2538fa5-58a8-4aba-9576-486ea31efcb2{ip: 192.168.5.171, host: pr-hdds-2007-n4wwz-4249666578, networkLocation: /default-rack, certSerialId: null}c26651e2-a96c-4010-919f-87a827874a5b{ip: 192.168.5.171, host: pr-hdds-2007-n4wwz-4249666578, networkLocation: /default-rack, certSerialId: null}a3deabaa-6f33-4549-9afe-d811f1beb6dc{ip: 192.168.5.171, host: pr-hdds-2007-n4wwz-4249666578, networkLocation: /default-rack, certSerialId: null}, Type:RATIS, Factor:THREE, State:CLOSED] from datanode e2538fa5-58a8-4aba-9576-486ea31efcb2{ip: 192.168.5.171, host: pr-hdds-2007-n4wwz-4249666578, networkLocation: /default-rack, certSerialId: null}. Reason : e2538fa5-58a8-4aba-9576-486ea31efcb2 has not seen follower/s a3deabaa-6f33-4549-9afe-d811f1beb6dc for 177403ms c26651e2-a96c-4010-919f-87a827874a5b for 177400ms
2019-09-12 14:30:30,847 [EventQueue-PipelineActionsForPipelineActionHandler] INFO  pipeline.SCMPipelineManager (SCMPipelineManager.java:finalizeAndDestroyPipeline(311)) - destroying pipeline:Pipeline[ Id: 956661f3-60ec-4db1-ba7e-3e8e6cbd8592, Nodes: e2538fa5-58a8-4aba-9576-486ea31efcb2{ip: 192.168.5.171, host: pr-hdds-2007-n4wwz-4249666578, networkLocation: /default-rack, certSerialId: null}c26651e2-a96c-4010-919f-87a827874a5b{ip: 192.168.5.171, host: pr-hdds-2007-n4wwz-4249666578, networkLocation: /default-rack, certSerialId: null}a3deabaa-6f33-4549-9afe-d811f1beb6dc{ip: 192.168.5.171, host: pr-hdds-2007-n4wwz-4249666578, networkLocation: /default-rack, certSerialId: null}, Type:RATIS, Factor:THREE, State:CLOSED]
2019-09-12 14:30:32,360 [org.apache.ratis.server.impl.LogAppender$AppenderDaemon$$Lambda$489/854952238@56954f24] ERROR ratis.XceiverServerRatis (XceiverServerRatis.java:triggerPipelineClose(568)) - pipeline Action CLOSE  on pipeline PipelineID=956661f3-60ec-4db1-ba7e-3e8e6cbd8592.Reason : e2538fa5-58a8-4aba-9576-486ea31efcb2 has not seen follower/s a3deabaa-6f33-4549-9afe-d811f1beb6dc for 179905ms c26651e2-a96c-4010-919f-87a827874a5b for 179902ms
2019-09-12 14:30:32,360 [org.apache.ratis.server.impl.LogAppender$AppenderDaemon$$Lambda$489/854952238@325cd00c] ERROR ratis.XceiverServerRatis (XceiverServerRatis.java:triggerPipelineClose(568)) - pipeline Action CLOSE  on pipeline PipelineID=956661f3-60ec-4db1-ba7e-3e8e6cbd8592.Reason : e2538fa5-58a8-4aba-9576-486ea31efcb2 has not seen follower/s a3deabaa-6f33-4549-9afe-d811f1beb6dc for 179905ms c26651e2-a96c-4010-919f-87a827874a5b for 179902ms
2019-09-12 14:30:32,627 [a3deabaa-6f33-4549-9afe-d811f1beb6dc@group-3E8E6CBD8592-SegmentedRaftLogWorker] WARN  segmented.SegmentedRaftLogWorker (SegmentedRaftLogWorker.java:getFromFuture(90)) - Timeout 17/~
org.apache.ratis.protocol.TimeoutIOException: Timeout 10s: WriteLog:7: (t:1, i:7), STATEMACHINELOGENTRY, client-35FAC708AFA2, cid=44-writeStateMachineData
	at org.apache.ratis.util.IOUtils.getFromFuture(IOUtils.java:87)
	at org.apache.ratis.server.raftlog.segmented.SegmentedRaftLogWorker$StateMachineDataPolicy.getFromFuture(SegmentedRaftLogWorker.java:87)
	at org.apache.ratis.server.raftlog.segmented.SegmentedRaftLogWorker$WriteLog.execute(SegmentedRaftLogWorker.java:477)
	at org.apache.ratis.server.raftlog.segmented.SegmentedRaftLogWorker.run(SegmentedRaftLogWorker.java:289)
	at java.lang.Thread.run(Thread.java:748)
Caused by: java.util.concurrent.TimeoutException
	at java.util.concurrent.CompletableFuture.timedGet(CompletableFuture.java:1771)
	at java.util.concurrent.CompletableFuture.get(CompletableFuture.java:1915)
	at org.apache.ratis.util.IOUtils.getFromFuture(IOUtils.java:79)
	... 4 more
2019-09-12 14:30:32,673 [c26651e2-a96c-4010-919f-87a827874a5b@group-3E8E6CBD8592-SegmentedRaftLogWorker] WARN  segmented.SegmentedRaftLogWorker (SegmentedRaftLogWorker.java:getFromFuture(90)) - Timeout 17/~
org.apache.ratis.protocol.TimeoutIOException: Timeout 10s: WriteLog:7: (t:1, i:7), STATEMACHINELOGENTRY, client-35FAC708AFA2, cid=44-writeStateMachineData
	at org.apache.ratis.util.IOUtils.getFromFuture(IOUtils.java:87)
	at org.apache.ratis.server.raftlog.segmented.SegmentedRaftLogWorker$StateMachineDataPolicy.getFromFuture(SegmentedRaftLogWorker.java:87)
	at org.apache.ratis.server.raftlog.segmented.SegmentedRaftLogWorker$WriteLog.execute(SegmentedRaftLogWorker.java:477)
	at org.apache.ratis.server.raftlog.segmented.SegmentedRaftLogWorker.run(SegmentedRaftLogWorker.java:289)
	at java.lang.Thread.run(Thread.java:748)
Caused by: java.util.concurrent.TimeoutException
	at java.util.concurrent.CompletableFuture.timedGet(CompletableFuture.java:1771)
	at java.util.concurrent.CompletableFuture.get(CompletableFuture.java:1915)
	at org.apache.ratis.util.IOUtils.getFromFuture(IOUtils.java:79)
	... 4 more
2019-09-12 14:30:32,761 [e2538fa5-58a8-4aba-9576-486ea31efcb2@group-3E8E6CBD8592-SegmentedRaftLogWorker] WARN  segmented.SegmentedRaftLogWorker (SegmentedRaftLogWorker.java:getFromFuture(90)) - Timeout 17/~
org.apache.ratis.protocol.TimeoutIOException: Timeout 10s: WriteLog:8: (t:1, i:8), STATEMACHINELOGENTRY, client-35FAC708AFA2, cid=45-writeStateMachineData
	at org.apache.ratis.util.IOUtils.getFromFuture(IOUtils.java:87)
	at org.apache.ratis.server.raftlog.segmented.SegmentedRaftLogWorker$StateMachineDataPolicy.getFromFuture(SegmentedRaftLogWorker.java:87)
	at org.apache.ratis.server.raftlog.segmented.SegmentedRaftLogWorker$WriteLog.execute(SegmentedRaftLogWorker.java:477)
	at org.apache.ratis.server.raftlog.segmented.SegmentedRaftLogWorker.run(SegmentedRaftLogWorker.java:289)
	at java.lang.Thread.run(Thread.java:748)
Caused by: java.util.concurrent.TimeoutException
	at java.util.concurrent.CompletableFuture.timedGet(CompletableFuture.java:1771)
	at java.util.concurrent.CompletableFuture.get(CompletableFuture.java:1915)
	at org.apache.ratis.util.IOUtils.getFromFuture(IOUtils.java:79)
	... 4 more
2019-09-12 14:30:32,847 [EventQueue-PipelineActionsForPipelineActionHandler] ERROR pipeline.PipelineActionHandler (PipelineActionHandler.java:onMessage(60)) - Received pipeline action CLOSE for Pipeline[ Id: 956661f3-60ec-4db1-ba7e-3e8e6cbd8592, Nodes: e2538fa5-58a8-4aba-9576-486ea31efcb2{ip: 192.168.5.171, host: pr-hdds-2007-n4wwz-4249666578, networkLocation: /default-rack, certSerialId: null}c26651e2-a96c-4010-919f-87a827874a5b{ip: 192.168.5.171, host: pr-hdds-2007-n4wwz-4249666578, networkLocation: /default-rack, certSerialId: null}a3deabaa-6f33-4549-9afe-d811f1beb6dc{ip: 192.168.5.171, host: pr-hdds-2007-n4wwz-4249666578, networkLocation: /default-rack, certSerialId: null}, Type:RATIS, Factor:THREE, State:CLOSED] from datanode e2538fa5-58a8-4aba-9576-486ea31efcb2{ip: 192.168.5.171, host: pr-hdds-2007-n4wwz-4249666578, networkLocation: /default-rack, certSerialId: null}. Reason : e2538fa5-58a8-4aba-9576-486ea31efcb2 has not seen follower/s a3deabaa-6f33-4549-9afe-d811f1beb6dc for 179905ms c26651e2-a96c-4010-919f-87a827874a5b for 179902ms
2019-09-12 14:30:32,847 [EventQueue-PipelineActionsForPipelineActionHandler] INFO  pipeline.SCMPipelineManager (SCMPipelineManager.java:finalizeAndDestroyPipeline(311)) - destroying pipeline:Pipeline[ Id: 956661f3-60ec-4db1-ba7e-3e8e6cbd8592, Nodes: e2538fa5-58a8-4aba-9576-486ea31efcb2{ip: 192.168.5.171, host: pr-hdds-2007-n4wwz-4249666578, networkLocation: /default-rack, certSerialId: null}c26651e2-a96c-4010-919f-87a827874a5b{ip: 192.168.5.171, host: pr-hdds-2007-n4wwz-4249666578, networkLocation: /default-rack, certSerialId: null}a3deabaa-6f33-4549-9afe-d811f1beb6dc{ip: 192.168.5.171, host: pr-hdds-2007-n4wwz-4249666578, networkLocation: /default-rack, certSerialId: null}, Type:RATIS, Factor:THREE, State:CLOSED]
2019-09-12 14:30:32,858 [java.util.concurrent.ThreadPoolExecutor$Worker@4f438dcf[State = -1, empty queue]] WARN  server.GrpcLogAppender (GrpcLogAppender.java:timeoutAppendRequest(200)) - e2538fa5-58a8-4aba-9576-486ea31efcb2@group-3E8E6CBD8592->a3deabaa-6f33-4549-9afe-d811f1beb6dc-GrpcLogAppender: appendEntries Timeout, request=e2538fa5-58a8-4aba-9576-486ea31efcb2->a3deabaa-6f33-4549-9afe-d811f1beb6dc#84-t1, previous=(t:1, i:13), leaderCommit=6, initializing? false, entries: <empty>
2019-09-12 14:30:32,859 [java.util.concurrent.ThreadPoolExecutor$Worker@44ea9f2[State = -1, empty queue]] WARN  server.GrpcLogAppender (GrpcLogAppender.java:timeoutAppendRequest(200)) - e2538fa5-58a8-4aba-9576-486ea31efcb2@group-3E8E6CBD8592->c26651e2-a96c-4010-919f-87a827874a5b-GrpcLogAppender: appendEntries Timeout, request=e2538fa5-58a8-4aba-9576-486ea31efcb2->c26651e2-a96c-4010-919f-87a827874a5b#84-t1, previous=(t:1, i:13), leaderCommit=6, initializing? false, entries: <empty>
2019-09-12 14:30:34,380 [grpc-default-executor-7] INFO  client.GrpcClientProtocolClient (GrpcClientProtocolClient.java:onNext(264)) - client-35FAC708AFA2->a3deabaa-6f33-4549-9afe-d811f1beb6dc: receive RaftClientReply:client-35FAC708AFA2->a3deabaa-6f33-4549-9afe-d811f1beb6dc@group-3E8E6CBD8592, cid=44, FAILED org.apache.ratis.protocol.NotLeaderException: Server a3deabaa-6f33-4549-9afe-d811f1beb6dc@group-3E8E6CBD8592 is not the leader e2538fa5-58a8-4aba-9576-486ea31efcb2:192.168.5.171:42589, logIndex=0, commits[a3deabaa-6f33-4549-9afe-d811f1beb6dc:c6, e2538fa5-58a8-4aba-9576-486ea31efcb2:c6, c26651e2-a96c-4010-919f-87a827874a5b:c4]
2019-09-12 14:30:34,861 [org.apache.ratis.server.impl.LogAppender$AppenderDaemon$$Lambda$489/854952238@56954f24] ERROR ratis.XceiverServerRatis (XceiverServerRatis.java:triggerPipelineClose(568)) - pipeline Action CLOSE  on pipeline PipelineID=956661f3-60ec-4db1-ba7e-3e8e6cbd8592.Reason : e2538fa5-58a8-4aba-9576-486ea31efcb2 has not seen follower/s a3deabaa-6f33-4549-9afe-d811f1beb6dc for 182406ms c26651e2-a96c-4010-919f-87a827874a5b for 182402ms
2019-09-12 14:30:34,861 [org.apache.ratis.server.impl.LogAppender$AppenderDaemon$$Lambda$489/854952238@325cd00c] ERROR ratis.XceiverServerRatis (XceiverServerRatis.java:triggerPipelineClose(568)) - pipeline Action CLOSE  on pipeline PipelineID=956661f3-60ec-4db1-ba7e-3e8e6cbd8592.Reason : e2538fa5-58a8-4aba-9576-486ea31efcb2 has not seen follower/s a3deabaa-6f33-4549-9afe-d811f1beb6dc for 182406ms c26651e2-a96c-4010-919f-87a827874a5b for 182403ms
2019-09-12 14:30:35,360 [java.util.concurrent.ThreadPoolExecutor$Worker@4f438dcf[State = -1, empty queue]] WARN  server.GrpcLogAppender (GrpcLogAppender.java:timeoutAppendRequest(200)) - e2538fa5-58a8-4aba-9576-486ea31efcb2@group-3E8E6CBD8592->a3deabaa-6f33-4549-9afe-d811f1beb6dc-GrpcLogAppender: appendEntries Timeout, request=e2538fa5-58a8-4aba-9576-486ea31efcb2->a3deabaa-6f33-4549-9afe-d811f1beb6dc#85-t1, previous=(t:1, i:13), leaderCommit=6, initializing? false, entries: <empty>
2019-09-12 14:30:35,360 [java.util.concurrent.ThreadPoolExecutor$Worker@44ea9f2[State = -1, empty queue]] WARN  server.GrpcLogAppender (GrpcLogAppender.java:timeoutAppendRequest(200)) - e2538fa5-58a8-4aba-9576-486ea31efcb2@group-3E8E6CBD8592->c26651e2-a96c-4010-919f-87a827874a5b-GrpcLogAppender: appendEntries Timeout, request=e2538fa5-58a8-4aba-9576-486ea31efcb2->c26651e2-a96c-4010-919f-87a827874a5b#85-t1, previous=(t:1, i:13), leaderCommit=6, initializing? false, entries: <empty>
2019-09-12 14:30:35,847 [EventQueue-PipelineActionsForPipelineActionHandler] ERROR pipeline.PipelineActionHandler (PipelineActionHandler.java:onMessage(60)) - Received pipeline action CLOSE for Pipeline[ Id: 956661f3-60ec-4db1-ba7e-3e8e6cbd8592, Nodes: e2538fa5-58a8-4aba-9576-486ea31efcb2{ip: 192.168.5.171, host: pr-hdds-2007-n4wwz-4249666578, networkLocation: /default-rack, certSerialId: null}c26651e2-a96c-4010-919f-87a827874a5b{ip: 192.168.5.171, host: pr-hdds-2007-n4wwz-4249666578, networkLocation: /default-rack, certSerialId: null}a3deabaa-6f33-4549-9afe-d811f1beb6dc{ip: 192.168.5.171, host: pr-hdds-2007-n4wwz-4249666578, networkLocation: /default-rack, certSerialId: null}, Type:RATIS, Factor:THREE, State:CLOSED] from datanode e2538fa5-58a8-4aba-9576-486ea31efcb2{ip: 192.168.5.171, host: pr-hdds-2007-n4wwz-4249666578, networkLocation: /default-rack, certSerialId: null}. Reason : e2538fa5-58a8-4aba-9576-486ea31efcb2 has not seen follower/s a3deabaa-6f33-4549-9afe-d811f1beb6dc for 182406ms c26651e2-a96c-4010-919f-87a827874a5b for 182402ms
2019-09-12 14:30:35,848 [EventQueue-PipelineActionsForPipelineActionHandler] INFO  pipeline.SCMPipelineManager (SCMPipelineManager.java:finalizeAndDestroyPipeline(311)) - destroying pipeline:Pipeline[ Id: 956661f3-60ec-4db1-ba7e-3e8e6cbd8592, Nodes: e2538fa5-58a8-4aba-9576-486ea31efcb2{ip: 192.168.5.171, host: pr-hdds-2007-n4wwz-4249666578, networkLocation: /default-rack, certSerialId: null}c26651e2-a96c-4010-919f-87a827874a5b{ip: 192.168.5.171, host: pr-hdds-2007-n4wwz-4249666578, networkLocation: /default-rack, certSerialId: null}a3deabaa-6f33-4549-9afe-d811f1beb6dc{ip: 192.168.5.171, host: pr-hdds-2007-n4wwz-4249666578, networkLocation: /default-rack, certSerialId: null}, Type:RATIS, Factor:THREE, State:CLOSED]
2019-09-12 14:30:37,363 [org.apache.ratis.server.impl.LogAppender$AppenderDaemon$$Lambda$489/854952238@56954f24] ERROR ratis.XceiverServerRatis (XceiverServerRatis.java:triggerPipelineClose(568)) - pipeline Action CLOSE  on pipeline PipelineID=956661f3-60ec-4db1-ba7e-3e8e6cbd8592.Reason : e2538fa5-58a8-4aba-9576-486ea31efcb2 has not seen follower/s a3deabaa-6f33-4549-9afe-d811f1beb6dc for 184907ms c26651e2-a96c-4010-919f-87a827874a5b for 184904ms
2019-09-12 14:30:37,363 [org.apache.ratis.server.impl.LogAppender$AppenderDaemon$$Lambda$489/854952238@325cd00c] ERROR ratis.XceiverServerRatis (XceiverServerRatis.java:triggerPipelineClose(568)) - pipeline Action CLOSE  on pipeline PipelineID=956661f3-60ec-4db1-ba7e-3e8e6cbd8592.Reason : e2538fa5-58a8-4aba-9576-486ea31efcb2 has not seen follower/s a3deabaa-6f33-4549-9afe-d811f1beb6dc for 184907ms c26651e2-a96c-4010-919f-87a827874a5b for 184904ms
2019-09-12 14:30:37,847 [EventQueue-PipelineActionsForPipelineActionHandler] ERROR pipeline.PipelineActionHandler (PipelineActionHandler.java:onMessage(60)) - Received pipeline action CLOSE for Pipeline[ Id: 956661f3-60ec-4db1-ba7e-3e8e6cbd8592, Nodes: e2538fa5-58a8-4aba-9576-486ea31efcb2{ip: 192.168.5.171, host: pr-hdds-2007-n4wwz-4249666578, networkLocation: /default-rack, certSerialId: null}c26651e2-a96c-4010-919f-87a827874a5b{ip: 192.168.5.171, host: pr-hdds-2007-n4wwz-4249666578, networkLocation: /default-rack, certSerialId: null}a3deabaa-6f33-4549-9afe-d811f1beb6dc{ip: 192.168.5.171, host: pr-hdds-2007-n4wwz-4249666578, networkLocation: /default-rack, certSerialId: null}, Type:RATIS, Factor:THREE, State:CLOSED] from datanode e2538fa5-58a8-4aba-9576-486ea31efcb2{ip: 192.168.5.171, host: pr-hdds-2007-n4wwz-4249666578, networkLocation: /default-rack, certSerialId: null}. Reason : e2538fa5-58a8-4aba-9576-486ea31efcb2 has not seen follower/s a3deabaa-6f33-4549-9afe-d811f1beb6dc for 184907ms c26651e2-a96c-4010-919f-87a827874a5b for 184904ms
2019-09-12 14:30:37,847 [EventQueue-PipelineActionsForPipelineActionHandler] INFO  pipeline.SCMPipelineManager (SCMPipelineManager.java:finalizeAndDestroyPipeline(311)) - destroying pipeline:Pipeline[ Id: 956661f3-60ec-4db1-ba7e-3e8e6cbd8592, Nodes: e2538fa5-58a8-4aba-9576-486ea31efcb2{ip: 192.168.5.171, host: pr-hdds-2007-n4wwz-4249666578, networkLocation: /default-rack, certSerialId: null}c26651e2-a96c-4010-919f-87a827874a5b{ip: 192.168.5.171, host: pr-hdds-2007-n4wwz-4249666578, networkLocation: /default-rack, certSerialId: null}a3deabaa-6f33-4549-9afe-d811f1beb6dc{ip: 192.168.5.171, host: pr-hdds-2007-n4wwz-4249666578, networkLocation: /default-rack, certSerialId: null}, Type:RATIS, Factor:THREE, State:CLOSED]
2019-09-12 14:30:37,861 [java.util.concurrent.ThreadPoolExecutor$Worker@4f438dcf[State = -1, empty queue]] WARN  server.GrpcLogAppender (GrpcLogAppender.java:timeoutAppendRequest(200)) - e2538fa5-58a8-4aba-9576-486ea31efcb2@group-3E8E6CBD8592->a3deabaa-6f33-4549-9afe-d811f1beb6dc-GrpcLogAppender: appendEntries Timeout, request=e2538fa5-58a8-4aba-9576-486ea31efcb2->a3deabaa-6f33-4549-9afe-d811f1beb6dc#86-t1, previous=(t:1, i:13), leaderCommit=6, initializing? false, entries: <empty>
2019-09-12 14:30:37,861 [java.util.concurrent.ThreadPoolExecutor$Worker@44ea9f2[State = -1, empty queue]] WARN  server.GrpcLogAppender (GrpcLogAppender.java:timeoutAppendRequest(200)) - e2538fa5-58a8-4aba-9576-486ea31efcb2@group-3E8E6CBD8592->c26651e2-a96c-4010-919f-87a827874a5b-GrpcLogAppender: appendEntries Timeout, request=e2538fa5-58a8-4aba-9576-486ea31efcb2->c26651e2-a96c-4010-919f-87a827874a5b#86-t1, previous=(t:1, i:13), leaderCommit=6, initializing? false, entries: <empty>
2019-09-12 14:30:38,827 [grpc-default-executor-6] INFO  impl.RaftServerProxy (RaftServerProxy.java:remove(95)) - e2538fa5-58a8-4aba-9576-486ea31efcb2: remove    LEADER e2538fa5-58a8-4aba-9576-486ea31efcb2@group-3E8E6CBD8592:t1, leader=e2538fa5-58a8-4aba-9576-486ea31efcb2, voted=e2538fa5-58a8-4aba-9576-486ea31efcb2, raftlog=e2538fa5-58a8-4aba-9576-486ea31efcb2@group-3E8E6CBD8592-SegmentedRaftLog:OPENED:c6,f6,i13, conf=0: [e2538fa5-58a8-4aba-9576-486ea31efcb2:192.168.5.171:42589, a3deabaa-6f33-4549-9afe-d811f1beb6dc:192.168.5.171:38678, c26651e2-a96c-4010-919f-87a827874a5b:192.168.5.171:46803], old=null RUNNING
2019-09-12 14:30:38,828 [grpc-default-executor-6] INFO  impl.RaftServerImpl (RaftServerImpl.java:lambda$shutdown$3(251)) - e2538fa5-58a8-4aba-9576-486ea31efcb2@group-3E8E6CBD8592: shutdown
2019-09-12 14:30:38,828 [grpc-default-executor-6] INFO  util.JmxRegister (JmxRegister.java:unregister(73)) - Successfully un-registered JMX Bean with object name Ratis:service=RaftServer,group=group-3E8E6CBD8592,id=e2538fa5-58a8-4aba-9576-486ea31efcb2
2019-09-12 14:30:38,829 [grpc-default-executor-6] INFO  impl.RoleInfo (RoleInfo.java:shutdownLeaderState(104)) - e2538fa5-58a8-4aba-9576-486ea31efcb2: shutdown LeaderState
2019-09-12 14:30:38,833 [grpc-default-executor-6] INFO  impl.PendingRequests (PendingRequests.java:sendNotLeaderResponses(202)) - e2538fa5-58a8-4aba-9576-486ea31efcb2-PendingRequests: sendNotLeaderResponses
2019-09-12 14:30:38,835 [org.apache.ratis.server.impl.LogAppender$AppenderDaemon$$Lambda$489/854952238@56954f24] WARN  server.GrpcLogAppender (GrpcLogAppender.java:mayWait(143)) - e2538fa5-58a8-4aba-9576-486ea31efcb2@group-3E8E6CBD8592->a3deabaa-6f33-4549-9afe-d811f1beb6dc-GrpcLogAppender: Wait interrupted by java.lang.InterruptedException
2019-09-12 14:30:38,835 [org.apache.ratis.server.impl.LogAppender$AppenderDaemon$$Lambda$489/854952238@325cd00c] WARN  server.GrpcLogAppender (GrpcLogAppender.java:mayWait(143)) - e2538fa5-58a8-4aba-9576-486ea31efcb2@group-3E8E6CBD8592->c26651e2-a96c-4010-919f-87a827874a5b-GrpcLogAppender: Wait interrupted by java.lang.InterruptedException
2019-09-12 14:30:38,836 [grpc-default-executor-7] INFO  server.GrpcServerProtocolService (GrpcServerProtocolService.java:onCompleted(113)) - a3deabaa-6f33-4549-9afe-d811f1beb6dc: Completed APPEND_ENTRIES, lastRequest: e2538fa5-58a8-4aba-9576-486ea31efcb2->a3deabaa-6f33-4549-9afe-d811f1beb6dc#87-t1, previous=(t:1, i:13), leaderCommit=6, initializing? false, entries: <empty>
2019-09-12 14:30:38,836 [grpc-default-executor-5] INFO  server.GrpcServerProtocolService (GrpcServerProtocolService.java:onCompleted(113)) - c26651e2-a96c-4010-919f-87a827874a5b: Completed APPEND_ENTRIES, lastRequest: e2538fa5-58a8-4aba-9576-486ea31efcb2->c26651e2-a96c-4010-919f-87a827874a5b#87-t1, previous=(t:1, i:13), leaderCommit=6, initializing? false, entries: <empty>
2019-09-12 14:30:38,837 [grpc-default-executor-5] INFO  server.GrpcLogAppender (GrpcLogAppender.java:onCompleted(293)) - e2538fa5-58a8-4aba-9576-486ea31efcb2@group-3E8E6CBD8592->c26651e2-a96c-4010-919f-87a827874a5b-AppendLogResponseHandler: follower responses appendEntries COMPLETED
2019-09-12 14:30:38,841 [grpc-default-executor-6] INFO  impl.StateMachineUpdater (StateMachineUpdater.java:stopAndJoin(125)) - e2538fa5-58a8-4aba-9576-486ea31efcb2@group-3E8E6CBD8592-StateMachineUpdater: set stopIndex = 6
2019-09-12 14:30:38,841 [grpc-default-executor-5] INFO  impl.FollowerInfo (FollowerInfo.java:lambda$new$0(51)) - e2538fa5-58a8-4aba-9576-486ea31efcb2@group-3E8E6CBD8592->c26651e2-a96c-4010-919f-87a827874a5b: nextIndex: updateUnconditionally 14 -> 7
2019-09-12 14:30:38,841 [e2538fa5-58a8-4aba-9576-486ea31efcb2@group-3E8E6CBD8592-StateMachineUpdater] INFO  ratis.ContainerStateMachine (ContainerStateMachine.java:takeSnapshot(289)) - group-3E8E6CBD8592: Taking a snapshot at:(t:1, i:6) file /workdir/hadoop-ozone/integration-test/target/test-dir/MiniOzoneClusterImpl-41377667-f0d9-4871-9116-d36166c13ac1/datanode-5/data/ratis/956661f3-60ec-4db1-ba7e-3e8e6cbd8592/sm/snapshot.1_6
2019-09-12 14:30:38,841 [grpc-default-executor-8] INFO  server.GrpcLogAppender (GrpcLogAppender.java:onCompleted(293)) - e2538fa5-58a8-4aba-9576-486ea31efcb2@group-3E8E6CBD8592->a3deabaa-6f33-4549-9afe-d811f1beb6dc-AppendLogResponseHandler: follower responses appendEntries COMPLETED
2019-09-12 14:30:38,842 [grpc-default-executor-8] INFO  impl.FollowerInfo (FollowerInfo.java:lambda$new$0(51)) - e2538fa5-58a8-4aba-9576-486ea31efcb2@group-3E8E6CBD8592->a3deabaa-6f33-4549-9afe-d811f1beb6dc: nextIndex: updateUnconditionally 14 -> 7
2019-09-12 14:30:38,864 [e2538fa5-58a8-4aba-9576-486ea31efcb2@group-3E8E6CBD8592-StateMachineUpdater] INFO  ratis.ContainerStateMachine (ContainerStateMachine.java:takeSnapshot(300)) - group-3E8E6CBD8592: Finished taking a snapshot at:(t:1, i:6) file:/workdir/hadoop-ozone/integration-test/target/test-dir/MiniOzoneClusterImpl-41377667-f0d9-4871-9116-d36166c13ac1/datanode-5/data/ratis/956661f3-60ec-4db1-ba7e-3e8e6cbd8592/sm/snapshot.1_6 time:23
2019-09-12 14:30:38,865 [e2538fa5-58a8-4aba-9576-486ea31efcb2@group-3E8E6CBD8592-StateMachineUpdater] INFO  impl.StateMachineUpdater (StateMachineUpdater.java:takeSnapshot(258)) - e2538fa5-58a8-4aba-9576-486ea31efcb2@group-3E8E6CBD8592-StateMachineUpdater: Took a snapshot at index 6
2019-09-12 14:30:38,865 [e2538fa5-58a8-4aba-9576-486ea31efcb2@group-3E8E6CBD8592-StateMachineUpdater] INFO  impl.StateMachineUpdater (StateMachineUpdater.java:lambda$new$0(83)) - e2538fa5-58a8-4aba-9576-486ea31efcb2@group-3E8E6CBD8592-StateMachineUpdater: snapshotIndex: updateIncreasingly -1 -> 6
2019-09-12 14:30:38,865 [Command processor thread] ERROR commandhandler.CloseContainerCommandHandler (CloseContainerCommandHandler.java:handle(125)) - Can't close container #5
java.io.IOException: org.apache.ratis.protocol.GroupMismatchException: e2538fa5-58a8-4aba-9576-486ea31efcb2: group-3E8E6CBD8592 not found.
	at org.apache.hadoop.ozone.container.common.transport.server.ratis.XceiverServerRatis.submitRequest(XceiverServerRatis.java:495)
	at org.apache.hadoop.ozone.container.common.statemachine.commandhandler.CloseContainerCommandHandler.handle(CloseContainerCommandHandler.java:102)
	at org.apache.hadoop.ozone.container.common.statemachine.commandhandler.CommandDispatcher.handle(CommandDispatcher.java:99)
	at org.apache.hadoop.ozone.container.common.statemachine.DatanodeStateMachine.lambda$initCommandHandlerThread$1(DatanodeStateMachine.java:432)
	at java.lang.Thread.run(Thread.java:748)
Caused by: java.util.concurrent.ExecutionException: org.apache.ratis.protocol.GroupMismatchException: e2538fa5-58a8-4aba-9576-486ea31efcb2: group-3E8E6CBD8592 not found.
	at java.util.concurrent.CompletableFuture.reportGet(CompletableFuture.java:357)
	at java.util.concurrent.CompletableFuture.get(CompletableFuture.java:1895)
	at org.apache.hadoop.ozone.container.common.transport.server.ratis.XceiverServerRatis.submitRequest(XceiverServerRatis.java:493)
	... 4 more
Caused by: org.apache.ratis.protocol.GroupMismatchException: e2538fa5-58a8-4aba-9576-486ea31efcb2: group-3E8E6CBD8592 not found.
	at org.apache.ratis.server.impl.RaftServerProxy$ImplMap.get(RaftServerProxy.java:122)
	at org.apache.ratis.server.impl.RaftServerProxy.getImplFuture(RaftServerProxy.java:269)
	at org.apache.ratis.server.impl.RaftServerProxy.submitRequest(RaftServerProxy.java:327)
	at org.apache.ratis.server.impl.RaftServerProxy.submitClientRequestAsync(RaftServerProxy.java:333)
	... 5 more
2019-09-12 14:30:38,868 [grpc-default-executor-6] INFO  impl.RaftServerImpl (ServerState.java:close(385)) - e2538fa5-58a8-4aba-9576-486ea31efcb2@group-3E8E6CBD8592: closes. applyIndex: 6
2019-09-12 14:30:38,869 [e2538fa5-58a8-4aba-9576-486ea31efcb2@group-3E8E6CBD8592-SegmentedRaftLogWorker] ERROR ratis.XceiverServerRatis (XceiverServerRatis.java:triggerPipelineClose(568)) - pipeline Action CLOSE  on pipeline PipelineID=956661f3-60ec-4db1-ba7e-3e8e6cbd8592.Reason : WriteLog:8: (t:1, i:8), STATEMACHINELOGENTRY, client-35FAC708AFA2, cid=45-writeStateMachineData interrupted.
2019-09-12 14:30:38,872 [EventQueue-PipelineActionsForPipelineActionHandler] ERROR pipeline.PipelineActionHandler (PipelineActionHandler.java:onMessage(60)) - Received pipeline action CLOSE for Pipeline[ Id: 956661f3-60ec-4db1-ba7e-3e8e6cbd8592, Nodes: e2538fa5-58a8-4aba-9576-486ea31efcb2{ip: 192.168.5.171, host: pr-hdds-2007-n4wwz-4249666578, networkLocation: /default-rack, certSerialId: null}c26651e2-a96c-4010-919f-87a827874a5b{ip: 192.168.5.171, host: pr-hdds-2007-n4wwz-4249666578, networkLocation: /default-rack, certSerialId: null}a3deabaa-6f33-4549-9afe-d811f1beb6dc{ip: 192.168.5.171, host: pr-hdds-2007-n4wwz-4249666578, networkLocation: /default-rack, certSerialId: null}, Type:RATIS, Factor:THREE, State:CLOSED] from datanode e2538fa5-58a8-4aba-9576-486ea31efcb2{ip: 192.168.5.171, host: pr-hdds-2007-n4wwz-4249666578, networkLocation: /default-rack, certSerialId: null}. Reason : WriteLog:8: (t:1, i:8), STATEMACHINELOGENTRY, client-35FAC708AFA2, cid=45-writeStateMachineData interrupted.
2019-09-12 14:30:38,872 [EventQueue-PipelineActionsForPipelineActionHandler] INFO  pipeline.SCMPipelineManager (SCMPipelineManager.java:finalizeAndDestroyPipeline(311)) - destroying pipeline:Pipeline[ Id: 956661f3-60ec-4db1-ba7e-3e8e6cbd8592, Nodes: e2538fa5-58a8-4aba-9576-486ea31efcb2{ip: 192.168.5.171, host: pr-hdds-2007-n4wwz-4249666578, networkLocation: /default-rack, certSerialId: null}c26651e2-a96c-4010-919f-87a827874a5b{ip: 192.168.5.171, host: pr-hdds-2007-n4wwz-4249666578, networkLocation: /default-rack, certSerialId: null}a3deabaa-6f33-4549-9afe-d811f1beb6dc{ip: 192.168.5.171, host: pr-hdds-2007-n4wwz-4249666578, networkLocation: /default-rack, certSerialId: null}, Type:RATIS, Factor:THREE, State:CLOSED]
2019-09-12 14:30:38,882 [grpc-default-executor-6] INFO  segmented.SegmentedRaftLogWorker (SegmentedRaftLogWorker.java:close(228)) - e2538fa5-58a8-4aba-9576-486ea31efcb2@group-3E8E6CBD8592-SegmentedRaftLogWorker close()
2019-09-12 14:30:38,891 [grpc-default-executor-6] INFO  interfaces.Container (KeyValueContainer.java:flushAndSyncDB(386)) - Container 4 is synced with bcsId 4.
2019-09-12 14:30:38,891 [grpc-default-executor-6] INFO  interfaces.Container (KeyValueContainer.java:flushAndSyncDB(386)) - Container 4 is synced with bcsId 4.
2019-09-12 14:30:38,902 [EventQueue-IncrementalContainerReportForIncrementalContainerReportHandler] INFO  container.IncrementalContainerReportHandler (AbstractContainerReportHandler.java:updateContainerState(169)) - Moving container #4 to QUASI_CLOSED state, datanode e2538fa5-58a8-4aba-9576-486ea31efcb2{ip: 192.168.5.171, host: pr-hdds-2007-n4wwz-4249666578, networkLocation: /default-rack, certSerialId: null} reported QUASI_CLOSED replica.
2019-09-12 14:30:38,946 [grpc-default-executor-6] INFO  interfaces.Container (KeyValueContainer.java:flushAndSyncDB(386)) - Container 5 is synced with bcsId 0.
2019-09-12 14:30:38,946 [grpc-default-executor-6] INFO  interfaces.Container (KeyValueContainer.java:flushAndSyncDB(386)) - Container 5 is synced with bcsId 0.
2019-09-12 14:30:38,963 [EventQueue-IncrementalContainerReportForIncrementalContainerReportHandler] INFO  container.IncrementalContainerReportHandler (AbstractContainerReportHandler.java:updateContainerState(169)) - Moving container #5 to QUASI_CLOSED state, datanode e2538fa5-58a8-4aba-9576-486ea31efcb2{ip: 192.168.5.171, host: pr-hdds-2007-n4wwz-4249666578, networkLocation: /default-rack, certSerialId: null} reported QUASI_CLOSED replica.
2019-09-12 14:30:38,968 [grpc-default-executor-6] INFO  impl.RaftServerProxy (RaftServerProxy.java:remove(95)) - c26651e2-a96c-4010-919f-87a827874a5b: remove  FOLLOWER c26651e2-a96c-4010-919f-87a827874a5b@group-3E8E6CBD8592:t1, leader=e2538fa5-58a8-4aba-9576-486ea31efcb2, voted=e2538fa5-58a8-4aba-9576-486ea31efcb2, raftlog=c26651e2-a96c-4010-919f-87a827874a5b@group-3E8E6CBD8592-SegmentedRaftLog:OPENED:c6,f6,i13, conf=0: [e2538fa5-58a8-4aba-9576-486ea31efcb2:192.168.5.171:42589, a3deabaa-6f33-4549-9afe-d811f1beb6dc:192.168.5.171:38678, c26651e2-a96c-4010-919f-87a827874a5b:192.168.5.171:46803], old=null RUNNING
2019-09-12 14:30:38,968 [grpc-default-executor-6] INFO  impl.RaftServerImpl (RaftServerImpl.java:lambda$shutdown$3(251)) - c26651e2-a96c-4010-919f-87a827874a5b@group-3E8E6CBD8592: shutdown
2019-09-12 14:30:38,968 [grpc-default-executor-6] INFO  util.JmxRegister (JmxRegister.java:unregister(73)) - Successfully un-registered JMX Bean with object name Ratis:service=RaftServer,group=group-3E8E6CBD8592,id=c26651e2-a96c-4010-919f-87a827874a5b
2019-09-12 14:30:38,969 [grpc-default-executor-6] INFO  impl.RoleInfo (RoleInfo.java:shutdownFollowerState(121)) - c26651e2-a96c-4010-919f-87a827874a5b: shutdown FollowerState
2019-09-12 14:30:38,969 [grpc-default-executor-6] INFO  impl.StateMachineUpdater (StateMachineUpdater.java:stopAndJoin(125)) - c26651e2-a96c-4010-919f-87a827874a5b@group-3E8E6CBD8592-StateMachineUpdater: set stopIndex = 6
2019-09-12 14:30:38,969 [Thread-863] INFO  impl.FollowerState (FollowerState.java:run(115)) - c26651e2-a96c-4010-919f-87a827874a5b: FollowerState was interrupted: java.lang.InterruptedException: sleep interrupted
2019-09-12 14:30:38,969 [c26651e2-a96c-4010-919f-87a827874a5b@group-3E8E6CBD8592-StateMachineUpdater] INFO  ratis.ContainerStateMachine (ContainerStateMachine.java:takeSnapshot(289)) - group-3E8E6CBD8592: Taking a snapshot at:(t:1, i:4) file /workdir/hadoop-ozone/integration-test/target/test-dir/MiniOzoneClusterImpl-41377667-f0d9-4871-9116-d36166c13ac1/datanode-0/data/ratis/956661f3-60ec-4db1-ba7e-3e8e6cbd8592/sm/snapshot.1_4
2019-09-12 14:30:38,974 [c26651e2-a96c-4010-919f-87a827874a5b@group-3E8E6CBD8592-StateMachineUpdater] INFO  ratis.ContainerStateMachine (ContainerStateMachine.java:takeSnapshot(300)) - group-3E8E6CBD8592: Finished taking a snapshot at:(t:1, i:4) file:/workdir/hadoop-ozone/integration-test/target/test-dir/MiniOzoneClusterImpl-41377667-f0d9-4871-9116-d36166c13ac1/datanode-0/data/ratis/956661f3-60ec-4db1-ba7e-3e8e6cbd8592/sm/snapshot.1_4 time:4
2019-09-12 14:30:38,974 [c26651e2-a96c-4010-919f-87a827874a5b@group-3E8E6CBD8592-StateMachineUpdater] INFO  impl.StateMachineUpdater (StateMachineUpdater.java:takeSnapshot(258)) - c26651e2-a96c-4010-919f-87a827874a5b@group-3E8E6CBD8592-StateMachineUpdater: Took a snapshot at index 4
2019-09-12 14:30:38,974 [c26651e2-a96c-4010-919f-87a827874a5b@group-3E8E6CBD8592-StateMachineUpdater] INFO  impl.StateMachineUpdater (StateMachineUpdater.java:lambda$new$0(83)) - c26651e2-a96c-4010-919f-87a827874a5b@group-3E8E6CBD8592-StateMachineUpdater: snapshotIndex: updateIncreasingly -1 -> 4
2019-09-12 14:30:38,974 [c26651e2-a96c-4010-919f-87a827874a5b@group-3E8E6CBD8592-StateMachineUpdater] INFO  ratis.ContainerStateMachine (ContainerStateMachine.java:takeSnapshot(289)) - group-3E8E6CBD8592: Taking a snapshot at:(t:1, i:4) file /workdir/hadoop-ozone/integration-test/target/test-dir/MiniOzoneClusterImpl-41377667-f0d9-4871-9116-d36166c13ac1/datanode-0/data/ratis/956661f3-60ec-4db1-ba7e-3e8e6cbd8592/sm/snapshot.1_4
2019-09-12 14:30:38,979 [c26651e2-a96c-4010-919f-87a827874a5b@group-3E8E6CBD8592-StateMachineUpdater] INFO  ratis.ContainerStateMachine (ContainerStateMachine.java:takeSnapshot(300)) - group-3E8E6CBD8592: Finished taking a snapshot at:(t:1, i:4) file:/workdir/hadoop-ozone/integration-test/target/test-dir/MiniOzoneClusterImpl-41377667-f0d9-4871-9116-d36166c13ac1/datanode-0/data/ratis/956661f3-60ec-4db1-ba7e-3e8e6cbd8592/sm/snapshot.1_4 time:5
2019-09-12 14:30:38,980 [c26651e2-a96c-4010-919f-87a827874a5b@group-3E8E6CBD8592-StateMachineUpdater] INFO  impl.StateMachineUpdater (StateMachineUpdater.java:takeSnapshot(258)) - c26651e2-a96c-4010-919f-87a827874a5b@group-3E8E6CBD8592-StateMachineUpdater: Took a snapshot at index 4
2019-09-12 14:30:38,980 [c26651e2-a96c-4010-919f-87a827874a5b@group-3E8E6CBD8592-StateMachineUpdater] INFO  impl.StateMachineUpdater (StateMachineUpdater.java:lambda$new$0(83)) - c26651e2-a96c-4010-919f-87a827874a5b@group-3E8E6CBD8592-StateMachineUpdater: snapshotIndex: updateIncreasingly 4 -> 4
2019-09-12 14:30:38,980 [grpc-default-executor-6] INFO  impl.RaftServerImpl (ServerState.java:close(385)) - c26651e2-a96c-4010-919f-87a827874a5b@group-3E8E6CBD8592: closes. applyIndex: 6
2019-09-12 14:30:38,981 [c26651e2-a96c-4010-919f-87a827874a5b@group-3E8E6CBD8592-SegmentedRaftLogWorker] ERROR ratis.XceiverServerRatis (XceiverServerRatis.java:triggerPipelineClose(568)) - pipeline Action CLOSE  on pipeline PipelineID=956661f3-60ec-4db1-ba7e-3e8e6cbd8592.Reason : WriteLog:7: (t:1, i:7), STATEMACHINELOGENTRY, client-35FAC708AFA2, cid=44-writeStateMachineData interrupted.
2019-09-12 14:30:38,984 [grpc-default-executor-6] INFO  segmented.SegmentedRaftLogWorker (SegmentedRaftLogWorker.java:close(228)) - c26651e2-a96c-4010-919f-87a827874a5b@group-3E8E6CBD8592-SegmentedRaftLogWorker close()
2019-09-12 14:30:38,989 [EventQueue-PipelineActionsForPipelineActionHandler] ERROR pipeline.PipelineActionHandler (PipelineActionHandler.java:onMessage(60)) - Received pipeline action CLOSE for Pipeline[ Id: 956661f3-60ec-4db1-ba7e-3e8e6cbd8592, Nodes: e2538fa5-58a8-4aba-9576-486ea31efcb2{ip: 192.168.5.171, host: pr-hdds-2007-n4wwz-4249666578, networkLocation: /default-rack, certSerialId: null}c26651e2-a96c-4010-919f-87a827874a5b{ip: 192.168.5.171, host: pr-hdds-2007-n4wwz-4249666578, networkLocation: /default-rack, certSerialId: null}a3deabaa-6f33-4549-9afe-d811f1beb6dc{ip: 192.168.5.171, host: pr-hdds-2007-n4wwz-4249666578, networkLocation: /default-rack, certSerialId: null}, Type:RATIS, Factor:THREE, State:CLOSED] from datanode c26651e2-a96c-4010-919f-87a827874a5b{ip: 192.168.5.171, host: pr-hdds-2007-n4wwz-4249666578, networkLocation: /default-rack, certSerialId: null}. Reason : WriteLog:7: (t:1, i:7), STATEMACHINELOGENTRY, client-35FAC708AFA2, cid=44-writeStateMachineData interrupted.
2019-09-12 14:30:38,989 [EventQueue-PipelineActionsForPipelineActionHandler] INFO  pipeline.SCMPipelineManager (SCMPipelineManager.java:finalizeAndDestroyPipeline(311)) - destroying pipeline:Pipeline[ Id: 956661f3-60ec-4db1-ba7e-3e8e6cbd8592, Nodes: e2538fa5-58a8-4aba-9576-486ea31efcb2{ip: 192.168.5.171, host: pr-hdds-2007-n4wwz-4249666578, networkLocation: /default-rack, certSerialId: null}c26651e2-a96c-4010-919f-87a827874a5b{ip: 192.168.5.171, host: pr-hdds-2007-n4wwz-4249666578, networkLocation: /default-rack, certSerialId: null}a3deabaa-6f33-4549-9afe-d811f1beb6dc{ip: 192.168.5.171, host: pr-hdds-2007-n4wwz-4249666578, networkLocation: /default-rack, certSerialId: null}, Type:RATIS, Factor:THREE, State:CLOSED]
2019-09-12 14:30:38,992 [grpc-default-executor-6] INFO  interfaces.Container (KeyValueContainer.java:flushAndSyncDB(386)) - Container 4 is synced with bcsId 4.
2019-09-12 14:30:38,992 [grpc-default-executor-6] INFO  interfaces.Container (KeyValueContainer.java:flushAndSyncDB(386)) - Container 4 is synced with bcsId 4.
2019-09-12 14:30:39,049 [grpc-default-executor-6] INFO  interfaces.Container (KeyValueContainer.java:flushAndSyncDB(386)) - Container 5 is synced with bcsId 0.
2019-09-12 14:30:39,049 [grpc-default-executor-6] INFO  interfaces.Container (KeyValueContainer.java:flushAndSyncDB(386)) - Container 5 is synced with bcsId 0.
2019-09-12 14:30:39,061 [grpc-default-executor-6] INFO  impl.RaftServerProxy (RaftServerProxy.java:remove(95)) - a3deabaa-6f33-4549-9afe-d811f1beb6dc: remove  FOLLOWER a3deabaa-6f33-4549-9afe-d811f1beb6dc@group-3E8E6CBD8592:t1, leader=e2538fa5-58a8-4aba-9576-486ea31efcb2, voted=e2538fa5-58a8-4aba-9576-486ea31efcb2, raftlog=a3deabaa-6f33-4549-9afe-d811f1beb6dc@group-3E8E6CBD8592-SegmentedRaftLog:OPENED:c6,f6,i13, conf=0: [e2538fa5-58a8-4aba-9576-486ea31efcb2:192.168.5.171:42589, a3deabaa-6f33-4549-9afe-d811f1beb6dc:192.168.5.171:38678, c26651e2-a96c-4010-919f-87a827874a5b:192.168.5.171:46803], old=null RUNNING
2019-09-12 14:30:39,061 [grpc-default-executor-6] INFO  impl.RaftServerImpl (RaftServerImpl.java:lambda$shutdown$3(251)) - a3deabaa-6f33-4549-9afe-d811f1beb6dc@group-3E8E6CBD8592: shutdown
2019-09-12 14:30:39,061 [grpc-default-executor-6] INFO  util.JmxRegister (JmxRegister.java:unregister(73)) - Successfully un-registered JMX Bean with object name Ratis:service=RaftServer,group=group-3E8E6CBD8592,id=a3deabaa-6f33-4549-9afe-d811f1beb6dc
2019-09-12 14:30:39,062 [grpc-default-executor-6] INFO  impl.RoleInfo (RoleInfo.java:shutdownFollowerState(121)) - a3deabaa-6f33-4549-9afe-d811f1beb6dc: shutdown FollowerState
2019-09-12 14:30:39,062 [grpc-default-executor-6] INFO  impl.StateMachineUpdater (StateMachineUpdater.java:stopAndJoin(125)) - a3deabaa-6f33-4549-9afe-d811f1beb6dc@group-3E8E6CBD8592-StateMachineUpdater: set stopIndex = 6
2019-09-12 14:30:39,062 [Thread-864] INFO  impl.FollowerState (FollowerState.java:run(115)) - a3deabaa-6f33-4549-9afe-d811f1beb6dc: FollowerState was interrupted: java.lang.InterruptedException: sleep interrupted
2019-09-12 14:30:39,062 [a3deabaa-6f33-4549-9afe-d811f1beb6dc@group-3E8E6CBD8592-StateMachineUpdater] INFO  ratis.ContainerStateMachine (ContainerStateMachine.java:takeSnapshot(289)) - group-3E8E6CBD8592: Taking a snapshot at:(t:1, i:4) file /workdir/hadoop-ozone/integration-test/target/test-dir/MiniOzoneClusterImpl-41377667-f0d9-4871-9116-d36166c13ac1/datanode-6/data/ratis/956661f3-60ec-4db1-ba7e-3e8e6cbd8592/sm/snapshot.1_4
2019-09-12 14:30:39,066 [a3deabaa-6f33-4549-9afe-d811f1beb6dc@group-3E8E6CBD8592-StateMachineUpdater] INFO  ratis.ContainerStateMachine (ContainerStateMachine.java:takeSnapshot(300)) - group-3E8E6CBD8592: Finished taking a snapshot at:(t:1, i:4) file:/workdir/hadoop-ozone/integration-test/target/test-dir/MiniOzoneClusterImpl-41377667-f0d9-4871-9116-d36166c13ac1/datanode-6/data/ratis/956661f3-60ec-4db1-ba7e-3e8e6cbd8592/sm/snapshot.1_4 time:4
2019-09-12 14:30:39,066 [a3deabaa-6f33-4549-9afe-d811f1beb6dc@group-3E8E6CBD8592-StateMachineUpdater] INFO  impl.StateMachineUpdater (StateMachineUpdater.java:takeSnapshot(258)) - a3deabaa-6f33-4549-9afe-d811f1beb6dc@group-3E8E6CBD8592-StateMachineUpdater: Took a snapshot at index 4
2019-09-12 14:30:39,067 [a3deabaa-6f33-4549-9afe-d811f1beb6dc@group-3E8E6CBD8592-StateMachineUpdater] INFO  impl.StateMachineUpdater (StateMachineUpdater.java:lambda$new$0(83)) - a3deabaa-6f33-4549-9afe-d811f1beb6dc@group-3E8E6CBD8592-StateMachineUpdater: snapshotIndex: updateIncreasingly -1 -> 4
2019-09-12 14:30:39,067 [a3deabaa-6f33-4549-9afe-d811f1beb6dc@group-3E8E6CBD8592-StateMachineUpdater] INFO  ratis.ContainerStateMachine (ContainerStateMachine.java:takeSnapshot(289)) - group-3E8E6CBD8592: Taking a snapshot at:(t:1, i:4) file /workdir/hadoop-ozone/integration-test/target/test-dir/MiniOzoneClusterImpl-41377667-f0d9-4871-9116-d36166c13ac1/datanode-6/data/ratis/956661f3-60ec-4db1-ba7e-3e8e6cbd8592/sm/snapshot.1_4
2019-09-12 14:30:39,070 [a3deabaa-6f33-4549-9afe-d811f1beb6dc@group-3E8E6CBD8592-StateMachineUpdater] INFO  ratis.ContainerStateMachine (ContainerStateMachine.java:takeSnapshot(300)) - group-3E8E6CBD8592: Finished taking a snapshot at:(t:1, i:4) file:/workdir/hadoop-ozone/integration-test/target/test-dir/MiniOzoneClusterImpl-41377667-f0d9-4871-9116-d36166c13ac1/datanode-6/data/ratis/956661f3-60ec-4db1-ba7e-3e8e6cbd8592/sm/snapshot.1_4 time:3
2019-09-12 14:30:39,070 [a3deabaa-6f33-4549-9afe-d811f1beb6dc@group-3E8E6CBD8592-StateMachineUpdater] INFO  impl.StateMachineUpdater (StateMachineUpdater.java:takeSnapshot(258)) - a3deabaa-6f33-4549-9afe-d811f1beb6dc@group-3E8E6CBD8592-StateMachineUpdater: Took a snapshot at index 4
2019-09-12 14:30:39,070 [a3deabaa-6f33-4549-9afe-d811f1beb6dc@group-3E8E6CBD8592-StateMachineUpdater] INFO  impl.StateMachineUpdater (StateMachineUpdater.java:lambda$new$0(83)) - a3deabaa-6f33-4549-9afe-d811f1beb6dc@group-3E8E6CBD8592-StateMachineUpdater: snapshotIndex: updateIncreasingly 4 -> 4
2019-09-12 14:30:39,071 [grpc-default-executor-6] INFO  impl.RaftServerImpl (ServerState.java:close(385)) - a3deabaa-6f33-4549-9afe-d811f1beb6dc@group-3E8E6CBD8592: closes. applyIndex: 6
2019-09-12 14:30:39,071 [a3deabaa-6f33-4549-9afe-d811f1beb6dc@group-3E8E6CBD8592-SegmentedRaftLogWorker] ERROR ratis.XceiverServerRatis (XceiverServerRatis.java:triggerPipelineClose(568)) - pipeline Action CLOSE  on pipeline PipelineID=956661f3-60ec-4db1-ba7e-3e8e6cbd8592.Reason : WriteLog:7: (t:1, i:7), STATEMACHINELOGENTRY, client-35FAC708AFA2, cid=44-writeStateMachineData interrupted.
2019-09-12 14:30:39,074 [grpc-default-executor-6] INFO  segmented.SegmentedRaftLogWorker (SegmentedRaftLogWorker.java:close(228)) - a3deabaa-6f33-4549-9afe-d811f1beb6dc@group-3E8E6CBD8592-SegmentedRaftLogWorker close()
2019-09-12 14:30:39,075 [EventQueue-PipelineActionsForPipelineActionHandler] ERROR pipeline.PipelineActionHandler (PipelineActionHandler.java:onMessage(60)) - Received pipeline action CLOSE for Pipeline[ Id: 956661f3-60ec-4db1-ba7e-3e8e6cbd8592, Nodes: e2538fa5-58a8-4aba-9576-486ea31efcb2{ip: 192.168.5.171, host: pr-hdds-2007-n4wwz-4249666578, networkLocation: /default-rack, certSerialId: null}c26651e2-a96c-4010-919f-87a827874a5b{ip: 192.168.5.171, host: pr-hdds-2007-n4wwz-4249666578, networkLocation: /default-rack, certSerialId: null}a3deabaa-6f33-4549-9afe-d811f1beb6dc{ip: 192.168.5.171, host: pr-hdds-2007-n4wwz-4249666578, networkLocation: /default-rack, certSerialId: null}, Type:RATIS, Factor:THREE, State:CLOSED] from datanode a3deabaa-6f33-4549-9afe-d811f1beb6dc{ip: 192.168.5.171, host: pr-hdds-2007-n4wwz-4249666578, networkLocation: /default-rack, certSerialId: null}. Reason : WriteLog:7: (t:1, i:7), STATEMACHINELOGENTRY, client-35FAC708AFA2, cid=44-writeStateMachineData interrupted.
2019-09-12 14:30:39,078 [EventQueue-PipelineActionsForPipelineActionHandler] INFO  pipeline.SCMPipelineManager (SCMPipelineManager.java:finalizeAndDestroyPipeline(311)) - destroying pipeline:Pipeline[ Id: 956661f3-60ec-4db1-ba7e-3e8e6cbd8592, Nodes: e2538fa5-58a8-4aba-9576-486ea31efcb2{ip: 192.168.5.171, host: pr-hdds-2007-n4wwz-4249666578, networkLocation: /default-rack, certSerialId: null}c26651e2-a96c-4010-919f-87a827874a5b{ip: 192.168.5.171, host: pr-hdds-2007-n4wwz-4249666578, networkLocation: /default-rack, certSerialId: null}a3deabaa-6f33-4549-9afe-d811f1beb6dc{ip: 192.168.5.171, host: pr-hdds-2007-n4wwz-4249666578, networkLocation: /default-rack, certSerialId: null}, Type:RATIS, Factor:THREE, State:CLOSED]
2019-09-12 14:30:39,082 [grpc-default-executor-6] INFO  interfaces.Container (KeyValueContainer.java:flushAndSyncDB(386)) - Container 4 is synced with bcsId 4.
2019-09-12 14:30:39,083 [grpc-default-executor-6] INFO  interfaces.Container (KeyValueContainer.java:flushAndSyncDB(386)) - Container 4 is synced with bcsId 4.
2019-09-12 14:30:39,117 [grpc-default-executor-6] INFO  interfaces.Container (KeyValueContainer.java:flushAndSyncDB(386)) - Container 5 is synced with bcsId 0.
2019-09-12 14:30:39,117 [grpc-default-executor-6] INFO  interfaces.Container (KeyValueContainer.java:flushAndSyncDB(386)) - Container 5 is synced with bcsId 0.
2019-09-12 14:30:39,151 [RatisPipelineUtilsThread] INFO  pipeline.PipelineStateManager (PipelineStateManager.java:removePipeline(108)) - Pipeline Pipeline[ Id: 956661f3-60ec-4db1-ba7e-3e8e6cbd8592, Nodes: e2538fa5-58a8-4aba-9576-486ea31efcb2{ip: 192.168.5.171, host: pr-hdds-2007-n4wwz-4249666578, networkLocation: /default-rack, certSerialId: null}c26651e2-a96c-4010-919f-87a827874a5b{ip: 192.168.5.171, host: pr-hdds-2007-n4wwz-4249666578, networkLocation: /default-rack, certSerialId: null}a3deabaa-6f33-4549-9afe-d811f1beb6dc{ip: 192.168.5.171, host: pr-hdds-2007-n4wwz-4249666578, networkLocation: /default-rack, certSerialId: null}, Type:RATIS, Factor:THREE, State:CLOSED] removed from db
2019-09-12 14:30:39,431 [main] WARN  io.KeyOutputStream (KeyOutputStream.java:handleException(276)) - Encountered exception java.io.IOException: Unexpected Storage Container Exception: java.util.concurrent.CompletionException: java.util.concurrent.CompletionException: org.apache.ratis.protocol.GroupMismatchException: c26651e2-a96c-4010-919f-87a827874a5b: group-3E8E6CBD8592 not found. on the pipeline Pipeline[ Id: 956661f3-60ec-4db1-ba7e-3e8e6cbd8592, Nodes: e2538fa5-58a8-4aba-9576-486ea31efcb2{ip: 192.168.5.171, host: pr-hdds-2007-n4wwz-4249666578, networkLocation: /default-rack, certSerialId: null}c26651e2-a96c-4010-919f-87a827874a5b{ip: 192.168.5.171, host: pr-hdds-2007-n4wwz-4249666578, networkLocation: /default-rack, certSerialId: null}a3deabaa-6f33-4549-9afe-d811f1beb6dc{ip: 192.168.5.171, host: pr-hdds-2007-n4wwz-4249666578, networkLocation: /default-rack, certSerialId: null}, Type:RATIS, Factor:THREE, State:OPEN]. The last committed block length is 0, uncommitted data length is 400 retry count 0
2019-09-12 14:30:39,475 [grpc-default-executor-6] INFO  client.GrpcClientProtocolClient (GrpcClientProtocolClient.java:onNext(264)) - client-C501499F4F4F->e2538fa5-58a8-4aba-9576-486ea31efcb2: receive RaftClientReply:client-C501499F4F4F->e2538fa5-58a8-4aba-9576-486ea31efcb2@group-0AE4806AE70D, cid=137, FAILED org.apache.ratis.protocol.NotLeaderException: Server e2538fa5-58a8-4aba-9576-486ea31efcb2@group-0AE4806AE70D is not the leader c26651e2-a96c-4010-919f-87a827874a5b:192.168.5.171:46803, logIndex=0, commits[e2538fa5-58a8-4aba-9576-486ea31efcb2:c0, a3deabaa-6f33-4549-9afe-d811f1beb6dc:c0, c26651e2-a96c-4010-919f-87a827874a5b:c0]
2019-09-12 14:30:39,678 [grpc-default-executor-6] INFO  client.GrpcClientProtocolClient (GrpcClientProtocolClient.java:onNext(264)) - client-C501499F4F4F->c26651e2-a96c-4010-919f-87a827874a5b: receive RaftClientReply:client-C501499F4F4F->c26651e2-a96c-4010-919f-87a827874a5b@group-0AE4806AE70D, cid=137, SUCCESS, logIndex=1, commits[c26651e2-a96c-4010-919f-87a827874a5b:c1, e2538fa5-58a8-4aba-9576-486ea31efcb2:c0, a3deabaa-6f33-4549-9afe-d811f1beb6dc:c0]
2019-09-12 14:30:39,696 [grpc-default-executor-5] INFO  client.GrpcClientProtocolClient (GrpcClientProtocolClient.java:onNext(264)) - client-C501499F4F4F->c26651e2-a96c-4010-919f-87a827874a5b: receive RaftClientReply:client-C501499F4F4F->c26651e2-a96c-4010-919f-87a827874a5b@group-0AE4806AE70D, cid=138, SUCCESS, logIndex=3, commits[c26651e2-a96c-4010-919f-87a827874a5b:c4, e2538fa5-58a8-4aba-9576-486ea31efcb2:c2, a3deabaa-6f33-4549-9afe-d811f1beb6dc:c2]
2019-09-12 14:30:39,747 [grpc-default-executor-8] INFO  client.GrpcClientProtocolClient (GrpcClientProtocolClient.java:onNext(264)) - client-C501499F4F4F->c26651e2-a96c-4010-919f-87a827874a5b: receive RaftClientReply:client-C501499F4F4F->c26651e2-a96c-4010-919f-87a827874a5b@group-0AE4806AE70D, cid=139, SUCCESS, logIndex=4, commits[c26651e2-a96c-4010-919f-87a827874a5b:c12, e2538fa5-58a8-4aba-9576-486ea31efcb2:c7, a3deabaa-6f33-4549-9afe-d811f1beb6dc:c7]
2019-09-12 14:30:39,748 [grpc-default-executor-8] INFO  client.GrpcClientProtocolClient (GrpcClientProtocolClient.java:onNext(264)) - client-C501499F4F4F->c26651e2-a96c-4010-919f-87a827874a5b: receive RaftClientReply:client-C501499F4F4F->c26651e2-a96c-4010-919f-87a827874a5b@group-0AE4806AE70D, cid=140, SUCCESS, logIndex=5, commits[c26651e2-a96c-4010-919f-87a827874a5b:c12, e2538fa5-58a8-4aba-9576-486ea31efcb2:c7, a3deabaa-6f33-4549-9afe-d811f1beb6dc:c7]
2019-09-12 14:30:39,749 [grpc-default-executor-8] INFO  client.GrpcClientProtocolClient (GrpcClientProtocolClient.java:onNext(264)) - client-C501499F4F4F->c26651e2-a96c-4010-919f-87a827874a5b: receive RaftClientReply:client-C501499F4F4F->c26651e2-a96c-4010-919f-87a827874a5b@group-0AE4806AE70D, cid=141, SUCCESS, logIndex=6, commits[c26651e2-a96c-4010-919f-87a827874a5b:c12, e2538fa5-58a8-4aba-9576-486ea31efcb2:c7, a3deabaa-6f33-4549-9afe-d811f1beb6dc:c7]
2019-09-12 14:30:39,863 [grpc-default-executor-8] INFO  client.GrpcClientProtocolClient (GrpcClientProtocolClient.java:onNext(264)) - client-C501499F4F4F->c26651e2-a96c-4010-919f-87a827874a5b: receive RaftClientReply:client-C501499F4F4F->c26651e2-a96c-4010-919f-87a827874a5b@group-0AE4806AE70D, cid=142, SUCCESS, logIndex=7, commits[c26651e2-a96c-4010-919f-87a827874a5b:c12, e2538fa5-58a8-4aba-9576-486ea31efcb2:c7, a3deabaa-6f33-4549-9afe-d811f1beb6dc:c7]
]]></system-out>
  </testcase>
  <testcase name="testBufferCaching" classname="org.apache.hadoop.ozone.client.rpc.TestBlockOutputStream" time="0.458"/>
  <testcase name="testWriteWithExceedingMaxBufferLimit" classname="org.apache.hadoop.ozone.client.rpc.TestBlockOutputStream" time="0.558"/>
</testsuite>