<?xml version="1.0" encoding="UTF-8"?>
<testsuite xmlns:xsi="http://www.w3.org/2001/XMLSchema-instance" xsi:noNamespaceSchemaLocation="https://maven.apache.org/surefire/maven-surefire-plugin/xsd/surefire-test-report.xsd" name="org.apache.hadoop.ozone.client.rpc.TestOzoneClientRetriesOnException" time="386.625" tests="2" errors="1" skipped="0" failures="0">
  <properties>
    <property name="awt.toolkit" value="sun.awt.X11.XToolkit"/>
    <property name="file.encoding.pkg" value="sun.io"/>
    <property name="java.specification.version" value="1.8"/>
    <property name="sun.cpu.isalist" value=""/>
    <property name="sun.jnu.encoding" value="UTF-8"/>
    <property name="java.class.path" value="/workdir/hadoop-ozone/integration-test/target/test-classes:/workdir/hadoop-ozone/integration-test/target/classes:/home/user/.m2/repository/org/apache/hadoop/hadoop-ozone-common/0.5.0-SNAPSHOT/hadoop-ozone-common-0.5.0-SNAPSHOT.jar:/home/user/.m2/repository/org/apache/commons/commons-compress/1.4.1/commons-compress-1.4.1.jar:/home/user/.m2/repository/org/tukaani/xz/1.0/xz-1.0.jar:/home/user/.m2/repository/org/apache/hadoop/hadoop-common/3.2.0/hadoop-common-3.2.0.jar:/home/user/.m2/repository/org/apache/hadoop/hadoop-hdfs/3.2.0/hadoop-hdfs-3.2.0.jar:/home/user/.m2/repository/org/apache/hadoop/hadoop-hdfs-client/3.2.0/hadoop-hdfs-client-3.2.0.jar:/home/user/.m2/repository/com/fasterxml/jackson/core/jackson-annotations/2.9.5/jackson-annotations-2.9.5.jar:/home/user/.m2/repository/org/apache/hadoop/hadoop-hdds-common/0.5.0-SNAPSHOT/hadoop-hdds-common-0.5.0-SNAPSHOT.jar:/home/user/.m2/repository/javax/annotation/javax.annotation-api/1.2/javax.annotation-api-1.2.jar:/home/user/.m2/repository/org/apache/ratis/ratis-server/0.4.0-78e95b9-SNAPSHOT/ratis-server-0.4.0-78e95b9-SNAPSHOT.jar:/home/user/.m2/repository/org/apache/ratis/ratis-thirdparty-misc/0.2.0/ratis-thirdparty-misc-0.2.0.jar:/home/user/.m2/repository/org/apache/ratis/ratis-proto/0.4.0-78e95b9-SNAPSHOT/ratis-proto-0.4.0-78e95b9-SNAPSHOT.jar:/home/user/.m2/repository/org/apache/ratis/ratis-common/0.4.0-78e95b9-SNAPSHOT/ratis-common-0.4.0-78e95b9-SNAPSHOT.jar:/home/user/.m2/repository/org/apache/ratis/ratis-client/0.4.0-78e95b9-SNAPSHOT/ratis-client-0.4.0-78e95b9-SNAPSHOT.jar:/home/user/.m2/repository/org/apache/ratis/ratis-metrics/0.4.0-78e95b9-SNAPSHOT/ratis-metrics-0.4.0-78e95b9-SNAPSHOT.jar:/home/user/.m2/repository/com/github/joshelser/dropwizard-metrics-hadoop-metrics2-reporter/0.1.2/dropwizard-metrics-hadoop-metrics2-reporter-0.1.2.jar:/home/user/.m2/repository/io/dropwizard/metrics/metrics-jvm/3.2.5/metrics-jvm-3.2.5.jar:/home/user/.m2/repository/io/dropwizard/metrics/metrics-ganglia/3.2.5/metrics-ganglia-3.2.5.jar:/home/user/.m2/repository/info/ganglia/gmetric4j/gmetric4j/1.0.7/gmetric4j-1.0.7.jar:/home/user/.m2/repository/org/apache/ratis/ratis-netty/0.4.0-78e95b9-SNAPSHOT/ratis-netty-0.4.0-78e95b9-SNAPSHOT.jar:/home/user/.m2/repository/org/apache/ratis/ratis-grpc/0.4.0-78e95b9-SNAPSHOT/ratis-grpc-0.4.0-78e95b9-SNAPSHOT.jar:/home/user/.m2/repository/org/rocksdb/rocksdbjni/6.0.1/rocksdbjni-6.0.1.jar:/home/user/.m2/repository/org/apache/logging/log4j/log4j-api/2.11.0/log4j-api-2.11.0.jar:/home/user/.m2/repository/org/apache/logging/log4j/log4j-core/2.11.0/log4j-core-2.11.0.jar:/home/user/.m2/repository/com/lmax/disruptor/3.4.2/disruptor-3.4.2.jar:/home/user/.m2/repository/org/apache/commons/commons-pool2/2.6.0/commons-pool2-2.6.0.jar:/home/user/.m2/repository/org/bouncycastle/bcpkix-jdk15on/1.60/bcpkix-jdk15on-1.60.jar:/home/user/.m2/repository/commons-validator/commons-validator/1.6/commons-validator-1.6.jar:/home/user/.m2/repository/commons-digester/commons-digester/1.8.1/commons-digester-1.8.1.jar:/home/user/.m2/repository/io/jaegertracing/jaeger-client/0.33.1/jaeger-client-0.33.1.jar:/home/user/.m2/repository/io/jaegertracing/jaeger-thrift/0.33.1/jaeger-thrift-0.33.1.jar:/home/user/.m2/repository/org/apache/thrift/libthrift/0.11.0/libthrift-0.11.0.jar:/home/user/.m2/repository/com/squareup/okhttp3/okhttp/3.9.0/okhttp-3.9.0.jar:/home/user/.m2/repository/com/squareup/okio/okio/1.13.0/okio-1.13.0.jar:/home/user/.m2/repository/io/jaegertracing/jaeger-core/0.33.1/jaeger-core-0.33.1.jar:/home/user/.m2/repository/io/jaegertracing/jaeger-tracerresolver/0.33.1/jaeger-tracerresolver-0.33.1.jar:/home/user/.m2/repository/io/opentracing/contrib/opentracing-tracerresolver/0.1.5/opentracing-tracerresolver-0.1.5.jar:/home/user/.m2/repository/io/opentracing/opentracing-util/0.31.0/opentracing-util-0.31.0.jar:/home/user/.m2/repository/io/opentracing/opentracing-api/0.31.0/opentracing-api-0.31.0.jar:/home/user/.m2/repository/io/opentracing/opentracing-noop/0.31.0/opentracing-noop-0.31.0.jar:/home/user/.m2/repository/org/apache/hadoop/hadoop-hdds-server-framework/0.5.0-SNAPSHOT/hadoop-hdds-server-framework-0.5.0-SNAPSHOT.jar:/home/user/.m2/repository/org/apache/hadoop/hadoop-hdds-container-service/0.5.0-SNAPSHOT/hadoop-hdds-container-service-0.5.0-SNAPSHOT.jar:/home/user/.m2/repository/org/apache/hadoop/hadoop-hdds-client/0.5.0-SNAPSHOT/hadoop-hdds-client-0.5.0-SNAPSHOT.jar:/home/user/.m2/repository/org/apache/hadoop/hadoop-hdds-tools/0.5.0-SNAPSHOT/hadoop-hdds-tools-0.5.0-SNAPSHOT.jar:/home/user/.m2/repository/org/apache/hadoop/hadoop-hdds-server-scm/0.5.0-SNAPSHOT/hadoop-hdds-server-scm-0.5.0-SNAPSHOT.jar:/home/user/.m2/repository/org/apache/hadoop/hadoop-hdds-docs/0.5.0-SNAPSHOT/hadoop-hdds-docs-0.5.0-SNAPSHOT.jar:/home/user/.m2/repository/io/dropwizard/metrics/metrics-core/3.2.4/metrics-core-3.2.4.jar:/home/user/.m2/repository/org/hamcrest/hamcrest-all/1.3/hamcrest-all-1.3.jar:/home/user/.m2/repository/org/bouncycastle/bcprov-jdk15on/1.60/bcprov-jdk15on-1.60.jar:/home/user/.m2/repository/info/picocli/picocli/3.9.6/picocli-3.9.6.jar:/home/user/.m2/repository/com/google/protobuf/protobuf-java/2.5.0/protobuf-java-2.5.0.jar:/home/user/.m2/repository/com/google/guava/guava/11.0.2/guava-11.0.2.jar:/home/user/.m2/repository/org/apache/hadoop/hadoop-ozone-ozone-manager/0.5.0-SNAPSHOT/hadoop-ozone-ozone-manager-0.5.0-SNAPSHOT.jar:/home/user/.m2/repository/org/apache/hadoop/hadoop-minikdc/3.2.0/hadoop-minikdc-3.2.0.jar:/home/user/.m2/repository/commons-io/commons-io/2.5/commons-io-2.5.jar:/home/user/.m2/repository/org/apache/kerby/kerb-simplekdc/1.0.1/kerb-simplekdc-1.0.1.jar:/home/user/.m2/repository/org/apache/kerby/kerb-client/1.0.1/kerb-client-1.0.1.jar:/home/user/.m2/repository/org/apache/kerby/kerby-config/1.0.1/kerby-config-1.0.1.jar:/home/user/.m2/repository/org/apache/kerby/kerb-core/1.0.1/kerb-core-1.0.1.jar:/home/user/.m2/repository/org/apache/kerby/kerby-pkix/1.0.1/kerby-pkix-1.0.1.jar:/home/user/.m2/repository/org/apache/kerby/kerby-asn1/1.0.1/kerby-asn1-1.0.1.jar:/home/user/.m2/repository/org/apache/kerby/kerby-util/1.0.1/kerby-util-1.0.1.jar:/home/user/.m2/repository/org/apache/kerby/kerb-common/1.0.1/kerb-common-1.0.1.jar:/home/user/.m2/repository/org/apache/kerby/kerb-crypto/1.0.1/kerb-crypto-1.0.1.jar:/home/user/.m2/repository/org/apache/kerby/kerb-util/1.0.1/kerb-util-1.0.1.jar:/home/user/.m2/repository/org/apache/kerby/token-provider/1.0.1/token-provider-1.0.1.jar:/home/user/.m2/repository/org/apache/kerby/kerb-admin/1.0.1/kerb-admin-1.0.1.jar:/home/user/.m2/repository/org/apache/kerby/kerb-server/1.0.1/kerb-server-1.0.1.jar:/home/user/.m2/repository/org/apache/kerby/kerb-identity/1.0.1/kerb-identity-1.0.1.jar:/home/user/.m2/repository/org/apache/kerby/kerby-xdr/1.0.1/kerby-xdr-1.0.1.jar:/home/user/.m2/repository/org/slf4j/slf4j-log4j12/1.7.25/slf4j-log4j12-1.7.25.jar:/home/user/.m2/repository/org/apache/hadoop/hadoop-ozone-s3gateway/0.5.0-SNAPSHOT/hadoop-ozone-s3gateway-0.5.0-SNAPSHOT.jar:/home/user/.m2/repository/org/jboss/weld/servlet/weld-servlet/2.4.7.Final/weld-servlet-2.4.7.Final.jar:/home/user/.m2/repository/org/glassfish/jersey/containers/jersey-container-servlet-core/2.27/jersey-container-servlet-core-2.27.jar:/home/user/.m2/repository/org/glassfish/hk2/external/javax.inject/2.5.0-b42/javax.inject-2.5.0-b42.jar:/home/user/.m2/repository/org/glassfish/jersey/core/jersey-common/2.27/jersey-common-2.27.jar:/home/user/.m2/repository/org/glassfish/hk2/osgi-resource-locator/1.0.1/osgi-resource-locator-1.0.1.jar:/home/user/.m2/repository/javax/ws/rs/javax.ws.rs-api/2.1/javax.ws.rs-api-2.1.jar:/home/user/.m2/repository/org/glassfish/jersey/ext/cdi/jersey-cdi1x/2.27/jersey-cdi1x-2.27.jar:/home/user/.m2/repository/org/glassfish/jersey/inject/jersey-hk2/2.27/jersey-hk2-2.27.jar:/home/user/.m2/repository/org/glassfish/hk2/hk2-locator/2.5.0-b42/hk2-locator-2.5.0-b42.jar:/home/user/.m2/repository/org/javassist/javassist/3.22.0-CR2/javassist-3.22.0-CR2.jar:/home/user/.m2/repository/org/glassfish/hk2/hk2-api/2.5.0/hk2-api-2.5.0.jar:/home/user/.m2/repository/org/glassfish/hk2/external/jakarta.inject/2.5.0/jakarta.inject-2.5.0.jar:/home/user/.m2/repository/org/glassfish/hk2/hk2-utils/2.5.0/hk2-utils-2.5.0.jar:/home/user/.m2/repository/jakarta/annotation/jakarta.annotation-api/1.3.4/jakarta.annotation-api-1.3.4.jar:/home/user/.m2/repository/org/glassfish/hk2/external/aopalliance-repackaged/2.5.0/aopalliance-repackaged-2.5.0.jar:/home/user/.m2/repository/com/fasterxml/jackson/dataformat/jackson-dataformat-xml/2.9.0/jackson-dataformat-xml-2.9.0.jar:/home/user/.m2/repository/com/fasterxml/jackson/core/jackson-core/2.9.5/jackson-core-2.9.5.jar:/home/user/.m2/repository/com/fasterxml/jackson/module/jackson-module-jaxb-annotations/2.9.5/jackson-module-jaxb-annotations-2.9.5.jar:/home/user/.m2/repository/javax/enterprise/cdi-api/1.2/cdi-api-1.2.jar:/home/user/.m2/repository/javax/el/javax.el-api/3.0.0/javax.el-api-3.0.0.jar:/home/user/.m2/repository/javax/interceptor/javax.interceptor-api/1.2/javax.interceptor-api-1.2.jar:/home/user/.m2/repository/javax/inject/javax.inject/1/javax.inject-1.jar:/home/user/.m2/repository/com/sun/xml/bind/jaxb-impl/2.3.0.1/jaxb-impl-2.3.0.1.jar:/home/user/.m2/repository/com/sun/xml/bind/jaxb-core/2.3.0.1/jaxb-core-2.3.0.1.jar:/home/user/.m2/repository/javax/xml/bind/jaxb-api/2.3.0/jaxb-api-2.3.0.jar:/home/user/.m2/repository/javax/activation/activation/1.1.1/activation-1.1.1.jar:/home/user/.m2/repository/org/apache/hadoop/hadoop-ozone-csi/0.5.0-SNAPSHOT/hadoop-ozone-csi-0.5.0-SNAPSHOT.jar:/home/user/.m2/repository/com/google/protobuf/protobuf-java-util/3.5.1/protobuf-java-util-3.5.1.jar:/home/user/.m2/repository/org/apache/hadoop/hadoop-hdds-config/0.5.0-SNAPSHOT/hadoop-hdds-config-0.5.0-SNAPSHOT.jar:/home/user/.m2/repository/io/grpc/grpc-netty/1.17.1/grpc-netty-1.17.1.jar:/home/user/.m2/repository/io/grpc/grpc-core/1.17.1/grpc-core-1.17.1.jar:/home/user/.m2/repository/io/grpc/grpc-context/1.17.1/grpc-context-1.17.1.jar:/home/user/.m2/repository/com/google/errorprone/error_prone_annotations/2.2.0/error_prone_annotations-2.2.0.jar:/home/user/.m2/repository/org/codehaus/mojo/animal-sniffer-annotations/1.17/animal-sniffer-annotations-1.17.jar:/home/user/.m2/repository/io/opencensus/opencensus-api/0.17.0/opencensus-api-0.17.0.jar:/home/user/.m2/repository/io/opencensus/opencensus-contrib-grpc-metrics/0.17.0/opencensus-contrib-grpc-metrics-0.17.0.jar:/home/user/.m2/repository/io/netty/netty-codec-http2/4.1.30.Final/netty-codec-http2-4.1.30.Final.jar:/home/user/.m2/repository/io/netty/netty-codec-http/4.1.30.Final/netty-codec-http-4.1.30.Final.jar:/home/user/.m2/repository/io/netty/netty-codec/4.1.30.Final/netty-codec-4.1.30.Final.jar:/home/user/.m2/repository/io/netty/netty-handler/4.1.30.Final/netty-handler-4.1.30.Final.jar:/home/user/.m2/repository/io/netty/netty-handler-proxy/4.1.30.Final/netty-handler-proxy-4.1.30.Final.jar:/home/user/.m2/repository/io/netty/netty-codec-socks/4.1.30.Final/netty-codec-socks-4.1.30.Final.jar:/home/user/.m2/repository/io/netty/netty-transport-native-epoll/4.1.30.Final/netty-transport-native-epoll-4.1.30.Final.jar:/home/user/.m2/repository/io/netty/netty-common/4.1.30.Final/netty-common-4.1.30.Final.jar:/home/user/.m2/repository/io/netty/netty-buffer/4.1.30.Final/netty-buffer-4.1.30.Final.jar:/home/user/.m2/repository/io/netty/netty-transport/4.1.30.Final/netty-transport-4.1.30.Final.jar:/home/user/.m2/repository/io/netty/netty-resolver/4.1.30.Final/netty-resolver-4.1.30.Final.jar:/home/user/.m2/repository/io/netty/netty-transport-native-unix-common/4.1.30.Final/netty-transport-native-unix-common-4.1.30.Final.jar:/home/user/.m2/repository/io/grpc/grpc-protobuf/1.17.1/grpc-protobuf-1.17.1.jar:/home/user/.m2/repository/com/google/api/grpc/proto-google-common-protos/1.0.0/proto-google-common-protos-1.0.0.jar:/home/user/.m2/repository/io/grpc/grpc-protobuf-lite/1.17.1/grpc-protobuf-lite-1.17.1.jar:/home/user/.m2/repository/io/grpc/grpc-stub/1.17.1/grpc-stub-1.17.1.jar:/home/user/.m2/repository/org/apache/hadoop/hadoop-ozone-recon/0.5.0-SNAPSHOT/hadoop-ozone-recon-0.5.0-SNAPSHOT.jar:/home/user/.m2/repository/org/apache/hadoop/hadoop-ozone-reconcodegen/0.5.0-SNAPSHOT/hadoop-ozone-reconcodegen-0.5.0-SNAPSHOT.jar:/home/user/.m2/repository/com/google/inject/extensions/guice-multibindings/4.0/guice-multibindings-4.0.jar:/home/user/.m2/repository/com/google/inject/guice/4.0/guice-4.0.jar:/home/user/.m2/repository/aopalliance/aopalliance/1.0/aopalliance-1.0.jar:/home/user/.m2/repository/com/google/inject/extensions/guice-servlet/4.0/guice-servlet-4.0.jar:/home/user/.m2/repository/org/glassfish/jersey/containers/jersey-container-servlet/2.27/jersey-container-servlet-2.27.jar:/home/user/.m2/repository/org/glassfish/hk2/guice-bridge/2.5.0/guice-bridge-2.5.0.jar:/home/user/.m2/repository/org/glassfish/jersey/core/jersey-server/2.27/jersey-server-2.27.jar:/home/user/.m2/repository/org/glassfish/jersey/core/jersey-client/2.27/jersey-client-2.27.jar:/home/user/.m2/repository/org/glassfish/jersey/media/jersey-media-jaxb/2.27/jersey-media-jaxb-2.27.jar:/home/user/.m2/repository/javax/validation/validation-api/1.1.0.Final/validation-api-1.1.0.Final.jar:/home/user/.m2/repository/org/glassfish/jersey/media/jersey-media-json-jackson/2.27/jersey-media-json-jackson-2.27.jar:/home/user/.m2/repository/org/glassfish/jersey/ext/jersey-entity-filtering/2.27/jersey-entity-filtering-2.27.jar:/home/user/.m2/repository/com/google/inject/extensions/guice-assistedinject/4.0/guice-assistedinject-4.0.jar:/home/user/.m2/repository/org/jooq/jooq/3.11.10/jooq-3.11.10.jar:/home/user/.m2/repository/org/jooq/jooq-meta/3.11.10/jooq-meta-3.11.10.jar:/home/user/.m2/repository/org/jooq/jooq-codegen/3.11.10/jooq-codegen-3.11.10.jar:/home/user/.m2/repository/com/jolbox/bonecp/0.8.0.RELEASE/bonecp-0.8.0.RELEASE.jar:/home/user/.m2/repository/org/xerial/sqlite-jdbc/3.25.2/sqlite-jdbc-3.25.2.jar:/home/user/.m2/repository/org/springframework/spring-jdbc/5.1.3.RELEASE/spring-jdbc-5.1.3.RELEASE.jar:/home/user/.m2/repository/org/springframework/spring-beans/5.1.3.RELEASE/spring-beans-5.1.3.RELEASE.jar:/home/user/.m2/repository/org/springframework/spring-core/5.1.3.RELEASE/spring-core-5.1.3.RELEASE.jar:/home/user/.m2/repository/org/springframework/spring-jcl/5.1.3.RELEASE/spring-jcl-5.1.3.RELEASE.jar:/home/user/.m2/repository/org/springframework/spring-tx/5.1.3.RELEASE/spring-tx-5.1.3.RELEASE.jar:/home/user/.m2/repository/org/apache/hadoop/hadoop-ozone-client/0.5.0-SNAPSHOT/hadoop-ozone-client-0.5.0-SNAPSHOT.jar:/home/user/.m2/repository/commons-lang/commons-lang/2.6/commons-lang-2.6.jar:/home/user/.m2/repository/org/apache/hadoop/hadoop-ozone-ozone-manager/0.5.0-SNAPSHOT/hadoop-ozone-ozone-manager-0.5.0-SNAPSHOT-tests.jar:/home/user/.m2/repository/junit/junit/4.11/junit-4.11.jar:/home/user/.m2/repository/org/hamcrest/hamcrest-core/1.3/hamcrest-core-1.3.jar:/home/user/.m2/repository/org/openjdk/jmh/jmh-core/1.19/jmh-core-1.19.jar:/home/user/.m2/repository/net/sf/jopt-simple/jopt-simple/4.6/jopt-simple-4.6.jar:/home/user/.m2/repository/org/apache/commons/commons-math3/3.1.1/commons-math3-3.1.1.jar:/home/user/.m2/repository/org/openjdk/jmh/jmh-generator-annprocess/1.19/jmh-generator-annprocess-1.19.jar:/home/user/.m2/repository/org/mockito/mockito-all/1.8.5/mockito-all-1.8.5.jar:/home/user/.m2/repository/org/apache/hadoop/hadoop-kms/3.2.0/hadoop-kms-3.2.0.jar:/home/user/.m2/repository/org/apache/hadoop/hadoop-auth/3.2.0/hadoop-auth-3.2.0.jar:/home/user/.m2/repository/com/nimbusds/nimbus-jose-jwt/4.41.1/nimbus-jose-jwt-4.41.1.jar:/home/user/.m2/repository/com/github/stephenc/jcip/jcip-annotations/1.0-1/jcip-annotations-1.0-1.jar:/home/user/.m2/repository/net/minidev/json-smart/2.3/json-smart-2.3.jar:/home/user/.m2/repository/net/minidev/accessors-smart/1.2/accessors-smart-1.2.jar:/home/user/.m2/repository/org/ow2/asm/asm/5.0.4/asm-5.0.4.jar:/home/user/.m2/repository/org/apache/curator/curator-framework/2.12.0/curator-framework-2.12.0.jar:/home/user/.m2/repository/com/sun/jersey/jersey-core/1.19/jersey-core-1.19.jar:/home/user/.m2/repository/javax/ws/rs/jsr311-api/1.1.1/jsr311-api-1.1.1.jar:/home/user/.m2/repository/com/sun/jersey/jersey-server/1.19/jersey-server-1.19.jar:/home/user/.m2/repository/javax/servlet/javax.servlet-api/3.1.0/javax.servlet-api-3.1.0.jar:/home/user/.m2/repository/org/eclipse/jetty/jetty-server/9.3.24.v20180605/jetty-server-9.3.24.v20180605.jar:/home/user/.m2/repository/org/eclipse/jetty/jetty-http/9.3.24.v20180605/jetty-http-9.3.24.v20180605.jar:/home/user/.m2/repository/org/eclipse/jetty/jetty-io/9.3.24.v20180605/jetty-io-9.3.24.v20180605.jar:/home/user/.m2/repository/org/eclipse/jetty/jetty-webapp/9.3.24.v20180605/jetty-webapp-9.3.24.v20180605.jar:/home/user/.m2/repository/org/eclipse/jetty/jetty-xml/9.3.24.v20180605/jetty-xml-9.3.24.v20180605.jar:/home/user/.m2/repository/log4j/log4j/1.2.17/log4j-1.2.17.jar:/home/user/.m2/repository/org/slf4j/slf4j-api/1.7.25/slf4j-api-1.7.25.jar:/home/user/.m2/repository/org/slf4j/jul-to-slf4j/1.7.25/jul-to-slf4j-1.7.25.jar:/home/user/.m2/repository/org/eclipse/jetty/jetty-util/9.3.24.v20180605/jetty-util-9.3.24.v20180605.jar:/home/user/.m2/repository/com/fasterxml/jackson/core/jackson-databind/2.9.5/jackson-databind-2.9.5.jar:/home/user/.m2/repository/org/apache/hadoop/hadoop-kms/3.2.0/hadoop-kms-3.2.0-tests.jar:/home/user/.m2/repository/org/apache/hadoop/hadoop-hdds-server-scm/0.5.0-SNAPSHOT/hadoop-hdds-server-scm-0.5.0-SNAPSHOT-tests.jar:/home/user/.m2/repository/org/apache/hadoop/hadoop-hdds-container-service/0.5.0-SNAPSHOT/hadoop-hdds-container-service-0.5.0-SNAPSHOT-tests.jar:/home/user/.m2/repository/org/yaml/snakeyaml/1.16/snakeyaml-1.16.jar:/home/user/.m2/repository/org/apache/hadoop/hadoop-common/3.2.0/hadoop-common-3.2.0-tests.jar:/home/user/.m2/repository/org/apache/hadoop/hadoop-annotations/3.2.0/hadoop-annotations-3.2.0.jar:/usr/lib/jvm/java-1.8-openjdk/jre/../lib/tools.jar:/home/user/.m2/repository/commons-cli/commons-cli/1.2/commons-cli-1.2.jar:/home/user/.m2/repository/org/apache/httpcomponents/httpclient/4.5.2/httpclient-4.5.2.jar:/home/user/.m2/repository/org/apache/httpcomponents/httpcore/4.4.4/httpcore-4.4.4.jar:/home/user/.m2/repository/commons-codec/commons-codec/1.11/commons-codec-1.11.jar:/home/user/.m2/repository/commons-net/commons-net/3.6/commons-net-3.6.jar:/home/user/.m2/repository/commons-collections/commons-collections/3.2.2/commons-collections-3.2.2.jar:/home/user/.m2/repository/org/eclipse/jetty/jetty-servlet/9.3.24.v20180605/jetty-servlet-9.3.24.v20180605.jar:/home/user/.m2/repository/org/eclipse/jetty/jetty-security/9.3.24.v20180605/jetty-security-9.3.24.v20180605.jar:/home/user/.m2/repository/javax/servlet/jsp/jsp-api/2.1/jsp-api-2.1.jar:/home/user/.m2/repository/com/sun/jersey/jersey-servlet/1.19/jersey-servlet-1.19.jar:/home/user/.m2/repository/com/sun/jersey/jersey-json/1.19/jersey-json-1.19.jar:/home/user/.m2/repository/org/codehaus/jettison/jettison/1.1/jettison-1.1.jar:/home/user/.m2/repository/org/codehaus/jackson/jackson-core-asl/1.9.13/jackson-core-asl-1.9.13.jar:/home/user/.m2/repository/org/codehaus/jackson/jackson-mapper-asl/1.9.13/jackson-mapper-asl-1.9.13.jar:/home/user/.m2/repository/org/codehaus/jackson/jackson-jaxrs/1.9.13/jackson-jaxrs-1.9.13.jar:/home/user/.m2/repository/org/codehaus/jackson/jackson-xc/1.9.13/jackson-xc-1.9.13.jar:/home/user/.m2/repository/commons-logging/commons-logging/1.1.3/commons-logging-1.1.3.jar:/home/user/.m2/repository/commons-beanutils/commons-beanutils/1.9.3/commons-beanutils-1.9.3.jar:/home/user/.m2/repository/org/apache/commons/commons-configuration2/2.1.1/commons-configuration2-2.1.1.jar:/home/user/.m2/repository/org/apache/commons/commons-lang3/3.7/commons-lang3-3.7.jar:/home/user/.m2/repository/org/apache/commons/commons-text/1.4/commons-text-1.4.jar:/home/user/.m2/repository/org/apache/avro/avro/1.7.7/avro-1.7.7.jar:/home/user/.m2/repository/com/thoughtworks/paranamer/paranamer/2.3/paranamer-2.3.jar:/home/user/.m2/repository/org/xerial/snappy/snappy-java/1.0.5/snappy-java-1.0.5.jar:/home/user/.m2/repository/com/google/re2j/re2j/1.1/re2j-1.1.jar:/home/user/.m2/repository/com/google/code/gson/gson/2.2.4/gson-2.2.4.jar:/home/user/.m2/repository/com/jcraft/jsch/0.1.54/jsch-0.1.54.jar:/home/user/.m2/repository/org/apache/curator/curator-client/2.12.0/curator-client-2.12.0.jar:/home/user/.m2/repository/org/apache/curator/curator-recipes/2.12.0/curator-recipes-2.12.0.jar:/home/user/.m2/repository/com/google/code/findbugs/jsr305/3.0.0/jsr305-3.0.0.jar:/home/user/.m2/repository/org/apache/htrace/htrace-core4/4.1.0-incubating/htrace-core4-4.1.0-incubating.jar:/home/user/.m2/repository/org/apache/zookeeper/zookeeper/3.4.13/zookeeper-3.4.13.jar:/home/user/.m2/repository/org/apache/yetus/audience-annotations/0.5.0/audience-annotations-0.5.0.jar:/home/user/.m2/repository/org/codehaus/woodstox/stax2-api/3.1.4/stax2-api-3.1.4.jar:/home/user/.m2/repository/com/fasterxml/woodstox/woodstox-core/5.0.3/woodstox-core-5.0.3.jar:/home/user/.m2/repository/dnsjava/dnsjava/2.1.7/dnsjava-2.1.7.jar:/home/user/.m2/repository/org/apache/hadoop/hadoop-hdfs/3.2.0/hadoop-hdfs-3.2.0-tests.jar:/home/user/.m2/repository/org/eclipse/jetty/jetty-util-ajax/9.3.24.v20180605/jetty-util-ajax-9.3.24.v20180605.jar:/home/user/.m2/repository/commons-daemon/commons-daemon/1.0.13/commons-daemon-1.0.13.jar:/home/user/.m2/repository/io/netty/netty/3.10.5.Final/netty-3.10.5.Final.jar:/home/user/.m2/repository/io/netty/netty-all/4.0.52.Final/netty-all-4.0.52.Final.jar:/home/user/.m2/repository/org/fusesource/leveldbjni/leveldbjni-all/1.8/leveldbjni-all-1.8.jar:"/>
    <property name="java.vm.vendor" value="IcedTea"/>
    <property name="sun.arch.data.model" value="64"/>
    <property name="test.build.dir" value="/workdir/hadoop-ozone/integration-test/target/test-dir"/>
    <property name="test.cache.data" value=""/>
    <property name="java.vendor.url" value="https://icedtea.classpath.org"/>
    <property name="user.timezone" value=""/>
    <property name="java.vm.specification.version" value="1.8"/>
    <property name="os.name" value="Linux"/>
    <property name="test.build.data" value="/workdir/hadoop-ozone/integration-test/target/test-dir"/>
    <property name="user.country" value="US"/>
    <property name="sun.java.launcher" value="SUN_STANDARD"/>
    <property name="sun.boot.library.path" value="/usr/lib/jvm/java-1.8-openjdk/jre/lib/amd64"/>
    <property name="sun.java.command" value="/workdir/hadoop-ozone/integration-test/target/surefire/surefirebooter7079661820781401694.jar /workdir/hadoop-ozone/integration-test/target/surefire 2019-09-12T13-18-32_926-jvmRun1 surefire8063591798680455050tmp surefire_248884244486552177964tmp"/>
    <property name="test" value="!TestMiniChaosOzoneCluster"/>
    <property name="surefire.test.class.path" value="/workdir/hadoop-ozone/integration-test/target/test-classes:/workdir/hadoop-ozone/integration-test/target/classes:/home/user/.m2/repository/org/apache/hadoop/hadoop-ozone-common/0.5.0-SNAPSHOT/hadoop-ozone-common-0.5.0-SNAPSHOT.jar:/home/user/.m2/repository/org/apache/commons/commons-compress/1.4.1/commons-compress-1.4.1.jar:/home/user/.m2/repository/org/tukaani/xz/1.0/xz-1.0.jar:/home/user/.m2/repository/org/apache/hadoop/hadoop-common/3.2.0/hadoop-common-3.2.0.jar:/home/user/.m2/repository/org/apache/hadoop/hadoop-hdfs/3.2.0/hadoop-hdfs-3.2.0.jar:/home/user/.m2/repository/org/apache/hadoop/hadoop-hdfs-client/3.2.0/hadoop-hdfs-client-3.2.0.jar:/home/user/.m2/repository/com/fasterxml/jackson/core/jackson-annotations/2.9.5/jackson-annotations-2.9.5.jar:/home/user/.m2/repository/org/apache/hadoop/hadoop-hdds-common/0.5.0-SNAPSHOT/hadoop-hdds-common-0.5.0-SNAPSHOT.jar:/home/user/.m2/repository/javax/annotation/javax.annotation-api/1.2/javax.annotation-api-1.2.jar:/home/user/.m2/repository/org/apache/ratis/ratis-server/0.4.0-78e95b9-SNAPSHOT/ratis-server-0.4.0-78e95b9-SNAPSHOT.jar:/home/user/.m2/repository/org/apache/ratis/ratis-thirdparty-misc/0.2.0/ratis-thirdparty-misc-0.2.0.jar:/home/user/.m2/repository/org/apache/ratis/ratis-proto/0.4.0-78e95b9-SNAPSHOT/ratis-proto-0.4.0-78e95b9-SNAPSHOT.jar:/home/user/.m2/repository/org/apache/ratis/ratis-common/0.4.0-78e95b9-SNAPSHOT/ratis-common-0.4.0-78e95b9-SNAPSHOT.jar:/home/user/.m2/repository/org/apache/ratis/ratis-client/0.4.0-78e95b9-SNAPSHOT/ratis-client-0.4.0-78e95b9-SNAPSHOT.jar:/home/user/.m2/repository/org/apache/ratis/ratis-metrics/0.4.0-78e95b9-SNAPSHOT/ratis-metrics-0.4.0-78e95b9-SNAPSHOT.jar:/home/user/.m2/repository/com/github/joshelser/dropwizard-metrics-hadoop-metrics2-reporter/0.1.2/dropwizard-metrics-hadoop-metrics2-reporter-0.1.2.jar:/home/user/.m2/repository/io/dropwizard/metrics/metrics-jvm/3.2.5/metrics-jvm-3.2.5.jar:/home/user/.m2/repository/io/dropwizard/metrics/metrics-ganglia/3.2.5/metrics-ganglia-3.2.5.jar:/home/user/.m2/repository/info/ganglia/gmetric4j/gmetric4j/1.0.7/gmetric4j-1.0.7.jar:/home/user/.m2/repository/org/apache/ratis/ratis-netty/0.4.0-78e95b9-SNAPSHOT/ratis-netty-0.4.0-78e95b9-SNAPSHOT.jar:/home/user/.m2/repository/org/apache/ratis/ratis-grpc/0.4.0-78e95b9-SNAPSHOT/ratis-grpc-0.4.0-78e95b9-SNAPSHOT.jar:/home/user/.m2/repository/org/rocksdb/rocksdbjni/6.0.1/rocksdbjni-6.0.1.jar:/home/user/.m2/repository/org/apache/logging/log4j/log4j-api/2.11.0/log4j-api-2.11.0.jar:/home/user/.m2/repository/org/apache/logging/log4j/log4j-core/2.11.0/log4j-core-2.11.0.jar:/home/user/.m2/repository/com/lmax/disruptor/3.4.2/disruptor-3.4.2.jar:/home/user/.m2/repository/org/apache/commons/commons-pool2/2.6.0/commons-pool2-2.6.0.jar:/home/user/.m2/repository/org/bouncycastle/bcpkix-jdk15on/1.60/bcpkix-jdk15on-1.60.jar:/home/user/.m2/repository/commons-validator/commons-validator/1.6/commons-validator-1.6.jar:/home/user/.m2/repository/commons-digester/commons-digester/1.8.1/commons-digester-1.8.1.jar:/home/user/.m2/repository/io/jaegertracing/jaeger-client/0.33.1/jaeger-client-0.33.1.jar:/home/user/.m2/repository/io/jaegertracing/jaeger-thrift/0.33.1/jaeger-thrift-0.33.1.jar:/home/user/.m2/repository/org/apache/thrift/libthrift/0.11.0/libthrift-0.11.0.jar:/home/user/.m2/repository/com/squareup/okhttp3/okhttp/3.9.0/okhttp-3.9.0.jar:/home/user/.m2/repository/com/squareup/okio/okio/1.13.0/okio-1.13.0.jar:/home/user/.m2/repository/io/jaegertracing/jaeger-core/0.33.1/jaeger-core-0.33.1.jar:/home/user/.m2/repository/io/jaegertracing/jaeger-tracerresolver/0.33.1/jaeger-tracerresolver-0.33.1.jar:/home/user/.m2/repository/io/opentracing/contrib/opentracing-tracerresolver/0.1.5/opentracing-tracerresolver-0.1.5.jar:/home/user/.m2/repository/io/opentracing/opentracing-util/0.31.0/opentracing-util-0.31.0.jar:/home/user/.m2/repository/io/opentracing/opentracing-api/0.31.0/opentracing-api-0.31.0.jar:/home/user/.m2/repository/io/opentracing/opentracing-noop/0.31.0/opentracing-noop-0.31.0.jar:/home/user/.m2/repository/org/apache/hadoop/hadoop-hdds-server-framework/0.5.0-SNAPSHOT/hadoop-hdds-server-framework-0.5.0-SNAPSHOT.jar:/home/user/.m2/repository/org/apache/hadoop/hadoop-hdds-container-service/0.5.0-SNAPSHOT/hadoop-hdds-container-service-0.5.0-SNAPSHOT.jar:/home/user/.m2/repository/org/apache/hadoop/hadoop-hdds-client/0.5.0-SNAPSHOT/hadoop-hdds-client-0.5.0-SNAPSHOT.jar:/home/user/.m2/repository/org/apache/hadoop/hadoop-hdds-tools/0.5.0-SNAPSHOT/hadoop-hdds-tools-0.5.0-SNAPSHOT.jar:/home/user/.m2/repository/org/apache/hadoop/hadoop-hdds-server-scm/0.5.0-SNAPSHOT/hadoop-hdds-server-scm-0.5.0-SNAPSHOT.jar:/home/user/.m2/repository/org/apache/hadoop/hadoop-hdds-docs/0.5.0-SNAPSHOT/hadoop-hdds-docs-0.5.0-SNAPSHOT.jar:/home/user/.m2/repository/io/dropwizard/metrics/metrics-core/3.2.4/metrics-core-3.2.4.jar:/home/user/.m2/repository/org/hamcrest/hamcrest-all/1.3/hamcrest-all-1.3.jar:/home/user/.m2/repository/org/bouncycastle/bcprov-jdk15on/1.60/bcprov-jdk15on-1.60.jar:/home/user/.m2/repository/info/picocli/picocli/3.9.6/picocli-3.9.6.jar:/home/user/.m2/repository/com/google/protobuf/protobuf-java/2.5.0/protobuf-java-2.5.0.jar:/home/user/.m2/repository/com/google/guava/guava/11.0.2/guava-11.0.2.jar:/home/user/.m2/repository/org/apache/hadoop/hadoop-ozone-ozone-manager/0.5.0-SNAPSHOT/hadoop-ozone-ozone-manager-0.5.0-SNAPSHOT.jar:/home/user/.m2/repository/org/apache/hadoop/hadoop-minikdc/3.2.0/hadoop-minikdc-3.2.0.jar:/home/user/.m2/repository/commons-io/commons-io/2.5/commons-io-2.5.jar:/home/user/.m2/repository/org/apache/kerby/kerb-simplekdc/1.0.1/kerb-simplekdc-1.0.1.jar:/home/user/.m2/repository/org/apache/kerby/kerb-client/1.0.1/kerb-client-1.0.1.jar:/home/user/.m2/repository/org/apache/kerby/kerby-config/1.0.1/kerby-config-1.0.1.jar:/home/user/.m2/repository/org/apache/kerby/kerb-core/1.0.1/kerb-core-1.0.1.jar:/home/user/.m2/repository/org/apache/kerby/kerby-pkix/1.0.1/kerby-pkix-1.0.1.jar:/home/user/.m2/repository/org/apache/kerby/kerby-asn1/1.0.1/kerby-asn1-1.0.1.jar:/home/user/.m2/repository/org/apache/kerby/kerby-util/1.0.1/kerby-util-1.0.1.jar:/home/user/.m2/repository/org/apache/kerby/kerb-common/1.0.1/kerb-common-1.0.1.jar:/home/user/.m2/repository/org/apache/kerby/kerb-crypto/1.0.1/kerb-crypto-1.0.1.jar:/home/user/.m2/repository/org/apache/kerby/kerb-util/1.0.1/kerb-util-1.0.1.jar:/home/user/.m2/repository/org/apache/kerby/token-provider/1.0.1/token-provider-1.0.1.jar:/home/user/.m2/repository/org/apache/kerby/kerb-admin/1.0.1/kerb-admin-1.0.1.jar:/home/user/.m2/repository/org/apache/kerby/kerb-server/1.0.1/kerb-server-1.0.1.jar:/home/user/.m2/repository/org/apache/kerby/kerb-identity/1.0.1/kerb-identity-1.0.1.jar:/home/user/.m2/repository/org/apache/kerby/kerby-xdr/1.0.1/kerby-xdr-1.0.1.jar:/home/user/.m2/repository/org/slf4j/slf4j-log4j12/1.7.25/slf4j-log4j12-1.7.25.jar:/home/user/.m2/repository/org/apache/hadoop/hadoop-ozone-s3gateway/0.5.0-SNAPSHOT/hadoop-ozone-s3gateway-0.5.0-SNAPSHOT.jar:/home/user/.m2/repository/org/jboss/weld/servlet/weld-servlet/2.4.7.Final/weld-servlet-2.4.7.Final.jar:/home/user/.m2/repository/org/glassfish/jersey/containers/jersey-container-servlet-core/2.27/jersey-container-servlet-core-2.27.jar:/home/user/.m2/repository/org/glassfish/hk2/external/javax.inject/2.5.0-b42/javax.inject-2.5.0-b42.jar:/home/user/.m2/repository/org/glassfish/jersey/core/jersey-common/2.27/jersey-common-2.27.jar:/home/user/.m2/repository/org/glassfish/hk2/osgi-resource-locator/1.0.1/osgi-resource-locator-1.0.1.jar:/home/user/.m2/repository/javax/ws/rs/javax.ws.rs-api/2.1/javax.ws.rs-api-2.1.jar:/home/user/.m2/repository/org/glassfish/jersey/ext/cdi/jersey-cdi1x/2.27/jersey-cdi1x-2.27.jar:/home/user/.m2/repository/org/glassfish/jersey/inject/jersey-hk2/2.27/jersey-hk2-2.27.jar:/home/user/.m2/repository/org/glassfish/hk2/hk2-locator/2.5.0-b42/hk2-locator-2.5.0-b42.jar:/home/user/.m2/repository/org/javassist/javassist/3.22.0-CR2/javassist-3.22.0-CR2.jar:/home/user/.m2/repository/org/glassfish/hk2/hk2-api/2.5.0/hk2-api-2.5.0.jar:/home/user/.m2/repository/org/glassfish/hk2/external/jakarta.inject/2.5.0/jakarta.inject-2.5.0.jar:/home/user/.m2/repository/org/glassfish/hk2/hk2-utils/2.5.0/hk2-utils-2.5.0.jar:/home/user/.m2/repository/jakarta/annotation/jakarta.annotation-api/1.3.4/jakarta.annotation-api-1.3.4.jar:/home/user/.m2/repository/org/glassfish/hk2/external/aopalliance-repackaged/2.5.0/aopalliance-repackaged-2.5.0.jar:/home/user/.m2/repository/com/fasterxml/jackson/dataformat/jackson-dataformat-xml/2.9.0/jackson-dataformat-xml-2.9.0.jar:/home/user/.m2/repository/com/fasterxml/jackson/core/jackson-core/2.9.5/jackson-core-2.9.5.jar:/home/user/.m2/repository/com/fasterxml/jackson/module/jackson-module-jaxb-annotations/2.9.5/jackson-module-jaxb-annotations-2.9.5.jar:/home/user/.m2/repository/javax/enterprise/cdi-api/1.2/cdi-api-1.2.jar:/home/user/.m2/repository/javax/el/javax.el-api/3.0.0/javax.el-api-3.0.0.jar:/home/user/.m2/repository/javax/interceptor/javax.interceptor-api/1.2/javax.interceptor-api-1.2.jar:/home/user/.m2/repository/javax/inject/javax.inject/1/javax.inject-1.jar:/home/user/.m2/repository/com/sun/xml/bind/jaxb-impl/2.3.0.1/jaxb-impl-2.3.0.1.jar:/home/user/.m2/repository/com/sun/xml/bind/jaxb-core/2.3.0.1/jaxb-core-2.3.0.1.jar:/home/user/.m2/repository/javax/xml/bind/jaxb-api/2.3.0/jaxb-api-2.3.0.jar:/home/user/.m2/repository/javax/activation/activation/1.1.1/activation-1.1.1.jar:/home/user/.m2/repository/org/apache/hadoop/hadoop-ozone-csi/0.5.0-SNAPSHOT/hadoop-ozone-csi-0.5.0-SNAPSHOT.jar:/home/user/.m2/repository/com/google/protobuf/protobuf-java-util/3.5.1/protobuf-java-util-3.5.1.jar:/home/user/.m2/repository/org/apache/hadoop/hadoop-hdds-config/0.5.0-SNAPSHOT/hadoop-hdds-config-0.5.0-SNAPSHOT.jar:/home/user/.m2/repository/io/grpc/grpc-netty/1.17.1/grpc-netty-1.17.1.jar:/home/user/.m2/repository/io/grpc/grpc-core/1.17.1/grpc-core-1.17.1.jar:/home/user/.m2/repository/io/grpc/grpc-context/1.17.1/grpc-context-1.17.1.jar:/home/user/.m2/repository/com/google/errorprone/error_prone_annotations/2.2.0/error_prone_annotations-2.2.0.jar:/home/user/.m2/repository/org/codehaus/mojo/animal-sniffer-annotations/1.17/animal-sniffer-annotations-1.17.jar:/home/user/.m2/repository/io/opencensus/opencensus-api/0.17.0/opencensus-api-0.17.0.jar:/home/user/.m2/repository/io/opencensus/opencensus-contrib-grpc-metrics/0.17.0/opencensus-contrib-grpc-metrics-0.17.0.jar:/home/user/.m2/repository/io/netty/netty-codec-http2/4.1.30.Final/netty-codec-http2-4.1.30.Final.jar:/home/user/.m2/repository/io/netty/netty-codec-http/4.1.30.Final/netty-codec-http-4.1.30.Final.jar:/home/user/.m2/repository/io/netty/netty-codec/4.1.30.Final/netty-codec-4.1.30.Final.jar:/home/user/.m2/repository/io/netty/netty-handler/4.1.30.Final/netty-handler-4.1.30.Final.jar:/home/user/.m2/repository/io/netty/netty-handler-proxy/4.1.30.Final/netty-handler-proxy-4.1.30.Final.jar:/home/user/.m2/repository/io/netty/netty-codec-socks/4.1.30.Final/netty-codec-socks-4.1.30.Final.jar:/home/user/.m2/repository/io/netty/netty-transport-native-epoll/4.1.30.Final/netty-transport-native-epoll-4.1.30.Final.jar:/home/user/.m2/repository/io/netty/netty-common/4.1.30.Final/netty-common-4.1.30.Final.jar:/home/user/.m2/repository/io/netty/netty-buffer/4.1.30.Final/netty-buffer-4.1.30.Final.jar:/home/user/.m2/repository/io/netty/netty-transport/4.1.30.Final/netty-transport-4.1.30.Final.jar:/home/user/.m2/repository/io/netty/netty-resolver/4.1.30.Final/netty-resolver-4.1.30.Final.jar:/home/user/.m2/repository/io/netty/netty-transport-native-unix-common/4.1.30.Final/netty-transport-native-unix-common-4.1.30.Final.jar:/home/user/.m2/repository/io/grpc/grpc-protobuf/1.17.1/grpc-protobuf-1.17.1.jar:/home/user/.m2/repository/com/google/api/grpc/proto-google-common-protos/1.0.0/proto-google-common-protos-1.0.0.jar:/home/user/.m2/repository/io/grpc/grpc-protobuf-lite/1.17.1/grpc-protobuf-lite-1.17.1.jar:/home/user/.m2/repository/io/grpc/grpc-stub/1.17.1/grpc-stub-1.17.1.jar:/home/user/.m2/repository/org/apache/hadoop/hadoop-ozone-recon/0.5.0-SNAPSHOT/hadoop-ozone-recon-0.5.0-SNAPSHOT.jar:/home/user/.m2/repository/org/apache/hadoop/hadoop-ozone-reconcodegen/0.5.0-SNAPSHOT/hadoop-ozone-reconcodegen-0.5.0-SNAPSHOT.jar:/home/user/.m2/repository/com/google/inject/extensions/guice-multibindings/4.0/guice-multibindings-4.0.jar:/home/user/.m2/repository/com/google/inject/guice/4.0/guice-4.0.jar:/home/user/.m2/repository/aopalliance/aopalliance/1.0/aopalliance-1.0.jar:/home/user/.m2/repository/com/google/inject/extensions/guice-servlet/4.0/guice-servlet-4.0.jar:/home/user/.m2/repository/org/glassfish/jersey/containers/jersey-container-servlet/2.27/jersey-container-servlet-2.27.jar:/home/user/.m2/repository/org/glassfish/hk2/guice-bridge/2.5.0/guice-bridge-2.5.0.jar:/home/user/.m2/repository/org/glassfish/jersey/core/jersey-server/2.27/jersey-server-2.27.jar:/home/user/.m2/repository/org/glassfish/jersey/core/jersey-client/2.27/jersey-client-2.27.jar:/home/user/.m2/repository/org/glassfish/jersey/media/jersey-media-jaxb/2.27/jersey-media-jaxb-2.27.jar:/home/user/.m2/repository/javax/validation/validation-api/1.1.0.Final/validation-api-1.1.0.Final.jar:/home/user/.m2/repository/org/glassfish/jersey/media/jersey-media-json-jackson/2.27/jersey-media-json-jackson-2.27.jar:/home/user/.m2/repository/org/glassfish/jersey/ext/jersey-entity-filtering/2.27/jersey-entity-filtering-2.27.jar:/home/user/.m2/repository/com/google/inject/extensions/guice-assistedinject/4.0/guice-assistedinject-4.0.jar:/home/user/.m2/repository/org/jooq/jooq/3.11.10/jooq-3.11.10.jar:/home/user/.m2/repository/org/jooq/jooq-meta/3.11.10/jooq-meta-3.11.10.jar:/home/user/.m2/repository/org/jooq/jooq-codegen/3.11.10/jooq-codegen-3.11.10.jar:/home/user/.m2/repository/com/jolbox/bonecp/0.8.0.RELEASE/bonecp-0.8.0.RELEASE.jar:/home/user/.m2/repository/org/xerial/sqlite-jdbc/3.25.2/sqlite-jdbc-3.25.2.jar:/home/user/.m2/repository/org/springframework/spring-jdbc/5.1.3.RELEASE/spring-jdbc-5.1.3.RELEASE.jar:/home/user/.m2/repository/org/springframework/spring-beans/5.1.3.RELEASE/spring-beans-5.1.3.RELEASE.jar:/home/user/.m2/repository/org/springframework/spring-core/5.1.3.RELEASE/spring-core-5.1.3.RELEASE.jar:/home/user/.m2/repository/org/springframework/spring-jcl/5.1.3.RELEASE/spring-jcl-5.1.3.RELEASE.jar:/home/user/.m2/repository/org/springframework/spring-tx/5.1.3.RELEASE/spring-tx-5.1.3.RELEASE.jar:/home/user/.m2/repository/org/apache/hadoop/hadoop-ozone-client/0.5.0-SNAPSHOT/hadoop-ozone-client-0.5.0-SNAPSHOT.jar:/home/user/.m2/repository/commons-lang/commons-lang/2.6/commons-lang-2.6.jar:/home/user/.m2/repository/org/apache/hadoop/hadoop-ozone-ozone-manager/0.5.0-SNAPSHOT/hadoop-ozone-ozone-manager-0.5.0-SNAPSHOT-tests.jar:/home/user/.m2/repository/junit/junit/4.11/junit-4.11.jar:/home/user/.m2/repository/org/hamcrest/hamcrest-core/1.3/hamcrest-core-1.3.jar:/home/user/.m2/repository/org/openjdk/jmh/jmh-core/1.19/jmh-core-1.19.jar:/home/user/.m2/repository/net/sf/jopt-simple/jopt-simple/4.6/jopt-simple-4.6.jar:/home/user/.m2/repository/org/apache/commons/commons-math3/3.1.1/commons-math3-3.1.1.jar:/home/user/.m2/repository/org/openjdk/jmh/jmh-generator-annprocess/1.19/jmh-generator-annprocess-1.19.jar:/home/user/.m2/repository/org/mockito/mockito-all/1.8.5/mockito-all-1.8.5.jar:/home/user/.m2/repository/org/apache/hadoop/hadoop-kms/3.2.0/hadoop-kms-3.2.0.jar:/home/user/.m2/repository/org/apache/hadoop/hadoop-auth/3.2.0/hadoop-auth-3.2.0.jar:/home/user/.m2/repository/com/nimbusds/nimbus-jose-jwt/4.41.1/nimbus-jose-jwt-4.41.1.jar:/home/user/.m2/repository/com/github/stephenc/jcip/jcip-annotations/1.0-1/jcip-annotations-1.0-1.jar:/home/user/.m2/repository/net/minidev/json-smart/2.3/json-smart-2.3.jar:/home/user/.m2/repository/net/minidev/accessors-smart/1.2/accessors-smart-1.2.jar:/home/user/.m2/repository/org/ow2/asm/asm/5.0.4/asm-5.0.4.jar:/home/user/.m2/repository/org/apache/curator/curator-framework/2.12.0/curator-framework-2.12.0.jar:/home/user/.m2/repository/com/sun/jersey/jersey-core/1.19/jersey-core-1.19.jar:/home/user/.m2/repository/javax/ws/rs/jsr311-api/1.1.1/jsr311-api-1.1.1.jar:/home/user/.m2/repository/com/sun/jersey/jersey-server/1.19/jersey-server-1.19.jar:/home/user/.m2/repository/javax/servlet/javax.servlet-api/3.1.0/javax.servlet-api-3.1.0.jar:/home/user/.m2/repository/org/eclipse/jetty/jetty-server/9.3.24.v20180605/jetty-server-9.3.24.v20180605.jar:/home/user/.m2/repository/org/eclipse/jetty/jetty-http/9.3.24.v20180605/jetty-http-9.3.24.v20180605.jar:/home/user/.m2/repository/org/eclipse/jetty/jetty-io/9.3.24.v20180605/jetty-io-9.3.24.v20180605.jar:/home/user/.m2/repository/org/eclipse/jetty/jetty-webapp/9.3.24.v20180605/jetty-webapp-9.3.24.v20180605.jar:/home/user/.m2/repository/org/eclipse/jetty/jetty-xml/9.3.24.v20180605/jetty-xml-9.3.24.v20180605.jar:/home/user/.m2/repository/log4j/log4j/1.2.17/log4j-1.2.17.jar:/home/user/.m2/repository/org/slf4j/slf4j-api/1.7.25/slf4j-api-1.7.25.jar:/home/user/.m2/repository/org/slf4j/jul-to-slf4j/1.7.25/jul-to-slf4j-1.7.25.jar:/home/user/.m2/repository/org/eclipse/jetty/jetty-util/9.3.24.v20180605/jetty-util-9.3.24.v20180605.jar:/home/user/.m2/repository/com/fasterxml/jackson/core/jackson-databind/2.9.5/jackson-databind-2.9.5.jar:/home/user/.m2/repository/org/apache/hadoop/hadoop-kms/3.2.0/hadoop-kms-3.2.0-tests.jar:/home/user/.m2/repository/org/apache/hadoop/hadoop-hdds-server-scm/0.5.0-SNAPSHOT/hadoop-hdds-server-scm-0.5.0-SNAPSHOT-tests.jar:/home/user/.m2/repository/org/apache/hadoop/hadoop-hdds-container-service/0.5.0-SNAPSHOT/hadoop-hdds-container-service-0.5.0-SNAPSHOT-tests.jar:/home/user/.m2/repository/org/yaml/snakeyaml/1.16/snakeyaml-1.16.jar:/home/user/.m2/repository/org/apache/hadoop/hadoop-common/3.2.0/hadoop-common-3.2.0-tests.jar:/home/user/.m2/repository/org/apache/hadoop/hadoop-annotations/3.2.0/hadoop-annotations-3.2.0.jar:/usr/lib/jvm/java-1.8-openjdk/jre/../lib/tools.jar:/home/user/.m2/repository/commons-cli/commons-cli/1.2/commons-cli-1.2.jar:/home/user/.m2/repository/org/apache/httpcomponents/httpclient/4.5.2/httpclient-4.5.2.jar:/home/user/.m2/repository/org/apache/httpcomponents/httpcore/4.4.4/httpcore-4.4.4.jar:/home/user/.m2/repository/commons-codec/commons-codec/1.11/commons-codec-1.11.jar:/home/user/.m2/repository/commons-net/commons-net/3.6/commons-net-3.6.jar:/home/user/.m2/repository/commons-collections/commons-collections/3.2.2/commons-collections-3.2.2.jar:/home/user/.m2/repository/org/eclipse/jetty/jetty-servlet/9.3.24.v20180605/jetty-servlet-9.3.24.v20180605.jar:/home/user/.m2/repository/org/eclipse/jetty/jetty-security/9.3.24.v20180605/jetty-security-9.3.24.v20180605.jar:/home/user/.m2/repository/javax/servlet/jsp/jsp-api/2.1/jsp-api-2.1.jar:/home/user/.m2/repository/com/sun/jersey/jersey-servlet/1.19/jersey-servlet-1.19.jar:/home/user/.m2/repository/com/sun/jersey/jersey-json/1.19/jersey-json-1.19.jar:/home/user/.m2/repository/org/codehaus/jettison/jettison/1.1/jettison-1.1.jar:/home/user/.m2/repository/org/codehaus/jackson/jackson-core-asl/1.9.13/jackson-core-asl-1.9.13.jar:/home/user/.m2/repository/org/codehaus/jackson/jackson-mapper-asl/1.9.13/jackson-mapper-asl-1.9.13.jar:/home/user/.m2/repository/org/codehaus/jackson/jackson-jaxrs/1.9.13/jackson-jaxrs-1.9.13.jar:/home/user/.m2/repository/org/codehaus/jackson/jackson-xc/1.9.13/jackson-xc-1.9.13.jar:/home/user/.m2/repository/commons-logging/commons-logging/1.1.3/commons-logging-1.1.3.jar:/home/user/.m2/repository/commons-beanutils/commons-beanutils/1.9.3/commons-beanutils-1.9.3.jar:/home/user/.m2/repository/org/apache/commons/commons-configuration2/2.1.1/commons-configuration2-2.1.1.jar:/home/user/.m2/repository/org/apache/commons/commons-lang3/3.7/commons-lang3-3.7.jar:/home/user/.m2/repository/org/apache/commons/commons-text/1.4/commons-text-1.4.jar:/home/user/.m2/repository/org/apache/avro/avro/1.7.7/avro-1.7.7.jar:/home/user/.m2/repository/com/thoughtworks/paranamer/paranamer/2.3/paranamer-2.3.jar:/home/user/.m2/repository/org/xerial/snappy/snappy-java/1.0.5/snappy-java-1.0.5.jar:/home/user/.m2/repository/com/google/re2j/re2j/1.1/re2j-1.1.jar:/home/user/.m2/repository/com/google/code/gson/gson/2.2.4/gson-2.2.4.jar:/home/user/.m2/repository/com/jcraft/jsch/0.1.54/jsch-0.1.54.jar:/home/user/.m2/repository/org/apache/curator/curator-client/2.12.0/curator-client-2.12.0.jar:/home/user/.m2/repository/org/apache/curator/curator-recipes/2.12.0/curator-recipes-2.12.0.jar:/home/user/.m2/repository/com/google/code/findbugs/jsr305/3.0.0/jsr305-3.0.0.jar:/home/user/.m2/repository/org/apache/htrace/htrace-core4/4.1.0-incubating/htrace-core4-4.1.0-incubating.jar:/home/user/.m2/repository/org/apache/zookeeper/zookeeper/3.4.13/zookeeper-3.4.13.jar:/home/user/.m2/repository/org/apache/yetus/audience-annotations/0.5.0/audience-annotations-0.5.0.jar:/home/user/.m2/repository/org/codehaus/woodstox/stax2-api/3.1.4/stax2-api-3.1.4.jar:/home/user/.m2/repository/com/fasterxml/woodstox/woodstox-core/5.0.3/woodstox-core-5.0.3.jar:/home/user/.m2/repository/dnsjava/dnsjava/2.1.7/dnsjava-2.1.7.jar:/home/user/.m2/repository/org/apache/hadoop/hadoop-hdfs/3.2.0/hadoop-hdfs-3.2.0-tests.jar:/home/user/.m2/repository/org/eclipse/jetty/jetty-util-ajax/9.3.24.v20180605/jetty-util-ajax-9.3.24.v20180605.jar:/home/user/.m2/repository/commons-daemon/commons-daemon/1.0.13/commons-daemon-1.0.13.jar:/home/user/.m2/repository/io/netty/netty/3.10.5.Final/netty-3.10.5.Final.jar:/home/user/.m2/repository/io/netty/netty-all/4.0.52.Final/netty-all-4.0.52.Final.jar:/home/user/.m2/repository/org/fusesource/leveldbjni/leveldbjni-all/1.8/leveldbjni-all-1.8.jar:"/>
    <property name="sun.cpu.endian" value="little"/>
    <property name="user.home" value="/home/user"/>
    <property name="user.language" value="en"/>
    <property name="java.specification.vendor" value="Oracle Corporation"/>
    <property name="java.home" value="/usr/lib/jvm/java-1.8-openjdk/jre"/>
    <property name="java.security.krb5.conf" value="/workdir/hadoop-ozone/integration-test/target/test-classes/krb5.conf"/>
    <property name="basedir" value="/workdir/hadoop-ozone/integration-test"/>
    <property name="file.separator" value="/"/>
    <property name="line.separator" value="&#10;"/>
    <property name="java.vm.specification.vendor" value="Oracle Corporation"/>
    <property name="java.specification.name" value="Java Platform API Specification"/>
    <property name="java.awt.graphicsenv" value="sun.awt.X11GraphicsEnvironment"/>
    <property name="surefire.real.class.path" value="/workdir/hadoop-ozone/integration-test/target/surefire/surefirebooter7079661820781401694.jar"/>
    <property name="hadoop.log.dir" value="/workdir/hadoop-ozone/integration-test/target/log"/>
    <property name="sun.boot.class.path" value="/usr/lib/jvm/java-1.8-openjdk/jre/lib/resources.jar:/usr/lib/jvm/java-1.8-openjdk/jre/lib/rt.jar:/usr/lib/jvm/java-1.8-openjdk/jre/lib/sunrsasign.jar:/usr/lib/jvm/java-1.8-openjdk/jre/lib/jsse.jar:/usr/lib/jvm/java-1.8-openjdk/jre/lib/jce.jar:/usr/lib/jvm/java-1.8-openjdk/jre/lib/charsets.jar:/usr/lib/jvm/java-1.8-openjdk/jre/lib/jfr.jar:/usr/lib/jvm/java-1.8-openjdk/jre/classes"/>
    <property name="sun.management.compiler" value="HotSpot 64-Bit Tiered Compilers"/>
    <property name="java.runtime.version" value="1.8.0_212-b04"/>
    <property name="java.net.preferIPv4Stack" value="true"/>
    <property name="user.name" value="jenkins1000"/>
    <property name="path.separator" value=":"/>
    <property name="java.security.egd" value="file:///dev/urandom"/>
    <property name="os.version" value="3.10.0-957.12.2.el7.x86_64"/>
    <property name="java.endorsed.dirs" value="/usr/lib/jvm/java-1.8-openjdk/jre/lib/endorsed"/>
    <property name="java.runtime.name" value="OpenJDK Runtime Environment"/>
    <property name="file.encoding" value="UTF-8"/>
    <property name="java.vm.name" value="OpenJDK 64-Bit Server VM"/>
    <property name="test.build.webapps" value=""/>
    <property name="localRepository" value="/home/user/.m2/repository"/>
    <property name="java.vendor.url.bug" value="https://icedtea.classpath.org/bugzilla"/>
    <property name="java.io.tmpdir" value="/tmp"/>
    <property name="require.test.libhadoop" value=""/>
    <property name="java.version" value="1.8.0_212"/>
    <property name="user.dir" value="/workdir/hadoop-ozone/integration-test"/>
    <property name="os.arch" value="amd64"/>
    <property name="java.vm.specification.name" value="Java Virtual Machine Specification"/>
    <property name="test.build.classes" value="/workdir/hadoop-ozone/integration-test/target/test-classes"/>
    <property name="java.awt.printerjob" value="sun.print.PSPrinterJob"/>
    <property name="sun.os.patch.level" value="unknown"/>
    <property name="hadoop.tmp.dir" value="/workdir/hadoop-ozone/integration-test/target/tmp"/>
    <property name="java.library.path" value="/usr/lib/jvm/java-1.8-openjdk/jre/lib/amd64/server:/usr/lib/jvm/java-1.8-openjdk/jre/lib/amd64:/usr/lib/jvm/java-1.8-openjdk/jre/../lib/amd64:/workdir/hadoop-ozone/integration-test/target/native/target/usr/local/lib:/workdir/hadoop-ozone/integration-test/../../hadoop-common-project/hadoop-common/target/native/target/usr/local/lib:/usr/java/packages/lib/amd64:/usr/lib64:/lib64:/lib:/usr/lib"/>
    <property name="java.vm.info" value="mixed mode"/>
    <property name="java.vendor" value="IcedTea"/>
    <property name="java.vm.version" value="25.212-b04"/>
    <property name="java.ext.dirs" value="/usr/lib/jvm/java-1.8-openjdk/jre/lib/ext:/usr/java/packages/lib/ext"/>
    <property name="sun.io.unicode.encoding" value="UnicodeLittle"/>
    <property name="java.class.version" value="52.0"/>
  </properties>
  <testcase name="testGroupMismatchExceptionHandling" classname="org.apache.hadoop.ozone.client.rpc.TestOzoneClientRetriesOnException" time="45.911"/>
  <testcase name="testMaxRetriesByOzoneClient" classname="org.apache.hadoop.ozone.client.rpc.TestOzoneClientRetriesOnException" time="340.461">
    <error message="Failed to command cmdType: CreateContainer&#10;containerID: 1&#10;datanodeUuid: &quot;a8b5f9ad-518b-4332-873e-ffb82f46a5c1&quot;&#10;createContainer {&#10;}&#10;" type="java.io.IOException">java.io.IOException: 
Failed to command cmdType: CreateContainer
containerID: 1
datanodeUuid: "a8b5f9ad-518b-4332-873e-ffb82f46a5c1"
createContainer {
}

	at org.apache.hadoop.hdds.scm.XceiverClientSpi.sendCommand(XceiverClientSpi.java:113)
	at org.apache.hadoop.ozone.client.rpc.TestOzoneClientRetriesOnException.testMaxRetriesByOzoneClient(TestOzoneClientRetriesOnException.java:190)
	at sun.reflect.NativeMethodAccessorImpl.invoke0(Native Method)
	at sun.reflect.NativeMethodAccessorImpl.invoke(NativeMethodAccessorImpl.java:62)
	at sun.reflect.DelegatingMethodAccessorImpl.invoke(DelegatingMethodAccessorImpl.java:43)
	at java.lang.reflect.Method.invoke(Method.java:498)
	at org.junit.runners.model.FrameworkMethod$1.runReflectiveCall(FrameworkMethod.java:47)
	at org.junit.internal.runners.model.ReflectiveCallable.run(ReflectiveCallable.java:12)
	at org.junit.runners.model.FrameworkMethod.invokeExplosively(FrameworkMethod.java:44)
	at org.junit.internal.runners.statements.InvokeMethod.evaluate(InvokeMethod.java:17)
	at org.junit.internal.runners.statements.RunBefores.evaluate(RunBefores.java:26)
	at org.junit.internal.runners.statements.RunAfters.evaluate(RunAfters.java:27)
	at org.junit.runners.ParentRunner.runLeaf(ParentRunner.java:271)
	at org.junit.runners.BlockJUnit4ClassRunner.runChild(BlockJUnit4ClassRunner.java:70)
	at org.junit.runners.BlockJUnit4ClassRunner.runChild(BlockJUnit4ClassRunner.java:50)
	at org.junit.runners.ParentRunner$3.run(ParentRunner.java:238)
	at org.junit.runners.ParentRunner$1.schedule(ParentRunner.java:63)
	at org.junit.runners.ParentRunner.runChildren(ParentRunner.java:236)
	at org.junit.runners.ParentRunner.access$000(ParentRunner.java:53)
	at org.junit.runners.ParentRunner$2.evaluate(ParentRunner.java:229)
	at org.junit.runners.ParentRunner.run(ParentRunner.java:309)
	at org.apache.maven.surefire.junit4.JUnit4Provider.execute(JUnit4Provider.java:365)
	at org.apache.maven.surefire.junit4.JUnit4Provider.executeWithRerun(JUnit4Provider.java:273)
	at org.apache.maven.surefire.junit4.JUnit4Provider.executeTestSet(JUnit4Provider.java:238)
	at org.apache.maven.surefire.junit4.JUnit4Provider.invoke(JUnit4Provider.java:159)
	at org.apache.maven.surefire.booter.ForkedBooter.invokeProviderInSameClassLoader(ForkedBooter.java:384)
	at org.apache.maven.surefire.booter.ForkedBooter.runSuitesInProcess(ForkedBooter.java:345)
	at org.apache.maven.surefire.booter.ForkedBooter.execute(ForkedBooter.java:126)
	at org.apache.maven.surefire.booter.ForkedBooter.main(ForkedBooter.java:418)
Caused by: java.util.concurrent.ExecutionException: org.apache.ratis.protocol.RaftRetryFailureException: Failed RaftClientRequest:client-121340D8CA75->fe044cd5-df1e-4f7f-ac9c-c64980bfad69@group-684C73073592, cid=45, seq=3*, RW, org.apache.hadoop.hdds.scm.XceiverClientRatis$$Lambda$345/108333023@2ce724d0 for 180 attempts with RetryLimited(maxAttempts=180, sleepTime=1000ms)
	at java.util.concurrent.CompletableFuture.reportGet(CompletableFuture.java:357)
	at java.util.concurrent.CompletableFuture.get(CompletableFuture.java:1895)
	at org.apache.hadoop.hdds.scm.XceiverClientSpi.sendCommand(XceiverClientSpi.java:110)
	... 28 more
Caused by: org.apache.ratis.protocol.RaftRetryFailureException: Failed RaftClientRequest:client-121340D8CA75->fe044cd5-df1e-4f7f-ac9c-c64980bfad69@group-684C73073592, cid=45, seq=3*, RW, org.apache.hadoop.hdds.scm.XceiverClientRatis$$Lambda$345/108333023@2ce724d0 for 180 attempts with RetryLimited(maxAttempts=180, sleepTime=1000ms)
	at org.apache.ratis.client.impl.RaftClientImpl.noMoreRetries(RaftClientImpl.java:271)
	at org.apache.ratis.client.impl.OrderedAsync.handleAsyncRetryFailure(OrderedAsync.java:138)
	at org.apache.ratis.client.impl.OrderedAsync.lambda$sendRequest$10(OrderedAsync.java:230)
	at java.util.concurrent.CompletableFuture.uniExceptionally(CompletableFuture.java:870)
	at java.util.concurrent.CompletableFuture$UniExceptionally.tryFire(CompletableFuture.java:852)
	at java.util.concurrent.CompletableFuture.postComplete(CompletableFuture.java:474)
	at java.util.concurrent.CompletableFuture.completeExceptionally(CompletableFuture.java:1977)
	at org.apache.ratis.grpc.client.GrpcClientProtocolClient$AsyncStreamObservers.completeReplyExceptionally(GrpcClientProtocolClient.java:339)
	at org.apache.ratis.grpc.client.GrpcClientProtocolClient$AsyncStreamObservers.access$000(GrpcClientProtocolClient.java:255)
	at org.apache.ratis.grpc.client.GrpcClientProtocolClient$AsyncStreamObservers$1.onNext(GrpcClientProtocolClient.java:267)
	at org.apache.ratis.grpc.client.GrpcClientProtocolClient$AsyncStreamObservers$1.onNext(GrpcClientProtocolClient.java:258)
	at org.apache.ratis.thirdparty.io.grpc.stub.ClientCalls$StreamObserverToCallListenerAdapter.onMessage(ClientCalls.java:421)
	at org.apache.ratis.thirdparty.io.grpc.ForwardingClientCallListener.onMessage(ForwardingClientCallListener.java:33)
	at org.apache.ratis.thirdparty.io.grpc.ForwardingClientCallListener.onMessage(ForwardingClientCallListener.java:33)
	at org.apache.ratis.thirdparty.io.grpc.internal.ClientCallImpl$ClientStreamListenerImpl$1MessagesAvailable.runInContext(ClientCallImpl.java:519)
	at org.apache.ratis.thirdparty.io.grpc.internal.ContextRunnable.run(ContextRunnable.java:37)
	at org.apache.ratis.thirdparty.io.grpc.internal.SerializingExecutor.run(SerializingExecutor.java:123)
	at java.util.concurrent.ThreadPoolExecutor.runWorker(ThreadPoolExecutor.java:1149)
	at java.util.concurrent.ThreadPoolExecutor$Worker.run(ThreadPoolExecutor.java:624)
	at java.lang.Thread.run(Thread.java:748)
Caused by: org.apache.ratis.protocol.NotLeaderException: Server fe044cd5-df1e-4f7f-ac9c-c64980bfad69@group-684C73073592 is not the leader 1ea668f3-db9c-4d31-a34d-8fd854f35d67:192.168.5.171:46566
	at org.apache.ratis.client.impl.ClientProtoUtils.toRaftClientReply(ClientProtoUtils.java:243)
	at org.apache.ratis.grpc.client.GrpcClientProtocolClient$AsyncStreamObservers$1.onNext(GrpcClientProtocolClient.java:263)
	... 10 more
</error>
    <system-out><![CDATA[2019-09-12 14:02:16,569 [main] WARN  server.ServerUtils (ServerUtils.java:getScmDbDir(145)) - ozone.scm.db.dirs is not configured. We recommend adding this setting. Falling back to ozone.metadata.dirs instead.
2019-09-12 14:02:16,603 [main] WARN  server.ServerUtils (ServerUtils.java:getScmDbDir(145)) - ozone.scm.db.dirs is not configured. We recommend adding this setting. Falling back to ozone.metadata.dirs instead.
2019-09-12 14:02:16,603 [main] WARN  server.ServerUtils (ServerUtils.java:getScmDbDir(145)) - ozone.scm.db.dirs is not configured. We recommend adding this setting. Falling back to ozone.metadata.dirs instead.
2019-09-12 14:02:16,604 [main] INFO  db.DBStoreBuilder (DBStoreBuilder.java:addTable(110)) - using custom profile for table: deletedBlocks
2019-09-12 14:02:16,604 [main] INFO  db.DBStoreBuilder (DBStoreBuilder.java:processTables(161)) - Using default column profile:DBProfile.DISK for Table:deletedBlocks
2019-09-12 14:02:16,604 [main] INFO  db.DBStoreBuilder (DBStoreBuilder.java:addTable(110)) - using custom profile for table: validCerts
2019-09-12 14:02:16,604 [main] INFO  db.DBStoreBuilder (DBStoreBuilder.java:processTables(161)) - Using default column profile:DBProfile.DISK for Table:validCerts
2019-09-12 14:02:16,604 [main] INFO  db.DBStoreBuilder (DBStoreBuilder.java:addTable(110)) - using custom profile for table: revokedCerts
2019-09-12 14:02:16,605 [main] INFO  db.DBStoreBuilder (DBStoreBuilder.java:processTables(161)) - Using default column profile:DBProfile.DISK for Table:revokedCerts
2019-09-12 14:02:16,605 [main] INFO  db.DBStoreBuilder (DBStoreBuilder.java:addTable(110)) - using custom profile for table: default
2019-09-12 14:02:16,605 [main] INFO  db.DBStoreBuilder (DBStoreBuilder.java:processTables(167)) - Using default column profile:DBProfile.DISK for Table:default
2019-09-12 14:02:16,605 [main] INFO  db.DBStoreBuilder (DBStoreBuilder.java:getDbProfile(198)) - Using default options. DBProfile.DISK
2019-09-12 14:02:16,812 [main] INFO  net.NodeSchemaLoader (NodeSchemaLoader.java:loadSchemaFromFile(125)) - Loading file from sun.misc.CompoundEnumeration@3a1706e1
2019-09-12 14:02:16,812 [main] INFO  net.NodeSchemaLoader (NodeSchemaLoader.java:loadSchema(171)) - Loading network topology layer schema file
2019-09-12 14:02:16,816 [main] WARN  server.ServerUtils (ServerUtils.java:sanitizeUserArgs(70)) - ozone.scm.stale.node.interval value = 300000 is larger than max = 100000 based on the key value of ozone.scm.heartbeat.thread.interval, reset to the max value 100000.
2019-09-12 14:02:16,816 [main] WARN  server.ServerUtils (ServerUtils.java:sanitizeUserArgs(70)) - ozone.scm.stale.node.interval value = 300000 is larger than max = 100000 based on the key value of ozone.scm.heartbeat.thread.interval, reset to the max value 100000.
2019-09-12 14:02:16,817 [main] INFO  node.SCMNodeManager (SCMNodeManager.java:<init>(114)) - Entering startup safe mode.
2019-09-12 14:02:16,818 [main] INFO  algorithms.ContainerPlacementPolicyFactory (ContainerPlacementPolicyFactory.java:getPolicy(57)) - Create container placement policy of type org.apache.hadoop.hdds.scm.container.placement.algorithms.SCMContainerPlacementRandom
2019-09-12 14:02:16,818 [main] WARN  server.ServerUtils (ServerUtils.java:getScmDbDir(145)) - ozone.scm.db.dirs is not configured. We recommend adding this setting. Falling back to ozone.metadata.dirs instead.
2019-09-12 14:02:16,877 [main] INFO  pipeline.SCMPipelineManager (SCMPipelineManager.java:initializePipelineState(128)) - No pipeline exists in current db
2019-09-12 14:02:16,877 [main] WARN  server.ServerUtils (ServerUtils.java:getScmDbDir(145)) - ozone.scm.db.dirs is not configured. We recommend adding this setting. Falling back to ozone.metadata.dirs instead.
2019-09-12 14:02:16,950 [main] WARN  events.EventQueue (EventQueue.java:fireEvent(183)) - No event handler registered for event TypedEvent{payloadType=SafeModeStatus, name='SafeModeStatus'}
2019-09-12 14:02:16,951 [main] INFO  ipc.CallQueueManager (CallQueueManager.java:<init>(84)) - Using callQueue: class java.util.concurrent.LinkedBlockingQueue, queueCapacity: 2000, scheduler: class org.apache.hadoop.ipc.DefaultRpcScheduler, ipcBackoff: false.
2019-09-12 14:02:16,952 [Socket Reader #1 for port 35439] INFO  ipc.Server (Server.java:run(1074)) - Starting Socket Reader #1 for port 35439
2019-09-12 14:02:16,953 [main] INFO  ipc.CallQueueManager (CallQueueManager.java:<init>(84)) - Using callQueue: class java.util.concurrent.LinkedBlockingQueue, queueCapacity: 2000, scheduler: class org.apache.hadoop.ipc.DefaultRpcScheduler, ipcBackoff: false.
2019-09-12 14:02:16,954 [Socket Reader #1 for port 45516] INFO  ipc.Server (Server.java:run(1074)) - Starting Socket Reader #1 for port 45516
2019-09-12 14:02:16,955 [main] INFO  ipc.CallQueueManager (CallQueueManager.java:<init>(84)) - Using callQueue: class java.util.concurrent.LinkedBlockingQueue, queueCapacity: 2000, scheduler: class org.apache.hadoop.ipc.DefaultRpcScheduler, ipcBackoff: false.
2019-09-12 14:02:16,956 [Socket Reader #1 for port 44063] INFO  ipc.Server (Server.java:run(1074)) - Starting Socket Reader #1 for port 44063
2019-09-12 14:02:16,958 [main] INFO  hdfs.DFSUtil (DFSUtil.java:httpServerTemplateForNNAndJN(1641)) - Starting Web-server for scm at: http://0.0.0.0:0
2019-09-12 14:02:16,961 [main] INFO  server.AuthenticationFilter (AuthenticationFilter.java:constructSecretProvider(240)) - Unable to initialize FileSignerSecretProvider, falling back to use random secrets.
2019-09-12 14:02:16,962 [main] WARN  http.HttpRequestLog (HttpRequestLog.java:getRequestLog(97)) - Jetty request log can only be enabled using Log4j
2019-09-12 14:02:16,965 [main] INFO  http.HttpServer2 (HttpServer2.java:addGlobalFilter(975)) - Added global filter 'safety' (class=org.apache.hadoop.http.HttpServer2$QuotingInputFilter)
2019-09-12 14:02:16,966 [main] INFO  http.HttpServer2 (HttpServer2.java:addFilter(948)) - Added filter static_user_filter (class=org.apache.hadoop.http.lib.StaticUserWebFilter$StaticUserFilter) to context scm
2019-09-12 14:02:16,966 [main] INFO  http.HttpServer2 (HttpServer2.java:addFilter(958)) - Added filter static_user_filter (class=org.apache.hadoop.http.lib.StaticUserWebFilter$StaticUserFilter) to context logs
2019-09-12 14:02:16,967 [main] INFO  http.HttpServer2 (HttpServer2.java:addFilter(958)) - Added filter static_user_filter (class=org.apache.hadoop.http.lib.StaticUserWebFilter$StaticUserFilter) to context static
2019-09-12 14:02:16,971 [main] INFO  server.StorageContainerManager (StorageContainerManager.java:start(763)) - StorageContainerLocationProtocol RPC server is listening at /0.0.0.0:44063
2019-09-12 14:02:16,974 [main] WARN  impl.MetricsConfig (MetricsConfig.java:loadFirst(134)) - Cannot locate configuration: tried hadoop-metrics2-storagecontainermanager.properties,hadoop-metrics2.properties
2019-09-12 14:02:16,976 [main] INFO  impl.MetricsSystemImpl (MetricsSystemImpl.java:startTimer(374)) - Scheduled Metric snapshot period at 10 second(s).
2019-09-12 14:02:16,976 [main] INFO  impl.MetricsSystemImpl (MetricsSystemImpl.java:start(191)) - StorageContainerManager metrics system started
2019-09-12 14:02:17,028 [main] WARN  impl.MetricsSystemImpl (MetricsSystemImpl.java:register(276)) - Sink prometheus already exists!
2019-09-12 14:02:17,033 [main] INFO  server.SCMClientProtocolServer (SCMClientProtocolServer.java:start(151)) - RPC server for Client  is listening at /0.0.0.0:44063
2019-09-12 14:02:17,034 [IPC Server Responder] INFO  ipc.Server (Server.java:run(1314)) - IPC Server Responder: starting
2019-09-12 14:02:17,034 [IPC Server listener on 44063] INFO  ipc.Server (Server.java:run(1153)) - IPC Server listener on 44063: starting
2019-09-12 14:02:17,037 [main] INFO  server.StorageContainerManager (StorageContainerManager.java:start(773)) - ScmBlockLocationProtocol RPC server is listening at /0.0.0.0:45516
2019-09-12 14:02:17,037 [main] INFO  server.SCMBlockProtocolServer (SCMBlockProtocolServer.java:start(146)) - RPC server for Block Protocol is listening at /0.0.0.0:45516
2019-09-12 14:02:17,037 [IPC Server Responder] INFO  ipc.Server (Server.java:run(1314)) - IPC Server Responder: starting
2019-09-12 14:02:17,038 [IPC Server listener on 45516] INFO  ipc.Server (Server.java:run(1153)) - IPC Server listener on 45516: starting
2019-09-12 14:02:17,041 [main] INFO  server.StorageContainerManager (StorageContainerManager.java:start(777)) - ScmDatanodeProtocl RPC server is listening at /0.0.0.0:35439
2019-09-12 14:02:17,041 [main] INFO  server.SCMDatanodeProtocolServer (SCMDatanodeProtocolServer.java:start(191)) - RPC server for DataNodes is listening at /0.0.0.0:35439
2019-09-12 14:02:17,041 [IPC Server Responder] INFO  ipc.Server (Server.java:run(1314)) - IPC Server Responder: starting
2019-09-12 14:02:17,041 [IPC Server listener on 35439] INFO  ipc.Server (Server.java:run(1153)) - IPC Server listener on 35439: starting
2019-09-12 14:02:17,044 [main] INFO  http.HttpServer2 (HttpServer2.java:bindListener(1191)) - Jetty bound to port 44945
2019-09-12 14:02:17,044 [main] INFO  server.Server (Server.java:doStart(351)) - jetty-9.3.24.v20180605, build timestamp: 2018-06-05T17:11:56Z, git hash: 84205aa28f11a4f31f2a3b86d1bba2cc8ab69827
2019-09-12 14:02:17,046 [main] INFO  handler.ContextHandler (ContextHandler.java:doStart(781)) - Started o.e.j.s.ServletContextHandler@7eb200ce{/logs,file:///workdir/hadoop-ozone/integration-test/target/log,AVAILABLE}
2019-09-12 14:02:17,047 [main] INFO  handler.ContextHandler (ContextHandler.java:doStart(781)) - Started o.e.j.s.ServletContextHandler@7c2924d7{/static,file:///workdir/hadoop-ozone/integration-test/target/test-classes/webapps/static,AVAILABLE}
2019-09-12 14:02:17,051 [main] INFO  handler.ContextHandler (ContextHandler.java:doStart(781)) - Started o.e.j.w.WebAppContext@60c1663c{/,file:///workdir/hadoop-ozone/integration-test/target/test-classes/webapps/scm/,AVAILABLE}{/scm}
2019-09-12 14:02:17,053 [main] INFO  server.AbstractConnector (AbstractConnector.java:doStart(278)) - Started ServerConnector@f5cf29b{HTTP/1.1,[http/1.1]}{0.0.0.0:44945}
2019-09-12 14:02:17,053 [main] INFO  server.Server (Server.java:doStart(419)) - Started @47021ms
2019-09-12 14:02:17,053 [main] WARN  impl.MetricsSystemImpl (MetricsSystemImpl.java:register(276)) - Sink prometheus already exists!
2019-09-12 14:02:17,054 [main] INFO  server.BaseHttpServer (BaseHttpServer.java:updateConnectorAddress(215)) - HTTP server of SCM is listening at http://0.0.0.0:44945
2019-09-12 14:02:17,054 [main] WARN  server.ServerUtils (ServerUtils.java:getDBPath(222)) - ozone.om.db.dirs is not configured. We recommend adding this setting. Falling back to ozone.metadata.dirs instead.
2019-09-12 14:02:17,055 [org.apache.hadoop.util.JvmPauseMonitor$Monitor@37e69c43] INFO  util.JvmPauseMonitor (JvmPauseMonitor.java:run(188)) - Starting JVM pause monitor
2019-09-12 14:02:17,076 [main] WARN  server.ServerUtils (ServerUtils.java:getDBPath(222)) - ozone.om.db.dirs is not configured. We recommend adding this setting. Falling back to ozone.metadata.dirs instead.
2019-09-12 14:02:17,076 [main] WARN  server.ServerUtils (ServerUtils.java:getDBPath(222)) - ozone.om.db.dirs is not configured. We recommend adding this setting. Falling back to ozone.metadata.dirs instead.
2019-09-12 14:02:17,076 [main] INFO  om.OzoneManager (OzoneManager.java:setOMNodeDetails(649)) - OM Service ID is not set. Setting it to the default ID: omServiceIdDefault
2019-09-12 14:02:17,077 [main] INFO  om.OzoneManager (OzoneManager.java:setOMNodeDetails(655)) - OM Node ID is not set. Setting it to the OmStorage's OmID: 035d9887-5a8c-4096-84a0-5fcaeb627c5c
2019-09-12 14:02:17,077 [main] INFO  om.OzoneManager (OzoneManager.java:loadOMHAConfigs(606)) - Found matching OM address with OMServiceId: null, OMNodeId: null, RPC Address: localhost:0 and Ratis port: 9872
2019-09-12 14:02:17,084 [main] WARN  server.ServerUtils (ServerUtils.java:getDBPath(222)) - ozone.om.db.dirs is not configured. We recommend adding this setting. Falling back to ozone.metadata.dirs instead.
2019-09-12 14:02:17,085 [main] INFO  db.DBStoreBuilder (DBStoreBuilder.java:addTable(110)) - using custom profile for table: userTable
2019-09-12 14:02:17,085 [main] INFO  db.DBStoreBuilder (DBStoreBuilder.java:processTables(161)) - Using default column profile:DBProfile.DISK for Table:userTable
2019-09-12 14:02:17,085 [main] INFO  db.DBStoreBuilder (DBStoreBuilder.java:addTable(110)) - using custom profile for table: volumeTable
2019-09-12 14:02:17,085 [main] INFO  db.DBStoreBuilder (DBStoreBuilder.java:processTables(161)) - Using default column profile:DBProfile.DISK for Table:volumeTable
2019-09-12 14:02:17,086 [main] INFO  db.DBStoreBuilder (DBStoreBuilder.java:addTable(110)) - using custom profile for table: bucketTable
2019-09-12 14:02:17,086 [main] INFO  db.DBStoreBuilder (DBStoreBuilder.java:processTables(161)) - Using default column profile:DBProfile.DISK for Table:bucketTable
2019-09-12 14:02:17,086 [main] INFO  db.DBStoreBuilder (DBStoreBuilder.java:addTable(110)) - using custom profile for table: keyTable
2019-09-12 14:02:17,086 [main] INFO  db.DBStoreBuilder (DBStoreBuilder.java:processTables(161)) - Using default column profile:DBProfile.DISK for Table:keyTable
2019-09-12 14:02:17,086 [main] INFO  db.DBStoreBuilder (DBStoreBuilder.java:addTable(110)) - using custom profile for table: deletedTable
2019-09-12 14:02:17,086 [main] INFO  db.DBStoreBuilder (DBStoreBuilder.java:processTables(161)) - Using default column profile:DBProfile.DISK for Table:deletedTable
2019-09-12 14:02:17,087 [main] INFO  db.DBStoreBuilder (DBStoreBuilder.java:addTable(110)) - using custom profile for table: openKeyTable
2019-09-12 14:02:17,087 [main] INFO  db.DBStoreBuilder (DBStoreBuilder.java:processTables(161)) - Using default column profile:DBProfile.DISK for Table:openKeyTable
2019-09-12 14:02:17,087 [main] INFO  db.DBStoreBuilder (DBStoreBuilder.java:addTable(110)) - using custom profile for table: s3Table
2019-09-12 14:02:17,087 [main] INFO  db.DBStoreBuilder (DBStoreBuilder.java:processTables(161)) - Using default column profile:DBProfile.DISK for Table:s3Table
2019-09-12 14:02:17,087 [main] INFO  db.DBStoreBuilder (DBStoreBuilder.java:addTable(110)) - using custom profile for table: multipartInfoTable
2019-09-12 14:02:17,088 [main] INFO  db.DBStoreBuilder (DBStoreBuilder.java:processTables(161)) - Using default column profile:DBProfile.DISK for Table:multipartInfoTable
2019-09-12 14:02:17,088 [main] INFO  db.DBStoreBuilder (DBStoreBuilder.java:addTable(110)) - using custom profile for table: dTokenTable
2019-09-12 14:02:17,088 [main] INFO  db.DBStoreBuilder (DBStoreBuilder.java:processTables(161)) - Using default column profile:DBProfile.DISK for Table:dTokenTable
2019-09-12 14:02:17,088 [main] INFO  db.DBStoreBuilder (DBStoreBuilder.java:addTable(110)) - using custom profile for table: s3SecretTable
2019-09-12 14:02:17,088 [main] INFO  db.DBStoreBuilder (DBStoreBuilder.java:processTables(161)) - Using default column profile:DBProfile.DISK for Table:s3SecretTable
2019-09-12 14:02:17,089 [main] INFO  db.DBStoreBuilder (DBStoreBuilder.java:addTable(110)) - using custom profile for table: prefixTable
2019-09-12 14:02:17,089 [main] INFO  db.DBStoreBuilder (DBStoreBuilder.java:processTables(161)) - Using default column profile:DBProfile.DISK for Table:prefixTable
2019-09-12 14:02:17,089 [main] INFO  db.DBStoreBuilder (DBStoreBuilder.java:addTable(110)) - using custom profile for table: default
2019-09-12 14:02:17,089 [main] INFO  db.DBStoreBuilder (DBStoreBuilder.java:processTables(167)) - Using default column profile:DBProfile.DISK for Table:default
2019-09-12 14:02:17,089 [main] INFO  db.DBStoreBuilder (DBStoreBuilder.java:getDbProfile(198)) - Using default options. DBProfile.DISK
2019-09-12 14:02:17,703 [main] INFO  ipc.CallQueueManager (CallQueueManager.java:<init>(84)) - Using callQueue: class java.util.concurrent.LinkedBlockingQueue, queueCapacity: 2000, scheduler: class org.apache.hadoop.ipc.DefaultRpcScheduler, ipcBackoff: false.
2019-09-12 14:02:17,704 [Socket Reader #1 for port 45216] INFO  ipc.Server (Server.java:run(1074)) - Starting Socket Reader #1 for port 45216
2019-09-12 14:02:17,720 [main] INFO  om.OzoneManager (OzoneManager.java:start(1240)) - OzoneManager RPC server is listening at localhost/127.0.0.1:45216
2019-09-12 14:02:17,720 [main] INFO  impl.MetricsSystemImpl (MetricsSystemImpl.java:init(158)) - OzoneManager metrics system started (again)
2019-09-12 14:02:17,721 [IPC Server Responder] INFO  ipc.Server (Server.java:run(1314)) - IPC Server Responder: starting
2019-09-12 14:02:17,721 [IPC Server listener on 45216] INFO  ipc.Server (Server.java:run(1153)) - IPC Server listener on 45216: starting
2019-09-12 14:02:17,727 [main] INFO  hdfs.DFSUtil (DFSUtil.java:httpServerTemplateForNNAndJN(1641)) - Starting Web-server for ozoneManager at: http://0.0.0.0:0
2019-09-12 14:02:17,729 [main] INFO  server.AuthenticationFilter (AuthenticationFilter.java:constructSecretProvider(240)) - Unable to initialize FileSignerSecretProvider, falling back to use random secrets.
2019-09-12 14:02:17,729 [main] WARN  http.HttpRequestLog (HttpRequestLog.java:getRequestLog(97)) - Jetty request log can only be enabled using Log4j
2019-09-12 14:02:17,731 [main] INFO  http.HttpServer2 (HttpServer2.java:addGlobalFilter(975)) - Added global filter 'safety' (class=org.apache.hadoop.http.HttpServer2$QuotingInputFilter)
2019-09-12 14:02:17,732 [main] INFO  http.HttpServer2 (HttpServer2.java:addFilter(948)) - Added filter static_user_filter (class=org.apache.hadoop.http.lib.StaticUserWebFilter$StaticUserFilter) to context ozoneManager
2019-09-12 14:02:17,732 [main] INFO  http.HttpServer2 (HttpServer2.java:addFilter(958)) - Added filter static_user_filter (class=org.apache.hadoop.http.lib.StaticUserWebFilter$StaticUserFilter) to context logs
2019-09-12 14:02:17,732 [main] INFO  http.HttpServer2 (HttpServer2.java:addFilter(958)) - Added filter static_user_filter (class=org.apache.hadoop.http.lib.StaticUserWebFilter$StaticUserFilter) to context static
2019-09-12 14:02:17,733 [main] INFO  http.HttpServer2 (HttpServer2.java:bindListener(1191)) - Jetty bound to port 43650
2019-09-12 14:02:17,734 [main] INFO  server.Server (Server.java:doStart(351)) - jetty-9.3.24.v20180605, build timestamp: 2018-06-05T17:11:56Z, git hash: 84205aa28f11a4f31f2a3b86d1bba2cc8ab69827
2019-09-12 14:02:17,736 [main] INFO  handler.ContextHandler (ContextHandler.java:doStart(781)) - Started o.e.j.s.ServletContextHandler@d2e6b0b{/logs,file:///workdir/hadoop-ozone/integration-test/target/log,AVAILABLE}
2019-09-12 14:02:17,736 [main] INFO  handler.ContextHandler (ContextHandler.java:doStart(781)) - Started o.e.j.s.ServletContextHandler@228bda54{/static,file:///workdir/hadoop-ozone/integration-test/target/test-classes/webapps/static,AVAILABLE}
2019-09-12 14:02:17,741 [main] INFO  handler.ContextHandler (ContextHandler.java:doStart(781)) - Started o.e.j.w.WebAppContext@6d33a66e{/,file:///workdir/hadoop-ozone/integration-test/target/test-classes/webapps/ozoneManager/,AVAILABLE}{/ozoneManager}
2019-09-12 14:02:17,741 [main] INFO  server.AbstractConnector (AbstractConnector.java:doStart(278)) - Started ServerConnector@2f14b0f6{HTTP/1.1,[http/1.1]}{0.0.0.0:43650}
2019-09-12 14:02:17,742 [main] INFO  server.Server (Server.java:doStart(419)) - Started @47711ms
2019-09-12 14:02:17,742 [main] WARN  impl.MetricsSystemImpl (MetricsSystemImpl.java:register(276)) - Sink prometheus already exists!
2019-09-12 14:02:17,743 [main] INFO  server.BaseHttpServer (BaseHttpServer.java:updateConnectorAddress(215)) - HTTP server of OZONEMANAGER is listening at http://0.0.0.0:43650
2019-09-12 14:02:17,761 [main] INFO  impl.MetricsSystemImpl (MetricsSystemImpl.java:init(158)) - HddsDatanode metrics system started (again)
2019-09-12 14:02:17,763 [main] INFO  ozone.HddsDatanodeService (HddsDatanodeService.java:start(184)) - HddsDatanodeService host:pr-hdds-2007-n4wwz-4249666578 ip:192.168.5.171
2019-09-12 14:02:17,770 [main] INFO  volume.HddsVolume (HddsVolume.java:<init>(176)) - Creating Volume: /workdir/hadoop-ozone/integration-test/target/test-dir/MiniOzoneClusterImpl-757a471d-dced-4024-b429-b50254f0e88a/datanode-0/data/containers/hdds of  storage type : DISK and capacity : 1482555576320
2019-09-12 14:02:17,770 [main] INFO  volume.VolumeSet (VolumeSet.java:initializeVolumeSet(170)) - Added Volume : /workdir/hadoop-ozone/integration-test/target/test-dir/MiniOzoneClusterImpl-757a471d-dced-4024-b429-b50254f0e88a/datanode-0/data/containers/hdds to VolumeSet
2019-09-12 14:02:17,770 [main] INFO  volume.ThrottledAsyncChecker (ThrottledAsyncChecker.java:schedule(139)) - Scheduling a check for org.apache.hadoop.ozone.container.common.volume.HddsVolume@fb49fdf
2019-09-12 14:02:17,771 [main] INFO  volume.HddsVolumeChecker (HddsVolumeChecker.java:checkAllVolumes(202)) - Scheduled health check for volume org.apache.hadoop.ozone.container.common.volume.HddsVolume@fb49fdf
2019-09-12 14:02:17,786 [main] INFO  impl.RaftServerProxy (ConfUtils.java:logGet(43)) - raft.rpc.type = GRPC (default)
2019-09-12 14:02:17,786 [main] INFO  grpc.GrpcFactory (GrpcFactory.java:checkPooledByteBufAllocatorUseCacheForAllThreads(45)) - PERFORMANCE WARNING: useCacheForAllThreads is true that may cause Netty to create a lot garbage objects and, as a result, trigger GC.
	It is recommended to disable useCacheForAllThreads by setting -Dorg.apache.ratis.thirdparty.io.netty.allocator.useCacheForAllThreads=false in command line.
2019-09-12 14:02:17,787 [main] INFO  grpc.GrpcConfigKeys$Server (ConfUtils.java:logGet(43)) - raft.grpc.server.port = 0 (default)
2019-09-12 14:02:17,787 [main] INFO  server.GrpcService (ConfUtils.java:logGet(43)) - raft.grpc.message.size.max = 33570816 (custom)
2019-09-12 14:02:17,787 [main] INFO  server.RaftServerConfigKeys (ConfUtils.java:logGet(43)) - raft.server.log.appender.buffer.byte-limit = 33554432 (custom)
2019-09-12 14:02:17,787 [main] INFO  server.GrpcService (ConfUtils.java:logGet(43)) - raft.grpc.flow.control.window = 1MB (=1048576) (default)
2019-09-12 14:02:17,788 [main] INFO  server.RaftServerConfigKeys (ConfUtils.java:logGet(43)) - raft.server.rpc.request.timeout = 3000ms (default)
2019-09-12 14:02:17,789 [main] INFO  server.RaftServerConfigKeys (ConfUtils.java:logGet(43)) - raft.server.storage.dir = [/workdir/hadoop-ozone/integration-test/target/test-dir/MiniOzoneClusterImpl-757a471d-dced-4024-b429-b50254f0e88a/datanode-0/data/ratis] (custom)
2019-09-12 14:02:17,791 [main] INFO  hdfs.DFSUtil (DFSUtil.java:httpServerTemplateForNNAndJN(1641)) - Starting Web-server for hddsDatanode at: http://0.0.0.0:0
2019-09-12 14:02:17,792 [main] INFO  server.AuthenticationFilter (AuthenticationFilter.java:constructSecretProvider(240)) - Unable to initialize FileSignerSecretProvider, falling back to use random secrets.
2019-09-12 14:02:17,792 [main] WARN  http.HttpRequestLog (HttpRequestLog.java:getRequestLog(97)) - Jetty request log can only be enabled using Log4j
2019-09-12 14:02:17,794 [main] INFO  http.HttpServer2 (HttpServer2.java:addGlobalFilter(975)) - Added global filter 'safety' (class=org.apache.hadoop.http.HttpServer2$QuotingInputFilter)
2019-09-12 14:02:17,795 [main] INFO  http.HttpServer2 (HttpServer2.java:addFilter(948)) - Added filter static_user_filter (class=org.apache.hadoop.http.lib.StaticUserWebFilter$StaticUserFilter) to context hddsDatanode
2019-09-12 14:02:17,795 [main] INFO  http.HttpServer2 (HttpServer2.java:addFilter(958)) - Added filter static_user_filter (class=org.apache.hadoop.http.lib.StaticUserWebFilter$StaticUserFilter) to context logs
2019-09-12 14:02:17,795 [main] INFO  http.HttpServer2 (HttpServer2.java:addFilter(958)) - Added filter static_user_filter (class=org.apache.hadoop.http.lib.StaticUserWebFilter$StaticUserFilter) to context static
2019-09-12 14:02:17,796 [main] INFO  http.HttpServer2 (HttpServer2.java:bindListener(1191)) - Jetty bound to port 40333
2019-09-12 14:02:17,797 [main] INFO  server.Server (Server.java:doStart(351)) - jetty-9.3.24.v20180605, build timestamp: 2018-06-05T17:11:56Z, git hash: 84205aa28f11a4f31f2a3b86d1bba2cc8ab69827
2019-09-12 14:02:17,799 [main] INFO  handler.ContextHandler (ContextHandler.java:doStart(781)) - Started o.e.j.s.ServletContextHandler@786ff1cb{/logs,file:///workdir/hadoop-ozone/integration-test/target/log,AVAILABLE}
2019-09-12 14:02:17,799 [main] INFO  handler.ContextHandler (ContextHandler.java:doStart(781)) - Started o.e.j.s.ServletContextHandler@431e86b1{/static,jar:file:/home/user/.m2/repository/org/apache/hadoop/hadoop-hdds-container-service/0.5.0-SNAPSHOT/hadoop-hdds-container-service-0.5.0-SNAPSHOT.jar!/webapps/static,AVAILABLE}
2019-09-12 14:02:17,834 [main] INFO  handler.ContextHandler (ContextHandler.java:doStart(781)) - Started o.e.j.w.WebAppContext@63300c4b{/,file:///tmp/jetty-0.0.0.0-40333-hddsDatanode-_-any-7419423489615448027.dir/webapp/,AVAILABLE}{/hddsDatanode}
2019-09-12 14:02:17,835 [main] INFO  server.AbstractConnector (AbstractConnector.java:doStart(278)) - Started ServerConnector@22c53d82{HTTP/1.1,[http/1.1]}{0.0.0.0:40333}
2019-09-12 14:02:17,836 [main] INFO  server.Server (Server.java:doStart(419)) - Started @47804ms
2019-09-12 14:02:17,836 [main] WARN  impl.MetricsSystemImpl (MetricsSystemImpl.java:register(276)) - Sink prometheus already exists!
2019-09-12 14:02:17,837 [main] INFO  server.BaseHttpServer (BaseHttpServer.java:updateConnectorAddress(215)) - HTTP server of HDDSDATANODE is listening at http://0.0.0.0:40333
2019-09-12 14:02:17,837 [main] INFO  impl.MetricsSystemImpl (MetricsSystemImpl.java:init(158)) - HddsDatanode metrics system started (again)
2019-09-12 14:02:17,841 [org.apache.hadoop.util.JvmPauseMonitor$Monitor@713915ac] INFO  util.JvmPauseMonitor (JvmPauseMonitor.java:run(188)) - Starting JVM pause monitor
2019-09-12 14:02:17,841 [main] INFO  ozone.HddsDatanodeService (HddsDatanodeService.java:start(184)) - HddsDatanodeService host:pr-hdds-2007-n4wwz-4249666578 ip:192.168.5.171
2019-09-12 14:02:17,843 [Datanode State Machine Thread - 0] INFO  datanode.InitDatanodeState (InitDatanodeState.java:persistContainerDatanodeDetails(140)) - DatanodeDetails is persisted to /workdir/hadoop-ozone/integration-test/target/test-dir/MiniOzoneClusterImpl-757a471d-dced-4024-b429-b50254f0e88a/datanode-0/meta/datanode.id
2019-09-12 14:02:17,848 [main] INFO  volume.HddsVolume (HddsVolume.java:<init>(176)) - Creating Volume: /workdir/hadoop-ozone/integration-test/target/test-dir/MiniOzoneClusterImpl-757a471d-dced-4024-b429-b50254f0e88a/datanode-1/data/containers/hdds of  storage type : DISK and capacity : 1482555576320
2019-09-12 14:02:17,848 [main] INFO  volume.VolumeSet (VolumeSet.java:initializeVolumeSet(170)) - Added Volume : /workdir/hadoop-ozone/integration-test/target/test-dir/MiniOzoneClusterImpl-757a471d-dced-4024-b429-b50254f0e88a/datanode-1/data/containers/hdds to VolumeSet
2019-09-12 14:02:17,848 [main] INFO  volume.ThrottledAsyncChecker (ThrottledAsyncChecker.java:schedule(139)) - Scheduling a check for org.apache.hadoop.ozone.container.common.volume.HddsVolume@3eb292cd
2019-09-12 14:02:17,849 [main] INFO  volume.HddsVolumeChecker (HddsVolumeChecker.java:checkAllVolumes(202)) - Scheduled health check for volume org.apache.hadoop.ozone.container.common.volume.HddsVolume@3eb292cd
2019-09-12 14:02:17,865 [main] INFO  impl.RaftServerProxy (ConfUtils.java:logGet(43)) - raft.rpc.type = GRPC (default)
2019-09-12 14:02:17,866 [main] INFO  grpc.GrpcFactory (GrpcFactory.java:checkPooledByteBufAllocatorUseCacheForAllThreads(45)) - PERFORMANCE WARNING: useCacheForAllThreads is true that may cause Netty to create a lot garbage objects and, as a result, trigger GC.
	It is recommended to disable useCacheForAllThreads by setting -Dorg.apache.ratis.thirdparty.io.netty.allocator.useCacheForAllThreads=false in command line.
2019-09-12 14:02:17,866 [main] INFO  grpc.GrpcConfigKeys$Server (ConfUtils.java:logGet(43)) - raft.grpc.server.port = 0 (default)
2019-09-12 14:02:17,866 [main] INFO  server.GrpcService (ConfUtils.java:logGet(43)) - raft.grpc.message.size.max = 33570816 (custom)
2019-09-12 14:02:17,866 [main] INFO  server.RaftServerConfigKeys (ConfUtils.java:logGet(43)) - raft.server.log.appender.buffer.byte-limit = 33554432 (custom)
2019-09-12 14:02:17,866 [main] INFO  server.GrpcService (ConfUtils.java:logGet(43)) - raft.grpc.flow.control.window = 1MB (=1048576) (default)
2019-09-12 14:02:17,867 [main] INFO  server.RaftServerConfigKeys (ConfUtils.java:logGet(43)) - raft.server.rpc.request.timeout = 3000ms (default)
2019-09-12 14:02:17,867 [main] INFO  server.RaftServerConfigKeys (ConfUtils.java:logGet(43)) - raft.server.storage.dir = [/workdir/hadoop-ozone/integration-test/target/test-dir/MiniOzoneClusterImpl-757a471d-dced-4024-b429-b50254f0e88a/datanode-1/data/ratis] (custom)
2019-09-12 14:02:17,869 [main] INFO  hdfs.DFSUtil (DFSUtil.java:httpServerTemplateForNNAndJN(1641)) - Starting Web-server for hddsDatanode at: http://0.0.0.0:0
2019-09-12 14:02:17,870 [main] INFO  server.AuthenticationFilter (AuthenticationFilter.java:constructSecretProvider(240)) - Unable to initialize FileSignerSecretProvider, falling back to use random secrets.
2019-09-12 14:02:17,870 [main] WARN  http.HttpRequestLog (HttpRequestLog.java:getRequestLog(97)) - Jetty request log can only be enabled using Log4j
2019-09-12 14:02:17,872 [main] INFO  http.HttpServer2 (HttpServer2.java:addGlobalFilter(975)) - Added global filter 'safety' (class=org.apache.hadoop.http.HttpServer2$QuotingInputFilter)
2019-09-12 14:02:17,873 [main] INFO  http.HttpServer2 (HttpServer2.java:addFilter(948)) - Added filter static_user_filter (class=org.apache.hadoop.http.lib.StaticUserWebFilter$StaticUserFilter) to context hddsDatanode
2019-09-12 14:02:17,873 [main] INFO  http.HttpServer2 (HttpServer2.java:addFilter(958)) - Added filter static_user_filter (class=org.apache.hadoop.http.lib.StaticUserWebFilter$StaticUserFilter) to context static
2019-09-12 14:02:17,874 [main] INFO  http.HttpServer2 (HttpServer2.java:addFilter(958)) - Added filter static_user_filter (class=org.apache.hadoop.http.lib.StaticUserWebFilter$StaticUserFilter) to context logs
2019-09-12 14:02:17,874 [main] INFO  http.HttpServer2 (HttpServer2.java:bindListener(1191)) - Jetty bound to port 36856
2019-09-12 14:02:17,875 [main] INFO  server.Server (Server.java:doStart(351)) - jetty-9.3.24.v20180605, build timestamp: 2018-06-05T17:11:56Z, git hash: 84205aa28f11a4f31f2a3b86d1bba2cc8ab69827
2019-09-12 14:02:17,876 [main] INFO  handler.ContextHandler (ContextHandler.java:doStart(781)) - Started o.e.j.s.ServletContextHandler@2954f6ab{/logs,file:///workdir/hadoop-ozone/integration-test/target/log,AVAILABLE}
2019-09-12 14:02:17,877 [main] INFO  handler.ContextHandler (ContextHandler.java:doStart(781)) - Started o.e.j.s.ServletContextHandler@163042ea{/static,jar:file:/home/user/.m2/repository/org/apache/hadoop/hadoop-hdds-container-service/0.5.0-SNAPSHOT/hadoop-hdds-container-service-0.5.0-SNAPSHOT.jar!/webapps/static,AVAILABLE}
2019-09-12 14:02:17,907 [main] INFO  handler.ContextHandler (ContextHandler.java:doStart(781)) - Started o.e.j.w.WebAppContext@60990e5c{/,file:///tmp/jetty-0.0.0.0-36856-hddsDatanode-_-any-1231267092576377700.dir/webapp/,AVAILABLE}{/hddsDatanode}
2019-09-12 14:02:17,907 [main] INFO  server.AbstractConnector (AbstractConnector.java:doStart(278)) - Started ServerConnector@4d84049a{HTTP/1.1,[http/1.1]}{0.0.0.0:36856}
2019-09-12 14:02:17,908 [main] INFO  server.Server (Server.java:doStart(419)) - Started @47877ms
2019-09-12 14:02:17,909 [main] WARN  impl.MetricsSystemImpl (MetricsSystemImpl.java:register(276)) - Sink prometheus already exists!
2019-09-12 14:02:17,909 [main] INFO  server.BaseHttpServer (BaseHttpServer.java:updateConnectorAddress(215)) - HTTP server of HDDSDATANODE is listening at http://0.0.0.0:36856
2019-09-12 14:02:17,910 [main] INFO  impl.MetricsSystemImpl (MetricsSystemImpl.java:init(158)) - HddsDatanode metrics system started (again)
2019-09-12 14:02:17,914 [org.apache.hadoop.util.JvmPauseMonitor$Monitor@3b9a2df0] INFO  util.JvmPauseMonitor (JvmPauseMonitor.java:run(188)) - Starting JVM pause monitor
2019-09-12 14:02:17,915 [main] INFO  ozone.HddsDatanodeService (HddsDatanodeService.java:start(184)) - HddsDatanodeService host:pr-hdds-2007-n4wwz-4249666578 ip:192.168.5.171
2019-09-12 14:02:17,916 [Datanode State Machine Thread - 0] INFO  datanode.InitDatanodeState (InitDatanodeState.java:persistContainerDatanodeDetails(140)) - DatanodeDetails is persisted to /workdir/hadoop-ozone/integration-test/target/test-dir/MiniOzoneClusterImpl-757a471d-dced-4024-b429-b50254f0e88a/datanode-1/meta/datanode.id
2019-09-12 14:02:17,921 [main] INFO  volume.HddsVolume (HddsVolume.java:<init>(176)) - Creating Volume: /workdir/hadoop-ozone/integration-test/target/test-dir/MiniOzoneClusterImpl-757a471d-dced-4024-b429-b50254f0e88a/datanode-2/data/containers/hdds of  storage type : DISK and capacity : 1482555576320
2019-09-12 14:02:17,922 [main] INFO  volume.VolumeSet (VolumeSet.java:initializeVolumeSet(170)) - Added Volume : /workdir/hadoop-ozone/integration-test/target/test-dir/MiniOzoneClusterImpl-757a471d-dced-4024-b429-b50254f0e88a/datanode-2/data/containers/hdds to VolumeSet
2019-09-12 14:02:17,922 [main] INFO  volume.ThrottledAsyncChecker (ThrottledAsyncChecker.java:schedule(139)) - Scheduling a check for org.apache.hadoop.ozone.container.common.volume.HddsVolume@5a545b0f
2019-09-12 14:02:17,922 [main] INFO  volume.HddsVolumeChecker (HddsVolumeChecker.java:checkAllVolumes(202)) - Scheduled health check for volume org.apache.hadoop.ozone.container.common.volume.HddsVolume@5a545b0f
2019-09-12 14:02:17,941 [main] INFO  impl.RaftServerProxy (ConfUtils.java:logGet(43)) - raft.rpc.type = GRPC (default)
2019-09-12 14:02:17,941 [main] INFO  grpc.GrpcFactory (GrpcFactory.java:checkPooledByteBufAllocatorUseCacheForAllThreads(45)) - PERFORMANCE WARNING: useCacheForAllThreads is true that may cause Netty to create a lot garbage objects and, as a result, trigger GC.
	It is recommended to disable useCacheForAllThreads by setting -Dorg.apache.ratis.thirdparty.io.netty.allocator.useCacheForAllThreads=false in command line.
2019-09-12 14:02:17,942 [main] INFO  grpc.GrpcConfigKeys$Server (ConfUtils.java:logGet(43)) - raft.grpc.server.port = 0 (default)
2019-09-12 14:02:17,942 [main] INFO  server.GrpcService (ConfUtils.java:logGet(43)) - raft.grpc.message.size.max = 33570816 (custom)
2019-09-12 14:02:17,942 [main] INFO  server.RaftServerConfigKeys (ConfUtils.java:logGet(43)) - raft.server.log.appender.buffer.byte-limit = 33554432 (custom)
2019-09-12 14:02:17,942 [main] INFO  server.GrpcService (ConfUtils.java:logGet(43)) - raft.grpc.flow.control.window = 1MB (=1048576) (default)
2019-09-12 14:02:17,943 [main] INFO  server.RaftServerConfigKeys (ConfUtils.java:logGet(43)) - raft.server.rpc.request.timeout = 3000ms (default)
2019-09-12 14:02:17,943 [main] INFO  server.RaftServerConfigKeys (ConfUtils.java:logGet(43)) - raft.server.storage.dir = [/workdir/hadoop-ozone/integration-test/target/test-dir/MiniOzoneClusterImpl-757a471d-dced-4024-b429-b50254f0e88a/datanode-2/data/ratis] (custom)
2019-09-12 14:02:17,945 [main] INFO  hdfs.DFSUtil (DFSUtil.java:httpServerTemplateForNNAndJN(1641)) - Starting Web-server for hddsDatanode at: http://0.0.0.0:0
2019-09-12 14:02:17,946 [main] INFO  server.AuthenticationFilter (AuthenticationFilter.java:constructSecretProvider(240)) - Unable to initialize FileSignerSecretProvider, falling back to use random secrets.
2019-09-12 14:02:17,947 [main] WARN  http.HttpRequestLog (HttpRequestLog.java:getRequestLog(97)) - Jetty request log can only be enabled using Log4j
2019-09-12 14:02:17,948 [main] INFO  http.HttpServer2 (HttpServer2.java:addGlobalFilter(975)) - Added global filter 'safety' (class=org.apache.hadoop.http.HttpServer2$QuotingInputFilter)
2019-09-12 14:02:17,949 [main] INFO  http.HttpServer2 (HttpServer2.java:addFilter(948)) - Added filter static_user_filter (class=org.apache.hadoop.http.lib.StaticUserWebFilter$StaticUserFilter) to context hddsDatanode
2019-09-12 14:02:17,950 [main] INFO  http.HttpServer2 (HttpServer2.java:addFilter(958)) - Added filter static_user_filter (class=org.apache.hadoop.http.lib.StaticUserWebFilter$StaticUserFilter) to context logs
2019-09-12 14:02:17,950 [main] INFO  http.HttpServer2 (HttpServer2.java:addFilter(958)) - Added filter static_user_filter (class=org.apache.hadoop.http.lib.StaticUserWebFilter$StaticUserFilter) to context static
2019-09-12 14:02:17,951 [main] INFO  http.HttpServer2 (HttpServer2.java:bindListener(1191)) - Jetty bound to port 43303
2019-09-12 14:02:17,951 [main] INFO  server.Server (Server.java:doStart(351)) - jetty-9.3.24.v20180605, build timestamp: 2018-06-05T17:11:56Z, git hash: 84205aa28f11a4f31f2a3b86d1bba2cc8ab69827
2019-09-12 14:02:17,952 [main] INFO  handler.ContextHandler (ContextHandler.java:doStart(781)) - Started o.e.j.s.ServletContextHandler@111d5c97{/logs,file:///workdir/hadoop-ozone/integration-test/target/log,AVAILABLE}
2019-09-12 14:02:17,953 [main] INFO  handler.ContextHandler (ContextHandler.java:doStart(781)) - Started o.e.j.s.ServletContextHandler@250a9031{/static,jar:file:/home/user/.m2/repository/org/apache/hadoop/hadoop-hdds-container-service/0.5.0-SNAPSHOT/hadoop-hdds-container-service-0.5.0-SNAPSHOT.jar!/webapps/static,AVAILABLE}
2019-09-12 14:02:17,982 [main] INFO  handler.ContextHandler (ContextHandler.java:doStart(781)) - Started o.e.j.w.WebAppContext@64e1377c{/,file:///tmp/jetty-0.0.0.0-43303-hddsDatanode-_-any-4701343178127294037.dir/webapp/,AVAILABLE}{/hddsDatanode}
2019-09-12 14:02:17,982 [main] INFO  server.AbstractConnector (AbstractConnector.java:doStart(278)) - Started ServerConnector@b0fd744{HTTP/1.1,[http/1.1]}{0.0.0.0:43303}
2019-09-12 14:02:17,983 [main] INFO  server.Server (Server.java:doStart(419)) - Started @47952ms
2019-09-12 14:02:17,983 [main] WARN  impl.MetricsSystemImpl (MetricsSystemImpl.java:register(276)) - Sink prometheus already exists!
2019-09-12 14:02:17,984 [main] INFO  server.BaseHttpServer (BaseHttpServer.java:updateConnectorAddress(215)) - HTTP server of HDDSDATANODE is listening at http://0.0.0.0:43303
2019-09-12 14:02:17,985 [main] INFO  impl.MetricsSystemImpl (MetricsSystemImpl.java:init(158)) - HddsDatanode metrics system started (again)
2019-09-12 14:02:17,988 [org.apache.hadoop.util.JvmPauseMonitor$Monitor@d2dc567] INFO  util.JvmPauseMonitor (JvmPauseMonitor.java:run(188)) - Starting JVM pause monitor
2019-09-12 14:02:17,988 [main] INFO  ozone.HddsDatanodeService (HddsDatanodeService.java:start(184)) - HddsDatanodeService host:pr-hdds-2007-n4wwz-4249666578 ip:192.168.5.171
2019-09-12 14:02:17,991 [Datanode State Machine Thread - 0] INFO  datanode.InitDatanodeState (InitDatanodeState.java:persistContainerDatanodeDetails(140)) - DatanodeDetails is persisted to /workdir/hadoop-ozone/integration-test/target/test-dir/MiniOzoneClusterImpl-757a471d-dced-4024-b429-b50254f0e88a/datanode-2/meta/datanode.id
2019-09-12 14:02:17,996 [main] INFO  volume.HddsVolume (HddsVolume.java:<init>(176)) - Creating Volume: /workdir/hadoop-ozone/integration-test/target/test-dir/MiniOzoneClusterImpl-757a471d-dced-4024-b429-b50254f0e88a/datanode-3/data/containers/hdds of  storage type : DISK and capacity : 1482555576320
2019-09-12 14:02:17,996 [main] INFO  volume.VolumeSet (VolumeSet.java:initializeVolumeSet(170)) - Added Volume : /workdir/hadoop-ozone/integration-test/target/test-dir/MiniOzoneClusterImpl-757a471d-dced-4024-b429-b50254f0e88a/datanode-3/data/containers/hdds to VolumeSet
2019-09-12 14:02:17,996 [main] INFO  volume.ThrottledAsyncChecker (ThrottledAsyncChecker.java:schedule(139)) - Scheduling a check for org.apache.hadoop.ozone.container.common.volume.HddsVolume@12a470dd
2019-09-12 14:02:17,997 [main] INFO  volume.HddsVolumeChecker (HddsVolumeChecker.java:checkAllVolumes(202)) - Scheduled health check for volume org.apache.hadoop.ozone.container.common.volume.HddsVolume@12a470dd
2019-09-12 14:02:18,016 [main] INFO  impl.RaftServerProxy (ConfUtils.java:logGet(43)) - raft.rpc.type = GRPC (default)
2019-09-12 14:02:18,016 [main] INFO  grpc.GrpcFactory (GrpcFactory.java:checkPooledByteBufAllocatorUseCacheForAllThreads(45)) - PERFORMANCE WARNING: useCacheForAllThreads is true that may cause Netty to create a lot garbage objects and, as a result, trigger GC.
	It is recommended to disable useCacheForAllThreads by setting -Dorg.apache.ratis.thirdparty.io.netty.allocator.useCacheForAllThreads=false in command line.
2019-09-12 14:02:18,016 [main] INFO  grpc.GrpcConfigKeys$Server (ConfUtils.java:logGet(43)) - raft.grpc.server.port = 0 (default)
2019-09-12 14:02:18,017 [main] INFO  server.GrpcService (ConfUtils.java:logGet(43)) - raft.grpc.message.size.max = 33570816 (custom)
2019-09-12 14:02:18,017 [main] INFO  server.RaftServerConfigKeys (ConfUtils.java:logGet(43)) - raft.server.log.appender.buffer.byte-limit = 33554432 (custom)
2019-09-12 14:02:18,017 [main] INFO  server.GrpcService (ConfUtils.java:logGet(43)) - raft.grpc.flow.control.window = 1MB (=1048576) (default)
2019-09-12 14:02:18,017 [main] INFO  server.RaftServerConfigKeys (ConfUtils.java:logGet(43)) - raft.server.rpc.request.timeout = 3000ms (default)
2019-09-12 14:02:18,018 [main] INFO  server.RaftServerConfigKeys (ConfUtils.java:logGet(43)) - raft.server.storage.dir = [/workdir/hadoop-ozone/integration-test/target/test-dir/MiniOzoneClusterImpl-757a471d-dced-4024-b429-b50254f0e88a/datanode-3/data/ratis] (custom)
2019-09-12 14:02:18,019 [main] INFO  hdfs.DFSUtil (DFSUtil.java:httpServerTemplateForNNAndJN(1641)) - Starting Web-server for hddsDatanode at: http://0.0.0.0:0
2019-09-12 14:02:18,021 [main] INFO  server.AuthenticationFilter (AuthenticationFilter.java:constructSecretProvider(240)) - Unable to initialize FileSignerSecretProvider, falling back to use random secrets.
2019-09-12 14:02:18,021 [main] WARN  http.HttpRequestLog (HttpRequestLog.java:getRequestLog(97)) - Jetty request log can only be enabled using Log4j
2019-09-12 14:02:18,023 [main] INFO  http.HttpServer2 (HttpServer2.java:addGlobalFilter(975)) - Added global filter 'safety' (class=org.apache.hadoop.http.HttpServer2$QuotingInputFilter)
2019-09-12 14:02:18,023 [main] INFO  http.HttpServer2 (HttpServer2.java:addFilter(948)) - Added filter static_user_filter (class=org.apache.hadoop.http.lib.StaticUserWebFilter$StaticUserFilter) to context hddsDatanode
2019-09-12 14:02:18,023 [main] INFO  http.HttpServer2 (HttpServer2.java:addFilter(958)) - Added filter static_user_filter (class=org.apache.hadoop.http.lib.StaticUserWebFilter$StaticUserFilter) to context static
2019-09-12 14:02:18,024 [main] INFO  http.HttpServer2 (HttpServer2.java:addFilter(958)) - Added filter static_user_filter (class=org.apache.hadoop.http.lib.StaticUserWebFilter$StaticUserFilter) to context logs
2019-09-12 14:02:18,024 [main] INFO  http.HttpServer2 (HttpServer2.java:bindListener(1191)) - Jetty bound to port 43636
2019-09-12 14:02:18,024 [main] INFO  server.Server (Server.java:doStart(351)) - jetty-9.3.24.v20180605, build timestamp: 2018-06-05T17:11:56Z, git hash: 84205aa28f11a4f31f2a3b86d1bba2cc8ab69827
2019-09-12 14:02:18,026 [main] INFO  handler.ContextHandler (ContextHandler.java:doStart(781)) - Started o.e.j.s.ServletContextHandler@7235f92b{/logs,file:///workdir/hadoop-ozone/integration-test/target/log,AVAILABLE}
2019-09-12 14:02:18,027 [main] INFO  handler.ContextHandler (ContextHandler.java:doStart(781)) - Started o.e.j.s.ServletContextHandler@497d4c96{/static,jar:file:/home/user/.m2/repository/org/apache/hadoop/hadoop-hdds-container-service/0.5.0-SNAPSHOT/hadoop-hdds-container-service-0.5.0-SNAPSHOT.jar!/webapps/static,AVAILABLE}
2019-09-12 14:02:18,055 [main] INFO  handler.ContextHandler (ContextHandler.java:doStart(781)) - Started o.e.j.w.WebAppContext@f9cab00{/,file:///tmp/jetty-0.0.0.0-43636-hddsDatanode-_-any-1497056672114467254.dir/webapp/,AVAILABLE}{/hddsDatanode}
2019-09-12 14:02:18,056 [main] INFO  server.AbstractConnector (AbstractConnector.java:doStart(278)) - Started ServerConnector@10272bbb{HTTP/1.1,[http/1.1]}{0.0.0.0:43636}
2019-09-12 14:02:18,057 [main] INFO  server.Server (Server.java:doStart(419)) - Started @48026ms
2019-09-12 14:02:18,057 [main] WARN  impl.MetricsSystemImpl (MetricsSystemImpl.java:register(276)) - Sink prometheus already exists!
2019-09-12 14:02:18,058 [main] INFO  server.BaseHttpServer (BaseHttpServer.java:updateConnectorAddress(215)) - HTTP server of HDDSDATANODE is listening at http://0.0.0.0:43636
2019-09-12 14:02:18,059 [main] INFO  impl.MetricsSystemImpl (MetricsSystemImpl.java:init(158)) - HddsDatanode metrics system started (again)
2019-09-12 14:02:18,062 [org.apache.hadoop.util.JvmPauseMonitor$Monitor@42198a62] INFO  util.JvmPauseMonitor (JvmPauseMonitor.java:run(188)) - Starting JVM pause monitor
2019-09-12 14:02:18,063 [main] INFO  ozone.HddsDatanodeService (HddsDatanodeService.java:start(184)) - HddsDatanodeService host:pr-hdds-2007-n4wwz-4249666578 ip:192.168.5.171
2019-09-12 14:02:18,064 [Datanode State Machine Thread - 0] INFO  datanode.InitDatanodeState (InitDatanodeState.java:persistContainerDatanodeDetails(140)) - DatanodeDetails is persisted to /workdir/hadoop-ozone/integration-test/target/test-dir/MiniOzoneClusterImpl-757a471d-dced-4024-b429-b50254f0e88a/datanode-3/meta/datanode.id
2019-09-12 14:02:18,070 [main] INFO  volume.HddsVolume (HddsVolume.java:<init>(176)) - Creating Volume: /workdir/hadoop-ozone/integration-test/target/test-dir/MiniOzoneClusterImpl-757a471d-dced-4024-b429-b50254f0e88a/datanode-4/data/containers/hdds of  storage type : DISK and capacity : 1482555576320
2019-09-12 14:02:18,070 [main] INFO  volume.VolumeSet (VolumeSet.java:initializeVolumeSet(170)) - Added Volume : /workdir/hadoop-ozone/integration-test/target/test-dir/MiniOzoneClusterImpl-757a471d-dced-4024-b429-b50254f0e88a/datanode-4/data/containers/hdds to VolumeSet
2019-09-12 14:02:18,070 [main] INFO  volume.ThrottledAsyncChecker (ThrottledAsyncChecker.java:schedule(139)) - Scheduling a check for org.apache.hadoop.ozone.container.common.volume.HddsVolume@4debbf0
2019-09-12 14:02:18,071 [main] INFO  volume.HddsVolumeChecker (HddsVolumeChecker.java:checkAllVolumes(202)) - Scheduled health check for volume org.apache.hadoop.ozone.container.common.volume.HddsVolume@4debbf0
2019-09-12 14:02:18,085 [main] INFO  impl.RaftServerProxy (ConfUtils.java:logGet(43)) - raft.rpc.type = GRPC (default)
2019-09-12 14:02:18,085 [main] INFO  grpc.GrpcFactory (GrpcFactory.java:checkPooledByteBufAllocatorUseCacheForAllThreads(45)) - PERFORMANCE WARNING: useCacheForAllThreads is true that may cause Netty to create a lot garbage objects and, as a result, trigger GC.
	It is recommended to disable useCacheForAllThreads by setting -Dorg.apache.ratis.thirdparty.io.netty.allocator.useCacheForAllThreads=false in command line.
2019-09-12 14:02:18,085 [main] INFO  grpc.GrpcConfigKeys$Server (ConfUtils.java:logGet(43)) - raft.grpc.server.port = 0 (default)
2019-09-12 14:02:18,085 [main] INFO  server.GrpcService (ConfUtils.java:logGet(43)) - raft.grpc.message.size.max = 33570816 (custom)
2019-09-12 14:02:18,086 [main] INFO  server.RaftServerConfigKeys (ConfUtils.java:logGet(43)) - raft.server.log.appender.buffer.byte-limit = 33554432 (custom)
2019-09-12 14:02:18,086 [main] INFO  server.GrpcService (ConfUtils.java:logGet(43)) - raft.grpc.flow.control.window = 1MB (=1048576) (default)
2019-09-12 14:02:18,086 [main] INFO  server.RaftServerConfigKeys (ConfUtils.java:logGet(43)) - raft.server.rpc.request.timeout = 3000ms (default)
2019-09-12 14:02:18,086 [main] INFO  server.RaftServerConfigKeys (ConfUtils.java:logGet(43)) - raft.server.storage.dir = [/workdir/hadoop-ozone/integration-test/target/test-dir/MiniOzoneClusterImpl-757a471d-dced-4024-b429-b50254f0e88a/datanode-4/data/ratis] (custom)
2019-09-12 14:02:18,088 [main] INFO  hdfs.DFSUtil (DFSUtil.java:httpServerTemplateForNNAndJN(1641)) - Starting Web-server for hddsDatanode at: http://0.0.0.0:0
2019-09-12 14:02:18,090 [main] INFO  server.AuthenticationFilter (AuthenticationFilter.java:constructSecretProvider(240)) - Unable to initialize FileSignerSecretProvider, falling back to use random secrets.
2019-09-12 14:02:18,090 [main] WARN  http.HttpRequestLog (HttpRequestLog.java:getRequestLog(97)) - Jetty request log can only be enabled using Log4j
2019-09-12 14:02:18,092 [main] INFO  http.HttpServer2 (HttpServer2.java:addGlobalFilter(975)) - Added global filter 'safety' (class=org.apache.hadoop.http.HttpServer2$QuotingInputFilter)
2019-09-12 14:02:18,092 [main] INFO  http.HttpServer2 (HttpServer2.java:addFilter(948)) - Added filter static_user_filter (class=org.apache.hadoop.http.lib.StaticUserWebFilter$StaticUserFilter) to context hddsDatanode
2019-09-12 14:02:18,093 [main] INFO  http.HttpServer2 (HttpServer2.java:addFilter(958)) - Added filter static_user_filter (class=org.apache.hadoop.http.lib.StaticUserWebFilter$StaticUserFilter) to context static
2019-09-12 14:02:18,093 [main] INFO  http.HttpServer2 (HttpServer2.java:addFilter(958)) - Added filter static_user_filter (class=org.apache.hadoop.http.lib.StaticUserWebFilter$StaticUserFilter) to context logs
2019-09-12 14:02:18,093 [main] INFO  http.HttpServer2 (HttpServer2.java:bindListener(1191)) - Jetty bound to port 33575
2019-09-12 14:02:18,094 [main] INFO  server.Server (Server.java:doStart(351)) - jetty-9.3.24.v20180605, build timestamp: 2018-06-05T17:11:56Z, git hash: 84205aa28f11a4f31f2a3b86d1bba2cc8ab69827
2019-09-12 14:02:18,096 [main] INFO  handler.ContextHandler (ContextHandler.java:doStart(781)) - Started o.e.j.s.ServletContextHandler@6274670b{/logs,file:///workdir/hadoop-ozone/integration-test/target/log,AVAILABLE}
2019-09-12 14:02:18,096 [main] INFO  handler.ContextHandler (ContextHandler.java:doStart(781)) - Started o.e.j.s.ServletContextHandler@32d5279{/static,jar:file:/home/user/.m2/repository/org/apache/hadoop/hadoop-hdds-container-service/0.5.0-SNAPSHOT/hadoop-hdds-container-service-0.5.0-SNAPSHOT.jar!/webapps/static,AVAILABLE}
2019-09-12 14:02:18,125 [main] INFO  handler.ContextHandler (ContextHandler.java:doStart(781)) - Started o.e.j.w.WebAppContext@74606204{/,file:///tmp/jetty-0.0.0.0-33575-hddsDatanode-_-any-2561115073142369452.dir/webapp/,AVAILABLE}{/hddsDatanode}
2019-09-12 14:02:18,126 [main] INFO  server.AbstractConnector (AbstractConnector.java:doStart(278)) - Started ServerConnector@6b6eae52{HTTP/1.1,[http/1.1]}{0.0.0.0:33575}
2019-09-12 14:02:18,127 [main] INFO  server.Server (Server.java:doStart(419)) - Started @48096ms
2019-09-12 14:02:18,127 [main] WARN  impl.MetricsSystemImpl (MetricsSystemImpl.java:register(276)) - Sink prometheus already exists!
2019-09-12 14:02:18,128 [main] INFO  server.BaseHttpServer (BaseHttpServer.java:updateConnectorAddress(215)) - HTTP server of HDDSDATANODE is listening at http://0.0.0.0:33575
2019-09-12 14:02:18,128 [main] INFO  impl.MetricsSystemImpl (MetricsSystemImpl.java:init(158)) - HddsDatanode metrics system started (again)
2019-09-12 14:02:18,133 [org.apache.hadoop.util.JvmPauseMonitor$Monitor@77cafb08] INFO  util.JvmPauseMonitor (JvmPauseMonitor.java:run(188)) - Starting JVM pause monitor
2019-09-12 14:02:18,134 [main] INFO  ozone.HddsDatanodeService (HddsDatanodeService.java:start(184)) - HddsDatanodeService host:pr-hdds-2007-n4wwz-4249666578 ip:192.168.5.171
2019-09-12 14:02:18,135 [Datanode State Machine Thread - 0] INFO  datanode.InitDatanodeState (InitDatanodeState.java:persistContainerDatanodeDetails(140)) - DatanodeDetails is persisted to /workdir/hadoop-ozone/integration-test/target/test-dir/MiniOzoneClusterImpl-757a471d-dced-4024-b429-b50254f0e88a/datanode-4/meta/datanode.id
2019-09-12 14:02:18,140 [main] INFO  volume.HddsVolume (HddsVolume.java:<init>(176)) - Creating Volume: /workdir/hadoop-ozone/integration-test/target/test-dir/MiniOzoneClusterImpl-757a471d-dced-4024-b429-b50254f0e88a/datanode-5/data/containers/hdds of  storage type : DISK and capacity : 1482555576320
2019-09-12 14:02:18,140 [main] INFO  volume.VolumeSet (VolumeSet.java:initializeVolumeSet(170)) - Added Volume : /workdir/hadoop-ozone/integration-test/target/test-dir/MiniOzoneClusterImpl-757a471d-dced-4024-b429-b50254f0e88a/datanode-5/data/containers/hdds to VolumeSet
2019-09-12 14:02:18,141 [main] INFO  volume.ThrottledAsyncChecker (ThrottledAsyncChecker.java:schedule(139)) - Scheduling a check for org.apache.hadoop.ozone.container.common.volume.HddsVolume@659f226a
2019-09-12 14:02:18,141 [main] INFO  volume.HddsVolumeChecker (HddsVolumeChecker.java:checkAllVolumes(202)) - Scheduled health check for volume org.apache.hadoop.ozone.container.common.volume.HddsVolume@659f226a
2019-09-12 14:02:18,155 [main] INFO  impl.RaftServerProxy (ConfUtils.java:logGet(43)) - raft.rpc.type = GRPC (default)
2019-09-12 14:02:18,156 [main] INFO  grpc.GrpcFactory (GrpcFactory.java:checkPooledByteBufAllocatorUseCacheForAllThreads(45)) - PERFORMANCE WARNING: useCacheForAllThreads is true that may cause Netty to create a lot garbage objects and, as a result, trigger GC.
	It is recommended to disable useCacheForAllThreads by setting -Dorg.apache.ratis.thirdparty.io.netty.allocator.useCacheForAllThreads=false in command line.
2019-09-12 14:02:18,156 [main] INFO  grpc.GrpcConfigKeys$Server (ConfUtils.java:logGet(43)) - raft.grpc.server.port = 0 (default)
2019-09-12 14:02:18,156 [main] INFO  server.GrpcService (ConfUtils.java:logGet(43)) - raft.grpc.message.size.max = 33570816 (custom)
2019-09-12 14:02:18,156 [main] INFO  server.RaftServerConfigKeys (ConfUtils.java:logGet(43)) - raft.server.log.appender.buffer.byte-limit = 33554432 (custom)
2019-09-12 14:02:18,156 [main] INFO  server.GrpcService (ConfUtils.java:logGet(43)) - raft.grpc.flow.control.window = 1MB (=1048576) (default)
2019-09-12 14:02:18,156 [main] INFO  server.RaftServerConfigKeys (ConfUtils.java:logGet(43)) - raft.server.rpc.request.timeout = 3000ms (default)
2019-09-12 14:02:18,157 [main] INFO  server.RaftServerConfigKeys (ConfUtils.java:logGet(43)) - raft.server.storage.dir = [/workdir/hadoop-ozone/integration-test/target/test-dir/MiniOzoneClusterImpl-757a471d-dced-4024-b429-b50254f0e88a/datanode-5/data/ratis] (custom)
2019-09-12 14:02:18,158 [main] INFO  hdfs.DFSUtil (DFSUtil.java:httpServerTemplateForNNAndJN(1641)) - Starting Web-server for hddsDatanode at: http://0.0.0.0:0
2019-09-12 14:02:18,160 [main] INFO  server.AuthenticationFilter (AuthenticationFilter.java:constructSecretProvider(240)) - Unable to initialize FileSignerSecretProvider, falling back to use random secrets.
2019-09-12 14:02:18,160 [main] WARN  http.HttpRequestLog (HttpRequestLog.java:getRequestLog(97)) - Jetty request log can only be enabled using Log4j
2019-09-12 14:02:18,161 [main] INFO  http.HttpServer2 (HttpServer2.java:addGlobalFilter(975)) - Added global filter 'safety' (class=org.apache.hadoop.http.HttpServer2$QuotingInputFilter)
2019-09-12 14:02:18,162 [main] INFO  http.HttpServer2 (HttpServer2.java:addFilter(948)) - Added filter static_user_filter (class=org.apache.hadoop.http.lib.StaticUserWebFilter$StaticUserFilter) to context hddsDatanode
2019-09-12 14:02:18,162 [main] INFO  http.HttpServer2 (HttpServer2.java:addFilter(958)) - Added filter static_user_filter (class=org.apache.hadoop.http.lib.StaticUserWebFilter$StaticUserFilter) to context static
2019-09-12 14:02:18,162 [main] INFO  http.HttpServer2 (HttpServer2.java:addFilter(958)) - Added filter static_user_filter (class=org.apache.hadoop.http.lib.StaticUserWebFilter$StaticUserFilter) to context logs
2019-09-12 14:02:18,163 [main] INFO  http.HttpServer2 (HttpServer2.java:bindListener(1191)) - Jetty bound to port 33064
2019-09-12 14:02:18,163 [main] INFO  server.Server (Server.java:doStart(351)) - jetty-9.3.24.v20180605, build timestamp: 2018-06-05T17:11:56Z, git hash: 84205aa28f11a4f31f2a3b86d1bba2cc8ab69827
2019-09-12 14:02:18,165 [main] INFO  handler.ContextHandler (ContextHandler.java:doStart(781)) - Started o.e.j.s.ServletContextHandler@36aab105{/logs,file:///workdir/hadoop-ozone/integration-test/target/log,AVAILABLE}
2019-09-12 14:02:18,165 [main] INFO  handler.ContextHandler (ContextHandler.java:doStart(781)) - Started o.e.j.s.ServletContextHandler@f29353f{/static,jar:file:/home/user/.m2/repository/org/apache/hadoop/hadoop-hdds-container-service/0.5.0-SNAPSHOT/hadoop-hdds-container-service-0.5.0-SNAPSHOT.jar!/webapps/static,AVAILABLE}
2019-09-12 14:02:18,194 [main] INFO  handler.ContextHandler (ContextHandler.java:doStart(781)) - Started o.e.j.w.WebAppContext@46e190ed{/,file:///tmp/jetty-0.0.0.0-33064-hddsDatanode-_-any-3997626653886811885.dir/webapp/,AVAILABLE}{/hddsDatanode}
2019-09-12 14:02:18,195 [main] INFO  server.AbstractConnector (AbstractConnector.java:doStart(278)) - Started ServerConnector@383c3eb3{HTTP/1.1,[http/1.1]}{0.0.0.0:33064}
2019-09-12 14:02:18,196 [main] INFO  server.Server (Server.java:doStart(419)) - Started @48165ms
2019-09-12 14:02:18,196 [main] WARN  impl.MetricsSystemImpl (MetricsSystemImpl.java:register(276)) - Sink prometheus already exists!
2019-09-12 14:02:18,197 [main] INFO  server.BaseHttpServer (BaseHttpServer.java:updateConnectorAddress(215)) - HTTP server of HDDSDATANODE is listening at http://0.0.0.0:33064
2019-09-12 14:02:18,197 [main] INFO  impl.MetricsSystemImpl (MetricsSystemImpl.java:init(158)) - HddsDatanode metrics system started (again)
2019-09-12 14:02:18,203 [org.apache.hadoop.util.JvmPauseMonitor$Monitor@66701c24] INFO  util.JvmPauseMonitor (JvmPauseMonitor.java:run(188)) - Starting JVM pause monitor
2019-09-12 14:02:18,203 [main] INFO  ozone.HddsDatanodeService (HddsDatanodeService.java:start(184)) - HddsDatanodeService host:pr-hdds-2007-n4wwz-4249666578 ip:192.168.5.171
2019-09-12 14:02:18,204 [Datanode State Machine Thread - 0] INFO  datanode.InitDatanodeState (InitDatanodeState.java:persistContainerDatanodeDetails(140)) - DatanodeDetails is persisted to /workdir/hadoop-ozone/integration-test/target/test-dir/MiniOzoneClusterImpl-757a471d-dced-4024-b429-b50254f0e88a/datanode-5/meta/datanode.id
2019-09-12 14:02:18,211 [main] INFO  volume.HddsVolume (HddsVolume.java:<init>(176)) - Creating Volume: /workdir/hadoop-ozone/integration-test/target/test-dir/MiniOzoneClusterImpl-757a471d-dced-4024-b429-b50254f0e88a/datanode-6/data/containers/hdds of  storage type : DISK and capacity : 1482555576320
2019-09-12 14:02:18,211 [main] INFO  volume.VolumeSet (VolumeSet.java:initializeVolumeSet(170)) - Added Volume : /workdir/hadoop-ozone/integration-test/target/test-dir/MiniOzoneClusterImpl-757a471d-dced-4024-b429-b50254f0e88a/datanode-6/data/containers/hdds to VolumeSet
2019-09-12 14:02:18,211 [main] INFO  volume.ThrottledAsyncChecker (ThrottledAsyncChecker.java:schedule(139)) - Scheduling a check for org.apache.hadoop.ozone.container.common.volume.HddsVolume@dab1f89
2019-09-12 14:02:18,212 [main] INFO  volume.HddsVolumeChecker (HddsVolumeChecker.java:checkAllVolumes(202)) - Scheduled health check for volume org.apache.hadoop.ozone.container.common.volume.HddsVolume@dab1f89
2019-09-12 14:02:18,230 [main] INFO  impl.RaftServerProxy (ConfUtils.java:logGet(43)) - raft.rpc.type = GRPC (default)
2019-09-12 14:02:18,230 [main] INFO  grpc.GrpcFactory (GrpcFactory.java:checkPooledByteBufAllocatorUseCacheForAllThreads(45)) - PERFORMANCE WARNING: useCacheForAllThreads is true that may cause Netty to create a lot garbage objects and, as a result, trigger GC.
	It is recommended to disable useCacheForAllThreads by setting -Dorg.apache.ratis.thirdparty.io.netty.allocator.useCacheForAllThreads=false in command line.
2019-09-12 14:02:18,231 [main] INFO  grpc.GrpcConfigKeys$Server (ConfUtils.java:logGet(43)) - raft.grpc.server.port = 0 (default)
2019-09-12 14:02:18,231 [main] INFO  server.GrpcService (ConfUtils.java:logGet(43)) - raft.grpc.message.size.max = 33570816 (custom)
2019-09-12 14:02:18,231 [main] INFO  server.RaftServerConfigKeys (ConfUtils.java:logGet(43)) - raft.server.log.appender.buffer.byte-limit = 33554432 (custom)
2019-09-12 14:02:18,231 [main] INFO  server.GrpcService (ConfUtils.java:logGet(43)) - raft.grpc.flow.control.window = 1MB (=1048576) (default)
2019-09-12 14:02:18,231 [main] INFO  server.RaftServerConfigKeys (ConfUtils.java:logGet(43)) - raft.server.rpc.request.timeout = 3000ms (default)
2019-09-12 14:02:18,232 [main] INFO  server.RaftServerConfigKeys (ConfUtils.java:logGet(43)) - raft.server.storage.dir = [/workdir/hadoop-ozone/integration-test/target/test-dir/MiniOzoneClusterImpl-757a471d-dced-4024-b429-b50254f0e88a/datanode-6/data/ratis] (custom)
2019-09-12 14:02:18,233 [main] INFO  hdfs.DFSUtil (DFSUtil.java:httpServerTemplateForNNAndJN(1641)) - Starting Web-server for hddsDatanode at: http://0.0.0.0:0
2019-09-12 14:02:18,235 [main] INFO  server.AuthenticationFilter (AuthenticationFilter.java:constructSecretProvider(240)) - Unable to initialize FileSignerSecretProvider, falling back to use random secrets.
2019-09-12 14:02:18,235 [main] WARN  http.HttpRequestLog (HttpRequestLog.java:getRequestLog(97)) - Jetty request log can only be enabled using Log4j
2019-09-12 14:02:18,237 [main] INFO  http.HttpServer2 (HttpServer2.java:addGlobalFilter(975)) - Added global filter 'safety' (class=org.apache.hadoop.http.HttpServer2$QuotingInputFilter)
2019-09-12 14:02:18,237 [main] INFO  http.HttpServer2 (HttpServer2.java:addFilter(948)) - Added filter static_user_filter (class=org.apache.hadoop.http.lib.StaticUserWebFilter$StaticUserFilter) to context hddsDatanode
2019-09-12 14:02:18,238 [main] INFO  http.HttpServer2 (HttpServer2.java:addFilter(958)) - Added filter static_user_filter (class=org.apache.hadoop.http.lib.StaticUserWebFilter$StaticUserFilter) to context static
2019-09-12 14:02:18,238 [main] INFO  http.HttpServer2 (HttpServer2.java:addFilter(958)) - Added filter static_user_filter (class=org.apache.hadoop.http.lib.StaticUserWebFilter$StaticUserFilter) to context logs
2019-09-12 14:02:18,238 [main] INFO  http.HttpServer2 (HttpServer2.java:bindListener(1191)) - Jetty bound to port 37863
2019-09-12 14:02:18,239 [main] INFO  server.Server (Server.java:doStart(351)) - jetty-9.3.24.v20180605, build timestamp: 2018-06-05T17:11:56Z, git hash: 84205aa28f11a4f31f2a3b86d1bba2cc8ab69827
2019-09-12 14:02:18,240 [main] INFO  handler.ContextHandler (ContextHandler.java:doStart(781)) - Started o.e.j.s.ServletContextHandler@2d74c81b{/logs,file:///workdir/hadoop-ozone/integration-test/target/log,AVAILABLE}
2019-09-12 14:02:18,241 [main] INFO  handler.ContextHandler (ContextHandler.java:doStart(781)) - Started o.e.j.s.ServletContextHandler@55f4887d{/static,jar:file:/home/user/.m2/repository/org/apache/hadoop/hadoop-hdds-container-service/0.5.0-SNAPSHOT/hadoop-hdds-container-service-0.5.0-SNAPSHOT.jar!/webapps/static,AVAILABLE}
2019-09-12 14:02:18,270 [main] INFO  handler.ContextHandler (ContextHandler.java:doStart(781)) - Started o.e.j.w.WebAppContext@5f5827d0{/,file:///tmp/jetty-0.0.0.0-37863-hddsDatanode-_-any-8385365176746174467.dir/webapp/,AVAILABLE}{/hddsDatanode}
2019-09-12 14:02:18,270 [main] INFO  server.AbstractConnector (AbstractConnector.java:doStart(278)) - Started ServerConnector@58a2d9f9{HTTP/1.1,[http/1.1]}{0.0.0.0:37863}
2019-09-12 14:02:18,272 [main] INFO  server.Server (Server.java:doStart(419)) - Started @48240ms
2019-09-12 14:02:18,272 [main] WARN  impl.MetricsSystemImpl (MetricsSystemImpl.java:register(276)) - Sink prometheus already exists!
2019-09-12 14:02:18,273 [main] INFO  server.BaseHttpServer (BaseHttpServer.java:updateConnectorAddress(215)) - HTTP server of HDDSDATANODE is listening at http://0.0.0.0:37863
2019-09-12 14:02:18,273 [main] INFO  ozone.MiniOzoneClusterImpl (MiniOzoneClusterImpl.java:lambda$waitForClusterToBeReady$0(145)) - Waiting for cluster to be ready. Got 0 of 7 DN Heartbeats.
2019-09-12 14:02:18,276 [org.apache.hadoop.util.JvmPauseMonitor$Monitor@1f870fd6] INFO  util.JvmPauseMonitor (JvmPauseMonitor.java:run(188)) - Starting JVM pause monitor
2019-09-12 14:02:18,278 [Datanode State Machine Thread - 0] INFO  datanode.InitDatanodeState (InitDatanodeState.java:persistContainerDatanodeDetails(140)) - DatanodeDetails is persisted to /workdir/hadoop-ozone/integration-test/target/test-dir/MiniOzoneClusterImpl-757a471d-dced-4024-b429-b50254f0e88a/datanode-6/meta/datanode.id
2019-09-12 14:02:19,278 [main] INFO  ozone.MiniOzoneClusterImpl (MiniOzoneClusterImpl.java:lambda$waitForClusterToBeReady$0(145)) - Waiting for cluster to be ready. Got 0 of 7 DN Heartbeats.
2019-09-12 14:02:19,864 [Datanode State Machine Thread - 0] INFO  ozoneimpl.OzoneContainer (OzoneContainer.java:start(217)) - Attempting to start container services.
2019-09-12 14:02:19,867 [Datanode State Machine Thread - 0] INFO  ozoneimpl.OzoneContainer (OzoneContainer.java:startContainerScrub(179)) - Background container scanner has been disabled.
2019-09-12 14:02:19,867 [Datanode State Machine Thread - 0] INFO  ratis.XceiverServerRatis (XceiverServerRatis.java:start(404)) - Starting XceiverServerRatis 553a797a-1709-4635-992b-7aee16d4f968 at port 0
2019-09-12 14:02:19,872 [Datanode State Machine Thread - 0] INFO  impl.RaftServerProxy (RaftServerProxy.java:lambda$start$3(299)) - 553a797a-1709-4635-992b-7aee16d4f968: start RPC server
2019-09-12 14:02:19,874 [Datanode State Machine Thread - 0] INFO  server.GrpcService (GrpcService.java:startImpl(158)) - 553a797a-1709-4635-992b-7aee16d4f968: GrpcService started, listening on 0.0.0.0/0.0.0.0:35459
2019-09-12 14:02:19,874 [Datanode State Machine Thread - 0] INFO  ratis.XceiverServerRatis (XceiverServerRatis.java:start(414)) - XceiverServerRatis 553a797a-1709-4635-992b-7aee16d4f968 is started using port 35459
2019-09-12 14:02:19,874 [Datanode State Machine Thread - 0] INFO  server.XceiverServerGrpc (XceiverServerGrpc.java:start(163)) - XceiverServerGrpc 553a797a-1709-4635-992b-7aee16d4f968 is started using port 41269
2019-09-12 14:02:19,930 [Datanode State Machine Thread - 0] INFO  ozoneimpl.OzoneContainer (OzoneContainer.java:start(217)) - Attempting to start container services.
2019-09-12 14:02:19,933 [Datanode State Machine Thread - 0] INFO  ozoneimpl.OzoneContainer (OzoneContainer.java:startContainerScrub(179)) - Background container scanner has been disabled.
2019-09-12 14:02:19,933 [Datanode State Machine Thread - 0] INFO  ratis.XceiverServerRatis (XceiverServerRatis.java:start(404)) - Starting XceiverServerRatis d38e2af0-690e-4b19-a435-4282658122bd at port 0
2019-09-12 14:02:19,939 [Datanode State Machine Thread - 0] INFO  impl.RaftServerProxy (RaftServerProxy.java:lambda$start$3(299)) - d38e2af0-690e-4b19-a435-4282658122bd: start RPC server
2019-09-12 14:02:19,940 [Datanode State Machine Thread - 0] INFO  server.GrpcService (GrpcService.java:startImpl(158)) - d38e2af0-690e-4b19-a435-4282658122bd: GrpcService started, listening on 0.0.0.0/0.0.0.0:37009
2019-09-12 14:02:19,940 [Datanode State Machine Thread - 0] INFO  ratis.XceiverServerRatis (XceiverServerRatis.java:start(414)) - XceiverServerRatis d38e2af0-690e-4b19-a435-4282658122bd is started using port 37009
2019-09-12 14:02:19,948 [Datanode State Machine Thread - 0] INFO  server.XceiverServerGrpc (XceiverServerGrpc.java:start(163)) - XceiverServerGrpc d38e2af0-690e-4b19-a435-4282658122bd is started using port 42921
2019-09-12 14:02:20,005 [Datanode State Machine Thread - 0] INFO  ozoneimpl.OzoneContainer (OzoneContainer.java:start(217)) - Attempting to start container services.
2019-09-12 14:02:20,010 [Datanode State Machine Thread - 0] INFO  ozoneimpl.OzoneContainer (OzoneContainer.java:startContainerScrub(179)) - Background container scanner has been disabled.
2019-09-12 14:02:20,011 [Datanode State Machine Thread - 0] INFO  ratis.XceiverServerRatis (XceiverServerRatis.java:start(404)) - Starting XceiverServerRatis 36804342-642d-43a3-bc09-2523fb137eef at port 0
2019-09-12 14:02:20,016 [Datanode State Machine Thread - 0] INFO  impl.RaftServerProxy (RaftServerProxy.java:lambda$start$3(299)) - 36804342-642d-43a3-bc09-2523fb137eef: start RPC server
2019-09-12 14:02:20,017 [Datanode State Machine Thread - 0] INFO  server.GrpcService (GrpcService.java:startImpl(158)) - 36804342-642d-43a3-bc09-2523fb137eef: GrpcService started, listening on 0.0.0.0/0.0.0.0:46500
2019-09-12 14:02:20,017 [Datanode State Machine Thread - 0] INFO  ratis.XceiverServerRatis (XceiverServerRatis.java:start(414)) - XceiverServerRatis 36804342-642d-43a3-bc09-2523fb137eef is started using port 46500
2019-09-12 14:02:20,023 [Datanode State Machine Thread - 0] INFO  server.XceiverServerGrpc (XceiverServerGrpc.java:start(163)) - XceiverServerGrpc 36804342-642d-43a3-bc09-2523fb137eef is started using port 34229
2019-09-12 14:02:20,077 [Datanode State Machine Thread - 0] INFO  ozoneimpl.OzoneContainer (OzoneContainer.java:start(217)) - Attempting to start container services.
2019-09-12 14:02:20,078 [Datanode State Machine Thread - 0] INFO  ozoneimpl.OzoneContainer (OzoneContainer.java:startContainerScrub(179)) - Background container scanner has been disabled.
2019-09-12 14:02:20,078 [Datanode State Machine Thread - 0] INFO  ratis.XceiverServerRatis (XceiverServerRatis.java:start(404)) - Starting XceiverServerRatis a8b5f9ad-518b-4332-873e-ffb82f46a5c1 at port 0
2019-09-12 14:02:20,084 [Datanode State Machine Thread - 0] INFO  impl.RaftServerProxy (RaftServerProxy.java:lambda$start$3(299)) - a8b5f9ad-518b-4332-873e-ffb82f46a5c1: start RPC server
2019-09-12 14:02:20,085 [Datanode State Machine Thread - 0] INFO  server.GrpcService (GrpcService.java:startImpl(158)) - a8b5f9ad-518b-4332-873e-ffb82f46a5c1: GrpcService started, listening on 0.0.0.0/0.0.0.0:37608
2019-09-12 14:02:20,085 [Datanode State Machine Thread - 0] INFO  ratis.XceiverServerRatis (XceiverServerRatis.java:start(414)) - XceiverServerRatis a8b5f9ad-518b-4332-873e-ffb82f46a5c1 is started using port 37608
2019-09-12 14:02:20,086 [Datanode State Machine Thread - 0] INFO  server.XceiverServerGrpc (XceiverServerGrpc.java:start(163)) - XceiverServerGrpc a8b5f9ad-518b-4332-873e-ffb82f46a5c1 is started using port 41493
2019-09-12 14:02:20,185 [Datanode State Machine Thread - 0] INFO  ozoneimpl.OzoneContainer (OzoneContainer.java:start(217)) - Attempting to start container services.
2019-09-12 14:02:20,186 [Datanode State Machine Thread - 0] INFO  ozoneimpl.OzoneContainer (OzoneContainer.java:startContainerScrub(179)) - Background container scanner has been disabled.
2019-09-12 14:02:20,186 [Datanode State Machine Thread - 0] INFO  ratis.XceiverServerRatis (XceiverServerRatis.java:start(404)) - Starting XceiverServerRatis 1ea668f3-db9c-4d31-a34d-8fd854f35d67 at port 0
2019-09-12 14:02:20,193 [Datanode State Machine Thread - 0] INFO  impl.RaftServerProxy (RaftServerProxy.java:lambda$start$3(299)) - 1ea668f3-db9c-4d31-a34d-8fd854f35d67: start RPC server
2019-09-12 14:02:20,194 [Datanode State Machine Thread - 0] INFO  server.GrpcService (GrpcService.java:startImpl(158)) - 1ea668f3-db9c-4d31-a34d-8fd854f35d67: GrpcService started, listening on 0.0.0.0/0.0.0.0:46566
2019-09-12 14:02:20,194 [Datanode State Machine Thread - 0] INFO  ratis.XceiverServerRatis (XceiverServerRatis.java:start(414)) - XceiverServerRatis 1ea668f3-db9c-4d31-a34d-8fd854f35d67 is started using port 46566
2019-09-12 14:02:20,195 [Datanode State Machine Thread - 0] INFO  server.XceiverServerGrpc (XceiverServerGrpc.java:start(163)) - XceiverServerGrpc 1ea668f3-db9c-4d31-a34d-8fd854f35d67 is started using port 41678
2019-09-12 14:02:20,220 [Datanode State Machine Thread - 0] INFO  ozoneimpl.OzoneContainer (OzoneContainer.java:start(217)) - Attempting to start container services.
2019-09-12 14:02:20,220 [Datanode State Machine Thread - 0] INFO  ozoneimpl.OzoneContainer (OzoneContainer.java:startContainerScrub(179)) - Background container scanner has been disabled.
2019-09-12 14:02:20,220 [Datanode State Machine Thread - 0] INFO  ratis.XceiverServerRatis (XceiverServerRatis.java:start(404)) - Starting XceiverServerRatis fe044cd5-df1e-4f7f-ac9c-c64980bfad69 at port 0
2019-09-12 14:02:20,226 [Datanode State Machine Thread - 0] INFO  impl.RaftServerProxy (RaftServerProxy.java:lambda$start$3(299)) - fe044cd5-df1e-4f7f-ac9c-c64980bfad69: start RPC server
2019-09-12 14:02:20,227 [Datanode State Machine Thread - 0] INFO  server.GrpcService (GrpcService.java:startImpl(158)) - fe044cd5-df1e-4f7f-ac9c-c64980bfad69: GrpcService started, listening on 0.0.0.0/0.0.0.0:42111
2019-09-12 14:02:20,227 [Datanode State Machine Thread - 0] INFO  ratis.XceiverServerRatis (XceiverServerRatis.java:start(414)) - XceiverServerRatis fe044cd5-df1e-4f7f-ac9c-c64980bfad69 is started using port 42111
2019-09-12 14:02:20,230 [Datanode State Machine Thread - 0] INFO  server.XceiverServerGrpc (XceiverServerGrpc.java:start(163)) - XceiverServerGrpc fe044cd5-df1e-4f7f-ac9c-c64980bfad69 is started using port 33494
2019-09-12 14:02:20,278 [main] INFO  ozone.MiniOzoneClusterImpl (MiniOzoneClusterImpl.java:lambda$waitForClusterToBeReady$0(145)) - Waiting for cluster to be ready. Got 0 of 7 DN Heartbeats.
2019-09-12 14:02:20,301 [Datanode State Machine Thread - 0] INFO  ozoneimpl.OzoneContainer (OzoneContainer.java:start(217)) - Attempting to start container services.
2019-09-12 14:02:20,301 [Datanode State Machine Thread - 0] INFO  ozoneimpl.OzoneContainer (OzoneContainer.java:startContainerScrub(179)) - Background container scanner has been disabled.
2019-09-12 14:02:20,302 [Datanode State Machine Thread - 0] INFO  ratis.XceiverServerRatis (XceiverServerRatis.java:start(404)) - Starting XceiverServerRatis 8432884d-3dd8-45b3-b842-8c340eb0817f at port 0
2019-09-12 14:02:20,308 [Datanode State Machine Thread - 0] INFO  impl.RaftServerProxy (RaftServerProxy.java:lambda$start$3(299)) - 8432884d-3dd8-45b3-b842-8c340eb0817f: start RPC server
2019-09-12 14:02:20,311 [Datanode State Machine Thread - 0] INFO  server.GrpcService (GrpcService.java:startImpl(158)) - 8432884d-3dd8-45b3-b842-8c340eb0817f: GrpcService started, listening on 0.0.0.0/0.0.0.0:35945
2019-09-12 14:02:20,311 [Datanode State Machine Thread - 0] INFO  ratis.XceiverServerRatis (XceiverServerRatis.java:start(414)) - XceiverServerRatis 8432884d-3dd8-45b3-b842-8c340eb0817f is started using port 35945
2019-09-12 14:02:20,314 [Datanode State Machine Thread - 0] INFO  server.XceiverServerGrpc (XceiverServerGrpc.java:start(163)) - XceiverServerGrpc 8432884d-3dd8-45b3-b842-8c340eb0817f is started using port 41367
2019-09-12 14:02:21,279 [main] INFO  ozone.MiniOzoneClusterImpl (MiniOzoneClusterImpl.java:lambda$waitForClusterToBeReady$0(145)) - Waiting for cluster to be ready. Got 0 of 7 DN Heartbeats.
2019-09-12 14:02:21,854 [IPC Server handler 1 on 35439] INFO  net.NetworkTopology (NetworkTopologyImpl.java:add(110)) - Added a new node: /default-rack/553a797a-1709-4635-992b-7aee16d4f968
2019-09-12 14:02:21,857 [IPC Server handler 1 on 35439] INFO  node.SCMNodeManager (SCMNodeManager.java:register(266)) - Registered Data node : 553a797a-1709-4635-992b-7aee16d4f968{ip: 192.168.5.171, host: pr-hdds-2007-n4wwz-4249666578, networkLocation: /default-rack, certSerialId: null}
2019-09-12 14:02:21,858 [EventQueue-NodeRegistrationContainerReportForDataNodeSafeModeRule] INFO  safemode.SCMSafeModeManager (DataNodeSafeModeRule.java:process(71)) - SCM in safe mode. 1 DataNodes registered, 1 required.
2019-09-12 14:02:21,860 [EventQueue-NodeRegistrationContainerReportForDataNodeSafeModeRule] INFO  safemode.SCMSafeModeManager (SCMSafeModeManager.java:validateSafeModeExitRules(177)) - ScmSafeModeManager, all rules are successfully validated
2019-09-12 14:02:21,860 [EventQueue-NodeRegistrationContainerReportForDataNodeSafeModeRule] INFO  safemode.SCMSafeModeManager (SCMSafeModeManager.java:exitSafeMode(193)) - SCM exiting safe mode.
2019-09-12 14:02:21,884 [grpc-default-executor-0] INFO  impl.RaftServerProxy (RaftServerProxy.java:addNew(89)) - 553a797a-1709-4635-992b-7aee16d4f968: addNew group-5723FEAAB847:[553a797a-1709-4635-992b-7aee16d4f968:192.168.5.171:35459] returns group-5723FEAAB847:java.util.concurrent.CompletableFuture@7b5483e2[Not completed]
2019-09-12 14:02:21,887 [pool-119-thread-1] INFO  impl.RaftServerImpl (RaftServerImpl.java:<init>(95)) - 553a797a-1709-4635-992b-7aee16d4f968: new RaftServerImpl for group-5723FEAAB847:[553a797a-1709-4635-992b-7aee16d4f968:192.168.5.171:35459] with ContainerStateMachine:uninitialized
2019-09-12 14:02:21,887 [pool-119-thread-1] INFO  server.RaftServerConfigKeys (ConfUtils.java:logGet(43)) - raft.server.rpc.timeout.min = 5s (custom)
2019-09-12 14:02:21,887 [pool-119-thread-1] INFO  server.RaftServerConfigKeys (ConfUtils.java:logGet(43)) - raft.server.rpc.timeout.max = 5200ms (custom)
2019-09-12 14:02:21,887 [pool-119-thread-1] INFO  server.RaftServerConfigKeys (ConfUtils.java:logGet(43)) - raft.server.rpcslowness.timeout = 120s (custom)
2019-09-12 14:02:21,888 [pool-119-thread-1] INFO  server.RaftServerConfigKeys (ConfUtils.java:logGet(43)) - raft.server.sleep.deviation.threshold = 300 (default)
2019-09-12 14:02:21,888 [pool-119-thread-1] INFO  server.RaftServerConfigKeys (ConfUtils.java:logGet(43)) - raft.server.log.appender.install.snapshot.enabled = false (custom)
2019-09-12 14:02:21,888 [pool-119-thread-1] INFO  impl.RaftServerImpl (ServerState.java:<init>(103)) - 553a797a-1709-4635-992b-7aee16d4f968@group-5723FEAAB847: ConfigurationManager, init=-1: [553a797a-1709-4635-992b-7aee16d4f968:192.168.5.171:35459], old=null, confs=<EMPTY_MAP>
2019-09-12 14:02:21,889 [pool-119-thread-1] INFO  server.RaftServerConfigKeys (ConfUtils.java:logGet(43)) - raft.server.storage.dir = [/workdir/hadoop-ozone/integration-test/target/test-dir/MiniOzoneClusterImpl-757a471d-dced-4024-b429-b50254f0e88a/datanode-0/data/ratis] (custom)
2019-09-12 14:02:21,889 [pool-119-thread-1] INFO  storage.RaftStorageDirectory (RaftStorageDirectory.java:analyzeStorage(246)) - The storage directory /workdir/hadoop-ozone/integration-test/target/test-dir/MiniOzoneClusterImpl-757a471d-dced-4024-b429-b50254f0e88a/datanode-0/data/ratis/592ac374-1278-40ef-98ac-5723feaab847 does not exist. Creating ...
2019-09-12 14:02:21,903 [pool-119-thread-1] INFO  storage.RaftStorageDirectory (RaftStorageDirectory.java:tryLock(328)) - Lock on /workdir/hadoop-ozone/integration-test/target/test-dir/MiniOzoneClusterImpl-757a471d-dced-4024-b429-b50254f0e88a/datanode-0/data/ratis/592ac374-1278-40ef-98ac-5723feaab847/in_use.lock acquired by nodename 21625@pr-hdds-2007-n4wwz-4249666578
2019-09-12 14:02:21,915 [IPC Server handler 5 on 35439] INFO  net.NetworkTopology (NetworkTopologyImpl.java:add(110)) - Added a new node: /default-rack/d38e2af0-690e-4b19-a435-4282658122bd
2019-09-12 14:02:21,915 [IPC Server handler 5 on 35439] INFO  node.SCMNodeManager (SCMNodeManager.java:register(266)) - Registered Data node : d38e2af0-690e-4b19-a435-4282658122bd{ip: 192.168.5.171, host: pr-hdds-2007-n4wwz-4249666578, networkLocation: /default-rack, certSerialId: null}
2019-09-12 14:02:21,924 [pool-119-thread-1] INFO  storage.RaftStorage (RaftStorage.java:format(72)) - Storage directory /workdir/hadoop-ozone/integration-test/target/test-dir/MiniOzoneClusterImpl-757a471d-dced-4024-b429-b50254f0e88a/datanode-0/data/ratis/592ac374-1278-40ef-98ac-5723feaab847 has been successfully formatted.
2019-09-12 14:02:21,925 [pool-119-thread-1] INFO  ratis.ContainerStateMachine (ContainerStateMachine.java:loadSnapshot(230)) - group-5723FEAAB847: The snapshot info is null. Setting the last applied indexto:(t:0, i:~)
2019-09-12 14:02:21,925 [pool-119-thread-1] INFO  server.RaftServerConfigKeys (ConfUtils.java:logGet(43)) - raft.server.notification.no-leader.timeout = 120s (custom)
2019-09-12 14:02:21,925 [pool-119-thread-1] INFO  server.RaftServerConfigKeys (ConfUtils.java:logGet(43)) - raft.server.log.use.memory = false (default)
2019-09-12 14:02:21,926 [pool-119-thread-1] INFO  server.RaftServerConfigKeys (ConfUtils.java:logGet(43)) - raft.server.log.purge.gap = 1000000 (custom)
2019-09-12 14:02:21,926 [pool-119-thread-1] INFO  server.RaftServerConfigKeys (ConfUtils.java:logGet(43)) - raft.server.log.appender.buffer.byte-limit = 33554432 (custom)
2019-09-12 14:02:21,926 [pool-119-thread-1] INFO  server.RaftServerConfigKeys (ConfUtils.java:logGet(43)) - raft.server.log.segment.size.max = 1048576 (custom)
2019-09-12 14:02:21,926 [pool-119-thread-1] INFO  server.RaftServerConfigKeys (ConfUtils.java:logGet(43)) - raft.server.log.segment.cache.num.max = 2 (custom)
2019-09-12 14:02:21,926 [pool-119-thread-1] INFO  segmented.SegmentedRaftLogWorker (SegmentedRaftLogWorker.java:<init>(172)) - new 553a797a-1709-4635-992b-7aee16d4f968@group-5723FEAAB847-SegmentedRaftLogWorker for RaftStorage:Storage Directory /workdir/hadoop-ozone/integration-test/target/test-dir/MiniOzoneClusterImpl-757a471d-dced-4024-b429-b50254f0e88a/datanode-0/data/ratis/592ac374-1278-40ef-98ac-5723feaab847
2019-09-12 14:02:21,929 [pool-119-thread-1] INFO  server.RaftServerConfigKeys (ConfUtils.java:logGet(43)) - raft.server.log.queue.byte-limit = 2147483647 (custom)
2019-09-12 14:02:21,930 [pool-119-thread-1] INFO  server.RaftServerConfigKeys (ConfUtils.java:logGet(43)) - raft.server.log.queue.element-limit = 1024 (custom)
2019-09-12 14:02:21,930 [pool-119-thread-1] INFO  server.RaftServerConfigKeys (ConfUtils.java:logGet(43)) - raft.server.log.segment.size.max = 1048576 (custom)
2019-09-12 14:02:21,930 [pool-119-thread-1] INFO  server.RaftServerConfigKeys (ConfUtils.java:logGet(43)) - raft.server.log.preallocated.size = 16384 (custom)
2019-09-12 14:02:21,930 [pool-119-thread-1] INFO  server.RaftServerConfigKeys (ConfUtils.java:logGet(43)) - raft.server.log.write.buffer.size = 33554432 (custom)
2019-09-12 14:02:21,930 [pool-119-thread-1] INFO  server.RaftServerConfigKeys (ConfUtils.java:logGet(43)) - raft.server.log.force.sync.num = 128 (default)
2019-09-12 14:02:21,930 [pool-119-thread-1] INFO  server.RaftServerConfigKeys (ConfUtils.java:logGet(43)) - raft.server.log.statemachine.data.sync = true (default)
2019-09-12 14:02:21,931 [pool-119-thread-1] INFO  server.RaftServerConfigKeys (ConfUtils.java:logGet(43)) - raft.server.log.statemachine.data.sync.timeout = 10s (default)
2019-09-12 14:02:21,931 [pool-119-thread-1] INFO  server.RaftServerConfigKeys (ConfUtils.java:logGet(43)) - raft.server.log.statemachine.data.sync.timeout.retry = -1 (default)
2019-09-12 14:02:21,931 [pool-119-thread-1] INFO  server.RaftServerConfigKeys (ConfUtils.java:logGet(43)) - raft.server.log.statemachine.data.caching.enabled = true (custom)
2019-09-12 14:02:21,932 [pool-119-thread-1] INFO  segmented.SegmentedRaftLogWorker (SegmentedRaftLogWorker.java:lambda$new$0(132)) - 553a797a-1709-4635-992b-7aee16d4f968@group-5723FEAAB847-SegmentedRaftLogWorker: flushIndex: setUnconditionally 0 -> -1
2019-09-12 14:02:21,932 [pool-119-thread-1] INFO  server.RaftServerConfigKeys (ConfUtils.java:logGet(43)) - raft.server.snapshot.auto.trigger.enabled = true (custom)
2019-09-12 14:02:21,932 [pool-119-thread-1] INFO  server.RaftServerConfigKeys (ConfUtils.java:logGet(43)) - raft.server.snapshot.auto.trigger.threshold = 10000 (custom)
2019-09-12 14:02:21,932 [pool-119-thread-1] INFO  server.RaftServerConfigKeys (ConfUtils.java:logGet(43)) - raft.server.snapshot.retention.num.files = -1 (default)
2019-09-12 14:02:21,933 [pool-119-thread-1] INFO  server.RaftServerConfigKeys (ConfUtils.java:logGet(43)) - raft.server.retrycache.expirytime = 600000ms (custom)
2019-09-12 14:02:21,935 [pool-119-thread-1] INFO  impl.RaftServerImpl (RaftServerImpl.java:start(185)) - 553a797a-1709-4635-992b-7aee16d4f968@group-5723FEAAB847: start as a follower, conf=-1: [553a797a-1709-4635-992b-7aee16d4f968:192.168.5.171:35459], old=null
2019-09-12 14:02:21,935 [pool-119-thread-1] INFO  impl.RaftServerImpl (RaftServerImpl.java:setRole(174)) - 553a797a-1709-4635-992b-7aee16d4f968@group-5723FEAAB847: changes role from      null to FOLLOWER at term 0 for startAsFollower
2019-09-12 14:02:21,935 [pool-119-thread-1] INFO  impl.RoleInfo (RoleInfo.java:updateAndGet(143)) - 553a797a-1709-4635-992b-7aee16d4f968: start FollowerState
2019-09-12 14:02:21,936 [pool-119-thread-1] INFO  util.JmxRegister (JmxRegister.java:tryRegister(44)) - Successfully registered JMX Bean with object name Ratis:service=RaftServer,group=group-5723FEAAB847,id=553a797a-1709-4635-992b-7aee16d4f968
2019-09-12 14:02:21,940 [RatisPipelineUtilsThread] INFO  pipeline.PipelineStateManager (PipelineStateManager.java:addPipeline(56)) - Created pipeline Pipeline[ Id: 592ac374-1278-40ef-98ac-5723feaab847, Nodes: 553a797a-1709-4635-992b-7aee16d4f968{ip: 192.168.5.171, host: pr-hdds-2007-n4wwz-4249666578, networkLocation: /default-rack, certSerialId: null}, Type:RATIS, Factor:ONE, State:OPEN]
2019-09-12 14:02:21,951 [grpc-default-executor-0] INFO  impl.RaftServerProxy (RaftServerProxy.java:addNew(89)) - d38e2af0-690e-4b19-a435-4282658122bd: addNew group-1975C4363952:[d38e2af0-690e-4b19-a435-4282658122bd:192.168.5.171:37009] returns group-1975C4363952:java.util.concurrent.CompletableFuture@29b527e8[Not completed]
2019-09-12 14:02:21,953 [pool-129-thread-1] INFO  impl.RaftServerImpl (RaftServerImpl.java:<init>(95)) - d38e2af0-690e-4b19-a435-4282658122bd: new RaftServerImpl for group-1975C4363952:[d38e2af0-690e-4b19-a435-4282658122bd:192.168.5.171:37009] with ContainerStateMachine:uninitialized
2019-09-12 14:02:21,953 [pool-129-thread-1] INFO  server.RaftServerConfigKeys (ConfUtils.java:logGet(43)) - raft.server.rpc.timeout.min = 5s (custom)
2019-09-12 14:02:21,953 [pool-129-thread-1] INFO  server.RaftServerConfigKeys (ConfUtils.java:logGet(43)) - raft.server.rpc.timeout.max = 5200ms (custom)
2019-09-12 14:02:21,954 [pool-129-thread-1] INFO  server.RaftServerConfigKeys (ConfUtils.java:logGet(43)) - raft.server.rpcslowness.timeout = 120s (custom)
2019-09-12 14:02:21,954 [pool-129-thread-1] INFO  server.RaftServerConfigKeys (ConfUtils.java:logGet(43)) - raft.server.sleep.deviation.threshold = 300 (default)
2019-09-12 14:02:21,954 [pool-129-thread-1] INFO  server.RaftServerConfigKeys (ConfUtils.java:logGet(43)) - raft.server.log.appender.install.snapshot.enabled = false (custom)
2019-09-12 14:02:21,954 [pool-129-thread-1] INFO  impl.RaftServerImpl (ServerState.java:<init>(103)) - d38e2af0-690e-4b19-a435-4282658122bd@group-1975C4363952: ConfigurationManager, init=-1: [d38e2af0-690e-4b19-a435-4282658122bd:192.168.5.171:37009], old=null, confs=<EMPTY_MAP>
2019-09-12 14:02:21,954 [pool-129-thread-1] INFO  server.RaftServerConfigKeys (ConfUtils.java:logGet(43)) - raft.server.storage.dir = [/workdir/hadoop-ozone/integration-test/target/test-dir/MiniOzoneClusterImpl-757a471d-dced-4024-b429-b50254f0e88a/datanode-1/data/ratis] (custom)
2019-09-12 14:02:21,955 [pool-129-thread-1] INFO  storage.RaftStorageDirectory (RaftStorageDirectory.java:analyzeStorage(246)) - The storage directory /workdir/hadoop-ozone/integration-test/target/test-dir/MiniOzoneClusterImpl-757a471d-dced-4024-b429-b50254f0e88a/datanode-1/data/ratis/bb9f256f-fcf0-4113-aafe-1975c4363952 does not exist. Creating ...
2019-09-12 14:02:21,967 [pool-129-thread-1] INFO  storage.RaftStorageDirectory (RaftStorageDirectory.java:tryLock(328)) - Lock on /workdir/hadoop-ozone/integration-test/target/test-dir/MiniOzoneClusterImpl-757a471d-dced-4024-b429-b50254f0e88a/datanode-1/data/ratis/bb9f256f-fcf0-4113-aafe-1975c4363952/in_use.lock acquired by nodename 21625@pr-hdds-2007-n4wwz-4249666578
2019-09-12 14:02:21,980 [pool-129-thread-1] INFO  storage.RaftStorage (RaftStorage.java:format(72)) - Storage directory /workdir/hadoop-ozone/integration-test/target/test-dir/MiniOzoneClusterImpl-757a471d-dced-4024-b429-b50254f0e88a/datanode-1/data/ratis/bb9f256f-fcf0-4113-aafe-1975c4363952 has been successfully formatted.
2019-09-12 14:02:21,980 [pool-129-thread-1] INFO  ratis.ContainerStateMachine (ContainerStateMachine.java:loadSnapshot(230)) - group-1975C4363952: The snapshot info is null. Setting the last applied indexto:(t:0, i:~)
2019-09-12 14:02:21,980 [pool-129-thread-1] INFO  server.RaftServerConfigKeys (ConfUtils.java:logGet(43)) - raft.server.notification.no-leader.timeout = 120s (custom)
2019-09-12 14:02:21,981 [pool-129-thread-1] INFO  server.RaftServerConfigKeys (ConfUtils.java:logGet(43)) - raft.server.log.use.memory = false (default)
2019-09-12 14:02:21,981 [pool-129-thread-1] INFO  server.RaftServerConfigKeys (ConfUtils.java:logGet(43)) - raft.server.log.purge.gap = 1000000 (custom)
2019-09-12 14:02:21,981 [pool-129-thread-1] INFO  server.RaftServerConfigKeys (ConfUtils.java:logGet(43)) - raft.server.log.appender.buffer.byte-limit = 33554432 (custom)
2019-09-12 14:02:21,981 [pool-129-thread-1] INFO  server.RaftServerConfigKeys (ConfUtils.java:logGet(43)) - raft.server.log.segment.size.max = 1048576 (custom)
2019-09-12 14:02:21,981 [pool-129-thread-1] INFO  server.RaftServerConfigKeys (ConfUtils.java:logGet(43)) - raft.server.log.segment.cache.num.max = 2 (custom)
2019-09-12 14:02:21,981 [pool-129-thread-1] INFO  segmented.SegmentedRaftLogWorker (SegmentedRaftLogWorker.java:<init>(172)) - new d38e2af0-690e-4b19-a435-4282658122bd@group-1975C4363952-SegmentedRaftLogWorker for RaftStorage:Storage Directory /workdir/hadoop-ozone/integration-test/target/test-dir/MiniOzoneClusterImpl-757a471d-dced-4024-b429-b50254f0e88a/datanode-1/data/ratis/bb9f256f-fcf0-4113-aafe-1975c4363952
2019-09-12 14:02:21,984 [pool-129-thread-1] INFO  server.RaftServerConfigKeys (ConfUtils.java:logGet(43)) - raft.server.log.queue.byte-limit = 2147483647 (custom)
2019-09-12 14:02:21,984 [pool-129-thread-1] INFO  server.RaftServerConfigKeys (ConfUtils.java:logGet(43)) - raft.server.log.queue.element-limit = 1024 (custom)
2019-09-12 14:02:21,984 [pool-129-thread-1] INFO  server.RaftServerConfigKeys (ConfUtils.java:logGet(43)) - raft.server.log.segment.size.max = 1048576 (custom)
2019-09-12 14:02:21,984 [pool-129-thread-1] INFO  server.RaftServerConfigKeys (ConfUtils.java:logGet(43)) - raft.server.log.preallocated.size = 16384 (custom)
2019-09-12 14:02:21,984 [pool-129-thread-1] INFO  server.RaftServerConfigKeys (ConfUtils.java:logGet(43)) - raft.server.log.write.buffer.size = 33554432 (custom)
2019-09-12 14:02:21,985 [pool-129-thread-1] INFO  server.RaftServerConfigKeys (ConfUtils.java:logGet(43)) - raft.server.log.force.sync.num = 128 (default)
2019-09-12 14:02:21,985 [pool-129-thread-1] INFO  server.RaftServerConfigKeys (ConfUtils.java:logGet(43)) - raft.server.log.statemachine.data.sync = true (default)
2019-09-12 14:02:21,985 [pool-129-thread-1] INFO  server.RaftServerConfigKeys (ConfUtils.java:logGet(43)) - raft.server.log.statemachine.data.sync.timeout = 10s (default)
2019-09-12 14:02:21,985 [pool-129-thread-1] INFO  server.RaftServerConfigKeys (ConfUtils.java:logGet(43)) - raft.server.log.statemachine.data.sync.timeout.retry = -1 (default)
2019-09-12 14:02:21,985 [pool-129-thread-1] INFO  server.RaftServerConfigKeys (ConfUtils.java:logGet(43)) - raft.server.log.statemachine.data.caching.enabled = true (custom)
2019-09-12 14:02:21,986 [pool-129-thread-1] INFO  segmented.SegmentedRaftLogWorker (SegmentedRaftLogWorker.java:lambda$new$0(132)) - d38e2af0-690e-4b19-a435-4282658122bd@group-1975C4363952-SegmentedRaftLogWorker: flushIndex: setUnconditionally 0 -> -1
2019-09-12 14:02:21,986 [pool-129-thread-1] INFO  server.RaftServerConfigKeys (ConfUtils.java:logGet(43)) - raft.server.snapshot.auto.trigger.enabled = true (custom)
2019-09-12 14:02:21,986 [pool-129-thread-1] INFO  server.RaftServerConfigKeys (ConfUtils.java:logGet(43)) - raft.server.snapshot.auto.trigger.threshold = 10000 (custom)
2019-09-12 14:02:21,986 [pool-129-thread-1] INFO  server.RaftServerConfigKeys (ConfUtils.java:logGet(43)) - raft.server.snapshot.retention.num.files = -1 (default)
2019-09-12 14:02:21,986 [pool-129-thread-1] INFO  server.RaftServerConfigKeys (ConfUtils.java:logGet(43)) - raft.server.retrycache.expirytime = 600000ms (custom)
2019-09-12 14:02:21,989 [pool-129-thread-1] INFO  impl.RaftServerImpl (RaftServerImpl.java:start(185)) - d38e2af0-690e-4b19-a435-4282658122bd@group-1975C4363952: start as a follower, conf=-1: [d38e2af0-690e-4b19-a435-4282658122bd:192.168.5.171:37009], old=null
2019-09-12 14:02:21,989 [pool-129-thread-1] INFO  impl.RaftServerImpl (RaftServerImpl.java:setRole(174)) - d38e2af0-690e-4b19-a435-4282658122bd@group-1975C4363952: changes role from      null to FOLLOWER at term 0 for startAsFollower
2019-09-12 14:02:21,989 [pool-129-thread-1] INFO  impl.RoleInfo (RoleInfo.java:updateAndGet(143)) - d38e2af0-690e-4b19-a435-4282658122bd: start FollowerState
2019-09-12 14:02:21,989 [IPC Server handler 6 on 35439] INFO  net.NetworkTopology (NetworkTopologyImpl.java:add(110)) - Added a new node: /default-rack/36804342-642d-43a3-bc09-2523fb137eef
2019-09-12 14:02:21,990 [IPC Server handler 6 on 35439] INFO  node.SCMNodeManager (SCMNodeManager.java:register(266)) - Registered Data node : 36804342-642d-43a3-bc09-2523fb137eef{ip: 192.168.5.171, host: pr-hdds-2007-n4wwz-4249666578, networkLocation: /default-rack, certSerialId: null}
2019-09-12 14:02:21,990 [pool-129-thread-1] INFO  util.JmxRegister (JmxRegister.java:tryRegister(44)) - Successfully registered JMX Bean with object name Ratis:service=RaftServer,group=group-1975C4363952,id=d38e2af0-690e-4b19-a435-4282658122bd
2019-09-12 14:02:21,992 [RatisPipelineUtilsThread] INFO  pipeline.PipelineStateManager (PipelineStateManager.java:addPipeline(56)) - Created pipeline Pipeline[ Id: bb9f256f-fcf0-4113-aafe-1975c4363952, Nodes: d38e2af0-690e-4b19-a435-4282658122bd{ip: 192.168.5.171, host: pr-hdds-2007-n4wwz-4249666578, networkLocation: /default-rack, certSerialId: null}, Type:RATIS, Factor:ONE, State:OPEN]
2019-09-12 14:02:22,002 [grpc-default-executor-0] INFO  impl.RaftServerProxy (RaftServerProxy.java:addNew(89)) - 36804342-642d-43a3-bc09-2523fb137eef: addNew group-406012984DBC:[36804342-642d-43a3-bc09-2523fb137eef:192.168.5.171:46500] returns group-406012984DBC:java.util.concurrent.CompletableFuture@73dd3817[Not completed]
2019-09-12 14:02:22,005 [pool-139-thread-1] INFO  impl.RaftServerImpl (RaftServerImpl.java:<init>(95)) - 36804342-642d-43a3-bc09-2523fb137eef: new RaftServerImpl for group-406012984DBC:[36804342-642d-43a3-bc09-2523fb137eef:192.168.5.171:46500] with ContainerStateMachine:uninitialized
2019-09-12 14:02:22,005 [pool-139-thread-1] INFO  server.RaftServerConfigKeys (ConfUtils.java:logGet(43)) - raft.server.rpc.timeout.min = 5s (custom)
2019-09-12 14:02:22,005 [pool-139-thread-1] INFO  server.RaftServerConfigKeys (ConfUtils.java:logGet(43)) - raft.server.rpc.timeout.max = 5200ms (custom)
2019-09-12 14:02:22,006 [pool-139-thread-1] INFO  server.RaftServerConfigKeys (ConfUtils.java:logGet(43)) - raft.server.rpcslowness.timeout = 120s (custom)
2019-09-12 14:02:22,006 [pool-139-thread-1] INFO  server.RaftServerConfigKeys (ConfUtils.java:logGet(43)) - raft.server.sleep.deviation.threshold = 300 (default)
2019-09-12 14:02:22,006 [pool-139-thread-1] INFO  server.RaftServerConfigKeys (ConfUtils.java:logGet(43)) - raft.server.log.appender.install.snapshot.enabled = false (custom)
2019-09-12 14:02:22,006 [pool-139-thread-1] INFO  impl.RaftServerImpl (ServerState.java:<init>(103)) - 36804342-642d-43a3-bc09-2523fb137eef@group-406012984DBC: ConfigurationManager, init=-1: [36804342-642d-43a3-bc09-2523fb137eef:192.168.5.171:46500], old=null, confs=<EMPTY_MAP>
2019-09-12 14:02:22,006 [pool-139-thread-1] INFO  server.RaftServerConfigKeys (ConfUtils.java:logGet(43)) - raft.server.storage.dir = [/workdir/hadoop-ozone/integration-test/target/test-dir/MiniOzoneClusterImpl-757a471d-dced-4024-b429-b50254f0e88a/datanode-2/data/ratis] (custom)
2019-09-12 14:02:22,006 [pool-139-thread-1] INFO  storage.RaftStorageDirectory (RaftStorageDirectory.java:analyzeStorage(246)) - The storage directory /workdir/hadoop-ozone/integration-test/target/test-dir/MiniOzoneClusterImpl-757a471d-dced-4024-b429-b50254f0e88a/datanode-2/data/ratis/e646dcc6-d52e-4547-aea8-406012984dbc does not exist. Creating ...
2019-09-12 14:02:22,019 [pool-139-thread-1] INFO  storage.RaftStorageDirectory (RaftStorageDirectory.java:tryLock(328)) - Lock on /workdir/hadoop-ozone/integration-test/target/test-dir/MiniOzoneClusterImpl-757a471d-dced-4024-b429-b50254f0e88a/datanode-2/data/ratis/e646dcc6-d52e-4547-aea8-406012984dbc/in_use.lock acquired by nodename 21625@pr-hdds-2007-n4wwz-4249666578
2019-09-12 14:02:22,031 [pool-139-thread-1] INFO  storage.RaftStorage (RaftStorage.java:format(72)) - Storage directory /workdir/hadoop-ozone/integration-test/target/test-dir/MiniOzoneClusterImpl-757a471d-dced-4024-b429-b50254f0e88a/datanode-2/data/ratis/e646dcc6-d52e-4547-aea8-406012984dbc has been successfully formatted.
2019-09-12 14:02:22,031 [pool-139-thread-1] INFO  ratis.ContainerStateMachine (ContainerStateMachine.java:loadSnapshot(230)) - group-406012984DBC: The snapshot info is null. Setting the last applied indexto:(t:0, i:~)
2019-09-12 14:02:22,032 [pool-139-thread-1] INFO  server.RaftServerConfigKeys (ConfUtils.java:logGet(43)) - raft.server.notification.no-leader.timeout = 120s (custom)
2019-09-12 14:02:22,032 [pool-139-thread-1] INFO  server.RaftServerConfigKeys (ConfUtils.java:logGet(43)) - raft.server.log.use.memory = false (default)
2019-09-12 14:02:22,032 [pool-139-thread-1] INFO  server.RaftServerConfigKeys (ConfUtils.java:logGet(43)) - raft.server.log.purge.gap = 1000000 (custom)
2019-09-12 14:02:22,032 [pool-139-thread-1] INFO  server.RaftServerConfigKeys (ConfUtils.java:logGet(43)) - raft.server.log.appender.buffer.byte-limit = 33554432 (custom)
2019-09-12 14:02:22,032 [pool-139-thread-1] INFO  server.RaftServerConfigKeys (ConfUtils.java:logGet(43)) - raft.server.log.segment.size.max = 1048576 (custom)
2019-09-12 14:02:22,032 [pool-139-thread-1] INFO  server.RaftServerConfigKeys (ConfUtils.java:logGet(43)) - raft.server.log.segment.cache.num.max = 2 (custom)
2019-09-12 14:02:22,032 [pool-139-thread-1] INFO  segmented.SegmentedRaftLogWorker (SegmentedRaftLogWorker.java:<init>(172)) - new 36804342-642d-43a3-bc09-2523fb137eef@group-406012984DBC-SegmentedRaftLogWorker for RaftStorage:Storage Directory /workdir/hadoop-ozone/integration-test/target/test-dir/MiniOzoneClusterImpl-757a471d-dced-4024-b429-b50254f0e88a/datanode-2/data/ratis/e646dcc6-d52e-4547-aea8-406012984dbc
2019-09-12 14:02:22,034 [pool-139-thread-1] INFO  server.RaftServerConfigKeys (ConfUtils.java:logGet(43)) - raft.server.log.queue.byte-limit = 2147483647 (custom)
2019-09-12 14:02:22,035 [pool-139-thread-1] INFO  server.RaftServerConfigKeys (ConfUtils.java:logGet(43)) - raft.server.log.queue.element-limit = 1024 (custom)
2019-09-12 14:02:22,035 [pool-139-thread-1] INFO  server.RaftServerConfigKeys (ConfUtils.java:logGet(43)) - raft.server.log.segment.size.max = 1048576 (custom)
2019-09-12 14:02:22,035 [pool-139-thread-1] INFO  server.RaftServerConfigKeys (ConfUtils.java:logGet(43)) - raft.server.log.preallocated.size = 16384 (custom)
2019-09-12 14:02:22,035 [pool-139-thread-1] INFO  server.RaftServerConfigKeys (ConfUtils.java:logGet(43)) - raft.server.log.write.buffer.size = 33554432 (custom)
2019-09-12 14:02:22,035 [pool-139-thread-1] INFO  server.RaftServerConfigKeys (ConfUtils.java:logGet(43)) - raft.server.log.force.sync.num = 128 (default)
2019-09-12 14:02:22,035 [pool-139-thread-1] INFO  server.RaftServerConfigKeys (ConfUtils.java:logGet(43)) - raft.server.log.statemachine.data.sync = true (default)
2019-09-12 14:02:22,035 [pool-139-thread-1] INFO  server.RaftServerConfigKeys (ConfUtils.java:logGet(43)) - raft.server.log.statemachine.data.sync.timeout = 10s (default)
2019-09-12 14:02:22,035 [pool-139-thread-1] INFO  server.RaftServerConfigKeys (ConfUtils.java:logGet(43)) - raft.server.log.statemachine.data.sync.timeout.retry = -1 (default)
2019-09-12 14:02:22,036 [pool-139-thread-1] INFO  server.RaftServerConfigKeys (ConfUtils.java:logGet(43)) - raft.server.log.statemachine.data.caching.enabled = true (custom)
2019-09-12 14:02:22,036 [pool-139-thread-1] INFO  segmented.SegmentedRaftLogWorker (SegmentedRaftLogWorker.java:lambda$new$0(132)) - 36804342-642d-43a3-bc09-2523fb137eef@group-406012984DBC-SegmentedRaftLogWorker: flushIndex: setUnconditionally 0 -> -1
2019-09-12 14:02:22,036 [pool-139-thread-1] INFO  server.RaftServerConfigKeys (ConfUtils.java:logGet(43)) - raft.server.snapshot.auto.trigger.enabled = true (custom)
2019-09-12 14:02:22,036 [pool-139-thread-1] INFO  server.RaftServerConfigKeys (ConfUtils.java:logGet(43)) - raft.server.snapshot.auto.trigger.threshold = 10000 (custom)
2019-09-12 14:02:22,036 [pool-139-thread-1] INFO  server.RaftServerConfigKeys (ConfUtils.java:logGet(43)) - raft.server.snapshot.retention.num.files = -1 (default)
2019-09-12 14:02:22,037 [pool-139-thread-1] INFO  server.RaftServerConfigKeys (ConfUtils.java:logGet(43)) - raft.server.retrycache.expirytime = 600000ms (custom)
2019-09-12 14:02:22,039 [pool-139-thread-1] INFO  impl.RaftServerImpl (RaftServerImpl.java:start(185)) - 36804342-642d-43a3-bc09-2523fb137eef@group-406012984DBC: start as a follower, conf=-1: [36804342-642d-43a3-bc09-2523fb137eef:192.168.5.171:46500], old=null
2019-09-12 14:02:22,039 [pool-139-thread-1] INFO  impl.RaftServerImpl (RaftServerImpl.java:setRole(174)) - 36804342-642d-43a3-bc09-2523fb137eef@group-406012984DBC: changes role from      null to FOLLOWER at term 0 for startAsFollower
2019-09-12 14:02:22,039 [pool-139-thread-1] INFO  impl.RoleInfo (RoleInfo.java:updateAndGet(143)) - 36804342-642d-43a3-bc09-2523fb137eef: start FollowerState
2019-09-12 14:02:22,039 [pool-139-thread-1] INFO  util.JmxRegister (JmxRegister.java:tryRegister(44)) - Successfully registered JMX Bean with object name Ratis:service=RaftServer,group=group-406012984DBC,id=36804342-642d-43a3-bc09-2523fb137eef
2019-09-12 14:02:22,042 [RatisPipelineUtilsThread] INFO  pipeline.PipelineStateManager (PipelineStateManager.java:addPipeline(56)) - Created pipeline Pipeline[ Id: e646dcc6-d52e-4547-aea8-406012984dbc, Nodes: 36804342-642d-43a3-bc09-2523fb137eef{ip: 192.168.5.171, host: pr-hdds-2007-n4wwz-4249666578, networkLocation: /default-rack, certSerialId: null}, Type:RATIS, Factor:ONE, State:OPEN]
2019-09-12 14:02:22,053 [grpc-default-executor-3] INFO  impl.RaftServerProxy (RaftServerProxy.java:addNew(89)) - 553a797a-1709-4635-992b-7aee16d4f968: addNew group-1DC2CB89E65C:[36804342-642d-43a3-bc09-2523fb137eef:192.168.5.171:46500, d38e2af0-690e-4b19-a435-4282658122bd:192.168.5.171:37009, 553a797a-1709-4635-992b-7aee16d4f968:192.168.5.171:35459] returns group-1DC2CB89E65C:java.util.concurrent.CompletableFuture@6fbe638d[Not completed]
2019-09-12 14:02:22,053 [grpc-default-executor-2] INFO  impl.RaftServerProxy (RaftServerProxy.java:addNew(89)) - 36804342-642d-43a3-bc09-2523fb137eef: addNew group-1DC2CB89E65C:[36804342-642d-43a3-bc09-2523fb137eef:192.168.5.171:46500, d38e2af0-690e-4b19-a435-4282658122bd:192.168.5.171:37009, 553a797a-1709-4635-992b-7aee16d4f968:192.168.5.171:35459] returns group-1DC2CB89E65C:java.util.concurrent.CompletableFuture@124ef8d1[Not completed]
2019-09-12 14:02:22,054 [grpc-default-executor-0] INFO  impl.RaftServerProxy (RaftServerProxy.java:addNew(89)) - d38e2af0-690e-4b19-a435-4282658122bd: addNew group-1DC2CB89E65C:[36804342-642d-43a3-bc09-2523fb137eef:192.168.5.171:46500, d38e2af0-690e-4b19-a435-4282658122bd:192.168.5.171:37009, 553a797a-1709-4635-992b-7aee16d4f968:192.168.5.171:35459] returns group-1DC2CB89E65C:java.util.concurrent.CompletableFuture@a5ab3b4[Not completed]
2019-09-12 14:02:22,054 [pool-139-thread-1] INFO  impl.RaftServerImpl (RaftServerImpl.java:<init>(95)) - 36804342-642d-43a3-bc09-2523fb137eef: new RaftServerImpl for group-1DC2CB89E65C:[36804342-642d-43a3-bc09-2523fb137eef:192.168.5.171:46500, d38e2af0-690e-4b19-a435-4282658122bd:192.168.5.171:37009, 553a797a-1709-4635-992b-7aee16d4f968:192.168.5.171:35459] with ContainerStateMachine:uninitialized
2019-09-12 14:02:22,055 [pool-139-thread-1] INFO  server.RaftServerConfigKeys (ConfUtils.java:logGet(43)) - raft.server.rpc.timeout.min = 5s (custom)
2019-09-12 14:02:22,055 [pool-139-thread-1] INFO  server.RaftServerConfigKeys (ConfUtils.java:logGet(43)) - raft.server.rpc.timeout.max = 5200ms (custom)
2019-09-12 14:02:22,055 [pool-139-thread-1] INFO  server.RaftServerConfigKeys (ConfUtils.java:logGet(43)) - raft.server.rpcslowness.timeout = 120s (custom)
2019-09-12 14:02:22,055 [pool-139-thread-1] INFO  server.RaftServerConfigKeys (ConfUtils.java:logGet(43)) - raft.server.sleep.deviation.threshold = 300 (default)
2019-09-12 14:02:22,055 [pool-139-thread-1] INFO  server.RaftServerConfigKeys (ConfUtils.java:logGet(43)) - raft.server.log.appender.install.snapshot.enabled = false (custom)
2019-09-12 14:02:22,055 [pool-139-thread-1] INFO  impl.RaftServerImpl (ServerState.java:<init>(103)) - 36804342-642d-43a3-bc09-2523fb137eef@group-1DC2CB89E65C: ConfigurationManager, init=-1: [36804342-642d-43a3-bc09-2523fb137eef:192.168.5.171:46500, d38e2af0-690e-4b19-a435-4282658122bd:192.168.5.171:37009, 553a797a-1709-4635-992b-7aee16d4f968:192.168.5.171:35459], old=null, confs=<EMPTY_MAP>
2019-09-12 14:02:22,055 [pool-129-thread-1] INFO  impl.RaftServerImpl (RaftServerImpl.java:<init>(95)) - d38e2af0-690e-4b19-a435-4282658122bd: new RaftServerImpl for group-1DC2CB89E65C:[36804342-642d-43a3-bc09-2523fb137eef:192.168.5.171:46500, d38e2af0-690e-4b19-a435-4282658122bd:192.168.5.171:37009, 553a797a-1709-4635-992b-7aee16d4f968:192.168.5.171:35459] with ContainerStateMachine:uninitialized
2019-09-12 14:02:22,055 [pool-139-thread-1] INFO  server.RaftServerConfigKeys (ConfUtils.java:logGet(43)) - raft.server.storage.dir = [/workdir/hadoop-ozone/integration-test/target/test-dir/MiniOzoneClusterImpl-757a471d-dced-4024-b429-b50254f0e88a/datanode-2/data/ratis] (custom)
2019-09-12 14:02:22,055 [pool-129-thread-1] INFO  server.RaftServerConfigKeys (ConfUtils.java:logGet(43)) - raft.server.rpc.timeout.min = 5s (custom)
2019-09-12 14:02:22,055 [pool-129-thread-1] INFO  server.RaftServerConfigKeys (ConfUtils.java:logGet(43)) - raft.server.rpc.timeout.max = 5200ms (custom)
2019-09-12 14:02:22,055 [pool-139-thread-1] INFO  storage.RaftStorageDirectory (RaftStorageDirectory.java:analyzeStorage(246)) - The storage directory /workdir/hadoop-ozone/integration-test/target/test-dir/MiniOzoneClusterImpl-757a471d-dced-4024-b429-b50254f0e88a/datanode-2/data/ratis/4c1e65d8-424d-4aa4-96ba-1dc2cb89e65c does not exist. Creating ...
2019-09-12 14:02:22,056 [pool-129-thread-1] INFO  server.RaftServerConfigKeys (ConfUtils.java:logGet(43)) - raft.server.rpcslowness.timeout = 120s (custom)
2019-09-12 14:02:22,056 [pool-129-thread-1] INFO  server.RaftServerConfigKeys (ConfUtils.java:logGet(43)) - raft.server.sleep.deviation.threshold = 300 (default)
2019-09-12 14:02:22,056 [pool-129-thread-1] INFO  server.RaftServerConfigKeys (ConfUtils.java:logGet(43)) - raft.server.log.appender.install.snapshot.enabled = false (custom)
2019-09-12 14:02:22,056 [pool-119-thread-1] INFO  impl.RaftServerImpl (RaftServerImpl.java:<init>(95)) - 553a797a-1709-4635-992b-7aee16d4f968: new RaftServerImpl for group-1DC2CB89E65C:[36804342-642d-43a3-bc09-2523fb137eef:192.168.5.171:46500, d38e2af0-690e-4b19-a435-4282658122bd:192.168.5.171:37009, 553a797a-1709-4635-992b-7aee16d4f968:192.168.5.171:35459] with ContainerStateMachine:uninitialized
2019-09-12 14:02:22,056 [pool-129-thread-1] INFO  impl.RaftServerImpl (ServerState.java:<init>(103)) - d38e2af0-690e-4b19-a435-4282658122bd@group-1DC2CB89E65C: ConfigurationManager, init=-1: [36804342-642d-43a3-bc09-2523fb137eef:192.168.5.171:46500, d38e2af0-690e-4b19-a435-4282658122bd:192.168.5.171:37009, 553a797a-1709-4635-992b-7aee16d4f968:192.168.5.171:35459], old=null, confs=<EMPTY_MAP>
2019-09-12 14:02:22,056 [pool-119-thread-1] INFO  server.RaftServerConfigKeys (ConfUtils.java:logGet(43)) - raft.server.rpc.timeout.min = 5s (custom)
2019-09-12 14:02:22,056 [pool-129-thread-1] INFO  server.RaftServerConfigKeys (ConfUtils.java:logGet(43)) - raft.server.storage.dir = [/workdir/hadoop-ozone/integration-test/target/test-dir/MiniOzoneClusterImpl-757a471d-dced-4024-b429-b50254f0e88a/datanode-1/data/ratis] (custom)
2019-09-12 14:02:22,056 [pool-119-thread-1] INFO  server.RaftServerConfigKeys (ConfUtils.java:logGet(43)) - raft.server.rpc.timeout.max = 5200ms (custom)
2019-09-12 14:02:22,056 [pool-119-thread-1] INFO  server.RaftServerConfigKeys (ConfUtils.java:logGet(43)) - raft.server.rpcslowness.timeout = 120s (custom)
2019-09-12 14:02:22,057 [pool-119-thread-1] INFO  server.RaftServerConfigKeys (ConfUtils.java:logGet(43)) - raft.server.sleep.deviation.threshold = 300 (default)
2019-09-12 14:02:22,057 [pool-129-thread-1] INFO  storage.RaftStorageDirectory (RaftStorageDirectory.java:analyzeStorage(246)) - The storage directory /workdir/hadoop-ozone/integration-test/target/test-dir/MiniOzoneClusterImpl-757a471d-dced-4024-b429-b50254f0e88a/datanode-1/data/ratis/4c1e65d8-424d-4aa4-96ba-1dc2cb89e65c does not exist. Creating ...
2019-09-12 14:02:22,057 [pool-119-thread-1] INFO  server.RaftServerConfigKeys (ConfUtils.java:logGet(43)) - raft.server.log.appender.install.snapshot.enabled = false (custom)
2019-09-12 14:02:22,057 [pool-119-thread-1] INFO  impl.RaftServerImpl (ServerState.java:<init>(103)) - 553a797a-1709-4635-992b-7aee16d4f968@group-1DC2CB89E65C: ConfigurationManager, init=-1: [36804342-642d-43a3-bc09-2523fb137eef:192.168.5.171:46500, d38e2af0-690e-4b19-a435-4282658122bd:192.168.5.171:37009, 553a797a-1709-4635-992b-7aee16d4f968:192.168.5.171:35459], old=null, confs=<EMPTY_MAP>
2019-09-12 14:02:22,057 [pool-119-thread-1] INFO  server.RaftServerConfigKeys (ConfUtils.java:logGet(43)) - raft.server.storage.dir = [/workdir/hadoop-ozone/integration-test/target/test-dir/MiniOzoneClusterImpl-757a471d-dced-4024-b429-b50254f0e88a/datanode-0/data/ratis] (custom)
2019-09-12 14:02:22,058 [pool-119-thread-1] INFO  storage.RaftStorageDirectory (RaftStorageDirectory.java:analyzeStorage(246)) - The storage directory /workdir/hadoop-ozone/integration-test/target/test-dir/MiniOzoneClusterImpl-757a471d-dced-4024-b429-b50254f0e88a/datanode-0/data/ratis/4c1e65d8-424d-4aa4-96ba-1dc2cb89e65c does not exist. Creating ...
2019-09-12 14:02:22,063 [IPC Server handler 2 on 35439] INFO  net.NetworkTopology (NetworkTopologyImpl.java:add(110)) - Added a new node: /default-rack/a8b5f9ad-518b-4332-873e-ffb82f46a5c1
2019-09-12 14:02:22,063 [IPC Server handler 2 on 35439] INFO  node.SCMNodeManager (SCMNodeManager.java:register(266)) - Registered Data node : a8b5f9ad-518b-4332-873e-ffb82f46a5c1{ip: 192.168.5.171, host: pr-hdds-2007-n4wwz-4249666578, networkLocation: /default-rack, certSerialId: null}
2019-09-12 14:02:22,068 [pool-139-thread-1] INFO  storage.RaftStorageDirectory (RaftStorageDirectory.java:tryLock(328)) - Lock on /workdir/hadoop-ozone/integration-test/target/test-dir/MiniOzoneClusterImpl-757a471d-dced-4024-b429-b50254f0e88a/datanode-2/data/ratis/4c1e65d8-424d-4aa4-96ba-1dc2cb89e65c/in_use.lock acquired by nodename 21625@pr-hdds-2007-n4wwz-4249666578
2019-09-12 14:02:22,068 [pool-129-thread-1] INFO  storage.RaftStorageDirectory (RaftStorageDirectory.java:tryLock(328)) - Lock on /workdir/hadoop-ozone/integration-test/target/test-dir/MiniOzoneClusterImpl-757a471d-dced-4024-b429-b50254f0e88a/datanode-1/data/ratis/4c1e65d8-424d-4aa4-96ba-1dc2cb89e65c/in_use.lock acquired by nodename 21625@pr-hdds-2007-n4wwz-4249666578
2019-09-12 14:02:22,068 [pool-119-thread-1] INFO  storage.RaftStorageDirectory (RaftStorageDirectory.java:tryLock(328)) - Lock on /workdir/hadoop-ozone/integration-test/target/test-dir/MiniOzoneClusterImpl-757a471d-dced-4024-b429-b50254f0e88a/datanode-0/data/ratis/4c1e65d8-424d-4aa4-96ba-1dc2cb89e65c/in_use.lock acquired by nodename 21625@pr-hdds-2007-n4wwz-4249666578
2019-09-12 14:02:22,081 [pool-119-thread-1] INFO  storage.RaftStorage (RaftStorage.java:format(72)) - Storage directory /workdir/hadoop-ozone/integration-test/target/test-dir/MiniOzoneClusterImpl-757a471d-dced-4024-b429-b50254f0e88a/datanode-0/data/ratis/4c1e65d8-424d-4aa4-96ba-1dc2cb89e65c has been successfully formatted.
2019-09-12 14:02:22,081 [pool-139-thread-1] INFO  storage.RaftStorage (RaftStorage.java:format(72)) - Storage directory /workdir/hadoop-ozone/integration-test/target/test-dir/MiniOzoneClusterImpl-757a471d-dced-4024-b429-b50254f0e88a/datanode-2/data/ratis/4c1e65d8-424d-4aa4-96ba-1dc2cb89e65c has been successfully formatted.
2019-09-12 14:02:22,081 [pool-129-thread-1] INFO  storage.RaftStorage (RaftStorage.java:format(72)) - Storage directory /workdir/hadoop-ozone/integration-test/target/test-dir/MiniOzoneClusterImpl-757a471d-dced-4024-b429-b50254f0e88a/datanode-1/data/ratis/4c1e65d8-424d-4aa4-96ba-1dc2cb89e65c has been successfully formatted.
2019-09-12 14:02:22,081 [pool-119-thread-1] INFO  ratis.ContainerStateMachine (ContainerStateMachine.java:loadSnapshot(230)) - group-1DC2CB89E65C: The snapshot info is null. Setting the last applied indexto:(t:0, i:~)
2019-09-12 14:02:22,081 [pool-139-thread-1] INFO  ratis.ContainerStateMachine (ContainerStateMachine.java:loadSnapshot(230)) - group-1DC2CB89E65C: The snapshot info is null. Setting the last applied indexto:(t:0, i:~)
2019-09-12 14:02:22,081 [pool-129-thread-1] INFO  ratis.ContainerStateMachine (ContainerStateMachine.java:loadSnapshot(230)) - group-1DC2CB89E65C: The snapshot info is null. Setting the last applied indexto:(t:0, i:~)
2019-09-12 14:02:22,081 [pool-119-thread-1] INFO  server.RaftServerConfigKeys (ConfUtils.java:logGet(43)) - raft.server.notification.no-leader.timeout = 120s (custom)
2019-09-12 14:02:22,081 [pool-129-thread-1] INFO  server.RaftServerConfigKeys (ConfUtils.java:logGet(43)) - raft.server.notification.no-leader.timeout = 120s (custom)
2019-09-12 14:02:22,081 [pool-139-thread-1] INFO  server.RaftServerConfigKeys (ConfUtils.java:logGet(43)) - raft.server.notification.no-leader.timeout = 120s (custom)
2019-09-12 14:02:22,082 [pool-129-thread-1] INFO  server.RaftServerConfigKeys (ConfUtils.java:logGet(43)) - raft.server.log.use.memory = false (default)
2019-09-12 14:02:22,081 [pool-119-thread-1] INFO  server.RaftServerConfigKeys (ConfUtils.java:logGet(43)) - raft.server.log.use.memory = false (default)
2019-09-12 14:02:22,082 [pool-129-thread-1] INFO  server.RaftServerConfigKeys (ConfUtils.java:logGet(43)) - raft.server.log.purge.gap = 1000000 (custom)
2019-09-12 14:02:22,082 [pool-139-thread-1] INFO  server.RaftServerConfigKeys (ConfUtils.java:logGet(43)) - raft.server.log.use.memory = false (default)
2019-09-12 14:02:22,082 [pool-129-thread-1] INFO  server.RaftServerConfigKeys (ConfUtils.java:logGet(43)) - raft.server.log.appender.buffer.byte-limit = 33554432 (custom)
2019-09-12 14:02:22,082 [pool-119-thread-1] INFO  server.RaftServerConfigKeys (ConfUtils.java:logGet(43)) - raft.server.log.purge.gap = 1000000 (custom)
2019-09-12 14:02:22,082 [pool-129-thread-1] INFO  server.RaftServerConfigKeys (ConfUtils.java:logGet(43)) - raft.server.log.segment.size.max = 1048576 (custom)
2019-09-12 14:02:22,082 [pool-139-thread-1] INFO  server.RaftServerConfigKeys (ConfUtils.java:logGet(43)) - raft.server.log.purge.gap = 1000000 (custom)
2019-09-12 14:02:22,082 [pool-129-thread-1] INFO  server.RaftServerConfigKeys (ConfUtils.java:logGet(43)) - raft.server.log.segment.cache.num.max = 2 (custom)
2019-09-12 14:02:22,082 [pool-119-thread-1] INFO  server.RaftServerConfigKeys (ConfUtils.java:logGet(43)) - raft.server.log.appender.buffer.byte-limit = 33554432 (custom)
2019-09-12 14:02:22,083 [pool-129-thread-1] INFO  segmented.SegmentedRaftLogWorker (SegmentedRaftLogWorker.java:<init>(172)) - new d38e2af0-690e-4b19-a435-4282658122bd@group-1DC2CB89E65C-SegmentedRaftLogWorker for RaftStorage:Storage Directory /workdir/hadoop-ozone/integration-test/target/test-dir/MiniOzoneClusterImpl-757a471d-dced-4024-b429-b50254f0e88a/datanode-1/data/ratis/4c1e65d8-424d-4aa4-96ba-1dc2cb89e65c
2019-09-12 14:02:22,083 [pool-139-thread-1] INFO  server.RaftServerConfigKeys (ConfUtils.java:logGet(43)) - raft.server.log.appender.buffer.byte-limit = 33554432 (custom)
2019-09-12 14:02:22,083 [pool-129-thread-1] INFO  server.RaftServerConfigKeys (ConfUtils.java:logGet(43)) - raft.server.log.queue.byte-limit = 2147483647 (custom)
2019-09-12 14:02:22,083 [pool-119-thread-1] INFO  server.RaftServerConfigKeys (ConfUtils.java:logGet(43)) - raft.server.log.segment.size.max = 1048576 (custom)
2019-09-12 14:02:22,083 [pool-129-thread-1] INFO  server.RaftServerConfigKeys (ConfUtils.java:logGet(43)) - raft.server.log.queue.element-limit = 1024 (custom)
2019-09-12 14:02:22,083 [pool-139-thread-1] INFO  server.RaftServerConfigKeys (ConfUtils.java:logGet(43)) - raft.server.log.segment.size.max = 1048576 (custom)
2019-09-12 14:02:22,083 [pool-129-thread-1] INFO  server.RaftServerConfigKeys (ConfUtils.java:logGet(43)) - raft.server.log.segment.size.max = 1048576 (custom)
2019-09-12 14:02:22,083 [pool-119-thread-1] INFO  server.RaftServerConfigKeys (ConfUtils.java:logGet(43)) - raft.server.log.segment.cache.num.max = 2 (custom)
2019-09-12 14:02:22,083 [pool-129-thread-1] INFO  server.RaftServerConfigKeys (ConfUtils.java:logGet(43)) - raft.server.log.preallocated.size = 16384 (custom)
2019-09-12 14:02:22,083 [pool-139-thread-1] INFO  server.RaftServerConfigKeys (ConfUtils.java:logGet(43)) - raft.server.log.segment.cache.num.max = 2 (custom)
2019-09-12 14:02:22,084 [pool-129-thread-1] INFO  server.RaftServerConfigKeys (ConfUtils.java:logGet(43)) - raft.server.log.write.buffer.size = 33554432 (custom)
2019-09-12 14:02:22,084 [pool-119-thread-1] INFO  segmented.SegmentedRaftLogWorker (SegmentedRaftLogWorker.java:<init>(172)) - new 553a797a-1709-4635-992b-7aee16d4f968@group-1DC2CB89E65C-SegmentedRaftLogWorker for RaftStorage:Storage Directory /workdir/hadoop-ozone/integration-test/target/test-dir/MiniOzoneClusterImpl-757a471d-dced-4024-b429-b50254f0e88a/datanode-0/data/ratis/4c1e65d8-424d-4aa4-96ba-1dc2cb89e65c
2019-09-12 14:02:22,084 [pool-129-thread-1] INFO  server.RaftServerConfigKeys (ConfUtils.java:logGet(43)) - raft.server.log.force.sync.num = 128 (default)
2019-09-12 14:02:22,084 [pool-139-thread-1] INFO  segmented.SegmentedRaftLogWorker (SegmentedRaftLogWorker.java:<init>(172)) - new 36804342-642d-43a3-bc09-2523fb137eef@group-1DC2CB89E65C-SegmentedRaftLogWorker for RaftStorage:Storage Directory /workdir/hadoop-ozone/integration-test/target/test-dir/MiniOzoneClusterImpl-757a471d-dced-4024-b429-b50254f0e88a/datanode-2/data/ratis/4c1e65d8-424d-4aa4-96ba-1dc2cb89e65c
2019-09-12 14:02:22,084 [pool-129-thread-1] INFO  server.RaftServerConfigKeys (ConfUtils.java:logGet(43)) - raft.server.log.statemachine.data.sync = true (default)
2019-09-12 14:02:22,084 [pool-119-thread-1] INFO  server.RaftServerConfigKeys (ConfUtils.java:logGet(43)) - raft.server.log.queue.byte-limit = 2147483647 (custom)
2019-09-12 14:02:22,084 [pool-129-thread-1] INFO  server.RaftServerConfigKeys (ConfUtils.java:logGet(43)) - raft.server.log.statemachine.data.sync.timeout = 10s (default)
2019-09-12 14:02:22,084 [pool-139-thread-1] INFO  server.RaftServerConfigKeys (ConfUtils.java:logGet(43)) - raft.server.log.queue.byte-limit = 2147483647 (custom)
2019-09-12 14:02:22,084 [pool-129-thread-1] INFO  server.RaftServerConfigKeys (ConfUtils.java:logGet(43)) - raft.server.log.statemachine.data.sync.timeout.retry = -1 (default)
2019-09-12 14:02:22,084 [pool-119-thread-1] INFO  server.RaftServerConfigKeys (ConfUtils.java:logGet(43)) - raft.server.log.queue.element-limit = 1024 (custom)
2019-09-12 14:02:22,085 [pool-129-thread-1] INFO  server.RaftServerConfigKeys (ConfUtils.java:logGet(43)) - raft.server.log.statemachine.data.caching.enabled = true (custom)
2019-09-12 14:02:22,085 [pool-139-thread-1] INFO  server.RaftServerConfigKeys (ConfUtils.java:logGet(43)) - raft.server.log.queue.element-limit = 1024 (custom)
2019-09-12 14:02:22,085 [pool-119-thread-1] INFO  server.RaftServerConfigKeys (ConfUtils.java:logGet(43)) - raft.server.log.segment.size.max = 1048576 (custom)
2019-09-12 14:02:22,085 [pool-129-thread-1] INFO  segmented.SegmentedRaftLogWorker (SegmentedRaftLogWorker.java:lambda$new$0(132)) - d38e2af0-690e-4b19-a435-4282658122bd@group-1DC2CB89E65C-SegmentedRaftLogWorker: flushIndex: setUnconditionally 0 -> -1
2019-09-12 14:02:22,085 [pool-139-thread-1] INFO  server.RaftServerConfigKeys (ConfUtils.java:logGet(43)) - raft.server.log.segment.size.max = 1048576 (custom)
2019-09-12 14:02:22,085 [pool-119-thread-1] INFO  server.RaftServerConfigKeys (ConfUtils.java:logGet(43)) - raft.server.log.preallocated.size = 16384 (custom)
2019-09-12 14:02:22,085 [pool-139-thread-1] INFO  server.RaftServerConfigKeys (ConfUtils.java:logGet(43)) - raft.server.log.preallocated.size = 16384 (custom)
2019-09-12 14:02:22,085 [pool-129-thread-1] INFO  server.RaftServerConfigKeys (ConfUtils.java:logGet(43)) - raft.server.snapshot.auto.trigger.enabled = true (custom)
2019-09-12 14:02:22,086 [pool-139-thread-1] INFO  server.RaftServerConfigKeys (ConfUtils.java:logGet(43)) - raft.server.log.write.buffer.size = 33554432 (custom)
2019-09-12 14:02:22,085 [pool-119-thread-1] INFO  server.RaftServerConfigKeys (ConfUtils.java:logGet(43)) - raft.server.log.write.buffer.size = 33554432 (custom)
2019-09-12 14:02:22,086 [pool-139-thread-1] INFO  server.RaftServerConfigKeys (ConfUtils.java:logGet(43)) - raft.server.log.force.sync.num = 128 (default)
2019-09-12 14:02:22,086 [pool-129-thread-1] INFO  server.RaftServerConfigKeys (ConfUtils.java:logGet(43)) - raft.server.snapshot.auto.trigger.threshold = 10000 (custom)
2019-09-12 14:02:22,086 [pool-139-thread-1] INFO  server.RaftServerConfigKeys (ConfUtils.java:logGet(43)) - raft.server.log.statemachine.data.sync = true (default)
2019-09-12 14:02:22,086 [pool-119-thread-1] INFO  server.RaftServerConfigKeys (ConfUtils.java:logGet(43)) - raft.server.log.force.sync.num = 128 (default)
2019-09-12 14:02:22,086 [pool-139-thread-1] INFO  server.RaftServerConfigKeys (ConfUtils.java:logGet(43)) - raft.server.log.statemachine.data.sync.timeout = 10s (default)
2019-09-12 14:02:22,086 [pool-129-thread-1] INFO  server.RaftServerConfigKeys (ConfUtils.java:logGet(43)) - raft.server.snapshot.retention.num.files = -1 (default)
2019-09-12 14:02:22,087 [pool-139-thread-1] INFO  server.RaftServerConfigKeys (ConfUtils.java:logGet(43)) - raft.server.log.statemachine.data.sync.timeout.retry = -1 (default)
2019-09-12 14:02:22,086 [pool-119-thread-1] INFO  server.RaftServerConfigKeys (ConfUtils.java:logGet(43)) - raft.server.log.statemachine.data.sync = true (default)
2019-09-12 14:02:22,087 [pool-139-thread-1] INFO  server.RaftServerConfigKeys (ConfUtils.java:logGet(43)) - raft.server.log.statemachine.data.caching.enabled = true (custom)
2019-09-12 14:02:22,087 [pool-129-thread-1] INFO  server.RaftServerConfigKeys (ConfUtils.java:logGet(43)) - raft.server.retrycache.expirytime = 600000ms (custom)
2019-09-12 14:02:22,087 [pool-119-thread-1] INFO  server.RaftServerConfigKeys (ConfUtils.java:logGet(43)) - raft.server.log.statemachine.data.sync.timeout = 10s (default)
2019-09-12 14:02:22,087 [pool-139-thread-1] INFO  segmented.SegmentedRaftLogWorker (SegmentedRaftLogWorker.java:lambda$new$0(132)) - 36804342-642d-43a3-bc09-2523fb137eef@group-1DC2CB89E65C-SegmentedRaftLogWorker: flushIndex: setUnconditionally 0 -> -1
2019-09-12 14:02:22,087 [pool-119-thread-1] INFO  server.RaftServerConfigKeys (ConfUtils.java:logGet(43)) - raft.server.log.statemachine.data.sync.timeout.retry = -1 (default)
2019-09-12 14:02:22,087 [pool-119-thread-1] INFO  server.RaftServerConfigKeys (ConfUtils.java:logGet(43)) - raft.server.log.statemachine.data.caching.enabled = true (custom)
2019-09-12 14:02:22,088 [pool-139-thread-1] INFO  server.RaftServerConfigKeys (ConfUtils.java:logGet(43)) - raft.server.snapshot.auto.trigger.enabled = true (custom)
2019-09-12 14:02:22,088 [pool-119-thread-1] INFO  segmented.SegmentedRaftLogWorker (SegmentedRaftLogWorker.java:lambda$new$0(132)) - 553a797a-1709-4635-992b-7aee16d4f968@group-1DC2CB89E65C-SegmentedRaftLogWorker: flushIndex: setUnconditionally 0 -> -1
2019-09-12 14:02:22,088 [pool-139-thread-1] INFO  server.RaftServerConfigKeys (ConfUtils.java:logGet(43)) - raft.server.snapshot.auto.trigger.threshold = 10000 (custom)
2019-09-12 14:02:22,088 [pool-139-thread-1] INFO  server.RaftServerConfigKeys (ConfUtils.java:logGet(43)) - raft.server.snapshot.retention.num.files = -1 (default)
2019-09-12 14:02:22,088 [pool-119-thread-1] INFO  server.RaftServerConfigKeys (ConfUtils.java:logGet(43)) - raft.server.snapshot.auto.trigger.enabled = true (custom)
2019-09-12 14:02:22,088 [pool-139-thread-1] INFO  server.RaftServerConfigKeys (ConfUtils.java:logGet(43)) - raft.server.retrycache.expirytime = 600000ms (custom)
2019-09-12 14:02:22,088 [pool-119-thread-1] INFO  server.RaftServerConfigKeys (ConfUtils.java:logGet(43)) - raft.server.snapshot.auto.trigger.threshold = 10000 (custom)
2019-09-12 14:02:22,088 [pool-119-thread-1] INFO  server.RaftServerConfigKeys (ConfUtils.java:logGet(43)) - raft.server.snapshot.retention.num.files = -1 (default)
2019-09-12 14:02:22,088 [pool-119-thread-1] INFO  server.RaftServerConfigKeys (ConfUtils.java:logGet(43)) - raft.server.retrycache.expirytime = 600000ms (custom)
2019-09-12 14:02:22,089 [pool-129-thread-1] INFO  impl.RaftServerImpl (RaftServerImpl.java:start(185)) - d38e2af0-690e-4b19-a435-4282658122bd@group-1DC2CB89E65C: start as a follower, conf=-1: [36804342-642d-43a3-bc09-2523fb137eef:192.168.5.171:46500, d38e2af0-690e-4b19-a435-4282658122bd:192.168.5.171:37009, 553a797a-1709-4635-992b-7aee16d4f968:192.168.5.171:35459], old=null
2019-09-12 14:02:22,089 [pool-129-thread-1] INFO  impl.RaftServerImpl (RaftServerImpl.java:setRole(174)) - d38e2af0-690e-4b19-a435-4282658122bd@group-1DC2CB89E65C: changes role from      null to FOLLOWER at term 0 for startAsFollower
2019-09-12 14:02:22,089 [pool-129-thread-1] INFO  impl.RoleInfo (RoleInfo.java:updateAndGet(143)) - d38e2af0-690e-4b19-a435-4282658122bd: start FollowerState
2019-09-12 14:02:22,101 [pool-129-thread-1] INFO  util.JmxRegister (JmxRegister.java:tryRegister(44)) - Successfully registered JMX Bean with object name Ratis:service=RaftServer,group=group-1DC2CB89E65C,id=d38e2af0-690e-4b19-a435-4282658122bd
2019-09-12 14:02:22,108 [pool-119-thread-1] INFO  impl.RaftServerImpl (RaftServerImpl.java:start(185)) - 553a797a-1709-4635-992b-7aee16d4f968@group-1DC2CB89E65C: start as a follower, conf=-1: [36804342-642d-43a3-bc09-2523fb137eef:192.168.5.171:46500, d38e2af0-690e-4b19-a435-4282658122bd:192.168.5.171:37009, 553a797a-1709-4635-992b-7aee16d4f968:192.168.5.171:35459], old=null
2019-09-12 14:02:22,108 [pool-139-thread-1] INFO  impl.RaftServerImpl (RaftServerImpl.java:start(185)) - 36804342-642d-43a3-bc09-2523fb137eef@group-1DC2CB89E65C: start as a follower, conf=-1: [36804342-642d-43a3-bc09-2523fb137eef:192.168.5.171:46500, d38e2af0-690e-4b19-a435-4282658122bd:192.168.5.171:37009, 553a797a-1709-4635-992b-7aee16d4f968:192.168.5.171:35459], old=null
2019-09-12 14:02:22,108 [pool-119-thread-1] INFO  impl.RaftServerImpl (RaftServerImpl.java:setRole(174)) - 553a797a-1709-4635-992b-7aee16d4f968@group-1DC2CB89E65C: changes role from      null to FOLLOWER at term 0 for startAsFollower
2019-09-12 14:02:22,108 [pool-139-thread-1] INFO  impl.RaftServerImpl (RaftServerImpl.java:setRole(174)) - 36804342-642d-43a3-bc09-2523fb137eef@group-1DC2CB89E65C: changes role from      null to FOLLOWER at term 0 for startAsFollower
2019-09-12 14:02:22,108 [pool-119-thread-1] INFO  impl.RoleInfo (RoleInfo.java:updateAndGet(143)) - 553a797a-1709-4635-992b-7aee16d4f968: start FollowerState
2019-09-12 14:02:22,108 [pool-139-thread-1] INFO  impl.RoleInfo (RoleInfo.java:updateAndGet(143)) - 36804342-642d-43a3-bc09-2523fb137eef: start FollowerState
2019-09-12 14:02:22,108 [pool-119-thread-1] INFO  util.JmxRegister (JmxRegister.java:tryRegister(44)) - Successfully registered JMX Bean with object name Ratis:service=RaftServer,group=group-1DC2CB89E65C,id=553a797a-1709-4635-992b-7aee16d4f968
2019-09-12 14:02:22,109 [pool-139-thread-1] INFO  util.JmxRegister (JmxRegister.java:tryRegister(44)) - Successfully registered JMX Bean with object name Ratis:service=RaftServer,group=group-1DC2CB89E65C,id=36804342-642d-43a3-bc09-2523fb137eef
2019-09-12 14:02:22,112 [RatisPipelineUtilsThread] INFO  pipeline.PipelineStateManager (PipelineStateManager.java:addPipeline(56)) - Created pipeline Pipeline[ Id: 4c1e65d8-424d-4aa4-96ba-1dc2cb89e65c, Nodes: d38e2af0-690e-4b19-a435-4282658122bd{ip: 192.168.5.171, host: pr-hdds-2007-n4wwz-4249666578, networkLocation: /default-rack, certSerialId: null}553a797a-1709-4635-992b-7aee16d4f968{ip: 192.168.5.171, host: pr-hdds-2007-n4wwz-4249666578, networkLocation: /default-rack, certSerialId: null}36804342-642d-43a3-bc09-2523fb137eef{ip: 192.168.5.171, host: pr-hdds-2007-n4wwz-4249666578, networkLocation: /default-rack, certSerialId: null}, Type:RATIS, Factor:THREE, State:OPEN]
2019-09-12 14:02:22,119 [grpc-default-executor-0] INFO  impl.RaftServerProxy (RaftServerProxy.java:addNew(89)) - a8b5f9ad-518b-4332-873e-ffb82f46a5c1: addNew group-4333011B3AF4:[a8b5f9ad-518b-4332-873e-ffb82f46a5c1:192.168.5.171:37608] returns group-4333011B3AF4:java.util.concurrent.CompletableFuture@744de940[Not completed]
2019-09-12 14:02:22,123 [pool-149-thread-1] INFO  impl.RaftServerImpl (RaftServerImpl.java:<init>(95)) - a8b5f9ad-518b-4332-873e-ffb82f46a5c1: new RaftServerImpl for group-4333011B3AF4:[a8b5f9ad-518b-4332-873e-ffb82f46a5c1:192.168.5.171:37608] with ContainerStateMachine:uninitialized
2019-09-12 14:02:22,124 [pool-149-thread-1] INFO  server.RaftServerConfigKeys (ConfUtils.java:logGet(43)) - raft.server.rpc.timeout.min = 5s (custom)
2019-09-12 14:02:22,124 [pool-149-thread-1] INFO  server.RaftServerConfigKeys (ConfUtils.java:logGet(43)) - raft.server.rpc.timeout.max = 5200ms (custom)
2019-09-12 14:02:22,124 [pool-149-thread-1] INFO  server.RaftServerConfigKeys (ConfUtils.java:logGet(43)) - raft.server.rpcslowness.timeout = 120s (custom)
2019-09-12 14:02:22,124 [pool-149-thread-1] INFO  server.RaftServerConfigKeys (ConfUtils.java:logGet(43)) - raft.server.sleep.deviation.threshold = 300 (default)
2019-09-12 14:02:22,125 [pool-149-thread-1] INFO  server.RaftServerConfigKeys (ConfUtils.java:logGet(43)) - raft.server.log.appender.install.snapshot.enabled = false (custom)
2019-09-12 14:02:22,125 [pool-149-thread-1] INFO  impl.RaftServerImpl (ServerState.java:<init>(103)) - a8b5f9ad-518b-4332-873e-ffb82f46a5c1@group-4333011B3AF4: ConfigurationManager, init=-1: [a8b5f9ad-518b-4332-873e-ffb82f46a5c1:192.168.5.171:37608], old=null, confs=<EMPTY_MAP>
2019-09-12 14:02:22,125 [pool-149-thread-1] INFO  server.RaftServerConfigKeys (ConfUtils.java:logGet(43)) - raft.server.storage.dir = [/workdir/hadoop-ozone/integration-test/target/test-dir/MiniOzoneClusterImpl-757a471d-dced-4024-b429-b50254f0e88a/datanode-3/data/ratis] (custom)
2019-09-12 14:02:22,125 [pool-149-thread-1] INFO  storage.RaftStorageDirectory (RaftStorageDirectory.java:analyzeStorage(246)) - The storage directory /workdir/hadoop-ozone/integration-test/target/test-dir/MiniOzoneClusterImpl-757a471d-dced-4024-b429-b50254f0e88a/datanode-3/data/ratis/1f4dce76-5180-4c37-a208-4333011b3af4 does not exist. Creating ...
2019-09-12 14:02:22,135 [IPC Server handler 0 on 35439] INFO  net.NetworkTopology (NetworkTopologyImpl.java:add(110)) - Added a new node: /default-rack/1ea668f3-db9c-4d31-a34d-8fd854f35d67
2019-09-12 14:02:22,135 [IPC Server handler 0 on 35439] INFO  node.SCMNodeManager (SCMNodeManager.java:register(266)) - Registered Data node : 1ea668f3-db9c-4d31-a34d-8fd854f35d67{ip: 192.168.5.171, host: pr-hdds-2007-n4wwz-4249666578, networkLocation: /default-rack, certSerialId: null}
2019-09-12 14:02:22,139 [pool-149-thread-1] INFO  storage.RaftStorageDirectory (RaftStorageDirectory.java:tryLock(328)) - Lock on /workdir/hadoop-ozone/integration-test/target/test-dir/MiniOzoneClusterImpl-757a471d-dced-4024-b429-b50254f0e88a/datanode-3/data/ratis/1f4dce76-5180-4c37-a208-4333011b3af4/in_use.lock acquired by nodename 21625@pr-hdds-2007-n4wwz-4249666578
2019-09-12 14:02:22,151 [pool-149-thread-1] INFO  storage.RaftStorage (RaftStorage.java:format(72)) - Storage directory /workdir/hadoop-ozone/integration-test/target/test-dir/MiniOzoneClusterImpl-757a471d-dced-4024-b429-b50254f0e88a/datanode-3/data/ratis/1f4dce76-5180-4c37-a208-4333011b3af4 has been successfully formatted.
2019-09-12 14:02:22,151 [pool-149-thread-1] INFO  ratis.ContainerStateMachine (ContainerStateMachine.java:loadSnapshot(230)) - group-4333011B3AF4: The snapshot info is null. Setting the last applied indexto:(t:0, i:~)
2019-09-12 14:02:22,152 [pool-149-thread-1] INFO  server.RaftServerConfigKeys (ConfUtils.java:logGet(43)) - raft.server.notification.no-leader.timeout = 120s (custom)
2019-09-12 14:02:22,152 [pool-149-thread-1] INFO  server.RaftServerConfigKeys (ConfUtils.java:logGet(43)) - raft.server.log.use.memory = false (default)
2019-09-12 14:02:22,152 [pool-149-thread-1] INFO  server.RaftServerConfigKeys (ConfUtils.java:logGet(43)) - raft.server.log.purge.gap = 1000000 (custom)
2019-09-12 14:02:22,152 [pool-149-thread-1] INFO  server.RaftServerConfigKeys (ConfUtils.java:logGet(43)) - raft.server.log.appender.buffer.byte-limit = 33554432 (custom)
2019-09-12 14:02:22,152 [pool-149-thread-1] INFO  server.RaftServerConfigKeys (ConfUtils.java:logGet(43)) - raft.server.log.segment.size.max = 1048576 (custom)
2019-09-12 14:02:22,152 [pool-149-thread-1] INFO  server.RaftServerConfigKeys (ConfUtils.java:logGet(43)) - raft.server.log.segment.cache.num.max = 2 (custom)
2019-09-12 14:02:22,152 [pool-149-thread-1] INFO  segmented.SegmentedRaftLogWorker (SegmentedRaftLogWorker.java:<init>(172)) - new a8b5f9ad-518b-4332-873e-ffb82f46a5c1@group-4333011B3AF4-SegmentedRaftLogWorker for RaftStorage:Storage Directory /workdir/hadoop-ozone/integration-test/target/test-dir/MiniOzoneClusterImpl-757a471d-dced-4024-b429-b50254f0e88a/datanode-3/data/ratis/1f4dce76-5180-4c37-a208-4333011b3af4
2019-09-12 14:02:22,156 [pool-149-thread-1] INFO  server.RaftServerConfigKeys (ConfUtils.java:logGet(43)) - raft.server.log.queue.byte-limit = 2147483647 (custom)
2019-09-12 14:02:22,156 [pool-149-thread-1] INFO  server.RaftServerConfigKeys (ConfUtils.java:logGet(43)) - raft.server.log.queue.element-limit = 1024 (custom)
2019-09-12 14:02:22,157 [pool-149-thread-1] INFO  server.RaftServerConfigKeys (ConfUtils.java:logGet(43)) - raft.server.log.segment.size.max = 1048576 (custom)
2019-09-12 14:02:22,157 [pool-149-thread-1] INFO  server.RaftServerConfigKeys (ConfUtils.java:logGet(43)) - raft.server.log.preallocated.size = 16384 (custom)
2019-09-12 14:02:22,157 [pool-149-thread-1] INFO  server.RaftServerConfigKeys (ConfUtils.java:logGet(43)) - raft.server.log.write.buffer.size = 33554432 (custom)
2019-09-12 14:02:22,157 [pool-149-thread-1] INFO  server.RaftServerConfigKeys (ConfUtils.java:logGet(43)) - raft.server.log.force.sync.num = 128 (default)
2019-09-12 14:02:22,157 [pool-149-thread-1] INFO  server.RaftServerConfigKeys (ConfUtils.java:logGet(43)) - raft.server.log.statemachine.data.sync = true (default)
2019-09-12 14:02:22,157 [pool-149-thread-1] INFO  server.RaftServerConfigKeys (ConfUtils.java:logGet(43)) - raft.server.log.statemachine.data.sync.timeout = 10s (default)
2019-09-12 14:02:22,157 [pool-149-thread-1] INFO  server.RaftServerConfigKeys (ConfUtils.java:logGet(43)) - raft.server.log.statemachine.data.sync.timeout.retry = -1 (default)
2019-09-12 14:02:22,158 [pool-149-thread-1] INFO  server.RaftServerConfigKeys (ConfUtils.java:logGet(43)) - raft.server.log.statemachine.data.caching.enabled = true (custom)
2019-09-12 14:02:22,158 [pool-149-thread-1] INFO  segmented.SegmentedRaftLogWorker (SegmentedRaftLogWorker.java:lambda$new$0(132)) - a8b5f9ad-518b-4332-873e-ffb82f46a5c1@group-4333011B3AF4-SegmentedRaftLogWorker: flushIndex: setUnconditionally 0 -> -1
2019-09-12 14:02:22,158 [pool-149-thread-1] INFO  server.RaftServerConfigKeys (ConfUtils.java:logGet(43)) - raft.server.snapshot.auto.trigger.enabled = true (custom)
2019-09-12 14:02:22,159 [pool-149-thread-1] INFO  server.RaftServerConfigKeys (ConfUtils.java:logGet(43)) - raft.server.snapshot.auto.trigger.threshold = 10000 (custom)
2019-09-12 14:02:22,159 [pool-149-thread-1] INFO  server.RaftServerConfigKeys (ConfUtils.java:logGet(43)) - raft.server.snapshot.retention.num.files = -1 (default)
2019-09-12 14:02:22,159 [pool-149-thread-1] INFO  server.RaftServerConfigKeys (ConfUtils.java:logGet(43)) - raft.server.retrycache.expirytime = 600000ms (custom)
2019-09-12 14:02:22,161 [pool-149-thread-1] INFO  impl.RaftServerImpl (RaftServerImpl.java:start(185)) - a8b5f9ad-518b-4332-873e-ffb82f46a5c1@group-4333011B3AF4: start as a follower, conf=-1: [a8b5f9ad-518b-4332-873e-ffb82f46a5c1:192.168.5.171:37608], old=null
2019-09-12 14:02:22,161 [pool-149-thread-1] INFO  impl.RaftServerImpl (RaftServerImpl.java:setRole(174)) - a8b5f9ad-518b-4332-873e-ffb82f46a5c1@group-4333011B3AF4: changes role from      null to FOLLOWER at term 0 for startAsFollower
2019-09-12 14:02:22,161 [pool-149-thread-1] INFO  impl.RoleInfo (RoleInfo.java:updateAndGet(143)) - a8b5f9ad-518b-4332-873e-ffb82f46a5c1: start FollowerState
2019-09-12 14:02:22,162 [pool-149-thread-1] INFO  util.JmxRegister (JmxRegister.java:tryRegister(44)) - Successfully registered JMX Bean with object name Ratis:service=RaftServer,group=group-4333011B3AF4,id=a8b5f9ad-518b-4332-873e-ffb82f46a5c1
2019-09-12 14:02:22,165 [RatisPipelineUtilsThread] INFO  pipeline.PipelineStateManager (PipelineStateManager.java:addPipeline(56)) - Created pipeline Pipeline[ Id: 1f4dce76-5180-4c37-a208-4333011b3af4, Nodes: a8b5f9ad-518b-4332-873e-ffb82f46a5c1{ip: 192.168.5.171, host: pr-hdds-2007-n4wwz-4249666578, networkLocation: /default-rack, certSerialId: null}, Type:RATIS, Factor:ONE, State:OPEN]
2019-09-12 14:02:22,175 [grpc-default-executor-0] INFO  impl.RaftServerProxy (RaftServerProxy.java:addNew(89)) - 1ea668f3-db9c-4d31-a34d-8fd854f35d67: addNew group-F701E44CCB93:[1ea668f3-db9c-4d31-a34d-8fd854f35d67:192.168.5.171:46566] returns group-F701E44CCB93:java.util.concurrent.CompletableFuture@dbbd977[Not completed]
2019-09-12 14:02:22,180 [pool-159-thread-1] INFO  impl.RaftServerImpl (RaftServerImpl.java:<init>(95)) - 1ea668f3-db9c-4d31-a34d-8fd854f35d67: new RaftServerImpl for group-F701E44CCB93:[1ea668f3-db9c-4d31-a34d-8fd854f35d67:192.168.5.171:46566] with ContainerStateMachine:uninitialized
2019-09-12 14:02:22,180 [pool-159-thread-1] INFO  server.RaftServerConfigKeys (ConfUtils.java:logGet(43)) - raft.server.rpc.timeout.min = 5s (custom)
2019-09-12 14:02:22,181 [pool-159-thread-1] INFO  server.RaftServerConfigKeys (ConfUtils.java:logGet(43)) - raft.server.rpc.timeout.max = 5200ms (custom)
2019-09-12 14:02:22,181 [pool-159-thread-1] INFO  server.RaftServerConfigKeys (ConfUtils.java:logGet(43)) - raft.server.rpcslowness.timeout = 120s (custom)
2019-09-12 14:02:22,181 [pool-159-thread-1] INFO  server.RaftServerConfigKeys (ConfUtils.java:logGet(43)) - raft.server.sleep.deviation.threshold = 300 (default)
2019-09-12 14:02:22,181 [pool-159-thread-1] INFO  server.RaftServerConfigKeys (ConfUtils.java:logGet(43)) - raft.server.log.appender.install.snapshot.enabled = false (custom)
2019-09-12 14:02:22,181 [pool-159-thread-1] INFO  impl.RaftServerImpl (ServerState.java:<init>(103)) - 1ea668f3-db9c-4d31-a34d-8fd854f35d67@group-F701E44CCB93: ConfigurationManager, init=-1: [1ea668f3-db9c-4d31-a34d-8fd854f35d67:192.168.5.171:46566], old=null, confs=<EMPTY_MAP>
2019-09-12 14:02:22,182 [pool-159-thread-1] INFO  server.RaftServerConfigKeys (ConfUtils.java:logGet(43)) - raft.server.storage.dir = [/workdir/hadoop-ozone/integration-test/target/test-dir/MiniOzoneClusterImpl-757a471d-dced-4024-b429-b50254f0e88a/datanode-4/data/ratis] (custom)
2019-09-12 14:02:22,182 [pool-159-thread-1] INFO  storage.RaftStorageDirectory (RaftStorageDirectory.java:analyzeStorage(246)) - The storage directory /workdir/hadoop-ozone/integration-test/target/test-dir/MiniOzoneClusterImpl-757a471d-dced-4024-b429-b50254f0e88a/datanode-4/data/ratis/959a308f-c404-4066-808c-f701e44ccb93 does not exist. Creating ...
2019-09-12 14:02:22,205 [IPC Server handler 3 on 35439] INFO  net.NetworkTopology (NetworkTopologyImpl.java:add(110)) - Added a new node: /default-rack/fe044cd5-df1e-4f7f-ac9c-c64980bfad69
2019-09-12 14:02:22,205 [IPC Server handler 3 on 35439] INFO  node.SCMNodeManager (SCMNodeManager.java:register(266)) - Registered Data node : fe044cd5-df1e-4f7f-ac9c-c64980bfad69{ip: 192.168.5.171, host: pr-hdds-2007-n4wwz-4249666578, networkLocation: /default-rack, certSerialId: null}
2019-09-12 14:02:22,214 [pool-159-thread-1] INFO  storage.RaftStorageDirectory (RaftStorageDirectory.java:tryLock(328)) - Lock on /workdir/hadoop-ozone/integration-test/target/test-dir/MiniOzoneClusterImpl-757a471d-dced-4024-b429-b50254f0e88a/datanode-4/data/ratis/959a308f-c404-4066-808c-f701e44ccb93/in_use.lock acquired by nodename 21625@pr-hdds-2007-n4wwz-4249666578
2019-09-12 14:02:22,237 [pool-159-thread-1] INFO  storage.RaftStorage (RaftStorage.java:format(72)) - Storage directory /workdir/hadoop-ozone/integration-test/target/test-dir/MiniOzoneClusterImpl-757a471d-dced-4024-b429-b50254f0e88a/datanode-4/data/ratis/959a308f-c404-4066-808c-f701e44ccb93 has been successfully formatted.
2019-09-12 14:02:22,237 [pool-159-thread-1] INFO  ratis.ContainerStateMachine (ContainerStateMachine.java:loadSnapshot(230)) - group-F701E44CCB93: The snapshot info is null. Setting the last applied indexto:(t:0, i:~)
2019-09-12 14:02:22,237 [pool-159-thread-1] INFO  server.RaftServerConfigKeys (ConfUtils.java:logGet(43)) - raft.server.notification.no-leader.timeout = 120s (custom)
2019-09-12 14:02:22,237 [pool-159-thread-1] INFO  server.RaftServerConfigKeys (ConfUtils.java:logGet(43)) - raft.server.log.use.memory = false (default)
2019-09-12 14:02:22,237 [pool-159-thread-1] INFO  server.RaftServerConfigKeys (ConfUtils.java:logGet(43)) - raft.server.log.purge.gap = 1000000 (custom)
2019-09-12 14:02:22,238 [pool-159-thread-1] INFO  server.RaftServerConfigKeys (ConfUtils.java:logGet(43)) - raft.server.log.appender.buffer.byte-limit = 33554432 (custom)
2019-09-12 14:02:22,238 [pool-159-thread-1] INFO  server.RaftServerConfigKeys (ConfUtils.java:logGet(43)) - raft.server.log.segment.size.max = 1048576 (custom)
2019-09-12 14:02:22,238 [pool-159-thread-1] INFO  server.RaftServerConfigKeys (ConfUtils.java:logGet(43)) - raft.server.log.segment.cache.num.max = 2 (custom)
2019-09-12 14:02:22,238 [pool-159-thread-1] INFO  segmented.SegmentedRaftLogWorker (SegmentedRaftLogWorker.java:<init>(172)) - new 1ea668f3-db9c-4d31-a34d-8fd854f35d67@group-F701E44CCB93-SegmentedRaftLogWorker for RaftStorage:Storage Directory /workdir/hadoop-ozone/integration-test/target/test-dir/MiniOzoneClusterImpl-757a471d-dced-4024-b429-b50254f0e88a/datanode-4/data/ratis/959a308f-c404-4066-808c-f701e44ccb93
2019-09-12 14:02:22,240 [pool-159-thread-1] INFO  server.RaftServerConfigKeys (ConfUtils.java:logGet(43)) - raft.server.log.queue.byte-limit = 2147483647 (custom)
2019-09-12 14:02:22,240 [pool-159-thread-1] INFO  server.RaftServerConfigKeys (ConfUtils.java:logGet(43)) - raft.server.log.queue.element-limit = 1024 (custom)
2019-09-12 14:02:22,240 [pool-159-thread-1] INFO  server.RaftServerConfigKeys (ConfUtils.java:logGet(43)) - raft.server.log.segment.size.max = 1048576 (custom)
2019-09-12 14:02:22,240 [pool-159-thread-1] INFO  server.RaftServerConfigKeys (ConfUtils.java:logGet(43)) - raft.server.log.preallocated.size = 16384 (custom)
2019-09-12 14:02:22,240 [pool-159-thread-1] INFO  server.RaftServerConfigKeys (ConfUtils.java:logGet(43)) - raft.server.log.write.buffer.size = 33554432 (custom)
2019-09-12 14:02:22,240 [pool-159-thread-1] INFO  server.RaftServerConfigKeys (ConfUtils.java:logGet(43)) - raft.server.log.force.sync.num = 128 (default)
2019-09-12 14:02:22,240 [pool-159-thread-1] INFO  server.RaftServerConfigKeys (ConfUtils.java:logGet(43)) - raft.server.log.statemachine.data.sync = true (default)
2019-09-12 14:02:22,241 [pool-159-thread-1] INFO  server.RaftServerConfigKeys (ConfUtils.java:logGet(43)) - raft.server.log.statemachine.data.sync.timeout = 10s (default)
2019-09-12 14:02:22,241 [pool-159-thread-1] INFO  server.RaftServerConfigKeys (ConfUtils.java:logGet(43)) - raft.server.log.statemachine.data.sync.timeout.retry = -1 (default)
2019-09-12 14:02:22,241 [pool-159-thread-1] INFO  server.RaftServerConfigKeys (ConfUtils.java:logGet(43)) - raft.server.log.statemachine.data.caching.enabled = true (custom)
2019-09-12 14:02:22,241 [pool-159-thread-1] INFO  segmented.SegmentedRaftLogWorker (SegmentedRaftLogWorker.java:lambda$new$0(132)) - 1ea668f3-db9c-4d31-a34d-8fd854f35d67@group-F701E44CCB93-SegmentedRaftLogWorker: flushIndex: setUnconditionally 0 -> -1
2019-09-12 14:02:22,241 [pool-159-thread-1] INFO  server.RaftServerConfigKeys (ConfUtils.java:logGet(43)) - raft.server.snapshot.auto.trigger.enabled = true (custom)
2019-09-12 14:02:22,242 [pool-159-thread-1] INFO  server.RaftServerConfigKeys (ConfUtils.java:logGet(43)) - raft.server.snapshot.auto.trigger.threshold = 10000 (custom)
2019-09-12 14:02:22,242 [pool-159-thread-1] INFO  server.RaftServerConfigKeys (ConfUtils.java:logGet(43)) - raft.server.snapshot.retention.num.files = -1 (default)
2019-09-12 14:02:22,242 [pool-159-thread-1] INFO  server.RaftServerConfigKeys (ConfUtils.java:logGet(43)) - raft.server.retrycache.expirytime = 600000ms (custom)
2019-09-12 14:02:22,243 [pool-159-thread-1] INFO  impl.RaftServerImpl (RaftServerImpl.java:start(185)) - 1ea668f3-db9c-4d31-a34d-8fd854f35d67@group-F701E44CCB93: start as a follower, conf=-1: [1ea668f3-db9c-4d31-a34d-8fd854f35d67:192.168.5.171:46566], old=null
2019-09-12 14:02:22,244 [pool-159-thread-1] INFO  impl.RaftServerImpl (RaftServerImpl.java:setRole(174)) - 1ea668f3-db9c-4d31-a34d-8fd854f35d67@group-F701E44CCB93: changes role from      null to FOLLOWER at term 0 for startAsFollower
2019-09-12 14:02:22,244 [pool-159-thread-1] INFO  impl.RoleInfo (RoleInfo.java:updateAndGet(143)) - 1ea668f3-db9c-4d31-a34d-8fd854f35d67: start FollowerState
2019-09-12 14:02:22,244 [pool-159-thread-1] INFO  util.JmxRegister (JmxRegister.java:tryRegister(44)) - Successfully registered JMX Bean with object name Ratis:service=RaftServer,group=group-F701E44CCB93,id=1ea668f3-db9c-4d31-a34d-8fd854f35d67
2019-09-12 14:02:22,247 [RatisPipelineUtilsThread] INFO  pipeline.PipelineStateManager (PipelineStateManager.java:addPipeline(56)) - Created pipeline Pipeline[ Id: 959a308f-c404-4066-808c-f701e44ccb93, Nodes: 1ea668f3-db9c-4d31-a34d-8fd854f35d67{ip: 192.168.5.171, host: pr-hdds-2007-n4wwz-4249666578, networkLocation: /default-rack, certSerialId: null}, Type:RATIS, Factor:ONE, State:OPEN]
2019-09-12 14:02:22,257 [grpc-default-executor-0] INFO  impl.RaftServerProxy (RaftServerProxy.java:addNew(89)) - fe044cd5-df1e-4f7f-ac9c-c64980bfad69: addNew group-6588FBA5105A:[fe044cd5-df1e-4f7f-ac9c-c64980bfad69:192.168.5.171:42111] returns group-6588FBA5105A:java.util.concurrent.CompletableFuture@6f306b4a[Not completed]
2019-09-12 14:02:22,263 [pool-169-thread-1] INFO  impl.RaftServerImpl (RaftServerImpl.java:<init>(95)) - fe044cd5-df1e-4f7f-ac9c-c64980bfad69: new RaftServerImpl for group-6588FBA5105A:[fe044cd5-df1e-4f7f-ac9c-c64980bfad69:192.168.5.171:42111] with ContainerStateMachine:uninitialized
2019-09-12 14:02:22,263 [pool-169-thread-1] INFO  server.RaftServerConfigKeys (ConfUtils.java:logGet(43)) - raft.server.rpc.timeout.min = 5s (custom)
2019-09-12 14:02:22,263 [pool-169-thread-1] INFO  server.RaftServerConfigKeys (ConfUtils.java:logGet(43)) - raft.server.rpc.timeout.max = 5200ms (custom)
2019-09-12 14:02:22,263 [pool-169-thread-1] INFO  server.RaftServerConfigKeys (ConfUtils.java:logGet(43)) - raft.server.rpcslowness.timeout = 120s (custom)
2019-09-12 14:02:22,263 [pool-169-thread-1] INFO  server.RaftServerConfigKeys (ConfUtils.java:logGet(43)) - raft.server.sleep.deviation.threshold = 300 (default)
2019-09-12 14:02:22,263 [pool-169-thread-1] INFO  server.RaftServerConfigKeys (ConfUtils.java:logGet(43)) - raft.server.log.appender.install.snapshot.enabled = false (custom)
2019-09-12 14:02:22,263 [pool-169-thread-1] INFO  impl.RaftServerImpl (ServerState.java:<init>(103)) - fe044cd5-df1e-4f7f-ac9c-c64980bfad69@group-6588FBA5105A: ConfigurationManager, init=-1: [fe044cd5-df1e-4f7f-ac9c-c64980bfad69:192.168.5.171:42111], old=null, confs=<EMPTY_MAP>
2019-09-12 14:02:22,263 [pool-169-thread-1] INFO  server.RaftServerConfigKeys (ConfUtils.java:logGet(43)) - raft.server.storage.dir = [/workdir/hadoop-ozone/integration-test/target/test-dir/MiniOzoneClusterImpl-757a471d-dced-4024-b429-b50254f0e88a/datanode-5/data/ratis] (custom)
2019-09-12 14:02:22,264 [pool-169-thread-1] INFO  storage.RaftStorageDirectory (RaftStorageDirectory.java:analyzeStorage(246)) - The storage directory /workdir/hadoop-ozone/integration-test/target/test-dir/MiniOzoneClusterImpl-757a471d-dced-4024-b429-b50254f0e88a/datanode-5/data/ratis/364e72c2-8580-44b6-a01e-6588fba5105a does not exist. Creating ...
2019-09-12 14:02:22,278 [IPC Server handler 1 on 35439] INFO  net.NetworkTopology (NetworkTopologyImpl.java:add(110)) - Added a new node: /default-rack/8432884d-3dd8-45b3-b842-8c340eb0817f
2019-09-12 14:02:22,278 [IPC Server handler 1 on 35439] INFO  node.SCMNodeManager (SCMNodeManager.java:register(266)) - Registered Data node : 8432884d-3dd8-45b3-b842-8c340eb0817f{ip: 192.168.5.171, host: pr-hdds-2007-n4wwz-4249666578, networkLocation: /default-rack, certSerialId: null}
2019-09-12 14:02:22,280 [main] INFO  ozone.MiniOzoneClusterImpl (MiniOzoneClusterImpl.java:lambda$waitForClusterToBeReady$0(145)) - Cluster is ready. Got 7 of 7 DN Heartbeats.
2019-09-12 14:02:22,287 [pool-169-thread-1] INFO  storage.RaftStorageDirectory (RaftStorageDirectory.java:tryLock(328)) - Lock on /workdir/hadoop-ozone/integration-test/target/test-dir/MiniOzoneClusterImpl-757a471d-dced-4024-b429-b50254f0e88a/datanode-5/data/ratis/364e72c2-8580-44b6-a01e-6588fba5105a/in_use.lock acquired by nodename 21625@pr-hdds-2007-n4wwz-4249666578
2019-09-12 14:02:22,312 [pool-169-thread-1] INFO  storage.RaftStorage (RaftStorage.java:format(72)) - Storage directory /workdir/hadoop-ozone/integration-test/target/test-dir/MiniOzoneClusterImpl-757a471d-dced-4024-b429-b50254f0e88a/datanode-5/data/ratis/364e72c2-8580-44b6-a01e-6588fba5105a has been successfully formatted.
2019-09-12 14:02:22,312 [main] INFO  rpc.RpcClient (RpcClient.java:createVolume(302)) - Creating Volume: testblockoutputstreamwithretries, with jenkins1000 as owner.
2019-09-12 14:02:22,313 [pool-169-thread-1] INFO  ratis.ContainerStateMachine (ContainerStateMachine.java:loadSnapshot(230)) - group-6588FBA5105A: The snapshot info is null. Setting the last applied indexto:(t:0, i:~)
2019-09-12 14:02:22,313 [pool-169-thread-1] INFO  server.RaftServerConfigKeys (ConfUtils.java:logGet(43)) - raft.server.notification.no-leader.timeout = 120s (custom)
2019-09-12 14:02:22,313 [pool-169-thread-1] INFO  server.RaftServerConfigKeys (ConfUtils.java:logGet(43)) - raft.server.log.use.memory = false (default)
2019-09-12 14:02:22,313 [pool-169-thread-1] INFO  server.RaftServerConfigKeys (ConfUtils.java:logGet(43)) - raft.server.log.purge.gap = 1000000 (custom)
2019-09-12 14:02:22,313 [pool-169-thread-1] INFO  server.RaftServerConfigKeys (ConfUtils.java:logGet(43)) - raft.server.log.appender.buffer.byte-limit = 33554432 (custom)
2019-09-12 14:02:22,314 [pool-169-thread-1] INFO  server.RaftServerConfigKeys (ConfUtils.java:logGet(43)) - raft.server.log.segment.size.max = 1048576 (custom)
2019-09-12 14:02:22,314 [pool-169-thread-1] INFO  server.RaftServerConfigKeys (ConfUtils.java:logGet(43)) - raft.server.log.segment.cache.num.max = 2 (custom)
2019-09-12 14:02:22,314 [pool-169-thread-1] INFO  segmented.SegmentedRaftLogWorker (SegmentedRaftLogWorker.java:<init>(172)) - new fe044cd5-df1e-4f7f-ac9c-c64980bfad69@group-6588FBA5105A-SegmentedRaftLogWorker for RaftStorage:Storage Directory /workdir/hadoop-ozone/integration-test/target/test-dir/MiniOzoneClusterImpl-757a471d-dced-4024-b429-b50254f0e88a/datanode-5/data/ratis/364e72c2-8580-44b6-a01e-6588fba5105a
2019-09-12 14:02:22,316 [pool-169-thread-1] INFO  server.RaftServerConfigKeys (ConfUtils.java:logGet(43)) - raft.server.log.queue.byte-limit = 2147483647 (custom)
2019-09-12 14:02:22,316 [pool-169-thread-1] INFO  server.RaftServerConfigKeys (ConfUtils.java:logGet(43)) - raft.server.log.queue.element-limit = 1024 (custom)
2019-09-12 14:02:22,316 [pool-169-thread-1] INFO  server.RaftServerConfigKeys (ConfUtils.java:logGet(43)) - raft.server.log.segment.size.max = 1048576 (custom)
2019-09-12 14:02:22,316 [pool-169-thread-1] INFO  server.RaftServerConfigKeys (ConfUtils.java:logGet(43)) - raft.server.log.preallocated.size = 16384 (custom)
2019-09-12 14:02:22,316 [pool-169-thread-1] INFO  server.RaftServerConfigKeys (ConfUtils.java:logGet(43)) - raft.server.log.write.buffer.size = 33554432 (custom)
2019-09-12 14:02:22,316 [pool-169-thread-1] INFO  server.RaftServerConfigKeys (ConfUtils.java:logGet(43)) - raft.server.log.force.sync.num = 128 (default)
2019-09-12 14:02:22,316 [IPC Server handler 0 on 45216] INFO  volume.OMVolumeCreateRequest (OMVolumeCreateRequest.java:validateAndUpdateCache(189)) - created volume:testblockoutputstreamwithretries for user:jenkins1000
2019-09-12 14:02:22,316 [pool-169-thread-1] INFO  server.RaftServerConfigKeys (ConfUtils.java:logGet(43)) - raft.server.log.statemachine.data.sync = true (default)
2019-09-12 14:02:22,317 [pool-169-thread-1] INFO  server.RaftServerConfigKeys (ConfUtils.java:logGet(43)) - raft.server.log.statemachine.data.sync.timeout = 10s (default)
2019-09-12 14:02:22,317 [pool-169-thread-1] INFO  server.RaftServerConfigKeys (ConfUtils.java:logGet(43)) - raft.server.log.statemachine.data.sync.timeout.retry = -1 (default)
2019-09-12 14:02:22,317 [pool-169-thread-1] INFO  server.RaftServerConfigKeys (ConfUtils.java:logGet(43)) - raft.server.log.statemachine.data.caching.enabled = true (custom)
2019-09-12 14:02:22,317 [pool-169-thread-1] INFO  segmented.SegmentedRaftLogWorker (SegmentedRaftLogWorker.java:lambda$new$0(132)) - fe044cd5-df1e-4f7f-ac9c-c64980bfad69@group-6588FBA5105A-SegmentedRaftLogWorker: flushIndex: setUnconditionally 0 -> -1
2019-09-12 14:02:22,318 [pool-169-thread-1] INFO  server.RaftServerConfigKeys (ConfUtils.java:logGet(43)) - raft.server.snapshot.auto.trigger.enabled = true (custom)
2019-09-12 14:02:22,318 [pool-169-thread-1] INFO  server.RaftServerConfigKeys (ConfUtils.java:logGet(43)) - raft.server.snapshot.auto.trigger.threshold = 10000 (custom)
2019-09-12 14:02:22,318 [pool-169-thread-1] INFO  server.RaftServerConfigKeys (ConfUtils.java:logGet(43)) - raft.server.snapshot.retention.num.files = -1 (default)
2019-09-12 14:02:22,318 [pool-169-thread-1] INFO  server.RaftServerConfigKeys (ConfUtils.java:logGet(43)) - raft.server.retrycache.expirytime = 600000ms (custom)
2019-09-12 14:02:22,329 [pool-169-thread-1] INFO  impl.RaftServerImpl (RaftServerImpl.java:start(185)) - fe044cd5-df1e-4f7f-ac9c-c64980bfad69@group-6588FBA5105A: start as a follower, conf=-1: [fe044cd5-df1e-4f7f-ac9c-c64980bfad69:192.168.5.171:42111], old=null
2019-09-12 14:02:22,329 [pool-169-thread-1] INFO  impl.RaftServerImpl (RaftServerImpl.java:setRole(174)) - fe044cd5-df1e-4f7f-ac9c-c64980bfad69@group-6588FBA5105A: changes role from      null to FOLLOWER at term 0 for startAsFollower
2019-09-12 14:02:22,329 [main] INFO  rpc.RpcClient (RpcClient.java:createBucket(441)) - Creating Bucket: testblockoutputstreamwithretries/testblockoutputstreamwithretries, with Versioning false and Storage Type set to DISK and Encryption set to false 
2019-09-12 14:02:22,329 [pool-169-thread-1] INFO  impl.RoleInfo (RoleInfo.java:updateAndGet(143)) - fe044cd5-df1e-4f7f-ac9c-c64980bfad69: start FollowerState
2019-09-12 14:02:22,330 [pool-169-thread-1] INFO  util.JmxRegister (JmxRegister.java:tryRegister(44)) - Successfully registered JMX Bean with object name Ratis:service=RaftServer,group=group-6588FBA5105A,id=fe044cd5-df1e-4f7f-ac9c-c64980bfad69
2019-09-12 14:02:22,335 [RatisPipelineUtilsThread] INFO  pipeline.PipelineStateManager (PipelineStateManager.java:addPipeline(56)) - Created pipeline Pipeline[ Id: 364e72c2-8580-44b6-a01e-6588fba5105a, Nodes: fe044cd5-df1e-4f7f-ac9c-c64980bfad69{ip: 192.168.5.171, host: pr-hdds-2007-n4wwz-4249666578, networkLocation: /default-rack, certSerialId: null}, Type:RATIS, Factor:ONE, State:OPEN]
2019-09-12 14:02:22,342 [grpc-default-executor-0] INFO  impl.RaftServerProxy (RaftServerProxy.java:addNew(89)) - 8432884d-3dd8-45b3-b842-8c340eb0817f: addNew group-818AF3DF7280:[8432884d-3dd8-45b3-b842-8c340eb0817f:192.168.5.171:35945] returns group-818AF3DF7280:java.util.concurrent.CompletableFuture@5a4606f3[Not completed]
2019-09-12 14:02:22,347 [pool-179-thread-1] INFO  impl.RaftServerImpl (RaftServerImpl.java:<init>(95)) - 8432884d-3dd8-45b3-b842-8c340eb0817f: new RaftServerImpl for group-818AF3DF7280:[8432884d-3dd8-45b3-b842-8c340eb0817f:192.168.5.171:35945] with ContainerStateMachine:uninitialized
2019-09-12 14:02:22,347 [pool-179-thread-1] INFO  server.RaftServerConfigKeys (ConfUtils.java:logGet(43)) - raft.server.rpc.timeout.min = 5s (custom)
2019-09-12 14:02:22,347 [pool-179-thread-1] INFO  server.RaftServerConfigKeys (ConfUtils.java:logGet(43)) - raft.server.rpc.timeout.max = 5200ms (custom)
2019-09-12 14:02:22,347 [pool-179-thread-1] INFO  server.RaftServerConfigKeys (ConfUtils.java:logGet(43)) - raft.server.rpcslowness.timeout = 120s (custom)
2019-09-12 14:02:22,347 [pool-179-thread-1] INFO  server.RaftServerConfigKeys (ConfUtils.java:logGet(43)) - raft.server.sleep.deviation.threshold = 300 (default)
2019-09-12 14:02:22,347 [pool-179-thread-1] INFO  server.RaftServerConfigKeys (ConfUtils.java:logGet(43)) - raft.server.log.appender.install.snapshot.enabled = false (custom)
2019-09-12 14:02:22,347 [pool-179-thread-1] INFO  impl.RaftServerImpl (ServerState.java:<init>(103)) - 8432884d-3dd8-45b3-b842-8c340eb0817f@group-818AF3DF7280: ConfigurationManager, init=-1: [8432884d-3dd8-45b3-b842-8c340eb0817f:192.168.5.171:35945], old=null, confs=<EMPTY_MAP>
2019-09-12 14:02:22,348 [pool-179-thread-1] INFO  server.RaftServerConfigKeys (ConfUtils.java:logGet(43)) - raft.server.storage.dir = [/workdir/hadoop-ozone/integration-test/target/test-dir/MiniOzoneClusterImpl-757a471d-dced-4024-b429-b50254f0e88a/datanode-6/data/ratis] (custom)
2019-09-12 14:02:22,348 [pool-179-thread-1] INFO  storage.RaftStorageDirectory (RaftStorageDirectory.java:analyzeStorage(246)) - The storage directory /workdir/hadoop-ozone/integration-test/target/test-dir/MiniOzoneClusterImpl-757a471d-dced-4024-b429-b50254f0e88a/datanode-6/data/ratis/03749cb1-9628-4ec6-ac0e-818af3df7280 does not exist. Creating ...
2019-09-12 14:02:22,371 [pool-179-thread-1] INFO  storage.RaftStorageDirectory (RaftStorageDirectory.java:tryLock(328)) - Lock on /workdir/hadoop-ozone/integration-test/target/test-dir/MiniOzoneClusterImpl-757a471d-dced-4024-b429-b50254f0e88a/datanode-6/data/ratis/03749cb1-9628-4ec6-ac0e-818af3df7280/in_use.lock acquired by nodename 21625@pr-hdds-2007-n4wwz-4249666578
2019-09-12 14:02:22,386 [pool-179-thread-1] INFO  storage.RaftStorage (RaftStorage.java:format(72)) - Storage directory /workdir/hadoop-ozone/integration-test/target/test-dir/MiniOzoneClusterImpl-757a471d-dced-4024-b429-b50254f0e88a/datanode-6/data/ratis/03749cb1-9628-4ec6-ac0e-818af3df7280 has been successfully formatted.
2019-09-12 14:02:22,386 [pool-179-thread-1] INFO  ratis.ContainerStateMachine (ContainerStateMachine.java:loadSnapshot(230)) - group-818AF3DF7280: The snapshot info is null. Setting the last applied indexto:(t:0, i:~)
2019-09-12 14:02:22,386 [pool-179-thread-1] INFO  server.RaftServerConfigKeys (ConfUtils.java:logGet(43)) - raft.server.notification.no-leader.timeout = 120s (custom)
2019-09-12 14:02:22,386 [pool-179-thread-1] INFO  server.RaftServerConfigKeys (ConfUtils.java:logGet(43)) - raft.server.log.use.memory = false (default)
2019-09-12 14:02:22,386 [pool-179-thread-1] INFO  server.RaftServerConfigKeys (ConfUtils.java:logGet(43)) - raft.server.log.purge.gap = 1000000 (custom)
2019-09-12 14:02:22,386 [pool-179-thread-1] INFO  server.RaftServerConfigKeys (ConfUtils.java:logGet(43)) - raft.server.log.appender.buffer.byte-limit = 33554432 (custom)
2019-09-12 14:02:22,387 [pool-179-thread-1] INFO  server.RaftServerConfigKeys (ConfUtils.java:logGet(43)) - raft.server.log.segment.size.max = 1048576 (custom)
2019-09-12 14:02:22,387 [pool-179-thread-1] INFO  server.RaftServerConfigKeys (ConfUtils.java:logGet(43)) - raft.server.log.segment.cache.num.max = 2 (custom)
2019-09-12 14:02:22,387 [pool-179-thread-1] INFO  segmented.SegmentedRaftLogWorker (SegmentedRaftLogWorker.java:<init>(172)) - new 8432884d-3dd8-45b3-b842-8c340eb0817f@group-818AF3DF7280-SegmentedRaftLogWorker for RaftStorage:Storage Directory /workdir/hadoop-ozone/integration-test/target/test-dir/MiniOzoneClusterImpl-757a471d-dced-4024-b429-b50254f0e88a/datanode-6/data/ratis/03749cb1-9628-4ec6-ac0e-818af3df7280
2019-09-12 14:02:22,388 [pool-179-thread-1] INFO  server.RaftServerConfigKeys (ConfUtils.java:logGet(43)) - raft.server.log.queue.byte-limit = 2147483647 (custom)
2019-09-12 14:02:22,389 [pool-179-thread-1] INFO  server.RaftServerConfigKeys (ConfUtils.java:logGet(43)) - raft.server.log.queue.element-limit = 1024 (custom)
2019-09-12 14:02:22,389 [pool-179-thread-1] INFO  server.RaftServerConfigKeys (ConfUtils.java:logGet(43)) - raft.server.log.segment.size.max = 1048576 (custom)
2019-09-12 14:02:22,389 [pool-179-thread-1] INFO  server.RaftServerConfigKeys (ConfUtils.java:logGet(43)) - raft.server.log.preallocated.size = 16384 (custom)
2019-09-12 14:02:22,389 [pool-179-thread-1] INFO  server.RaftServerConfigKeys (ConfUtils.java:logGet(43)) - raft.server.log.write.buffer.size = 33554432 (custom)
2019-09-12 14:02:22,389 [pool-179-thread-1] INFO  server.RaftServerConfigKeys (ConfUtils.java:logGet(43)) - raft.server.log.force.sync.num = 128 (default)
2019-09-12 14:02:22,389 [pool-179-thread-1] INFO  server.RaftServerConfigKeys (ConfUtils.java:logGet(43)) - raft.server.log.statemachine.data.sync = true (default)
2019-09-12 14:02:22,389 [pool-179-thread-1] INFO  server.RaftServerConfigKeys (ConfUtils.java:logGet(43)) - raft.server.log.statemachine.data.sync.timeout = 10s (default)
2019-09-12 14:02:22,389 [pool-179-thread-1] INFO  server.RaftServerConfigKeys (ConfUtils.java:logGet(43)) - raft.server.log.statemachine.data.sync.timeout.retry = -1 (default)
2019-09-12 14:02:22,390 [pool-179-thread-1] INFO  server.RaftServerConfigKeys (ConfUtils.java:logGet(43)) - raft.server.log.statemachine.data.caching.enabled = true (custom)
2019-09-12 14:02:22,390 [pool-179-thread-1] INFO  segmented.SegmentedRaftLogWorker (SegmentedRaftLogWorker.java:lambda$new$0(132)) - 8432884d-3dd8-45b3-b842-8c340eb0817f@group-818AF3DF7280-SegmentedRaftLogWorker: flushIndex: setUnconditionally 0 -> -1
2019-09-12 14:02:22,390 [pool-179-thread-1] INFO  server.RaftServerConfigKeys (ConfUtils.java:logGet(43)) - raft.server.snapshot.auto.trigger.enabled = true (custom)
2019-09-12 14:02:22,390 [pool-179-thread-1] INFO  server.RaftServerConfigKeys (ConfUtils.java:logGet(43)) - raft.server.snapshot.auto.trigger.threshold = 10000 (custom)
2019-09-12 14:02:22,390 [pool-179-thread-1] INFO  server.RaftServerConfigKeys (ConfUtils.java:logGet(43)) - raft.server.snapshot.retention.num.files = -1 (default)
2019-09-12 14:02:22,390 [pool-179-thread-1] INFO  server.RaftServerConfigKeys (ConfUtils.java:logGet(43)) - raft.server.retrycache.expirytime = 600000ms (custom)
2019-09-12 14:02:22,392 [pool-179-thread-1] INFO  impl.RaftServerImpl (RaftServerImpl.java:start(185)) - 8432884d-3dd8-45b3-b842-8c340eb0817f@group-818AF3DF7280: start as a follower, conf=-1: [8432884d-3dd8-45b3-b842-8c340eb0817f:192.168.5.171:35945], old=null
2019-09-12 14:02:22,392 [pool-179-thread-1] INFO  impl.RaftServerImpl (RaftServerImpl.java:setRole(174)) - 8432884d-3dd8-45b3-b842-8c340eb0817f@group-818AF3DF7280: changes role from      null to FOLLOWER at term 0 for startAsFollower
2019-09-12 14:02:22,392 [pool-179-thread-1] INFO  impl.RoleInfo (RoleInfo.java:updateAndGet(143)) - 8432884d-3dd8-45b3-b842-8c340eb0817f: start FollowerState
2019-09-12 14:02:22,393 [pool-179-thread-1] INFO  util.JmxRegister (JmxRegister.java:tryRegister(44)) - Successfully registered JMX Bean with object name Ratis:service=RaftServer,group=group-818AF3DF7280,id=8432884d-3dd8-45b3-b842-8c340eb0817f
2019-09-12 14:02:22,395 [RatisPipelineUtilsThread] INFO  pipeline.PipelineStateManager (PipelineStateManager.java:addPipeline(56)) - Created pipeline Pipeline[ Id: 03749cb1-9628-4ec6-ac0e-818af3df7280, Nodes: 8432884d-3dd8-45b3-b842-8c340eb0817f{ip: 192.168.5.171, host: pr-hdds-2007-n4wwz-4249666578, networkLocation: /default-rack, certSerialId: null}, Type:RATIS, Factor:ONE, State:OPEN]
2019-09-12 14:02:22,418 [grpc-default-executor-0] INFO  impl.RaftServerProxy (RaftServerProxy.java:addNew(89)) - a8b5f9ad-518b-4332-873e-ffb82f46a5c1: addNew group-684C73073592:[a8b5f9ad-518b-4332-873e-ffb82f46a5c1:192.168.5.171:37608, fe044cd5-df1e-4f7f-ac9c-c64980bfad69:192.168.5.171:42111, 1ea668f3-db9c-4d31-a34d-8fd854f35d67:192.168.5.171:46566] returns group-684C73073592:java.util.concurrent.CompletableFuture@11c9430f[Not completed]
2019-09-12 14:02:22,418 [grpc-default-executor-2] INFO  impl.RaftServerProxy (RaftServerProxy.java:addNew(89)) - 1ea668f3-db9c-4d31-a34d-8fd854f35d67: addNew group-684C73073592:[a8b5f9ad-518b-4332-873e-ffb82f46a5c1:192.168.5.171:37608, fe044cd5-df1e-4f7f-ac9c-c64980bfad69:192.168.5.171:42111, 1ea668f3-db9c-4d31-a34d-8fd854f35d67:192.168.5.171:46566] returns group-684C73073592:java.util.concurrent.CompletableFuture@795bf23e[Not completed]
2019-09-12 14:02:22,419 [grpc-default-executor-0] INFO  impl.RaftServerProxy (RaftServerProxy.java:addNew(89)) - fe044cd5-df1e-4f7f-ac9c-c64980bfad69: addNew group-684C73073592:[a8b5f9ad-518b-4332-873e-ffb82f46a5c1:192.168.5.171:37608, fe044cd5-df1e-4f7f-ac9c-c64980bfad69:192.168.5.171:42111, 1ea668f3-db9c-4d31-a34d-8fd854f35d67:192.168.5.171:46566] returns group-684C73073592:java.util.concurrent.CompletableFuture@46674a7b[Not completed]
2019-09-12 14:02:22,420 [pool-159-thread-1] INFO  impl.RaftServerImpl (RaftServerImpl.java:<init>(95)) - 1ea668f3-db9c-4d31-a34d-8fd854f35d67: new RaftServerImpl for group-684C73073592:[a8b5f9ad-518b-4332-873e-ffb82f46a5c1:192.168.5.171:37608, fe044cd5-df1e-4f7f-ac9c-c64980bfad69:192.168.5.171:42111, 1ea668f3-db9c-4d31-a34d-8fd854f35d67:192.168.5.171:46566] with ContainerStateMachine:uninitialized
2019-09-12 14:02:22,420 [pool-159-thread-1] INFO  server.RaftServerConfigKeys (ConfUtils.java:logGet(43)) - raft.server.rpc.timeout.min = 5s (custom)
2019-09-12 14:02:22,420 [pool-159-thread-1] INFO  server.RaftServerConfigKeys (ConfUtils.java:logGet(43)) - raft.server.rpc.timeout.max = 5200ms (custom)
2019-09-12 14:02:22,420 [pool-159-thread-1] INFO  server.RaftServerConfigKeys (ConfUtils.java:logGet(43)) - raft.server.rpcslowness.timeout = 120s (custom)
2019-09-12 14:02:22,420 [pool-159-thread-1] INFO  server.RaftServerConfigKeys (ConfUtils.java:logGet(43)) - raft.server.sleep.deviation.threshold = 300 (default)
2019-09-12 14:02:22,420 [pool-159-thread-1] INFO  server.RaftServerConfigKeys (ConfUtils.java:logGet(43)) - raft.server.log.appender.install.snapshot.enabled = false (custom)
2019-09-12 14:02:22,420 [pool-159-thread-1] INFO  impl.RaftServerImpl (ServerState.java:<init>(103)) - 1ea668f3-db9c-4d31-a34d-8fd854f35d67@group-684C73073592: ConfigurationManager, init=-1: [a8b5f9ad-518b-4332-873e-ffb82f46a5c1:192.168.5.171:37608, fe044cd5-df1e-4f7f-ac9c-c64980bfad69:192.168.5.171:42111, 1ea668f3-db9c-4d31-a34d-8fd854f35d67:192.168.5.171:46566], old=null, confs=<EMPTY_MAP>
2019-09-12 14:02:22,420 [pool-169-thread-1] INFO  impl.RaftServerImpl (RaftServerImpl.java:<init>(95)) - fe044cd5-df1e-4f7f-ac9c-c64980bfad69: new RaftServerImpl for group-684C73073592:[a8b5f9ad-518b-4332-873e-ffb82f46a5c1:192.168.5.171:37608, fe044cd5-df1e-4f7f-ac9c-c64980bfad69:192.168.5.171:42111, 1ea668f3-db9c-4d31-a34d-8fd854f35d67:192.168.5.171:46566] with ContainerStateMachine:uninitialized
2019-09-12 14:02:22,421 [pool-159-thread-1] INFO  server.RaftServerConfigKeys (ConfUtils.java:logGet(43)) - raft.server.storage.dir = [/workdir/hadoop-ozone/integration-test/target/test-dir/MiniOzoneClusterImpl-757a471d-dced-4024-b429-b50254f0e88a/datanode-4/data/ratis] (custom)
2019-09-12 14:02:22,421 [pool-169-thread-1] INFO  server.RaftServerConfigKeys (ConfUtils.java:logGet(43)) - raft.server.rpc.timeout.min = 5s (custom)
2019-09-12 14:02:22,421 [pool-169-thread-1] INFO  server.RaftServerConfigKeys (ConfUtils.java:logGet(43)) - raft.server.rpc.timeout.max = 5200ms (custom)
2019-09-12 14:02:22,421 [pool-159-thread-1] INFO  storage.RaftStorageDirectory (RaftStorageDirectory.java:analyzeStorage(246)) - The storage directory /workdir/hadoop-ozone/integration-test/target/test-dir/MiniOzoneClusterImpl-757a471d-dced-4024-b429-b50254f0e88a/datanode-4/data/ratis/273ca420-c333-41ca-8da6-684c73073592 does not exist. Creating ...
2019-09-12 14:02:22,421 [pool-169-thread-1] INFO  server.RaftServerConfigKeys (ConfUtils.java:logGet(43)) - raft.server.rpcslowness.timeout = 120s (custom)
2019-09-12 14:02:22,421 [pool-169-thread-1] INFO  server.RaftServerConfigKeys (ConfUtils.java:logGet(43)) - raft.server.sleep.deviation.threshold = 300 (default)
2019-09-12 14:02:22,421 [pool-169-thread-1] INFO  server.RaftServerConfigKeys (ConfUtils.java:logGet(43)) - raft.server.log.appender.install.snapshot.enabled = false (custom)
2019-09-12 14:02:22,421 [pool-169-thread-1] INFO  impl.RaftServerImpl (ServerState.java:<init>(103)) - fe044cd5-df1e-4f7f-ac9c-c64980bfad69@group-684C73073592: ConfigurationManager, init=-1: [a8b5f9ad-518b-4332-873e-ffb82f46a5c1:192.168.5.171:37608, fe044cd5-df1e-4f7f-ac9c-c64980bfad69:192.168.5.171:42111, 1ea668f3-db9c-4d31-a34d-8fd854f35d67:192.168.5.171:46566], old=null, confs=<EMPTY_MAP>
2019-09-12 14:02:22,422 [pool-149-thread-1] INFO  impl.RaftServerImpl (RaftServerImpl.java:<init>(95)) - a8b5f9ad-518b-4332-873e-ffb82f46a5c1: new RaftServerImpl for group-684C73073592:[a8b5f9ad-518b-4332-873e-ffb82f46a5c1:192.168.5.171:37608, fe044cd5-df1e-4f7f-ac9c-c64980bfad69:192.168.5.171:42111, 1ea668f3-db9c-4d31-a34d-8fd854f35d67:192.168.5.171:46566] with ContainerStateMachine:uninitialized
2019-09-12 14:02:22,422 [pool-169-thread-1] INFO  server.RaftServerConfigKeys (ConfUtils.java:logGet(43)) - raft.server.storage.dir = [/workdir/hadoop-ozone/integration-test/target/test-dir/MiniOzoneClusterImpl-757a471d-dced-4024-b429-b50254f0e88a/datanode-5/data/ratis] (custom)
2019-09-12 14:02:22,422 [pool-149-thread-1] INFO  server.RaftServerConfigKeys (ConfUtils.java:logGet(43)) - raft.server.rpc.timeout.min = 5s (custom)
2019-09-12 14:02:22,422 [pool-169-thread-1] INFO  storage.RaftStorageDirectory (RaftStorageDirectory.java:analyzeStorage(246)) - The storage directory /workdir/hadoop-ozone/integration-test/target/test-dir/MiniOzoneClusterImpl-757a471d-dced-4024-b429-b50254f0e88a/datanode-5/data/ratis/273ca420-c333-41ca-8da6-684c73073592 does not exist. Creating ...
2019-09-12 14:02:22,422 [pool-149-thread-1] INFO  server.RaftServerConfigKeys (ConfUtils.java:logGet(43)) - raft.server.rpc.timeout.max = 5200ms (custom)
2019-09-12 14:02:22,423 [pool-149-thread-1] INFO  server.RaftServerConfigKeys (ConfUtils.java:logGet(43)) - raft.server.rpcslowness.timeout = 120s (custom)
2019-09-12 14:02:22,423 [pool-149-thread-1] INFO  server.RaftServerConfigKeys (ConfUtils.java:logGet(43)) - raft.server.sleep.deviation.threshold = 300 (default)
2019-09-12 14:02:22,423 [pool-149-thread-1] INFO  server.RaftServerConfigKeys (ConfUtils.java:logGet(43)) - raft.server.log.appender.install.snapshot.enabled = false (custom)
2019-09-12 14:02:22,423 [pool-149-thread-1] INFO  impl.RaftServerImpl (ServerState.java:<init>(103)) - a8b5f9ad-518b-4332-873e-ffb82f46a5c1@group-684C73073592: ConfigurationManager, init=-1: [a8b5f9ad-518b-4332-873e-ffb82f46a5c1:192.168.5.171:37608, fe044cd5-df1e-4f7f-ac9c-c64980bfad69:192.168.5.171:42111, 1ea668f3-db9c-4d31-a34d-8fd854f35d67:192.168.5.171:46566], old=null, confs=<EMPTY_MAP>
2019-09-12 14:02:22,424 [pool-149-thread-1] INFO  server.RaftServerConfigKeys (ConfUtils.java:logGet(43)) - raft.server.storage.dir = [/workdir/hadoop-ozone/integration-test/target/test-dir/MiniOzoneClusterImpl-757a471d-dced-4024-b429-b50254f0e88a/datanode-3/data/ratis] (custom)
2019-09-12 14:02:22,424 [pool-149-thread-1] INFO  storage.RaftStorageDirectory (RaftStorageDirectory.java:analyzeStorage(246)) - The storage directory /workdir/hadoop-ozone/integration-test/target/test-dir/MiniOzoneClusterImpl-757a471d-dced-4024-b429-b50254f0e88a/datanode-3/data/ratis/273ca420-c333-41ca-8da6-684c73073592 does not exist. Creating ...
2019-09-12 14:02:22,437 [pool-159-thread-1] INFO  storage.RaftStorageDirectory (RaftStorageDirectory.java:tryLock(328)) - Lock on /workdir/hadoop-ozone/integration-test/target/test-dir/MiniOzoneClusterImpl-757a471d-dced-4024-b429-b50254f0e88a/datanode-4/data/ratis/273ca420-c333-41ca-8da6-684c73073592/in_use.lock acquired by nodename 21625@pr-hdds-2007-n4wwz-4249666578
2019-09-12 14:02:22,437 [pool-149-thread-1] INFO  storage.RaftStorageDirectory (RaftStorageDirectory.java:tryLock(328)) - Lock on /workdir/hadoop-ozone/integration-test/target/test-dir/MiniOzoneClusterImpl-757a471d-dced-4024-b429-b50254f0e88a/datanode-3/data/ratis/273ca420-c333-41ca-8da6-684c73073592/in_use.lock acquired by nodename 21625@pr-hdds-2007-n4wwz-4249666578
2019-09-12 14:02:22,437 [pool-169-thread-1] INFO  storage.RaftStorageDirectory (RaftStorageDirectory.java:tryLock(328)) - Lock on /workdir/hadoop-ozone/integration-test/target/test-dir/MiniOzoneClusterImpl-757a471d-dced-4024-b429-b50254f0e88a/datanode-5/data/ratis/273ca420-c333-41ca-8da6-684c73073592/in_use.lock acquired by nodename 21625@pr-hdds-2007-n4wwz-4249666578
2019-09-12 14:02:22,461 [pool-169-thread-1] INFO  storage.RaftStorage (RaftStorage.java:format(72)) - Storage directory /workdir/hadoop-ozone/integration-test/target/test-dir/MiniOzoneClusterImpl-757a471d-dced-4024-b429-b50254f0e88a/datanode-5/data/ratis/273ca420-c333-41ca-8da6-684c73073592 has been successfully formatted.
2019-09-12 14:02:22,461 [pool-159-thread-1] INFO  storage.RaftStorage (RaftStorage.java:format(72)) - Storage directory /workdir/hadoop-ozone/integration-test/target/test-dir/MiniOzoneClusterImpl-757a471d-dced-4024-b429-b50254f0e88a/datanode-4/data/ratis/273ca420-c333-41ca-8da6-684c73073592 has been successfully formatted.
2019-09-12 14:02:22,461 [pool-149-thread-1] INFO  storage.RaftStorage (RaftStorage.java:format(72)) - Storage directory /workdir/hadoop-ozone/integration-test/target/test-dir/MiniOzoneClusterImpl-757a471d-dced-4024-b429-b50254f0e88a/datanode-3/data/ratis/273ca420-c333-41ca-8da6-684c73073592 has been successfully formatted.
2019-09-12 14:02:22,461 [pool-169-thread-1] INFO  ratis.ContainerStateMachine (ContainerStateMachine.java:loadSnapshot(230)) - group-684C73073592: The snapshot info is null. Setting the last applied indexto:(t:0, i:~)
2019-09-12 14:02:22,461 [pool-159-thread-1] INFO  ratis.ContainerStateMachine (ContainerStateMachine.java:loadSnapshot(230)) - group-684C73073592: The snapshot info is null. Setting the last applied indexto:(t:0, i:~)
2019-09-12 14:02:22,461 [pool-149-thread-1] INFO  ratis.ContainerStateMachine (ContainerStateMachine.java:loadSnapshot(230)) - group-684C73073592: The snapshot info is null. Setting the last applied indexto:(t:0, i:~)
2019-09-12 14:02:22,461 [pool-169-thread-1] INFO  server.RaftServerConfigKeys (ConfUtils.java:logGet(43)) - raft.server.notification.no-leader.timeout = 120s (custom)
2019-09-12 14:02:22,461 [pool-149-thread-1] INFO  server.RaftServerConfigKeys (ConfUtils.java:logGet(43)) - raft.server.notification.no-leader.timeout = 120s (custom)
2019-09-12 14:02:22,461 [pool-159-thread-1] INFO  server.RaftServerConfigKeys (ConfUtils.java:logGet(43)) - raft.server.notification.no-leader.timeout = 120s (custom)
2019-09-12 14:02:22,462 [pool-149-thread-1] INFO  server.RaftServerConfigKeys (ConfUtils.java:logGet(43)) - raft.server.log.use.memory = false (default)
2019-09-12 14:02:22,461 [pool-169-thread-1] INFO  server.RaftServerConfigKeys (ConfUtils.java:logGet(43)) - raft.server.log.use.memory = false (default)
2019-09-12 14:02:22,462 [pool-149-thread-1] INFO  server.RaftServerConfigKeys (ConfUtils.java:logGet(43)) - raft.server.log.purge.gap = 1000000 (custom)
2019-09-12 14:02:22,462 [pool-159-thread-1] INFO  server.RaftServerConfigKeys (ConfUtils.java:logGet(43)) - raft.server.log.use.memory = false (default)
2019-09-12 14:02:22,462 [pool-149-thread-1] INFO  server.RaftServerConfigKeys (ConfUtils.java:logGet(43)) - raft.server.log.appender.buffer.byte-limit = 33554432 (custom)
2019-09-12 14:02:22,462 [pool-169-thread-1] INFO  server.RaftServerConfigKeys (ConfUtils.java:logGet(43)) - raft.server.log.purge.gap = 1000000 (custom)
2019-09-12 14:02:22,462 [pool-149-thread-1] INFO  server.RaftServerConfigKeys (ConfUtils.java:logGet(43)) - raft.server.log.segment.size.max = 1048576 (custom)
2019-09-12 14:02:22,462 [pool-159-thread-1] INFO  server.RaftServerConfigKeys (ConfUtils.java:logGet(43)) - raft.server.log.purge.gap = 1000000 (custom)
2019-09-12 14:02:22,463 [pool-149-thread-1] INFO  server.RaftServerConfigKeys (ConfUtils.java:logGet(43)) - raft.server.log.segment.cache.num.max = 2 (custom)
2019-09-12 14:02:22,462 [pool-169-thread-1] INFO  server.RaftServerConfigKeys (ConfUtils.java:logGet(43)) - raft.server.log.appender.buffer.byte-limit = 33554432 (custom)
2019-09-12 14:02:22,463 [pool-149-thread-1] INFO  segmented.SegmentedRaftLogWorker (SegmentedRaftLogWorker.java:<init>(172)) - new a8b5f9ad-518b-4332-873e-ffb82f46a5c1@group-684C73073592-SegmentedRaftLogWorker for RaftStorage:Storage Directory /workdir/hadoop-ozone/integration-test/target/test-dir/MiniOzoneClusterImpl-757a471d-dced-4024-b429-b50254f0e88a/datanode-3/data/ratis/273ca420-c333-41ca-8da6-684c73073592
2019-09-12 14:02:22,463 [pool-159-thread-1] INFO  server.RaftServerConfigKeys (ConfUtils.java:logGet(43)) - raft.server.log.appender.buffer.byte-limit = 33554432 (custom)
2019-09-12 14:02:22,463 [pool-149-thread-1] INFO  server.RaftServerConfigKeys (ConfUtils.java:logGet(43)) - raft.server.log.queue.byte-limit = 2147483647 (custom)
2019-09-12 14:02:22,463 [pool-169-thread-1] INFO  server.RaftServerConfigKeys (ConfUtils.java:logGet(43)) - raft.server.log.segment.size.max = 1048576 (custom)
2019-09-12 14:02:22,463 [pool-149-thread-1] INFO  server.RaftServerConfigKeys (ConfUtils.java:logGet(43)) - raft.server.log.queue.element-limit = 1024 (custom)
2019-09-12 14:02:22,463 [pool-159-thread-1] INFO  server.RaftServerConfigKeys (ConfUtils.java:logGet(43)) - raft.server.log.segment.size.max = 1048576 (custom)
2019-09-12 14:02:22,464 [pool-149-thread-1] INFO  server.RaftServerConfigKeys (ConfUtils.java:logGet(43)) - raft.server.log.segment.size.max = 1048576 (custom)
2019-09-12 14:02:22,463 [pool-169-thread-1] INFO  server.RaftServerConfigKeys (ConfUtils.java:logGet(43)) - raft.server.log.segment.cache.num.max = 2 (custom)
2019-09-12 14:02:22,464 [pool-149-thread-1] INFO  server.RaftServerConfigKeys (ConfUtils.java:logGet(43)) - raft.server.log.preallocated.size = 16384 (custom)
2019-09-12 14:02:22,464 [pool-159-thread-1] INFO  server.RaftServerConfigKeys (ConfUtils.java:logGet(43)) - raft.server.log.segment.cache.num.max = 2 (custom)
2019-09-12 14:02:22,464 [pool-149-thread-1] INFO  server.RaftServerConfigKeys (ConfUtils.java:logGet(43)) - raft.server.log.write.buffer.size = 33554432 (custom)
2019-09-12 14:02:22,464 [pool-169-thread-1] INFO  segmented.SegmentedRaftLogWorker (SegmentedRaftLogWorker.java:<init>(172)) - new fe044cd5-df1e-4f7f-ac9c-c64980bfad69@group-684C73073592-SegmentedRaftLogWorker for RaftStorage:Storage Directory /workdir/hadoop-ozone/integration-test/target/test-dir/MiniOzoneClusterImpl-757a471d-dced-4024-b429-b50254f0e88a/datanode-5/data/ratis/273ca420-c333-41ca-8da6-684c73073592
2019-09-12 14:02:22,464 [pool-149-thread-1] INFO  server.RaftServerConfigKeys (ConfUtils.java:logGet(43)) - raft.server.log.force.sync.num = 128 (default)
2019-09-12 14:02:22,464 [pool-159-thread-1] INFO  segmented.SegmentedRaftLogWorker (SegmentedRaftLogWorker.java:<init>(172)) - new 1ea668f3-db9c-4d31-a34d-8fd854f35d67@group-684C73073592-SegmentedRaftLogWorker for RaftStorage:Storage Directory /workdir/hadoop-ozone/integration-test/target/test-dir/MiniOzoneClusterImpl-757a471d-dced-4024-b429-b50254f0e88a/datanode-4/data/ratis/273ca420-c333-41ca-8da6-684c73073592
2019-09-12 14:02:22,465 [pool-149-thread-1] INFO  server.RaftServerConfigKeys (ConfUtils.java:logGet(43)) - raft.server.log.statemachine.data.sync = true (default)
2019-09-12 14:02:22,464 [pool-169-thread-1] INFO  server.RaftServerConfigKeys (ConfUtils.java:logGet(43)) - raft.server.log.queue.byte-limit = 2147483647 (custom)
2019-09-12 14:02:22,465 [pool-149-thread-1] INFO  server.RaftServerConfigKeys (ConfUtils.java:logGet(43)) - raft.server.log.statemachine.data.sync.timeout = 10s (default)
2019-09-12 14:02:22,465 [pool-159-thread-1] INFO  server.RaftServerConfigKeys (ConfUtils.java:logGet(43)) - raft.server.log.queue.byte-limit = 2147483647 (custom)
2019-09-12 14:02:22,465 [pool-169-thread-1] INFO  server.RaftServerConfigKeys (ConfUtils.java:logGet(43)) - raft.server.log.queue.element-limit = 1024 (custom)
2019-09-12 14:02:22,465 [pool-159-thread-1] INFO  server.RaftServerConfigKeys (ConfUtils.java:logGet(43)) - raft.server.log.queue.element-limit = 1024 (custom)
2019-09-12 14:02:22,465 [pool-149-thread-1] INFO  server.RaftServerConfigKeys (ConfUtils.java:logGet(43)) - raft.server.log.statemachine.data.sync.timeout.retry = -1 (default)
2019-09-12 14:02:22,465 [pool-159-thread-1] INFO  server.RaftServerConfigKeys (ConfUtils.java:logGet(43)) - raft.server.log.segment.size.max = 1048576 (custom)
2019-09-12 14:02:22,466 [pool-149-thread-1] INFO  server.RaftServerConfigKeys (ConfUtils.java:logGet(43)) - raft.server.log.statemachine.data.caching.enabled = true (custom)
2019-09-12 14:02:22,465 [pool-169-thread-1] INFO  server.RaftServerConfigKeys (ConfUtils.java:logGet(43)) - raft.server.log.segment.size.max = 1048576 (custom)
2019-09-12 14:02:22,466 [pool-159-thread-1] INFO  server.RaftServerConfigKeys (ConfUtils.java:logGet(43)) - raft.server.log.preallocated.size = 16384 (custom)
2019-09-12 14:02:22,466 [pool-149-thread-1] INFO  segmented.SegmentedRaftLogWorker (SegmentedRaftLogWorker.java:lambda$new$0(132)) - a8b5f9ad-518b-4332-873e-ffb82f46a5c1@group-684C73073592-SegmentedRaftLogWorker: flushIndex: setUnconditionally 0 -> -1
2019-09-12 14:02:22,466 [pool-169-thread-1] INFO  server.RaftServerConfigKeys (ConfUtils.java:logGet(43)) - raft.server.log.preallocated.size = 16384 (custom)
2019-09-12 14:02:22,466 [pool-159-thread-1] INFO  server.RaftServerConfigKeys (ConfUtils.java:logGet(43)) - raft.server.log.write.buffer.size = 33554432 (custom)
2019-09-12 14:02:22,466 [pool-169-thread-1] INFO  server.RaftServerConfigKeys (ConfUtils.java:logGet(43)) - raft.server.log.write.buffer.size = 33554432 (custom)
2019-09-12 14:02:22,466 [pool-159-thread-1] INFO  server.RaftServerConfigKeys (ConfUtils.java:logGet(43)) - raft.server.log.force.sync.num = 128 (default)
2019-09-12 14:02:22,466 [pool-149-thread-1] INFO  server.RaftServerConfigKeys (ConfUtils.java:logGet(43)) - raft.server.snapshot.auto.trigger.enabled = true (custom)
2019-09-12 14:02:22,467 [pool-159-thread-1] INFO  server.RaftServerConfigKeys (ConfUtils.java:logGet(43)) - raft.server.log.statemachine.data.sync = true (default)
2019-09-12 14:02:22,467 [pool-169-thread-1] INFO  server.RaftServerConfigKeys (ConfUtils.java:logGet(43)) - raft.server.log.force.sync.num = 128 (default)
2019-09-12 14:02:22,467 [pool-159-thread-1] INFO  server.RaftServerConfigKeys (ConfUtils.java:logGet(43)) - raft.server.log.statemachine.data.sync.timeout = 10s (default)
2019-09-12 14:02:22,467 [pool-149-thread-1] INFO  server.RaftServerConfigKeys (ConfUtils.java:logGet(43)) - raft.server.snapshot.auto.trigger.threshold = 10000 (custom)
2019-09-12 14:02:22,467 [pool-159-thread-1] INFO  server.RaftServerConfigKeys (ConfUtils.java:logGet(43)) - raft.server.log.statemachine.data.sync.timeout.retry = -1 (default)
2019-09-12 14:02:22,467 [pool-169-thread-1] INFO  server.RaftServerConfigKeys (ConfUtils.java:logGet(43)) - raft.server.log.statemachine.data.sync = true (default)
2019-09-12 14:02:22,467 [pool-159-thread-1] INFO  server.RaftServerConfigKeys (ConfUtils.java:logGet(43)) - raft.server.log.statemachine.data.caching.enabled = true (custom)
2019-09-12 14:02:22,467 [pool-149-thread-1] INFO  server.RaftServerConfigKeys (ConfUtils.java:logGet(43)) - raft.server.snapshot.retention.num.files = -1 (default)
2019-09-12 14:02:22,468 [pool-169-thread-1] INFO  server.RaftServerConfigKeys (ConfUtils.java:logGet(43)) - raft.server.log.statemachine.data.sync.timeout = 10s (default)
2019-09-12 14:02:22,468 [pool-149-thread-1] INFO  server.RaftServerConfigKeys (ConfUtils.java:logGet(43)) - raft.server.retrycache.expirytime = 600000ms (custom)
2019-09-12 14:02:22,468 [pool-159-thread-1] INFO  segmented.SegmentedRaftLogWorker (SegmentedRaftLogWorker.java:lambda$new$0(132)) - 1ea668f3-db9c-4d31-a34d-8fd854f35d67@group-684C73073592-SegmentedRaftLogWorker: flushIndex: setUnconditionally 0 -> -1
2019-09-12 14:02:22,468 [pool-169-thread-1] INFO  server.RaftServerConfigKeys (ConfUtils.java:logGet(43)) - raft.server.log.statemachine.data.sync.timeout.retry = -1 (default)
2019-09-12 14:02:22,468 [pool-169-thread-1] INFO  server.RaftServerConfigKeys (ConfUtils.java:logGet(43)) - raft.server.log.statemachine.data.caching.enabled = true (custom)
2019-09-12 14:02:22,468 [pool-159-thread-1] INFO  server.RaftServerConfigKeys (ConfUtils.java:logGet(43)) - raft.server.snapshot.auto.trigger.enabled = true (custom)
2019-09-12 14:02:22,469 [pool-169-thread-1] INFO  segmented.SegmentedRaftLogWorker (SegmentedRaftLogWorker.java:lambda$new$0(132)) - fe044cd5-df1e-4f7f-ac9c-c64980bfad69@group-684C73073592-SegmentedRaftLogWorker: flushIndex: setUnconditionally 0 -> -1
2019-09-12 14:02:22,469 [pool-159-thread-1] INFO  server.RaftServerConfigKeys (ConfUtils.java:logGet(43)) - raft.server.snapshot.auto.trigger.threshold = 10000 (custom)
2019-09-12 14:02:22,469 [pool-159-thread-1] INFO  server.RaftServerConfigKeys (ConfUtils.java:logGet(43)) - raft.server.snapshot.retention.num.files = -1 (default)
2019-09-12 14:02:22,469 [pool-169-thread-1] INFO  server.RaftServerConfigKeys (ConfUtils.java:logGet(43)) - raft.server.snapshot.auto.trigger.enabled = true (custom)
2019-09-12 14:02:22,469 [pool-159-thread-1] INFO  server.RaftServerConfigKeys (ConfUtils.java:logGet(43)) - raft.server.retrycache.expirytime = 600000ms (custom)
2019-09-12 14:02:22,469 [pool-169-thread-1] INFO  server.RaftServerConfigKeys (ConfUtils.java:logGet(43)) - raft.server.snapshot.auto.trigger.threshold = 10000 (custom)
2019-09-12 14:02:22,469 [pool-169-thread-1] INFO  server.RaftServerConfigKeys (ConfUtils.java:logGet(43)) - raft.server.snapshot.retention.num.files = -1 (default)
2019-09-12 14:02:22,469 [pool-169-thread-1] INFO  server.RaftServerConfigKeys (ConfUtils.java:logGet(43)) - raft.server.retrycache.expirytime = 600000ms (custom)
2019-09-12 14:02:22,471 [pool-149-thread-1] INFO  impl.RaftServerImpl (RaftServerImpl.java:start(185)) - a8b5f9ad-518b-4332-873e-ffb82f46a5c1@group-684C73073592: start as a follower, conf=-1: [a8b5f9ad-518b-4332-873e-ffb82f46a5c1:192.168.5.171:37608, fe044cd5-df1e-4f7f-ac9c-c64980bfad69:192.168.5.171:42111, 1ea668f3-db9c-4d31-a34d-8fd854f35d67:192.168.5.171:46566], old=null
2019-09-12 14:02:22,471 [pool-149-thread-1] INFO  impl.RaftServerImpl (RaftServerImpl.java:setRole(174)) - a8b5f9ad-518b-4332-873e-ffb82f46a5c1@group-684C73073592: changes role from      null to FOLLOWER at term 0 for startAsFollower
2019-09-12 14:02:22,471 [pool-149-thread-1] INFO  impl.RoleInfo (RoleInfo.java:updateAndGet(143)) - a8b5f9ad-518b-4332-873e-ffb82f46a5c1: start FollowerState
2019-09-12 14:02:22,472 [pool-149-thread-1] INFO  util.JmxRegister (JmxRegister.java:tryRegister(44)) - Successfully registered JMX Bean with object name Ratis:service=RaftServer,group=group-684C73073592,id=a8b5f9ad-518b-4332-873e-ffb82f46a5c1
2019-09-12 14:02:22,473 [pool-159-thread-1] INFO  impl.RaftServerImpl (RaftServerImpl.java:start(185)) - 1ea668f3-db9c-4d31-a34d-8fd854f35d67@group-684C73073592: start as a follower, conf=-1: [a8b5f9ad-518b-4332-873e-ffb82f46a5c1:192.168.5.171:37608, fe044cd5-df1e-4f7f-ac9c-c64980bfad69:192.168.5.171:42111, 1ea668f3-db9c-4d31-a34d-8fd854f35d67:192.168.5.171:46566], old=null
2019-09-12 14:02:22,473 [pool-169-thread-1] INFO  impl.RaftServerImpl (RaftServerImpl.java:start(185)) - fe044cd5-df1e-4f7f-ac9c-c64980bfad69@group-684C73073592: start as a follower, conf=-1: [a8b5f9ad-518b-4332-873e-ffb82f46a5c1:192.168.5.171:37608, fe044cd5-df1e-4f7f-ac9c-c64980bfad69:192.168.5.171:42111, 1ea668f3-db9c-4d31-a34d-8fd854f35d67:192.168.5.171:46566], old=null
2019-09-12 14:02:22,473 [pool-159-thread-1] INFO  impl.RaftServerImpl (RaftServerImpl.java:setRole(174)) - 1ea668f3-db9c-4d31-a34d-8fd854f35d67@group-684C73073592: changes role from      null to FOLLOWER at term 0 for startAsFollower
2019-09-12 14:02:22,473 [pool-169-thread-1] INFO  impl.RaftServerImpl (RaftServerImpl.java:setRole(174)) - fe044cd5-df1e-4f7f-ac9c-c64980bfad69@group-684C73073592: changes role from      null to FOLLOWER at term 0 for startAsFollower
2019-09-12 14:02:22,473 [pool-159-thread-1] INFO  impl.RoleInfo (RoleInfo.java:updateAndGet(143)) - 1ea668f3-db9c-4d31-a34d-8fd854f35d67: start FollowerState
2019-09-12 14:02:22,473 [pool-169-thread-1] INFO  impl.RoleInfo (RoleInfo.java:updateAndGet(143)) - fe044cd5-df1e-4f7f-ac9c-c64980bfad69: start FollowerState
2019-09-12 14:02:22,474 [pool-159-thread-1] INFO  util.JmxRegister (JmxRegister.java:tryRegister(44)) - Successfully registered JMX Bean with object name Ratis:service=RaftServer,group=group-684C73073592,id=1ea668f3-db9c-4d31-a34d-8fd854f35d67
2019-09-12 14:02:22,474 [pool-169-thread-1] INFO  util.JmxRegister (JmxRegister.java:tryRegister(44)) - Successfully registered JMX Bean with object name Ratis:service=RaftServer,group=group-684C73073592,id=fe044cd5-df1e-4f7f-ac9c-c64980bfad69
2019-09-12 14:02:22,477 [RatisPipelineUtilsThread] INFO  pipeline.PipelineStateManager (PipelineStateManager.java:addPipeline(56)) - Created pipeline Pipeline[ Id: 273ca420-c333-41ca-8da6-684c73073592, Nodes: a8b5f9ad-518b-4332-873e-ffb82f46a5c1{ip: 192.168.5.171, host: pr-hdds-2007-n4wwz-4249666578, networkLocation: /default-rack, certSerialId: null}fe044cd5-df1e-4f7f-ac9c-c64980bfad69{ip: 192.168.5.171, host: pr-hdds-2007-n4wwz-4249666578, networkLocation: /default-rack, certSerialId: null}1ea668f3-db9c-4d31-a34d-8fd854f35d67{ip: 192.168.5.171, host: pr-hdds-2007-n4wwz-4249666578, networkLocation: /default-rack, certSerialId: null}, Type:RATIS, Factor:THREE, State:OPEN]
2019-09-12 14:02:22,525 [grpc-default-executor-0] INFO  client.GrpcClientProtocolClient (GrpcClientProtocolClient.java:onNext(264)) - client-370BC143FE1E->a8b5f9ad-518b-4332-873e-ffb82f46a5c1: receive RaftClientReply:client-370BC143FE1E->a8b5f9ad-518b-4332-873e-ffb82f46a5c1@group-684C73073592, cid=42, FAILED org.apache.ratis.protocol.NotLeaderException: Server a8b5f9ad-518b-4332-873e-ffb82f46a5c1@group-684C73073592 is not the leader, logIndex=0, commits[a8b5f9ad-518b-4332-873e-ffb82f46a5c1:c-1]
2019-09-12 14:02:23,564 [grpc-default-executor-0] INFO  client.GrpcClientProtocolClient (GrpcClientProtocolClient.java:onNext(264)) - client-370BC143FE1E->1ea668f3-db9c-4d31-a34d-8fd854f35d67: receive RaftClientReply:client-370BC143FE1E->1ea668f3-db9c-4d31-a34d-8fd854f35d67@group-684C73073592, cid=42, FAILED org.apache.ratis.protocol.NotLeaderException: Server 1ea668f3-db9c-4d31-a34d-8fd854f35d67@group-684C73073592 is not the leader, logIndex=0, commits[1ea668f3-db9c-4d31-a34d-8fd854f35d67:c-1]
2019-09-12 14:02:24,590 [grpc-default-executor-2] INFO  client.GrpcClientProtocolClient (GrpcClientProtocolClient.java:onNext(264)) - client-370BC143FE1E->fe044cd5-df1e-4f7f-ac9c-c64980bfad69: receive RaftClientReply:client-370BC143FE1E->fe044cd5-df1e-4f7f-ac9c-c64980bfad69@group-684C73073592, cid=42, FAILED org.apache.ratis.protocol.NotLeaderException: Server fe044cd5-df1e-4f7f-ac9c-c64980bfad69@group-684C73073592 is not the leader, logIndex=0, commits[fe044cd5-df1e-4f7f-ac9c-c64980bfad69:c-1]
2019-09-12 14:02:24,867 [Thread-684] INFO  container.ReplicationManager (ReplicationManager.java:start(162)) - Starting Replication Monitor Thread.
2019-09-12 14:02:24,870 [ReplicationMonitor] INFO  container.ReplicationManager (ReplicationManager.java:run(225)) - Replication Monitor Thread took 0 milliseconds for processing 3 containers.
2019-09-12 14:02:25,611 [grpc-default-executor-0] INFO  client.GrpcClientProtocolClient (GrpcClientProtocolClient.java:onNext(264)) - client-370BC143FE1E->a8b5f9ad-518b-4332-873e-ffb82f46a5c1: receive RaftClientReply:client-370BC143FE1E->a8b5f9ad-518b-4332-873e-ffb82f46a5c1@group-684C73073592, cid=42, FAILED org.apache.ratis.protocol.NotLeaderException: Server a8b5f9ad-518b-4332-873e-ffb82f46a5c1@group-684C73073592 is not the leader, logIndex=0, commits[a8b5f9ad-518b-4332-873e-ffb82f46a5c1:c-1]
2019-09-12 14:02:26,634 [grpc-default-executor-0] INFO  client.GrpcClientProtocolClient (GrpcClientProtocolClient.java:onNext(264)) - client-370BC143FE1E->fe044cd5-df1e-4f7f-ac9c-c64980bfad69: receive RaftClientReply:client-370BC143FE1E->fe044cd5-df1e-4f7f-ac9c-c64980bfad69@group-684C73073592, cid=42, FAILED org.apache.ratis.protocol.NotLeaderException: Server fe044cd5-df1e-4f7f-ac9c-c64980bfad69@group-684C73073592 is not the leader, logIndex=0, commits[fe044cd5-df1e-4f7f-ac9c-c64980bfad69:c-1]
2019-09-12 14:02:27,050 [Thread-686] INFO  impl.FollowerState (FollowerState.java:run(106)) - 553a797a-1709-4635-992b-7aee16d4f968:group-5723FEAAB847 changes to CANDIDATE, lastRpcTime:5114, electionTimeout:5114ms
2019-09-12 14:02:27,050 [Thread-686] INFO  impl.RoleInfo (RoleInfo.java:shutdownFollowerState(121)) - 553a797a-1709-4635-992b-7aee16d4f968: shutdown FollowerState
2019-09-12 14:02:27,050 [Thread-686] INFO  impl.RaftServerImpl (RaftServerImpl.java:setRole(174)) - 553a797a-1709-4635-992b-7aee16d4f968@group-5723FEAAB847: changes role from  FOLLOWER to CANDIDATE at term 0 for changeToCandidate
2019-09-12 14:02:27,051 [Thread-686] INFO  impl.RoleInfo (RoleInfo.java:updateAndGet(143)) - 553a797a-1709-4635-992b-7aee16d4f968: start LeaderElection
2019-09-12 14:02:27,069 [Thread-689] INFO  impl.FollowerState (FollowerState.java:run(106)) - d38e2af0-690e-4b19-a435-4282658122bd:group-1975C4363952 changes to CANDIDATE, lastRpcTime:5079, electionTimeout:5079ms
2019-09-12 14:02:27,069 [Thread-689] INFO  impl.RoleInfo (RoleInfo.java:shutdownFollowerState(121)) - d38e2af0-690e-4b19-a435-4282658122bd: shutdown FollowerState
2019-09-12 14:02:27,069 [Thread-689] INFO  impl.RaftServerImpl (RaftServerImpl.java:setRole(174)) - d38e2af0-690e-4b19-a435-4282658122bd@group-1975C4363952: changes role from  FOLLOWER to CANDIDATE at term 0 for changeToCandidate
2019-09-12 14:02:27,069 [Thread-689] INFO  impl.RoleInfo (RoleInfo.java:updateAndGet(143)) - d38e2af0-690e-4b19-a435-4282658122bd: start LeaderElection
2019-09-12 14:02:27,087 [d38e2af0-690e-4b19-a435-4282658122bd@group-1975C4363952:LeaderElection14] INFO  impl.LeaderElection (LeaderElection.java:askForVotes(182)) - d38e2af0-690e-4b19-a435-4282658122bd@group-1975C4363952:LeaderElection14: begin an election at term 1 for -1: [d38e2af0-690e-4b19-a435-4282658122bd:192.168.5.171:37009], old=null
2019-09-12 14:02:27,087 [553a797a-1709-4635-992b-7aee16d4f968@group-5723FEAAB847:LeaderElection13] INFO  impl.LeaderElection (LeaderElection.java:askForVotes(182)) - 553a797a-1709-4635-992b-7aee16d4f968@group-5723FEAAB847:LeaderElection13: begin an election at term 1 for -1: [553a797a-1709-4635-992b-7aee16d4f968:192.168.5.171:35459], old=null
2019-09-12 14:02:27,087 [553a797a-1709-4635-992b-7aee16d4f968@group-5723FEAAB847:LeaderElection13] INFO  impl.RoleInfo (RoleInfo.java:shutdownLeaderElection(134)) - 553a797a-1709-4635-992b-7aee16d4f968: shutdown LeaderElection
2019-09-12 14:02:27,087 [d38e2af0-690e-4b19-a435-4282658122bd@group-1975C4363952:LeaderElection14] INFO  impl.RoleInfo (RoleInfo.java:shutdownLeaderElection(134)) - d38e2af0-690e-4b19-a435-4282658122bd: shutdown LeaderElection
2019-09-12 14:02:27,087 [553a797a-1709-4635-992b-7aee16d4f968@group-5723FEAAB847:LeaderElection13] INFO  impl.RaftServerImpl (RaftServerImpl.java:setRole(174)) - 553a797a-1709-4635-992b-7aee16d4f968@group-5723FEAAB847: changes role from CANDIDATE to LEADER at term 1 for changeToLeader
2019-09-12 14:02:27,087 [d38e2af0-690e-4b19-a435-4282658122bd@group-1975C4363952:LeaderElection14] INFO  impl.RaftServerImpl (RaftServerImpl.java:setRole(174)) - d38e2af0-690e-4b19-a435-4282658122bd@group-1975C4363952: changes role from CANDIDATE to LEADER at term 1 for changeToLeader
2019-09-12 14:02:27,087 [553a797a-1709-4635-992b-7aee16d4f968@group-5723FEAAB847:LeaderElection13] INFO  impl.RaftServerImpl (ServerState.java:setLeader(253)) - 553a797a-1709-4635-992b-7aee16d4f968@group-5723FEAAB847: change Leader from null to 553a797a-1709-4635-992b-7aee16d4f968 at term 1 for becomeLeader, leader elected after 5162ms
2019-09-12 14:02:27,087 [d38e2af0-690e-4b19-a435-4282658122bd@group-1975C4363952:LeaderElection14] INFO  impl.RaftServerImpl (ServerState.java:setLeader(253)) - d38e2af0-690e-4b19-a435-4282658122bd@group-1975C4363952: change Leader from null to d38e2af0-690e-4b19-a435-4282658122bd at term 1 for becomeLeader, leader elected after 5106ms
2019-09-12 14:02:27,090 [553a797a-1709-4635-992b-7aee16d4f968@group-5723FEAAB847:LeaderElection13] INFO  server.RaftServerConfigKeys (ConfUtils.java:logGet(43)) - raft.server.staging.catchup.gap = 1000 (default)
2019-09-12 14:02:27,090 [553a797a-1709-4635-992b-7aee16d4f968@group-5723FEAAB847:LeaderElection13] INFO  server.RaftServerConfigKeys (ConfUtils.java:logGet(43)) - raft.server.rpc.sleep.time = 25ms (default)
2019-09-12 14:02:27,092 [d38e2af0-690e-4b19-a435-4282658122bd@group-1975C4363952:LeaderElection14] INFO  server.RaftServerConfigKeys (ConfUtils.java:logGet(43)) - raft.server.staging.catchup.gap = 1000 (default)
2019-09-12 14:02:27,092 [553a797a-1709-4635-992b-7aee16d4f968@group-5723FEAAB847:LeaderElection13] INFO  server.RaftServerConfigKeys (ConfUtils.java:logGet(43)) - raft.server.write.element-limit = 4096 (default)
2019-09-12 14:02:27,092 [d38e2af0-690e-4b19-a435-4282658122bd@group-1975C4363952:LeaderElection14] INFO  server.RaftServerConfigKeys (ConfUtils.java:logGet(43)) - raft.server.rpc.sleep.time = 25ms (default)
2019-09-12 14:02:27,092 [553a797a-1709-4635-992b-7aee16d4f968@group-5723FEAAB847:LeaderElection13] INFO  server.RaftServerConfigKeys (ConfUtils.java:logGet(43)) - raft.server.watch.timeout = 10s (default)
2019-09-12 14:02:27,093 [d38e2af0-690e-4b19-a435-4282658122bd@group-1975C4363952:LeaderElection14] INFO  server.RaftServerConfigKeys (ConfUtils.java:logGet(43)) - raft.server.write.element-limit = 4096 (default)
2019-09-12 14:02:27,093 [553a797a-1709-4635-992b-7aee16d4f968@group-5723FEAAB847:LeaderElection13] INFO  server.RaftServerConfigKeys (ConfUtils.java:logGet(43)) - raft.server.watch.timeout.denomination = 1s (default)
2019-09-12 14:02:27,093 [d38e2af0-690e-4b19-a435-4282658122bd@group-1975C4363952:LeaderElection14] INFO  server.RaftServerConfigKeys (ConfUtils.java:logGet(43)) - raft.server.watch.timeout = 10s (default)
2019-09-12 14:02:27,093 [553a797a-1709-4635-992b-7aee16d4f968@group-5723FEAAB847:LeaderElection13] INFO  server.RaftServerConfigKeys (ConfUtils.java:logGet(43)) - raft.server.watch.element-limit = 65536 (default)
2019-09-12 14:02:27,093 [d38e2af0-690e-4b19-a435-4282658122bd@group-1975C4363952:LeaderElection14] INFO  server.RaftServerConfigKeys (ConfUtils.java:logGet(43)) - raft.server.watch.timeout.denomination = 1s (default)
2019-09-12 14:02:27,093 [d38e2af0-690e-4b19-a435-4282658122bd@group-1975C4363952:LeaderElection14] INFO  server.RaftServerConfigKeys (ConfUtils.java:logGet(43)) - raft.server.watch.element-limit = 65536 (default)
2019-09-12 14:02:27,096 [553a797a-1709-4635-992b-7aee16d4f968@group-5723FEAAB847:LeaderElection13] INFO  impl.RoleInfo (RoleInfo.java:updateAndGet(143)) - 553a797a-1709-4635-992b-7aee16d4f968: start LeaderState
2019-09-12 14:02:27,096 [d38e2af0-690e-4b19-a435-4282658122bd@group-1975C4363952:LeaderElection14] INFO  impl.RoleInfo (RoleInfo.java:updateAndGet(143)) - d38e2af0-690e-4b19-a435-4282658122bd: start LeaderState
2019-09-12 14:02:27,096 [553a797a-1709-4635-992b-7aee16d4f968@group-5723FEAAB847:LeaderElection13] INFO  segmented.SegmentedRaftLogWorker (SegmentedRaftLogWorker.java:startLogSegment(380)) - 553a797a-1709-4635-992b-7aee16d4f968@group-5723FEAAB847-SegmentedRaftLogWorker: Starting segment from index:0
2019-09-12 14:02:27,096 [d38e2af0-690e-4b19-a435-4282658122bd@group-1975C4363952:LeaderElection14] INFO  segmented.SegmentedRaftLogWorker (SegmentedRaftLogWorker.java:startLogSegment(380)) - d38e2af0-690e-4b19-a435-4282658122bd@group-1975C4363952-SegmentedRaftLogWorker: Starting segment from index:0
2019-09-12 14:02:27,097 [553a797a-1709-4635-992b-7aee16d4f968@group-5723FEAAB847:LeaderElection13] INFO  impl.RaftServerImpl (ServerState.java:setRaftConf(354)) - 553a797a-1709-4635-992b-7aee16d4f968@group-5723FEAAB847: set configuration 0: [553a797a-1709-4635-992b-7aee16d4f968:192.168.5.171:35459], old=null at 0
2019-09-12 14:02:27,097 [d38e2af0-690e-4b19-a435-4282658122bd@group-1975C4363952:LeaderElection14] INFO  impl.RaftServerImpl (ServerState.java:setRaftConf(354)) - d38e2af0-690e-4b19-a435-4282658122bd@group-1975C4363952: set configuration 0: [d38e2af0-690e-4b19-a435-4282658122bd:192.168.5.171:37009], old=null at 0
2019-09-12 14:02:27,135 [Thread-699] INFO  impl.FollowerState (FollowerState.java:run(106)) - 553a797a-1709-4635-992b-7aee16d4f968:group-1DC2CB89E65C changes to CANDIDATE, lastRpcTime:5026, electionTimeout:5026ms
2019-09-12 14:02:27,135 [Thread-699] INFO  impl.RoleInfo (RoleInfo.java:shutdownFollowerState(121)) - 553a797a-1709-4635-992b-7aee16d4f968: shutdown FollowerState
2019-09-12 14:02:27,135 [Thread-699] INFO  impl.RaftServerImpl (RaftServerImpl.java:setRole(174)) - 553a797a-1709-4635-992b-7aee16d4f968@group-1DC2CB89E65C: changes role from  FOLLOWER to CANDIDATE at term 0 for changeToCandidate
2019-09-12 14:02:27,135 [Thread-699] INFO  impl.RoleInfo (RoleInfo.java:updateAndGet(143)) - 553a797a-1709-4635-992b-7aee16d4f968: start LeaderElection
2019-09-12 14:02:27,142 [d38e2af0-690e-4b19-a435-4282658122bd@group-1975C4363952-SegmentedRaftLogWorker] INFO  segmented.SegmentedRaftLogWorker (SegmentedRaftLogWorker.java:execute(569)) - d38e2af0-690e-4b19-a435-4282658122bd@group-1975C4363952-SegmentedRaftLogWorker: created new log segment /workdir/hadoop-ozone/integration-test/target/test-dir/MiniOzoneClusterImpl-757a471d-dced-4024-b429-b50254f0e88a/datanode-1/data/ratis/bb9f256f-fcf0-4113-aafe-1975c4363952/current/log_inprogress_0
2019-09-12 14:02:27,142 [553a797a-1709-4635-992b-7aee16d4f968@group-5723FEAAB847-SegmentedRaftLogWorker] INFO  segmented.SegmentedRaftLogWorker (SegmentedRaftLogWorker.java:execute(569)) - 553a797a-1709-4635-992b-7aee16d4f968@group-5723FEAAB847-SegmentedRaftLogWorker: created new log segment /workdir/hadoop-ozone/integration-test/target/test-dir/MiniOzoneClusterImpl-757a471d-dced-4024-b429-b50254f0e88a/datanode-0/data/ratis/592ac374-1278-40ef-98ac-5723feaab847/current/log_inprogress_0
2019-09-12 14:02:27,157 [553a797a-1709-4635-992b-7aee16d4f968@group-1DC2CB89E65C:LeaderElection15] INFO  impl.LeaderElection (LeaderElection.java:askForVotes(182)) - 553a797a-1709-4635-992b-7aee16d4f968@group-1DC2CB89E65C:LeaderElection15: begin an election at term 1 for -1: [36804342-642d-43a3-bc09-2523fb137eef:192.168.5.171:46500, d38e2af0-690e-4b19-a435-4282658122bd:192.168.5.171:37009, 553a797a-1709-4635-992b-7aee16d4f968:192.168.5.171:35459], old=null
2019-09-12 14:02:27,165 [grpc-default-executor-0] INFO  impl.RaftServerImpl (RaftServerImpl.java:setRole(174)) - d38e2af0-690e-4b19-a435-4282658122bd@group-1DC2CB89E65C: changes role from  FOLLOWER to FOLLOWER at term 1 for recognizeCandidate:553a797a-1709-4635-992b-7aee16d4f968
2019-09-12 14:02:27,165 [grpc-default-executor-2] INFO  impl.RaftServerImpl (RaftServerImpl.java:setRole(174)) - 36804342-642d-43a3-bc09-2523fb137eef@group-1DC2CB89E65C: changes role from  FOLLOWER to FOLLOWER at term 1 for recognizeCandidate:553a797a-1709-4635-992b-7aee16d4f968
2019-09-12 14:02:27,165 [grpc-default-executor-0] INFO  impl.RoleInfo (RoleInfo.java:shutdownFollowerState(121)) - d38e2af0-690e-4b19-a435-4282658122bd: shutdown FollowerState
2019-09-12 14:02:27,166 [grpc-default-executor-2] INFO  impl.RoleInfo (RoleInfo.java:shutdownFollowerState(121)) - 36804342-642d-43a3-bc09-2523fb137eef: shutdown FollowerState
2019-09-12 14:02:27,166 [Thread-697] INFO  impl.FollowerState (FollowerState.java:run(115)) - d38e2af0-690e-4b19-a435-4282658122bd: FollowerState was interrupted: java.lang.InterruptedException: sleep interrupted
2019-09-12 14:02:27,166 [grpc-default-executor-2] INFO  impl.RoleInfo (RoleInfo.java:updateAndGet(143)) - 36804342-642d-43a3-bc09-2523fb137eef: start FollowerState
2019-09-12 14:02:27,166 [grpc-default-executor-0] INFO  impl.RoleInfo (RoleInfo.java:updateAndGet(143)) - d38e2af0-690e-4b19-a435-4282658122bd: start FollowerState
2019-09-12 14:02:27,166 [Thread-700] INFO  impl.FollowerState (FollowerState.java:run(115)) - 36804342-642d-43a3-bc09-2523fb137eef: FollowerState was interrupted: java.lang.InterruptedException: sleep interrupted
2019-09-12 14:02:27,175 [Thread-692] INFO  impl.FollowerState (FollowerState.java:run(106)) - 36804342-642d-43a3-bc09-2523fb137eef:group-406012984DBC changes to CANDIDATE, lastRpcTime:5136, electionTimeout:5136ms
2019-09-12 14:02:27,176 [Thread-692] INFO  impl.RoleInfo (RoleInfo.java:shutdownFollowerState(121)) - 36804342-642d-43a3-bc09-2523fb137eef: shutdown FollowerState
2019-09-12 14:02:27,176 [Thread-692] INFO  impl.RaftServerImpl (RaftServerImpl.java:setRole(174)) - 36804342-642d-43a3-bc09-2523fb137eef@group-406012984DBC: changes role from  FOLLOWER to CANDIDATE at term 0 for changeToCandidate
2019-09-12 14:02:27,176 [Thread-692] INFO  impl.RoleInfo (RoleInfo.java:updateAndGet(143)) - 36804342-642d-43a3-bc09-2523fb137eef: start LeaderElection
2019-09-12 14:02:27,185 [Thread-704] INFO  impl.FollowerState (FollowerState.java:run(106)) - a8b5f9ad-518b-4332-873e-ffb82f46a5c1:group-4333011B3AF4 changes to CANDIDATE, lastRpcTime:5023, electionTimeout:5021ms
2019-09-12 14:02:27,185 [Thread-704] INFO  impl.RoleInfo (RoleInfo.java:shutdownFollowerState(121)) - a8b5f9ad-518b-4332-873e-ffb82f46a5c1: shutdown FollowerState
2019-09-12 14:02:27,185 [Thread-704] INFO  impl.RaftServerImpl (RaftServerImpl.java:setRole(174)) - a8b5f9ad-518b-4332-873e-ffb82f46a5c1@group-4333011B3AF4: changes role from  FOLLOWER to CANDIDATE at term 0 for changeToCandidate
2019-09-12 14:02:27,186 [Thread-704] INFO  impl.RoleInfo (RoleInfo.java:updateAndGet(143)) - a8b5f9ad-518b-4332-873e-ffb82f46a5c1: start LeaderElection
2019-09-12 14:02:27,191 [553a797a-1709-4635-992b-7aee16d4f968@group-1DC2CB89E65C:LeaderElection15] INFO  impl.LeaderElection (LeaderElection.java:logAndReturn(56)) - 553a797a-1709-4635-992b-7aee16d4f968@group-1DC2CB89E65C:LeaderElection15: Election PASSED; received 1 response(s) [553a797a-1709-4635-992b-7aee16d4f968<-36804342-642d-43a3-bc09-2523fb137eef#0:OK-t1] and 0 exception(s); 553a797a-1709-4635-992b-7aee16d4f968@group-1DC2CB89E65C:t1, leader=null, voted=553a797a-1709-4635-992b-7aee16d4f968, raftlog=553a797a-1709-4635-992b-7aee16d4f968@group-1DC2CB89E65C-SegmentedRaftLog:OPENED:c-1,f-1,i0, conf=-1: [36804342-642d-43a3-bc09-2523fb137eef:192.168.5.171:46500, d38e2af0-690e-4b19-a435-4282658122bd:192.168.5.171:37009, 553a797a-1709-4635-992b-7aee16d4f968:192.168.5.171:35459], old=null
2019-09-12 14:02:27,191 [553a797a-1709-4635-992b-7aee16d4f968@group-1DC2CB89E65C:LeaderElection15] INFO  impl.RoleInfo (RoleInfo.java:shutdownLeaderElection(134)) - 553a797a-1709-4635-992b-7aee16d4f968: shutdown LeaderElection
2019-09-12 14:02:27,192 [553a797a-1709-4635-992b-7aee16d4f968@group-1DC2CB89E65C:LeaderElection15] INFO  impl.RaftServerImpl (RaftServerImpl.java:setRole(174)) - 553a797a-1709-4635-992b-7aee16d4f968@group-1DC2CB89E65C: changes role from CANDIDATE to LEADER at term 1 for changeToLeader
2019-09-12 14:02:27,192 [553a797a-1709-4635-992b-7aee16d4f968@group-1DC2CB89E65C:LeaderElection15] INFO  impl.RaftServerImpl (ServerState.java:setLeader(253)) - 553a797a-1709-4635-992b-7aee16d4f968@group-1DC2CB89E65C: change Leader from null to 553a797a-1709-4635-992b-7aee16d4f968 at term 1 for becomeLeader, leader elected after 5110ms
2019-09-12 14:02:27,192 [553a797a-1709-4635-992b-7aee16d4f968@group-1DC2CB89E65C:LeaderElection15] INFO  server.RaftServerConfigKeys (ConfUtils.java:logGet(43)) - raft.server.staging.catchup.gap = 1000 (default)
2019-09-12 14:02:27,192 [553a797a-1709-4635-992b-7aee16d4f968@group-1DC2CB89E65C:LeaderElection15] INFO  server.RaftServerConfigKeys (ConfUtils.java:logGet(43)) - raft.server.rpc.sleep.time = 25ms (default)
2019-09-12 14:02:27,192 [553a797a-1709-4635-992b-7aee16d4f968@group-1DC2CB89E65C:LeaderElection15] INFO  server.RaftServerConfigKeys (ConfUtils.java:logGet(43)) - raft.server.write.element-limit = 4096 (default)
2019-09-12 14:02:27,193 [553a797a-1709-4635-992b-7aee16d4f968@group-1DC2CB89E65C:LeaderElection15] INFO  server.RaftServerConfigKeys (ConfUtils.java:logGet(43)) - raft.server.watch.timeout = 10s (default)
2019-09-12 14:02:27,193 [553a797a-1709-4635-992b-7aee16d4f968@group-1DC2CB89E65C:LeaderElection15] INFO  server.RaftServerConfigKeys (ConfUtils.java:logGet(43)) - raft.server.watch.timeout.denomination = 1s (default)
2019-09-12 14:02:27,193 [553a797a-1709-4635-992b-7aee16d4f968@group-1DC2CB89E65C:LeaderElection15] INFO  server.RaftServerConfigKeys (ConfUtils.java:logGet(43)) - raft.server.watch.element-limit = 65536 (default)
2019-09-12 14:02:27,196 [553a797a-1709-4635-992b-7aee16d4f968@group-1DC2CB89E65C:LeaderElection15] INFO  server.RaftServerConfigKeys (ConfUtils.java:logGet(43)) - raft.server.log.appender.snapshot.chunk.size.max = 16MB (=16777216) (default)
2019-09-12 14:02:27,196 [553a797a-1709-4635-992b-7aee16d4f968@group-1DC2CB89E65C:LeaderElection15] INFO  server.RaftServerConfigKeys (ConfUtils.java:logGet(43)) - raft.server.log.appender.buffer.byte-limit = 33554432 (custom)
2019-09-12 14:02:27,196 [553a797a-1709-4635-992b-7aee16d4f968@group-1DC2CB89E65C:LeaderElection15] INFO  server.RaftServerConfigKeys (ConfUtils.java:logGet(43)) - raft.server.log.appender.buffer.element-limit = 1 (custom)
2019-09-12 14:02:27,197 [553a797a-1709-4635-992b-7aee16d4f968@group-1DC2CB89E65C:LeaderElection15] INFO  grpc.GrpcConfigKeys$Server (ConfUtils.java:logGet(43)) - raft.grpc.server.leader.outstanding.appends.max = 128 (default)
2019-09-12 14:02:27,197 [553a797a-1709-4635-992b-7aee16d4f968@group-1DC2CB89E65C:LeaderElection15] INFO  server.RaftServerConfigKeys (ConfUtils.java:logGet(43)) - raft.server.rpc.request.timeout = 3000ms (default)
2019-09-12 14:02:27,197 [553a797a-1709-4635-992b-7aee16d4f968@group-1DC2CB89E65C:LeaderElection15] INFO  server.RaftServerConfigKeys (ConfUtils.java:logGet(43)) - raft.server.log.appender.install.snapshot.enabled = false (custom)
2019-09-12 14:02:27,198 [553a797a-1709-4635-992b-7aee16d4f968@group-1DC2CB89E65C:LeaderElection15] INFO  server.RaftServerConfigKeys (ConfUtils.java:logGet(43)) - raft.server.log.appender.snapshot.chunk.size.max = 16MB (=16777216) (default)
2019-09-12 14:02:27,198 [553a797a-1709-4635-992b-7aee16d4f968@group-1DC2CB89E65C:LeaderElection15] INFO  server.RaftServerConfigKeys (ConfUtils.java:logGet(43)) - raft.server.log.appender.buffer.byte-limit = 33554432 (custom)
2019-09-12 14:02:27,198 [553a797a-1709-4635-992b-7aee16d4f968@group-1DC2CB89E65C:LeaderElection15] INFO  server.RaftServerConfigKeys (ConfUtils.java:logGet(43)) - raft.server.log.appender.buffer.element-limit = 1 (custom)
2019-09-12 14:02:27,198 [553a797a-1709-4635-992b-7aee16d4f968@group-1DC2CB89E65C:LeaderElection15] INFO  grpc.GrpcConfigKeys$Server (ConfUtils.java:logGet(43)) - raft.grpc.server.leader.outstanding.appends.max = 128 (default)
2019-09-12 14:02:27,199 [553a797a-1709-4635-992b-7aee16d4f968@group-1DC2CB89E65C:LeaderElection15] INFO  server.RaftServerConfigKeys (ConfUtils.java:logGet(43)) - raft.server.rpc.request.timeout = 3000ms (default)
2019-09-12 14:02:27,199 [553a797a-1709-4635-992b-7aee16d4f968@group-1DC2CB89E65C:LeaderElection15] INFO  server.RaftServerConfigKeys (ConfUtils.java:logGet(43)) - raft.server.log.appender.install.snapshot.enabled = false (custom)
2019-09-12 14:02:27,199 [553a797a-1709-4635-992b-7aee16d4f968@group-1DC2CB89E65C:LeaderElection15] INFO  impl.RoleInfo (RoleInfo.java:updateAndGet(143)) - 553a797a-1709-4635-992b-7aee16d4f968: start LeaderState
2019-09-12 14:02:27,200 [553a797a-1709-4635-992b-7aee16d4f968@group-1DC2CB89E65C:LeaderElection15] INFO  segmented.SegmentedRaftLogWorker (SegmentedRaftLogWorker.java:startLogSegment(380)) - 553a797a-1709-4635-992b-7aee16d4f968@group-1DC2CB89E65C-SegmentedRaftLogWorker: Starting segment from index:0
2019-09-12 14:02:27,200 [553a797a-1709-4635-992b-7aee16d4f968@group-1DC2CB89E65C:LeaderElection15] INFO  impl.RaftServerImpl (ServerState.java:setRaftConf(354)) - 553a797a-1709-4635-992b-7aee16d4f968@group-1DC2CB89E65C: set configuration 0: [36804342-642d-43a3-bc09-2523fb137eef:192.168.5.171:46500, d38e2af0-690e-4b19-a435-4282658122bd:192.168.5.171:37009, 553a797a-1709-4635-992b-7aee16d4f968:192.168.5.171:35459], old=null at 0
2019-09-12 14:02:27,203 [36804342-642d-43a3-bc09-2523fb137eef@group-406012984DBC:LeaderElection16] INFO  impl.LeaderElection (LeaderElection.java:askForVotes(182)) - 36804342-642d-43a3-bc09-2523fb137eef@group-406012984DBC:LeaderElection16: begin an election at term 1 for -1: [36804342-642d-43a3-bc09-2523fb137eef:192.168.5.171:46500], old=null
2019-09-12 14:02:27,237 [36804342-642d-43a3-bc09-2523fb137eef@group-406012984DBC:LeaderElection16] INFO  impl.RoleInfo (RoleInfo.java:shutdownLeaderElection(134)) - 36804342-642d-43a3-bc09-2523fb137eef: shutdown LeaderElection
2019-09-12 14:02:27,237 [36804342-642d-43a3-bc09-2523fb137eef@group-406012984DBC:LeaderElection16] INFO  impl.RaftServerImpl (RaftServerImpl.java:setRole(174)) - 36804342-642d-43a3-bc09-2523fb137eef@group-406012984DBC: changes role from CANDIDATE to LEADER at term 1 for changeToLeader
2019-09-12 14:02:27,203 [a8b5f9ad-518b-4332-873e-ffb82f46a5c1@group-4333011B3AF4:LeaderElection17] INFO  impl.LeaderElection (LeaderElection.java:askForVotes(182)) - a8b5f9ad-518b-4332-873e-ffb82f46a5c1@group-4333011B3AF4:LeaderElection17: begin an election at term 1 for -1: [a8b5f9ad-518b-4332-873e-ffb82f46a5c1:192.168.5.171:37608], old=null
2019-09-12 14:02:27,237 [36804342-642d-43a3-bc09-2523fb137eef@group-406012984DBC:LeaderElection16] INFO  impl.RaftServerImpl (ServerState.java:setLeader(253)) - 36804342-642d-43a3-bc09-2523fb137eef@group-406012984DBC: change Leader from null to 36804342-642d-43a3-bc09-2523fb137eef at term 1 for becomeLeader, leader elected after 5205ms
2019-09-12 14:02:27,240 [a8b5f9ad-518b-4332-873e-ffb82f46a5c1@group-4333011B3AF4:LeaderElection17] INFO  impl.RoleInfo (RoleInfo.java:shutdownLeaderElection(134)) - a8b5f9ad-518b-4332-873e-ffb82f46a5c1: shutdown LeaderElection
2019-09-12 14:02:27,243 [36804342-642d-43a3-bc09-2523fb137eef@group-406012984DBC:LeaderElection16] INFO  server.RaftServerConfigKeys (ConfUtils.java:logGet(43)) - raft.server.staging.catchup.gap = 1000 (default)
2019-09-12 14:02:27,243 [a8b5f9ad-518b-4332-873e-ffb82f46a5c1@group-4333011B3AF4:LeaderElection17] INFO  impl.RaftServerImpl (RaftServerImpl.java:setRole(174)) - a8b5f9ad-518b-4332-873e-ffb82f46a5c1@group-4333011B3AF4: changes role from CANDIDATE to LEADER at term 1 for changeToLeader
2019-09-12 14:02:27,243 [36804342-642d-43a3-bc09-2523fb137eef@group-406012984DBC:LeaderElection16] INFO  server.RaftServerConfigKeys (ConfUtils.java:logGet(43)) - raft.server.rpc.sleep.time = 25ms (default)
2019-09-12 14:02:27,243 [a8b5f9ad-518b-4332-873e-ffb82f46a5c1@group-4333011B3AF4:LeaderElection17] INFO  impl.RaftServerImpl (ServerState.java:setLeader(253)) - a8b5f9ad-518b-4332-873e-ffb82f46a5c1@group-4333011B3AF4: change Leader from null to a8b5f9ad-518b-4332-873e-ffb82f46a5c1 at term 1 for becomeLeader, leader elected after 5091ms
2019-09-12 14:02:27,244 [36804342-642d-43a3-bc09-2523fb137eef@group-406012984DBC:LeaderElection16] INFO  server.RaftServerConfigKeys (ConfUtils.java:logGet(43)) - raft.server.write.element-limit = 4096 (default)
2019-09-12 14:02:27,246 [a8b5f9ad-518b-4332-873e-ffb82f46a5c1@group-4333011B3AF4:LeaderElection17] INFO  server.RaftServerConfigKeys (ConfUtils.java:logGet(43)) - raft.server.staging.catchup.gap = 1000 (default)
2019-09-12 14:02:27,246 [36804342-642d-43a3-bc09-2523fb137eef@group-406012984DBC:LeaderElection16] INFO  server.RaftServerConfigKeys (ConfUtils.java:logGet(43)) - raft.server.watch.timeout = 10s (default)
2019-09-12 14:02:27,247 [a8b5f9ad-518b-4332-873e-ffb82f46a5c1@group-4333011B3AF4:LeaderElection17] INFO  server.RaftServerConfigKeys (ConfUtils.java:logGet(43)) - raft.server.rpc.sleep.time = 25ms (default)
2019-09-12 14:02:27,247 [36804342-642d-43a3-bc09-2523fb137eef@group-406012984DBC:LeaderElection16] INFO  server.RaftServerConfigKeys (ConfUtils.java:logGet(43)) - raft.server.watch.timeout.denomination = 1s (default)
2019-09-12 14:02:27,247 [a8b5f9ad-518b-4332-873e-ffb82f46a5c1@group-4333011B3AF4:LeaderElection17] INFO  server.RaftServerConfigKeys (ConfUtils.java:logGet(43)) - raft.server.write.element-limit = 4096 (default)
2019-09-12 14:02:27,247 [36804342-642d-43a3-bc09-2523fb137eef@group-406012984DBC:LeaderElection16] INFO  server.RaftServerConfigKeys (ConfUtils.java:logGet(43)) - raft.server.watch.element-limit = 65536 (default)
2019-09-12 14:02:27,247 [a8b5f9ad-518b-4332-873e-ffb82f46a5c1@group-4333011B3AF4:LeaderElection17] INFO  server.RaftServerConfigKeys (ConfUtils.java:logGet(43)) - raft.server.watch.timeout = 10s (default)
2019-09-12 14:02:27,250 [grpc-default-executor-0] INFO  impl.RaftServerImpl (ServerState.java:setLeader(253)) - 36804342-642d-43a3-bc09-2523fb137eef@group-1DC2CB89E65C: change Leader from null to 553a797a-1709-4635-992b-7aee16d4f968 at term 1 for appendEntries, leader elected after 5168ms
2019-09-12 14:02:27,250 [grpc-default-executor-2] INFO  impl.RaftServerImpl (ServerState.java:setLeader(253)) - d38e2af0-690e-4b19-a435-4282658122bd@group-1DC2CB89E65C: change Leader from null to 553a797a-1709-4635-992b-7aee16d4f968 at term 1 for appendEntries, leader elected after 5168ms
2019-09-12 14:02:27,250 [a8b5f9ad-518b-4332-873e-ffb82f46a5c1@group-4333011B3AF4:LeaderElection17] INFO  server.RaftServerConfigKeys (ConfUtils.java:logGet(43)) - raft.server.watch.timeout.denomination = 1s (default)
2019-09-12 14:02:27,251 [a8b5f9ad-518b-4332-873e-ffb82f46a5c1@group-4333011B3AF4:LeaderElection17] INFO  server.RaftServerConfigKeys (ConfUtils.java:logGet(43)) - raft.server.watch.element-limit = 65536 (default)
2019-09-12 14:02:27,252 [553a797a-1709-4635-992b-7aee16d4f968@group-1DC2CB89E65C-SegmentedRaftLogWorker] INFO  segmented.SegmentedRaftLogWorker (SegmentedRaftLogWorker.java:execute(569)) - 553a797a-1709-4635-992b-7aee16d4f968@group-1DC2CB89E65C-SegmentedRaftLogWorker: created new log segment /workdir/hadoop-ozone/integration-test/target/test-dir/MiniOzoneClusterImpl-757a471d-dced-4024-b429-b50254f0e88a/datanode-0/data/ratis/4c1e65d8-424d-4aa4-96ba-1dc2cb89e65c/current/log_inprogress_0
2019-09-12 14:02:27,258 [grpc-default-executor-0] INFO  impl.RaftServerImpl (ServerState.java:setRaftConf(354)) - 36804342-642d-43a3-bc09-2523fb137eef@group-1DC2CB89E65C: set configuration 0: [36804342-642d-43a3-bc09-2523fb137eef:192.168.5.171:46500, d38e2af0-690e-4b19-a435-4282658122bd:192.168.5.171:37009, 553a797a-1709-4635-992b-7aee16d4f968:192.168.5.171:35459], old=null at 0
2019-09-12 14:02:27,258 [36804342-642d-43a3-bc09-2523fb137eef@group-406012984DBC:LeaderElection16] INFO  impl.RoleInfo (RoleInfo.java:updateAndGet(143)) - 36804342-642d-43a3-bc09-2523fb137eef: start LeaderState
2019-09-12 14:02:27,258 [grpc-default-executor-2] INFO  impl.RaftServerImpl (ServerState.java:setRaftConf(354)) - d38e2af0-690e-4b19-a435-4282658122bd@group-1DC2CB89E65C: set configuration 0: [36804342-642d-43a3-bc09-2523fb137eef:192.168.5.171:46500, d38e2af0-690e-4b19-a435-4282658122bd:192.168.5.171:37009, 553a797a-1709-4635-992b-7aee16d4f968:192.168.5.171:35459], old=null at 0
2019-09-12 14:02:27,259 [36804342-642d-43a3-bc09-2523fb137eef@group-406012984DBC:LeaderElection16] INFO  segmented.SegmentedRaftLogWorker (SegmentedRaftLogWorker.java:startLogSegment(380)) - 36804342-642d-43a3-bc09-2523fb137eef@group-406012984DBC-SegmentedRaftLogWorker: Starting segment from index:0
2019-09-12 14:02:27,258 [grpc-default-executor-0] INFO  segmented.SegmentedRaftLogWorker (SegmentedRaftLogWorker.java:startLogSegment(380)) - 36804342-642d-43a3-bc09-2523fb137eef@group-1DC2CB89E65C-SegmentedRaftLogWorker: Starting segment from index:0
2019-09-12 14:02:27,259 [36804342-642d-43a3-bc09-2523fb137eef@group-406012984DBC:LeaderElection16] INFO  impl.RaftServerImpl (ServerState.java:setRaftConf(354)) - 36804342-642d-43a3-bc09-2523fb137eef@group-406012984DBC: set configuration 0: [36804342-642d-43a3-bc09-2523fb137eef:192.168.5.171:46500], old=null at 0
2019-09-12 14:02:27,259 [a8b5f9ad-518b-4332-873e-ffb82f46a5c1@group-4333011B3AF4:LeaderElection17] INFO  impl.RoleInfo (RoleInfo.java:updateAndGet(143)) - a8b5f9ad-518b-4332-873e-ffb82f46a5c1: start LeaderState
2019-09-12 14:02:27,259 [grpc-default-executor-2] INFO  segmented.SegmentedRaftLogWorker (SegmentedRaftLogWorker.java:startLogSegment(380)) - d38e2af0-690e-4b19-a435-4282658122bd@group-1DC2CB89E65C-SegmentedRaftLogWorker: Starting segment from index:0
2019-09-12 14:02:27,293 [a8b5f9ad-518b-4332-873e-ffb82f46a5c1@group-4333011B3AF4:LeaderElection17] INFO  segmented.SegmentedRaftLogWorker (SegmentedRaftLogWorker.java:startLogSegment(380)) - a8b5f9ad-518b-4332-873e-ffb82f46a5c1@group-4333011B3AF4-SegmentedRaftLogWorker: Starting segment from index:0
2019-09-12 14:02:27,293 [a8b5f9ad-518b-4332-873e-ffb82f46a5c1@group-4333011B3AF4:LeaderElection17] INFO  impl.RaftServerImpl (ServerState.java:setRaftConf(354)) - a8b5f9ad-518b-4332-873e-ffb82f46a5c1@group-4333011B3AF4: set configuration 0: [a8b5f9ad-518b-4332-873e-ffb82f46a5c1:192.168.5.171:37608], old=null at 0
2019-09-12 14:02:27,315 [36804342-642d-43a3-bc09-2523fb137eef@group-406012984DBC-SegmentedRaftLogWorker] INFO  segmented.SegmentedRaftLogWorker (SegmentedRaftLogWorker.java:execute(569)) - 36804342-642d-43a3-bc09-2523fb137eef@group-406012984DBC-SegmentedRaftLogWorker: created new log segment /workdir/hadoop-ozone/integration-test/target/test-dir/MiniOzoneClusterImpl-757a471d-dced-4024-b429-b50254f0e88a/datanode-2/data/ratis/e646dcc6-d52e-4547-aea8-406012984dbc/current/log_inprogress_0
2019-09-12 14:02:27,330 [36804342-642d-43a3-bc09-2523fb137eef@group-1DC2CB89E65C-SegmentedRaftLogWorker] INFO  segmented.SegmentedRaftLogWorker (SegmentedRaftLogWorker.java:execute(569)) - 36804342-642d-43a3-bc09-2523fb137eef@group-1DC2CB89E65C-SegmentedRaftLogWorker: created new log segment /workdir/hadoop-ozone/integration-test/target/test-dir/MiniOzoneClusterImpl-757a471d-dced-4024-b429-b50254f0e88a/datanode-2/data/ratis/4c1e65d8-424d-4aa4-96ba-1dc2cb89e65c/current/log_inprogress_0
2019-09-12 14:02:27,338 [Thread-707] INFO  impl.FollowerState (FollowerState.java:run(106)) - 1ea668f3-db9c-4d31-a34d-8fd854f35d67:group-F701E44CCB93 changes to CANDIDATE, lastRpcTime:5094, electionTimeout:5094ms
2019-09-12 14:02:27,338 [Thread-707] INFO  impl.RoleInfo (RoleInfo.java:shutdownFollowerState(121)) - 1ea668f3-db9c-4d31-a34d-8fd854f35d67: shutdown FollowerState
2019-09-12 14:02:27,338 [Thread-707] INFO  impl.RaftServerImpl (RaftServerImpl.java:setRole(174)) - 1ea668f3-db9c-4d31-a34d-8fd854f35d67@group-F701E44CCB93: changes role from  FOLLOWER to CANDIDATE at term 0 for changeToCandidate
2019-09-12 14:02:27,339 [Thread-707] INFO  impl.RoleInfo (RoleInfo.java:updateAndGet(143)) - 1ea668f3-db9c-4d31-a34d-8fd854f35d67: start LeaderElection
2019-09-12 14:02:27,365 [a8b5f9ad-518b-4332-873e-ffb82f46a5c1@group-4333011B3AF4-SegmentedRaftLogWorker] INFO  segmented.SegmentedRaftLogWorker (SegmentedRaftLogWorker.java:execute(569)) - a8b5f9ad-518b-4332-873e-ffb82f46a5c1@group-4333011B3AF4-SegmentedRaftLogWorker: created new log segment /workdir/hadoop-ozone/integration-test/target/test-dir/MiniOzoneClusterImpl-757a471d-dced-4024-b429-b50254f0e88a/datanode-3/data/ratis/1f4dce76-5180-4c37-a208-4333011b3af4/current/log_inprogress_0
2019-09-12 14:02:27,365 [d38e2af0-690e-4b19-a435-4282658122bd@group-1DC2CB89E65C-SegmentedRaftLogWorker] INFO  segmented.SegmentedRaftLogWorker (SegmentedRaftLogWorker.java:execute(569)) - d38e2af0-690e-4b19-a435-4282658122bd@group-1DC2CB89E65C-SegmentedRaftLogWorker: created new log segment /workdir/hadoop-ozone/integration-test/target/test-dir/MiniOzoneClusterImpl-757a471d-dced-4024-b429-b50254f0e88a/datanode-1/data/ratis/4c1e65d8-424d-4aa4-96ba-1dc2cb89e65c/current/log_inprogress_0
2019-09-12 14:02:27,365 [1ea668f3-db9c-4d31-a34d-8fd854f35d67@group-F701E44CCB93:LeaderElection18] INFO  impl.LeaderElection (LeaderElection.java:askForVotes(182)) - 1ea668f3-db9c-4d31-a34d-8fd854f35d67@group-F701E44CCB93:LeaderElection18: begin an election at term 1 for -1: [1ea668f3-db9c-4d31-a34d-8fd854f35d67:192.168.5.171:46566], old=null
2019-09-12 14:02:27,366 [1ea668f3-db9c-4d31-a34d-8fd854f35d67@group-F701E44CCB93:LeaderElection18] INFO  impl.RoleInfo (RoleInfo.java:shutdownLeaderElection(134)) - 1ea668f3-db9c-4d31-a34d-8fd854f35d67: shutdown LeaderElection
2019-09-12 14:02:27,366 [1ea668f3-db9c-4d31-a34d-8fd854f35d67@group-F701E44CCB93:LeaderElection18] INFO  impl.RaftServerImpl (RaftServerImpl.java:setRole(174)) - 1ea668f3-db9c-4d31-a34d-8fd854f35d67@group-F701E44CCB93: changes role from CANDIDATE to LEADER at term 1 for changeToLeader
2019-09-12 14:02:27,366 [1ea668f3-db9c-4d31-a34d-8fd854f35d67@group-F701E44CCB93:LeaderElection18] INFO  impl.RaftServerImpl (ServerState.java:setLeader(253)) - 1ea668f3-db9c-4d31-a34d-8fd854f35d67@group-F701E44CCB93: change Leader from null to 1ea668f3-db9c-4d31-a34d-8fd854f35d67 at term 1 for becomeLeader, leader elected after 5128ms
2019-09-12 14:02:27,368 [1ea668f3-db9c-4d31-a34d-8fd854f35d67@group-F701E44CCB93:LeaderElection18] INFO  server.RaftServerConfigKeys (ConfUtils.java:logGet(43)) - raft.server.staging.catchup.gap = 1000 (default)
2019-09-12 14:02:27,368 [1ea668f3-db9c-4d31-a34d-8fd854f35d67@group-F701E44CCB93:LeaderElection18] INFO  server.RaftServerConfigKeys (ConfUtils.java:logGet(43)) - raft.server.rpc.sleep.time = 25ms (default)
2019-09-12 14:02:27,368 [1ea668f3-db9c-4d31-a34d-8fd854f35d67@group-F701E44CCB93:LeaderElection18] INFO  server.RaftServerConfigKeys (ConfUtils.java:logGet(43)) - raft.server.write.element-limit = 4096 (default)
2019-09-12 14:02:27,369 [1ea668f3-db9c-4d31-a34d-8fd854f35d67@group-F701E44CCB93:LeaderElection18] INFO  server.RaftServerConfigKeys (ConfUtils.java:logGet(43)) - raft.server.watch.timeout = 10s (default)
2019-09-12 14:02:27,369 [1ea668f3-db9c-4d31-a34d-8fd854f35d67@group-F701E44CCB93:LeaderElection18] INFO  server.RaftServerConfigKeys (ConfUtils.java:logGet(43)) - raft.server.watch.timeout.denomination = 1s (default)
2019-09-12 14:02:27,369 [1ea668f3-db9c-4d31-a34d-8fd854f35d67@group-F701E44CCB93:LeaderElection18] INFO  server.RaftServerConfigKeys (ConfUtils.java:logGet(43)) - raft.server.watch.element-limit = 65536 (default)
2019-09-12 14:02:27,372 [1ea668f3-db9c-4d31-a34d-8fd854f35d67@group-F701E44CCB93:LeaderElection18] INFO  impl.RoleInfo (RoleInfo.java:updateAndGet(143)) - 1ea668f3-db9c-4d31-a34d-8fd854f35d67: start LeaderState
2019-09-12 14:02:27,372 [1ea668f3-db9c-4d31-a34d-8fd854f35d67@group-F701E44CCB93:LeaderElection18] INFO  segmented.SegmentedRaftLogWorker (SegmentedRaftLogWorker.java:startLogSegment(380)) - 1ea668f3-db9c-4d31-a34d-8fd854f35d67@group-F701E44CCB93-SegmentedRaftLogWorker: Starting segment from index:0
2019-09-12 14:02:27,373 [1ea668f3-db9c-4d31-a34d-8fd854f35d67@group-F701E44CCB93:LeaderElection18] INFO  impl.RaftServerImpl (ServerState.java:setRaftConf(354)) - 1ea668f3-db9c-4d31-a34d-8fd854f35d67@group-F701E44CCB93: set configuration 0: [1ea668f3-db9c-4d31-a34d-8fd854f35d67:192.168.5.171:46566], old=null at 0
2019-09-12 14:02:27,419 [1ea668f3-db9c-4d31-a34d-8fd854f35d67@group-F701E44CCB93-SegmentedRaftLogWorker] INFO  segmented.SegmentedRaftLogWorker (SegmentedRaftLogWorker.java:execute(569)) - 1ea668f3-db9c-4d31-a34d-8fd854f35d67@group-F701E44CCB93-SegmentedRaftLogWorker: created new log segment /workdir/hadoop-ozone/integration-test/target/test-dir/MiniOzoneClusterImpl-757a471d-dced-4024-b429-b50254f0e88a/datanode-4/data/ratis/959a308f-c404-4066-808c-f701e44ccb93/current/log_inprogress_0
2019-09-12 14:02:27,442 [Thread-712] INFO  impl.FollowerState (FollowerState.java:run(106)) - fe044cd5-df1e-4f7f-ac9c-c64980bfad69:group-6588FBA5105A changes to CANDIDATE, lastRpcTime:5112, electionTimeout:5112ms
2019-09-12 14:02:27,442 [Thread-712] INFO  impl.RoleInfo (RoleInfo.java:shutdownFollowerState(121)) - fe044cd5-df1e-4f7f-ac9c-c64980bfad69: shutdown FollowerState
2019-09-12 14:02:27,442 [Thread-712] INFO  impl.RaftServerImpl (RaftServerImpl.java:setRole(174)) - fe044cd5-df1e-4f7f-ac9c-c64980bfad69@group-6588FBA5105A: changes role from  FOLLOWER to CANDIDATE at term 0 for changeToCandidate
2019-09-12 14:02:27,442 [Thread-712] INFO  impl.RoleInfo (RoleInfo.java:updateAndGet(143)) - fe044cd5-df1e-4f7f-ac9c-c64980bfad69: start LeaderElection
2019-09-12 14:02:27,464 [fe044cd5-df1e-4f7f-ac9c-c64980bfad69@group-6588FBA5105A:LeaderElection19] INFO  impl.LeaderElection (LeaderElection.java:askForVotes(182)) - fe044cd5-df1e-4f7f-ac9c-c64980bfad69@group-6588FBA5105A:LeaderElection19: begin an election at term 1 for -1: [fe044cd5-df1e-4f7f-ac9c-c64980bfad69:192.168.5.171:42111], old=null
2019-09-12 14:02:27,464 [fe044cd5-df1e-4f7f-ac9c-c64980bfad69@group-6588FBA5105A:LeaderElection19] INFO  impl.RoleInfo (RoleInfo.java:shutdownLeaderElection(134)) - fe044cd5-df1e-4f7f-ac9c-c64980bfad69: shutdown LeaderElection
2019-09-12 14:02:27,464 [fe044cd5-df1e-4f7f-ac9c-c64980bfad69@group-6588FBA5105A:LeaderElection19] INFO  impl.RaftServerImpl (RaftServerImpl.java:setRole(174)) - fe044cd5-df1e-4f7f-ac9c-c64980bfad69@group-6588FBA5105A: changes role from CANDIDATE to LEADER at term 1 for changeToLeader
2019-09-12 14:02:27,464 [fe044cd5-df1e-4f7f-ac9c-c64980bfad69@group-6588FBA5105A:LeaderElection19] INFO  impl.RaftServerImpl (ServerState.java:setLeader(253)) - fe044cd5-df1e-4f7f-ac9c-c64980bfad69@group-6588FBA5105A: change Leader from null to fe044cd5-df1e-4f7f-ac9c-c64980bfad69 at term 1 for becomeLeader, leader elected after 5151ms
2019-09-12 14:02:27,467 [fe044cd5-df1e-4f7f-ac9c-c64980bfad69@group-6588FBA5105A:LeaderElection19] INFO  server.RaftServerConfigKeys (ConfUtils.java:logGet(43)) - raft.server.staging.catchup.gap = 1000 (default)
2019-09-12 14:02:27,467 [fe044cd5-df1e-4f7f-ac9c-c64980bfad69@group-6588FBA5105A:LeaderElection19] INFO  server.RaftServerConfigKeys (ConfUtils.java:logGet(43)) - raft.server.rpc.sleep.time = 25ms (default)
2019-09-12 14:02:27,467 [fe044cd5-df1e-4f7f-ac9c-c64980bfad69@group-6588FBA5105A:LeaderElection19] INFO  server.RaftServerConfigKeys (ConfUtils.java:logGet(43)) - raft.server.write.element-limit = 4096 (default)
2019-09-12 14:02:27,467 [fe044cd5-df1e-4f7f-ac9c-c64980bfad69@group-6588FBA5105A:LeaderElection19] INFO  server.RaftServerConfigKeys (ConfUtils.java:logGet(43)) - raft.server.watch.timeout = 10s (default)
2019-09-12 14:02:27,467 [fe044cd5-df1e-4f7f-ac9c-c64980bfad69@group-6588FBA5105A:LeaderElection19] INFO  server.RaftServerConfigKeys (ConfUtils.java:logGet(43)) - raft.server.watch.timeout.denomination = 1s (default)
2019-09-12 14:02:27,467 [fe044cd5-df1e-4f7f-ac9c-c64980bfad69@group-6588FBA5105A:LeaderElection19] INFO  server.RaftServerConfigKeys (ConfUtils.java:logGet(43)) - raft.server.watch.element-limit = 65536 (default)
2019-09-12 14:02:27,470 [fe044cd5-df1e-4f7f-ac9c-c64980bfad69@group-6588FBA5105A:LeaderElection19] INFO  impl.RoleInfo (RoleInfo.java:updateAndGet(143)) - fe044cd5-df1e-4f7f-ac9c-c64980bfad69: start LeaderState
2019-09-12 14:02:27,470 [fe044cd5-df1e-4f7f-ac9c-c64980bfad69@group-6588FBA5105A:LeaderElection19] INFO  segmented.SegmentedRaftLogWorker (SegmentedRaftLogWorker.java:startLogSegment(380)) - fe044cd5-df1e-4f7f-ac9c-c64980bfad69@group-6588FBA5105A-SegmentedRaftLogWorker: Starting segment from index:0
2019-09-12 14:02:27,470 [fe044cd5-df1e-4f7f-ac9c-c64980bfad69@group-6588FBA5105A:LeaderElection19] INFO  impl.RaftServerImpl (ServerState.java:setRaftConf(354)) - fe044cd5-df1e-4f7f-ac9c-c64980bfad69@group-6588FBA5105A: set configuration 0: [fe044cd5-df1e-4f7f-ac9c-c64980bfad69:192.168.5.171:42111], old=null at 0
2019-09-12 14:02:27,508 [Thread-722] INFO  impl.FollowerState (FollowerState.java:run(106)) - 1ea668f3-db9c-4d31-a34d-8fd854f35d67:group-684C73073592 changes to CANDIDATE, lastRpcTime:5034, electionTimeout:5027ms
2019-09-12 14:02:27,508 [Thread-722] INFO  impl.RoleInfo (RoleInfo.java:shutdownFollowerState(121)) - 1ea668f3-db9c-4d31-a34d-8fd854f35d67: shutdown FollowerState
2019-09-12 14:02:27,508 [Thread-722] INFO  impl.RaftServerImpl (RaftServerImpl.java:setRole(174)) - 1ea668f3-db9c-4d31-a34d-8fd854f35d67@group-684C73073592: changes role from  FOLLOWER to CANDIDATE at term 0 for changeToCandidate
2019-09-12 14:02:27,508 [Thread-722] INFO  impl.RoleInfo (RoleInfo.java:updateAndGet(143)) - 1ea668f3-db9c-4d31-a34d-8fd854f35d67: start LeaderElection
2019-09-12 14:02:27,511 [Thread-720] INFO  impl.FollowerState (FollowerState.java:run(106)) - a8b5f9ad-518b-4332-873e-ffb82f46a5c1:group-684C73073592 changes to CANDIDATE, lastRpcTime:5039, electionTimeout:5039ms
2019-09-12 14:02:27,511 [Thread-720] INFO  impl.RoleInfo (RoleInfo.java:shutdownFollowerState(121)) - a8b5f9ad-518b-4332-873e-ffb82f46a5c1: shutdown FollowerState
2019-09-12 14:02:27,512 [Thread-720] INFO  impl.RaftServerImpl (RaftServerImpl.java:setRole(174)) - a8b5f9ad-518b-4332-873e-ffb82f46a5c1@group-684C73073592: changes role from  FOLLOWER to CANDIDATE at term 0 for changeToCandidate
2019-09-12 14:02:27,512 [Thread-720] INFO  impl.RoleInfo (RoleInfo.java:updateAndGet(143)) - a8b5f9ad-518b-4332-873e-ffb82f46a5c1: start LeaderElection
2019-09-12 14:02:27,523 [fe044cd5-df1e-4f7f-ac9c-c64980bfad69@group-6588FBA5105A-SegmentedRaftLogWorker] INFO  segmented.SegmentedRaftLogWorker (SegmentedRaftLogWorker.java:execute(569)) - fe044cd5-df1e-4f7f-ac9c-c64980bfad69@group-6588FBA5105A-SegmentedRaftLogWorker: created new log segment /workdir/hadoop-ozone/integration-test/target/test-dir/MiniOzoneClusterImpl-757a471d-dced-4024-b429-b50254f0e88a/datanode-5/data/ratis/364e72c2-8580-44b6-a01e-6588fba5105a/current/log_inprogress_0
2019-09-12 14:02:27,533 [Thread-723] INFO  impl.FollowerState (FollowerState.java:run(106)) - fe044cd5-df1e-4f7f-ac9c-c64980bfad69:group-684C73073592 changes to CANDIDATE, lastRpcTime:5059, electionTimeout:5059ms
2019-09-12 14:02:27,533 [Thread-723] INFO  impl.RoleInfo (RoleInfo.java:shutdownFollowerState(121)) - fe044cd5-df1e-4f7f-ac9c-c64980bfad69: shutdown FollowerState
2019-09-12 14:02:27,534 [Thread-723] INFO  impl.RaftServerImpl (RaftServerImpl.java:setRole(174)) - fe044cd5-df1e-4f7f-ac9c-c64980bfad69@group-684C73073592: changes role from  FOLLOWER to CANDIDATE at term 0 for changeToCandidate
2019-09-12 14:02:27,534 [Thread-723] INFO  impl.RoleInfo (RoleInfo.java:updateAndGet(143)) - fe044cd5-df1e-4f7f-ac9c-c64980bfad69: start LeaderElection
2019-09-12 14:02:27,540 [a8b5f9ad-518b-4332-873e-ffb82f46a5c1@group-684C73073592:LeaderElection21] INFO  impl.LeaderElection (LeaderElection.java:askForVotes(182)) - a8b5f9ad-518b-4332-873e-ffb82f46a5c1@group-684C73073592:LeaderElection21: begin an election at term 1 for -1: [a8b5f9ad-518b-4332-873e-ffb82f46a5c1:192.168.5.171:37608, fe044cd5-df1e-4f7f-ac9c-c64980bfad69:192.168.5.171:42111, 1ea668f3-db9c-4d31-a34d-8fd854f35d67:192.168.5.171:46566], old=null
2019-09-12 14:02:27,540 [1ea668f3-db9c-4d31-a34d-8fd854f35d67@group-684C73073592:LeaderElection20] INFO  impl.LeaderElection (LeaderElection.java:askForVotes(182)) - 1ea668f3-db9c-4d31-a34d-8fd854f35d67@group-684C73073592:LeaderElection20: begin an election at term 1 for -1: [a8b5f9ad-518b-4332-873e-ffb82f46a5c1:192.168.5.171:37608, fe044cd5-df1e-4f7f-ac9c-c64980bfad69:192.168.5.171:42111, 1ea668f3-db9c-4d31-a34d-8fd854f35d67:192.168.5.171:46566], old=null
2019-09-12 14:02:27,555 [fe044cd5-df1e-4f7f-ac9c-c64980bfad69@group-684C73073592:LeaderElection22] INFO  impl.LeaderElection (LeaderElection.java:askForVotes(182)) - fe044cd5-df1e-4f7f-ac9c-c64980bfad69@group-684C73073592:LeaderElection22: begin an election at term 1 for -1: [a8b5f9ad-518b-4332-873e-ffb82f46a5c1:192.168.5.171:37608, fe044cd5-df1e-4f7f-ac9c-c64980bfad69:192.168.5.171:42111, 1ea668f3-db9c-4d31-a34d-8fd854f35d67:192.168.5.171:46566], old=null
2019-09-12 14:02:27,557 [1ea668f3-db9c-4d31-a34d-8fd854f35d67@group-684C73073592:LeaderElection20] INFO  impl.LeaderElection (LeaderElection.java:logAndReturn(56)) - 1ea668f3-db9c-4d31-a34d-8fd854f35d67@group-684C73073592:LeaderElection20: Election REJECTED; received 2 response(s) [1ea668f3-db9c-4d31-a34d-8fd854f35d67<-a8b5f9ad-518b-4332-873e-ffb82f46a5c1#0:FAIL-t1, 1ea668f3-db9c-4d31-a34d-8fd854f35d67<-fe044cd5-df1e-4f7f-ac9c-c64980bfad69#0:FAIL-t1] and 0 exception(s); 1ea668f3-db9c-4d31-a34d-8fd854f35d67@group-684C73073592:t1, leader=null, voted=1ea668f3-db9c-4d31-a34d-8fd854f35d67, raftlog=1ea668f3-db9c-4d31-a34d-8fd854f35d67@group-684C73073592-SegmentedRaftLog:OPENED:c-1,f-1,i0, conf=-1: [a8b5f9ad-518b-4332-873e-ffb82f46a5c1:192.168.5.171:37608, fe044cd5-df1e-4f7f-ac9c-c64980bfad69:192.168.5.171:42111, 1ea668f3-db9c-4d31-a34d-8fd854f35d67:192.168.5.171:46566], old=null
2019-09-12 14:02:27,557 [a8b5f9ad-518b-4332-873e-ffb82f46a5c1@group-684C73073592:LeaderElection21] INFO  impl.LeaderElection (LeaderElection.java:logAndReturn(56)) - a8b5f9ad-518b-4332-873e-ffb82f46a5c1@group-684C73073592:LeaderElection21: Election REJECTED; received 2 response(s) [a8b5f9ad-518b-4332-873e-ffb82f46a5c1<-fe044cd5-df1e-4f7f-ac9c-c64980bfad69#0:FAIL-t1, a8b5f9ad-518b-4332-873e-ffb82f46a5c1<-1ea668f3-db9c-4d31-a34d-8fd854f35d67#0:FAIL-t1] and 0 exception(s); a8b5f9ad-518b-4332-873e-ffb82f46a5c1@group-684C73073592:t1, leader=null, voted=a8b5f9ad-518b-4332-873e-ffb82f46a5c1, raftlog=a8b5f9ad-518b-4332-873e-ffb82f46a5c1@group-684C73073592-SegmentedRaftLog:OPENED:c-1,f-1,i0, conf=-1: [a8b5f9ad-518b-4332-873e-ffb82f46a5c1:192.168.5.171:37608, fe044cd5-df1e-4f7f-ac9c-c64980bfad69:192.168.5.171:42111, 1ea668f3-db9c-4d31-a34d-8fd854f35d67:192.168.5.171:46566], old=null
2019-09-12 14:02:27,557 [1ea668f3-db9c-4d31-a34d-8fd854f35d67@group-684C73073592:LeaderElection20] INFO  impl.RaftServerImpl (RaftServerImpl.java:setRole(174)) - 1ea668f3-db9c-4d31-a34d-8fd854f35d67@group-684C73073592: changes role from CANDIDATE to FOLLOWER at term 1 for DISCOVERED_A_NEW_TERM
2019-09-12 14:02:27,560 [1ea668f3-db9c-4d31-a34d-8fd854f35d67@group-684C73073592:LeaderElection20] INFO  impl.RoleInfo (RoleInfo.java:shutdownLeaderElection(134)) - 1ea668f3-db9c-4d31-a34d-8fd854f35d67: shutdown LeaderElection
2019-09-12 14:02:27,560 [a8b5f9ad-518b-4332-873e-ffb82f46a5c1@group-684C73073592:LeaderElection21] INFO  impl.RaftServerImpl (RaftServerImpl.java:setRole(174)) - a8b5f9ad-518b-4332-873e-ffb82f46a5c1@group-684C73073592: changes role from CANDIDATE to FOLLOWER at term 1 for DISCOVERED_A_NEW_TERM
2019-09-12 14:02:27,563 [Thread-715] INFO  impl.FollowerState (FollowerState.java:run(106)) - 8432884d-3dd8-45b3-b842-8c340eb0817f:group-818AF3DF7280 changes to CANDIDATE, lastRpcTime:5170, electionTimeout:5168ms
2019-09-12 14:02:27,563 [1ea668f3-db9c-4d31-a34d-8fd854f35d67@group-684C73073592:LeaderElection20] INFO  impl.RoleInfo (RoleInfo.java:updateAndGet(143)) - 1ea668f3-db9c-4d31-a34d-8fd854f35d67: start FollowerState
2019-09-12 14:02:27,563 [a8b5f9ad-518b-4332-873e-ffb82f46a5c1@group-684C73073592:LeaderElection21] INFO  impl.RoleInfo (RoleInfo.java:shutdownLeaderElection(134)) - a8b5f9ad-518b-4332-873e-ffb82f46a5c1: shutdown LeaderElection
2019-09-12 14:02:27,563 [Thread-715] INFO  impl.RoleInfo (RoleInfo.java:shutdownFollowerState(121)) - 8432884d-3dd8-45b3-b842-8c340eb0817f: shutdown FollowerState
2019-09-12 14:02:27,564 [a8b5f9ad-518b-4332-873e-ffb82f46a5c1@group-684C73073592:LeaderElection21] INFO  impl.RoleInfo (RoleInfo.java:updateAndGet(143)) - a8b5f9ad-518b-4332-873e-ffb82f46a5c1: start FollowerState
2019-09-12 14:02:27,564 [Thread-715] INFO  impl.RaftServerImpl (RaftServerImpl.java:setRole(174)) - 8432884d-3dd8-45b3-b842-8c340eb0817f@group-818AF3DF7280: changes role from  FOLLOWER to CANDIDATE at term 0 for changeToCandidate
2019-09-12 14:02:27,564 [Thread-715] INFO  impl.RoleInfo (RoleInfo.java:updateAndGet(143)) - 8432884d-3dd8-45b3-b842-8c340eb0817f: start LeaderElection
2019-09-12 14:02:27,570 [fe044cd5-df1e-4f7f-ac9c-c64980bfad69@group-684C73073592:LeaderElection22] INFO  impl.LeaderElection (LeaderElection.java:logAndReturn(56)) - fe044cd5-df1e-4f7f-ac9c-c64980bfad69@group-684C73073592:LeaderElection22: Election REJECTED; received 2 response(s) [fe044cd5-df1e-4f7f-ac9c-c64980bfad69<-a8b5f9ad-518b-4332-873e-ffb82f46a5c1#0:FAIL-t1, fe044cd5-df1e-4f7f-ac9c-c64980bfad69<-1ea668f3-db9c-4d31-a34d-8fd854f35d67#0:FAIL-t1] and 0 exception(s); fe044cd5-df1e-4f7f-ac9c-c64980bfad69@group-684C73073592:t1, leader=null, voted=fe044cd5-df1e-4f7f-ac9c-c64980bfad69, raftlog=fe044cd5-df1e-4f7f-ac9c-c64980bfad69@group-684C73073592-SegmentedRaftLog:OPENED:c-1,f-1,i0, conf=-1: [a8b5f9ad-518b-4332-873e-ffb82f46a5c1:192.168.5.171:37608, fe044cd5-df1e-4f7f-ac9c-c64980bfad69:192.168.5.171:42111, 1ea668f3-db9c-4d31-a34d-8fd854f35d67:192.168.5.171:46566], old=null
2019-09-12 14:02:27,570 [fe044cd5-df1e-4f7f-ac9c-c64980bfad69@group-684C73073592:LeaderElection22] INFO  impl.RaftServerImpl (RaftServerImpl.java:setRole(174)) - fe044cd5-df1e-4f7f-ac9c-c64980bfad69@group-684C73073592: changes role from CANDIDATE to FOLLOWER at term 1 for DISCOVERED_A_NEW_TERM
2019-09-12 14:02:27,570 [fe044cd5-df1e-4f7f-ac9c-c64980bfad69@group-684C73073592:LeaderElection22] INFO  impl.RoleInfo (RoleInfo.java:shutdownLeaderElection(134)) - fe044cd5-df1e-4f7f-ac9c-c64980bfad69: shutdown LeaderElection
2019-09-12 14:02:27,570 [fe044cd5-df1e-4f7f-ac9c-c64980bfad69@group-684C73073592:LeaderElection22] INFO  impl.RoleInfo (RoleInfo.java:updateAndGet(143)) - fe044cd5-df1e-4f7f-ac9c-c64980bfad69: start FollowerState
2019-09-12 14:02:27,582 [8432884d-3dd8-45b3-b842-8c340eb0817f@group-818AF3DF7280:LeaderElection23] INFO  impl.LeaderElection (LeaderElection.java:askForVotes(182)) - 8432884d-3dd8-45b3-b842-8c340eb0817f@group-818AF3DF7280:LeaderElection23: begin an election at term 1 for -1: [8432884d-3dd8-45b3-b842-8c340eb0817f:192.168.5.171:35945], old=null
2019-09-12 14:02:27,585 [8432884d-3dd8-45b3-b842-8c340eb0817f@group-818AF3DF7280:LeaderElection23] INFO  impl.RoleInfo (RoleInfo.java:shutdownLeaderElection(134)) - 8432884d-3dd8-45b3-b842-8c340eb0817f: shutdown LeaderElection
2019-09-12 14:02:27,585 [8432884d-3dd8-45b3-b842-8c340eb0817f@group-818AF3DF7280:LeaderElection23] INFO  impl.RaftServerImpl (RaftServerImpl.java:setRole(174)) - 8432884d-3dd8-45b3-b842-8c340eb0817f@group-818AF3DF7280: changes role from CANDIDATE to LEADER at term 1 for changeToLeader
2019-09-12 14:02:27,585 [8432884d-3dd8-45b3-b842-8c340eb0817f@group-818AF3DF7280:LeaderElection23] INFO  impl.RaftServerImpl (ServerState.java:setLeader(253)) - 8432884d-3dd8-45b3-b842-8c340eb0817f@group-818AF3DF7280: change Leader from null to 8432884d-3dd8-45b3-b842-8c340eb0817f at term 1 for becomeLeader, leader elected after 5199ms
2019-09-12 14:02:27,596 [8432884d-3dd8-45b3-b842-8c340eb0817f@group-818AF3DF7280:LeaderElection23] INFO  server.RaftServerConfigKeys (ConfUtils.java:logGet(43)) - raft.server.staging.catchup.gap = 1000 (default)
2019-09-12 14:02:27,599 [8432884d-3dd8-45b3-b842-8c340eb0817f@group-818AF3DF7280:LeaderElection23] INFO  server.RaftServerConfigKeys (ConfUtils.java:logGet(43)) - raft.server.rpc.sleep.time = 25ms (default)
2019-09-12 14:02:27,600 [8432884d-3dd8-45b3-b842-8c340eb0817f@group-818AF3DF7280:LeaderElection23] INFO  server.RaftServerConfigKeys (ConfUtils.java:logGet(43)) - raft.server.write.element-limit = 4096 (default)
2019-09-12 14:02:27,600 [8432884d-3dd8-45b3-b842-8c340eb0817f@group-818AF3DF7280:LeaderElection23] INFO  server.RaftServerConfigKeys (ConfUtils.java:logGet(43)) - raft.server.watch.timeout = 10s (default)
2019-09-12 14:02:27,600 [8432884d-3dd8-45b3-b842-8c340eb0817f@group-818AF3DF7280:LeaderElection23] INFO  server.RaftServerConfigKeys (ConfUtils.java:logGet(43)) - raft.server.watch.timeout.denomination = 1s (default)
2019-09-12 14:02:27,600 [8432884d-3dd8-45b3-b842-8c340eb0817f@group-818AF3DF7280:LeaderElection23] INFO  server.RaftServerConfigKeys (ConfUtils.java:logGet(43)) - raft.server.watch.element-limit = 65536 (default)
2019-09-12 14:02:27,603 [8432884d-3dd8-45b3-b842-8c340eb0817f@group-818AF3DF7280:LeaderElection23] INFO  impl.RoleInfo (RoleInfo.java:updateAndGet(143)) - 8432884d-3dd8-45b3-b842-8c340eb0817f: start LeaderState
2019-09-12 14:02:27,603 [8432884d-3dd8-45b3-b842-8c340eb0817f@group-818AF3DF7280:LeaderElection23] INFO  segmented.SegmentedRaftLogWorker (SegmentedRaftLogWorker.java:startLogSegment(380)) - 8432884d-3dd8-45b3-b842-8c340eb0817f@group-818AF3DF7280-SegmentedRaftLogWorker: Starting segment from index:0
2019-09-12 14:02:27,603 [8432884d-3dd8-45b3-b842-8c340eb0817f@group-818AF3DF7280:LeaderElection23] INFO  impl.RaftServerImpl (ServerState.java:setRaftConf(354)) - 8432884d-3dd8-45b3-b842-8c340eb0817f@group-818AF3DF7280: set configuration 0: [8432884d-3dd8-45b3-b842-8c340eb0817f:192.168.5.171:35945], old=null at 0
2019-09-12 14:02:27,673 [grpc-default-executor-1] INFO  client.GrpcClientProtocolClient (GrpcClientProtocolClient.java:onNext(264)) - client-370BC143FE1E->a8b5f9ad-518b-4332-873e-ffb82f46a5c1: receive RaftClientReply:client-370BC143FE1E->a8b5f9ad-518b-4332-873e-ffb82f46a5c1@group-684C73073592, cid=42, FAILED org.apache.ratis.protocol.NotLeaderException: Server a8b5f9ad-518b-4332-873e-ffb82f46a5c1@group-684C73073592 is not the leader, logIndex=0, commits[a8b5f9ad-518b-4332-873e-ffb82f46a5c1:c-1]
2019-09-12 14:02:27,701 [8432884d-3dd8-45b3-b842-8c340eb0817f@group-818AF3DF7280-SegmentedRaftLogWorker] INFO  segmented.SegmentedRaftLogWorker (SegmentedRaftLogWorker.java:execute(569)) - 8432884d-3dd8-45b3-b842-8c340eb0817f@group-818AF3DF7280-SegmentedRaftLogWorker: created new log segment /workdir/hadoop-ozone/integration-test/target/test-dir/MiniOzoneClusterImpl-757a471d-dced-4024-b429-b50254f0e88a/datanode-6/data/ratis/03749cb1-9628-4ec6-ac0e-818af3df7280/current/log_inprogress_0
2019-09-12 14:02:28,698 [grpc-default-executor-1] INFO  client.GrpcClientProtocolClient (GrpcClientProtocolClient.java:onNext(264)) - client-370BC143FE1E->1ea668f3-db9c-4d31-a34d-8fd854f35d67: receive RaftClientReply:client-370BC143FE1E->1ea668f3-db9c-4d31-a34d-8fd854f35d67@group-684C73073592, cid=42, FAILED org.apache.ratis.protocol.NotLeaderException: Server 1ea668f3-db9c-4d31-a34d-8fd854f35d67@group-684C73073592 is not the leader, logIndex=0, commits[1ea668f3-db9c-4d31-a34d-8fd854f35d67:c-1]
2019-09-12 14:02:29,719 [grpc-default-executor-2] INFO  client.GrpcClientProtocolClient (GrpcClientProtocolClient.java:onNext(264)) - client-370BC143FE1E->a8b5f9ad-518b-4332-873e-ffb82f46a5c1: receive RaftClientReply:client-370BC143FE1E->a8b5f9ad-518b-4332-873e-ffb82f46a5c1@group-684C73073592, cid=42, FAILED org.apache.ratis.protocol.NotLeaderException: Server a8b5f9ad-518b-4332-873e-ffb82f46a5c1@group-684C73073592 is not the leader, logIndex=0, commits[a8b5f9ad-518b-4332-873e-ffb82f46a5c1:c-1]
2019-09-12 14:02:30,738 [grpc-default-executor-1] INFO  client.GrpcClientProtocolClient (GrpcClientProtocolClient.java:onNext(264)) - client-370BC143FE1E->fe044cd5-df1e-4f7f-ac9c-c64980bfad69: receive RaftClientReply:client-370BC143FE1E->fe044cd5-df1e-4f7f-ac9c-c64980bfad69@group-684C73073592, cid=42, FAILED org.apache.ratis.protocol.NotLeaderException: Server fe044cd5-df1e-4f7f-ac9c-c64980bfad69@group-684C73073592 is not the leader, logIndex=0, commits[fe044cd5-df1e-4f7f-ac9c-c64980bfad69:c-1]
2019-09-12 14:02:31,759 [grpc-default-executor-2] INFO  client.GrpcClientProtocolClient (GrpcClientProtocolClient.java:onNext(264)) - client-370BC143FE1E->1ea668f3-db9c-4d31-a34d-8fd854f35d67: receive RaftClientReply:client-370BC143FE1E->1ea668f3-db9c-4d31-a34d-8fd854f35d67@group-684C73073592, cid=42, FAILED org.apache.ratis.protocol.NotLeaderException: Server 1ea668f3-db9c-4d31-a34d-8fd854f35d67@group-684C73073592 is not the leader, logIndex=0, commits[1ea668f3-db9c-4d31-a34d-8fd854f35d67:c-1]
2019-09-12 14:02:32,637 [Thread-773] INFO  impl.FollowerState (FollowerState.java:run(106)) - 1ea668f3-db9c-4d31-a34d-8fd854f35d67:group-684C73073592 changes to CANDIDATE, lastRpcTime:5076, electionTimeout:5073ms
2019-09-12 14:02:32,637 [Thread-773] INFO  impl.RoleInfo (RoleInfo.java:shutdownFollowerState(121)) - 1ea668f3-db9c-4d31-a34d-8fd854f35d67: shutdown FollowerState
2019-09-12 14:02:32,637 [Thread-773] INFO  impl.RaftServerImpl (RaftServerImpl.java:setRole(174)) - 1ea668f3-db9c-4d31-a34d-8fd854f35d67@group-684C73073592: changes role from  FOLLOWER to CANDIDATE at term 1 for changeToCandidate
2019-09-12 14:02:32,637 [Thread-773] INFO  impl.RoleInfo (RoleInfo.java:updateAndGet(143)) - 1ea668f3-db9c-4d31-a34d-8fd854f35d67: start LeaderElection
2019-09-12 14:02:32,654 [1ea668f3-db9c-4d31-a34d-8fd854f35d67@group-684C73073592:LeaderElection24] INFO  impl.LeaderElection (LeaderElection.java:askForVotes(182)) - 1ea668f3-db9c-4d31-a34d-8fd854f35d67@group-684C73073592:LeaderElection24: begin an election at term 2 for -1: [a8b5f9ad-518b-4332-873e-ffb82f46a5c1:192.168.5.171:37608, fe044cd5-df1e-4f7f-ac9c-c64980bfad69:192.168.5.171:42111, 1ea668f3-db9c-4d31-a34d-8fd854f35d67:192.168.5.171:46566], old=null
2019-09-12 14:02:32,657 [grpc-default-executor-2] INFO  impl.RaftServerImpl (RaftServerImpl.java:setRole(174)) - fe044cd5-df1e-4f7f-ac9c-c64980bfad69@group-684C73073592: changes role from  FOLLOWER to FOLLOWER at term 2 for recognizeCandidate:1ea668f3-db9c-4d31-a34d-8fd854f35d67
2019-09-12 14:02:32,657 [grpc-default-executor-1] INFO  impl.RaftServerImpl (RaftServerImpl.java:setRole(174)) - a8b5f9ad-518b-4332-873e-ffb82f46a5c1@group-684C73073592: changes role from  FOLLOWER to FOLLOWER at term 2 for recognizeCandidate:1ea668f3-db9c-4d31-a34d-8fd854f35d67
2019-09-12 14:02:32,657 [grpc-default-executor-2] INFO  impl.RoleInfo (RoleInfo.java:shutdownFollowerState(121)) - fe044cd5-df1e-4f7f-ac9c-c64980bfad69: shutdown FollowerState
2019-09-12 14:02:32,658 [grpc-default-executor-1] INFO  impl.RoleInfo (RoleInfo.java:shutdownFollowerState(121)) - a8b5f9ad-518b-4332-873e-ffb82f46a5c1: shutdown FollowerState
2019-09-12 14:02:32,658 [Thread-776] INFO  impl.FollowerState (FollowerState.java:run(115)) - fe044cd5-df1e-4f7f-ac9c-c64980bfad69: FollowerState was interrupted: java.lang.InterruptedException: sleep interrupted
2019-09-12 14:02:32,658 [grpc-default-executor-2] INFO  impl.RoleInfo (RoleInfo.java:updateAndGet(143)) - fe044cd5-df1e-4f7f-ac9c-c64980bfad69: start FollowerState
2019-09-12 14:02:32,658 [Thread-774] INFO  impl.FollowerState (FollowerState.java:run(115)) - a8b5f9ad-518b-4332-873e-ffb82f46a5c1: FollowerState was interrupted: java.lang.InterruptedException: sleep interrupted
2019-09-12 14:02:32,658 [grpc-default-executor-1] INFO  impl.RoleInfo (RoleInfo.java:updateAndGet(143)) - a8b5f9ad-518b-4332-873e-ffb82f46a5c1: start FollowerState
2019-09-12 14:02:32,675 [1ea668f3-db9c-4d31-a34d-8fd854f35d67@group-684C73073592:LeaderElection24] INFO  impl.LeaderElection (LeaderElection.java:logAndReturn(56)) - 1ea668f3-db9c-4d31-a34d-8fd854f35d67@group-684C73073592:LeaderElection24: Election PASSED; received 1 response(s) [1ea668f3-db9c-4d31-a34d-8fd854f35d67<-fe044cd5-df1e-4f7f-ac9c-c64980bfad69#0:OK-t2] and 0 exception(s); 1ea668f3-db9c-4d31-a34d-8fd854f35d67@group-684C73073592:t2, leader=null, voted=1ea668f3-db9c-4d31-a34d-8fd854f35d67, raftlog=1ea668f3-db9c-4d31-a34d-8fd854f35d67@group-684C73073592-SegmentedRaftLog:OPENED:c-1,f-1,i0, conf=-1: [a8b5f9ad-518b-4332-873e-ffb82f46a5c1:192.168.5.171:37608, fe044cd5-df1e-4f7f-ac9c-c64980bfad69:192.168.5.171:42111, 1ea668f3-db9c-4d31-a34d-8fd854f35d67:192.168.5.171:46566], old=null
2019-09-12 14:02:32,675 [1ea668f3-db9c-4d31-a34d-8fd854f35d67@group-684C73073592:LeaderElection24] INFO  impl.RoleInfo (RoleInfo.java:shutdownLeaderElection(134)) - 1ea668f3-db9c-4d31-a34d-8fd854f35d67: shutdown LeaderElection
2019-09-12 14:02:32,675 [1ea668f3-db9c-4d31-a34d-8fd854f35d67@group-684C73073592:LeaderElection24] INFO  impl.RaftServerImpl (RaftServerImpl.java:setRole(174)) - 1ea668f3-db9c-4d31-a34d-8fd854f35d67@group-684C73073592: changes role from CANDIDATE to LEADER at term 2 for changeToLeader
2019-09-12 14:02:32,675 [1ea668f3-db9c-4d31-a34d-8fd854f35d67@group-684C73073592:LeaderElection24] INFO  impl.RaftServerImpl (ServerState.java:setLeader(253)) - 1ea668f3-db9c-4d31-a34d-8fd854f35d67@group-684C73073592: change Leader from null to 1ea668f3-db9c-4d31-a34d-8fd854f35d67 at term 2 for becomeLeader, leader elected after 10214ms
2019-09-12 14:02:32,675 [1ea668f3-db9c-4d31-a34d-8fd854f35d67@group-684C73073592:LeaderElection24] INFO  server.RaftServerConfigKeys (ConfUtils.java:logGet(43)) - raft.server.staging.catchup.gap = 1000 (default)
2019-09-12 14:02:32,676 [1ea668f3-db9c-4d31-a34d-8fd854f35d67@group-684C73073592:LeaderElection24] INFO  server.RaftServerConfigKeys (ConfUtils.java:logGet(43)) - raft.server.rpc.sleep.time = 25ms (default)
2019-09-12 14:02:32,676 [1ea668f3-db9c-4d31-a34d-8fd854f35d67@group-684C73073592:LeaderElection24] INFO  server.RaftServerConfigKeys (ConfUtils.java:logGet(43)) - raft.server.write.element-limit = 4096 (default)
2019-09-12 14:02:32,676 [1ea668f3-db9c-4d31-a34d-8fd854f35d67@group-684C73073592:LeaderElection24] INFO  server.RaftServerConfigKeys (ConfUtils.java:logGet(43)) - raft.server.watch.timeout = 10s (default)
2019-09-12 14:02:32,676 [1ea668f3-db9c-4d31-a34d-8fd854f35d67@group-684C73073592:LeaderElection24] INFO  server.RaftServerConfigKeys (ConfUtils.java:logGet(43)) - raft.server.watch.timeout.denomination = 1s (default)
2019-09-12 14:02:32,676 [1ea668f3-db9c-4d31-a34d-8fd854f35d67@group-684C73073592:LeaderElection24] INFO  server.RaftServerConfigKeys (ConfUtils.java:logGet(43)) - raft.server.watch.element-limit = 65536 (default)
2019-09-12 14:02:32,678 [1ea668f3-db9c-4d31-a34d-8fd854f35d67@group-684C73073592:LeaderElection24] INFO  server.RaftServerConfigKeys (ConfUtils.java:logGet(43)) - raft.server.log.appender.snapshot.chunk.size.max = 16MB (=16777216) (default)
2019-09-12 14:02:32,678 [1ea668f3-db9c-4d31-a34d-8fd854f35d67@group-684C73073592:LeaderElection24] INFO  server.RaftServerConfigKeys (ConfUtils.java:logGet(43)) - raft.server.log.appender.buffer.byte-limit = 33554432 (custom)
2019-09-12 14:02:32,678 [1ea668f3-db9c-4d31-a34d-8fd854f35d67@group-684C73073592:LeaderElection24] INFO  server.RaftServerConfigKeys (ConfUtils.java:logGet(43)) - raft.server.log.appender.buffer.element-limit = 1 (custom)
2019-09-12 14:02:32,678 [1ea668f3-db9c-4d31-a34d-8fd854f35d67@group-684C73073592:LeaderElection24] INFO  grpc.GrpcConfigKeys$Server (ConfUtils.java:logGet(43)) - raft.grpc.server.leader.outstanding.appends.max = 128 (default)
2019-09-12 14:02:32,678 [1ea668f3-db9c-4d31-a34d-8fd854f35d67@group-684C73073592:LeaderElection24] INFO  server.RaftServerConfigKeys (ConfUtils.java:logGet(43)) - raft.server.rpc.request.timeout = 3000ms (default)
2019-09-12 14:02:32,679 [1ea668f3-db9c-4d31-a34d-8fd854f35d67@group-684C73073592:LeaderElection24] INFO  server.RaftServerConfigKeys (ConfUtils.java:logGet(43)) - raft.server.log.appender.install.snapshot.enabled = false (custom)
2019-09-12 14:02:32,679 [1ea668f3-db9c-4d31-a34d-8fd854f35d67@group-684C73073592:LeaderElection24] INFO  server.RaftServerConfigKeys (ConfUtils.java:logGet(43)) - raft.server.log.appender.snapshot.chunk.size.max = 16MB (=16777216) (default)
2019-09-12 14:02:32,679 [1ea668f3-db9c-4d31-a34d-8fd854f35d67@group-684C73073592:LeaderElection24] INFO  server.RaftServerConfigKeys (ConfUtils.java:logGet(43)) - raft.server.log.appender.buffer.byte-limit = 33554432 (custom)
2019-09-12 14:02:32,679 [1ea668f3-db9c-4d31-a34d-8fd854f35d67@group-684C73073592:LeaderElection24] INFO  server.RaftServerConfigKeys (ConfUtils.java:logGet(43)) - raft.server.log.appender.buffer.element-limit = 1 (custom)
2019-09-12 14:02:32,679 [1ea668f3-db9c-4d31-a34d-8fd854f35d67@group-684C73073592:LeaderElection24] INFO  grpc.GrpcConfigKeys$Server (ConfUtils.java:logGet(43)) - raft.grpc.server.leader.outstanding.appends.max = 128 (default)
2019-09-12 14:02:32,679 [1ea668f3-db9c-4d31-a34d-8fd854f35d67@group-684C73073592:LeaderElection24] INFO  server.RaftServerConfigKeys (ConfUtils.java:logGet(43)) - raft.server.rpc.request.timeout = 3000ms (default)
2019-09-12 14:02:32,679 [1ea668f3-db9c-4d31-a34d-8fd854f35d67@group-684C73073592:LeaderElection24] INFO  server.RaftServerConfigKeys (ConfUtils.java:logGet(43)) - raft.server.log.appender.install.snapshot.enabled = false (custom)
2019-09-12 14:02:32,680 [1ea668f3-db9c-4d31-a34d-8fd854f35d67@group-684C73073592:LeaderElection24] INFO  impl.RoleInfo (RoleInfo.java:updateAndGet(143)) - 1ea668f3-db9c-4d31-a34d-8fd854f35d67: start LeaderState
2019-09-12 14:02:32,680 [1ea668f3-db9c-4d31-a34d-8fd854f35d67@group-684C73073592:LeaderElection24] INFO  segmented.SegmentedRaftLogWorker (SegmentedRaftLogWorker.java:startLogSegment(380)) - 1ea668f3-db9c-4d31-a34d-8fd854f35d67@group-684C73073592-SegmentedRaftLogWorker: Starting segment from index:0
2019-09-12 14:02:32,680 [1ea668f3-db9c-4d31-a34d-8fd854f35d67@group-684C73073592:LeaderElection24] INFO  impl.RaftServerImpl (ServerState.java:setRaftConf(354)) - 1ea668f3-db9c-4d31-a34d-8fd854f35d67@group-684C73073592: set configuration 0: [a8b5f9ad-518b-4332-873e-ffb82f46a5c1:192.168.5.171:37608, fe044cd5-df1e-4f7f-ac9c-c64980bfad69:192.168.5.171:42111, 1ea668f3-db9c-4d31-a34d-8fd854f35d67:192.168.5.171:46566], old=null at 0
2019-09-12 14:02:32,719 [grpc-default-executor-1] INFO  impl.RaftServerImpl (ServerState.java:setLeader(253)) - a8b5f9ad-518b-4332-873e-ffb82f46a5c1@group-684C73073592: change Leader from null to 1ea668f3-db9c-4d31-a34d-8fd854f35d67 at term 2 for appendEntries, leader elected after 10257ms
2019-09-12 14:02:32,722 [grpc-default-executor-2] INFO  impl.RaftServerImpl (ServerState.java:setLeader(253)) - fe044cd5-df1e-4f7f-ac9c-c64980bfad69@group-684C73073592: change Leader from null to 1ea668f3-db9c-4d31-a34d-8fd854f35d67 at term 2 for appendEntries, leader elected after 10260ms
2019-09-12 14:02:32,724 [grpc-default-executor-2] INFO  impl.RaftServerImpl (ServerState.java:setRaftConf(354)) - a8b5f9ad-518b-4332-873e-ffb82f46a5c1@group-684C73073592: set configuration 0: [a8b5f9ad-518b-4332-873e-ffb82f46a5c1:192.168.5.171:37608, fe044cd5-df1e-4f7f-ac9c-c64980bfad69:192.168.5.171:42111, 1ea668f3-db9c-4d31-a34d-8fd854f35d67:192.168.5.171:46566], old=null at 0
2019-09-12 14:02:32,724 [grpc-default-executor-1] INFO  impl.RaftServerImpl (ServerState.java:setRaftConf(354)) - fe044cd5-df1e-4f7f-ac9c-c64980bfad69@group-684C73073592: set configuration 0: [a8b5f9ad-518b-4332-873e-ffb82f46a5c1:192.168.5.171:37608, fe044cd5-df1e-4f7f-ac9c-c64980bfad69:192.168.5.171:42111, 1ea668f3-db9c-4d31-a34d-8fd854f35d67:192.168.5.171:46566], old=null at 0
2019-09-12 14:02:32,724 [grpc-default-executor-2] INFO  segmented.SegmentedRaftLogWorker (SegmentedRaftLogWorker.java:startLogSegment(380)) - a8b5f9ad-518b-4332-873e-ffb82f46a5c1@group-684C73073592-SegmentedRaftLogWorker: Starting segment from index:0
2019-09-12 14:02:32,725 [grpc-default-executor-1] INFO  segmented.SegmentedRaftLogWorker (SegmentedRaftLogWorker.java:startLogSegment(380)) - fe044cd5-df1e-4f7f-ac9c-c64980bfad69@group-684C73073592-SegmentedRaftLogWorker: Starting segment from index:0
2019-09-12 14:02:32,738 [1ea668f3-db9c-4d31-a34d-8fd854f35d67@group-684C73073592-SegmentedRaftLogWorker] INFO  segmented.SegmentedRaftLogWorker (SegmentedRaftLogWorker.java:execute(569)) - 1ea668f3-db9c-4d31-a34d-8fd854f35d67@group-684C73073592-SegmentedRaftLogWorker: created new log segment /workdir/hadoop-ozone/integration-test/target/test-dir/MiniOzoneClusterImpl-757a471d-dced-4024-b429-b50254f0e88a/datanode-4/data/ratis/273ca420-c333-41ca-8da6-684c73073592/current/log_inprogress_0
2019-09-12 14:02:32,768 [fe044cd5-df1e-4f7f-ac9c-c64980bfad69@group-684C73073592-SegmentedRaftLogWorker] INFO  segmented.SegmentedRaftLogWorker (SegmentedRaftLogWorker.java:execute(569)) - fe044cd5-df1e-4f7f-ac9c-c64980bfad69@group-684C73073592-SegmentedRaftLogWorker: created new log segment /workdir/hadoop-ozone/integration-test/target/test-dir/MiniOzoneClusterImpl-757a471d-dced-4024-b429-b50254f0e88a/datanode-5/data/ratis/273ca420-c333-41ca-8da6-684c73073592/current/log_inprogress_0
2019-09-12 14:02:32,768 [a8b5f9ad-518b-4332-873e-ffb82f46a5c1@group-684C73073592-SegmentedRaftLogWorker] INFO  segmented.SegmentedRaftLogWorker (SegmentedRaftLogWorker.java:execute(569)) - a8b5f9ad-518b-4332-873e-ffb82f46a5c1@group-684C73073592-SegmentedRaftLogWorker: created new log segment /workdir/hadoop-ozone/integration-test/target/test-dir/MiniOzoneClusterImpl-757a471d-dced-4024-b429-b50254f0e88a/datanode-3/data/ratis/273ca420-c333-41ca-8da6-684c73073592/current/log_inprogress_0
2019-09-12 14:02:32,778 [grpc-default-executor-2] INFO  client.GrpcClientProtocolClient (GrpcClientProtocolClient.java:onNext(264)) - client-370BC143FE1E->a8b5f9ad-518b-4332-873e-ffb82f46a5c1: receive RaftClientReply:client-370BC143FE1E->a8b5f9ad-518b-4332-873e-ffb82f46a5c1@group-684C73073592, cid=42, FAILED org.apache.ratis.protocol.NotLeaderException: Server a8b5f9ad-518b-4332-873e-ffb82f46a5c1@group-684C73073592 is not the leader 1ea668f3-db9c-4d31-a34d-8fd854f35d67:192.168.5.171:46566, logIndex=0, commits[a8b5f9ad-518b-4332-873e-ffb82f46a5c1:c-1, fe044cd5-df1e-4f7f-ac9c-c64980bfad69:c-1, 1ea668f3-db9c-4d31-a34d-8fd854f35d67:c-1]
2019-09-12 14:02:32,929 [grpc-default-executor-1] INFO  client.GrpcClientProtocolClient (GrpcClientProtocolClient.java:onNext(264)) - client-370BC143FE1E->1ea668f3-db9c-4d31-a34d-8fd854f35d67: receive RaftClientReply:client-370BC143FE1E->1ea668f3-db9c-4d31-a34d-8fd854f35d67@group-684C73073592, cid=42, SUCCESS, logIndex=1, commits[1ea668f3-db9c-4d31-a34d-8fd854f35d67:c2, a8b5f9ad-518b-4332-873e-ffb82f46a5c1:c1, fe044cd5-df1e-4f7f-ac9c-c64980bfad69:c1]
2019-09-12 14:02:32,947 [grpc-default-executor-2] INFO  client.GrpcClientProtocolClient (GrpcClientProtocolClient.java:onNext(264)) - client-121340D8CA75->a8b5f9ad-518b-4332-873e-ffb82f46a5c1: receive RaftClientReply:client-121340D8CA75->a8b5f9ad-518b-4332-873e-ffb82f46a5c1@group-684C73073592, cid=43, FAILED org.apache.ratis.protocol.NotLeaderException: Server a8b5f9ad-518b-4332-873e-ffb82f46a5c1@group-684C73073592 is not the leader 1ea668f3-db9c-4d31-a34d-8fd854f35d67:192.168.5.171:46566, logIndex=0, commits[a8b5f9ad-518b-4332-873e-ffb82f46a5c1:c1, fe044cd5-df1e-4f7f-ac9c-c64980bfad69:c0, 1ea668f3-db9c-4d31-a34d-8fd854f35d67:c1]
2019-09-12 14:02:33,043 [grpc-default-executor-2] INFO  client.GrpcClientProtocolClient (GrpcClientProtocolClient.java:onNext(264)) - client-121340D8CA75->1ea668f3-db9c-4d31-a34d-8fd854f35d67: receive RaftClientReply:client-121340D8CA75->1ea668f3-db9c-4d31-a34d-8fd854f35d67@group-684C73073592, cid=43, SUCCESS, logIndex=3, commits[1ea668f3-db9c-4d31-a34d-8fd854f35d67:c4, a8b5f9ad-518b-4332-873e-ffb82f46a5c1:c3, fe044cd5-df1e-4f7f-ac9c-c64980bfad69:c3]
2019-09-12 14:02:33,141 [grpc-default-executor-1] INFO  client.GrpcClientProtocolClient (GrpcClientProtocolClient.java:onNext(264)) - client-121340D8CA75->1ea668f3-db9c-4d31-a34d-8fd854f35d67: receive RaftClientReply:client-121340D8CA75->1ea668f3-db9c-4d31-a34d-8fd854f35d67@group-684C73073592, cid=44, SUCCESS, logIndex=5, commits[1ea668f3-db9c-4d31-a34d-8fd854f35d67:c6, a8b5f9ad-518b-4332-873e-ffb82f46a5c1:c5, fe044cd5-df1e-4f7f-ac9c-c64980bfad69:c5]
2019-09-12 14:02:38,186 [grpc-default-executor-1] INFO  client.GrpcClientProtocolClient (GrpcClientProtocolClient.java:onNext(264)) - client-121340D8CA75->a8b5f9ad-518b-4332-873e-ffb82f46a5c1: receive RaftClientReply:client-121340D8CA75->a8b5f9ad-518b-4332-873e-ffb82f46a5c1@group-684C73073592, cid=45, FAILED org.apache.ratis.protocol.NotLeaderException: Server a8b5f9ad-518b-4332-873e-ffb82f46a5c1@group-684C73073592 is not the leader 1ea668f3-db9c-4d31-a34d-8fd854f35d67:192.168.5.171:46566, logIndex=0, commits[a8b5f9ad-518b-4332-873e-ffb82f46a5c1:c8, fe044cd5-df1e-4f7f-ac9c-c64980bfad69:c8, 1ea668f3-db9c-4d31-a34d-8fd854f35d67:c8]
2019-09-12 14:02:43,244 [grpc-default-executor-2] INFO  client.GrpcClientProtocolClient (GrpcClientProtocolClient.java:onNext(264)) - client-121340D8CA75->fe044cd5-df1e-4f7f-ac9c-c64980bfad69: receive RaftClientReply:client-121340D8CA75->fe044cd5-df1e-4f7f-ac9c-c64980bfad69@group-684C73073592, cid=45, FAILED org.apache.ratis.protocol.NotLeaderException: Server fe044cd5-df1e-4f7f-ac9c-c64980bfad69@group-684C73073592 is not the leader 1ea668f3-db9c-4d31-a34d-8fd854f35d67:192.168.5.171:46566, logIndex=0, commits[fe044cd5-df1e-4f7f-ac9c-c64980bfad69:c8, a8b5f9ad-518b-4332-873e-ffb82f46a5c1:c8, 1ea668f3-db9c-4d31-a34d-8fd854f35d67:c8]
2019-09-12 14:02:48,280 [grpc-default-executor-2] INFO  client.GrpcClientProtocolClient (GrpcClientProtocolClient.java:onNext(264)) - client-121340D8CA75->fe044cd5-df1e-4f7f-ac9c-c64980bfad69: receive RaftClientReply:client-121340D8CA75->fe044cd5-df1e-4f7f-ac9c-c64980bfad69@group-684C73073592, cid=45, FAILED org.apache.ratis.protocol.NotLeaderException: Server fe044cd5-df1e-4f7f-ac9c-c64980bfad69@group-684C73073592 is not the leader 1ea668f3-db9c-4d31-a34d-8fd854f35d67:192.168.5.171:46566, logIndex=0, commits[fe044cd5-df1e-4f7f-ac9c-c64980bfad69:c8, a8b5f9ad-518b-4332-873e-ffb82f46a5c1:c8, 1ea668f3-db9c-4d31-a34d-8fd854f35d67:c8]
2019-09-12 14:02:53,339 [grpc-default-executor-1] INFO  client.GrpcClientProtocolClient (GrpcClientProtocolClient.java:onNext(264)) - client-121340D8CA75->fe044cd5-df1e-4f7f-ac9c-c64980bfad69: receive RaftClientReply:client-121340D8CA75->fe044cd5-df1e-4f7f-ac9c-c64980bfad69@group-684C73073592, cid=45, FAILED org.apache.ratis.protocol.NotLeaderException: Server fe044cd5-df1e-4f7f-ac9c-c64980bfad69@group-684C73073592 is not the leader 1ea668f3-db9c-4d31-a34d-8fd854f35d67:192.168.5.171:46566, logIndex=0, commits[fe044cd5-df1e-4f7f-ac9c-c64980bfad69:c8, a8b5f9ad-518b-4332-873e-ffb82f46a5c1:c8, 1ea668f3-db9c-4d31-a34d-8fd854f35d67:c8]
2019-09-12 14:02:58,383 [grpc-default-executor-2] INFO  client.GrpcClientProtocolClient (GrpcClientProtocolClient.java:onNext(264)) - client-121340D8CA75->a8b5f9ad-518b-4332-873e-ffb82f46a5c1: receive RaftClientReply:client-121340D8CA75->a8b5f9ad-518b-4332-873e-ffb82f46a5c1@group-684C73073592, cid=45, FAILED org.apache.ratis.protocol.NotLeaderException: Server a8b5f9ad-518b-4332-873e-ffb82f46a5c1@group-684C73073592 is not the leader 1ea668f3-db9c-4d31-a34d-8fd854f35d67:192.168.5.171:46566, logIndex=0, commits[a8b5f9ad-518b-4332-873e-ffb82f46a5c1:c8, fe044cd5-df1e-4f7f-ac9c-c64980bfad69:c8, 1ea668f3-db9c-4d31-a34d-8fd854f35d67:c8]
2019-09-12 14:03:03,437 [grpc-default-executor-2] INFO  client.GrpcClientProtocolClient (GrpcClientProtocolClient.java:onNext(264)) - client-121340D8CA75->a8b5f9ad-518b-4332-873e-ffb82f46a5c1: receive RaftClientReply:client-121340D8CA75->a8b5f9ad-518b-4332-873e-ffb82f46a5c1@group-684C73073592, cid=45, FAILED org.apache.ratis.protocol.NotLeaderException: Server a8b5f9ad-518b-4332-873e-ffb82f46a5c1@group-684C73073592 is not the leader 1ea668f3-db9c-4d31-a34d-8fd854f35d67:192.168.5.171:46566, logIndex=0, commits[a8b5f9ad-518b-4332-873e-ffb82f46a5c1:c8, fe044cd5-df1e-4f7f-ac9c-c64980bfad69:c8, 1ea668f3-db9c-4d31-a34d-8fd854f35d67:c8]
2019-09-12 14:03:08,498 [grpc-default-executor-2] INFO  client.GrpcClientProtocolClient (GrpcClientProtocolClient.java:onNext(264)) - client-121340D8CA75->fe044cd5-df1e-4f7f-ac9c-c64980bfad69: receive RaftClientReply:client-121340D8CA75->fe044cd5-df1e-4f7f-ac9c-c64980bfad69@group-684C73073592, cid=45, FAILED org.apache.ratis.protocol.NotLeaderException: Server fe044cd5-df1e-4f7f-ac9c-c64980bfad69@group-684C73073592 is not the leader 1ea668f3-db9c-4d31-a34d-8fd854f35d67:192.168.5.171:46566, logIndex=0, commits[fe044cd5-df1e-4f7f-ac9c-c64980bfad69:c8, a8b5f9ad-518b-4332-873e-ffb82f46a5c1:c8, 1ea668f3-db9c-4d31-a34d-8fd854f35d67:c8]
2019-09-12 14:03:13,553 [grpc-default-executor-3] INFO  client.GrpcClientProtocolClient (GrpcClientProtocolClient.java:onNext(264)) - client-121340D8CA75->fe044cd5-df1e-4f7f-ac9c-c64980bfad69: receive RaftClientReply:client-121340D8CA75->fe044cd5-df1e-4f7f-ac9c-c64980bfad69@group-684C73073592, cid=45, FAILED org.apache.ratis.protocol.NotLeaderException: Server fe044cd5-df1e-4f7f-ac9c-c64980bfad69@group-684C73073592 is not the leader 1ea668f3-db9c-4d31-a34d-8fd854f35d67:192.168.5.171:46566, logIndex=0, commits[fe044cd5-df1e-4f7f-ac9c-c64980bfad69:c8, a8b5f9ad-518b-4332-873e-ffb82f46a5c1:c8, 1ea668f3-db9c-4d31-a34d-8fd854f35d67:c8]
2019-09-12 14:03:18,617 [grpc-default-executor-2] INFO  client.GrpcClientProtocolClient (GrpcClientProtocolClient.java:onNext(264)) - client-121340D8CA75->fe044cd5-df1e-4f7f-ac9c-c64980bfad69: receive RaftClientReply:client-121340D8CA75->fe044cd5-df1e-4f7f-ac9c-c64980bfad69@group-684C73073592, cid=45, FAILED org.apache.ratis.protocol.NotLeaderException: Server fe044cd5-df1e-4f7f-ac9c-c64980bfad69@group-684C73073592 is not the leader 1ea668f3-db9c-4d31-a34d-8fd854f35d67:192.168.5.171:46566, logIndex=0, commits[fe044cd5-df1e-4f7f-ac9c-c64980bfad69:c8, a8b5f9ad-518b-4332-873e-ffb82f46a5c1:c8, 1ea668f3-db9c-4d31-a34d-8fd854f35d67:c8]
2019-09-12 14:03:23,666 [grpc-default-executor-2] INFO  client.GrpcClientProtocolClient (GrpcClientProtocolClient.java:onNext(264)) - client-121340D8CA75->fe044cd5-df1e-4f7f-ac9c-c64980bfad69: receive RaftClientReply:client-121340D8CA75->fe044cd5-df1e-4f7f-ac9c-c64980bfad69@group-684C73073592, cid=45, FAILED org.apache.ratis.protocol.NotLeaderException: Server fe044cd5-df1e-4f7f-ac9c-c64980bfad69@group-684C73073592 is not the leader 1ea668f3-db9c-4d31-a34d-8fd854f35d67:192.168.5.171:46566, logIndex=0, commits[fe044cd5-df1e-4f7f-ac9c-c64980bfad69:c8, a8b5f9ad-518b-4332-873e-ffb82f46a5c1:c8, 1ea668f3-db9c-4d31-a34d-8fd854f35d67:c8]
2019-09-12 14:03:28,708 [grpc-default-executor-2] INFO  client.GrpcClientProtocolClient (GrpcClientProtocolClient.java:onNext(264)) - client-121340D8CA75->fe044cd5-df1e-4f7f-ac9c-c64980bfad69: receive RaftClientReply:client-121340D8CA75->fe044cd5-df1e-4f7f-ac9c-c64980bfad69@group-684C73073592, cid=45, FAILED org.apache.ratis.protocol.NotLeaderException: Server fe044cd5-df1e-4f7f-ac9c-c64980bfad69@group-684C73073592 is not the leader 1ea668f3-db9c-4d31-a34d-8fd854f35d67:192.168.5.171:46566, logIndex=0, commits[fe044cd5-df1e-4f7f-ac9c-c64980bfad69:c8, a8b5f9ad-518b-4332-873e-ffb82f46a5c1:c8, 1ea668f3-db9c-4d31-a34d-8fd854f35d67:c8]
2019-09-12 14:03:33,751 [grpc-default-executor-2] INFO  client.GrpcClientProtocolClient (GrpcClientProtocolClient.java:onNext(264)) - client-121340D8CA75->a8b5f9ad-518b-4332-873e-ffb82f46a5c1: receive RaftClientReply:client-121340D8CA75->a8b5f9ad-518b-4332-873e-ffb82f46a5c1@group-684C73073592, cid=45, FAILED org.apache.ratis.protocol.NotLeaderException: Server a8b5f9ad-518b-4332-873e-ffb82f46a5c1@group-684C73073592 is not the leader 1ea668f3-db9c-4d31-a34d-8fd854f35d67:192.168.5.171:46566, logIndex=0, commits[a8b5f9ad-518b-4332-873e-ffb82f46a5c1:c8, fe044cd5-df1e-4f7f-ac9c-c64980bfad69:c8, 1ea668f3-db9c-4d31-a34d-8fd854f35d67:c8]
2019-09-12 14:03:38,799 [grpc-default-executor-2] INFO  client.GrpcClientProtocolClient (GrpcClientProtocolClient.java:onNext(264)) - client-121340D8CA75->a8b5f9ad-518b-4332-873e-ffb82f46a5c1: receive RaftClientReply:client-121340D8CA75->a8b5f9ad-518b-4332-873e-ffb82f46a5c1@group-684C73073592, cid=45, FAILED org.apache.ratis.protocol.NotLeaderException: Server a8b5f9ad-518b-4332-873e-ffb82f46a5c1@group-684C73073592 is not the leader 1ea668f3-db9c-4d31-a34d-8fd854f35d67:192.168.5.171:46566, logIndex=0, commits[a8b5f9ad-518b-4332-873e-ffb82f46a5c1:c8, fe044cd5-df1e-4f7f-ac9c-c64980bfad69:c8, 1ea668f3-db9c-4d31-a34d-8fd854f35d67:c8]
2019-09-12 14:03:43,878 [grpc-default-executor-3] INFO  client.GrpcClientProtocolClient (GrpcClientProtocolClient.java:onNext(264)) - client-121340D8CA75->a8b5f9ad-518b-4332-873e-ffb82f46a5c1: receive RaftClientReply:client-121340D8CA75->a8b5f9ad-518b-4332-873e-ffb82f46a5c1@group-684C73073592, cid=45, FAILED org.apache.ratis.protocol.NotLeaderException: Server a8b5f9ad-518b-4332-873e-ffb82f46a5c1@group-684C73073592 is not the leader 1ea668f3-db9c-4d31-a34d-8fd854f35d67:192.168.5.171:46566, logIndex=0, commits[a8b5f9ad-518b-4332-873e-ffb82f46a5c1:c8, fe044cd5-df1e-4f7f-ac9c-c64980bfad69:c8, 1ea668f3-db9c-4d31-a34d-8fd854f35d67:c8]
2019-09-12 14:03:48,930 [grpc-default-executor-1] INFO  client.GrpcClientProtocolClient (GrpcClientProtocolClient.java:onNext(264)) - client-121340D8CA75->fe044cd5-df1e-4f7f-ac9c-c64980bfad69: receive RaftClientReply:client-121340D8CA75->fe044cd5-df1e-4f7f-ac9c-c64980bfad69@group-684C73073592, cid=45, FAILED org.apache.ratis.protocol.NotLeaderException: Server fe044cd5-df1e-4f7f-ac9c-c64980bfad69@group-684C73073592 is not the leader 1ea668f3-db9c-4d31-a34d-8fd854f35d67:192.168.5.171:46566, logIndex=0, commits[fe044cd5-df1e-4f7f-ac9c-c64980bfad69:c8, a8b5f9ad-518b-4332-873e-ffb82f46a5c1:c8, 1ea668f3-db9c-4d31-a34d-8fd854f35d67:c8]
2019-09-12 14:03:53,993 [grpc-default-executor-2] INFO  client.GrpcClientProtocolClient (GrpcClientProtocolClient.java:onNext(264)) - client-121340D8CA75->fe044cd5-df1e-4f7f-ac9c-c64980bfad69: receive RaftClientReply:client-121340D8CA75->fe044cd5-df1e-4f7f-ac9c-c64980bfad69@group-684C73073592, cid=45, FAILED org.apache.ratis.protocol.NotLeaderException: Server fe044cd5-df1e-4f7f-ac9c-c64980bfad69@group-684C73073592 is not the leader 1ea668f3-db9c-4d31-a34d-8fd854f35d67:192.168.5.171:46566, logIndex=0, commits[fe044cd5-df1e-4f7f-ac9c-c64980bfad69:c8, a8b5f9ad-518b-4332-873e-ffb82f46a5c1:c8, 1ea668f3-db9c-4d31-a34d-8fd854f35d67:c8]
2019-09-12 14:03:59,025 [grpc-default-executor-1] INFO  client.GrpcClientProtocolClient (GrpcClientProtocolClient.java:onNext(264)) - client-121340D8CA75->a8b5f9ad-518b-4332-873e-ffb82f46a5c1: receive RaftClientReply:client-121340D8CA75->a8b5f9ad-518b-4332-873e-ffb82f46a5c1@group-684C73073592, cid=45, FAILED org.apache.ratis.protocol.NotLeaderException: Server a8b5f9ad-518b-4332-873e-ffb82f46a5c1@group-684C73073592 is not the leader 1ea668f3-db9c-4d31-a34d-8fd854f35d67:192.168.5.171:46566, logIndex=0, commits[a8b5f9ad-518b-4332-873e-ffb82f46a5c1:c8, fe044cd5-df1e-4f7f-ac9c-c64980bfad69:c8, 1ea668f3-db9c-4d31-a34d-8fd854f35d67:c8]
2019-09-12 14:04:04,082 [grpc-default-executor-2] INFO  client.GrpcClientProtocolClient (GrpcClientProtocolClient.java:onNext(264)) - client-121340D8CA75->fe044cd5-df1e-4f7f-ac9c-c64980bfad69: receive RaftClientReply:client-121340D8CA75->fe044cd5-df1e-4f7f-ac9c-c64980bfad69@group-684C73073592, cid=45, FAILED org.apache.ratis.protocol.NotLeaderException: Server fe044cd5-df1e-4f7f-ac9c-c64980bfad69@group-684C73073592 is not the leader 1ea668f3-db9c-4d31-a34d-8fd854f35d67:192.168.5.171:46566, logIndex=0, commits[fe044cd5-df1e-4f7f-ac9c-c64980bfad69:c8, a8b5f9ad-518b-4332-873e-ffb82f46a5c1:c8, 1ea668f3-db9c-4d31-a34d-8fd854f35d67:c8]
2019-09-12 14:04:09,131 [grpc-default-executor-1] INFO  client.GrpcClientProtocolClient (GrpcClientProtocolClient.java:onNext(264)) - client-121340D8CA75->a8b5f9ad-518b-4332-873e-ffb82f46a5c1: receive RaftClientReply:client-121340D8CA75->a8b5f9ad-518b-4332-873e-ffb82f46a5c1@group-684C73073592, cid=45, FAILED org.apache.ratis.protocol.NotLeaderException: Server a8b5f9ad-518b-4332-873e-ffb82f46a5c1@group-684C73073592 is not the leader 1ea668f3-db9c-4d31-a34d-8fd854f35d67:192.168.5.171:46566, logIndex=0, commits[a8b5f9ad-518b-4332-873e-ffb82f46a5c1:c8, fe044cd5-df1e-4f7f-ac9c-c64980bfad69:c8, 1ea668f3-db9c-4d31-a34d-8fd854f35d67:c8]
2019-09-12 14:04:14,185 [grpc-default-executor-2] INFO  client.GrpcClientProtocolClient (GrpcClientProtocolClient.java:onNext(264)) - client-121340D8CA75->a8b5f9ad-518b-4332-873e-ffb82f46a5c1: receive RaftClientReply:client-121340D8CA75->a8b5f9ad-518b-4332-873e-ffb82f46a5c1@group-684C73073592, cid=45, FAILED org.apache.ratis.protocol.NotLeaderException: Server a8b5f9ad-518b-4332-873e-ffb82f46a5c1@group-684C73073592 is not the leader 1ea668f3-db9c-4d31-a34d-8fd854f35d67:192.168.5.171:46566, logIndex=0, commits[a8b5f9ad-518b-4332-873e-ffb82f46a5c1:c8, fe044cd5-df1e-4f7f-ac9c-c64980bfad69:c8, 1ea668f3-db9c-4d31-a34d-8fd854f35d67:c8]
2019-09-12 14:04:19,240 [grpc-default-executor-1] INFO  client.GrpcClientProtocolClient (GrpcClientProtocolClient.java:onNext(264)) - client-121340D8CA75->a8b5f9ad-518b-4332-873e-ffb82f46a5c1: receive RaftClientReply:client-121340D8CA75->a8b5f9ad-518b-4332-873e-ffb82f46a5c1@group-684C73073592, cid=45, FAILED org.apache.ratis.protocol.NotLeaderException: Server a8b5f9ad-518b-4332-873e-ffb82f46a5c1@group-684C73073592 is not the leader 1ea668f3-db9c-4d31-a34d-8fd854f35d67:192.168.5.171:46566, logIndex=0, commits[a8b5f9ad-518b-4332-873e-ffb82f46a5c1:c8, fe044cd5-df1e-4f7f-ac9c-c64980bfad69:c8, 1ea668f3-db9c-4d31-a34d-8fd854f35d67:c8]
2019-09-12 14:04:24,283 [grpc-default-executor-2] INFO  client.GrpcClientProtocolClient (GrpcClientProtocolClient.java:onNext(264)) - client-121340D8CA75->fe044cd5-df1e-4f7f-ac9c-c64980bfad69: receive RaftClientReply:client-121340D8CA75->fe044cd5-df1e-4f7f-ac9c-c64980bfad69@group-684C73073592, cid=45, FAILED org.apache.ratis.protocol.NotLeaderException: Server fe044cd5-df1e-4f7f-ac9c-c64980bfad69@group-684C73073592 is not the leader 1ea668f3-db9c-4d31-a34d-8fd854f35d67:192.168.5.171:46566, logIndex=0, commits[fe044cd5-df1e-4f7f-ac9c-c64980bfad69:c8, a8b5f9ad-518b-4332-873e-ffb82f46a5c1:c8, 1ea668f3-db9c-4d31-a34d-8fd854f35d67:c8]
2019-09-12 14:04:29,340 [grpc-default-executor-2] INFO  client.GrpcClientProtocolClient (GrpcClientProtocolClient.java:onNext(264)) - client-121340D8CA75->fe044cd5-df1e-4f7f-ac9c-c64980bfad69: receive RaftClientReply:client-121340D8CA75->fe044cd5-df1e-4f7f-ac9c-c64980bfad69@group-684C73073592, cid=45, FAILED org.apache.ratis.protocol.NotLeaderException: Server fe044cd5-df1e-4f7f-ac9c-c64980bfad69@group-684C73073592 is not the leader 1ea668f3-db9c-4d31-a34d-8fd854f35d67:192.168.5.171:46566, logIndex=0, commits[fe044cd5-df1e-4f7f-ac9c-c64980bfad69:c8, a8b5f9ad-518b-4332-873e-ffb82f46a5c1:c8, 1ea668f3-db9c-4d31-a34d-8fd854f35d67:c8]
2019-09-12 14:04:34,386 [grpc-default-executor-2] INFO  client.GrpcClientProtocolClient (GrpcClientProtocolClient.java:onNext(264)) - client-121340D8CA75->a8b5f9ad-518b-4332-873e-ffb82f46a5c1: receive RaftClientReply:client-121340D8CA75->a8b5f9ad-518b-4332-873e-ffb82f46a5c1@group-684C73073592, cid=45, FAILED org.apache.ratis.protocol.NotLeaderException: Server a8b5f9ad-518b-4332-873e-ffb82f46a5c1@group-684C73073592 is not the leader 1ea668f3-db9c-4d31-a34d-8fd854f35d67:192.168.5.171:46566, logIndex=0, commits[a8b5f9ad-518b-4332-873e-ffb82f46a5c1:c8, fe044cd5-df1e-4f7f-ac9c-c64980bfad69:c8, 1ea668f3-db9c-4d31-a34d-8fd854f35d67:c8]
2019-09-12 14:04:39,437 [grpc-default-executor-1] INFO  client.GrpcClientProtocolClient (GrpcClientProtocolClient.java:onNext(264)) - client-121340D8CA75->a8b5f9ad-518b-4332-873e-ffb82f46a5c1: receive RaftClientReply:client-121340D8CA75->a8b5f9ad-518b-4332-873e-ffb82f46a5c1@group-684C73073592, cid=45, FAILED org.apache.ratis.protocol.NotLeaderException: Server a8b5f9ad-518b-4332-873e-ffb82f46a5c1@group-684C73073592 is not the leader 1ea668f3-db9c-4d31-a34d-8fd854f35d67:192.168.5.171:46566, logIndex=0, commits[a8b5f9ad-518b-4332-873e-ffb82f46a5c1:c8, fe044cd5-df1e-4f7f-ac9c-c64980bfad69:c8, 1ea668f3-db9c-4d31-a34d-8fd854f35d67:c8]
2019-09-12 14:04:44,493 [grpc-default-executor-3] INFO  client.GrpcClientProtocolClient (GrpcClientProtocolClient.java:onNext(264)) - client-121340D8CA75->fe044cd5-df1e-4f7f-ac9c-c64980bfad69: receive RaftClientReply:client-121340D8CA75->fe044cd5-df1e-4f7f-ac9c-c64980bfad69@group-684C73073592, cid=45, FAILED org.apache.ratis.protocol.NotLeaderException: Server fe044cd5-df1e-4f7f-ac9c-c64980bfad69@group-684C73073592 is not the leader 1ea668f3-db9c-4d31-a34d-8fd854f35d67:192.168.5.171:46566, logIndex=0, commits[fe044cd5-df1e-4f7f-ac9c-c64980bfad69:c8, a8b5f9ad-518b-4332-873e-ffb82f46a5c1:c8, 1ea668f3-db9c-4d31-a34d-8fd854f35d67:c8]
2019-09-12 14:04:49,537 [grpc-default-executor-3] INFO  client.GrpcClientProtocolClient (GrpcClientProtocolClient.java:onNext(264)) - client-121340D8CA75->a8b5f9ad-518b-4332-873e-ffb82f46a5c1: receive RaftClientReply:client-121340D8CA75->a8b5f9ad-518b-4332-873e-ffb82f46a5c1@group-684C73073592, cid=45, FAILED org.apache.ratis.protocol.NotLeaderException: Server a8b5f9ad-518b-4332-873e-ffb82f46a5c1@group-684C73073592 is not the leader 1ea668f3-db9c-4d31-a34d-8fd854f35d67:192.168.5.171:46566, logIndex=0, commits[a8b5f9ad-518b-4332-873e-ffb82f46a5c1:c8, fe044cd5-df1e-4f7f-ac9c-c64980bfad69:c8, 1ea668f3-db9c-4d31-a34d-8fd854f35d67:c8]
2019-09-12 14:04:54,598 [grpc-default-executor-3] INFO  client.GrpcClientProtocolClient (GrpcClientProtocolClient.java:onNext(264)) - client-121340D8CA75->fe044cd5-df1e-4f7f-ac9c-c64980bfad69: receive RaftClientReply:client-121340D8CA75->fe044cd5-df1e-4f7f-ac9c-c64980bfad69@group-684C73073592, cid=45, FAILED org.apache.ratis.protocol.NotLeaderException: Server fe044cd5-df1e-4f7f-ac9c-c64980bfad69@group-684C73073592 is not the leader 1ea668f3-db9c-4d31-a34d-8fd854f35d67:192.168.5.171:46566, logIndex=0, commits[fe044cd5-df1e-4f7f-ac9c-c64980bfad69:c8, a8b5f9ad-518b-4332-873e-ffb82f46a5c1:c8, 1ea668f3-db9c-4d31-a34d-8fd854f35d67:c8]
2019-09-12 14:04:59,651 [grpc-default-executor-1] INFO  client.GrpcClientProtocolClient (GrpcClientProtocolClient.java:onNext(264)) - client-121340D8CA75->a8b5f9ad-518b-4332-873e-ffb82f46a5c1: receive RaftClientReply:client-121340D8CA75->a8b5f9ad-518b-4332-873e-ffb82f46a5c1@group-684C73073592, cid=45, FAILED org.apache.ratis.protocol.NotLeaderException: Server a8b5f9ad-518b-4332-873e-ffb82f46a5c1@group-684C73073592 is not the leader 1ea668f3-db9c-4d31-a34d-8fd854f35d67:192.168.5.171:46566, logIndex=0, commits[a8b5f9ad-518b-4332-873e-ffb82f46a5c1:c8, fe044cd5-df1e-4f7f-ac9c-c64980bfad69:c8, 1ea668f3-db9c-4d31-a34d-8fd854f35d67:c8]
2019-09-12 14:05:04,698 [grpc-default-executor-1] INFO  client.GrpcClientProtocolClient (GrpcClientProtocolClient.java:onNext(264)) - client-121340D8CA75->fe044cd5-df1e-4f7f-ac9c-c64980bfad69: receive RaftClientReply:client-121340D8CA75->fe044cd5-df1e-4f7f-ac9c-c64980bfad69@group-684C73073592, cid=45, FAILED org.apache.ratis.protocol.NotLeaderException: Server fe044cd5-df1e-4f7f-ac9c-c64980bfad69@group-684C73073592 is not the leader 1ea668f3-db9c-4d31-a34d-8fd854f35d67:192.168.5.171:46566, logIndex=0, commits[fe044cd5-df1e-4f7f-ac9c-c64980bfad69:c8, a8b5f9ad-518b-4332-873e-ffb82f46a5c1:c8, 1ea668f3-db9c-4d31-a34d-8fd854f35d67:c8]
2019-09-12 14:05:09,749 [grpc-default-executor-1] INFO  client.GrpcClientProtocolClient (GrpcClientProtocolClient.java:onNext(264)) - client-121340D8CA75->fe044cd5-df1e-4f7f-ac9c-c64980bfad69: receive RaftClientReply:client-121340D8CA75->fe044cd5-df1e-4f7f-ac9c-c64980bfad69@group-684C73073592, cid=45, FAILED org.apache.ratis.protocol.NotLeaderException: Server fe044cd5-df1e-4f7f-ac9c-c64980bfad69@group-684C73073592 is not the leader 1ea668f3-db9c-4d31-a34d-8fd854f35d67:192.168.5.171:46566, logIndex=0, commits[fe044cd5-df1e-4f7f-ac9c-c64980bfad69:c8, a8b5f9ad-518b-4332-873e-ffb82f46a5c1:c8, 1ea668f3-db9c-4d31-a34d-8fd854f35d67:c8]
2019-09-12 14:05:14,802 [grpc-default-executor-3] INFO  client.GrpcClientProtocolClient (GrpcClientProtocolClient.java:onNext(264)) - client-121340D8CA75->fe044cd5-df1e-4f7f-ac9c-c64980bfad69: receive RaftClientReply:client-121340D8CA75->fe044cd5-df1e-4f7f-ac9c-c64980bfad69@group-684C73073592, cid=45, FAILED org.apache.ratis.protocol.NotLeaderException: Server fe044cd5-df1e-4f7f-ac9c-c64980bfad69@group-684C73073592 is not the leader 1ea668f3-db9c-4d31-a34d-8fd854f35d67:192.168.5.171:46566, logIndex=0, commits[fe044cd5-df1e-4f7f-ac9c-c64980bfad69:c8, a8b5f9ad-518b-4332-873e-ffb82f46a5c1:c8, 1ea668f3-db9c-4d31-a34d-8fd854f35d67:c8]
2019-09-12 14:05:19,874 [grpc-default-executor-1] INFO  client.GrpcClientProtocolClient (GrpcClientProtocolClient.java:onNext(264)) - client-121340D8CA75->a8b5f9ad-518b-4332-873e-ffb82f46a5c1: receive RaftClientReply:client-121340D8CA75->a8b5f9ad-518b-4332-873e-ffb82f46a5c1@group-684C73073592, cid=45, FAILED org.apache.ratis.protocol.NotLeaderException: Server a8b5f9ad-518b-4332-873e-ffb82f46a5c1@group-684C73073592 is not the leader 1ea668f3-db9c-4d31-a34d-8fd854f35d67:192.168.5.171:46566, logIndex=0, commits[a8b5f9ad-518b-4332-873e-ffb82f46a5c1:c8, fe044cd5-df1e-4f7f-ac9c-c64980bfad69:c8, 1ea668f3-db9c-4d31-a34d-8fd854f35d67:c8]
2019-09-12 14:05:24,933 [grpc-default-executor-3] INFO  client.GrpcClientProtocolClient (GrpcClientProtocolClient.java:onNext(264)) - client-121340D8CA75->a8b5f9ad-518b-4332-873e-ffb82f46a5c1: receive RaftClientReply:client-121340D8CA75->a8b5f9ad-518b-4332-873e-ffb82f46a5c1@group-684C73073592, cid=45, FAILED org.apache.ratis.protocol.NotLeaderException: Server a8b5f9ad-518b-4332-873e-ffb82f46a5c1@group-684C73073592 is not the leader 1ea668f3-db9c-4d31-a34d-8fd854f35d67:192.168.5.171:46566, logIndex=0, commits[a8b5f9ad-518b-4332-873e-ffb82f46a5c1:c8, fe044cd5-df1e-4f7f-ac9c-c64980bfad69:c8, 1ea668f3-db9c-4d31-a34d-8fd854f35d67:c8]
2019-09-12 14:05:29,987 [grpc-default-executor-3] INFO  client.GrpcClientProtocolClient (GrpcClientProtocolClient.java:onNext(264)) - client-121340D8CA75->a8b5f9ad-518b-4332-873e-ffb82f46a5c1: receive RaftClientReply:client-121340D8CA75->a8b5f9ad-518b-4332-873e-ffb82f46a5c1@group-684C73073592, cid=45, FAILED org.apache.ratis.protocol.NotLeaderException: Server a8b5f9ad-518b-4332-873e-ffb82f46a5c1@group-684C73073592 is not the leader 1ea668f3-db9c-4d31-a34d-8fd854f35d67:192.168.5.171:46566, logIndex=0, commits[a8b5f9ad-518b-4332-873e-ffb82f46a5c1:c8, fe044cd5-df1e-4f7f-ac9c-c64980bfad69:c8, 1ea668f3-db9c-4d31-a34d-8fd854f35d67:c8]
2019-09-12 14:05:35,034 [grpc-default-executor-3] INFO  client.GrpcClientProtocolClient (GrpcClientProtocolClient.java:onNext(264)) - client-121340D8CA75->fe044cd5-df1e-4f7f-ac9c-c64980bfad69: receive RaftClientReply:client-121340D8CA75->fe044cd5-df1e-4f7f-ac9c-c64980bfad69@group-684C73073592, cid=45, FAILED org.apache.ratis.protocol.NotLeaderException: Server fe044cd5-df1e-4f7f-ac9c-c64980bfad69@group-684C73073592 is not the leader 1ea668f3-db9c-4d31-a34d-8fd854f35d67:192.168.5.171:46566, logIndex=0, commits[fe044cd5-df1e-4f7f-ac9c-c64980bfad69:c8, a8b5f9ad-518b-4332-873e-ffb82f46a5c1:c8, 1ea668f3-db9c-4d31-a34d-8fd854f35d67:c8]
2019-09-12 14:05:40,089 [grpc-default-executor-1] INFO  client.GrpcClientProtocolClient (GrpcClientProtocolClient.java:onNext(264)) - client-121340D8CA75->a8b5f9ad-518b-4332-873e-ffb82f46a5c1: receive RaftClientReply:client-121340D8CA75->a8b5f9ad-518b-4332-873e-ffb82f46a5c1@group-684C73073592, cid=45, FAILED org.apache.ratis.protocol.NotLeaderException: Server a8b5f9ad-518b-4332-873e-ffb82f46a5c1@group-684C73073592 is not the leader 1ea668f3-db9c-4d31-a34d-8fd854f35d67:192.168.5.171:46566, logIndex=0, commits[a8b5f9ad-518b-4332-873e-ffb82f46a5c1:c8, fe044cd5-df1e-4f7f-ac9c-c64980bfad69:c8, 1ea668f3-db9c-4d31-a34d-8fd854f35d67:c8]
2019-09-12 14:05:45,148 [grpc-default-executor-1] INFO  client.GrpcClientProtocolClient (GrpcClientProtocolClient.java:onNext(264)) - client-121340D8CA75->fe044cd5-df1e-4f7f-ac9c-c64980bfad69: receive RaftClientReply:client-121340D8CA75->fe044cd5-df1e-4f7f-ac9c-c64980bfad69@group-684C73073592, cid=45, FAILED org.apache.ratis.protocol.NotLeaderException: Server fe044cd5-df1e-4f7f-ac9c-c64980bfad69@group-684C73073592 is not the leader 1ea668f3-db9c-4d31-a34d-8fd854f35d67:192.168.5.171:46566, logIndex=0, commits[fe044cd5-df1e-4f7f-ac9c-c64980bfad69:c8, a8b5f9ad-518b-4332-873e-ffb82f46a5c1:c8, 1ea668f3-db9c-4d31-a34d-8fd854f35d67:c8]
2019-09-12 14:05:50,205 [grpc-default-executor-3] INFO  client.GrpcClientProtocolClient (GrpcClientProtocolClient.java:onNext(264)) - client-121340D8CA75->fe044cd5-df1e-4f7f-ac9c-c64980bfad69: receive RaftClientReply:client-121340D8CA75->fe044cd5-df1e-4f7f-ac9c-c64980bfad69@group-684C73073592, cid=45, FAILED org.apache.ratis.protocol.NotLeaderException: Server fe044cd5-df1e-4f7f-ac9c-c64980bfad69@group-684C73073592 is not the leader 1ea668f3-db9c-4d31-a34d-8fd854f35d67:192.168.5.171:46566, logIndex=0, commits[fe044cd5-df1e-4f7f-ac9c-c64980bfad69:c8, a8b5f9ad-518b-4332-873e-ffb82f46a5c1:c8, 1ea668f3-db9c-4d31-a34d-8fd854f35d67:c8]
2019-09-12 14:05:55,251 [grpc-default-executor-1] INFO  client.GrpcClientProtocolClient (GrpcClientProtocolClient.java:onNext(264)) - client-121340D8CA75->a8b5f9ad-518b-4332-873e-ffb82f46a5c1: receive RaftClientReply:client-121340D8CA75->a8b5f9ad-518b-4332-873e-ffb82f46a5c1@group-684C73073592, cid=45, FAILED org.apache.ratis.protocol.NotLeaderException: Server a8b5f9ad-518b-4332-873e-ffb82f46a5c1@group-684C73073592 is not the leader 1ea668f3-db9c-4d31-a34d-8fd854f35d67:192.168.5.171:46566, logIndex=0, commits[a8b5f9ad-518b-4332-873e-ffb82f46a5c1:c8, fe044cd5-df1e-4f7f-ac9c-c64980bfad69:c8, 1ea668f3-db9c-4d31-a34d-8fd854f35d67:c8]
2019-09-12 14:06:00,306 [grpc-default-executor-3] INFO  client.GrpcClientProtocolClient (GrpcClientProtocolClient.java:onNext(264)) - client-121340D8CA75->fe044cd5-df1e-4f7f-ac9c-c64980bfad69: receive RaftClientReply:client-121340D8CA75->fe044cd5-df1e-4f7f-ac9c-c64980bfad69@group-684C73073592, cid=45, FAILED org.apache.ratis.protocol.NotLeaderException: Server fe044cd5-df1e-4f7f-ac9c-c64980bfad69@group-684C73073592 is not the leader 1ea668f3-db9c-4d31-a34d-8fd854f35d67:192.168.5.171:46566, logIndex=0, commits[fe044cd5-df1e-4f7f-ac9c-c64980bfad69:c8, a8b5f9ad-518b-4332-873e-ffb82f46a5c1:c8, 1ea668f3-db9c-4d31-a34d-8fd854f35d67:c8]
2019-09-12 14:06:05,355 [grpc-default-executor-4] INFO  client.GrpcClientProtocolClient (GrpcClientProtocolClient.java:onNext(264)) - client-121340D8CA75->fe044cd5-df1e-4f7f-ac9c-c64980bfad69: receive RaftClientReply:client-121340D8CA75->fe044cd5-df1e-4f7f-ac9c-c64980bfad69@group-684C73073592, cid=45, FAILED org.apache.ratis.protocol.NotLeaderException: Server fe044cd5-df1e-4f7f-ac9c-c64980bfad69@group-684C73073592 is not the leader 1ea668f3-db9c-4d31-a34d-8fd854f35d67:192.168.5.171:46566, logIndex=0, commits[fe044cd5-df1e-4f7f-ac9c-c64980bfad69:c8, a8b5f9ad-518b-4332-873e-ffb82f46a5c1:c8, 1ea668f3-db9c-4d31-a34d-8fd854f35d67:c8]
2019-09-12 14:06:10,418 [grpc-default-executor-1] INFO  client.GrpcClientProtocolClient (GrpcClientProtocolClient.java:onNext(264)) - client-121340D8CA75->a8b5f9ad-518b-4332-873e-ffb82f46a5c1: receive RaftClientReply:client-121340D8CA75->a8b5f9ad-518b-4332-873e-ffb82f46a5c1@group-684C73073592, cid=45, FAILED org.apache.ratis.protocol.NotLeaderException: Server a8b5f9ad-518b-4332-873e-ffb82f46a5c1@group-684C73073592 is not the leader 1ea668f3-db9c-4d31-a34d-8fd854f35d67:192.168.5.171:46566, logIndex=0, commits[a8b5f9ad-518b-4332-873e-ffb82f46a5c1:c8, fe044cd5-df1e-4f7f-ac9c-c64980bfad69:c8, 1ea668f3-db9c-4d31-a34d-8fd854f35d67:c8]
2019-09-12 14:06:15,472 [grpc-default-executor-3] INFO  client.GrpcClientProtocolClient (GrpcClientProtocolClient.java:onNext(264)) - client-121340D8CA75->a8b5f9ad-518b-4332-873e-ffb82f46a5c1: receive RaftClientReply:client-121340D8CA75->a8b5f9ad-518b-4332-873e-ffb82f46a5c1@group-684C73073592, cid=45, FAILED org.apache.ratis.protocol.NotLeaderException: Server a8b5f9ad-518b-4332-873e-ffb82f46a5c1@group-684C73073592 is not the leader 1ea668f3-db9c-4d31-a34d-8fd854f35d67:192.168.5.171:46566, logIndex=0, commits[a8b5f9ad-518b-4332-873e-ffb82f46a5c1:c8, fe044cd5-df1e-4f7f-ac9c-c64980bfad69:c8, 1ea668f3-db9c-4d31-a34d-8fd854f35d67:c8]
2019-09-12 14:06:20,519 [grpc-default-executor-3] INFO  client.GrpcClientProtocolClient (GrpcClientProtocolClient.java:onNext(264)) - client-121340D8CA75->fe044cd5-df1e-4f7f-ac9c-c64980bfad69: receive RaftClientReply:client-121340D8CA75->fe044cd5-df1e-4f7f-ac9c-c64980bfad69@group-684C73073592, cid=45, FAILED org.apache.ratis.protocol.NotLeaderException: Server fe044cd5-df1e-4f7f-ac9c-c64980bfad69@group-684C73073592 is not the leader 1ea668f3-db9c-4d31-a34d-8fd854f35d67:192.168.5.171:46566, logIndex=0, commits[fe044cd5-df1e-4f7f-ac9c-c64980bfad69:c8, a8b5f9ad-518b-4332-873e-ffb82f46a5c1:c8, 1ea668f3-db9c-4d31-a34d-8fd854f35d67:c8]
2019-09-12 14:06:25,565 [grpc-default-executor-3] INFO  client.GrpcClientProtocolClient (GrpcClientProtocolClient.java:onNext(264)) - client-121340D8CA75->fe044cd5-df1e-4f7f-ac9c-c64980bfad69: receive RaftClientReply:client-121340D8CA75->fe044cd5-df1e-4f7f-ac9c-c64980bfad69@group-684C73073592, cid=45, FAILED org.apache.ratis.protocol.NotLeaderException: Server fe044cd5-df1e-4f7f-ac9c-c64980bfad69@group-684C73073592 is not the leader 1ea668f3-db9c-4d31-a34d-8fd854f35d67:192.168.5.171:46566, logIndex=0, commits[fe044cd5-df1e-4f7f-ac9c-c64980bfad69:c8, a8b5f9ad-518b-4332-873e-ffb82f46a5c1:c8, 1ea668f3-db9c-4d31-a34d-8fd854f35d67:c8]
2019-09-12 14:06:30,608 [grpc-default-executor-3] INFO  client.GrpcClientProtocolClient (GrpcClientProtocolClient.java:onNext(264)) - client-121340D8CA75->fe044cd5-df1e-4f7f-ac9c-c64980bfad69: receive RaftClientReply:client-121340D8CA75->fe044cd5-df1e-4f7f-ac9c-c64980bfad69@group-684C73073592, cid=45, FAILED org.apache.ratis.protocol.NotLeaderException: Server fe044cd5-df1e-4f7f-ac9c-c64980bfad69@group-684C73073592 is not the leader 1ea668f3-db9c-4d31-a34d-8fd854f35d67:192.168.5.171:46566, logIndex=0, commits[fe044cd5-df1e-4f7f-ac9c-c64980bfad69:c8, a8b5f9ad-518b-4332-873e-ffb82f46a5c1:c8, 1ea668f3-db9c-4d31-a34d-8fd854f35d67:c8]
2019-09-12 14:06:35,668 [grpc-default-executor-1] INFO  client.GrpcClientProtocolClient (GrpcClientProtocolClient.java:onNext(264)) - client-121340D8CA75->fe044cd5-df1e-4f7f-ac9c-c64980bfad69: receive RaftClientReply:client-121340D8CA75->fe044cd5-df1e-4f7f-ac9c-c64980bfad69@group-684C73073592, cid=45, FAILED org.apache.ratis.protocol.NotLeaderException: Server fe044cd5-df1e-4f7f-ac9c-c64980bfad69@group-684C73073592 is not the leader 1ea668f3-db9c-4d31-a34d-8fd854f35d67:192.168.5.171:46566, logIndex=0, commits[fe044cd5-df1e-4f7f-ac9c-c64980bfad69:c8, a8b5f9ad-518b-4332-873e-ffb82f46a5c1:c8, 1ea668f3-db9c-4d31-a34d-8fd854f35d67:c8]
2019-09-12 14:06:40,713 [grpc-default-executor-3] INFO  client.GrpcClientProtocolClient (GrpcClientProtocolClient.java:onNext(264)) - client-121340D8CA75->a8b5f9ad-518b-4332-873e-ffb82f46a5c1: receive RaftClientReply:client-121340D8CA75->a8b5f9ad-518b-4332-873e-ffb82f46a5c1@group-684C73073592, cid=45, FAILED org.apache.ratis.protocol.NotLeaderException: Server a8b5f9ad-518b-4332-873e-ffb82f46a5c1@group-684C73073592 is not the leader 1ea668f3-db9c-4d31-a34d-8fd854f35d67:192.168.5.171:46566, logIndex=0, commits[a8b5f9ad-518b-4332-873e-ffb82f46a5c1:c8, fe044cd5-df1e-4f7f-ac9c-c64980bfad69:c8, 1ea668f3-db9c-4d31-a34d-8fd854f35d67:c8]
2019-09-12 14:06:45,772 [grpc-default-executor-1] INFO  client.GrpcClientProtocolClient (GrpcClientProtocolClient.java:onNext(264)) - client-121340D8CA75->fe044cd5-df1e-4f7f-ac9c-c64980bfad69: receive RaftClientReply:client-121340D8CA75->fe044cd5-df1e-4f7f-ac9c-c64980bfad69@group-684C73073592, cid=45, FAILED org.apache.ratis.protocol.NotLeaderException: Server fe044cd5-df1e-4f7f-ac9c-c64980bfad69@group-684C73073592 is not the leader 1ea668f3-db9c-4d31-a34d-8fd854f35d67:192.168.5.171:46566, logIndex=0, commits[fe044cd5-df1e-4f7f-ac9c-c64980bfad69:c8, a8b5f9ad-518b-4332-873e-ffb82f46a5c1:c8, 1ea668f3-db9c-4d31-a34d-8fd854f35d67:c8]
2019-09-12 14:06:50,828 [grpc-default-executor-3] INFO  client.GrpcClientProtocolClient (GrpcClientProtocolClient.java:onNext(264)) - client-121340D8CA75->a8b5f9ad-518b-4332-873e-ffb82f46a5c1: receive RaftClientReply:client-121340D8CA75->a8b5f9ad-518b-4332-873e-ffb82f46a5c1@group-684C73073592, cid=45, FAILED org.apache.ratis.protocol.NotLeaderException: Server a8b5f9ad-518b-4332-873e-ffb82f46a5c1@group-684C73073592 is not the leader 1ea668f3-db9c-4d31-a34d-8fd854f35d67:192.168.5.171:46566, logIndex=0, commits[a8b5f9ad-518b-4332-873e-ffb82f46a5c1:c8, fe044cd5-df1e-4f7f-ac9c-c64980bfad69:c8, 1ea668f3-db9c-4d31-a34d-8fd854f35d67:c8]
2019-09-12 14:06:55,899 [grpc-default-executor-1] INFO  client.GrpcClientProtocolClient (GrpcClientProtocolClient.java:onNext(264)) - client-121340D8CA75->fe044cd5-df1e-4f7f-ac9c-c64980bfad69: receive RaftClientReply:client-121340D8CA75->fe044cd5-df1e-4f7f-ac9c-c64980bfad69@group-684C73073592, cid=45, FAILED org.apache.ratis.protocol.NotLeaderException: Server fe044cd5-df1e-4f7f-ac9c-c64980bfad69@group-684C73073592 is not the leader 1ea668f3-db9c-4d31-a34d-8fd854f35d67:192.168.5.171:46566, logIndex=0, commits[fe044cd5-df1e-4f7f-ac9c-c64980bfad69:c8, a8b5f9ad-518b-4332-873e-ffb82f46a5c1:c8, 1ea668f3-db9c-4d31-a34d-8fd854f35d67:c8]
2019-09-12 14:07:00,947 [grpc-default-executor-1] INFO  client.GrpcClientProtocolClient (GrpcClientProtocolClient.java:onNext(264)) - client-121340D8CA75->a8b5f9ad-518b-4332-873e-ffb82f46a5c1: receive RaftClientReply:client-121340D8CA75->a8b5f9ad-518b-4332-873e-ffb82f46a5c1@group-684C73073592, cid=45, FAILED org.apache.ratis.protocol.NotLeaderException: Server a8b5f9ad-518b-4332-873e-ffb82f46a5c1@group-684C73073592 is not the leader 1ea668f3-db9c-4d31-a34d-8fd854f35d67:192.168.5.171:46566, logIndex=0, commits[a8b5f9ad-518b-4332-873e-ffb82f46a5c1:c8, fe044cd5-df1e-4f7f-ac9c-c64980bfad69:c8, 1ea668f3-db9c-4d31-a34d-8fd854f35d67:c8]
2019-09-12 14:07:06,020 [grpc-default-executor-1] INFO  client.GrpcClientProtocolClient (GrpcClientProtocolClient.java:onNext(264)) - client-121340D8CA75->fe044cd5-df1e-4f7f-ac9c-c64980bfad69: receive RaftClientReply:client-121340D8CA75->fe044cd5-df1e-4f7f-ac9c-c64980bfad69@group-684C73073592, cid=45, FAILED org.apache.ratis.protocol.NotLeaderException: Server fe044cd5-df1e-4f7f-ac9c-c64980bfad69@group-684C73073592 is not the leader 1ea668f3-db9c-4d31-a34d-8fd854f35d67:192.168.5.171:46566, logIndex=0, commits[fe044cd5-df1e-4f7f-ac9c-c64980bfad69:c8, a8b5f9ad-518b-4332-873e-ffb82f46a5c1:c8, 1ea668f3-db9c-4d31-a34d-8fd854f35d67:c8]
2019-09-12 14:07:11,071 [grpc-default-executor-1] INFO  client.GrpcClientProtocolClient (GrpcClientProtocolClient.java:onNext(264)) - client-121340D8CA75->a8b5f9ad-518b-4332-873e-ffb82f46a5c1: receive RaftClientReply:client-121340D8CA75->a8b5f9ad-518b-4332-873e-ffb82f46a5c1@group-684C73073592, cid=45, FAILED org.apache.ratis.protocol.NotLeaderException: Server a8b5f9ad-518b-4332-873e-ffb82f46a5c1@group-684C73073592 is not the leader 1ea668f3-db9c-4d31-a34d-8fd854f35d67:192.168.5.171:46566, logIndex=0, commits[a8b5f9ad-518b-4332-873e-ffb82f46a5c1:c8, fe044cd5-df1e-4f7f-ac9c-c64980bfad69:c8, 1ea668f3-db9c-4d31-a34d-8fd854f35d67:c8]
2019-09-12 14:07:16,119 [grpc-default-executor-3] INFO  client.GrpcClientProtocolClient (GrpcClientProtocolClient.java:onNext(264)) - client-121340D8CA75->fe044cd5-df1e-4f7f-ac9c-c64980bfad69: receive RaftClientReply:client-121340D8CA75->fe044cd5-df1e-4f7f-ac9c-c64980bfad69@group-684C73073592, cid=45, FAILED org.apache.ratis.protocol.NotLeaderException: Server fe044cd5-df1e-4f7f-ac9c-c64980bfad69@group-684C73073592 is not the leader 1ea668f3-db9c-4d31-a34d-8fd854f35d67:192.168.5.171:46566, logIndex=0, commits[fe044cd5-df1e-4f7f-ac9c-c64980bfad69:c8, a8b5f9ad-518b-4332-873e-ffb82f46a5c1:c8, 1ea668f3-db9c-4d31-a34d-8fd854f35d67:c8]
2019-09-12 14:07:21,192 [grpc-default-executor-1] INFO  client.GrpcClientProtocolClient (GrpcClientProtocolClient.java:onNext(264)) - client-121340D8CA75->fe044cd5-df1e-4f7f-ac9c-c64980bfad69: receive RaftClientReply:client-121340D8CA75->fe044cd5-df1e-4f7f-ac9c-c64980bfad69@group-684C73073592, cid=45, FAILED org.apache.ratis.protocol.NotLeaderException: Server fe044cd5-df1e-4f7f-ac9c-c64980bfad69@group-684C73073592 is not the leader 1ea668f3-db9c-4d31-a34d-8fd854f35d67:192.168.5.171:46566, logIndex=0, commits[fe044cd5-df1e-4f7f-ac9c-c64980bfad69:c8, a8b5f9ad-518b-4332-873e-ffb82f46a5c1:c8, 1ea668f3-db9c-4d31-a34d-8fd854f35d67:c8]
2019-09-12 14:07:24,872 [ReplicationMonitor] INFO  container.ReplicationManager (ReplicationManager.java:run(225)) - Replication Monitor Thread took 1 milliseconds for processing 3 containers.
2019-09-12 14:07:26,261 [grpc-default-executor-3] INFO  client.GrpcClientProtocolClient (GrpcClientProtocolClient.java:onNext(264)) - client-121340D8CA75->fe044cd5-df1e-4f7f-ac9c-c64980bfad69: receive RaftClientReply:client-121340D8CA75->fe044cd5-df1e-4f7f-ac9c-c64980bfad69@group-684C73073592, cid=45, FAILED org.apache.ratis.protocol.NotLeaderException: Server fe044cd5-df1e-4f7f-ac9c-c64980bfad69@group-684C73073592 is not the leader 1ea668f3-db9c-4d31-a34d-8fd854f35d67:192.168.5.171:46566, logIndex=0, commits[fe044cd5-df1e-4f7f-ac9c-c64980bfad69:c8, a8b5f9ad-518b-4332-873e-ffb82f46a5c1:c8, 1ea668f3-db9c-4d31-a34d-8fd854f35d67:c8]
2019-09-12 14:07:31,313 [grpc-default-executor-1] INFO  client.GrpcClientProtocolClient (GrpcClientProtocolClient.java:onNext(264)) - client-121340D8CA75->fe044cd5-df1e-4f7f-ac9c-c64980bfad69: receive RaftClientReply:client-121340D8CA75->fe044cd5-df1e-4f7f-ac9c-c64980bfad69@group-684C73073592, cid=45, FAILED org.apache.ratis.protocol.NotLeaderException: Server fe044cd5-df1e-4f7f-ac9c-c64980bfad69@group-684C73073592 is not the leader 1ea668f3-db9c-4d31-a34d-8fd854f35d67:192.168.5.171:46566, logIndex=0, commits[fe044cd5-df1e-4f7f-ac9c-c64980bfad69:c8, a8b5f9ad-518b-4332-873e-ffb82f46a5c1:c8, 1ea668f3-db9c-4d31-a34d-8fd854f35d67:c8]
2019-09-12 14:07:36,368 [grpc-default-executor-1] INFO  client.GrpcClientProtocolClient (GrpcClientProtocolClient.java:onNext(264)) - client-121340D8CA75->fe044cd5-df1e-4f7f-ac9c-c64980bfad69: receive RaftClientReply:client-121340D8CA75->fe044cd5-df1e-4f7f-ac9c-c64980bfad69@group-684C73073592, cid=45, FAILED org.apache.ratis.protocol.NotLeaderException: Server fe044cd5-df1e-4f7f-ac9c-c64980bfad69@group-684C73073592 is not the leader 1ea668f3-db9c-4d31-a34d-8fd854f35d67:192.168.5.171:46566, logIndex=0, commits[fe044cd5-df1e-4f7f-ac9c-c64980bfad69:c8, a8b5f9ad-518b-4332-873e-ffb82f46a5c1:c8, 1ea668f3-db9c-4d31-a34d-8fd854f35d67:c8]
2019-09-12 14:07:36,379 [main] INFO  ozone.MiniOzoneClusterImpl (MiniOzoneClusterImpl.java:shutdown(312)) - Shutting down the Mini Ozone Cluster
2019-09-12 14:07:36,382 [main] INFO  ozone.MiniOzoneClusterImpl (MiniOzoneClusterImpl.java:stop(327)) - Stopping the Mini Ozone Cluster
2019-09-12 14:07:36,382 [main] INFO  ozone.MiniOzoneClusterImpl (MiniOzoneClusterImpl.java:stop(329)) - Stopping the OzoneManager
2019-09-12 14:07:36,383 [main] INFO  ipc.Server (Server.java:stop(3082)) - Stopping server on 45216
2019-09-12 14:07:36,419 [IPC Server listener on 45216] INFO  ipc.Server (Server.java:run(1185)) - Stopping IPC Server listener on 45216
2019-09-12 14:07:36,421 [main] INFO  ratis.OzoneManagerDoubleBuffer (OzoneManagerDoubleBuffer.java:stop(248)) - Stopping OMDoubleBuffer flush thread
2019-09-12 14:07:36,421 [IPC Server Responder] INFO  ipc.Server (Server.java:run(1319)) - Stopping IPC Server Responder
2019-09-12 14:07:36,424 [OMDoubleBufferFlushThread] INFO  ratis.OzoneManagerDoubleBuffer (OzoneManagerDoubleBuffer.java:flushTransactions(191)) - OMDoubleBuffer flush thread OMDoubleBufferFlushThread is interrupted and will exit. OMDoubleBufferFlushThread
2019-09-12 14:07:36,425 [main] INFO  utils.BackgroundService (BackgroundService.java:shutdown(148)) - Shutting down service KeyDeletingService
2019-09-12 14:07:36,427 [main] INFO  handler.ContextHandler (ContextHandler.java:doStop(910)) - Stopped o.e.j.w.WebAppContext@6d33a66e{/,null,UNAVAILABLE}{/ozoneManager}
2019-09-12 14:07:36,428 [main] INFO  server.AbstractConnector (AbstractConnector.java:doStop(318)) - Stopped ServerConnector@2f14b0f6{HTTP/1.1,[http/1.1]}{0.0.0.0:0}
2019-09-12 14:07:36,429 [main] INFO  handler.ContextHandler (ContextHandler.java:doStop(910)) - Stopped o.e.j.s.ServletContextHandler@228bda54{/static,file:///workdir/hadoop-ozone/integration-test/target/test-classes/webapps/static,UNAVAILABLE}
2019-09-12 14:07:36,429 [main] INFO  handler.ContextHandler (ContextHandler.java:doStop(910)) - Stopped o.e.j.s.ServletContextHandler@d2e6b0b{/logs,file:///workdir/hadoop-ozone/integration-test/target/log,UNAVAILABLE}
2019-09-12 14:07:36,433 [main] INFO  ozone.MiniOzoneClusterImpl (MiniOzoneClusterImpl.java:stop(335)) - Shutting the HddsDatanodes
2019-09-12 14:07:36,980 [Datanode State Machine Thread - 0] INFO  statemachine.DatanodeStateMachine (DatanodeStateMachine.java:lambda$startDaemon$0(350)) - Ozone container server started.
2019-09-12 14:07:37,194 [Datanode State Machine Thread - 0] INFO  statemachine.DatanodeStateMachine (DatanodeStateMachine.java:lambda$startDaemon$0(350)) - Ozone container server started.
2019-09-12 14:07:41,436 [main] INFO  ozoneimpl.OzoneContainer (OzoneContainer.java:stop(231)) - Attempting to stop container services.
2019-09-12 14:07:41,436 [ForkJoinPool.commonPool-worker-1] INFO  ozoneimpl.OzoneContainer (OzoneContainer.java:stop(231)) - Attempting to stop container services.
2019-09-12 14:07:41,438 [main] INFO  impl.RaftServerProxy (RaftServerProxy.java:lambda$close$4(314)) - 1ea668f3-db9c-4d31-a34d-8fd854f35d67: close
2019-09-12 14:07:41,438 [ForkJoinPool.commonPool-worker-1] INFO  impl.RaftServerProxy (RaftServerProxy.java:lambda$close$4(314)) - d38e2af0-690e-4b19-a435-4282658122bd: close
2019-09-12 14:07:41,438 [main] INFO  impl.RaftServerImpl (RaftServerImpl.java:lambda$shutdown$3(251)) - 1ea668f3-db9c-4d31-a34d-8fd854f35d67@group-F701E44CCB93: shutdown
2019-09-12 14:07:41,438 [ForkJoinPool.commonPool-worker-1] INFO  impl.RaftServerImpl (RaftServerImpl.java:lambda$shutdown$3(251)) - d38e2af0-690e-4b19-a435-4282658122bd@group-1DC2CB89E65C: shutdown
2019-09-12 14:07:41,439 [main] INFO  util.JmxRegister (JmxRegister.java:unregister(73)) - Successfully un-registered JMX Bean with object name Ratis:service=RaftServer,group=group-F701E44CCB93,id=1ea668f3-db9c-4d31-a34d-8fd854f35d67
2019-09-12 14:07:41,439 [ForkJoinPool.commonPool-worker-1] INFO  util.JmxRegister (JmxRegister.java:unregister(73)) - Successfully un-registered JMX Bean with object name Ratis:service=RaftServer,group=group-1DC2CB89E65C,id=d38e2af0-690e-4b19-a435-4282658122bd
2019-09-12 14:07:41,440 [main] INFO  impl.RoleInfo (RoleInfo.java:shutdownLeaderState(104)) - 1ea668f3-db9c-4d31-a34d-8fd854f35d67: shutdown LeaderState
2019-09-12 14:07:41,440 [ForkJoinPool.commonPool-worker-1] INFO  impl.RoleInfo (RoleInfo.java:shutdownFollowerState(121)) - d38e2af0-690e-4b19-a435-4282658122bd: shutdown FollowerState
2019-09-12 14:07:41,441 [main] INFO  impl.PendingRequests (PendingRequests.java:sendNotLeaderResponses(202)) - 1ea668f3-db9c-4d31-a34d-8fd854f35d67-PendingRequests: sendNotLeaderResponses
2019-09-12 14:07:41,441 [Thread-745] INFO  impl.FollowerState (FollowerState.java:run(115)) - d38e2af0-690e-4b19-a435-4282658122bd: FollowerState was interrupted: java.lang.InterruptedException: sleep interrupted
2019-09-12 14:07:41,441 [ForkJoinPool.commonPool-worker-1] INFO  impl.StateMachineUpdater (StateMachineUpdater.java:stopAndJoin(125)) - d38e2af0-690e-4b19-a435-4282658122bd@group-1DC2CB89E65C-StateMachineUpdater: set stopIndex = 0
2019-09-12 14:07:41,446 [main] INFO  impl.StateMachineUpdater (StateMachineUpdater.java:stopAndJoin(125)) - 1ea668f3-db9c-4d31-a34d-8fd854f35d67@group-F701E44CCB93-StateMachineUpdater: set stopIndex = 0
2019-09-12 14:07:41,446 [ForkJoinPool.commonPool-worker-1] INFO  impl.RaftServerImpl (ServerState.java:close(385)) - d38e2af0-690e-4b19-a435-4282658122bd@group-1DC2CB89E65C: closes. applyIndex: 0
2019-09-12 14:07:41,447 [main] INFO  impl.RaftServerImpl (ServerState.java:close(385)) - 1ea668f3-db9c-4d31-a34d-8fd854f35d67@group-F701E44CCB93: closes. applyIndex: 0
2019-09-12 14:07:41,447 [d38e2af0-690e-4b19-a435-4282658122bd@group-1DC2CB89E65C-SegmentedRaftLogWorker] INFO  segmented.SegmentedRaftLogWorker (SegmentedRaftLogWorker.java:run(313)) - d38e2af0-690e-4b19-a435-4282658122bd@group-1DC2CB89E65C-SegmentedRaftLogWorker was interrupted, exiting. There are 0 tasks remaining in the queue.
2019-09-12 14:07:41,447 [1ea668f3-db9c-4d31-a34d-8fd854f35d67@group-F701E44CCB93-SegmentedRaftLogWorker] INFO  segmented.SegmentedRaftLogWorker (SegmentedRaftLogWorker.java:run(313)) - 1ea668f3-db9c-4d31-a34d-8fd854f35d67@group-F701E44CCB93-SegmentedRaftLogWorker was interrupted, exiting. There are 0 tasks remaining in the queue.
2019-09-12 14:07:41,451 [ForkJoinPool.commonPool-worker-1] INFO  segmented.SegmentedRaftLogWorker (SegmentedRaftLogWorker.java:close(228)) - d38e2af0-690e-4b19-a435-4282658122bd@group-1DC2CB89E65C-SegmentedRaftLogWorker close()
2019-09-12 14:07:41,451 [main] INFO  segmented.SegmentedRaftLogWorker (SegmentedRaftLogWorker.java:close(228)) - 1ea668f3-db9c-4d31-a34d-8fd854f35d67@group-F701E44CCB93-SegmentedRaftLogWorker close()
2019-09-12 14:07:41,455 [ForkJoinPool.commonPool-worker-1] INFO  impl.RaftServerImpl (RaftServerImpl.java:lambda$shutdown$3(251)) - d38e2af0-690e-4b19-a435-4282658122bd@group-1975C4363952: shutdown
2019-09-12 14:07:41,458 [main] INFO  impl.RaftServerImpl (RaftServerImpl.java:lambda$shutdown$3(251)) - 1ea668f3-db9c-4d31-a34d-8fd854f35d67@group-684C73073592: shutdown
2019-09-12 14:07:41,458 [ForkJoinPool.commonPool-worker-1] INFO  util.JmxRegister (JmxRegister.java:unregister(73)) - Successfully un-registered JMX Bean with object name Ratis:service=RaftServer,group=group-1975C4363952,id=d38e2af0-690e-4b19-a435-4282658122bd
2019-09-12 14:07:41,458 [main] INFO  util.JmxRegister (JmxRegister.java:unregister(73)) - Successfully un-registered JMX Bean with object name Ratis:service=RaftServer,group=group-684C73073592,id=1ea668f3-db9c-4d31-a34d-8fd854f35d67
2019-09-12 14:07:41,458 [ForkJoinPool.commonPool-worker-1] INFO  impl.RoleInfo (RoleInfo.java:shutdownLeaderState(104)) - d38e2af0-690e-4b19-a435-4282658122bd: shutdown LeaderState
2019-09-12 14:07:41,459 [main] INFO  impl.RoleInfo (RoleInfo.java:shutdownLeaderState(104)) - 1ea668f3-db9c-4d31-a34d-8fd854f35d67: shutdown LeaderState
2019-09-12 14:07:41,459 [ForkJoinPool.commonPool-worker-1] INFO  impl.PendingRequests (PendingRequests.java:sendNotLeaderResponses(202)) - d38e2af0-690e-4b19-a435-4282658122bd-PendingRequests: sendNotLeaderResponses
2019-09-12 14:07:41,462 [main] INFO  impl.PendingRequests (PendingRequests.java:sendNotLeaderResponses(202)) - 1ea668f3-db9c-4d31-a34d-8fd854f35d67-PendingRequests: sendNotLeaderResponses
2019-09-12 14:07:41,462 [org.apache.ratis.server.impl.LogAppender$AppenderDaemon$$Lambda$506/424645888@6eec3e2b] WARN  server.GrpcLogAppender (GrpcLogAppender.java:mayWait(143)) - 1ea668f3-db9c-4d31-a34d-8fd854f35d67@group-684C73073592->fe044cd5-df1e-4f7f-ac9c-c64980bfad69-GrpcLogAppender: Wait interrupted by java.lang.InterruptedException
2019-09-12 14:07:41,462 [ForkJoinPool.commonPool-worker-1] INFO  impl.StateMachineUpdater (StateMachineUpdater.java:stopAndJoin(125)) - d38e2af0-690e-4b19-a435-4282658122bd@group-1975C4363952-StateMachineUpdater: set stopIndex = 0
2019-09-12 14:07:41,462 [org.apache.ratis.server.impl.LogAppender$AppenderDaemon$$Lambda$506/424645888@47aec2b6] WARN  server.GrpcLogAppender (GrpcLogAppender.java:mayWait(143)) - 1ea668f3-db9c-4d31-a34d-8fd854f35d67@group-684C73073592->a8b5f9ad-518b-4332-873e-ffb82f46a5c1-GrpcLogAppender: Wait interrupted by java.lang.InterruptedException
2019-09-12 14:07:41,468 [1ea668f3-db9c-4d31-a34d-8fd854f35d67@group-684C73073592-StateMachineUpdater] INFO  ratis.ContainerStateMachine (ContainerStateMachine.java:takeSnapshot(289)) - group-684C73073592: Taking a snapshot at:(t:2, i:6) file /workdir/hadoop-ozone/integration-test/target/test-dir/MiniOzoneClusterImpl-757a471d-dced-4024-b429-b50254f0e88a/datanode-4/data/ratis/273ca420-c333-41ca-8da6-684c73073592/sm/snapshot.2_6
2019-09-12 14:07:41,468 [ForkJoinPool.commonPool-worker-1] INFO  impl.RaftServerImpl (ServerState.java:close(385)) - d38e2af0-690e-4b19-a435-4282658122bd@group-1975C4363952: closes. applyIndex: 0
2019-09-12 14:07:41,467 [main] INFO  impl.StateMachineUpdater (StateMachineUpdater.java:stopAndJoin(125)) - 1ea668f3-db9c-4d31-a34d-8fd854f35d67@group-684C73073592-StateMachineUpdater: set stopIndex = 8
2019-09-12 14:07:41,468 [d38e2af0-690e-4b19-a435-4282658122bd@group-1975C4363952-SegmentedRaftLogWorker] INFO  segmented.SegmentedRaftLogWorker (SegmentedRaftLogWorker.java:run(313)) - d38e2af0-690e-4b19-a435-4282658122bd@group-1975C4363952-SegmentedRaftLogWorker was interrupted, exiting. There are 0 tasks remaining in the queue.
2019-09-12 14:07:41,468 [grpc-default-executor-3] INFO  server.GrpcServerProtocolService (GrpcServerProtocolService.java:onCompleted(113)) - a8b5f9ad-518b-4332-873e-ffb82f46a5c1: Completed APPEND_ENTRIES, lastRequest: 1ea668f3-db9c-4d31-a34d-8fd854f35d67->a8b5f9ad-518b-4332-873e-ffb82f46a5c1#132-t2, previous=(t:2, i:8), leaderCommit=8, initializing? false, entries: <empty>
2019-09-12 14:07:41,468 [grpc-default-executor-1] INFO  server.GrpcServerProtocolService (GrpcServerProtocolService.java:onCompleted(113)) - fe044cd5-df1e-4f7f-ac9c-c64980bfad69: Completed APPEND_ENTRIES, lastRequest: 1ea668f3-db9c-4d31-a34d-8fd854f35d67->fe044cd5-df1e-4f7f-ac9c-c64980bfad69#132-t2, previous=(t:2, i:8), leaderCommit=8, initializing? false, entries: <empty>
2019-09-12 14:07:41,472 [grpc-default-executor-3] INFO  server.GrpcLogAppender (GrpcLogAppender.java:onCompleted(293)) - 1ea668f3-db9c-4d31-a34d-8fd854f35d67@group-684C73073592->fe044cd5-df1e-4f7f-ac9c-c64980bfad69-AppendLogResponseHandler: follower responses appendEntries COMPLETED
2019-09-12 14:07:41,472 [grpc-default-executor-1] INFO  server.GrpcLogAppender (GrpcLogAppender.java:onCompleted(293)) - 1ea668f3-db9c-4d31-a34d-8fd854f35d67@group-684C73073592->a8b5f9ad-518b-4332-873e-ffb82f46a5c1-AppendLogResponseHandler: follower responses appendEntries COMPLETED
2019-09-12 14:07:41,477 [grpc-default-executor-3] INFO  impl.FollowerInfo (FollowerInfo.java:lambda$new$0(51)) - 1ea668f3-db9c-4d31-a34d-8fd854f35d67@group-684C73073592->fe044cd5-df1e-4f7f-ac9c-c64980bfad69: nextIndex: updateUnconditionally 9 -> 8
2019-09-12 14:07:41,477 [grpc-default-executor-1] INFO  impl.FollowerInfo (FollowerInfo.java:lambda$new$0(51)) - 1ea668f3-db9c-4d31-a34d-8fd854f35d67@group-684C73073592->a8b5f9ad-518b-4332-873e-ffb82f46a5c1: nextIndex: updateUnconditionally 9 -> 8
2019-09-12 14:07:41,480 [ForkJoinPool.commonPool-worker-1] INFO  segmented.SegmentedRaftLogWorker (SegmentedRaftLogWorker.java:close(228)) - d38e2af0-690e-4b19-a435-4282658122bd@group-1975C4363952-SegmentedRaftLogWorker close()
2019-09-12 14:07:41,484 [1ea668f3-db9c-4d31-a34d-8fd854f35d67@group-684C73073592-StateMachineUpdater] INFO  ratis.ContainerStateMachine (ContainerStateMachine.java:takeSnapshot(300)) - group-684C73073592: Finished taking a snapshot at:(t:2, i:6) file:/workdir/hadoop-ozone/integration-test/target/test-dir/MiniOzoneClusterImpl-757a471d-dced-4024-b429-b50254f0e88a/datanode-4/data/ratis/273ca420-c333-41ca-8da6-684c73073592/sm/snapshot.2_6 time:17
2019-09-12 14:07:41,484 [ForkJoinPool.commonPool-worker-1] INFO  server.GrpcService (GrpcService.java:closeImpl(164)) - d38e2af0-690e-4b19-a435-4282658122bd: shutdown server with port 37009 now
2019-09-12 14:07:41,484 [1ea668f3-db9c-4d31-a34d-8fd854f35d67@group-684C73073592-StateMachineUpdater] INFO  impl.StateMachineUpdater (StateMachineUpdater.java:takeSnapshot(258)) - 1ea668f3-db9c-4d31-a34d-8fd854f35d67@group-684C73073592-StateMachineUpdater: Took a snapshot at index 6
2019-09-12 14:07:41,484 [1ea668f3-db9c-4d31-a34d-8fd854f35d67@group-684C73073592-StateMachineUpdater] INFO  impl.StateMachineUpdater (StateMachineUpdater.java:lambda$new$0(83)) - 1ea668f3-db9c-4d31-a34d-8fd854f35d67@group-684C73073592-StateMachineUpdater: snapshotIndex: updateIncreasingly -1 -> 6
2019-09-12 14:07:41,485 [1ea668f3-db9c-4d31-a34d-8fd854f35d67@group-684C73073592-StateMachineUpdater] INFO  ratis.ContainerStateMachine (ContainerStateMachine.java:takeSnapshot(289)) - group-684C73073592: Taking a snapshot at:(t:2, i:6) file /workdir/hadoop-ozone/integration-test/target/test-dir/MiniOzoneClusterImpl-757a471d-dced-4024-b429-b50254f0e88a/datanode-4/data/ratis/273ca420-c333-41ca-8da6-684c73073592/sm/snapshot.2_6
2019-09-12 14:07:41,485 [grpc-default-executor-3] WARN  server.GrpcServerProtocolService (LogUtils.java:warn(134)) - d38e2af0-690e-4b19-a435-4282658122bd: installSnapshot onError, lastRequest: 553a797a-1709-4635-992b-7aee16d4f968->d38e2af0-690e-4b19-a435-4282658122bd#126-t1, previous=(t:1, i:0), leaderCommit=0, initializing? false, entries: <empty>: org.apache.ratis.thirdparty.io.grpc.StatusRuntimeException: CANCELLED: cancelled before receiving half close
2019-09-12 14:07:41,485 [ForkJoinPool.commonPool-worker-1] INFO  server.GrpcService (GrpcService.java:closeImpl(172)) - d38e2af0-690e-4b19-a435-4282658122bd: shutdown server with port 37009 successfully
2019-09-12 14:07:41,486 [grpc-default-executor-1] WARN  server.GrpcLogAppender (LogUtils.java:warn(134)) - 553a797a-1709-4635-992b-7aee16d4f968@group-1DC2CB89E65C->d38e2af0-690e-4b19-a435-4282658122bd-AppendLogResponseHandler: Failed appendEntries: org.apache.ratis.thirdparty.io.grpc.StatusRuntimeException: CANCELLED: HTTP/2 error code: CANCEL
Received Rst Stream
2019-09-12 14:07:41,492 [grpc-default-executor-1] INFO  impl.FollowerInfo (FollowerInfo.java:lambda$new$0(51)) - 553a797a-1709-4635-992b-7aee16d4f968@group-1DC2CB89E65C->d38e2af0-690e-4b19-a435-4282658122bd: nextIndex: updateUnconditionally 1 -> 0
2019-09-12 14:07:41,494 [refreshUsed-/workdir/hadoop-ozone/integration-test/target/test-dir/MiniOzoneClusterImpl-757a471d-dced-4024-b429-b50254f0e88a/datanode-1/data/containers] WARN  fs.CachingGetSpaceUsed (CachingGetSpaceUsed.java:run(183)) - Thread Interrupted waiting to refresh disk information: sleep interrupted
2019-09-12 14:07:41,496 [1ea668f3-db9c-4d31-a34d-8fd854f35d67@group-684C73073592-StateMachineUpdater] INFO  ratis.ContainerStateMachine (ContainerStateMachine.java:takeSnapshot(300)) - group-684C73073592: Finished taking a snapshot at:(t:2, i:6) file:/workdir/hadoop-ozone/integration-test/target/test-dir/MiniOzoneClusterImpl-757a471d-dced-4024-b429-b50254f0e88a/datanode-4/data/ratis/273ca420-c333-41ca-8da6-684c73073592/sm/snapshot.2_6 time:12
2019-09-12 14:07:41,496 [1ea668f3-db9c-4d31-a34d-8fd854f35d67@group-684C73073592-StateMachineUpdater] INFO  impl.StateMachineUpdater (StateMachineUpdater.java:takeSnapshot(258)) - 1ea668f3-db9c-4d31-a34d-8fd854f35d67@group-684C73073592-StateMachineUpdater: Took a snapshot at index 6
2019-09-12 14:07:41,496 [1ea668f3-db9c-4d31-a34d-8fd854f35d67@group-684C73073592-StateMachineUpdater] INFO  impl.StateMachineUpdater (StateMachineUpdater.java:lambda$new$0(83)) - 1ea668f3-db9c-4d31-a34d-8fd854f35d67@group-684C73073592-StateMachineUpdater: snapshotIndex: updateIncreasingly 6 -> 6
2019-09-12 14:07:41,497 [main] INFO  impl.RaftServerImpl (ServerState.java:close(385)) - 1ea668f3-db9c-4d31-a34d-8fd854f35d67@group-684C73073592: closes. applyIndex: 8
2019-09-12 14:07:41,497 [1ea668f3-db9c-4d31-a34d-8fd854f35d67@group-684C73073592-SegmentedRaftLogWorker] INFO  segmented.SegmentedRaftLogWorker (SegmentedRaftLogWorker.java:run(313)) - 1ea668f3-db9c-4d31-a34d-8fd854f35d67@group-684C73073592-SegmentedRaftLogWorker was interrupted, exiting. There are 0 tasks remaining in the queue.
2019-09-12 14:07:41,500 [main] INFO  segmented.SegmentedRaftLogWorker (SegmentedRaftLogWorker.java:close(228)) - 1ea668f3-db9c-4d31-a34d-8fd854f35d67@group-684C73073592-SegmentedRaftLogWorker close()
2019-09-12 14:07:41,514 [main] INFO  server.GrpcService (GrpcService.java:closeImpl(164)) - 1ea668f3-db9c-4d31-a34d-8fd854f35d67: shutdown server with port 46566 now
2019-09-12 14:07:41,514 [main] INFO  server.GrpcService (GrpcService.java:closeImpl(172)) - 1ea668f3-db9c-4d31-a34d-8fd854f35d67: shutdown server with port 46566 successfully
2019-09-12 14:07:41,518 [refreshUsed-/workdir/hadoop-ozone/integration-test/target/test-dir/MiniOzoneClusterImpl-757a471d-dced-4024-b429-b50254f0e88a/datanode-4/data/containers] WARN  fs.CachingGetSpaceUsed (CachingGetSpaceUsed.java:run(183)) - Thread Interrupted waiting to refresh disk information: sleep interrupted
2019-09-12 14:07:41,531 [main] INFO  utils.BackgroundService (BackgroundService.java:shutdown(148)) - Shutting down service BlockDeletingService
2019-09-12 14:07:41,537 [main] INFO  statemachine.DatanodeStateMachine (DatanodeStateMachine.java:stopDaemon(395)) - Ozone container server stopped.
2019-09-12 14:07:41,538 [ForkJoinPool.commonPool-worker-1] INFO  utils.BackgroundService (BackgroundService.java:shutdown(148)) - Shutting down service BlockDeletingService
2019-09-12 14:07:41,543 [ForkJoinPool.commonPool-worker-1] INFO  statemachine.DatanodeStateMachine (DatanodeStateMachine.java:stopDaemon(395)) - Ozone container server stopped.
2019-09-12 14:07:41,546 [main] INFO  handler.ContextHandler (ContextHandler.java:doStop(910)) - Stopped o.e.j.w.WebAppContext@74606204{/,null,UNAVAILABLE}{/hddsDatanode}
2019-09-12 14:07:41,548 [ForkJoinPool.commonPool-worker-1] INFO  handler.ContextHandler (ContextHandler.java:doStop(910)) - Stopped o.e.j.w.WebAppContext@60990e5c{/,null,UNAVAILABLE}{/hddsDatanode}
2019-09-12 14:07:41,548 [main] INFO  server.AbstractConnector (AbstractConnector.java:doStop(318)) - Stopped ServerConnector@6b6eae52{HTTP/1.1,[http/1.1]}{0.0.0.0:0}
2019-09-12 14:07:41,549 [ForkJoinPool.commonPool-worker-1] INFO  server.AbstractConnector (AbstractConnector.java:doStop(318)) - Stopped ServerConnector@4d84049a{HTTP/1.1,[http/1.1]}{0.0.0.0:0}
2019-09-12 14:07:41,549 [main] INFO  handler.ContextHandler (ContextHandler.java:doStop(910)) - Stopped o.e.j.s.ServletContextHandler@32d5279{/static,jar:file:/home/user/.m2/repository/org/apache/hadoop/hadoop-hdds-container-service/0.5.0-SNAPSHOT/hadoop-hdds-container-service-0.5.0-SNAPSHOT.jar!/webapps/static,UNAVAILABLE}
2019-09-12 14:07:41,550 [ForkJoinPool.commonPool-worker-1] INFO  handler.ContextHandler (ContextHandler.java:doStop(910)) - Stopped o.e.j.s.ServletContextHandler@163042ea{/static,jar:file:/home/user/.m2/repository/org/apache/hadoop/hadoop-hdds-container-service/0.5.0-SNAPSHOT/hadoop-hdds-container-service-0.5.0-SNAPSHOT.jar!/webapps/static,UNAVAILABLE}
2019-09-12 14:07:41,551 [main] INFO  handler.ContextHandler (ContextHandler.java:doStop(910)) - Stopped o.e.j.s.ServletContextHandler@6274670b{/logs,file:///workdir/hadoop-ozone/integration-test/target/log,UNAVAILABLE}
2019-09-12 14:07:41,552 [ForkJoinPool.commonPool-worker-1] INFO  handler.ContextHandler (ContextHandler.java:doStop(910)) - Stopped o.e.j.s.ServletContextHandler@2954f6ab{/logs,file:///workdir/hadoop-ozone/integration-test/target/log,UNAVAILABLE}
2019-09-12 14:07:42,049 [Datanode State Machine Thread - 0] INFO  statemachine.DatanodeStateMachine (DatanodeStateMachine.java:lambda$startDaemon$0(350)) - Ozone container server started.
2019-09-12 14:07:42,254 [Datanode State Machine Thread - 0] INFO  statemachine.DatanodeStateMachine (DatanodeStateMachine.java:lambda$startDaemon$0(350)) - Ozone container server started.
2019-09-12 14:07:43,031 [grpc-default-executor-6] WARN  server.GrpcLogAppender (LogUtils.java:warn(134)) - 553a797a-1709-4635-992b-7aee16d4f968@group-1DC2CB89E65C->d38e2af0-690e-4b19-a435-4282658122bd-AppendLogResponseHandler: Failed appendEntries: org.apache.ratis.thirdparty.io.grpc.StatusRuntimeException: UNAVAILABLE: io exception
2019-09-12 14:07:43,034 [grpc-default-executor-6] INFO  impl.FollowerInfo (FollowerInfo.java:lambda$new$0(51)) - 553a797a-1709-4635-992b-7aee16d4f968@group-1DC2CB89E65C->d38e2af0-690e-4b19-a435-4282658122bd: nextIndex: updateUnconditionally 0 -> 0
2019-09-12 14:07:45,538 [grpc-default-executor-3] WARN  server.GrpcLogAppender (LogUtils.java:warn(134)) - 553a797a-1709-4635-992b-7aee16d4f968@group-1DC2CB89E65C->d38e2af0-690e-4b19-a435-4282658122bd-AppendLogResponseHandler: Failed appendEntries: org.apache.ratis.thirdparty.io.grpc.StatusRuntimeException: UNAVAILABLE: io exception
2019-09-12 14:07:45,543 [grpc-default-executor-3] INFO  impl.FollowerInfo (FollowerInfo.java:lambda$new$0(51)) - 553a797a-1709-4635-992b-7aee16d4f968@group-1DC2CB89E65C->d38e2af0-690e-4b19-a435-4282658122bd: nextIndex: updateUnconditionally 0 -> 0
2019-09-12 14:07:46,555 [ForkJoinPool.commonPool-worker-1] INFO  ozoneimpl.OzoneContainer (OzoneContainer.java:stop(231)) - Attempting to stop container services.
2019-09-12 14:07:46,556 [main] INFO  ozoneimpl.OzoneContainer (OzoneContainer.java:stop(231)) - Attempting to stop container services.
2019-09-12 14:07:46,556 [ForkJoinPool.commonPool-worker-1] INFO  impl.RaftServerProxy (RaftServerProxy.java:lambda$close$4(314)) - 36804342-642d-43a3-bc09-2523fb137eef: close
2019-09-12 14:07:46,558 [main] INFO  impl.RaftServerProxy (RaftServerProxy.java:lambda$close$4(314)) - a8b5f9ad-518b-4332-873e-ffb82f46a5c1: close
2019-09-12 14:07:46,558 [ForkJoinPool.commonPool-worker-1] INFO  impl.RaftServerImpl (RaftServerImpl.java:lambda$shutdown$3(251)) - 36804342-642d-43a3-bc09-2523fb137eef@group-1DC2CB89E65C: shutdown
2019-09-12 14:07:46,558 [main] INFO  impl.RaftServerImpl (RaftServerImpl.java:lambda$shutdown$3(251)) - a8b5f9ad-518b-4332-873e-ffb82f46a5c1@group-4333011B3AF4: shutdown
2019-09-12 14:07:46,559 [ForkJoinPool.commonPool-worker-1] INFO  util.JmxRegister (JmxRegister.java:unregister(73)) - Successfully un-registered JMX Bean with object name Ratis:service=RaftServer,group=group-1DC2CB89E65C,id=36804342-642d-43a3-bc09-2523fb137eef
2019-09-12 14:07:46,559 [main] INFO  util.JmxRegister (JmxRegister.java:unregister(73)) - Successfully un-registered JMX Bean with object name Ratis:service=RaftServer,group=group-4333011B3AF4,id=a8b5f9ad-518b-4332-873e-ffb82f46a5c1
2019-09-12 14:07:46,559 [ForkJoinPool.commonPool-worker-1] INFO  impl.RoleInfo (RoleInfo.java:shutdownFollowerState(121)) - 36804342-642d-43a3-bc09-2523fb137eef: shutdown FollowerState
2019-09-12 14:07:46,560 [main] INFO  impl.RoleInfo (RoleInfo.java:shutdownLeaderState(104)) - a8b5f9ad-518b-4332-873e-ffb82f46a5c1: shutdown LeaderState
2019-09-12 14:07:46,560 [Thread-746] INFO  impl.FollowerState (FollowerState.java:run(115)) - 36804342-642d-43a3-bc09-2523fb137eef: FollowerState was interrupted: java.lang.InterruptedException: sleep interrupted
2019-09-12 14:07:46,560 [ForkJoinPool.commonPool-worker-1] INFO  impl.StateMachineUpdater (StateMachineUpdater.java:stopAndJoin(125)) - 36804342-642d-43a3-bc09-2523fb137eef@group-1DC2CB89E65C-StateMachineUpdater: set stopIndex = 0
2019-09-12 14:07:46,566 [main] INFO  impl.PendingRequests (PendingRequests.java:sendNotLeaderResponses(202)) - a8b5f9ad-518b-4332-873e-ffb82f46a5c1-PendingRequests: sendNotLeaderResponses
2019-09-12 14:07:46,566 [ForkJoinPool.commonPool-worker-1] INFO  impl.RaftServerImpl (ServerState.java:close(385)) - 36804342-642d-43a3-bc09-2523fb137eef@group-1DC2CB89E65C: closes. applyIndex: 0
2019-09-12 14:07:46,568 [main] INFO  impl.StateMachineUpdater (StateMachineUpdater.java:stopAndJoin(125)) - a8b5f9ad-518b-4332-873e-ffb82f46a5c1@group-4333011B3AF4-StateMachineUpdater: set stopIndex = 0
2019-09-12 14:07:46,568 [36804342-642d-43a3-bc09-2523fb137eef@group-1DC2CB89E65C-SegmentedRaftLogWorker] INFO  segmented.SegmentedRaftLogWorker (SegmentedRaftLogWorker.java:run(313)) - 36804342-642d-43a3-bc09-2523fb137eef@group-1DC2CB89E65C-SegmentedRaftLogWorker was interrupted, exiting. There are 0 tasks remaining in the queue.
2019-09-12 14:07:46,568 [main] INFO  impl.RaftServerImpl (ServerState.java:close(385)) - a8b5f9ad-518b-4332-873e-ffb82f46a5c1@group-4333011B3AF4: closes. applyIndex: 0
2019-09-12 14:07:46,570 [ForkJoinPool.commonPool-worker-1] INFO  segmented.SegmentedRaftLogWorker (SegmentedRaftLogWorker.java:close(228)) - 36804342-642d-43a3-bc09-2523fb137eef@group-1DC2CB89E65C-SegmentedRaftLogWorker close()
2019-09-12 14:07:46,571 [a8b5f9ad-518b-4332-873e-ffb82f46a5c1@group-4333011B3AF4-SegmentedRaftLogWorker] INFO  segmented.SegmentedRaftLogWorker (SegmentedRaftLogWorker.java:run(313)) - a8b5f9ad-518b-4332-873e-ffb82f46a5c1@group-4333011B3AF4-SegmentedRaftLogWorker was interrupted, exiting. There are 0 tasks remaining in the queue.
2019-09-12 14:07:46,573 [ForkJoinPool.commonPool-worker-1] INFO  impl.RaftServerImpl (RaftServerImpl.java:lambda$shutdown$3(251)) - 36804342-642d-43a3-bc09-2523fb137eef@group-406012984DBC: shutdown
2019-09-12 14:07:46,575 [ForkJoinPool.commonPool-worker-1] INFO  util.JmxRegister (JmxRegister.java:unregister(73)) - Successfully un-registered JMX Bean with object name Ratis:service=RaftServer,group=group-406012984DBC,id=36804342-642d-43a3-bc09-2523fb137eef
2019-09-12 14:07:46,575 [main] INFO  segmented.SegmentedRaftLogWorker (SegmentedRaftLogWorker.java:close(228)) - a8b5f9ad-518b-4332-873e-ffb82f46a5c1@group-4333011B3AF4-SegmentedRaftLogWorker close()
2019-09-12 14:07:46,575 [ForkJoinPool.commonPool-worker-1] INFO  impl.RoleInfo (RoleInfo.java:shutdownLeaderState(104)) - 36804342-642d-43a3-bc09-2523fb137eef: shutdown LeaderState
2019-09-12 14:07:46,578 [main] INFO  impl.RaftServerImpl (RaftServerImpl.java:lambda$shutdown$3(251)) - a8b5f9ad-518b-4332-873e-ffb82f46a5c1@group-684C73073592: shutdown
2019-09-12 14:07:46,578 [ForkJoinPool.commonPool-worker-1] INFO  impl.PendingRequests (PendingRequests.java:sendNotLeaderResponses(202)) - 36804342-642d-43a3-bc09-2523fb137eef-PendingRequests: sendNotLeaderResponses
2019-09-12 14:07:46,578 [main] INFO  util.JmxRegister (JmxRegister.java:unregister(73)) - Successfully un-registered JMX Bean with object name Ratis:service=RaftServer,group=group-684C73073592,id=a8b5f9ad-518b-4332-873e-ffb82f46a5c1
2019-09-12 14:07:46,579 [ForkJoinPool.commonPool-worker-1] INFO  impl.StateMachineUpdater (StateMachineUpdater.java:stopAndJoin(125)) - 36804342-642d-43a3-bc09-2523fb137eef@group-406012984DBC-StateMachineUpdater: set stopIndex = 0
2019-09-12 14:07:46,579 [main] INFO  impl.RoleInfo (RoleInfo.java:shutdownFollowerState(121)) - a8b5f9ad-518b-4332-873e-ffb82f46a5c1: shutdown FollowerState
2019-09-12 14:07:46,579 [ForkJoinPool.commonPool-worker-1] INFO  impl.RaftServerImpl (ServerState.java:close(385)) - 36804342-642d-43a3-bc09-2523fb137eef@group-406012984DBC: closes. applyIndex: 0
2019-09-12 14:07:46,580 [Thread-796] INFO  impl.FollowerState (FollowerState.java:run(115)) - a8b5f9ad-518b-4332-873e-ffb82f46a5c1: FollowerState was interrupted: java.lang.InterruptedException: sleep interrupted
2019-09-12 14:07:46,580 [a8b5f9ad-518b-4332-873e-ffb82f46a5c1@group-684C73073592-StateMachineUpdater] INFO  ratis.ContainerStateMachine (ContainerStateMachine.java:takeSnapshot(289)) - group-684C73073592: Taking a snapshot at:(t:2, i:6) file /workdir/hadoop-ozone/integration-test/target/test-dir/MiniOzoneClusterImpl-757a471d-dced-4024-b429-b50254f0e88a/datanode-3/data/ratis/273ca420-c333-41ca-8da6-684c73073592/sm/snapshot.2_6
2019-09-12 14:07:46,580 [main] INFO  impl.StateMachineUpdater (StateMachineUpdater.java:stopAndJoin(125)) - a8b5f9ad-518b-4332-873e-ffb82f46a5c1@group-684C73073592-StateMachineUpdater: set stopIndex = 8
2019-09-12 14:07:46,582 [36804342-642d-43a3-bc09-2523fb137eef@group-406012984DBC-SegmentedRaftLogWorker] INFO  segmented.SegmentedRaftLogWorker (SegmentedRaftLogWorker.java:run(313)) - 36804342-642d-43a3-bc09-2523fb137eef@group-406012984DBC-SegmentedRaftLogWorker was interrupted, exiting. There are 0 tasks remaining in the queue.
2019-09-12 14:07:46,595 [ForkJoinPool.commonPool-worker-1] INFO  segmented.SegmentedRaftLogWorker (SegmentedRaftLogWorker.java:close(228)) - 36804342-642d-43a3-bc09-2523fb137eef@group-406012984DBC-SegmentedRaftLogWorker close()
2019-09-12 14:07:46,597 [ForkJoinPool.commonPool-worker-1] INFO  server.GrpcService (GrpcService.java:closeImpl(164)) - 36804342-642d-43a3-bc09-2523fb137eef: shutdown server with port 46500 now
2019-09-12 14:07:46,599 [ForkJoinPool.commonPool-worker-1] INFO  server.GrpcService (GrpcService.java:closeImpl(172)) - 36804342-642d-43a3-bc09-2523fb137eef: shutdown server with port 46500 successfully
2019-09-12 14:07:46,599 [grpc-default-executor-6] WARN  server.GrpcServerProtocolService (LogUtils.java:warn(134)) - 36804342-642d-43a3-bc09-2523fb137eef: installSnapshot onError, lastRequest: 553a797a-1709-4635-992b-7aee16d4f968->36804342-642d-43a3-bc09-2523fb137eef#128-t1, previous=(t:1, i:0), leaderCommit=0, initializing? false, entries: <empty>: org.apache.ratis.thirdparty.io.grpc.StatusRuntimeException: CANCELLED: cancelled before receiving half close
2019-09-12 14:07:46,599 [grpc-default-executor-1] WARN  server.GrpcLogAppender (LogUtils.java:warn(134)) - 553a797a-1709-4635-992b-7aee16d4f968@group-1DC2CB89E65C->36804342-642d-43a3-bc09-2523fb137eef-AppendLogResponseHandler: Failed appendEntries: org.apache.ratis.thirdparty.io.grpc.StatusRuntimeException: CANCELLED: HTTP/2 error code: CANCEL
Received Rst Stream
2019-09-12 14:07:46,602 [grpc-default-executor-1] INFO  impl.FollowerInfo (FollowerInfo.java:lambda$new$0(51)) - 553a797a-1709-4635-992b-7aee16d4f968@group-1DC2CB89E65C->36804342-642d-43a3-bc09-2523fb137eef: nextIndex: updateUnconditionally 1 -> 0
2019-09-12 14:07:46,604 [refreshUsed-/workdir/hadoop-ozone/integration-test/target/test-dir/MiniOzoneClusterImpl-757a471d-dced-4024-b429-b50254f0e88a/datanode-2/data/containers] WARN  fs.CachingGetSpaceUsed (CachingGetSpaceUsed.java:run(183)) - Thread Interrupted waiting to refresh disk information: sleep interrupted
2019-09-12 14:07:46,618 [a8b5f9ad-518b-4332-873e-ffb82f46a5c1@group-684C73073592-StateMachineUpdater] INFO  ratis.ContainerStateMachine (ContainerStateMachine.java:takeSnapshot(300)) - group-684C73073592: Finished taking a snapshot at:(t:2, i:6) file:/workdir/hadoop-ozone/integration-test/target/test-dir/MiniOzoneClusterImpl-757a471d-dced-4024-b429-b50254f0e88a/datanode-3/data/ratis/273ca420-c333-41ca-8da6-684c73073592/sm/snapshot.2_6 time:37
2019-09-12 14:07:46,618 [a8b5f9ad-518b-4332-873e-ffb82f46a5c1@group-684C73073592-StateMachineUpdater] INFO  impl.StateMachineUpdater (StateMachineUpdater.java:takeSnapshot(258)) - a8b5f9ad-518b-4332-873e-ffb82f46a5c1@group-684C73073592-StateMachineUpdater: Took a snapshot at index 6
2019-09-12 14:07:46,618 [a8b5f9ad-518b-4332-873e-ffb82f46a5c1@group-684C73073592-StateMachineUpdater] INFO  impl.StateMachineUpdater (StateMachineUpdater.java:lambda$new$0(83)) - a8b5f9ad-518b-4332-873e-ffb82f46a5c1@group-684C73073592-StateMachineUpdater: snapshotIndex: updateIncreasingly -1 -> 6
2019-09-12 14:07:46,619 [a8b5f9ad-518b-4332-873e-ffb82f46a5c1@group-684C73073592-StateMachineUpdater] INFO  ratis.ContainerStateMachine (ContainerStateMachine.java:takeSnapshot(289)) - group-684C73073592: Taking a snapshot at:(t:2, i:6) file /workdir/hadoop-ozone/integration-test/target/test-dir/MiniOzoneClusterImpl-757a471d-dced-4024-b429-b50254f0e88a/datanode-3/data/ratis/273ca420-c333-41ca-8da6-684c73073592/sm/snapshot.2_6
2019-09-12 14:07:46,630 [ForkJoinPool.commonPool-worker-1] INFO  utils.BackgroundService (BackgroundService.java:shutdown(148)) - Shutting down service BlockDeletingService
2019-09-12 14:07:46,630 [a8b5f9ad-518b-4332-873e-ffb82f46a5c1@group-684C73073592-StateMachineUpdater] INFO  ratis.ContainerStateMachine (ContainerStateMachine.java:takeSnapshot(300)) - group-684C73073592: Finished taking a snapshot at:(t:2, i:6) file:/workdir/hadoop-ozone/integration-test/target/test-dir/MiniOzoneClusterImpl-757a471d-dced-4024-b429-b50254f0e88a/datanode-3/data/ratis/273ca420-c333-41ca-8da6-684c73073592/sm/snapshot.2_6 time:11
2019-09-12 14:07:46,631 [a8b5f9ad-518b-4332-873e-ffb82f46a5c1@group-684C73073592-StateMachineUpdater] INFO  impl.StateMachineUpdater (StateMachineUpdater.java:takeSnapshot(258)) - a8b5f9ad-518b-4332-873e-ffb82f46a5c1@group-684C73073592-StateMachineUpdater: Took a snapshot at index 6
2019-09-12 14:07:46,631 [a8b5f9ad-518b-4332-873e-ffb82f46a5c1@group-684C73073592-StateMachineUpdater] INFO  impl.StateMachineUpdater (StateMachineUpdater.java:lambda$new$0(83)) - a8b5f9ad-518b-4332-873e-ffb82f46a5c1@group-684C73073592-StateMachineUpdater: snapshotIndex: updateIncreasingly 6 -> 6
2019-09-12 14:07:46,631 [main] INFO  impl.RaftServerImpl (ServerState.java:close(385)) - a8b5f9ad-518b-4332-873e-ffb82f46a5c1@group-684C73073592: closes. applyIndex: 8
2019-09-12 14:07:46,632 [a8b5f9ad-518b-4332-873e-ffb82f46a5c1@group-684C73073592-SegmentedRaftLogWorker] INFO  segmented.SegmentedRaftLogWorker (SegmentedRaftLogWorker.java:run(313)) - a8b5f9ad-518b-4332-873e-ffb82f46a5c1@group-684C73073592-SegmentedRaftLogWorker was interrupted, exiting. There are 0 tasks remaining in the queue.
2019-09-12 14:07:46,634 [main] INFO  segmented.SegmentedRaftLogWorker (SegmentedRaftLogWorker.java:close(228)) - a8b5f9ad-518b-4332-873e-ffb82f46a5c1@group-684C73073592-SegmentedRaftLogWorker close()
2019-09-12 14:07:46,639 [ForkJoinPool.commonPool-worker-1] INFO  statemachine.DatanodeStateMachine (DatanodeStateMachine.java:stopDaemon(395)) - Ozone container server stopped.
2019-09-12 14:07:46,641 [main] INFO  server.GrpcService (GrpcService.java:closeImpl(164)) - a8b5f9ad-518b-4332-873e-ffb82f46a5c1: shutdown server with port 37608 now
2019-09-12 14:07:46,649 [main] INFO  server.GrpcService (GrpcService.java:closeImpl(172)) - a8b5f9ad-518b-4332-873e-ffb82f46a5c1: shutdown server with port 37608 successfully
2019-09-12 14:07:46,651 [ForkJoinPool.commonPool-worker-1] INFO  handler.ContextHandler (ContextHandler.java:doStop(910)) - Stopped o.e.j.w.WebAppContext@64e1377c{/,null,UNAVAILABLE}{/hddsDatanode}
2019-09-12 14:07:46,652 [refreshUsed-/workdir/hadoop-ozone/integration-test/target/test-dir/MiniOzoneClusterImpl-757a471d-dced-4024-b429-b50254f0e88a/datanode-3/data/containers] WARN  fs.CachingGetSpaceUsed (CachingGetSpaceUsed.java:run(183)) - Thread Interrupted waiting to refresh disk information: sleep interrupted
2019-09-12 14:07:46,653 [ForkJoinPool.commonPool-worker-1] INFO  server.AbstractConnector (AbstractConnector.java:doStop(318)) - Stopped ServerConnector@b0fd744{HTTP/1.1,[http/1.1]}{0.0.0.0:0}
2019-09-12 14:07:46,654 [ForkJoinPool.commonPool-worker-1] INFO  handler.ContextHandler (ContextHandler.java:doStop(910)) - Stopped o.e.j.s.ServletContextHandler@250a9031{/static,jar:file:/home/user/.m2/repository/org/apache/hadoop/hadoop-hdds-container-service/0.5.0-SNAPSHOT/hadoop-hdds-container-service-0.5.0-SNAPSHOT.jar!/webapps/static,UNAVAILABLE}
2019-09-12 14:07:46,657 [ForkJoinPool.commonPool-worker-1] INFO  handler.ContextHandler (ContextHandler.java:doStop(910)) - Stopped o.e.j.s.ServletContextHandler@111d5c97{/logs,file:///workdir/hadoop-ozone/integration-test/target/log,UNAVAILABLE}
2019-09-12 14:07:46,675 [main] INFO  utils.BackgroundService (BackgroundService.java:shutdown(148)) - Shutting down service BlockDeletingService
2019-09-12 14:07:46,680 [main] INFO  statemachine.DatanodeStateMachine (DatanodeStateMachine.java:stopDaemon(395)) - Ozone container server stopped.
2019-09-12 14:07:46,681 [main] INFO  handler.ContextHandler (ContextHandler.java:doStop(910)) - Stopped o.e.j.w.WebAppContext@f9cab00{/,null,UNAVAILABLE}{/hddsDatanode}
2019-09-12 14:07:46,682 [main] INFO  server.AbstractConnector (AbstractConnector.java:doStop(318)) - Stopped ServerConnector@10272bbb{HTTP/1.1,[http/1.1]}{0.0.0.0:0}
2019-09-12 14:07:46,682 [main] INFO  handler.ContextHandler (ContextHandler.java:doStop(910)) - Stopped o.e.j.s.ServletContextHandler@497d4c96{/static,jar:file:/home/user/.m2/repository/org/apache/hadoop/hadoop-hdds-container-service/0.5.0-SNAPSHOT/hadoop-hdds-container-service-0.5.0-SNAPSHOT.jar!/webapps/static,UNAVAILABLE}
2019-09-12 14:07:46,683 [main] INFO  handler.ContextHandler (ContextHandler.java:doStop(910)) - Stopped o.e.j.s.ServletContextHandler@7235f92b{/logs,file:///workdir/hadoop-ozone/integration-test/target/log,UNAVAILABLE}
2019-09-12 14:07:46,904 [Datanode State Machine Thread - 0] INFO  statemachine.DatanodeStateMachine (DatanodeStateMachine.java:lambda$startDaemon$0(350)) - Ozone container server started.
2019-09-12 14:07:47,339 [Datanode State Machine Thread - 0] INFO  statemachine.DatanodeStateMachine (DatanodeStateMachine.java:lambda$startDaemon$0(350)) - Ozone container server started.
2019-09-12 14:07:48,037 [grpc-default-executor-6] WARN  server.GrpcLogAppender (LogUtils.java:warn(134)) - 553a797a-1709-4635-992b-7aee16d4f968@group-1DC2CB89E65C->d38e2af0-690e-4b19-a435-4282658122bd-AppendLogResponseHandler: Failed appendEntries: org.apache.ratis.thirdparty.io.grpc.StatusRuntimeException: UNAVAILABLE: io exception
2019-09-12 14:07:48,039 [grpc-default-executor-6] INFO  impl.FollowerInfo (FollowerInfo.java:lambda$new$0(51)) - 553a797a-1709-4635-992b-7aee16d4f968@group-1DC2CB89E65C->d38e2af0-690e-4b19-a435-4282658122bd: nextIndex: updateUnconditionally 0 -> 0
2019-09-12 14:07:48,040 [grpc-default-executor-7] WARN  server.GrpcLogAppender (LogUtils.java:warn(134)) - 553a797a-1709-4635-992b-7aee16d4f968@group-1DC2CB89E65C->36804342-642d-43a3-bc09-2523fb137eef-AppendLogResponseHandler: Failed appendEntries: org.apache.ratis.thirdparty.io.grpc.StatusRuntimeException: UNAVAILABLE: io exception
2019-09-12 14:07:48,042 [grpc-default-executor-7] INFO  impl.FollowerInfo (FollowerInfo.java:lambda$new$0(51)) - 553a797a-1709-4635-992b-7aee16d4f968@group-1DC2CB89E65C->36804342-642d-43a3-bc09-2523fb137eef: nextIndex: updateUnconditionally 0 -> 0
2019-09-12 14:07:48,190 [Thread-795] INFO  impl.FollowerState (FollowerState.java:run(106)) - fe044cd5-df1e-4f7f-ac9c-c64980bfad69:group-684C73073592 changes to CANDIDATE, lastRpcTime:7111, electionTimeout:5007ms
2019-09-12 14:07:48,190 [Thread-795] INFO  impl.RoleInfo (RoleInfo.java:shutdownFollowerState(121)) - fe044cd5-df1e-4f7f-ac9c-c64980bfad69: shutdown FollowerState
2019-09-12 14:07:48,190 [Thread-795] INFO  impl.RaftServerImpl (RaftServerImpl.java:setRole(174)) - fe044cd5-df1e-4f7f-ac9c-c64980bfad69@group-684C73073592: changes role from  FOLLOWER to CANDIDATE at term 2 for changeToCandidate
2019-09-12 14:07:48,191 [Thread-795] INFO  impl.RoleInfo (RoleInfo.java:updateAndGet(143)) - fe044cd5-df1e-4f7f-ac9c-c64980bfad69: start LeaderElection
2019-09-12 14:07:48,193 [fe044cd5-df1e-4f7f-ac9c-c64980bfad69@group-684C73073592:LeaderElection25] INFO  impl.RaftServerImpl (ServerState.java:setLeader(253)) - fe044cd5-df1e-4f7f-ac9c-c64980bfad69@group-684C73073592: change Leader from 1ea668f3-db9c-4d31-a34d-8fd854f35d67 to null at term 2 for initElection
2019-09-12 14:07:48,233 [fe044cd5-df1e-4f7f-ac9c-c64980bfad69@group-684C73073592:LeaderElection25] INFO  impl.LeaderElection (LeaderElection.java:askForVotes(182)) - fe044cd5-df1e-4f7f-ac9c-c64980bfad69@group-684C73073592:LeaderElection25: begin an election at term 3 for 0: [a8b5f9ad-518b-4332-873e-ffb82f46a5c1:192.168.5.171:37608, fe044cd5-df1e-4f7f-ac9c-c64980bfad69:192.168.5.171:42111, 1ea668f3-db9c-4d31-a34d-8fd854f35d67:192.168.5.171:46566], old=null
2019-09-12 14:07:48,243 [fe044cd5-df1e-4f7f-ac9c-c64980bfad69@group-684C73073592:LeaderElection25] INFO  impl.LeaderElection (LogUtils.java:infoOrTrace(149)) - fe044cd5-df1e-4f7f-ac9c-c64980bfad69@group-684C73073592:LeaderElection25 got exception when requesting votes: {}
java.util.concurrent.ExecutionException: org.apache.ratis.thirdparty.io.grpc.StatusRuntimeException: UNAVAILABLE: io exception
	at java.util.concurrent.FutureTask.report(FutureTask.java:122)
	at java.util.concurrent.FutureTask.get(FutureTask.java:192)
	at org.apache.ratis.server.impl.LeaderElection.waitForResults(LeaderElection.java:263)
	at org.apache.ratis.server.impl.LeaderElection.askForVotes(LeaderElection.java:201)
	at org.apache.ratis.server.impl.LeaderElection.run(LeaderElection.java:133)
	at java.lang.Thread.run(Thread.java:748)
Caused by: org.apache.ratis.thirdparty.io.grpc.StatusRuntimeException: UNAVAILABLE: io exception
	at org.apache.ratis.thirdparty.io.grpc.stub.ClientCalls.toStatusRuntimeException(ClientCalls.java:233)
	at org.apache.ratis.thirdparty.io.grpc.stub.ClientCalls.getUnchecked(ClientCalls.java:214)
	at org.apache.ratis.thirdparty.io.grpc.stub.ClientCalls.blockingUnaryCall(ClientCalls.java:139)
	at org.apache.ratis.proto.grpc.RaftServerProtocolServiceGrpc$RaftServerProtocolServiceBlockingStub.requestVote(RaftServerProtocolServiceGrpc.java:265)
	at org.apache.ratis.grpc.server.GrpcServerProtocolClient.requestVote(GrpcServerProtocolClient.java:90)
	at org.apache.ratis.grpc.server.GrpcService.requestVote(GrpcService.java:204)
	at org.apache.ratis.server.impl.LeaderElection.lambda$submitRequests$1(LeaderElection.java:238)
	at java.util.concurrent.FutureTask.run(FutureTask.java:266)
	at java.util.concurrent.Executors$RunnableAdapter.call(Executors.java:511)
	at java.util.concurrent.FutureTask.run(FutureTask.java:266)
	at java.util.concurrent.ThreadPoolExecutor.runWorker(ThreadPoolExecutor.java:1149)
	at java.util.concurrent.ThreadPoolExecutor$Worker.run(ThreadPoolExecutor.java:624)
	... 1 more
Caused by: org.apache.ratis.thirdparty.io.netty.channel.AbstractChannel$AnnotatedConnectException: Connection refused: /192.168.5.171:37608
	at sun.nio.ch.SocketChannelImpl.checkConnect(Native Method)
	at sun.nio.ch.SocketChannelImpl.finishConnect(SocketChannelImpl.java:717)
	at org.apache.ratis.thirdparty.io.netty.channel.socket.nio.NioSocketChannel.doFinishConnect(NioSocketChannel.java:327)
	at org.apache.ratis.thirdparty.io.netty.channel.nio.AbstractNioChannel$AbstractNioUnsafe.finishConnect(AbstractNioChannel.java:340)
	at org.apache.ratis.thirdparty.io.netty.channel.nio.NioEventLoop.processSelectedKey(NioEventLoop.java:632)
	at org.apache.ratis.thirdparty.io.netty.channel.nio.NioEventLoop.processSelectedKeysOptimized(NioEventLoop.java:579)
	at org.apache.ratis.thirdparty.io.netty.channel.nio.NioEventLoop.processSelectedKeys(NioEventLoop.java:496)
	at org.apache.ratis.thirdparty.io.netty.channel.nio.NioEventLoop.run(NioEventLoop.java:458)
	at org.apache.ratis.thirdparty.io.netty.util.concurrent.SingleThreadEventExecutor$5.run(SingleThreadEventExecutor.java:897)
	at org.apache.ratis.thirdparty.io.netty.util.concurrent.FastThreadLocalRunnable.run(FastThreadLocalRunnable.java:30)
	... 1 more
Caused by: java.net.ConnectException: Connection refused
	... 11 more
2019-09-12 14:07:48,248 [fe044cd5-df1e-4f7f-ac9c-c64980bfad69@group-684C73073592:LeaderElection25] INFO  impl.LeaderElection (LogUtils.java:infoOrTrace(149)) - fe044cd5-df1e-4f7f-ac9c-c64980bfad69@group-684C73073592:LeaderElection25 got exception when requesting votes: {}
java.util.concurrent.ExecutionException: org.apache.ratis.thirdparty.io.grpc.StatusRuntimeException: UNAVAILABLE: io exception
	at java.util.concurrent.FutureTask.report(FutureTask.java:122)
	at java.util.concurrent.FutureTask.get(FutureTask.java:192)
	at org.apache.ratis.server.impl.LeaderElection.waitForResults(LeaderElection.java:263)
	at org.apache.ratis.server.impl.LeaderElection.askForVotes(LeaderElection.java:201)
	at org.apache.ratis.server.impl.LeaderElection.run(LeaderElection.java:133)
	at java.lang.Thread.run(Thread.java:748)
Caused by: org.apache.ratis.thirdparty.io.grpc.StatusRuntimeException: UNAVAILABLE: io exception
	at org.apache.ratis.thirdparty.io.grpc.stub.ClientCalls.toStatusRuntimeException(ClientCalls.java:233)
	at org.apache.ratis.thirdparty.io.grpc.stub.ClientCalls.getUnchecked(ClientCalls.java:214)
	at org.apache.ratis.thirdparty.io.grpc.stub.ClientCalls.blockingUnaryCall(ClientCalls.java:139)
	at org.apache.ratis.proto.grpc.RaftServerProtocolServiceGrpc$RaftServerProtocolServiceBlockingStub.requestVote(RaftServerProtocolServiceGrpc.java:265)
	at org.apache.ratis.grpc.server.GrpcServerProtocolClient.requestVote(GrpcServerProtocolClient.java:90)
	at org.apache.ratis.grpc.server.GrpcService.requestVote(GrpcService.java:204)
	at org.apache.ratis.server.impl.LeaderElection.lambda$submitRequests$1(LeaderElection.java:238)
	at java.util.concurrent.FutureTask.run(FutureTask.java:266)
	at java.util.concurrent.Executors$RunnableAdapter.call(Executors.java:511)
	at java.util.concurrent.FutureTask.run(FutureTask.java:266)
	at java.util.concurrent.ThreadPoolExecutor.runWorker(ThreadPoolExecutor.java:1149)
	at java.util.concurrent.ThreadPoolExecutor$Worker.run(ThreadPoolExecutor.java:624)
	... 1 more
Caused by: org.apache.ratis.thirdparty.io.netty.channel.AbstractChannel$AnnotatedConnectException: Connection refused: /192.168.5.171:46566
	at sun.nio.ch.SocketChannelImpl.checkConnect(Native Method)
	at sun.nio.ch.SocketChannelImpl.finishConnect(SocketChannelImpl.java:717)
	at org.apache.ratis.thirdparty.io.netty.channel.socket.nio.NioSocketChannel.doFinishConnect(NioSocketChannel.java:327)
	at org.apache.ratis.thirdparty.io.netty.channel.nio.AbstractNioChannel$AbstractNioUnsafe.finishConnect(AbstractNioChannel.java:340)
	at org.apache.ratis.thirdparty.io.netty.channel.nio.NioEventLoop.processSelectedKey(NioEventLoop.java:632)
	at org.apache.ratis.thirdparty.io.netty.channel.nio.NioEventLoop.processSelectedKeysOptimized(NioEventLoop.java:579)
	at org.apache.ratis.thirdparty.io.netty.channel.nio.NioEventLoop.processSelectedKeys(NioEventLoop.java:496)
	at org.apache.ratis.thirdparty.io.netty.channel.nio.NioEventLoop.run(NioEventLoop.java:458)
	at org.apache.ratis.thirdparty.io.netty.util.concurrent.SingleThreadEventExecutor$5.run(SingleThreadEventExecutor.java:897)
	at org.apache.ratis.thirdparty.io.netty.util.concurrent.FastThreadLocalRunnable.run(FastThreadLocalRunnable.java:30)
	... 1 more
Caused by: java.net.ConnectException: Connection refused
	... 11 more
2019-09-12 14:07:48,250 [fe044cd5-df1e-4f7f-ac9c-c64980bfad69@group-684C73073592:LeaderElection25] INFO  impl.LeaderElection (LeaderElection.java:logAndReturn(56)) - fe044cd5-df1e-4f7f-ac9c-c64980bfad69@group-684C73073592:LeaderElection25: Election REJECTED; received 0 response(s) [] and 2 exception(s); fe044cd5-df1e-4f7f-ac9c-c64980bfad69@group-684C73073592:t3, leader=null, voted=fe044cd5-df1e-4f7f-ac9c-c64980bfad69, raftlog=fe044cd5-df1e-4f7f-ac9c-c64980bfad69@group-684C73073592-SegmentedRaftLog:OPENED:c8,f8,i8, conf=0: [a8b5f9ad-518b-4332-873e-ffb82f46a5c1:192.168.5.171:37608, fe044cd5-df1e-4f7f-ac9c-c64980bfad69:192.168.5.171:42111, 1ea668f3-db9c-4d31-a34d-8fd854f35d67:192.168.5.171:46566], old=null
2019-09-12 14:07:48,251 [fe044cd5-df1e-4f7f-ac9c-c64980bfad69@group-684C73073592:LeaderElection25] INFO  impl.LeaderElection (LogUtils.java:infoOrTrace(149)) -   Exception 0: {}
java.util.concurrent.ExecutionException: org.apache.ratis.thirdparty.io.grpc.StatusRuntimeException: UNAVAILABLE: io exception
	at java.util.concurrent.FutureTask.report(FutureTask.java:122)
	at java.util.concurrent.FutureTask.get(FutureTask.java:192)
	at org.apache.ratis.server.impl.LeaderElection.waitForResults(LeaderElection.java:263)
	at org.apache.ratis.server.impl.LeaderElection.askForVotes(LeaderElection.java:201)
	at org.apache.ratis.server.impl.LeaderElection.run(LeaderElection.java:133)
	at java.lang.Thread.run(Thread.java:748)
Caused by: org.apache.ratis.thirdparty.io.grpc.StatusRuntimeException: UNAVAILABLE: io exception
	at org.apache.ratis.thirdparty.io.grpc.stub.ClientCalls.toStatusRuntimeException(ClientCalls.java:233)
	at org.apache.ratis.thirdparty.io.grpc.stub.ClientCalls.getUnchecked(ClientCalls.java:214)
	at org.apache.ratis.thirdparty.io.grpc.stub.ClientCalls.blockingUnaryCall(ClientCalls.java:139)
	at org.apache.ratis.proto.grpc.RaftServerProtocolServiceGrpc$RaftServerProtocolServiceBlockingStub.requestVote(RaftServerProtocolServiceGrpc.java:265)
	at org.apache.ratis.grpc.server.GrpcServerProtocolClient.requestVote(GrpcServerProtocolClient.java:90)
	at org.apache.ratis.grpc.server.GrpcService.requestVote(GrpcService.java:204)
	at org.apache.ratis.server.impl.LeaderElection.lambda$submitRequests$1(LeaderElection.java:238)
	at java.util.concurrent.FutureTask.run(FutureTask.java:266)
	at java.util.concurrent.Executors$RunnableAdapter.call(Executors.java:511)
	at java.util.concurrent.FutureTask.run(FutureTask.java:266)
	at java.util.concurrent.ThreadPoolExecutor.runWorker(ThreadPoolExecutor.java:1149)
	at java.util.concurrent.ThreadPoolExecutor$Worker.run(ThreadPoolExecutor.java:624)
	... 1 more
Caused by: org.apache.ratis.thirdparty.io.netty.channel.AbstractChannel$AnnotatedConnectException: Connection refused: /192.168.5.171:37608
	at sun.nio.ch.SocketChannelImpl.checkConnect(Native Method)
	at sun.nio.ch.SocketChannelImpl.finishConnect(SocketChannelImpl.java:717)
	at org.apache.ratis.thirdparty.io.netty.channel.socket.nio.NioSocketChannel.doFinishConnect(NioSocketChannel.java:327)
	at org.apache.ratis.thirdparty.io.netty.channel.nio.AbstractNioChannel$AbstractNioUnsafe.finishConnect(AbstractNioChannel.java:340)
	at org.apache.ratis.thirdparty.io.netty.channel.nio.NioEventLoop.processSelectedKey(NioEventLoop.java:632)
	at org.apache.ratis.thirdparty.io.netty.channel.nio.NioEventLoop.processSelectedKeysOptimized(NioEventLoop.java:579)
	at org.apache.ratis.thirdparty.io.netty.channel.nio.NioEventLoop.processSelectedKeys(NioEventLoop.java:496)
	at org.apache.ratis.thirdparty.io.netty.channel.nio.NioEventLoop.run(NioEventLoop.java:458)
	at org.apache.ratis.thirdparty.io.netty.util.concurrent.SingleThreadEventExecutor$5.run(SingleThreadEventExecutor.java:897)
	at org.apache.ratis.thirdparty.io.netty.util.concurrent.FastThreadLocalRunnable.run(FastThreadLocalRunnable.java:30)
	... 1 more
Caused by: java.net.ConnectException: Connection refused
	... 11 more
2019-09-12 14:07:48,251 [fe044cd5-df1e-4f7f-ac9c-c64980bfad69@group-684C73073592:LeaderElection25] INFO  impl.LeaderElection (LogUtils.java:infoOrTrace(149)) -   Exception 1: {}
java.util.concurrent.ExecutionException: org.apache.ratis.thirdparty.io.grpc.StatusRuntimeException: UNAVAILABLE: io exception
	at java.util.concurrent.FutureTask.report(FutureTask.java:122)
	at java.util.concurrent.FutureTask.get(FutureTask.java:192)
	at org.apache.ratis.server.impl.LeaderElection.waitForResults(LeaderElection.java:263)
	at org.apache.ratis.server.impl.LeaderElection.askForVotes(LeaderElection.java:201)
	at org.apache.ratis.server.impl.LeaderElection.run(LeaderElection.java:133)
	at java.lang.Thread.run(Thread.java:748)
Caused by: org.apache.ratis.thirdparty.io.grpc.StatusRuntimeException: UNAVAILABLE: io exception
	at org.apache.ratis.thirdparty.io.grpc.stub.ClientCalls.toStatusRuntimeException(ClientCalls.java:233)
	at org.apache.ratis.thirdparty.io.grpc.stub.ClientCalls.getUnchecked(ClientCalls.java:214)
	at org.apache.ratis.thirdparty.io.grpc.stub.ClientCalls.blockingUnaryCall(ClientCalls.java:139)
	at org.apache.ratis.proto.grpc.RaftServerProtocolServiceGrpc$RaftServerProtocolServiceBlockingStub.requestVote(RaftServerProtocolServiceGrpc.java:265)
	at org.apache.ratis.grpc.server.GrpcServerProtocolClient.requestVote(GrpcServerProtocolClient.java:90)
	at org.apache.ratis.grpc.server.GrpcService.requestVote(GrpcService.java:204)
	at org.apache.ratis.server.impl.LeaderElection.lambda$submitRequests$1(LeaderElection.java:238)
	at java.util.concurrent.FutureTask.run(FutureTask.java:266)
	at java.util.concurrent.Executors$RunnableAdapter.call(Executors.java:511)
	at java.util.concurrent.FutureTask.run(FutureTask.java:266)
	at java.util.concurrent.ThreadPoolExecutor.runWorker(ThreadPoolExecutor.java:1149)
	at java.util.concurrent.ThreadPoolExecutor$Worker.run(ThreadPoolExecutor.java:624)
	... 1 more
Caused by: org.apache.ratis.thirdparty.io.netty.channel.AbstractChannel$AnnotatedConnectException: Connection refused: /192.168.5.171:46566
	at sun.nio.ch.SocketChannelImpl.checkConnect(Native Method)
	at sun.nio.ch.SocketChannelImpl.finishConnect(SocketChannelImpl.java:717)
	at org.apache.ratis.thirdparty.io.netty.channel.socket.nio.NioSocketChannel.doFinishConnect(NioSocketChannel.java:327)
	at org.apache.ratis.thirdparty.io.netty.channel.nio.AbstractNioChannel$AbstractNioUnsafe.finishConnect(AbstractNioChannel.java:340)
	at org.apache.ratis.thirdparty.io.netty.channel.nio.NioEventLoop.processSelectedKey(NioEventLoop.java:632)
	at org.apache.ratis.thirdparty.io.netty.channel.nio.NioEventLoop.processSelectedKeysOptimized(NioEventLoop.java:579)
	at org.apache.ratis.thirdparty.io.netty.channel.nio.NioEventLoop.processSelectedKeys(NioEventLoop.java:496)
	at org.apache.ratis.thirdparty.io.netty.channel.nio.NioEventLoop.run(NioEventLoop.java:458)
	at org.apache.ratis.thirdparty.io.netty.util.concurrent.SingleThreadEventExecutor$5.run(SingleThreadEventExecutor.java:897)
	at org.apache.ratis.thirdparty.io.netty.util.concurrent.FastThreadLocalRunnable.run(FastThreadLocalRunnable.java:30)
	... 1 more
Caused by: java.net.ConnectException: Connection refused
	... 11 more
2019-09-12 14:07:48,252 [fe044cd5-df1e-4f7f-ac9c-c64980bfad69@group-684C73073592:LeaderElection25] INFO  impl.RaftServerImpl (RaftServerImpl.java:setRole(174)) - fe044cd5-df1e-4f7f-ac9c-c64980bfad69@group-684C73073592: changes role from CANDIDATE to FOLLOWER at term 3 for DISCOVERED_A_NEW_TERM
2019-09-12 14:07:48,252 [fe044cd5-df1e-4f7f-ac9c-c64980bfad69@group-684C73073592:LeaderElection25] INFO  impl.RoleInfo (RoleInfo.java:shutdownLeaderElection(134)) - fe044cd5-df1e-4f7f-ac9c-c64980bfad69: shutdown LeaderElection
2019-09-12 14:07:48,252 [fe044cd5-df1e-4f7f-ac9c-c64980bfad69@group-684C73073592:LeaderElection25] INFO  impl.RoleInfo (RoleInfo.java:updateAndGet(143)) - fe044cd5-df1e-4f7f-ac9c-c64980bfad69: start FollowerState
2019-09-12 14:07:50,539 [grpc-default-executor-3] WARN  server.GrpcLogAppender (LogUtils.java:warn(134)) - 553a797a-1709-4635-992b-7aee16d4f968@group-1DC2CB89E65C->d38e2af0-690e-4b19-a435-4282658122bd-AppendLogResponseHandler: Failed appendEntries: org.apache.ratis.thirdparty.io.grpc.StatusRuntimeException: UNAVAILABLE: io exception
2019-09-12 14:07:50,539 [grpc-default-executor-7] WARN  server.GrpcLogAppender (LogUtils.java:warn(134)) - 553a797a-1709-4635-992b-7aee16d4f968@group-1DC2CB89E65C->36804342-642d-43a3-bc09-2523fb137eef-AppendLogResponseHandler: Failed appendEntries: org.apache.ratis.thirdparty.io.grpc.StatusRuntimeException: UNAVAILABLE: io exception
2019-09-12 14:07:50,546 [grpc-default-executor-3] INFO  impl.FollowerInfo (FollowerInfo.java:lambda$new$0(51)) - 553a797a-1709-4635-992b-7aee16d4f968@group-1DC2CB89E65C->d38e2af0-690e-4b19-a435-4282658122bd: nextIndex: updateUnconditionally 0 -> 0
2019-09-12 14:07:50,546 [grpc-default-executor-7] INFO  impl.FollowerInfo (FollowerInfo.java:lambda$new$0(51)) - 553a797a-1709-4635-992b-7aee16d4f968@group-1DC2CB89E65C->36804342-642d-43a3-bc09-2523fb137eef: nextIndex: updateUnconditionally 0 -> 0
2019-09-12 14:07:51,660 [ForkJoinPool.commonPool-worker-1] INFO  ozoneimpl.OzoneContainer (OzoneContainer.java:stop(231)) - Attempting to stop container services.
2019-09-12 14:07:51,662 [ForkJoinPool.commonPool-worker-1] INFO  impl.RaftServerProxy (RaftServerProxy.java:lambda$close$4(314)) - 553a797a-1709-4635-992b-7aee16d4f968: close
2019-09-12 14:07:51,662 [ForkJoinPool.commonPool-worker-1] INFO  impl.RaftServerImpl (RaftServerImpl.java:lambda$shutdown$3(251)) - 553a797a-1709-4635-992b-7aee16d4f968@group-1DC2CB89E65C: shutdown
2019-09-12 14:07:51,663 [ForkJoinPool.commonPool-worker-1] INFO  util.JmxRegister (JmxRegister.java:unregister(73)) - Successfully un-registered JMX Bean with object name Ratis:service=RaftServer,group=group-1DC2CB89E65C,id=553a797a-1709-4635-992b-7aee16d4f968
2019-09-12 14:07:51,663 [ForkJoinPool.commonPool-worker-1] INFO  impl.RoleInfo (RoleInfo.java:shutdownLeaderState(104)) - 553a797a-1709-4635-992b-7aee16d4f968: shutdown LeaderState
2019-09-12 14:07:51,667 [ForkJoinPool.commonPool-worker-1] INFO  impl.PendingRequests (PendingRequests.java:sendNotLeaderResponses(202)) - 553a797a-1709-4635-992b-7aee16d4f968-PendingRequests: sendNotLeaderResponses
2019-09-12 14:07:51,667 [org.apache.ratis.server.impl.LogAppender$AppenderDaemon$$Lambda$506/424645888@52481c24] WARN  server.GrpcLogAppender (GrpcLogAppender.java:mayWait(143)) - 553a797a-1709-4635-992b-7aee16d4f968@group-1DC2CB89E65C->d38e2af0-690e-4b19-a435-4282658122bd-GrpcLogAppender: Wait interrupted by java.lang.InterruptedException
2019-09-12 14:07:51,667 [org.apache.ratis.server.impl.LogAppender$AppenderDaemon$$Lambda$506/424645888@62a951a5] WARN  server.GrpcLogAppender (GrpcLogAppender.java:mayWait(143)) - 553a797a-1709-4635-992b-7aee16d4f968@group-1DC2CB89E65C->36804342-642d-43a3-bc09-2523fb137eef-GrpcLogAppender: Wait interrupted by java.lang.InterruptedException
2019-09-12 14:07:51,668 [ForkJoinPool.commonPool-worker-1] INFO  impl.StateMachineUpdater (StateMachineUpdater.java:stopAndJoin(125)) - 553a797a-1709-4635-992b-7aee16d4f968@group-1DC2CB89E65C-StateMachineUpdater: set stopIndex = 0
2019-09-12 14:07:51,669 [ForkJoinPool.commonPool-worker-1] INFO  impl.RaftServerImpl (ServerState.java:close(385)) - 553a797a-1709-4635-992b-7aee16d4f968@group-1DC2CB89E65C: closes. applyIndex: 0
2019-09-12 14:07:51,670 [553a797a-1709-4635-992b-7aee16d4f968@group-1DC2CB89E65C-SegmentedRaftLogWorker] INFO  segmented.SegmentedRaftLogWorker (SegmentedRaftLogWorker.java:run(313)) - 553a797a-1709-4635-992b-7aee16d4f968@group-1DC2CB89E65C-SegmentedRaftLogWorker was interrupted, exiting. There are 0 tasks remaining in the queue.
2019-09-12 14:07:51,672 [ForkJoinPool.commonPool-worker-1] INFO  segmented.SegmentedRaftLogWorker (SegmentedRaftLogWorker.java:close(228)) - 553a797a-1709-4635-992b-7aee16d4f968@group-1DC2CB89E65C-SegmentedRaftLogWorker close()
2019-09-12 14:07:51,674 [ForkJoinPool.commonPool-worker-1] INFO  impl.RaftServerImpl (RaftServerImpl.java:lambda$shutdown$3(251)) - 553a797a-1709-4635-992b-7aee16d4f968@group-5723FEAAB847: shutdown
2019-09-12 14:07:51,674 [ForkJoinPool.commonPool-worker-1] INFO  util.JmxRegister (JmxRegister.java:unregister(73)) - Successfully un-registered JMX Bean with object name Ratis:service=RaftServer,group=group-5723FEAAB847,id=553a797a-1709-4635-992b-7aee16d4f968
2019-09-12 14:07:51,674 [ForkJoinPool.commonPool-worker-1] INFO  impl.RoleInfo (RoleInfo.java:shutdownLeaderState(104)) - 553a797a-1709-4635-992b-7aee16d4f968: shutdown LeaderState
2019-09-12 14:07:51,675 [ForkJoinPool.commonPool-worker-1] INFO  impl.PendingRequests (PendingRequests.java:sendNotLeaderResponses(202)) - 553a797a-1709-4635-992b-7aee16d4f968-PendingRequests: sendNotLeaderResponses
2019-09-12 14:07:51,675 [ForkJoinPool.commonPool-worker-1] INFO  impl.StateMachineUpdater (StateMachineUpdater.java:stopAndJoin(125)) - 553a797a-1709-4635-992b-7aee16d4f968@group-5723FEAAB847-StateMachineUpdater: set stopIndex = 0
2019-09-12 14:07:51,676 [ForkJoinPool.commonPool-worker-1] INFO  impl.RaftServerImpl (ServerState.java:close(385)) - 553a797a-1709-4635-992b-7aee16d4f968@group-5723FEAAB847: closes. applyIndex: 0
2019-09-12 14:07:51,676 [553a797a-1709-4635-992b-7aee16d4f968@group-5723FEAAB847-SegmentedRaftLogWorker] INFO  segmented.SegmentedRaftLogWorker (SegmentedRaftLogWorker.java:run(313)) - 553a797a-1709-4635-992b-7aee16d4f968@group-5723FEAAB847-SegmentedRaftLogWorker was interrupted, exiting. There are 0 tasks remaining in the queue.
2019-09-12 14:07:51,678 [ForkJoinPool.commonPool-worker-1] INFO  segmented.SegmentedRaftLogWorker (SegmentedRaftLogWorker.java:close(228)) - 553a797a-1709-4635-992b-7aee16d4f968@group-5723FEAAB847-SegmentedRaftLogWorker close()
2019-09-12 14:07:51,686 [ForkJoinPool.commonPool-worker-1] INFO  server.GrpcService (GrpcService.java:closeImpl(164)) - 553a797a-1709-4635-992b-7aee16d4f968: shutdown server with port 35459 now
2019-09-12 14:07:51,687 [main] INFO  ozoneimpl.OzoneContainer (OzoneContainer.java:stop(231)) - Attempting to stop container services.
2019-09-12 14:07:51,687 [ForkJoinPool.commonPool-worker-1] INFO  server.GrpcService (GrpcService.java:closeImpl(172)) - 553a797a-1709-4635-992b-7aee16d4f968: shutdown server with port 35459 successfully
2019-09-12 14:07:51,687 [main] INFO  impl.RaftServerProxy (RaftServerProxy.java:lambda$close$4(314)) - 8432884d-3dd8-45b3-b842-8c340eb0817f: close
2019-09-12 14:07:51,688 [main] INFO  impl.RaftServerImpl (RaftServerImpl.java:lambda$shutdown$3(251)) - 8432884d-3dd8-45b3-b842-8c340eb0817f@group-818AF3DF7280: shutdown
2019-09-12 14:07:51,688 [main] INFO  util.JmxRegister (JmxRegister.java:unregister(73)) - Successfully un-registered JMX Bean with object name Ratis:service=RaftServer,group=group-818AF3DF7280,id=8432884d-3dd8-45b3-b842-8c340eb0817f
2019-09-12 14:07:51,689 [main] INFO  impl.RoleInfo (RoleInfo.java:shutdownLeaderState(104)) - 8432884d-3dd8-45b3-b842-8c340eb0817f: shutdown LeaderState
2019-09-12 14:07:51,689 [main] INFO  impl.PendingRequests (PendingRequests.java:sendNotLeaderResponses(202)) - 8432884d-3dd8-45b3-b842-8c340eb0817f-PendingRequests: sendNotLeaderResponses
2019-09-12 14:07:51,690 [main] INFO  impl.StateMachineUpdater (StateMachineUpdater.java:stopAndJoin(125)) - 8432884d-3dd8-45b3-b842-8c340eb0817f@group-818AF3DF7280-StateMachineUpdater: set stopIndex = 0
2019-09-12 14:07:51,691 [main] INFO  impl.RaftServerImpl (ServerState.java:close(385)) - 8432884d-3dd8-45b3-b842-8c340eb0817f@group-818AF3DF7280: closes. applyIndex: 0
2019-09-12 14:07:51,691 [8432884d-3dd8-45b3-b842-8c340eb0817f@group-818AF3DF7280-SegmentedRaftLogWorker] INFO  segmented.SegmentedRaftLogWorker (SegmentedRaftLogWorker.java:run(313)) - 8432884d-3dd8-45b3-b842-8c340eb0817f@group-818AF3DF7280-SegmentedRaftLogWorker was interrupted, exiting. There are 0 tasks remaining in the queue.
2019-09-12 14:07:51,692 [main] INFO  segmented.SegmentedRaftLogWorker (SegmentedRaftLogWorker.java:close(228)) - 8432884d-3dd8-45b3-b842-8c340eb0817f@group-818AF3DF7280-SegmentedRaftLogWorker close()
2019-09-12 14:07:51,693 [main] INFO  server.GrpcService (GrpcService.java:closeImpl(164)) - 8432884d-3dd8-45b3-b842-8c340eb0817f: shutdown server with port 35945 now
2019-09-12 14:07:51,695 [main] INFO  server.GrpcService (GrpcService.java:closeImpl(172)) - 8432884d-3dd8-45b3-b842-8c340eb0817f: shutdown server with port 35945 successfully
2019-09-12 14:07:51,696 [refreshUsed-/workdir/hadoop-ozone/integration-test/target/test-dir/MiniOzoneClusterImpl-757a471d-dced-4024-b429-b50254f0e88a/datanode-0/data/containers] WARN  fs.CachingGetSpaceUsed (CachingGetSpaceUsed.java:run(183)) - Thread Interrupted waiting to refresh disk information: sleep interrupted
2019-09-12 14:07:51,702 [refreshUsed-/workdir/hadoop-ozone/integration-test/target/test-dir/MiniOzoneClusterImpl-757a471d-dced-4024-b429-b50254f0e88a/datanode-6/data/containers] WARN  fs.CachingGetSpaceUsed (CachingGetSpaceUsed.java:run(183)) - Thread Interrupted waiting to refresh disk information: sleep interrupted
2019-09-12 14:07:51,719 [ForkJoinPool.commonPool-worker-1] INFO  utils.BackgroundService (BackgroundService.java:shutdown(148)) - Shutting down service BlockDeletingService
2019-09-12 14:07:51,719 [main] INFO  utils.BackgroundService (BackgroundService.java:shutdown(148)) - Shutting down service BlockDeletingService
2019-09-12 14:07:51,724 [ForkJoinPool.commonPool-worker-1] INFO  statemachine.DatanodeStateMachine (DatanodeStateMachine.java:stopDaemon(395)) - Ozone container server stopped.
2019-09-12 14:07:51,727 [main] INFO  statemachine.DatanodeStateMachine (DatanodeStateMachine.java:stopDaemon(395)) - Ozone container server stopped.
2019-09-12 14:07:51,743 [main] INFO  handler.ContextHandler (ContextHandler.java:doStop(910)) - Stopped o.e.j.w.WebAppContext@5f5827d0{/,null,UNAVAILABLE}{/hddsDatanode}
2019-09-12 14:07:51,743 [ForkJoinPool.commonPool-worker-1] INFO  handler.ContextHandler (ContextHandler.java:doStop(910)) - Stopped o.e.j.w.WebAppContext@63300c4b{/,null,UNAVAILABLE}{/hddsDatanode}
2019-09-12 14:07:51,744 [ForkJoinPool.commonPool-worker-1] INFO  server.AbstractConnector (AbstractConnector.java:doStop(318)) - Stopped ServerConnector@22c53d82{HTTP/1.1,[http/1.1]}{0.0.0.0:0}
2019-09-12 14:07:51,744 [main] INFO  server.AbstractConnector (AbstractConnector.java:doStop(318)) - Stopped ServerConnector@58a2d9f9{HTTP/1.1,[http/1.1]}{0.0.0.0:0}
2019-09-12 14:07:51,746 [ForkJoinPool.commonPool-worker-1] INFO  handler.ContextHandler (ContextHandler.java:doStop(910)) - Stopped o.e.j.s.ServletContextHandler@431e86b1{/static,jar:file:/home/user/.m2/repository/org/apache/hadoop/hadoop-hdds-container-service/0.5.0-SNAPSHOT/hadoop-hdds-container-service-0.5.0-SNAPSHOT.jar!/webapps/static,UNAVAILABLE}
2019-09-12 14:07:51,746 [main] INFO  handler.ContextHandler (ContextHandler.java:doStop(910)) - Stopped o.e.j.s.ServletContextHandler@55f4887d{/static,jar:file:/home/user/.m2/repository/org/apache/hadoop/hadoop-hdds-container-service/0.5.0-SNAPSHOT/hadoop-hdds-container-service-0.5.0-SNAPSHOT.jar!/webapps/static,UNAVAILABLE}
2019-09-12 14:07:51,747 [ForkJoinPool.commonPool-worker-1] INFO  handler.ContextHandler (ContextHandler.java:doStop(910)) - Stopped o.e.j.s.ServletContextHandler@786ff1cb{/logs,file:///workdir/hadoop-ozone/integration-test/target/log,UNAVAILABLE}
2019-09-12 14:07:51,748 [main] INFO  handler.ContextHandler (ContextHandler.java:doStop(910)) - Stopped o.e.j.s.ServletContextHandler@2d74c81b{/logs,file:///workdir/hadoop-ozone/integration-test/target/log,UNAVAILABLE}
2019-09-12 14:07:52,263 [Datanode State Machine Thread - 0] INFO  statemachine.DatanodeStateMachine (DatanodeStateMachine.java:lambda$startDaemon$0(350)) - Ozone container server started.
2019-09-12 14:07:53,408 [Thread-1555] INFO  impl.FollowerState (FollowerState.java:run(106)) - fe044cd5-df1e-4f7f-ac9c-c64980bfad69:group-684C73073592 changes to CANDIDATE, lastRpcTime:5155, electionTimeout:5155ms
2019-09-12 14:07:53,408 [Thread-1555] INFO  impl.RoleInfo (RoleInfo.java:shutdownFollowerState(121)) - fe044cd5-df1e-4f7f-ac9c-c64980bfad69: shutdown FollowerState
2019-09-12 14:07:53,409 [Thread-1555] INFO  impl.RaftServerImpl (RaftServerImpl.java:setRole(174)) - fe044cd5-df1e-4f7f-ac9c-c64980bfad69@group-684C73073592: changes role from  FOLLOWER to CANDIDATE at term 3 for changeToCandidate
2019-09-12 14:07:53,409 [Thread-1555] INFO  impl.RoleInfo (RoleInfo.java:updateAndGet(143)) - fe044cd5-df1e-4f7f-ac9c-c64980bfad69: start LeaderElection
2019-09-12 14:07:53,443 [fe044cd5-df1e-4f7f-ac9c-c64980bfad69@group-684C73073592:LeaderElection26] INFO  impl.LeaderElection (LeaderElection.java:askForVotes(182)) - fe044cd5-df1e-4f7f-ac9c-c64980bfad69@group-684C73073592:LeaderElection26: begin an election at term 4 for 0: [a8b5f9ad-518b-4332-873e-ffb82f46a5c1:192.168.5.171:37608, fe044cd5-df1e-4f7f-ac9c-c64980bfad69:192.168.5.171:42111, 1ea668f3-db9c-4d31-a34d-8fd854f35d67:192.168.5.171:46566], old=null
2019-09-12 14:07:53,445 [fe044cd5-df1e-4f7f-ac9c-c64980bfad69@group-684C73073592:LeaderElection26] INFO  impl.LeaderElection (LogUtils.java:infoOrTrace(149)) - fe044cd5-df1e-4f7f-ac9c-c64980bfad69@group-684C73073592:LeaderElection26 got exception when requesting votes: {}
java.util.concurrent.ExecutionException: org.apache.ratis.thirdparty.io.grpc.StatusRuntimeException: UNAVAILABLE: io exception
	at java.util.concurrent.FutureTask.report(FutureTask.java:122)
	at java.util.concurrent.FutureTask.get(FutureTask.java:192)
	at org.apache.ratis.server.impl.LeaderElection.waitForResults(LeaderElection.java:263)
	at org.apache.ratis.server.impl.LeaderElection.askForVotes(LeaderElection.java:201)
	at org.apache.ratis.server.impl.LeaderElection.run(LeaderElection.java:133)
	at java.lang.Thread.run(Thread.java:748)
Caused by: org.apache.ratis.thirdparty.io.grpc.StatusRuntimeException: UNAVAILABLE: io exception
	at org.apache.ratis.thirdparty.io.grpc.stub.ClientCalls.toStatusRuntimeException(ClientCalls.java:233)
	at org.apache.ratis.thirdparty.io.grpc.stub.ClientCalls.getUnchecked(ClientCalls.java:214)
	at org.apache.ratis.thirdparty.io.grpc.stub.ClientCalls.blockingUnaryCall(ClientCalls.java:139)
	at org.apache.ratis.proto.grpc.RaftServerProtocolServiceGrpc$RaftServerProtocolServiceBlockingStub.requestVote(RaftServerProtocolServiceGrpc.java:265)
	at org.apache.ratis.grpc.server.GrpcServerProtocolClient.requestVote(GrpcServerProtocolClient.java:90)
	at org.apache.ratis.grpc.server.GrpcService.requestVote(GrpcService.java:204)
	at org.apache.ratis.server.impl.LeaderElection.lambda$submitRequests$1(LeaderElection.java:238)
	at java.util.concurrent.FutureTask.run(FutureTask.java:266)
	at java.util.concurrent.Executors$RunnableAdapter.call(Executors.java:511)
	at java.util.concurrent.FutureTask.run(FutureTask.java:266)
	at java.util.concurrent.ThreadPoolExecutor.runWorker(ThreadPoolExecutor.java:1149)
	at java.util.concurrent.ThreadPoolExecutor$Worker.run(ThreadPoolExecutor.java:624)
	... 1 more
Caused by: org.apache.ratis.thirdparty.io.netty.channel.AbstractChannel$AnnotatedConnectException: Connection refused: /192.168.5.171:37608
	at sun.nio.ch.SocketChannelImpl.checkConnect(Native Method)
	at sun.nio.ch.SocketChannelImpl.finishConnect(SocketChannelImpl.java:717)
	at org.apache.ratis.thirdparty.io.netty.channel.socket.nio.NioSocketChannel.doFinishConnect(NioSocketChannel.java:327)
	at org.apache.ratis.thirdparty.io.netty.channel.nio.AbstractNioChannel$AbstractNioUnsafe.finishConnect(AbstractNioChannel.java:340)
	at org.apache.ratis.thirdparty.io.netty.channel.nio.NioEventLoop.processSelectedKey(NioEventLoop.java:632)
	at org.apache.ratis.thirdparty.io.netty.channel.nio.NioEventLoop.processSelectedKeysOptimized(NioEventLoop.java:579)
	at org.apache.ratis.thirdparty.io.netty.channel.nio.NioEventLoop.processSelectedKeys(NioEventLoop.java:496)
	at org.apache.ratis.thirdparty.io.netty.channel.nio.NioEventLoop.run(NioEventLoop.java:458)
	at org.apache.ratis.thirdparty.io.netty.util.concurrent.SingleThreadEventExecutor$5.run(SingleThreadEventExecutor.java:897)
	at org.apache.ratis.thirdparty.io.netty.util.concurrent.FastThreadLocalRunnable.run(FastThreadLocalRunnable.java:30)
	... 1 more
Caused by: java.net.ConnectException: Connection refused
	... 11 more
2019-09-12 14:07:53,447 [fe044cd5-df1e-4f7f-ac9c-c64980bfad69@group-684C73073592:LeaderElection26] INFO  impl.LeaderElection (LogUtils.java:infoOrTrace(149)) - fe044cd5-df1e-4f7f-ac9c-c64980bfad69@group-684C73073592:LeaderElection26 got exception when requesting votes: {}
java.util.concurrent.ExecutionException: org.apache.ratis.thirdparty.io.grpc.StatusRuntimeException: UNAVAILABLE: io exception
	at java.util.concurrent.FutureTask.report(FutureTask.java:122)
	at java.util.concurrent.FutureTask.get(FutureTask.java:192)
	at org.apache.ratis.server.impl.LeaderElection.waitForResults(LeaderElection.java:263)
	at org.apache.ratis.server.impl.LeaderElection.askForVotes(LeaderElection.java:201)
	at org.apache.ratis.server.impl.LeaderElection.run(LeaderElection.java:133)
	at java.lang.Thread.run(Thread.java:748)
Caused by: org.apache.ratis.thirdparty.io.grpc.StatusRuntimeException: UNAVAILABLE: io exception
	at org.apache.ratis.thirdparty.io.grpc.stub.ClientCalls.toStatusRuntimeException(ClientCalls.java:233)
	at org.apache.ratis.thirdparty.io.grpc.stub.ClientCalls.getUnchecked(ClientCalls.java:214)
	at org.apache.ratis.thirdparty.io.grpc.stub.ClientCalls.blockingUnaryCall(ClientCalls.java:139)
	at org.apache.ratis.proto.grpc.RaftServerProtocolServiceGrpc$RaftServerProtocolServiceBlockingStub.requestVote(RaftServerProtocolServiceGrpc.java:265)
	at org.apache.ratis.grpc.server.GrpcServerProtocolClient.requestVote(GrpcServerProtocolClient.java:90)
	at org.apache.ratis.grpc.server.GrpcService.requestVote(GrpcService.java:204)
	at org.apache.ratis.server.impl.LeaderElection.lambda$submitRequests$1(LeaderElection.java:238)
	at java.util.concurrent.FutureTask.run(FutureTask.java:266)
	at java.util.concurrent.Executors$RunnableAdapter.call(Executors.java:511)
	at java.util.concurrent.FutureTask.run(FutureTask.java:266)
	at java.util.concurrent.ThreadPoolExecutor.runWorker(ThreadPoolExecutor.java:1149)
	at java.util.concurrent.ThreadPoolExecutor$Worker.run(ThreadPoolExecutor.java:624)
	... 1 more
Caused by: org.apache.ratis.thirdparty.io.netty.channel.AbstractChannel$AnnotatedConnectException: Connection refused: /192.168.5.171:46566
	at sun.nio.ch.SocketChannelImpl.checkConnect(Native Method)
	at sun.nio.ch.SocketChannelImpl.finishConnect(SocketChannelImpl.java:717)
	at org.apache.ratis.thirdparty.io.netty.channel.socket.nio.NioSocketChannel.doFinishConnect(NioSocketChannel.java:327)
	at org.apache.ratis.thirdparty.io.netty.channel.nio.AbstractNioChannel$AbstractNioUnsafe.finishConnect(AbstractNioChannel.java:340)
	at org.apache.ratis.thirdparty.io.netty.channel.nio.NioEventLoop.processSelectedKey(NioEventLoop.java:632)
	at org.apache.ratis.thirdparty.io.netty.channel.nio.NioEventLoop.processSelectedKeysOptimized(NioEventLoop.java:579)
	at org.apache.ratis.thirdparty.io.netty.channel.nio.NioEventLoop.processSelectedKeys(NioEventLoop.java:496)
	at org.apache.ratis.thirdparty.io.netty.channel.nio.NioEventLoop.run(NioEventLoop.java:458)
	at org.apache.ratis.thirdparty.io.netty.util.concurrent.SingleThreadEventExecutor$5.run(SingleThreadEventExecutor.java:897)
	at org.apache.ratis.thirdparty.io.netty.util.concurrent.FastThreadLocalRunnable.run(FastThreadLocalRunnable.java:30)
	... 1 more
Caused by: java.net.ConnectException: Connection refused
	... 11 more
2019-09-12 14:07:53,449 [fe044cd5-df1e-4f7f-ac9c-c64980bfad69@group-684C73073592:LeaderElection26] INFO  impl.LeaderElection (LeaderElection.java:logAndReturn(56)) - fe044cd5-df1e-4f7f-ac9c-c64980bfad69@group-684C73073592:LeaderElection26: Election REJECTED; received 0 response(s) [] and 2 exception(s); fe044cd5-df1e-4f7f-ac9c-c64980bfad69@group-684C73073592:t4, leader=null, voted=fe044cd5-df1e-4f7f-ac9c-c64980bfad69, raftlog=fe044cd5-df1e-4f7f-ac9c-c64980bfad69@group-684C73073592-SegmentedRaftLog:OPENED:c8,f8,i8, conf=0: [a8b5f9ad-518b-4332-873e-ffb82f46a5c1:192.168.5.171:37608, fe044cd5-df1e-4f7f-ac9c-c64980bfad69:192.168.5.171:42111, 1ea668f3-db9c-4d31-a34d-8fd854f35d67:192.168.5.171:46566], old=null
2019-09-12 14:07:53,449 [fe044cd5-df1e-4f7f-ac9c-c64980bfad69@group-684C73073592:LeaderElection26] INFO  impl.LeaderElection (LogUtils.java:infoOrTrace(149)) -   Exception 0: {}
java.util.concurrent.ExecutionException: org.apache.ratis.thirdparty.io.grpc.StatusRuntimeException: UNAVAILABLE: io exception
	at java.util.concurrent.FutureTask.report(FutureTask.java:122)
	at java.util.concurrent.FutureTask.get(FutureTask.java:192)
	at org.apache.ratis.server.impl.LeaderElection.waitForResults(LeaderElection.java:263)
	at org.apache.ratis.server.impl.LeaderElection.askForVotes(LeaderElection.java:201)
	at org.apache.ratis.server.impl.LeaderElection.run(LeaderElection.java:133)
	at java.lang.Thread.run(Thread.java:748)
Caused by: org.apache.ratis.thirdparty.io.grpc.StatusRuntimeException: UNAVAILABLE: io exception
	at org.apache.ratis.thirdparty.io.grpc.stub.ClientCalls.toStatusRuntimeException(ClientCalls.java:233)
	at org.apache.ratis.thirdparty.io.grpc.stub.ClientCalls.getUnchecked(ClientCalls.java:214)
	at org.apache.ratis.thirdparty.io.grpc.stub.ClientCalls.blockingUnaryCall(ClientCalls.java:139)
	at org.apache.ratis.proto.grpc.RaftServerProtocolServiceGrpc$RaftServerProtocolServiceBlockingStub.requestVote(RaftServerProtocolServiceGrpc.java:265)
	at org.apache.ratis.grpc.server.GrpcServerProtocolClient.requestVote(GrpcServerProtocolClient.java:90)
	at org.apache.ratis.grpc.server.GrpcService.requestVote(GrpcService.java:204)
	at org.apache.ratis.server.impl.LeaderElection.lambda$submitRequests$1(LeaderElection.java:238)
	at java.util.concurrent.FutureTask.run(FutureTask.java:266)
	at java.util.concurrent.Executors$RunnableAdapter.call(Executors.java:511)
	at java.util.concurrent.FutureTask.run(FutureTask.java:266)
	at java.util.concurrent.ThreadPoolExecutor.runWorker(ThreadPoolExecutor.java:1149)
	at java.util.concurrent.ThreadPoolExecutor$Worker.run(ThreadPoolExecutor.java:624)
	... 1 more
Caused by: org.apache.ratis.thirdparty.io.netty.channel.AbstractChannel$AnnotatedConnectException: Connection refused: /192.168.5.171:37608
	at sun.nio.ch.SocketChannelImpl.checkConnect(Native Method)
	at sun.nio.ch.SocketChannelImpl.finishConnect(SocketChannelImpl.java:717)
	at org.apache.ratis.thirdparty.io.netty.channel.socket.nio.NioSocketChannel.doFinishConnect(NioSocketChannel.java:327)
	at org.apache.ratis.thirdparty.io.netty.channel.nio.AbstractNioChannel$AbstractNioUnsafe.finishConnect(AbstractNioChannel.java:340)
	at org.apache.ratis.thirdparty.io.netty.channel.nio.NioEventLoop.processSelectedKey(NioEventLoop.java:632)
	at org.apache.ratis.thirdparty.io.netty.channel.nio.NioEventLoop.processSelectedKeysOptimized(NioEventLoop.java:579)
	at org.apache.ratis.thirdparty.io.netty.channel.nio.NioEventLoop.processSelectedKeys(NioEventLoop.java:496)
	at org.apache.ratis.thirdparty.io.netty.channel.nio.NioEventLoop.run(NioEventLoop.java:458)
	at org.apache.ratis.thirdparty.io.netty.util.concurrent.SingleThreadEventExecutor$5.run(SingleThreadEventExecutor.java:897)
	at org.apache.ratis.thirdparty.io.netty.util.concurrent.FastThreadLocalRunnable.run(FastThreadLocalRunnable.java:30)
	... 1 more
Caused by: java.net.ConnectException: Connection refused
	... 11 more
2019-09-12 14:07:53,449 [fe044cd5-df1e-4f7f-ac9c-c64980bfad69@group-684C73073592:LeaderElection26] INFO  impl.LeaderElection (LogUtils.java:infoOrTrace(149)) -   Exception 1: {}
java.util.concurrent.ExecutionException: org.apache.ratis.thirdparty.io.grpc.StatusRuntimeException: UNAVAILABLE: io exception
	at java.util.concurrent.FutureTask.report(FutureTask.java:122)
	at java.util.concurrent.FutureTask.get(FutureTask.java:192)
	at org.apache.ratis.server.impl.LeaderElection.waitForResults(LeaderElection.java:263)
	at org.apache.ratis.server.impl.LeaderElection.askForVotes(LeaderElection.java:201)
	at org.apache.ratis.server.impl.LeaderElection.run(LeaderElection.java:133)
	at java.lang.Thread.run(Thread.java:748)
Caused by: org.apache.ratis.thirdparty.io.grpc.StatusRuntimeException: UNAVAILABLE: io exception
	at org.apache.ratis.thirdparty.io.grpc.stub.ClientCalls.toStatusRuntimeException(ClientCalls.java:233)
	at org.apache.ratis.thirdparty.io.grpc.stub.ClientCalls.getUnchecked(ClientCalls.java:214)
	at org.apache.ratis.thirdparty.io.grpc.stub.ClientCalls.blockingUnaryCall(ClientCalls.java:139)
	at org.apache.ratis.proto.grpc.RaftServerProtocolServiceGrpc$RaftServerProtocolServiceBlockingStub.requestVote(RaftServerProtocolServiceGrpc.java:265)
	at org.apache.ratis.grpc.server.GrpcServerProtocolClient.requestVote(GrpcServerProtocolClient.java:90)
	at org.apache.ratis.grpc.server.GrpcService.requestVote(GrpcService.java:204)
	at org.apache.ratis.server.impl.LeaderElection.lambda$submitRequests$1(LeaderElection.java:238)
	at java.util.concurrent.FutureTask.run(FutureTask.java:266)
	at java.util.concurrent.Executors$RunnableAdapter.call(Executors.java:511)
	at java.util.concurrent.FutureTask.run(FutureTask.java:266)
	at java.util.concurrent.ThreadPoolExecutor.runWorker(ThreadPoolExecutor.java:1149)
	at java.util.concurrent.ThreadPoolExecutor$Worker.run(ThreadPoolExecutor.java:624)
	... 1 more
Caused by: org.apache.ratis.thirdparty.io.netty.channel.AbstractChannel$AnnotatedConnectException: Connection refused: /192.168.5.171:46566
	at sun.nio.ch.SocketChannelImpl.checkConnect(Native Method)
	at sun.nio.ch.SocketChannelImpl.finishConnect(SocketChannelImpl.java:717)
	at org.apache.ratis.thirdparty.io.netty.channel.socket.nio.NioSocketChannel.doFinishConnect(NioSocketChannel.java:327)
	at org.apache.ratis.thirdparty.io.netty.channel.nio.AbstractNioChannel$AbstractNioUnsafe.finishConnect(AbstractNioChannel.java:340)
	at org.apache.ratis.thirdparty.io.netty.channel.nio.NioEventLoop.processSelectedKey(NioEventLoop.java:632)
	at org.apache.ratis.thirdparty.io.netty.channel.nio.NioEventLoop.processSelectedKeysOptimized(NioEventLoop.java:579)
	at org.apache.ratis.thirdparty.io.netty.channel.nio.NioEventLoop.processSelectedKeys(NioEventLoop.java:496)
	at org.apache.ratis.thirdparty.io.netty.channel.nio.NioEventLoop.run(NioEventLoop.java:458)
	at org.apache.ratis.thirdparty.io.netty.util.concurrent.SingleThreadEventExecutor$5.run(SingleThreadEventExecutor.java:897)
	at org.apache.ratis.thirdparty.io.netty.util.concurrent.FastThreadLocalRunnable.run(FastThreadLocalRunnable.java:30)
	... 1 more
Caused by: java.net.ConnectException: Connection refused
	... 11 more
2019-09-12 14:07:53,450 [fe044cd5-df1e-4f7f-ac9c-c64980bfad69@group-684C73073592:LeaderElection26] INFO  impl.RaftServerImpl (RaftServerImpl.java:setRole(174)) - fe044cd5-df1e-4f7f-ac9c-c64980bfad69@group-684C73073592: changes role from CANDIDATE to FOLLOWER at term 4 for DISCOVERED_A_NEW_TERM
2019-09-12 14:07:53,450 [fe044cd5-df1e-4f7f-ac9c-c64980bfad69@group-684C73073592:LeaderElection26] INFO  impl.RoleInfo (RoleInfo.java:shutdownLeaderElection(134)) - fe044cd5-df1e-4f7f-ac9c-c64980bfad69: shutdown LeaderElection
2019-09-12 14:07:53,450 [fe044cd5-df1e-4f7f-ac9c-c64980bfad69@group-684C73073592:LeaderElection26] INFO  impl.RoleInfo (RoleInfo.java:updateAndGet(143)) - fe044cd5-df1e-4f7f-ac9c-c64980bfad69: start FollowerState
2019-09-12 14:07:56,751 [ForkJoinPool.commonPool-worker-1] INFO  ozoneimpl.OzoneContainer (OzoneContainer.java:stop(231)) - Attempting to stop container services.
2019-09-12 14:07:56,753 [ForkJoinPool.commonPool-worker-1] INFO  impl.RaftServerProxy (RaftServerProxy.java:lambda$close$4(314)) - fe044cd5-df1e-4f7f-ac9c-c64980bfad69: close
2019-09-12 14:07:56,754 [ForkJoinPool.commonPool-worker-1] INFO  impl.RaftServerImpl (RaftServerImpl.java:lambda$shutdown$3(251)) - fe044cd5-df1e-4f7f-ac9c-c64980bfad69@group-6588FBA5105A: shutdown
2019-09-12 14:07:56,754 [ForkJoinPool.commonPool-worker-1] INFO  util.JmxRegister (JmxRegister.java:unregister(73)) - Successfully un-registered JMX Bean with object name Ratis:service=RaftServer,group=group-6588FBA5105A,id=fe044cd5-df1e-4f7f-ac9c-c64980bfad69
2019-09-12 14:07:56,754 [ForkJoinPool.commonPool-worker-1] INFO  impl.RoleInfo (RoleInfo.java:shutdownLeaderState(104)) - fe044cd5-df1e-4f7f-ac9c-c64980bfad69: shutdown LeaderState
2019-09-12 14:07:56,754 [ForkJoinPool.commonPool-worker-1] INFO  impl.PendingRequests (PendingRequests.java:sendNotLeaderResponses(202)) - fe044cd5-df1e-4f7f-ac9c-c64980bfad69-PendingRequests: sendNotLeaderResponses
2019-09-12 14:07:56,755 [ForkJoinPool.commonPool-worker-1] INFO  impl.StateMachineUpdater (StateMachineUpdater.java:stopAndJoin(125)) - fe044cd5-df1e-4f7f-ac9c-c64980bfad69@group-6588FBA5105A-StateMachineUpdater: set stopIndex = 0
2019-09-12 14:07:56,756 [ForkJoinPool.commonPool-worker-1] INFO  impl.RaftServerImpl (ServerState.java:close(385)) - fe044cd5-df1e-4f7f-ac9c-c64980bfad69@group-6588FBA5105A: closes. applyIndex: 0
2019-09-12 14:07:56,756 [fe044cd5-df1e-4f7f-ac9c-c64980bfad69@group-6588FBA5105A-SegmentedRaftLogWorker] INFO  segmented.SegmentedRaftLogWorker (SegmentedRaftLogWorker.java:run(313)) - fe044cd5-df1e-4f7f-ac9c-c64980bfad69@group-6588FBA5105A-SegmentedRaftLogWorker was interrupted, exiting. There are 0 tasks remaining in the queue.
2019-09-12 14:07:56,756 [ForkJoinPool.commonPool-worker-1] INFO  segmented.SegmentedRaftLogWorker (SegmentedRaftLogWorker.java:close(228)) - fe044cd5-df1e-4f7f-ac9c-c64980bfad69@group-6588FBA5105A-SegmentedRaftLogWorker close()
2019-09-12 14:07:56,757 [ForkJoinPool.commonPool-worker-1] INFO  impl.RaftServerImpl (RaftServerImpl.java:lambda$shutdown$3(251)) - fe044cd5-df1e-4f7f-ac9c-c64980bfad69@group-684C73073592: shutdown
2019-09-12 14:07:56,757 [ForkJoinPool.commonPool-worker-1] INFO  util.JmxRegister (JmxRegister.java:unregister(73)) - Successfully un-registered JMX Bean with object name Ratis:service=RaftServer,group=group-684C73073592,id=fe044cd5-df1e-4f7f-ac9c-c64980bfad69
2019-09-12 14:07:56,757 [ForkJoinPool.commonPool-worker-1] INFO  impl.RoleInfo (RoleInfo.java:shutdownFollowerState(121)) - fe044cd5-df1e-4f7f-ac9c-c64980bfad69: shutdown FollowerState
2019-09-12 14:07:56,757 [ForkJoinPool.commonPool-worker-1] INFO  impl.StateMachineUpdater (StateMachineUpdater.java:stopAndJoin(125)) - fe044cd5-df1e-4f7f-ac9c-c64980bfad69@group-684C73073592-StateMachineUpdater: set stopIndex = 8
2019-09-12 14:07:56,758 [Thread-1559] INFO  impl.FollowerState (FollowerState.java:run(115)) - fe044cd5-df1e-4f7f-ac9c-c64980bfad69: FollowerState was interrupted: java.lang.InterruptedException: sleep interrupted
2019-09-12 14:07:56,758 [fe044cd5-df1e-4f7f-ac9c-c64980bfad69@group-684C73073592-StateMachineUpdater] INFO  ratis.ContainerStateMachine (ContainerStateMachine.java:takeSnapshot(289)) - group-684C73073592: Taking a snapshot at:(t:2, i:6) file /workdir/hadoop-ozone/integration-test/target/test-dir/MiniOzoneClusterImpl-757a471d-dced-4024-b429-b50254f0e88a/datanode-5/data/ratis/273ca420-c333-41ca-8da6-684c73073592/sm/snapshot.2_6
2019-09-12 14:07:56,771 [fe044cd5-df1e-4f7f-ac9c-c64980bfad69@group-684C73073592-StateMachineUpdater] INFO  ratis.ContainerStateMachine (ContainerStateMachine.java:takeSnapshot(300)) - group-684C73073592: Finished taking a snapshot at:(t:2, i:6) file:/workdir/hadoop-ozone/integration-test/target/test-dir/MiniOzoneClusterImpl-757a471d-dced-4024-b429-b50254f0e88a/datanode-5/data/ratis/273ca420-c333-41ca-8da6-684c73073592/sm/snapshot.2_6 time:14
2019-09-12 14:07:56,772 [fe044cd5-df1e-4f7f-ac9c-c64980bfad69@group-684C73073592-StateMachineUpdater] INFO  impl.StateMachineUpdater (StateMachineUpdater.java:takeSnapshot(258)) - fe044cd5-df1e-4f7f-ac9c-c64980bfad69@group-684C73073592-StateMachineUpdater: Took a snapshot at index 6
2019-09-12 14:07:56,772 [fe044cd5-df1e-4f7f-ac9c-c64980bfad69@group-684C73073592-StateMachineUpdater] INFO  impl.StateMachineUpdater (StateMachineUpdater.java:lambda$new$0(83)) - fe044cd5-df1e-4f7f-ac9c-c64980bfad69@group-684C73073592-StateMachineUpdater: snapshotIndex: updateIncreasingly -1 -> 6
2019-09-12 14:07:56,772 [fe044cd5-df1e-4f7f-ac9c-c64980bfad69@group-684C73073592-StateMachineUpdater] INFO  ratis.ContainerStateMachine (ContainerStateMachine.java:takeSnapshot(289)) - group-684C73073592: Taking a snapshot at:(t:2, i:6) file /workdir/hadoop-ozone/integration-test/target/test-dir/MiniOzoneClusterImpl-757a471d-dced-4024-b429-b50254f0e88a/datanode-5/data/ratis/273ca420-c333-41ca-8da6-684c73073592/sm/snapshot.2_6
2019-09-12 14:07:56,784 [fe044cd5-df1e-4f7f-ac9c-c64980bfad69@group-684C73073592-StateMachineUpdater] INFO  ratis.ContainerStateMachine (ContainerStateMachine.java:takeSnapshot(300)) - group-684C73073592: Finished taking a snapshot at:(t:2, i:6) file:/workdir/hadoop-ozone/integration-test/target/test-dir/MiniOzoneClusterImpl-757a471d-dced-4024-b429-b50254f0e88a/datanode-5/data/ratis/273ca420-c333-41ca-8da6-684c73073592/sm/snapshot.2_6 time:12
2019-09-12 14:07:56,784 [fe044cd5-df1e-4f7f-ac9c-c64980bfad69@group-684C73073592-StateMachineUpdater] INFO  impl.StateMachineUpdater (StateMachineUpdater.java:takeSnapshot(258)) - fe044cd5-df1e-4f7f-ac9c-c64980bfad69@group-684C73073592-StateMachineUpdater: Took a snapshot at index 6
2019-09-12 14:07:56,784 [fe044cd5-df1e-4f7f-ac9c-c64980bfad69@group-684C73073592-StateMachineUpdater] INFO  impl.StateMachineUpdater (StateMachineUpdater.java:lambda$new$0(83)) - fe044cd5-df1e-4f7f-ac9c-c64980bfad69@group-684C73073592-StateMachineUpdater: snapshotIndex: updateIncreasingly 6 -> 6
2019-09-12 14:07:56,784 [ForkJoinPool.commonPool-worker-1] INFO  impl.RaftServerImpl (ServerState.java:close(385)) - fe044cd5-df1e-4f7f-ac9c-c64980bfad69@group-684C73073592: closes. applyIndex: 8
2019-09-12 14:07:56,785 [fe044cd5-df1e-4f7f-ac9c-c64980bfad69@group-684C73073592-SegmentedRaftLogWorker] INFO  segmented.SegmentedRaftLogWorker (SegmentedRaftLogWorker.java:run(313)) - fe044cd5-df1e-4f7f-ac9c-c64980bfad69@group-684C73073592-SegmentedRaftLogWorker was interrupted, exiting. There are 0 tasks remaining in the queue.
2019-09-12 14:07:56,785 [ForkJoinPool.commonPool-worker-1] INFO  segmented.SegmentedRaftLogWorker (SegmentedRaftLogWorker.java:close(228)) - fe044cd5-df1e-4f7f-ac9c-c64980bfad69@group-684C73073592-SegmentedRaftLogWorker close()
2019-09-12 14:07:56,786 [ForkJoinPool.commonPool-worker-1] INFO  server.GrpcService (GrpcService.java:closeImpl(164)) - fe044cd5-df1e-4f7f-ac9c-c64980bfad69: shutdown server with port 42111 now
2019-09-12 14:07:56,791 [ForkJoinPool.commonPool-worker-1] INFO  server.GrpcService (GrpcService.java:closeImpl(172)) - fe044cd5-df1e-4f7f-ac9c-c64980bfad69: shutdown server with port 42111 successfully
2019-09-12 14:07:56,793 [refreshUsed-/workdir/hadoop-ozone/integration-test/target/test-dir/MiniOzoneClusterImpl-757a471d-dced-4024-b429-b50254f0e88a/datanode-5/data/containers] WARN  fs.CachingGetSpaceUsed (CachingGetSpaceUsed.java:run(183)) - Thread Interrupted waiting to refresh disk information: sleep interrupted
2019-09-12 14:07:56,793 [grpc-default-executor-3] WARN  client.GrpcClientProtocolService (LogUtils.java:warn(134)) - 37-OrderedRequestStreamObserver37: onError: org.apache.ratis.thirdparty.io.grpc.StatusRuntimeException: CANCELLED: cancelled before receiving half close
2019-09-12 14:07:56,816 [ForkJoinPool.commonPool-worker-1] INFO  utils.BackgroundService (BackgroundService.java:shutdown(148)) - Shutting down service BlockDeletingService
2019-09-12 14:07:56,820 [ForkJoinPool.commonPool-worker-1] INFO  statemachine.DatanodeStateMachine (DatanodeStateMachine.java:stopDaemon(395)) - Ozone container server stopped.
2019-09-12 14:07:56,840 [ForkJoinPool.commonPool-worker-1] INFO  handler.ContextHandler (ContextHandler.java:doStop(910)) - Stopped o.e.j.w.WebAppContext@46e190ed{/,null,UNAVAILABLE}{/hddsDatanode}
2019-09-12 14:07:56,842 [ForkJoinPool.commonPool-worker-1] INFO  server.AbstractConnector (AbstractConnector.java:doStop(318)) - Stopped ServerConnector@383c3eb3{HTTP/1.1,[http/1.1]}{0.0.0.0:0}
2019-09-12 14:07:56,845 [ForkJoinPool.commonPool-worker-1] INFO  handler.ContextHandler (ContextHandler.java:doStop(910)) - Stopped o.e.j.s.ServletContextHandler@f29353f{/static,jar:file:/home/user/.m2/repository/org/apache/hadoop/hadoop-hdds-container-service/0.5.0-SNAPSHOT/hadoop-hdds-container-service-0.5.0-SNAPSHOT.jar!/webapps/static,UNAVAILABLE}
2019-09-12 14:07:56,846 [ForkJoinPool.commonPool-worker-1] INFO  handler.ContextHandler (ContextHandler.java:doStop(910)) - Stopped o.e.j.s.ServletContextHandler@36aab105{/logs,file:///workdir/hadoop-ozone/integration-test/target/log,UNAVAILABLE}
2019-09-12 14:07:56,847 [main] INFO  ozone.MiniOzoneClusterImpl (MiniOzoneClusterImpl.java:stop(344)) - Stopping the StorageContainerManager
2019-09-12 14:07:56,848 [main] INFO  server.StorageContainerManager (StorageContainerManager.java:stop(801)) - Stopping Replication Manager Service.
2019-09-12 14:07:56,848 [main] INFO  container.ReplicationManager (ReplicationManager.java:stop(203)) - Stopping Replication Monitor Thread.
2019-09-12 14:07:56,848 [main] INFO  server.StorageContainerManager (StorageContainerManager.java:stop(808)) - Stopping Lease Manager of the command watchers
2019-09-12 14:07:56,848 [main] INFO  server.StorageContainerManager (StorageContainerManager.java:stop(815)) - Stopping datanode service RPC server
2019-09-12 14:07:56,848 [main] INFO  server.SCMDatanodeProtocolServer (SCMDatanodeProtocolServer.java:stop(367)) - Stopping the RPC server for DataNodes
2019-09-12 14:07:56,848 [main] INFO  ipc.Server (Server.java:stop(3082)) - Stopping server on 35439
2019-09-12 14:07:56,851 [IPC Server listener on 35439] INFO  ipc.Server (Server.java:run(1185)) - Stopping IPC Server listener on 35439
2019-09-12 14:07:56,852 [IPC Server Responder] INFO  ipc.Server (Server.java:run(1319)) - Stopping IPC Server Responder
2019-09-12 14:07:56,935 [SCM Heartbeat Processing Thread - 0] WARN  node.NodeStateManager (NodeStateManager.java:scheduleNextHealthCheck(646)) - Current Thread is interrupted, shutting down HB processing thread for Node Manager.
2019-09-12 14:07:56,935 [main] INFO  server.StorageContainerManager (StorageContainerManager.java:stop(823)) - Stopping block service RPC server
2019-09-12 14:07:56,936 [main] INFO  server.SCMBlockProtocolServer (SCMBlockProtocolServer.java:stop(155)) - Stopping the RPC server for Block Protocol
2019-09-12 14:07:56,936 [main] INFO  ipc.Server (Server.java:stop(3082)) - Stopping server on 45516
2019-09-12 14:07:56,938 [IPC Server listener on 45516] INFO  ipc.Server (Server.java:run(1185)) - Stopping IPC Server listener on 45516
2019-09-12 14:07:56,938 [main] INFO  server.StorageContainerManager (StorageContainerManager.java:stop(830)) - Stopping the StorageContainerLocationProtocol RPC server
2019-09-12 14:07:56,939 [IPC Server Responder] INFO  ipc.Server (Server.java:run(1319)) - Stopping IPC Server Responder
2019-09-12 14:07:56,939 [main] INFO  server.SCMClientProtocolServer (SCMClientProtocolServer.java:stop(159)) - Stopping the RPC server for Client Protocol
2019-09-12 14:07:56,940 [main] INFO  ipc.Server (Server.java:stop(3082)) - Stopping server on 44063
2019-09-12 14:07:56,942 [IPC Server listener on 44063] INFO  ipc.Server (Server.java:run(1185)) - Stopping IPC Server listener on 44063
2019-09-12 14:07:56,943 [main] INFO  server.StorageContainerManager (StorageContainerManager.java:stop(837)) - Stopping Storage Container Manager HTTP server.
2019-09-12 14:07:56,943 [IPC Server Responder] INFO  ipc.Server (Server.java:run(1319)) - Stopping IPC Server Responder
2019-09-12 14:07:56,945 [main] INFO  handler.ContextHandler (ContextHandler.java:doStop(910)) - Stopped o.e.j.w.WebAppContext@60c1663c{/,null,UNAVAILABLE}{/scm}
2019-09-12 14:07:56,946 [main] INFO  server.AbstractConnector (AbstractConnector.java:doStop(318)) - Stopped ServerConnector@f5cf29b{HTTP/1.1,[http/1.1]}{0.0.0.0:0}
2019-09-12 14:07:56,947 [main] INFO  handler.ContextHandler (ContextHandler.java:doStop(910)) - Stopped o.e.j.s.ServletContextHandler@7c2924d7{/static,file:///workdir/hadoop-ozone/integration-test/target/test-classes/webapps/static,UNAVAILABLE}
2019-09-12 14:07:56,947 [main] INFO  handler.ContextHandler (ContextHandler.java:doStop(910)) - Stopped o.e.j.s.ServletContextHandler@7eb200ce{/logs,file:///workdir/hadoop-ozone/integration-test/target/log,UNAVAILABLE}
2019-09-12 14:07:56,948 [main] INFO  server.StorageContainerManager (StorageContainerManager.java:stop(848)) - Stopping Block Manager Service.
2019-09-12 14:07:56,949 [main] INFO  utils.BackgroundService (BackgroundService.java:shutdown(148)) - Shutting down service SCMBlockDeletingService
2019-09-12 14:07:56,949 [main] INFO  utils.BackgroundService (BackgroundService.java:shutdown(148)) - Shutting down service SCMBlockDeletingService
2019-09-12 14:07:56,950 [main] INFO  server.StorageContainerManager (StorageContainerManager.java:stop(870)) - Stopping SCM Event Queue.
2019-09-12 14:07:56,954 [main] INFO  impl.MetricsSystemImpl (MetricsSystemImpl.java:stop(210)) - Stopping HddsDatanode metrics system...
2019-09-12 14:07:56,967 [main] INFO  impl.MetricsSystemImpl (MetricsSystemImpl.java:stop(216)) - HddsDatanode metrics system stopped.
]]></system-out>
    <system-err><![CDATA[Sep 12, 2019 2:07:41 PM org.apache.ratis.thirdparty.io.grpc.internal.SerializingExecutor run
SEVERE: Exception while executing runnable org.apache.ratis.thirdparty.io.grpc.internal.ServerImpl$JumpToApplicationThreadServerStreamListener$1Closed@6f709f21
org.apache.ratis.thirdparty.io.grpc.StatusRuntimeException: CANCELLED: call already cancelled
	at org.apache.ratis.thirdparty.io.grpc.Status.asRuntimeException(Status.java:517)
	at org.apache.ratis.thirdparty.io.grpc.stub.ServerCalls$ServerCallStreamObserverImpl.onCompleted(ServerCalls.java:356)
	at org.apache.ratis.grpc.server.GrpcServerProtocolService$ServerRequestStreamObserver.onError(GrpcServerProtocolService.java:121)
	at org.apache.ratis.thirdparty.io.grpc.stub.ServerCalls$StreamingServerCallHandler$StreamingServerCallListener.onCancel(ServerCalls.java:269)
	at org.apache.ratis.thirdparty.io.grpc.internal.ServerCallImpl$ServerStreamListenerImpl.closed(ServerCallImpl.java:293)
	at org.apache.ratis.thirdparty.io.grpc.internal.ServerImpl$JumpToApplicationThreadServerStreamListener$1Closed.runInContext(ServerImpl.java:741)
	at org.apache.ratis.thirdparty.io.grpc.internal.ContextRunnable.run(ContextRunnable.java:37)
	at org.apache.ratis.thirdparty.io.grpc.internal.SerializingExecutor.run(SerializingExecutor.java:123)
	at java.util.concurrent.ThreadPoolExecutor.runWorker(ThreadPoolExecutor.java:1149)
	at java.util.concurrent.ThreadPoolExecutor$Worker.run(ThreadPoolExecutor.java:624)
	at java.lang.Thread.run(Thread.java:748)

Sep 12, 2019 2:07:46 PM org.apache.ratis.thirdparty.io.grpc.internal.SerializingExecutor run
SEVERE: Exception while executing runnable org.apache.ratis.thirdparty.io.grpc.internal.ServerImpl$JumpToApplicationThreadServerStreamListener$1Closed@251e692c
org.apache.ratis.thirdparty.io.grpc.StatusRuntimeException: CANCELLED: call already cancelled
	at org.apache.ratis.thirdparty.io.grpc.Status.asRuntimeException(Status.java:517)
	at org.apache.ratis.thirdparty.io.grpc.stub.ServerCalls$ServerCallStreamObserverImpl.onCompleted(ServerCalls.java:356)
	at org.apache.ratis.grpc.server.GrpcServerProtocolService$ServerRequestStreamObserver.onError(GrpcServerProtocolService.java:121)
	at org.apache.ratis.thirdparty.io.grpc.stub.ServerCalls$StreamingServerCallHandler$StreamingServerCallListener.onCancel(ServerCalls.java:269)
	at org.apache.ratis.thirdparty.io.grpc.internal.ServerCallImpl$ServerStreamListenerImpl.closed(ServerCallImpl.java:293)
	at org.apache.ratis.thirdparty.io.grpc.internal.ServerImpl$JumpToApplicationThreadServerStreamListener$1Closed.runInContext(ServerImpl.java:741)
	at org.apache.ratis.thirdparty.io.grpc.internal.ContextRunnable.run(ContextRunnable.java:37)
	at org.apache.ratis.thirdparty.io.grpc.internal.SerializingExecutor.run(SerializingExecutor.java:123)
	at java.util.concurrent.ThreadPoolExecutor.runWorker(ThreadPoolExecutor.java:1149)
	at java.util.concurrent.ThreadPoolExecutor$Worker.run(ThreadPoolExecutor.java:624)
	at java.lang.Thread.run(Thread.java:748)

]]></system-err>
  </testcase>
</testsuite>